################################################################################################################################################
Detected SHAFT Engine Version: [SHAFT Engine v5.2.20210427]
################################################################################################################################################
[ReportManager] File Action [getAbsolutePath] successfully performed. With the following test data [Relative Folder Path: "target/downloadedFiles/"]. @04-05-2021 16:03:32.0298 PM
[ReportManager] Attempting to run remotely on: [Linux-64], [GoogleChrome], [http://localhost:4444/wd/hub], Headless Execution. @04-05-2021 16:03:32.0321 PM
[ReportManager] Successfully Opened [GoogleChrome]. @04-05-2021 16:03:33.0615 P

################################################################################################################################################
Starting Execution:	[1 out of 137] test cases in the current suite
Test Method:		[testPackage01.Test_assertEquals.test_assertElementAttribute]
################################################################################################################################################
[ReportManager] Target URL: [https://www.google.com/ncr], and after redirection: [https://www.google.com] @04-05-2021 16:03:33.0739 PM
[ReportManager] Initial URL: [data:,] @04-05-2021 16:03:33.0857 PM
[ReportManager] Browser Action [navigateToURL] successfully performed. With the following test data [https://www.google.com/ncr]. @04-05-2021 16:03:34.0976 PM
[ReportManager] Element Action [type] successfully performed. With the following test data [INC_004010050:Another SCHEDULER with the same name [Duplicate Job Name] already exists.]. @04-05-2021 16:03:36.0828 PM
[ReportManager] Element Action [getText] successfully performed. With the following test data [INC_004010050:Another SCHEDULER with the same name [Duplicate Job Name] already exists.]. @04-05-2021 16:03:37.0053 PM
[ReportManager] Loaded Shared OpenCV @04-05-2021 16:03:37.0722 PM
[ReportManager] AssertElementAttribute PASSED; Expected [Value Should be 'INC_004010050:Another SCHEDULER with the same name \[Duplicate Job Name\] already exists.' for the 'text' attribute, element locator 'By.name: q'] and Actual [INC_004010050:Another SCHEDULER with the same name [Duplicate Job Name] already exists.]. Comparison Type [MATCHES]. Validation Type [POSITIVE]. @04-05-2021 16:03:38.0067 PM
[ReportManager] Successfully created attachment [Screenshot - 1620144217276_test_assertElementAttribute_AssertElementAttribute_passed] @04-05-2021 16:03:38.0086 P
[ReportManager] Successfully created attachment [Selenium WebDriver Logs - server] @04-05-2021 16:03:38.0378 PM
[ReportManager] Successfully created attachment [Selenium WebDriver Logs - performance] @04-05-2021 16:03:38.0784 PM
[ReportManager] Successfully created attachment [Selenium WebDriver Logs - driver] @04-05-2021 16:03:39.0144 PM
[ReportManager] Browser Action [closeCurrentWindow] successfully performed. @04-05-2021 16:03:39.0225 PM
[ReportManager] Successfully created attachment [Browser Action Test Data - closeCurrentWindow - Actual Value] @04-05-2021 16:03:39.0229 P
[ReportManager] File Action [getAbsolutePath] successfully performed. With the following test data [Relative Folder Path: "target/downloadedFiles/"]. @04-05-2021 16:03:39.0233 PM
[ReportManager] Attempting to run remotely on: [Linux-64], [GoogleChrome], [http://localhost:4444/wd/hub], Headless Execution. @04-05-2021 16:03:39.0233 PM
[ReportManager] Successfully Opened [GoogleChrome]. @04-05-2021 16:03:39.0772 P

################################################################################################################################################
Starting Execution:	[2 out of 137] test cases in the current suite
Test Method:		[testPackage01.Test_dynamicLoading.dynamicLoading_elementIsHidden]
################################################################################################################################################
[ReportManager] Target URL: [https://the-internet.herokuapp.com/dynamic_loading/1] @04-05-2021 16:03:39.0820 PM
[ReportManager] Initial URL: [data:,] @04-05-2021 16:03:39.0904 PM
[ReportManager] Browser Action [navigateToURL] successfully performed. With the following test data [https://the-internet.herokuapp.com/dynamic_loading/1]. @04-05-2021 16:03:40.0485 PM
[ReportManager] Element Action [click] successfully performed. With the following test data [Start]. @04-05-2021 16:03:40.0992 PM
[ReportManager] Element Action [getText] successfully performed. With the following test data [
    Hello World!
  ]. @04-05-2021 16:03:41.0183 PM
[ReportManager] Loaded Shared OpenCV @04-05-2021 16:03:41.0390 PM
[ReportManager] AssertElementAttribute PASSED; Expected [Value Should be 'Hello World!' for the 'text' attribute, element locator 'By.id: finish'] and Actual [
    Hello World!
  ]. Comparison Type [CONTAINS]. Validation Type [POSITIVE]. @04-05-2021 16:03:41.0515 PM
[ReportManager] Successfully created attachment [Screenshot - 1620144221389_dynamicLoading_elementIsHidden_AssertElementAttribute_passed] @04-05-2021 16:03:41.0519 P
[ReportManager] Successfully created attachment [Selenium WebDriver Logs - server] @04-05-2021 16:03:41.0616 PM
[ReportManager] Successfully created attachment [Selenium WebDriver Logs - performance] @04-05-2021 16:03:41.0654 PM
[ReportManager] Successfully created attachment [Selenium WebDriver Logs - browser] @04-05-2021 16:03:41.0668 PM
[ReportManager] Successfully created attachment [Selenium WebDriver Logs - driver] @04-05-2021 16:03:41.0775 PM
[ReportManager] Browser Action [closeCurrentWindow] successfully performed. @04-05-2021 16:03:41.0835 PM
[ReportManager] Successfully created attachment [Browser Action Test Data - closeCurrentWindow - Actual Value] @04-05-2021 16:03:41.0838 P
[ReportManager] File Action [getAbsolutePath] successfully performed. With the following test data [Relative Folder Path: "target/downloadedFiles/"]. @04-05-2021 16:03:41.0840 PM
[ReportManager] Attempting to run remotely on: [Linux-64], [GoogleChrome], [http://localhost:4444/wd/hub], Headless Execution. @04-05-2021 16:03:41.0841 PM
[ReportManager] Successfully Opened [GoogleChrome]. @04-05-2021 16:03:42.0406 P

################################################################################################################################################
Starting Execution:	[3 out of 137] test cases in the current suite
Test Method:		[testPackage01.Test_dynamicLoading.dynamicLoading_elementIsRendered]
################################################################################################################################################
[ReportManager] Target URL: [https://the-internet.herokuapp.com/dynamic_loading/2] @04-05-2021 16:03:42.0431 PM
[ReportManager] Initial URL: [data:,] @04-05-2021 16:03:42.0494 PM
[ReportManager] Browser Action [navigateToURL] successfully performed. With the following test data [https://the-internet.herokuapp.com/dynamic_loading/2]. @04-05-2021 16:03:43.0832 PM
[ReportManager] Element Action [click] successfully performed. With the following test data [Start]. @04-05-2021 16:03:44.0239 PM
[ReportManager] Element Action [getText] successfully performed. With the following test data [Hello World!]. @04-05-2021 16:03:49.0436 PM
[ReportManager] Loaded Shared OpenCV @04-05-2021 16:03:49.0594 PM
[ReportManager] AssertElementAttribute PASSED; Expected [Value Should be 'Hello World!' for the 'text' attribute, element locator 'By.id: finish'] and Actual [Hello World!]. Comparison Type [CONTAINS]. Validation Type [POSITIVE]. @04-05-2021 16:03:49.0655 PM
[ReportManager] Successfully created attachment [Screenshot - 1620144229594_dynamicLoading_elementIsRendered_AssertElementAttribute_passed] @04-05-2021 16:03:49.0656 P
[ReportManager] Successfully created attachment [Selenium WebDriver Logs - server] @04-05-2021 16:03:49.0727 PM
[ReportManager] Successfully created attachment [Selenium WebDriver Logs - performance] @04-05-2021 16:03:49.0752 PM
[ReportManager] Successfully created attachment [Selenium WebDriver Logs - browser] @04-05-2021 16:03:49.0764 PM
[ReportManager] Successfully created attachment [Selenium WebDriver Logs - driver] @04-05-2021 16:03:49.0891 PM
[ReportManager] Browser Action [closeCurrentWindow] successfully performed. @04-05-2021 16:03:49.0955 PM
[ReportManager] Successfully created attachment [Browser Action Test Data - closeCurrentWindow - Actual Value] @04-05-2021 16:03:49.0956 P

################################################################################################################################################
Starting Execution:	[4 out of 137] test cases in the current suite
Test Method:		[testPackage01.Test_SelectedValue.multipleSelect]
################################################################################################################################################
[ReportManager] File Action [getAbsolutePath] successfully performed. With the following test data [Relative Folder Path: "target/downloadedFiles/"]. @04-05-2021 16:03:49.0966 PM
[ReportManager] Attempting to run remotely on: [Linux-64], [GoogleChrome], [http://localhost:4444/wd/hub], Headless Execution. @04-05-2021 16:03:49.0967 PM
[ReportManager] Successfully Opened [GoogleChrome]. @04-05-2021 16:03:50.0556 PM
[ReportManager] Target URL: [https://mdn.mozillademos.org/en-US/docs/Web/HTML/Element/select$samples/Advanced_select_with_multiple_features?revision=1612304] @04-05-2021 16:03:50.0584 PM
[ReportManager] Initial URL: [data:,] @04-05-2021 16:03:50.0650 PM
[ReportManager] Browser Action [navigateToURL] successfully performed. With the following test data [https://mdn.mozillademos.org/en-US/docs/Web/HTML/Element/select$samples/Advanced_select_with_multiple_features?revision=1612304]. @04-05-2021 16:03:50.0993 PM
[ReportManager] Element Action [select] successfully performed. With the following test data [Dog]. @04-05-2021 16:03:51.0264 PM
[ReportManager] Element Action [select] successfully performed. With the following test data [Cat]. @04-05-2021 16:03:51.0564 PM
[ReportManager] Element Action [getSelectedText] successfully performed. With the following test data [DogCat]. @04-05-2021 16:03:51.0745 PM
[ReportManager] DogCat @04-05-2021 16:03:51.0745 PM
[ReportManager] Element Action [getSelectedText] successfully performed. With the following test data [DogCat]. @04-05-2021 16:03:51.0917 PM
[ReportManager] Loaded Shared OpenCV @04-05-2021 16:03:52.0034 PM
[ReportManager] AssertElementAttribute PASSED; Expected [Value Should be 'DogCat' for the 'selectedText' attribute, element locator 'By.tagName: select'] and Actual [DogCat]. Comparison Type [EQUALS]. Validation Type [POSITIVE]. @04-05-2021 16:03:52.0096 PM
[ReportManager] Successfully created attachment [Screenshot - 1620144232034_multipleSelect_AssertElementAttribute_passed] @04-05-2021 16:03:52.0097 PM
[ReportManager] Successfully created attachment [Selenium WebDriver Logs - server] @04-05-2021 16:03:52.0145 PM
[ReportManager] Successfully created attachment [Selenium WebDriver Logs - performance] @04-05-2021 16:03:52.0169 PM
[ReportManager] Successfully created attachment [Selenium WebDriver Logs - driver] @04-05-2021 16:03:52.0279 PM
[ReportManager] Browser Action [closeCurrentWindow] successfully performed. @04-05-2021 16:03:52.0339 PM
[ReportManager] Successfully created attachment [Browser Action Test Data - closeCurrentWindow - Actual Value] @04-05-2021 16:03:52.0340 P

################################################################################################################################################
Starting Execution:	[5 out of 137] test cases in the current suite
Test Method:		[testPackage01.Test_SelectedValue.simpleSelect]
################################################################################################################################################
[ReportManager] File Action [getAbsolutePath] successfully performed. With the following test data [Relative Folder Path: "target/downloadedFiles/"]. @04-05-2021 16:03:52.0348 PM
[ReportManager] Attempting to run remotely on: [Linux-64], [GoogleChrome], [http://localhost:4444/wd/hub], Headless Execution. @04-05-2021 16:03:52.0349 PM
[ReportManager] Successfully Opened [GoogleChrome]. @04-05-2021 16:03:52.0566 PM
[ReportManager] Target URL: [https://mdn.mozillademos.org/en-US/docs/Web/HTML/Element/select$samples/Basic_select?revision=1612304] @04-05-2021 16:03:52.0585 PM
[ReportManager] Initial URL: [data:,] @04-05-2021 16:03:52.0642 PM
[ReportManager] Browser Action [navigateToURL] successfully performed. With the following test data [https://mdn.mozillademos.org/en-US/docs/Web/HTML/Element/select$samples/Basic_select?revision=1612304]. @04-05-2021 16:03:52.0870 PM
[ReportManager] Element Action [select] successfully performed. With the following test data [Third Value]. @04-05-2021 16:03:53.0176 PM
[ReportManager] Element Action [getSelectedText] successfully performed. With the following test data [Third Value]. @04-05-2021 16:03:53.0313 PM
[ReportManager] Third Value @04-05-2021 16:03:53.0313 PM
[ReportManager] Element Action [getSelectedText] successfully performed. With the following test data [Third Value]. @04-05-2021 16:03:53.0422 PM
[ReportManager] Loaded Shared OpenCV @04-05-2021 16:03:53.0550 PM
[ReportManager] AssertElementAttribute PASSED; Expected [Value Should be 'Third Value' for the 'selectedText' attribute, element locator 'By.tagName: select'] and Actual [Third Value]. Comparison Type [EQUALS]. Validation Type [POSITIVE]. @04-05-2021 16:03:53.0603 PM
[ReportManager] Successfully created attachment [Screenshot - 1620144233550_simpleSelect_AssertElementAttribute_passed] @04-05-2021 16:03:53.0604 PM
[ReportManager] Successfully created attachment [Selenium WebDriver Logs - server] @04-05-2021 16:03:53.0650 PM
[ReportManager] Successfully created attachment [Selenium WebDriver Logs - performance] @04-05-2021 16:03:53.0659 PM
[ReportManager] Successfully created attachment [Selenium WebDriver Logs - driver] @04-05-2021 16:03:53.0730 PM
[ReportManager] Browser Action [closeCurrentWindow] successfully performed. @04-05-2021 16:03:53.0745 PM
[ReportManager] Successfully created attachment [Browser Action Test Data - closeCurrentWindow - Actual Value] @04-05-2021 16:03:53.0746 P
[ReportManager] File Action [getAbsolutePath] successfully performed. With the following test data [Relative Folder Path: "target/downloadedFiles/"]. @04-05-2021 16:03:53.0752 PM
[ReportManager] Attempting to run remotely on: [Linux-64], [GoogleChrome], [http://localhost:4444/wd/hub], Headless Execution. @04-05-2021 16:03:53.0752 PM
[ReportManager] Successfully Opened [GoogleChrome]. @04-05-2021 16:03:53.0969 P

################################################################################################################################################
Starting Execution:	[6 out of 137] test cases in the current suite
Test Method:		[testPackage01.Test_IsElementClickable.testIsElementClickable]
################################################################################################################################################
[ReportManager] Target URL: [https://the-internet.herokuapp.com/] @04-05-2021 16:03:54.0004 PM
[ReportManager] Initial URL: [data:,] @04-05-2021 16:03:54.0052 PM
[ReportManager] Browser Action [navigateToURL] successfully performed. With the following test data [https://the-internet.herokuapp.com/]. @04-05-2021 16:03:54.0500 PM
[ReportManager] Element Action [isElementClickable] successfully performed. @04-05-2021 16:03:54.0685 PM
[ReportManager] AssertTrue PASSED; Expected [TRUE] and Actual [TRUE]. Validation Type [POSITIVE]. @04-05-2021 16:03:54.0686 P
[ReportManager] Successfully created attachment [Selenium WebDriver Logs - server] @04-05-2021 16:03:54.0765 PM
[ReportManager] Successfully created attachment [Selenium WebDriver Logs - performance] @04-05-2021 16:03:54.0791 PM
[ReportManager] Successfully created attachment [Selenium WebDriver Logs - browser] @04-05-2021 16:03:54.0799 PM
[ReportManager] Successfully created attachment [Selenium WebDriver Logs - driver] @04-05-2021 16:03:54.0867 PM
[ReportManager] Browser Action [closeCurrentWindow] successfully performed. @04-05-2021 16:03:54.0926 PM
[ReportManager] Successfully created attachment [Browser Action Test Data - closeCurrentWindow - Actual Value] @04-05-2021 16:03:54.0926 P
[ReportManager] File Action [getAbsolutePath] successfully performed. With the following test data [Relative Folder Path: "target/downloadedFiles/"]. @04-05-2021 16:03:54.0929 PM
[ReportManager] Attempting to run remotely on: [Linux-64], [GoogleChrome], [http://localhost:4444/wd/hub], Headless Execution. @04-05-2021 16:03:54.0929 PM
[ReportManager] Successfully Opened [GoogleChrome]. @04-05-2021 16:03:55.0165 P

################################################################################################################################################
Starting Execution:	[7 out of 137] test cases in the current suite
Test Method:		[testPackage01.Test_dragAndDrop.dragAndDrop]
Test Description:	[TC001 - Test Drag and Drop function.]
################################################################################################################################################
[ReportManager] Target URL: [http://the-internet.herokuapp.com/drag_and_drop] @04-05-2021 16:03:55.0200 PM
[ReportManager] Initial URL: [data:,] @04-05-2021 16:03:55.0256 PM
[ReportManager] Browser Action [navigateToURL] successfully performed. With the following test data [http://the-internet.herokuapp.com/drag_and_drop]. @04-05-2021 16:03:55.0588 PM
[ReportManager] Attempting Drag and Drop @04-05-2021 16:03:55.0588 PM
[ReportManager] Element Action [dragAndDrop] successfully performed. With the following test data [Start point: (32, 89), End point: (247, 89)]. @04-05-2021 16:03:56.0820 P
[ReportManager] Successfully created attachment [Selenium WebDriver Logs - server] @04-05-2021 16:03:56.0878 PM
[ReportManager] Successfully created attachment [Selenium WebDriver Logs - performance] @04-05-2021 16:03:56.0895 PM
[ReportManager] Successfully created attachment [Selenium WebDriver Logs - browser] @04-05-2021 16:03:56.0912 PM
[ReportManager] Successfully created attachment [Selenium WebDriver Logs - driver] @04-05-2021 16:03:56.0975 PM
[ReportManager] Browser Action [closeCurrentWindow] successfully performed. @04-05-2021 16:03:57.0035 PM
[ReportManager] Successfully created attachment [Browser Action Test Data - closeCurrentWindow - Actual Value] @04-05-2021 16:03:57.0035 P
[ReportManager] File Action [getAbsolutePath] successfully performed. With the following test data [Relative Folder Path: "target/downloadedFiles/"]. @04-05-2021 16:03:57.0037 PM
[ReportManager] Attempting to run remotely on: [Linux-64], [GoogleChrome], [http://localhost:4444/wd/hub], Headless Execution. @04-05-2021 16:03:57.0038 PM
[ReportManager] Successfully Opened [GoogleChrome]. @04-05-2021 16:03:57.0307 P

################################################################################################################################################
Starting Execution:	[8 out of 137] test cases in the current suite
Test Method:		[testPackage01.Test_dragAndDrop.dragAndDropByOffset]
Test Description:	[TC002 - Test Drag and Drop by offset function.]
################################################################################################################################################
[ReportManager] Target URL: [https://jqueryui.com/resources/demos/draggable/default.html] @04-05-2021 16:03:57.0330 PM
[ReportManager] Initial URL: [data:,] @04-05-2021 16:03:57.0394 PM
[ReportManager] Browser Action [navigateToURL] successfully performed. With the following test data [https://jqueryui.com/resources/demos/draggable/default.html]. @04-05-2021 16:03:57.0871 PM
[ReportManager] Element Action [dragAndDropByOffset] successfully performed. With the following test data [Start point: (8, 8), End point: (1008, 108)]. @04-05-2021 16:03:58.0041 P
[ReportManager] Successfully created attachment [Selenium WebDriver Logs - server] @04-05-2021 16:03:58.0091 PM
[ReportManager] Successfully created attachment [Selenium WebDriver Logs - performance] @04-05-2021 16:03:58.0104 PM
[ReportManager] Successfully created attachment [Selenium WebDriver Logs - driver] @04-05-2021 16:03:58.0160 PM
[ReportManager] Browser Action [closeCurrentWindow] successfully performed. @04-05-2021 16:03:58.0220 PM
[ReportManager] Successfully created attachment [Browser Action Test Data - closeCurrentWindow - Actual Value] @04-05-2021 16:03:58.0221 P
[ReportManager] File Action [getAbsolutePath] successfully performed. With the following test data [Relative Folder Path: "target/downloadedFiles/"]. @04-05-2021 16:03:58.0226 PM
[ReportManager] Attempting to run remotely on: [Linux-64], [GoogleChrome], [http://localhost:4444/wd/hub], Headless Execution. @04-05-2021 16:03:58.0226 PM
[ReportManager] Successfully Opened [GoogleChrome]. @04-05-2021 16:03:58.0463 P

################################################################################################################################################
Starting Execution:	[9 out of 137] test cases in the current suite
Test Method:		[testPackage01.Test_dragAndDrop.dragAndDropJquery]
################################################################################################################################################
[ReportManager] Target URL: [https://jqueryui.com/resources/demos/droppable/default.html] @04-05-2021 16:03:58.0490 PM
[ReportManager] Initial URL: [data:,] @04-05-2021 16:03:58.0537 PM
[ReportManager] Browser Action [navigateToURL] successfully performed. With the following test data [https://jqueryui.com/resources/demos/droppable/default.html]. @04-05-2021 16:03:58.0890 PM
[ReportManager] Element Action [getText] successfully performed. With the following test data [Drop here]. @04-05-2021 16:03:58.0988 PM
[ReportManager] Element Action [dragAndDrop] successfully performed. With the following test data [Start point: (8, 18), End point: (8, 18)]. @04-05-2021 16:04:00.0323 PM
[ReportManager] Element Action [getText] successfully performed. With the following test data [Dropped!]. @04-05-2021 16:04:00.0408 PM
[ReportManager] Checking to see if the text has changed after performing drag and drop... @04-05-2021 16:04:00.0408 PM
[ReportManager] AssertEquals PASSED; Expected [Drop here] and Actual [Dropped!]. Comparison Type [EQUALS]. Validation Type [NEGATIVE]. @04-05-2021 16:04:00.0408 P
[ReportManager] Successfully created attachment [Selenium WebDriver Logs - server] @04-05-2021 16:04:00.0484 PM
[ReportManager] Successfully created attachment [Selenium WebDriver Logs - performance] @04-05-2021 16:04:00.0505 PM
[ReportManager] Successfully created attachment [Selenium WebDriver Logs - driver] @04-05-2021 16:04:00.0577 PM
[ReportManager] Browser Action [closeCurrentWindow] successfully performed. @04-05-2021 16:04:00.0635 PM
[ReportManager] Successfully created attachment [Browser Action Test Data - closeCurrentWindow - Actual Value] @04-05-2021 16:04:00.0636 P

################################################################################################################################################
Starting Execution:	[10 out of 137] test cases in the current suite
Test Method:		[testPackage01.Test_SkipDueToIssue.doNotSkip]
################################################################################################################################################
[ReportManager] This should not be skipped. @04-05-2021 16:04:00.0639 P

################################################################################################################################################
Starting Execution:	[11 out of 137] test cases in the current suite
Test Method:		[testPackage01.Test_SkipDueToIssue.skip]
################################################################################################################################################
[ReportManager] This should be skipped. @04-05-2021 16:04:00.0654 P

################################################################################################################################################
Starting Execution:	[12 out of 137] test cases in the current suite
Test Method:		[testPackage01.Test_SkipDueToIssue.skip2]
################################################################################################################################################
[ReportManager] This should be skipped. @04-05-2021 16:04:00.0661 P

################################################################################################################################################
Starting Execution:	[13 out of 137] test cases in the current suite
Test Method:		[testPackage01.Test_chainableElementActions.chainElementActions]
################################################################################################################################################
[ReportManager] File Action [getAbsolutePath] successfully performed. With the following test data [Relative Folder Path: "target/downloadedFiles/"]. @04-05-2021 16:04:00.0668 PM
[ReportManager] Attempting to run remotely on: [Linux-64], [GoogleChrome], [http://localhost:4444/wd/hub], Headless Execution. @04-05-2021 16:04:00.0668 PM
[ReportManager] Successfully Opened [GoogleChrome]. @04-05-2021 16:04:00.0874 PM
[ReportManager] Target URL: [https://www.google.com/ncr], and after redirection: [https://www.google.com] @04-05-2021 16:04:00.0887 PM
[ReportManager] Initial URL: [data:,] @04-05-2021 16:04:00.0929 PM
[ReportManager] Browser Action [navigateToURL] successfully performed. With the following test data [https://www.google.com/ncr]. @04-05-2021 16:04:01.0741 PM
[ReportManager] Element Action [type] successfully performed. With the following test data [chained type 1]. @04-05-2021 16:04:02.0327 PM
[ReportManager] Element Action [type] successfully performed. With the following test data [chained type 2]. @04-05-2021 16:04:02.0850 PM
[ReportManager] Element Action [typeAppend] successfully performed. With the following test data [345]. @04-05-2021 16:04:03.0001 PM
[ReportManager] Element Action [getText] successfully performed. With the following test data [chained type 2345]. @04-05-2021 16:04:03.0129 PM
[ReportManager] Loaded Shared OpenCV @04-05-2021 16:04:03.0308 PM
[ReportManager] AssertElementAttribute PASSED; Expected [Value Should be 'chained type 2345' for the 'text' attribute, element locator 'By.name: q'] and Actual [chained type 2345]. Comparison Type [EQUALS]. Validation Type [POSITIVE]. @04-05-2021 16:04:03.0377 PM
[ReportManager] Successfully created attachment [Screenshot - 1620144243308_chainElementActions_AssertElementAttribute_passed] @04-05-2021 16:04:03.0378 PM
[ReportManager] Successfully created attachment [Selenium WebDriver Logs - server] @04-05-2021 16:04:03.0470 PM
[ReportManager] Successfully created attachment [Selenium WebDriver Logs - performance] @04-05-2021 16:04:03.0607 PM
[ReportManager] Successfully created attachment [Selenium WebDriver Logs - driver] @04-05-2021 16:04:03.0817 PM
[ReportManager] Browser Action [closeCurrentWindow] successfully performed. @04-05-2021 16:04:03.0877 PM
[ReportManager] Successfully created attachment [Browser Action Test Data - closeCurrentWindow - Actual Value] @04-05-2021 16:04:03.0880 P
[ReportManager] File Action [getAbsolutePath] successfully performed. With the following test data [Relative Folder Path: "target/downloadedFiles/"]. @04-05-2021 16:04:03.0899 PM
[ReportManager] Attempting to run remotely on: [Linux-64], [GoogleChrome], [http://localhost:4444/wd/hub], Headless Execution. @04-05-2021 16:04:03.0900 PM
[ReportManager] Successfully Opened [GoogleChrome]. @04-05-2021 16:04:04.0111 P

################################################################################################################################################
Starting Execution:	[14 out of 137] test cases in the current suite
Test Method:		[testPackage01.Test_clipboardActions.typeTextAndCopyPaste]
################################################################################################################################################
[ReportManager] Target URL: [https://www.google.com/ncr], and after redirection: [https://www.google.com] @04-05-2021 16:04:04.0129 PM
[ReportManager] Initial URL: [data:,] @04-05-2021 16:04:04.0177 PM
[ReportManager] Browser Action [navigateToURL] successfully performed. With the following test data [https://www.google.com/ncr]. @04-05-2021 16:04:04.0923 PM
[ReportManager] Element Action [type] successfully performed. With the following test data [FIRST]. @04-05-2021 16:04:05.0354 PM
[ReportManager] Element Action [clipboardActions] successfully performed. With the following test data [select all]. @04-05-2021 16:04:05.0434 PM
[ReportManager] Element Action [clipboardActions] successfully performed. With the following test data [copy]. @04-05-2021 16:04:05.0500 PM
[ReportManager] Element Action [clipboardActions] successfully performed. With the following test data [unselect]. @04-05-2021 16:04:05.0583 PM
[ReportManager] Element Action [clipboardActions] successfully performed. With the following test data [paste]. @04-05-2021 16:04:05.0662 PM
[ReportManager] Element Action [clipboardActions] successfully performed. With the following test data [select all]. @04-05-2021 16:04:05.0731 PM
[ReportManager] Element Action [clipboardActions] successfully performed. With the following test data [cut]. @04-05-2021 16:04:05.0832 PM
[ReportManager] Element Action [clipboardActions] successfully performed. With the following test data [paste]. @04-05-2021 16:04:05.0929 PM
[ReportManager] Element Action [clipboardActions] successfully performed. With the following test data [paste]. @04-05-2021 16:04:06.0025 P
[ReportManager] Successfully created attachment [Selenium WebDriver Logs - server] @04-05-2021 16:04:06.0123 PM
[ReportManager] Successfully created attachment [Selenium WebDriver Logs - performance] @04-05-2021 16:04:06.0207 PM
[ReportManager] Successfully created attachment [Selenium WebDriver Logs - driver] @04-05-2021 16:04:06.0383 PM
[ReportManager] Browser Action [closeCurrentWindow] successfully performed. @04-05-2021 16:04:06.0445 PM
[ReportManager] Successfully created attachment [Browser Action Test Data - closeCurrentWindow - Actual Value] @04-05-2021 16:04:06.0446 P
[ReportManager] File Action [getAbsolutePath] successfully performed. With the following test data [Relative Folder Path: "target/downloadedFiles/"]. @04-05-2021 16:04:06.0447 PM
[ReportManager] Attempting to run remotely on: [Linux-64], [GoogleChrome], [http://localhost:4444/wd/hub], Headless Execution. @04-05-2021 16:04:06.0448 PM
[ReportManager] Successfully Opened [GoogleChrome]. @04-05-2021 16:04:06.0729 P

################################################################################################################################################
Starting Execution:	[15 out of 137] test cases in the current suite
Test Method:		[testPackage01.Test_verifyEquals.test_assertElementAttribute]
################################################################################################################################################
[ReportManager] Target URL: [https://www.google.com/ncr], and after redirection: [https://www.google.com] @04-05-2021 16:04:06.0742 PM
[ReportManager] Initial URL: [data:,] @04-05-2021 16:04:06.0789 PM
[ReportManager] Browser Action [navigateToURL] successfully performed. With the following test data [https://www.google.com/ncr]. @04-05-2021 16:04:07.0562 PM
[ReportManager] Element Action [type] successfully performed. With the following test data [INC_004010050:Another SCHEDULER with the same name [Duplicate Job Name] already exists.]. @04-05-2021 16:04:09.0248 PM
[ReportManager] Element Action [getText] successfully performed. With the following test data [INC_004010050:Another SCHEDULER with the same name [Duplicate Job Name] already exists.]. @04-05-2021 16:04:09.0361 PM
[ReportManager] Loaded Shared OpenCV @04-05-2021 16:04:09.0523 PM
[ReportManager] VerifyElementAttribute PASSED; Expected [Value Should be 'INC_004010050:Another SCHEDULER with the same name \[Duplicate Job Name\] already exists.' for the 'text' attribute, element locator 'By.name: q'] and Actual [INC_004010050:Another SCHEDULER with the same name [Duplicate Job Name] already exists.]. Comparison Type [MATCHES]. Validation Type [POSITIVE]. @04-05-2021 16:04:09.0594 PM
[ReportManager] Successfully created attachment [Screenshot - 1620144249523_test_assertElementAttribute_VerifyElementAttribute_passed] @04-05-2021 16:04:09.0595 P
[ReportManager] Successfully created attachment [Selenium WebDriver Logs - server] @04-05-2021 16:04:09.0688 PM
[ReportManager] Successfully created attachment [Selenium WebDriver Logs - performance] @04-05-2021 16:04:09.0987 PM
[ReportManager] Successfully created attachment [Selenium WebDriver Logs - driver] @04-05-2021 16:04:10.0249 PM
[ReportManager] Browser Action [closeCurrentWindow] successfully performed. @04-05-2021 16:04:10.0310 PM
[ReportManager] Successfully created attachment [Browser Action Test Data - closeCurrentWindow - Actual Value] @04-05-2021 16:04:10.0311 P

################################################################################################################################################
Starting Execution:	[16 out of 137] test cases in the current suite
Test Method:		[testPackage01.Test_JSONFileManager.readStringFromJson]
################################################################################################################################################
[ReportManager] Successfully loaded the following test data file [src/test/resources/TestDataFiles/simpleJSON.json]. @04-05-2021 16:04:10.0325 PM
[ReportManager] Successfully created attachment [Test Data - JSON] @04-05-2021 16:04:10.0529 PM
[ReportManager] AssertEquals PASSED; Expected [Mohab Mohie] and Actual [Mohab Mohie]. Comparison Type [EQUALS]. Validation Type [POSITIVE]. @04-05-2021 16:04:12.0161 P
[ReportManager] File Action [getAbsolutePath] successfully performed. With the following test data [Relative Folder Path: "target/downloadedFiles/"]. @04-05-2021 16:04:12.0186 PM
[ReportManager] Attempting to run remotely on: [Linux-64], [GoogleChrome], [http://localhost:4444/wd/hub], Headless Execution. @04-05-2021 16:04:12.0186 PM
[ReportManager] Successfully Opened [GoogleChrome]. @04-05-2021 16:04:12.0575 P

################################################################################################################################################
Starting Execution:	[17 out of 137] test cases in the current suite
Test Method:		[testPackage01.Test_uploadFile.uploadFile_invisibleUploadInput]
################################################################################################################################################
[ReportManager] Target URL: [https://fineuploader.com/demos.html#gallery-view] @04-05-2021 16:04:12.0591 PM
[ReportManager] Initial URL: [data:,] @04-05-2021 16:04:12.0671 PM
[ReportManager] Browser Action [navigateToURL] successfully performed. With the following test data [https://fineuploader.com/demos.html#gallery-view]. @04-05-2021 16:04:16.0086 PM
[ReportManager] File Action [getAbsolutePath] successfully performed. With the following test data [Relative File Path: "src/main/resources/images/shaft.png"]. @04-05-2021 16:04:16.0087 PM
[ReportManager] Successfully created attachment [File Action Actual Result - Command Log] @04-05-2021 16:04:16.0087 PM
[ReportManager] Element Action [typeFileLocationForUpload] successfully performed. With the following test data [/home/runner/work/SHAFT_ENGINE/SHAFT_ENGINE/src/main/resources/images/shaft.png]. @04-05-2021 16:04:16.0279 PM
[ReportManager] Attempting to getAttribute [src] from elementLocator [By.xpath: //div[@id='fine-uploader-gallery']//div[@class='qq-thumbnail-wrapper']/img]. @04-05-2021 16:04:16.0280 PM
[ReportManager] Element Action [getAttribute] successfully performed. @04-05-2021 16:04:16.0403 PM
[ReportManager] Successfully created attachment [Element Action Test Data - getAttribute - Actual Value] @04-05-2021 16:04:16.0404 PM
[ReportManager] Loaded Shared OpenCV @04-05-2021 16:04:16.0601 PM
[ReportManager] AssertElementAttribute PASSED; Expected and Actual values are attached. Comparison Type [CONTAINS]. Validation Type [POSITIVE]. @04-05-2021 16:04:16.0678 PM
[ReportManager] Successfully created attachment [Validation Test Data - Expected Value] @04-05-2021 16:04:16.0680 PM
[ReportManager] Successfully created attachment [Validation Test Data - Actual Value] @04-05-2021 16:04:16.0680 PM
[ReportManager] Successfully created attachment [Screenshot - 1620144256601_uploadFile_invisibleUploadInput_AssertElementAttribute_passed] @04-05-2021 16:04:16.0681 P
[ReportManager] Successfully created attachment [Selenium WebDriver Logs - server] @04-05-2021 16:04:16.0774 PM
[ReportManager] Successfully created attachment [Selenium WebDriver Logs - performance] @04-05-2021 16:04:16.0856 PM
[ReportManager] Successfully created attachment [Selenium WebDriver Logs - browser] @04-05-2021 16:04:16.0865 PM
[ReportManager] Successfully created attachment [Selenium WebDriver Logs - driver] @04-05-2021 16:04:17.0016 PM
[ReportManager] Browser Action [closeCurrentWindow] successfully performed. @04-05-2021 16:04:17.0077 PM
[ReportManager] Successfully created attachment [Browser Action Test Data - closeCurrentWindow - Actual Value] @04-05-2021 16:04:17.0078 P
[ReportManager] File Action [getAbsolutePath] successfully performed. With the following test data [Relative Folder Path: "target/downloadedFiles/"]. @04-05-2021 16:04:17.0080 PM
[ReportManager] Attempting to run remotely on: [Linux-64], [GoogleChrome], [http://localhost:4444/wd/hub], Headless Execution. @04-05-2021 16:04:17.0080 PM
[ReportManager] Successfully Opened [GoogleChrome]. @04-05-2021 16:04:17.0325 P

################################################################################################################################################
Starting Execution:	[18 out of 137] test cases in the current suite
Test Method:		[testPackage01.Test_uploadFile.uploadFile_visibleUploadInput]
################################################################################################################################################
[ReportManager] Target URL: [http://demo.guru99.com/test/upload/] @04-05-2021 16:04:17.0352 PM
[ReportManager] Initial URL: [data:,] @04-05-2021 16:04:17.0402 PM
[ReportManager] Browser Action [navigateToURL] successfully performed. With the following test data [http://demo.guru99.com/test/upload/]. @04-05-2021 16:04:18.0231 PM
[ReportManager] File Action [getAbsolutePath] successfully performed. With the following test data [Relative File Path: "src/main/resources/images/shaft.png"]. @04-05-2021 16:04:18.0232 PM
[ReportManager] Successfully created attachment [File Action Actual Result - Command Log] @04-05-2021 16:04:18.0232 PM
[ReportManager] Element Action [typeFileLocationForUpload] successfully performed. With the following test data [/home/runner/work/SHAFT_ENGINE/SHAFT_ENGINE/src/main/resources/images/shaft.png]. @04-05-2021 16:04:18.0393 PM
[ReportManager] Element Action [click] successfully performed. With the following test data [on]. @04-05-2021 16:04:18.0748 PM
[ReportManager] Element Action [click] successfully performed. With the following test data [Submit File]. @04-05-2021 16:04:19.0056 PM
[ReportManager] Element Action [getText] successfully performed. With the following test data [1 file
has been successfully uploaded.]. @04-05-2021 16:04:19.0687 PM
[ReportManager] Loaded Shared OpenCV @04-05-2021 16:04:19.0831 PM
[ReportManager] AssertElementAttribute PASSED; Expected [Value Should be '1 file' for the 'Text' attribute, element locator 'By.id: res'] and Actual [1 file
has been successfully uploaded.]. Comparison Type [CONTAINS]. Validation Type [POSITIVE]. @04-05-2021 16:04:19.0896 PM
[ReportManager] Successfully created attachment [Screenshot - 1620144259831_uploadFile_visibleUploadInput_AssertElementAttribute_passed] @04-05-2021 16:04:19.0897 P
[ReportManager] Successfully created attachment [Selenium WebDriver Logs - server] @04-05-2021 16:04:19.0963 PM
[ReportManager] Successfully created attachment [Selenium WebDriver Logs - performance] @04-05-2021 16:04:20.0015 PM
[ReportManager] Successfully created attachment [Selenium WebDriver Logs - browser] @04-05-2021 16:04:20.0023 PM
[ReportManager] Successfully created attachment [Selenium WebDriver Logs - driver] @04-05-2021 16:04:20.0166 PM
[ReportManager] Browser Action [closeCurrentWindow] successfully performed. @04-05-2021 16:04:20.0227 PM
[ReportManager] Successfully created attachment [Browser Action Test Data - closeCurrentWindow - Actual Value] @04-05-2021 16:04:20.0227 P
[ReportManager] File Action [getAbsolutePath] successfully performed. With the following test data [Relative Folder Path: "target/downloadedFiles/"]. @04-05-2021 16:04:20.0231 PM
[ReportManager] Attempting to run remotely on: [Linux-64], [GoogleChrome], [http://localhost:4444/wd/hub], Headless Execution. @04-05-2021 16:04:20.0231 PM
[ReportManager] Successfully Opened [GoogleChrome]. @04-05-2021 16:04:20.0457 P

################################################################################################################################################
Starting Execution:	[19 out of 137] test cases in the current suite
Test Method:		[testPackage01.Test_ShadowDOM.shadowdom]
################################################################################################################################################
[ReportManager] Target URL: [https://mdn.github.io/web-components-examples/popup-info-box-web-component/] @04-05-2021 16:04:20.0471 PM
[ReportManager] Initial URL: [data:,] @04-05-2021 16:04:20.0526 PM
[ReportManager] Browser Action [navigateToURL] successfully performed. With the following test data [https://mdn.github.io/web-components-examples/popup-info-box-web-component/]. @04-05-2021 16:04:20.0740 PM
[ReportManager] Element Action [type] successfully performed. With the following test data [Typing into SHADOW DOM...]. @04-05-2021 16:04:21.0375 PM
[ReportManager] Element Action [getText] successfully performed. With the following test data [Typing into SHADOW DOM...]. @04-05-2021 16:04:21.0476 PM
[ReportManager] Loaded Shared OpenCV @04-05-2021 16:04:21.0605 PM
[ReportManager] AssertElementAttribute PASSED; Expected [Value Should be 'Typing into SHADOW DOM...' for the 'Text' attribute, element locator 'By.id: cvc'] and Actual [Typing into SHADOW DOM...]. Comparison Type [EQUALS]. Validation Type [POSITIVE]. @04-05-2021 16:04:21.0664 PM
[ReportManager] Successfully created attachment [Screenshot - 1620144261605_shadowdom_AssertElementAttribute_passed] @04-05-2021 16:04:21.0665 P
[ReportManager] Successfully created attachment [Selenium WebDriver Logs - server] @04-05-2021 16:04:21.0714 PM
[ReportManager] Successfully created attachment [Selenium WebDriver Logs - performance] @04-05-2021 16:04:21.0729 PM
[ReportManager] Successfully created attachment [Selenium WebDriver Logs - browser] @04-05-2021 16:04:21.0735 PM
[ReportManager] Successfully created attachment [Selenium WebDriver Logs - driver] @04-05-2021 16:04:21.0800 PM
[ReportManager] Browser Action [closeCurrentWindow] successfully performed. @04-05-2021 16:04:21.0857 PM
[ReportManager] Successfully created attachment [Browser Action Test Data - closeCurrentWindow - Actual Value] @04-05-2021 16:04:21.0858 P

################################################################################################################################################
Starting Execution:	[20 out of 137] test cases in the current suite
Test Method:		[testPackage01.Test_NewValidationHelper.f1]
################################################################################################################################################
[ReportManager] Checking valid user data... @04-05-2021 16:04:21.0871 PM
[ReportManager] AssertEquals PASSED; Expected and Actual values are attached. Comparison Type [EQUALS]. Validation Type [POSITIVE]. @04-05-2021 16:04:21.0871 PM
[ReportManager] Successfully created attachment [Validation Test Data - Expected Value] @04-05-2021 16:04:21.0871 PM
[ReportManager] Successfully created attachment [Validation Test Data - Actual Value] @04-05-2021 16:04:21.0871 P
[ReportManager] File Action [getAbsolutePath] successfully performed. With the following test data [Relative Folder Path: "target/downloadedFiles/"]. @04-05-2021 16:04:21.0877 PM
[ReportManager] Attempting to run remotely on: [Linux-64], [GoogleChrome], [http://localhost:4444/wd/hub], Headless Execution. @04-05-2021 16:04:21.0877 PM
[ReportManager] Successfully Opened [GoogleChrome]. @04-05-2021 16:04:22.0103 PM
[ReportManager] Target URL: [https://the-internet.herokuapp.com/] @04-05-2021 16:04:22.0125 PM
[ReportManager] Initial URL: [data:,] @04-05-2021 16:04:22.0166 PM
[ReportManager] Browser Action [navigateToURL] successfully performed. With the following test data [https://the-internet.herokuapp.com/]. @04-05-2021 16:04:22.0568 P

################################################################################################################################################
Starting Execution:	[21 out of 137] test cases in the current suite
Test Method:		[testPackage01.Test_NewValidationHelper.f10]
################################################################################################################################################
[ReportManager] AssertElementExists FAILED; Expected [Element Should Exist, locator 'By.tagName: div'] and Actual [Element Exists but is not unique]. Comparison Type [EQUALS]. Validation Type [POSITIVE]. @04-05-2021 16:04:22.0847 PM
[ReportManager] Successfully created attachment [Screenshot - 1620144262773_f10_AssertElementExists_failed] @04-05-2021 16:04:22.0848 P
[ReportManager] Successfully created attachment [Selenium WebDriver Logs - server] @04-05-2021 16:04:22.0861 PM
[ReportManager] Successfully created attachment [Selenium WebDriver Logs - performance] @04-05-2021 16:04:22.0879 PM
[ReportManager] Successfully created attachment [Selenium WebDriver Logs - browser] @04-05-2021 16:04:22.0890 PM
[ReportManager] Successfully created attachment [Selenium WebDriver Logs - driver] @04-05-2021 16:04:22.0940 PM
[ReportManager] Successfully Closed All Drivers. @04-05-2021 16:04:23.0013 P
[ReportManager] File Action [getAbsolutePath] successfully performed. With the following test data [Relative Folder Path: "target/downloadedFiles/"]. @04-05-2021 16:04:23.0015 PM
[ReportManager] Attempting to run remotely on: [Linux-64], [GoogleChrome], [http://localhost:4444/wd/hub], Headless Execution. @04-05-2021 16:04:23.0016 PM
[ReportManager] Successfully Opened [GoogleChrome]. @04-05-2021 16:04:23.0205 PM
[ReportManager] Target URL: [https://the-internet.herokuapp.com/] @04-05-2021 16:04:23.0226 PM
[ReportManager] Initial URL: [data:,] @04-05-2021 16:04:23.0273 PM
[ReportManager] Browser Action [navigateToURL] successfully performed. With the following test data [https://the-internet.herokuapp.com/]. @04-05-2021 16:04:23.0730 P

################################################################################################################################################
Starting Execution:	[22 out of 137] test cases in the current suite
Test Method:		[testPackage01.Test_NewValidationHelper.f11]
################################################################################################################################################
[ReportManager] Checking that false tag doesn't exist... @04-05-2021 16:04:23.0736 PM
[ReportManager] AssertElementExists PASSED; Expected [Element Should not Exist, locator 'By.tagName: h3'] and Actual [Element Doesn't Exists]. Comparison Type [EQUALS]. Validation Type [NEGATIVE]. @04-05-2021 16:04:34.0093 PM
[ReportManager] Successfully created attachment [Screenshot - 1620144274036_f11_AssertElementExists_passed] @04-05-2021 16:04:34.0093 P
[ReportManager] Successfully created attachment [Selenium WebDriver Logs - server] @04-05-2021 16:04:34.0112 PM
[ReportManager] Successfully created attachment [Selenium WebDriver Logs - performance] @04-05-2021 16:04:34.0133 PM
[ReportManager] Successfully created attachment [Selenium WebDriver Logs - browser] @04-05-2021 16:04:34.0146 PM
[ReportManager] Successfully created attachment [Selenium WebDriver Logs - driver] @04-05-2021 16:04:34.0201 PM
[ReportManager] Successfully Closed All Drivers. @04-05-2021 16:04:34.0276 P
[ReportManager] File Action [getAbsolutePath] successfully performed. With the following test data [Relative Folder Path: "target/downloadedFiles/"]. @04-05-2021 16:04:34.0279 PM
[ReportManager] Attempting to run remotely on: [Linux-64], [GoogleChrome], [http://localhost:4444/wd/hub], Headless Execution. @04-05-2021 16:04:34.0280 PM
[ReportManager] Successfully Opened [GoogleChrome]. @04-05-2021 16:04:34.0488 PM
[ReportManager] Target URL: [https://the-internet.herokuapp.com/] @04-05-2021 16:04:34.0499 PM
[ReportManager] Initial URL: [data:,] @04-05-2021 16:04:34.0537 PM
[ReportManager] Browser Action [navigateToURL] successfully performed. With the following test data [https://the-internet.herokuapp.com/]. @04-05-2021 16:04:34.0956 P

################################################################################################################################################
Starting Execution:	[23 out of 137] test cases in the current suite
Test Method:		[testPackage01.Test_NewValidationHelper.f12]
################################################################################################################################################
[ReportManager] Loaded Shared OpenCV @04-05-2021 16:04:35.0169 PM
[ReportManager] AssertElementExists FAILED; Expected [Element Should not Exist, locator 'By.tagName: h1'] and Actual [Element Exists]. Comparison Type [EQUALS]. Validation Type [NEGATIVE]. @04-05-2021 16:04:35.0243 PM
[ReportManager] Successfully created attachment [Screenshot - 1620144275169_f12_AssertElementExists_failed] @04-05-2021 16:04:35.0244 P
[ReportManager] Successfully created attachment [Selenium WebDriver Logs - server] @04-05-2021 16:04:35.0258 PM
[ReportManager] Successfully created attachment [Selenium WebDriver Logs - performance] @04-05-2021 16:04:35.0277 PM
[ReportManager] Successfully created attachment [Selenium WebDriver Logs - browser] @04-05-2021 16:04:35.0283 PM
[ReportManager] Successfully created attachment [Selenium WebDriver Logs - driver] @04-05-2021 16:04:35.0333 PM
[ReportManager] Successfully Closed All Drivers. @04-05-2021 16:04:35.0408 P
[ReportManager] File Action [getAbsolutePath] successfully performed. With the following test data [Relative Folder Path: "target/downloadedFiles/"]. @04-05-2021 16:04:35.0412 PM
[ReportManager] Attempting to run remotely on: [Linux-64], [GoogleChrome], [http://localhost:4444/wd/hub], Headless Execution. @04-05-2021 16:04:35.0413 PM
[ReportManager] Successfully Opened [GoogleChrome]. @04-05-2021 16:04:35.0613 PM
[ReportManager] Target URL: [https://the-internet.herokuapp.com/] @04-05-2021 16:04:35.0625 PM
[ReportManager] Initial URL: [data:,] @04-05-2021 16:04:35.0666 PM
[ReportManager] Browser Action [navigateToURL] successfully performed. With the following test data [https://the-internet.herokuapp.com/]. @04-05-2021 16:04:36.0097 P

################################################################################################################################################
Starting Execution:	[24 out of 137] test cases in the current suite
Test Method:		[testPackage01.Test_NewValidationHelper.f13]
################################################################################################################################################
[ReportManager] AssertElementExists FAILED; Expected [Element Should not Exist, locator 'By.tagName: div'] and Actual [Element Exists but is not unique]. Comparison Type [EQUALS]. Validation Type [NEGATIVE]. @04-05-2021 16:04:36.0362 PM
[ReportManager] Successfully created attachment [Screenshot - 1620144276306_f13_AssertElementExists_failed] @04-05-2021 16:04:36.0363 P
[ReportManager] Successfully created attachment [Selenium WebDriver Logs - server] @04-05-2021 16:04:36.0380 PM
[ReportManager] Successfully created attachment [Selenium WebDriver Logs - performance] @04-05-2021 16:04:36.0400 PM
[ReportManager] Successfully created attachment [Selenium WebDriver Logs - browser] @04-05-2021 16:04:36.0406 PM
[ReportManager] Successfully created attachment [Selenium WebDriver Logs - driver] @04-05-2021 16:04:36.0463 PM
[ReportManager] Successfully Closed All Drivers. @04-05-2021 16:04:36.0538 P
[ReportManager] File Action [getAbsolutePath] successfully performed. With the following test data [Relative Folder Path: "target/downloadedFiles/"]. @04-05-2021 16:04:36.0540 PM
[ReportManager] Attempting to run remotely on: [Linux-64], [GoogleChrome], [http://localhost:4444/wd/hub], Headless Execution. @04-05-2021 16:04:36.0540 PM
[ReportManager] Successfully Opened [GoogleChrome]. @04-05-2021 16:04:36.0737 PM
[ReportManager] Target URL: [https://the-internet.herokuapp.com/] @04-05-2021 16:04:36.0751 PM
[ReportManager] Initial URL: [data:,] @04-05-2021 16:04:36.0791 PM
[ReportManager] Browser Action [navigateToURL] successfully performed. With the following test data [https://the-internet.herokuapp.com/]. @04-05-2021 16:04:37.0210 P

################################################################################################################################################
Starting Execution:	[25 out of 137] test cases in the current suite
Test Method:		[testPackage01.Test_NewValidationHelper.f14]
################################################################################################################################################
[ReportManager] Asserting that the header text is correct... @04-05-2021 16:04:37.0217 PM
[ReportManager] Element Action [getText] successfully performed. With the following test data [Welcome to the-internet]. @04-05-2021 16:04:37.0294 PM
[ReportManager] Loaded Shared OpenCV @04-05-2021 16:04:37.0439 PM
[ReportManager] AssertElementAttribute PASSED; Expected [Value Should be 'Welcome to the-internet' for the 'text' attribute, element locator 'By.tagName: h1'] and Actual [Welcome to the-internet]. Comparison Type [EQUALS]. Validation Type [POSITIVE]. @04-05-2021 16:04:37.0509 PM
[ReportManager] Successfully created attachment [Screenshot - 1620144277439_f14_AssertElementAttribute_passed] @04-05-2021 16:04:37.0510 P
[ReportManager] Successfully created attachment [Selenium WebDriver Logs - server] @04-05-2021 16:04:37.0522 PM
[ReportManager] Successfully created attachment [Selenium WebDriver Logs - performance] @04-05-2021 16:04:37.0543 PM
[ReportManager] Successfully created attachment [Selenium WebDriver Logs - browser] @04-05-2021 16:04:37.0550 PM
[ReportManager] Successfully created attachment [Selenium WebDriver Logs - driver] @04-05-2021 16:04:37.0605 PM
[ReportManager] Successfully Closed All Drivers. @04-05-2021 16:04:37.0684 P
[ReportManager] File Action [getAbsolutePath] successfully performed. With the following test data [Relative Folder Path: "target/downloadedFiles/"]. @04-05-2021 16:04:37.0686 PM
[ReportManager] Attempting to run remotely on: [Linux-64], [GoogleChrome], [http://localhost:4444/wd/hub], Headless Execution. @04-05-2021 16:04:37.0686 PM
[ReportManager] Successfully Opened [GoogleChrome]. @04-05-2021 16:04:37.0893 PM
[ReportManager] Target URL: [https://the-internet.herokuapp.com/] @04-05-2021 16:04:37.0903 PM
[ReportManager] Initial URL: [data:,] @04-05-2021 16:04:37.0943 PM
[ReportManager] Browser Action [navigateToURL] successfully performed. With the following test data [https://the-internet.herokuapp.com/]. @04-05-2021 16:04:38.0391 P

################################################################################################################################################
Starting Execution:	[26 out of 137] test cases in the current suite
Test Method:		[testPackage01.Test_NewValidationHelper.f15]
################################################################################################################################################
[ReportManager] Element Action [getText] successfully performed. With the following test data [Welcome to the-internet]. @04-05-2021 16:04:38.0478 PM
[ReportManager] Loaded Shared OpenCV @04-05-2021 16:04:38.0620 PM
[ReportManager] AssertElementAttribute FAILED; Expected [Value Should not be 'Welcome' for the 'text' attribute, element locator 'By.tagName: h1'] and Actual [Welcome to the-internet]. Comparison Type [CONTAINS]. Validation Type [NEGATIVE]. @04-05-2021 16:04:38.0691 PM
[ReportManager] Successfully created attachment [Screenshot - 1620144278620_f15_AssertElementAttribute_failed] @04-05-2021 16:04:38.0692 P
[ReportManager] Successfully created attachment [Selenium WebDriver Logs - server] @04-05-2021 16:04:38.0709 PM
[ReportManager] Successfully created attachment [Selenium WebDriver Logs - performance] @04-05-2021 16:04:38.0732 PM
[ReportManager] Successfully created attachment [Selenium WebDriver Logs - browser] @04-05-2021 16:04:38.0739 PM
[ReportManager] Successfully created attachment [Selenium WebDriver Logs - driver] @04-05-2021 16:04:38.0794 PM
[ReportManager] Successfully Closed All Drivers. @04-05-2021 16:04:38.0874 P
[ReportManager] File Action [getAbsolutePath] successfully performed. With the following test data [Relative Folder Path: "target/downloadedFiles/"]. @04-05-2021 16:04:38.0878 PM
[ReportManager] Attempting to run remotely on: [Linux-64], [GoogleChrome], [http://localhost:4444/wd/hub], Headless Execution. @04-05-2021 16:04:38.0878 PM
[ReportManager] Successfully Opened [GoogleChrome]. @04-05-2021 16:04:39.0123 PM
[ReportManager] Target URL: [https://the-internet.herokuapp.com/] @04-05-2021 16:04:39.0134 PM
[ReportManager] Initial URL: [data:,] @04-05-2021 16:04:39.0179 PM
[ReportManager] Browser Action [navigateToURL] successfully performed. With the following test data [https://the-internet.herokuapp.com/]. @04-05-2021 16:04:39.0612 P

################################################################################################################################################
Starting Execution:	[27 out of 137] test cases in the current suite
Test Method:		[testPackage01.Test_NewValidationHelper.f16]
################################################################################################################################################
[ReportManager] Element Action [identifyUniqueElement] failed. With the following test data [zero elements found matching this locator "By.tagName: h3".]. @04-05-2021 16:05:05.0127 PM
[ReportManager] Successfully created attachment [Screenshot - 1620144305071_f16_identifyUniqueElement_failed] @04-05-2021 16:05:05.0128 PM
[ReportManager] AssertElementAttribute FAILED; Expected [Value Should not be 'Welcome' for the 'text' attribute, element locator 'By.tagName: h3'] and Actual [Failed to read the desired element attribute]. Comparison Type [CONTAINS]. Validation Type [NEGATIVE]. @04-05-2021 16:05:05.0129 P
[ReportManager] Successfully created attachment [Selenium WebDriver Logs - server] @04-05-2021 16:05:05.0143 PM
[ReportManager] Successfully created attachment [Selenium WebDriver Logs - performance] @04-05-2021 16:05:05.0162 PM
[ReportManager] Successfully created attachment [Selenium WebDriver Logs - browser] @04-05-2021 16:05:05.0170 PM
[ReportManager] Successfully created attachment [Selenium WebDriver Logs - driver] @04-05-2021 16:05:05.0232 PM
[ReportManager] Successfully Closed All Drivers. @04-05-2021 16:05:05.0309 P
[ReportManager] File Action [getAbsolutePath] successfully performed. With the following test data [Relative Folder Path: "target/downloadedFiles/"]. @04-05-2021 16:05:05.0312 PM
[ReportManager] Attempting to run remotely on: [Linux-64], [GoogleChrome], [http://localhost:4444/wd/hub], Headless Execution. @04-05-2021 16:05:05.0312 PM
[ReportManager] Successfully Opened [GoogleChrome]. @04-05-2021 16:05:05.0505 PM
[ReportManager] Target URL: [https://the-internet.herokuapp.com/] @04-05-2021 16:05:05.0518 PM
[ReportManager] Initial URL: [data:,] @04-05-2021 16:05:05.0558 PM
[ReportManager] Browser Action [navigateToURL] successfully performed. With the following test data [https://the-internet.herokuapp.com/]. @04-05-2021 16:05:05.0922 P

################################################################################################################################################
Starting Execution:	[28 out of 137] test cases in the current suite
Test Method:		[testPackage01.Test_NewValidationHelper.f17]
################################################################################################################################################
[ReportManager] Attempting to getAttribute [text2] from elementLocator [By.tagName: h1]. @04-05-2021 16:05:05.0927 PM
[ReportManager] Element Action [getAttribute] successfully performed. @04-05-2021 16:05:06.0020 PM
[ReportManager] Loaded Shared OpenCV @04-05-2021 16:05:06.0169 PM
[ReportManager] AssertElementAttribute PASSED; Expected [Value Should not be 'Welcome' for the 'text2' attribute, element locator 'By.tagName: h1'] and Actual [null]. Comparison Type [CONTAINS]. Validation Type [NEGATIVE]. @04-05-2021 16:05:06.0239 PM
[ReportManager] Successfully created attachment [Screenshot - 1620144306169_f17_AssertElementAttribute_passed] @04-05-2021 16:05:06.0240 P
[ReportManager] Successfully created attachment [Selenium WebDriver Logs - server] @04-05-2021 16:05:06.0252 PM
[ReportManager] Successfully created attachment [Selenium WebDriver Logs - performance] @04-05-2021 16:05:06.0269 PM
[ReportManager] Successfully created attachment [Selenium WebDriver Logs - browser] @04-05-2021 16:05:06.0275 PM
[ReportManager] Successfully created attachment [Selenium WebDriver Logs - driver] @04-05-2021 16:05:06.0332 PM
[ReportManager] Successfully Closed All Drivers. @04-05-2021 16:05:06.0401 P
[ReportManager] File Action [getAbsolutePath] successfully performed. With the following test data [Relative Folder Path: "target/downloadedFiles/"]. @04-05-2021 16:05:06.0403 PM
[ReportManager] Attempting to run remotely on: [Linux-64], [GoogleChrome], [http://localhost:4444/wd/hub], Headless Execution. @04-05-2021 16:05:06.0404 PM
[ReportManager] Successfully Opened [GoogleChrome]. @04-05-2021 16:05:06.0594 PM
[ReportManager] Target URL: [https://the-internet.herokuapp.com/] @04-05-2021 16:05:06.0611 PM
[ReportManager] Initial URL: [data:,] @04-05-2021 16:05:06.0667 PM
[ReportManager] Browser Action [navigateToURL] successfully performed. With the following test data [https://the-internet.herokuapp.com/]. @04-05-2021 16:05:07.0146 P

################################################################################################################################################
Starting Execution:	[29 out of 137] test cases in the current suite
Test Method:		[testPackage01.Test_NewValidationHelper.f18]
################################################################################################################################################
[ReportManager] Element Action [getText] successfully performed. With the following test data [Welcome to the-internet]. @04-05-2021 16:05:07.0238 PM
[ReportManager] Loaded Shared OpenCV @04-05-2021 16:05:07.0366 PM
[ReportManager] AssertElementAttribute PASSED; Expected [Value Should not be 'no' for the 'text' attribute, element locator 'By.tagName: h1'] and Actual [Welcome to the-internet]. Comparison Type [CONTAINS]. Validation Type [NEGATIVE]. @04-05-2021 16:05:07.0436 PM
[ReportManager] Successfully created attachment [Screenshot - 1620144307366_f18_AssertElementAttribute_passed] @04-05-2021 16:05:07.0437 P
[ReportManager] Successfully created attachment [Selenium WebDriver Logs - server] @04-05-2021 16:05:07.0451 PM
[ReportManager] Successfully created attachment [Selenium WebDriver Logs - performance] @04-05-2021 16:05:07.0469 PM
[ReportManager] Successfully created attachment [Selenium WebDriver Logs - browser] @04-05-2021 16:05:07.0476 PM
[ReportManager] Successfully created attachment [Selenium WebDriver Logs - driver] @04-05-2021 16:05:07.0532 PM
[ReportManager] Successfully Closed All Drivers. @04-05-2021 16:05:07.0608 P
[ReportManager] File Action [getAbsolutePath] successfully performed. With the following test data [Relative Folder Path: "target/downloadedFiles/"]. @04-05-2021 16:05:07.0610 PM
[ReportManager] Attempting to run remotely on: [Linux-64], [GoogleChrome], [http://localhost:4444/wd/hub], Headless Execution. @04-05-2021 16:05:07.0611 PM
[ReportManager] Successfully Opened [GoogleChrome]. @04-05-2021 16:05:07.0817 PM
[ReportManager] Target URL: [https://the-internet.herokuapp.com/] @04-05-2021 16:05:07.0831 PM
[ReportManager] Initial URL: [data:,] @04-05-2021 16:05:07.0881 PM
[ReportManager] Browser Action [navigateToURL] successfully performed. With the following test data [https://the-internet.herokuapp.com/]. @04-05-2021 16:05:08.0340 P

################################################################################################################################################
Starting Execution:	[30 out of 137] test cases in the current suite
Test Method:		[testPackage01.Test_NewValidationHelper.f19]
################################################################################################################################################
[ReportManager] Element Action [getTagName] successfully performed. With the following test data [h1]. @04-05-2021 16:05:08.0405 PM
[ReportManager] Loaded Shared OpenCV @04-05-2021 16:05:08.0548 PM
[ReportManager] AssertElementAttribute PASSED; Expected [Value Should be 'h' for the 'tagname' attribute, element locator 'By.tagName: h1'] and Actual [h1]. Comparison Type [CONTAINS]. Validation Type [POSITIVE]. @04-05-2021 16:05:08.0611 PM
[ReportManager] Successfully created attachment [Screenshot - 1620144308548_f19_AssertElementAttribute_passed] @04-05-2021 16:05:08.0612 P
[ReportManager] Successfully created attachment [Selenium WebDriver Logs - server] @04-05-2021 16:05:08.0630 PM
[ReportManager] Successfully created attachment [Selenium WebDriver Logs - performance] @04-05-2021 16:05:08.0658 PM
[ReportManager] Successfully created attachment [Selenium WebDriver Logs - browser] @04-05-2021 16:05:08.0664 PM
[ReportManager] Successfully created attachment [Selenium WebDriver Logs - driver] @04-05-2021 16:05:08.0725 PM
[ReportManager] Successfully Closed All Drivers. @04-05-2021 16:05:08.0798 P

################################################################################################################################################
Starting Execution:	[31 out of 137] test cases in the current suite
Test Method:		[testPackage01.Test_NewValidationHelper.f2]
################################################################################################################################################
[ReportManager] Checking valid user data... @04-05-2021 16:05:08.0804 PM
[ReportManager] AssertEquals FAILED; Expected [1] and Actual [2]. Comparison Type [EQUALS]. Validation Type [POSITIVE]. @04-05-2021 16:05:08.0804 P
[ReportManager] File Action [getAbsolutePath] successfully performed. With the following test data [Relative Folder Path: "target/downloadedFiles/"]. @04-05-2021 16:05:08.0807 PM
[ReportManager] Attempting to run remotely on: [Linux-64], [GoogleChrome], [http://localhost:4444/wd/hub], Headless Execution. @04-05-2021 16:05:08.0809 PM
[ReportManager] Successfully Opened [GoogleChrome]. @04-05-2021 16:05:09.0007 PM
[ReportManager] Target URL: [https://the-internet.herokuapp.com/] @04-05-2021 16:05:09.0017 PM
[ReportManager] Initial URL: [data:,] @04-05-2021 16:05:09.0056 PM
[ReportManager] Browser Action [navigateToURL] successfully performed. With the following test data [https://the-internet.herokuapp.com/]. @04-05-2021 16:05:09.0524 P

################################################################################################################################################
Starting Execution:	[32 out of 137] test cases in the current suite
Test Method:		[testPackage01.Test_NewValidationHelper.f20]
################################################################################################################################################
[ReportManager] Element Action [getSize] successfully performed. With the following test data [(755, 61)]. @04-05-2021 16:05:09.0596 PM
[ReportManager] Loaded Shared OpenCV @04-05-2021 16:05:09.0752 PM
[ReportManager] AssertElementAttribute PASSED; Expected [Value Should not be 'a' for the 'size' attribute, element locator 'By.tagName: h1'] and Actual [(755, 61)]. Comparison Type [CONTAINS]. Validation Type [NEGATIVE]. @04-05-2021 16:05:09.0822 PM
[ReportManager] Successfully created attachment [Screenshot - 1620144309752_f20_AssertElementAttribute_passed] @04-05-2021 16:05:09.0823 P
[ReportManager] Successfully created attachment [Selenium WebDriver Logs - server] @04-05-2021 16:05:09.0836 PM
[ReportManager] Successfully created attachment [Selenium WebDriver Logs - performance] @04-05-2021 16:05:09.0855 PM
[ReportManager] Successfully created attachment [Selenium WebDriver Logs - browser] @04-05-2021 16:05:09.0861 PM
[ReportManager] Successfully created attachment [Selenium WebDriver Logs - driver] @04-05-2021 16:05:09.0913 PM
[ReportManager] Successfully Closed All Drivers. @04-05-2021 16:05:09.0987 P
[ReportManager] File Action [getAbsolutePath] successfully performed. With the following test data [Relative Folder Path: "target/downloadedFiles/"]. @04-05-2021 16:05:09.0989 PM
[ReportManager] Attempting to run remotely on: [Linux-64], [GoogleChrome], [http://localhost:4444/wd/hub], Headless Execution. @04-05-2021 16:05:09.0989 PM
[ReportManager] Successfully Opened [GoogleChrome]. @04-05-2021 16:05:10.0185 PM
[ReportManager] Target URL: [https://the-internet.herokuapp.com/] @04-05-2021 16:05:10.0195 PM
[ReportManager] Initial URL: [data:,] @04-05-2021 16:05:10.0243 PM
[ReportManager] Browser Action [navigateToURL] successfully performed. With the following test data [https://the-internet.herokuapp.com/]. @04-05-2021 16:05:10.0699 P

################################################################################################################################################
Starting Execution:	[33 out of 137] test cases in the current suite
Test Method:		[testPackage01.Test_NewValidationHelper.f21]
################################################################################################################################################
[ReportManager] Element Action [identifyUniqueElement] failed. With the following test data [zero elements found matching this locator "By.tagName: h3".]. @04-05-2021 16:05:36.0206 PM
[ReportManager] Successfully created attachment [Screenshot - 1620144336151_f21_identifyUniqueElement_failed] @04-05-2021 16:05:36.0207 PM
[ReportManager] AssertElementAttribute FAILED; Expected [Value Should be 'Welcome' for the 'text' attribute, element locator 'By.tagName: h3'] and Actual [Failed to read the desired element attribute]. Comparison Type [CONTAINS]. Validation Type [POSITIVE]. @04-05-2021 16:05:36.0207 P
[ReportManager] Successfully created attachment [Selenium WebDriver Logs - server] @04-05-2021 16:05:36.0226 PM
[ReportManager] Successfully created attachment [Selenium WebDriver Logs - performance] @04-05-2021 16:05:36.0245 PM
[ReportManager] Successfully created attachment [Selenium WebDriver Logs - browser] @04-05-2021 16:05:36.0251 PM
[ReportManager] Successfully created attachment [Selenium WebDriver Logs - driver] @04-05-2021 16:05:36.0325 PM
[ReportManager] Successfully Closed All Drivers. @04-05-2021 16:05:36.0401 P
[ReportManager] File Action [getAbsolutePath] successfully performed. With the following test data [Relative Folder Path: "target/downloadedFiles/"]. @04-05-2021 16:05:36.0403 PM
[ReportManager] Attempting to run remotely on: [Linux-64], [GoogleChrome], [http://localhost:4444/wd/hub], Headless Execution. @04-05-2021 16:05:36.0403 PM
[ReportManager] Successfully Opened [GoogleChrome]. @04-05-2021 16:05:36.0592 PM
[ReportManager] Target URL: [https://the-internet.herokuapp.com/] @04-05-2021 16:05:36.0604 PM
[ReportManager] Initial URL: [data:,] @04-05-2021 16:05:36.0648 PM
[ReportManager] Browser Action [navigateToURL] successfully performed. With the following test data [https://the-internet.herokuapp.com/]. @04-05-2021 16:05:37.0114 P

################################################################################################################################################
Starting Execution:	[34 out of 137] test cases in the current suite
Test Method:		[testPackage01.Test_NewValidationHelper.f22]
################################################################################################################################################
[ReportManager] Element Action [getText] successfully performed. With the following test data [Welcome to the-internet]. @04-05-2021 16:05:37.0227 PM
[ReportManager] Loaded Shared OpenCV @04-05-2021 16:05:37.0385 PM
[ReportManager] AssertElementAttribute FAILED; Expected [Value Should be 'yyy' for the 'text' attribute, element locator 'By.tagName: h1'] and Actual [Welcome to the-internet]. Comparison Type [CONTAINS]. Validation Type [POSITIVE]. @04-05-2021 16:05:37.0456 PM
[ReportManager] Successfully created attachment [Screenshot - 1620144337385_f22_AssertElementAttribute_failed] @04-05-2021 16:05:37.0457 P
[ReportManager] Successfully created attachment [Selenium WebDriver Logs - server] @04-05-2021 16:05:37.0472 PM
[ReportManager] Successfully created attachment [Selenium WebDriver Logs - performance] @04-05-2021 16:05:37.0491 PM
[ReportManager] Successfully created attachment [Selenium WebDriver Logs - browser] @04-05-2021 16:05:37.0498 PM
[ReportManager] Successfully created attachment [Selenium WebDriver Logs - driver] @04-05-2021 16:05:37.0549 PM
[ReportManager] Successfully Closed All Drivers. @04-05-2021 16:05:37.0621 P

################################################################################################################################################
Starting Execution:	[35 out of 137] test cases in the current suite
Test Method:		[testPackage01.Test_NewValidationHelper.f23]
################################################################################################################################################
[ReportManager] confirming that the actual is greater than or equal to the expected... @04-05-2021 16:05:37.0631 PM
[ReportManager] AssertComparativeRelation PASSED; Expected [1] and Actual [1]. Comparison Type [GREATER_THAN_OR_EQUALS]. Validation Type [POSITIVE]. @04-05-2021 16:05:37.0634 P

################################################################################################################################################
Starting Execution:	[36 out of 137] test cases in the current suite
Test Method:		[testPackage01.Test_NewValidationHelper.f24]
################################################################################################################################################
[ReportManager] AssertComparativeRelation PASSED; Expected [1] and Actual [10]. Comparison Type [GREATER_THAN_OR_EQUALS]. Validation Type [POSITIVE]. @04-05-2021 16:05:37.0640 P

################################################################################################################################################
Starting Execution:	[37 out of 137] test cases in the current suite
Test Method:		[testPackage01.Test_NewValidationHelper.f25]
################################################################################################################################################
[ReportManager] AssertComparativeRelation PASSED; Expected [1] and Actual [1]. Comparison Type [EQUALS]. Validation Type [POSITIVE]. @04-05-2021 16:05:37.0648 P

################################################################################################################################################
Starting Execution:	[38 out of 137] test cases in the current suite
Test Method:		[testPackage01.Test_NewValidationHelper.f26]
################################################################################################################################################
[ReportManager] AssertComparativeRelation PASSED; Expected [1] and Actual [5]. Comparison Type [GREATER_THAN]. Validation Type [POSITIVE]. @04-05-2021 16:05:37.0653 P

################################################################################################################################################
Starting Execution:	[39 out of 137] test cases in the current suite
Test Method:		[testPackage01.Test_NewValidationHelper.f27]
################################################################################################################################################
[ReportManager] AssertComparativeRelation PASSED; Expected [11] and Actual [5]. Comparison Type [LESS_THAN]. Validation Type [POSITIVE]. @04-05-2021 16:05:37.0657 P

################################################################################################################################################
Starting Execution:	[40 out of 137] test cases in the current suite
Test Method:		[testPackage01.Test_NewValidationHelper.f28]
################################################################################################################################################
[ReportManager] AssertComparativeRelation PASSED; Expected [11] and Actual [5]. Comparison Type [LESS_THAN_OR_EQUALS]. Validation Type [POSITIVE]. @04-05-2021 16:05:37.0660 P

################################################################################################################################################
Starting Execution:	[41 out of 137] test cases in the current suite
Test Method:		[testPackage01.Test_NewValidationHelper.f29]
################################################################################################################################################
[ReportManager] AssertComparativeRelation PASSED; Expected [11] and Actual [11]. Comparison Type [LESS_THAN_OR_EQUALS]. Validation Type [POSITIVE]. @04-05-2021 16:05:37.0665 P

################################################################################################################################################
Starting Execution:	[42 out of 137] test cases in the current suite
Test Method:		[testPackage01.Test_NewValidationHelper.f3]
################################################################################################################################################
[ReportManager] AssertEquals PASSED; Expected [1] and Actual [2]. Comparison Type [EQUALS]. Validation Type [NEGATIVE]. @04-05-2021 16:05:37.0673 P

################################################################################################################################################
Starting Execution:	[43 out of 137] test cases in the current suite
Test Method:		[testPackage01.Test_NewValidationHelper.f30]
################################################################################################################################################
[ReportManager] AssertComparativeRelation FAILED; Expected [-9] and Actual [11]. Comparison Type [LESS_THAN_OR_EQUALS]. Validation Type [POSITIVE]. @04-05-2021 16:05:37.0679 P

################################################################################################################################################
Starting Execution:	[44 out of 137] test cases in the current suite
Test Method:		[testPackage01.Test_NewValidationHelper.f31]
################################################################################################################################################
[ReportManager] AssertTrue PASSED; Expected [TRUE] and Actual [TRUE]. Validation Type [POSITIVE]. @04-05-2021 16:05:37.0684 P

################################################################################################################################################
Starting Execution:	[45 out of 137] test cases in the current suite
Test Method:		[testPackage01.Test_NewValidationHelper.f32]
################################################################################################################################################
[ReportManager] AssertTrue PASSED; Expected [FALSE] and Actual [FALSE]. Validation Type [NEGATIVE]. @04-05-2021 16:05:37.0688 P

################################################################################################################################################
Starting Execution:	[46 out of 137] test cases in the current suite
Test Method:		[testPackage01.Test_NewValidationHelper.f33]
################################################################################################################################################
[ReportManager] AssertTrue FAILED; Expected [FALSE] and Actual [TRUE]. Validation Type [NEGATIVE]. @04-05-2021 16:05:37.0692 P

################################################################################################################################################
Starting Execution:	[47 out of 137] test cases in the current suite
Test Method:		[testPackage01.Test_NewValidationHelper.f34]
################################################################################################################################################
[ReportManager] AssertTrue FAILED; Expected [TRUE] and Actual [FALSE]. Validation Type [POSITIVE]. @04-05-2021 16:05:37.0697 P

################################################################################################################################################
Starting Execution:	[48 out of 137] test cases in the current suite
Test Method:		[testPackage01.Test_NewValidationHelper.f35]
################################################################################################################################################
[ReportManager] File Action [doesFileExist] successfully performed. With the following test data [File Path: "pom.xml"]. @04-05-2021 16:05:37.0702 PM
[ReportManager] AssertFileExists PASSED; Expected [File 'pom.xml' should exist, after up to '1' retries] and Actual [File exists]. Validation Type [POSITIVE]. @04-05-2021 16:05:37.0707 P

################################################################################################################################################
Starting Execution:	[49 out of 137] test cases in the current suite
Test Method:		[testPackage01.Test_NewValidationHelper.f36]
################################################################################################################################################
[ReportManager] File Action [doesFileExist] successfully performed. With the following test data [File Path: "src/test/java/testPackage01/Test_NewValidationHelper.java"]. @04-05-2021 16:05:37.0712 PM
[ReportManager] AssertFileExists PASSED; Expected [File 'src/test/java/testPackage01/Test_NewValidationHelper.java' should exist, after up to '1' retries] and Actual [File exists]. Validation Type [POSITIVE]. @04-05-2021 16:05:37.0712 P

################################################################################################################################################
Starting Execution:	[50 out of 137] test cases in the current suite
Test Method:		[testPackage01.Test_NewValidationHelper.f37]
################################################################################################################################################
[ReportManager] confirming that the file does't exist after 5 retries... @04-05-2021 16:05:37.0717 PM
[ReportManager] File Action [doesFileExist] successfully performed. With the following test data [File Path: "pom.xml"]. @04-05-2021 16:05:37.0717 PM
[ReportManager] AssertFileExists FAILED; Expected [File 'pom.xml' should not exist, after up to '5' retries] and Actual [File exists]. Validation Type [NEGATIVE]. @04-05-2021 16:05:37.0719 P

################################################################################################################################################
Starting Execution:	[51 out of 137] test cases in the current suite
Test Method:		[testPackage01.Test_NewValidationHelper.f3_1]
################################################################################################################################################
[ReportManager] Checking valid user data... @04-05-2021 16:05:37.0724 PM
[ReportManager] AssertEquals PASSED; Expected [null] and Actual [null]. Comparison Type [EQUALS]. Validation Type [POSITIVE]. @04-05-2021 16:05:37.0724 P

################################################################################################################################################
Starting Execution:	[52 out of 137] test cases in the current suite
Test Method:		[testPackage01.Test_NewValidationHelper.f4]
################################################################################################################################################
[ReportManager] AssertEquals PASSED; Expected [1] and Actual [123]. Comparison Type [CONTAINS]. Validation Type [POSITIVE]. @04-05-2021 16:05:37.0729 P

################################################################################################################################################
Starting Execution:	[53 out of 137] test cases in the current suite
Test Method:		[testPackage01.Test_NewValidationHelper.f5]
################################################################################################################################################
[ReportManager] AssertNull PASSED; Expected [NULL] and Actual [1]. Comparison Type [EQUALS]. Validation Type [NEGATIVE]. @04-05-2021 16:05:37.0733 P

################################################################################################################################################
Starting Execution:	[54 out of 137] test cases in the current suite
Test Method:		[testPackage01.Test_NewValidationHelper.f6]
################################################################################################################################################
[ReportManager] Making sure that null string is not equal to null object... @04-05-2021 16:05:37.0736 PM
[ReportManager] AssertNull FAILED; Expected [NULL] and Actual [NULL]. Comparison Type [EQUALS]. Validation Type [POSITIVE]. @04-05-2021 16:05:37.0737 P

################################################################################################################################################
Starting Execution:	[55 out of 137] test cases in the current suite
Test Method:		[testPackage01.Test_NewValidationHelper.f6_1]
################################################################################################################################################
[ReportManager] AssertNull FAILED; Expected [NULL] and Actual [NULL]. Comparison Type [EQUALS]. Validation Type [NEGATIVE]. @04-05-2021 16:05:37.0742 P

################################################################################################################################################
Starting Execution:	[56 out of 137] test cases in the current suite
Test Method:		[testPackage01.Test_NewValidationHelper.f6_2]
################################################################################################################################################
[ReportManager] Making sure that null string is not equal to null object... @04-05-2021 16:05:37.0747 PM
[ReportManager] AssertNull FAILED; Expected [NULL] and Actual [not null]. Comparison Type [EQUALS]. Validation Type [POSITIVE]. @04-05-2021 16:05:37.0747 P

################################################################################################################################################
Starting Execution:	[57 out of 137] test cases in the current suite
Test Method:		[testPackage01.Test_NewValidationHelper.f7]
################################################################################################################################################
[ReportManager] AssertNull PASSED; Expected [NULL] and Actual [NULL]. Comparison Type [EQUALS]. Validation Type [POSITIVE]. @04-05-2021 16:05:37.0752 P
[ReportManager] File Action [getAbsolutePath] successfully performed. With the following test data [Relative Folder Path: "target/downloadedFiles/"]. @04-05-2021 16:05:37.0755 PM
[ReportManager] Attempting to run remotely on: [Linux-64], [GoogleChrome], [http://localhost:4444/wd/hub], Headless Execution. @04-05-2021 16:05:37.0756 PM
[ReportManager] Successfully Opened [GoogleChrome]. @04-05-2021 16:05:38.0057 PM
[ReportManager] Target URL: [https://the-internet.herokuapp.com/] @04-05-2021 16:05:38.0075 PM
[ReportManager] Initial URL: [data:,] @04-05-2021 16:05:38.0122 PM
[ReportManager] Browser Action [navigateToURL] successfully performed. With the following test data [https://the-internet.herokuapp.com/]. @04-05-2021 16:05:38.0563 P

################################################################################################################################################
Starting Execution:	[58 out of 137] test cases in the current suite
Test Method:		[testPackage01.Test_NewValidationHelper.f8]
################################################################################################################################################
[ReportManager] Loaded Shared OpenCV @04-05-2021 16:05:38.0769 PM
[ReportManager] AssertElementExists PASSED; Expected [Element Should Exist, locator 'By.tagName: h1'] and Actual [Element Exists]. Comparison Type [EQUALS]. Validation Type [POSITIVE]. @04-05-2021 16:05:38.0838 PM
[ReportManager] Successfully created attachment [Screenshot - 1620144338769_f8_AssertElementExists_passed] @04-05-2021 16:05:38.0839 P
[ReportManager] Successfully created attachment [Selenium WebDriver Logs - server] @04-05-2021 16:05:38.0853 PM
[ReportManager] Successfully created attachment [Selenium WebDriver Logs - performance] @04-05-2021 16:05:38.0883 PM
[ReportManager] Successfully created attachment [Selenium WebDriver Logs - browser] @04-05-2021 16:05:38.0892 PM
[ReportManager] Successfully created attachment [Selenium WebDriver Logs - driver] @04-05-2021 16:05:38.0943 PM
[ReportManager] Successfully Closed All Drivers. @04-05-2021 16:05:39.0018 P
[ReportManager] File Action [getAbsolutePath] successfully performed. With the following test data [Relative Folder Path: "target/downloadedFiles/"]. @04-05-2021 16:05:39.0020 PM
[ReportManager] Attempting to run remotely on: [Linux-64], [GoogleChrome], [http://localhost:4444/wd/hub], Headless Execution. @04-05-2021 16:05:39.0021 PM
[ReportManager] Successfully Opened [GoogleChrome]. @04-05-2021 16:05:39.0219 PM
[ReportManager] Target URL: [https://the-internet.herokuapp.com/] @04-05-2021 16:05:39.0234 PM
[ReportManager] Initial URL: [data:,] @04-05-2021 16:05:39.0276 PM
[ReportManager] Browser Action [navigateToURL] successfully performed. With the following test data [https://the-internet.herokuapp.com/]. @04-05-2021 16:05:39.0631 P

################################################################################################################################################
Starting Execution:	[59 out of 137] test cases in the current suite
Test Method:		[testPackage01.Test_NewValidationHelper.f9]
################################################################################################################################################
[ReportManager] AssertElementExists FAILED; Expected [Element Should Exist, locator 'By.tagName: h3'] and Actual [Element Doesn't Exists]. Comparison Type [EQUALS]. Validation Type [POSITIVE]. @04-05-2021 16:06:10.0229 PM
[ReportManager] Successfully created attachment [Screenshot - 1620144370180_f9_AssertElementExists_failed] @04-05-2021 16:06:10.0229 P
[ReportManager] Successfully created attachment [Selenium WebDriver Logs - server] @04-05-2021 16:06:10.0242 PM
[ReportManager] Successfully created attachment [Selenium WebDriver Logs - performance] @04-05-2021 16:06:10.0259 PM
[ReportManager] Successfully created attachment [Selenium WebDriver Logs - browser] @04-05-2021 16:06:10.0265 PM
[ReportManager] Successfully created attachment [Selenium WebDriver Logs - driver] @04-05-2021 16:06:10.0334 PM
[ReportManager] Successfully Closed All Drivers. @04-05-2021 16:06:10.0408 P

################################################################################################################################################
Starting Execution:	[60 out of 137] test cases in the current suite
Test Method:		[testPackage01.Test_NewValidationHelper.forceFail]
################################################################################################################################################
[ReportManager] AssertFail FAILED; Expected [null] and Actual [null]. @04-05-2021 16:06:10.0413 P

################################################################################################################################################
Starting Execution:	[61 out of 137] test cases in the current suite
Test Method:		[testPackage01.Test_NewValidationHelper.forceFail2]
################################################################################################################################################
[ReportManager] Custom Message... @04-05-2021 16:06:10.0420 PM
[ReportManager] AssertFail FAILED; Expected [null] and Actual [null]. @04-05-2021 16:06:10.0420 P
[ReportManager] Successfully loaded the following test data file [src/test/resources/TestDataFiles/testSuite01/TestData.xlsx]. @04-05-2021 16:06:10.0996 PM
[ReportManager] Successfully created attachment [Test Data - Excel] @04-05-2021 16:06:10.0997 PM
[ReportManager] File Action [getAbsolutePath] successfully performed. With the following test data [Relative Folder Path: "target/downloadedFiles/"]. @04-05-2021 16:06:10.0997 PM
[ReportManager] Attempting to run remotely on: [Linux-64], [GoogleChrome], [http://localhost:4444/wd/hub], Headless Execution. @04-05-2021 16:06:10.0997 PM
[ReportManager] Successfully Opened [GoogleChrome]. @04-05-2021 16:06:11.0309 P

################################################################################################################################################
Starting Execution:	[62 out of 137] test cases in the current suite
Test Method:		[testPackage01.Test_google.navigateToURLandVerifyGoogleLogoIsDisplayed]
Test Description:	[TC001 - Navigate to URL and Verify Google Logo is Displayed]
################################################################################################################################################
[ReportManager] Target URL: [https://www.google.com/ncr], and after redirection: [https://www.google.com] @04-05-2021 16:06:11.0333 PM
[ReportManager] Initial URL: [data:,] @04-05-2021 16:06:11.0377 PM
[ReportManager] Browser Action [navigateToURL] successfully performed. With the following test data [https://www.google.com/ncr]. @04-05-2021 16:06:12.0247 PM
[ReportManager] Loaded Shared OpenCV @04-05-2021 16:06:12.0424 PM
[ReportManager] AssertElementExists PASSED; Expected [Element Should Exist, locator 'By.xpath: //img[@id='hplogo' or @alt='Google']'] and Actual [Element Exists]. Comparison Type [EQUALS]. Validation Type [POSITIVE]. @04-05-2021 16:06:12.0485 PM
[ReportManager] Successfully created attachment [Screenshot - 1620144372423_navigateToURLandVerifyGoogleLogoIsDisplayed_AssertElementExists_passed] @04-05-2021 16:06:12.0486 P

################################################################################################################################################
Starting Execution:	[63 out of 137] test cases in the current suite
Test Method:		[testPackage01.Test_google.searchForQueryandAssertResultsNumDisplayed]
Test Description:	[TC002 - Search for Query and Assert that the number of results is displayed]
################################################################################################################################################
[ReportManager] Element Action [type] successfully performed. With the following test data [SHAFT_Engine]. @04-05-2021 16:06:12.0968 PM
[ReportManager] Element Action [keyPress] successfully performed. With the following test data [Enter]. @04-05-2021 16:06:14.0033 PM
[ReportManager] Element Action [getText] successfully performed. With the following test data [About 3,610,000 results (0.55 seconds) ]. @04-05-2021 16:06:14.0099 PM
[ReportManager] Loaded Shared OpenCV @04-05-2021 16:06:14.0246 PM
[ReportManager] AssertElementAttribute PASSED; Expected [Value Should not be '' for the 'Text' attribute, element locator 'By.id: appbar'] and Actual [About 3,610,000 results (0.55 seconds) ]. Comparison Type [EQUALS]. Validation Type [NEGATIVE]. @04-05-2021 16:06:14.0319 PM
[ReportManager] Successfully created attachment [Screenshot - 1620144374246_searchForQueryandAssertResultsNumDisplayed_AssertElementAttribute_passed] @04-05-2021 16:06:14.0339 P

################################################################################################################################################
Starting Execution:	[64 out of 137] test cases in the current suite
Test Method:		[testPackage01.Test_google.clickNextThrice]
Test Description:	[TC003 - Clicks the next button to make sure that the framework can scroll element into view before clicking it]
################################################################################################################################################
[ReportManager] Element Action [click] successfully performed. With the following test data [Next]. @04-05-2021 16:06:15.0469 P
[ReportManager] Successfully created attachment [Selenium WebDriver Logs - server] @04-05-2021 16:06:15.0627 PM
[ReportManager] Successfully created attachment [Selenium WebDriver Logs - performance] @04-05-2021 16:06:15.0804 PM
[ReportManager] Successfully created attachment [Selenium WebDriver Logs - driver] @04-05-2021 16:06:16.0077 PM
[ReportManager] Browser Action [closeCurrentWindow] successfully performed. @04-05-2021 16:06:16.0141 PM
[ReportManager] Successfully created attachment [Browser Action Test Data - closeCurrentWindow - Actual Value] @04-05-2021 16:06:16.0143 P

################################################################################################################################################
Starting Execution:	[65 out of 137] test cases in the current suite
Test Method:		[testPackage01.Test_testData.f]
################################################################################################################################################
[ReportManager] Successfully loaded the following test data file [src/test/resources/TestDataFiles/testSuite01/TestData.xlsx]. @04-05-2021 16:06:16.0200 PM
[ReportManager] Successfully created attachment [Test Data - Excel] @04-05-2021 16:06:16.0201 PM
[ReportManager] Last Column Number is: [3]. Zero-based. @04-05-2021 16:06:16.0201 P

################################################################################################################################################
Starting Execution:	[66 out of 137] test cases in the current suite
Test Method:		[testPackage01.Test_JsonActions.f]
###############################################################################################################################################

################################################################################################################################################
Starting Execution:	[67 out of 137] test cases in the current suite
Test Method:		[testPackage01.Test_JsonActions.f2]
###############################################################################################################################################

################################################################################################################################################
Starting Execution:	[68 out of 137] test cases in the current suite
Test Method:		[testPackage01.Test_JsonCompareWithSpecialCharacters.specialCharacters]
################################################################################################################################################
[ReportManager] File Action [getAbsolutePath] successfully performed. With the following test data [Relative Folder Path: "src/test/resources/TestJsonFiles/specialCharacters.json"]. @04-05-2021 16:06:16.0329 PM
[ReportManager] File Action [readFromFile] successfully performed. With the following test data [File Path: "/home/runner/work/SHAFT_ENGINE/SHAFT_ENGINE/src/test/resources/TestJsonFiles/specialCharacters.json"]. @04-05-2021 16:06:16.0335 PM
[ReportManager] Successfully created attachment [File Action Actual Result - Command Log] @04-05-2021 16:06:16.0335 PM
[ReportManager] Comparing the provided API response with the file at this path "src/test/resources/TestJsonFiles/specialCharacters.json", comparison type "EQUALS" @04-05-2021 16:06:16.0428 PM
[ReportManager] API Action [compareJSON] successfully performed. With the following test data [src/test/resources/TestJsonFiles/specialCharacters.json]. @04-05-2021 16:06:16.0512 PM
[ReportManager] File Action [getAbsolutePath] successfully performed. With the following test data [Relative Folder Path: "src/test/resources/TestJsonFiles/specialCharacters.json"]. @04-05-2021 16:06:16.0512 PM
[ReportManager] File Action [readFromFile] successfully performed. With the following test data [File Path: "/home/runner/work/SHAFT_ENGINE/SHAFT_ENGINE/src/test/resources/TestJsonFiles/specialCharacters.json"]. @04-05-2021 16:06:16.0513 PM
[ReportManager] VerifyJSONFileContent PASSED; Expected [Response data should match the JSON File in this path 'src/test/resources/TestJsonFiles/specialCharacters.json'] and Actual [TRUE]. Comparison Type [EQUALS]. Validation Type [POSITIVE]. @04-05-2021 16:06:16.0521 PM
[ReportManager] Successfully created attachment [Validation Test Data - Expected JSON Value] @04-05-2021 16:06:16.0522 PM
[ReportManager] Successfully created attachment [Validation Test Data - Actual JSON Value] @04-05-2021 16:06:16.0522 P

################################################################################################################################################
Starting Execution:	[69 out of 137] test cases in the current suite
Test Method:		[testPackage01.Test_JsonCompareWithSpecialCharacters.specialCharacters_assertion]
################################################################################################################################################
[ReportManager] File Action [getAbsolutePath] successfully performed. With the following test data [Relative Folder Path: "src/test/resources/TestJsonFiles/specialCharacters.json"]. @04-05-2021 16:06:16.0529 PM
[ReportManager] File Action [readFromFile] successfully performed. With the following test data [File Path: "/home/runner/work/SHAFT_ENGINE/SHAFT_ENGINE/src/test/resources/TestJsonFiles/specialCharacters.json"]. @04-05-2021 16:06:16.0529 PM
[ReportManager] Successfully created attachment [File Action Actual Result - Command Log] @04-05-2021 16:06:16.0529 PM
[ReportManager] trying out the log message... @04-05-2021 16:06:16.0530 PM
[ReportManager] Comparing the provided API response with the file at this path "src/test/resources/TestJsonFiles/specialCharacters.json", comparison type "CONTAINS" @04-05-2021 16:06:16.0530 PM
[ReportManager] API Action [compareJSON] successfully performed. With the following test data [src/test/resources/TestJsonFiles/specialCharacters.json]. @04-05-2021 16:06:16.0538 PM
[ReportManager] File Action [getAbsolutePath] successfully performed. With the following test data [Relative Folder Path: "src/test/resources/TestJsonFiles/specialCharacters.json"]. @04-05-2021 16:06:16.0538 PM
[ReportManager] File Action [readFromFile] successfully performed. With the following test data [File Path: "/home/runner/work/SHAFT_ENGINE/SHAFT_ENGINE/src/test/resources/TestJsonFiles/specialCharacters.json"]. @04-05-2021 16:06:16.0538 PM
[ReportManager] AssertJSONFileContent PASSED; Expected [Response data should match the JSON File in this path 'src/test/resources/TestJsonFiles/specialCharacters.json'] and Actual [TRUE]. Comparison Type [CONTAINS]. Validation Type [POSITIVE]. @04-05-2021 16:06:16.0541 PM
[ReportManager] Successfully created attachment [Validation Test Data - Expected JSON Value] @04-05-2021 16:06:16.0542 PM
[ReportManager] Successfully created attachment [Validation Test Data - Actual JSON Value] @04-05-2021 16:06:16.0542 P

################################################################################################################################################
Starting Execution:	[70 out of 137] test cases in the current suite
Test Method:		[unitTests.tests_validations_assertions.assertComparativeRelation_greaterThanOrEquals_false_equals_expectedToFail]
################################################################################################################################################
[ReportManager] AssertComparativeRelation FAILED; Expected [1] and Actual [1]. Comparison Type [GREATER_THAN_OR_EQUALS]. Validation Type [NEGATIVE]. @04-05-2021 16:06:16.0548 P

################################################################################################################################################
Starting Execution:	[71 out of 137] test cases in the current suite
Test Method:		[unitTests.tests_validations_assertions.assertComparativeRelation_greaterThanOrEquals_false_equals_expectedToPass]
################################################################################################################################################
[ReportManager] AssertComparativeRelation PASSED; Expected [2] and Actual [1]. Comparison Type [GREATER_THAN_OR_EQUALS]. Validation Type [NEGATIVE]. @04-05-2021 16:06:16.0552 P

################################################################################################################################################
Starting Execution:	[72 out of 137] test cases in the current suite
Test Method:		[unitTests.tests_validations_assertions.assertComparativeRelation_greaterThanOrEquals_false_greaterThan_expectedToFail]
################################################################################################################################################
[ReportManager] AssertComparativeRelation FAILED; Expected [1] and Actual [2]. Comparison Type [GREATER_THAN_OR_EQUALS]. Validation Type [NEGATIVE]. @04-05-2021 16:06:16.0554 P

################################################################################################################################################
Starting Execution:	[73 out of 137] test cases in the current suite
Test Method:		[unitTests.tests_validations_assertions.assertComparativeRelation_greaterThanOrEquals_false_greaterThan_expectedToPass]
################################################################################################################################################
[ReportManager] AssertComparativeRelation PASSED; Expected [2] and Actual [1]. Comparison Type [GREATER_THAN_OR_EQUALS]. Validation Type [NEGATIVE]. @04-05-2021 16:06:16.0560 P

################################################################################################################################################
Starting Execution:	[74 out of 137] test cases in the current suite
Test Method:		[unitTests.tests_validations_assertions.assertComparativeRelation_greaterThanOrEquals_true_equals_expectedToFail]
################################################################################################################################################
[ReportManager] AssertComparativeRelation FAILED; Expected [1] and Actual [0]. Comparison Type [GREATER_THAN_OR_EQUALS]. Validation Type [POSITIVE]. @04-05-2021 16:06:16.0564 P

################################################################################################################################################
Starting Execution:	[75 out of 137] test cases in the current suite
Test Method:		[unitTests.tests_validations_assertions.assertComparativeRelation_greaterThanOrEquals_true_equals_expectedToPass]
################################################################################################################################################
[ReportManager] AssertComparativeRelation PASSED; Expected [1] and Actual [1]. Comparison Type [GREATER_THAN_OR_EQUALS]. Validation Type [POSITIVE]. @04-05-2021 16:06:16.0568 P

################################################################################################################################################
Starting Execution:	[76 out of 137] test cases in the current suite
Test Method:		[unitTests.tests_validations_assertions.assertComparativeRelation_greaterThanOrEquals_true_greaterThan_expectedToFail]
################################################################################################################################################
[ReportManager] AssertComparativeRelation FAILED; Expected [2] and Actual [1]. Comparison Type [GREATER_THAN_OR_EQUALS]. Validation Type [POSITIVE]. @04-05-2021 16:06:16.0573 P

################################################################################################################################################
Starting Execution:	[77 out of 137] test cases in the current suite
Test Method:		[unitTests.tests_validations_assertions.assertComparativeRelation_greaterThanOrEquals_true_greaterThan_expectedToPass]
################################################################################################################################################
[ReportManager] AssertComparativeRelation PASSED; Expected [1] and Actual [2]. Comparison Type [GREATER_THAN_OR_EQUALS]. Validation Type [POSITIVE]. @04-05-2021 16:06:16.0578 P
[ReportManager] File Action [getAbsolutePath] successfully performed. With the following test data [Relative Folder Path: "target/downloadedFiles/"]. @04-05-2021 16:06:16.0582 PM
[ReportManager] Attempting to run remotely on: [Linux-64], [GoogleChrome], [http://localhost:4444/wd/hub], Headless Execution. @04-05-2021 16:06:16.0582 PM
[ReportManager] Successfully Opened [GoogleChrome]. @04-05-2021 16:06:16.0844 PM
[ReportManager] Target URL: [https://www.google.com/ncr], and after redirection: [www.google.com] @04-05-2021 16:06:16.0855 PM
[ReportManager] Initial URL: [data:,] @04-05-2021 16:06:16.0895 PM
[ReportManager] Browser Action [navigateToURL] successfully performed. With the following test data [https://www.google.com/ncr]. @04-05-2021 16:06:17.0626 P

################################################################################################################################################
Starting Execution:	[78 out of 137] test cases in the current suite
Test Method:		[unitTests.tests_validations_assertions.assertElementAttribute_false_caseInsensitiveComparison_expectedToFail]
################################################################################################################################################
[ReportManager] Element Action [type] successfully performed. With the following test data [AUTOMATION]. @04-05-2021 16:06:18.0061 PM
[ReportManager] Element Action [getText] successfully performed. With the following test data [AUTOMATION]. @04-05-2021 16:06:18.0169 PM
[ReportManager] Loaded Shared OpenCV @04-05-2021 16:06:18.0313 PM
[ReportManager] AssertElementAttribute FAILED; Expected [Value Should not be 'AutomaTion' for the 'text' attribute, element locator 'By.name: q'] and Actual [AUTOMATION]. Comparison Type [CASE_INSENSITIVE]. Validation Type [NEGATIVE]. @04-05-2021 16:06:18.0376 PM
[ReportManager] Successfully created attachment [Screenshot - 1620144378313_assertElementAttribute_false_caseInsensitiveComparison_expectedToFail_AssertElementAttribute_failed] @04-05-2021 16:06:18.0377 P
[ReportManager] Successfully created attachment [Selenium WebDriver Logs - server] @04-05-2021 16:06:18.0451 PM
[ReportManager] Successfully created attachment [Selenium WebDriver Logs - performance] @04-05-2021 16:06:18.0525 PM
[ReportManager] Successfully created attachment [Selenium WebDriver Logs - driver] @04-05-2021 16:06:18.0634 PM
[ReportManager] Browser Action [closeCurrentWindow] successfully performed. @04-05-2021 16:06:18.0692 PM
[ReportManager] Successfully created attachment [Browser Action Test Data - closeCurrentWindow - Actual Value] @04-05-2021 16:06:18.0693 P
[ReportManager] File Action [getAbsolutePath] successfully performed. With the following test data [Relative Folder Path: "target/downloadedFiles/"]. @04-05-2021 16:06:18.0697 PM
[ReportManager] Attempting to run remotely on: [Linux-64], [GoogleChrome], [http://localhost:4444/wd/hub], Headless Execution. @04-05-2021 16:06:18.0697 PM
[ReportManager] Successfully Opened [GoogleChrome]. @04-05-2021 16:06:18.0876 PM
[ReportManager] Target URL: [https://www.google.com/ncr], and after redirection: [www.google.com] @04-05-2021 16:06:18.0889 PM
[ReportManager] Initial URL: [data:,] @04-05-2021 16:06:18.0925 PM
[ReportManager] Browser Action [navigateToURL] successfully performed. With the following test data [https://www.google.com/ncr]. @04-05-2021 16:06:19.0624 P

################################################################################################################################################
Starting Execution:	[79 out of 137] test cases in the current suite
Test Method:		[unitTests.tests_validations_assertions.assertElementAttribute_false_caseInsensitiveComparison_expectedToPass]
################################################################################################################################################
[ReportManager] Element Action [type] successfully performed. With the following test data [AUTOMATION]. @04-05-2021 16:06:20.0035 PM
[ReportManager] Element Action [getText] successfully performed. With the following test data [AUTOMATION]. @04-05-2021 16:06:20.0130 PM
[ReportManager] Loaded Shared OpenCV @04-05-2021 16:06:20.0279 PM
[ReportManager] AssertElementAttribute PASSED; Expected [Value Should not be 'AutomaTion123' for the 'text' attribute, element locator 'By.name: q'] and Actual [AUTOMATION]. Comparison Type [CASE_INSENSITIVE]. Validation Type [NEGATIVE]. @04-05-2021 16:06:20.0343 PM
[ReportManager] Successfully created attachment [Screenshot - 1620144380279_assertElementAttribute_false_caseInsensitiveComparison_expectedToPass_AssertElementAttribute_passed] @04-05-2021 16:06:20.0344 P
[ReportManager] Successfully created attachment [Selenium WebDriver Logs - server] @04-05-2021 16:06:20.0409 PM
[ReportManager] Successfully created attachment [Selenium WebDriver Logs - performance] @04-05-2021 16:06:20.0480 PM
[ReportManager] Successfully created attachment [Selenium WebDriver Logs - driver] @04-05-2021 16:06:20.0584 PM
[ReportManager] Browser Action [closeCurrentWindow] successfully performed. @04-05-2021 16:06:20.0642 PM
[ReportManager] Successfully created attachment [Browser Action Test Data - closeCurrentWindow - Actual Value] @04-05-2021 16:06:20.0643 P
[ReportManager] File Action [getAbsolutePath] successfully performed. With the following test data [Relative Folder Path: "target/downloadedFiles/"]. @04-05-2021 16:06:20.0645 PM
[ReportManager] Attempting to run remotely on: [Linux-64], [GoogleChrome], [http://localhost:4444/wd/hub], Headless Execution. @04-05-2021 16:06:20.0645 PM
[ReportManager] Successfully Opened [GoogleChrome]. @04-05-2021 16:06:20.0829 PM
[ReportManager] Target URL: [https://www.google.com/ncr], and after redirection: [www.google.com] @04-05-2021 16:06:20.0842 PM
[ReportManager] Initial URL: [data:,] @04-05-2021 16:06:20.0874 PM
[ReportManager] Browser Action [navigateToURL] successfully performed. With the following test data [https://www.google.com/ncr]. @04-05-2021 16:06:21.0640 P

################################################################################################################################################
Starting Execution:	[80 out of 137] test cases in the current suite
Test Method:		[unitTests.tests_validations_assertions.assertElementAttribute_false_containsComparison_expectedToFail]
################################################################################################################################################
[ReportManager] Element Action [type] successfully performed. With the following test data [Automation123]. @04-05-2021 16:06:22.0101 PM
[ReportManager] Element Action [getText] successfully performed. With the following test data [Automation123]. @04-05-2021 16:06:22.0188 PM
[ReportManager] Loaded Shared OpenCV @04-05-2021 16:06:22.0330 PM
[ReportManager] AssertElementAttribute FAILED; Expected [Value Should not be 'Automation' for the 'text' attribute, element locator 'By.name: q'] and Actual [Automation123]. Comparison Type [CONTAINS]. Validation Type [NEGATIVE]. @04-05-2021 16:06:22.0398 PM
[ReportManager] Successfully created attachment [Screenshot - 1620144382330_assertElementAttribute_false_containsComparison_expectedToFail_AssertElementAttribute_failed] @04-05-2021 16:06:22.0399 P
[ReportManager] Successfully created attachment [Selenium WebDriver Logs - server] @04-05-2021 16:06:22.0464 PM
[ReportManager] Successfully created attachment [Selenium WebDriver Logs - performance] @04-05-2021 16:06:22.0551 PM
[ReportManager] Successfully created attachment [Selenium WebDriver Logs - driver] @04-05-2021 16:06:22.0662 PM
[ReportManager] Browser Action [closeCurrentWindow] successfully performed. @04-05-2021 16:06:22.0718 PM
[ReportManager] Successfully created attachment [Browser Action Test Data - closeCurrentWindow - Actual Value] @04-05-2021 16:06:22.0719 P
[ReportManager] File Action [getAbsolutePath] successfully performed. With the following test data [Relative Folder Path: "target/downloadedFiles/"]. @04-05-2021 16:06:22.0721 PM
[ReportManager] Attempting to run remotely on: [Linux-64], [GoogleChrome], [http://localhost:4444/wd/hub], Headless Execution. @04-05-2021 16:06:22.0721 PM
[ReportManager] Successfully Opened [GoogleChrome]. @04-05-2021 16:06:22.0924 PM
[ReportManager] Target URL: [https://www.google.com/ncr], and after redirection: [www.google.com] @04-05-2021 16:06:22.0939 PM
[ReportManager] Initial URL: [data:,] @04-05-2021 16:06:22.0978 PM
[ReportManager] Browser Action [navigateToURL] successfully performed. With the following test data [https://www.google.com/ncr]. @04-05-2021 16:06:23.0734 P

################################################################################################################################################
Starting Execution:	[81 out of 137] test cases in the current suite
Test Method:		[unitTests.tests_validations_assertions.assertElementAttribute_false_containsComparison_expectedToPass]
################################################################################################################################################
[ReportManager] Element Action [type] successfully performed. With the following test data [Automation123]. @04-05-2021 16:06:24.0207 PM
[ReportManager] Element Action [getText] successfully performed. With the following test data [Automation123]. @04-05-2021 16:06:24.0303 PM
[ReportManager] Loaded Shared OpenCV @04-05-2021 16:06:24.0449 PM
[ReportManager] AssertElementAttribute PASSED; Expected [Value Should not be 'Automation1234' for the 'text' attribute, element locator 'By.name: q'] and Actual [Automation123]. Comparison Type [CONTAINS]. Validation Type [NEGATIVE]. @04-05-2021 16:06:24.0517 PM
[ReportManager] Successfully created attachment [Screenshot - 1620144384449_assertElementAttribute_false_containsComparison_expectedToPass_AssertElementAttribute_passed] @04-05-2021 16:06:24.0518 P
[ReportManager] Successfully created attachment [Selenium WebDriver Logs - server] @04-05-2021 16:06:24.0587 PM
[ReportManager] Successfully created attachment [Selenium WebDriver Logs - performance] @04-05-2021 16:06:24.0677 PM
[ReportManager] Successfully created attachment [Selenium WebDriver Logs - driver] @04-05-2021 16:06:24.0793 PM
[ReportManager] Browser Action [closeCurrentWindow] successfully performed. @04-05-2021 16:06:24.0849 PM
[ReportManager] Successfully created attachment [Browser Action Test Data - closeCurrentWindow - Actual Value] @04-05-2021 16:06:24.0850 P
[ReportManager] File Action [getAbsolutePath] successfully performed. With the following test data [Relative Folder Path: "target/downloadedFiles/"]. @04-05-2021 16:06:24.0852 PM
[ReportManager] Attempting to run remotely on: [Linux-64], [GoogleChrome], [http://localhost:4444/wd/hub], Headless Execution. @04-05-2021 16:06:24.0853 PM
[ReportManager] Successfully Opened [GoogleChrome]. @04-05-2021 16:06:25.0054 PM
[ReportManager] Target URL: [https://www.google.com/ncr], and after redirection: [www.google.com] @04-05-2021 16:06:25.0064 PM
[ReportManager] Initial URL: [data:,] @04-05-2021 16:06:25.0104 PM
[ReportManager] Browser Action [navigateToURL] successfully performed. With the following test data [https://www.google.com/ncr]. @04-05-2021 16:06:25.0842 P

################################################################################################################################################
Starting Execution:	[82 out of 137] test cases in the current suite
Test Method:		[unitTests.tests_validations_assertions.assertElementAttribute_false_literalComparison_expectedToFail]
################################################################################################################################################
[ReportManager] Element Action [type] successfully performed. With the following test data [Automation!@#$%^&*()_+{}[]\';/.,]. @04-05-2021 16:06:26.0845 PM
[ReportManager] Element Action [getText] successfully performed. With the following test data [Automation!@#$%^&*()_+{}[]\';/.,]. @04-05-2021 16:06:26.0939 PM
[ReportManager] Loaded Shared OpenCV @04-05-2021 16:06:27.0115 PM
[ReportManager] AssertElementAttribute PASSED; Expected [Value Should not be 'Automation!@#$%^&*()_+{}[]\\';/.,' for the 'text' attribute, element locator 'By.name: q'] and Actual [Automation!@#$%^&*()_+{}[]\';/.,]. Comparison Type [EQUALS]. Validation Type [NEGATIVE]. @04-05-2021 16:06:27.0180 PM
[ReportManager] Successfully created attachment [Screenshot - 1620144387115_assertElementAttribute_false_literalComparison_expectedToFail_AssertElementAttribute_passed] @04-05-2021 16:06:27.0181 P
[ReportManager] Successfully created attachment [Selenium WebDriver Logs - server] @04-05-2021 16:06:27.0259 PM
[ReportManager] Successfully created attachment [Selenium WebDriver Logs - performance] @04-05-2021 16:06:27.0393 PM
[ReportManager] Successfully created attachment [Selenium WebDriver Logs - driver] @04-05-2021 16:06:27.0552 PM
[ReportManager] Browser Action [closeCurrentWindow] successfully performed. @04-05-2021 16:06:27.0609 PM
[ReportManager] Successfully created attachment [Browser Action Test Data - closeCurrentWindow - Actual Value] @04-05-2021 16:06:27.0610 P
[ReportManager] File Action [getAbsolutePath] successfully performed. With the following test data [Relative Folder Path: "target/downloadedFiles/"]. @04-05-2021 16:06:27.0613 PM
[ReportManager] Attempting to run remotely on: [Linux-64], [GoogleChrome], [http://localhost:4444/wd/hub], Headless Execution. @04-05-2021 16:06:27.0613 PM
[ReportManager] Successfully Opened [GoogleChrome]. @04-05-2021 16:06:27.0801 PM
[ReportManager] Target URL: [https://www.google.com/ncr], and after redirection: [www.google.com] @04-05-2021 16:06:27.0810 PM
[ReportManager] Initial URL: [data:,] @04-05-2021 16:06:27.0849 PM
[ReportManager] Browser Action [navigateToURL] successfully performed. With the following test data [https://www.google.com/ncr]. @04-05-2021 16:06:28.0583 P

################################################################################################################################################
Starting Execution:	[83 out of 137] test cases in the current suite
Test Method:		[unitTests.tests_validations_assertions.assertElementAttribute_false_literalComparison_expectedToPass]
################################################################################################################################################
[ReportManager] Element Action [type] successfully performed. With the following test data [Automation!@#$%^&*()_+{}[]\';/.,]. @04-05-2021 16:06:29.0605 PM
[ReportManager] Element Action [getText] successfully performed. With the following test data [Automation!@#$%^&*()_+{}[]\';/.,]. @04-05-2021 16:06:29.0691 PM
[ReportManager] Loaded Shared OpenCV @04-05-2021 16:06:29.0836 PM
[ReportManager] AssertElementAttribute PASSED; Expected [Value Should not be 'Automation' for the 'text' attribute, element locator 'By.name: q'] and Actual [Automation!@#$%^&*()_+{}[]\';/.,]. Comparison Type [EQUALS]. Validation Type [NEGATIVE]. @04-05-2021 16:06:29.0907 PM
[ReportManager] Successfully created attachment [Screenshot - 1620144389836_assertElementAttribute_false_literalComparison_expectedToPass_AssertElementAttribute_passed] @04-05-2021 16:06:29.0908 P
[ReportManager] Successfully created attachment [Selenium WebDriver Logs - server] @04-05-2021 16:06:29.0985 PM
[ReportManager] Successfully created attachment [Selenium WebDriver Logs - performance] @04-05-2021 16:06:30.0141 PM
[ReportManager] Successfully created attachment [Selenium WebDriver Logs - driver] @04-05-2021 16:06:30.0306 PM
[ReportManager] Browser Action [closeCurrentWindow] successfully performed. @04-05-2021 16:06:30.0383 PM
[ReportManager] Successfully created attachment [Browser Action Test Data - closeCurrentWindow - Actual Value] @04-05-2021 16:06:30.0385 P
[ReportManager] File Action [getAbsolutePath] successfully performed. With the following test data [Relative Folder Path: "target/downloadedFiles/"]. @04-05-2021 16:06:30.0387 PM
[ReportManager] Attempting to run remotely on: [Linux-64], [GoogleChrome], [http://localhost:4444/wd/hub], Headless Execution. @04-05-2021 16:06:30.0387 PM
[ReportManager] Successfully Opened [GoogleChrome]. @04-05-2021 16:06:30.0627 PM
[ReportManager] Target URL: [https://www.google.com/ncr], and after redirection: [www.google.com] @04-05-2021 16:06:30.0638 PM
[ReportManager] Initial URL: [data:,] @04-05-2021 16:06:30.0671 PM
[ReportManager] Browser Action [navigateToURL] successfully performed. With the following test data [https://www.google.com/ncr]. @04-05-2021 16:06:31.0437 P

################################################################################################################################################
Starting Execution:	[84 out of 137] test cases in the current suite
Test Method:		[unitTests.tests_validations_assertions.assertElementAttribute_false_regexComparison_expectedToFail]
################################################################################################################################################
[ReportManager] Element Action [type] successfully performed. With the following test data [Automation123]. @04-05-2021 16:06:31.0932 PM
[ReportManager] Element Action [getText] successfully performed. With the following test data [Automation123]. @04-05-2021 16:06:32.0025 PM
[ReportManager] Loaded Shared OpenCV @04-05-2021 16:06:32.0208 PM
[ReportManager] AssertElementAttribute FAILED; Expected [Value Should not be 'Automation.*' for the 'text' attribute, element locator 'By.name: q'] and Actual [Automation123]. Comparison Type [MATCHES]. Validation Type [NEGATIVE]. @04-05-2021 16:06:32.0286 PM
[ReportManager] Successfully created attachment [Screenshot - 1620144392208_assertElementAttribute_false_regexComparison_expectedToFail_AssertElementAttribute_failed] @04-05-2021 16:06:32.0287 P
[ReportManager] Successfully created attachment [Selenium WebDriver Logs - server] @04-05-2021 16:06:32.0354 PM
[ReportManager] Successfully created attachment [Selenium WebDriver Logs - performance] @04-05-2021 16:06:32.0434 PM
[ReportManager] Successfully created attachment [Selenium WebDriver Logs - driver] @04-05-2021 16:06:32.0559 PM
[ReportManager] Browser Action [closeCurrentWindow] successfully performed. @04-05-2021 16:06:32.0575 PM
[ReportManager] Successfully created attachment [Browser Action Test Data - closeCurrentWindow - Actual Value] @04-05-2021 16:06:32.0575 P
[ReportManager] File Action [getAbsolutePath] successfully performed. With the following test data [Relative Folder Path: "target/downloadedFiles/"]. @04-05-2021 16:06:32.0578 PM
[ReportManager] Attempting to run remotely on: [Linux-64], [GoogleChrome], [http://localhost:4444/wd/hub], Headless Execution. @04-05-2021 16:06:32.0578 PM
[ReportManager] Successfully Opened [GoogleChrome]. @04-05-2021 16:06:32.0848 PM
[ReportManager] Target URL: [https://www.google.com/ncr], and after redirection: [www.google.com] @04-05-2021 16:06:32.0858 PM
[ReportManager] Initial URL: [data:,] @04-05-2021 16:06:32.0903 PM
[ReportManager] Browser Action [navigateToURL] successfully performed. With the following test data [https://www.google.com/ncr]. @04-05-2021 16:06:33.0646 P

################################################################################################################################################
Starting Execution:	[85 out of 137] test cases in the current suite
Test Method:		[unitTests.tests_validations_assertions.assertElementAttribute_false_regexComparison_expectedToPass]
################################################################################################################################################
[ReportManager] Element Action [type] successfully performed. With the following test data [Automation123]. @04-05-2021 16:06:34.0148 PM
[ReportManager] Element Action [getText] successfully performed. With the following test data [Automation123]. @04-05-2021 16:06:34.0241 PM
[ReportManager] Loaded Shared OpenCV @04-05-2021 16:06:34.0383 PM
[ReportManager] AssertElementAttribute PASSED; Expected [Value Should not be 'Automation' for the 'text' attribute, element locator 'By.name: q'] and Actual [Automation123]. Comparison Type [MATCHES]. Validation Type [NEGATIVE]. @04-05-2021 16:06:34.0454 PM
[ReportManager] Successfully created attachment [Screenshot - 1620144394383_assertElementAttribute_false_regexComparison_expectedToPass_AssertElementAttribute_passed] @04-05-2021 16:06:34.0455 P
[ReportManager] Successfully created attachment [Selenium WebDriver Logs - server] @04-05-2021 16:06:34.0521 PM
[ReportManager] Successfully created attachment [Selenium WebDriver Logs - performance] @04-05-2021 16:06:34.0602 PM
[ReportManager] Successfully created attachment [Selenium WebDriver Logs - driver] @04-05-2021 16:06:34.0724 PM
[ReportManager] Browser Action [closeCurrentWindow] successfully performed. @04-05-2021 16:06:34.0781 PM
[ReportManager] Successfully created attachment [Browser Action Test Data - closeCurrentWindow - Actual Value] @04-05-2021 16:06:34.0782 P
[ReportManager] File Action [getAbsolutePath] successfully performed. With the following test data [Relative Folder Path: "target/downloadedFiles/"]. @04-05-2021 16:06:34.0785 PM
[ReportManager] Attempting to run remotely on: [Linux-64], [GoogleChrome], [http://localhost:4444/wd/hub], Headless Execution. @04-05-2021 16:06:34.0785 PM
[ReportManager] Successfully Opened [GoogleChrome]. @04-05-2021 16:06:34.0974 PM
[ReportManager] Target URL: [https://www.google.com/ncr], and after redirection: [www.google.com] @04-05-2021 16:06:34.0992 PM
[ReportManager] Initial URL: [data:,] @04-05-2021 16:06:35.0034 PM
[ReportManager] Browser Action [navigateToURL] successfully performed. With the following test data [https://www.google.com/ncr]. @04-05-2021 16:06:35.0767 P

################################################################################################################################################
Starting Execution:	[86 out of 137] test cases in the current suite
Test Method:		[unitTests.tests_validations_assertions.assertElementAttribute_true_caseInsensitiveComparison_expectedToFail]
################################################################################################################################################
[ReportManager] Element Action [type] successfully performed. With the following test data [AUTOMATION]. @04-05-2021 16:06:36.0210 PM
[ReportManager] Element Action [getText] successfully performed. With the following test data [AUTOMATION]. @04-05-2021 16:06:36.0302 PM
[ReportManager] Loaded Shared OpenCV @04-05-2021 16:06:36.0454 PM
[ReportManager] AssertElementAttribute FAILED; Expected [Value Should be 'AutomaTion123' for the 'text' attribute, element locator 'By.name: q'] and Actual [AUTOMATION]. Comparison Type [CASE_INSENSITIVE]. Validation Type [POSITIVE]. @04-05-2021 16:06:36.0525 PM
[ReportManager] Successfully created attachment [Screenshot - 1620144396454_assertElementAttribute_true_caseInsensitiveComparison_expectedToFail_AssertElementAttribute_failed] @04-05-2021 16:06:36.0526 P
[ReportManager] Successfully created attachment [Selenium WebDriver Logs - server] @04-05-2021 16:06:36.0596 PM
[ReportManager] Successfully created attachment [Selenium WebDriver Logs - performance] @04-05-2021 16:06:36.0665 PM
[ReportManager] Successfully created attachment [Selenium WebDriver Logs - driver] @04-05-2021 16:06:36.0777 PM
[ReportManager] Browser Action [closeCurrentWindow] successfully performed. @04-05-2021 16:06:36.0836 PM
[ReportManager] Successfully created attachment [Browser Action Test Data - closeCurrentWindow - Actual Value] @04-05-2021 16:06:36.0836 P
[ReportManager] File Action [getAbsolutePath] successfully performed. With the following test data [Relative Folder Path: "target/downloadedFiles/"]. @04-05-2021 16:06:36.0839 PM
[ReportManager] Attempting to run remotely on: [Linux-64], [GoogleChrome], [http://localhost:4444/wd/hub], Headless Execution. @04-05-2021 16:06:36.0840 PM
[ReportManager] Successfully Opened [GoogleChrome]. @04-05-2021 16:06:37.0055 PM
[ReportManager] Target URL: [https://www.google.com/ncr], and after redirection: [www.google.com] @04-05-2021 16:06:37.0065 PM
[ReportManager] Initial URL: [data:,] @04-05-2021 16:06:37.0099 PM
[ReportManager] Browser Action [navigateToURL] successfully performed. With the following test data [https://www.google.com/ncr]. @04-05-2021 16:06:37.0844 P

################################################################################################################################################
Starting Execution:	[87 out of 137] test cases in the current suite
Test Method:		[unitTests.tests_validations_assertions.assertElementAttribute_true_caseInsensitiveComparison_expectedToPass]
################################################################################################################################################
[ReportManager] Element Action [type] successfully performed. With the following test data [AUTOMATION]. @04-05-2021 16:06:38.0313 PM
[ReportManager] Element Action [getText] successfully performed. With the following test data [AUTOMATION]. @04-05-2021 16:06:38.0401 PM
[ReportManager] Loaded Shared OpenCV @04-05-2021 16:06:38.0554 PM
[ReportManager] AssertElementAttribute PASSED; Expected [Value Should be 'AutomaTion' for the 'text' attribute, element locator 'By.name: q'] and Actual [AUTOMATION]. Comparison Type [CASE_INSENSITIVE]. Validation Type [POSITIVE]. @04-05-2021 16:06:38.0625 PM
[ReportManager] Successfully created attachment [Screenshot - 1620144398554_assertElementAttribute_true_caseInsensitiveComparison_expectedToPass_AssertElementAttribute_passed] @04-05-2021 16:06:38.0626 P
[ReportManager] Successfully created attachment [Selenium WebDriver Logs - server] @04-05-2021 16:06:38.0699 PM
[ReportManager] Successfully created attachment [Selenium WebDriver Logs - performance] @04-05-2021 16:06:38.0773 PM
[ReportManager] Successfully created attachment [Selenium WebDriver Logs - driver] @04-05-2021 16:06:38.0884 PM
[ReportManager] Browser Action [closeCurrentWindow] successfully performed. @04-05-2021 16:06:38.0944 PM
[ReportManager] Successfully created attachment [Browser Action Test Data - closeCurrentWindow - Actual Value] @04-05-2021 16:06:38.0945 P
[ReportManager] File Action [getAbsolutePath] successfully performed. With the following test data [Relative Folder Path: "target/downloadedFiles/"]. @04-05-2021 16:06:38.0947 PM
[ReportManager] Attempting to run remotely on: [Linux-64], [GoogleChrome], [http://localhost:4444/wd/hub], Headless Execution. @04-05-2021 16:06:38.0947 PM
[ReportManager] Successfully Opened [GoogleChrome]. @04-05-2021 16:06:39.0144 PM
[ReportManager] Target URL: [https://www.google.com/ncr], and after redirection: [www.google.com] @04-05-2021 16:06:39.0160 PM
[ReportManager] Initial URL: [data:,] @04-05-2021 16:06:39.0195 PM
[ReportManager] Browser Action [navigateToURL] successfully performed. With the following test data [https://www.google.com/ncr]. @04-05-2021 16:06:39.0934 P

################################################################################################################################################
Starting Execution:	[88 out of 137] test cases in the current suite
Test Method:		[unitTests.tests_validations_assertions.assertElementAttribute_true_containsComparison_expectedToFail]
################################################################################################################################################
[ReportManager] Element Action [type] successfully performed. With the following test data [Automation123]. @04-05-2021 16:06:40.0429 PM
[ReportManager] Element Action [getText] successfully performed. With the following test data [Automation123]. @04-05-2021 16:06:40.0510 PM
[ReportManager] Loaded Shared OpenCV @04-05-2021 16:06:40.0680 PM
[ReportManager] AssertElementAttribute FAILED; Expected [Value Should be 'Automation1234' for the 'text' attribute, element locator 'By.name: q'] and Actual [Automation123]. Comparison Type [CONTAINS]. Validation Type [POSITIVE]. @04-05-2021 16:06:40.0748 PM
[ReportManager] Successfully created attachment [Screenshot - 1620144400680_assertElementAttribute_true_containsComparison_expectedToFail_AssertElementAttribute_failed] @04-05-2021 16:06:40.0749 P
[ReportManager] Successfully created attachment [Selenium WebDriver Logs - server] @04-05-2021 16:06:40.0820 PM
[ReportManager] Successfully created attachment [Selenium WebDriver Logs - performance] @04-05-2021 16:06:40.0901 PM
[ReportManager] Successfully created attachment [Selenium WebDriver Logs - driver] @04-05-2021 16:06:41.0022 PM
[ReportManager] Browser Action [closeCurrentWindow] successfully performed. @04-05-2021 16:06:41.0079 PM
[ReportManager] Successfully created attachment [Browser Action Test Data - closeCurrentWindow - Actual Value] @04-05-2021 16:06:41.0080 P
[ReportManager] File Action [getAbsolutePath] successfully performed. With the following test data [Relative Folder Path: "target/downloadedFiles/"]. @04-05-2021 16:06:41.0091 PM
[ReportManager] Attempting to run remotely on: [Linux-64], [GoogleChrome], [http://localhost:4444/wd/hub], Headless Execution. @04-05-2021 16:06:41.0091 PM
[ReportManager] Successfully Opened [GoogleChrome]. @04-05-2021 16:06:41.0286 PM
[ReportManager] Target URL: [https://www.google.com/ncr], and after redirection: [www.google.com] @04-05-2021 16:06:41.0295 PM
[ReportManager] Initial URL: [data:,] @04-05-2021 16:06:41.0342 PM
[ReportManager] Browser Action [navigateToURL] successfully performed. With the following test data [https://www.google.com/ncr]. @04-05-2021 16:06:42.0111 P

################################################################################################################################################
Starting Execution:	[89 out of 137] test cases in the current suite
Test Method:		[unitTests.tests_validations_assertions.assertElementAttribute_true_containsComparison_expectedToPass]
################################################################################################################################################
[ReportManager] Element Action [type] successfully performed. With the following test data [Automation123]. @04-05-2021 16:06:42.0609 PM
[ReportManager] Element Action [getText] successfully performed. With the following test data [Automation123]. @04-05-2021 16:06:42.0705 PM
[ReportManager] Loaded Shared OpenCV @04-05-2021 16:06:42.0863 PM
[ReportManager] AssertElementAttribute PASSED; Expected [Value Should be 'Automation' for the 'text' attribute, element locator 'By.name: q'] and Actual [Automation123]. Comparison Type [CONTAINS]. Validation Type [POSITIVE]. @04-05-2021 16:06:42.0931 PM
[ReportManager] Successfully created attachment [Screenshot - 1620144402863_assertElementAttribute_true_containsComparison_expectedToPass_AssertElementAttribute_passed] @04-05-2021 16:06:42.0932 P
[ReportManager] Successfully created attachment [Selenium WebDriver Logs - server] @04-05-2021 16:06:43.0009 PM
[ReportManager] Successfully created attachment [Selenium WebDriver Logs - performance] @04-05-2021 16:06:43.0091 PM
[ReportManager] Successfully created attachment [Selenium WebDriver Logs - driver] @04-05-2021 16:06:43.0210 PM
[ReportManager] Browser Action [closeCurrentWindow] successfully performed. @04-05-2021 16:06:43.0265 PM
[ReportManager] Successfully created attachment [Browser Action Test Data - closeCurrentWindow - Actual Value] @04-05-2021 16:06:43.0266 P
[ReportManager] File Action [getAbsolutePath] successfully performed. With the following test data [Relative Folder Path: "target/downloadedFiles/"]. @04-05-2021 16:06:43.0269 PM
[ReportManager] Attempting to run remotely on: [Linux-64], [GoogleChrome], [http://localhost:4444/wd/hub], Headless Execution. @04-05-2021 16:06:43.0269 PM
[ReportManager] Successfully Opened [GoogleChrome]. @04-05-2021 16:06:43.0459 PM
[ReportManager] Target URL: [https://www.google.com/ncr], and after redirection: [www.google.com] @04-05-2021 16:06:43.0471 PM
[ReportManager] Initial URL: [data:,] @04-05-2021 16:06:43.0505 PM
[ReportManager] Browser Action [navigateToURL] successfully performed. With the following test data [https://www.google.com/ncr]. @04-05-2021 16:06:44.0275 P

################################################################################################################################################
Starting Execution:	[90 out of 137] test cases in the current suite
Test Method:		[unitTests.tests_validations_assertions.assertElementAttribute_true_literalComparison_expectedToFail]
################################################################################################################################################
[ReportManager] Element Action [type] successfully performed. With the following test data [Automation!@#$%^&*()_+{}[]\';/.,]. @04-05-2021 16:06:45.0304 PM
[ReportManager] Element Action [getText] successfully performed. With the following test data [Automation!@#$%^&*()_+{}[]\';/.,]. @04-05-2021 16:06:45.0399 PM
[ReportManager] Loaded Shared OpenCV @04-05-2021 16:06:45.0553 PM
[ReportManager] AssertElementAttribute FAILED; Expected [Value Should be 'Automation' for the 'text' attribute, element locator 'By.name: q'] and Actual [Automation!@#$%^&*()_+{}[]\';/.,]. Comparison Type [EQUALS]. Validation Type [POSITIVE]. @04-05-2021 16:06:45.0623 PM
[ReportManager] Successfully created attachment [Screenshot - 1620144405553_assertElementAttribute_true_literalComparison_expectedToFail_AssertElementAttribute_failed] @04-05-2021 16:06:45.0624 P
[ReportManager] Successfully created attachment [Selenium WebDriver Logs - server] @04-05-2021 16:06:45.0693 PM
[ReportManager] Successfully created attachment [Selenium WebDriver Logs - performance] @04-05-2021 16:06:45.0830 PM
[ReportManager] Successfully created attachment [Selenium WebDriver Logs - driver] @04-05-2021 16:06:46.0002 PM
[ReportManager] Browser Action [closeCurrentWindow] successfully performed. @04-05-2021 16:06:46.0061 PM
[ReportManager] Successfully created attachment [Browser Action Test Data - closeCurrentWindow - Actual Value] @04-05-2021 16:06:46.0062 P
[ReportManager] File Action [getAbsolutePath] successfully performed. With the following test data [Relative Folder Path: "target/downloadedFiles/"]. @04-05-2021 16:06:46.0075 PM
[ReportManager] Attempting to run remotely on: [Linux-64], [GoogleChrome], [http://localhost:4444/wd/hub], Headless Execution. @04-05-2021 16:06:46.0075 PM
[ReportManager] Successfully Opened [GoogleChrome]. @04-05-2021 16:06:46.0358 PM
[ReportManager] Target URL: [https://www.google.com/ncr], and after redirection: [www.google.com] @04-05-2021 16:06:46.0370 PM
[ReportManager] Initial URL: [data:,] @04-05-2021 16:06:46.0406 PM
[ReportManager] Browser Action [navigateToURL] successfully performed. With the following test data [https://www.google.com/ncr]. @04-05-2021 16:06:47.0220 P

################################################################################################################################################
Starting Execution:	[91 out of 137] test cases in the current suite
Test Method:		[unitTests.tests_validations_assertions.assertElementAttribute_true_literalComparison_expectedToPass]
################################################################################################################################################
[ReportManager] Element Action [type] successfully performed. With the following test data [Automation!@#$%^&*()_+{}[]\';/.,]. @04-05-2021 16:06:48.0270 PM
[ReportManager] Element Action [getText] successfully performed. With the following test data [Automation!@#$%^&*()_+{}[]\';/.,]. @04-05-2021 16:06:48.0359 PM
[ReportManager] Loaded Shared OpenCV @04-05-2021 16:06:48.0539 PM
[ReportManager] AssertElementAttribute PASSED; Expected [Value Should be 'Automation!@#$%^&*()_+{}[]\';/.,' for the 'text' attribute, element locator 'By.name: q'] and Actual [Automation!@#$%^&*()_+{}[]\';/.,]. Comparison Type [EQUALS]. Validation Type [POSITIVE]. @04-05-2021 16:06:48.0612 PM
[ReportManager] Successfully created attachment [Screenshot - 1620144408539_assertElementAttribute_true_literalComparison_expectedToPass_AssertElementAttribute_passed] @04-05-2021 16:06:48.0613 P
[ReportManager] Successfully created attachment [Selenium WebDriver Logs - server] @04-05-2021 16:06:48.0692 PM
[ReportManager] Successfully created attachment [Selenium WebDriver Logs - performance] @04-05-2021 16:06:48.0824 PM
[ReportManager] Successfully created attachment [Selenium WebDriver Logs - driver] @04-05-2021 16:06:48.0981 PM
[ReportManager] Browser Action [closeCurrentWindow] successfully performed. @04-05-2021 16:06:49.0038 PM
[ReportManager] Successfully created attachment [Browser Action Test Data - closeCurrentWindow - Actual Value] @04-05-2021 16:06:49.0039 P
[ReportManager] File Action [getAbsolutePath] successfully performed. With the following test data [Relative Folder Path: "target/downloadedFiles/"]. @04-05-2021 16:06:49.0042 PM
[ReportManager] Attempting to run remotely on: [Linux-64], [GoogleChrome], [http://localhost:4444/wd/hub], Headless Execution. @04-05-2021 16:06:49.0042 PM
[ReportManager] Successfully Opened [GoogleChrome]. @04-05-2021 16:06:49.0236 PM
[ReportManager] Target URL: [https://www.google.com/ncr], and after redirection: [www.google.com] @04-05-2021 16:06:49.0245 PM
[ReportManager] Initial URL: [data:,] @04-05-2021 16:06:49.0283 PM
[ReportManager] Browser Action [navigateToURL] successfully performed. With the following test data [https://www.google.com/ncr]. @04-05-2021 16:06:50.0027 P

################################################################################################################################################
Starting Execution:	[92 out of 137] test cases in the current suite
Test Method:		[unitTests.tests_validations_assertions.assertElementAttribute_true_regexComparison_expectedToFail]
################################################################################################################################################
[ReportManager] Element Action [type] successfully performed. With the following test data [Automation123]. @04-05-2021 16:06:50.0531 PM
[ReportManager] Element Action [getText] successfully performed. With the following test data [Automation123]. @04-05-2021 16:06:50.0630 PM
[ReportManager] Loaded Shared OpenCV @04-05-2021 16:06:50.0768 PM
[ReportManager] AssertElementAttribute FAILED; Expected [Value Should be 'Automation' for the 'text' attribute, element locator 'By.name: q'] and Actual [Automation123]. Comparison Type [MATCHES]. Validation Type [POSITIVE]. @04-05-2021 16:06:50.0836 PM
[ReportManager] Successfully created attachment [Screenshot - 1620144410768_assertElementAttribute_true_regexComparison_expectedToFail_AssertElementAttribute_failed] @04-05-2021 16:06:50.0836 P
[ReportManager] Successfully created attachment [Selenium WebDriver Logs - server] @04-05-2021 16:06:50.0903 PM
[ReportManager] Successfully created attachment [Selenium WebDriver Logs - performance] @04-05-2021 16:06:50.0984 PM
[ReportManager] Successfully created attachment [Selenium WebDriver Logs - driver] @04-05-2021 16:06:51.0104 PM
[ReportManager] Browser Action [closeCurrentWindow] successfully performed. @04-05-2021 16:06:51.0160 PM
[ReportManager] Successfully created attachment [Browser Action Test Data - closeCurrentWindow - Actual Value] @04-05-2021 16:06:51.0161 P
[ReportManager] File Action [getAbsolutePath] successfully performed. With the following test data [Relative Folder Path: "target/downloadedFiles/"]. @04-05-2021 16:06:51.0163 PM
[ReportManager] Attempting to run remotely on: [Linux-64], [GoogleChrome], [http://localhost:4444/wd/hub], Headless Execution. @04-05-2021 16:06:51.0164 PM
[ReportManager] Successfully Opened [GoogleChrome]. @04-05-2021 16:06:51.0360 PM
[ReportManager] Target URL: [https://www.google.com/ncr], and after redirection: [www.google.com] @04-05-2021 16:06:51.0370 PM
[ReportManager] Initial URL: [data:,] @04-05-2021 16:06:51.0409 PM
[ReportManager] Browser Action [navigateToURL] successfully performed. With the following test data [https://www.google.com/ncr]. @04-05-2021 16:06:52.0147 P

################################################################################################################################################
Starting Execution:	[93 out of 137] test cases in the current suite
Test Method:		[unitTests.tests_validations_assertions.assertElementAttribute_true_regexComparison_expectedToPass]
################################################################################################################################################
[ReportManager] Element Action [type] successfully performed. With the following test data [Automation123]. @04-05-2021 16:06:52.0656 PM
[ReportManager] Element Action [getText] successfully performed. With the following test data [Automation123]. @04-05-2021 16:06:52.0741 PM
[ReportManager] Loaded Shared OpenCV @04-05-2021 16:06:52.0931 PM
[ReportManager] AssertElementAttribute PASSED; Expected [Value Should be 'Automation.*' for the 'text' attribute, element locator 'By.name: q'] and Actual [Automation123]. Comparison Type [MATCHES]. Validation Type [POSITIVE]. @04-05-2021 16:06:52.0999 PM
[ReportManager] Successfully created attachment [Screenshot - 1620144412931_assertElementAttribute_true_regexComparison_expectedToPass_AssertElementAttribute_passed] @04-05-2021 16:06:53.0000 P
[ReportManager] Successfully created attachment [Selenium WebDriver Logs - server] @04-05-2021 16:06:53.0101 PM
[ReportManager] Successfully created attachment [Selenium WebDriver Logs - performance] @04-05-2021 16:06:53.0242 PM
[ReportManager] Successfully created attachment [Selenium WebDriver Logs - driver] @04-05-2021 16:06:53.0369 PM
[ReportManager] Browser Action [closeCurrentWindow] successfully performed. @04-05-2021 16:06:53.0425 PM
[ReportManager] Successfully created attachment [Browser Action Test Data - closeCurrentWindow - Actual Value] @04-05-2021 16:06:53.0426 P
[ReportManager] File Action [getAbsolutePath] successfully performed. With the following test data [Relative Folder Path: "target/downloadedFiles/"]. @04-05-2021 16:06:53.0428 PM
[ReportManager] Attempting to run remotely on: [Linux-64], [GoogleChrome], [http://localhost:4444/wd/hub], Headless Execution. @04-05-2021 16:06:53.0428 PM
[ReportManager] Successfully Opened [GoogleChrome]. @04-05-2021 16:06:53.0627 PM
[ReportManager] Target URL: [https://www.google.com/ncr], and after redirection: [www.google.com] @04-05-2021 16:06:53.0637 PM
[ReportManager] Initial URL: [data:,] @04-05-2021 16:06:53.0676 PM
[ReportManager] Browser Action [navigateToURL] successfully performed. With the following test data [https://www.google.com/ncr]. @04-05-2021 16:06:54.0430 P

################################################################################################################################################
Starting Execution:	[94 out of 137] test cases in the current suite
Test Method:		[unitTests.tests_validations_assertions.assertElementAttribute_type_true_literalComparison_expectedToPass]
################################################################################################################################################
[ReportManager] Element Action [type] successfully performed. With the following test data [Automation!@#$%^&*()_+{}[]\';/.,]. @04-05-2021 16:06:55.0428 PM
[ReportManager] Element Action [getText] successfully performed. With the following test data [Automation!@#$%^&*()_+{}[]\';/.,]. @04-05-2021 16:06:55.0519 PM
[ReportManager] Loaded Shared OpenCV @04-05-2021 16:06:55.0669 PM
[ReportManager] AssertElementAttribute PASSED; Expected [Value Should be 'Automation!@#$%^&*()_+{}[]\';/.,' for the 'text' attribute, element locator 'By.name: q'] and Actual [Automation!@#$%^&*()_+{}[]\';/.,]. Comparison Type [EQUALS]. Validation Type [POSITIVE]. @04-05-2021 16:06:55.0740 PM
[ReportManager] Successfully created attachment [Screenshot - 1620144415669_assertElementAttribute_type_true_literalComparison_expectedToPass_AssertElementAttribute_passed] @04-05-2021 16:06:55.0741 P
[ReportManager] Successfully created attachment [Selenium WebDriver Logs - server] @04-05-2021 16:06:55.0812 PM
[ReportManager] Successfully created attachment [Selenium WebDriver Logs - performance] @04-05-2021 16:06:55.0952 PM
[ReportManager] Successfully created attachment [Selenium WebDriver Logs - driver] @04-05-2021 16:06:56.0107 PM
[ReportManager] Browser Action [closeCurrentWindow] successfully performed. @04-05-2021 16:06:56.0164 PM
[ReportManager] Successfully created attachment [Browser Action Test Data - closeCurrentWindow - Actual Value] @04-05-2021 16:06:56.0164 P
[ReportManager] File Action [getAbsolutePath] successfully performed. With the following test data [Relative Folder Path: "target/downloadedFiles/"]. @04-05-2021 16:06:56.0168 PM
[ReportManager] Attempting to run remotely on: [Linux-64], [GoogleChrome], [http://localhost:4444/wd/hub], Headless Execution. @04-05-2021 16:06:56.0169 PM
[ReportManager] Successfully Opened [GoogleChrome]. @04-05-2021 16:06:56.0357 PM
[ReportManager] Target URL: [https://www.google.com/ncr], and after redirection: [www.google.com] @04-05-2021 16:06:56.0368 PM
[ReportManager] Initial URL: [data:,] @04-05-2021 16:06:56.0403 PM
[ReportManager] Browser Action [navigateToURL] successfully performed. With the following test data [https://www.google.com/ncr]. @04-05-2021 16:06:57.0155 P

################################################################################################################################################
Starting Execution:	[95 out of 137] test cases in the current suite
Test Method:		[unitTests.tests_validations_assertions.assertElementExists_false_expectedToFail]
################################################################################################################################################
[ReportManager] Loaded Shared OpenCV @04-05-2021 16:06:57.0361 PM
[ReportManager] AssertElementExists FAILED; Expected [Element Should not Exist, locator 'By.id: hplogo'] and Actual [Element Exists]. Comparison Type [EQUALS]. Validation Type [NEGATIVE]. @04-05-2021 16:06:57.0427 PM
[ReportManager] Successfully created attachment [Screenshot - 1620144417361_assertElementExists_false_expectedToFail_AssertElementExists_failed] @04-05-2021 16:06:57.0428 P
[ReportManager] Successfully created attachment [Selenium WebDriver Logs - server] @04-05-2021 16:06:57.0498 PM
[ReportManager] Successfully created attachment [Selenium WebDriver Logs - performance] @04-05-2021 16:06:57.0530 PM
[ReportManager] Successfully created attachment [Selenium WebDriver Logs - driver] @04-05-2021 16:06:57.0601 PM
[ReportManager] Browser Action [closeCurrentWindow] successfully performed. @04-05-2021 16:06:57.0657 PM
[ReportManager] Successfully created attachment [Browser Action Test Data - closeCurrentWindow - Actual Value] @04-05-2021 16:06:57.0658 P
[ReportManager] File Action [getAbsolutePath] successfully performed. With the following test data [Relative Folder Path: "target/downloadedFiles/"]. @04-05-2021 16:06:57.0660 PM
[ReportManager] Attempting to run remotely on: [Linux-64], [GoogleChrome], [http://localhost:4444/wd/hub], Headless Execution. @04-05-2021 16:06:57.0660 PM
[ReportManager] Successfully Opened [GoogleChrome]. @04-05-2021 16:06:57.0857 PM
[ReportManager] Target URL: [https://www.google.com/ncr], and after redirection: [www.google.com] @04-05-2021 16:06:57.0867 PM
[ReportManager] Initial URL: [data:,] @04-05-2021 16:06:57.0902 PM
[ReportManager] Browser Action [navigateToURL] successfully performed. With the following test data [https://www.google.com/ncr]. @04-05-2021 16:06:58.0637 P

################################################################################################################################################
Starting Execution:	[96 out of 137] test cases in the current suite
Test Method:		[unitTests.tests_validations_assertions.assertElementExists_false_expectedToPass]
################################################################################################################################################
[ReportManager] AssertElementExists PASSED; Expected [Element Should not Exist, locator 'By.id: fakeElement'] and Actual [Element Doesn't Exists]. Comparison Type [EQUALS]. Validation Type [NEGATIVE]. @04-05-2021 16:07:08.0984 PM
[ReportManager] Successfully created attachment [Screenshot - 1620144428926_assertElementExists_false_expectedToPass_AssertElementExists_passed] @04-05-2021 16:07:08.0985 P
[ReportManager] Successfully created attachment [Selenium WebDriver Logs - server] @04-05-2021 16:07:09.0051 PM
[ReportManager] Successfully created attachment [Selenium WebDriver Logs - performance] @04-05-2021 16:07:09.0082 PM
[ReportManager] Successfully created attachment [Selenium WebDriver Logs - driver] @04-05-2021 16:07:09.0150 PM
[ReportManager] Browser Action [closeCurrentWindow] successfully performed. @04-05-2021 16:07:09.0206 PM
[ReportManager] Successfully created attachment [Browser Action Test Data - closeCurrentWindow - Actual Value] @04-05-2021 16:07:09.0207 P
[ReportManager] File Action [getAbsolutePath] successfully performed. With the following test data [Relative Folder Path: "target/downloadedFiles/"]. @04-05-2021 16:07:09.0210 PM
[ReportManager] Attempting to run remotely on: [Linux-64], [GoogleChrome], [http://localhost:4444/wd/hub], Headless Execution. @04-05-2021 16:07:09.0210 PM
[ReportManager] Successfully Opened [GoogleChrome]. @04-05-2021 16:07:09.0400 PM
[ReportManager] Target URL: [https://www.google.com/ncr], and after redirection: [www.google.com] @04-05-2021 16:07:09.0411 PM
[ReportManager] Initial URL: [data:,] @04-05-2021 16:07:09.0444 PM
[ReportManager] Browser Action [navigateToURL] successfully performed. With the following test data [https://www.google.com/ncr]. @04-05-2021 16:07:10.0160 P

################################################################################################################################################
Starting Execution:	[97 out of 137] test cases in the current suite
Test Method:		[unitTests.tests_validations_assertions.assertElementExists_false_multipleElementsFound_expectedToFail]
################################################################################################################################################
[ReportManager] AssertElementExists FAILED; Expected [Element Should not Exist, locator 'By.xpath: //div'] and Actual [Element Exists but is not unique]. Comparison Type [EQUALS]. Validation Type [NEGATIVE]. @04-05-2021 16:07:10.0376 PM
[ReportManager] Successfully created attachment [Screenshot - 1620144430325_assertElementExists_false_multipleElementsFound_expectedToFail_AssertElementExists_failed] @04-05-2021 16:07:10.0377 P
[ReportManager] Successfully created attachment [Selenium WebDriver Logs - server] @04-05-2021 16:07:10.0442 PM
[ReportManager] Successfully created attachment [Selenium WebDriver Logs - performance] @04-05-2021 16:07:10.0474 PM
[ReportManager] Successfully created attachment [Selenium WebDriver Logs - driver] @04-05-2021 16:07:10.0537 PM
[ReportManager] Browser Action [closeCurrentWindow] successfully performed. @04-05-2021 16:07:10.0601 PM
[ReportManager] Successfully created attachment [Browser Action Test Data - closeCurrentWindow - Actual Value] @04-05-2021 16:07:10.0602 P
[ReportManager] File Action [getAbsolutePath] successfully performed. With the following test data [Relative Folder Path: "target/downloadedFiles/"]. @04-05-2021 16:07:10.0604 PM
[ReportManager] Attempting to run remotely on: [Linux-64], [GoogleChrome], [http://localhost:4444/wd/hub], Headless Execution. @04-05-2021 16:07:10.0604 PM
[ReportManager] Successfully Opened [GoogleChrome]. @04-05-2021 16:07:10.0778 PM
[ReportManager] Target URL: [https://www.google.com/ncr], and after redirection: [www.google.com] @04-05-2021 16:07:10.0789 PM
[ReportManager] Initial URL: [data:,] @04-05-2021 16:07:10.0826 PM
[ReportManager] Browser Action [navigateToURL] successfully performed. With the following test data [https://www.google.com/ncr]. @04-05-2021 16:07:11.0508 P

################################################################################################################################################
Starting Execution:	[98 out of 137] test cases in the current suite
Test Method:		[unitTests.tests_validations_assertions.assertElementExists_true_expectedToFail]
################################################################################################################################################
[ReportManager] AssertElementExists FAILED; Expected [Element Should Exist, locator 'By.id: fakeElement'] and Actual [Element Doesn't Exists]. Comparison Type [EQUALS]. Validation Type [POSITIVE]. @04-05-2021 16:07:42.0157 PM
[ReportManager] Successfully created attachment [Screenshot - 1620144462105_assertElementExists_true_expectedToFail_AssertElementExists_failed] @04-05-2021 16:07:42.0157 P
[ReportManager] Successfully created attachment [Selenium WebDriver Logs - server] @04-05-2021 16:07:42.0227 PM
[ReportManager] Successfully created attachment [Selenium WebDriver Logs - performance] @04-05-2021 16:07:42.0264 PM
[ReportManager] Successfully created attachment [Selenium WebDriver Logs - driver] @04-05-2021 16:07:42.0350 PM
[ReportManager] Browser Action [closeCurrentWindow] successfully performed. @04-05-2021 16:07:42.0407 PM
[ReportManager] Successfully created attachment [Browser Action Test Data - closeCurrentWindow - Actual Value] @04-05-2021 16:07:42.0408 P
[ReportManager] File Action [getAbsolutePath] successfully performed. With the following test data [Relative Folder Path: "target/downloadedFiles/"]. @04-05-2021 16:07:42.0410 PM
[ReportManager] Attempting to run remotely on: [Linux-64], [GoogleChrome], [http://localhost:4444/wd/hub], Headless Execution. @04-05-2021 16:07:42.0410 PM
[ReportManager] Successfully Opened [GoogleChrome]. @04-05-2021 16:07:42.0589 PM
[ReportManager] Target URL: [https://www.google.com/ncr], and after redirection: [www.google.com] @04-05-2021 16:07:42.0601 PM
[ReportManager] Initial URL: [data:,] @04-05-2021 16:07:42.0636 PM
[ReportManager] Browser Action [navigateToURL] successfully performed. With the following test data [https://www.google.com/ncr]. @04-05-2021 16:07:43.0369 P

################################################################################################################################################
Starting Execution:	[99 out of 137] test cases in the current suite
Test Method:		[unitTests.tests_validations_assertions.assertElementExists_true_expectedToPass]
################################################################################################################################################
[ReportManager] Loaded Shared OpenCV @04-05-2021 16:07:43.0571 PM
[ReportManager] AssertElementExists PASSED; Expected [Element Should Exist, locator 'By.xpath: //img[@id='hplogo' or @alt='Google']'] and Actual [Element Exists]. Comparison Type [EQUALS]. Validation Type [POSITIVE]. @04-05-2021 16:07:43.0630 PM
[ReportManager] Successfully created attachment [Screenshot - 1620144463570_assertElementExists_true_expectedToPass_AssertElementExists_passed] @04-05-2021 16:07:43.0631 P
[ReportManager] Successfully created attachment [Selenium WebDriver Logs - server] @04-05-2021 16:07:43.0695 PM
[ReportManager] Successfully created attachment [Selenium WebDriver Logs - performance] @04-05-2021 16:07:43.0729 PM
[ReportManager] Successfully created attachment [Selenium WebDriver Logs - driver] @04-05-2021 16:07:43.0791 PM
[ReportManager] Browser Action [closeCurrentWindow] successfully performed. @04-05-2021 16:07:43.0848 PM
[ReportManager] Successfully created attachment [Browser Action Test Data - closeCurrentWindow - Actual Value] @04-05-2021 16:07:43.0849 P
[ReportManager] File Action [getAbsolutePath] successfully performed. With the following test data [Relative Folder Path: "target/downloadedFiles/"]. @04-05-2021 16:07:43.0851 PM
[ReportManager] Attempting to run remotely on: [Linux-64], [GoogleChrome], [http://localhost:4444/wd/hub], Headless Execution. @04-05-2021 16:07:43.0853 PM
[ReportManager] Successfully Opened [GoogleChrome]. @04-05-2021 16:07:44.0032 PM
[ReportManager] Target URL: [https://www.google.com/ncr], and after redirection: [www.google.com] @04-05-2021 16:07:44.0044 PM
[ReportManager] Initial URL: [data:,] @04-05-2021 16:07:44.0077 PM
[ReportManager] Browser Action [navigateToURL] successfully performed. With the following test data [https://www.google.com/ncr]. @04-05-2021 16:07:44.0789 P

################################################################################################################################################
Starting Execution:	[100 out of 137] test cases in the current suite
Test Method:		[unitTests.tests_validations_assertions.assertElementExists_true_multipleElementsFound_expectedToFail]
################################################################################################################################################
[ReportManager] AssertElementExists FAILED; Expected [Element Should Exist, locator 'By.xpath: //div'] and Actual [Element Exists but is not unique]. Comparison Type [EQUALS]. Validation Type [POSITIVE]. @04-05-2021 16:07:45.0032 PM
[ReportManager] Successfully created attachment [Screenshot - 1620144464980_assertElementExists_true_multipleElementsFound_expectedToFail_AssertElementExists_failed] @04-05-2021 16:07:45.0033 P
[ReportManager] Successfully created attachment [Selenium WebDriver Logs - server] @04-05-2021 16:07:45.0095 PM
[ReportManager] Successfully created attachment [Selenium WebDriver Logs - performance] @04-05-2021 16:07:45.0131 PM
[ReportManager] Successfully created attachment [Selenium WebDriver Logs - driver] @04-05-2021 16:07:45.0201 PM
[ReportManager] Browser Action [closeCurrentWindow] successfully performed. @04-05-2021 16:07:45.0258 PM
[ReportManager] Successfully created attachment [Browser Action Test Data - closeCurrentWindow - Actual Value] @04-05-2021 16:07:45.0258 P

################################################################################################################################################
Starting Execution:	[101 out of 137] test cases in the current suite
Test Method:		[unitTests.tests_validations_assertions.assertEquals_false_expectedToFail]
################################################################################################################################################
[ReportManager] AssertEquals FAILED; Expected [1] and Actual [1]. Comparison Type [EQUALS]. Validation Type [NEGATIVE]. @04-05-2021 16:07:45.0261 P

################################################################################################################################################
Starting Execution:	[102 out of 137] test cases in the current suite
Test Method:		[unitTests.tests_validations_assertions.assertEquals_false_expectedToPass]
################################################################################################################################################
[ReportManager] AssertEquals PASSED; Expected [1] and Actual [2]. Comparison Type [EQUALS]. Validation Type [NEGATIVE]. @04-05-2021 16:07:45.0263 P

################################################################################################################################################
Starting Execution:	[103 out of 137] test cases in the current suite
Test Method:		[unitTests.tests_validations_assertions.assertEquals_longCharacters]
################################################################################################################################################
[ReportManager] VerifyEquals PASSED; Expected and Actual values are attached. Comparison Type [EQUALS]. Validation Type [POSITIVE]. @04-05-2021 16:07:45.0265 PM
[ReportManager] Successfully created attachment [Validation Test Data - Expected Value] @04-05-2021 16:07:45.0265 PM
[ReportManager] Successfully created attachment [Validation Test Data - Actual Value] @04-05-2021 16:07:45.0265 PM
[ReportManager] AssertEquals PASSED; Expected and Actual values are attached. Comparison Type [EQUALS]. Validation Type [POSITIVE]. @04-05-2021 16:07:45.0265 PM
[ReportManager] Successfully created attachment [Validation Test Data - Expected Value] @04-05-2021 16:07:45.0265 PM
[ReportManager] Successfully created attachment [Validation Test Data - Actual Value] @04-05-2021 16:07:45.0265 P

################################################################################################################################################
Starting Execution:	[104 out of 137] test cases in the current suite
Test Method:		[unitTests.tests_validations_assertions.assertEquals_longCharacters_Discreet]
################################################################################################################################################
[ReportManager] AssertEquals PASSED; Expected [1LH5pROcDBjjQk0t0mCr0lXuzQu9lcGj28kY8R1H81X67eVAQJgWQhILiRWVPUgZ6uCtK5cnBkF55Jr9vYngjGO1Iyf0Mktv6lruDlL9T8MAUPcUZJGHZtji6nIeadujDSNmWMj5d6C8zlFqw0CRqBU0hO5adIasHgBSNoLotAjce3NGXoDwAlp3rYreeV16VIyZXROQY] and Actual [1LH5pROcDBjjQk0t0mCr0lXuzQu9lcGj28kY8R1H81X67eVAQJgWQhILiRWVPUgZ6uCtK5cnBkF55Jr9vYngjGO1Iyf0Mktv6lruDlL9T8MAUPcUZJGHZtji6nIeadujDSNmWMj5d6C8zlFqw0CRqBU0hO5adIasHgBSNoLotAjce3NGXoDwAlp3rYreeV16VIyZXROQY]. Comparison Type [EQUALS]. Validation Type [POSITIVE]. @04-05-2021 16:07:45.0269 P

################################################################################################################################################
Starting Execution:	[105 out of 137] test cases in the current suite
Test Method:		[unitTests.tests_validations_assertions.assertEquals_true_expectedToFail]
################################################################################################################################################
[ReportManager] AssertEquals FAILED; Expected [1] and Actual [2]. Comparison Type [EQUALS]. Validation Type [POSITIVE]. @04-05-2021 16:07:45.0270 P

################################################################################################################################################
Starting Execution:	[106 out of 137] test cases in the current suite
Test Method:		[unitTests.tests_validations_assertions.assertEquals_true_expectedToPass]
Test Description:	[Assert that assertEquals works as expected when the two values are equal.]
################################################################################################################################################
[ReportManager] VerifyEquals PASSED; Expected [1] and Actual [1]. Comparison Type [EQUALS]. Validation Type [POSITIVE]. @04-05-2021 16:07:45.0272 PM
[ReportManager] AssertEquals PASSED; Expected [1] and Actual [1]. Comparison Type [EQUALS]. Validation Type [POSITIVE]. @04-05-2021 16:07:45.0272 P

################################################################################################################################################
Starting Execution:	[107 out of 137] test cases in the current suite
Test Method:		[unitTests.tests_validations_assertions.assertEquals_true_expectedToPass__]
################################################################################################################################################
[ReportManager] AssertEquals PASSED; Expected [1] and Actual [1]. Comparison Type [EQUALS]. Validation Type [POSITIVE]. @04-05-2021 16:07:45.0273 P

################################################################################################################################################
Starting Execution:	[108 out of 137] test cases in the current suite
Test Method:		[unitTests.tests_validations_assertions.assertFileExists_false_expectedToFail]
################################################################################################################################################
[ReportManager] File Action [doesFileExist] successfully performed. With the following test data [File Path: "src/main/java/com/shaft/gui/element/ElementActions.java"]. @04-05-2021 16:07:45.0276 PM
[ReportManager] AssertFileExists FAILED; Expected [File 'src/main/java/com/shaft/gui/element/ElementActions.java' should not exist, after up to '1' retries] and Actual [File exists]. Validation Type [NEGATIVE]. @04-05-2021 16:07:45.0276 P

################################################################################################################################################
Starting Execution:	[109 out of 137] test cases in the current suite
Test Method:		[unitTests.tests_validations_assertions.assertFileExists_false_expectedToPass]
################################################################################################################################################
[ReportManager] File Action [doesFileExist] successfully performed. With the following test data [File Path: "src/main/java/com/shaft/gui/element/ElementActions.java_fail"]. @04-05-2021 16:07:45.0778 PM
[ReportManager] AssertFileExists PASSED; Expected [File 'src/main/java/com/shaft/gui/element/ElementActions.java_fail' should not exist, after up to '1' retries] and Actual [File does not exist]. Validation Type [NEGATIVE]. @04-05-2021 16:07:45.0778 P

################################################################################################################################################
Starting Execution:	[110 out of 137] test cases in the current suite
Test Method:		[unitTests.tests_validations_assertions.assertFileExists_true_expectedToFail]
################################################################################################################################################
[ReportManager] File Action [doesFileExist] successfully performed. With the following test data [File Path: "src/main/java/com/shaft/gui/element/ElementActions.java_fail"]. @04-05-2021 16:07:46.0283 PM
[ReportManager] AssertFileExists FAILED; Expected [File 'src/main/java/com/shaft/gui/element/ElementActions.java_fail' should exist, after up to '1' retries] and Actual [File does not exist]. Validation Type [POSITIVE]. @04-05-2021 16:07:46.0284 P

################################################################################################################################################
Starting Execution:	[111 out of 137] test cases in the current suite
Test Method:		[unitTests.tests_validations_assertions.assertFileExists_true_expectedToPass]
################################################################################################################################################
[ReportManager] File Action [doesFileExist] successfully performed. With the following test data [File Path: "src/main/java/com/shaft/gui/element/ElementActions.java"]. @04-05-2021 16:07:46.0286 PM
[ReportManager] AssertFileExists PASSED; Expected [File 'src/main/java/com/shaft/gui/element/ElementActions.java' should exist, after up to '1' retries] and Actual [File exists]. Validation Type [POSITIVE]. @04-05-2021 16:07:46.0287 P

################################################################################################################################################
Starting Execution:	[112 out of 137] test cases in the current suite
Test Method:		[unitTests.tests_validations_assertions.assertNull_false_expectedToFail]
################################################################################################################################################
[ReportManager] AssertNull FAILED; Expected [NULL] and Actual [NULL]. Comparison Type [EQUALS]. Validation Type [NEGATIVE]. @04-05-2021 16:07:46.0289 P

################################################################################################################################################
Starting Execution:	[113 out of 137] test cases in the current suite
Test Method:		[unitTests.tests_validations_assertions.assertNull_false_expectedToPass]
################################################################################################################################################
[ReportManager] AssertNull PASSED; Expected [NULL] and Actual [1]. Comparison Type [EQUALS]. Validation Type [NEGATIVE]. @04-05-2021 16:07:46.0291 P

################################################################################################################################################
Starting Execution:	[114 out of 137] test cases in the current suite
Test Method:		[unitTests.tests_validations_assertions.assertNull_true_expectedToFail]
################################################################################################################################################
[ReportManager] AssertNull FAILED; Expected [NULL] and Actual [1]. Comparison Type [EQUALS]. Validation Type [POSITIVE]. @04-05-2021 16:07:46.0293 P

################################################################################################################################################
Starting Execution:	[115 out of 137] test cases in the current suite
Test Method:		[unitTests.tests_validations_assertions.assertNull_true_expectedToPass]
################################################################################################################################################
[ReportManager] AssertNull PASSED; Expected [NULL] and Actual [NULL]. Comparison Type [EQUALS]. Validation Type [POSITIVE]. @04-05-2021 16:07:46.0294 P
[ReportManager] File Action [getAbsolutePath] successfully performed. With the following test data [Relative Folder Path: "target/downloadedFiles/"]. @04-05-2021 16:07:46.0295 PM
[ReportManager] Attempting to run remotely on: [Linux-64], [GoogleChrome], [http://localhost:4444/wd/hub], Headless Execution. @04-05-2021 16:07:46.0295 PM
[ReportManager] Successfully Opened [GoogleChrome]. @04-05-2021 16:07:46.0464 PM
[ReportManager] Target URL: [https://duckduckgo.com] @04-05-2021 16:07:46.0473 PM
[ReportManager] Initial URL: [data:,] @04-05-2021 16:07:46.0506 PM
[ReportManager] Browser Action [navigateToURL] successfully performed. With the following test data [https://duckduckgo.com]. @04-05-2021 16:07:46.0998 P

################################################################################################################################################
Starting Execution:	[116 out of 137] test cases in the current suite
Test Method:		[unitTests.tests_browserActions.fullScreenWindow]
################################################################################################################################################
[ReportManager] Initial Windows Size: 800x600 @04-05-2021 16:07:47.0008 PM
[ReportManager] Initial window size: (800, 600) @04-05-2021 16:07:47.0010 PM
[ReportManager] Window size after Toolkit: (1920, 1080) @04-05-2021 16:07:47.0227 PM
[ReportManager] Browser Action [maximizeWindow] successfully performed. With the following test data [New screen size is now: (1920, 1080)]. @04-05-2021 16:07:47.0229 PM
[ReportManager] Current Windows Size after fullScreen: 1920x1080 @04-05-2021 16:07:47.0232 PM
[ReportManager] Browser Action [fullScreenWindow] successfully performed. @04-05-2021 16:07:47.0252 PM
[ReportManager] Successfully created attachment [Browser Action Test Data - fullScreenWindow - Actual Value] @04-05-2021 16:07:47.0252 P
[ReportManager] Target URL: [https://duckduckgo.com] @04-05-2021 16:07:47.0256 PM
[ReportManager] Initial URL: [https://duckduckgo.com] @04-05-2021 16:07:47.0330 PM
[ReportManager] Browser Action [navigateToURL] successfully performed. With the following test data [https://duckduckgo.com]. @04-05-2021 16:07:47.0649 PM
[ReportManager] Successfully created attachment [Selenium WebDriver Logs - server] @04-05-2021 16:07:47.0692 PM
[ReportManager] Successfully created attachment [Selenium WebDriver Logs - performance] @04-05-2021 16:07:47.0790 PM
[ReportManager] Successfully created attachment [Selenium WebDriver Logs - driver] @04-05-2021 16:07:47.0909 PM
[ReportManager] Browser Action [closeCurrentWindow] successfully performed. @04-05-2021 16:07:47.0965 PM
[ReportManager] Successfully created attachment [Browser Action Test Data - closeCurrentWindow - Actual Value] @04-05-2021 16:07:47.0965 P
[ReportManager] File Action [getAbsolutePath] successfully performed. With the following test data [Relative Folder Path: "target/downloadedFiles/"]. @04-05-2021 16:07:47.0967 PM
[ReportManager] Attempting to run remotely on: [Linux-64], [GoogleChrome], [http://localhost:4444/wd/hub], Headless Execution. @04-05-2021 16:07:47.0967 PM
[ReportManager] Successfully Opened [GoogleChrome]. @04-05-2021 16:07:48.0152 PM
[ReportManager] Target URL: [https://duckduckgo.com] @04-05-2021 16:07:48.0164 PM
[ReportManager] Initial URL: [data:,] @04-05-2021 16:07:48.0197 PM
[ReportManager] Browser Action [navigateToURL] successfully performed. With the following test data [https://duckduckgo.com]. @04-05-2021 16:07:48.0640 P

################################################################################################################################################
Starting Execution:	[117 out of 137] test cases in the current suite
Test Method:		[unitTests.tests_browserActions.getCurrentURL]
################################################################################################################################################
[ReportManager] Browser Action [getCurrentURL] successfully performed. With the following test data [https://duckduckgo.com/]. @04-05-2021 16:07:48.0672 P
[ReportManager] Target URL: [https://duckduckgo.com] @04-05-2021 16:07:48.0674 PM
[ReportManager] Initial URL: [https://duckduckgo.com] @04-05-2021 16:07:48.0722 PM
[ReportManager] Browser Action [navigateToURL] successfully performed. With the following test data [https://duckduckgo.com]. @04-05-2021 16:07:49.0000 PM
[ReportManager] Successfully created attachment [Selenium WebDriver Logs - server] @04-05-2021 16:07:49.0043 PM
[ReportManager] Successfully created attachment [Selenium WebDriver Logs - performance] @04-05-2021 16:07:49.0138 PM
[ReportManager] Successfully created attachment [Selenium WebDriver Logs - driver] @04-05-2021 16:07:49.0257 PM
[ReportManager] Browser Action [closeCurrentWindow] successfully performed. @04-05-2021 16:07:49.0313 PM
[ReportManager] Successfully created attachment [Browser Action Test Data - closeCurrentWindow - Actual Value] @04-05-2021 16:07:49.0314 P
[ReportManager] File Action [getAbsolutePath] successfully performed. With the following test data [Relative Folder Path: "target/downloadedFiles/"]. @04-05-2021 16:07:49.0315 PM
[ReportManager] Attempting to run remotely on: [Linux-64], [GoogleChrome], [http://localhost:4444/wd/hub], Headless Execution. @04-05-2021 16:07:49.0315 PM
[ReportManager] Successfully Opened [GoogleChrome]. @04-05-2021 16:07:49.0495 PM
[ReportManager] Target URL: [https://duckduckgo.com] @04-05-2021 16:07:49.0505 PM
[ReportManager] Initial URL: [data:,] @04-05-2021 16:07:49.0538 PM
[ReportManager] Browser Action [navigateToURL] successfully performed. With the following test data [https://duckduckgo.com]. @04-05-2021 16:07:49.0991 P

################################################################################################################################################
Starting Execution:	[118 out of 137] test cases in the current suite
Test Method:		[unitTests.tests_browserActions.getCurrentWindowTitle]
################################################################################################################################################
[ReportManager] Browser Action [getCurrentWindowTitle] successfully performed. With the following test data [DuckDuckGo  Privacy, simplified.]. @04-05-2021 16:07:50.0022 P
[ReportManager] Target URL: [https://duckduckgo.com] @04-05-2021 16:07:50.0024 PM
[ReportManager] Initial URL: [https://duckduckgo.com] @04-05-2021 16:07:50.0074 PM
[ReportManager] Browser Action [navigateToURL] successfully performed. With the following test data [https://duckduckgo.com]. @04-05-2021 16:07:50.0379 PM
[ReportManager] Successfully created attachment [Selenium WebDriver Logs - server] @04-05-2021 16:07:50.0428 PM
[ReportManager] Successfully created attachment [Selenium WebDriver Logs - performance] @04-05-2021 16:07:50.0522 PM
[ReportManager] Successfully created attachment [Selenium WebDriver Logs - driver] @04-05-2021 16:07:50.0650 PM
[ReportManager] Browser Action [closeCurrentWindow] successfully performed. @04-05-2021 16:07:50.0706 PM
[ReportManager] Successfully created attachment [Browser Action Test Data - closeCurrentWindow - Actual Value] @04-05-2021 16:07:50.0706 P
[ReportManager] File Action [getAbsolutePath] successfully performed. With the following test data [Relative Folder Path: "target/downloadedFiles/"]. @04-05-2021 16:07:50.0708 PM
[ReportManager] Attempting to run remotely on: [Linux-64], [GoogleChrome], [http://localhost:4444/wd/hub], Headless Execution. @04-05-2021 16:07:50.0708 PM
[ReportManager] Successfully Opened [GoogleChrome]. @04-05-2021 16:07:50.0892 PM
[ReportManager] Target URL: [https://duckduckgo.com] @04-05-2021 16:07:50.0902 PM
[ReportManager] Initial URL: [data:,] @04-05-2021 16:07:50.0936 PM
[ReportManager] Browser Action [navigateToURL] successfully performed. With the following test data [https://duckduckgo.com]. @04-05-2021 16:07:51.0381 P

################################################################################################################################################
Starting Execution:	[119 out of 137] test cases in the current suite
Test Method:		[unitTests.tests_browserActions.getPageSource]
################################################################################################################################################
[ReportManager] Browser Action [getPageSource] successfully performed. @04-05-2021 16:07:51.0424 PM
[ReportManager] Successfully created attachment [Browser Action Test Data - getPageSource - Actual Value] @04-05-2021 16:07:51.0425 P
[ReportManager] Target URL: [https://duckduckgo.com] @04-05-2021 16:07:51.0428 PM
[ReportManager] Initial URL: [https://duckduckgo.com] @04-05-2021 16:07:51.0481 PM
[ReportManager] Browser Action [navigateToURL] successfully performed. With the following test data [https://duckduckgo.com]. @04-05-2021 16:07:51.0803 PM
[ReportManager] Successfully created attachment [Selenium WebDriver Logs - server] @04-05-2021 16:07:51.0855 PM
[ReportManager] Successfully created attachment [Selenium WebDriver Logs - performance] @04-05-2021 16:07:51.0954 PM
[ReportManager] Successfully created attachment [Selenium WebDriver Logs - driver] @04-05-2021 16:07:52.0083 PM
[ReportManager] Browser Action [closeCurrentWindow] successfully performed. @04-05-2021 16:07:52.0141 PM
[ReportManager] Successfully created attachment [Browser Action Test Data - closeCurrentWindow - Actual Value] @04-05-2021 16:07:52.0142 P
[ReportManager] File Action [getAbsolutePath] successfully performed. With the following test data [Relative Folder Path: "target/downloadedFiles/"]. @04-05-2021 16:07:52.0144 PM
[ReportManager] Attempting to run remotely on: [Linux-64], [GoogleChrome], [http://localhost:4444/wd/hub], Headless Execution. @04-05-2021 16:07:52.0144 PM
[ReportManager] Successfully Opened [GoogleChrome]. @04-05-2021 16:07:52.0340 PM
[ReportManager] Target URL: [https://duckduckgo.com] @04-05-2021 16:07:52.0354 PM
[ReportManager] Initial URL: [data:,] @04-05-2021 16:07:52.0395 PM
[ReportManager] Browser Action [navigateToURL] successfully performed. With the following test data [https://duckduckgo.com]. @04-05-2021 16:07:52.0878 P

################################################################################################################################################
Starting Execution:	[120 out of 137] test cases in the current suite
Test Method:		[unitTests.tests_browserActions.getWindowHandle]
################################################################################################################################################
[ReportManager] Browser Action [getWindowHandle] successfully performed. With the following test data [CDwindow-4BE73F723A2199B3C7DB55D4A9B990C9]. @04-05-2021 16:07:52.0920 P
[ReportManager] Target URL: [https://duckduckgo.com] @04-05-2021 16:07:52.0923 PM
[ReportManager] Initial URL: [https://duckduckgo.com] @04-05-2021 16:07:52.0979 PM
[ReportManager] Browser Action [navigateToURL] successfully performed. With the following test data [https://duckduckgo.com]. @04-05-2021 16:07:53.0282 PM
[ReportManager] Successfully created attachment [Selenium WebDriver Logs - server] @04-05-2021 16:07:53.0326 PM
[ReportManager] Successfully created attachment [Selenium WebDriver Logs - performance] @04-05-2021 16:07:53.0429 PM
[ReportManager] Successfully created attachment [Selenium WebDriver Logs - driver] @04-05-2021 16:07:53.0558 PM
[ReportManager] Browser Action [closeCurrentWindow] successfully performed. @04-05-2021 16:07:53.0613 PM
[ReportManager] Successfully created attachment [Browser Action Test Data - closeCurrentWindow - Actual Value] @04-05-2021 16:07:53.0614 P
[ReportManager] File Action [getAbsolutePath] successfully performed. With the following test data [Relative Folder Path: "target/downloadedFiles/"]. @04-05-2021 16:07:53.0619 PM
[ReportManager] Attempting to run remotely on: [Linux-64], [GoogleChrome], [http://localhost:4444/wd/hub], Headless Execution. @04-05-2021 16:07:53.0619 PM
[ReportManager] Successfully Opened [GoogleChrome]. @04-05-2021 16:07:53.0823 PM
[ReportManager] Target URL: [https://duckduckgo.com] @04-05-2021 16:07:53.0834 PM
[ReportManager] Initial URL: [data:,] @04-05-2021 16:07:53.0871 PM
[ReportManager] Browser Action [navigateToURL] successfully performed. With the following test data [https://duckduckgo.com]. @04-05-2021 16:07:54.0317 P

################################################################################################################################################
Starting Execution:	[121 out of 137] test cases in the current suite
Test Method:		[unitTests.tests_browserActions.getWindowPosition]
################################################################################################################################################
[ReportManager] Browser Action [getWindowPosition] successfully performed. With the following test data [(0, 0)]. @04-05-2021 16:07:54.0350 P
[ReportManager] Target URL: [https://duckduckgo.com] @04-05-2021 16:07:54.0351 PM
[ReportManager] Initial URL: [https://duckduckgo.com] @04-05-2021 16:07:54.0395 PM
[ReportManager] Browser Action [navigateToURL] successfully performed. With the following test data [https://duckduckgo.com]. @04-05-2021 16:07:54.0700 PM
[ReportManager] Successfully created attachment [Selenium WebDriver Logs - server] @04-05-2021 16:07:54.0749 PM
[ReportManager] Successfully created attachment [Selenium WebDriver Logs - performance] @04-05-2021 16:07:54.0853 PM
[ReportManager] Successfully created attachment [Selenium WebDriver Logs - driver] @04-05-2021 16:07:54.0981 PM
[ReportManager] Browser Action [closeCurrentWindow] successfully performed. @04-05-2021 16:07:55.0038 PM
[ReportManager] Successfully created attachment [Browser Action Test Data - closeCurrentWindow - Actual Value] @04-05-2021 16:07:55.0038 P
[ReportManager] File Action [getAbsolutePath] successfully performed. With the following test data [Relative Folder Path: "target/downloadedFiles/"]. @04-05-2021 16:07:55.0040 PM
[ReportManager] Attempting to run remotely on: [Linux-64], [GoogleChrome], [http://localhost:4444/wd/hub], Headless Execution. @04-05-2021 16:07:55.0040 PM
[ReportManager] Successfully Opened [GoogleChrome]. @04-05-2021 16:07:55.0229 PM
[ReportManager] Target URL: [https://duckduckgo.com] @04-05-2021 16:07:55.0241 PM
[ReportManager] Initial URL: [data:,] @04-05-2021 16:07:55.0274 PM
[ReportManager] Browser Action [navigateToURL] successfully performed. With the following test data [https://duckduckgo.com]. @04-05-2021 16:07:55.0736 P

################################################################################################################################################
Starting Execution:	[122 out of 137] test cases in the current suite
Test Method:		[unitTests.tests_browserActions.getWindowSize]
################################################################################################################################################
[ReportManager] Browser Action [getWindowSize] successfully performed. With the following test data [(800, 600)]. @04-05-2021 16:07:55.0779 P
[ReportManager] Target URL: [https://duckduckgo.com] @04-05-2021 16:07:55.0781 PM
[ReportManager] Initial URL: [https://duckduckgo.com] @04-05-2021 16:07:55.0826 PM
[ReportManager] Browser Action [navigateToURL] successfully performed. With the following test data [https://duckduckgo.com]. @04-05-2021 16:07:56.0122 PM
[ReportManager] Successfully created attachment [Selenium WebDriver Logs - server] @04-05-2021 16:07:56.0166 PM
[ReportManager] Successfully created attachment [Selenium WebDriver Logs - performance] @04-05-2021 16:07:56.0267 PM
[ReportManager] Successfully created attachment [Selenium WebDriver Logs - driver] @04-05-2021 16:07:56.0396 PM
[ReportManager] Browser Action [closeCurrentWindow] successfully performed. @04-05-2021 16:07:56.0453 PM
[ReportManager] Successfully created attachment [Browser Action Test Data - closeCurrentWindow - Actual Value] @04-05-2021 16:07:56.0453 P
[ReportManager] File Action [getAbsolutePath] successfully performed. With the following test data [Relative Folder Path: "target/downloadedFiles/"]. @04-05-2021 16:07:56.0455 PM
[ReportManager] Attempting to run remotely on: [Linux-64], [GoogleChrome], [http://localhost:4444/wd/hub], Headless Execution. @04-05-2021 16:07:56.0455 PM
[ReportManager] Successfully Opened [GoogleChrome]. @04-05-2021 16:07:56.0661 PM
[ReportManager] Target URL: [https://duckduckgo.com] @04-05-2021 16:07:56.0671 PM
[ReportManager] Initial URL: [data:,] @04-05-2021 16:07:56.0717 PM
[ReportManager] Browser Action [navigateToURL] successfully performed. With the following test data [https://duckduckgo.com]. @04-05-2021 16:07:57.0196 P

################################################################################################################################################
Starting Execution:	[123 out of 137] test cases in the current suite
Test Method:		[unitTests.tests_browserActions.maximizeWindow]
################################################################################################################################################
[ReportManager] Initial window size: (800, 600) @04-05-2021 16:07:57.0207 PM
[ReportManager] Window size after Toolkit: (1920, 1080) @04-05-2021 16:07:57.0423 PM
[ReportManager] Browser Action [maximizeWindow] successfully performed. With the following test data [New screen size is now: (1920, 1080)]. @04-05-2021 16:07:57.0425 P
[ReportManager] Target URL: [https://duckduckgo.com] @04-05-2021 16:07:57.0427 PM
[ReportManager] Initial URL: [https://duckduckgo.com] @04-05-2021 16:07:57.0500 PM
[ReportManager] Browser Action [navigateToURL] successfully performed. With the following test data [https://duckduckgo.com]. @04-05-2021 16:07:57.0812 PM
[ReportManager] Successfully created attachment [Selenium WebDriver Logs - server] @04-05-2021 16:07:57.0866 PM
[ReportManager] Successfully created attachment [Selenium WebDriver Logs - performance] @04-05-2021 16:07:57.0969 PM
[ReportManager] Successfully created attachment [Selenium WebDriver Logs - driver] @04-05-2021 16:07:58.0099 PM
[ReportManager] Browser Action [closeCurrentWindow] successfully performed. @04-05-2021 16:07:58.0156 PM
[ReportManager] Successfully created attachment [Browser Action Test Data - closeCurrentWindow - Actual Value] @04-05-2021 16:07:58.0157 P
[ReportManager] File Action [getAbsolutePath] successfully performed. With the following test data [Relative Folder Path: "target/downloadedFiles/"]. @04-05-2021 16:07:58.0161 PM
[ReportManager] Attempting to run remotely on: [Linux-64], [GoogleChrome], [http://localhost:4444/wd/hub], Headless Execution. @04-05-2021 16:07:58.0161 PM
[ReportManager] Successfully Opened [GoogleChrome]. @04-05-2021 16:07:58.0349 PM
[ReportManager] Target URL: [https://duckduckgo.com] @04-05-2021 16:07:58.0358 PM
[ReportManager] Initial URL: [data:,] @04-05-2021 16:07:58.0402 PM
[ReportManager] Browser Action [navigateToURL] successfully performed. With the following test data [https://duckduckgo.com]. @04-05-2021 16:07:58.0884 P

################################################################################################################################################
Starting Execution:	[124 out of 137] test cases in the current suite
Test Method:		[unitTests.tests_browserActions.navigateBack]
################################################################################################################################################
[ReportManager] Target URL: [https://www.google.com/ncr], and after redirection: [https://www.google.com] @04-05-2021 16:07:58.0886 PM
[ReportManager] Initial URL: [https://duckduckgo.com] @04-05-2021 16:07:58.0945 PM
[ReportManager] Browser Action [navigateToURL] successfully performed. With the following test data [https://www.google.com/ncr]. @04-05-2021 16:07:59.0670 PM
[ReportManager] Browser Action [navigateBack] successfully performed. With the following test data [https://duckduckgo.com/]. @04-05-2021 16:07:59.0982 PM
[ReportManager] Confirming that navigating back was successful... @04-05-2021 16:07:59.0982 PM
[ReportManager] Browser Action [getCurrentURL] successfully performed. With the following test data [https://duckduckgo.com/]. @04-05-2021 16:08:00.0009 PM
[ReportManager] AssertBrowserAttribute PASSED; Expected [Value Should be 'https://duckduckgo.com' for the 'CurrentUrl' attribute] and Actual [https://duckduckgo.com/]. Comparison Type [CONTAINS]. Validation Type [POSITIVE]. @04-05-2021 16:08:00.0010 P
[ReportManager] Target URL: [https://duckduckgo.com] @04-05-2021 16:08:00.0011 PM
[ReportManager] Initial URL: [https://duckduckgo.com] @04-05-2021 16:08:00.0064 PM
[ReportManager] Browser Action [navigateToURL] successfully performed. With the following test data [https://duckduckgo.com]. @04-05-2021 16:08:00.0364 PM
[ReportManager] Successfully created attachment [Selenium WebDriver Logs - server] @04-05-2021 16:08:00.0410 PM
[ReportManager] Successfully created attachment [Selenium WebDriver Logs - performance] @04-05-2021 16:08:00.0571 PM
[ReportManager] Successfully created attachment [Selenium WebDriver Logs - driver] @04-05-2021 16:08:00.0794 PM
[ReportManager] Browser Action [closeCurrentWindow] successfully performed. @04-05-2021 16:08:00.0850 PM
[ReportManager] Successfully created attachment [Browser Action Test Data - closeCurrentWindow - Actual Value] @04-05-2021 16:08:00.0851 P
[ReportManager] File Action [getAbsolutePath] successfully performed. With the following test data [Relative Folder Path: "target/downloadedFiles/"]. @04-05-2021 16:08:00.0853 PM
[ReportManager] Attempting to run remotely on: [Linux-64], [GoogleChrome], [http://localhost:4444/wd/hub], Headless Execution. @04-05-2021 16:08:00.0854 PM
[ReportManager] Successfully Opened [GoogleChrome]. @04-05-2021 16:08:01.0046 PM
[ReportManager] Target URL: [https://duckduckgo.com] @04-05-2021 16:08:01.0060 PM
[ReportManager] Initial URL: [data:,] @04-05-2021 16:08:01.0095 PM
[ReportManager] Browser Action [navigateToURL] successfully performed. With the following test data [https://duckduckgo.com]. @04-05-2021 16:08:01.0562 P

################################################################################################################################################
Starting Execution:	[125 out of 137] test cases in the current suite
Test Method:		[unitTests.tests_browserActions.navigateForward]
################################################################################################################################################
[ReportManager] Target URL: [https://www.google.com/ncr], and after redirection: [https://www.google.com] @04-05-2021 16:08:01.0564 PM
[ReportManager] Initial URL: [https://duckduckgo.com] @04-05-2021 16:08:01.0622 PM
[ReportManager] Browser Action [navigateToURL] successfully performed. With the following test data [https://www.google.com/ncr]. @04-05-2021 16:08:02.0378 PM
[ReportManager] Browser Action [navigateBack] successfully performed. With the following test data [https://duckduckgo.com/]. @04-05-2021 16:08:02.0690 PM
[ReportManager] Browser Action [navigateForward] successfully performed. With the following test data [https://www.google.com/]. @04-05-2021 16:08:03.0042 P
[ReportManager] Target URL: [https://duckduckgo.com] @04-05-2021 16:08:03.0044 PM
[ReportManager] Initial URL: [https://www.google.com] @04-05-2021 16:08:03.0124 PM
[ReportManager] Browser Action [navigateToURL] successfully performed. With the following test data [https://duckduckgo.com]. @04-05-2021 16:08:03.0534 PM
[ReportManager] Successfully created attachment [Selenium WebDriver Logs - server] @04-05-2021 16:08:03.0577 PM
[ReportManager] Successfully created attachment [Selenium WebDriver Logs - performance] @04-05-2021 16:08:03.0743 PM
[ReportManager] Successfully created attachment [Selenium WebDriver Logs - driver] @04-05-2021 16:08:03.0984 PM
[ReportManager] Browser Action [closeCurrentWindow] successfully performed. @04-05-2021 16:08:04.0040 PM
[ReportManager] Successfully created attachment [Browser Action Test Data - closeCurrentWindow - Actual Value] @04-05-2021 16:08:04.0040 P
[ReportManager] File Action [getAbsolutePath] successfully performed. With the following test data [Relative Folder Path: "target/downloadedFiles/"]. @04-05-2021 16:08:04.0042 PM
[ReportManager] Attempting to run remotely on: [Linux-64], [GoogleChrome], [http://localhost:4444/wd/hub], Headless Execution. @04-05-2021 16:08:04.0042 PM
[ReportManager] Successfully Opened [GoogleChrome]. @04-05-2021 16:08:04.0235 PM
[ReportManager] Target URL: [https://duckduckgo.com] @04-05-2021 16:08:04.0245 PM
[ReportManager] Initial URL: [data:,] @04-05-2021 16:08:04.0279 PM
[ReportManager] Browser Action [navigateToURL] successfully performed. With the following test data [https://duckduckgo.com]. @04-05-2021 16:08:04.0776 P

################################################################################################################################################
Starting Execution:	[126 out of 137] test cases in the current suite
Test Method:		[unitTests.tests_browserActions.navigateToURL]
################################################################################################################################################
[ReportManager] Target URL: [https://duckduckgo.com] @04-05-2021 16:08:04.0778 PM
[ReportManager] Initial URL: [https://duckduckgo.com] @04-05-2021 16:08:04.0826 PM
[ReportManager] Browser Action [navigateToURL] successfully performed. With the following test data [https://duckduckgo.com]. @04-05-2021 16:08:05.0132 P
[ReportManager] Target URL: [https://duckduckgo.com] @04-05-2021 16:08:05.0134 PM
[ReportManager] Initial URL: [https://duckduckgo.com] @04-05-2021 16:08:05.0179 PM
[ReportManager] Browser Action [navigateToURL] successfully performed. With the following test data [https://duckduckgo.com]. @04-05-2021 16:08:05.0451 PM
[ReportManager] Successfully created attachment [Selenium WebDriver Logs - server] @04-05-2021 16:08:05.0501 PM
[ReportManager] Successfully created attachment [Selenium WebDriver Logs - performance] @04-05-2021 16:08:05.0649 PM
[ReportManager] Successfully created attachment [Selenium WebDriver Logs - driver] @04-05-2021 16:08:05.0839 PM
[ReportManager] Browser Action [closeCurrentWindow] successfully performed. @04-05-2021 16:08:05.0895 PM
[ReportManager] Successfully created attachment [Browser Action Test Data - closeCurrentWindow - Actual Value] @04-05-2021 16:08:05.0896 P
[ReportManager] File Action [getAbsolutePath] successfully performed. With the following test data [Relative Folder Path: "target/downloadedFiles/"]. @04-05-2021 16:08:05.0898 PM
[ReportManager] Attempting to run remotely on: [Linux-64], [GoogleChrome], [http://localhost:4444/wd/hub], Headless Execution. @04-05-2021 16:08:05.0898 PM
[ReportManager] Successfully Opened [GoogleChrome]. @04-05-2021 16:08:06.0074 PM
[ReportManager] Target URL: [https://duckduckgo.com] @04-05-2021 16:08:06.0084 PM
[ReportManager] Initial URL: [data:,] @04-05-2021 16:08:06.0129 PM
[ReportManager] Browser Action [navigateToURL] successfully performed. With the following test data [https://duckduckgo.com]. @04-05-2021 16:08:06.0597 P

################################################################################################################################################
Starting Execution:	[127 out of 137] test cases in the current suite
Test Method:		[unitTests.tests_browserActions.navigateToURLWithRedirection]
################################################################################################################################################
[ReportManager] Target URL: [https://www.google.com/ncr], and after redirection: [https://www.google.com] @04-05-2021 16:08:06.0599 PM
[ReportManager] Initial URL: [https://duckduckgo.com] @04-05-2021 16:08:06.0647 PM
[ReportManager] Browser Action [navigateToURL] successfully performed. With the following test data [https://www.google.com/ncr]. @04-05-2021 16:08:07.0391 P
[ReportManager] Target URL: [https://duckduckgo.com] @04-05-2021 16:08:07.0393 PM
[ReportManager] Initial URL: [https://www.google.com] @04-05-2021 16:08:07.0460 PM
[ReportManager] Browser Action [navigateToURL] successfully performed. With the following test data [https://duckduckgo.com]. @04-05-2021 16:08:07.0913 PM
[ReportManager] Successfully created attachment [Selenium WebDriver Logs - server] @04-05-2021 16:08:07.0960 PM
[ReportManager] Successfully created attachment [Selenium WebDriver Logs - performance] @04-05-2021 16:08:08.0064 PM
[ReportManager] Successfully created attachment [Selenium WebDriver Logs - driver] @04-05-2021 16:08:08.0226 PM
[ReportManager] Browser Action [closeCurrentWindow] successfully performed. @04-05-2021 16:08:08.0285 PM
[ReportManager] Successfully created attachment [Browser Action Test Data - closeCurrentWindow - Actual Value] @04-05-2021 16:08:08.0285 P
[ReportManager] File Action [getAbsolutePath] successfully performed. With the following test data [Relative Folder Path: "target/downloadedFiles/"]. @04-05-2021 16:08:08.0287 PM
[ReportManager] Attempting to run remotely on: [Linux-64], [GoogleChrome], [http://localhost:4444/wd/hub], Headless Execution. @04-05-2021 16:08:08.0287 PM
[ReportManager] Successfully Opened [GoogleChrome]. @04-05-2021 16:08:08.0486 PM
[ReportManager] Target URL: [https://duckduckgo.com] @04-05-2021 16:08:08.0495 PM
[ReportManager] Initial URL: [data:,] @04-05-2021 16:08:08.0527 PM
[ReportManager] Browser Action [navigateToURL] successfully performed. With the following test data [https://duckduckgo.com]. @04-05-2021 16:08:08.0990 P

################################################################################################################################################
Starting Execution:	[128 out of 137] test cases in the current suite
Test Method:		[unitTests.tests_browserActions.refreshCurrentPage]
################################################################################################################################################
[ReportManager] Browser Action [refreshCurrentPage] successfully performed. @04-05-2021 16:08:09.0225 PM
[ReportManager] Successfully created attachment [Browser Action Test Data - refreshCurrentPage - Actual Value] @04-05-2021 16:08:09.0225 P
[ReportManager] Target URL: [https://duckduckgo.com] @04-05-2021 16:08:09.0227 PM
[ReportManager] Initial URL: [https://duckduckgo.com] @04-05-2021 16:08:09.0276 PM
[ReportManager] Browser Action [navigateToURL] successfully performed. With the following test data [https://duckduckgo.com]. @04-05-2021 16:08:09.0536 PM
[ReportManager] Successfully created attachment [Selenium WebDriver Logs - server] @04-05-2021 16:08:09.0581 PM
[ReportManager] Successfully created attachment [Selenium WebDriver Logs - performance] @04-05-2021 16:08:09.0737 PM
[ReportManager] Successfully created attachment [Selenium WebDriver Logs - driver] @04-05-2021 16:08:09.0916 PM
[ReportManager] Browser Action [closeCurrentWindow] successfully performed. @04-05-2021 16:08:09.0972 PM
[ReportManager] Successfully created attachment [Browser Action Test Data - closeCurrentWindow - Actual Value] @04-05-2021 16:08:09.0973 P
[ReportManager] File Action [getAbsolutePath] successfully performed. With the following test data [Relative Folder Path: "target/downloadedFiles/"]. @04-05-2021 16:08:09.0981 PM
[ReportManager] Attempting to run remotely on: [Linux-64], [GoogleChrome], [http://localhost:4444/wd/hub], Headless Execution. @04-05-2021 16:08:09.0981 PM
[ReportManager] Successfully Opened [GoogleChrome]. @04-05-2021 16:08:10.0160 PM
[ReportManager] Target URL: [https://duckduckgo.com] @04-05-2021 16:08:10.0169 PM
[ReportManager] Initial URL: [data:,] @04-05-2021 16:08:10.0207 PM
[ReportManager] Browser Action [navigateToURL] successfully performed. With the following test data [https://duckduckgo.com]. @04-05-2021 16:08:10.0663 P

################################################################################################################################################
Starting Execution:	[129 out of 137] test cases in the current suite
Test Method:		[unitTests.tests_browserActions.setWindowSize]
################################################################################################################################################
[ReportManager] Initial window size: (800, 600) @04-05-2021 16:08:10.0676 PM
[ReportManager] Window size after SWD: (1280, 720) @04-05-2021 16:08:10.0898 PM
[ReportManager] Browser Action [setWindowSize] successfully performed. With the following test data [New screen size is now: (1280, 720)]. @04-05-2021 16:08:10.0898 P
[ReportManager] Target URL: [https://duckduckgo.com] @04-05-2021 16:08:10.0901 PM
[ReportManager] Initial URL: [https://duckduckgo.com] @04-05-2021 16:08:10.0964 PM
[ReportManager] Browser Action [navigateToURL] successfully performed. With the following test data [https://duckduckgo.com]. @04-05-2021 16:08:11.0257 PM
[ReportManager] Successfully created attachment [Selenium WebDriver Logs - server] @04-05-2021 16:08:11.0299 PM
[ReportManager] Successfully created attachment [Selenium WebDriver Logs - performance] @04-05-2021 16:08:11.0397 PM
[ReportManager] Successfully created attachment [Selenium WebDriver Logs - driver] @04-05-2021 16:08:11.0523 PM
[ReportManager] Browser Action [closeCurrentWindow] successfully performed. @04-05-2021 16:08:11.0581 PM
[ReportManager] Successfully created attachment [Browser Action Test Data - closeCurrentWindow - Actual Value] @04-05-2021 16:08:11.0582 P
[ReportManager] File Action [getAbsolutePath] successfully performed. With the following test data [Relative Folder Path: "target/downloadedFiles/"]. @04-05-2021 16:08:11.0584 PM
[ReportManager] Attempting to run remotely on: [Linux-64], [GoogleChrome], [http://localhost:4444/wd/hub], Headless Execution. @04-05-2021 16:08:11.0584 PM
[ReportManager] Successfully Opened [GoogleChrome]. @04-05-2021 16:08:11.0771 P

################################################################################################################################################
Starting Execution:	[130 out of 137] test cases in the current suite
Test Method:		[unitTests.tests_element_elementActions.waitForElementToBePresent_false_expectedToFail]
################################################################################################################################################
[ReportManager] Target URL: [https://www.google.com/ncr], and after redirection: [www.google.com] @04-05-2021 16:08:11.0783 PM
[ReportManager] Initial URL: [data:,] @04-05-2021 16:08:11.0834 PM
[ReportManager] Browser Action [navigateToURL] successfully performed. With the following test data [https://www.google.com/ncr]. @04-05-2021 16:08:12.0611 PM
[ReportManager] Waiting for element to be present; elementLocator [By.xpath: //img[@id='hplogo' or @alt='Google']], numberOfTries[1], stateOfPresence[false]... @04-05-2021 16:08:12.0614 PM
[ReportManager] Element Action [waitForElementToBePresent] failed. With the following test data [waited for the element's state of presence to be (false). Element locator (By.xpath: //img[@id='hplogo' or @alt='Google'])]. @04-05-2021 16:08:12.0798 PM
[ReportManager] Successfully created attachment [Screenshot - 1620144492741_waitForElementToBePresent_false_expectedToFail_waitForElementToBePresent_failed] @04-05-2021 16:08:12.0799 P
[ReportManager] Successfully created attachment [Selenium WebDriver Logs - server] @04-05-2021 16:08:12.0871 PM
[ReportManager] Successfully created attachment [Selenium WebDriver Logs - performance] @04-05-2021 16:08:12.0903 PM
[ReportManager] Successfully created attachment [Selenium WebDriver Logs - driver] @04-05-2021 16:08:12.0972 PM
[ReportManager] Browser Action [closeCurrentWindow] successfully performed. @04-05-2021 16:08:13.0027 PM
[ReportManager] Successfully created attachment [Browser Action Test Data - closeCurrentWindow - Actual Value] @04-05-2021 16:08:13.0028 P
[ReportManager] File Action [getAbsolutePath] successfully performed. With the following test data [Relative Folder Path: "target/downloadedFiles/"]. @04-05-2021 16:08:13.0033 PM
[ReportManager] Attempting to run remotely on: [Linux-64], [GoogleChrome], [http://localhost:4444/wd/hub], Headless Execution. @04-05-2021 16:08:13.0033 PM
[ReportManager] Successfully Opened [GoogleChrome]. @04-05-2021 16:08:13.0229 P

################################################################################################################################################
Starting Execution:	[131 out of 137] test cases in the current suite
Test Method:		[unitTests.tests_element_elementActions.waitForElementToBePresent_false_expectedToPass]
################################################################################################################################################
[ReportManager] Target URL: [https://www.google.com/ncr], and after redirection: [www.google.com] @04-05-2021 16:08:13.0251 PM
[ReportManager] Initial URL: [data:,] @04-05-2021 16:08:13.0288 PM
[ReportManager] Browser Action [navigateToURL] successfully performed. With the following test data [https://www.google.com/ncr]. @04-05-2021 16:08:14.0090 PM
[ReportManager] Waiting for element to be present; elementLocator [By.id: bla], numberOfTries[1], stateOfPresence[false]... @04-05-2021 16:08:14.0090 PM
[ReportManager] Element Action [waitForElementToBePresent] successfully performed. With the following test data [waited for the element's state of presence to be (false). Element locator (By.id: bla)]. @04-05-2021 16:08:19.0197 P
[ReportManager] Successfully created attachment [Selenium WebDriver Logs - server] @04-05-2021 16:08:19.0264 PM
[ReportManager] Successfully created attachment [Selenium WebDriver Logs - performance] @04-05-2021 16:08:19.0296 PM
[ReportManager] Successfully created attachment [Selenium WebDriver Logs - driver] @04-05-2021 16:08:19.0362 PM
[ReportManager] Browser Action [closeCurrentWindow] successfully performed. @04-05-2021 16:08:19.0420 PM
[ReportManager] Successfully created attachment [Browser Action Test Data - closeCurrentWindow - Actual Value] @04-05-2021 16:08:19.0421 P
[ReportManager] File Action [getAbsolutePath] successfully performed. With the following test data [Relative Folder Path: "target/downloadedFiles/"]. @04-05-2021 16:08:19.0423 PM
[ReportManager] Attempting to run remotely on: [Linux-64], [GoogleChrome], [http://localhost:4444/wd/hub], Headless Execution. @04-05-2021 16:08:19.0426 PM
[ReportManager] Successfully Opened [GoogleChrome]. @04-05-2021 16:08:19.0607 P

################################################################################################################################################
Starting Execution:	[132 out of 137] test cases in the current suite
Test Method:		[unitTests.tests_element_elementActions.waitForElementToBePresent_moreThanOneElement_expectedToFail]
################################################################################################################################################
[ReportManager] Target URL: [https://www.google.com/ncr], and after redirection: [www.google.com] @04-05-2021 16:08:19.0626 PM
[ReportManager] Initial URL: [data:,] @04-05-2021 16:08:19.0661 PM
[ReportManager] Browser Action [navigateToURL] successfully performed. With the following test data [https://www.google.com/ncr]. @04-05-2021 16:08:20.0400 PM
[ReportManager] Waiting for element to be present; elementLocator [By.xpath: //*], numberOfTries[1], stateOfPresence[false]... @04-05-2021 16:08:20.0400 PM
[ReportManager] Element Action [waitForElementToBePresent] failed. With the following test data [waited for the element's state of presence to be (false). Element locator (By.xpath: //*)]. @04-05-2021 16:08:20.0616 PM
[ReportManager] Successfully created attachment [Screenshot - 1620144500559_waitForElementToBePresent_moreThanOneElement_expectedToFail_waitForElementToBePresent_failed] @04-05-2021 16:08:20.0617 P
[ReportManager] Successfully created attachment [Selenium WebDriver Logs - server] @04-05-2021 16:08:20.0685 PM
[ReportManager] Successfully created attachment [Selenium WebDriver Logs - performance] @04-05-2021 16:08:20.0716 PM
[ReportManager] Successfully created attachment [Selenium WebDriver Logs - driver] @04-05-2021 16:08:20.0778 PM
[ReportManager] Browser Action [closeCurrentWindow] successfully performed. @04-05-2021 16:08:20.0833 PM
[ReportManager] Successfully created attachment [Browser Action Test Data - closeCurrentWindow - Actual Value] @04-05-2021 16:08:20.0834 P
[ReportManager] File Action [getAbsolutePath] successfully performed. With the following test data [Relative Folder Path: "target/downloadedFiles/"]. @04-05-2021 16:08:20.0836 PM
[ReportManager] Attempting to run remotely on: [Linux-64], [GoogleChrome], [http://localhost:4444/wd/hub], Headless Execution. @04-05-2021 16:08:20.0837 PM
[ReportManager] Successfully Opened [GoogleChrome]. @04-05-2021 16:08:21.0025 P

################################################################################################################################################
Starting Execution:	[133 out of 137] test cases in the current suite
Test Method:		[unitTests.tests_element_elementActions.waitForElementToBePresent_true_expectedToFail]
################################################################################################################################################
[ReportManager] Target URL: [https://www.google.com/ncr], and after redirection: [www.google.com] @04-05-2021 16:08:21.0044 PM
[ReportManager] Initial URL: [data:,] @04-05-2021 16:08:21.0078 PM
[ReportManager] Browser Action [navigateToURL] successfully performed. With the following test data [https://www.google.com/ncr]. @04-05-2021 16:08:21.0827 PM
[ReportManager] Waiting for element to be present; elementLocator [By.id: bla], numberOfTries[1], stateOfPresence[true]... @04-05-2021 16:08:21.0827 PM
[ReportManager] Element Action [waitForElementToBePresent] failed. With the following test data [waited for the element's state of presence to be (true). Element locator (By.id: bla)]. @04-05-2021 16:08:27.0083 PM
[ReportManager] Successfully created attachment [Screenshot - 1620144507025_waitForElementToBePresent_true_expectedToFail_waitForElementToBePresent_failed] @04-05-2021 16:08:27.0084 P
[ReportManager] Successfully created attachment [Selenium WebDriver Logs - server] @04-05-2021 16:08:27.0164 PM
[ReportManager] Successfully created attachment [Selenium WebDriver Logs - performance] @04-05-2021 16:08:27.0197 PM
[ReportManager] Successfully created attachment [Selenium WebDriver Logs - driver] @04-05-2021 16:08:27.0264 PM
[ReportManager] Browser Action [closeCurrentWindow] successfully performed. @04-05-2021 16:08:27.0319 PM
[ReportManager] Successfully created attachment [Browser Action Test Data - closeCurrentWindow - Actual Value] @04-05-2021 16:08:27.0320 P
[ReportManager] File Action [getAbsolutePath] successfully performed. With the following test data [Relative Folder Path: "target/downloadedFiles/"]. @04-05-2021 16:08:27.0322 PM
[ReportManager] Attempting to run remotely on: [Linux-64], [GoogleChrome], [http://localhost:4444/wd/hub], Headless Execution. @04-05-2021 16:08:27.0322 PM
[ReportManager] Successfully Opened [GoogleChrome]. @04-05-2021 16:08:27.0497 P

################################################################################################################################################
Starting Execution:	[134 out of 137] test cases in the current suite
Test Method:		[unitTests.tests_element_elementActions.waitForElementToBePresent_true_expectedToPass]
################################################################################################################################################
[ReportManager] Target URL: [https://www.google.com/ncr], and after redirection: [www.google.com] @04-05-2021 16:08:27.0509 PM
[ReportManager] Initial URL: [data:,] @04-05-2021 16:08:27.0548 PM
[ReportManager] Browser Action [navigateToURL] successfully performed. With the following test data [https://www.google.com/ncr]. @04-05-2021 16:08:28.0291 PM
[ReportManager] Waiting for element to be present; elementLocator [By.xpath: //img[@id='hplogo' or @alt='Google']], numberOfTries[1], stateOfPresence[true]... @04-05-2021 16:08:28.0291 PM
[ReportManager] Element Action [waitForElementToBePresent] successfully performed. With the following test data [waited for the element's state of presence to be (true). Element locator (By.xpath: //img[@id='hplogo' or @alt='Google'])]. @04-05-2021 16:08:28.0339 PM
[ReportManager] Using Visual AI; OpenCV... @04-05-2021 16:08:28.0341 PM
[ReportManager] File Action [doesFileExist] successfully performed. With the following test data [File Path: "src/test/resources/DynamicObjectRepository/unitTests_tests_element_elementActions_waitForElementToBePresent_true_expectedToPass_By_xpath_img_id_hplogo_or_alt_Google.png"]. @04-05-2021 16:08:28.0342 PM
[ReportManager] File Action [doesFileExist] successfully performed. With the following test data [File Path: "src/test/resources/DynamicObjectRepository/unitTests_tests_element_elementActions_waitForElementToBePresent_true_expectedToPass_By_xpath_img_id_hplogo_or_alt_Google.png"]. @04-05-2021 16:08:28.0523 PM
[ReportManager] Passing the test and saving a reference image @04-05-2021 16:08:28.0523 PM
[ReportManager] File Action [getAbsolutePath] successfully performed. With the following test data [Relative File Path: "src/test/resources/DynamicObjectRepository/unitTests_tests_element_elementActions_waitForElementToBePresent_true_expectedToPass_By_xpath_img_id_hplogo_or_alt_Google.png"]. @04-05-2021 16:08:28.0523 PM
[ReportManager] File Action [writeToFile] successfully performed. With the following test data [Target File Path: "/home/runner/work/SHAFT_ENGINE/SHAFT_ENGINE/src/test/resources/DynamicObjectRepository/unitTests_tests_element_elementActions_waitForElementToBePresent_true_expectedToPass_By_xpath_img_id_hplogo_or_alt_Google.png"]. @04-05-2021 16:08:28.0530 PM
[ReportManager] AssertElementMatches PASSED; Expected [Element should match the reference screenshot] and Actual [TRUE]. Comparison Type [EXACT_OPENCV]. Validation Type [POSITIVE]. @04-05-2021 16:08:28.0530 PM
[ReportManager] Successfully created attachment [Validation Test Data - Actual Screenshot] @04-05-2021 16:08:28.0531 P
[ReportManager] Successfully created attachment [Selenium WebDriver Logs - server] @04-05-2021 16:08:28.0602 PM
[ReportManager] Successfully created attachment [Selenium WebDriver Logs - performance] @04-05-2021 16:08:28.0634 PM
[ReportManager] Successfully created attachment [Selenium WebDriver Logs - driver] @04-05-2021 16:08:28.0704 PM
[ReportManager] Browser Action [closeCurrentWindow] successfully performed. @04-05-2021 16:08:28.0762 PM
[ReportManager] Successfully created attachment [Browser Action Test Data - closeCurrentWindow - Actual Value] @04-05-2021 16:08:28.0762 P

################################################################################################################################################
Starting Execution:	[135 out of 137] test cases in the current suite
Test Method:		[unitTests.tests_restActions.getPostsAndAssertBodyForSpecificTitle]
################################################################################################################################################
[ReportManager] Response status code: [200], status line: [HTTP/1.1 200 OK] @04-05-2021 16:08:29.0846 PM
[ReportManager] Evaluating the actual response status code against the expected one...... @04-05-2021 16:08:29.0846 PM
[ReportManager] AssertEquals PASSED; Expected [200] and Actual [200]. Comparison Type [EQUALS]. Validation Type [POSITIVE]. @04-05-2021 16:08:29.0846 PM
[ReportManager] API Action [performRequest] successfully performed. With the following test data [Request Type: "GET" | Target Status Code: "200" | Service URL: "https://jsonplaceholder.typicode.com/posts" | Content Type: "*/*" | Response Time: "680ms"]. @04-05-2021 16:08:30.0007 PM
[ReportManager] Successfully created attachment [API Response - JSON Body] @04-05-2021 16:08:30.0008 PM
[ReportManager] API Action [getResponseJSONValueAsList] successfully performed. @04-05-2021 16:08:30.0033 PM
[ReportManager] API Action [getResponseJSONValue] successfully performed. With the following test data [title]. @04-05-2021 16:08:30.0051 PM
[ReportManager] API Action [getResponseJSONValue] successfully performed. With the following test data [title]. @04-05-2021 16:08:30.0066 PM
[ReportManager] API Action [getResponseJSONValue] successfully performed. With the following test data [body]. @04-05-2021 16:08:30.0080 PM
[ReportManager] AssertEquals PASSED; Expected [qui neque nisi nulla] and Actual [est rerum tempore vitae
sequi sint nihil reprehenderit dolor beatae ea dolores neque
fugiat blanditiis voluptate porro vel nihil molestiae ut reiciendis
qui aperiam non debitis possimus qui neque nisi nulla]. Comparison Type [CONTAINS]. Validation Type [POSITIVE]. @04-05-2021 16:08:30.0081 PM
[ReportManager] API Action [getResponseJSONValue] successfully performed. With the following test data [title]. @04-05-2021 16:08:30.0091 PM
[ReportManager] API Action [getResponseJSONValue] successfully performed. With the following test data [title]. @04-05-2021 16:08:30.0102 PM
[ReportManager] API Action [getResponseJSONValue] successfully performed. With the following test data [title]. @04-05-2021 16:08:30.0116 PM
[ReportManager] API Action [getResponseJSONValue] successfully performed. With the following test data [title]. @04-05-2021 16:08:30.0125 PM
[ReportManager] API Action [getResponseJSONValue] successfully performed. With the following test data [title]. @04-05-2021 16:08:30.0133 PM
[ReportManager] API Action [getResponseJSONValue] successfully performed. With the following test data [title]. @04-05-2021 16:08:30.0140 PM
[ReportManager] API Action [getResponseJSONValue] successfully performed. With the following test data [title]. @04-05-2021 16:08:30.0147 PM
[ReportManager] API Action [getResponseJSONValue] successfully performed. With the following test data [title]. @04-05-2021 16:08:30.0155 PM
[ReportManager] API Action [getResponseJSONValue] successfully performed. With the following test data [title]. @04-05-2021 16:08:30.0162 PM
[ReportManager] API Action [getResponseJSONValue] successfully performed. With the following test data [title]. @04-05-2021 16:08:30.0170 PM
[ReportManager] API Action [getResponseJSONValue] successfully performed. With the following test data [title]. @04-05-2021 16:08:30.0178 PM
[ReportManager] API Action [getResponseJSONValue] successfully performed. With the following test data [title]. @04-05-2021 16:08:30.0185 PM
[ReportManager] API Action [getResponseJSONValue] successfully performed. With the following test data [title]. @04-05-2021 16:08:30.0191 PM
[ReportManager] API Action [getResponseJSONValue] successfully performed. With the following test data [title]. @04-05-2021 16:08:30.0198 PM
[ReportManager] API Action [getResponseJSONValue] successfully performed. With the following test data [title]. @04-05-2021 16:08:30.0204 PM
[ReportManager] API Action [getResponseJSONValue] successfully performed. With the following test data [title]. @04-05-2021 16:08:30.0211 PM
[ReportManager] API Action [getResponseJSONValue] successfully performed. With the following test data [title]. @04-05-2021 16:08:30.0218 PM
[ReportManager] API Action [getResponseJSONValue] successfully performed. With the following test data [title]. @04-05-2021 16:08:30.0225 PM
[ReportManager] API Action [getResponseJSONValue] successfully performed. With the following test data [title]. @04-05-2021 16:08:30.0231 PM
[ReportManager] API Action [getResponseJSONValue] successfully performed. With the following test data [title]. @04-05-2021 16:08:30.0238 PM
[ReportManager] API Action [getResponseJSONValue] successfully performed. With the following test data [title]. @04-05-2021 16:08:30.0245 PM
[ReportManager] API Action [getResponseJSONValue] successfully performed. With the following test data [title]. @04-05-2021 16:08:30.0252 PM
[ReportManager] API Action [getResponseJSONValue] successfully performed. With the following test data [title]. @04-05-2021 16:08:30.0258 PM
[ReportManager] API Action [getResponseJSONValue] successfully performed. With the following test data [title]. @04-05-2021 16:08:30.0265 PM
[ReportManager] API Action [getResponseJSONValue] successfully performed. With the following test data [title]. @04-05-2021 16:08:30.0271 PM
[ReportManager] API Action [getResponseJSONValue] successfully performed. With the following test data [title]. @04-05-2021 16:08:30.0278 PM
[ReportManager] API Action [getResponseJSONValue] successfully performed. With the following test data [title]. @04-05-2021 16:08:30.0285 PM
[ReportManager] API Action [getResponseJSONValue] successfully performed. With the following test data [title]. @04-05-2021 16:08:30.0291 PM
[ReportManager] API Action [getResponseJSONValue] successfully performed. With the following test data [title]. @04-05-2021 16:08:30.0298 PM
[ReportManager] API Action [getResponseJSONValue] successfully performed. With the following test data [title]. @04-05-2021 16:08:30.0304 PM
[ReportManager] API Action [getResponseJSONValue] successfully performed. With the following test data [title]. @04-05-2021 16:08:30.0311 PM
[ReportManager] API Action [getResponseJSONValue] successfully performed. With the following test data [title]. @04-05-2021 16:08:30.0317 PM
[ReportManager] API Action [getResponseJSONValue] successfully performed. With the following test data [title]. @04-05-2021 16:08:30.0324 PM
[ReportManager] API Action [getResponseJSONValue] successfully performed. With the following test data [title]. @04-05-2021 16:08:30.0330 PM
[ReportManager] API Action [getResponseJSONValue] successfully performed. With the following test data [title]. @04-05-2021 16:08:30.0337 PM
[ReportManager] API Action [getResponseJSONValue] successfully performed. With the following test data [title]. @04-05-2021 16:08:30.0343 PM
[ReportManager] API Action [getResponseJSONValue] successfully performed. With the following test data [title]. @04-05-2021 16:08:30.0350 PM
[ReportManager] API Action [getResponseJSONValue] successfully performed. With the following test data [title]. @04-05-2021 16:08:30.0357 PM
[ReportManager] API Action [getResponseJSONValue] successfully performed. With the following test data [title]. @04-05-2021 16:08:30.0363 PM
[ReportManager] API Action [getResponseJSONValue] successfully performed. With the following test data [title]. @04-05-2021 16:08:30.0369 PM
[ReportManager] API Action [getResponseJSONValue] successfully performed. With the following test data [title]. @04-05-2021 16:08:30.0375 PM
[ReportManager] API Action [getResponseJSONValue] successfully performed. With the following test data [title]. @04-05-2021 16:08:30.0382 PM
[ReportManager] API Action [getResponseJSONValue] successfully performed. With the following test data [title]. @04-05-2021 16:08:30.0388 PM
[ReportManager] API Action [getResponseJSONValue] successfully performed. With the following test data [title]. @04-05-2021 16:08:30.0394 PM
[ReportManager] API Action [getResponseJSONValue] successfully performed. With the following test data [title]. @04-05-2021 16:08:30.0401 PM
[ReportManager] API Action [getResponseJSONValue] successfully performed. With the following test data [title]. @04-05-2021 16:08:30.0407 PM
[ReportManager] API Action [getResponseJSONValue] successfully performed. With the following test data [title]. @04-05-2021 16:08:30.0413 PM
[ReportManager] API Action [getResponseJSONValue] successfully performed. With the following test data [title]. @04-05-2021 16:08:30.0419 PM
[ReportManager] API Action [getResponseJSONValue] successfully performed. With the following test data [title]. @04-05-2021 16:08:30.0426 PM
[ReportManager] API Action [getResponseJSONValue] successfully performed. With the following test data [title]. @04-05-2021 16:08:30.0432 PM
[ReportManager] API Action [getResponseJSONValue] successfully performed. With the following test data [title]. @04-05-2021 16:08:30.0443 PM
[ReportManager] API Action [getResponseJSONValue] successfully performed. With the following test data [title]. @04-05-2021 16:08:30.0450 PM
[ReportManager] API Action [getResponseJSONValue] successfully performed. With the following test data [title]. @04-05-2021 16:08:30.0457 PM
[ReportManager] API Action [getResponseJSONValue] successfully performed. With the following test data [title]. @04-05-2021 16:08:30.0464 PM
[ReportManager] API Action [getResponseJSONValue] successfully performed. With the following test data [title]. @04-05-2021 16:08:30.0470 PM
[ReportManager] API Action [getResponseJSONValue] successfully performed. With the following test data [title]. @04-05-2021 16:08:30.0476 PM
[ReportManager] API Action [getResponseJSONValue] successfully performed. With the following test data [title]. @04-05-2021 16:08:30.0482 PM
[ReportManager] API Action [getResponseJSONValue] successfully performed. With the following test data [title]. @04-05-2021 16:08:30.0488 PM
[ReportManager] API Action [getResponseJSONValue] successfully performed. With the following test data [title]. @04-05-2021 16:08:30.0510 PM
[ReportManager] API Action [getResponseJSONValue] successfully performed. With the following test data [title]. @04-05-2021 16:08:30.0517 PM
[ReportManager] API Action [getResponseJSONValue] successfully performed. With the following test data [title]. @04-05-2021 16:08:30.0523 PM
[ReportManager] API Action [getResponseJSONValue] successfully performed. With the following test data [title]. @04-05-2021 16:08:30.0529 PM
[ReportManager] API Action [getResponseJSONValue] successfully performed. With the following test data [title]. @04-05-2021 16:08:30.0535 PM
[ReportManager] API Action [getResponseJSONValue] successfully performed. With the following test data [title]. @04-05-2021 16:08:30.0541 PM
[ReportManager] API Action [getResponseJSONValue] successfully performed. With the following test data [title]. @04-05-2021 16:08:30.0547 PM
[ReportManager] API Action [getResponseJSONValue] successfully performed. With the following test data [title]. @04-05-2021 16:08:30.0553 PM
[ReportManager] API Action [getResponseJSONValue] successfully performed. With the following test data [title]. @04-05-2021 16:08:30.0559 PM
[ReportManager] API Action [getResponseJSONValue] successfully performed. With the following test data [title]. @04-05-2021 16:08:30.0565 PM
[ReportManager] API Action [getResponseJSONValue] successfully performed. With the following test data [title]. @04-05-2021 16:08:30.0571 PM
[ReportManager] API Action [getResponseJSONValue] successfully performed. With the following test data [title]. @04-05-2021 16:08:30.0577 PM
[ReportManager] API Action [getResponseJSONValue] successfully performed. With the following test data [title]. @04-05-2021 16:08:30.0583 PM
[ReportManager] API Action [getResponseJSONValue] successfully performed. With the following test data [title]. @04-05-2021 16:08:30.0588 PM
[ReportManager] API Action [getResponseJSONValue] successfully performed. With the following test data [title]. @04-05-2021 16:08:30.0594 PM
[ReportManager] API Action [getResponseJSONValue] successfully performed. With the following test data [title]. @04-05-2021 16:08:30.0600 PM
[ReportManager] API Action [getResponseJSONValue] successfully performed. With the following test data [title]. @04-05-2021 16:08:30.0606 PM
[ReportManager] API Action [getResponseJSONValue] successfully performed. With the following test data [title]. @04-05-2021 16:08:30.0612 PM
[ReportManager] API Action [getResponseJSONValue] successfully performed. With the following test data [title]. @04-05-2021 16:08:30.0618 PM
[ReportManager] API Action [getResponseJSONValue] successfully performed. With the following test data [title]. @04-05-2021 16:08:30.0623 PM
[ReportManager] API Action [getResponseJSONValue] successfully performed. With the following test data [title]. @04-05-2021 16:08:30.0629 PM
[ReportManager] API Action [getResponseJSONValue] successfully performed. With the following test data [title]. @04-05-2021 16:08:30.0635 PM
[ReportManager] API Action [getResponseJSONValue] successfully performed. With the following test data [title]. @04-05-2021 16:08:30.0640 PM
[ReportManager] API Action [getResponseJSONValue] successfully performed. With the following test data [title]. @04-05-2021 16:08:30.0646 PM
[ReportManager] API Action [getResponseJSONValue] successfully performed. With the following test data [title]. @04-05-2021 16:08:30.0652 PM
[ReportManager] API Action [getResponseJSONValue] successfully performed. With the following test data [title]. @04-05-2021 16:08:30.0658 PM
[ReportManager] API Action [getResponseJSONValue] successfully performed. With the following test data [title]. @04-05-2021 16:08:30.0664 PM
[ReportManager] API Action [getResponseJSONValue] successfully performed. With the following test data [title]. @04-05-2021 16:08:30.0670 PM
[ReportManager] API Action [getResponseJSONValue] successfully performed. With the following test data [title]. @04-05-2021 16:08:30.0676 PM
[ReportManager] API Action [getResponseJSONValue] successfully performed. With the following test data [title]. @04-05-2021 16:08:30.0681 PM
[ReportManager] API Action [getResponseJSONValue] successfully performed. With the following test data [title]. @04-05-2021 16:08:30.0687 PM
[ReportManager] API Action [getResponseJSONValue] successfully performed. With the following test data [title]. @04-05-2021 16:08:30.0693 PM
[ReportManager] API Action [getResponseJSONValue] successfully performed. With the following test data [title]. @04-05-2021 16:08:30.0699 PM
[ReportManager] API Action [getResponseJSONValue] successfully performed. With the following test data [title]. @04-05-2021 16:08:30.0705 PM
[ReportManager] API Action [getResponseJSONValue] successfully performed. With the following test data [title]. @04-05-2021 16:08:30.0710 PM
[ReportManager] API Action [getResponseJSONValue] successfully performed. With the following test data [title]. @04-05-2021 16:08:30.0716 PM
[ReportManager] API Action [getResponseJSONValue] successfully performed. With the following test data [title]. @04-05-2021 16:08:30.0721 PM
[ReportManager] API Action [getResponseJSONValue] successfully performed. With the following test data [title]. @04-05-2021 16:08:30.0727 PM
[ReportManager] API Action [getResponseJSONValue] successfully performed. With the following test data [title]. @04-05-2021 16:08:30.0733 PM
[ReportManager] API Action [getResponseJSONValue] successfully performed. With the following test data [title]. @04-05-2021 16:08:30.0738 P

################################################################################################################################################
Starting Execution:	[136 out of 137] test cases in the current suite
Test Method:		[unitTests.tests_restActions.validateUserEmail]
################################################################################################################################################
[ReportManager] Response status code: [200], status line: [HTTP/1.1 200 OK] @04-05-2021 16:08:30.0828 PM
[ReportManager] Evaluating the actual response status code against the expected one...... @04-05-2021 16:08:30.0828 PM
[ReportManager] AssertEquals PASSED; Expected [200] and Actual [200]. Comparison Type [EQUALS]. Validation Type [POSITIVE]. @04-05-2021 16:08:30.0828 PM
[ReportManager] API Action [performRequest] successfully performed. With the following test data [Request Type: "GET" | Target Status Code: "200" | Service URL: "https://jsonplaceholder.typicode.com/users" | Content Type: "*/*" | Response Time: "75ms"]. @04-05-2021 16:08:30.0841 PM
[ReportManager] Successfully created attachment [API Response - JSON Body] @04-05-2021 16:08:30.0841 PM
[ReportManager] AssertEquals PASSED; Expected and Actual values are attached. Comparison Type [CONTAINS]. Validation Type [POSITIVE]. @04-05-2021 16:08:30.0842 PM
[ReportManager] Successfully created attachment [Validation Test Data - Expected Value] @04-05-2021 16:08:30.0842 PM
[ReportManager] Successfully created attachment [Validation Test Data - Actual Value] @04-05-2021 16:08:30.0842 PM
[ReportManager] API Action [getResponseJSONValueAsList] successfully performed. With the following test data [$]. @04-05-2021 16:08:30.0845 PM
[ReportManager] API Action [getResponseJSONValue] successfully performed. With the following test data [name]. @04-05-2021 16:08:30.0853 PM
[ReportManager] API Action [getResponseJSONValue] successfully performed. With the following test data [email]. @04-05-2021 16:08:30.0860 PM
[ReportManager] AssertEquals PASSED; Expected [Sincere@april.biz] and Actual [Sincere@april.biz]. Comparison Type [EQUALS]. Validation Type [POSITIVE]. @04-05-2021 16:08:30.0860 PM
[ReportManager] API Action [getResponseJSONValue] successfully performed. With the following test data [name]. @04-05-2021 16:08:30.0866 PM
[ReportManager] API Action [getResponseJSONValue] successfully performed. With the following test data [name]. @04-05-2021 16:08:30.0875 PM
[ReportManager] API Action [getResponseJSONValue] successfully performed. With the following test data [name]. @04-05-2021 16:08:30.0881 PM
[ReportManager] API Action [getResponseJSONValue] successfully performed. With the following test data [name]. @04-05-2021 16:08:30.0889 PM
[ReportManager] API Action [getResponseJSONValue] successfully performed. With the following test data [name]. @04-05-2021 16:08:30.0895 PM
[ReportManager] API Action [getResponseJSONValue] successfully performed. With the following test data [name]. @04-05-2021 16:08:30.0901 PM
[ReportManager] API Action [getResponseJSONValue] successfully performed. With the following test data [name]. @04-05-2021 16:08:30.0908 PM
[ReportManager] API Action [getResponseJSONValue] successfully performed. With the following test data [name]. @04-05-2021 16:08:30.0914 PM
[ReportManager] API Action [getResponseJSONValue] successfully performed. With the following test data [name]. @04-05-2021 16:08:30.0919 P
[ReportManager] Successfully loaded the following test data file [src/test/resources/TestDataFiles/testSuite01/TestData.xlsx]. @04-05-2021 16:08:30.0984 PM
[ReportManager] Successfully created attachment [Test Data - Excel] @04-05-2021 16:08:30.0984 P

################################################################################################################################################
Starting Execution:	[137 out of 137] test cases in the current suite
Test Method:		[unitTests.tests_io_excelFileManager.getCellData_rowName_expectedToPass]
################################################################################################################################################
[ReportManager] testRowData. @04-05-2021 16:08:30.0989 P

################################################################################################################################################
Test Closure Activities
################################################################################################################################################
[ReportManager] Successfully created attachment [SHAFT Engine Logs - Execution log] @04-05-2021 16:08:31.0007 PM

################################################################################################################################################
This test run was powered by SHAFT Engine Version: [SHAFT Engine v5.2.20210427]
SHAFT Engine is licensed under the MIT License: [https://github.com/MohabMohie/SHAFT_ENGINE/blob/master/LICENSE].
################################################################################################################################################