################################################################################################################################################
Detected SHAFT Engine Version: [SHAFT Engine v5.2.20210427]
################################################################################################################################################
[ReportManager] File Action [getAbsolutePath] successfully performed. With the following test data [Relative Folder Path: "target/downloadedFiles/"]. @03-05-2021 02:03:16.0020 AM
[ReportManager] Attempting to run remotely on: [Linux-64], [GoogleChrome], [http://localhost:4444/wd/hub], Headless Execution. @03-05-2021 02:03:16.0056 AM
[ReportManager] Successfully Opened [GoogleChrome]. @03-05-2021 02:03:17.0889 A

################################################################################################################################################
Starting Execution:	[1 out of 137] test cases in the current suite
Test Method:		[testPackage01.Test_assertEquals.test_assertElementAttribute]
################################################################################################################################################
[ReportManager] Target URL: [https://www.google.com/ncr], and after redirection: [https://www.google.com] @03-05-2021 02:03:18.0070 AM
[ReportManager] Initial URL: [data:,] @03-05-2021 02:03:18.0193 AM
[ReportManager] Browser Action [navigateToURL] successfully performed. With the following test data [https://www.google.com/ncr]. @03-05-2021 02:03:19.0803 AM
[ReportManager] Element Action [type] successfully performed. With the following test data [INC_004010050:Another SCHEDULER with the same name [Duplicate Job Name] already exists.]. @03-05-2021 02:03:22.0831 AM
[ReportManager] Element Action [getText] successfully performed. With the following test data [INC_004010050:Another SCHEDULER with the same name [Duplicate Job Name] already exists.]. @03-05-2021 02:03:23.0108 AM
[ReportManager] Loaded Shared OpenCV @03-05-2021 02:03:23.0922 AM
[ReportManager] AssertElementAttribute PASSED; Expected [Value Should be 'INC_004010050:Another SCHEDULER with the same name \[Duplicate Job Name\] already exists.' for the 'text' attribute, element locator 'By.name: q'] and Actual [INC_004010050:Another SCHEDULER with the same name [Duplicate Job Name] already exists.]. Comparison Type [MATCHES]. Validation Type [POSITIVE]. @03-05-2021 02:03:24.0490 AM
[ReportManager] Successfully created attachment [Screenshot - 1620007403363_test_assertElementAttribute_AssertElementAttribute_passed] @03-05-2021 02:03:24.0511 A
[ReportManager] Successfully created attachment [Selenium WebDriver Logs - server] @03-05-2021 02:03:24.0786 AM
[ReportManager] Successfully created attachment [Selenium WebDriver Logs - performance] @03-05-2021 02:03:25.0337 AM
[ReportManager] Successfully created attachment [Selenium WebDriver Logs - driver] @03-05-2021 02:03:25.0868 AM
[ReportManager] Browser Action [closeCurrentWindow] successfully performed. @03-05-2021 02:03:25.0937 AM
[ReportManager] Successfully created attachment [Browser Action Test Data - closeCurrentWindow - Actual Value] @03-05-2021 02:03:25.0946 A
[ReportManager] File Action [getAbsolutePath] successfully performed. With the following test data [Relative Folder Path: "target/downloadedFiles/"]. @03-05-2021 02:03:25.0955 AM
[ReportManager] Attempting to run remotely on: [Linux-64], [GoogleChrome], [http://localhost:4444/wd/hub], Headless Execution. @03-05-2021 02:03:25.0956 AM
[ReportManager] Successfully Opened [GoogleChrome]. @03-05-2021 02:03:26.0681 A

################################################################################################################################################
Starting Execution:	[2 out of 137] test cases in the current suite
Test Method:		[testPackage01.Test_dynamicLoading.dynamicLoading_elementIsHidden]
################################################################################################################################################
[ReportManager] Target URL: [https://the-internet.herokuapp.com/dynamic_loading/1] @03-05-2021 02:03:26.0733 AM
[ReportManager] Initial URL: [data:,] @03-05-2021 02:03:26.0823 AM
[ReportManager] Browser Action [navigateToURL] successfully performed. With the following test data [https://the-internet.herokuapp.com/dynamic_loading/1]. @03-05-2021 02:03:27.0362 AM
[ReportManager] Element Action [click] successfully performed. With the following test data [Start]. @03-05-2021 02:03:27.0948 AM
[ReportManager] Element Action [getText] successfully performed. With the following test data [
    Hello World!
  ]. @03-05-2021 02:03:28.0152 AM
[ReportManager] Loaded Shared OpenCV @03-05-2021 02:03:28.0401 AM
[ReportManager] AssertElementAttribute PASSED; Expected [Value Should be 'Hello World!' for the 'text' attribute, element locator 'By.id: finish'] and Actual [
    Hello World!
  ]. Comparison Type [CONTAINS]. Validation Type [POSITIVE]. @03-05-2021 02:03:28.0563 AM
[ReportManager] Successfully created attachment [Screenshot - 1620007408400_dynamicLoading_elementIsHidden_AssertElementAttribute_passed] @03-05-2021 02:03:28.0569 A
[ReportManager] Successfully created attachment [Selenium WebDriver Logs - server] @03-05-2021 02:03:28.0680 AM
[ReportManager] Successfully created attachment [Selenium WebDriver Logs - performance] @03-05-2021 02:03:28.0719 AM
[ReportManager] Successfully created attachment [Selenium WebDriver Logs - browser] @03-05-2021 02:03:28.0730 AM
[ReportManager] Successfully created attachment [Selenium WebDriver Logs - driver] @03-05-2021 02:03:28.0858 AM
[ReportManager] Browser Action [closeCurrentWindow] successfully performed. @03-05-2021 02:03:28.0918 AM
[ReportManager] Successfully created attachment [Browser Action Test Data - closeCurrentWindow - Actual Value] @03-05-2021 02:03:28.0919 A
[ReportManager] File Action [getAbsolutePath] successfully performed. With the following test data [Relative Folder Path: "target/downloadedFiles/"]. @03-05-2021 02:03:28.0922 AM
[ReportManager] Attempting to run remotely on: [Linux-64], [GoogleChrome], [http://localhost:4444/wd/hub], Headless Execution. @03-05-2021 02:03:28.0922 AM
[ReportManager] Successfully Opened [GoogleChrome]. @03-05-2021 02:03:29.0730 A

################################################################################################################################################
Starting Execution:	[3 out of 137] test cases in the current suite
Test Method:		[testPackage01.Test_dynamicLoading.dynamicLoading_elementIsRendered]
################################################################################################################################################
[ReportManager] Target URL: [https://the-internet.herokuapp.com/dynamic_loading/2] @03-05-2021 02:03:29.0763 AM
[ReportManager] Initial URL: [data:,] @03-05-2021 02:03:29.0845 AM
[ReportManager] Browser Action [navigateToURL] successfully performed. With the following test data [https://the-internet.herokuapp.com/dynamic_loading/2]. @03-05-2021 02:03:30.0357 AM
[ReportManager] Element Action [click] successfully performed. With the following test data [Start]. @03-05-2021 02:03:30.0886 AM
[ReportManager] Element Action [getText] successfully performed. With the following test data [Hello World!]. @03-05-2021 02:03:36.0123 AM
[ReportManager] Loaded Shared OpenCV @03-05-2021 02:03:36.0352 AM
[ReportManager] AssertElementAttribute PASSED; Expected [Value Should be 'Hello World!' for the 'text' attribute, element locator 'By.id: finish'] and Actual [Hello World!]. Comparison Type [CONTAINS]. Validation Type [POSITIVE]. @03-05-2021 02:03:36.0489 AM
[ReportManager] Successfully created attachment [Screenshot - 1620007416352_dynamicLoading_elementIsRendered_AssertElementAttribute_passed] @03-05-2021 02:03:36.0492 A
[ReportManager] Successfully created attachment [Selenium WebDriver Logs - server] @03-05-2021 02:03:36.0612 AM
[ReportManager] Successfully created attachment [Selenium WebDriver Logs - performance] @03-05-2021 02:03:36.0652 AM
[ReportManager] Successfully created attachment [Selenium WebDriver Logs - browser] @03-05-2021 02:03:36.0664 AM
[ReportManager] Successfully created attachment [Selenium WebDriver Logs - driver] @03-05-2021 02:03:36.0789 AM
[ReportManager] Browser Action [closeCurrentWindow] successfully performed. @03-05-2021 02:03:36.0849 AM
[ReportManager] Successfully created attachment [Browser Action Test Data - closeCurrentWindow - Actual Value] @03-05-2021 02:03:36.0850 A

################################################################################################################################################
Starting Execution:	[4 out of 137] test cases in the current suite
Test Method:		[testPackage01.Test_SelectedValue.multipleSelect]
################################################################################################################################################
[ReportManager] File Action [getAbsolutePath] successfully performed. With the following test data [Relative Folder Path: "target/downloadedFiles/"]. @03-05-2021 02:03:36.0856 AM
[ReportManager] Attempting to run remotely on: [Linux-64], [GoogleChrome], [http://localhost:4444/wd/hub], Headless Execution. @03-05-2021 02:03:36.0857 AM
[ReportManager] Successfully Opened [GoogleChrome]. @03-05-2021 02:03:37.0659 AM
[ReportManager] Target URL: [https://mdn.mozillademos.org/en-US/docs/Web/HTML/Element/select$samples/Advanced_select_with_multiple_features?revision=1612304] @03-05-2021 02:03:37.0689 AM
[ReportManager] Initial URL: [data:,] @03-05-2021 02:03:37.0773 AM
[ReportManager] Browser Action [navigateToURL] successfully performed. With the following test data [https://mdn.mozillademos.org/en-US/docs/Web/HTML/Element/select$samples/Advanced_select_with_multiple_features?revision=1612304]. @03-05-2021 02:03:38.0542 AM
[ReportManager] Element Action [select] successfully performed. With the following test data [Dog]. @03-05-2021 02:03:38.0973 AM
[ReportManager] Element Action [select] successfully performed. With the following test data [Cat]. @03-05-2021 02:03:39.0385 AM
[ReportManager] Element Action [getSelectedText] successfully performed. With the following test data [DogCat]. @03-05-2021 02:03:39.0612 AM
[ReportManager] DogCat @03-05-2021 02:03:39.0612 AM
[ReportManager] Element Action [getSelectedText] successfully performed. With the following test data [DogCat]. @03-05-2021 02:03:39.0821 AM
[ReportManager] Loaded Shared OpenCV @03-05-2021 02:03:40.0002 AM
[ReportManager] AssertElementAttribute PASSED; Expected [Value Should be 'DogCat' for the 'selectedText' attribute, element locator 'By.tagName: select'] and Actual [DogCat]. Comparison Type [EQUALS]. Validation Type [POSITIVE]. @03-05-2021 02:03:40.0094 AM
[ReportManager] Successfully created attachment [Screenshot - 1620007420002_multipleSelect_AssertElementAttribute_passed] @03-05-2021 02:03:40.0095 AM
[ReportManager] Successfully created attachment [Selenium WebDriver Logs - server] @03-05-2021 02:03:40.0180 AM
[ReportManager] Successfully created attachment [Selenium WebDriver Logs - performance] @03-05-2021 02:03:40.0196 AM
[ReportManager] Successfully created attachment [Selenium WebDriver Logs - driver] @03-05-2021 02:03:40.0358 AM
[ReportManager] Browser Action [closeCurrentWindow] successfully performed. @03-05-2021 02:03:40.0420 AM
[ReportManager] Successfully created attachment [Browser Action Test Data - closeCurrentWindow - Actual Value] @03-05-2021 02:03:40.0421 A

################################################################################################################################################
Starting Execution:	[5 out of 137] test cases in the current suite
Test Method:		[testPackage01.Test_SelectedValue.simpleSelect]
################################################################################################################################################
[ReportManager] File Action [getAbsolutePath] successfully performed. With the following test data [Relative Folder Path: "target/downloadedFiles/"]. @03-05-2021 02:03:40.0434 AM
[ReportManager] Attempting to run remotely on: [Linux-64], [GoogleChrome], [http://localhost:4444/wd/hub], Headless Execution. @03-05-2021 02:03:40.0434 AM
[ReportManager] Successfully Opened [GoogleChrome]. @03-05-2021 02:03:40.0786 AM
[ReportManager] Target URL: [https://mdn.mozillademos.org/en-US/docs/Web/HTML/Element/select$samples/Basic_select?revision=1612304] @03-05-2021 02:03:40.0811 AM
[ReportManager] Initial URL: [data:,] @03-05-2021 02:03:40.0884 AM
[ReportManager] Browser Action [navigateToURL] successfully performed. With the following test data [https://mdn.mozillademos.org/en-US/docs/Web/HTML/Element/select$samples/Basic_select?revision=1612304]. @03-05-2021 02:03:41.0195 AM
[ReportManager] Element Action [select] successfully performed. With the following test data [Third Value]. @03-05-2021 02:03:41.0586 AM
[ReportManager] Element Action [getSelectedText] successfully performed. With the following test data [Third Value]. @03-05-2021 02:03:41.0751 AM
[ReportManager] Third Value @03-05-2021 02:03:41.0751 AM
[ReportManager] Element Action [getSelectedText] successfully performed. With the following test data [Third Value]. @03-05-2021 02:03:41.0911 AM
[ReportManager] Loaded Shared OpenCV @03-05-2021 02:03:42.0073 AM
[ReportManager] AssertElementAttribute PASSED; Expected [Value Should be 'Third Value' for the 'selectedText' attribute, element locator 'By.tagName: select'] and Actual [Third Value]. Comparison Type [EQUALS]. Validation Type [POSITIVE]. @03-05-2021 02:03:42.0152 AM
[ReportManager] Successfully created attachment [Screenshot - 1620007422073_simpleSelect_AssertElementAttribute_passed] @03-05-2021 02:03:42.0152 AM
[ReportManager] Successfully created attachment [Selenium WebDriver Logs - server] @03-05-2021 02:03:42.0251 AM
[ReportManager] Successfully created attachment [Selenium WebDriver Logs - performance] @03-05-2021 02:03:42.0264 AM
[ReportManager] Successfully created attachment [Selenium WebDriver Logs - driver] @03-05-2021 02:03:42.0353 AM
[ReportManager] Browser Action [closeCurrentWindow] successfully performed. @03-05-2021 02:03:42.0374 AM
[ReportManager] Successfully created attachment [Browser Action Test Data - closeCurrentWindow - Actual Value] @03-05-2021 02:03:42.0375 A
[ReportManager] File Action [getAbsolutePath] successfully performed. With the following test data [Relative Folder Path: "target/downloadedFiles/"]. @03-05-2021 02:03:42.0380 AM
[ReportManager] Attempting to run remotely on: [Linux-64], [GoogleChrome], [http://localhost:4444/wd/hub], Headless Execution. @03-05-2021 02:03:42.0381 AM
[ReportManager] Successfully Opened [GoogleChrome]. @03-05-2021 02:03:42.0681 A

################################################################################################################################################
Starting Execution:	[6 out of 137] test cases in the current suite
Test Method:		[testPackage01.Test_IsElementClickable.testIsElementClickable]
################################################################################################################################################
[ReportManager] Target URL: [https://the-internet.herokuapp.com/] @03-05-2021 02:03:42.0714 AM
[ReportManager] Initial URL: [data:,] @03-05-2021 02:03:42.0766 AM
[ReportManager] Browser Action [navigateToURL] successfully performed. With the following test data [https://the-internet.herokuapp.com/]. @03-05-2021 02:03:43.0206 AM
[ReportManager] Element Action [isElementClickable] successfully performed. @03-05-2021 02:03:43.0409 AM
[ReportManager] AssertTrue PASSED; Expected [TRUE] and Actual [TRUE]. Validation Type [POSITIVE]. @03-05-2021 02:03:43.0410 A
[ReportManager] Successfully created attachment [Selenium WebDriver Logs - server] @03-05-2021 02:03:43.0490 AM
[ReportManager] Successfully created attachment [Selenium WebDriver Logs - performance] @03-05-2021 02:03:43.0515 AM
[ReportManager] Successfully created attachment [Selenium WebDriver Logs - browser] @03-05-2021 02:03:43.0524 AM
[ReportManager] Successfully created attachment [Selenium WebDriver Logs - driver] @03-05-2021 02:03:43.0587 AM
[ReportManager] Browser Action [closeCurrentWindow] successfully performed. @03-05-2021 02:03:43.0647 AM
[ReportManager] Successfully created attachment [Browser Action Test Data - closeCurrentWindow - Actual Value] @03-05-2021 02:03:43.0647 A
[ReportManager] File Action [getAbsolutePath] successfully performed. With the following test data [Relative Folder Path: "target/downloadedFiles/"]. @03-05-2021 02:03:43.0650 AM
[ReportManager] Attempting to run remotely on: [Linux-64], [GoogleChrome], [http://localhost:4444/wd/hub], Headless Execution. @03-05-2021 02:03:43.0650 AM
[ReportManager] Successfully Opened [GoogleChrome]. @03-05-2021 02:03:44.0018 A

################################################################################################################################################
Starting Execution:	[7 out of 137] test cases in the current suite
Test Method:		[testPackage01.Test_dragAndDrop.dragAndDrop]
Test Description:	[TC001 - Test Drag and Drop function.]
################################################################################################################################################
[ReportManager] Target URL: [http://the-internet.herokuapp.com/drag_and_drop] @03-05-2021 02:03:44.0064 AM
[ReportManager] Initial URL: [data:,] @03-05-2021 02:03:44.0128 AM
[ReportManager] Browser Action [navigateToURL] successfully performed. With the following test data [http://the-internet.herokuapp.com/drag_and_drop]. @03-05-2021 02:03:44.0642 AM
[ReportManager] Attempting Drag and Drop @03-05-2021 02:03:44.0642 AM
[ReportManager] Element Action [dragAndDrop] successfully performed. With the following test data [Start point: (32, 89), End point: (247, 89)]. @03-05-2021 02:03:45.0929 A
[ReportManager] Successfully created attachment [Selenium WebDriver Logs - server] @03-05-2021 02:03:45.0995 AM
[ReportManager] Successfully created attachment [Selenium WebDriver Logs - performance] @03-05-2021 02:03:46.0024 AM
[ReportManager] Successfully created attachment [Selenium WebDriver Logs - browser] @03-05-2021 02:03:46.0033 AM
[ReportManager] Successfully created attachment [Selenium WebDriver Logs - driver] @03-05-2021 02:03:46.0100 AM
[ReportManager] Browser Action [closeCurrentWindow] successfully performed. @03-05-2021 02:03:46.0163 AM
[ReportManager] Successfully created attachment [Browser Action Test Data - closeCurrentWindow - Actual Value] @03-05-2021 02:03:46.0163 A
[ReportManager] File Action [getAbsolutePath] successfully performed. With the following test data [Relative Folder Path: "target/downloadedFiles/"]. @03-05-2021 02:03:46.0170 AM
[ReportManager] Attempting to run remotely on: [Linux-64], [GoogleChrome], [http://localhost:4444/wd/hub], Headless Execution. @03-05-2021 02:03:46.0170 AM
[ReportManager] Successfully Opened [GoogleChrome]. @03-05-2021 02:03:46.0504 A

################################################################################################################################################
Starting Execution:	[8 out of 137] test cases in the current suite
Test Method:		[testPackage01.Test_dragAndDrop.dragAndDropByOffset]
Test Description:	[TC002 - Test Drag and Drop by offset function.]
################################################################################################################################################
[ReportManager] Target URL: [https://jqueryui.com/resources/demos/draggable/default.html] @03-05-2021 02:03:46.0529 AM
[ReportManager] Initial URL: [data:,] @03-05-2021 02:03:46.0627 AM
[ReportManager] Browser Action [navigateToURL] successfully performed. With the following test data [https://jqueryui.com/resources/demos/draggable/default.html]. @03-05-2021 02:03:47.0126 AM
[ReportManager] Element Action [dragAndDropByOffset] successfully performed. With the following test data [Start point: (8, 8), End point: (1008, 108)]. @03-05-2021 02:03:47.0360 A
[ReportManager] Successfully created attachment [Selenium WebDriver Logs - server] @03-05-2021 02:03:47.0426 AM
[ReportManager] Successfully created attachment [Selenium WebDriver Logs - performance] @03-05-2021 02:03:47.0447 AM
[ReportManager] Successfully created attachment [Selenium WebDriver Logs - driver] @03-05-2021 02:03:47.0546 AM
[ReportManager] Browser Action [closeCurrentWindow] successfully performed. @03-05-2021 02:03:47.0607 AM
[ReportManager] Successfully created attachment [Browser Action Test Data - closeCurrentWindow - Actual Value] @03-05-2021 02:03:47.0607 A
[ReportManager] File Action [getAbsolutePath] successfully performed. With the following test data [Relative Folder Path: "target/downloadedFiles/"]. @03-05-2021 02:03:47.0613 AM
[ReportManager] Attempting to run remotely on: [Linux-64], [GoogleChrome], [http://localhost:4444/wd/hub], Headless Execution. @03-05-2021 02:03:47.0613 AM
[ReportManager] Successfully Opened [GoogleChrome]. @03-05-2021 02:03:47.0881 A

################################################################################################################################################
Starting Execution:	[9 out of 137] test cases in the current suite
Test Method:		[testPackage01.Test_dragAndDrop.dragAndDropJquery]
################################################################################################################################################
[ReportManager] Target URL: [https://jqueryui.com/resources/demos/droppable/default.html] @03-05-2021 02:03:47.0928 AM
[ReportManager] Initial URL: [data:,] @03-05-2021 02:03:47.0981 AM
[ReportManager] Browser Action [navigateToURL] successfully performed. With the following test data [https://jqueryui.com/resources/demos/droppable/default.html]. @03-05-2021 02:03:48.0394 AM
[ReportManager] Element Action [getText] successfully performed. With the following test data [Drop here]. @03-05-2021 02:03:48.0515 AM
[ReportManager] Element Action [dragAndDrop] successfully performed. With the following test data [Start point: (8, 18), End point: (8, 18)]. @03-05-2021 02:03:49.0976 AM
[ReportManager] Element Action [getText] successfully performed. With the following test data [Dropped!]. @03-05-2021 02:03:50.0092 AM
[ReportManager] Checking to see if the text has changed after performing drag and drop... @03-05-2021 02:03:50.0092 AM
[ReportManager] AssertEquals PASSED; Expected [Drop here] and Actual [Dropped!]. Comparison Type [EQUALS]. Validation Type [NEGATIVE]. @03-05-2021 02:03:50.0092 A
[ReportManager] Successfully created attachment [Selenium WebDriver Logs - server] @03-05-2021 02:03:50.0195 AM
[ReportManager] Successfully created attachment [Selenium WebDriver Logs - performance] @03-05-2021 02:03:50.0211 AM
[ReportManager] Successfully created attachment [Selenium WebDriver Logs - driver] @03-05-2021 02:03:50.0306 AM
[ReportManager] Browser Action [closeCurrentWindow] successfully performed. @03-05-2021 02:03:50.0365 AM
[ReportManager] Successfully created attachment [Browser Action Test Data - closeCurrentWindow - Actual Value] @03-05-2021 02:03:50.0366 A

################################################################################################################################################
Starting Execution:	[10 out of 137] test cases in the current suite
Test Method:		[testPackage01.Test_SkipDueToIssue.doNotSkip]
################################################################################################################################################
[ReportManager] This should not be skipped. @03-05-2021 02:03:50.0375 A

################################################################################################################################################
Starting Execution:	[11 out of 137] test cases in the current suite
Test Method:		[testPackage01.Test_SkipDueToIssue.skip]
################################################################################################################################################
[ReportManager] This should be skipped. @03-05-2021 02:03:50.0390 A

################################################################################################################################################
Starting Execution:	[12 out of 137] test cases in the current suite
Test Method:		[testPackage01.Test_SkipDueToIssue.skip2]
################################################################################################################################################
[ReportManager] This should be skipped. @03-05-2021 02:03:50.0395 A

################################################################################################################################################
Starting Execution:	[13 out of 137] test cases in the current suite
Test Method:		[testPackage01.Test_chainableElementActions.chainElementActions]
################################################################################################################################################
[ReportManager] File Action [getAbsolutePath] successfully performed. With the following test data [Relative Folder Path: "target/downloadedFiles/"]. @03-05-2021 02:03:50.0400 AM
[ReportManager] Attempting to run remotely on: [Linux-64], [GoogleChrome], [http://localhost:4444/wd/hub], Headless Execution. @03-05-2021 02:03:50.0400 AM
[ReportManager] Successfully Opened [GoogleChrome]. @03-05-2021 02:03:50.0694 AM
[ReportManager] Target URL: [https://www.google.com/ncr], and after redirection: [https://www.google.com] @03-05-2021 02:03:50.0707 AM
[ReportManager] Initial URL: [data:,] @03-05-2021 02:03:50.0757 AM
[ReportManager] Browser Action [navigateToURL] successfully performed. With the following test data [https://www.google.com/ncr]. @03-05-2021 02:03:51.0713 AM
[ReportManager] Element Action [type] successfully performed. With the following test data [chained type 1]. @03-05-2021 02:03:52.0505 AM
[ReportManager] Element Action [type] successfully performed. With the following test data [chained type 2]. @03-05-2021 02:03:53.0220 AM
[ReportManager] Element Action [typeAppend] successfully performed. With the following test data [345]. @03-05-2021 02:03:53.0397 AM
[ReportManager] Element Action [getText] successfully performed. With the following test data [chained type 2345]. @03-05-2021 02:03:53.0567 AM
[ReportManager] Loaded Shared OpenCV @03-05-2021 02:03:53.0736 AM
[ReportManager] AssertElementAttribute PASSED; Expected [Value Should be 'chained type 2345' for the 'text' attribute, element locator 'By.name: q'] and Actual [chained type 2345]. Comparison Type [EQUALS]. Validation Type [POSITIVE]. @03-05-2021 02:03:53.0818 AM
[ReportManager] Successfully created attachment [Screenshot - 1620007433735_chainElementActions_AssertElementAttribute_passed] @03-05-2021 02:03:53.0820 AM
[ReportManager] Successfully created attachment [Selenium WebDriver Logs - server] @03-05-2021 02:03:53.0909 AM
[ReportManager] Successfully created attachment [Selenium WebDriver Logs - performance] @03-05-2021 02:03:54.0104 AM
[ReportManager] Successfully created attachment [Selenium WebDriver Logs - driver] @03-05-2021 02:03:54.0367 AM
[ReportManager] Browser Action [closeCurrentWindow] successfully performed. @03-05-2021 02:03:54.0425 AM
[ReportManager] Successfully created attachment [Browser Action Test Data - closeCurrentWindow - Actual Value] @03-05-2021 02:03:54.0426 A
[ReportManager] File Action [getAbsolutePath] successfully performed. With the following test data [Relative Folder Path: "target/downloadedFiles/"]. @03-05-2021 02:03:54.0461 AM
[ReportManager] Attempting to run remotely on: [Linux-64], [GoogleChrome], [http://localhost:4444/wd/hub], Headless Execution. @03-05-2021 02:03:54.0461 AM
[ReportManager] Successfully Opened [GoogleChrome]. @03-05-2021 02:03:54.0775 A

################################################################################################################################################
Starting Execution:	[14 out of 137] test cases in the current suite
Test Method:		[testPackage01.Test_clipboardActions.typeTextAndCopyPaste]
################################################################################################################################################
[ReportManager] Target URL: [https://www.google.com/ncr], and after redirection: [https://www.google.com] @03-05-2021 02:03:54.0800 AM
[ReportManager] Initial URL: [data:,] @03-05-2021 02:03:54.0865 AM
[ReportManager] Browser Action [navigateToURL] successfully performed. With the following test data [https://www.google.com/ncr]. @03-05-2021 02:03:55.0794 AM
[ReportManager] Element Action [type] successfully performed. With the following test data [FIRST]. @03-05-2021 02:03:56.0395 AM
[ReportManager] Element Action [clipboardActions] successfully performed. With the following test data [select all]. @03-05-2021 02:03:56.0498 AM
[ReportManager] Element Action [clipboardActions] successfully performed. With the following test data [copy]. @03-05-2021 02:03:56.0576 AM
[ReportManager] Element Action [clipboardActions] successfully performed. With the following test data [unselect]. @03-05-2021 02:03:56.0671 AM
[ReportManager] Element Action [clipboardActions] successfully performed. With the following test data [paste]. @03-05-2021 02:03:56.0799 AM
[ReportManager] Element Action [clipboardActions] successfully performed. With the following test data [select all]. @03-05-2021 02:03:56.0895 AM
[ReportManager] Element Action [clipboardActions] successfully performed. With the following test data [cut]. @03-05-2021 02:03:57.0007 AM
[ReportManager] Element Action [clipboardActions] successfully performed. With the following test data [paste]. @03-05-2021 02:03:57.0130 AM
[ReportManager] Element Action [clipboardActions] successfully performed. With the following test data [paste]. @03-05-2021 02:03:57.0241 A
[ReportManager] Successfully created attachment [Selenium WebDriver Logs - server] @03-05-2021 02:03:57.0368 AM
[ReportManager] Successfully created attachment [Selenium WebDriver Logs - performance] @03-05-2021 02:03:57.0472 AM
[ReportManager] Successfully created attachment [Selenium WebDriver Logs - driver] @03-05-2021 02:03:57.0704 AM
[ReportManager] Browser Action [closeCurrentWindow] successfully performed. @03-05-2021 02:03:57.0766 AM
[ReportManager] Successfully created attachment [Browser Action Test Data - closeCurrentWindow - Actual Value] @03-05-2021 02:03:57.0767 A
[ReportManager] File Action [getAbsolutePath] successfully performed. With the following test data [Relative Folder Path: "target/downloadedFiles/"]. @03-05-2021 02:03:57.0769 AM
[ReportManager] Attempting to run remotely on: [Linux-64], [GoogleChrome], [http://localhost:4444/wd/hub], Headless Execution. @03-05-2021 02:03:57.0769 AM
[ReportManager] Successfully Opened [GoogleChrome]. @03-05-2021 02:03:58.0094 A

################################################################################################################################################
Starting Execution:	[15 out of 137] test cases in the current suite
Test Method:		[testPackage01.Test_verifyEquals.test_assertElementAttribute]
################################################################################################################################################
[ReportManager] Target URL: [https://www.google.com/ncr], and after redirection: [https://www.google.com] @03-05-2021 02:03:58.0111 AM
[ReportManager] Initial URL: [data:,] @03-05-2021 02:03:58.0177 AM
[ReportManager] Browser Action [navigateToURL] successfully performed. With the following test data [https://www.google.com/ncr]. @03-05-2021 02:03:59.0071 AM
[ReportManager] Element Action [type] successfully performed. With the following test data [INC_004010050:Another SCHEDULER with the same name [Duplicate Job Name] already exists.]. @03-05-2021 02:04:01.0827 AM
[ReportManager] Element Action [getText] successfully performed. With the following test data [INC_004010050:Another SCHEDULER with the same name [Duplicate Job Name] already exists.]. @03-05-2021 02:04:01.0969 AM
[ReportManager] Loaded Shared OpenCV @03-05-2021 02:04:02.0174 AM
[ReportManager] VerifyElementAttribute PASSED; Expected [Value Should be 'INC_004010050:Another SCHEDULER with the same name \[Duplicate Job Name\] already exists.' for the 'text' attribute, element locator 'By.name: q'] and Actual [INC_004010050:Another SCHEDULER with the same name [Duplicate Job Name] already exists.]. Comparison Type [MATCHES]. Validation Type [POSITIVE]. @03-05-2021 02:04:02.0263 AM
[ReportManager] Successfully created attachment [Screenshot - 1620007442174_test_assertElementAttribute_VerifyElementAttribute_passed] @03-05-2021 02:04:02.0265 A
[ReportManager] Successfully created attachment [Selenium WebDriver Logs - server] @03-05-2021 02:04:02.0378 AM
[ReportManager] Successfully created attachment [Selenium WebDriver Logs - performance] @03-05-2021 02:04:02.0822 AM
[ReportManager] Successfully created attachment [Selenium WebDriver Logs - driver] @03-05-2021 02:04:03.0245 AM
[ReportManager] Browser Action [closeCurrentWindow] successfully performed. @03-05-2021 02:04:03.0303 AM
[ReportManager] Successfully created attachment [Browser Action Test Data - closeCurrentWindow - Actual Value] @03-05-2021 02:04:03.0304 A

################################################################################################################################################
Starting Execution:	[16 out of 137] test cases in the current suite
Test Method:		[testPackage01.Test_JSONFileManager.readStringFromJson]
################################################################################################################################################
[ReportManager] Successfully loaded the following test data file [src/test/resources/TestDataFiles/simpleJSON.json]. @03-05-2021 02:04:03.0315 AM
[ReportManager] Successfully created attachment [Test Data - JSON] @03-05-2021 02:04:03.0568 AM
[ReportManager] AssertEquals PASSED; Expected [Mohab Mohie] and Actual [Mohab Mohie]. Comparison Type [EQUALS]. Validation Type [POSITIVE]. @03-05-2021 02:04:05.0471 A
[ReportManager] File Action [getAbsolutePath] successfully performed. With the following test data [Relative Folder Path: "target/downloadedFiles/"]. @03-05-2021 02:04:05.0504 AM
[ReportManager] Attempting to run remotely on: [Linux-64], [GoogleChrome], [http://localhost:4444/wd/hub], Headless Execution. @03-05-2021 02:04:05.0505 AM
[ReportManager] Successfully Opened [GoogleChrome]. @03-05-2021 02:04:06.0031 A

################################################################################################################################################
Starting Execution:	[17 out of 137] test cases in the current suite
Test Method:		[testPackage01.Test_uploadFile.uploadFile_invisibleUploadInput]
################################################################################################################################################
[ReportManager] Target URL: [https://fineuploader.com/demos.html#gallery-view] @03-05-2021 02:04:06.0098 AM
[ReportManager] Initial URL: [data:,] @03-05-2021 02:04:06.0166 AM
[ReportManager] Browser Action [navigateToURL] successfully performed. With the following test data [https://fineuploader.com/demos.html#gallery-view]. @03-05-2021 02:04:08.0523 AM
[ReportManager] File Action [getAbsolutePath] successfully performed. With the following test data [Relative File Path: "src/main/resources/images/shaft.png"]. @03-05-2021 02:04:08.0523 AM
[ReportManager] Successfully created attachment [File Action Actual Result - Command Log] @03-05-2021 02:04:08.0524 AM
[ReportManager] Element Action [typeFileLocationForUpload] successfully performed. With the following test data [/home/runner/work/SHAFT_ENGINE/SHAFT_ENGINE/src/main/resources/images/shaft.png]. @03-05-2021 02:04:08.0801 AM
[ReportManager] Attempting to getAttribute [src] from elementLocator [By.xpath: //div[@id='fine-uploader-gallery']//div[@class='qq-thumbnail-wrapper']/img]. @03-05-2021 02:04:08.0801 AM
[ReportManager] Element Action [getAttribute] successfully performed. @03-05-2021 02:04:08.0945 AM
[ReportManager] Successfully created attachment [Element Action Test Data - getAttribute - Actual Value] @03-05-2021 02:04:08.0946 AM
[ReportManager] Loaded Shared OpenCV @03-05-2021 02:04:09.0158 AM
[ReportManager] AssertElementAttribute PASSED; Expected and Actual values are attached. Comparison Type [CONTAINS]. Validation Type [POSITIVE]. @03-05-2021 02:04:09.0266 AM
[ReportManager] Successfully created attachment [Validation Test Data - Expected Value] @03-05-2021 02:04:09.0267 AM
[ReportManager] Successfully created attachment [Validation Test Data - Actual Value] @03-05-2021 02:04:09.0267 AM
[ReportManager] Successfully created attachment [Screenshot - 1620007449158_uploadFile_invisibleUploadInput_AssertElementAttribute_passed] @03-05-2021 02:04:09.0268 A
[ReportManager] Successfully created attachment [Selenium WebDriver Logs - server] @03-05-2021 02:04:09.0391 AM
[ReportManager] Successfully created attachment [Selenium WebDriver Logs - performance] @03-05-2021 02:04:09.0490 AM
[ReportManager] Successfully created attachment [Selenium WebDriver Logs - browser] @03-05-2021 02:04:09.0502 AM
[ReportManager] Successfully created attachment [Selenium WebDriver Logs - driver] @03-05-2021 02:04:09.0676 AM
[ReportManager] Browser Action [closeCurrentWindow] successfully performed. @03-05-2021 02:04:09.0737 AM
[ReportManager] Successfully created attachment [Browser Action Test Data - closeCurrentWindow - Actual Value] @03-05-2021 02:04:09.0738 A
[ReportManager] File Action [getAbsolutePath] successfully performed. With the following test data [Relative Folder Path: "target/downloadedFiles/"]. @03-05-2021 02:04:09.0746 AM
[ReportManager] Attempting to run remotely on: [Linux-64], [GoogleChrome], [http://localhost:4444/wd/hub], Headless Execution. @03-05-2021 02:04:09.0746 AM
[ReportManager] Successfully Opened [GoogleChrome]. @03-05-2021 02:04:10.0044 A

################################################################################################################################################
Starting Execution:	[18 out of 137] test cases in the current suite
Test Method:		[testPackage01.Test_uploadFile.uploadFile_visibleUploadInput]
################################################################################################################################################
[ReportManager] Target URL: [http://demo.guru99.com/test/upload/] @03-05-2021 02:04:10.0066 AM
[ReportManager] Initial URL: [data:,] @03-05-2021 02:04:10.0122 AM
[ReportManager] Browser Action [navigateToURL] successfully performed. With the following test data [http://demo.guru99.com/test/upload/]. @03-05-2021 02:04:10.0946 AM
[ReportManager] File Action [getAbsolutePath] successfully performed. With the following test data [Relative File Path: "src/main/resources/images/shaft.png"]. @03-05-2021 02:04:10.0946 AM
[ReportManager] Successfully created attachment [File Action Actual Result - Command Log] @03-05-2021 02:04:10.0947 AM
[ReportManager] Element Action [typeFileLocationForUpload] successfully performed. With the following test data [/home/runner/work/SHAFT_ENGINE/SHAFT_ENGINE/src/main/resources/images/shaft.png]. @03-05-2021 02:04:11.0176 AM
[ReportManager] Element Action [click] successfully performed. With the following test data [on]. @03-05-2021 02:04:11.0588 AM
[ReportManager] Element Action [click] successfully performed. With the following test data [Submit File]. @03-05-2021 02:04:11.0976 AM
[ReportManager] Element Action [getText] successfully performed. With the following test data [1 file
has been successfully uploaded.]. @03-05-2021 02:04:12.0127 AM
[ReportManager] Loaded Shared OpenCV @03-05-2021 02:04:12.0297 AM
[ReportManager] AssertElementAttribute PASSED; Expected [Value Should be '1 file' for the 'Text' attribute, element locator 'By.id: res'] and Actual [1 file
has been successfully uploaded.]. Comparison Type [CONTAINS]. Validation Type [POSITIVE]. @03-05-2021 02:04:12.0384 AM
[ReportManager] Successfully created attachment [Screenshot - 1620007452297_uploadFile_visibleUploadInput_AssertElementAttribute_passed] @03-05-2021 02:04:12.0385 A
[ReportManager] Successfully created attachment [Selenium WebDriver Logs - server] @03-05-2021 02:04:12.0462 AM
[ReportManager] Successfully created attachment [Selenium WebDriver Logs - performance] @03-05-2021 02:04:12.0522 AM
[ReportManager] Successfully created attachment [Selenium WebDriver Logs - browser] @03-05-2021 02:04:12.0534 AM
[ReportManager] Successfully created attachment [Selenium WebDriver Logs - driver] @03-05-2021 02:04:12.0707 AM
[ReportManager] Browser Action [closeCurrentWindow] successfully performed. @03-05-2021 02:04:12.0771 AM
[ReportManager] Successfully created attachment [Browser Action Test Data - closeCurrentWindow - Actual Value] @03-05-2021 02:04:12.0772 A
[ReportManager] File Action [getAbsolutePath] successfully performed. With the following test data [Relative Folder Path: "target/downloadedFiles/"]. @03-05-2021 02:04:12.0782 AM
[ReportManager] Attempting to run remotely on: [Linux-64], [GoogleChrome], [http://localhost:4444/wd/hub], Headless Execution. @03-05-2021 02:04:12.0782 AM
[ReportManager] Successfully Opened [GoogleChrome]. @03-05-2021 02:04:13.0114 A

################################################################################################################################################
Starting Execution:	[19 out of 137] test cases in the current suite
Test Method:		[testPackage01.Test_ShadowDOM.shadowdom]
################################################################################################################################################
[ReportManager] Target URL: [https://mdn.github.io/web-components-examples/popup-info-box-web-component/] @03-05-2021 02:04:13.0149 AM
[ReportManager] Initial URL: [data:,] @03-05-2021 02:04:13.0202 AM
[ReportManager] Browser Action [navigateToURL] successfully performed. With the following test data [https://mdn.github.io/web-components-examples/popup-info-box-web-component/]. @03-05-2021 02:04:13.0445 AM
[ReportManager] Element Action [type] successfully performed. With the following test data [Typing into SHADOW DOM...]. @03-05-2021 02:04:14.0313 AM
[ReportManager] Element Action [getText] successfully performed. With the following test data [Typing into SHADOW DOM...]. @03-05-2021 02:04:14.0447 AM
[ReportManager] Loaded Shared OpenCV @03-05-2021 02:04:14.0606 AM
[ReportManager] AssertElementAttribute PASSED; Expected [Value Should be 'Typing into SHADOW DOM...' for the 'Text' attribute, element locator 'By.id: cvc'] and Actual [Typing into SHADOW DOM...]. Comparison Type [EQUALS]. Validation Type [POSITIVE]. @03-05-2021 02:04:14.0684 AM
[ReportManager] Successfully created attachment [Screenshot - 1620007454606_shadowdom_AssertElementAttribute_passed] @03-05-2021 02:04:14.0684 A
[ReportManager] Successfully created attachment [Selenium WebDriver Logs - server] @03-05-2021 02:04:14.0737 AM
[ReportManager] Successfully created attachment [Selenium WebDriver Logs - performance] @03-05-2021 02:04:14.0747 AM
[ReportManager] Successfully created attachment [Selenium WebDriver Logs - browser] @03-05-2021 02:04:14.0754 AM
[ReportManager] Successfully created attachment [Selenium WebDriver Logs - driver] @03-05-2021 02:04:14.0829 AM
[ReportManager] Browser Action [closeCurrentWindow] successfully performed. @03-05-2021 02:04:14.0886 AM
[ReportManager] Successfully created attachment [Browser Action Test Data - closeCurrentWindow - Actual Value] @03-05-2021 02:04:14.0886 A

################################################################################################################################################
Starting Execution:	[20 out of 137] test cases in the current suite
Test Method:		[testPackage01.Test_NewValidationHelper.f1]
################################################################################################################################################
[ReportManager] Checking valid user data... @03-05-2021 02:04:14.0893 AM
[ReportManager] AssertEquals PASSED; Expected and Actual values are attached. Comparison Type [EQUALS]. Validation Type [POSITIVE]. @03-05-2021 02:04:14.0893 AM
[ReportManager] Successfully created attachment [Validation Test Data - Expected Value] @03-05-2021 02:04:14.0893 AM
[ReportManager] Successfully created attachment [Validation Test Data - Actual Value] @03-05-2021 02:04:14.0894 A
[ReportManager] File Action [getAbsolutePath] successfully performed. With the following test data [Relative Folder Path: "target/downloadedFiles/"]. @03-05-2021 02:04:14.0900 AM
[ReportManager] Attempting to run remotely on: [Linux-64], [GoogleChrome], [http://localhost:4444/wd/hub], Headless Execution. @03-05-2021 02:04:14.0900 AM
[ReportManager] Successfully Opened [GoogleChrome]. @03-05-2021 02:04:15.0155 AM
[ReportManager] Target URL: [https://the-internet.herokuapp.com/] @03-05-2021 02:04:15.0169 AM
[ReportManager] Initial URL: [data:,] @03-05-2021 02:04:15.0238 AM
[ReportManager] Browser Action [navigateToURL] successfully performed. With the following test data [https://the-internet.herokuapp.com/]. @03-05-2021 02:04:15.0667 A

################################################################################################################################################
Starting Execution:	[21 out of 137] test cases in the current suite
Test Method:		[testPackage01.Test_NewValidationHelper.f10]
################################################################################################################################################
[ReportManager] AssertElementExists FAILED; Expected [Element Should Exist, locator 'By.tagName: div'] and Actual [Element Exists but is not unique]. Comparison Type [EQUALS]. Validation Type [POSITIVE]. @03-05-2021 02:04:15.0977 AM
[ReportManager] Successfully created attachment [Screenshot - 1620007455879_f10_AssertElementExists_failed] @03-05-2021 02:04:15.0978 A
[ReportManager] Successfully created attachment [Selenium WebDriver Logs - server] @03-05-2021 02:04:16.0002 AM
[ReportManager] Successfully created attachment [Selenium WebDriver Logs - performance] @03-05-2021 02:04:16.0032 AM
[ReportManager] Successfully created attachment [Selenium WebDriver Logs - browser] @03-05-2021 02:04:16.0040 AM
[ReportManager] Successfully created attachment [Selenium WebDriver Logs - driver] @03-05-2021 02:04:16.0104 AM
[ReportManager] Successfully Closed All Drivers. @03-05-2021 02:04:16.0194 A
[ReportManager] File Action [getAbsolutePath] successfully performed. With the following test data [Relative Folder Path: "target/downloadedFiles/"]. @03-05-2021 02:04:16.0197 AM
[ReportManager] Attempting to run remotely on: [Linux-64], [GoogleChrome], [http://localhost:4444/wd/hub], Headless Execution. @03-05-2021 02:04:16.0197 AM
[ReportManager] Successfully Opened [GoogleChrome]. @03-05-2021 02:04:16.0467 AM
[ReportManager] Target URL: [https://the-internet.herokuapp.com/] @03-05-2021 02:04:16.0494 AM
[ReportManager] Initial URL: [data:,] @03-05-2021 02:04:16.0549 AM
[ReportManager] Browser Action [navigateToURL] successfully performed. With the following test data [https://the-internet.herokuapp.com/]. @03-05-2021 02:04:16.0961 A

################################################################################################################################################
Starting Execution:	[22 out of 137] test cases in the current suite
Test Method:		[testPackage01.Test_NewValidationHelper.f11]
################################################################################################################################################
[ReportManager] Checking that false tag doesn't exist... @03-05-2021 02:04:16.0977 AM
[ReportManager] AssertElementExists PASSED; Expected [Element Should not Exist, locator 'By.tagName: h3'] and Actual [Element Doesn't Exists]. Comparison Type [EQUALS]. Validation Type [NEGATIVE]. @03-05-2021 02:04:27.0400 AM
[ReportManager] Successfully created attachment [Screenshot - 1620007467324_f11_AssertElementExists_passed] @03-05-2021 02:04:27.0401 A
[ReportManager] Successfully created attachment [Selenium WebDriver Logs - server] @03-05-2021 02:04:27.0426 AM
[ReportManager] Successfully created attachment [Selenium WebDriver Logs - performance] @03-05-2021 02:04:27.0448 AM
[ReportManager] Successfully created attachment [Selenium WebDriver Logs - browser] @03-05-2021 02:04:27.0457 AM
[ReportManager] Successfully created attachment [Selenium WebDriver Logs - driver] @03-05-2021 02:04:27.0521 AM
[ReportManager] Successfully Closed All Drivers. @03-05-2021 02:04:27.0601 A
[ReportManager] File Action [getAbsolutePath] successfully performed. With the following test data [Relative Folder Path: "target/downloadedFiles/"]. @03-05-2021 02:04:27.0605 AM
[ReportManager] Attempting to run remotely on: [Linux-64], [GoogleChrome], [http://localhost:4444/wd/hub], Headless Execution. @03-05-2021 02:04:27.0605 AM
[ReportManager] Successfully Opened [GoogleChrome]. @03-05-2021 02:04:27.0864 AM
[ReportManager] Target URL: [https://the-internet.herokuapp.com/] @03-05-2021 02:04:27.0877 AM
[ReportManager] Initial URL: [data:,] @03-05-2021 02:04:27.0921 AM
[ReportManager] Browser Action [navigateToURL] successfully performed. With the following test data [https://the-internet.herokuapp.com/]. @03-05-2021 02:04:28.0325 A

################################################################################################################################################
Starting Execution:	[23 out of 137] test cases in the current suite
Test Method:		[testPackage01.Test_NewValidationHelper.f12]
################################################################################################################################################
[ReportManager] Loaded Shared OpenCV @03-05-2021 02:04:28.0595 AM
[ReportManager] AssertElementExists FAILED; Expected [Element Should not Exist, locator 'By.tagName: h1'] and Actual [Element Exists]. Comparison Type [EQUALS]. Validation Type [NEGATIVE]. @03-05-2021 02:04:28.0689 AM
[ReportManager] Successfully created attachment [Screenshot - 1620007468595_f12_AssertElementExists_failed] @03-05-2021 02:04:28.0690 A
[ReportManager] Successfully created attachment [Selenium WebDriver Logs - server] @03-05-2021 02:04:28.0706 AM
[ReportManager] Successfully created attachment [Selenium WebDriver Logs - performance] @03-05-2021 02:04:28.0726 AM
[ReportManager] Successfully created attachment [Selenium WebDriver Logs - browser] @03-05-2021 02:04:28.0735 AM
[ReportManager] Successfully created attachment [Selenium WebDriver Logs - driver] @03-05-2021 02:04:28.0796 AM
[ReportManager] Successfully Closed All Drivers. @03-05-2021 02:04:28.0871 A
[ReportManager] File Action [getAbsolutePath] successfully performed. With the following test data [Relative Folder Path: "target/downloadedFiles/"]. @03-05-2021 02:04:28.0873 AM
[ReportManager] Attempting to run remotely on: [Linux-64], [GoogleChrome], [http://localhost:4444/wd/hub], Headless Execution. @03-05-2021 02:04:28.0873 AM
[ReportManager] Successfully Opened [GoogleChrome]. @03-05-2021 02:04:29.0129 AM
[ReportManager] Target URL: [https://the-internet.herokuapp.com/] @03-05-2021 02:04:29.0140 AM
[ReportManager] Initial URL: [data:,] @03-05-2021 02:04:29.0184 AM
[ReportManager] Browser Action [navigateToURL] successfully performed. With the following test data [https://the-internet.herokuapp.com/]. @03-05-2021 02:04:29.0588 A

################################################################################################################################################
Starting Execution:	[24 out of 137] test cases in the current suite
Test Method:		[testPackage01.Test_NewValidationHelper.f13]
################################################################################################################################################
[ReportManager] AssertElementExists FAILED; Expected [Element Should not Exist, locator 'By.tagName: div'] and Actual [Element Exists but is not unique]. Comparison Type [EQUALS]. Validation Type [NEGATIVE]. @03-05-2021 02:04:29.0920 AM
[ReportManager] Successfully created attachment [Screenshot - 1620007469844_f13_AssertElementExists_failed] @03-05-2021 02:04:29.0920 A
[ReportManager] Successfully created attachment [Selenium WebDriver Logs - server] @03-05-2021 02:04:29.0934 AM
[ReportManager] Successfully created attachment [Selenium WebDriver Logs - performance] @03-05-2021 02:04:29.0959 AM
[ReportManager] Successfully created attachment [Selenium WebDriver Logs - browser] @03-05-2021 02:04:29.0966 AM
[ReportManager] Successfully created attachment [Selenium WebDriver Logs - driver] @03-05-2021 02:04:30.0034 AM
[ReportManager] Successfully Closed All Drivers. @03-05-2021 02:04:30.0131 A
[ReportManager] File Action [getAbsolutePath] successfully performed. With the following test data [Relative Folder Path: "target/downloadedFiles/"]. @03-05-2021 02:04:30.0133 AM
[ReportManager] Attempting to run remotely on: [Linux-64], [GoogleChrome], [http://localhost:4444/wd/hub], Headless Execution. @03-05-2021 02:04:30.0134 AM
[ReportManager] Successfully Opened [GoogleChrome]. @03-05-2021 02:04:30.0404 AM
[ReportManager] Target URL: [https://the-internet.herokuapp.com/] @03-05-2021 02:04:30.0417 AM
[ReportManager] Initial URL: [data:,] @03-05-2021 02:04:30.0468 AM
[ReportManager] Browser Action [navigateToURL] successfully performed. With the following test data [https://the-internet.herokuapp.com/]. @03-05-2021 02:04:30.0897 A

################################################################################################################################################
Starting Execution:	[25 out of 137] test cases in the current suite
Test Method:		[testPackage01.Test_NewValidationHelper.f14]
################################################################################################################################################
[ReportManager] Asserting that the header text is correct... @03-05-2021 02:04:30.0901 AM
[ReportManager] Element Action [getText] successfully performed. With the following test data [Welcome to the-internet]. @03-05-2021 02:04:31.0002 AM
[ReportManager] Loaded Shared OpenCV @03-05-2021 02:04:31.0198 AM
[ReportManager] AssertElementAttribute PASSED; Expected [Value Should be 'Welcome to the-internet' for the 'text' attribute, element locator 'By.tagName: h1'] and Actual [Welcome to the-internet]. Comparison Type [EQUALS]. Validation Type [POSITIVE]. @03-05-2021 02:04:31.0289 AM
[ReportManager] Successfully created attachment [Screenshot - 1620007471198_f14_AssertElementAttribute_passed] @03-05-2021 02:04:31.0290 A
[ReportManager] Successfully created attachment [Selenium WebDriver Logs - server] @03-05-2021 02:04:31.0306 AM
[ReportManager] Successfully created attachment [Selenium WebDriver Logs - performance] @03-05-2021 02:04:31.0326 AM
[ReportManager] Successfully created attachment [Selenium WebDriver Logs - browser] @03-05-2021 02:04:31.0332 AM
[ReportManager] Successfully created attachment [Selenium WebDriver Logs - driver] @03-05-2021 02:04:31.0390 AM
[ReportManager] Successfully Closed All Drivers. @03-05-2021 02:04:31.0472 A
[ReportManager] File Action [getAbsolutePath] successfully performed. With the following test data [Relative Folder Path: "target/downloadedFiles/"]. @03-05-2021 02:04:31.0476 AM
[ReportManager] Attempting to run remotely on: [Linux-64], [GoogleChrome], [http://localhost:4444/wd/hub], Headless Execution. @03-05-2021 02:04:31.0476 AM
[ReportManager] Successfully Opened [GoogleChrome]. @03-05-2021 02:04:31.0724 AM
[ReportManager] Target URL: [https://the-internet.herokuapp.com/] @03-05-2021 02:04:31.0735 AM
[ReportManager] Initial URL: [data:,] @03-05-2021 02:04:31.0787 AM
[ReportManager] Browser Action [navigateToURL] successfully performed. With the following test data [https://the-internet.herokuapp.com/]. @03-05-2021 02:04:32.0190 A

################################################################################################################################################
Starting Execution:	[26 out of 137] test cases in the current suite
Test Method:		[testPackage01.Test_NewValidationHelper.f15]
################################################################################################################################################
[ReportManager] Element Action [getText] successfully performed. With the following test data [Welcome to the-internet]. @03-05-2021 02:04:32.0289 AM
[ReportManager] Loaded Shared OpenCV @03-05-2021 02:04:32.0477 AM
[ReportManager] AssertElementAttribute FAILED; Expected [Value Should not be 'Welcome' for the 'text' attribute, element locator 'By.tagName: h1'] and Actual [Welcome to the-internet]. Comparison Type [CONTAINS]. Validation Type [NEGATIVE]. @03-05-2021 02:04:32.0574 AM
[ReportManager] Successfully created attachment [Screenshot - 1620007472477_f15_AssertElementAttribute_failed] @03-05-2021 02:04:32.0575 A
[ReportManager] Successfully created attachment [Selenium WebDriver Logs - server] @03-05-2021 02:04:32.0588 AM
[ReportManager] Successfully created attachment [Selenium WebDriver Logs - performance] @03-05-2021 02:04:32.0606 AM
[ReportManager] Successfully created attachment [Selenium WebDriver Logs - browser] @03-05-2021 02:04:32.0614 AM
[ReportManager] Successfully created attachment [Selenium WebDriver Logs - driver] @03-05-2021 02:04:32.0677 AM
[ReportManager] Successfully Closed All Drivers. @03-05-2021 02:04:32.0754 A
[ReportManager] File Action [getAbsolutePath] successfully performed. With the following test data [Relative Folder Path: "target/downloadedFiles/"]. @03-05-2021 02:04:32.0756 AM
[ReportManager] Attempting to run remotely on: [Linux-64], [GoogleChrome], [http://localhost:4444/wd/hub], Headless Execution. @03-05-2021 02:04:32.0756 AM
[ReportManager] Successfully Opened [GoogleChrome]. @03-05-2021 02:04:33.0016 AM
[ReportManager] Target URL: [https://the-internet.herokuapp.com/] @03-05-2021 02:04:33.0027 AM
[ReportManager] Initial URL: [data:,] @03-05-2021 02:04:33.0076 AM
[ReportManager] Browser Action [navigateToURL] successfully performed. With the following test data [https://the-internet.herokuapp.com/]. @03-05-2021 02:04:33.0458 A

################################################################################################################################################
Starting Execution:	[27 out of 137] test cases in the current suite
Test Method:		[testPackage01.Test_NewValidationHelper.f16]
################################################################################################################################################
[ReportManager] Element Action [identifyUniqueElement] failed. With the following test data [zero elements found matching this locator "By.tagName: h3".]. @03-05-2021 02:04:59.0073 AM
[ReportManager] Successfully created attachment [Screenshot - 1620007498996_f16_identifyUniqueElement_failed] @03-05-2021 02:04:59.0074 AM
[ReportManager] AssertElementAttribute FAILED; Expected [Value Should not be 'Welcome' for the 'text' attribute, element locator 'By.tagName: h3'] and Actual [Failed to read the desired element attribute]. Comparison Type [CONTAINS]. Validation Type [NEGATIVE]. @03-05-2021 02:04:59.0075 A
[ReportManager] Successfully created attachment [Selenium WebDriver Logs - server] @03-05-2021 02:04:59.0089 AM
[ReportManager] Successfully created attachment [Selenium WebDriver Logs - performance] @03-05-2021 02:04:59.0112 AM
[ReportManager] Successfully created attachment [Selenium WebDriver Logs - browser] @03-05-2021 02:04:59.0119 AM
[ReportManager] Successfully created attachment [Selenium WebDriver Logs - driver] @03-05-2021 02:04:59.0195 AM
[ReportManager] Successfully Closed All Drivers. @03-05-2021 02:04:59.0274 A
[ReportManager] File Action [getAbsolutePath] successfully performed. With the following test data [Relative Folder Path: "target/downloadedFiles/"]. @03-05-2021 02:04:59.0280 AM
[ReportManager] Attempting to run remotely on: [Linux-64], [GoogleChrome], [http://localhost:4444/wd/hub], Headless Execution. @03-05-2021 02:04:59.0280 AM
[ReportManager] Successfully Opened [GoogleChrome]. @03-05-2021 02:04:59.0536 AM
[ReportManager] Target URL: [https://the-internet.herokuapp.com/] @03-05-2021 02:04:59.0548 AM
[ReportManager] Initial URL: [data:,] @03-05-2021 02:04:59.0600 AM
[ReportManager] Browser Action [navigateToURL] successfully performed. With the following test data [https://the-internet.herokuapp.com/]. @03-05-2021 02:05:00.0032 A

################################################################################################################################################
Starting Execution:	[28 out of 137] test cases in the current suite
Test Method:		[testPackage01.Test_NewValidationHelper.f17]
################################################################################################################################################
[ReportManager] Attempting to getAttribute [text2] from elementLocator [By.tagName: h1]. @03-05-2021 02:05:00.0039 AM
[ReportManager] Element Action [getAttribute] successfully performed. @03-05-2021 02:05:00.0167 AM
[ReportManager] Loaded Shared OpenCV @03-05-2021 02:05:00.0344 AM
[ReportManager] AssertElementAttribute PASSED; Expected [Value Should not be 'Welcome' for the 'text2' attribute, element locator 'By.tagName: h1'] and Actual [null]. Comparison Type [CONTAINS]. Validation Type [NEGATIVE]. @03-05-2021 02:05:00.0436 AM
[ReportManager] Successfully created attachment [Screenshot - 1620007500344_f17_AssertElementAttribute_passed] @03-05-2021 02:05:00.0437 A
[ReportManager] Successfully created attachment [Selenium WebDriver Logs - server] @03-05-2021 02:05:00.0459 AM
[ReportManager] Successfully created attachment [Selenium WebDriver Logs - performance] @03-05-2021 02:05:00.0480 AM
[ReportManager] Successfully created attachment [Selenium WebDriver Logs - browser] @03-05-2021 02:05:00.0492 AM
[ReportManager] Successfully created attachment [Selenium WebDriver Logs - driver] @03-05-2021 02:05:00.0553 AM
[ReportManager] Successfully Closed All Drivers. @03-05-2021 02:05:00.0627 A
[ReportManager] File Action [getAbsolutePath] successfully performed. With the following test data [Relative Folder Path: "target/downloadedFiles/"]. @03-05-2021 02:05:00.0632 AM
[ReportManager] Attempting to run remotely on: [Linux-64], [GoogleChrome], [http://localhost:4444/wd/hub], Headless Execution. @03-05-2021 02:05:00.0632 AM
[ReportManager] Successfully Opened [GoogleChrome]. @03-05-2021 02:05:00.0923 AM
[ReportManager] Target URL: [https://the-internet.herokuapp.com/] @03-05-2021 02:05:00.0934 AM
[ReportManager] Initial URL: [data:,] @03-05-2021 02:05:00.0985 AM
[ReportManager] Browser Action [navigateToURL] successfully performed. With the following test data [https://the-internet.herokuapp.com/]. @03-05-2021 02:05:01.0507 A

################################################################################################################################################
Starting Execution:	[29 out of 137] test cases in the current suite
Test Method:		[testPackage01.Test_NewValidationHelper.f18]
################################################################################################################################################
[ReportManager] Element Action [getText] successfully performed. With the following test data [Welcome to the-internet]. @03-05-2021 02:05:01.0656 AM
[ReportManager] Loaded Shared OpenCV @03-05-2021 02:05:01.0893 AM
[ReportManager] AssertElementAttribute PASSED; Expected [Value Should not be 'no' for the 'text' attribute, element locator 'By.tagName: h1'] and Actual [Welcome to the-internet]. Comparison Type [CONTAINS]. Validation Type [NEGATIVE]. @03-05-2021 02:05:01.0981 AM
[ReportManager] Successfully created attachment [Screenshot - 1620007501893_f18_AssertElementAttribute_passed] @03-05-2021 02:05:01.0982 A
[ReportManager] Successfully created attachment [Selenium WebDriver Logs - server] @03-05-2021 02:05:01.0999 AM
[ReportManager] Successfully created attachment [Selenium WebDriver Logs - performance] @03-05-2021 02:05:02.0036 AM
[ReportManager] Successfully created attachment [Selenium WebDriver Logs - browser] @03-05-2021 02:05:02.0044 AM
[ReportManager] Successfully created attachment [Selenium WebDriver Logs - driver] @03-05-2021 02:05:02.0104 AM
[ReportManager] Successfully Closed All Drivers. @03-05-2021 02:05:02.0182 A
[ReportManager] File Action [getAbsolutePath] successfully performed. With the following test data [Relative Folder Path: "target/downloadedFiles/"]. @03-05-2021 02:05:02.0186 AM
[ReportManager] Attempting to run remotely on: [Linux-64], [GoogleChrome], [http://localhost:4444/wd/hub], Headless Execution. @03-05-2021 02:05:02.0188 AM
[ReportManager] Successfully Opened [GoogleChrome]. @03-05-2021 02:05:02.0450 AM
[ReportManager] Target URL: [https://the-internet.herokuapp.com/] @03-05-2021 02:05:02.0461 AM
[ReportManager] Initial URL: [data:,] @03-05-2021 02:05:02.0500 AM
[ReportManager] Browser Action [navigateToURL] successfully performed. With the following test data [https://the-internet.herokuapp.com/]. @03-05-2021 02:05:02.0932 A

################################################################################################################################################
Starting Execution:	[30 out of 137] test cases in the current suite
Test Method:		[testPackage01.Test_NewValidationHelper.f19]
################################################################################################################################################
[ReportManager] Element Action [getTagName] successfully performed. With the following test data [h1]. @03-05-2021 02:05:03.0024 AM
[ReportManager] Loaded Shared OpenCV @03-05-2021 02:05:03.0194 AM
[ReportManager] AssertElementAttribute PASSED; Expected [Value Should be 'h' for the 'tagname' attribute, element locator 'By.tagName: h1'] and Actual [h1]. Comparison Type [CONTAINS]. Validation Type [POSITIVE]. @03-05-2021 02:05:03.0285 AM
[ReportManager] Successfully created attachment [Screenshot - 1620007503194_f19_AssertElementAttribute_passed] @03-05-2021 02:05:03.0286 A
[ReportManager] Successfully created attachment [Selenium WebDriver Logs - server] @03-05-2021 02:05:03.0300 AM
[ReportManager] Successfully created attachment [Selenium WebDriver Logs - performance] @03-05-2021 02:05:03.0321 AM
[ReportManager] Successfully created attachment [Selenium WebDriver Logs - browser] @03-05-2021 02:05:03.0329 AM
[ReportManager] Successfully created attachment [Selenium WebDriver Logs - driver] @03-05-2021 02:05:03.0387 AM
[ReportManager] Successfully Closed All Drivers. @03-05-2021 02:05:03.0464 A

################################################################################################################################################
Starting Execution:	[31 out of 137] test cases in the current suite
Test Method:		[testPackage01.Test_NewValidationHelper.f2]
################################################################################################################################################
[ReportManager] Checking valid user data... @03-05-2021 02:05:03.0469 AM
[ReportManager] AssertEquals FAILED; Expected [1] and Actual [2]. Comparison Type [EQUALS]. Validation Type [POSITIVE]. @03-05-2021 02:05:03.0469 A
[ReportManager] File Action [getAbsolutePath] successfully performed. With the following test data [Relative Folder Path: "target/downloadedFiles/"]. @03-05-2021 02:05:03.0473 AM
[ReportManager] Attempting to run remotely on: [Linux-64], [GoogleChrome], [http://localhost:4444/wd/hub], Headless Execution. @03-05-2021 02:05:03.0473 AM
[ReportManager] Successfully Opened [GoogleChrome]. @03-05-2021 02:05:03.0747 AM
[ReportManager] Target URL: [https://the-internet.herokuapp.com/] @03-05-2021 02:05:03.0764 AM
[ReportManager] Initial URL: [data:,] @03-05-2021 02:05:03.0815 AM
[ReportManager] Browser Action [navigateToURL] successfully performed. With the following test data [https://the-internet.herokuapp.com/]. @03-05-2021 02:05:04.0238 A

################################################################################################################################################
Starting Execution:	[32 out of 137] test cases in the current suite
Test Method:		[testPackage01.Test_NewValidationHelper.f20]
################################################################################################################################################
[ReportManager] Element Action [getSize] successfully performed. With the following test data [(755, 61)]. @03-05-2021 02:05:04.0359 AM
[ReportManager] Loaded Shared OpenCV @03-05-2021 02:05:04.0551 AM
[ReportManager] AssertElementAttribute PASSED; Expected [Value Should not be 'a' for the 'size' attribute, element locator 'By.tagName: h1'] and Actual [(755, 61)]. Comparison Type [CONTAINS]. Validation Type [NEGATIVE]. @03-05-2021 02:05:04.0653 AM
[ReportManager] Successfully created attachment [Screenshot - 1620007504550_f20_AssertElementAttribute_passed] @03-05-2021 02:05:04.0655 A
[ReportManager] Successfully created attachment [Selenium WebDriver Logs - server] @03-05-2021 02:05:04.0686 AM
[ReportManager] Successfully created attachment [Selenium WebDriver Logs - performance] @03-05-2021 02:05:04.0723 AM
[ReportManager] Successfully created attachment [Selenium WebDriver Logs - browser] @03-05-2021 02:05:04.0732 AM
[ReportManager] Successfully created attachment [Selenium WebDriver Logs - driver] @03-05-2021 02:05:04.0854 AM
[ReportManager] Successfully Closed All Drivers. @03-05-2021 02:05:04.0946 A
[ReportManager] File Action [getAbsolutePath] successfully performed. With the following test data [Relative Folder Path: "target/downloadedFiles/"]. @03-05-2021 02:05:04.0960 AM
[ReportManager] Attempting to run remotely on: [Linux-64], [GoogleChrome], [http://localhost:4444/wd/hub], Headless Execution. @03-05-2021 02:05:04.0960 AM
[ReportManager] Successfully Opened [GoogleChrome]. @03-05-2021 02:05:05.0289 AM
[ReportManager] Target URL: [https://the-internet.herokuapp.com/] @03-05-2021 02:05:05.0300 AM
[ReportManager] Initial URL: [data:,] @03-05-2021 02:05:05.0345 AM
[ReportManager] Browser Action [navigateToURL] successfully performed. With the following test data [https://the-internet.herokuapp.com/]. @03-05-2021 02:05:05.0733 A

################################################################################################################################################
Starting Execution:	[33 out of 137] test cases in the current suite
Test Method:		[testPackage01.Test_NewValidationHelper.f21]
################################################################################################################################################
[ReportManager] Element Action [identifyUniqueElement] failed. With the following test data [zero elements found matching this locator "By.tagName: h3".]. @03-05-2021 02:05:31.0341 AM
[ReportManager] Successfully created attachment [Screenshot - 1620007531272_f21_identifyUniqueElement_failed] @03-05-2021 02:05:31.0342 AM
[ReportManager] AssertElementAttribute FAILED; Expected [Value Should be 'Welcome' for the 'text' attribute, element locator 'By.tagName: h3'] and Actual [Failed to read the desired element attribute]. Comparison Type [CONTAINS]. Validation Type [POSITIVE]. @03-05-2021 02:05:31.0342 A
[ReportManager] Successfully created attachment [Selenium WebDriver Logs - server] @03-05-2021 02:05:31.0356 AM
[ReportManager] Successfully created attachment [Selenium WebDriver Logs - performance] @03-05-2021 02:05:31.0377 AM
[ReportManager] Successfully created attachment [Selenium WebDriver Logs - browser] @03-05-2021 02:05:31.0386 AM
[ReportManager] Successfully created attachment [Selenium WebDriver Logs - driver] @03-05-2021 02:05:31.0458 AM
[ReportManager] Successfully Closed All Drivers. @03-05-2021 02:05:31.0537 A
[ReportManager] File Action [getAbsolutePath] successfully performed. With the following test data [Relative Folder Path: "target/downloadedFiles/"]. @03-05-2021 02:05:31.0540 AM
[ReportManager] Attempting to run remotely on: [Linux-64], [GoogleChrome], [http://localhost:4444/wd/hub], Headless Execution. @03-05-2021 02:05:31.0540 AM
[ReportManager] Successfully Opened [GoogleChrome]. @03-05-2021 02:05:31.0797 AM
[ReportManager] Target URL: [https://the-internet.herokuapp.com/] @03-05-2021 02:05:31.0812 AM
[ReportManager] Initial URL: [data:,] @03-05-2021 02:05:31.0860 AM
[ReportManager] Browser Action [navigateToURL] successfully performed. With the following test data [https://the-internet.herokuapp.com/]. @03-05-2021 02:05:32.0253 A

################################################################################################################################################
Starting Execution:	[34 out of 137] test cases in the current suite
Test Method:		[testPackage01.Test_NewValidationHelper.f22]
################################################################################################################################################
[ReportManager] Element Action [getText] successfully performed. With the following test data [Welcome to the-internet]. @03-05-2021 02:05:32.0344 AM
[ReportManager] Loaded Shared OpenCV @03-05-2021 02:05:32.0511 AM
[ReportManager] AssertElementAttribute FAILED; Expected [Value Should be 'yyy' for the 'text' attribute, element locator 'By.tagName: h1'] and Actual [Welcome to the-internet]. Comparison Type [CONTAINS]. Validation Type [POSITIVE]. @03-05-2021 02:05:32.0601 AM
[ReportManager] Successfully created attachment [Screenshot - 1620007532511_f22_AssertElementAttribute_failed] @03-05-2021 02:05:32.0602 A
[ReportManager] Successfully created attachment [Selenium WebDriver Logs - server] @03-05-2021 02:05:32.0618 AM
[ReportManager] Successfully created attachment [Selenium WebDriver Logs - performance] @03-05-2021 02:05:32.0638 AM
[ReportManager] Successfully created attachment [Selenium WebDriver Logs - browser] @03-05-2021 02:05:32.0644 AM
[ReportManager] Successfully created attachment [Selenium WebDriver Logs - driver] @03-05-2021 02:05:32.0703 AM
[ReportManager] Successfully Closed All Drivers. @03-05-2021 02:05:32.0779 A

################################################################################################################################################
Starting Execution:	[35 out of 137] test cases in the current suite
Test Method:		[testPackage01.Test_NewValidationHelper.f23]
################################################################################################################################################
[ReportManager] confirming that the actual is greater than or equal to the expected... @03-05-2021 02:05:32.0792 AM
[ReportManager] AssertComparativeRelation PASSED; Expected [1] and Actual [1]. Comparison Type [GREATER_THAN_OR_EQUALS]. Validation Type [POSITIVE]. @03-05-2021 02:05:32.0793 A

################################################################################################################################################
Starting Execution:	[36 out of 137] test cases in the current suite
Test Method:		[testPackage01.Test_NewValidationHelper.f24]
################################################################################################################################################
[ReportManager] AssertComparativeRelation PASSED; Expected [1] and Actual [10]. Comparison Type [GREATER_THAN_OR_EQUALS]. Validation Type [POSITIVE]. @03-05-2021 02:05:32.0797 A

################################################################################################################################################
Starting Execution:	[37 out of 137] test cases in the current suite
Test Method:		[testPackage01.Test_NewValidationHelper.f25]
################################################################################################################################################
[ReportManager] AssertComparativeRelation PASSED; Expected [1] and Actual [1]. Comparison Type [EQUALS]. Validation Type [POSITIVE]. @03-05-2021 02:05:32.0802 A

################################################################################################################################################
Starting Execution:	[38 out of 137] test cases in the current suite
Test Method:		[testPackage01.Test_NewValidationHelper.f26]
################################################################################################################################################
[ReportManager] AssertComparativeRelation PASSED; Expected [1] and Actual [5]. Comparison Type [GREATER_THAN]. Validation Type [POSITIVE]. @03-05-2021 02:05:32.0810 A

################################################################################################################################################
Starting Execution:	[39 out of 137] test cases in the current suite
Test Method:		[testPackage01.Test_NewValidationHelper.f27]
################################################################################################################################################
[ReportManager] AssertComparativeRelation PASSED; Expected [11] and Actual [5]. Comparison Type [LESS_THAN]. Validation Type [POSITIVE]. @03-05-2021 02:05:32.0815 A

################################################################################################################################################
Starting Execution:	[40 out of 137] test cases in the current suite
Test Method:		[testPackage01.Test_NewValidationHelper.f28]
################################################################################################################################################
[ReportManager] AssertComparativeRelation PASSED; Expected [11] and Actual [5]. Comparison Type [LESS_THAN_OR_EQUALS]. Validation Type [POSITIVE]. @03-05-2021 02:05:32.0819 A

################################################################################################################################################
Starting Execution:	[41 out of 137] test cases in the current suite
Test Method:		[testPackage01.Test_NewValidationHelper.f29]
################################################################################################################################################
[ReportManager] AssertComparativeRelation PASSED; Expected [11] and Actual [11]. Comparison Type [LESS_THAN_OR_EQUALS]. Validation Type [POSITIVE]. @03-05-2021 02:05:32.0823 A

################################################################################################################################################
Starting Execution:	[42 out of 137] test cases in the current suite
Test Method:		[testPackage01.Test_NewValidationHelper.f3]
################################################################################################################################################
[ReportManager] AssertEquals PASSED; Expected [1] and Actual [2]. Comparison Type [EQUALS]. Validation Type [NEGATIVE]. @03-05-2021 02:05:32.0828 A

################################################################################################################################################
Starting Execution:	[43 out of 137] test cases in the current suite
Test Method:		[testPackage01.Test_NewValidationHelper.f30]
################################################################################################################################################
[ReportManager] AssertComparativeRelation FAILED; Expected [-9] and Actual [11]. Comparison Type [LESS_THAN_OR_EQUALS]. Validation Type [POSITIVE]. @03-05-2021 02:05:32.0831 A

################################################################################################################################################
Starting Execution:	[44 out of 137] test cases in the current suite
Test Method:		[testPackage01.Test_NewValidationHelper.f31]
################################################################################################################################################
[ReportManager] AssertTrue PASSED; Expected [TRUE] and Actual [TRUE]. Validation Type [POSITIVE]. @03-05-2021 02:05:32.0835 A

################################################################################################################################################
Starting Execution:	[45 out of 137] test cases in the current suite
Test Method:		[testPackage01.Test_NewValidationHelper.f32]
################################################################################################################################################
[ReportManager] AssertTrue PASSED; Expected [FALSE] and Actual [FALSE]. Validation Type [NEGATIVE]. @03-05-2021 02:05:32.0838 A

################################################################################################################################################
Starting Execution:	[46 out of 137] test cases in the current suite
Test Method:		[testPackage01.Test_NewValidationHelper.f33]
################################################################################################################################################
[ReportManager] AssertTrue FAILED; Expected [FALSE] and Actual [TRUE]. Validation Type [NEGATIVE]. @03-05-2021 02:05:32.0842 A

################################################################################################################################################
Starting Execution:	[47 out of 137] test cases in the current suite
Test Method:		[testPackage01.Test_NewValidationHelper.f34]
################################################################################################################################################
[ReportManager] AssertTrue FAILED; Expected [TRUE] and Actual [FALSE]. Validation Type [POSITIVE]. @03-05-2021 02:05:32.0845 A

################################################################################################################################################
Starting Execution:	[48 out of 137] test cases in the current suite
Test Method:		[testPackage01.Test_NewValidationHelper.f35]
################################################################################################################################################
[ReportManager] File Action [doesFileExist] successfully performed. With the following test data [File Path: "pom.xml"]. @03-05-2021 02:05:32.0849 AM
[ReportManager] AssertFileExists PASSED; Expected [File 'pom.xml' should exist, after up to '1' retries] and Actual [File exists]. Validation Type [POSITIVE]. @03-05-2021 02:05:32.0854 A

################################################################################################################################################
Starting Execution:	[49 out of 137] test cases in the current suite
Test Method:		[testPackage01.Test_NewValidationHelper.f36]
################################################################################################################################################
[ReportManager] File Action [doesFileExist] successfully performed. With the following test data [File Path: "src/test/java/testPackage01/Test_NewValidationHelper.java"]. @03-05-2021 02:05:32.0858 AM
[ReportManager] AssertFileExists PASSED; Expected [File 'src/test/java/testPackage01/Test_NewValidationHelper.java' should exist, after up to '1' retries] and Actual [File exists]. Validation Type [POSITIVE]. @03-05-2021 02:05:32.0858 A

################################################################################################################################################
Starting Execution:	[50 out of 137] test cases in the current suite
Test Method:		[testPackage01.Test_NewValidationHelper.f37]
################################################################################################################################################
[ReportManager] confirming that the file does't exist after 5 retries... @03-05-2021 02:05:32.0863 AM
[ReportManager] File Action [doesFileExist] successfully performed. With the following test data [File Path: "pom.xml"]. @03-05-2021 02:05:32.0863 AM
[ReportManager] AssertFileExists FAILED; Expected [File 'pom.xml' should not exist, after up to '5' retries] and Actual [File exists]. Validation Type [NEGATIVE]. @03-05-2021 02:05:32.0863 A

################################################################################################################################################
Starting Execution:	[51 out of 137] test cases in the current suite
Test Method:		[testPackage01.Test_NewValidationHelper.f3_1]
################################################################################################################################################
[ReportManager] Checking valid user data... @03-05-2021 02:05:32.0868 AM
[ReportManager] AssertEquals PASSED; Expected [null] and Actual [null]. Comparison Type [EQUALS]. Validation Type [POSITIVE]. @03-05-2021 02:05:32.0868 A

################################################################################################################################################
Starting Execution:	[52 out of 137] test cases in the current suite
Test Method:		[testPackage01.Test_NewValidationHelper.f4]
################################################################################################################################################
[ReportManager] AssertEquals PASSED; Expected [1] and Actual [123]. Comparison Type [CONTAINS]. Validation Type [POSITIVE]. @03-05-2021 02:05:32.0876 A

################################################################################################################################################
Starting Execution:	[53 out of 137] test cases in the current suite
Test Method:		[testPackage01.Test_NewValidationHelper.f5]
################################################################################################################################################
[ReportManager] AssertNull PASSED; Expected [NULL] and Actual [1]. Comparison Type [EQUALS]. Validation Type [NEGATIVE]. @03-05-2021 02:05:32.0880 A

################################################################################################################################################
Starting Execution:	[54 out of 137] test cases in the current suite
Test Method:		[testPackage01.Test_NewValidationHelper.f6]
################################################################################################################################################
[ReportManager] Making sure that null string is not equal to null object... @03-05-2021 02:05:32.0883 AM
[ReportManager] AssertNull FAILED; Expected [NULL] and Actual [NULL]. Comparison Type [EQUALS]. Validation Type [POSITIVE]. @03-05-2021 02:05:32.0883 A

################################################################################################################################################
Starting Execution:	[55 out of 137] test cases in the current suite
Test Method:		[testPackage01.Test_NewValidationHelper.f6_1]
################################################################################################################################################
[ReportManager] AssertNull FAILED; Expected [NULL] and Actual [NULL]. Comparison Type [EQUALS]. Validation Type [NEGATIVE]. @03-05-2021 02:05:32.0891 A

################################################################################################################################################
Starting Execution:	[56 out of 137] test cases in the current suite
Test Method:		[testPackage01.Test_NewValidationHelper.f6_2]
################################################################################################################################################
[ReportManager] Making sure that null string is not equal to null object... @03-05-2021 02:05:32.0894 AM
[ReportManager] AssertNull FAILED; Expected [NULL] and Actual [not null]. Comparison Type [EQUALS]. Validation Type [POSITIVE]. @03-05-2021 02:05:32.0895 A

################################################################################################################################################
Starting Execution:	[57 out of 137] test cases in the current suite
Test Method:		[testPackage01.Test_NewValidationHelper.f7]
################################################################################################################################################
[ReportManager] AssertNull PASSED; Expected [NULL] and Actual [NULL]. Comparison Type [EQUALS]. Validation Type [POSITIVE]. @03-05-2021 02:05:32.0898 A
[ReportManager] File Action [getAbsolutePath] successfully performed. With the following test data [Relative Folder Path: "target/downloadedFiles/"]. @03-05-2021 02:05:32.0899 AM
[ReportManager] Attempting to run remotely on: [Linux-64], [GoogleChrome], [http://localhost:4444/wd/hub], Headless Execution. @03-05-2021 02:05:32.0901 AM
[ReportManager] Successfully Opened [GoogleChrome]. @03-05-2021 02:05:33.0147 AM
[ReportManager] Target URL: [https://the-internet.herokuapp.com/] @03-05-2021 02:05:33.0161 AM
[ReportManager] Initial URL: [data:,] @03-05-2021 02:05:33.0211 AM
[ReportManager] Browser Action [navigateToURL] successfully performed. With the following test data [https://the-internet.herokuapp.com/]. @03-05-2021 02:05:33.0588 A

################################################################################################################################################
Starting Execution:	[58 out of 137] test cases in the current suite
Test Method:		[testPackage01.Test_NewValidationHelper.f8]
################################################################################################################################################
[ReportManager] Loaded Shared OpenCV @03-05-2021 02:05:33.0820 AM
[ReportManager] AssertElementExists PASSED; Expected [Element Should Exist, locator 'By.tagName: h1'] and Actual [Element Exists]. Comparison Type [EQUALS]. Validation Type [POSITIVE]. @03-05-2021 02:05:33.0910 AM
[ReportManager] Successfully created attachment [Screenshot - 1620007533820_f8_AssertElementExists_passed] @03-05-2021 02:05:33.0912 A
[ReportManager] Successfully created attachment [Selenium WebDriver Logs - server] @03-05-2021 02:05:33.0927 AM
[ReportManager] Successfully created attachment [Selenium WebDriver Logs - performance] @03-05-2021 02:05:33.0947 AM
[ReportManager] Successfully created attachment [Selenium WebDriver Logs - browser] @03-05-2021 02:05:33.0952 AM
[ReportManager] Successfully created attachment [Selenium WebDriver Logs - driver] @03-05-2021 02:05:34.0005 AM
[ReportManager] Successfully Closed All Drivers. @03-05-2021 02:05:34.0086 A
[ReportManager] File Action [getAbsolutePath] successfully performed. With the following test data [Relative Folder Path: "target/downloadedFiles/"]. @03-05-2021 02:05:34.0088 AM
[ReportManager] Attempting to run remotely on: [Linux-64], [GoogleChrome], [http://localhost:4444/wd/hub], Headless Execution. @03-05-2021 02:05:34.0088 AM
[ReportManager] Successfully Opened [GoogleChrome]. @03-05-2021 02:05:34.0322 AM
[ReportManager] Target URL: [https://the-internet.herokuapp.com/] @03-05-2021 02:05:34.0343 AM
[ReportManager] Initial URL: [data:,] @03-05-2021 02:05:34.0384 AM
[ReportManager] Browser Action [navigateToURL] successfully performed. With the following test data [https://the-internet.herokuapp.com/]. @03-05-2021 02:05:34.0784 A

################################################################################################################################################
Starting Execution:	[59 out of 137] test cases in the current suite
Test Method:		[testPackage01.Test_NewValidationHelper.f9]
################################################################################################################################################
[ReportManager] AssertElementExists FAILED; Expected [Element Should Exist, locator 'By.tagName: h3'] and Actual [Element Doesn't Exists]. Comparison Type [EQUALS]. Validation Type [POSITIVE]. @03-05-2021 02:06:05.0506 AM
[ReportManager] Successfully created attachment [Screenshot - 1620007565437_f9_AssertElementExists_failed] @03-05-2021 02:06:05.0506 A
[ReportManager] Successfully created attachment [Selenium WebDriver Logs - server] @03-05-2021 02:06:05.0523 AM
[ReportManager] Successfully created attachment [Selenium WebDriver Logs - performance] @03-05-2021 02:06:05.0544 AM
[ReportManager] Successfully created attachment [Selenium WebDriver Logs - browser] @03-05-2021 02:06:05.0551 AM
[ReportManager] Successfully created attachment [Selenium WebDriver Logs - driver] @03-05-2021 02:06:05.0637 AM
[ReportManager] Successfully Closed All Drivers. @03-05-2021 02:06:05.0712 A

################################################################################################################################################
Starting Execution:	[60 out of 137] test cases in the current suite
Test Method:		[testPackage01.Test_NewValidationHelper.forceFail]
################################################################################################################################################
[ReportManager] AssertFail FAILED; Expected [null] and Actual [null]. @03-05-2021 02:06:05.0718 A

################################################################################################################################################
Starting Execution:	[61 out of 137] test cases in the current suite
Test Method:		[testPackage01.Test_NewValidationHelper.forceFail2]
################################################################################################################################################
[ReportManager] Custom Message... @03-05-2021 02:06:05.0723 AM
[ReportManager] AssertFail FAILED; Expected [null] and Actual [null]. @03-05-2021 02:06:05.0724 A
[ReportManager] Successfully loaded the following test data file [src/test/resources/TestDataFiles/testSuite01/TestData.xlsx]. @03-05-2021 02:06:06.0633 AM
[ReportManager] Successfully created attachment [Test Data - Excel] @03-05-2021 02:06:06.0633 AM
[ReportManager] File Action [getAbsolutePath] successfully performed. With the following test data [Relative Folder Path: "target/downloadedFiles/"]. @03-05-2021 02:06:06.0634 AM
[ReportManager] Attempting to run remotely on: [Linux-64], [GoogleChrome], [http://localhost:4444/wd/hub], Headless Execution. @03-05-2021 02:06:06.0634 AM
[ReportManager] Successfully Opened [GoogleChrome]. @03-05-2021 02:06:06.0968 A

################################################################################################################################################
Starting Execution:	[62 out of 137] test cases in the current suite
Test Method:		[testPackage01.Test_google.navigateToURLandVerifyGoogleLogoIsDisplayed]
Test Description:	[TC001 - Navigate to URL and Verify Google Logo is Displayed]
################################################################################################################################################
[ReportManager] Target URL: [https://www.google.com/ncr], and after redirection: [https://www.google.com] @03-05-2021 02:06:06.0996 AM
[ReportManager] Initial URL: [data:,] @03-05-2021 02:06:07.0075 AM
[ReportManager] Browser Action [navigateToURL] successfully performed. With the following test data [https://www.google.com/ncr]. @03-05-2021 02:06:07.0965 AM
[ReportManager] Loaded Shared OpenCV @03-05-2021 02:06:08.0175 AM
[ReportManager] AssertElementExists PASSED; Expected [Element Should Exist, locator 'By.xpath: //img[@id='hplogo' or @alt='Google']'] and Actual [Element Exists]. Comparison Type [EQUALS]. Validation Type [POSITIVE]. @03-05-2021 02:06:08.0266 AM
[ReportManager] Successfully created attachment [Screenshot - 1620007568175_navigateToURLandVerifyGoogleLogoIsDisplayed_AssertElementExists_passed] @03-05-2021 02:06:08.0267 A

################################################################################################################################################
Starting Execution:	[63 out of 137] test cases in the current suite
Test Method:		[testPackage01.Test_google.searchForQueryandAssertResultsNumDisplayed]
Test Description:	[TC002 - Search for Query and Assert that the number of results is displayed]
################################################################################################################################################
[ReportManager] Element Action [type] successfully performed. With the following test data [SHAFT_Engine]. @03-05-2021 02:06:09.0088 AM
[ReportManager] Element Action [keyPress] successfully performed. With the following test data [Enter]. @03-05-2021 02:06:10.0435 AM
[ReportManager] Element Action [getText] successfully performed. With the following test data [About 3,720,000 results (0.56 seconds) ]. @03-05-2021 02:06:10.0524 AM
[ReportManager] Loaded Shared OpenCV @03-05-2021 02:06:10.0705 AM
[ReportManager] AssertElementAttribute PASSED; Expected [Value Should not be '' for the 'Text' attribute, element locator 'By.id: appbar'] and Actual [About 3,720,000 results (0.56 seconds) ]. Comparison Type [EQUALS]. Validation Type [NEGATIVE]. @03-05-2021 02:06:10.0813 AM
[ReportManager] Successfully created attachment [Screenshot - 1620007570705_searchForQueryandAssertResultsNumDisplayed_AssertElementAttribute_passed] @03-05-2021 02:06:10.0814 A

################################################################################################################################################
Starting Execution:	[64 out of 137] test cases in the current suite
Test Method:		[testPackage01.Test_google.clickNextThrice]
Test Description:	[TC003 - Clicks the next button to make sure that the framework can scroll element into view before clicking it]
################################################################################################################################################
[ReportManager] Element Action [click] successfully performed. With the following test data [Next]. @03-05-2021 02:06:12.0448 A
[ReportManager] Successfully created attachment [Selenium WebDriver Logs - server] @03-05-2021 02:06:12.0649 AM
[ReportManager] Successfully created attachment [Selenium WebDriver Logs - performance] @03-05-2021 02:06:12.0897 AM
[ReportManager] Successfully created attachment [Selenium WebDriver Logs - driver] @03-05-2021 02:06:13.0323 AM
[ReportManager] Browser Action [closeCurrentWindow] successfully performed. @03-05-2021 02:06:13.0390 AM
[ReportManager] Successfully created attachment [Browser Action Test Data - closeCurrentWindow - Actual Value] @03-05-2021 02:06:13.0393 A

################################################################################################################################################
Starting Execution:	[65 out of 137] test cases in the current suite
Test Method:		[testPackage01.Test_testData.f]
################################################################################################################################################
[ReportManager] Successfully loaded the following test data file [src/test/resources/TestDataFiles/testSuite01/TestData.xlsx]. @03-05-2021 02:06:13.0490 AM
[ReportManager] Successfully created attachment [Test Data - Excel] @03-05-2021 02:06:13.0490 AM
[ReportManager] Last Column Number is: [3]. Zero-based. @03-05-2021 02:06:13.0491 A

################################################################################################################################################
Starting Execution:	[66 out of 137] test cases in the current suite
Test Method:		[testPackage01.Test_JsonActions.f]
###############################################################################################################################################

################################################################################################################################################
Starting Execution:	[67 out of 137] test cases in the current suite
Test Method:		[testPackage01.Test_JsonActions.f2]
###############################################################################################################################################

################################################################################################################################################
Starting Execution:	[68 out of 137] test cases in the current suite
Test Method:		[testPackage01.Test_JsonCompareWithSpecialCharacters.specialCharacters]
################################################################################################################################################
[ReportManager] File Action [getAbsolutePath] successfully performed. With the following test data [Relative Folder Path: "src/test/resources/TestJsonFiles/specialCharacters.json"]. @03-05-2021 02:06:13.0631 AM
[ReportManager] File Action [readFromFile] successfully performed. With the following test data [File Path: "/home/runner/work/SHAFT_ENGINE/SHAFT_ENGINE/src/test/resources/TestJsonFiles/specialCharacters.json"]. @03-05-2021 02:06:13.0637 AM
[ReportManager] Successfully created attachment [File Action Actual Result - Command Log] @03-05-2021 02:06:13.0638 AM
[ReportManager] Comparing the provided API response with the file at this path "src/test/resources/TestJsonFiles/specialCharacters.json", comparison type "EQUALS" @03-05-2021 02:06:13.0757 AM
[ReportManager] API Action [compareJSON] successfully performed. With the following test data [src/test/resources/TestJsonFiles/specialCharacters.json]. @03-05-2021 02:06:13.0886 AM
[ReportManager] File Action [getAbsolutePath] successfully performed. With the following test data [Relative Folder Path: "src/test/resources/TestJsonFiles/specialCharacters.json"]. @03-05-2021 02:06:13.0886 AM
[ReportManager] File Action [readFromFile] successfully performed. With the following test data [File Path: "/home/runner/work/SHAFT_ENGINE/SHAFT_ENGINE/src/test/resources/TestJsonFiles/specialCharacters.json"]. @03-05-2021 02:06:13.0888 AM
[ReportManager] VerifyJSONFileContent PASSED; Expected [Response data should match the JSON File in this path 'src/test/resources/TestJsonFiles/specialCharacters.json'] and Actual [TRUE]. Comparison Type [EQUALS]. Validation Type [POSITIVE]. @03-05-2021 02:06:13.0902 AM
[ReportManager] Successfully created attachment [Validation Test Data - Expected JSON Value] @03-05-2021 02:06:13.0903 AM
[ReportManager] Successfully created attachment [Validation Test Data - Actual JSON Value] @03-05-2021 02:06:13.0903 A

################################################################################################################################################
Starting Execution:	[69 out of 137] test cases in the current suite
Test Method:		[testPackage01.Test_JsonCompareWithSpecialCharacters.specialCharacters_assertion]
################################################################################################################################################
[ReportManager] File Action [getAbsolutePath] successfully performed. With the following test data [Relative Folder Path: "src/test/resources/TestJsonFiles/specialCharacters.json"]. @03-05-2021 02:06:13.0911 AM
[ReportManager] File Action [readFromFile] successfully performed. With the following test data [File Path: "/home/runner/work/SHAFT_ENGINE/SHAFT_ENGINE/src/test/resources/TestJsonFiles/specialCharacters.json"]. @03-05-2021 02:06:13.0913 AM
[ReportManager] Successfully created attachment [File Action Actual Result - Command Log] @03-05-2021 02:06:13.0913 AM
[ReportManager] trying out the log message... @03-05-2021 02:06:13.0914 AM
[ReportManager] Comparing the provided API response with the file at this path "src/test/resources/TestJsonFiles/specialCharacters.json", comparison type "CONTAINS" @03-05-2021 02:06:13.0914 AM
[ReportManager] API Action [compareJSON] successfully performed. With the following test data [src/test/resources/TestJsonFiles/specialCharacters.json]. @03-05-2021 02:06:13.0935 AM
[ReportManager] File Action [getAbsolutePath] successfully performed. With the following test data [Relative Folder Path: "src/test/resources/TestJsonFiles/specialCharacters.json"]. @03-05-2021 02:06:13.0936 AM
[ReportManager] File Action [readFromFile] successfully performed. With the following test data [File Path: "/home/runner/work/SHAFT_ENGINE/SHAFT_ENGINE/src/test/resources/TestJsonFiles/specialCharacters.json"]. @03-05-2021 02:06:13.0936 AM
[ReportManager] AssertJSONFileContent PASSED; Expected [Response data should match the JSON File in this path 'src/test/resources/TestJsonFiles/specialCharacters.json'] and Actual [TRUE]. Comparison Type [CONTAINS]. Validation Type [POSITIVE]. @03-05-2021 02:06:13.0940 AM
[ReportManager] Successfully created attachment [Validation Test Data - Expected JSON Value] @03-05-2021 02:06:13.0941 AM
[ReportManager] Successfully created attachment [Validation Test Data - Actual JSON Value] @03-05-2021 02:06:13.0941 A

################################################################################################################################################
Starting Execution:	[70 out of 137] test cases in the current suite
Test Method:		[unitTests.tests_validations_assertions.assertComparativeRelation_greaterThanOrEquals_false_equals_expectedToFail]
################################################################################################################################################
[ReportManager] AssertComparativeRelation FAILED; Expected [1] and Actual [1]. Comparison Type [GREATER_THAN_OR_EQUALS]. Validation Type [NEGATIVE]. @03-05-2021 02:06:13.0954 A

################################################################################################################################################
Starting Execution:	[71 out of 137] test cases in the current suite
Test Method:		[unitTests.tests_validations_assertions.assertComparativeRelation_greaterThanOrEquals_false_equals_expectedToPass]
################################################################################################################################################
[ReportManager] AssertComparativeRelation PASSED; Expected [2] and Actual [1]. Comparison Type [GREATER_THAN_OR_EQUALS]. Validation Type [NEGATIVE]. @03-05-2021 02:06:13.0962 A

################################################################################################################################################
Starting Execution:	[72 out of 137] test cases in the current suite
Test Method:		[unitTests.tests_validations_assertions.assertComparativeRelation_greaterThanOrEquals_false_greaterThan_expectedToFail]
################################################################################################################################################
[ReportManager] AssertComparativeRelation FAILED; Expected [1] and Actual [2]. Comparison Type [GREATER_THAN_OR_EQUALS]. Validation Type [NEGATIVE]. @03-05-2021 02:06:13.0967 A

################################################################################################################################################
Starting Execution:	[73 out of 137] test cases in the current suite
Test Method:		[unitTests.tests_validations_assertions.assertComparativeRelation_greaterThanOrEquals_false_greaterThan_expectedToPass]
################################################################################################################################################
[ReportManager] AssertComparativeRelation PASSED; Expected [2] and Actual [1]. Comparison Type [GREATER_THAN_OR_EQUALS]. Validation Type [NEGATIVE]. @03-05-2021 02:06:13.0975 A

################################################################################################################################################
Starting Execution:	[74 out of 137] test cases in the current suite
Test Method:		[unitTests.tests_validations_assertions.assertComparativeRelation_greaterThanOrEquals_true_equals_expectedToFail]
################################################################################################################################################
[ReportManager] AssertComparativeRelation FAILED; Expected [1] and Actual [0]. Comparison Type [GREATER_THAN_OR_EQUALS]. Validation Type [POSITIVE]. @03-05-2021 02:06:13.0985 A

################################################################################################################################################
Starting Execution:	[75 out of 137] test cases in the current suite
Test Method:		[unitTests.tests_validations_assertions.assertComparativeRelation_greaterThanOrEquals_true_equals_expectedToPass]
################################################################################################################################################
[ReportManager] AssertComparativeRelation PASSED; Expected [1] and Actual [1]. Comparison Type [GREATER_THAN_OR_EQUALS]. Validation Type [POSITIVE]. @03-05-2021 02:06:13.0989 A

################################################################################################################################################
Starting Execution:	[76 out of 137] test cases in the current suite
Test Method:		[unitTests.tests_validations_assertions.assertComparativeRelation_greaterThanOrEquals_true_greaterThan_expectedToFail]
################################################################################################################################################
[ReportManager] AssertComparativeRelation FAILED; Expected [2] and Actual [1]. Comparison Type [GREATER_THAN_OR_EQUALS]. Validation Type [POSITIVE]. @03-05-2021 02:06:13.0993 A

################################################################################################################################################
Starting Execution:	[77 out of 137] test cases in the current suite
Test Method:		[unitTests.tests_validations_assertions.assertComparativeRelation_greaterThanOrEquals_true_greaterThan_expectedToPass]
################################################################################################################################################
[ReportManager] AssertComparativeRelation PASSED; Expected [1] and Actual [2]. Comparison Type [GREATER_THAN_OR_EQUALS]. Validation Type [POSITIVE]. @03-05-2021 02:06:14.0001 A
[ReportManager] File Action [getAbsolutePath] successfully performed. With the following test data [Relative Folder Path: "target/downloadedFiles/"]. @03-05-2021 02:06:14.0005 AM
[ReportManager] Attempting to run remotely on: [Linux-64], [GoogleChrome], [http://localhost:4444/wd/hub], Headless Execution. @03-05-2021 02:06:14.0007 AM
[ReportManager] Successfully Opened [GoogleChrome]. @03-05-2021 02:06:14.0334 AM
[ReportManager] Target URL: [https://www.google.com/ncr], and after redirection: [www.google.com] @03-05-2021 02:06:14.0349 AM
[ReportManager] Initial URL: [data:,] @03-05-2021 02:06:14.0396 AM
[ReportManager] Browser Action [navigateToURL] successfully performed. With the following test data [https://www.google.com/ncr]. @03-05-2021 02:06:15.0269 A

################################################################################################################################################
Starting Execution:	[78 out of 137] test cases in the current suite
Test Method:		[unitTests.tests_validations_assertions.assertElementAttribute_false_caseInsensitiveComparison_expectedToFail]
################################################################################################################################################
[ReportManager] Element Action [type] successfully performed. With the following test data [AUTOMATION]. @03-05-2021 02:06:15.0919 AM
[ReportManager] Element Action [getText] successfully performed. With the following test data [AUTOMATION]. @03-05-2021 02:06:16.0049 AM
[ReportManager] Loaded Shared OpenCV @03-05-2021 02:06:16.0219 AM
[ReportManager] AssertElementAttribute FAILED; Expected [Value Should not be 'AutomaTion' for the 'text' attribute, element locator 'By.name: q'] and Actual [AUTOMATION]. Comparison Type [CASE_INSENSITIVE]. Validation Type [NEGATIVE]. @03-05-2021 02:06:16.0306 AM
[ReportManager] Successfully created attachment [Screenshot - 1620007576218_assertElementAttribute_false_caseInsensitiveComparison_expectedToFail_AssertElementAttribute_failed] @03-05-2021 02:06:16.0307 A
[ReportManager] Successfully created attachment [Selenium WebDriver Logs - server] @03-05-2021 02:06:16.0401 AM
[ReportManager] Successfully created attachment [Selenium WebDriver Logs - performance] @03-05-2021 02:06:16.0502 AM
[ReportManager] Successfully created attachment [Selenium WebDriver Logs - driver] @03-05-2021 02:06:16.0640 AM
[ReportManager] Browser Action [closeCurrentWindow] successfully performed. @03-05-2021 02:06:16.0697 AM
[ReportManager] Successfully created attachment [Browser Action Test Data - closeCurrentWindow - Actual Value] @03-05-2021 02:06:16.0697 A
[ReportManager] File Action [getAbsolutePath] successfully performed. With the following test data [Relative Folder Path: "target/downloadedFiles/"]. @03-05-2021 02:06:16.0701 AM
[ReportManager] Attempting to run remotely on: [Linux-64], [GoogleChrome], [http://localhost:4444/wd/hub], Headless Execution. @03-05-2021 02:06:16.0701 AM
[ReportManager] Successfully Opened [GoogleChrome]. @03-05-2021 02:06:16.0928 AM
[ReportManager] Target URL: [https://www.google.com/ncr], and after redirection: [www.google.com] @03-05-2021 02:06:16.0940 AM
[ReportManager] Initial URL: [data:,] @03-05-2021 02:06:16.0981 AM
[ReportManager] Browser Action [navigateToURL] successfully performed. With the following test data [https://www.google.com/ncr]. @03-05-2021 02:06:17.0871 A

################################################################################################################################################
Starting Execution:	[79 out of 137] test cases in the current suite
Test Method:		[unitTests.tests_validations_assertions.assertElementAttribute_false_caseInsensitiveComparison_expectedToPass]
################################################################################################################################################
[ReportManager] Element Action [type] successfully performed. With the following test data [AUTOMATION]. @03-05-2021 02:06:18.0548 AM
[ReportManager] Element Action [getText] successfully performed. With the following test data [AUTOMATION]. @03-05-2021 02:06:18.0663 AM
[ReportManager] Loaded Shared OpenCV @03-05-2021 02:06:18.0835 AM
[ReportManager] AssertElementAttribute PASSED; Expected [Value Should not be 'AutomaTion123' for the 'text' attribute, element locator 'By.name: q'] and Actual [AUTOMATION]. Comparison Type [CASE_INSENSITIVE]. Validation Type [NEGATIVE]. @03-05-2021 02:06:18.0925 AM
[ReportManager] Successfully created attachment [Screenshot - 1620007578835_assertElementAttribute_false_caseInsensitiveComparison_expectedToPass_AssertElementAttribute_passed] @03-05-2021 02:06:18.0926 A
[ReportManager] Successfully created attachment [Selenium WebDriver Logs - server] @03-05-2021 02:06:19.0019 AM
[ReportManager] Successfully created attachment [Selenium WebDriver Logs - performance] @03-05-2021 02:06:19.0117 AM
[ReportManager] Successfully created attachment [Selenium WebDriver Logs - driver] @03-05-2021 02:06:19.0280 AM
[ReportManager] Browser Action [closeCurrentWindow] successfully performed. @03-05-2021 02:06:19.0337 AM
[ReportManager] Successfully created attachment [Browser Action Test Data - closeCurrentWindow - Actual Value] @03-05-2021 02:06:19.0338 A
[ReportManager] File Action [getAbsolutePath] successfully performed. With the following test data [Relative Folder Path: "target/downloadedFiles/"]. @03-05-2021 02:06:19.0340 AM
[ReportManager] Attempting to run remotely on: [Linux-64], [GoogleChrome], [http://localhost:4444/wd/hub], Headless Execution. @03-05-2021 02:06:19.0341 AM
[ReportManager] Successfully Opened [GoogleChrome]. @03-05-2021 02:06:19.0581 AM
[ReportManager] Target URL: [https://www.google.com/ncr], and after redirection: [www.google.com] @03-05-2021 02:06:19.0593 AM
[ReportManager] Initial URL: [data:,] @03-05-2021 02:06:19.0645 AM
[ReportManager] Browser Action [navigateToURL] successfully performed. With the following test data [https://www.google.com/ncr]. @03-05-2021 02:06:20.0574 A

################################################################################################################################################
Starting Execution:	[80 out of 137] test cases in the current suite
Test Method:		[unitTests.tests_validations_assertions.assertElementAttribute_false_containsComparison_expectedToFail]
################################################################################################################################################
[ReportManager] Element Action [type] successfully performed. With the following test data [Automation123]. @03-05-2021 02:06:21.0224 AM
[ReportManager] Element Action [getText] successfully performed. With the following test data [Automation123]. @03-05-2021 02:06:21.0334 AM
[ReportManager] Loaded Shared OpenCV @03-05-2021 02:06:21.0475 AM
[ReportManager] AssertElementAttribute FAILED; Expected [Value Should not be 'Automation' for the 'text' attribute, element locator 'By.name: q'] and Actual [Automation123]. Comparison Type [CONTAINS]. Validation Type [NEGATIVE]. @03-05-2021 02:06:21.0562 AM
[ReportManager] Successfully created attachment [Screenshot - 1620007581475_assertElementAttribute_false_containsComparison_expectedToFail_AssertElementAttribute_failed] @03-05-2021 02:06:21.0563 A
[ReportManager] Successfully created attachment [Selenium WebDriver Logs - server] @03-05-2021 02:06:21.0652 AM
[ReportManager] Successfully created attachment [Selenium WebDriver Logs - performance] @03-05-2021 02:06:21.0755 AM
[ReportManager] Successfully created attachment [Selenium WebDriver Logs - driver] @03-05-2021 02:06:21.0907 AM
[ReportManager] Browser Action [closeCurrentWindow] successfully performed. @03-05-2021 02:06:21.0964 AM
[ReportManager] Successfully created attachment [Browser Action Test Data - closeCurrentWindow - Actual Value] @03-05-2021 02:06:21.0965 A
[ReportManager] File Action [getAbsolutePath] successfully performed. With the following test data [Relative Folder Path: "target/downloadedFiles/"]. @03-05-2021 02:06:21.0970 AM
[ReportManager] Attempting to run remotely on: [Linux-64], [GoogleChrome], [http://localhost:4444/wd/hub], Headless Execution. @03-05-2021 02:06:21.0970 AM
[ReportManager] Successfully Opened [GoogleChrome]. @03-05-2021 02:06:22.0211 AM
[ReportManager] Target URL: [https://www.google.com/ncr], and after redirection: [www.google.com] @03-05-2021 02:06:22.0224 AM
[ReportManager] Initial URL: [data:,] @03-05-2021 02:06:22.0276 AM
[ReportManager] Browser Action [navigateToURL] successfully performed. With the following test data [https://www.google.com/ncr]. @03-05-2021 02:06:23.0132 A

################################################################################################################################################
Starting Execution:	[81 out of 137] test cases in the current suite
Test Method:		[unitTests.tests_validations_assertions.assertElementAttribute_false_containsComparison_expectedToPass]
################################################################################################################################################
[ReportManager] Element Action [type] successfully performed. With the following test data [Automation123]. @03-05-2021 02:06:23.0797 AM
[ReportManager] Element Action [getText] successfully performed. With the following test data [Automation123]. @03-05-2021 02:06:23.0908 AM
[ReportManager] Loaded Shared OpenCV @03-05-2021 02:06:24.0068 AM
[ReportManager] AssertElementAttribute PASSED; Expected [Value Should not be 'Automation1234' for the 'text' attribute, element locator 'By.name: q'] and Actual [Automation123]. Comparison Type [CONTAINS]. Validation Type [NEGATIVE]. @03-05-2021 02:06:24.0155 AM
[ReportManager] Successfully created attachment [Screenshot - 1620007584068_assertElementAttribute_false_containsComparison_expectedToPass_AssertElementAttribute_passed] @03-05-2021 02:06:24.0155 A
[ReportManager] Successfully created attachment [Selenium WebDriver Logs - server] @03-05-2021 02:06:24.0260 AM
[ReportManager] Successfully created attachment [Selenium WebDriver Logs - performance] @03-05-2021 02:06:24.0363 AM
[ReportManager] Successfully created attachment [Selenium WebDriver Logs - driver] @03-05-2021 02:06:24.0506 AM
[ReportManager] Browser Action [closeCurrentWindow] successfully performed. @03-05-2021 02:06:24.0562 AM
[ReportManager] Successfully created attachment [Browser Action Test Data - closeCurrentWindow - Actual Value] @03-05-2021 02:06:24.0563 A
[ReportManager] File Action [getAbsolutePath] successfully performed. With the following test data [Relative Folder Path: "target/downloadedFiles/"]. @03-05-2021 02:06:24.0565 AM
[ReportManager] Attempting to run remotely on: [Linux-64], [GoogleChrome], [http://localhost:4444/wd/hub], Headless Execution. @03-05-2021 02:06:24.0565 AM
[ReportManager] Successfully Opened [GoogleChrome]. @03-05-2021 02:06:24.0825 AM
[ReportManager] Target URL: [https://www.google.com/ncr], and after redirection: [www.google.com] @03-05-2021 02:06:24.0849 AM
[ReportManager] Initial URL: [data:,] @03-05-2021 02:06:24.0897 AM
[ReportManager] Browser Action [navigateToURL] successfully performed. With the following test data [https://www.google.com/ncr]. @03-05-2021 02:06:25.0821 A

################################################################################################################################################
Starting Execution:	[82 out of 137] test cases in the current suite
Test Method:		[unitTests.tests_validations_assertions.assertElementAttribute_false_literalComparison_expectedToFail]
################################################################################################################################################
[ReportManager] Element Action [type] successfully performed. With the following test data [Automation!@#$%^&*()_+{}[]\';/.,]. @03-05-2021 02:06:27.0276 AM
[ReportManager] Element Action [getText] successfully performed. With the following test data [Automation!@#$%^&*()_+{}[]\';/.,]. @03-05-2021 02:06:27.0423 AM
[ReportManager] Loaded Shared OpenCV @03-05-2021 02:06:27.0586 AM
[ReportManager] AssertElementAttribute PASSED; Expected [Value Should not be 'Automation!@#$%^&*()_+{}[]\\';/.,' for the 'text' attribute, element locator 'By.name: q'] and Actual [Automation!@#$%^&*()_+{}[]\';/.,]. Comparison Type [EQUALS]. Validation Type [NEGATIVE]. @03-05-2021 02:06:27.0672 AM
[ReportManager] Successfully created attachment [Screenshot - 1620007587586_assertElementAttribute_false_literalComparison_expectedToFail_AssertElementAttribute_passed] @03-05-2021 02:06:27.0673 A
[ReportManager] Successfully created attachment [Selenium WebDriver Logs - server] @03-05-2021 02:06:27.0764 AM
[ReportManager] Successfully created attachment [Selenium WebDriver Logs - performance] @03-05-2021 02:06:27.0939 AM
[ReportManager] Successfully created attachment [Selenium WebDriver Logs - driver] @03-05-2021 02:06:28.0129 AM
[ReportManager] Browser Action [closeCurrentWindow] successfully performed. @03-05-2021 02:06:28.0189 AM
[ReportManager] Successfully created attachment [Browser Action Test Data - closeCurrentWindow - Actual Value] @03-05-2021 02:06:28.0190 A
[ReportManager] File Action [getAbsolutePath] successfully performed. With the following test data [Relative Folder Path: "target/downloadedFiles/"]. @03-05-2021 02:06:28.0194 AM
[ReportManager] Attempting to run remotely on: [Linux-64], [GoogleChrome], [http://localhost:4444/wd/hub], Headless Execution. @03-05-2021 02:06:28.0194 AM
[ReportManager] Successfully Opened [GoogleChrome]. @03-05-2021 02:06:28.0452 AM
[ReportManager] Target URL: [https://www.google.com/ncr], and after redirection: [www.google.com] @03-05-2021 02:06:28.0464 AM
[ReportManager] Initial URL: [data:,] @03-05-2021 02:06:28.0521 AM
[ReportManager] Browser Action [navigateToURL] successfully performed. With the following test data [https://www.google.com/ncr]. @03-05-2021 02:06:29.0417 A

################################################################################################################################################
Starting Execution:	[83 out of 137] test cases in the current suite
Test Method:		[unitTests.tests_validations_assertions.assertElementAttribute_false_literalComparison_expectedToPass]
################################################################################################################################################
[ReportManager] Element Action [type] successfully performed. With the following test data [Automation!@#$%^&*()_+{}[]\';/.,]. @03-05-2021 02:06:31.0057 AM
[ReportManager] Element Action [getText] successfully performed. With the following test data [Automation!@#$%^&*()_+{}[]\';/.,]. @03-05-2021 02:06:31.0169 AM
[ReportManager] Loaded Shared OpenCV @03-05-2021 02:06:31.0348 AM
[ReportManager] AssertElementAttribute PASSED; Expected [Value Should not be 'Automation' for the 'text' attribute, element locator 'By.name: q'] and Actual [Automation!@#$%^&*()_+{}[]\';/.,]. Comparison Type [EQUALS]. Validation Type [NEGATIVE]. @03-05-2021 02:06:31.0436 AM
[ReportManager] Successfully created attachment [Screenshot - 1620007591348_assertElementAttribute_false_literalComparison_expectedToPass_AssertElementAttribute_passed] @03-05-2021 02:06:31.0437 A
[ReportManager] Successfully created attachment [Selenium WebDriver Logs - server] @03-05-2021 02:06:31.0527 AM
[ReportManager] Successfully created attachment [Selenium WebDriver Logs - performance] @03-05-2021 02:06:31.0720 AM
[ReportManager] Successfully created attachment [Selenium WebDriver Logs - driver] @03-05-2021 02:06:31.0939 AM
[ReportManager] Browser Action [closeCurrentWindow] successfully performed. @03-05-2021 02:06:31.0970 AM
[ReportManager] Successfully created attachment [Browser Action Test Data - closeCurrentWindow - Actual Value] @03-05-2021 02:06:31.0971 A
[ReportManager] File Action [getAbsolutePath] successfully performed. With the following test data [Relative Folder Path: "target/downloadedFiles/"]. @03-05-2021 02:06:31.0974 AM
[ReportManager] Attempting to run remotely on: [Linux-64], [GoogleChrome], [http://localhost:4444/wd/hub], Headless Execution. @03-05-2021 02:06:31.0974 AM
[ReportManager] Successfully Opened [GoogleChrome]. @03-05-2021 02:06:32.0265 AM
[ReportManager] Target URL: [https://www.google.com/ncr], and after redirection: [www.google.com] @03-05-2021 02:06:32.0276 AM
[ReportManager] Initial URL: [data:,] @03-05-2021 02:06:32.0333 AM
[ReportManager] Browser Action [navigateToURL] successfully performed. With the following test data [https://www.google.com/ncr]. @03-05-2021 02:06:33.0176 A

################################################################################################################################################
Starting Execution:	[84 out of 137] test cases in the current suite
Test Method:		[unitTests.tests_validations_assertions.assertElementAttribute_false_regexComparison_expectedToFail]
################################################################################################################################################
[ReportManager] Element Action [type] successfully performed. With the following test data [Automation123]. @03-05-2021 02:06:33.0857 AM
[ReportManager] Element Action [getText] successfully performed. With the following test data [Automation123]. @03-05-2021 02:06:33.0998 AM
[ReportManager] Loaded Shared OpenCV @03-05-2021 02:06:34.0178 AM
[ReportManager] AssertElementAttribute FAILED; Expected [Value Should not be 'Automation.*' for the 'text' attribute, element locator 'By.name: q'] and Actual [Automation123]. Comparison Type [MATCHES]. Validation Type [NEGATIVE]. @03-05-2021 02:06:34.0265 AM
[ReportManager] Successfully created attachment [Screenshot - 1620007594178_assertElementAttribute_false_regexComparison_expectedToFail_AssertElementAttribute_failed] @03-05-2021 02:06:34.0266 A
[ReportManager] Successfully created attachment [Selenium WebDriver Logs - server] @03-05-2021 02:06:34.0360 AM
[ReportManager] Successfully created attachment [Selenium WebDriver Logs - performance] @03-05-2021 02:06:34.0457 AM
[ReportManager] Successfully created attachment [Selenium WebDriver Logs - driver] @03-05-2021 02:06:34.0610 AM
[ReportManager] Browser Action [closeCurrentWindow] successfully performed. @03-05-2021 02:06:34.0670 AM
[ReportManager] Successfully created attachment [Browser Action Test Data - closeCurrentWindow - Actual Value] @03-05-2021 02:06:34.0671 A
[ReportManager] File Action [getAbsolutePath] successfully performed. With the following test data [Relative Folder Path: "target/downloadedFiles/"]. @03-05-2021 02:06:34.0673 AM
[ReportManager] Attempting to run remotely on: [Linux-64], [GoogleChrome], [http://localhost:4444/wd/hub], Headless Execution. @03-05-2021 02:06:34.0676 AM
[ReportManager] Successfully Opened [GoogleChrome]. @03-05-2021 02:06:34.0956 AM
[ReportManager] Target URL: [https://www.google.com/ncr], and after redirection: [www.google.com] @03-05-2021 02:06:34.0977 AM
[ReportManager] Initial URL: [data:,] @03-05-2021 02:06:35.0029 AM
[ReportManager] Browser Action [navigateToURL] successfully performed. With the following test data [https://www.google.com/ncr]. @03-05-2021 02:06:35.0919 A

################################################################################################################################################
Starting Execution:	[85 out of 137] test cases in the current suite
Test Method:		[unitTests.tests_validations_assertions.assertElementAttribute_false_regexComparison_expectedToPass]
################################################################################################################################################
[ReportManager] Element Action [type] successfully performed. With the following test data [Automation123]. @03-05-2021 02:06:36.0593 AM
[ReportManager] Element Action [getText] successfully performed. With the following test data [Automation123]. @03-05-2021 02:06:36.0716 AM
[ReportManager] Loaded Shared OpenCV @03-05-2021 02:06:36.0860 AM
[ReportManager] AssertElementAttribute PASSED; Expected [Value Should not be 'Automation' for the 'text' attribute, element locator 'By.name: q'] and Actual [Automation123]. Comparison Type [MATCHES]. Validation Type [NEGATIVE]. @03-05-2021 02:06:36.0939 AM
[ReportManager] Successfully created attachment [Screenshot - 1620007596859_assertElementAttribute_false_regexComparison_expectedToPass_AssertElementAttribute_passed] @03-05-2021 02:06:36.0940 A
[ReportManager] Successfully created attachment [Selenium WebDriver Logs - server] @03-05-2021 02:06:37.0021 AM
[ReportManager] Successfully created attachment [Selenium WebDriver Logs - performance] @03-05-2021 02:06:37.0116 AM
[ReportManager] Successfully created attachment [Selenium WebDriver Logs - driver] @03-05-2021 02:06:37.0243 AM
[ReportManager] Browser Action [closeCurrentWindow] successfully performed. @03-05-2021 02:06:37.0299 AM
[ReportManager] Successfully created attachment [Browser Action Test Data - closeCurrentWindow - Actual Value] @03-05-2021 02:06:37.0300 A
[ReportManager] File Action [getAbsolutePath] successfully performed. With the following test data [Relative Folder Path: "target/downloadedFiles/"]. @03-05-2021 02:06:37.0303 AM
[ReportManager] Attempting to run remotely on: [Linux-64], [GoogleChrome], [http://localhost:4444/wd/hub], Headless Execution. @03-05-2021 02:06:37.0303 AM
[ReportManager] Successfully Opened [GoogleChrome]. @03-05-2021 02:06:37.0586 AM
[ReportManager] Target URL: [https://www.google.com/ncr], and after redirection: [www.google.com] @03-05-2021 02:06:37.0599 AM
[ReportManager] Initial URL: [data:,] @03-05-2021 02:06:37.0641 AM
[ReportManager] Browser Action [navigateToURL] successfully performed. With the following test data [https://www.google.com/ncr]. @03-05-2021 02:06:38.0530 A

################################################################################################################################################
Starting Execution:	[86 out of 137] test cases in the current suite
Test Method:		[unitTests.tests_validations_assertions.assertElementAttribute_true_caseInsensitiveComparison_expectedToFail]
################################################################################################################################################
[ReportManager] Element Action [type] successfully performed. With the following test data [AUTOMATION]. @03-05-2021 02:06:39.0314 AM
[ReportManager] Element Action [getText] successfully performed. With the following test data [AUTOMATION]. @03-05-2021 02:06:39.0441 AM
[ReportManager] Loaded Shared OpenCV @03-05-2021 02:06:39.0602 AM
[ReportManager] AssertElementAttribute FAILED; Expected [Value Should be 'AutomaTion123' for the 'text' attribute, element locator 'By.name: q'] and Actual [AUTOMATION]. Comparison Type [CASE_INSENSITIVE]. Validation Type [POSITIVE]. @03-05-2021 02:06:39.0685 AM
[ReportManager] Successfully created attachment [Screenshot - 1620007599602_assertElementAttribute_true_caseInsensitiveComparison_expectedToFail_AssertElementAttribute_failed] @03-05-2021 02:06:39.0687 A
[ReportManager] Successfully created attachment [Selenium WebDriver Logs - server] @03-05-2021 02:06:39.0776 AM
[ReportManager] Successfully created attachment [Selenium WebDriver Logs - performance] @03-05-2021 02:06:39.0883 AM
[ReportManager] Successfully created attachment [Selenium WebDriver Logs - driver] @03-05-2021 02:06:40.0030 AM
[ReportManager] Browser Action [closeCurrentWindow] successfully performed. @03-05-2021 02:06:40.0087 AM
[ReportManager] Successfully created attachment [Browser Action Test Data - closeCurrentWindow - Actual Value] @03-05-2021 02:06:40.0088 A
[ReportManager] File Action [getAbsolutePath] successfully performed. With the following test data [Relative Folder Path: "target/downloadedFiles/"]. @03-05-2021 02:06:40.0090 AM
[ReportManager] Attempting to run remotely on: [Linux-64], [GoogleChrome], [http://localhost:4444/wd/hub], Headless Execution. @03-05-2021 02:06:40.0090 AM
[ReportManager] Successfully Opened [GoogleChrome]. @03-05-2021 02:06:40.0326 AM
[ReportManager] Target URL: [https://www.google.com/ncr], and after redirection: [www.google.com] @03-05-2021 02:06:40.0341 AM
[ReportManager] Initial URL: [data:,] @03-05-2021 02:06:40.0383 AM
[ReportManager] Browser Action [navigateToURL] successfully performed. With the following test data [https://www.google.com/ncr]. @03-05-2021 02:06:41.0256 A

################################################################################################################################################
Starting Execution:	[87 out of 137] test cases in the current suite
Test Method:		[unitTests.tests_validations_assertions.assertElementAttribute_true_caseInsensitiveComparison_expectedToPass]
################################################################################################################################################
[ReportManager] Element Action [type] successfully performed. With the following test data [AUTOMATION]. @03-05-2021 02:06:41.0916 AM
[ReportManager] Element Action [getText] successfully performed. With the following test data [AUTOMATION]. @03-05-2021 02:06:42.0035 AM
[ReportManager] Loaded Shared OpenCV @03-05-2021 02:06:42.0202 AM
[ReportManager] AssertElementAttribute PASSED; Expected [Value Should be 'AutomaTion' for the 'text' attribute, element locator 'By.name: q'] and Actual [AUTOMATION]. Comparison Type [CASE_INSENSITIVE]. Validation Type [POSITIVE]. @03-05-2021 02:06:42.0290 AM
[ReportManager] Successfully created attachment [Screenshot - 1620007602202_assertElementAttribute_true_caseInsensitiveComparison_expectedToPass_AssertElementAttribute_passed] @03-05-2021 02:06:42.0291 A
[ReportManager] Successfully created attachment [Selenium WebDriver Logs - server] @03-05-2021 02:06:42.0374 AM
[ReportManager] Successfully created attachment [Selenium WebDriver Logs - performance] @03-05-2021 02:06:42.0472 AM
[ReportManager] Successfully created attachment [Selenium WebDriver Logs - driver] @03-05-2021 02:06:42.0622 AM
[ReportManager] Browser Action [closeCurrentWindow] successfully performed. @03-05-2021 02:06:42.0682 AM
[ReportManager] Successfully created attachment [Browser Action Test Data - closeCurrentWindow - Actual Value] @03-05-2021 02:06:42.0683 A
[ReportManager] File Action [getAbsolutePath] successfully performed. With the following test data [Relative Folder Path: "target/downloadedFiles/"]. @03-05-2021 02:06:42.0687 AM
[ReportManager] Attempting to run remotely on: [Linux-64], [GoogleChrome], [http://localhost:4444/wd/hub], Headless Execution. @03-05-2021 02:06:42.0688 AM
[ReportManager] Successfully Opened [GoogleChrome]. @03-05-2021 02:06:42.0926 AM
[ReportManager] Target URL: [https://www.google.com/ncr], and after redirection: [www.google.com] @03-05-2021 02:06:42.0944 AM
[ReportManager] Initial URL: [data:,] @03-05-2021 02:06:42.0983 AM
[ReportManager] Browser Action [navigateToURL] successfully performed. With the following test data [https://www.google.com/ncr]. @03-05-2021 02:06:43.0809 A

################################################################################################################################################
Starting Execution:	[88 out of 137] test cases in the current suite
Test Method:		[unitTests.tests_validations_assertions.assertElementAttribute_true_containsComparison_expectedToFail]
################################################################################################################################################
[ReportManager] Element Action [type] successfully performed. With the following test data [Automation123]. @03-05-2021 02:06:44.0442 AM
[ReportManager] Element Action [getText] successfully performed. With the following test data [Automation123]. @03-05-2021 02:06:44.0552 AM
[ReportManager] Loaded Shared OpenCV @03-05-2021 02:06:44.0713 AM
[ReportManager] AssertElementAttribute FAILED; Expected [Value Should be 'Automation1234' for the 'text' attribute, element locator 'By.name: q'] and Actual [Automation123]. Comparison Type [CONTAINS]. Validation Type [POSITIVE]. @03-05-2021 02:06:44.0802 AM
[ReportManager] Successfully created attachment [Screenshot - 1620007604712_assertElementAttribute_true_containsComparison_expectedToFail_AssertElementAttribute_failed] @03-05-2021 02:06:44.0809 A
[ReportManager] Successfully created attachment [Selenium WebDriver Logs - server] @03-05-2021 02:06:44.0902 AM
[ReportManager] Successfully created attachment [Selenium WebDriver Logs - performance] @03-05-2021 02:06:44.0994 AM
[ReportManager] Successfully created attachment [Selenium WebDriver Logs - driver] @03-05-2021 02:06:45.0136 AM
[ReportManager] Browser Action [closeCurrentWindow] successfully performed. @03-05-2021 02:06:45.0192 AM
[ReportManager] Successfully created attachment [Browser Action Test Data - closeCurrentWindow - Actual Value] @03-05-2021 02:06:45.0193 A
[ReportManager] File Action [getAbsolutePath] successfully performed. With the following test data [Relative Folder Path: "target/downloadedFiles/"]. @03-05-2021 02:06:45.0195 AM
[ReportManager] Attempting to run remotely on: [Linux-64], [GoogleChrome], [http://localhost:4444/wd/hub], Headless Execution. @03-05-2021 02:06:45.0195 AM
[ReportManager] Successfully Opened [GoogleChrome]. @03-05-2021 02:06:45.0441 AM
[ReportManager] Target URL: [https://www.google.com/ncr], and after redirection: [www.google.com] @03-05-2021 02:06:45.0452 AM
[ReportManager] Initial URL: [data:,] @03-05-2021 02:06:45.0524 AM
[ReportManager] Browser Action [navigateToURL] successfully performed. With the following test data [https://www.google.com/ncr]. @03-05-2021 02:06:46.0391 A

################################################################################################################################################
Starting Execution:	[89 out of 137] test cases in the current suite
Test Method:		[unitTests.tests_validations_assertions.assertElementAttribute_true_containsComparison_expectedToPass]
################################################################################################################################################
[ReportManager] Element Action [type] successfully performed. With the following test data [Automation123]. @03-05-2021 02:06:47.0029 AM
[ReportManager] Element Action [getText] successfully performed. With the following test data [Automation123]. @03-05-2021 02:06:47.0158 AM
[ReportManager] Loaded Shared OpenCV @03-05-2021 02:06:47.0309 AM
[ReportManager] AssertElementAttribute PASSED; Expected [Value Should be 'Automation' for the 'text' attribute, element locator 'By.name: q'] and Actual [Automation123]. Comparison Type [CONTAINS]. Validation Type [POSITIVE]. @03-05-2021 02:06:47.0390 AM
[ReportManager] Successfully created attachment [Screenshot - 1620007607309_assertElementAttribute_true_containsComparison_expectedToPass_AssertElementAttribute_passed] @03-05-2021 02:06:47.0391 A
[ReportManager] Successfully created attachment [Selenium WebDriver Logs - server] @03-05-2021 02:06:47.0476 AM
[ReportManager] Successfully created attachment [Selenium WebDriver Logs - performance] @03-05-2021 02:06:47.0567 AM
[ReportManager] Successfully created attachment [Selenium WebDriver Logs - driver] @03-05-2021 02:06:47.0694 AM
[ReportManager] Browser Action [closeCurrentWindow] successfully performed. @03-05-2021 02:06:47.0750 AM
[ReportManager] Successfully created attachment [Browser Action Test Data - closeCurrentWindow - Actual Value] @03-05-2021 02:06:47.0751 A
[ReportManager] File Action [getAbsolutePath] successfully performed. With the following test data [Relative Folder Path: "target/downloadedFiles/"]. @03-05-2021 02:06:47.0754 AM
[ReportManager] Attempting to run remotely on: [Linux-64], [GoogleChrome], [http://localhost:4444/wd/hub], Headless Execution. @03-05-2021 02:06:47.0754 AM
[ReportManager] Successfully Opened [GoogleChrome]. @03-05-2021 02:06:48.0017 AM
[ReportManager] Target URL: [https://www.google.com/ncr], and after redirection: [www.google.com] @03-05-2021 02:06:48.0042 AM
[ReportManager] Initial URL: [data:,] @03-05-2021 02:06:48.0084 AM
[ReportManager] Browser Action [navigateToURL] successfully performed. With the following test data [https://www.google.com/ncr]. @03-05-2021 02:06:49.0327 A

################################################################################################################################################
Starting Execution:	[90 out of 137] test cases in the current suite
Test Method:		[unitTests.tests_validations_assertions.assertElementAttribute_true_literalComparison_expectedToFail]
################################################################################################################################################
[ReportManager] Element Action [type] successfully performed. With the following test data [Automation!@#$%^&*()_+{}[]\';/.,]. @03-05-2021 02:06:50.0881 AM
[ReportManager] Element Action [getText] successfully performed. With the following test data [Automation!@#$%^&*()_+{}[]\';/.,]. @03-05-2021 02:06:50.0992 AM
[ReportManager] Loaded Shared OpenCV @03-05-2021 02:06:51.0152 AM
[ReportManager] AssertElementAttribute FAILED; Expected [Value Should be 'Automation' for the 'text' attribute, element locator 'By.name: q'] and Actual [Automation!@#$%^&*()_+{}[]\';/.,]. Comparison Type [EQUALS]. Validation Type [POSITIVE]. @03-05-2021 02:06:51.0232 AM
[ReportManager] Successfully created attachment [Screenshot - 1620007611152_assertElementAttribute_true_literalComparison_expectedToFail_AssertElementAttribute_failed] @03-05-2021 02:06:51.0234 A
[ReportManager] Successfully created attachment [Selenium WebDriver Logs - server] @03-05-2021 02:06:51.0317 AM
[ReportManager] Successfully created attachment [Selenium WebDriver Logs - performance] @03-05-2021 02:06:51.0486 AM
[ReportManager] Successfully created attachment [Selenium WebDriver Logs - driver] @03-05-2021 02:06:51.0692 AM
[ReportManager] Browser Action [closeCurrentWindow] successfully performed. @03-05-2021 02:06:51.0748 AM
[ReportManager] Successfully created attachment [Browser Action Test Data - closeCurrentWindow - Actual Value] @03-05-2021 02:06:51.0749 A
[ReportManager] File Action [getAbsolutePath] successfully performed. With the following test data [Relative Folder Path: "target/downloadedFiles/"]. @03-05-2021 02:06:51.0754 AM
[ReportManager] Attempting to run remotely on: [Linux-64], [GoogleChrome], [http://localhost:4444/wd/hub], Headless Execution. @03-05-2021 02:06:51.0754 AM
[ReportManager] Successfully Opened [GoogleChrome]. @03-05-2021 02:06:52.0024 AM
[ReportManager] Target URL: [https://www.google.com/ncr], and after redirection: [www.google.com] @03-05-2021 02:06:52.0040 AM
[ReportManager] Initial URL: [data:,] @03-05-2021 02:06:52.0085 AM
[ReportManager] Browser Action [navigateToURL] successfully performed. With the following test data [https://www.google.com/ncr]. @03-05-2021 02:06:52.0985 A

################################################################################################################################################
Starting Execution:	[91 out of 137] test cases in the current suite
Test Method:		[unitTests.tests_validations_assertions.assertElementAttribute_true_literalComparison_expectedToPass]
################################################################################################################################################
[ReportManager] Element Action [type] successfully performed. With the following test data [Automation!@#$%^&*()_+{}[]\';/.,]. @03-05-2021 02:06:54.0634 AM
[ReportManager] Element Action [getText] successfully performed. With the following test data [Automation!@#$%^&*()_+{}[]\';/.,]. @03-05-2021 02:06:54.0753 AM
[ReportManager] Loaded Shared OpenCV @03-05-2021 02:06:54.0919 AM
[ReportManager] AssertElementAttribute PASSED; Expected [Value Should be 'Automation!@#$%^&*()_+{}[]\';/.,' for the 'text' attribute, element locator 'By.name: q'] and Actual [Automation!@#$%^&*()_+{}[]\';/.,]. Comparison Type [EQUALS]. Validation Type [POSITIVE]. @03-05-2021 02:06:55.0009 AM
[ReportManager] Successfully created attachment [Screenshot - 1620007614919_assertElementAttribute_true_literalComparison_expectedToPass_AssertElementAttribute_passed] @03-05-2021 02:06:55.0010 A
[ReportManager] Successfully created attachment [Selenium WebDriver Logs - server] @03-05-2021 02:06:55.0091 AM
[ReportManager] Successfully created attachment [Selenium WebDriver Logs - performance] @03-05-2021 02:06:55.0295 AM
[ReportManager] Successfully created attachment [Selenium WebDriver Logs - driver] @03-05-2021 02:06:55.0506 AM
[ReportManager] Browser Action [closeCurrentWindow] successfully performed. @03-05-2021 02:06:55.0563 AM
[ReportManager] Successfully created attachment [Browser Action Test Data - closeCurrentWindow - Actual Value] @03-05-2021 02:06:55.0564 A
[ReportManager] File Action [getAbsolutePath] successfully performed. With the following test data [Relative Folder Path: "target/downloadedFiles/"]. @03-05-2021 02:06:55.0568 AM
[ReportManager] Attempting to run remotely on: [Linux-64], [GoogleChrome], [http://localhost:4444/wd/hub], Headless Execution. @03-05-2021 02:06:55.0568 AM
[ReportManager] Successfully Opened [GoogleChrome]. @03-05-2021 02:06:55.0831 AM
[ReportManager] Target URL: [https://www.google.com/ncr], and after redirection: [www.google.com] @03-05-2021 02:06:55.0850 AM
[ReportManager] Initial URL: [data:,] @03-05-2021 02:06:55.0890 AM
[ReportManager] Browser Action [navigateToURL] successfully performed. With the following test data [https://www.google.com/ncr]. @03-05-2021 02:06:56.0794 A

################################################################################################################################################
Starting Execution:	[92 out of 137] test cases in the current suite
Test Method:		[unitTests.tests_validations_assertions.assertElementAttribute_true_regexComparison_expectedToFail]
################################################################################################################################################
[ReportManager] Element Action [type] successfully performed. With the following test data [Automation123]. @03-05-2021 02:06:57.0532 AM
[ReportManager] Element Action [getText] successfully performed. With the following test data [Automation123]. @03-05-2021 02:06:57.0637 AM
[ReportManager] Loaded Shared OpenCV @03-05-2021 02:06:57.0780 AM
[ReportManager] AssertElementAttribute FAILED; Expected [Value Should be 'Automation' for the 'text' attribute, element locator 'By.name: q'] and Actual [Automation123]. Comparison Type [MATCHES]. Validation Type [POSITIVE]. @03-05-2021 02:06:57.0856 AM
[ReportManager] Successfully created attachment [Screenshot - 1620007617780_assertElementAttribute_true_regexComparison_expectedToFail_AssertElementAttribute_failed] @03-05-2021 02:06:57.0856 A
[ReportManager] Successfully created attachment [Selenium WebDriver Logs - server] @03-05-2021 02:06:57.0931 AM
[ReportManager] Successfully created attachment [Selenium WebDriver Logs - performance] @03-05-2021 02:06:58.0038 AM
[ReportManager] Successfully created attachment [Selenium WebDriver Logs - driver] @03-05-2021 02:06:58.0191 AM
[ReportManager] Browser Action [closeCurrentWindow] successfully performed. @03-05-2021 02:06:58.0247 AM
[ReportManager] Successfully created attachment [Browser Action Test Data - closeCurrentWindow - Actual Value] @03-05-2021 02:06:58.0248 A
[ReportManager] File Action [getAbsolutePath] successfully performed. With the following test data [Relative Folder Path: "target/downloadedFiles/"]. @03-05-2021 02:06:58.0251 AM
[ReportManager] Attempting to run remotely on: [Linux-64], [GoogleChrome], [http://localhost:4444/wd/hub], Headless Execution. @03-05-2021 02:06:58.0251 AM
[ReportManager] Successfully Opened [GoogleChrome]. @03-05-2021 02:06:58.0511 AM
[ReportManager] Target URL: [https://www.google.com/ncr], and after redirection: [www.google.com] @03-05-2021 02:06:58.0546 AM
[ReportManager] Initial URL: [data:,] @03-05-2021 02:06:58.0588 AM
[ReportManager] Browser Action [navigateToURL] successfully performed. With the following test data [https://www.google.com/ncr]. @03-05-2021 02:06:59.0459 A

################################################################################################################################################
Starting Execution:	[93 out of 137] test cases in the current suite
Test Method:		[unitTests.tests_validations_assertions.assertElementAttribute_true_regexComparison_expectedToPass]
################################################################################################################################################
[ReportManager] Element Action [type] successfully performed. With the following test data [Automation123]. @03-05-2021 02:07:00.0102 AM
[ReportManager] Element Action [getText] successfully performed. With the following test data [Automation123]. @03-05-2021 02:07:00.0219 AM
[ReportManager] Loaded Shared OpenCV @03-05-2021 02:07:00.0397 AM
[ReportManager] AssertElementAttribute PASSED; Expected [Value Should be 'Automation.*' for the 'text' attribute, element locator 'By.name: q'] and Actual [Automation123]. Comparison Type [MATCHES]. Validation Type [POSITIVE]. @03-05-2021 02:07:00.0488 AM
[ReportManager] Successfully created attachment [Screenshot - 1620007620397_assertElementAttribute_true_regexComparison_expectedToPass_AssertElementAttribute_passed] @03-05-2021 02:07:00.0489 A
[ReportManager] Successfully created attachment [Selenium WebDriver Logs - server] @03-05-2021 02:07:00.0606 AM
[ReportManager] Successfully created attachment [Selenium WebDriver Logs - performance] @03-05-2021 02:07:00.0712 AM
[ReportManager] Successfully created attachment [Selenium WebDriver Logs - driver] @03-05-2021 02:07:00.0848 AM
[ReportManager] Browser Action [closeCurrentWindow] successfully performed. @03-05-2021 02:07:00.0905 AM
[ReportManager] Successfully created attachment [Browser Action Test Data - closeCurrentWindow - Actual Value] @03-05-2021 02:07:00.0906 A
[ReportManager] File Action [getAbsolutePath] successfully performed. With the following test data [Relative Folder Path: "target/downloadedFiles/"]. @03-05-2021 02:07:00.0908 AM
[ReportManager] Attempting to run remotely on: [Linux-64], [GoogleChrome], [http://localhost:4444/wd/hub], Headless Execution. @03-05-2021 02:07:00.0910 AM
[ReportManager] Successfully Opened [GoogleChrome]. @03-05-2021 02:07:01.0184 AM
[ReportManager] Target URL: [https://www.google.com/ncr], and after redirection: [www.google.com] @03-05-2021 02:07:01.0196 AM
[ReportManager] Initial URL: [data:,] @03-05-2021 02:07:01.0242 AM
[ReportManager] Browser Action [navigateToURL] successfully performed. With the following test data [https://www.google.com/ncr]. @03-05-2021 02:07:02.0152 A

################################################################################################################################################
Starting Execution:	[94 out of 137] test cases in the current suite
Test Method:		[unitTests.tests_validations_assertions.assertElementAttribute_type_true_literalComparison_expectedToPass]
################################################################################################################################################
[ReportManager] Element Action [type] successfully performed. With the following test data [Automation!@#$%^&*()_+{}[]\';/.,]. @03-05-2021 02:07:03.0688 AM
[ReportManager] Element Action [getText] successfully performed. With the following test data [Automation!@#$%^&*()_+{}[]\';/.,]. @03-05-2021 02:07:03.0812 AM
[ReportManager] Loaded Shared OpenCV @03-05-2021 02:07:03.0970 AM
[ReportManager] AssertElementAttribute PASSED; Expected [Value Should be 'Automation!@#$%^&*()_+{}[]\';/.,' for the 'text' attribute, element locator 'By.name: q'] and Actual [Automation!@#$%^&*()_+{}[]\';/.,]. Comparison Type [EQUALS]. Validation Type [POSITIVE]. @03-05-2021 02:07:04.0055 AM
[ReportManager] Successfully created attachment [Screenshot - 1620007623970_assertElementAttribute_type_true_literalComparison_expectedToPass_AssertElementAttribute_passed] @03-05-2021 02:07:04.0056 A
[ReportManager] Successfully created attachment [Selenium WebDriver Logs - server] @03-05-2021 02:07:04.0140 AM
[ReportManager] Successfully created attachment [Selenium WebDriver Logs - performance] @03-05-2021 02:07:04.0311 AM
[ReportManager] Successfully created attachment [Selenium WebDriver Logs - driver] @03-05-2021 02:07:04.0500 AM
[ReportManager] Browser Action [closeCurrentWindow] successfully performed. @03-05-2021 02:07:04.0559 AM
[ReportManager] Successfully created attachment [Browser Action Test Data - closeCurrentWindow - Actual Value] @03-05-2021 02:07:04.0560 A
[ReportManager] File Action [getAbsolutePath] successfully performed. With the following test data [Relative Folder Path: "target/downloadedFiles/"]. @03-05-2021 02:07:04.0562 AM
[ReportManager] Attempting to run remotely on: [Linux-64], [GoogleChrome], [http://localhost:4444/wd/hub], Headless Execution. @03-05-2021 02:07:04.0562 AM
[ReportManager] Successfully Opened [GoogleChrome]. @03-05-2021 02:07:04.0790 AM
[ReportManager] Target URL: [https://www.google.com/ncr], and after redirection: [www.google.com] @03-05-2021 02:07:04.0804 AM
[ReportManager] Initial URL: [data:,] @03-05-2021 02:07:04.0846 AM
[ReportManager] Browser Action [navigateToURL] successfully performed. With the following test data [https://www.google.com/ncr]. @03-05-2021 02:07:05.0728 A

################################################################################################################################################
Starting Execution:	[95 out of 137] test cases in the current suite
Test Method:		[unitTests.tests_validations_assertions.assertElementExists_false_expectedToFail]
################################################################################################################################################
[ReportManager] AssertElementExists PASSED; Expected [Element Should not Exist, locator 'By.id: hplogo'] and Actual [Element Doesn't Exists]. Comparison Type [EQUALS]. Validation Type [NEGATIVE]. @03-05-2021 02:07:16.0111 AM
[ReportManager] Successfully created attachment [Screenshot - 1620007636040_assertElementExists_false_expectedToFail_AssertElementExists_passed] @03-05-2021 02:07:16.0111 A
[ReportManager] Successfully created attachment [Selenium WebDriver Logs - server] @03-05-2021 02:07:16.0187 AM
[ReportManager] Successfully created attachment [Selenium WebDriver Logs - performance] @03-05-2021 02:07:16.0223 AM
[ReportManager] Successfully created attachment [Selenium WebDriver Logs - driver] @03-05-2021 02:07:16.0314 AM
[ReportManager] Browser Action [closeCurrentWindow] successfully performed. @03-05-2021 02:07:16.0370 AM
[ReportManager] Successfully created attachment [Browser Action Test Data - closeCurrentWindow - Actual Value] @03-05-2021 02:07:16.0371 A
[ReportManager] File Action [getAbsolutePath] successfully performed. With the following test data [Relative Folder Path: "target/downloadedFiles/"]. @03-05-2021 02:07:16.0376 AM
[ReportManager] Attempting to run remotely on: [Linux-64], [GoogleChrome], [http://localhost:4444/wd/hub], Headless Execution. @03-05-2021 02:07:16.0377 AM
[ReportManager] Successfully Opened [GoogleChrome]. @03-05-2021 02:07:16.0651 AM
[ReportManager] Target URL: [https://www.google.com/ncr], and after redirection: [www.google.com] @03-05-2021 02:07:16.0677 AM
[ReportManager] Initial URL: [data:,] @03-05-2021 02:07:16.0721 AM
[ReportManager] Browser Action [navigateToURL] successfully performed. With the following test data [https://www.google.com/ncr]. @03-05-2021 02:07:17.0585 A

################################################################################################################################################
Starting Execution:	[96 out of 137] test cases in the current suite
Test Method:		[unitTests.tests_validations_assertions.assertElementExists_false_expectedToPass]
################################################################################################################################################
[ReportManager] AssertElementExists PASSED; Expected [Element Should not Exist, locator 'By.id: fakeElement'] and Actual [Element Doesn't Exists]. Comparison Type [EQUALS]. Validation Type [NEGATIVE]. @03-05-2021 02:07:27.0955 AM
[ReportManager] Successfully created attachment [Screenshot - 1620007647888_assertElementExists_false_expectedToPass_AssertElementExists_passed] @03-05-2021 02:07:27.0956 A
[ReportManager] Successfully created attachment [Selenium WebDriver Logs - server] @03-05-2021 02:07:28.0031 AM
[ReportManager] Successfully created attachment [Selenium WebDriver Logs - performance] @03-05-2021 02:07:28.0065 AM
[ReportManager] Successfully created attachment [Selenium WebDriver Logs - driver] @03-05-2021 02:07:28.0149 AM
[ReportManager] Browser Action [closeCurrentWindow] successfully performed. @03-05-2021 02:07:28.0206 AM
[ReportManager] Successfully created attachment [Browser Action Test Data - closeCurrentWindow - Actual Value] @03-05-2021 02:07:28.0206 A
[ReportManager] File Action [getAbsolutePath] successfully performed. With the following test data [Relative Folder Path: "target/downloadedFiles/"]. @03-05-2021 02:07:28.0209 AM
[ReportManager] Attempting to run remotely on: [Linux-64], [GoogleChrome], [http://localhost:4444/wd/hub], Headless Execution. @03-05-2021 02:07:28.0209 AM
[ReportManager] Successfully Opened [GoogleChrome]. @03-05-2021 02:07:28.0462 AM
[ReportManager] Target URL: [https://www.google.com/ncr], and after redirection: [www.google.com] @03-05-2021 02:07:28.0471 AM
[ReportManager] Initial URL: [data:,] @03-05-2021 02:07:28.0516 AM
[ReportManager] Browser Action [navigateToURL] successfully performed. With the following test data [https://www.google.com/ncr]. @03-05-2021 02:07:29.0461 A

################################################################################################################################################
Starting Execution:	[97 out of 137] test cases in the current suite
Test Method:		[unitTests.tests_validations_assertions.assertElementExists_false_multipleElementsFound_expectedToFail]
################################################################################################################################################
[ReportManager] AssertElementExists FAILED; Expected [Element Should not Exist, locator 'By.xpath: //div'] and Actual [Element Exists but is not unique]. Comparison Type [EQUALS]. Validation Type [NEGATIVE]. @03-05-2021 02:07:29.0719 AM
[ReportManager] Successfully created attachment [Screenshot - 1620007649653_assertElementExists_false_multipleElementsFound_expectedToFail_AssertElementExists_failed] @03-05-2021 02:07:29.0720 A
[ReportManager] Successfully created attachment [Selenium WebDriver Logs - server] @03-05-2021 02:07:29.0793 AM
[ReportManager] Successfully created attachment [Selenium WebDriver Logs - performance] @03-05-2021 02:07:29.0834 AM
[ReportManager] Successfully created attachment [Selenium WebDriver Logs - driver] @03-05-2021 02:07:29.0914 AM
[ReportManager] Browser Action [closeCurrentWindow] successfully performed. @03-05-2021 02:07:29.0970 AM
[ReportManager] Successfully created attachment [Browser Action Test Data - closeCurrentWindow - Actual Value] @03-05-2021 02:07:29.0971 A
[ReportManager] File Action [getAbsolutePath] successfully performed. With the following test data [Relative Folder Path: "target/downloadedFiles/"]. @03-05-2021 02:07:29.0973 AM
[ReportManager] Attempting to run remotely on: [Linux-64], [GoogleChrome], [http://localhost:4444/wd/hub], Headless Execution. @03-05-2021 02:07:29.0974 AM
[ReportManager] Successfully Opened [GoogleChrome]. @03-05-2021 02:07:30.0214 AM
[ReportManager] Target URL: [https://www.google.com/ncr], and after redirection: [www.google.com] @03-05-2021 02:07:30.0226 AM
[ReportManager] Initial URL: [data:,] @03-05-2021 02:07:30.0279 AM
[ReportManager] Browser Action [navigateToURL] successfully performed. With the following test data [https://www.google.com/ncr]. @03-05-2021 02:07:31.0142 A

################################################################################################################################################
Starting Execution:	[98 out of 137] test cases in the current suite
Test Method:		[unitTests.tests_validations_assertions.assertElementExists_true_expectedToFail]
################################################################################################################################################
[ReportManager] AssertElementExists FAILED; Expected [Element Should Exist, locator 'By.id: fakeElement'] and Actual [Element Doesn't Exists]. Comparison Type [EQUALS]. Validation Type [POSITIVE]. @03-05-2021 02:08:01.0800 AM
[ReportManager] Successfully created attachment [Screenshot - 1620007681735_assertElementExists_true_expectedToFail_AssertElementExists_failed] @03-05-2021 02:08:01.0801 A
[ReportManager] Successfully created attachment [Selenium WebDriver Logs - server] @03-05-2021 02:08:01.0888 AM
[ReportManager] Successfully created attachment [Selenium WebDriver Logs - performance] @03-05-2021 02:08:01.0925 AM
[ReportManager] Successfully created attachment [Selenium WebDriver Logs - driver] @03-05-2021 02:08:02.0028 AM
[ReportManager] Browser Action [closeCurrentWindow] successfully performed. @03-05-2021 02:08:02.0086 AM
[ReportManager] Successfully created attachment [Browser Action Test Data - closeCurrentWindow - Actual Value] @03-05-2021 02:08:02.0086 A
[ReportManager] File Action [getAbsolutePath] successfully performed. With the following test data [Relative Folder Path: "target/downloadedFiles/"]. @03-05-2021 02:08:02.0089 AM
[ReportManager] Attempting to run remotely on: [Linux-64], [GoogleChrome], [http://localhost:4444/wd/hub], Headless Execution. @03-05-2021 02:08:02.0089 AM
[ReportManager] Successfully Opened [GoogleChrome]. @03-05-2021 02:08:02.0335 AM
[ReportManager] Target URL: [https://www.google.com/ncr], and after redirection: [www.google.com] @03-05-2021 02:08:02.0349 AM
[ReportManager] Initial URL: [data:,] @03-05-2021 02:08:02.0397 AM
[ReportManager] Browser Action [navigateToURL] successfully performed. With the following test data [https://www.google.com/ncr]. @03-05-2021 02:08:03.0279 A

################################################################################################################################################
Starting Execution:	[99 out of 137] test cases in the current suite
Test Method:		[unitTests.tests_validations_assertions.assertElementExists_true_expectedToPass]
################################################################################################################################################
[ReportManager] Loaded Shared OpenCV @03-05-2021 02:08:03.0488 AM
[ReportManager] AssertElementExists PASSED; Expected [Element Should Exist, locator 'By.xpath: //img[@id='hplogo' or @alt='Google']'] and Actual [Element Exists]. Comparison Type [EQUALS]. Validation Type [POSITIVE]. @03-05-2021 02:08:03.0569 AM
[ReportManager] Successfully created attachment [Screenshot - 1620007683488_assertElementExists_true_expectedToPass_AssertElementExists_passed] @03-05-2021 02:08:03.0569 A
[ReportManager] Successfully created attachment [Selenium WebDriver Logs - server] @03-05-2021 02:08:03.0653 AM
[ReportManager] Successfully created attachment [Selenium WebDriver Logs - performance] @03-05-2021 02:08:03.0697 AM
[ReportManager] Successfully created attachment [Selenium WebDriver Logs - driver] @03-05-2021 02:08:03.0775 AM
[ReportManager] Browser Action [closeCurrentWindow] successfully performed. @03-05-2021 02:08:03.0833 AM
[ReportManager] Successfully created attachment [Browser Action Test Data - closeCurrentWindow - Actual Value] @03-05-2021 02:08:03.0833 A
[ReportManager] File Action [getAbsolutePath] successfully performed. With the following test data [Relative Folder Path: "target/downloadedFiles/"]. @03-05-2021 02:08:03.0839 AM
[ReportManager] Attempting to run remotely on: [Linux-64], [GoogleChrome], [http://localhost:4444/wd/hub], Headless Execution. @03-05-2021 02:08:03.0839 AM
[ReportManager] Successfully Opened [GoogleChrome]. @03-05-2021 02:08:04.0086 AM
[ReportManager] Target URL: [https://www.google.com/ncr], and after redirection: [www.google.com] @03-05-2021 02:08:04.0099 AM
[ReportManager] Initial URL: [data:,] @03-05-2021 02:08:04.0142 AM
[ReportManager] Browser Action [navigateToURL] successfully performed. With the following test data [https://www.google.com/ncr]. @03-05-2021 02:08:04.0960 A

################################################################################################################################################
Starting Execution:	[100 out of 137] test cases in the current suite
Test Method:		[unitTests.tests_validations_assertions.assertElementExists_true_multipleElementsFound_expectedToFail]
################################################################################################################################################
[ReportManager] AssertElementExists FAILED; Expected [Element Should Exist, locator 'By.xpath: //div'] and Actual [Element Exists but is not unique]. Comparison Type [EQUALS]. Validation Type [POSITIVE]. @03-05-2021 02:08:05.0242 AM
[ReportManager] Successfully created attachment [Screenshot - 1620007685174_assertElementExists_true_multipleElementsFound_expectedToFail_AssertElementExists_failed] @03-05-2021 02:08:05.0243 A
[ReportManager] Successfully created attachment [Selenium WebDriver Logs - server] @03-05-2021 02:08:05.0328 AM
[ReportManager] Successfully created attachment [Selenium WebDriver Logs - performance] @03-05-2021 02:08:05.0360 AM
[ReportManager] Successfully created attachment [Selenium WebDriver Logs - driver] @03-05-2021 02:08:05.0441 AM
[ReportManager] Browser Action [closeCurrentWindow] successfully performed. @03-05-2021 02:08:05.0477 AM
[ReportManager] Successfully created attachment [Browser Action Test Data - closeCurrentWindow - Actual Value] @03-05-2021 02:08:05.0478 A

################################################################################################################################################
Starting Execution:	[101 out of 137] test cases in the current suite
Test Method:		[unitTests.tests_validations_assertions.assertEquals_false_expectedToFail]
################################################################################################################################################
[ReportManager] AssertEquals FAILED; Expected [1] and Actual [1]. Comparison Type [EQUALS]. Validation Type [NEGATIVE]. @03-05-2021 02:08:05.0482 A

################################################################################################################################################
Starting Execution:	[102 out of 137] test cases in the current suite
Test Method:		[unitTests.tests_validations_assertions.assertEquals_false_expectedToPass]
################################################################################################################################################
[ReportManager] AssertEquals PASSED; Expected [1] and Actual [2]. Comparison Type [EQUALS]. Validation Type [NEGATIVE]. @03-05-2021 02:08:05.0485 A

################################################################################################################################################
Starting Execution:	[103 out of 137] test cases in the current suite
Test Method:		[unitTests.tests_validations_assertions.assertEquals_longCharacters]
################################################################################################################################################
[ReportManager] VerifyEquals PASSED; Expected and Actual values are attached. Comparison Type [EQUALS]. Validation Type [POSITIVE]. @03-05-2021 02:08:05.0487 AM
[ReportManager] Successfully created attachment [Validation Test Data - Expected Value] @03-05-2021 02:08:05.0488 AM
[ReportManager] Successfully created attachment [Validation Test Data - Actual Value] @03-05-2021 02:08:05.0488 AM
[ReportManager] AssertEquals PASSED; Expected and Actual values are attached. Comparison Type [EQUALS]. Validation Type [POSITIVE]. @03-05-2021 02:08:05.0488 AM
[ReportManager] Successfully created attachment [Validation Test Data - Expected Value] @03-05-2021 02:08:05.0488 AM
[ReportManager] Successfully created attachment [Validation Test Data - Actual Value] @03-05-2021 02:08:05.0488 A

################################################################################################################################################
Starting Execution:	[104 out of 137] test cases in the current suite
Test Method:		[unitTests.tests_validations_assertions.assertEquals_longCharacters_Discreet]
################################################################################################################################################
[ReportManager] AssertEquals PASSED; Expected [1LH5pROcDBjjQk0t0mCr0lXuzQu9lcGj28kY8R1H81X67eVAQJgWQhILiRWVPUgZ6uCtK5cnBkF55Jr9vYngjGO1Iyf0Mktv6lruDlL9T8MAUPcUZJGHZtji6nIeadujDSNmWMj5d6C8zlFqw0CRqBU0hO5adIasHgBSNoLotAjce3NGXoDwAlp3rYreeV16VIyZXROQY] and Actual [1LH5pROcDBjjQk0t0mCr0lXuzQu9lcGj28kY8R1H81X67eVAQJgWQhILiRWVPUgZ6uCtK5cnBkF55Jr9vYngjGO1Iyf0Mktv6lruDlL9T8MAUPcUZJGHZtji6nIeadujDSNmWMj5d6C8zlFqw0CRqBU0hO5adIasHgBSNoLotAjce3NGXoDwAlp3rYreeV16VIyZXROQY]. Comparison Type [EQUALS]. Validation Type [POSITIVE]. @03-05-2021 02:08:05.0490 A

################################################################################################################################################
Starting Execution:	[105 out of 137] test cases in the current suite
Test Method:		[unitTests.tests_validations_assertions.assertEquals_true_expectedToFail]
################################################################################################################################################
[ReportManager] AssertEquals FAILED; Expected [1] and Actual [2]. Comparison Type [EQUALS]. Validation Type [POSITIVE]. @03-05-2021 02:08:05.0493 A

################################################################################################################################################
Starting Execution:	[106 out of 137] test cases in the current suite
Test Method:		[unitTests.tests_validations_assertions.assertEquals_true_expectedToPass]
Test Description:	[Assert that assertEquals works as expected when the two values are equal.]
################################################################################################################################################
[ReportManager] VerifyEquals PASSED; Expected [1] and Actual [1]. Comparison Type [EQUALS]. Validation Type [POSITIVE]. @03-05-2021 02:08:05.0495 AM
[ReportManager] AssertEquals PASSED; Expected [1] and Actual [1]. Comparison Type [EQUALS]. Validation Type [POSITIVE]. @03-05-2021 02:08:05.0496 A

################################################################################################################################################
Starting Execution:	[107 out of 137] test cases in the current suite
Test Method:		[unitTests.tests_validations_assertions.assertEquals_true_expectedToPass__]
################################################################################################################################################
[ReportManager] AssertEquals PASSED; Expected [1] and Actual [1]. Comparison Type [EQUALS]. Validation Type [POSITIVE]. @03-05-2021 02:08:05.0501 A

################################################################################################################################################
Starting Execution:	[108 out of 137] test cases in the current suite
Test Method:		[unitTests.tests_validations_assertions.assertFileExists_false_expectedToFail]
################################################################################################################################################
[ReportManager] File Action [doesFileExist] successfully performed. With the following test data [File Path: "src/main/java/com/shaft/gui/element/ElementActions.java"]. @03-05-2021 02:08:05.0505 AM
[ReportManager] AssertFileExists FAILED; Expected [File 'src/main/java/com/shaft/gui/element/ElementActions.java' should not exist, after up to '1' retries] and Actual [File exists]. Validation Type [NEGATIVE]. @03-05-2021 02:08:05.0506 A

################################################################################################################################################
Starting Execution:	[109 out of 137] test cases in the current suite
Test Method:		[unitTests.tests_validations_assertions.assertFileExists_false_expectedToPass]
################################################################################################################################################
[ReportManager] File Action [doesFileExist] successfully performed. With the following test data [File Path: "src/main/java/com/shaft/gui/element/ElementActions.java_fail"]. @03-05-2021 02:08:06.0012 AM
[ReportManager] AssertFileExists PASSED; Expected [File 'src/main/java/com/shaft/gui/element/ElementActions.java_fail' should not exist, after up to '1' retries] and Actual [File does not exist]. Validation Type [NEGATIVE]. @03-05-2021 02:08:06.0012 A

################################################################################################################################################
Starting Execution:	[110 out of 137] test cases in the current suite
Test Method:		[unitTests.tests_validations_assertions.assertFileExists_true_expectedToFail]
################################################################################################################################################
[ReportManager] File Action [doesFileExist] successfully performed. With the following test data [File Path: "src/main/java/com/shaft/gui/element/ElementActions.java_fail"]. @03-05-2021 02:08:06.0516 AM
[ReportManager] AssertFileExists FAILED; Expected [File 'src/main/java/com/shaft/gui/element/ElementActions.java_fail' should exist, after up to '1' retries] and Actual [File does not exist]. Validation Type [POSITIVE]. @03-05-2021 02:08:06.0516 A

################################################################################################################################################
Starting Execution:	[111 out of 137] test cases in the current suite
Test Method:		[unitTests.tests_validations_assertions.assertFileExists_true_expectedToPass]
################################################################################################################################################
[ReportManager] File Action [doesFileExist] successfully performed. With the following test data [File Path: "src/main/java/com/shaft/gui/element/ElementActions.java"]. @03-05-2021 02:08:06.0521 AM
[ReportManager] AssertFileExists PASSED; Expected [File 'src/main/java/com/shaft/gui/element/ElementActions.java' should exist, after up to '1' retries] and Actual [File exists]. Validation Type [POSITIVE]. @03-05-2021 02:08:06.0521 A

################################################################################################################################################
Starting Execution:	[112 out of 137] test cases in the current suite
Test Method:		[unitTests.tests_validations_assertions.assertNull_false_expectedToFail]
################################################################################################################################################
[ReportManager] AssertNull FAILED; Expected [NULL] and Actual [NULL]. Comparison Type [EQUALS]. Validation Type [NEGATIVE]. @03-05-2021 02:08:06.0524 A

################################################################################################################################################
Starting Execution:	[113 out of 137] test cases in the current suite
Test Method:		[unitTests.tests_validations_assertions.assertNull_false_expectedToPass]
################################################################################################################################################
[ReportManager] AssertNull PASSED; Expected [NULL] and Actual [1]. Comparison Type [EQUALS]. Validation Type [NEGATIVE]. @03-05-2021 02:08:06.0527 A

################################################################################################################################################
Starting Execution:	[114 out of 137] test cases in the current suite
Test Method:		[unitTests.tests_validations_assertions.assertNull_true_expectedToFail]
################################################################################################################################################
[ReportManager] AssertNull FAILED; Expected [NULL] and Actual [1]. Comparison Type [EQUALS]. Validation Type [POSITIVE]. @03-05-2021 02:08:06.0529 A

################################################################################################################################################
Starting Execution:	[115 out of 137] test cases in the current suite
Test Method:		[unitTests.tests_validations_assertions.assertNull_true_expectedToPass]
################################################################################################################################################
[ReportManager] AssertNull PASSED; Expected [NULL] and Actual [NULL]. Comparison Type [EQUALS]. Validation Type [POSITIVE]. @03-05-2021 02:08:06.0531 A
[ReportManager] File Action [getAbsolutePath] successfully performed. With the following test data [Relative Folder Path: "target/downloadedFiles/"]. @03-05-2021 02:08:06.0534 AM
[ReportManager] Attempting to run remotely on: [Linux-64], [GoogleChrome], [http://localhost:4444/wd/hub], Headless Execution. @03-05-2021 02:08:06.0534 AM
[ReportManager] Successfully Opened [GoogleChrome]. @03-05-2021 02:08:06.0778 AM
[ReportManager] Target URL: [https://duckduckgo.com] @03-05-2021 02:08:06.0788 AM
[ReportManager] Initial URL: [data:,] @03-05-2021 02:08:06.0841 AM
[ReportManager] Browser Action [navigateToURL] successfully performed. With the following test data [https://duckduckgo.com]. @03-05-2021 02:08:07.0618 A

################################################################################################################################################
Starting Execution:	[116 out of 137] test cases in the current suite
Test Method:		[unitTests.tests_browserActions.fullScreenWindow]
################################################################################################################################################
[ReportManager] Initial Windows Size: 800x600 @03-05-2021 02:08:07.0629 AM
[ReportManager] Initial window size: (800, 600) @03-05-2021 02:08:07.0632 AM
[ReportManager] Window size after Toolkit: (1920, 1080) @03-05-2021 02:08:07.0851 AM
[ReportManager] Browser Action [maximizeWindow] successfully performed. With the following test data [New screen size is now: (1920, 1080)]. @03-05-2021 02:08:07.0854 AM
[ReportManager] Current Windows Size after fullScreen: 1920x1080 @03-05-2021 02:08:07.0862 AM
[ReportManager] Browser Action [fullScreenWindow] successfully performed. @03-05-2021 02:08:07.0882 AM
[ReportManager] Successfully created attachment [Browser Action Test Data - fullScreenWindow - Actual Value] @03-05-2021 02:08:07.0883 A
[ReportManager] Target URL: [https://duckduckgo.com] @03-05-2021 02:08:07.0895 AM
[ReportManager] Initial URL: [https://duckduckgo.com] @03-05-2021 02:08:07.0954 AM
[ReportManager] Browser Action [navigateToURL] successfully performed. With the following test data [https://duckduckgo.com]. @03-05-2021 02:08:08.0409 AM
[ReportManager] Successfully created attachment [Selenium WebDriver Logs - server] @03-05-2021 02:08:08.0469 AM
[ReportManager] Successfully created attachment [Selenium WebDriver Logs - performance] @03-05-2021 02:08:08.0606 AM
[ReportManager] Successfully created attachment [Selenium WebDriver Logs - driver] @03-05-2021 02:08:08.0807 AM
[ReportManager] Browser Action [closeCurrentWindow] successfully performed. @03-05-2021 02:08:08.0864 AM
[ReportManager] Successfully created attachment [Browser Action Test Data - closeCurrentWindow - Actual Value] @03-05-2021 02:08:08.0864 A
[ReportManager] File Action [getAbsolutePath] successfully performed. With the following test data [Relative Folder Path: "target/downloadedFiles/"]. @03-05-2021 02:08:08.0872 AM
[ReportManager] Attempting to run remotely on: [Linux-64], [GoogleChrome], [http://localhost:4444/wd/hub], Headless Execution. @03-05-2021 02:08:08.0872 AM
[ReportManager] Successfully Opened [GoogleChrome]. @03-05-2021 02:08:09.0133 AM
[ReportManager] Target URL: [https://duckduckgo.com] @03-05-2021 02:08:09.0142 AM
[ReportManager] Initial URL: [data:,] @03-05-2021 02:08:09.0184 AM
[ReportManager] Browser Action [navigateToURL] successfully performed. With the following test data [https://duckduckgo.com]. @03-05-2021 02:08:10.0350 A

################################################################################################################################################
Starting Execution:	[117 out of 137] test cases in the current suite
Test Method:		[unitTests.tests_browserActions.getCurrentURL]
################################################################################################################################################
[ReportManager] Browser Action [getCurrentURL] successfully performed. With the following test data [https://duckduckgo.com/]. @03-05-2021 02:08:10.0389 A
[ReportManager] Target URL: [https://duckduckgo.com] @03-05-2021 02:08:10.0392 AM
[ReportManager] Initial URL: [https://duckduckgo.com] @03-05-2021 02:08:10.0459 AM
[ReportManager] Browser Action [navigateToURL] successfully performed. With the following test data [https://duckduckgo.com]. @03-05-2021 02:08:10.0983 AM
[ReportManager] Successfully created attachment [Selenium WebDriver Logs - server] @03-05-2021 02:08:11.0046 AM
[ReportManager] Successfully created attachment [Selenium WebDriver Logs - performance] @03-05-2021 02:08:11.0174 AM
[ReportManager] Successfully created attachment [Selenium WebDriver Logs - driver] @03-05-2021 02:08:11.0363 AM
[ReportManager] Browser Action [closeCurrentWindow] successfully performed. @03-05-2021 02:08:11.0427 AM
[ReportManager] Successfully created attachment [Browser Action Test Data - closeCurrentWindow - Actual Value] @03-05-2021 02:08:11.0427 A
[ReportManager] File Action [getAbsolutePath] successfully performed. With the following test data [Relative Folder Path: "target/downloadedFiles/"]. @03-05-2021 02:08:11.0431 AM
[ReportManager] Attempting to run remotely on: [Linux-64], [GoogleChrome], [http://localhost:4444/wd/hub], Headless Execution. @03-05-2021 02:08:11.0431 AM
[ReportManager] Successfully Opened [GoogleChrome]. @03-05-2021 02:08:11.0687 AM
[ReportManager] Target URL: [https://duckduckgo.com] @03-05-2021 02:08:11.0697 AM
[ReportManager] Initial URL: [data:,] @03-05-2021 02:08:11.0743 AM
[ReportManager] Browser Action [navigateToURL] successfully performed. With the following test data [https://duckduckgo.com]. @03-05-2021 02:08:12.0886 A

################################################################################################################################################
Starting Execution:	[118 out of 137] test cases in the current suite
Test Method:		[unitTests.tests_browserActions.getCurrentWindowTitle]
################################################################################################################################################
[ReportManager] Browser Action [getCurrentWindowTitle] successfully performed. With the following test data [DuckDuckGo  Privacy, simplified.]. @03-05-2021 02:08:12.0923 A
[ReportManager] Target URL: [https://duckduckgo.com] @03-05-2021 02:08:12.0925 AM
[ReportManager] Initial URL: [https://duckduckgo.com] @03-05-2021 02:08:12.0993 AM
[ReportManager] Browser Action [navigateToURL] successfully performed. With the following test data [https://duckduckgo.com]. @03-05-2021 02:08:13.0514 AM
[ReportManager] Successfully created attachment [Selenium WebDriver Logs - server] @03-05-2021 02:08:13.0567 AM
[ReportManager] Successfully created attachment [Selenium WebDriver Logs - performance] @03-05-2021 02:08:13.0683 AM
[ReportManager] Successfully created attachment [Selenium WebDriver Logs - driver] @03-05-2021 02:08:13.0849 AM
[ReportManager] Browser Action [closeCurrentWindow] successfully performed. @03-05-2021 02:08:13.0905 AM
[ReportManager] Successfully created attachment [Browser Action Test Data - closeCurrentWindow - Actual Value] @03-05-2021 02:08:13.0906 A
[ReportManager] File Action [getAbsolutePath] successfully performed. With the following test data [Relative Folder Path: "target/downloadedFiles/"]. @03-05-2021 02:08:13.0909 AM
[ReportManager] Attempting to run remotely on: [Linux-64], [GoogleChrome], [http://localhost:4444/wd/hub], Headless Execution. @03-05-2021 02:08:13.0909 AM
[ReportManager] Successfully Opened [GoogleChrome]. @03-05-2021 02:08:14.0143 AM
[ReportManager] Target URL: [https://duckduckgo.com] @03-05-2021 02:08:14.0161 AM
[ReportManager] Initial URL: [data:,] @03-05-2021 02:08:14.0204 AM
[ReportManager] Browser Action [navigateToURL] successfully performed. With the following test data [https://duckduckgo.com]. @03-05-2021 02:08:15.0322 A

################################################################################################################################################
Starting Execution:	[119 out of 137] test cases in the current suite
Test Method:		[unitTests.tests_browserActions.getPageSource]
################################################################################################################################################
[ReportManager] Browser Action [getPageSource] successfully performed. @03-05-2021 02:08:15.0369 AM
[ReportManager] Successfully created attachment [Browser Action Test Data - getPageSource - Actual Value] @03-05-2021 02:08:15.0369 A
[ReportManager] Target URL: [https://duckduckgo.com] @03-05-2021 02:08:15.0372 AM
[ReportManager] Initial URL: [https://duckduckgo.com] @03-05-2021 02:08:15.0434 AM
[ReportManager] Browser Action [navigateToURL] successfully performed. With the following test data [https://duckduckgo.com]. @03-05-2021 02:08:15.0989 AM
[ReportManager] Successfully created attachment [Selenium WebDriver Logs - server] @03-05-2021 02:08:16.0042 AM
[ReportManager] Successfully created attachment [Selenium WebDriver Logs - performance] @03-05-2021 02:08:16.0169 AM
[ReportManager] Successfully created attachment [Selenium WebDriver Logs - driver] @03-05-2021 02:08:16.0358 AM
[ReportManager] Browser Action [closeCurrentWindow] successfully performed. @03-05-2021 02:08:16.0414 AM
[ReportManager] Successfully created attachment [Browser Action Test Data - closeCurrentWindow - Actual Value] @03-05-2021 02:08:16.0415 A
[ReportManager] File Action [getAbsolutePath] successfully performed. With the following test data [Relative Folder Path: "target/downloadedFiles/"]. @03-05-2021 02:08:16.0419 AM
[ReportManager] Attempting to run remotely on: [Linux-64], [GoogleChrome], [http://localhost:4444/wd/hub], Headless Execution. @03-05-2021 02:08:16.0419 AM
[ReportManager] Successfully Opened [GoogleChrome]. @03-05-2021 02:08:16.0648 AM
[ReportManager] Target URL: [https://duckduckgo.com] @03-05-2021 02:08:16.0668 AM
[ReportManager] Initial URL: [data:,] @03-05-2021 02:08:16.0714 AM
[ReportManager] Browser Action [navigateToURL] successfully performed. With the following test data [https://duckduckgo.com]. @03-05-2021 02:08:17.0931 A

################################################################################################################################################
Starting Execution:	[120 out of 137] test cases in the current suite
Test Method:		[unitTests.tests_browserActions.getWindowHandle]
################################################################################################################################################
[ReportManager] Browser Action [getWindowHandle] successfully performed. With the following test data [CDwindow-FD1029B6ECDCE824FB6BE4A1AB8E5438]. @03-05-2021 02:08:17.0979 A
[ReportManager] Target URL: [https://duckduckgo.com] @03-05-2021 02:08:17.0981 AM
[ReportManager] Initial URL: [https://duckduckgo.com] @03-05-2021 02:08:18.0060 AM
[ReportManager] Browser Action [navigateToURL] successfully performed. With the following test data [https://duckduckgo.com]. @03-05-2021 02:08:18.0599 AM
[ReportManager] Successfully created attachment [Selenium WebDriver Logs - server] @03-05-2021 02:08:18.0670 AM
[ReportManager] Successfully created attachment [Selenium WebDriver Logs - performance] @03-05-2021 02:08:18.0807 AM
[ReportManager] Successfully created attachment [Selenium WebDriver Logs - driver] @03-05-2021 02:08:18.0972 AM
[ReportManager] Browser Action [closeCurrentWindow] successfully performed. @03-05-2021 02:08:19.0032 AM
[ReportManager] Successfully created attachment [Browser Action Test Data - closeCurrentWindow - Actual Value] @03-05-2021 02:08:19.0032 A
[ReportManager] File Action [getAbsolutePath] successfully performed. With the following test data [Relative Folder Path: "target/downloadedFiles/"]. @03-05-2021 02:08:19.0034 AM
[ReportManager] Attempting to run remotely on: [Linux-64], [GoogleChrome], [http://localhost:4444/wd/hub], Headless Execution. @03-05-2021 02:08:19.0034 AM
[ReportManager] Successfully Opened [GoogleChrome]. @03-05-2021 02:08:19.0290 AM
[ReportManager] Target URL: [https://duckduckgo.com] @03-05-2021 02:08:19.0301 AM
[ReportManager] Initial URL: [data:,] @03-05-2021 02:08:19.0351 AM
[ReportManager] Browser Action [navigateToURL] successfully performed. With the following test data [https://duckduckgo.com]. @03-05-2021 02:08:20.0432 A

################################################################################################################################################
Starting Execution:	[121 out of 137] test cases in the current suite
Test Method:		[unitTests.tests_browserActions.getWindowPosition]
################################################################################################################################################
[ReportManager] Browser Action [getWindowPosition] successfully performed. With the following test data [(0, 0)]. @03-05-2021 02:08:20.0469 A
[ReportManager] Target URL: [https://duckduckgo.com] @03-05-2021 02:08:20.0471 AM
[ReportManager] Initial URL: [https://duckduckgo.com] @03-05-2021 02:08:20.0527 AM
[ReportManager] Browser Action [navigateToURL] successfully performed. With the following test data [https://duckduckgo.com]. @03-05-2021 02:08:21.0062 AM
[ReportManager] Successfully created attachment [Selenium WebDriver Logs - server] @03-05-2021 02:08:21.0116 AM
[ReportManager] Successfully created attachment [Selenium WebDriver Logs - performance] @03-05-2021 02:08:21.0233 AM
[ReportManager] Successfully created attachment [Selenium WebDriver Logs - driver] @03-05-2021 02:08:21.0398 AM
[ReportManager] Browser Action [closeCurrentWindow] successfully performed. @03-05-2021 02:08:21.0454 AM
[ReportManager] Successfully created attachment [Browser Action Test Data - closeCurrentWindow - Actual Value] @03-05-2021 02:08:21.0454 A
[ReportManager] File Action [getAbsolutePath] successfully performed. With the following test data [Relative Folder Path: "target/downloadedFiles/"]. @03-05-2021 02:08:21.0456 AM
[ReportManager] Attempting to run remotely on: [Linux-64], [GoogleChrome], [http://localhost:4444/wd/hub], Headless Execution. @03-05-2021 02:08:21.0456 AM
[ReportManager] Successfully Opened [GoogleChrome]. @03-05-2021 02:08:21.0692 AM
[ReportManager] Target URL: [https://duckduckgo.com] @03-05-2021 02:08:21.0701 AM
[ReportManager] Initial URL: [data:,] @03-05-2021 02:08:21.0744 AM
[ReportManager] Browser Action [navigateToURL] successfully performed. With the following test data [https://duckduckgo.com]. @03-05-2021 02:08:22.0911 A

################################################################################################################################################
Starting Execution:	[122 out of 137] test cases in the current suite
Test Method:		[unitTests.tests_browserActions.getWindowSize]
################################################################################################################################################
[ReportManager] Browser Action [getWindowSize] successfully performed. With the following test data [(800, 600)]. @03-05-2021 02:08:22.0957 A
[ReportManager] Target URL: [https://duckduckgo.com] @03-05-2021 02:08:22.0959 AM
[ReportManager] Initial URL: [https://duckduckgo.com] @03-05-2021 02:08:23.0020 AM
[ReportManager] Browser Action [navigateToURL] successfully performed. With the following test data [https://duckduckgo.com]. @03-05-2021 02:08:23.0571 AM
[ReportManager] Successfully created attachment [Selenium WebDriver Logs - server] @03-05-2021 02:08:23.0632 AM
[ReportManager] Successfully created attachment [Selenium WebDriver Logs - performance] @03-05-2021 02:08:23.0757 AM
[ReportManager] Successfully created attachment [Selenium WebDriver Logs - driver] @03-05-2021 02:08:23.0931 AM
[ReportManager] Browser Action [closeCurrentWindow] successfully performed. @03-05-2021 02:08:23.0992 AM
[ReportManager] Successfully created attachment [Browser Action Test Data - closeCurrentWindow - Actual Value] @03-05-2021 02:08:23.0993 A
[ReportManager] File Action [getAbsolutePath] successfully performed. With the following test data [Relative Folder Path: "target/downloadedFiles/"]. @03-05-2021 02:08:23.0995 AM
[ReportManager] Attempting to run remotely on: [Linux-64], [GoogleChrome], [http://localhost:4444/wd/hub], Headless Execution. @03-05-2021 02:08:23.0995 AM
[ReportManager] Successfully Opened [GoogleChrome]. @03-05-2021 02:08:24.0233 AM
[ReportManager] Target URL: [https://duckduckgo.com] @03-05-2021 02:08:24.0244 AM
[ReportManager] Initial URL: [data:,] @03-05-2021 02:08:24.0297 AM
[ReportManager] Browser Action [navigateToURL] successfully performed. With the following test data [https://duckduckgo.com]. @03-05-2021 02:08:25.0481 A

################################################################################################################################################
Starting Execution:	[123 out of 137] test cases in the current suite
Test Method:		[unitTests.tests_browserActions.maximizeWindow]
################################################################################################################################################
[ReportManager] Initial window size: (800, 600) @03-05-2021 02:08:25.0510 AM
[ReportManager] Window size after Toolkit: (1920, 1080) @03-05-2021 02:08:25.0734 AM
[ReportManager] Browser Action [maximizeWindow] successfully performed. With the following test data [New screen size is now: (1920, 1080)]. @03-05-2021 02:08:25.0737 A
[ReportManager] Target URL: [https://duckduckgo.com] @03-05-2021 02:08:25.0741 AM
[ReportManager] Initial URL: [https://duckduckgo.com] @03-05-2021 02:08:25.0844 AM
[ReportManager] Browser Action [navigateToURL] successfully performed. With the following test data [https://duckduckgo.com]. @03-05-2021 02:08:26.0378 AM
[ReportManager] Successfully created attachment [Selenium WebDriver Logs - server] @03-05-2021 02:08:26.0449 AM
[ReportManager] Successfully created attachment [Selenium WebDriver Logs - performance] @03-05-2021 02:08:26.0577 AM
[ReportManager] Successfully created attachment [Selenium WebDriver Logs - driver] @03-05-2021 02:08:26.0747 AM
[ReportManager] Browser Action [closeCurrentWindow] successfully performed. @03-05-2021 02:08:26.0804 AM
[ReportManager] Successfully created attachment [Browser Action Test Data - closeCurrentWindow - Actual Value] @03-05-2021 02:08:26.0805 A
[ReportManager] File Action [getAbsolutePath] successfully performed. With the following test data [Relative Folder Path: "target/downloadedFiles/"]. @03-05-2021 02:08:26.0811 AM
[ReportManager] Attempting to run remotely on: [Linux-64], [GoogleChrome], [http://localhost:4444/wd/hub], Headless Execution. @03-05-2021 02:08:26.0812 AM
[ReportManager] Successfully Opened [GoogleChrome]. @03-05-2021 02:08:27.0047 AM
[ReportManager] Target URL: [https://duckduckgo.com] @03-05-2021 02:08:27.0065 AM
[ReportManager] Initial URL: [data:,] @03-05-2021 02:08:27.0109 AM
[ReportManager] Browser Action [navigateToURL] successfully performed. With the following test data [https://duckduckgo.com]. @03-05-2021 02:08:28.0197 A

################################################################################################################################################
Starting Execution:	[124 out of 137] test cases in the current suite
Test Method:		[unitTests.tests_browserActions.navigateBack]
################################################################################################################################################
[ReportManager] Target URL: [https://www.google.com/ncr], and after redirection: [https://www.google.com] @03-05-2021 02:08:28.0209 AM
[ReportManager] Initial URL: [https://duckduckgo.com] @03-05-2021 02:08:28.0274 AM
[ReportManager] Browser Action [navigateToURL] successfully performed. With the following test data [https://www.google.com/ncr]. @03-05-2021 02:08:29.0149 AM
[ReportManager] Browser Action [navigateBack] successfully performed. With the following test data [https://duckduckgo.com/]. @03-05-2021 02:08:29.0575 AM
[ReportManager] Confirming that navigating back was successful... @03-05-2021 02:08:29.0575 AM
[ReportManager] Browser Action [getCurrentURL] successfully performed. With the following test data [https://duckduckgo.com/]. @03-05-2021 02:08:29.0615 AM
[ReportManager] AssertBrowserAttribute PASSED; Expected [Value Should be 'https://duckduckgo.com' for the 'CurrentUrl' attribute] and Actual [https://duckduckgo.com/]. Comparison Type [CONTAINS]. Validation Type [POSITIVE]. @03-05-2021 02:08:29.0616 A
[ReportManager] Target URL: [https://duckduckgo.com] @03-05-2021 02:08:29.0618 AM
[ReportManager] Initial URL: [https://duckduckgo.com] @03-05-2021 02:08:29.0674 AM
[ReportManager] Browser Action [navigateToURL] successfully performed. With the following test data [https://duckduckgo.com]. @03-05-2021 02:08:30.0158 AM
[ReportManager] Successfully created attachment [Selenium WebDriver Logs - server] @03-05-2021 02:08:30.0222 AM
[ReportManager] Successfully created attachment [Selenium WebDriver Logs - performance] @03-05-2021 02:08:30.0417 AM
[ReportManager] Successfully created attachment [Selenium WebDriver Logs - driver] @03-05-2021 02:08:30.0672 AM
[ReportManager] Browser Action [closeCurrentWindow] successfully performed. @03-05-2021 02:08:30.0729 AM
[ReportManager] Successfully created attachment [Browser Action Test Data - closeCurrentWindow - Actual Value] @03-05-2021 02:08:30.0729 A
[ReportManager] File Action [getAbsolutePath] successfully performed. With the following test data [Relative Folder Path: "target/downloadedFiles/"]. @03-05-2021 02:08:30.0731 AM
[ReportManager] Attempting to run remotely on: [Linux-64], [GoogleChrome], [http://localhost:4444/wd/hub], Headless Execution. @03-05-2021 02:08:30.0731 AM
[ReportManager] Successfully Opened [GoogleChrome]. @03-05-2021 02:08:30.0976 AM
[ReportManager] Target URL: [https://duckduckgo.com] @03-05-2021 02:08:30.0986 AM
[ReportManager] Initial URL: [data:,] @03-05-2021 02:08:31.0025 AM
[ReportManager] Browser Action [navigateToURL] successfully performed. With the following test data [https://duckduckgo.com]. @03-05-2021 02:08:32.0165 A

################################################################################################################################################
Starting Execution:	[125 out of 137] test cases in the current suite
Test Method:		[unitTests.tests_browserActions.navigateForward]
################################################################################################################################################
[ReportManager] Target URL: [https://www.google.com/ncr], and after redirection: [https://www.google.com] @03-05-2021 02:08:32.0174 AM
[ReportManager] Initial URL: [https://duckduckgo.com] @03-05-2021 02:08:32.0228 AM
[ReportManager] Browser Action [navigateToURL] successfully performed. With the following test data [https://www.google.com/ncr]. @03-05-2021 02:08:32.0998 AM
[ReportManager] Browser Action [navigateBack] successfully performed. With the following test data [https://duckduckgo.com/]. @03-05-2021 02:08:33.0419 AM
[ReportManager] Browser Action [navigateForward] successfully performed. With the following test data [https://www.google.com/]. @03-05-2021 02:08:33.0830 A
[ReportManager] Target URL: [https://duckduckgo.com] @03-05-2021 02:08:33.0832 AM
[ReportManager] Initial URL: [https://www.google.com] @03-05-2021 02:08:33.0911 AM
[ReportManager] Browser Action [navigateToURL] successfully performed. With the following test data [https://duckduckgo.com]. @03-05-2021 02:08:34.0544 AM
[ReportManager] Successfully created attachment [Selenium WebDriver Logs - server] @03-05-2021 02:08:34.0602 AM
[ReportManager] Successfully created attachment [Selenium WebDriver Logs - performance] @03-05-2021 02:08:34.0797 AM
[ReportManager] Successfully created attachment [Selenium WebDriver Logs - driver] @03-05-2021 02:08:35.0071 AM
[ReportManager] Browser Action [closeCurrentWindow] successfully performed. @03-05-2021 02:08:35.0130 AM
[ReportManager] Successfully created attachment [Browser Action Test Data - closeCurrentWindow - Actual Value] @03-05-2021 02:08:35.0130 A
[ReportManager] File Action [getAbsolutePath] successfully performed. With the following test data [Relative Folder Path: "target/downloadedFiles/"]. @03-05-2021 02:08:35.0132 AM
[ReportManager] Attempting to run remotely on: [Linux-64], [GoogleChrome], [http://localhost:4444/wd/hub], Headless Execution. @03-05-2021 02:08:35.0132 AM
[ReportManager] Successfully Opened [GoogleChrome]. @03-05-2021 02:08:35.0402 AM
[ReportManager] Target URL: [https://duckduckgo.com] @03-05-2021 02:08:35.0411 AM
[ReportManager] Initial URL: [data:,] @03-05-2021 02:08:35.0451 AM
[ReportManager] Browser Action [navigateToURL] successfully performed. With the following test data [https://duckduckgo.com]. @03-05-2021 02:08:36.0521 A

################################################################################################################################################
Starting Execution:	[126 out of 137] test cases in the current suite
Test Method:		[unitTests.tests_browserActions.navigateToURL]
################################################################################################################################################
[ReportManager] Target URL: [https://duckduckgo.com] @03-05-2021 02:08:36.0527 AM
[ReportManager] Initial URL: [https://duckduckgo.com] @03-05-2021 02:08:36.0586 AM
[ReportManager] Browser Action [navigateToURL] successfully performed. With the following test data [https://duckduckgo.com]. @03-05-2021 02:08:37.0068 A
[ReportManager] Target URL: [https://duckduckgo.com] @03-05-2021 02:08:37.0071 AM
[ReportManager] Initial URL: [https://duckduckgo.com] @03-05-2021 02:08:37.0126 AM
[ReportManager] Browser Action [navigateToURL] successfully performed. With the following test data [https://duckduckgo.com]. @03-05-2021 02:08:37.0574 AM
[ReportManager] Successfully created attachment [Selenium WebDriver Logs - server] @03-05-2021 02:08:37.0625 AM
[ReportManager] Successfully created attachment [Selenium WebDriver Logs - performance] @03-05-2021 02:08:37.0815 AM
[ReportManager] Successfully created attachment [Selenium WebDriver Logs - driver] @03-05-2021 02:08:38.0050 AM
[ReportManager] Browser Action [closeCurrentWindow] successfully performed. @03-05-2021 02:08:38.0112 AM
[ReportManager] Successfully created attachment [Browser Action Test Data - closeCurrentWindow - Actual Value] @03-05-2021 02:08:38.0113 A
[ReportManager] File Action [getAbsolutePath] successfully performed. With the following test data [Relative Folder Path: "target/downloadedFiles/"]. @03-05-2021 02:08:38.0115 AM
[ReportManager] Attempting to run remotely on: [Linux-64], [GoogleChrome], [http://localhost:4444/wd/hub], Headless Execution. @03-05-2021 02:08:38.0116 AM
[ReportManager] Successfully Opened [GoogleChrome]. @03-05-2021 02:08:38.0343 AM
[ReportManager] Target URL: [https://duckduckgo.com] @03-05-2021 02:08:38.0352 AM
[ReportManager] Initial URL: [data:,] @03-05-2021 02:08:38.0394 AM
[ReportManager] Browser Action [navigateToURL] successfully performed. With the following test data [https://duckduckgo.com]. @03-05-2021 02:08:39.0529 A

################################################################################################################################################
Starting Execution:	[127 out of 137] test cases in the current suite
Test Method:		[unitTests.tests_browserActions.navigateToURLWithRedirection]
################################################################################################################################################
[ReportManager] Target URL: [https://www.google.com/ncr], and after redirection: [https://www.google.com] @03-05-2021 02:08:39.0537 AM
[ReportManager] Initial URL: [https://duckduckgo.com] @03-05-2021 02:08:39.0593 AM
[ReportManager] Browser Action [navigateToURL] successfully performed. With the following test data [https://www.google.com/ncr]. @03-05-2021 02:08:40.0408 A
[ReportManager] Target URL: [https://duckduckgo.com] @03-05-2021 02:08:40.0410 AM
[ReportManager] Initial URL: [https://www.google.com] @03-05-2021 02:08:40.0495 AM
[ReportManager] Browser Action [navigateToURL] successfully performed. With the following test data [https://duckduckgo.com]. @03-05-2021 02:08:41.0118 AM
[ReportManager] Successfully created attachment [Selenium WebDriver Logs - server] @03-05-2021 02:08:41.0172 AM
[ReportManager] Successfully created attachment [Selenium WebDriver Logs - performance] @03-05-2021 02:08:41.0293 AM
[ReportManager] Successfully created attachment [Selenium WebDriver Logs - driver] @03-05-2021 02:08:41.0481 AM
[ReportManager] Browser Action [closeCurrentWindow] successfully performed. @03-05-2021 02:08:41.0537 AM
[ReportManager] Successfully created attachment [Browser Action Test Data - closeCurrentWindow - Actual Value] @03-05-2021 02:08:41.0537 A
[ReportManager] File Action [getAbsolutePath] successfully performed. With the following test data [Relative Folder Path: "target/downloadedFiles/"]. @03-05-2021 02:08:41.0539 AM
[ReportManager] Attempting to run remotely on: [Linux-64], [GoogleChrome], [http://localhost:4444/wd/hub], Headless Execution. @03-05-2021 02:08:41.0539 AM
[ReportManager] Successfully Opened [GoogleChrome]. @03-05-2021 02:08:41.0753 AM
[ReportManager] Target URL: [https://duckduckgo.com] @03-05-2021 02:08:41.0762 AM
[ReportManager] Initial URL: [data:,] @03-05-2021 02:08:41.0805 AM
[ReportManager] Browser Action [navigateToURL] successfully performed. With the following test data [https://duckduckgo.com]. @03-05-2021 02:08:42.0956 A

################################################################################################################################################
Starting Execution:	[128 out of 137] test cases in the current suite
Test Method:		[unitTests.tests_browserActions.refreshCurrentPage]
################################################################################################################################################
[ReportManager] Browser Action [refreshCurrentPage] successfully performed. @03-05-2021 02:08:43.0345 AM
[ReportManager] Successfully created attachment [Browser Action Test Data - refreshCurrentPage - Actual Value] @03-05-2021 02:08:43.0346 A
[ReportManager] Target URL: [https://duckduckgo.com] @03-05-2021 02:08:43.0348 AM
[ReportManager] Initial URL: [https://duckduckgo.com] @03-05-2021 02:08:43.0405 AM
[ReportManager] Browser Action [navigateToURL] successfully performed. With the following test data [https://duckduckgo.com]. @03-05-2021 02:08:43.0840 AM
[ReportManager] Successfully created attachment [Selenium WebDriver Logs - server] @03-05-2021 02:08:43.0892 AM
[ReportManager] Successfully created attachment [Selenium WebDriver Logs - performance] @03-05-2021 02:08:44.0071 AM
[ReportManager] Successfully created attachment [Selenium WebDriver Logs - driver] @03-05-2021 02:08:44.0276 AM
[ReportManager] Browser Action [closeCurrentWindow] successfully performed. @03-05-2021 02:08:44.0332 AM
[ReportManager] Successfully created attachment [Browser Action Test Data - closeCurrentWindow - Actual Value] @03-05-2021 02:08:44.0333 A
[ReportManager] File Action [getAbsolutePath] successfully performed. With the following test data [Relative Folder Path: "target/downloadedFiles/"]. @03-05-2021 02:08:44.0335 AM
[ReportManager] Attempting to run remotely on: [Linux-64], [GoogleChrome], [http://localhost:4444/wd/hub], Headless Execution. @03-05-2021 02:08:44.0335 AM
[ReportManager] Successfully Opened [GoogleChrome]. @03-05-2021 02:08:44.0577 AM
[ReportManager] Target URL: [https://duckduckgo.com] @03-05-2021 02:08:44.0586 AM
[ReportManager] Initial URL: [data:,] @03-05-2021 02:08:44.0626 AM
[ReportManager] Browser Action [navigateToURL] successfully performed. With the following test data [https://duckduckgo.com]. @03-05-2021 02:08:45.0682 A

################################################################################################################################################
Starting Execution:	[129 out of 137] test cases in the current suite
Test Method:		[unitTests.tests_browserActions.setWindowSize]
################################################################################################################################################
[ReportManager] Initial window size: (800, 600) @03-05-2021 02:08:45.0695 AM
[ReportManager] Window size after SWD: (1280, 720) @03-05-2021 02:08:45.0915 AM
[ReportManager] Browser Action [setWindowSize] successfully performed. With the following test data [New screen size is now: (1280, 720)]. @03-05-2021 02:08:45.0915 A
[ReportManager] Target URL: [https://duckduckgo.com] @03-05-2021 02:08:45.0917 AM
[ReportManager] Initial URL: [https://duckduckgo.com] @03-05-2021 02:08:45.0989 AM
[ReportManager] Browser Action [navigateToURL] successfully performed. With the following test data [https://duckduckgo.com]. @03-05-2021 02:08:46.0445 AM
[ReportManager] Successfully created attachment [Selenium WebDriver Logs - server] @03-05-2021 02:08:46.0496 AM
[ReportManager] Successfully created attachment [Selenium WebDriver Logs - performance] @03-05-2021 02:08:46.0606 AM
[ReportManager] Successfully created attachment [Selenium WebDriver Logs - driver] @03-05-2021 02:08:46.0750 AM
[ReportManager] Browser Action [closeCurrentWindow] successfully performed. @03-05-2021 02:08:46.0806 AM
[ReportManager] Successfully created attachment [Browser Action Test Data - closeCurrentWindow - Actual Value] @03-05-2021 02:08:46.0806 A
[ReportManager] File Action [getAbsolutePath] successfully performed. With the following test data [Relative Folder Path: "target/downloadedFiles/"]. @03-05-2021 02:08:46.0809 AM
[ReportManager] Attempting to run remotely on: [Linux-64], [GoogleChrome], [http://localhost:4444/wd/hub], Headless Execution. @03-05-2021 02:08:46.0809 AM
[ReportManager] Successfully Opened [GoogleChrome]. @03-05-2021 02:08:47.0025 A

################################################################################################################################################
Starting Execution:	[130 out of 137] test cases in the current suite
Test Method:		[unitTests.tests_element_elementActions.waitForElementToBePresent_false_expectedToFail]
################################################################################################################################################
[ReportManager] Target URL: [https://www.google.com/ncr], and after redirection: [www.google.com] @03-05-2021 02:08:47.0041 AM
[ReportManager] Initial URL: [data:,] @03-05-2021 02:08:47.0078 AM
[ReportManager] Browser Action [navigateToURL] successfully performed. With the following test data [https://www.google.com/ncr]. @03-05-2021 02:08:47.0917 AM
[ReportManager] Waiting for element to be present; elementLocator [By.xpath: //img[@id='hplogo' or @alt='Google']], numberOfTries[1], stateOfPresence[false]... @03-05-2021 02:08:47.0920 AM
[ReportManager] Element Action [waitForElementToBePresent] failed. With the following test data [waited for the element's state of presence to be (false). Element locator (By.xpath: //img[@id='hplogo' or @alt='Google'])]. @03-05-2021 02:08:48.0117 AM
[ReportManager] Successfully created attachment [Screenshot - 1620007728057_waitForElementToBePresent_false_expectedToFail_waitForElementToBePresent_failed] @03-05-2021 02:08:48.0118 A
[ReportManager] Successfully created attachment [Selenium WebDriver Logs - server] @03-05-2021 02:08:48.0189 AM
[ReportManager] Successfully created attachment [Selenium WebDriver Logs - performance] @03-05-2021 02:08:48.0222 AM
[ReportManager] Successfully created attachment [Selenium WebDriver Logs - driver] @03-05-2021 02:08:48.0296 AM
[ReportManager] Browser Action [closeCurrentWindow] successfully performed. @03-05-2021 02:08:48.0352 AM
[ReportManager] Successfully created attachment [Browser Action Test Data - closeCurrentWindow - Actual Value] @03-05-2021 02:08:48.0353 A
[ReportManager] File Action [getAbsolutePath] successfully performed. With the following test data [Relative Folder Path: "target/downloadedFiles/"]. @03-05-2021 02:08:48.0355 AM
[ReportManager] Attempting to run remotely on: [Linux-64], [GoogleChrome], [http://localhost:4444/wd/hub], Headless Execution. @03-05-2021 02:08:48.0356 AM
[ReportManager] Successfully Opened [GoogleChrome]. @03-05-2021 02:08:48.0569 A

################################################################################################################################################
Starting Execution:	[131 out of 137] test cases in the current suite
Test Method:		[unitTests.tests_element_elementActions.waitForElementToBePresent_false_expectedToPass]
################################################################################################################################################
[ReportManager] Target URL: [https://www.google.com/ncr], and after redirection: [www.google.com] @03-05-2021 02:08:48.0591 AM
[ReportManager] Initial URL: [data:,] @03-05-2021 02:08:48.0629 AM
[ReportManager] Browser Action [navigateToURL] successfully performed. With the following test data [https://www.google.com/ncr]. @03-05-2021 02:08:49.0459 AM
[ReportManager] Waiting for element to be present; elementLocator [By.id: bla], numberOfTries[1], stateOfPresence[false]... @03-05-2021 02:08:49.0459 AM
[ReportManager] Element Action [waitForElementToBePresent] successfully performed. With the following test data [waited for the element's state of presence to be (false). Element locator (By.id: bla)]. @03-05-2021 02:08:54.0563 A
[ReportManager] Successfully created attachment [Selenium WebDriver Logs - server] @03-05-2021 02:08:54.0639 AM
[ReportManager] Successfully created attachment [Selenium WebDriver Logs - performance] @03-05-2021 02:08:54.0672 AM
[ReportManager] Successfully created attachment [Selenium WebDriver Logs - driver] @03-05-2021 02:08:54.0747 AM
[ReportManager] Browser Action [closeCurrentWindow] successfully performed. @03-05-2021 02:08:54.0764 AM
[ReportManager] Successfully created attachment [Browser Action Test Data - closeCurrentWindow - Actual Value] @03-05-2021 02:08:54.0765 A
[ReportManager] File Action [getAbsolutePath] successfully performed. With the following test data [Relative Folder Path: "target/downloadedFiles/"]. @03-05-2021 02:08:54.0767 AM
[ReportManager] Attempting to run remotely on: [Linux-64], [GoogleChrome], [http://localhost:4444/wd/hub], Headless Execution. @03-05-2021 02:08:54.0767 AM
[ReportManager] Successfully Opened [GoogleChrome]. @03-05-2021 02:08:54.0994 A

################################################################################################################################################
Starting Execution:	[132 out of 137] test cases in the current suite
Test Method:		[unitTests.tests_element_elementActions.waitForElementToBePresent_moreThanOneElement_expectedToFail]
################################################################################################################################################
[ReportManager] Target URL: [https://www.google.com/ncr], and after redirection: [www.google.com] @03-05-2021 02:08:55.0012 AM
[ReportManager] Initial URL: [data:,] @03-05-2021 02:08:55.0061 AM
[ReportManager] Browser Action [navigateToURL] successfully performed. With the following test data [https://www.google.com/ncr]. @03-05-2021 02:08:55.0916 AM
[ReportManager] Waiting for element to be present; elementLocator [By.xpath: //*], numberOfTries[1], stateOfPresence[false]... @03-05-2021 02:08:55.0916 AM
[ReportManager] Element Action [waitForElementToBePresent] failed. With the following test data [waited for the element's state of presence to be (false). Element locator (By.xpath: //*)]. @03-05-2021 02:08:56.0153 AM
[ReportManager] Successfully created attachment [Screenshot - 1620007736085_waitForElementToBePresent_moreThanOneElement_expectedToFail_waitForElementToBePresent_failed] @03-05-2021 02:08:56.0154 A
[ReportManager] Successfully created attachment [Selenium WebDriver Logs - server] @03-05-2021 02:08:56.0231 AM
[ReportManager] Successfully created attachment [Selenium WebDriver Logs - performance] @03-05-2021 02:08:56.0266 AM
[ReportManager] Successfully created attachment [Selenium WebDriver Logs - driver] @03-05-2021 02:08:56.0341 AM
[ReportManager] Browser Action [closeCurrentWindow] successfully performed. @03-05-2021 02:08:56.0397 AM
[ReportManager] Successfully created attachment [Browser Action Test Data - closeCurrentWindow - Actual Value] @03-05-2021 02:08:56.0397 A
[ReportManager] File Action [getAbsolutePath] successfully performed. With the following test data [Relative Folder Path: "target/downloadedFiles/"]. @03-05-2021 02:08:56.0400 AM
[ReportManager] Attempting to run remotely on: [Linux-64], [GoogleChrome], [http://localhost:4444/wd/hub], Headless Execution. @03-05-2021 02:08:56.0400 AM
[ReportManager] Successfully Opened [GoogleChrome]. @03-05-2021 02:08:56.0620 A

################################################################################################################################################
Starting Execution:	[133 out of 137] test cases in the current suite
Test Method:		[unitTests.tests_element_elementActions.waitForElementToBePresent_true_expectedToFail]
################################################################################################################################################
[ReportManager] Target URL: [https://www.google.com/ncr], and after redirection: [www.google.com] @03-05-2021 02:08:56.0632 AM
[ReportManager] Initial URL: [data:,] @03-05-2021 02:08:56.0680 AM
[ReportManager] Browser Action [navigateToURL] successfully performed. With the following test data [https://www.google.com/ncr]. @03-05-2021 02:08:57.0553 AM
[ReportManager] Waiting for element to be present; elementLocator [By.id: bla], numberOfTries[1], stateOfPresence[true]... @03-05-2021 02:08:57.0553 AM
[ReportManager] Element Action [waitForElementToBePresent] failed. With the following test data [waited for the element's state of presence to be (true). Element locator (By.id: bla)]. @03-05-2021 02:09:02.0833 AM
[ReportManager] Successfully created attachment [Screenshot - 1620007742770_waitForElementToBePresent_true_expectedToFail_waitForElementToBePresent_failed] @03-05-2021 02:09:02.0833 A
[ReportManager] Successfully created attachment [Selenium WebDriver Logs - server] @03-05-2021 02:09:02.0915 AM
[ReportManager] Successfully created attachment [Selenium WebDriver Logs - performance] @03-05-2021 02:09:02.0952 AM
[ReportManager] Successfully created attachment [Selenium WebDriver Logs - driver] @03-05-2021 02:09:03.0032 AM
[ReportManager] Browser Action [closeCurrentWindow] successfully performed. @03-05-2021 02:09:03.0090 AM
[ReportManager] Successfully created attachment [Browser Action Test Data - closeCurrentWindow - Actual Value] @03-05-2021 02:09:03.0091 A
[ReportManager] File Action [getAbsolutePath] successfully performed. With the following test data [Relative Folder Path: "target/downloadedFiles/"]. @03-05-2021 02:09:03.0095 AM
[ReportManager] Attempting to run remotely on: [Linux-64], [GoogleChrome], [http://localhost:4444/wd/hub], Headless Execution. @03-05-2021 02:09:03.0095 AM
[ReportManager] Successfully Opened [GoogleChrome]. @03-05-2021 02:09:03.0333 A

################################################################################################################################################
Starting Execution:	[134 out of 137] test cases in the current suite
Test Method:		[unitTests.tests_element_elementActions.waitForElementToBePresent_true_expectedToPass]
################################################################################################################################################
[ReportManager] Target URL: [https://www.google.com/ncr], and after redirection: [www.google.com] @03-05-2021 02:09:03.0353 AM
[ReportManager] Initial URL: [data:,] @03-05-2021 02:09:03.0398 AM
[ReportManager] Browser Action [navigateToURL] successfully performed. With the following test data [https://www.google.com/ncr]. @03-05-2021 02:09:04.0212 AM
[ReportManager] Waiting for element to be present; elementLocator [By.xpath: //img[@id='hplogo' or @alt='Google']], numberOfTries[1], stateOfPresence[true]... @03-05-2021 02:09:04.0213 AM
[ReportManager] Element Action [waitForElementToBePresent] successfully performed. With the following test data [waited for the element's state of presence to be (true). Element locator (By.xpath: //img[@id='hplogo' or @alt='Google'])]. @03-05-2021 02:09:04.0291 AM
[ReportManager] Using Visual AI; OpenCV... @03-05-2021 02:09:04.0293 AM
[ReportManager] File Action [doesFileExist] successfully performed. With the following test data [File Path: "src/test/resources/DynamicObjectRepository/unitTests_tests_element_elementActions_waitForElementToBePresent_true_expectedToPass_By_xpath_img_id_hplogo_or_alt_Google.png"]. @03-05-2021 02:09:04.0295 AM
[ReportManager] File Action [doesFileExist] successfully performed. With the following test data [File Path: "src/test/resources/DynamicObjectRepository/unitTests_tests_element_elementActions_waitForElementToBePresent_true_expectedToPass_By_xpath_img_id_hplogo_or_alt_Google.png"]. @03-05-2021 02:09:04.0518 AM
[ReportManager] Passing the test and saving a reference image @03-05-2021 02:09:04.0518 AM
[ReportManager] File Action [getAbsolutePath] successfully performed. With the following test data [Relative File Path: "src/test/resources/DynamicObjectRepository/unitTests_tests_element_elementActions_waitForElementToBePresent_true_expectedToPass_By_xpath_img_id_hplogo_or_alt_Google.png"]. @03-05-2021 02:09:04.0518 AM
[ReportManager] File Action [writeToFile] successfully performed. With the following test data [Target File Path: "/home/runner/work/SHAFT_ENGINE/SHAFT_ENGINE/src/test/resources/DynamicObjectRepository/unitTests_tests_element_elementActions_waitForElementToBePresent_true_expectedToPass_By_xpath_img_id_hplogo_or_alt_Google.png"]. @03-05-2021 02:09:04.0523 AM
[ReportManager] AssertElementMatches PASSED; Expected [Element should match the reference screenshot] and Actual [TRUE]. Comparison Type [EXACT_OPENCV]. Validation Type [POSITIVE]. @03-05-2021 02:09:04.0523 AM
[ReportManager] Successfully created attachment [Validation Test Data - Actual Screenshot] @03-05-2021 02:09:04.0523 A
[ReportManager] Successfully created attachment [Selenium WebDriver Logs - server] @03-05-2021 02:09:04.0598 AM
[ReportManager] Successfully created attachment [Selenium WebDriver Logs - performance] @03-05-2021 02:09:04.0641 AM
[ReportManager] Successfully created attachment [Selenium WebDriver Logs - driver] @03-05-2021 02:09:04.0716 AM
[ReportManager] Browser Action [closeCurrentWindow] successfully performed. @03-05-2021 02:09:04.0772 AM
[ReportManager] Successfully created attachment [Browser Action Test Data - closeCurrentWindow - Actual Value] @03-05-2021 02:09:04.0773 A

################################################################################################################################################
Starting Execution:	[135 out of 137] test cases in the current suite
Test Method:		[unitTests.tests_restActions.getPostsAndAssertBodyForSpecificTitle]
################################################################################################################################################
[ReportManager] Response status code: [200], status line: [HTTP/1.1 200 OK] @03-05-2021 02:09:06.0104 AM
[ReportManager] Evaluating the actual response status code against the expected one...... @03-05-2021 02:09:06.0104 AM
[ReportManager] AssertEquals PASSED; Expected [200] and Actual [200]. Comparison Type [EQUALS]. Validation Type [POSITIVE]. @03-05-2021 02:09:06.0104 AM
[ReportManager] API Action [performRequest] successfully performed. With the following test data [Request Type: "GET" | Target Status Code: "200" | Service URL: "https://jsonplaceholder.typicode.com/posts" | Content Type: "*/*" | Response Time: "737ms"]. @03-05-2021 02:09:06.0304 AM
[ReportManager] Successfully created attachment [API Response - JSON Body] @03-05-2021 02:09:06.0305 AM
[ReportManager] API Action [getResponseJSONValueAsList] successfully performed. @03-05-2021 02:09:06.0337 AM
[ReportManager] API Action [getResponseJSONValue] successfully performed. With the following test data [title]. @03-05-2021 02:09:06.0358 AM
[ReportManager] API Action [getResponseJSONValue] successfully performed. With the following test data [title]. @03-05-2021 02:09:06.0382 AM
[ReportManager] API Action [getResponseJSONValue] successfully performed. With the following test data [body]. @03-05-2021 02:09:06.0402 AM
[ReportManager] AssertEquals PASSED; Expected [qui neque nisi nulla] and Actual [est rerum tempore vitae
sequi sint nihil reprehenderit dolor beatae ea dolores neque
fugiat blanditiis voluptate porro vel nihil molestiae ut reiciendis
qui aperiam non debitis possimus qui neque nisi nulla]. Comparison Type [CONTAINS]. Validation Type [POSITIVE]. @03-05-2021 02:09:06.0402 AM
[ReportManager] API Action [getResponseJSONValue] successfully performed. With the following test data [title]. @03-05-2021 02:09:06.0418 AM
[ReportManager] API Action [getResponseJSONValue] successfully performed. With the following test data [title]. @03-05-2021 02:09:06.0437 AM
[ReportManager] API Action [getResponseJSONValue] successfully performed. With the following test data [title]. @03-05-2021 02:09:06.0453 AM
[ReportManager] API Action [getResponseJSONValue] successfully performed. With the following test data [title]. @03-05-2021 02:09:06.0472 AM
[ReportManager] API Action [getResponseJSONValue] successfully performed. With the following test data [title]. @03-05-2021 02:09:06.0494 AM
[ReportManager] API Action [getResponseJSONValue] successfully performed. With the following test data [title]. @03-05-2021 02:09:06.0513 AM
[ReportManager] API Action [getResponseJSONValue] successfully performed. With the following test data [title]. @03-05-2021 02:09:06.0529 AM
[ReportManager] API Action [getResponseJSONValue] successfully performed. With the following test data [title]. @03-05-2021 02:09:06.0544 AM
[ReportManager] API Action [getResponseJSONValue] successfully performed. With the following test data [title]. @03-05-2021 02:09:06.0561 AM
[ReportManager] API Action [getResponseJSONValue] successfully performed. With the following test data [title]. @03-05-2021 02:09:06.0578 AM
[ReportManager] API Action [getResponseJSONValue] successfully performed. With the following test data [title]. @03-05-2021 02:09:06.0603 AM
[ReportManager] API Action [getResponseJSONValue] successfully performed. With the following test data [title]. @03-05-2021 02:09:06.0613 AM
[ReportManager] API Action [getResponseJSONValue] successfully performed. With the following test data [title]. @03-05-2021 02:09:06.0621 AM
[ReportManager] API Action [getResponseJSONValue] successfully performed. With the following test data [title]. @03-05-2021 02:09:06.0631 AM
[ReportManager] API Action [getResponseJSONValue] successfully performed. With the following test data [title]. @03-05-2021 02:09:06.0639 AM
[ReportManager] API Action [getResponseJSONValue] successfully performed. With the following test data [title]. @03-05-2021 02:09:06.0648 AM
[ReportManager] API Action [getResponseJSONValue] successfully performed. With the following test data [title]. @03-05-2021 02:09:06.0656 AM
[ReportManager] API Action [getResponseJSONValue] successfully performed. With the following test data [title]. @03-05-2021 02:09:06.0664 AM
[ReportManager] API Action [getResponseJSONValue] successfully performed. With the following test data [title]. @03-05-2021 02:09:06.0672 AM
[ReportManager] API Action [getResponseJSONValue] successfully performed. With the following test data [title]. @03-05-2021 02:09:06.0680 AM
[ReportManager] API Action [getResponseJSONValue] successfully performed. With the following test data [title]. @03-05-2021 02:09:06.0690 AM
[ReportManager] API Action [getResponseJSONValue] successfully performed. With the following test data [title]. @03-05-2021 02:09:06.0698 AM
[ReportManager] API Action [getResponseJSONValue] successfully performed. With the following test data [title]. @03-05-2021 02:09:06.0739 AM
[ReportManager] API Action [getResponseJSONValue] successfully performed. With the following test data [title]. @03-05-2021 02:09:06.0756 AM
[ReportManager] API Action [getResponseJSONValue] successfully performed. With the following test data [title]. @03-05-2021 02:09:06.0767 AM
[ReportManager] API Action [getResponseJSONValue] successfully performed. With the following test data [title]. @03-05-2021 02:09:06.0775 AM
[ReportManager] API Action [getResponseJSONValue] successfully performed. With the following test data [title]. @03-05-2021 02:09:06.0796 AM
[ReportManager] API Action [getResponseJSONValue] successfully performed. With the following test data [title]. @03-05-2021 02:09:06.0805 AM
[ReportManager] API Action [getResponseJSONValue] successfully performed. With the following test data [title]. @03-05-2021 02:09:06.0820 AM
[ReportManager] API Action [getResponseJSONValue] successfully performed. With the following test data [title]. @03-05-2021 02:09:06.0832 AM
[ReportManager] API Action [getResponseJSONValue] successfully performed. With the following test data [title]. @03-05-2021 02:09:06.0842 AM
[ReportManager] API Action [getResponseJSONValue] successfully performed. With the following test data [title]. @03-05-2021 02:09:06.0853 AM
[ReportManager] API Action [getResponseJSONValue] successfully performed. With the following test data [title]. @03-05-2021 02:09:06.0863 AM
[ReportManager] API Action [getResponseJSONValue] successfully performed. With the following test data [title]. @03-05-2021 02:09:06.0873 AM
[ReportManager] API Action [getResponseJSONValue] successfully performed. With the following test data [title]. @03-05-2021 02:09:06.0881 AM
[ReportManager] API Action [getResponseJSONValue] successfully performed. With the following test data [title]. @03-05-2021 02:09:06.0890 AM
[ReportManager] API Action [getResponseJSONValue] successfully performed. With the following test data [title]. @03-05-2021 02:09:06.0898 AM
[ReportManager] API Action [getResponseJSONValue] successfully performed. With the following test data [title]. @03-05-2021 02:09:06.0908 AM
[ReportManager] API Action [getResponseJSONValue] successfully performed. With the following test data [title]. @03-05-2021 02:09:06.0916 AM
[ReportManager] API Action [getResponseJSONValue] successfully performed. With the following test data [title]. @03-05-2021 02:09:06.0925 AM
[ReportManager] API Action [getResponseJSONValue] successfully performed. With the following test data [title]. @03-05-2021 02:09:06.0935 AM
[ReportManager] API Action [getResponseJSONValue] successfully performed. With the following test data [title]. @03-05-2021 02:09:06.0945 AM
[ReportManager] API Action [getResponseJSONValue] successfully performed. With the following test data [title]. @03-05-2021 02:09:06.0953 AM
[ReportManager] API Action [getResponseJSONValue] successfully performed. With the following test data [title]. @03-05-2021 02:09:06.0962 AM
[ReportManager] API Action [getResponseJSONValue] successfully performed. With the following test data [title]. @03-05-2021 02:09:06.0971 AM
[ReportManager] API Action [getResponseJSONValue] successfully performed. With the following test data [title]. @03-05-2021 02:09:06.0981 AM
[ReportManager] API Action [getResponseJSONValue] successfully performed. With the following test data [title]. @03-05-2021 02:09:06.0991 AM
[ReportManager] API Action [getResponseJSONValue] successfully performed. With the following test data [title]. @03-05-2021 02:09:07.0001 AM
[ReportManager] API Action [getResponseJSONValue] successfully performed. With the following test data [title]. @03-05-2021 02:09:07.0012 AM
[ReportManager] API Action [getResponseJSONValue] successfully performed. With the following test data [title]. @03-05-2021 02:09:07.0020 AM
[ReportManager] API Action [getResponseJSONValue] successfully performed. With the following test data [title]. @03-05-2021 02:09:07.0028 AM
[ReportManager] API Action [getResponseJSONValue] successfully performed. With the following test data [title]. @03-05-2021 02:09:07.0037 AM
[ReportManager] API Action [getResponseJSONValue] successfully performed. With the following test data [title]. @03-05-2021 02:09:07.0045 AM
[ReportManager] API Action [getResponseJSONValue] successfully performed. With the following test data [title]. @03-05-2021 02:09:07.0054 AM
[ReportManager] API Action [getResponseJSONValue] successfully performed. With the following test data [title]. @03-05-2021 02:09:07.0062 AM
[ReportManager] API Action [getResponseJSONValue] successfully performed. With the following test data [title]. @03-05-2021 02:09:07.0070 AM
[ReportManager] API Action [getResponseJSONValue] successfully performed. With the following test data [title]. @03-05-2021 02:09:07.0080 AM
[ReportManager] API Action [getResponseJSONValue] successfully performed. With the following test data [title]. @03-05-2021 02:09:07.0089 AM
[ReportManager] API Action [getResponseJSONValue] successfully performed. With the following test data [title]. @03-05-2021 02:09:07.0115 AM
[ReportManager] API Action [getResponseJSONValue] successfully performed. With the following test data [title]. @03-05-2021 02:09:07.0131 AM
[ReportManager] API Action [getResponseJSONValue] successfully performed. With the following test data [title]. @03-05-2021 02:09:07.0142 AM
[ReportManager] API Action [getResponseJSONValue] successfully performed. With the following test data [title]. @03-05-2021 02:09:07.0161 AM
[ReportManager] API Action [getResponseJSONValue] successfully performed. With the following test data [title]. @03-05-2021 02:09:07.0172 AM
[ReportManager] API Action [getResponseJSONValue] successfully performed. With the following test data [title]. @03-05-2021 02:09:07.0184 AM
[ReportManager] API Action [getResponseJSONValue] successfully performed. With the following test data [title]. @03-05-2021 02:09:07.0194 AM
[ReportManager] API Action [getResponseJSONValue] successfully performed. With the following test data [title]. @03-05-2021 02:09:07.0204 AM
[ReportManager] API Action [getResponseJSONValue] successfully performed. With the following test data [title]. @03-05-2021 02:09:07.0213 AM
[ReportManager] API Action [getResponseJSONValue] successfully performed. With the following test data [title]. @03-05-2021 02:09:07.0226 AM
[ReportManager] API Action [getResponseJSONValue] successfully performed. With the following test data [title]. @03-05-2021 02:09:07.0237 AM
[ReportManager] API Action [getResponseJSONValue] successfully performed. With the following test data [title]. @03-05-2021 02:09:07.0246 AM
[ReportManager] API Action [getResponseJSONValue] successfully performed. With the following test data [title]. @03-05-2021 02:09:07.0259 AM
[ReportManager] API Action [getResponseJSONValue] successfully performed. With the following test data [title]. @03-05-2021 02:09:07.0278 AM
[ReportManager] API Action [getResponseJSONValue] successfully performed. With the following test data [title]. @03-05-2021 02:09:07.0290 AM
[ReportManager] API Action [getResponseJSONValue] successfully performed. With the following test data [title]. @03-05-2021 02:09:07.0301 AM
[ReportManager] API Action [getResponseJSONValue] successfully performed. With the following test data [title]. @03-05-2021 02:09:07.0314 AM
[ReportManager] API Action [getResponseJSONValue] successfully performed. With the following test data [title]. @03-05-2021 02:09:07.0322 AM
[ReportManager] API Action [getResponseJSONValue] successfully performed. With the following test data [title]. @03-05-2021 02:09:07.0330 AM
[ReportManager] API Action [getResponseJSONValue] successfully performed. With the following test data [title]. @03-05-2021 02:09:07.0342 AM
[ReportManager] API Action [getResponseJSONValue] successfully performed. With the following test data [title]. @03-05-2021 02:09:07.0349 AM
[ReportManager] API Action [getResponseJSONValue] successfully performed. With the following test data [title]. @03-05-2021 02:09:07.0357 AM
[ReportManager] API Action [getResponseJSONValue] successfully performed. With the following test data [title]. @03-05-2021 02:09:07.0365 AM
[ReportManager] API Action [getResponseJSONValue] successfully performed. With the following test data [title]. @03-05-2021 02:09:07.0373 AM
[ReportManager] API Action [getResponseJSONValue] successfully performed. With the following test data [title]. @03-05-2021 02:09:07.0380 AM
[ReportManager] API Action [getResponseJSONValue] successfully performed. With the following test data [title]. @03-05-2021 02:09:07.0388 AM
[ReportManager] API Action [getResponseJSONValue] successfully performed. With the following test data [title]. @03-05-2021 02:09:07.0396 AM
[ReportManager] API Action [getResponseJSONValue] successfully performed. With the following test data [title]. @03-05-2021 02:09:07.0404 AM
[ReportManager] API Action [getResponseJSONValue] successfully performed. With the following test data [title]. @03-05-2021 02:09:07.0412 AM
[ReportManager] API Action [getResponseJSONValue] successfully performed. With the following test data [title]. @03-05-2021 02:09:07.0419 AM
[ReportManager] API Action [getResponseJSONValue] successfully performed. With the following test data [title]. @03-05-2021 02:09:07.0426 AM
[ReportManager] API Action [getResponseJSONValue] successfully performed. With the following test data [title]. @03-05-2021 02:09:07.0436 AM
[ReportManager] API Action [getResponseJSONValue] successfully performed. With the following test data [title]. @03-05-2021 02:09:07.0444 AM
[ReportManager] API Action [getResponseJSONValue] successfully performed. With the following test data [title]. @03-05-2021 02:09:07.0452 AM
[ReportManager] API Action [getResponseJSONValue] successfully performed. With the following test data [title]. @03-05-2021 02:09:07.0459 AM
[ReportManager] API Action [getResponseJSONValue] successfully performed. With the following test data [title]. @03-05-2021 02:09:07.0466 AM
[ReportManager] API Action [getResponseJSONValue] successfully performed. With the following test data [title]. @03-05-2021 02:09:07.0474 AM
[ReportManager] API Action [getResponseJSONValue] successfully performed. With the following test data [title]. @03-05-2021 02:09:07.0481 AM
[ReportManager] API Action [getResponseJSONValue] successfully performed. With the following test data [title]. @03-05-2021 02:09:07.0489 AM
[ReportManager] API Action [getResponseJSONValue] successfully performed. With the following test data [title]. @03-05-2021 02:09:07.0497 A

################################################################################################################################################
Starting Execution:	[136 out of 137] test cases in the current suite
Test Method:		[unitTests.tests_restActions.validateUserEmail]
################################################################################################################################################
[ReportManager] Response status code: [200], status line: [HTTP/1.1 200 OK] @03-05-2021 02:09:07.0610 AM
[ReportManager] Evaluating the actual response status code against the expected one...... @03-05-2021 02:09:07.0610 AM
[ReportManager] AssertEquals PASSED; Expected [200] and Actual [200]. Comparison Type [EQUALS]. Validation Type [POSITIVE]. @03-05-2021 02:09:07.0611 AM
[ReportManager] API Action [performRequest] successfully performed. With the following test data [Request Type: "GET" | Target Status Code: "200" | Service URL: "https://jsonplaceholder.typicode.com/users" | Content Type: "*/*" | Response Time: "79ms"]. @03-05-2021 02:09:07.0628 AM
[ReportManager] Successfully created attachment [API Response - JSON Body] @03-05-2021 02:09:07.0629 AM
[ReportManager] AssertEquals PASSED; Expected and Actual values are attached. Comparison Type [CONTAINS]. Validation Type [POSITIVE]. @03-05-2021 02:09:07.0629 AM
[ReportManager] Successfully created attachment [Validation Test Data - Expected Value] @03-05-2021 02:09:07.0630 AM
[ReportManager] Successfully created attachment [Validation Test Data - Actual Value] @03-05-2021 02:09:07.0630 AM
[ReportManager] API Action [getResponseJSONValueAsList] successfully performed. With the following test data [$]. @03-05-2021 02:09:07.0633 AM
[ReportManager] API Action [getResponseJSONValue] successfully performed. With the following test data [name]. @03-05-2021 02:09:07.0644 AM
[ReportManager] API Action [getResponseJSONValue] successfully performed. With the following test data [email]. @03-05-2021 02:09:07.0651 AM
[ReportManager] AssertEquals PASSED; Expected [Sincere@april.biz] and Actual [Sincere@april.biz]. Comparison Type [EQUALS]. Validation Type [POSITIVE]. @03-05-2021 02:09:07.0651 AM
[ReportManager] API Action [getResponseJSONValue] successfully performed. With the following test data [name]. @03-05-2021 02:09:07.0660 AM
[ReportManager] API Action [getResponseJSONValue] successfully performed. With the following test data [name]. @03-05-2021 02:09:07.0669 AM
[ReportManager] API Action [getResponseJSONValue] successfully performed. With the following test data [name]. @03-05-2021 02:09:07.0679 AM
[ReportManager] API Action [getResponseJSONValue] successfully performed. With the following test data [name]. @03-05-2021 02:09:07.0687 AM
[ReportManager] API Action [getResponseJSONValue] successfully performed. With the following test data [name]. @03-05-2021 02:09:07.0696 AM
[ReportManager] API Action [getResponseJSONValue] successfully performed. With the following test data [name]. @03-05-2021 02:09:07.0704 AM
[ReportManager] API Action [getResponseJSONValue] successfully performed. With the following test data [name]. @03-05-2021 02:09:07.0712 AM
[ReportManager] API Action [getResponseJSONValue] successfully performed. With the following test data [name]. @03-05-2021 02:09:07.0720 AM
[ReportManager] API Action [getResponseJSONValue] successfully performed. With the following test data [name]. @03-05-2021 02:09:07.0727 A
[ReportManager] Successfully loaded the following test data file [src/test/resources/TestDataFiles/testSuite01/TestData.xlsx]. @03-05-2021 02:09:07.0801 AM
[ReportManager] Successfully created attachment [Test Data - Excel] @03-05-2021 02:09:07.0801 A

################################################################################################################################################
Starting Execution:	[137 out of 137] test cases in the current suite
Test Method:		[unitTests.tests_io_excelFileManager.getCellData_rowName_expectedToPass]
################################################################################################################################################
[ReportManager] testRowData. @03-05-2021 02:09:07.0806 A

################################################################################################################################################
Test Closure Activities
################################################################################################################################################
[ReportManager] Successfully created attachment [SHAFT Engine Logs - Execution log] @03-05-2021 02:09:07.0849 AM

################################################################################################################################################
This test run was powered by SHAFT Engine Version: [SHAFT Engine v5.2.20210427]
SHAFT Engine is licensed under the MIT License: [https://github.com/MohabMohie/SHAFT_ENGINE/blob/master/LICENSE].
################################################################################################################################################