################################################################################################################################################
Detected SHAFT Engine Version: [SHAFT Engine v5.1]
################################################################################################################################################
[ReportManager] File Action [getAbsolutePath] successfully performed. With the following test data [Relative Folder Path: "target/downloadedFiles/"]. @11-02-2021 18:27:25.0328 PM
[ReportManager] Attempting to run remotely on: [Linux-64], [GoogleChrome], [http://localhost:4444/wd/hub], Headless Execution. @11-02-2021 18:27:25.0376 PM
[ReportManager] Successfully Opened [GoogleChrome]. @11-02-2021 18:27:27.0012 P

################################################################################################################################################
Starting Execution:	[1 out of 134] test cases in the current suite
Test Method:		[unitTests.tests_element_elementActions.waitForElementToBePresent_false_expectedToFail]
################################################################################################################################################
[ReportManager] Target URL: [https://www.google.com/ncr], and after redirection: [www.google.com] @11-02-2021 18:27:27.0425 PM
[ReportManager] Initial URL: [data:,] @11-02-2021 18:27:27.0580 PM
[ReportManager] Browser Action [navigateToURL] successfully performed. With the following test data [https://www.google.com/ncr]. @11-02-2021 18:27:29.0105 PM
[ReportManager] Waiting for element to be present; elementLocator [By.id: hplogo], numberOfTries[1], stateOfPresence[false]... @11-02-2021 18:27:29.0111 PM
[ReportManager] Element Action [waitForElementToBePresent] failed. With the following test data [waited up to (5) seconds, for the element's state of presence to be (false). Element locator (By.id: hplogo)]. @11-02-2021 18:27:29.0708 PM
[ReportManager] Successfully created attachment [Screenshot - 1613068049298_waitForElementToBePresent_false_expectedToFail_waitForElementToBePresent_failed] @11-02-2021 18:27:29.0709 P
[ReportManager] Successfully created attachment [Selenium WebDriver Logs - server] @11-02-2021 18:27:29.0906 PM
[ReportManager] Successfully created attachment [Selenium WebDriver Logs - performance] @11-02-2021 18:27:30.0095 PM
[ReportManager] Successfully created attachment [Selenium WebDriver Logs - driver] @11-02-2021 18:27:30.0375 PM
[ReportManager] Browser Action [closeCurrentWindow] successfully performed. @11-02-2021 18:27:30.0437 PM
[ReportManager] Successfully created attachment [Browser Action Test Data - closeCurrentWindow - Actual Value] @11-02-2021 18:27:30.0450 P
[ReportManager] File Action [getAbsolutePath] successfully performed. With the following test data [Relative Folder Path: "target/downloadedFiles/"]. @11-02-2021 18:27:30.0475 PM
[ReportManager] Attempting to run remotely on: [Linux-64], [GoogleChrome], [http://localhost:4444/wd/hub], Headless Execution. @11-02-2021 18:27:30.0475 PM
[ReportManager] Successfully Opened [GoogleChrome]. @11-02-2021 18:27:31.0236 P

################################################################################################################################################
Starting Execution:	[2 out of 134] test cases in the current suite
Test Method:		[unitTests.tests_element_elementActions.waitForElementToBePresent_false_expectedToPass]
################################################################################################################################################
[ReportManager] Target URL: [https://www.google.com/ncr], and after redirection: [www.google.com] @11-02-2021 18:27:31.0274 PM
[ReportManager] Initial URL: [data:,] @11-02-2021 18:27:31.0366 PM
[ReportManager] Browser Action [navigateToURL] successfully performed. With the following test data [https://www.google.com/ncr]. @11-02-2021 18:27:32.0418 PM
[ReportManager] Waiting for element to be present; elementLocator [By.id: bla], numberOfTries[1], stateOfPresence[false]... @11-02-2021 18:27:32.0418 PM
[ReportManager] Element Action [waitForElementToBePresent] successfully performed. With the following test data [waited up to (5) seconds, for the element's state of presence to be (false). Element locator (By.id: bla)]. @11-02-2021 18:27:32.0487 P
[ReportManager] Successfully created attachment [Selenium WebDriver Logs - server] @11-02-2021 18:27:32.0637 PM
[ReportManager] Successfully created attachment [Selenium WebDriver Logs - performance] @11-02-2021 18:27:32.0686 PM
[ReportManager] Successfully created attachment [Selenium WebDriver Logs - driver] @11-02-2021 18:27:32.0804 PM
[ReportManager] Browser Action [closeCurrentWindow] successfully performed. @11-02-2021 18:27:32.0876 PM
[ReportManager] Successfully created attachment [Browser Action Test Data - closeCurrentWindow - Actual Value] @11-02-2021 18:27:32.0878 P
[ReportManager] File Action [getAbsolutePath] successfully performed. With the following test data [Relative Folder Path: "target/downloadedFiles/"]. @11-02-2021 18:27:32.0900 PM
[ReportManager] Attempting to run remotely on: [Linux-64], [GoogleChrome], [http://localhost:4444/wd/hub], Headless Execution. @11-02-2021 18:27:32.0900 PM
[ReportManager] Successfully Opened [GoogleChrome]. @11-02-2021 18:27:33.0613 P

################################################################################################################################################
Starting Execution:	[3 out of 134] test cases in the current suite
Test Method:		[unitTests.tests_element_elementActions.waitForElementToBePresent_moreThanOneElement_expectedToFail]
################################################################################################################################################
[ReportManager] Target URL: [https://www.google.com/ncr], and after redirection: [www.google.com] @11-02-2021 18:27:33.0649 PM
[ReportManager] Initial URL: [data:,] @11-02-2021 18:27:33.0725 PM
[ReportManager] Browser Action [navigateToURL] successfully performed. With the following test data [https://www.google.com/ncr]. @11-02-2021 18:27:34.0714 PM
[ReportManager] Waiting for element to be present; elementLocator [By.xpath: //*], numberOfTries[1], stateOfPresence[false]... @11-02-2021 18:27:34.0715 PM
[ReportManager] Element Action [waitForElementToBePresent] failed. With the following test data [waited up to (5) seconds, for the element's state of presence to be (false). Element locator (By.xpath: //*)]. @11-02-2021 18:27:35.0027 PM
[ReportManager] Successfully created attachment [Screenshot - 1613068054909_waitForElementToBePresent_moreThanOneElement_expectedToFail_waitForElementToBePresent_failed] @11-02-2021 18:27:35.0028 P
[ReportManager] Successfully created attachment [Selenium WebDriver Logs - server] @11-02-2021 18:27:35.0168 PM
[ReportManager] Successfully created attachment [Selenium WebDriver Logs - performance] @11-02-2021 18:27:35.0212 PM
[ReportManager] Successfully created attachment [Selenium WebDriver Logs - driver] @11-02-2021 18:27:35.0326 PM
[ReportManager] Browser Action [closeCurrentWindow] successfully performed. @11-02-2021 18:27:35.0390 PM
[ReportManager] Successfully created attachment [Browser Action Test Data - closeCurrentWindow - Actual Value] @11-02-2021 18:27:35.0391 P
[ReportManager] File Action [getAbsolutePath] successfully performed. With the following test data [Relative Folder Path: "target/downloadedFiles/"]. @11-02-2021 18:27:35.0400 PM
[ReportManager] Attempting to run remotely on: [Linux-64], [GoogleChrome], [http://localhost:4444/wd/hub], Headless Execution. @11-02-2021 18:27:35.0400 PM
[ReportManager] Successfully Opened [GoogleChrome]. @11-02-2021 18:27:36.0171 P

################################################################################################################################################
Starting Execution:	[4 out of 134] test cases in the current suite
Test Method:		[unitTests.tests_element_elementActions.waitForElementToBePresent_true_expectedToFail]
################################################################################################################################################
[ReportManager] Target URL: [https://www.google.com/ncr], and after redirection: [www.google.com] @11-02-2021 18:27:36.0208 PM
[ReportManager] Initial URL: [data:,] @11-02-2021 18:27:36.0291 PM
[ReportManager] Browser Action [navigateToURL] successfully performed. With the following test data [https://www.google.com/ncr]. @11-02-2021 18:27:37.0282 PM
[ReportManager] Waiting for element to be present; elementLocator [By.id: bla], numberOfTries[1], stateOfPresence[true]... @11-02-2021 18:27:37.0282 PM
[ReportManager] Element Action [waitForElementToBePresent] failed. With the following test data [waited up to (5) seconds, for the element's state of presence to be (true). Element locator (By.id: bla)]. @11-02-2021 18:27:37.0557 PM
[ReportManager] Successfully created attachment [Screenshot - 1613068057462_waitForElementToBePresent_true_expectedToFail_waitForElementToBePresent_failed] @11-02-2021 18:27:37.0558 P
[ReportManager] Successfully created attachment [Selenium WebDriver Logs - server] @11-02-2021 18:27:37.0688 PM
[ReportManager] Successfully created attachment [Selenium WebDriver Logs - performance] @11-02-2021 18:27:37.0740 PM
[ReportManager] Successfully created attachment [Selenium WebDriver Logs - driver] @11-02-2021 18:27:37.0841 PM
[ReportManager] Browser Action [closeCurrentWindow] successfully performed. @11-02-2021 18:27:37.0903 PM
[ReportManager] Successfully created attachment [Browser Action Test Data - closeCurrentWindow - Actual Value] @11-02-2021 18:27:37.0904 P
[ReportManager] File Action [getAbsolutePath] successfully performed. With the following test data [Relative Folder Path: "target/downloadedFiles/"]. @11-02-2021 18:27:37.0908 PM
[ReportManager] Attempting to run remotely on: [Linux-64], [GoogleChrome], [http://localhost:4444/wd/hub], Headless Execution. @11-02-2021 18:27:37.0909 PM
[ReportManager] Successfully Opened [GoogleChrome]. @11-02-2021 18:27:38.0183 P

################################################################################################################################################
Starting Execution:	[5 out of 134] test cases in the current suite
Test Method:		[unitTests.tests_element_elementActions.waitForElementToBePresent_true_expectedToPass]
################################################################################################################################################
[ReportManager] Target URL: [https://www.google.com/ncr], and after redirection: [www.google.com] @11-02-2021 18:27:38.0216 PM
[ReportManager] Initial URL: [data:,] @11-02-2021 18:27:38.0291 PM
[ReportManager] Browser Action [navigateToURL] successfully performed. With the following test data [https://www.google.com/ncr]. @11-02-2021 18:27:39.0296 PM
[ReportManager] Waiting for element to be present; elementLocator [By.id: hplogo], numberOfTries[1], stateOfPresence[true]... @11-02-2021 18:27:39.0296 PM
[ReportManager] Element Action [waitForElementToBePresent] successfully performed. With the following test data [waited up to (5) seconds, for the element's state of presence to be (true). Element locator (By.id: hplogo)]. @11-02-2021 18:27:39.0356 PM
[ReportManager] Using Visual AI; OpenCV... @11-02-2021 18:27:39.0362 PM
[ReportManager] File Action [doesFileExist] successfully performed. With the following test data [File Path: "src/test/resources/DynamicObjectRepository/unitTests_tests_element_elementActions_waitForElementToBePresent_true_expectedToPass_By_id_hplogo.png"]. @11-02-2021 18:27:39.0371 PM
[ReportManager] File Action [doesFileExist] successfully performed. With the following test data [File Path: "src/test/resources/DynamicObjectRepository/unitTests_tests_element_elementActions_waitForElementToBePresent_true_expectedToPass_By_id_hplogo.png"]. @11-02-2021 18:27:39.0588 PM
[ReportManager] Passing the test and saving a reference image @11-02-2021 18:27:39.0588 PM
[ReportManager] File Action [getAbsolutePath] successfully performed. With the following test data [Relative File Path: "src/test/resources/DynamicObjectRepository/unitTests_tests_element_elementActions_waitForElementToBePresent_true_expectedToPass_By_id_hplogo.png"]. @11-02-2021 18:27:39.0588 PM
[ReportManager] File Action [writeToFile] successfully performed. With the following test data [Target File Path: "/home/runner/work/SHAFT_ENGINE/SHAFT_ENGINE/src/test/resources/DynamicObjectRepository/unitTests_tests_element_elementActions_waitForElementToBePresent_true_expectedToPass_By_id_hplogo.png"]. @11-02-2021 18:27:39.0591 PM
[ReportManager] AssertElementMatches PASSED; Expected [Element should match the reference screenshot] and Actual [TRUE]. Comparison Type [EXACT_OPENCV]. Validation Type [POSITIVE]. @11-02-2021 18:27:39.0593 PM
[ReportManager] Successfully created attachment [Validation Test Data - Actual Screenshot] @11-02-2021 18:27:39.0594 P
[ReportManager] Successfully created attachment [Selenium WebDriver Logs - server] @11-02-2021 18:27:39.0727 PM
[ReportManager] Successfully created attachment [Selenium WebDriver Logs - performance] @11-02-2021 18:27:39.0769 PM
[ReportManager] Successfully created attachment [Selenium WebDriver Logs - driver] @11-02-2021 18:27:39.0890 PM
[ReportManager] Browser Action [closeCurrentWindow] successfully performed. @11-02-2021 18:27:39.0949 PM
[ReportManager] Successfully created attachment [Browser Action Test Data - closeCurrentWindow - Actual Value] @11-02-2021 18:27:39.0951 P
[ReportManager] File Action [getAbsolutePath] successfully performed. With the following test data [Relative Folder Path: "target/downloadedFiles/"]. @11-02-2021 18:27:39.0954 PM
[ReportManager] Attempting to run remotely on: [Linux-64], [GoogleChrome], [http://localhost:4444/wd/hub], Headless Execution. @11-02-2021 18:27:39.0954 PM
[ReportManager] Successfully Opened [GoogleChrome]. @11-02-2021 18:27:40.0234 PM
[ReportManager] Target URL: [https://duckduckgo.com] @11-02-2021 18:27:40.0257 PM
[ReportManager] Initial URL: [data:,] @11-02-2021 18:27:40.0328 PM
[ReportManager] Browser Action [navigateToURL] successfully performed. With the following test data [https://duckduckgo.com]. @11-02-2021 18:27:41.0599 P

################################################################################################################################################
Starting Execution:	[6 out of 134] test cases in the current suite
Test Method:		[unitTests.tests_browserActions.fullScreenWindow]
################################################################################################################################################
[ReportManager] Initial Windows Size: 800x600 @11-02-2021 18:27:41.0690 PM
[ReportManager] Initial window size: (800, 600) @11-02-2021 18:27:41.0699 PM
[ReportManager] Window size after Toolkit: (1920, 1080) @11-02-2021 18:27:41.0931 PM
[ReportManager] Browser Action [maximizeWindow] successfully performed. With the following test data [New screen size is now: (1920, 1080)]. @11-02-2021 18:27:41.0938 PM
[ReportManager] Current Windows Size after fullScreen: 1920x1080 @11-02-2021 18:27:41.0955 PM
[ReportManager] Browser Action [fullScreenWindow] successfully performed. @11-02-2021 18:27:41.0986 PM
[ReportManager] Successfully created attachment [Browser Action Test Data - fullScreenWindow - Actual Value] @11-02-2021 18:27:41.0989 P
[ReportManager] Target URL: [https://duckduckgo.com] @11-02-2021 18:27:41.0993 PM
[ReportManager] Initial URL: [https://duckduckgo.com] @11-02-2021 18:27:42.0099 PM
[ReportManager] Browser Action [navigateToURL] successfully performed. With the following test data [https://duckduckgo.com]. @11-02-2021 18:27:42.0648 PM
[ReportManager] Successfully created attachment [Selenium WebDriver Logs - server] @11-02-2021 18:27:42.0729 PM
[ReportManager] Successfully created attachment [Selenium WebDriver Logs - performance] @11-02-2021 18:27:42.0866 PM
[ReportManager] Successfully created attachment [Selenium WebDriver Logs - driver] @11-02-2021 18:27:43.0043 PM
[ReportManager] Browser Action [closeCurrentWindow] successfully performed. @11-02-2021 18:27:43.0104 PM
[ReportManager] Successfully created attachment [Browser Action Test Data - closeCurrentWindow - Actual Value] @11-02-2021 18:27:43.0112 P
[ReportManager] File Action [getAbsolutePath] successfully performed. With the following test data [Relative Folder Path: "target/downloadedFiles/"]. @11-02-2021 18:27:43.0119 PM
[ReportManager] Attempting to run remotely on: [Linux-64], [GoogleChrome], [http://localhost:4444/wd/hub], Headless Execution. @11-02-2021 18:27:43.0119 PM
[ReportManager] Successfully Opened [GoogleChrome]. @11-02-2021 18:27:43.0390 PM
[ReportManager] Target URL: [https://duckduckgo.com] @11-02-2021 18:27:43.0417 PM
[ReportManager] Initial URL: [data:,] @11-02-2021 18:27:43.0502 PM
[ReportManager] Browser Action [navigateToURL] successfully performed. With the following test data [https://duckduckgo.com]. @11-02-2021 18:27:44.0151 P

################################################################################################################################################
Starting Execution:	[7 out of 134] test cases in the current suite
Test Method:		[unitTests.tests_browserActions.getCurrentURL]
################################################################################################################################################
[ReportManager] Browser Action [getCurrentURL] successfully performed. With the following test data [https://duckduckgo.com/]. @11-02-2021 18:27:44.0218 P
[ReportManager] Target URL: [https://duckduckgo.com] @11-02-2021 18:27:44.0222 PM
[ReportManager] Initial URL: [https://duckduckgo.com] @11-02-2021 18:27:44.0320 PM
[ReportManager] Browser Action [navigateToURL] successfully performed. With the following test data [https://duckduckgo.com]. @11-02-2021 18:27:44.0755 PM
[ReportManager] Successfully created attachment [Selenium WebDriver Logs - server] @11-02-2021 18:27:44.0843 PM
[ReportManager] Successfully created attachment [Selenium WebDriver Logs - performance] @11-02-2021 18:27:44.0965 PM
[ReportManager] Successfully created attachment [Selenium WebDriver Logs - driver] @11-02-2021 18:27:45.0164 PM
[ReportManager] Browser Action [closeCurrentWindow] successfully performed. @11-02-2021 18:27:45.0225 PM
[ReportManager] Successfully created attachment [Browser Action Test Data - closeCurrentWindow - Actual Value] @11-02-2021 18:27:45.0225 P
[ReportManager] File Action [getAbsolutePath] successfully performed. With the following test data [Relative Folder Path: "target/downloadedFiles/"]. @11-02-2021 18:27:45.0234 PM
[ReportManager] Attempting to run remotely on: [Linux-64], [GoogleChrome], [http://localhost:4444/wd/hub], Headless Execution. @11-02-2021 18:27:45.0235 PM
[ReportManager] Successfully Opened [GoogleChrome]. @11-02-2021 18:27:45.0561 PM
[ReportManager] Target URL: [https://duckduckgo.com] @11-02-2021 18:27:45.0583 PM
[ReportManager] Initial URL: [data:,] @11-02-2021 18:27:45.0658 PM
[ReportManager] Browser Action [navigateToURL] successfully performed. With the following test data [https://duckduckgo.com]. @11-02-2021 18:27:46.0329 P

################################################################################################################################################
Starting Execution:	[8 out of 134] test cases in the current suite
Test Method:		[unitTests.tests_browserActions.getCurrentWindowTitle]
################################################################################################################################################
[ReportManager] Browser Action [getCurrentWindowTitle] successfully performed. With the following test data [DuckDuckGo â€” Privacy, simplified.]. @11-02-2021 18:27:46.0398 P
[ReportManager] Target URL: [https://duckduckgo.com] @11-02-2021 18:27:46.0402 PM
[ReportManager] Initial URL: [https://duckduckgo.com] @11-02-2021 18:27:46.0519 PM
[ReportManager] Browser Action [navigateToURL] successfully performed. With the following test data [https://duckduckgo.com]. @11-02-2021 18:27:46.0928 PM
[ReportManager] Successfully created attachment [Selenium WebDriver Logs - server] @11-02-2021 18:27:47.0014 PM
[ReportManager] Successfully created attachment [Selenium WebDriver Logs - performance] @11-02-2021 18:27:47.0150 PM
[ReportManager] Successfully created attachment [Selenium WebDriver Logs - driver] @11-02-2021 18:27:47.0356 PM
[ReportManager] Browser Action [closeCurrentWindow] successfully performed. @11-02-2021 18:27:47.0416 PM
[ReportManager] Successfully created attachment [Browser Action Test Data - closeCurrentWindow - Actual Value] @11-02-2021 18:27:47.0417 P
[ReportManager] File Action [getAbsolutePath] successfully performed. With the following test data [Relative Folder Path: "target/downloadedFiles/"]. @11-02-2021 18:27:47.0423 PM
[ReportManager] Attempting to run remotely on: [Linux-64], [GoogleChrome], [http://localhost:4444/wd/hub], Headless Execution. @11-02-2021 18:27:47.0423 PM
[ReportManager] Successfully Opened [GoogleChrome]. @11-02-2021 18:27:47.0685 PM
[ReportManager] Target URL: [https://duckduckgo.com] @11-02-2021 18:27:47.0702 PM
[ReportManager] Initial URL: [data:,] @11-02-2021 18:27:47.0774 PM
[ReportManager] Browser Action [navigateToURL] successfully performed. With the following test data [https://duckduckgo.com]. @11-02-2021 18:27:48.0393 P

################################################################################################################################################
Starting Execution:	[9 out of 134] test cases in the current suite
Test Method:		[unitTests.tests_browserActions.getPageSource]
################################################################################################################################################
[ReportManager] Browser Action [getPageSource] successfully performed. @11-02-2021 18:27:48.0465 PM
[ReportManager] Successfully created attachment [Browser Action Test Data - getPageSource - Actual Value] @11-02-2021 18:27:48.0465 P
[ReportManager] Target URL: [https://duckduckgo.com] @11-02-2021 18:27:48.0469 PM
[ReportManager] Initial URL: [https://duckduckgo.com] @11-02-2021 18:27:48.0564 PM
[ReportManager] Browser Action [navigateToURL] successfully performed. With the following test data [https://duckduckgo.com]. @11-02-2021 18:27:49.0047 PM
[ReportManager] Successfully created attachment [Selenium WebDriver Logs - server] @11-02-2021 18:27:49.0131 PM
[ReportManager] Successfully created attachment [Selenium WebDriver Logs - performance] @11-02-2021 18:27:49.0260 PM
[ReportManager] Successfully created attachment [Selenium WebDriver Logs - driver] @11-02-2021 18:27:49.0429 PM
[ReportManager] Browser Action [closeCurrentWindow] successfully performed. @11-02-2021 18:27:49.0487 PM
[ReportManager] Successfully created attachment [Browser Action Test Data - closeCurrentWindow - Actual Value] @11-02-2021 18:27:49.0488 P
[ReportManager] File Action [getAbsolutePath] successfully performed. With the following test data [Relative Folder Path: "target/downloadedFiles/"]. @11-02-2021 18:27:49.0491 PM
[ReportManager] Attempting to run remotely on: [Linux-64], [GoogleChrome], [http://localhost:4444/wd/hub], Headless Execution. @11-02-2021 18:27:49.0491 PM
[ReportManager] Successfully Opened [GoogleChrome]. @11-02-2021 18:27:49.0771 PM
[ReportManager] Target URL: [https://duckduckgo.com] @11-02-2021 18:27:49.0786 PM
[ReportManager] Initial URL: [data:,] @11-02-2021 18:27:49.0867 PM
[ReportManager] Browser Action [navigateToURL] successfully performed. With the following test data [https://duckduckgo.com]. @11-02-2021 18:27:50.0581 P

################################################################################################################################################
Starting Execution:	[10 out of 134] test cases in the current suite
Test Method:		[unitTests.tests_browserActions.getWindowHandle]
################################################################################################################################################
[ReportManager] Browser Action [getWindowHandle] successfully performed. With the following test data [CDwindow-E7032AB6CE22032B4109EA35A8CBFF72]. @11-02-2021 18:27:50.0668 P
[ReportManager] Target URL: [https://duckduckgo.com] @11-02-2021 18:27:50.0682 PM
[ReportManager] Initial URL: [https://duckduckgo.com] @11-02-2021 18:27:50.0793 PM
[ReportManager] Browser Action [navigateToURL] successfully performed. With the following test data [https://duckduckgo.com]. @11-02-2021 18:27:51.0258 PM
[ReportManager] Successfully created attachment [Selenium WebDriver Logs - server] @11-02-2021 18:27:51.0342 PM
[ReportManager] Successfully created attachment [Selenium WebDriver Logs - performance] @11-02-2021 18:27:51.0470 PM
[ReportManager] Successfully created attachment [Selenium WebDriver Logs - driver] @11-02-2021 18:27:51.0633 PM
[ReportManager] Browser Action [closeCurrentWindow] successfully performed. @11-02-2021 18:27:51.0691 PM
[ReportManager] Successfully created attachment [Browser Action Test Data - closeCurrentWindow - Actual Value] @11-02-2021 18:27:51.0691 P
[ReportManager] File Action [getAbsolutePath] successfully performed. With the following test data [Relative Folder Path: "target/downloadedFiles/"]. @11-02-2021 18:27:51.0694 PM
[ReportManager] Attempting to run remotely on: [Linux-64], [GoogleChrome], [http://localhost:4444/wd/hub], Headless Execution. @11-02-2021 18:27:51.0694 PM
[ReportManager] Successfully Opened [GoogleChrome]. @11-02-2021 18:27:51.0956 PM
[ReportManager] Target URL: [https://duckduckgo.com] @11-02-2021 18:27:51.0972 PM
[ReportManager] Initial URL: [data:,] @11-02-2021 18:27:52.0061 PM
[ReportManager] Browser Action [navigateToURL] successfully performed. With the following test data [https://duckduckgo.com]. @11-02-2021 18:27:52.0776 P

################################################################################################################################################
Starting Execution:	[11 out of 134] test cases in the current suite
Test Method:		[unitTests.tests_browserActions.getWindowPosition]
################################################################################################################################################
[ReportManager] Browser Action [getWindowPosition] successfully performed. With the following test data [(0, 0)]. @11-02-2021 18:27:52.0847 P
[ReportManager] Target URL: [https://duckduckgo.com] @11-02-2021 18:27:52.0849 PM
[ReportManager] Initial URL: [https://duckduckgo.com] @11-02-2021 18:27:52.0943 PM
[ReportManager] Browser Action [navigateToURL] successfully performed. With the following test data [https://duckduckgo.com]. @11-02-2021 18:27:53.0383 PM
[ReportManager] Successfully created attachment [Selenium WebDriver Logs - server] @11-02-2021 18:27:53.0476 PM
[ReportManager] Successfully created attachment [Selenium WebDriver Logs - performance] @11-02-2021 18:27:53.0601 PM
[ReportManager] Successfully created attachment [Selenium WebDriver Logs - driver] @11-02-2021 18:27:53.0765 PM
[ReportManager] Browser Action [closeCurrentWindow] successfully performed. @11-02-2021 18:27:53.0824 PM
[ReportManager] Successfully created attachment [Browser Action Test Data - closeCurrentWindow - Actual Value] @11-02-2021 18:27:53.0825 P
[ReportManager] File Action [getAbsolutePath] successfully performed. With the following test data [Relative Folder Path: "target/downloadedFiles/"]. @11-02-2021 18:27:53.0827 PM
[ReportManager] Attempting to run remotely on: [Linux-64], [GoogleChrome], [http://localhost:4444/wd/hub], Headless Execution. @11-02-2021 18:27:53.0828 PM
[ReportManager] Successfully Opened [GoogleChrome]. @11-02-2021 18:27:54.0110 PM
[ReportManager] Target URL: [https://duckduckgo.com] @11-02-2021 18:27:54.0126 PM
[ReportManager] Initial URL: [data:,] @11-02-2021 18:27:54.0183 PM
[ReportManager] Browser Action [navigateToURL] successfully performed. With the following test data [https://duckduckgo.com]. @11-02-2021 18:27:54.0817 P

################################################################################################################################################
Starting Execution:	[12 out of 134] test cases in the current suite
Test Method:		[unitTests.tests_browserActions.getWindowSize]
################################################################################################################################################
[ReportManager] Browser Action [getWindowSize] successfully performed. With the following test data [(800, 600)]. @11-02-2021 18:27:54.0956 P
[ReportManager] Target URL: [https://duckduckgo.com] @11-02-2021 18:27:54.0960 PM
[ReportManager] Initial URL: [https://duckduckgo.com] @11-02-2021 18:27:55.0079 PM
[ReportManager] Browser Action [navigateToURL] successfully performed. With the following test data [https://duckduckgo.com]. @11-02-2021 18:27:55.0480 PM
[ReportManager] Successfully created attachment [Selenium WebDriver Logs - server] @11-02-2021 18:27:55.0567 PM
[ReportManager] Successfully created attachment [Selenium WebDriver Logs - performance] @11-02-2021 18:27:55.0695 PM
[ReportManager] Successfully created attachment [Selenium WebDriver Logs - driver] @11-02-2021 18:27:55.0858 PM
[ReportManager] Browser Action [closeCurrentWindow] successfully performed. @11-02-2021 18:27:55.0918 PM
[ReportManager] Successfully created attachment [Browser Action Test Data - closeCurrentWindow - Actual Value] @11-02-2021 18:27:55.0919 P
[ReportManager] File Action [getAbsolutePath] successfully performed. With the following test data [Relative Folder Path: "target/downloadedFiles/"]. @11-02-2021 18:27:55.0924 PM
[ReportManager] Attempting to run remotely on: [Linux-64], [GoogleChrome], [http://localhost:4444/wd/hub], Headless Execution. @11-02-2021 18:27:55.0924 PM
[ReportManager] Successfully Opened [GoogleChrome]. @11-02-2021 18:27:56.0187 PM
[ReportManager] Target URL: [https://duckduckgo.com] @11-02-2021 18:27:56.0201 PM
[ReportManager] Initial URL: [data:,] @11-02-2021 18:27:56.0271 PM
[ReportManager] Browser Action [navigateToURL] successfully performed. With the following test data [https://duckduckgo.com]. @11-02-2021 18:27:56.0898 P

################################################################################################################################################
Starting Execution:	[13 out of 134] test cases in the current suite
Test Method:		[unitTests.tests_browserActions.maximizeWindow]
################################################################################################################################################
[ReportManager] Initial window size: (800, 600) @11-02-2021 18:27:56.0917 PM
[ReportManager] Window size after Toolkit: (1920, 1080) @11-02-2021 18:27:57.0144 PM
[ReportManager] Browser Action [maximizeWindow] successfully performed. With the following test data [New screen size is now: (1920, 1080)]. @11-02-2021 18:27:57.0151 P
[ReportManager] Target URL: [https://duckduckgo.com] @11-02-2021 18:27:57.0152 PM
[ReportManager] Initial URL: [https://duckduckgo.com] @11-02-2021 18:27:57.0242 PM
[ReportManager] Browser Action [navigateToURL] successfully performed. With the following test data [https://duckduckgo.com]. @11-02-2021 18:27:57.0651 PM
[ReportManager] Successfully created attachment [Selenium WebDriver Logs - server] @11-02-2021 18:27:57.0721 PM
[ReportManager] Successfully created attachment [Selenium WebDriver Logs - performance] @11-02-2021 18:27:57.0838 PM
[ReportManager] Successfully created attachment [Selenium WebDriver Logs - driver] @11-02-2021 18:27:58.0012 PM
[ReportManager] Browser Action [closeCurrentWindow] successfully performed. @11-02-2021 18:27:58.0070 PM
[ReportManager] Successfully created attachment [Browser Action Test Data - closeCurrentWindow - Actual Value] @11-02-2021 18:27:58.0071 P
[ReportManager] File Action [getAbsolutePath] successfully performed. With the following test data [Relative Folder Path: "target/downloadedFiles/"]. @11-02-2021 18:27:58.0074 PM
[ReportManager] Attempting to run remotely on: [Linux-64], [GoogleChrome], [http://localhost:4444/wd/hub], Headless Execution. @11-02-2021 18:27:58.0074 PM
[ReportManager] Successfully Opened [GoogleChrome]. @11-02-2021 18:27:58.0364 PM
[ReportManager] Target URL: [https://duckduckgo.com] @11-02-2021 18:27:58.0387 PM
[ReportManager] Initial URL: [data:,] @11-02-2021 18:27:58.0447 PM
[ReportManager] Browser Action [navigateToURL] successfully performed. With the following test data [https://duckduckgo.com]. @11-02-2021 18:27:59.0071 P

################################################################################################################################################
Starting Execution:	[14 out of 134] test cases in the current suite
Test Method:		[unitTests.tests_browserActions.navigateBack]
################################################################################################################################################
[ReportManager] Target URL: [https://www.google.com/ncr], and after redirection: [https://www.google.com] @11-02-2021 18:27:59.0073 PM
[ReportManager] Initial URL: [https://duckduckgo.com] @11-02-2021 18:27:59.0164 PM
[ReportManager] Browser Action [navigateToURL] successfully performed. With the following test data [https://www.google.com/ncr]. @11-02-2021 18:28:00.0076 PM
[ReportManager] Browser Action [navigateBack] successfully performed. With the following test data [https://duckduckgo.com/]. @11-02-2021 18:28:00.0547 PM
[ReportManager] Confirming that navigating back was successful... @11-02-2021 18:28:00.0550 PM
[ReportManager] Browser Action [getCurrentURL] successfully performed. With the following test data [https://duckduckgo.com/]. @11-02-2021 18:28:00.0597 PM
[ReportManager] AssertBrowserAttribute PASSED; Expected [Value Should be 'https://duckduckgo.com' for the 'CurrentUrl' attribute] and Actual [https://duckduckgo.com/]. Comparison Type [CONTAINS]. Validation Type [POSITIVE]. @11-02-2021 18:28:00.0599 P
[ReportManager] Target URL: [https://duckduckgo.com] @11-02-2021 18:28:00.0603 PM
[ReportManager] Initial URL: [https://duckduckgo.com] @11-02-2021 18:28:00.0696 PM
[ReportManager] Browser Action [navigateToURL] successfully performed. With the following test data [https://duckduckgo.com]. @11-02-2021 18:28:01.0104 PM
[ReportManager] Successfully created attachment [Selenium WebDriver Logs - server] @11-02-2021 18:28:01.0197 PM
[ReportManager] Successfully created attachment [Selenium WebDriver Logs - performance] @11-02-2021 18:28:01.0403 PM
[ReportManager] Successfully created attachment [Selenium WebDriver Logs - driver] @11-02-2021 18:28:01.0667 PM
[ReportManager] Browser Action [closeCurrentWindow] successfully performed. @11-02-2021 18:28:01.0724 PM
[ReportManager] Successfully created attachment [Browser Action Test Data - closeCurrentWindow - Actual Value] @11-02-2021 18:28:01.0726 P
[ReportManager] File Action [getAbsolutePath] successfully performed. With the following test data [Relative Folder Path: "target/downloadedFiles/"]. @11-02-2021 18:28:01.0728 PM
[ReportManager] Attempting to run remotely on: [Linux-64], [GoogleChrome], [http://localhost:4444/wd/hub], Headless Execution. @11-02-2021 18:28:01.0728 PM
[ReportManager] Successfully Opened [GoogleChrome]. @11-02-2021 18:28:02.0022 PM
[ReportManager] Target URL: [https://duckduckgo.com] @11-02-2021 18:28:02.0036 PM
[ReportManager] Initial URL: [data:,] @11-02-2021 18:28:02.0090 PM
[ReportManager] Browser Action [navigateToURL] successfully performed. With the following test data [https://duckduckgo.com]. @11-02-2021 18:28:02.0760 P

################################################################################################################################################
Starting Execution:	[15 out of 134] test cases in the current suite
Test Method:		[unitTests.tests_browserActions.navigateForward]
################################################################################################################################################
[ReportManager] Target URL: [https://www.google.com/ncr], and after redirection: [https://www.google.com] @11-02-2021 18:28:02.0763 PM
[ReportManager] Initial URL: [https://duckduckgo.com] @11-02-2021 18:28:02.0840 PM
[ReportManager] Browser Action [navigateToURL] successfully performed. With the following test data [https://www.google.com/ncr]. @11-02-2021 18:28:03.0740 PM
[ReportManager] Browser Action [navigateBack] successfully performed. With the following test data [https://duckduckgo.com/]. @11-02-2021 18:28:04.0227 PM
[ReportManager] Browser Action [navigateForward] successfully performed. With the following test data [https://www.google.com/]. @11-02-2021 18:28:04.0709 P
[ReportManager] Target URL: [https://duckduckgo.com] @11-02-2021 18:28:04.0714 PM
[ReportManager] Initial URL: [https://www.google.com] @11-02-2021 18:28:04.0831 PM
[ReportManager] Browser Action [navigateToURL] successfully performed. With the following test data [https://duckduckgo.com]. @11-02-2021 18:28:05.0426 PM
[ReportManager] Successfully created attachment [Selenium WebDriver Logs - server] @11-02-2021 18:28:05.0513 PM
[ReportManager] Successfully created attachment [Selenium WebDriver Logs - performance] @11-02-2021 18:28:05.0718 PM
[ReportManager] Successfully created attachment [Selenium WebDriver Logs - driver] @11-02-2021 18:28:06.0030 PM
[ReportManager] Browser Action [closeCurrentWindow] successfully performed. @11-02-2021 18:28:06.0093 PM
[ReportManager] Successfully created attachment [Browser Action Test Data - closeCurrentWindow - Actual Value] @11-02-2021 18:28:06.0094 P
[ReportManager] File Action [getAbsolutePath] successfully performed. With the following test data [Relative Folder Path: "target/downloadedFiles/"]. @11-02-2021 18:28:06.0097 PM
[ReportManager] Attempting to run remotely on: [Linux-64], [GoogleChrome], [http://localhost:4444/wd/hub], Headless Execution. @11-02-2021 18:28:06.0098 PM
[ReportManager] Successfully Opened [GoogleChrome]. @11-02-2021 18:28:06.0334 PM
[ReportManager] Target URL: [https://duckduckgo.com] @11-02-2021 18:28:06.0352 PM
[ReportManager] Initial URL: [data:,] @11-02-2021 18:28:06.0411 PM
[ReportManager] Browser Action [navigateToURL] successfully performed. With the following test data [https://duckduckgo.com]. @11-02-2021 18:28:07.0013 P

################################################################################################################################################
Starting Execution:	[16 out of 134] test cases in the current suite
Test Method:		[unitTests.tests_browserActions.navigateToURL]
################################################################################################################################################
[ReportManager] Target URL: [https://duckduckgo.com] @11-02-2021 18:28:07.0016 PM
[ReportManager] Initial URL: [https://duckduckgo.com] @11-02-2021 18:28:07.0105 PM
[ReportManager] Browser Action [navigateToURL] successfully performed. With the following test data [https://duckduckgo.com]. @11-02-2021 18:28:07.0518 P
[ReportManager] Target URL: [https://duckduckgo.com] @11-02-2021 18:28:07.0524 PM
[ReportManager] Initial URL: [https://duckduckgo.com] @11-02-2021 18:28:07.0602 PM
[ReportManager] Browser Action [navigateToURL] successfully performed. With the following test data [https://duckduckgo.com]. @11-02-2021 18:28:08.0021 PM
[ReportManager] Successfully created attachment [Selenium WebDriver Logs - server] @11-02-2021 18:28:08.0127 PM
[ReportManager] Successfully created attachment [Selenium WebDriver Logs - performance] @11-02-2021 18:28:08.0321 PM
[ReportManager] Successfully created attachment [Selenium WebDriver Logs - driver] @11-02-2021 18:28:08.0545 PM
[ReportManager] Browser Action [closeCurrentWindow] successfully performed. @11-02-2021 18:28:08.0603 PM
[ReportManager] Successfully created attachment [Browser Action Test Data - closeCurrentWindow - Actual Value] @11-02-2021 18:28:08.0604 P
[ReportManager] File Action [getAbsolutePath] successfully performed. With the following test data [Relative Folder Path: "target/downloadedFiles/"]. @11-02-2021 18:28:08.0610 PM
[ReportManager] Attempting to run remotely on: [Linux-64], [GoogleChrome], [http://localhost:4444/wd/hub], Headless Execution. @11-02-2021 18:28:08.0611 PM
[ReportManager] Successfully Opened [GoogleChrome]. @11-02-2021 18:28:08.0842 PM
[ReportManager] Target URL: [https://duckduckgo.com] @11-02-2021 18:28:08.0875 PM
[ReportManager] Initial URL: [data:,] @11-02-2021 18:28:08.0935 PM
[ReportManager] Browser Action [navigateToURL] successfully performed. With the following test data [https://duckduckgo.com]. @11-02-2021 18:28:09.0541 P

################################################################################################################################################
Starting Execution:	[17 out of 134] test cases in the current suite
Test Method:		[unitTests.tests_browserActions.navigateToURLWithRedirection]
################################################################################################################################################
[ReportManager] Target URL: [https://www.google.com/ncr], and after redirection: [https://www.google.com] @11-02-2021 18:28:09.0554 PM
[ReportManager] Initial URL: [https://duckduckgo.com] @11-02-2021 18:28:09.0645 PM
[ReportManager] Browser Action [navigateToURL] successfully performed. With the following test data [https://www.google.com/ncr]. @11-02-2021 18:28:10.0531 P
[ReportManager] Target URL: [https://duckduckgo.com] @11-02-2021 18:28:10.0533 PM
[ReportManager] Initial URL: [https://www.google.com] @11-02-2021 18:28:10.0628 PM
[ReportManager] Browser Action [navigateToURL] successfully performed. With the following test data [https://duckduckgo.com]. @11-02-2021 18:28:11.0234 PM
[ReportManager] Successfully created attachment [Selenium WebDriver Logs - server] @11-02-2021 18:28:11.0319 PM
[ReportManager] Successfully created attachment [Selenium WebDriver Logs - performance] @11-02-2021 18:28:11.0438 PM
[ReportManager] Successfully created attachment [Selenium WebDriver Logs - driver] @11-02-2021 18:28:11.0623 PM
[ReportManager] Browser Action [closeCurrentWindow] successfully performed. @11-02-2021 18:28:11.0681 PM
[ReportManager] Successfully created attachment [Browser Action Test Data - closeCurrentWindow - Actual Value] @11-02-2021 18:28:11.0681 P
[ReportManager] File Action [getAbsolutePath] successfully performed. With the following test data [Relative Folder Path: "target/downloadedFiles/"]. @11-02-2021 18:28:11.0684 PM
[ReportManager] Attempting to run remotely on: [Linux-64], [GoogleChrome], [http://localhost:4444/wd/hub], Headless Execution. @11-02-2021 18:28:11.0685 PM
[ReportManager] Successfully Opened [GoogleChrome]. @11-02-2021 18:28:11.0939 PM
[ReportManager] Target URL: [https://duckduckgo.com] @11-02-2021 18:28:11.0951 PM
[ReportManager] Initial URL: [data:,] @11-02-2021 18:28:12.0021 PM
[ReportManager] Browser Action [navigateToURL] successfully performed. With the following test data [https://duckduckgo.com]. @11-02-2021 18:28:12.0709 P

################################################################################################################################################
Starting Execution:	[18 out of 134] test cases in the current suite
Test Method:		[unitTests.tests_browserActions.refreshCurrentPage]
################################################################################################################################################
[ReportManager] Browser Action [refreshCurrentPage] successfully performed. @11-02-2021 18:28:12.0980 PM
[ReportManager] Successfully created attachment [Browser Action Test Data - refreshCurrentPage - Actual Value] @11-02-2021 18:28:12.0981 P
[ReportManager] Target URL: [https://duckduckgo.com] @11-02-2021 18:28:12.0984 PM
[ReportManager] Initial URL: [https://duckduckgo.com] @11-02-2021 18:28:13.0066 PM
[ReportManager] Browser Action [navigateToURL] successfully performed. With the following test data [https://duckduckgo.com]. @11-02-2021 18:28:13.0409 PM
[ReportManager] Successfully created attachment [Selenium WebDriver Logs - server] @11-02-2021 18:28:13.0481 PM
[ReportManager] Successfully created attachment [Selenium WebDriver Logs - performance] @11-02-2021 18:28:13.0668 PM
[ReportManager] Successfully created attachment [Selenium WebDriver Logs - driver] @11-02-2021 18:28:13.0887 PM
[ReportManager] Browser Action [closeCurrentWindow] successfully performed. @11-02-2021 18:28:13.0944 PM
[ReportManager] Successfully created attachment [Browser Action Test Data - closeCurrentWindow - Actual Value] @11-02-2021 18:28:13.0945 P
[ReportManager] File Action [getAbsolutePath] successfully performed. With the following test data [Relative Folder Path: "target/downloadedFiles/"]. @11-02-2021 18:28:13.0949 PM
[ReportManager] Attempting to run remotely on: [Linux-64], [GoogleChrome], [http://localhost:4444/wd/hub], Headless Execution. @11-02-2021 18:28:13.0950 PM
[ReportManager] Successfully Opened [GoogleChrome]. @11-02-2021 18:28:14.0204 PM
[ReportManager] Target URL: [https://duckduckgo.com] @11-02-2021 18:28:14.0217 PM
[ReportManager] Initial URL: [data:,] @11-02-2021 18:28:14.0274 PM
[ReportManager] Browser Action [navigateToURL] successfully performed. With the following test data [https://duckduckgo.com]. @11-02-2021 18:28:14.0858 P

################################################################################################################################################
Starting Execution:	[19 out of 134] test cases in the current suite
Test Method:		[unitTests.tests_browserActions.setWindowSize]
################################################################################################################################################
[ReportManager] Initial window size: (800, 600) @11-02-2021 18:28:14.0879 PM
[ReportManager] Window size after SWD: (1280, 720) @11-02-2021 18:28:15.0099 PM
[ReportManager] Browser Action [setWindowSize] successfully performed. With the following test data [New screen size is now: (1280, 720)]. @11-02-2021 18:28:15.0100 P
[ReportManager] Target URL: [https://duckduckgo.com] @11-02-2021 18:28:15.0101 PM
[ReportManager] Initial URL: [https://duckduckgo.com] @11-02-2021 18:28:15.0182 PM
[ReportManager] Browser Action [navigateToURL] successfully performed. With the following test data [https://duckduckgo.com]. @11-02-2021 18:28:15.0593 PM
[ReportManager] Successfully created attachment [Selenium WebDriver Logs - server] @11-02-2021 18:28:15.0674 PM
[ReportManager] Successfully created attachment [Selenium WebDriver Logs - performance] @11-02-2021 18:28:15.0812 PM
[ReportManager] Successfully created attachment [Selenium WebDriver Logs - driver] @11-02-2021 18:28:15.0968 PM
[ReportManager] Browser Action [closeCurrentWindow] successfully performed. @11-02-2021 18:28:16.0026 PM
[ReportManager] Successfully created attachment [Browser Action Test Data - closeCurrentWindow - Actual Value] @11-02-2021 18:28:16.0027 P

################################################################################################################################################
Starting Execution:	[20 out of 134] test cases in the current suite
Test Method:		[unitTests.tests_restActions.getPostsAndAssertBodyForSpecificTitle]
################################################################################################################################################
[ReportManager] Response status code: [200], status line: [HTTP/1.1 200 OK] @11-02-2021 18:28:18.0779 PM
[ReportManager] Evaluating the actual response status code against the expected one...... @11-02-2021 18:28:18.0779 PM
[ReportManager] AssertEquals PASSED; Expected [200] and Actual [200]. Comparison Type [EQUALS]. Validation Type [POSITIVE]. @11-02-2021 18:28:18.0779 PM
[ReportManager] API Action [performRequest] successfully performed. With the following test data [Request Type: "GET" | Target Status Code: "200" | Service URL: "https://jsonplaceholder.typicode.com/posts" | Content Type: "*/*" | Response Time: "986ms"]. @11-02-2021 18:28:19.0981 PM
[ReportManager] Successfully created attachment [API Response - JSON Body] @11-02-2021 18:28:19.0986 PM
[ReportManager] API Action [getResponseJSONValueAsList] successfully performed. @11-02-2021 18:28:20.0032 PM
[ReportManager] API Action [getResponseJSONValue] successfully performed. With the following test data [title]. @11-02-2021 18:28:20.0065 PM
[ReportManager] API Action [getResponseJSONValue] successfully performed. With the following test data [title]. @11-02-2021 18:28:20.0082 PM
[ReportManager] API Action [getResponseJSONValue] successfully performed. With the following test data [body]. @11-02-2021 18:28:20.0101 PM
[ReportManager] AssertEquals PASSED; Expected [qui neque nisi nulla] and Actual [est rerum tempore vitae
sequi sint nihil reprehenderit dolor beatae ea dolores neque
fugiat blanditiis voluptate porro vel nihil molestiae ut reiciendis
qui aperiam non debitis possimus qui neque nisi nulla]. Comparison Type [CONTAINS]. Validation Type [POSITIVE]. @11-02-2021 18:28:20.0102 PM
[ReportManager] API Action [getResponseJSONValue] successfully performed. With the following test data [title]. @11-02-2021 18:28:20.0118 PM
[ReportManager] API Action [getResponseJSONValue] successfully performed. With the following test data [title]. @11-02-2021 18:28:20.0133 PM
[ReportManager] API Action [getResponseJSONValue] successfully performed. With the following test data [title]. @11-02-2021 18:28:20.0151 PM
[ReportManager] API Action [getResponseJSONValue] successfully performed. With the following test data [title]. @11-02-2021 18:28:20.0168 PM
[ReportManager] API Action [getResponseJSONValue] successfully performed. With the following test data [title]. @11-02-2021 18:28:20.0185 PM
[ReportManager] API Action [getResponseJSONValue] successfully performed. With the following test data [title]. @11-02-2021 18:28:20.0203 PM
[ReportManager] API Action [getResponseJSONValue] successfully performed. With the following test data [title]. @11-02-2021 18:28:20.0220 PM
[ReportManager] API Action [getResponseJSONValue] successfully performed. With the following test data [title]. @11-02-2021 18:28:20.0239 PM
[ReportManager] API Action [getResponseJSONValue] successfully performed. With the following test data [title]. @11-02-2021 18:28:20.0257 PM
[ReportManager] API Action [getResponseJSONValue] successfully performed. With the following test data [title]. @11-02-2021 18:28:20.0271 PM
[ReportManager] API Action [getResponseJSONValue] successfully performed. With the following test data [title]. @11-02-2021 18:28:20.0292 PM
[ReportManager] API Action [getResponseJSONValue] successfully performed. With the following test data [title]. @11-02-2021 18:28:20.0319 PM
[ReportManager] API Action [getResponseJSONValue] successfully performed. With the following test data [title]. @11-02-2021 18:28:20.0332 PM
[ReportManager] API Action [getResponseJSONValue] successfully performed. With the following test data [title]. @11-02-2021 18:28:20.0348 PM
[ReportManager] API Action [getResponseJSONValue] successfully performed. With the following test data [title]. @11-02-2021 18:28:20.0366 PM
[ReportManager] API Action [getResponseJSONValue] successfully performed. With the following test data [title]. @11-02-2021 18:28:20.0381 PM
[ReportManager] API Action [getResponseJSONValue] successfully performed. With the following test data [title]. @11-02-2021 18:28:20.0392 PM
[ReportManager] API Action [getResponseJSONValue] successfully performed. With the following test data [title]. @11-02-2021 18:28:20.0407 PM
[ReportManager] API Action [getResponseJSONValue] successfully performed. With the following test data [title]. @11-02-2021 18:28:20.0419 PM
[ReportManager] API Action [getResponseJSONValue] successfully performed. With the following test data [title]. @11-02-2021 18:28:20.0436 PM
[ReportManager] API Action [getResponseJSONValue] successfully performed. With the following test data [title]. @11-02-2021 18:28:20.0463 PM
[ReportManager] API Action [getResponseJSONValue] successfully performed. With the following test data [title]. @11-02-2021 18:28:20.0482 PM
[ReportManager] API Action [getResponseJSONValue] successfully performed. With the following test data [title]. @11-02-2021 18:28:20.0492 PM
[ReportManager] API Action [getResponseJSONValue] successfully performed. With the following test data [title]. @11-02-2021 18:28:20.0501 PM
[ReportManager] API Action [getResponseJSONValue] successfully performed. With the following test data [title]. @11-02-2021 18:28:20.0511 PM
[ReportManager] API Action [getResponseJSONValue] successfully performed. With the following test data [title]. @11-02-2021 18:28:20.0520 PM
[ReportManager] API Action [getResponseJSONValue] successfully performed. With the following test data [title]. @11-02-2021 18:28:20.0528 PM
[ReportManager] API Action [getResponseJSONValue] successfully performed. With the following test data [title]. @11-02-2021 18:28:20.0538 PM
[ReportManager] API Action [getResponseJSONValue] successfully performed. With the following test data [title]. @11-02-2021 18:28:20.0546 PM
[ReportManager] API Action [getResponseJSONValue] successfully performed. With the following test data [title]. @11-02-2021 18:28:20.0555 PM
[ReportManager] API Action [getResponseJSONValue] successfully performed. With the following test data [title]. @11-02-2021 18:28:20.0564 PM
[ReportManager] API Action [getResponseJSONValue] successfully performed. With the following test data [title]. @11-02-2021 18:28:20.0573 PM
[ReportManager] API Action [getResponseJSONValue] successfully performed. With the following test data [title]. @11-02-2021 18:28:20.0582 PM
[ReportManager] API Action [getResponseJSONValue] successfully performed. With the following test data [title]. @11-02-2021 18:28:20.0598 PM
[ReportManager] API Action [getResponseJSONValue] successfully performed. With the following test data [title]. @11-02-2021 18:28:20.0610 PM
[ReportManager] API Action [getResponseJSONValue] successfully performed. With the following test data [title]. @11-02-2021 18:28:20.0620 PM
[ReportManager] API Action [getResponseJSONValue] successfully performed. With the following test data [title]. @11-02-2021 18:28:20.0634 PM
[ReportManager] API Action [getResponseJSONValue] successfully performed. With the following test data [title]. @11-02-2021 18:28:20.0646 PM
[ReportManager] API Action [getResponseJSONValue] successfully performed. With the following test data [title]. @11-02-2021 18:28:20.0667 PM
[ReportManager] API Action [getResponseJSONValue] successfully performed. With the following test data [title]. @11-02-2021 18:28:20.0677 PM
[ReportManager] API Action [getResponseJSONValue] successfully performed. With the following test data [title]. @11-02-2021 18:28:20.0687 PM
[ReportManager] API Action [getResponseJSONValue] successfully performed. With the following test data [title]. @11-02-2021 18:28:20.0699 PM
[ReportManager] API Action [getResponseJSONValue] successfully performed. With the following test data [title]. @11-02-2021 18:28:20.0720 PM
[ReportManager] API Action [getResponseJSONValue] successfully performed. With the following test data [title]. @11-02-2021 18:28:20.0733 PM
[ReportManager] API Action [getResponseJSONValue] successfully performed. With the following test data [title]. @11-02-2021 18:28:20.0742 PM
[ReportManager] API Action [getResponseJSONValue] successfully performed. With the following test data [title]. @11-02-2021 18:28:20.0751 PM
[ReportManager] API Action [getResponseJSONValue] successfully performed. With the following test data [title]. @11-02-2021 18:28:20.0759 PM
[ReportManager] API Action [getResponseJSONValue] successfully performed. With the following test data [title]. @11-02-2021 18:28:20.0768 PM
[ReportManager] API Action [getResponseJSONValue] successfully performed. With the following test data [title]. @11-02-2021 18:28:20.0777 PM
[ReportManager] API Action [getResponseJSONValue] successfully performed. With the following test data [title]. @11-02-2021 18:28:20.0785 PM
[ReportManager] API Action [getResponseJSONValue] successfully performed. With the following test data [title]. @11-02-2021 18:28:20.0794 PM
[ReportManager] API Action [getResponseJSONValue] successfully performed. With the following test data [title]. @11-02-2021 18:28:20.0802 PM
[ReportManager] API Action [getResponseJSONValue] successfully performed. With the following test data [title]. @11-02-2021 18:28:20.0811 PM
[ReportManager] API Action [getResponseJSONValue] successfully performed. With the following test data [title]. @11-02-2021 18:28:20.0819 PM
[ReportManager] API Action [getResponseJSONValue] successfully performed. With the following test data [title]. @11-02-2021 18:28:20.0828 PM
[ReportManager] API Action [getResponseJSONValue] successfully performed. With the following test data [title]. @11-02-2021 18:28:20.0836 PM
[ReportManager] API Action [getResponseJSONValue] successfully performed. With the following test data [title]. @11-02-2021 18:28:20.0845 PM
[ReportManager] API Action [getResponseJSONValue] successfully performed. With the following test data [title]. @11-02-2021 18:28:20.0853 PM
[ReportManager] API Action [getResponseJSONValue] successfully performed. With the following test data [title]. @11-02-2021 18:28:20.0862 PM
[ReportManager] API Action [getResponseJSONValue] successfully performed. With the following test data [title]. @11-02-2021 18:28:20.0886 PM
[ReportManager] API Action [getResponseJSONValue] successfully performed. With the following test data [title]. @11-02-2021 18:28:20.0894 PM
[ReportManager] API Action [getResponseJSONValue] successfully performed. With the following test data [title]. @11-02-2021 18:28:20.0903 PM
[ReportManager] API Action [getResponseJSONValue] successfully performed. With the following test data [title]. @11-02-2021 18:28:20.0911 PM
[ReportManager] API Action [getResponseJSONValue] successfully performed. With the following test data [title]. @11-02-2021 18:28:20.0920 PM
[ReportManager] API Action [getResponseJSONValue] successfully performed. With the following test data [title]. @11-02-2021 18:28:20.0960 PM
[ReportManager] API Action [getResponseJSONValue] successfully performed. With the following test data [title]. @11-02-2021 18:28:20.0969 PM
[ReportManager] API Action [getResponseJSONValue] successfully performed. With the following test data [title]. @11-02-2021 18:28:20.0977 PM
[ReportManager] API Action [getResponseJSONValue] successfully performed. With the following test data [title]. @11-02-2021 18:28:20.0986 PM
[ReportManager] API Action [getResponseJSONValue] successfully performed. With the following test data [title]. @11-02-2021 18:28:20.0994 PM
[ReportManager] API Action [getResponseJSONValue] successfully performed. With the following test data [title]. @11-02-2021 18:28:21.0003 PM
[ReportManager] API Action [getResponseJSONValue] successfully performed. With the following test data [title]. @11-02-2021 18:28:21.0011 PM
[ReportManager] API Action [getResponseJSONValue] successfully performed. With the following test data [title]. @11-02-2021 18:28:21.0019 PM
[ReportManager] API Action [getResponseJSONValue] successfully performed. With the following test data [title]. @11-02-2021 18:28:21.0028 PM
[ReportManager] API Action [getResponseJSONValue] successfully performed. With the following test data [title]. @11-02-2021 18:28:21.0037 PM
[ReportManager] API Action [getResponseJSONValue] successfully performed. With the following test data [title]. @11-02-2021 18:28:21.0046 PM
[ReportManager] API Action [getResponseJSONValue] successfully performed. With the following test data [title]. @11-02-2021 18:28:21.0055 PM
[ReportManager] API Action [getResponseJSONValue] successfully performed. With the following test data [title]. @11-02-2021 18:28:21.0063 PM
[ReportManager] API Action [getResponseJSONValue] successfully performed. With the following test data [title]. @11-02-2021 18:28:21.0072 PM
[ReportManager] API Action [getResponseJSONValue] successfully performed. With the following test data [title]. @11-02-2021 18:28:21.0080 PM
[ReportManager] API Action [getResponseJSONValue] successfully performed. With the following test data [title]. @11-02-2021 18:28:21.0089 PM
[ReportManager] API Action [getResponseJSONValue] successfully performed. With the following test data [title]. @11-02-2021 18:28:21.0097 PM
[ReportManager] API Action [getResponseJSONValue] successfully performed. With the following test data [title]. @11-02-2021 18:28:21.0105 PM
[ReportManager] API Action [getResponseJSONValue] successfully performed. With the following test data [title]. @11-02-2021 18:28:21.0114 PM
[ReportManager] API Action [getResponseJSONValue] successfully performed. With the following test data [title]. @11-02-2021 18:28:21.0122 PM
[ReportManager] API Action [getResponseJSONValue] successfully performed. With the following test data [title]. @11-02-2021 18:28:21.0131 PM
[ReportManager] API Action [getResponseJSONValue] successfully performed. With the following test data [title]. @11-02-2021 18:28:21.0139 PM
[ReportManager] API Action [getResponseJSONValue] successfully performed. With the following test data [title]. @11-02-2021 18:28:21.0147 PM
[ReportManager] API Action [getResponseJSONValue] successfully performed. With the following test data [title]. @11-02-2021 18:28:21.0155 PM
[ReportManager] API Action [getResponseJSONValue] successfully performed. With the following test data [title]. @11-02-2021 18:28:21.0163 PM
[ReportManager] API Action [getResponseJSONValue] successfully performed. With the following test data [title]. @11-02-2021 18:28:21.0171 PM
[ReportManager] API Action [getResponseJSONValue] successfully performed. With the following test data [title]. @11-02-2021 18:28:21.0180 PM
[ReportManager] API Action [getResponseJSONValue] successfully performed. With the following test data [title]. @11-02-2021 18:28:21.0188 PM
[ReportManager] API Action [getResponseJSONValue] successfully performed. With the following test data [title]. @11-02-2021 18:28:21.0196 PM
[ReportManager] API Action [getResponseJSONValue] successfully performed. With the following test data [title]. @11-02-2021 18:28:21.0204 PM
[ReportManager] API Action [getResponseJSONValue] successfully performed. With the following test data [title]. @11-02-2021 18:28:21.0212 PM
[ReportManager] API Action [getResponseJSONValue] successfully performed. With the following test data [title]. @11-02-2021 18:28:21.0220 PM
[ReportManager] API Action [getResponseJSONValue] successfully performed. With the following test data [title]. @11-02-2021 18:28:21.0229 PM
[ReportManager] API Action [getResponseJSONValue] successfully performed. With the following test data [title]. @11-02-2021 18:28:21.0237 P

################################################################################################################################################
Starting Execution:	[21 out of 134] test cases in the current suite
Test Method:		[unitTests.tests_restActions.validateUserEmail]
################################################################################################################################################
[ReportManager] Response status code: [200], status line: [HTTP/1.1 200 OK] @11-02-2021 18:28:21.0395 PM
[ReportManager] Evaluating the actual response status code against the expected one...... @11-02-2021 18:28:21.0395 PM
[ReportManager] AssertEquals PASSED; Expected [200] and Actual [200]. Comparison Type [EQUALS]. Validation Type [POSITIVE]. @11-02-2021 18:28:21.0395 PM
[ReportManager] API Action [performRequest] successfully performed. With the following test data [Request Type: "GET" | Target Status Code: "200" | Service URL: "https://jsonplaceholder.typicode.com/users" | Content Type: "*/*" | Response Time: "74ms"]. @11-02-2021 18:28:21.0428 PM
[ReportManager] Successfully created attachment [API Response - JSON Body] @11-02-2021 18:28:21.0428 PM
[ReportManager] AssertEquals PASSED; Expected and Actual values are attached. Comparison Type [CONTAINS]. Validation Type [POSITIVE]. @11-02-2021 18:28:21.0428 PM
[ReportManager] Successfully created attachment [Validation Test Data - Expected Value] @11-02-2021 18:28:21.0429 PM
[ReportManager] Successfully created attachment [Validation Test Data - Actual Value] @11-02-2021 18:28:21.0429 PM
[ReportManager] API Action [getResponseJSONValueAsList] successfully performed. With the following test data [$]. @11-02-2021 18:28:21.0438 PM
[ReportManager] API Action [getResponseJSONValue] successfully performed. With the following test data [name]. @11-02-2021 18:28:21.0450 PM
[ReportManager] API Action [getResponseJSONValue] successfully performed. With the following test data [email]. @11-02-2021 18:28:21.0462 PM
[ReportManager] AssertEquals PASSED; Expected [Sincere@april.biz] and Actual [Sincere@april.biz]. Comparison Type [EQUALS]. Validation Type [POSITIVE]. @11-02-2021 18:28:21.0462 PM
[ReportManager] API Action [getResponseJSONValue] successfully performed. With the following test data [name]. @11-02-2021 18:28:21.0472 PM
[ReportManager] API Action [getResponseJSONValue] successfully performed. With the following test data [name]. @11-02-2021 18:28:21.0486 PM
[ReportManager] API Action [getResponseJSONValue] successfully performed. With the following test data [name]. @11-02-2021 18:28:21.0495 PM
[ReportManager] API Action [getResponseJSONValue] successfully performed. With the following test data [name]. @11-02-2021 18:28:21.0505 PM
[ReportManager] API Action [getResponseJSONValue] successfully performed. With the following test data [name]. @11-02-2021 18:28:21.0515 PM
[ReportManager] API Action [getResponseJSONValue] successfully performed. With the following test data [name]. @11-02-2021 18:28:21.0524 PM
[ReportManager] API Action [getResponseJSONValue] successfully performed. With the following test data [name]. @11-02-2021 18:28:21.0534 PM
[ReportManager] API Action [getResponseJSONValue] successfully performed. With the following test data [name]. @11-02-2021 18:28:21.0544 PM
[ReportManager] API Action [getResponseJSONValue] successfully performed. With the following test data [name]. @11-02-2021 18:28:21.0553 P
[ReportManager] Successfully loaded the following test data file [src/test/resources/TestDataFiles/testSuite01/TestData.xlsx]. @11-02-2021 18:28:22.0452 PM
[ReportManager] Successfully created attachment [Test Data - Excel] @11-02-2021 18:28:22.0453 P

################################################################################################################################################
Starting Execution:	[22 out of 134] test cases in the current suite
Test Method:		[unitTests.tests_io_excelFileManager.getCellData_rowName_expectedToPass]
################################################################################################################################################
[ReportManager] testRowData. @11-02-2021 18:28:22.0471 P

################################################################################################################################################
Starting Execution:	[23 out of 134] test cases in the current suite
Test Method:		[unitTests.tests_validations_assertions.assertComparativeRelation_greaterThanOrEquals_false_equals_expectedToFail]
################################################################################################################################################
[ReportManager] AssertComparativeRelation FAILED; Expected [1] and Actual [1]. Comparison Type [GREATER_THAN_OR_EQUALS]. Validation Type [NEGATIVE]. @11-02-2021 18:28:22.0477 P

################################################################################################################################################
Starting Execution:	[24 out of 134] test cases in the current suite
Test Method:		[unitTests.tests_validations_assertions.assertComparativeRelation_greaterThanOrEquals_false_equals_expectedToPass]
################################################################################################################################################
[ReportManager] AssertComparativeRelation PASSED; Expected [2] and Actual [1]. Comparison Type [GREATER_THAN_OR_EQUALS]. Validation Type [NEGATIVE]. @11-02-2021 18:28:22.0481 P

################################################################################################################################################
Starting Execution:	[25 out of 134] test cases in the current suite
Test Method:		[unitTests.tests_validations_assertions.assertComparativeRelation_greaterThanOrEquals_false_greaterThan_expectedToFail]
################################################################################################################################################
[ReportManager] AssertComparativeRelation FAILED; Expected [1] and Actual [2]. Comparison Type [GREATER_THAN_OR_EQUALS]. Validation Type [NEGATIVE]. @11-02-2021 18:28:22.0484 P

################################################################################################################################################
Starting Execution:	[26 out of 134] test cases in the current suite
Test Method:		[unitTests.tests_validations_assertions.assertComparativeRelation_greaterThanOrEquals_false_greaterThan_expectedToPass]
################################################################################################################################################
[ReportManager] AssertComparativeRelation PASSED; Expected [2] and Actual [1]. Comparison Type [GREATER_THAN_OR_EQUALS]. Validation Type [NEGATIVE]. @11-02-2021 18:28:22.0491 P

################################################################################################################################################
Starting Execution:	[27 out of 134] test cases in the current suite
Test Method:		[unitTests.tests_validations_assertions.assertComparativeRelation_greaterThanOrEquals_true_equals_expectedToFail]
################################################################################################################################################
[ReportManager] AssertComparativeRelation FAILED; Expected [1] and Actual [0]. Comparison Type [GREATER_THAN_OR_EQUALS]. Validation Type [POSITIVE]. @11-02-2021 18:28:22.0498 P

################################################################################################################################################
Starting Execution:	[28 out of 134] test cases in the current suite
Test Method:		[unitTests.tests_validations_assertions.assertComparativeRelation_greaterThanOrEquals_true_equals_expectedToPass]
################################################################################################################################################
[ReportManager] AssertComparativeRelation PASSED; Expected [1] and Actual [1]. Comparison Type [GREATER_THAN_OR_EQUALS]. Validation Type [POSITIVE]. @11-02-2021 18:28:22.0508 P

################################################################################################################################################
Starting Execution:	[29 out of 134] test cases in the current suite
Test Method:		[unitTests.tests_validations_assertions.assertComparativeRelation_greaterThanOrEquals_true_greaterThan_expectedToFail]
################################################################################################################################################
[ReportManager] AssertComparativeRelation FAILED; Expected [2] and Actual [1]. Comparison Type [GREATER_THAN_OR_EQUALS]. Validation Type [POSITIVE]. @11-02-2021 18:28:22.0521 P

################################################################################################################################################
Starting Execution:	[30 out of 134] test cases in the current suite
Test Method:		[unitTests.tests_validations_assertions.assertComparativeRelation_greaterThanOrEquals_true_greaterThan_expectedToPass]
################################################################################################################################################
[ReportManager] AssertComparativeRelation PASSED; Expected [1] and Actual [2]. Comparison Type [GREATER_THAN_OR_EQUALS]. Validation Type [POSITIVE]. @11-02-2021 18:28:22.0526 P
[ReportManager] File Action [getAbsolutePath] successfully performed. With the following test data [Relative Folder Path: "target/downloadedFiles/"]. @11-02-2021 18:28:22.0532 PM
[ReportManager] Attempting to run remotely on: [Linux-64], [GoogleChrome], [http://localhost:4444/wd/hub], Headless Execution. @11-02-2021 18:28:22.0535 PM
[ReportManager] Successfully Opened [GoogleChrome]. @11-02-2021 18:28:22.0845 PM
[ReportManager] Target URL: [https://www.google.com/ncr], and after redirection: [www.google.com] @11-02-2021 18:28:22.0859 PM
[ReportManager] Initial URL: [data:,] @11-02-2021 18:28:22.0936 PM
[ReportManager] Browser Action [navigateToURL] successfully performed. With the following test data [https://www.google.com/ncr]. @11-02-2021 18:28:23.0889 P

################################################################################################################################################
Starting Execution:	[31 out of 134] test cases in the current suite
Test Method:		[unitTests.tests_validations_assertions.assertElementAttribute_false_caseInsensitiveComparison_expectedToFail]
################################################################################################################################################
[ReportManager] Element Action [type] successfully performed. With the following test data [AUTOMATION]. @11-02-2021 18:28:24.0614 PM
[ReportManager] Element Action [getText] successfully performed. With the following test data [AUTOMATION]. @11-02-2021 18:28:24.0773 PM
[ReportManager] Loaded Shared OpenCV @11-02-2021 18:28:25.0504 PM
[ReportManager] AssertElementAttribute FAILED; Expected [Value Should not be 'AutomaTion' for the 'text' attribute, element locator 'By.name: q'] and Actual [AUTOMATION]. Comparison Type [CASE_INSENSITIVE]. Validation Type [NEGATIVE]. @11-02-2021 18:28:25.0657 PM
[ReportManager] Successfully created attachment [Screenshot - 1613068104981_assertElementAttribute_false_caseInsensitiveComparison_expectedToFail_AssertElementAttribute_failed] @11-02-2021 18:28:25.0658 P
[ReportManager] Successfully created attachment [Selenium WebDriver Logs - server] @11-02-2021 18:28:25.0752 PM
[ReportManager] Successfully created attachment [Selenium WebDriver Logs - performance] @11-02-2021 18:28:25.0880 PM
[ReportManager] Successfully created attachment [Selenium WebDriver Logs - driver] @11-02-2021 18:28:26.0028 PM
[ReportManager] Browser Action [closeCurrentWindow] successfully performed. @11-02-2021 18:28:26.0087 PM
[ReportManager] Successfully created attachment [Browser Action Test Data - closeCurrentWindow - Actual Value] @11-02-2021 18:28:26.0088 P
[ReportManager] File Action [getAbsolutePath] successfully performed. With the following test data [Relative Folder Path: "target/downloadedFiles/"]. @11-02-2021 18:28:26.0091 PM
[ReportManager] Attempting to run remotely on: [Linux-64], [GoogleChrome], [http://localhost:4444/wd/hub], Headless Execution. @11-02-2021 18:28:26.0091 PM
[ReportManager] Successfully Opened [GoogleChrome]. @11-02-2021 18:28:26.0393 PM
[ReportManager] Target URL: [https://www.google.com/ncr], and after redirection: [www.google.com] @11-02-2021 18:28:26.0415 PM
[ReportManager] Initial URL: [data:,] @11-02-2021 18:28:26.0471 PM
[ReportManager] Browser Action [navigateToURL] successfully performed. With the following test data [https://www.google.com/ncr]. @11-02-2021 18:28:27.0371 P

################################################################################################################################################
Starting Execution:	[32 out of 134] test cases in the current suite
Test Method:		[unitTests.tests_validations_assertions.assertElementAttribute_false_caseInsensitiveComparison_expectedToPass]
################################################################################################################################################
[ReportManager] Element Action [type] successfully performed. With the following test data [AUTOMATION]. @11-02-2021 18:28:28.0106 PM
[ReportManager] Element Action [getText] successfully performed. With the following test data [AUTOMATION]. @11-02-2021 18:28:28.0291 PM
[ReportManager] Loaded Shared OpenCV @11-02-2021 18:28:28.0478 PM
[ReportManager] AssertElementAttribute PASSED; Expected [Value Should not be 'AutomaTion123' for the 'text' attribute, element locator 'By.name: q'] and Actual [AUTOMATION]. Comparison Type [CASE_INSENSITIVE]. Validation Type [NEGATIVE]. @11-02-2021 18:28:28.0582 PM
[ReportManager] Successfully created attachment [Screenshot - 1613068108478_assertElementAttribute_false_caseInsensitiveComparison_expectedToPass_AssertElementAttribute_passed] @11-02-2021 18:28:28.0583 P
[ReportManager] Successfully created attachment [Selenium WebDriver Logs - server] @11-02-2021 18:28:28.0682 PM
[ReportManager] Successfully created attachment [Selenium WebDriver Logs - performance] @11-02-2021 18:28:28.0807 PM
[ReportManager] Successfully created attachment [Selenium WebDriver Logs - driver] @11-02-2021 18:28:28.0998 PM
[ReportManager] Browser Action [closeCurrentWindow] successfully performed. @11-02-2021 18:28:29.0058 PM
[ReportManager] Successfully created attachment [Browser Action Test Data - closeCurrentWindow - Actual Value] @11-02-2021 18:28:29.0059 P
[ReportManager] File Action [getAbsolutePath] successfully performed. With the following test data [Relative Folder Path: "target/downloadedFiles/"]. @11-02-2021 18:28:29.0062 PM
[ReportManager] Attempting to run remotely on: [Linux-64], [GoogleChrome], [http://localhost:4444/wd/hub], Headless Execution. @11-02-2021 18:28:29.0062 PM
[ReportManager] Successfully Opened [GoogleChrome]. @11-02-2021 18:28:29.0336 PM
[ReportManager] Target URL: [https://www.google.com/ncr], and after redirection: [www.google.com] @11-02-2021 18:28:29.0380 PM
[ReportManager] Initial URL: [data:,] @11-02-2021 18:28:29.0434 PM
[ReportManager] Browser Action [navigateToURL] successfully performed. With the following test data [https://www.google.com/ncr]. @11-02-2021 18:28:30.0365 P

################################################################################################################################################
Starting Execution:	[33 out of 134] test cases in the current suite
Test Method:		[unitTests.tests_validations_assertions.assertElementAttribute_false_containsComparison_expectedToFail]
################################################################################################################################################
[ReportManager] Element Action [type] successfully performed. With the following test data [Automation123]. @11-02-2021 18:28:31.0110 PM
[ReportManager] Element Action [getText] successfully performed. With the following test data [Automation123]. @11-02-2021 18:28:31.0263 PM
[ReportManager] Loaded Shared OpenCV @11-02-2021 18:28:31.0442 PM
[ReportManager] AssertElementAttribute FAILED; Expected [Value Should not be 'Automation' for the 'text' attribute, element locator 'By.name: q'] and Actual [Automation123]. Comparison Type [CONTAINS]. Validation Type [NEGATIVE]. @11-02-2021 18:28:31.0536 PM
[ReportManager] Successfully created attachment [Screenshot - 1613068111442_assertElementAttribute_false_containsComparison_expectedToFail_AssertElementAttribute_failed] @11-02-2021 18:28:31.0536 P
[ReportManager] Successfully created attachment [Selenium WebDriver Logs - server] @11-02-2021 18:28:31.0649 PM
[ReportManager] Successfully created attachment [Selenium WebDriver Logs - performance] @11-02-2021 18:28:31.0763 PM
[ReportManager] Successfully created attachment [Selenium WebDriver Logs - driver] @11-02-2021 18:28:31.0910 PM
[ReportManager] Browser Action [closeCurrentWindow] successfully performed. @11-02-2021 18:28:31.0967 PM
[ReportManager] Successfully created attachment [Browser Action Test Data - closeCurrentWindow - Actual Value] @11-02-2021 18:28:31.0968 P
[ReportManager] File Action [getAbsolutePath] successfully performed. With the following test data [Relative Folder Path: "target/downloadedFiles/"]. @11-02-2021 18:28:31.0970 PM
[ReportManager] Attempting to run remotely on: [Linux-64], [GoogleChrome], [http://localhost:4444/wd/hub], Headless Execution. @11-02-2021 18:28:31.0970 PM
[ReportManager] Successfully Opened [GoogleChrome]. @11-02-2021 18:28:32.0239 PM
[ReportManager] Target URL: [https://www.google.com/ncr], and after redirection: [www.google.com] @11-02-2021 18:28:32.0256 PM
[ReportManager] Initial URL: [data:,] @11-02-2021 18:28:32.0317 PM
[ReportManager] Browser Action [navigateToURL] successfully performed. With the following test data [https://www.google.com/ncr]. @11-02-2021 18:28:33.0280 P

################################################################################################################################################
Starting Execution:	[34 out of 134] test cases in the current suite
Test Method:		[unitTests.tests_validations_assertions.assertElementAttribute_false_containsComparison_expectedToPass]
################################################################################################################################################
[ReportManager] Element Action [type] successfully performed. With the following test data [Automation123]. @11-02-2021 18:28:34.0100 PM
[ReportManager] Element Action [getText] successfully performed. With the following test data [Automation123]. @11-02-2021 18:28:34.0259 PM
[ReportManager] Loaded Shared OpenCV @11-02-2021 18:28:34.0438 PM
[ReportManager] AssertElementAttribute PASSED; Expected [Value Should not be 'Automation1234' for the 'text' attribute, element locator 'By.name: q'] and Actual [Automation123]. Comparison Type [CONTAINS]. Validation Type [NEGATIVE]. @11-02-2021 18:28:34.0525 PM
[ReportManager] Successfully created attachment [Screenshot - 1613068114438_assertElementAttribute_false_containsComparison_expectedToPass_AssertElementAttribute_passed] @11-02-2021 18:28:34.0526 P
[ReportManager] Successfully created attachment [Selenium WebDriver Logs - server] @11-02-2021 18:28:34.0625 PM
[ReportManager] Successfully created attachment [Selenium WebDriver Logs - performance] @11-02-2021 18:28:34.0731 PM
[ReportManager] Successfully created attachment [Selenium WebDriver Logs - driver] @11-02-2021 18:28:34.0896 PM
[ReportManager] Browser Action [closeCurrentWindow] successfully performed. @11-02-2021 18:28:34.0955 PM
[ReportManager] Successfully created attachment [Browser Action Test Data - closeCurrentWindow - Actual Value] @11-02-2021 18:28:34.0957 P
[ReportManager] File Action [getAbsolutePath] successfully performed. With the following test data [Relative Folder Path: "target/downloadedFiles/"]. @11-02-2021 18:28:34.0959 PM
[ReportManager] Attempting to run remotely on: [Linux-64], [GoogleChrome], [http://localhost:4444/wd/hub], Headless Execution. @11-02-2021 18:28:34.0959 PM
[ReportManager] Successfully Opened [GoogleChrome]. @11-02-2021 18:28:35.0181 PM
[ReportManager] Target URL: [https://www.google.com/ncr], and after redirection: [www.google.com] @11-02-2021 18:28:35.0193 PM
[ReportManager] Initial URL: [data:,] @11-02-2021 18:28:35.0255 PM
[ReportManager] Browser Action [navigateToURL] successfully performed. With the following test data [https://www.google.com/ncr]. @11-02-2021 18:28:36.0126 P

################################################################################################################################################
Starting Execution:	[35 out of 134] test cases in the current suite
Test Method:		[unitTests.tests_validations_assertions.assertElementAttribute_false_literalComparison_expectedToFail]
################################################################################################################################################
[ReportManager] Element Action [type] successfully performed. With the following test data [Automation!@#$%^&*()_+{}[]\';/.,]. @11-02-2021 18:28:37.0489 PM
[ReportManager] Element Action [getText] successfully performed. With the following test data [Automation!@#$%^&*()_+{}[]\';/.,]. @11-02-2021 18:28:37.0632 PM
[ReportManager] Loaded Shared OpenCV @11-02-2021 18:28:37.0830 PM
[ReportManager] AssertElementAttribute PASSED; Expected [Value Should not be 'Automation!@#$%^&*()_+{}[]\\';/.,' for the 'text' attribute, element locator 'By.name: q'] and Actual [Automation!@#$%^&*()_+{}[]\';/.,]. Comparison Type [EQUALS]. Validation Type [NEGATIVE]. @11-02-2021 18:28:37.0920 PM
[ReportManager] Successfully created attachment [Screenshot - 1613068117830_assertElementAttribute_false_literalComparison_expectedToFail_AssertElementAttribute_passed] @11-02-2021 18:28:37.0921 P
[ReportManager] Successfully created attachment [Selenium WebDriver Logs - server] @11-02-2021 18:28:38.0015 PM
[ReportManager] Successfully created attachment [Selenium WebDriver Logs - performance] @11-02-2021 18:28:38.0195 PM
[ReportManager] Successfully created attachment [Selenium WebDriver Logs - driver] @11-02-2021 18:28:38.0403 PM
[ReportManager] Browser Action [closeCurrentWindow] successfully performed. @11-02-2021 18:28:38.0466 PM
[ReportManager] Successfully created attachment [Browser Action Test Data - closeCurrentWindow - Actual Value] @11-02-2021 18:28:38.0467 P
[ReportManager] File Action [getAbsolutePath] successfully performed. With the following test data [Relative Folder Path: "target/downloadedFiles/"]. @11-02-2021 18:28:38.0471 PM
[ReportManager] Attempting to run remotely on: [Linux-64], [GoogleChrome], [http://localhost:4444/wd/hub], Headless Execution. @11-02-2021 18:28:38.0471 PM
[ReportManager] Successfully Opened [GoogleChrome]. @11-02-2021 18:28:38.0760 PM
[ReportManager] Target URL: [https://www.google.com/ncr], and after redirection: [www.google.com] @11-02-2021 18:28:38.0783 PM
[ReportManager] Initial URL: [data:,] @11-02-2021 18:28:38.0856 PM
[ReportManager] Browser Action [navigateToURL] successfully performed. With the following test data [https://www.google.com/ncr]. @11-02-2021 18:28:39.0769 P

################################################################################################################################################
Starting Execution:	[36 out of 134] test cases in the current suite
Test Method:		[unitTests.tests_validations_assertions.assertElementAttribute_false_literalComparison_expectedToPass]
################################################################################################################################################
[ReportManager] Element Action [type] successfully performed. With the following test data [Automation!@#$%^&*()_+{}[]\';/.,]. @11-02-2021 18:28:41.0261 PM
[ReportManager] Element Action [getText] successfully performed. With the following test data [Automation!@#$%^&*()_+{}[]\';/.,]. @11-02-2021 18:28:41.0427 PM
[ReportManager] Loaded Shared OpenCV @11-02-2021 18:28:41.0620 PM
[ReportManager] AssertElementAttribute PASSED; Expected [Value Should not be 'Automation' for the 'text' attribute, element locator 'By.name: q'] and Actual [Automation!@#$%^&*()_+{}[]\';/.,]. Comparison Type [EQUALS]. Validation Type [NEGATIVE]. @11-02-2021 18:28:41.0712 PM
[ReportManager] Successfully created attachment [Screenshot - 1613068121620_assertElementAttribute_false_literalComparison_expectedToPass_AssertElementAttribute_passed] @11-02-2021 18:28:41.0713 P
[ReportManager] Successfully created attachment [Selenium WebDriver Logs - server] @11-02-2021 18:28:41.0800 PM
[ReportManager] Successfully created attachment [Selenium WebDriver Logs - performance] @11-02-2021 18:28:41.0990 PM
[ReportManager] Successfully created attachment [Selenium WebDriver Logs - driver] @11-02-2021 18:28:42.0231 PM
[ReportManager] Browser Action [closeCurrentWindow] successfully performed. @11-02-2021 18:28:42.0295 PM
[ReportManager] Successfully created attachment [Browser Action Test Data - closeCurrentWindow - Actual Value] @11-02-2021 18:28:42.0296 P
[ReportManager] File Action [getAbsolutePath] successfully performed. With the following test data [Relative Folder Path: "target/downloadedFiles/"]. @11-02-2021 18:28:42.0298 PM
[ReportManager] Attempting to run remotely on: [Linux-64], [GoogleChrome], [http://localhost:4444/wd/hub], Headless Execution. @11-02-2021 18:28:42.0299 PM
[ReportManager] Successfully Opened [GoogleChrome]. @11-02-2021 18:28:42.0599 PM
[ReportManager] Target URL: [https://www.google.com/ncr], and after redirection: [www.google.com] @11-02-2021 18:28:42.0610 PM
[ReportManager] Initial URL: [data:,] @11-02-2021 18:28:42.0661 PM
[ReportManager] Browser Action [navigateToURL] successfully performed. With the following test data [https://www.google.com/ncr]. @11-02-2021 18:28:43.0566 P

################################################################################################################################################
Starting Execution:	[37 out of 134] test cases in the current suite
Test Method:		[unitTests.tests_validations_assertions.assertElementAttribute_false_regexComparison_expectedToFail]
################################################################################################################################################
[ReportManager] Element Action [type] successfully performed. With the following test data [Automation123]. @11-02-2021 18:28:44.0300 PM
[ReportManager] Element Action [getText] successfully performed. With the following test data [Automation123]. @11-02-2021 18:28:44.0452 PM
[ReportManager] Loaded Shared OpenCV @11-02-2021 18:28:44.0624 PM
[ReportManager] AssertElementAttribute FAILED; Expected [Value Should not be 'Automation.*' for the 'text' attribute, element locator 'By.name: q'] and Actual [Automation123]. Comparison Type [MATCHES]. Validation Type [NEGATIVE]. @11-02-2021 18:28:44.0717 PM
[ReportManager] Successfully created attachment [Screenshot - 1613068124623_assertElementAttribute_false_regexComparison_expectedToFail_AssertElementAttribute_failed] @11-02-2021 18:28:44.0718 P
[ReportManager] Successfully created attachment [Selenium WebDriver Logs - server] @11-02-2021 18:28:44.0816 PM
[ReportManager] Successfully created attachment [Selenium WebDriver Logs - performance] @11-02-2021 18:28:44.0915 PM
[ReportManager] Successfully created attachment [Selenium WebDriver Logs - driver] @11-02-2021 18:28:45.0073 PM
[ReportManager] Browser Action [closeCurrentWindow] successfully performed. @11-02-2021 18:28:45.0130 PM
[ReportManager] Successfully created attachment [Browser Action Test Data - closeCurrentWindow - Actual Value] @11-02-2021 18:28:45.0131 P
[ReportManager] File Action [getAbsolutePath] successfully performed. With the following test data [Relative Folder Path: "target/downloadedFiles/"]. @11-02-2021 18:28:45.0133 PM
[ReportManager] Attempting to run remotely on: [Linux-64], [GoogleChrome], [http://localhost:4444/wd/hub], Headless Execution. @11-02-2021 18:28:45.0134 PM
[ReportManager] Successfully Opened [GoogleChrome]. @11-02-2021 18:28:45.0406 PM
[ReportManager] Target URL: [https://www.google.com/ncr], and after redirection: [www.google.com] @11-02-2021 18:28:45.0417 PM
[ReportManager] Initial URL: [data:,] @11-02-2021 18:28:45.0474 PM
[ReportManager] Browser Action [navigateToURL] successfully performed. With the following test data [https://www.google.com/ncr]. @11-02-2021 18:28:46.0371 P

################################################################################################################################################
Starting Execution:	[38 out of 134] test cases in the current suite
Test Method:		[unitTests.tests_validations_assertions.assertElementAttribute_false_regexComparison_expectedToPass]
################################################################################################################################################
[ReportManager] Element Action [type] successfully performed. With the following test data [Automation123]. @11-02-2021 18:28:47.0239 PM
[ReportManager] Element Action [getText] successfully performed. With the following test data [Automation123]. @11-02-2021 18:28:47.0390 PM
[ReportManager] Loaded Shared OpenCV @11-02-2021 18:28:47.0559 PM
[ReportManager] AssertElementAttribute PASSED; Expected [Value Should not be 'Automation' for the 'text' attribute, element locator 'By.name: q'] and Actual [Automation123]. Comparison Type [MATCHES]. Validation Type [NEGATIVE]. @11-02-2021 18:28:47.0644 PM
[ReportManager] Successfully created attachment [Screenshot - 1613068127559_assertElementAttribute_false_regexComparison_expectedToPass_AssertElementAttribute_passed] @11-02-2021 18:28:47.0644 P
[ReportManager] Successfully created attachment [Selenium WebDriver Logs - server] @11-02-2021 18:28:47.0730 PM
[ReportManager] Successfully created attachment [Selenium WebDriver Logs - performance] @11-02-2021 18:28:47.0836 PM
[ReportManager] Successfully created attachment [Selenium WebDriver Logs - driver] @11-02-2021 18:28:48.0020 PM
[ReportManager] Browser Action [closeCurrentWindow] successfully performed. @11-02-2021 18:28:48.0077 PM
[ReportManager] Successfully created attachment [Browser Action Test Data - closeCurrentWindow - Actual Value] @11-02-2021 18:28:48.0078 P
[ReportManager] File Action [getAbsolutePath] successfully performed. With the following test data [Relative Folder Path: "target/downloadedFiles/"]. @11-02-2021 18:28:48.0080 PM
[ReportManager] Attempting to run remotely on: [Linux-64], [GoogleChrome], [http://localhost:4444/wd/hub], Headless Execution. @11-02-2021 18:28:48.0084 PM
[ReportManager] Successfully Opened [GoogleChrome]. @11-02-2021 18:28:48.0383 PM
[ReportManager] Target URL: [https://www.google.com/ncr], and after redirection: [www.google.com] @11-02-2021 18:28:48.0394 PM
[ReportManager] Initial URL: [data:,] @11-02-2021 18:28:48.0446 PM
[ReportManager] Browser Action [navigateToURL] successfully performed. With the following test data [https://www.google.com/ncr]. @11-02-2021 18:28:49.0336 P

################################################################################################################################################
Starting Execution:	[39 out of 134] test cases in the current suite
Test Method:		[unitTests.tests_validations_assertions.assertElementAttribute_true_caseInsensitiveComparison_expectedToFail]
################################################################################################################################################
[ReportManager] Element Action [type] successfully performed. With the following test data [AUTOMATION]. @11-02-2021 18:28:50.0098 PM
[ReportManager] Element Action [getText] successfully performed. With the following test data [AUTOMATION]. @11-02-2021 18:28:50.0243 PM
[ReportManager] Loaded Shared OpenCV @11-02-2021 18:28:50.0414 PM
[ReportManager] AssertElementAttribute FAILED; Expected [Value Should be 'AutomaTion123' for the 'text' attribute, element locator 'By.name: q'] and Actual [AUTOMATION]. Comparison Type [CASE_INSENSITIVE]. Validation Type [POSITIVE]. @11-02-2021 18:28:50.0519 PM
[ReportManager] Successfully created attachment [Screenshot - 1613068130414_assertElementAttribute_true_caseInsensitiveComparison_expectedToFail_AssertElementAttribute_failed] @11-02-2021 18:28:50.0520 P
[ReportManager] Successfully created attachment [Selenium WebDriver Logs - server] @11-02-2021 18:28:50.0619 PM
[ReportManager] Successfully created attachment [Selenium WebDriver Logs - performance] @11-02-2021 18:28:50.0715 PM
[ReportManager] Successfully created attachment [Selenium WebDriver Logs - driver] @11-02-2021 18:28:50.0883 PM
[ReportManager] Browser Action [closeCurrentWindow] successfully performed. @11-02-2021 18:28:50.0947 PM
[ReportManager] Successfully created attachment [Browser Action Test Data - closeCurrentWindow - Actual Value] @11-02-2021 18:28:50.0948 P
[ReportManager] File Action [getAbsolutePath] successfully performed. With the following test data [Relative Folder Path: "target/downloadedFiles/"]. @11-02-2021 18:28:50.0954 PM
[ReportManager] Attempting to run remotely on: [Linux-64], [GoogleChrome], [http://localhost:4444/wd/hub], Headless Execution. @11-02-2021 18:28:50.0954 PM
[ReportManager] Successfully Opened [GoogleChrome]. @11-02-2021 18:28:51.0222 PM
[ReportManager] Target URL: [https://www.google.com/ncr], and after redirection: [www.google.com] @11-02-2021 18:28:51.0247 PM
[ReportManager] Initial URL: [data:,] @11-02-2021 18:28:51.0302 PM
[ReportManager] Browser Action [navigateToURL] successfully performed. With the following test data [https://www.google.com/ncr]. @11-02-2021 18:28:52.0411 P

################################################################################################################################################
Starting Execution:	[40 out of 134] test cases in the current suite
Test Method:		[unitTests.tests_validations_assertions.assertElementAttribute_true_caseInsensitiveComparison_expectedToPass]
################################################################################################################################################
[ReportManager] Element Action [type] successfully performed. With the following test data [AUTOMATION]. @11-02-2021 18:28:53.0126 PM
[ReportManager] Element Action [getText] successfully performed. With the following test data [AUTOMATION]. @11-02-2021 18:28:53.0293 PM
[ReportManager] Loaded Shared OpenCV @11-02-2021 18:28:53.0481 PM
[ReportManager] AssertElementAttribute PASSED; Expected [Value Should be 'AutomaTion' for the 'text' attribute, element locator 'By.name: q'] and Actual [AUTOMATION]. Comparison Type [CASE_INSENSITIVE]. Validation Type [POSITIVE]. @11-02-2021 18:28:53.0571 PM
[ReportManager] Successfully created attachment [Screenshot - 1613068133481_assertElementAttribute_true_caseInsensitiveComparison_expectedToPass_AssertElementAttribute_passed] @11-02-2021 18:28:53.0572 P
[ReportManager] Successfully created attachment [Selenium WebDriver Logs - server] @11-02-2021 18:28:53.0668 PM
[ReportManager] Successfully created attachment [Selenium WebDriver Logs - performance] @11-02-2021 18:28:53.0763 PM
[ReportManager] Successfully created attachment [Selenium WebDriver Logs - driver] @11-02-2021 18:28:53.0905 PM
[ReportManager] Browser Action [closeCurrentWindow] successfully performed. @11-02-2021 18:28:53.0961 PM
[ReportManager] Successfully created attachment [Browser Action Test Data - closeCurrentWindow - Actual Value] @11-02-2021 18:28:53.0962 P
[ReportManager] File Action [getAbsolutePath] successfully performed. With the following test data [Relative Folder Path: "target/downloadedFiles/"]. @11-02-2021 18:28:53.0964 PM
[ReportManager] Attempting to run remotely on: [Linux-64], [GoogleChrome], [http://localhost:4444/wd/hub], Headless Execution. @11-02-2021 18:28:53.0965 PM
[ReportManager] Successfully Opened [GoogleChrome]. @11-02-2021 18:28:54.0235 PM
[ReportManager] Target URL: [https://www.google.com/ncr], and after redirection: [www.google.com] @11-02-2021 18:28:54.0247 PM
[ReportManager] Initial URL: [data:,] @11-02-2021 18:28:54.0298 PM
[ReportManager] Browser Action [navigateToURL] successfully performed. With the following test data [https://www.google.com/ncr]. @11-02-2021 18:28:55.0201 P

################################################################################################################################################
Starting Execution:	[41 out of 134] test cases in the current suite
Test Method:		[unitTests.tests_validations_assertions.assertElementAttribute_true_containsComparison_expectedToFail]
################################################################################################################################################
[ReportManager] Element Action [type] successfully performed. With the following test data [Automation123]. @11-02-2021 18:28:55.0947 PM
[ReportManager] Element Action [getText] successfully performed. With the following test data [Automation123]. @11-02-2021 18:28:56.0112 PM
[ReportManager] Loaded Shared OpenCV @11-02-2021 18:28:56.0272 PM
[ReportManager] AssertElementAttribute FAILED; Expected [Value Should be 'Automation1234' for the 'text' attribute, element locator 'By.name: q'] and Actual [Automation123]. Comparison Type [CONTAINS]. Validation Type [POSITIVE]. @11-02-2021 18:28:56.0367 PM
[ReportManager] Successfully created attachment [Screenshot - 1613068136272_assertElementAttribute_true_containsComparison_expectedToFail_AssertElementAttribute_failed] @11-02-2021 18:28:56.0368 P
[ReportManager] Successfully created attachment [Selenium WebDriver Logs - server] @11-02-2021 18:28:56.0456 PM
[ReportManager] Successfully created attachment [Selenium WebDriver Logs - performance] @11-02-2021 18:28:56.0558 PM
[ReportManager] Successfully created attachment [Selenium WebDriver Logs - driver] @11-02-2021 18:28:56.0704 PM
[ReportManager] Browser Action [closeCurrentWindow] successfully performed. @11-02-2021 18:28:56.0761 PM
[ReportManager] Successfully created attachment [Browser Action Test Data - closeCurrentWindow - Actual Value] @11-02-2021 18:28:56.0762 P
[ReportManager] File Action [getAbsolutePath] successfully performed. With the following test data [Relative Folder Path: "target/downloadedFiles/"]. @11-02-2021 18:28:56.0766 PM
[ReportManager] Attempting to run remotely on: [Linux-64], [GoogleChrome], [http://localhost:4444/wd/hub], Headless Execution. @11-02-2021 18:28:56.0767 PM
[ReportManager] Successfully Opened [GoogleChrome]. @11-02-2021 18:28:57.0021 PM
[ReportManager] Target URL: [https://www.google.com/ncr], and after redirection: [www.google.com] @11-02-2021 18:28:57.0033 PM
[ReportManager] Initial URL: [data:,] @11-02-2021 18:28:57.0086 PM
[ReportManager] Browser Action [navigateToURL] successfully performed. With the following test data [https://www.google.com/ncr]. @11-02-2021 18:28:58.0014 P

################################################################################################################################################
Starting Execution:	[42 out of 134] test cases in the current suite
Test Method:		[unitTests.tests_validations_assertions.assertElementAttribute_true_containsComparison_expectedToPass]
################################################################################################################################################
[ReportManager] Element Action [type] successfully performed. With the following test data [Automation123]. @11-02-2021 18:28:58.0788 PM
[ReportManager] Element Action [getText] successfully performed. With the following test data [Automation123]. @11-02-2021 18:28:58.0934 PM
[ReportManager] Loaded Shared OpenCV @11-02-2021 18:28:59.0094 PM
[ReportManager] AssertElementAttribute PASSED; Expected [Value Should be 'Automation' for the 'text' attribute, element locator 'By.name: q'] and Actual [Automation123]. Comparison Type [CONTAINS]. Validation Type [POSITIVE]. @11-02-2021 18:28:59.0181 PM
[ReportManager] Successfully created attachment [Screenshot - 1613068139094_assertElementAttribute_true_containsComparison_expectedToPass_AssertElementAttribute_passed] @11-02-2021 18:28:59.0182 P
[ReportManager] Successfully created attachment [Selenium WebDriver Logs - server] @11-02-2021 18:28:59.0272 PM
[ReportManager] Successfully created attachment [Selenium WebDriver Logs - performance] @11-02-2021 18:28:59.0377 PM
[ReportManager] Successfully created attachment [Selenium WebDriver Logs - driver] @11-02-2021 18:28:59.0529 PM
[ReportManager] Browser Action [closeCurrentWindow] successfully performed. @11-02-2021 18:28:59.0585 PM
[ReportManager] Successfully created attachment [Browser Action Test Data - closeCurrentWindow - Actual Value] @11-02-2021 18:28:59.0586 P
[ReportManager] File Action [getAbsolutePath] successfully performed. With the following test data [Relative Folder Path: "target/downloadedFiles/"]. @11-02-2021 18:28:59.0588 PM
[ReportManager] Attempting to run remotely on: [Linux-64], [GoogleChrome], [http://localhost:4444/wd/hub], Headless Execution. @11-02-2021 18:28:59.0588 PM
[ReportManager] Successfully Opened [GoogleChrome]. @11-02-2021 18:28:59.0865 PM
[ReportManager] Target URL: [https://www.google.com/ncr], and after redirection: [www.google.com] @11-02-2021 18:28:59.0879 PM
[ReportManager] Initial URL: [data:,] @11-02-2021 18:28:59.0942 PM
[ReportManager] Browser Action [navigateToURL] successfully performed. With the following test data [https://www.google.com/ncr]. @11-02-2021 18:29:00.0880 P

################################################################################################################################################
Starting Execution:	[43 out of 134] test cases in the current suite
Test Method:		[unitTests.tests_validations_assertions.assertElementAttribute_true_literalComparison_expectedToFail]
################################################################################################################################################
[ReportManager] Element Action [type] successfully performed. With the following test data [Automation!@#$%^&*()_+{}[]\';/.,]. @11-02-2021 18:29:02.0491 PM
[ReportManager] Element Action [getText] successfully performed. With the following test data [Automation!@#$%^&*()_+{}[]\';/.,]. @11-02-2021 18:29:02.0645 PM
[ReportManager] Loaded Shared OpenCV @11-02-2021 18:29:02.0809 PM
[ReportManager] AssertElementAttribute FAILED; Expected [Value Should be 'Automation' for the 'text' attribute, element locator 'By.name: q'] and Actual [Automation!@#$%^&*()_+{}[]\';/.,]. Comparison Type [EQUALS]. Validation Type [POSITIVE]. @11-02-2021 18:29:02.0905 PM
[ReportManager] Successfully created attachment [Screenshot - 1613068142809_assertElementAttribute_true_literalComparison_expectedToFail_AssertElementAttribute_failed] @11-02-2021 18:29:02.0906 P
[ReportManager] Successfully created attachment [Selenium WebDriver Logs - server] @11-02-2021 18:29:02.0996 PM
[ReportManager] Successfully created attachment [Selenium WebDriver Logs - performance] @11-02-2021 18:29:03.0186 PM
[ReportManager] Successfully created attachment [Selenium WebDriver Logs - driver] @11-02-2021 18:29:03.0411 PM
[ReportManager] Browser Action [closeCurrentWindow] successfully performed. @11-02-2021 18:29:03.0467 PM
[ReportManager] Successfully created attachment [Browser Action Test Data - closeCurrentWindow - Actual Value] @11-02-2021 18:29:03.0468 P
[ReportManager] File Action [getAbsolutePath] successfully performed. With the following test data [Relative Folder Path: "target/downloadedFiles/"]. @11-02-2021 18:29:03.0471 PM
[ReportManager] Attempting to run remotely on: [Linux-64], [GoogleChrome], [http://localhost:4444/wd/hub], Headless Execution. @11-02-2021 18:29:03.0471 PM
[ReportManager] Successfully Opened [GoogleChrome]. @11-02-2021 18:29:03.0712 PM
[ReportManager] Target URL: [https://www.google.com/ncr], and after redirection: [www.google.com] @11-02-2021 18:29:03.0728 PM
[ReportManager] Initial URL: [data:,] @11-02-2021 18:29:03.0775 PM
[ReportManager] Browser Action [navigateToURL] successfully performed. With the following test data [https://www.google.com/ncr]. @11-02-2021 18:29:04.0664 P

################################################################################################################################################
Starting Execution:	[44 out of 134] test cases in the current suite
Test Method:		[unitTests.tests_validations_assertions.assertElementAttribute_true_literalComparison_expectedToPass]
################################################################################################################################################
[ReportManager] Element Action [type] successfully performed. With the following test data [Automation!@#$%^&*()_+{}[]\';/.,]. @11-02-2021 18:29:06.0101 PM
[ReportManager] Element Action [getText] successfully performed. With the following test data [Automation!@#$%^&*()_+{}[]\';/.,]. @11-02-2021 18:29:06.0252 PM
[ReportManager] Loaded Shared OpenCV @11-02-2021 18:29:06.0406 PM
[ReportManager] AssertElementAttribute PASSED; Expected [Value Should be 'Automation!@#$%^&*()_+{}[]\';/.,' for the 'text' attribute, element locator 'By.name: q'] and Actual [Automation!@#$%^&*()_+{}[]\';/.,]. Comparison Type [EQUALS]. Validation Type [POSITIVE]. @11-02-2021 18:29:06.0494 PM
[ReportManager] Successfully created attachment [Screenshot - 1613068146406_assertElementAttribute_true_literalComparison_expectedToPass_AssertElementAttribute_passed] @11-02-2021 18:29:06.0495 P
[ReportManager] Successfully created attachment [Selenium WebDriver Logs - server] @11-02-2021 18:29:06.0598 PM
[ReportManager] Successfully created attachment [Selenium WebDriver Logs - performance] @11-02-2021 18:29:06.0780 PM
[ReportManager] Successfully created attachment [Selenium WebDriver Logs - driver] @11-02-2021 18:29:06.0990 PM
[ReportManager] Browser Action [closeCurrentWindow] successfully performed. @11-02-2021 18:29:07.0051 PM
[ReportManager] Successfully created attachment [Browser Action Test Data - closeCurrentWindow - Actual Value] @11-02-2021 18:29:07.0053 P
[ReportManager] File Action [getAbsolutePath] successfully performed. With the following test data [Relative Folder Path: "target/downloadedFiles/"]. @11-02-2021 18:29:07.0058 PM
[ReportManager] Attempting to run remotely on: [Linux-64], [GoogleChrome], [http://localhost:4444/wd/hub], Headless Execution. @11-02-2021 18:29:07.0058 PM
[ReportManager] Successfully Opened [GoogleChrome]. @11-02-2021 18:29:07.0308 PM
[ReportManager] Target URL: [https://www.google.com/ncr], and after redirection: [www.google.com] @11-02-2021 18:29:07.0320 PM
[ReportManager] Initial URL: [data:,] @11-02-2021 18:29:07.0374 PM
[ReportManager] Browser Action [navigateToURL] successfully performed. With the following test data [https://www.google.com/ncr]. @11-02-2021 18:29:08.0299 P

################################################################################################################################################
Starting Execution:	[45 out of 134] test cases in the current suite
Test Method:		[unitTests.tests_validations_assertions.assertElementAttribute_true_regexComparison_expectedToFail]
################################################################################################################################################
[ReportManager] Element Action [type] successfully performed. With the following test data [Automation123]. @11-02-2021 18:29:09.0073 PM
[ReportManager] Element Action [getText] successfully performed. With the following test data [Automation123]. @11-02-2021 18:29:09.0240 PM
[ReportManager] Loaded Shared OpenCV @11-02-2021 18:29:09.0404 PM
[ReportManager] AssertElementAttribute FAILED; Expected [Value Should be 'Automation' for the 'text' attribute, element locator 'By.name: q'] and Actual [Automation123]. Comparison Type [MATCHES]. Validation Type [POSITIVE]. @11-02-2021 18:29:09.0489 PM
[ReportManager] Successfully created attachment [Screenshot - 1613068149404_assertElementAttribute_true_regexComparison_expectedToFail_AssertElementAttribute_failed] @11-02-2021 18:29:09.0489 P
[ReportManager] Successfully created attachment [Selenium WebDriver Logs - server] @11-02-2021 18:29:09.0579 PM
[ReportManager] Successfully created attachment [Selenium WebDriver Logs - performance] @11-02-2021 18:29:09.0697 PM
[ReportManager] Successfully created attachment [Selenium WebDriver Logs - driver] @11-02-2021 18:29:09.0864 PM
[ReportManager] Browser Action [closeCurrentWindow] successfully performed. @11-02-2021 18:29:09.0923 PM
[ReportManager] Successfully created attachment [Browser Action Test Data - closeCurrentWindow - Actual Value] @11-02-2021 18:29:09.0926 P
[ReportManager] File Action [getAbsolutePath] successfully performed. With the following test data [Relative Folder Path: "target/downloadedFiles/"]. @11-02-2021 18:29:09.0934 PM
[ReportManager] Attempting to run remotely on: [Linux-64], [GoogleChrome], [http://localhost:4444/wd/hub], Headless Execution. @11-02-2021 18:29:09.0935 PM
[ReportManager] Successfully Opened [GoogleChrome]. @11-02-2021 18:29:10.0173 PM
[ReportManager] Target URL: [https://www.google.com/ncr], and after redirection: [www.google.com] @11-02-2021 18:29:10.0184 PM
[ReportManager] Initial URL: [data:,] @11-02-2021 18:29:10.0244 PM
[ReportManager] Browser Action [navigateToURL] successfully performed. With the following test data [https://www.google.com/ncr]. @11-02-2021 18:29:11.0149 P

################################################################################################################################################
Starting Execution:	[46 out of 134] test cases in the current suite
Test Method:		[unitTests.tests_validations_assertions.assertElementAttribute_true_regexComparison_expectedToPass]
################################################################################################################################################
[ReportManager] Element Action [type] successfully performed. With the following test data [Automation123]. @11-02-2021 18:29:11.0844 PM
[ReportManager] Element Action [getText] successfully performed. With the following test data [Automation123]. @11-02-2021 18:29:11.0975 PM
[ReportManager] Loaded Shared OpenCV @11-02-2021 18:29:12.0170 PM
[ReportManager] AssertElementAttribute PASSED; Expected [Value Should be 'Automation.*' for the 'text' attribute, element locator 'By.name: q'] and Actual [Automation123]. Comparison Type [MATCHES]. Validation Type [POSITIVE]. @11-02-2021 18:29:12.0261 PM
[ReportManager] Successfully created attachment [Screenshot - 1613068152169_assertElementAttribute_true_regexComparison_expectedToPass_AssertElementAttribute_passed] @11-02-2021 18:29:12.0261 P
[ReportManager] Successfully created attachment [Selenium WebDriver Logs - server] @11-02-2021 18:29:12.0363 PM
[ReportManager] Successfully created attachment [Selenium WebDriver Logs - performance] @11-02-2021 18:29:12.0464 PM
[ReportManager] Successfully created attachment [Selenium WebDriver Logs - driver] @11-02-2021 18:29:12.0614 PM
[ReportManager] Browser Action [closeCurrentWindow] successfully performed. @11-02-2021 18:29:12.0670 PM
[ReportManager] Successfully created attachment [Browser Action Test Data - closeCurrentWindow - Actual Value] @11-02-2021 18:29:12.0671 P
[ReportManager] File Action [getAbsolutePath] successfully performed. With the following test data [Relative Folder Path: "target/downloadedFiles/"]. @11-02-2021 18:29:12.0674 PM
[ReportManager] Attempting to run remotely on: [Linux-64], [GoogleChrome], [http://localhost:4444/wd/hub], Headless Execution. @11-02-2021 18:29:12.0674 PM
[ReportManager] Successfully Opened [GoogleChrome]. @11-02-2021 18:29:12.0923 PM
[ReportManager] Target URL: [https://www.google.com/ncr], and after redirection: [www.google.com] @11-02-2021 18:29:12.0944 PM
[ReportManager] Initial URL: [data:,] @11-02-2021 18:29:13.0002 PM
[ReportManager] Browser Action [navigateToURL] successfully performed. With the following test data [https://www.google.com/ncr]. @11-02-2021 18:29:13.0900 P

################################################################################################################################################
Starting Execution:	[47 out of 134] test cases in the current suite
Test Method:		[unitTests.tests_validations_assertions.assertElementExists_false_expectedToFail]
################################################################################################################################################
[ReportManager] Loaded Shared OpenCV @11-02-2021 18:29:14.0125 PM
[ReportManager] AssertElementExists FAILED; Expected [Element Should not Exist, locator 'By.id: hplogo'] and Actual [Element Exists]. Comparison Type [EQUALS]. Validation Type [NEGATIVE]. @11-02-2021 18:29:14.0211 PM
[ReportManager] Successfully created attachment [Screenshot - 1613068154125_assertElementExists_false_expectedToFail_AssertElementExists_failed] @11-02-2021 18:29:14.0212 P
[ReportManager] Successfully created attachment [Selenium WebDriver Logs - server] @11-02-2021 18:29:14.0305 PM
[ReportManager] Successfully created attachment [Selenium WebDriver Logs - performance] @11-02-2021 18:29:14.0342 PM
[ReportManager] Successfully created attachment [Selenium WebDriver Logs - driver] @11-02-2021 18:29:14.0421 PM
[ReportManager] Browser Action [closeCurrentWindow] successfully performed. @11-02-2021 18:29:14.0478 PM
[ReportManager] Successfully created attachment [Browser Action Test Data - closeCurrentWindow - Actual Value] @11-02-2021 18:29:14.0479 P
[ReportManager] File Action [getAbsolutePath] successfully performed. With the following test data [Relative Folder Path: "target/downloadedFiles/"]. @11-02-2021 18:29:14.0481 PM
[ReportManager] Attempting to run remotely on: [Linux-64], [GoogleChrome], [http://localhost:4444/wd/hub], Headless Execution. @11-02-2021 18:29:14.0481 PM
[ReportManager] Successfully Opened [GoogleChrome]. @11-02-2021 18:29:14.0712 PM
[ReportManager] Target URL: [https://www.google.com/ncr], and after redirection: [www.google.com] @11-02-2021 18:29:14.0722 PM
[ReportManager] Initial URL: [data:,] @11-02-2021 18:29:14.0768 PM
[ReportManager] Browser Action [navigateToURL] successfully performed. With the following test data [https://www.google.com/ncr]. @11-02-2021 18:29:15.0643 P

################################################################################################################################################
Starting Execution:	[48 out of 134] test cases in the current suite
Test Method:		[unitTests.tests_validations_assertions.assertElementExists_false_expectedToPass]
################################################################################################################################################
[ReportManager] AssertElementExists PASSED; Expected [Element Should not Exist, locator 'By.id: fakeElement'] and Actual [Element Doesn't Exists]. Comparison Type [EQUALS]. Validation Type [NEGATIVE]. @11-02-2021 18:29:15.0911 PM
[ReportManager] Successfully created attachment [Screenshot - 1613068155840_assertElementExists_false_expectedToPass_AssertElementExists_passed] @11-02-2021 18:29:15.0911 P
[ReportManager] Successfully created attachment [Selenium WebDriver Logs - server] @11-02-2021 18:29:16.0022 PM
[ReportManager] Successfully created attachment [Selenium WebDriver Logs - performance] @11-02-2021 18:29:16.0060 PM
[ReportManager] Successfully created attachment [Selenium WebDriver Logs - driver] @11-02-2021 18:29:16.0137 PM
[ReportManager] Browser Action [closeCurrentWindow] successfully performed. @11-02-2021 18:29:16.0194 PM
[ReportManager] Successfully created attachment [Browser Action Test Data - closeCurrentWindow - Actual Value] @11-02-2021 18:29:16.0195 P
[ReportManager] File Action [getAbsolutePath] successfully performed. With the following test data [Relative Folder Path: "target/downloadedFiles/"]. @11-02-2021 18:29:16.0198 PM
[ReportManager] Attempting to run remotely on: [Linux-64], [GoogleChrome], [http://localhost:4444/wd/hub], Headless Execution. @11-02-2021 18:29:16.0198 PM
[ReportManager] Successfully Opened [GoogleChrome]. @11-02-2021 18:29:16.0437 PM
[ReportManager] Target URL: [https://www.google.com/ncr], and after redirection: [www.google.com] @11-02-2021 18:29:16.0449 PM
[ReportManager] Initial URL: [data:,] @11-02-2021 18:29:16.0501 PM
[ReportManager] Browser Action [navigateToURL] successfully performed. With the following test data [https://www.google.com/ncr]. @11-02-2021 18:29:17.0429 P

################################################################################################################################################
Starting Execution:	[49 out of 134] test cases in the current suite
Test Method:		[unitTests.tests_validations_assertions.assertElementExists_false_multipleElementsFound_expectedToFail]
################################################################################################################################################
[ReportManager] AssertElementExists FAILED; Expected [Element Should not Exist, locator 'By.xpath: //div'] and Actual [Element Exists but is not unique]. Comparison Type [EQUALS]. Validation Type [NEGATIVE]. @11-02-2021 18:29:17.0694 PM
[ReportManager] Successfully created attachment [Screenshot - 1613068157623_assertElementExists_false_multipleElementsFound_expectedToFail_AssertElementExists_failed] @11-02-2021 18:29:17.0694 P
[ReportManager] Successfully created attachment [Selenium WebDriver Logs - server] @11-02-2021 18:29:17.0794 PM
[ReportManager] Successfully created attachment [Selenium WebDriver Logs - performance] @11-02-2021 18:29:17.0833 PM
[ReportManager] Successfully created attachment [Selenium WebDriver Logs - driver] @11-02-2021 18:29:17.0909 PM
[ReportManager] Browser Action [closeCurrentWindow] successfully performed. @11-02-2021 18:29:17.0965 PM
[ReportManager] Successfully created attachment [Browser Action Test Data - closeCurrentWindow - Actual Value] @11-02-2021 18:29:17.0966 P
[ReportManager] File Action [getAbsolutePath] successfully performed. With the following test data [Relative Folder Path: "target/downloadedFiles/"]. @11-02-2021 18:29:17.0969 PM
[ReportManager] Attempting to run remotely on: [Linux-64], [GoogleChrome], [http://localhost:4444/wd/hub], Headless Execution. @11-02-2021 18:29:17.0969 PM
[ReportManager] Successfully Opened [GoogleChrome]. @11-02-2021 18:29:18.0220 PM
[ReportManager] Target URL: [https://www.google.com/ncr], and after redirection: [www.google.com] @11-02-2021 18:29:18.0232 PM
[ReportManager] Initial URL: [data:,] @11-02-2021 18:29:18.0298 PM
[ReportManager] Browser Action [navigateToURL] successfully performed. With the following test data [https://www.google.com/ncr]. @11-02-2021 18:29:19.0190 P

################################################################################################################################################
Starting Execution:	[50 out of 134] test cases in the current suite
Test Method:		[unitTests.tests_validations_assertions.assertElementExists_true_expectedToFail]
################################################################################################################################################
[ReportManager] AssertElementExists FAILED; Expected [Element Should Exist, locator 'By.id: fakeElement'] and Actual [Element Doesn't Exists]. Comparison Type [EQUALS]. Validation Type [POSITIVE]. @11-02-2021 18:29:19.0439 PM
[ReportManager] Successfully created attachment [Screenshot - 1613068159368_assertElementExists_true_expectedToFail_AssertElementExists_failed] @11-02-2021 18:29:19.0439 P
[ReportManager] Successfully created attachment [Selenium WebDriver Logs - server] @11-02-2021 18:29:19.0529 PM
[ReportManager] Successfully created attachment [Selenium WebDriver Logs - performance] @11-02-2021 18:29:19.0567 PM
[ReportManager] Successfully created attachment [Selenium WebDriver Logs - driver] @11-02-2021 18:29:19.0646 PM
[ReportManager] Browser Action [closeCurrentWindow] successfully performed. @11-02-2021 18:29:19.0702 PM
[ReportManager] Successfully created attachment [Browser Action Test Data - closeCurrentWindow - Actual Value] @11-02-2021 18:29:19.0703 P
[ReportManager] File Action [getAbsolutePath] successfully performed. With the following test data [Relative Folder Path: "target/downloadedFiles/"]. @11-02-2021 18:29:19.0706 PM
[ReportManager] Attempting to run remotely on: [Linux-64], [GoogleChrome], [http://localhost:4444/wd/hub], Headless Execution. @11-02-2021 18:29:19.0706 PM
[ReportManager] Successfully Opened [GoogleChrome]. @11-02-2021 18:29:19.0958 PM
[ReportManager] Target URL: [https://www.google.com/ncr], and after redirection: [www.google.com] @11-02-2021 18:29:19.0969 PM
[ReportManager] Initial URL: [data:,] @11-02-2021 18:29:20.0037 PM
[ReportManager] Browser Action [navigateToURL] successfully performed. With the following test data [https://www.google.com/ncr]. @11-02-2021 18:29:20.0939 P

################################################################################################################################################
Starting Execution:	[51 out of 134] test cases in the current suite
Test Method:		[unitTests.tests_validations_assertions.assertElementExists_true_expectedToPass]
################################################################################################################################################
[ReportManager] Loaded Shared OpenCV @11-02-2021 18:29:21.0166 PM
[ReportManager] AssertElementExists PASSED; Expected [Element Should Exist, locator 'By.id: hplogo'] and Actual [Element Exists]. Comparison Type [EQUALS]. Validation Type [POSITIVE]. @11-02-2021 18:29:21.0254 PM
[ReportManager] Successfully created attachment [Screenshot - 1613068161166_assertElementExists_true_expectedToPass_AssertElementExists_passed] @11-02-2021 18:29:21.0254 P
[ReportManager] Successfully created attachment [Selenium WebDriver Logs - server] @11-02-2021 18:29:21.0338 PM
[ReportManager] Successfully created attachment [Selenium WebDriver Logs - performance] @11-02-2021 18:29:21.0376 PM
[ReportManager] Successfully created attachment [Selenium WebDriver Logs - driver] @11-02-2021 18:29:21.0453 PM
[ReportManager] Browser Action [closeCurrentWindow] successfully performed. @11-02-2021 18:29:21.0509 PM
[ReportManager] Successfully created attachment [Browser Action Test Data - closeCurrentWindow - Actual Value] @11-02-2021 18:29:21.0511 P
[ReportManager] File Action [getAbsolutePath] successfully performed. With the following test data [Relative Folder Path: "target/downloadedFiles/"]. @11-02-2021 18:29:21.0514 PM
[ReportManager] Attempting to run remotely on: [Linux-64], [GoogleChrome], [http://localhost:4444/wd/hub], Headless Execution. @11-02-2021 18:29:21.0514 PM
[ReportManager] Successfully Opened [GoogleChrome]. @11-02-2021 18:29:21.0735 PM
[ReportManager] Target URL: [https://www.google.com/ncr], and after redirection: [www.google.com] @11-02-2021 18:29:21.0746 PM
[ReportManager] Initial URL: [data:,] @11-02-2021 18:29:21.0797 PM
[ReportManager] Browser Action [navigateToURL] successfully performed. With the following test data [https://www.google.com/ncr]. @11-02-2021 18:29:22.0662 P

################################################################################################################################################
Starting Execution:	[52 out of 134] test cases in the current suite
Test Method:		[unitTests.tests_validations_assertions.assertElementExists_true_multipleElementsFound_expectedToFail]
################################################################################################################################################
[ReportManager] AssertElementExists FAILED; Expected [Element Should Exist, locator 'By.xpath: //div'] and Actual [Element Exists but is not unique]. Comparison Type [EQUALS]. Validation Type [POSITIVE]. @11-02-2021 18:29:22.0992 PM
[ReportManager] Successfully created attachment [Screenshot - 1613068162918_assertElementExists_true_multipleElementsFound_expectedToFail_AssertElementExists_failed] @11-02-2021 18:29:22.0993 P
[ReportManager] Successfully created attachment [Selenium WebDriver Logs - server] @11-02-2021 18:29:23.0092 PM
[ReportManager] Successfully created attachment [Selenium WebDriver Logs - performance] @11-02-2021 18:29:23.0131 PM
[ReportManager] Successfully created attachment [Selenium WebDriver Logs - driver] @11-02-2021 18:29:23.0211 PM
[ReportManager] Browser Action [closeCurrentWindow] successfully performed. @11-02-2021 18:29:23.0267 PM
[ReportManager] Successfully created attachment [Browser Action Test Data - closeCurrentWindow - Actual Value] @11-02-2021 18:29:23.0268 P

################################################################################################################################################
Starting Execution:	[53 out of 134] test cases in the current suite
Test Method:		[unitTests.tests_validations_assertions.assertEquals_false_expectedToFail]
################################################################################################################################################
[ReportManager] AssertEquals FAILED; Expected [1] and Actual [1]. Comparison Type [EQUALS]. Validation Type [NEGATIVE]. @11-02-2021 18:29:23.0274 P

################################################################################################################################################
Starting Execution:	[54 out of 134] test cases in the current suite
Test Method:		[unitTests.tests_validations_assertions.assertEquals_false_expectedToPass]
################################################################################################################################################
[ReportManager] AssertEquals PASSED; Expected [1] and Actual [2]. Comparison Type [EQUALS]. Validation Type [NEGATIVE]. @11-02-2021 18:29:23.0300 P

################################################################################################################################################
Starting Execution:	[55 out of 134] test cases in the current suite
Test Method:		[unitTests.tests_validations_assertions.assertEquals_longCharacters]
################################################################################################################################################
[ReportManager] VerifyEquals PASSED; Expected and Actual values are attached. Comparison Type [EQUALS]. Validation Type [POSITIVE]. @11-02-2021 18:29:23.0303 PM
[ReportManager] Successfully created attachment [Validation Test Data - Expected Value] @11-02-2021 18:29:23.0304 PM
[ReportManager] Successfully created attachment [Validation Test Data - Actual Value] @11-02-2021 18:29:23.0304 PM
[ReportManager] AssertEquals PASSED; Expected and Actual values are attached. Comparison Type [EQUALS]. Validation Type [POSITIVE]. @11-02-2021 18:29:23.0304 PM
[ReportManager] Successfully created attachment [Validation Test Data - Expected Value] @11-02-2021 18:29:23.0304 PM
[ReportManager] Successfully created attachment [Validation Test Data - Actual Value] @11-02-2021 18:29:23.0304 P

################################################################################################################################################
Starting Execution:	[56 out of 134] test cases in the current suite
Test Method:		[unitTests.tests_validations_assertions.assertEquals_longCharacters_Discreet]
################################################################################################################################################
[ReportManager] AssertEquals PASSED; Expected [1LH5pROcDBjjQk0t0mCr0lXuzQu9lcGj28kY8R1H81X67eVAQJgWQhILiRWVPUgZ6uCtK5cnBkF55Jr9vYngjGO1Iyf0Mktv6lruDlL9T8MAUPcUZJGHZtji6nIeadujDSNmWMj5d6C8zlFqw0CRqBU0hO5adIasHgBSNoLotAjce3NGXoDwAlp3rYreeV16VIyZXROQY] and Actual [1LH5pROcDBjjQk0t0mCr0lXuzQu9lcGj28kY8R1H81X67eVAQJgWQhILiRWVPUgZ6uCtK5cnBkF55Jr9vYngjGO1Iyf0Mktv6lruDlL9T8MAUPcUZJGHZtji6nIeadujDSNmWMj5d6C8zlFqw0CRqBU0hO5adIasHgBSNoLotAjce3NGXoDwAlp3rYreeV16VIyZXROQY]. Comparison Type [EQUALS]. Validation Type [POSITIVE]. @11-02-2021 18:29:23.0321 P

################################################################################################################################################
Starting Execution:	[57 out of 134] test cases in the current suite
Test Method:		[unitTests.tests_validations_assertions.assertEquals_true_expectedToFail]
################################################################################################################################################
[ReportManager] AssertEquals FAILED; Expected [1] and Actual [2]. Comparison Type [EQUALS]. Validation Type [POSITIVE]. @11-02-2021 18:29:23.0332 P

################################################################################################################################################
Starting Execution:	[58 out of 134] test cases in the current suite
Test Method:		[unitTests.tests_validations_assertions.assertEquals_true_expectedToPass]
Test Description:	[Assert that assertEquals works as expected when the two values are equal.]
################################################################################################################################################
[ReportManager] VerifyEquals PASSED; Expected [1] and Actual [1]. Comparison Type [EQUALS]. Validation Type [POSITIVE]. @11-02-2021 18:29:23.0345 PM
[ReportManager] AssertEquals PASSED; Expected [1] and Actual [1]. Comparison Type [EQUALS]. Validation Type [POSITIVE]. @11-02-2021 18:29:23.0345 P

################################################################################################################################################
Starting Execution:	[59 out of 134] test cases in the current suite
Test Method:		[unitTests.tests_validations_assertions.assertEquals_true_expectedToPass__]
################################################################################################################################################
[ReportManager] AssertEquals PASSED; Expected [1] and Actual [1]. Comparison Type [EQUALS]. Validation Type [POSITIVE]. @11-02-2021 18:29:23.0350 P

################################################################################################################################################
Starting Execution:	[60 out of 134] test cases in the current suite
Test Method:		[unitTests.tests_validations_assertions.assertFileExists_false_expectedToFail]
################################################################################################################################################
[ReportManager] File Action [doesFileExist] successfully performed. With the following test data [File Path: "src/main/java/com/shaft/gui/element/ElementActions.java"]. @11-02-2021 18:29:23.0353 PM
[ReportManager] AssertFileExists FAILED; Expected [File 'src/main/java/com/shaft/gui/element/ElementActions.java' should not exist, after up to '1' retries] and Actual [File exists]. Validation Type [NEGATIVE]. @11-02-2021 18:29:23.0363 P

################################################################################################################################################
Starting Execution:	[61 out of 134] test cases in the current suite
Test Method:		[unitTests.tests_validations_assertions.assertFileExists_false_expectedToPass]
################################################################################################################################################
[ReportManager] File Action [doesFileExist] successfully performed. With the following test data [File Path: "src/main/java/com/shaft/gui/element/ElementActions.java_fail"]. @11-02-2021 18:29:23.0870 PM
[ReportManager] AssertFileExists PASSED; Expected [File 'src/main/java/com/shaft/gui/element/ElementActions.java_fail' should not exist, after up to '1' retries] and Actual [File does not exist]. Validation Type [NEGATIVE]. @11-02-2021 18:29:23.0870 P

################################################################################################################################################
Starting Execution:	[62 out of 134] test cases in the current suite
Test Method:		[unitTests.tests_validations_assertions.assertFileExists_true_expectedToFail]
################################################################################################################################################
[ReportManager] File Action [doesFileExist] successfully performed. With the following test data [File Path: "src/main/java/com/shaft/gui/element/ElementActions.java_fail"]. @11-02-2021 18:29:24.0376 PM
[ReportManager] AssertFileExists FAILED; Expected [File 'src/main/java/com/shaft/gui/element/ElementActions.java_fail' should exist, after up to '1' retries] and Actual [File does not exist]. Validation Type [POSITIVE]. @11-02-2021 18:29:24.0376 P

################################################################################################################################################
Starting Execution:	[63 out of 134] test cases in the current suite
Test Method:		[unitTests.tests_validations_assertions.assertFileExists_true_expectedToPass]
################################################################################################################################################
[ReportManager] File Action [doesFileExist] successfully performed. With the following test data [File Path: "src/main/java/com/shaft/gui/element/ElementActions.java"]. @11-02-2021 18:29:24.0379 PM
[ReportManager] AssertFileExists PASSED; Expected [File 'src/main/java/com/shaft/gui/element/ElementActions.java' should exist, after up to '1' retries] and Actual [File exists]. Validation Type [POSITIVE]. @11-02-2021 18:29:24.0379 P

################################################################################################################################################
Starting Execution:	[64 out of 134] test cases in the current suite
Test Method:		[unitTests.tests_validations_assertions.assertNull_false_expectedToFail]
################################################################################################################################################
[ReportManager] AssertNull FAILED; Expected [NULL] and Actual [NULL]. Comparison Type [EQUALS]. Validation Type [NEGATIVE]. @11-02-2021 18:29:24.0384 P

################################################################################################################################################
Starting Execution:	[65 out of 134] test cases in the current suite
Test Method:		[unitTests.tests_validations_assertions.assertNull_false_expectedToPass]
################################################################################################################################################
[ReportManager] AssertNull PASSED; Expected [NULL] and Actual [1]. Comparison Type [EQUALS]. Validation Type [NEGATIVE]. @11-02-2021 18:29:24.0391 P

################################################################################################################################################
Starting Execution:	[66 out of 134] test cases in the current suite
Test Method:		[unitTests.tests_validations_assertions.assertNull_true_expectedToFail]
################################################################################################################################################
[ReportManager] AssertNull FAILED; Expected [NULL] and Actual [1]. Comparison Type [EQUALS]. Validation Type [POSITIVE]. @11-02-2021 18:29:24.0393 P

################################################################################################################################################
Starting Execution:	[67 out of 134] test cases in the current suite
Test Method:		[unitTests.tests_validations_assertions.assertNull_true_expectedToPass]
################################################################################################################################################
[ReportManager] AssertNull PASSED; Expected [NULL] and Actual [NULL]. Comparison Type [EQUALS]. Validation Type [POSITIVE]. @11-02-2021 18:29:24.0405 P
[ReportManager] File Action [getAbsolutePath] successfully performed. With the following test data [Relative Folder Path: "target/downloadedFiles/"]. @11-02-2021 18:29:24.0409 PM
[ReportManager] Attempting to run remotely on: [Linux-64], [GoogleChrome], [http://localhost:4444/wd/hub], Headless Execution. @11-02-2021 18:29:24.0409 PM
[ReportManager] Successfully Opened [GoogleChrome]. @11-02-2021 18:29:24.0642 P

################################################################################################################################################
Starting Execution:	[68 out of 134] test cases in the current suite
Test Method:		[testPackage01.Test_IsElementClickable.testIsElementClickable]
################################################################################################################################################
[ReportManager] Target URL: [https://the-internet.herokuapp.com/] @11-02-2021 18:29:24.0677 PM
[ReportManager] Initial URL: [data:,] @11-02-2021 18:29:24.0726 PM
[ReportManager] Browser Action [navigateToURL] successfully performed. With the following test data [https://the-internet.herokuapp.com/]. @11-02-2021 18:29:26.0009 PM
[ReportManager] Element Action [isElementClickable] successfully performed. @11-02-2021 18:29:26.0234 PM
[ReportManager] AssertTrue PASSED; Expected [TRUE] and Actual [TRUE]. Validation Type [POSITIVE]. @11-02-2021 18:29:26.0234 P
[ReportManager] Successfully created attachment [Selenium WebDriver Logs - server] @11-02-2021 18:29:26.0285 PM
[ReportManager] Successfully created attachment [Selenium WebDriver Logs - performance] @11-02-2021 18:29:26.0306 PM
[ReportManager] Successfully created attachment [Selenium WebDriver Logs - browser] @11-02-2021 18:29:26.0312 PM
[ReportManager] Successfully created attachment [Selenium WebDriver Logs - driver] @11-02-2021 18:29:26.0374 PM
[ReportManager] Browser Action [closeCurrentWindow] successfully performed. @11-02-2021 18:29:26.0430 PM
[ReportManager] Successfully created attachment [Browser Action Test Data - closeCurrentWindow - Actual Value] @11-02-2021 18:29:26.0430 P

################################################################################################################################################
Starting Execution:	[69 out of 134] test cases in the current suite
Test Method:		[testPackage01.Test_JsonActions.f]
###############################################################################################################################################

################################################################################################################################################
Starting Execution:	[70 out of 134] test cases in the current suite
Test Method:		[testPackage01.Test_JsonActions.f2]
###############################################################################################################################################

################################################################################################################################################
Starting Execution:	[71 out of 134] test cases in the current suite
Test Method:		[testPackage01.Test_SkipDueToIssue.doNotSkip]
################################################################################################################################################
[ReportManager] This should not be skipped. @11-02-2021 18:29:26.0462 P

################################################################################################################################################
Starting Execution:	[72 out of 134] test cases in the current suite
Test Method:		[testPackage01.Test_SkipDueToIssue.skip]
################################################################################################################################################
[ReportManager] This should be skipped. @11-02-2021 18:29:26.0470 P

################################################################################################################################################
Starting Execution:	[73 out of 134] test cases in the current suite
Test Method:		[testPackage01.Test_SkipDueToIssue.skip2]
################################################################################################################################################
[ReportManager] This should be skipped. @11-02-2021 18:29:26.0475 P

################################################################################################################################################
Starting Execution:	[74 out of 134] test cases in the current suite
Test Method:		[testPackage01.Test_testData.f]
################################################################################################################################################
[ReportManager] Successfully loaded the following test data file [src/test/resources/TestDataFiles/testSuite01/TestData.xlsx]. @11-02-2021 18:29:26.0514 PM
[ReportManager] Successfully created attachment [Test Data - Excel] @11-02-2021 18:29:26.0514 PM
[ReportManager] Last Column Number is: [3]. Zero-based. @11-02-2021 18:29:26.0515 P
[ReportManager] File Action [getAbsolutePath] successfully performed. With the following test data [Relative Folder Path: "target/downloadedFiles/"]. @11-02-2021 18:29:26.0518 PM
[ReportManager] Attempting to run remotely on: [Linux-64], [GoogleChrome], [http://localhost:4444/wd/hub], Headless Execution. @11-02-2021 18:29:26.0519 PM
[ReportManager] Successfully Opened [GoogleChrome]. @11-02-2021 18:29:26.0773 P

################################################################################################################################################
Starting Execution:	[75 out of 134] test cases in the current suite
Test Method:		[testPackage01.Test_assertEquals.test_assertElementAttribute]
################################################################################################################################################
[ReportManager] Target URL: [https://www.google.com/ncr], and after redirection: [https://www.google.com] @11-02-2021 18:29:26.0790 PM
[ReportManager] Initial URL: [data:,] @11-02-2021 18:29:26.0837 PM
[ReportManager] Browser Action [navigateToURL] successfully performed. With the following test data [https://www.google.com/ncr]. @11-02-2021 18:29:27.0768 PM
[ReportManager] Element Action [type] successfully performed. With the following test data [INC_004010050:Another SCHEDULER with the same name [Duplicate Job Name] already exists.]. @11-02-2021 18:29:30.0258 PM
[ReportManager] Element Action [getText] successfully performed. With the following test data [INC_004010050:Another SCHEDULER with the same name [Duplicate Job Name] already exists.]. @11-02-2021 18:29:30.0406 PM
[ReportManager] Loaded Shared OpenCV @11-02-2021 18:29:30.0567 PM
[ReportManager] AssertElementAttribute PASSED; Expected [Value Should be 'INC_004010050:Another SCHEDULER with the same name \[Duplicate Job Name\] already exists.' for the 'text' attribute, element locator 'By.name: q'] and Actual [INC_004010050:Another SCHEDULER with the same name [Duplicate Job Name] already exists.]. Comparison Type [MATCHES]. Validation Type [POSITIVE]. @11-02-2021 18:29:30.0653 PM
[ReportManager] Successfully created attachment [Screenshot - 1613068170567_test_assertElementAttribute_AssertElementAttribute_passed] @11-02-2021 18:29:30.0654 P
[ReportManager] Successfully created attachment [Selenium WebDriver Logs - server] @11-02-2021 18:29:30.0745 PM
[ReportManager] Successfully created attachment [Selenium WebDriver Logs - performance] @11-02-2021 18:29:31.0181 PM
[ReportManager] Successfully created attachment [Selenium WebDriver Logs - driver] @11-02-2021 18:29:31.0582 PM
[ReportManager] Browser Action [closeCurrentWindow] successfully performed. @11-02-2021 18:29:31.0639 PM
[ReportManager] Successfully created attachment [Browser Action Test Data - closeCurrentWindow - Actual Value] @11-02-2021 18:29:31.0640 P

################################################################################################################################################
Starting Execution:	[76 out of 134] test cases in the current suite
Test Method:		[testPackage01.Test_JsonCompareWithSpecialCharacters.specialCharacters]
################################################################################################################################################
[ReportManager] File Action [getAbsolutePath] successfully performed. With the following test data [Relative Folder Path: "src/test/resources/TestJsonFiles/specialCharacters.json"]. @11-02-2021 18:29:31.0645 PM
[ReportManager] File Action [readFromFile] successfully performed. With the following test data [File Path: "/home/runner/work/SHAFT_ENGINE/SHAFT_ENGINE/src/test/resources/TestJsonFiles/specialCharacters.json"]. @11-02-2021 18:29:31.0652 PM
[ReportManager] Successfully created attachment [File Action Actual Result - Command Log] @11-02-2021 18:29:31.0652 PM
[ReportManager] Comparing the provided API response with the file at this path "src/test/resources/TestJsonFiles/specialCharacters.json", comparison type "EQUALS" @11-02-2021 18:29:31.0653 PM
[ReportManager] API Action [compareJSON] successfully performed. With the following test data [src/test/resources/TestJsonFiles/specialCharacters.json]. @11-02-2021 18:29:31.0675 PM
[ReportManager] File Action [getAbsolutePath] successfully performed. With the following test data [Relative Folder Path: "src/test/resources/TestJsonFiles/specialCharacters.json"]. @11-02-2021 18:29:31.0675 PM
[ReportManager] File Action [readFromFile] successfully performed. With the following test data [File Path: "/home/runner/work/SHAFT_ENGINE/SHAFT_ENGINE/src/test/resources/TestJsonFiles/specialCharacters.json"]. @11-02-2021 18:29:31.0675 PM
[ReportManager] VerifyJSONFileContent PASSED; Expected [Response data should match the JSON File in this path 'src/test/resources/TestJsonFiles/specialCharacters.json'] and Actual [TRUE]. Comparison Type [EQUALS]. Validation Type [POSITIVE]. @11-02-2021 18:29:31.0683 PM
[ReportManager] Successfully created attachment [Validation Test Data - Expected JSON Value] @11-02-2021 18:29:31.0684 PM
[ReportManager] Successfully created attachment [Validation Test Data - Actual JSON Value] @11-02-2021 18:29:31.0684 P

################################################################################################################################################
Starting Execution:	[77 out of 134] test cases in the current suite
Test Method:		[testPackage01.Test_JsonCompareWithSpecialCharacters.specialCharacters_assertion]
################################################################################################################################################
[ReportManager] File Action [getAbsolutePath] successfully performed. With the following test data [Relative Folder Path: "src/test/resources/TestJsonFiles/specialCharacters.json"]. @11-02-2021 18:29:31.0691 PM
[ReportManager] File Action [readFromFile] successfully performed. With the following test data [File Path: "/home/runner/work/SHAFT_ENGINE/SHAFT_ENGINE/src/test/resources/TestJsonFiles/specialCharacters.json"]. @11-02-2021 18:29:31.0691 PM
[ReportManager] Successfully created attachment [File Action Actual Result - Command Log] @11-02-2021 18:29:31.0692 PM
[ReportManager] trying out the log message... @11-02-2021 18:29:31.0692 PM
[ReportManager] Comparing the provided API response with the file at this path "src/test/resources/TestJsonFiles/specialCharacters.json", comparison type "CONTAINS" @11-02-2021 18:29:31.0692 PM
[ReportManager] API Action [compareJSON] successfully performed. With the following test data [src/test/resources/TestJsonFiles/specialCharacters.json]. @11-02-2021 18:29:31.0717 PM
[ReportManager] File Action [getAbsolutePath] successfully performed. With the following test data [Relative Folder Path: "src/test/resources/TestJsonFiles/specialCharacters.json"]. @11-02-2021 18:29:31.0717 PM
[ReportManager] File Action [readFromFile] successfully performed. With the following test data [File Path: "/home/runner/work/SHAFT_ENGINE/SHAFT_ENGINE/src/test/resources/TestJsonFiles/specialCharacters.json"]. @11-02-2021 18:29:31.0717 PM
[ReportManager] AssertJSONFileContent PASSED; Expected [Response data should match the JSON File in this path 'src/test/resources/TestJsonFiles/specialCharacters.json'] and Actual [TRUE]. Comparison Type [CONTAINS]. Validation Type [POSITIVE]. @11-02-2021 18:29:31.0725 PM
[ReportManager] Successfully created attachment [Validation Test Data - Expected JSON Value] @11-02-2021 18:29:31.0725 PM
[ReportManager] Successfully created attachment [Validation Test Data - Actual JSON Value] @11-02-2021 18:29:31.0725 P

################################################################################################################################################
Starting Execution:	[78 out of 134] test cases in the current suite
Test Method:		[testPackage01.Test_JSONFileManager.readStringFromJson]
################################################################################################################################################
[ReportManager] Successfully loaded the following test data file [src/test/resources/TestDataFiles/simpleJSON.json]. @11-02-2021 18:29:31.0734 PM
[ReportManager] Successfully created attachment [Test Data - JSON] @11-02-2021 18:29:31.0735 PM
[ReportManager] AssertEquals PASSED; Expected [Mohab Mohie] and Actual [Mohab Mohie]. Comparison Type [EQUALS]. Validation Type [POSITIVE]. @11-02-2021 18:29:31.0746 P
[ReportManager] Successfully loaded the following test data file [src/test/resources/TestDataFiles/testSuite01/TestData.xlsx]. @11-02-2021 18:29:31.0775 PM
[ReportManager] Successfully created attachment [Test Data - Excel] @11-02-2021 18:29:31.0776 PM
[ReportManager] File Action [getAbsolutePath] successfully performed. With the following test data [Relative Folder Path: "target/downloadedFiles/"]. @11-02-2021 18:29:31.0776 PM
[ReportManager] Attempting to run remotely on: [Linux-64], [GoogleChrome], [http://localhost:4444/wd/hub], Headless Execution. @11-02-2021 18:29:31.0776 PM
[ReportManager] Successfully Opened [GoogleChrome]. @11-02-2021 18:29:32.0001 P

################################################################################################################################################
Starting Execution:	[79 out of 134] test cases in the current suite
Test Method:		[testPackage01.Test_google.navigateToURLandVerifyGoogleLogoIsDisplayed]
Test Description:	[TC001 - Navigate to URL and Verify Google Logo is Displayed]
################################################################################################################################################
[ReportManager] Target URL: [https://www.google.com/ncr], and after redirection: [https://www.google.com] @11-02-2021 18:29:32.0013 PM
[ReportManager] Initial URL: [data:,] @11-02-2021 18:29:32.0073 PM
[ReportManager] Browser Action [navigateToURL] successfully performed. With the following test data [https://www.google.com/ncr]. @11-02-2021 18:29:32.0975 PM
[ReportManager] Loaded Shared OpenCV @11-02-2021 18:29:33.0198 PM
[ReportManager] AssertElementExists PASSED; Expected [Element Should Exist, locator 'By.id: hplogo'] and Actual [Element Exists]. Comparison Type [EQUALS]. Validation Type [POSITIVE]. @11-02-2021 18:29:33.0301 PM
[ReportManager] Successfully created attachment [Screenshot - 1613068173198_navigateToURLandVerifyGoogleLogoIsDisplayed_AssertElementExists_passed] @11-02-2021 18:29:33.0302 P

################################################################################################################################################
Starting Execution:	[80 out of 134] test cases in the current suite
Test Method:		[testPackage01.Test_google.searchForQueryandAssertResultsNumDisplayed]
Test Description:	[TC002 - Search for Query and Assert that the number of results is displayed]
################################################################################################################################################
[ReportManager] Element Action [type] successfully performed. With the following test data [SHAFT_Engine]. @11-02-2021 18:29:34.0033 PM
[ReportManager] Element Action [keyPress] successfully performed. With the following test data [Enter]. @11-02-2021 18:29:35.0271 PM
[ReportManager] Element Action [getText] successfully performed. With the following test data [About 743,000 results (0.61 seconds) ]. @11-02-2021 18:29:35.0389 PM
[ReportManager] Loaded Shared OpenCV @11-02-2021 18:29:35.0550 PM
[ReportManager] AssertElementAttribute PASSED; Expected [Value Should not be '' for the 'Text' attribute, element locator 'By.id: appbar'] and Actual [About 743,000 results (0.61 seconds) ]. Comparison Type [EQUALS]. Validation Type [NEGATIVE]. @11-02-2021 18:29:35.0645 PM
[ReportManager] Successfully created attachment [Screenshot - 1613068175550_searchForQueryandAssertResultsNumDisplayed_AssertElementAttribute_passed] @11-02-2021 18:29:35.0645 P

################################################################################################################################################
Starting Execution:	[81 out of 134] test cases in the current suite
Test Method:		[testPackage01.Test_google.clickNextThrice]
Test Description:	[TC003 - Clicks the next button to make sure that the framework can scroll element into view before clicking it]
################################################################################################################################################
[ReportManager] Element Action [click] successfully performed. With the following test data [Next]. @11-02-2021 18:29:36.0968 P
[ReportManager] Successfully created attachment [Selenium WebDriver Logs - server] @11-02-2021 18:29:37.0144 PM
[ReportManager] Successfully created attachment [Selenium WebDriver Logs - performance] @11-02-2021 18:29:37.0425 PM
[ReportManager] Successfully created attachment [Selenium WebDriver Logs - driver] @11-02-2021 18:29:37.0802 PM
[ReportManager] Browser Action [closeCurrentWindow] successfully performed. @11-02-2021 18:29:37.0860 PM
[ReportManager] Successfully created attachment [Browser Action Test Data - closeCurrentWindow - Actual Value] @11-02-2021 18:29:37.0898 P
[ReportManager] File Action [getAbsolutePath] successfully performed. With the following test data [Relative Folder Path: "target/downloadedFiles/"]. @11-02-2021 18:29:37.0900 PM
[ReportManager] Attempting to run remotely on: [Linux-64], [GoogleChrome], [http://localhost:4444/wd/hub], Headless Execution. @11-02-2021 18:29:37.0900 PM
[ReportManager] Successfully Opened [GoogleChrome]. @11-02-2021 18:29:38.0334 P

################################################################################################################################################
Starting Execution:	[82 out of 134] test cases in the current suite
Test Method:		[testPackage01.Test_dragAndDrop.dragAndDropJquery]
################################################################################################################################################
[ReportManager] Target URL: [https://jqueryui.com/resources/demos/droppable/default.html] @11-02-2021 18:29:38.0372 PM
[ReportManager] Initial URL: [data:,] @11-02-2021 18:29:38.0470 PM
[ReportManager] Browser Action [navigateToURL] successfully performed. With the following test data [https://jqueryui.com/resources/demos/droppable/default.html]. @11-02-2021 18:29:39.0032 PM
[ReportManager] Element Action [getText] successfully performed. With the following test data [Drop here]. @11-02-2021 18:29:39.0151 PM
[ReportManager] Element Action [dragAndDrop] successfully performed. With the following test data [Start point: (8, 18), End point: (8, 18)]. @11-02-2021 18:29:40.0560 PM
[ReportManager] Element Action [getText] successfully performed. With the following test data [Dropped!]. @11-02-2021 18:29:40.0697 PM
[ReportManager] Checking to see if the text has changed after performing drag and drop... @11-02-2021 18:29:40.0697 PM
[ReportManager] AssertEquals PASSED; Expected [Drop here] and Actual [Dropped!]. Comparison Type [EQUALS]. Validation Type [NEGATIVE]. @11-02-2021 18:29:40.0697 P
[ReportManager] Successfully created attachment [Selenium WebDriver Logs - server] @11-02-2021 18:29:40.0769 PM
[ReportManager] Successfully created attachment [Selenium WebDriver Logs - performance] @11-02-2021 18:29:40.0788 PM
[ReportManager] Successfully created attachment [Selenium WebDriver Logs - driver] @11-02-2021 18:29:40.0874 PM
[ReportManager] Browser Action [closeCurrentWindow] successfully performed. @11-02-2021 18:29:40.0931 PM
[ReportManager] Successfully created attachment [Browser Action Test Data - closeCurrentWindow - Actual Value] @11-02-2021 18:29:40.0931 P
[ReportManager] File Action [getAbsolutePath] successfully performed. With the following test data [Relative Folder Path: "target/downloadedFiles/"]. @11-02-2021 18:29:40.0933 PM
[ReportManager] Attempting to run remotely on: [Linux-64], [GoogleChrome], [http://localhost:4444/wd/hub], Headless Execution. @11-02-2021 18:29:40.0933 PM
[ReportManager] Successfully Opened [GoogleChrome]. @11-02-2021 18:29:41.0174 P

################################################################################################################################################
Starting Execution:	[83 out of 134] test cases in the current suite
Test Method:		[testPackage01.Test_dragAndDrop.dragAndDrop]
Test Description:	[TC001 - Test Drag and Drop function.]
################################################################################################################################################
[ReportManager] Target URL: [http://the-internet.herokuapp.com/drag_and_drop] @11-02-2021 18:29:41.0195 PM
[ReportManager] Initial URL: [data:,] @11-02-2021 18:29:41.0253 PM
[ReportManager] Browser Action [navigateToURL] successfully performed. With the following test data [http://the-internet.herokuapp.com/drag_and_drop]. @11-02-2021 18:29:41.0924 PM
[ReportManager] Attempting Drag and Drop @11-02-2021 18:29:41.0924 PM
[ReportManager] Element Action [dragAndDrop] successfully performed. With the following test data [Start point: (32, 89), End point: (247, 89)]. @11-02-2021 18:29:43.0160 P
[ReportManager] Successfully created attachment [Selenium WebDriver Logs - server] @11-02-2021 18:29:43.0221 PM
[ReportManager] Successfully created attachment [Selenium WebDriver Logs - performance] @11-02-2021 18:29:43.0246 PM
[ReportManager] Successfully created attachment [Selenium WebDriver Logs - browser] @11-02-2021 18:29:43.0253 PM
[ReportManager] Successfully created attachment [Selenium WebDriver Logs - driver] @11-02-2021 18:29:43.0313 PM
[ReportManager] Browser Action [closeCurrentWindow] successfully performed. @11-02-2021 18:29:43.0369 PM
[ReportManager] Successfully created attachment [Browser Action Test Data - closeCurrentWindow - Actual Value] @11-02-2021 18:29:43.0369 P
[ReportManager] File Action [getAbsolutePath] successfully performed. With the following test data [Relative Folder Path: "target/downloadedFiles/"]. @11-02-2021 18:29:43.0371 PM
[ReportManager] Attempting to run remotely on: [Linux-64], [GoogleChrome], [http://localhost:4444/wd/hub], Headless Execution. @11-02-2021 18:29:43.0371 PM
[ReportManager] Successfully Opened [GoogleChrome]. @11-02-2021 18:29:43.0596 P

################################################################################################################################################
Starting Execution:	[84 out of 134] test cases in the current suite
Test Method:		[testPackage01.Test_dragAndDrop.dragAndDropByOffset]
Test Description:	[TC002 - Test Drag and Drop by offset function.]
################################################################################################################################################
[ReportManager] Target URL: [https://jqueryui.com/resources/demos/draggable/default.html] @11-02-2021 18:29:43.0616 PM
[ReportManager] Initial URL: [data:,] @11-02-2021 18:29:43.0680 PM
[ReportManager] Browser Action [navigateToURL] successfully performed. With the following test data [https://jqueryui.com/resources/demos/draggable/default.html]. @11-02-2021 18:29:44.0009 PM
[ReportManager] Element Action [dragAndDropByOffset] successfully performed. With the following test data [Start point: (8, 8), End point: (1008, 108)]. @11-02-2021 18:29:44.0225 P
[ReportManager] Successfully created attachment [Selenium WebDriver Logs - server] @11-02-2021 18:29:44.0275 PM
[ReportManager] Successfully created attachment [Selenium WebDriver Logs - performance] @11-02-2021 18:29:44.0292 PM
[ReportManager] Successfully created attachment [Selenium WebDriver Logs - driver] @11-02-2021 18:29:44.0356 PM
[ReportManager] Browser Action [closeCurrentWindow] successfully performed. @11-02-2021 18:29:44.0414 PM
[ReportManager] Successfully created attachment [Browser Action Test Data - closeCurrentWindow - Actual Value] @11-02-2021 18:29:44.0414 P
[ReportManager] File Action [getAbsolutePath] successfully performed. With the following test data [Relative Folder Path: "target/downloadedFiles/"]. @11-02-2021 18:29:44.0415 PM
[ReportManager] Attempting to run remotely on: [Linux-64], [GoogleChrome], [http://localhost:4444/wd/hub], Headless Execution. @11-02-2021 18:29:44.0416 PM
[ReportManager] Successfully Opened [GoogleChrome]. @11-02-2021 18:29:44.0651 P

################################################################################################################################################
Starting Execution:	[85 out of 134] test cases in the current suite
Test Method:		[testPackage01.Test_verifyEquals.test_assertElementAttribute]
################################################################################################################################################
[ReportManager] Target URL: [https://www.google.com/ncr], and after redirection: [https://www.google.com] @11-02-2021 18:29:44.0665 PM
[ReportManager] Initial URL: [data:,] @11-02-2021 18:29:44.0732 PM
[ReportManager] Browser Action [navigateToURL] successfully performed. With the following test data [https://www.google.com/ncr]. @11-02-2021 18:29:45.0612 PM
[ReportManager] Element Action [type] successfully performed. With the following test data [INC_004010050:Another SCHEDULER with the same name [Duplicate Job Name] already exists.]. @11-02-2021 18:29:48.0088 PM
[ReportManager] Element Action [getText] successfully performed. With the following test data [INC_004010050:Another SCHEDULER with the same name [Duplicate Job Name] already exists.]. @11-02-2021 18:29:48.0249 PM
[ReportManager] Loaded Shared OpenCV @11-02-2021 18:29:48.0436 PM
[ReportManager] VerifyElementAttribute PASSED; Expected [Value Should be 'INC_004010050:Another SCHEDULER with the same name \[Duplicate Job Name\] already exists.' for the 'text' attribute, element locator 'By.name: q'] and Actual [INC_004010050:Another SCHEDULER with the same name [Duplicate Job Name] already exists.]. Comparison Type [MATCHES]. Validation Type [POSITIVE]. @11-02-2021 18:29:48.0523 PM
[ReportManager] Successfully created attachment [Screenshot - 1613068188436_test_assertElementAttribute_VerifyElementAttribute_passed] @11-02-2021 18:29:48.0524 P
[ReportManager] Successfully created attachment [Selenium WebDriver Logs - server] @11-02-2021 18:29:48.0613 PM
[ReportManager] Successfully created attachment [Selenium WebDriver Logs - performance] @11-02-2021 18:29:49.0039 PM
[ReportManager] Successfully created attachment [Selenium WebDriver Logs - driver] @11-02-2021 18:29:49.0447 PM
[ReportManager] Browser Action [closeCurrentWindow] successfully performed. @11-02-2021 18:29:49.0503 PM
[ReportManager] Successfully created attachment [Browser Action Test Data - closeCurrentWindow - Actual Value] @11-02-2021 18:29:49.0504 P

################################################################################################################################################
Starting Execution:	[86 out of 134] test cases in the current suite
Test Method:		[testPackage01.Test_NewValidationActions.f1]
################################################################################################################################################
[ReportManager] Checking valid user data... @11-02-2021 18:29:49.0511 PM
[ReportManager] AssertEquals PASSED; Expected and Actual values are attached. Comparison Type [EQUALS]. Validation Type [POSITIVE]. @11-02-2021 18:29:49.0511 PM
[ReportManager] Successfully created attachment [Validation Test Data - Expected Value] @11-02-2021 18:29:49.0511 PM
[ReportManager] Successfully created attachment [Validation Test Data - Actual Value] @11-02-2021 18:29:49.0512 P
[ReportManager] File Action [getAbsolutePath] successfully performed. With the following test data [Relative Folder Path: "target/downloadedFiles/"]. @11-02-2021 18:29:49.0513 PM
[ReportManager] Attempting to run remotely on: [Linux-64], [GoogleChrome], [http://localhost:4444/wd/hub], Headless Execution. @11-02-2021 18:29:49.0513 PM
[ReportManager] Successfully Opened [GoogleChrome]. @11-02-2021 18:29:49.0754 PM
[ReportManager] Target URL: [https://the-internet.herokuapp.com/] @11-02-2021 18:29:49.0788 PM
[ReportManager] Initial URL: [data:,] @11-02-2021 18:29:49.0853 PM
[ReportManager] Browser Action [navigateToURL] successfully performed. With the following test data [https://the-internet.herokuapp.com/]. @11-02-2021 18:29:50.0253 P

################################################################################################################################################
Starting Execution:	[87 out of 134] test cases in the current suite
Test Method:		[testPackage01.Test_NewValidationActions.f10]
################################################################################################################################################
[ReportManager] AssertElementExists FAILED; Expected [Element Should Exist, locator 'By.tagName: div'] and Actual [Element Exists but is not unique]. Comparison Type [EQUALS]. Validation Type [POSITIVE]. @11-02-2021 18:29:50.0545 PM
[ReportManager] Successfully created attachment [Screenshot - 1613068190472_f10_AssertElementExists_failed] @11-02-2021 18:29:50.0545 P
[ReportManager] Successfully created attachment [Selenium WebDriver Logs - server] @11-02-2021 18:29:50.0556 PM
[ReportManager] Successfully created attachment [Selenium WebDriver Logs - performance] @11-02-2021 18:29:50.0577 PM
[ReportManager] Successfully created attachment [Selenium WebDriver Logs - browser] @11-02-2021 18:29:50.0584 PM
[ReportManager] Successfully created attachment [Selenium WebDriver Logs - driver] @11-02-2021 18:29:50.0639 PM
[ReportManager] Successfully Closed All Browsers. @11-02-2021 18:29:50.0726 P
[ReportManager] File Action [getAbsolutePath] successfully performed. With the following test data [Relative Folder Path: "target/downloadedFiles/"]. @11-02-2021 18:29:50.0730 PM
[ReportManager] Attempting to run remotely on: [Linux-64], [GoogleChrome], [http://localhost:4444/wd/hub], Headless Execution. @11-02-2021 18:29:50.0731 PM
[ReportManager] Successfully Opened [GoogleChrome]. @11-02-2021 18:29:50.0951 PM
[ReportManager] Target URL: [https://the-internet.herokuapp.com/] @11-02-2021 18:29:50.0985 PM
[ReportManager] Initial URL: [data:,] @11-02-2021 18:29:51.0035 PM
[ReportManager] Browser Action [navigateToURL] successfully performed. With the following test data [https://the-internet.herokuapp.com/]. @11-02-2021 18:29:51.0422 P

################################################################################################################################################
Starting Execution:	[88 out of 134] test cases in the current suite
Test Method:		[testPackage01.Test_NewValidationActions.f11]
################################################################################################################################################
[ReportManager] Checking that false tag doesn't exist... @11-02-2021 18:29:51.0431 PM
[ReportManager] AssertElementExists PASSED; Expected [Element Should not Exist, locator 'By.tagName: h3'] and Actual [Element Doesn't Exists]. Comparison Type [EQUALS]. Validation Type [NEGATIVE]. @11-02-2021 18:29:51.0683 PM
[ReportManager] Successfully created attachment [Screenshot - 1613068191611_f11_AssertElementExists_passed] @11-02-2021 18:29:51.0683 P
[ReportManager] Successfully created attachment [Selenium WebDriver Logs - server] @11-02-2021 18:29:51.0695 PM
[ReportManager] Successfully created attachment [Selenium WebDriver Logs - performance] @11-02-2021 18:29:51.0715 PM
[ReportManager] Successfully created attachment [Selenium WebDriver Logs - browser] @11-02-2021 18:29:51.0721 PM
[ReportManager] Successfully created attachment [Selenium WebDriver Logs - driver] @11-02-2021 18:29:51.0775 PM
[ReportManager] Successfully Closed All Browsers. @11-02-2021 18:29:51.0856 P
[ReportManager] File Action [getAbsolutePath] successfully performed. With the following test data [Relative Folder Path: "target/downloadedFiles/"]. @11-02-2021 18:29:51.0858 PM
[ReportManager] Attempting to run remotely on: [Linux-64], [GoogleChrome], [http://localhost:4444/wd/hub], Headless Execution. @11-02-2021 18:29:51.0858 PM
[ReportManager] Successfully Opened [GoogleChrome]. @11-02-2021 18:29:52.0096 PM
[ReportManager] Target URL: [https://the-internet.herokuapp.com/] @11-02-2021 18:29:52.0107 PM
[ReportManager] Initial URL: [data:,] @11-02-2021 18:29:52.0152 PM
[ReportManager] Browser Action [navigateToURL] successfully performed. With the following test data [https://the-internet.herokuapp.com/]. @11-02-2021 18:29:52.0559 P

################################################################################################################################################
Starting Execution:	[89 out of 134] test cases in the current suite
Test Method:		[testPackage01.Test_NewValidationActions.f12]
################################################################################################################################################
[ReportManager] Loaded Shared OpenCV @11-02-2021 18:29:52.0787 PM
[ReportManager] AssertElementExists FAILED; Expected [Element Should not Exist, locator 'By.tagName: h1'] and Actual [Element Exists]. Comparison Type [EQUALS]. Validation Type [NEGATIVE]. @11-02-2021 18:29:52.0877 PM
[ReportManager] Successfully created attachment [Screenshot - 1613068192787_f12_AssertElementExists_failed] @11-02-2021 18:29:52.0877 P
[ReportManager] Successfully created attachment [Selenium WebDriver Logs - server] @11-02-2021 18:29:52.0889 PM
[ReportManager] Successfully created attachment [Selenium WebDriver Logs - performance] @11-02-2021 18:29:52.0909 PM
[ReportManager] Successfully created attachment [Selenium WebDriver Logs - browser] @11-02-2021 18:29:52.0919 PM
[ReportManager] Successfully created attachment [Selenium WebDriver Logs - driver] @11-02-2021 18:29:52.0997 PM
[ReportManager] Successfully Closed All Browsers. @11-02-2021 18:29:53.0077 P
[ReportManager] File Action [getAbsolutePath] successfully performed. With the following test data [Relative Folder Path: "target/downloadedFiles/"]. @11-02-2021 18:29:53.0080 PM
[ReportManager] Attempting to run remotely on: [Linux-64], [GoogleChrome], [http://localhost:4444/wd/hub], Headless Execution. @11-02-2021 18:29:53.0081 PM
[ReportManager] Successfully Opened [GoogleChrome]. @11-02-2021 18:29:53.0336 PM
[ReportManager] Target URL: [https://the-internet.herokuapp.com/] @11-02-2021 18:29:53.0350 PM
[ReportManager] Initial URL: [data:,] @11-02-2021 18:29:53.0397 PM
[ReportManager] Browser Action [navigateToURL] successfully performed. With the following test data [https://the-internet.herokuapp.com/]. @11-02-2021 18:29:53.0815 P

################################################################################################################################################
Starting Execution:	[90 out of 134] test cases in the current suite
Test Method:		[testPackage01.Test_NewValidationActions.f13]
################################################################################################################################################
[ReportManager] AssertElementExists FAILED; Expected [Element Should not Exist, locator 'By.tagName: div'] and Actual [Element Exists but is not unique]. Comparison Type [EQUALS]. Validation Type [NEGATIVE]. @11-02-2021 18:29:54.0122 PM
[ReportManager] Successfully created attachment [Screenshot - 1613068194034_f13_AssertElementExists_failed] @11-02-2021 18:29:54.0122 P
[ReportManager] Successfully created attachment [Selenium WebDriver Logs - server] @11-02-2021 18:29:54.0141 PM
[ReportManager] Successfully created attachment [Selenium WebDriver Logs - performance] @11-02-2021 18:29:54.0162 PM
[ReportManager] Successfully created attachment [Selenium WebDriver Logs - browser] @11-02-2021 18:29:54.0169 PM
[ReportManager] Successfully created attachment [Selenium WebDriver Logs - driver] @11-02-2021 18:29:54.0223 PM
[ReportManager] Successfully Closed All Browsers. @11-02-2021 18:29:54.0301 P
[ReportManager] File Action [getAbsolutePath] successfully performed. With the following test data [Relative Folder Path: "target/downloadedFiles/"]. @11-02-2021 18:29:54.0302 PM
[ReportManager] Attempting to run remotely on: [Linux-64], [GoogleChrome], [http://localhost:4444/wd/hub], Headless Execution. @11-02-2021 18:29:54.0303 PM
[ReportManager] Successfully Opened [GoogleChrome]. @11-02-2021 18:29:54.0520 PM
[ReportManager] Target URL: [https://the-internet.herokuapp.com/] @11-02-2021 18:29:54.0541 PM
[ReportManager] Initial URL: [data:,] @11-02-2021 18:29:54.0593 PM
[ReportManager] Browser Action [navigateToURL] successfully performed. With the following test data [https://the-internet.herokuapp.com/]. @11-02-2021 18:29:55.0030 P

################################################################################################################################################
Starting Execution:	[91 out of 134] test cases in the current suite
Test Method:		[testPackage01.Test_NewValidationActions.f14]
################################################################################################################################################
[ReportManager] Asserting that the header text is correct... @11-02-2021 18:29:55.0033 PM
[ReportManager] Element Action [getText] successfully performed. With the following test data [Welcome to the-internet]. @11-02-2021 18:29:55.0165 PM
[ReportManager] Loaded Shared OpenCV @11-02-2021 18:29:55.0330 PM
[ReportManager] AssertElementAttribute PASSED; Expected [Value Should be 'Welcome to the-internet' for the 'text' attribute, element locator 'By.tagName: h1'] and Actual [Welcome to the-internet]. Comparison Type [EQUALS]. Validation Type [POSITIVE]. @11-02-2021 18:29:55.0422 PM
[ReportManager] Successfully created attachment [Screenshot - 1613068195330_f14_AssertElementAttribute_passed] @11-02-2021 18:29:55.0423 P
[ReportManager] Successfully created attachment [Selenium WebDriver Logs - server] @11-02-2021 18:29:55.0437 PM
[ReportManager] Successfully created attachment [Selenium WebDriver Logs - performance] @11-02-2021 18:29:55.0457 PM
[ReportManager] Successfully created attachment [Selenium WebDriver Logs - browser] @11-02-2021 18:29:55.0464 PM
[ReportManager] Successfully created attachment [Selenium WebDriver Logs - driver] @11-02-2021 18:29:55.0520 PM
[ReportManager] Successfully Closed All Browsers. @11-02-2021 18:29:55.0594 P
[ReportManager] File Action [getAbsolutePath] successfully performed. With the following test data [Relative Folder Path: "target/downloadedFiles/"]. @11-02-2021 18:29:55.0597 PM
[ReportManager] Attempting to run remotely on: [Linux-64], [GoogleChrome], [http://localhost:4444/wd/hub], Headless Execution. @11-02-2021 18:29:55.0597 PM
[ReportManager] Successfully Opened [GoogleChrome]. @11-02-2021 18:29:55.0819 PM
[ReportManager] Target URL: [https://the-internet.herokuapp.com/] @11-02-2021 18:29:55.0834 PM
[ReportManager] Initial URL: [data:,] @11-02-2021 18:29:55.0888 PM
[ReportManager] Browser Action [navigateToURL] successfully performed. With the following test data [https://the-internet.herokuapp.com/]. @11-02-2021 18:29:56.0399 P

################################################################################################################################################
Starting Execution:	[92 out of 134] test cases in the current suite
Test Method:		[testPackage01.Test_NewValidationActions.f15]
################################################################################################################################################
[ReportManager] Element Action [getText] successfully performed. With the following test data [Welcome to the-internet]. @11-02-2021 18:29:56.0534 PM
[ReportManager] Loaded Shared OpenCV @11-02-2021 18:29:56.0697 PM
[ReportManager] AssertElementAttribute FAILED; Expected [Value Should not be 'Welcome' for the 'text' attribute, element locator 'By.tagName: h1'] and Actual [Welcome to the-internet]. Comparison Type [CONTAINS]. Validation Type [NEGATIVE]. @11-02-2021 18:29:56.0798 PM
[ReportManager] Successfully created attachment [Screenshot - 1613068196696_f15_AssertElementAttribute_failed] @11-02-2021 18:29:56.0798 P
[ReportManager] Successfully created attachment [Selenium WebDriver Logs - server] @11-02-2021 18:29:56.0816 PM
[ReportManager] Successfully created attachment [Selenium WebDriver Logs - performance] @11-02-2021 18:29:56.0837 PM
[ReportManager] Successfully created attachment [Selenium WebDriver Logs - browser] @11-02-2021 18:29:56.0844 PM
[ReportManager] Successfully created attachment [Selenium WebDriver Logs - driver] @11-02-2021 18:29:56.0909 PM
[ReportManager] Successfully Closed All Browsers. @11-02-2021 18:29:56.0984 P
[ReportManager] File Action [getAbsolutePath] successfully performed. With the following test data [Relative Folder Path: "target/downloadedFiles/"]. @11-02-2021 18:29:56.0986 PM
[ReportManager] Attempting to run remotely on: [Linux-64], [GoogleChrome], [http://localhost:4444/wd/hub], Headless Execution. @11-02-2021 18:29:56.0986 PM
[ReportManager] Successfully Opened [GoogleChrome]. @11-02-2021 18:29:57.0216 PM
[ReportManager] Target URL: [https://the-internet.herokuapp.com/] @11-02-2021 18:29:57.0227 PM
[ReportManager] Initial URL: [data:,] @11-02-2021 18:29:57.0292 PM
[ReportManager] Browser Action [navigateToURL] successfully performed. With the following test data [https://the-internet.herokuapp.com/]. @11-02-2021 18:29:57.0826 P

################################################################################################################################################
Starting Execution:	[93 out of 134] test cases in the current suite
Test Method:		[testPackage01.Test_NewValidationActions.f16]
################################################################################################################################################
[ReportManager] Element Action [identifyUniqueElement] failed. With the following test data [zero elements found matching this locator "By.tagName: h3".]. @11-02-2021 18:29:58.0038 PM
[ReportManager] Successfully created attachment [Screenshot - 1613068197963_f16_identifyUniqueElement_failed] @11-02-2021 18:29:58.0038 PM
[ReportManager] AssertElementAttribute FAILED; Expected [Value Should not be 'Welcome' for the 'text' attribute, element locator 'By.tagName: h3'] and Actual [Failed to read the desired element attribute]. Comparison Type [CONTAINS]. Validation Type [NEGATIVE]. @11-02-2021 18:29:58.0039 P
[ReportManager] Successfully created attachment [Selenium WebDriver Logs - server] @11-02-2021 18:29:58.0053 PM
[ReportManager] Successfully created attachment [Selenium WebDriver Logs - performance] @11-02-2021 18:29:58.0077 PM
[ReportManager] Successfully created attachment [Selenium WebDriver Logs - browser] @11-02-2021 18:29:58.0084 PM
[ReportManager] Successfully created attachment [Selenium WebDriver Logs - driver] @11-02-2021 18:29:58.0141 PM
[ReportManager] Successfully Closed All Browsers. @11-02-2021 18:29:58.0225 P
[ReportManager] File Action [getAbsolutePath] successfully performed. With the following test data [Relative Folder Path: "target/downloadedFiles/"]. @11-02-2021 18:29:58.0227 PM
[ReportManager] Attempting to run remotely on: [Linux-64], [GoogleChrome], [http://localhost:4444/wd/hub], Headless Execution. @11-02-2021 18:29:58.0227 PM
[ReportManager] Successfully Opened [GoogleChrome]. @11-02-2021 18:29:58.0465 PM
[ReportManager] Target URL: [https://the-internet.herokuapp.com/] @11-02-2021 18:29:58.0483 PM
[ReportManager] Initial URL: [data:,] @11-02-2021 18:29:58.0527 PM
[ReportManager] Browser Action [navigateToURL] successfully performed. With the following test data [https://the-internet.herokuapp.com/]. @11-02-2021 18:29:58.0931 P

################################################################################################################################################
Starting Execution:	[94 out of 134] test cases in the current suite
Test Method:		[testPackage01.Test_NewValidationActions.f17]
################################################################################################################################################
[ReportManager] Attempting to getAttribute [text2] from elementLocator [By.tagName: h1]. @11-02-2021 18:29:58.0938 PM
[ReportManager] Element Action [getAttribute] successfully performed. @11-02-2021 18:29:59.0050 PM
[ReportManager] Loaded Shared OpenCV @11-02-2021 18:29:59.0196 PM
[ReportManager] AssertElementAttribute PASSED; Expected [Value Should not be 'Welcome' for the 'text2' attribute, element locator 'By.tagName: h1'] and Actual [null]. Comparison Type [CONTAINS]. Validation Type [NEGATIVE]. @11-02-2021 18:29:59.0285 PM
[ReportManager] Successfully created attachment [Screenshot - 1613068199196_f17_AssertElementAttribute_passed] @11-02-2021 18:29:59.0285 P
[ReportManager] Successfully created attachment [Selenium WebDriver Logs - server] @11-02-2021 18:29:59.0298 PM
[ReportManager] Successfully created attachment [Selenium WebDriver Logs - performance] @11-02-2021 18:29:59.0320 PM
[ReportManager] Successfully created attachment [Selenium WebDriver Logs - browser] @11-02-2021 18:29:59.0330 PM
[ReportManager] Successfully created attachment [Selenium WebDriver Logs - driver] @11-02-2021 18:29:59.0387 PM
[ReportManager] Successfully Closed All Browsers. @11-02-2021 18:29:59.0466 P
[ReportManager] File Action [getAbsolutePath] successfully performed. With the following test data [Relative Folder Path: "target/downloadedFiles/"]. @11-02-2021 18:29:59.0469 PM
[ReportManager] Attempting to run remotely on: [Linux-64], [GoogleChrome], [http://localhost:4444/wd/hub], Headless Execution. @11-02-2021 18:29:59.0469 PM
[ReportManager] Successfully Opened [GoogleChrome]. @11-02-2021 18:29:59.0684 PM
[ReportManager] Target URL: [https://the-internet.herokuapp.com/] @11-02-2021 18:29:59.0696 PM
[ReportManager] Initial URL: [data:,] @11-02-2021 18:29:59.0752 PM
[ReportManager] Browser Action [navigateToURL] successfully performed. With the following test data [https://the-internet.herokuapp.com/]. @11-02-2021 18:30:00.0192 P

################################################################################################################################################
Starting Execution:	[95 out of 134] test cases in the current suite
Test Method:		[testPackage01.Test_NewValidationActions.f18]
################################################################################################################################################
[ReportManager] Element Action [getText] successfully performed. With the following test data [Welcome to the-internet]. @11-02-2021 18:30:00.0381 PM
[ReportManager] Loaded Shared OpenCV @11-02-2021 18:30:00.0551 PM
[ReportManager] AssertElementAttribute PASSED; Expected [Value Should not be 'no' for the 'text' attribute, element locator 'By.tagName: h1'] and Actual [Welcome to the-internet]. Comparison Type [CONTAINS]. Validation Type [NEGATIVE]. @11-02-2021 18:30:00.0651 PM
[ReportManager] Successfully created attachment [Screenshot - 1613068200551_f18_AssertElementAttribute_passed] @11-02-2021 18:30:00.0652 P
[ReportManager] Successfully created attachment [Selenium WebDriver Logs - server] @11-02-2021 18:30:00.0672 PM
[ReportManager] Successfully created attachment [Selenium WebDriver Logs - performance] @11-02-2021 18:30:00.0697 PM
[ReportManager] Successfully created attachment [Selenium WebDriver Logs - browser] @11-02-2021 18:30:00.0703 PM
[ReportManager] Successfully created attachment [Selenium WebDriver Logs - driver] @11-02-2021 18:30:00.0759 PM
[ReportManager] Successfully Closed All Browsers. @11-02-2021 18:30:00.0833 P
[ReportManager] File Action [getAbsolutePath] successfully performed. With the following test data [Relative Folder Path: "target/downloadedFiles/"]. @11-02-2021 18:30:00.0835 PM
[ReportManager] Attempting to run remotely on: [Linux-64], [GoogleChrome], [http://localhost:4444/wd/hub], Headless Execution. @11-02-2021 18:30:00.0835 PM
[ReportManager] Successfully Opened [GoogleChrome]. @11-02-2021 18:30:01.0062 PM
[ReportManager] Target URL: [https://the-internet.herokuapp.com/] @11-02-2021 18:30:01.0074 PM
[ReportManager] Initial URL: [data:,] @11-02-2021 18:30:01.0127 PM
[ReportManager] Browser Action [navigateToURL] successfully performed. With the following test data [https://the-internet.herokuapp.com/]. @11-02-2021 18:30:01.0744 P

################################################################################################################################################
Starting Execution:	[96 out of 134] test cases in the current suite
Test Method:		[testPackage01.Test_NewValidationActions.f19]
################################################################################################################################################
[ReportManager] Element Action [getTagName] successfully performed. With the following test data [h1]. @11-02-2021 18:30:01.0883 PM
[ReportManager] Loaded Shared OpenCV @11-02-2021 18:30:02.0099 PM
[ReportManager] AssertElementAttribute PASSED; Expected [Value Should be 'h' for the 'tagname' attribute, element locator 'By.tagName: h1'] and Actual [h1]. Comparison Type [CONTAINS]. Validation Type [POSITIVE]. @11-02-2021 18:30:02.0191 PM
[ReportManager] Successfully created attachment [Screenshot - 1613068202099_f19_AssertElementAttribute_passed] @11-02-2021 18:30:02.0191 P
[ReportManager] Successfully created attachment [Selenium WebDriver Logs - server] @11-02-2021 18:30:02.0203 PM
[ReportManager] Successfully created attachment [Selenium WebDriver Logs - performance] @11-02-2021 18:30:02.0233 PM
[ReportManager] Successfully created attachment [Selenium WebDriver Logs - browser] @11-02-2021 18:30:02.0241 PM
[ReportManager] Successfully created attachment [Selenium WebDriver Logs - driver] @11-02-2021 18:30:02.0314 PM
[ReportManager] Successfully Closed All Browsers. @11-02-2021 18:30:02.0414 P

################################################################################################################################################
Starting Execution:	[97 out of 134] test cases in the current suite
Test Method:		[testPackage01.Test_NewValidationActions.f2]
################################################################################################################################################
[ReportManager] Checking valid user data... @11-02-2021 18:30:02.0426 PM
[ReportManager] AssertEquals FAILED; Expected [1] and Actual [2]. Comparison Type [EQUALS]. Validation Type [POSITIVE]. @11-02-2021 18:30:02.0426 P
[ReportManager] File Action [getAbsolutePath] successfully performed. With the following test data [Relative Folder Path: "target/downloadedFiles/"]. @11-02-2021 18:30:02.0433 PM
[ReportManager] Attempting to run remotely on: [Linux-64], [GoogleChrome], [http://localhost:4444/wd/hub], Headless Execution. @11-02-2021 18:30:02.0433 PM
[ReportManager] Successfully Opened [GoogleChrome]. @11-02-2021 18:30:02.0776 PM
[ReportManager] Target URL: [https://the-internet.herokuapp.com/] @11-02-2021 18:30:02.0787 PM
[ReportManager] Initial URL: [data:,] @11-02-2021 18:30:02.0846 PM
[ReportManager] Browser Action [navigateToURL] successfully performed. With the following test data [https://the-internet.herokuapp.com/]. @11-02-2021 18:30:03.0470 P

################################################################################################################################################
Starting Execution:	[98 out of 134] test cases in the current suite
Test Method:		[testPackage01.Test_NewValidationActions.f20]
################################################################################################################################################
[ReportManager] Element Action [getSize] successfully performed. With the following test data [(755, 61)]. @11-02-2021 18:30:03.0597 PM
[ReportManager] Loaded Shared OpenCV @11-02-2021 18:30:03.0761 PM
[ReportManager] AssertElementAttribute PASSED; Expected [Value Should not be 'a' for the 'size' attribute, element locator 'By.tagName: h1'] and Actual [(755, 61)]. Comparison Type [CONTAINS]. Validation Type [NEGATIVE]. @11-02-2021 18:30:03.0850 PM
[ReportManager] Successfully created attachment [Screenshot - 1613068203761_f20_AssertElementAttribute_passed] @11-02-2021 18:30:03.0851 P
[ReportManager] Successfully created attachment [Selenium WebDriver Logs - server] @11-02-2021 18:30:03.0865 PM
[ReportManager] Successfully created attachment [Selenium WebDriver Logs - performance] @11-02-2021 18:30:03.0887 PM
[ReportManager] Successfully created attachment [Selenium WebDriver Logs - browser] @11-02-2021 18:30:03.0895 PM
[ReportManager] Successfully created attachment [Selenium WebDriver Logs - driver] @11-02-2021 18:30:03.0966 PM
[ReportManager] Successfully Closed All Browsers. @11-02-2021 18:30:04.0040 P
[ReportManager] File Action [getAbsolutePath] successfully performed. With the following test data [Relative Folder Path: "target/downloadedFiles/"]. @11-02-2021 18:30:04.0043 PM
[ReportManager] Attempting to run remotely on: [Linux-64], [GoogleChrome], [http://localhost:4444/wd/hub], Headless Execution. @11-02-2021 18:30:04.0043 PM
[ReportManager] Successfully Opened [GoogleChrome]. @11-02-2021 18:30:04.0279 PM
[ReportManager] Target URL: [https://the-internet.herokuapp.com/] @11-02-2021 18:30:04.0289 PM
[ReportManager] Initial URL: [data:,] @11-02-2021 18:30:04.0338 PM
[ReportManager] Browser Action [navigateToURL] successfully performed. With the following test data [https://the-internet.herokuapp.com/]. @11-02-2021 18:30:06.0205 P

################################################################################################################################################
Starting Execution:	[99 out of 134] test cases in the current suite
Test Method:		[testPackage01.Test_NewValidationActions.f21]
################################################################################################################################################
[ReportManager] Element Action [identifyUniqueElement] failed. With the following test data [zero elements found matching this locator "By.tagName: h3".]. @11-02-2021 18:30:06.0434 PM
[ReportManager] Successfully created attachment [Screenshot - 1613068206362_f21_identifyUniqueElement_failed] @11-02-2021 18:30:06.0434 PM
[ReportManager] AssertElementAttribute FAILED; Expected [Value Should be 'Welcome' for the 'text' attribute, element locator 'By.tagName: h3'] and Actual [Failed to read the desired element attribute]. Comparison Type [CONTAINS]. Validation Type [POSITIVE]. @11-02-2021 18:30:06.0435 P
[ReportManager] Successfully created attachment [Selenium WebDriver Logs - server] @11-02-2021 18:30:06.0447 PM
[ReportManager] Successfully created attachment [Selenium WebDriver Logs - performance] @11-02-2021 18:30:06.0468 PM
[ReportManager] Successfully created attachment [Selenium WebDriver Logs - browser] @11-02-2021 18:30:06.0475 PM
[ReportManager] Successfully created attachment [Selenium WebDriver Logs - driver] @11-02-2021 18:30:06.0532 PM
[ReportManager] Successfully Closed All Browsers. @11-02-2021 18:30:06.0612 P
[ReportManager] File Action [getAbsolutePath] successfully performed. With the following test data [Relative Folder Path: "target/downloadedFiles/"]. @11-02-2021 18:30:06.0614 PM
[ReportManager] Attempting to run remotely on: [Linux-64], [GoogleChrome], [http://localhost:4444/wd/hub], Headless Execution. @11-02-2021 18:30:06.0615 PM
[ReportManager] Successfully Opened [GoogleChrome]. @11-02-2021 18:30:06.0842 PM
[ReportManager] Target URL: [https://the-internet.herokuapp.com/] @11-02-2021 18:30:06.0853 PM
[ReportManager] Initial URL: [data:,] @11-02-2021 18:30:06.0908 PM
[ReportManager] Browser Action [navigateToURL] successfully performed. With the following test data [https://the-internet.herokuapp.com/]. @11-02-2021 18:30:07.0352 P

################################################################################################################################################
Starting Execution:	[100 out of 134] test cases in the current suite
Test Method:		[testPackage01.Test_NewValidationActions.f22]
################################################################################################################################################
[ReportManager] Element Action [getText] successfully performed. With the following test data [Welcome to the-internet]. @11-02-2021 18:30:07.0467 PM
[ReportManager] Loaded Shared OpenCV @11-02-2021 18:30:07.0633 PM
[ReportManager] AssertElementAttribute FAILED; Expected [Value Should be 'yyy' for the 'text' attribute, element locator 'By.tagName: h1'] and Actual [Welcome to the-internet]. Comparison Type [CONTAINS]. Validation Type [POSITIVE]. @11-02-2021 18:30:07.0724 PM
[ReportManager] Successfully created attachment [Screenshot - 1613068207633_f22_AssertElementAttribute_failed] @11-02-2021 18:30:07.0725 P
[ReportManager] Successfully created attachment [Selenium WebDriver Logs - server] @11-02-2021 18:30:07.0737 PM
[ReportManager] Successfully created attachment [Selenium WebDriver Logs - performance] @11-02-2021 18:30:07.0759 PM
[ReportManager] Successfully created attachment [Selenium WebDriver Logs - browser] @11-02-2021 18:30:07.0765 PM
[ReportManager] Successfully created attachment [Selenium WebDriver Logs - driver] @11-02-2021 18:30:07.0824 PM
[ReportManager] Successfully Closed All Browsers. @11-02-2021 18:30:07.0906 P

################################################################################################################################################
Starting Execution:	[101 out of 134] test cases in the current suite
Test Method:		[testPackage01.Test_NewValidationActions.f23]
################################################################################################################################################
[ReportManager] confirming that the actual is greater than or equal to the expected... @11-02-2021 18:30:07.0911 PM
[ReportManager] AssertComparativeRelation PASSED; Expected [1] and Actual [1]. Comparison Type [GREATER_THAN_OR_EQUALS]. Validation Type [POSITIVE]. @11-02-2021 18:30:07.0911 P

################################################################################################################################################
Starting Execution:	[102 out of 134] test cases in the current suite
Test Method:		[testPackage01.Test_NewValidationActions.f24]
################################################################################################################################################
[ReportManager] AssertComparativeRelation PASSED; Expected [1] and Actual [10]. Comparison Type [GREATER_THAN_OR_EQUALS]. Validation Type [POSITIVE]. @11-02-2021 18:30:07.0917 P

################################################################################################################################################
Starting Execution:	[103 out of 134] test cases in the current suite
Test Method:		[testPackage01.Test_NewValidationActions.f25]
################################################################################################################################################
[ReportManager] AssertComparativeRelation PASSED; Expected [1] and Actual [1]. Comparison Type [EQUALS]. Validation Type [POSITIVE]. @11-02-2021 18:30:07.0927 P

################################################################################################################################################
Starting Execution:	[104 out of 134] test cases in the current suite
Test Method:		[testPackage01.Test_NewValidationActions.f26]
################################################################################################################################################
[ReportManager] AssertComparativeRelation PASSED; Expected [1] and Actual [5]. Comparison Type [GREATER_THAN]. Validation Type [POSITIVE]. @11-02-2021 18:30:07.0931 P

################################################################################################################################################
Starting Execution:	[105 out of 134] test cases in the current suite
Test Method:		[testPackage01.Test_NewValidationActions.f27]
################################################################################################################################################
[ReportManager] AssertComparativeRelation PASSED; Expected [11] and Actual [5]. Comparison Type [LESS_THAN]. Validation Type [POSITIVE]. @11-02-2021 18:30:07.0936 P

################################################################################################################################################
Starting Execution:	[106 out of 134] test cases in the current suite
Test Method:		[testPackage01.Test_NewValidationActions.f28]
################################################################################################################################################
[ReportManager] AssertComparativeRelation PASSED; Expected [11] and Actual [5]. Comparison Type [LESS_THAN_OR_EQUALS]. Validation Type [POSITIVE]. @11-02-2021 18:30:07.0939 P

################################################################################################################################################
Starting Execution:	[107 out of 134] test cases in the current suite
Test Method:		[testPackage01.Test_NewValidationActions.f29]
################################################################################################################################################
[ReportManager] AssertComparativeRelation PASSED; Expected [11] and Actual [11]. Comparison Type [LESS_THAN_OR_EQUALS]. Validation Type [POSITIVE]. @11-02-2021 18:30:07.0942 P

################################################################################################################################################
Starting Execution:	[108 out of 134] test cases in the current suite
Test Method:		[testPackage01.Test_NewValidationActions.f3]
################################################################################################################################################
[ReportManager] AssertEquals PASSED; Expected [1] and Actual [2]. Comparison Type [EQUALS]. Validation Type [NEGATIVE]. @11-02-2021 18:30:07.0947 P

################################################################################################################################################
Starting Execution:	[109 out of 134] test cases in the current suite
Test Method:		[testPackage01.Test_NewValidationActions.f30]
################################################################################################################################################
[ReportManager] AssertComparativeRelation FAILED; Expected [-9] and Actual [11]. Comparison Type [LESS_THAN_OR_EQUALS]. Validation Type [POSITIVE]. @11-02-2021 18:30:07.0961 P

################################################################################################################################################
Starting Execution:	[110 out of 134] test cases in the current suite
Test Method:		[testPackage01.Test_NewValidationActions.f31]
################################################################################################################################################
[ReportManager] AssertTrue PASSED; Expected [TRUE] and Actual [TRUE]. Validation Type [POSITIVE]. @11-02-2021 18:30:07.0965 P

################################################################################################################################################
Starting Execution:	[111 out of 134] test cases in the current suite
Test Method:		[testPackage01.Test_NewValidationActions.f32]
################################################################################################################################################
[ReportManager] AssertTrue PASSED; Expected [FALSE] and Actual [FALSE]. Validation Type [NEGATIVE]. @11-02-2021 18:30:07.0969 P

################################################################################################################################################
Starting Execution:	[112 out of 134] test cases in the current suite
Test Method:		[testPackage01.Test_NewValidationActions.f33]
################################################################################################################################################
[ReportManager] AssertTrue FAILED; Expected [FALSE] and Actual [TRUE]. Validation Type [NEGATIVE]. @11-02-2021 18:30:07.0973 P

################################################################################################################################################
Starting Execution:	[113 out of 134] test cases in the current suite
Test Method:		[testPackage01.Test_NewValidationActions.f34]
################################################################################################################################################
[ReportManager] AssertTrue FAILED; Expected [TRUE] and Actual [FALSE]. Validation Type [POSITIVE]. @11-02-2021 18:30:07.0976 P

################################################################################################################################################
Starting Execution:	[114 out of 134] test cases in the current suite
Test Method:		[testPackage01.Test_NewValidationActions.f35]
################################################################################################################################################
[ReportManager] File Action [doesFileExist] successfully performed. With the following test data [File Path: "pom.xml"]. @11-02-2021 18:30:07.0980 PM
[ReportManager] AssertFileExists PASSED; Expected [File 'pom.xml' should exist, after up to '1' retries] and Actual [File exists]. Validation Type [POSITIVE]. @11-02-2021 18:30:07.0980 P

################################################################################################################################################
Starting Execution:	[115 out of 134] test cases in the current suite
Test Method:		[testPackage01.Test_NewValidationActions.f36]
################################################################################################################################################
[ReportManager] File Action [doesFileExist] successfully performed. With the following test data [File Path: "src/test/java/testPackage01/Test_NewValidationActions.java"]. @11-02-2021 18:30:07.0984 PM
[ReportManager] AssertFileExists PASSED; Expected [File 'src/test/java/testPackage01/Test_NewValidationActions.java' should exist, after up to '1' retries] and Actual [File exists]. Validation Type [POSITIVE]. @11-02-2021 18:30:07.0984 P

################################################################################################################################################
Starting Execution:	[116 out of 134] test cases in the current suite
Test Method:		[testPackage01.Test_NewValidationActions.f37]
################################################################################################################################################
[ReportManager] confirming that the file does't exist after 5 retries... @11-02-2021 18:30:07.0987 PM
[ReportManager] File Action [doesFileExist] successfully performed. With the following test data [File Path: "pom.xml"]. @11-02-2021 18:30:07.0988 PM
[ReportManager] AssertFileExists FAILED; Expected [File 'pom.xml' should not exist, after up to '5' retries] and Actual [File exists]. Validation Type [NEGATIVE]. @11-02-2021 18:30:07.0988 P

################################################################################################################################################
Starting Execution:	[117 out of 134] test cases in the current suite
Test Method:		[testPackage01.Test_NewValidationActions.f3_1]
################################################################################################################################################
[ReportManager] Checking valid user data... @11-02-2021 18:30:07.0991 PM
[ReportManager] AssertEquals PASSED; Expected [null] and Actual [null]. Comparison Type [EQUALS]. Validation Type [POSITIVE]. @11-02-2021 18:30:07.0991 P

################################################################################################################################################
Starting Execution:	[118 out of 134] test cases in the current suite
Test Method:		[testPackage01.Test_NewValidationActions.f4]
################################################################################################################################################
[ReportManager] AssertEquals PASSED; Expected [1] and Actual [123]. Comparison Type [CONTAINS]. Validation Type [POSITIVE]. @11-02-2021 18:30:07.0995 P

################################################################################################################################################
Starting Execution:	[119 out of 134] test cases in the current suite
Test Method:		[testPackage01.Test_NewValidationActions.f5]
################################################################################################################################################
[ReportManager] AssertNull PASSED; Expected [NULL] and Actual [1]. Comparison Type [EQUALS]. Validation Type [NEGATIVE]. @11-02-2021 18:30:08.0000 P

################################################################################################################################################
Starting Execution:	[120 out of 134] test cases in the current suite
Test Method:		[testPackage01.Test_NewValidationActions.f6]
################################################################################################################################################
[ReportManager] Making sure that null string is not equal to null object... @11-02-2021 18:30:08.0002 PM
[ReportManager] AssertNull FAILED; Expected [NULL] and Actual [NULL]. Comparison Type [EQUALS]. Validation Type [POSITIVE]. @11-02-2021 18:30:08.0003 P

################################################################################################################################################
Starting Execution:	[121 out of 134] test cases in the current suite
Test Method:		[testPackage01.Test_NewValidationActions.f6_1]
################################################################################################################################################
[ReportManager] AssertNull FAILED; Expected [NULL] and Actual [NULL]. Comparison Type [EQUALS]. Validation Type [NEGATIVE]. @11-02-2021 18:30:08.0008 P

################################################################################################################################################
Starting Execution:	[122 out of 134] test cases in the current suite
Test Method:		[testPackage01.Test_NewValidationActions.f6_2]
################################################################################################################################################
[ReportManager] Making sure that null string is not equal to null object... @11-02-2021 18:30:08.0010 PM
[ReportManager] AssertNull FAILED; Expected [NULL] and Actual [not null]. Comparison Type [EQUALS]. Validation Type [POSITIVE]. @11-02-2021 18:30:08.0011 P

################################################################################################################################################
Starting Execution:	[123 out of 134] test cases in the current suite
Test Method:		[testPackage01.Test_NewValidationActions.f7]
################################################################################################################################################
[ReportManager] AssertNull PASSED; Expected [NULL] and Actual [NULL]. Comparison Type [EQUALS]. Validation Type [POSITIVE]. @11-02-2021 18:30:08.0013 P
[ReportManager] File Action [getAbsolutePath] successfully performed. With the following test data [Relative Folder Path: "target/downloadedFiles/"]. @11-02-2021 18:30:08.0014 PM
[ReportManager] Attempting to run remotely on: [Linux-64], [GoogleChrome], [http://localhost:4444/wd/hub], Headless Execution. @11-02-2021 18:30:08.0014 PM
[ReportManager] Successfully Opened [GoogleChrome]. @11-02-2021 18:30:08.0253 PM
[ReportManager] Target URL: [https://the-internet.herokuapp.com/] @11-02-2021 18:30:08.0270 PM
[ReportManager] Initial URL: [data:,] @11-02-2021 18:30:08.0328 PM
[ReportManager] Browser Action [navigateToURL] successfully performed. With the following test data [https://the-internet.herokuapp.com/]. @11-02-2021 18:30:08.0748 P

################################################################################################################################################
Starting Execution:	[124 out of 134] test cases in the current suite
Test Method:		[testPackage01.Test_NewValidationActions.f8]
################################################################################################################################################
[ReportManager] Loaded Shared OpenCV @11-02-2021 18:30:08.0963 PM
[ReportManager] AssertElementExists PASSED; Expected [Element Should Exist, locator 'By.tagName: h1'] and Actual [Element Exists]. Comparison Type [EQUALS]. Validation Type [POSITIVE]. @11-02-2021 18:30:09.0062 PM
[ReportManager] Successfully created attachment [Screenshot - 1613068208963_f8_AssertElementExists_passed] @11-02-2021 18:30:09.0063 P
[ReportManager] Successfully created attachment [Selenium WebDriver Logs - server] @11-02-2021 18:30:09.0078 PM
[ReportManager] Successfully created attachment [Selenium WebDriver Logs - performance] @11-02-2021 18:30:09.0100 PM
[ReportManager] Successfully created attachment [Selenium WebDriver Logs - browser] @11-02-2021 18:30:09.0107 PM
[ReportManager] Successfully created attachment [Selenium WebDriver Logs - driver] @11-02-2021 18:30:09.0168 PM
[ReportManager] Successfully Closed All Browsers. @11-02-2021 18:30:09.0246 P
[ReportManager] File Action [getAbsolutePath] successfully performed. With the following test data [Relative Folder Path: "target/downloadedFiles/"]. @11-02-2021 18:30:09.0248 PM
[ReportManager] Attempting to run remotely on: [Linux-64], [GoogleChrome], [http://localhost:4444/wd/hub], Headless Execution. @11-02-2021 18:30:09.0248 PM
[ReportManager] Successfully Opened [GoogleChrome]. @11-02-2021 18:30:09.0469 PM
[ReportManager] Target URL: [https://the-internet.herokuapp.com/] @11-02-2021 18:30:09.0487 PM
[ReportManager] Initial URL: [data:,] @11-02-2021 18:30:09.0540 PM
[ReportManager] Browser Action [navigateToURL] successfully performed. With the following test data [https://the-internet.herokuapp.com/]. @11-02-2021 18:30:09.0956 P

################################################################################################################################################
Starting Execution:	[125 out of 134] test cases in the current suite
Test Method:		[testPackage01.Test_NewValidationActions.f9]
################################################################################################################################################
[ReportManager] AssertElementExists FAILED; Expected [Element Should Exist, locator 'By.tagName: h3'] and Actual [Element Doesn't Exists]. Comparison Type [EQUALS]. Validation Type [POSITIVE]. @11-02-2021 18:30:10.0222 PM
[ReportManager] Successfully created attachment [Screenshot - 1613068210149_f9_AssertElementExists_failed] @11-02-2021 18:30:10.0222 P
[ReportManager] Successfully created attachment [Selenium WebDriver Logs - server] @11-02-2021 18:30:10.0241 PM
[ReportManager] Successfully created attachment [Selenium WebDriver Logs - performance] @11-02-2021 18:30:10.0266 PM
[ReportManager] Successfully created attachment [Selenium WebDriver Logs - browser] @11-02-2021 18:30:10.0274 PM
[ReportManager] Successfully created attachment [Selenium WebDriver Logs - driver] @11-02-2021 18:30:10.0329 PM
[ReportManager] Successfully Closed All Browsers. @11-02-2021 18:30:10.0403 P

################################################################################################################################################
Starting Execution:	[126 out of 134] test cases in the current suite
Test Method:		[testPackage01.Test_NewValidationActions.forceFail]
################################################################################################################################################
[ReportManager] AssertFail FAILED; Expected [null] and Actual [null]. @11-02-2021 18:30:10.0408 P

################################################################################################################################################
Starting Execution:	[127 out of 134] test cases in the current suite
Test Method:		[testPackage01.Test_NewValidationActions.forceFail2]
################################################################################################################################################
[ReportManager] Custom Message... @11-02-2021 18:30:10.0412 PM
[ReportManager] AssertFail FAILED; Expected [null] and Actual [null]. @11-02-2021 18:30:10.0412 P
[ReportManager] File Action [getAbsolutePath] successfully performed. With the following test data [Relative Folder Path: "target/downloadedFiles/"]. @11-02-2021 18:30:10.0415 PM
[ReportManager] Attempting to run remotely on: [Linux-64], [GoogleChrome], [http://localhost:4444/wd/hub], Headless Execution. @11-02-2021 18:30:10.0416 PM
[ReportManager] Successfully Opened [GoogleChrome]. @11-02-2021 18:30:10.0625 P

################################################################################################################################################
Starting Execution:	[128 out of 134] test cases in the current suite
Test Method:		[testPackage01.Test_ShadowDOM.shadowdom]
################################################################################################################################################
[ReportManager] Target URL: [https://mdn.github.io/web-components-examples/popup-info-box-web-component/] @11-02-2021 18:30:10.0644 PM
[ReportManager] Initial URL: [data:,] @11-02-2021 18:30:10.0694 PM
[ReportManager] Browser Action [navigateToURL] successfully performed. With the following test data [https://mdn.github.io/web-components-examples/popup-info-box-web-component/]. @11-02-2021 18:30:10.0953 PM
[ReportManager] Element Action [type] successfully performed. With the following test data [Typing into SHADOW DOM...]. @11-02-2021 18:30:11.0744 PM
[ReportManager] Element Action [getText] successfully performed. With the following test data [Typing into SHADOW DOM...]. @11-02-2021 18:30:11.0886 PM
[ReportManager] Loaded Shared OpenCV @11-02-2021 18:30:12.0024 PM
[ReportManager] AssertElementAttribute PASSED; Expected [Value Should be 'Typing into SHADOW DOM...' for the 'Text' attribute, element locator 'By.id: cvc'] and Actual [Typing into SHADOW DOM...]. Comparison Type [EQUALS]. Validation Type [POSITIVE]. @11-02-2021 18:30:12.0099 PM
[ReportManager] Successfully created attachment [Screenshot - 1613068212024_shadowdom_AssertElementAttribute_passed] @11-02-2021 18:30:12.0099 P
[ReportManager] Successfully created attachment [Selenium WebDriver Logs - server] @11-02-2021 18:30:12.0149 PM
[ReportManager] Successfully created attachment [Selenium WebDriver Logs - performance] @11-02-2021 18:30:12.0161 PM
[ReportManager] Successfully created attachment [Selenium WebDriver Logs - browser] @11-02-2021 18:30:12.0167 PM
[ReportManager] Successfully created attachment [Selenium WebDriver Logs - driver] @11-02-2021 18:30:12.0243 PM
[ReportManager] Browser Action [closeCurrentWindow] successfully performed. @11-02-2021 18:30:12.0300 PM
[ReportManager] Successfully created attachment [Browser Action Test Data - closeCurrentWindow - Actual Value] @11-02-2021 18:30:12.0300 P

################################################################################################################################################
Starting Execution:	[129 out of 134] test cases in the current suite
Test Method:		[testPackage01.Test_chainableElementActions.chainElementActions]
################################################################################################################################################
[ReportManager] File Action [getAbsolutePath] successfully performed. With the following test data [Relative Folder Path: "target/downloadedFiles/"]. @11-02-2021 18:30:12.0376 PM
[ReportManager] Attempting to run remotely on: [Linux-64], [GoogleChrome], [http://localhost:4444/wd/hub], Headless Execution. @11-02-2021 18:30:12.0376 PM
[ReportManager] Successfully Opened [GoogleChrome]. @11-02-2021 18:30:12.0574 PM
[ReportManager] Target URL: [https://www.google.com/ncr], and after redirection: [https://www.google.com] @11-02-2021 18:30:12.0584 PM
[ReportManager] Initial URL: [data:,] @11-02-2021 18:30:12.0633 PM
[ReportManager] Browser Action [navigateToURL] successfully performed. With the following test data [https://www.google.com/ncr]. @11-02-2021 18:30:13.0528 PM
[ReportManager] Element Action [type] successfully performed. With the following test data [chained type 1]. @11-02-2021 18:30:14.0195 PM
[ReportManager] Element Action [type] successfully performed. With the following test data [chained type 2]. @11-02-2021 18:30:14.0914 PM
[ReportManager] Element Action [typeAppend] successfully performed. With the following test data [345]. @11-02-2021 18:30:15.0085 PM
[ReportManager] Element Action [getText] successfully performed. With the following test data [chained type 2345]. @11-02-2021 18:30:15.0251 PM
[ReportManager] Loaded Shared OpenCV @11-02-2021 18:30:15.0415 PM
[ReportManager] AssertElementAttribute PASSED; Expected [Value Should be 'chained type 2345' for the 'text' attribute, element locator 'By.name: q'] and Actual [chained type 2345]. Comparison Type [EQUALS]. Validation Type [POSITIVE]. @11-02-2021 18:30:15.0501 PM
[ReportManager] Successfully created attachment [Screenshot - 1613068215414_chainElementActions_AssertElementAttribute_passed] @11-02-2021 18:30:15.0501 PM
[ReportManager] Successfully created attachment [Selenium WebDriver Logs - server] @11-02-2021 18:30:15.0584 PM
[ReportManager] Successfully created attachment [Selenium WebDriver Logs - performance] @11-02-2021 18:30:15.0759 PM
[ReportManager] Successfully created attachment [Selenium WebDriver Logs - driver] @11-02-2021 18:30:16.0003 PM
[ReportManager] Browser Action [closeCurrentWindow] successfully performed. @11-02-2021 18:30:16.0060 PM
[ReportManager] Successfully created attachment [Browser Action Test Data - closeCurrentWindow - Actual Value] @11-02-2021 18:30:16.0061 P

################################################################################################################################################
Starting Execution:	[130 out of 134] test cases in the current suite
Test Method:		[testPackage01.Test_SelectedValue.multipleSelect]
################################################################################################################################################
[ReportManager] File Action [getAbsolutePath] successfully performed. With the following test data [Relative Folder Path: "target/downloadedFiles/"]. @11-02-2021 18:30:16.0066 PM
[ReportManager] Attempting to run remotely on: [Linux-64], [GoogleChrome], [http://localhost:4444/wd/hub], Headless Execution. @11-02-2021 18:30:16.0066 PM
[ReportManager] Successfully Opened [GoogleChrome]. @11-02-2021 18:30:16.0293 PM
[ReportManager] Target URL: [https://mdn.mozillademos.org/en-US/docs/Web/HTML/Element/select$samples/Advanced_select_with_multiple_features?revision=1612304] @11-02-2021 18:30:16.0304 PM
[ReportManager] Initial URL: [data:,] @11-02-2021 18:30:16.0347 PM
[ReportManager] Browser Action [navigateToURL] successfully performed. With the following test data [https://mdn.mozillademos.org/en-US/docs/Web/HTML/Element/select$samples/Advanced_select_with_multiple_features?revision=1612304]. @11-02-2021 18:30:16.0622 PM
[ReportManager] Element Action [select] successfully performed. With the following test data [Dog]. @11-02-2021 18:30:16.0906 PM
[ReportManager] Element Action [select] successfully performed. With the following test data [Cat]. @11-02-2021 18:30:17.0177 PM
[ReportManager] Element Action [getSelectedText] successfully performed. With the following test data [DogCat]. @11-02-2021 18:30:17.0391 PM
[ReportManager] DogCat @11-02-2021 18:30:17.0394 PM
[ReportManager] Element Action [getSelectedText] successfully performed. With the following test data [DogCat]. @11-02-2021 18:30:17.0598 PM
[ReportManager] Loaded Shared OpenCV @11-02-2021 18:30:17.0721 PM
[ReportManager] AssertElementAttribute PASSED; Expected [Value Should be 'DogCat' for the 'selectedText' attribute, element locator 'By.tagName: select'] and Actual [DogCat]. Comparison Type [EQUALS]. Validation Type [POSITIVE]. @11-02-2021 18:30:17.0799 PM
[ReportManager] Successfully created attachment [Screenshot - 1613068217721_multipleSelect_AssertElementAttribute_passed] @11-02-2021 18:30:17.0799 PM
[ReportManager] Successfully created attachment [Selenium WebDriver Logs - server] @11-02-2021 18:30:17.0861 PM
[ReportManager] Successfully created attachment [Selenium WebDriver Logs - performance] @11-02-2021 18:30:17.0870 PM
[ReportManager] Successfully created attachment [Selenium WebDriver Logs - driver] @11-02-2021 18:30:17.0965 PM
[ReportManager] Browser Action [closeCurrentWindow] successfully performed. @11-02-2021 18:30:18.0021 PM
[ReportManager] Successfully created attachment [Browser Action Test Data - closeCurrentWindow - Actual Value] @11-02-2021 18:30:18.0021 P

################################################################################################################################################
Starting Execution:	[131 out of 134] test cases in the current suite
Test Method:		[testPackage01.Test_SelectedValue.simpleSelect]
################################################################################################################################################
[ReportManager] File Action [getAbsolutePath] successfully performed. With the following test data [Relative Folder Path: "target/downloadedFiles/"]. @11-02-2021 18:30:18.0025 PM
[ReportManager] Attempting to run remotely on: [Linux-64], [GoogleChrome], [http://localhost:4444/wd/hub], Headless Execution. @11-02-2021 18:30:18.0025 PM
[ReportManager] Successfully Opened [GoogleChrome]. @11-02-2021 18:30:18.0251 PM
[ReportManager] Target URL: [https://mdn.mozillademos.org/en-US/docs/Web/HTML/Element/select$samples/Basic_select?revision=1612304] @11-02-2021 18:30:18.0261 PM
[ReportManager] Initial URL: [data:,] @11-02-2021 18:30:18.0305 PM
[ReportManager] Browser Action [navigateToURL] successfully performed. With the following test data [https://mdn.mozillademos.org/en-US/docs/Web/HTML/Element/select$samples/Basic_select?revision=1612304]. @11-02-2021 18:30:18.0776 PM
[ReportManager] Element Action [select] successfully performed. With the following test data [Third Value]. @11-02-2021 18:30:19.0158 PM
[ReportManager] Element Action [getSelectedText] successfully performed. With the following test data [Third Value]. @11-02-2021 18:30:19.0317 PM
[ReportManager] Third Value @11-02-2021 18:30:19.0317 PM
[ReportManager] Element Action [getSelectedText] successfully performed. With the following test data [Third Value]. @11-02-2021 18:30:19.0452 PM
[ReportManager] Loaded Shared OpenCV @11-02-2021 18:30:19.0586 PM
[ReportManager] AssertElementAttribute PASSED; Expected [Value Should be 'Third Value' for the 'selectedText' attribute, element locator 'By.tagName: select'] and Actual [Third Value]. Comparison Type [EQUALS]. Validation Type [POSITIVE]. @11-02-2021 18:30:19.0659 PM
[ReportManager] Successfully created attachment [Screenshot - 1613068219586_simpleSelect_AssertElementAttribute_passed] @11-02-2021 18:30:19.0659 PM
[ReportManager] Successfully created attachment [Selenium WebDriver Logs - server] @11-02-2021 18:30:19.0706 PM
[ReportManager] Successfully created attachment [Selenium WebDriver Logs - performance] @11-02-2021 18:30:19.0717 PM
[ReportManager] Successfully created attachment [Selenium WebDriver Logs - driver] @11-02-2021 18:30:19.0806 PM
[ReportManager] Browser Action [closeCurrentWindow] successfully performed. @11-02-2021 18:30:19.0866 PM
[ReportManager] Successfully created attachment [Browser Action Test Data - closeCurrentWindow - Actual Value] @11-02-2021 18:30:19.0866 P
[ReportManager] File Action [getAbsolutePath] successfully performed. With the following test data [Relative Folder Path: "target/downloadedFiles/"]. @11-02-2021 18:30:19.0878 PM
[ReportManager] Attempting to run remotely on: [Linux-64], [GoogleChrome], [http://localhost:4444/wd/hub], Headless Execution. @11-02-2021 18:30:19.0878 PM
[ReportManager] Successfully Opened [GoogleChrome]. @11-02-2021 18:30:20.0163 P

################################################################################################################################################
Starting Execution:	[132 out of 134] test cases in the current suite
Test Method:		[testPackage01.Test_clipboardActions.typeTextAndCopyPaste]
################################################################################################################################################
[ReportManager] Target URL: [https://www.google.com/ncr], and after redirection: [https://www.google.com] @11-02-2021 18:30:20.0177 PM
[ReportManager] Initial URL: [data:,] @11-02-2021 18:30:20.0252 PM
[ReportManager] Browser Action [navigateToURL] successfully performed. With the following test data [https://www.google.com/ncr]. @11-02-2021 18:30:21.0183 PM
[ReportManager] Element Action [type] successfully performed. With the following test data [FIRST]. @11-02-2021 18:30:21.0720 PM
[ReportManager] Element Action [clipboardActions] successfully performed. With the following test data [select all]. @11-02-2021 18:30:21.0825 PM
[ReportManager] Element Action [clipboardActions] successfully performed. With the following test data [copy]. @11-02-2021 18:30:21.0933 PM
[ReportManager] Element Action [clipboardActions] successfully performed. With the following test data [unselect]. @11-02-2021 18:30:22.0012 PM
[ReportManager] Element Action [clipboardActions] successfully performed. With the following test data [paste]. @11-02-2021 18:30:22.0132 PM
[ReportManager] Element Action [clipboardActions] successfully performed. With the following test data [select all]. @11-02-2021 18:30:22.0229 PM
[ReportManager] Element Action [clipboardActions] successfully performed. With the following test data [cut]. @11-02-2021 18:30:22.0351 PM
[ReportManager] Element Action [clipboardActions] successfully performed. With the following test data [paste]. @11-02-2021 18:30:22.0455 PM
[ReportManager] Element Action [clipboardActions] successfully performed. With the following test data [paste]. @11-02-2021 18:30:22.0561 P
[ReportManager] Successfully created attachment [Selenium WebDriver Logs - server] @11-02-2021 18:30:22.0673 PM
[ReportManager] Successfully created attachment [Selenium WebDriver Logs - performance] @11-02-2021 18:30:22.0752 PM
[ReportManager] Successfully created attachment [Selenium WebDriver Logs - driver] @11-02-2021 18:30:22.0926 PM
[ReportManager] Browser Action [closeCurrentWindow] successfully performed. @11-02-2021 18:30:22.0943 PM
[ReportManager] Successfully created attachment [Browser Action Test Data - closeCurrentWindow - Actual Value] @11-02-2021 18:30:22.0944 P
[ReportManager] File Action [getAbsolutePath] successfully performed. With the following test data [Relative Folder Path: "target/downloadedFiles/"]. @11-02-2021 18:30:22.0946 PM
[ReportManager] Attempting to run remotely on: [Linux-64], [GoogleChrome], [http://localhost:4444/wd/hub], Headless Execution. @11-02-2021 18:30:22.0946 PM
[ReportManager] Successfully Opened [GoogleChrome]. @11-02-2021 18:30:23.0194 P

################################################################################################################################################
Starting Execution:	[133 out of 134] test cases in the current suite
Test Method:		[testPackage01.Test_uploadFile.uploadFile_invisibleUploadInput]
################################################################################################################################################
[ReportManager] Target URL: [https://fineuploader.com/demos.html#gallery-view] @11-02-2021 18:30:23.0282 PM
[ReportManager] Initial URL: [data:,] @11-02-2021 18:30:23.0331 PM
[ReportManager] Browser Action [navigateToURL] successfully performed. With the following test data [https://fineuploader.com/demos.html#gallery-view]. @11-02-2021 18:30:25.0406 PM
[ReportManager] File Action [getAbsolutePath] successfully performed. With the following test data [Relative File Path: "src/main/resources/images/shaft.png"]. @11-02-2021 18:30:25.0406 PM
[ReportManager] Successfully created attachment [File Action Actual Result - Command Log] @11-02-2021 18:30:25.0407 PM
[ReportManager] Element Action [typeFileLocationForUpload] successfully performed. With the following test data [/home/runner/work/SHAFT_ENGINE/SHAFT_ENGINE/src/main/resources/images/shaft.png]. @11-02-2021 18:30:25.0609 PM
[ReportManager] Attempting to getAttribute [src] from elementLocator [By.xpath: //div[@id='fine-uploader-gallery']//div[@class='qq-thumbnail-wrapper']/img]. @11-02-2021 18:30:25.0610 PM
[ReportManager] Element Action [getAttribute] successfully performed. @11-02-2021 18:30:25.0753 PM
[ReportManager] Successfully created attachment [Element Action Test Data - getAttribute - Actual Value] @11-02-2021 18:30:25.0754 PM
[ReportManager] Loaded Shared OpenCV @11-02-2021 18:30:25.0923 PM
[ReportManager] AssertElementAttribute PASSED; Expected and Actual values are attached. Comparison Type [CONTAINS]. Validation Type [POSITIVE]. @11-02-2021 18:30:26.0012 PM
[ReportManager] Successfully created attachment [Validation Test Data - Expected Value] @11-02-2021 18:30:26.0012 PM
[ReportManager] Successfully created attachment [Validation Test Data - Actual Value] @11-02-2021 18:30:26.0012 PM
[ReportManager] Successfully created attachment [Screenshot - 1613068225923_uploadFile_invisibleUploadInput_AssertElementAttribute_passed] @11-02-2021 18:30:26.0012 P
[ReportManager] Successfully created attachment [Selenium WebDriver Logs - server] @11-02-2021 18:30:26.0150 PM
[ReportManager] Successfully created attachment [Selenium WebDriver Logs - performance] @11-02-2021 18:30:26.0247 PM
[ReportManager] Successfully created attachment [Selenium WebDriver Logs - browser] @11-02-2021 18:30:26.0257 PM
[ReportManager] Successfully created attachment [Selenium WebDriver Logs - driver] @11-02-2021 18:30:26.0426 PM
[ReportManager] Browser Action [closeCurrentWindow] successfully performed. @11-02-2021 18:30:26.0488 PM
[ReportManager] Successfully created attachment [Browser Action Test Data - closeCurrentWindow - Actual Value] @11-02-2021 18:30:26.0489 P
[ReportManager] File Action [getAbsolutePath] successfully performed. With the following test data [Relative Folder Path: "target/downloadedFiles/"]. @11-02-2021 18:30:26.0493 PM
[ReportManager] Attempting to run remotely on: [Linux-64], [GoogleChrome], [http://localhost:4444/wd/hub], Headless Execution. @11-02-2021 18:30:26.0493 PM
[ReportManager] Successfully Opened [GoogleChrome]. @11-02-2021 18:30:26.0687 P

################################################################################################################################################
Starting Execution:	[134 out of 134] test cases in the current suite
Test Method:		[testPackage01.Test_uploadFile.uploadFile_visibleUploadInput]
################################################################################################################################################
[ReportManager] Target URL: [http://demo.guru99.com/test/upload/] @11-02-2021 18:30:26.0700 PM
[ReportManager] Initial URL: [data:,] @11-02-2021 18:30:26.0760 PM
[ReportManager] Browser Action [navigateToURL] successfully performed. With the following test data [http://demo.guru99.com/test/upload/]. @11-02-2021 18:30:28.0781 PM
[ReportManager] File Action [getAbsolutePath] successfully performed. With the following test data [Relative File Path: "src/main/resources/images/shaft.png"]. @11-02-2021 18:30:28.0781 PM
[ReportManager] Successfully created attachment [File Action Actual Result - Command Log] @11-02-2021 18:30:28.0782 PM
[ReportManager] Element Action [typeFileLocationForUpload] successfully performed. With the following test data [/home/runner/work/SHAFT_ENGINE/SHAFT_ENGINE/src/main/resources/images/shaft.png]. @11-02-2021 18:30:28.0957 PM
[ReportManager] Element Action [click] successfully performed. With the following test data [on]. @11-02-2021 18:30:29.0382 PM
[ReportManager] Element Action [click] successfully performed. With the following test data [Submit File]. @11-02-2021 18:30:29.0763 PM
[ReportManager] Element Action [getText] successfully performed. With the following test data [1 file
has been successfully uploaded.]. @11-02-2021 18:30:29.0924 PM
[ReportManager] Loaded Shared OpenCV @11-02-2021 18:30:30.0072 PM
[ReportManager] AssertElementAttribute PASSED; Expected [Value Should be '1 file' for the 'Text' attribute, element locator 'By.id: res'] and Actual [1 file
has been successfully uploaded.]. Comparison Type [CONTAINS]. Validation Type [POSITIVE]. @11-02-2021 18:30:30.0159 PM
[ReportManager] Successfully created attachment [Screenshot - 1613068230072_uploadFile_visibleUploadInput_AssertElementAttribute_passed] @11-02-2021 18:30:30.0159 P
[ReportManager] Successfully created attachment [Selenium WebDriver Logs - server] @11-02-2021 18:30:30.0239 PM
[ReportManager] Successfully created attachment [Selenium WebDriver Logs - performance] @11-02-2021 18:30:30.0333 PM
[ReportManager] Successfully created attachment [Selenium WebDriver Logs - browser] @11-02-2021 18:30:30.0340 PM
[ReportManager] Successfully created attachment [Selenium WebDriver Logs - driver] @11-02-2021 18:30:30.0551 PM
[ReportManager] Browser Action [closeCurrentWindow] successfully performed. @11-02-2021 18:30:30.0626 PM
[ReportManager] Successfully created attachment [Browser Action Test Data - closeCurrentWindow - Actual Value] @11-02-2021 18:30:30.0627 P

################################################################################################################################################
Test Closure Activities
################################################################################################################################################
[ReportManager] Successfully created attachment [SHAFT Engine Logs - Execution log] @11-02-2021 18:30:30.0689 PM

################################################################################################################################################
This test run was powered by SHAFT Engine Version: [SHAFT Engine v5.1]
SHAFT Engine is licensed under the MIT License: [https://github.com/MohabMohie/SHAFT_ENGINE/blob/master/LICENSE].
################################################################################################################################################