################################################################################################################################################
Detected SHAFT Engine Version: [SHAFT Engine v5.1]
################################################################################################################################################
[ReportManager] File Action [getAbsolutePath] successfully performed. With the following test data [Relative Folder Path: "target/downloadedFiles/"]. @12-02-2021 17:46:14.0396 PM
[ReportManager] Attempting to run remotely on: [Linux-64], [GoogleChrome], [http://localhost:4444/wd/hub], Headless Execution. @12-02-2021 17:46:14.0436 PM
[ReportManager] Successfully Opened [GoogleChrome]. @12-02-2021 17:46:15.0775 P

################################################################################################################################################
Starting Execution:	[1 out of 134] test cases in the current suite
Test Method:		[unitTests.tests_element_elementActions.waitForElementToBePresent_false_expectedToFail]
################################################################################################################################################
[ReportManager] Target URL: [https://www.google.com/ncr], and after redirection: [www.google.com] @12-02-2021 17:46:15.0997 PM
[ReportManager] Initial URL: [data:,] @12-02-2021 17:46:16.0092 PM
[ReportManager] Browser Action [navigateToURL] successfully performed. With the following test data [https://www.google.com/ncr]. @12-02-2021 17:46:17.0256 PM
[ReportManager] Waiting for element to be present; elementLocator [By.id: hplogo], numberOfTries[1], stateOfPresence[false]... @12-02-2021 17:46:17.0262 PM
[ReportManager] Element Action [waitForElementToBePresent] failed. With the following test data [waited up to (5) seconds, for the element's state of presence to be (false). Element locator (By.id: hplogo)]. @12-02-2021 17:46:17.0790 PM
[ReportManager] Successfully created attachment [Screenshot - 1613151977461_waitForElementToBePresent_false_expectedToFail_waitForElementToBePresent_failed] @12-02-2021 17:46:17.0791 P
[ReportManager] Successfully created attachment [Selenium WebDriver Logs - server] @12-02-2021 17:46:17.0946 PM
[ReportManager] Successfully created attachment [Selenium WebDriver Logs - performance] @12-02-2021 17:46:18.0030 PM
[ReportManager] Successfully created attachment [Selenium WebDriver Logs - driver] @12-02-2021 17:46:18.0193 PM
[ReportManager] Browser Action [closeCurrentWindow] successfully performed. @12-02-2021 17:46:18.0258 PM
[ReportManager] Successfully created attachment [Browser Action Test Data - closeCurrentWindow - Actual Value] @12-02-2021 17:46:18.0261 P
[ReportManager] File Action [getAbsolutePath] successfully performed. With the following test data [Relative Folder Path: "target/downloadedFiles/"]. @12-02-2021 17:46:18.0284 PM
[ReportManager] Attempting to run remotely on: [Linux-64], [GoogleChrome], [http://localhost:4444/wd/hub], Headless Execution. @12-02-2021 17:46:18.0285 PM
[ReportManager] Successfully Opened [GoogleChrome]. @12-02-2021 17:46:18.0855 P

################################################################################################################################################
Starting Execution:	[2 out of 134] test cases in the current suite
Test Method:		[unitTests.tests_element_elementActions.waitForElementToBePresent_false_expectedToPass]
################################################################################################################################################
[ReportManager] Target URL: [https://www.google.com/ncr], and after redirection: [www.google.com] @12-02-2021 17:46:18.0900 PM
[ReportManager] Initial URL: [data:,] @12-02-2021 17:46:18.0975 PM
[ReportManager] Browser Action [navigateToURL] successfully performed. With the following test data [https://www.google.com/ncr]. @12-02-2021 17:46:19.0835 PM
[ReportManager] Waiting for element to be present; elementLocator [By.id: bla], numberOfTries[1], stateOfPresence[false]... @12-02-2021 17:46:19.0835 PM
[ReportManager] Element Action [waitForElementToBePresent] successfully performed. With the following test data [waited up to (5) seconds, for the element's state of presence to be (false). Element locator (By.id: bla)]. @12-02-2021 17:46:19.0893 P
[ReportManager] Successfully created attachment [Selenium WebDriver Logs - server] @12-02-2021 17:46:20.0005 PM
[ReportManager] Successfully created attachment [Selenium WebDriver Logs - performance] @12-02-2021 17:46:20.0085 PM
[ReportManager] Successfully created attachment [Selenium WebDriver Logs - driver] @12-02-2021 17:46:20.0189 PM
[ReportManager] Browser Action [closeCurrentWindow] successfully performed. @12-02-2021 17:46:20.0251 PM
[ReportManager] Successfully created attachment [Browser Action Test Data - closeCurrentWindow - Actual Value] @12-02-2021 17:46:20.0252 P
[ReportManager] File Action [getAbsolutePath] successfully performed. With the following test data [Relative Folder Path: "target/downloadedFiles/"]. @12-02-2021 17:46:20.0265 PM
[ReportManager] Attempting to run remotely on: [Linux-64], [GoogleChrome], [http://localhost:4444/wd/hub], Headless Execution. @12-02-2021 17:46:20.0265 PM
[ReportManager] Successfully Opened [GoogleChrome]. @12-02-2021 17:46:20.0808 P

################################################################################################################################################
Starting Execution:	[3 out of 134] test cases in the current suite
Test Method:		[unitTests.tests_element_elementActions.waitForElementToBePresent_moreThanOneElement_expectedToFail]
################################################################################################################################################
[ReportManager] Target URL: [https://www.google.com/ncr], and after redirection: [www.google.com] @12-02-2021 17:46:20.0844 PM
[ReportManager] Initial URL: [data:,] @12-02-2021 17:46:20.0901 PM
[ReportManager] Browser Action [navigateToURL] successfully performed. With the following test data [https://www.google.com/ncr]. @12-02-2021 17:46:21.0695 PM
[ReportManager] Waiting for element to be present; elementLocator [By.xpath: //*], numberOfTries[1], stateOfPresence[false]... @12-02-2021 17:46:21.0696 PM
[ReportManager] Element Action [waitForElementToBePresent] failed. With the following test data [waited up to (5) seconds, for the element's state of presence to be (false). Element locator (By.xpath: //*)]. @12-02-2021 17:46:21.0961 PM
[ReportManager] Successfully created attachment [Screenshot - 1613151981859_waitForElementToBePresent_moreThanOneElement_expectedToFail_waitForElementToBePresent_failed] @12-02-2021 17:46:21.0961 P
[ReportManager] Successfully created attachment [Selenium WebDriver Logs - server] @12-02-2021 17:46:22.0081 PM
[ReportManager] Successfully created attachment [Selenium WebDriver Logs - performance] @12-02-2021 17:46:22.0131 PM
[ReportManager] Successfully created attachment [Selenium WebDriver Logs - driver] @12-02-2021 17:46:22.0218 PM
[ReportManager] Browser Action [closeCurrentWindow] successfully performed. @12-02-2021 17:46:22.0279 PM
[ReportManager] Successfully created attachment [Browser Action Test Data - closeCurrentWindow - Actual Value] @12-02-2021 17:46:22.0280 P
[ReportManager] File Action [getAbsolutePath] successfully performed. With the following test data [Relative Folder Path: "target/downloadedFiles/"]. @12-02-2021 17:46:22.0289 PM
[ReportManager] Attempting to run remotely on: [Linux-64], [GoogleChrome], [http://localhost:4444/wd/hub], Headless Execution. @12-02-2021 17:46:22.0289 PM
[ReportManager] Successfully Opened [GoogleChrome]. @12-02-2021 17:46:22.0925 P

################################################################################################################################################
Starting Execution:	[4 out of 134] test cases in the current suite
Test Method:		[unitTests.tests_element_elementActions.waitForElementToBePresent_true_expectedToFail]
################################################################################################################################################
[ReportManager] Target URL: [https://www.google.com/ncr], and after redirection: [www.google.com] @12-02-2021 17:46:22.0958 PM
[ReportManager] Initial URL: [data:,] @12-02-2021 17:46:23.0018 PM
[ReportManager] Browser Action [navigateToURL] successfully performed. With the following test data [https://www.google.com/ncr]. @12-02-2021 17:46:23.0775 PM
[ReportManager] Waiting for element to be present; elementLocator [By.id: bla], numberOfTries[1], stateOfPresence[true]... @12-02-2021 17:46:23.0775 PM
[ReportManager] Element Action [waitForElementToBePresent] failed. With the following test data [waited up to (5) seconds, for the element's state of presence to be (true). Element locator (By.id: bla)]. @12-02-2021 17:46:24.0008 PM
[ReportManager] Successfully created attachment [Screenshot - 1613151983936_waitForElementToBePresent_true_expectedToFail_waitForElementToBePresent_failed] @12-02-2021 17:46:24.0008 P
[ReportManager] Successfully created attachment [Selenium WebDriver Logs - server] @12-02-2021 17:46:24.0115 PM
[ReportManager] Successfully created attachment [Selenium WebDriver Logs - performance] @12-02-2021 17:46:24.0162 PM
[ReportManager] Successfully created attachment [Selenium WebDriver Logs - driver] @12-02-2021 17:46:24.0250 PM
[ReportManager] Browser Action [closeCurrentWindow] successfully performed. @12-02-2021 17:46:24.0316 PM
[ReportManager] Successfully created attachment [Browser Action Test Data - closeCurrentWindow - Actual Value] @12-02-2021 17:46:24.0317 P
[ReportManager] File Action [getAbsolutePath] successfully performed. With the following test data [Relative Folder Path: "target/downloadedFiles/"]. @12-02-2021 17:46:24.0321 PM
[ReportManager] Attempting to run remotely on: [Linux-64], [GoogleChrome], [http://localhost:4444/wd/hub], Headless Execution. @12-02-2021 17:46:24.0321 PM
[ReportManager] Successfully Opened [GoogleChrome]. @12-02-2021 17:46:24.0552 P

################################################################################################################################################
Starting Execution:	[5 out of 134] test cases in the current suite
Test Method:		[unitTests.tests_element_elementActions.waitForElementToBePresent_true_expectedToPass]
################################################################################################################################################
[ReportManager] Target URL: [https://www.google.com/ncr], and after redirection: [www.google.com] @12-02-2021 17:46:24.0577 PM
[ReportManager] Initial URL: [data:,] @12-02-2021 17:46:24.0635 PM
[ReportManager] Browser Action [navigateToURL] successfully performed. With the following test data [https://www.google.com/ncr]. @12-02-2021 17:46:25.0403 PM
[ReportManager] Waiting for element to be present; elementLocator [By.id: hplogo], numberOfTries[1], stateOfPresence[true]... @12-02-2021 17:46:25.0403 PM
[ReportManager] Element Action [waitForElementToBePresent] successfully performed. With the following test data [waited up to (5) seconds, for the element's state of presence to be (true). Element locator (By.id: hplogo)]. @12-02-2021 17:46:25.0451 PM
[ReportManager] Using Visual AI; OpenCV... @12-02-2021 17:46:25.0456 PM
[ReportManager] File Action [doesFileExist] successfully performed. With the following test data [File Path: "src/test/resources/DynamicObjectRepository/unitTests_tests_element_elementActions_waitForElementToBePresent_true_expectedToPass_By_id_hplogo.png"]. @12-02-2021 17:46:25.0464 PM
[ReportManager] File Action [doesFileExist] successfully performed. With the following test data [File Path: "src/test/resources/DynamicObjectRepository/unitTests_tests_element_elementActions_waitForElementToBePresent_true_expectedToPass_By_id_hplogo.png"]. @12-02-2021 17:46:25.0677 PM
[ReportManager] Passing the test and saving a reference image @12-02-2021 17:46:25.0677 PM
[ReportManager] File Action [getAbsolutePath] successfully performed. With the following test data [Relative File Path: "src/test/resources/DynamicObjectRepository/unitTests_tests_element_elementActions_waitForElementToBePresent_true_expectedToPass_By_id_hplogo.png"]. @12-02-2021 17:46:25.0677 PM
[ReportManager] File Action [writeToFile] successfully performed. With the following test data [Target File Path: "/home/runner/work/SHAFT_ENGINE/SHAFT_ENGINE/src/test/resources/DynamicObjectRepository/unitTests_tests_element_elementActions_waitForElementToBePresent_true_expectedToPass_By_id_hplogo.png"]. @12-02-2021 17:46:25.0683 PM
[ReportManager] AssertElementMatches PASSED; Expected [Element should match the reference screenshot] and Actual [TRUE]. Comparison Type [EXACT_OPENCV]. Validation Type [POSITIVE]. @12-02-2021 17:46:25.0685 PM
[ReportManager] Successfully created attachment [Validation Test Data - Actual Screenshot] @12-02-2021 17:46:25.0685 P
[ReportManager] Successfully created attachment [Selenium WebDriver Logs - server] @12-02-2021 17:46:25.0785 PM
[ReportManager] Successfully created attachment [Selenium WebDriver Logs - performance] @12-02-2021 17:46:25.0827 PM
[ReportManager] Successfully created attachment [Selenium WebDriver Logs - driver] @12-02-2021 17:46:25.0910 PM
[ReportManager] Browser Action [closeCurrentWindow] successfully performed. @12-02-2021 17:46:25.0969 PM
[ReportManager] Successfully created attachment [Browser Action Test Data - closeCurrentWindow - Actual Value] @12-02-2021 17:46:25.0970 P
[ReportManager] File Action [getAbsolutePath] successfully performed. With the following test data [Relative Folder Path: "target/downloadedFiles/"]. @12-02-2021 17:46:25.0976 PM
[ReportManager] Attempting to run remotely on: [Linux-64], [GoogleChrome], [http://localhost:4444/wd/hub], Headless Execution. @12-02-2021 17:46:25.0977 PM
[ReportManager] Successfully Opened [GoogleChrome]. @12-02-2021 17:46:26.0213 PM
[ReportManager] Target URL: [https://duckduckgo.com] @12-02-2021 17:46:26.0229 PM
[ReportManager] Initial URL: [data:,] @12-02-2021 17:46:26.0278 PM
[ReportManager] Browser Action [navigateToURL] successfully performed. With the following test data [https://duckduckgo.com]. @12-02-2021 17:46:26.0885 P

################################################################################################################################################
Starting Execution:	[6 out of 134] test cases in the current suite
Test Method:		[unitTests.tests_browserActions.fullScreenWindow]
################################################################################################################################################
[ReportManager] Initial Windows Size: 800x600 @12-02-2021 17:46:26.0904 PM
[ReportManager] Initial window size: (800, 600) @12-02-2021 17:46:26.0908 PM
[ReportManager] Window size after Toolkit: (1920, 1080) @12-02-2021 17:46:27.0144 PM
[ReportManager] Browser Action [maximizeWindow] successfully performed. With the following test data [New screen size is now: (1920, 1080)]. @12-02-2021 17:46:27.0151 PM
[ReportManager] Current Windows Size after fullScreen: 1920x1080 @12-02-2021 17:46:27.0159 PM
[ReportManager] Browser Action [fullScreenWindow] successfully performed. @12-02-2021 17:46:27.0177 PM
[ReportManager] Successfully created attachment [Browser Action Test Data - fullScreenWindow - Actual Value] @12-02-2021 17:46:27.0179 P
[ReportManager] Target URL: [https://duckduckgo.com] @12-02-2021 17:46:27.0180 PM
[ReportManager] Initial URL: [https://duckduckgo.com] @12-02-2021 17:46:27.0263 PM
[ReportManager] Browser Action [navigateToURL] successfully performed. With the following test data [https://duckduckgo.com]. @12-02-2021 17:46:27.0620 PM
[ReportManager] Successfully created attachment [Selenium WebDriver Logs - server] @12-02-2021 17:46:27.0687 PM
[ReportManager] Successfully created attachment [Selenium WebDriver Logs - performance] @12-02-2021 17:46:27.0790 PM
[ReportManager] Successfully created attachment [Selenium WebDriver Logs - driver] @12-02-2021 17:46:27.0971 PM
[ReportManager] Browser Action [closeCurrentWindow] successfully performed. @12-02-2021 17:46:28.0031 PM
[ReportManager] Successfully created attachment [Browser Action Test Data - closeCurrentWindow - Actual Value] @12-02-2021 17:46:28.0034 P
[ReportManager] File Action [getAbsolutePath] successfully performed. With the following test data [Relative Folder Path: "target/downloadedFiles/"]. @12-02-2021 17:46:28.0036 PM
[ReportManager] Attempting to run remotely on: [Linux-64], [GoogleChrome], [http://localhost:4444/wd/hub], Headless Execution. @12-02-2021 17:46:28.0037 PM
[ReportManager] Successfully Opened [GoogleChrome]. @12-02-2021 17:46:28.0260 PM
[ReportManager] Target URL: [https://duckduckgo.com] @12-02-2021 17:46:28.0280 PM
[ReportManager] Initial URL: [data:,] @12-02-2021 17:46:28.0336 PM
[ReportManager] Browser Action [navigateToURL] successfully performed. With the following test data [https://duckduckgo.com]. @12-02-2021 17:46:28.0822 P

################################################################################################################################################
Starting Execution:	[7 out of 134] test cases in the current suite
Test Method:		[unitTests.tests_browserActions.getCurrentURL]
################################################################################################################################################
[ReportManager] Browser Action [getCurrentURL] successfully performed. With the following test data [https://duckduckgo.com/]. @12-02-2021 17:46:28.0907 P
[ReportManager] Target URL: [https://duckduckgo.com] @12-02-2021 17:46:28.0910 PM
[ReportManager] Initial URL: [https://duckduckgo.com] @12-02-2021 17:46:28.0973 PM
[ReportManager] Browser Action [navigateToURL] successfully performed. With the following test data [https://duckduckgo.com]. @12-02-2021 17:46:29.0336 PM
[ReportManager] Successfully created attachment [Selenium WebDriver Logs - server] @12-02-2021 17:46:29.0403 PM
[ReportManager] Successfully created attachment [Selenium WebDriver Logs - performance] @12-02-2021 17:46:29.0502 PM
[ReportManager] Successfully created attachment [Selenium WebDriver Logs - driver] @12-02-2021 17:46:29.0652 PM
[ReportManager] Browser Action [closeCurrentWindow] successfully performed. @12-02-2021 17:46:29.0712 PM
[ReportManager] Successfully created attachment [Browser Action Test Data - closeCurrentWindow - Actual Value] @12-02-2021 17:46:29.0713 P
[ReportManager] File Action [getAbsolutePath] successfully performed. With the following test data [Relative Folder Path: "target/downloadedFiles/"]. @12-02-2021 17:46:29.0716 PM
[ReportManager] Attempting to run remotely on: [Linux-64], [GoogleChrome], [http://localhost:4444/wd/hub], Headless Execution. @12-02-2021 17:46:29.0721 PM
[ReportManager] Successfully Opened [GoogleChrome]. @12-02-2021 17:46:29.0997 PM
[ReportManager] Target URL: [https://duckduckgo.com] @12-02-2021 17:46:30.0013 PM
[ReportManager] Initial URL: [data:,] @12-02-2021 17:46:30.0062 PM
[ReportManager] Browser Action [navigateToURL] successfully performed. With the following test data [https://duckduckgo.com]. @12-02-2021 17:46:30.0566 P

################################################################################################################################################
Starting Execution:	[8 out of 134] test cases in the current suite
Test Method:		[unitTests.tests_browserActions.getCurrentWindowTitle]
################################################################################################################################################
[ReportManager] Browser Action [getCurrentWindowTitle] successfully performed. With the following test data [DuckDuckGo â€” Privacy, simplified.]. @12-02-2021 17:46:30.0623 P
[ReportManager] Target URL: [https://duckduckgo.com] @12-02-2021 17:46:30.0633 PM
[ReportManager] Initial URL: [https://duckduckgo.com] @12-02-2021 17:46:30.0701 PM
[ReportManager] Browser Action [navigateToURL] successfully performed. With the following test data [https://duckduckgo.com]. @12-02-2021 17:46:31.0027 PM
[ReportManager] Successfully created attachment [Selenium WebDriver Logs - server] @12-02-2021 17:46:31.0086 PM
[ReportManager] Successfully created attachment [Selenium WebDriver Logs - performance] @12-02-2021 17:46:31.0189 PM
[ReportManager] Successfully created attachment [Selenium WebDriver Logs - driver] @12-02-2021 17:46:31.0338 PM
[ReportManager] Browser Action [closeCurrentWindow] successfully performed. @12-02-2021 17:46:31.0404 PM
[ReportManager] Successfully created attachment [Browser Action Test Data - closeCurrentWindow - Actual Value] @12-02-2021 17:46:31.0405 P
[ReportManager] File Action [getAbsolutePath] successfully performed. With the following test data [Relative Folder Path: "target/downloadedFiles/"]. @12-02-2021 17:46:31.0413 PM
[ReportManager] Attempting to run remotely on: [Linux-64], [GoogleChrome], [http://localhost:4444/wd/hub], Headless Execution. @12-02-2021 17:46:31.0413 PM
[ReportManager] Successfully Opened [GoogleChrome]. @12-02-2021 17:46:31.0623 PM
[ReportManager] Target URL: [https://duckduckgo.com] @12-02-2021 17:46:31.0650 PM
[ReportManager] Initial URL: [data:,] @12-02-2021 17:46:31.0708 PM
[ReportManager] Browser Action [navigateToURL] successfully performed. With the following test data [https://duckduckgo.com]. @12-02-2021 17:46:32.0204 P

################################################################################################################################################
Starting Execution:	[9 out of 134] test cases in the current suite
Test Method:		[unitTests.tests_browserActions.getPageSource]
################################################################################################################################################
[ReportManager] Browser Action [getPageSource] successfully performed. @12-02-2021 17:46:32.0255 PM
[ReportManager] Successfully created attachment [Browser Action Test Data - getPageSource - Actual Value] @12-02-2021 17:46:32.0256 P
[ReportManager] Target URL: [https://duckduckgo.com] @12-02-2021 17:46:32.0260 PM
[ReportManager] Initial URL: [https://duckduckgo.com] @12-02-2021 17:46:32.0325 PM
[ReportManager] Browser Action [navigateToURL] successfully performed. With the following test data [https://duckduckgo.com]. @12-02-2021 17:46:32.0693 PM
[ReportManager] Successfully created attachment [Selenium WebDriver Logs - server] @12-02-2021 17:46:32.0746 PM
[ReportManager] Successfully created attachment [Selenium WebDriver Logs - performance] @12-02-2021 17:46:32.0858 PM
[ReportManager] Successfully created attachment [Selenium WebDriver Logs - driver] @12-02-2021 17:46:33.0001 PM
[ReportManager] Browser Action [closeCurrentWindow] successfully performed. @12-02-2021 17:46:33.0060 PM
[ReportManager] Successfully created attachment [Browser Action Test Data - closeCurrentWindow - Actual Value] @12-02-2021 17:46:33.0060 P
[ReportManager] File Action [getAbsolutePath] successfully performed. With the following test data [Relative Folder Path: "target/downloadedFiles/"]. @12-02-2021 17:46:33.0064 PM
[ReportManager] Attempting to run remotely on: [Linux-64], [GoogleChrome], [http://localhost:4444/wd/hub], Headless Execution. @12-02-2021 17:46:33.0064 PM
[ReportManager] Successfully Opened [GoogleChrome]. @12-02-2021 17:46:33.0282 PM
[ReportManager] Target URL: [https://duckduckgo.com] @12-02-2021 17:46:33.0299 PM
[ReportManager] Initial URL: [data:,] @12-02-2021 17:46:33.0344 PM
[ReportManager] Browser Action [navigateToURL] successfully performed. With the following test data [https://duckduckgo.com]. @12-02-2021 17:46:33.0833 P

################################################################################################################################################
Starting Execution:	[10 out of 134] test cases in the current suite
Test Method:		[unitTests.tests_browserActions.getWindowHandle]
################################################################################################################################################
[ReportManager] Browser Action [getWindowHandle] successfully performed. With the following test data [CDwindow-45DB3ACCA50092C2B26175B39DEC09C7]. @12-02-2021 17:46:33.0889 P
[ReportManager] Target URL: [https://duckduckgo.com] @12-02-2021 17:46:33.0891 PM
[ReportManager] Initial URL: [https://duckduckgo.com] @12-02-2021 17:46:33.0967 PM
[ReportManager] Browser Action [navigateToURL] successfully performed. With the following test data [https://duckduckgo.com]. @12-02-2021 17:46:34.0291 PM
[ReportManager] Successfully created attachment [Selenium WebDriver Logs - server] @12-02-2021 17:46:34.0361 PM
[ReportManager] Successfully created attachment [Selenium WebDriver Logs - performance] @12-02-2021 17:46:34.0456 PM
[ReportManager] Successfully created attachment [Selenium WebDriver Logs - driver] @12-02-2021 17:46:34.0577 PM
[ReportManager] Browser Action [closeCurrentWindow] successfully performed. @12-02-2021 17:46:34.0635 PM
[ReportManager] Successfully created attachment [Browser Action Test Data - closeCurrentWindow - Actual Value] @12-02-2021 17:46:34.0636 P
[ReportManager] File Action [getAbsolutePath] successfully performed. With the following test data [Relative Folder Path: "target/downloadedFiles/"]. @12-02-2021 17:46:34.0639 PM
[ReportManager] Attempting to run remotely on: [Linux-64], [GoogleChrome], [http://localhost:4444/wd/hub], Headless Execution. @12-02-2021 17:46:34.0639 PM
[ReportManager] Successfully Opened [GoogleChrome]. @12-02-2021 17:46:34.0858 PM
[ReportManager] Target URL: [https://duckduckgo.com] @12-02-2021 17:46:34.0870 PM
[ReportManager] Initial URL: [data:,] @12-02-2021 17:46:34.0918 PM
[ReportManager] Browser Action [navigateToURL] successfully performed. With the following test data [https://duckduckgo.com]. @12-02-2021 17:46:35.0420 P

################################################################################################################################################
Starting Execution:	[11 out of 134] test cases in the current suite
Test Method:		[unitTests.tests_browserActions.getWindowPosition]
################################################################################################################################################
[ReportManager] Browser Action [getWindowPosition] successfully performed. With the following test data [(0, 0)]. @12-02-2021 17:46:35.0469 P
[ReportManager] Target URL: [https://duckduckgo.com] @12-02-2021 17:46:35.0471 PM
[ReportManager] Initial URL: [https://duckduckgo.com] @12-02-2021 17:46:35.0542 PM
[ReportManager] Browser Action [navigateToURL] successfully performed. With the following test data [https://duckduckgo.com]. @12-02-2021 17:46:35.0875 PM
[ReportManager] Successfully created attachment [Selenium WebDriver Logs - server] @12-02-2021 17:46:35.0934 PM
[ReportManager] Successfully created attachment [Selenium WebDriver Logs - performance] @12-02-2021 17:46:36.0031 PM
[ReportManager] Successfully created attachment [Selenium WebDriver Logs - driver] @12-02-2021 17:46:36.0159 PM
[ReportManager] Browser Action [closeCurrentWindow] successfully performed. @12-02-2021 17:46:36.0216 PM
[ReportManager] Successfully created attachment [Browser Action Test Data - closeCurrentWindow - Actual Value] @12-02-2021 17:46:36.0217 P
[ReportManager] File Action [getAbsolutePath] successfully performed. With the following test data [Relative Folder Path: "target/downloadedFiles/"]. @12-02-2021 17:46:36.0220 PM
[ReportManager] Attempting to run remotely on: [Linux-64], [GoogleChrome], [http://localhost:4444/wd/hub], Headless Execution. @12-02-2021 17:46:36.0221 PM
[ReportManager] Successfully Opened [GoogleChrome]. @12-02-2021 17:46:36.0438 PM
[ReportManager] Target URL: [https://duckduckgo.com] @12-02-2021 17:46:36.0454 PM
[ReportManager] Initial URL: [data:,] @12-02-2021 17:46:36.0497 PM
[ReportManager] Browser Action [navigateToURL] successfully performed. With the following test data [https://duckduckgo.com]. @12-02-2021 17:46:37.0016 P

################################################################################################################################################
Starting Execution:	[12 out of 134] test cases in the current suite
Test Method:		[unitTests.tests_browserActions.getWindowSize]
################################################################################################################################################
[ReportManager] Browser Action [getWindowSize] successfully performed. With the following test data [(800, 600)]. @12-02-2021 17:46:37.0054 P
[ReportManager] Target URL: [https://duckduckgo.com] @12-02-2021 17:46:37.0056 PM
[ReportManager] Initial URL: [https://duckduckgo.com] @12-02-2021 17:46:37.0116 PM
[ReportManager] Browser Action [navigateToURL] successfully performed. With the following test data [https://duckduckgo.com]. @12-02-2021 17:46:37.0418 PM
[ReportManager] Successfully created attachment [Selenium WebDriver Logs - server] @12-02-2021 17:46:37.0489 PM
[ReportManager] Successfully created attachment [Selenium WebDriver Logs - performance] @12-02-2021 17:46:37.0582 PM
[ReportManager] Successfully created attachment [Selenium WebDriver Logs - driver] @12-02-2021 17:46:37.0715 PM
[ReportManager] Browser Action [closeCurrentWindow] successfully performed. @12-02-2021 17:46:37.0772 PM
[ReportManager] Successfully created attachment [Browser Action Test Data - closeCurrentWindow - Actual Value] @12-02-2021 17:46:37.0773 P
[ReportManager] File Action [getAbsolutePath] successfully performed. With the following test data [Relative Folder Path: "target/downloadedFiles/"]. @12-02-2021 17:46:37.0776 PM
[ReportManager] Attempting to run remotely on: [Linux-64], [GoogleChrome], [http://localhost:4444/wd/hub], Headless Execution. @12-02-2021 17:46:37.0777 PM
[ReportManager] Successfully Opened [GoogleChrome]. @12-02-2021 17:46:38.0026 PM
[ReportManager] Target URL: [https://duckduckgo.com] @12-02-2021 17:46:38.0041 PM
[ReportManager] Initial URL: [data:,] @12-02-2021 17:46:38.0087 PM
[ReportManager] Browser Action [navigateToURL] successfully performed. With the following test data [https://duckduckgo.com]. @12-02-2021 17:46:38.0587 P

################################################################################################################################################
Starting Execution:	[13 out of 134] test cases in the current suite
Test Method:		[unitTests.tests_browserActions.maximizeWindow]
################################################################################################################################################
[ReportManager] Initial window size: (800, 600) @12-02-2021 17:46:38.0600 PM
[ReportManager] Window size after Toolkit: (1920, 1080) @12-02-2021 17:46:38.0824 PM
[ReportManager] Browser Action [maximizeWindow] successfully performed. With the following test data [New screen size is now: (1920, 1080)]. @12-02-2021 17:46:38.0833 P
[ReportManager] Target URL: [https://duckduckgo.com] @12-02-2021 17:46:38.0842 PM
[ReportManager] Initial URL: [https://duckduckgo.com] @12-02-2021 17:46:38.0913 PM
[ReportManager] Browser Action [navigateToURL] successfully performed. With the following test data [https://duckduckgo.com]. @12-02-2021 17:46:39.0255 PM
[ReportManager] Successfully created attachment [Selenium WebDriver Logs - server] @12-02-2021 17:46:39.0311 PM
[ReportManager] Successfully created attachment [Selenium WebDriver Logs - performance] @12-02-2021 17:46:39.0417 PM
[ReportManager] Successfully created attachment [Selenium WebDriver Logs - driver] @12-02-2021 17:46:39.0547 PM
[ReportManager] Browser Action [closeCurrentWindow] successfully performed. @12-02-2021 17:46:39.0605 PM
[ReportManager] Successfully created attachment [Browser Action Test Data - closeCurrentWindow - Actual Value] @12-02-2021 17:46:39.0606 P
[ReportManager] File Action [getAbsolutePath] successfully performed. With the following test data [Relative Folder Path: "target/downloadedFiles/"]. @12-02-2021 17:46:39.0613 PM
[ReportManager] Attempting to run remotely on: [Linux-64], [GoogleChrome], [http://localhost:4444/wd/hub], Headless Execution. @12-02-2021 17:46:39.0614 PM
[ReportManager] Successfully Opened [GoogleChrome]. @12-02-2021 17:46:39.0813 PM
[ReportManager] Target URL: [https://duckduckgo.com] @12-02-2021 17:46:39.0825 PM
[ReportManager] Initial URL: [data:,] @12-02-2021 17:46:39.0877 PM
[ReportManager] Browser Action [navigateToURL] successfully performed. With the following test data [https://duckduckgo.com]. @12-02-2021 17:46:40.0392 P

################################################################################################################################################
Starting Execution:	[14 out of 134] test cases in the current suite
Test Method:		[unitTests.tests_browserActions.navigateBack]
################################################################################################################################################
[ReportManager] Target URL: [https://www.google.com/ncr], and after redirection: [https://www.google.com] @12-02-2021 17:46:40.0407 PM
[ReportManager] Initial URL: [https://duckduckgo.com] @12-02-2021 17:46:40.0469 PM
[ReportManager] Browser Action [navigateToURL] successfully performed. With the following test data [https://www.google.com/ncr]. @12-02-2021 17:46:41.0433 PM
[ReportManager] Browser Action [navigateBack] successfully performed. With the following test data [https://duckduckgo.com/]. @12-02-2021 17:46:41.0763 PM
[ReportManager] Confirming that navigating back was successful... @12-02-2021 17:46:41.0766 PM
[ReportManager] Browser Action [getCurrentURL] successfully performed. With the following test data [https://duckduckgo.com/]. @12-02-2021 17:46:41.0805 PM
[ReportManager] AssertBrowserAttribute PASSED; Expected [Value Should be 'https://duckduckgo.com' for the 'CurrentUrl' attribute] and Actual [https://duckduckgo.com/]. Comparison Type [CONTAINS]. Validation Type [POSITIVE]. @12-02-2021 17:46:41.0807 P
[ReportManager] Target URL: [https://duckduckgo.com] @12-02-2021 17:46:41.0812 PM
[ReportManager] Initial URL: [https://duckduckgo.com] @12-02-2021 17:46:41.0875 PM
[ReportManager] Browser Action [navigateToURL] successfully performed. With the following test data [https://duckduckgo.com]. @12-02-2021 17:46:42.0221 PM
[ReportManager] Successfully created attachment [Selenium WebDriver Logs - server] @12-02-2021 17:46:42.0285 PM
[ReportManager] Successfully created attachment [Selenium WebDriver Logs - performance] @12-02-2021 17:46:42.0444 PM
[ReportManager] Successfully created attachment [Selenium WebDriver Logs - driver] @12-02-2021 17:46:42.0684 PM
[ReportManager] Browser Action [closeCurrentWindow] successfully performed. @12-02-2021 17:46:42.0741 PM
[ReportManager] Successfully created attachment [Browser Action Test Data - closeCurrentWindow - Actual Value] @12-02-2021 17:46:42.0742 P
[ReportManager] File Action [getAbsolutePath] successfully performed. With the following test data [Relative Folder Path: "target/downloadedFiles/"]. @12-02-2021 17:46:42.0745 PM
[ReportManager] Attempting to run remotely on: [Linux-64], [GoogleChrome], [http://localhost:4444/wd/hub], Headless Execution. @12-02-2021 17:46:42.0746 PM
[ReportManager] Successfully Opened [GoogleChrome]. @12-02-2021 17:46:42.0971 PM
[ReportManager] Target URL: [https://duckduckgo.com] @12-02-2021 17:46:42.0984 PM
[ReportManager] Initial URL: [data:,] @12-02-2021 17:46:43.0023 PM
[ReportManager] Browser Action [navigateToURL] successfully performed. With the following test data [https://duckduckgo.com]. @12-02-2021 17:46:43.0499 P

################################################################################################################################################
Starting Execution:	[15 out of 134] test cases in the current suite
Test Method:		[unitTests.tests_browserActions.navigateForward]
################################################################################################################################################
[ReportManager] Target URL: [https://www.google.com/ncr], and after redirection: [https://www.google.com] @12-02-2021 17:46:43.0544 PM
[ReportManager] Initial URL: [https://duckduckgo.com] @12-02-2021 17:46:43.0604 PM
[ReportManager] Browser Action [navigateToURL] successfully performed. With the following test data [https://www.google.com/ncr]. @12-02-2021 17:46:44.0386 PM
[ReportManager] Browser Action [navigateBack] successfully performed. With the following test data [https://duckduckgo.com/]. @12-02-2021 17:46:44.0710 PM
[ReportManager] Browser Action [navigateForward] successfully performed. With the following test data [https://www.google.com/]. @12-02-2021 17:46:45.0062 P
[ReportManager] Target URL: [https://duckduckgo.com] @12-02-2021 17:46:45.0066 PM
[ReportManager] Initial URL: [https://www.google.com] @12-02-2021 17:46:45.0151 PM
[ReportManager] Browser Action [navigateToURL] successfully performed. With the following test data [https://duckduckgo.com]. @12-02-2021 17:46:45.0579 PM
[ReportManager] Successfully created attachment [Selenium WebDriver Logs - server] @12-02-2021 17:46:45.0633 PM
[ReportManager] Successfully created attachment [Selenium WebDriver Logs - performance] @12-02-2021 17:46:45.0785 PM
[ReportManager] Successfully created attachment [Selenium WebDriver Logs - driver] @12-02-2021 17:46:46.0021 PM
[ReportManager] Browser Action [closeCurrentWindow] successfully performed. @12-02-2021 17:46:46.0081 PM
[ReportManager] Successfully created attachment [Browser Action Test Data - closeCurrentWindow - Actual Value] @12-02-2021 17:46:46.0081 P
[ReportManager] File Action [getAbsolutePath] successfully performed. With the following test data [Relative Folder Path: "target/downloadedFiles/"]. @12-02-2021 17:46:46.0083 PM
[ReportManager] Attempting to run remotely on: [Linux-64], [GoogleChrome], [http://localhost:4444/wd/hub], Headless Execution. @12-02-2021 17:46:46.0083 PM
[ReportManager] Successfully Opened [GoogleChrome]. @12-02-2021 17:46:46.0295 PM
[ReportManager] Target URL: [https://duckduckgo.com] @12-02-2021 17:46:46.0308 PM
[ReportManager] Initial URL: [data:,] @12-02-2021 17:46:46.0344 PM
[ReportManager] Browser Action [navigateToURL] successfully performed. With the following test data [https://duckduckgo.com]. @12-02-2021 17:46:46.0810 P

################################################################################################################################################
Starting Execution:	[16 out of 134] test cases in the current suite
Test Method:		[unitTests.tests_browserActions.navigateToURL]
################################################################################################################################################
[ReportManager] Target URL: [https://duckduckgo.com] @12-02-2021 17:46:46.0813 PM
[ReportManager] Initial URL: [https://duckduckgo.com] @12-02-2021 17:46:46.0878 PM
[ReportManager] Browser Action [navigateToURL] successfully performed. With the following test data [https://duckduckgo.com]. @12-02-2021 17:46:47.0184 P
[ReportManager] Target URL: [https://duckduckgo.com] @12-02-2021 17:46:47.0192 PM
[ReportManager] Initial URL: [https://duckduckgo.com] @12-02-2021 17:46:47.0269 PM
[ReportManager] Browser Action [navigateToURL] successfully performed. With the following test data [https://duckduckgo.com]. @12-02-2021 17:46:47.0549 PM
[ReportManager] Successfully created attachment [Selenium WebDriver Logs - server] @12-02-2021 17:46:47.0612 PM
[ReportManager] Successfully created attachment [Selenium WebDriver Logs - performance] @12-02-2021 17:46:47.0770 PM
[ReportManager] Successfully created attachment [Selenium WebDriver Logs - driver] @12-02-2021 17:46:47.0979 PM
[ReportManager] Browser Action [closeCurrentWindow] successfully performed. @12-02-2021 17:46:48.0037 PM
[ReportManager] Successfully created attachment [Browser Action Test Data - closeCurrentWindow - Actual Value] @12-02-2021 17:46:48.0037 P
[ReportManager] File Action [getAbsolutePath] successfully performed. With the following test data [Relative Folder Path: "target/downloadedFiles/"]. @12-02-2021 17:46:48.0043 PM
[ReportManager] Attempting to run remotely on: [Linux-64], [GoogleChrome], [http://localhost:4444/wd/hub], Headless Execution. @12-02-2021 17:46:48.0044 PM
[ReportManager] Successfully Opened [GoogleChrome]. @12-02-2021 17:46:48.0262 PM
[ReportManager] Target URL: [https://duckduckgo.com] @12-02-2021 17:46:48.0288 PM
[ReportManager] Initial URL: [data:,] @12-02-2021 17:46:48.0342 PM
[ReportManager] Browser Action [navigateToURL] successfully performed. With the following test data [https://duckduckgo.com]. @12-02-2021 17:46:48.0821 P

################################################################################################################################################
Starting Execution:	[17 out of 134] test cases in the current suite
Test Method:		[unitTests.tests_browserActions.navigateToURLWithRedirection]
################################################################################################################################################
[ReportManager] Target URL: [https://www.google.com/ncr], and after redirection: [https://www.google.com] @12-02-2021 17:46:48.0824 PM
[ReportManager] Initial URL: [https://duckduckgo.com] @12-02-2021 17:46:48.0893 PM
[ReportManager] Browser Action [navigateToURL] successfully performed. With the following test data [https://www.google.com/ncr]. @12-02-2021 17:46:49.0637 P
[ReportManager] Target URL: [https://duckduckgo.com] @12-02-2021 17:46:49.0639 PM
[ReportManager] Initial URL: [https://www.google.com] @12-02-2021 17:46:49.0721 PM
[ReportManager] Browser Action [navigateToURL] successfully performed. With the following test data [https://duckduckgo.com]. @12-02-2021 17:46:50.0192 PM
[ReportManager] Successfully created attachment [Selenium WebDriver Logs - server] @12-02-2021 17:46:50.0241 PM
[ReportManager] Successfully created attachment [Selenium WebDriver Logs - performance] @12-02-2021 17:46:50.0332 PM
[ReportManager] Successfully created attachment [Selenium WebDriver Logs - driver] @12-02-2021 17:46:50.0477 PM
[ReportManager] Browser Action [closeCurrentWindow] successfully performed. @12-02-2021 17:46:50.0534 PM
[ReportManager] Successfully created attachment [Browser Action Test Data - closeCurrentWindow - Actual Value] @12-02-2021 17:46:50.0534 P
[ReportManager] File Action [getAbsolutePath] successfully performed. With the following test data [Relative Folder Path: "target/downloadedFiles/"]. @12-02-2021 17:46:50.0536 PM
[ReportManager] Attempting to run remotely on: [Linux-64], [GoogleChrome], [http://localhost:4444/wd/hub], Headless Execution. @12-02-2021 17:46:50.0536 PM
[ReportManager] Successfully Opened [GoogleChrome]. @12-02-2021 17:46:50.0732 PM
[ReportManager] Target URL: [https://duckduckgo.com] @12-02-2021 17:46:50.0748 PM
[ReportManager] Initial URL: [data:,] @12-02-2021 17:46:50.0783 PM
[ReportManager] Browser Action [navigateToURL] successfully performed. With the following test data [https://duckduckgo.com]. @12-02-2021 17:46:51.0244 P

################################################################################################################################################
Starting Execution:	[18 out of 134] test cases in the current suite
Test Method:		[unitTests.tests_browserActions.refreshCurrentPage]
################################################################################################################################################
[ReportManager] Browser Action [refreshCurrentPage] successfully performed. @12-02-2021 17:46:51.0461 PM
[ReportManager] Successfully created attachment [Browser Action Test Data - refreshCurrentPage - Actual Value] @12-02-2021 17:46:51.0461 P
[ReportManager] Target URL: [https://duckduckgo.com] @12-02-2021 17:46:51.0463 PM
[ReportManager] Initial URL: [https://duckduckgo.com] @12-02-2021 17:46:51.0526 PM
[ReportManager] Browser Action [navigateToURL] successfully performed. With the following test data [https://duckduckgo.com]. @12-02-2021 17:46:51.0787 PM
[ReportManager] Successfully created attachment [Selenium WebDriver Logs - server] @12-02-2021 17:46:51.0841 PM
[ReportManager] Successfully created attachment [Selenium WebDriver Logs - performance] @12-02-2021 17:46:52.0002 PM
[ReportManager] Successfully created attachment [Selenium WebDriver Logs - driver] @12-02-2021 17:46:52.0170 PM
[ReportManager] Browser Action [closeCurrentWindow] successfully performed. @12-02-2021 17:46:52.0228 PM
[ReportManager] Successfully created attachment [Browser Action Test Data - closeCurrentWindow - Actual Value] @12-02-2021 17:46:52.0228 P
[ReportManager] File Action [getAbsolutePath] successfully performed. With the following test data [Relative Folder Path: "target/downloadedFiles/"]. @12-02-2021 17:46:52.0231 PM
[ReportManager] Attempting to run remotely on: [Linux-64], [GoogleChrome], [http://localhost:4444/wd/hub], Headless Execution. @12-02-2021 17:46:52.0231 PM
[ReportManager] Successfully Opened [GoogleChrome]. @12-02-2021 17:46:52.0438 PM
[ReportManager] Target URL: [https://duckduckgo.com] @12-02-2021 17:46:52.0453 PM
[ReportManager] Initial URL: [data:,] @12-02-2021 17:46:52.0492 PM
[ReportManager] Browser Action [navigateToURL] successfully performed. With the following test data [https://duckduckgo.com]. @12-02-2021 17:46:52.0981 P

################################################################################################################################################
Starting Execution:	[19 out of 134] test cases in the current suite
Test Method:		[unitTests.tests_browserActions.setWindowSize]
################################################################################################################################################
[ReportManager] Initial window size: (800, 600) @12-02-2021 17:46:52.0992 PM
[ReportManager] Window size after SWD: (1280, 720) @12-02-2021 17:46:53.0211 PM
[ReportManager] Browser Action [setWindowSize] successfully performed. With the following test data [New screen size is now: (1280, 720)]. @12-02-2021 17:46:53.0211 P
[ReportManager] Target URL: [https://duckduckgo.com] @12-02-2021 17:46:53.0213 PM
[ReportManager] Initial URL: [https://duckduckgo.com] @12-02-2021 17:46:53.0277 PM
[ReportManager] Browser Action [navigateToURL] successfully performed. With the following test data [https://duckduckgo.com]. @12-02-2021 17:46:53.0590 PM
[ReportManager] Successfully created attachment [Selenium WebDriver Logs - server] @12-02-2021 17:46:53.0646 PM
[ReportManager] Successfully created attachment [Selenium WebDriver Logs - performance] @12-02-2021 17:46:53.0736 PM
[ReportManager] Successfully created attachment [Selenium WebDriver Logs - driver] @12-02-2021 17:46:53.0863 PM
[ReportManager] Browser Action [closeCurrentWindow] successfully performed. @12-02-2021 17:46:53.0920 PM
[ReportManager] Successfully created attachment [Browser Action Test Data - closeCurrentWindow - Actual Value] @12-02-2021 17:46:53.0921 P

################################################################################################################################################
Starting Execution:	[20 out of 134] test cases in the current suite
Test Method:		[unitTests.tests_restActions.getPostsAndAssertBodyForSpecificTitle]
################################################################################################################################################
[ReportManager] Response status code: [200], status line: [HTTP/1.1 200 OK] @12-02-2021 17:46:55.0779 PM
[ReportManager] Evaluating the actual response status code against the expected one...... @12-02-2021 17:46:55.0780 PM
[ReportManager] AssertEquals PASSED; Expected [200] and Actual [200]. Comparison Type [EQUALS]. Validation Type [POSITIVE]. @12-02-2021 17:46:55.0780 PM
[ReportManager] API Action [performRequest] successfully performed. With the following test data [Request Type: "GET" | Target Status Code: "200" | Service URL: "https://jsonplaceholder.typicode.com/posts" | Content Type: "*/*" | Response Time: "704ms"]. @12-02-2021 17:46:56.0800 PM
[ReportManager] Successfully created attachment [API Response - JSON Body] @12-02-2021 17:46:56.0801 PM
[ReportManager] API Action [getResponseJSONValueAsList] successfully performed. @12-02-2021 17:46:56.0844 PM
[ReportManager] API Action [getResponseJSONValue] successfully performed. With the following test data [title]. @12-02-2021 17:46:56.0867 PM
[ReportManager] API Action [getResponseJSONValue] successfully performed. With the following test data [title]. @12-02-2021 17:46:56.0882 PM
[ReportManager] API Action [getResponseJSONValue] successfully performed. With the following test data [body]. @12-02-2021 17:46:56.0898 PM
[ReportManager] AssertEquals PASSED; Expected [qui neque nisi nulla] and Actual [est rerum tempore vitae
sequi sint nihil reprehenderit dolor beatae ea dolores neque
fugiat blanditiis voluptate porro vel nihil molestiae ut reiciendis
qui aperiam non debitis possimus qui neque nisi nulla]. Comparison Type [CONTAINS]. Validation Type [POSITIVE]. @12-02-2021 17:46:56.0898 PM
[ReportManager] API Action [getResponseJSONValue] successfully performed. With the following test data [title]. @12-02-2021 17:46:56.0913 PM
[ReportManager] API Action [getResponseJSONValue] successfully performed. With the following test data [title]. @12-02-2021 17:46:56.0926 PM
[ReportManager] API Action [getResponseJSONValue] successfully performed. With the following test data [title]. @12-02-2021 17:46:56.0943 PM
[ReportManager] API Action [getResponseJSONValue] successfully performed. With the following test data [title]. @12-02-2021 17:46:56.0956 PM
[ReportManager] API Action [getResponseJSONValue] successfully performed. With the following test data [title]. @12-02-2021 17:46:56.0969 PM
[ReportManager] API Action [getResponseJSONValue] successfully performed. With the following test data [title]. @12-02-2021 17:46:56.0983 PM
[ReportManager] API Action [getResponseJSONValue] successfully performed. With the following test data [title]. @12-02-2021 17:46:56.0998 PM
[ReportManager] API Action [getResponseJSONValue] successfully performed. With the following test data [title]. @12-02-2021 17:46:57.0009 PM
[ReportManager] API Action [getResponseJSONValue] successfully performed. With the following test data [title]. @12-02-2021 17:46:57.0021 PM
[ReportManager] API Action [getResponseJSONValue] successfully performed. With the following test data [title]. @12-02-2021 17:46:57.0031 PM
[ReportManager] API Action [getResponseJSONValue] successfully performed. With the following test data [title]. @12-02-2021 17:46:57.0044 PM
[ReportManager] API Action [getResponseJSONValue] successfully performed. With the following test data [title]. @12-02-2021 17:46:57.0064 PM
[ReportManager] API Action [getResponseJSONValue] successfully performed. With the following test data [title]. @12-02-2021 17:46:57.0077 PM
[ReportManager] API Action [getResponseJSONValue] successfully performed. With the following test data [title]. @12-02-2021 17:46:57.0088 PM
[ReportManager] API Action [getResponseJSONValue] successfully performed. With the following test data [title]. @12-02-2021 17:46:57.0102 PM
[ReportManager] API Action [getResponseJSONValue] successfully performed. With the following test data [title]. @12-02-2021 17:46:57.0115 PM
[ReportManager] API Action [getResponseJSONValue] successfully performed. With the following test data [title]. @12-02-2021 17:46:57.0122 PM
[ReportManager] API Action [getResponseJSONValue] successfully performed. With the following test data [title]. @12-02-2021 17:46:57.0136 PM
[ReportManager] API Action [getResponseJSONValue] successfully performed. With the following test data [title]. @12-02-2021 17:46:57.0143 PM
[ReportManager] API Action [getResponseJSONValue] successfully performed. With the following test data [title]. @12-02-2021 17:46:57.0157 PM
[ReportManager] API Action [getResponseJSONValue] successfully performed. With the following test data [title]. @12-02-2021 17:46:57.0167 PM
[ReportManager] API Action [getResponseJSONValue] successfully performed. With the following test data [title]. @12-02-2021 17:46:57.0181 PM
[ReportManager] API Action [getResponseJSONValue] successfully performed. With the following test data [title]. @12-02-2021 17:46:57.0195 PM
[ReportManager] API Action [getResponseJSONValue] successfully performed. With the following test data [title]. @12-02-2021 17:46:57.0211 PM
[ReportManager] API Action [getResponseJSONValue] successfully performed. With the following test data [title]. @12-02-2021 17:46:57.0221 PM
[ReportManager] API Action [getResponseJSONValue] successfully performed. With the following test data [title]. @12-02-2021 17:46:57.0231 PM
[ReportManager] API Action [getResponseJSONValue] successfully performed. With the following test data [title]. @12-02-2021 17:46:57.0241 PM
[ReportManager] API Action [getResponseJSONValue] successfully performed. With the following test data [title]. @12-02-2021 17:46:57.0250 PM
[ReportManager] API Action [getResponseJSONValue] successfully performed. With the following test data [title]. @12-02-2021 17:46:57.0257 PM
[ReportManager] API Action [getResponseJSONValue] successfully performed. With the following test data [title]. @12-02-2021 17:46:57.0263 PM
[ReportManager] API Action [getResponseJSONValue] successfully performed. With the following test data [title]. @12-02-2021 17:46:57.0269 PM
[ReportManager] API Action [getResponseJSONValue] successfully performed. With the following test data [title]. @12-02-2021 17:46:57.0276 PM
[ReportManager] API Action [getResponseJSONValue] successfully performed. With the following test data [title]. @12-02-2021 17:46:57.0282 PM
[ReportManager] API Action [getResponseJSONValue] successfully performed. With the following test data [title]. @12-02-2021 17:46:57.0289 PM
[ReportManager] API Action [getResponseJSONValue] successfully performed. With the following test data [title]. @12-02-2021 17:46:57.0295 PM
[ReportManager] API Action [getResponseJSONValue] successfully performed. With the following test data [title]. @12-02-2021 17:46:57.0302 PM
[ReportManager] API Action [getResponseJSONValue] successfully performed. With the following test data [title]. @12-02-2021 17:46:57.0308 PM
[ReportManager] API Action [getResponseJSONValue] successfully performed. With the following test data [title]. @12-02-2021 17:46:57.0321 PM
[ReportManager] API Action [getResponseJSONValue] successfully performed. With the following test data [title]. @12-02-2021 17:46:57.0336 PM
[ReportManager] API Action [getResponseJSONValue] successfully performed. With the following test data [title]. @12-02-2021 17:46:57.0345 PM
[ReportManager] API Action [getResponseJSONValue] successfully performed. With the following test data [title]. @12-02-2021 17:46:57.0354 PM
[ReportManager] API Action [getResponseJSONValue] successfully performed. With the following test data [title]. @12-02-2021 17:46:57.0363 PM
[ReportManager] API Action [getResponseJSONValue] successfully performed. With the following test data [title]. @12-02-2021 17:46:57.0370 PM
[ReportManager] API Action [getResponseJSONValue] successfully performed. With the following test data [title]. @12-02-2021 17:46:57.0382 PM
[ReportManager] API Action [getResponseJSONValue] successfully performed. With the following test data [title]. @12-02-2021 17:46:57.0389 PM
[ReportManager] API Action [getResponseJSONValue] successfully performed. With the following test data [title]. @12-02-2021 17:46:57.0398 PM
[ReportManager] API Action [getResponseJSONValue] successfully performed. With the following test data [title]. @12-02-2021 17:46:57.0408 PM
[ReportManager] API Action [getResponseJSONValue] successfully performed. With the following test data [title]. @12-02-2021 17:46:57.0421 PM
[ReportManager] API Action [getResponseJSONValue] successfully performed. With the following test data [title]. @12-02-2021 17:46:57.0461 PM
[ReportManager] API Action [getResponseJSONValue] successfully performed. With the following test data [title]. @12-02-2021 17:46:57.0468 PM
[ReportManager] API Action [getResponseJSONValue] successfully performed. With the following test data [title]. @12-02-2021 17:46:57.0474 PM
[ReportManager] API Action [getResponseJSONValue] successfully performed. With the following test data [title]. @12-02-2021 17:46:57.0480 PM
[ReportManager] API Action [getResponseJSONValue] successfully performed. With the following test data [title]. @12-02-2021 17:46:57.0486 PM
[ReportManager] API Action [getResponseJSONValue] successfully performed. With the following test data [title]. @12-02-2021 17:46:57.0492 PM
[ReportManager] API Action [getResponseJSONValue] successfully performed. With the following test data [title]. @12-02-2021 17:46:57.0499 PM
[ReportManager] API Action [getResponseJSONValue] successfully performed. With the following test data [title]. @12-02-2021 17:46:57.0506 PM
[ReportManager] API Action [getResponseJSONValue] successfully performed. With the following test data [title]. @12-02-2021 17:46:57.0512 PM
[ReportManager] API Action [getResponseJSONValue] successfully performed. With the following test data [title]. @12-02-2021 17:46:57.0523 PM
[ReportManager] API Action [getResponseJSONValue] successfully performed. With the following test data [title]. @12-02-2021 17:46:57.0531 PM
[ReportManager] API Action [getResponseJSONValue] successfully performed. With the following test data [title]. @12-02-2021 17:46:57.0577 PM
[ReportManager] API Action [getResponseJSONValue] successfully performed. With the following test data [title]. @12-02-2021 17:46:57.0587 PM
[ReportManager] API Action [getResponseJSONValue] successfully performed. With the following test data [title]. @12-02-2021 17:46:57.0593 PM
[ReportManager] API Action [getResponseJSONValue] successfully performed. With the following test data [title]. @12-02-2021 17:46:57.0602 PM
[ReportManager] API Action [getResponseJSONValue] successfully performed. With the following test data [title]. @12-02-2021 17:46:57.0609 PM
[ReportManager] API Action [getResponseJSONValue] successfully performed. With the following test data [title]. @12-02-2021 17:46:57.0617 PM
[ReportManager] API Action [getResponseJSONValue] successfully performed. With the following test data [title]. @12-02-2021 17:46:57.0628 PM
[ReportManager] API Action [getResponseJSONValue] successfully performed. With the following test data [title]. @12-02-2021 17:46:57.0636 PM
[ReportManager] API Action [getResponseJSONValue] successfully performed. With the following test data [title]. @12-02-2021 17:46:57.0642 PM
[ReportManager] API Action [getResponseJSONValue] successfully performed. With the following test data [title]. @12-02-2021 17:46:57.0651 PM
[ReportManager] API Action [getResponseJSONValue] successfully performed. With the following test data [title]. @12-02-2021 17:46:57.0657 PM
[ReportManager] API Action [getResponseJSONValue] successfully performed. With the following test data [title]. @12-02-2021 17:46:57.0663 PM
[ReportManager] API Action [getResponseJSONValue] successfully performed. With the following test data [title]. @12-02-2021 17:46:57.0674 PM
[ReportManager] API Action [getResponseJSONValue] successfully performed. With the following test data [title]. @12-02-2021 17:46:57.0692 PM
[ReportManager] API Action [getResponseJSONValue] successfully performed. With the following test data [title]. @12-02-2021 17:46:57.0700 PM
[ReportManager] API Action [getResponseJSONValue] successfully performed. With the following test data [title]. @12-02-2021 17:46:57.0706 PM
[ReportManager] API Action [getResponseJSONValue] successfully performed. With the following test data [title]. @12-02-2021 17:46:57.0714 PM
[ReportManager] API Action [getResponseJSONValue] successfully performed. With the following test data [title]. @12-02-2021 17:46:57.0720 PM
[ReportManager] API Action [getResponseJSONValue] successfully performed. With the following test data [title]. @12-02-2021 17:46:57.0726 PM
[ReportManager] API Action [getResponseJSONValue] successfully performed. With the following test data [title]. @12-02-2021 17:46:57.0740 PM
[ReportManager] API Action [getResponseJSONValue] successfully performed. With the following test data [title]. @12-02-2021 17:46:57.0746 PM
[ReportManager] API Action [getResponseJSONValue] successfully performed. With the following test data [title]. @12-02-2021 17:46:57.0751 PM
[ReportManager] API Action [getResponseJSONValue] successfully performed. With the following test data [title]. @12-02-2021 17:46:57.0757 PM
[ReportManager] API Action [getResponseJSONValue] successfully performed. With the following test data [title]. @12-02-2021 17:46:57.0762 PM
[ReportManager] API Action [getResponseJSONValue] successfully performed. With the following test data [title]. @12-02-2021 17:46:57.0767 PM
[ReportManager] API Action [getResponseJSONValue] successfully performed. With the following test data [title]. @12-02-2021 17:46:57.0773 PM
[ReportManager] API Action [getResponseJSONValue] successfully performed. With the following test data [title]. @12-02-2021 17:46:57.0779 PM
[ReportManager] API Action [getResponseJSONValue] successfully performed. With the following test data [title]. @12-02-2021 17:46:57.0784 PM
[ReportManager] API Action [getResponseJSONValue] successfully performed. With the following test data [title]. @12-02-2021 17:46:57.0790 PM
[ReportManager] API Action [getResponseJSONValue] successfully performed. With the following test data [title]. @12-02-2021 17:46:57.0797 PM
[ReportManager] API Action [getResponseJSONValue] successfully performed. With the following test data [title]. @12-02-2021 17:46:57.0803 PM
[ReportManager] API Action [getResponseJSONValue] successfully performed. With the following test data [title]. @12-02-2021 17:46:57.0808 PM
[ReportManager] API Action [getResponseJSONValue] successfully performed. With the following test data [title]. @12-02-2021 17:46:57.0814 PM
[ReportManager] API Action [getResponseJSONValue] successfully performed. With the following test data [title]. @12-02-2021 17:46:57.0820 PM
[ReportManager] API Action [getResponseJSONValue] successfully performed. With the following test data [title]. @12-02-2021 17:46:57.0826 PM
[ReportManager] API Action [getResponseJSONValue] successfully performed. With the following test data [title]. @12-02-2021 17:46:57.0831 PM
[ReportManager] API Action [getResponseJSONValue] successfully performed. With the following test data [title]. @12-02-2021 17:46:57.0837 PM
[ReportManager] API Action [getResponseJSONValue] successfully performed. With the following test data [title]. @12-02-2021 17:46:57.0843 PM
[ReportManager] API Action [getResponseJSONValue] successfully performed. With the following test data [title]. @12-02-2021 17:46:57.0850 P

################################################################################################################################################
Starting Execution:	[21 out of 134] test cases in the current suite
Test Method:		[unitTests.tests_restActions.validateUserEmail]
################################################################################################################################################
[ReportManager] Response status code: [200], status line: [HTTP/1.1 200 OK] @12-02-2021 17:46:57.0936 PM
[ReportManager] Evaluating the actual response status code against the expected one...... @12-02-2021 17:46:57.0936 PM
[ReportManager] AssertEquals PASSED; Expected [200] and Actual [200]. Comparison Type [EQUALS]. Validation Type [POSITIVE]. @12-02-2021 17:46:57.0936 PM
[ReportManager] API Action [performRequest] successfully performed. With the following test data [Request Type: "GET" | Target Status Code: "200" | Service URL: "https://jsonplaceholder.typicode.com/users" | Content Type: "*/*" | Response Time: "74ms"]. @12-02-2021 17:46:57.0980 PM
[ReportManager] Successfully created attachment [API Response - JSON Body] @12-02-2021 17:46:57.0980 PM
[ReportManager] AssertEquals PASSED; Expected and Actual values are attached. Comparison Type [CONTAINS]. Validation Type [POSITIVE]. @12-02-2021 17:46:57.0981 PM
[ReportManager] Successfully created attachment [Validation Test Data - Expected Value] @12-02-2021 17:46:57.0981 PM
[ReportManager] Successfully created attachment [Validation Test Data - Actual Value] @12-02-2021 17:46:57.0981 PM
[ReportManager] API Action [getResponseJSONValueAsList] successfully performed. With the following test data [$]. @12-02-2021 17:46:57.0984 PM
[ReportManager] API Action [getResponseJSONValue] successfully performed. With the following test data [name]. @12-02-2021 17:46:57.0992 PM
[ReportManager] API Action [getResponseJSONValue] successfully performed. With the following test data [email]. @12-02-2021 17:46:57.0998 PM
[ReportManager] AssertEquals PASSED; Expected [Sincere@april.biz] and Actual [Sincere@april.biz]. Comparison Type [EQUALS]. Validation Type [POSITIVE]. @12-02-2021 17:46:57.0998 PM
[ReportManager] API Action [getResponseJSONValue] successfully performed. With the following test data [name]. @12-02-2021 17:46:58.0003 PM
[ReportManager] API Action [getResponseJSONValue] successfully performed. With the following test data [name]. @12-02-2021 17:46:58.0010 PM
[ReportManager] API Action [getResponseJSONValue] successfully performed. With the following test data [name]. @12-02-2021 17:46:58.0017 PM
[ReportManager] API Action [getResponseJSONValue] successfully performed. With the following test data [name]. @12-02-2021 17:46:58.0023 PM
[ReportManager] API Action [getResponseJSONValue] successfully performed. With the following test data [name]. @12-02-2021 17:46:58.0028 PM
[ReportManager] API Action [getResponseJSONValue] successfully performed. With the following test data [name]. @12-02-2021 17:46:58.0034 PM
[ReportManager] API Action [getResponseJSONValue] successfully performed. With the following test data [name]. @12-02-2021 17:46:58.0040 PM
[ReportManager] API Action [getResponseJSONValue] successfully performed. With the following test data [name]. @12-02-2021 17:46:58.0045 PM
[ReportManager] API Action [getResponseJSONValue] successfully performed. With the following test data [name]. @12-02-2021 17:46:58.0050 P
[ReportManager] Successfully loaded the following test data file [src/test/resources/TestDataFiles/testSuite01/TestData.xlsx]. @12-02-2021 17:46:58.0783 PM
[ReportManager] Successfully created attachment [Test Data - Excel] @12-02-2021 17:46:58.0784 P

################################################################################################################################################
Starting Execution:	[22 out of 134] test cases in the current suite
Test Method:		[unitTests.tests_io_excelFileManager.getCellData_rowName_expectedToPass]
################################################################################################################################################
[ReportManager] testRowData. @12-02-2021 17:46:58.0800 P

################################################################################################################################################
Starting Execution:	[23 out of 134] test cases in the current suite
Test Method:		[unitTests.tests_validations_assertions.assertComparativeRelation_greaterThanOrEquals_false_equals_expectedToFail]
################################################################################################################################################
[ReportManager] AssertComparativeRelation FAILED; Expected [1] and Actual [1]. Comparison Type [GREATER_THAN_OR_EQUALS]. Validation Type [NEGATIVE]. @12-02-2021 17:46:58.0805 P

################################################################################################################################################
Starting Execution:	[24 out of 134] test cases in the current suite
Test Method:		[unitTests.tests_validations_assertions.assertComparativeRelation_greaterThanOrEquals_false_equals_expectedToPass]
################################################################################################################################################
[ReportManager] AssertComparativeRelation PASSED; Expected [2] and Actual [1]. Comparison Type [GREATER_THAN_OR_EQUALS]. Validation Type [NEGATIVE]. @12-02-2021 17:46:58.0814 P

################################################################################################################################################
Starting Execution:	[25 out of 134] test cases in the current suite
Test Method:		[unitTests.tests_validations_assertions.assertComparativeRelation_greaterThanOrEquals_false_greaterThan_expectedToFail]
################################################################################################################################################
[ReportManager] AssertComparativeRelation FAILED; Expected [1] and Actual [2]. Comparison Type [GREATER_THAN_OR_EQUALS]. Validation Type [NEGATIVE]. @12-02-2021 17:46:58.0816 P

################################################################################################################################################
Starting Execution:	[26 out of 134] test cases in the current suite
Test Method:		[unitTests.tests_validations_assertions.assertComparativeRelation_greaterThanOrEquals_false_greaterThan_expectedToPass]
################################################################################################################################################
[ReportManager] AssertComparativeRelation PASSED; Expected [2] and Actual [1]. Comparison Type [GREATER_THAN_OR_EQUALS]. Validation Type [NEGATIVE]. @12-02-2021 17:46:58.0820 P

################################################################################################################################################
Starting Execution:	[27 out of 134] test cases in the current suite
Test Method:		[unitTests.tests_validations_assertions.assertComparativeRelation_greaterThanOrEquals_true_equals_expectedToFail]
################################################################################################################################################
[ReportManager] AssertComparativeRelation FAILED; Expected [1] and Actual [0]. Comparison Type [GREATER_THAN_OR_EQUALS]. Validation Type [POSITIVE]. @12-02-2021 17:46:58.0823 P

################################################################################################################################################
Starting Execution:	[28 out of 134] test cases in the current suite
Test Method:		[unitTests.tests_validations_assertions.assertComparativeRelation_greaterThanOrEquals_true_equals_expectedToPass]
################################################################################################################################################
[ReportManager] AssertComparativeRelation PASSED; Expected [1] and Actual [1]. Comparison Type [GREATER_THAN_OR_EQUALS]. Validation Type [POSITIVE]. @12-02-2021 17:46:58.0827 P

################################################################################################################################################
Starting Execution:	[29 out of 134] test cases in the current suite
Test Method:		[unitTests.tests_validations_assertions.assertComparativeRelation_greaterThanOrEquals_true_greaterThan_expectedToFail]
################################################################################################################################################
[ReportManager] AssertComparativeRelation FAILED; Expected [2] and Actual [1]. Comparison Type [GREATER_THAN_OR_EQUALS]. Validation Type [POSITIVE]. @12-02-2021 17:46:58.0833 P

################################################################################################################################################
Starting Execution:	[30 out of 134] test cases in the current suite
Test Method:		[unitTests.tests_validations_assertions.assertComparativeRelation_greaterThanOrEquals_true_greaterThan_expectedToPass]
################################################################################################################################################
[ReportManager] AssertComparativeRelation PASSED; Expected [1] and Actual [2]. Comparison Type [GREATER_THAN_OR_EQUALS]. Validation Type [POSITIVE]. @12-02-2021 17:46:58.0836 P
[ReportManager] File Action [getAbsolutePath] successfully performed. With the following test data [Relative Folder Path: "target/downloadedFiles/"]. @12-02-2021 17:46:58.0838 PM
[ReportManager] Attempting to run remotely on: [Linux-64], [GoogleChrome], [http://localhost:4444/wd/hub], Headless Execution. @12-02-2021 17:46:58.0839 PM
[ReportManager] Successfully Opened [GoogleChrome]. @12-02-2021 17:46:59.0155 PM
[ReportManager] Target URL: [https://www.google.com/ncr], and after redirection: [www.google.com] @12-02-2021 17:46:59.0169 PM
[ReportManager] Initial URL: [data:,] @12-02-2021 17:46:59.0235 PM
[ReportManager] Browser Action [navigateToURL] successfully performed. With the following test data [https://www.google.com/ncr]. @12-02-2021 17:47:00.0008 P

################################################################################################################################################
Starting Execution:	[31 out of 134] test cases in the current suite
Test Method:		[unitTests.tests_validations_assertions.assertElementAttribute_false_caseInsensitiveComparison_expectedToFail]
################################################################################################################################################
[ReportManager] Element Action [type] successfully performed. With the following test data [AUTOMATION]. @12-02-2021 17:47:00.0662 PM
[ReportManager] Element Action [getText] successfully performed. With the following test data [AUTOMATION]. @12-02-2021 17:47:00.0786 PM
[ReportManager] Loaded Shared OpenCV @12-02-2021 17:47:01.0474 PM
[ReportManager] AssertElementAttribute FAILED; Expected [Value Should not be 'AutomaTion' for the 'text' attribute, element locator 'By.name: q'] and Actual [AUTOMATION]. Comparison Type [CASE_INSENSITIVE]. Validation Type [NEGATIVE]. @12-02-2021 17:47:01.0696 PM
[ReportManager] Successfully created attachment [Screenshot - 1613152020985_assertElementAttribute_false_caseInsensitiveComparison_expectedToFail_AssertElementAttribute_failed] @12-02-2021 17:47:01.0697 P
[ReportManager] Successfully created attachment [Selenium WebDriver Logs - server] @12-02-2021 17:47:01.0818 PM
[ReportManager] Successfully created attachment [Selenium WebDriver Logs - performance] @12-02-2021 17:47:01.0927 PM
[ReportManager] Successfully created attachment [Selenium WebDriver Logs - driver] @12-02-2021 17:47:02.0151 PM
[ReportManager] Browser Action [closeCurrentWindow] successfully performed. @12-02-2021 17:47:02.0214 PM
[ReportManager] Successfully created attachment [Browser Action Test Data - closeCurrentWindow - Actual Value] @12-02-2021 17:47:02.0216 P
[ReportManager] File Action [getAbsolutePath] successfully performed. With the following test data [Relative Folder Path: "target/downloadedFiles/"]. @12-02-2021 17:47:02.0218 PM
[ReportManager] Attempting to run remotely on: [Linux-64], [GoogleChrome], [http://localhost:4444/wd/hub], Headless Execution. @12-02-2021 17:47:02.0218 PM
[ReportManager] Successfully Opened [GoogleChrome]. @12-02-2021 17:47:02.0456 PM
[ReportManager] Target URL: [https://www.google.com/ncr], and after redirection: [www.google.com] @12-02-2021 17:47:02.0468 PM
[ReportManager] Initial URL: [data:,] @12-02-2021 17:47:02.0518 PM
[ReportManager] Browser Action [navigateToURL] successfully performed. With the following test data [https://www.google.com/ncr]. @12-02-2021 17:47:03.0326 P

################################################################################################################################################
Starting Execution:	[32 out of 134] test cases in the current suite
Test Method:		[unitTests.tests_validations_assertions.assertElementAttribute_false_caseInsensitiveComparison_expectedToPass]
################################################################################################################################################
[ReportManager] Element Action [type] successfully performed. With the following test data [AUTOMATION]. @12-02-2021 17:47:03.0824 PM
[ReportManager] Element Action [getText] successfully performed. With the following test data [AUTOMATION]. @12-02-2021 17:47:03.0946 PM
[ReportManager] Loaded Shared OpenCV @12-02-2021 17:47:04.0111 PM
[ReportManager] AssertElementAttribute PASSED; Expected [Value Should not be 'AutomaTion123' for the 'text' attribute, element locator 'By.name: q'] and Actual [AUTOMATION]. Comparison Type [CASE_INSENSITIVE]. Validation Type [NEGATIVE]. @12-02-2021 17:47:04.0202 PM
[ReportManager] Successfully created attachment [Screenshot - 1613152024111_assertElementAttribute_false_caseInsensitiveComparison_expectedToPass_AssertElementAttribute_passed] @12-02-2021 17:47:04.0202 P
[ReportManager] Successfully created attachment [Selenium WebDriver Logs - server] @12-02-2021 17:47:04.0305 PM
[ReportManager] Successfully created attachment [Selenium WebDriver Logs - performance] @12-02-2021 17:47:04.0384 PM
[ReportManager] Successfully created attachment [Selenium WebDriver Logs - driver] @12-02-2021 17:47:04.0511 PM
[ReportManager] Browser Action [closeCurrentWindow] successfully performed. @12-02-2021 17:47:04.0569 PM
[ReportManager] Successfully created attachment [Browser Action Test Data - closeCurrentWindow - Actual Value] @12-02-2021 17:47:04.0571 P
[ReportManager] File Action [getAbsolutePath] successfully performed. With the following test data [Relative Folder Path: "target/downloadedFiles/"]. @12-02-2021 17:47:04.0574 PM
[ReportManager] Attempting to run remotely on: [Linux-64], [GoogleChrome], [http://localhost:4444/wd/hub], Headless Execution. @12-02-2021 17:47:04.0575 PM
[ReportManager] Successfully Opened [GoogleChrome]. @12-02-2021 17:47:04.0776 PM
[ReportManager] Target URL: [https://www.google.com/ncr], and after redirection: [www.google.com] @12-02-2021 17:47:04.0799 PM
[ReportManager] Initial URL: [data:,] @12-02-2021 17:47:04.0837 PM
[ReportManager] Browser Action [navigateToURL] successfully performed. With the following test data [https://www.google.com/ncr]. @12-02-2021 17:47:05.0559 P

################################################################################################################################################
Starting Execution:	[33 out of 134] test cases in the current suite
Test Method:		[unitTests.tests_validations_assertions.assertElementAttribute_false_containsComparison_expectedToFail]
################################################################################################################################################
[ReportManager] Element Action [type] successfully performed. With the following test data [Automation123]. @12-02-2021 17:47:06.0132 PM
[ReportManager] Element Action [getText] successfully performed. With the following test data [Automation123]. @12-02-2021 17:47:06.0248 PM
[ReportManager] Loaded Shared OpenCV @12-02-2021 17:47:06.0394 PM
[ReportManager] AssertElementAttribute FAILED; Expected [Value Should not be 'Automation' for the 'text' attribute, element locator 'By.name: q'] and Actual [Automation123]. Comparison Type [CONTAINS]. Validation Type [NEGATIVE]. @12-02-2021 17:47:06.0467 PM
[ReportManager] Successfully created attachment [Screenshot - 1613152026394_assertElementAttribute_false_containsComparison_expectedToFail_AssertElementAttribute_failed] @12-02-2021 17:47:06.0467 P
[ReportManager] Successfully created attachment [Selenium WebDriver Logs - server] @12-02-2021 17:47:06.0548 PM
[ReportManager] Successfully created attachment [Selenium WebDriver Logs - performance] @12-02-2021 17:47:06.0631 PM
[ReportManager] Successfully created attachment [Selenium WebDriver Logs - driver] @12-02-2021 17:47:06.0766 PM
[ReportManager] Browser Action [closeCurrentWindow] successfully performed. @12-02-2021 17:47:06.0827 PM
[ReportManager] Successfully created attachment [Browser Action Test Data - closeCurrentWindow - Actual Value] @12-02-2021 17:47:06.0828 P
[ReportManager] File Action [getAbsolutePath] successfully performed. With the following test data [Relative Folder Path: "target/downloadedFiles/"]. @12-02-2021 17:47:06.0831 PM
[ReportManager] Attempting to run remotely on: [Linux-64], [GoogleChrome], [http://localhost:4444/wd/hub], Headless Execution. @12-02-2021 17:47:06.0832 PM
[ReportManager] Successfully Opened [GoogleChrome]. @12-02-2021 17:47:07.0056 PM
[ReportManager] Target URL: [https://www.google.com/ncr], and after redirection: [www.google.com] @12-02-2021 17:47:07.0066 PM
[ReportManager] Initial URL: [data:,] @12-02-2021 17:47:07.0101 PM
[ReportManager] Browser Action [navigateToURL] successfully performed. With the following test data [https://www.google.com/ncr]. @12-02-2021 17:47:07.0844 P

################################################################################################################################################
Starting Execution:	[34 out of 134] test cases in the current suite
Test Method:		[unitTests.tests_validations_assertions.assertElementAttribute_false_containsComparison_expectedToPass]
################################################################################################################################################
[ReportManager] Element Action [type] successfully performed. With the following test data [Automation123]. @12-02-2021 17:47:08.0354 PM
[ReportManager] Element Action [getText] successfully performed. With the following test data [Automation123]. @12-02-2021 17:47:08.0472 PM
[ReportManager] Loaded Shared OpenCV @12-02-2021 17:47:08.0627 PM
[ReportManager] AssertElementAttribute PASSED; Expected [Value Should not be 'Automation1234' for the 'text' attribute, element locator 'By.name: q'] and Actual [Automation123]. Comparison Type [CONTAINS]. Validation Type [NEGATIVE]. @12-02-2021 17:47:08.0694 PM
[ReportManager] Successfully created attachment [Screenshot - 1613152028626_assertElementAttribute_false_containsComparison_expectedToPass_AssertElementAttribute_passed] @12-02-2021 17:47:08.0695 P
[ReportManager] Successfully created attachment [Selenium WebDriver Logs - server] @12-02-2021 17:47:08.0782 PM
[ReportManager] Successfully created attachment [Selenium WebDriver Logs - performance] @12-02-2021 17:47:08.0865 PM
[ReportManager] Successfully created attachment [Selenium WebDriver Logs - driver] @12-02-2021 17:47:08.0983 PM
[ReportManager] Browser Action [closeCurrentWindow] successfully performed. @12-02-2021 17:47:09.0000 PM
[ReportManager] Successfully created attachment [Browser Action Test Data - closeCurrentWindow - Actual Value] @12-02-2021 17:47:09.0000 P
[ReportManager] File Action [getAbsolutePath] successfully performed. With the following test data [Relative Folder Path: "target/downloadedFiles/"]. @12-02-2021 17:47:09.0002 PM
[ReportManager] Attempting to run remotely on: [Linux-64], [GoogleChrome], [http://localhost:4444/wd/hub], Headless Execution. @12-02-2021 17:47:09.0002 PM
[ReportManager] Successfully Opened [GoogleChrome]. @12-02-2021 17:47:09.0225 PM
[ReportManager] Target URL: [https://www.google.com/ncr], and after redirection: [www.google.com] @12-02-2021 17:47:09.0245 PM
[ReportManager] Initial URL: [data:,] @12-02-2021 17:47:09.0283 PM
[ReportManager] Browser Action [navigateToURL] successfully performed. With the following test data [https://www.google.com/ncr]. @12-02-2021 17:47:10.0009 P

################################################################################################################################################
Starting Execution:	[35 out of 134] test cases in the current suite
Test Method:		[unitTests.tests_validations_assertions.assertElementAttribute_false_literalComparison_expectedToFail]
################################################################################################################################################
[ReportManager] Element Action [type] successfully performed. With the following test data [Automation!@#$%^&*()_+{}[]\';/.,]. @12-02-2021 17:47:11.0003 PM
[ReportManager] Element Action [getText] successfully performed. With the following test data [Automation!@#$%^&*()_+{}[]\';/.,]. @12-02-2021 17:47:11.0110 PM
[ReportManager] Loaded Shared OpenCV @12-02-2021 17:47:11.0285 PM
[ReportManager] AssertElementAttribute PASSED; Expected [Value Should not be 'Automation!@#$%^&*()_+{}[]\\';/.,' for the 'text' attribute, element locator 'By.name: q'] and Actual [Automation!@#$%^&*()_+{}[]\';/.,]. Comparison Type [EQUALS]. Validation Type [NEGATIVE]. @12-02-2021 17:47:11.0363 PM
[ReportManager] Successfully created attachment [Screenshot - 1613152031285_assertElementAttribute_false_literalComparison_expectedToFail_AssertElementAttribute_passed] @12-02-2021 17:47:11.0364 P
[ReportManager] Successfully created attachment [Selenium WebDriver Logs - server] @12-02-2021 17:47:11.0436 PM
[ReportManager] Successfully created attachment [Selenium WebDriver Logs - performance] @12-02-2021 17:47:11.0576 PM
[ReportManager] Successfully created attachment [Selenium WebDriver Logs - driver] @12-02-2021 17:47:11.0744 PM
[ReportManager] Browser Action [closeCurrentWindow] successfully performed. @12-02-2021 17:47:11.0811 PM
[ReportManager] Successfully created attachment [Browser Action Test Data - closeCurrentWindow - Actual Value] @12-02-2021 17:47:11.0813 P
[ReportManager] File Action [getAbsolutePath] successfully performed. With the following test data [Relative Folder Path: "target/downloadedFiles/"]. @12-02-2021 17:47:11.0822 PM
[ReportManager] Attempting to run remotely on: [Linux-64], [GoogleChrome], [http://localhost:4444/wd/hub], Headless Execution. @12-02-2021 17:47:11.0822 PM
[ReportManager] Successfully Opened [GoogleChrome]. @12-02-2021 17:47:12.0097 PM
[ReportManager] Target URL: [https://www.google.com/ncr], and after redirection: [www.google.com] @12-02-2021 17:47:12.0120 PM
[ReportManager] Initial URL: [data:,] @12-02-2021 17:47:12.0157 PM
[ReportManager] Browser Action [navigateToURL] successfully performed. With the following test data [https://www.google.com/ncr]. @12-02-2021 17:47:12.0920 P

################################################################################################################################################
Starting Execution:	[36 out of 134] test cases in the current suite
Test Method:		[unitTests.tests_validations_assertions.assertElementAttribute_false_literalComparison_expectedToPass]
################################################################################################################################################
[ReportManager] Element Action [type] successfully performed. With the following test data [Automation!@#$%^&*()_+{}[]\';/.,]. @12-02-2021 17:47:13.0914 PM
[ReportManager] Element Action [getText] successfully performed. With the following test data [Automation!@#$%^&*()_+{}[]\';/.,]. @12-02-2021 17:47:14.0020 PM
[ReportManager] Loaded Shared OpenCV @12-02-2021 17:47:14.0183 PM
[ReportManager] AssertElementAttribute PASSED; Expected [Value Should not be 'Automation' for the 'text' attribute, element locator 'By.name: q'] and Actual [Automation!@#$%^&*()_+{}[]\';/.,]. Comparison Type [EQUALS]. Validation Type [NEGATIVE]. @12-02-2021 17:47:14.0262 PM
[ReportManager] Successfully created attachment [Screenshot - 1613152034183_assertElementAttribute_false_literalComparison_expectedToPass_AssertElementAttribute_passed] @12-02-2021 17:47:14.0263 P
[ReportManager] Successfully created attachment [Selenium WebDriver Logs - server] @12-02-2021 17:47:14.0362 PM
[ReportManager] Successfully created attachment [Selenium WebDriver Logs - performance] @12-02-2021 17:47:14.0491 PM
[ReportManager] Successfully created attachment [Selenium WebDriver Logs - driver] @12-02-2021 17:47:14.0644 PM
[ReportManager] Browser Action [closeCurrentWindow] successfully performed. @12-02-2021 17:47:14.0705 PM
[ReportManager] Successfully created attachment [Browser Action Test Data - closeCurrentWindow - Actual Value] @12-02-2021 17:47:14.0706 P
[ReportManager] File Action [getAbsolutePath] successfully performed. With the following test data [Relative Folder Path: "target/downloadedFiles/"]. @12-02-2021 17:47:14.0712 PM
[ReportManager] Attempting to run remotely on: [Linux-64], [GoogleChrome], [http://localhost:4444/wd/hub], Headless Execution. @12-02-2021 17:47:14.0712 PM
[ReportManager] Successfully Opened [GoogleChrome]. @12-02-2021 17:47:14.0940 PM
[ReportManager] Target URL: [https://www.google.com/ncr], and after redirection: [www.google.com] @12-02-2021 17:47:14.0950 PM
[ReportManager] Initial URL: [data:,] @12-02-2021 17:47:14.0995 PM
[ReportManager] Browser Action [navigateToURL] successfully performed. With the following test data [https://www.google.com/ncr]. @12-02-2021 17:47:15.0859 P

################################################################################################################################################
Starting Execution:	[37 out of 134] test cases in the current suite
Test Method:		[unitTests.tests_validations_assertions.assertElementAttribute_false_regexComparison_expectedToFail]
################################################################################################################################################
[ReportManager] Element Action [type] successfully performed. With the following test data [Automation123]. @12-02-2021 17:47:16.0383 PM
[ReportManager] Element Action [getText] successfully performed. With the following test data [Automation123]. @12-02-2021 17:47:16.0513 PM
[ReportManager] Loaded Shared OpenCV @12-02-2021 17:47:16.0698 PM
[ReportManager] AssertElementAttribute FAILED; Expected [Value Should not be 'Automation.*' for the 'text' attribute, element locator 'By.name: q'] and Actual [Automation123]. Comparison Type [MATCHES]. Validation Type [NEGATIVE]. @12-02-2021 17:47:16.0808 PM
[ReportManager] Successfully created attachment [Screenshot - 1613152036698_assertElementAttribute_false_regexComparison_expectedToFail_AssertElementAttribute_failed] @12-02-2021 17:47:16.0809 P
[ReportManager] Successfully created attachment [Selenium WebDriver Logs - server] @12-02-2021 17:47:16.0890 PM
[ReportManager] Successfully created attachment [Selenium WebDriver Logs - performance] @12-02-2021 17:47:16.0966 PM
[ReportManager] Successfully created attachment [Selenium WebDriver Logs - driver] @12-02-2021 17:47:17.0085 PM
[ReportManager] Browser Action [closeCurrentWindow] successfully performed. @12-02-2021 17:47:17.0141 PM
[ReportManager] Successfully created attachment [Browser Action Test Data - closeCurrentWindow - Actual Value] @12-02-2021 17:47:17.0142 P
[ReportManager] File Action [getAbsolutePath] successfully performed. With the following test data [Relative Folder Path: "target/downloadedFiles/"]. @12-02-2021 17:47:17.0155 PM
[ReportManager] Attempting to run remotely on: [Linux-64], [GoogleChrome], [http://localhost:4444/wd/hub], Headless Execution. @12-02-2021 17:47:17.0155 PM
[ReportManager] Successfully Opened [GoogleChrome]. @12-02-2021 17:47:17.0398 PM
[ReportManager] Target URL: [https://www.google.com/ncr], and after redirection: [www.google.com] @12-02-2021 17:47:17.0407 PM
[ReportManager] Initial URL: [data:,] @12-02-2021 17:47:17.0447 PM
[ReportManager] Browser Action [navigateToURL] successfully performed. With the following test data [https://www.google.com/ncr]. @12-02-2021 17:47:18.0172 P

################################################################################################################################################
Starting Execution:	[38 out of 134] test cases in the current suite
Test Method:		[unitTests.tests_validations_assertions.assertElementAttribute_false_regexComparison_expectedToPass]
################################################################################################################################################
[ReportManager] Element Action [type] successfully performed. With the following test data [Automation123]. @12-02-2021 17:47:18.0702 PM
[ReportManager] Element Action [getText] successfully performed. With the following test data [Automation123]. @12-02-2021 17:47:18.0809 PM
[ReportManager] Loaded Shared OpenCV @12-02-2021 17:47:18.0975 PM
[ReportManager] AssertElementAttribute PASSED; Expected [Value Should not be 'Automation' for the 'text' attribute, element locator 'By.name: q'] and Actual [Automation123]. Comparison Type [MATCHES]. Validation Type [NEGATIVE]. @12-02-2021 17:47:19.0079 PM
[ReportManager] Successfully created attachment [Screenshot - 1613152038974_assertElementAttribute_false_regexComparison_expectedToPass_AssertElementAttribute_passed] @12-02-2021 17:47:19.0079 P
[ReportManager] Successfully created attachment [Selenium WebDriver Logs - server] @12-02-2021 17:47:19.0158 PM
[ReportManager] Successfully created attachment [Selenium WebDriver Logs - performance] @12-02-2021 17:47:19.0239 PM
[ReportManager] Successfully created attachment [Selenium WebDriver Logs - driver] @12-02-2021 17:47:19.0365 PM
[ReportManager] Browser Action [closeCurrentWindow] successfully performed. @12-02-2021 17:47:19.0422 PM
[ReportManager] Successfully created attachment [Browser Action Test Data - closeCurrentWindow - Actual Value] @12-02-2021 17:47:19.0426 P
[ReportManager] File Action [getAbsolutePath] successfully performed. With the following test data [Relative Folder Path: "target/downloadedFiles/"]. @12-02-2021 17:47:19.0429 PM
[ReportManager] Attempting to run remotely on: [Linux-64], [GoogleChrome], [http://localhost:4444/wd/hub], Headless Execution. @12-02-2021 17:47:19.0429 PM
[ReportManager] Successfully Opened [GoogleChrome]. @12-02-2021 17:47:19.0744 PM
[ReportManager] Target URL: [https://www.google.com/ncr], and after redirection: [www.google.com] @12-02-2021 17:47:19.0763 PM
[ReportManager] Initial URL: [data:,] @12-02-2021 17:47:19.0829 PM
[ReportManager] Browser Action [navigateToURL] successfully performed. With the following test data [https://www.google.com/ncr]. @12-02-2021 17:47:20.0610 P

################################################################################################################################################
Starting Execution:	[39 out of 134] test cases in the current suite
Test Method:		[unitTests.tests_validations_assertions.assertElementAttribute_true_caseInsensitiveComparison_expectedToFail]
################################################################################################################################################
[ReportManager] Element Action [type] successfully performed. With the following test data [AUTOMATION]. @12-02-2021 17:47:21.0084 PM
[ReportManager] Element Action [getText] successfully performed. With the following test data [AUTOMATION]. @12-02-2021 17:47:21.0178 PM
[ReportManager] Loaded Shared OpenCV @12-02-2021 17:47:21.0341 PM
[ReportManager] AssertElementAttribute FAILED; Expected [Value Should be 'AutomaTion123' for the 'text' attribute, element locator 'By.name: q'] and Actual [AUTOMATION]. Comparison Type [CASE_INSENSITIVE]. Validation Type [POSITIVE]. @12-02-2021 17:47:21.0411 PM
[ReportManager] Successfully created attachment [Screenshot - 1613152041341_assertElementAttribute_true_caseInsensitiveComparison_expectedToFail_AssertElementAttribute_failed] @12-02-2021 17:47:21.0412 P
[ReportManager] Successfully created attachment [Selenium WebDriver Logs - server] @12-02-2021 17:47:21.0492 PM
[ReportManager] Successfully created attachment [Selenium WebDriver Logs - performance] @12-02-2021 17:47:21.0554 PM
[ReportManager] Successfully created attachment [Selenium WebDriver Logs - driver] @12-02-2021 17:47:21.0656 PM
[ReportManager] Browser Action [closeCurrentWindow] successfully performed. @12-02-2021 17:47:21.0713 PM
[ReportManager] Successfully created attachment [Browser Action Test Data - closeCurrentWindow - Actual Value] @12-02-2021 17:47:21.0714 P
[ReportManager] File Action [getAbsolutePath] successfully performed. With the following test data [Relative Folder Path: "target/downloadedFiles/"]. @12-02-2021 17:47:21.0717 PM
[ReportManager] Attempting to run remotely on: [Linux-64], [GoogleChrome], [http://localhost:4444/wd/hub], Headless Execution. @12-02-2021 17:47:21.0717 PM
[ReportManager] Successfully Opened [GoogleChrome]. @12-02-2021 17:47:21.0925 PM
[ReportManager] Target URL: [https://www.google.com/ncr], and after redirection: [www.google.com] @12-02-2021 17:47:21.0935 PM
[ReportManager] Initial URL: [data:,] @12-02-2021 17:47:21.0975 PM
[ReportManager] Browser Action [navigateToURL] successfully performed. With the following test data [https://www.google.com/ncr]. @12-02-2021 17:47:22.0701 P

################################################################################################################################################
Starting Execution:	[40 out of 134] test cases in the current suite
Test Method:		[unitTests.tests_validations_assertions.assertElementAttribute_true_caseInsensitiveComparison_expectedToPass]
################################################################################################################################################
[ReportManager] Element Action [type] successfully performed. With the following test data [AUTOMATION]. @12-02-2021 17:47:23.0175 PM
[ReportManager] Element Action [getText] successfully performed. With the following test data [AUTOMATION]. @12-02-2021 17:47:23.0280 PM
[ReportManager] Loaded Shared OpenCV @12-02-2021 17:47:23.0435 PM
[ReportManager] AssertElementAttribute PASSED; Expected [Value Should be 'AutomaTion' for the 'text' attribute, element locator 'By.name: q'] and Actual [AUTOMATION]. Comparison Type [CASE_INSENSITIVE]. Validation Type [POSITIVE]. @12-02-2021 17:47:23.0518 PM
[ReportManager] Successfully created attachment [Screenshot - 1613152043435_assertElementAttribute_true_caseInsensitiveComparison_expectedToPass_AssertElementAttribute_passed] @12-02-2021 17:47:23.0519 P
[ReportManager] Successfully created attachment [Selenium WebDriver Logs - server] @12-02-2021 17:47:23.0593 PM
[ReportManager] Successfully created attachment [Selenium WebDriver Logs - performance] @12-02-2021 17:47:23.0665 PM
[ReportManager] Successfully created attachment [Selenium WebDriver Logs - driver] @12-02-2021 17:47:23.0772 PM
[ReportManager] Browser Action [closeCurrentWindow] successfully performed. @12-02-2021 17:47:23.0832 PM
[ReportManager] Successfully created attachment [Browser Action Test Data - closeCurrentWindow - Actual Value] @12-02-2021 17:47:23.0833 P
[ReportManager] File Action [getAbsolutePath] successfully performed. With the following test data [Relative Folder Path: "target/downloadedFiles/"]. @12-02-2021 17:47:23.0836 PM
[ReportManager] Attempting to run remotely on: [Linux-64], [GoogleChrome], [http://localhost:4444/wd/hub], Headless Execution. @12-02-2021 17:47:23.0836 PM
[ReportManager] Successfully Opened [GoogleChrome]. @12-02-2021 17:47:24.0047 PM
[ReportManager] Target URL: [https://www.google.com/ncr], and after redirection: [www.google.com] @12-02-2021 17:47:24.0059 PM
[ReportManager] Initial URL: [data:,] @12-02-2021 17:47:24.0115 PM
[ReportManager] Browser Action [navigateToURL] successfully performed. With the following test data [https://www.google.com/ncr]. @12-02-2021 17:47:24.0843 P

################################################################################################################################################
Starting Execution:	[41 out of 134] test cases in the current suite
Test Method:		[unitTests.tests_validations_assertions.assertElementAttribute_true_containsComparison_expectedToFail]
################################################################################################################################################
[ReportManager] Element Action [type] successfully performed. With the following test data [Automation123]. @12-02-2021 17:47:25.0350 PM
[ReportManager] Element Action [getText] successfully performed. With the following test data [Automation123]. @12-02-2021 17:47:25.0446 PM
[ReportManager] Loaded Shared OpenCV @12-02-2021 17:47:25.0597 PM
[ReportManager] AssertElementAttribute FAILED; Expected [Value Should be 'Automation1234' for the 'text' attribute, element locator 'By.name: q'] and Actual [Automation123]. Comparison Type [CONTAINS]. Validation Type [POSITIVE]. @12-02-2021 17:47:25.0662 PM
[ReportManager] Successfully created attachment [Screenshot - 1613152045597_assertElementAttribute_true_containsComparison_expectedToFail_AssertElementAttribute_failed] @12-02-2021 17:47:25.0663 P
[ReportManager] Successfully created attachment [Selenium WebDriver Logs - server] @12-02-2021 17:47:25.0730 PM
[ReportManager] Successfully created attachment [Selenium WebDriver Logs - performance] @12-02-2021 17:47:25.0810 PM
[ReportManager] Successfully created attachment [Selenium WebDriver Logs - driver] @12-02-2021 17:47:25.0918 PM
[ReportManager] Browser Action [closeCurrentWindow] successfully performed. @12-02-2021 17:47:25.0974 PM
[ReportManager] Successfully created attachment [Browser Action Test Data - closeCurrentWindow - Actual Value] @12-02-2021 17:47:25.0975 P
[ReportManager] File Action [getAbsolutePath] successfully performed. With the following test data [Relative Folder Path: "target/downloadedFiles/"]. @12-02-2021 17:47:25.0978 PM
[ReportManager] Attempting to run remotely on: [Linux-64], [GoogleChrome], [http://localhost:4444/wd/hub], Headless Execution. @12-02-2021 17:47:25.0978 PM
[ReportManager] Successfully Opened [GoogleChrome]. @12-02-2021 17:47:26.0176 PM
[ReportManager] Target URL: [https://www.google.com/ncr], and after redirection: [www.google.com] @12-02-2021 17:47:26.0186 PM
[ReportManager] Initial URL: [data:,] @12-02-2021 17:47:26.0222 PM
[ReportManager] Browser Action [navigateToURL] successfully performed. With the following test data [https://www.google.com/ncr]. @12-02-2021 17:47:26.0916 P

################################################################################################################################################
Starting Execution:	[42 out of 134] test cases in the current suite
Test Method:		[unitTests.tests_validations_assertions.assertElementAttribute_true_containsComparison_expectedToPass]
################################################################################################################################################
[ReportManager] Element Action [type] successfully performed. With the following test data [Automation123]. @12-02-2021 17:47:27.0416 PM
[ReportManager] Element Action [getText] successfully performed. With the following test data [Automation123]. @12-02-2021 17:47:27.0512 PM
[ReportManager] Loaded Shared OpenCV @12-02-2021 17:47:27.0663 PM
[ReportManager] AssertElementAttribute PASSED; Expected [Value Should be 'Automation' for the 'text' attribute, element locator 'By.name: q'] and Actual [Automation123]. Comparison Type [CONTAINS]. Validation Type [POSITIVE]. @12-02-2021 17:47:27.0730 PM
[ReportManager] Successfully created attachment [Screenshot - 1613152047663_assertElementAttribute_true_containsComparison_expectedToPass_AssertElementAttribute_passed] @12-02-2021 17:47:27.0731 P
[ReportManager] Successfully created attachment [Selenium WebDriver Logs - server] @12-02-2021 17:47:27.0797 PM
[ReportManager] Successfully created attachment [Selenium WebDriver Logs - performance] @12-02-2021 17:47:27.0887 PM
[ReportManager] Successfully created attachment [Selenium WebDriver Logs - driver] @12-02-2021 17:47:27.0995 PM
[ReportManager] Browser Action [closeCurrentWindow] successfully performed. @12-02-2021 17:47:28.0010 PM
[ReportManager] Successfully created attachment [Browser Action Test Data - closeCurrentWindow - Actual Value] @12-02-2021 17:47:28.0013 P
[ReportManager] File Action [getAbsolutePath] successfully performed. With the following test data [Relative Folder Path: "target/downloadedFiles/"]. @12-02-2021 17:47:28.0015 PM
[ReportManager] Attempting to run remotely on: [Linux-64], [GoogleChrome], [http://localhost:4444/wd/hub], Headless Execution. @12-02-2021 17:47:28.0015 PM
[ReportManager] Successfully Opened [GoogleChrome]. @12-02-2021 17:47:28.0202 PM
[ReportManager] Target URL: [https://www.google.com/ncr], and after redirection: [www.google.com] @12-02-2021 17:47:28.0212 PM
[ReportManager] Initial URL: [data:,] @12-02-2021 17:47:28.0254 PM
[ReportManager] Browser Action [navigateToURL] successfully performed. With the following test data [https://www.google.com/ncr]. @12-02-2021 17:47:28.0934 P

################################################################################################################################################
Starting Execution:	[43 out of 134] test cases in the current suite
Test Method:		[unitTests.tests_validations_assertions.assertElementAttribute_true_literalComparison_expectedToFail]
################################################################################################################################################
[ReportManager] Element Action [type] successfully performed. With the following test data [Automation!@#$%^&*()_+{}[]\';/.,]. @12-02-2021 17:47:29.0919 PM
[ReportManager] Element Action [getText] successfully performed. With the following test data [Automation!@#$%^&*()_+{}[]\';/.,]. @12-02-2021 17:47:30.0029 PM
[ReportManager] Loaded Shared OpenCV @12-02-2021 17:47:30.0187 PM
[ReportManager] AssertElementAttribute FAILED; Expected [Value Should be 'Automation' for the 'text' attribute, element locator 'By.name: q'] and Actual [Automation!@#$%^&*()_+{}[]\';/.,]. Comparison Type [EQUALS]. Validation Type [POSITIVE]. @12-02-2021 17:47:30.0259 PM
[ReportManager] Successfully created attachment [Screenshot - 1613152050187_assertElementAttribute_true_literalComparison_expectedToFail_AssertElementAttribute_failed] @12-02-2021 17:47:30.0260 P
[ReportManager] Successfully created attachment [Selenium WebDriver Logs - server] @12-02-2021 17:47:30.0331 PM
[ReportManager] Successfully created attachment [Selenium WebDriver Logs - performance] @12-02-2021 17:47:30.0459 PM
[ReportManager] Successfully created attachment [Selenium WebDriver Logs - driver] @12-02-2021 17:47:30.0602 PM
[ReportManager] Browser Action [closeCurrentWindow] successfully performed. @12-02-2021 17:47:30.0661 PM
[ReportManager] Successfully created attachment [Browser Action Test Data - closeCurrentWindow - Actual Value] @12-02-2021 17:47:30.0662 P
[ReportManager] File Action [getAbsolutePath] successfully performed. With the following test data [Relative Folder Path: "target/downloadedFiles/"]. @12-02-2021 17:47:30.0665 PM
[ReportManager] Attempting to run remotely on: [Linux-64], [GoogleChrome], [http://localhost:4444/wd/hub], Headless Execution. @12-02-2021 17:47:30.0665 PM
[ReportManager] Successfully Opened [GoogleChrome]. @12-02-2021 17:47:30.0860 PM
[ReportManager] Target URL: [https://www.google.com/ncr], and after redirection: [www.google.com] @12-02-2021 17:47:30.0877 PM
[ReportManager] Initial URL: [data:,] @12-02-2021 17:47:30.0919 PM
[ReportManager] Browser Action [navigateToURL] successfully performed. With the following test data [https://www.google.com/ncr]. @12-02-2021 17:47:31.0623 P

################################################################################################################################################
Starting Execution:	[44 out of 134] test cases in the current suite
Test Method:		[unitTests.tests_validations_assertions.assertElementAttribute_true_literalComparison_expectedToPass]
################################################################################################################################################
[ReportManager] Element Action [type] successfully performed. With the following test data [Automation!@#$%^&*()_+{}[]\';/.,]. @12-02-2021 17:47:32.0644 PM
[ReportManager] Element Action [getText] successfully performed. With the following test data [Automation!@#$%^&*()_+{}[]\';/.,]. @12-02-2021 17:47:32.0743 PM
[ReportManager] Loaded Shared OpenCV @12-02-2021 17:47:32.0901 PM
[ReportManager] AssertElementAttribute PASSED; Expected [Value Should be 'Automation!@#$%^&*()_+{}[]\';/.,' for the 'text' attribute, element locator 'By.name: q'] and Actual [Automation!@#$%^&*()_+{}[]\';/.,]. Comparison Type [EQUALS]. Validation Type [POSITIVE]. @12-02-2021 17:47:32.0987 PM
[ReportManager] Successfully created attachment [Screenshot - 1613152052901_assertElementAttribute_true_literalComparison_expectedToPass_AssertElementAttribute_passed] @12-02-2021 17:47:32.0988 P
[ReportManager] Successfully created attachment [Selenium WebDriver Logs - server] @12-02-2021 17:47:33.0065 PM
[ReportManager] Successfully created attachment [Selenium WebDriver Logs - performance] @12-02-2021 17:47:33.0212 PM
[ReportManager] Successfully created attachment [Selenium WebDriver Logs - driver] @12-02-2021 17:47:33.0386 PM
[ReportManager] Browser Action [closeCurrentWindow] successfully performed. @12-02-2021 17:47:33.0445 PM
[ReportManager] Successfully created attachment [Browser Action Test Data - closeCurrentWindow - Actual Value] @12-02-2021 17:47:33.0446 P
[ReportManager] File Action [getAbsolutePath] successfully performed. With the following test data [Relative Folder Path: "target/downloadedFiles/"]. @12-02-2021 17:47:33.0460 PM
[ReportManager] Attempting to run remotely on: [Linux-64], [GoogleChrome], [http://localhost:4444/wd/hub], Headless Execution. @12-02-2021 17:47:33.0460 PM
[ReportManager] Successfully Opened [GoogleChrome]. @12-02-2021 17:47:33.0680 PM
[ReportManager] Target URL: [https://www.google.com/ncr], and after redirection: [www.google.com] @12-02-2021 17:47:33.0690 PM
[ReportManager] Initial URL: [data:,] @12-02-2021 17:47:33.0725 PM
[ReportManager] Browser Action [navigateToURL] successfully performed. With the following test data [https://www.google.com/ncr]. @12-02-2021 17:47:35.0075 P

################################################################################################################################################
Starting Execution:	[45 out of 134] test cases in the current suite
Test Method:		[unitTests.tests_validations_assertions.assertElementAttribute_true_regexComparison_expectedToFail]
################################################################################################################################################
[ReportManager] Element Action [type] successfully performed. With the following test data [Automation123]. @12-02-2021 17:47:35.0571 PM
[ReportManager] Element Action [getText] successfully performed. With the following test data [Automation123]. @12-02-2021 17:47:35.0669 PM
[ReportManager] Loaded Shared OpenCV @12-02-2021 17:47:35.0832 PM
[ReportManager] AssertElementAttribute FAILED; Expected [Value Should be 'Automation' for the 'text' attribute, element locator 'By.name: q'] and Actual [Automation123]. Comparison Type [MATCHES]. Validation Type [POSITIVE]. @12-02-2021 17:47:35.0899 PM
[ReportManager] Successfully created attachment [Screenshot - 1613152055832_assertElementAttribute_true_regexComparison_expectedToFail_AssertElementAttribute_failed] @12-02-2021 17:47:35.0900 P
[ReportManager] Successfully created attachment [Selenium WebDriver Logs - server] @12-02-2021 17:47:35.0967 PM
[ReportManager] Successfully created attachment [Selenium WebDriver Logs - performance] @12-02-2021 17:47:36.0048 PM
[ReportManager] Successfully created attachment [Selenium WebDriver Logs - driver] @12-02-2021 17:47:36.0168 PM
[ReportManager] Browser Action [closeCurrentWindow] successfully performed. @12-02-2021 17:47:36.0225 PM
[ReportManager] Successfully created attachment [Browser Action Test Data - closeCurrentWindow - Actual Value] @12-02-2021 17:47:36.0225 P
[ReportManager] File Action [getAbsolutePath] successfully performed. With the following test data [Relative Folder Path: "target/downloadedFiles/"]. @12-02-2021 17:47:36.0233 PM
[ReportManager] Attempting to run remotely on: [Linux-64], [GoogleChrome], [http://localhost:4444/wd/hub], Headless Execution. @12-02-2021 17:47:36.0233 PM
[ReportManager] Successfully Opened [GoogleChrome]. @12-02-2021 17:47:36.0429 PM
[ReportManager] Target URL: [https://www.google.com/ncr], and after redirection: [www.google.com] @12-02-2021 17:47:36.0445 PM
[ReportManager] Initial URL: [data:,] @12-02-2021 17:47:36.0482 PM
[ReportManager] Browser Action [navigateToURL] successfully performed. With the following test data [https://www.google.com/ncr]. @12-02-2021 17:47:37.0215 P

################################################################################################################################################
Starting Execution:	[46 out of 134] test cases in the current suite
Test Method:		[unitTests.tests_validations_assertions.assertElementAttribute_true_regexComparison_expectedToPass]
################################################################################################################################################
[ReportManager] Element Action [type] successfully performed. With the following test data [Automation123]. @12-02-2021 17:47:37.0713 PM
[ReportManager] Element Action [getText] successfully performed. With the following test data [Automation123]. @12-02-2021 17:47:37.0831 PM
[ReportManager] Loaded Shared OpenCV @12-02-2021 17:47:37.0974 PM
[ReportManager] AssertElementAttribute PASSED; Expected [Value Should be 'Automation.*' for the 'text' attribute, element locator 'By.name: q'] and Actual [Automation123]. Comparison Type [MATCHES]. Validation Type [POSITIVE]. @12-02-2021 17:47:38.0041 PM
[ReportManager] Successfully created attachment [Screenshot - 1613152057974_assertElementAttribute_true_regexComparison_expectedToPass_AssertElementAttribute_passed] @12-02-2021 17:47:38.0042 P
[ReportManager] Successfully created attachment [Selenium WebDriver Logs - server] @12-02-2021 17:47:38.0118 PM
[ReportManager] Successfully created attachment [Selenium WebDriver Logs - performance] @12-02-2021 17:47:38.0206 PM
[ReportManager] Successfully created attachment [Selenium WebDriver Logs - driver] @12-02-2021 17:47:38.0325 PM
[ReportManager] Browser Action [closeCurrentWindow] successfully performed. @12-02-2021 17:47:38.0381 PM
[ReportManager] Successfully created attachment [Browser Action Test Data - closeCurrentWindow - Actual Value] @12-02-2021 17:47:38.0382 P
[ReportManager] File Action [getAbsolutePath] successfully performed. With the following test data [Relative Folder Path: "target/downloadedFiles/"]. @12-02-2021 17:47:38.0385 PM
[ReportManager] Attempting to run remotely on: [Linux-64], [GoogleChrome], [http://localhost:4444/wd/hub], Headless Execution. @12-02-2021 17:47:38.0386 PM
[ReportManager] Successfully Opened [GoogleChrome]. @12-02-2021 17:47:38.0595 PM
[ReportManager] Target URL: [https://www.google.com/ncr], and after redirection: [www.google.com] @12-02-2021 17:47:38.0605 PM
[ReportManager] Initial URL: [data:,] @12-02-2021 17:47:38.0639 PM
[ReportManager] Browser Action [navigateToURL] successfully performed. With the following test data [https://www.google.com/ncr]. @12-02-2021 17:47:39.0323 P

################################################################################################################################################
Starting Execution:	[47 out of 134] test cases in the current suite
Test Method:		[unitTests.tests_validations_assertions.assertElementExists_false_expectedToFail]
################################################################################################################################################
[ReportManager] Loaded Shared OpenCV @12-02-2021 17:47:39.0514 PM
[ReportManager] AssertElementExists FAILED; Expected [Element Should not Exist, locator 'By.id: hplogo'] and Actual [Element Exists]. Comparison Type [EQUALS]. Validation Type [NEGATIVE]. @12-02-2021 17:47:39.0582 PM
[ReportManager] Successfully created attachment [Screenshot - 1613152059514_assertElementExists_false_expectedToFail_AssertElementExists_failed] @12-02-2021 17:47:39.0583 P
[ReportManager] Successfully created attachment [Selenium WebDriver Logs - server] @12-02-2021 17:47:39.0656 PM
[ReportManager] Successfully created attachment [Selenium WebDriver Logs - performance] @12-02-2021 17:47:39.0691 PM
[ReportManager] Successfully created attachment [Selenium WebDriver Logs - driver] @12-02-2021 17:47:39.0763 PM
[ReportManager] Browser Action [closeCurrentWindow] successfully performed. @12-02-2021 17:47:39.0823 PM
[ReportManager] Successfully created attachment [Browser Action Test Data - closeCurrentWindow - Actual Value] @12-02-2021 17:47:39.0824 P
[ReportManager] File Action [getAbsolutePath] successfully performed. With the following test data [Relative Folder Path: "target/downloadedFiles/"]. @12-02-2021 17:47:39.0827 PM
[ReportManager] Attempting to run remotely on: [Linux-64], [GoogleChrome], [http://localhost:4444/wd/hub], Headless Execution. @12-02-2021 17:47:39.0827 PM
[ReportManager] Successfully Opened [GoogleChrome]. @12-02-2021 17:47:40.0101 PM
[ReportManager] Target URL: [https://www.google.com/ncr], and after redirection: [www.google.com] @12-02-2021 17:47:40.0110 PM
[ReportManager] Initial URL: [data:,] @12-02-2021 17:47:40.0146 PM
[ReportManager] Browser Action [navigateToURL] successfully performed. With the following test data [https://www.google.com/ncr]. @12-02-2021 17:47:40.0889 P

################################################################################################################################################
Starting Execution:	[48 out of 134] test cases in the current suite
Test Method:		[unitTests.tests_validations_assertions.assertElementExists_false_expectedToPass]
################################################################################################################################################
[ReportManager] AssertElementExists PASSED; Expected [Element Should not Exist, locator 'By.id: fakeElement'] and Actual [Element Doesn't Exists]. Comparison Type [EQUALS]. Validation Type [NEGATIVE]. @12-02-2021 17:47:41.0120 PM
[ReportManager] Successfully created attachment [Screenshot - 1613152061063_assertElementExists_false_expectedToPass_AssertElementExists_passed] @12-02-2021 17:47:41.0121 P
[ReportManager] Successfully created attachment [Selenium WebDriver Logs - server] @12-02-2021 17:47:41.0186 PM
[ReportManager] Successfully created attachment [Selenium WebDriver Logs - performance] @12-02-2021 17:47:41.0216 PM
[ReportManager] Successfully created attachment [Selenium WebDriver Logs - driver] @12-02-2021 17:47:41.0282 PM
[ReportManager] Browser Action [closeCurrentWindow] successfully performed. @12-02-2021 17:47:41.0338 PM
[ReportManager] Successfully created attachment [Browser Action Test Data - closeCurrentWindow - Actual Value] @12-02-2021 17:47:41.0339 P
[ReportManager] File Action [getAbsolutePath] successfully performed. With the following test data [Relative Folder Path: "target/downloadedFiles/"]. @12-02-2021 17:47:41.0342 PM
[ReportManager] Attempting to run remotely on: [Linux-64], [GoogleChrome], [http://localhost:4444/wd/hub], Headless Execution. @12-02-2021 17:47:41.0343 PM
[ReportManager] Successfully Opened [GoogleChrome]. @12-02-2021 17:47:41.0572 PM
[ReportManager] Target URL: [https://www.google.com/ncr], and after redirection: [www.google.com] @12-02-2021 17:47:41.0583 PM
[ReportManager] Initial URL: [data:,] @12-02-2021 17:47:41.0637 PM
[ReportManager] Browser Action [navigateToURL] successfully performed. With the following test data [https://www.google.com/ncr]. @12-02-2021 17:47:42.0365 P

################################################################################################################################################
Starting Execution:	[49 out of 134] test cases in the current suite
Test Method:		[unitTests.tests_validations_assertions.assertElementExists_false_multipleElementsFound_expectedToFail]
################################################################################################################################################
[ReportManager] AssertElementExists FAILED; Expected [Element Should not Exist, locator 'By.xpath: //div'] and Actual [Element Exists but is not unique]. Comparison Type [EQUALS]. Validation Type [NEGATIVE]. @12-02-2021 17:47:42.0644 PM
[ReportManager] Successfully created attachment [Screenshot - 1613152062581_assertElementExists_false_multipleElementsFound_expectedToFail_AssertElementExists_failed] @12-02-2021 17:47:42.0644 P
[ReportManager] Successfully created attachment [Selenium WebDriver Logs - server] @12-02-2021 17:47:42.0716 PM
[ReportManager] Successfully created attachment [Selenium WebDriver Logs - performance] @12-02-2021 17:47:42.0743 PM
[ReportManager] Successfully created attachment [Selenium WebDriver Logs - driver] @12-02-2021 17:47:42.0805 PM
[ReportManager] Browser Action [closeCurrentWindow] successfully performed. @12-02-2021 17:47:42.0865 PM
[ReportManager] Successfully created attachment [Browser Action Test Data - closeCurrentWindow - Actual Value] @12-02-2021 17:47:42.0865 P
[ReportManager] File Action [getAbsolutePath] successfully performed. With the following test data [Relative Folder Path: "target/downloadedFiles/"]. @12-02-2021 17:47:42.0867 PM
[ReportManager] Attempting to run remotely on: [Linux-64], [GoogleChrome], [http://localhost:4444/wd/hub], Headless Execution. @12-02-2021 17:47:42.0867 PM
[ReportManager] Successfully Opened [GoogleChrome]. @12-02-2021 17:47:43.0053 PM
[ReportManager] Target URL: [https://www.google.com/ncr], and after redirection: [www.google.com] @12-02-2021 17:47:43.0063 PM
[ReportManager] Initial URL: [data:,] @12-02-2021 17:47:43.0102 PM
[ReportManager] Browser Action [navigateToURL] successfully performed. With the following test data [https://www.google.com/ncr]. @12-02-2021 17:47:43.0829 P

################################################################################################################################################
Starting Execution:	[50 out of 134] test cases in the current suite
Test Method:		[unitTests.tests_validations_assertions.assertElementExists_true_expectedToFail]
################################################################################################################################################
[ReportManager] AssertElementExists FAILED; Expected [Element Should Exist, locator 'By.id: fakeElement'] and Actual [Element Doesn't Exists]. Comparison Type [EQUALS]. Validation Type [POSITIVE]. @12-02-2021 17:47:44.0053 PM
[ReportManager] Successfully created attachment [Screenshot - 1613152063992_assertElementExists_true_expectedToFail_AssertElementExists_failed] @12-02-2021 17:47:44.0053 P
[ReportManager] Successfully created attachment [Selenium WebDriver Logs - server] @12-02-2021 17:47:44.0120 PM
[ReportManager] Successfully created attachment [Selenium WebDriver Logs - performance] @12-02-2021 17:47:44.0148 PM
[ReportManager] Successfully created attachment [Selenium WebDriver Logs - driver] @12-02-2021 17:47:44.0213 PM
[ReportManager] Browser Action [closeCurrentWindow] successfully performed. @12-02-2021 17:47:44.0269 PM
[ReportManager] Successfully created attachment [Browser Action Test Data - closeCurrentWindow - Actual Value] @12-02-2021 17:47:44.0270 P
[ReportManager] File Action [getAbsolutePath] successfully performed. With the following test data [Relative Folder Path: "target/downloadedFiles/"]. @12-02-2021 17:47:44.0273 PM
[ReportManager] Attempting to run remotely on: [Linux-64], [GoogleChrome], [http://localhost:4444/wd/hub], Headless Execution. @12-02-2021 17:47:44.0273 PM
[ReportManager] Successfully Opened [GoogleChrome]. @12-02-2021 17:47:44.0478 PM
[ReportManager] Target URL: [https://www.google.com/ncr], and after redirection: [www.google.com] @12-02-2021 17:47:44.0492 PM
[ReportManager] Initial URL: [data:,] @12-02-2021 17:47:44.0533 PM
[ReportManager] Browser Action [navigateToURL] successfully performed. With the following test data [https://www.google.com/ncr]. @12-02-2021 17:47:45.0259 P

################################################################################################################################################
Starting Execution:	[51 out of 134] test cases in the current suite
Test Method:		[unitTests.tests_validations_assertions.assertElementExists_true_expectedToPass]
################################################################################################################################################
[ReportManager] Loaded Shared OpenCV @12-02-2021 17:47:45.0441 PM
[ReportManager] AssertElementExists PASSED; Expected [Element Should Exist, locator 'By.id: hplogo'] and Actual [Element Exists]. Comparison Type [EQUALS]. Validation Type [POSITIVE]. @12-02-2021 17:47:45.0506 PM
[ReportManager] Successfully created attachment [Screenshot - 1613152065441_assertElementExists_true_expectedToPass_AssertElementExists_passed] @12-02-2021 17:47:45.0507 P
[ReportManager] Successfully created attachment [Selenium WebDriver Logs - server] @12-02-2021 17:47:45.0579 PM
[ReportManager] Successfully created attachment [Selenium WebDriver Logs - performance] @12-02-2021 17:47:45.0605 PM
[ReportManager] Successfully created attachment [Selenium WebDriver Logs - driver] @12-02-2021 17:47:45.0677 PM
[ReportManager] Browser Action [closeCurrentWindow] successfully performed. @12-02-2021 17:47:45.0734 PM
[ReportManager] Successfully created attachment [Browser Action Test Data - closeCurrentWindow - Actual Value] @12-02-2021 17:47:45.0735 P
[ReportManager] File Action [getAbsolutePath] successfully performed. With the following test data [Relative Folder Path: "target/downloadedFiles/"]. @12-02-2021 17:47:45.0738 PM
[ReportManager] Attempting to run remotely on: [Linux-64], [GoogleChrome], [http://localhost:4444/wd/hub], Headless Execution. @12-02-2021 17:47:45.0738 PM
[ReportManager] Successfully Opened [GoogleChrome]. @12-02-2021 17:47:45.0929 PM
[ReportManager] Target URL: [https://www.google.com/ncr], and after redirection: [www.google.com] @12-02-2021 17:47:45.0940 PM
[ReportManager] Initial URL: [data:,] @12-02-2021 17:47:45.0974 PM
[ReportManager] Browser Action [navigateToURL] successfully performed. With the following test data [https://www.google.com/ncr]. @12-02-2021 17:47:46.0706 P

################################################################################################################################################
Starting Execution:	[52 out of 134] test cases in the current suite
Test Method:		[unitTests.tests_validations_assertions.assertElementExists_true_multipleElementsFound_expectedToFail]
################################################################################################################################################
[ReportManager] AssertElementExists FAILED; Expected [Element Should Exist, locator 'By.xpath: //div'] and Actual [Element Exists but is not unique]. Comparison Type [EQUALS]. Validation Type [POSITIVE]. @12-02-2021 17:47:46.0945 PM
[ReportManager] Successfully created attachment [Screenshot - 1613152066875_assertElementExists_true_multipleElementsFound_expectedToFail_AssertElementExists_failed] @12-02-2021 17:47:46.0945 P
[ReportManager] Successfully created attachment [Selenium WebDriver Logs - server] @12-02-2021 17:47:47.0013 PM
[ReportManager] Successfully created attachment [Selenium WebDriver Logs - performance] @12-02-2021 17:47:47.0042 PM
[ReportManager] Successfully created attachment [Selenium WebDriver Logs - driver] @12-02-2021 17:47:47.0103 PM
[ReportManager] Browser Action [closeCurrentWindow] successfully performed. @12-02-2021 17:47:47.0160 PM
[ReportManager] Successfully created attachment [Browser Action Test Data - closeCurrentWindow - Actual Value] @12-02-2021 17:47:47.0161 P

################################################################################################################################################
Starting Execution:	[53 out of 134] test cases in the current suite
Test Method:		[unitTests.tests_validations_assertions.assertEquals_false_expectedToFail]
################################################################################################################################################
[ReportManager] AssertEquals FAILED; Expected [1] and Actual [1]. Comparison Type [EQUALS]. Validation Type [NEGATIVE]. @12-02-2021 17:47:47.0167 P

################################################################################################################################################
Starting Execution:	[54 out of 134] test cases in the current suite
Test Method:		[unitTests.tests_validations_assertions.assertEquals_false_expectedToPass]
################################################################################################################################################
[ReportManager] AssertEquals PASSED; Expected [1] and Actual [2]. Comparison Type [EQUALS]. Validation Type [NEGATIVE]. @12-02-2021 17:47:47.0172 P

################################################################################################################################################
Starting Execution:	[55 out of 134] test cases in the current suite
Test Method:		[unitTests.tests_validations_assertions.assertEquals_longCharacters]
################################################################################################################################################
[ReportManager] VerifyEquals PASSED; Expected and Actual values are attached. Comparison Type [EQUALS]. Validation Type [POSITIVE]. @12-02-2021 17:47:47.0179 PM
[ReportManager] Successfully created attachment [Validation Test Data - Expected Value] @12-02-2021 17:47:47.0179 PM
[ReportManager] Successfully created attachment [Validation Test Data - Actual Value] @12-02-2021 17:47:47.0179 PM
[ReportManager] AssertEquals PASSED; Expected and Actual values are attached. Comparison Type [EQUALS]. Validation Type [POSITIVE]. @12-02-2021 17:47:47.0179 PM
[ReportManager] Successfully created attachment [Validation Test Data - Expected Value] @12-02-2021 17:47:47.0179 PM
[ReportManager] Successfully created attachment [Validation Test Data - Actual Value] @12-02-2021 17:47:47.0179 P

################################################################################################################################################
Starting Execution:	[56 out of 134] test cases in the current suite
Test Method:		[unitTests.tests_validations_assertions.assertEquals_longCharacters_Discreet]
################################################################################################################################################
[ReportManager] AssertEquals PASSED; Expected [1LH5pROcDBjjQk0t0mCr0lXuzQu9lcGj28kY8R1H81X67eVAQJgWQhILiRWVPUgZ6uCtK5cnBkF55Jr9vYngjGO1Iyf0Mktv6lruDlL9T8MAUPcUZJGHZtji6nIeadujDSNmWMj5d6C8zlFqw0CRqBU0hO5adIasHgBSNoLotAjce3NGXoDwAlp3rYreeV16VIyZXROQY] and Actual [1LH5pROcDBjjQk0t0mCr0lXuzQu9lcGj28kY8R1H81X67eVAQJgWQhILiRWVPUgZ6uCtK5cnBkF55Jr9vYngjGO1Iyf0Mktv6lruDlL9T8MAUPcUZJGHZtji6nIeadujDSNmWMj5d6C8zlFqw0CRqBU0hO5adIasHgBSNoLotAjce3NGXoDwAlp3rYreeV16VIyZXROQY]. Comparison Type [EQUALS]. Validation Type [POSITIVE]. @12-02-2021 17:47:47.0183 P

################################################################################################################################################
Starting Execution:	[57 out of 134] test cases in the current suite
Test Method:		[unitTests.tests_validations_assertions.assertEquals_true_expectedToFail]
################################################################################################################################################
[ReportManager] AssertEquals FAILED; Expected [1] and Actual [2]. Comparison Type [EQUALS]. Validation Type [POSITIVE]. @12-02-2021 17:47:47.0187 P

################################################################################################################################################
Starting Execution:	[58 out of 134] test cases in the current suite
Test Method:		[unitTests.tests_validations_assertions.assertEquals_true_expectedToPass]
Test Description:	[Assert that assertEquals works as expected when the two values are equal.]
################################################################################################################################################
[ReportManager] VerifyEquals PASSED; Expected [1] and Actual [1]. Comparison Type [EQUALS]. Validation Type [POSITIVE]. @12-02-2021 17:47:47.0199 PM
[ReportManager] AssertEquals PASSED; Expected [1] and Actual [1]. Comparison Type [EQUALS]. Validation Type [POSITIVE]. @12-02-2021 17:47:47.0199 P

################################################################################################################################################
Starting Execution:	[59 out of 134] test cases in the current suite
Test Method:		[unitTests.tests_validations_assertions.assertEquals_true_expectedToPass__]
################################################################################################################################################
[ReportManager] AssertEquals PASSED; Expected [1] and Actual [1]. Comparison Type [EQUALS]. Validation Type [POSITIVE]. @12-02-2021 17:47:47.0201 P

################################################################################################################################################
Starting Execution:	[60 out of 134] test cases in the current suite
Test Method:		[unitTests.tests_validations_assertions.assertFileExists_false_expectedToFail]
################################################################################################################################################
[ReportManager] File Action [doesFileExist] successfully performed. With the following test data [File Path: "src/main/java/com/shaft/gui/element/ElementActions.java"]. @12-02-2021 17:47:47.0204 PM
[ReportManager] AssertFileExists FAILED; Expected [File 'src/main/java/com/shaft/gui/element/ElementActions.java' should not exist, after up to '1' retries] and Actual [File exists]. Validation Type [NEGATIVE]. @12-02-2021 17:47:47.0214 P

################################################################################################################################################
Starting Execution:	[61 out of 134] test cases in the current suite
Test Method:		[unitTests.tests_validations_assertions.assertFileExists_false_expectedToPass]
################################################################################################################################################
[ReportManager] File Action [doesFileExist] successfully performed. With the following test data [File Path: "src/main/java/com/shaft/gui/element/ElementActions.java_fail"]. @12-02-2021 17:47:47.0716 PM
[ReportManager] AssertFileExists PASSED; Expected [File 'src/main/java/com/shaft/gui/element/ElementActions.java_fail' should not exist, after up to '1' retries] and Actual [File does not exist]. Validation Type [NEGATIVE]. @12-02-2021 17:47:47.0716 P

################################################################################################################################################
Starting Execution:	[62 out of 134] test cases in the current suite
Test Method:		[unitTests.tests_validations_assertions.assertFileExists_true_expectedToFail]
################################################################################################################################################
[ReportManager] File Action [doesFileExist] successfully performed. With the following test data [File Path: "src/main/java/com/shaft/gui/element/ElementActions.java_fail"]. @12-02-2021 17:47:48.0221 PM
[ReportManager] AssertFileExists FAILED; Expected [File 'src/main/java/com/shaft/gui/element/ElementActions.java_fail' should exist, after up to '1' retries] and Actual [File does not exist]. Validation Type [POSITIVE]. @12-02-2021 17:47:48.0222 P

################################################################################################################################################
Starting Execution:	[63 out of 134] test cases in the current suite
Test Method:		[unitTests.tests_validations_assertions.assertFileExists_true_expectedToPass]
################################################################################################################################################
[ReportManager] File Action [doesFileExist] successfully performed. With the following test data [File Path: "src/main/java/com/shaft/gui/element/ElementActions.java"]. @12-02-2021 17:47:48.0226 PM
[ReportManager] AssertFileExists PASSED; Expected [File 'src/main/java/com/shaft/gui/element/ElementActions.java' should exist, after up to '1' retries] and Actual [File exists]. Validation Type [POSITIVE]. @12-02-2021 17:47:48.0226 P

################################################################################################################################################
Starting Execution:	[64 out of 134] test cases in the current suite
Test Method:		[unitTests.tests_validations_assertions.assertNull_false_expectedToFail]
################################################################################################################################################
[ReportManager] AssertNull FAILED; Expected [NULL] and Actual [NULL]. Comparison Type [EQUALS]. Validation Type [NEGATIVE]. @12-02-2021 17:47:48.0229 P

################################################################################################################################################
Starting Execution:	[65 out of 134] test cases in the current suite
Test Method:		[unitTests.tests_validations_assertions.assertNull_false_expectedToPass]
################################################################################################################################################
[ReportManager] AssertNull PASSED; Expected [NULL] and Actual [1]. Comparison Type [EQUALS]. Validation Type [NEGATIVE]. @12-02-2021 17:47:48.0231 P

################################################################################################################################################
Starting Execution:	[66 out of 134] test cases in the current suite
Test Method:		[unitTests.tests_validations_assertions.assertNull_true_expectedToFail]
################################################################################################################################################
[ReportManager] AssertNull FAILED; Expected [NULL] and Actual [1]. Comparison Type [EQUALS]. Validation Type [POSITIVE]. @12-02-2021 17:47:48.0234 P

################################################################################################################################################
Starting Execution:	[67 out of 134] test cases in the current suite
Test Method:		[unitTests.tests_validations_assertions.assertNull_true_expectedToPass]
################################################################################################################################################
[ReportManager] AssertNull PASSED; Expected [NULL] and Actual [NULL]. Comparison Type [EQUALS]. Validation Type [POSITIVE]. @12-02-2021 17:47:48.0236 P
[ReportManager] File Action [getAbsolutePath] successfully performed. With the following test data [Relative Folder Path: "target/downloadedFiles/"]. @12-02-2021 17:47:48.0237 PM
[ReportManager] Attempting to run remotely on: [Linux-64], [GoogleChrome], [http://localhost:4444/wd/hub], Headless Execution. @12-02-2021 17:47:48.0237 PM
[ReportManager] Successfully Opened [GoogleChrome]. @12-02-2021 17:47:48.0448 P

################################################################################################################################################
Starting Execution:	[68 out of 134] test cases in the current suite
Test Method:		[testPackage01.Test_IsElementClickable.testIsElementClickable]
################################################################################################################################################
[ReportManager] Target URL: [https://the-internet.herokuapp.com/] @12-02-2021 17:47:48.0475 PM
[ReportManager] Initial URL: [data:,] @12-02-2021 17:47:48.0509 PM
[ReportManager] Browser Action [navigateToURL] successfully performed. With the following test data [https://the-internet.herokuapp.com/]. @12-02-2021 17:47:48.0848 PM
[ReportManager] Element Action [isElementClickable] successfully performed. @12-02-2021 17:47:49.0002 PM
[ReportManager] AssertTrue PASSED; Expected [TRUE] and Actual [TRUE]. Validation Type [POSITIVE]. @12-02-2021 17:47:49.0002 P
[ReportManager] Successfully created attachment [Selenium WebDriver Logs - server] @12-02-2021 17:47:49.0052 PM
[ReportManager] Successfully created attachment [Selenium WebDriver Logs - performance] @12-02-2021 17:47:49.0068 PM
[ReportManager] Successfully created attachment [Selenium WebDriver Logs - browser] @12-02-2021 17:47:49.0073 PM
[ReportManager] Successfully created attachment [Selenium WebDriver Logs - driver] @12-02-2021 17:47:49.0128 PM
[ReportManager] Browser Action [closeCurrentWindow] successfully performed. @12-02-2021 17:47:49.0185 PM
[ReportManager] Successfully created attachment [Browser Action Test Data - closeCurrentWindow - Actual Value] @12-02-2021 17:47:49.0185 P

################################################################################################################################################
Starting Execution:	[69 out of 134] test cases in the current suite
Test Method:		[testPackage01.Test_JsonActions.f]
###############################################################################################################################################

################################################################################################################################################
Starting Execution:	[70 out of 134] test cases in the current suite
Test Method:		[testPackage01.Test_JsonActions.f2]
###############################################################################################################################################

################################################################################################################################################
Starting Execution:	[71 out of 134] test cases in the current suite
Test Method:		[testPackage01.Test_SkipDueToIssue.doNotSkip]
################################################################################################################################################
[ReportManager] This should not be skipped. @12-02-2021 17:47:49.0209 P

################################################################################################################################################
Starting Execution:	[72 out of 134] test cases in the current suite
Test Method:		[testPackage01.Test_SkipDueToIssue.skip]
################################################################################################################################################
[ReportManager] This should be skipped. @12-02-2021 17:47:49.0213 P

################################################################################################################################################
Starting Execution:	[73 out of 134] test cases in the current suite
Test Method:		[testPackage01.Test_SkipDueToIssue.skip2]
################################################################################################################################################
[ReportManager] This should be skipped. @12-02-2021 17:47:49.0216 P

################################################################################################################################################
Starting Execution:	[74 out of 134] test cases in the current suite
Test Method:		[testPackage01.Test_testData.f]
################################################################################################################################################
[ReportManager] Successfully loaded the following test data file [src/test/resources/TestDataFiles/testSuite01/TestData.xlsx]. @12-02-2021 17:47:49.0254 PM
[ReportManager] Successfully created attachment [Test Data - Excel] @12-02-2021 17:47:49.0254 PM
[ReportManager] Last Column Number is: [3]. Zero-based. @12-02-2021 17:47:49.0255 P
[ReportManager] File Action [getAbsolutePath] successfully performed. With the following test data [Relative Folder Path: "target/downloadedFiles/"]. @12-02-2021 17:47:49.0260 PM
[ReportManager] Attempting to run remotely on: [Linux-64], [GoogleChrome], [http://localhost:4444/wd/hub], Headless Execution. @12-02-2021 17:47:49.0260 PM
[ReportManager] Successfully Opened [GoogleChrome]. @12-02-2021 17:47:49.0463 P

################################################################################################################################################
Starting Execution:	[75 out of 134] test cases in the current suite
Test Method:		[testPackage01.Test_assertEquals.test_assertElementAttribute]
################################################################################################################################################
[ReportManager] Target URL: [https://www.google.com/ncr], and after redirection: [https://www.google.com] @12-02-2021 17:47:49.0477 PM
[ReportManager] Initial URL: [data:,] @12-02-2021 17:47:49.0514 PM
[ReportManager] Browser Action [navigateToURL] successfully performed. With the following test data [https://www.google.com/ncr]. @12-02-2021 17:47:50.0301 PM
[ReportManager] Element Action [type] successfully performed. With the following test data [INC_004010050:Another SCHEDULER with the same name [Duplicate Job Name] already exists.]. @12-02-2021 17:47:51.0889 PM
[ReportManager] Element Action [getText] successfully performed. With the following test data [INC_004010050:Another SCHEDULER with the same name [Duplicate Job Name] already exists.]. @12-02-2021 17:47:51.0997 PM
[ReportManager] Loaded Shared OpenCV @12-02-2021 17:47:52.0139 PM
[ReportManager] AssertElementAttribute PASSED; Expected [Value Should be 'INC_004010050:Another SCHEDULER with the same name \[Duplicate Job Name\] already exists.' for the 'text' attribute, element locator 'By.name: q'] and Actual [INC_004010050:Another SCHEDULER with the same name [Duplicate Job Name] already exists.]. Comparison Type [MATCHES]. Validation Type [POSITIVE]. @12-02-2021 17:47:52.0213 PM
[ReportManager] Successfully created attachment [Screenshot - 1613152072139_test_assertElementAttribute_AssertElementAttribute_passed] @12-02-2021 17:47:52.0213 P
[ReportManager] Successfully created attachment [Selenium WebDriver Logs - server] @12-02-2021 17:47:52.0288 PM
[ReportManager] Successfully created attachment [Selenium WebDriver Logs - performance] @12-02-2021 17:47:52.0608 PM
[ReportManager] Successfully created attachment [Selenium WebDriver Logs - driver] @12-02-2021 17:47:52.0896 PM
[ReportManager] Browser Action [closeCurrentWindow] successfully performed. @12-02-2021 17:47:52.0953 PM
[ReportManager] Successfully created attachment [Browser Action Test Data - closeCurrentWindow - Actual Value] @12-02-2021 17:47:52.0954 P

################################################################################################################################################
Starting Execution:	[76 out of 134] test cases in the current suite
Test Method:		[testPackage01.Test_JsonCompareWithSpecialCharacters.specialCharacters]
################################################################################################################################################
[ReportManager] File Action [getAbsolutePath] successfully performed. With the following test data [Relative Folder Path: "src/test/resources/TestJsonFiles/specialCharacters.json"]. @12-02-2021 17:47:52.0995 PM
[ReportManager] File Action [readFromFile] successfully performed. With the following test data [File Path: "/home/runner/work/SHAFT_ENGINE/SHAFT_ENGINE/src/test/resources/TestJsonFiles/specialCharacters.json"]. @12-02-2021 17:47:52.0996 PM
[ReportManager] Successfully created attachment [File Action Actual Result - Command Log] @12-02-2021 17:47:52.0997 PM
[ReportManager] Comparing the provided API response with the file at this path "src/test/resources/TestJsonFiles/specialCharacters.json", comparison type "EQUALS" @12-02-2021 17:47:52.0997 PM
[ReportManager] API Action [compareJSON] successfully performed. With the following test data [src/test/resources/TestJsonFiles/specialCharacters.json]. @12-02-2021 17:47:53.0008 PM
[ReportManager] File Action [getAbsolutePath] successfully performed. With the following test data [Relative Folder Path: "src/test/resources/TestJsonFiles/specialCharacters.json"]. @12-02-2021 17:47:53.0008 PM
[ReportManager] File Action [readFromFile] successfully performed. With the following test data [File Path: "/home/runner/work/SHAFT_ENGINE/SHAFT_ENGINE/src/test/resources/TestJsonFiles/specialCharacters.json"]. @12-02-2021 17:47:53.0009 PM
[ReportManager] VerifyJSONFileContent PASSED; Expected [Response data should match the JSON File in this path 'src/test/resources/TestJsonFiles/specialCharacters.json'] and Actual [TRUE]. Comparison Type [EQUALS]. Validation Type [POSITIVE]. @12-02-2021 17:47:53.0012 PM
[ReportManager] Successfully created attachment [Validation Test Data - Expected JSON Value] @12-02-2021 17:47:53.0013 PM
[ReportManager] Successfully created attachment [Validation Test Data - Actual JSON Value] @12-02-2021 17:47:53.0013 P

################################################################################################################################################
Starting Execution:	[77 out of 134] test cases in the current suite
Test Method:		[testPackage01.Test_JsonCompareWithSpecialCharacters.specialCharacters_assertion]
################################################################################################################################################
[ReportManager] File Action [getAbsolutePath] successfully performed. With the following test data [Relative Folder Path: "src/test/resources/TestJsonFiles/specialCharacters.json"]. @12-02-2021 17:47:53.0021 PM
[ReportManager] File Action [readFromFile] successfully performed. With the following test data [File Path: "/home/runner/work/SHAFT_ENGINE/SHAFT_ENGINE/src/test/resources/TestJsonFiles/specialCharacters.json"]. @12-02-2021 17:47:53.0021 PM
[ReportManager] Successfully created attachment [File Action Actual Result - Command Log] @12-02-2021 17:47:53.0021 PM
[ReportManager] trying out the log message... @12-02-2021 17:47:53.0022 PM
[ReportManager] Comparing the provided API response with the file at this path "src/test/resources/TestJsonFiles/specialCharacters.json", comparison type "CONTAINS" @12-02-2021 17:47:53.0022 PM
[ReportManager] API Action [compareJSON] successfully performed. With the following test data [src/test/resources/TestJsonFiles/specialCharacters.json]. @12-02-2021 17:47:53.0029 PM
[ReportManager] File Action [getAbsolutePath] successfully performed. With the following test data [Relative Folder Path: "src/test/resources/TestJsonFiles/specialCharacters.json"]. @12-02-2021 17:47:53.0029 PM
[ReportManager] File Action [readFromFile] successfully performed. With the following test data [File Path: "/home/runner/work/SHAFT_ENGINE/SHAFT_ENGINE/src/test/resources/TestJsonFiles/specialCharacters.json"]. @12-02-2021 17:47:53.0030 PM
[ReportManager] AssertJSONFileContent PASSED; Expected [Response data should match the JSON File in this path 'src/test/resources/TestJsonFiles/specialCharacters.json'] and Actual [TRUE]. Comparison Type [CONTAINS]. Validation Type [POSITIVE]. @12-02-2021 17:47:53.0033 PM
[ReportManager] Successfully created attachment [Validation Test Data - Expected JSON Value] @12-02-2021 17:47:53.0033 PM
[ReportManager] Successfully created attachment [Validation Test Data - Actual JSON Value] @12-02-2021 17:47:53.0034 P

################################################################################################################################################
Starting Execution:	[78 out of 134] test cases in the current suite
Test Method:		[testPackage01.Test_JSONFileManager.readStringFromJson]
################################################################################################################################################
[ReportManager] Successfully loaded the following test data file [src/test/resources/TestDataFiles/simpleJSON.json]. @12-02-2021 17:47:53.0044 PM
[ReportManager] Successfully created attachment [Test Data - JSON] @12-02-2021 17:47:53.0045 PM
[ReportManager] AssertEquals PASSED; Expected [Mohab Mohie] and Actual [Mohab Mohie]. Comparison Type [EQUALS]. Validation Type [POSITIVE]. @12-02-2021 17:47:53.0055 P
[ReportManager] Successfully loaded the following test data file [src/test/resources/TestDataFiles/testSuite01/TestData.xlsx]. @12-02-2021 17:47:53.0092 PM
[ReportManager] Successfully created attachment [Test Data - Excel] @12-02-2021 17:47:53.0093 PM
[ReportManager] File Action [getAbsolutePath] successfully performed. With the following test data [Relative Folder Path: "target/downloadedFiles/"]. @12-02-2021 17:47:53.0093 PM
[ReportManager] Attempting to run remotely on: [Linux-64], [GoogleChrome], [http://localhost:4444/wd/hub], Headless Execution. @12-02-2021 17:47:53.0093 PM
[ReportManager] Successfully Opened [GoogleChrome]. @12-02-2021 17:47:53.0271 P

################################################################################################################################################
Starting Execution:	[79 out of 134] test cases in the current suite
Test Method:		[testPackage01.Test_google.navigateToURLandVerifyGoogleLogoIsDisplayed]
Test Description:	[TC001 - Navigate to URL and Verify Google Logo is Displayed]
################################################################################################################################################
[ReportManager] Target URL: [https://www.google.com/ncr], and after redirection: [https://www.google.com] @12-02-2021 17:47:53.0284 PM
[ReportManager] Initial URL: [data:,] @12-02-2021 17:47:53.0321 PM
[ReportManager] Browser Action [navigateToURL] successfully performed. With the following test data [https://www.google.com/ncr]. @12-02-2021 17:47:54.0054 PM
[ReportManager] Loaded Shared OpenCV @12-02-2021 17:47:54.0241 PM
[ReportManager] AssertElementExists PASSED; Expected [Element Should Exist, locator 'By.id: hplogo'] and Actual [Element Exists]. Comparison Type [EQUALS]. Validation Type [POSITIVE]. @12-02-2021 17:47:54.0313 PM
[ReportManager] Successfully created attachment [Screenshot - 1613152074241_navigateToURLandVerifyGoogleLogoIsDisplayed_AssertElementExists_passed] @12-02-2021 17:47:54.0314 P

################################################################################################################################################
Starting Execution:	[80 out of 134] test cases in the current suite
Test Method:		[testPackage01.Test_google.searchForQueryandAssertResultsNumDisplayed]
Test Description:	[TC002 - Search for Query and Assert that the number of results is displayed]
################################################################################################################################################
[ReportManager] Element Action [type] successfully performed. With the following test data [SHAFT_Engine]. @12-02-2021 17:47:54.0829 PM
[ReportManager] Element Action [keyPress] successfully performed. With the following test data [Enter]. @12-02-2021 17:47:55.0967 PM
[ReportManager] Element Action [getText] successfully performed. With the following test data [About 729,000 results (0.62 seconds) ]. @12-02-2021 17:47:56.0050 PM
[ReportManager] Loaded Shared OpenCV @12-02-2021 17:47:56.0187 PM
[ReportManager] AssertElementAttribute PASSED; Expected [Value Should not be '' for the 'Text' attribute, element locator 'By.id: appbar'] and Actual [About 729,000 results (0.62 seconds) ]. Comparison Type [EQUALS]. Validation Type [NEGATIVE]. @12-02-2021 17:47:56.0261 PM
[ReportManager] Successfully created attachment [Screenshot - 1613152076186_searchForQueryandAssertResultsNumDisplayed_AssertElementAttribute_passed] @12-02-2021 17:47:56.0261 P

################################################################################################################################################
Starting Execution:	[81 out of 134] test cases in the current suite
Test Method:		[testPackage01.Test_google.clickNextThrice]
Test Description:	[TC003 - Clicks the next button to make sure that the framework can scroll element into view before clicking it]
################################################################################################################################################
[ReportManager] Element Action [click] successfully performed. With the following test data [Next]. @12-02-2021 17:47:57.0304 P
[ReportManager] Successfully created attachment [Selenium WebDriver Logs - server] @12-02-2021 17:47:57.0505 PM
[ReportManager] Successfully created attachment [Selenium WebDriver Logs - performance] @12-02-2021 17:47:57.0821 PM
[ReportManager] Successfully created attachment [Selenium WebDriver Logs - driver] @12-02-2021 17:47:58.0156 PM
[ReportManager] Browser Action [closeCurrentWindow] successfully performed. @12-02-2021 17:47:58.0219 PM
[ReportManager] Successfully created attachment [Browser Action Test Data - closeCurrentWindow - Actual Value] @12-02-2021 17:47:58.0235 P
[ReportManager] File Action [getAbsolutePath] successfully performed. With the following test data [Relative Folder Path: "target/downloadedFiles/"]. @12-02-2021 17:47:58.0237 PM
[ReportManager] Attempting to run remotely on: [Linux-64], [GoogleChrome], [http://localhost:4444/wd/hub], Headless Execution. @12-02-2021 17:47:58.0237 PM
[ReportManager] Successfully Opened [GoogleChrome]. @12-02-2021 17:47:58.0505 P

################################################################################################################################################
Starting Execution:	[82 out of 134] test cases in the current suite
Test Method:		[testPackage01.Test_dragAndDrop.dragAndDropJquery]
################################################################################################################################################
[ReportManager] Target URL: [https://jqueryui.com/resources/demos/droppable/default.html] @12-02-2021 17:47:58.0521 PM
[ReportManager] Initial URL: [data:,] @12-02-2021 17:47:58.0565 PM
[ReportManager] Browser Action [navigateToURL] successfully performed. With the following test data [https://jqueryui.com/resources/demos/droppable/default.html]. @12-02-2021 17:47:58.0928 PM
[ReportManager] Element Action [getText] successfully performed. With the following test data [Drop here]. @12-02-2021 17:47:59.0018 PM
[ReportManager] Element Action [dragAndDrop] successfully performed. With the following test data [Start point: (8, 18), End point: (8, 18)]. @12-02-2021 17:48:00.0326 PM
[ReportManager] Element Action [getText] successfully performed. With the following test data [Dropped!]. @12-02-2021 17:48:00.0415 PM
[ReportManager] Checking to see if the text has changed after performing drag and drop... @12-02-2021 17:48:00.0415 PM
[ReportManager] AssertEquals PASSED; Expected [Drop here] and Actual [Dropped!]. Comparison Type [EQUALS]. Validation Type [NEGATIVE]. @12-02-2021 17:48:00.0415 P
[ReportManager] Successfully created attachment [Selenium WebDriver Logs - server] @12-02-2021 17:48:00.0472 PM
[ReportManager] Successfully created attachment [Selenium WebDriver Logs - performance] @12-02-2021 17:48:00.0484 PM
[ReportManager] Successfully created attachment [Selenium WebDriver Logs - driver] @12-02-2021 17:48:00.0552 PM
[ReportManager] Browser Action [closeCurrentWindow] successfully performed. @12-02-2021 17:48:00.0610 PM
[ReportManager] Successfully created attachment [Browser Action Test Data - closeCurrentWindow - Actual Value] @12-02-2021 17:48:00.0610 P
[ReportManager] File Action [getAbsolutePath] successfully performed. With the following test data [Relative Folder Path: "target/downloadedFiles/"]. @12-02-2021 17:48:00.0612 PM
[ReportManager] Attempting to run remotely on: [Linux-64], [GoogleChrome], [http://localhost:4444/wd/hub], Headless Execution. @12-02-2021 17:48:00.0612 PM
[ReportManager] Successfully Opened [GoogleChrome]. @12-02-2021 17:48:00.0902 P

################################################################################################################################################
Starting Execution:	[83 out of 134] test cases in the current suite
Test Method:		[testPackage01.Test_dragAndDrop.dragAndDrop]
Test Description:	[TC001 - Test Drag and Drop function.]
################################################################################################################################################
[ReportManager] Target URL: [http://the-internet.herokuapp.com/drag_and_drop] @12-02-2021 17:48:00.0919 PM
[ReportManager] Initial URL: [data:,] @12-02-2021 17:48:00.0958 PM
[ReportManager] Browser Action [navigateToURL] successfully performed. With the following test data [http://the-internet.herokuapp.com/drag_and_drop]. @12-02-2021 17:48:01.0273 PM
[ReportManager] Attempting Drag and Drop @12-02-2021 17:48:01.0273 PM
[ReportManager] Element Action [dragAndDrop] successfully performed. With the following test data [Start point: (32, 89), End point: (247, 89)]. @12-02-2021 17:48:02.0471 P
[ReportManager] Successfully created attachment [Selenium WebDriver Logs - server] @12-02-2021 17:48:02.0522 PM
[ReportManager] Successfully created attachment [Selenium WebDriver Logs - performance] @12-02-2021 17:48:02.0538 PM
[ReportManager] Successfully created attachment [Selenium WebDriver Logs - browser] @12-02-2021 17:48:02.0543 PM
[ReportManager] Successfully created attachment [Selenium WebDriver Logs - driver] @12-02-2021 17:48:02.0602 PM
[ReportManager] Browser Action [closeCurrentWindow] successfully performed. @12-02-2021 17:48:02.0658 PM
[ReportManager] Successfully created attachment [Browser Action Test Data - closeCurrentWindow - Actual Value] @12-02-2021 17:48:02.0658 P
[ReportManager] File Action [getAbsolutePath] successfully performed. With the following test data [Relative Folder Path: "target/downloadedFiles/"]. @12-02-2021 17:48:02.0660 PM
[ReportManager] Attempting to run remotely on: [Linux-64], [GoogleChrome], [http://localhost:4444/wd/hub], Headless Execution. @12-02-2021 17:48:02.0661 PM
[ReportManager] Successfully Opened [GoogleChrome]. @12-02-2021 17:48:02.0860 P

################################################################################################################################################
Starting Execution:	[84 out of 134] test cases in the current suite
Test Method:		[testPackage01.Test_dragAndDrop.dragAndDropByOffset]
Test Description:	[TC002 - Test Drag and Drop by offset function.]
################################################################################################################################################
[ReportManager] Target URL: [https://jqueryui.com/resources/demos/draggable/default.html] @12-02-2021 17:48:02.0873 PM
[ReportManager] Initial URL: [data:,] @12-02-2021 17:48:02.0919 PM
[ReportManager] Browser Action [navigateToURL] successfully performed. With the following test data [https://jqueryui.com/resources/demos/draggable/default.html]. @12-02-2021 17:48:03.0242 PM
[ReportManager] Element Action [dragAndDropByOffset] successfully performed. With the following test data [Start point: (8, 8), End point: (1008, 108)]. @12-02-2021 17:48:03.0414 P
[ReportManager] Successfully created attachment [Selenium WebDriver Logs - server] @12-02-2021 17:48:03.0456 PM
[ReportManager] Successfully created attachment [Selenium WebDriver Logs - performance] @12-02-2021 17:48:03.0468 PM
[ReportManager] Successfully created attachment [Selenium WebDriver Logs - driver] @12-02-2021 17:48:03.0518 PM
[ReportManager] Browser Action [closeCurrentWindow] successfully performed. @12-02-2021 17:48:03.0574 PM
[ReportManager] Successfully created attachment [Browser Action Test Data - closeCurrentWindow - Actual Value] @12-02-2021 17:48:03.0574 P
[ReportManager] File Action [getAbsolutePath] successfully performed. With the following test data [Relative Folder Path: "target/downloadedFiles/"]. @12-02-2021 17:48:03.0576 PM
[ReportManager] Attempting to run remotely on: [Linux-64], [GoogleChrome], [http://localhost:4444/wd/hub], Headless Execution. @12-02-2021 17:48:03.0576 PM
[ReportManager] Successfully Opened [GoogleChrome]. @12-02-2021 17:48:03.0783 P

################################################################################################################################################
Starting Execution:	[85 out of 134] test cases in the current suite
Test Method:		[testPackage01.Test_verifyEquals.test_assertElementAttribute]
################################################################################################################################################
[ReportManager] Target URL: [https://www.google.com/ncr], and after redirection: [https://www.google.com] @12-02-2021 17:48:03.0814 PM
[ReportManager] Initial URL: [data:,] @12-02-2021 17:48:03.0852 PM
[ReportManager] Browser Action [navigateToURL] successfully performed. With the following test data [https://www.google.com/ncr]. @12-02-2021 17:48:04.0573 PM
[ReportManager] Element Action [type] successfully performed. With the following test data [INC_004010050:Another SCHEDULER with the same name [Duplicate Job Name] already exists.]. @12-02-2021 17:48:06.0168 PM
[ReportManager] Element Action [getText] successfully performed. With the following test data [INC_004010050:Another SCHEDULER with the same name [Duplicate Job Name] already exists.]. @12-02-2021 17:48:06.0286 PM
[ReportManager] Loaded Shared OpenCV @12-02-2021 17:48:06.0448 PM
[ReportManager] VerifyElementAttribute PASSED; Expected [Value Should be 'INC_004010050:Another SCHEDULER with the same name \[Duplicate Job Name\] already exists.' for the 'text' attribute, element locator 'By.name: q'] and Actual [INC_004010050:Another SCHEDULER with the same name [Duplicate Job Name] already exists.]. Comparison Type [MATCHES]. Validation Type [POSITIVE]. @12-02-2021 17:48:06.0516 PM
[ReportManager] Successfully created attachment [Screenshot - 1613152086448_test_assertElementAttribute_VerifyElementAttribute_passed] @12-02-2021 17:48:06.0516 P
[ReportManager] Successfully created attachment [Selenium WebDriver Logs - server] @12-02-2021 17:48:06.0585 PM
[ReportManager] Successfully created attachment [Selenium WebDriver Logs - performance] @12-02-2021 17:48:06.0878 PM
[ReportManager] Successfully created attachment [Selenium WebDriver Logs - driver] @12-02-2021 17:48:07.0172 PM
[ReportManager] Browser Action [closeCurrentWindow] successfully performed. @12-02-2021 17:48:07.0233 PM
[ReportManager] Successfully created attachment [Browser Action Test Data - closeCurrentWindow - Actual Value] @12-02-2021 17:48:07.0233 P

################################################################################################################################################
Starting Execution:	[86 out of 134] test cases in the current suite
Test Method:		[testPackage01.Test_NewValidationActions.f1]
################################################################################################################################################
[ReportManager] Checking valid user data... @12-02-2021 17:48:07.0240 PM
[ReportManager] AssertEquals PASSED; Expected and Actual values are attached. Comparison Type [EQUALS]. Validation Type [POSITIVE]. @12-02-2021 17:48:07.0240 PM
[ReportManager] Successfully created attachment [Validation Test Data - Expected Value] @12-02-2021 17:48:07.0240 PM
[ReportManager] Successfully created attachment [Validation Test Data - Actual Value] @12-02-2021 17:48:07.0241 P
[ReportManager] File Action [getAbsolutePath] successfully performed. With the following test data [Relative Folder Path: "target/downloadedFiles/"]. @12-02-2021 17:48:07.0246 PM
[ReportManager] Attempting to run remotely on: [Linux-64], [GoogleChrome], [http://localhost:4444/wd/hub], Headless Execution. @12-02-2021 17:48:07.0246 PM
[ReportManager] Successfully Opened [GoogleChrome]. @12-02-2021 17:48:07.0475 PM
[ReportManager] Target URL: [https://the-internet.herokuapp.com/] @12-02-2021 17:48:07.0488 PM
[ReportManager] Initial URL: [data:,] @12-02-2021 17:48:07.0524 PM
[ReportManager] Browser Action [navigateToURL] successfully performed. With the following test data [https://the-internet.herokuapp.com/]. @12-02-2021 17:48:07.0861 P

################################################################################################################################################
Starting Execution:	[87 out of 134] test cases in the current suite
Test Method:		[testPackage01.Test_NewValidationActions.f10]
################################################################################################################################################
[ReportManager] AssertElementExists FAILED; Expected [Element Should Exist, locator 'By.tagName: div'] and Actual [Element Exists but is not unique]. Comparison Type [EQUALS]. Validation Type [POSITIVE]. @12-02-2021 17:48:08.0083 PM
[ReportManager] Successfully created attachment [Screenshot - 1613152088021_f10_AssertElementExists_failed] @12-02-2021 17:48:08.0084 P
[ReportManager] Successfully created attachment [Selenium WebDriver Logs - server] @12-02-2021 17:48:08.0093 PM
[ReportManager] Successfully created attachment [Selenium WebDriver Logs - performance] @12-02-2021 17:48:08.0110 PM
[ReportManager] Successfully created attachment [Selenium WebDriver Logs - browser] @12-02-2021 17:48:08.0116 PM
[ReportManager] Successfully created attachment [Selenium WebDriver Logs - driver] @12-02-2021 17:48:08.0173 PM
[ReportManager] Successfully Closed All Browsers. @12-02-2021 17:48:08.0247 P
[ReportManager] File Action [getAbsolutePath] successfully performed. With the following test data [Relative Folder Path: "target/downloadedFiles/"]. @12-02-2021 17:48:08.0250 PM
[ReportManager] Attempting to run remotely on: [Linux-64], [GoogleChrome], [http://localhost:4444/wd/hub], Headless Execution. @12-02-2021 17:48:08.0250 PM
[ReportManager] Successfully Opened [GoogleChrome]. @12-02-2021 17:48:08.0460 PM
[ReportManager] Target URL: [https://the-internet.herokuapp.com/] @12-02-2021 17:48:08.0492 PM
[ReportManager] Initial URL: [data:,] @12-02-2021 17:48:08.0533 PM
[ReportManager] Browser Action [navigateToURL] successfully performed. With the following test data [https://the-internet.herokuapp.com/]. @12-02-2021 17:48:08.0855 P

################################################################################################################################################
Starting Execution:	[88 out of 134] test cases in the current suite
Test Method:		[testPackage01.Test_NewValidationActions.f11]
################################################################################################################################################
[ReportManager] Checking that false tag doesn't exist... @12-02-2021 17:48:08.0862 PM
[ReportManager] AssertElementExists PASSED; Expected [Element Should not Exist, locator 'By.tagName: h3'] and Actual [Element Doesn't Exists]. Comparison Type [EQUALS]. Validation Type [NEGATIVE]. @12-02-2021 17:48:09.0080 PM
[ReportManager] Successfully created attachment [Screenshot - 1613152089024_f11_AssertElementExists_passed] @12-02-2021 17:48:09.0080 P
[ReportManager] Successfully created attachment [Selenium WebDriver Logs - server] @12-02-2021 17:48:09.0092 PM
[ReportManager] Successfully created attachment [Selenium WebDriver Logs - performance] @12-02-2021 17:48:09.0108 PM
[ReportManager] Successfully created attachment [Selenium WebDriver Logs - browser] @12-02-2021 17:48:09.0113 PM
[ReportManager] Successfully created attachment [Selenium WebDriver Logs - driver] @12-02-2021 17:48:09.0173 PM
[ReportManager] Successfully Closed All Browsers. @12-02-2021 17:48:09.0251 P
[ReportManager] File Action [getAbsolutePath] successfully performed. With the following test data [Relative Folder Path: "target/downloadedFiles/"]. @12-02-2021 17:48:09.0252 PM
[ReportManager] Attempting to run remotely on: [Linux-64], [GoogleChrome], [http://localhost:4444/wd/hub], Headless Execution. @12-02-2021 17:48:09.0252 PM
[ReportManager] Successfully Opened [GoogleChrome]. @12-02-2021 17:48:09.0434 PM
[ReportManager] Target URL: [https://the-internet.herokuapp.com/] @12-02-2021 17:48:09.0452 PM
[ReportManager] Initial URL: [data:,] @12-02-2021 17:48:09.0498 PM
[ReportManager] Browser Action [navigateToURL] successfully performed. With the following test data [https://the-internet.herokuapp.com/]. @12-02-2021 17:48:09.0828 P

################################################################################################################################################
Starting Execution:	[89 out of 134] test cases in the current suite
Test Method:		[testPackage01.Test_NewValidationActions.f12]
################################################################################################################################################
[ReportManager] Loaded Shared OpenCV @12-02-2021 17:48:10.0003 PM
[ReportManager] AssertElementExists FAILED; Expected [Element Should not Exist, locator 'By.tagName: h1'] and Actual [Element Exists]. Comparison Type [EQUALS]. Validation Type [NEGATIVE]. @12-02-2021 17:48:10.0073 PM
[ReportManager] Successfully created attachment [Screenshot - 1613152090003_f12_AssertElementExists_failed] @12-02-2021 17:48:10.0073 P
[ReportManager] Successfully created attachment [Selenium WebDriver Logs - server] @12-02-2021 17:48:10.0084 PM
[ReportManager] Successfully created attachment [Selenium WebDriver Logs - performance] @12-02-2021 17:48:10.0099 PM
[ReportManager] Successfully created attachment [Selenium WebDriver Logs - browser] @12-02-2021 17:48:10.0104 PM
[ReportManager] Successfully created attachment [Selenium WebDriver Logs - driver] @12-02-2021 17:48:10.0147 PM
[ReportManager] Successfully Closed All Browsers. @12-02-2021 17:48:10.0218 P
[ReportManager] File Action [getAbsolutePath] successfully performed. With the following test data [Relative Folder Path: "target/downloadedFiles/"]. @12-02-2021 17:48:10.0220 PM
[ReportManager] Attempting to run remotely on: [Linux-64], [GoogleChrome], [http://localhost:4444/wd/hub], Headless Execution. @12-02-2021 17:48:10.0221 PM
[ReportManager] Successfully Opened [GoogleChrome]. @12-02-2021 17:48:10.0396 PM
[ReportManager] Target URL: [https://the-internet.herokuapp.com/] @12-02-2021 17:48:10.0405 PM
[ReportManager] Initial URL: [data:,] @12-02-2021 17:48:10.0441 PM
[ReportManager] Browser Action [navigateToURL] successfully performed. With the following test data [https://the-internet.herokuapp.com/]. @12-02-2021 17:48:10.0760 P

################################################################################################################################################
Starting Execution:	[90 out of 134] test cases in the current suite
Test Method:		[testPackage01.Test_NewValidationActions.f13]
################################################################################################################################################
[ReportManager] AssertElementExists FAILED; Expected [Element Should not Exist, locator 'By.tagName: div'] and Actual [Element Exists but is not unique]. Comparison Type [EQUALS]. Validation Type [NEGATIVE]. @12-02-2021 17:48:10.0988 PM
[ReportManager] Successfully created attachment [Screenshot - 1613152090933_f13_AssertElementExists_failed] @12-02-2021 17:48:10.0988 P
[ReportManager] Successfully created attachment [Selenium WebDriver Logs - server] @12-02-2021 17:48:11.0001 PM
[ReportManager] Successfully created attachment [Selenium WebDriver Logs - performance] @12-02-2021 17:48:11.0025 PM
[ReportManager] Successfully created attachment [Selenium WebDriver Logs - browser] @12-02-2021 17:48:11.0031 PM
[ReportManager] Successfully created attachment [Selenium WebDriver Logs - driver] @12-02-2021 17:48:11.0088 PM
[ReportManager] Successfully Closed All Browsers. @12-02-2021 17:48:11.0165 P
[ReportManager] File Action [getAbsolutePath] successfully performed. With the following test data [Relative Folder Path: "target/downloadedFiles/"]. @12-02-2021 17:48:11.0167 PM
[ReportManager] Attempting to run remotely on: [Linux-64], [GoogleChrome], [http://localhost:4444/wd/hub], Headless Execution. @12-02-2021 17:48:11.0168 PM
[ReportManager] Successfully Opened [GoogleChrome]. @12-02-2021 17:48:11.0353 PM
[ReportManager] Target URL: [https://the-internet.herokuapp.com/] @12-02-2021 17:48:11.0362 PM
[ReportManager] Initial URL: [data:,] @12-02-2021 17:48:11.0396 PM
[ReportManager] Browser Action [navigateToURL] successfully performed. With the following test data [https://the-internet.herokuapp.com/]. @12-02-2021 17:48:11.0726 P

################################################################################################################################################
Starting Execution:	[91 out of 134] test cases in the current suite
Test Method:		[testPackage01.Test_NewValidationActions.f14]
################################################################################################################################################
[ReportManager] Asserting that the header text is correct... @12-02-2021 17:48:11.0728 PM
[ReportManager] Element Action [getText] successfully performed. With the following test data [Welcome to the-internet]. @12-02-2021 17:48:11.0818 PM
[ReportManager] Loaded Shared OpenCV @12-02-2021 17:48:11.0955 PM
[ReportManager] AssertElementAttribute PASSED; Expected [Value Should be 'Welcome to the-internet' for the 'text' attribute, element locator 'By.tagName: h1'] and Actual [Welcome to the-internet]. Comparison Type [EQUALS]. Validation Type [POSITIVE]. @12-02-2021 17:48:12.0085 PM
[ReportManager] Successfully created attachment [Screenshot - 1613152091955_f14_AssertElementAttribute_passed] @12-02-2021 17:48:12.0086 P
[ReportManager] Successfully created attachment [Selenium WebDriver Logs - server] @12-02-2021 17:48:12.0097 PM
[ReportManager] Successfully created attachment [Selenium WebDriver Logs - performance] @12-02-2021 17:48:12.0113 PM
[ReportManager] Successfully created attachment [Selenium WebDriver Logs - browser] @12-02-2021 17:48:12.0122 PM
[ReportManager] Successfully created attachment [Selenium WebDriver Logs - driver] @12-02-2021 17:48:12.0170 PM
[ReportManager] Successfully Closed All Browsers. @12-02-2021 17:48:12.0238 P
[ReportManager] File Action [getAbsolutePath] successfully performed. With the following test data [Relative Folder Path: "target/downloadedFiles/"]. @12-02-2021 17:48:12.0240 PM
[ReportManager] Attempting to run remotely on: [Linux-64], [GoogleChrome], [http://localhost:4444/wd/hub], Headless Execution. @12-02-2021 17:48:12.0240 PM
[ReportManager] Successfully Opened [GoogleChrome]. @12-02-2021 17:48:12.0432 PM
[ReportManager] Target URL: [https://the-internet.herokuapp.com/] @12-02-2021 17:48:12.0456 PM
[ReportManager] Initial URL: [data:,] @12-02-2021 17:48:12.0491 PM
[ReportManager] Browser Action [navigateToURL] successfully performed. With the following test data [https://the-internet.herokuapp.com/]. @12-02-2021 17:48:12.0812 P

################################################################################################################################################
Starting Execution:	[92 out of 134] test cases in the current suite
Test Method:		[testPackage01.Test_NewValidationActions.f15]
################################################################################################################################################
[ReportManager] Element Action [getText] successfully performed. With the following test data [Welcome to the-internet]. @12-02-2021 17:48:12.0903 PM
[ReportManager] Loaded Shared OpenCV @12-02-2021 17:48:13.0030 PM
[ReportManager] AssertElementAttribute FAILED; Expected [Value Should not be 'Welcome' for the 'text' attribute, element locator 'By.tagName: h1'] and Actual [Welcome to the-internet]. Comparison Type [CONTAINS]. Validation Type [NEGATIVE]. @12-02-2021 17:48:13.0101 PM
[ReportManager] Successfully created attachment [Screenshot - 1613152093030_f15_AssertElementAttribute_failed] @12-02-2021 17:48:13.0102 P
[ReportManager] Successfully created attachment [Selenium WebDriver Logs - server] @12-02-2021 17:48:13.0114 PM
[ReportManager] Successfully created attachment [Selenium WebDriver Logs - performance] @12-02-2021 17:48:13.0130 PM
[ReportManager] Successfully created attachment [Selenium WebDriver Logs - browser] @12-02-2021 17:48:13.0139 PM
[ReportManager] Successfully created attachment [Selenium WebDriver Logs - driver] @12-02-2021 17:48:13.0184 PM
[ReportManager] Successfully Closed All Browsers. @12-02-2021 17:48:13.0259 P
[ReportManager] File Action [getAbsolutePath] successfully performed. With the following test data [Relative Folder Path: "target/downloadedFiles/"]. @12-02-2021 17:48:13.0261 PM
[ReportManager] Attempting to run remotely on: [Linux-64], [GoogleChrome], [http://localhost:4444/wd/hub], Headless Execution. @12-02-2021 17:48:13.0261 PM
[ReportManager] Successfully Opened [GoogleChrome]. @12-02-2021 17:48:13.0433 PM
[ReportManager] Target URL: [https://the-internet.herokuapp.com/] @12-02-2021 17:48:13.0443 PM
[ReportManager] Initial URL: [data:,] @12-02-2021 17:48:13.0478 PM
[ReportManager] Browser Action [navigateToURL] successfully performed. With the following test data [https://the-internet.herokuapp.com/]. @12-02-2021 17:48:13.0795 P

################################################################################################################################################
Starting Execution:	[93 out of 134] test cases in the current suite
Test Method:		[testPackage01.Test_NewValidationActions.f16]
################################################################################################################################################
[ReportManager] Element Action [identifyUniqueElement] failed. With the following test data [zero elements found matching this locator "By.tagName: h3".]. @12-02-2021 17:48:13.0975 PM
[ReportManager] Successfully created attachment [Screenshot - 1613152093921_f16_identifyUniqueElement_failed] @12-02-2021 17:48:13.0976 PM
[ReportManager] AssertElementAttribute FAILED; Expected [Value Should not be 'Welcome' for the 'text' attribute, element locator 'By.tagName: h3'] and Actual [Failed to read the desired element attribute]. Comparison Type [CONTAINS]. Validation Type [NEGATIVE]. @12-02-2021 17:48:13.0976 P
[ReportManager] Successfully created attachment [Selenium WebDriver Logs - server] @12-02-2021 17:48:13.0987 PM
[ReportManager] Successfully created attachment [Selenium WebDriver Logs - performance] @12-02-2021 17:48:14.0014 PM
[ReportManager] Successfully created attachment [Selenium WebDriver Logs - browser] @12-02-2021 17:48:14.0019 PM
[ReportManager] Successfully created attachment [Selenium WebDriver Logs - driver] @12-02-2021 17:48:14.0062 PM
[ReportManager] Successfully Closed All Browsers. @12-02-2021 17:48:14.0141 P
[ReportManager] File Action [getAbsolutePath] successfully performed. With the following test data [Relative Folder Path: "target/downloadedFiles/"]. @12-02-2021 17:48:14.0143 PM
[ReportManager] Attempting to run remotely on: [Linux-64], [GoogleChrome], [http://localhost:4444/wd/hub], Headless Execution. @12-02-2021 17:48:14.0143 PM
[ReportManager] Successfully Opened [GoogleChrome]. @12-02-2021 17:48:14.0352 PM
[ReportManager] Target URL: [https://the-internet.herokuapp.com/] @12-02-2021 17:48:14.0365 PM
[ReportManager] Initial URL: [data:,] @12-02-2021 17:48:14.0409 PM
[ReportManager] Browser Action [navigateToURL] successfully performed. With the following test data [https://the-internet.herokuapp.com/]. @12-02-2021 17:48:14.0719 P

################################################################################################################################################
Starting Execution:	[94 out of 134] test cases in the current suite
Test Method:		[testPackage01.Test_NewValidationActions.f17]
################################################################################################################################################
[ReportManager] Attempting to getAttribute [text2] from elementLocator [By.tagName: h1]. @12-02-2021 17:48:14.0755 PM
[ReportManager] Element Action [getAttribute] successfully performed. @12-02-2021 17:48:14.0829 PM
[ReportManager] Loaded Shared OpenCV @12-02-2021 17:48:14.0953 PM
[ReportManager] AssertElementAttribute PASSED; Expected [Value Should not be 'Welcome' for the 'text2' attribute, element locator 'By.tagName: h1'] and Actual [null]. Comparison Type [CONTAINS]. Validation Type [NEGATIVE]. @12-02-2021 17:48:15.0026 PM
[ReportManager] Successfully created attachment [Screenshot - 1613152094953_f17_AssertElementAttribute_passed] @12-02-2021 17:48:15.0026 P
[ReportManager] Successfully created attachment [Selenium WebDriver Logs - server] @12-02-2021 17:48:15.0036 PM
[ReportManager] Successfully created attachment [Selenium WebDriver Logs - performance] @12-02-2021 17:48:15.0050 PM
[ReportManager] Successfully created attachment [Selenium WebDriver Logs - browser] @12-02-2021 17:48:15.0055 PM
[ReportManager] Successfully created attachment [Selenium WebDriver Logs - driver] @12-02-2021 17:48:15.0097 PM
[ReportManager] Successfully Closed All Browsers. @12-02-2021 17:48:15.0170 P
[ReportManager] File Action [getAbsolutePath] successfully performed. With the following test data [Relative Folder Path: "target/downloadedFiles/"]. @12-02-2021 17:48:15.0174 PM
[ReportManager] Attempting to run remotely on: [Linux-64], [GoogleChrome], [http://localhost:4444/wd/hub], Headless Execution. @12-02-2021 17:48:15.0174 PM
[ReportManager] Successfully Opened [GoogleChrome]. @12-02-2021 17:48:15.0341 PM
[ReportManager] Target URL: [https://the-internet.herokuapp.com/] @12-02-2021 17:48:15.0351 PM
[ReportManager] Initial URL: [data:,] @12-02-2021 17:48:15.0387 PM
[ReportManager] Browser Action [navigateToURL] successfully performed. With the following test data [https://the-internet.herokuapp.com/]. @12-02-2021 17:48:15.0707 P

################################################################################################################################################
Starting Execution:	[95 out of 134] test cases in the current suite
Test Method:		[testPackage01.Test_NewValidationActions.f18]
################################################################################################################################################
[ReportManager] Element Action [getText] successfully performed. With the following test data [Welcome to the-internet]. @12-02-2021 17:48:15.0791 PM
[ReportManager] Loaded Shared OpenCV @12-02-2021 17:48:15.0914 PM
[ReportManager] AssertElementAttribute PASSED; Expected [Value Should not be 'no' for the 'text' attribute, element locator 'By.tagName: h1'] and Actual [Welcome to the-internet]. Comparison Type [CONTAINS]. Validation Type [NEGATIVE]. @12-02-2021 17:48:15.0982 PM
[ReportManager] Successfully created attachment [Screenshot - 1613152095914_f18_AssertElementAttribute_passed] @12-02-2021 17:48:15.0983 P
[ReportManager] Successfully created attachment [Selenium WebDriver Logs - server] @12-02-2021 17:48:15.0995 PM
[ReportManager] Successfully created attachment [Selenium WebDriver Logs - performance] @12-02-2021 17:48:16.0014 PM
[ReportManager] Successfully created attachment [Selenium WebDriver Logs - browser] @12-02-2021 17:48:16.0020 PM
[ReportManager] Successfully created attachment [Selenium WebDriver Logs - driver] @12-02-2021 17:48:16.0065 PM
[ReportManager] Successfully Closed All Browsers. @12-02-2021 17:48:16.0136 P
[ReportManager] File Action [getAbsolutePath] successfully performed. With the following test data [Relative Folder Path: "target/downloadedFiles/"]. @12-02-2021 17:48:16.0138 PM
[ReportManager] Attempting to run remotely on: [Linux-64], [GoogleChrome], [http://localhost:4444/wd/hub], Headless Execution. @12-02-2021 17:48:16.0138 PM
[ReportManager] Successfully Opened [GoogleChrome]. @12-02-2021 17:48:16.0327 PM
[ReportManager] Target URL: [https://the-internet.herokuapp.com/] @12-02-2021 17:48:16.0337 PM
[ReportManager] Initial URL: [data:,] @12-02-2021 17:48:16.0385 PM
[ReportManager] Browser Action [navigateToURL] successfully performed. With the following test data [https://the-internet.herokuapp.com/]. @12-02-2021 17:48:16.0774 P

################################################################################################################################################
Starting Execution:	[96 out of 134] test cases in the current suite
Test Method:		[testPackage01.Test_NewValidationActions.f19]
################################################################################################################################################
[ReportManager] Element Action [getTagName] successfully performed. With the following test data [h1]. @12-02-2021 17:48:16.0865 PM
[ReportManager] Loaded Shared OpenCV @12-02-2021 17:48:17.0002 PM
[ReportManager] AssertElementAttribute PASSED; Expected [Value Should be 'h' for the 'tagname' attribute, element locator 'By.tagName: h1'] and Actual [h1]. Comparison Type [CONTAINS]. Validation Type [POSITIVE]. @12-02-2021 17:48:17.0068 PM
[ReportManager] Successfully created attachment [Screenshot - 1613152097002_f19_AssertElementAttribute_passed] @12-02-2021 17:48:17.0068 P
[ReportManager] Successfully created attachment [Selenium WebDriver Logs - server] @12-02-2021 17:48:17.0079 PM
[ReportManager] Successfully created attachment [Selenium WebDriver Logs - performance] @12-02-2021 17:48:17.0095 PM
[ReportManager] Successfully created attachment [Selenium WebDriver Logs - browser] @12-02-2021 17:48:17.0105 PM
[ReportManager] Successfully created attachment [Selenium WebDriver Logs - driver] @12-02-2021 17:48:17.0148 PM
[ReportManager] Successfully Closed All Browsers. @12-02-2021 17:48:17.0223 P

################################################################################################################################################
Starting Execution:	[97 out of 134] test cases in the current suite
Test Method:		[testPackage01.Test_NewValidationActions.f2]
################################################################################################################################################
[ReportManager] Checking valid user data... @12-02-2021 17:48:17.0228 PM
[ReportManager] AssertEquals FAILED; Expected [1] and Actual [2]. Comparison Type [EQUALS]. Validation Type [POSITIVE]. @12-02-2021 17:48:17.0228 P
[ReportManager] File Action [getAbsolutePath] successfully performed. With the following test data [Relative Folder Path: "target/downloadedFiles/"]. @12-02-2021 17:48:17.0231 PM
[ReportManager] Attempting to run remotely on: [Linux-64], [GoogleChrome], [http://localhost:4444/wd/hub], Headless Execution. @12-02-2021 17:48:17.0231 PM
[ReportManager] Successfully Opened [GoogleChrome]. @12-02-2021 17:48:17.0401 PM
[ReportManager] Target URL: [https://the-internet.herokuapp.com/] @12-02-2021 17:48:17.0410 PM
[ReportManager] Initial URL: [data:,] @12-02-2021 17:48:17.0448 PM
[ReportManager] Browser Action [navigateToURL] successfully performed. With the following test data [https://the-internet.herokuapp.com/]. @12-02-2021 17:48:17.0779 P

################################################################################################################################################
Starting Execution:	[98 out of 134] test cases in the current suite
Test Method:		[testPackage01.Test_NewValidationActions.f20]
################################################################################################################################################
[ReportManager] Element Action [getSize] successfully performed. With the following test data [(755, 61)]. @12-02-2021 17:48:17.0860 PM
[ReportManager] Loaded Shared OpenCV @12-02-2021 17:48:17.0982 PM
[ReportManager] AssertElementAttribute PASSED; Expected [Value Should not be 'a' for the 'size' attribute, element locator 'By.tagName: h1'] and Actual [(755, 61)]. Comparison Type [CONTAINS]. Validation Type [NEGATIVE]. @12-02-2021 17:48:18.0057 PM
[ReportManager] Successfully created attachment [Screenshot - 1613152097982_f20_AssertElementAttribute_passed] @12-02-2021 17:48:18.0057 P
[ReportManager] Successfully created attachment [Selenium WebDriver Logs - server] @12-02-2021 17:48:18.0067 PM
[ReportManager] Successfully created attachment [Selenium WebDriver Logs - performance] @12-02-2021 17:48:18.0083 PM
[ReportManager] Successfully created attachment [Selenium WebDriver Logs - browser] @12-02-2021 17:48:18.0088 PM
[ReportManager] Successfully created attachment [Selenium WebDriver Logs - driver] @12-02-2021 17:48:18.0132 PM
[ReportManager] Successfully Closed All Browsers. @12-02-2021 17:48:18.0204 P
[ReportManager] File Action [getAbsolutePath] successfully performed. With the following test data [Relative Folder Path: "target/downloadedFiles/"]. @12-02-2021 17:48:18.0206 PM
[ReportManager] Attempting to run remotely on: [Linux-64], [GoogleChrome], [http://localhost:4444/wd/hub], Headless Execution. @12-02-2021 17:48:18.0207 PM
[ReportManager] Successfully Opened [GoogleChrome]. @12-02-2021 17:48:18.0397 PM
[ReportManager] Target URL: [https://the-internet.herokuapp.com/] @12-02-2021 17:48:18.0413 PM
[ReportManager] Initial URL: [data:,] @12-02-2021 17:48:18.0451 PM
[ReportManager] Browser Action [navigateToURL] successfully performed. With the following test data [https://the-internet.herokuapp.com/]. @12-02-2021 17:48:18.0846 P

################################################################################################################################################
Starting Execution:	[99 out of 134] test cases in the current suite
Test Method:		[testPackage01.Test_NewValidationActions.f21]
################################################################################################################################################
[ReportManager] Element Action [identifyUniqueElement] failed. With the following test data [zero elements found matching this locator "By.tagName: h3".]. @12-02-2021 17:48:19.0029 PM
[ReportManager] Successfully created attachment [Screenshot - 1613152098972_f21_identifyUniqueElement_failed] @12-02-2021 17:48:19.0030 PM
[ReportManager] AssertElementAttribute FAILED; Expected [Value Should be 'Welcome' for the 'text' attribute, element locator 'By.tagName: h3'] and Actual [Failed to read the desired element attribute]. Comparison Type [CONTAINS]. Validation Type [POSITIVE]. @12-02-2021 17:48:19.0030 P
[ReportManager] Successfully created attachment [Selenium WebDriver Logs - server] @12-02-2021 17:48:19.0044 PM
[ReportManager] Successfully created attachment [Selenium WebDriver Logs - performance] @12-02-2021 17:48:19.0061 PM
[ReportManager] Successfully created attachment [Selenium WebDriver Logs - browser] @12-02-2021 17:48:19.0066 PM
[ReportManager] Successfully created attachment [Selenium WebDriver Logs - driver] @12-02-2021 17:48:19.0114 PM
[ReportManager] Successfully Closed All Browsers. @12-02-2021 17:48:19.0232 P
[ReportManager] File Action [getAbsolutePath] successfully performed. With the following test data [Relative Folder Path: "target/downloadedFiles/"]. @12-02-2021 17:48:19.0234 PM
[ReportManager] Attempting to run remotely on: [Linux-64], [GoogleChrome], [http://localhost:4444/wd/hub], Headless Execution. @12-02-2021 17:48:19.0234 PM
[ReportManager] Successfully Opened [GoogleChrome]. @12-02-2021 17:48:19.0466 PM
[ReportManager] Target URL: [https://the-internet.herokuapp.com/] @12-02-2021 17:48:19.0480 PM
[ReportManager] Initial URL: [data:,] @12-02-2021 17:48:19.0516 PM
[ReportManager] Browser Action [navigateToURL] successfully performed. With the following test data [https://the-internet.herokuapp.com/]. @12-02-2021 17:48:19.0835 P

################################################################################################################################################
Starting Execution:	[100 out of 134] test cases in the current suite
Test Method:		[testPackage01.Test_NewValidationActions.f22]
################################################################################################################################################
[ReportManager] Element Action [getText] successfully performed. With the following test data [Welcome to the-internet]. @12-02-2021 17:48:19.0930 PM
[ReportManager] Loaded Shared OpenCV @12-02-2021 17:48:20.0073 PM
[ReportManager] AssertElementAttribute FAILED; Expected [Value Should be 'yyy' for the 'text' attribute, element locator 'By.tagName: h1'] and Actual [Welcome to the-internet]. Comparison Type [CONTAINS]. Validation Type [POSITIVE]. @12-02-2021 17:48:20.0139 PM
[ReportManager] Successfully created attachment [Screenshot - 1613152100073_f22_AssertElementAttribute_failed] @12-02-2021 17:48:20.0140 P
[ReportManager] Successfully created attachment [Selenium WebDriver Logs - server] @12-02-2021 17:48:20.0152 PM
[ReportManager] Successfully created attachment [Selenium WebDriver Logs - performance] @12-02-2021 17:48:20.0168 PM
[ReportManager] Successfully created attachment [Selenium WebDriver Logs - browser] @12-02-2021 17:48:20.0173 PM
[ReportManager] Successfully created attachment [Selenium WebDriver Logs - driver] @12-02-2021 17:48:20.0217 PM
[ReportManager] Successfully Closed All Browsers. @12-02-2021 17:48:20.0335 P

################################################################################################################################################
Starting Execution:	[101 out of 134] test cases in the current suite
Test Method:		[testPackage01.Test_NewValidationActions.f23]
################################################################################################################################################
[ReportManager] confirming that the actual is greater than or equal to the expected... @12-02-2021 17:48:20.0339 PM
[ReportManager] AssertComparativeRelation PASSED; Expected [1] and Actual [1]. Comparison Type [GREATER_THAN_OR_EQUALS]. Validation Type [POSITIVE]. @12-02-2021 17:48:20.0339 P

################################################################################################################################################
Starting Execution:	[102 out of 134] test cases in the current suite
Test Method:		[testPackage01.Test_NewValidationActions.f24]
################################################################################################################################################
[ReportManager] AssertComparativeRelation PASSED; Expected [1] and Actual [10]. Comparison Type [GREATER_THAN_OR_EQUALS]. Validation Type [POSITIVE]. @12-02-2021 17:48:20.0342 P

################################################################################################################################################
Starting Execution:	[103 out of 134] test cases in the current suite
Test Method:		[testPackage01.Test_NewValidationActions.f25]
################################################################################################################################################
[ReportManager] AssertComparativeRelation PASSED; Expected [1] and Actual [1]. Comparison Type [EQUALS]. Validation Type [POSITIVE]. @12-02-2021 17:48:20.0345 P

################################################################################################################################################
Starting Execution:	[104 out of 134] test cases in the current suite
Test Method:		[testPackage01.Test_NewValidationActions.f26]
################################################################################################################################################
[ReportManager] AssertComparativeRelation PASSED; Expected [1] and Actual [5]. Comparison Type [GREATER_THAN]. Validation Type [POSITIVE]. @12-02-2021 17:48:20.0347 P

################################################################################################################################################
Starting Execution:	[105 out of 134] test cases in the current suite
Test Method:		[testPackage01.Test_NewValidationActions.f27]
################################################################################################################################################
[ReportManager] AssertComparativeRelation PASSED; Expected [11] and Actual [5]. Comparison Type [LESS_THAN]. Validation Type [POSITIVE]. @12-02-2021 17:48:20.0350 P

################################################################################################################################################
Starting Execution:	[106 out of 134] test cases in the current suite
Test Method:		[testPackage01.Test_NewValidationActions.f28]
################################################################################################################################################
[ReportManager] AssertComparativeRelation PASSED; Expected [11] and Actual [5]. Comparison Type [LESS_THAN_OR_EQUALS]. Validation Type [POSITIVE]. @12-02-2021 17:48:20.0351 P

################################################################################################################################################
Starting Execution:	[107 out of 134] test cases in the current suite
Test Method:		[testPackage01.Test_NewValidationActions.f29]
################################################################################################################################################
[ReportManager] AssertComparativeRelation PASSED; Expected [11] and Actual [11]. Comparison Type [LESS_THAN_OR_EQUALS]. Validation Type [POSITIVE]. @12-02-2021 17:48:20.0353 P

################################################################################################################################################
Starting Execution:	[108 out of 134] test cases in the current suite
Test Method:		[testPackage01.Test_NewValidationActions.f3]
################################################################################################################################################
[ReportManager] AssertEquals PASSED; Expected [1] and Actual [2]. Comparison Type [EQUALS]. Validation Type [NEGATIVE]. @12-02-2021 17:48:20.0354 P

################################################################################################################################################
Starting Execution:	[109 out of 134] test cases in the current suite
Test Method:		[testPackage01.Test_NewValidationActions.f30]
################################################################################################################################################
[ReportManager] AssertComparativeRelation FAILED; Expected [-9] and Actual [11]. Comparison Type [LESS_THAN_OR_EQUALS]. Validation Type [POSITIVE]. @12-02-2021 17:48:20.0355 P

################################################################################################################################################
Starting Execution:	[110 out of 134] test cases in the current suite
Test Method:		[testPackage01.Test_NewValidationActions.f31]
################################################################################################################################################
[ReportManager] AssertTrue PASSED; Expected [TRUE] and Actual [TRUE]. Validation Type [POSITIVE]. @12-02-2021 17:48:20.0357 P

################################################################################################################################################
Starting Execution:	[111 out of 134] test cases in the current suite
Test Method:		[testPackage01.Test_NewValidationActions.f32]
################################################################################################################################################
[ReportManager] AssertTrue PASSED; Expected [FALSE] and Actual [FALSE]. Validation Type [NEGATIVE]. @12-02-2021 17:48:20.0358 P

################################################################################################################################################
Starting Execution:	[112 out of 134] test cases in the current suite
Test Method:		[testPackage01.Test_NewValidationActions.f33]
################################################################################################################################################
[ReportManager] AssertTrue FAILED; Expected [FALSE] and Actual [TRUE]. Validation Type [NEGATIVE]. @12-02-2021 17:48:20.0360 P

################################################################################################################################################
Starting Execution:	[113 out of 134] test cases in the current suite
Test Method:		[testPackage01.Test_NewValidationActions.f34]
################################################################################################################################################
[ReportManager] AssertTrue FAILED; Expected [TRUE] and Actual [FALSE]. Validation Type [POSITIVE]. @12-02-2021 17:48:20.0361 P

################################################################################################################################################
Starting Execution:	[114 out of 134] test cases in the current suite
Test Method:		[testPackage01.Test_NewValidationActions.f35]
################################################################################################################################################
[ReportManager] File Action [doesFileExist] successfully performed. With the following test data [File Path: "pom.xml"]. @12-02-2021 17:48:20.0362 PM
[ReportManager] AssertFileExists PASSED; Expected [File 'pom.xml' should exist, after up to '1' retries] and Actual [File exists]. Validation Type [POSITIVE]. @12-02-2021 17:48:20.0363 P

################################################################################################################################################
Starting Execution:	[115 out of 134] test cases in the current suite
Test Method:		[testPackage01.Test_NewValidationActions.f36]
################################################################################################################################################
[ReportManager] File Action [doesFileExist] successfully performed. With the following test data [File Path: "src/test/java/testPackage01/Test_NewValidationActions.java"]. @12-02-2021 17:48:20.0364 PM
[ReportManager] AssertFileExists PASSED; Expected [File 'src/test/java/testPackage01/Test_NewValidationActions.java' should exist, after up to '1' retries] and Actual [File exists]. Validation Type [POSITIVE]. @12-02-2021 17:48:20.0364 P

################################################################################################################################################
Starting Execution:	[116 out of 134] test cases in the current suite
Test Method:		[testPackage01.Test_NewValidationActions.f37]
################################################################################################################################################
[ReportManager] confirming that the file does't exist after 5 retries... @12-02-2021 17:48:20.0366 PM
[ReportManager] File Action [doesFileExist] successfully performed. With the following test data [File Path: "pom.xml"]. @12-02-2021 17:48:20.0366 PM
[ReportManager] AssertFileExists FAILED; Expected [File 'pom.xml' should not exist, after up to '5' retries] and Actual [File exists]. Validation Type [NEGATIVE]. @12-02-2021 17:48:20.0366 P

################################################################################################################################################
Starting Execution:	[117 out of 134] test cases in the current suite
Test Method:		[testPackage01.Test_NewValidationActions.f3_1]
################################################################################################################################################
[ReportManager] Checking valid user data... @12-02-2021 17:48:20.0367 PM
[ReportManager] AssertEquals PASSED; Expected [null] and Actual [null]. Comparison Type [EQUALS]. Validation Type [POSITIVE]. @12-02-2021 17:48:20.0368 P

################################################################################################################################################
Starting Execution:	[118 out of 134] test cases in the current suite
Test Method:		[testPackage01.Test_NewValidationActions.f4]
################################################################################################################################################
[ReportManager] AssertEquals PASSED; Expected [1] and Actual [123]. Comparison Type [CONTAINS]. Validation Type [POSITIVE]. @12-02-2021 17:48:20.0369 P

################################################################################################################################################
Starting Execution:	[119 out of 134] test cases in the current suite
Test Method:		[testPackage01.Test_NewValidationActions.f5]
################################################################################################################################################
[ReportManager] AssertNull PASSED; Expected [NULL] and Actual [1]. Comparison Type [EQUALS]. Validation Type [NEGATIVE]. @12-02-2021 17:48:20.0371 P

################################################################################################################################################
Starting Execution:	[120 out of 134] test cases in the current suite
Test Method:		[testPackage01.Test_NewValidationActions.f6]
################################################################################################################################################
[ReportManager] Making sure that null string is not equal to null object... @12-02-2021 17:48:20.0372 PM
[ReportManager] AssertNull FAILED; Expected [NULL] and Actual [NULL]. Comparison Type [EQUALS]. Validation Type [POSITIVE]. @12-02-2021 17:48:20.0372 P

################################################################################################################################################
Starting Execution:	[121 out of 134] test cases in the current suite
Test Method:		[testPackage01.Test_NewValidationActions.f6_1]
################################################################################################################################################
[ReportManager] AssertNull FAILED; Expected [NULL] and Actual [NULL]. Comparison Type [EQUALS]. Validation Type [NEGATIVE]. @12-02-2021 17:48:20.0374 P

################################################################################################################################################
Starting Execution:	[122 out of 134] test cases in the current suite
Test Method:		[testPackage01.Test_NewValidationActions.f6_2]
################################################################################################################################################
[ReportManager] Making sure that null string is not equal to null object... @12-02-2021 17:48:20.0375 PM
[ReportManager] AssertNull FAILED; Expected [NULL] and Actual [not null]. Comparison Type [EQUALS]. Validation Type [POSITIVE]. @12-02-2021 17:48:20.0376 P

################################################################################################################################################
Starting Execution:	[123 out of 134] test cases in the current suite
Test Method:		[testPackage01.Test_NewValidationActions.f7]
################################################################################################################################################
[ReportManager] AssertNull PASSED; Expected [NULL] and Actual [NULL]. Comparison Type [EQUALS]. Validation Type [POSITIVE]. @12-02-2021 17:48:20.0377 P
[ReportManager] File Action [getAbsolutePath] successfully performed. With the following test data [Relative Folder Path: "target/downloadedFiles/"]. @12-02-2021 17:48:20.0379 PM
[ReportManager] Attempting to run remotely on: [Linux-64], [GoogleChrome], [http://localhost:4444/wd/hub], Headless Execution. @12-02-2021 17:48:20.0379 PM
[ReportManager] Successfully Opened [GoogleChrome]. @12-02-2021 17:48:20.0573 PM
[ReportManager] Target URL: [https://the-internet.herokuapp.com/] @12-02-2021 17:48:20.0583 PM
[ReportManager] Initial URL: [data:,] @12-02-2021 17:48:20.0620 PM
[ReportManager] Browser Action [navigateToURL] successfully performed. With the following test data [https://the-internet.herokuapp.com/]. @12-02-2021 17:48:20.0933 P

################################################################################################################################################
Starting Execution:	[124 out of 134] test cases in the current suite
Test Method:		[testPackage01.Test_NewValidationActions.f8]
################################################################################################################################################
[ReportManager] Loaded Shared OpenCV @12-02-2021 17:48:21.0101 PM
[ReportManager] AssertElementExists PASSED; Expected [Element Should Exist, locator 'By.tagName: h1'] and Actual [Element Exists]. Comparison Type [EQUALS]. Validation Type [POSITIVE]. @12-02-2021 17:48:21.0169 PM
[ReportManager] Successfully created attachment [Screenshot - 1613152101101_f8_AssertElementExists_passed] @12-02-2021 17:48:21.0169 P
[ReportManager] Successfully created attachment [Selenium WebDriver Logs - server] @12-02-2021 17:48:21.0185 PM
[ReportManager] Successfully created attachment [Selenium WebDriver Logs - performance] @12-02-2021 17:48:21.0200 PM
[ReportManager] Successfully created attachment [Selenium WebDriver Logs - browser] @12-02-2021 17:48:21.0205 PM
[ReportManager] Successfully created attachment [Selenium WebDriver Logs - driver] @12-02-2021 17:48:21.0245 PM
[ReportManager] Successfully Closed All Browsers. @12-02-2021 17:48:21.0320 P
[ReportManager] File Action [getAbsolutePath] successfully performed. With the following test data [Relative Folder Path: "target/downloadedFiles/"]. @12-02-2021 17:48:21.0322 PM
[ReportManager] Attempting to run remotely on: [Linux-64], [GoogleChrome], [http://localhost:4444/wd/hub], Headless Execution. @12-02-2021 17:48:21.0322 PM
[ReportManager] Successfully Opened [GoogleChrome]. @12-02-2021 17:48:21.0498 PM
[ReportManager] Target URL: [https://the-internet.herokuapp.com/] @12-02-2021 17:48:21.0507 PM
[ReportManager] Initial URL: [data:,] @12-02-2021 17:48:21.0548 PM
[ReportManager] Browser Action [navigateToURL] successfully performed. With the following test data [https://the-internet.herokuapp.com/]. @12-02-2021 17:48:21.0862 P

################################################################################################################################################
Starting Execution:	[125 out of 134] test cases in the current suite
Test Method:		[testPackage01.Test_NewValidationActions.f9]
################################################################################################################################################
[ReportManager] AssertElementExists FAILED; Expected [Element Should Exist, locator 'By.tagName: h3'] and Actual [Element Doesn't Exists]. Comparison Type [EQUALS]. Validation Type [POSITIVE]. @12-02-2021 17:48:22.0080 PM
[ReportManager] Successfully created attachment [Screenshot - 1613152102017_f9_AssertElementExists_failed] @12-02-2021 17:48:22.0080 P
[ReportManager] Successfully created attachment [Selenium WebDriver Logs - server] @12-02-2021 17:48:22.0095 PM
[ReportManager] Successfully created attachment [Selenium WebDriver Logs - performance] @12-02-2021 17:48:22.0111 PM
[ReportManager] Successfully created attachment [Selenium WebDriver Logs - browser] @12-02-2021 17:48:22.0116 PM
[ReportManager] Successfully created attachment [Selenium WebDriver Logs - driver] @12-02-2021 17:48:22.0158 PM
[ReportManager] Successfully Closed All Browsers. @12-02-2021 17:48:22.0229 P

################################################################################################################################################
Starting Execution:	[126 out of 134] test cases in the current suite
Test Method:		[testPackage01.Test_NewValidationActions.forceFail]
################################################################################################################################################
[ReportManager] AssertFail FAILED; Expected [null] and Actual [null]. @12-02-2021 17:48:22.0233 P

################################################################################################################################################
Starting Execution:	[127 out of 134] test cases in the current suite
Test Method:		[testPackage01.Test_NewValidationActions.forceFail2]
################################################################################################################################################
[ReportManager] Custom Message... @12-02-2021 17:48:22.0237 PM
[ReportManager] AssertFail FAILED; Expected [null] and Actual [null]. @12-02-2021 17:48:22.0237 P
[ReportManager] File Action [getAbsolutePath] successfully performed. With the following test data [Relative Folder Path: "target/downloadedFiles/"]. @12-02-2021 17:48:22.0241 PM
[ReportManager] Attempting to run remotely on: [Linux-64], [GoogleChrome], [http://localhost:4444/wd/hub], Headless Execution. @12-02-2021 17:48:22.0241 PM
[ReportManager] Successfully Opened [GoogleChrome]. @12-02-2021 17:48:22.0417 P

################################################################################################################################################
Starting Execution:	[128 out of 134] test cases in the current suite
Test Method:		[testPackage01.Test_ShadowDOM.shadowdom]
################################################################################################################################################
[ReportManager] Target URL: [https://mdn.github.io/web-components-examples/popup-info-box-web-component/] @12-02-2021 17:48:22.0432 PM
[ReportManager] Initial URL: [data:,] @12-02-2021 17:48:22.0475 PM
[ReportManager] Browser Action [navigateToURL] successfully performed. With the following test data [https://mdn.github.io/web-components-examples/popup-info-box-web-component/]. @12-02-2021 17:48:22.0683 PM
[ReportManager] Element Action [type] successfully performed. With the following test data [Typing into SHADOW DOM...]. @12-02-2021 17:48:23.0288 PM
[ReportManager] Element Action [getText] successfully performed. With the following test data [Typing into SHADOW DOM...]. @12-02-2021 17:48:23.0377 PM
[ReportManager] Loaded Shared OpenCV @12-02-2021 17:48:23.0484 PM
[ReportManager] AssertElementAttribute PASSED; Expected [Value Should be 'Typing into SHADOW DOM...' for the 'Text' attribute, element locator 'By.id: cvc'] and Actual [Typing into SHADOW DOM...]. Comparison Type [EQUALS]. Validation Type [POSITIVE]. @12-02-2021 17:48:23.0542 PM
[ReportManager] Successfully created attachment [Screenshot - 1613152103484_shadowdom_AssertElementAttribute_passed] @12-02-2021 17:48:23.0542 P
[ReportManager] Successfully created attachment [Selenium WebDriver Logs - server] @12-02-2021 17:48:23.0587 PM
[ReportManager] Successfully created attachment [Selenium WebDriver Logs - performance] @12-02-2021 17:48:23.0595 PM
[ReportManager] Successfully created attachment [Selenium WebDriver Logs - browser] @12-02-2021 17:48:23.0600 PM
[ReportManager] Successfully created attachment [Selenium WebDriver Logs - driver] @12-02-2021 17:48:23.0662 PM
[ReportManager] Browser Action [closeCurrentWindow] successfully performed. @12-02-2021 17:48:23.0718 PM
[ReportManager] Successfully created attachment [Browser Action Test Data - closeCurrentWindow - Actual Value] @12-02-2021 17:48:23.0718 P

################################################################################################################################################
Starting Execution:	[129 out of 134] test cases in the current suite
Test Method:		[testPackage01.Test_chainableElementActions.chainElementActions]
################################################################################################################################################
[ReportManager] File Action [getAbsolutePath] successfully performed. With the following test data [Relative Folder Path: "target/downloadedFiles/"]. @12-02-2021 17:48:23.0724 PM
[ReportManager] Attempting to run remotely on: [Linux-64], [GoogleChrome], [http://localhost:4444/wd/hub], Headless Execution. @12-02-2021 17:48:23.0725 PM
[ReportManager] Successfully Opened [GoogleChrome]. @12-02-2021 17:48:23.0900 PM
[ReportManager] Target URL: [https://www.google.com/ncr], and after redirection: [https://www.google.com] @12-02-2021 17:48:23.0909 PM
[ReportManager] Initial URL: [data:,] @12-02-2021 17:48:23.0945 PM
[ReportManager] Browser Action [navigateToURL] successfully performed. With the following test data [https://www.google.com/ncr]. @12-02-2021 17:48:24.0665 PM
[ReportManager] Element Action [type] successfully performed. With the following test data [chained type 1]. @12-02-2021 17:48:25.0141 PM
[ReportManager] Element Action [type] successfully performed. With the following test data [chained type 2]. @12-02-2021 17:48:25.0604 PM
[ReportManager] Element Action [typeAppend] successfully performed. With the following test data [345]. @12-02-2021 17:48:25.0734 PM
[ReportManager] Element Action [getText] successfully performed. With the following test data [chained type 2345]. @12-02-2021 17:48:25.0834 PM
[ReportManager] Loaded Shared OpenCV @12-02-2021 17:48:25.0970 PM
[ReportManager] AssertElementAttribute PASSED; Expected [Value Should be 'chained type 2345' for the 'text' attribute, element locator 'By.name: q'] and Actual [chained type 2345]. Comparison Type [EQUALS]. Validation Type [POSITIVE]. @12-02-2021 17:48:26.0036 PM
[ReportManager] Successfully created attachment [Screenshot - 1613152105970_chainElementActions_AssertElementAttribute_passed] @12-02-2021 17:48:26.0037 PM
[ReportManager] Successfully created attachment [Selenium WebDriver Logs - server] @12-02-2021 17:48:26.0100 PM
[ReportManager] Successfully created attachment [Selenium WebDriver Logs - performance] @12-02-2021 17:48:26.0219 PM
[ReportManager] Successfully created attachment [Selenium WebDriver Logs - driver] @12-02-2021 17:48:26.0398 PM
[ReportManager] Browser Action [closeCurrentWindow] successfully performed. @12-02-2021 17:48:26.0455 PM
[ReportManager] Successfully created attachment [Browser Action Test Data - closeCurrentWindow - Actual Value] @12-02-2021 17:48:26.0456 P

################################################################################################################################################
Starting Execution:	[130 out of 134] test cases in the current suite
Test Method:		[testPackage01.Test_SelectedValue.multipleSelect]
################################################################################################################################################
[ReportManager] File Action [getAbsolutePath] successfully performed. With the following test data [Relative Folder Path: "target/downloadedFiles/"]. @12-02-2021 17:48:26.0511 PM
[ReportManager] Attempting to run remotely on: [Linux-64], [GoogleChrome], [http://localhost:4444/wd/hub], Headless Execution. @12-02-2021 17:48:26.0511 PM
[ReportManager] Successfully Opened [GoogleChrome]. @12-02-2021 17:48:26.0700 PM
[ReportManager] Target URL: [https://mdn.mozillademos.org/en-US/docs/Web/HTML/Element/select$samples/Advanced_select_with_multiple_features?revision=1612304] @12-02-2021 17:48:26.0709 PM
[ReportManager] Initial URL: [data:,] @12-02-2021 17:48:26.0745 PM
[ReportManager] Browser Action [navigateToURL] successfully performed. With the following test data [https://mdn.mozillademos.org/en-US/docs/Web/HTML/Element/select$samples/Advanced_select_with_multiple_features?revision=1612304]. @12-02-2021 17:48:27.0083 PM
[ReportManager] Element Action [select] successfully performed. With the following test data [Dog]. @12-02-2021 17:48:27.0292 PM
[ReportManager] Element Action [select] successfully performed. With the following test data [Cat]. @12-02-2021 17:48:27.0502 PM
[ReportManager] Element Action [getSelectedText] successfully performed. With the following test data [DogCat]. @12-02-2021 17:48:27.0651 PM
[ReportManager] DogCat @12-02-2021 17:48:27.0651 PM
[ReportManager] Element Action [getSelectedText] successfully performed. With the following test data [DogCat]. @12-02-2021 17:48:27.0806 PM
[ReportManager] Loaded Shared OpenCV @12-02-2021 17:48:27.0923 PM
[ReportManager] AssertElementAttribute PASSED; Expected [Value Should be 'DogCat' for the 'selectedText' attribute, element locator 'By.tagName: select'] and Actual [DogCat]. Comparison Type [EQUALS]. Validation Type [POSITIVE]. @12-02-2021 17:48:27.0987 PM
[ReportManager] Successfully created attachment [Screenshot - 1613152107922_multipleSelect_AssertElementAttribute_passed] @12-02-2021 17:48:27.0987 PM
[ReportManager] Successfully created attachment [Selenium WebDriver Logs - server] @12-02-2021 17:48:28.0020 PM
[ReportManager] Successfully created attachment [Selenium WebDriver Logs - performance] @12-02-2021 17:48:28.0029 PM
[ReportManager] Successfully created attachment [Selenium WebDriver Logs - driver] @12-02-2021 17:48:28.0119 PM
[ReportManager] Browser Action [closeCurrentWindow] successfully performed. @12-02-2021 17:48:28.0177 PM
[ReportManager] Successfully created attachment [Browser Action Test Data - closeCurrentWindow - Actual Value] @12-02-2021 17:48:28.0178 P

################################################################################################################################################
Starting Execution:	[131 out of 134] test cases in the current suite
Test Method:		[testPackage01.Test_SelectedValue.simpleSelect]
################################################################################################################################################
[ReportManager] File Action [getAbsolutePath] successfully performed. With the following test data [Relative Folder Path: "target/downloadedFiles/"]. @12-02-2021 17:48:28.0184 PM
[ReportManager] Attempting to run remotely on: [Linux-64], [GoogleChrome], [http://localhost:4444/wd/hub], Headless Execution. @12-02-2021 17:48:28.0185 PM
[ReportManager] Successfully Opened [GoogleChrome]. @12-02-2021 17:48:28.0394 PM
[ReportManager] Target URL: [https://mdn.mozillademos.org/en-US/docs/Web/HTML/Element/select$samples/Basic_select?revision=1612304] @12-02-2021 17:48:28.0405 PM
[ReportManager] Initial URL: [data:,] @12-02-2021 17:48:28.0441 PM
[ReportManager] Browser Action [navigateToURL] successfully performed. With the following test data [https://mdn.mozillademos.org/en-US/docs/Web/HTML/Element/select$samples/Basic_select?revision=1612304]. @12-02-2021 17:48:28.0642 PM
[ReportManager] Element Action [select] successfully performed. With the following test data [Third Value]. @12-02-2021 17:48:28.0933 PM
[ReportManager] Element Action [getSelectedText] successfully performed. With the following test data [Third Value]. @12-02-2021 17:48:29.0057 PM
[ReportManager] Third Value @12-02-2021 17:48:29.0057 PM
[ReportManager] Element Action [getSelectedText] successfully performed. With the following test data [Third Value]. @12-02-2021 17:48:29.0159 PM
[ReportManager] Loaded Shared OpenCV @12-02-2021 17:48:29.0288 PM
[ReportManager] AssertElementAttribute PASSED; Expected [Value Should be 'Third Value' for the 'selectedText' attribute, element locator 'By.tagName: select'] and Actual [Third Value]. Comparison Type [EQUALS]. Validation Type [POSITIVE]. @12-02-2021 17:48:29.0349 PM
[ReportManager] Successfully created attachment [Screenshot - 1613152109288_simpleSelect_AssertElementAttribute_passed] @12-02-2021 17:48:29.0349 PM
[ReportManager] Successfully created attachment [Selenium WebDriver Logs - server] @12-02-2021 17:48:29.0385 PM
[ReportManager] Successfully created attachment [Selenium WebDriver Logs - performance] @12-02-2021 17:48:29.0393 PM
[ReportManager] Successfully created attachment [Selenium WebDriver Logs - driver] @12-02-2021 17:48:29.0463 PM
[ReportManager] Browser Action [closeCurrentWindow] successfully performed. @12-02-2021 17:48:29.0519 PM
[ReportManager] Successfully created attachment [Browser Action Test Data - closeCurrentWindow - Actual Value] @12-02-2021 17:48:29.0522 P
[ReportManager] File Action [getAbsolutePath] successfully performed. With the following test data [Relative Folder Path: "target/downloadedFiles/"]. @12-02-2021 17:48:29.0524 PM
[ReportManager] Attempting to run remotely on: [Linux-64], [GoogleChrome], [http://localhost:4444/wd/hub], Headless Execution. @12-02-2021 17:48:29.0524 PM
[ReportManager] Successfully Opened [GoogleChrome]. @12-02-2021 17:48:29.0734 P

################################################################################################################################################
Starting Execution:	[132 out of 134] test cases in the current suite
Test Method:		[testPackage01.Test_clipboardActions.typeTextAndCopyPaste]
################################################################################################################################################
[ReportManager] Target URL: [https://www.google.com/ncr], and after redirection: [https://www.google.com] @12-02-2021 17:48:29.0751 PM
[ReportManager] Initial URL: [data:,] @12-02-2021 17:48:29.0806 PM
[ReportManager] Browser Action [navigateToURL] successfully performed. With the following test data [https://www.google.com/ncr]. @12-02-2021 17:48:30.0649 PM
[ReportManager] Element Action [type] successfully performed. With the following test data [FIRST]. @12-02-2021 17:48:31.0044 PM
[ReportManager] Element Action [clipboardActions] successfully performed. With the following test data [select all]. @12-02-2021 17:48:31.0114 PM
[ReportManager] Element Action [clipboardActions] successfully performed. With the following test data [copy]. @12-02-2021 17:48:31.0186 PM
[ReportManager] Element Action [clipboardActions] successfully performed. With the following test data [unselect]. @12-02-2021 17:48:31.0251 PM
[ReportManager] Element Action [clipboardActions] successfully performed. With the following test data [paste]. @12-02-2021 17:48:31.0330 PM
[ReportManager] Element Action [clipboardActions] successfully performed. With the following test data [select all]. @12-02-2021 17:48:31.0397 PM
[ReportManager] Element Action [clipboardActions] successfully performed. With the following test data [cut]. @12-02-2021 17:48:31.0491 PM
[ReportManager] Element Action [clipboardActions] successfully performed. With the following test data [paste]. @12-02-2021 17:48:31.0577 PM
[ReportManager] Element Action [clipboardActions] successfully performed. With the following test data [paste]. @12-02-2021 17:48:31.0653 P
[ReportManager] Successfully created attachment [Selenium WebDriver Logs - server] @12-02-2021 17:48:31.0716 PM
[ReportManager] Successfully created attachment [Selenium WebDriver Logs - performance] @12-02-2021 17:48:31.0784 PM
[ReportManager] Successfully created attachment [Selenium WebDriver Logs - driver] @12-02-2021 17:48:31.0921 PM
[ReportManager] Browser Action [closeCurrentWindow] successfully performed. @12-02-2021 17:48:31.0979 PM
[ReportManager] Successfully created attachment [Browser Action Test Data - closeCurrentWindow - Actual Value] @12-02-2021 17:48:31.0980 P
[ReportManager] File Action [getAbsolutePath] successfully performed. With the following test data [Relative Folder Path: "target/downloadedFiles/"]. @12-02-2021 17:48:31.0982 PM
[ReportManager] Attempting to run remotely on: [Linux-64], [GoogleChrome], [http://localhost:4444/wd/hub], Headless Execution. @12-02-2021 17:48:31.0982 PM
[ReportManager] Successfully Opened [GoogleChrome]. @12-02-2021 17:48:32.0157 P

################################################################################################################################################
Starting Execution:	[133 out of 134] test cases in the current suite
Test Method:		[testPackage01.Test_uploadFile.uploadFile_invisibleUploadInput]
################################################################################################################################################
[ReportManager] Target URL: [https://fineuploader.com/demos.html#gallery-view] @12-02-2021 17:48:32.0171 PM
[ReportManager] Initial URL: [data:,] @12-02-2021 17:48:32.0214 PM
[ReportManager] Browser Action [navigateToURL] successfully performed. With the following test data [https://fineuploader.com/demos.html#gallery-view]. @12-02-2021 17:48:34.0391 PM
[ReportManager] File Action [getAbsolutePath] successfully performed. With the following test data [Relative File Path: "src/main/resources/images/shaft.png"]. @12-02-2021 17:48:34.0391 PM
[ReportManager] Successfully created attachment [File Action Actual Result - Command Log] @12-02-2021 17:48:34.0391 PM
[ReportManager] Element Action [typeFileLocationForUpload] successfully performed. With the following test data [/home/runner/work/SHAFT_ENGINE/SHAFT_ENGINE/src/main/resources/images/shaft.png]. @12-02-2021 17:48:34.0565 PM
[ReportManager] Attempting to getAttribute [src] from elementLocator [By.xpath: //div[@id='fine-uploader-gallery']//div[@class='qq-thumbnail-wrapper']/img]. @12-02-2021 17:48:34.0566 PM
[ReportManager] Element Action [getAttribute] successfully performed. @12-02-2021 17:48:34.0669 PM
[ReportManager] Successfully created attachment [Element Action Test Data - getAttribute - Actual Value] @12-02-2021 17:48:34.0670 PM
[ReportManager] Loaded Shared OpenCV @12-02-2021 17:48:34.0798 PM
[ReportManager] AssertElementAttribute PASSED; Expected and Actual values are attached. Comparison Type [CONTAINS]. Validation Type [POSITIVE]. @12-02-2021 17:48:34.0886 PM
[ReportManager] Successfully created attachment [Validation Test Data - Expected Value] @12-02-2021 17:48:34.0886 PM
[ReportManager] Successfully created attachment [Validation Test Data - Actual Value] @12-02-2021 17:48:34.0886 PM
[ReportManager] Successfully created attachment [Screenshot - 1613152114798_uploadFile_invisibleUploadInput_AssertElementAttribute_passed] @12-02-2021 17:48:34.0887 P
[ReportManager] Successfully created attachment [Selenium WebDriver Logs - server] @12-02-2021 17:48:34.0973 PM
[ReportManager] Successfully created attachment [Selenium WebDriver Logs - performance] @12-02-2021 17:48:35.0040 PM
[ReportManager] Successfully created attachment [Selenium WebDriver Logs - browser] @12-02-2021 17:48:35.0048 PM
[ReportManager] Successfully created attachment [Selenium WebDriver Logs - driver] @12-02-2021 17:48:35.0175 PM
[ReportManager] Browser Action [closeCurrentWindow] successfully performed. @12-02-2021 17:48:35.0231 PM
[ReportManager] Successfully created attachment [Browser Action Test Data - closeCurrentWindow - Actual Value] @12-02-2021 17:48:35.0232 P
[ReportManager] File Action [getAbsolutePath] successfully performed. With the following test data [Relative Folder Path: "target/downloadedFiles/"]. @12-02-2021 17:48:35.0235 PM
[ReportManager] Attempting to run remotely on: [Linux-64], [GoogleChrome], [http://localhost:4444/wd/hub], Headless Execution. @12-02-2021 17:48:35.0235 PM
[ReportManager] Successfully Opened [GoogleChrome]. @12-02-2021 17:48:35.0420 P

################################################################################################################################################
Starting Execution:	[134 out of 134] test cases in the current suite
Test Method:		[testPackage01.Test_uploadFile.uploadFile_visibleUploadInput]
################################################################################################################################################
[ReportManager] Target URL: [http://demo.guru99.com/test/upload/] @12-02-2021 17:48:35.0434 PM
[ReportManager] Initial URL: [data:,] @12-02-2021 17:48:35.0469 PM
[ReportManager] Browser Action [navigateToURL] successfully performed. With the following test data [http://demo.guru99.com/test/upload/]. @12-02-2021 17:48:36.0674 PM
[ReportManager] File Action [getAbsolutePath] successfully performed. With the following test data [Relative File Path: "src/main/resources/images/shaft.png"]. @12-02-2021 17:48:36.0674 PM
[ReportManager] Successfully created attachment [File Action Actual Result - Command Log] @12-02-2021 17:48:36.0675 PM
[ReportManager] Element Action [typeFileLocationForUpload] successfully performed. With the following test data [/home/runner/work/SHAFT_ENGINE/SHAFT_ENGINE/src/main/resources/images/shaft.png]. @12-02-2021 17:48:36.0859 PM
[ReportManager] Element Action [click] successfully performed. With the following test data [on]. @12-02-2021 17:48:37.0154 PM
[ReportManager] Element Action [click] successfully performed. With the following test data [Submit File]. @12-02-2021 17:48:37.0433 PM
[ReportManager] Element Action [getText] successfully performed. With the following test data [1 file
has been successfully uploaded.]. @12-02-2021 17:48:38.0063 PM
[ReportManager] Loaded Shared OpenCV @12-02-2021 17:48:38.0173 PM
[ReportManager] AssertElementAttribute PASSED; Expected [Value Should be '1 file' for the 'Text' attribute, element locator 'By.id: res'] and Actual [1 file
has been successfully uploaded.]. Comparison Type [CONTAINS]. Validation Type [POSITIVE]. @12-02-2021 17:48:38.0243 PM
[ReportManager] Successfully created attachment [Screenshot - 1613152118173_uploadFile_visibleUploadInput_AssertElementAttribute_passed] @12-02-2021 17:48:38.0244 P
[ReportManager] Successfully created attachment [Selenium WebDriver Logs - server] @12-02-2021 17:48:38.0297 PM
[ReportManager] Successfully created attachment [Selenium WebDriver Logs - performance] @12-02-2021 17:48:38.0368 PM
[ReportManager] Successfully created attachment [Selenium WebDriver Logs - browser] @12-02-2021 17:48:38.0381 PM
[ReportManager] Successfully created attachment [Selenium WebDriver Logs - driver] @12-02-2021 17:48:38.0553 PM
[ReportManager] Browser Action [closeCurrentWindow] successfully performed. @12-02-2021 17:48:38.0610 PM
[ReportManager] Successfully created attachment [Browser Action Test Data - closeCurrentWindow - Actual Value] @12-02-2021 17:48:38.0610 P

################################################################################################################################################
Test Closure Activities
################################################################################################################################################
[ReportManager] Successfully created attachment [SHAFT Engine Logs - Execution log] @12-02-2021 17:48:38.0629 PM

################################################################################################################################################
This test run was powered by SHAFT Engine Version: [SHAFT Engine v5.1]
SHAFT Engine is licensed under the MIT License: [https://github.com/MohabMohie/SHAFT_ENGINE/blob/master/LICENSE].
################################################################################################################################################