################################################################################################################################################
Detected SHAFT Engine Version: [SHAFT Engine v5.2.20210427]
################################################################################################################################################
[ReportManager] File Action [getAbsolutePath] successfully performed. With the following test data [Relative Folder Path: "target/downloadedFiles/"]. @06-05-2021 07:10:55.0549 AM
[ReportManager] Attempting to run remotely on: [Linux-64], [GoogleChrome], [http://localhost:4444/wd/hub], Headless Execution. @06-05-2021 07:10:55.0577 AM
[ReportManager] Successfully Opened [GoogleChrome]. @06-05-2021 07:10:57.0077 A

################################################################################################################################################
Starting Execution:	[1 out of 137] test cases in the current suite
Test Method:		[testPackage01.Test_assertEquals.test_assertElementAttribute]
################################################################################################################################################
[ReportManager] Target URL: [https://www.google.com/ncr], and after redirection: [https://www.google.com] @06-05-2021 07:10:57.0246 AM
[ReportManager] Initial URL: [data:,] @06-05-2021 07:10:57.0352 AM
[ReportManager] Browser Action [navigateToURL] successfully performed. With the following test data [https://www.google.com/ncr]. @06-05-2021 07:10:58.0607 AM
[ReportManager] Element Action [type] successfully performed. With the following test data [INC_004010050:Another SCHEDULER with the same name [Duplicate Job Name] already exists.]. @06-05-2021 07:11:00.0744 AM
[ReportManager] Element Action [getText] successfully performed. With the following test data [INC_004010050:Another SCHEDULER with the same name [Duplicate Job Name] already exists.]. @06-05-2021 07:11:00.0942 AM
[ReportManager] Loaded Shared OpenCV @06-05-2021 07:11:01.0708 AM
[ReportManager] AssertElementAttribute PASSED; Expected [Value Should be 'INC_004010050:Another SCHEDULER with the same name \[Duplicate Job Name\] already exists.' for the 'text' attribute, element locator 'By.name: q'] and Actual [INC_004010050:Another SCHEDULER with the same name [Duplicate Job Name] already exists.]. Comparison Type [MATCHES]. Validation Type [POSITIVE]. @06-05-2021 07:11:02.0016 AM
[ReportManager] Successfully created attachment [Screenshot - 1620285061216_test_assertElementAttribute_AssertElementAttribute_passed] @06-05-2021 07:11:02.0032 A
[ReportManager] Successfully created attachment [Selenium WebDriver Logs - server] @06-05-2021 07:11:02.0248 AM
[ReportManager] Successfully created attachment [Selenium WebDriver Logs - performance] @06-05-2021 07:11:02.0789 AM
[ReportManager] Successfully created attachment [Selenium WebDriver Logs - driver] @06-05-2021 07:11:03.0220 AM
[ReportManager] Browser Action [closeCurrentWindow] successfully performed. @06-05-2021 07:11:03.0283 AM
[ReportManager] Successfully created attachment [Browser Action Test Data - closeCurrentWindow - Actual Value] @06-05-2021 07:11:03.0288 A
[ReportManager] File Action [getAbsolutePath] successfully performed. With the following test data [Relative Folder Path: "target/downloadedFiles/"]. @06-05-2021 07:11:03.0295 AM
[ReportManager] Attempting to run remotely on: [Linux-64], [GoogleChrome], [http://localhost:4444/wd/hub], Headless Execution. @06-05-2021 07:11:03.0295 AM
[ReportManager] Successfully Opened [GoogleChrome]. @06-05-2021 07:11:03.0927 A

################################################################################################################################################
Starting Execution:	[2 out of 137] test cases in the current suite
Test Method:		[testPackage01.Test_dynamicLoading.dynamicLoading_elementIsHidden]
################################################################################################################################################
[ReportManager] Target URL: [https://the-internet.herokuapp.com/dynamic_loading/1] @06-05-2021 07:11:03.0977 AM
[ReportManager] Initial URL: [data:,] @06-05-2021 07:11:04.0050 AM
[ReportManager] Browser Action [navigateToURL] successfully performed. With the following test data [https://the-internet.herokuapp.com/dynamic_loading/1]. @06-05-2021 07:11:04.0531 AM
[ReportManager] Element Action [click] successfully performed. With the following test data [Start]. @06-05-2021 07:11:05.0029 AM
[ReportManager] Element Action [getText] successfully performed. With the following test data [
    Hello World!
  ]. @06-05-2021 07:11:05.0215 AM
[ReportManager] Loaded Shared OpenCV @06-05-2021 07:11:05.0425 AM
[ReportManager] AssertElementAttribute PASSED; Expected [Value Should be 'Hello World!' for the 'text' attribute, element locator 'By.id: finish'] and Actual [
    Hello World!
  ]. Comparison Type [CONTAINS]. Validation Type [POSITIVE]. @06-05-2021 07:11:05.0553 AM
[ReportManager] Successfully created attachment [Screenshot - 1620285065425_dynamicLoading_elementIsHidden_AssertElementAttribute_passed] @06-05-2021 07:11:05.0558 A
[ReportManager] Successfully created attachment [Selenium WebDriver Logs - server] @06-05-2021 07:11:05.0646 AM
[ReportManager] Successfully created attachment [Selenium WebDriver Logs - performance] @06-05-2021 07:11:05.0683 AM
[ReportManager] Successfully created attachment [Selenium WebDriver Logs - browser] @06-05-2021 07:11:05.0692 AM
[ReportManager] Successfully created attachment [Selenium WebDriver Logs - driver] @06-05-2021 07:11:05.0817 AM
[ReportManager] Browser Action [closeCurrentWindow] successfully performed. @06-05-2021 07:11:05.0877 AM
[ReportManager] Successfully created attachment [Browser Action Test Data - closeCurrentWindow - Actual Value] @06-05-2021 07:11:05.0878 A
[ReportManager] File Action [getAbsolutePath] successfully performed. With the following test data [Relative Folder Path: "target/downloadedFiles/"]. @06-05-2021 07:11:05.0881 AM
[ReportManager] Attempting to run remotely on: [Linux-64], [GoogleChrome], [http://localhost:4444/wd/hub], Headless Execution. @06-05-2021 07:11:05.0881 AM
[ReportManager] Successfully Opened [GoogleChrome]. @06-05-2021 07:11:06.0464 A

################################################################################################################################################
Starting Execution:	[3 out of 137] test cases in the current suite
Test Method:		[testPackage01.Test_dynamicLoading.dynamicLoading_elementIsRendered]
################################################################################################################################################
[ReportManager] Target URL: [https://the-internet.herokuapp.com/dynamic_loading/2] @06-05-2021 07:11:06.0499 AM
[ReportManager] Initial URL: [data:,] @06-05-2021 07:11:06.0579 AM
[ReportManager] Browser Action [navigateToURL] successfully performed. With the following test data [https://the-internet.herokuapp.com/dynamic_loading/2]. @06-05-2021 07:11:07.0003 AM
[ReportManager] Element Action [click] successfully performed. With the following test data [Start]. @06-05-2021 07:11:07.0426 AM
[ReportManager] Element Action [getText] successfully performed. With the following test data [Hello World!]. @06-05-2021 07:11:12.0639 AM
[ReportManager] Loaded Shared OpenCV @06-05-2021 07:11:12.0826 AM
[ReportManager] AssertElementAttribute PASSED; Expected [Value Should be 'Hello World!' for the 'text' attribute, element locator 'By.id: finish'] and Actual [Hello World!]. Comparison Type [CONTAINS]. Validation Type [POSITIVE]. @06-05-2021 07:11:12.0909 AM
[ReportManager] Successfully created attachment [Screenshot - 1620285072826_dynamicLoading_elementIsRendered_AssertElementAttribute_passed] @06-05-2021 07:11:12.0911 A
[ReportManager] Successfully created attachment [Selenium WebDriver Logs - server] @06-05-2021 07:11:12.0981 AM
[ReportManager] Successfully created attachment [Selenium WebDriver Logs - performance] @06-05-2021 07:11:13.0015 AM
[ReportManager] Successfully created attachment [Selenium WebDriver Logs - browser] @06-05-2021 07:11:13.0031 AM
[ReportManager] Successfully created attachment [Selenium WebDriver Logs - driver] @06-05-2021 07:11:13.0149 AM
[ReportManager] Browser Action [closeCurrentWindow] successfully performed. @06-05-2021 07:11:13.0210 AM
[ReportManager] Successfully created attachment [Browser Action Test Data - closeCurrentWindow - Actual Value] @06-05-2021 07:11:13.0211 A

################################################################################################################################################
Starting Execution:	[4 out of 137] test cases in the current suite
Test Method:		[testPackage01.Test_SelectedValue.multipleSelect]
################################################################################################################################################
[ReportManager] File Action [getAbsolutePath] successfully performed. With the following test data [Relative Folder Path: "target/downloadedFiles/"]. @06-05-2021 07:11:13.0216 AM
[ReportManager] Attempting to run remotely on: [Linux-64], [GoogleChrome], [http://localhost:4444/wd/hub], Headless Execution. @06-05-2021 07:11:13.0216 AM
[ReportManager] Successfully Opened [GoogleChrome]. @06-05-2021 07:11:13.0949 AM
[ReportManager] Target URL: [https://mdn.mozillademos.org/en-US/docs/Web/HTML/Element/select$samples/Advanced_select_with_multiple_features?revision=1612304] @06-05-2021 07:11:13.0975 AM
[ReportManager] Initial URL: [data:,] @06-05-2021 07:11:14.0040 AM
[ReportManager] Browser Action [navigateToURL] successfully performed. With the following test data [https://mdn.mozillademos.org/en-US/docs/Web/HTML/Element/select$samples/Advanced_select_with_multiple_features?revision=1612304]. @06-05-2021 07:11:14.0678 AM
[ReportManager] Element Action [select] successfully performed. With the following test data [Dog]. @06-05-2021 07:11:14.0962 AM
[ReportManager] Element Action [select] successfully performed. With the following test data [Cat]. @06-05-2021 07:11:15.0265 AM
[ReportManager] Element Action [getSelectedText] successfully performed. With the following test data [DogCat]. @06-05-2021 07:11:15.0481 AM
[ReportManager] DogCat @06-05-2021 07:11:15.0481 AM
[ReportManager] Element Action [getSelectedText] successfully performed. With the following test data [DogCat]. @06-05-2021 07:11:15.0709 AM
[ReportManager] Loaded Shared OpenCV @06-05-2021 07:11:15.0866 AM
[ReportManager] AssertElementAttribute PASSED; Expected [Value Should be 'DogCat' for the 'selectedText' attribute, element locator 'By.tagName: select'] and Actual [DogCat]. Comparison Type [EQUALS]. Validation Type [POSITIVE]. @06-05-2021 07:11:15.0938 AM
[ReportManager] Successfully created attachment [Screenshot - 1620285075865_multipleSelect_AssertElementAttribute_passed] @06-05-2021 07:11:15.0939 AM
[ReportManager] Successfully created attachment [Selenium WebDriver Logs - server] @06-05-2021 07:11:15.0992 AM
[ReportManager] Successfully created attachment [Selenium WebDriver Logs - performance] @06-05-2021 07:11:16.0003 AM
[ReportManager] Successfully created attachment [Selenium WebDriver Logs - driver] @06-05-2021 07:11:16.0130 AM
[ReportManager] Browser Action [closeCurrentWindow] successfully performed. @06-05-2021 07:11:16.0188 AM
[ReportManager] Successfully created attachment [Browser Action Test Data - closeCurrentWindow - Actual Value] @06-05-2021 07:11:16.0188 A

################################################################################################################################################
Starting Execution:	[5 out of 137] test cases in the current suite
Test Method:		[testPackage01.Test_SelectedValue.simpleSelect]
################################################################################################################################################
[ReportManager] File Action [getAbsolutePath] successfully performed. With the following test data [Relative Folder Path: "target/downloadedFiles/"]. @06-05-2021 07:11:16.0203 AM
[ReportManager] Attempting to run remotely on: [Linux-64], [GoogleChrome], [http://localhost:4444/wd/hub], Headless Execution. @06-05-2021 07:11:16.0204 AM
[ReportManager] Successfully Opened [GoogleChrome]. @06-05-2021 07:11:16.0495 AM
[ReportManager] Target URL: [https://mdn.mozillademos.org/en-US/docs/Web/HTML/Element/select$samples/Basic_select?revision=1612304] @06-05-2021 07:11:16.0515 AM
[ReportManager] Initial URL: [data:,] @06-05-2021 07:11:16.0578 AM
[ReportManager] Browser Action [navigateToURL] successfully performed. With the following test data [https://mdn.mozillademos.org/en-US/docs/Web/HTML/Element/select$samples/Basic_select?revision=1612304]. @06-05-2021 07:11:17.0140 AM
[ReportManager] Element Action [select] successfully performed. With the following test data [Third Value]. @06-05-2021 07:11:17.0504 AM
[ReportManager] Element Action [getSelectedText] successfully performed. With the following test data [Third Value]. @06-05-2021 07:11:17.0637 AM
[ReportManager] Third Value @06-05-2021 07:11:17.0637 AM
[ReportManager] Element Action [getSelectedText] successfully performed. With the following test data [Third Value]. @06-05-2021 07:11:17.0766 AM
[ReportManager] Loaded Shared OpenCV @06-05-2021 07:11:17.0925 AM
[ReportManager] AssertElementAttribute PASSED; Expected [Value Should be 'Third Value' for the 'selectedText' attribute, element locator 'By.tagName: select'] and Actual [Third Value]. Comparison Type [EQUALS]. Validation Type [POSITIVE]. @06-05-2021 07:11:17.0993 AM
[ReportManager] Successfully created attachment [Screenshot - 1620285077925_simpleSelect_AssertElementAttribute_passed] @06-05-2021 07:11:17.0994 AM
[ReportManager] Successfully created attachment [Selenium WebDriver Logs - server] @06-05-2021 07:11:18.0052 AM
[ReportManager] Successfully created attachment [Selenium WebDriver Logs - performance] @06-05-2021 07:11:18.0065 AM
[ReportManager] Successfully created attachment [Selenium WebDriver Logs - driver] @06-05-2021 07:11:18.0164 AM
[ReportManager] Browser Action [closeCurrentWindow] successfully performed. @06-05-2021 07:11:18.0229 AM
[ReportManager] Successfully created attachment [Browser Action Test Data - closeCurrentWindow - Actual Value] @06-05-2021 07:11:18.0229 A
[ReportManager] File Action [getAbsolutePath] successfully performed. With the following test data [Relative Folder Path: "target/downloadedFiles/"]. @06-05-2021 07:11:18.0244 AM
[ReportManager] Attempting to run remotely on: [Linux-64], [GoogleChrome], [http://localhost:4444/wd/hub], Headless Execution. @06-05-2021 07:11:18.0244 AM
[ReportManager] Successfully Opened [GoogleChrome]. @06-05-2021 07:11:18.0498 A

################################################################################################################################################
Starting Execution:	[6 out of 137] test cases in the current suite
Test Method:		[testPackage01.Test_IsElementClickable.testIsElementClickable]
################################################################################################################################################
[ReportManager] Target URL: [https://the-internet.herokuapp.com/] @06-05-2021 07:11:18.0525 AM
[ReportManager] Initial URL: [data:,] @06-05-2021 07:11:18.0582 AM
[ReportManager] Browser Action [navigateToURL] successfully performed. With the following test data [https://the-internet.herokuapp.com/]. @06-05-2021 07:11:18.0995 AM
[ReportManager] Element Action [isElementClickable] successfully performed. @06-05-2021 07:11:19.0172 AM
[ReportManager] AssertTrue PASSED; Expected [TRUE] and Actual [TRUE]. Validation Type [POSITIVE]. @06-05-2021 07:11:19.0172 A
[ReportManager] Successfully created attachment [Selenium WebDriver Logs - server] @06-05-2021 07:11:19.0267 AM
[ReportManager] Successfully created attachment [Selenium WebDriver Logs - performance] @06-05-2021 07:11:19.0288 AM
[ReportManager] Successfully created attachment [Selenium WebDriver Logs - browser] @06-05-2021 07:11:19.0295 AM
[ReportManager] Successfully created attachment [Selenium WebDriver Logs - driver] @06-05-2021 07:11:19.0357 AM
[ReportManager] Browser Action [closeCurrentWindow] successfully performed. @06-05-2021 07:11:19.0419 AM
[ReportManager] Successfully created attachment [Browser Action Test Data - closeCurrentWindow - Actual Value] @06-05-2021 07:11:19.0419 A
[ReportManager] File Action [getAbsolutePath] successfully performed. With the following test data [Relative Folder Path: "target/downloadedFiles/"]. @06-05-2021 07:11:19.0423 AM
[ReportManager] Attempting to run remotely on: [Linux-64], [GoogleChrome], [http://localhost:4444/wd/hub], Headless Execution. @06-05-2021 07:11:19.0423 AM
[ReportManager] Successfully Opened [GoogleChrome]. @06-05-2021 07:11:19.0742 A

################################################################################################################################################
Starting Execution:	[7 out of 137] test cases in the current suite
Test Method:		[testPackage01.Test_dragAndDrop.dragAndDrop]
Test Description:	[TC001 - Test Drag and Drop function.]
################################################################################################################################################
[ReportManager] Target URL: [http://the-internet.herokuapp.com/drag_and_drop] @06-05-2021 07:11:19.0791 AM
[ReportManager] Initial URL: [data:,] @06-05-2021 07:11:19.0840 AM
[ReportManager] Browser Action [navigateToURL] successfully performed. With the following test data [http://the-internet.herokuapp.com/drag_and_drop]. @06-05-2021 07:11:20.0194 AM
[ReportManager] Attempting Drag and Drop @06-05-2021 07:11:20.0195 AM
[ReportManager] Element Action [dragAndDrop] successfully performed. With the following test data [Start point: (32, 89), End point: (247, 89)]. @06-05-2021 07:11:21.0412 A
[ReportManager] Successfully created attachment [Selenium WebDriver Logs - server] @06-05-2021 07:11:21.0478 AM
[ReportManager] Successfully created attachment [Selenium WebDriver Logs - performance] @06-05-2021 07:11:21.0502 AM
[ReportManager] Successfully created attachment [Selenium WebDriver Logs - browser] @06-05-2021 07:11:21.0510 AM
[ReportManager] Successfully created attachment [Selenium WebDriver Logs - driver] @06-05-2021 07:11:21.0584 AM
[ReportManager] Browser Action [closeCurrentWindow] successfully performed. @06-05-2021 07:11:21.0643 AM
[ReportManager] Successfully created attachment [Browser Action Test Data - closeCurrentWindow - Actual Value] @06-05-2021 07:11:21.0644 A
[ReportManager] File Action [getAbsolutePath] successfully performed. With the following test data [Relative Folder Path: "target/downloadedFiles/"]. @06-05-2021 07:11:21.0650 AM
[ReportManager] Attempting to run remotely on: [Linux-64], [GoogleChrome], [http://localhost:4444/wd/hub], Headless Execution. @06-05-2021 07:11:21.0650 AM
[ReportManager] Successfully Opened [GoogleChrome]. @06-05-2021 07:11:21.0886 A

################################################################################################################################################
Starting Execution:	[8 out of 137] test cases in the current suite
Test Method:		[testPackage01.Test_dragAndDrop.dragAndDropByOffset]
Test Description:	[TC002 - Test Drag and Drop by offset function.]
################################################################################################################################################
[ReportManager] Target URL: [https://jqueryui.com/resources/demos/draggable/default.html] @06-05-2021 07:11:21.0936 AM
[ReportManager] Initial URL: [data:,] @06-05-2021 07:11:22.0008 AM
[ReportManager] Browser Action [navigateToURL] successfully performed. With the following test data [https://jqueryui.com/resources/demos/draggable/default.html]. @06-05-2021 07:11:22.0421 AM
[ReportManager] Element Action [dragAndDropByOffset] successfully performed. With the following test data [Start point: (8, 8), End point: (1008, 108)]. @06-05-2021 07:11:22.0638 A
[ReportManager] Successfully created attachment [Selenium WebDriver Logs - server] @06-05-2021 07:11:22.0712 AM
[ReportManager] Successfully created attachment [Selenium WebDriver Logs - performance] @06-05-2021 07:11:22.0730 AM
[ReportManager] Successfully created attachment [Selenium WebDriver Logs - driver] @06-05-2021 07:11:22.0792 AM
[ReportManager] Browser Action [closeCurrentWindow] successfully performed. @06-05-2021 07:11:22.0850 AM
[ReportManager] Successfully created attachment [Browser Action Test Data - closeCurrentWindow - Actual Value] @06-05-2021 07:11:22.0850 A
[ReportManager] File Action [getAbsolutePath] successfully performed. With the following test data [Relative Folder Path: "target/downloadedFiles/"]. @06-05-2021 07:11:22.0853 AM
[ReportManager] Attempting to run remotely on: [Linux-64], [GoogleChrome], [http://localhost:4444/wd/hub], Headless Execution. @06-05-2021 07:11:22.0854 AM
[ReportManager] Successfully Opened [GoogleChrome]. @06-05-2021 07:11:23.0118 A

################################################################################################################################################
Starting Execution:	[9 out of 137] test cases in the current suite
Test Method:		[testPackage01.Test_dragAndDrop.dragAndDropJquery]
################################################################################################################################################
[ReportManager] Target URL: [https://jqueryui.com/resources/demos/droppable/default.html] @06-05-2021 07:11:23.0149 AM
[ReportManager] Initial URL: [data:,] @06-05-2021 07:11:23.0205 AM
[ReportManager] Browser Action [navigateToURL] successfully performed. With the following test data [https://jqueryui.com/resources/demos/droppable/default.html]. @06-05-2021 07:11:23.0552 AM
[ReportManager] Element Action [getText] successfully performed. With the following test data [Drop here]. @06-05-2021 07:11:23.0666 AM
[ReportManager] Element Action [dragAndDrop] successfully performed. With the following test data [Start point: (8, 18), End point: (8, 18)]. @06-05-2021 07:11:25.0071 AM
[ReportManager] Element Action [getText] successfully performed. With the following test data [Dropped!]. @06-05-2021 07:11:25.0182 AM
[ReportManager] Checking to see if the text has changed after performing drag and drop... @06-05-2021 07:11:25.0182 AM
[ReportManager] AssertEquals PASSED; Expected [Drop here] and Actual [Dropped!]. Comparison Type [EQUALS]. Validation Type [NEGATIVE]. @06-05-2021 07:11:25.0182 A
[ReportManager] Successfully created attachment [Selenium WebDriver Logs - server] @06-05-2021 07:11:25.0282 AM
[ReportManager] Successfully created attachment [Selenium WebDriver Logs - performance] @06-05-2021 07:11:25.0306 AM
[ReportManager] Successfully created attachment [Selenium WebDriver Logs - driver] @06-05-2021 07:11:25.0396 AM
[ReportManager] Browser Action [closeCurrentWindow] successfully performed. @06-05-2021 07:11:25.0456 AM
[ReportManager] Successfully created attachment [Browser Action Test Data - closeCurrentWindow - Actual Value] @06-05-2021 07:11:25.0456 A

################################################################################################################################################
Starting Execution:	[10 out of 137] test cases in the current suite
Test Method:		[testPackage01.Test_SkipDueToIssue.doNotSkip]
################################################################################################################################################
[ReportManager] This should not be skipped. @06-05-2021 07:11:25.0470 A

################################################################################################################################################
Starting Execution:	[11 out of 137] test cases in the current suite
Test Method:		[testPackage01.Test_SkipDueToIssue.skip]
################################################################################################################################################
[ReportManager] This should be skipped. @06-05-2021 07:11:25.0479 A

################################################################################################################################################
Starting Execution:	[12 out of 137] test cases in the current suite
Test Method:		[testPackage01.Test_SkipDueToIssue.skip2]
################################################################################################################################################
[ReportManager] This should be skipped. @06-05-2021 07:11:25.0484 A

################################################################################################################################################
Starting Execution:	[13 out of 137] test cases in the current suite
Test Method:		[testPackage01.Test_chainableElementActions.chainElementActions]
################################################################################################################################################
[ReportManager] File Action [getAbsolutePath] successfully performed. With the following test data [Relative Folder Path: "target/downloadedFiles/"]. @06-05-2021 07:11:25.0488 AM
[ReportManager] Attempting to run remotely on: [Linux-64], [GoogleChrome], [http://localhost:4444/wd/hub], Headless Execution. @06-05-2021 07:11:25.0488 AM
[ReportManager] Successfully Opened [GoogleChrome]. @06-05-2021 07:11:25.0726 AM
[ReportManager] Target URL: [https://www.google.com/ncr], and after redirection: [https://www.google.com] @06-05-2021 07:11:25.0743 AM
[ReportManager] Initial URL: [data:,] @06-05-2021 07:11:25.0794 AM
[ReportManager] Browser Action [navigateToURL] successfully performed. With the following test data [https://www.google.com/ncr]. @06-05-2021 07:11:26.0658 AM
[ReportManager] Element Action [type] successfully performed. With the following test data [chained type 1]. @06-05-2021 07:11:27.0221 AM
[ReportManager] Element Action [type] successfully performed. With the following test data [chained type 2]. @06-05-2021 07:11:27.0761 AM
[ReportManager] Element Action [typeAppend] successfully performed. With the following test data [345]. @06-05-2021 07:11:27.0916 AM
[ReportManager] Element Action [getText] successfully performed. With the following test data [chained type 2345]. @06-05-2021 07:11:28.0055 AM
[ReportManager] Loaded Shared OpenCV @06-05-2021 07:11:28.0226 AM
[ReportManager] AssertElementAttribute PASSED; Expected [Value Should be 'chained type 2345' for the 'text' attribute, element locator 'By.name: q'] and Actual [chained type 2345]. Comparison Type [EQUALS]. Validation Type [POSITIVE]. @06-05-2021 07:11:28.0300 AM
[ReportManager] Successfully created attachment [Screenshot - 1620285088226_chainElementActions_AssertElementAttribute_passed] @06-05-2021 07:11:28.0301 AM
[ReportManager] Successfully created attachment [Selenium WebDriver Logs - server] @06-05-2021 07:11:28.0385 AM
[ReportManager] Successfully created attachment [Selenium WebDriver Logs - performance] @06-05-2021 07:11:28.0533 AM
[ReportManager] Successfully created attachment [Selenium WebDriver Logs - driver] @06-05-2021 07:11:28.0764 AM
[ReportManager] Browser Action [closeCurrentWindow] successfully performed. @06-05-2021 07:11:28.0821 AM
[ReportManager] Successfully created attachment [Browser Action Test Data - closeCurrentWindow - Actual Value] @06-05-2021 07:11:28.0823 A
[ReportManager] File Action [getAbsolutePath] successfully performed. With the following test data [Relative Folder Path: "target/downloadedFiles/"]. @06-05-2021 07:11:28.0853 AM
[ReportManager] Attempting to run remotely on: [Linux-64], [GoogleChrome], [http://localhost:4444/wd/hub], Headless Execution. @06-05-2021 07:11:28.0853 AM
[ReportManager] Successfully Opened [GoogleChrome]. @06-05-2021 07:11:29.0074 A

################################################################################################################################################
Starting Execution:	[14 out of 137] test cases in the current suite
Test Method:		[testPackage01.Test_clipboardActions.typeTextAndCopyPaste]
################################################################################################################################################
[ReportManager] Target URL: [https://www.google.com/ncr], and after redirection: [https://www.google.com] @06-05-2021 07:11:29.0095 AM
[ReportManager] Initial URL: [data:,] @06-05-2021 07:11:29.0146 AM
[ReportManager] Browser Action [navigateToURL] successfully performed. With the following test data [https://www.google.com/ncr]. @06-05-2021 07:11:29.0983 AM
[ReportManager] Element Action [type] successfully performed. With the following test data [FIRST]. @06-05-2021 07:11:30.0438 AM
[ReportManager] Element Action [clipboardActions] successfully performed. With the following test data [select all]. @06-05-2021 07:11:30.0542 AM
[ReportManager] Element Action [clipboardActions] successfully performed. With the following test data [copy]. @06-05-2021 07:11:30.0615 AM
[ReportManager] Element Action [clipboardActions] successfully performed. With the following test data [unselect]. @06-05-2021 07:11:30.0685 AM
[ReportManager] Element Action [clipboardActions] successfully performed. With the following test data [paste]. @06-05-2021 07:11:30.0779 AM
[ReportManager] Element Action [clipboardActions] successfully performed. With the following test data [select all]. @06-05-2021 07:11:30.0852 AM
[ReportManager] Element Action [clipboardActions] successfully performed. With the following test data [cut]. @06-05-2021 07:11:30.0945 AM
[ReportManager] Element Action [clipboardActions] successfully performed. With the following test data [paste]. @06-05-2021 07:11:31.0046 AM
[ReportManager] Element Action [clipboardActions] successfully performed. With the following test data [paste]. @06-05-2021 07:11:31.0127 A
[ReportManager] Successfully created attachment [Selenium WebDriver Logs - server] @06-05-2021 07:11:31.0242 AM
[ReportManager] Successfully created attachment [Selenium WebDriver Logs - performance] @06-05-2021 07:11:31.0335 AM
[ReportManager] Successfully created attachment [Selenium WebDriver Logs - driver] @06-05-2021 07:11:31.0561 AM
[ReportManager] Browser Action [closeCurrentWindow] successfully performed. @06-05-2021 07:11:31.0628 AM
[ReportManager] Successfully created attachment [Browser Action Test Data - closeCurrentWindow - Actual Value] @06-05-2021 07:11:31.0629 A
[ReportManager] File Action [getAbsolutePath] successfully performed. With the following test data [Relative Folder Path: "target/downloadedFiles/"]. @06-05-2021 07:11:31.0631 AM
[ReportManager] Attempting to run remotely on: [Linux-64], [GoogleChrome], [http://localhost:4444/wd/hub], Headless Execution. @06-05-2021 07:11:31.0631 AM
[ReportManager] Successfully Opened [GoogleChrome]. @06-05-2021 07:11:31.0867 A

################################################################################################################################################
Starting Execution:	[15 out of 137] test cases in the current suite
Test Method:		[testPackage01.Test_verifyEquals.test_assertElementAttribute]
################################################################################################################################################
[ReportManager] Target URL: [https://www.google.com/ncr], and after redirection: [https://www.google.com] @06-05-2021 07:11:31.0887 AM
[ReportManager] Initial URL: [data:,] @06-05-2021 07:11:31.0937 AM
[ReportManager] Browser Action [navigateToURL] successfully performed. With the following test data [https://www.google.com/ncr]. @06-05-2021 07:11:32.0750 AM
[ReportManager] Element Action [type] successfully performed. With the following test data [INC_004010050:Another SCHEDULER with the same name [Duplicate Job Name] already exists.]. @06-05-2021 07:11:34.0675 AM
[ReportManager] Element Action [getText] successfully performed. With the following test data [INC_004010050:Another SCHEDULER with the same name [Duplicate Job Name] already exists.]. @06-05-2021 07:11:34.0787 AM
[ReportManager] Loaded Shared OpenCV @06-05-2021 07:11:34.0923 AM
[ReportManager] VerifyElementAttribute PASSED; Expected [Value Should be 'INC_004010050:Another SCHEDULER with the same name \[Duplicate Job Name\] already exists.' for the 'text' attribute, element locator 'By.name: q'] and Actual [INC_004010050:Another SCHEDULER with the same name [Duplicate Job Name] already exists.]. Comparison Type [MATCHES]. Validation Type [POSITIVE]. @06-05-2021 07:11:34.0999 AM
[ReportManager] Successfully created attachment [Screenshot - 1620285094923_test_assertElementAttribute_VerifyElementAttribute_passed] @06-05-2021 07:11:35.0000 A
[ReportManager] Successfully created attachment [Selenium WebDriver Logs - server] @06-05-2021 07:11:35.0091 AM
[ReportManager] Successfully created attachment [Selenium WebDriver Logs - performance] @06-05-2021 07:11:35.0455 AM
[ReportManager] Successfully created attachment [Selenium WebDriver Logs - driver] @06-05-2021 07:11:35.0792 AM
[ReportManager] Browser Action [closeCurrentWindow] successfully performed. @06-05-2021 07:11:35.0855 AM
[ReportManager] Successfully created attachment [Browser Action Test Data - closeCurrentWindow - Actual Value] @06-05-2021 07:11:35.0864 A

################################################################################################################################################
Starting Execution:	[16 out of 137] test cases in the current suite
Test Method:		[testPackage01.Test_JSONFileManager.readStringFromJson]
################################################################################################################################################
[ReportManager] Successfully loaded the following test data file [src/test/resources/TestDataFiles/simpleJSON.json]. @06-05-2021 07:11:35.0873 AM
[ReportManager] Successfully created attachment [Test Data - JSON] @06-05-2021 07:11:36.0124 AM
[ReportManager] AssertEquals PASSED; Expected [Mohab Mohie] and Actual [Mohab Mohie]. Comparison Type [EQUALS]. Validation Type [POSITIVE]. @06-05-2021 07:11:37.0726 A
[ReportManager] File Action [getAbsolutePath] successfully performed. With the following test data [Relative Folder Path: "target/downloadedFiles/"]. @06-05-2021 07:11:37.0735 AM
[ReportManager] Attempting to run remotely on: [Linux-64], [GoogleChrome], [http://localhost:4444/wd/hub], Headless Execution. @06-05-2021 07:11:37.0735 AM
[ReportManager] Successfully Opened [GoogleChrome]. @06-05-2021 07:11:38.0195 A

################################################################################################################################################
Starting Execution:	[17 out of 137] test cases in the current suite
Test Method:		[testPackage01.Test_uploadFile.uploadFile_invisibleUploadInput]
################################################################################################################################################
[ReportManager] Target URL: [https://fineuploader.com/demos.html#gallery-view] @06-05-2021 07:11:38.0209 AM
[ReportManager] Initial URL: [data:,] @06-05-2021 07:11:38.0273 AM
[ReportManager] Browser Action [navigateToURL] successfully performed. With the following test data [https://fineuploader.com/demos.html#gallery-view]. @06-05-2021 07:11:40.0070 AM
[ReportManager] File Action [getAbsolutePath] successfully performed. With the following test data [Relative File Path: "src/main/resources/images/shaft.png"]. @06-05-2021 07:11:40.0071 AM
[ReportManager] Successfully created attachment [File Action Actual Result - Command Log] @06-05-2021 07:11:40.0071 AM
[ReportManager] Element Action [typeFileLocationForUpload] successfully performed. With the following test data [/home/runner/work/SHAFT_ENGINE/SHAFT_ENGINE/src/main/resources/images/shaft.png]. @06-05-2021 07:11:40.0287 AM
[ReportManager] Attempting to getAttribute [src] from elementLocator [By.xpath: //div[@id='fine-uploader-gallery']//div[@class='qq-thumbnail-wrapper']/img]. @06-05-2021 07:11:40.0288 AM
[ReportManager] Element Action [getAttribute] successfully performed. @06-05-2021 07:11:40.0415 AM
[ReportManager] Successfully created attachment [Element Action Test Data - getAttribute - Actual Value] @06-05-2021 07:11:40.0416 AM
[ReportManager] Loaded Shared OpenCV @06-05-2021 07:11:40.0612 AM
[ReportManager] AssertElementAttribute PASSED; Expected and Actual values are attached. Comparison Type [CONTAINS]. Validation Type [POSITIVE]. @06-05-2021 07:11:40.0695 AM
[ReportManager] Successfully created attachment [Validation Test Data - Expected Value] @06-05-2021 07:11:40.0696 AM
[ReportManager] Successfully created attachment [Validation Test Data - Actual Value] @06-05-2021 07:11:40.0696 AM
[ReportManager] Successfully created attachment [Screenshot - 1620285100612_uploadFile_invisibleUploadInput_AssertElementAttribute_passed] @06-05-2021 07:11:40.0697 A
[ReportManager] Successfully created attachment [Selenium WebDriver Logs - server] @06-05-2021 07:11:40.0794 AM
[ReportManager] Successfully created attachment [Selenium WebDriver Logs - performance] @06-05-2021 07:11:40.0882 AM
[ReportManager] Successfully created attachment [Selenium WebDriver Logs - browser] @06-05-2021 07:11:40.0892 AM
[ReportManager] Successfully created attachment [Selenium WebDriver Logs - driver] @06-05-2021 07:11:41.0055 AM
[ReportManager] Browser Action [closeCurrentWindow] successfully performed. @06-05-2021 07:11:41.0112 AM
[ReportManager] Successfully created attachment [Browser Action Test Data - closeCurrentWindow - Actual Value] @06-05-2021 07:11:41.0113 A
[ReportManager] File Action [getAbsolutePath] successfully performed. With the following test data [Relative Folder Path: "target/downloadedFiles/"]. @06-05-2021 07:11:41.0116 AM
[ReportManager] Attempting to run remotely on: [Linux-64], [GoogleChrome], [http://localhost:4444/wd/hub], Headless Execution. @06-05-2021 07:11:41.0116 AM
[ReportManager] Successfully Opened [GoogleChrome]. @06-05-2021 07:11:41.0368 A

################################################################################################################################################
Starting Execution:	[18 out of 137] test cases in the current suite
Test Method:		[testPackage01.Test_uploadFile.uploadFile_visibleUploadInput]
################################################################################################################################################
[ReportManager] Target URL: [http://demo.guru99.com/test/upload/] @06-05-2021 07:11:41.0399 AM
[ReportManager] Initial URL: [data:,] @06-05-2021 07:11:41.0462 AM
[ReportManager] Browser Action [navigateToURL] successfully performed. With the following test data [http://demo.guru99.com/test/upload/]. @06-05-2021 07:11:42.0252 AM
[ReportManager] File Action [getAbsolutePath] successfully performed. With the following test data [Relative File Path: "src/main/resources/images/shaft.png"]. @06-05-2021 07:11:42.0253 AM
[ReportManager] Successfully created attachment [File Action Actual Result - Command Log] @06-05-2021 07:11:42.0254 AM
[ReportManager] Element Action [typeFileLocationForUpload] successfully performed. With the following test data [/home/runner/work/SHAFT_ENGINE/SHAFT_ENGINE/src/main/resources/images/shaft.png]. @06-05-2021 07:11:42.0443 AM
[ReportManager] Element Action [click] successfully performed. With the following test data [on]. @06-05-2021 07:11:42.0813 AM
[ReportManager] Element Action [click] successfully performed. With the following test data [Submit File]. @06-05-2021 07:11:43.0162 AM
[ReportManager] Element Action [getText] successfully performed. With the following test data [1 file
has been successfully uploaded.]. @06-05-2021 07:11:43.0294 AM
[ReportManager] Loaded Shared OpenCV @06-05-2021 07:11:43.0454 AM
[ReportManager] AssertElementAttribute PASSED; Expected [Value Should be '1 file' for the 'Text' attribute, element locator 'By.id: res'] and Actual [1 file
has been successfully uploaded.]. Comparison Type [CONTAINS]. Validation Type [POSITIVE]. @06-05-2021 07:11:43.0529 AM
[ReportManager] Successfully created attachment [Screenshot - 1620285103454_uploadFile_visibleUploadInput_AssertElementAttribute_passed] @06-05-2021 07:11:43.0530 A
[ReportManager] Successfully created attachment [Selenium WebDriver Logs - server] @06-05-2021 07:11:43.0594 AM
[ReportManager] Successfully created attachment [Selenium WebDriver Logs - performance] @06-05-2021 07:11:43.0641 AM
[ReportManager] Successfully created attachment [Selenium WebDriver Logs - browser] @06-05-2021 07:11:43.0648 AM
[ReportManager] Successfully created attachment [Selenium WebDriver Logs - driver] @06-05-2021 07:11:43.0815 AM
[ReportManager] Browser Action [closeCurrentWindow] successfully performed. @06-05-2021 07:11:43.0891 AM
[ReportManager] Successfully created attachment [Browser Action Test Data - closeCurrentWindow - Actual Value] @06-05-2021 07:11:43.0891 A
[ReportManager] File Action [getAbsolutePath] successfully performed. With the following test data [Relative Folder Path: "target/downloadedFiles/"]. @06-05-2021 07:11:43.0895 AM
[ReportManager] Attempting to run remotely on: [Linux-64], [GoogleChrome], [http://localhost:4444/wd/hub], Headless Execution. @06-05-2021 07:11:43.0895 AM
[ReportManager] Successfully Opened [GoogleChrome]. @06-05-2021 07:11:44.0156 A

################################################################################################################################################
Starting Execution:	[19 out of 137] test cases in the current suite
Test Method:		[testPackage01.Test_ShadowDOM.shadowdom]
################################################################################################################################################
[ReportManager] Target URL: [https://mdn.github.io/web-components-examples/popup-info-box-web-component/] @06-05-2021 07:11:44.0171 AM
[ReportManager] Initial URL: [data:,] @06-05-2021 07:11:44.0221 AM
[ReportManager] Browser Action [navigateToURL] successfully performed. With the following test data [https://mdn.github.io/web-components-examples/popup-info-box-web-component/]. @06-05-2021 07:11:44.0417 AM
[ReportManager] Element Action [type] successfully performed. With the following test data [Typing into SHADOW DOM...]. @06-05-2021 07:11:45.0061 AM
[ReportManager] Element Action [getText] successfully performed. With the following test data [Typing into SHADOW DOM...]. @06-05-2021 07:11:45.0186 AM
[ReportManager] Loaded Shared OpenCV @06-05-2021 07:11:45.0344 AM
[ReportManager] AssertElementAttribute PASSED; Expected [Value Should be 'Typing into SHADOW DOM...' for the 'Text' attribute, element locator 'By.id: cvc'] and Actual [Typing into SHADOW DOM...]. Comparison Type [EQUALS]. Validation Type [POSITIVE]. @06-05-2021 07:11:45.0416 AM
[ReportManager] Successfully created attachment [Screenshot - 1620285105344_shadowdom_AssertElementAttribute_passed] @06-05-2021 07:11:45.0416 A
[ReportManager] Successfully created attachment [Selenium WebDriver Logs - server] @06-05-2021 07:11:45.0458 AM
[ReportManager] Successfully created attachment [Selenium WebDriver Logs - performance] @06-05-2021 07:11:45.0469 AM
[ReportManager] Successfully created attachment [Selenium WebDriver Logs - browser] @06-05-2021 07:11:45.0477 AM
[ReportManager] Successfully created attachment [Selenium WebDriver Logs - driver] @06-05-2021 07:11:45.0560 AM
[ReportManager] Browser Action [closeCurrentWindow] successfully performed. @06-05-2021 07:11:45.0620 AM
[ReportManager] Successfully created attachment [Browser Action Test Data - closeCurrentWindow - Actual Value] @06-05-2021 07:11:45.0621 A

################################################################################################################################################
Starting Execution:	[20 out of 137] test cases in the current suite
Test Method:		[testPackage01.Test_NewValidationHelper.f1]
################################################################################################################################################
[ReportManager] Checking valid user data... @06-05-2021 07:11:45.0636 AM
[ReportManager] AssertEquals PASSED; Expected and Actual values are attached. Comparison Type [EQUALS]. Validation Type [POSITIVE]. @06-05-2021 07:11:45.0637 AM
[ReportManager] Successfully created attachment [Validation Test Data - Expected Value] @06-05-2021 07:11:45.0637 AM
[ReportManager] Successfully created attachment [Validation Test Data - Actual Value] @06-05-2021 07:11:45.0637 A
[ReportManager] File Action [getAbsolutePath] successfully performed. With the following test data [Relative Folder Path: "target/downloadedFiles/"]. @06-05-2021 07:11:45.0649 AM
[ReportManager] Attempting to run remotely on: [Linux-64], [GoogleChrome], [http://localhost:4444/wd/hub], Headless Execution. @06-05-2021 07:11:45.0649 AM
[ReportManager] Successfully Opened [GoogleChrome]. @06-05-2021 07:11:45.0925 AM
[ReportManager] Target URL: [https://the-internet.herokuapp.com/] @06-05-2021 07:11:45.0937 AM
[ReportManager] Initial URL: [data:,] @06-05-2021 07:11:45.0981 AM
[ReportManager] Browser Action [navigateToURL] successfully performed. With the following test data [https://the-internet.herokuapp.com/]. @06-05-2021 07:11:46.0344 A

################################################################################################################################################
Starting Execution:	[21 out of 137] test cases in the current suite
Test Method:		[testPackage01.Test_NewValidationHelper.f10]
################################################################################################################################################
[ReportManager] AssertElementExists FAILED; Expected [Element Should Exist, locator 'By.tagName: div'] and Actual [Element Exists but is not unique]. Comparison Type [EQUALS]. Validation Type [POSITIVE]. @06-05-2021 07:11:46.0654 AM
[ReportManager] Successfully created attachment [Screenshot - 1620285106552_f10_AssertElementExists_failed] @06-05-2021 07:11:46.0654 A
[ReportManager] Successfully created attachment [Selenium WebDriver Logs - server] @06-05-2021 07:11:46.0672 AM
[ReportManager] Successfully created attachment [Selenium WebDriver Logs - performance] @06-05-2021 07:11:46.0690 AM
[ReportManager] Successfully created attachment [Selenium WebDriver Logs - browser] @06-05-2021 07:11:46.0695 AM
[ReportManager] Successfully created attachment [Selenium WebDriver Logs - driver] @06-05-2021 07:11:46.0743 AM
[ReportManager] Successfully Closed All Drivers. @06-05-2021 07:11:46.0824 A
[ReportManager] File Action [getAbsolutePath] successfully performed. With the following test data [Relative Folder Path: "target/downloadedFiles/"]. @06-05-2021 07:11:46.0826 AM
[ReportManager] Attempting to run remotely on: [Linux-64], [GoogleChrome], [http://localhost:4444/wd/hub], Headless Execution. @06-05-2021 07:11:46.0826 AM
[ReportManager] Successfully Opened [GoogleChrome]. @06-05-2021 07:11:47.0045 AM
[ReportManager] Target URL: [https://the-internet.herokuapp.com/] @06-05-2021 07:11:47.0065 AM
[ReportManager] Initial URL: [data:,] @06-05-2021 07:11:47.0115 AM
[ReportManager] Browser Action [navigateToURL] successfully performed. With the following test data [https://the-internet.herokuapp.com/]. @06-05-2021 07:11:47.0466 A

################################################################################################################################################
Starting Execution:	[22 out of 137] test cases in the current suite
Test Method:		[testPackage01.Test_NewValidationHelper.f11]
################################################################################################################################################
[ReportManager] Checking that false tag doesn't exist... @06-05-2021 07:11:47.0474 AM
[ReportManager] AssertElementExists PASSED; Expected [Element Should not Exist, locator 'By.tagName: h3'] and Actual [Element Doesn't Exists]. Comparison Type [EQUALS]. Validation Type [NEGATIVE]. @06-05-2021 07:11:57.0923 AM
[ReportManager] Successfully created attachment [Screenshot - 1620285117850_f11_AssertElementExists_passed] @06-05-2021 07:11:57.0924 A
[ReportManager] Successfully created attachment [Selenium WebDriver Logs - server] @06-05-2021 07:11:57.0940 AM
[ReportManager] Successfully created attachment [Selenium WebDriver Logs - performance] @06-05-2021 07:11:57.0959 AM
[ReportManager] Successfully created attachment [Selenium WebDriver Logs - browser] @06-05-2021 07:11:57.0968 AM
[ReportManager] Successfully created attachment [Selenium WebDriver Logs - driver] @06-05-2021 07:11:58.0021 AM
[ReportManager] Successfully Closed All Drivers. @06-05-2021 07:11:58.0099 A
[ReportManager] File Action [getAbsolutePath] successfully performed. With the following test data [Relative Folder Path: "target/downloadedFiles/"]. @06-05-2021 07:11:58.0102 AM
[ReportManager] Attempting to run remotely on: [Linux-64], [GoogleChrome], [http://localhost:4444/wd/hub], Headless Execution. @06-05-2021 07:11:58.0102 AM
[ReportManager] Successfully Opened [GoogleChrome]. @06-05-2021 07:11:58.0415 AM
[ReportManager] Target URL: [https://the-internet.herokuapp.com/] @06-05-2021 07:11:58.0426 AM
[ReportManager] Initial URL: [data:,] @06-05-2021 07:11:58.0475 AM
[ReportManager] Browser Action [navigateToURL] successfully performed. With the following test data [https://the-internet.herokuapp.com/]. @06-05-2021 07:11:58.0816 A

################################################################################################################################################
Starting Execution:	[23 out of 137] test cases in the current suite
Test Method:		[testPackage01.Test_NewValidationHelper.f12]
################################################################################################################################################
[ReportManager] Loaded Shared OpenCV @06-05-2021 07:11:59.0067 AM
[ReportManager] AssertElementExists FAILED; Expected [Element Should not Exist, locator 'By.tagName: h1'] and Actual [Element Exists]. Comparison Type [EQUALS]. Validation Type [NEGATIVE]. @06-05-2021 07:11:59.0155 AM
[ReportManager] Successfully created attachment [Screenshot - 1620285119067_f12_AssertElementExists_failed] @06-05-2021 07:11:59.0156 A
[ReportManager] Successfully created attachment [Selenium WebDriver Logs - server] @06-05-2021 07:11:59.0174 AM
[ReportManager] Successfully created attachment [Selenium WebDriver Logs - performance] @06-05-2021 07:11:59.0193 AM
[ReportManager] Successfully created attachment [Selenium WebDriver Logs - browser] @06-05-2021 07:11:59.0199 AM
[ReportManager] Successfully created attachment [Selenium WebDriver Logs - driver] @06-05-2021 07:11:59.0254 AM
[ReportManager] Successfully Closed All Drivers. @06-05-2021 07:11:59.0330 A
[ReportManager] File Action [getAbsolutePath] successfully performed. With the following test data [Relative Folder Path: "target/downloadedFiles/"]. @06-05-2021 07:11:59.0332 AM
[ReportManager] Attempting to run remotely on: [Linux-64], [GoogleChrome], [http://localhost:4444/wd/hub], Headless Execution. @06-05-2021 07:11:59.0332 AM
[ReportManager] Successfully Opened [GoogleChrome]. @06-05-2021 07:11:59.0537 AM
[ReportManager] Target URL: [https://the-internet.herokuapp.com/] @06-05-2021 07:11:59.0548 AM
[ReportManager] Initial URL: [data:,] @06-05-2021 07:11:59.0596 AM
[ReportManager] Browser Action [navigateToURL] successfully performed. With the following test data [https://the-internet.herokuapp.com/]. @06-05-2021 07:11:59.0939 A

################################################################################################################################################
Starting Execution:	[24 out of 137] test cases in the current suite
Test Method:		[testPackage01.Test_NewValidationHelper.f13]
################################################################################################################################################
[ReportManager] AssertElementExists FAILED; Expected [Element Should not Exist, locator 'By.tagName: div'] and Actual [Element Exists but is not unique]. Comparison Type [EQUALS]. Validation Type [NEGATIVE]. @06-05-2021 07:12:00.0215 AM
[ReportManager] Successfully created attachment [Screenshot - 1620285120149_f13_AssertElementExists_failed] @06-05-2021 07:12:00.0216 A
[ReportManager] Successfully created attachment [Selenium WebDriver Logs - server] @06-05-2021 07:12:00.0230 AM
[ReportManager] Successfully created attachment [Selenium WebDriver Logs - performance] @06-05-2021 07:12:00.0249 AM
[ReportManager] Successfully created attachment [Selenium WebDriver Logs - browser] @06-05-2021 07:12:00.0254 AM
[ReportManager] Successfully created attachment [Selenium WebDriver Logs - driver] @06-05-2021 07:12:00.0306 AM
[ReportManager] Successfully Closed All Drivers. @06-05-2021 07:12:00.0379 A
[ReportManager] File Action [getAbsolutePath] successfully performed. With the following test data [Relative Folder Path: "target/downloadedFiles/"]. @06-05-2021 07:12:00.0390 AM
[ReportManager] Attempting to run remotely on: [Linux-64], [GoogleChrome], [http://localhost:4444/wd/hub], Headless Execution. @06-05-2021 07:12:00.0390 AM
[ReportManager] Successfully Opened [GoogleChrome]. @06-05-2021 07:12:00.0628 AM
[ReportManager] Target URL: [https://the-internet.herokuapp.com/] @06-05-2021 07:12:00.0641 AM
[ReportManager] Initial URL: [data:,] @06-05-2021 07:12:00.0698 AM
[ReportManager] Browser Action [navigateToURL] successfully performed. With the following test data [https://the-internet.herokuapp.com/]. @06-05-2021 07:12:01.0037 A

################################################################################################################################################
Starting Execution:	[25 out of 137] test cases in the current suite
Test Method:		[testPackage01.Test_NewValidationHelper.f14]
################################################################################################################################################
[ReportManager] Asserting that the header text is correct... @06-05-2021 07:12:01.0045 AM
[ReportManager] Element Action [getText] successfully performed. With the following test data [Welcome to the-internet]. @06-05-2021 07:12:01.0141 AM
[ReportManager] Loaded Shared OpenCV @06-05-2021 07:12:01.0313 AM
[ReportManager] AssertElementAttribute PASSED; Expected [Value Should be 'Welcome to the-internet' for the 'text' attribute, element locator 'By.tagName: h1'] and Actual [Welcome to the-internet]. Comparison Type [EQUALS]. Validation Type [POSITIVE]. @06-05-2021 07:12:01.0396 AM
[ReportManager] Successfully created attachment [Screenshot - 1620285121313_f14_AssertElementAttribute_passed] @06-05-2021 07:12:01.0397 A
[ReportManager] Successfully created attachment [Selenium WebDriver Logs - server] @06-05-2021 07:12:01.0411 AM
[ReportManager] Successfully created attachment [Selenium WebDriver Logs - performance] @06-05-2021 07:12:01.0430 AM
[ReportManager] Successfully created attachment [Selenium WebDriver Logs - browser] @06-05-2021 07:12:01.0438 AM
[ReportManager] Successfully created attachment [Selenium WebDriver Logs - driver] @06-05-2021 07:12:01.0502 AM
[ReportManager] Successfully Closed All Drivers. @06-05-2021 07:12:01.0582 A
[ReportManager] File Action [getAbsolutePath] successfully performed. With the following test data [Relative Folder Path: "target/downloadedFiles/"]. @06-05-2021 07:12:01.0585 AM
[ReportManager] Attempting to run remotely on: [Linux-64], [GoogleChrome], [http://localhost:4444/wd/hub], Headless Execution. @06-05-2021 07:12:01.0585 AM
[ReportManager] Successfully Opened [GoogleChrome]. @06-05-2021 07:12:01.0811 AM
[ReportManager] Target URL: [https://the-internet.herokuapp.com/] @06-05-2021 07:12:01.0826 AM
[ReportManager] Initial URL: [data:,] @06-05-2021 07:12:01.0865 AM
[ReportManager] Browser Action [navigateToURL] successfully performed. With the following test data [https://the-internet.herokuapp.com/]. @06-05-2021 07:12:02.0212 A

################################################################################################################################################
Starting Execution:	[26 out of 137] test cases in the current suite
Test Method:		[testPackage01.Test_NewValidationHelper.f15]
################################################################################################################################################
[ReportManager] Element Action [getText] successfully performed. With the following test data [Welcome to the-internet]. @06-05-2021 07:12:02.0302 AM
[ReportManager] Loaded Shared OpenCV @06-05-2021 07:12:02.0466 AM
[ReportManager] AssertElementAttribute FAILED; Expected [Value Should not be 'Welcome' for the 'text' attribute, element locator 'By.tagName: h1'] and Actual [Welcome to the-internet]. Comparison Type [CONTAINS]. Validation Type [NEGATIVE]. @06-05-2021 07:12:02.0547 AM
[ReportManager] Successfully created attachment [Screenshot - 1620285122466_f15_AssertElementAttribute_failed] @06-05-2021 07:12:02.0548 A
[ReportManager] Successfully created attachment [Selenium WebDriver Logs - server] @06-05-2021 07:12:02.0559 AM
[ReportManager] Successfully created attachment [Selenium WebDriver Logs - performance] @06-05-2021 07:12:02.0578 AM
[ReportManager] Successfully created attachment [Selenium WebDriver Logs - browser] @06-05-2021 07:12:02.0583 AM
[ReportManager] Successfully created attachment [Selenium WebDriver Logs - driver] @06-05-2021 07:12:02.0634 AM
[ReportManager] Successfully Closed All Drivers. @06-05-2021 07:12:02.0716 A
[ReportManager] File Action [getAbsolutePath] successfully performed. With the following test data [Relative Folder Path: "target/downloadedFiles/"]. @06-05-2021 07:12:02.0720 AM
[ReportManager] Attempting to run remotely on: [Linux-64], [GoogleChrome], [http://localhost:4444/wd/hub], Headless Execution. @06-05-2021 07:12:02.0720 AM
[ReportManager] Successfully Opened [GoogleChrome]. @06-05-2021 07:12:02.0920 AM
[ReportManager] Target URL: [https://the-internet.herokuapp.com/] @06-05-2021 07:12:02.0934 AM
[ReportManager] Initial URL: [data:,] @06-05-2021 07:12:02.0977 AM
[ReportManager] Browser Action [navigateToURL] successfully performed. With the following test data [https://the-internet.herokuapp.com/]. @06-05-2021 07:12:03.0337 A

################################################################################################################################################
Starting Execution:	[27 out of 137] test cases in the current suite
Test Method:		[testPackage01.Test_NewValidationHelper.f16]
################################################################################################################################################
[ReportManager] Element Action [identifyUniqueElement] failed. With the following test data [zero elements found matching this locator "By.tagName: h3".]. @06-05-2021 07:12:28.0920 AM
[ReportManager] Successfully created attachment [Screenshot - 1620285148852_f16_identifyUniqueElement_failed] @06-05-2021 07:12:28.0921 AM
[ReportManager] AssertElementAttribute FAILED; Expected [Value Should not be 'Welcome' for the 'text' attribute, element locator 'By.tagName: h3'] and Actual [Failed to read the desired element attribute]. Comparison Type [CONTAINS]. Validation Type [NEGATIVE]. @06-05-2021 07:12:28.0922 A
[ReportManager] Successfully created attachment [Selenium WebDriver Logs - server] @06-05-2021 07:12:28.0934 AM
[ReportManager] Successfully created attachment [Selenium WebDriver Logs - performance] @06-05-2021 07:12:28.0952 AM
[ReportManager] Successfully created attachment [Selenium WebDriver Logs - browser] @06-05-2021 07:12:28.0957 AM
[ReportManager] Successfully created attachment [Selenium WebDriver Logs - driver] @06-05-2021 07:12:29.0022 AM
[ReportManager] Successfully Closed All Drivers. @06-05-2021 07:12:29.0096 A
[ReportManager] File Action [getAbsolutePath] successfully performed. With the following test data [Relative Folder Path: "target/downloadedFiles/"]. @06-05-2021 07:12:29.0098 AM
[ReportManager] Attempting to run remotely on: [Linux-64], [GoogleChrome], [http://localhost:4444/wd/hub], Headless Execution. @06-05-2021 07:12:29.0098 AM
[ReportManager] Successfully Opened [GoogleChrome]. @06-05-2021 07:12:29.0310 AM
[ReportManager] Target URL: [https://the-internet.herokuapp.com/] @06-05-2021 07:12:29.0323 AM
[ReportManager] Initial URL: [data:,] @06-05-2021 07:12:29.0363 AM
[ReportManager] Browser Action [navigateToURL] successfully performed. With the following test data [https://the-internet.herokuapp.com/]. @06-05-2021 07:12:29.0709 A

################################################################################################################################################
Starting Execution:	[28 out of 137] test cases in the current suite
Test Method:		[testPackage01.Test_NewValidationHelper.f17]
################################################################################################################################################
[ReportManager] Attempting to getAttribute [text2] from elementLocator [By.tagName: h1]. @06-05-2021 07:12:29.0719 AM
[ReportManager] Element Action [getAttribute] successfully performed. @06-05-2021 07:12:29.0803 AM
[ReportManager] Loaded Shared OpenCV @06-05-2021 07:12:29.0968 AM
[ReportManager] AssertElementAttribute PASSED; Expected [Value Should not be 'Welcome' for the 'text2' attribute, element locator 'By.tagName: h1'] and Actual [null]. Comparison Type [CONTAINS]. Validation Type [NEGATIVE]. @06-05-2021 07:12:30.0048 AM
[ReportManager] Successfully created attachment [Screenshot - 1620285149968_f17_AssertElementAttribute_passed] @06-05-2021 07:12:30.0049 A
[ReportManager] Successfully created attachment [Selenium WebDriver Logs - server] @06-05-2021 07:12:30.0068 AM
[ReportManager] Successfully created attachment [Selenium WebDriver Logs - performance] @06-05-2021 07:12:30.0086 AM
[ReportManager] Successfully created attachment [Selenium WebDriver Logs - browser] @06-05-2021 07:12:30.0092 AM
[ReportManager] Successfully created attachment [Selenium WebDriver Logs - driver] @06-05-2021 07:12:30.0147 AM
[ReportManager] Successfully Closed All Drivers. @06-05-2021 07:12:30.0231 A
[ReportManager] File Action [getAbsolutePath] successfully performed. With the following test data [Relative Folder Path: "target/downloadedFiles/"]. @06-05-2021 07:12:30.0238 AM
[ReportManager] Attempting to run remotely on: [Linux-64], [GoogleChrome], [http://localhost:4444/wd/hub], Headless Execution. @06-05-2021 07:12:30.0238 AM
[ReportManager] Successfully Opened [GoogleChrome]. @06-05-2021 07:12:30.0472 AM
[ReportManager] Target URL: [https://the-internet.herokuapp.com/] @06-05-2021 07:12:30.0482 AM
[ReportManager] Initial URL: [data:,] @06-05-2021 07:12:30.0525 AM
[ReportManager] Browser Action [navigateToURL] successfully performed. With the following test data [https://the-internet.herokuapp.com/]. @06-05-2021 07:12:30.0888 A

################################################################################################################################################
Starting Execution:	[29 out of 137] test cases in the current suite
Test Method:		[testPackage01.Test_NewValidationHelper.f18]
################################################################################################################################################
[ReportManager] Element Action [getText] successfully performed. With the following test data [Welcome to the-internet]. @06-05-2021 07:12:31.0015 AM
[ReportManager] Loaded Shared OpenCV @06-05-2021 07:12:31.0197 AM
[ReportManager] AssertElementAttribute PASSED; Expected [Value Should not be 'no' for the 'text' attribute, element locator 'By.tagName: h1'] and Actual [Welcome to the-internet]. Comparison Type [CONTAINS]. Validation Type [NEGATIVE]. @06-05-2021 07:12:31.0292 AM
[ReportManager] Successfully created attachment [Screenshot - 1620285151197_f18_AssertElementAttribute_passed] @06-05-2021 07:12:31.0293 A
[ReportManager] Successfully created attachment [Selenium WebDriver Logs - server] @06-05-2021 07:12:31.0313 AM
[ReportManager] Successfully created attachment [Selenium WebDriver Logs - performance] @06-05-2021 07:12:31.0335 AM
[ReportManager] Successfully created attachment [Selenium WebDriver Logs - browser] @06-05-2021 07:12:31.0343 AM
[ReportManager] Successfully created attachment [Selenium WebDriver Logs - driver] @06-05-2021 07:12:31.0397 AM
[ReportManager] Successfully Closed All Drivers. @06-05-2021 07:12:31.0474 A
[ReportManager] File Action [getAbsolutePath] successfully performed. With the following test data [Relative Folder Path: "target/downloadedFiles/"]. @06-05-2021 07:12:31.0477 AM
[ReportManager] Attempting to run remotely on: [Linux-64], [GoogleChrome], [http://localhost:4444/wd/hub], Headless Execution. @06-05-2021 07:12:31.0477 AM
[ReportManager] Successfully Opened [GoogleChrome]. @06-05-2021 07:12:31.0724 AM
[ReportManager] Target URL: [https://the-internet.herokuapp.com/] @06-05-2021 07:12:31.0745 AM
[ReportManager] Initial URL: [data:,] @06-05-2021 07:12:31.0789 AM
[ReportManager] Browser Action [navigateToURL] successfully performed. With the following test data [https://the-internet.herokuapp.com/]. @06-05-2021 07:12:32.0140 A

################################################################################################################################################
Starting Execution:	[30 out of 137] test cases in the current suite
Test Method:		[testPackage01.Test_NewValidationHelper.f19]
################################################################################################################################################
[ReportManager] Element Action [getTagName] successfully performed. With the following test data [h1]. @06-05-2021 07:12:32.0215 AM
[ReportManager] Loaded Shared OpenCV @06-05-2021 07:12:32.0366 AM
[ReportManager] AssertElementAttribute PASSED; Expected [Value Should be 'h' for the 'tagname' attribute, element locator 'By.tagName: h1'] and Actual [h1]. Comparison Type [CONTAINS]. Validation Type [POSITIVE]. @06-05-2021 07:12:32.0450 AM
[ReportManager] Successfully created attachment [Screenshot - 1620285152366_f19_AssertElementAttribute_passed] @06-05-2021 07:12:32.0451 A
[ReportManager] Successfully created attachment [Selenium WebDriver Logs - server] @06-05-2021 07:12:32.0469 AM
[ReportManager] Successfully created attachment [Selenium WebDriver Logs - performance] @06-05-2021 07:12:32.0490 AM
[ReportManager] Successfully created attachment [Selenium WebDriver Logs - browser] @06-05-2021 07:12:32.0496 AM
[ReportManager] Successfully created attachment [Selenium WebDriver Logs - driver] @06-05-2021 07:12:32.0558 AM
[ReportManager] Successfully Closed All Drivers. @06-05-2021 07:12:32.0633 A

################################################################################################################################################
Starting Execution:	[31 out of 137] test cases in the current suite
Test Method:		[testPackage01.Test_NewValidationHelper.f2]
################################################################################################################################################
[ReportManager] Checking valid user data... @06-05-2021 07:12:32.0636 AM
[ReportManager] AssertEquals FAILED; Expected [1] and Actual [2]. Comparison Type [EQUALS]. Validation Type [POSITIVE]. @06-05-2021 07:12:32.0636 A
[ReportManager] File Action [getAbsolutePath] successfully performed. With the following test data [Relative Folder Path: "target/downloadedFiles/"]. @06-05-2021 07:12:32.0640 AM
[ReportManager] Attempting to run remotely on: [Linux-64], [GoogleChrome], [http://localhost:4444/wd/hub], Headless Execution. @06-05-2021 07:12:32.0640 AM
[ReportManager] Successfully Opened [GoogleChrome]. @06-05-2021 07:12:32.0842 AM
[ReportManager] Target URL: [https://the-internet.herokuapp.com/] @06-05-2021 07:12:32.0853 AM
[ReportManager] Initial URL: [data:,] @06-05-2021 07:12:32.0908 AM
[ReportManager] Browser Action [navigateToURL] successfully performed. With the following test data [https://the-internet.herokuapp.com/]. @06-05-2021 07:12:33.0265 A

################################################################################################################################################
Starting Execution:	[32 out of 137] test cases in the current suite
Test Method:		[testPackage01.Test_NewValidationHelper.f20]
################################################################################################################################################
[ReportManager] Element Action [getSize] successfully performed. With the following test data [(755, 61)]. @06-05-2021 07:12:33.0341 AM
[ReportManager] Loaded Shared OpenCV @06-05-2021 07:12:33.0516 AM
[ReportManager] AssertElementAttribute PASSED; Expected [Value Should not be 'a' for the 'size' attribute, element locator 'By.tagName: h1'] and Actual [(755, 61)]. Comparison Type [CONTAINS]. Validation Type [NEGATIVE]. @06-05-2021 07:12:33.0599 AM
[ReportManager] Successfully created attachment [Screenshot - 1620285153516_f20_AssertElementAttribute_passed] @06-05-2021 07:12:33.0601 A
[ReportManager] Successfully created attachment [Selenium WebDriver Logs - server] @06-05-2021 07:12:33.0613 AM
[ReportManager] Successfully created attachment [Selenium WebDriver Logs - performance] @06-05-2021 07:12:33.0631 AM
[ReportManager] Successfully created attachment [Selenium WebDriver Logs - browser] @06-05-2021 07:12:33.0636 AM
[ReportManager] Successfully created attachment [Selenium WebDriver Logs - driver] @06-05-2021 07:12:33.0690 AM
[ReportManager] Successfully Closed All Drivers. @06-05-2021 07:12:33.0771 A
[ReportManager] File Action [getAbsolutePath] successfully performed. With the following test data [Relative Folder Path: "target/downloadedFiles/"]. @06-05-2021 07:12:33.0784 AM
[ReportManager] Attempting to run remotely on: [Linux-64], [GoogleChrome], [http://localhost:4444/wd/hub], Headless Execution. @06-05-2021 07:12:33.0784 AM
[ReportManager] Successfully Opened [GoogleChrome]. @06-05-2021 07:12:34.0100 AM
[ReportManager] Target URL: [https://the-internet.herokuapp.com/] @06-05-2021 07:12:34.0110 AM
[ReportManager] Initial URL: [data:,] @06-05-2021 07:12:34.0153 AM
[ReportManager] Browser Action [navigateToURL] successfully performed. With the following test data [https://the-internet.herokuapp.com/]. @06-05-2021 07:12:34.0578 A

################################################################################################################################################
Starting Execution:	[33 out of 137] test cases in the current suite
Test Method:		[testPackage01.Test_NewValidationHelper.f21]
################################################################################################################################################
[ReportManager] Element Action [identifyUniqueElement] failed. With the following test data [zero elements found matching this locator "By.tagName: h3".]. @06-05-2021 07:13:00.0181 AM
[ReportManager] Successfully created attachment [Screenshot - 1620285180115_f21_identifyUniqueElement_failed] @06-05-2021 07:13:00.0182 AM
[ReportManager] AssertElementAttribute FAILED; Expected [Value Should be 'Welcome' for the 'text' attribute, element locator 'By.tagName: h3'] and Actual [Failed to read the desired element attribute]. Comparison Type [CONTAINS]. Validation Type [POSITIVE]. @06-05-2021 07:13:00.0182 A
[ReportManager] Successfully created attachment [Selenium WebDriver Logs - server] @06-05-2021 07:13:00.0198 AM
[ReportManager] Successfully created attachment [Selenium WebDriver Logs - performance] @06-05-2021 07:13:00.0215 AM
[ReportManager] Successfully created attachment [Selenium WebDriver Logs - browser] @06-05-2021 07:13:00.0220 AM
[ReportManager] Successfully created attachment [Selenium WebDriver Logs - driver] @06-05-2021 07:13:00.0282 AM
[ReportManager] Successfully Closed All Drivers. @06-05-2021 07:13:00.0368 A
[ReportManager] File Action [getAbsolutePath] successfully performed. With the following test data [Relative Folder Path: "target/downloadedFiles/"]. @06-05-2021 07:13:00.0370 AM
[ReportManager] Attempting to run remotely on: [Linux-64], [GoogleChrome], [http://localhost:4444/wd/hub], Headless Execution. @06-05-2021 07:13:00.0370 AM
[ReportManager] Successfully Opened [GoogleChrome]. @06-05-2021 07:13:00.0611 AM
[ReportManager] Target URL: [https://the-internet.herokuapp.com/] @06-05-2021 07:13:00.0623 AM
[ReportManager] Initial URL: [data:,] @06-05-2021 07:13:00.0664 AM
[ReportManager] Browser Action [navigateToURL] successfully performed. With the following test data [https://the-internet.herokuapp.com/]. @06-05-2021 07:13:01.0014 A

################################################################################################################################################
Starting Execution:	[34 out of 137] test cases in the current suite
Test Method:		[testPackage01.Test_NewValidationHelper.f22]
################################################################################################################################################
[ReportManager] Element Action [getText] successfully performed. With the following test data [Welcome to the-internet]. @06-05-2021 07:13:01.0106 AM
[ReportManager] Loaded Shared OpenCV @06-05-2021 07:13:01.0259 AM
[ReportManager] AssertElementAttribute FAILED; Expected [Value Should be 'yyy' for the 'text' attribute, element locator 'By.tagName: h1'] and Actual [Welcome to the-internet]. Comparison Type [CONTAINS]. Validation Type [POSITIVE]. @06-05-2021 07:13:01.0345 AM
[ReportManager] Successfully created attachment [Screenshot - 1620285181259_f22_AssertElementAttribute_failed] @06-05-2021 07:13:01.0346 A
[ReportManager] Successfully created attachment [Selenium WebDriver Logs - server] @06-05-2021 07:13:01.0359 AM
[ReportManager] Successfully created attachment [Selenium WebDriver Logs - performance] @06-05-2021 07:13:01.0378 AM
[ReportManager] Successfully created attachment [Selenium WebDriver Logs - browser] @06-05-2021 07:13:01.0383 AM
[ReportManager] Successfully created attachment [Selenium WebDriver Logs - driver] @06-05-2021 07:13:01.0435 AM
[ReportManager] Successfully Closed All Drivers. @06-05-2021 07:13:01.0510 A

################################################################################################################################################
Starting Execution:	[35 out of 137] test cases in the current suite
Test Method:		[testPackage01.Test_NewValidationHelper.f23]
################################################################################################################################################
[ReportManager] confirming that the actual is greater than or equal to the expected... @06-05-2021 07:13:01.0522 AM
[ReportManager] AssertComparativeRelation PASSED; Expected [1] and Actual [1]. Comparison Type [GREATER_THAN_OR_EQUALS]. Validation Type [POSITIVE]. @06-05-2021 07:13:01.0524 A

################################################################################################################################################
Starting Execution:	[36 out of 137] test cases in the current suite
Test Method:		[testPackage01.Test_NewValidationHelper.f24]
################################################################################################################################################
[ReportManager] AssertComparativeRelation PASSED; Expected [1] and Actual [10]. Comparison Type [GREATER_THAN_OR_EQUALS]. Validation Type [POSITIVE]. @06-05-2021 07:13:01.0527 A

################################################################################################################################################
Starting Execution:	[37 out of 137] test cases in the current suite
Test Method:		[testPackage01.Test_NewValidationHelper.f25]
################################################################################################################################################
[ReportManager] AssertComparativeRelation PASSED; Expected [1] and Actual [1]. Comparison Type [EQUALS]. Validation Type [POSITIVE]. @06-05-2021 07:13:01.0529 A

################################################################################################################################################
Starting Execution:	[38 out of 137] test cases in the current suite
Test Method:		[testPackage01.Test_NewValidationHelper.f26]
################################################################################################################################################
[ReportManager] AssertComparativeRelation PASSED; Expected [1] and Actual [5]. Comparison Type [GREATER_THAN]. Validation Type [POSITIVE]. @06-05-2021 07:13:01.0534 A

################################################################################################################################################
Starting Execution:	[39 out of 137] test cases in the current suite
Test Method:		[testPackage01.Test_NewValidationHelper.f27]
################################################################################################################################################
[ReportManager] AssertComparativeRelation PASSED; Expected [11] and Actual [5]. Comparison Type [LESS_THAN]. Validation Type [POSITIVE]. @06-05-2021 07:13:01.0537 A

################################################################################################################################################
Starting Execution:	[40 out of 137] test cases in the current suite
Test Method:		[testPackage01.Test_NewValidationHelper.f28]
################################################################################################################################################
[ReportManager] AssertComparativeRelation PASSED; Expected [11] and Actual [5]. Comparison Type [LESS_THAN_OR_EQUALS]. Validation Type [POSITIVE]. @06-05-2021 07:13:01.0539 A

################################################################################################################################################
Starting Execution:	[41 out of 137] test cases in the current suite
Test Method:		[testPackage01.Test_NewValidationHelper.f29]
################################################################################################################################################
[ReportManager] AssertComparativeRelation PASSED; Expected [11] and Actual [11]. Comparison Type [LESS_THAN_OR_EQUALS]. Validation Type [POSITIVE]. @06-05-2021 07:13:01.0544 A

################################################################################################################################################
Starting Execution:	[42 out of 137] test cases in the current suite
Test Method:		[testPackage01.Test_NewValidationHelper.f3]
################################################################################################################################################
[ReportManager] AssertEquals PASSED; Expected [1] and Actual [2]. Comparison Type [EQUALS]. Validation Type [NEGATIVE]. @06-05-2021 07:13:01.0550 A

################################################################################################################################################
Starting Execution:	[43 out of 137] test cases in the current suite
Test Method:		[testPackage01.Test_NewValidationHelper.f30]
################################################################################################################################################
[ReportManager] AssertComparativeRelation FAILED; Expected [-9] and Actual [11]. Comparison Type [LESS_THAN_OR_EQUALS]. Validation Type [POSITIVE]. @06-05-2021 07:13:01.0552 A

################################################################################################################################################
Starting Execution:	[44 out of 137] test cases in the current suite
Test Method:		[testPackage01.Test_NewValidationHelper.f31]
################################################################################################################################################
[ReportManager] AssertTrue PASSED; Expected [TRUE] and Actual [TRUE]. Validation Type [POSITIVE]. @06-05-2021 07:13:01.0556 A

################################################################################################################################################
Starting Execution:	[45 out of 137] test cases in the current suite
Test Method:		[testPackage01.Test_NewValidationHelper.f32]
################################################################################################################################################
[ReportManager] AssertTrue PASSED; Expected [FALSE] and Actual [FALSE]. Validation Type [NEGATIVE]. @06-05-2021 07:13:01.0558 A

################################################################################################################################################
Starting Execution:	[46 out of 137] test cases in the current suite
Test Method:		[testPackage01.Test_NewValidationHelper.f33]
################################################################################################################################################
[ReportManager] AssertTrue FAILED; Expected [FALSE] and Actual [TRUE]. Validation Type [NEGATIVE]. @06-05-2021 07:13:01.0560 A

################################################################################################################################################
Starting Execution:	[47 out of 137] test cases in the current suite
Test Method:		[testPackage01.Test_NewValidationHelper.f34]
################################################################################################################################################
[ReportManager] AssertTrue FAILED; Expected [TRUE] and Actual [FALSE]. Validation Type [POSITIVE]. @06-05-2021 07:13:01.0571 A

################################################################################################################################################
Starting Execution:	[48 out of 137] test cases in the current suite
Test Method:		[testPackage01.Test_NewValidationHelper.f35]
################################################################################################################################################
[ReportManager] File Action [doesFileExist] successfully performed. With the following test data [File Path: "pom.xml"]. @06-05-2021 07:13:01.0577 AM
[ReportManager] AssertFileExists PASSED; Expected [File 'pom.xml' should exist, after up to '1' retries] and Actual [File exists]. Validation Type [POSITIVE]. @06-05-2021 07:13:01.0597 A

################################################################################################################################################
Starting Execution:	[49 out of 137] test cases in the current suite
Test Method:		[testPackage01.Test_NewValidationHelper.f36]
################################################################################################################################################
[ReportManager] File Action [doesFileExist] successfully performed. With the following test data [File Path: "src/test/java/testPackage01/Test_NewValidationHelper.java"]. @06-05-2021 07:13:01.0601 AM
[ReportManager] AssertFileExists PASSED; Expected [File 'src/test/java/testPackage01/Test_NewValidationHelper.java' should exist, after up to '1' retries] and Actual [File exists]. Validation Type [POSITIVE]. @06-05-2021 07:13:01.0601 A

################################################################################################################################################
Starting Execution:	[50 out of 137] test cases in the current suite
Test Method:		[testPackage01.Test_NewValidationHelper.f37]
################################################################################################################################################
[ReportManager] confirming that the file does't exist after 5 retries... @06-05-2021 07:13:01.0605 AM
[ReportManager] File Action [doesFileExist] successfully performed. With the following test data [File Path: "pom.xml"]. @06-05-2021 07:13:01.0605 AM
[ReportManager] AssertFileExists FAILED; Expected [File 'pom.xml' should not exist, after up to '5' retries] and Actual [File exists]. Validation Type [NEGATIVE]. @06-05-2021 07:13:01.0611 A

################################################################################################################################################
Starting Execution:	[51 out of 137] test cases in the current suite
Test Method:		[testPackage01.Test_NewValidationHelper.f3_1]
################################################################################################################################################
[ReportManager] Checking valid user data... @06-05-2021 07:13:01.0616 AM
[ReportManager] AssertEquals PASSED; Expected [null] and Actual [null]. Comparison Type [EQUALS]. Validation Type [POSITIVE]. @06-05-2021 07:13:01.0616 A

################################################################################################################################################
Starting Execution:	[52 out of 137] test cases in the current suite
Test Method:		[testPackage01.Test_NewValidationHelper.f4]
################################################################################################################################################
[ReportManager] AssertEquals PASSED; Expected [1] and Actual [123]. Comparison Type [CONTAINS]. Validation Type [POSITIVE]. @06-05-2021 07:13:01.0628 A

################################################################################################################################################
Starting Execution:	[53 out of 137] test cases in the current suite
Test Method:		[testPackage01.Test_NewValidationHelper.f5]
################################################################################################################################################
[ReportManager] AssertNull PASSED; Expected [NULL] and Actual [1]. Comparison Type [EQUALS]. Validation Type [NEGATIVE]. @06-05-2021 07:13:01.0636 A

################################################################################################################################################
Starting Execution:	[54 out of 137] test cases in the current suite
Test Method:		[testPackage01.Test_NewValidationHelper.f6]
################################################################################################################################################
[ReportManager] Making sure that null string is not equal to null object... @06-05-2021 07:13:01.0643 AM
[ReportManager] AssertNull FAILED; Expected [NULL] and Actual [NULL]. Comparison Type [EQUALS]. Validation Type [POSITIVE]. @06-05-2021 07:13:01.0643 A

################################################################################################################################################
Starting Execution:	[55 out of 137] test cases in the current suite
Test Method:		[testPackage01.Test_NewValidationHelper.f6_1]
################################################################################################################################################
[ReportManager] AssertNull FAILED; Expected [NULL] and Actual [NULL]. Comparison Type [EQUALS]. Validation Type [NEGATIVE]. @06-05-2021 07:13:01.0652 A

################################################################################################################################################
Starting Execution:	[56 out of 137] test cases in the current suite
Test Method:		[testPackage01.Test_NewValidationHelper.f6_2]
################################################################################################################################################
[ReportManager] Making sure that null string is not equal to null object... @06-05-2021 07:13:01.0660 AM
[ReportManager] AssertNull FAILED; Expected [NULL] and Actual [not null]. Comparison Type [EQUALS]. Validation Type [POSITIVE]. @06-05-2021 07:13:01.0660 A

################################################################################################################################################
Starting Execution:	[57 out of 137] test cases in the current suite
Test Method:		[testPackage01.Test_NewValidationHelper.f7]
################################################################################################################################################
[ReportManager] AssertNull PASSED; Expected [NULL] and Actual [NULL]. Comparison Type [EQUALS]. Validation Type [POSITIVE]. @06-05-2021 07:13:01.0668 A
[ReportManager] File Action [getAbsolutePath] successfully performed. With the following test data [Relative Folder Path: "target/downloadedFiles/"]. @06-05-2021 07:13:01.0672 AM
[ReportManager] Attempting to run remotely on: [Linux-64], [GoogleChrome], [http://localhost:4444/wd/hub], Headless Execution. @06-05-2021 07:13:01.0672 AM
[ReportManager] Successfully Opened [GoogleChrome]. @06-05-2021 07:13:01.0893 AM
[ReportManager] Target URL: [https://the-internet.herokuapp.com/] @06-05-2021 07:13:01.0915 AM
[ReportManager] Initial URL: [data:,] @06-05-2021 07:13:01.0964 AM
[ReportManager] Browser Action [navigateToURL] successfully performed. With the following test data [https://the-internet.herokuapp.com/]. @06-05-2021 07:13:02.0301 A

################################################################################################################################################
Starting Execution:	[58 out of 137] test cases in the current suite
Test Method:		[testPackage01.Test_NewValidationHelper.f8]
################################################################################################################################################
[ReportManager] Loaded Shared OpenCV @06-05-2021 07:13:02.0511 AM
[ReportManager] AssertElementExists PASSED; Expected [Element Should Exist, locator 'By.tagName: h1'] and Actual [Element Exists]. Comparison Type [EQUALS]. Validation Type [POSITIVE]. @06-05-2021 07:13:02.0594 AM
[ReportManager] Successfully created attachment [Screenshot - 1620285182511_f8_AssertElementExists_passed] @06-05-2021 07:13:02.0595 A
[ReportManager] Successfully created attachment [Selenium WebDriver Logs - server] @06-05-2021 07:13:02.0610 AM
[ReportManager] Successfully created attachment [Selenium WebDriver Logs - performance] @06-05-2021 07:13:02.0628 AM
[ReportManager] Successfully created attachment [Selenium WebDriver Logs - browser] @06-05-2021 07:13:02.0634 AM
[ReportManager] Successfully created attachment [Selenium WebDriver Logs - driver] @06-05-2021 07:13:02.0684 AM
[ReportManager] Successfully Closed All Drivers. @06-05-2021 07:13:02.0758 A
[ReportManager] File Action [getAbsolutePath] successfully performed. With the following test data [Relative Folder Path: "target/downloadedFiles/"]. @06-05-2021 07:13:02.0761 AM
[ReportManager] Attempting to run remotely on: [Linux-64], [GoogleChrome], [http://localhost:4444/wd/hub], Headless Execution. @06-05-2021 07:13:02.0761 AM
[ReportManager] Successfully Opened [GoogleChrome]. @06-05-2021 07:13:03.0026 AM
[ReportManager] Target URL: [https://the-internet.herokuapp.com/] @06-05-2021 07:13:03.0036 AM
[ReportManager] Initial URL: [data:,] @06-05-2021 07:13:03.0075 AM
[ReportManager] Browser Action [navigateToURL] successfully performed. With the following test data [https://the-internet.herokuapp.com/]. @06-05-2021 07:13:03.0431 A

################################################################################################################################################
Starting Execution:	[59 out of 137] test cases in the current suite
Test Method:		[testPackage01.Test_NewValidationHelper.f9]
################################################################################################################################################
[ReportManager] AssertElementExists FAILED; Expected [Element Should Exist, locator 'By.tagName: h3'] and Actual [Element Doesn't Exists]. Comparison Type [EQUALS]. Validation Type [POSITIVE]. @06-05-2021 07:13:34.0127 AM
[ReportManager] Successfully created attachment [Screenshot - 1620285214061_f9_AssertElementExists_failed] @06-05-2021 07:13:34.0128 A
[ReportManager] Successfully created attachment [Selenium WebDriver Logs - server] @06-05-2021 07:13:34.0142 AM
[ReportManager] Successfully created attachment [Selenium WebDriver Logs - performance] @06-05-2021 07:13:34.0169 AM
[ReportManager] Successfully created attachment [Selenium WebDriver Logs - browser] @06-05-2021 07:13:34.0174 AM
[ReportManager] Successfully created attachment [Selenium WebDriver Logs - driver] @06-05-2021 07:13:34.0247 AM
[ReportManager] Successfully Closed All Drivers. @06-05-2021 07:13:34.0322 A

################################################################################################################################################
Starting Execution:	[60 out of 137] test cases in the current suite
Test Method:		[testPackage01.Test_NewValidationHelper.forceFail]
################################################################################################################################################
[ReportManager] AssertFail FAILED; Expected [null] and Actual [null]. @06-05-2021 07:13:34.0326 A

################################################################################################################################################
Starting Execution:	[61 out of 137] test cases in the current suite
Test Method:		[testPackage01.Test_NewValidationHelper.forceFail2]
################################################################################################################################################
[ReportManager] Custom Message... @06-05-2021 07:13:34.0330 AM
[ReportManager] AssertFail FAILED; Expected [null] and Actual [null]. @06-05-2021 07:13:34.0330 A
[ReportManager] Successfully loaded the following test data file [src/test/resources/TestDataFiles/testSuite01/TestData.xlsx]. @06-05-2021 07:13:35.0054 AM
[ReportManager] Successfully created attachment [Test Data - Excel] @06-05-2021 07:13:35.0055 AM
[ReportManager] File Action [getAbsolutePath] successfully performed. With the following test data [Relative Folder Path: "target/downloadedFiles/"]. @06-05-2021 07:13:35.0055 AM
[ReportManager] Attempting to run remotely on: [Linux-64], [GoogleChrome], [http://localhost:4444/wd/hub], Headless Execution. @06-05-2021 07:13:35.0055 AM
[ReportManager] Successfully Opened [GoogleChrome]. @06-05-2021 07:13:35.0350 A

################################################################################################################################################
Starting Execution:	[62 out of 137] test cases in the current suite
Test Method:		[testPackage01.Test_google.navigateToURLandVerifyGoogleLogoIsDisplayed]
Test Description:	[TC001 - Navigate to URL and Verify Google Logo is Displayed]
################################################################################################################################################
[ReportManager] Target URL: [https://www.google.com/ncr], and after redirection: [https://www.google.com] @06-05-2021 07:13:35.0397 AM
[ReportManager] Initial URL: [data:,] @06-05-2021 07:13:35.0451 AM
[ReportManager] Browser Action [navigateToURL] successfully performed. With the following test data [https://www.google.com/ncr]. @06-05-2021 07:13:36.0257 AM
[ReportManager] Loaded Shared OpenCV @06-05-2021 07:13:36.0449 AM
[ReportManager] AssertElementExists PASSED; Expected [Element Should Exist, locator 'By.xpath: //img[@id='hplogo' or @alt='Google']'] and Actual [Element Exists]. Comparison Type [EQUALS]. Validation Type [POSITIVE]. @06-05-2021 07:13:36.0533 AM
[ReportManager] Successfully created attachment [Screenshot - 1620285216449_navigateToURLandVerifyGoogleLogoIsDisplayed_AssertElementExists_passed] @06-05-2021 07:13:36.0534 A

################################################################################################################################################
Starting Execution:	[63 out of 137] test cases in the current suite
Test Method:		[testPackage01.Test_google.searchForQueryandAssertResultsNumDisplayed]
Test Description:	[TC002 - Search for Query and Assert that the number of results is displayed]
################################################################################################################################################
[ReportManager] Element Action [type] successfully performed. With the following test data [SHAFT_Engine]. @06-05-2021 07:13:37.0202 AM
[ReportManager] Element Action [keyPress] successfully performed. With the following test data [Enter]. @06-05-2021 07:13:38.0030 AM
[ReportManager] Element Action [getText] successfully performed. With the following test data [About 578,000 results (0.60 seconds) ]. @06-05-2021 07:13:38.0179 AM
[ReportManager] Loaded Shared OpenCV @06-05-2021 07:13:38.0611 AM
[ReportManager] AssertElementAttribute PASSED; Expected [Value Should not be '' for the 'Text' attribute, element locator 'By.id: appbar'] and Actual [About 578,000 results (0.60 seconds) ]. Comparison Type [EQUALS]. Validation Type [NEGATIVE]. @06-05-2021 07:13:38.0721 AM
[ReportManager] Successfully created attachment [Screenshot - 1620285218611_searchForQueryandAssertResultsNumDisplayed_AssertElementAttribute_passed] @06-05-2021 07:13:38.0723 A

################################################################################################################################################
Starting Execution:	[64 out of 137] test cases in the current suite
Test Method:		[testPackage01.Test_google.clickNextThrice]
Test Description:	[TC003 - Clicks the next button to make sure that the framework can scroll element into view before clicking it]
################################################################################################################################################
[ReportManager] Element Action [click] successfully performed. With the following test data [Next]. @06-05-2021 07:13:40.0170 A
[ReportManager] Successfully created attachment [Selenium WebDriver Logs - server] @06-05-2021 07:13:40.0348 AM
[ReportManager] Successfully created attachment [Selenium WebDriver Logs - performance] @06-05-2021 07:13:40.0759 AM
[ReportManager] Successfully created attachment [Selenium WebDriver Logs - driver] @06-05-2021 07:13:41.0147 AM
[ReportManager] Browser Action [closeCurrentWindow] successfully performed. @06-05-2021 07:13:41.0206 AM
[ReportManager] Successfully created attachment [Browser Action Test Data - closeCurrentWindow - Actual Value] @06-05-2021 07:13:41.0211 A

################################################################################################################################################
Starting Execution:	[65 out of 137] test cases in the current suite
Test Method:		[testPackage01.Test_testData.f]
################################################################################################################################################
[ReportManager] Successfully loaded the following test data file [src/test/resources/TestDataFiles/testSuite01/TestData.xlsx]. @06-05-2021 07:13:41.0249 AM
[ReportManager] Successfully created attachment [Test Data - Excel] @06-05-2021 07:13:41.0249 AM
[ReportManager] Last Column Number is: [3]. Zero-based. @06-05-2021 07:13:41.0250 A

################################################################################################################################################
Starting Execution:	[66 out of 137] test cases in the current suite
Test Method:		[testPackage01.Test_JsonActions.f]
###############################################################################################################################################

################################################################################################################################################
Starting Execution:	[67 out of 137] test cases in the current suite
Test Method:		[testPackage01.Test_JsonActions.f2]
###############################################################################################################################################

################################################################################################################################################
Starting Execution:	[68 out of 137] test cases in the current suite
Test Method:		[testPackage01.Test_JsonCompareWithSpecialCharacters.specialCharacters]
################################################################################################################################################
[ReportManager] File Action [getAbsolutePath] successfully performed. With the following test data [Relative Folder Path: "src/test/resources/TestJsonFiles/specialCharacters.json"]. @06-05-2021 07:13:41.0349 AM
[ReportManager] File Action [readFromFile] successfully performed. With the following test data [File Path: "/home/runner/work/SHAFT_ENGINE/SHAFT_ENGINE/src/test/resources/TestJsonFiles/specialCharacters.json"]. @06-05-2021 07:13:41.0354 AM
[ReportManager] Successfully created attachment [File Action Actual Result - Command Log] @06-05-2021 07:13:41.0354 AM
[ReportManager] Comparing the provided API response with the file at this path "src/test/resources/TestJsonFiles/specialCharacters.json", comparison type "EQUALS" @06-05-2021 07:13:41.0440 AM
[ReportManager] API Action [compareJSON] successfully performed. With the following test data [src/test/resources/TestJsonFiles/specialCharacters.json]. @06-05-2021 07:13:41.0538 AM
[ReportManager] File Action [getAbsolutePath] successfully performed. With the following test data [Relative Folder Path: "src/test/resources/TestJsonFiles/specialCharacters.json"]. @06-05-2021 07:13:41.0538 AM
[ReportManager] File Action [readFromFile] successfully performed. With the following test data [File Path: "/home/runner/work/SHAFT_ENGINE/SHAFT_ENGINE/src/test/resources/TestJsonFiles/specialCharacters.json"]. @06-05-2021 07:13:41.0538 AM
[ReportManager] VerifyJSONFileContent PASSED; Expected [Response data should match the JSON File in this path 'src/test/resources/TestJsonFiles/specialCharacters.json'] and Actual [TRUE]. Comparison Type [EQUALS]. Validation Type [POSITIVE]. @06-05-2021 07:13:41.0545 AM
[ReportManager] Successfully created attachment [Validation Test Data - Expected JSON Value] @06-05-2021 07:13:41.0546 AM
[ReportManager] Successfully created attachment [Validation Test Data - Actual JSON Value] @06-05-2021 07:13:41.0547 A

################################################################################################################################################
Starting Execution:	[69 out of 137] test cases in the current suite
Test Method:		[testPackage01.Test_JsonCompareWithSpecialCharacters.specialCharacters_assertion]
################################################################################################################################################
[ReportManager] File Action [getAbsolutePath] successfully performed. With the following test data [Relative Folder Path: "src/test/resources/TestJsonFiles/specialCharacters.json"]. @06-05-2021 07:13:41.0557 AM
[ReportManager] File Action [readFromFile] successfully performed. With the following test data [File Path: "/home/runner/work/SHAFT_ENGINE/SHAFT_ENGINE/src/test/resources/TestJsonFiles/specialCharacters.json"]. @06-05-2021 07:13:41.0558 AM
[ReportManager] Successfully created attachment [File Action Actual Result - Command Log] @06-05-2021 07:13:41.0558 AM
[ReportManager] trying out the log message... @06-05-2021 07:13:41.0558 AM
[ReportManager] Comparing the provided API response with the file at this path "src/test/resources/TestJsonFiles/specialCharacters.json", comparison type "CONTAINS" @06-05-2021 07:13:41.0558 AM
[ReportManager] API Action [compareJSON] successfully performed. With the following test data [src/test/resources/TestJsonFiles/specialCharacters.json]. @06-05-2021 07:13:41.0567 AM
[ReportManager] File Action [getAbsolutePath] successfully performed. With the following test data [Relative Folder Path: "src/test/resources/TestJsonFiles/specialCharacters.json"]. @06-05-2021 07:13:41.0567 AM
[ReportManager] File Action [readFromFile] successfully performed. With the following test data [File Path: "/home/runner/work/SHAFT_ENGINE/SHAFT_ENGINE/src/test/resources/TestJsonFiles/specialCharacters.json"]. @06-05-2021 07:13:41.0568 AM
[ReportManager] AssertJSONFileContent PASSED; Expected [Response data should match the JSON File in this path 'src/test/resources/TestJsonFiles/specialCharacters.json'] and Actual [TRUE]. Comparison Type [CONTAINS]. Validation Type [POSITIVE]. @06-05-2021 07:13:41.0572 AM
[ReportManager] Successfully created attachment [Validation Test Data - Expected JSON Value] @06-05-2021 07:13:41.0572 AM
[ReportManager] Successfully created attachment [Validation Test Data - Actual JSON Value] @06-05-2021 07:13:41.0573 A

################################################################################################################################################
Starting Execution:	[70 out of 137] test cases in the current suite
Test Method:		[unitTests.tests_validations_assertions.assertComparativeRelation_greaterThanOrEquals_false_equals_expectedToFail]
################################################################################################################################################
[ReportManager] AssertComparativeRelation FAILED; Expected [1] and Actual [1]. Comparison Type [GREATER_THAN_OR_EQUALS]. Validation Type [NEGATIVE]. @06-05-2021 07:13:41.0588 A

################################################################################################################################################
Starting Execution:	[71 out of 137] test cases in the current suite
Test Method:		[unitTests.tests_validations_assertions.assertComparativeRelation_greaterThanOrEquals_false_equals_expectedToPass]
################################################################################################################################################
[ReportManager] AssertComparativeRelation PASSED; Expected [2] and Actual [1]. Comparison Type [GREATER_THAN_OR_EQUALS]. Validation Type [NEGATIVE]. @06-05-2021 07:13:41.0597 A

################################################################################################################################################
Starting Execution:	[72 out of 137] test cases in the current suite
Test Method:		[unitTests.tests_validations_assertions.assertComparativeRelation_greaterThanOrEquals_false_greaterThan_expectedToFail]
################################################################################################################################################
[ReportManager] AssertComparativeRelation FAILED; Expected [1] and Actual [2]. Comparison Type [GREATER_THAN_OR_EQUALS]. Validation Type [NEGATIVE]. @06-05-2021 07:13:41.0602 A

################################################################################################################################################
Starting Execution:	[73 out of 137] test cases in the current suite
Test Method:		[unitTests.tests_validations_assertions.assertComparativeRelation_greaterThanOrEquals_false_greaterThan_expectedToPass]
################################################################################################################################################
[ReportManager] AssertComparativeRelation PASSED; Expected [2] and Actual [1]. Comparison Type [GREATER_THAN_OR_EQUALS]. Validation Type [NEGATIVE]. @06-05-2021 07:13:41.0607 A

################################################################################################################################################
Starting Execution:	[74 out of 137] test cases in the current suite
Test Method:		[unitTests.tests_validations_assertions.assertComparativeRelation_greaterThanOrEquals_true_equals_expectedToFail]
################################################################################################################################################
[ReportManager] AssertComparativeRelation FAILED; Expected [1] and Actual [0]. Comparison Type [GREATER_THAN_OR_EQUALS]. Validation Type [POSITIVE]. @06-05-2021 07:13:41.0612 A

################################################################################################################################################
Starting Execution:	[75 out of 137] test cases in the current suite
Test Method:		[unitTests.tests_validations_assertions.assertComparativeRelation_greaterThanOrEquals_true_equals_expectedToPass]
################################################################################################################################################
[ReportManager] AssertComparativeRelation PASSED; Expected [1] and Actual [1]. Comparison Type [GREATER_THAN_OR_EQUALS]. Validation Type [POSITIVE]. @06-05-2021 07:13:41.0616 A

################################################################################################################################################
Starting Execution:	[76 out of 137] test cases in the current suite
Test Method:		[unitTests.tests_validations_assertions.assertComparativeRelation_greaterThanOrEquals_true_greaterThan_expectedToFail]
################################################################################################################################################
[ReportManager] AssertComparativeRelation FAILED; Expected [2] and Actual [1]. Comparison Type [GREATER_THAN_OR_EQUALS]. Validation Type [POSITIVE]. @06-05-2021 07:13:41.0620 A

################################################################################################################################################
Starting Execution:	[77 out of 137] test cases in the current suite
Test Method:		[unitTests.tests_validations_assertions.assertComparativeRelation_greaterThanOrEquals_true_greaterThan_expectedToPass]
################################################################################################################################################
[ReportManager] AssertComparativeRelation PASSED; Expected [1] and Actual [2]. Comparison Type [GREATER_THAN_OR_EQUALS]. Validation Type [POSITIVE]. @06-05-2021 07:13:41.0624 A
[ReportManager] File Action [getAbsolutePath] successfully performed. With the following test data [Relative Folder Path: "target/downloadedFiles/"]. @06-05-2021 07:13:41.0629 AM
[ReportManager] Attempting to run remotely on: [Linux-64], [GoogleChrome], [http://localhost:4444/wd/hub], Headless Execution. @06-05-2021 07:13:41.0629 AM
[ReportManager] Successfully Opened [GoogleChrome]. @06-05-2021 07:13:41.0933 AM
[ReportManager] Target URL: [https://www.google.com/ncr], and after redirection: [www.google.com] @06-05-2021 07:13:41.0946 AM
[ReportManager] Initial URL: [data:,] @06-05-2021 07:13:41.0994 AM
[ReportManager] Browser Action [navigateToURL] successfully performed. With the following test data [https://www.google.com/ncr]. @06-05-2021 07:13:42.0801 A

################################################################################################################################################
Starting Execution:	[78 out of 137] test cases in the current suite
Test Method:		[unitTests.tests_validations_assertions.assertElementAttribute_false_caseInsensitiveComparison_expectedToFail]
################################################################################################################################################
[ReportManager] Element Action [type] successfully performed. With the following test data [AUTOMATION]. @06-05-2021 07:13:43.0357 AM
[ReportManager] Element Action [getText] successfully performed. With the following test data [AUTOMATION]. @06-05-2021 07:13:43.0466 AM
[ReportManager] Loaded Shared OpenCV @06-05-2021 07:13:43.0622 AM
[ReportManager] AssertElementAttribute FAILED; Expected [Value Should not be 'AutomaTion' for the 'text' attribute, element locator 'By.name: q'] and Actual [AUTOMATION]. Comparison Type [CASE_INSENSITIVE]. Validation Type [NEGATIVE]. @06-05-2021 07:13:43.0714 AM
[ReportManager] Successfully created attachment [Screenshot - 1620285223622_assertElementAttribute_false_caseInsensitiveComparison_expectedToFail_AssertElementAttribute_failed] @06-05-2021 07:13:43.0715 A
[ReportManager] Successfully created attachment [Selenium WebDriver Logs - server] @06-05-2021 07:13:43.0801 AM
[ReportManager] Successfully created attachment [Selenium WebDriver Logs - performance] @06-05-2021 07:13:43.0897 AM
[ReportManager] Successfully created attachment [Selenium WebDriver Logs - driver] @06-05-2021 07:13:44.0038 AM
[ReportManager] Browser Action [closeCurrentWindow] successfully performed. @06-05-2021 07:13:44.0098 AM
[ReportManager] Successfully created attachment [Browser Action Test Data - closeCurrentWindow - Actual Value] @06-05-2021 07:13:44.0099 A
[ReportManager] File Action [getAbsolutePath] successfully performed. With the following test data [Relative Folder Path: "target/downloadedFiles/"]. @06-05-2021 07:13:44.0102 AM
[ReportManager] Attempting to run remotely on: [Linux-64], [GoogleChrome], [http://localhost:4444/wd/hub], Headless Execution. @06-05-2021 07:13:44.0102 AM
[ReportManager] Successfully Opened [GoogleChrome]. @06-05-2021 07:13:44.0314 AM
[ReportManager] Target URL: [https://www.google.com/ncr], and after redirection: [www.google.com] @06-05-2021 07:13:44.0325 AM
[ReportManager] Initial URL: [data:,] @06-05-2021 07:13:44.0364 AM
[ReportManager] Browser Action [navigateToURL] successfully performed. With the following test data [https://www.google.com/ncr]. @06-05-2021 07:13:45.0159 A

################################################################################################################################################
Starting Execution:	[79 out of 137] test cases in the current suite
Test Method:		[unitTests.tests_validations_assertions.assertElementAttribute_false_caseInsensitiveComparison_expectedToPass]
################################################################################################################################################
[ReportManager] Element Action [type] successfully performed. With the following test data [AUTOMATION]. @06-05-2021 07:13:45.0675 AM
[ReportManager] Element Action [getText] successfully performed. With the following test data [AUTOMATION]. @06-05-2021 07:13:45.0789 AM
[ReportManager] Loaded Shared OpenCV @06-05-2021 07:13:45.0938 AM
[ReportManager] AssertElementAttribute PASSED; Expected [Value Should not be 'AutomaTion123' for the 'text' attribute, element locator 'By.name: q'] and Actual [AUTOMATION]. Comparison Type [CASE_INSENSITIVE]. Validation Type [NEGATIVE]. @06-05-2021 07:13:46.0016 AM
[ReportManager] Successfully created attachment [Screenshot - 1620285225938_assertElementAttribute_false_caseInsensitiveComparison_expectedToPass_AssertElementAttribute_passed] @06-05-2021 07:13:46.0017 A
[ReportManager] Successfully created attachment [Selenium WebDriver Logs - server] @06-05-2021 07:13:46.0095 AM
[ReportManager] Successfully created attachment [Selenium WebDriver Logs - performance] @06-05-2021 07:13:46.0178 AM
[ReportManager] Successfully created attachment [Selenium WebDriver Logs - driver] @06-05-2021 07:13:46.0292 AM
[ReportManager] Browser Action [closeCurrentWindow] successfully performed. @06-05-2021 07:13:46.0306 AM
[ReportManager] Successfully created attachment [Browser Action Test Data - closeCurrentWindow - Actual Value] @06-05-2021 07:13:46.0307 A
[ReportManager] File Action [getAbsolutePath] successfully performed. With the following test data [Relative Folder Path: "target/downloadedFiles/"]. @06-05-2021 07:13:46.0309 AM
[ReportManager] Attempting to run remotely on: [Linux-64], [GoogleChrome], [http://localhost:4444/wd/hub], Headless Execution. @06-05-2021 07:13:46.0309 AM
[ReportManager] Successfully Opened [GoogleChrome]. @06-05-2021 07:13:46.0529 AM
[ReportManager] Target URL: [https://www.google.com/ncr], and after redirection: [www.google.com] @06-05-2021 07:13:46.0539 AM
[ReportManager] Initial URL: [data:,] @06-05-2021 07:13:46.0576 AM
[ReportManager] Browser Action [navigateToURL] successfully performed. With the following test data [https://www.google.com/ncr]. @06-05-2021 07:13:47.0389 A

################################################################################################################################################
Starting Execution:	[80 out of 137] test cases in the current suite
Test Method:		[unitTests.tests_validations_assertions.assertElementAttribute_false_containsComparison_expectedToFail]
################################################################################################################################################
[ReportManager] Element Action [type] successfully performed. With the following test data [Automation123]. @06-05-2021 07:13:47.0927 AM
[ReportManager] Element Action [getText] successfully performed. With the following test data [Automation123]. @06-05-2021 07:13:48.0028 AM
[ReportManager] Loaded Shared OpenCV @06-05-2021 07:13:48.0170 AM
[ReportManager] AssertElementAttribute FAILED; Expected [Value Should not be 'Automation' for the 'text' attribute, element locator 'By.name: q'] and Actual [Automation123]. Comparison Type [CONTAINS]. Validation Type [NEGATIVE]. @06-05-2021 07:13:48.0247 AM
[ReportManager] Successfully created attachment [Screenshot - 1620285228170_assertElementAttribute_false_containsComparison_expectedToFail_AssertElementAttribute_failed] @06-05-2021 07:13:48.0248 A
[ReportManager] Successfully created attachment [Selenium WebDriver Logs - server] @06-05-2021 07:13:48.0326 AM
[ReportManager] Successfully created attachment [Selenium WebDriver Logs - performance] @06-05-2021 07:13:48.0419 AM
[ReportManager] Successfully created attachment [Selenium WebDriver Logs - driver] @06-05-2021 07:13:48.0542 AM
[ReportManager] Browser Action [closeCurrentWindow] successfully performed. @06-05-2021 07:13:48.0598 AM
[ReportManager] Successfully created attachment [Browser Action Test Data - closeCurrentWindow - Actual Value] @06-05-2021 07:13:48.0599 A
[ReportManager] File Action [getAbsolutePath] successfully performed. With the following test data [Relative Folder Path: "target/downloadedFiles/"]. @06-05-2021 07:13:48.0603 AM
[ReportManager] Attempting to run remotely on: [Linux-64], [GoogleChrome], [http://localhost:4444/wd/hub], Headless Execution. @06-05-2021 07:13:48.0603 AM
[ReportManager] Successfully Opened [GoogleChrome]. @06-05-2021 07:13:48.0827 AM
[ReportManager] Target URL: [https://www.google.com/ncr], and after redirection: [www.google.com] @06-05-2021 07:13:48.0837 AM
[ReportManager] Initial URL: [data:,] @06-05-2021 07:13:48.0874 AM
[ReportManager] Browser Action [navigateToURL] successfully performed. With the following test data [https://www.google.com/ncr]. @06-05-2021 07:13:49.0660 A

################################################################################################################################################
Starting Execution:	[81 out of 137] test cases in the current suite
Test Method:		[unitTests.tests_validations_assertions.assertElementAttribute_false_containsComparison_expectedToPass]
################################################################################################################################################
[ReportManager] Element Action [type] successfully performed. With the following test data [Automation123]. @06-05-2021 07:13:50.0180 AM
[ReportManager] Element Action [getText] successfully performed. With the following test data [Automation123]. @06-05-2021 07:13:50.0277 AM
[ReportManager] Loaded Shared OpenCV @06-05-2021 07:13:50.0418 AM
[ReportManager] AssertElementAttribute PASSED; Expected [Value Should not be 'Automation1234' for the 'text' attribute, element locator 'By.name: q'] and Actual [Automation123]. Comparison Type [CONTAINS]. Validation Type [NEGATIVE]. @06-05-2021 07:13:50.0495 AM
[ReportManager] Successfully created attachment [Screenshot - 1620285230418_assertElementAttribute_false_containsComparison_expectedToPass_AssertElementAttribute_passed] @06-05-2021 07:13:50.0496 A
[ReportManager] Successfully created attachment [Selenium WebDriver Logs - server] @06-05-2021 07:13:50.0572 AM
[ReportManager] Successfully created attachment [Selenium WebDriver Logs - performance] @06-05-2021 07:13:50.0657 AM
[ReportManager] Successfully created attachment [Selenium WebDriver Logs - driver] @06-05-2021 07:13:50.0793 AM
[ReportManager] Browser Action [closeCurrentWindow] successfully performed. @06-05-2021 07:13:50.0850 AM
[ReportManager] Successfully created attachment [Browser Action Test Data - closeCurrentWindow - Actual Value] @06-05-2021 07:13:50.0851 A
[ReportManager] File Action [getAbsolutePath] successfully performed. With the following test data [Relative Folder Path: "target/downloadedFiles/"]. @06-05-2021 07:13:50.0857 AM
[ReportManager] Attempting to run remotely on: [Linux-64], [GoogleChrome], [http://localhost:4444/wd/hub], Headless Execution. @06-05-2021 07:13:50.0857 AM
[ReportManager] Successfully Opened [GoogleChrome]. @06-05-2021 07:13:51.0075 AM
[ReportManager] Target URL: [https://www.google.com/ncr], and after redirection: [www.google.com] @06-05-2021 07:13:51.0085 AM
[ReportManager] Initial URL: [data:,] @06-05-2021 07:13:51.0123 AM
[ReportManager] Browser Action [navigateToURL] successfully performed. With the following test data [https://www.google.com/ncr]. @06-05-2021 07:13:51.0944 A

################################################################################################################################################
Starting Execution:	[82 out of 137] test cases in the current suite
Test Method:		[unitTests.tests_validations_assertions.assertElementAttribute_false_literalComparison_expectedToFail]
################################################################################################################################################
[ReportManager] Element Action [type] successfully performed. With the following test data [Automation!@#$%^&*()_+{}[]\';/.,]. @06-05-2021 07:13:53.0041 AM
[ReportManager] Element Action [getText] successfully performed. With the following test data [Automation!@#$%^&*()_+{}[]\';/.,]. @06-05-2021 07:13:53.0139 AM
[ReportManager] Loaded Shared OpenCV @06-05-2021 07:13:53.0310 AM
[ReportManager] AssertElementAttribute PASSED; Expected [Value Should not be 'Automation!@#$%^&*()_+{}[]\\';/.,' for the 'text' attribute, element locator 'By.name: q'] and Actual [Automation!@#$%^&*()_+{}[]\';/.,]. Comparison Type [EQUALS]. Validation Type [NEGATIVE]. @06-05-2021 07:13:53.0388 AM
[ReportManager] Successfully created attachment [Screenshot - 1620285233310_assertElementAttribute_false_literalComparison_expectedToFail_AssertElementAttribute_passed] @06-05-2021 07:13:53.0389 A
[ReportManager] Successfully created attachment [Selenium WebDriver Logs - server] @06-05-2021 07:13:53.0467 AM
[ReportManager] Successfully created attachment [Selenium WebDriver Logs - performance] @06-05-2021 07:13:53.0614 AM
[ReportManager] Successfully created attachment [Selenium WebDriver Logs - driver] @06-05-2021 07:13:53.0791 AM
[ReportManager] Browser Action [closeCurrentWindow] successfully performed. @06-05-2021 07:13:53.0848 AM
[ReportManager] Successfully created attachment [Browser Action Test Data - closeCurrentWindow - Actual Value] @06-05-2021 07:13:53.0849 A
[ReportManager] File Action [getAbsolutePath] successfully performed. With the following test data [Relative Folder Path: "target/downloadedFiles/"]. @06-05-2021 07:13:53.0853 AM
[ReportManager] Attempting to run remotely on: [Linux-64], [GoogleChrome], [http://localhost:4444/wd/hub], Headless Execution. @06-05-2021 07:13:53.0853 AM
[ReportManager] Successfully Opened [GoogleChrome]. @06-05-2021 07:13:54.0083 AM
[ReportManager] Target URL: [https://www.google.com/ncr], and after redirection: [www.google.com] @06-05-2021 07:13:54.0093 AM
[ReportManager] Initial URL: [data:,] @06-05-2021 07:13:54.0133 AM
[ReportManager] Browser Action [navigateToURL] successfully performed. With the following test data [https://www.google.com/ncr]. @06-05-2021 07:13:54.0916 A

################################################################################################################################################
Starting Execution:	[83 out of 137] test cases in the current suite
Test Method:		[unitTests.tests_validations_assertions.assertElementAttribute_false_literalComparison_expectedToPass]
################################################################################################################################################
[ReportManager] Element Action [type] successfully performed. With the following test data [Automation!@#$%^&*()_+{}[]\';/.,]. @06-05-2021 07:13:55.0988 AM
[ReportManager] Element Action [getText] successfully performed. With the following test data [Automation!@#$%^&*()_+{}[]\';/.,]. @06-05-2021 07:13:56.0085 AM
[ReportManager] Loaded Shared OpenCV @06-05-2021 07:13:56.0223 AM
[ReportManager] AssertElementAttribute PASSED; Expected [Value Should not be 'Automation' for the 'text' attribute, element locator 'By.name: q'] and Actual [Automation!@#$%^&*()_+{}[]\';/.,]. Comparison Type [EQUALS]. Validation Type [NEGATIVE]. @06-05-2021 07:13:56.0302 AM
[ReportManager] Successfully created attachment [Screenshot - 1620285236223_assertElementAttribute_false_literalComparison_expectedToPass_AssertElementAttribute_passed] @06-05-2021 07:13:56.0303 A
[ReportManager] Successfully created attachment [Selenium WebDriver Logs - server] @06-05-2021 07:13:56.0376 AM
[ReportManager] Successfully created attachment [Selenium WebDriver Logs - performance] @06-05-2021 07:13:56.0524 AM
[ReportManager] Successfully created attachment [Selenium WebDriver Logs - driver] @06-05-2021 07:13:56.0703 AM
[ReportManager] Browser Action [closeCurrentWindow] successfully performed. @06-05-2021 07:13:56.0759 AM
[ReportManager] Successfully created attachment [Browser Action Test Data - closeCurrentWindow - Actual Value] @06-05-2021 07:13:56.0761 A
[ReportManager] File Action [getAbsolutePath] successfully performed. With the following test data [Relative Folder Path: "target/downloadedFiles/"]. @06-05-2021 07:13:56.0763 AM
[ReportManager] Attempting to run remotely on: [Linux-64], [GoogleChrome], [http://localhost:4444/wd/hub], Headless Execution. @06-05-2021 07:13:56.0764 AM
[ReportManager] Successfully Opened [GoogleChrome]. @06-05-2021 07:13:56.0980 AM
[ReportManager] Target URL: [https://www.google.com/ncr], and after redirection: [www.google.com] @06-05-2021 07:13:56.0998 AM
[ReportManager] Initial URL: [data:,] @06-05-2021 07:13:57.0035 AM
[ReportManager] Browser Action [navigateToURL] successfully performed. With the following test data [https://www.google.com/ncr]. @06-05-2021 07:13:57.0794 A

################################################################################################################################################
Starting Execution:	[84 out of 137] test cases in the current suite
Test Method:		[unitTests.tests_validations_assertions.assertElementAttribute_false_regexComparison_expectedToFail]
################################################################################################################################################
[ReportManager] Element Action [type] successfully performed. With the following test data [Automation123]. @06-05-2021 07:13:58.0354 AM
[ReportManager] Element Action [getText] successfully performed. With the following test data [Automation123]. @06-05-2021 07:13:58.0452 AM
[ReportManager] Loaded Shared OpenCV @06-05-2021 07:13:58.0598 AM
[ReportManager] AssertElementAttribute FAILED; Expected [Value Should not be 'Automation.*' for the 'text' attribute, element locator 'By.name: q'] and Actual [Automation123]. Comparison Type [MATCHES]. Validation Type [NEGATIVE]. @06-05-2021 07:13:58.0675 AM
[ReportManager] Successfully created attachment [Screenshot - 1620285238597_assertElementAttribute_false_regexComparison_expectedToFail_AssertElementAttribute_failed] @06-05-2021 07:13:58.0676 A
[ReportManager] Successfully created attachment [Selenium WebDriver Logs - server] @06-05-2021 07:13:58.0752 AM
[ReportManager] Successfully created attachment [Selenium WebDriver Logs - performance] @06-05-2021 07:13:58.0833 AM
[ReportManager] Successfully created attachment [Selenium WebDriver Logs - driver] @06-05-2021 07:13:58.0973 AM
[ReportManager] Browser Action [closeCurrentWindow] successfully performed. @06-05-2021 07:13:59.0030 AM
[ReportManager] Successfully created attachment [Browser Action Test Data - closeCurrentWindow - Actual Value] @06-05-2021 07:13:59.0031 A
[ReportManager] File Action [getAbsolutePath] successfully performed. With the following test data [Relative Folder Path: "target/downloadedFiles/"]. @06-05-2021 07:13:59.0034 AM
[ReportManager] Attempting to run remotely on: [Linux-64], [GoogleChrome], [http://localhost:4444/wd/hub], Headless Execution. @06-05-2021 07:13:59.0035 AM
[ReportManager] Successfully Opened [GoogleChrome]. @06-05-2021 07:13:59.0267 AM
[ReportManager] Target URL: [https://www.google.com/ncr], and after redirection: [www.google.com] @06-05-2021 07:13:59.0279 AM
[ReportManager] Initial URL: [data:,] @06-05-2021 07:13:59.0322 AM
[ReportManager] Browser Action [navigateToURL] successfully performed. With the following test data [https://www.google.com/ncr]. @06-05-2021 07:14:00.0104 A

################################################################################################################################################
Starting Execution:	[85 out of 137] test cases in the current suite
Test Method:		[unitTests.tests_validations_assertions.assertElementAttribute_false_regexComparison_expectedToPass]
################################################################################################################################################
[ReportManager] Element Action [type] successfully performed. With the following test data [Automation123]. @06-05-2021 07:14:00.0646 AM
[ReportManager] Element Action [getText] successfully performed. With the following test data [Automation123]. @06-05-2021 07:14:00.0747 AM
[ReportManager] Loaded Shared OpenCV @06-05-2021 07:14:00.0881 AM
[ReportManager] AssertElementAttribute PASSED; Expected [Value Should not be 'Automation' for the 'text' attribute, element locator 'By.name: q'] and Actual [Automation123]. Comparison Type [MATCHES]. Validation Type [NEGATIVE]. @06-05-2021 07:14:00.0953 AM
[ReportManager] Successfully created attachment [Screenshot - 1620285240881_assertElementAttribute_false_regexComparison_expectedToPass_AssertElementAttribute_passed] @06-05-2021 07:14:00.0954 A
[ReportManager] Successfully created attachment [Selenium WebDriver Logs - server] @06-05-2021 07:14:01.0021 AM
[ReportManager] Successfully created attachment [Selenium WebDriver Logs - performance] @06-05-2021 07:14:01.0106 AM
[ReportManager] Successfully created attachment [Selenium WebDriver Logs - driver] @06-05-2021 07:14:01.0226 AM
[ReportManager] Browser Action [closeCurrentWindow] successfully performed. @06-05-2021 07:14:01.0283 AM
[ReportManager] Successfully created attachment [Browser Action Test Data - closeCurrentWindow - Actual Value] @06-05-2021 07:14:01.0284 A
[ReportManager] File Action [getAbsolutePath] successfully performed. With the following test data [Relative Folder Path: "target/downloadedFiles/"]. @06-05-2021 07:14:01.0288 AM
[ReportManager] Attempting to run remotely on: [Linux-64], [GoogleChrome], [http://localhost:4444/wd/hub], Headless Execution. @06-05-2021 07:14:01.0288 AM
[ReportManager] Successfully Opened [GoogleChrome]. @06-05-2021 07:14:01.0506 AM
[ReportManager] Target URL: [https://www.google.com/ncr], and after redirection: [www.google.com] @06-05-2021 07:14:01.0522 AM
[ReportManager] Initial URL: [data:,] @06-05-2021 07:14:01.0560 AM
[ReportManager] Browser Action [navigateToURL] successfully performed. With the following test data [https://www.google.com/ncr]. @06-05-2021 07:14:02.0323 A

################################################################################################################################################
Starting Execution:	[86 out of 137] test cases in the current suite
Test Method:		[unitTests.tests_validations_assertions.assertElementAttribute_true_caseInsensitiveComparison_expectedToFail]
################################################################################################################################################
[ReportManager] Element Action [type] successfully performed. With the following test data [AUTOMATION]. @06-05-2021 07:14:02.0810 AM
[ReportManager] Element Action [getText] successfully performed. With the following test data [AUTOMATION]. @06-05-2021 07:14:02.0912 AM
[ReportManager] Loaded Shared OpenCV @06-05-2021 07:14:03.0056 AM
[ReportManager] AssertElementAttribute FAILED; Expected [Value Should be 'AutomaTion123' for the 'text' attribute, element locator 'By.name: q'] and Actual [AUTOMATION]. Comparison Type [CASE_INSENSITIVE]. Validation Type [POSITIVE]. @06-05-2021 07:14:03.0135 AM
[ReportManager] Successfully created attachment [Screenshot - 1620285243056_assertElementAttribute_true_caseInsensitiveComparison_expectedToFail_AssertElementAttribute_failed] @06-05-2021 07:14:03.0136 A
[ReportManager] Successfully created attachment [Selenium WebDriver Logs - server] @06-05-2021 07:14:03.0215 AM
[ReportManager] Successfully created attachment [Selenium WebDriver Logs - performance] @06-05-2021 07:14:03.0291 AM
[ReportManager] Successfully created attachment [Selenium WebDriver Logs - driver] @06-05-2021 07:14:03.0407 AM
[ReportManager] Browser Action [closeCurrentWindow] successfully performed. @06-05-2021 07:14:03.0463 AM
[ReportManager] Successfully created attachment [Browser Action Test Data - closeCurrentWindow - Actual Value] @06-05-2021 07:14:03.0464 A
[ReportManager] File Action [getAbsolutePath] successfully performed. With the following test data [Relative Folder Path: "target/downloadedFiles/"]. @06-05-2021 07:14:03.0468 AM
[ReportManager] Attempting to run remotely on: [Linux-64], [GoogleChrome], [http://localhost:4444/wd/hub], Headless Execution. @06-05-2021 07:14:03.0468 AM
[ReportManager] Successfully Opened [GoogleChrome]. @06-05-2021 07:14:03.0673 AM
[ReportManager] Target URL: [https://www.google.com/ncr], and after redirection: [www.google.com] @06-05-2021 07:14:03.0683 AM
[ReportManager] Initial URL: [data:,] @06-05-2021 07:14:03.0725 AM
[ReportManager] Browser Action [navigateToURL] successfully performed. With the following test data [https://www.google.com/ncr]. @06-05-2021 07:14:04.0486 A

################################################################################################################################################
Starting Execution:	[87 out of 137] test cases in the current suite
Test Method:		[unitTests.tests_validations_assertions.assertElementAttribute_true_caseInsensitiveComparison_expectedToPass]
################################################################################################################################################
[ReportManager] Element Action [type] successfully performed. With the following test data [AUTOMATION]. @06-05-2021 07:14:05.0043 AM
[ReportManager] Element Action [getText] successfully performed. With the following test data [AUTOMATION]. @06-05-2021 07:14:05.0157 AM
[ReportManager] Loaded Shared OpenCV @06-05-2021 07:14:05.0289 AM
[ReportManager] AssertElementAttribute PASSED; Expected [Value Should be 'AutomaTion' for the 'text' attribute, element locator 'By.name: q'] and Actual [AUTOMATION]. Comparison Type [CASE_INSENSITIVE]. Validation Type [POSITIVE]. @06-05-2021 07:14:05.0363 AM
[ReportManager] Successfully created attachment [Screenshot - 1620285245289_assertElementAttribute_true_caseInsensitiveComparison_expectedToPass_AssertElementAttribute_passed] @06-05-2021 07:14:05.0364 A
[ReportManager] Successfully created attachment [Selenium WebDriver Logs - server] @06-05-2021 07:14:05.0438 AM
[ReportManager] Successfully created attachment [Selenium WebDriver Logs - performance] @06-05-2021 07:14:05.0525 AM
[ReportManager] Successfully created attachment [Selenium WebDriver Logs - driver] @06-05-2021 07:14:05.0653 AM
[ReportManager] Browser Action [closeCurrentWindow] successfully performed. @06-05-2021 07:14:05.0715 AM
[ReportManager] Successfully created attachment [Browser Action Test Data - closeCurrentWindow - Actual Value] @06-05-2021 07:14:05.0716 A
[ReportManager] File Action [getAbsolutePath] successfully performed. With the following test data [Relative Folder Path: "target/downloadedFiles/"]. @06-05-2021 07:14:05.0718 AM
[ReportManager] Attempting to run remotely on: [Linux-64], [GoogleChrome], [http://localhost:4444/wd/hub], Headless Execution. @06-05-2021 07:14:05.0718 AM
[ReportManager] Successfully Opened [GoogleChrome]. @06-05-2021 07:14:06.0027 AM
[ReportManager] Target URL: [https://www.google.com/ncr], and after redirection: [www.google.com] @06-05-2021 07:14:06.0037 AM
[ReportManager] Initial URL: [data:,] @06-05-2021 07:14:06.0089 AM
[ReportManager] Browser Action [navigateToURL] successfully performed. With the following test data [https://www.google.com/ncr]. @06-05-2021 07:14:06.0856 A

################################################################################################################################################
Starting Execution:	[88 out of 137] test cases in the current suite
Test Method:		[unitTests.tests_validations_assertions.assertElementAttribute_true_containsComparison_expectedToFail]
################################################################################################################################################
[ReportManager] Element Action [type] successfully performed. With the following test data [Automation123]. @06-05-2021 07:14:07.0367 AM
[ReportManager] Element Action [getText] successfully performed. With the following test data [Automation123]. @06-05-2021 07:14:07.0458 AM
[ReportManager] Loaded Shared OpenCV @06-05-2021 07:14:07.0603 AM
[ReportManager] AssertElementAttribute FAILED; Expected [Value Should be 'Automation1234' for the 'text' attribute, element locator 'By.name: q'] and Actual [Automation123]. Comparison Type [CONTAINS]. Validation Type [POSITIVE]. @06-05-2021 07:14:07.0695 AM
[ReportManager] Successfully created attachment [Screenshot - 1620285247603_assertElementAttribute_true_containsComparison_expectedToFail_AssertElementAttribute_failed] @06-05-2021 07:14:07.0696 A
[ReportManager] Successfully created attachment [Selenium WebDriver Logs - server] @06-05-2021 07:14:07.0770 AM
[ReportManager] Successfully created attachment [Selenium WebDriver Logs - performance] @06-05-2021 07:14:07.0859 AM
[ReportManager] Successfully created attachment [Selenium WebDriver Logs - driver] @06-05-2021 07:14:07.0988 AM
[ReportManager] Browser Action [closeCurrentWindow] successfully performed. @06-05-2021 07:14:08.0044 AM
[ReportManager] Successfully created attachment [Browser Action Test Data - closeCurrentWindow - Actual Value] @06-05-2021 07:14:08.0045 A
[ReportManager] File Action [getAbsolutePath] successfully performed. With the following test data [Relative Folder Path: "target/downloadedFiles/"]. @06-05-2021 07:14:08.0055 AM
[ReportManager] Attempting to run remotely on: [Linux-64], [GoogleChrome], [http://localhost:4444/wd/hub], Headless Execution. @06-05-2021 07:14:08.0055 AM
[ReportManager] Successfully Opened [GoogleChrome]. @06-05-2021 07:14:08.0301 AM
[ReportManager] Target URL: [https://www.google.com/ncr], and after redirection: [www.google.com] @06-05-2021 07:14:08.0320 AM
[ReportManager] Initial URL: [data:,] @06-05-2021 07:14:08.0359 AM
[ReportManager] Browser Action [navigateToURL] successfully performed. With the following test data [https://www.google.com/ncr]. @06-05-2021 07:14:09.0136 A

################################################################################################################################################
Starting Execution:	[89 out of 137] test cases in the current suite
Test Method:		[unitTests.tests_validations_assertions.assertElementAttribute_true_containsComparison_expectedToPass]
################################################################################################################################################
[ReportManager] Element Action [type] successfully performed. With the following test data [Automation123]. @06-05-2021 07:14:09.0681 AM
[ReportManager] Element Action [getText] successfully performed. With the following test data [Automation123]. @06-05-2021 07:14:09.0791 AM
[ReportManager] Loaded Shared OpenCV @06-05-2021 07:14:09.0941 AM
[ReportManager] AssertElementAttribute PASSED; Expected [Value Should be 'Automation' for the 'text' attribute, element locator 'By.name: q'] and Actual [Automation123]. Comparison Type [CONTAINS]. Validation Type [POSITIVE]. @06-05-2021 07:14:10.0014 AM
[ReportManager] Successfully created attachment [Screenshot - 1620285249940_assertElementAttribute_true_containsComparison_expectedToPass_AssertElementAttribute_passed] @06-05-2021 07:14:10.0015 A
[ReportManager] Successfully created attachment [Selenium WebDriver Logs - server] @06-05-2021 07:14:10.0088 AM
[ReportManager] Successfully created attachment [Selenium WebDriver Logs - performance] @06-05-2021 07:14:10.0190 AM
[ReportManager] Successfully created attachment [Selenium WebDriver Logs - driver] @06-05-2021 07:14:10.0309 AM
[ReportManager] Browser Action [closeCurrentWindow] successfully performed. @06-05-2021 07:14:10.0374 AM
[ReportManager] Successfully created attachment [Browser Action Test Data - closeCurrentWindow - Actual Value] @06-05-2021 07:14:10.0376 A
[ReportManager] File Action [getAbsolutePath] successfully performed. With the following test data [Relative Folder Path: "target/downloadedFiles/"]. @06-05-2021 07:14:10.0378 AM
[ReportManager] Attempting to run remotely on: [Linux-64], [GoogleChrome], [http://localhost:4444/wd/hub], Headless Execution. @06-05-2021 07:14:10.0378 AM
[ReportManager] Successfully Opened [GoogleChrome]. @06-05-2021 07:14:10.0578 AM
[ReportManager] Target URL: [https://www.google.com/ncr], and after redirection: [www.google.com] @06-05-2021 07:14:10.0587 AM
[ReportManager] Initial URL: [data:,] @06-05-2021 07:14:10.0633 AM
[ReportManager] Browser Action [navigateToURL] successfully performed. With the following test data [https://www.google.com/ncr]. @06-05-2021 07:14:11.0430 A

################################################################################################################################################
Starting Execution:	[90 out of 137] test cases in the current suite
Test Method:		[unitTests.tests_validations_assertions.assertElementAttribute_true_literalComparison_expectedToFail]
################################################################################################################################################
[ReportManager] Element Action [type] successfully performed. With the following test data [Automation!@#$%^&*()_+{}[]\';/.,]. @06-05-2021 07:14:12.0633 AM
[ReportManager] Element Action [getText] successfully performed. With the following test data [Automation!@#$%^&*()_+{}[]\';/.,]. @06-05-2021 07:14:12.0726 AM
[ReportManager] Loaded Shared OpenCV @06-05-2021 07:14:12.0873 AM
[ReportManager] AssertElementAttribute FAILED; Expected [Value Should be 'Automation' for the 'text' attribute, element locator 'By.name: q'] and Actual [Automation!@#$%^&*()_+{}[]\';/.,]. Comparison Type [EQUALS]. Validation Type [POSITIVE]. @06-05-2021 07:14:12.0951 AM
[ReportManager] Successfully created attachment [Screenshot - 1620285252873_assertElementAttribute_true_literalComparison_expectedToFail_AssertElementAttribute_failed] @06-05-2021 07:14:12.0952 A
[ReportManager] Successfully created attachment [Selenium WebDriver Logs - server] @06-05-2021 07:14:13.0031 AM
[ReportManager] Successfully created attachment [Selenium WebDriver Logs - performance] @06-05-2021 07:14:13.0190 AM
[ReportManager] Successfully created attachment [Selenium WebDriver Logs - driver] @06-05-2021 07:14:13.0369 AM
[ReportManager] Browser Action [closeCurrentWindow] successfully performed. @06-05-2021 07:14:13.0431 AM
[ReportManager] Successfully created attachment [Browser Action Test Data - closeCurrentWindow - Actual Value] @06-05-2021 07:14:13.0433 A
[ReportManager] File Action [getAbsolutePath] successfully performed. With the following test data [Relative Folder Path: "target/downloadedFiles/"]. @06-05-2021 07:14:13.0438 AM
[ReportManager] Attempting to run remotely on: [Linux-64], [GoogleChrome], [http://localhost:4444/wd/hub], Headless Execution. @06-05-2021 07:14:13.0439 AM
[ReportManager] Successfully Opened [GoogleChrome]. @06-05-2021 07:14:13.0701 AM
[ReportManager] Target URL: [https://www.google.com/ncr], and after redirection: [www.google.com] @06-05-2021 07:14:13.0710 AM
[ReportManager] Initial URL: [data:,] @06-05-2021 07:14:13.0753 AM
[ReportManager] Browser Action [navigateToURL] successfully performed. With the following test data [https://www.google.com/ncr]. @06-05-2021 07:14:14.0575 A

################################################################################################################################################
Starting Execution:	[91 out of 137] test cases in the current suite
Test Method:		[unitTests.tests_validations_assertions.assertElementAttribute_true_literalComparison_expectedToPass]
################################################################################################################################################
[ReportManager] Element Action [type] successfully performed. With the following test data [Automation!@#$%^&*()_+{}[]\';/.,]. @06-05-2021 07:14:15.0778 AM
[ReportManager] Element Action [getText] successfully performed. With the following test data [Automation!@#$%^&*()_+{}[]\';/.,]. @06-05-2021 07:14:15.0870 AM
[ReportManager] Loaded Shared OpenCV @06-05-2021 07:14:16.0022 AM
[ReportManager] AssertElementAttribute PASSED; Expected [Value Should be 'Automation!@#$%^&*()_+{}[]\';/.,' for the 'text' attribute, element locator 'By.name: q'] and Actual [Automation!@#$%^&*()_+{}[]\';/.,]. Comparison Type [EQUALS]. Validation Type [POSITIVE]. @06-05-2021 07:14:16.0100 AM
[ReportManager] Successfully created attachment [Screenshot - 1620285256022_assertElementAttribute_true_literalComparison_expectedToPass_AssertElementAttribute_passed] @06-05-2021 07:14:16.0101 A
[ReportManager] Successfully created attachment [Selenium WebDriver Logs - server] @06-05-2021 07:14:16.0178 AM
[ReportManager] Successfully created attachment [Selenium WebDriver Logs - performance] @06-05-2021 07:14:16.0339 AM
[ReportManager] Successfully created attachment [Selenium WebDriver Logs - driver] @06-05-2021 07:14:16.0521 AM
[ReportManager] Browser Action [closeCurrentWindow] successfully performed. @06-05-2021 07:14:16.0577 AM
[ReportManager] Successfully created attachment [Browser Action Test Data - closeCurrentWindow - Actual Value] @06-05-2021 07:14:16.0578 A
[ReportManager] File Action [getAbsolutePath] successfully performed. With the following test data [Relative Folder Path: "target/downloadedFiles/"]. @06-05-2021 07:14:16.0584 AM
[ReportManager] Attempting to run remotely on: [Linux-64], [GoogleChrome], [http://localhost:4444/wd/hub], Headless Execution. @06-05-2021 07:14:16.0584 AM
[ReportManager] Successfully Opened [GoogleChrome]. @06-05-2021 07:14:16.0787 AM
[ReportManager] Target URL: [https://www.google.com/ncr], and after redirection: [www.google.com] @06-05-2021 07:14:16.0797 AM
[ReportManager] Initial URL: [data:,] @06-05-2021 07:14:16.0842 AM
[ReportManager] Browser Action [navigateToURL] successfully performed. With the following test data [https://www.google.com/ncr]. @06-05-2021 07:14:17.0593 A

################################################################################################################################################
Starting Execution:	[92 out of 137] test cases in the current suite
Test Method:		[unitTests.tests_validations_assertions.assertElementAttribute_true_regexComparison_expectedToFail]
################################################################################################################################################
[ReportManager] Element Action [type] successfully performed. With the following test data [Automation123]. @06-05-2021 07:14:18.0148 AM
[ReportManager] Element Action [getText] successfully performed. With the following test data [Automation123]. @06-05-2021 07:14:18.0256 AM
[ReportManager] Loaded Shared OpenCV @06-05-2021 07:14:18.0392 AM
[ReportManager] AssertElementAttribute FAILED; Expected [Value Should be 'Automation' for the 'text' attribute, element locator 'By.name: q'] and Actual [Automation123]. Comparison Type [MATCHES]. Validation Type [POSITIVE]. @06-05-2021 07:14:18.0474 AM
[ReportManager] Successfully created attachment [Screenshot - 1620285258392_assertElementAttribute_true_regexComparison_expectedToFail_AssertElementAttribute_failed] @06-05-2021 07:14:18.0475 A
[ReportManager] Successfully created attachment [Selenium WebDriver Logs - server] @06-05-2021 07:14:18.0561 AM
[ReportManager] Successfully created attachment [Selenium WebDriver Logs - performance] @06-05-2021 07:14:18.0643 AM
[ReportManager] Successfully created attachment [Selenium WebDriver Logs - driver] @06-05-2021 07:14:18.0776 AM
[ReportManager] Browser Action [closeCurrentWindow] successfully performed. @06-05-2021 07:14:18.0834 AM
[ReportManager] Successfully created attachment [Browser Action Test Data - closeCurrentWindow - Actual Value] @06-05-2021 07:14:18.0835 A
[ReportManager] File Action [getAbsolutePath] successfully performed. With the following test data [Relative Folder Path: "target/downloadedFiles/"]. @06-05-2021 07:14:18.0839 AM
[ReportManager] Attempting to run remotely on: [Linux-64], [GoogleChrome], [http://localhost:4444/wd/hub], Headless Execution. @06-05-2021 07:14:18.0840 AM
[ReportManager] Successfully Opened [GoogleChrome]. @06-05-2021 07:14:19.0074 AM
[ReportManager] Target URL: [https://www.google.com/ncr], and after redirection: [www.google.com] @06-05-2021 07:14:19.0085 AM
[ReportManager] Initial URL: [data:,] @06-05-2021 07:14:19.0123 AM
[ReportManager] Browser Action [navigateToURL] successfully performed. With the following test data [https://www.google.com/ncr]. @06-05-2021 07:14:19.0925 A

################################################################################################################################################
Starting Execution:	[93 out of 137] test cases in the current suite
Test Method:		[unitTests.tests_validations_assertions.assertElementAttribute_true_regexComparison_expectedToPass]
################################################################################################################################################
[ReportManager] Element Action [type] successfully performed. With the following test data [Automation123]. @06-05-2021 07:14:20.0424 AM
[ReportManager] Element Action [getText] successfully performed. With the following test data [Automation123]. @06-05-2021 07:14:20.0527 AM
[ReportManager] Loaded Shared OpenCV @06-05-2021 07:14:20.0736 AM
[ReportManager] AssertElementAttribute PASSED; Expected [Value Should be 'Automation.*' for the 'text' attribute, element locator 'By.name: q'] and Actual [Automation123]. Comparison Type [MATCHES]. Validation Type [POSITIVE]. @06-05-2021 07:14:20.0812 AM
[ReportManager] Successfully created attachment [Screenshot - 1620285260736_assertElementAttribute_true_regexComparison_expectedToPass_AssertElementAttribute_passed] @06-05-2021 07:14:20.0813 A
[ReportManager] Successfully created attachment [Selenium WebDriver Logs - server] @06-05-2021 07:14:20.0889 AM
[ReportManager] Successfully created attachment [Selenium WebDriver Logs - performance] @06-05-2021 07:14:20.0986 AM
[ReportManager] Successfully created attachment [Selenium WebDriver Logs - driver] @06-05-2021 07:14:21.0116 AM
[ReportManager] Browser Action [closeCurrentWindow] successfully performed. @06-05-2021 07:14:21.0172 AM
[ReportManager] Successfully created attachment [Browser Action Test Data - closeCurrentWindow - Actual Value] @06-05-2021 07:14:21.0173 A
[ReportManager] File Action [getAbsolutePath] successfully performed. With the following test data [Relative Folder Path: "target/downloadedFiles/"]. @06-05-2021 07:14:21.0177 AM
[ReportManager] Attempting to run remotely on: [Linux-64], [GoogleChrome], [http://localhost:4444/wd/hub], Headless Execution. @06-05-2021 07:14:21.0177 AM
[ReportManager] Successfully Opened [GoogleChrome]. @06-05-2021 07:14:21.0391 AM
[ReportManager] Target URL: [https://www.google.com/ncr], and after redirection: [www.google.com] @06-05-2021 07:14:21.0400 AM
[ReportManager] Initial URL: [data:,] @06-05-2021 07:14:21.0444 AM
[ReportManager] Browser Action [navigateToURL] successfully performed. With the following test data [https://www.google.com/ncr]. @06-05-2021 07:14:22.0198 A

################################################################################################################################################
Starting Execution:	[94 out of 137] test cases in the current suite
Test Method:		[unitTests.tests_validations_assertions.assertElementAttribute_type_true_literalComparison_expectedToPass]
################################################################################################################################################
[ReportManager] Element Action [type] successfully performed. With the following test data [Automation!@#$%^&*()_+{}[]\';/.,]. @06-05-2021 07:14:23.0370 AM
[ReportManager] Element Action [getText] successfully performed. With the following test data [Automation!@#$%^&*()_+{}[]\';/.,]. @06-05-2021 07:14:23.0464 AM
[ReportManager] Loaded Shared OpenCV @06-05-2021 07:14:23.0606 AM
[ReportManager] AssertElementAttribute PASSED; Expected [Value Should be 'Automation!@#$%^&*()_+{}[]\';/.,' for the 'text' attribute, element locator 'By.name: q'] and Actual [Automation!@#$%^&*()_+{}[]\';/.,]. Comparison Type [EQUALS]. Validation Type [POSITIVE]. @06-05-2021 07:14:23.0683 AM
[ReportManager] Successfully created attachment [Screenshot - 1620285263606_assertElementAttribute_type_true_literalComparison_expectedToPass_AssertElementAttribute_passed] @06-05-2021 07:14:23.0683 A
[ReportManager] Successfully created attachment [Selenium WebDriver Logs - server] @06-05-2021 07:14:23.0757 AM
[ReportManager] Successfully created attachment [Selenium WebDriver Logs - performance] @06-05-2021 07:14:23.0935 AM
[ReportManager] Successfully created attachment [Selenium WebDriver Logs - driver] @06-05-2021 07:14:24.0113 AM
[ReportManager] Browser Action [closeCurrentWindow] successfully performed. @06-05-2021 07:14:24.0169 AM
[ReportManager] Successfully created attachment [Browser Action Test Data - closeCurrentWindow - Actual Value] @06-05-2021 07:14:24.0170 A
[ReportManager] File Action [getAbsolutePath] successfully performed. With the following test data [Relative Folder Path: "target/downloadedFiles/"]. @06-05-2021 07:14:24.0174 AM
[ReportManager] Attempting to run remotely on: [Linux-64], [GoogleChrome], [http://localhost:4444/wd/hub], Headless Execution. @06-05-2021 07:14:24.0174 AM
[ReportManager] Successfully Opened [GoogleChrome]. @06-05-2021 07:14:24.0365 AM
[ReportManager] Target URL: [https://www.google.com/ncr], and after redirection: [www.google.com] @06-05-2021 07:14:24.0378 AM
[ReportManager] Initial URL: [data:,] @06-05-2021 07:14:24.0418 AM
[ReportManager] Browser Action [navigateToURL] successfully performed. With the following test data [https://www.google.com/ncr]. @06-05-2021 07:14:25.0162 A

################################################################################################################################################
Starting Execution:	[95 out of 137] test cases in the current suite
Test Method:		[unitTests.tests_validations_assertions.assertElementExists_false_expectedToFail]
################################################################################################################################################
[ReportManager] AssertElementExists PASSED; Expected [Element Should not Exist, locator 'By.id: hplogo'] and Actual [Element Doesn't Exists]. Comparison Type [EQUALS]. Validation Type [NEGATIVE]. @06-05-2021 07:14:35.0545 AM
[ReportManager] Successfully created attachment [Screenshot - 1620285275483_assertElementExists_false_expectedToFail_AssertElementExists_passed] @06-05-2021 07:14:35.0545 A
[ReportManager] Successfully created attachment [Selenium WebDriver Logs - server] @06-05-2021 07:14:35.0623 AM
[ReportManager] Successfully created attachment [Selenium WebDriver Logs - performance] @06-05-2021 07:14:35.0657 AM
[ReportManager] Successfully created attachment [Selenium WebDriver Logs - driver] @06-05-2021 07:14:35.0741 AM
[ReportManager] Browser Action [closeCurrentWindow] successfully performed. @06-05-2021 07:14:35.0797 AM
[ReportManager] Successfully created attachment [Browser Action Test Data - closeCurrentWindow - Actual Value] @06-05-2021 07:14:35.0798 A
[ReportManager] File Action [getAbsolutePath] successfully performed. With the following test data [Relative Folder Path: "target/downloadedFiles/"]. @06-05-2021 07:14:35.0801 AM
[ReportManager] Attempting to run remotely on: [Linux-64], [GoogleChrome], [http://localhost:4444/wd/hub], Headless Execution. @06-05-2021 07:14:35.0801 AM
[ReportManager] Successfully Opened [GoogleChrome]. @06-05-2021 07:14:35.0997 AM
[ReportManager] Target URL: [https://www.google.com/ncr], and after redirection: [www.google.com] @06-05-2021 07:14:36.0037 AM
[ReportManager] Initial URL: [data:,] @06-05-2021 07:14:36.0075 AM
[ReportManager] Browser Action [navigateToURL] successfully performed. With the following test data [https://www.google.com/ncr]. @06-05-2021 07:14:36.0850 A

################################################################################################################################################
Starting Execution:	[96 out of 137] test cases in the current suite
Test Method:		[unitTests.tests_validations_assertions.assertElementExists_false_expectedToPass]
################################################################################################################################################
[ReportManager] AssertElementExists PASSED; Expected [Element Should not Exist, locator 'By.id: fakeElement'] and Actual [Element Doesn't Exists]. Comparison Type [EQUALS]. Validation Type [NEGATIVE]. @06-05-2021 07:14:47.0240 AM
[ReportManager] Successfully created attachment [Screenshot - 1620285287180_assertElementExists_false_expectedToPass_AssertElementExists_passed] @06-05-2021 07:14:47.0240 A
[ReportManager] Successfully created attachment [Selenium WebDriver Logs - server] @06-05-2021 07:14:47.0310 AM
[ReportManager] Successfully created attachment [Selenium WebDriver Logs - performance] @06-05-2021 07:14:47.0344 AM
[ReportManager] Successfully created attachment [Selenium WebDriver Logs - driver] @06-05-2021 07:14:47.0430 AM
[ReportManager] Browser Action [closeCurrentWindow] successfully performed. @06-05-2021 07:14:47.0486 AM
[ReportManager] Successfully created attachment [Browser Action Test Data - closeCurrentWindow - Actual Value] @06-05-2021 07:14:47.0487 A
[ReportManager] File Action [getAbsolutePath] successfully performed. With the following test data [Relative Folder Path: "target/downloadedFiles/"]. @06-05-2021 07:14:47.0490 AM
[ReportManager] Attempting to run remotely on: [Linux-64], [GoogleChrome], [http://localhost:4444/wd/hub], Headless Execution. @06-05-2021 07:14:47.0490 AM
[ReportManager] Successfully Opened [GoogleChrome]. @06-05-2021 07:14:47.0692 AM
[ReportManager] Target URL: [https://www.google.com/ncr], and after redirection: [www.google.com] @06-05-2021 07:14:47.0713 AM
[ReportManager] Initial URL: [data:,] @06-05-2021 07:14:47.0751 AM
[ReportManager] Browser Action [navigateToURL] successfully performed. With the following test data [https://www.google.com/ncr]. @06-05-2021 07:14:48.0536 A

################################################################################################################################################
Starting Execution:	[97 out of 137] test cases in the current suite
Test Method:		[unitTests.tests_validations_assertions.assertElementExists_false_multipleElementsFound_expectedToFail]
################################################################################################################################################
[ReportManager] AssertElementExists FAILED; Expected [Element Should not Exist, locator 'By.xpath: //div'] and Actual [Element Exists but is not unique]. Comparison Type [EQUALS]. Validation Type [NEGATIVE]. @06-05-2021 07:14:48.0776 AM
[ReportManager] Successfully created attachment [Screenshot - 1620285288714_assertElementExists_false_multipleElementsFound_expectedToFail_AssertElementExists_failed] @06-05-2021 07:14:48.0776 A
[ReportManager] Successfully created attachment [Selenium WebDriver Logs - server] @06-05-2021 07:14:48.0854 AM
[ReportManager] Successfully created attachment [Selenium WebDriver Logs - performance] @06-05-2021 07:14:48.0886 AM
[ReportManager] Successfully created attachment [Selenium WebDriver Logs - driver] @06-05-2021 07:14:48.0957 AM
[ReportManager] Browser Action [closeCurrentWindow] successfully performed. @06-05-2021 07:14:49.0012 AM
[ReportManager] Successfully created attachment [Browser Action Test Data - closeCurrentWindow - Actual Value] @06-05-2021 07:14:49.0016 A
[ReportManager] File Action [getAbsolutePath] successfully performed. With the following test data [Relative Folder Path: "target/downloadedFiles/"]. @06-05-2021 07:14:49.0018 AM
[ReportManager] Attempting to run remotely on: [Linux-64], [GoogleChrome], [http://localhost:4444/wd/hub], Headless Execution. @06-05-2021 07:14:49.0019 AM
[ReportManager] Successfully Opened [GoogleChrome]. @06-05-2021 07:14:49.0217 AM
[ReportManager] Target URL: [https://www.google.com/ncr], and after redirection: [www.google.com] @06-05-2021 07:14:49.0227 AM
[ReportManager] Initial URL: [data:,] @06-05-2021 07:14:49.0266 AM
[ReportManager] Browser Action [navigateToURL] successfully performed. With the following test data [https://www.google.com/ncr]. @06-05-2021 07:14:50.0062 A

################################################################################################################################################
Starting Execution:	[98 out of 137] test cases in the current suite
Test Method:		[unitTests.tests_validations_assertions.assertElementExists_true_expectedToFail]
################################################################################################################################################
[ReportManager] AssertElementExists FAILED; Expected [Element Should Exist, locator 'By.id: fakeElement'] and Actual [Element Doesn't Exists]. Comparison Type [EQUALS]. Validation Type [POSITIVE]. @06-05-2021 07:15:20.0722 AM
[ReportManager] Successfully created attachment [Screenshot - 1620285320663_assertElementExists_true_expectedToFail_AssertElementExists_failed] @06-05-2021 07:15:20.0723 A
[ReportManager] Successfully created attachment [Selenium WebDriver Logs - server] @06-05-2021 07:15:20.0795 AM
[ReportManager] Successfully created attachment [Selenium WebDriver Logs - performance] @06-05-2021 07:15:20.0834 AM
[ReportManager] Successfully created attachment [Selenium WebDriver Logs - driver] @06-05-2021 07:15:20.0929 AM
[ReportManager] Browser Action [closeCurrentWindow] successfully performed. @06-05-2021 07:15:20.0987 AM
[ReportManager] Successfully created attachment [Browser Action Test Data - closeCurrentWindow - Actual Value] @06-05-2021 07:15:20.0987 A
[ReportManager] File Action [getAbsolutePath] successfully performed. With the following test data [Relative Folder Path: "target/downloadedFiles/"]. @06-05-2021 07:15:20.0989 AM
[ReportManager] Attempting to run remotely on: [Linux-64], [GoogleChrome], [http://localhost:4444/wd/hub], Headless Execution. @06-05-2021 07:15:20.0989 AM
[ReportManager] Successfully Opened [GoogleChrome]. @06-05-2021 07:15:21.0182 AM
[ReportManager] Target URL: [https://www.google.com/ncr], and after redirection: [www.google.com] @06-05-2021 07:15:21.0192 AM
[ReportManager] Initial URL: [data:,] @06-05-2021 07:15:21.0236 AM
[ReportManager] Browser Action [navigateToURL] successfully performed. With the following test data [https://www.google.com/ncr]. @06-05-2021 07:15:22.0016 A

################################################################################################################################################
Starting Execution:	[99 out of 137] test cases in the current suite
Test Method:		[unitTests.tests_validations_assertions.assertElementExists_true_expectedToPass]
################################################################################################################################################
[ReportManager] Loaded Shared OpenCV @06-05-2021 07:15:22.0212 AM
[ReportManager] AssertElementExists PASSED; Expected [Element Should Exist, locator 'By.xpath: //img[@id='hplogo' or @alt='Google']'] and Actual [Element Exists]. Comparison Type [EQUALS]. Validation Type [POSITIVE]. @06-05-2021 07:15:22.0287 AM
[ReportManager] Successfully created attachment [Screenshot - 1620285322212_assertElementExists_true_expectedToPass_AssertElementExists_passed] @06-05-2021 07:15:22.0287 A
[ReportManager] Successfully created attachment [Selenium WebDriver Logs - server] @06-05-2021 07:15:22.0358 AM
[ReportManager] Successfully created attachment [Selenium WebDriver Logs - performance] @06-05-2021 07:15:22.0393 AM
[ReportManager] Successfully created attachment [Selenium WebDriver Logs - driver] @06-05-2021 07:15:22.0462 AM
[ReportManager] Browser Action [closeCurrentWindow] successfully performed. @06-05-2021 07:15:22.0518 AM
[ReportManager] Successfully created attachment [Browser Action Test Data - closeCurrentWindow - Actual Value] @06-05-2021 07:15:22.0519 A
[ReportManager] File Action [getAbsolutePath] successfully performed. With the following test data [Relative Folder Path: "target/downloadedFiles/"]. @06-05-2021 07:15:22.0523 AM
[ReportManager] Attempting to run remotely on: [Linux-64], [GoogleChrome], [http://localhost:4444/wd/hub], Headless Execution. @06-05-2021 07:15:22.0525 AM
[ReportManager] Successfully Opened [GoogleChrome]. @06-05-2021 07:15:22.0744 AM
[ReportManager] Target URL: [https://www.google.com/ncr], and after redirection: [www.google.com] @06-05-2021 07:15:22.0754 AM
[ReportManager] Initial URL: [data:,] @06-05-2021 07:15:22.0791 AM
[ReportManager] Browser Action [navigateToURL] successfully performed. With the following test data [https://www.google.com/ncr]. @06-05-2021 07:15:23.0725 A

################################################################################################################################################
Starting Execution:	[100 out of 137] test cases in the current suite
Test Method:		[unitTests.tests_validations_assertions.assertElementExists_true_multipleElementsFound_expectedToFail]
################################################################################################################################################
[ReportManager] AssertElementExists FAILED; Expected [Element Should Exist, locator 'By.xpath: //div'] and Actual [Element Exists but is not unique]. Comparison Type [EQUALS]. Validation Type [POSITIVE]. @06-05-2021 07:15:23.0995 AM
[ReportManager] Successfully created attachment [Screenshot - 1620285323935_assertElementExists_true_multipleElementsFound_expectedToFail_AssertElementExists_failed] @06-05-2021 07:15:23.0996 A
[ReportManager] Successfully created attachment [Selenium WebDriver Logs - server] @06-05-2021 07:15:24.0070 AM
[ReportManager] Successfully created attachment [Selenium WebDriver Logs - performance] @06-05-2021 07:15:24.0102 AM
[ReportManager] Successfully created attachment [Selenium WebDriver Logs - driver] @06-05-2021 07:15:24.0175 AM
[ReportManager] Browser Action [closeCurrentWindow] successfully performed. @06-05-2021 07:15:24.0231 AM
[ReportManager] Successfully created attachment [Browser Action Test Data - closeCurrentWindow - Actual Value] @06-05-2021 07:15:24.0232 A

################################################################################################################################################
Starting Execution:	[101 out of 137] test cases in the current suite
Test Method:		[unitTests.tests_validations_assertions.assertEquals_false_expectedToFail]
################################################################################################################################################
[ReportManager] AssertEquals FAILED; Expected [1] and Actual [1]. Comparison Type [EQUALS]. Validation Type [NEGATIVE]. @06-05-2021 07:15:24.0235 A

################################################################################################################################################
Starting Execution:	[102 out of 137] test cases in the current suite
Test Method:		[unitTests.tests_validations_assertions.assertEquals_false_expectedToPass]
################################################################################################################################################
[ReportManager] AssertEquals PASSED; Expected [1] and Actual [2]. Comparison Type [EQUALS]. Validation Type [NEGATIVE]. @06-05-2021 07:15:24.0237 A

################################################################################################################################################
Starting Execution:	[103 out of 137] test cases in the current suite
Test Method:		[unitTests.tests_validations_assertions.assertEquals_longCharacters]
################################################################################################################################################
[ReportManager] VerifyEquals PASSED; Expected and Actual values are attached. Comparison Type [EQUALS]. Validation Type [POSITIVE]. @06-05-2021 07:15:24.0239 AM
[ReportManager] Successfully created attachment [Validation Test Data - Expected Value] @06-05-2021 07:15:24.0239 AM
[ReportManager] Successfully created attachment [Validation Test Data - Actual Value] @06-05-2021 07:15:24.0240 AM
[ReportManager] AssertEquals PASSED; Expected and Actual values are attached. Comparison Type [EQUALS]. Validation Type [POSITIVE]. @06-05-2021 07:15:24.0240 AM
[ReportManager] Successfully created attachment [Validation Test Data - Expected Value] @06-05-2021 07:15:24.0240 AM
[ReportManager] Successfully created attachment [Validation Test Data - Actual Value] @06-05-2021 07:15:24.0240 A

################################################################################################################################################
Starting Execution:	[104 out of 137] test cases in the current suite
Test Method:		[unitTests.tests_validations_assertions.assertEquals_longCharacters_Discreet]
################################################################################################################################################
[ReportManager] AssertEquals PASSED; Expected [1LH5pROcDBjjQk0t0mCr0lXuzQu9lcGj28kY8R1H81X67eVAQJgWQhILiRWVPUgZ6uCtK5cnBkF55Jr9vYngjGO1Iyf0Mktv6lruDlL9T8MAUPcUZJGHZtji6nIeadujDSNmWMj5d6C8zlFqw0CRqBU0hO5adIasHgBSNoLotAjce3NGXoDwAlp3rYreeV16VIyZXROQY] and Actual [1LH5pROcDBjjQk0t0mCr0lXuzQu9lcGj28kY8R1H81X67eVAQJgWQhILiRWVPUgZ6uCtK5cnBkF55Jr9vYngjGO1Iyf0Mktv6lruDlL9T8MAUPcUZJGHZtji6nIeadujDSNmWMj5d6C8zlFqw0CRqBU0hO5adIasHgBSNoLotAjce3NGXoDwAlp3rYreeV16VIyZXROQY]. Comparison Type [EQUALS]. Validation Type [POSITIVE]. @06-05-2021 07:15:24.0243 A

################################################################################################################################################
Starting Execution:	[105 out of 137] test cases in the current suite
Test Method:		[unitTests.tests_validations_assertions.assertEquals_true_expectedToFail]
################################################################################################################################################
[ReportManager] AssertEquals FAILED; Expected [1] and Actual [2]. Comparison Type [EQUALS]. Validation Type [POSITIVE]. @06-05-2021 07:15:24.0245 A

################################################################################################################################################
Starting Execution:	[106 out of 137] test cases in the current suite
Test Method:		[unitTests.tests_validations_assertions.assertEquals_true_expectedToPass]
Test Description:	[Assert that assertEquals works as expected when the two values are equal.]
################################################################################################################################################
[ReportManager] VerifyEquals PASSED; Expected [1] and Actual [1]. Comparison Type [EQUALS]. Validation Type [POSITIVE]. @06-05-2021 07:15:24.0247 AM
[ReportManager] AssertEquals PASSED; Expected [1] and Actual [1]. Comparison Type [EQUALS]. Validation Type [POSITIVE]. @06-05-2021 07:15:24.0247 A

################################################################################################################################################
Starting Execution:	[107 out of 137] test cases in the current suite
Test Method:		[unitTests.tests_validations_assertions.assertEquals_true_expectedToPass__]
################################################################################################################################################
[ReportManager] AssertEquals PASSED; Expected [1] and Actual [1]. Comparison Type [EQUALS]. Validation Type [POSITIVE]. @06-05-2021 07:15:24.0249 A

################################################################################################################################################
Starting Execution:	[108 out of 137] test cases in the current suite
Test Method:		[unitTests.tests_validations_assertions.assertFileExists_false_expectedToFail]
################################################################################################################################################
[ReportManager] File Action [doesFileExist] successfully performed. With the following test data [File Path: "src/main/java/com/shaft/gui/element/ElementActions.java"]. @06-05-2021 07:15:24.0250 AM
[ReportManager] AssertFileExists FAILED; Expected [File 'src/main/java/com/shaft/gui/element/ElementActions.java' should not exist, after up to '1' retries] and Actual [File exists]. Validation Type [NEGATIVE]. @06-05-2021 07:15:24.0250 A

################################################################################################################################################
Starting Execution:	[109 out of 137] test cases in the current suite
Test Method:		[unitTests.tests_validations_assertions.assertFileExists_false_expectedToPass]
################################################################################################################################################
[ReportManager] File Action [doesFileExist] successfully performed. With the following test data [File Path: "src/main/java/com/shaft/gui/element/ElementActions.java_fail"]. @06-05-2021 07:15:24.0752 AM
[ReportManager] AssertFileExists PASSED; Expected [File 'src/main/java/com/shaft/gui/element/ElementActions.java_fail' should not exist, after up to '1' retries] and Actual [File does not exist]. Validation Type [NEGATIVE]. @06-05-2021 07:15:24.0753 A

################################################################################################################################################
Starting Execution:	[110 out of 137] test cases in the current suite
Test Method:		[unitTests.tests_validations_assertions.assertFileExists_true_expectedToFail]
################################################################################################################################################
[ReportManager] File Action [doesFileExist] successfully performed. With the following test data [File Path: "src/main/java/com/shaft/gui/element/ElementActions.java_fail"]. @06-05-2021 07:15:25.0255 AM
[ReportManager] AssertFileExists FAILED; Expected [File 'src/main/java/com/shaft/gui/element/ElementActions.java_fail' should exist, after up to '1' retries] and Actual [File does not exist]. Validation Type [POSITIVE]. @06-05-2021 07:15:25.0255 A

################################################################################################################################################
Starting Execution:	[111 out of 137] test cases in the current suite
Test Method:		[unitTests.tests_validations_assertions.assertFileExists_true_expectedToPass]
################################################################################################################################################
[ReportManager] File Action [doesFileExist] successfully performed. With the following test data [File Path: "src/main/java/com/shaft/gui/element/ElementActions.java"]. @06-05-2021 07:15:25.0258 AM
[ReportManager] AssertFileExists PASSED; Expected [File 'src/main/java/com/shaft/gui/element/ElementActions.java' should exist, after up to '1' retries] and Actual [File exists]. Validation Type [POSITIVE]. @06-05-2021 07:15:25.0258 A

################################################################################################################################################
Starting Execution:	[112 out of 137] test cases in the current suite
Test Method:		[unitTests.tests_validations_assertions.assertNull_false_expectedToFail]
################################################################################################################################################
[ReportManager] AssertNull FAILED; Expected [NULL] and Actual [NULL]. Comparison Type [EQUALS]. Validation Type [NEGATIVE]. @06-05-2021 07:15:25.0260 A

################################################################################################################################################
Starting Execution:	[113 out of 137] test cases in the current suite
Test Method:		[unitTests.tests_validations_assertions.assertNull_false_expectedToPass]
################################################################################################################################################
[ReportManager] AssertNull PASSED; Expected [NULL] and Actual [1]. Comparison Type [EQUALS]. Validation Type [NEGATIVE]. @06-05-2021 07:15:25.0262 A

################################################################################################################################################
Starting Execution:	[114 out of 137] test cases in the current suite
Test Method:		[unitTests.tests_validations_assertions.assertNull_true_expectedToFail]
################################################################################################################################################
[ReportManager] AssertNull FAILED; Expected [NULL] and Actual [1]. Comparison Type [EQUALS]. Validation Type [POSITIVE]. @06-05-2021 07:15:25.0263 A

################################################################################################################################################
Starting Execution:	[115 out of 137] test cases in the current suite
Test Method:		[unitTests.tests_validations_assertions.assertNull_true_expectedToPass]
################################################################################################################################################
[ReportManager] AssertNull PASSED; Expected [NULL] and Actual [NULL]. Comparison Type [EQUALS]. Validation Type [POSITIVE]. @06-05-2021 07:15:25.0265 A
[ReportManager] File Action [getAbsolutePath] successfully performed. With the following test data [Relative Folder Path: "target/downloadedFiles/"]. @06-05-2021 07:15:25.0266 AM
[ReportManager] Attempting to run remotely on: [Linux-64], [GoogleChrome], [http://localhost:4444/wd/hub], Headless Execution. @06-05-2021 07:15:25.0266 AM
[ReportManager] Successfully Opened [GoogleChrome]. @06-05-2021 07:15:25.0480 AM
[ReportManager] Target URL: [https://duckduckgo.com] @06-05-2021 07:15:25.0489 AM
[ReportManager] Initial URL: [data:,] @06-05-2021 07:15:25.0525 AM
[ReportManager] Browser Action [navigateToURL] successfully performed. With the following test data [https://duckduckgo.com]. @06-05-2021 07:15:26.0673 A

################################################################################################################################################
Starting Execution:	[116 out of 137] test cases in the current suite
Test Method:		[unitTests.tests_browserActions.fullScreenWindow]
################################################################################################################################################
[ReportManager] Initial Windows Size: 800x600 @06-05-2021 07:15:26.0680 AM
[ReportManager] Initial window size: (800, 600) @06-05-2021 07:15:26.0682 AM
[ReportManager] Window size after Toolkit: (1920, 1080) @06-05-2021 07:15:26.0904 AM
[ReportManager] Browser Action [maximizeWindow] successfully performed. With the following test data [New screen size is now: (1920, 1080)]. @06-05-2021 07:15:26.0906 AM
[ReportManager] Current Windows Size after fullScreen: 1920x1080 @06-05-2021 07:15:26.0911 AM
[ReportManager] Browser Action [fullScreenWindow] successfully performed. @06-05-2021 07:15:26.0934 AM
[ReportManager] Successfully created attachment [Browser Action Test Data - fullScreenWindow - Actual Value] @06-05-2021 07:15:26.0934 A
[ReportManager] Target URL: [https://duckduckgo.com] @06-05-2021 07:15:26.0936 AM
[ReportManager] Initial URL: [https://duckduckgo.com] @06-05-2021 07:15:26.0991 AM
[ReportManager] Browser Action [navigateToURL] successfully performed. With the following test data [https://duckduckgo.com]. @06-05-2021 07:15:27.0453 AM
[ReportManager] Successfully created attachment [Selenium WebDriver Logs - server] @06-05-2021 07:15:27.0497 AM
[ReportManager] Successfully created attachment [Selenium WebDriver Logs - performance] @06-05-2021 07:15:27.0609 AM
[ReportManager] Successfully created attachment [Selenium WebDriver Logs - driver] @06-05-2021 07:15:27.0767 AM
[ReportManager] Browser Action [closeCurrentWindow] successfully performed. @06-05-2021 07:15:27.0823 AM
[ReportManager] Successfully created attachment [Browser Action Test Data - closeCurrentWindow - Actual Value] @06-05-2021 07:15:27.0824 A
[ReportManager] File Action [getAbsolutePath] successfully performed. With the following test data [Relative Folder Path: "target/downloadedFiles/"]. @06-05-2021 07:15:27.0827 AM
[ReportManager] Attempting to run remotely on: [Linux-64], [GoogleChrome], [http://localhost:4444/wd/hub], Headless Execution. @06-05-2021 07:15:27.0827 AM
[ReportManager] Successfully Opened [GoogleChrome]. @06-05-2021 07:15:28.0030 AM
[ReportManager] Target URL: [https://duckduckgo.com] @06-05-2021 07:15:28.0040 AM
[ReportManager] Initial URL: [data:,] @06-05-2021 07:15:28.0092 AM
[ReportManager] Browser Action [navigateToURL] successfully performed. With the following test data [https://duckduckgo.com]. @06-05-2021 07:15:29.0099 A

################################################################################################################################################
Starting Execution:	[117 out of 137] test cases in the current suite
Test Method:		[unitTests.tests_browserActions.getCurrentURL]
################################################################################################################################################
[ReportManager] Browser Action [getCurrentURL] successfully performed. With the following test data [https://duckduckgo.com/]. @06-05-2021 07:15:29.0134 A
[ReportManager] Target URL: [https://duckduckgo.com] @06-05-2021 07:15:29.0136 AM
[ReportManager] Initial URL: [https://duckduckgo.com] @06-05-2021 07:15:29.0192 AM
[ReportManager] Browser Action [navigateToURL] successfully performed. With the following test data [https://duckduckgo.com]. @06-05-2021 07:15:29.0649 AM
[ReportManager] Successfully created attachment [Selenium WebDriver Logs - server] @06-05-2021 07:15:29.0703 AM
[ReportManager] Successfully created attachment [Selenium WebDriver Logs - performance] @06-05-2021 07:15:29.0812 AM
[ReportManager] Successfully created attachment [Selenium WebDriver Logs - driver] @06-05-2021 07:15:29.0956 AM
[ReportManager] Browser Action [closeCurrentWindow] successfully performed. @06-05-2021 07:15:30.0012 AM
[ReportManager] Successfully created attachment [Browser Action Test Data - closeCurrentWindow - Actual Value] @06-05-2021 07:15:30.0014 A
[ReportManager] File Action [getAbsolutePath] successfully performed. With the following test data [Relative Folder Path: "target/downloadedFiles/"]. @06-05-2021 07:15:30.0015 AM
[ReportManager] Attempting to run remotely on: [Linux-64], [GoogleChrome], [http://localhost:4444/wd/hub], Headless Execution. @06-05-2021 07:15:30.0015 AM
[ReportManager] Successfully Opened [GoogleChrome]. @06-05-2021 07:15:30.0224 AM
[ReportManager] Target URL: [https://duckduckgo.com] @06-05-2021 07:15:30.0234 AM
[ReportManager] Initial URL: [data:,] @06-05-2021 07:15:30.0274 AM
[ReportManager] Browser Action [navigateToURL] successfully performed. With the following test data [https://duckduckgo.com]. @06-05-2021 07:15:31.0388 A

################################################################################################################################################
Starting Execution:	[118 out of 137] test cases in the current suite
Test Method:		[unitTests.tests_browserActions.getCurrentWindowTitle]
################################################################################################################################################
[ReportManager] Browser Action [getCurrentWindowTitle] successfully performed. With the following test data [DuckDuckGo  Privacy, simplified.]. @06-05-2021 07:15:31.0426 A
[ReportManager] Target URL: [https://duckduckgo.com] @06-05-2021 07:15:31.0429 AM
[ReportManager] Initial URL: [https://duckduckgo.com] @06-05-2021 07:15:31.0482 AM
[ReportManager] Browser Action [navigateToURL] successfully performed. With the following test data [https://duckduckgo.com]. @06-05-2021 07:15:31.0949 AM
[ReportManager] Successfully created attachment [Selenium WebDriver Logs - server] @06-05-2021 07:15:31.0995 AM
[ReportManager] Successfully created attachment [Selenium WebDriver Logs - performance] @06-05-2021 07:15:32.0104 AM
[ReportManager] Successfully created attachment [Selenium WebDriver Logs - driver] @06-05-2021 07:15:32.0254 AM
[ReportManager] Browser Action [closeCurrentWindow] successfully performed. @06-05-2021 07:15:32.0310 AM
[ReportManager] Successfully created attachment [Browser Action Test Data - closeCurrentWindow - Actual Value] @06-05-2021 07:15:32.0310 A
[ReportManager] File Action [getAbsolutePath] successfully performed. With the following test data [Relative Folder Path: "target/downloadedFiles/"]. @06-05-2021 07:15:32.0313 AM
[ReportManager] Attempting to run remotely on: [Linux-64], [GoogleChrome], [http://localhost:4444/wd/hub], Headless Execution. @06-05-2021 07:15:32.0313 AM
[ReportManager] Successfully Opened [GoogleChrome]. @06-05-2021 07:15:32.0510 AM
[ReportManager] Target URL: [https://duckduckgo.com] @06-05-2021 07:15:32.0519 AM
[ReportManager] Initial URL: [data:,] @06-05-2021 07:15:32.0561 AM
[ReportManager] Browser Action [navigateToURL] successfully performed. With the following test data [https://duckduckgo.com]. @06-05-2021 07:15:33.0680 A

################################################################################################################################################
Starting Execution:	[119 out of 137] test cases in the current suite
Test Method:		[unitTests.tests_browserActions.getPageSource]
################################################################################################################################################
[ReportManager] Browser Action [getPageSource] successfully performed. @06-05-2021 07:15:33.0725 AM
[ReportManager] Successfully created attachment [Browser Action Test Data - getPageSource - Actual Value] @06-05-2021 07:15:33.0726 A
[ReportManager] Target URL: [https://duckduckgo.com] @06-05-2021 07:15:33.0727 AM
[ReportManager] Initial URL: [https://duckduckgo.com] @06-05-2021 07:15:33.0777 AM
[ReportManager] Browser Action [navigateToURL] successfully performed. With the following test data [https://duckduckgo.com]. @06-05-2021 07:15:34.0242 AM
[ReportManager] Successfully created attachment [Selenium WebDriver Logs - server] @06-05-2021 07:15:34.0293 AM
[ReportManager] Successfully created attachment [Selenium WebDriver Logs - performance] @06-05-2021 07:15:34.0402 AM
[ReportManager] Successfully created attachment [Selenium WebDriver Logs - driver] @06-05-2021 07:15:34.0543 AM
[ReportManager] Browser Action [closeCurrentWindow] successfully performed. @06-05-2021 07:15:34.0600 AM
[ReportManager] Successfully created attachment [Browser Action Test Data - closeCurrentWindow - Actual Value] @06-05-2021 07:15:34.0600 A
[ReportManager] File Action [getAbsolutePath] successfully performed. With the following test data [Relative Folder Path: "target/downloadedFiles/"]. @06-05-2021 07:15:34.0603 AM
[ReportManager] Attempting to run remotely on: [Linux-64], [GoogleChrome], [http://localhost:4444/wd/hub], Headless Execution. @06-05-2021 07:15:34.0603 AM
[ReportManager] Successfully Opened [GoogleChrome]. @06-05-2021 07:15:34.0823 AM
[ReportManager] Target URL: [https://duckduckgo.com] @06-05-2021 07:15:34.0834 AM
[ReportManager] Initial URL: [data:,] @06-05-2021 07:15:34.0873 AM
[ReportManager] Browser Action [navigateToURL] successfully performed. With the following test data [https://duckduckgo.com]. @06-05-2021 07:15:35.0980 A

################################################################################################################################################
Starting Execution:	[120 out of 137] test cases in the current suite
Test Method:		[unitTests.tests_browserActions.getWindowHandle]
################################################################################################################################################
[ReportManager] Browser Action [getWindowHandle] successfully performed. With the following test data [CDwindow-DA483867AAE9349A79CB4EED2DBB3E53]. @06-05-2021 07:15:36.0049 A
[ReportManager] Target URL: [https://duckduckgo.com] @06-05-2021 07:15:36.0051 AM
[ReportManager] Initial URL: [https://duckduckgo.com] @06-05-2021 07:15:36.0113 AM
[ReportManager] Browser Action [navigateToURL] successfully performed. With the following test data [https://duckduckgo.com]. @06-05-2021 07:15:36.0593 AM
[ReportManager] Successfully created attachment [Selenium WebDriver Logs - server] @06-05-2021 07:15:36.0640 AM
[ReportManager] Successfully created attachment [Selenium WebDriver Logs - performance] @06-05-2021 07:15:36.0741 AM
[ReportManager] Successfully created attachment [Selenium WebDriver Logs - driver] @06-05-2021 07:15:36.0884 AM
[ReportManager] Browser Action [closeCurrentWindow] successfully performed. @06-05-2021 07:15:36.0941 AM
[ReportManager] Successfully created attachment [Browser Action Test Data - closeCurrentWindow - Actual Value] @06-05-2021 07:15:36.0942 A
[ReportManager] File Action [getAbsolutePath] successfully performed. With the following test data [Relative Folder Path: "target/downloadedFiles/"]. @06-05-2021 07:15:36.0944 AM
[ReportManager] Attempting to run remotely on: [Linux-64], [GoogleChrome], [http://localhost:4444/wd/hub], Headless Execution. @06-05-2021 07:15:36.0944 AM
[ReportManager] Successfully Opened [GoogleChrome]. @06-05-2021 07:15:37.0145 AM
[ReportManager] Target URL: [https://duckduckgo.com] @06-05-2021 07:15:37.0155 AM
[ReportManager] Initial URL: [data:,] @06-05-2021 07:15:37.0192 AM
[ReportManager] Browser Action [navigateToURL] successfully performed. With the following test data [https://duckduckgo.com]. @06-05-2021 07:15:38.0284 A

################################################################################################################################################
Starting Execution:	[121 out of 137] test cases in the current suite
Test Method:		[unitTests.tests_browserActions.getWindowPosition]
################################################################################################################################################
[ReportManager] Browser Action [getWindowPosition] successfully performed. With the following test data [(0, 0)]. @06-05-2021 07:15:38.0321 A
[ReportManager] Target URL: [https://duckduckgo.com] @06-05-2021 07:15:38.0329 AM
[ReportManager] Initial URL: [https://duckduckgo.com] @06-05-2021 07:15:38.0383 AM
[ReportManager] Browser Action [navigateToURL] successfully performed. With the following test data [https://duckduckgo.com]. @06-05-2021 07:15:38.0855 AM
[ReportManager] Successfully created attachment [Selenium WebDriver Logs - server] @06-05-2021 07:15:38.0901 AM
[ReportManager] Successfully created attachment [Selenium WebDriver Logs - performance] @06-05-2021 07:15:39.0011 AM
[ReportManager] Successfully created attachment [Selenium WebDriver Logs - driver] @06-05-2021 07:15:39.0156 AM
[ReportManager] Browser Action [closeCurrentWindow] successfully performed. @06-05-2021 07:15:39.0212 AM
[ReportManager] Successfully created attachment [Browser Action Test Data - closeCurrentWindow - Actual Value] @06-05-2021 07:15:39.0212 A
[ReportManager] File Action [getAbsolutePath] successfully performed. With the following test data [Relative Folder Path: "target/downloadedFiles/"]. @06-05-2021 07:15:39.0215 AM
[ReportManager] Attempting to run remotely on: [Linux-64], [GoogleChrome], [http://localhost:4444/wd/hub], Headless Execution. @06-05-2021 07:15:39.0215 AM
[ReportManager] Successfully Opened [GoogleChrome]. @06-05-2021 07:15:39.0422 AM
[ReportManager] Target URL: [https://duckduckgo.com] @06-05-2021 07:15:39.0436 AM
[ReportManager] Initial URL: [data:,] @06-05-2021 07:15:39.0480 AM
[ReportManager] Browser Action [navigateToURL] successfully performed. With the following test data [https://duckduckgo.com]. @06-05-2021 07:15:40.0575 A

################################################################################################################################################
Starting Execution:	[122 out of 137] test cases in the current suite
Test Method:		[unitTests.tests_browserActions.getWindowSize]
################################################################################################################################################
[ReportManager] Browser Action [getWindowSize] successfully performed. With the following test data [(800, 600)]. @06-05-2021 07:15:40.0609 A
[ReportManager] Target URL: [https://duckduckgo.com] @06-05-2021 07:15:40.0611 AM
[ReportManager] Initial URL: [https://duckduckgo.com] @06-05-2021 07:15:40.0663 AM
[ReportManager] Browser Action [navigateToURL] successfully performed. With the following test data [https://duckduckgo.com]. @06-05-2021 07:15:41.0141 AM
[ReportManager] Successfully created attachment [Selenium WebDriver Logs - server] @06-05-2021 07:15:41.0190 AM
[ReportManager] Successfully created attachment [Selenium WebDriver Logs - performance] @06-05-2021 07:15:41.0302 AM
[ReportManager] Successfully created attachment [Selenium WebDriver Logs - driver] @06-05-2021 07:15:41.0450 AM
[ReportManager] Browser Action [closeCurrentWindow] successfully performed. @06-05-2021 07:15:41.0506 AM
[ReportManager] Successfully created attachment [Browser Action Test Data - closeCurrentWindow - Actual Value] @06-05-2021 07:15:41.0507 A
[ReportManager] File Action [getAbsolutePath] successfully performed. With the following test data [Relative Folder Path: "target/downloadedFiles/"]. @06-05-2021 07:15:41.0509 AM
[ReportManager] Attempting to run remotely on: [Linux-64], [GoogleChrome], [http://localhost:4444/wd/hub], Headless Execution. @06-05-2021 07:15:41.0510 AM
[ReportManager] Successfully Opened [GoogleChrome]. @06-05-2021 07:15:41.0723 AM
[ReportManager] Target URL: [https://duckduckgo.com] @06-05-2021 07:15:41.0740 AM
[ReportManager] Initial URL: [data:,] @06-05-2021 07:15:41.0792 AM
[ReportManager] Browser Action [navigateToURL] successfully performed. With the following test data [https://duckduckgo.com]. @06-05-2021 07:15:42.0809 A

################################################################################################################################################
Starting Execution:	[123 out of 137] test cases in the current suite
Test Method:		[unitTests.tests_browserActions.maximizeWindow]
################################################################################################################################################
[ReportManager] Initial window size: (800, 600) @06-05-2021 07:15:42.0818 AM
[ReportManager] Window size after Toolkit: (1920, 1080) @06-05-2021 07:15:43.0048 AM
[ReportManager] Browser Action [maximizeWindow] successfully performed. With the following test data [New screen size is now: (1920, 1080)]. @06-05-2021 07:15:43.0050 A
[ReportManager] Target URL: [https://duckduckgo.com] @06-05-2021 07:15:43.0054 AM
[ReportManager] Initial URL: [https://duckduckgo.com] @06-05-2021 07:15:43.0107 AM
[ReportManager] Browser Action [navigateToURL] successfully performed. With the following test data [https://duckduckgo.com]. @06-05-2021 07:15:43.0554 AM
[ReportManager] Successfully created attachment [Selenium WebDriver Logs - server] @06-05-2021 07:15:43.0599 AM
[ReportManager] Successfully created attachment [Selenium WebDriver Logs - performance] @06-05-2021 07:15:43.0705 AM
[ReportManager] Successfully created attachment [Selenium WebDriver Logs - driver] @06-05-2021 07:15:43.0854 AM
[ReportManager] Browser Action [closeCurrentWindow] successfully performed. @06-05-2021 07:15:43.0910 AM
[ReportManager] Successfully created attachment [Browser Action Test Data - closeCurrentWindow - Actual Value] @06-05-2021 07:15:43.0910 A
[ReportManager] File Action [getAbsolutePath] successfully performed. With the following test data [Relative Folder Path: "target/downloadedFiles/"]. @06-05-2021 07:15:43.0915 AM
[ReportManager] Attempting to run remotely on: [Linux-64], [GoogleChrome], [http://localhost:4444/wd/hub], Headless Execution. @06-05-2021 07:15:43.0915 AM
[ReportManager] Successfully Opened [GoogleChrome]. @06-05-2021 07:15:44.0121 AM
[ReportManager] Target URL: [https://duckduckgo.com] @06-05-2021 07:15:44.0130 AM
[ReportManager] Initial URL: [data:,] @06-05-2021 07:15:44.0167 AM
[ReportManager] Browser Action [navigateToURL] successfully performed. With the following test data [https://duckduckgo.com]. @06-05-2021 07:15:45.0295 A

################################################################################################################################################
Starting Execution:	[124 out of 137] test cases in the current suite
Test Method:		[unitTests.tests_browserActions.navigateBack]
################################################################################################################################################
[ReportManager] Target URL: [https://www.google.com/ncr], and after redirection: [https://www.google.com] @06-05-2021 07:15:45.0297 AM
[ReportManager] Initial URL: [https://duckduckgo.com] @06-05-2021 07:15:45.0351 AM
[ReportManager] Browser Action [navigateToURL] successfully performed. With the following test data [https://www.google.com/ncr]. @06-05-2021 07:15:46.0112 AM
[ReportManager] Browser Action [navigateBack] successfully performed. With the following test data [https://duckduckgo.com/]. @06-05-2021 07:15:46.0506 AM
[ReportManager] Confirming that navigating back was successful... @06-05-2021 07:15:46.0506 AM
[ReportManager] Browser Action [getCurrentURL] successfully performed. With the following test data [https://duckduckgo.com/]. @06-05-2021 07:15:46.0534 AM
[ReportManager] AssertBrowserAttribute PASSED; Expected [Value Should be 'https://duckduckgo.com' for the 'CurrentUrl' attribute] and Actual [https://duckduckgo.com/]. Comparison Type [CONTAINS]. Validation Type [POSITIVE]. @06-05-2021 07:15:46.0535 A
[ReportManager] Target URL: [https://duckduckgo.com] @06-05-2021 07:15:46.0540 AM
[ReportManager] Initial URL: [https://duckduckgo.com] @06-05-2021 07:15:46.0590 AM
[ReportManager] Browser Action [navigateToURL] successfully performed. With the following test data [https://duckduckgo.com]. @06-05-2021 07:15:47.0046 AM
[ReportManager] Successfully created attachment [Selenium WebDriver Logs - server] @06-05-2021 07:15:47.0097 AM
[ReportManager] Successfully created attachment [Selenium WebDriver Logs - performance] @06-05-2021 07:15:47.0266 AM
[ReportManager] Successfully created attachment [Selenium WebDriver Logs - driver] @06-05-2021 07:15:47.0533 AM
[ReportManager] Browser Action [closeCurrentWindow] successfully performed. @06-05-2021 07:15:47.0589 AM
[ReportManager] Successfully created attachment [Browser Action Test Data - closeCurrentWindow - Actual Value] @06-05-2021 07:15:47.0590 A
[ReportManager] File Action [getAbsolutePath] successfully performed. With the following test data [Relative Folder Path: "target/downloadedFiles/"]. @06-05-2021 07:15:47.0592 AM
[ReportManager] Attempting to run remotely on: [Linux-64], [GoogleChrome], [http://localhost:4444/wd/hub], Headless Execution. @06-05-2021 07:15:47.0592 AM
[ReportManager] Successfully Opened [GoogleChrome]. @06-05-2021 07:15:47.0801 AM
[ReportManager] Target URL: [https://duckduckgo.com] @06-05-2021 07:15:47.0815 AM
[ReportManager] Initial URL: [data:,] @06-05-2021 07:15:47.0858 AM
[ReportManager] Browser Action [navigateToURL] successfully performed. With the following test data [https://duckduckgo.com]. @06-05-2021 07:15:48.0863 A

################################################################################################################################################
Starting Execution:	[125 out of 137] test cases in the current suite
Test Method:		[unitTests.tests_browserActions.navigateForward]
################################################################################################################################################
[ReportManager] Target URL: [https://www.google.com/ncr], and after redirection: [https://www.google.com] @06-05-2021 07:15:48.0868 AM
[ReportManager] Initial URL: [https://duckduckgo.com] @06-05-2021 07:15:48.0923 AM
[ReportManager] Browser Action [navigateToURL] successfully performed. With the following test data [https://www.google.com/ncr]. @06-05-2021 07:15:49.0687 AM
[ReportManager] Browser Action [navigateBack] successfully performed. With the following test data [https://duckduckgo.com/]. @06-05-2021 07:15:50.0054 AM
[ReportManager] Browser Action [navigateForward] successfully performed. With the following test data [https://www.google.com/]. @06-05-2021 07:15:50.0450 A
[ReportManager] Target URL: [https://duckduckgo.com] @06-05-2021 07:15:50.0451 AM
[ReportManager] Initial URL: [https://www.google.com] @06-05-2021 07:15:50.0521 AM
[ReportManager] Browser Action [navigateToURL] successfully performed. With the following test data [https://duckduckgo.com]. @06-05-2021 07:15:51.0054 AM
[ReportManager] Successfully created attachment [Selenium WebDriver Logs - server] @06-05-2021 07:15:51.0103 AM
[ReportManager] Successfully created attachment [Selenium WebDriver Logs - performance] @06-05-2021 07:15:51.0275 AM
[ReportManager] Successfully created attachment [Selenium WebDriver Logs - driver] @06-05-2021 07:15:51.0563 AM
[ReportManager] Browser Action [closeCurrentWindow] successfully performed. @06-05-2021 07:15:51.0622 AM
[ReportManager] Successfully created attachment [Browser Action Test Data - closeCurrentWindow - Actual Value] @06-05-2021 07:15:51.0622 A
[ReportManager] File Action [getAbsolutePath] successfully performed. With the following test data [Relative Folder Path: "target/downloadedFiles/"]. @06-05-2021 07:15:51.0624 AM
[ReportManager] Attempting to run remotely on: [Linux-64], [GoogleChrome], [http://localhost:4444/wd/hub], Headless Execution. @06-05-2021 07:15:51.0625 AM
[ReportManager] Successfully Opened [GoogleChrome]. @06-05-2021 07:15:51.0847 AM
[ReportManager] Target URL: [https://duckduckgo.com] @06-05-2021 07:15:51.0856 AM
[ReportManager] Initial URL: [data:,] @06-05-2021 07:15:51.0893 AM
[ReportManager] Browser Action [navigateToURL] successfully performed. With the following test data [https://duckduckgo.com]. @06-05-2021 07:15:52.0997 A

################################################################################################################################################
Starting Execution:	[126 out of 137] test cases in the current suite
Test Method:		[unitTests.tests_browserActions.navigateToURL]
################################################################################################################################################
[ReportManager] Target URL: [https://duckduckgo.com] @06-05-2021 07:15:53.0009 AM
[ReportManager] Initial URL: [https://duckduckgo.com] @06-05-2021 07:15:53.0094 AM
[ReportManager] Browser Action [navigateToURL] successfully performed. With the following test data [https://duckduckgo.com]. @06-05-2021 07:15:53.0582 A
[ReportManager] Target URL: [https://duckduckgo.com] @06-05-2021 07:15:53.0583 AM
[ReportManager] Initial URL: [https://duckduckgo.com] @06-05-2021 07:15:53.0632 AM
[ReportManager] Browser Action [navigateToURL] successfully performed. With the following test data [https://duckduckgo.com]. @06-05-2021 07:15:54.0048 AM
[ReportManager] Successfully created attachment [Selenium WebDriver Logs - server] @06-05-2021 07:15:54.0099 AM
[ReportManager] Successfully created attachment [Selenium WebDriver Logs - performance] @06-05-2021 07:15:54.0266 AM
[ReportManager] Successfully created attachment [Selenium WebDriver Logs - driver] @06-05-2021 07:15:54.0463 AM
[ReportManager] Browser Action [closeCurrentWindow] successfully performed. @06-05-2021 07:15:54.0519 AM
[ReportManager] Successfully created attachment [Browser Action Test Data - closeCurrentWindow - Actual Value] @06-05-2021 07:15:54.0519 A
[ReportManager] File Action [getAbsolutePath] successfully performed. With the following test data [Relative Folder Path: "target/downloadedFiles/"]. @06-05-2021 07:15:54.0522 AM
[ReportManager] Attempting to run remotely on: [Linux-64], [GoogleChrome], [http://localhost:4444/wd/hub], Headless Execution. @06-05-2021 07:15:54.0522 AM
[ReportManager] Successfully Opened [GoogleChrome]. @06-05-2021 07:15:54.0733 AM
[ReportManager] Target URL: [https://duckduckgo.com] @06-05-2021 07:15:54.0743 AM
[ReportManager] Initial URL: [data:,] @06-05-2021 07:15:54.0779 AM
[ReportManager] Browser Action [navigateToURL] successfully performed. With the following test data [https://duckduckgo.com]. @06-05-2021 07:15:55.0849 A

################################################################################################################################################
Starting Execution:	[127 out of 137] test cases in the current suite
Test Method:		[unitTests.tests_browserActions.navigateToURLWithRedirection]
################################################################################################################################################
[ReportManager] Target URL: [https://www.google.com/ncr], and after redirection: [https://www.google.com] @06-05-2021 07:15:55.0852 AM
[ReportManager] Initial URL: [https://duckduckgo.com] @06-05-2021 07:15:55.0905 AM
[ReportManager] Browser Action [navigateToURL] successfully performed. With the following test data [https://www.google.com/ncr]. @06-05-2021 07:15:56.0663 A
[ReportManager] Target URL: [https://duckduckgo.com] @06-05-2021 07:15:56.0664 AM
[ReportManager] Initial URL: [https://www.google.com] @06-05-2021 07:15:56.0736 AM
[ReportManager] Browser Action [navigateToURL] successfully performed. With the following test data [https://duckduckgo.com]. @06-05-2021 07:15:57.0306 AM
[ReportManager] Successfully created attachment [Selenium WebDriver Logs - server] @06-05-2021 07:15:57.0351 AM
[ReportManager] Successfully created attachment [Selenium WebDriver Logs - performance] @06-05-2021 07:15:57.0462 AM
[ReportManager] Successfully created attachment [Selenium WebDriver Logs - driver] @06-05-2021 07:15:57.0633 AM
[ReportManager] Browser Action [closeCurrentWindow] successfully performed. @06-05-2021 07:15:57.0689 AM
[ReportManager] Successfully created attachment [Browser Action Test Data - closeCurrentWindow - Actual Value] @06-05-2021 07:15:57.0690 A
[ReportManager] File Action [getAbsolutePath] successfully performed. With the following test data [Relative Folder Path: "target/downloadedFiles/"]. @06-05-2021 07:15:57.0695 AM
[ReportManager] Attempting to run remotely on: [Linux-64], [GoogleChrome], [http://localhost:4444/wd/hub], Headless Execution. @06-05-2021 07:15:57.0695 AM
[ReportManager] Successfully Opened [GoogleChrome]. @06-05-2021 07:15:57.0910 AM
[ReportManager] Target URL: [https://duckduckgo.com] @06-05-2021 07:15:57.0924 AM
[ReportManager] Initial URL: [data:,] @06-05-2021 07:15:57.0971 AM
[ReportManager] Browser Action [navigateToURL] successfully performed. With the following test data [https://duckduckgo.com]. @06-05-2021 07:15:59.0070 A

################################################################################################################################################
Starting Execution:	[128 out of 137] test cases in the current suite
Test Method:		[unitTests.tests_browserActions.refreshCurrentPage]
################################################################################################################################################
[ReportManager] Browser Action [refreshCurrentPage] successfully performed. @06-05-2021 07:15:59.0447 AM
[ReportManager] Successfully created attachment [Browser Action Test Data - refreshCurrentPage - Actual Value] @06-05-2021 07:15:59.0448 A
[ReportManager] Target URL: [https://duckduckgo.com] @06-05-2021 07:15:59.0450 AM
[ReportManager] Initial URL: [https://duckduckgo.com] @06-05-2021 07:15:59.0506 AM
[ReportManager] Browser Action [navigateToURL] successfully performed. With the following test data [https://duckduckgo.com]. @06-05-2021 07:15:59.0912 AM
[ReportManager] Successfully created attachment [Selenium WebDriver Logs - server] @06-05-2021 07:15:59.0958 AM
[ReportManager] Successfully created attachment [Selenium WebDriver Logs - performance] @06-05-2021 07:16:00.0126 AM
[ReportManager] Successfully created attachment [Selenium WebDriver Logs - driver] @06-05-2021 07:16:00.0316 AM
[ReportManager] Browser Action [closeCurrentWindow] successfully performed. @06-05-2021 07:16:00.0372 AM
[ReportManager] Successfully created attachment [Browser Action Test Data - closeCurrentWindow - Actual Value] @06-05-2021 07:16:00.0373 A
[ReportManager] File Action [getAbsolutePath] successfully performed. With the following test data [Relative Folder Path: "target/downloadedFiles/"]. @06-05-2021 07:16:00.0380 AM
[ReportManager] Attempting to run remotely on: [Linux-64], [GoogleChrome], [http://localhost:4444/wd/hub], Headless Execution. @06-05-2021 07:16:00.0380 AM
[ReportManager] Successfully Opened [GoogleChrome]. @06-05-2021 07:16:00.0580 AM
[ReportManager] Target URL: [https://duckduckgo.com] @06-05-2021 07:16:00.0589 AM
[ReportManager] Initial URL: [data:,] @06-05-2021 07:16:00.0625 AM
[ReportManager] Browser Action [navigateToURL] successfully performed. With the following test data [https://duckduckgo.com]. @06-05-2021 07:16:01.0742 A

################################################################################################################################################
Starting Execution:	[129 out of 137] test cases in the current suite
Test Method:		[unitTests.tests_browserActions.setWindowSize]
################################################################################################################################################
[ReportManager] Initial window size: (800, 600) @06-05-2021 07:16:01.0752 AM
[ReportManager] Window size after SWD: (1280, 720) @06-05-2021 07:16:01.0975 AM
[ReportManager] Browser Action [setWindowSize] successfully performed. With the following test data [New screen size is now: (1280, 720)]. @06-05-2021 07:16:01.0976 A
[ReportManager] Target URL: [https://duckduckgo.com] @06-05-2021 07:16:01.0978 AM
[ReportManager] Initial URL: [https://duckduckgo.com] @06-05-2021 07:16:02.0035 AM
[ReportManager] Browser Action [navigateToURL] successfully performed. With the following test data [https://duckduckgo.com]. @06-05-2021 07:16:02.0496 AM
[ReportManager] Successfully created attachment [Selenium WebDriver Logs - server] @06-05-2021 07:16:02.0545 AM
[ReportManager] Successfully created attachment [Selenium WebDriver Logs - performance] @06-05-2021 07:16:02.0651 AM
[ReportManager] Successfully created attachment [Selenium WebDriver Logs - driver] @06-05-2021 07:16:02.0792 AM
[ReportManager] Browser Action [closeCurrentWindow] successfully performed. @06-05-2021 07:16:02.0848 AM
[ReportManager] Successfully created attachment [Browser Action Test Data - closeCurrentWindow - Actual Value] @06-05-2021 07:16:02.0849 A
[ReportManager] File Action [getAbsolutePath] successfully performed. With the following test data [Relative Folder Path: "target/downloadedFiles/"]. @06-05-2021 07:16:02.0851 AM
[ReportManager] Attempting to run remotely on: [Linux-64], [GoogleChrome], [http://localhost:4444/wd/hub], Headless Execution. @06-05-2021 07:16:02.0851 AM
[ReportManager] Successfully Opened [GoogleChrome]. @06-05-2021 07:16:03.0062 A

################################################################################################################################################
Starting Execution:	[130 out of 137] test cases in the current suite
Test Method:		[unitTests.tests_element_elementActions.waitForElementToBePresent_false_expectedToFail]
################################################################################################################################################
[ReportManager] Target URL: [https://www.google.com/ncr], and after redirection: [www.google.com] @06-05-2021 07:16:03.0078 AM
[ReportManager] Initial URL: [data:,] @06-05-2021 07:16:03.0120 AM
[ReportManager] Browser Action [navigateToURL] successfully performed. With the following test data [https://www.google.com/ncr]. @06-05-2021 07:16:03.0910 AM
[ReportManager] Waiting for element to be present; elementLocator [By.xpath: //img[@id='hplogo' or @alt='Google']], numberOfTries[1], stateOfPresence[false]... @06-05-2021 07:16:03.0913 AM
[ReportManager] Element Action [waitForElementToBePresent] failed. With the following test data [waited for the element's state of presence to be (false). Element locator (By.xpath: //img[@id='hplogo' or @alt='Google'])]. @06-05-2021 07:16:04.0086 AM
[ReportManager] Successfully created attachment [Screenshot - 1620285364026_waitForElementToBePresent_false_expectedToFail_waitForElementToBePresent_failed] @06-05-2021 07:16:04.0086 A
[ReportManager] Successfully created attachment [Selenium WebDriver Logs - server] @06-05-2021 07:16:04.0159 AM
[ReportManager] Successfully created attachment [Selenium WebDriver Logs - performance] @06-05-2021 07:16:04.0191 AM
[ReportManager] Successfully created attachment [Selenium WebDriver Logs - driver] @06-05-2021 07:16:04.0265 AM
[ReportManager] Browser Action [closeCurrentWindow] successfully performed. @06-05-2021 07:16:04.0321 AM
[ReportManager] Successfully created attachment [Browser Action Test Data - closeCurrentWindow - Actual Value] @06-05-2021 07:16:04.0321 A
[ReportManager] File Action [getAbsolutePath] successfully performed. With the following test data [Relative Folder Path: "target/downloadedFiles/"]. @06-05-2021 07:16:04.0325 AM
[ReportManager] Attempting to run remotely on: [Linux-64], [GoogleChrome], [http://localhost:4444/wd/hub], Headless Execution. @06-05-2021 07:16:04.0325 AM
[ReportManager] Successfully Opened [GoogleChrome]. @06-05-2021 07:16:04.0521 A

################################################################################################################################################
Starting Execution:	[131 out of 137] test cases in the current suite
Test Method:		[unitTests.tests_element_elementActions.waitForElementToBePresent_false_expectedToPass]
################################################################################################################################################
[ReportManager] Target URL: [https://www.google.com/ncr], and after redirection: [www.google.com] @06-05-2021 07:16:04.0543 AM
[ReportManager] Initial URL: [data:,] @06-05-2021 07:16:04.0594 AM
[ReportManager] Browser Action [navigateToURL] successfully performed. With the following test data [https://www.google.com/ncr]. @06-05-2021 07:16:05.0364 AM
[ReportManager] Waiting for element to be present; elementLocator [By.id: bla], numberOfTries[1], stateOfPresence[false]... @06-05-2021 07:16:05.0365 AM
[ReportManager] Element Action [waitForElementToBePresent] successfully performed. With the following test data [waited for the element's state of presence to be (false). Element locator (By.id: bla)]. @06-05-2021 07:16:10.0477 A
[ReportManager] Successfully created attachment [Selenium WebDriver Logs - server] @06-05-2021 07:16:10.0545 AM
[ReportManager] Successfully created attachment [Selenium WebDriver Logs - performance] @06-05-2021 07:16:10.0577 AM
[ReportManager] Successfully created attachment [Selenium WebDriver Logs - driver] @06-05-2021 07:16:10.0647 AM
[ReportManager] Browser Action [closeCurrentWindow] successfully performed. @06-05-2021 07:16:10.0710 AM
[ReportManager] Successfully created attachment [Browser Action Test Data - closeCurrentWindow - Actual Value] @06-05-2021 07:16:10.0711 A
[ReportManager] File Action [getAbsolutePath] successfully performed. With the following test data [Relative Folder Path: "target/downloadedFiles/"]. @06-05-2021 07:16:10.0714 AM
[ReportManager] Attempting to run remotely on: [Linux-64], [GoogleChrome], [http://localhost:4444/wd/hub], Headless Execution. @06-05-2021 07:16:10.0714 AM
[ReportManager] Successfully Opened [GoogleChrome]. @06-05-2021 07:16:10.0915 A

################################################################################################################################################
Starting Execution:	[132 out of 137] test cases in the current suite
Test Method:		[unitTests.tests_element_elementActions.waitForElementToBePresent_moreThanOneElement_expectedToFail]
################################################################################################################################################
[ReportManager] Target URL: [https://www.google.com/ncr], and after redirection: [www.google.com] @06-05-2021 07:16:10.0927 AM
[ReportManager] Initial URL: [data:,] @06-05-2021 07:16:10.0967 AM
[ReportManager] Browser Action [navigateToURL] successfully performed. With the following test data [https://www.google.com/ncr]. @06-05-2021 07:16:11.0797 AM
[ReportManager] Waiting for element to be present; elementLocator [By.xpath: //*], numberOfTries[1], stateOfPresence[false]... @06-05-2021 07:16:11.0798 AM
[ReportManager] Element Action [waitForElementToBePresent] failed. With the following test data [waited for the element's state of presence to be (false). Element locator (By.xpath: //*)]. @06-05-2021 07:16:11.0989 AM
[ReportManager] Successfully created attachment [Screenshot - 1620285371929_waitForElementToBePresent_moreThanOneElement_expectedToFail_waitForElementToBePresent_failed] @06-05-2021 07:16:11.0990 A
[ReportManager] Successfully created attachment [Selenium WebDriver Logs - server] @06-05-2021 07:16:12.0077 AM
[ReportManager] Successfully created attachment [Selenium WebDriver Logs - performance] @06-05-2021 07:16:12.0109 AM
[ReportManager] Successfully created attachment [Selenium WebDriver Logs - driver] @06-05-2021 07:16:12.0178 AM
[ReportManager] Browser Action [closeCurrentWindow] successfully performed. @06-05-2021 07:16:12.0234 AM
[ReportManager] Successfully created attachment [Browser Action Test Data - closeCurrentWindow - Actual Value] @06-05-2021 07:16:12.0235 A
[ReportManager] File Action [getAbsolutePath] successfully performed. With the following test data [Relative Folder Path: "target/downloadedFiles/"]. @06-05-2021 07:16:12.0239 AM
[ReportManager] Attempting to run remotely on: [Linux-64], [GoogleChrome], [http://localhost:4444/wd/hub], Headless Execution. @06-05-2021 07:16:12.0239 AM
[ReportManager] Successfully Opened [GoogleChrome]. @06-05-2021 07:16:12.0446 A

################################################################################################################################################
Starting Execution:	[133 out of 137] test cases in the current suite
Test Method:		[unitTests.tests_element_elementActions.waitForElementToBePresent_true_expectedToFail]
################################################################################################################################################
[ReportManager] Target URL: [https://www.google.com/ncr], and after redirection: [www.google.com] @06-05-2021 07:16:12.0473 AM
[ReportManager] Initial URL: [data:,] @06-05-2021 07:16:12.0512 AM
[ReportManager] Browser Action [navigateToURL] successfully performed. With the following test data [https://www.google.com/ncr]. @06-05-2021 07:16:13.0352 AM
[ReportManager] Waiting for element to be present; elementLocator [By.id: bla], numberOfTries[1], stateOfPresence[true]... @06-05-2021 07:16:13.0352 AM
[ReportManager] Element Action [waitForElementToBePresent] failed. With the following test data [waited for the element's state of presence to be (true). Element locator (By.id: bla)]. @06-05-2021 07:16:18.0609 AM
[ReportManager] Successfully created attachment [Screenshot - 1620285378547_waitForElementToBePresent_true_expectedToFail_waitForElementToBePresent_failed] @06-05-2021 07:16:18.0609 A
[ReportManager] Successfully created attachment [Selenium WebDriver Logs - server] @06-05-2021 07:16:18.0693 AM
[ReportManager] Successfully created attachment [Selenium WebDriver Logs - performance] @06-05-2021 07:16:18.0727 AM
[ReportManager] Successfully created attachment [Selenium WebDriver Logs - driver] @06-05-2021 07:16:18.0800 AM
[ReportManager] Browser Action [closeCurrentWindow] successfully performed. @06-05-2021 07:16:18.0861 AM
[ReportManager] Successfully created attachment [Browser Action Test Data - closeCurrentWindow - Actual Value] @06-05-2021 07:16:18.0862 A
[ReportManager] File Action [getAbsolutePath] successfully performed. With the following test data [Relative Folder Path: "target/downloadedFiles/"]. @06-05-2021 07:16:18.0864 AM
[ReportManager] Attempting to run remotely on: [Linux-64], [GoogleChrome], [http://localhost:4444/wd/hub], Headless Execution. @06-05-2021 07:16:18.0865 AM
[ReportManager] Successfully Opened [GoogleChrome]. @06-05-2021 07:16:19.0061 A

################################################################################################################################################
Starting Execution:	[134 out of 137] test cases in the current suite
Test Method:		[unitTests.tests_element_elementActions.waitForElementToBePresent_true_expectedToPass]
################################################################################################################################################
[ReportManager] Target URL: [https://www.google.com/ncr], and after redirection: [www.google.com] @06-05-2021 07:16:19.0079 AM
[ReportManager] Initial URL: [data:,] @06-05-2021 07:16:19.0117 AM
[ReportManager] Browser Action [navigateToURL] successfully performed. With the following test data [https://www.google.com/ncr]. @06-05-2021 07:16:19.0910 AM
[ReportManager] Waiting for element to be present; elementLocator [By.xpath: //img[@id='hplogo' or @alt='Google']], numberOfTries[1], stateOfPresence[true]... @06-05-2021 07:16:19.0911 AM
[ReportManager] Element Action [waitForElementToBePresent] successfully performed. With the following test data [waited for the element's state of presence to be (true). Element locator (By.xpath: //img[@id='hplogo' or @alt='Google'])]. @06-05-2021 07:16:19.0967 AM
[ReportManager] Using Visual AI; OpenCV... @06-05-2021 07:16:19.0968 AM
[ReportManager] File Action [doesFileExist] successfully performed. With the following test data [File Path: "src/test/resources/DynamicObjectRepository/unitTests_tests_element_elementActions_waitForElementToBePresent_true_expectedToPass_By_xpath_img_id_hplogo_or_alt_Google.png"]. @06-05-2021 07:16:19.0969 AM
[ReportManager] File Action [doesFileExist] successfully performed. With the following test data [File Path: "src/test/resources/DynamicObjectRepository/unitTests_tests_element_elementActions_waitForElementToBePresent_true_expectedToPass_By_xpath_img_id_hplogo_or_alt_Google.png"]. @06-05-2021 07:16:20.0127 AM
[ReportManager] Passing the test and saving a reference image @06-05-2021 07:16:20.0127 AM
[ReportManager] File Action [getAbsolutePath] successfully performed. With the following test data [Relative File Path: "src/test/resources/DynamicObjectRepository/unitTests_tests_element_elementActions_waitForElementToBePresent_true_expectedToPass_By_xpath_img_id_hplogo_or_alt_Google.png"]. @06-05-2021 07:16:20.0127 AM
[ReportManager] File Action [writeToFile] successfully performed. With the following test data [Target File Path: "/home/runner/work/SHAFT_ENGINE/SHAFT_ENGINE/src/test/resources/DynamicObjectRepository/unitTests_tests_element_elementActions_waitForElementToBePresent_true_expectedToPass_By_xpath_img_id_hplogo_or_alt_Google.png"]. @06-05-2021 07:16:20.0129 AM
[ReportManager] AssertElementMatches PASSED; Expected [Element should match the reference screenshot] and Actual [TRUE]. Comparison Type [EXACT_OPENCV]. Validation Type [POSITIVE]. @06-05-2021 07:16:20.0129 AM
[ReportManager] Successfully created attachment [Validation Test Data - Actual Screenshot] @06-05-2021 07:16:20.0129 A
[ReportManager] Successfully created attachment [Selenium WebDriver Logs - server] @06-05-2021 07:16:20.0225 AM
[ReportManager] Successfully created attachment [Selenium WebDriver Logs - performance] @06-05-2021 07:16:20.0258 AM
[ReportManager] Successfully created attachment [Selenium WebDriver Logs - driver] @06-05-2021 07:16:20.0331 AM
[ReportManager] Browser Action [closeCurrentWindow] successfully performed. @06-05-2021 07:16:20.0387 AM
[ReportManager] Successfully created attachment [Browser Action Test Data - closeCurrentWindow - Actual Value] @06-05-2021 07:16:20.0388 A

################################################################################################################################################
Starting Execution:	[135 out of 137] test cases in the current suite
Test Method:		[unitTests.tests_restActions.getPostsAndAssertBodyForSpecificTitle]
################################################################################################################################################
[ReportManager] Response status code: [200], status line: [HTTP/1.1 200 OK] @06-05-2021 07:16:21.0439 AM
[ReportManager] Evaluating the actual response status code against the expected one...... @06-05-2021 07:16:21.0439 AM
[ReportManager] AssertEquals PASSED; Expected [200] and Actual [200]. Comparison Type [EQUALS]. Validation Type [POSITIVE]. @06-05-2021 07:16:21.0439 AM
[ReportManager] API Action [performRequest] successfully performed. With the following test data [Request Type: "GET" | Target Status Code: "200" | Service URL: "https://jsonplaceholder.typicode.com/posts" | Content Type: "*/*" | Response Time: "640ms"]. @06-05-2021 07:16:21.0606 AM
[ReportManager] Successfully created attachment [API Response - JSON Body] @06-05-2021 07:16:21.0607 AM
[ReportManager] API Action [getResponseJSONValueAsList] successfully performed. @06-05-2021 07:16:21.0634 AM
[ReportManager] API Action [getResponseJSONValue] successfully performed. With the following test data [title]. @06-05-2021 07:16:21.0651 AM
[ReportManager] API Action [getResponseJSONValue] successfully performed. With the following test data [title]. @06-05-2021 07:16:21.0670 AM
[ReportManager] API Action [getResponseJSONValue] successfully performed. With the following test data [body]. @06-05-2021 07:16:21.0680 AM
[ReportManager] AssertEquals PASSED; Expected [qui neque nisi nulla] and Actual [est rerum tempore vitae
sequi sint nihil reprehenderit dolor beatae ea dolores neque
fugiat blanditiis voluptate porro vel nihil molestiae ut reiciendis
qui aperiam non debitis possimus qui neque nisi nulla]. Comparison Type [CONTAINS]. Validation Type [POSITIVE]. @06-05-2021 07:16:21.0680 AM
[ReportManager] API Action [getResponseJSONValue] successfully performed. With the following test data [title]. @06-05-2021 07:16:21.0689 AM
[ReportManager] API Action [getResponseJSONValue] successfully performed. With the following test data [title]. @06-05-2021 07:16:21.0697 AM
[ReportManager] API Action [getResponseJSONValue] successfully performed. With the following test data [title]. @06-05-2021 07:16:21.0706 AM
[ReportManager] API Action [getResponseJSONValue] successfully performed. With the following test data [title]. @06-05-2021 07:16:21.0714 AM
[ReportManager] API Action [getResponseJSONValue] successfully performed. With the following test data [title]. @06-05-2021 07:16:21.0722 AM
[ReportManager] API Action [getResponseJSONValue] successfully performed. With the following test data [title]. @06-05-2021 07:16:21.0730 AM
[ReportManager] API Action [getResponseJSONValue] successfully performed. With the following test data [title]. @06-05-2021 07:16:21.0762 AM
[ReportManager] API Action [getResponseJSONValue] successfully performed. With the following test data [title]. @06-05-2021 07:16:21.0776 AM
[ReportManager] API Action [getResponseJSONValue] successfully performed. With the following test data [title]. @06-05-2021 07:16:21.0789 AM
[ReportManager] API Action [getResponseJSONValue] successfully performed. With the following test data [title]. @06-05-2021 07:16:21.0809 AM
[ReportManager] API Action [getResponseJSONValue] successfully performed. With the following test data [title]. @06-05-2021 07:16:21.0835 AM
[ReportManager] API Action [getResponseJSONValue] successfully performed. With the following test data [title]. @06-05-2021 07:16:21.0846 AM
[ReportManager] API Action [getResponseJSONValue] successfully performed. With the following test data [title]. @06-05-2021 07:16:21.0860 AM
[ReportManager] API Action [getResponseJSONValue] successfully performed. With the following test data [title]. @06-05-2021 07:16:21.0876 AM
[ReportManager] API Action [getResponseJSONValue] successfully performed. With the following test data [title]. @06-05-2021 07:16:21.0887 AM
[ReportManager] API Action [getResponseJSONValue] successfully performed. With the following test data [title]. @06-05-2021 07:16:21.0899 AM
[ReportManager] API Action [getResponseJSONValue] successfully performed. With the following test data [title]. @06-05-2021 07:16:21.0914 AM
[ReportManager] API Action [getResponseJSONValue] successfully performed. With the following test data [title]. @06-05-2021 07:16:21.0925 AM
[ReportManager] API Action [getResponseJSONValue] successfully performed. With the following test data [title]. @06-05-2021 07:16:21.0941 AM
[ReportManager] API Action [getResponseJSONValue] successfully performed. With the following test data [title]. @06-05-2021 07:16:21.0951 AM
[ReportManager] API Action [getResponseJSONValue] successfully performed. With the following test data [title]. @06-05-2021 07:16:21.0968 AM
[ReportManager] API Action [getResponseJSONValue] successfully performed. With the following test data [title]. @06-05-2021 07:16:21.0976 AM
[ReportManager] API Action [getResponseJSONValue] successfully performed. With the following test data [title]. @06-05-2021 07:16:21.0982 AM
[ReportManager] API Action [getResponseJSONValue] successfully performed. With the following test data [title]. @06-05-2021 07:16:21.0989 AM
[ReportManager] API Action [getResponseJSONValue] successfully performed. With the following test data [title]. @06-05-2021 07:16:21.0996 AM
[ReportManager] API Action [getResponseJSONValue] successfully performed. With the following test data [title]. @06-05-2021 07:16:22.0003 AM
[ReportManager] API Action [getResponseJSONValue] successfully performed. With the following test data [title]. @06-05-2021 07:16:22.0011 AM
[ReportManager] API Action [getResponseJSONValue] successfully performed. With the following test data [title]. @06-05-2021 07:16:22.0018 AM
[ReportManager] API Action [getResponseJSONValue] successfully performed. With the following test data [title]. @06-05-2021 07:16:22.0025 AM
[ReportManager] API Action [getResponseJSONValue] successfully performed. With the following test data [title]. @06-05-2021 07:16:22.0032 AM
[ReportManager] API Action [getResponseJSONValue] successfully performed. With the following test data [title]. @06-05-2021 07:16:22.0039 AM
[ReportManager] API Action [getResponseJSONValue] successfully performed. With the following test data [title]. @06-05-2021 07:16:22.0046 AM
[ReportManager] API Action [getResponseJSONValue] successfully performed. With the following test data [title]. @06-05-2021 07:16:22.0053 AM
[ReportManager] API Action [getResponseJSONValue] successfully performed. With the following test data [title]. @06-05-2021 07:16:22.0060 AM
[ReportManager] API Action [getResponseJSONValue] successfully performed. With the following test data [title]. @06-05-2021 07:16:22.0067 AM
[ReportManager] API Action [getResponseJSONValue] successfully performed. With the following test data [title]. @06-05-2021 07:16:22.0074 AM
[ReportManager] API Action [getResponseJSONValue] successfully performed. With the following test data [title]. @06-05-2021 07:16:22.0081 AM
[ReportManager] API Action [getResponseJSONValue] successfully performed. With the following test data [title]. @06-05-2021 07:16:22.0089 AM
[ReportManager] API Action [getResponseJSONValue] successfully performed. With the following test data [title]. @06-05-2021 07:16:22.0095 AM
[ReportManager] API Action [getResponseJSONValue] successfully performed. With the following test data [title]. @06-05-2021 07:16:22.0102 AM
[ReportManager] API Action [getResponseJSONValue] successfully performed. With the following test data [title]. @06-05-2021 07:16:22.0109 AM
[ReportManager] API Action [getResponseJSONValue] successfully performed. With the following test data [title]. @06-05-2021 07:16:22.0116 AM
[ReportManager] API Action [getResponseJSONValue] successfully performed. With the following test data [title]. @06-05-2021 07:16:22.0123 AM
[ReportManager] API Action [getResponseJSONValue] successfully performed. With the following test data [title]. @06-05-2021 07:16:22.0130 AM
[ReportManager] API Action [getResponseJSONValue] successfully performed. With the following test data [title]. @06-05-2021 07:16:22.0137 AM
[ReportManager] API Action [getResponseJSONValue] successfully performed. With the following test data [title]. @06-05-2021 07:16:22.0144 AM
[ReportManager] API Action [getResponseJSONValue] successfully performed. With the following test data [title]. @06-05-2021 07:16:22.0151 AM
[ReportManager] API Action [getResponseJSONValue] successfully performed. With the following test data [title]. @06-05-2021 07:16:22.0158 AM
[ReportManager] API Action [getResponseJSONValue] successfully performed. With the following test data [title]. @06-05-2021 07:16:22.0164 AM
[ReportManager] API Action [getResponseJSONValue] successfully performed. With the following test data [title]. @06-05-2021 07:16:22.0171 AM
[ReportManager] API Action [getResponseJSONValue] successfully performed. With the following test data [title]. @06-05-2021 07:16:22.0178 AM
[ReportManager] API Action [getResponseJSONValue] successfully performed. With the following test data [title]. @06-05-2021 07:16:22.0185 AM
[ReportManager] API Action [getResponseJSONValue] successfully performed. With the following test data [title]. @06-05-2021 07:16:22.0192 AM
[ReportManager] API Action [getResponseJSONValue] successfully performed. With the following test data [title]. @06-05-2021 07:16:22.0198 AM
[ReportManager] API Action [getResponseJSONValue] successfully performed. With the following test data [title]. @06-05-2021 07:16:22.0205 AM
[ReportManager] API Action [getResponseJSONValue] successfully performed. With the following test data [title]. @06-05-2021 07:16:22.0212 AM
[ReportManager] API Action [getResponseJSONValue] successfully performed. With the following test data [title]. @06-05-2021 07:16:22.0219 AM
[ReportManager] API Action [getResponseJSONValue] successfully performed. With the following test data [title]. @06-05-2021 07:16:22.0227 AM
[ReportManager] API Action [getResponseJSONValue] successfully performed. With the following test data [title]. @06-05-2021 07:16:22.0250 AM
[ReportManager] API Action [getResponseJSONValue] successfully performed. With the following test data [title]. @06-05-2021 07:16:22.0257 AM
[ReportManager] API Action [getResponseJSONValue] successfully performed. With the following test data [title]. @06-05-2021 07:16:22.0263 AM
[ReportManager] API Action [getResponseJSONValue] successfully performed. With the following test data [title]. @06-05-2021 07:16:22.0270 AM
[ReportManager] API Action [getResponseJSONValue] successfully performed. With the following test data [title]. @06-05-2021 07:16:22.0277 AM
[ReportManager] API Action [getResponseJSONValue] successfully performed. With the following test data [title]. @06-05-2021 07:16:22.0284 AM
[ReportManager] API Action [getResponseJSONValue] successfully performed. With the following test data [title]. @06-05-2021 07:16:22.0290 AM
[ReportManager] API Action [getResponseJSONValue] successfully performed. With the following test data [title]. @06-05-2021 07:16:22.0297 AM
[ReportManager] API Action [getResponseJSONValue] successfully performed. With the following test data [title]. @06-05-2021 07:16:22.0303 AM
[ReportManager] API Action [getResponseJSONValue] successfully performed. With the following test data [title]. @06-05-2021 07:16:22.0309 AM
[ReportManager] API Action [getResponseJSONValue] successfully performed. With the following test data [title]. @06-05-2021 07:16:22.0316 AM
[ReportManager] API Action [getResponseJSONValue] successfully performed. With the following test data [title]. @06-05-2021 07:16:22.0324 AM
[ReportManager] API Action [getResponseJSONValue] successfully performed. With the following test data [title]. @06-05-2021 07:16:22.0331 AM
[ReportManager] API Action [getResponseJSONValue] successfully performed. With the following test data [title]. @06-05-2021 07:16:22.0337 AM
[ReportManager] API Action [getResponseJSONValue] successfully performed. With the following test data [title]. @06-05-2021 07:16:22.0344 AM
[ReportManager] API Action [getResponseJSONValue] successfully performed. With the following test data [title]. @06-05-2021 07:16:22.0350 AM
[ReportManager] API Action [getResponseJSONValue] successfully performed. With the following test data [title]. @06-05-2021 07:16:22.0356 AM
[ReportManager] API Action [getResponseJSONValue] successfully performed. With the following test data [title]. @06-05-2021 07:16:22.0362 AM
[ReportManager] API Action [getResponseJSONValue] successfully performed. With the following test data [title]. @06-05-2021 07:16:22.0369 AM
[ReportManager] API Action [getResponseJSONValue] successfully performed. With the following test data [title]. @06-05-2021 07:16:22.0375 AM
[ReportManager] API Action [getResponseJSONValue] successfully performed. With the following test data [title]. @06-05-2021 07:16:22.0381 AM
[ReportManager] API Action [getResponseJSONValue] successfully performed. With the following test data [title]. @06-05-2021 07:16:22.0387 AM
[ReportManager] API Action [getResponseJSONValue] successfully performed. With the following test data [title]. @06-05-2021 07:16:22.0394 AM
[ReportManager] API Action [getResponseJSONValue] successfully performed. With the following test data [title]. @06-05-2021 07:16:22.0400 AM
[ReportManager] API Action [getResponseJSONValue] successfully performed. With the following test data [title]. @06-05-2021 07:16:22.0406 AM
[ReportManager] API Action [getResponseJSONValue] successfully performed. With the following test data [title]. @06-05-2021 07:16:22.0413 AM
[ReportManager] API Action [getResponseJSONValue] successfully performed. With the following test data [title]. @06-05-2021 07:16:22.0418 AM
[ReportManager] API Action [getResponseJSONValue] successfully performed. With the following test data [title]. @06-05-2021 07:16:22.0425 AM
[ReportManager] API Action [getResponseJSONValue] successfully performed. With the following test data [title]. @06-05-2021 07:16:22.0432 AM
[ReportManager] API Action [getResponseJSONValue] successfully performed. With the following test data [title]. @06-05-2021 07:16:22.0439 AM
[ReportManager] API Action [getResponseJSONValue] successfully performed. With the following test data [title]. @06-05-2021 07:16:22.0446 AM
[ReportManager] API Action [getResponseJSONValue] successfully performed. With the following test data [title]. @06-05-2021 07:16:22.0452 AM
[ReportManager] API Action [getResponseJSONValue] successfully performed. With the following test data [title]. @06-05-2021 07:16:22.0458 AM
[ReportManager] API Action [getResponseJSONValue] successfully performed. With the following test data [title]. @06-05-2021 07:16:22.0464 AM
[ReportManager] API Action [getResponseJSONValue] successfully performed. With the following test data [title]. @06-05-2021 07:16:22.0470 AM
[ReportManager] API Action [getResponseJSONValue] successfully performed. With the following test data [title]. @06-05-2021 07:16:22.0476 AM
[ReportManager] API Action [getResponseJSONValue] successfully performed. With the following test data [title]. @06-05-2021 07:16:22.0482 AM
[ReportManager] API Action [getResponseJSONValue] successfully performed. With the following test data [title]. @06-05-2021 07:16:22.0488 AM
[ReportManager] API Action [getResponseJSONValue] successfully performed. With the following test data [title]. @06-05-2021 07:16:22.0499 AM
[ReportManager] API Action [getResponseJSONValue] successfully performed. With the following test data [title]. @06-05-2021 07:16:22.0513 A

################################################################################################################################################
Starting Execution:	[136 out of 137] test cases in the current suite
Test Method:		[unitTests.tests_restActions.validateUserEmail]
################################################################################################################################################
[ReportManager] Response status code: [200], status line: [HTTP/1.1 200 OK] @06-05-2021 07:16:22.0609 AM
[ReportManager] Evaluating the actual response status code against the expected one...... @06-05-2021 07:16:22.0609 AM
[ReportManager] AssertEquals PASSED; Expected [200] and Actual [200]. Comparison Type [EQUALS]. Validation Type [POSITIVE]. @06-05-2021 07:16:22.0609 AM
[ReportManager] API Action [performRequest] successfully performed. With the following test data [Request Type: "GET" | Target Status Code: "200" | Service URL: "https://jsonplaceholder.typicode.com/users" | Content Type: "*/*" | Response Time: "70ms"]. @06-05-2021 07:16:22.0623 AM
[ReportManager] Successfully created attachment [API Response - JSON Body] @06-05-2021 07:16:22.0624 AM
[ReportManager] AssertEquals PASSED; Expected and Actual values are attached. Comparison Type [CONTAINS]. Validation Type [POSITIVE]. @06-05-2021 07:16:22.0624 AM
[ReportManager] Successfully created attachment [Validation Test Data - Expected Value] @06-05-2021 07:16:22.0624 AM
[ReportManager] Successfully created attachment [Validation Test Data - Actual Value] @06-05-2021 07:16:22.0624 AM
[ReportManager] API Action [getResponseJSONValueAsList] successfully performed. With the following test data [$]. @06-05-2021 07:16:22.0628 AM
[ReportManager] API Action [getResponseJSONValue] successfully performed. With the following test data [name]. @06-05-2021 07:16:22.0636 AM
[ReportManager] API Action [getResponseJSONValue] successfully performed. With the following test data [email]. @06-05-2021 07:16:22.0644 AM
[ReportManager] AssertEquals PASSED; Expected [Sincere@april.biz] and Actual [Sincere@april.biz]. Comparison Type [EQUALS]. Validation Type [POSITIVE]. @06-05-2021 07:16:22.0644 AM
[ReportManager] API Action [getResponseJSONValue] successfully performed. With the following test data [name]. @06-05-2021 07:16:22.0652 AM
[ReportManager] API Action [getResponseJSONValue] successfully performed. With the following test data [name]. @06-05-2021 07:16:22.0659 AM
[ReportManager] API Action [getResponseJSONValue] successfully performed. With the following test data [name]. @06-05-2021 07:16:22.0666 AM
[ReportManager] API Action [getResponseJSONValue] successfully performed. With the following test data [name]. @06-05-2021 07:16:22.0672 AM
[ReportManager] API Action [getResponseJSONValue] successfully performed. With the following test data [name]. @06-05-2021 07:16:22.0679 AM
[ReportManager] API Action [getResponseJSONValue] successfully performed. With the following test data [name]. @06-05-2021 07:16:22.0685 AM
[ReportManager] API Action [getResponseJSONValue] successfully performed. With the following test data [name]. @06-05-2021 07:16:22.0691 AM
[ReportManager] API Action [getResponseJSONValue] successfully performed. With the following test data [name]. @06-05-2021 07:16:22.0698 AM
[ReportManager] API Action [getResponseJSONValue] successfully performed. With the following test data [name]. @06-05-2021 07:16:22.0704 A
[ReportManager] Successfully loaded the following test data file [src/test/resources/TestDataFiles/testSuite01/TestData.xlsx]. @06-05-2021 07:16:22.0751 AM
[ReportManager] Successfully created attachment [Test Data - Excel] @06-05-2021 07:16:22.0752 A

################################################################################################################################################
Starting Execution:	[137 out of 137] test cases in the current suite
Test Method:		[unitTests.tests_io_excelFileManager.getCellData_rowName_expectedToPass]
################################################################################################################################################
[ReportManager] testRowData. @06-05-2021 07:16:22.0756 A

################################################################################################################################################
Test Closure Activities
################################################################################################################################################
[ReportManager] Successfully created attachment [SHAFT Engine Logs - Execution log] @06-05-2021 07:16:22.0774 AM

################################################################################################################################################
This test run was powered by SHAFT Engine Version: [SHAFT Engine v5.2.20210427]
SHAFT Engine is licensed under the MIT License: [https://github.com/MohabMohie/SHAFT_ENGINE/blob/master/LICENSE].
################################################################################################################################################