################################################################################################################################################
Detected SHAFT Engine Version: [SHAFT Engine v5.3.20210519]
################################################################################################################################################
[ReportManager] File Action [getAbsolutePath] successfully performed. With the following test data [Relative Folder Path: "target/downloadedFiles/"]. @27-05-2021 03:04:21.0414 AM
[ReportManager] Attempting to run remotely on: [Linux-64], [GoogleChrome], [http://localhost:4444/wd/hub], Headless Execution. @27-05-2021 03:04:21.0440 AM
[ReportManager] Successfully Opened [GoogleChrome]. @27-05-2021 03:04:22.0968 A

################################################################################################################################################
Starting Execution:	[1 out of 141] test cases in the current suite
Test Method:		[testPackage01.Test_ShadowDOM.shadowdom]
################################################################################################################################################
[ReportManager] Target URL: [https://mdn.github.io/web-components-examples/popup-info-box-web-component/] @27-05-2021 03:04:23.0197 AM
[ReportManager] Initial URL: [data:,] @27-05-2021 03:04:23.0289 AM
[ReportManager] Browser Action [navigateToURL] successfully performed. With the following test data [https://mdn.github.io/web-components-examples/popup-info-box-web-component/]. @27-05-2021 03:04:23.0954 AM
[ReportManager] Element Action [type] successfully performed. With the following test data [Typing into SHADOW DOM...]. @27-05-2021 03:04:24.0750 AM
[ReportManager] Element Action [getText] successfully performed. With the following test data [Typing into SHADOW DOM...]. @27-05-2021 03:04:24.0952 AM
[ReportManager] Loaded Shared OpenCV @27-05-2021 03:04:25.0700 AM
[ReportManager] AssertElementAttribute PASSED; Expected [Value Should be 'Typing into SHADOW DOM...' for the 'Text' attribute, element locator 'By.id: cvc'] and Actual [Typing into SHADOW DOM...]. Comparison Type [EQUALS]. Validation Type [POSITIVE]. @27-05-2021 03:04:26.0025 AM
[ReportManager] Successfully created attachment [Screenshot - 1622084665213_shadowdom_AssertElementAttribute_passed] @27-05-2021 03:04:26.0038 A
[ReportManager] Successfully created attachment [Selenium WebDriver Logs - server] @27-05-2021 03:04:26.0141 AM
[ReportManager] Successfully created attachment [Selenium WebDriver Logs - performance] @27-05-2021 03:04:26.0195 AM
[ReportManager] Successfully created attachment [Selenium WebDriver Logs - browser] @27-05-2021 03:04:26.0217 AM
[ReportManager] Successfully created attachment [Selenium WebDriver Logs - driver] @27-05-2021 03:04:26.0453 AM
[ReportManager] Browser Action [closeCurrentWindow] successfully performed. @27-05-2021 03:04:26.0519 AM
[ReportManager] Successfully created attachment [Browser Action Test Data - closeCurrentWindow - Actual Value] @27-05-2021 03:04:26.0519 A

################################################################################################################################################
Starting Execution:	[2 out of 141] test cases in the current suite
Test Method:		[testPackage01.Test_JsonActions.f]
###############################################################################################################################################

################################################################################################################################################
Starting Execution:	[3 out of 141] test cases in the current suite
Test Method:		[testPackage01.Test_JsonActions.f2]
###############################################################################################################################################

################################################################################################################################################
Starting Execution:	[4 out of 141] test cases in the current suite
Test Method:		[testPackage01.Test_NewValidationHelper.f1]
################################################################################################################################################
[ReportManager] Checking valid user data... @27-05-2021 03:04:26.0635 AM
[ReportManager] AssertEquals PASSED; Expected and Actual values are attached. Comparison Type [EQUALS]. Validation Type [POSITIVE]. @27-05-2021 03:04:26.0635 AM
[ReportManager] Successfully created attachment [Validation Test Data - Expected Value] @27-05-2021 03:04:26.0636 AM
[ReportManager] Successfully created attachment [Validation Test Data - Actual Value] @27-05-2021 03:04:26.0636 A
[ReportManager] File Action [getAbsolutePath] successfully performed. With the following test data [Relative Folder Path: "target/downloadedFiles/"]. @27-05-2021 03:04:26.0642 AM
[ReportManager] Attempting to run remotely on: [Linux-64], [GoogleChrome], [http://localhost:4444/wd/hub], Headless Execution. @27-05-2021 03:04:26.0642 AM
[ReportManager] Successfully Opened [GoogleChrome]. @27-05-2021 03:04:27.0416 AM
[ReportManager] Target URL: [https://the-internet.herokuapp.com/] @27-05-2021 03:04:27.0455 AM
[ReportManager] Initial URL: [data:,] @27-05-2021 03:04:27.0526 AM
[ReportManager] Browser Action [navigateToURL] successfully performed. With the following test data [https://the-internet.herokuapp.com/]. @27-05-2021 03:04:30.0054 A

################################################################################################################################################
Starting Execution:	[5 out of 141] test cases in the current suite
Test Method:		[testPackage01.Test_NewValidationHelper.f10]
################################################################################################################################################
[ReportManager] AssertElementExists FAILED; Expected [Element Should Exist, locator 'By.tagName: div'] and Actual [Element Exists but is not unique]. Comparison Type [EQUALS]. Validation Type [POSITIVE]. @27-05-2021 03:04:30.0530 AM
[ReportManager] Successfully created attachment [Screenshot - 1622084670376_f10_AssertElementExists_failed] @27-05-2021 03:04:30.0533 A
[ReportManager] Successfully created attachment [Selenium WebDriver Logs - server] @27-05-2021 03:04:30.0564 AM
[ReportManager] Successfully created attachment [Selenium WebDriver Logs - performance] @27-05-2021 03:04:30.0626 AM
[ReportManager] Successfully created attachment [Selenium WebDriver Logs - browser] @27-05-2021 03:04:30.0651 AM
[ReportManager] Successfully created attachment [Selenium WebDriver Logs - driver] @27-05-2021 03:04:30.0739 AM
[ReportManager] Successfully Closed All Drivers. @27-05-2021 03:04:30.0840 A
[ReportManager] File Action [getAbsolutePath] successfully performed. With the following test data [Relative Folder Path: "target/downloadedFiles/"]. @27-05-2021 03:04:30.0842 AM
[ReportManager] Attempting to run remotely on: [Linux-64], [GoogleChrome], [http://localhost:4444/wd/hub], Headless Execution. @27-05-2021 03:04:30.0842 AM
[ReportManager] Successfully Opened [GoogleChrome]. @27-05-2021 03:04:31.0485 AM
[ReportManager] Target URL: [https://the-internet.herokuapp.com/] @27-05-2021 03:04:31.0507 AM
[ReportManager] Initial URL: [data:,] @27-05-2021 03:04:31.0565 AM
[ReportManager] Browser Action [navigateToURL] successfully performed. With the following test data [https://the-internet.herokuapp.com/]. @27-05-2021 03:04:34.0016 A

################################################################################################################################################
Starting Execution:	[6 out of 141] test cases in the current suite
Test Method:		[testPackage01.Test_NewValidationHelper.f11]
################################################################################################################################################
[ReportManager] Checking that false tag doesn't exist... @27-05-2021 03:04:34.0020 AM
[ReportManager] AssertElementExists PASSED; Expected [Element Should not Exist, locator 'By.tagName: h3'] and Actual [Element Doesn't Exists]. Comparison Type [EQUALS]. Validation Type [NEGATIVE]. @27-05-2021 03:04:44.0501 AM
[ReportManager] Successfully created attachment [Screenshot - 1622084684429_f11_AssertElementExists_passed] @27-05-2021 03:04:44.0504 A
[ReportManager] Successfully created attachment [Selenium WebDriver Logs - server] @27-05-2021 03:04:44.0532 AM
[ReportManager] Successfully created attachment [Selenium WebDriver Logs - performance] @27-05-2021 03:04:44.0569 AM
[ReportManager] Successfully created attachment [Selenium WebDriver Logs - browser] @27-05-2021 03:04:44.0580 AM
[ReportManager] Successfully created attachment [Selenium WebDriver Logs - driver] @27-05-2021 03:04:44.0701 AM
[ReportManager] Successfully Closed All Drivers. @27-05-2021 03:04:44.0798 A
[ReportManager] File Action [getAbsolutePath] successfully performed. With the following test data [Relative Folder Path: "target/downloadedFiles/"]. @27-05-2021 03:04:44.0800 AM
[ReportManager] Attempting to run remotely on: [Linux-64], [GoogleChrome], [http://localhost:4444/wd/hub], Headless Execution. @27-05-2021 03:04:44.0800 AM
[ReportManager] Successfully Opened [GoogleChrome]. @27-05-2021 03:04:45.0495 AM
[ReportManager] Target URL: [https://the-internet.herokuapp.com/] @27-05-2021 03:04:45.0513 AM
[ReportManager] Initial URL: [data:,] @27-05-2021 03:04:45.0573 AM
[ReportManager] Browser Action [navigateToURL] successfully performed. With the following test data [https://the-internet.herokuapp.com/]. @27-05-2021 03:04:47.0017 A

################################################################################################################################################
Starting Execution:	[7 out of 141] test cases in the current suite
Test Method:		[testPackage01.Test_NewValidationHelper.f12]
################################################################################################################################################
[ReportManager] Loaded Shared OpenCV @27-05-2021 03:04:47.0282 AM
[ReportManager] AssertElementExists FAILED; Expected [Element Should not Exist, locator 'By.tagName: h1'] and Actual [Element Exists]. Comparison Type [EQUALS]. Validation Type [NEGATIVE]. @27-05-2021 03:04:47.0373 AM
[ReportManager] Successfully created attachment [Screenshot - 1622084687281_f12_AssertElementExists_failed] @27-05-2021 03:04:47.0377 A
[ReportManager] Successfully created attachment [Selenium WebDriver Logs - server] @27-05-2021 03:04:47.0399 AM
[ReportManager] Successfully created attachment [Selenium WebDriver Logs - performance] @27-05-2021 03:04:47.0426 AM
[ReportManager] Successfully created attachment [Selenium WebDriver Logs - browser] @27-05-2021 03:04:47.0435 AM
[ReportManager] Successfully created attachment [Selenium WebDriver Logs - driver] @27-05-2021 03:04:47.0499 AM
[ReportManager] Successfully Closed All Drivers. @27-05-2021 03:04:47.0586 A
[ReportManager] File Action [getAbsolutePath] successfully performed. With the following test data [Relative Folder Path: "target/downloadedFiles/"]. @27-05-2021 03:04:47.0588 AM
[ReportManager] Attempting to run remotely on: [Linux-64], [GoogleChrome], [http://localhost:4444/wd/hub], Headless Execution. @27-05-2021 03:04:47.0588 AM
[ReportManager] Successfully Opened [GoogleChrome]. @27-05-2021 03:04:47.0862 AM
[ReportManager] Target URL: [https://the-internet.herokuapp.com/] @27-05-2021 03:04:47.0883 AM
[ReportManager] Initial URL: [data:,] @27-05-2021 03:04:47.0939 AM
[ReportManager] Browser Action [navigateToURL] successfully performed. With the following test data [https://the-internet.herokuapp.com/]. @27-05-2021 03:04:50.0268 A

################################################################################################################################################
Starting Execution:	[8 out of 141] test cases in the current suite
Test Method:		[testPackage01.Test_NewValidationHelper.f13]
################################################################################################################################################
[ReportManager] AssertElementExists FAILED; Expected [Element Should not Exist, locator 'By.tagName: div'] and Actual [Element Exists but is not unique]. Comparison Type [EQUALS]. Validation Type [NEGATIVE]. @27-05-2021 03:04:50.0560 AM
[ReportManager] Successfully created attachment [Screenshot - 1622084690493_f13_AssertElementExists_failed] @27-05-2021 03:04:50.0562 A
[ReportManager] Successfully created attachment [Selenium WebDriver Logs - server] @27-05-2021 03:04:50.0576 AM
[ReportManager] Successfully created attachment [Selenium WebDriver Logs - performance] @27-05-2021 03:04:50.0599 AM
[ReportManager] Successfully created attachment [Selenium WebDriver Logs - browser] @27-05-2021 03:04:50.0608 AM
[ReportManager] Successfully created attachment [Selenium WebDriver Logs - driver] @27-05-2021 03:04:50.0685 AM
[ReportManager] Successfully Closed All Drivers. @27-05-2021 03:04:50.0765 A
[ReportManager] File Action [getAbsolutePath] successfully performed. With the following test data [Relative Folder Path: "target/downloadedFiles/"]. @27-05-2021 03:04:50.0774 AM
[ReportManager] Attempting to run remotely on: [Linux-64], [GoogleChrome], [http://localhost:4444/wd/hub], Headless Execution. @27-05-2021 03:04:50.0775 AM
[ReportManager] Successfully Opened [GoogleChrome]. @27-05-2021 03:04:51.0025 AM
[ReportManager] Target URL: [https://the-internet.herokuapp.com/] @27-05-2021 03:04:51.0039 AM
[ReportManager] Initial URL: [data:,] @27-05-2021 03:04:51.0092 AM
[ReportManager] Browser Action [navigateToURL] successfully performed. With the following test data [https://the-internet.herokuapp.com/]. @27-05-2021 03:04:53.0894 A

################################################################################################################################################
Starting Execution:	[9 out of 141] test cases in the current suite
Test Method:		[testPackage01.Test_NewValidationHelper.f14]
################################################################################################################################################
[ReportManager] Asserting that the header text is correct... @27-05-2021 03:04:53.0903 AM
[ReportManager] Element Action [getText] successfully performed. With the following test data [Welcome to the-internet]. @27-05-2021 03:04:54.0018 AM
[ReportManager] Loaded Shared OpenCV @27-05-2021 03:04:54.0219 AM
[ReportManager] AssertElementAttribute PASSED; Expected [Value Should be 'Welcome to the-internet' for the 'text' attribute, element locator 'By.tagName: h1'] and Actual [Welcome to the-internet]. Comparison Type [EQUALS]. Validation Type [POSITIVE]. @27-05-2021 03:04:54.0305 AM
[ReportManager] Successfully created attachment [Screenshot - 1622084694219_f14_AssertElementAttribute_passed] @27-05-2021 03:04:54.0306 A
[ReportManager] Successfully created attachment [Selenium WebDriver Logs - server] @27-05-2021 03:04:54.0326 AM
[ReportManager] Successfully created attachment [Selenium WebDriver Logs - performance] @27-05-2021 03:04:54.0351 AM
[ReportManager] Successfully created attachment [Selenium WebDriver Logs - browser] @27-05-2021 03:04:54.0361 AM
[ReportManager] Successfully created attachment [Selenium WebDriver Logs - driver] @27-05-2021 03:04:54.0424 AM
[ReportManager] Successfully Closed All Drivers. @27-05-2021 03:04:54.0508 A
[ReportManager] File Action [getAbsolutePath] successfully performed. With the following test data [Relative Folder Path: "target/downloadedFiles/"]. @27-05-2021 03:04:54.0512 AM
[ReportManager] Attempting to run remotely on: [Linux-64], [GoogleChrome], [http://localhost:4444/wd/hub], Headless Execution. @27-05-2021 03:04:54.0512 AM
[ReportManager] Successfully Opened [GoogleChrome]. @27-05-2021 03:04:54.0749 AM
[ReportManager] Target URL: [https://the-internet.herokuapp.com/] @27-05-2021 03:04:54.0771 AM
[ReportManager] Initial URL: [data:,] @27-05-2021 03:04:54.0836 AM
[ReportManager] Browser Action [navigateToURL] successfully performed. With the following test data [https://the-internet.herokuapp.com/]. @27-05-2021 03:04:56.0116 A

################################################################################################################################################
Starting Execution:	[10 out of 141] test cases in the current suite
Test Method:		[testPackage01.Test_NewValidationHelper.f15]
################################################################################################################################################
[ReportManager] Element Action [getText] successfully performed. With the following test data [Welcome to the-internet]. @27-05-2021 03:04:56.0227 AM
[ReportManager] Loaded Shared OpenCV @27-05-2021 03:04:56.0393 AM
[ReportManager] AssertElementAttribute FAILED; Expected [Value Should not be 'Welcome' for the 'text' attribute, element locator 'By.tagName: h1'] and Actual [Welcome to the-internet]. Comparison Type [CONTAINS]. Validation Type [NEGATIVE]. @27-05-2021 03:04:56.0477 AM
[ReportManager] Successfully created attachment [Screenshot - 1622084696393_f15_AssertElementAttribute_failed] @27-05-2021 03:04:56.0479 A
[ReportManager] Successfully created attachment [Selenium WebDriver Logs - server] @27-05-2021 03:04:56.0503 AM
[ReportManager] Successfully created attachment [Selenium WebDriver Logs - performance] @27-05-2021 03:04:56.0525 AM
[ReportManager] Successfully created attachment [Selenium WebDriver Logs - browser] @27-05-2021 03:04:56.0533 AM
[ReportManager] Successfully created attachment [Selenium WebDriver Logs - driver] @27-05-2021 03:04:56.0590 AM
[ReportManager] Successfully Closed All Drivers. @27-05-2021 03:04:56.0673 A
[ReportManager] File Action [getAbsolutePath] successfully performed. With the following test data [Relative Folder Path: "target/downloadedFiles/"]. @27-05-2021 03:04:56.0675 AM
[ReportManager] Attempting to run remotely on: [Linux-64], [GoogleChrome], [http://localhost:4444/wd/hub], Headless Execution. @27-05-2021 03:04:56.0675 AM
[ReportManager] Successfully Opened [GoogleChrome]. @27-05-2021 03:04:56.0923 AM
[ReportManager] Target URL: [https://the-internet.herokuapp.com/] @27-05-2021 03:04:56.0942 AM
[ReportManager] Initial URL: [data:,] @27-05-2021 03:04:56.0997 AM
[ReportManager] Browser Action [navigateToURL] successfully performed. With the following test data [https://the-internet.herokuapp.com/]. @27-05-2021 03:04:59.0306 A

################################################################################################################################################
Starting Execution:	[11 out of 141] test cases in the current suite
Test Method:		[testPackage01.Test_NewValidationHelper.f16]
################################################################################################################################################
[ReportManager] Element Action [identifyUniqueElement] failed. With the following test data [zero elements found matching this locator "By.tagName: h3".]. @27-05-2021 03:05:24.0942 AM
[ReportManager] Successfully created attachment [Screenshot - 1622084724876_f16_identifyUniqueElement_failed] @27-05-2021 03:05:24.0946 AM
[ReportManager] AssertElementAttribute FAILED; Expected [Value Should not be 'Welcome' for the 'text' attribute, element locator 'By.tagName: h3'] and Actual [Failed to read the desired element attribute]. Comparison Type [CONTAINS]. Validation Type [NEGATIVE]. @27-05-2021 03:05:24.0946 A
[ReportManager] Successfully created attachment [Selenium WebDriver Logs - server] @27-05-2021 03:05:24.0961 AM
[ReportManager] Successfully created attachment [Selenium WebDriver Logs - performance] @27-05-2021 03:05:24.0985 AM
[ReportManager] Successfully created attachment [Selenium WebDriver Logs - browser] @27-05-2021 03:05:24.0995 AM
[ReportManager] Successfully created attachment [Selenium WebDriver Logs - driver] @27-05-2021 03:05:25.0077 AM
[ReportManager] Successfully Closed All Drivers. @27-05-2021 03:05:25.0156 A
[ReportManager] File Action [getAbsolutePath] successfully performed. With the following test data [Relative Folder Path: "target/downloadedFiles/"]. @27-05-2021 03:05:25.0160 AM
[ReportManager] Attempting to run remotely on: [Linux-64], [GoogleChrome], [http://localhost:4444/wd/hub], Headless Execution. @27-05-2021 03:05:25.0160 AM
[ReportManager] Successfully Opened [GoogleChrome]. @27-05-2021 03:05:25.0392 AM
[ReportManager] Target URL: [https://the-internet.herokuapp.com/] @27-05-2021 03:05:25.0408 AM
[ReportManager] Initial URL: [data:,] @27-05-2021 03:05:25.0453 AM
[ReportManager] Browser Action [navigateToURL] successfully performed. With the following test data [https://the-internet.herokuapp.com/]. @27-05-2021 03:05:28.0062 A

################################################################################################################################################
Starting Execution:	[12 out of 141] test cases in the current suite
Test Method:		[testPackage01.Test_NewValidationHelper.f17]
################################################################################################################################################
[ReportManager] Attempting to getAttribute [text2] from elementLocator [By.tagName: h1]. @27-05-2021 03:05:28.0068 AM
[ReportManager] Element Action [getAttribute] successfully performed. @27-05-2021 03:05:28.0167 AM
[ReportManager] Loaded Shared OpenCV @27-05-2021 03:05:28.0343 AM
[ReportManager] AssertElementAttribute PASSED; Expected [Value Should not be 'Welcome' for the 'text2' attribute, element locator 'By.tagName: h1'] and Actual [null]. Comparison Type [CONTAINS]. Validation Type [NEGATIVE]. @27-05-2021 03:05:28.0435 AM
[ReportManager] Successfully created attachment [Screenshot - 1622084728343_f17_AssertElementAttribute_passed] @27-05-2021 03:05:28.0437 A
[ReportManager] Successfully created attachment [Selenium WebDriver Logs - server] @27-05-2021 03:05:28.0450 AM
[ReportManager] Successfully created attachment [Selenium WebDriver Logs - performance] @27-05-2021 03:05:28.0473 AM
[ReportManager] Successfully created attachment [Selenium WebDriver Logs - browser] @27-05-2021 03:05:28.0485 AM
[ReportManager] Successfully created attachment [Selenium WebDriver Logs - driver] @27-05-2021 03:05:28.0553 AM
[ReportManager] Successfully Closed All Drivers. @27-05-2021 03:05:28.0639 A
[ReportManager] File Action [getAbsolutePath] successfully performed. With the following test data [Relative Folder Path: "target/downloadedFiles/"]. @27-05-2021 03:05:28.0641 AM
[ReportManager] Attempting to run remotely on: [Linux-64], [GoogleChrome], [http://localhost:4444/wd/hub], Headless Execution. @27-05-2021 03:05:28.0641 AM
[ReportManager] Successfully Opened [GoogleChrome]. @27-05-2021 03:05:28.0901 AM
[ReportManager] Target URL: [https://the-internet.herokuapp.com/] @27-05-2021 03:05:28.0928 AM
[ReportManager] Initial URL: [data:,] @27-05-2021 03:05:28.0989 AM
[ReportManager] Browser Action [navigateToURL] successfully performed. With the following test data [https://the-internet.herokuapp.com/]. @27-05-2021 03:05:31.0600 A

################################################################################################################################################
Starting Execution:	[13 out of 141] test cases in the current suite
Test Method:		[testPackage01.Test_NewValidationHelper.f18]
################################################################################################################################################
[ReportManager] Element Action [getText] successfully performed. With the following test data [Welcome to the-internet]. @27-05-2021 03:05:31.0707 AM
[ReportManager] Loaded Shared OpenCV @27-05-2021 03:05:31.0889 AM
[ReportManager] AssertElementAttribute PASSED; Expected [Value Should not be 'no' for the 'text' attribute, element locator 'By.tagName: h1'] and Actual [Welcome to the-internet]. Comparison Type [CONTAINS]. Validation Type [NEGATIVE]. @27-05-2021 03:05:31.0973 AM
[ReportManager] Successfully created attachment [Screenshot - 1622084731889_f18_AssertElementAttribute_passed] @27-05-2021 03:05:31.0974 A
[ReportManager] Successfully created attachment [Selenium WebDriver Logs - server] @27-05-2021 03:05:32.0004 AM
[ReportManager] Successfully created attachment [Selenium WebDriver Logs - performance] @27-05-2021 03:05:32.0027 AM
[ReportManager] Successfully created attachment [Selenium WebDriver Logs - browser] @27-05-2021 03:05:32.0034 AM
[ReportManager] Successfully created attachment [Selenium WebDriver Logs - driver] @27-05-2021 03:05:32.0109 AM
[ReportManager] Successfully Closed All Drivers. @27-05-2021 03:05:32.0191 A
[ReportManager] File Action [getAbsolutePath] successfully performed. With the following test data [Relative Folder Path: "target/downloadedFiles/"]. @27-05-2021 03:05:32.0194 AM
[ReportManager] Attempting to run remotely on: [Linux-64], [GoogleChrome], [http://localhost:4444/wd/hub], Headless Execution. @27-05-2021 03:05:32.0196 AM
[ReportManager] Successfully Opened [GoogleChrome]. @27-05-2021 03:05:32.0449 AM
[ReportManager] Target URL: [https://the-internet.herokuapp.com/] @27-05-2021 03:05:32.0465 AM
[ReportManager] Initial URL: [data:,] @27-05-2021 03:05:32.0520 AM
[ReportManager] Browser Action [navigateToURL] successfully performed. With the following test data [https://the-internet.herokuapp.com/]. @27-05-2021 03:05:35.0118 A

################################################################################################################################################
Starting Execution:	[14 out of 141] test cases in the current suite
Test Method:		[testPackage01.Test_NewValidationHelper.f19]
################################################################################################################################################
[ReportManager] Element Action [getTagName] successfully performed. With the following test data [h1]. @27-05-2021 03:05:35.0234 AM
[ReportManager] Loaded Shared OpenCV @27-05-2021 03:05:35.0390 AM
[ReportManager] AssertElementAttribute PASSED; Expected [Value Should be 'h' for the 'tagname' attribute, element locator 'By.tagName: h1'] and Actual [h1]. Comparison Type [CONTAINS]. Validation Type [POSITIVE]. @27-05-2021 03:05:35.0478 AM
[ReportManager] Successfully created attachment [Screenshot - 1622084735390_f19_AssertElementAttribute_passed] @27-05-2021 03:05:35.0479 A
[ReportManager] Successfully created attachment [Selenium WebDriver Logs - server] @27-05-2021 03:05:35.0494 AM
[ReportManager] Successfully created attachment [Selenium WebDriver Logs - performance] @27-05-2021 03:05:35.0517 AM
[ReportManager] Successfully created attachment [Selenium WebDriver Logs - browser] @27-05-2021 03:05:35.0525 AM
[ReportManager] Successfully created attachment [Selenium WebDriver Logs - driver] @27-05-2021 03:05:35.0592 AM
[ReportManager] Successfully Closed All Drivers. @27-05-2021 03:05:35.0666 A

################################################################################################################################################
Starting Execution:	[15 out of 141] test cases in the current suite
Test Method:		[testPackage01.Test_NewValidationHelper.f2]
################################################################################################################################################
[ReportManager] Checking valid user data... @27-05-2021 03:05:35.0669 AM
[ReportManager] AssertEquals FAILED; Expected [1] and Actual [2]. Comparison Type [EQUALS]. Validation Type [POSITIVE]. @27-05-2021 03:05:35.0669 A
[ReportManager] File Action [getAbsolutePath] successfully performed. With the following test data [Relative Folder Path: "target/downloadedFiles/"]. @27-05-2021 03:05:35.0675 AM
[ReportManager] Attempting to run remotely on: [Linux-64], [GoogleChrome], [http://localhost:4444/wd/hub], Headless Execution. @27-05-2021 03:05:35.0676 AM
[ReportManager] Successfully Opened [GoogleChrome]. @27-05-2021 03:05:35.0961 AM
[ReportManager] Target URL: [https://the-internet.herokuapp.com/] @27-05-2021 03:05:35.0974 AM
[ReportManager] Initial URL: [data:,] @27-05-2021 03:05:36.0020 AM
[ReportManager] Browser Action [navigateToURL] successfully performed. With the following test data [https://the-internet.herokuapp.com/]. @27-05-2021 03:05:38.0913 A

################################################################################################################################################
Starting Execution:	[16 out of 141] test cases in the current suite
Test Method:		[testPackage01.Test_NewValidationHelper.f20]
################################################################################################################################################
[ReportManager] Element Action [getSize] successfully performed. With the following test data [(755, 61)]. @27-05-2021 03:05:38.0999 AM
[ReportManager] Loaded Shared OpenCV @27-05-2021 03:05:39.0157 AM
[ReportManager] AssertElementAttribute PASSED; Expected [Value Should not be 'a' for the 'size' attribute, element locator 'By.tagName: h1'] and Actual [(755, 61)]. Comparison Type [CONTAINS]. Validation Type [NEGATIVE]. @27-05-2021 03:05:39.0241 AM
[ReportManager] Successfully created attachment [Screenshot - 1622084739157_f20_AssertElementAttribute_passed] @27-05-2021 03:05:39.0242 A
[ReportManager] Successfully created attachment [Selenium WebDriver Logs - server] @27-05-2021 03:05:39.0268 AM
[ReportManager] Successfully created attachment [Selenium WebDriver Logs - performance] @27-05-2021 03:05:39.0301 AM
[ReportManager] Successfully created attachment [Selenium WebDriver Logs - browser] @27-05-2021 03:05:39.0308 AM
[ReportManager] Successfully created attachment [Selenium WebDriver Logs - driver] @27-05-2021 03:05:39.0376 AM
[ReportManager] Successfully Closed All Drivers. @27-05-2021 03:05:39.0456 A
[ReportManager] File Action [getAbsolutePath] successfully performed. With the following test data [Relative Folder Path: "target/downloadedFiles/"]. @27-05-2021 03:05:39.0462 AM
[ReportManager] Attempting to run remotely on: [Linux-64], [GoogleChrome], [http://localhost:4444/wd/hub], Headless Execution. @27-05-2021 03:05:39.0462 AM
[ReportManager] Successfully Opened [GoogleChrome]. @27-05-2021 03:05:39.0697 AM
[ReportManager] Target URL: [https://the-internet.herokuapp.com/] @27-05-2021 03:05:39.0715 AM
[ReportManager] Initial URL: [data:,] @27-05-2021 03:05:39.0775 AM
[ReportManager] Browser Action [navigateToURL] successfully performed. With the following test data [https://the-internet.herokuapp.com/]. @27-05-2021 03:05:42.0494 A

################################################################################################################################################
Starting Execution:	[17 out of 141] test cases in the current suite
Test Method:		[testPackage01.Test_NewValidationHelper.f21]
################################################################################################################################################
[ReportManager] Element Action [identifyUniqueElement] failed. With the following test data [zero elements found matching this locator "By.tagName: h3".]. @27-05-2021 03:06:08.0091 AM
[ReportManager] Successfully created attachment [Screenshot - 1622084768026_f21_identifyUniqueElement_failed] @27-05-2021 03:06:08.0092 AM
[ReportManager] AssertElementAttribute FAILED; Expected [Value Should be 'Welcome' for the 'text' attribute, element locator 'By.tagName: h3'] and Actual [Failed to read the desired element attribute]. Comparison Type [CONTAINS]. Validation Type [POSITIVE]. @27-05-2021 03:06:08.0092 A
[ReportManager] Successfully created attachment [Selenium WebDriver Logs - server] @27-05-2021 03:06:08.0107 AM
[ReportManager] Successfully created attachment [Selenium WebDriver Logs - performance] @27-05-2021 03:06:08.0128 AM
[ReportManager] Successfully created attachment [Selenium WebDriver Logs - browser] @27-05-2021 03:06:08.0134 AM
[ReportManager] Successfully created attachment [Selenium WebDriver Logs - driver] @27-05-2021 03:06:08.0216 AM
[ReportManager] Successfully Closed All Drivers. @27-05-2021 03:06:08.0291 A
[ReportManager] File Action [getAbsolutePath] successfully performed. With the following test data [Relative Folder Path: "target/downloadedFiles/"]. @27-05-2021 03:06:08.0293 AM
[ReportManager] Attempting to run remotely on: [Linux-64], [GoogleChrome], [http://localhost:4444/wd/hub], Headless Execution. @27-05-2021 03:06:08.0293 AM
[ReportManager] Successfully Opened [GoogleChrome]. @27-05-2021 03:06:08.0493 AM
[ReportManager] Target URL: [https://the-internet.herokuapp.com/] @27-05-2021 03:06:08.0506 AM
[ReportManager] Initial URL: [data:,] @27-05-2021 03:06:08.0554 AM
[ReportManager] Browser Action [navigateToURL] successfully performed. With the following test data [https://the-internet.herokuapp.com/]. @27-05-2021 03:06:11.0150 A

################################################################################################################################################
Starting Execution:	[18 out of 141] test cases in the current suite
Test Method:		[testPackage01.Test_NewValidationHelper.f22]
################################################################################################################################################
[ReportManager] Element Action [getText] successfully performed. With the following test data [Welcome to the-internet]. @27-05-2021 03:06:11.0263 AM
[ReportManager] Loaded Shared OpenCV @27-05-2021 03:06:11.0453 AM
[ReportManager] AssertElementAttribute FAILED; Expected [Value Should be 'yyy' for the 'text' attribute, element locator 'By.tagName: h1'] and Actual [Welcome to the-internet]. Comparison Type [CONTAINS]. Validation Type [POSITIVE]. @27-05-2021 03:06:11.0538 AM
[ReportManager] Successfully created attachment [Screenshot - 1622084771453_f22_AssertElementAttribute_failed] @27-05-2021 03:06:11.0539 A
[ReportManager] Successfully created attachment [Selenium WebDriver Logs - server] @27-05-2021 03:06:11.0553 AM
[ReportManager] Successfully created attachment [Selenium WebDriver Logs - performance] @27-05-2021 03:06:11.0580 AM
[ReportManager] Successfully created attachment [Selenium WebDriver Logs - browser] @27-05-2021 03:06:11.0587 AM
[ReportManager] Successfully created attachment [Selenium WebDriver Logs - driver] @27-05-2021 03:06:11.0648 AM
[ReportManager] Successfully Closed All Drivers. @27-05-2021 03:06:11.0731 A

################################################################################################################################################
Starting Execution:	[19 out of 141] test cases in the current suite
Test Method:		[testPackage01.Test_NewValidationHelper.f23]
################################################################################################################################################
[ReportManager] confirming that the actual is greater than or equal to the expected... @27-05-2021 03:06:11.0736 AM
[ReportManager] AssertComparativeRelation PASSED; Expected [1] and Actual [1]. Comparison Type [GREATER_THAN_OR_EQUALS]. Validation Type [POSITIVE]. @27-05-2021 03:06:11.0736 A

################################################################################################################################################
Starting Execution:	[20 out of 141] test cases in the current suite
Test Method:		[testPackage01.Test_NewValidationHelper.f24]
################################################################################################################################################
[ReportManager] AssertComparativeRelation PASSED; Expected [1] and Actual [10]. Comparison Type [GREATER_THAN_OR_EQUALS]. Validation Type [POSITIVE]. @27-05-2021 03:06:11.0738 A

################################################################################################################################################
Starting Execution:	[21 out of 141] test cases in the current suite
Test Method:		[testPackage01.Test_NewValidationHelper.f25]
################################################################################################################################################
[ReportManager] AssertComparativeRelation PASSED; Expected [1] and Actual [1]. Comparison Type [EQUALS]. Validation Type [POSITIVE]. @27-05-2021 03:06:11.0740 A

################################################################################################################################################
Starting Execution:	[22 out of 141] test cases in the current suite
Test Method:		[testPackage01.Test_NewValidationHelper.f26]
################################################################################################################################################
[ReportManager] AssertComparativeRelation PASSED; Expected [1] and Actual [5]. Comparison Type [GREATER_THAN]. Validation Type [POSITIVE]. @27-05-2021 03:06:11.0742 A

################################################################################################################################################
Starting Execution:	[23 out of 141] test cases in the current suite
Test Method:		[testPackage01.Test_NewValidationHelper.f27]
################################################################################################################################################
[ReportManager] AssertComparativeRelation PASSED; Expected [11] and Actual [5]. Comparison Type [LESS_THAN]. Validation Type [POSITIVE]. @27-05-2021 03:06:11.0744 A

################################################################################################################################################
Starting Execution:	[24 out of 141] test cases in the current suite
Test Method:		[testPackage01.Test_NewValidationHelper.f28]
################################################################################################################################################
[ReportManager] AssertComparativeRelation PASSED; Expected [11] and Actual [5]. Comparison Type [LESS_THAN_OR_EQUALS]. Validation Type [POSITIVE]. @27-05-2021 03:06:11.0746 A

################################################################################################################################################
Starting Execution:	[25 out of 141] test cases in the current suite
Test Method:		[testPackage01.Test_NewValidationHelper.f29]
################################################################################################################################################
[ReportManager] AssertComparativeRelation PASSED; Expected [11] and Actual [11]. Comparison Type [LESS_THAN_OR_EQUALS]. Validation Type [POSITIVE]. @27-05-2021 03:06:11.0752 A

################################################################################################################################################
Starting Execution:	[26 out of 141] test cases in the current suite
Test Method:		[testPackage01.Test_NewValidationHelper.f3]
################################################################################################################################################
[ReportManager] AssertEquals PASSED; Expected [1] and Actual [2]. Comparison Type [EQUALS]. Validation Type [NEGATIVE]. @27-05-2021 03:06:11.0754 A

################################################################################################################################################
Starting Execution:	[27 out of 141] test cases in the current suite
Test Method:		[testPackage01.Test_NewValidationHelper.f30]
################################################################################################################################################
[ReportManager] AssertComparativeRelation FAILED; Expected [-9] and Actual [11]. Comparison Type [LESS_THAN_OR_EQUALS]. Validation Type [POSITIVE]. @27-05-2021 03:06:11.0756 A

################################################################################################################################################
Starting Execution:	[28 out of 141] test cases in the current suite
Test Method:		[testPackage01.Test_NewValidationHelper.f31]
################################################################################################################################################
[ReportManager] AssertTrue PASSED; Expected [TRUE] and Actual [TRUE]. Validation Type [POSITIVE]. @27-05-2021 03:06:11.0758 A

################################################################################################################################################
Starting Execution:	[29 out of 141] test cases in the current suite
Test Method:		[testPackage01.Test_NewValidationHelper.f32]
################################################################################################################################################
[ReportManager] AssertTrue PASSED; Expected [FALSE] and Actual [FALSE]. Validation Type [NEGATIVE]. @27-05-2021 03:06:11.0760 A

################################################################################################################################################
Starting Execution:	[30 out of 141] test cases in the current suite
Test Method:		[testPackage01.Test_NewValidationHelper.f33]
################################################################################################################################################
[ReportManager] AssertTrue FAILED; Expected [FALSE] and Actual [TRUE]. Validation Type [NEGATIVE]. @27-05-2021 03:06:11.0767 A

################################################################################################################################################
Starting Execution:	[31 out of 141] test cases in the current suite
Test Method:		[testPackage01.Test_NewValidationHelper.f34]
################################################################################################################################################
[ReportManager] AssertTrue FAILED; Expected [TRUE] and Actual [FALSE]. Validation Type [POSITIVE]. @27-05-2021 03:06:11.0775 A

################################################################################################################################################
Starting Execution:	[32 out of 141] test cases in the current suite
Test Method:		[testPackage01.Test_NewValidationHelper.f35]
################################################################################################################################################
[ReportManager] File Action [doesFileExist] successfully performed. With the following test data [File Path: "pom.xml"]. @27-05-2021 03:06:11.0780 AM
[ReportManager] AssertFileExists PASSED; Expected [File 'pom.xml' should exist, after up to '1' retries] and Actual [File exists]. Validation Type [POSITIVE]. @27-05-2021 03:06:11.0784 A

################################################################################################################################################
Starting Execution:	[33 out of 141] test cases in the current suite
Test Method:		[testPackage01.Test_NewValidationHelper.f36]
################################################################################################################################################
[ReportManager] File Action [doesFileExist] successfully performed. With the following test data [File Path: "src/test/java/testPackage01/Test_NewValidationHelper.java"]. @27-05-2021 03:06:11.0789 AM
[ReportManager] AssertFileExists PASSED; Expected [File 'src/test/java/testPackage01/Test_NewValidationHelper.java' should exist, after up to '1' retries] and Actual [File exists]. Validation Type [POSITIVE]. @27-05-2021 03:06:11.0789 A

################################################################################################################################################
Starting Execution:	[34 out of 141] test cases in the current suite
Test Method:		[testPackage01.Test_NewValidationHelper.f37]
################################################################################################################################################
[ReportManager] confirming that the file does't exist after 5 retries... @27-05-2021 03:06:11.0793 AM
[ReportManager] File Action [doesFileExist] successfully performed. With the following test data [File Path: "pom.xml"]. @27-05-2021 03:06:11.0793 AM
[ReportManager] AssertFileExists FAILED; Expected [File 'pom.xml' should not exist, after up to '5' retries] and Actual [File exists]. Validation Type [NEGATIVE]. @27-05-2021 03:06:11.0794 A

################################################################################################################################################
Starting Execution:	[35 out of 141] test cases in the current suite
Test Method:		[testPackage01.Test_NewValidationHelper.f3_1]
################################################################################################################################################
[ReportManager] Checking valid user data... @27-05-2021 03:06:11.0798 AM
[ReportManager] AssertEquals PASSED; Expected [null] and Actual [null]. Comparison Type [EQUALS]. Validation Type [POSITIVE]. @27-05-2021 03:06:11.0798 A

################################################################################################################################################
Starting Execution:	[36 out of 141] test cases in the current suite
Test Method:		[testPackage01.Test_NewValidationHelper.f4]
################################################################################################################################################
[ReportManager] AssertEquals PASSED; Expected [1] and Actual [123]. Comparison Type [CONTAINS]. Validation Type [POSITIVE]. @27-05-2021 03:06:11.0802 A

################################################################################################################################################
Starting Execution:	[37 out of 141] test cases in the current suite
Test Method:		[testPackage01.Test_NewValidationHelper.f5]
################################################################################################################################################
[ReportManager] AssertNull PASSED; Expected [NULL] and Actual [1]. Comparison Type [EQUALS]. Validation Type [NEGATIVE]. @27-05-2021 03:06:11.0806 A

################################################################################################################################################
Starting Execution:	[38 out of 141] test cases in the current suite
Test Method:		[testPackage01.Test_NewValidationHelper.f6]
################################################################################################################################################
[ReportManager] Making sure that null string is not equal to null object... @27-05-2021 03:06:11.0809 AM
[ReportManager] AssertNull FAILED; Expected [NULL] and Actual [NULL]. Comparison Type [EQUALS]. Validation Type [POSITIVE]. @27-05-2021 03:06:11.0809 A

################################################################################################################################################
Starting Execution:	[39 out of 141] test cases in the current suite
Test Method:		[testPackage01.Test_NewValidationHelper.f6_1]
################################################################################################################################################
[ReportManager] AssertNull FAILED; Expected [NULL] and Actual [NULL]. Comparison Type [EQUALS]. Validation Type [NEGATIVE]. @27-05-2021 03:06:11.0813 A

################################################################################################################################################
Starting Execution:	[40 out of 141] test cases in the current suite
Test Method:		[testPackage01.Test_NewValidationHelper.f6_2]
################################################################################################################################################
[ReportManager] Making sure that null string is not equal to null object... @27-05-2021 03:06:11.0816 AM
[ReportManager] AssertNull FAILED; Expected [NULL] and Actual [not null]. Comparison Type [EQUALS]. Validation Type [POSITIVE]. @27-05-2021 03:06:11.0816 A

################################################################################################################################################
Starting Execution:	[41 out of 141] test cases in the current suite
Test Method:		[testPackage01.Test_NewValidationHelper.f7]
################################################################################################################################################
[ReportManager] AssertNull PASSED; Expected [NULL] and Actual [NULL]. Comparison Type [EQUALS]. Validation Type [POSITIVE]. @27-05-2021 03:06:11.0821 A
[ReportManager] File Action [getAbsolutePath] successfully performed. With the following test data [Relative Folder Path: "target/downloadedFiles/"]. @27-05-2021 03:06:11.0827 AM
[ReportManager] Attempting to run remotely on: [Linux-64], [GoogleChrome], [http://localhost:4444/wd/hub], Headless Execution. @27-05-2021 03:06:11.0827 AM
[ReportManager] Successfully Opened [GoogleChrome]. @27-05-2021 03:06:12.0042 AM
[ReportManager] Target URL: [https://the-internet.herokuapp.com/] @27-05-2021 03:06:12.0053 AM
[ReportManager] Initial URL: [data:,] @27-05-2021 03:06:12.0107 AM
[ReportManager] Browser Action [navigateToURL] successfully performed. With the following test data [https://the-internet.herokuapp.com/]. @27-05-2021 03:06:14.0797 A

################################################################################################################################################
Starting Execution:	[42 out of 141] test cases in the current suite
Test Method:		[testPackage01.Test_NewValidationHelper.f8]
################################################################################################################################################
[ReportManager] Loaded Shared OpenCV @27-05-2021 03:06:15.0043 AM
[ReportManager] AssertElementExists PASSED; Expected [Element Should Exist, locator 'By.tagName: h1'] and Actual [Element Exists]. Comparison Type [EQUALS]. Validation Type [POSITIVE]. @27-05-2021 03:06:15.0127 AM
[ReportManager] Successfully created attachment [Screenshot - 1622084775043_f8_AssertElementExists_passed] @27-05-2021 03:06:15.0128 A
[ReportManager] Successfully created attachment [Selenium WebDriver Logs - server] @27-05-2021 03:06:15.0148 AM
[ReportManager] Successfully created attachment [Selenium WebDriver Logs - performance] @27-05-2021 03:06:15.0171 AM
[ReportManager] Successfully created attachment [Selenium WebDriver Logs - browser] @27-05-2021 03:06:15.0178 AM
[ReportManager] Successfully created attachment [Selenium WebDriver Logs - driver] @27-05-2021 03:06:15.0234 AM
[ReportManager] Successfully Closed All Drivers. @27-05-2021 03:06:15.0315 A
[ReportManager] File Action [getAbsolutePath] successfully performed. With the following test data [Relative Folder Path: "target/downloadedFiles/"]. @27-05-2021 03:06:15.0317 AM
[ReportManager] Attempting to run remotely on: [Linux-64], [GoogleChrome], [http://localhost:4444/wd/hub], Headless Execution. @27-05-2021 03:06:15.0317 AM
[ReportManager] Successfully Opened [GoogleChrome]. @27-05-2021 03:06:15.0544 AM
[ReportManager] Target URL: [https://the-internet.herokuapp.com/] @27-05-2021 03:06:15.0560 AM
[ReportManager] Initial URL: [data:,] @27-05-2021 03:06:15.0601 AM
[ReportManager] Browser Action [navigateToURL] successfully performed. With the following test data [https://the-internet.herokuapp.com/]. @27-05-2021 03:06:18.0194 A

################################################################################################################################################
Starting Execution:	[43 out of 141] test cases in the current suite
Test Method:		[testPackage01.Test_NewValidationHelper.f9]
################################################################################################################################################
[ReportManager] AssertElementExists FAILED; Expected [Element Should Exist, locator 'By.tagName: h3'] and Actual [Element Doesn't Exists]. Comparison Type [EQUALS]. Validation Type [POSITIVE]. @27-05-2021 03:06:48.0930 AM
[ReportManager] Successfully created attachment [Screenshot - 1622084808867_f9_AssertElementExists_failed] @27-05-2021 03:06:48.0931 A
[ReportManager] Successfully created attachment [Selenium WebDriver Logs - server] @27-05-2021 03:06:48.0950 AM
[ReportManager] Successfully created attachment [Selenium WebDriver Logs - performance] @27-05-2021 03:06:48.0978 AM
[ReportManager] Successfully created attachment [Selenium WebDriver Logs - browser] @27-05-2021 03:06:48.0985 AM
[ReportManager] Successfully created attachment [Selenium WebDriver Logs - driver] @27-05-2021 03:06:49.0058 AM
[ReportManager] Successfully Closed All Drivers. @27-05-2021 03:06:49.0139 A

################################################################################################################################################
Starting Execution:	[44 out of 141] test cases in the current suite
Test Method:		[testPackage01.Test_NewValidationHelper.forceFail]
################################################################################################################################################
[ReportManager] AssertFail FAILED; Expected [null] and Actual [null]. @27-05-2021 03:06:49.0144 A

################################################################################################################################################
Starting Execution:	[45 out of 141] test cases in the current suite
Test Method:		[testPackage01.Test_NewValidationHelper.forceFail2]
################################################################################################################################################
[ReportManager] Custom Message... @27-05-2021 03:06:49.0146 AM
[ReportManager] AssertFail FAILED; Expected [null] and Actual [null]. @27-05-2021 03:06:49.0147 A
[ReportManager] Successfully loaded the following test data file [src/test/resources/TestDataFiles/testSuite01/TestData.xlsx]. @27-05-2021 03:06:49.0789 AM
[ReportManager] Successfully created attachment [Test Data - Excel] @27-05-2021 03:06:49.0790 AM
[ReportManager] File Action [getAbsolutePath] successfully performed. With the following test data [Relative Folder Path: "target/downloadedFiles/"]. @27-05-2021 03:06:49.0790 AM
[ReportManager] Attempting to run remotely on: [Linux-64], [GoogleChrome], [http://localhost:4444/wd/hub], Headless Execution. @27-05-2021 03:06:49.0790 AM
[ReportManager] Successfully Opened [GoogleChrome]. @27-05-2021 03:06:50.0041 A

################################################################################################################################################
Starting Execution:	[46 out of 141] test cases in the current suite
Test Method:		[testPackage01.Test_google.navigateToURLandVerifyGoogleLogoIsDisplayed]
Test Description:	[TC001 - Navigate to URL and Verify Google Logo is Displayed]
################################################################################################################################################
[ReportManager] Target URL: [https://www.google.com/ncr], and after redirection: [https://www.google.com] @27-05-2021 03:06:50.0058 AM
[ReportManager] Initial URL: [data:,] @27-05-2021 03:06:50.0116 AM
[ReportManager] Browser Action [navigateToURL] successfully performed. With the following test data [https://www.google.com/ncr]. @27-05-2021 03:06:52.0001 AM
[ReportManager] AssertElementExists FAILED; Expected [Element Should Exist, locator 'By.xpath: //img[@id='hplogo' or @alt='Google']'] and Actual [Element Doesn't Exists]. Comparison Type [EQUALS]. Validation Type [POSITIVE]. @27-05-2021 03:07:22.0721 AM
[ReportManager] Successfully created attachment [Screenshot - 1622084842650_navigateToURLandVerifyGoogleLogoIsDisplayed_AssertElementExists_failed] @27-05-2021 03:07:22.0722 A

################################################################################################################################################
Starting Execution:	[47 out of 141] test cases in the current suite
Test Method:		[testPackage01.Test_google.searchForQueryandAssertResultsNumDisplayed]
Test Description:	[TC002 - Search for Query and Assert that the number of results is displayed]
###############################################################################################################################################

################################################################################################################################################
Starting Execution:	[48 out of 141] test cases in the current suite
Test Method:		[testPackage01.Test_google.clickNextThrice]
Test Description:	[TC003 - Clicks the next button to make sure that the framework can scroll element into view before clicking it]
###############################################################################################################################################
[ReportManager] Successfully created attachment [Selenium WebDriver Logs - server] @27-05-2021 03:07:22.0971 AM
[ReportManager] Successfully created attachment [Selenium WebDriver Logs - performance] @27-05-2021 03:07:23.0017 AM
[ReportManager] Successfully created attachment [Selenium WebDriver Logs - browser] @27-05-2021 03:07:23.0024 AM
[ReportManager] Successfully created attachment [Selenium WebDriver Logs - driver] @27-05-2021 03:07:23.0133 AM
[ReportManager] Browser Action [closeCurrentWindow] successfully performed. @27-05-2021 03:07:23.0194 AM
[ReportManager] Successfully created attachment [Browser Action Test Data - closeCurrentWindow - Actual Value] @27-05-2021 03:07:23.0199 A
[ReportManager] File Action [getAbsolutePath] successfully performed. With the following test data [Relative Folder Path: "target/downloadedFiles/"]. @27-05-2021 03:07:23.0200 AM
[ReportManager] Attempting to run remotely on: [Linux-64], [GoogleChrome], [http://localhost:4444/wd/hub], Headless Execution. @27-05-2021 03:07:23.0201 AM
[ReportManager] Successfully Opened [GoogleChrome]. @27-05-2021 03:07:23.0435 A

################################################################################################################################################
Starting Execution:	[49 out of 141] test cases in the current suite
Test Method:		[testPackage01.Test_dragAndDrop.dragAndDrop]
Test Description:	[TC001 - Test Drag and Drop function.]
################################################################################################################################################
[ReportManager] Target URL: [http://the-internet.herokuapp.com/drag_and_drop] @27-05-2021 03:07:23.0457 AM
[ReportManager] Initial URL: [data:,] @27-05-2021 03:07:23.0511 AM
[ReportManager] Browser Action [navigateToURL] successfully performed. With the following test data [http://the-internet.herokuapp.com/drag_and_drop]. @27-05-2021 03:07:24.0555 AM
[ReportManager] Attempting Drag and Drop @27-05-2021 03:07:24.0555 AM
[ReportManager] Element Action [dragAndDrop] successfully performed. With the following test data [Start point: (32, 89), End point: (247, 89)]. @27-05-2021 03:07:25.0791 A
[ReportManager] Successfully created attachment [Selenium WebDriver Logs - server] @27-05-2021 03:07:25.0849 AM
[ReportManager] Successfully created attachment [Selenium WebDriver Logs - performance] @27-05-2021 03:07:25.0869 AM
[ReportManager] Successfully created attachment [Selenium WebDriver Logs - browser] @27-05-2021 03:07:25.0875 AM
[ReportManager] Successfully created attachment [Selenium WebDriver Logs - driver] @27-05-2021 03:07:25.0933 AM
[ReportManager] Browser Action [closeCurrentWindow] successfully performed. @27-05-2021 03:07:25.0990 AM
[ReportManager] Successfully created attachment [Browser Action Test Data - closeCurrentWindow - Actual Value] @27-05-2021 03:07:25.0990 A
[ReportManager] File Action [getAbsolutePath] successfully performed. With the following test data [Relative Folder Path: "target/downloadedFiles/"]. @27-05-2021 03:07:25.0994 AM
[ReportManager] Attempting to run remotely on: [Linux-64], [GoogleChrome], [http://localhost:4444/wd/hub], Headless Execution. @27-05-2021 03:07:25.0994 AM
[ReportManager] Successfully Opened [GoogleChrome]. @27-05-2021 03:07:26.0230 A

################################################################################################################################################
Starting Execution:	[50 out of 141] test cases in the current suite
Test Method:		[testPackage01.Test_dragAndDrop.dragAndDropByOffset]
Test Description:	[TC002 - Test Drag and Drop by offset function.]
################################################################################################################################################
[ReportManager] Target URL: [https://jqueryui.com/resources/demos/draggable/default.html] @27-05-2021 03:07:26.0247 AM
[ReportManager] Initial URL: [data:,] @27-05-2021 03:07:26.0293 AM
[ReportManager] Browser Action [navigateToURL] successfully performed. With the following test data [https://jqueryui.com/resources/demos/draggable/default.html]. @27-05-2021 03:07:26.0961 AM
[ReportManager] Element Action [dragAndDropByOffset] successfully performed. With the following test data [Start point: (8, 8), End point: (1008, 108)]. @27-05-2021 03:07:27.0185 A
[ReportManager] Successfully created attachment [Selenium WebDriver Logs - server] @27-05-2021 03:07:27.0243 AM
[ReportManager] Successfully created attachment [Selenium WebDriver Logs - performance] @27-05-2021 03:07:27.0258 AM
[ReportManager] Successfully created attachment [Selenium WebDriver Logs - driver] @27-05-2021 03:07:27.0318 AM
[ReportManager] Browser Action [closeCurrentWindow] successfully performed. @27-05-2021 03:07:27.0376 AM
[ReportManager] Successfully created attachment [Browser Action Test Data - closeCurrentWindow - Actual Value] @27-05-2021 03:07:27.0376 A
[ReportManager] File Action [getAbsolutePath] successfully performed. With the following test data [Relative Folder Path: "target/downloadedFiles/"]. @27-05-2021 03:07:27.0378 AM
[ReportManager] Attempting to run remotely on: [Linux-64], [GoogleChrome], [http://localhost:4444/wd/hub], Headless Execution. @27-05-2021 03:07:27.0378 AM
[ReportManager] Successfully Opened [GoogleChrome]. @27-05-2021 03:07:27.0624 A

################################################################################################################################################
Starting Execution:	[51 out of 141] test cases in the current suite
Test Method:		[testPackage01.Test_dragAndDrop.dragAndDropJquery]
################################################################################################################################################
[ReportManager] Target URL: [https://jqueryui.com/resources/demos/droppable/default.html] @27-05-2021 03:07:27.0641 AM
[ReportManager] Initial URL: [data:,] @27-05-2021 03:07:27.0698 AM
[ReportManager] Browser Action [navigateToURL] successfully performed. With the following test data [https://jqueryui.com/resources/demos/droppable/default.html]. @27-05-2021 03:07:28.0319 AM
[ReportManager] Element Action [getText] successfully performed. With the following test data [Drop here]. @27-05-2021 03:07:28.0403 AM
[ReportManager] Element Action [dragAndDrop] successfully performed. With the following test data [Start point: (8, 18), End point: (8, 18)]. @27-05-2021 03:07:29.0770 AM
[ReportManager] Element Action [getText] successfully performed. With the following test data [Dropped!]. @27-05-2021 03:07:29.0850 AM
[ReportManager] Checking to see if the text has changed after performing drag and drop... @27-05-2021 03:07:29.0850 AM
[ReportManager] AssertEquals PASSED; Expected [Drop here] and Actual [Dropped!]. Comparison Type [EQUALS]. Validation Type [NEGATIVE]. @27-05-2021 03:07:29.0851 A
[ReportManager] Successfully created attachment [Selenium WebDriver Logs - server] @27-05-2021 03:07:29.0917 AM
[ReportManager] Successfully created attachment [Selenium WebDriver Logs - performance] @27-05-2021 03:07:29.0934 AM
[ReportManager] Successfully created attachment [Selenium WebDriver Logs - driver] @27-05-2021 03:07:30.0014 AM
[ReportManager] Browser Action [closeCurrentWindow] successfully performed. @27-05-2021 03:07:30.0083 AM
[ReportManager] Successfully created attachment [Browser Action Test Data - closeCurrentWindow - Actual Value] @27-05-2021 03:07:30.0084 A

################################################################################################################################################
Starting Execution:	[52 out of 141] test cases in the current suite
Test Method:		[testPackage01.Test_JsonCompareWithSpecialCharacters.specialCharacters]
################################################################################################################################################
[ReportManager] File Action [getAbsolutePath] successfully performed. With the following test data [Relative Folder Path: "src/test/resources/TestJsonFiles/specialCharacters.json"]. @27-05-2021 03:07:30.0538 AM
[ReportManager] File Action [readFromFile] successfully performed. With the following test data [File Path: "/home/runner/work/SHAFT_ENGINE/SHAFT_ENGINE/src/test/resources/TestJsonFiles/specialCharacters.json"]. @27-05-2021 03:07:30.0545 AM
[ReportManager] Successfully created attachment [File Action Actual Result - Command Log] @27-05-2021 03:07:30.0545 AM
[ReportManager] Comparing the provided API response with the file at this path "src/test/resources/TestJsonFiles/specialCharacters.json", comparison type "EQUALS" @27-05-2021 03:07:30.0942 AM
[ReportManager] API Action [compareJSON] successfully performed. With the following test data [src/test/resources/TestJsonFiles/specialCharacters.json]. @27-05-2021 03:07:31.0114 AM
[ReportManager] File Action [getAbsolutePath] successfully performed. With the following test data [Relative Folder Path: "src/test/resources/TestJsonFiles/specialCharacters.json"]. @27-05-2021 03:07:31.0115 AM
[ReportManager] File Action [readFromFile] successfully performed. With the following test data [File Path: "/home/runner/work/SHAFT_ENGINE/SHAFT_ENGINE/src/test/resources/TestJsonFiles/specialCharacters.json"]. @27-05-2021 03:07:31.0115 AM
[ReportManager] VerifyJSONFileContent PASSED; Expected [Response data should match the JSON File in this path 'src/test/resources/TestJsonFiles/specialCharacters.json'] and Actual [TRUE]. Comparison Type [EQUALS]. Validation Type [POSITIVE]. @27-05-2021 03:07:31.0129 AM
[ReportManager] Successfully created attachment [Validation Test Data - Expected JSON Value] @27-05-2021 03:07:31.0378 AM
[ReportManager] Successfully created attachment [Validation Test Data - Actual JSON Value] @27-05-2021 03:07:31.0379 A

################################################################################################################################################
Starting Execution:	[53 out of 141] test cases in the current suite
Test Method:		[testPackage01.Test_JsonCompareWithSpecialCharacters.specialCharacters_assertion]
################################################################################################################################################
[ReportManager] File Action [getAbsolutePath] successfully performed. With the following test data [Relative Folder Path: "src/test/resources/TestJsonFiles/specialCharacters.json"]. @27-05-2021 03:07:31.0384 AM
[ReportManager] File Action [readFromFile] successfully performed. With the following test data [File Path: "/home/runner/work/SHAFT_ENGINE/SHAFT_ENGINE/src/test/resources/TestJsonFiles/specialCharacters.json"]. @27-05-2021 03:07:31.0385 AM
[ReportManager] Successfully created attachment [File Action Actual Result - Command Log] @27-05-2021 03:07:31.0386 AM
[ReportManager] trying out the log message... @27-05-2021 03:07:31.0386 AM
[ReportManager] Comparing the provided API response with the file at this path "src/test/resources/TestJsonFiles/specialCharacters.json", comparison type "CONTAINS" @27-05-2021 03:07:31.0386 AM
[ReportManager] API Action [compareJSON] successfully performed. With the following test data [src/test/resources/TestJsonFiles/specialCharacters.json]. @27-05-2021 03:07:31.0402 AM
[ReportManager] File Action [getAbsolutePath] successfully performed. With the following test data [Relative Folder Path: "src/test/resources/TestJsonFiles/specialCharacters.json"]. @27-05-2021 03:07:31.0402 AM
[ReportManager] File Action [readFromFile] successfully performed. With the following test data [File Path: "/home/runner/work/SHAFT_ENGINE/SHAFT_ENGINE/src/test/resources/TestJsonFiles/specialCharacters.json"]. @27-05-2021 03:07:31.0402 AM
[ReportManager] AssertJSONFileContent PASSED; Expected [Response data should match the JSON File in this path 'src/test/resources/TestJsonFiles/specialCharacters.json'] and Actual [TRUE]. Comparison Type [CONTAINS]. Validation Type [POSITIVE]. @27-05-2021 03:07:31.0406 AM
[ReportManager] Successfully created attachment [Validation Test Data - Expected JSON Value] @27-05-2021 03:07:31.0409 AM
[ReportManager] Successfully created attachment [Validation Test Data - Actual JSON Value] @27-05-2021 03:07:31.0410 A

################################################################################################################################################
Starting Execution:	[54 out of 141] test cases in the current suite
Test Method:		[testPackage01.Test_chainableElementActions.chainElementActions]
################################################################################################################################################
[ReportManager] File Action [getAbsolutePath] successfully performed. With the following test data [Relative Folder Path: "target/downloadedFiles/"]. @27-05-2021 03:07:31.0415 AM
[ReportManager] Attempting to run remotely on: [Linux-64], [GoogleChrome], [http://localhost:4444/wd/hub], Headless Execution. @27-05-2021 03:07:31.0415 AM
[ReportManager] Successfully Opened [GoogleChrome]. @27-05-2021 03:07:31.0787 AM
[ReportManager] Target URL: [https://www.google.com/ncr], and after redirection: [https://www.google.com] @27-05-2021 03:07:31.0828 AM
[ReportManager] Initial URL: [data:,] @27-05-2021 03:07:31.0887 AM
[ReportManager] Browser Action [navigateToURL] successfully performed. With the following test data [https://www.google.com/ncr]. @27-05-2021 03:07:33.0986 AM
[ReportManager] Element Action [type] successfully performed. With the following test data [chained type 1]. @27-05-2021 03:07:34.0558 AM
[ReportManager] Element Action [type] successfully performed. With the following test data [chained type 2]. @27-05-2021 03:07:35.0109 AM
[ReportManager] Element Action [typeAppend] successfully performed. With the following test data [345]. @27-05-2021 03:07:35.0249 AM
[ReportManager] Element Action [getText] successfully performed. With the following test data [chained type 2345]. @27-05-2021 03:07:35.0388 AM
[ReportManager] Loaded Shared OpenCV @27-05-2021 03:07:35.0585 AM
[ReportManager] AssertElementAttribute PASSED; Expected [Value Should be 'chained type 2345' for the 'text' attribute, element locator 'By.name: q'] and Actual [chained type 2345]. Comparison Type [EQUALS]. Validation Type [POSITIVE]. @27-05-2021 03:07:35.0674 AM
[ReportManager] Successfully created attachment [Screenshot - 1622084855585_chainElementActions_AssertElementAttribute_passed] @27-05-2021 03:07:35.0675 AM
[ReportManager] Successfully created attachment [Selenium WebDriver Logs - server] @27-05-2021 03:07:35.0897 AM
[ReportManager] Successfully created attachment [Selenium WebDriver Logs - performance] @27-05-2021 03:07:36.0070 AM
[ReportManager] Successfully created attachment [Selenium WebDriver Logs - browser] @27-05-2021 03:07:36.0081 AM
[ReportManager] Successfully created attachment [Selenium WebDriver Logs - driver] @27-05-2021 03:07:36.0305 AM
[ReportManager] Browser Action [closeCurrentWindow] successfully performed. @27-05-2021 03:07:36.0365 AM
[ReportManager] Successfully created attachment [Browser Action Test Data - closeCurrentWindow - Actual Value] @27-05-2021 03:07:36.0371 A

################################################################################################################################################
Starting Execution:	[55 out of 141] test cases in the current suite
Test Method:		[testPackage01.Test_testData.f]
################################################################################################################################################
[ReportManager] Successfully loaded the following test data file [src/test/resources/TestDataFiles/testSuite01/TestData.xlsx]. @27-05-2021 03:07:36.0462 AM
[ReportManager] Successfully created attachment [Test Data - Excel] @27-05-2021 03:07:36.0463 AM
[ReportManager] Last Column Number is: [3]. Zero-based. @27-05-2021 03:07:36.0480 A
[ReportManager] File Action [getAbsolutePath] successfully performed. With the following test data [Relative Folder Path: "target/downloadedFiles/"]. @27-05-2021 03:07:36.0491 AM
[ReportManager] Attempting to run remotely on: [Linux-64], [GoogleChrome], [http://localhost:4444/wd/hub], Headless Execution. @27-05-2021 03:07:36.0498 AM
[ReportManager] Successfully Opened [GoogleChrome]. @27-05-2021 03:07:36.0779 A

################################################################################################################################################
Starting Execution:	[56 out of 141] test cases in the current suite
Test Method:		[testPackage01.Test_dynamicLoading.dynamicLoading_elementIsHidden]
################################################################################################################################################
[ReportManager] Target URL: [https://the-internet.herokuapp.com/dynamic_loading/1] @27-05-2021 03:07:36.0798 AM
[ReportManager] Initial URL: [data:,] @27-05-2021 03:07:36.0850 AM
[ReportManager] Browser Action [navigateToURL] successfully performed. With the following test data [https://the-internet.herokuapp.com/dynamic_loading/1]. @27-05-2021 03:07:39.0505 AM
[ReportManager] Element Action [click] successfully performed. With the following test data [Start]. @27-05-2021 03:07:39.0892 AM
[ReportManager] Element Action [getText] successfully performed. With the following test data [
    Hello World!
  ]. @27-05-2021 03:07:40.0019 AM
[ReportManager] Loaded Shared OpenCV @27-05-2021 03:07:40.0206 AM
[ReportManager] AssertElementAttribute PASSED; Expected [Value Should be 'Hello World!' for the 'text' attribute, element locator 'By.id: finish'] and Actual [
    Hello World!
  ]. Comparison Type [CONTAINS]. Validation Type [POSITIVE]. @27-05-2021 03:07:40.0296 AM
[ReportManager] Successfully created attachment [Screenshot - 1622084860206_dynamicLoading_elementIsHidden_AssertElementAttribute_passed] @27-05-2021 03:07:40.0297 A
[ReportManager] Successfully created attachment [Selenium WebDriver Logs - server] @27-05-2021 03:07:40.0346 AM
[ReportManager] Successfully created attachment [Selenium WebDriver Logs - performance] @27-05-2021 03:07:40.0375 AM
[ReportManager] Successfully created attachment [Selenium WebDriver Logs - browser] @27-05-2021 03:07:40.0387 AM
[ReportManager] Successfully created attachment [Selenium WebDriver Logs - driver] @27-05-2021 03:07:40.0543 AM
[ReportManager] Browser Action [closeCurrentWindow] successfully performed. @27-05-2021 03:07:40.0599 AM
[ReportManager] Successfully created attachment [Browser Action Test Data - closeCurrentWindow - Actual Value] @27-05-2021 03:07:40.0599 A
[ReportManager] File Action [getAbsolutePath] successfully performed. With the following test data [Relative Folder Path: "target/downloadedFiles/"]. @27-05-2021 03:07:40.0605 AM
[ReportManager] Attempting to run remotely on: [Linux-64], [GoogleChrome], [http://localhost:4444/wd/hub], Headless Execution. @27-05-2021 03:07:40.0605 AM
[ReportManager] Successfully Opened [GoogleChrome]. @27-05-2021 03:07:40.0833 A

################################################################################################################################################
Starting Execution:	[57 out of 141] test cases in the current suite
Test Method:		[testPackage01.Test_dynamicLoading.dynamicLoading_elementIsRendered]
################################################################################################################################################
[ReportManager] Target URL: [https://the-internet.herokuapp.com/dynamic_loading/2] @27-05-2021 03:07:40.0869 AM
[ReportManager] Initial URL: [data:,] @27-05-2021 03:07:40.0914 AM
[ReportManager] Browser Action [navigateToURL] successfully performed. With the following test data [https://the-internet.herokuapp.com/dynamic_loading/2]. @27-05-2021 03:07:43.0585 AM
[ReportManager] Element Action [click] successfully performed. With the following test data [Start]. @27-05-2021 03:07:43.0963 AM
[ReportManager] Element Action [getText] successfully performed. With the following test data [Hello World!]. @27-05-2021 03:07:49.0128 AM
[ReportManager] Loaded Shared OpenCV @27-05-2021 03:07:49.0255 AM
[ReportManager] AssertElementAttribute PASSED; Expected [Value Should be 'Hello World!' for the 'text' attribute, element locator 'By.id: finish'] and Actual [Hello World!]. Comparison Type [CONTAINS]. Validation Type [POSITIVE]. @27-05-2021 03:07:49.0328 AM
[ReportManager] Successfully created attachment [Screenshot - 1622084869255_dynamicLoading_elementIsRendered_AssertElementAttribute_passed] @27-05-2021 03:07:49.0329 A
[ReportManager] Successfully created attachment [Selenium WebDriver Logs - server] @27-05-2021 03:07:49.0379 AM
[ReportManager] Successfully created attachment [Selenium WebDriver Logs - performance] @27-05-2021 03:07:49.0402 AM
[ReportManager] Successfully created attachment [Selenium WebDriver Logs - browser] @27-05-2021 03:07:49.0407 AM
[ReportManager] Successfully created attachment [Selenium WebDriver Logs - driver] @27-05-2021 03:07:49.0504 AM
[ReportManager] Browser Action [closeCurrentWindow] successfully performed. @27-05-2021 03:07:49.0572 AM
[ReportManager] Successfully created attachment [Browser Action Test Data - closeCurrentWindow - Actual Value] @27-05-2021 03:07:49.0572 A
[ReportManager] File Action [getAbsolutePath] successfully performed. With the following test data [Relative Folder Path: "target/downloadedFiles/"]. @27-05-2021 03:07:49.0574 AM
[ReportManager] Attempting to run remotely on: [Linux-64], [GoogleChrome], [http://localhost:4444/wd/hub], Headless Execution. @27-05-2021 03:07:49.0576 AM
[ReportManager] Successfully Opened [GoogleChrome]. @27-05-2021 03:07:49.0804 A

################################################################################################################################################
Starting Execution:	[58 out of 141] test cases in the current suite
Test Method:		[testPackage01.Test_IsElementClickable.testIsElementClickable]
################################################################################################################################################
[ReportManager] Target URL: [https://the-internet.herokuapp.com/] @27-05-2021 03:07:49.0820 AM
[ReportManager] Initial URL: [data:,] @27-05-2021 03:07:49.0863 AM
[ReportManager] Browser Action [navigateToURL] successfully performed. With the following test data [https://the-internet.herokuapp.com/]. @27-05-2021 03:07:52.0548 AM
[ReportManager] Element Action [isElementClickable] successfully performed. @27-05-2021 03:07:52.0698 AM
[ReportManager] AssertTrue PASSED; Expected [TRUE] and Actual [TRUE]. Validation Type [POSITIVE]. @27-05-2021 03:07:52.0698 A
[ReportManager] Successfully created attachment [Selenium WebDriver Logs - server] @27-05-2021 03:07:52.0754 AM
[ReportManager] Successfully created attachment [Selenium WebDriver Logs - performance] @27-05-2021 03:07:52.0775 AM
[ReportManager] Successfully created attachment [Selenium WebDriver Logs - browser] @27-05-2021 03:07:52.0782 AM
[ReportManager] Successfully created attachment [Selenium WebDriver Logs - driver] @27-05-2021 03:07:52.0844 AM
[ReportManager] Browser Action [closeCurrentWindow] successfully performed. @27-05-2021 03:07:52.0900 AM
[ReportManager] Successfully created attachment [Browser Action Test Data - closeCurrentWindow - Actual Value] @27-05-2021 03:07:52.0901 A
[ReportManager] File Action [getAbsolutePath] successfully performed. With the following test data [Relative Folder Path: "target/downloadedFiles/"]. @27-05-2021 03:07:52.0902 AM
[ReportManager] Attempting to run remotely on: [Linux-64], [GoogleChrome], [http://localhost:4444/wd/hub], Headless Execution. @27-05-2021 03:07:52.0902 AM
[ReportManager] Successfully Opened [GoogleChrome]. @27-05-2021 03:07:53.0110 A

################################################################################################################################################
Starting Execution:	[59 out of 141] test cases in the current suite
Test Method:		[testPackage01.Test_clipboardActions.typeTextAndCopyPaste]
################################################################################################################################################
[ReportManager] Target URL: [https://www.google.com/ncr], and after redirection: [https://www.google.com] @27-05-2021 03:07:53.0132 AM
[ReportManager] Initial URL: [data:,] @27-05-2021 03:07:53.0217 AM
[ReportManager] Browser Action [navigateToURL] successfully performed. With the following test data [https://www.google.com/ncr]. @27-05-2021 03:07:55.0061 AM
[ReportManager] Element Action [type] successfully performed. With the following test data [FIRST]. @27-05-2021 03:07:55.0546 AM
[ReportManager] Element Action [clipboardActions] successfully performed. With the following test data [select all]. @27-05-2021 03:07:55.0628 AM
[ReportManager] Element Action [clipboardActions] successfully performed. With the following test data [copy]. @27-05-2021 03:07:55.0707 AM
[ReportManager] Element Action [clipboardActions] successfully performed. With the following test data [unselect]. @27-05-2021 03:07:55.0781 AM
[ReportManager] Element Action [clipboardActions] successfully performed. With the following test data [paste]. @27-05-2021 03:07:55.0856 AM
[ReportManager] Element Action [clipboardActions] successfully performed. With the following test data [select all]. @27-05-2021 03:07:55.0929 AM
[ReportManager] Element Action [clipboardActions] successfully performed. With the following test data [cut]. @27-05-2021 03:07:56.0014 AM
[ReportManager] Element Action [clipboardActions] successfully performed. With the following test data [paste]. @27-05-2021 03:07:56.0108 AM
[ReportManager] Element Action [clipboardActions] successfully performed. With the following test data [paste]. @27-05-2021 03:07:56.0199 A
[ReportManager] Successfully created attachment [Selenium WebDriver Logs - server] @27-05-2021 03:07:56.0434 AM
[ReportManager] Successfully created attachment [Selenium WebDriver Logs - performance] @27-05-2021 03:07:56.0526 AM
[ReportManager] Successfully created attachment [Selenium WebDriver Logs - browser] @27-05-2021 03:07:56.0537 AM
[ReportManager] Successfully created attachment [Selenium WebDriver Logs - driver] @27-05-2021 03:07:56.0737 AM
[ReportManager] Browser Action [closeCurrentWindow] successfully performed. @27-05-2021 03:07:56.0794 AM
[ReportManager] Successfully created attachment [Browser Action Test Data - closeCurrentWindow - Actual Value] @27-05-2021 03:07:56.0820 A

################################################################################################################################################
Starting Execution:	[60 out of 141] test cases in the current suite
Test Method:		[testPackage01.Test_JSONFileManager.readStringFromJson]
################################################################################################################################################
[ReportManager] Successfully loaded the following test data file [src/test/resources/TestDataFiles/simpleJSON.json]. @27-05-2021 03:07:56.0831 AM
[ReportManager] Successfully created attachment [Test Data - JSON] @27-05-2021 03:07:56.0832 AM
[ReportManager] AssertEquals PASSED; Expected [Mohab Mohie] and Actual [Mohab Mohie]. Comparison Type [EQUALS]. Validation Type [POSITIVE]. @27-05-2021 03:07:57.0757 A
[ReportManager] File Action [getAbsolutePath] successfully performed. With the following test data [Relative Folder Path: "target/downloadedFiles/"]. @27-05-2021 03:07:57.0761 AM
[ReportManager] Attempting to run remotely on: [Linux-64], [GoogleChrome], [http://localhost:4444/wd/hub], Headless Execution. @27-05-2021 03:07:57.0762 AM
[ReportManager] Successfully Opened [GoogleChrome]. @27-05-2021 03:07:58.0126 A

################################################################################################################################################
Starting Execution:	[61 out of 141] test cases in the current suite
Test Method:		[testPackage01.Test_uploadFile.uploadFile_invisibleUploadInput]
################################################################################################################################################
[ReportManager] Target URL: [https://fineuploader.com/demos.html#gallery-view] @27-05-2021 03:07:58.0142 AM
[ReportManager] Initial URL: [data:,] @27-05-2021 03:07:58.0199 AM
[ReportManager] Browser Action [navigateToURL] successfully performed. With the following test data [https://fineuploader.com/demos.html#gallery-view]. @27-05-2021 03:08:01.0255 AM
[ReportManager] File Action [getAbsolutePath] successfully performed. With the following test data [Relative File Path: "src/main/resources/images/shaft.png"]. @27-05-2021 03:08:01.0255 AM
[ReportManager] Successfully created attachment [File Action Actual Result - Command Log] @27-05-2021 03:08:01.0255 AM
[ReportManager] Element Action [typeFileLocationForUpload] successfully performed. With the following test data [/home/runner/work/SHAFT_ENGINE/SHAFT_ENGINE/src/main/resources/images/shaft.png]. @27-05-2021 03:08:01.0507 AM
[ReportManager] Attempting to getAttribute [src] from elementLocator [By.xpath: //div[@id='fine-uploader-gallery']//div[@class='qq-thumbnail-wrapper']/img]. @27-05-2021 03:08:01.0508 AM
[ReportManager] Element Action [getAttribute] successfully performed. @27-05-2021 03:08:01.0638 AM
[ReportManager] Successfully created attachment [Element Action Test Data - getAttribute - Actual Value] @27-05-2021 03:08:01.0639 AM
[ReportManager] Loaded Shared OpenCV @27-05-2021 03:08:01.0824 AM
[ReportManager] AssertElementAttribute PASSED; Expected and Actual values are attached. Comparison Type [CONTAINS]. Validation Type [POSITIVE]. @27-05-2021 03:08:01.0913 AM
[ReportManager] Successfully created attachment [Validation Test Data - Expected Value] @27-05-2021 03:08:01.0914 AM
[ReportManager] Successfully created attachment [Validation Test Data - Actual Value] @27-05-2021 03:08:01.0914 AM
[ReportManager] Successfully created attachment [Screenshot - 1622084881824_uploadFile_invisibleUploadInput_AssertElementAttribute_passed] @27-05-2021 03:08:01.0915 A
[ReportManager] Successfully created attachment [Selenium WebDriver Logs - server] @27-05-2021 03:08:02.0021 AM
[ReportManager] Successfully created attachment [Selenium WebDriver Logs - performance] @27-05-2021 03:08:02.0178 AM
[ReportManager] Successfully created attachment [Selenium WebDriver Logs - browser] @27-05-2021 03:08:02.0194 AM
[ReportManager] Successfully created attachment [Selenium WebDriver Logs - driver] @27-05-2021 03:08:02.0383 AM
[ReportManager] Browser Action [closeCurrentWindow] successfully performed. @27-05-2021 03:08:02.0443 AM
[ReportManager] Successfully created attachment [Browser Action Test Data - closeCurrentWindow - Actual Value] @27-05-2021 03:08:02.0444 A
[ReportManager] File Action [getAbsolutePath] successfully performed. With the following test data [Relative Folder Path: "target/downloadedFiles/"]. @27-05-2021 03:08:02.0464 AM
[ReportManager] Attempting to run remotely on: [Linux-64], [GoogleChrome], [http://localhost:4444/wd/hub], Headless Execution. @27-05-2021 03:08:02.0464 AM
[ReportManager] Successfully Opened [GoogleChrome]. @27-05-2021 03:08:02.0714 A

################################################################################################################################################
Starting Execution:	[62 out of 141] test cases in the current suite
Test Method:		[testPackage01.Test_uploadFile.uploadFile_visibleUploadInput]
################################################################################################################################################
[ReportManager] Target URL: [http://demo.guru99.com/test/upload/] @27-05-2021 03:08:02.0735 AM
[ReportManager] Initial URL: [data:,] @27-05-2021 03:08:02.0774 AM
[ReportManager] Browser Action [navigateToURL] successfully performed. With the following test data [http://demo.guru99.com/test/upload/]. @27-05-2021 03:08:03.0995 AM
[ReportManager] File Action [getAbsolutePath] successfully performed. With the following test data [Relative File Path: "src/main/resources/images/shaft.png"]. @27-05-2021 03:08:03.0996 AM
[ReportManager] Successfully created attachment [File Action Actual Result - Command Log] @27-05-2021 03:08:03.0996 AM
[ReportManager] Element Action [typeFileLocationForUpload] successfully performed. With the following test data [/home/runner/work/SHAFT_ENGINE/SHAFT_ENGINE/src/main/resources/images/shaft.png]. @27-05-2021 03:08:04.0164 AM
[ReportManager] Element Action [click] successfully performed. With the following test data [on]. @27-05-2021 03:08:04.0507 AM
[ReportManager] Element Action [click] successfully performed. With the following test data [Submit File]. @27-05-2021 03:08:04.0805 AM
[ReportManager] Element Action [getText] successfully performed. With the following test data [1 file
has been successfully uploaded.]. @27-05-2021 03:08:05.0453 AM
[ReportManager] Loaded Shared OpenCV @27-05-2021 03:08:05.0589 AM
[ReportManager] AssertElementAttribute PASSED; Expected [Value Should be '1 file' for the 'Text' attribute, element locator 'By.id: res'] and Actual [1 file
has been successfully uploaded.]. Comparison Type [CONTAINS]. Validation Type [POSITIVE]. @27-05-2021 03:08:05.0667 AM
[ReportManager] Successfully created attachment [Screenshot - 1622084885589_uploadFile_visibleUploadInput_AssertElementAttribute_passed] @27-05-2021 03:08:05.0668 A
[ReportManager] Successfully created attachment [Selenium WebDriver Logs - server] @27-05-2021 03:08:05.0723 AM
[ReportManager] Successfully created attachment [Selenium WebDriver Logs - performance] @27-05-2021 03:08:05.0766 AM
[ReportManager] Successfully created attachment [Selenium WebDriver Logs - browser] @27-05-2021 03:08:05.0773 AM
[ReportManager] Successfully created attachment [Selenium WebDriver Logs - driver] @27-05-2021 03:08:05.0952 AM
[ReportManager] Browser Action [closeCurrentWindow] successfully performed. @27-05-2021 03:08:06.0008 AM
[ReportManager] Successfully created attachment [Browser Action Test Data - closeCurrentWindow - Actual Value] @27-05-2021 03:08:06.0009 A

################################################################################################################################################
Starting Execution:	[63 out of 141] test cases in the current suite
Test Method:		[testPackage01.Test_AssertApiResponseEquals.assertApiResponseEquals_expectedToPass]
################################################################################################################################################
[ReportManager] Response status code: [200], status line: [HTTP/1.1 200 OK] @27-05-2021 03:08:07.0034 AM
[ReportManager] Evaluating the actual response status code against the expected one...... @27-05-2021 03:08:07.0034 AM
[ReportManager] AssertEquals PASSED; Expected [200] and Actual [200]. Comparison Type [EQUALS]. Validation Type [POSITIVE]. @27-05-2021 03:08:07.0034 AM
[ReportManager] API Action [performRequest] successfully performed. With the following test data [Request Type: "GET" | Target Status Code: "200" | Service URL: "https://jsonplaceholder.typicode.com/users" | Content Type: "*/*" | Response Time: "628ms"]. @27-05-2021 03:08:07.0166 AM
[ReportManager] Successfully created attachment [API Response - JSON Body] @27-05-2021 03:08:07.0167 AM
[ReportManager] API Action [getResponseJSONValueAsList] successfully performed. With the following test data [$]. @27-05-2021 03:08:07.0185 AM
[ReportManager] API Action [getResponseJSONValue] successfully performed. With the following test data [name]. @27-05-2021 03:08:07.0212 AM
[ReportManager] API Action [getResponseJSONValue] successfully performed. With the following test data [email]. @27-05-2021 03:08:07.0230 AM
[ReportManager] VerifyApiResponseEquals PASSED; Expected [Sincere@april.biz] and Actual [Sincere@april.biz]. Comparison Type [EQUALS]. Validation Type [POSITIVE]. @27-05-2021 03:08:07.0230 AM
[ReportManager] API Action [getResponseJSONValue] successfully performed. With the following test data [username]. @27-05-2021 03:08:07.0242 AM
[ReportManager] AssertApiResponseEquals PASSED; Expected [Bret] and Actual [Bret]. Comparison Type [EQUALS]. Validation Type [POSITIVE]. @27-05-2021 03:08:07.0242 AM
[ReportManager] API Action [getResponseJSONValue] successfully performed. With the following test data [name]. @27-05-2021 03:08:07.0251 AM
[ReportManager] API Action [getResponseJSONValue] successfully performed. With the following test data [name]. @27-05-2021 03:08:07.0260 AM
[ReportManager] API Action [getResponseJSONValue] successfully performed. With the following test data [name]. @27-05-2021 03:08:07.0268 AM
[ReportManager] API Action [getResponseJSONValue] successfully performed. With the following test data [name]. @27-05-2021 03:08:07.0276 AM
[ReportManager] API Action [getResponseJSONValue] successfully performed. With the following test data [name]. @27-05-2021 03:08:07.0285 AM
[ReportManager] API Action [getResponseJSONValue] successfully performed. With the following test data [name]. @27-05-2021 03:08:07.0293 AM
[ReportManager] API Action [getResponseJSONValue] successfully performed. With the following test data [name]. @27-05-2021 03:08:07.0301 AM
[ReportManager] API Action [getResponseJSONValue] successfully performed. With the following test data [name]. @27-05-2021 03:08:07.0309 AM
[ReportManager] API Action [getResponseJSONValue] successfully performed. With the following test data [name]. @27-05-2021 03:08:07.0316 A
[ReportManager] File Action [getAbsolutePath] successfully performed. With the following test data [Relative Folder Path: "target/downloadedFiles/"]. @27-05-2021 03:08:07.0323 AM
[ReportManager] Attempting to run remotely on: [Linux-64], [GoogleChrome], [http://localhost:4444/wd/hub], Headless Execution. @27-05-2021 03:08:07.0323 AM
[ReportManager] Successfully Opened [GoogleChrome]. @27-05-2021 03:08:07.0598 A

################################################################################################################################################
Starting Execution:	[64 out of 141] test cases in the current suite
Test Method:		[testPackage01.Test_assertEquals.test_assertElementAttribute]
################################################################################################################################################
[ReportManager] Target URL: [https://www.google.com/ncr], and after redirection: [https://www.google.com] @27-05-2021 03:08:07.0618 AM
[ReportManager] Initial URL: [data:,] @27-05-2021 03:08:07.0663 AM
[ReportManager] Browser Action [navigateToURL] successfully performed. With the following test data [https://www.google.com/ncr]. @27-05-2021 03:08:09.0631 AM
[ReportManager] Element Action [type] successfully performed. With the following test data [INC_004010050:Another SCHEDULER with the same name [Duplicate Job Name] already exists.]. @27-05-2021 03:08:11.0609 AM
[ReportManager] Element Action [getText] successfully performed. With the following test data [INC_004010050:Another SCHEDULER with the same name [Duplicate Job Name] already exists.]. @27-05-2021 03:08:11.0721 AM
[ReportManager] Loaded Shared OpenCV @27-05-2021 03:08:11.0934 AM
[ReportManager] AssertElementAttribute PASSED; Expected [Value Should be 'INC_004010050:Another SCHEDULER with the same name \[Duplicate Job Name\] already exists.' for the 'text' attribute, element locator 'By.name: q'] and Actual [INC_004010050:Another SCHEDULER with the same name [Duplicate Job Name] already exists.]. Comparison Type [MATCHES]. Validation Type [POSITIVE]. @27-05-2021 03:08:12.0021 AM
[ReportManager] Successfully created attachment [Screenshot - 1622084891934_test_assertElementAttribute_AssertElementAttribute_passed] @27-05-2021 03:08:12.0022 A
[ReportManager] Successfully created attachment [Selenium WebDriver Logs - server] @27-05-2021 03:08:12.0222 AM
[ReportManager] Successfully created attachment [Selenium WebDriver Logs - performance] @27-05-2021 03:08:12.0644 AM
[ReportManager] Successfully created attachment [Selenium WebDriver Logs - browser] @27-05-2021 03:08:12.0665 AM
[ReportManager] Successfully created attachment [Selenium WebDriver Logs - driver] @27-05-2021 03:08:12.0963 AM
[ReportManager] Browser Action [closeCurrentWindow] successfully performed. @27-05-2021 03:08:13.0022 AM
[ReportManager] Successfully created attachment [Browser Action Test Data - closeCurrentWindow - Actual Value] @27-05-2021 03:08:13.0026 A
[ReportManager] File Action [getAbsolutePath] successfully performed. With the following test data [Relative Folder Path: "target/downloadedFiles/"]. @27-05-2021 03:08:13.0028 AM
[ReportManager] Attempting to run remotely on: [Linux-64], [GoogleChrome], [http://localhost:4444/wd/hub], Headless Execution. @27-05-2021 03:08:13.0028 AM
[ReportManager] Successfully Opened [GoogleChrome]. @27-05-2021 03:08:13.0232 A

################################################################################################################################################
Starting Execution:	[65 out of 141] test cases in the current suite
Test Method:		[testPackage01.Test_verifyEquals.test_assertElementAttribute]
################################################################################################################################################
[ReportManager] Target URL: [https://www.google.com/ncr], and after redirection: [https://www.google.com] @27-05-2021 03:08:13.0247 AM
[ReportManager] Initial URL: [data:,] @27-05-2021 03:08:13.0286 AM
[ReportManager] Browser Action [navigateToURL] successfully performed. With the following test data [https://www.google.com/ncr]. @27-05-2021 03:08:15.0173 AM
[ReportManager] Element Action [type] successfully performed. With the following test data [INC_004010050:Another SCHEDULER with the same name [Duplicate Job Name] already exists.]. @27-05-2021 03:08:16.0929 AM
[ReportManager] Element Action [getText] successfully performed. With the following test data [INC_004010050:Another SCHEDULER with the same name [Duplicate Job Name] already exists.]. @27-05-2021 03:08:17.0097 AM
[ReportManager] Loaded Shared OpenCV @27-05-2021 03:08:17.0280 AM
[ReportManager] VerifyElementAttribute PASSED; Expected [Value Should be 'INC_004010050:Another SCHEDULER with the same name \[Duplicate Job Name\] already exists.' for the 'text' attribute, element locator 'By.name: q'] and Actual [INC_004010050:Another SCHEDULER with the same name [Duplicate Job Name] already exists.]. Comparison Type [MATCHES]. Validation Type [POSITIVE]. @27-05-2021 03:08:17.0354 AM
[ReportManager] Successfully created attachment [Screenshot - 1622084897280_test_assertElementAttribute_VerifyElementAttribute_passed] @27-05-2021 03:08:17.0355 A
[ReportManager] Successfully created attachment [Selenium WebDriver Logs - server] @27-05-2021 03:08:17.0543 AM
[ReportManager] Successfully created attachment [Selenium WebDriver Logs - performance] @27-05-2021 03:08:17.0906 AM
[ReportManager] Successfully created attachment [Selenium WebDriver Logs - browser] @27-05-2021 03:08:17.0915 AM
[ReportManager] Successfully created attachment [Selenium WebDriver Logs - driver] @27-05-2021 03:08:18.0249 AM
[ReportManager] Browser Action [closeCurrentWindow] successfully performed. @27-05-2021 03:08:18.0311 AM
[ReportManager] Successfully created attachment [Browser Action Test Data - closeCurrentWindow - Actual Value] @27-05-2021 03:08:18.0314 A
[ReportManager] Successfully loaded the following test data file [src/test/resources/TestDataFiles/testSuite01/TestData.xlsx]. @27-05-2021 03:08:18.0365 AM
[ReportManager] Successfully created attachment [Test Data - Excel] @27-05-2021 03:08:18.0366 AM
[ReportManager] Attempting to run using Playwright locally on: [Linux-64], [GoogleChrome], Headless Execution. @27-05-2021 03:08:33.0208 AM
[ReportManager] File Action [getAbsolutePath] successfully performed. With the following test data [Relative Folder Path: "target/downloadedFiles/"]. @27-05-2021 03:08:33.0209 AM
[ReportManager] Initial window size: (1280, 720) @27-05-2021 03:08:33.0537 AM
[ReportManager] Window size after Toolkit: com.microsoft.playwright.options.ViewportSize@4d6c4bd5 @27-05-2021 03:08:33.0541 AM
[ReportManager] Browser Action [maximizeWindow] successfully performed. With the following test data [New screen size is now: (1920, 1080)]. @27-05-2021 03:08:33.0543 A

################################################################################################################################################
Starting Execution:	[66 out of 141] test cases in the current suite
Test Method:		[testPackage01.Test_google_playwright.navigateToURLandVerifyGoogleLogoIsDisplayed]
Test Description:	[TC001 - Navigate to URL and Verify Google Logo is Displayed]
################################################################################################################################################
[ReportManager] Target URL: [https://www.google.com/ncr], and after redirection: [https://www.google.com] @27-05-2021 03:08:33.0561 AM
[ReportManager] Initial URL: [about:blank] @27-05-2021 03:08:34.0032 AM
[ReportManager] Browser Action [navigateToURL] successfully performed. With the following test data [https://www.google.com/ncr]. @27-05-2021 03:08:35.0647 AM
[ReportManager] Element Action [getMatchingElementsCount] failed. @27-05-2021 03:08:41.0018 AM
[ReportManager] Successfully created attachment [Screenshot - 1622084920835_navigateToURLandVerifyGoogleLogoIsDisplayed_getMatchingElementsCount_failed] @27-05-2021 03:08:41.0019 A

################################################################################################################################################
Starting Execution:	[67 out of 141] test cases in the current suite
Test Method:		[testPackage01.Test_google_playwright.searchForQueryandAssertResultsNumDisplayed]
Test Description:	[TC002 - Search for Query and Assert that the number of results is displayed]
###############################################################################################################################################

################################################################################################################################################
Starting Execution:	[68 out of 141] test cases in the current suite
Test Method:		[testPackage01.Test_google_playwright.clickNextThrice]
Test Description:	[TC003 - Clicks the next button to make sure that the framework can scroll element into view before clicking it]
###############################################################################################################################################
[ReportManager] Failed to find video recording. @27-05-2021 03:08:41.0035 AM
[ReportManager] Successfully Closed PlayWright Driver. @27-05-2021 03:08:41.0090 A

################################################################################################################################################
Starting Execution:	[69 out of 141] test cases in the current suite
Test Method:		[testPackage01.Test_SkipDueToIssue.doNotSkip]
################################################################################################################################################
[ReportManager] This should not be skipped. @27-05-2021 03:08:41.0093 A

################################################################################################################################################
Starting Execution:	[70 out of 141] test cases in the current suite
Test Method:		[testPackage01.Test_SkipDueToIssue.skip]
################################################################################################################################################
[ReportManager] This should be skipped. @27-05-2021 03:08:41.0100 A

################################################################################################################################################
Starting Execution:	[71 out of 141] test cases in the current suite
Test Method:		[testPackage01.Test_SkipDueToIssue.skip2]
################################################################################################################################################
[ReportManager] This should be skipped. @27-05-2021 03:08:41.0110 A

################################################################################################################################################
Starting Execution:	[72 out of 141] test cases in the current suite
Test Method:		[testPackage01.Test_SelectedValue.multipleSelect]
################################################################################################################################################
[ReportManager] File Action [getAbsolutePath] successfully performed. With the following test data [Relative Folder Path: "target/downloadedFiles/"]. @27-05-2021 03:08:41.0132 AM
[ReportManager] Attempting to run remotely on: [Linux-64], [GoogleChrome], [http://localhost:4444/wd/hub], Headless Execution. @27-05-2021 03:08:41.0132 AM
[ReportManager] Successfully Opened [GoogleChrome]. @27-05-2021 03:08:41.0468 AM
[ReportManager] Target URL: [https://mdn.mozillademos.org/en-US/docs/Web/HTML/Element/select$samples/Advanced_select_with_multiple_features?revision=1612304] @27-05-2021 03:08:41.0478 AM
[ReportManager] Initial URL: [data:,] @27-05-2021 03:08:41.0527 AM
[ReportManager] Browser Action [navigateToURL] successfully performed. With the following test data [https://mdn.mozillademos.org/en-US/docs/Web/HTML/Element/select$samples/Advanced_select_with_multiple_features?revision=1612304]. @27-05-2021 03:08:41.0971 AM
[ReportManager] Element Action [select] successfully performed. With the following test data [Dog]. @27-05-2021 03:08:42.0221 AM
[ReportManager] Element Action [select] successfully performed. With the following test data [Cat]. @27-05-2021 03:08:42.0439 AM
[ReportManager] Element Action [getSelectedText] successfully performed. With the following test data [DogCat]. @27-05-2021 03:08:42.0591 AM
[ReportManager] DogCat @27-05-2021 03:08:42.0591 AM
[ReportManager] Element Action [getSelectedText] successfully performed. With the following test data [DogCat]. @27-05-2021 03:08:42.0717 AM
[ReportManager] Loaded Shared OpenCV @27-05-2021 03:08:42.0845 A

################################################################################################################################################
Starting Execution:	[73 out of 141] test cases in the current suite
Test Method:		[testPackage01.Test_SelectedValue.simpleSelect]
################################################################################################################################################
[ReportManager] File Action [getAbsolutePath] successfully performed. With the following test data [Relative Folder Path: "target/downloadedFiles/"]. @27-05-2021 03:08:42.0918 AM
[ReportManager] Attempting to run remotely on: [Linux-64], [GoogleChrome], [http://localhost:4444/wd/hub], Headless Execution. @27-05-2021 03:08:42.0918 AM
[ReportManager] Successfully Opened [GoogleChrome]. @27-05-2021 03:08:43.0156 AM
[ReportManager] Target URL: [https://mdn.mozillademos.org/en-US/docs/Web/HTML/Element/select$samples/Basic_select?revision=1612304] @27-05-2021 03:08:43.0166 AM
[ReportManager] Initial URL: [data:,] @27-05-2021 03:08:43.0208 AM
[ReportManager] Browser Action [navigateToURL] successfully performed. With the following test data [https://mdn.mozillademos.org/en-US/docs/Web/HTML/Element/select$samples/Basic_select?revision=1612304]. @27-05-2021 03:08:43.0579 AM
[ReportManager] Element Action [select] successfully performed. With the following test data [Third Value]. @27-05-2021 03:08:43.0865 AM
[ReportManager] Element Action [getSelectedText] successfully performed. With the following test data [Third Value]. @27-05-2021 03:08:43.0974 AM
[ReportManager] Third Value @27-05-2021 03:08:43.0974 AM
[ReportManager] Element Action [getSelectedText] successfully performed. With the following test data [Third Value]. @27-05-2021 03:08:44.0074 AM
[ReportManager] Loaded Shared OpenCV @27-05-2021 03:08:44.0192 A

################################################################################################################################################
Starting Execution:	[74 out of 141] test cases in the current suite
Test Method:		[unitTests.tests_restActions.getPostsAndAssertBodyForSpecificTitle]
################################################################################################################################################
[ReportManager] Response status code: [200], status line: [HTTP/1.1 200 OK] @27-05-2021 03:08:44.0382 AM
[ReportManager] Evaluating the actual response status code against the expected one...... @27-05-2021 03:08:44.0382 AM
[ReportManager] AssertEquals PASSED; Expected [200] and Actual [200]. Comparison Type [EQUALS]. Validation Type [POSITIVE]. @27-05-2021 03:08:44.0382 AM
[ReportManager] API Action [performRequest] successfully performed. With the following test data [Request Type: "GET" | Target Status Code: "200" | Service URL: "https://jsonplaceholder.typicode.com/posts" | Content Type: "*/*" | Response Time: "108ms"]. @27-05-2021 03:08:44.0439 AM
[ReportManager] Successfully created attachment [API Response - JSON Body] @27-05-2021 03:08:44.0440 AM
[ReportManager] API Action [getResponseJSONValueAsList] successfully performed. @27-05-2021 03:08:44.0458 AM
[ReportManager] API Action [getResponseJSONValue] successfully performed. With the following test data [title]. @27-05-2021 03:08:44.0483 AM
[ReportManager] API Action [getResponseJSONValue] successfully performed. With the following test data [title]. @27-05-2021 03:08:44.0495 AM
[ReportManager] API Action [getResponseJSONValue] successfully performed. With the following test data [body]. @27-05-2021 03:08:44.0511 AM
[ReportManager] AssertEquals PASSED; Expected [qui neque nisi nulla] and Actual [est rerum tempore vitae
sequi sint nihil reprehenderit dolor beatae ea dolores neque
fugiat blanditiis voluptate porro vel nihil molestiae ut reiciendis
qui aperiam non debitis possimus qui neque nisi nulla]. Comparison Type [CONTAINS]. Validation Type [POSITIVE]. @27-05-2021 03:08:44.0511 AM
[ReportManager] API Action [getResponseJSONValue] successfully performed. With the following test data [title]. @27-05-2021 03:08:44.0528 AM
[ReportManager] API Action [getResponseJSONValue] successfully performed. With the following test data [title]. @27-05-2021 03:08:44.0543 AM
[ReportManager] API Action [getResponseJSONValue] successfully performed. With the following test data [title]. @27-05-2021 03:08:44.0551 AM
[ReportManager] API Action [getResponseJSONValue] successfully performed. With the following test data [title]. @27-05-2021 03:08:44.0559 AM
[ReportManager] API Action [getResponseJSONValue] successfully performed. With the following test data [title]. @27-05-2021 03:08:44.0566 AM
[ReportManager] API Action [getResponseJSONValue] successfully performed. With the following test data [title]. @27-05-2021 03:08:44.0574 AM
[ReportManager] API Action [getResponseJSONValue] successfully performed. With the following test data [title]. @27-05-2021 03:08:44.0582 AM
[ReportManager] API Action [getResponseJSONValue] successfully performed. With the following test data [title]. @27-05-2021 03:08:44.0589 AM
[ReportManager] API Action [getResponseJSONValue] successfully performed. With the following test data [title]. @27-05-2021 03:08:44.0596 AM
[ReportManager] API Action [getResponseJSONValue] successfully performed. With the following test data [title]. @27-05-2021 03:08:44.0603 AM
[ReportManager] API Action [getResponseJSONValue] successfully performed. With the following test data [title]. @27-05-2021 03:08:44.0610 AM
[ReportManager] API Action [getResponseJSONValue] successfully performed. With the following test data [title]. @27-05-2021 03:08:44.0616 AM
[ReportManager] API Action [getResponseJSONValue] successfully performed. With the following test data [title]. @27-05-2021 03:08:44.0622 AM
[ReportManager] API Action [getResponseJSONValue] successfully performed. With the following test data [title]. @27-05-2021 03:08:44.0629 AM
[ReportManager] API Action [getResponseJSONValue] successfully performed. With the following test data [title]. @27-05-2021 03:08:44.0635 AM
[ReportManager] API Action [getResponseJSONValue] successfully performed. With the following test data [title]. @27-05-2021 03:08:44.0641 AM
[ReportManager] API Action [getResponseJSONValue] successfully performed. With the following test data [title]. @27-05-2021 03:08:44.0647 AM
[ReportManager] API Action [getResponseJSONValue] successfully performed. With the following test data [title]. @27-05-2021 03:08:44.0652 AM
[ReportManager] API Action [getResponseJSONValue] successfully performed. With the following test data [title]. @27-05-2021 03:08:44.0659 AM
[ReportManager] API Action [getResponseJSONValue] successfully performed. With the following test data [title]. @27-05-2021 03:08:44.0665 AM
[ReportManager] API Action [getResponseJSONValue] successfully performed. With the following test data [title]. @27-05-2021 03:08:44.0671 AM
[ReportManager] API Action [getResponseJSONValue] successfully performed. With the following test data [title]. @27-05-2021 03:08:44.0678 AM
[ReportManager] API Action [getResponseJSONValue] successfully performed. With the following test data [title]. @27-05-2021 03:08:44.0684 AM
[ReportManager] API Action [getResponseJSONValue] successfully performed. With the following test data [title]. @27-05-2021 03:08:44.0691 AM
[ReportManager] API Action [getResponseJSONValue] successfully performed. With the following test data [title]. @27-05-2021 03:08:44.0697 AM
[ReportManager] API Action [getResponseJSONValue] successfully performed. With the following test data [title]. @27-05-2021 03:08:44.0704 AM
[ReportManager] API Action [getResponseJSONValue] successfully performed. With the following test data [title]. @27-05-2021 03:08:44.0710 AM
[ReportManager] API Action [getResponseJSONValue] successfully performed. With the following test data [title]. @27-05-2021 03:08:44.0716 AM
[ReportManager] API Action [getResponseJSONValue] successfully performed. With the following test data [title]. @27-05-2021 03:08:44.0723 AM
[ReportManager] API Action [getResponseJSONValue] successfully performed. With the following test data [title]. @27-05-2021 03:08:44.0730 AM
[ReportManager] API Action [getResponseJSONValue] successfully performed. With the following test data [title]. @27-05-2021 03:08:44.0736 AM
[ReportManager] API Action [getResponseJSONValue] successfully performed. With the following test data [title]. @27-05-2021 03:08:44.0743 AM
[ReportManager] API Action [getResponseJSONValue] successfully performed. With the following test data [title]. @27-05-2021 03:08:44.0749 AM
[ReportManager] API Action [getResponseJSONValue] successfully performed. With the following test data [title]. @27-05-2021 03:08:44.0756 AM
[ReportManager] API Action [getResponseJSONValue] successfully performed. With the following test data [title]. @27-05-2021 03:08:44.0762 AM
[ReportManager] API Action [getResponseJSONValue] successfully performed. With the following test data [title]. @27-05-2021 03:08:44.0768 AM
[ReportManager] API Action [getResponseJSONValue] successfully performed. With the following test data [title]. @27-05-2021 03:08:44.0775 AM
[ReportManager] API Action [getResponseJSONValue] successfully performed. With the following test data [title]. @27-05-2021 03:08:44.0781 AM
[ReportManager] API Action [getResponseJSONValue] successfully performed. With the following test data [title]. @27-05-2021 03:08:44.0787 AM
[ReportManager] API Action [getResponseJSONValue] successfully performed. With the following test data [title]. @27-05-2021 03:08:44.0793 AM
[ReportManager] API Action [getResponseJSONValue] successfully performed. With the following test data [title]. @27-05-2021 03:08:44.0799 AM
[ReportManager] API Action [getResponseJSONValue] successfully performed. With the following test data [title]. @27-05-2021 03:08:44.0804 AM
[ReportManager] API Action [getResponseJSONValue] successfully performed. With the following test data [title]. @27-05-2021 03:08:44.0810 AM
[ReportManager] API Action [getResponseJSONValue] successfully performed. With the following test data [title]. @27-05-2021 03:08:44.0816 AM
[ReportManager] API Action [getResponseJSONValue] successfully performed. With the following test data [title]. @27-05-2021 03:08:44.0823 AM
[ReportManager] API Action [getResponseJSONValue] successfully performed. With the following test data [title]. @27-05-2021 03:08:44.0844 AM
[ReportManager] API Action [getResponseJSONValue] successfully performed. With the following test data [title]. @27-05-2021 03:08:44.0850 AM
[ReportManager] API Action [getResponseJSONValue] successfully performed. With the following test data [title]. @27-05-2021 03:08:44.0856 AM
[ReportManager] API Action [getResponseJSONValue] successfully performed. With the following test data [title]. @27-05-2021 03:08:44.0862 AM
[ReportManager] API Action [getResponseJSONValue] successfully performed. With the following test data [title]. @27-05-2021 03:08:44.0868 AM
[ReportManager] API Action [getResponseJSONValue] successfully performed. With the following test data [title]. @27-05-2021 03:08:44.0874 AM
[ReportManager] API Action [getResponseJSONValue] successfully performed. With the following test data [title]. @27-05-2021 03:08:44.0881 AM
[ReportManager] API Action [getResponseJSONValue] successfully performed. With the following test data [title]. @27-05-2021 03:08:44.0888 AM
[ReportManager] API Action [getResponseJSONValue] successfully performed. With the following test data [title]. @27-05-2021 03:08:44.0894 AM
[ReportManager] API Action [getResponseJSONValue] successfully performed. With the following test data [title]. @27-05-2021 03:08:44.0932 AM
[ReportManager] API Action [getResponseJSONValue] successfully performed. With the following test data [title]. @27-05-2021 03:08:44.0946 AM
[ReportManager] API Action [getResponseJSONValue] successfully performed. With the following test data [title]. @27-05-2021 03:08:44.0956 AM
[ReportManager] API Action [getResponseJSONValue] successfully performed. With the following test data [title]. @27-05-2021 03:08:44.0965 AM
[ReportManager] API Action [getResponseJSONValue] successfully performed. With the following test data [title]. @27-05-2021 03:08:44.0983 AM
[ReportManager] API Action [getResponseJSONValue] successfully performed. With the following test data [title]. @27-05-2021 03:08:44.0991 AM
[ReportManager] API Action [getResponseJSONValue] successfully performed. With the following test data [title]. @27-05-2021 03:08:44.0997 AM
[ReportManager] API Action [getResponseJSONValue] successfully performed. With the following test data [title]. @27-05-2021 03:08:45.0009 AM
[ReportManager] API Action [getResponseJSONValue] successfully performed. With the following test data [title]. @27-05-2021 03:08:45.0016 AM
[ReportManager] API Action [getResponseJSONValue] successfully performed. With the following test data [title]. @27-05-2021 03:08:45.0023 AM
[ReportManager] API Action [getResponseJSONValue] successfully performed. With the following test data [title]. @27-05-2021 03:08:45.0033 AM
[ReportManager] API Action [getResponseJSONValue] successfully performed. With the following test data [title]. @27-05-2021 03:08:45.0040 AM
[ReportManager] API Action [getResponseJSONValue] successfully performed. With the following test data [title]. @27-05-2021 03:08:45.0047 AM
[ReportManager] API Action [getResponseJSONValue] successfully performed. With the following test data [title]. @27-05-2021 03:08:45.0052 AM
[ReportManager] API Action [getResponseJSONValue] successfully performed. With the following test data [title]. @27-05-2021 03:08:45.0059 AM
[ReportManager] API Action [getResponseJSONValue] successfully performed. With the following test data [title]. @27-05-2021 03:08:45.0064 AM
[ReportManager] API Action [getResponseJSONValue] successfully performed. With the following test data [title]. @27-05-2021 03:08:45.0070 AM
[ReportManager] API Action [getResponseJSONValue] successfully performed. With the following test data [title]. @27-05-2021 03:08:45.0076 AM
[ReportManager] API Action [getResponseJSONValue] successfully performed. With the following test data [title]. @27-05-2021 03:08:45.0082 AM
[ReportManager] API Action [getResponseJSONValue] successfully performed. With the following test data [title]. @27-05-2021 03:08:45.0088 AM
[ReportManager] API Action [getResponseJSONValue] successfully performed. With the following test data [title]. @27-05-2021 03:08:45.0093 AM
[ReportManager] API Action [getResponseJSONValue] successfully performed. With the following test data [title]. @27-05-2021 03:08:45.0099 AM
[ReportManager] API Action [getResponseJSONValue] successfully performed. With the following test data [title]. @27-05-2021 03:08:45.0104 AM
[ReportManager] API Action [getResponseJSONValue] successfully performed. With the following test data [title]. @27-05-2021 03:08:45.0110 AM
[ReportManager] API Action [getResponseJSONValue] successfully performed. With the following test data [title]. @27-05-2021 03:08:45.0116 AM
[ReportManager] API Action [getResponseJSONValue] successfully performed. With the following test data [title]. @27-05-2021 03:08:45.0121 AM
[ReportManager] API Action [getResponseJSONValue] successfully performed. With the following test data [title]. @27-05-2021 03:08:45.0126 AM
[ReportManager] API Action [getResponseJSONValue] successfully performed. With the following test data [title]. @27-05-2021 03:08:45.0131 AM
[ReportManager] API Action [getResponseJSONValue] successfully performed. With the following test data [title]. @27-05-2021 03:08:45.0136 AM
[ReportManager] API Action [getResponseJSONValue] successfully performed. With the following test data [title]. @27-05-2021 03:08:45.0142 AM
[ReportManager] API Action [getResponseJSONValue] successfully performed. With the following test data [title]. @27-05-2021 03:08:45.0147 AM
[ReportManager] API Action [getResponseJSONValue] successfully performed. With the following test data [title]. @27-05-2021 03:08:45.0153 AM
[ReportManager] API Action [getResponseJSONValue] successfully performed. With the following test data [title]. @27-05-2021 03:08:45.0159 AM
[ReportManager] API Action [getResponseJSONValue] successfully performed. With the following test data [title]. @27-05-2021 03:08:45.0164 AM
[ReportManager] API Action [getResponseJSONValue] successfully performed. With the following test data [title]. @27-05-2021 03:08:45.0170 AM
[ReportManager] API Action [getResponseJSONValue] successfully performed. With the following test data [title]. @27-05-2021 03:08:45.0175 AM
[ReportManager] API Action [getResponseJSONValue] successfully performed. With the following test data [title]. @27-05-2021 03:08:45.0180 AM
[ReportManager] API Action [getResponseJSONValue] successfully performed. With the following test data [title]. @27-05-2021 03:08:45.0185 AM
[ReportManager] API Action [getResponseJSONValue] successfully performed. With the following test data [title]. @27-05-2021 03:08:45.0192 AM
[ReportManager] API Action [getResponseJSONValue] successfully performed. With the following test data [title]. @27-05-2021 03:08:45.0199 AM
[ReportManager] API Action [getResponseJSONValue] successfully performed. With the following test data [title]. @27-05-2021 03:08:45.0205 AM
[ReportManager] API Action [getResponseJSONValue] successfully performed. With the following test data [title]. @27-05-2021 03:08:45.0210 AM
[ReportManager] API Action [getResponseJSONValue] successfully performed. With the following test data [title]. @27-05-2021 03:08:45.0215 AM
[ReportManager] API Action [getResponseJSONValue] successfully performed. With the following test data [title]. @27-05-2021 03:08:45.0221 A

################################################################################################################################################
Starting Execution:	[75 out of 141] test cases in the current suite
Test Method:		[unitTests.tests_restActions.validateUserEmail]
################################################################################################################################################
[ReportManager] Response status code: [200], status line: [HTTP/1.1 200 OK] @27-05-2021 03:08:45.0321 AM
[ReportManager] Evaluating the actual response status code against the expected one...... @27-05-2021 03:08:45.0321 AM
[ReportManager] AssertEquals PASSED; Expected [200] and Actual [200]. Comparison Type [EQUALS]. Validation Type [POSITIVE]. @27-05-2021 03:08:45.0321 AM
[ReportManager] API Action [performRequest] successfully performed. With the following test data [Request Type: "GET" | Target Status Code: "200" | Service URL: "https://jsonplaceholder.typicode.com/users" | Content Type: "*/*" | Response Time: "93ms"]. @27-05-2021 03:08:45.0348 AM
[ReportManager] Successfully created attachment [API Response - JSON Body] @27-05-2021 03:08:45.0348 AM
[ReportManager] AssertEquals PASSED; Expected and Actual values are attached. Comparison Type [CONTAINS]. Validation Type [POSITIVE]. @27-05-2021 03:08:45.0349 AM
[ReportManager] Successfully created attachment [Validation Test Data - Expected Value] @27-05-2021 03:08:45.0349 AM
[ReportManager] Successfully created attachment [Validation Test Data - Actual Value] @27-05-2021 03:08:45.0349 AM
[ReportManager] API Action [getResponseJSONValueAsList] successfully performed. With the following test data [$]. @27-05-2021 03:08:45.0352 AM
[ReportManager] API Action [getResponseJSONValue] successfully performed. With the following test data [name]. @27-05-2021 03:08:45.0360 AM
[ReportManager] API Action [getResponseJSONValue] successfully performed. With the following test data [email]. @27-05-2021 03:08:45.0372 AM
[ReportManager] AssertEquals PASSED; Expected [Sincere@april.biz] and Actual [Sincere@april.biz]. Comparison Type [EQUALS]. Validation Type [POSITIVE]. @27-05-2021 03:08:45.0373 AM
[ReportManager] API Action [getResponseJSONValue] successfully performed. With the following test data [name]. @27-05-2021 03:08:45.0395 AM
[ReportManager] API Action [getResponseJSONValue] successfully performed. With the following test data [name]. @27-05-2021 03:08:45.0409 AM
[ReportManager] API Action [getResponseJSONValue] successfully performed. With the following test data [name]. @27-05-2021 03:08:45.0417 AM
[ReportManager] API Action [getResponseJSONValue] successfully performed. With the following test data [name]. @27-05-2021 03:08:45.0425 AM
[ReportManager] API Action [getResponseJSONValue] successfully performed. With the following test data [name]. @27-05-2021 03:08:45.0432 AM
[ReportManager] API Action [getResponseJSONValue] successfully performed. With the following test data [name]. @27-05-2021 03:08:45.0442 AM
[ReportManager] API Action [getResponseJSONValue] successfully performed. With the following test data [name]. @27-05-2021 03:08:45.0449 AM
[ReportManager] API Action [getResponseJSONValue] successfully performed. With the following test data [name]. @27-05-2021 03:08:45.0466 AM
[ReportManager] API Action [getResponseJSONValue] successfully performed. With the following test data [name]. @27-05-2021 03:08:45.0523 A
[ReportManager] File Action [getAbsolutePath] successfully performed. With the following test data [Relative Folder Path: "target/downloadedFiles/"]. @27-05-2021 03:08:45.0533 AM
[ReportManager] Attempting to run remotely on: [Linux-64], [GoogleChrome], [http://localhost:4444/wd/hub], Headless Execution. @27-05-2021 03:08:45.0533 AM
[ReportManager] Successfully Opened [GoogleChrome]. @27-05-2021 03:08:45.0814 A

################################################################################################################################################
Starting Execution:	[76 out of 141] test cases in the current suite
Test Method:		[unitTests.tests_element_elementActions.waitForElementToBePresent_false_expectedToFail]
################################################################################################################################################
[ReportManager] Target URL: [https://www.google.com/ncr], and after redirection: [www.google.com] @27-05-2021 03:08:45.0832 AM
[ReportManager] Initial URL: [data:,] @27-05-2021 03:08:45.0870 AM
[ReportManager] Browser Action [navigateToURL] successfully performed. With the following test data [https://www.google.com/ncr]. @27-05-2021 03:08:47.0758 AM
[ReportManager] Waiting for element to be present; elementLocator [By.xpath: //img[@id='hplogo' or @alt='Google']], numberOfTries[1], stateOfPresence[false]... @27-05-2021 03:08:47.0762 AM
[ReportManager] Element Action [waitForElementToBePresent] successfully performed. With the following test data [waited for the element's state of presence to be (false). Element locator (By.xpath: //img[@id='hplogo' or @alt='Google'])]. @27-05-2021 03:08:52.0873 A
[ReportManager] Successfully created attachment [Selenium WebDriver Logs - server] @27-05-2021 03:08:53.0077 AM
[ReportManager] Successfully created attachment [Selenium WebDriver Logs - performance] @27-05-2021 03:08:53.0120 AM
[ReportManager] Successfully created attachment [Selenium WebDriver Logs - browser] @27-05-2021 03:08:53.0127 AM
[ReportManager] Successfully created attachment [Selenium WebDriver Logs - driver] @27-05-2021 03:08:53.0217 AM
[ReportManager] Browser Action [closeCurrentWindow] successfully performed. @27-05-2021 03:08:53.0274 AM
[ReportManager] Successfully created attachment [Browser Action Test Data - closeCurrentWindow - Actual Value] @27-05-2021 03:08:53.0281 A
[ReportManager] File Action [getAbsolutePath] successfully performed. With the following test data [Relative Folder Path: "target/downloadedFiles/"]. @27-05-2021 03:08:53.0286 AM
[ReportManager] Attempting to run remotely on: [Linux-64], [GoogleChrome], [http://localhost:4444/wd/hub], Headless Execution. @27-05-2021 03:08:53.0286 AM
[ReportManager] Successfully Opened [GoogleChrome]. @27-05-2021 03:08:53.0493 A

################################################################################################################################################
Starting Execution:	[77 out of 141] test cases in the current suite
Test Method:		[unitTests.tests_element_elementActions.waitForElementToBePresent_false_expectedToPass]
################################################################################################################################################
[ReportManager] Target URL: [https://www.google.com/ncr], and after redirection: [www.google.com] @27-05-2021 03:08:53.0518 AM
[ReportManager] Initial URL: [data:,] @27-05-2021 03:08:53.0555 AM
[ReportManager] Browser Action [navigateToURL] successfully performed. With the following test data [https://www.google.com/ncr]. @27-05-2021 03:08:55.0389 AM
[ReportManager] Waiting for element to be present; elementLocator [By.id: bla], numberOfTries[1], stateOfPresence[false]... @27-05-2021 03:08:55.0389 AM
[ReportManager] Element Action [waitForElementToBePresent] successfully performed. With the following test data [waited for the element's state of presence to be (false). Element locator (By.id: bla)]. @27-05-2021 03:09:00.0493 A
[ReportManager] Successfully created attachment [Selenium WebDriver Logs - server] @27-05-2021 03:09:00.0672 AM
[ReportManager] Successfully created attachment [Selenium WebDriver Logs - performance] @27-05-2021 03:09:00.0715 AM
[ReportManager] Successfully created attachment [Selenium WebDriver Logs - browser] @27-05-2021 03:09:00.0722 AM
[ReportManager] Successfully created attachment [Selenium WebDriver Logs - driver] @27-05-2021 03:09:00.0798 AM
[ReportManager] Browser Action [closeCurrentWindow] successfully performed. @27-05-2021 03:09:00.0855 AM
[ReportManager] Successfully created attachment [Browser Action Test Data - closeCurrentWindow - Actual Value] @27-05-2021 03:09:00.0858 A
[ReportManager] File Action [getAbsolutePath] successfully performed. With the following test data [Relative Folder Path: "target/downloadedFiles/"]. @27-05-2021 03:09:00.0863 AM
[ReportManager] Attempting to run remotely on: [Linux-64], [GoogleChrome], [http://localhost:4444/wd/hub], Headless Execution. @27-05-2021 03:09:00.0863 AM
[ReportManager] Successfully Opened [GoogleChrome]. @27-05-2021 03:09:01.0073 A

################################################################################################################################################
Starting Execution:	[78 out of 141] test cases in the current suite
Test Method:		[unitTests.tests_element_elementActions.waitForElementToBePresent_moreThanOneElement_expectedToFail]
################################################################################################################################################
[ReportManager] Target URL: [https://www.google.com/ncr], and after redirection: [www.google.com] @27-05-2021 03:09:01.0087 AM
[ReportManager] Initial URL: [data:,] @27-05-2021 03:09:01.0132 AM
[ReportManager] Browser Action [navigateToURL] successfully performed. With the following test data [https://www.google.com/ncr]. @27-05-2021 03:09:03.0047 AM
[ReportManager] Waiting for element to be present; elementLocator [By.xpath: //*], numberOfTries[1], stateOfPresence[false]... @27-05-2021 03:09:03.0047 AM
[ReportManager] Element Action [waitForElementToBePresent] failed. With the following test data [waited for the element's state of presence to be (false). Element locator (By.xpath: //*)]. @27-05-2021 03:09:03.0294 AM
[ReportManager] Successfully created attachment [Screenshot - 1622084943227_waitForElementToBePresent_moreThanOneElement_expectedToFail_waitForElementToBePresent_failed] @27-05-2021 03:09:03.0295 A
[ReportManager] Successfully created attachment [Selenium WebDriver Logs - server] @27-05-2021 03:09:03.0482 AM
[ReportManager] Successfully created attachment [Selenium WebDriver Logs - performance] @27-05-2021 03:09:03.0526 AM
[ReportManager] Successfully created attachment [Selenium WebDriver Logs - browser] @27-05-2021 03:09:03.0533 AM
[ReportManager] Successfully created attachment [Selenium WebDriver Logs - driver] @27-05-2021 03:09:03.0607 AM
[ReportManager] Browser Action [closeCurrentWindow] successfully performed. @27-05-2021 03:09:03.0666 AM
[ReportManager] Successfully created attachment [Browser Action Test Data - closeCurrentWindow - Actual Value] @27-05-2021 03:09:03.0670 A
[ReportManager] File Action [getAbsolutePath] successfully performed. With the following test data [Relative Folder Path: "target/downloadedFiles/"]. @27-05-2021 03:09:03.0675 AM
[ReportManager] Attempting to run remotely on: [Linux-64], [GoogleChrome], [http://localhost:4444/wd/hub], Headless Execution. @27-05-2021 03:09:03.0675 AM
[ReportManager] Successfully Opened [GoogleChrome]. @27-05-2021 03:09:03.0872 A

################################################################################################################################################
Starting Execution:	[79 out of 141] test cases in the current suite
Test Method:		[unitTests.tests_element_elementActions.waitForElementToBePresent_true_expectedToFail]
################################################################################################################################################
[ReportManager] Target URL: [https://www.google.com/ncr], and after redirection: [www.google.com] @27-05-2021 03:09:03.0890 AM
[ReportManager] Initial URL: [data:,] @27-05-2021 03:09:03.0932 AM
[ReportManager] Browser Action [navigateToURL] successfully performed. With the following test data [https://www.google.com/ncr]. @27-05-2021 03:09:05.0699 AM
[ReportManager] Waiting for element to be present; elementLocator [By.id: bla], numberOfTries[1], stateOfPresence[true]... @27-05-2021 03:09:05.0699 AM
[ReportManager] Element Action [waitForElementToBePresent] failed. With the following test data [waited for the element's state of presence to be (true). Element locator (By.id: bla)]. @27-05-2021 03:09:10.0971 AM
[ReportManager] Successfully created attachment [Screenshot - 1622084950904_waitForElementToBePresent_true_expectedToFail_waitForElementToBePresent_failed] @27-05-2021 03:09:10.0972 A
[ReportManager] Successfully created attachment [Selenium WebDriver Logs - server] @27-05-2021 03:09:11.0142 AM
[ReportManager] Successfully created attachment [Selenium WebDriver Logs - performance] @27-05-2021 03:09:11.0184 AM
[ReportManager] Successfully created attachment [Selenium WebDriver Logs - browser] @27-05-2021 03:09:11.0191 AM
[ReportManager] Successfully created attachment [Selenium WebDriver Logs - driver] @27-05-2021 03:09:11.0279 AM
[ReportManager] Browser Action [closeCurrentWindow] successfully performed. @27-05-2021 03:09:11.0297 AM
[ReportManager] Successfully created attachment [Browser Action Test Data - closeCurrentWindow - Actual Value] @27-05-2021 03:09:11.0299 A
[ReportManager] File Action [getAbsolutePath] successfully performed. With the following test data [Relative Folder Path: "target/downloadedFiles/"]. @27-05-2021 03:09:11.0303 AM
[ReportManager] Attempting to run remotely on: [Linux-64], [GoogleChrome], [http://localhost:4444/wd/hub], Headless Execution. @27-05-2021 03:09:11.0303 AM
[ReportManager] Successfully Opened [GoogleChrome]. @27-05-2021 03:09:11.0511 A

################################################################################################################################################
Starting Execution:	[80 out of 141] test cases in the current suite
Test Method:		[unitTests.tests_element_elementActions.waitForElementToBePresent_true_expectedToPass]
################################################################################################################################################
[ReportManager] Target URL: [https://www.google.com/ncr], and after redirection: [www.google.com] @27-05-2021 03:09:11.0528 AM
[ReportManager] Initial URL: [data:,] @27-05-2021 03:09:11.0567 AM
[ReportManager] Browser Action [navigateToURL] successfully performed. With the following test data [https://www.google.com/ncr]. @27-05-2021 03:09:13.0307 AM
[ReportManager] Waiting for element to be present; elementLocator [By.xpath: //img[@id='hplogo' or @alt='Google']], numberOfTries[1], stateOfPresence[true]... @27-05-2021 03:09:13.0310 AM
[ReportManager] Element Action [waitForElementToBePresent] failed. With the following test data [waited for the element's state of presence to be (true). Element locator (By.xpath: //img[@id='hplogo' or @alt='Google'])]. @27-05-2021 03:09:18.0586 AM
[ReportManager] Successfully created attachment [Screenshot - 1622084958521_waitForElementToBePresent_true_expectedToPass_waitForElementToBePresent_failed] @27-05-2021 03:09:18.0587 A
[ReportManager] Successfully created attachment [Selenium WebDriver Logs - server] @27-05-2021 03:09:18.0779 AM
[ReportManager] Successfully created attachment [Selenium WebDriver Logs - performance] @27-05-2021 03:09:18.0819 AM
[ReportManager] Successfully created attachment [Selenium WebDriver Logs - browser] @27-05-2021 03:09:18.0825 AM
[ReportManager] Successfully created attachment [Selenium WebDriver Logs - driver] @27-05-2021 03:09:18.0907 AM
[ReportManager] Browser Action [closeCurrentWindow] successfully performed. @27-05-2021 03:09:18.0965 AM
[ReportManager] Successfully created attachment [Browser Action Test Data - closeCurrentWindow - Actual Value] @27-05-2021 03:09:18.0967 A
[ReportManager] Successfully loaded the following test data file [src/test/resources/TestDataFiles/testSuite01/TestData.xlsx]. @27-05-2021 03:09:19.0001 AM
[ReportManager] Successfully created attachment [Test Data - Excel] @27-05-2021 03:09:19.0001 A

################################################################################################################################################
Starting Execution:	[81 out of 141] test cases in the current suite
Test Method:		[unitTests.tests_io_excelFileManager.getCellData_rowName_expectedToPass]
################################################################################################################################################
[ReportManager] testRowData. @27-05-2021 03:09:19.0008 A
[ReportManager] File Action [getAbsolutePath] successfully performed. With the following test data [Relative Folder Path: "target/downloadedFiles/"]. @27-05-2021 03:09:19.0010 AM
[ReportManager] Attempting to run remotely on: [Linux-64], [GoogleChrome], [http://localhost:4444/wd/hub], Headless Execution. @27-05-2021 03:09:19.0011 AM
[ReportManager] Successfully Opened [GoogleChrome]. @27-05-2021 03:09:19.0217 AM
[ReportManager] Target URL: [https://duckduckgo.com] @27-05-2021 03:09:19.0232 AM
[ReportManager] Initial URL: [data:,] @27-05-2021 03:09:19.0269 AM
[ReportManager] Browser Action [navigateToURL] successfully performed. With the following test data [https://duckduckgo.com]. @27-05-2021 03:09:19.0743 A

################################################################################################################################################
Starting Execution:	[82 out of 141] test cases in the current suite
Test Method:		[unitTests.tests_browserActions.fullScreenWindow]
################################################################################################################################################
[ReportManager] Initial Windows Size: 800x600 @27-05-2021 03:09:19.0751 AM
[ReportManager] Initial window size: (800, 600) @27-05-2021 03:09:19.0752 AM
[ReportManager] Window size after Toolkit: (1920, 1080) @27-05-2021 03:09:19.0980 AM
[ReportManager] Browser Action [maximizeWindow] successfully performed. With the following test data [New screen size is now: (1920, 1080)]. @27-05-2021 03:09:19.0982 AM
[ReportManager] Current Windows Size after fullScreen: 1920x1080 @27-05-2021 03:09:19.0991 AM
[ReportManager] Browser Action [fullScreenWindow] successfully performed. @27-05-2021 03:09:20.0010 AM
[ReportManager] Successfully created attachment [Browser Action Test Data - fullScreenWindow - Actual Value] @27-05-2021 03:09:20.0011 A
[ReportManager] Target URL: [https://duckduckgo.com] @27-05-2021 03:09:20.0016 AM
[ReportManager] Initial URL: [https://duckduckgo.com] @27-05-2021 03:09:20.0076 AM
[ReportManager] Browser Action [navigateToURL] successfully performed. With the following test data [https://duckduckgo.com]. @27-05-2021 03:09:20.0384 AM
[ReportManager] Successfully created attachment [Selenium WebDriver Logs - server] @27-05-2021 03:09:20.0432 AM
[ReportManager] Successfully created attachment [Selenium WebDriver Logs - performance] @27-05-2021 03:09:20.0563 AM
[ReportManager] Successfully created attachment [Selenium WebDriver Logs - driver] @27-05-2021 03:09:20.0708 AM
[ReportManager] Browser Action [closeCurrentWindow] successfully performed. @27-05-2021 03:09:20.0765 AM
[ReportManager] Successfully created attachment [Browser Action Test Data - closeCurrentWindow - Actual Value] @27-05-2021 03:09:20.0766 A
[ReportManager] File Action [getAbsolutePath] successfully performed. With the following test data [Relative Folder Path: "target/downloadedFiles/"]. @27-05-2021 03:09:20.0769 AM
[ReportManager] Attempting to run remotely on: [Linux-64], [GoogleChrome], [http://localhost:4444/wd/hub], Headless Execution. @27-05-2021 03:09:20.0769 AM
[ReportManager] Successfully Opened [GoogleChrome]. @27-05-2021 03:09:20.0980 AM
[ReportManager] Target URL: [https://duckduckgo.com] @27-05-2021 03:09:20.0989 AM
[ReportManager] Initial URL: [data:,] @27-05-2021 03:09:21.0046 AM
[ReportManager] Browser Action [navigateToURL] successfully performed. With the following test data [https://duckduckgo.com]. @27-05-2021 03:09:21.0530 A

################################################################################################################################################
Starting Execution:	[83 out of 141] test cases in the current suite
Test Method:		[unitTests.tests_browserActions.getCurrentURL]
################################################################################################################################################
[ReportManager] Browser Action [getCurrentURL] successfully performed. With the following test data [https://duckduckgo.com/]. @27-05-2021 03:09:21.0568 A
[ReportManager] Target URL: [https://duckduckgo.com] @27-05-2021 03:09:21.0569 AM
[ReportManager] Initial URL: [https://duckduckgo.com] @27-05-2021 03:09:21.0619 AM
[ReportManager] Browser Action [navigateToURL] successfully performed. With the following test data [https://duckduckgo.com]. @27-05-2021 03:09:21.0978 AM
[ReportManager] Successfully created attachment [Selenium WebDriver Logs - server] @27-05-2021 03:09:22.0025 AM
[ReportManager] Successfully created attachment [Selenium WebDriver Logs - performance] @27-05-2021 03:09:22.0151 AM
[ReportManager] Successfully created attachment [Selenium WebDriver Logs - driver] @27-05-2021 03:09:22.0289 AM
[ReportManager] Browser Action [closeCurrentWindow] successfully performed. @27-05-2021 03:09:22.0346 AM
[ReportManager] Successfully created attachment [Browser Action Test Data - closeCurrentWindow - Actual Value] @27-05-2021 03:09:22.0347 A
[ReportManager] File Action [getAbsolutePath] successfully performed. With the following test data [Relative Folder Path: "target/downloadedFiles/"]. @27-05-2021 03:09:22.0350 AM
[ReportManager] Attempting to run remotely on: [Linux-64], [GoogleChrome], [http://localhost:4444/wd/hub], Headless Execution. @27-05-2021 03:09:22.0350 AM
[ReportManager] Successfully Opened [GoogleChrome]. @27-05-2021 03:09:22.0542 AM
[ReportManager] Target URL: [https://duckduckgo.com] @27-05-2021 03:09:22.0564 AM
[ReportManager] Initial URL: [data:,] @27-05-2021 03:09:22.0615 AM
[ReportManager] Browser Action [navigateToURL] successfully performed. With the following test data [https://duckduckgo.com]. @27-05-2021 03:09:23.0089 A

################################################################################################################################################
Starting Execution:	[84 out of 141] test cases in the current suite
Test Method:		[unitTests.tests_browserActions.getCurrentWindowTitle]
################################################################################################################################################
[ReportManager] Browser Action [getCurrentWindowTitle] successfully performed. With the following test data [DuckDuckGo  Privacy, simplified.]. @27-05-2021 03:09:23.0130 A
[ReportManager] Target URL: [https://duckduckgo.com] @27-05-2021 03:09:23.0131 AM
[ReportManager] Initial URL: [https://duckduckgo.com] @27-05-2021 03:09:23.0197 AM
[ReportManager] Browser Action [navigateToURL] successfully performed. With the following test data [https://duckduckgo.com]. @27-05-2021 03:09:23.0526 AM
[ReportManager] Successfully created attachment [Selenium WebDriver Logs - server] @27-05-2021 03:09:23.0578 AM
[ReportManager] Successfully created attachment [Selenium WebDriver Logs - performance] @27-05-2021 03:09:23.0694 AM
[ReportManager] Successfully created attachment [Selenium WebDriver Logs - driver] @27-05-2021 03:09:23.0832 AM
[ReportManager] Browser Action [closeCurrentWindow] successfully performed. @27-05-2021 03:09:23.0889 AM
[ReportManager] Successfully created attachment [Browser Action Test Data - closeCurrentWindow - Actual Value] @27-05-2021 03:09:23.0891 A
[ReportManager] File Action [getAbsolutePath] successfully performed. With the following test data [Relative Folder Path: "target/downloadedFiles/"]. @27-05-2021 03:09:23.0894 AM
[ReportManager] Attempting to run remotely on: [Linux-64], [GoogleChrome], [http://localhost:4444/wd/hub], Headless Execution. @27-05-2021 03:09:23.0895 AM
[ReportManager] Successfully Opened [GoogleChrome]. @27-05-2021 03:09:24.0134 AM
[ReportManager] Target URL: [https://duckduckgo.com] @27-05-2021 03:09:24.0147 AM
[ReportManager] Initial URL: [data:,] @27-05-2021 03:09:24.0185 AM
[ReportManager] Browser Action [navigateToURL] successfully performed. With the following test data [https://duckduckgo.com]. @27-05-2021 03:09:24.0695 A

################################################################################################################################################
Starting Execution:	[85 out of 141] test cases in the current suite
Test Method:		[unitTests.tests_browserActions.getPageSource]
################################################################################################################################################
[ReportManager] Browser Action [getPageSource] successfully performed. @27-05-2021 03:09:24.0755 AM
[ReportManager] Successfully created attachment [Browser Action Test Data - getPageSource - Actual Value] @27-05-2021 03:09:24.0756 A
[ReportManager] Target URL: [https://duckduckgo.com] @27-05-2021 03:09:24.0760 AM
[ReportManager] Initial URL: [https://duckduckgo.com] @27-05-2021 03:09:24.0829 AM
[ReportManager] Browser Action [navigateToURL] successfully performed. With the following test data [https://duckduckgo.com]. @27-05-2021 03:09:25.0142 AM
[ReportManager] Successfully created attachment [Selenium WebDriver Logs - server] @27-05-2021 03:09:25.0189 AM
[ReportManager] Successfully created attachment [Selenium WebDriver Logs - performance] @27-05-2021 03:09:25.0309 AM
[ReportManager] Successfully created attachment [Selenium WebDriver Logs - driver] @27-05-2021 03:09:25.0449 AM
[ReportManager] Browser Action [closeCurrentWindow] successfully performed. @27-05-2021 03:09:25.0509 AM
[ReportManager] Successfully created attachment [Browser Action Test Data - closeCurrentWindow - Actual Value] @27-05-2021 03:09:25.0509 A
[ReportManager] File Action [getAbsolutePath] successfully performed. With the following test data [Relative Folder Path: "target/downloadedFiles/"]. @27-05-2021 03:09:25.0511 AM
[ReportManager] Attempting to run remotely on: [Linux-64], [GoogleChrome], [http://localhost:4444/wd/hub], Headless Execution. @27-05-2021 03:09:25.0512 AM
[ReportManager] Successfully Opened [GoogleChrome]. @27-05-2021 03:09:25.0753 AM
[ReportManager] Target URL: [https://duckduckgo.com] @27-05-2021 03:09:25.0769 AM
[ReportManager] Initial URL: [data:,] @27-05-2021 03:09:25.0809 AM
[ReportManager] Browser Action [navigateToURL] successfully performed. With the following test data [https://duckduckgo.com]. @27-05-2021 03:09:26.0307 A

################################################################################################################################################
Starting Execution:	[86 out of 141] test cases in the current suite
Test Method:		[unitTests.tests_browserActions.getWindowHandle]
################################################################################################################################################
[ReportManager] Browser Action [getWindowHandle] successfully performed. With the following test data [CDwindow-F55299B6C6008F26D3FF9053E71E912B]. @27-05-2021 03:09:26.0350 A
[ReportManager] Target URL: [https://duckduckgo.com] @27-05-2021 03:09:26.0353 AM
[ReportManager] Initial URL: [https://duckduckgo.com] @27-05-2021 03:09:26.0407 AM
[ReportManager] Browser Action [navigateToURL] successfully performed. With the following test data [https://duckduckgo.com]. @27-05-2021 03:09:26.0737 AM
[ReportManager] Successfully created attachment [Selenium WebDriver Logs - server] @27-05-2021 03:09:26.0792 AM
[ReportManager] Successfully created attachment [Selenium WebDriver Logs - performance] @27-05-2021 03:09:26.0921 AM
[ReportManager] Successfully created attachment [Selenium WebDriver Logs - driver] @27-05-2021 03:09:27.0079 AM
[ReportManager] Browser Action [closeCurrentWindow] successfully performed. @27-05-2021 03:09:27.0136 AM
[ReportManager] Successfully created attachment [Browser Action Test Data - closeCurrentWindow - Actual Value] @27-05-2021 03:09:27.0137 A
[ReportManager] File Action [getAbsolutePath] successfully performed. With the following test data [Relative Folder Path: "target/downloadedFiles/"]. @27-05-2021 03:09:27.0139 AM
[ReportManager] Attempting to run remotely on: [Linux-64], [GoogleChrome], [http://localhost:4444/wd/hub], Headless Execution. @27-05-2021 03:09:27.0140 AM
[ReportManager] Successfully Opened [GoogleChrome]. @27-05-2021 03:09:27.0346 AM
[ReportManager] Target URL: [https://duckduckgo.com] @27-05-2021 03:09:27.0356 AM
[ReportManager] Initial URL: [data:,] @27-05-2021 03:09:27.0403 AM
[ReportManager] Browser Action [navigateToURL] successfully performed. With the following test data [https://duckduckgo.com]. @27-05-2021 03:09:27.0918 A

################################################################################################################################################
Starting Execution:	[87 out of 141] test cases in the current suite
Test Method:		[unitTests.tests_browserActions.getWindowPosition]
################################################################################################################################################
[ReportManager] Browser Action [getWindowPosition] successfully performed. With the following test data [(0, 0)]. @27-05-2021 03:09:27.0959 A
[ReportManager] Target URL: [https://duckduckgo.com] @27-05-2021 03:09:27.0962 AM
[ReportManager] Initial URL: [https://duckduckgo.com] @27-05-2021 03:09:28.0017 AM
[ReportManager] Browser Action [navigateToURL] successfully performed. With the following test data [https://duckduckgo.com]. @27-05-2021 03:09:28.0348 AM
[ReportManager] Successfully created attachment [Selenium WebDriver Logs - server] @27-05-2021 03:09:28.0405 AM
[ReportManager] Successfully created attachment [Selenium WebDriver Logs - performance] @27-05-2021 03:09:28.0530 AM
[ReportManager] Successfully created attachment [Selenium WebDriver Logs - driver] @27-05-2021 03:09:28.0672 AM
[ReportManager] Browser Action [closeCurrentWindow] successfully performed. @27-05-2021 03:09:28.0729 AM
[ReportManager] Successfully created attachment [Browser Action Test Data - closeCurrentWindow - Actual Value] @27-05-2021 03:09:28.0730 A
[ReportManager] File Action [getAbsolutePath] successfully performed. With the following test data [Relative Folder Path: "target/downloadedFiles/"]. @27-05-2021 03:09:28.0732 AM
[ReportManager] Attempting to run remotely on: [Linux-64], [GoogleChrome], [http://localhost:4444/wd/hub], Headless Execution. @27-05-2021 03:09:28.0732 AM
[ReportManager] Successfully Opened [GoogleChrome]. @27-05-2021 03:09:28.0940 AM
[ReportManager] Target URL: [https://duckduckgo.com] @27-05-2021 03:09:28.0952 AM
[ReportManager] Initial URL: [data:,] @27-05-2021 03:09:28.0989 AM
[ReportManager] Browser Action [navigateToURL] successfully performed. With the following test data [https://duckduckgo.com]. @27-05-2021 03:09:29.0544 A

################################################################################################################################################
Starting Execution:	[88 out of 141] test cases in the current suite
Test Method:		[unitTests.tests_browserActions.getWindowSize]
################################################################################################################################################
[ReportManager] Browser Action [getWindowSize] successfully performed. With the following test data [(800, 600)]. @27-05-2021 03:09:29.0577 A
[ReportManager] Target URL: [https://duckduckgo.com] @27-05-2021 03:09:29.0579 AM
[ReportManager] Initial URL: [https://duckduckgo.com] @27-05-2021 03:09:29.0631 AM
[ReportManager] Browser Action [navigateToURL] successfully performed. With the following test data [https://duckduckgo.com]. @27-05-2021 03:09:29.0965 AM
[ReportManager] Successfully created attachment [Selenium WebDriver Logs - server] @27-05-2021 03:09:30.0016 AM
[ReportManager] Successfully created attachment [Selenium WebDriver Logs - performance] @27-05-2021 03:09:30.0137 AM
[ReportManager] Successfully created attachment [Selenium WebDriver Logs - driver] @27-05-2021 03:09:30.0275 AM
[ReportManager] Browser Action [closeCurrentWindow] successfully performed. @27-05-2021 03:09:30.0331 AM
[ReportManager] Successfully created attachment [Browser Action Test Data - closeCurrentWindow - Actual Value] @27-05-2021 03:09:30.0331 A
[ReportManager] File Action [getAbsolutePath] successfully performed. With the following test data [Relative Folder Path: "target/downloadedFiles/"]. @27-05-2021 03:09:30.0334 AM
[ReportManager] Attempting to run remotely on: [Linux-64], [GoogleChrome], [http://localhost:4444/wd/hub], Headless Execution. @27-05-2021 03:09:30.0334 AM
[ReportManager] Successfully Opened [GoogleChrome]. @27-05-2021 03:09:30.0523 AM
[ReportManager] Target URL: [https://duckduckgo.com] @27-05-2021 03:09:30.0533 AM
[ReportManager] Initial URL: [data:,] @27-05-2021 03:09:30.0573 AM
[ReportManager] Browser Action [navigateToURL] successfully performed. With the following test data [https://duckduckgo.com]. @27-05-2021 03:09:31.0103 A

################################################################################################################################################
Starting Execution:	[89 out of 141] test cases in the current suite
Test Method:		[unitTests.tests_browserActions.maximizeWindow]
################################################################################################################################################
[ReportManager] Initial window size: (800, 600) @27-05-2021 03:09:31.0116 AM
[ReportManager] Window size after Toolkit: (1920, 1080) @27-05-2021 03:09:31.0333 AM
[ReportManager] Browser Action [maximizeWindow] successfully performed. With the following test data [New screen size is now: (1920, 1080)]. @27-05-2021 03:09:31.0336 A
[ReportManager] Target URL: [https://duckduckgo.com] @27-05-2021 03:09:31.0337 AM
[ReportManager] Initial URL: [https://duckduckgo.com] @27-05-2021 03:09:31.0391 AM
[ReportManager] Browser Action [navigateToURL] successfully performed. With the following test data [https://duckduckgo.com]. @27-05-2021 03:09:31.0708 AM
[ReportManager] Successfully created attachment [Selenium WebDriver Logs - server] @27-05-2021 03:09:31.0754 AM
[ReportManager] Successfully created attachment [Selenium WebDriver Logs - performance] @27-05-2021 03:09:31.0880 AM
[ReportManager] Successfully created attachment [Selenium WebDriver Logs - driver] @27-05-2021 03:09:32.0015 AM
[ReportManager] Browser Action [closeCurrentWindow] successfully performed. @27-05-2021 03:09:32.0071 AM
[ReportManager] Successfully created attachment [Browser Action Test Data - closeCurrentWindow - Actual Value] @27-05-2021 03:09:32.0072 A
[ReportManager] File Action [getAbsolutePath] successfully performed. With the following test data [Relative Folder Path: "target/downloadedFiles/"]. @27-05-2021 03:09:32.0074 AM
[ReportManager] Attempting to run remotely on: [Linux-64], [GoogleChrome], [http://localhost:4444/wd/hub], Headless Execution. @27-05-2021 03:09:32.0074 AM
[ReportManager] Successfully Opened [GoogleChrome]. @27-05-2021 03:09:32.0265 AM
[ReportManager] Target URL: [https://duckduckgo.com] @27-05-2021 03:09:32.0275 AM
[ReportManager] Initial URL: [data:,] @27-05-2021 03:09:32.0311 AM
[ReportManager] Browser Action [navigateToURL] successfully performed. With the following test data [https://duckduckgo.com]. @27-05-2021 03:09:32.0808 A

################################################################################################################################################
Starting Execution:	[90 out of 141] test cases in the current suite
Test Method:		[unitTests.tests_browserActions.navigateBack]
################################################################################################################################################
[ReportManager] Target URL: [https://www.google.com/ncr], and after redirection: [https://www.google.com] @27-05-2021 03:09:32.0814 AM
[ReportManager] Initial URL: [https://duckduckgo.com] @27-05-2021 03:09:32.0866 AM
[ReportManager] Browser Action [navigateToURL] successfully performed. With the following test data [https://www.google.com/ncr]. @27-05-2021 03:09:34.0693 AM
[ReportManager] Browser Action [navigateBack] successfully performed. With the following test data [https://duckduckgo.com/]. @27-05-2021 03:09:35.0078 AM
[ReportManager] Confirming that navigating back was successful... @27-05-2021 03:09:35.0078 AM
[ReportManager] Browser Action [getCurrentURL] successfully performed. With the following test data [https://duckduckgo.com/]. @27-05-2021 03:09:35.0113 AM
[ReportManager] AssertBrowserAttribute PASSED; Expected [Value Should be 'https://duckduckgo.com' for the 'CurrentUrl' attribute] and Actual [https://duckduckgo.com/]. Comparison Type [CONTAINS]. Validation Type [POSITIVE]. @27-05-2021 03:09:35.0113 A
[ReportManager] Target URL: [https://duckduckgo.com] @27-05-2021 03:09:35.0115 AM
[ReportManager] Initial URL: [https://duckduckgo.com] @27-05-2021 03:09:35.0171 AM
[ReportManager] Browser Action [navigateToURL] successfully performed. With the following test data [https://duckduckgo.com]. @27-05-2021 03:09:35.0503 AM
[ReportManager] Successfully created attachment [Selenium WebDriver Logs - server] @27-05-2021 03:09:35.0552 AM
[ReportManager] Successfully created attachment [Selenium WebDriver Logs - performance] @27-05-2021 03:09:35.0741 AM
[ReportManager] Successfully created attachment [Selenium WebDriver Logs - browser] @27-05-2021 03:09:35.0748 AM
[ReportManager] Successfully created attachment [Selenium WebDriver Logs - driver] @27-05-2021 03:09:35.0985 AM
[ReportManager] Browser Action [closeCurrentWindow] successfully performed. @27-05-2021 03:09:36.0042 AM
[ReportManager] Successfully created attachment [Browser Action Test Data - closeCurrentWindow - Actual Value] @27-05-2021 03:09:36.0043 A
[ReportManager] File Action [getAbsolutePath] successfully performed. With the following test data [Relative Folder Path: "target/downloadedFiles/"]. @27-05-2021 03:09:36.0045 AM
[ReportManager] Attempting to run remotely on: [Linux-64], [GoogleChrome], [http://localhost:4444/wd/hub], Headless Execution. @27-05-2021 03:09:36.0045 AM
[ReportManager] Successfully Opened [GoogleChrome]. @27-05-2021 03:09:36.0255 AM
[ReportManager] Target URL: [https://duckduckgo.com] @27-05-2021 03:09:36.0265 AM
[ReportManager] Initial URL: [data:,] @27-05-2021 03:09:36.0307 AM
[ReportManager] Browser Action [navigateToURL] successfully performed. With the following test data [https://duckduckgo.com]. @27-05-2021 03:09:36.0807 A

################################################################################################################################################
Starting Execution:	[91 out of 141] test cases in the current suite
Test Method:		[unitTests.tests_browserActions.navigateForward]
################################################################################################################################################
[ReportManager] Target URL: [https://www.google.com/ncr], and after redirection: [https://www.google.com] @27-05-2021 03:09:36.0809 AM
[ReportManager] Initial URL: [https://duckduckgo.com] @27-05-2021 03:09:36.0866 AM
[ReportManager] Browser Action [navigateToURL] successfully performed. With the following test data [https://www.google.com/ncr]. @27-05-2021 03:09:38.0887 AM
[ReportManager] Browser Action [navigateBack] successfully performed. With the following test data [https://duckduckgo.com/]. @27-05-2021 03:09:39.0262 AM
[ReportManager] Browser Action [navigateForward] successfully performed. With the following test data [https://www.google.com/]. @27-05-2021 03:09:39.0824 A
[ReportManager] Target URL: [https://duckduckgo.com] @27-05-2021 03:09:39.0830 AM
[ReportManager] Initial URL: [https://www.google.com] @27-05-2021 03:09:40.0021 AM
[ReportManager] Browser Action [navigateToURL] successfully performed. With the following test data [https://duckduckgo.com]. @27-05-2021 03:09:40.0524 AM
[ReportManager] Successfully created attachment [Selenium WebDriver Logs - server] @27-05-2021 03:09:40.0572 AM
[ReportManager] Successfully created attachment [Selenium WebDriver Logs - performance] @27-05-2021 03:09:40.0778 AM
[ReportManager] Successfully created attachment [Selenium WebDriver Logs - browser] @27-05-2021 03:09:40.0786 AM
[ReportManager] Successfully created attachment [Selenium WebDriver Logs - driver] @27-05-2021 03:09:41.0086 AM
[ReportManager] Browser Action [closeCurrentWindow] successfully performed. @27-05-2021 03:09:41.0143 AM
[ReportManager] Successfully created attachment [Browser Action Test Data - closeCurrentWindow - Actual Value] @27-05-2021 03:09:41.0144 A
[ReportManager] File Action [getAbsolutePath] successfully performed. With the following test data [Relative Folder Path: "target/downloadedFiles/"]. @27-05-2021 03:09:41.0147 AM
[ReportManager] Attempting to run remotely on: [Linux-64], [GoogleChrome], [http://localhost:4444/wd/hub], Headless Execution. @27-05-2021 03:09:41.0148 AM
[ReportManager] Successfully Opened [GoogleChrome]. @27-05-2021 03:09:41.0346 AM
[ReportManager] Target URL: [https://duckduckgo.com] @27-05-2021 03:09:41.0362 AM
[ReportManager] Initial URL: [data:,] @27-05-2021 03:09:41.0407 AM
[ReportManager] Browser Action [navigateToURL] successfully performed. With the following test data [https://duckduckgo.com]. @27-05-2021 03:09:41.0884 A

################################################################################################################################################
Starting Execution:	[92 out of 141] test cases in the current suite
Test Method:		[unitTests.tests_browserActions.navigateToURL]
################################################################################################################################################
[ReportManager] Target URL: [https://duckduckgo.com] @27-05-2021 03:09:41.0899 AM
[ReportManager] Initial URL: [https://duckduckgo.com] @27-05-2021 03:09:41.0958 AM
[ReportManager] Browser Action [navigateToURL] successfully performed. With the following test data [https://duckduckgo.com]. @27-05-2021 03:09:42.0294 A
[ReportManager] Target URL: [https://duckduckgo.com] @27-05-2021 03:09:42.0299 AM
[ReportManager] Initial URL: [https://duckduckgo.com] @27-05-2021 03:09:42.0353 AM
[ReportManager] Browser Action [navigateToURL] successfully performed. With the following test data [https://duckduckgo.com]. @27-05-2021 03:09:42.0689 AM
[ReportManager] Successfully created attachment [Selenium WebDriver Logs - server] @27-05-2021 03:09:42.0743 AM
[ReportManager] Successfully created attachment [Selenium WebDriver Logs - performance] @27-05-2021 03:09:42.0924 AM
[ReportManager] Successfully created attachment [Selenium WebDriver Logs - driver] @27-05-2021 03:09:43.0133 AM
[ReportManager] Browser Action [closeCurrentWindow] successfully performed. @27-05-2021 03:09:43.0190 AM
[ReportManager] Successfully created attachment [Browser Action Test Data - closeCurrentWindow - Actual Value] @27-05-2021 03:09:43.0190 A
[ReportManager] File Action [getAbsolutePath] successfully performed. With the following test data [Relative Folder Path: "target/downloadedFiles/"]. @27-05-2021 03:09:43.0193 AM
[ReportManager] Attempting to run remotely on: [Linux-64], [GoogleChrome], [http://localhost:4444/wd/hub], Headless Execution. @27-05-2021 03:09:43.0193 AM
[ReportManager] Successfully Opened [GoogleChrome]. @27-05-2021 03:09:43.0389 AM
[ReportManager] Target URL: [https://duckduckgo.com] @27-05-2021 03:09:43.0398 AM
[ReportManager] Initial URL: [data:,] @27-05-2021 03:09:43.0446 AM
[ReportManager] Browser Action [navigateToURL] successfully performed. With the following test data [https://duckduckgo.com]. @27-05-2021 03:09:43.0926 A

################################################################################################################################################
Starting Execution:	[93 out of 141] test cases in the current suite
Test Method:		[unitTests.tests_browserActions.navigateToURLWithRedirection]
################################################################################################################################################
[ReportManager] Target URL: [https://www.google.com/ncr], and after redirection: [https://www.google.com] @27-05-2021 03:09:43.0928 AM
[ReportManager] Initial URL: [https://duckduckgo.com] @27-05-2021 03:09:43.0982 AM
[ReportManager] Browser Action [navigateToURL] successfully performed. With the following test data [https://www.google.com/ncr]. @27-05-2021 03:09:45.0778 A
[ReportManager] Target URL: [https://duckduckgo.com] @27-05-2021 03:09:45.0780 AM
[ReportManager] Initial URL: [https://www.google.com] @27-05-2021 03:09:45.0968 AM
[ReportManager] Browser Action [navigateToURL] successfully performed. With the following test data [https://duckduckgo.com]. @27-05-2021 03:09:46.0479 AM
[ReportManager] Successfully created attachment [Selenium WebDriver Logs - server] @27-05-2021 03:09:46.0529 AM
[ReportManager] Successfully created attachment [Selenium WebDriver Logs - performance] @27-05-2021 03:09:46.0659 AM
[ReportManager] Successfully created attachment [Selenium WebDriver Logs - browser] @27-05-2021 03:09:46.0667 AM
[ReportManager] Successfully created attachment [Selenium WebDriver Logs - driver] @27-05-2021 03:09:46.0851 AM
[ReportManager] Browser Action [closeCurrentWindow] successfully performed. @27-05-2021 03:09:46.0909 AM
[ReportManager] Successfully created attachment [Browser Action Test Data - closeCurrentWindow - Actual Value] @27-05-2021 03:09:46.0909 A
[ReportManager] File Action [getAbsolutePath] successfully performed. With the following test data [Relative Folder Path: "target/downloadedFiles/"]. @27-05-2021 03:09:46.0911 AM
[ReportManager] Attempting to run remotely on: [Linux-64], [GoogleChrome], [http://localhost:4444/wd/hub], Headless Execution. @27-05-2021 03:09:46.0912 AM
[ReportManager] Successfully Opened [GoogleChrome]. @27-05-2021 03:09:47.0101 AM
[ReportManager] Target URL: [https://duckduckgo.com] @27-05-2021 03:09:47.0113 AM
[ReportManager] Initial URL: [data:,] @27-05-2021 03:09:47.0148 AM
[ReportManager] Browser Action [navigateToURL] successfully performed. With the following test data [https://duckduckgo.com]. @27-05-2021 03:09:47.0609 A

################################################################################################################################################
Starting Execution:	[94 out of 141] test cases in the current suite
Test Method:		[unitTests.tests_browserActions.refreshCurrentPage]
################################################################################################################################################
[ReportManager] Browser Action [refreshCurrentPage] successfully performed. @27-05-2021 03:09:47.0805 AM
[ReportManager] Successfully created attachment [Browser Action Test Data - refreshCurrentPage - Actual Value] @27-05-2021 03:09:47.0806 A
[ReportManager] Target URL: [https://duckduckgo.com] @27-05-2021 03:09:47.0808 AM
[ReportManager] Initial URL: [https://duckduckgo.com] @27-05-2021 03:09:47.0861 AM
[ReportManager] Browser Action [navigateToURL] successfully performed. With the following test data [https://duckduckgo.com]. @27-05-2021 03:09:48.0115 AM
[ReportManager] Successfully created attachment [Selenium WebDriver Logs - server] @27-05-2021 03:09:48.0159 AM
[ReportManager] Successfully created attachment [Selenium WebDriver Logs - performance] @27-05-2021 03:09:48.0325 AM
[ReportManager] Successfully created attachment [Selenium WebDriver Logs - driver] @27-05-2021 03:09:48.0504 AM
[ReportManager] Browser Action [closeCurrentWindow] successfully performed. @27-05-2021 03:09:48.0561 AM
[ReportManager] Successfully created attachment [Browser Action Test Data - closeCurrentWindow - Actual Value] @27-05-2021 03:09:48.0562 A
[ReportManager] File Action [getAbsolutePath] successfully performed. With the following test data [Relative Folder Path: "target/downloadedFiles/"]. @27-05-2021 03:09:48.0564 AM
[ReportManager] Attempting to run remotely on: [Linux-64], [GoogleChrome], [http://localhost:4444/wd/hub], Headless Execution. @27-05-2021 03:09:48.0565 AM
[ReportManager] Successfully Opened [GoogleChrome]. @27-05-2021 03:09:48.0754 AM
[ReportManager] Target URL: [https://duckduckgo.com] @27-05-2021 03:09:48.0783 AM
[ReportManager] Initial URL: [data:,] @27-05-2021 03:09:48.0821 AM
[ReportManager] Browser Action [navigateToURL] successfully performed. With the following test data [https://duckduckgo.com]. @27-05-2021 03:09:49.0278 A

################################################################################################################################################
Starting Execution:	[95 out of 141] test cases in the current suite
Test Method:		[unitTests.tests_browserActions.setWindowSize]
################################################################################################################################################
[ReportManager] Initial window size: (800, 600) @27-05-2021 03:09:49.0292 AM
[ReportManager] Window size after SWD: (1280, 720) @27-05-2021 03:09:49.0517 AM
[ReportManager] Browser Action [setWindowSize] successfully performed. With the following test data [New screen size is now: (1280, 720)]. @27-05-2021 03:09:49.0517 A
[ReportManager] Target URL: [https://duckduckgo.com] @27-05-2021 03:09:49.0520 AM
[ReportManager] Initial URL: [https://duckduckgo.com] @27-05-2021 03:09:49.0584 AM
[ReportManager] Browser Action [navigateToURL] successfully performed. With the following test data [https://duckduckgo.com]. @27-05-2021 03:09:49.0896 AM
[ReportManager] Successfully created attachment [Selenium WebDriver Logs - server] @27-05-2021 03:09:49.0939 AM
[ReportManager] Successfully created attachment [Selenium WebDriver Logs - performance] @27-05-2021 03:09:50.0048 AM
[ReportManager] Successfully created attachment [Selenium WebDriver Logs - driver] @27-05-2021 03:09:50.0182 AM
[ReportManager] Browser Action [closeCurrentWindow] successfully performed. @27-05-2021 03:09:50.0242 AM
[ReportManager] Successfully created attachment [Browser Action Test Data - closeCurrentWindow - Actual Value] @27-05-2021 03:09:50.0243 A

################################################################################################################################################
Starting Execution:	[96 out of 141] test cases in the current suite
Test Method:		[unitTests.tests_validations_assertions.assertComparativeRelation_greaterThanOrEquals_false_equals_expectedToFail]
################################################################################################################################################
[ReportManager] AssertComparativeRelation FAILED; Expected [1] and Actual [1]. Comparison Type [GREATER_THAN_OR_EQUALS]. Validation Type [NEGATIVE]. @27-05-2021 03:09:50.0253 A

################################################################################################################################################
Starting Execution:	[97 out of 141] test cases in the current suite
Test Method:		[unitTests.tests_validations_assertions.assertComparativeRelation_greaterThanOrEquals_false_equals_expectedToPass]
################################################################################################################################################
[ReportManager] AssertComparativeRelation PASSED; Expected [2] and Actual [1]. Comparison Type [GREATER_THAN_OR_EQUALS]. Validation Type [NEGATIVE]. @27-05-2021 03:09:50.0256 A

################################################################################################################################################
Starting Execution:	[98 out of 141] test cases in the current suite
Test Method:		[unitTests.tests_validations_assertions.assertComparativeRelation_greaterThanOrEquals_false_greaterThan_expectedToFail]
################################################################################################################################################
[ReportManager] AssertComparativeRelation FAILED; Expected [1] and Actual [2]. Comparison Type [GREATER_THAN_OR_EQUALS]. Validation Type [NEGATIVE]. @27-05-2021 03:09:50.0260 A

################################################################################################################################################
Starting Execution:	[99 out of 141] test cases in the current suite
Test Method:		[unitTests.tests_validations_assertions.assertComparativeRelation_greaterThanOrEquals_false_greaterThan_expectedToPass]
################################################################################################################################################
[ReportManager] AssertComparativeRelation PASSED; Expected [2] and Actual [1]. Comparison Type [GREATER_THAN_OR_EQUALS]. Validation Type [NEGATIVE]. @27-05-2021 03:09:50.0261 A

################################################################################################################################################
Starting Execution:	[100 out of 141] test cases in the current suite
Test Method:		[unitTests.tests_validations_assertions.assertComparativeRelation_greaterThanOrEquals_true_equals_expectedToFail]
################################################################################################################################################
[ReportManager] AssertComparativeRelation FAILED; Expected [1] and Actual [0]. Comparison Type [GREATER_THAN_OR_EQUALS]. Validation Type [POSITIVE]. @27-05-2021 03:09:50.0263 A

################################################################################################################################################
Starting Execution:	[101 out of 141] test cases in the current suite
Test Method:		[unitTests.tests_validations_assertions.assertComparativeRelation_greaterThanOrEquals_true_equals_expectedToPass]
################################################################################################################################################
[ReportManager] AssertComparativeRelation PASSED; Expected [1] and Actual [1]. Comparison Type [GREATER_THAN_OR_EQUALS]. Validation Type [POSITIVE]. @27-05-2021 03:09:50.0264 A

################################################################################################################################################
Starting Execution:	[102 out of 141] test cases in the current suite
Test Method:		[unitTests.tests_validations_assertions.assertComparativeRelation_greaterThanOrEquals_true_greaterThan_expectedToFail]
################################################################################################################################################
[ReportManager] AssertComparativeRelation FAILED; Expected [2] and Actual [1]. Comparison Type [GREATER_THAN_OR_EQUALS]. Validation Type [POSITIVE]. @27-05-2021 03:09:50.0266 A

################################################################################################################################################
Starting Execution:	[103 out of 141] test cases in the current suite
Test Method:		[unitTests.tests_validations_assertions.assertComparativeRelation_greaterThanOrEquals_true_greaterThan_expectedToPass]
################################################################################################################################################
[ReportManager] AssertComparativeRelation PASSED; Expected [1] and Actual [2]. Comparison Type [GREATER_THAN_OR_EQUALS]. Validation Type [POSITIVE]. @27-05-2021 03:09:50.0268 A
[ReportManager] File Action [getAbsolutePath] successfully performed. With the following test data [Relative Folder Path: "target/downloadedFiles/"]. @27-05-2021 03:09:50.0269 AM
[ReportManager] Attempting to run remotely on: [Linux-64], [GoogleChrome], [http://localhost:4444/wd/hub], Headless Execution. @27-05-2021 03:09:50.0269 AM
[ReportManager] Successfully Opened [GoogleChrome]. @27-05-2021 03:09:50.0466 AM
[ReportManager] Target URL: [https://www.google.com/ncr], and after redirection: [www.google.com] @27-05-2021 03:09:50.0476 AM
[ReportManager] Initial URL: [data:,] @27-05-2021 03:09:50.0513 AM
[ReportManager] Browser Action [navigateToURL] successfully performed. With the following test data [https://www.google.com/ncr]. @27-05-2021 03:09:52.0196 A

################################################################################################################################################
Starting Execution:	[104 out of 141] test cases in the current suite
Test Method:		[unitTests.tests_validations_assertions.assertElementAttribute_false_caseInsensitiveComparison_expectedToFail]
################################################################################################################################################
[ReportManager] Element Action [type] successfully performed. With the following test data [AUTOMATION]. @27-05-2021 03:09:52.0696 AM
[ReportManager] Element Action [getText] successfully performed. With the following test data [AUTOMATION]. @27-05-2021 03:09:52.0780 AM
[ReportManager] Loaded Shared OpenCV @27-05-2021 03:09:52.0950 A
[ReportManager] Successfully created attachment [Selenium WebDriver Logs - server] @27-05-2021 03:09:53.0201 AM
[ReportManager] Successfully created attachment [Selenium WebDriver Logs - performance] @27-05-2021 03:09:53.0280 AM
[ReportManager] Successfully created attachment [Selenium WebDriver Logs - browser] @27-05-2021 03:09:53.0288 AM
[ReportManager] Successfully created attachment [Selenium WebDriver Logs - driver] @27-05-2021 03:09:53.0412 AM
[ReportManager] Browser Action [closeCurrentWindow] successfully performed. @27-05-2021 03:09:53.0472 AM
[ReportManager] Successfully created attachment [Browser Action Test Data - closeCurrentWindow - Actual Value] @27-05-2021 03:09:53.0474 A
[ReportManager] File Action [getAbsolutePath] successfully performed. With the following test data [Relative Folder Path: "target/downloadedFiles/"]. @27-05-2021 03:09:53.0484 AM
[ReportManager] Attempting to run remotely on: [Linux-64], [GoogleChrome], [http://localhost:4444/wd/hub], Headless Execution. @27-05-2021 03:09:53.0484 AM
[ReportManager] Successfully Opened [GoogleChrome]. @27-05-2021 03:09:53.0686 AM
[ReportManager] Target URL: [https://www.google.com/ncr], and after redirection: [www.google.com] @27-05-2021 03:09:53.0696 AM
[ReportManager] Initial URL: [data:,] @27-05-2021 03:09:53.0732 AM
[ReportManager] Browser Action [navigateToURL] successfully performed. With the following test data [https://www.google.com/ncr]. @27-05-2021 03:09:55.0573 A

################################################################################################################################################
Starting Execution:	[105 out of 141] test cases in the current suite
Test Method:		[unitTests.tests_validations_assertions.assertElementAttribute_false_caseInsensitiveComparison_expectedToPass]
################################################################################################################################################
[ReportManager] Element Action [type] successfully performed. With the following test data [AUTOMATION]. @27-05-2021 03:09:56.0107 AM
[ReportManager] Element Action [getText] successfully performed. With the following test data [AUTOMATION]. @27-05-2021 03:09:56.0211 AM
[ReportManager] Loaded Shared OpenCV @27-05-2021 03:09:56.0390 A
[ReportManager] Successfully created attachment [Selenium WebDriver Logs - server] @27-05-2021 03:09:56.0644 AM
[ReportManager] Successfully created attachment [Selenium WebDriver Logs - performance] @27-05-2021 03:09:56.0730 AM
[ReportManager] Successfully created attachment [Selenium WebDriver Logs - browser] @27-05-2021 03:09:56.0737 AM
[ReportManager] Successfully created attachment [Selenium WebDriver Logs - driver] @27-05-2021 03:09:56.0873 AM
[ReportManager] Browser Action [closeCurrentWindow] successfully performed. @27-05-2021 03:09:56.0931 AM
[ReportManager] Successfully created attachment [Browser Action Test Data - closeCurrentWindow - Actual Value] @27-05-2021 03:09:56.0934 A
[ReportManager] File Action [getAbsolutePath] successfully performed. With the following test data [Relative Folder Path: "target/downloadedFiles/"]. @27-05-2021 03:09:56.0939 AM
[ReportManager] Attempting to run remotely on: [Linux-64], [GoogleChrome], [http://localhost:4444/wd/hub], Headless Execution. @27-05-2021 03:09:56.0939 AM
[ReportManager] Successfully Opened [GoogleChrome]. @27-05-2021 03:09:57.0143 AM
[ReportManager] Target URL: [https://www.google.com/ncr], and after redirection: [www.google.com] @27-05-2021 03:09:57.0152 AM
[ReportManager] Initial URL: [data:,] @27-05-2021 03:09:57.0188 AM
[ReportManager] Browser Action [navigateToURL] successfully performed. With the following test data [https://www.google.com/ncr]. @27-05-2021 03:09:58.0988 A

################################################################################################################################################
Starting Execution:	[106 out of 141] test cases in the current suite
Test Method:		[unitTests.tests_validations_assertions.assertElementAttribute_false_containsComparison_expectedToFail]
################################################################################################################################################
[ReportManager] Element Action [type] successfully performed. With the following test data [Automation123]. @27-05-2021 03:09:59.0516 AM
[ReportManager] Element Action [getText] successfully performed. With the following test data [Automation123]. @27-05-2021 03:09:59.0628 AM
[ReportManager] Loaded Shared OpenCV @27-05-2021 03:09:59.0807 A
[ReportManager] Successfully created attachment [Selenium WebDriver Logs - server] @27-05-2021 03:10:00.0058 AM
[ReportManager] Successfully created attachment [Selenium WebDriver Logs - performance] @27-05-2021 03:10:00.0151 AM
[ReportManager] Successfully created attachment [Selenium WebDriver Logs - browser] @27-05-2021 03:10:00.0157 AM
[ReportManager] Successfully created attachment [Selenium WebDriver Logs - driver] @27-05-2021 03:10:00.0290 AM
[ReportManager] Browser Action [closeCurrentWindow] successfully performed. @27-05-2021 03:10:00.0350 AM
[ReportManager] Successfully created attachment [Browser Action Test Data - closeCurrentWindow - Actual Value] @27-05-2021 03:10:00.0352 A
[ReportManager] File Action [getAbsolutePath] successfully performed. With the following test data [Relative Folder Path: "target/downloadedFiles/"]. @27-05-2021 03:10:00.0357 AM
[ReportManager] Attempting to run remotely on: [Linux-64], [GoogleChrome], [http://localhost:4444/wd/hub], Headless Execution. @27-05-2021 03:10:00.0357 AM
[ReportManager] Successfully Opened [GoogleChrome]. @27-05-2021 03:10:00.0545 AM
[ReportManager] Target URL: [https://www.google.com/ncr], and after redirection: [www.google.com] @27-05-2021 03:10:00.0554 AM
[ReportManager] Initial URL: [data:,] @27-05-2021 03:10:00.0589 AM
[ReportManager] Browser Action [navigateToURL] successfully performed. With the following test data [https://www.google.com/ncr]. @27-05-2021 03:10:02.0374 A

################################################################################################################################################
Starting Execution:	[107 out of 141] test cases in the current suite
Test Method:		[unitTests.tests_validations_assertions.assertElementAttribute_false_containsComparison_expectedToPass]
################################################################################################################################################
[ReportManager] Element Action [type] successfully performed. With the following test data [Automation123]. @27-05-2021 03:10:02.0910 AM
[ReportManager] Element Action [getText] successfully performed. With the following test data [Automation123]. @27-05-2021 03:10:03.0004 AM
[ReportManager] Loaded Shared OpenCV @27-05-2021 03:10:03.0170 A
[ReportManager] Successfully created attachment [Selenium WebDriver Logs - server] @27-05-2021 03:10:03.0434 AM
[ReportManager] Successfully created attachment [Selenium WebDriver Logs - performance] @27-05-2021 03:10:03.0525 AM
[ReportManager] Successfully created attachment [Selenium WebDriver Logs - browser] @27-05-2021 03:10:03.0532 AM
[ReportManager] Successfully created attachment [Selenium WebDriver Logs - driver] @27-05-2021 03:10:03.0659 AM
[ReportManager] Browser Action [closeCurrentWindow] successfully performed. @27-05-2021 03:10:03.0716 AM
[ReportManager] Successfully created attachment [Browser Action Test Data - closeCurrentWindow - Actual Value] @27-05-2021 03:10:03.0720 A
[ReportManager] File Action [getAbsolutePath] successfully performed. With the following test data [Relative Folder Path: "target/downloadedFiles/"]. @27-05-2021 03:10:03.0726 AM
[ReportManager] Attempting to run remotely on: [Linux-64], [GoogleChrome], [http://localhost:4444/wd/hub], Headless Execution. @27-05-2021 03:10:03.0726 AM
[ReportManager] Successfully Opened [GoogleChrome]. @27-05-2021 03:10:03.0922 AM
[ReportManager] Target URL: [https://www.google.com/ncr], and after redirection: [www.google.com] @27-05-2021 03:10:03.0935 AM
[ReportManager] Initial URL: [data:,] @27-05-2021 03:10:03.0971 AM
[ReportManager] Browser Action [navigateToURL] successfully performed. With the following test data [https://www.google.com/ncr]. @27-05-2021 03:10:05.0733 A

################################################################################################################################################
Starting Execution:	[108 out of 141] test cases in the current suite
Test Method:		[unitTests.tests_validations_assertions.assertElementAttribute_false_literalComparison_expectedToFail]
################################################################################################################################################
[ReportManager] Element Action [type] successfully performed. With the following test data [Automation!@#$%^&*()_+{}[]\';/.,]. @27-05-2021 03:10:06.0898 AM
[ReportManager] Element Action [getText] successfully performed. With the following test data [Automation!@#$%^&*()_+{}[]\';/.,]. @27-05-2021 03:10:07.0022 AM
[ReportManager] Loaded Shared OpenCV @27-05-2021 03:10:07.0192 A
[ReportManager] Successfully created attachment [Selenium WebDriver Logs - server] @27-05-2021 03:10:07.0449 AM
[ReportManager] Successfully created attachment [Selenium WebDriver Logs - performance] @27-05-2021 03:10:07.0604 AM
[ReportManager] Successfully created attachment [Selenium WebDriver Logs - browser] @27-05-2021 03:10:07.0611 AM
[ReportManager] Successfully created attachment [Selenium WebDriver Logs - driver] @27-05-2021 03:10:07.0773 AM
[ReportManager] Browser Action [closeCurrentWindow] successfully performed. @27-05-2021 03:10:07.0831 AM
[ReportManager] Successfully created attachment [Browser Action Test Data - closeCurrentWindow - Actual Value] @27-05-2021 03:10:07.0835 A
[ReportManager] File Action [getAbsolutePath] successfully performed. With the following test data [Relative Folder Path: "target/downloadedFiles/"]. @27-05-2021 03:10:07.0839 AM
[ReportManager] Attempting to run remotely on: [Linux-64], [GoogleChrome], [http://localhost:4444/wd/hub], Headless Execution. @27-05-2021 03:10:07.0839 AM
[ReportManager] Successfully Opened [GoogleChrome]. @27-05-2021 03:10:08.0041 AM
[ReportManager] Target URL: [https://www.google.com/ncr], and after redirection: [www.google.com] @27-05-2021 03:10:08.0061 AM
[ReportManager] Initial URL: [data:,] @27-05-2021 03:10:08.0104 AM
[ReportManager] Browser Action [navigateToURL] successfully performed. With the following test data [https://www.google.com/ncr]. @27-05-2021 03:10:09.0844 A

################################################################################################################################################
Starting Execution:	[109 out of 141] test cases in the current suite
Test Method:		[unitTests.tests_validations_assertions.assertElementAttribute_false_literalComparison_expectedToPass]
################################################################################################################################################
[ReportManager] Element Action [type] successfully performed. With the following test data [Automation!@#$%^&*()_+{}[]\';/.,]. @27-05-2021 03:10:10.0901 AM
[ReportManager] Element Action [getText] successfully performed. With the following test data [Automation!@#$%^&*()_+{}[]\';/.,]. @27-05-2021 03:10:10.0997 AM
[ReportManager] Loaded Shared OpenCV @27-05-2021 03:10:11.0181 A
[ReportManager] Successfully created attachment [Selenium WebDriver Logs - server] @27-05-2021 03:10:11.0439 AM
[ReportManager] Successfully created attachment [Selenium WebDriver Logs - performance] @27-05-2021 03:10:11.0590 AM
[ReportManager] Successfully created attachment [Selenium WebDriver Logs - browser] @27-05-2021 03:10:11.0597 AM
[ReportManager] Successfully created attachment [Selenium WebDriver Logs - driver] @27-05-2021 03:10:11.0766 AM
[ReportManager] Browser Action [closeCurrentWindow] successfully performed. @27-05-2021 03:10:11.0823 AM
[ReportManager] Successfully created attachment [Browser Action Test Data - closeCurrentWindow - Actual Value] @27-05-2021 03:10:11.0826 A
[ReportManager] File Action [getAbsolutePath] successfully performed. With the following test data [Relative Folder Path: "target/downloadedFiles/"]. @27-05-2021 03:10:11.0832 AM
[ReportManager] Attempting to run remotely on: [Linux-64], [GoogleChrome], [http://localhost:4444/wd/hub], Headless Execution. @27-05-2021 03:10:11.0832 AM
[ReportManager] Successfully Opened [GoogleChrome]. @27-05-2021 03:10:12.0111 AM
[ReportManager] Target URL: [https://www.google.com/ncr], and after redirection: [www.google.com] @27-05-2021 03:10:12.0127 AM
[ReportManager] Initial URL: [data:,] @27-05-2021 03:10:12.0168 AM
[ReportManager] Browser Action [navigateToURL] successfully performed. With the following test data [https://www.google.com/ncr]. @27-05-2021 03:10:13.0987 A

################################################################################################################################################
Starting Execution:	[110 out of 141] test cases in the current suite
Test Method:		[unitTests.tests_validations_assertions.assertElementAttribute_false_regexComparison_expectedToFail]
################################################################################################################################################
[ReportManager] Element Action [type] successfully performed. With the following test data [Automation123]. @27-05-2021 03:10:14.0474 AM
[ReportManager] Element Action [getText] successfully performed. With the following test data [Automation123]. @27-05-2021 03:10:14.0592 AM
[ReportManager] Loaded Shared OpenCV @27-05-2021 03:10:14.0757 A
[ReportManager] Successfully created attachment [Selenium WebDriver Logs - server] @27-05-2021 03:10:15.0000 AM
[ReportManager] Successfully created attachment [Selenium WebDriver Logs - performance] @27-05-2021 03:10:15.0089 AM
[ReportManager] Successfully created attachment [Selenium WebDriver Logs - browser] @27-05-2021 03:10:15.0096 AM
[ReportManager] Successfully created attachment [Selenium WebDriver Logs - driver] @27-05-2021 03:10:15.0218 AM
[ReportManager] Browser Action [closeCurrentWindow] successfully performed. @27-05-2021 03:10:15.0278 AM
[ReportManager] Successfully created attachment [Browser Action Test Data - closeCurrentWindow - Actual Value] @27-05-2021 03:10:15.0281 A
[ReportManager] File Action [getAbsolutePath] successfully performed. With the following test data [Relative Folder Path: "target/downloadedFiles/"]. @27-05-2021 03:10:15.0285 AM
[ReportManager] Attempting to run remotely on: [Linux-64], [GoogleChrome], [http://localhost:4444/wd/hub], Headless Execution. @27-05-2021 03:10:15.0285 AM
[ReportManager] Successfully Opened [GoogleChrome]. @27-05-2021 03:10:15.0493 AM
[ReportManager] Target URL: [https://www.google.com/ncr], and after redirection: [www.google.com] @27-05-2021 03:10:15.0502 AM
[ReportManager] Initial URL: [data:,] @27-05-2021 03:10:15.0545 AM
[ReportManager] Browser Action [navigateToURL] successfully performed. With the following test data [https://www.google.com/ncr]. @27-05-2021 03:10:17.0370 A

################################################################################################################################################
Starting Execution:	[111 out of 141] test cases in the current suite
Test Method:		[unitTests.tests_validations_assertions.assertElementAttribute_false_regexComparison_expectedToPass]
################################################################################################################################################
[ReportManager] Element Action [type] successfully performed. With the following test data [Automation123]. @27-05-2021 03:10:17.0885 AM
[ReportManager] Element Action [getText] successfully performed. With the following test data [Automation123]. @27-05-2021 03:10:17.0981 AM
[ReportManager] Loaded Shared OpenCV @27-05-2021 03:10:18.0141 A
[ReportManager] Successfully created attachment [Selenium WebDriver Logs - server] @27-05-2021 03:10:18.0398 AM
[ReportManager] Successfully created attachment [Selenium WebDriver Logs - performance] @27-05-2021 03:10:18.0495 AM
[ReportManager] Successfully created attachment [Selenium WebDriver Logs - browser] @27-05-2021 03:10:18.0501 AM
[ReportManager] Successfully created attachment [Selenium WebDriver Logs - driver] @27-05-2021 03:10:18.0637 AM
[ReportManager] Browser Action [closeCurrentWindow] successfully performed. @27-05-2021 03:10:18.0694 AM
[ReportManager] Successfully created attachment [Browser Action Test Data - closeCurrentWindow - Actual Value] @27-05-2021 03:10:18.0698 A
[ReportManager] File Action [getAbsolutePath] successfully performed. With the following test data [Relative Folder Path: "target/downloadedFiles/"]. @27-05-2021 03:10:18.0704 AM
[ReportManager] Attempting to run remotely on: [Linux-64], [GoogleChrome], [http://localhost:4444/wd/hub], Headless Execution. @27-05-2021 03:10:18.0704 AM
[ReportManager] Successfully Opened [GoogleChrome]. @27-05-2021 03:10:18.0881 AM
[ReportManager] Target URL: [https://www.google.com/ncr], and after redirection: [www.google.com] @27-05-2021 03:10:18.0890 AM
[ReportManager] Initial URL: [data:,] @27-05-2021 03:10:18.0924 AM
[ReportManager] Browser Action [navigateToURL] successfully performed. With the following test data [https://www.google.com/ncr]. @27-05-2021 03:10:20.0660 A

################################################################################################################################################
Starting Execution:	[112 out of 141] test cases in the current suite
Test Method:		[unitTests.tests_validations_assertions.assertElementAttribute_true_caseInsensitiveComparison_expectedToFail]
################################################################################################################################################
[ReportManager] Element Action [type] successfully performed. With the following test data [AUTOMATION]. @27-05-2021 03:10:21.0155 AM
[ReportManager] Element Action [getText] successfully performed. With the following test data [AUTOMATION]. @27-05-2021 03:10:21.0266 AM
[ReportManager] Loaded Shared OpenCV @27-05-2021 03:10:21.0451 A
[ReportManager] Successfully created attachment [Selenium WebDriver Logs - server] @27-05-2021 03:10:21.0732 AM
[ReportManager] Successfully created attachment [Selenium WebDriver Logs - performance] @27-05-2021 03:10:21.0818 AM
[ReportManager] Successfully created attachment [Selenium WebDriver Logs - browser] @27-05-2021 03:10:21.0824 AM
[ReportManager] Successfully created attachment [Selenium WebDriver Logs - driver] @27-05-2021 03:10:21.0959 AM
[ReportManager] Browser Action [closeCurrentWindow] successfully performed. @27-05-2021 03:10:22.0016 AM
[ReportManager] Successfully created attachment [Browser Action Test Data - closeCurrentWindow - Actual Value] @27-05-2021 03:10:22.0018 A
[ReportManager] File Action [getAbsolutePath] successfully performed. With the following test data [Relative Folder Path: "target/downloadedFiles/"]. @27-05-2021 03:10:22.0021 AM
[ReportManager] Attempting to run remotely on: [Linux-64], [GoogleChrome], [http://localhost:4444/wd/hub], Headless Execution. @27-05-2021 03:10:22.0022 AM
[ReportManager] Successfully Opened [GoogleChrome]. @27-05-2021 03:10:22.0244 AM
[ReportManager] Target URL: [https://www.google.com/ncr], and after redirection: [www.google.com] @27-05-2021 03:10:22.0256 AM
[ReportManager] Initial URL: [data:,] @27-05-2021 03:10:22.0295 AM
[ReportManager] Browser Action [navigateToURL] successfully performed. With the following test data [https://www.google.com/ncr]. @27-05-2021 03:10:24.0058 A

################################################################################################################################################
Starting Execution:	[113 out of 141] test cases in the current suite
Test Method:		[unitTests.tests_validations_assertions.assertElementAttribute_true_caseInsensitiveComparison_expectedToPass]
################################################################################################################################################
[ReportManager] Element Action [type] successfully performed. With the following test data [AUTOMATION]. @27-05-2021 03:10:24.0568 AM
[ReportManager] Element Action [getText] successfully performed. With the following test data [AUTOMATION]. @27-05-2021 03:10:24.0657 AM
[ReportManager] Loaded Shared OpenCV @27-05-2021 03:10:24.0829 A
[ReportManager] Successfully created attachment [Selenium WebDriver Logs - server] @27-05-2021 03:10:25.0097 AM
[ReportManager] Successfully created attachment [Selenium WebDriver Logs - performance] @27-05-2021 03:10:25.0184 AM
[ReportManager] Successfully created attachment [Selenium WebDriver Logs - browser] @27-05-2021 03:10:25.0190 AM
[ReportManager] Successfully created attachment [Selenium WebDriver Logs - driver] @27-05-2021 03:10:25.0316 AM
[ReportManager] Browser Action [closeCurrentWindow] successfully performed. @27-05-2021 03:10:25.0374 AM
[ReportManager] Successfully created attachment [Browser Action Test Data - closeCurrentWindow - Actual Value] @27-05-2021 03:10:25.0378 A
[ReportManager] File Action [getAbsolutePath] successfully performed. With the following test data [Relative Folder Path: "target/downloadedFiles/"]. @27-05-2021 03:10:25.0383 AM
[ReportManager] Attempting to run remotely on: [Linux-64], [GoogleChrome], [http://localhost:4444/wd/hub], Headless Execution. @27-05-2021 03:10:25.0383 AM
[ReportManager] Successfully Opened [GoogleChrome]. @27-05-2021 03:10:25.0571 AM
[ReportManager] Target URL: [https://www.google.com/ncr], and after redirection: [www.google.com] @27-05-2021 03:10:25.0580 AM
[ReportManager] Initial URL: [data:,] @27-05-2021 03:10:25.0613 AM
[ReportManager] Browser Action [navigateToURL] successfully performed. With the following test data [https://www.google.com/ncr]. @27-05-2021 03:10:27.0339 A

################################################################################################################################################
Starting Execution:	[114 out of 141] test cases in the current suite
Test Method:		[unitTests.tests_validations_assertions.assertElementAttribute_true_containsComparison_expectedToFail]
################################################################################################################################################
[ReportManager] Element Action [type] successfully performed. With the following test data [Automation123]. @27-05-2021 03:10:27.0870 AM
[ReportManager] Element Action [getText] successfully performed. With the following test data [Automation123]. @27-05-2021 03:10:27.0957 AM
[ReportManager] Loaded Shared OpenCV @27-05-2021 03:10:28.0120 A
[ReportManager] Successfully created attachment [Selenium WebDriver Logs - server] @27-05-2021 03:10:28.0372 AM
[ReportManager] Successfully created attachment [Selenium WebDriver Logs - performance] @27-05-2021 03:10:28.0467 AM
[ReportManager] Successfully created attachment [Selenium WebDriver Logs - browser] @27-05-2021 03:10:28.0474 AM
[ReportManager] Successfully created attachment [Selenium WebDriver Logs - driver] @27-05-2021 03:10:28.0605 AM
[ReportManager] Browser Action [closeCurrentWindow] successfully performed. @27-05-2021 03:10:28.0663 AM
[ReportManager] Successfully created attachment [Browser Action Test Data - closeCurrentWindow - Actual Value] @27-05-2021 03:10:28.0666 A
[ReportManager] File Action [getAbsolutePath] successfully performed. With the following test data [Relative Folder Path: "target/downloadedFiles/"]. @27-05-2021 03:10:28.0671 AM
[ReportManager] Attempting to run remotely on: [Linux-64], [GoogleChrome], [http://localhost:4444/wd/hub], Headless Execution. @27-05-2021 03:10:28.0671 AM
[ReportManager] Successfully Opened [GoogleChrome]. @27-05-2021 03:10:28.0874 AM
[ReportManager] Target URL: [https://www.google.com/ncr], and after redirection: [www.google.com] @27-05-2021 03:10:28.0883 AM
[ReportManager] Initial URL: [data:,] @27-05-2021 03:10:28.0920 AM
[ReportManager] Browser Action [navigateToURL] successfully performed. With the following test data [https://www.google.com/ncr]. @27-05-2021 03:10:30.0685 A

################################################################################################################################################
Starting Execution:	[115 out of 141] test cases in the current suite
Test Method:		[unitTests.tests_validations_assertions.assertElementAttribute_true_containsComparison_expectedToPass]
################################################################################################################################################
[ReportManager] Element Action [type] successfully performed. With the following test data [Automation123]. @27-05-2021 03:10:31.0211 AM
[ReportManager] Element Action [getText] successfully performed. With the following test data [Automation123]. @27-05-2021 03:10:31.0301 AM
[ReportManager] Loaded Shared OpenCV @27-05-2021 03:10:31.0478 A
[ReportManager] Successfully created attachment [Selenium WebDriver Logs - server] @27-05-2021 03:10:31.0741 AM
[ReportManager] Successfully created attachment [Selenium WebDriver Logs - performance] @27-05-2021 03:10:31.0839 AM
[ReportManager] Successfully created attachment [Selenium WebDriver Logs - browser] @27-05-2021 03:10:31.0847 AM
[ReportManager] Successfully created attachment [Selenium WebDriver Logs - driver] @27-05-2021 03:10:31.0984 AM
[ReportManager] Browser Action [closeCurrentWindow] successfully performed. @27-05-2021 03:10:32.0041 AM
[ReportManager] Successfully created attachment [Browser Action Test Data - closeCurrentWindow - Actual Value] @27-05-2021 03:10:32.0044 A
[ReportManager] File Action [getAbsolutePath] successfully performed. With the following test data [Relative Folder Path: "target/downloadedFiles/"]. @27-05-2021 03:10:32.0048 AM
[ReportManager] Attempting to run remotely on: [Linux-64], [GoogleChrome], [http://localhost:4444/wd/hub], Headless Execution. @27-05-2021 03:10:32.0048 AM
[ReportManager] Successfully Opened [GoogleChrome]. @27-05-2021 03:10:32.0254 AM
[ReportManager] Target URL: [https://www.google.com/ncr], and after redirection: [www.google.com] @27-05-2021 03:10:32.0263 AM
[ReportManager] Initial URL: [data:,] @27-05-2021 03:10:32.0299 AM
[ReportManager] Browser Action [navigateToURL] successfully performed. With the following test data [https://www.google.com/ncr]. @27-05-2021 03:10:34.0181 A

################################################################################################################################################
Starting Execution:	[116 out of 141] test cases in the current suite
Test Method:		[unitTests.tests_validations_assertions.assertElementAttribute_true_literalComparison_expectedToFail]
################################################################################################################################################
[ReportManager] Element Action [type] successfully performed. With the following test data [Automation!@#$%^&*()_+{}[]\';/.,]. @27-05-2021 03:10:35.0214 AM
[ReportManager] Element Action [getText] successfully performed. With the following test data [Automation!@#$%^&*()_+{}[]\';/.,]. @27-05-2021 03:10:35.0313 AM
[ReportManager] Loaded Shared OpenCV @27-05-2021 03:10:35.0497 A
[ReportManager] Successfully created attachment [Selenium WebDriver Logs - server] @27-05-2021 03:10:35.0765 AM
[ReportManager] Successfully created attachment [Selenium WebDriver Logs - performance] @27-05-2021 03:10:35.0920 AM
[ReportManager] Successfully created attachment [Selenium WebDriver Logs - browser] @27-05-2021 03:10:35.0928 AM
[ReportManager] Successfully created attachment [Selenium WebDriver Logs - driver] @27-05-2021 03:10:36.0091 AM
[ReportManager] Browser Action [closeCurrentWindow] successfully performed. @27-05-2021 03:10:36.0149 AM
[ReportManager] Successfully created attachment [Browser Action Test Data - closeCurrentWindow - Actual Value] @27-05-2021 03:10:36.0153 A
[ReportManager] File Action [getAbsolutePath] successfully performed. With the following test data [Relative Folder Path: "target/downloadedFiles/"]. @27-05-2021 03:10:36.0158 AM
[ReportManager] Attempting to run remotely on: [Linux-64], [GoogleChrome], [http://localhost:4444/wd/hub], Headless Execution. @27-05-2021 03:10:36.0159 AM
[ReportManager] Successfully Opened [GoogleChrome]. @27-05-2021 03:10:36.0358 AM
[ReportManager] Target URL: [https://www.google.com/ncr], and after redirection: [www.google.com] @27-05-2021 03:10:36.0369 AM
[ReportManager] Initial URL: [data:,] @27-05-2021 03:10:36.0409 AM
[ReportManager] Browser Action [navigateToURL] successfully performed. With the following test data [https://www.google.com/ncr]. @27-05-2021 03:10:38.0191 A

################################################################################################################################################
Starting Execution:	[117 out of 141] test cases in the current suite
Test Method:		[unitTests.tests_validations_assertions.assertElementAttribute_true_literalComparison_expectedToPass]
################################################################################################################################################
[ReportManager] Element Action [type] successfully performed. With the following test data [Automation!@#$%^&*()_+{}[]\';/.,]. @27-05-2021 03:10:39.0214 AM
[ReportManager] Element Action [getText] successfully performed. With the following test data [Automation!@#$%^&*()_+{}[]\';/.,]. @27-05-2021 03:10:39.0301 AM
[ReportManager] Loaded Shared OpenCV @27-05-2021 03:10:39.0459 A
[ReportManager] Successfully created attachment [Selenium WebDriver Logs - server] @27-05-2021 03:10:39.0702 AM
[ReportManager] Successfully created attachment [Selenium WebDriver Logs - performance] @27-05-2021 03:10:39.0854 AM
[ReportManager] Successfully created attachment [Selenium WebDriver Logs - browser] @27-05-2021 03:10:39.0862 AM
[ReportManager] Successfully created attachment [Selenium WebDriver Logs - driver] @27-05-2021 03:10:40.0034 AM
[ReportManager] Browser Action [closeCurrentWindow] successfully performed. @27-05-2021 03:10:40.0094 AM
[ReportManager] Successfully created attachment [Browser Action Test Data - closeCurrentWindow - Actual Value] @27-05-2021 03:10:40.0097 A
[ReportManager] File Action [getAbsolutePath] successfully performed. With the following test data [Relative Folder Path: "target/downloadedFiles/"]. @27-05-2021 03:10:40.0104 AM
[ReportManager] Attempting to run remotely on: [Linux-64], [GoogleChrome], [http://localhost:4444/wd/hub], Headless Execution. @27-05-2021 03:10:40.0104 AM
[ReportManager] Successfully Opened [GoogleChrome]. @27-05-2021 03:10:40.0337 AM
[ReportManager] Target URL: [https://www.google.com/ncr], and after redirection: [www.google.com] @27-05-2021 03:10:40.0347 AM
[ReportManager] Initial URL: [data:,] @27-05-2021 03:10:40.0385 AM
[ReportManager] Browser Action [navigateToURL] successfully performed. With the following test data [https://www.google.com/ncr]. @27-05-2021 03:10:42.0139 A

################################################################################################################################################
Starting Execution:	[118 out of 141] test cases in the current suite
Test Method:		[unitTests.tests_validations_assertions.assertElementAttribute_true_regexComparison_expectedToFail]
################################################################################################################################################
[ReportManager] Element Action [type] successfully performed. With the following test data [Automation123]. @27-05-2021 03:10:42.0669 AM
[ReportManager] Element Action [getText] successfully performed. With the following test data [Automation123]. @27-05-2021 03:10:42.0758 AM
[ReportManager] Loaded Shared OpenCV @27-05-2021 03:10:42.0922 A
[ReportManager] Successfully created attachment [Selenium WebDriver Logs - server] @27-05-2021 03:10:43.0165 AM
[ReportManager] Successfully created attachment [Selenium WebDriver Logs - performance] @27-05-2021 03:10:43.0254 AM
[ReportManager] Successfully created attachment [Selenium WebDriver Logs - browser] @27-05-2021 03:10:43.0263 AM
[ReportManager] Successfully created attachment [Selenium WebDriver Logs - driver] @27-05-2021 03:10:43.0383 AM
[ReportManager] Browser Action [closeCurrentWindow] successfully performed. @27-05-2021 03:10:43.0440 AM
[ReportManager] Successfully created attachment [Browser Action Test Data - closeCurrentWindow - Actual Value] @27-05-2021 03:10:43.0442 A
[ReportManager] File Action [getAbsolutePath] successfully performed. With the following test data [Relative Folder Path: "target/downloadedFiles/"]. @27-05-2021 03:10:43.0451 AM
[ReportManager] Attempting to run remotely on: [Linux-64], [GoogleChrome], [http://localhost:4444/wd/hub], Headless Execution. @27-05-2021 03:10:43.0451 AM
[ReportManager] Successfully Opened [GoogleChrome]. @27-05-2021 03:10:43.0636 AM
[ReportManager] Target URL: [https://www.google.com/ncr], and after redirection: [www.google.com] @27-05-2021 03:10:43.0645 AM
[ReportManager] Initial URL: [data:,] @27-05-2021 03:10:43.0678 AM
[ReportManager] Browser Action [navigateToURL] successfully performed. With the following test data [https://www.google.com/ncr]. @27-05-2021 03:10:45.0346 A

################################################################################################################################################
Starting Execution:	[119 out of 141] test cases in the current suite
Test Method:		[unitTests.tests_validations_assertions.assertElementAttribute_true_regexComparison_expectedToPass]
################################################################################################################################################
[ReportManager] Element Action [type] successfully performed. With the following test data [Automation123]. @27-05-2021 03:10:45.0876 AM
[ReportManager] Element Action [getText] successfully performed. With the following test data [Automation123]. @27-05-2021 03:10:45.0967 AM
[ReportManager] Loaded Shared OpenCV @27-05-2021 03:10:46.0140 A
[ReportManager] Successfully created attachment [Selenium WebDriver Logs - server] @27-05-2021 03:10:46.0406 AM
[ReportManager] Successfully created attachment [Selenium WebDriver Logs - performance] @27-05-2021 03:10:46.0498 AM
[ReportManager] Successfully created attachment [Selenium WebDriver Logs - browser] @27-05-2021 03:10:46.0504 AM
[ReportManager] Successfully created attachment [Selenium WebDriver Logs - driver] @27-05-2021 03:10:46.0635 AM
[ReportManager] Browser Action [closeCurrentWindow] successfully performed. @27-05-2021 03:10:46.0693 AM
[ReportManager] Successfully created attachment [Browser Action Test Data - closeCurrentWindow - Actual Value] @27-05-2021 03:10:46.0696 A
[ReportManager] File Action [getAbsolutePath] successfully performed. With the following test data [Relative Folder Path: "target/downloadedFiles/"]. @27-05-2021 03:10:46.0701 AM
[ReportManager] Attempting to run remotely on: [Linux-64], [GoogleChrome], [http://localhost:4444/wd/hub], Headless Execution. @27-05-2021 03:10:46.0701 AM
[ReportManager] Successfully Opened [GoogleChrome]. @27-05-2021 03:10:46.0895 AM
[ReportManager] Target URL: [https://www.google.com/ncr], and after redirection: [www.google.com] @27-05-2021 03:10:46.0906 AM
[ReportManager] Initial URL: [data:,] @27-05-2021 03:10:46.0940 AM
[ReportManager] Browser Action [navigateToURL] successfully performed. With the following test data [https://www.google.com/ncr]. @27-05-2021 03:10:48.0747 A

################################################################################################################################################
Starting Execution:	[120 out of 141] test cases in the current suite
Test Method:		[unitTests.tests_validations_assertions.assertElementAttribute_type_true_literalComparison_expectedToPass]
################################################################################################################################################
[ReportManager] Element Action [type] successfully performed. With the following test data [Automation!@#$%^&*()_+{}[]\';/.,]. @27-05-2021 03:10:49.0829 AM
[ReportManager] Element Action [getText] successfully performed. With the following test data [Automation!@#$%^&*()_+{}[]\';/.,]. @27-05-2021 03:10:49.0920 AM
[ReportManager] Loaded Shared OpenCV @27-05-2021 03:10:50.0094 A
[ReportManager] Successfully created attachment [Selenium WebDriver Logs - server] @27-05-2021 03:10:50.0340 AM
[ReportManager] Successfully created attachment [Selenium WebDriver Logs - performance] @27-05-2021 03:10:50.0501 AM
[ReportManager] Successfully created attachment [Selenium WebDriver Logs - browser] @27-05-2021 03:10:50.0509 AM
[ReportManager] Successfully created attachment [Selenium WebDriver Logs - driver] @27-05-2021 03:10:50.0687 AM
[ReportManager] Browser Action [closeCurrentWindow] successfully performed. @27-05-2021 03:10:50.0745 AM
[ReportManager] Successfully created attachment [Browser Action Test Data - closeCurrentWindow - Actual Value] @27-05-2021 03:10:50.0748 A
[ReportManager] File Action [getAbsolutePath] successfully performed. With the following test data [Relative Folder Path: "target/downloadedFiles/"]. @27-05-2021 03:10:50.0753 AM
[ReportManager] Attempting to run remotely on: [Linux-64], [GoogleChrome], [http://localhost:4444/wd/hub], Headless Execution. @27-05-2021 03:10:50.0753 AM
[ReportManager] Successfully Opened [GoogleChrome]. @27-05-2021 03:10:50.0940 AM
[ReportManager] Target URL: [https://www.google.com/ncr], and after redirection: [www.google.com] @27-05-2021 03:10:50.0949 AM
[ReportManager] Initial URL: [data:,] @27-05-2021 03:10:50.0983 AM
[ReportManager] Browser Action [navigateToURL] successfully performed. With the following test data [https://www.google.com/ncr]. @27-05-2021 03:10:52.0788 A

################################################################################################################################################
Starting Execution:	[121 out of 141] test cases in the current suite
Test Method:		[unitTests.tests_validations_assertions.assertElementExists_false_expectedToFail]
################################################################################################################################################
[ReportManager] Loaded Shared OpenCV @27-05-2021 03:10:53.0016 A
[ReportManager] Successfully created attachment [Selenium WebDriver Logs - server] @27-05-2021 03:10:53.0267 AM
[ReportManager] Successfully created attachment [Selenium WebDriver Logs - performance] @27-05-2021 03:10:53.0312 AM
[ReportManager] Successfully created attachment [Selenium WebDriver Logs - browser] @27-05-2021 03:10:53.0319 AM
[ReportManager] Successfully created attachment [Selenium WebDriver Logs - driver] @27-05-2021 03:10:53.0395 AM
[ReportManager] Browser Action [closeCurrentWindow] successfully performed. @27-05-2021 03:10:53.0452 AM
[ReportManager] Successfully created attachment [Browser Action Test Data - closeCurrentWindow - Actual Value] @27-05-2021 03:10:53.0454 A
[ReportManager] File Action [getAbsolutePath] successfully performed. With the following test data [Relative Folder Path: "target/downloadedFiles/"]. @27-05-2021 03:10:53.0459 AM
[ReportManager] Attempting to run remotely on: [Linux-64], [GoogleChrome], [http://localhost:4444/wd/hub], Headless Execution. @27-05-2021 03:10:53.0459 AM
[ReportManager] Successfully Opened [GoogleChrome]. @27-05-2021 03:10:53.0649 AM
[ReportManager] Target URL: [https://www.google.com/ncr], and after redirection: [www.google.com] @27-05-2021 03:10:53.0659 AM
[ReportManager] Initial URL: [data:,] @27-05-2021 03:10:53.0695 AM
[ReportManager] Browser Action [navigateToURL] successfully performed. With the following test data [https://www.google.com/ncr]. @27-05-2021 03:10:55.0515 A

################################################################################################################################################
Starting Execution:	[122 out of 141] test cases in the current suite
Test Method:		[unitTests.tests_validations_assertions.assertElementExists_false_expectedToPass]
###############################################################################################################################################
[ReportManager] Successfully created attachment [Selenium WebDriver Logs - server] @27-05-2021 03:11:06.0071 AM
[ReportManager] Successfully created attachment [Selenium WebDriver Logs - performance] @27-05-2021 03:11:06.0115 AM
[ReportManager] Successfully created attachment [Selenium WebDriver Logs - browser] @27-05-2021 03:11:06.0121 AM
[ReportManager] Successfully created attachment [Selenium WebDriver Logs - driver] @27-05-2021 03:11:06.0210 AM
[ReportManager] Browser Action [closeCurrentWindow] successfully performed. @27-05-2021 03:11:06.0267 AM
[ReportManager] Successfully created attachment [Browser Action Test Data - closeCurrentWindow - Actual Value] @27-05-2021 03:11:06.0271 A
[ReportManager] File Action [getAbsolutePath] successfully performed. With the following test data [Relative Folder Path: "target/downloadedFiles/"]. @27-05-2021 03:11:06.0275 AM
[ReportManager] Attempting to run remotely on: [Linux-64], [GoogleChrome], [http://localhost:4444/wd/hub], Headless Execution. @27-05-2021 03:11:06.0275 AM
[ReportManager] Successfully Opened [GoogleChrome]. @27-05-2021 03:11:06.0466 AM
[ReportManager] Target URL: [https://www.google.com/ncr], and after redirection: [www.google.com] @27-05-2021 03:11:06.0475 AM
[ReportManager] Initial URL: [data:,] @27-05-2021 03:11:06.0512 AM
[ReportManager] Browser Action [navigateToURL] successfully performed. With the following test data [https://www.google.com/ncr]. @27-05-2021 03:11:08.0390 A

################################################################################################################################################
Starting Execution:	[123 out of 141] test cases in the current suite
Test Method:		[unitTests.tests_validations_assertions.assertElementExists_false_multipleElementsFound_expectedToFail]
###############################################################################################################################################
[ReportManager] Successfully created attachment [Selenium WebDriver Logs - server] @27-05-2021 03:11:08.0864 AM
[ReportManager] Successfully created attachment [Selenium WebDriver Logs - performance] @27-05-2021 03:11:08.0908 AM
[ReportManager] Successfully created attachment [Selenium WebDriver Logs - browser] @27-05-2021 03:11:08.0914 AM
[ReportManager] Successfully created attachment [Selenium WebDriver Logs - driver] @27-05-2021 03:11:09.0000 AM
[ReportManager] Browser Action [closeCurrentWindow] successfully performed. @27-05-2021 03:11:09.0057 AM
[ReportManager] Successfully created attachment [Browser Action Test Data - closeCurrentWindow - Actual Value] @27-05-2021 03:11:09.0061 A
[ReportManager] File Action [getAbsolutePath] successfully performed. With the following test data [Relative Folder Path: "target/downloadedFiles/"]. @27-05-2021 03:11:09.0067 AM
[ReportManager] Attempting to run remotely on: [Linux-64], [GoogleChrome], [http://localhost:4444/wd/hub], Headless Execution. @27-05-2021 03:11:09.0067 AM
[ReportManager] Successfully Opened [GoogleChrome]. @27-05-2021 03:11:09.0271 AM
[ReportManager] Target URL: [https://www.google.com/ncr], and after redirection: [www.google.com] @27-05-2021 03:11:09.0283 AM
[ReportManager] Initial URL: [data:,] @27-05-2021 03:11:09.0322 AM
[ReportManager] Browser Action [navigateToURL] successfully performed. With the following test data [https://www.google.com/ncr]. @27-05-2021 03:11:11.0061 A

################################################################################################################################################
Starting Execution:	[124 out of 141] test cases in the current suite
Test Method:		[unitTests.tests_validations_assertions.assertElementExists_true_expectedToFail]
###############################################################################################################################################
[ReportManager] Successfully created attachment [Selenium WebDriver Logs - server] @27-05-2021 03:11:41.0922 AM
[ReportManager] Successfully created attachment [Selenium WebDriver Logs - performance] @27-05-2021 03:11:41.0971 AM
[ReportManager] Successfully created attachment [Selenium WebDriver Logs - browser] @27-05-2021 03:11:41.0979 AM
[ReportManager] Successfully created attachment [Selenium WebDriver Logs - driver] @27-05-2021 03:11:42.0092 AM
[ReportManager] Browser Action [closeCurrentWindow] successfully performed. @27-05-2021 03:11:42.0148 AM
[ReportManager] Successfully created attachment [Browser Action Test Data - closeCurrentWindow - Actual Value] @27-05-2021 03:11:42.0151 A
[ReportManager] File Action [getAbsolutePath] successfully performed. With the following test data [Relative Folder Path: "target/downloadedFiles/"]. @27-05-2021 03:11:42.0157 AM
[ReportManager] Attempting to run remotely on: [Linux-64], [GoogleChrome], [http://localhost:4444/wd/hub], Headless Execution. @27-05-2021 03:11:42.0157 AM
[ReportManager] Successfully Opened [GoogleChrome]. @27-05-2021 03:11:42.0348 AM
[ReportManager] Target URL: [https://www.google.com/ncr], and after redirection: [www.google.com] @27-05-2021 03:11:42.0358 AM
[ReportManager] Initial URL: [data:,] @27-05-2021 03:11:42.0399 AM
[ReportManager] Browser Action [navigateToURL] successfully performed. With the following test data [https://www.google.com/ncr]. @27-05-2021 03:11:44.0152 A

################################################################################################################################################
Starting Execution:	[125 out of 141] test cases in the current suite
Test Method:		[unitTests.tests_validations_assertions.assertElementExists_true_expectedToPass]
###############################################################################################################################################
[ReportManager] Successfully created attachment [Selenium WebDriver Logs - server] @27-05-2021 03:12:14.0997 AM
[ReportManager] Successfully created attachment [Selenium WebDriver Logs - performance] @27-05-2021 03:12:15.0042 AM
[ReportManager] Successfully created attachment [Selenium WebDriver Logs - browser] @27-05-2021 03:12:15.0049 AM
[ReportManager] Successfully created attachment [Selenium WebDriver Logs - driver] @27-05-2021 03:12:15.0149 AM
[ReportManager] Browser Action [closeCurrentWindow] successfully performed. @27-05-2021 03:12:15.0205 AM
[ReportManager] Successfully created attachment [Browser Action Test Data - closeCurrentWindow - Actual Value] @27-05-2021 03:12:15.0209 A
[ReportManager] File Action [getAbsolutePath] successfully performed. With the following test data [Relative Folder Path: "target/downloadedFiles/"]. @27-05-2021 03:12:15.0212 AM
[ReportManager] Attempting to run remotely on: [Linux-64], [GoogleChrome], [http://localhost:4444/wd/hub], Headless Execution. @27-05-2021 03:12:15.0212 AM
[ReportManager] Successfully Opened [GoogleChrome]. @27-05-2021 03:12:15.0416 AM
[ReportManager] Target URL: [https://www.google.com/ncr], and after redirection: [www.google.com] @27-05-2021 03:12:15.0426 AM
[ReportManager] Initial URL: [data:,] @27-05-2021 03:12:15.0463 AM
[ReportManager] Browser Action [navigateToURL] successfully performed. With the following test data [https://www.google.com/ncr]. @27-05-2021 03:12:17.0363 A

################################################################################################################################################
Starting Execution:	[126 out of 141] test cases in the current suite
Test Method:		[unitTests.tests_validations_assertions.assertElementExists_true_multipleElementsFound_expectedToFail]
###############################################################################################################################################
[ReportManager] Successfully created attachment [Selenium WebDriver Logs - server] @27-05-2021 03:12:17.0855 AM
[ReportManager] Successfully created attachment [Selenium WebDriver Logs - performance] @27-05-2021 03:12:17.0899 AM
[ReportManager] Successfully created attachment [Selenium WebDriver Logs - browser] @27-05-2021 03:12:17.0906 AM
[ReportManager] Successfully created attachment [Selenium WebDriver Logs - driver] @27-05-2021 03:12:17.0992 AM
[ReportManager] Browser Action [closeCurrentWindow] successfully performed. @27-05-2021 03:12:18.0049 AM
[ReportManager] Successfully created attachment [Browser Action Test Data - closeCurrentWindow - Actual Value] @27-05-2021 03:12:18.0051 A

################################################################################################################################################
Starting Execution:	[127 out of 141] test cases in the current suite
Test Method:		[unitTests.tests_validations_assertions.assertEquals_false_expectedToFail]
################################################################################################################################################
[ReportManager] AssertEquals FAILED; Expected [1] and Actual [1]. Comparison Type [EQUALS]. Validation Type [NEGATIVE]. @27-05-2021 03:12:18.0056 A

################################################################################################################################################
Starting Execution:	[128 out of 141] test cases in the current suite
Test Method:		[unitTests.tests_validations_assertions.assertEquals_false_expectedToPass]
################################################################################################################################################
[ReportManager] AssertEquals PASSED; Expected [1] and Actual [2]. Comparison Type [EQUALS]. Validation Type [NEGATIVE]. @27-05-2021 03:12:18.0065 A

################################################################################################################################################
Starting Execution:	[129 out of 141] test cases in the current suite
Test Method:		[unitTests.tests_validations_assertions.assertEquals_longCharacters]
################################################################################################################################################
[ReportManager] VerifyEquals PASSED; Expected and Actual values are attached. Comparison Type [EQUALS]. Validation Type [POSITIVE]. @27-05-2021 03:12:18.0067 AM
[ReportManager] Successfully created attachment [Validation Test Data - Expected Value] @27-05-2021 03:12:18.0067 AM
[ReportManager] Successfully created attachment [Validation Test Data - Actual Value] @27-05-2021 03:12:18.0068 AM
[ReportManager] AssertEquals PASSED; Expected and Actual values are attached. Comparison Type [EQUALS]. Validation Type [POSITIVE]. @27-05-2021 03:12:18.0068 AM
[ReportManager] Successfully created attachment [Validation Test Data - Expected Value] @27-05-2021 03:12:18.0068 AM
[ReportManager] Successfully created attachment [Validation Test Data - Actual Value] @27-05-2021 03:12:18.0068 A

################################################################################################################################################
Starting Execution:	[130 out of 141] test cases in the current suite
Test Method:		[unitTests.tests_validations_assertions.assertEquals_longCharacters_Discreet]
################################################################################################################################################
[ReportManager] AssertEquals PASSED; Expected [1LH5pROcDBjjQk0t0mCr0lXuzQu9lcGj28kY8R1H81X67eVAQJgWQhILiRWVPUgZ6uCtK5cnBkF55Jr9vYngjGO1Iyf0Mktv6lruDlL9T8MAUPcUZJGHZtji6nIeadujDSNmWMj5d6C8zlFqw0CRqBU0hO5adIasHgBSNoLotAjce3NGXoDwAlp3rYreeV16VIyZXROQY] and Actual [1LH5pROcDBjjQk0t0mCr0lXuzQu9lcGj28kY8R1H81X67eVAQJgWQhILiRWVPUgZ6uCtK5cnBkF55Jr9vYngjGO1Iyf0Mktv6lruDlL9T8MAUPcUZJGHZtji6nIeadujDSNmWMj5d6C8zlFqw0CRqBU0hO5adIasHgBSNoLotAjce3NGXoDwAlp3rYreeV16VIyZXROQY]. Comparison Type [EQUALS]. Validation Type [POSITIVE]. @27-05-2021 03:12:18.0070 A

################################################################################################################################################
Starting Execution:	[131 out of 141] test cases in the current suite
Test Method:		[unitTests.tests_validations_assertions.assertEquals_true_expectedToFail]
################################################################################################################################################
[ReportManager] AssertEquals FAILED; Expected [1] and Actual [2]. Comparison Type [EQUALS]. Validation Type [POSITIVE]. @27-05-2021 03:12:18.0072 A

################################################################################################################################################
Starting Execution:	[132 out of 141] test cases in the current suite
Test Method:		[unitTests.tests_validations_assertions.assertEquals_true_expectedToPass]
Test Description:	[Assert that assertEquals works as expected when the two values are equal.]
################################################################################################################################################
[ReportManager] VerifyEquals PASSED; Expected [1] and Actual [1]. Comparison Type [EQUALS]. Validation Type [POSITIVE]. @27-05-2021 03:12:18.0073 AM
[ReportManager] AssertEquals PASSED; Expected [1] and Actual [1]. Comparison Type [EQUALS]. Validation Type [POSITIVE]. @27-05-2021 03:12:18.0073 A

################################################################################################################################################
Starting Execution:	[133 out of 141] test cases in the current suite
Test Method:		[unitTests.tests_validations_assertions.assertEquals_true_expectedToPass__]
################################################################################################################################################
[ReportManager] AssertEquals PASSED; Expected [1] and Actual [1]. Comparison Type [EQUALS]. Validation Type [POSITIVE]. @27-05-2021 03:12:18.0075 A

################################################################################################################################################
Starting Execution:	[134 out of 141] test cases in the current suite
Test Method:		[unitTests.tests_validations_assertions.assertFileExists_false_expectedToFail]
################################################################################################################################################
[ReportManager] File Action [doesFileExist] successfully performed. With the following test data [File Path: "src/main/java/com/shaft/gui/element/ElementActions.java"]. @27-05-2021 03:12:18.0076 AM
[ReportManager] AssertFileExists FAILED; Expected [File 'src/main/java/com/shaft/gui/element/ElementActions.java' should not exist, after up to '1' retries] and Actual [File exists]. Validation Type [NEGATIVE]. @27-05-2021 03:12:18.0077 A

################################################################################################################################################
Starting Execution:	[135 out of 141] test cases in the current suite
Test Method:		[unitTests.tests_validations_assertions.assertFileExists_false_expectedToPass]
################################################################################################################################################
[ReportManager] File Action [doesFileExist] successfully performed. With the following test data [File Path: "src/main/java/com/shaft/gui/element/ElementActions.java_fail"]. @27-05-2021 03:12:18.0578 AM
[ReportManager] AssertFileExists PASSED; Expected [File 'src/main/java/com/shaft/gui/element/ElementActions.java_fail' should not exist, after up to '1' retries] and Actual [File does not exist]. Validation Type [NEGATIVE]. @27-05-2021 03:12:18.0579 A

################################################################################################################################################
Starting Execution:	[136 out of 141] test cases in the current suite
Test Method:		[unitTests.tests_validations_assertions.assertFileExists_true_expectedToFail]
################################################################################################################################################
[ReportManager] File Action [doesFileExist] successfully performed. With the following test data [File Path: "src/main/java/com/shaft/gui/element/ElementActions.java_fail"]. @27-05-2021 03:12:19.0083 AM
[ReportManager] AssertFileExists FAILED; Expected [File 'src/main/java/com/shaft/gui/element/ElementActions.java_fail' should exist, after up to '1' retries] and Actual [File does not exist]. Validation Type [POSITIVE]. @27-05-2021 03:12:19.0083 A

################################################################################################################################################
Starting Execution:	[137 out of 141] test cases in the current suite
Test Method:		[unitTests.tests_validations_assertions.assertFileExists_true_expectedToPass]
################################################################################################################################################
[ReportManager] File Action [doesFileExist] successfully performed. With the following test data [File Path: "src/main/java/com/shaft/gui/element/ElementActions.java"]. @27-05-2021 03:12:19.0088 AM
[ReportManager] AssertFileExists PASSED; Expected [File 'src/main/java/com/shaft/gui/element/ElementActions.java' should exist, after up to '1' retries] and Actual [File exists]. Validation Type [POSITIVE]. @27-05-2021 03:12:19.0088 A

################################################################################################################################################
Starting Execution:	[138 out of 141] test cases in the current suite
Test Method:		[unitTests.tests_validations_assertions.assertNull_false_expectedToFail]
################################################################################################################################################
[ReportManager] AssertNull FAILED; Expected [NULL] and Actual [NULL]. Comparison Type [EQUALS]. Validation Type [NEGATIVE]. @27-05-2021 03:12:19.0093 A

################################################################################################################################################
Starting Execution:	[139 out of 141] test cases in the current suite
Test Method:		[unitTests.tests_validations_assertions.assertNull_false_expectedToPass]
################################################################################################################################################
[ReportManager] AssertNull PASSED; Expected [NULL] and Actual [1]. Comparison Type [EQUALS]. Validation Type [NEGATIVE]. @27-05-2021 03:12:19.0098 A

################################################################################################################################################
Starting Execution:	[140 out of 141] test cases in the current suite
Test Method:		[unitTests.tests_validations_assertions.assertNull_true_expectedToFail]
################################################################################################################################################
[ReportManager] AssertNull FAILED; Expected [NULL] and Actual [1]. Comparison Type [EQUALS]. Validation Type [POSITIVE]. @27-05-2021 03:12:19.0099 A

################################################################################################################################################
Starting Execution:	[141 out of 141] test cases in the current suite
Test Method:		[unitTests.tests_validations_assertions.assertNull_true_expectedToPass]
################################################################################################################################################
[ReportManager] AssertNull PASSED; Expected [NULL] and Actual [NULL]. Comparison Type [EQUALS]. Validation Type [POSITIVE]. @27-05-2021 03:12:19.0101 A

################################################################################################################################################
Test Closure Activities
################################################################################################################################################
[ReportManager] Successfully created attachment [SHAFT Engine Logs - Execution log] @27-05-2021 03:12:19.0472 AM

################################################################################################################################################
This test run was powered by SHAFT Engine Version: [SHAFT Engine v5.3.20210519]
SHAFT Engine is licensed under the MIT License: [https://github.com/MohabMohie/SHAFT_ENGINE/blob/master/LICENSE].
################################################################################################################################################