################################################################################################################################################
Detected SHAFT Engine Version: [SHAFT Engine v5.1]
################################################################################################################################################
[ReportManager] File Action [getAbsolutePath] successfully performed. With the following test data [Relative Folder Path: "target/downloadedFiles/"]. @15-02-2021 22:14:49.0585 PM
[ReportManager] Attempting to run remotely on: [Linux-64], [GoogleChrome], [http://localhost:4444/wd/hub], Headless Execution. @15-02-2021 22:14:49.0647 PM
[ReportManager] Successfully Opened [GoogleChrome]. @15-02-2021 22:14:51.0196 P

################################################################################################################################################
Starting Execution:	[1 out of 134] test cases in the current suite
Test Method:		[unitTests.tests_element_elementActions.waitForElementToBePresent_false_expectedToFail]
################################################################################################################################################
[ReportManager] Target URL: [https://www.google.com/ncr], and after redirection: [www.google.com] @15-02-2021 22:14:51.0566 PM
[ReportManager] Initial URL: [data:,] @15-02-2021 22:14:51.0662 PM
[ReportManager] Browser Action [navigateToURL] successfully performed. With the following test data [https://www.google.com/ncr]. @15-02-2021 22:14:52.0974 PM
[ReportManager] Waiting for element to be present; elementLocator [By.id: hplogo], numberOfTries[1], stateOfPresence[false]... @15-02-2021 22:14:52.0984 PM
[ReportManager] Element Action [waitForElementToBePresent] successfully performed. With the following test data [waited up to (5) seconds, for the element's state of presence to be (false). Element locator (By.id: hplogo)]. @15-02-2021 22:14:53.0070 P
[ReportManager] Successfully created attachment [Selenium WebDriver Logs - server] @15-02-2021 22:14:53.0278 PM
[ReportManager] Successfully created attachment [Selenium WebDriver Logs - performance] @15-02-2021 22:14:53.0338 PM
[ReportManager] Successfully created attachment [Selenium WebDriver Logs - driver] @15-02-2021 22:14:53.0514 PM
[ReportManager] Browser Action [closeCurrentWindow] successfully performed. @15-02-2021 22:14:53.0577 PM
[ReportManager] Successfully created attachment [Browser Action Test Data - closeCurrentWindow - Actual Value] @15-02-2021 22:14:53.0585 P
[ReportManager] File Action [getAbsolutePath] successfully performed. With the following test data [Relative Folder Path: "target/downloadedFiles/"]. @15-02-2021 22:14:53.0608 PM
[ReportManager] Attempting to run remotely on: [Linux-64], [GoogleChrome], [http://localhost:4444/wd/hub], Headless Execution. @15-02-2021 22:14:53.0609 PM
[ReportManager] Successfully Opened [GoogleChrome]. @15-02-2021 22:14:54.0290 P

################################################################################################################################################
Starting Execution:	[2 out of 134] test cases in the current suite
Test Method:		[unitTests.tests_element_elementActions.waitForElementToBePresent_false_expectedToPass]
################################################################################################################################################
[ReportManager] Target URL: [https://www.google.com/ncr], and after redirection: [www.google.com] @15-02-2021 22:14:54.0326 PM
[ReportManager] Initial URL: [data:,] @15-02-2021 22:14:54.0421 PM
[ReportManager] Browser Action [navigateToURL] successfully performed. With the following test data [https://www.google.com/ncr]. @15-02-2021 22:14:55.0372 PM
[ReportManager] Waiting for element to be present; elementLocator [By.id: bla], numberOfTries[1], stateOfPresence[false]... @15-02-2021 22:14:55.0372 PM
[ReportManager] Element Action [waitForElementToBePresent] successfully performed. With the following test data [waited up to (5) seconds, for the element's state of presence to be (false). Element locator (By.id: bla)]. @15-02-2021 22:14:55.0436 P
[ReportManager] Successfully created attachment [Selenium WebDriver Logs - server] @15-02-2021 22:14:55.0573 PM
[ReportManager] Successfully created attachment [Selenium WebDriver Logs - performance] @15-02-2021 22:14:55.0622 PM
[ReportManager] Successfully created attachment [Selenium WebDriver Logs - driver] @15-02-2021 22:14:55.0741 PM
[ReportManager] Browser Action [closeCurrentWindow] successfully performed. @15-02-2021 22:14:55.0808 PM
[ReportManager] Successfully created attachment [Browser Action Test Data - closeCurrentWindow - Actual Value] @15-02-2021 22:14:55.0810 P
[ReportManager] File Action [getAbsolutePath] successfully performed. With the following test data [Relative Folder Path: "target/downloadedFiles/"]. @15-02-2021 22:14:55.0831 PM
[ReportManager] Attempting to run remotely on: [Linux-64], [GoogleChrome], [http://localhost:4444/wd/hub], Headless Execution. @15-02-2021 22:14:55.0832 PM
[ReportManager] Successfully Opened [GoogleChrome]. @15-02-2021 22:14:56.0547 P

################################################################################################################################################
Starting Execution:	[3 out of 134] test cases in the current suite
Test Method:		[unitTests.tests_element_elementActions.waitForElementToBePresent_moreThanOneElement_expectedToFail]
################################################################################################################################################
[ReportManager] Target URL: [https://www.google.com/ncr], and after redirection: [www.google.com] @15-02-2021 22:14:56.0593 PM
[ReportManager] Initial URL: [data:,] @15-02-2021 22:14:56.0673 PM
[ReportManager] Browser Action [navigateToURL] successfully performed. With the following test data [https://www.google.com/ncr]. @15-02-2021 22:14:57.0624 PM
[ReportManager] Waiting for element to be present; elementLocator [By.xpath: //*], numberOfTries[1], stateOfPresence[false]... @15-02-2021 22:14:57.0625 PM
[ReportManager] Element Action [waitForElementToBePresent] failed. With the following test data [waited up to (5) seconds, for the element's state of presence to be (false). Element locator (By.xpath: //*)]. @15-02-2021 22:14:58.0109 PM
[ReportManager] Successfully created attachment [Screenshot - 1613427297790_waitForElementToBePresent_moreThanOneElement_expectedToFail_waitForElementToBePresent_failed] @15-02-2021 22:14:58.0121 P
[ReportManager] Successfully created attachment [Selenium WebDriver Logs - server] @15-02-2021 22:14:58.0246 PM
[ReportManager] Successfully created attachment [Selenium WebDriver Logs - performance] @15-02-2021 22:14:58.0297 PM
[ReportManager] Successfully created attachment [Selenium WebDriver Logs - driver] @15-02-2021 22:14:58.0392 PM
[ReportManager] Browser Action [closeCurrentWindow] successfully performed. @15-02-2021 22:14:58.0452 PM
[ReportManager] Successfully created attachment [Browser Action Test Data - closeCurrentWindow - Actual Value] @15-02-2021 22:14:58.0453 P
[ReportManager] File Action [getAbsolutePath] successfully performed. With the following test data [Relative Folder Path: "target/downloadedFiles/"]. @15-02-2021 22:14:58.0458 PM
[ReportManager] Attempting to run remotely on: [Linux-64], [GoogleChrome], [http://localhost:4444/wd/hub], Headless Execution. @15-02-2021 22:14:58.0458 PM
[ReportManager] Successfully Opened [GoogleChrome]. @15-02-2021 22:14:59.0131 P

################################################################################################################################################
Starting Execution:	[4 out of 134] test cases in the current suite
Test Method:		[unitTests.tests_element_elementActions.waitForElementToBePresent_true_expectedToFail]
################################################################################################################################################
[ReportManager] Target URL: [https://www.google.com/ncr], and after redirection: [www.google.com] @15-02-2021 22:14:59.0174 PM
[ReportManager] Initial URL: [data:,] @15-02-2021 22:14:59.0235 PM
[ReportManager] Browser Action [navigateToURL] successfully performed. With the following test data [https://www.google.com/ncr]. @15-02-2021 22:15:00.0174 PM
[ReportManager] Waiting for element to be present; elementLocator [By.id: bla], numberOfTries[1], stateOfPresence[true]... @15-02-2021 22:15:00.0175 PM
[ReportManager] Element Action [waitForElementToBePresent] failed. With the following test data [waited up to (5) seconds, for the element's state of presence to be (true). Element locator (By.id: bla)]. @15-02-2021 22:15:00.0421 PM
[ReportManager] Successfully created attachment [Screenshot - 1613427300345_waitForElementToBePresent_true_expectedToFail_waitForElementToBePresent_failed] @15-02-2021 22:15:00.0424 P
[ReportManager] Successfully created attachment [Selenium WebDriver Logs - server] @15-02-2021 22:15:00.0546 PM
[ReportManager] Successfully created attachment [Selenium WebDriver Logs - performance] @15-02-2021 22:15:00.0603 PM
[ReportManager] Successfully created attachment [Selenium WebDriver Logs - driver] @15-02-2021 22:15:00.0732 PM
[ReportManager] Browser Action [closeCurrentWindow] successfully performed. @15-02-2021 22:15:00.0792 PM
[ReportManager] Successfully created attachment [Browser Action Test Data - closeCurrentWindow - Actual Value] @15-02-2021 22:15:00.0792 P
[ReportManager] File Action [getAbsolutePath] successfully performed. With the following test data [Relative Folder Path: "target/downloadedFiles/"]. @15-02-2021 22:15:00.0803 PM
[ReportManager] Attempting to run remotely on: [Linux-64], [GoogleChrome], [http://localhost:4444/wd/hub], Headless Execution. @15-02-2021 22:15:00.0804 PM
[ReportManager] Successfully Opened [GoogleChrome]. @15-02-2021 22:15:01.0162 P

################################################################################################################################################
Starting Execution:	[5 out of 134] test cases in the current suite
Test Method:		[unitTests.tests_element_elementActions.waitForElementToBePresent_true_expectedToPass]
################################################################################################################################################
[ReportManager] Target URL: [https://www.google.com/ncr], and after redirection: [www.google.com] @15-02-2021 22:15:01.0202 PM
[ReportManager] Initial URL: [data:,] @15-02-2021 22:15:01.0293 PM
[ReportManager] Browser Action [navigateToURL] successfully performed. With the following test data [https://www.google.com/ncr]. @15-02-2021 22:15:02.0219 PM
[ReportManager] Waiting for element to be present; elementLocator [By.id: hplogo], numberOfTries[1], stateOfPresence[true]... @15-02-2021 22:15:02.0219 PM
[ReportManager] Element Action [waitForElementToBePresent] failed. With the following test data [waited up to (5) seconds, for the element's state of presence to be (true). Element locator (By.id: hplogo)]. @15-02-2021 22:15:02.0414 PM
[ReportManager] Successfully created attachment [Screenshot - 1613427302355_waitForElementToBePresent_true_expectedToPass_waitForElementToBePresent_failed] @15-02-2021 22:15:02.0416 P
[ReportManager] Successfully created attachment [Selenium WebDriver Logs - server] @15-02-2021 22:15:02.0543 PM
[ReportManager] Successfully created attachment [Selenium WebDriver Logs - performance] @15-02-2021 22:15:02.0586 PM
[ReportManager] Successfully created attachment [Selenium WebDriver Logs - driver] @15-02-2021 22:15:02.0664 PM
[ReportManager] Browser Action [closeCurrentWindow] successfully performed. @15-02-2021 22:15:02.0722 PM
[ReportManager] Successfully created attachment [Browser Action Test Data - closeCurrentWindow - Actual Value] @15-02-2021 22:15:02.0723 P
[ReportManager] File Action [getAbsolutePath] successfully performed. With the following test data [Relative Folder Path: "target/downloadedFiles/"]. @15-02-2021 22:15:02.0727 PM
[ReportManager] Attempting to run remotely on: [Linux-64], [GoogleChrome], [http://localhost:4444/wd/hub], Headless Execution. @15-02-2021 22:15:02.0727 PM
[ReportManager] Successfully Opened [GoogleChrome]. @15-02-2021 22:15:02.0958 PM
[ReportManager] Target URL: [https://duckduckgo.com] @15-02-2021 22:15:02.0995 PM
[ReportManager] Initial URL: [data:,] @15-02-2021 22:15:03.0071 PM
[ReportManager] Browser Action [navigateToURL] successfully performed. With the following test data [https://duckduckgo.com]. @15-02-2021 22:15:03.0770 P

################################################################################################################################################
Starting Execution:	[6 out of 134] test cases in the current suite
Test Method:		[unitTests.tests_browserActions.fullScreenWindow]
################################################################################################################################################
[ReportManager] Initial Windows Size: 800x600 @15-02-2021 22:15:03.0864 PM
[ReportManager] Initial window size: (800, 600) @15-02-2021 22:15:03.0868 PM
[ReportManager] Window size after Toolkit: (1920, 1080) @15-02-2021 22:15:04.0105 PM
[ReportManager] Browser Action [maximizeWindow] successfully performed. With the following test data [New screen size is now: (1920, 1080)]. @15-02-2021 22:15:04.0109 PM
[ReportManager] Current Windows Size after fullScreen: 1920x1080 @15-02-2021 22:15:04.0122 PM
[ReportManager] Browser Action [fullScreenWindow] successfully performed. @15-02-2021 22:15:04.0141 PM
[ReportManager] Successfully created attachment [Browser Action Test Data - fullScreenWindow - Actual Value] @15-02-2021 22:15:04.0143 P
[ReportManager] Target URL: [https://duckduckgo.com] @15-02-2021 22:15:04.0149 PM
[ReportManager] Initial URL: [https://duckduckgo.com] @15-02-2021 22:15:04.0226 PM
[ReportManager] Browser Action [navigateToURL] successfully performed. With the following test data [https://duckduckgo.com]. @15-02-2021 22:15:04.0652 PM
[ReportManager] Successfully created attachment [Selenium WebDriver Logs - server] @15-02-2021 22:15:04.0727 PM
[ReportManager] Successfully created attachment [Selenium WebDriver Logs - performance] @15-02-2021 22:15:04.0865 PM
[ReportManager] Successfully created attachment [Selenium WebDriver Logs - driver] @15-02-2021 22:15:05.0109 PM
[ReportManager] Browser Action [closeCurrentWindow] successfully performed. @15-02-2021 22:15:05.0169 PM
[ReportManager] Successfully created attachment [Browser Action Test Data - closeCurrentWindow - Actual Value] @15-02-2021 22:15:05.0172 P
[ReportManager] File Action [getAbsolutePath] successfully performed. With the following test data [Relative Folder Path: "target/downloadedFiles/"]. @15-02-2021 22:15:05.0175 PM
[ReportManager] Attempting to run remotely on: [Linux-64], [GoogleChrome], [http://localhost:4444/wd/hub], Headless Execution. @15-02-2021 22:15:05.0175 PM
[ReportManager] Successfully Opened [GoogleChrome]. @15-02-2021 22:15:05.0581 PM
[ReportManager] Target URL: [https://duckduckgo.com] @15-02-2021 22:15:05.0608 PM
[ReportManager] Initial URL: [data:,] @15-02-2021 22:15:05.0665 PM
[ReportManager] Browser Action [navigateToURL] successfully performed. With the following test data [https://duckduckgo.com]. @15-02-2021 22:15:06.0282 P

################################################################################################################################################
Starting Execution:	[7 out of 134] test cases in the current suite
Test Method:		[unitTests.tests_browserActions.getCurrentURL]
################################################################################################################################################
[ReportManager] Browser Action [getCurrentURL] successfully performed. With the following test data [https://duckduckgo.com/]. @15-02-2021 22:15:06.0336 P
[ReportManager] Target URL: [https://duckduckgo.com] @15-02-2021 22:15:06.0338 PM
[ReportManager] Initial URL: [https://duckduckgo.com] @15-02-2021 22:15:06.0451 PM
[ReportManager] Browser Action [navigateToURL] successfully performed. With the following test data [https://duckduckgo.com]. @15-02-2021 22:15:06.0868 PM
[ReportManager] Successfully created attachment [Selenium WebDriver Logs - server] @15-02-2021 22:15:06.0937 PM
[ReportManager] Successfully created attachment [Selenium WebDriver Logs - performance] @15-02-2021 22:15:07.0070 PM
[ReportManager] Successfully created attachment [Selenium WebDriver Logs - driver] @15-02-2021 22:15:07.0265 PM
[ReportManager] Browser Action [closeCurrentWindow] successfully performed. @15-02-2021 22:15:07.0327 PM
[ReportManager] Successfully created attachment [Browser Action Test Data - closeCurrentWindow - Actual Value] @15-02-2021 22:15:07.0329 P
[ReportManager] File Action [getAbsolutePath] successfully performed. With the following test data [Relative Folder Path: "target/downloadedFiles/"]. @15-02-2021 22:15:07.0332 PM
[ReportManager] Attempting to run remotely on: [Linux-64], [GoogleChrome], [http://localhost:4444/wd/hub], Headless Execution. @15-02-2021 22:15:07.0332 PM
[ReportManager] Successfully Opened [GoogleChrome]. @15-02-2021 22:15:07.0625 PM
[ReportManager] Target URL: [https://duckduckgo.com] @15-02-2021 22:15:07.0653 PM
[ReportManager] Initial URL: [data:,] @15-02-2021 22:15:07.0725 PM
[ReportManager] Browser Action [navigateToURL] successfully performed. With the following test data [https://duckduckgo.com]. @15-02-2021 22:15:08.0341 P

################################################################################################################################################
Starting Execution:	[8 out of 134] test cases in the current suite
Test Method:		[unitTests.tests_browserActions.getCurrentWindowTitle]
################################################################################################################################################
[ReportManager] Browser Action [getCurrentWindowTitle] successfully performed. With the following test data [DuckDuckGo â€” Privacy, simplified.]. @15-02-2021 22:15:08.0398 P
[ReportManager] Target URL: [https://duckduckgo.com] @15-02-2021 22:15:08.0402 PM
[ReportManager] Initial URL: [https://duckduckgo.com] @15-02-2021 22:15:08.0501 PM
[ReportManager] Browser Action [navigateToURL] successfully performed. With the following test data [https://duckduckgo.com]. @15-02-2021 22:15:08.0962 PM
[ReportManager] Successfully created attachment [Selenium WebDriver Logs - server] @15-02-2021 22:15:09.0037 PM
[ReportManager] Successfully created attachment [Selenium WebDriver Logs - performance] @15-02-2021 22:15:09.0165 PM
[ReportManager] Successfully created attachment [Selenium WebDriver Logs - driver] @15-02-2021 22:15:09.0342 PM
[ReportManager] Browser Action [closeCurrentWindow] successfully performed. @15-02-2021 22:15:09.0401 PM
[ReportManager] Successfully created attachment [Browser Action Test Data - closeCurrentWindow - Actual Value] @15-02-2021 22:15:09.0402 P
[ReportManager] File Action [getAbsolutePath] successfully performed. With the following test data [Relative Folder Path: "target/downloadedFiles/"]. @15-02-2021 22:15:09.0408 PM
[ReportManager] Attempting to run remotely on: [Linux-64], [GoogleChrome], [http://localhost:4444/wd/hub], Headless Execution. @15-02-2021 22:15:09.0408 PM
[ReportManager] Successfully Opened [GoogleChrome]. @15-02-2021 22:15:09.0659 PM
[ReportManager] Target URL: [https://duckduckgo.com] @15-02-2021 22:15:09.0676 PM
[ReportManager] Initial URL: [data:,] @15-02-2021 22:15:09.0726 PM
[ReportManager] Browser Action [navigateToURL] successfully performed. With the following test data [https://duckduckgo.com]. @15-02-2021 22:15:10.0305 P

################################################################################################################################################
Starting Execution:	[9 out of 134] test cases in the current suite
Test Method:		[unitTests.tests_browserActions.getPageSource]
################################################################################################################################################
[ReportManager] Browser Action [getPageSource] successfully performed. @15-02-2021 22:15:10.0383 PM
[ReportManager] Successfully created attachment [Browser Action Test Data - getPageSource - Actual Value] @15-02-2021 22:15:10.0384 P
[ReportManager] Target URL: [https://duckduckgo.com] @15-02-2021 22:15:10.0389 PM
[ReportManager] Initial URL: [https://duckduckgo.com] @15-02-2021 22:15:10.0471 PM
[ReportManager] Browser Action [navigateToURL] successfully performed. With the following test data [https://duckduckgo.com]. @15-02-2021 22:15:10.0917 PM
[ReportManager] Successfully created attachment [Selenium WebDriver Logs - server] @15-02-2021 22:15:11.0003 PM
[ReportManager] Successfully created attachment [Selenium WebDriver Logs - performance] @15-02-2021 22:15:11.0142 PM
[ReportManager] Successfully created attachment [Selenium WebDriver Logs - driver] @15-02-2021 22:15:11.0292 PM
[ReportManager] Browser Action [closeCurrentWindow] successfully performed. @15-02-2021 22:15:11.0354 PM
[ReportManager] Successfully created attachment [Browser Action Test Data - closeCurrentWindow - Actual Value] @15-02-2021 22:15:11.0354 P
[ReportManager] File Action [getAbsolutePath] successfully performed. With the following test data [Relative Folder Path: "target/downloadedFiles/"]. @15-02-2021 22:15:11.0358 PM
[ReportManager] Attempting to run remotely on: [Linux-64], [GoogleChrome], [http://localhost:4444/wd/hub], Headless Execution. @15-02-2021 22:15:11.0358 PM
[ReportManager] Successfully Opened [GoogleChrome]. @15-02-2021 22:15:11.0604 PM
[ReportManager] Target URL: [https://duckduckgo.com] @15-02-2021 22:15:11.0623 PM
[ReportManager] Initial URL: [data:,] @15-02-2021 22:15:11.0668 PM
[ReportManager] Browser Action [navigateToURL] successfully performed. With the following test data [https://duckduckgo.com]. @15-02-2021 22:15:12.0258 P

################################################################################################################################################
Starting Execution:	[10 out of 134] test cases in the current suite
Test Method:		[unitTests.tests_browserActions.getWindowHandle]
################################################################################################################################################
[ReportManager] Browser Action [getWindowHandle] successfully performed. With the following test data [CDwindow-8C07E0D6F2B9F8B7FA2AA0B748EC2344]. @15-02-2021 22:15:12.0325 P
[ReportManager] Target URL: [https://duckduckgo.com] @15-02-2021 22:15:12.0327 PM
[ReportManager] Initial URL: [https://duckduckgo.com] @15-02-2021 22:15:12.0401 PM
[ReportManager] Browser Action [navigateToURL] successfully performed. With the following test data [https://duckduckgo.com]. @15-02-2021 22:15:12.0799 PM
[ReportManager] Successfully created attachment [Selenium WebDriver Logs - server] @15-02-2021 22:15:12.0862 PM
[ReportManager] Successfully created attachment [Selenium WebDriver Logs - performance] @15-02-2021 22:15:12.0971 PM
[ReportManager] Successfully created attachment [Selenium WebDriver Logs - driver] @15-02-2021 22:15:13.0122 PM
[ReportManager] Browser Action [closeCurrentWindow] successfully performed. @15-02-2021 22:15:13.0182 PM
[ReportManager] Successfully created attachment [Browser Action Test Data - closeCurrentWindow - Actual Value] @15-02-2021 22:15:13.0183 P
[ReportManager] File Action [getAbsolutePath] successfully performed. With the following test data [Relative Folder Path: "target/downloadedFiles/"]. @15-02-2021 22:15:13.0186 PM
[ReportManager] Attempting to run remotely on: [Linux-64], [GoogleChrome], [http://localhost:4444/wd/hub], Headless Execution. @15-02-2021 22:15:13.0186 PM
[ReportManager] Successfully Opened [GoogleChrome]. @15-02-2021 22:15:13.0457 PM
[ReportManager] Target URL: [https://duckduckgo.com] @15-02-2021 22:15:13.0471 PM
[ReportManager] Initial URL: [data:,] @15-02-2021 22:15:13.0518 PM
[ReportManager] Browser Action [navigateToURL] successfully performed. With the following test data [https://duckduckgo.com]. @15-02-2021 22:15:14.0054 P

################################################################################################################################################
Starting Execution:	[11 out of 134] test cases in the current suite
Test Method:		[unitTests.tests_browserActions.getWindowPosition]
################################################################################################################################################
[ReportManager] Browser Action [getWindowPosition] successfully performed. With the following test data [(0, 0)]. @15-02-2021 22:15:14.0114 P
[ReportManager] Target URL: [https://duckduckgo.com] @15-02-2021 22:15:14.0116 PM
[ReportManager] Initial URL: [https://duckduckgo.com] @15-02-2021 22:15:14.0202 PM
[ReportManager] Browser Action [navigateToURL] successfully performed. With the following test data [https://duckduckgo.com]. @15-02-2021 22:15:14.0620 PM
[ReportManager] Successfully created attachment [Selenium WebDriver Logs - server] @15-02-2021 22:15:14.0700 PM
[ReportManager] Successfully created attachment [Selenium WebDriver Logs - performance] @15-02-2021 22:15:14.0819 PM
[ReportManager] Successfully created attachment [Selenium WebDriver Logs - driver] @15-02-2021 22:15:14.0976 PM
[ReportManager] Browser Action [closeCurrentWindow] successfully performed. @15-02-2021 22:15:15.0035 PM
[ReportManager] Successfully created attachment [Browser Action Test Data - closeCurrentWindow - Actual Value] @15-02-2021 22:15:15.0036 P
[ReportManager] File Action [getAbsolutePath] successfully performed. With the following test data [Relative Folder Path: "target/downloadedFiles/"]. @15-02-2021 22:15:15.0039 PM
[ReportManager] Attempting to run remotely on: [Linux-64], [GoogleChrome], [http://localhost:4444/wd/hub], Headless Execution. @15-02-2021 22:15:15.0039 PM
[ReportManager] Successfully Opened [GoogleChrome]. @15-02-2021 22:15:15.0325 PM
[ReportManager] Target URL: [https://duckduckgo.com] @15-02-2021 22:15:15.0340 PM
[ReportManager] Initial URL: [data:,] @15-02-2021 22:15:15.0392 PM
[ReportManager] Browser Action [navigateToURL] successfully performed. With the following test data [https://duckduckgo.com]. @15-02-2021 22:15:15.0955 P

################################################################################################################################################
Starting Execution:	[12 out of 134] test cases in the current suite
Test Method:		[unitTests.tests_browserActions.getWindowSize]
################################################################################################################################################
[ReportManager] Browser Action [getWindowSize] successfully performed. With the following test data [(800, 600)]. @15-02-2021 22:15:16.0007 P
[ReportManager] Target URL: [https://duckduckgo.com] @15-02-2021 22:15:16.0011 PM
[ReportManager] Initial URL: [https://duckduckgo.com] @15-02-2021 22:15:16.0097 PM
[ReportManager] Browser Action [navigateToURL] successfully performed. With the following test data [https://duckduckgo.com]. @15-02-2021 22:15:16.0490 PM
[ReportManager] Successfully created attachment [Selenium WebDriver Logs - server] @15-02-2021 22:15:16.0552 PM
[ReportManager] Successfully created attachment [Selenium WebDriver Logs - performance] @15-02-2021 22:15:16.0665 PM
[ReportManager] Successfully created attachment [Selenium WebDriver Logs - driver] @15-02-2021 22:15:16.0808 PM
[ReportManager] Browser Action [closeCurrentWindow] successfully performed. @15-02-2021 22:15:16.0867 PM
[ReportManager] Successfully created attachment [Browser Action Test Data - closeCurrentWindow - Actual Value] @15-02-2021 22:15:16.0867 P
[ReportManager] File Action [getAbsolutePath] successfully performed. With the following test data [Relative Folder Path: "target/downloadedFiles/"]. @15-02-2021 22:15:16.0872 PM
[ReportManager] Attempting to run remotely on: [Linux-64], [GoogleChrome], [http://localhost:4444/wd/hub], Headless Execution. @15-02-2021 22:15:16.0872 PM
[ReportManager] Successfully Opened [GoogleChrome]. @15-02-2021 22:15:17.0229 PM
[ReportManager] Target URL: [https://duckduckgo.com] @15-02-2021 22:15:17.0243 PM
[ReportManager] Initial URL: [data:,] @15-02-2021 22:15:17.0289 PM
[ReportManager] Browser Action [navigateToURL] successfully performed. With the following test data [https://duckduckgo.com]. @15-02-2021 22:15:17.0872 P

################################################################################################################################################
Starting Execution:	[13 out of 134] test cases in the current suite
Test Method:		[unitTests.tests_browserActions.maximizeWindow]
################################################################################################################################################
[ReportManager] Initial window size: (800, 600) @15-02-2021 22:15:17.0888 PM
[ReportManager] Window size after Toolkit: (1920, 1080) @15-02-2021 22:15:18.0117 PM
[ReportManager] Browser Action [maximizeWindow] successfully performed. With the following test data [New screen size is now: (1920, 1080)]. @15-02-2021 22:15:18.0123 P
[ReportManager] Target URL: [https://duckduckgo.com] @15-02-2021 22:15:18.0126 PM
[ReportManager] Initial URL: [https://duckduckgo.com] @15-02-2021 22:15:18.0220 PM
[ReportManager] Browser Action [navigateToURL] successfully performed. With the following test data [https://duckduckgo.com]. @15-02-2021 22:15:18.0587 PM
[ReportManager] Successfully created attachment [Selenium WebDriver Logs - server] @15-02-2021 22:15:18.0674 PM
[ReportManager] Successfully created attachment [Selenium WebDriver Logs - performance] @15-02-2021 22:15:18.0781 PM
[ReportManager] Successfully created attachment [Selenium WebDriver Logs - driver] @15-02-2021 22:15:18.0930 PM
[ReportManager] Browser Action [closeCurrentWindow] successfully performed. @15-02-2021 22:15:18.0987 PM
[ReportManager] Successfully created attachment [Browser Action Test Data - closeCurrentWindow - Actual Value] @15-02-2021 22:15:18.0988 P
[ReportManager] File Action [getAbsolutePath] successfully performed. With the following test data [Relative Folder Path: "target/downloadedFiles/"]. @15-02-2021 22:15:18.0990 PM
[ReportManager] Attempting to run remotely on: [Linux-64], [GoogleChrome], [http://localhost:4444/wd/hub], Headless Execution. @15-02-2021 22:15:18.0990 PM
[ReportManager] Successfully Opened [GoogleChrome]. @15-02-2021 22:15:19.0261 PM
[ReportManager] Target URL: [https://duckduckgo.com] @15-02-2021 22:15:19.0274 PM
[ReportManager] Initial URL: [data:,] @15-02-2021 22:15:19.0322 PM
[ReportManager] Browser Action [navigateToURL] successfully performed. With the following test data [https://duckduckgo.com]. @15-02-2021 22:15:19.0901 P

################################################################################################################################################
Starting Execution:	[14 out of 134] test cases in the current suite
Test Method:		[unitTests.tests_browserActions.navigateBack]
################################################################################################################################################
[ReportManager] Target URL: [https://www.google.com/ncr], and after redirection: [https://www.google.com] @15-02-2021 22:15:19.0906 PM
[ReportManager] Initial URL: [https://duckduckgo.com] @15-02-2021 22:15:19.0994 PM
[ReportManager] Browser Action [navigateToURL] successfully performed. With the following test data [https://www.google.com/ncr]. @15-02-2021 22:15:20.0848 PM
[ReportManager] Browser Action [navigateBack] successfully performed. With the following test data [https://duckduckgo.com/]. @15-02-2021 22:15:21.0267 PM
[ReportManager] Confirming that navigating back was successful... @15-02-2021 22:15:21.0273 PM
[ReportManager] Browser Action [getCurrentURL] successfully performed. With the following test data [https://duckduckgo.com/]. @15-02-2021 22:15:21.0317 PM
[ReportManager] AssertBrowserAttribute PASSED; Expected [Value Should be 'https://duckduckgo.com' for the 'CurrentUrl' attribute] and Actual [https://duckduckgo.com/]. Comparison Type [CONTAINS]. Validation Type [POSITIVE]. @15-02-2021 22:15:21.0320 P
[ReportManager] Target URL: [https://duckduckgo.com] @15-02-2021 22:15:21.0321 PM
[ReportManager] Initial URL: [https://duckduckgo.com] @15-02-2021 22:15:21.0387 PM
[ReportManager] Browser Action [navigateToURL] successfully performed. With the following test data [https://duckduckgo.com]. @15-02-2021 22:15:21.0737 PM
[ReportManager] Successfully created attachment [Selenium WebDriver Logs - server] @15-02-2021 22:15:21.0813 PM
[ReportManager] Successfully created attachment [Selenium WebDriver Logs - performance] @15-02-2021 22:15:21.0998 PM
[ReportManager] Successfully created attachment [Selenium WebDriver Logs - driver] @15-02-2021 22:15:22.0248 PM
[ReportManager] Browser Action [closeCurrentWindow] successfully performed. @15-02-2021 22:15:22.0305 PM
[ReportManager] Successfully created attachment [Browser Action Test Data - closeCurrentWindow - Actual Value] @15-02-2021 22:15:22.0305 P
[ReportManager] File Action [getAbsolutePath] successfully performed. With the following test data [Relative Folder Path: "target/downloadedFiles/"]. @15-02-2021 22:15:22.0308 PM
[ReportManager] Attempting to run remotely on: [Linux-64], [GoogleChrome], [http://localhost:4444/wd/hub], Headless Execution. @15-02-2021 22:15:22.0309 PM
[ReportManager] Successfully Opened [GoogleChrome]. @15-02-2021 22:15:22.0588 PM
[ReportManager] Target URL: [https://duckduckgo.com] @15-02-2021 22:15:22.0600 PM
[ReportManager] Initial URL: [data:,] @15-02-2021 22:15:22.0657 PM
[ReportManager] Browser Action [navigateToURL] successfully performed. With the following test data [https://duckduckgo.com]. @15-02-2021 22:15:23.0218 P

################################################################################################################################################
Starting Execution:	[15 out of 134] test cases in the current suite
Test Method:		[unitTests.tests_browserActions.navigateForward]
################################################################################################################################################
[ReportManager] Target URL: [https://www.google.com/ncr], and after redirection: [https://www.google.com] @15-02-2021 22:15:23.0229 PM
[ReportManager] Initial URL: [https://duckduckgo.com] @15-02-2021 22:15:23.0310 PM
[ReportManager] Browser Action [navigateToURL] successfully performed. With the following test data [https://www.google.com/ncr]. @15-02-2021 22:15:24.0163 PM
[ReportManager] Browser Action [navigateBack] successfully performed. With the following test data [https://duckduckgo.com/]. @15-02-2021 22:15:24.0624 PM
[ReportManager] Browser Action [navigateForward] successfully performed. With the following test data [https://www.google.com/]. @15-02-2021 22:15:25.0076 P
[ReportManager] Target URL: [https://duckduckgo.com] @15-02-2021 22:15:25.0081 PM
[ReportManager] Initial URL: [https://www.google.com] @15-02-2021 22:15:25.0178 PM
[ReportManager] Browser Action [navigateToURL] successfully performed. With the following test data [https://duckduckgo.com]. @15-02-2021 22:15:25.0698 PM
[ReportManager] Successfully created attachment [Selenium WebDriver Logs - server] @15-02-2021 22:15:25.0766 PM
[ReportManager] Successfully created attachment [Selenium WebDriver Logs - performance] @15-02-2021 22:15:25.0944 PM
[ReportManager] Successfully created attachment [Selenium WebDriver Logs - driver] @15-02-2021 22:15:26.0222 PM
[ReportManager] Browser Action [closeCurrentWindow] successfully performed. @15-02-2021 22:15:26.0282 PM
[ReportManager] Successfully created attachment [Browser Action Test Data - closeCurrentWindow - Actual Value] @15-02-2021 22:15:26.0283 P
[ReportManager] File Action [getAbsolutePath] successfully performed. With the following test data [Relative Folder Path: "target/downloadedFiles/"]. @15-02-2021 22:15:26.0286 PM
[ReportManager] Attempting to run remotely on: [Linux-64], [GoogleChrome], [http://localhost:4444/wd/hub], Headless Execution. @15-02-2021 22:15:26.0286 PM
[ReportManager] Successfully Opened [GoogleChrome]. @15-02-2021 22:15:26.0556 PM
[ReportManager] Target URL: [https://duckduckgo.com] @15-02-2021 22:15:26.0572 PM
[ReportManager] Initial URL: [data:,] @15-02-2021 22:15:26.0630 PM
[ReportManager] Browser Action [navigateToURL] successfully performed. With the following test data [https://duckduckgo.com]. @15-02-2021 22:15:27.0195 P

################################################################################################################################################
Starting Execution:	[16 out of 134] test cases in the current suite
Test Method:		[unitTests.tests_browserActions.navigateToURL]
################################################################################################################################################
[ReportManager] Target URL: [https://duckduckgo.com] @15-02-2021 22:15:27.0202 PM
[ReportManager] Initial URL: [https://duckduckgo.com] @15-02-2021 22:15:27.0258 PM
[ReportManager] Browser Action [navigateToURL] successfully performed. With the following test data [https://duckduckgo.com]. @15-02-2021 22:15:27.0609 P
[ReportManager] Target URL: [https://duckduckgo.com] @15-02-2021 22:15:27.0614 PM
[ReportManager] Initial URL: [https://duckduckgo.com] @15-02-2021 22:15:27.0674 PM
[ReportManager] Browser Action [navigateToURL] successfully performed. With the following test data [https://duckduckgo.com]. @15-02-2021 22:15:28.0057 PM
[ReportManager] Successfully created attachment [Selenium WebDriver Logs - server] @15-02-2021 22:15:28.0133 PM
[ReportManager] Successfully created attachment [Selenium WebDriver Logs - performance] @15-02-2021 22:15:28.0335 PM
[ReportManager] Successfully created attachment [Selenium WebDriver Logs - driver] @15-02-2021 22:15:28.0559 PM
[ReportManager] Browser Action [closeCurrentWindow] successfully performed. @15-02-2021 22:15:28.0618 PM
[ReportManager] Successfully created attachment [Browser Action Test Data - closeCurrentWindow - Actual Value] @15-02-2021 22:15:28.0618 P
[ReportManager] File Action [getAbsolutePath] successfully performed. With the following test data [Relative Folder Path: "target/downloadedFiles/"]. @15-02-2021 22:15:28.0620 PM
[ReportManager] Attempting to run remotely on: [Linux-64], [GoogleChrome], [http://localhost:4444/wd/hub], Headless Execution. @15-02-2021 22:15:28.0620 PM
[ReportManager] Successfully Opened [GoogleChrome]. @15-02-2021 22:15:28.0857 PM
[ReportManager] Target URL: [https://duckduckgo.com] @15-02-2021 22:15:28.0873 PM
[ReportManager] Initial URL: [data:,] @15-02-2021 22:15:28.0932 PM
[ReportManager] Browser Action [navigateToURL] successfully performed. With the following test data [https://duckduckgo.com]. @15-02-2021 22:15:29.0486 P

################################################################################################################################################
Starting Execution:	[17 out of 134] test cases in the current suite
Test Method:		[unitTests.tests_browserActions.navigateToURLWithRedirection]
################################################################################################################################################
[ReportManager] Target URL: [https://www.google.com/ncr], and after redirection: [https://www.google.com] @15-02-2021 22:15:29.0558 PM
[ReportManager] Initial URL: [https://duckduckgo.com] @15-02-2021 22:15:29.0641 PM
[ReportManager] Browser Action [navigateToURL] successfully performed. With the following test data [https://www.google.com/ncr]. @15-02-2021 22:15:30.0555 P
[ReportManager] Target URL: [https://duckduckgo.com] @15-02-2021 22:15:30.0559 PM
[ReportManager] Initial URL: [https://www.google.com] @15-02-2021 22:15:30.0663 PM
[ReportManager] Browser Action [navigateToURL] successfully performed. With the following test data [https://duckduckgo.com]. @15-02-2021 22:15:31.0242 PM
[ReportManager] Successfully created attachment [Selenium WebDriver Logs - server] @15-02-2021 22:15:31.0303 PM
[ReportManager] Successfully created attachment [Selenium WebDriver Logs - performance] @15-02-2021 22:15:31.0411 PM
[ReportManager] Successfully created attachment [Selenium WebDriver Logs - driver] @15-02-2021 22:15:31.0600 PM
[ReportManager] Browser Action [closeCurrentWindow] successfully performed. @15-02-2021 22:15:31.0657 PM
[ReportManager] Successfully created attachment [Browser Action Test Data - closeCurrentWindow - Actual Value] @15-02-2021 22:15:31.0658 P
[ReportManager] File Action [getAbsolutePath] successfully performed. With the following test data [Relative Folder Path: "target/downloadedFiles/"]. @15-02-2021 22:15:31.0660 PM
[ReportManager] Attempting to run remotely on: [Linux-64], [GoogleChrome], [http://localhost:4444/wd/hub], Headless Execution. @15-02-2021 22:15:31.0660 PM
[ReportManager] Successfully Opened [GoogleChrome]. @15-02-2021 22:15:31.0932 PM
[ReportManager] Target URL: [https://duckduckgo.com] @15-02-2021 22:15:31.0952 PM
[ReportManager] Initial URL: [data:,] @15-02-2021 22:15:32.0000 PM
[ReportManager] Browser Action [navigateToURL] successfully performed. With the following test data [https://duckduckgo.com]. @15-02-2021 22:15:32.0606 P

################################################################################################################################################
Starting Execution:	[18 out of 134] test cases in the current suite
Test Method:		[unitTests.tests_browserActions.refreshCurrentPage]
################################################################################################################################################
[ReportManager] Browser Action [refreshCurrentPage] successfully performed. @15-02-2021 22:15:32.0889 PM
[ReportManager] Successfully created attachment [Browser Action Test Data - refreshCurrentPage - Actual Value] @15-02-2021 22:15:32.0889 P
[ReportManager] Target URL: [https://duckduckgo.com] @15-02-2021 22:15:32.0892 PM
[ReportManager] Initial URL: [https://duckduckgo.com] @15-02-2021 22:15:32.0956 PM
[ReportManager] Browser Action [navigateToURL] successfully performed. With the following test data [https://duckduckgo.com]. @15-02-2021 22:15:33.0257 PM
[ReportManager] Successfully created attachment [Selenium WebDriver Logs - server] @15-02-2021 22:15:33.0312 PM
[ReportManager] Successfully created attachment [Selenium WebDriver Logs - performance] @15-02-2021 22:15:33.0486 PM
[ReportManager] Successfully created attachment [Selenium WebDriver Logs - driver] @15-02-2021 22:15:33.0684 PM
[ReportManager] Browser Action [closeCurrentWindow] successfully performed. @15-02-2021 22:15:33.0703 PM
[ReportManager] Successfully created attachment [Browser Action Test Data - closeCurrentWindow - Actual Value] @15-02-2021 22:15:33.0704 P
[ReportManager] File Action [getAbsolutePath] successfully performed. With the following test data [Relative Folder Path: "target/downloadedFiles/"]. @15-02-2021 22:15:33.0707 PM
[ReportManager] Attempting to run remotely on: [Linux-64], [GoogleChrome], [http://localhost:4444/wd/hub], Headless Execution. @15-02-2021 22:15:33.0707 PM
[ReportManager] Successfully Opened [GoogleChrome]. @15-02-2021 22:15:33.0979 PM
[ReportManager] Target URL: [https://duckduckgo.com] @15-02-2021 22:15:33.0991 PM
[ReportManager] Initial URL: [data:,] @15-02-2021 22:15:34.0048 PM
[ReportManager] Browser Action [navigateToURL] successfully performed. With the following test data [https://duckduckgo.com]. @15-02-2021 22:15:34.0599 P

################################################################################################################################################
Starting Execution:	[19 out of 134] test cases in the current suite
Test Method:		[unitTests.tests_browserActions.setWindowSize]
################################################################################################################################################
[ReportManager] Initial window size: (800, 600) @15-02-2021 22:15:34.0610 PM
[ReportManager] Window size after SWD: (1280, 720) @15-02-2021 22:15:34.0828 PM
[ReportManager] Browser Action [setWindowSize] successfully performed. With the following test data [New screen size is now: (1280, 720)]. @15-02-2021 22:15:34.0829 P
[ReportManager] Target URL: [https://duckduckgo.com] @15-02-2021 22:15:34.0833 PM
[ReportManager] Initial URL: [https://duckduckgo.com] @15-02-2021 22:15:34.0891 PM
[ReportManager] Browser Action [navigateToURL] successfully performed. With the following test data [https://duckduckgo.com]. @15-02-2021 22:15:35.0252 PM
[ReportManager] Successfully created attachment [Selenium WebDriver Logs - server] @15-02-2021 22:15:35.0308 PM
[ReportManager] Successfully created attachment [Selenium WebDriver Logs - performance] @15-02-2021 22:15:35.0421 PM
[ReportManager] Successfully created attachment [Selenium WebDriver Logs - driver] @15-02-2021 22:15:35.0556 PM
[ReportManager] Browser Action [closeCurrentWindow] successfully performed. @15-02-2021 22:15:35.0615 PM
[ReportManager] Successfully created attachment [Browser Action Test Data - closeCurrentWindow - Actual Value] @15-02-2021 22:15:35.0616 P

################################################################################################################################################
Starting Execution:	[20 out of 134] test cases in the current suite
Test Method:		[unitTests.tests_restActions.getPostsAndAssertBodyForSpecificTitle]
################################################################################################################################################
[ReportManager] Response status code: [200], status line: [HTTP/1.1 200 OK] @15-02-2021 22:15:38.0270 PM
[ReportManager] Evaluating the actual response status code against the expected one...... @15-02-2021 22:15:38.0270 PM
[ReportManager] AssertEquals PASSED; Expected [200] and Actual [200]. Comparison Type [EQUALS]. Validation Type [POSITIVE]. @15-02-2021 22:15:38.0271 PM
[ReportManager] API Action [performRequest] successfully performed. With the following test data [Request Type: "GET" | Target Status Code: "200" | Service URL: "https://jsonplaceholder.typicode.com/posts" | Content Type: "*/*" | Response Time: "949ms"]. @15-02-2021 22:15:39.0321 PM
[ReportManager] Successfully created attachment [API Response - JSON Body] @15-02-2021 22:15:39.0524 PM
[ReportManager] API Action [getResponseJSONValueAsList] successfully performed. @15-02-2021 22:15:39.0554 PM
[ReportManager] API Action [getResponseJSONValue] successfully performed. With the following test data [title]. @15-02-2021 22:15:39.0581 PM
[ReportManager] API Action [getResponseJSONValue] successfully performed. With the following test data [title]. @15-02-2021 22:15:39.0597 PM
[ReportManager] API Action [getResponseJSONValue] successfully performed. With the following test data [body]. @15-02-2021 22:15:39.0639 PM
[ReportManager] AssertEquals PASSED; Expected [qui neque nisi nulla] and Actual [est rerum tempore vitae
sequi sint nihil reprehenderit dolor beatae ea dolores neque
fugiat blanditiis voluptate porro vel nihil molestiae ut reiciendis
qui aperiam non debitis possimus qui neque nisi nulla]. Comparison Type [CONTAINS]. Validation Type [POSITIVE]. @15-02-2021 22:15:39.0639 PM
[ReportManager] API Action [getResponseJSONValue] successfully performed. With the following test data [title]. @15-02-2021 22:15:39.0654 PM
[ReportManager] API Action [getResponseJSONValue] successfully performed. With the following test data [title]. @15-02-2021 22:15:39.0671 PM
[ReportManager] API Action [getResponseJSONValue] successfully performed. With the following test data [title]. @15-02-2021 22:15:39.0688 PM
[ReportManager] API Action [getResponseJSONValue] successfully performed. With the following test data [title]. @15-02-2021 22:15:39.0701 PM
[ReportManager] API Action [getResponseJSONValue] successfully performed. With the following test data [title]. @15-02-2021 22:15:39.0722 PM
[ReportManager] API Action [getResponseJSONValue] successfully performed. With the following test data [title]. @15-02-2021 22:15:39.0740 PM
[ReportManager] API Action [getResponseJSONValue] successfully performed. With the following test data [title]. @15-02-2021 22:15:39.0754 PM
[ReportManager] API Action [getResponseJSONValue] successfully performed. With the following test data [title]. @15-02-2021 22:15:39.0770 PM
[ReportManager] API Action [getResponseJSONValue] successfully performed. With the following test data [title]. @15-02-2021 22:15:39.0785 PM
[ReportManager] API Action [getResponseJSONValue] successfully performed. With the following test data [title]. @15-02-2021 22:15:39.0800 PM
[ReportManager] API Action [getResponseJSONValue] successfully performed. With the following test data [title]. @15-02-2021 22:15:39.0816 PM
[ReportManager] API Action [getResponseJSONValue] successfully performed. With the following test data [title]. @15-02-2021 22:15:39.0847 PM
[ReportManager] API Action [getResponseJSONValue] successfully performed. With the following test data [title]. @15-02-2021 22:15:39.0859 PM
[ReportManager] API Action [getResponseJSONValue] successfully performed. With the following test data [title]. @15-02-2021 22:15:39.0872 PM
[ReportManager] API Action [getResponseJSONValue] successfully performed. With the following test data [title]. @15-02-2021 22:15:39.0888 PM
[ReportManager] API Action [getResponseJSONValue] successfully performed. With the following test data [title]. @15-02-2021 22:15:39.0903 PM
[ReportManager] API Action [getResponseJSONValue] successfully performed. With the following test data [title]. @15-02-2021 22:15:39.0913 PM
[ReportManager] API Action [getResponseJSONValue] successfully performed. With the following test data [title]. @15-02-2021 22:15:39.0927 PM
[ReportManager] API Action [getResponseJSONValue] successfully performed. With the following test data [title]. @15-02-2021 22:15:39.0939 PM
[ReportManager] API Action [getResponseJSONValue] successfully performed. With the following test data [title]. @15-02-2021 22:15:39.0956 PM
[ReportManager] API Action [getResponseJSONValue] successfully performed. With the following test data [title]. @15-02-2021 22:15:39.0972 PM
[ReportManager] API Action [getResponseJSONValue] successfully performed. With the following test data [title]. @15-02-2021 22:15:39.0992 PM
[ReportManager] API Action [getResponseJSONValue] successfully performed. With the following test data [title]. @15-02-2021 22:15:40.0011 PM
[ReportManager] API Action [getResponseJSONValue] successfully performed. With the following test data [title]. @15-02-2021 22:15:40.0022 PM
[ReportManager] API Action [getResponseJSONValue] successfully performed. With the following test data [title]. @15-02-2021 22:15:40.0034 PM
[ReportManager] API Action [getResponseJSONValue] successfully performed. With the following test data [title]. @15-02-2021 22:15:40.0047 PM
[ReportManager] API Action [getResponseJSONValue] successfully performed. With the following test data [title]. @15-02-2021 22:15:40.0057 PM
[ReportManager] API Action [getResponseJSONValue] successfully performed. With the following test data [title]. @15-02-2021 22:15:40.0077 PM
[ReportManager] API Action [getResponseJSONValue] successfully performed. With the following test data [title]. @15-02-2021 22:15:40.0087 PM
[ReportManager] API Action [getResponseJSONValue] successfully performed. With the following test data [title]. @15-02-2021 22:15:40.0101 PM
[ReportManager] API Action [getResponseJSONValue] successfully performed. With the following test data [title]. @15-02-2021 22:15:40.0109 PM
[ReportManager] API Action [getResponseJSONValue] successfully performed. With the following test data [title]. @15-02-2021 22:15:40.0117 PM
[ReportManager] API Action [getResponseJSONValue] successfully performed. With the following test data [title]. @15-02-2021 22:15:40.0126 PM
[ReportManager] API Action [getResponseJSONValue] successfully performed. With the following test data [title]. @15-02-2021 22:15:40.0135 PM
[ReportManager] API Action [getResponseJSONValue] successfully performed. With the following test data [title]. @15-02-2021 22:15:40.0153 PM
[ReportManager] API Action [getResponseJSONValue] successfully performed. With the following test data [title]. @15-02-2021 22:15:40.0163 PM
[ReportManager] API Action [getResponseJSONValue] successfully performed. With the following test data [title]. @15-02-2021 22:15:40.0171 PM
[ReportManager] API Action [getResponseJSONValue] successfully performed. With the following test data [title]. @15-02-2021 22:15:40.0181 PM
[ReportManager] API Action [getResponseJSONValue] successfully performed. With the following test data [title]. @15-02-2021 22:15:40.0198 PM
[ReportManager] API Action [getResponseJSONValue] successfully performed. With the following test data [title]. @15-02-2021 22:15:40.0205 PM
[ReportManager] API Action [getResponseJSONValue] successfully performed. With the following test data [title]. @15-02-2021 22:15:40.0214 PM
[ReportManager] API Action [getResponseJSONValue] successfully performed. With the following test data [title]. @15-02-2021 22:15:40.0225 PM
[ReportManager] API Action [getResponseJSONValue] successfully performed. With the following test data [title]. @15-02-2021 22:15:40.0238 PM
[ReportManager] API Action [getResponseJSONValue] successfully performed. With the following test data [title]. @15-02-2021 22:15:40.0245 PM
[ReportManager] API Action [getResponseJSONValue] successfully performed. With the following test data [title]. @15-02-2021 22:15:40.0253 PM
[ReportManager] API Action [getResponseJSONValue] successfully performed. With the following test data [title]. @15-02-2021 22:15:40.0260 PM
[ReportManager] API Action [getResponseJSONValue] successfully performed. With the following test data [title]. @15-02-2021 22:15:40.0268 PM
[ReportManager] API Action [getResponseJSONValue] successfully performed. With the following test data [title]. @15-02-2021 22:15:40.0276 PM
[ReportManager] API Action [getResponseJSONValue] successfully performed. With the following test data [title]. @15-02-2021 22:15:40.0283 PM
[ReportManager] API Action [getResponseJSONValue] successfully performed. With the following test data [title]. @15-02-2021 22:15:40.0291 PM
[ReportManager] API Action [getResponseJSONValue] successfully performed. With the following test data [title]. @15-02-2021 22:15:40.0298 PM
[ReportManager] API Action [getResponseJSONValue] successfully performed. With the following test data [title]. @15-02-2021 22:15:40.0306 PM
[ReportManager] API Action [getResponseJSONValue] successfully performed. With the following test data [title]. @15-02-2021 22:15:40.0318 PM
[ReportManager] API Action [getResponseJSONValue] successfully performed. With the following test data [title]. @15-02-2021 22:15:40.0329 PM
[ReportManager] API Action [getResponseJSONValue] successfully performed. With the following test data [title]. @15-02-2021 22:15:40.0344 PM
[ReportManager] API Action [getResponseJSONValue] successfully performed. With the following test data [title]. @15-02-2021 22:15:40.0360 PM
[ReportManager] API Action [getResponseJSONValue] successfully performed. With the following test data [title]. @15-02-2021 22:15:40.0372 PM
[ReportManager] API Action [getResponseJSONValue] successfully performed. With the following test data [title]. @15-02-2021 22:15:40.0382 PM
[ReportManager] API Action [getResponseJSONValue] successfully performed. With the following test data [title]. @15-02-2021 22:15:40.0392 PM
[ReportManager] API Action [getResponseJSONValue] successfully performed. With the following test data [title]. @15-02-2021 22:15:40.0434 PM
[ReportManager] API Action [getResponseJSONValue] successfully performed. With the following test data [title]. @15-02-2021 22:15:40.0447 PM
[ReportManager] API Action [getResponseJSONValue] successfully performed. With the following test data [title]. @15-02-2021 22:15:40.0455 PM
[ReportManager] API Action [getResponseJSONValue] successfully performed. With the following test data [title]. @15-02-2021 22:15:40.0463 PM
[ReportManager] API Action [getResponseJSONValue] successfully performed. With the following test data [title]. @15-02-2021 22:15:40.0473 PM
[ReportManager] API Action [getResponseJSONValue] successfully performed. With the following test data [title]. @15-02-2021 22:15:40.0488 PM
[ReportManager] API Action [getResponseJSONValue] successfully performed. With the following test data [title]. @15-02-2021 22:15:40.0505 PM
[ReportManager] API Action [getResponseJSONValue] successfully performed. With the following test data [title]. @15-02-2021 22:15:40.0516 PM
[ReportManager] API Action [getResponseJSONValue] successfully performed. With the following test data [title]. @15-02-2021 22:15:40.0524 PM
[ReportManager] API Action [getResponseJSONValue] successfully performed. With the following test data [title]. @15-02-2021 22:15:40.0535 PM
[ReportManager] API Action [getResponseJSONValue] successfully performed. With the following test data [title]. @15-02-2021 22:15:40.0545 PM
[ReportManager] API Action [getResponseJSONValue] successfully performed. With the following test data [title]. @15-02-2021 22:15:40.0554 PM
[ReportManager] API Action [getResponseJSONValue] successfully performed. With the following test data [title]. @15-02-2021 22:15:40.0569 PM
[ReportManager] API Action [getResponseJSONValue] successfully performed. With the following test data [title]. @15-02-2021 22:15:40.0586 PM
[ReportManager] API Action [getResponseJSONValue] successfully performed. With the following test data [title]. @15-02-2021 22:15:40.0596 PM
[ReportManager] API Action [getResponseJSONValue] successfully performed. With the following test data [title]. @15-02-2021 22:15:40.0605 PM
[ReportManager] API Action [getResponseJSONValue] successfully performed. With the following test data [title]. @15-02-2021 22:15:40.0617 PM
[ReportManager] API Action [getResponseJSONValue] successfully performed. With the following test data [title]. @15-02-2021 22:15:40.0626 PM
[ReportManager] API Action [getResponseJSONValue] successfully performed. With the following test data [title]. @15-02-2021 22:15:40.0650 PM
[ReportManager] API Action [getResponseJSONValue] successfully performed. With the following test data [title]. @15-02-2021 22:15:40.0661 PM
[ReportManager] API Action [getResponseJSONValue] successfully performed. With the following test data [title]. @15-02-2021 22:15:40.0672 PM
[ReportManager] API Action [getResponseJSONValue] successfully performed. With the following test data [title]. @15-02-2021 22:15:40.0680 PM
[ReportManager] API Action [getResponseJSONValue] successfully performed. With the following test data [title]. @15-02-2021 22:15:40.0687 PM
[ReportManager] API Action [getResponseJSONValue] successfully performed. With the following test data [title]. @15-02-2021 22:15:40.0695 PM
[ReportManager] API Action [getResponseJSONValue] successfully performed. With the following test data [title]. @15-02-2021 22:15:40.0708 PM
[ReportManager] API Action [getResponseJSONValue] successfully performed. With the following test data [title]. @15-02-2021 22:15:40.0715 PM
[ReportManager] API Action [getResponseJSONValue] successfully performed. With the following test data [title]. @15-02-2021 22:15:40.0722 PM
[ReportManager] API Action [getResponseJSONValue] successfully performed. With the following test data [title]. @15-02-2021 22:15:40.0730 PM
[ReportManager] API Action [getResponseJSONValue] successfully performed. With the following test data [title]. @15-02-2021 22:15:40.0739 PM
[ReportManager] API Action [getResponseJSONValue] successfully performed. With the following test data [title]. @15-02-2021 22:15:40.0746 PM
[ReportManager] API Action [getResponseJSONValue] successfully performed. With the following test data [title]. @15-02-2021 22:15:40.0753 PM
[ReportManager] API Action [getResponseJSONValue] successfully performed. With the following test data [title]. @15-02-2021 22:15:40.0760 PM
[ReportManager] API Action [getResponseJSONValue] successfully performed. With the following test data [title]. @15-02-2021 22:15:40.0767 PM
[ReportManager] API Action [getResponseJSONValue] successfully performed. With the following test data [title]. @15-02-2021 22:15:40.0775 PM
[ReportManager] API Action [getResponseJSONValue] successfully performed. With the following test data [title]. @15-02-2021 22:15:40.0782 PM
[ReportManager] API Action [getResponseJSONValue] successfully performed. With the following test data [title]. @15-02-2021 22:15:40.0789 PM
[ReportManager] API Action [getResponseJSONValue] successfully performed. With the following test data [title]. @15-02-2021 22:15:40.0797 PM
[ReportManager] API Action [getResponseJSONValue] successfully performed. With the following test data [title]. @15-02-2021 22:15:40.0804 PM
[ReportManager] API Action [getResponseJSONValue] successfully performed. With the following test data [title]. @15-02-2021 22:15:40.0811 P

################################################################################################################################################
Starting Execution:	[21 out of 134] test cases in the current suite
Test Method:		[unitTests.tests_restActions.validateUserEmail]
################################################################################################################################################
[ReportManager] Response status code: [200], status line: [HTTP/1.1 200 OK] @15-02-2021 22:15:40.0982 PM
[ReportManager] Evaluating the actual response status code against the expected one...... @15-02-2021 22:15:40.0982 PM
[ReportManager] AssertEquals PASSED; Expected [200] and Actual [200]. Comparison Type [EQUALS]. Validation Type [POSITIVE]. @15-02-2021 22:15:40.0982 PM
[ReportManager] API Action [performRequest] successfully performed. With the following test data [Request Type: "GET" | Target Status Code: "200" | Service URL: "https://jsonplaceholder.typicode.com/users" | Content Type: "*/*" | Response Time: "80ms"]. @15-02-2021 22:15:41.0004 PM
[ReportManager] Successfully created attachment [API Response - JSON Body] @15-02-2021 22:15:41.0011 PM
[ReportManager] AssertEquals PASSED; Expected and Actual values are attached. Comparison Type [CONTAINS]. Validation Type [POSITIVE]. @15-02-2021 22:15:41.0011 PM
[ReportManager] Successfully created attachment [Validation Test Data - Expected Value] @15-02-2021 22:15:41.0012 PM
[ReportManager] Successfully created attachment [Validation Test Data - Actual Value] @15-02-2021 22:15:41.0012 PM
[ReportManager] API Action [getResponseJSONValueAsList] successfully performed. With the following test data [$]. @15-02-2021 22:15:41.0017 PM
[ReportManager] API Action [getResponseJSONValue] successfully performed. With the following test data [name]. @15-02-2021 22:15:41.0032 PM
[ReportManager] API Action [getResponseJSONValue] successfully performed. With the following test data [email]. @15-02-2021 22:15:41.0041 PM
[ReportManager] AssertEquals PASSED; Expected [Sincere@april.biz] and Actual [Sincere@april.biz]. Comparison Type [EQUALS]. Validation Type [POSITIVE]. @15-02-2021 22:15:41.0041 PM
[ReportManager] API Action [getResponseJSONValue] successfully performed. With the following test data [name]. @15-02-2021 22:15:41.0054 PM
[ReportManager] API Action [getResponseJSONValue] successfully performed. With the following test data [name]. @15-02-2021 22:15:41.0069 PM
[ReportManager] API Action [getResponseJSONValue] successfully performed. With the following test data [name]. @15-02-2021 22:15:41.0082 PM
[ReportManager] API Action [getResponseJSONValue] successfully performed. With the following test data [name]. @15-02-2021 22:15:41.0092 PM
[ReportManager] API Action [getResponseJSONValue] successfully performed. With the following test data [name]. @15-02-2021 22:15:41.0099 PM
[ReportManager] API Action [getResponseJSONValue] successfully performed. With the following test data [name]. @15-02-2021 22:15:41.0106 PM
[ReportManager] API Action [getResponseJSONValue] successfully performed. With the following test data [name]. @15-02-2021 22:15:41.0116 PM
[ReportManager] API Action [getResponseJSONValue] successfully performed. With the following test data [name]. @15-02-2021 22:15:41.0123 PM
[ReportManager] API Action [getResponseJSONValue] successfully performed. With the following test data [name]. @15-02-2021 22:15:41.0142 P
[ReportManager] Successfully loaded the following test data file [src/test/resources/TestDataFiles/testSuite01/TestData.xlsx]. @15-02-2021 22:15:41.0975 PM
[ReportManager] Successfully created attachment [Test Data - Excel] @15-02-2021 22:15:41.0975 P

################################################################################################################################################
Starting Execution:	[22 out of 134] test cases in the current suite
Test Method:		[unitTests.tests_io_excelFileManager.getCellData_rowName_expectedToPass]
################################################################################################################################################
[ReportManager] testRowData. @15-02-2021 22:15:42.0006 P

################################################################################################################################################
Starting Execution:	[23 out of 134] test cases in the current suite
Test Method:		[unitTests.tests_validations_assertions.assertComparativeRelation_greaterThanOrEquals_false_equals_expectedToFail]
################################################################################################################################################
[ReportManager] AssertComparativeRelation FAILED; Expected [1] and Actual [1]. Comparison Type [GREATER_THAN_OR_EQUALS]. Validation Type [NEGATIVE]. @15-02-2021 22:15:42.0015 P

################################################################################################################################################
Starting Execution:	[24 out of 134] test cases in the current suite
Test Method:		[unitTests.tests_validations_assertions.assertComparativeRelation_greaterThanOrEquals_false_equals_expectedToPass]
################################################################################################################################################
[ReportManager] AssertComparativeRelation PASSED; Expected [2] and Actual [1]. Comparison Type [GREATER_THAN_OR_EQUALS]. Validation Type [NEGATIVE]. @15-02-2021 22:15:42.0021 P

################################################################################################################################################
Starting Execution:	[25 out of 134] test cases in the current suite
Test Method:		[unitTests.tests_validations_assertions.assertComparativeRelation_greaterThanOrEquals_false_greaterThan_expectedToFail]
################################################################################################################################################
[ReportManager] AssertComparativeRelation FAILED; Expected [1] and Actual [2]. Comparison Type [GREATER_THAN_OR_EQUALS]. Validation Type [NEGATIVE]. @15-02-2021 22:15:42.0028 P

################################################################################################################################################
Starting Execution:	[26 out of 134] test cases in the current suite
Test Method:		[unitTests.tests_validations_assertions.assertComparativeRelation_greaterThanOrEquals_false_greaterThan_expectedToPass]
################################################################################################################################################
[ReportManager] AssertComparativeRelation PASSED; Expected [2] and Actual [1]. Comparison Type [GREATER_THAN_OR_EQUALS]. Validation Type [NEGATIVE]. @15-02-2021 22:15:42.0036 P

################################################################################################################################################
Starting Execution:	[27 out of 134] test cases in the current suite
Test Method:		[unitTests.tests_validations_assertions.assertComparativeRelation_greaterThanOrEquals_true_equals_expectedToFail]
################################################################################################################################################
[ReportManager] AssertComparativeRelation FAILED; Expected [1] and Actual [0]. Comparison Type [GREATER_THAN_OR_EQUALS]. Validation Type [POSITIVE]. @15-02-2021 22:15:42.0043 P

################################################################################################################################################
Starting Execution:	[28 out of 134] test cases in the current suite
Test Method:		[unitTests.tests_validations_assertions.assertComparativeRelation_greaterThanOrEquals_true_equals_expectedToPass]
################################################################################################################################################
[ReportManager] AssertComparativeRelation PASSED; Expected [1] and Actual [1]. Comparison Type [GREATER_THAN_OR_EQUALS]. Validation Type [POSITIVE]. @15-02-2021 22:15:42.0055 P

################################################################################################################################################
Starting Execution:	[29 out of 134] test cases in the current suite
Test Method:		[unitTests.tests_validations_assertions.assertComparativeRelation_greaterThanOrEquals_true_greaterThan_expectedToFail]
################################################################################################################################################
[ReportManager] AssertComparativeRelation FAILED; Expected [2] and Actual [1]. Comparison Type [GREATER_THAN_OR_EQUALS]. Validation Type [POSITIVE]. @15-02-2021 22:15:42.0064 P

################################################################################################################################################
Starting Execution:	[30 out of 134] test cases in the current suite
Test Method:		[unitTests.tests_validations_assertions.assertComparativeRelation_greaterThanOrEquals_true_greaterThan_expectedToPass]
################################################################################################################################################
[ReportManager] AssertComparativeRelation PASSED; Expected [1] and Actual [2]. Comparison Type [GREATER_THAN_OR_EQUALS]. Validation Type [POSITIVE]. @15-02-2021 22:15:42.0072 P
[ReportManager] File Action [getAbsolutePath] successfully performed. With the following test data [Relative Folder Path: "target/downloadedFiles/"]. @15-02-2021 22:15:42.0085 PM
[ReportManager] Attempting to run remotely on: [Linux-64], [GoogleChrome], [http://localhost:4444/wd/hub], Headless Execution. @15-02-2021 22:15:42.0085 PM
[ReportManager] Successfully Opened [GoogleChrome]. @15-02-2021 22:15:42.0454 PM
[ReportManager] Target URL: [https://www.google.com/ncr], and after redirection: [www.google.com] @15-02-2021 22:15:42.0466 PM
[ReportManager] Initial URL: [data:,] @15-02-2021 22:15:42.0528 PM
[ReportManager] Browser Action [navigateToURL] successfully performed. With the following test data [https://www.google.com/ncr]. @15-02-2021 22:15:43.0469 P

################################################################################################################################################
Starting Execution:	[31 out of 134] test cases in the current suite
Test Method:		[unitTests.tests_validations_assertions.assertElementAttribute_false_caseInsensitiveComparison_expectedToFail]
################################################################################################################################################
[ReportManager] Element Action [type] successfully performed. With the following test data [AUTOMATION]. @15-02-2021 22:15:44.0181 PM
[ReportManager] Element Action [getText] successfully performed. With the following test data [AUTOMATION]. @15-02-2021 22:15:44.0298 PM
[ReportManager] Loaded Shared OpenCV @15-02-2021 22:15:44.0948 PM
[ReportManager] AssertElementAttribute FAILED; Expected [Value Should not be 'AutomaTion' for the 'text' attribute, element locator 'By.name: q'] and Actual [AUTOMATION]. Comparison Type [CASE_INSENSITIVE]. Validation Type [NEGATIVE]. @15-02-2021 22:15:45.0190 PM
[ReportManager] Successfully created attachment [Screenshot - 1613427344451_assertElementAttribute_false_caseInsensitiveComparison_expectedToFail_AssertElementAttribute_failed] @15-02-2021 22:15:45.0196 P
[ReportManager] Successfully created attachment [Selenium WebDriver Logs - server] @15-02-2021 22:15:45.0293 PM
[ReportManager] Successfully created attachment [Selenium WebDriver Logs - performance] @15-02-2021 22:15:45.0478 PM
[ReportManager] Successfully created attachment [Selenium WebDriver Logs - driver] @15-02-2021 22:15:45.0680 PM
[ReportManager] Browser Action [closeCurrentWindow] successfully performed. @15-02-2021 22:15:45.0744 PM
[ReportManager] Successfully created attachment [Browser Action Test Data - closeCurrentWindow - Actual Value] @15-02-2021 22:15:45.0746 P
[ReportManager] File Action [getAbsolutePath] successfully performed. With the following test data [Relative Folder Path: "target/downloadedFiles/"]. @15-02-2021 22:15:45.0749 PM
[ReportManager] Attempting to run remotely on: [Linux-64], [GoogleChrome], [http://localhost:4444/wd/hub], Headless Execution. @15-02-2021 22:15:45.0749 PM
[ReportManager] Successfully Opened [GoogleChrome]. @15-02-2021 22:15:46.0034 PM
[ReportManager] Target URL: [https://www.google.com/ncr], and after redirection: [www.google.com] @15-02-2021 22:15:46.0049 PM
[ReportManager] Initial URL: [data:,] @15-02-2021 22:15:46.0094 PM
[ReportManager] Browser Action [navigateToURL] successfully performed. With the following test data [https://www.google.com/ncr]. @15-02-2021 22:15:46.0975 P

################################################################################################################################################
Starting Execution:	[32 out of 134] test cases in the current suite
Test Method:		[unitTests.tests_validations_assertions.assertElementAttribute_false_caseInsensitiveComparison_expectedToPass]
################################################################################################################################################
[ReportManager] Element Action [type] successfully performed. With the following test data [AUTOMATION]. @15-02-2021 22:15:47.0639 PM
[ReportManager] Element Action [getText] successfully performed. With the following test data [AUTOMATION]. @15-02-2021 22:15:47.0769 PM
[ReportManager] Loaded Shared OpenCV @15-02-2021 22:15:47.0919 PM
[ReportManager] AssertElementAttribute PASSED; Expected [Value Should not be 'AutomaTion123' for the 'text' attribute, element locator 'By.name: q'] and Actual [AUTOMATION]. Comparison Type [CASE_INSENSITIVE]. Validation Type [NEGATIVE]. @15-02-2021 22:15:48.0007 PM
[ReportManager] Successfully created attachment [Screenshot - 1613427347919_assertElementAttribute_false_caseInsensitiveComparison_expectedToPass_AssertElementAttribute_passed] @15-02-2021 22:15:48.0010 P
[ReportManager] Successfully created attachment [Selenium WebDriver Logs - server] @15-02-2021 22:15:48.0102 PM
[ReportManager] Successfully created attachment [Selenium WebDriver Logs - performance] @15-02-2021 22:15:48.0196 PM
[ReportManager] Successfully created attachment [Selenium WebDriver Logs - driver] @15-02-2021 22:15:48.0337 PM
[ReportManager] Browser Action [closeCurrentWindow] successfully performed. @15-02-2021 22:15:48.0394 PM
[ReportManager] Successfully created attachment [Browser Action Test Data - closeCurrentWindow - Actual Value] @15-02-2021 22:15:48.0396 P
[ReportManager] File Action [getAbsolutePath] successfully performed. With the following test data [Relative Folder Path: "target/downloadedFiles/"]. @15-02-2021 22:15:48.0398 PM
[ReportManager] Attempting to run remotely on: [Linux-64], [GoogleChrome], [http://localhost:4444/wd/hub], Headless Execution. @15-02-2021 22:15:48.0398 PM
[ReportManager] Successfully Opened [GoogleChrome]. @15-02-2021 22:15:48.0631 PM
[ReportManager] Target URL: [https://www.google.com/ncr], and after redirection: [www.google.com] @15-02-2021 22:15:48.0643 PM
[ReportManager] Initial URL: [data:,] @15-02-2021 22:15:48.0688 PM
[ReportManager] Browser Action [navigateToURL] successfully performed. With the following test data [https://www.google.com/ncr]. @15-02-2021 22:15:49.0542 P

################################################################################################################################################
Starting Execution:	[33 out of 134] test cases in the current suite
Test Method:		[unitTests.tests_validations_assertions.assertElementAttribute_false_containsComparison_expectedToFail]
################################################################################################################################################
[ReportManager] Element Action [type] successfully performed. With the following test data [Automation123]. @15-02-2021 22:15:50.0254 PM
[ReportManager] Element Action [getText] successfully performed. With the following test data [Automation123]. @15-02-2021 22:15:50.0377 PM
[ReportManager] Loaded Shared OpenCV @15-02-2021 22:15:50.0524 PM
[ReportManager] AssertElementAttribute FAILED; Expected [Value Should not be 'Automation' for the 'text' attribute, element locator 'By.name: q'] and Actual [Automation123]. Comparison Type [CONTAINS]. Validation Type [NEGATIVE]. @15-02-2021 22:15:50.0601 PM
[ReportManager] Successfully created attachment [Screenshot - 1613427350524_assertElementAttribute_false_containsComparison_expectedToFail_AssertElementAttribute_failed] @15-02-2021 22:15:50.0602 P
[ReportManager] Successfully created attachment [Selenium WebDriver Logs - server] @15-02-2021 22:15:50.0688 PM
[ReportManager] Successfully created attachment [Selenium WebDriver Logs - performance] @15-02-2021 22:15:50.0780 PM
[ReportManager] Successfully created attachment [Selenium WebDriver Logs - driver] @15-02-2021 22:15:50.0921 PM
[ReportManager] Browser Action [closeCurrentWindow] successfully performed. @15-02-2021 22:15:50.0978 PM
[ReportManager] Successfully created attachment [Browser Action Test Data - closeCurrentWindow - Actual Value] @15-02-2021 22:15:50.0979 P
[ReportManager] File Action [getAbsolutePath] successfully performed. With the following test data [Relative Folder Path: "target/downloadedFiles/"]. @15-02-2021 22:15:50.0981 PM
[ReportManager] Attempting to run remotely on: [Linux-64], [GoogleChrome], [http://localhost:4444/wd/hub], Headless Execution. @15-02-2021 22:15:50.0983 PM
[ReportManager] Successfully Opened [GoogleChrome]. @15-02-2021 22:15:51.0234 PM
[ReportManager] Target URL: [https://www.google.com/ncr], and after redirection: [www.google.com] @15-02-2021 22:15:51.0246 PM
[ReportManager] Initial URL: [data:,] @15-02-2021 22:15:51.0287 PM
[ReportManager] Browser Action [navigateToURL] successfully performed. With the following test data [https://www.google.com/ncr]. @15-02-2021 22:15:52.0104 P

################################################################################################################################################
Starting Execution:	[34 out of 134] test cases in the current suite
Test Method:		[unitTests.tests_validations_assertions.assertElementAttribute_false_containsComparison_expectedToPass]
################################################################################################################################################
[ReportManager] Element Action [type] successfully performed. With the following test data [Automation123]. @15-02-2021 22:15:52.0725 PM
[ReportManager] Element Action [getText] successfully performed. With the following test data [Automation123]. @15-02-2021 22:15:52.0874 PM
[ReportManager] Loaded Shared OpenCV @15-02-2021 22:15:53.0003 PM
[ReportManager] AssertElementAttribute PASSED; Expected [Value Should not be 'Automation1234' for the 'text' attribute, element locator 'By.name: q'] and Actual [Automation123]. Comparison Type [CONTAINS]. Validation Type [NEGATIVE]. @15-02-2021 22:15:53.0082 PM
[ReportManager] Successfully created attachment [Screenshot - 1613427353003_assertElementAttribute_false_containsComparison_expectedToPass_AssertElementAttribute_passed] @15-02-2021 22:15:53.0082 P
[ReportManager] Successfully created attachment [Selenium WebDriver Logs - server] @15-02-2021 22:15:53.0160 PM
[ReportManager] Successfully created attachment [Selenium WebDriver Logs - performance] @15-02-2021 22:15:53.0246 PM
[ReportManager] Successfully created attachment [Selenium WebDriver Logs - driver] @15-02-2021 22:15:53.0379 PM
[ReportManager] Browser Action [closeCurrentWindow] successfully performed. @15-02-2021 22:15:53.0436 PM
[ReportManager] Successfully created attachment [Browser Action Test Data - closeCurrentWindow - Actual Value] @15-02-2021 22:15:53.0437 P
[ReportManager] File Action [getAbsolutePath] successfully performed. With the following test data [Relative Folder Path: "target/downloadedFiles/"]. @15-02-2021 22:15:53.0448 PM
[ReportManager] Attempting to run remotely on: [Linux-64], [GoogleChrome], [http://localhost:4444/wd/hub], Headless Execution. @15-02-2021 22:15:53.0449 PM
[ReportManager] Successfully Opened [GoogleChrome]. @15-02-2021 22:15:53.0691 PM
[ReportManager] Target URL: [https://www.google.com/ncr], and after redirection: [www.google.com] @15-02-2021 22:15:53.0711 PM
[ReportManager] Initial URL: [data:,] @15-02-2021 22:15:53.0766 PM
[ReportManager] Browser Action [navigateToURL] successfully performed. With the following test data [https://www.google.com/ncr]. @15-02-2021 22:15:54.0621 P

################################################################################################################################################
Starting Execution:	[35 out of 134] test cases in the current suite
Test Method:		[unitTests.tests_validations_assertions.assertElementAttribute_false_literalComparison_expectedToFail]
################################################################################################################################################
[ReportManager] Element Action [type] successfully performed. With the following test data [Automation!@#$%^&*()_+{}[]\';/.,]. @15-02-2021 22:15:56.0196 PM
[ReportManager] Element Action [getText] successfully performed. With the following test data [Automation!@#$%^&*()_+{}[]\';/.,]. @15-02-2021 22:15:56.0345 PM
[ReportManager] Loaded Shared OpenCV @15-02-2021 22:15:56.0504 PM
[ReportManager] AssertElementAttribute PASSED; Expected [Value Should not be 'Automation!@#$%^&*()_+{}[]\\';/.,' for the 'text' attribute, element locator 'By.name: q'] and Actual [Automation!@#$%^&*()_+{}[]\';/.,]. Comparison Type [EQUALS]. Validation Type [NEGATIVE]. @15-02-2021 22:15:56.0583 PM
[ReportManager] Successfully created attachment [Screenshot - 1613427356504_assertElementAttribute_false_literalComparison_expectedToFail_AssertElementAttribute_passed] @15-02-2021 22:15:56.0585 P
[ReportManager] Successfully created attachment [Selenium WebDriver Logs - server] @15-02-2021 22:15:56.0664 PM
[ReportManager] Successfully created attachment [Selenium WebDriver Logs - performance] @15-02-2021 22:15:56.0828 PM
[ReportManager] Successfully created attachment [Selenium WebDriver Logs - driver] @15-02-2021 22:15:57.0044 PM
[ReportManager] Browser Action [closeCurrentWindow] successfully performed. @15-02-2021 22:15:57.0105 PM
[ReportManager] Successfully created attachment [Browser Action Test Data - closeCurrentWindow - Actual Value] @15-02-2021 22:15:57.0105 P
[ReportManager] File Action [getAbsolutePath] successfully performed. With the following test data [Relative Folder Path: "target/downloadedFiles/"]. @15-02-2021 22:15:57.0110 PM
[ReportManager] Attempting to run remotely on: [Linux-64], [GoogleChrome], [http://localhost:4444/wd/hub], Headless Execution. @15-02-2021 22:15:57.0110 PM
[ReportManager] Successfully Opened [GoogleChrome]. @15-02-2021 22:15:57.0435 PM
[ReportManager] Target URL: [https://www.google.com/ncr], and after redirection: [www.google.com] @15-02-2021 22:15:57.0458 PM
[ReportManager] Initial URL: [data:,] @15-02-2021 22:15:57.0511 PM
[ReportManager] Browser Action [navigateToURL] successfully performed. With the following test data [https://www.google.com/ncr]. @15-02-2021 22:15:58.0369 P

################################################################################################################################################
Starting Execution:	[36 out of 134] test cases in the current suite
Test Method:		[unitTests.tests_validations_assertions.assertElementAttribute_false_literalComparison_expectedToPass]
################################################################################################################################################
[ReportManager] Element Action [type] successfully performed. With the following test data [Automation!@#$%^&*()_+{}[]\';/.,]. @15-02-2021 22:15:59.0828 PM
[ReportManager] Element Action [getText] successfully performed. With the following test data [Automation!@#$%^&*()_+{}[]\';/.,]. @15-02-2021 22:15:59.0978 PM
[ReportManager] Loaded Shared OpenCV @15-02-2021 22:16:00.0131 PM
[ReportManager] AssertElementAttribute PASSED; Expected [Value Should not be 'Automation' for the 'text' attribute, element locator 'By.name: q'] and Actual [Automation!@#$%^&*()_+{}[]\';/.,]. Comparison Type [EQUALS]. Validation Type [NEGATIVE]. @15-02-2021 22:16:00.0206 PM
[ReportManager] Successfully created attachment [Screenshot - 1613427360130_assertElementAttribute_false_literalComparison_expectedToPass_AssertElementAttribute_passed] @15-02-2021 22:16:00.0207 P
[ReportManager] Successfully created attachment [Selenium WebDriver Logs - server] @15-02-2021 22:16:00.0288 PM
[ReportManager] Successfully created attachment [Selenium WebDriver Logs - performance] @15-02-2021 22:16:00.0463 PM
[ReportManager] Successfully created attachment [Selenium WebDriver Logs - driver] @15-02-2021 22:16:00.0669 PM
[ReportManager] Browser Action [closeCurrentWindow] successfully performed. @15-02-2021 22:16:00.0729 PM
[ReportManager] Successfully created attachment [Browser Action Test Data - closeCurrentWindow - Actual Value] @15-02-2021 22:16:00.0730 P
[ReportManager] File Action [getAbsolutePath] successfully performed. With the following test data [Relative Folder Path: "target/downloadedFiles/"]. @15-02-2021 22:16:00.0732 PM
[ReportManager] Attempting to run remotely on: [Linux-64], [GoogleChrome], [http://localhost:4444/wd/hub], Headless Execution. @15-02-2021 22:16:00.0732 PM
[ReportManager] Successfully Opened [GoogleChrome]. @15-02-2021 22:16:00.0986 PM
[ReportManager] Target URL: [https://www.google.com/ncr], and after redirection: [www.google.com] @15-02-2021 22:16:00.0996 PM
[ReportManager] Initial URL: [data:,] @15-02-2021 22:16:01.0035 PM
[ReportManager] Browser Action [navigateToURL] successfully performed. With the following test data [https://www.google.com/ncr]. @15-02-2021 22:16:02.0029 P

################################################################################################################################################
Starting Execution:	[37 out of 134] test cases in the current suite
Test Method:		[unitTests.tests_validations_assertions.assertElementAttribute_false_regexComparison_expectedToFail]
################################################################################################################################################
[ReportManager] Element Action [type] successfully performed. With the following test data [Automation123]. @15-02-2021 22:16:02.0667 PM
[ReportManager] Element Action [getText] successfully performed. With the following test data [Automation123]. @15-02-2021 22:16:02.0795 PM
[ReportManager] Loaded Shared OpenCV @15-02-2021 22:16:02.0936 PM
[ReportManager] AssertElementAttribute FAILED; Expected [Value Should not be 'Automation.*' for the 'text' attribute, element locator 'By.name: q'] and Actual [Automation123]. Comparison Type [MATCHES]. Validation Type [NEGATIVE]. @15-02-2021 22:16:03.0018 PM
[ReportManager] Successfully created attachment [Screenshot - 1613427362936_assertElementAttribute_false_regexComparison_expectedToFail_AssertElementAttribute_failed] @15-02-2021 22:16:03.0019 P
[ReportManager] Successfully created attachment [Selenium WebDriver Logs - server] @15-02-2021 22:16:03.0108 PM
[ReportManager] Successfully created attachment [Selenium WebDriver Logs - performance] @15-02-2021 22:16:03.0200 PM
[ReportManager] Successfully created attachment [Selenium WebDriver Logs - driver] @15-02-2021 22:16:03.0348 PM
[ReportManager] Browser Action [closeCurrentWindow] successfully performed. @15-02-2021 22:16:03.0407 PM
[ReportManager] Successfully created attachment [Browser Action Test Data - closeCurrentWindow - Actual Value] @15-02-2021 22:16:03.0408 P
[ReportManager] File Action [getAbsolutePath] successfully performed. With the following test data [Relative Folder Path: "target/downloadedFiles/"]. @15-02-2021 22:16:03.0411 PM
[ReportManager] Attempting to run remotely on: [Linux-64], [GoogleChrome], [http://localhost:4444/wd/hub], Headless Execution. @15-02-2021 22:16:03.0411 PM
[ReportManager] Successfully Opened [GoogleChrome]. @15-02-2021 22:16:03.0676 PM
[ReportManager] Target URL: [https://www.google.com/ncr], and after redirection: [www.google.com] @15-02-2021 22:16:03.0687 PM
[ReportManager] Initial URL: [data:,] @15-02-2021 22:16:03.0734 PM
[ReportManager] Browser Action [navigateToURL] successfully performed. With the following test data [https://www.google.com/ncr]. @15-02-2021 22:16:04.0534 P

################################################################################################################################################
Starting Execution:	[38 out of 134] test cases in the current suite
Test Method:		[unitTests.tests_validations_assertions.assertElementAttribute_false_regexComparison_expectedToPass]
################################################################################################################################################
[ReportManager] Element Action [type] successfully performed. With the following test data [Automation123]. @15-02-2021 22:16:05.0279 PM
[ReportManager] Element Action [getText] successfully performed. With the following test data [Automation123]. @15-02-2021 22:16:05.0386 PM
[ReportManager] Loaded Shared OpenCV @15-02-2021 22:16:05.0517 PM
[ReportManager] AssertElementAttribute PASSED; Expected [Value Should not be 'Automation' for the 'text' attribute, element locator 'By.name: q'] and Actual [Automation123]. Comparison Type [MATCHES]. Validation Type [NEGATIVE]. @15-02-2021 22:16:05.0588 PM
[ReportManager] Successfully created attachment [Screenshot - 1613427365517_assertElementAttribute_false_regexComparison_expectedToPass_AssertElementAttribute_passed] @15-02-2021 22:16:05.0589 P
[ReportManager] Successfully created attachment [Selenium WebDriver Logs - server] @15-02-2021 22:16:05.0689 PM
[ReportManager] Successfully created attachment [Selenium WebDriver Logs - performance] @15-02-2021 22:16:05.0791 PM
[ReportManager] Successfully created attachment [Selenium WebDriver Logs - driver] @15-02-2021 22:16:05.0915 PM
[ReportManager] Browser Action [closeCurrentWindow] successfully performed. @15-02-2021 22:16:05.0972 PM
[ReportManager] Successfully created attachment [Browser Action Test Data - closeCurrentWindow - Actual Value] @15-02-2021 22:16:05.0973 P
[ReportManager] File Action [getAbsolutePath] successfully performed. With the following test data [Relative Folder Path: "target/downloadedFiles/"]. @15-02-2021 22:16:05.0976 PM
[ReportManager] Attempting to run remotely on: [Linux-64], [GoogleChrome], [http://localhost:4444/wd/hub], Headless Execution. @15-02-2021 22:16:05.0977 PM
[ReportManager] Successfully Opened [GoogleChrome]. @15-02-2021 22:16:06.0216 PM
[ReportManager] Target URL: [https://www.google.com/ncr], and after redirection: [www.google.com] @15-02-2021 22:16:06.0227 PM
[ReportManager] Initial URL: [data:,] @15-02-2021 22:16:06.0269 PM
[ReportManager] Browser Action [navigateToURL] successfully performed. With the following test data [https://www.google.com/ncr]. @15-02-2021 22:16:07.0150 P

################################################################################################################################################
Starting Execution:	[39 out of 134] test cases in the current suite
Test Method:		[unitTests.tests_validations_assertions.assertElementAttribute_true_caseInsensitiveComparison_expectedToFail]
################################################################################################################################################
[ReportManager] Element Action [type] successfully performed. With the following test data [AUTOMATION]. @15-02-2021 22:16:07.0819 PM
[ReportManager] Element Action [getText] successfully performed. With the following test data [AUTOMATION]. @15-02-2021 22:16:07.0930 PM
[ReportManager] Loaded Shared OpenCV @15-02-2021 22:16:08.0064 PM
[ReportManager] AssertElementAttribute FAILED; Expected [Value Should be 'AutomaTion123' for the 'text' attribute, element locator 'By.name: q'] and Actual [AUTOMATION]. Comparison Type [CASE_INSENSITIVE]. Validation Type [POSITIVE]. @15-02-2021 22:16:08.0152 PM
[ReportManager] Successfully created attachment [Screenshot - 1613427368064_assertElementAttribute_true_caseInsensitiveComparison_expectedToFail_AssertElementAttribute_failed] @15-02-2021 22:16:08.0154 P
[ReportManager] Successfully created attachment [Selenium WebDriver Logs - server] @15-02-2021 22:16:08.0241 PM
[ReportManager] Successfully created attachment [Selenium WebDriver Logs - performance] @15-02-2021 22:16:08.0333 PM
[ReportManager] Successfully created attachment [Selenium WebDriver Logs - driver] @15-02-2021 22:16:08.0466 PM
[ReportManager] Browser Action [closeCurrentWindow] successfully performed. @15-02-2021 22:16:08.0523 PM
[ReportManager] Successfully created attachment [Browser Action Test Data - closeCurrentWindow - Actual Value] @15-02-2021 22:16:08.0524 P
[ReportManager] File Action [getAbsolutePath] successfully performed. With the following test data [Relative Folder Path: "target/downloadedFiles/"]. @15-02-2021 22:16:08.0527 PM
[ReportManager] Attempting to run remotely on: [Linux-64], [GoogleChrome], [http://localhost:4444/wd/hub], Headless Execution. @15-02-2021 22:16:08.0527 PM
[ReportManager] Successfully Opened [GoogleChrome]. @15-02-2021 22:16:08.0787 PM
[ReportManager] Target URL: [https://www.google.com/ncr], and after redirection: [www.google.com] @15-02-2021 22:16:08.0797 PM
[ReportManager] Initial URL: [data:,] @15-02-2021 22:16:08.0839 PM
[ReportManager] Browser Action [navigateToURL] successfully performed. With the following test data [https://www.google.com/ncr]. @15-02-2021 22:16:09.0724 P

################################################################################################################################################
Starting Execution:	[40 out of 134] test cases in the current suite
Test Method:		[unitTests.tests_validations_assertions.assertElementAttribute_true_caseInsensitiveComparison_expectedToPass]
################################################################################################################################################
[ReportManager] Element Action [type] successfully performed. With the following test data [AUTOMATION]. @15-02-2021 22:16:10.0419 PM
[ReportManager] Element Action [getText] successfully performed. With the following test data [AUTOMATION]. @15-02-2021 22:16:10.0556 PM
[ReportManager] Loaded Shared OpenCV @15-02-2021 22:16:10.0696 PM
[ReportManager] AssertElementAttribute PASSED; Expected [Value Should be 'AutomaTion' for the 'text' attribute, element locator 'By.name: q'] and Actual [AUTOMATION]. Comparison Type [CASE_INSENSITIVE]. Validation Type [POSITIVE]. @15-02-2021 22:16:10.0779 PM
[ReportManager] Successfully created attachment [Screenshot - 1613427370696_assertElementAttribute_true_caseInsensitiveComparison_expectedToPass_AssertElementAttribute_passed] @15-02-2021 22:16:10.0780 P
[ReportManager] Successfully created attachment [Selenium WebDriver Logs - server] @15-02-2021 22:16:10.0866 PM
[ReportManager] Successfully created attachment [Selenium WebDriver Logs - performance] @15-02-2021 22:16:10.0960 PM
[ReportManager] Successfully created attachment [Selenium WebDriver Logs - driver] @15-02-2021 22:16:11.0096 PM
[ReportManager] Browser Action [closeCurrentWindow] successfully performed. @15-02-2021 22:16:11.0160 PM
[ReportManager] Successfully created attachment [Browser Action Test Data - closeCurrentWindow - Actual Value] @15-02-2021 22:16:11.0160 P
[ReportManager] File Action [getAbsolutePath] successfully performed. With the following test data [Relative Folder Path: "target/downloadedFiles/"]. @15-02-2021 22:16:11.0163 PM
[ReportManager] Attempting to run remotely on: [Linux-64], [GoogleChrome], [http://localhost:4444/wd/hub], Headless Execution. @15-02-2021 22:16:11.0163 PM
[ReportManager] Successfully Opened [GoogleChrome]. @15-02-2021 22:16:11.0400 PM
[ReportManager] Target URL: [https://www.google.com/ncr], and after redirection: [www.google.com] @15-02-2021 22:16:11.0412 PM
[ReportManager] Initial URL: [data:,] @15-02-2021 22:16:11.0452 PM
[ReportManager] Browser Action [navigateToURL] successfully performed. With the following test data [https://www.google.com/ncr]. @15-02-2021 22:16:12.0242 P

################################################################################################################################################
Starting Execution:	[41 out of 134] test cases in the current suite
Test Method:		[unitTests.tests_validations_assertions.assertElementAttribute_true_containsComparison_expectedToFail]
################################################################################################################################################
[ReportManager] Element Action [type] successfully performed. With the following test data [Automation123]. @15-02-2021 22:16:12.0891 PM
[ReportManager] Element Action [getText] successfully performed. With the following test data [Automation123]. @15-02-2021 22:16:13.0024 PM
[ReportManager] Loaded Shared OpenCV @15-02-2021 22:16:13.0168 PM
[ReportManager] AssertElementAttribute FAILED; Expected [Value Should be 'Automation1234' for the 'text' attribute, element locator 'By.name: q'] and Actual [Automation123]. Comparison Type [CONTAINS]. Validation Type [POSITIVE]. @15-02-2021 22:16:13.0244 PM
[ReportManager] Successfully created attachment [Screenshot - 1613427373168_assertElementAttribute_true_containsComparison_expectedToFail_AssertElementAttribute_failed] @15-02-2021 22:16:13.0245 P
[ReportManager] Successfully created attachment [Selenium WebDriver Logs - server] @15-02-2021 22:16:13.0335 PM
[ReportManager] Successfully created attachment [Selenium WebDriver Logs - performance] @15-02-2021 22:16:13.0421 PM
[ReportManager] Successfully created attachment [Selenium WebDriver Logs - driver] @15-02-2021 22:16:13.0549 PM
[ReportManager] Browser Action [closeCurrentWindow] successfully performed. @15-02-2021 22:16:13.0606 PM
[ReportManager] Successfully created attachment [Browser Action Test Data - closeCurrentWindow - Actual Value] @15-02-2021 22:16:13.0606 P
[ReportManager] File Action [getAbsolutePath] successfully performed. With the following test data [Relative Folder Path: "target/downloadedFiles/"]. @15-02-2021 22:16:13.0609 PM
[ReportManager] Attempting to run remotely on: [Linux-64], [GoogleChrome], [http://localhost:4444/wd/hub], Headless Execution. @15-02-2021 22:16:13.0609 PM
[ReportManager] Successfully Opened [GoogleChrome]. @15-02-2021 22:16:13.0866 PM
[ReportManager] Target URL: [https://www.google.com/ncr], and after redirection: [www.google.com] @15-02-2021 22:16:13.0876 PM
[ReportManager] Initial URL: [data:,] @15-02-2021 22:16:13.0914 PM
[ReportManager] Browser Action [navigateToURL] successfully performed. With the following test data [https://www.google.com/ncr]. @15-02-2021 22:16:14.0730 P

################################################################################################################################################
Starting Execution:	[42 out of 134] test cases in the current suite
Test Method:		[unitTests.tests_validations_assertions.assertElementAttribute_true_containsComparison_expectedToPass]
################################################################################################################################################
[ReportManager] Element Action [type] successfully performed. With the following test data [Automation123]. @15-02-2021 22:16:15.0374 PM
[ReportManager] Element Action [getText] successfully performed. With the following test data [Automation123]. @15-02-2021 22:16:15.0479 PM
[ReportManager] Loaded Shared OpenCV @15-02-2021 22:16:15.0607 PM
[ReportManager] AssertElementAttribute PASSED; Expected [Value Should be 'Automation' for the 'text' attribute, element locator 'By.name: q'] and Actual [Automation123]. Comparison Type [CONTAINS]. Validation Type [POSITIVE]. @15-02-2021 22:16:15.0673 PM
[ReportManager] Successfully created attachment [Screenshot - 1613427375607_assertElementAttribute_true_containsComparison_expectedToPass_AssertElementAttribute_passed] @15-02-2021 22:16:15.0673 P
[ReportManager] Successfully created attachment [Selenium WebDriver Logs - server] @15-02-2021 22:16:15.0751 PM
[ReportManager] Successfully created attachment [Selenium WebDriver Logs - performance] @15-02-2021 22:16:15.0844 PM
[ReportManager] Successfully created attachment [Selenium WebDriver Logs - driver] @15-02-2021 22:16:15.0984 PM
[ReportManager] Browser Action [closeCurrentWindow] successfully performed. @15-02-2021 22:16:16.0053 PM
[ReportManager] Successfully created attachment [Browser Action Test Data - closeCurrentWindow - Actual Value] @15-02-2021 22:16:16.0054 P
[ReportManager] File Action [getAbsolutePath] successfully performed. With the following test data [Relative Folder Path: "target/downloadedFiles/"]. @15-02-2021 22:16:16.0059 PM
[ReportManager] Attempting to run remotely on: [Linux-64], [GoogleChrome], [http://localhost:4444/wd/hub], Headless Execution. @15-02-2021 22:16:16.0059 PM
[ReportManager] Successfully Opened [GoogleChrome]. @15-02-2021 22:16:16.0286 PM
[ReportManager] Target URL: [https://www.google.com/ncr], and after redirection: [www.google.com] @15-02-2021 22:16:16.0297 PM
[ReportManager] Initial URL: [data:,] @15-02-2021 22:16:16.0337 PM
[ReportManager] Browser Action [navigateToURL] successfully performed. With the following test data [https://www.google.com/ncr]. @15-02-2021 22:16:17.0158 P

################################################################################################################################################
Starting Execution:	[43 out of 134] test cases in the current suite
Test Method:		[unitTests.tests_validations_assertions.assertElementAttribute_true_literalComparison_expectedToFail]
################################################################################################################################################
[ReportManager] Element Action [type] successfully performed. With the following test data [Automation!@#$%^&*()_+{}[]\';/.,]. @15-02-2021 22:16:18.0721 PM
[ReportManager] Element Action [getText] successfully performed. With the following test data [Automation!@#$%^&*()_+{}[]\';/.,]. @15-02-2021 22:16:18.0846 PM
[ReportManager] Loaded Shared OpenCV @15-02-2021 22:16:18.0994 PM
[ReportManager] AssertElementAttribute FAILED; Expected [Value Should be 'Automation' for the 'text' attribute, element locator 'By.name: q'] and Actual [Automation!@#$%^&*()_+{}[]\';/.,]. Comparison Type [EQUALS]. Validation Type [POSITIVE]. @15-02-2021 22:16:19.0064 PM
[ReportManager] Successfully created attachment [Screenshot - 1613427378994_assertElementAttribute_true_literalComparison_expectedToFail_AssertElementAttribute_failed] @15-02-2021 22:16:19.0066 P
[ReportManager] Successfully created attachment [Selenium WebDriver Logs - server] @15-02-2021 22:16:19.0159 PM
[ReportManager] Successfully created attachment [Selenium WebDriver Logs - performance] @15-02-2021 22:16:19.0325 PM
[ReportManager] Successfully created attachment [Selenium WebDriver Logs - driver] @15-02-2021 22:16:19.0531 PM
[ReportManager] Browser Action [closeCurrentWindow] successfully performed. @15-02-2021 22:16:19.0594 PM
[ReportManager] Successfully created attachment [Browser Action Test Data - closeCurrentWindow - Actual Value] @15-02-2021 22:16:19.0594 P
[ReportManager] File Action [getAbsolutePath] successfully performed. With the following test data [Relative Folder Path: "target/downloadedFiles/"]. @15-02-2021 22:16:19.0605 PM
[ReportManager] Attempting to run remotely on: [Linux-64], [GoogleChrome], [http://localhost:4444/wd/hub], Headless Execution. @15-02-2021 22:16:19.0605 PM
[ReportManager] Successfully Opened [GoogleChrome]. @15-02-2021 22:16:19.0872 PM
[ReportManager] Target URL: [https://www.google.com/ncr], and after redirection: [www.google.com] @15-02-2021 22:16:19.0892 PM
[ReportManager] Initial URL: [data:,] @15-02-2021 22:16:19.0931 PM
[ReportManager] Browser Action [navigateToURL] successfully performed. With the following test data [https://www.google.com/ncr]. @15-02-2021 22:16:20.0722 P

################################################################################################################################################
Starting Execution:	[44 out of 134] test cases in the current suite
Test Method:		[unitTests.tests_validations_assertions.assertElementAttribute_true_literalComparison_expectedToPass]
################################################################################################################################################
[ReportManager] Element Action [type] successfully performed. With the following test data [Automation!@#$%^&*()_+{}[]\';/.,]. @15-02-2021 22:16:22.0294 PM
[ReportManager] Element Action [getText] successfully performed. With the following test data [Automation!@#$%^&*()_+{}[]\';/.,]. @15-02-2021 22:16:22.0405 PM
[ReportManager] Loaded Shared OpenCV @15-02-2021 22:16:22.0545 PM
[ReportManager] AssertElementAttribute PASSED; Expected [Value Should be 'Automation!@#$%^&*()_+{}[]\';/.,' for the 'text' attribute, element locator 'By.name: q'] and Actual [Automation!@#$%^&*()_+{}[]\';/.,]. Comparison Type [EQUALS]. Validation Type [POSITIVE]. @15-02-2021 22:16:22.0620 PM
[ReportManager] Successfully created attachment [Screenshot - 1613427382545_assertElementAttribute_true_literalComparison_expectedToPass_AssertElementAttribute_passed] @15-02-2021 22:16:22.0621 P
[ReportManager] Successfully created attachment [Selenium WebDriver Logs - server] @15-02-2021 22:16:22.0693 PM
[ReportManager] Successfully created attachment [Selenium WebDriver Logs - performance] @15-02-2021 22:16:22.0866 PM
[ReportManager] Successfully created attachment [Selenium WebDriver Logs - driver] @15-02-2021 22:16:23.0091 PM
[ReportManager] Browser Action [closeCurrentWindow] successfully performed. @15-02-2021 22:16:23.0150 PM
[ReportManager] Successfully created attachment [Browser Action Test Data - closeCurrentWindow - Actual Value] @15-02-2021 22:16:23.0151 P
[ReportManager] File Action [getAbsolutePath] successfully performed. With the following test data [Relative Folder Path: "target/downloadedFiles/"]. @15-02-2021 22:16:23.0154 PM
[ReportManager] Attempting to run remotely on: [Linux-64], [GoogleChrome], [http://localhost:4444/wd/hub], Headless Execution. @15-02-2021 22:16:23.0154 PM
[ReportManager] Successfully Opened [GoogleChrome]. @15-02-2021 22:16:23.0382 PM
[ReportManager] Target URL: [https://www.google.com/ncr], and after redirection: [www.google.com] @15-02-2021 22:16:23.0394 PM
[ReportManager] Initial URL: [data:,] @15-02-2021 22:16:23.0441 PM
[ReportManager] Browser Action [navigateToURL] successfully performed. With the following test data [https://www.google.com/ncr]. @15-02-2021 22:16:24.0233 P

################################################################################################################################################
Starting Execution:	[45 out of 134] test cases in the current suite
Test Method:		[unitTests.tests_validations_assertions.assertElementAttribute_true_regexComparison_expectedToFail]
################################################################################################################################################
[ReportManager] Element Action [type] successfully performed. With the following test data [Automation123]. @15-02-2021 22:16:24.0897 PM
[ReportManager] Element Action [getText] successfully performed. With the following test data [Automation123]. @15-02-2021 22:16:25.0016 PM
[ReportManager] Loaded Shared OpenCV @15-02-2021 22:16:25.0151 PM
[ReportManager] AssertElementAttribute FAILED; Expected [Value Should be 'Automation' for the 'text' attribute, element locator 'By.name: q'] and Actual [Automation123]. Comparison Type [MATCHES]. Validation Type [POSITIVE]. @15-02-2021 22:16:25.0231 PM
[ReportManager] Successfully created attachment [Screenshot - 1613427385151_assertElementAttribute_true_regexComparison_expectedToFail_AssertElementAttribute_failed] @15-02-2021 22:16:25.0232 P
[ReportManager] Successfully created attachment [Selenium WebDriver Logs - server] @15-02-2021 22:16:25.0320 PM
[ReportManager] Successfully created attachment [Selenium WebDriver Logs - performance] @15-02-2021 22:16:25.0421 PM
[ReportManager] Successfully created attachment [Selenium WebDriver Logs - driver] @15-02-2021 22:16:25.0561 PM
[ReportManager] Browser Action [closeCurrentWindow] successfully performed. @15-02-2021 22:16:25.0618 PM
[ReportManager] Successfully created attachment [Browser Action Test Data - closeCurrentWindow - Actual Value] @15-02-2021 22:16:25.0619 P
[ReportManager] File Action [getAbsolutePath] successfully performed. With the following test data [Relative Folder Path: "target/downloadedFiles/"]. @15-02-2021 22:16:25.0625 PM
[ReportManager] Attempting to run remotely on: [Linux-64], [GoogleChrome], [http://localhost:4444/wd/hub], Headless Execution. @15-02-2021 22:16:25.0626 PM
[ReportManager] Successfully Opened [GoogleChrome]. @15-02-2021 22:16:25.0873 PM
[ReportManager] Target URL: [https://www.google.com/ncr], and after redirection: [www.google.com] @15-02-2021 22:16:25.0883 PM
[ReportManager] Initial URL: [data:,] @15-02-2021 22:16:25.0926 PM
[ReportManager] Browser Action [navigateToURL] successfully performed. With the following test data [https://www.google.com/ncr]. @15-02-2021 22:16:26.0848 P

################################################################################################################################################
Starting Execution:	[46 out of 134] test cases in the current suite
Test Method:		[unitTests.tests_validations_assertions.assertElementAttribute_true_regexComparison_expectedToPass]
################################################################################################################################################
[ReportManager] Element Action [type] successfully performed. With the following test data [Automation123]. @15-02-2021 22:16:27.0480 PM
[ReportManager] Element Action [getText] successfully performed. With the following test data [Automation123]. @15-02-2021 22:16:27.0601 PM
[ReportManager] Loaded Shared OpenCV @15-02-2021 22:16:27.0736 PM
[ReportManager] AssertElementAttribute PASSED; Expected [Value Should be 'Automation.*' for the 'text' attribute, element locator 'By.name: q'] and Actual [Automation123]. Comparison Type [MATCHES]. Validation Type [POSITIVE]. @15-02-2021 22:16:27.0809 PM
[ReportManager] Successfully created attachment [Screenshot - 1613427387736_assertElementAttribute_true_regexComparison_expectedToPass_AssertElementAttribute_passed] @15-02-2021 22:16:27.0810 P
[ReportManager] Successfully created attachment [Selenium WebDriver Logs - server] @15-02-2021 22:16:27.0929 PM
[ReportManager] Successfully created attachment [Selenium WebDriver Logs - performance] @15-02-2021 22:16:28.0035 PM
[ReportManager] Successfully created attachment [Selenium WebDriver Logs - driver] @15-02-2021 22:16:28.0184 PM
[ReportManager] Browser Action [closeCurrentWindow] successfully performed. @15-02-2021 22:16:28.0240 PM
[ReportManager] Successfully created attachment [Browser Action Test Data - closeCurrentWindow - Actual Value] @15-02-2021 22:16:28.0241 P
[ReportManager] File Action [getAbsolutePath] successfully performed. With the following test data [Relative Folder Path: "target/downloadedFiles/"]. @15-02-2021 22:16:28.0243 PM
[ReportManager] Attempting to run remotely on: [Linux-64], [GoogleChrome], [http://localhost:4444/wd/hub], Headless Execution. @15-02-2021 22:16:28.0243 PM
[ReportManager] Successfully Opened [GoogleChrome]. @15-02-2021 22:16:28.0513 PM
[ReportManager] Target URL: [https://www.google.com/ncr], and after redirection: [www.google.com] @15-02-2021 22:16:28.0527 PM
[ReportManager] Initial URL: [data:,] @15-02-2021 22:16:28.0570 PM
[ReportManager] Browser Action [navigateToURL] successfully performed. With the following test data [https://www.google.com/ncr]. @15-02-2021 22:16:29.0372 P

################################################################################################################################################
Starting Execution:	[47 out of 134] test cases in the current suite
Test Method:		[unitTests.tests_validations_assertions.assertElementExists_false_expectedToFail]
################################################################################################################################################
[ReportManager] AssertElementExists PASSED; Expected [Element Should not Exist, locator 'By.id: hplogo'] and Actual [Element Doesn't Exists]. Comparison Type [EQUALS]. Validation Type [NEGATIVE]. @15-02-2021 22:16:29.0588 PM
[ReportManager] Successfully created attachment [Screenshot - 1613427389532_assertElementExists_false_expectedToFail_AssertElementExists_passed] @15-02-2021 22:16:29.0589 P
[ReportManager] Successfully created attachment [Selenium WebDriver Logs - server] @15-02-2021 22:16:29.0672 PM
[ReportManager] Successfully created attachment [Selenium WebDriver Logs - performance] @15-02-2021 22:16:29.0707 PM
[ReportManager] Successfully created attachment [Selenium WebDriver Logs - driver] @15-02-2021 22:16:29.0780 PM
[ReportManager] Browser Action [closeCurrentWindow] successfully performed. @15-02-2021 22:16:29.0837 PM
[ReportManager] Successfully created attachment [Browser Action Test Data - closeCurrentWindow - Actual Value] @15-02-2021 22:16:29.0838 P
[ReportManager] File Action [getAbsolutePath] successfully performed. With the following test data [Relative Folder Path: "target/downloadedFiles/"]. @15-02-2021 22:16:29.0842 PM
[ReportManager] Attempting to run remotely on: [Linux-64], [GoogleChrome], [http://localhost:4444/wd/hub], Headless Execution. @15-02-2021 22:16:29.0842 PM
[ReportManager] Successfully Opened [GoogleChrome]. @15-02-2021 22:16:30.0094 PM
[ReportManager] Target URL: [https://www.google.com/ncr], and after redirection: [www.google.com] @15-02-2021 22:16:30.0104 PM
[ReportManager] Initial URL: [data:,] @15-02-2021 22:16:30.0147 PM
[ReportManager] Browser Action [navigateToURL] successfully performed. With the following test data [https://www.google.com/ncr]. @15-02-2021 22:16:30.0934 P

################################################################################################################################################
Starting Execution:	[48 out of 134] test cases in the current suite
Test Method:		[unitTests.tests_validations_assertions.assertElementExists_false_expectedToPass]
################################################################################################################################################
[ReportManager] AssertElementExists PASSED; Expected [Element Should not Exist, locator 'By.id: fakeElement'] and Actual [Element Doesn't Exists]. Comparison Type [EQUALS]. Validation Type [NEGATIVE]. @15-02-2021 22:16:31.0136 PM
[ReportManager] Successfully created attachment [Screenshot - 1613427391080_assertElementExists_false_expectedToPass_AssertElementExists_passed] @15-02-2021 22:16:31.0142 P
[ReportManager] Successfully created attachment [Selenium WebDriver Logs - server] @15-02-2021 22:16:31.0222 PM
[ReportManager] Successfully created attachment [Selenium WebDriver Logs - performance] @15-02-2021 22:16:31.0255 PM
[ReportManager] Successfully created attachment [Selenium WebDriver Logs - driver] @15-02-2021 22:16:31.0327 PM
[ReportManager] Browser Action [closeCurrentWindow] successfully performed. @15-02-2021 22:16:31.0383 PM
[ReportManager] Successfully created attachment [Browser Action Test Data - closeCurrentWindow - Actual Value] @15-02-2021 22:16:31.0384 P
[ReportManager] File Action [getAbsolutePath] successfully performed. With the following test data [Relative Folder Path: "target/downloadedFiles/"]. @15-02-2021 22:16:31.0386 PM
[ReportManager] Attempting to run remotely on: [Linux-64], [GoogleChrome], [http://localhost:4444/wd/hub], Headless Execution. @15-02-2021 22:16:31.0386 PM
[ReportManager] Successfully Opened [GoogleChrome]. @15-02-2021 22:16:31.0615 PM
[ReportManager] Target URL: [https://www.google.com/ncr], and after redirection: [www.google.com] @15-02-2021 22:16:31.0626 PM
[ReportManager] Initial URL: [data:,] @15-02-2021 22:16:31.0670 PM
[ReportManager] Browser Action [navigateToURL] successfully performed. With the following test data [https://www.google.com/ncr]. @15-02-2021 22:16:32.0498 P

################################################################################################################################################
Starting Execution:	[49 out of 134] test cases in the current suite
Test Method:		[unitTests.tests_validations_assertions.assertElementExists_false_multipleElementsFound_expectedToFail]
################################################################################################################################################
[ReportManager] AssertElementExists FAILED; Expected [Element Should not Exist, locator 'By.xpath: //div'] and Actual [Element Exists but is not unique]. Comparison Type [EQUALS]. Validation Type [NEGATIVE]. @15-02-2021 22:16:32.0722 PM
[ReportManager] Successfully created attachment [Screenshot - 1613427392665_assertElementExists_false_multipleElementsFound_expectedToFail_AssertElementExists_failed] @15-02-2021 22:16:32.0723 P
[ReportManager] Successfully created attachment [Selenium WebDriver Logs - server] @15-02-2021 22:16:32.0797 PM
[ReportManager] Successfully created attachment [Selenium WebDriver Logs - performance] @15-02-2021 22:16:32.0829 PM
[ReportManager] Successfully created attachment [Selenium WebDriver Logs - driver] @15-02-2021 22:16:32.0897 PM
[ReportManager] Browser Action [closeCurrentWindow] successfully performed. @15-02-2021 22:16:32.0953 PM
[ReportManager] Successfully created attachment [Browser Action Test Data - closeCurrentWindow - Actual Value] @15-02-2021 22:16:32.0954 P
[ReportManager] File Action [getAbsolutePath] successfully performed. With the following test data [Relative Folder Path: "target/downloadedFiles/"]. @15-02-2021 22:16:32.0961 PM
[ReportManager] Attempting to run remotely on: [Linux-64], [GoogleChrome], [http://localhost:4444/wd/hub], Headless Execution. @15-02-2021 22:16:32.0961 PM
[ReportManager] Successfully Opened [GoogleChrome]. @15-02-2021 22:16:33.0193 PM
[ReportManager] Target URL: [https://www.google.com/ncr], and after redirection: [www.google.com] @15-02-2021 22:16:33.0204 PM
[ReportManager] Initial URL: [data:,] @15-02-2021 22:16:33.0240 PM
[ReportManager] Browser Action [navigateToURL] successfully performed. With the following test data [https://www.google.com/ncr]. @15-02-2021 22:16:34.0026 P

################################################################################################################################################
Starting Execution:	[50 out of 134] test cases in the current suite
Test Method:		[unitTests.tests_validations_assertions.assertElementExists_true_expectedToFail]
################################################################################################################################################
[ReportManager] AssertElementExists FAILED; Expected [Element Should Exist, locator 'By.id: fakeElement'] and Actual [Element Doesn't Exists]. Comparison Type [EQUALS]. Validation Type [POSITIVE]. @15-02-2021 22:16:34.0248 PM
[ReportManager] Successfully created attachment [Screenshot - 1613427394183_assertElementExists_true_expectedToFail_AssertElementExists_failed] @15-02-2021 22:16:34.0249 P
[ReportManager] Successfully created attachment [Selenium WebDriver Logs - server] @15-02-2021 22:16:34.0325 PM
[ReportManager] Successfully created attachment [Selenium WebDriver Logs - performance] @15-02-2021 22:16:34.0369 PM
[ReportManager] Successfully created attachment [Selenium WebDriver Logs - driver] @15-02-2021 22:16:34.0436 PM
[ReportManager] Browser Action [closeCurrentWindow] successfully performed. @15-02-2021 22:16:34.0492 PM
[ReportManager] Successfully created attachment [Browser Action Test Data - closeCurrentWindow - Actual Value] @15-02-2021 22:16:34.0493 P
[ReportManager] File Action [getAbsolutePath] successfully performed. With the following test data [Relative Folder Path: "target/downloadedFiles/"]. @15-02-2021 22:16:34.0495 PM
[ReportManager] Attempting to run remotely on: [Linux-64], [GoogleChrome], [http://localhost:4444/wd/hub], Headless Execution. @15-02-2021 22:16:34.0495 PM
[ReportManager] Successfully Opened [GoogleChrome]. @15-02-2021 22:16:34.0777 PM
[ReportManager] Target URL: [https://www.google.com/ncr], and after redirection: [www.google.com] @15-02-2021 22:16:34.0787 PM
[ReportManager] Initial URL: [data:,] @15-02-2021 22:16:34.0825 PM
[ReportManager] Browser Action [navigateToURL] successfully performed. With the following test data [https://www.google.com/ncr]. @15-02-2021 22:16:35.0592 P

################################################################################################################################################
Starting Execution:	[51 out of 134] test cases in the current suite
Test Method:		[unitTests.tests_validations_assertions.assertElementExists_true_expectedToPass]
################################################################################################################################################
[ReportManager] AssertElementExists FAILED; Expected [Element Should Exist, locator 'By.id: hplogo'] and Actual [Element Doesn't Exists]. Comparison Type [EQUALS]. Validation Type [POSITIVE]. @15-02-2021 22:16:35.0804 PM
[ReportManager] Successfully created attachment [Screenshot - 1613427395748_assertElementExists_true_expectedToPass_AssertElementExists_failed] @15-02-2021 22:16:35.0804 P
[ReportManager] Successfully created attachment [Selenium WebDriver Logs - server] @15-02-2021 22:16:35.0889 PM
[ReportManager] Successfully created attachment [Selenium WebDriver Logs - performance] @15-02-2021 22:16:35.0922 PM
[ReportManager] Successfully created attachment [Selenium WebDriver Logs - driver] @15-02-2021 22:16:35.0991 PM
[ReportManager] Browser Action [closeCurrentWindow] successfully performed. @15-02-2021 22:16:36.0047 PM
[ReportManager] Successfully created attachment [Browser Action Test Data - closeCurrentWindow - Actual Value] @15-02-2021 22:16:36.0048 P
[ReportManager] File Action [getAbsolutePath] successfully performed. With the following test data [Relative Folder Path: "target/downloadedFiles/"]. @15-02-2021 22:16:36.0051 PM
[ReportManager] Attempting to run remotely on: [Linux-64], [GoogleChrome], [http://localhost:4444/wd/hub], Headless Execution. @15-02-2021 22:16:36.0051 PM
[ReportManager] Successfully Opened [GoogleChrome]. @15-02-2021 22:16:36.0278 PM
[ReportManager] Target URL: [https://www.google.com/ncr], and after redirection: [www.google.com] @15-02-2021 22:16:36.0288 PM
[ReportManager] Initial URL: [data:,] @15-02-2021 22:16:36.0348 PM
[ReportManager] Browser Action [navigateToURL] successfully performed. With the following test data [https://www.google.com/ncr]. @15-02-2021 22:16:37.0175 P

################################################################################################################################################
Starting Execution:	[52 out of 134] test cases in the current suite
Test Method:		[unitTests.tests_validations_assertions.assertElementExists_true_multipleElementsFound_expectedToFail]
################################################################################################################################################
[ReportManager] AssertElementExists FAILED; Expected [Element Should Exist, locator 'By.xpath: //div'] and Actual [Element Exists but is not unique]. Comparison Type [EQUALS]. Validation Type [POSITIVE]. @15-02-2021 22:16:37.0389 PM
[ReportManager] Successfully created attachment [Screenshot - 1613427397331_assertElementExists_true_multipleElementsFound_expectedToFail_AssertElementExists_failed] @15-02-2021 22:16:37.0390 P
[ReportManager] Successfully created attachment [Selenium WebDriver Logs - server] @15-02-2021 22:16:37.0471 PM
[ReportManager] Successfully created attachment [Selenium WebDriver Logs - performance] @15-02-2021 22:16:37.0507 PM
[ReportManager] Successfully created attachment [Selenium WebDriver Logs - driver] @15-02-2021 22:16:37.0580 PM
[ReportManager] Browser Action [closeCurrentWindow] successfully performed. @15-02-2021 22:16:37.0637 PM
[ReportManager] Successfully created attachment [Browser Action Test Data - closeCurrentWindow - Actual Value] @15-02-2021 22:16:37.0637 P

################################################################################################################################################
Starting Execution:	[53 out of 134] test cases in the current suite
Test Method:		[unitTests.tests_validations_assertions.assertEquals_false_expectedToFail]
################################################################################################################################################
[ReportManager] AssertEquals FAILED; Expected [1] and Actual [1]. Comparison Type [EQUALS]. Validation Type [NEGATIVE]. @15-02-2021 22:16:37.0644 P

################################################################################################################################################
Starting Execution:	[54 out of 134] test cases in the current suite
Test Method:		[unitTests.tests_validations_assertions.assertEquals_false_expectedToPass]
################################################################################################################################################
[ReportManager] AssertEquals PASSED; Expected [1] and Actual [2]. Comparison Type [EQUALS]. Validation Type [NEGATIVE]. @15-02-2021 22:16:37.0654 P

################################################################################################################################################
Starting Execution:	[55 out of 134] test cases in the current suite
Test Method:		[unitTests.tests_validations_assertions.assertEquals_longCharacters]
################################################################################################################################################
[ReportManager] VerifyEquals PASSED; Expected and Actual values are attached. Comparison Type [EQUALS]. Validation Type [POSITIVE]. @15-02-2021 22:16:37.0658 PM
[ReportManager] Successfully created attachment [Validation Test Data - Expected Value] @15-02-2021 22:16:37.0659 PM
[ReportManager] Successfully created attachment [Validation Test Data - Actual Value] @15-02-2021 22:16:37.0659 PM
[ReportManager] AssertEquals PASSED; Expected and Actual values are attached. Comparison Type [EQUALS]. Validation Type [POSITIVE]. @15-02-2021 22:16:37.0659 PM
[ReportManager] Successfully created attachment [Validation Test Data - Expected Value] @15-02-2021 22:16:37.0659 PM
[ReportManager] Successfully created attachment [Validation Test Data - Actual Value] @15-02-2021 22:16:37.0659 P

################################################################################################################################################
Starting Execution:	[56 out of 134] test cases in the current suite
Test Method:		[unitTests.tests_validations_assertions.assertEquals_longCharacters_Discreet]
################################################################################################################################################
[ReportManager] AssertEquals PASSED; Expected [1LH5pROcDBjjQk0t0mCr0lXuzQu9lcGj28kY8R1H81X67eVAQJgWQhILiRWVPUgZ6uCtK5cnBkF55Jr9vYngjGO1Iyf0Mktv6lruDlL9T8MAUPcUZJGHZtji6nIeadujDSNmWMj5d6C8zlFqw0CRqBU0hO5adIasHgBSNoLotAjce3NGXoDwAlp3rYreeV16VIyZXROQY] and Actual [1LH5pROcDBjjQk0t0mCr0lXuzQu9lcGj28kY8R1H81X67eVAQJgWQhILiRWVPUgZ6uCtK5cnBkF55Jr9vYngjGO1Iyf0Mktv6lruDlL9T8MAUPcUZJGHZtji6nIeadujDSNmWMj5d6C8zlFqw0CRqBU0hO5adIasHgBSNoLotAjce3NGXoDwAlp3rYreeV16VIyZXROQY]. Comparison Type [EQUALS]. Validation Type [POSITIVE]. @15-02-2021 22:16:37.0662 P

################################################################################################################################################
Starting Execution:	[57 out of 134] test cases in the current suite
Test Method:		[unitTests.tests_validations_assertions.assertEquals_true_expectedToFail]
################################################################################################################################################
[ReportManager] AssertEquals FAILED; Expected [1] and Actual [2]. Comparison Type [EQUALS]. Validation Type [POSITIVE]. @15-02-2021 22:16:37.0664 P

################################################################################################################################################
Starting Execution:	[58 out of 134] test cases in the current suite
Test Method:		[unitTests.tests_validations_assertions.assertEquals_true_expectedToPass]
Test Description:	[Assert that assertEquals works as expected when the two values are equal.]
################################################################################################################################################
[ReportManager] VerifyEquals PASSED; Expected [1] and Actual [1]. Comparison Type [EQUALS]. Validation Type [POSITIVE]. @15-02-2021 22:16:37.0676 PM
[ReportManager] AssertEquals PASSED; Expected [1] and Actual [1]. Comparison Type [EQUALS]. Validation Type [POSITIVE]. @15-02-2021 22:16:37.0676 P

################################################################################################################################################
Starting Execution:	[59 out of 134] test cases in the current suite
Test Method:		[unitTests.tests_validations_assertions.assertEquals_true_expectedToPass__]
################################################################################################################################################
[ReportManager] AssertEquals PASSED; Expected [1] and Actual [1]. Comparison Type [EQUALS]. Validation Type [POSITIVE]. @15-02-2021 22:16:37.0688 P

################################################################################################################################################
Starting Execution:	[60 out of 134] test cases in the current suite
Test Method:		[unitTests.tests_validations_assertions.assertFileExists_false_expectedToFail]
################################################################################################################################################
[ReportManager] File Action [doesFileExist] successfully performed. With the following test data [File Path: "src/main/java/com/shaft/gui/element/ElementActions.java"]. @15-02-2021 22:16:37.0690 PM
[ReportManager] AssertFileExists FAILED; Expected [File 'src/main/java/com/shaft/gui/element/ElementActions.java' should not exist, after up to '1' retries] and Actual [File exists]. Validation Type [NEGATIVE]. @15-02-2021 22:16:37.0698 P

################################################################################################################################################
Starting Execution:	[61 out of 134] test cases in the current suite
Test Method:		[unitTests.tests_validations_assertions.assertFileExists_false_expectedToPass]
################################################################################################################################################
[ReportManager] File Action [doesFileExist] successfully performed. With the following test data [File Path: "src/main/java/com/shaft/gui/element/ElementActions.java_fail"]. @15-02-2021 22:16:38.0204 PM
[ReportManager] AssertFileExists PASSED; Expected [File 'src/main/java/com/shaft/gui/element/ElementActions.java_fail' should not exist, after up to '1' retries] and Actual [File does not exist]. Validation Type [NEGATIVE]. @15-02-2021 22:16:38.0204 P

################################################################################################################################################
Starting Execution:	[62 out of 134] test cases in the current suite
Test Method:		[unitTests.tests_validations_assertions.assertFileExists_true_expectedToFail]
################################################################################################################################################
[ReportManager] File Action [doesFileExist] successfully performed. With the following test data [File Path: "src/main/java/com/shaft/gui/element/ElementActions.java_fail"]. @15-02-2021 22:16:38.0709 PM
[ReportManager] AssertFileExists FAILED; Expected [File 'src/main/java/com/shaft/gui/element/ElementActions.java_fail' should exist, after up to '1' retries] and Actual [File does not exist]. Validation Type [POSITIVE]. @15-02-2021 22:16:38.0709 P

################################################################################################################################################
Starting Execution:	[63 out of 134] test cases in the current suite
Test Method:		[unitTests.tests_validations_assertions.assertFileExists_true_expectedToPass]
################################################################################################################################################
[ReportManager] File Action [doesFileExist] successfully performed. With the following test data [File Path: "src/main/java/com/shaft/gui/element/ElementActions.java"]. @15-02-2021 22:16:38.0712 PM
[ReportManager] AssertFileExists PASSED; Expected [File 'src/main/java/com/shaft/gui/element/ElementActions.java' should exist, after up to '1' retries] and Actual [File exists]. Validation Type [POSITIVE]. @15-02-2021 22:16:38.0712 P

################################################################################################################################################
Starting Execution:	[64 out of 134] test cases in the current suite
Test Method:		[unitTests.tests_validations_assertions.assertNull_false_expectedToFail]
################################################################################################################################################
[ReportManager] AssertNull FAILED; Expected [NULL] and Actual [NULL]. Comparison Type [EQUALS]. Validation Type [NEGATIVE]. @15-02-2021 22:16:38.0715 P

################################################################################################################################################
Starting Execution:	[65 out of 134] test cases in the current suite
Test Method:		[unitTests.tests_validations_assertions.assertNull_false_expectedToPass]
################################################################################################################################################
[ReportManager] AssertNull PASSED; Expected [NULL] and Actual [1]. Comparison Type [EQUALS]. Validation Type [NEGATIVE]. @15-02-2021 22:16:38.0721 P

################################################################################################################################################
Starting Execution:	[66 out of 134] test cases in the current suite
Test Method:		[unitTests.tests_validations_assertions.assertNull_true_expectedToFail]
################################################################################################################################################
[ReportManager] AssertNull FAILED; Expected [NULL] and Actual [1]. Comparison Type [EQUALS]. Validation Type [POSITIVE]. @15-02-2021 22:16:38.0726 P

################################################################################################################################################
Starting Execution:	[67 out of 134] test cases in the current suite
Test Method:		[unitTests.tests_validations_assertions.assertNull_true_expectedToPass]
################################################################################################################################################
[ReportManager] AssertNull PASSED; Expected [NULL] and Actual [NULL]. Comparison Type [EQUALS]. Validation Type [POSITIVE]. @15-02-2021 22:16:38.0729 P
[ReportManager] File Action [getAbsolutePath] successfully performed. With the following test data [Relative Folder Path: "target/downloadedFiles/"]. @15-02-2021 22:16:38.0733 PM
[ReportManager] Attempting to run remotely on: [Linux-64], [GoogleChrome], [http://localhost:4444/wd/hub], Headless Execution. @15-02-2021 22:16:38.0733 PM
[ReportManager] Successfully Opened [GoogleChrome]. @15-02-2021 22:16:38.0956 P

################################################################################################################################################
Starting Execution:	[68 out of 134] test cases in the current suite
Test Method:		[testPackage01.Test_IsElementClickable.testIsElementClickable]
################################################################################################################################################
[ReportManager] Target URL: [https://the-internet.herokuapp.com/] @15-02-2021 22:16:38.0981 PM
[ReportManager] Initial URL: [data:,] @15-02-2021 22:16:39.0031 PM
[ReportManager] Browser Action [navigateToURL] successfully performed. With the following test data [https://the-internet.herokuapp.com/]. @15-02-2021 22:16:42.0776 PM
[ReportManager] Element Action [isElementClickable] successfully performed. @15-02-2021 22:16:42.0949 PM
[ReportManager] AssertTrue PASSED; Expected [TRUE] and Actual [TRUE]. Validation Type [POSITIVE]. @15-02-2021 22:16:42.0949 P
[ReportManager] Successfully created attachment [Selenium WebDriver Logs - server] @15-02-2021 22:16:42.0996 PM
[ReportManager] Successfully created attachment [Selenium WebDriver Logs - performance] @15-02-2021 22:16:43.0016 PM
[ReportManager] Successfully created attachment [Selenium WebDriver Logs - browser] @15-02-2021 22:16:43.0022 PM
[ReportManager] Successfully created attachment [Selenium WebDriver Logs - driver] @15-02-2021 22:16:43.0086 PM
[ReportManager] Browser Action [closeCurrentWindow] successfully performed. @15-02-2021 22:16:43.0142 PM
[ReportManager] Successfully created attachment [Browser Action Test Data - closeCurrentWindow - Actual Value] @15-02-2021 22:16:43.0142 P

################################################################################################################################################
Starting Execution:	[69 out of 134] test cases in the current suite
Test Method:		[testPackage01.Test_JsonActions.f]
###############################################################################################################################################

################################################################################################################################################
Starting Execution:	[70 out of 134] test cases in the current suite
Test Method:		[testPackage01.Test_JsonActions.f2]
###############################################################################################################################################

################################################################################################################################################
Starting Execution:	[71 out of 134] test cases in the current suite
Test Method:		[testPackage01.Test_SkipDueToIssue.doNotSkip]
################################################################################################################################################
[ReportManager] This should not be skipped. @15-02-2021 22:16:43.0239 P

################################################################################################################################################
Starting Execution:	[72 out of 134] test cases in the current suite
Test Method:		[testPackage01.Test_SkipDueToIssue.skip]
################################################################################################################################################
[ReportManager] This should be skipped. @15-02-2021 22:16:43.0244 P

################################################################################################################################################
Starting Execution:	[73 out of 134] test cases in the current suite
Test Method:		[testPackage01.Test_SkipDueToIssue.skip2]
################################################################################################################################################
[ReportManager] This should be skipped. @15-02-2021 22:16:43.0249 P

################################################################################################################################################
Starting Execution:	[74 out of 134] test cases in the current suite
Test Method:		[testPackage01.Test_testData.f]
################################################################################################################################################
[ReportManager] Successfully loaded the following test data file [src/test/resources/TestDataFiles/testSuite01/TestData.xlsx]. @15-02-2021 22:16:43.0298 PM
[ReportManager] Successfully created attachment [Test Data - Excel] @15-02-2021 22:16:43.0298 PM
[ReportManager] Last Column Number is: [3]. Zero-based. @15-02-2021 22:16:43.0299 P
[ReportManager] File Action [getAbsolutePath] successfully performed. With the following test data [Relative Folder Path: "target/downloadedFiles/"]. @15-02-2021 22:16:43.0303 PM
[ReportManager] Attempting to run remotely on: [Linux-64], [GoogleChrome], [http://localhost:4444/wd/hub], Headless Execution. @15-02-2021 22:16:43.0304 PM
[ReportManager] Successfully Opened [GoogleChrome]. @15-02-2021 22:16:43.0530 P

################################################################################################################################################
Starting Execution:	[75 out of 134] test cases in the current suite
Test Method:		[testPackage01.Test_assertEquals.test_assertElementAttribute]
################################################################################################################################################
[ReportManager] Target URL: [https://www.google.com/ncr], and after redirection: [https://www.google.com] @15-02-2021 22:16:43.0548 PM
[ReportManager] Initial URL: [data:,] @15-02-2021 22:16:43.0599 PM
[ReportManager] Browser Action [navigateToURL] successfully performed. With the following test data [https://www.google.com/ncr]. @15-02-2021 22:16:44.0384 PM
[ReportManager] Element Action [type] successfully performed. With the following test data [INC_004010050:Another SCHEDULER with the same name [Duplicate Job Name] already exists.]. @15-02-2021 22:16:46.0825 PM
[ReportManager] Element Action [getText] successfully performed. With the following test data [INC_004010050:Another SCHEDULER with the same name [Duplicate Job Name] already exists.]. @15-02-2021 22:16:46.0940 PM
[ReportManager] Loaded Shared OpenCV @15-02-2021 22:16:47.0103 PM
[ReportManager] AssertElementAttribute PASSED; Expected [Value Should be 'INC_004010050:Another SCHEDULER with the same name \[Duplicate Job Name\] already exists.' for the 'text' attribute, element locator 'By.name: q'] and Actual [INC_004010050:Another SCHEDULER with the same name [Duplicate Job Name] already exists.]. Comparison Type [MATCHES]. Validation Type [POSITIVE]. @15-02-2021 22:16:47.0176 PM
[ReportManager] Successfully created attachment [Screenshot - 1613427407103_test_assertElementAttribute_AssertElementAttribute_passed] @15-02-2021 22:16:47.0177 P
[ReportManager] Successfully created attachment [Selenium WebDriver Logs - server] @15-02-2021 22:16:47.0254 PM
[ReportManager] Successfully created attachment [Selenium WebDriver Logs - performance] @15-02-2021 22:16:47.0650 PM
[ReportManager] Successfully created attachment [Selenium WebDriver Logs - driver] @15-02-2021 22:16:48.0081 PM
[ReportManager] Browser Action [closeCurrentWindow] successfully performed. @15-02-2021 22:16:48.0145 PM
[ReportManager] Successfully created attachment [Browser Action Test Data - closeCurrentWindow - Actual Value] @15-02-2021 22:16:48.0146 P

################################################################################################################################################
Starting Execution:	[76 out of 134] test cases in the current suite
Test Method:		[testPackage01.Test_JsonCompareWithSpecialCharacters.specialCharacters]
################################################################################################################################################
[ReportManager] File Action [getAbsolutePath] successfully performed. With the following test data [Relative Folder Path: "src/test/resources/TestJsonFiles/specialCharacters.json"]. @15-02-2021 22:16:48.0156 PM
[ReportManager] File Action [readFromFile] successfully performed. With the following test data [File Path: "/home/runner/work/SHAFT_ENGINE/SHAFT_ENGINE/src/test/resources/TestJsonFiles/specialCharacters.json"]. @15-02-2021 22:16:48.0157 PM
[ReportManager] Successfully created attachment [File Action Actual Result - Command Log] @15-02-2021 22:16:48.0157 PM
[ReportManager] Comparing the provided API response with the file at this path "src/test/resources/TestJsonFiles/specialCharacters.json", comparison type "EQUALS" @15-02-2021 22:16:48.0158 PM
[ReportManager] API Action [compareJSON] successfully performed. With the following test data [src/test/resources/TestJsonFiles/specialCharacters.json]. @15-02-2021 22:16:48.0184 PM
[ReportManager] File Action [getAbsolutePath] successfully performed. With the following test data [Relative Folder Path: "src/test/resources/TestJsonFiles/specialCharacters.json"]. @15-02-2021 22:16:48.0184 PM
[ReportManager] File Action [readFromFile] successfully performed. With the following test data [File Path: "/home/runner/work/SHAFT_ENGINE/SHAFT_ENGINE/src/test/resources/TestJsonFiles/specialCharacters.json"]. @15-02-2021 22:16:48.0184 PM
[ReportManager] VerifyJSONFileContent PASSED; Expected [Response data should match the JSON File in this path 'src/test/resources/TestJsonFiles/specialCharacters.json'] and Actual [TRUE]. Comparison Type [EQUALS]. Validation Type [POSITIVE]. @15-02-2021 22:16:48.0192 PM
[ReportManager] Successfully created attachment [Validation Test Data - Expected JSON Value] @15-02-2021 22:16:48.0193 PM
[ReportManager] Successfully created attachment [Validation Test Data - Actual JSON Value] @15-02-2021 22:16:48.0193 P

################################################################################################################################################
Starting Execution:	[77 out of 134] test cases in the current suite
Test Method:		[testPackage01.Test_JsonCompareWithSpecialCharacters.specialCharacters_assertion]
################################################################################################################################################
[ReportManager] File Action [getAbsolutePath] successfully performed. With the following test data [Relative Folder Path: "src/test/resources/TestJsonFiles/specialCharacters.json"]. @15-02-2021 22:16:48.0207 PM
[ReportManager] File Action [readFromFile] successfully performed. With the following test data [File Path: "/home/runner/work/SHAFT_ENGINE/SHAFT_ENGINE/src/test/resources/TestJsonFiles/specialCharacters.json"]. @15-02-2021 22:16:48.0208 PM
[ReportManager] Successfully created attachment [File Action Actual Result - Command Log] @15-02-2021 22:16:48.0208 PM
[ReportManager] trying out the log message... @15-02-2021 22:16:48.0209 PM
[ReportManager] Comparing the provided API response with the file at this path "src/test/resources/TestJsonFiles/specialCharacters.json", comparison type "CONTAINS" @15-02-2021 22:16:48.0209 PM
[ReportManager] API Action [compareJSON] successfully performed. With the following test data [src/test/resources/TestJsonFiles/specialCharacters.json]. @15-02-2021 22:16:48.0220 PM
[ReportManager] File Action [getAbsolutePath] successfully performed. With the following test data [Relative Folder Path: "src/test/resources/TestJsonFiles/specialCharacters.json"]. @15-02-2021 22:16:48.0220 PM
[ReportManager] File Action [readFromFile] successfully performed. With the following test data [File Path: "/home/runner/work/SHAFT_ENGINE/SHAFT_ENGINE/src/test/resources/TestJsonFiles/specialCharacters.json"]. @15-02-2021 22:16:48.0220 PM
[ReportManager] AssertJSONFileContent PASSED; Expected [Response data should match the JSON File in this path 'src/test/resources/TestJsonFiles/specialCharacters.json'] and Actual [TRUE]. Comparison Type [CONTAINS]. Validation Type [POSITIVE]. @15-02-2021 22:16:48.0226 PM
[ReportManager] Successfully created attachment [Validation Test Data - Expected JSON Value] @15-02-2021 22:16:48.0226 PM
[ReportManager] Successfully created attachment [Validation Test Data - Actual JSON Value] @15-02-2021 22:16:48.0227 P

################################################################################################################################################
Starting Execution:	[78 out of 134] test cases in the current suite
Test Method:		[testPackage01.Test_JSONFileManager.readStringFromJson]
################################################################################################################################################
[ReportManager] Successfully loaded the following test data file [src/test/resources/TestDataFiles/simpleJSON.json]. @15-02-2021 22:16:48.0239 PM
[ReportManager] Successfully created attachment [Test Data - JSON] @15-02-2021 22:16:48.0240 PM
[ReportManager] AssertEquals PASSED; Expected [Mohab Mohie] and Actual [Mohab Mohie]. Comparison Type [EQUALS]. Validation Type [POSITIVE]. @15-02-2021 22:16:48.0251 P
[ReportManager] Successfully loaded the following test data file [src/test/resources/TestDataFiles/testSuite01/TestData.xlsx]. @15-02-2021 22:16:48.0310 PM
[ReportManager] Successfully created attachment [Test Data - Excel] @15-02-2021 22:16:48.0310 PM
[ReportManager] File Action [getAbsolutePath] successfully performed. With the following test data [Relative Folder Path: "target/downloadedFiles/"]. @15-02-2021 22:16:48.0310 PM
[ReportManager] Attempting to run remotely on: [Linux-64], [GoogleChrome], [http://localhost:4444/wd/hub], Headless Execution. @15-02-2021 22:16:48.0311 PM
[ReportManager] Successfully Opened [GoogleChrome]. @15-02-2021 22:16:48.0667 P

################################################################################################################################################
Starting Execution:	[79 out of 134] test cases in the current suite
Test Method:		[testPackage01.Test_google.navigateToURLandVerifyGoogleLogoIsDisplayed]
Test Description:	[TC001 - Navigate to URL and Verify Google Logo is Displayed]
################################################################################################################################################
[ReportManager] Target URL: [https://www.google.com/ncr], and after redirection: [https://www.google.com] @15-02-2021 22:16:48.0688 PM
[ReportManager] Initial URL: [data:,] @15-02-2021 22:16:48.0734 PM
[ReportManager] Browser Action [navigateToURL] successfully performed. With the following test data [https://www.google.com/ncr]. @15-02-2021 22:16:49.0503 PM
[ReportManager] Loaded Shared OpenCV @15-02-2021 22:16:49.0681 PM
[ReportManager] AssertElementExists PASSED; Expected [Element Should Exist, locator 'By.xpath: //img[@id='hplogo' or @alt='Google']'] and Actual [Element Exists]. Comparison Type [EQUALS]. Validation Type [POSITIVE]. @15-02-2021 22:16:49.0751 PM
[ReportManager] Successfully created attachment [Screenshot - 1613427409681_navigateToURLandVerifyGoogleLogoIsDisplayed_AssertElementExists_passed] @15-02-2021 22:16:49.0752 P

################################################################################################################################################
Starting Execution:	[80 out of 134] test cases in the current suite
Test Method:		[testPackage01.Test_google.searchForQueryandAssertResultsNumDisplayed]
Test Description:	[TC002 - Search for Query and Assert that the number of results is displayed]
################################################################################################################################################
[ReportManager] Element Action [type] successfully performed. With the following test data [SHAFT_Engine]. @15-02-2021 22:16:50.0454 PM
[ReportManager] Element Action [keyPress] successfully performed. With the following test data [Enter]. @15-02-2021 22:16:51.0454 PM
[ReportManager] Element Action [getText] successfully performed. With the following test data [About 780,000 results (0.44 seconds) ]. @15-02-2021 22:16:51.0564 PM
[ReportManager] Loaded Shared OpenCV @15-02-2021 22:16:51.0748 PM
[ReportManager] AssertElementAttribute PASSED; Expected [Value Should not be '' for the 'Text' attribute, element locator 'By.id: appbar'] and Actual [About 780,000 results (0.44 seconds) ]. Comparison Type [EQUALS]. Validation Type [NEGATIVE]. @15-02-2021 22:16:51.0841 PM
[ReportManager] Successfully created attachment [Screenshot - 1613427411748_searchForQueryandAssertResultsNumDisplayed_AssertElementAttribute_passed] @15-02-2021 22:16:51.0843 P

################################################################################################################################################
Starting Execution:	[81 out of 134] test cases in the current suite
Test Method:		[testPackage01.Test_google.clickNextThrice]
Test Description:	[TC003 - Clicks the next button to make sure that the framework can scroll element into view before clicking it]
################################################################################################################################################
[ReportManager] Element Action [click] successfully performed. With the following test data [Next]. @15-02-2021 22:16:53.0148 P
[ReportManager] Successfully created attachment [Selenium WebDriver Logs - server] @15-02-2021 22:16:53.0292 PM
[ReportManager] Successfully created attachment [Selenium WebDriver Logs - performance] @15-02-2021 22:16:53.0537 PM
[ReportManager] Successfully created attachment [Selenium WebDriver Logs - driver] @15-02-2021 22:16:54.0035 PM
[ReportManager] Browser Action [closeCurrentWindow] successfully performed. @15-02-2021 22:16:54.0101 PM
[ReportManager] Successfully created attachment [Browser Action Test Data - closeCurrentWindow - Actual Value] @15-02-2021 22:16:54.0141 P
[ReportManager] File Action [getAbsolutePath] successfully performed. With the following test data [Relative Folder Path: "target/downloadedFiles/"]. @15-02-2021 22:16:54.0142 PM
[ReportManager] Attempting to run remotely on: [Linux-64], [GoogleChrome], [http://localhost:4444/wd/hub], Headless Execution. @15-02-2021 22:16:54.0142 PM
[ReportManager] Successfully Opened [GoogleChrome]. @15-02-2021 22:16:54.0400 P

################################################################################################################################################
Starting Execution:	[82 out of 134] test cases in the current suite
Test Method:		[testPackage01.Test_dragAndDrop.dragAndDropJquery]
################################################################################################################################################
[ReportManager] Target URL: [https://jqueryui.com/resources/demos/droppable/default.html] @15-02-2021 22:16:54.0487 PM
[ReportManager] Initial URL: [data:,] @15-02-2021 22:16:54.0529 PM
[ReportManager] Browser Action [navigateToURL] successfully performed. With the following test data [https://jqueryui.com/resources/demos/droppable/default.html]. @15-02-2021 22:16:54.0908 PM
[ReportManager] Element Action [getText] successfully performed. With the following test data [Drop here]. @15-02-2021 22:16:55.0018 PM
[ReportManager] Element Action [dragAndDrop] successfully performed. With the following test data [Start point: (8, 18), End point: (8, 18)]. @15-02-2021 22:16:56.0389 PM
[ReportManager] Element Action [getText] successfully performed. With the following test data [Dropped!]. @15-02-2021 22:16:56.0486 PM
[ReportManager] Checking to see if the text has changed after performing drag and drop... @15-02-2021 22:16:56.0486 PM
[ReportManager] AssertEquals PASSED; Expected [Drop here] and Actual [Dropped!]. Comparison Type [EQUALS]. Validation Type [NEGATIVE]. @15-02-2021 22:16:56.0486 P
[ReportManager] Successfully created attachment [Selenium WebDriver Logs - server] @15-02-2021 22:16:56.0558 PM
[ReportManager] Successfully created attachment [Selenium WebDriver Logs - performance] @15-02-2021 22:16:56.0576 PM
[ReportManager] Successfully created attachment [Selenium WebDriver Logs - driver] @15-02-2021 22:16:56.0666 PM
[ReportManager] Browser Action [closeCurrentWindow] successfully performed. @15-02-2021 22:16:56.0724 PM
[ReportManager] Successfully created attachment [Browser Action Test Data - closeCurrentWindow - Actual Value] @15-02-2021 22:16:56.0724 P
[ReportManager] File Action [getAbsolutePath] successfully performed. With the following test data [Relative Folder Path: "target/downloadedFiles/"]. @15-02-2021 22:16:56.0726 PM
[ReportManager] Attempting to run remotely on: [Linux-64], [GoogleChrome], [http://localhost:4444/wd/hub], Headless Execution. @15-02-2021 22:16:56.0726 PM
[ReportManager] Successfully Opened [GoogleChrome]. @15-02-2021 22:16:57.0007 P

################################################################################################################################################
Starting Execution:	[83 out of 134] test cases in the current suite
Test Method:		[testPackage01.Test_dragAndDrop.dragAndDrop]
Test Description:	[TC001 - Test Drag and Drop function.]
################################################################################################################################################
[ReportManager] Target URL: [http://the-internet.herokuapp.com/drag_and_drop] @15-02-2021 22:16:57.0021 PM
[ReportManager] Initial URL: [data:,] @15-02-2021 22:16:57.0086 PM
[ReportManager] Browser Action [navigateToURL] successfully performed. With the following test data [http://the-internet.herokuapp.com/drag_and_drop]. @15-02-2021 22:16:57.0425 PM
[ReportManager] Attempting Drag and Drop @15-02-2021 22:16:57.0425 PM
[ReportManager] Element Action [dragAndDrop] successfully performed. With the following test data [Start point: (32, 89), End point: (247, 89)]. @15-02-2021 22:16:58.0654 P
[ReportManager] Successfully created attachment [Selenium WebDriver Logs - server] @15-02-2021 22:16:58.0702 PM
[ReportManager] Successfully created attachment [Selenium WebDriver Logs - performance] @15-02-2021 22:16:58.0727 PM
[ReportManager] Successfully created attachment [Selenium WebDriver Logs - browser] @15-02-2021 22:16:58.0734 PM
[ReportManager] Successfully created attachment [Selenium WebDriver Logs - driver] @15-02-2021 22:16:58.0794 PM
[ReportManager] Browser Action [closeCurrentWindow] successfully performed. @15-02-2021 22:16:58.0851 PM
[ReportManager] Successfully created attachment [Browser Action Test Data - closeCurrentWindow - Actual Value] @15-02-2021 22:16:58.0852 P
[ReportManager] File Action [getAbsolutePath] successfully performed. With the following test data [Relative Folder Path: "target/downloadedFiles/"]. @15-02-2021 22:16:58.0853 PM
[ReportManager] Attempting to run remotely on: [Linux-64], [GoogleChrome], [http://localhost:4444/wd/hub], Headless Execution. @15-02-2021 22:16:58.0853 PM
[ReportManager] Successfully Opened [GoogleChrome]. @15-02-2021 22:16:59.0129 P

################################################################################################################################################
Starting Execution:	[84 out of 134] test cases in the current suite
Test Method:		[testPackage01.Test_dragAndDrop.dragAndDropByOffset]
Test Description:	[TC002 - Test Drag and Drop by offset function.]
################################################################################################################################################
[ReportManager] Target URL: [https://jqueryui.com/resources/demos/draggable/default.html] @15-02-2021 22:16:59.0147 PM
[ReportManager] Initial URL: [data:,] @15-02-2021 22:16:59.0200 PM
[ReportManager] Browser Action [navigateToURL] successfully performed. With the following test data [https://jqueryui.com/resources/demos/draggable/default.html]. @15-02-2021 22:16:59.0517 PM
[ReportManager] Element Action [dragAndDropByOffset] successfully performed. With the following test data [Start point: (8, 8), End point: (1008, 108)]. @15-02-2021 22:16:59.0722 P
[ReportManager] Successfully created attachment [Selenium WebDriver Logs - server] @15-02-2021 22:16:59.0770 PM
[ReportManager] Successfully created attachment [Selenium WebDriver Logs - performance] @15-02-2021 22:16:59.0785 PM
[ReportManager] Successfully created attachment [Selenium WebDriver Logs - driver] @15-02-2021 22:16:59.0843 PM
[ReportManager] Browser Action [closeCurrentWindow] successfully performed. @15-02-2021 22:16:59.0900 PM
[ReportManager] Successfully created attachment [Browser Action Test Data - closeCurrentWindow - Actual Value] @15-02-2021 22:16:59.0901 P
[ReportManager] File Action [getAbsolutePath] successfully performed. With the following test data [Relative Folder Path: "target/downloadedFiles/"]. @15-02-2021 22:16:59.0902 PM
[ReportManager] Attempting to run remotely on: [Linux-64], [GoogleChrome], [http://localhost:4444/wd/hub], Headless Execution. @15-02-2021 22:16:59.0902 PM
[ReportManager] Successfully Opened [GoogleChrome]. @15-02-2021 22:17:00.0155 P

################################################################################################################################################
Starting Execution:	[85 out of 134] test cases in the current suite
Test Method:		[testPackage01.Test_verifyEquals.test_assertElementAttribute]
################################################################################################################################################
[ReportManager] Target URL: [https://www.google.com/ncr], and after redirection: [https://www.google.com] @15-02-2021 22:17:00.0181 PM
[ReportManager] Initial URL: [data:,] @15-02-2021 22:17:00.0232 PM
[ReportManager] Browser Action [navigateToURL] successfully performed. With the following test data [https://www.google.com/ncr]. @15-02-2021 22:17:01.0140 PM
[ReportManager] Element Action [type] successfully performed. With the following test data [INC_004010050:Another SCHEDULER with the same name [Duplicate Job Name] already exists.]. @15-02-2021 22:17:03.0759 PM
[ReportManager] Element Action [getText] successfully performed. With the following test data [INC_004010050:Another SCHEDULER with the same name [Duplicate Job Name] already exists.]. @15-02-2021 22:17:03.0872 PM
[ReportManager] Loaded Shared OpenCV @15-02-2021 22:17:04.0015 PM
[ReportManager] VerifyElementAttribute PASSED; Expected [Value Should be 'INC_004010050:Another SCHEDULER with the same name \[Duplicate Job Name\] already exists.' for the 'text' attribute, element locator 'By.name: q'] and Actual [INC_004010050:Another SCHEDULER with the same name [Duplicate Job Name] already exists.]. Comparison Type [MATCHES]. Validation Type [POSITIVE]. @15-02-2021 22:17:04.0087 PM
[ReportManager] Successfully created attachment [Screenshot - 1613427424015_test_assertElementAttribute_VerifyElementAttribute_passed] @15-02-2021 22:17:04.0088 P
[ReportManager] Successfully created attachment [Selenium WebDriver Logs - server] @15-02-2021 22:17:04.0171 PM
[ReportManager] Successfully created attachment [Selenium WebDriver Logs - performance] @15-02-2021 22:17:04.0592 PM
[ReportManager] Successfully created attachment [Selenium WebDriver Logs - driver] @15-02-2021 22:17:05.0017 PM
[ReportManager] Browser Action [closeCurrentWindow] successfully performed. @15-02-2021 22:17:05.0074 PM
[ReportManager] Successfully created attachment [Browser Action Test Data - closeCurrentWindow - Actual Value] @15-02-2021 22:17:05.0075 P

################################################################################################################################################
Starting Execution:	[86 out of 134] test cases in the current suite
Test Method:		[testPackage01.Test_NewValidationActions.f1]
################################################################################################################################################
[ReportManager] Checking valid user data... @15-02-2021 22:17:05.0080 PM
[ReportManager] AssertEquals PASSED; Expected and Actual values are attached. Comparison Type [EQUALS]. Validation Type [POSITIVE]. @15-02-2021 22:17:05.0081 PM
[ReportManager] Successfully created attachment [Validation Test Data - Expected Value] @15-02-2021 22:17:05.0081 PM
[ReportManager] Successfully created attachment [Validation Test Data - Actual Value] @15-02-2021 22:17:05.0081 P
[ReportManager] File Action [getAbsolutePath] successfully performed. With the following test data [Relative Folder Path: "target/downloadedFiles/"]. @15-02-2021 22:17:05.0085 PM
[ReportManager] Attempting to run remotely on: [Linux-64], [GoogleChrome], [http://localhost:4444/wd/hub], Headless Execution. @15-02-2021 22:17:05.0085 PM
[ReportManager] Successfully Opened [GoogleChrome]. @15-02-2021 22:17:05.0319 PM
[ReportManager] Target URL: [https://the-internet.herokuapp.com/] @15-02-2021 22:17:05.0328 PM
[ReportManager] Initial URL: [data:,] @15-02-2021 22:17:05.0369 PM
[ReportManager] Browser Action [navigateToURL] successfully performed. With the following test data [https://the-internet.herokuapp.com/]. @15-02-2021 22:17:05.0754 P

################################################################################################################################################
Starting Execution:	[87 out of 134] test cases in the current suite
Test Method:		[testPackage01.Test_NewValidationActions.f10]
################################################################################################################################################
[ReportManager] AssertElementExists FAILED; Expected [Element Should Exist, locator 'By.tagName: div'] and Actual [Element Exists but is not unique]. Comparison Type [EQUALS]. Validation Type [POSITIVE]. @15-02-2021 22:17:06.0071 PM
[ReportManager] Successfully created attachment [Screenshot - 1613427426009_f10_AssertElementExists_failed] @15-02-2021 22:17:06.0071 P
[ReportManager] Successfully created attachment [Selenium WebDriver Logs - server] @15-02-2021 22:17:06.0081 PM
[ReportManager] Successfully created attachment [Selenium WebDriver Logs - performance] @15-02-2021 22:17:06.0098 PM
[ReportManager] Successfully created attachment [Selenium WebDriver Logs - browser] @15-02-2021 22:17:06.0105 PM
[ReportManager] Successfully created attachment [Selenium WebDriver Logs - driver] @15-02-2021 22:17:06.0161 PM
[ReportManager] Successfully Closed All Browsers. @15-02-2021 22:17:06.0239 P
[ReportManager] File Action [getAbsolutePath] successfully performed. With the following test data [Relative Folder Path: "target/downloadedFiles/"]. @15-02-2021 22:17:06.0241 PM
[ReportManager] Attempting to run remotely on: [Linux-64], [GoogleChrome], [http://localhost:4444/wd/hub], Headless Execution. @15-02-2021 22:17:06.0241 PM
[ReportManager] Successfully Opened [GoogleChrome]. @15-02-2021 22:17:06.0477 PM
[ReportManager] Target URL: [https://the-internet.herokuapp.com/] @15-02-2021 22:17:06.0518 PM
[ReportManager] Initial URL: [data:,] @15-02-2021 22:17:06.0569 PM
[ReportManager] Browser Action [navigateToURL] successfully performed. With the following test data [https://the-internet.herokuapp.com/]. @15-02-2021 22:17:06.0945 P

################################################################################################################################################
Starting Execution:	[88 out of 134] test cases in the current suite
Test Method:		[testPackage01.Test_NewValidationActions.f11]
################################################################################################################################################
[ReportManager] Checking that false tag doesn't exist... @15-02-2021 22:17:06.0947 PM
[ReportManager] AssertElementExists PASSED; Expected [Element Should not Exist, locator 'By.tagName: h3'] and Actual [Element Doesn't Exists]. Comparison Type [EQUALS]. Validation Type [NEGATIVE]. @15-02-2021 22:17:07.0192 PM
[ReportManager] Successfully created attachment [Screenshot - 1613427427129_f11_AssertElementExists_passed] @15-02-2021 22:17:07.0192 P
[ReportManager] Successfully created attachment [Selenium WebDriver Logs - server] @15-02-2021 22:17:07.0203 PM
[ReportManager] Successfully created attachment [Selenium WebDriver Logs - performance] @15-02-2021 22:17:07.0222 PM
[ReportManager] Successfully created attachment [Selenium WebDriver Logs - browser] @15-02-2021 22:17:07.0228 PM
[ReportManager] Successfully created attachment [Selenium WebDriver Logs - driver] @15-02-2021 22:17:07.0272 PM
[ReportManager] Successfully Closed All Browsers. @15-02-2021 22:17:07.0354 P
[ReportManager] File Action [getAbsolutePath] successfully performed. With the following test data [Relative Folder Path: "target/downloadedFiles/"]. @15-02-2021 22:17:07.0356 PM
[ReportManager] Attempting to run remotely on: [Linux-64], [GoogleChrome], [http://localhost:4444/wd/hub], Headless Execution. @15-02-2021 22:17:07.0356 PM
[ReportManager] Successfully Opened [GoogleChrome]. @15-02-2021 22:17:07.0567 PM
[ReportManager] Target URL: [https://the-internet.herokuapp.com/] @15-02-2021 22:17:07.0590 PM
[ReportManager] Initial URL: [data:,] @15-02-2021 22:17:07.0630 PM
[ReportManager] Browser Action [navigateToURL] successfully performed. With the following test data [https://the-internet.herokuapp.com/]. @15-02-2021 22:17:09.0374 P

################################################################################################################################################
Starting Execution:	[89 out of 134] test cases in the current suite
Test Method:		[testPackage01.Test_NewValidationActions.f12]
################################################################################################################################################
[ReportManager] Loaded Shared OpenCV @15-02-2021 22:17:09.0598 PM
[ReportManager] AssertElementExists FAILED; Expected [Element Should not Exist, locator 'By.tagName: h1'] and Actual [Element Exists]. Comparison Type [EQUALS]. Validation Type [NEGATIVE]. @15-02-2021 22:17:09.0685 PM
[ReportManager] Successfully created attachment [Screenshot - 1613427429598_f12_AssertElementExists_failed] @15-02-2021 22:17:09.0686 P
[ReportManager] Successfully created attachment [Selenium WebDriver Logs - server] @15-02-2021 22:17:09.0697 PM
[ReportManager] Successfully created attachment [Selenium WebDriver Logs - performance] @15-02-2021 22:17:09.0720 PM
[ReportManager] Successfully created attachment [Selenium WebDriver Logs - browser] @15-02-2021 22:17:09.0734 PM
[ReportManager] Successfully created attachment [Selenium WebDriver Logs - driver] @15-02-2021 22:17:09.0790 PM
[ReportManager] Successfully Closed All Browsers. @15-02-2021 22:17:09.0871 P
[ReportManager] File Action [getAbsolutePath] successfully performed. With the following test data [Relative Folder Path: "target/downloadedFiles/"]. @15-02-2021 22:17:09.0873 PM
[ReportManager] Attempting to run remotely on: [Linux-64], [GoogleChrome], [http://localhost:4444/wd/hub], Headless Execution. @15-02-2021 22:17:09.0873 PM
[ReportManager] Successfully Opened [GoogleChrome]. @15-02-2021 22:17:10.0102 PM
[ReportManager] Target URL: [https://the-internet.herokuapp.com/] @15-02-2021 22:17:10.0123 PM
[ReportManager] Initial URL: [data:,] @15-02-2021 22:17:10.0166 PM
[ReportManager] Browser Action [navigateToURL] successfully performed. With the following test data [https://the-internet.herokuapp.com/]. @15-02-2021 22:17:10.0521 P

################################################################################################################################################
Starting Execution:	[90 out of 134] test cases in the current suite
Test Method:		[testPackage01.Test_NewValidationActions.f13]
################################################################################################################################################
[ReportManager] AssertElementExists FAILED; Expected [Element Should not Exist, locator 'By.tagName: div'] and Actual [Element Exists but is not unique]. Comparison Type [EQUALS]. Validation Type [NEGATIVE]. @15-02-2021 22:17:10.0785 PM
[ReportManager] Successfully created attachment [Screenshot - 1613427430718_f13_AssertElementExists_failed] @15-02-2021 22:17:10.0785 P
[ReportManager] Successfully created attachment [Selenium WebDriver Logs - server] @15-02-2021 22:17:10.0796 PM
[ReportManager] Successfully created attachment [Selenium WebDriver Logs - performance] @15-02-2021 22:17:10.0815 PM
[ReportManager] Successfully created attachment [Selenium WebDriver Logs - browser] @15-02-2021 22:17:10.0821 PM
[ReportManager] Successfully created attachment [Selenium WebDriver Logs - driver] @15-02-2021 22:17:10.0884 PM
[ReportManager] Successfully Closed All Browsers. @15-02-2021 22:17:10.0958 P
[ReportManager] File Action [getAbsolutePath] successfully performed. With the following test data [Relative Folder Path: "target/downloadedFiles/"]. @15-02-2021 22:17:10.0960 PM
[ReportManager] Attempting to run remotely on: [Linux-64], [GoogleChrome], [http://localhost:4444/wd/hub], Headless Execution. @15-02-2021 22:17:10.0961 PM
[ReportManager] Successfully Opened [GoogleChrome]. @15-02-2021 22:17:11.0206 PM
[ReportManager] Target URL: [https://the-internet.herokuapp.com/] @15-02-2021 22:17:11.0215 PM
[ReportManager] Initial URL: [data:,] @15-02-2021 22:17:11.0255 PM
[ReportManager] Browser Action [navigateToURL] successfully performed. With the following test data [https://the-internet.herokuapp.com/]. @15-02-2021 22:17:11.0640 P

################################################################################################################################################
Starting Execution:	[91 out of 134] test cases in the current suite
Test Method:		[testPackage01.Test_NewValidationActions.f14]
################################################################################################################################################
[ReportManager] Asserting that the header text is correct... @15-02-2021 22:17:11.0643 PM
[ReportManager] Element Action [getText] successfully performed. With the following test data [Welcome to the-internet]. @15-02-2021 22:17:11.0755 PM
[ReportManager] Loaded Shared OpenCV @15-02-2021 22:17:11.0935 PM
[ReportManager] AssertElementAttribute PASSED; Expected [Value Should be 'Welcome to the-internet' for the 'text' attribute, element locator 'By.tagName: h1'] and Actual [Welcome to the-internet]. Comparison Type [EQUALS]. Validation Type [POSITIVE]. @15-02-2021 22:17:12.0019 PM
[ReportManager] Successfully created attachment [Screenshot - 1613427431935_f14_AssertElementAttribute_passed] @15-02-2021 22:17:12.0020 P
[ReportManager] Successfully created attachment [Selenium WebDriver Logs - server] @15-02-2021 22:17:12.0032 PM
[ReportManager] Successfully created attachment [Selenium WebDriver Logs - performance] @15-02-2021 22:17:12.0052 PM
[ReportManager] Successfully created attachment [Selenium WebDriver Logs - browser] @15-02-2021 22:17:12.0063 PM
[ReportManager] Successfully created attachment [Selenium WebDriver Logs - driver] @15-02-2021 22:17:12.0118 PM
[ReportManager] Successfully Closed All Browsers. @15-02-2021 22:17:12.0196 P
[ReportManager] File Action [getAbsolutePath] successfully performed. With the following test data [Relative Folder Path: "target/downloadedFiles/"]. @15-02-2021 22:17:12.0199 PM
[ReportManager] Attempting to run remotely on: [Linux-64], [GoogleChrome], [http://localhost:4444/wd/hub], Headless Execution. @15-02-2021 22:17:12.0199 PM
[ReportManager] Successfully Opened [GoogleChrome]. @15-02-2021 22:17:12.0431 PM
[ReportManager] Target URL: [https://the-internet.herokuapp.com/] @15-02-2021 22:17:12.0440 PM
[ReportManager] Initial URL: [data:,] @15-02-2021 22:17:12.0493 PM
[ReportManager] Browser Action [navigateToURL] successfully performed. With the following test data [https://the-internet.herokuapp.com/]. @15-02-2021 22:17:12.0877 P

################################################################################################################################################
Starting Execution:	[92 out of 134] test cases in the current suite
Test Method:		[testPackage01.Test_NewValidationActions.f15]
################################################################################################################################################
[ReportManager] Element Action [getText] successfully performed. With the following test data [Welcome to the-internet]. @15-02-2021 22:17:12.0993 PM
[ReportManager] Loaded Shared OpenCV @15-02-2021 22:17:13.0168 PM
[ReportManager] AssertElementAttribute FAILED; Expected [Value Should not be 'Welcome' for the 'text' attribute, element locator 'By.tagName: h1'] and Actual [Welcome to the-internet]. Comparison Type [CONTAINS]. Validation Type [NEGATIVE]. @15-02-2021 22:17:13.0242 PM
[ReportManager] Successfully created attachment [Screenshot - 1613427433167_f15_AssertElementAttribute_failed] @15-02-2021 22:17:13.0243 P
[ReportManager] Successfully created attachment [Selenium WebDriver Logs - server] @15-02-2021 22:17:13.0255 PM
[ReportManager] Successfully created attachment [Selenium WebDriver Logs - performance] @15-02-2021 22:17:13.0273 PM
[ReportManager] Successfully created attachment [Selenium WebDriver Logs - browser] @15-02-2021 22:17:13.0279 PM
[ReportManager] Successfully created attachment [Selenium WebDriver Logs - driver] @15-02-2021 22:17:13.0331 PM
[ReportManager] Successfully Closed All Browsers. @15-02-2021 22:17:13.0412 P
[ReportManager] File Action [getAbsolutePath] successfully performed. With the following test data [Relative Folder Path: "target/downloadedFiles/"]. @15-02-2021 22:17:13.0414 PM
[ReportManager] Attempting to run remotely on: [Linux-64], [GoogleChrome], [http://localhost:4444/wd/hub], Headless Execution. @15-02-2021 22:17:13.0414 PM
[ReportManager] Successfully Opened [GoogleChrome]. @15-02-2021 22:17:13.0637 PM
[ReportManager] Target URL: [https://the-internet.herokuapp.com/] @15-02-2021 22:17:13.0653 PM
[ReportManager] Initial URL: [data:,] @15-02-2021 22:17:13.0709 PM
[ReportManager] Browser Action [navigateToURL] successfully performed. With the following test data [https://the-internet.herokuapp.com/]. @15-02-2021 22:17:14.0071 P

################################################################################################################################################
Starting Execution:	[93 out of 134] test cases in the current suite
Test Method:		[testPackage01.Test_NewValidationActions.f16]
################################################################################################################################################
[ReportManager] Element Action [identifyUniqueElement] failed. With the following test data [zero elements found matching this locator "By.tagName: h3".]. @15-02-2021 22:17:14.0272 PM
[ReportManager] Successfully created attachment [Screenshot - 1613427434209_f16_identifyUniqueElement_failed] @15-02-2021 22:17:14.0273 PM
[ReportManager] AssertElementAttribute FAILED; Expected [Value Should not be 'Welcome' for the 'text' attribute, element locator 'By.tagName: h3'] and Actual [Failed to read the desired element attribute]. Comparison Type [CONTAINS]. Validation Type [NEGATIVE]. @15-02-2021 22:17:14.0274 P
[ReportManager] Successfully created attachment [Selenium WebDriver Logs - server] @15-02-2021 22:17:14.0285 PM
[ReportManager] Successfully created attachment [Selenium WebDriver Logs - performance] @15-02-2021 22:17:14.0303 PM
[ReportManager] Successfully created attachment [Selenium WebDriver Logs - browser] @15-02-2021 22:17:14.0309 PM
[ReportManager] Successfully created attachment [Selenium WebDriver Logs - driver] @15-02-2021 22:17:14.0353 PM
[ReportManager] Successfully Closed All Browsers. @15-02-2021 22:17:14.0433 P
[ReportManager] File Action [getAbsolutePath] successfully performed. With the following test data [Relative Folder Path: "target/downloadedFiles/"]. @15-02-2021 22:17:14.0435 PM
[ReportManager] Attempting to run remotely on: [Linux-64], [GoogleChrome], [http://localhost:4444/wd/hub], Headless Execution. @15-02-2021 22:17:14.0435 PM
[ReportManager] Successfully Opened [GoogleChrome]. @15-02-2021 22:17:14.0666 PM
[ReportManager] Target URL: [https://the-internet.herokuapp.com/] @15-02-2021 22:17:14.0680 PM
[ReportManager] Initial URL: [data:,] @15-02-2021 22:17:14.0722 PM
[ReportManager] Browser Action [navigateToURL] successfully performed. With the following test data [https://the-internet.herokuapp.com/]. @15-02-2021 22:17:15.0082 P

################################################################################################################################################
Starting Execution:	[94 out of 134] test cases in the current suite
Test Method:		[testPackage01.Test_NewValidationActions.f17]
################################################################################################################################################
[ReportManager] Attempting to getAttribute [text2] from elementLocator [By.tagName: h1]. @15-02-2021 22:17:15.0097 PM
[ReportManager] Element Action [getAttribute] successfully performed. @15-02-2021 22:17:15.0188 PM
[ReportManager] Loaded Shared OpenCV @15-02-2021 22:17:15.0345 PM
[ReportManager] AssertElementAttribute PASSED; Expected [Value Should not be 'Welcome' for the 'text2' attribute, element locator 'By.tagName: h1'] and Actual [null]. Comparison Type [CONTAINS]. Validation Type [NEGATIVE]. @15-02-2021 22:17:15.0427 PM
[ReportManager] Successfully created attachment [Screenshot - 1613427435344_f17_AssertElementAttribute_passed] @15-02-2021 22:17:15.0429 P
[ReportManager] Successfully created attachment [Selenium WebDriver Logs - server] @15-02-2021 22:17:15.0445 PM
[ReportManager] Successfully created attachment [Selenium WebDriver Logs - performance] @15-02-2021 22:17:15.0464 PM
[ReportManager] Successfully created attachment [Selenium WebDriver Logs - browser] @15-02-2021 22:17:15.0470 PM
[ReportManager] Successfully created attachment [Selenium WebDriver Logs - driver] @15-02-2021 22:17:15.0530 PM
[ReportManager] Successfully Closed All Browsers. @15-02-2021 22:17:15.0614 P
[ReportManager] File Action [getAbsolutePath] successfully performed. With the following test data [Relative Folder Path: "target/downloadedFiles/"]. @15-02-2021 22:17:15.0616 PM
[ReportManager] Attempting to run remotely on: [Linux-64], [GoogleChrome], [http://localhost:4444/wd/hub], Headless Execution. @15-02-2021 22:17:15.0616 PM
[ReportManager] Successfully Opened [GoogleChrome]. @15-02-2021 22:17:15.0842 PM
[ReportManager] Target URL: [https://the-internet.herokuapp.com/] @15-02-2021 22:17:15.0852 PM
[ReportManager] Initial URL: [data:,] @15-02-2021 22:17:15.0892 PM
[ReportManager] Browser Action [navigateToURL] successfully performed. With the following test data [https://the-internet.herokuapp.com/]. @15-02-2021 22:17:16.0298 P

################################################################################################################################################
Starting Execution:	[95 out of 134] test cases in the current suite
Test Method:		[testPackage01.Test_NewValidationActions.f18]
################################################################################################################################################
[ReportManager] Element Action [getText] successfully performed. With the following test data [Welcome to the-internet]. @15-02-2021 22:17:16.0406 PM
[ReportManager] Loaded Shared OpenCV @15-02-2021 22:17:16.0575 PM
[ReportManager] AssertElementAttribute PASSED; Expected [Value Should not be 'no' for the 'text' attribute, element locator 'By.tagName: h1'] and Actual [Welcome to the-internet]. Comparison Type [CONTAINS]. Validation Type [NEGATIVE]. @15-02-2021 22:17:16.0658 PM
[ReportManager] Successfully created attachment [Screenshot - 1613427436575_f18_AssertElementAttribute_passed] @15-02-2021 22:17:16.0660 P
[ReportManager] Successfully created attachment [Selenium WebDriver Logs - server] @15-02-2021 22:17:16.0674 PM
[ReportManager] Successfully created attachment [Selenium WebDriver Logs - performance] @15-02-2021 22:17:16.0704 PM
[ReportManager] Successfully created attachment [Selenium WebDriver Logs - browser] @15-02-2021 22:17:16.0710 PM
[ReportManager] Successfully created attachment [Selenium WebDriver Logs - driver] @15-02-2021 22:17:16.0779 PM
[ReportManager] Successfully Closed All Browsers. @15-02-2021 22:17:16.0854 P
[ReportManager] File Action [getAbsolutePath] successfully performed. With the following test data [Relative Folder Path: "target/downloadedFiles/"]. @15-02-2021 22:17:16.0856 PM
[ReportManager] Attempting to run remotely on: [Linux-64], [GoogleChrome], [http://localhost:4444/wd/hub], Headless Execution. @15-02-2021 22:17:16.0856 PM
[ReportManager] Successfully Opened [GoogleChrome]. @15-02-2021 22:17:17.0099 PM
[ReportManager] Target URL: [https://the-internet.herokuapp.com/] @15-02-2021 22:17:17.0120 PM
[ReportManager] Initial URL: [data:,] @15-02-2021 22:17:17.0160 PM
[ReportManager] Browser Action [navigateToURL] successfully performed. With the following test data [https://the-internet.herokuapp.com/]. @15-02-2021 22:17:17.0510 P

################################################################################################################################################
Starting Execution:	[96 out of 134] test cases in the current suite
Test Method:		[testPackage01.Test_NewValidationActions.f19]
################################################################################################################################################
[ReportManager] Element Action [getTagName] successfully performed. With the following test data [h1]. @15-02-2021 22:17:17.0670 PM
[ReportManager] Loaded Shared OpenCV @15-02-2021 22:17:17.0817 PM
[ReportManager] AssertElementAttribute PASSED; Expected [Value Should be 'h' for the 'tagname' attribute, element locator 'By.tagName: h1'] and Actual [h1]. Comparison Type [CONTAINS]. Validation Type [POSITIVE]. @15-02-2021 22:17:17.0898 PM
[ReportManager] Successfully created attachment [Screenshot - 1613427437817_f19_AssertElementAttribute_passed] @15-02-2021 22:17:17.0899 P
[ReportManager] Successfully created attachment [Selenium WebDriver Logs - server] @15-02-2021 22:17:17.0917 PM
[ReportManager] Successfully created attachment [Selenium WebDriver Logs - performance] @15-02-2021 22:17:17.0947 PM
[ReportManager] Successfully created attachment [Selenium WebDriver Logs - browser] @15-02-2021 22:17:17.0953 PM
[ReportManager] Successfully created attachment [Selenium WebDriver Logs - driver] @15-02-2021 22:17:18.0004 PM
[ReportManager] Successfully Closed All Browsers. @15-02-2021 22:17:18.0081 P

################################################################################################################################################
Starting Execution:	[97 out of 134] test cases in the current suite
Test Method:		[testPackage01.Test_NewValidationActions.f2]
################################################################################################################################################
[ReportManager] Checking valid user data... @15-02-2021 22:17:18.0086 PM
[ReportManager] AssertEquals FAILED; Expected [1] and Actual [2]. Comparison Type [EQUALS]. Validation Type [POSITIVE]. @15-02-2021 22:17:18.0086 P
[ReportManager] File Action [getAbsolutePath] successfully performed. With the following test data [Relative Folder Path: "target/downloadedFiles/"]. @15-02-2021 22:17:18.0089 PM
[ReportManager] Attempting to run remotely on: [Linux-64], [GoogleChrome], [http://localhost:4444/wd/hub], Headless Execution. @15-02-2021 22:17:18.0089 PM
[ReportManager] Successfully Opened [GoogleChrome]. @15-02-2021 22:17:18.0302 PM
[ReportManager] Target URL: [https://the-internet.herokuapp.com/] @15-02-2021 22:17:18.0312 PM
[ReportManager] Initial URL: [data:,] @15-02-2021 22:17:18.0358 PM
[ReportManager] Browser Action [navigateToURL] successfully performed. With the following test data [https://the-internet.herokuapp.com/]. @15-02-2021 22:17:18.0729 P

################################################################################################################################################
Starting Execution:	[98 out of 134] test cases in the current suite
Test Method:		[testPackage01.Test_NewValidationActions.f20]
################################################################################################################################################
[ReportManager] Element Action [getSize] successfully performed. With the following test data [(755, 61)]. @15-02-2021 22:17:18.0818 PM
[ReportManager] Loaded Shared OpenCV @15-02-2021 22:17:18.0981 PM
[ReportManager] AssertElementAttribute PASSED; Expected [Value Should not be 'a' for the 'size' attribute, element locator 'By.tagName: h1'] and Actual [(755, 61)]. Comparison Type [CONTAINS]. Validation Type [NEGATIVE]. @15-02-2021 22:17:19.0065 PM
[ReportManager] Successfully created attachment [Screenshot - 1613427438981_f20_AssertElementAttribute_passed] @15-02-2021 22:17:19.0069 P
[ReportManager] Successfully created attachment [Selenium WebDriver Logs - server] @15-02-2021 22:17:19.0082 PM
[ReportManager] Successfully created attachment [Selenium WebDriver Logs - performance] @15-02-2021 22:17:19.0099 PM
[ReportManager] Successfully created attachment [Selenium WebDriver Logs - browser] @15-02-2021 22:17:19.0104 PM
[ReportManager] Successfully created attachment [Selenium WebDriver Logs - driver] @15-02-2021 22:17:19.0156 PM
[ReportManager] Successfully Closed All Browsers. @15-02-2021 22:17:19.0230 P
[ReportManager] File Action [getAbsolutePath] successfully performed. With the following test data [Relative Folder Path: "target/downloadedFiles/"]. @15-02-2021 22:17:19.0232 PM
[ReportManager] Attempting to run remotely on: [Linux-64], [GoogleChrome], [http://localhost:4444/wd/hub], Headless Execution. @15-02-2021 22:17:19.0232 PM
[ReportManager] Successfully Opened [GoogleChrome]. @15-02-2021 22:17:19.0446 PM
[ReportManager] Target URL: [https://the-internet.herokuapp.com/] @15-02-2021 22:17:19.0456 PM
[ReportManager] Initial URL: [data:,] @15-02-2021 22:17:19.0496 PM
[ReportManager] Browser Action [navigateToURL] successfully performed. With the following test data [https://the-internet.herokuapp.com/]. @15-02-2021 22:17:19.0891 P

################################################################################################################################################
Starting Execution:	[99 out of 134] test cases in the current suite
Test Method:		[testPackage01.Test_NewValidationActions.f21]
################################################################################################################################################
[ReportManager] Element Action [identifyUniqueElement] failed. With the following test data [zero elements found matching this locator "By.tagName: h3".]. @15-02-2021 22:17:20.0095 PM
[ReportManager] Successfully created attachment [Screenshot - 1613427440029_f21_identifyUniqueElement_failed] @15-02-2021 22:17:20.0095 PM
[ReportManager] AssertElementAttribute FAILED; Expected [Value Should be 'Welcome' for the 'text' attribute, element locator 'By.tagName: h3'] and Actual [Failed to read the desired element attribute]. Comparison Type [CONTAINS]. Validation Type [POSITIVE]. @15-02-2021 22:17:20.0096 P
[ReportManager] Successfully created attachment [Selenium WebDriver Logs - server] @15-02-2021 22:17:20.0108 PM
[ReportManager] Successfully created attachment [Selenium WebDriver Logs - performance] @15-02-2021 22:17:20.0128 PM
[ReportManager] Successfully created attachment [Selenium WebDriver Logs - browser] @15-02-2021 22:17:20.0135 PM
[ReportManager] Successfully created attachment [Selenium WebDriver Logs - driver] @15-02-2021 22:17:20.0183 PM
[ReportManager] Successfully Closed All Browsers. @15-02-2021 22:17:20.0263 P
[ReportManager] File Action [getAbsolutePath] successfully performed. With the following test data [Relative Folder Path: "target/downloadedFiles/"]. @15-02-2021 22:17:20.0265 PM
[ReportManager] Attempting to run remotely on: [Linux-64], [GoogleChrome], [http://localhost:4444/wd/hub], Headless Execution. @15-02-2021 22:17:20.0266 PM
[ReportManager] Successfully Opened [GoogleChrome]. @15-02-2021 22:17:20.0487 PM
[ReportManager] Target URL: [https://the-internet.herokuapp.com/] @15-02-2021 22:17:20.0501 PM
[ReportManager] Initial URL: [data:,] @15-02-2021 22:17:20.0542 PM
[ReportManager] Browser Action [navigateToURL] successfully performed. With the following test data [https://the-internet.herokuapp.com/]. @15-02-2021 22:17:20.0897 P

################################################################################################################################################
Starting Execution:	[100 out of 134] test cases in the current suite
Test Method:		[testPackage01.Test_NewValidationActions.f22]
################################################################################################################################################
[ReportManager] Element Action [getText] successfully performed. With the following test data [Welcome to the-internet]. @15-02-2021 22:17:20.0990 PM
[ReportManager] Loaded Shared OpenCV @15-02-2021 22:17:21.0141 PM
[ReportManager] AssertElementAttribute FAILED; Expected [Value Should be 'yyy' for the 'text' attribute, element locator 'By.tagName: h1'] and Actual [Welcome to the-internet]. Comparison Type [CONTAINS]. Validation Type [POSITIVE]. @15-02-2021 22:17:21.0216 PM
[ReportManager] Successfully created attachment [Screenshot - 1613427441141_f22_AssertElementAttribute_failed] @15-02-2021 22:17:21.0217 P
[ReportManager] Successfully created attachment [Selenium WebDriver Logs - server] @15-02-2021 22:17:21.0229 PM
[ReportManager] Successfully created attachment [Selenium WebDriver Logs - performance] @15-02-2021 22:17:21.0249 PM
[ReportManager] Successfully created attachment [Selenium WebDriver Logs - browser] @15-02-2021 22:17:21.0254 PM
[ReportManager] Successfully created attachment [Selenium WebDriver Logs - driver] @15-02-2021 22:17:21.0310 PM
[ReportManager] Successfully Closed All Browsers. @15-02-2021 22:17:21.0387 P

################################################################################################################################################
Starting Execution:	[101 out of 134] test cases in the current suite
Test Method:		[testPackage01.Test_NewValidationActions.f23]
################################################################################################################################################
[ReportManager] confirming that the actual is greater than or equal to the expected... @15-02-2021 22:17:21.0390 PM
[ReportManager] AssertComparativeRelation PASSED; Expected [1] and Actual [1]. Comparison Type [GREATER_THAN_OR_EQUALS]. Validation Type [POSITIVE]. @15-02-2021 22:17:21.0390 P

################################################################################################################################################
Starting Execution:	[102 out of 134] test cases in the current suite
Test Method:		[testPackage01.Test_NewValidationActions.f24]
################################################################################################################################################
[ReportManager] AssertComparativeRelation PASSED; Expected [1] and Actual [10]. Comparison Type [GREATER_THAN_OR_EQUALS]. Validation Type [POSITIVE]. @15-02-2021 22:17:21.0392 P

################################################################################################################################################
Starting Execution:	[103 out of 134] test cases in the current suite
Test Method:		[testPackage01.Test_NewValidationActions.f25]
################################################################################################################################################
[ReportManager] AssertComparativeRelation PASSED; Expected [1] and Actual [1]. Comparison Type [EQUALS]. Validation Type [POSITIVE]. @15-02-2021 22:17:21.0394 P

################################################################################################################################################
Starting Execution:	[104 out of 134] test cases in the current suite
Test Method:		[testPackage01.Test_NewValidationActions.f26]
################################################################################################################################################
[ReportManager] AssertComparativeRelation PASSED; Expected [1] and Actual [5]. Comparison Type [GREATER_THAN]. Validation Type [POSITIVE]. @15-02-2021 22:17:21.0396 P

################################################################################################################################################
Starting Execution:	[105 out of 134] test cases in the current suite
Test Method:		[testPackage01.Test_NewValidationActions.f27]
################################################################################################################################################
[ReportManager] AssertComparativeRelation PASSED; Expected [11] and Actual [5]. Comparison Type [LESS_THAN]. Validation Type [POSITIVE]. @15-02-2021 22:17:21.0399 P

################################################################################################################################################
Starting Execution:	[106 out of 134] test cases in the current suite
Test Method:		[testPackage01.Test_NewValidationActions.f28]
################################################################################################################################################
[ReportManager] AssertComparativeRelation PASSED; Expected [11] and Actual [5]. Comparison Type [LESS_THAN_OR_EQUALS]. Validation Type [POSITIVE]. @15-02-2021 22:17:21.0400 P

################################################################################################################################################
Starting Execution:	[107 out of 134] test cases in the current suite
Test Method:		[testPackage01.Test_NewValidationActions.f29]
################################################################################################################################################
[ReportManager] AssertComparativeRelation PASSED; Expected [11] and Actual [11]. Comparison Type [LESS_THAN_OR_EQUALS]. Validation Type [POSITIVE]. @15-02-2021 22:17:21.0403 P

################################################################################################################################################
Starting Execution:	[108 out of 134] test cases in the current suite
Test Method:		[testPackage01.Test_NewValidationActions.f3]
################################################################################################################################################
[ReportManager] AssertEquals PASSED; Expected [1] and Actual [2]. Comparison Type [EQUALS]. Validation Type [NEGATIVE]. @15-02-2021 22:17:21.0405 P

################################################################################################################################################
Starting Execution:	[109 out of 134] test cases in the current suite
Test Method:		[testPackage01.Test_NewValidationActions.f30]
################################################################################################################################################
[ReportManager] AssertComparativeRelation FAILED; Expected [-9] and Actual [11]. Comparison Type [LESS_THAN_OR_EQUALS]. Validation Type [POSITIVE]. @15-02-2021 22:17:21.0407 P

################################################################################################################################################
Starting Execution:	[110 out of 134] test cases in the current suite
Test Method:		[testPackage01.Test_NewValidationActions.f31]
################################################################################################################################################
[ReportManager] AssertTrue PASSED; Expected [TRUE] and Actual [TRUE]. Validation Type [POSITIVE]. @15-02-2021 22:17:21.0408 P

################################################################################################################################################
Starting Execution:	[111 out of 134] test cases in the current suite
Test Method:		[testPackage01.Test_NewValidationActions.f32]
################################################################################################################################################
[ReportManager] AssertTrue PASSED; Expected [FALSE] and Actual [FALSE]. Validation Type [NEGATIVE]. @15-02-2021 22:17:21.0426 P

################################################################################################################################################
Starting Execution:	[112 out of 134] test cases in the current suite
Test Method:		[testPackage01.Test_NewValidationActions.f33]
################################################################################################################################################
[ReportManager] AssertTrue FAILED; Expected [FALSE] and Actual [TRUE]. Validation Type [NEGATIVE]. @15-02-2021 22:17:21.0428 P

################################################################################################################################################
Starting Execution:	[113 out of 134] test cases in the current suite
Test Method:		[testPackage01.Test_NewValidationActions.f34]
################################################################################################################################################
[ReportManager] AssertTrue FAILED; Expected [TRUE] and Actual [FALSE]. Validation Type [POSITIVE]. @15-02-2021 22:17:21.0436 P

################################################################################################################################################
Starting Execution:	[114 out of 134] test cases in the current suite
Test Method:		[testPackage01.Test_NewValidationActions.f35]
################################################################################################################################################
[ReportManager] File Action [doesFileExist] successfully performed. With the following test data [File Path: "pom.xml"]. @15-02-2021 22:17:21.0438 PM
[ReportManager] AssertFileExists PASSED; Expected [File 'pom.xml' should exist, after up to '1' retries] and Actual [File exists]. Validation Type [POSITIVE]. @15-02-2021 22:17:21.0438 P

################################################################################################################################################
Starting Execution:	[115 out of 134] test cases in the current suite
Test Method:		[testPackage01.Test_NewValidationActions.f36]
################################################################################################################################################
[ReportManager] File Action [doesFileExist] successfully performed. With the following test data [File Path: "src/test/java/testPackage01/Test_NewValidationActions.java"]. @15-02-2021 22:17:21.0439 PM
[ReportManager] AssertFileExists PASSED; Expected [File 'src/test/java/testPackage01/Test_NewValidationActions.java' should exist, after up to '1' retries] and Actual [File exists]. Validation Type [POSITIVE]. @15-02-2021 22:17:21.0440 P

################################################################################################################################################
Starting Execution:	[116 out of 134] test cases in the current suite
Test Method:		[testPackage01.Test_NewValidationActions.f37]
################################################################################################################################################
[ReportManager] confirming that the file does't exist after 5 retries... @15-02-2021 22:17:21.0448 PM
[ReportManager] File Action [doesFileExist] successfully performed. With the following test data [File Path: "pom.xml"]. @15-02-2021 22:17:21.0448 PM
[ReportManager] AssertFileExists FAILED; Expected [File 'pom.xml' should not exist, after up to '5' retries] and Actual [File exists]. Validation Type [NEGATIVE]. @15-02-2021 22:17:21.0448 P

################################################################################################################################################
Starting Execution:	[117 out of 134] test cases in the current suite
Test Method:		[testPackage01.Test_NewValidationActions.f3_1]
################################################################################################################################################
[ReportManager] Checking valid user data... @15-02-2021 22:17:21.0449 PM
[ReportManager] AssertEquals PASSED; Expected [null] and Actual [null]. Comparison Type [EQUALS]. Validation Type [POSITIVE]. @15-02-2021 22:17:21.0450 P

################################################################################################################################################
Starting Execution:	[118 out of 134] test cases in the current suite
Test Method:		[testPackage01.Test_NewValidationActions.f4]
################################################################################################################################################
[ReportManager] AssertEquals PASSED; Expected [1] and Actual [123]. Comparison Type [CONTAINS]. Validation Type [POSITIVE]. @15-02-2021 22:17:21.0451 P

################################################################################################################################################
Starting Execution:	[119 out of 134] test cases in the current suite
Test Method:		[testPackage01.Test_NewValidationActions.f5]
################################################################################################################################################
[ReportManager] AssertNull PASSED; Expected [NULL] and Actual [1]. Comparison Type [EQUALS]. Validation Type [NEGATIVE]. @15-02-2021 22:17:21.0456 P

################################################################################################################################################
Starting Execution:	[120 out of 134] test cases in the current suite
Test Method:		[testPackage01.Test_NewValidationActions.f6]
################################################################################################################################################
[ReportManager] Making sure that null string is not equal to null object... @15-02-2021 22:17:21.0457 PM
[ReportManager] AssertNull FAILED; Expected [NULL] and Actual [NULL]. Comparison Type [EQUALS]. Validation Type [POSITIVE]. @15-02-2021 22:17:21.0458 P

################################################################################################################################################
Starting Execution:	[121 out of 134] test cases in the current suite
Test Method:		[testPackage01.Test_NewValidationActions.f6_1]
################################################################################################################################################
[ReportManager] AssertNull FAILED; Expected [NULL] and Actual [NULL]. Comparison Type [EQUALS]. Validation Type [NEGATIVE]. @15-02-2021 22:17:21.0466 P

################################################################################################################################################
Starting Execution:	[122 out of 134] test cases in the current suite
Test Method:		[testPackage01.Test_NewValidationActions.f6_2]
################################################################################################################################################
[ReportManager] Making sure that null string is not equal to null object... @15-02-2021 22:17:21.0467 PM
[ReportManager] AssertNull FAILED; Expected [NULL] and Actual [not null]. Comparison Type [EQUALS]. Validation Type [POSITIVE]. @15-02-2021 22:17:21.0468 P

################################################################################################################################################
Starting Execution:	[123 out of 134] test cases in the current suite
Test Method:		[testPackage01.Test_NewValidationActions.f7]
################################################################################################################################################
[ReportManager] AssertNull PASSED; Expected [NULL] and Actual [NULL]. Comparison Type [EQUALS]. Validation Type [POSITIVE]. @15-02-2021 22:17:21.0470 P
[ReportManager] File Action [getAbsolutePath] successfully performed. With the following test data [Relative Folder Path: "target/downloadedFiles/"]. @15-02-2021 22:17:21.0471 PM
[ReportManager] Attempting to run remotely on: [Linux-64], [GoogleChrome], [http://localhost:4444/wd/hub], Headless Execution. @15-02-2021 22:17:21.0471 PM
[ReportManager] Successfully Opened [GoogleChrome]. @15-02-2021 22:17:21.0703 PM
[ReportManager] Target URL: [https://the-internet.herokuapp.com/] @15-02-2021 22:17:21.0714 PM
[ReportManager] Initial URL: [data:,] @15-02-2021 22:17:21.0752 PM
[ReportManager] Browser Action [navigateToURL] successfully performed. With the following test data [https://the-internet.herokuapp.com/]. @15-02-2021 22:17:22.0157 P

################################################################################################################################################
Starting Execution:	[124 out of 134] test cases in the current suite
Test Method:		[testPackage01.Test_NewValidationActions.f8]
################################################################################################################################################
[ReportManager] Loaded Shared OpenCV @15-02-2021 22:17:22.0343 PM
[ReportManager] AssertElementExists PASSED; Expected [Element Should Exist, locator 'By.tagName: h1'] and Actual [Element Exists]. Comparison Type [EQUALS]. Validation Type [POSITIVE]. @15-02-2021 22:17:22.0424 PM
[ReportManager] Successfully created attachment [Screenshot - 1613427442343_f8_AssertElementExists_passed] @15-02-2021 22:17:22.0425 P
[ReportManager] Successfully created attachment [Selenium WebDriver Logs - server] @15-02-2021 22:17:22.0444 PM
[ReportManager] Successfully created attachment [Selenium WebDriver Logs - performance] @15-02-2021 22:17:22.0461 PM
[ReportManager] Successfully created attachment [Selenium WebDriver Logs - browser] @15-02-2021 22:17:22.0467 PM
[ReportManager] Successfully created attachment [Selenium WebDriver Logs - driver] @15-02-2021 22:17:22.0515 PM
[ReportManager] Successfully Closed All Browsers. @15-02-2021 22:17:22.0592 P
[ReportManager] File Action [getAbsolutePath] successfully performed. With the following test data [Relative Folder Path: "target/downloadedFiles/"]. @15-02-2021 22:17:22.0595 PM
[ReportManager] Attempting to run remotely on: [Linux-64], [GoogleChrome], [http://localhost:4444/wd/hub], Headless Execution. @15-02-2021 22:17:22.0595 PM
[ReportManager] Successfully Opened [GoogleChrome]. @15-02-2021 22:17:22.0830 PM
[ReportManager] Target URL: [https://the-internet.herokuapp.com/] @15-02-2021 22:17:22.0840 PM
[ReportManager] Initial URL: [data:,] @15-02-2021 22:17:22.0890 PM
[ReportManager] Browser Action [navigateToURL] successfully performed. With the following test data [https://the-internet.herokuapp.com/]. @15-02-2021 22:17:23.0231 P

################################################################################################################################################
Starting Execution:	[125 out of 134] test cases in the current suite
Test Method:		[testPackage01.Test_NewValidationActions.f9]
################################################################################################################################################
[ReportManager] AssertElementExists FAILED; Expected [Element Should Exist, locator 'By.tagName: h3'] and Actual [Element Doesn't Exists]. Comparison Type [EQUALS]. Validation Type [POSITIVE]. @15-02-2021 22:17:23.0473 PM
[ReportManager] Successfully created attachment [Screenshot - 1613427443410_f9_AssertElementExists_failed] @15-02-2021 22:17:23.0474 P
[ReportManager] Successfully created attachment [Selenium WebDriver Logs - server] @15-02-2021 22:17:23.0488 PM
[ReportManager] Successfully created attachment [Selenium WebDriver Logs - performance] @15-02-2021 22:17:23.0508 PM
[ReportManager] Successfully created attachment [Selenium WebDriver Logs - browser] @15-02-2021 22:17:23.0514 PM
[ReportManager] Successfully created attachment [Selenium WebDriver Logs - driver] @15-02-2021 22:17:23.0565 PM
[ReportManager] Successfully Closed All Browsers. @15-02-2021 22:17:23.0637 P

################################################################################################################################################
Starting Execution:	[126 out of 134] test cases in the current suite
Test Method:		[testPackage01.Test_NewValidationActions.forceFail]
################################################################################################################################################
[ReportManager] AssertFail FAILED; Expected [null] and Actual [null]. @15-02-2021 22:17:23.0644 P

################################################################################################################################################
Starting Execution:	[127 out of 134] test cases in the current suite
Test Method:		[testPackage01.Test_NewValidationActions.forceFail2]
################################################################################################################################################
[ReportManager] Custom Message... @15-02-2021 22:17:23.0648 PM
[ReportManager] AssertFail FAILED; Expected [null] and Actual [null]. @15-02-2021 22:17:23.0648 P
[ReportManager] File Action [getAbsolutePath] successfully performed. With the following test data [Relative Folder Path: "target/downloadedFiles/"]. @15-02-2021 22:17:23.0651 PM
[ReportManager] Attempting to run remotely on: [Linux-64], [GoogleChrome], [http://localhost:4444/wd/hub], Headless Execution. @15-02-2021 22:17:23.0652 PM
[ReportManager] Successfully Opened [GoogleChrome]. @15-02-2021 22:17:23.0866 P

################################################################################################################################################
Starting Execution:	[128 out of 134] test cases in the current suite
Test Method:		[testPackage01.Test_ShadowDOM.shadowdom]
################################################################################################################################################
[ReportManager] Target URL: [https://mdn.github.io/web-components-examples/popup-info-box-web-component/] @15-02-2021 22:17:23.0886 PM
[ReportManager] Initial URL: [data:,] @15-02-2021 22:17:23.0924 PM
[ReportManager] Browser Action [navigateToURL] successfully performed. With the following test data [https://mdn.github.io/web-components-examples/popup-info-box-web-component/]. @15-02-2021 22:17:24.0166 PM
[ReportManager] Element Action [type] successfully performed. With the following test data [Typing into SHADOW DOM...]. @15-02-2021 22:17:25.0024 PM
[ReportManager] Element Action [getText] successfully performed. With the following test data [Typing into SHADOW DOM...]. @15-02-2021 22:17:25.0129 PM
[ReportManager] Loaded Shared OpenCV @15-02-2021 22:17:25.0272 PM
[ReportManager] AssertElementAttribute PASSED; Expected [Value Should be 'Typing into SHADOW DOM...' for the 'Text' attribute, element locator 'By.id: cvc'] and Actual [Typing into SHADOW DOM...]. Comparison Type [EQUALS]. Validation Type [POSITIVE]. @15-02-2021 22:17:25.0336 PM
[ReportManager] Successfully created attachment [Screenshot - 1613427445272_shadowdom_AssertElementAttribute_passed] @15-02-2021 22:17:25.0337 P
[ReportManager] Successfully created attachment [Selenium WebDriver Logs - server] @15-02-2021 22:17:25.0381 PM
[ReportManager] Successfully created attachment [Selenium WebDriver Logs - performance] @15-02-2021 22:17:25.0391 PM
[ReportManager] Successfully created attachment [Selenium WebDriver Logs - browser] @15-02-2021 22:17:25.0396 PM
[ReportManager] Successfully created attachment [Selenium WebDriver Logs - driver] @15-02-2021 22:17:25.0466 PM
[ReportManager] Browser Action [closeCurrentWindow] successfully performed. @15-02-2021 22:17:25.0522 PM
[ReportManager] Successfully created attachment [Browser Action Test Data - closeCurrentWindow - Actual Value] @15-02-2021 22:17:25.0522 P

################################################################################################################################################
Starting Execution:	[129 out of 134] test cases in the current suite
Test Method:		[testPackage01.Test_chainableElementActions.chainElementActions]
################################################################################################################################################
[ReportManager] File Action [getAbsolutePath] successfully performed. With the following test data [Relative Folder Path: "target/downloadedFiles/"]. @15-02-2021 22:17:25.0525 PM
[ReportManager] Attempting to run remotely on: [Linux-64], [GoogleChrome], [http://localhost:4444/wd/hub], Headless Execution. @15-02-2021 22:17:25.0525 PM
[ReportManager] Successfully Opened [GoogleChrome]. @15-02-2021 22:17:25.0734 PM
[ReportManager] Target URL: [https://www.google.com/ncr], and after redirection: [https://www.google.com] @15-02-2021 22:17:25.0746 PM
[ReportManager] Initial URL: [data:,] @15-02-2021 22:17:25.0794 PM
[ReportManager] Browser Action [navigateToURL] successfully performed. With the following test data [https://www.google.com/ncr]. @15-02-2021 22:17:26.0617 PM
[ReportManager] Element Action [type] successfully performed. With the following test data [chained type 1]. @15-02-2021 22:17:27.0201 PM
[ReportManager] Element Action [type] successfully performed. With the following test data [chained type 2]. @15-02-2021 22:17:27.0817 PM
[ReportManager] Element Action [typeAppend] successfully performed. With the following test data [345]. @15-02-2021 22:17:28.0009 PM
[ReportManager] Element Action [getText] successfully performed. With the following test data [chained type 2345]. @15-02-2021 22:17:28.0144 PM
[ReportManager] Loaded Shared OpenCV @15-02-2021 22:17:28.0290 PM
[ReportManager] AssertElementAttribute PASSED; Expected [Value Should be 'chained type 2345' for the 'text' attribute, element locator 'By.name: q'] and Actual [chained type 2345]. Comparison Type [EQUALS]. Validation Type [POSITIVE]. @15-02-2021 22:17:28.0375 PM
[ReportManager] Successfully created attachment [Screenshot - 1613427448289_chainElementActions_AssertElementAttribute_passed] @15-02-2021 22:17:28.0376 PM
[ReportManager] Successfully created attachment [Selenium WebDriver Logs - server] @15-02-2021 22:17:28.0450 PM
[ReportManager] Successfully created attachment [Selenium WebDriver Logs - performance] @15-02-2021 22:17:28.0592 PM
[ReportManager] Successfully created attachment [Selenium WebDriver Logs - driver] @15-02-2021 22:17:28.0781 PM
[ReportManager] Browser Action [closeCurrentWindow] successfully performed. @15-02-2021 22:17:28.0839 PM
[ReportManager] Successfully created attachment [Browser Action Test Data - closeCurrentWindow - Actual Value] @15-02-2021 22:17:28.0839 P

################################################################################################################################################
Starting Execution:	[130 out of 134] test cases in the current suite
Test Method:		[testPackage01.Test_SelectedValue.multipleSelect]
################################################################################################################################################
[ReportManager] File Action [getAbsolutePath] successfully performed. With the following test data [Relative Folder Path: "target/downloadedFiles/"]. @15-02-2021 22:17:28.0855 PM
[ReportManager] Attempting to run remotely on: [Linux-64], [GoogleChrome], [http://localhost:4444/wd/hub], Headless Execution. @15-02-2021 22:17:28.0855 PM
[ReportManager] Successfully Opened [GoogleChrome]. @15-02-2021 22:17:29.0072 PM
[ReportManager] Target URL: [https://mdn.mozillademos.org/en-US/docs/Web/HTML/Element/select$samples/Advanced_select_with_multiple_features?revision=1612304] @15-02-2021 22:17:29.0082 PM
[ReportManager] Initial URL: [data:,] @15-02-2021 22:17:29.0122 PM
[ReportManager] Browser Action [navigateToURL] successfully performed. With the following test data [https://mdn.mozillademos.org/en-US/docs/Web/HTML/Element/select$samples/Advanced_select_with_multiple_features?revision=1612304]. @15-02-2021 22:17:29.0761 PM
[ReportManager] Element Action [select] successfully performed. With the following test data [Dog]. @15-02-2021 22:17:30.0011 PM
[ReportManager] Element Action [select] successfully performed. With the following test data [Cat]. @15-02-2021 22:17:30.0264 PM
[ReportManager] Element Action [getSelectedText] successfully performed. With the following test data [DogCat]. @15-02-2021 22:17:30.0428 PM
[ReportManager] DogCat @15-02-2021 22:17:30.0428 PM
[ReportManager] Element Action [getSelectedText] successfully performed. With the following test data [DogCat]. @15-02-2021 22:17:30.0617 PM
[ReportManager] Loaded Shared OpenCV @15-02-2021 22:17:30.0742 PM
[ReportManager] AssertElementAttribute PASSED; Expected [Value Should be 'DogCat' for the 'selectedText' attribute, element locator 'By.tagName: select'] and Actual [DogCat]. Comparison Type [EQUALS]. Validation Type [POSITIVE]. @15-02-2021 22:17:30.0810 PM
[ReportManager] Successfully created attachment [Screenshot - 1613427450742_multipleSelect_AssertElementAttribute_passed] @15-02-2021 22:17:30.0810 PM
[ReportManager] Successfully created attachment [Selenium WebDriver Logs - server] @15-02-2021 22:17:30.0850 PM
[ReportManager] Successfully created attachment [Selenium WebDriver Logs - performance] @15-02-2021 22:17:30.0858 PM
[ReportManager] Successfully created attachment [Selenium WebDriver Logs - driver] @15-02-2021 22:17:30.0955 PM
[ReportManager] Browser Action [closeCurrentWindow] successfully performed. @15-02-2021 22:17:31.0015 PM
[ReportManager] Successfully created attachment [Browser Action Test Data - closeCurrentWindow - Actual Value] @15-02-2021 22:17:31.0015 P

################################################################################################################################################
Starting Execution:	[131 out of 134] test cases in the current suite
Test Method:		[testPackage01.Test_SelectedValue.simpleSelect]
################################################################################################################################################
[ReportManager] File Action [getAbsolutePath] successfully performed. With the following test data [Relative Folder Path: "target/downloadedFiles/"]. @15-02-2021 22:17:31.0017 PM
[ReportManager] Attempting to run remotely on: [Linux-64], [GoogleChrome], [http://localhost:4444/wd/hub], Headless Execution. @15-02-2021 22:17:31.0017 PM
[ReportManager] Successfully Opened [GoogleChrome]. @15-02-2021 22:17:31.0248 PM
[ReportManager] Target URL: [https://mdn.mozillademos.org/en-US/docs/Web/HTML/Element/select$samples/Basic_select?revision=1612304] @15-02-2021 22:17:31.0258 PM
[ReportManager] Initial URL: [data:,] @15-02-2021 22:17:31.0310 PM
[ReportManager] Browser Action [navigateToURL] successfully performed. With the following test data [https://mdn.mozillademos.org/en-US/docs/Web/HTML/Element/select$samples/Basic_select?revision=1612304]. @15-02-2021 22:17:31.0612 PM
[ReportManager] Element Action [select] successfully performed. With the following test data [Third Value]. @15-02-2021 22:17:31.0920 PM
[ReportManager] Element Action [getSelectedText] successfully performed. With the following test data [Third Value]. @15-02-2021 22:17:32.0048 PM
[ReportManager] Third Value @15-02-2021 22:17:32.0049 PM
[ReportManager] Element Action [getSelectedText] successfully performed. With the following test data [Third Value]. @15-02-2021 22:17:32.0159 PM
[ReportManager] Loaded Shared OpenCV @15-02-2021 22:17:32.0284 PM
[ReportManager] AssertElementAttribute PASSED; Expected [Value Should be 'Third Value' for the 'selectedText' attribute, element locator 'By.tagName: select'] and Actual [Third Value]. Comparison Type [EQUALS]. Validation Type [POSITIVE]. @15-02-2021 22:17:32.0347 PM
[ReportManager] Successfully created attachment [Screenshot - 1613427452284_simpleSelect_AssertElementAttribute_passed] @15-02-2021 22:17:32.0348 PM
[ReportManager] Successfully created attachment [Selenium WebDriver Logs - server] @15-02-2021 22:17:32.0388 PM
[ReportManager] Successfully created attachment [Selenium WebDriver Logs - performance] @15-02-2021 22:17:32.0396 PM
[ReportManager] Successfully created attachment [Selenium WebDriver Logs - driver] @15-02-2021 22:17:32.0465 PM
[ReportManager] Browser Action [closeCurrentWindow] successfully performed. @15-02-2021 22:17:32.0521 PM
[ReportManager] Successfully created attachment [Browser Action Test Data - closeCurrentWindow - Actual Value] @15-02-2021 22:17:32.0522 P
[ReportManager] File Action [getAbsolutePath] successfully performed. With the following test data [Relative Folder Path: "target/downloadedFiles/"]. @15-02-2021 22:17:32.0523 PM
[ReportManager] Attempting to run remotely on: [Linux-64], [GoogleChrome], [http://localhost:4444/wd/hub], Headless Execution. @15-02-2021 22:17:32.0524 PM
[ReportManager] Successfully Opened [GoogleChrome]. @15-02-2021 22:17:32.0758 P

################################################################################################################################################
Starting Execution:	[132 out of 134] test cases in the current suite
Test Method:		[testPackage01.Test_clipboardActions.typeTextAndCopyPaste]
################################################################################################################################################
[ReportManager] Target URL: [https://www.google.com/ncr], and after redirection: [https://www.google.com] @15-02-2021 22:17:32.0773 PM
[ReportManager] Initial URL: [data:,] @15-02-2021 22:17:32.0818 PM
[ReportManager] Browser Action [navigateToURL] successfully performed. With the following test data [https://www.google.com/ncr]. @15-02-2021 22:17:33.0633 PM
[ReportManager] Element Action [type] successfully performed. With the following test data [FIRST]. @15-02-2021 22:17:34.0105 PM
[ReportManager] Element Action [clipboardActions] successfully performed. With the following test data [select all]. @15-02-2021 22:17:34.0204 PM
[ReportManager] Element Action [clipboardActions] successfully performed. With the following test data [copy]. @15-02-2021 22:17:34.0291 PM
[ReportManager] Element Action [clipboardActions] successfully performed. With the following test data [unselect]. @15-02-2021 22:17:34.0359 PM
[ReportManager] Element Action [clipboardActions] successfully performed. With the following test data [paste]. @15-02-2021 22:17:34.0442 PM
[ReportManager] Element Action [clipboardActions] successfully performed. With the following test data [select all]. @15-02-2021 22:17:34.0527 PM
[ReportManager] Element Action [clipboardActions] successfully performed. With the following test data [cut]. @15-02-2021 22:17:34.0635 PM
[ReportManager] Element Action [clipboardActions] successfully performed. With the following test data [paste]. @15-02-2021 22:17:34.0757 PM
[ReportManager] Element Action [clipboardActions] successfully performed. With the following test data [paste]. @15-02-2021 22:17:34.0854 P
[ReportManager] Successfully created attachment [Selenium WebDriver Logs - server] @15-02-2021 22:17:34.0933 PM
[ReportManager] Successfully created attachment [Selenium WebDriver Logs - performance] @15-02-2021 22:17:35.0004 PM
[ReportManager] Successfully created attachment [Selenium WebDriver Logs - driver] @15-02-2021 22:17:35.0160 PM
[ReportManager] Browser Action [closeCurrentWindow] successfully performed. @15-02-2021 22:17:35.0219 PM
[ReportManager] Successfully created attachment [Browser Action Test Data - closeCurrentWindow - Actual Value] @15-02-2021 22:17:35.0219 P
[ReportManager] File Action [getAbsolutePath] successfully performed. With the following test data [Relative Folder Path: "target/downloadedFiles/"]. @15-02-2021 22:17:35.0222 PM
[ReportManager] Attempting to run remotely on: [Linux-64], [GoogleChrome], [http://localhost:4444/wd/hub], Headless Execution. @15-02-2021 22:17:35.0222 PM
[ReportManager] Successfully Opened [GoogleChrome]. @15-02-2021 22:17:35.0422 P

################################################################################################################################################
Starting Execution:	[133 out of 134] test cases in the current suite
Test Method:		[testPackage01.Test_uploadFile.uploadFile_invisibleUploadInput]
################################################################################################################################################
[ReportManager] Target URL: [https://fineuploader.com/demos.html#gallery-view] @15-02-2021 22:17:35.0447 PM
[ReportManager] Initial URL: [data:,] @15-02-2021 22:17:35.0488 PM
[ReportManager] Browser Action [navigateToURL] successfully performed. With the following test data [https://fineuploader.com/demos.html#gallery-view]. @15-02-2021 22:17:37.0127 PM
[ReportManager] File Action [getAbsolutePath] successfully performed. With the following test data [Relative File Path: "src/main/resources/images/shaft.png"]. @15-02-2021 22:17:37.0128 PM
[ReportManager] Successfully created attachment [File Action Actual Result - Command Log] @15-02-2021 22:17:37.0128 PM
[ReportManager] Element Action [typeFileLocationForUpload] successfully performed. With the following test data [/home/runner/work/SHAFT_ENGINE/SHAFT_ENGINE/src/main/resources/images/shaft.png]. @15-02-2021 22:17:37.0336 PM
[ReportManager] Attempting to getAttribute [src] from elementLocator [By.xpath: //div[@id='fine-uploader-gallery']//div[@class='qq-thumbnail-wrapper']/img]. @15-02-2021 22:17:37.0337 PM
[ReportManager] Element Action [getAttribute] successfully performed. @15-02-2021 22:17:37.0461 PM
[ReportManager] Successfully created attachment [Element Action Test Data - getAttribute - Actual Value] @15-02-2021 22:17:37.0461 PM
[ReportManager] Loaded Shared OpenCV @15-02-2021 22:17:37.0604 PM
[ReportManager] AssertElementAttribute PASSED; Expected and Actual values are attached. Comparison Type [CONTAINS]. Validation Type [POSITIVE]. @15-02-2021 22:17:37.0682 PM
[ReportManager] Successfully created attachment [Validation Test Data - Expected Value] @15-02-2021 22:17:37.0682 PM
[ReportManager] Successfully created attachment [Validation Test Data - Actual Value] @15-02-2021 22:17:37.0682 PM
[ReportManager] Successfully created attachment [Screenshot - 1613427457604_uploadFile_invisibleUploadInput_AssertElementAttribute_passed] @15-02-2021 22:17:37.0683 P
[ReportManager] Successfully created attachment [Selenium WebDriver Logs - server] @15-02-2021 22:17:37.0781 PM
[ReportManager] Successfully created attachment [Selenium WebDriver Logs - performance] @15-02-2021 22:17:37.0874 PM
[ReportManager] Successfully created attachment [Selenium WebDriver Logs - browser] @15-02-2021 22:17:37.0884 PM
[ReportManager] Successfully created attachment [Selenium WebDriver Logs - driver] @15-02-2021 22:17:38.0030 PM
[ReportManager] Browser Action [closeCurrentWindow] successfully performed. @15-02-2021 22:17:38.0086 PM
[ReportManager] Successfully created attachment [Browser Action Test Data - closeCurrentWindow - Actual Value] @15-02-2021 22:17:38.0087 P
[ReportManager] File Action [getAbsolutePath] successfully performed. With the following test data [Relative Folder Path: "target/downloadedFiles/"]. @15-02-2021 22:17:38.0091 PM
[ReportManager] Attempting to run remotely on: [Linux-64], [GoogleChrome], [http://localhost:4444/wd/hub], Headless Execution. @15-02-2021 22:17:38.0091 PM
[ReportManager] Successfully Opened [GoogleChrome]. @15-02-2021 22:17:38.0306 P

################################################################################################################################################
Starting Execution:	[134 out of 134] test cases in the current suite
Test Method:		[testPackage01.Test_uploadFile.uploadFile_visibleUploadInput]
################################################################################################################################################
[ReportManager] Target URL: [http://demo.guru99.com/test/upload/] @15-02-2021 22:17:38.0327 PM
[ReportManager] Initial URL: [data:,] @15-02-2021 22:17:38.0368 PM
[ReportManager] Browser Action [navigateToURL] successfully performed. With the following test data [http://demo.guru99.com/test/upload/]. @15-02-2021 22:17:39.0714 PM
[ReportManager] File Action [getAbsolutePath] successfully performed. With the following test data [Relative File Path: "src/main/resources/images/shaft.png"]. @15-02-2021 22:17:39.0715 PM
[ReportManager] Successfully created attachment [File Action Actual Result - Command Log] @15-02-2021 22:17:39.0715 PM
[ReportManager] Element Action [typeFileLocationForUpload] successfully performed. With the following test data [/home/runner/work/SHAFT_ENGINE/SHAFT_ENGINE/src/main/resources/images/shaft.png]. @15-02-2021 22:17:39.0869 PM
[ReportManager] Element Action [click] successfully performed. With the following test data [on]. @15-02-2021 22:17:40.0232 PM
[ReportManager] Element Action [click] successfully performed. With the following test data [Submit File]. @15-02-2021 22:17:40.0580 PM
[ReportManager] Element Action [getText] successfully performed. With the following test data [1 file
has been successfully uploaded.]. @15-02-2021 22:17:41.0250 PM
[ReportManager] Loaded Shared OpenCV @15-02-2021 22:17:41.0381 PM
[ReportManager] AssertElementAttribute PASSED; Expected [Value Should be '1 file' for the 'Text' attribute, element locator 'By.id: res'] and Actual [1 file
has been successfully uploaded.]. Comparison Type [CONTAINS]. Validation Type [POSITIVE]. @15-02-2021 22:17:41.0451 PM
[ReportManager] Successfully created attachment [Screenshot - 1613427461381_uploadFile_visibleUploadInput_AssertElementAttribute_passed] @15-02-2021 22:17:41.0452 P
[ReportManager] Successfully created attachment [Selenium WebDriver Logs - server] @15-02-2021 22:17:41.0514 PM
[ReportManager] Successfully created attachment [Selenium WebDriver Logs - performance] @15-02-2021 22:17:41.0591 PM
[ReportManager] Successfully created attachment [Selenium WebDriver Logs - browser] @15-02-2021 22:17:41.0601 PM
[ReportManager] Successfully created attachment [Selenium WebDriver Logs - driver] @15-02-2021 22:17:41.0796 PM
[ReportManager] Browser Action [closeCurrentWindow] successfully performed. @15-02-2021 22:17:41.0857 PM
[ReportManager] Successfully created attachment [Browser Action Test Data - closeCurrentWindow - Actual Value] @15-02-2021 22:17:41.0857 P

################################################################################################################################################
Test Closure Activities
################################################################################################################################################
[ReportManager] Successfully created attachment [SHAFT Engine Logs - Execution log] @15-02-2021 22:17:41.0921 PM

################################################################################################################################################
This test run was powered by SHAFT Engine Version: [SHAFT Engine v5.1]
SHAFT Engine is licensed under the MIT License: [https://github.com/MohabMohie/SHAFT_ENGINE/blob/master/LICENSE].
################################################################################################################################################