################################################################################################################################################
Detected SHAFT Engine Version: [SHAFT Engine v5.2.20210427]
################################################################################################################################################
[ReportManager] File Action [getAbsolutePath] successfully performed. With the following test data [Relative Folder Path: "target/downloadedFiles/"]. @28-04-2021 21:15:58.0114 PM
[ReportManager] Attempting to run remotely on: [Linux-64], [GoogleChrome], [http://localhost:4444/wd/hub], Headless Execution. @28-04-2021 21:15:58.0142 PM
[ReportManager] Successfully Opened [GoogleChrome]. @28-04-2021 21:15:59.0831 P

################################################################################################################################################
Starting Execution:	[1 out of 137] test cases in the current suite
Test Method:		[testPackage01.Test_assertEquals.test_assertElementAttribute]
################################################################################################################################################
[ReportManager] Target URL: [https://www.google.com/ncr], and after redirection: [https://www.google.com] @28-04-2021 21:15:59.0987 PM
[ReportManager] Initial URL: [data:,] @28-04-2021 21:16:00.0127 PM
[ReportManager] Browser Action [navigateToURL] successfully performed. With the following test data [https://www.google.com/ncr]. @28-04-2021 21:16:01.0599 PM
[ReportManager] Element Action [type] successfully performed. With the following test data [INC_004010050:Another SCHEDULER with the same name [Duplicate Job Name] already exists.]. @28-04-2021 21:16:03.0846 PM
[ReportManager] Element Action [getText] successfully performed. With the following test data [INC_004010050:Another SCHEDULER with the same name [Duplicate Job Name] already exists.]. @28-04-2021 21:16:04.0083 PM
[ReportManager] Loaded Shared OpenCV @28-04-2021 21:16:04.0877 PM
[ReportManager] AssertElementAttribute PASSED; Expected [Value Should be 'INC_004010050:Another SCHEDULER with the same name \[Duplicate Job Name\] already exists.' for the 'text' attribute, element locator 'By.name: q'] and Actual [INC_004010050:Another SCHEDULER with the same name [Duplicate Job Name] already exists.]. Comparison Type [MATCHES]. Validation Type [POSITIVE]. @28-04-2021 21:16:05.0195 PM
[ReportManager] Successfully created attachment [Screenshot - 1619644564331_test_assertElementAttribute_AssertElementAttribute_passed] @28-04-2021 21:16:05.0212 P
[ReportManager] Successfully created attachment [Selenium WebDriver Logs - server] @28-04-2021 21:16:05.0433 PM
[ReportManager] Successfully created attachment [Selenium WebDriver Logs - performance] @28-04-2021 21:16:06.0038 PM
[ReportManager] Successfully created attachment [Selenium WebDriver Logs - driver] @28-04-2021 21:16:06.0624 PM
[ReportManager] Browser Action [closeCurrentWindow] successfully performed. @28-04-2021 21:16:06.0687 PM
[ReportManager] Successfully created attachment [Browser Action Test Data - closeCurrentWindow - Actual Value] @28-04-2021 21:16:06.0694 P
[ReportManager] File Action [getAbsolutePath] successfully performed. With the following test data [Relative Folder Path: "target/downloadedFiles/"]. @28-04-2021 21:16:06.0699 PM
[ReportManager] Attempting to run remotely on: [Linux-64], [GoogleChrome], [http://localhost:4444/wd/hub], Headless Execution. @28-04-2021 21:16:06.0700 PM
[ReportManager] Successfully Opened [GoogleChrome]. @28-04-2021 21:16:07.0394 P

################################################################################################################################################
Starting Execution:	[2 out of 137] test cases in the current suite
Test Method:		[testPackage01.Test_dynamicLoading.dynamicLoading_elementIsHidden]
################################################################################################################################################
[ReportManager] Target URL: [https://the-internet.herokuapp.com/dynamic_loading/1] @28-04-2021 21:16:07.0439 PM
[ReportManager] Initial URL: [data:,] @28-04-2021 21:16:07.0515 PM
[ReportManager] Browser Action [navigateToURL] successfully performed. With the following test data [https://the-internet.herokuapp.com/dynamic_loading/1]. @28-04-2021 21:16:08.0004 PM
[ReportManager] Element Action [click] successfully performed. With the following test data [Start]. @28-04-2021 21:16:08.0566 PM
[ReportManager] Element Action [getText] successfully performed. With the following test data [
    Hello World!
  ]. @28-04-2021 21:16:08.0809 PM
[ReportManager] Loaded Shared OpenCV @28-04-2021 21:16:09.0052 PM
[ReportManager] AssertElementAttribute PASSED; Expected [Value Should be 'Hello World!' for the 'text' attribute, element locator 'By.id: finish'] and Actual [
    Hello World!
  ]. Comparison Type [CONTAINS]. Validation Type [POSITIVE]. @28-04-2021 21:16:09.0207 PM
[ReportManager] Successfully created attachment [Screenshot - 1619644569051_dynamicLoading_elementIsHidden_AssertElementAttribute_passed] @28-04-2021 21:16:09.0211 P
[ReportManager] Successfully created attachment [Selenium WebDriver Logs - server] @28-04-2021 21:16:09.0300 PM
[ReportManager] Successfully created attachment [Selenium WebDriver Logs - performance] @28-04-2021 21:16:09.0353 PM
[ReportManager] Successfully created attachment [Selenium WebDriver Logs - browser] @28-04-2021 21:16:09.0365 PM
[ReportManager] Successfully created attachment [Selenium WebDriver Logs - driver] @28-04-2021 21:16:09.0493 PM
[ReportManager] Browser Action [closeCurrentWindow] successfully performed. @28-04-2021 21:16:09.0557 PM
[ReportManager] Successfully created attachment [Browser Action Test Data - closeCurrentWindow - Actual Value] @28-04-2021 21:16:09.0557 P
[ReportManager] File Action [getAbsolutePath] successfully performed. With the following test data [Relative Folder Path: "target/downloadedFiles/"]. @28-04-2021 21:16:09.0560 PM
[ReportManager] Attempting to run remotely on: [Linux-64], [GoogleChrome], [http://localhost:4444/wd/hub], Headless Execution. @28-04-2021 21:16:09.0560 PM
[ReportManager] Successfully Opened [GoogleChrome]. @28-04-2021 21:16:10.0265 P

################################################################################################################################################
Starting Execution:	[3 out of 137] test cases in the current suite
Test Method:		[testPackage01.Test_dynamicLoading.dynamicLoading_elementIsRendered]
################################################################################################################################################
[ReportManager] Target URL: [https://the-internet.herokuapp.com/dynamic_loading/2] @28-04-2021 21:16:10.0301 PM
[ReportManager] Initial URL: [data:,] @28-04-2021 21:16:10.0377 PM
[ReportManager] Browser Action [navigateToURL] successfully performed. With the following test data [https://the-internet.herokuapp.com/dynamic_loading/2]. @28-04-2021 21:16:10.0851 PM
[ReportManager] Element Action [click] successfully performed. With the following test data [Start]. @28-04-2021 21:16:11.0347 PM
[ReportManager] Element Action [getText] successfully performed. With the following test data [Hello World!]. @28-04-2021 21:16:16.0620 PM
[ReportManager] Loaded Shared OpenCV @28-04-2021 21:16:16.0833 PM
[ReportManager] AssertElementAttribute PASSED; Expected [Value Should be 'Hello World!' for the 'text' attribute, element locator 'By.id: finish'] and Actual [Hello World!]. Comparison Type [CONTAINS]. Validation Type [POSITIVE]. @28-04-2021 21:16:16.0916 PM
[ReportManager] Successfully created attachment [Screenshot - 1619644576833_dynamicLoading_elementIsRendered_AssertElementAttribute_passed] @28-04-2021 21:16:16.0917 P
[ReportManager] Successfully created attachment [Selenium WebDriver Logs - server] @28-04-2021 21:16:17.0005 PM
[ReportManager] Successfully created attachment [Selenium WebDriver Logs - performance] @28-04-2021 21:16:17.0041 PM
[ReportManager] Successfully created attachment [Selenium WebDriver Logs - browser] @28-04-2021 21:16:17.0053 PM
[ReportManager] Successfully created attachment [Selenium WebDriver Logs - driver] @28-04-2021 21:16:17.0182 PM
[ReportManager] Browser Action [closeCurrentWindow] successfully performed. @28-04-2021 21:16:17.0249 PM
[ReportManager] Successfully created attachment [Browser Action Test Data - closeCurrentWindow - Actual Value] @28-04-2021 21:16:17.0251 P

################################################################################################################################################
Starting Execution:	[4 out of 137] test cases in the current suite
Test Method:		[testPackage01.Test_SelectedValue.multipleSelect]
################################################################################################################################################
[ReportManager] File Action [getAbsolutePath] successfully performed. With the following test data [Relative Folder Path: "target/downloadedFiles/"]. @28-04-2021 21:16:17.0266 PM
[ReportManager] Attempting to run remotely on: [Linux-64], [GoogleChrome], [http://localhost:4444/wd/hub], Headless Execution. @28-04-2021 21:16:17.0266 PM
[ReportManager] Successfully Opened [GoogleChrome]. @28-04-2021 21:16:18.0039 PM
[ReportManager] Target URL: [https://mdn.mozillademos.org/en-US/docs/Web/HTML/Element/select$samples/Advanced_select_with_multiple_features?revision=1612304] @28-04-2021 21:16:18.0064 PM
[ReportManager] Initial URL: [data:,] @28-04-2021 21:16:18.0139 PM
[ReportManager] Browser Action [navigateToURL] successfully performed. With the following test data [https://mdn.mozillademos.org/en-US/docs/Web/HTML/Element/select$samples/Advanced_select_with_multiple_features?revision=1612304]. @28-04-2021 21:16:18.0708 PM
[ReportManager] Element Action [select] successfully performed. With the following test data [Dog]. @28-04-2021 21:16:19.0110 PM
[ReportManager] Element Action [select] successfully performed. With the following test data [Cat]. @28-04-2021 21:16:19.0439 PM
[ReportManager] Element Action [getSelectedText] successfully performed. With the following test data [DogCat]. @28-04-2021 21:16:19.0677 PM
[ReportManager] DogCat @28-04-2021 21:16:19.0678 PM
[ReportManager] Element Action [getSelectedText] successfully performed. With the following test data [DogCat]. @28-04-2021 21:16:19.0899 PM
[ReportManager] Loaded Shared OpenCV @28-04-2021 21:16:20.0068 PM
[ReportManager] AssertElementAttribute PASSED; Expected [Value Should be 'DogCat' for the 'selectedText' attribute, element locator 'By.tagName: select'] and Actual [DogCat]. Comparison Type [EQUALS]. Validation Type [POSITIVE]. @28-04-2021 21:16:20.0159 PM
[ReportManager] Successfully created attachment [Screenshot - 1619644580068_multipleSelect_AssertElementAttribute_passed] @28-04-2021 21:16:20.0160 PM
[ReportManager] Successfully created attachment [Selenium WebDriver Logs - server] @28-04-2021 21:16:20.0229 PM
[ReportManager] Successfully created attachment [Selenium WebDriver Logs - performance] @28-04-2021 21:16:20.0253 PM
[ReportManager] Successfully created attachment [Selenium WebDriver Logs - driver] @28-04-2021 21:16:20.0381 PM
[ReportManager] Browser Action [closeCurrentWindow] successfully performed. @28-04-2021 21:16:20.0439 PM
[ReportManager] Successfully created attachment [Browser Action Test Data - closeCurrentWindow - Actual Value] @28-04-2021 21:16:20.0440 P

################################################################################################################################################
Starting Execution:	[5 out of 137] test cases in the current suite
Test Method:		[testPackage01.Test_SelectedValue.simpleSelect]
################################################################################################################################################
[ReportManager] File Action [getAbsolutePath] successfully performed. With the following test data [Relative Folder Path: "target/downloadedFiles/"]. @28-04-2021 21:16:20.0449 PM
[ReportManager] Attempting to run remotely on: [Linux-64], [GoogleChrome], [http://localhost:4444/wd/hub], Headless Execution. @28-04-2021 21:16:20.0449 PM
[ReportManager] Successfully Opened [GoogleChrome]. @28-04-2021 21:16:20.0782 PM
[ReportManager] Target URL: [https://mdn.mozillademos.org/en-US/docs/Web/HTML/Element/select$samples/Basic_select?revision=1612304] @28-04-2021 21:16:20.0810 PM
[ReportManager] Initial URL: [data:,] @28-04-2021 21:16:20.0883 PM
[ReportManager] Browser Action [navigateToURL] successfully performed. With the following test data [https://mdn.mozillademos.org/en-US/docs/Web/HTML/Element/select$samples/Basic_select?revision=1612304]. @28-04-2021 21:16:21.0173 PM
[ReportManager] Element Action [select] successfully performed. With the following test data [Third Value]. @28-04-2021 21:16:21.0598 PM
[ReportManager] Element Action [getSelectedText] successfully performed. With the following test data [Third Value]. @28-04-2021 21:16:21.0793 PM
[ReportManager] Third Value @28-04-2021 21:16:21.0793 PM
[ReportManager] Element Action [getSelectedText] successfully performed. With the following test data [Third Value]. @28-04-2021 21:16:21.0938 PM
[ReportManager] Loaded Shared OpenCV @28-04-2021 21:16:22.0134 PM
[ReportManager] AssertElementAttribute PASSED; Expected [Value Should be 'Third Value' for the 'selectedText' attribute, element locator 'By.tagName: select'] and Actual [Third Value]. Comparison Type [EQUALS]. Validation Type [POSITIVE]. @28-04-2021 21:16:22.0215 PM
[ReportManager] Successfully created attachment [Screenshot - 1619644582134_simpleSelect_AssertElementAttribute_passed] @28-04-2021 21:16:22.0216 PM
[ReportManager] Successfully created attachment [Selenium WebDriver Logs - server] @28-04-2021 21:16:22.0278 PM
[ReportManager] Successfully created attachment [Selenium WebDriver Logs - performance] @28-04-2021 21:16:22.0295 PM
[ReportManager] Successfully created attachment [Selenium WebDriver Logs - driver] @28-04-2021 21:16:22.0377 PM
[ReportManager] Browser Action [closeCurrentWindow] successfully performed. @28-04-2021 21:16:22.0437 PM
[ReportManager] Successfully created attachment [Browser Action Test Data - closeCurrentWindow - Actual Value] @28-04-2021 21:16:22.0437 P
[ReportManager] File Action [getAbsolutePath] successfully performed. With the following test data [Relative Folder Path: "target/downloadedFiles/"]. @28-04-2021 21:16:22.0452 PM
[ReportManager] Attempting to run remotely on: [Linux-64], [GoogleChrome], [http://localhost:4444/wd/hub], Headless Execution. @28-04-2021 21:16:22.0452 PM
[ReportManager] Successfully Opened [GoogleChrome]. @28-04-2021 21:16:22.0733 P

################################################################################################################################################
Starting Execution:	[6 out of 137] test cases in the current suite
Test Method:		[testPackage01.Test_IsElementClickable.testIsElementClickable]
################################################################################################################################################
[ReportManager] Target URL: [https://the-internet.herokuapp.com/] @28-04-2021 21:16:22.0760 PM
[ReportManager] Initial URL: [data:,] @28-04-2021 21:16:22.0818 PM
[ReportManager] Browser Action [navigateToURL] successfully performed. With the following test data [https://the-internet.herokuapp.com/]. @28-04-2021 21:16:23.0262 PM
[ReportManager] Element Action [isElementClickable] successfully performed. @28-04-2021 21:16:23.0467 PM
[ReportManager] AssertTrue PASSED; Expected [TRUE] and Actual [TRUE]. Validation Type [POSITIVE]. @28-04-2021 21:16:23.0467 P
[ReportManager] Successfully created attachment [Selenium WebDriver Logs - server] @28-04-2021 21:16:23.0564 PM
[ReportManager] Successfully created attachment [Selenium WebDriver Logs - performance] @28-04-2021 21:16:23.0595 PM
[ReportManager] Successfully created attachment [Selenium WebDriver Logs - browser] @28-04-2021 21:16:23.0609 PM
[ReportManager] Successfully created attachment [Selenium WebDriver Logs - driver] @28-04-2021 21:16:23.0689 PM
[ReportManager] Browser Action [closeCurrentWindow] successfully performed. @28-04-2021 21:16:23.0747 PM
[ReportManager] Successfully created attachment [Browser Action Test Data - closeCurrentWindow - Actual Value] @28-04-2021 21:16:23.0749 P
[ReportManager] File Action [getAbsolutePath] successfully performed. With the following test data [Relative Folder Path: "target/downloadedFiles/"]. @28-04-2021 21:16:23.0752 PM
[ReportManager] Attempting to run remotely on: [Linux-64], [GoogleChrome], [http://localhost:4444/wd/hub], Headless Execution. @28-04-2021 21:16:23.0753 PM
[ReportManager] Successfully Opened [GoogleChrome]. @28-04-2021 21:16:24.0032 P

################################################################################################################################################
Starting Execution:	[7 out of 137] test cases in the current suite
Test Method:		[testPackage01.Test_dragAndDrop.dragAndDrop]
Test Description:	[TC001 - Test Drag and Drop function.]
################################################################################################################################################
[ReportManager] Target URL: [http://the-internet.herokuapp.com/drag_and_drop] @28-04-2021 21:16:24.0081 PM
[ReportManager] Initial URL: [data:,] @28-04-2021 21:16:24.0133 PM
[ReportManager] Browser Action [navigateToURL] successfully performed. With the following test data [http://the-internet.herokuapp.com/drag_and_drop]. @28-04-2021 21:16:24.0487 PM
[ReportManager] Attempting Drag and Drop @28-04-2021 21:16:24.0488 PM
[ReportManager] Element Action [dragAndDrop] successfully performed. With the following test data [Start point: (32, 89), End point: (247, 89)]. @28-04-2021 21:16:25.0729 P
[ReportManager] Successfully created attachment [Selenium WebDriver Logs - server] @28-04-2021 21:16:25.0800 PM
[ReportManager] Successfully created attachment [Selenium WebDriver Logs - performance] @28-04-2021 21:16:25.0828 PM
[ReportManager] Successfully created attachment [Selenium WebDriver Logs - browser] @28-04-2021 21:16:25.0838 PM
[ReportManager] Successfully created attachment [Selenium WebDriver Logs - driver] @28-04-2021 21:16:25.0918 PM
[ReportManager] Browser Action [closeCurrentWindow] successfully performed. @28-04-2021 21:16:25.0983 PM
[ReportManager] Successfully created attachment [Browser Action Test Data - closeCurrentWindow - Actual Value] @28-04-2021 21:16:25.0983 P
[ReportManager] File Action [getAbsolutePath] successfully performed. With the following test data [Relative Folder Path: "target/downloadedFiles/"]. @28-04-2021 21:16:25.0986 PM
[ReportManager] Attempting to run remotely on: [Linux-64], [GoogleChrome], [http://localhost:4444/wd/hub], Headless Execution. @28-04-2021 21:16:25.0986 PM
[ReportManager] Successfully Opened [GoogleChrome]. @28-04-2021 21:16:26.0332 P

################################################################################################################################################
Starting Execution:	[8 out of 137] test cases in the current suite
Test Method:		[testPackage01.Test_dragAndDrop.dragAndDropByOffset]
Test Description:	[TC002 - Test Drag and Drop by offset function.]
################################################################################################################################################
[ReportManager] Target URL: [https://jqueryui.com/resources/demos/draggable/default.html] @28-04-2021 21:16:26.0356 PM
[ReportManager] Initial URL: [data:,] @28-04-2021 21:16:26.0443 PM
[ReportManager] Browser Action [navigateToURL] successfully performed. With the following test data [https://jqueryui.com/resources/demos/draggable/default.html]. @28-04-2021 21:16:26.0885 PM
[ReportManager] Element Action [dragAndDropByOffset] successfully performed. With the following test data [Start point: (8, 8), End point: (1008, 108)]. @28-04-2021 21:16:27.0125 P
[ReportManager] Successfully created attachment [Selenium WebDriver Logs - server] @28-04-2021 21:16:27.0188 PM
[ReportManager] Successfully created attachment [Selenium WebDriver Logs - performance] @28-04-2021 21:16:27.0208 PM
[ReportManager] Successfully created attachment [Selenium WebDriver Logs - driver] @28-04-2021 21:16:27.0280 PM
[ReportManager] Browser Action [closeCurrentWindow] successfully performed. @28-04-2021 21:16:27.0345 PM
[ReportManager] Successfully created attachment [Browser Action Test Data - closeCurrentWindow - Actual Value] @28-04-2021 21:16:27.0346 P
[ReportManager] File Action [getAbsolutePath] successfully performed. With the following test data [Relative Folder Path: "target/downloadedFiles/"]. @28-04-2021 21:16:27.0358 PM
[ReportManager] Attempting to run remotely on: [Linux-64], [GoogleChrome], [http://localhost:4444/wd/hub], Headless Execution. @28-04-2021 21:16:27.0364 PM
[ReportManager] Successfully Opened [GoogleChrome]. @28-04-2021 21:16:27.0680 P

################################################################################################################################################
Starting Execution:	[9 out of 137] test cases in the current suite
Test Method:		[testPackage01.Test_dragAndDrop.dragAndDropJquery]
################################################################################################################################################
[ReportManager] Target URL: [https://jqueryui.com/resources/demos/droppable/default.html] @28-04-2021 21:16:27.0723 PM
[ReportManager] Initial URL: [data:,] @28-04-2021 21:16:27.0784 PM
[ReportManager] Browser Action [navigateToURL] successfully performed. With the following test data [https://jqueryui.com/resources/demos/droppable/default.html]. @28-04-2021 21:16:28.0149 PM
[ReportManager] Element Action [getText] successfully performed. With the following test data [Drop here]. @28-04-2021 21:16:28.0251 PM
[ReportManager] Element Action [dragAndDrop] successfully performed. With the following test data [Start point: (8, 18), End point: (8, 18)]. @28-04-2021 21:16:29.0679 PM
[ReportManager] Element Action [getText] successfully performed. With the following test data [Dropped!]. @28-04-2021 21:16:29.0782 PM
[ReportManager] Checking to see if the text has changed after performing drag and drop... @28-04-2021 21:16:29.0782 PM
[ReportManager] AssertEquals PASSED; Expected [Drop here] and Actual [Dropped!]. Comparison Type [EQUALS]. Validation Type [NEGATIVE]. @28-04-2021 21:16:29.0783 P
[ReportManager] Successfully created attachment [Selenium WebDriver Logs - server] @28-04-2021 21:16:29.0889 PM
[ReportManager] Successfully created attachment [Selenium WebDriver Logs - performance] @28-04-2021 21:16:29.0919 PM
[ReportManager] Successfully created attachment [Selenium WebDriver Logs - driver] @28-04-2021 21:16:30.0042 PM
[ReportManager] Browser Action [closeCurrentWindow] successfully performed. @28-04-2021 21:16:30.0104 PM
[ReportManager] Successfully created attachment [Browser Action Test Data - closeCurrentWindow - Actual Value] @28-04-2021 21:16:30.0104 P

################################################################################################################################################
Starting Execution:	[10 out of 137] test cases in the current suite
Test Method:		[testPackage01.Test_SkipDueToIssue.doNotSkip]
################################################################################################################################################
[ReportManager] This should not be skipped. @28-04-2021 21:16:30.0114 P

################################################################################################################################################
Starting Execution:	[11 out of 137] test cases in the current suite
Test Method:		[testPackage01.Test_SkipDueToIssue.skip]
################################################################################################################################################
[ReportManager] This should be skipped. @28-04-2021 21:16:30.0131 P

################################################################################################################################################
Starting Execution:	[12 out of 137] test cases in the current suite
Test Method:		[testPackage01.Test_SkipDueToIssue.skip2]
################################################################################################################################################
[ReportManager] This should be skipped. @28-04-2021 21:16:30.0143 P

################################################################################################################################################
Starting Execution:	[13 out of 137] test cases in the current suite
Test Method:		[testPackage01.Test_chainableElementActions.chainElementActions]
################################################################################################################################################
[ReportManager] File Action [getAbsolutePath] successfully performed. With the following test data [Relative Folder Path: "target/downloadedFiles/"]. @28-04-2021 21:16:30.0149 PM
[ReportManager] Attempting to run remotely on: [Linux-64], [GoogleChrome], [http://localhost:4444/wd/hub], Headless Execution. @28-04-2021 21:16:30.0150 PM
[ReportManager] Successfully Opened [GoogleChrome]. @28-04-2021 21:16:30.0535 PM
[ReportManager] Target URL: [https://www.google.com/ncr], and after redirection: [https://www.google.com] @28-04-2021 21:16:30.0556 PM
[ReportManager] Initial URL: [data:,] @28-04-2021 21:16:30.0617 PM
[ReportManager] Browser Action [navigateToURL] successfully performed. With the following test data [https://www.google.com/ncr]. @28-04-2021 21:16:31.0517 PM
[ReportManager] Element Action [type] successfully performed. With the following test data [chained type 1]. @28-04-2021 21:16:32.0183 PM
[ReportManager] Element Action [type] successfully performed. With the following test data [chained type 2]. @28-04-2021 21:16:32.0809 PM
[ReportManager] Element Action [typeAppend] successfully performed. With the following test data [345]. @28-04-2021 21:16:32.0967 PM
[ReportManager] Element Action [getText] successfully performed. With the following test data [chained type 2345]. @28-04-2021 21:16:33.0133 PM
[ReportManager] Loaded Shared OpenCV @28-04-2021 21:16:33.0301 PM
[ReportManager] AssertElementAttribute PASSED; Expected [Value Should be 'chained type 2345' for the 'text' attribute, element locator 'By.name: q'] and Actual [chained type 2345]. Comparison Type [EQUALS]. Validation Type [POSITIVE]. @28-04-2021 21:16:33.0382 PM
[ReportManager] Successfully created attachment [Screenshot - 1619644593301_chainElementActions_AssertElementAttribute_passed] @28-04-2021 21:16:33.0384 PM
[ReportManager] Successfully created attachment [Selenium WebDriver Logs - server] @28-04-2021 21:16:33.0487 PM
[ReportManager] Successfully created attachment [Selenium WebDriver Logs - performance] @28-04-2021 21:16:33.0690 PM
[ReportManager] Successfully created attachment [Selenium WebDriver Logs - driver] @28-04-2021 21:16:33.0939 PM
[ReportManager] Browser Action [closeCurrentWindow] successfully performed. @28-04-2021 21:16:33.0998 PM
[ReportManager] Successfully created attachment [Browser Action Test Data - closeCurrentWindow - Actual Value] @28-04-2021 21:16:33.0999 P
[ReportManager] File Action [getAbsolutePath] successfully performed. With the following test data [Relative Folder Path: "target/downloadedFiles/"]. @28-04-2021 21:16:34.0030 PM
[ReportManager] Attempting to run remotely on: [Linux-64], [GoogleChrome], [http://localhost:4444/wd/hub], Headless Execution. @28-04-2021 21:16:34.0031 PM
[ReportManager] Successfully Opened [GoogleChrome]. @28-04-2021 21:16:34.0312 P

################################################################################################################################################
Starting Execution:	[14 out of 137] test cases in the current suite
Test Method:		[testPackage01.Test_clipboardActions.typeTextAndCopyPaste]
################################################################################################################################################
[ReportManager] Target URL: [https://www.google.com/ncr], and after redirection: [https://www.google.com] @28-04-2021 21:16:34.0335 PM
[ReportManager] Initial URL: [data:,] @28-04-2021 21:16:34.0400 PM
[ReportManager] Browser Action [navigateToURL] successfully performed. With the following test data [https://www.google.com/ncr]. @28-04-2021 21:16:35.0749 PM
[ReportManager] Element Action [type] successfully performed. With the following test data [FIRST]. @28-04-2021 21:16:36.0273 PM
[ReportManager] Element Action [clipboardActions] successfully performed. With the following test data [select all]. @28-04-2021 21:16:36.0366 PM
[ReportManager] Element Action [clipboardActions] successfully performed. With the following test data [copy]. @28-04-2021 21:16:36.0452 PM
[ReportManager] Element Action [clipboardActions] successfully performed. With the following test data [unselect]. @28-04-2021 21:16:36.0535 PM
[ReportManager] Element Action [clipboardActions] successfully performed. With the following test data [paste]. @28-04-2021 21:16:36.0643 PM
[ReportManager] Element Action [clipboardActions] successfully performed. With the following test data [select all]. @28-04-2021 21:16:36.0732 PM
[ReportManager] Element Action [clipboardActions] successfully performed. With the following test data [cut]. @28-04-2021 21:16:36.0842 PM
[ReportManager] Element Action [clipboardActions] successfully performed. With the following test data [paste]. @28-04-2021 21:16:36.0934 PM
[ReportManager] Element Action [clipboardActions] successfully performed. With the following test data [paste]. @28-04-2021 21:16:37.0026 P
[ReportManager] Successfully created attachment [Selenium WebDriver Logs - server] @28-04-2021 21:16:37.0128 PM
[ReportManager] Successfully created attachment [Selenium WebDriver Logs - performance] @28-04-2021 21:16:37.0216 PM
[ReportManager] Successfully created attachment [Selenium WebDriver Logs - driver] @28-04-2021 21:16:37.0457 PM
[ReportManager] Browser Action [closeCurrentWindow] successfully performed. @28-04-2021 21:16:37.0516 PM
[ReportManager] Successfully created attachment [Browser Action Test Data - closeCurrentWindow - Actual Value] @28-04-2021 21:16:37.0519 P
[ReportManager] File Action [getAbsolutePath] successfully performed. With the following test data [Relative Folder Path: "target/downloadedFiles/"]. @28-04-2021 21:16:37.0521 PM
[ReportManager] Attempting to run remotely on: [Linux-64], [GoogleChrome], [http://localhost:4444/wd/hub], Headless Execution. @28-04-2021 21:16:37.0521 PM
[ReportManager] Successfully Opened [GoogleChrome]. @28-04-2021 21:16:37.0763 P

################################################################################################################################################
Starting Execution:	[15 out of 137] test cases in the current suite
Test Method:		[testPackage01.Test_verifyEquals.test_assertElementAttribute]
################################################################################################################################################
[ReportManager] Target URL: [https://www.google.com/ncr], and after redirection: [https://www.google.com] @28-04-2021 21:16:37.0790 PM
[ReportManager] Initial URL: [data:,] @28-04-2021 21:16:37.0844 PM
[ReportManager] Browser Action [navigateToURL] successfully performed. With the following test data [https://www.google.com/ncr]. @28-04-2021 21:16:38.0841 PM
[ReportManager] Element Action [type] successfully performed. With the following test data [INC_004010050:Another SCHEDULER with the same name [Duplicate Job Name] already exists.]. @28-04-2021 21:16:40.0934 PM
[ReportManager] Element Action [getText] successfully performed. With the following test data [INC_004010050:Another SCHEDULER with the same name [Duplicate Job Name] already exists.]. @28-04-2021 21:16:41.0089 PM
[ReportManager] Loaded Shared OpenCV @28-04-2021 21:16:41.0252 PM
[ReportManager] VerifyElementAttribute PASSED; Expected [Value Should be 'INC_004010050:Another SCHEDULER with the same name \[Duplicate Job Name\] already exists.' for the 'text' attribute, element locator 'By.name: q'] and Actual [INC_004010050:Another SCHEDULER with the same name [Duplicate Job Name] already exists.]. Comparison Type [MATCHES]. Validation Type [POSITIVE]. @28-04-2021 21:16:41.0338 PM
[ReportManager] Successfully created attachment [Screenshot - 1619644601251_test_assertElementAttribute_VerifyElementAttribute_passed] @28-04-2021 21:16:41.0339 P
[ReportManager] Successfully created attachment [Selenium WebDriver Logs - server] @28-04-2021 21:16:41.0445 PM
[ReportManager] Successfully created attachment [Selenium WebDriver Logs - performance] @28-04-2021 21:16:41.0871 PM
[ReportManager] Successfully created attachment [Selenium WebDriver Logs - driver] @28-04-2021 21:16:42.0229 PM
[ReportManager] Browser Action [closeCurrentWindow] successfully performed. @28-04-2021 21:16:42.0286 PM
[ReportManager] Successfully created attachment [Browser Action Test Data - closeCurrentWindow - Actual Value] @28-04-2021 21:16:42.0287 P

################################################################################################################################################
Starting Execution:	[16 out of 137] test cases in the current suite
Test Method:		[testPackage01.Test_JSONFileManager.readStringFromJson]
################################################################################################################################################
[ReportManager] Successfully loaded the following test data file [src/test/resources/TestDataFiles/simpleJSON.json]. @28-04-2021 21:16:42.0304 PM
[ReportManager] Successfully created attachment [Test Data - JSON] @28-04-2021 21:16:42.0519 PM
[ReportManager] AssertEquals PASSED; Expected [Mohab Mohie] and Actual [Mohab Mohie]. Comparison Type [EQUALS]. Validation Type [POSITIVE]. @28-04-2021 21:16:44.0383 P
[ReportManager] File Action [getAbsolutePath] successfully performed. With the following test data [Relative Folder Path: "target/downloadedFiles/"]. @28-04-2021 21:16:44.0413 PM
[ReportManager] Attempting to run remotely on: [Linux-64], [GoogleChrome], [http://localhost:4444/wd/hub], Headless Execution. @28-04-2021 21:16:44.0413 PM
[ReportManager] Successfully Opened [GoogleChrome]. @28-04-2021 21:16:44.0786 P

################################################################################################################################################
Starting Execution:	[17 out of 137] test cases in the current suite
Test Method:		[testPackage01.Test_uploadFile.uploadFile_invisibleUploadInput]
################################################################################################################################################
[ReportManager] Target URL: [https://fineuploader.com/demos.html#gallery-view] @28-04-2021 21:16:44.0831 PM
[ReportManager] Initial URL: [data:,] @28-04-2021 21:16:44.0911 PM
[ReportManager] Browser Action [navigateToURL] successfully performed. With the following test data [https://fineuploader.com/demos.html#gallery-view]. @28-04-2021 21:16:47.0002 PM
[ReportManager] File Action [getAbsolutePath] successfully performed. With the following test data [Relative File Path: "src/main/resources/images/shaft.png"]. @28-04-2021 21:16:47.0002 PM
[ReportManager] Successfully created attachment [File Action Actual Result - Command Log] @28-04-2021 21:16:47.0003 PM
[ReportManager] Element Action [typeFileLocationForUpload] successfully performed. With the following test data [/home/runner/work/SHAFT_ENGINE/SHAFT_ENGINE/src/main/resources/images/shaft.png]. @28-04-2021 21:16:47.0275 PM
[ReportManager] Attempting to getAttribute [src] from elementLocator [By.xpath: //div[@id='fine-uploader-gallery']//div[@class='qq-thumbnail-wrapper']/img]. @28-04-2021 21:16:47.0281 PM
[ReportManager] Element Action [getAttribute] successfully performed. @28-04-2021 21:16:47.0421 PM
[ReportManager] Successfully created attachment [Element Action Test Data - getAttribute - Actual Value] @28-04-2021 21:16:47.0422 PM
[ReportManager] Loaded Shared OpenCV @28-04-2021 21:16:47.0627 PM
[ReportManager] AssertElementAttribute PASSED; Expected and Actual values are attached. Comparison Type [CONTAINS]. Validation Type [POSITIVE]. @28-04-2021 21:16:47.0715 PM
[ReportManager] Successfully created attachment [Validation Test Data - Expected Value] @28-04-2021 21:16:47.0715 PM
[ReportManager] Successfully created attachment [Validation Test Data - Actual Value] @28-04-2021 21:16:47.0715 PM
[ReportManager] Successfully created attachment [Screenshot - 1619644607627_uploadFile_invisibleUploadInput_AssertElementAttribute_passed] @28-04-2021 21:16:47.0716 P
[ReportManager] Successfully created attachment [Selenium WebDriver Logs - server] @28-04-2021 21:16:47.0840 PM
[ReportManager] Successfully created attachment [Selenium WebDriver Logs - performance] @28-04-2021 21:16:47.0941 PM
[ReportManager] Successfully created attachment [Selenium WebDriver Logs - browser] @28-04-2021 21:16:47.0955 PM
[ReportManager] Successfully created attachment [Selenium WebDriver Logs - driver] @28-04-2021 21:16:48.0133 PM
[ReportManager] Browser Action [closeCurrentWindow] successfully performed. @28-04-2021 21:16:48.0190 PM
[ReportManager] Successfully created attachment [Browser Action Test Data - closeCurrentWindow - Actual Value] @28-04-2021 21:16:48.0191 P
[ReportManager] File Action [getAbsolutePath] successfully performed. With the following test data [Relative Folder Path: "target/downloadedFiles/"]. @28-04-2021 21:16:48.0197 PM
[ReportManager] Attempting to run remotely on: [Linux-64], [GoogleChrome], [http://localhost:4444/wd/hub], Headless Execution. @28-04-2021 21:16:48.0197 PM
[ReportManager] Successfully Opened [GoogleChrome]. @28-04-2021 21:16:48.0455 P

################################################################################################################################################
Starting Execution:	[18 out of 137] test cases in the current suite
Test Method:		[testPackage01.Test_uploadFile.uploadFile_visibleUploadInput]
################################################################################################################################################
[ReportManager] Target URL: [http://demo.guru99.com/test/upload/] @28-04-2021 21:16:48.0481 PM
[ReportManager] Initial URL: [data:,] @28-04-2021 21:16:48.0546 PM
[ReportManager] Browser Action [navigateToURL] successfully performed. With the following test data [http://demo.guru99.com/test/upload/]. @28-04-2021 21:16:49.0396 PM
[ReportManager] File Action [getAbsolutePath] successfully performed. With the following test data [Relative File Path: "src/main/resources/images/shaft.png"]. @28-04-2021 21:16:49.0397 PM
[ReportManager] Successfully created attachment [File Action Actual Result - Command Log] @28-04-2021 21:16:49.0398 PM
[ReportManager] Element Action [typeFileLocationForUpload] successfully performed. With the following test data [/home/runner/work/SHAFT_ENGINE/SHAFT_ENGINE/src/main/resources/images/shaft.png]. @28-04-2021 21:16:49.0603 PM
[ReportManager] Element Action [click] successfully performed. With the following test data [on]. @28-04-2021 21:16:49.0997 PM
[ReportManager] Element Action [click] successfully performed. With the following test data [Submit File]. @28-04-2021 21:16:50.0408 PM
[ReportManager] Element Action [getText] successfully performed. With the following test data [1 file
has been successfully uploaded.]. @28-04-2021 21:16:50.0559 PM
[ReportManager] Loaded Shared OpenCV @28-04-2021 21:16:50.0726 PM
[ReportManager] AssertElementAttribute PASSED; Expected [Value Should be '1 file' for the 'Text' attribute, element locator 'By.id: res'] and Actual [1 file
has been successfully uploaded.]. Comparison Type [CONTAINS]. Validation Type [POSITIVE]. @28-04-2021 21:16:50.0805 PM
[ReportManager] Successfully created attachment [Screenshot - 1619644610726_uploadFile_visibleUploadInput_AssertElementAttribute_passed] @28-04-2021 21:16:50.0806 P
[ReportManager] Successfully created attachment [Selenium WebDriver Logs - server] @28-04-2021 21:16:50.0884 PM
[ReportManager] Successfully created attachment [Selenium WebDriver Logs - performance] @28-04-2021 21:16:50.0952 PM
[ReportManager] Successfully created attachment [Selenium WebDriver Logs - browser] @28-04-2021 21:16:50.0960 PM
[ReportManager] Successfully created attachment [Selenium WebDriver Logs - driver] @28-04-2021 21:16:51.0151 PM
[ReportManager] Browser Action [closeCurrentWindow] successfully performed. @28-04-2021 21:16:51.0217 PM
[ReportManager] Successfully created attachment [Browser Action Test Data - closeCurrentWindow - Actual Value] @28-04-2021 21:16:51.0217 P
[ReportManager] File Action [getAbsolutePath] successfully performed. With the following test data [Relative Folder Path: "target/downloadedFiles/"]. @28-04-2021 21:16:51.0229 PM
[ReportManager] Attempting to run remotely on: [Linux-64], [GoogleChrome], [http://localhost:4444/wd/hub], Headless Execution. @28-04-2021 21:16:51.0229 PM
[ReportManager] Successfully Opened [GoogleChrome]. @28-04-2021 21:16:51.0543 P

################################################################################################################################################
Starting Execution:	[19 out of 137] test cases in the current suite
Test Method:		[testPackage01.Test_ShadowDOM.shadowdom]
################################################################################################################################################
[ReportManager] Target URL: [https://mdn.github.io/web-components-examples/popup-info-box-web-component/] @28-04-2021 21:16:51.0571 PM
[ReportManager] Initial URL: [data:,] @28-04-2021 21:16:51.0621 PM
[ReportManager] Browser Action [navigateToURL] successfully performed. With the following test data [https://mdn.github.io/web-components-examples/popup-info-box-web-component/]. @28-04-2021 21:16:51.0864 PM
[ReportManager] Element Action [type] successfully performed. With the following test data [Typing into SHADOW DOM...]. @28-04-2021 21:16:52.0585 PM
[ReportManager] Element Action [getText] successfully performed. With the following test data [Typing into SHADOW DOM...]. @28-04-2021 21:16:52.0698 PM
[ReportManager] Loaded Shared OpenCV @28-04-2021 21:16:52.0854 PM
[ReportManager] AssertElementAttribute PASSED; Expected [Value Should be 'Typing into SHADOW DOM...' for the 'Text' attribute, element locator 'By.id: cvc'] and Actual [Typing into SHADOW DOM...]. Comparison Type [EQUALS]. Validation Type [POSITIVE]. @28-04-2021 21:16:52.0934 PM
[ReportManager] Successfully created attachment [Screenshot - 1619644612853_shadowdom_AssertElementAttribute_passed] @28-04-2021 21:16:52.0935 P
[ReportManager] Successfully created attachment [Selenium WebDriver Logs - server] @28-04-2021 21:16:52.0997 PM
[ReportManager] Successfully created attachment [Selenium WebDriver Logs - performance] @28-04-2021 21:16:53.0007 PM
[ReportManager] Successfully created attachment [Selenium WebDriver Logs - browser] @28-04-2021 21:16:53.0014 PM
[ReportManager] Successfully created attachment [Selenium WebDriver Logs - driver] @28-04-2021 21:16:53.0115 PM
[ReportManager] Browser Action [closeCurrentWindow] successfully performed. @28-04-2021 21:16:53.0172 PM
[ReportManager] Successfully created attachment [Browser Action Test Data - closeCurrentWindow - Actual Value] @28-04-2021 21:16:53.0173 P

################################################################################################################################################
Starting Execution:	[20 out of 137] test cases in the current suite
Test Method:		[testPackage01.Test_NewValidationHelper.f1]
################################################################################################################################################
[ReportManager] Checking valid user data... @28-04-2021 21:16:53.0184 PM
[ReportManager] AssertEquals PASSED; Expected and Actual values are attached. Comparison Type [EQUALS]. Validation Type [POSITIVE]. @28-04-2021 21:16:53.0184 PM
[ReportManager] Successfully created attachment [Validation Test Data - Expected Value] @28-04-2021 21:16:53.0184 PM
[ReportManager] Successfully created attachment [Validation Test Data - Actual Value] @28-04-2021 21:16:53.0184 P
[ReportManager] File Action [getAbsolutePath] successfully performed. With the following test data [Relative Folder Path: "target/downloadedFiles/"]. @28-04-2021 21:16:53.0191 PM
[ReportManager] Attempting to run remotely on: [Linux-64], [GoogleChrome], [http://localhost:4444/wd/hub], Headless Execution. @28-04-2021 21:16:53.0192 PM
[ReportManager] Successfully Opened [GoogleChrome]. @28-04-2021 21:16:53.0447 PM
[ReportManager] Target URL: [https://the-internet.herokuapp.com/] @28-04-2021 21:16:53.0468 PM
[ReportManager] Initial URL: [data:,] @28-04-2021 21:16:53.0516 PM
[ReportManager] Browser Action [navigateToURL] successfully performed. With the following test data [https://the-internet.herokuapp.com/]. @28-04-2021 21:16:53.0895 P

################################################################################################################################################
Starting Execution:	[21 out of 137] test cases in the current suite
Test Method:		[testPackage01.Test_NewValidationHelper.f10]
################################################################################################################################################
[ReportManager] AssertElementExists FAILED; Expected [Element Should Exist, locator 'By.tagName: div'] and Actual [Element Exists but is not unique]. Comparison Type [EQUALS]. Validation Type [POSITIVE]. @28-04-2021 21:16:54.0225 PM
[ReportManager] Successfully created attachment [Screenshot - 1619644614123_f10_AssertElementExists_failed] @28-04-2021 21:16:54.0226 P
[ReportManager] Successfully created attachment [Selenium WebDriver Logs - server] @28-04-2021 21:16:54.0246 PM
[ReportManager] Successfully created attachment [Selenium WebDriver Logs - performance] @28-04-2021 21:16:54.0276 PM
[ReportManager] Successfully created attachment [Selenium WebDriver Logs - browser] @28-04-2021 21:16:54.0283 PM
[ReportManager] Successfully created attachment [Selenium WebDriver Logs - driver] @28-04-2021 21:16:54.0377 PM
[ReportManager] Successfully Closed All Drivers. @28-04-2021 21:16:54.0462 P
[ReportManager] File Action [getAbsolutePath] successfully performed. With the following test data [Relative Folder Path: "target/downloadedFiles/"]. @28-04-2021 21:16:54.0465 PM
[ReportManager] Attempting to run remotely on: [Linux-64], [GoogleChrome], [http://localhost:4444/wd/hub], Headless Execution. @28-04-2021 21:16:54.0465 PM
[ReportManager] Successfully Opened [GoogleChrome]. @28-04-2021 21:16:54.0692 PM
[ReportManager] Target URL: [https://the-internet.herokuapp.com/] @28-04-2021 21:16:54.0704 PM
[ReportManager] Initial URL: [data:,] @28-04-2021 21:16:54.0760 PM
[ReportManager] Browser Action [navigateToURL] successfully performed. With the following test data [https://the-internet.herokuapp.com/]. @28-04-2021 21:16:55.0195 P

################################################################################################################################################
Starting Execution:	[22 out of 137] test cases in the current suite
Test Method:		[testPackage01.Test_NewValidationHelper.f11]
################################################################################################################################################
[ReportManager] Checking that false tag doesn't exist... @28-04-2021 21:16:55.0202 PM
[ReportManager] AssertElementExists PASSED; Expected [Element Should not Exist, locator 'By.tagName: h3'] and Actual [Element Doesn't Exists]. Comparison Type [EQUALS]. Validation Type [NEGATIVE]. @28-04-2021 21:17:05.0636 PM
[ReportManager] Successfully created attachment [Screenshot - 1619644625562_f11_AssertElementExists_passed] @28-04-2021 21:17:05.0637 P
[ReportManager] Successfully created attachment [Selenium WebDriver Logs - server] @28-04-2021 21:17:05.0651 PM
[ReportManager] Successfully created attachment [Selenium WebDriver Logs - performance] @28-04-2021 21:17:05.0673 PM
[ReportManager] Successfully created attachment [Selenium WebDriver Logs - browser] @28-04-2021 21:17:05.0682 PM
[ReportManager] Successfully created attachment [Selenium WebDriver Logs - driver] @28-04-2021 21:17:05.0754 PM
[ReportManager] Successfully Closed All Drivers. @28-04-2021 21:17:05.0844 P
[ReportManager] File Action [getAbsolutePath] successfully performed. With the following test data [Relative Folder Path: "target/downloadedFiles/"]. @28-04-2021 21:17:05.0847 PM
[ReportManager] Attempting to run remotely on: [Linux-64], [GoogleChrome], [http://localhost:4444/wd/hub], Headless Execution. @28-04-2021 21:17:05.0847 PM
[ReportManager] Successfully Opened [GoogleChrome]. @28-04-2021 21:17:06.0094 PM
[ReportManager] Target URL: [https://the-internet.herokuapp.com/] @28-04-2021 21:17:06.0105 PM
[ReportManager] Initial URL: [data:,] @28-04-2021 21:17:06.0161 PM
[ReportManager] Browser Action [navigateToURL] successfully performed. With the following test data [https://the-internet.herokuapp.com/]. @28-04-2021 21:17:06.0544 P

################################################################################################################################################
Starting Execution:	[23 out of 137] test cases in the current suite
Test Method:		[testPackage01.Test_NewValidationHelper.f12]
################################################################################################################################################
[ReportManager] Loaded Shared OpenCV @28-04-2021 21:17:06.0824 PM
[ReportManager] AssertElementExists FAILED; Expected [Element Should not Exist, locator 'By.tagName: h1'] and Actual [Element Exists]. Comparison Type [EQUALS]. Validation Type [NEGATIVE]. @28-04-2021 21:17:06.0920 PM
[ReportManager] Successfully created attachment [Screenshot - 1619644626823_f12_AssertElementExists_failed] @28-04-2021 21:17:06.0922 P
[ReportManager] Successfully created attachment [Selenium WebDriver Logs - server] @28-04-2021 21:17:06.0937 PM
[ReportManager] Successfully created attachment [Selenium WebDriver Logs - performance] @28-04-2021 21:17:06.0961 PM
[ReportManager] Successfully created attachment [Selenium WebDriver Logs - browser] @28-04-2021 21:17:06.0969 PM
[ReportManager] Successfully created attachment [Selenium WebDriver Logs - driver] @28-04-2021 21:17:07.0029 PM
[ReportManager] Successfully Closed All Drivers. @28-04-2021 21:17:07.0104 P
[ReportManager] File Action [getAbsolutePath] successfully performed. With the following test data [Relative Folder Path: "target/downloadedFiles/"]. @28-04-2021 21:17:07.0109 PM
[ReportManager] Attempting to run remotely on: [Linux-64], [GoogleChrome], [http://localhost:4444/wd/hub], Headless Execution. @28-04-2021 21:17:07.0109 PM
[ReportManager] Successfully Opened [GoogleChrome]. @28-04-2021 21:17:07.0372 PM
[ReportManager] Target URL: [https://the-internet.herokuapp.com/] @28-04-2021 21:17:07.0390 PM
[ReportManager] Initial URL: [data:,] @28-04-2021 21:17:07.0439 PM
[ReportManager] Browser Action [navigateToURL] successfully performed. With the following test data [https://the-internet.herokuapp.com/]. @28-04-2021 21:17:07.0849 P

################################################################################################################################################
Starting Execution:	[24 out of 137] test cases in the current suite
Test Method:		[testPackage01.Test_NewValidationHelper.f13]
################################################################################################################################################
[ReportManager] AssertElementExists FAILED; Expected [Element Should not Exist, locator 'By.tagName: div'] and Actual [Element Exists but is not unique]. Comparison Type [EQUALS]. Validation Type [NEGATIVE]. @28-04-2021 21:17:08.0183 PM
[ReportManager] Successfully created attachment [Screenshot - 1619644628099_f13_AssertElementExists_failed] @28-04-2021 21:17:08.0183 P
[ReportManager] Successfully created attachment [Selenium WebDriver Logs - server] @28-04-2021 21:17:08.0206 PM
[ReportManager] Successfully created attachment [Selenium WebDriver Logs - performance] @28-04-2021 21:17:08.0226 PM
[ReportManager] Successfully created attachment [Selenium WebDriver Logs - browser] @28-04-2021 21:17:08.0232 PM
[ReportManager] Successfully created attachment [Selenium WebDriver Logs - driver] @28-04-2021 21:17:08.0287 PM
[ReportManager] Successfully Closed All Drivers. @28-04-2021 21:17:08.0362 P
[ReportManager] File Action [getAbsolutePath] successfully performed. With the following test data [Relative Folder Path: "target/downloadedFiles/"]. @28-04-2021 21:17:08.0364 PM
[ReportManager] Attempting to run remotely on: [Linux-64], [GoogleChrome], [http://localhost:4444/wd/hub], Headless Execution. @28-04-2021 21:17:08.0365 PM
[ReportManager] Successfully Opened [GoogleChrome]. @28-04-2021 21:17:08.0627 PM
[ReportManager] Target URL: [https://the-internet.herokuapp.com/] @28-04-2021 21:17:08.0655 PM
[ReportManager] Initial URL: [data:,] @28-04-2021 21:17:08.0699 PM
[ReportManager] Browser Action [navigateToURL] successfully performed. With the following test data [https://the-internet.herokuapp.com/]. @28-04-2021 21:17:09.0099 P

################################################################################################################################################
Starting Execution:	[25 out of 137] test cases in the current suite
Test Method:		[testPackage01.Test_NewValidationHelper.f14]
################################################################################################################################################
[ReportManager] Asserting that the header text is correct... @28-04-2021 21:17:09.0107 PM
[ReportManager] Element Action [getText] successfully performed. With the following test data [Welcome to the-internet]. @28-04-2021 21:17:09.0198 PM
[ReportManager] Loaded Shared OpenCV @28-04-2021 21:17:09.0376 PM
[ReportManager] AssertElementAttribute PASSED; Expected [Value Should be 'Welcome to the-internet' for the 'text' attribute, element locator 'By.tagName: h1'] and Actual [Welcome to the-internet]. Comparison Type [EQUALS]. Validation Type [POSITIVE]. @28-04-2021 21:17:09.0466 PM
[ReportManager] Successfully created attachment [Screenshot - 1619644629376_f14_AssertElementAttribute_passed] @28-04-2021 21:17:09.0467 P
[ReportManager] Successfully created attachment [Selenium WebDriver Logs - server] @28-04-2021 21:17:09.0482 PM
[ReportManager] Successfully created attachment [Selenium WebDriver Logs - performance] @28-04-2021 21:17:09.0502 PM
[ReportManager] Successfully created attachment [Selenium WebDriver Logs - browser] @28-04-2021 21:17:09.0509 PM
[ReportManager] Successfully created attachment [Selenium WebDriver Logs - driver] @28-04-2021 21:17:09.0578 PM
[ReportManager] Successfully Closed All Drivers. @28-04-2021 21:17:09.0656 P
[ReportManager] File Action [getAbsolutePath] successfully performed. With the following test data [Relative Folder Path: "target/downloadedFiles/"]. @28-04-2021 21:17:09.0658 PM
[ReportManager] Attempting to run remotely on: [Linux-64], [GoogleChrome], [http://localhost:4444/wd/hub], Headless Execution. @28-04-2021 21:17:09.0658 PM
[ReportManager] Successfully Opened [GoogleChrome]. @28-04-2021 21:17:09.0932 PM
[ReportManager] Target URL: [https://the-internet.herokuapp.com/] @28-04-2021 21:17:09.0954 PM
[ReportManager] Initial URL: [data:,] @28-04-2021 21:17:10.0000 PM
[ReportManager] Browser Action [navigateToURL] successfully performed. With the following test data [https://the-internet.herokuapp.com/]. @28-04-2021 21:17:10.0394 P

################################################################################################################################################
Starting Execution:	[26 out of 137] test cases in the current suite
Test Method:		[testPackage01.Test_NewValidationHelper.f15]
################################################################################################################################################
[ReportManager] Element Action [getText] successfully performed. With the following test data [Welcome to the-internet]. @28-04-2021 21:17:10.0495 PM
[ReportManager] Loaded Shared OpenCV @28-04-2021 21:17:10.0688 PM
[ReportManager] AssertElementAttribute FAILED; Expected [Value Should not be 'Welcome' for the 'text' attribute, element locator 'By.tagName: h1'] and Actual [Welcome to the-internet]. Comparison Type [CONTAINS]. Validation Type [NEGATIVE]. @28-04-2021 21:17:10.0774 PM
[ReportManager] Successfully created attachment [Screenshot - 1619644630688_f15_AssertElementAttribute_failed] @28-04-2021 21:17:10.0775 P
[ReportManager] Successfully created attachment [Selenium WebDriver Logs - server] @28-04-2021 21:17:10.0787 PM
[ReportManager] Successfully created attachment [Selenium WebDriver Logs - performance] @28-04-2021 21:17:10.0807 PM
[ReportManager] Successfully created attachment [Selenium WebDriver Logs - browser] @28-04-2021 21:17:10.0813 PM
[ReportManager] Successfully created attachment [Selenium WebDriver Logs - driver] @28-04-2021 21:17:10.0870 PM
[ReportManager] Successfully Closed All Drivers. @28-04-2021 21:17:10.0944 P
[ReportManager] File Action [getAbsolutePath] successfully performed. With the following test data [Relative Folder Path: "target/downloadedFiles/"]. @28-04-2021 21:17:10.0950 PM
[ReportManager] Attempting to run remotely on: [Linux-64], [GoogleChrome], [http://localhost:4444/wd/hub], Headless Execution. @28-04-2021 21:17:10.0950 PM
[ReportManager] Successfully Opened [GoogleChrome]. @28-04-2021 21:17:11.0194 PM
[ReportManager] Target URL: [https://the-internet.herokuapp.com/] @28-04-2021 21:17:11.0205 PM
[ReportManager] Initial URL: [data:,] @28-04-2021 21:17:11.0248 PM
[ReportManager] Browser Action [navigateToURL] successfully performed. With the following test data [https://the-internet.herokuapp.com/]. @28-04-2021 21:17:11.0590 P

################################################################################################################################################
Starting Execution:	[27 out of 137] test cases in the current suite
Test Method:		[testPackage01.Test_NewValidationHelper.f16]
################################################################################################################################################
[ReportManager] Element Action [identifyUniqueElement] failed. With the following test data [zero elements found matching this locator "By.tagName: h3".]. @28-04-2021 21:17:37.0210 PM
[ReportManager] Successfully created attachment [Screenshot - 1619644657125_f16_identifyUniqueElement_failed] @28-04-2021 21:17:37.0210 PM
[ReportManager] AssertElementAttribute FAILED; Expected [Value Should not be 'Welcome' for the 'text' attribute, element locator 'By.tagName: h3'] and Actual [Failed to read the desired element attribute]. Comparison Type [CONTAINS]. Validation Type [NEGATIVE]. @28-04-2021 21:17:37.0211 P
[ReportManager] Successfully created attachment [Selenium WebDriver Logs - server] @28-04-2021 21:17:37.0232 PM
[ReportManager] Successfully created attachment [Selenium WebDriver Logs - performance] @28-04-2021 21:17:37.0253 PM
[ReportManager] Successfully created attachment [Selenium WebDriver Logs - browser] @28-04-2021 21:17:37.0259 PM
[ReportManager] Successfully created attachment [Selenium WebDriver Logs - driver] @28-04-2021 21:17:37.0330 PM
[ReportManager] Successfully Closed All Drivers. @28-04-2021 21:17:37.0405 P
[ReportManager] File Action [getAbsolutePath] successfully performed. With the following test data [Relative Folder Path: "target/downloadedFiles/"]. @28-04-2021 21:17:37.0410 PM
[ReportManager] Attempting to run remotely on: [Linux-64], [GoogleChrome], [http://localhost:4444/wd/hub], Headless Execution. @28-04-2021 21:17:37.0410 PM
[ReportManager] Successfully Opened [GoogleChrome]. @28-04-2021 21:17:37.0661 PM
[ReportManager] Target URL: [https://the-internet.herokuapp.com/] @28-04-2021 21:17:37.0672 PM
[ReportManager] Initial URL: [data:,] @28-04-2021 21:17:37.0713 PM
[ReportManager] Browser Action [navigateToURL] successfully performed. With the following test data [https://the-internet.herokuapp.com/]. @28-04-2021 21:17:38.0152 P

################################################################################################################################################
Starting Execution:	[28 out of 137] test cases in the current suite
Test Method:		[testPackage01.Test_NewValidationHelper.f17]
################################################################################################################################################
[ReportManager] Attempting to getAttribute [text2] from elementLocator [By.tagName: h1]. @28-04-2021 21:17:38.0163 PM
[ReportManager] Element Action [getAttribute] successfully performed. @28-04-2021 21:17:38.0281 PM
[ReportManager] Loaded Shared OpenCV @28-04-2021 21:17:38.0466 PM
[ReportManager] AssertElementAttribute PASSED; Expected [Value Should not be 'Welcome' for the 'text2' attribute, element locator 'By.tagName: h1'] and Actual [null]. Comparison Type [CONTAINS]. Validation Type [NEGATIVE]. @28-04-2021 21:17:38.0563 PM
[ReportManager] Successfully created attachment [Screenshot - 1619644658466_f17_AssertElementAttribute_passed] @28-04-2021 21:17:38.0564 P
[ReportManager] Successfully created attachment [Selenium WebDriver Logs - server] @28-04-2021 21:17:38.0577 PM
[ReportManager] Successfully created attachment [Selenium WebDriver Logs - performance] @28-04-2021 21:17:38.0598 PM
[ReportManager] Successfully created attachment [Selenium WebDriver Logs - browser] @28-04-2021 21:17:38.0605 PM
[ReportManager] Successfully created attachment [Selenium WebDriver Logs - driver] @28-04-2021 21:17:38.0675 PM
[ReportManager] Successfully Closed All Drivers. @28-04-2021 21:17:38.0751 P
[ReportManager] File Action [getAbsolutePath] successfully performed. With the following test data [Relative Folder Path: "target/downloadedFiles/"]. @28-04-2021 21:17:38.0755 PM
[ReportManager] Attempting to run remotely on: [Linux-64], [GoogleChrome], [http://localhost:4444/wd/hub], Headless Execution. @28-04-2021 21:17:38.0755 PM
[ReportManager] Successfully Opened [GoogleChrome]. @28-04-2021 21:17:39.0024 PM
[ReportManager] Target URL: [https://the-internet.herokuapp.com/] @28-04-2021 21:17:39.0055 PM
[ReportManager] Initial URL: [data:,] @28-04-2021 21:17:39.0123 PM
[ReportManager] Browser Action [navigateToURL] successfully performed. With the following test data [https://the-internet.herokuapp.com/]. @28-04-2021 21:17:39.0586 P

################################################################################################################################################
Starting Execution:	[29 out of 137] test cases in the current suite
Test Method:		[testPackage01.Test_NewValidationHelper.f18]
################################################################################################################################################
[ReportManager] Element Action [getText] successfully performed. With the following test data [Welcome to the-internet]. @28-04-2021 21:17:39.0696 PM
[ReportManager] Loaded Shared OpenCV @28-04-2021 21:17:39.0876 PM
[ReportManager] AssertElementAttribute PASSED; Expected [Value Should not be 'no' for the 'text' attribute, element locator 'By.tagName: h1'] and Actual [Welcome to the-internet]. Comparison Type [CONTAINS]. Validation Type [NEGATIVE]. @28-04-2021 21:17:39.0965 PM
[ReportManager] Successfully created attachment [Screenshot - 1619644659875_f18_AssertElementAttribute_passed] @28-04-2021 21:17:39.0966 P
[ReportManager] Successfully created attachment [Selenium WebDriver Logs - server] @28-04-2021 21:17:39.0989 PM
[ReportManager] Successfully created attachment [Selenium WebDriver Logs - performance] @28-04-2021 21:17:40.0010 PM
[ReportManager] Successfully created attachment [Selenium WebDriver Logs - browser] @28-04-2021 21:17:40.0018 PM
[ReportManager] Successfully created attachment [Selenium WebDriver Logs - driver] @28-04-2021 21:17:40.0077 PM
[ReportManager] Successfully Closed All Drivers. @28-04-2021 21:17:40.0158 P
[ReportManager] File Action [getAbsolutePath] successfully performed. With the following test data [Relative Folder Path: "target/downloadedFiles/"]. @28-04-2021 21:17:40.0160 PM
[ReportManager] Attempting to run remotely on: [Linux-64], [GoogleChrome], [http://localhost:4444/wd/hub], Headless Execution. @28-04-2021 21:17:40.0160 PM
[ReportManager] Successfully Opened [GoogleChrome]. @28-04-2021 21:17:40.0408 PM
[ReportManager] Target URL: [https://the-internet.herokuapp.com/] @28-04-2021 21:17:40.0434 PM
[ReportManager] Initial URL: [data:,] @28-04-2021 21:17:40.0484 PM
[ReportManager] Browser Action [navigateToURL] successfully performed. With the following test data [https://the-internet.herokuapp.com/]. @28-04-2021 21:17:40.0901 P

################################################################################################################################################
Starting Execution:	[30 out of 137] test cases in the current suite
Test Method:		[testPackage01.Test_NewValidationHelper.f19]
################################################################################################################################################
[ReportManager] Element Action [getTagName] successfully performed. With the following test data [h1]. @28-04-2021 21:17:41.0006 PM
[ReportManager] Loaded Shared OpenCV @28-04-2021 21:17:41.0195 PM
[ReportManager] AssertElementAttribute PASSED; Expected [Value Should be 'h' for the 'tagname' attribute, element locator 'By.tagName: h1'] and Actual [h1]. Comparison Type [CONTAINS]. Validation Type [POSITIVE]. @28-04-2021 21:17:41.0296 PM
[ReportManager] Successfully created attachment [Screenshot - 1619644661195_f19_AssertElementAttribute_passed] @28-04-2021 21:17:41.0298 P
[ReportManager] Successfully created attachment [Selenium WebDriver Logs - server] @28-04-2021 21:17:41.0319 PM
[ReportManager] Successfully created attachment [Selenium WebDriver Logs - performance] @28-04-2021 21:17:41.0343 PM
[ReportManager] Successfully created attachment [Selenium WebDriver Logs - browser] @28-04-2021 21:17:41.0349 PM
[ReportManager] Successfully created attachment [Selenium WebDriver Logs - driver] @28-04-2021 21:17:41.0408 PM
[ReportManager] Successfully Closed All Drivers. @28-04-2021 21:17:41.0485 P

################################################################################################################################################
Starting Execution:	[31 out of 137] test cases in the current suite
Test Method:		[testPackage01.Test_NewValidationHelper.f2]
################################################################################################################################################
[ReportManager] Checking valid user data... @28-04-2021 21:17:41.0489 PM
[ReportManager] AssertEquals FAILED; Expected [1] and Actual [2]. Comparison Type [EQUALS]. Validation Type [POSITIVE]. @28-04-2021 21:17:41.0490 P
[ReportManager] File Action [getAbsolutePath] successfully performed. With the following test data [Relative Folder Path: "target/downloadedFiles/"]. @28-04-2021 21:17:41.0494 PM
[ReportManager] Attempting to run remotely on: [Linux-64], [GoogleChrome], [http://localhost:4444/wd/hub], Headless Execution. @28-04-2021 21:17:41.0495 PM
[ReportManager] Successfully Opened [GoogleChrome]. @28-04-2021 21:17:41.0718 PM
[ReportManager] Target URL: [https://the-internet.herokuapp.com/] @28-04-2021 21:17:41.0729 PM
[ReportManager] Initial URL: [data:,] @28-04-2021 21:17:41.0775 PM
[ReportManager] Browser Action [navigateToURL] successfully performed. With the following test data [https://the-internet.herokuapp.com/]. @28-04-2021 21:17:42.0181 P

################################################################################################################################################
Starting Execution:	[32 out of 137] test cases in the current suite
Test Method:		[testPackage01.Test_NewValidationHelper.f20]
################################################################################################################################################
[ReportManager] Element Action [getSize] successfully performed. With the following test data [(755, 61)]. @28-04-2021 21:17:42.0286 PM
[ReportManager] Loaded Shared OpenCV @28-04-2021 21:17:42.0473 PM
[ReportManager] AssertElementAttribute PASSED; Expected [Value Should not be 'a' for the 'size' attribute, element locator 'By.tagName: h1'] and Actual [(755, 61)]. Comparison Type [CONTAINS]. Validation Type [NEGATIVE]. @28-04-2021 21:17:42.0566 PM
[ReportManager] Successfully created attachment [Screenshot - 1619644662472_f20_AssertElementAttribute_passed] @28-04-2021 21:17:42.0567 P
[ReportManager] Successfully created attachment [Selenium WebDriver Logs - server] @28-04-2021 21:17:42.0585 PM
[ReportManager] Successfully created attachment [Selenium WebDriver Logs - performance] @28-04-2021 21:17:42.0614 PM
[ReportManager] Successfully created attachment [Selenium WebDriver Logs - browser] @28-04-2021 21:17:42.0622 PM
[ReportManager] Successfully created attachment [Selenium WebDriver Logs - driver] @28-04-2021 21:17:42.0686 PM
[ReportManager] Successfully Closed All Drivers. @28-04-2021 21:17:42.0769 P
[ReportManager] File Action [getAbsolutePath] successfully performed. With the following test data [Relative Folder Path: "target/downloadedFiles/"]. @28-04-2021 21:17:42.0772 PM
[ReportManager] Attempting to run remotely on: [Linux-64], [GoogleChrome], [http://localhost:4444/wd/hub], Headless Execution. @28-04-2021 21:17:42.0772 PM
[ReportManager] Successfully Opened [GoogleChrome]. @28-04-2021 21:17:43.0076 PM
[ReportManager] Target URL: [https://the-internet.herokuapp.com/] @28-04-2021 21:17:43.0102 PM
[ReportManager] Initial URL: [data:,] @28-04-2021 21:17:43.0168 PM
[ReportManager] Browser Action [navigateToURL] successfully performed. With the following test data [https://the-internet.herokuapp.com/]. @28-04-2021 21:17:43.0671 P

################################################################################################################################################
Starting Execution:	[33 out of 137] test cases in the current suite
Test Method:		[testPackage01.Test_NewValidationHelper.f21]
################################################################################################################################################
[ReportManager] Element Action [identifyUniqueElement] failed. With the following test data [zero elements found matching this locator "By.tagName: h3".]. @28-04-2021 21:18:09.0336 PM
[ReportManager] Successfully created attachment [Screenshot - 1619644689260_f21_identifyUniqueElement_failed] @28-04-2021 21:18:09.0336 PM
[ReportManager] AssertElementAttribute FAILED; Expected [Value Should be 'Welcome' for the 'text' attribute, element locator 'By.tagName: h3'] and Actual [Failed to read the desired element attribute]. Comparison Type [CONTAINS]. Validation Type [POSITIVE]. @28-04-2021 21:18:09.0341 P
[ReportManager] Successfully created attachment [Selenium WebDriver Logs - server] @28-04-2021 21:18:09.0354 PM
[ReportManager] Successfully created attachment [Selenium WebDriver Logs - performance] @28-04-2021 21:18:09.0376 PM
[ReportManager] Successfully created attachment [Selenium WebDriver Logs - browser] @28-04-2021 21:18:09.0382 PM
[ReportManager] Successfully created attachment [Selenium WebDriver Logs - driver] @28-04-2021 21:18:09.0452 PM
[ReportManager] Successfully Closed All Drivers. @28-04-2021 21:18:09.0529 P
[ReportManager] File Action [getAbsolutePath] successfully performed. With the following test data [Relative Folder Path: "target/downloadedFiles/"]. @28-04-2021 21:18:09.0532 PM
[ReportManager] Attempting to run remotely on: [Linux-64], [GoogleChrome], [http://localhost:4444/wd/hub], Headless Execution. @28-04-2021 21:18:09.0532 PM
[ReportManager] Successfully Opened [GoogleChrome]. @28-04-2021 21:18:09.0812 PM
[ReportManager] Target URL: [https://the-internet.herokuapp.com/] @28-04-2021 21:18:09.0825 PM
[ReportManager] Initial URL: [data:,] @28-04-2021 21:18:09.0868 PM
[ReportManager] Browser Action [navigateToURL] successfully performed. With the following test data [https://the-internet.herokuapp.com/]. @28-04-2021 21:18:10.0297 P

################################################################################################################################################
Starting Execution:	[34 out of 137] test cases in the current suite
Test Method:		[testPackage01.Test_NewValidationHelper.f22]
################################################################################################################################################
[ReportManager] Element Action [getText] successfully performed. With the following test data [Welcome to the-internet]. @28-04-2021 21:18:10.0440 PM
[ReportManager] Loaded Shared OpenCV @28-04-2021 21:18:10.0604 PM
[ReportManager] AssertElementAttribute FAILED; Expected [Value Should be 'yyy' for the 'text' attribute, element locator 'By.tagName: h1'] and Actual [Welcome to the-internet]. Comparison Type [CONTAINS]. Validation Type [POSITIVE]. @28-04-2021 21:18:10.0703 PM
[ReportManager] Successfully created attachment [Screenshot - 1619644690604_f22_AssertElementAttribute_failed] @28-04-2021 21:18:10.0704 P
[ReportManager] Successfully created attachment [Selenium WebDriver Logs - server] @28-04-2021 21:18:10.0723 PM
[ReportManager] Successfully created attachment [Selenium WebDriver Logs - performance] @28-04-2021 21:18:10.0747 PM
[ReportManager] Successfully created attachment [Selenium WebDriver Logs - browser] @28-04-2021 21:18:10.0755 PM
[ReportManager] Successfully created attachment [Selenium WebDriver Logs - driver] @28-04-2021 21:18:10.0815 PM
[ReportManager] Successfully Closed All Drivers. @28-04-2021 21:18:10.0892 P

################################################################################################################################################
Starting Execution:	[35 out of 137] test cases in the current suite
Test Method:		[testPackage01.Test_NewValidationHelper.f23]
################################################################################################################################################
[ReportManager] confirming that the actual is greater than or equal to the expected... @28-04-2021 21:18:10.0900 PM
[ReportManager] AssertComparativeRelation PASSED; Expected [1] and Actual [1]. Comparison Type [GREATER_THAN_OR_EQUALS]. Validation Type [POSITIVE]. @28-04-2021 21:18:10.0900 P

################################################################################################################################################
Starting Execution:	[36 out of 137] test cases in the current suite
Test Method:		[testPackage01.Test_NewValidationHelper.f24]
################################################################################################################################################
[ReportManager] AssertComparativeRelation PASSED; Expected [1] and Actual [10]. Comparison Type [GREATER_THAN_OR_EQUALS]. Validation Type [POSITIVE]. @28-04-2021 21:18:10.0905 P

################################################################################################################################################
Starting Execution:	[37 out of 137] test cases in the current suite
Test Method:		[testPackage01.Test_NewValidationHelper.f25]
################################################################################################################################################
[ReportManager] AssertComparativeRelation PASSED; Expected [1] and Actual [1]. Comparison Type [EQUALS]. Validation Type [POSITIVE]. @28-04-2021 21:18:10.0908 P

################################################################################################################################################
Starting Execution:	[38 out of 137] test cases in the current suite
Test Method:		[testPackage01.Test_NewValidationHelper.f26]
################################################################################################################################################
[ReportManager] AssertComparativeRelation PASSED; Expected [1] and Actual [5]. Comparison Type [GREATER_THAN]. Validation Type [POSITIVE]. @28-04-2021 21:18:10.0912 P

################################################################################################################################################
Starting Execution:	[39 out of 137] test cases in the current suite
Test Method:		[testPackage01.Test_NewValidationHelper.f27]
################################################################################################################################################
[ReportManager] AssertComparativeRelation PASSED; Expected [11] and Actual [5]. Comparison Type [LESS_THAN]. Validation Type [POSITIVE]. @28-04-2021 21:18:10.0915 P

################################################################################################################################################
Starting Execution:	[40 out of 137] test cases in the current suite
Test Method:		[testPackage01.Test_NewValidationHelper.f28]
################################################################################################################################################
[ReportManager] AssertComparativeRelation PASSED; Expected [11] and Actual [5]. Comparison Type [LESS_THAN_OR_EQUALS]. Validation Type [POSITIVE]. @28-04-2021 21:18:10.0918 P

################################################################################################################################################
Starting Execution:	[41 out of 137] test cases in the current suite
Test Method:		[testPackage01.Test_NewValidationHelper.f29]
################################################################################################################################################
[ReportManager] AssertComparativeRelation PASSED; Expected [11] and Actual [11]. Comparison Type [LESS_THAN_OR_EQUALS]. Validation Type [POSITIVE]. @28-04-2021 21:18:10.0921 P

################################################################################################################################################
Starting Execution:	[42 out of 137] test cases in the current suite
Test Method:		[testPackage01.Test_NewValidationHelper.f3]
################################################################################################################################################
[ReportManager] AssertEquals PASSED; Expected [1] and Actual [2]. Comparison Type [EQUALS]. Validation Type [NEGATIVE]. @28-04-2021 21:18:10.0924 P

################################################################################################################################################
Starting Execution:	[43 out of 137] test cases in the current suite
Test Method:		[testPackage01.Test_NewValidationHelper.f30]
################################################################################################################################################
[ReportManager] AssertComparativeRelation FAILED; Expected [-9] and Actual [11]. Comparison Type [LESS_THAN_OR_EQUALS]. Validation Type [POSITIVE]. @28-04-2021 21:18:10.0927 P

################################################################################################################################################
Starting Execution:	[44 out of 137] test cases in the current suite
Test Method:		[testPackage01.Test_NewValidationHelper.f31]
################################################################################################################################################
[ReportManager] AssertTrue PASSED; Expected [TRUE] and Actual [TRUE]. Validation Type [POSITIVE]. @28-04-2021 21:18:10.0931 P

################################################################################################################################################
Starting Execution:	[45 out of 137] test cases in the current suite
Test Method:		[testPackage01.Test_NewValidationHelper.f32]
################################################################################################################################################
[ReportManager] AssertTrue PASSED; Expected [FALSE] and Actual [FALSE]. Validation Type [NEGATIVE]. @28-04-2021 21:18:10.0934 P

################################################################################################################################################
Starting Execution:	[46 out of 137] test cases in the current suite
Test Method:		[testPackage01.Test_NewValidationHelper.f33]
################################################################################################################################################
[ReportManager] AssertTrue FAILED; Expected [FALSE] and Actual [TRUE]. Validation Type [NEGATIVE]. @28-04-2021 21:18:10.0937 P

################################################################################################################################################
Starting Execution:	[47 out of 137] test cases in the current suite
Test Method:		[testPackage01.Test_NewValidationHelper.f34]
################################################################################################################################################
[ReportManager] AssertTrue FAILED; Expected [TRUE] and Actual [FALSE]. Validation Type [POSITIVE]. @28-04-2021 21:18:10.0944 P

################################################################################################################################################
Starting Execution:	[48 out of 137] test cases in the current suite
Test Method:		[testPackage01.Test_NewValidationHelper.f35]
################################################################################################################################################
[ReportManager] File Action [doesFileExist] successfully performed. With the following test data [File Path: "pom.xml"]. @28-04-2021 21:18:10.0950 PM
[ReportManager] AssertFileExists PASSED; Expected [File 'pom.xml' should exist, after up to '1' retries] and Actual [File exists]. Validation Type [POSITIVE]. @28-04-2021 21:18:10.0954 P

################################################################################################################################################
Starting Execution:	[49 out of 137] test cases in the current suite
Test Method:		[testPackage01.Test_NewValidationHelper.f36]
################################################################################################################################################
[ReportManager] File Action [doesFileExist] successfully performed. With the following test data [File Path: "src/test/java/testPackage01/Test_NewValidationHelper.java"]. @28-04-2021 21:18:10.0959 PM
[ReportManager] AssertFileExists PASSED; Expected [File 'src/test/java/testPackage01/Test_NewValidationHelper.java' should exist, after up to '1' retries] and Actual [File exists]. Validation Type [POSITIVE]. @28-04-2021 21:18:10.0959 P

################################################################################################################################################
Starting Execution:	[50 out of 137] test cases in the current suite
Test Method:		[testPackage01.Test_NewValidationHelper.f37]
################################################################################################################################################
[ReportManager] confirming that the file does't exist after 5 retries... @28-04-2021 21:18:10.0964 PM
[ReportManager] File Action [doesFileExist] successfully performed. With the following test data [File Path: "pom.xml"]. @28-04-2021 21:18:10.0965 PM
[ReportManager] AssertFileExists FAILED; Expected [File 'pom.xml' should not exist, after up to '5' retries] and Actual [File exists]. Validation Type [NEGATIVE]. @28-04-2021 21:18:10.0965 P

################################################################################################################################################
Starting Execution:	[51 out of 137] test cases in the current suite
Test Method:		[testPackage01.Test_NewValidationHelper.f3_1]
################################################################################################################################################
[ReportManager] Checking valid user data... @28-04-2021 21:18:10.0970 PM
[ReportManager] AssertEquals PASSED; Expected [null] and Actual [null]. Comparison Type [EQUALS]. Validation Type [POSITIVE]. @28-04-2021 21:18:10.0970 P

################################################################################################################################################
Starting Execution:	[52 out of 137] test cases in the current suite
Test Method:		[testPackage01.Test_NewValidationHelper.f4]
################################################################################################################################################
[ReportManager] AssertEquals PASSED; Expected [1] and Actual [123]. Comparison Type [CONTAINS]. Validation Type [POSITIVE]. @28-04-2021 21:18:10.0973 P

################################################################################################################################################
Starting Execution:	[53 out of 137] test cases in the current suite
Test Method:		[testPackage01.Test_NewValidationHelper.f5]
################################################################################################################################################
[ReportManager] AssertNull PASSED; Expected [NULL] and Actual [1]. Comparison Type [EQUALS]. Validation Type [NEGATIVE]. @28-04-2021 21:18:10.0976 P

################################################################################################################################################
Starting Execution:	[54 out of 137] test cases in the current suite
Test Method:		[testPackage01.Test_NewValidationHelper.f6]
################################################################################################################################################
[ReportManager] Making sure that null string is not equal to null object... @28-04-2021 21:18:10.0979 PM
[ReportManager] AssertNull FAILED; Expected [NULL] and Actual [NULL]. Comparison Type [EQUALS]. Validation Type [POSITIVE]. @28-04-2021 21:18:10.0980 P

################################################################################################################################################
Starting Execution:	[55 out of 137] test cases in the current suite
Test Method:		[testPackage01.Test_NewValidationHelper.f6_1]
################################################################################################################################################
[ReportManager] AssertNull FAILED; Expected [NULL] and Actual [NULL]. Comparison Type [EQUALS]. Validation Type [NEGATIVE]. @28-04-2021 21:18:10.0983 P

################################################################################################################################################
Starting Execution:	[56 out of 137] test cases in the current suite
Test Method:		[testPackage01.Test_NewValidationHelper.f6_2]
################################################################################################################################################
[ReportManager] Making sure that null string is not equal to null object... @28-04-2021 21:18:10.0986 PM
[ReportManager] AssertNull FAILED; Expected [NULL] and Actual [not null]. Comparison Type [EQUALS]. Validation Type [POSITIVE]. @28-04-2021 21:18:10.0986 P

################################################################################################################################################
Starting Execution:	[57 out of 137] test cases in the current suite
Test Method:		[testPackage01.Test_NewValidationHelper.f7]
################################################################################################################################################
[ReportManager] AssertNull PASSED; Expected [NULL] and Actual [NULL]. Comparison Type [EQUALS]. Validation Type [POSITIVE]. @28-04-2021 21:18:10.0990 P
[ReportManager] File Action [getAbsolutePath] successfully performed. With the following test data [Relative Folder Path: "target/downloadedFiles/"]. @28-04-2021 21:18:10.0993 PM
[ReportManager] Attempting to run remotely on: [Linux-64], [GoogleChrome], [http://localhost:4444/wd/hub], Headless Execution. @28-04-2021 21:18:10.0993 PM
[ReportManager] Successfully Opened [GoogleChrome]. @28-04-2021 21:18:11.0245 PM
[ReportManager] Target URL: [https://the-internet.herokuapp.com/] @28-04-2021 21:18:11.0259 PM
[ReportManager] Initial URL: [data:,] @28-04-2021 21:18:11.0328 PM
[ReportManager] Browser Action [navigateToURL] successfully performed. With the following test data [https://the-internet.herokuapp.com/]. @28-04-2021 21:18:11.0721 P

################################################################################################################################################
Starting Execution:	[58 out of 137] test cases in the current suite
Test Method:		[testPackage01.Test_NewValidationHelper.f8]
################################################################################################################################################
[ReportManager] Loaded Shared OpenCV @28-04-2021 21:18:11.0980 PM
[ReportManager] AssertElementExists PASSED; Expected [Element Should Exist, locator 'By.tagName: h1'] and Actual [Element Exists]. Comparison Type [EQUALS]. Validation Type [POSITIVE]. @28-04-2021 21:18:12.0074 PM
[ReportManager] Successfully created attachment [Screenshot - 1619644691980_f8_AssertElementExists_passed] @28-04-2021 21:18:12.0076 P
[ReportManager] Successfully created attachment [Selenium WebDriver Logs - server] @28-04-2021 21:18:12.0090 PM
[ReportManager] Successfully created attachment [Selenium WebDriver Logs - performance] @28-04-2021 21:18:12.0115 PM
[ReportManager] Successfully created attachment [Selenium WebDriver Logs - browser] @28-04-2021 21:18:12.0123 PM
[ReportManager] Successfully created attachment [Selenium WebDriver Logs - driver] @28-04-2021 21:18:12.0196 PM
[ReportManager] Successfully Closed All Drivers. @28-04-2021 21:18:12.0280 P
[ReportManager] File Action [getAbsolutePath] successfully performed. With the following test data [Relative Folder Path: "target/downloadedFiles/"]. @28-04-2021 21:18:12.0282 PM
[ReportManager] Attempting to run remotely on: [Linux-64], [GoogleChrome], [http://localhost:4444/wd/hub], Headless Execution. @28-04-2021 21:18:12.0282 PM
[ReportManager] Successfully Opened [GoogleChrome]. @28-04-2021 21:18:12.0563 PM
[ReportManager] Target URL: [https://the-internet.herokuapp.com/] @28-04-2021 21:18:12.0579 PM
[ReportManager] Initial URL: [data:,] @28-04-2021 21:18:12.0627 PM
[ReportManager] Browser Action [navigateToURL] successfully performed. With the following test data [https://the-internet.herokuapp.com/]. @28-04-2021 21:18:13.0000 P

################################################################################################################################################
Starting Execution:	[59 out of 137] test cases in the current suite
Test Method:		[testPackage01.Test_NewValidationHelper.f9]
################################################################################################################################################
[ReportManager] AssertElementExists FAILED; Expected [Element Should Exist, locator 'By.tagName: h3'] and Actual [Element Doesn't Exists]. Comparison Type [EQUALS]. Validation Type [POSITIVE]. @28-04-2021 21:18:43.0761 PM
[ReportManager] Successfully created attachment [Screenshot - 1619644723687_f9_AssertElementExists_failed] @28-04-2021 21:18:43.0762 P
[ReportManager] Successfully created attachment [Selenium WebDriver Logs - server] @28-04-2021 21:18:43.0785 PM
[ReportManager] Successfully created attachment [Selenium WebDriver Logs - performance] @28-04-2021 21:18:43.0811 PM
[ReportManager] Successfully created attachment [Selenium WebDriver Logs - browser] @28-04-2021 21:18:43.0819 PM
[ReportManager] Successfully created attachment [Selenium WebDriver Logs - driver] @28-04-2021 21:18:43.0894 PM
[ReportManager] Successfully Closed All Drivers. @28-04-2021 21:18:43.0973 P

################################################################################################################################################
Starting Execution:	[60 out of 137] test cases in the current suite
Test Method:		[testPackage01.Test_NewValidationHelper.forceFail]
################################################################################################################################################
[ReportManager] AssertFail FAILED; Expected [null] and Actual [null]. @28-04-2021 21:18:43.0982 P

################################################################################################################################################
Starting Execution:	[61 out of 137] test cases in the current suite
Test Method:		[testPackage01.Test_NewValidationHelper.forceFail2]
################################################################################################################################################
[ReportManager] Custom Message... @28-04-2021 21:18:44.0000 PM
[ReportManager] AssertFail FAILED; Expected [null] and Actual [null]. @28-04-2021 21:18:44.0000 P
[ReportManager] Successfully loaded the following test data file [src/test/resources/TestDataFiles/testSuite01/TestData.xlsx]. @28-04-2021 21:18:44.0976 PM
[ReportManager] Successfully created attachment [Test Data - Excel] @28-04-2021 21:18:44.0977 PM
[ReportManager] File Action [getAbsolutePath] successfully performed. With the following test data [Relative Folder Path: "target/downloadedFiles/"]. @28-04-2021 21:18:44.0981 PM
[ReportManager] Attempting to run remotely on: [Linux-64], [GoogleChrome], [http://localhost:4444/wd/hub], Headless Execution. @28-04-2021 21:18:44.0981 PM
[ReportManager] Successfully Opened [GoogleChrome]. @28-04-2021 21:18:45.0346 P

################################################################################################################################################
Starting Execution:	[62 out of 137] test cases in the current suite
Test Method:		[testPackage01.Test_google.navigateToURLandVerifyGoogleLogoIsDisplayed]
Test Description:	[TC001 - Navigate to URL and Verify Google Logo is Displayed]
################################################################################################################################################
[ReportManager] Target URL: [https://www.google.com/ncr], and after redirection: [https://www.google.com] @28-04-2021 21:18:45.0383 PM
[ReportManager] Initial URL: [data:,] @28-04-2021 21:18:45.0439 PM
[ReportManager] Browser Action [navigateToURL] successfully performed. With the following test data [https://www.google.com/ncr]. @28-04-2021 21:18:46.0466 PM
[ReportManager] Loaded Shared OpenCV @28-04-2021 21:18:46.0695 PM
[ReportManager] AssertElementExists PASSED; Expected [Element Should Exist, locator 'By.xpath: //img[@id='hplogo' or @alt='Google']'] and Actual [Element Exists]. Comparison Type [EQUALS]. Validation Type [POSITIVE]. @28-04-2021 21:18:46.0788 PM
[ReportManager] Successfully created attachment [Screenshot - 1619644726695_navigateToURLandVerifyGoogleLogoIsDisplayed_AssertElementExists_passed] @28-04-2021 21:18:46.0789 P

################################################################################################################################################
Starting Execution:	[63 out of 137] test cases in the current suite
Test Method:		[testPackage01.Test_google.searchForQueryandAssertResultsNumDisplayed]
Test Description:	[TC002 - Search for Query and Assert that the number of results is displayed]
################################################################################################################################################
[ReportManager] Element Action [type] successfully performed. With the following test data [SHAFT_Engine]. @28-04-2021 21:18:47.0503 PM
[ReportManager] Element Action [keyPress] successfully performed. With the following test data [Enter]. @28-04-2021 21:18:48.0804 PM
[ReportManager] Element Action [getText] successfully performed. With the following test data [About 732,000 results (0.71 seconds) ]. @28-04-2021 21:18:48.0888 PM
[ReportManager] Loaded Shared OpenCV @28-04-2021 21:18:49.0077 PM
[ReportManager] AssertElementAttribute PASSED; Expected [Value Should not be '' for the 'Text' attribute, element locator 'By.id: appbar'] and Actual [About 732,000 results (0.71 seconds) ]. Comparison Type [EQUALS]. Validation Type [NEGATIVE]. @28-04-2021 21:18:49.0192 PM
[ReportManager] Successfully created attachment [Screenshot - 1619644729077_searchForQueryandAssertResultsNumDisplayed_AssertElementAttribute_passed] @28-04-2021 21:18:49.0194 P

################################################################################################################################################
Starting Execution:	[64 out of 137] test cases in the current suite
Test Method:		[testPackage01.Test_google.clickNextThrice]
Test Description:	[TC003 - Clicks the next button to make sure that the framework can scroll element into view before clicking it]
################################################################################################################################################
[ReportManager] Element Action [click] successfully performed. With the following test data [Next]. @28-04-2021 21:18:50.0803 P
[ReportManager] Successfully created attachment [Selenium WebDriver Logs - server] @28-04-2021 21:18:51.0086 PM
[ReportManager] Successfully created attachment [Selenium WebDriver Logs - performance] @28-04-2021 21:18:51.0369 PM
[ReportManager] Successfully created attachment [Selenium WebDriver Logs - driver] @28-04-2021 21:18:51.0774 PM
[ReportManager] Browser Action [closeCurrentWindow] successfully performed. @28-04-2021 21:18:51.0836 PM
[ReportManager] Successfully created attachment [Browser Action Test Data - closeCurrentWindow - Actual Value] @28-04-2021 21:18:51.0841 P

################################################################################################################################################
Starting Execution:	[65 out of 137] test cases in the current suite
Test Method:		[testPackage01.Test_testData.f]
################################################################################################################################################
[ReportManager] Successfully loaded the following test data file [src/test/resources/TestDataFiles/testSuite01/TestData.xlsx]. @28-04-2021 21:18:51.0901 PM
[ReportManager] Successfully created attachment [Test Data - Excel] @28-04-2021 21:18:51.0901 PM
[ReportManager] Last Column Number is: [3]. Zero-based. @28-04-2021 21:18:51.0902 P

################################################################################################################################################
Starting Execution:	[66 out of 137] test cases in the current suite
Test Method:		[testPackage01.Test_JsonActions.f]
###############################################################################################################################################

################################################################################################################################################
Starting Execution:	[67 out of 137] test cases in the current suite
Test Method:		[testPackage01.Test_JsonActions.f2]
###############################################################################################################################################

################################################################################################################################################
Starting Execution:	[68 out of 137] test cases in the current suite
Test Method:		[testPackage01.Test_JsonCompareWithSpecialCharacters.specialCharacters]
################################################################################################################################################
[ReportManager] File Action [getAbsolutePath] successfully performed. With the following test data [Relative Folder Path: "src/test/resources/TestJsonFiles/specialCharacters.json"]. @28-04-2021 21:18:52.0058 PM
[ReportManager] File Action [readFromFile] successfully performed. With the following test data [File Path: "/home/runner/work/SHAFT_ENGINE/SHAFT_ENGINE/src/test/resources/TestJsonFiles/specialCharacters.json"]. @28-04-2021 21:18:52.0065 PM
[ReportManager] Successfully created attachment [File Action Actual Result - Command Log] @28-04-2021 21:18:52.0066 PM
[ReportManager] Comparing the provided API response with the file at this path "src/test/resources/TestJsonFiles/specialCharacters.json", comparison type "EQUALS" @28-04-2021 21:18:52.0214 PM
[ReportManager] API Action [compareJSON] successfully performed. With the following test data [src/test/resources/TestJsonFiles/specialCharacters.json]. @28-04-2021 21:18:52.0305 PM
[ReportManager] File Action [getAbsolutePath] successfully performed. With the following test data [Relative Folder Path: "src/test/resources/TestJsonFiles/specialCharacters.json"]. @28-04-2021 21:18:52.0305 PM
[ReportManager] File Action [readFromFile] successfully performed. With the following test data [File Path: "/home/runner/work/SHAFT_ENGINE/SHAFT_ENGINE/src/test/resources/TestJsonFiles/specialCharacters.json"]. @28-04-2021 21:18:52.0306 PM
[ReportManager] VerifyJSONFileContent PASSED; Expected [Response data should match the JSON File in this path 'src/test/resources/TestJsonFiles/specialCharacters.json'] and Actual [TRUE]. Comparison Type [EQUALS]. Validation Type [POSITIVE]. @28-04-2021 21:18:52.0313 PM
[ReportManager] Successfully created attachment [Validation Test Data - Expected JSON Value] @28-04-2021 21:18:52.0314 PM
[ReportManager] Successfully created attachment [Validation Test Data - Actual JSON Value] @28-04-2021 21:18:52.0314 P

################################################################################################################################################
Starting Execution:	[69 out of 137] test cases in the current suite
Test Method:		[testPackage01.Test_JsonCompareWithSpecialCharacters.specialCharacters_assertion]
################################################################################################################################################
[ReportManager] File Action [getAbsolutePath] successfully performed. With the following test data [Relative Folder Path: "src/test/resources/TestJsonFiles/specialCharacters.json"]. @28-04-2021 21:18:52.0325 PM
[ReportManager] File Action [readFromFile] successfully performed. With the following test data [File Path: "/home/runner/work/SHAFT_ENGINE/SHAFT_ENGINE/src/test/resources/TestJsonFiles/specialCharacters.json"]. @28-04-2021 21:18:52.0325 PM
[ReportManager] Successfully created attachment [File Action Actual Result - Command Log] @28-04-2021 21:18:52.0326 PM
[ReportManager] trying out the log message... @28-04-2021 21:18:52.0326 PM
[ReportManager] Comparing the provided API response with the file at this path "src/test/resources/TestJsonFiles/specialCharacters.json", comparison type "CONTAINS" @28-04-2021 21:18:52.0326 PM
[ReportManager] API Action [compareJSON] successfully performed. With the following test data [src/test/resources/TestJsonFiles/specialCharacters.json]. @28-04-2021 21:18:52.0335 PM
[ReportManager] File Action [getAbsolutePath] successfully performed. With the following test data [Relative Folder Path: "src/test/resources/TestJsonFiles/specialCharacters.json"]. @28-04-2021 21:18:52.0335 PM
[ReportManager] File Action [readFromFile] successfully performed. With the following test data [File Path: "/home/runner/work/SHAFT_ENGINE/SHAFT_ENGINE/src/test/resources/TestJsonFiles/specialCharacters.json"]. @28-04-2021 21:18:52.0336 PM
[ReportManager] AssertJSONFileContent PASSED; Expected [Response data should match the JSON File in this path 'src/test/resources/TestJsonFiles/specialCharacters.json'] and Actual [TRUE]. Comparison Type [CONTAINS]. Validation Type [POSITIVE]. @28-04-2021 21:18:52.0341 PM
[ReportManager] Successfully created attachment [Validation Test Data - Expected JSON Value] @28-04-2021 21:18:52.0342 PM
[ReportManager] Successfully created attachment [Validation Test Data - Actual JSON Value] @28-04-2021 21:18:52.0342 P

################################################################################################################################################
Starting Execution:	[70 out of 137] test cases in the current suite
Test Method:		[unitTests.tests_validations_assertions.assertComparativeRelation_greaterThanOrEquals_false_equals_expectedToFail]
################################################################################################################################################
[ReportManager] AssertComparativeRelation FAILED; Expected [1] and Actual [1]. Comparison Type [GREATER_THAN_OR_EQUALS]. Validation Type [NEGATIVE]. @28-04-2021 21:18:52.0353 P

################################################################################################################################################
Starting Execution:	[71 out of 137] test cases in the current suite
Test Method:		[unitTests.tests_validations_assertions.assertComparativeRelation_greaterThanOrEquals_false_equals_expectedToPass]
################################################################################################################################################
[ReportManager] AssertComparativeRelation PASSED; Expected [2] and Actual [1]. Comparison Type [GREATER_THAN_OR_EQUALS]. Validation Type [NEGATIVE]. @28-04-2021 21:18:52.0359 P

################################################################################################################################################
Starting Execution:	[72 out of 137] test cases in the current suite
Test Method:		[unitTests.tests_validations_assertions.assertComparativeRelation_greaterThanOrEquals_false_greaterThan_expectedToFail]
################################################################################################################################################
[ReportManager] AssertComparativeRelation FAILED; Expected [1] and Actual [2]. Comparison Type [GREATER_THAN_OR_EQUALS]. Validation Type [NEGATIVE]. @28-04-2021 21:18:52.0365 P

################################################################################################################################################
Starting Execution:	[73 out of 137] test cases in the current suite
Test Method:		[unitTests.tests_validations_assertions.assertComparativeRelation_greaterThanOrEquals_false_greaterThan_expectedToPass]
################################################################################################################################################
[ReportManager] AssertComparativeRelation PASSED; Expected [2] and Actual [1]. Comparison Type [GREATER_THAN_OR_EQUALS]. Validation Type [NEGATIVE]. @28-04-2021 21:18:52.0373 P

################################################################################################################################################
Starting Execution:	[74 out of 137] test cases in the current suite
Test Method:		[unitTests.tests_validations_assertions.assertComparativeRelation_greaterThanOrEquals_true_equals_expectedToFail]
################################################################################################################################################
[ReportManager] AssertComparativeRelation FAILED; Expected [1] and Actual [0]. Comparison Type [GREATER_THAN_OR_EQUALS]. Validation Type [POSITIVE]. @28-04-2021 21:18:52.0380 P

################################################################################################################################################
Starting Execution:	[75 out of 137] test cases in the current suite
Test Method:		[unitTests.tests_validations_assertions.assertComparativeRelation_greaterThanOrEquals_true_equals_expectedToPass]
################################################################################################################################################
[ReportManager] AssertComparativeRelation PASSED; Expected [1] and Actual [1]. Comparison Type [GREATER_THAN_OR_EQUALS]. Validation Type [POSITIVE]. @28-04-2021 21:18:52.0383 P

################################################################################################################################################
Starting Execution:	[76 out of 137] test cases in the current suite
Test Method:		[unitTests.tests_validations_assertions.assertComparativeRelation_greaterThanOrEquals_true_greaterThan_expectedToFail]
################################################################################################################################################
[ReportManager] AssertComparativeRelation FAILED; Expected [2] and Actual [1]. Comparison Type [GREATER_THAN_OR_EQUALS]. Validation Type [POSITIVE]. @28-04-2021 21:18:52.0386 P

################################################################################################################################################
Starting Execution:	[77 out of 137] test cases in the current suite
Test Method:		[unitTests.tests_validations_assertions.assertComparativeRelation_greaterThanOrEquals_true_greaterThan_expectedToPass]
################################################################################################################################################
[ReportManager] AssertComparativeRelation PASSED; Expected [1] and Actual [2]. Comparison Type [GREATER_THAN_OR_EQUALS]. Validation Type [POSITIVE]. @28-04-2021 21:18:52.0391 P
[ReportManager] File Action [getAbsolutePath] successfully performed. With the following test data [Relative Folder Path: "target/downloadedFiles/"]. @28-04-2021 21:18:52.0393 PM
[ReportManager] Attempting to run remotely on: [Linux-64], [GoogleChrome], [http://localhost:4444/wd/hub], Headless Execution. @28-04-2021 21:18:52.0395 PM
[ReportManager] Successfully Opened [GoogleChrome]. @28-04-2021 21:18:52.0787 PM
[ReportManager] Target URL: [https://www.google.com/ncr], and after redirection: [www.google.com] @28-04-2021 21:18:52.0799 PM
[ReportManager] Initial URL: [data:,] @28-04-2021 21:18:52.0867 PM
[ReportManager] Browser Action [navigateToURL] successfully performed. With the following test data [https://www.google.com/ncr]. @28-04-2021 21:18:53.0842 P

################################################################################################################################################
Starting Execution:	[78 out of 137] test cases in the current suite
Test Method:		[unitTests.tests_validations_assertions.assertElementAttribute_false_caseInsensitiveComparison_expectedToFail]
################################################################################################################################################
[ReportManager] Element Action [type] successfully performed. With the following test data [AUTOMATION]. @28-04-2021 21:18:54.0408 PM
[ReportManager] Element Action [getText] successfully performed. With the following test data [AUTOMATION]. @28-04-2021 21:18:54.0532 PM
[ReportManager] Loaded Shared OpenCV @28-04-2021 21:18:54.0689 PM
[ReportManager] AssertElementAttribute FAILED; Expected [Value Should not be 'AutomaTion' for the 'text' attribute, element locator 'By.name: q'] and Actual [AUTOMATION]. Comparison Type [CASE_INSENSITIVE]. Validation Type [NEGATIVE]. @28-04-2021 21:18:54.0779 PM
[ReportManager] Successfully created attachment [Screenshot - 1619644734689_assertElementAttribute_false_caseInsensitiveComparison_expectedToFail_AssertElementAttribute_failed] @28-04-2021 21:18:54.0780 P
[ReportManager] Successfully created attachment [Selenium WebDriver Logs - server] @28-04-2021 21:18:54.0865 PM
[ReportManager] Successfully created attachment [Selenium WebDriver Logs - performance] @28-04-2021 21:18:54.0965 PM
[ReportManager] Successfully created attachment [Selenium WebDriver Logs - driver] @28-04-2021 21:18:55.0115 PM
[ReportManager] Browser Action [closeCurrentWindow] successfully performed. @28-04-2021 21:18:55.0172 PM
[ReportManager] Successfully created attachment [Browser Action Test Data - closeCurrentWindow - Actual Value] @28-04-2021 21:18:55.0173 P
[ReportManager] File Action [getAbsolutePath] successfully performed. With the following test data [Relative Folder Path: "target/downloadedFiles/"]. @28-04-2021 21:18:55.0175 PM
[ReportManager] Attempting to run remotely on: [Linux-64], [GoogleChrome], [http://localhost:4444/wd/hub], Headless Execution. @28-04-2021 21:18:55.0175 PM
[ReportManager] Successfully Opened [GoogleChrome]. @28-04-2021 21:18:55.0391 PM
[ReportManager] Target URL: [https://www.google.com/ncr], and after redirection: [www.google.com] @28-04-2021 21:18:55.0401 PM
[ReportManager] Initial URL: [data:,] @28-04-2021 21:18:55.0448 PM
[ReportManager] Browser Action [navigateToURL] successfully performed. With the following test data [https://www.google.com/ncr]. @28-04-2021 21:18:56.0348 P

################################################################################################################################################
Starting Execution:	[79 out of 137] test cases in the current suite
Test Method:		[unitTests.tests_validations_assertions.assertElementAttribute_false_caseInsensitiveComparison_expectedToPass]
################################################################################################################################################
[ReportManager] Element Action [type] successfully performed. With the following test data [AUTOMATION]. @28-04-2021 21:18:56.0884 PM
[ReportManager] Element Action [getText] successfully performed. With the following test data [AUTOMATION]. @28-04-2021 21:18:57.0002 PM
[ReportManager] Loaded Shared OpenCV @28-04-2021 21:18:57.0149 PM
[ReportManager] AssertElementAttribute PASSED; Expected [Value Should not be 'AutomaTion123' for the 'text' attribute, element locator 'By.name: q'] and Actual [AUTOMATION]. Comparison Type [CASE_INSENSITIVE]. Validation Type [NEGATIVE]. @28-04-2021 21:18:57.0239 PM
[ReportManager] Successfully created attachment [Screenshot - 1619644737149_assertElementAttribute_false_caseInsensitiveComparison_expectedToPass_AssertElementAttribute_passed] @28-04-2021 21:18:57.0240 P
[ReportManager] Successfully created attachment [Selenium WebDriver Logs - server] @28-04-2021 21:18:57.0343 PM
[ReportManager] Successfully created attachment [Selenium WebDriver Logs - performance] @28-04-2021 21:18:57.0431 PM
[ReportManager] Successfully created attachment [Selenium WebDriver Logs - driver] @28-04-2021 21:18:57.0564 PM
[ReportManager] Browser Action [closeCurrentWindow] successfully performed. @28-04-2021 21:18:57.0623 PM
[ReportManager] Successfully created attachment [Browser Action Test Data - closeCurrentWindow - Actual Value] @28-04-2021 21:18:57.0623 P
[ReportManager] File Action [getAbsolutePath] successfully performed. With the following test data [Relative Folder Path: "target/downloadedFiles/"]. @28-04-2021 21:18:57.0629 PM
[ReportManager] Attempting to run remotely on: [Linux-64], [GoogleChrome], [http://localhost:4444/wd/hub], Headless Execution. @28-04-2021 21:18:57.0630 PM
[ReportManager] Successfully Opened [GoogleChrome]. @28-04-2021 21:18:57.0888 PM
[ReportManager] Target URL: [https://www.google.com/ncr], and after redirection: [www.google.com] @28-04-2021 21:18:57.0900 PM
[ReportManager] Initial URL: [data:,] @28-04-2021 21:18:57.0941 PM
[ReportManager] Browser Action [navigateToURL] successfully performed. With the following test data [https://www.google.com/ncr]. @28-04-2021 21:18:58.0862 P

################################################################################################################################################
Starting Execution:	[80 out of 137] test cases in the current suite
Test Method:		[unitTests.tests_validations_assertions.assertElementAttribute_false_containsComparison_expectedToFail]
################################################################################################################################################
[ReportManager] Element Action [type] successfully performed. With the following test data [Automation123]. @28-04-2021 21:18:59.0446 PM
[ReportManager] Element Action [getText] successfully performed. With the following test data [Automation123]. @28-04-2021 21:18:59.0556 PM
[ReportManager] Loaded Shared OpenCV @28-04-2021 21:18:59.0713 PM
[ReportManager] AssertElementAttribute FAILED; Expected [Value Should not be 'Automation' for the 'text' attribute, element locator 'By.name: q'] and Actual [Automation123]. Comparison Type [CONTAINS]. Validation Type [NEGATIVE]. @28-04-2021 21:18:59.0808 PM
[ReportManager] Successfully created attachment [Screenshot - 1619644739713_assertElementAttribute_false_containsComparison_expectedToFail_AssertElementAttribute_failed] @28-04-2021 21:18:59.0809 P
[ReportManager] Successfully created attachment [Selenium WebDriver Logs - server] @28-04-2021 21:18:59.0907 PM
[ReportManager] Successfully created attachment [Selenium WebDriver Logs - performance] @28-04-2021 21:19:00.0016 PM
[ReportManager] Successfully created attachment [Selenium WebDriver Logs - driver] @28-04-2021 21:19:00.0190 PM
[ReportManager] Browser Action [closeCurrentWindow] successfully performed. @28-04-2021 21:19:00.0247 PM
[ReportManager] Successfully created attachment [Browser Action Test Data - closeCurrentWindow - Actual Value] @28-04-2021 21:19:00.0247 P
[ReportManager] File Action [getAbsolutePath] successfully performed. With the following test data [Relative Folder Path: "target/downloadedFiles/"]. @28-04-2021 21:19:00.0250 PM
[ReportManager] Attempting to run remotely on: [Linux-64], [GoogleChrome], [http://localhost:4444/wd/hub], Headless Execution. @28-04-2021 21:19:00.0251 PM
[ReportManager] Successfully Opened [GoogleChrome]. @28-04-2021 21:19:00.0492 PM
[ReportManager] Target URL: [https://www.google.com/ncr], and after redirection: [www.google.com] @28-04-2021 21:19:00.0503 PM
[ReportManager] Initial URL: [data:,] @28-04-2021 21:19:00.0553 PM
[ReportManager] Browser Action [navigateToURL] successfully performed. With the following test data [https://www.google.com/ncr]. @28-04-2021 21:19:01.0475 P

################################################################################################################################################
Starting Execution:	[81 out of 137] test cases in the current suite
Test Method:		[unitTests.tests_validations_assertions.assertElementAttribute_false_containsComparison_expectedToPass]
################################################################################################################################################
[ReportManager] Element Action [type] successfully performed. With the following test data [Automation123]. @28-04-2021 21:19:02.0068 PM
[ReportManager] Element Action [getText] successfully performed. With the following test data [Automation123]. @28-04-2021 21:19:02.0179 PM
[ReportManager] Loaded Shared OpenCV @28-04-2021 21:19:02.0327 PM
[ReportManager] AssertElementAttribute PASSED; Expected [Value Should not be 'Automation1234' for the 'text' attribute, element locator 'By.name: q'] and Actual [Automation123]. Comparison Type [CONTAINS]. Validation Type [NEGATIVE]. @28-04-2021 21:19:02.0415 PM
[ReportManager] Successfully created attachment [Screenshot - 1619644742327_assertElementAttribute_false_containsComparison_expectedToPass_AssertElementAttribute_passed] @28-04-2021 21:19:02.0416 P
[ReportManager] Successfully created attachment [Selenium WebDriver Logs - server] @28-04-2021 21:19:02.0513 PM
[ReportManager] Successfully created attachment [Selenium WebDriver Logs - performance] @28-04-2021 21:19:02.0613 PM
[ReportManager] Successfully created attachment [Selenium WebDriver Logs - driver] @28-04-2021 21:19:02.0769 PM
[ReportManager] Browser Action [closeCurrentWindow] successfully performed. @28-04-2021 21:19:02.0835 PM
[ReportManager] Successfully created attachment [Browser Action Test Data - closeCurrentWindow - Actual Value] @28-04-2021 21:19:02.0836 P
[ReportManager] File Action [getAbsolutePath] successfully performed. With the following test data [Relative Folder Path: "target/downloadedFiles/"]. @28-04-2021 21:19:02.0842 PM
[ReportManager] Attempting to run remotely on: [Linux-64], [GoogleChrome], [http://localhost:4444/wd/hub], Headless Execution. @28-04-2021 21:19:02.0842 PM
[ReportManager] Successfully Opened [GoogleChrome]. @28-04-2021 21:19:03.0160 PM
[ReportManager] Target URL: [https://www.google.com/ncr], and after redirection: [www.google.com] @28-04-2021 21:19:03.0173 PM
[ReportManager] Initial URL: [data:,] @28-04-2021 21:19:03.0228 PM
[ReportManager] Browser Action [navigateToURL] successfully performed. With the following test data [https://www.google.com/ncr]. @28-04-2021 21:19:04.0184 P

################################################################################################################################################
Starting Execution:	[82 out of 137] test cases in the current suite
Test Method:		[unitTests.tests_validations_assertions.assertElementAttribute_false_literalComparison_expectedToFail]
################################################################################################################################################
[ReportManager] Element Action [type] successfully performed. With the following test data [Automation!@#$%^&*()_+{}[]\';/.,]. @28-04-2021 21:19:05.0408 PM
[ReportManager] Element Action [getText] successfully performed. With the following test data [Automation!@#$%^&*()_+{}[]\';/.,]. @28-04-2021 21:19:05.0541 PM
[ReportManager] Loaded Shared OpenCV @28-04-2021 21:19:05.0718 PM
[ReportManager] AssertElementAttribute PASSED; Expected [Value Should not be 'Automation!@#$%^&*()_+{}[]\\';/.,' for the 'text' attribute, element locator 'By.name: q'] and Actual [Automation!@#$%^&*()_+{}[]\';/.,]. Comparison Type [EQUALS]. Validation Type [NEGATIVE]. @28-04-2021 21:19:05.0801 PM
[ReportManager] Successfully created attachment [Screenshot - 1619644745718_assertElementAttribute_false_literalComparison_expectedToFail_AssertElementAttribute_passed] @28-04-2021 21:19:05.0802 P
[ReportManager] Successfully created attachment [Selenium WebDriver Logs - server] @28-04-2021 21:19:05.0887 PM
[ReportManager] Successfully created attachment [Selenium WebDriver Logs - performance] @28-04-2021 21:19:06.0075 PM
[ReportManager] Successfully created attachment [Selenium WebDriver Logs - driver] @28-04-2021 21:19:06.0267 PM
[ReportManager] Browser Action [closeCurrentWindow] successfully performed. @28-04-2021 21:19:06.0323 PM
[ReportManager] Successfully created attachment [Browser Action Test Data - closeCurrentWindow - Actual Value] @28-04-2021 21:19:06.0324 P
[ReportManager] File Action [getAbsolutePath] successfully performed. With the following test data [Relative Folder Path: "target/downloadedFiles/"]. @28-04-2021 21:19:06.0327 PM
[ReportManager] Attempting to run remotely on: [Linux-64], [GoogleChrome], [http://localhost:4444/wd/hub], Headless Execution. @28-04-2021 21:19:06.0328 PM
[ReportManager] Successfully Opened [GoogleChrome]. @28-04-2021 21:19:06.0573 PM
[ReportManager] Target URL: [https://www.google.com/ncr], and after redirection: [www.google.com] @28-04-2021 21:19:06.0583 PM
[ReportManager] Initial URL: [data:,] @28-04-2021 21:19:06.0624 PM
[ReportManager] Browser Action [navigateToURL] successfully performed. With the following test data [https://www.google.com/ncr]. @28-04-2021 21:19:07.0521 P

################################################################################################################################################
Starting Execution:	[83 out of 137] test cases in the current suite
Test Method:		[unitTests.tests_validations_assertions.assertElementAttribute_false_literalComparison_expectedToPass]
################################################################################################################################################
[ReportManager] Element Action [type] successfully performed. With the following test data [Automation!@#$%^&*()_+{}[]\';/.,]. @28-04-2021 21:19:08.0786 PM
[ReportManager] Element Action [getText] successfully performed. With the following test data [Automation!@#$%^&*()_+{}[]\';/.,]. @28-04-2021 21:19:08.0902 PM
[ReportManager] Loaded Shared OpenCV @28-04-2021 21:19:09.0073 PM
[ReportManager] AssertElementAttribute PASSED; Expected [Value Should not be 'Automation' for the 'text' attribute, element locator 'By.name: q'] and Actual [Automation!@#$%^&*()_+{}[]\';/.,]. Comparison Type [EQUALS]. Validation Type [NEGATIVE]. @28-04-2021 21:19:09.0166 PM
[ReportManager] Successfully created attachment [Screenshot - 1619644749072_assertElementAttribute_false_literalComparison_expectedToPass_AssertElementAttribute_passed] @28-04-2021 21:19:09.0167 P
[ReportManager] Successfully created attachment [Selenium WebDriver Logs - server] @28-04-2021 21:19:09.0257 PM
[ReportManager] Successfully created attachment [Selenium WebDriver Logs - performance] @28-04-2021 21:19:09.0440 PM
[ReportManager] Successfully created attachment [Selenium WebDriver Logs - driver] @28-04-2021 21:19:09.0632 PM
[ReportManager] Browser Action [closeCurrentWindow] successfully performed. @28-04-2021 21:19:09.0689 PM
[ReportManager] Successfully created attachment [Browser Action Test Data - closeCurrentWindow - Actual Value] @28-04-2021 21:19:09.0690 P
[ReportManager] File Action [getAbsolutePath] successfully performed. With the following test data [Relative Folder Path: "target/downloadedFiles/"]. @28-04-2021 21:19:09.0693 PM
[ReportManager] Attempting to run remotely on: [Linux-64], [GoogleChrome], [http://localhost:4444/wd/hub], Headless Execution. @28-04-2021 21:19:09.0694 PM
[ReportManager] Successfully Opened [GoogleChrome]. @28-04-2021 21:19:09.0931 PM
[ReportManager] Target URL: [https://www.google.com/ncr], and after redirection: [www.google.com] @28-04-2021 21:19:09.0941 PM
[ReportManager] Initial URL: [data:,] @28-04-2021 21:19:09.0981 PM
[ReportManager] Browser Action [navigateToURL] successfully performed. With the following test data [https://www.google.com/ncr]. @28-04-2021 21:19:10.0918 P

################################################################################################################################################
Starting Execution:	[84 out of 137] test cases in the current suite
Test Method:		[unitTests.tests_validations_assertions.assertElementAttribute_false_regexComparison_expectedToFail]
################################################################################################################################################
[ReportManager] Element Action [type] successfully performed. With the following test data [Automation123]. @28-04-2021 21:19:11.0554 PM
[ReportManager] Element Action [getText] successfully performed. With the following test data [Automation123]. @28-04-2021 21:19:11.0677 PM
[ReportManager] Loaded Shared OpenCV @28-04-2021 21:19:11.0824 PM
[ReportManager] AssertElementAttribute FAILED; Expected [Value Should not be 'Automation.*' for the 'text' attribute, element locator 'By.name: q'] and Actual [Automation123]. Comparison Type [MATCHES]. Validation Type [NEGATIVE]. @28-04-2021 21:19:11.0910 PM
[ReportManager] Successfully created attachment [Screenshot - 1619644751824_assertElementAttribute_false_regexComparison_expectedToFail_AssertElementAttribute_failed] @28-04-2021 21:19:11.0911 P
[ReportManager] Successfully created attachment [Selenium WebDriver Logs - server] @28-04-2021 21:19:11.0997 PM
[ReportManager] Successfully created attachment [Selenium WebDriver Logs - performance] @28-04-2021 21:19:12.0110 PM
[ReportManager] Successfully created attachment [Selenium WebDriver Logs - driver] @28-04-2021 21:19:12.0258 PM
[ReportManager] Browser Action [closeCurrentWindow] successfully performed. @28-04-2021 21:19:12.0316 PM
[ReportManager] Successfully created attachment [Browser Action Test Data - closeCurrentWindow - Actual Value] @28-04-2021 21:19:12.0317 P
[ReportManager] File Action [getAbsolutePath] successfully performed. With the following test data [Relative Folder Path: "target/downloadedFiles/"]. @28-04-2021 21:19:12.0320 PM
[ReportManager] Attempting to run remotely on: [Linux-64], [GoogleChrome], [http://localhost:4444/wd/hub], Headless Execution. @28-04-2021 21:19:12.0320 PM
[ReportManager] Successfully Opened [GoogleChrome]. @28-04-2021 21:19:12.0633 PM
[ReportManager] Target URL: [https://www.google.com/ncr], and after redirection: [www.google.com] @28-04-2021 21:19:12.0674 PM
[ReportManager] Initial URL: [data:,] @28-04-2021 21:19:12.0724 PM
[ReportManager] Browser Action [navigateToURL] successfully performed. With the following test data [https://www.google.com/ncr]. @28-04-2021 21:19:13.0649 P

################################################################################################################################################
Starting Execution:	[85 out of 137] test cases in the current suite
Test Method:		[unitTests.tests_validations_assertions.assertElementAttribute_false_regexComparison_expectedToPass]
################################################################################################################################################
[ReportManager] Element Action [type] successfully performed. With the following test data [Automation123]. @28-04-2021 21:19:14.0300 PM
[ReportManager] Element Action [getText] successfully performed. With the following test data [Automation123]. @28-04-2021 21:19:14.0418 PM
[ReportManager] Loaded Shared OpenCV @28-04-2021 21:19:14.0561 PM
[ReportManager] AssertElementAttribute PASSED; Expected [Value Should not be 'Automation' for the 'text' attribute, element locator 'By.name: q'] and Actual [Automation123]. Comparison Type [MATCHES]. Validation Type [NEGATIVE]. @28-04-2021 21:19:14.0643 PM
[ReportManager] Successfully created attachment [Screenshot - 1619644754561_assertElementAttribute_false_regexComparison_expectedToPass_AssertElementAttribute_passed] @28-04-2021 21:19:14.0644 P
[ReportManager] Successfully created attachment [Selenium WebDriver Logs - server] @28-04-2021 21:19:14.0735 PM
[ReportManager] Successfully created attachment [Selenium WebDriver Logs - performance] @28-04-2021 21:19:14.0844 PM
[ReportManager] Successfully created attachment [Selenium WebDriver Logs - driver] @28-04-2021 21:19:15.0006 PM
[ReportManager] Browser Action [closeCurrentWindow] successfully performed. @28-04-2021 21:19:15.0062 PM
[ReportManager] Successfully created attachment [Browser Action Test Data - closeCurrentWindow - Actual Value] @28-04-2021 21:19:15.0063 P
[ReportManager] File Action [getAbsolutePath] successfully performed. With the following test data [Relative Folder Path: "target/downloadedFiles/"]. @28-04-2021 21:19:15.0066 PM
[ReportManager] Attempting to run remotely on: [Linux-64], [GoogleChrome], [http://localhost:4444/wd/hub], Headless Execution. @28-04-2021 21:19:15.0067 PM
[ReportManager] Successfully Opened [GoogleChrome]. @28-04-2021 21:19:15.0339 PM
[ReportManager] Target URL: [https://www.google.com/ncr], and after redirection: [www.google.com] @28-04-2021 21:19:15.0349 PM
[ReportManager] Initial URL: [data:,] @28-04-2021 21:19:15.0392 PM
[ReportManager] Browser Action [navigateToURL] successfully performed. With the following test data [https://www.google.com/ncr]. @28-04-2021 21:19:16.0335 P

################################################################################################################################################
Starting Execution:	[86 out of 137] test cases in the current suite
Test Method:		[unitTests.tests_validations_assertions.assertElementAttribute_true_caseInsensitiveComparison_expectedToFail]
################################################################################################################################################
[ReportManager] Element Action [type] successfully performed. With the following test data [AUTOMATION]. @28-04-2021 21:19:16.0885 PM
[ReportManager] Element Action [getText] successfully performed. With the following test data [AUTOMATION]. @28-04-2021 21:19:17.0002 PM
[ReportManager] Loaded Shared OpenCV @28-04-2021 21:19:17.0149 PM
[ReportManager] AssertElementAttribute FAILED; Expected [Value Should be 'AutomaTion123' for the 'text' attribute, element locator 'By.name: q'] and Actual [AUTOMATION]. Comparison Type [CASE_INSENSITIVE]. Validation Type [POSITIVE]. @28-04-2021 21:19:17.0241 PM
[ReportManager] Successfully created attachment [Screenshot - 1619644757149_assertElementAttribute_true_caseInsensitiveComparison_expectedToFail_AssertElementAttribute_failed] @28-04-2021 21:19:17.0242 P
[ReportManager] Successfully created attachment [Selenium WebDriver Logs - server] @28-04-2021 21:19:17.0335 PM
[ReportManager] Successfully created attachment [Selenium WebDriver Logs - performance] @28-04-2021 21:19:17.0423 PM
[ReportManager] Successfully created attachment [Selenium WebDriver Logs - driver] @28-04-2021 21:19:17.0554 PM
[ReportManager] Browser Action [closeCurrentWindow] successfully performed. @28-04-2021 21:19:17.0613 PM
[ReportManager] Successfully created attachment [Browser Action Test Data - closeCurrentWindow - Actual Value] @28-04-2021 21:19:17.0614 P
[ReportManager] File Action [getAbsolutePath] successfully performed. With the following test data [Relative Folder Path: "target/downloadedFiles/"]. @28-04-2021 21:19:17.0617 PM
[ReportManager] Attempting to run remotely on: [Linux-64], [GoogleChrome], [http://localhost:4444/wd/hub], Headless Execution. @28-04-2021 21:19:17.0617 PM
[ReportManager] Successfully Opened [GoogleChrome]. @28-04-2021 21:19:17.0826 PM
[ReportManager] Target URL: [https://www.google.com/ncr], and after redirection: [www.google.com] @28-04-2021 21:19:17.0838 PM
[ReportManager] Initial URL: [data:,] @28-04-2021 21:19:17.0881 PM
[ReportManager] Browser Action [navigateToURL] successfully performed. With the following test data [https://www.google.com/ncr]. @28-04-2021 21:19:18.0798 P

################################################################################################################################################
Starting Execution:	[87 out of 137] test cases in the current suite
Test Method:		[unitTests.tests_validations_assertions.assertElementAttribute_true_caseInsensitiveComparison_expectedToPass]
################################################################################################################################################
[ReportManager] Element Action [type] successfully performed. With the following test data [AUTOMATION]. @28-04-2021 21:19:19.0354 PM
[ReportManager] Element Action [getText] successfully performed. With the following test data [AUTOMATION]. @28-04-2021 21:19:19.0467 PM
[ReportManager] Loaded Shared OpenCV @28-04-2021 21:19:19.0616 PM
[ReportManager] AssertElementAttribute PASSED; Expected [Value Should be 'AutomaTion' for the 'text' attribute, element locator 'By.name: q'] and Actual [AUTOMATION]. Comparison Type [CASE_INSENSITIVE]. Validation Type [POSITIVE]. @28-04-2021 21:19:19.0699 PM
[ReportManager] Successfully created attachment [Screenshot - 1619644759616_assertElementAttribute_true_caseInsensitiveComparison_expectedToPass_AssertElementAttribute_passed] @28-04-2021 21:19:19.0700 P
[ReportManager] Successfully created attachment [Selenium WebDriver Logs - server] @28-04-2021 21:19:19.0792 PM
[ReportManager] Successfully created attachment [Selenium WebDriver Logs - performance] @28-04-2021 21:19:19.0891 PM
[ReportManager] Successfully created attachment [Selenium WebDriver Logs - driver] @28-04-2021 21:19:20.0030 PM
[ReportManager] Browser Action [closeCurrentWindow] successfully performed. @28-04-2021 21:19:20.0088 PM
[ReportManager] Successfully created attachment [Browser Action Test Data - closeCurrentWindow - Actual Value] @28-04-2021 21:19:20.0089 P
[ReportManager] File Action [getAbsolutePath] successfully performed. With the following test data [Relative Folder Path: "target/downloadedFiles/"]. @28-04-2021 21:19:20.0091 PM
[ReportManager] Attempting to run remotely on: [Linux-64], [GoogleChrome], [http://localhost:4444/wd/hub], Headless Execution. @28-04-2021 21:19:20.0091 PM
[ReportManager] Successfully Opened [GoogleChrome]. @28-04-2021 21:19:20.0383 PM
[ReportManager] Target URL: [https://www.google.com/ncr], and after redirection: [www.google.com] @28-04-2021 21:19:20.0405 PM
[ReportManager] Initial URL: [data:,] @28-04-2021 21:19:20.0447 PM
[ReportManager] Browser Action [navigateToURL] successfully performed. With the following test data [https://www.google.com/ncr]. @28-04-2021 21:19:21.0382 P

################################################################################################################################################
Starting Execution:	[88 out of 137] test cases in the current suite
Test Method:		[unitTests.tests_validations_assertions.assertElementAttribute_true_containsComparison_expectedToFail]
################################################################################################################################################
[ReportManager] Element Action [type] successfully performed. With the following test data [Automation123]. @28-04-2021 21:19:21.0970 PM
[ReportManager] Element Action [getText] successfully performed. With the following test data [Automation123]. @28-04-2021 21:19:22.0079 PM
[ReportManager] Loaded Shared OpenCV @28-04-2021 21:19:22.0247 PM
[ReportManager] AssertElementAttribute FAILED; Expected [Value Should be 'Automation1234' for the 'text' attribute, element locator 'By.name: q'] and Actual [Automation123]. Comparison Type [CONTAINS]. Validation Type [POSITIVE]. @28-04-2021 21:19:22.0332 PM
[ReportManager] Successfully created attachment [Screenshot - 1619644762247_assertElementAttribute_true_containsComparison_expectedToFail_AssertElementAttribute_failed] @28-04-2021 21:19:22.0333 P
[ReportManager] Successfully created attachment [Selenium WebDriver Logs - server] @28-04-2021 21:19:22.0422 PM
[ReportManager] Successfully created attachment [Selenium WebDriver Logs - performance] @28-04-2021 21:19:22.0533 PM
[ReportManager] Successfully created attachment [Selenium WebDriver Logs - driver] @28-04-2021 21:19:22.0682 PM
[ReportManager] Browser Action [closeCurrentWindow] successfully performed. @28-04-2021 21:19:22.0739 PM
[ReportManager] Successfully created attachment [Browser Action Test Data - closeCurrentWindow - Actual Value] @28-04-2021 21:19:22.0739 P
[ReportManager] File Action [getAbsolutePath] successfully performed. With the following test data [Relative Folder Path: "target/downloadedFiles/"]. @28-04-2021 21:19:22.0745 PM
[ReportManager] Attempting to run remotely on: [Linux-64], [GoogleChrome], [http://localhost:4444/wd/hub], Headless Execution. @28-04-2021 21:19:22.0745 PM
[ReportManager] Successfully Opened [GoogleChrome]. @28-04-2021 21:19:22.0971 PM
[ReportManager] Target URL: [https://www.google.com/ncr], and after redirection: [www.google.com] @28-04-2021 21:19:22.0987 PM
[ReportManager] Initial URL: [data:,] @28-04-2021 21:19:23.0025 PM
[ReportManager] Browser Action [navigateToURL] successfully performed. With the following test data [https://www.google.com/ncr]. @28-04-2021 21:19:23.0908 P

################################################################################################################################################
Starting Execution:	[89 out of 137] test cases in the current suite
Test Method:		[unitTests.tests_validations_assertions.assertElementAttribute_true_containsComparison_expectedToPass]
################################################################################################################################################
[ReportManager] Element Action [type] successfully performed. With the following test data [Automation123]. @28-04-2021 21:19:24.0500 PM
[ReportManager] Element Action [getText] successfully performed. With the following test data [Automation123]. @28-04-2021 21:19:24.0618 PM
[ReportManager] Loaded Shared OpenCV @28-04-2021 21:19:24.0778 PM
[ReportManager] AssertElementAttribute PASSED; Expected [Value Should be 'Automation' for the 'text' attribute, element locator 'By.name: q'] and Actual [Automation123]. Comparison Type [CONTAINS]. Validation Type [POSITIVE]. @28-04-2021 21:19:24.0867 PM
[ReportManager] Successfully created attachment [Screenshot - 1619644764778_assertElementAttribute_true_containsComparison_expectedToPass_AssertElementAttribute_passed] @28-04-2021 21:19:24.0868 P
[ReportManager] Successfully created attachment [Selenium WebDriver Logs - server] @28-04-2021 21:19:24.0953 PM
[ReportManager] Successfully created attachment [Selenium WebDriver Logs - performance] @28-04-2021 21:19:25.0056 PM
[ReportManager] Successfully created attachment [Selenium WebDriver Logs - driver] @28-04-2021 21:19:25.0198 PM
[ReportManager] Browser Action [closeCurrentWindow] successfully performed. @28-04-2021 21:19:25.0254 PM
[ReportManager] Successfully created attachment [Browser Action Test Data - closeCurrentWindow - Actual Value] @28-04-2021 21:19:25.0255 P
[ReportManager] File Action [getAbsolutePath] successfully performed. With the following test data [Relative Folder Path: "target/downloadedFiles/"]. @28-04-2021 21:19:25.0258 PM
[ReportManager] Attempting to run remotely on: [Linux-64], [GoogleChrome], [http://localhost:4444/wd/hub], Headless Execution. @28-04-2021 21:19:25.0258 PM
[ReportManager] Successfully Opened [GoogleChrome]. @28-04-2021 21:19:25.0466 PM
[ReportManager] Target URL: [https://www.google.com/ncr], and after redirection: [www.google.com] @28-04-2021 21:19:25.0479 PM
[ReportManager] Initial URL: [data:,] @28-04-2021 21:19:25.0563 PM
[ReportManager] Browser Action [navigateToURL] successfully performed. With the following test data [https://www.google.com/ncr]. @28-04-2021 21:19:26.0441 P

################################################################################################################################################
Starting Execution:	[90 out of 137] test cases in the current suite
Test Method:		[unitTests.tests_validations_assertions.assertElementAttribute_true_literalComparison_expectedToFail]
################################################################################################################################################
[ReportManager] Element Action [type] successfully performed. With the following test data [Automation!@#$%^&*()_+{}[]\';/.,]. @28-04-2021 21:19:27.0726 PM
[ReportManager] Element Action [getText] successfully performed. With the following test data [Automation!@#$%^&*()_+{}[]\';/.,]. @28-04-2021 21:19:27.0826 PM
[ReportManager] Loaded Shared OpenCV @28-04-2021 21:19:27.0981 PM
[ReportManager] AssertElementAttribute FAILED; Expected [Value Should be 'Automation' for the 'text' attribute, element locator 'By.name: q'] and Actual [Automation!@#$%^&*()_+{}[]\';/.,]. Comparison Type [EQUALS]. Validation Type [POSITIVE]. @28-04-2021 21:19:28.0064 PM
[ReportManager] Successfully created attachment [Screenshot - 1619644767981_assertElementAttribute_true_literalComparison_expectedToFail_AssertElementAttribute_failed] @28-04-2021 21:19:28.0065 P
[ReportManager] Successfully created attachment [Selenium WebDriver Logs - server] @28-04-2021 21:19:28.0156 PM
[ReportManager] Successfully created attachment [Selenium WebDriver Logs - performance] @28-04-2021 21:19:28.0338 PM
[ReportManager] Successfully created attachment [Selenium WebDriver Logs - driver] @28-04-2021 21:19:28.0528 PM
[ReportManager] Browser Action [closeCurrentWindow] successfully performed. @28-04-2021 21:19:28.0584 PM
[ReportManager] Successfully created attachment [Browser Action Test Data - closeCurrentWindow - Actual Value] @28-04-2021 21:19:28.0585 P
[ReportManager] File Action [getAbsolutePath] successfully performed. With the following test data [Relative Folder Path: "target/downloadedFiles/"]. @28-04-2021 21:19:28.0589 PM
[ReportManager] Attempting to run remotely on: [Linux-64], [GoogleChrome], [http://localhost:4444/wd/hub], Headless Execution. @28-04-2021 21:19:28.0589 PM
[ReportManager] Successfully Opened [GoogleChrome]. @28-04-2021 21:19:28.0840 PM
[ReportManager] Target URL: [https://www.google.com/ncr], and after redirection: [www.google.com] @28-04-2021 21:19:28.0850 PM
[ReportManager] Initial URL: [data:,] @28-04-2021 21:19:28.0888 PM
[ReportManager] Browser Action [navigateToURL] successfully performed. With the following test data [https://www.google.com/ncr]. @28-04-2021 21:19:29.0868 P

################################################################################################################################################
Starting Execution:	[91 out of 137] test cases in the current suite
Test Method:		[unitTests.tests_validations_assertions.assertElementAttribute_true_literalComparison_expectedToPass]
################################################################################################################################################
[ReportManager] Element Action [type] successfully performed. With the following test data [Automation!@#$%^&*()_+{}[]\';/.,]. @28-04-2021 21:19:31.0105 PM
[ReportManager] Element Action [getText] successfully performed. With the following test data [Automation!@#$%^&*()_+{}[]\';/.,]. @28-04-2021 21:19:31.0209 PM
[ReportManager] Loaded Shared OpenCV @28-04-2021 21:19:31.0369 PM
[ReportManager] AssertElementAttribute PASSED; Expected [Value Should be 'Automation!@#$%^&*()_+{}[]\';/.,' for the 'text' attribute, element locator 'By.name: q'] and Actual [Automation!@#$%^&*()_+{}[]\';/.,]. Comparison Type [EQUALS]. Validation Type [POSITIVE]. @28-04-2021 21:19:31.0462 PM
[ReportManager] Successfully created attachment [Screenshot - 1619644771368_assertElementAttribute_true_literalComparison_expectedToPass_AssertElementAttribute_passed] @28-04-2021 21:19:31.0463 P
[ReportManager] Successfully created attachment [Selenium WebDriver Logs - server] @28-04-2021 21:19:31.0561 PM
[ReportManager] Successfully created attachment [Selenium WebDriver Logs - performance] @28-04-2021 21:19:31.0743 PM
[ReportManager] Successfully created attachment [Selenium WebDriver Logs - driver] @28-04-2021 21:19:31.0940 PM
[ReportManager] Browser Action [closeCurrentWindow] successfully performed. @28-04-2021 21:19:31.0999 PM
[ReportManager] Successfully created attachment [Browser Action Test Data - closeCurrentWindow - Actual Value] @28-04-2021 21:19:32.0000 P
[ReportManager] File Action [getAbsolutePath] successfully performed. With the following test data [Relative Folder Path: "target/downloadedFiles/"]. @28-04-2021 21:19:32.0003 PM
[ReportManager] Attempting to run remotely on: [Linux-64], [GoogleChrome], [http://localhost:4444/wd/hub], Headless Execution. @28-04-2021 21:19:32.0003 PM
[ReportManager] Successfully Opened [GoogleChrome]. @28-04-2021 21:19:32.0276 PM
[ReportManager] Target URL: [https://www.google.com/ncr], and after redirection: [www.google.com] @28-04-2021 21:19:32.0286 PM
[ReportManager] Initial URL: [data:,] @28-04-2021 21:19:32.0337 PM
[ReportManager] Browser Action [navigateToURL] successfully performed. With the following test data [https://www.google.com/ncr]. @28-04-2021 21:19:33.0286 P

################################################################################################################################################
Starting Execution:	[92 out of 137] test cases in the current suite
Test Method:		[unitTests.tests_validations_assertions.assertElementAttribute_true_regexComparison_expectedToFail]
################################################################################################################################################
[ReportManager] Element Action [type] successfully performed. With the following test data [Automation123]. @28-04-2021 21:19:33.0941 PM
[ReportManager] Element Action [getText] successfully performed. With the following test data [Automation123]. @28-04-2021 21:19:34.0066 PM
[ReportManager] Loaded Shared OpenCV @28-04-2021 21:19:34.0231 PM
[ReportManager] AssertElementAttribute FAILED; Expected [Value Should be 'Automation' for the 'text' attribute, element locator 'By.name: q'] and Actual [Automation123]. Comparison Type [MATCHES]. Validation Type [POSITIVE]. @28-04-2021 21:19:34.0312 PM
[ReportManager] Successfully created attachment [Screenshot - 1619644774231_assertElementAttribute_true_regexComparison_expectedToFail_AssertElementAttribute_failed] @28-04-2021 21:19:34.0313 P
[ReportManager] Successfully created attachment [Selenium WebDriver Logs - server] @28-04-2021 21:19:34.0400 PM
[ReportManager] Successfully created attachment [Selenium WebDriver Logs - performance] @28-04-2021 21:19:34.0505 PM
[ReportManager] Successfully created attachment [Selenium WebDriver Logs - driver] @28-04-2021 21:19:34.0648 PM
[ReportManager] Browser Action [closeCurrentWindow] successfully performed. @28-04-2021 21:19:34.0711 PM
[ReportManager] Successfully created attachment [Browser Action Test Data - closeCurrentWindow - Actual Value] @28-04-2021 21:19:34.0713 P
[ReportManager] File Action [getAbsolutePath] successfully performed. With the following test data [Relative Folder Path: "target/downloadedFiles/"]. @28-04-2021 21:19:34.0715 PM
[ReportManager] Attempting to run remotely on: [Linux-64], [GoogleChrome], [http://localhost:4444/wd/hub], Headless Execution. @28-04-2021 21:19:34.0715 PM
[ReportManager] Successfully Opened [GoogleChrome]. @28-04-2021 21:19:34.0946 PM
[ReportManager] Target URL: [https://www.google.com/ncr], and after redirection: [www.google.com] @28-04-2021 21:19:34.0955 PM
[ReportManager] Initial URL: [data:,] @28-04-2021 21:19:34.0998 PM
[ReportManager] Browser Action [navigateToURL] successfully performed. With the following test data [https://www.google.com/ncr]. @28-04-2021 21:19:35.0905 P

################################################################################################################################################
Starting Execution:	[93 out of 137] test cases in the current suite
Test Method:		[unitTests.tests_validations_assertions.assertElementAttribute_true_regexComparison_expectedToPass]
################################################################################################################################################
[ReportManager] Element Action [type] successfully performed. With the following test data [Automation123]. @28-04-2021 21:19:36.0464 PM
[ReportManager] Element Action [getText] successfully performed. With the following test data [Automation123]. @28-04-2021 21:19:36.0560 PM
[ReportManager] Loaded Shared OpenCV @28-04-2021 21:19:36.0785 PM
[ReportManager] AssertElementAttribute PASSED; Expected [Value Should be 'Automation.*' for the 'text' attribute, element locator 'By.name: q'] and Actual [Automation123]. Comparison Type [MATCHES]. Validation Type [POSITIVE]. @28-04-2021 21:19:36.0872 PM
[ReportManager] Successfully created attachment [Screenshot - 1619644776785_assertElementAttribute_true_regexComparison_expectedToPass_AssertElementAttribute_passed] @28-04-2021 21:19:36.0873 P
[ReportManager] Successfully created attachment [Selenium WebDriver Logs - server] @28-04-2021 21:19:36.0993 PM
[ReportManager] Successfully created attachment [Selenium WebDriver Logs - performance] @28-04-2021 21:19:37.0130 PM
[ReportManager] Successfully created attachment [Selenium WebDriver Logs - driver] @28-04-2021 21:19:37.0277 PM
[ReportManager] Browser Action [closeCurrentWindow] successfully performed. @28-04-2021 21:19:37.0333 PM
[ReportManager] Successfully created attachment [Browser Action Test Data - closeCurrentWindow - Actual Value] @28-04-2021 21:19:37.0333 P
[ReportManager] File Action [getAbsolutePath] successfully performed. With the following test data [Relative Folder Path: "target/downloadedFiles/"]. @28-04-2021 21:19:37.0335 PM
[ReportManager] Attempting to run remotely on: [Linux-64], [GoogleChrome], [http://localhost:4444/wd/hub], Headless Execution. @28-04-2021 21:19:37.0336 PM
[ReportManager] Successfully Opened [GoogleChrome]. @28-04-2021 21:19:37.0589 PM
[ReportManager] Target URL: [https://www.google.com/ncr], and after redirection: [www.google.com] @28-04-2021 21:19:37.0599 PM
[ReportManager] Initial URL: [data:,] @28-04-2021 21:19:37.0642 PM
[ReportManager] Browser Action [navigateToURL] successfully performed. With the following test data [https://www.google.com/ncr]. @28-04-2021 21:19:38.0536 P

################################################################################################################################################
Starting Execution:	[94 out of 137] test cases in the current suite
Test Method:		[unitTests.tests_validations_assertions.assertElementAttribute_type_true_literalComparison_expectedToPass]
################################################################################################################################################
[ReportManager] Element Action [type] successfully performed. With the following test data [Automation!@#$%^&*()_+{}[]\';/.,]. @28-04-2021 21:19:39.0756 PM
[ReportManager] Element Action [getText] successfully performed. With the following test data [Automation!@#$%^&*()_+{}[]\';/.,]. @28-04-2021 21:19:39.0890 PM
[ReportManager] Loaded Shared OpenCV @28-04-2021 21:19:40.0066 PM
[ReportManager] AssertElementAttribute PASSED; Expected [Value Should be 'Automation!@#$%^&*()_+{}[]\';/.,' for the 'text' attribute, element locator 'By.name: q'] and Actual [Automation!@#$%^&*()_+{}[]\';/.,]. Comparison Type [EQUALS]. Validation Type [POSITIVE]. @28-04-2021 21:19:40.0151 PM
[ReportManager] Successfully created attachment [Screenshot - 1619644780066_assertElementAttribute_type_true_literalComparison_expectedToPass_AssertElementAttribute_passed] @28-04-2021 21:19:40.0152 P
[ReportManager] Successfully created attachment [Selenium WebDriver Logs - server] @28-04-2021 21:19:40.0233 PM
[ReportManager] Successfully created attachment [Selenium WebDriver Logs - performance] @28-04-2021 21:19:40.0412 PM
[ReportManager] Successfully created attachment [Selenium WebDriver Logs - driver] @28-04-2021 21:19:40.0598 PM
[ReportManager] Browser Action [closeCurrentWindow] successfully performed. @28-04-2021 21:19:40.0657 PM
[ReportManager] Successfully created attachment [Browser Action Test Data - closeCurrentWindow - Actual Value] @28-04-2021 21:19:40.0658 P
[ReportManager] File Action [getAbsolutePath] successfully performed. With the following test data [Relative Folder Path: "target/downloadedFiles/"]. @28-04-2021 21:19:40.0661 PM
[ReportManager] Attempting to run remotely on: [Linux-64], [GoogleChrome], [http://localhost:4444/wd/hub], Headless Execution. @28-04-2021 21:19:40.0661 PM
[ReportManager] Successfully Opened [GoogleChrome]. @28-04-2021 21:19:40.0856 PM
[ReportManager] Target URL: [https://www.google.com/ncr], and after redirection: [www.google.com] @28-04-2021 21:19:40.0868 PM
[ReportManager] Initial URL: [data:,] @28-04-2021 21:19:40.0908 PM
[ReportManager] Browser Action [navigateToURL] successfully performed. With the following test data [https://www.google.com/ncr]. @28-04-2021 21:19:41.0776 P

################################################################################################################################################
Starting Execution:	[95 out of 137] test cases in the current suite
Test Method:		[unitTests.tests_validations_assertions.assertElementExists_false_expectedToFail]
################################################################################################################################################
[ReportManager] AssertElementExists PASSED; Expected [Element Should not Exist, locator 'By.id: hplogo'] and Actual [Element Doesn't Exists]. Comparison Type [EQUALS]. Validation Type [NEGATIVE]. @28-04-2021 21:19:52.0151 PM
[ReportManager] Successfully created attachment [Screenshot - 1619644792078_assertElementExists_false_expectedToFail_AssertElementExists_passed] @28-04-2021 21:19:52.0151 P
[ReportManager] Successfully created attachment [Selenium WebDriver Logs - server] @28-04-2021 21:19:52.0235 PM
[ReportManager] Successfully created attachment [Selenium WebDriver Logs - performance] @28-04-2021 21:19:52.0273 PM
[ReportManager] Successfully created attachment [Selenium WebDriver Logs - driver] @28-04-2021 21:19:52.0357 PM
[ReportManager] Browser Action [closeCurrentWindow] successfully performed. @28-04-2021 21:19:52.0413 PM
[ReportManager] Successfully created attachment [Browser Action Test Data - closeCurrentWindow - Actual Value] @28-04-2021 21:19:52.0414 P
[ReportManager] File Action [getAbsolutePath] successfully performed. With the following test data [Relative Folder Path: "target/downloadedFiles/"]. @28-04-2021 21:19:52.0417 PM
[ReportManager] Attempting to run remotely on: [Linux-64], [GoogleChrome], [http://localhost:4444/wd/hub], Headless Execution. @28-04-2021 21:19:52.0417 PM
[ReportManager] Successfully Opened [GoogleChrome]. @28-04-2021 21:19:52.0663 PM
[ReportManager] Target URL: [https://www.google.com/ncr], and after redirection: [www.google.com] @28-04-2021 21:19:52.0678 PM
[ReportManager] Initial URL: [data:,] @28-04-2021 21:19:52.0729 PM
[ReportManager] Browser Action [navigateToURL] successfully performed. With the following test data [https://www.google.com/ncr]. @28-04-2021 21:19:53.0665 P

################################################################################################################################################
Starting Execution:	[96 out of 137] test cases in the current suite
Test Method:		[unitTests.tests_validations_assertions.assertElementExists_false_expectedToPass]
################################################################################################################################################
[ReportManager] AssertElementExists PASSED; Expected [Element Should not Exist, locator 'By.id: fakeElement'] and Actual [Element Doesn't Exists]. Comparison Type [EQUALS]. Validation Type [NEGATIVE]. @28-04-2021 21:20:04.0045 PM
[ReportManager] Successfully created attachment [Screenshot - 1619644803979_assertElementExists_false_expectedToPass_AssertElementExists_passed] @28-04-2021 21:20:04.0046 P
[ReportManager] Successfully created attachment [Selenium WebDriver Logs - server] @28-04-2021 21:20:04.0138 PM
[ReportManager] Successfully created attachment [Selenium WebDriver Logs - performance] @28-04-2021 21:20:04.0181 PM
[ReportManager] Successfully created attachment [Selenium WebDriver Logs - driver] @28-04-2021 21:20:04.0272 PM
[ReportManager] Browser Action [closeCurrentWindow] successfully performed. @28-04-2021 21:20:04.0332 PM
[ReportManager] Successfully created attachment [Browser Action Test Data - closeCurrentWindow - Actual Value] @28-04-2021 21:20:04.0333 P
[ReportManager] File Action [getAbsolutePath] successfully performed. With the following test data [Relative Folder Path: "target/downloadedFiles/"]. @28-04-2021 21:20:04.0335 PM
[ReportManager] Attempting to run remotely on: [Linux-64], [GoogleChrome], [http://localhost:4444/wd/hub], Headless Execution. @28-04-2021 21:20:04.0335 PM
[ReportManager] Successfully Opened [GoogleChrome]. @28-04-2021 21:20:04.0544 PM
[ReportManager] Target URL: [https://www.google.com/ncr], and after redirection: [www.google.com] @28-04-2021 21:20:04.0555 PM
[ReportManager] Initial URL: [data:,] @28-04-2021 21:20:04.0596 PM
[ReportManager] Browser Action [navigateToURL] successfully performed. With the following test data [https://www.google.com/ncr]. @28-04-2021 21:20:05.0489 P

################################################################################################################################################
Starting Execution:	[97 out of 137] test cases in the current suite
Test Method:		[unitTests.tests_validations_assertions.assertElementExists_false_multipleElementsFound_expectedToFail]
################################################################################################################################################
[ReportManager] AssertElementExists FAILED; Expected [Element Should not Exist, locator 'By.xpath: //div'] and Actual [Element Exists but is not unique]. Comparison Type [EQUALS]. Validation Type [NEGATIVE]. @28-04-2021 21:20:05.0742 PM
[ReportManager] Successfully created attachment [Screenshot - 1619644805675_assertElementExists_false_multipleElementsFound_expectedToFail_AssertElementExists_failed] @28-04-2021 21:20:05.0743 P
[ReportManager] Successfully created attachment [Selenium WebDriver Logs - server] @28-04-2021 21:20:05.0824 PM
[ReportManager] Successfully created attachment [Selenium WebDriver Logs - performance] @28-04-2021 21:20:05.0863 PM
[ReportManager] Successfully created attachment [Selenium WebDriver Logs - driver] @28-04-2021 21:20:05.0946 PM
[ReportManager] Browser Action [closeCurrentWindow] successfully performed. @28-04-2021 21:20:06.0002 PM
[ReportManager] Successfully created attachment [Browser Action Test Data - closeCurrentWindow - Actual Value] @28-04-2021 21:20:06.0003 P
[ReportManager] File Action [getAbsolutePath] successfully performed. With the following test data [Relative Folder Path: "target/downloadedFiles/"]. @28-04-2021 21:20:06.0009 PM
[ReportManager] Attempting to run remotely on: [Linux-64], [GoogleChrome], [http://localhost:4444/wd/hub], Headless Execution. @28-04-2021 21:20:06.0009 PM
[ReportManager] Successfully Opened [GoogleChrome]. @28-04-2021 21:20:06.0252 PM
[ReportManager] Target URL: [https://www.google.com/ncr], and after redirection: [www.google.com] @28-04-2021 21:20:06.0261 PM
[ReportManager] Initial URL: [data:,] @28-04-2021 21:20:06.0306 PM
[ReportManager] Browser Action [navigateToURL] successfully performed. With the following test data [https://www.google.com/ncr]. @28-04-2021 21:20:07.0204 P

################################################################################################################################################
Starting Execution:	[98 out of 137] test cases in the current suite
Test Method:		[unitTests.tests_validations_assertions.assertElementExists_true_expectedToFail]
################################################################################################################################################
[ReportManager] AssertElementExists FAILED; Expected [Element Should Exist, locator 'By.id: fakeElement'] and Actual [Element Doesn't Exists]. Comparison Type [EQUALS]. Validation Type [POSITIVE]. @28-04-2021 21:20:37.0886 PM
[ReportManager] Successfully created attachment [Screenshot - 1619644837817_assertElementExists_true_expectedToFail_AssertElementExists_failed] @28-04-2021 21:20:37.0887 P
[ReportManager] Successfully created attachment [Selenium WebDriver Logs - server] @28-04-2021 21:20:37.0978 PM
[ReportManager] Successfully created attachment [Selenium WebDriver Logs - performance] @28-04-2021 21:20:38.0016 PM
[ReportManager] Successfully created attachment [Selenium WebDriver Logs - driver] @28-04-2021 21:20:38.0117 PM
[ReportManager] Browser Action [closeCurrentWindow] successfully performed. @28-04-2021 21:20:38.0173 PM
[ReportManager] Successfully created attachment [Browser Action Test Data - closeCurrentWindow - Actual Value] @28-04-2021 21:20:38.0174 P
[ReportManager] File Action [getAbsolutePath] successfully performed. With the following test data [Relative Folder Path: "target/downloadedFiles/"]. @28-04-2021 21:20:38.0176 PM
[ReportManager] Attempting to run remotely on: [Linux-64], [GoogleChrome], [http://localhost:4444/wd/hub], Headless Execution. @28-04-2021 21:20:38.0176 PM
[ReportManager] Successfully Opened [GoogleChrome]. @28-04-2021 21:20:38.0428 PM
[ReportManager] Target URL: [https://www.google.com/ncr], and after redirection: [www.google.com] @28-04-2021 21:20:38.0439 PM
[ReportManager] Initial URL: [data:,] @28-04-2021 21:20:38.0482 PM
[ReportManager] Browser Action [navigateToURL] successfully performed. With the following test data [https://www.google.com/ncr]. @28-04-2021 21:20:39.0475 P

################################################################################################################################################
Starting Execution:	[99 out of 137] test cases in the current suite
Test Method:		[unitTests.tests_validations_assertions.assertElementExists_true_expectedToPass]
################################################################################################################################################
[ReportManager] Loaded Shared OpenCV @28-04-2021 21:20:39.0684 PM
[ReportManager] AssertElementExists PASSED; Expected [Element Should Exist, locator 'By.xpath: //img[@id='hplogo' or @alt='Google']'] and Actual [Element Exists]. Comparison Type [EQUALS]. Validation Type [POSITIVE]. @28-04-2021 21:20:39.0762 PM
[ReportManager] Successfully created attachment [Screenshot - 1619644839684_assertElementExists_true_expectedToPass_AssertElementExists_passed] @28-04-2021 21:20:39.0763 P
[ReportManager] Successfully created attachment [Selenium WebDriver Logs - server] @28-04-2021 21:20:39.0849 PM
[ReportManager] Successfully created attachment [Selenium WebDriver Logs - performance] @28-04-2021 21:20:39.0885 PM
[ReportManager] Successfully created attachment [Selenium WebDriver Logs - driver] @28-04-2021 21:20:39.0966 PM
[ReportManager] Browser Action [closeCurrentWindow] successfully performed. @28-04-2021 21:20:40.0028 PM
[ReportManager] Successfully created attachment [Browser Action Test Data - closeCurrentWindow - Actual Value] @28-04-2021 21:20:40.0028 P
[ReportManager] File Action [getAbsolutePath] successfully performed. With the following test data [Relative Folder Path: "target/downloadedFiles/"]. @28-04-2021 21:20:40.0031 PM
[ReportManager] Attempting to run remotely on: [Linux-64], [GoogleChrome], [http://localhost:4444/wd/hub], Headless Execution. @28-04-2021 21:20:40.0031 PM
[ReportManager] Successfully Opened [GoogleChrome]. @28-04-2021 21:20:40.0254 PM
[ReportManager] Target URL: [https://www.google.com/ncr], and after redirection: [www.google.com] @28-04-2021 21:20:40.0266 PM
[ReportManager] Initial URL: [data:,] @28-04-2021 21:20:40.0309 PM
[ReportManager] Browser Action [navigateToURL] successfully performed. With the following test data [https://www.google.com/ncr]. @28-04-2021 21:20:41.0221 P

################################################################################################################################################
Starting Execution:	[100 out of 137] test cases in the current suite
Test Method:		[unitTests.tests_validations_assertions.assertElementExists_true_multipleElementsFound_expectedToFail]
################################################################################################################################################
[ReportManager] AssertElementExists FAILED; Expected [Element Should Exist, locator 'By.xpath: //div'] and Actual [Element Exists but is not unique]. Comparison Type [EQUALS]. Validation Type [POSITIVE]. @28-04-2021 21:20:41.0507 PM
[ReportManager] Successfully created attachment [Screenshot - 1619644841443_assertElementExists_true_multipleElementsFound_expectedToFail_AssertElementExists_failed] @28-04-2021 21:20:41.0508 P
[ReportManager] Successfully created attachment [Selenium WebDriver Logs - server] @28-04-2021 21:20:41.0603 PM
[ReportManager] Successfully created attachment [Selenium WebDriver Logs - performance] @28-04-2021 21:20:41.0643 PM
[ReportManager] Successfully created attachment [Selenium WebDriver Logs - driver] @28-04-2021 21:20:41.0730 PM
[ReportManager] Browser Action [closeCurrentWindow] successfully performed. @28-04-2021 21:20:41.0789 PM
[ReportManager] Successfully created attachment [Browser Action Test Data - closeCurrentWindow - Actual Value] @28-04-2021 21:20:41.0790 P

################################################################################################################################################
Starting Execution:	[101 out of 137] test cases in the current suite
Test Method:		[unitTests.tests_validations_assertions.assertEquals_false_expectedToFail]
################################################################################################################################################
[ReportManager] AssertEquals FAILED; Expected [1] and Actual [1]. Comparison Type [EQUALS]. Validation Type [NEGATIVE]. @28-04-2021 21:20:41.0797 P

################################################################################################################################################
Starting Execution:	[102 out of 137] test cases in the current suite
Test Method:		[unitTests.tests_validations_assertions.assertEquals_false_expectedToPass]
################################################################################################################################################
[ReportManager] AssertEquals PASSED; Expected [1] and Actual [2]. Comparison Type [EQUALS]. Validation Type [NEGATIVE]. @28-04-2021 21:20:41.0801 P

################################################################################################################################################
Starting Execution:	[103 out of 137] test cases in the current suite
Test Method:		[unitTests.tests_validations_assertions.assertEquals_longCharacters]
################################################################################################################################################
[ReportManager] VerifyEquals PASSED; Expected and Actual values are attached. Comparison Type [EQUALS]. Validation Type [POSITIVE]. @28-04-2021 21:20:41.0806 PM
[ReportManager] Successfully created attachment [Validation Test Data - Expected Value] @28-04-2021 21:20:41.0806 PM
[ReportManager] Successfully created attachment [Validation Test Data - Actual Value] @28-04-2021 21:20:41.0807 PM
[ReportManager] AssertEquals PASSED; Expected and Actual values are attached. Comparison Type [EQUALS]. Validation Type [POSITIVE]. @28-04-2021 21:20:41.0807 PM
[ReportManager] Successfully created attachment [Validation Test Data - Expected Value] @28-04-2021 21:20:41.0807 PM
[ReportManager] Successfully created attachment [Validation Test Data - Actual Value] @28-04-2021 21:20:41.0807 P

################################################################################################################################################
Starting Execution:	[104 out of 137] test cases in the current suite
Test Method:		[unitTests.tests_validations_assertions.assertEquals_longCharacters_Discreet]
################################################################################################################################################
[ReportManager] AssertEquals PASSED; Expected [1LH5pROcDBjjQk0t0mCr0lXuzQu9lcGj28kY8R1H81X67eVAQJgWQhILiRWVPUgZ6uCtK5cnBkF55Jr9vYngjGO1Iyf0Mktv6lruDlL9T8MAUPcUZJGHZtji6nIeadujDSNmWMj5d6C8zlFqw0CRqBU0hO5adIasHgBSNoLotAjce3NGXoDwAlp3rYreeV16VIyZXROQY] and Actual [1LH5pROcDBjjQk0t0mCr0lXuzQu9lcGj28kY8R1H81X67eVAQJgWQhILiRWVPUgZ6uCtK5cnBkF55Jr9vYngjGO1Iyf0Mktv6lruDlL9T8MAUPcUZJGHZtji6nIeadujDSNmWMj5d6C8zlFqw0CRqBU0hO5adIasHgBSNoLotAjce3NGXoDwAlp3rYreeV16VIyZXROQY]. Comparison Type [EQUALS]. Validation Type [POSITIVE]. @28-04-2021 21:20:41.0810 P

################################################################################################################################################
Starting Execution:	[105 out of 137] test cases in the current suite
Test Method:		[unitTests.tests_validations_assertions.assertEquals_true_expectedToFail]
################################################################################################################################################
[ReportManager] AssertEquals FAILED; Expected [1] and Actual [2]. Comparison Type [EQUALS]. Validation Type [POSITIVE]. @28-04-2021 21:20:41.0813 P

################################################################################################################################################
Starting Execution:	[106 out of 137] test cases in the current suite
Test Method:		[unitTests.tests_validations_assertions.assertEquals_true_expectedToPass]
Test Description:	[Assert that assertEquals works as expected when the two values are equal.]
################################################################################################################################################
[ReportManager] VerifyEquals PASSED; Expected [1] and Actual [1]. Comparison Type [EQUALS]. Validation Type [POSITIVE]. @28-04-2021 21:20:41.0815 PM
[ReportManager] AssertEquals PASSED; Expected [1] and Actual [1]. Comparison Type [EQUALS]. Validation Type [POSITIVE]. @28-04-2021 21:20:41.0815 P

################################################################################################################################################
Starting Execution:	[107 out of 137] test cases in the current suite
Test Method:		[unitTests.tests_validations_assertions.assertEquals_true_expectedToPass__]
################################################################################################################################################
[ReportManager] AssertEquals PASSED; Expected [1] and Actual [1]. Comparison Type [EQUALS]. Validation Type [POSITIVE]. @28-04-2021 21:20:41.0817 P

################################################################################################################################################
Starting Execution:	[108 out of 137] test cases in the current suite
Test Method:		[unitTests.tests_validations_assertions.assertFileExists_false_expectedToFail]
################################################################################################################################################
[ReportManager] File Action [doesFileExist] successfully performed. With the following test data [File Path: "src/main/java/com/shaft/gui/element/ElementActions.java"]. @28-04-2021 21:20:41.0822 PM
[ReportManager] AssertFileExists FAILED; Expected [File 'src/main/java/com/shaft/gui/element/ElementActions.java' should not exist, after up to '1' retries] and Actual [File exists]. Validation Type [NEGATIVE]. @28-04-2021 21:20:41.0822 P

################################################################################################################################################
Starting Execution:	[109 out of 137] test cases in the current suite
Test Method:		[unitTests.tests_validations_assertions.assertFileExists_false_expectedToPass]
################################################################################################################################################
[ReportManager] File Action [doesFileExist] successfully performed. With the following test data [File Path: "src/main/java/com/shaft/gui/element/ElementActions.java_fail"]. @28-04-2021 21:20:42.0325 PM
[ReportManager] AssertFileExists PASSED; Expected [File 'src/main/java/com/shaft/gui/element/ElementActions.java_fail' should not exist, after up to '1' retries] and Actual [File does not exist]. Validation Type [NEGATIVE]. @28-04-2021 21:20:42.0325 P

################################################################################################################################################
Starting Execution:	[110 out of 137] test cases in the current suite
Test Method:		[unitTests.tests_validations_assertions.assertFileExists_true_expectedToFail]
################################################################################################################################################
[ReportManager] File Action [doesFileExist] successfully performed. With the following test data [File Path: "src/main/java/com/shaft/gui/element/ElementActions.java_fail"]. @28-04-2021 21:20:42.0833 PM
[ReportManager] AssertFileExists FAILED; Expected [File 'src/main/java/com/shaft/gui/element/ElementActions.java_fail' should exist, after up to '1' retries] and Actual [File does not exist]. Validation Type [POSITIVE]. @28-04-2021 21:20:42.0833 P

################################################################################################################################################
Starting Execution:	[111 out of 137] test cases in the current suite
Test Method:		[unitTests.tests_validations_assertions.assertFileExists_true_expectedToPass]
################################################################################################################################################
[ReportManager] File Action [doesFileExist] successfully performed. With the following test data [File Path: "src/main/java/com/shaft/gui/element/ElementActions.java"]. @28-04-2021 21:20:42.0839 PM
[ReportManager] AssertFileExists PASSED; Expected [File 'src/main/java/com/shaft/gui/element/ElementActions.java' should exist, after up to '1' retries] and Actual [File exists]. Validation Type [POSITIVE]. @28-04-2021 21:20:42.0839 P

################################################################################################################################################
Starting Execution:	[112 out of 137] test cases in the current suite
Test Method:		[unitTests.tests_validations_assertions.assertNull_false_expectedToFail]
################################################################################################################################################
[ReportManager] AssertNull FAILED; Expected [NULL] and Actual [NULL]. Comparison Type [EQUALS]. Validation Type [NEGATIVE]. @28-04-2021 21:20:42.0843 P

################################################################################################################################################
Starting Execution:	[113 out of 137] test cases in the current suite
Test Method:		[unitTests.tests_validations_assertions.assertNull_false_expectedToPass]
################################################################################################################################################
[ReportManager] AssertNull PASSED; Expected [NULL] and Actual [1]. Comparison Type [EQUALS]. Validation Type [NEGATIVE]. @28-04-2021 21:20:42.0845 P

################################################################################################################################################
Starting Execution:	[114 out of 137] test cases in the current suite
Test Method:		[unitTests.tests_validations_assertions.assertNull_true_expectedToFail]
################################################################################################################################################
[ReportManager] AssertNull FAILED; Expected [NULL] and Actual [1]. Comparison Type [EQUALS]. Validation Type [POSITIVE]. @28-04-2021 21:20:42.0847 P

################################################################################################################################################
Starting Execution:	[115 out of 137] test cases in the current suite
Test Method:		[unitTests.tests_validations_assertions.assertNull_true_expectedToPass]
################################################################################################################################################
[ReportManager] AssertNull PASSED; Expected [NULL] and Actual [NULL]. Comparison Type [EQUALS]. Validation Type [POSITIVE]. @28-04-2021 21:20:42.0850 P
[ReportManager] File Action [getAbsolutePath] successfully performed. With the following test data [Relative Folder Path: "target/downloadedFiles/"]. @28-04-2021 21:20:42.0852 PM
[ReportManager] Attempting to run remotely on: [Linux-64], [GoogleChrome], [http://localhost:4444/wd/hub], Headless Execution. @28-04-2021 21:20:42.0853 PM
[ReportManager] Successfully Opened [GoogleChrome]. @28-04-2021 21:20:43.0093 PM
[ReportManager] Target URL: [https://duckduckgo.com] @28-04-2021 21:20:43.0107 PM
[ReportManager] Initial URL: [data:,] @28-04-2021 21:20:43.0149 PM
[ReportManager] Browser Action [navigateToURL] successfully performed. With the following test data [https://duckduckgo.com]. @28-04-2021 21:20:44.0260 P

################################################################################################################################################
Starting Execution:	[116 out of 137] test cases in the current suite
Test Method:		[unitTests.tests_browserActions.fullScreenWindow]
################################################################################################################################################
[ReportManager] Initial Windows Size: 800x600 @28-04-2021 21:20:44.0269 PM
[ReportManager] Initial window size: (800, 600) @28-04-2021 21:20:44.0278 PM
[ReportManager] Window size after Toolkit: (1920, 1080) @28-04-2021 21:20:44.0497 PM
[ReportManager] Browser Action [maximizeWindow] successfully performed. With the following test data [New screen size is now: (1920, 1080)]. @28-04-2021 21:20:44.0499 PM
[ReportManager] Current Windows Size after fullScreen: 1920x1080 @28-04-2021 21:20:44.0504 PM
[ReportManager] Browser Action [fullScreenWindow] successfully performed. @28-04-2021 21:20:44.0529 PM
[ReportManager] Successfully created attachment [Browser Action Test Data - fullScreenWindow - Actual Value] @28-04-2021 21:20:44.0530 P
[ReportManager] Target URL: [https://duckduckgo.com] @28-04-2021 21:20:44.0536 PM
[ReportManager] Initial URL: [https://duckduckgo.com] @28-04-2021 21:20:44.0607 PM
[ReportManager] Browser Action [navigateToURL] successfully performed. With the following test data [https://duckduckgo.com]. @28-04-2021 21:20:45.0091 PM
[ReportManager] Successfully created attachment [Selenium WebDriver Logs - server] @28-04-2021 21:20:45.0140 PM
[ReportManager] Successfully created attachment [Selenium WebDriver Logs - performance] @28-04-2021 21:20:45.0263 PM
[ReportManager] Successfully created attachment [Selenium WebDriver Logs - driver] @28-04-2021 21:20:45.0427 PM
[ReportManager] Browser Action [closeCurrentWindow] successfully performed. @28-04-2021 21:20:45.0489 PM
[ReportManager] Successfully created attachment [Browser Action Test Data - closeCurrentWindow - Actual Value] @28-04-2021 21:20:45.0489 P
[ReportManager] File Action [getAbsolutePath] successfully performed. With the following test data [Relative Folder Path: "target/downloadedFiles/"]. @28-04-2021 21:20:45.0491 PM
[ReportManager] Attempting to run remotely on: [Linux-64], [GoogleChrome], [http://localhost:4444/wd/hub], Headless Execution. @28-04-2021 21:20:45.0491 PM
[ReportManager] Successfully Opened [GoogleChrome]. @28-04-2021 21:20:45.0709 PM
[ReportManager] Target URL: [https://duckduckgo.com] @28-04-2021 21:20:45.0718 PM
[ReportManager] Initial URL: [data:,] @28-04-2021 21:20:45.0755 PM
[ReportManager] Browser Action [navigateToURL] successfully performed. With the following test data [https://duckduckgo.com]. @28-04-2021 21:20:46.0888 P

################################################################################################################################################
Starting Execution:	[117 out of 137] test cases in the current suite
Test Method:		[unitTests.tests_browserActions.getCurrentURL]
################################################################################################################################################
[ReportManager] Browser Action [getCurrentURL] successfully performed. With the following test data [https://duckduckgo.com/]. @28-04-2021 21:20:46.0933 P
[ReportManager] Target URL: [https://duckduckgo.com] @28-04-2021 21:20:46.0936 PM
[ReportManager] Initial URL: [https://duckduckgo.com] @28-04-2021 21:20:46.0997 PM
[ReportManager] Browser Action [navigateToURL] successfully performed. With the following test data [https://duckduckgo.com]. @28-04-2021 21:20:47.0492 PM
[ReportManager] Successfully created attachment [Selenium WebDriver Logs - server] @28-04-2021 21:20:47.0545 PM
[ReportManager] Successfully created attachment [Selenium WebDriver Logs - performance] @28-04-2021 21:20:47.0666 PM
[ReportManager] Successfully created attachment [Selenium WebDriver Logs - driver] @28-04-2021 21:20:47.0835 PM
[ReportManager] Browser Action [closeCurrentWindow] successfully performed. @28-04-2021 21:20:47.0891 PM
[ReportManager] Successfully created attachment [Browser Action Test Data - closeCurrentWindow - Actual Value] @28-04-2021 21:20:47.0891 P
[ReportManager] File Action [getAbsolutePath] successfully performed. With the following test data [Relative Folder Path: "target/downloadedFiles/"]. @28-04-2021 21:20:47.0893 PM
[ReportManager] Attempting to run remotely on: [Linux-64], [GoogleChrome], [http://localhost:4444/wd/hub], Headless Execution. @28-04-2021 21:20:47.0893 PM
[ReportManager] Successfully Opened [GoogleChrome]. @28-04-2021 21:20:48.0134 PM
[ReportManager] Target URL: [https://duckduckgo.com] @28-04-2021 21:20:48.0146 PM
[ReportManager] Initial URL: [data:,] @28-04-2021 21:20:48.0183 PM
[ReportManager] Browser Action [navigateToURL] successfully performed. With the following test data [https://duckduckgo.com]. @28-04-2021 21:20:49.0315 P

################################################################################################################################################
Starting Execution:	[118 out of 137] test cases in the current suite
Test Method:		[unitTests.tests_browserActions.getCurrentWindowTitle]
################################################################################################################################################
[ReportManager] Browser Action [getCurrentWindowTitle] successfully performed. With the following test data [DuckDuckGo  Privacy, simplified.]. @28-04-2021 21:20:49.0353 P
[ReportManager] Target URL: [https://duckduckgo.com] @28-04-2021 21:20:49.0356 PM
[ReportManager] Initial URL: [https://duckduckgo.com] @28-04-2021 21:20:49.0415 PM
[ReportManager] Browser Action [navigateToURL] successfully performed. With the following test data [https://duckduckgo.com]. @28-04-2021 21:20:49.0903 PM
[ReportManager] Successfully created attachment [Selenium WebDriver Logs - server] @28-04-2021 21:20:49.0958 PM
[ReportManager] Successfully created attachment [Selenium WebDriver Logs - performance] @28-04-2021 21:20:50.0079 PM
[ReportManager] Successfully created attachment [Selenium WebDriver Logs - driver] @28-04-2021 21:20:50.0264 PM
[ReportManager] Browser Action [closeCurrentWindow] successfully performed. @28-04-2021 21:20:50.0279 PM
[ReportManager] Successfully created attachment [Browser Action Test Data - closeCurrentWindow - Actual Value] @28-04-2021 21:20:50.0280 P
[ReportManager] File Action [getAbsolutePath] successfully performed. With the following test data [Relative Folder Path: "target/downloadedFiles/"]. @28-04-2021 21:20:50.0282 PM
[ReportManager] Attempting to run remotely on: [Linux-64], [GoogleChrome], [http://localhost:4444/wd/hub], Headless Execution. @28-04-2021 21:20:50.0282 PM
[ReportManager] Successfully Opened [GoogleChrome]. @28-04-2021 21:20:50.0565 PM
[ReportManager] Target URL: [https://duckduckgo.com] @28-04-2021 21:20:50.0582 PM
[ReportManager] Initial URL: [data:,] @28-04-2021 21:20:50.0624 PM
[ReportManager] Browser Action [navigateToURL] successfully performed. With the following test data [https://duckduckgo.com]. @28-04-2021 21:20:51.0755 P

################################################################################################################################################
Starting Execution:	[119 out of 137] test cases in the current suite
Test Method:		[unitTests.tests_browserActions.getPageSource]
################################################################################################################################################
[ReportManager] Browser Action [getPageSource] successfully performed. @28-04-2021 21:20:51.0821 PM
[ReportManager] Successfully created attachment [Browser Action Test Data - getPageSource - Actual Value] @28-04-2021 21:20:51.0822 P
[ReportManager] Target URL: [https://duckduckgo.com] @28-04-2021 21:20:51.0824 PM
[ReportManager] Initial URL: [https://duckduckgo.com] @28-04-2021 21:20:51.0882 PM
[ReportManager] Browser Action [navigateToURL] successfully performed. With the following test data [https://duckduckgo.com]. @28-04-2021 21:20:52.0458 PM
[ReportManager] Successfully created attachment [Selenium WebDriver Logs - server] @28-04-2021 21:20:52.0519 PM
[ReportManager] Successfully created attachment [Selenium WebDriver Logs - performance] @28-04-2021 21:20:52.0648 PM
[ReportManager] Successfully created attachment [Selenium WebDriver Logs - driver] @28-04-2021 21:20:52.0820 PM
[ReportManager] Browser Action [closeCurrentWindow] successfully performed. @28-04-2021 21:20:52.0886 PM
[ReportManager] Successfully created attachment [Browser Action Test Data - closeCurrentWindow - Actual Value] @28-04-2021 21:20:52.0887 P
[ReportManager] File Action [getAbsolutePath] successfully performed. With the following test data [Relative Folder Path: "target/downloadedFiles/"]. @28-04-2021 21:20:52.0888 PM
[ReportManager] Attempting to run remotely on: [Linux-64], [GoogleChrome], [http://localhost:4444/wd/hub], Headless Execution. @28-04-2021 21:20:52.0889 PM
[ReportManager] Successfully Opened [GoogleChrome]. @28-04-2021 21:20:53.0099 PM
[ReportManager] Target URL: [https://duckduckgo.com] @28-04-2021 21:20:53.0108 PM
[ReportManager] Initial URL: [data:,] @28-04-2021 21:20:53.0152 PM
[ReportManager] Browser Action [navigateToURL] successfully performed. With the following test data [https://duckduckgo.com]. @28-04-2021 21:20:54.0408 P

################################################################################################################################################
Starting Execution:	[120 out of 137] test cases in the current suite
Test Method:		[unitTests.tests_browserActions.getWindowHandle]
################################################################################################################################################
[ReportManager] Browser Action [getWindowHandle] successfully performed. With the following test data [CDwindow-9F19C122B93021F25046874C6775296B]. @28-04-2021 21:20:54.0449 P
[ReportManager] Target URL: [https://duckduckgo.com] @28-04-2021 21:20:54.0455 PM
[ReportManager] Initial URL: [https://duckduckgo.com] @28-04-2021 21:20:54.0529 PM
[ReportManager] Browser Action [navigateToURL] successfully performed. With the following test data [https://duckduckgo.com]. @28-04-2021 21:20:55.0036 PM
[ReportManager] Successfully created attachment [Selenium WebDriver Logs - server] @28-04-2021 21:20:55.0083 PM
[ReportManager] Successfully created attachment [Selenium WebDriver Logs - performance] @28-04-2021 21:20:55.0206 PM
[ReportManager] Successfully created attachment [Selenium WebDriver Logs - driver] @28-04-2021 21:20:55.0361 PM
[ReportManager] Browser Action [closeCurrentWindow] successfully performed. @28-04-2021 21:20:55.0417 PM
[ReportManager] Successfully created attachment [Browser Action Test Data - closeCurrentWindow - Actual Value] @28-04-2021 21:20:55.0417 P
[ReportManager] File Action [getAbsolutePath] successfully performed. With the following test data [Relative Folder Path: "target/downloadedFiles/"]. @28-04-2021 21:20:55.0420 PM
[ReportManager] Attempting to run remotely on: [Linux-64], [GoogleChrome], [http://localhost:4444/wd/hub], Headless Execution. @28-04-2021 21:20:55.0420 PM
[ReportManager] Successfully Opened [GoogleChrome]. @28-04-2021 21:20:55.0625 PM
[ReportManager] Target URL: [https://duckduckgo.com] @28-04-2021 21:20:55.0637 PM
[ReportManager] Initial URL: [data:,] @28-04-2021 21:20:55.0675 PM
[ReportManager] Browser Action [navigateToURL] successfully performed. With the following test data [https://duckduckgo.com]. @28-04-2021 21:20:56.0796 P

################################################################################################################################################
Starting Execution:	[121 out of 137] test cases in the current suite
Test Method:		[unitTests.tests_browserActions.getWindowPosition]
################################################################################################################################################
[ReportManager] Browser Action [getWindowPosition] successfully performed. With the following test data [(0, 0)]. @28-04-2021 21:20:56.0834 P
[ReportManager] Target URL: [https://duckduckgo.com] @28-04-2021 21:20:56.0836 PM
[ReportManager] Initial URL: [https://duckduckgo.com] @28-04-2021 21:20:56.0895 PM
[ReportManager] Browser Action [navigateToURL] successfully performed. With the following test data [https://duckduckgo.com]. @28-04-2021 21:20:57.0403 PM
[ReportManager] Successfully created attachment [Selenium WebDriver Logs - server] @28-04-2021 21:20:57.0455 PM
[ReportManager] Successfully created attachment [Selenium WebDriver Logs - performance] @28-04-2021 21:20:57.0581 PM
[ReportManager] Successfully created attachment [Selenium WebDriver Logs - driver] @28-04-2021 21:20:57.0762 PM
[ReportManager] Browser Action [closeCurrentWindow] successfully performed. @28-04-2021 21:20:57.0830 PM
[ReportManager] Successfully created attachment [Browser Action Test Data - closeCurrentWindow - Actual Value] @28-04-2021 21:20:57.0830 P
[ReportManager] File Action [getAbsolutePath] successfully performed. With the following test data [Relative Folder Path: "target/downloadedFiles/"]. @28-04-2021 21:20:57.0840 PM
[ReportManager] Attempting to run remotely on: [Linux-64], [GoogleChrome], [http://localhost:4444/wd/hub], Headless Execution. @28-04-2021 21:20:57.0840 PM
[ReportManager] Successfully Opened [GoogleChrome]. @28-04-2021 21:20:58.0073 PM
[ReportManager] Target URL: [https://duckduckgo.com] @28-04-2021 21:20:58.0084 PM
[ReportManager] Initial URL: [data:,] @28-04-2021 21:20:58.0122 PM
[ReportManager] Browser Action [navigateToURL] successfully performed. With the following test data [https://duckduckgo.com]. @28-04-2021 21:20:59.0292 P

################################################################################################################################################
Starting Execution:	[122 out of 137] test cases in the current suite
Test Method:		[unitTests.tests_browserActions.getWindowSize]
################################################################################################################################################
[ReportManager] Browser Action [getWindowSize] successfully performed. With the following test data [(800, 600)]. @28-04-2021 21:20:59.0327 P
[ReportManager] Target URL: [https://duckduckgo.com] @28-04-2021 21:20:59.0332 PM
[ReportManager] Initial URL: [https://duckduckgo.com] @28-04-2021 21:20:59.0386 PM
[ReportManager] Browser Action [navigateToURL] successfully performed. With the following test data [https://duckduckgo.com]. @28-04-2021 21:20:59.0882 PM
[ReportManager] Successfully created attachment [Selenium WebDriver Logs - server] @28-04-2021 21:20:59.0942 PM
[ReportManager] Successfully created attachment [Selenium WebDriver Logs - performance] @28-04-2021 21:21:00.0062 PM
[ReportManager] Successfully created attachment [Selenium WebDriver Logs - driver] @28-04-2021 21:21:00.0227 PM
[ReportManager] Browser Action [closeCurrentWindow] successfully performed. @28-04-2021 21:21:00.0283 PM
[ReportManager] Successfully created attachment [Browser Action Test Data - closeCurrentWindow - Actual Value] @28-04-2021 21:21:00.0284 P
[ReportManager] File Action [getAbsolutePath] successfully performed. With the following test data [Relative Folder Path: "target/downloadedFiles/"]. @28-04-2021 21:21:00.0286 PM
[ReportManager] Attempting to run remotely on: [Linux-64], [GoogleChrome], [http://localhost:4444/wd/hub], Headless Execution. @28-04-2021 21:21:00.0287 PM
[ReportManager] Successfully Opened [GoogleChrome]. @28-04-2021 21:21:00.0505 PM
[ReportManager] Target URL: [https://duckduckgo.com] @28-04-2021 21:21:00.0522 PM
[ReportManager] Initial URL: [data:,] @28-04-2021 21:21:00.0568 PM
[ReportManager] Browser Action [navigateToURL] successfully performed. With the following test data [https://duckduckgo.com]. @28-04-2021 21:21:01.0713 P

################################################################################################################################################
Starting Execution:	[123 out of 137] test cases in the current suite
Test Method:		[unitTests.tests_browserActions.maximizeWindow]
################################################################################################################################################
[ReportManager] Initial window size: (800, 600) @28-04-2021 21:21:01.0723 PM
[ReportManager] Window size after Toolkit: (1920, 1080) @28-04-2021 21:21:01.0940 PM
[ReportManager] Browser Action [maximizeWindow] successfully performed. With the following test data [New screen size is now: (1920, 1080)]. @28-04-2021 21:21:01.0942 P
[ReportManager] Target URL: [https://duckduckgo.com] @28-04-2021 21:21:01.0943 PM
[ReportManager] Initial URL: [https://duckduckgo.com] @28-04-2021 21:21:02.0009 PM
[ReportManager] Browser Action [navigateToURL] successfully performed. With the following test data [https://duckduckgo.com]. @28-04-2021 21:21:02.0494 PM
[ReportManager] Successfully created attachment [Selenium WebDriver Logs - server] @28-04-2021 21:21:02.0556 PM
[ReportManager] Successfully created attachment [Selenium WebDriver Logs - performance] @28-04-2021 21:21:02.0685 PM
[ReportManager] Successfully created attachment [Selenium WebDriver Logs - driver] @28-04-2021 21:21:02.0872 PM
[ReportManager] Browser Action [closeCurrentWindow] successfully performed. @28-04-2021 21:21:02.0929 PM
[ReportManager] Successfully created attachment [Browser Action Test Data - closeCurrentWindow - Actual Value] @28-04-2021 21:21:02.0929 P
[ReportManager] File Action [getAbsolutePath] successfully performed. With the following test data [Relative Folder Path: "target/downloadedFiles/"]. @28-04-2021 21:21:02.0933 PM
[ReportManager] Attempting to run remotely on: [Linux-64], [GoogleChrome], [http://localhost:4444/wd/hub], Headless Execution. @28-04-2021 21:21:02.0933 PM
[ReportManager] Successfully Opened [GoogleChrome]. @28-04-2021 21:21:03.0162 PM
[ReportManager] Target URL: [https://duckduckgo.com] @28-04-2021 21:21:03.0172 PM
[ReportManager] Initial URL: [data:,] @28-04-2021 21:21:03.0213 PM
[ReportManager] Browser Action [navigateToURL] successfully performed. With the following test data [https://duckduckgo.com]. @28-04-2021 21:21:04.0334 P

################################################################################################################################################
Starting Execution:	[124 out of 137] test cases in the current suite
Test Method:		[unitTests.tests_browserActions.navigateBack]
################################################################################################################################################
[ReportManager] Target URL: [https://www.google.com/ncr], and after redirection: [https://www.google.com] @28-04-2021 21:21:04.0341 PM
[ReportManager] Initial URL: [https://duckduckgo.com] @28-04-2021 21:21:04.0402 PM
[ReportManager] Browser Action [navigateToURL] successfully performed. With the following test data [https://www.google.com/ncr]. @28-04-2021 21:21:05.0302 PM
[ReportManager] Browser Action [navigateBack] successfully performed. With the following test data [https://duckduckgo.com/]. @28-04-2021 21:21:05.0718 PM
[ReportManager] Confirming that navigating back was successful... @28-04-2021 21:21:05.0718 PM
[ReportManager] Browser Action [getCurrentURL] successfully performed. With the following test data [https://duckduckgo.com/]. @28-04-2021 21:21:05.0753 PM
[ReportManager] AssertBrowserAttribute PASSED; Expected [Value Should be 'https://duckduckgo.com' for the 'CurrentUrl' attribute] and Actual [https://duckduckgo.com/]. Comparison Type [CONTAINS]. Validation Type [POSITIVE]. @28-04-2021 21:21:05.0753 P
[ReportManager] Target URL: [https://duckduckgo.com] @28-04-2021 21:21:05.0755 PM
[ReportManager] Initial URL: [https://duckduckgo.com] @28-04-2021 21:21:05.0808 PM
[ReportManager] Browser Action [navigateToURL] successfully performed. With the following test data [https://duckduckgo.com]. @28-04-2021 21:21:06.0295 PM
[ReportManager] Successfully created attachment [Selenium WebDriver Logs - server] @28-04-2021 21:21:06.0349 PM
[ReportManager] Successfully created attachment [Selenium WebDriver Logs - performance] @28-04-2021 21:21:06.0547 PM
[ReportManager] Successfully created attachment [Selenium WebDriver Logs - driver] @28-04-2021 21:21:06.0861 PM
[ReportManager] Browser Action [closeCurrentWindow] successfully performed. @28-04-2021 21:21:06.0924 PM
[ReportManager] Successfully created attachment [Browser Action Test Data - closeCurrentWindow - Actual Value] @28-04-2021 21:21:06.0925 P
[ReportManager] File Action [getAbsolutePath] successfully performed. With the following test data [Relative Folder Path: "target/downloadedFiles/"]. @28-04-2021 21:21:06.0927 PM
[ReportManager] Attempting to run remotely on: [Linux-64], [GoogleChrome], [http://localhost:4444/wd/hub], Headless Execution. @28-04-2021 21:21:06.0927 PM
[ReportManager] Successfully Opened [GoogleChrome]. @28-04-2021 21:21:07.0191 PM
[ReportManager] Target URL: [https://duckduckgo.com] @28-04-2021 21:21:07.0200 PM
[ReportManager] Initial URL: [data:,] @28-04-2021 21:21:07.0245 PM
[ReportManager] Browser Action [navigateToURL] successfully performed. With the following test data [https://duckduckgo.com]. @28-04-2021 21:21:08.0372 P

################################################################################################################################################
Starting Execution:	[125 out of 137] test cases in the current suite
Test Method:		[unitTests.tests_browserActions.navigateForward]
################################################################################################################################################
[ReportManager] Target URL: [https://www.google.com/ncr], and after redirection: [https://www.google.com] @28-04-2021 21:21:08.0374 PM
[ReportManager] Initial URL: [https://duckduckgo.com] @28-04-2021 21:21:08.0443 PM
[ReportManager] Browser Action [navigateToURL] successfully performed. With the following test data [https://www.google.com/ncr]. @28-04-2021 21:21:09.0387 PM
[ReportManager] Browser Action [navigateBack] successfully performed. With the following test data [https://duckduckgo.com/]. @28-04-2021 21:21:09.0807 PM
[ReportManager] Browser Action [navigateForward] successfully performed. With the following test data [https://www.google.com/]. @28-04-2021 21:21:10.0216 P
[ReportManager] Target URL: [https://duckduckgo.com] @28-04-2021 21:21:10.0218 PM
[ReportManager] Initial URL: [https://www.google.com] @28-04-2021 21:21:10.0305 PM
[ReportManager] Browser Action [navigateToURL] successfully performed. With the following test data [https://duckduckgo.com]. @28-04-2021 21:21:10.0921 PM
[ReportManager] Successfully created attachment [Selenium WebDriver Logs - server] @28-04-2021 21:21:10.0982 PM
[ReportManager] Successfully created attachment [Selenium WebDriver Logs - performance] @28-04-2021 21:21:11.0179 PM
[ReportManager] Successfully created attachment [Selenium WebDriver Logs - driver] @28-04-2021 21:21:11.0469 PM
[ReportManager] Browser Action [closeCurrentWindow] successfully performed. @28-04-2021 21:21:11.0525 PM
[ReportManager] Successfully created attachment [Browser Action Test Data - closeCurrentWindow - Actual Value] @28-04-2021 21:21:11.0526 P
[ReportManager] File Action [getAbsolutePath] successfully performed. With the following test data [Relative Folder Path: "target/downloadedFiles/"]. @28-04-2021 21:21:11.0529 PM
[ReportManager] Attempting to run remotely on: [Linux-64], [GoogleChrome], [http://localhost:4444/wd/hub], Headless Execution. @28-04-2021 21:21:11.0529 PM
[ReportManager] Successfully Opened [GoogleChrome]. @28-04-2021 21:21:11.0744 PM
[ReportManager] Target URL: [https://duckduckgo.com] @28-04-2021 21:21:11.0756 PM
[ReportManager] Initial URL: [data:,] @28-04-2021 21:21:11.0795 PM
[ReportManager] Browser Action [navigateToURL] successfully performed. With the following test data [https://duckduckgo.com]. @28-04-2021 21:21:12.0934 P

################################################################################################################################################
Starting Execution:	[126 out of 137] test cases in the current suite
Test Method:		[unitTests.tests_browserActions.navigateToURL]
################################################################################################################################################
[ReportManager] Target URL: [https://duckduckgo.com] @28-04-2021 21:21:12.0938 PM
[ReportManager] Initial URL: [https://duckduckgo.com] @28-04-2021 21:21:12.0994 PM
[ReportManager] Browser Action [navigateToURL] successfully performed. With the following test data [https://duckduckgo.com]. @28-04-2021 21:21:13.0494 P
[ReportManager] Target URL: [https://duckduckgo.com] @28-04-2021 21:21:13.0495 PM
[ReportManager] Initial URL: [https://duckduckgo.com] @28-04-2021 21:21:13.0556 PM
[ReportManager] Browser Action [navigateToURL] successfully performed. With the following test data [https://duckduckgo.com]. @28-04-2021 21:21:14.0022 PM
[ReportManager] Successfully created attachment [Selenium WebDriver Logs - server] @28-04-2021 21:21:14.0083 PM
[ReportManager] Successfully created attachment [Selenium WebDriver Logs - performance] @28-04-2021 21:21:14.0281 PM
[ReportManager] Successfully created attachment [Selenium WebDriver Logs - driver] @28-04-2021 21:21:14.0535 PM
[ReportManager] Browser Action [closeCurrentWindow] successfully performed. @28-04-2021 21:21:14.0591 PM
[ReportManager] Successfully created attachment [Browser Action Test Data - closeCurrentWindow - Actual Value] @28-04-2021 21:21:14.0592 P
[ReportManager] File Action [getAbsolutePath] successfully performed. With the following test data [Relative Folder Path: "target/downloadedFiles/"]. @28-04-2021 21:21:14.0594 PM
[ReportManager] Attempting to run remotely on: [Linux-64], [GoogleChrome], [http://localhost:4444/wd/hub], Headless Execution. @28-04-2021 21:21:14.0594 PM
[ReportManager] Successfully Opened [GoogleChrome]. @28-04-2021 21:21:14.0810 PM
[ReportManager] Target URL: [https://duckduckgo.com] @28-04-2021 21:21:14.0820 PM
[ReportManager] Initial URL: [data:,] @28-04-2021 21:21:14.0859 PM
[ReportManager] Browser Action [navigateToURL] successfully performed. With the following test data [https://duckduckgo.com]. @28-04-2021 21:21:16.0003 P

################################################################################################################################################
Starting Execution:	[127 out of 137] test cases in the current suite
Test Method:		[unitTests.tests_browserActions.navigateToURLWithRedirection]
################################################################################################################################################
[ReportManager] Target URL: [https://www.google.com/ncr], and after redirection: [https://www.google.com] @28-04-2021 21:21:16.0007 PM
[ReportManager] Initial URL: [https://duckduckgo.com] @28-04-2021 21:21:16.0069 PM
[ReportManager] Browser Action [navigateToURL] successfully performed. With the following test data [https://www.google.com/ncr]. @28-04-2021 21:21:16.0969 P
[ReportManager] Target URL: [https://duckduckgo.com] @28-04-2021 21:21:16.0972 PM
[ReportManager] Initial URL: [https://www.google.com] @28-04-2021 21:21:17.0049 PM
[ReportManager] Browser Action [navigateToURL] successfully performed. With the following test data [https://duckduckgo.com]. @28-04-2021 21:21:17.0727 PM
[ReportManager] Successfully created attachment [Selenium WebDriver Logs - server] @28-04-2021 21:21:17.0775 PM
[ReportManager] Successfully created attachment [Selenium WebDriver Logs - performance] @28-04-2021 21:21:17.0904 PM
[ReportManager] Successfully created attachment [Selenium WebDriver Logs - driver] @28-04-2021 21:21:18.0116 PM
[ReportManager] Browser Action [closeCurrentWindow] successfully performed. @28-04-2021 21:21:18.0172 PM
[ReportManager] Successfully created attachment [Browser Action Test Data - closeCurrentWindow - Actual Value] @28-04-2021 21:21:18.0173 P
[ReportManager] File Action [getAbsolutePath] successfully performed. With the following test data [Relative Folder Path: "target/downloadedFiles/"]. @28-04-2021 21:21:18.0176 PM
[ReportManager] Attempting to run remotely on: [Linux-64], [GoogleChrome], [http://localhost:4444/wd/hub], Headless Execution. @28-04-2021 21:21:18.0176 PM
[ReportManager] Successfully Opened [GoogleChrome]. @28-04-2021 21:21:18.0378 PM
[ReportManager] Target URL: [https://duckduckgo.com] @28-04-2021 21:21:18.0392 PM
[ReportManager] Initial URL: [data:,] @28-04-2021 21:21:18.0434 PM
[ReportManager] Browser Action [navigateToURL] successfully performed. With the following test data [https://duckduckgo.com]. @28-04-2021 21:21:19.0659 P

################################################################################################################################################
Starting Execution:	[128 out of 137] test cases in the current suite
Test Method:		[unitTests.tests_browserActions.refreshCurrentPage]
################################################################################################################################################
[ReportManager] Browser Action [refreshCurrentPage] successfully performed. @28-04-2021 21:21:20.0072 PM
[ReportManager] Successfully created attachment [Browser Action Test Data - refreshCurrentPage - Actual Value] @28-04-2021 21:21:20.0073 P
[ReportManager] Target URL: [https://duckduckgo.com] @28-04-2021 21:21:20.0076 PM
[ReportManager] Initial URL: [https://duckduckgo.com] @28-04-2021 21:21:20.0137 PM
[ReportManager] Browser Action [navigateToURL] successfully performed. With the following test data [https://duckduckgo.com]. @28-04-2021 21:21:20.0604 PM
[ReportManager] Successfully created attachment [Selenium WebDriver Logs - server] @28-04-2021 21:21:20.0656 PM
[ReportManager] Successfully created attachment [Selenium WebDriver Logs - performance] @28-04-2021 21:21:20.0844 PM
[ReportManager] Successfully created attachment [Selenium WebDriver Logs - driver] @28-04-2021 21:21:21.0067 PM
[ReportManager] Browser Action [closeCurrentWindow] successfully performed. @28-04-2021 21:21:21.0123 PM
[ReportManager] Successfully created attachment [Browser Action Test Data - closeCurrentWindow - Actual Value] @28-04-2021 21:21:21.0124 P
[ReportManager] File Action [getAbsolutePath] successfully performed. With the following test data [Relative Folder Path: "target/downloadedFiles/"]. @28-04-2021 21:21:21.0129 PM
[ReportManager] Attempting to run remotely on: [Linux-64], [GoogleChrome], [http://localhost:4444/wd/hub], Headless Execution. @28-04-2021 21:21:21.0129 PM
[ReportManager] Successfully Opened [GoogleChrome]. @28-04-2021 21:21:21.0349 PM
[ReportManager] Target URL: [https://duckduckgo.com] @28-04-2021 21:21:21.0360 PM
[ReportManager] Initial URL: [data:,] @28-04-2021 21:21:21.0399 PM
[ReportManager] Browser Action [navigateToURL] successfully performed. With the following test data [https://duckduckgo.com]. @28-04-2021 21:21:22.0526 P

################################################################################################################################################
Starting Execution:	[129 out of 137] test cases in the current suite
Test Method:		[unitTests.tests_browserActions.setWindowSize]
################################################################################################################################################
[ReportManager] Initial window size: (800, 600) @28-04-2021 21:21:22.0536 PM
[ReportManager] Window size after SWD: (1280, 720) @28-04-2021 21:21:22.0754 PM
[ReportManager] Browser Action [setWindowSize] successfully performed. With the following test data [New screen size is now: (1280, 720)]. @28-04-2021 21:21:22.0754 P
[ReportManager] Target URL: [https://duckduckgo.com] @28-04-2021 21:21:22.0756 PM
[ReportManager] Initial URL: [https://duckduckgo.com] @28-04-2021 21:21:22.0833 PM
[ReportManager] Browser Action [navigateToURL] successfully performed. With the following test data [https://duckduckgo.com]. @28-04-2021 21:21:23.0308 PM
[ReportManager] Successfully created attachment [Selenium WebDriver Logs - server] @28-04-2021 21:21:23.0358 PM
[ReportManager] Successfully created attachment [Selenium WebDriver Logs - performance] @28-04-2021 21:21:23.0485 PM
[ReportManager] Successfully created attachment [Selenium WebDriver Logs - driver] @28-04-2021 21:21:23.0644 PM
[ReportManager] Browser Action [closeCurrentWindow] successfully performed. @28-04-2021 21:21:23.0704 PM
[ReportManager] Successfully created attachment [Browser Action Test Data - closeCurrentWindow - Actual Value] @28-04-2021 21:21:23.0705 P
[ReportManager] File Action [getAbsolutePath] successfully performed. With the following test data [Relative Folder Path: "target/downloadedFiles/"]. @28-04-2021 21:21:23.0708 PM
[ReportManager] Attempting to run remotely on: [Linux-64], [GoogleChrome], [http://localhost:4444/wd/hub], Headless Execution. @28-04-2021 21:21:23.0708 PM
[ReportManager] Successfully Opened [GoogleChrome]. @28-04-2021 21:21:23.0934 P

################################################################################################################################################
Starting Execution:	[130 out of 137] test cases in the current suite
Test Method:		[unitTests.tests_element_elementActions.waitForElementToBePresent_false_expectedToFail]
################################################################################################################################################
[ReportManager] Target URL: [https://www.google.com/ncr], and after redirection: [www.google.com] @28-04-2021 21:21:23.0946 PM
[ReportManager] Initial URL: [data:,] @28-04-2021 21:21:23.0985 PM
[ReportManager] Browser Action [navigateToURL] successfully performed. With the following test data [https://www.google.com/ncr]. @28-04-2021 21:21:24.0870 PM
[ReportManager] Waiting for element to be present; elementLocator [By.xpath: //img[@id='hplogo' or @alt='Google']], numberOfTries[1], stateOfPresence[false]... @28-04-2021 21:21:24.0873 PM
[ReportManager] Element Action [waitForElementToBePresent] failed. With the following test data [waited for the element's state of presence to be (false). Element locator (By.xpath: //img[@id='hplogo' or @alt='Google'])]. @28-04-2021 21:21:25.0071 PM
[ReportManager] Successfully created attachment [Screenshot - 1619644885008_waitForElementToBePresent_false_expectedToFail_waitForElementToBePresent_failed] @28-04-2021 21:21:25.0072 P
[ReportManager] Successfully created attachment [Selenium WebDriver Logs - server] @28-04-2021 21:21:25.0150 PM
[ReportManager] Successfully created attachment [Selenium WebDriver Logs - performance] @28-04-2021 21:21:25.0186 PM
[ReportManager] Successfully created attachment [Selenium WebDriver Logs - driver] @28-04-2021 21:21:25.0276 PM
[ReportManager] Browser Action [closeCurrentWindow] successfully performed. @28-04-2021 21:21:25.0333 PM
[ReportManager] Successfully created attachment [Browser Action Test Data - closeCurrentWindow - Actual Value] @28-04-2021 21:21:25.0334 P
[ReportManager] File Action [getAbsolutePath] successfully performed. With the following test data [Relative Folder Path: "target/downloadedFiles/"]. @28-04-2021 21:21:25.0337 PM
[ReportManager] Attempting to run remotely on: [Linux-64], [GoogleChrome], [http://localhost:4444/wd/hub], Headless Execution. @28-04-2021 21:21:25.0337 PM
[ReportManager] Successfully Opened [GoogleChrome]. @28-04-2021 21:21:25.0576 P

################################################################################################################################################
Starting Execution:	[131 out of 137] test cases in the current suite
Test Method:		[unitTests.tests_element_elementActions.waitForElementToBePresent_false_expectedToPass]
################################################################################################################################################
[ReportManager] Target URL: [https://www.google.com/ncr], and after redirection: [www.google.com] @28-04-2021 21:21:25.0596 PM
[ReportManager] Initial URL: [data:,] @28-04-2021 21:21:25.0637 PM
[ReportManager] Browser Action [navigateToURL] successfully performed. With the following test data [https://www.google.com/ncr]. @28-04-2021 21:21:26.0515 PM
[ReportManager] Waiting for element to be present; elementLocator [By.id: bla], numberOfTries[1], stateOfPresence[false]... @28-04-2021 21:21:26.0515 PM
[ReportManager] Element Action [waitForElementToBePresent] successfully performed. With the following test data [waited for the element's state of presence to be (false). Element locator (By.id: bla)]. @28-04-2021 21:21:31.0630 P
[ReportManager] Successfully created attachment [Selenium WebDriver Logs - server] @28-04-2021 21:21:31.0707 PM
[ReportManager] Successfully created attachment [Selenium WebDriver Logs - performance] @28-04-2021 21:21:31.0748 PM
[ReportManager] Successfully created attachment [Selenium WebDriver Logs - driver] @28-04-2021 21:21:31.0827 PM
[ReportManager] Browser Action [closeCurrentWindow] successfully performed. @28-04-2021 21:21:31.0882 PM
[ReportManager] Successfully created attachment [Browser Action Test Data - closeCurrentWindow - Actual Value] @28-04-2021 21:21:31.0883 P
[ReportManager] File Action [getAbsolutePath] successfully performed. With the following test data [Relative Folder Path: "target/downloadedFiles/"]. @28-04-2021 21:21:31.0886 PM
[ReportManager] Attempting to run remotely on: [Linux-64], [GoogleChrome], [http://localhost:4444/wd/hub], Headless Execution. @28-04-2021 21:21:31.0886 PM
[ReportManager] Successfully Opened [GoogleChrome]. @28-04-2021 21:21:32.0118 P

################################################################################################################################################
Starting Execution:	[132 out of 137] test cases in the current suite
Test Method:		[unitTests.tests_element_elementActions.waitForElementToBePresent_moreThanOneElement_expectedToFail]
################################################################################################################################################
[ReportManager] Target URL: [https://www.google.com/ncr], and after redirection: [www.google.com] @28-04-2021 21:21:32.0136 PM
[ReportManager] Initial URL: [data:,] @28-04-2021 21:21:32.0183 PM
[ReportManager] Browser Action [navigateToURL] successfully performed. With the following test data [https://www.google.com/ncr]. @28-04-2021 21:21:33.0133 PM
[ReportManager] Waiting for element to be present; elementLocator [By.xpath: //*], numberOfTries[1], stateOfPresence[false]... @28-04-2021 21:21:33.0133 PM
[ReportManager] Element Action [waitForElementToBePresent] failed. With the following test data [waited for the element's state of presence to be (false). Element locator (By.xpath: //*)]. @28-04-2021 21:21:33.0359 PM
[ReportManager] Successfully created attachment [Screenshot - 1619644893286_waitForElementToBePresent_moreThanOneElement_expectedToFail_waitForElementToBePresent_failed] @28-04-2021 21:21:33.0359 P
[ReportManager] Successfully created attachment [Selenium WebDriver Logs - server] @28-04-2021 21:21:33.0450 PM
[ReportManager] Successfully created attachment [Selenium WebDriver Logs - performance] @28-04-2021 21:21:33.0487 PM
[ReportManager] Successfully created attachment [Selenium WebDriver Logs - driver] @28-04-2021 21:21:33.0575 PM
[ReportManager] Browser Action [closeCurrentWindow] successfully performed. @28-04-2021 21:21:33.0631 PM
[ReportManager] Successfully created attachment [Browser Action Test Data - closeCurrentWindow - Actual Value] @28-04-2021 21:21:33.0631 P
[ReportManager] File Action [getAbsolutePath] successfully performed. With the following test data [Relative Folder Path: "target/downloadedFiles/"]. @28-04-2021 21:21:33.0635 PM
[ReportManager] Attempting to run remotely on: [Linux-64], [GoogleChrome], [http://localhost:4444/wd/hub], Headless Execution. @28-04-2021 21:21:33.0635 PM
[ReportManager] Successfully Opened [GoogleChrome]. @28-04-2021 21:21:33.0877 P

################################################################################################################################################
Starting Execution:	[133 out of 137] test cases in the current suite
Test Method:		[unitTests.tests_element_elementActions.waitForElementToBePresent_true_expectedToFail]
################################################################################################################################################
[ReportManager] Target URL: [https://www.google.com/ncr], and after redirection: [www.google.com] @28-04-2021 21:21:33.0904 PM
[ReportManager] Initial URL: [data:,] @28-04-2021 21:21:33.0947 PM
[ReportManager] Browser Action [navigateToURL] successfully performed. With the following test data [https://www.google.com/ncr]. @28-04-2021 21:21:34.0886 PM
[ReportManager] Waiting for element to be present; elementLocator [By.id: bla], numberOfTries[1], stateOfPresence[true]... @28-04-2021 21:21:34.0886 PM
[ReportManager] Element Action [waitForElementToBePresent] failed. With the following test data [waited for the element's state of presence to be (true). Element locator (By.id: bla)]. @28-04-2021 21:21:40.0145 PM
[ReportManager] Successfully created attachment [Screenshot - 1619644900082_waitForElementToBePresent_true_expectedToFail_waitForElementToBePresent_failed] @28-04-2021 21:21:40.0146 P
[ReportManager] Successfully created attachment [Selenium WebDriver Logs - server] @28-04-2021 21:21:40.0222 PM
[ReportManager] Successfully created attachment [Selenium WebDriver Logs - performance] @28-04-2021 21:21:40.0256 PM
[ReportManager] Successfully created attachment [Selenium WebDriver Logs - driver] @28-04-2021 21:21:40.0332 PM
[ReportManager] Browser Action [closeCurrentWindow] successfully performed. @28-04-2021 21:21:40.0388 PM
[ReportManager] Successfully created attachment [Browser Action Test Data - closeCurrentWindow - Actual Value] @28-04-2021 21:21:40.0390 P
[ReportManager] File Action [getAbsolutePath] successfully performed. With the following test data [Relative Folder Path: "target/downloadedFiles/"]. @28-04-2021 21:21:40.0392 PM
[ReportManager] Attempting to run remotely on: [Linux-64], [GoogleChrome], [http://localhost:4444/wd/hub], Headless Execution. @28-04-2021 21:21:40.0392 PM
[ReportManager] Successfully Opened [GoogleChrome]. @28-04-2021 21:21:40.0597 P

################################################################################################################################################
Starting Execution:	[134 out of 137] test cases in the current suite
Test Method:		[unitTests.tests_element_elementActions.waitForElementToBePresent_true_expectedToPass]
################################################################################################################################################
[ReportManager] Target URL: [https://www.google.com/ncr], and after redirection: [www.google.com] @28-04-2021 21:21:40.0615 PM
[ReportManager] Initial URL: [data:,] @28-04-2021 21:21:40.0656 PM
[ReportManager] Browser Action [navigateToURL] successfully performed. With the following test data [https://www.google.com/ncr]. @28-04-2021 21:21:41.0498 PM
[ReportManager] Waiting for element to be present; elementLocator [By.xpath: //img[@id='hplogo' or @alt='Google']], numberOfTries[1], stateOfPresence[true]... @28-04-2021 21:21:41.0498 PM
[ReportManager] Element Action [waitForElementToBePresent] successfully performed. With the following test data [waited for the element's state of presence to be (true). Element locator (By.xpath: //img[@id='hplogo' or @alt='Google'])]. @28-04-2021 21:21:41.0551 PM
[ReportManager] Using Visual AI; OpenCV... @28-04-2021 21:21:41.0553 PM
[ReportManager] File Action [doesFileExist] successfully performed. With the following test data [File Path: "src/test/resources/DynamicObjectRepository/unitTests_tests_element_elementActions_waitForElementToBePresent_true_expectedToPass_By_xpath_img_id_hplogo_or_alt_Google.png"]. @28-04-2021 21:21:41.0554 PM
[ReportManager] File Action [doesFileExist] successfully performed. With the following test data [File Path: "src/test/resources/DynamicObjectRepository/unitTests_tests_element_elementActions_waitForElementToBePresent_true_expectedToPass_By_xpath_img_id_hplogo_or_alt_Google.png"]. @28-04-2021 21:21:41.0712 PM
[ReportManager] Passing the test and saving a reference image @28-04-2021 21:21:41.0712 PM
[ReportManager] File Action [getAbsolutePath] successfully performed. With the following test data [Relative File Path: "src/test/resources/DynamicObjectRepository/unitTests_tests_element_elementActions_waitForElementToBePresent_true_expectedToPass_By_xpath_img_id_hplogo_or_alt_Google.png"]. @28-04-2021 21:21:41.0712 PM
[ReportManager] File Action [writeToFile] successfully performed. With the following test data [Target File Path: "/home/runner/work/SHAFT_ENGINE/SHAFT_ENGINE/src/test/resources/DynamicObjectRepository/unitTests_tests_element_elementActions_waitForElementToBePresent_true_expectedToPass_By_xpath_img_id_hplogo_or_alt_Google.png"]. @28-04-2021 21:21:41.0714 PM
[ReportManager] AssertElementMatches PASSED; Expected [Element should match the reference screenshot] and Actual [TRUE]. Comparison Type [EXACT_OPENCV]. Validation Type [POSITIVE]. @28-04-2021 21:21:41.0714 PM
[ReportManager] Successfully created attachment [Validation Test Data - Actual Screenshot] @28-04-2021 21:21:41.0714 P
[ReportManager] Successfully created attachment [Selenium WebDriver Logs - server] @28-04-2021 21:21:41.0798 PM
[ReportManager] Successfully created attachment [Selenium WebDriver Logs - performance] @28-04-2021 21:21:41.0836 PM
[ReportManager] Successfully created attachment [Selenium WebDriver Logs - driver] @28-04-2021 21:21:41.0922 PM
[ReportManager] Browser Action [closeCurrentWindow] successfully performed. @28-04-2021 21:21:41.0978 PM
[ReportManager] Successfully created attachment [Browser Action Test Data - closeCurrentWindow - Actual Value] @28-04-2021 21:21:41.0979 P

################################################################################################################################################
Starting Execution:	[135 out of 137] test cases in the current suite
Test Method:		[unitTests.tests_restActions.getPostsAndAssertBodyForSpecificTitle]
################################################################################################################################################
[ReportManager] Response status code: [200], status line: [HTTP/1.1 200 OK] @28-04-2021 21:21:43.0075 PM
[ReportManager] Evaluating the actual response status code against the expected one...... @28-04-2021 21:21:43.0075 PM
[ReportManager] AssertEquals PASSED; Expected [200] and Actual [200]. Comparison Type [EQUALS]. Validation Type [POSITIVE]. @28-04-2021 21:21:43.0075 PM
[ReportManager] API Action [performRequest] successfully performed. With the following test data [Request Type: "GET" | Target Status Code: "200" | Service URL: "https://jsonplaceholder.typicode.com/posts" | Content Type: "*/*" | Response Time: "678ms"]. @28-04-2021 21:21:43.0261 PM
[ReportManager] Successfully created attachment [API Response - JSON Body] @28-04-2021 21:21:43.0263 PM
[ReportManager] API Action [getResponseJSONValueAsList] successfully performed. @28-04-2021 21:21:43.0297 PM
[ReportManager] API Action [getResponseJSONValue] successfully performed. With the following test data [title]. @28-04-2021 21:21:43.0319 PM
[ReportManager] API Action [getResponseJSONValue] successfully performed. With the following test data [title]. @28-04-2021 21:21:43.0337 PM
[ReportManager] API Action [getResponseJSONValue] successfully performed. With the following test data [body]. @28-04-2021 21:21:43.0353 PM
[ReportManager] AssertEquals PASSED; Expected [qui neque nisi nulla] and Actual [est rerum tempore vitae
sequi sint nihil reprehenderit dolor beatae ea dolores neque
fugiat blanditiis voluptate porro vel nihil molestiae ut reiciendis
qui aperiam non debitis possimus qui neque nisi nulla]. Comparison Type [CONTAINS]. Validation Type [POSITIVE]. @28-04-2021 21:21:43.0353 PM
[ReportManager] API Action [getResponseJSONValue] successfully performed. With the following test data [title]. @28-04-2021 21:21:43.0368 PM
[ReportManager] API Action [getResponseJSONValue] successfully performed. With the following test data [title]. @28-04-2021 21:21:43.0382 PM
[ReportManager] API Action [getResponseJSONValue] successfully performed. With the following test data [title]. @28-04-2021 21:21:43.0399 PM
[ReportManager] API Action [getResponseJSONValue] successfully performed. With the following test data [title]. @28-04-2021 21:21:43.0416 PM
[ReportManager] API Action [getResponseJSONValue] successfully performed. With the following test data [title]. @28-04-2021 21:21:43.0434 PM
[ReportManager] API Action [getResponseJSONValue] successfully performed. With the following test data [title]. @28-04-2021 21:21:43.0449 PM
[ReportManager] API Action [getResponseJSONValue] successfully performed. With the following test data [title]. @28-04-2021 21:21:43.0464 PM
[ReportManager] API Action [getResponseJSONValue] successfully performed. With the following test data [title]. @28-04-2021 21:21:43.0477 PM
[ReportManager] API Action [getResponseJSONValue] successfully performed. With the following test data [title]. @28-04-2021 21:21:43.0491 PM
[ReportManager] API Action [getResponseJSONValue] successfully performed. With the following test data [title]. @28-04-2021 21:21:43.0501 PM
[ReportManager] API Action [getResponseJSONValue] successfully performed. With the following test data [title]. @28-04-2021 21:21:43.0522 PM
[ReportManager] API Action [getResponseJSONValue] successfully performed. With the following test data [title]. @28-04-2021 21:21:43.0533 PM
[ReportManager] API Action [getResponseJSONValue] successfully performed. With the following test data [title]. @28-04-2021 21:21:43.0546 PM
[ReportManager] API Action [getResponseJSONValue] successfully performed. With the following test data [title]. @28-04-2021 21:21:43.0560 PM
[ReportManager] API Action [getResponseJSONValue] successfully performed. With the following test data [title]. @28-04-2021 21:21:43.0572 PM
[ReportManager] API Action [getResponseJSONValue] successfully performed. With the following test data [title]. @28-04-2021 21:21:43.0583 PM
[ReportManager] API Action [getResponseJSONValue] successfully performed. With the following test data [title]. @28-04-2021 21:21:43.0599 PM
[ReportManager] API Action [getResponseJSONValue] successfully performed. With the following test data [title]. @28-04-2021 21:21:43.0612 PM
[ReportManager] API Action [getResponseJSONValue] successfully performed. With the following test data [title]. @28-04-2021 21:21:43.0629 PM
[ReportManager] API Action [getResponseJSONValue] successfully performed. With the following test data [title]. @28-04-2021 21:21:43.0637 PM
[ReportManager] API Action [getResponseJSONValue] successfully performed. With the following test data [title]. @28-04-2021 21:21:43.0644 PM
[ReportManager] API Action [getResponseJSONValue] successfully performed. With the following test data [title]. @28-04-2021 21:21:43.0651 PM
[ReportManager] API Action [getResponseJSONValue] successfully performed. With the following test data [title]. @28-04-2021 21:21:43.0658 PM
[ReportManager] API Action [getResponseJSONValue] successfully performed. With the following test data [title]. @28-04-2021 21:21:43.0665 PM
[ReportManager] API Action [getResponseJSONValue] successfully performed. With the following test data [title]. @28-04-2021 21:21:43.0672 PM
[ReportManager] API Action [getResponseJSONValue] successfully performed. With the following test data [title]. @28-04-2021 21:21:43.0679 PM
[ReportManager] API Action [getResponseJSONValue] successfully performed. With the following test data [title]. @28-04-2021 21:21:43.0687 PM
[ReportManager] API Action [getResponseJSONValue] successfully performed. With the following test data [title]. @28-04-2021 21:21:43.0694 PM
[ReportManager] API Action [getResponseJSONValue] successfully performed. With the following test data [title]. @28-04-2021 21:21:43.0701 PM
[ReportManager] API Action [getResponseJSONValue] successfully performed. With the following test data [title]. @28-04-2021 21:21:43.0708 PM
[ReportManager] API Action [getResponseJSONValue] successfully performed. With the following test data [title]. @28-04-2021 21:21:43.0714 PM
[ReportManager] API Action [getResponseJSONValue] successfully performed. With the following test data [title]. @28-04-2021 21:21:43.0721 PM
[ReportManager] API Action [getResponseJSONValue] successfully performed. With the following test data [title]. @28-04-2021 21:21:43.0728 PM
[ReportManager] API Action [getResponseJSONValue] successfully performed. With the following test data [title]. @28-04-2021 21:21:43.0735 PM
[ReportManager] API Action [getResponseJSONValue] successfully performed. With the following test data [title]. @28-04-2021 21:21:43.0741 PM
[ReportManager] API Action [getResponseJSONValue] successfully performed. With the following test data [title]. @28-04-2021 21:21:43.0748 PM
[ReportManager] API Action [getResponseJSONValue] successfully performed. With the following test data [title]. @28-04-2021 21:21:43.0755 PM
[ReportManager] API Action [getResponseJSONValue] successfully performed. With the following test data [title]. @28-04-2021 21:21:43.0762 PM
[ReportManager] API Action [getResponseJSONValue] successfully performed. With the following test data [title]. @28-04-2021 21:21:43.0768 PM
[ReportManager] API Action [getResponseJSONValue] successfully performed. With the following test data [title]. @28-04-2021 21:21:43.0775 PM
[ReportManager] API Action [getResponseJSONValue] successfully performed. With the following test data [title]. @28-04-2021 21:21:43.0782 PM
[ReportManager] API Action [getResponseJSONValue] successfully performed. With the following test data [title]. @28-04-2021 21:21:43.0788 PM
[ReportManager] API Action [getResponseJSONValue] successfully performed. With the following test data [title]. @28-04-2021 21:21:43.0795 PM
[ReportManager] API Action [getResponseJSONValue] successfully performed. With the following test data [title]. @28-04-2021 21:21:43.0802 PM
[ReportManager] API Action [getResponseJSONValue] successfully performed. With the following test data [title]. @28-04-2021 21:21:43.0809 PM
[ReportManager] API Action [getResponseJSONValue] successfully performed. With the following test data [title]. @28-04-2021 21:21:43.0816 PM
[ReportManager] API Action [getResponseJSONValue] successfully performed. With the following test data [title]. @28-04-2021 21:21:43.0825 PM
[ReportManager] API Action [getResponseJSONValue] successfully performed. With the following test data [title]. @28-04-2021 21:21:43.0835 PM
[ReportManager] API Action [getResponseJSONValue] successfully performed. With the following test data [title]. @28-04-2021 21:21:43.0842 PM
[ReportManager] API Action [getResponseJSONValue] successfully performed. With the following test data [title]. @28-04-2021 21:21:43.0849 PM
[ReportManager] API Action [getResponseJSONValue] successfully performed. With the following test data [title]. @28-04-2021 21:21:43.0856 PM
[ReportManager] API Action [getResponseJSONValue] successfully performed. With the following test data [title]. @28-04-2021 21:21:43.0863 PM
[ReportManager] API Action [getResponseJSONValue] successfully performed. With the following test data [title]. @28-04-2021 21:21:43.0870 PM
[ReportManager] API Action [getResponseJSONValue] successfully performed. With the following test data [title]. @28-04-2021 21:21:43.0877 PM
[ReportManager] API Action [getResponseJSONValue] successfully performed. With the following test data [title]. @28-04-2021 21:21:43.0888 PM
[ReportManager] API Action [getResponseJSONValue] successfully performed. With the following test data [title]. @28-04-2021 21:21:43.0895 PM
[ReportManager] API Action [getResponseJSONValue] successfully performed. With the following test data [title]. @28-04-2021 21:21:43.0902 PM
[ReportManager] API Action [getResponseJSONValue] successfully performed. With the following test data [title]. @28-04-2021 21:21:43.0908 PM
[ReportManager] API Action [getResponseJSONValue] successfully performed. With the following test data [title]. @28-04-2021 21:21:43.0931 PM
[ReportManager] API Action [getResponseJSONValue] successfully performed. With the following test data [title]. @28-04-2021 21:21:43.0938 PM
[ReportManager] API Action [getResponseJSONValue] successfully performed. With the following test data [title]. @28-04-2021 21:21:43.0944 PM
[ReportManager] API Action [getResponseJSONValue] successfully performed. With the following test data [title]. @28-04-2021 21:21:43.0951 PM
[ReportManager] API Action [getResponseJSONValue] successfully performed. With the following test data [title]. @28-04-2021 21:21:43.0957 PM
[ReportManager] API Action [getResponseJSONValue] successfully performed. With the following test data [title]. @28-04-2021 21:21:43.0964 PM
[ReportManager] API Action [getResponseJSONValue] successfully performed. With the following test data [title]. @28-04-2021 21:21:43.0971 PM
[ReportManager] API Action [getResponseJSONValue] successfully performed. With the following test data [title]. @28-04-2021 21:21:43.0977 PM
[ReportManager] API Action [getResponseJSONValue] successfully performed. With the following test data [title]. @28-04-2021 21:21:43.0984 PM
[ReportManager] API Action [getResponseJSONValue] successfully performed. With the following test data [title]. @28-04-2021 21:21:43.0990 PM
[ReportManager] API Action [getResponseJSONValue] successfully performed. With the following test data [title]. @28-04-2021 21:21:43.0997 PM
[ReportManager] API Action [getResponseJSONValue] successfully performed. With the following test data [title]. @28-04-2021 21:21:44.0004 PM
[ReportManager] API Action [getResponseJSONValue] successfully performed. With the following test data [title]. @28-04-2021 21:21:44.0010 PM
[ReportManager] API Action [getResponseJSONValue] successfully performed. With the following test data [title]. @28-04-2021 21:21:44.0017 PM
[ReportManager] API Action [getResponseJSONValue] successfully performed. With the following test data [title]. @28-04-2021 21:21:44.0024 PM
[ReportManager] API Action [getResponseJSONValue] successfully performed. With the following test data [title]. @28-04-2021 21:21:44.0031 PM
[ReportManager] API Action [getResponseJSONValue] successfully performed. With the following test data [title]. @28-04-2021 21:21:44.0037 PM
[ReportManager] API Action [getResponseJSONValue] successfully performed. With the following test data [title]. @28-04-2021 21:21:44.0044 PM
[ReportManager] API Action [getResponseJSONValue] successfully performed. With the following test data [title]. @28-04-2021 21:21:44.0051 PM
[ReportManager] API Action [getResponseJSONValue] successfully performed. With the following test data [title]. @28-04-2021 21:21:44.0057 PM
[ReportManager] API Action [getResponseJSONValue] successfully performed. With the following test data [title]. @28-04-2021 21:21:44.0064 PM
[ReportManager] API Action [getResponseJSONValue] successfully performed. With the following test data [title]. @28-04-2021 21:21:44.0070 PM
[ReportManager] API Action [getResponseJSONValue] successfully performed. With the following test data [title]. @28-04-2021 21:21:44.0077 PM
[ReportManager] API Action [getResponseJSONValue] successfully performed. With the following test data [title]. @28-04-2021 21:21:44.0084 PM
[ReportManager] API Action [getResponseJSONValue] successfully performed. With the following test data [title]. @28-04-2021 21:21:44.0091 PM
[ReportManager] API Action [getResponseJSONValue] successfully performed. With the following test data [title]. @28-04-2021 21:21:44.0098 PM
[ReportManager] API Action [getResponseJSONValue] successfully performed. With the following test data [title]. @28-04-2021 21:21:44.0105 PM
[ReportManager] API Action [getResponseJSONValue] successfully performed. With the following test data [title]. @28-04-2021 21:21:44.0111 PM
[ReportManager] API Action [getResponseJSONValue] successfully performed. With the following test data [title]. @28-04-2021 21:21:44.0118 PM
[ReportManager] API Action [getResponseJSONValue] successfully performed. With the following test data [title]. @28-04-2021 21:21:44.0125 PM
[ReportManager] API Action [getResponseJSONValue] successfully performed. With the following test data [title]. @28-04-2021 21:21:44.0132 PM
[ReportManager] API Action [getResponseJSONValue] successfully performed. With the following test data [title]. @28-04-2021 21:21:44.0139 PM
[ReportManager] API Action [getResponseJSONValue] successfully performed. With the following test data [title]. @28-04-2021 21:21:44.0145 PM
[ReportManager] API Action [getResponseJSONValue] successfully performed. With the following test data [title]. @28-04-2021 21:21:44.0151 PM
[ReportManager] API Action [getResponseJSONValue] successfully performed. With the following test data [title]. @28-04-2021 21:21:44.0158 PM
[ReportManager] API Action [getResponseJSONValue] successfully performed. With the following test data [title]. @28-04-2021 21:21:44.0165 PM
[ReportManager] API Action [getResponseJSONValue] successfully performed. With the following test data [title]. @28-04-2021 21:21:44.0171 PM
[ReportManager] API Action [getResponseJSONValue] successfully performed. With the following test data [title]. @28-04-2021 21:21:44.0178 PM
[ReportManager] API Action [getResponseJSONValue] successfully performed. With the following test data [title]. @28-04-2021 21:21:44.0185 PM
[ReportManager] API Action [getResponseJSONValue] successfully performed. With the following test data [title]. @28-04-2021 21:21:44.0191 P

################################################################################################################################################
Starting Execution:	[136 out of 137] test cases in the current suite
Test Method:		[unitTests.tests_restActions.validateUserEmail]
################################################################################################################################################
[ReportManager] Response status code: [200], status line: [HTTP/1.1 200 OK] @28-04-2021 21:21:44.0275 PM
[ReportManager] Evaluating the actual response status code against the expected one...... @28-04-2021 21:21:44.0275 PM
[ReportManager] AssertEquals PASSED; Expected [200] and Actual [200]. Comparison Type [EQUALS]. Validation Type [POSITIVE]. @28-04-2021 21:21:44.0275 PM
[ReportManager] API Action [performRequest] successfully performed. With the following test data [Request Type: "GET" | Target Status Code: "200" | Service URL: "https://jsonplaceholder.typicode.com/users" | Content Type: "*/*" | Response Time: "78ms"]. @28-04-2021 21:21:44.0298 PM
[ReportManager] Successfully created attachment [API Response - JSON Body] @28-04-2021 21:21:44.0299 PM
[ReportManager] AssertEquals PASSED; Expected and Actual values are attached. Comparison Type [CONTAINS]. Validation Type [POSITIVE]. @28-04-2021 21:21:44.0299 PM
[ReportManager] Successfully created attachment [Validation Test Data - Expected Value] @28-04-2021 21:21:44.0299 PM
[ReportManager] Successfully created attachment [Validation Test Data - Actual Value] @28-04-2021 21:21:44.0299 PM
[ReportManager] API Action [getResponseJSONValueAsList] successfully performed. With the following test data [$]. @28-04-2021 21:21:44.0304 PM
[ReportManager] API Action [getResponseJSONValue] successfully performed. With the following test data [name]. @28-04-2021 21:21:44.0313 PM
[ReportManager] API Action [getResponseJSONValue] successfully performed. With the following test data [email]. @28-04-2021 21:21:44.0324 PM
[ReportManager] AssertEquals PASSED; Expected [Sincere@april.biz] and Actual [Sincere@april.biz]. Comparison Type [EQUALS]. Validation Type [POSITIVE]. @28-04-2021 21:21:44.0324 PM
[ReportManager] API Action [getResponseJSONValue] successfully performed. With the following test data [name]. @28-04-2021 21:21:44.0339 PM
[ReportManager] API Action [getResponseJSONValue] successfully performed. With the following test data [name]. @28-04-2021 21:21:44.0353 PM
[ReportManager] API Action [getResponseJSONValue] successfully performed. With the following test data [name]. @28-04-2021 21:21:44.0364 PM
[ReportManager] API Action [getResponseJSONValue] successfully performed. With the following test data [name]. @28-04-2021 21:21:44.0372 PM
[ReportManager] API Action [getResponseJSONValue] successfully performed. With the following test data [name]. @28-04-2021 21:21:44.0382 PM
[ReportManager] API Action [getResponseJSONValue] successfully performed. With the following test data [name]. @28-04-2021 21:21:44.0389 PM
[ReportManager] API Action [getResponseJSONValue] successfully performed. With the following test data [name]. @28-04-2021 21:21:44.0397 PM
[ReportManager] API Action [getResponseJSONValue] successfully performed. With the following test data [name]. @28-04-2021 21:21:44.0405 PM
[ReportManager] API Action [getResponseJSONValue] successfully performed. With the following test data [name]. @28-04-2021 21:21:44.0412 P
[ReportManager] Successfully loaded the following test data file [src/test/resources/TestDataFiles/testSuite01/TestData.xlsx]. @28-04-2021 21:21:44.0466 PM
[ReportManager] Successfully created attachment [Test Data - Excel] @28-04-2021 21:21:44.0466 P

################################################################################################################################################
Starting Execution:	[137 out of 137] test cases in the current suite
Test Method:		[unitTests.tests_io_excelFileManager.getCellData_rowName_expectedToPass]
################################################################################################################################################
[ReportManager] testRowData. @28-04-2021 21:21:44.0472 P

################################################################################################################################################
Test Closure Activities
################################################################################################################################################
[ReportManager] Successfully created attachment [SHAFT Engine Logs - Execution log] @28-04-2021 21:21:44.0505 PM

################################################################################################################################################
This test run was powered by SHAFT Engine Version: [SHAFT Engine v5.2.20210427]
SHAFT Engine is licensed under the MIT License: [https://github.com/MohabMohie/SHAFT_ENGINE/blob/master/LICENSE].
################################################################################################################################################