################################################################################################################################################
Detected SHAFT Engine Version: [SHAFT Engine v5.2.20210427]
################################################################################################################################################
[ReportManager] File Action [getAbsolutePath] successfully performed. With the following test data [Relative Folder Path: "target/downloadedFiles/"]. @06-05-2021 07:13:39.0264 AM
[ReportManager] Attempting to run remotely on: [Linux-64], [GoogleChrome], [http://localhost:4444/wd/hub], Headless Execution. @06-05-2021 07:13:39.0293 AM
[ReportManager] Successfully Opened [GoogleChrome]. @06-05-2021 07:13:40.0815 A

################################################################################################################################################
Starting Execution:	[1 out of 137] test cases in the current suite
Test Method:		[testPackage01.Test_assertEquals.test_assertElementAttribute]
################################################################################################################################################
[ReportManager] Target URL: [https://www.google.com/ncr], and after redirection: [https://www.google.com] @06-05-2021 07:13:40.0969 AM
[ReportManager] Initial URL: [data:,] @06-05-2021 07:13:41.0092 AM
[ReportManager] Browser Action [navigateToURL] successfully performed. With the following test data [https://www.google.com/ncr]. @06-05-2021 07:13:42.0524 AM
[ReportManager] Element Action [type] successfully performed. With the following test data [INC_004010050:Another SCHEDULER with the same name [Duplicate Job Name] already exists.]. @06-05-2021 07:13:44.0887 AM
[ReportManager] Element Action [getText] successfully performed. With the following test data [INC_004010050:Another SCHEDULER with the same name [Duplicate Job Name] already exists.]. @06-05-2021 07:13:45.0110 AM
[ReportManager] Loaded Shared OpenCV @06-05-2021 07:13:45.0854 AM
[ReportManager] AssertElementAttribute PASSED; Expected [Value Should be 'INC_004010050:Another SCHEDULER with the same name \[Duplicate Job Name\] already exists.' for the 'text' attribute, element locator 'By.name: q'] and Actual [INC_004010050:Another SCHEDULER with the same name [Duplicate Job Name] already exists.]. Comparison Type [MATCHES]. Validation Type [POSITIVE]. @06-05-2021 07:13:46.0161 AM
[ReportManager] Successfully created attachment [Screenshot - 1620285225397_test_assertElementAttribute_AssertElementAttribute_passed] @06-05-2021 07:13:46.0176 A
[ReportManager] Successfully created attachment [Selenium WebDriver Logs - server] @06-05-2021 07:13:46.0402 AM
[ReportManager] Successfully created attachment [Selenium WebDriver Logs - performance] @06-05-2021 07:13:46.0866 AM
[ReportManager] Successfully created attachment [Selenium WebDriver Logs - driver] @06-05-2021 07:13:47.0415 AM
[ReportManager] Browser Action [closeCurrentWindow] successfully performed. @06-05-2021 07:13:47.0484 AM
[ReportManager] Successfully created attachment [Browser Action Test Data - closeCurrentWindow - Actual Value] @06-05-2021 07:13:47.0489 A
[ReportManager] File Action [getAbsolutePath] successfully performed. With the following test data [Relative Folder Path: "target/downloadedFiles/"]. @06-05-2021 07:13:47.0501 AM
[ReportManager] Attempting to run remotely on: [Linux-64], [GoogleChrome], [http://localhost:4444/wd/hub], Headless Execution. @06-05-2021 07:13:47.0501 AM
[ReportManager] Successfully Opened [GoogleChrome]. @06-05-2021 07:13:48.0130 A

################################################################################################################################################
Starting Execution:	[2 out of 137] test cases in the current suite
Test Method:		[testPackage01.Test_dynamicLoading.dynamicLoading_elementIsHidden]
################################################################################################################################################
[ReportManager] Target URL: [https://the-internet.herokuapp.com/dynamic_loading/1] @06-05-2021 07:13:48.0194 AM
[ReportManager] Initial URL: [data:,] @06-05-2021 07:13:48.0268 AM
[ReportManager] Browser Action [navigateToURL] successfully performed. With the following test data [https://the-internet.herokuapp.com/dynamic_loading/1]. @06-05-2021 07:13:51.0049 AM
[ReportManager] Element Action [click] successfully performed. With the following test data [Start]. @06-05-2021 07:13:51.0574 AM
[ReportManager] Element Action [getText] successfully performed. With the following test data [
    Hello World!
  ]. @06-05-2021 07:13:51.0722 AM
[ReportManager] Loaded Shared OpenCV @06-05-2021 07:13:51.0913 AM
[ReportManager] AssertElementAttribute PASSED; Expected [Value Should be 'Hello World!' for the 'text' attribute, element locator 'By.id: finish'] and Actual [
    Hello World!
  ]. Comparison Type [CONTAINS]. Validation Type [POSITIVE]. @06-05-2021 07:13:52.0036 AM
[ReportManager] Successfully created attachment [Screenshot - 1620285231913_dynamicLoading_elementIsHidden_AssertElementAttribute_passed] @06-05-2021 07:13:52.0039 A
[ReportManager] Successfully created attachment [Selenium WebDriver Logs - server] @06-05-2021 07:13:52.0135 AM
[ReportManager] Successfully created attachment [Selenium WebDriver Logs - performance] @06-05-2021 07:13:52.0193 AM
[ReportManager] Successfully created attachment [Selenium WebDriver Logs - browser] @06-05-2021 07:13:52.0205 AM
[ReportManager] Successfully created attachment [Selenium WebDriver Logs - driver] @06-05-2021 07:13:52.0331 AM
[ReportManager] Browser Action [closeCurrentWindow] successfully performed. @06-05-2021 07:13:52.0391 AM
[ReportManager] Successfully created attachment [Browser Action Test Data - closeCurrentWindow - Actual Value] @06-05-2021 07:13:52.0392 A
[ReportManager] File Action [getAbsolutePath] successfully performed. With the following test data [Relative Folder Path: "target/downloadedFiles/"]. @06-05-2021 07:13:52.0399 AM
[ReportManager] Attempting to run remotely on: [Linux-64], [GoogleChrome], [http://localhost:4444/wd/hub], Headless Execution. @06-05-2021 07:13:52.0400 AM
[ReportManager] Successfully Opened [GoogleChrome]. @06-05-2021 07:13:53.0093 A

################################################################################################################################################
Starting Execution:	[3 out of 137] test cases in the current suite
Test Method:		[testPackage01.Test_dynamicLoading.dynamicLoading_elementIsRendered]
################################################################################################################################################
[ReportManager] Target URL: [https://the-internet.herokuapp.com/dynamic_loading/2] @06-05-2021 07:13:53.0137 AM
[ReportManager] Initial URL: [data:,] @06-05-2021 07:13:53.0200 AM
[ReportManager] Browser Action [navigateToURL] successfully performed. With the following test data [https://the-internet.herokuapp.com/dynamic_loading/2]. @06-05-2021 07:13:55.0876 AM
[ReportManager] Element Action [click] successfully performed. With the following test data [Start]. @06-05-2021 07:13:56.0314 AM
[ReportManager] Element Action [getText] successfully performed. With the following test data [Hello World!]. @06-05-2021 07:14:01.0512 AM
[ReportManager] Loaded Shared OpenCV @06-05-2021 07:14:01.0705 AM
[ReportManager] AssertElementAttribute PASSED; Expected [Value Should be 'Hello World!' for the 'text' attribute, element locator 'By.id: finish'] and Actual [Hello World!]. Comparison Type [CONTAINS]. Validation Type [POSITIVE]. @06-05-2021 07:14:01.0781 AM
[ReportManager] Successfully created attachment [Screenshot - 1620285241705_dynamicLoading_elementIsRendered_AssertElementAttribute_passed] @06-05-2021 07:14:01.0783 A
[ReportManager] Successfully created attachment [Selenium WebDriver Logs - server] @06-05-2021 07:14:01.0857 AM
[ReportManager] Successfully created attachment [Selenium WebDriver Logs - performance] @06-05-2021 07:14:01.0901 AM
[ReportManager] Successfully created attachment [Selenium WebDriver Logs - browser] @06-05-2021 07:14:01.0916 AM
[ReportManager] Successfully created attachment [Selenium WebDriver Logs - driver] @06-05-2021 07:14:02.0040 AM
[ReportManager] Browser Action [closeCurrentWindow] successfully performed. @06-05-2021 07:14:02.0103 AM
[ReportManager] Successfully created attachment [Browser Action Test Data - closeCurrentWindow - Actual Value] @06-05-2021 07:14:02.0104 A

################################################################################################################################################
Starting Execution:	[4 out of 137] test cases in the current suite
Test Method:		[testPackage01.Test_SelectedValue.multipleSelect]
################################################################################################################################################
[ReportManager] File Action [getAbsolutePath] successfully performed. With the following test data [Relative Folder Path: "target/downloadedFiles/"]. @06-05-2021 07:14:02.0114 AM
[ReportManager] Attempting to run remotely on: [Linux-64], [GoogleChrome], [http://localhost:4444/wd/hub], Headless Execution. @06-05-2021 07:14:02.0114 AM
[ReportManager] Successfully Opened [GoogleChrome]. @06-05-2021 07:14:02.0823 AM
[ReportManager] Target URL: [https://mdn.mozillademos.org/en-US/docs/Web/HTML/Element/select$samples/Advanced_select_with_multiple_features?revision=1612304] @06-05-2021 07:14:02.0846 AM
[ReportManager] Initial URL: [data:,] @06-05-2021 07:14:02.0917 AM
[ReportManager] Browser Action [navigateToURL] successfully performed. With the following test data [https://mdn.mozillademos.org/en-US/docs/Web/HTML/Element/select$samples/Advanced_select_with_multiple_features?revision=1612304]. @06-05-2021 07:14:03.0344 AM
[ReportManager] Element Action [select] successfully performed. With the following test data [Dog]. @06-05-2021 07:14:03.0635 AM
[ReportManager] Element Action [select] successfully performed. With the following test data [Cat]. @06-05-2021 07:14:03.0929 AM
[ReportManager] Element Action [getSelectedText] successfully performed. With the following test data [DogCat]. @06-05-2021 07:14:04.0127 AM
[ReportManager] DogCat @06-05-2021 07:14:04.0127 AM
[ReportManager] Element Action [getSelectedText] successfully performed. With the following test data [DogCat]. @06-05-2021 07:14:04.0307 AM
[ReportManager] Loaded Shared OpenCV @06-05-2021 07:14:04.0451 AM
[ReportManager] AssertElementAttribute PASSED; Expected [Value Should be 'DogCat' for the 'selectedText' attribute, element locator 'By.tagName: select'] and Actual [DogCat]. Comparison Type [EQUALS]. Validation Type [POSITIVE]. @06-05-2021 07:14:04.0514 AM
[ReportManager] Successfully created attachment [Screenshot - 1620285244451_multipleSelect_AssertElementAttribute_passed] @06-05-2021 07:14:04.0515 AM
[ReportManager] Successfully created attachment [Selenium WebDriver Logs - server] @06-05-2021 07:14:04.0581 AM
[ReportManager] Successfully created attachment [Selenium WebDriver Logs - performance] @06-05-2021 07:14:04.0593 AM
[ReportManager] Successfully created attachment [Selenium WebDriver Logs - driver] @06-05-2021 07:14:04.0704 AM
[ReportManager] Browser Action [closeCurrentWindow] successfully performed. @06-05-2021 07:14:04.0766 AM
[ReportManager] Successfully created attachment [Browser Action Test Data - closeCurrentWindow - Actual Value] @06-05-2021 07:14:04.0767 A

################################################################################################################################################
Starting Execution:	[5 out of 137] test cases in the current suite
Test Method:		[testPackage01.Test_SelectedValue.simpleSelect]
################################################################################################################################################
[ReportManager] File Action [getAbsolutePath] successfully performed. With the following test data [Relative Folder Path: "target/downloadedFiles/"]. @06-05-2021 07:14:04.0776 AM
[ReportManager] Attempting to run remotely on: [Linux-64], [GoogleChrome], [http://localhost:4444/wd/hub], Headless Execution. @06-05-2021 07:14:04.0777 AM
[ReportManager] Successfully Opened [GoogleChrome]. @06-05-2021 07:14:05.0030 AM
[ReportManager] Target URL: [https://mdn.mozillademos.org/en-US/docs/Web/HTML/Element/select$samples/Basic_select?revision=1612304] @06-05-2021 07:14:05.0070 AM
[ReportManager] Initial URL: [data:,] @06-05-2021 07:14:05.0139 AM
[ReportManager] Browser Action [navigateToURL] successfully performed. With the following test data [https://mdn.mozillademos.org/en-US/docs/Web/HTML/Element/select$samples/Basic_select?revision=1612304]. @06-05-2021 07:14:05.0435 AM
[ReportManager] Element Action [select] successfully performed. With the following test data [Third Value]. @06-05-2021 07:14:05.0797 AM
[ReportManager] Element Action [getSelectedText] successfully performed. With the following test data [Third Value]. @06-05-2021 07:14:05.0951 AM
[ReportManager] Third Value @06-05-2021 07:14:05.0952 AM
[ReportManager] Element Action [getSelectedText] successfully performed. With the following test data [Third Value]. @06-05-2021 07:14:06.0081 AM
[ReportManager] Loaded Shared OpenCV @06-05-2021 07:14:06.0230 AM
[ReportManager] AssertElementAttribute PASSED; Expected [Value Should be 'Third Value' for the 'selectedText' attribute, element locator 'By.tagName: select'] and Actual [Third Value]. Comparison Type [EQUALS]. Validation Type [POSITIVE]. @06-05-2021 07:14:06.0287 AM
[ReportManager] Successfully created attachment [Screenshot - 1620285246230_simpleSelect_AssertElementAttribute_passed] @06-05-2021 07:14:06.0288 AM
[ReportManager] Successfully created attachment [Selenium WebDriver Logs - server] @06-05-2021 07:14:06.0378 AM
[ReportManager] Successfully created attachment [Selenium WebDriver Logs - performance] @06-05-2021 07:14:06.0389 AM
[ReportManager] Successfully created attachment [Selenium WebDriver Logs - driver] @06-05-2021 07:14:06.0470 AM
[ReportManager] Browser Action [closeCurrentWindow] successfully performed. @06-05-2021 07:14:06.0530 AM
[ReportManager] Successfully created attachment [Browser Action Test Data - closeCurrentWindow - Actual Value] @06-05-2021 07:14:06.0531 A
[ReportManager] File Action [getAbsolutePath] successfully performed. With the following test data [Relative Folder Path: "target/downloadedFiles/"]. @06-05-2021 07:14:06.0543 AM
[ReportManager] Attempting to run remotely on: [Linux-64], [GoogleChrome], [http://localhost:4444/wd/hub], Headless Execution. @06-05-2021 07:14:06.0544 AM
[ReportManager] Successfully Opened [GoogleChrome]. @06-05-2021 07:14:06.0822 A

################################################################################################################################################
Starting Execution:	[6 out of 137] test cases in the current suite
Test Method:		[testPackage01.Test_IsElementClickable.testIsElementClickable]
################################################################################################################################################
[ReportManager] Target URL: [https://the-internet.herokuapp.com/] @06-05-2021 07:14:06.0836 AM
[ReportManager] Initial URL: [data:,] @06-05-2021 07:14:06.0884 AM
[ReportManager] Browser Action [navigateToURL] successfully performed. With the following test data [https://the-internet.herokuapp.com/]. @06-05-2021 07:14:09.0598 AM
[ReportManager] Element Action [isElementClickable] successfully performed. @06-05-2021 07:14:09.0752 AM
[ReportManager] AssertTrue PASSED; Expected [TRUE] and Actual [TRUE]. Validation Type [POSITIVE]. @06-05-2021 07:14:09.0753 A
[ReportManager] Successfully created attachment [Selenium WebDriver Logs - server] @06-05-2021 07:14:09.0846 AM
[ReportManager] Successfully created attachment [Selenium WebDriver Logs - performance] @06-05-2021 07:14:09.0870 AM
[ReportManager] Successfully created attachment [Selenium WebDriver Logs - browser] @06-05-2021 07:14:09.0879 AM
[ReportManager] Successfully created attachment [Selenium WebDriver Logs - driver] @06-05-2021 07:14:09.0948 AM
[ReportManager] Browser Action [closeCurrentWindow] successfully performed. @06-05-2021 07:14:10.0015 AM
[ReportManager] Successfully created attachment [Browser Action Test Data - closeCurrentWindow - Actual Value] @06-05-2021 07:14:10.0015 A
[ReportManager] File Action [getAbsolutePath] successfully performed. With the following test data [Relative Folder Path: "target/downloadedFiles/"]. @06-05-2021 07:14:10.0018 AM
[ReportManager] Attempting to run remotely on: [Linux-64], [GoogleChrome], [http://localhost:4444/wd/hub], Headless Execution. @06-05-2021 07:14:10.0018 AM
[ReportManager] Successfully Opened [GoogleChrome]. @06-05-2021 07:14:10.0297 A

################################################################################################################################################
Starting Execution:	[7 out of 137] test cases in the current suite
Test Method:		[testPackage01.Test_dragAndDrop.dragAndDrop]
Test Description:	[TC001 - Test Drag and Drop function.]
################################################################################################################################################
[ReportManager] Target URL: [http://the-internet.herokuapp.com/drag_and_drop] @06-05-2021 07:14:10.0324 AM
[ReportManager] Initial URL: [data:,] @06-05-2021 07:14:10.0369 AM
[ReportManager] Browser Action [navigateToURL] successfully performed. With the following test data [http://the-internet.herokuapp.com/drag_and_drop]. @06-05-2021 07:14:11.0299 AM
[ReportManager] Attempting Drag and Drop @06-05-2021 07:14:11.0299 AM
[ReportManager] Element Action [dragAndDrop] successfully performed. With the following test data [Start point: (32, 89), End point: (247, 89)]. @06-05-2021 07:14:12.0543 A
[ReportManager] Successfully created attachment [Selenium WebDriver Logs - server] @06-05-2021 07:14:12.0614 AM
[ReportManager] Successfully created attachment [Selenium WebDriver Logs - performance] @06-05-2021 07:14:12.0644 AM
[ReportManager] Successfully created attachment [Selenium WebDriver Logs - browser] @06-05-2021 07:14:12.0654 AM
[ReportManager] Successfully created attachment [Selenium WebDriver Logs - driver] @06-05-2021 07:14:12.0726 AM
[ReportManager] Browser Action [closeCurrentWindow] successfully performed. @06-05-2021 07:14:12.0785 AM
[ReportManager] Successfully created attachment [Browser Action Test Data - closeCurrentWindow - Actual Value] @06-05-2021 07:14:12.0786 A
[ReportManager] File Action [getAbsolutePath] successfully performed. With the following test data [Relative Folder Path: "target/downloadedFiles/"]. @06-05-2021 07:14:12.0788 AM
[ReportManager] Attempting to run remotely on: [Linux-64], [GoogleChrome], [http://localhost:4444/wd/hub], Headless Execution. @06-05-2021 07:14:12.0788 AM
[ReportManager] Successfully Opened [GoogleChrome]. @06-05-2021 07:14:13.0045 A

################################################################################################################################################
Starting Execution:	[8 out of 137] test cases in the current suite
Test Method:		[testPackage01.Test_dragAndDrop.dragAndDropByOffset]
Test Description:	[TC002 - Test Drag and Drop by offset function.]
################################################################################################################################################
[ReportManager] Target URL: [https://jqueryui.com/resources/demos/draggable/default.html] @06-05-2021 07:14:13.0067 AM
[ReportManager] Initial URL: [data:,] @06-05-2021 07:14:13.0146 AM
[ReportManager] Browser Action [navigateToURL] successfully performed. With the following test data [https://jqueryui.com/resources/demos/draggable/default.html]. @06-05-2021 07:14:13.0895 AM
[ReportManager] Element Action [dragAndDropByOffset] successfully performed. With the following test data [Start point: (8, 8), End point: (1008, 108)]. @06-05-2021 07:14:14.0111 A
[ReportManager] Successfully created attachment [Selenium WebDriver Logs - server] @06-05-2021 07:14:14.0173 AM
[ReportManager] Successfully created attachment [Selenium WebDriver Logs - performance] @06-05-2021 07:14:14.0199 AM
[ReportManager] Successfully created attachment [Selenium WebDriver Logs - driver] @06-05-2021 07:14:14.0288 AM
[ReportManager] Browser Action [closeCurrentWindow] successfully performed. @06-05-2021 07:14:14.0350 AM
[ReportManager] Successfully created attachment [Browser Action Test Data - closeCurrentWindow - Actual Value] @06-05-2021 07:14:14.0350 A
[ReportManager] File Action [getAbsolutePath] successfully performed. With the following test data [Relative Folder Path: "target/downloadedFiles/"]. @06-05-2021 07:14:14.0352 AM
[ReportManager] Attempting to run remotely on: [Linux-64], [GoogleChrome], [http://localhost:4444/wd/hub], Headless Execution. @06-05-2021 07:14:14.0352 AM
[ReportManager] Successfully Opened [GoogleChrome]. @06-05-2021 07:14:14.0620 A

################################################################################################################################################
Starting Execution:	[9 out of 137] test cases in the current suite
Test Method:		[testPackage01.Test_dragAndDrop.dragAndDropJquery]
################################################################################################################################################
[ReportManager] Target URL: [https://jqueryui.com/resources/demos/droppable/default.html] @06-05-2021 07:14:14.0646 AM
[ReportManager] Initial URL: [data:,] @06-05-2021 07:14:14.0698 AM
[ReportManager] Browser Action [navigateToURL] successfully performed. With the following test data [https://jqueryui.com/resources/demos/droppable/default.html]. @06-05-2021 07:14:15.0325 AM
[ReportManager] Element Action [getText] successfully performed. With the following test data [Drop here]. @06-05-2021 07:14:15.0431 AM
[ReportManager] Element Action [dragAndDrop] successfully performed. With the following test data [Start point: (8, 18), End point: (8, 18)]. @06-05-2021 07:14:16.0789 AM
[ReportManager] Element Action [getText] successfully performed. With the following test data [Dropped!]. @06-05-2021 07:14:16.0875 AM
[ReportManager] Checking to see if the text has changed after performing drag and drop... @06-05-2021 07:14:16.0875 AM
[ReportManager] AssertEquals PASSED; Expected [Drop here] and Actual [Dropped!]. Comparison Type [EQUALS]. Validation Type [NEGATIVE]. @06-05-2021 07:14:16.0875 A
[ReportManager] Successfully created attachment [Selenium WebDriver Logs - server] @06-05-2021 07:14:16.0944 AM
[ReportManager] Successfully created attachment [Selenium WebDriver Logs - performance] @06-05-2021 07:14:16.0962 AM
[ReportManager] Successfully created attachment [Selenium WebDriver Logs - driver] @06-05-2021 07:14:17.0041 AM
[ReportManager] Browser Action [closeCurrentWindow] successfully performed. @06-05-2021 07:14:17.0100 AM
[ReportManager] Successfully created attachment [Browser Action Test Data - closeCurrentWindow - Actual Value] @06-05-2021 07:14:17.0100 A

################################################################################################################################################
Starting Execution:	[10 out of 137] test cases in the current suite
Test Method:		[testPackage01.Test_SkipDueToIssue.doNotSkip]
################################################################################################################################################
[ReportManager] This should not be skipped. @06-05-2021 07:14:17.0107 A

################################################################################################################################################
Starting Execution:	[11 out of 137] test cases in the current suite
Test Method:		[testPackage01.Test_SkipDueToIssue.skip]
################################################################################################################################################
[ReportManager] This should be skipped. @06-05-2021 07:14:17.0126 A

################################################################################################################################################
Starting Execution:	[12 out of 137] test cases in the current suite
Test Method:		[testPackage01.Test_SkipDueToIssue.skip2]
################################################################################################################################################
[ReportManager] This should be skipped. @06-05-2021 07:14:17.0133 A

################################################################################################################################################
Starting Execution:	[13 out of 137] test cases in the current suite
Test Method:		[testPackage01.Test_chainableElementActions.chainElementActions]
################################################################################################################################################
[ReportManager] File Action [getAbsolutePath] successfully performed. With the following test data [Relative Folder Path: "target/downloadedFiles/"]. @06-05-2021 07:14:17.0140 AM
[ReportManager] Attempting to run remotely on: [Linux-64], [GoogleChrome], [http://localhost:4444/wd/hub], Headless Execution. @06-05-2021 07:14:17.0141 AM
[ReportManager] Successfully Opened [GoogleChrome]. @06-05-2021 07:14:17.0428 AM
[ReportManager] Target URL: [https://www.google.com/ncr], and after redirection: [https://www.google.com] @06-05-2021 07:14:17.0439 AM
[ReportManager] Initial URL: [data:,] @06-05-2021 07:14:17.0485 AM
[ReportManager] Browser Action [navigateToURL] successfully performed. With the following test data [https://www.google.com/ncr]. @06-05-2021 07:14:18.0434 AM
[ReportManager] Element Action [type] successfully performed. With the following test data [chained type 1]. @06-05-2021 07:14:19.0071 AM
[ReportManager] Element Action [type] successfully performed. With the following test data [chained type 2]. @06-05-2021 07:14:19.0631 AM
[ReportManager] Element Action [typeAppend] successfully performed. With the following test data [345]. @06-05-2021 07:14:19.0782 AM
[ReportManager] Element Action [getText] successfully performed. With the following test data [chained type 2345]. @06-05-2021 07:14:19.0913 AM
[ReportManager] Loaded Shared OpenCV @06-05-2021 07:14:20.0082 AM
[ReportManager] AssertElementAttribute PASSED; Expected [Value Should be 'chained type 2345' for the 'text' attribute, element locator 'By.name: q'] and Actual [chained type 2345]. Comparison Type [EQUALS]. Validation Type [POSITIVE]. @06-05-2021 07:14:20.0154 AM
[ReportManager] Successfully created attachment [Screenshot - 1620285260082_chainElementActions_AssertElementAttribute_passed] @06-05-2021 07:14:20.0155 AM
[ReportManager] Successfully created attachment [Selenium WebDriver Logs - server] @06-05-2021 07:14:20.0238 AM
[ReportManager] Successfully created attachment [Selenium WebDriver Logs - performance] @06-05-2021 07:14:20.0418 AM
[ReportManager] Successfully created attachment [Selenium WebDriver Logs - driver] @06-05-2021 07:14:20.0654 AM
[ReportManager] Browser Action [closeCurrentWindow] successfully performed. @06-05-2021 07:14:20.0711 AM
[ReportManager] Successfully created attachment [Browser Action Test Data - closeCurrentWindow - Actual Value] @06-05-2021 07:14:20.0712 A
[ReportManager] File Action [getAbsolutePath] successfully performed. With the following test data [Relative Folder Path: "target/downloadedFiles/"]. @06-05-2021 07:14:20.0742 AM
[ReportManager] Attempting to run remotely on: [Linux-64], [GoogleChrome], [http://localhost:4444/wd/hub], Headless Execution. @06-05-2021 07:14:20.0743 AM
[ReportManager] Successfully Opened [GoogleChrome]. @06-05-2021 07:14:20.0981 A

################################################################################################################################################
Starting Execution:	[14 out of 137] test cases in the current suite
Test Method:		[testPackage01.Test_clipboardActions.typeTextAndCopyPaste]
################################################################################################################################################
[ReportManager] Target URL: [https://www.google.com/ncr], and after redirection: [https://www.google.com] @06-05-2021 07:14:21.0003 AM
[ReportManager] Initial URL: [data:,] @06-05-2021 07:14:21.0056 AM
[ReportManager] Browser Action [navigateToURL] successfully performed. With the following test data [https://www.google.com/ncr]. @06-05-2021 07:14:21.0926 AM
[ReportManager] Element Action [type] successfully performed. With the following test data [FIRST]. @06-05-2021 07:14:22.0450 AM
[ReportManager] Element Action [clipboardActions] successfully performed. With the following test data [select all]. @06-05-2021 07:14:22.0537 AM
[ReportManager] Element Action [clipboardActions] successfully performed. With the following test data [copy]. @06-05-2021 07:14:22.0615 AM
[ReportManager] Element Action [clipboardActions] successfully performed. With the following test data [unselect]. @06-05-2021 07:14:22.0701 AM
[ReportManager] Element Action [clipboardActions] successfully performed. With the following test data [paste]. @06-05-2021 07:14:22.0793 AM
[ReportManager] Element Action [clipboardActions] successfully performed. With the following test data [select all]. @06-05-2021 07:14:22.0870 AM
[ReportManager] Element Action [clipboardActions] successfully performed. With the following test data [cut]. @06-05-2021 07:14:22.0979 AM
[ReportManager] Element Action [clipboardActions] successfully performed. With the following test data [paste]. @06-05-2021 07:14:23.0071 AM
[ReportManager] Element Action [clipboardActions] successfully performed. With the following test data [paste]. @06-05-2021 07:14:23.0166 A
[ReportManager] Successfully created attachment [Selenium WebDriver Logs - server] @06-05-2021 07:14:23.0262 AM
[ReportManager] Successfully created attachment [Selenium WebDriver Logs - performance] @06-05-2021 07:14:23.0347 AM
[ReportManager] Successfully created attachment [Selenium WebDriver Logs - driver] @06-05-2021 07:14:23.0546 AM
[ReportManager] Browser Action [closeCurrentWindow] successfully performed. @06-05-2021 07:14:23.0604 AM
[ReportManager] Successfully created attachment [Browser Action Test Data - closeCurrentWindow - Actual Value] @06-05-2021 07:14:23.0605 A
[ReportManager] File Action [getAbsolutePath] successfully performed. With the following test data [Relative Folder Path: "target/downloadedFiles/"]. @06-05-2021 07:14:23.0607 AM
[ReportManager] Attempting to run remotely on: [Linux-64], [GoogleChrome], [http://localhost:4444/wd/hub], Headless Execution. @06-05-2021 07:14:23.0607 AM
[ReportManager] Successfully Opened [GoogleChrome]. @06-05-2021 07:14:23.0856 A

################################################################################################################################################
Starting Execution:	[15 out of 137] test cases in the current suite
Test Method:		[testPackage01.Test_verifyEquals.test_assertElementAttribute]
################################################################################################################################################
[ReportManager] Target URL: [https://www.google.com/ncr], and after redirection: [https://www.google.com] @06-05-2021 07:14:23.0878 AM
[ReportManager] Initial URL: [data:,] @06-05-2021 07:14:23.0930 AM
[ReportManager] Browser Action [navigateToURL] successfully performed. With the following test data [https://www.google.com/ncr]. @06-05-2021 07:14:24.0825 AM
[ReportManager] Element Action [type] successfully performed. With the following test data [INC_004010050:Another SCHEDULER with the same name [Duplicate Job Name] already exists.]. @06-05-2021 07:14:26.0959 AM
[ReportManager] Element Action [getText] successfully performed. With the following test data [INC_004010050:Another SCHEDULER with the same name [Duplicate Job Name] already exists.]. @06-05-2021 07:14:27.0066 AM
[ReportManager] Loaded Shared OpenCV @06-05-2021 07:14:27.0232 AM
[ReportManager] VerifyElementAttribute PASSED; Expected [Value Should be 'INC_004010050:Another SCHEDULER with the same name \[Duplicate Job Name\] already exists.' for the 'text' attribute, element locator 'By.name: q'] and Actual [INC_004010050:Another SCHEDULER with the same name [Duplicate Job Name] already exists.]. Comparison Type [MATCHES]. Validation Type [POSITIVE]. @06-05-2021 07:14:27.0309 AM
[ReportManager] Successfully created attachment [Screenshot - 1620285267232_test_assertElementAttribute_VerifyElementAttribute_passed] @06-05-2021 07:14:27.0310 A
[ReportManager] Successfully created attachment [Selenium WebDriver Logs - server] @06-05-2021 07:14:27.0413 AM
[ReportManager] Successfully created attachment [Selenium WebDriver Logs - performance] @06-05-2021 07:14:27.0747 AM
[ReportManager] Successfully created attachment [Selenium WebDriver Logs - driver] @06-05-2021 07:14:28.0044 AM
[ReportManager] Browser Action [closeCurrentWindow] successfully performed. @06-05-2021 07:14:28.0104 AM
[ReportManager] Successfully created attachment [Browser Action Test Data - closeCurrentWindow - Actual Value] @06-05-2021 07:14:28.0105 A

################################################################################################################################################
Starting Execution:	[16 out of 137] test cases in the current suite
Test Method:		[testPackage01.Test_JSONFileManager.readStringFromJson]
################################################################################################################################################
[ReportManager] Successfully loaded the following test data file [src/test/resources/TestDataFiles/simpleJSON.json]. @06-05-2021 07:14:28.0114 AM
[ReportManager] Successfully created attachment [Test Data - JSON] @06-05-2021 07:14:28.0304 AM
[ReportManager] AssertEquals PASSED; Expected [Mohab Mohie] and Actual [Mohab Mohie]. Comparison Type [EQUALS]. Validation Type [POSITIVE]. @06-05-2021 07:14:30.0023 A
[ReportManager] File Action [getAbsolutePath] successfully performed. With the following test data [Relative Folder Path: "target/downloadedFiles/"]. @06-05-2021 07:14:30.0045 AM
[ReportManager] Attempting to run remotely on: [Linux-64], [GoogleChrome], [http://localhost:4444/wd/hub], Headless Execution. @06-05-2021 07:14:30.0046 AM
[ReportManager] Successfully Opened [GoogleChrome]. @06-05-2021 07:14:30.0532 A

################################################################################################################################################
Starting Execution:	[17 out of 137] test cases in the current suite
Test Method:		[testPackage01.Test_uploadFile.uploadFile_invisibleUploadInput]
################################################################################################################################################
[ReportManager] Target URL: [https://fineuploader.com/demos.html#gallery-view] @06-05-2021 07:14:30.0562 AM
[ReportManager] Initial URL: [data:,] @06-05-2021 07:14:30.0611 AM
[ReportManager] Browser Action [navigateToURL] successfully performed. With the following test data [https://fineuploader.com/demos.html#gallery-view]. @06-05-2021 07:14:32.0837 AM
[ReportManager] File Action [getAbsolutePath] successfully performed. With the following test data [Relative File Path: "src/main/resources/images/shaft.png"]. @06-05-2021 07:14:32.0837 AM
[ReportManager] Successfully created attachment [File Action Actual Result - Command Log] @06-05-2021 07:14:32.0837 AM
[ReportManager] Element Action [typeFileLocationForUpload] successfully performed. With the following test data [/home/runner/work/SHAFT_ENGINE/SHAFT_ENGINE/src/main/resources/images/shaft.png]. @06-05-2021 07:14:33.0063 AM
[ReportManager] Attempting to getAttribute [src] from elementLocator [By.xpath: //div[@id='fine-uploader-gallery']//div[@class='qq-thumbnail-wrapper']/img]. @06-05-2021 07:14:33.0064 AM
[ReportManager] Element Action [getAttribute] successfully performed. @06-05-2021 07:14:33.0219 AM
[ReportManager] Successfully created attachment [Element Action Test Data - getAttribute - Actual Value] @06-05-2021 07:14:33.0220 AM
[ReportManager] Loaded Shared OpenCV @06-05-2021 07:14:33.0387 AM
[ReportManager] AssertElementAttribute PASSED; Expected and Actual values are attached. Comparison Type [CONTAINS]. Validation Type [POSITIVE]. @06-05-2021 07:14:33.0490 AM
[ReportManager] Successfully created attachment [Validation Test Data - Expected Value] @06-05-2021 07:14:33.0491 AM
[ReportManager] Successfully created attachment [Validation Test Data - Actual Value] @06-05-2021 07:14:33.0491 AM
[ReportManager] Successfully created attachment [Screenshot - 1620285273387_uploadFile_invisibleUploadInput_AssertElementAttribute_passed] @06-05-2021 07:14:33.0496 A
[ReportManager] Successfully created attachment [Selenium WebDriver Logs - server] @06-05-2021 07:14:33.0626 AM
[ReportManager] Successfully created attachment [Selenium WebDriver Logs - performance] @06-05-2021 07:14:33.0735 AM
[ReportManager] Successfully created attachment [Selenium WebDriver Logs - browser] @06-05-2021 07:14:33.0745 AM
[ReportManager] Successfully created attachment [Selenium WebDriver Logs - driver] @06-05-2021 07:14:33.0931 AM
[ReportManager] Browser Action [closeCurrentWindow] successfully performed. @06-05-2021 07:14:33.0991 AM
[ReportManager] Successfully created attachment [Browser Action Test Data - closeCurrentWindow - Actual Value] @06-05-2021 07:14:33.0992 A
[ReportManager] File Action [getAbsolutePath] successfully performed. With the following test data [Relative Folder Path: "target/downloadedFiles/"]. @06-05-2021 07:14:34.0009 AM
[ReportManager] Attempting to run remotely on: [Linux-64], [GoogleChrome], [http://localhost:4444/wd/hub], Headless Execution. @06-05-2021 07:14:34.0009 AM
[ReportManager] Successfully Opened [GoogleChrome]. @06-05-2021 07:14:34.0275 A

################################################################################################################################################
Starting Execution:	[18 out of 137] test cases in the current suite
Test Method:		[testPackage01.Test_uploadFile.uploadFile_visibleUploadInput]
################################################################################################################################################
[ReportManager] Target URL: [http://demo.guru99.com/test/upload/] @06-05-2021 07:14:34.0304 AM
[ReportManager] Initial URL: [data:,] @06-05-2021 07:14:34.0350 AM
[ReportManager] Browser Action [navigateToURL] successfully performed. With the following test data [http://demo.guru99.com/test/upload/]. @06-05-2021 07:14:35.0840 AM
[ReportManager] File Action [getAbsolutePath] successfully performed. With the following test data [Relative File Path: "src/main/resources/images/shaft.png"]. @06-05-2021 07:14:35.0841 AM
[ReportManager] Successfully created attachment [File Action Actual Result - Command Log] @06-05-2021 07:14:35.0842 AM
[ReportManager] Element Action [typeFileLocationForUpload] successfully performed. With the following test data [/home/runner/work/SHAFT_ENGINE/SHAFT_ENGINE/src/main/resources/images/shaft.png]. @06-05-2021 07:14:36.0011 AM
[ReportManager] Element Action [click] successfully performed. With the following test data [on]. @06-05-2021 07:14:36.0406 AM
[ReportManager] Element Action [click] successfully performed. With the following test data [Submit File]. @06-05-2021 07:14:36.0728 AM
[ReportManager] Element Action [getText] successfully performed. With the following test data [1 file
has been successfully uploaded.]. @06-05-2021 07:14:37.0356 AM
[ReportManager] Loaded Shared OpenCV @06-05-2021 07:14:37.0513 AM
[ReportManager] AssertElementAttribute PASSED; Expected [Value Should be '1 file' for the 'Text' attribute, element locator 'By.id: res'] and Actual [1 file
has been successfully uploaded.]. Comparison Type [CONTAINS]. Validation Type [POSITIVE]. @06-05-2021 07:14:37.0590 AM
[ReportManager] Successfully created attachment [Screenshot - 1620285277513_uploadFile_visibleUploadInput_AssertElementAttribute_passed] @06-05-2021 07:14:37.0590 A
[ReportManager] Successfully created attachment [Selenium WebDriver Logs - server] @06-05-2021 07:14:37.0666 AM
[ReportManager] Successfully created attachment [Selenium WebDriver Logs - performance] @06-05-2021 07:14:37.0730 AM
[ReportManager] Successfully created attachment [Selenium WebDriver Logs - browser] @06-05-2021 07:14:37.0739 AM
[ReportManager] Successfully created attachment [Selenium WebDriver Logs - driver] @06-05-2021 07:14:37.0902 AM
[ReportManager] Browser Action [closeCurrentWindow] successfully performed. @06-05-2021 07:14:37.0959 AM
[ReportManager] Successfully created attachment [Browser Action Test Data - closeCurrentWindow - Actual Value] @06-05-2021 07:14:37.0960 A
[ReportManager] File Action [getAbsolutePath] successfully performed. With the following test data [Relative Folder Path: "target/downloadedFiles/"]. @06-05-2021 07:14:37.0965 AM
[ReportManager] Attempting to run remotely on: [Linux-64], [GoogleChrome], [http://localhost:4444/wd/hub], Headless Execution. @06-05-2021 07:14:37.0966 AM
[ReportManager] Successfully Opened [GoogleChrome]. @06-05-2021 07:14:38.0218 A

################################################################################################################################################
Starting Execution:	[19 out of 137] test cases in the current suite
Test Method:		[testPackage01.Test_ShadowDOM.shadowdom]
################################################################################################################################################
[ReportManager] Target URL: [https://mdn.github.io/web-components-examples/popup-info-box-web-component/] @06-05-2021 07:14:38.0235 AM
[ReportManager] Initial URL: [data:,] @06-05-2021 07:14:38.0299 AM
[ReportManager] Browser Action [navigateToURL] successfully performed. With the following test data [https://mdn.github.io/web-components-examples/popup-info-box-web-component/]. @06-05-2021 07:14:38.0773 AM
[ReportManager] Element Action [type] successfully performed. With the following test data [Typing into SHADOW DOM...]. @06-05-2021 07:14:39.0599 AM
[ReportManager] Element Action [getText] successfully performed. With the following test data [Typing into SHADOW DOM...]. @06-05-2021 07:14:39.0728 AM
[ReportManager] Loaded Shared OpenCV @06-05-2021 07:14:39.0882 AM
[ReportManager] AssertElementAttribute PASSED; Expected [Value Should be 'Typing into SHADOW DOM...' for the 'Text' attribute, element locator 'By.id: cvc'] and Actual [Typing into SHADOW DOM...]. Comparison Type [EQUALS]. Validation Type [POSITIVE]. @06-05-2021 07:14:39.0946 AM
[ReportManager] Successfully created attachment [Screenshot - 1620285279882_shadowdom_AssertElementAttribute_passed] @06-05-2021 07:14:39.0946 A
[ReportManager] Successfully created attachment [Selenium WebDriver Logs - server] @06-05-2021 07:14:39.0997 AM
[ReportManager] Successfully created attachment [Selenium WebDriver Logs - performance] @06-05-2021 07:14:40.0007 AM
[ReportManager] Successfully created attachment [Selenium WebDriver Logs - browser] @06-05-2021 07:14:40.0013 AM
[ReportManager] Successfully created attachment [Selenium WebDriver Logs - driver] @06-05-2021 07:14:40.0089 AM
[ReportManager] Browser Action [closeCurrentWindow] successfully performed. @06-05-2021 07:14:40.0146 AM
[ReportManager] Successfully created attachment [Browser Action Test Data - closeCurrentWindow - Actual Value] @06-05-2021 07:14:40.0146 A

################################################################################################################################################
Starting Execution:	[20 out of 137] test cases in the current suite
Test Method:		[testPackage01.Test_NewValidationHelper.f1]
################################################################################################################################################
[ReportManager] Checking valid user data... @06-05-2021 07:14:40.0153 AM
[ReportManager] AssertEquals PASSED; Expected and Actual values are attached. Comparison Type [EQUALS]. Validation Type [POSITIVE]. @06-05-2021 07:14:40.0153 AM
[ReportManager] Successfully created attachment [Validation Test Data - Expected Value] @06-05-2021 07:14:40.0153 AM
[ReportManager] Successfully created attachment [Validation Test Data - Actual Value] @06-05-2021 07:14:40.0154 A
[ReportManager] File Action [getAbsolutePath] successfully performed. With the following test data [Relative Folder Path: "target/downloadedFiles/"]. @06-05-2021 07:14:40.0157 AM
[ReportManager] Attempting to run remotely on: [Linux-64], [GoogleChrome], [http://localhost:4444/wd/hub], Headless Execution. @06-05-2021 07:14:40.0157 AM
[ReportManager] Successfully Opened [GoogleChrome]. @06-05-2021 07:14:40.0405 AM
[ReportManager] Target URL: [https://the-internet.herokuapp.com/] @06-05-2021 07:14:40.0419 AM
[ReportManager] Initial URL: [data:,] @06-05-2021 07:14:40.0473 AM
[ReportManager] Browser Action [navigateToURL] successfully performed. With the following test data [https://the-internet.herokuapp.com/]. @06-05-2021 07:14:43.0138 A

################################################################################################################################################
Starting Execution:	[21 out of 137] test cases in the current suite
Test Method:		[testPackage01.Test_NewValidationHelper.f10]
################################################################################################################################################
[ReportManager] AssertElementExists FAILED; Expected [Element Should Exist, locator 'By.tagName: div'] and Actual [Element Exists but is not unique]. Comparison Type [EQUALS]. Validation Type [POSITIVE]. @06-05-2021 07:14:43.0434 AM
[ReportManager] Successfully created attachment [Screenshot - 1620285283355_f10_AssertElementExists_failed] @06-05-2021 07:14:43.0435 A
[ReportManager] Successfully created attachment [Selenium WebDriver Logs - server] @06-05-2021 07:14:43.0451 AM
[ReportManager] Successfully created attachment [Selenium WebDriver Logs - performance] @06-05-2021 07:14:43.0475 AM
[ReportManager] Successfully created attachment [Selenium WebDriver Logs - browser] @06-05-2021 07:14:43.0490 AM
[ReportManager] Successfully created attachment [Selenium WebDriver Logs - driver] @06-05-2021 07:14:43.0562 AM
[ReportManager] Successfully Closed All Drivers. @06-05-2021 07:14:43.0635 A
[ReportManager] File Action [getAbsolutePath] successfully performed. With the following test data [Relative Folder Path: "target/downloadedFiles/"]. @06-05-2021 07:14:43.0638 AM
[ReportManager] Attempting to run remotely on: [Linux-64], [GoogleChrome], [http://localhost:4444/wd/hub], Headless Execution. @06-05-2021 07:14:43.0638 AM
[ReportManager] Successfully Opened [GoogleChrome]. @06-05-2021 07:14:43.0920 AM
[ReportManager] Target URL: [https://the-internet.herokuapp.com/] @06-05-2021 07:14:43.0932 AM
[ReportManager] Initial URL: [data:,] @06-05-2021 07:14:43.0992 AM
[ReportManager] Browser Action [navigateToURL] successfully performed. With the following test data [https://the-internet.herokuapp.com/]. @06-05-2021 07:14:45.0410 A

################################################################################################################################################
Starting Execution:	[22 out of 137] test cases in the current suite
Test Method:		[testPackage01.Test_NewValidationHelper.f11]
################################################################################################################################################
[ReportManager] Checking that false tag doesn't exist... @06-05-2021 07:14:45.0414 AM
[ReportManager] AssertElementExists PASSED; Expected [Element Should not Exist, locator 'By.tagName: h3'] and Actual [Element Doesn't Exists]. Comparison Type [EQUALS]. Validation Type [NEGATIVE]. @06-05-2021 07:14:55.0812 AM
[ReportManager] Successfully created attachment [Screenshot - 1620285295752_f11_AssertElementExists_passed] @06-05-2021 07:14:55.0812 A
[ReportManager] Successfully created attachment [Selenium WebDriver Logs - server] @06-05-2021 07:14:55.0827 AM
[ReportManager] Successfully created attachment [Selenium WebDriver Logs - performance] @06-05-2021 07:14:55.0852 AM
[ReportManager] Successfully created attachment [Selenium WebDriver Logs - browser] @06-05-2021 07:14:55.0861 AM
[ReportManager] Successfully created attachment [Selenium WebDriver Logs - driver] @06-05-2021 07:14:55.0928 AM
[ReportManager] Successfully Closed All Drivers. @06-05-2021 07:14:56.0015 A
[ReportManager] File Action [getAbsolutePath] successfully performed. With the following test data [Relative Folder Path: "target/downloadedFiles/"]. @06-05-2021 07:14:56.0023 AM
[ReportManager] Attempting to run remotely on: [Linux-64], [GoogleChrome], [http://localhost:4444/wd/hub], Headless Execution. @06-05-2021 07:14:56.0023 AM
[ReportManager] Successfully Opened [GoogleChrome]. @06-05-2021 07:14:56.0293 AM
[ReportManager] Target URL: [https://the-internet.herokuapp.com/] @06-05-2021 07:14:56.0314 AM
[ReportManager] Initial URL: [data:,] @06-05-2021 07:14:56.0355 AM
[ReportManager] Browser Action [navigateToURL] successfully performed. With the following test data [https://the-internet.herokuapp.com/]. @06-05-2021 07:14:58.0976 A

################################################################################################################################################
Starting Execution:	[23 out of 137] test cases in the current suite
Test Method:		[testPackage01.Test_NewValidationHelper.f12]
################################################################################################################################################
[ReportManager] Loaded Shared OpenCV @06-05-2021 07:14:59.0221 AM
[ReportManager] AssertElementExists FAILED; Expected [Element Should not Exist, locator 'By.tagName: h1'] and Actual [Element Exists]. Comparison Type [EQUALS]. Validation Type [NEGATIVE]. @06-05-2021 07:14:59.0297 AM
[ReportManager] Successfully created attachment [Screenshot - 1620285299221_f12_AssertElementExists_failed] @06-05-2021 07:14:59.0298 A
[ReportManager] Successfully created attachment [Selenium WebDriver Logs - server] @06-05-2021 07:14:59.0313 AM
[ReportManager] Successfully created attachment [Selenium WebDriver Logs - performance] @06-05-2021 07:14:59.0333 AM
[ReportManager] Successfully created attachment [Selenium WebDriver Logs - browser] @06-05-2021 07:14:59.0340 AM
[ReportManager] Successfully created attachment [Selenium WebDriver Logs - driver] @06-05-2021 07:14:59.0402 AM
[ReportManager] Successfully Closed All Drivers. @06-05-2021 07:14:59.0476 A
[ReportManager] File Action [getAbsolutePath] successfully performed. With the following test data [Relative Folder Path: "target/downloadedFiles/"]. @06-05-2021 07:14:59.0483 AM
[ReportManager] Attempting to run remotely on: [Linux-64], [GoogleChrome], [http://localhost:4444/wd/hub], Headless Execution. @06-05-2021 07:14:59.0483 AM
[ReportManager] Successfully Opened [GoogleChrome]. @06-05-2021 07:14:59.0723 AM
[ReportManager] Target URL: [https://the-internet.herokuapp.com/] @06-05-2021 07:14:59.0738 AM
[ReportManager] Initial URL: [data:,] @06-05-2021 07:14:59.0779 AM
[ReportManager] Browser Action [navigateToURL] successfully performed. With the following test data [https://the-internet.herokuapp.com/]. @06-05-2021 07:15:02.0292 A

################################################################################################################################################
Starting Execution:	[24 out of 137] test cases in the current suite
Test Method:		[testPackage01.Test_NewValidationHelper.f13]
################################################################################################################################################
[ReportManager] AssertElementExists FAILED; Expected [Element Should not Exist, locator 'By.tagName: div'] and Actual [Element Exists but is not unique]. Comparison Type [EQUALS]. Validation Type [NEGATIVE]. @06-05-2021 07:15:02.0564 AM
[ReportManager] Successfully created attachment [Screenshot - 1620285302501_f13_AssertElementExists_failed] @06-05-2021 07:15:02.0565 A
[ReportManager] Successfully created attachment [Selenium WebDriver Logs - server] @06-05-2021 07:15:02.0581 AM
[ReportManager] Successfully created attachment [Selenium WebDriver Logs - performance] @06-05-2021 07:15:02.0604 AM
[ReportManager] Successfully created attachment [Selenium WebDriver Logs - browser] @06-05-2021 07:15:02.0611 AM
[ReportManager] Successfully created attachment [Selenium WebDriver Logs - driver] @06-05-2021 07:15:02.0680 AM
[ReportManager] Successfully Closed All Drivers. @06-05-2021 07:15:02.0756 A
[ReportManager] File Action [getAbsolutePath] successfully performed. With the following test data [Relative Folder Path: "target/downloadedFiles/"]. @06-05-2021 07:15:02.0758 AM
[ReportManager] Attempting to run remotely on: [Linux-64], [GoogleChrome], [http://localhost:4444/wd/hub], Headless Execution. @06-05-2021 07:15:02.0758 AM
[ReportManager] Successfully Opened [GoogleChrome]. @06-05-2021 07:15:03.0024 AM
[ReportManager] Target URL: [https://the-internet.herokuapp.com/] @06-05-2021 07:15:03.0035 AM
[ReportManager] Initial URL: [data:,] @06-05-2021 07:15:03.0080 AM
[ReportManager] Browser Action [navigateToURL] successfully performed. With the following test data [https://the-internet.herokuapp.com/]. @06-05-2021 07:15:04.0374 A

################################################################################################################################################
Starting Execution:	[25 out of 137] test cases in the current suite
Test Method:		[testPackage01.Test_NewValidationHelper.f14]
################################################################################################################################################
[ReportManager] Asserting that the header text is correct... @06-05-2021 07:15:04.0377 AM
[ReportManager] Element Action [getText] successfully performed. With the following test data [Welcome to the-internet]. @06-05-2021 07:15:04.0461 AM
[ReportManager] Loaded Shared OpenCV @06-05-2021 07:15:04.0635 AM
[ReportManager] AssertElementAttribute PASSED; Expected [Value Should be 'Welcome to the-internet' for the 'text' attribute, element locator 'By.tagName: h1'] and Actual [Welcome to the-internet]. Comparison Type [EQUALS]. Validation Type [POSITIVE]. @06-05-2021 07:15:04.0703 AM
[ReportManager] Successfully created attachment [Screenshot - 1620285304635_f14_AssertElementAttribute_passed] @06-05-2021 07:15:04.0705 A
[ReportManager] Successfully created attachment [Selenium WebDriver Logs - server] @06-05-2021 07:15:04.0719 AM
[ReportManager] Successfully created attachment [Selenium WebDriver Logs - performance] @06-05-2021 07:15:04.0739 AM
[ReportManager] Successfully created attachment [Selenium WebDriver Logs - browser] @06-05-2021 07:15:04.0745 AM
[ReportManager] Successfully created attachment [Selenium WebDriver Logs - driver] @06-05-2021 07:15:04.0801 AM
[ReportManager] Successfully Closed All Drivers. @06-05-2021 07:15:04.0878 A
[ReportManager] File Action [getAbsolutePath] successfully performed. With the following test data [Relative Folder Path: "target/downloadedFiles/"]. @06-05-2021 07:15:04.0882 AM
[ReportManager] Attempting to run remotely on: [Linux-64], [GoogleChrome], [http://localhost:4444/wd/hub], Headless Execution. @06-05-2021 07:15:04.0882 AM
[ReportManager] Successfully Opened [GoogleChrome]. @06-05-2021 07:15:05.0148 AM
[ReportManager] Target URL: [https://the-internet.herokuapp.com/] @06-05-2021 07:15:05.0161 AM
[ReportManager] Initial URL: [data:,] @06-05-2021 07:15:05.0208 AM
[ReportManager] Browser Action [navigateToURL] successfully performed. With the following test data [https://the-internet.herokuapp.com/]. @06-05-2021 07:15:07.0901 A

################################################################################################################################################
Starting Execution:	[26 out of 137] test cases in the current suite
Test Method:		[testPackage01.Test_NewValidationHelper.f15]
################################################################################################################################################
[ReportManager] Element Action [getText] successfully performed. With the following test data [Welcome to the-internet]. @06-05-2021 07:15:07.0985 AM
[ReportManager] Loaded Shared OpenCV @06-05-2021 07:15:08.0136 AM
[ReportManager] AssertElementAttribute FAILED; Expected [Value Should not be 'Welcome' for the 'text' attribute, element locator 'By.tagName: h1'] and Actual [Welcome to the-internet]. Comparison Type [CONTAINS]. Validation Type [NEGATIVE]. @06-05-2021 07:15:08.0212 AM
[ReportManager] Successfully created attachment [Screenshot - 1620285308135_f15_AssertElementAttribute_failed] @06-05-2021 07:15:08.0213 A
[ReportManager] Successfully created attachment [Selenium WebDriver Logs - server] @06-05-2021 07:15:08.0226 AM
[ReportManager] Successfully created attachment [Selenium WebDriver Logs - performance] @06-05-2021 07:15:08.0248 AM
[ReportManager] Successfully created attachment [Selenium WebDriver Logs - browser] @06-05-2021 07:15:08.0256 AM
[ReportManager] Successfully created attachment [Selenium WebDriver Logs - driver] @06-05-2021 07:15:08.0324 AM
[ReportManager] Successfully Closed All Drivers. @06-05-2021 07:15:08.0398 A
[ReportManager] File Action [getAbsolutePath] successfully performed. With the following test data [Relative Folder Path: "target/downloadedFiles/"]. @06-05-2021 07:15:08.0401 AM
[ReportManager] Attempting to run remotely on: [Linux-64], [GoogleChrome], [http://localhost:4444/wd/hub], Headless Execution. @06-05-2021 07:15:08.0401 AM
[ReportManager] Successfully Opened [GoogleChrome]. @06-05-2021 07:15:08.0643 AM
[ReportManager] Target URL: [https://the-internet.herokuapp.com/] @06-05-2021 07:15:08.0656 AM
[ReportManager] Initial URL: [data:,] @06-05-2021 07:15:08.0698 AM
[ReportManager] Browser Action [navigateToURL] successfully performed. With the following test data [https://the-internet.herokuapp.com/]. @06-05-2021 07:15:10.0877 A

################################################################################################################################################
Starting Execution:	[27 out of 137] test cases in the current suite
Test Method:		[testPackage01.Test_NewValidationHelper.f16]
################################################################################################################################################
[ReportManager] Element Action [identifyUniqueElement] failed. With the following test data [zero elements found matching this locator "By.tagName: h3".]. @06-05-2021 07:15:36.0444 AM
[ReportManager] Successfully created attachment [Screenshot - 1620285336384_f16_identifyUniqueElement_failed] @06-05-2021 07:15:36.0445 AM
[ReportManager] AssertElementAttribute FAILED; Expected [Value Should not be 'Welcome' for the 'text' attribute, element locator 'By.tagName: h3'] and Actual [Failed to read the desired element attribute]. Comparison Type [CONTAINS]. Validation Type [NEGATIVE]. @06-05-2021 07:15:36.0445 A
[ReportManager] Successfully created attachment [Selenium WebDriver Logs - server] @06-05-2021 07:15:36.0457 AM
[ReportManager] Successfully created attachment [Selenium WebDriver Logs - performance] @06-05-2021 07:15:36.0480 AM
[ReportManager] Successfully created attachment [Selenium WebDriver Logs - browser] @06-05-2021 07:15:36.0489 AM
[ReportManager] Successfully created attachment [Selenium WebDriver Logs - driver] @06-05-2021 07:15:36.0557 AM
[ReportManager] Successfully Closed All Drivers. @06-05-2021 07:15:36.0677 A
[ReportManager] File Action [getAbsolutePath] successfully performed. With the following test data [Relative Folder Path: "target/downloadedFiles/"]. @06-05-2021 07:15:36.0689 AM
[ReportManager] Attempting to run remotely on: [Linux-64], [GoogleChrome], [http://localhost:4444/wd/hub], Headless Execution. @06-05-2021 07:15:36.0692 AM
[ReportManager] Successfully Opened [GoogleChrome]. @06-05-2021 07:15:36.0953 AM
[ReportManager] Target URL: [https://the-internet.herokuapp.com/] @06-05-2021 07:15:36.0963 AM
[ReportManager] Initial URL: [data:,] @06-05-2021 07:15:37.0014 AM
[ReportManager] Browser Action [navigateToURL] successfully performed. With the following test data [https://the-internet.herokuapp.com/]. @06-05-2021 07:15:39.0562 A

################################################################################################################################################
Starting Execution:	[28 out of 137] test cases in the current suite
Test Method:		[testPackage01.Test_NewValidationHelper.f17]
################################################################################################################################################
[ReportManager] Attempting to getAttribute [text2] from elementLocator [By.tagName: h1]. @06-05-2021 07:15:39.0564 AM
[ReportManager] Element Action [getAttribute] successfully performed. @06-05-2021 07:15:39.0650 AM
[ReportManager] Loaded Shared OpenCV @06-05-2021 07:15:39.0816 AM
[ReportManager] AssertElementAttribute PASSED; Expected [Value Should not be 'Welcome' for the 'text2' attribute, element locator 'By.tagName: h1'] and Actual [null]. Comparison Type [CONTAINS]. Validation Type [NEGATIVE]. @06-05-2021 07:15:39.0886 AM
[ReportManager] Successfully created attachment [Screenshot - 1620285339816_f17_AssertElementAttribute_passed] @06-05-2021 07:15:39.0887 A
[ReportManager] Successfully created attachment [Selenium WebDriver Logs - server] @06-05-2021 07:15:39.0898 AM
[ReportManager] Successfully created attachment [Selenium WebDriver Logs - performance] @06-05-2021 07:15:39.0917 AM
[ReportManager] Successfully created attachment [Selenium WebDriver Logs - browser] @06-05-2021 07:15:39.0923 AM
[ReportManager] Successfully created attachment [Selenium WebDriver Logs - driver] @06-05-2021 07:15:39.0986 AM
[ReportManager] Successfully Closed All Drivers. @06-05-2021 07:15:40.0060 A
[ReportManager] File Action [getAbsolutePath] successfully performed. With the following test data [Relative Folder Path: "target/downloadedFiles/"]. @06-05-2021 07:15:40.0063 AM
[ReportManager] Attempting to run remotely on: [Linux-64], [GoogleChrome], [http://localhost:4444/wd/hub], Headless Execution. @06-05-2021 07:15:40.0063 AM
[ReportManager] Successfully Opened [GoogleChrome]. @06-05-2021 07:15:40.0293 AM
[ReportManager] Target URL: [https://the-internet.herokuapp.com/] @06-05-2021 07:15:40.0305 AM
[ReportManager] Initial URL: [data:,] @06-05-2021 07:15:40.0351 AM
[ReportManager] Browser Action [navigateToURL] successfully performed. With the following test data [https://the-internet.herokuapp.com/]. @06-05-2021 07:15:42.0900 A

################################################################################################################################################
Starting Execution:	[29 out of 137] test cases in the current suite
Test Method:		[testPackage01.Test_NewValidationHelper.f18]
################################################################################################################################################
[ReportManager] Element Action [getText] successfully performed. With the following test data [Welcome to the-internet]. @06-05-2021 07:15:43.0004 AM
[ReportManager] Loaded Shared OpenCV @06-05-2021 07:15:43.0184 AM
[ReportManager] AssertElementAttribute PASSED; Expected [Value Should not be 'no' for the 'text' attribute, element locator 'By.tagName: h1'] and Actual [Welcome to the-internet]. Comparison Type [CONTAINS]. Validation Type [NEGATIVE]. @06-05-2021 07:15:43.0250 AM
[ReportManager] Successfully created attachment [Screenshot - 1620285343184_f18_AssertElementAttribute_passed] @06-05-2021 07:15:43.0251 A
[ReportManager] Successfully created attachment [Selenium WebDriver Logs - server] @06-05-2021 07:15:43.0266 AM
[ReportManager] Successfully created attachment [Selenium WebDriver Logs - performance] @06-05-2021 07:15:43.0287 AM
[ReportManager] Successfully created attachment [Selenium WebDriver Logs - browser] @06-05-2021 07:15:43.0293 AM
[ReportManager] Successfully created attachment [Selenium WebDriver Logs - driver] @06-05-2021 07:15:43.0357 AM
[ReportManager] Successfully Closed All Drivers. @06-05-2021 07:15:43.0437 A
[ReportManager] File Action [getAbsolutePath] successfully performed. With the following test data [Relative Folder Path: "target/downloadedFiles/"]. @06-05-2021 07:15:43.0440 AM
[ReportManager] Attempting to run remotely on: [Linux-64], [GoogleChrome], [http://localhost:4444/wd/hub], Headless Execution. @06-05-2021 07:15:43.0441 AM
[ReportManager] Successfully Opened [GoogleChrome]. @06-05-2021 07:15:43.0689 AM
[ReportManager] Target URL: [https://the-internet.herokuapp.com/] @06-05-2021 07:15:43.0698 AM
[ReportManager] Initial URL: [data:,] @06-05-2021 07:15:43.0740 AM
[ReportManager] Browser Action [navigateToURL] successfully performed. With the following test data [https://the-internet.herokuapp.com/]. @06-05-2021 07:15:45.0926 A

################################################################################################################################################
Starting Execution:	[30 out of 137] test cases in the current suite
Test Method:		[testPackage01.Test_NewValidationHelper.f19]
################################################################################################################################################
[ReportManager] Element Action [getTagName] successfully performed. With the following test data [h1]. @06-05-2021 07:15:46.0005 AM
[ReportManager] Loaded Shared OpenCV @06-05-2021 07:15:46.0170 AM
[ReportManager] AssertElementAttribute PASSED; Expected [Value Should be 'h' for the 'tagname' attribute, element locator 'By.tagName: h1'] and Actual [h1]. Comparison Type [CONTAINS]. Validation Type [POSITIVE]. @06-05-2021 07:15:46.0244 AM
[ReportManager] Successfully created attachment [Screenshot - 1620285346170_f19_AssertElementAttribute_passed] @06-05-2021 07:15:46.0245 A
[ReportManager] Successfully created attachment [Selenium WebDriver Logs - server] @06-05-2021 07:15:46.0261 AM
[ReportManager] Successfully created attachment [Selenium WebDriver Logs - performance] @06-05-2021 07:15:46.0282 AM
[ReportManager] Successfully created attachment [Selenium WebDriver Logs - browser] @06-05-2021 07:15:46.0290 AM
[ReportManager] Successfully created attachment [Selenium WebDriver Logs - driver] @06-05-2021 07:15:46.0369 AM
[ReportManager] Successfully Closed All Drivers. @06-05-2021 07:15:46.0441 A

################################################################################################################################################
Starting Execution:	[31 out of 137] test cases in the current suite
Test Method:		[testPackage01.Test_NewValidationHelper.f2]
################################################################################################################################################
[ReportManager] Checking valid user data... @06-05-2021 07:15:46.0449 AM
[ReportManager] AssertEquals FAILED; Expected [1] and Actual [2]. Comparison Type [EQUALS]. Validation Type [POSITIVE]. @06-05-2021 07:15:46.0450 A
[ReportManager] File Action [getAbsolutePath] successfully performed. With the following test data [Relative Folder Path: "target/downloadedFiles/"]. @06-05-2021 07:15:46.0451 AM
[ReportManager] Attempting to run remotely on: [Linux-64], [GoogleChrome], [http://localhost:4444/wd/hub], Headless Execution. @06-05-2021 07:15:46.0452 AM
[ReportManager] Successfully Opened [GoogleChrome]. @06-05-2021 07:15:46.0663 AM
[ReportManager] Target URL: [https://the-internet.herokuapp.com/] @06-05-2021 07:15:46.0676 AM
[ReportManager] Initial URL: [data:,] @06-05-2021 07:15:46.0722 AM
[ReportManager] Browser Action [navigateToURL] successfully performed. With the following test data [https://the-internet.herokuapp.com/]. @06-05-2021 07:15:49.0355 A

################################################################################################################################################
Starting Execution:	[32 out of 137] test cases in the current suite
Test Method:		[testPackage01.Test_NewValidationHelper.f20]
################################################################################################################################################
[ReportManager] Element Action [getSize] successfully performed. With the following test data [(755, 61)]. @06-05-2021 07:15:49.0444 AM
[ReportManager] Loaded Shared OpenCV @06-05-2021 07:15:49.0604 AM
[ReportManager] AssertElementAttribute PASSED; Expected [Value Should not be 'a' for the 'size' attribute, element locator 'By.tagName: h1'] and Actual [(755, 61)]. Comparison Type [CONTAINS]. Validation Type [NEGATIVE]. @06-05-2021 07:15:49.0680 AM
[ReportManager] Successfully created attachment [Screenshot - 1620285349604_f20_AssertElementAttribute_passed] @06-05-2021 07:15:49.0681 A
[ReportManager] Successfully created attachment [Selenium WebDriver Logs - server] @06-05-2021 07:15:49.0697 AM
[ReportManager] Successfully created attachment [Selenium WebDriver Logs - performance] @06-05-2021 07:15:49.0721 AM
[ReportManager] Successfully created attachment [Selenium WebDriver Logs - browser] @06-05-2021 07:15:49.0731 AM
[ReportManager] Successfully created attachment [Selenium WebDriver Logs - driver] @06-05-2021 07:15:49.0793 AM
[ReportManager] Successfully Closed All Drivers. @06-05-2021 07:15:49.0874 A
[ReportManager] File Action [getAbsolutePath] successfully performed. With the following test data [Relative Folder Path: "target/downloadedFiles/"]. @06-05-2021 07:15:49.0877 AM
[ReportManager] Attempting to run remotely on: [Linux-64], [GoogleChrome], [http://localhost:4444/wd/hub], Headless Execution. @06-05-2021 07:15:49.0877 AM
[ReportManager] Successfully Opened [GoogleChrome]. @06-05-2021 07:15:50.0236 AM
[ReportManager] Target URL: [https://the-internet.herokuapp.com/] @06-05-2021 07:15:50.0246 AM
[ReportManager] Initial URL: [data:,] @06-05-2021 07:15:50.0305 AM
[ReportManager] Browser Action [navigateToURL] successfully performed. With the following test data [https://the-internet.herokuapp.com/]. @06-05-2021 07:15:51.0653 A

################################################################################################################################################
Starting Execution:	[33 out of 137] test cases in the current suite
Test Method:		[testPackage01.Test_NewValidationHelper.f21]
################################################################################################################################################
[ReportManager] Element Action [identifyUniqueElement] failed. With the following test data [zero elements found matching this locator "By.tagName: h3".]. @06-05-2021 07:16:17.0194 AM
[ReportManager] Successfully created attachment [Screenshot - 1620285377131_f21_identifyUniqueElement_failed] @06-05-2021 07:16:17.0194 AM
[ReportManager] AssertElementAttribute FAILED; Expected [Value Should be 'Welcome' for the 'text' attribute, element locator 'By.tagName: h3'] and Actual [Failed to read the desired element attribute]. Comparison Type [CONTAINS]. Validation Type [POSITIVE]. @06-05-2021 07:16:17.0195 A
[ReportManager] Successfully created attachment [Selenium WebDriver Logs - server] @06-05-2021 07:16:17.0210 AM
[ReportManager] Successfully created attachment [Selenium WebDriver Logs - performance] @06-05-2021 07:16:17.0231 AM
[ReportManager] Successfully created attachment [Selenium WebDriver Logs - browser] @06-05-2021 07:16:17.0237 AM
[ReportManager] Successfully created attachment [Selenium WebDriver Logs - driver] @06-05-2021 07:16:17.0303 AM
[ReportManager] Successfully Closed All Drivers. @06-05-2021 07:16:17.0379 A
[ReportManager] File Action [getAbsolutePath] successfully performed. With the following test data [Relative Folder Path: "target/downloadedFiles/"]. @06-05-2021 07:16:17.0380 AM
[ReportManager] Attempting to run remotely on: [Linux-64], [GoogleChrome], [http://localhost:4444/wd/hub], Headless Execution. @06-05-2021 07:16:17.0381 AM
[ReportManager] Successfully Opened [GoogleChrome]. @06-05-2021 07:16:17.0608 AM
[ReportManager] Target URL: [https://the-internet.herokuapp.com/] @06-05-2021 07:16:17.0620 AM
[ReportManager] Initial URL: [data:,] @06-05-2021 07:16:17.0676 AM
[ReportManager] Browser Action [navigateToURL] successfully performed. With the following test data [https://the-internet.herokuapp.com/]. @06-05-2021 07:16:20.0252 A

################################################################################################################################################
Starting Execution:	[34 out of 137] test cases in the current suite
Test Method:		[testPackage01.Test_NewValidationHelper.f22]
################################################################################################################################################
[ReportManager] Element Action [getText] successfully performed. With the following test data [Welcome to the-internet]. @06-05-2021 07:16:20.0347 AM
[ReportManager] Loaded Shared OpenCV @06-05-2021 07:16:20.0508 AM
[ReportManager] AssertElementAttribute FAILED; Expected [Value Should be 'yyy' for the 'text' attribute, element locator 'By.tagName: h1'] and Actual [Welcome to the-internet]. Comparison Type [CONTAINS]. Validation Type [POSITIVE]. @06-05-2021 07:16:20.0580 AM
[ReportManager] Successfully created attachment [Screenshot - 1620285380508_f22_AssertElementAttribute_failed] @06-05-2021 07:16:20.0581 A
[ReportManager] Successfully created attachment [Selenium WebDriver Logs - server] @06-05-2021 07:16:20.0593 AM
[ReportManager] Successfully created attachment [Selenium WebDriver Logs - performance] @06-05-2021 07:16:20.0615 AM
[ReportManager] Successfully created attachment [Selenium WebDriver Logs - browser] @06-05-2021 07:16:20.0623 AM
[ReportManager] Successfully created attachment [Selenium WebDriver Logs - driver] @06-05-2021 07:16:20.0686 AM
[ReportManager] Successfully Closed All Drivers. @06-05-2021 07:16:20.0760 A

################################################################################################################################################
Starting Execution:	[35 out of 137] test cases in the current suite
Test Method:		[testPackage01.Test_NewValidationHelper.f23]
################################################################################################################################################
[ReportManager] confirming that the actual is greater than or equal to the expected... @06-05-2021 07:16:20.0767 AM
[ReportManager] AssertComparativeRelation PASSED; Expected [1] and Actual [1]. Comparison Type [GREATER_THAN_OR_EQUALS]. Validation Type [POSITIVE]. @06-05-2021 07:16:20.0767 A

################################################################################################################################################
Starting Execution:	[36 out of 137] test cases in the current suite
Test Method:		[testPackage01.Test_NewValidationHelper.f24]
################################################################################################################################################
[ReportManager] AssertComparativeRelation PASSED; Expected [1] and Actual [10]. Comparison Type [GREATER_THAN_OR_EQUALS]. Validation Type [POSITIVE]. @06-05-2021 07:16:20.0774 A

################################################################################################################################################
Starting Execution:	[37 out of 137] test cases in the current suite
Test Method:		[testPackage01.Test_NewValidationHelper.f25]
################################################################################################################################################
[ReportManager] AssertComparativeRelation PASSED; Expected [1] and Actual [1]. Comparison Type [EQUALS]. Validation Type [POSITIVE]. @06-05-2021 07:16:20.0777 A

################################################################################################################################################
Starting Execution:	[38 out of 137] test cases in the current suite
Test Method:		[testPackage01.Test_NewValidationHelper.f26]
################################################################################################################################################
[ReportManager] AssertComparativeRelation PASSED; Expected [1] and Actual [5]. Comparison Type [GREATER_THAN]. Validation Type [POSITIVE]. @06-05-2021 07:16:20.0779 A

################################################################################################################################################
Starting Execution:	[39 out of 137] test cases in the current suite
Test Method:		[testPackage01.Test_NewValidationHelper.f27]
################################################################################################################################################
[ReportManager] AssertComparativeRelation PASSED; Expected [11] and Actual [5]. Comparison Type [LESS_THAN]. Validation Type [POSITIVE]. @06-05-2021 07:16:20.0781 A

################################################################################################################################################
Starting Execution:	[40 out of 137] test cases in the current suite
Test Method:		[testPackage01.Test_NewValidationHelper.f28]
################################################################################################################################################
[ReportManager] AssertComparativeRelation PASSED; Expected [11] and Actual [5]. Comparison Type [LESS_THAN_OR_EQUALS]. Validation Type [POSITIVE]. @06-05-2021 07:16:20.0783 A

################################################################################################################################################
Starting Execution:	[41 out of 137] test cases in the current suite
Test Method:		[testPackage01.Test_NewValidationHelper.f29]
################################################################################################################################################
[ReportManager] AssertComparativeRelation PASSED; Expected [11] and Actual [11]. Comparison Type [LESS_THAN_OR_EQUALS]. Validation Type [POSITIVE]. @06-05-2021 07:16:20.0791 A

################################################################################################################################################
Starting Execution:	[42 out of 137] test cases in the current suite
Test Method:		[testPackage01.Test_NewValidationHelper.f3]
################################################################################################################################################
[ReportManager] AssertEquals PASSED; Expected [1] and Actual [2]. Comparison Type [EQUALS]. Validation Type [NEGATIVE]. @06-05-2021 07:16:20.0793 A

################################################################################################################################################
Starting Execution:	[43 out of 137] test cases in the current suite
Test Method:		[testPackage01.Test_NewValidationHelper.f30]
################################################################################################################################################
[ReportManager] AssertComparativeRelation FAILED; Expected [-9] and Actual [11]. Comparison Type [LESS_THAN_OR_EQUALS]. Validation Type [POSITIVE]. @06-05-2021 07:16:20.0795 A

################################################################################################################################################
Starting Execution:	[44 out of 137] test cases in the current suite
Test Method:		[testPackage01.Test_NewValidationHelper.f31]
################################################################################################################################################
[ReportManager] AssertTrue PASSED; Expected [TRUE] and Actual [TRUE]. Validation Type [POSITIVE]. @06-05-2021 07:16:20.0798 A

################################################################################################################################################
Starting Execution:	[45 out of 137] test cases in the current suite
Test Method:		[testPackage01.Test_NewValidationHelper.f32]
################################################################################################################################################
[ReportManager] AssertTrue PASSED; Expected [FALSE] and Actual [FALSE]. Validation Type [NEGATIVE]. @06-05-2021 07:16:20.0811 A

################################################################################################################################################
Starting Execution:	[46 out of 137] test cases in the current suite
Test Method:		[testPackage01.Test_NewValidationHelper.f33]
################################################################################################################################################
[ReportManager] AssertTrue FAILED; Expected [FALSE] and Actual [TRUE]. Validation Type [NEGATIVE]. @06-05-2021 07:16:20.0818 A

################################################################################################################################################
Starting Execution:	[47 out of 137] test cases in the current suite
Test Method:		[testPackage01.Test_NewValidationHelper.f34]
################################################################################################################################################
[ReportManager] AssertTrue FAILED; Expected [TRUE] and Actual [FALSE]. Validation Type [POSITIVE]. @06-05-2021 07:16:20.0820 A

################################################################################################################################################
Starting Execution:	[48 out of 137] test cases in the current suite
Test Method:		[testPackage01.Test_NewValidationHelper.f35]
################################################################################################################################################
[ReportManager] File Action [doesFileExist] successfully performed. With the following test data [File Path: "pom.xml"]. @06-05-2021 07:16:20.0822 AM
[ReportManager] AssertFileExists PASSED; Expected [File 'pom.xml' should exist, after up to '1' retries] and Actual [File exists]. Validation Type [POSITIVE]. @06-05-2021 07:16:20.0840 A

################################################################################################################################################
Starting Execution:	[49 out of 137] test cases in the current suite
Test Method:		[testPackage01.Test_NewValidationHelper.f36]
################################################################################################################################################
[ReportManager] File Action [doesFileExist] successfully performed. With the following test data [File Path: "src/test/java/testPackage01/Test_NewValidationHelper.java"]. @06-05-2021 07:16:20.0842 AM
[ReportManager] AssertFileExists PASSED; Expected [File 'src/test/java/testPackage01/Test_NewValidationHelper.java' should exist, after up to '1' retries] and Actual [File exists]. Validation Type [POSITIVE]. @06-05-2021 07:16:20.0842 A

################################################################################################################################################
Starting Execution:	[50 out of 137] test cases in the current suite
Test Method:		[testPackage01.Test_NewValidationHelper.f37]
################################################################################################################################################
[ReportManager] confirming that the file does't exist after 5 retries... @06-05-2021 07:16:20.0844 AM
[ReportManager] File Action [doesFileExist] successfully performed. With the following test data [File Path: "pom.xml"]. @06-05-2021 07:16:20.0844 AM
[ReportManager] AssertFileExists FAILED; Expected [File 'pom.xml' should not exist, after up to '5' retries] and Actual [File exists]. Validation Type [NEGATIVE]. @06-05-2021 07:16:20.0845 A

################################################################################################################################################
Starting Execution:	[51 out of 137] test cases in the current suite
Test Method:		[testPackage01.Test_NewValidationHelper.f3_1]
################################################################################################################################################
[ReportManager] Checking valid user data... @06-05-2021 07:16:20.0855 AM
[ReportManager] AssertEquals PASSED; Expected [null] and Actual [null]. Comparison Type [EQUALS]. Validation Type [POSITIVE]. @06-05-2021 07:16:20.0855 A

################################################################################################################################################
Starting Execution:	[52 out of 137] test cases in the current suite
Test Method:		[testPackage01.Test_NewValidationHelper.f4]
################################################################################################################################################
[ReportManager] AssertEquals PASSED; Expected [1] and Actual [123]. Comparison Type [CONTAINS]. Validation Type [POSITIVE]. @06-05-2021 07:16:20.0857 A

################################################################################################################################################
Starting Execution:	[53 out of 137] test cases in the current suite
Test Method:		[testPackage01.Test_NewValidationHelper.f5]
################################################################################################################################################
[ReportManager] AssertNull PASSED; Expected [NULL] and Actual [1]. Comparison Type [EQUALS]. Validation Type [NEGATIVE]. @06-05-2021 07:16:20.0860 A

################################################################################################################################################
Starting Execution:	[54 out of 137] test cases in the current suite
Test Method:		[testPackage01.Test_NewValidationHelper.f6]
################################################################################################################################################
[ReportManager] Making sure that null string is not equal to null object... @06-05-2021 07:16:20.0865 AM
[ReportManager] AssertNull FAILED; Expected [NULL] and Actual [NULL]. Comparison Type [EQUALS]. Validation Type [POSITIVE]. @06-05-2021 07:16:20.0865 A

################################################################################################################################################
Starting Execution:	[55 out of 137] test cases in the current suite
Test Method:		[testPackage01.Test_NewValidationHelper.f6_1]
################################################################################################################################################
[ReportManager] AssertNull FAILED; Expected [NULL] and Actual [NULL]. Comparison Type [EQUALS]. Validation Type [NEGATIVE]. @06-05-2021 07:16:20.0867 A

################################################################################################################################################
Starting Execution:	[56 out of 137] test cases in the current suite
Test Method:		[testPackage01.Test_NewValidationHelper.f6_2]
################################################################################################################################################
[ReportManager] Making sure that null string is not equal to null object... @06-05-2021 07:16:20.0873 AM
[ReportManager] AssertNull FAILED; Expected [NULL] and Actual [not null]. Comparison Type [EQUALS]. Validation Type [POSITIVE]. @06-05-2021 07:16:20.0873 A

################################################################################################################################################
Starting Execution:	[57 out of 137] test cases in the current suite
Test Method:		[testPackage01.Test_NewValidationHelper.f7]
################################################################################################################################################
[ReportManager] AssertNull PASSED; Expected [NULL] and Actual [NULL]. Comparison Type [EQUALS]. Validation Type [POSITIVE]. @06-05-2021 07:16:20.0875 A
[ReportManager] File Action [getAbsolutePath] successfully performed. With the following test data [Relative Folder Path: "target/downloadedFiles/"]. @06-05-2021 07:16:20.0883 AM
[ReportManager] Attempting to run remotely on: [Linux-64], [GoogleChrome], [http://localhost:4444/wd/hub], Headless Execution. @06-05-2021 07:16:20.0883 AM
[ReportManager] Successfully Opened [GoogleChrome]. @06-05-2021 07:16:21.0100 AM
[ReportManager] Target URL: [https://the-internet.herokuapp.com/] @06-05-2021 07:16:21.0113 AM
[ReportManager] Initial URL: [data:,] @06-05-2021 07:16:21.0157 AM
[ReportManager] Browser Action [navigateToURL] successfully performed. With the following test data [https://the-internet.herokuapp.com/]. @06-05-2021 07:16:22.0369 A

################################################################################################################################################
Starting Execution:	[58 out of 137] test cases in the current suite
Test Method:		[testPackage01.Test_NewValidationHelper.f8]
################################################################################################################################################
[ReportManager] Loaded Shared OpenCV @06-05-2021 07:16:22.0598 AM
[ReportManager] AssertElementExists PASSED; Expected [Element Should Exist, locator 'By.tagName: h1'] and Actual [Element Exists]. Comparison Type [EQUALS]. Validation Type [POSITIVE]. @06-05-2021 07:16:22.0669 AM
[ReportManager] Successfully created attachment [Screenshot - 1620285382598_f8_AssertElementExists_passed] @06-05-2021 07:16:22.0670 A
[ReportManager] Successfully created attachment [Selenium WebDriver Logs - server] @06-05-2021 07:16:22.0684 AM
[ReportManager] Successfully created attachment [Selenium WebDriver Logs - performance] @06-05-2021 07:16:22.0707 AM
[ReportManager] Successfully created attachment [Selenium WebDriver Logs - browser] @06-05-2021 07:16:22.0715 AM
[ReportManager] Successfully created attachment [Selenium WebDriver Logs - driver] @06-05-2021 07:16:22.0767 AM
[ReportManager] Successfully Closed All Drivers. @06-05-2021 07:16:22.0842 A
[ReportManager] File Action [getAbsolutePath] successfully performed. With the following test data [Relative Folder Path: "target/downloadedFiles/"]. @06-05-2021 07:16:22.0844 AM
[ReportManager] Attempting to run remotely on: [Linux-64], [GoogleChrome], [http://localhost:4444/wd/hub], Headless Execution. @06-05-2021 07:16:22.0844 AM
[ReportManager] Successfully Opened [GoogleChrome]. @06-05-2021 07:16:23.0078 AM
[ReportManager] Target URL: [https://the-internet.herokuapp.com/] @06-05-2021 07:16:23.0089 AM
[ReportManager] Initial URL: [data:,] @06-05-2021 07:16:23.0143 AM
[ReportManager] Browser Action [navigateToURL] successfully performed. With the following test data [https://the-internet.herokuapp.com/]. @06-05-2021 07:16:25.0348 A

################################################################################################################################################
Starting Execution:	[59 out of 137] test cases in the current suite
Test Method:		[testPackage01.Test_NewValidationHelper.f9]
################################################################################################################################################
[ReportManager] AssertElementExists FAILED; Expected [Element Should Exist, locator 'By.tagName: h3'] and Actual [Element Doesn't Exists]. Comparison Type [EQUALS]. Validation Type [POSITIVE]. @06-05-2021 07:16:56.0007 AM
[ReportManager] Successfully created attachment [Screenshot - 1620285415947_f9_AssertElementExists_failed] @06-05-2021 07:16:56.0008 A
[ReportManager] Successfully created attachment [Selenium WebDriver Logs - server] @06-05-2021 07:16:56.0023 AM
[ReportManager] Successfully created attachment [Selenium WebDriver Logs - performance] @06-05-2021 07:16:56.0043 AM
[ReportManager] Successfully created attachment [Selenium WebDriver Logs - browser] @06-05-2021 07:16:56.0050 AM
[ReportManager] Successfully created attachment [Selenium WebDriver Logs - driver] @06-05-2021 07:16:56.0129 AM
[ReportManager] Successfully Closed All Drivers. @06-05-2021 07:16:56.0200 A

################################################################################################################################################
Starting Execution:	[60 out of 137] test cases in the current suite
Test Method:		[testPackage01.Test_NewValidationHelper.forceFail]
################################################################################################################################################
[ReportManager] AssertFail FAILED; Expected [null] and Actual [null]. @06-05-2021 07:16:56.0217 A

################################################################################################################################################
Starting Execution:	[61 out of 137] test cases in the current suite
Test Method:		[testPackage01.Test_NewValidationHelper.forceFail2]
################################################################################################################################################
[ReportManager] Custom Message... @06-05-2021 07:16:56.0227 AM
[ReportManager] AssertFail FAILED; Expected [null] and Actual [null]. @06-05-2021 07:16:56.0227 A
[ReportManager] Successfully loaded the following test data file [src/test/resources/TestDataFiles/testSuite01/TestData.xlsx]. @06-05-2021 07:16:56.0994 AM
[ReportManager] Successfully created attachment [Test Data - Excel] @06-05-2021 07:16:56.0994 AM
[ReportManager] File Action [getAbsolutePath] successfully performed. With the following test data [Relative Folder Path: "target/downloadedFiles/"]. @06-05-2021 07:16:56.0994 AM
[ReportManager] Attempting to run remotely on: [Linux-64], [GoogleChrome], [http://localhost:4444/wd/hub], Headless Execution. @06-05-2021 07:16:56.0995 AM
[ReportManager] Successfully Opened [GoogleChrome]. @06-05-2021 07:16:57.0329 A

################################################################################################################################################
Starting Execution:	[62 out of 137] test cases in the current suite
Test Method:		[testPackage01.Test_google.navigateToURLandVerifyGoogleLogoIsDisplayed]
Test Description:	[TC001 - Navigate to URL and Verify Google Logo is Displayed]
################################################################################################################################################
[ReportManager] Target URL: [https://www.google.com/ncr], and after redirection: [https://www.google.com] @06-05-2021 07:16:57.0357 AM
[ReportManager] Initial URL: [data:,] @06-05-2021 07:16:57.0407 AM
[ReportManager] Browser Action [navigateToURL] successfully performed. With the following test data [https://www.google.com/ncr]. @06-05-2021 07:16:58.0382 AM
[ReportManager] Loaded Shared OpenCV @06-05-2021 07:16:58.0570 AM
[ReportManager] AssertElementExists PASSED; Expected [Element Should Exist, locator 'By.xpath: //img[@id='hplogo' or @alt='Google']'] and Actual [Element Exists]. Comparison Type [EQUALS]. Validation Type [POSITIVE]. @06-05-2021 07:16:58.0642 AM
[ReportManager] Successfully created attachment [Screenshot - 1620285418570_navigateToURLandVerifyGoogleLogoIsDisplayed_AssertElementExists_passed] @06-05-2021 07:16:58.0643 A

################################################################################################################################################
Starting Execution:	[63 out of 137] test cases in the current suite
Test Method:		[testPackage01.Test_google.searchForQueryandAssertResultsNumDisplayed]
Test Description:	[TC002 - Search for Query and Assert that the number of results is displayed]
################################################################################################################################################
[ReportManager] Element Action [type] successfully performed. With the following test data [SHAFT_Engine]. @06-05-2021 07:16:59.0358 AM
[ReportManager] Element Action [keyPress] successfully performed. With the following test data [Enter]. @06-05-2021 07:17:00.0817 AM
[ReportManager] Element Action [getText] successfully performed. With the following test data [About 654,000 results (0.69 seconds) ]. @06-05-2021 07:17:00.0892 AM
[ReportManager] Loaded Shared OpenCV @06-05-2021 07:17:01.0045 AM
[ReportManager] AssertElementAttribute PASSED; Expected [Value Should not be '' for the 'Text' attribute, element locator 'By.id: appbar'] and Actual [About 654,000 results (0.69 seconds) ]. Comparison Type [EQUALS]. Validation Type [NEGATIVE]. @06-05-2021 07:17:01.0134 AM
[ReportManager] Successfully created attachment [Screenshot - 1620285421045_searchForQueryandAssertResultsNumDisplayed_AssertElementAttribute_passed] @06-05-2021 07:17:01.0135 A

################################################################################################################################################
Starting Execution:	[64 out of 137] test cases in the current suite
Test Method:		[testPackage01.Test_google.clickNextThrice]
Test Description:	[TC003 - Clicks the next button to make sure that the framework can scroll element into view before clicking it]
################################################################################################################################################
[ReportManager] Element Action [click] successfully performed. With the following test data [Next]. @06-05-2021 07:17:02.0591 A
[ReportManager] Successfully created attachment [Selenium WebDriver Logs - server] @06-05-2021 07:17:02.0748 AM
[ReportManager] Successfully created attachment [Selenium WebDriver Logs - performance] @06-05-2021 07:17:02.0992 AM
[ReportManager] Successfully created attachment [Selenium WebDriver Logs - driver] @06-05-2021 07:17:03.0372 AM
[ReportManager] Browser Action [closeCurrentWindow] successfully performed. @06-05-2021 07:17:03.0431 AM
[ReportManager] Successfully created attachment [Browser Action Test Data - closeCurrentWindow - Actual Value] @06-05-2021 07:17:03.0435 A

################################################################################################################################################
Starting Execution:	[65 out of 137] test cases in the current suite
Test Method:		[testPackage01.Test_testData.f]
################################################################################################################################################
[ReportManager] Successfully loaded the following test data file [src/test/resources/TestDataFiles/testSuite01/TestData.xlsx]. @06-05-2021 07:17:03.0478 AM
[ReportManager] Successfully created attachment [Test Data - Excel] @06-05-2021 07:17:03.0479 AM
[ReportManager] Last Column Number is: [3]. Zero-based. @06-05-2021 07:17:03.0479 A

################################################################################################################################################
Starting Execution:	[66 out of 137] test cases in the current suite
Test Method:		[testPackage01.Test_JsonActions.f]
###############################################################################################################################################

################################################################################################################################################
Starting Execution:	[67 out of 137] test cases in the current suite
Test Method:		[testPackage01.Test_JsonActions.f2]
###############################################################################################################################################

################################################################################################################################################
Starting Execution:	[68 out of 137] test cases in the current suite
Test Method:		[testPackage01.Test_JsonCompareWithSpecialCharacters.specialCharacters]
################################################################################################################################################
[ReportManager] File Action [getAbsolutePath] successfully performed. With the following test data [Relative Folder Path: "src/test/resources/TestJsonFiles/specialCharacters.json"]. @06-05-2021 07:17:03.0564 AM
[ReportManager] File Action [readFromFile] successfully performed. With the following test data [File Path: "/home/runner/work/SHAFT_ENGINE/SHAFT_ENGINE/src/test/resources/TestJsonFiles/specialCharacters.json"]. @06-05-2021 07:17:03.0569 AM
[ReportManager] Successfully created attachment [File Action Actual Result - Command Log] @06-05-2021 07:17:03.0570 AM
[ReportManager] Comparing the provided API response with the file at this path "src/test/resources/TestJsonFiles/specialCharacters.json", comparison type "EQUALS" @06-05-2021 07:17:03.0677 AM
[ReportManager] API Action [compareJSON] successfully performed. With the following test data [src/test/resources/TestJsonFiles/specialCharacters.json]. @06-05-2021 07:17:03.0792 AM
[ReportManager] File Action [getAbsolutePath] successfully performed. With the following test data [Relative Folder Path: "src/test/resources/TestJsonFiles/specialCharacters.json"]. @06-05-2021 07:17:03.0793 AM
[ReportManager] File Action [readFromFile] successfully performed. With the following test data [File Path: "/home/runner/work/SHAFT_ENGINE/SHAFT_ENGINE/src/test/resources/TestJsonFiles/specialCharacters.json"]. @06-05-2021 07:17:03.0793 AM
[ReportManager] VerifyJSONFileContent PASSED; Expected [Response data should match the JSON File in this path 'src/test/resources/TestJsonFiles/specialCharacters.json'] and Actual [TRUE]. Comparison Type [EQUALS]. Validation Type [POSITIVE]. @06-05-2021 07:17:03.0804 AM
[ReportManager] Successfully created attachment [Validation Test Data - Expected JSON Value] @06-05-2021 07:17:03.0810 AM
[ReportManager] Successfully created attachment [Validation Test Data - Actual JSON Value] @06-05-2021 07:17:03.0810 A

################################################################################################################################################
Starting Execution:	[69 out of 137] test cases in the current suite
Test Method:		[testPackage01.Test_JsonCompareWithSpecialCharacters.specialCharacters_assertion]
################################################################################################################################################
[ReportManager] File Action [getAbsolutePath] successfully performed. With the following test data [Relative Folder Path: "src/test/resources/TestJsonFiles/specialCharacters.json"]. @06-05-2021 07:17:03.0817 AM
[ReportManager] File Action [readFromFile] successfully performed. With the following test data [File Path: "/home/runner/work/SHAFT_ENGINE/SHAFT_ENGINE/src/test/resources/TestJsonFiles/specialCharacters.json"]. @06-05-2021 07:17:03.0818 AM
[ReportManager] Successfully created attachment [File Action Actual Result - Command Log] @06-05-2021 07:17:03.0818 AM
[ReportManager] trying out the log message... @06-05-2021 07:17:03.0819 AM
[ReportManager] Comparing the provided API response with the file at this path "src/test/resources/TestJsonFiles/specialCharacters.json", comparison type "CONTAINS" @06-05-2021 07:17:03.0819 AM
[ReportManager] API Action [compareJSON] successfully performed. With the following test data [src/test/resources/TestJsonFiles/specialCharacters.json]. @06-05-2021 07:17:03.0839 AM
[ReportManager] File Action [getAbsolutePath] successfully performed. With the following test data [Relative Folder Path: "src/test/resources/TestJsonFiles/specialCharacters.json"]. @06-05-2021 07:17:03.0839 AM
[ReportManager] File Action [readFromFile] successfully performed. With the following test data [File Path: "/home/runner/work/SHAFT_ENGINE/SHAFT_ENGINE/src/test/resources/TestJsonFiles/specialCharacters.json"]. @06-05-2021 07:17:03.0839 AM
[ReportManager] AssertJSONFileContent PASSED; Expected [Response data should match the JSON File in this path 'src/test/resources/TestJsonFiles/specialCharacters.json'] and Actual [TRUE]. Comparison Type [CONTAINS]. Validation Type [POSITIVE]. @06-05-2021 07:17:03.0851 AM
[ReportManager] Successfully created attachment [Validation Test Data - Expected JSON Value] @06-05-2021 07:17:03.0852 AM
[ReportManager] Successfully created attachment [Validation Test Data - Actual JSON Value] @06-05-2021 07:17:03.0853 A

################################################################################################################################################
Starting Execution:	[70 out of 137] test cases in the current suite
Test Method:		[unitTests.tests_validations_assertions.assertComparativeRelation_greaterThanOrEquals_false_equals_expectedToFail]
################################################################################################################################################
[ReportManager] AssertComparativeRelation FAILED; Expected [1] and Actual [1]. Comparison Type [GREATER_THAN_OR_EQUALS]. Validation Type [NEGATIVE]. @06-05-2021 07:17:03.0868 A

################################################################################################################################################
Starting Execution:	[71 out of 137] test cases in the current suite
Test Method:		[unitTests.tests_validations_assertions.assertComparativeRelation_greaterThanOrEquals_false_equals_expectedToPass]
################################################################################################################################################
[ReportManager] AssertComparativeRelation PASSED; Expected [2] and Actual [1]. Comparison Type [GREATER_THAN_OR_EQUALS]. Validation Type [NEGATIVE]. @06-05-2021 07:17:03.0877 A

################################################################################################################################################
Starting Execution:	[72 out of 137] test cases in the current suite
Test Method:		[unitTests.tests_validations_assertions.assertComparativeRelation_greaterThanOrEquals_false_greaterThan_expectedToFail]
################################################################################################################################################
[ReportManager] AssertComparativeRelation FAILED; Expected [1] and Actual [2]. Comparison Type [GREATER_THAN_OR_EQUALS]. Validation Type [NEGATIVE]. @06-05-2021 07:17:03.0882 A

################################################################################################################################################
Starting Execution:	[73 out of 137] test cases in the current suite
Test Method:		[unitTests.tests_validations_assertions.assertComparativeRelation_greaterThanOrEquals_false_greaterThan_expectedToPass]
################################################################################################################################################
[ReportManager] AssertComparativeRelation PASSED; Expected [2] and Actual [1]. Comparison Type [GREATER_THAN_OR_EQUALS]. Validation Type [NEGATIVE]. @06-05-2021 07:17:03.0890 A

################################################################################################################################################
Starting Execution:	[74 out of 137] test cases in the current suite
Test Method:		[unitTests.tests_validations_assertions.assertComparativeRelation_greaterThanOrEquals_true_equals_expectedToFail]
################################################################################################################################################
[ReportManager] AssertComparativeRelation FAILED; Expected [1] and Actual [0]. Comparison Type [GREATER_THAN_OR_EQUALS]. Validation Type [POSITIVE]. @06-05-2021 07:17:03.0901 A

################################################################################################################################################
Starting Execution:	[75 out of 137] test cases in the current suite
Test Method:		[unitTests.tests_validations_assertions.assertComparativeRelation_greaterThanOrEquals_true_equals_expectedToPass]
################################################################################################################################################
[ReportManager] AssertComparativeRelation PASSED; Expected [1] and Actual [1]. Comparison Type [GREATER_THAN_OR_EQUALS]. Validation Type [POSITIVE]. @06-05-2021 07:17:03.0910 A

################################################################################################################################################
Starting Execution:	[76 out of 137] test cases in the current suite
Test Method:		[unitTests.tests_validations_assertions.assertComparativeRelation_greaterThanOrEquals_true_greaterThan_expectedToFail]
################################################################################################################################################
[ReportManager] AssertComparativeRelation FAILED; Expected [2] and Actual [1]. Comparison Type [GREATER_THAN_OR_EQUALS]. Validation Type [POSITIVE]. @06-05-2021 07:17:03.0919 A

################################################################################################################################################
Starting Execution:	[77 out of 137] test cases in the current suite
Test Method:		[unitTests.tests_validations_assertions.assertComparativeRelation_greaterThanOrEquals_true_greaterThan_expectedToPass]
################################################################################################################################################
[ReportManager] AssertComparativeRelation PASSED; Expected [1] and Actual [2]. Comparison Type [GREATER_THAN_OR_EQUALS]. Validation Type [POSITIVE]. @06-05-2021 07:17:03.0931 A
[ReportManager] File Action [getAbsolutePath] successfully performed. With the following test data [Relative Folder Path: "target/downloadedFiles/"]. @06-05-2021 07:17:03.0937 AM
[ReportManager] Attempting to run remotely on: [Linux-64], [GoogleChrome], [http://localhost:4444/wd/hub], Headless Execution. @06-05-2021 07:17:03.0939 AM
[ReportManager] Successfully Opened [GoogleChrome]. @06-05-2021 07:17:04.0198 AM
[ReportManager] Target URL: [https://www.google.com/ncr], and after redirection: [www.google.com] @06-05-2021 07:17:04.0232 AM
[ReportManager] Initial URL: [data:,] @06-05-2021 07:17:04.0285 AM
[ReportManager] Browser Action [navigateToURL] successfully performed. With the following test data [https://www.google.com/ncr]. @06-05-2021 07:17:05.0172 A

################################################################################################################################################
Starting Execution:	[78 out of 137] test cases in the current suite
Test Method:		[unitTests.tests_validations_assertions.assertElementAttribute_false_caseInsensitiveComparison_expectedToFail]
################################################################################################################################################
[ReportManager] Element Action [type] successfully performed. With the following test data [AUTOMATION]. @06-05-2021 07:17:05.0733 AM
[ReportManager] Element Action [getText] successfully performed. With the following test data [AUTOMATION]. @06-05-2021 07:17:05.0835 AM
[ReportManager] Loaded Shared OpenCV @06-05-2021 07:17:05.0982 AM
[ReportManager] AssertElementAttribute FAILED; Expected [Value Should not be 'AutomaTion' for the 'text' attribute, element locator 'By.name: q'] and Actual [AUTOMATION]. Comparison Type [CASE_INSENSITIVE]. Validation Type [NEGATIVE]. @06-05-2021 07:17:06.0066 AM
[ReportManager] Successfully created attachment [Screenshot - 1620285425982_assertElementAttribute_false_caseInsensitiveComparison_expectedToFail_AssertElementAttribute_failed] @06-05-2021 07:17:06.0067 A
[ReportManager] Successfully created attachment [Selenium WebDriver Logs - server] @06-05-2021 07:17:06.0169 AM
[ReportManager] Successfully created attachment [Selenium WebDriver Logs - performance] @06-05-2021 07:17:06.0246 AM
[ReportManager] Successfully created attachment [Selenium WebDriver Logs - driver] @06-05-2021 07:17:06.0385 AM
[ReportManager] Browser Action [closeCurrentWindow] successfully performed. @06-05-2021 07:17:06.0457 AM
[ReportManager] Successfully created attachment [Browser Action Test Data - closeCurrentWindow - Actual Value] @06-05-2021 07:17:06.0458 A
[ReportManager] File Action [getAbsolutePath] successfully performed. With the following test data [Relative Folder Path: "target/downloadedFiles/"]. @06-05-2021 07:17:06.0465 AM
[ReportManager] Attempting to run remotely on: [Linux-64], [GoogleChrome], [http://localhost:4444/wd/hub], Headless Execution. @06-05-2021 07:17:06.0465 AM
[ReportManager] Successfully Opened [GoogleChrome]. @06-05-2021 07:17:06.0700 AM
[ReportManager] Target URL: [https://www.google.com/ncr], and after redirection: [www.google.com] @06-05-2021 07:17:06.0710 AM
[ReportManager] Initial URL: [data:,] @06-05-2021 07:17:06.0749 AM
[ReportManager] Browser Action [navigateToURL] successfully performed. With the following test data [https://www.google.com/ncr]. @06-05-2021 07:17:07.0612 A

################################################################################################################################################
Starting Execution:	[79 out of 137] test cases in the current suite
Test Method:		[unitTests.tests_validations_assertions.assertElementAttribute_false_caseInsensitiveComparison_expectedToPass]
################################################################################################################################################
[ReportManager] Element Action [type] successfully performed. With the following test data [AUTOMATION]. @06-05-2021 07:17:08.0175 AM
[ReportManager] Element Action [getText] successfully performed. With the following test data [AUTOMATION]. @06-05-2021 07:17:08.0268 AM
[ReportManager] Loaded Shared OpenCV @06-05-2021 07:17:08.0424 AM
[ReportManager] AssertElementAttribute PASSED; Expected [Value Should not be 'AutomaTion123' for the 'text' attribute, element locator 'By.name: q'] and Actual [AUTOMATION]. Comparison Type [CASE_INSENSITIVE]. Validation Type [NEGATIVE]. @06-05-2021 07:17:08.0496 AM
[ReportManager] Successfully created attachment [Screenshot - 1620285428424_assertElementAttribute_false_caseInsensitiveComparison_expectedToPass_AssertElementAttribute_passed] @06-05-2021 07:17:08.0497 A
[ReportManager] Successfully created attachment [Selenium WebDriver Logs - server] @06-05-2021 07:17:08.0575 AM
[ReportManager] Successfully created attachment [Selenium WebDriver Logs - performance] @06-05-2021 07:17:08.0652 AM
[ReportManager] Successfully created attachment [Selenium WebDriver Logs - driver] @06-05-2021 07:17:08.0794 AM
[ReportManager] Browser Action [closeCurrentWindow] successfully performed. @06-05-2021 07:17:08.0859 AM
[ReportManager] Successfully created attachment [Browser Action Test Data - closeCurrentWindow - Actual Value] @06-05-2021 07:17:08.0860 A
[ReportManager] File Action [getAbsolutePath] successfully performed. With the following test data [Relative Folder Path: "target/downloadedFiles/"]. @06-05-2021 07:17:08.0863 AM
[ReportManager] Attempting to run remotely on: [Linux-64], [GoogleChrome], [http://localhost:4444/wd/hub], Headless Execution. @06-05-2021 07:17:08.0863 AM
[ReportManager] Successfully Opened [GoogleChrome]. @06-05-2021 07:17:09.0091 AM
[ReportManager] Target URL: [https://www.google.com/ncr], and after redirection: [www.google.com] @06-05-2021 07:17:09.0100 AM
[ReportManager] Initial URL: [data:,] @06-05-2021 07:17:09.0137 AM
[ReportManager] Browser Action [navigateToURL] successfully performed. With the following test data [https://www.google.com/ncr]. @06-05-2021 07:17:10.0010 A

################################################################################################################################################
Starting Execution:	[80 out of 137] test cases in the current suite
Test Method:		[unitTests.tests_validations_assertions.assertElementAttribute_false_containsComparison_expectedToFail]
################################################################################################################################################
[ReportManager] Element Action [type] successfully performed. With the following test data [Automation123]. @06-05-2021 07:17:10.0576 AM
[ReportManager] Element Action [getText] successfully performed. With the following test data [Automation123]. @06-05-2021 07:17:10.0662 AM
[ReportManager] Loaded Shared OpenCV @06-05-2021 07:17:10.0802 AM
[ReportManager] AssertElementAttribute FAILED; Expected [Value Should not be 'Automation' for the 'text' attribute, element locator 'By.name: q'] and Actual [Automation123]. Comparison Type [CONTAINS]. Validation Type [NEGATIVE]. @06-05-2021 07:17:10.0876 AM
[ReportManager] Successfully created attachment [Screenshot - 1620285430802_assertElementAttribute_false_containsComparison_expectedToFail_AssertElementAttribute_failed] @06-05-2021 07:17:10.0879 A
[ReportManager] Successfully created attachment [Selenium WebDriver Logs - server] @06-05-2021 07:17:10.0956 AM
[ReportManager] Successfully created attachment [Selenium WebDriver Logs - performance] @06-05-2021 07:17:11.0075 AM
[ReportManager] Successfully created attachment [Selenium WebDriver Logs - driver] @06-05-2021 07:17:11.0205 AM
[ReportManager] Browser Action [closeCurrentWindow] successfully performed. @06-05-2021 07:17:11.0261 AM
[ReportManager] Successfully created attachment [Browser Action Test Data - closeCurrentWindow - Actual Value] @06-05-2021 07:17:11.0261 A
[ReportManager] File Action [getAbsolutePath] successfully performed. With the following test data [Relative Folder Path: "target/downloadedFiles/"]. @06-05-2021 07:17:11.0266 AM
[ReportManager] Attempting to run remotely on: [Linux-64], [GoogleChrome], [http://localhost:4444/wd/hub], Headless Execution. @06-05-2021 07:17:11.0267 AM
[ReportManager] Successfully Opened [GoogleChrome]. @06-05-2021 07:17:11.0484 AM
[ReportManager] Target URL: [https://www.google.com/ncr], and after redirection: [www.google.com] @06-05-2021 07:17:11.0495 AM
[ReportManager] Initial URL: [data:,] @06-05-2021 07:17:11.0533 AM
[ReportManager] Browser Action [navigateToURL] successfully performed. With the following test data [https://www.google.com/ncr]. @06-05-2021 07:17:12.0389 A

################################################################################################################################################
Starting Execution:	[81 out of 137] test cases in the current suite
Test Method:		[unitTests.tests_validations_assertions.assertElementAttribute_false_containsComparison_expectedToPass]
################################################################################################################################################
[ReportManager] Element Action [type] successfully performed. With the following test data [Automation123]. @06-05-2021 07:17:12.0933 AM
[ReportManager] Element Action [getText] successfully performed. With the following test data [Automation123]. @06-05-2021 07:17:13.0031 AM
[ReportManager] Loaded Shared OpenCV @06-05-2021 07:17:13.0171 AM
[ReportManager] AssertElementAttribute PASSED; Expected [Value Should not be 'Automation1234' for the 'text' attribute, element locator 'By.name: q'] and Actual [Automation123]. Comparison Type [CONTAINS]. Validation Type [NEGATIVE]. @06-05-2021 07:17:13.0242 AM
[ReportManager] Successfully created attachment [Screenshot - 1620285433171_assertElementAttribute_false_containsComparison_expectedToPass_AssertElementAttribute_passed] @06-05-2021 07:17:13.0243 A
[ReportManager] Successfully created attachment [Selenium WebDriver Logs - server] @06-05-2021 07:17:13.0335 AM
[ReportManager] Successfully created attachment [Selenium WebDriver Logs - performance] @06-05-2021 07:17:13.0425 AM
[ReportManager] Successfully created attachment [Selenium WebDriver Logs - driver] @06-05-2021 07:17:13.0553 AM
[ReportManager] Browser Action [closeCurrentWindow] successfully performed. @06-05-2021 07:17:13.0610 AM
[ReportManager] Successfully created attachment [Browser Action Test Data - closeCurrentWindow - Actual Value] @06-05-2021 07:17:13.0610 A
[ReportManager] File Action [getAbsolutePath] successfully performed. With the following test data [Relative Folder Path: "target/downloadedFiles/"]. @06-05-2021 07:17:13.0613 AM
[ReportManager] Attempting to run remotely on: [Linux-64], [GoogleChrome], [http://localhost:4444/wd/hub], Headless Execution. @06-05-2021 07:17:13.0613 AM
[ReportManager] Successfully Opened [GoogleChrome]. @06-05-2021 07:17:13.0848 AM
[ReportManager] Target URL: [https://www.google.com/ncr], and after redirection: [www.google.com] @06-05-2021 07:17:13.0865 AM
[ReportManager] Initial URL: [data:,] @06-05-2021 07:17:13.0923 AM
[ReportManager] Browser Action [navigateToURL] successfully performed. With the following test data [https://www.google.com/ncr]. @06-05-2021 07:17:14.0784 A

################################################################################################################################################
Starting Execution:	[82 out of 137] test cases in the current suite
Test Method:		[unitTests.tests_validations_assertions.assertElementAttribute_false_literalComparison_expectedToFail]
################################################################################################################################################
[ReportManager] Element Action [type] successfully performed. With the following test data [Automation!@#$%^&*()_+{}[]\';/.,]. @06-05-2021 07:17:16.0067 AM
[ReportManager] Element Action [getText] successfully performed. With the following test data [Automation!@#$%^&*()_+{}[]\';/.,]. @06-05-2021 07:17:16.0188 AM
[ReportManager] Loaded Shared OpenCV @06-05-2021 07:17:16.0345 AM
[ReportManager] AssertElementAttribute PASSED; Expected [Value Should not be 'Automation!@#$%^&*()_+{}[]\\';/.,' for the 'text' attribute, element locator 'By.name: q'] and Actual [Automation!@#$%^&*()_+{}[]\';/.,]. Comparison Type [EQUALS]. Validation Type [NEGATIVE]. @06-05-2021 07:17:16.0422 AM
[ReportManager] Successfully created attachment [Screenshot - 1620285436345_assertElementAttribute_false_literalComparison_expectedToFail_AssertElementAttribute_passed] @06-05-2021 07:17:16.0423 A
[ReportManager] Successfully created attachment [Selenium WebDriver Logs - server] @06-05-2021 07:17:16.0501 AM
[ReportManager] Successfully created attachment [Selenium WebDriver Logs - performance] @06-05-2021 07:17:16.0664 AM
[ReportManager] Successfully created attachment [Selenium WebDriver Logs - driver] @06-05-2021 07:17:16.0821 AM
[ReportManager] Browser Action [closeCurrentWindow] successfully performed. @06-05-2021 07:17:16.0885 AM
[ReportManager] Successfully created attachment [Browser Action Test Data - closeCurrentWindow - Actual Value] @06-05-2021 07:17:16.0886 A
[ReportManager] File Action [getAbsolutePath] successfully performed. With the following test data [Relative Folder Path: "target/downloadedFiles/"]. @06-05-2021 07:17:16.0888 AM
[ReportManager] Attempting to run remotely on: [Linux-64], [GoogleChrome], [http://localhost:4444/wd/hub], Headless Execution. @06-05-2021 07:17:16.0888 AM
[ReportManager] Successfully Opened [GoogleChrome]. @06-05-2021 07:17:17.0156 AM
[ReportManager] Target URL: [https://www.google.com/ncr], and after redirection: [www.google.com] @06-05-2021 07:17:17.0167 AM
[ReportManager] Initial URL: [data:,] @06-05-2021 07:17:17.0208 AM
[ReportManager] Browser Action [navigateToURL] successfully performed. With the following test data [https://www.google.com/ncr]. @06-05-2021 07:17:18.0045 A

################################################################################################################################################
Starting Execution:	[83 out of 137] test cases in the current suite
Test Method:		[unitTests.tests_validations_assertions.assertElementAttribute_false_literalComparison_expectedToPass]
################################################################################################################################################
[ReportManager] Element Action [type] successfully performed. With the following test data [Automation!@#$%^&*()_+{}[]\';/.,]. @06-05-2021 07:17:19.0326 AM
[ReportManager] Element Action [getText] successfully performed. With the following test data [Automation!@#$%^&*()_+{}[]\';/.,]. @06-05-2021 07:17:19.0418 AM
[ReportManager] Loaded Shared OpenCV @06-05-2021 07:17:19.0560 AM
[ReportManager] AssertElementAttribute PASSED; Expected [Value Should not be 'Automation' for the 'text' attribute, element locator 'By.name: q'] and Actual [Automation!@#$%^&*()_+{}[]\';/.,]. Comparison Type [EQUALS]. Validation Type [NEGATIVE]. @06-05-2021 07:17:19.0629 AM
[ReportManager] Successfully created attachment [Screenshot - 1620285439560_assertElementAttribute_false_literalComparison_expectedToPass_AssertElementAttribute_passed] @06-05-2021 07:17:19.0630 A
[ReportManager] Successfully created attachment [Selenium WebDriver Logs - server] @06-05-2021 07:17:19.0715 AM
[ReportManager] Successfully created attachment [Selenium WebDriver Logs - performance] @06-05-2021 07:17:19.0887 AM
[ReportManager] Successfully created attachment [Selenium WebDriver Logs - driver] @06-05-2021 07:17:20.0065 AM
[ReportManager] Browser Action [closeCurrentWindow] successfully performed. @06-05-2021 07:17:20.0121 AM
[ReportManager] Successfully created attachment [Browser Action Test Data - closeCurrentWindow - Actual Value] @06-05-2021 07:17:20.0122 A
[ReportManager] File Action [getAbsolutePath] successfully performed. With the following test data [Relative Folder Path: "target/downloadedFiles/"]. @06-05-2021 07:17:20.0124 AM
[ReportManager] Attempting to run remotely on: [Linux-64], [GoogleChrome], [http://localhost:4444/wd/hub], Headless Execution. @06-05-2021 07:17:20.0124 AM
[ReportManager] Successfully Opened [GoogleChrome]. @06-05-2021 07:17:20.0369 AM
[ReportManager] Target URL: [https://www.google.com/ncr], and after redirection: [www.google.com] @06-05-2021 07:17:20.0379 AM
[ReportManager] Initial URL: [data:,] @06-05-2021 07:17:20.0414 AM
[ReportManager] Browser Action [navigateToURL] successfully performed. With the following test data [https://www.google.com/ncr]. @06-05-2021 07:17:21.0286 A

################################################################################################################################################
Starting Execution:	[84 out of 137] test cases in the current suite
Test Method:		[unitTests.tests_validations_assertions.assertElementAttribute_false_regexComparison_expectedToFail]
################################################################################################################################################
[ReportManager] Element Action [type] successfully performed. With the following test data [Automation123]. @06-05-2021 07:17:21.0872 AM
[ReportManager] Element Action [getText] successfully performed. With the following test data [Automation123]. @06-05-2021 07:17:21.0959 AM
[ReportManager] Loaded Shared OpenCV @06-05-2021 07:17:22.0104 AM
[ReportManager] AssertElementAttribute FAILED; Expected [Value Should not be 'Automation.*' for the 'text' attribute, element locator 'By.name: q'] and Actual [Automation123]. Comparison Type [MATCHES]. Validation Type [NEGATIVE]. @06-05-2021 07:17:22.0182 AM
[ReportManager] Successfully created attachment [Screenshot - 1620285442103_assertElementAttribute_false_regexComparison_expectedToFail_AssertElementAttribute_failed] @06-05-2021 07:17:22.0183 A
[ReportManager] Successfully created attachment [Selenium WebDriver Logs - server] @06-05-2021 07:17:22.0275 AM
[ReportManager] Successfully created attachment [Selenium WebDriver Logs - performance] @06-05-2021 07:17:22.0366 AM
[ReportManager] Successfully created attachment [Selenium WebDriver Logs - driver] @06-05-2021 07:17:22.0493 AM
[ReportManager] Browser Action [closeCurrentWindow] successfully performed. @06-05-2021 07:17:22.0549 AM
[ReportManager] Successfully created attachment [Browser Action Test Data - closeCurrentWindow - Actual Value] @06-05-2021 07:17:22.0549 A
[ReportManager] File Action [getAbsolutePath] successfully performed. With the following test data [Relative Folder Path: "target/downloadedFiles/"]. @06-05-2021 07:17:22.0553 AM
[ReportManager] Attempting to run remotely on: [Linux-64], [GoogleChrome], [http://localhost:4444/wd/hub], Headless Execution. @06-05-2021 07:17:22.0555 AM
[ReportManager] Successfully Opened [GoogleChrome]. @06-05-2021 07:17:22.0827 AM
[ReportManager] Target URL: [https://www.google.com/ncr], and after redirection: [www.google.com] @06-05-2021 07:17:22.0836 AM
[ReportManager] Initial URL: [data:,] @06-05-2021 07:17:22.0871 AM
[ReportManager] Browser Action [navigateToURL] successfully performed. With the following test data [https://www.google.com/ncr]. @06-05-2021 07:17:23.0765 A

################################################################################################################################################
Starting Execution:	[85 out of 137] test cases in the current suite
Test Method:		[unitTests.tests_validations_assertions.assertElementAttribute_false_regexComparison_expectedToPass]
################################################################################################################################################
[ReportManager] Element Action [type] successfully performed. With the following test data [Automation123]. @06-05-2021 07:17:24.0366 AM
[ReportManager] Element Action [getText] successfully performed. With the following test data [Automation123]. @06-05-2021 07:17:24.0478 AM
[ReportManager] Loaded Shared OpenCV @06-05-2021 07:17:24.0620 AM
[ReportManager] AssertElementAttribute PASSED; Expected [Value Should not be 'Automation' for the 'text' attribute, element locator 'By.name: q'] and Actual [Automation123]. Comparison Type [MATCHES]. Validation Type [NEGATIVE]. @06-05-2021 07:17:24.0687 AM
[ReportManager] Successfully created attachment [Screenshot - 1620285444620_assertElementAttribute_false_regexComparison_expectedToPass_AssertElementAttribute_passed] @06-05-2021 07:17:24.0688 A
[ReportManager] Successfully created attachment [Selenium WebDriver Logs - server] @06-05-2021 07:17:24.0786 AM
[ReportManager] Successfully created attachment [Selenium WebDriver Logs - performance] @06-05-2021 07:17:24.0874 AM
[ReportManager] Successfully created attachment [Selenium WebDriver Logs - driver] @06-05-2021 07:17:24.0998 AM
[ReportManager] Browser Action [closeCurrentWindow] successfully performed. @06-05-2021 07:17:25.0054 AM
[ReportManager] Successfully created attachment [Browser Action Test Data - closeCurrentWindow - Actual Value] @06-05-2021 07:17:25.0055 A
[ReportManager] File Action [getAbsolutePath] successfully performed. With the following test data [Relative Folder Path: "target/downloadedFiles/"]. @06-05-2021 07:17:25.0065 AM
[ReportManager] Attempting to run remotely on: [Linux-64], [GoogleChrome], [http://localhost:4444/wd/hub], Headless Execution. @06-05-2021 07:17:25.0065 AM
[ReportManager] Successfully Opened [GoogleChrome]. @06-05-2021 07:17:25.0329 AM
[ReportManager] Target URL: [https://www.google.com/ncr], and after redirection: [www.google.com] @06-05-2021 07:17:25.0343 AM
[ReportManager] Initial URL: [data:,] @06-05-2021 07:17:25.0388 AM
[ReportManager] Browser Action [navigateToURL] successfully performed. With the following test data [https://www.google.com/ncr]. @06-05-2021 07:17:26.0248 A

################################################################################################################################################
Starting Execution:	[86 out of 137] test cases in the current suite
Test Method:		[unitTests.tests_validations_assertions.assertElementAttribute_true_caseInsensitiveComparison_expectedToFail]
################################################################################################################################################
[ReportManager] Element Action [type] successfully performed. With the following test data [AUTOMATION]. @06-05-2021 07:17:26.0791 AM
[ReportManager] Element Action [getText] successfully performed. With the following test data [AUTOMATION]. @06-05-2021 07:17:26.0886 AM
[ReportManager] Loaded Shared OpenCV @06-05-2021 07:17:27.0032 AM
[ReportManager] AssertElementAttribute FAILED; Expected [Value Should be 'AutomaTion123' for the 'text' attribute, element locator 'By.name: q'] and Actual [AUTOMATION]. Comparison Type [CASE_INSENSITIVE]. Validation Type [POSITIVE]. @06-05-2021 07:17:27.0101 AM
[ReportManager] Successfully created attachment [Screenshot - 1620285447032_assertElementAttribute_true_caseInsensitiveComparison_expectedToFail_AssertElementAttribute_failed] @06-05-2021 07:17:27.0102 A
[ReportManager] Successfully created attachment [Selenium WebDriver Logs - server] @06-05-2021 07:17:27.0181 AM
[ReportManager] Successfully created attachment [Selenium WebDriver Logs - performance] @06-05-2021 07:17:27.0256 AM
[ReportManager] Successfully created attachment [Selenium WebDriver Logs - driver] @06-05-2021 07:17:27.0373 AM
[ReportManager] Browser Action [closeCurrentWindow] successfully performed. @06-05-2021 07:17:27.0440 AM
[ReportManager] Successfully created attachment [Browser Action Test Data - closeCurrentWindow - Actual Value] @06-05-2021 07:17:27.0441 A
[ReportManager] File Action [getAbsolutePath] successfully performed. With the following test data [Relative Folder Path: "target/downloadedFiles/"]. @06-05-2021 07:17:27.0443 AM
[ReportManager] Attempting to run remotely on: [Linux-64], [GoogleChrome], [http://localhost:4444/wd/hub], Headless Execution. @06-05-2021 07:17:27.0443 AM
[ReportManager] Successfully Opened [GoogleChrome]. @06-05-2021 07:17:27.0664 AM
[ReportManager] Target URL: [https://www.google.com/ncr], and after redirection: [www.google.com] @06-05-2021 07:17:27.0675 AM
[ReportManager] Initial URL: [data:,] @06-05-2021 07:17:27.0714 AM
[ReportManager] Browser Action [navigateToURL] successfully performed. With the following test data [https://www.google.com/ncr]. @06-05-2021 07:17:28.0539 A

################################################################################################################################################
Starting Execution:	[87 out of 137] test cases in the current suite
Test Method:		[unitTests.tests_validations_assertions.assertElementAttribute_true_caseInsensitiveComparison_expectedToPass]
################################################################################################################################################
[ReportManager] Element Action [type] successfully performed. With the following test data [AUTOMATION]. @06-05-2021 07:17:29.0087 AM
[ReportManager] Element Action [getText] successfully performed. With the following test data [AUTOMATION]. @06-05-2021 07:17:29.0187 AM
[ReportManager] Loaded Shared OpenCV @06-05-2021 07:17:29.0328 AM
[ReportManager] AssertElementAttribute PASSED; Expected [Value Should be 'AutomaTion' for the 'text' attribute, element locator 'By.name: q'] and Actual [AUTOMATION]. Comparison Type [CASE_INSENSITIVE]. Validation Type [POSITIVE]. @06-05-2021 07:17:29.0398 AM
[ReportManager] Successfully created attachment [Screenshot - 1620285449328_assertElementAttribute_true_caseInsensitiveComparison_expectedToPass_AssertElementAttribute_passed] @06-05-2021 07:17:29.0399 A
[ReportManager] Successfully created attachment [Selenium WebDriver Logs - server] @06-05-2021 07:17:29.0475 AM
[ReportManager] Successfully created attachment [Selenium WebDriver Logs - performance] @06-05-2021 07:17:29.0547 AM
[ReportManager] Successfully created attachment [Selenium WebDriver Logs - driver] @06-05-2021 07:17:29.0684 AM
[ReportManager] Browser Action [closeCurrentWindow] successfully performed. @06-05-2021 07:17:29.0740 AM
[ReportManager] Successfully created attachment [Browser Action Test Data - closeCurrentWindow - Actual Value] @06-05-2021 07:17:29.0741 A
[ReportManager] File Action [getAbsolutePath] successfully performed. With the following test data [Relative Folder Path: "target/downloadedFiles/"]. @06-05-2021 07:17:29.0744 AM
[ReportManager] Attempting to run remotely on: [Linux-64], [GoogleChrome], [http://localhost:4444/wd/hub], Headless Execution. @06-05-2021 07:17:29.0745 AM
[ReportManager] Successfully Opened [GoogleChrome]. @06-05-2021 07:17:29.0948 AM
[ReportManager] Target URL: [https://www.google.com/ncr], and after redirection: [www.google.com] @06-05-2021 07:17:29.0958 AM
[ReportManager] Initial URL: [data:,] @06-05-2021 07:17:30.0002 AM
[ReportManager] Browser Action [navigateToURL] successfully performed. With the following test data [https://www.google.com/ncr]. @06-05-2021 07:17:30.0892 A

################################################################################################################################################
Starting Execution:	[88 out of 137] test cases in the current suite
Test Method:		[unitTests.tests_validations_assertions.assertElementAttribute_true_containsComparison_expectedToFail]
################################################################################################################################################
[ReportManager] Element Action [type] successfully performed. With the following test data [Automation123]. @06-05-2021 07:17:31.0486 AM
[ReportManager] Element Action [getText] successfully performed. With the following test data [Automation123]. @06-05-2021 07:17:31.0599 AM
[ReportManager] Loaded Shared OpenCV @06-05-2021 07:17:31.0752 AM
[ReportManager] AssertElementAttribute FAILED; Expected [Value Should be 'Automation1234' for the 'text' attribute, element locator 'By.name: q'] and Actual [Automation123]. Comparison Type [CONTAINS]. Validation Type [POSITIVE]. @06-05-2021 07:17:31.0815 AM
[ReportManager] Successfully created attachment [Screenshot - 1620285451752_assertElementAttribute_true_containsComparison_expectedToFail_AssertElementAttribute_failed] @06-05-2021 07:17:31.0815 A
[ReportManager] Successfully created attachment [Selenium WebDriver Logs - server] @06-05-2021 07:17:31.0891 AM
[ReportManager] Successfully created attachment [Selenium WebDriver Logs - performance] @06-05-2021 07:17:31.0974 AM
[ReportManager] Successfully created attachment [Selenium WebDriver Logs - driver] @06-05-2021 07:17:32.0109 AM
[ReportManager] Browser Action [closeCurrentWindow] successfully performed. @06-05-2021 07:17:32.0166 AM
[ReportManager] Successfully created attachment [Browser Action Test Data - closeCurrentWindow - Actual Value] @06-05-2021 07:17:32.0167 A
[ReportManager] File Action [getAbsolutePath] successfully performed. With the following test data [Relative Folder Path: "target/downloadedFiles/"]. @06-05-2021 07:17:32.0169 AM
[ReportManager] Attempting to run remotely on: [Linux-64], [GoogleChrome], [http://localhost:4444/wd/hub], Headless Execution. @06-05-2021 07:17:32.0169 AM
[ReportManager] Successfully Opened [GoogleChrome]. @06-05-2021 07:17:32.0404 AM
[ReportManager] Target URL: [https://www.google.com/ncr], and after redirection: [www.google.com] @06-05-2021 07:17:32.0421 AM
[ReportManager] Initial URL: [data:,] @06-05-2021 07:17:32.0461 AM
[ReportManager] Browser Action [navigateToURL] successfully performed. With the following test data [https://www.google.com/ncr]. @06-05-2021 07:17:33.0345 A

################################################################################################################################################
Starting Execution:	[89 out of 137] test cases in the current suite
Test Method:		[unitTests.tests_validations_assertions.assertElementAttribute_true_containsComparison_expectedToPass]
################################################################################################################################################
[ReportManager] Element Action [type] successfully performed. With the following test data [Automation123]. @06-05-2021 07:17:33.0951 AM
[ReportManager] Element Action [getText] successfully performed. With the following test data [Automation123]. @06-05-2021 07:17:34.0045 AM
[ReportManager] Loaded Shared OpenCV @06-05-2021 07:17:34.0186 AM
[ReportManager] AssertElementAttribute PASSED; Expected [Value Should be 'Automation' for the 'text' attribute, element locator 'By.name: q'] and Actual [Automation123]. Comparison Type [CONTAINS]. Validation Type [POSITIVE]. @06-05-2021 07:17:34.0248 AM
[ReportManager] Successfully created attachment [Screenshot - 1620285454186_assertElementAttribute_true_containsComparison_expectedToPass_AssertElementAttribute_passed] @06-05-2021 07:17:34.0249 A
[ReportManager] Successfully created attachment [Selenium WebDriver Logs - server] @06-05-2021 07:17:34.0334 AM
[ReportManager] Successfully created attachment [Selenium WebDriver Logs - performance] @06-05-2021 07:17:34.0430 AM
[ReportManager] Successfully created attachment [Selenium WebDriver Logs - driver] @06-05-2021 07:17:34.0555 AM
[ReportManager] Browser Action [closeCurrentWindow] successfully performed. @06-05-2021 07:17:34.0611 AM
[ReportManager] Successfully created attachment [Browser Action Test Data - closeCurrentWindow - Actual Value] @06-05-2021 07:17:34.0612 A
[ReportManager] File Action [getAbsolutePath] successfully performed. With the following test data [Relative Folder Path: "target/downloadedFiles/"]. @06-05-2021 07:17:34.0616 AM
[ReportManager] Attempting to run remotely on: [Linux-64], [GoogleChrome], [http://localhost:4444/wd/hub], Headless Execution. @06-05-2021 07:17:34.0617 AM
[ReportManager] Successfully Opened [GoogleChrome]. @06-05-2021 07:17:34.0835 AM
[ReportManager] Target URL: [https://www.google.com/ncr], and after redirection: [www.google.com] @06-05-2021 07:17:34.0845 AM
[ReportManager] Initial URL: [data:,] @06-05-2021 07:17:34.0883 AM
[ReportManager] Browser Action [navigateToURL] successfully performed. With the following test data [https://www.google.com/ncr]. @06-05-2021 07:17:35.0743 A

################################################################################################################################################
Starting Execution:	[90 out of 137] test cases in the current suite
Test Method:		[unitTests.tests_validations_assertions.assertElementAttribute_true_literalComparison_expectedToFail]
################################################################################################################################################
[ReportManager] Element Action [type] successfully performed. With the following test data [Automation!@#$%^&*()_+{}[]\';/.,]. @06-05-2021 07:17:37.0021 AM
[ReportManager] Element Action [getText] successfully performed. With the following test data [Automation!@#$%^&*()_+{}[]\';/.,]. @06-05-2021 07:17:37.0118 AM
[ReportManager] Loaded Shared OpenCV @06-05-2021 07:17:37.0282 AM
[ReportManager] AssertElementAttribute FAILED; Expected [Value Should be 'Automation' for the 'text' attribute, element locator 'By.name: q'] and Actual [Automation!@#$%^&*()_+{}[]\';/.,]. Comparison Type [EQUALS]. Validation Type [POSITIVE]. @06-05-2021 07:17:37.0365 AM
[ReportManager] Successfully created attachment [Screenshot - 1620285457281_assertElementAttribute_true_literalComparison_expectedToFail_AssertElementAttribute_failed] @06-05-2021 07:17:37.0366 A
[ReportManager] Successfully created attachment [Selenium WebDriver Logs - server] @06-05-2021 07:17:37.0442 AM
[ReportManager] Successfully created attachment [Selenium WebDriver Logs - performance] @06-05-2021 07:17:37.0597 AM
[ReportManager] Successfully created attachment [Selenium WebDriver Logs - driver] @06-05-2021 07:17:37.0765 AM
[ReportManager] Browser Action [closeCurrentWindow] successfully performed. @06-05-2021 07:17:37.0822 AM
[ReportManager] Successfully created attachment [Browser Action Test Data - closeCurrentWindow - Actual Value] @06-05-2021 07:17:37.0823 A
[ReportManager] File Action [getAbsolutePath] successfully performed. With the following test data [Relative Folder Path: "target/downloadedFiles/"]. @06-05-2021 07:17:37.0827 AM
[ReportManager] Attempting to run remotely on: [Linux-64], [GoogleChrome], [http://localhost:4444/wd/hub], Headless Execution. @06-05-2021 07:17:37.0827 AM
[ReportManager] Successfully Opened [GoogleChrome]. @06-05-2021 07:17:38.0076 AM
[ReportManager] Target URL: [https://www.google.com/ncr], and after redirection: [www.google.com] @06-05-2021 07:17:38.0087 AM
[ReportManager] Initial URL: [data:,] @06-05-2021 07:17:38.0123 AM
[ReportManager] Browser Action [navigateToURL] successfully performed. With the following test data [https://www.google.com/ncr]. @06-05-2021 07:17:38.0994 A

################################################################################################################################################
Starting Execution:	[91 out of 137] test cases in the current suite
Test Method:		[unitTests.tests_validations_assertions.assertElementAttribute_true_literalComparison_expectedToPass]
################################################################################################################################################
[ReportManager] Element Action [type] successfully performed. With the following test data [Automation!@#$%^&*()_+{}[]\';/.,]. @06-05-2021 07:17:40.0294 AM
[ReportManager] Element Action [getText] successfully performed. With the following test data [Automation!@#$%^&*()_+{}[]\';/.,]. @06-05-2021 07:17:40.0400 AM
[ReportManager] Loaded Shared OpenCV @06-05-2021 07:17:40.0546 AM
[ReportManager] AssertElementAttribute PASSED; Expected [Value Should be 'Automation!@#$%^&*()_+{}[]\';/.,' for the 'text' attribute, element locator 'By.name: q'] and Actual [Automation!@#$%^&*()_+{}[]\';/.,]. Comparison Type [EQUALS]. Validation Type [POSITIVE]. @06-05-2021 07:17:40.0621 AM
[ReportManager] Successfully created attachment [Screenshot - 1620285460546_assertElementAttribute_true_literalComparison_expectedToPass_AssertElementAttribute_passed] @06-05-2021 07:17:40.0622 A
[ReportManager] Successfully created attachment [Selenium WebDriver Logs - server] @06-05-2021 07:17:40.0702 AM
[ReportManager] Successfully created attachment [Selenium WebDriver Logs - performance] @06-05-2021 07:17:40.0864 AM
[ReportManager] Successfully created attachment [Selenium WebDriver Logs - driver] @06-05-2021 07:17:41.0065 AM
[ReportManager] Browser Action [closeCurrentWindow] successfully performed. @06-05-2021 07:17:41.0121 AM
[ReportManager] Successfully created attachment [Browser Action Test Data - closeCurrentWindow - Actual Value] @06-05-2021 07:17:41.0122 A
[ReportManager] File Action [getAbsolutePath] successfully performed. With the following test data [Relative Folder Path: "target/downloadedFiles/"]. @06-05-2021 07:17:41.0128 AM
[ReportManager] Attempting to run remotely on: [Linux-64], [GoogleChrome], [http://localhost:4444/wd/hub], Headless Execution. @06-05-2021 07:17:41.0128 AM
[ReportManager] Successfully Opened [GoogleChrome]. @06-05-2021 07:17:41.0361 AM
[ReportManager] Target URL: [https://www.google.com/ncr], and after redirection: [www.google.com] @06-05-2021 07:17:41.0371 AM
[ReportManager] Initial URL: [data:,] @06-05-2021 07:17:41.0408 AM
[ReportManager] Browser Action [navigateToURL] successfully performed. With the following test data [https://www.google.com/ncr]. @06-05-2021 07:17:42.0277 A

################################################################################################################################################
Starting Execution:	[92 out of 137] test cases in the current suite
Test Method:		[unitTests.tests_validations_assertions.assertElementAttribute_true_regexComparison_expectedToFail]
################################################################################################################################################
[ReportManager] Element Action [type] successfully performed. With the following test data [Automation123]. @06-05-2021 07:17:42.0848 AM
[ReportManager] Element Action [getText] successfully performed. With the following test data [Automation123]. @06-05-2021 07:17:42.0946 AM
[ReportManager] Loaded Shared OpenCV @06-05-2021 07:17:43.0090 AM
[ReportManager] AssertElementAttribute FAILED; Expected [Value Should be 'Automation' for the 'text' attribute, element locator 'By.name: q'] and Actual [Automation123]. Comparison Type [MATCHES]. Validation Type [POSITIVE]. @06-05-2021 07:17:43.0153 AM
[ReportManager] Successfully created attachment [Screenshot - 1620285463090_assertElementAttribute_true_regexComparison_expectedToFail_AssertElementAttribute_failed] @06-05-2021 07:17:43.0154 A
[ReportManager] Successfully created attachment [Selenium WebDriver Logs - server] @06-05-2021 07:17:43.0226 AM
[ReportManager] Successfully created attachment [Selenium WebDriver Logs - performance] @06-05-2021 07:17:43.0333 AM
[ReportManager] Successfully created attachment [Selenium WebDriver Logs - driver] @06-05-2021 07:17:43.0460 AM
[ReportManager] Browser Action [closeCurrentWindow] successfully performed. @06-05-2021 07:17:43.0516 AM
[ReportManager] Successfully created attachment [Browser Action Test Data - closeCurrentWindow - Actual Value] @06-05-2021 07:17:43.0517 A
[ReportManager] File Action [getAbsolutePath] successfully performed. With the following test data [Relative Folder Path: "target/downloadedFiles/"]. @06-05-2021 07:17:43.0519 AM
[ReportManager] Attempting to run remotely on: [Linux-64], [GoogleChrome], [http://localhost:4444/wd/hub], Headless Execution. @06-05-2021 07:17:43.0520 AM
[ReportManager] Successfully Opened [GoogleChrome]. @06-05-2021 07:17:43.0743 AM
[ReportManager] Target URL: [https://www.google.com/ncr], and after redirection: [www.google.com] @06-05-2021 07:17:43.0761 AM
[ReportManager] Initial URL: [data:,] @06-05-2021 07:17:43.0810 AM
[ReportManager] Browser Action [navigateToURL] successfully performed. With the following test data [https://www.google.com/ncr]. @06-05-2021 07:17:44.0647 A

################################################################################################################################################
Starting Execution:	[93 out of 137] test cases in the current suite
Test Method:		[unitTests.tests_validations_assertions.assertElementAttribute_true_regexComparison_expectedToPass]
################################################################################################################################################
[ReportManager] Element Action [type] successfully performed. With the following test data [Automation123]. @06-05-2021 07:17:45.0224 AM
[ReportManager] Element Action [getText] successfully performed. With the following test data [Automation123]. @06-05-2021 07:17:45.0328 AM
[ReportManager] Loaded Shared OpenCV @06-05-2021 07:17:45.0470 AM
[ReportManager] AssertElementAttribute PASSED; Expected [Value Should be 'Automation.*' for the 'text' attribute, element locator 'By.name: q'] and Actual [Automation123]. Comparison Type [MATCHES]. Validation Type [POSITIVE]. @06-05-2021 07:17:45.0541 AM
[ReportManager] Successfully created attachment [Screenshot - 1620285465470_assertElementAttribute_true_regexComparison_expectedToPass_AssertElementAttribute_passed] @06-05-2021 07:17:45.0542 A
[ReportManager] Successfully created attachment [Selenium WebDriver Logs - server] @06-05-2021 07:17:45.0653 AM
[ReportManager] Successfully created attachment [Selenium WebDriver Logs - performance] @06-05-2021 07:17:45.0789 AM
[ReportManager] Successfully created attachment [Selenium WebDriver Logs - driver] @06-05-2021 07:17:45.0937 AM
[ReportManager] Browser Action [closeCurrentWindow] successfully performed. @06-05-2021 07:17:45.0993 AM
[ReportManager] Successfully created attachment [Browser Action Test Data - closeCurrentWindow - Actual Value] @06-05-2021 07:17:45.0994 A
[ReportManager] File Action [getAbsolutePath] successfully performed. With the following test data [Relative Folder Path: "target/downloadedFiles/"]. @06-05-2021 07:17:45.0996 AM
[ReportManager] Attempting to run remotely on: [Linux-64], [GoogleChrome], [http://localhost:4444/wd/hub], Headless Execution. @06-05-2021 07:17:45.0996 AM
[ReportManager] Successfully Opened [GoogleChrome]. @06-05-2021 07:17:46.0223 AM
[ReportManager] Target URL: [https://www.google.com/ncr], and after redirection: [www.google.com] @06-05-2021 07:17:46.0232 AM
[ReportManager] Initial URL: [data:,] @06-05-2021 07:17:46.0270 AM
[ReportManager] Browser Action [navigateToURL] successfully performed. With the following test data [https://www.google.com/ncr]. @06-05-2021 07:17:47.0102 A

################################################################################################################################################
Starting Execution:	[94 out of 137] test cases in the current suite
Test Method:		[unitTests.tests_validations_assertions.assertElementAttribute_type_true_literalComparison_expectedToPass]
################################################################################################################################################
[ReportManager] Element Action [type] successfully performed. With the following test data [Automation!@#$%^&*()_+{}[]\';/.,]. @06-05-2021 07:17:48.0434 AM
[ReportManager] Element Action [getText] successfully performed. With the following test data [Automation!@#$%^&*()_+{}[]\';/.,]. @06-05-2021 07:17:48.0533 AM
[ReportManager] Loaded Shared OpenCV @06-05-2021 07:17:48.0697 AM
[ReportManager] AssertElementAttribute PASSED; Expected [Value Should be 'Automation!@#$%^&*()_+{}[]\';/.,' for the 'text' attribute, element locator 'By.name: q'] and Actual [Automation!@#$%^&*()_+{}[]\';/.,]. Comparison Type [EQUALS]. Validation Type [POSITIVE]. @06-05-2021 07:17:48.0773 AM
[ReportManager] Successfully created attachment [Screenshot - 1620285468696_assertElementAttribute_type_true_literalComparison_expectedToPass_AssertElementAttribute_passed] @06-05-2021 07:17:48.0774 A
[ReportManager] Successfully created attachment [Selenium WebDriver Logs - server] @06-05-2021 07:17:48.0847 AM
[ReportManager] Successfully created attachment [Selenium WebDriver Logs - performance] @06-05-2021 07:17:49.0011 AM
[ReportManager] Successfully created attachment [Selenium WebDriver Logs - driver] @06-05-2021 07:17:49.0180 AM
[ReportManager] Browser Action [closeCurrentWindow] successfully performed. @06-05-2021 07:17:49.0239 AM
[ReportManager] Successfully created attachment [Browser Action Test Data - closeCurrentWindow - Actual Value] @06-05-2021 07:17:49.0240 A
[ReportManager] File Action [getAbsolutePath] successfully performed. With the following test data [Relative Folder Path: "target/downloadedFiles/"]. @06-05-2021 07:17:49.0243 AM
[ReportManager] Attempting to run remotely on: [Linux-64], [GoogleChrome], [http://localhost:4444/wd/hub], Headless Execution. @06-05-2021 07:17:49.0243 AM
[ReportManager] Successfully Opened [GoogleChrome]. @06-05-2021 07:17:49.0448 AM
[ReportManager] Target URL: [https://www.google.com/ncr], and after redirection: [www.google.com] @06-05-2021 07:17:49.0459 AM
[ReportManager] Initial URL: [data:,] @06-05-2021 07:17:49.0497 AM
[ReportManager] Browser Action [navigateToURL] successfully performed. With the following test data [https://www.google.com/ncr]. @06-05-2021 07:17:50.0348 A

################################################################################################################################################
Starting Execution:	[95 out of 137] test cases in the current suite
Test Method:		[unitTests.tests_validations_assertions.assertElementExists_false_expectedToFail]
################################################################################################################################################
[ReportManager] AssertElementExists PASSED; Expected [Element Should not Exist, locator 'By.id: hplogo'] and Actual [Element Doesn't Exists]. Comparison Type [EQUALS]. Validation Type [NEGATIVE]. @06-05-2021 07:18:00.0700 AM
[ReportManager] Successfully created attachment [Screenshot - 1620285480639_assertElementExists_false_expectedToFail_AssertElementExists_passed] @06-05-2021 07:18:00.0701 A
[ReportManager] Successfully created attachment [Selenium WebDriver Logs - server] @06-05-2021 07:18:00.0793 AM
[ReportManager] Successfully created attachment [Selenium WebDriver Logs - performance] @06-05-2021 07:18:00.0828 AM
[ReportManager] Successfully created attachment [Selenium WebDriver Logs - driver] @06-05-2021 07:18:00.0907 AM
[ReportManager] Browser Action [closeCurrentWindow] successfully performed. @06-05-2021 07:18:00.0962 AM
[ReportManager] Successfully created attachment [Browser Action Test Data - closeCurrentWindow - Actual Value] @06-05-2021 07:18:00.0963 A
[ReportManager] File Action [getAbsolutePath] successfully performed. With the following test data [Relative Folder Path: "target/downloadedFiles/"]. @06-05-2021 07:18:00.0966 AM
[ReportManager] Attempting to run remotely on: [Linux-64], [GoogleChrome], [http://localhost:4444/wd/hub], Headless Execution. @06-05-2021 07:18:00.0966 AM
[ReportManager] Successfully Opened [GoogleChrome]. @06-05-2021 07:18:01.0210 AM
[ReportManager] Target URL: [https://www.google.com/ncr], and after redirection: [www.google.com] @06-05-2021 07:18:01.0232 AM
[ReportManager] Initial URL: [data:,] @06-05-2021 07:18:01.0272 AM
[ReportManager] Browser Action [navigateToURL] successfully performed. With the following test data [https://www.google.com/ncr]. @06-05-2021 07:18:02.0143 A

################################################################################################################################################
Starting Execution:	[96 out of 137] test cases in the current suite
Test Method:		[unitTests.tests_validations_assertions.assertElementExists_false_expectedToPass]
################################################################################################################################################
[ReportManager] AssertElementExists PASSED; Expected [Element Should not Exist, locator 'By.id: fakeElement'] and Actual [Element Doesn't Exists]. Comparison Type [EQUALS]. Validation Type [NEGATIVE]. @06-05-2021 07:18:12.0493 AM
[ReportManager] Successfully created attachment [Screenshot - 1620285492437_assertElementExists_false_expectedToPass_AssertElementExists_passed] @06-05-2021 07:18:12.0493 A
[ReportManager] Successfully created attachment [Selenium WebDriver Logs - server] @06-05-2021 07:18:12.0566 AM
[ReportManager] Successfully created attachment [Selenium WebDriver Logs - performance] @06-05-2021 07:18:12.0600 AM
[ReportManager] Successfully created attachment [Selenium WebDriver Logs - driver] @06-05-2021 07:18:12.0678 AM
[ReportManager] Browser Action [closeCurrentWindow] successfully performed. @06-05-2021 07:18:12.0734 AM
[ReportManager] Successfully created attachment [Browser Action Test Data - closeCurrentWindow - Actual Value] @06-05-2021 07:18:12.0734 A
[ReportManager] File Action [getAbsolutePath] successfully performed. With the following test data [Relative Folder Path: "target/downloadedFiles/"]. @06-05-2021 07:18:12.0737 AM
[ReportManager] Attempting to run remotely on: [Linux-64], [GoogleChrome], [http://localhost:4444/wd/hub], Headless Execution. @06-05-2021 07:18:12.0737 AM
[ReportManager] Successfully Opened [GoogleChrome]. @06-05-2021 07:18:12.0953 AM
[ReportManager] Target URL: [https://www.google.com/ncr], and after redirection: [www.google.com] @06-05-2021 07:18:12.0963 AM
[ReportManager] Initial URL: [data:,] @06-05-2021 07:18:13.0002 AM
[ReportManager] Browser Action [navigateToURL] successfully performed. With the following test data [https://www.google.com/ncr]. @06-05-2021 07:18:13.0871 A

################################################################################################################################################
Starting Execution:	[97 out of 137] test cases in the current suite
Test Method:		[unitTests.tests_validations_assertions.assertElementExists_false_multipleElementsFound_expectedToFail]
################################################################################################################################################
[ReportManager] AssertElementExists FAILED; Expected [Element Should not Exist, locator 'By.xpath: //div'] and Actual [Element Exists but is not unique]. Comparison Type [EQUALS]. Validation Type [NEGATIVE]. @06-05-2021 07:18:14.0105 AM
[ReportManager] Successfully created attachment [Screenshot - 1620285494052_assertElementExists_false_multipleElementsFound_expectedToFail_AssertElementExists_failed] @06-05-2021 07:18:14.0106 A
[ReportManager] Successfully created attachment [Selenium WebDriver Logs - server] @06-05-2021 07:18:14.0173 AM
[ReportManager] Successfully created attachment [Selenium WebDriver Logs - performance] @06-05-2021 07:18:14.0209 AM
[ReportManager] Successfully created attachment [Selenium WebDriver Logs - driver] @06-05-2021 07:18:14.0288 AM
[ReportManager] Browser Action [closeCurrentWindow] successfully performed. @06-05-2021 07:18:14.0343 AM
[ReportManager] Successfully created attachment [Browser Action Test Data - closeCurrentWindow - Actual Value] @06-05-2021 07:18:14.0345 A
[ReportManager] File Action [getAbsolutePath] successfully performed. With the following test data [Relative Folder Path: "target/downloadedFiles/"]. @06-05-2021 07:18:14.0347 AM
[ReportManager] Attempting to run remotely on: [Linux-64], [GoogleChrome], [http://localhost:4444/wd/hub], Headless Execution. @06-05-2021 07:18:14.0347 AM
[ReportManager] Successfully Opened [GoogleChrome]. @06-05-2021 07:18:14.0583 AM
[ReportManager] Target URL: [https://www.google.com/ncr], and after redirection: [www.google.com] @06-05-2021 07:18:14.0592 AM
[ReportManager] Initial URL: [data:,] @06-05-2021 07:18:14.0630 AM
[ReportManager] Browser Action [navigateToURL] successfully performed. With the following test data [https://www.google.com/ncr]. @06-05-2021 07:18:15.0478 A

################################################################################################################################################
Starting Execution:	[98 out of 137] test cases in the current suite
Test Method:		[unitTests.tests_validations_assertions.assertElementExists_true_expectedToFail]
################################################################################################################################################
[ReportManager] AssertElementExists FAILED; Expected [Element Should Exist, locator 'By.id: fakeElement'] and Actual [Element Doesn't Exists]. Comparison Type [EQUALS]. Validation Type [POSITIVE]. @06-05-2021 07:18:46.0090 AM
[ReportManager] Successfully created attachment [Screenshot - 1620285526034_assertElementExists_true_expectedToFail_AssertElementExists_failed] @06-05-2021 07:18:46.0090 A
[ReportManager] Successfully created attachment [Selenium WebDriver Logs - server] @06-05-2021 07:18:46.0169 AM
[ReportManager] Successfully created attachment [Selenium WebDriver Logs - performance] @06-05-2021 07:18:46.0202 AM
[ReportManager] Successfully created attachment [Selenium WebDriver Logs - driver] @06-05-2021 07:18:46.0288 AM
[ReportManager] Browser Action [closeCurrentWindow] successfully performed. @06-05-2021 07:18:46.0345 AM
[ReportManager] Successfully created attachment [Browser Action Test Data - closeCurrentWindow - Actual Value] @06-05-2021 07:18:46.0346 A
[ReportManager] File Action [getAbsolutePath] successfully performed. With the following test data [Relative Folder Path: "target/downloadedFiles/"]. @06-05-2021 07:18:46.0348 AM
[ReportManager] Attempting to run remotely on: [Linux-64], [GoogleChrome], [http://localhost:4444/wd/hub], Headless Execution. @06-05-2021 07:18:46.0349 AM
[ReportManager] Successfully Opened [GoogleChrome]. @06-05-2021 07:18:46.0547 AM
[ReportManager] Target URL: [https://www.google.com/ncr], and after redirection: [www.google.com] @06-05-2021 07:18:46.0567 AM
[ReportManager] Initial URL: [data:,] @06-05-2021 07:18:46.0607 AM
[ReportManager] Browser Action [navigateToURL] successfully performed. With the following test data [https://www.google.com/ncr]. @06-05-2021 07:18:47.0491 A

################################################################################################################################################
Starting Execution:	[99 out of 137] test cases in the current suite
Test Method:		[unitTests.tests_validations_assertions.assertElementExists_true_expectedToPass]
################################################################################################################################################
[ReportManager] Loaded Shared OpenCV @06-05-2021 07:18:47.0684 AM
[ReportManager] AssertElementExists PASSED; Expected [Element Should Exist, locator 'By.xpath: //img[@id='hplogo' or @alt='Google']'] and Actual [Element Exists]. Comparison Type [EQUALS]. Validation Type [POSITIVE]. @06-05-2021 07:18:47.0754 AM
[ReportManager] Successfully created attachment [Screenshot - 1620285527684_assertElementExists_true_expectedToPass_AssertElementExists_passed] @06-05-2021 07:18:47.0754 A
[ReportManager] Successfully created attachment [Selenium WebDriver Logs - server] @06-05-2021 07:18:47.0831 AM
[ReportManager] Successfully created attachment [Selenium WebDriver Logs - performance] @06-05-2021 07:18:47.0865 AM
[ReportManager] Successfully created attachment [Selenium WebDriver Logs - driver] @06-05-2021 07:18:47.0938 AM
[ReportManager] Browser Action [closeCurrentWindow] successfully performed. @06-05-2021 07:18:47.0995 AM
[ReportManager] Successfully created attachment [Browser Action Test Data - closeCurrentWindow - Actual Value] @06-05-2021 07:18:47.0996 A
[ReportManager] File Action [getAbsolutePath] successfully performed. With the following test data [Relative Folder Path: "target/downloadedFiles/"]. @06-05-2021 07:18:47.0998 AM
[ReportManager] Attempting to run remotely on: [Linux-64], [GoogleChrome], [http://localhost:4444/wd/hub], Headless Execution. @06-05-2021 07:18:48.0001 AM
[ReportManager] Successfully Opened [GoogleChrome]. @06-05-2021 07:18:48.0210 AM
[ReportManager] Target URL: [https://www.google.com/ncr], and after redirection: [www.google.com] @06-05-2021 07:18:48.0224 AM
[ReportManager] Initial URL: [data:,] @06-05-2021 07:18:48.0263 AM
[ReportManager] Browser Action [navigateToURL] successfully performed. With the following test data [https://www.google.com/ncr]. @06-05-2021 07:18:49.0086 A

################################################################################################################################################
Starting Execution:	[100 out of 137] test cases in the current suite
Test Method:		[unitTests.tests_validations_assertions.assertElementExists_true_multipleElementsFound_expectedToFail]
################################################################################################################################################
[ReportManager] AssertElementExists FAILED; Expected [Element Should Exist, locator 'By.xpath: //div'] and Actual [Element Exists but is not unique]. Comparison Type [EQUALS]. Validation Type [POSITIVE]. @06-05-2021 07:18:49.0336 AM
[ReportManager] Successfully created attachment [Screenshot - 1620285529281_assertElementExists_true_multipleElementsFound_expectedToFail_AssertElementExists_failed] @06-05-2021 07:18:49.0336 A
[ReportManager] Successfully created attachment [Selenium WebDriver Logs - server] @06-05-2021 07:18:49.0441 AM
[ReportManager] Successfully created attachment [Selenium WebDriver Logs - performance] @06-05-2021 07:18:49.0476 AM
[ReportManager] Successfully created attachment [Selenium WebDriver Logs - driver] @06-05-2021 07:18:49.0550 AM
[ReportManager] Browser Action [closeCurrentWindow] successfully performed. @06-05-2021 07:18:49.0607 AM
[ReportManager] Successfully created attachment [Browser Action Test Data - closeCurrentWindow - Actual Value] @06-05-2021 07:18:49.0609 A

################################################################################################################################################
Starting Execution:	[101 out of 137] test cases in the current suite
Test Method:		[unitTests.tests_validations_assertions.assertEquals_false_expectedToFail]
################################################################################################################################################
[ReportManager] AssertEquals FAILED; Expected [1] and Actual [1]. Comparison Type [EQUALS]. Validation Type [NEGATIVE]. @06-05-2021 07:18:49.0612 A

################################################################################################################################################
Starting Execution:	[102 out of 137] test cases in the current suite
Test Method:		[unitTests.tests_validations_assertions.assertEquals_false_expectedToPass]
################################################################################################################################################
[ReportManager] AssertEquals PASSED; Expected [1] and Actual [2]. Comparison Type [EQUALS]. Validation Type [NEGATIVE]. @06-05-2021 07:18:49.0619 A

################################################################################################################################################
Starting Execution:	[103 out of 137] test cases in the current suite
Test Method:		[unitTests.tests_validations_assertions.assertEquals_longCharacters]
################################################################################################################################################
[ReportManager] VerifyEquals PASSED; Expected and Actual values are attached. Comparison Type [EQUALS]. Validation Type [POSITIVE]. @06-05-2021 07:18:49.0621 AM
[ReportManager] Successfully created attachment [Validation Test Data - Expected Value] @06-05-2021 07:18:49.0622 AM
[ReportManager] Successfully created attachment [Validation Test Data - Actual Value] @06-05-2021 07:18:49.0622 AM
[ReportManager] AssertEquals PASSED; Expected and Actual values are attached. Comparison Type [EQUALS]. Validation Type [POSITIVE]. @06-05-2021 07:18:49.0622 AM
[ReportManager] Successfully created attachment [Validation Test Data - Expected Value] @06-05-2021 07:18:49.0622 AM
[ReportManager] Successfully created attachment [Validation Test Data - Actual Value] @06-05-2021 07:18:49.0622 A

################################################################################################################################################
Starting Execution:	[104 out of 137] test cases in the current suite
Test Method:		[unitTests.tests_validations_assertions.assertEquals_longCharacters_Discreet]
################################################################################################################################################
[ReportManager] AssertEquals PASSED; Expected [1LH5pROcDBjjQk0t0mCr0lXuzQu9lcGj28kY8R1H81X67eVAQJgWQhILiRWVPUgZ6uCtK5cnBkF55Jr9vYngjGO1Iyf0Mktv6lruDlL9T8MAUPcUZJGHZtji6nIeadujDSNmWMj5d6C8zlFqw0CRqBU0hO5adIasHgBSNoLotAjce3NGXoDwAlp3rYreeV16VIyZXROQY] and Actual [1LH5pROcDBjjQk0t0mCr0lXuzQu9lcGj28kY8R1H81X67eVAQJgWQhILiRWVPUgZ6uCtK5cnBkF55Jr9vYngjGO1Iyf0Mktv6lruDlL9T8MAUPcUZJGHZtji6nIeadujDSNmWMj5d6C8zlFqw0CRqBU0hO5adIasHgBSNoLotAjce3NGXoDwAlp3rYreeV16VIyZXROQY]. Comparison Type [EQUALS]. Validation Type [POSITIVE]. @06-05-2021 07:18:49.0624 A

################################################################################################################################################
Starting Execution:	[105 out of 137] test cases in the current suite
Test Method:		[unitTests.tests_validations_assertions.assertEquals_true_expectedToFail]
################################################################################################################################################
[ReportManager] AssertEquals FAILED; Expected [1] and Actual [2]. Comparison Type [EQUALS]. Validation Type [POSITIVE]. @06-05-2021 07:18:49.0627 A

################################################################################################################################################
Starting Execution:	[106 out of 137] test cases in the current suite
Test Method:		[unitTests.tests_validations_assertions.assertEquals_true_expectedToPass]
Test Description:	[Assert that assertEquals works as expected when the two values are equal.]
################################################################################################################################################
[ReportManager] VerifyEquals PASSED; Expected [1] and Actual [1]. Comparison Type [EQUALS]. Validation Type [POSITIVE]. @06-05-2021 07:18:49.0628 AM
[ReportManager] AssertEquals PASSED; Expected [1] and Actual [1]. Comparison Type [EQUALS]. Validation Type [POSITIVE]. @06-05-2021 07:18:49.0629 A

################################################################################################################################################
Starting Execution:	[107 out of 137] test cases in the current suite
Test Method:		[unitTests.tests_validations_assertions.assertEquals_true_expectedToPass__]
################################################################################################################################################
[ReportManager] AssertEquals PASSED; Expected [1] and Actual [1]. Comparison Type [EQUALS]. Validation Type [POSITIVE]. @06-05-2021 07:18:49.0631 A

################################################################################################################################################
Starting Execution:	[108 out of 137] test cases in the current suite
Test Method:		[unitTests.tests_validations_assertions.assertFileExists_false_expectedToFail]
################################################################################################################################################
[ReportManager] File Action [doesFileExist] successfully performed. With the following test data [File Path: "src/main/java/com/shaft/gui/element/ElementActions.java"]. @06-05-2021 07:18:49.0635 AM
[ReportManager] AssertFileExists FAILED; Expected [File 'src/main/java/com/shaft/gui/element/ElementActions.java' should not exist, after up to '1' retries] and Actual [File exists]. Validation Type [NEGATIVE]. @06-05-2021 07:18:49.0635 A

################################################################################################################################################
Starting Execution:	[109 out of 137] test cases in the current suite
Test Method:		[unitTests.tests_validations_assertions.assertFileExists_false_expectedToPass]
################################################################################################################################################
[ReportManager] File Action [doesFileExist] successfully performed. With the following test data [File Path: "src/main/java/com/shaft/gui/element/ElementActions.java_fail"]. @06-05-2021 07:18:50.0138 AM
[ReportManager] AssertFileExists PASSED; Expected [File 'src/main/java/com/shaft/gui/element/ElementActions.java_fail' should not exist, after up to '1' retries] and Actual [File does not exist]. Validation Type [NEGATIVE]. @06-05-2021 07:18:50.0138 A

################################################################################################################################################
Starting Execution:	[110 out of 137] test cases in the current suite
Test Method:		[unitTests.tests_validations_assertions.assertFileExists_true_expectedToFail]
################################################################################################################################################
[ReportManager] File Action [doesFileExist] successfully performed. With the following test data [File Path: "src/main/java/com/shaft/gui/element/ElementActions.java_fail"]. @06-05-2021 07:18:50.0641 AM
[ReportManager] AssertFileExists FAILED; Expected [File 'src/main/java/com/shaft/gui/element/ElementActions.java_fail' should exist, after up to '1' retries] and Actual [File does not exist]. Validation Type [POSITIVE]. @06-05-2021 07:18:50.0641 A

################################################################################################################################################
Starting Execution:	[111 out of 137] test cases in the current suite
Test Method:		[unitTests.tests_validations_assertions.assertFileExists_true_expectedToPass]
################################################################################################################################################
[ReportManager] File Action [doesFileExist] successfully performed. With the following test data [File Path: "src/main/java/com/shaft/gui/element/ElementActions.java"]. @06-05-2021 07:18:50.0644 AM
[ReportManager] AssertFileExists PASSED; Expected [File 'src/main/java/com/shaft/gui/element/ElementActions.java' should exist, after up to '1' retries] and Actual [File exists]. Validation Type [POSITIVE]. @06-05-2021 07:18:50.0644 A

################################################################################################################################################
Starting Execution:	[112 out of 137] test cases in the current suite
Test Method:		[unitTests.tests_validations_assertions.assertNull_false_expectedToFail]
################################################################################################################################################
[ReportManager] AssertNull FAILED; Expected [NULL] and Actual [NULL]. Comparison Type [EQUALS]. Validation Type [NEGATIVE]. @06-05-2021 07:18:50.0646 A

################################################################################################################################################
Starting Execution:	[113 out of 137] test cases in the current suite
Test Method:		[unitTests.tests_validations_assertions.assertNull_false_expectedToPass]
################################################################################################################################################
[ReportManager] AssertNull PASSED; Expected [NULL] and Actual [1]. Comparison Type [EQUALS]. Validation Type [NEGATIVE]. @06-05-2021 07:18:50.0648 A

################################################################################################################################################
Starting Execution:	[114 out of 137] test cases in the current suite
Test Method:		[unitTests.tests_validations_assertions.assertNull_true_expectedToFail]
################################################################################################################################################
[ReportManager] AssertNull FAILED; Expected [NULL] and Actual [1]. Comparison Type [EQUALS]. Validation Type [POSITIVE]. @06-05-2021 07:18:50.0650 A

################################################################################################################################################
Starting Execution:	[115 out of 137] test cases in the current suite
Test Method:		[unitTests.tests_validations_assertions.assertNull_true_expectedToPass]
################################################################################################################################################
[ReportManager] AssertNull PASSED; Expected [NULL] and Actual [NULL]. Comparison Type [EQUALS]. Validation Type [POSITIVE]. @06-05-2021 07:18:50.0652 A
[ReportManager] File Action [getAbsolutePath] successfully performed. With the following test data [Relative Folder Path: "target/downloadedFiles/"]. @06-05-2021 07:18:50.0654 AM
[ReportManager] Attempting to run remotely on: [Linux-64], [GoogleChrome], [http://localhost:4444/wd/hub], Headless Execution. @06-05-2021 07:18:50.0654 AM
[ReportManager] Successfully Opened [GoogleChrome]. @06-05-2021 07:18:50.0870 AM
[ReportManager] Target URL: [https://duckduckgo.com] @06-05-2021 07:18:50.0879 AM
[ReportManager] Initial URL: [data:,] @06-05-2021 07:18:50.0923 AM
[ReportManager] Browser Action [navigateToURL] successfully performed. With the following test data [https://duckduckgo.com]. @06-05-2021 07:18:53.0146 A

################################################################################################################################################
Starting Execution:	[116 out of 137] test cases in the current suite
Test Method:		[unitTests.tests_browserActions.fullScreenWindow]
################################################################################################################################################
[ReportManager] Initial Windows Size: 800x600 @06-05-2021 07:18:53.0155 AM
[ReportManager] Initial window size: (800, 600) @06-05-2021 07:18:53.0157 AM
[ReportManager] Window size after Toolkit: (1920, 1080) @06-05-2021 07:18:53.0385 AM
[ReportManager] Browser Action [maximizeWindow] successfully performed. With the following test data [New screen size is now: (1920, 1080)]. @06-05-2021 07:18:53.0388 AM
[ReportManager] Current Windows Size after fullScreen: 1920x1080 @06-05-2021 07:18:53.0392 AM
[ReportManager] Browser Action [fullScreenWindow] successfully performed. @06-05-2021 07:18:53.0408 AM
[ReportManager] Successfully created attachment [Browser Action Test Data - fullScreenWindow - Actual Value] @06-05-2021 07:18:53.0408 A
[ReportManager] Target URL: [https://duckduckgo.com] @06-05-2021 07:18:53.0410 AM
[ReportManager] Initial URL: [https://duckduckgo.com] @06-05-2021 07:18:53.0471 AM
[ReportManager] Browser Action [navigateToURL] successfully performed. With the following test data [https://duckduckgo.com]. @06-05-2021 07:18:54.0181 AM
[ReportManager] Successfully created attachment [Selenium WebDriver Logs - server] @06-05-2021 07:18:54.0232 AM
[ReportManager] Successfully created attachment [Selenium WebDriver Logs - performance] @06-05-2021 07:18:54.0343 AM
[ReportManager] Successfully created attachment [Selenium WebDriver Logs - driver] @06-05-2021 07:18:54.0522 AM
[ReportManager] Browser Action [closeCurrentWindow] successfully performed. @06-05-2021 07:18:54.0578 AM
[ReportManager] Successfully created attachment [Browser Action Test Data - closeCurrentWindow - Actual Value] @06-05-2021 07:18:54.0578 A
[ReportManager] File Action [getAbsolutePath] successfully performed. With the following test data [Relative Folder Path: "target/downloadedFiles/"]. @06-05-2021 07:18:54.0584 AM
[ReportManager] Attempting to run remotely on: [Linux-64], [GoogleChrome], [http://localhost:4444/wd/hub], Headless Execution. @06-05-2021 07:18:54.0584 AM
[ReportManager] Successfully Opened [GoogleChrome]. @06-05-2021 07:18:54.0802 AM
[ReportManager] Target URL: [https://duckduckgo.com] @06-05-2021 07:18:54.0815 AM
[ReportManager] Initial URL: [data:,] @06-05-2021 07:18:54.0858 AM
[ReportManager] Browser Action [navigateToURL] successfully performed. With the following test data [https://duckduckgo.com]. @06-05-2021 07:18:56.0764 A

################################################################################################################################################
Starting Execution:	[117 out of 137] test cases in the current suite
Test Method:		[unitTests.tests_browserActions.getCurrentURL]
################################################################################################################################################
[ReportManager] Browser Action [getCurrentURL] successfully performed. With the following test data [https://duckduckgo.com/]. @06-05-2021 07:18:56.0812 A
[ReportManager] Target URL: [https://duckduckgo.com] @06-05-2021 07:18:56.0814 AM
[ReportManager] Initial URL: [https://duckduckgo.com] @06-05-2021 07:18:56.0883 AM
[ReportManager] Browser Action [navigateToURL] successfully performed. With the following test data [https://duckduckgo.com]. @06-05-2021 07:18:57.0509 AM
[ReportManager] Successfully created attachment [Selenium WebDriver Logs - server] @06-05-2021 07:18:57.0556 AM
[ReportManager] Successfully created attachment [Selenium WebDriver Logs - performance] @06-05-2021 07:18:57.0659 AM
[ReportManager] Successfully created attachment [Selenium WebDriver Logs - driver] @06-05-2021 07:18:57.0807 AM
[ReportManager] Browser Action [closeCurrentWindow] successfully performed. @06-05-2021 07:18:57.0863 AM
[ReportManager] Successfully created attachment [Browser Action Test Data - closeCurrentWindow - Actual Value] @06-05-2021 07:18:57.0863 A
[ReportManager] File Action [getAbsolutePath] successfully performed. With the following test data [Relative Folder Path: "target/downloadedFiles/"]. @06-05-2021 07:18:57.0866 AM
[ReportManager] Attempting to run remotely on: [Linux-64], [GoogleChrome], [http://localhost:4444/wd/hub], Headless Execution. @06-05-2021 07:18:57.0866 AM
[ReportManager] Successfully Opened [GoogleChrome]. @06-05-2021 07:18:58.0064 AM
[ReportManager] Target URL: [https://duckduckgo.com] @06-05-2021 07:18:58.0076 AM
[ReportManager] Initial URL: [data:,] @06-05-2021 07:18:58.0114 AM
[ReportManager] Browser Action [navigateToURL] successfully performed. With the following test data [https://duckduckgo.com]. @06-05-2021 07:19:00.0245 A

################################################################################################################################################
Starting Execution:	[118 out of 137] test cases in the current suite
Test Method:		[unitTests.tests_browserActions.getCurrentWindowTitle]
################################################################################################################################################
[ReportManager] Browser Action [getCurrentWindowTitle] successfully performed. With the following test data [DuckDuckGo  Privacy, simplified.]. @06-05-2021 07:19:00.0283 A
[ReportManager] Target URL: [https://duckduckgo.com] @06-05-2021 07:19:00.0285 AM
[ReportManager] Initial URL: [https://duckduckgo.com] @06-05-2021 07:19:00.0348 AM
[ReportManager] Browser Action [navigateToURL] successfully performed. With the following test data [https://duckduckgo.com]. @06-05-2021 07:19:01.0018 AM
[ReportManager] Successfully created attachment [Selenium WebDriver Logs - server] @06-05-2021 07:19:01.0066 AM
[ReportManager] Successfully created attachment [Selenium WebDriver Logs - performance] @06-05-2021 07:19:01.0169 AM
[ReportManager] Successfully created attachment [Selenium WebDriver Logs - driver] @06-05-2021 07:19:01.0326 AM
[ReportManager] Browser Action [closeCurrentWindow] successfully performed. @06-05-2021 07:19:01.0382 AM
[ReportManager] Successfully created attachment [Browser Action Test Data - closeCurrentWindow - Actual Value] @06-05-2021 07:19:01.0383 A
[ReportManager] File Action [getAbsolutePath] successfully performed. With the following test data [Relative Folder Path: "target/downloadedFiles/"]. @06-05-2021 07:19:01.0384 AM
[ReportManager] Attempting to run remotely on: [Linux-64], [GoogleChrome], [http://localhost:4444/wd/hub], Headless Execution. @06-05-2021 07:19:01.0385 AM
[ReportManager] Successfully Opened [GoogleChrome]. @06-05-2021 07:19:01.0597 AM
[ReportManager] Target URL: [https://duckduckgo.com] @06-05-2021 07:19:01.0608 AM
[ReportManager] Initial URL: [data:,] @06-05-2021 07:19:01.0647 AM
[ReportManager] Browser Action [navigateToURL] successfully performed. With the following test data [https://duckduckgo.com]. @06-05-2021 07:19:03.0557 A

################################################################################################################################################
Starting Execution:	[119 out of 137] test cases in the current suite
Test Method:		[unitTests.tests_browserActions.getPageSource]
################################################################################################################################################
[ReportManager] Browser Action [getPageSource] successfully performed. @06-05-2021 07:19:03.0626 AM
[ReportManager] Successfully created attachment [Browser Action Test Data - getPageSource - Actual Value] @06-05-2021 07:19:03.0626 A
[ReportManager] Target URL: [https://duckduckgo.com] @06-05-2021 07:19:03.0629 AM
[ReportManager] Initial URL: [https://duckduckgo.com] @06-05-2021 07:19:03.0701 AM
[ReportManager] Browser Action [navigateToURL] successfully performed. With the following test data [https://duckduckgo.com]. @06-05-2021 07:19:04.0368 AM
[ReportManager] Successfully created attachment [Selenium WebDriver Logs - server] @06-05-2021 07:19:04.0415 AM
[ReportManager] Successfully created attachment [Selenium WebDriver Logs - performance] @06-05-2021 07:19:04.0519 AM
[ReportManager] Successfully created attachment [Selenium WebDriver Logs - driver] @06-05-2021 07:19:04.0665 AM
[ReportManager] Browser Action [closeCurrentWindow] successfully performed. @06-05-2021 07:19:04.0720 AM
[ReportManager] Successfully created attachment [Browser Action Test Data - closeCurrentWindow - Actual Value] @06-05-2021 07:19:04.0721 A
[ReportManager] File Action [getAbsolutePath] successfully performed. With the following test data [Relative Folder Path: "target/downloadedFiles/"]. @06-05-2021 07:19:04.0723 AM
[ReportManager] Attempting to run remotely on: [Linux-64], [GoogleChrome], [http://localhost:4444/wd/hub], Headless Execution. @06-05-2021 07:19:04.0723 AM
[ReportManager] Successfully Opened [GoogleChrome]. @06-05-2021 07:19:04.0947 AM
[ReportManager] Target URL: [https://duckduckgo.com] @06-05-2021 07:19:04.0957 AM
[ReportManager] Initial URL: [data:,] @06-05-2021 07:19:05.0005 AM
[ReportManager] Browser Action [navigateToURL] successfully performed. With the following test data [https://duckduckgo.com]. @06-05-2021 07:19:07.0028 A

################################################################################################################################################
Starting Execution:	[120 out of 137] test cases in the current suite
Test Method:		[unitTests.tests_browserActions.getWindowHandle]
################################################################################################################################################
[ReportManager] Browser Action [getWindowHandle] successfully performed. With the following test data [CDwindow-F8FED17311DAB921CC2177F8C7CCE548]. @06-05-2021 07:19:07.0082 A
[ReportManager] Target URL: [https://duckduckgo.com] @06-05-2021 07:19:07.0084 AM
[ReportManager] Initial URL: [https://duckduckgo.com] @06-05-2021 07:19:07.0140 AM
[ReportManager] Browser Action [navigateToURL] successfully performed. With the following test data [https://duckduckgo.com]. @06-05-2021 07:19:07.0805 AM
[ReportManager] Successfully created attachment [Selenium WebDriver Logs - server] @06-05-2021 07:19:07.0851 AM
[ReportManager] Successfully created attachment [Selenium WebDriver Logs - performance] @06-05-2021 07:19:07.0959 AM
[ReportManager] Successfully created attachment [Selenium WebDriver Logs - driver] @06-05-2021 07:19:08.0124 AM
[ReportManager] Browser Action [closeCurrentWindow] successfully performed. @06-05-2021 07:19:08.0182 AM
[ReportManager] Successfully created attachment [Browser Action Test Data - closeCurrentWindow - Actual Value] @06-05-2021 07:19:08.0182 A
[ReportManager] File Action [getAbsolutePath] successfully performed. With the following test data [Relative Folder Path: "target/downloadedFiles/"]. @06-05-2021 07:19:08.0184 AM
[ReportManager] Attempting to run remotely on: [Linux-64], [GoogleChrome], [http://localhost:4444/wd/hub], Headless Execution. @06-05-2021 07:19:08.0184 AM
[ReportManager] Successfully Opened [GoogleChrome]. @06-05-2021 07:19:08.0406 AM
[ReportManager] Target URL: [https://duckduckgo.com] @06-05-2021 07:19:08.0415 AM
[ReportManager] Initial URL: [data:,] @06-05-2021 07:19:08.0457 AM
[ReportManager] Browser Action [navigateToURL] successfully performed. With the following test data [https://duckduckgo.com]. @06-05-2021 07:19:10.0394 A

################################################################################################################################################
Starting Execution:	[121 out of 137] test cases in the current suite
Test Method:		[unitTests.tests_browserActions.getWindowPosition]
################################################################################################################################################
[ReportManager] Browser Action [getWindowPosition] successfully performed. With the following test data [(0, 0)]. @06-05-2021 07:19:10.0455 A
[ReportManager] Target URL: [https://duckduckgo.com] @06-05-2021 07:19:10.0458 AM
[ReportManager] Initial URL: [https://duckduckgo.com] @06-05-2021 07:19:10.0509 AM
[ReportManager] Browser Action [navigateToURL] successfully performed. With the following test data [https://duckduckgo.com]. @06-05-2021 07:19:11.0159 AM
[ReportManager] Successfully created attachment [Selenium WebDriver Logs - server] @06-05-2021 07:19:11.0203 AM
[ReportManager] Successfully created attachment [Selenium WebDriver Logs - performance] @06-05-2021 07:19:11.0307 AM
[ReportManager] Successfully created attachment [Selenium WebDriver Logs - driver] @06-05-2021 07:19:11.0468 AM
[ReportManager] Browser Action [closeCurrentWindow] successfully performed. @06-05-2021 07:19:11.0524 AM
[ReportManager] Successfully created attachment [Browser Action Test Data - closeCurrentWindow - Actual Value] @06-05-2021 07:19:11.0524 A
[ReportManager] File Action [getAbsolutePath] successfully performed. With the following test data [Relative Folder Path: "target/downloadedFiles/"]. @06-05-2021 07:19:11.0526 AM
[ReportManager] Attempting to run remotely on: [Linux-64], [GoogleChrome], [http://localhost:4444/wd/hub], Headless Execution. @06-05-2021 07:19:11.0526 AM
[ReportManager] Successfully Opened [GoogleChrome]. @06-05-2021 07:19:11.0742 AM
[ReportManager] Target URL: [https://duckduckgo.com] @06-05-2021 07:19:11.0754 AM
[ReportManager] Initial URL: [data:,] @06-05-2021 07:19:11.0796 AM
[ReportManager] Browser Action [navigateToURL] successfully performed. With the following test data [https://duckduckgo.com]. @06-05-2021 07:19:13.0930 A

################################################################################################################################################
Starting Execution:	[122 out of 137] test cases in the current suite
Test Method:		[unitTests.tests_browserActions.getWindowSize]
################################################################################################################################################
[ReportManager] Browser Action [getWindowSize] successfully performed. With the following test data [(800, 600)]. @06-05-2021 07:19:13.0970 A
[ReportManager] Target URL: [https://duckduckgo.com] @06-05-2021 07:19:13.0971 AM
[ReportManager] Initial URL: [https://duckduckgo.com] @06-05-2021 07:19:14.0019 AM
[ReportManager] Browser Action [navigateToURL] successfully performed. With the following test data [https://duckduckgo.com]. @06-05-2021 07:19:14.0714 AM
[ReportManager] Successfully created attachment [Selenium WebDriver Logs - server] @06-05-2021 07:19:14.0766 AM
[ReportManager] Successfully created attachment [Selenium WebDriver Logs - performance] @06-05-2021 07:19:14.0883 AM
[ReportManager] Successfully created attachment [Selenium WebDriver Logs - driver] @06-05-2021 07:19:15.0030 AM
[ReportManager] Browser Action [closeCurrentWindow] successfully performed. @06-05-2021 07:19:15.0086 AM
[ReportManager] Successfully created attachment [Browser Action Test Data - closeCurrentWindow - Actual Value] @06-05-2021 07:19:15.0087 A
[ReportManager] File Action [getAbsolutePath] successfully performed. With the following test data [Relative Folder Path: "target/downloadedFiles/"]. @06-05-2021 07:19:15.0089 AM
[ReportManager] Attempting to run remotely on: [Linux-64], [GoogleChrome], [http://localhost:4444/wd/hub], Headless Execution. @06-05-2021 07:19:15.0089 AM
[ReportManager] Successfully Opened [GoogleChrome]. @06-05-2021 07:19:15.0295 AM
[ReportManager] Target URL: [https://duckduckgo.com] @06-05-2021 07:19:15.0304 AM
[ReportManager] Initial URL: [data:,] @06-05-2021 07:19:15.0353 AM
[ReportManager] Browser Action [navigateToURL] successfully performed. With the following test data [https://duckduckgo.com]. @06-05-2021 07:19:17.0447 A

################################################################################################################################################
Starting Execution:	[123 out of 137] test cases in the current suite
Test Method:		[unitTests.tests_browserActions.maximizeWindow]
################################################################################################################################################
[ReportManager] Initial window size: (800, 600) @06-05-2021 07:19:17.0473 AM
[ReportManager] Window size after Toolkit: (1920, 1080) @06-05-2021 07:19:17.0688 AM
[ReportManager] Browser Action [maximizeWindow] successfully performed. With the following test data [New screen size is now: (1920, 1080)]. @06-05-2021 07:19:17.0690 A
[ReportManager] Target URL: [https://duckduckgo.com] @06-05-2021 07:19:17.0692 AM
[ReportManager] Initial URL: [https://duckduckgo.com] @06-05-2021 07:19:17.0745 AM
[ReportManager] Browser Action [navigateToURL] successfully performed. With the following test data [https://duckduckgo.com]. @06-05-2021 07:19:18.0419 AM
[ReportManager] Successfully created attachment [Selenium WebDriver Logs - server] @06-05-2021 07:19:18.0473 AM
[ReportManager] Successfully created attachment [Selenium WebDriver Logs - performance] @06-05-2021 07:19:18.0577 AM
[ReportManager] Successfully created attachment [Selenium WebDriver Logs - driver] @06-05-2021 07:19:18.0724 AM
[ReportManager] Browser Action [closeCurrentWindow] successfully performed. @06-05-2021 07:19:18.0783 AM
[ReportManager] Successfully created attachment [Browser Action Test Data - closeCurrentWindow - Actual Value] @06-05-2021 07:19:18.0784 A
[ReportManager] File Action [getAbsolutePath] successfully performed. With the following test data [Relative Folder Path: "target/downloadedFiles/"]. @06-05-2021 07:19:18.0787 AM
[ReportManager] Attempting to run remotely on: [Linux-64], [GoogleChrome], [http://localhost:4444/wd/hub], Headless Execution. @06-05-2021 07:19:18.0788 AM
[ReportManager] Successfully Opened [GoogleChrome]. @06-05-2021 07:19:19.0001 AM
[ReportManager] Target URL: [https://duckduckgo.com] @06-05-2021 07:19:19.0010 AM
[ReportManager] Initial URL: [data:,] @06-05-2021 07:19:19.0052 AM
[ReportManager] Browser Action [navigateToURL] successfully performed. With the following test data [https://duckduckgo.com]. @06-05-2021 07:19:21.0193 A

################################################################################################################################################
Starting Execution:	[124 out of 137] test cases in the current suite
Test Method:		[unitTests.tests_browserActions.navigateBack]
################################################################################################################################################
[ReportManager] Target URL: [https://www.google.com/ncr], and after redirection: [https://www.google.com] @06-05-2021 07:19:21.0195 AM
[ReportManager] Initial URL: [https://duckduckgo.com] @06-05-2021 07:19:21.0252 AM
[ReportManager] Browser Action [navigateToURL] successfully performed. With the following test data [https://www.google.com/ncr]. @06-05-2021 07:19:22.0083 AM
[ReportManager] Browser Action [navigateBack] successfully performed. With the following test data [https://duckduckgo.com/]. @06-05-2021 07:19:22.0593 AM
[ReportManager] Confirming that navigating back was successful... @06-05-2021 07:19:22.0594 AM
[ReportManager] Browser Action [getCurrentURL] successfully performed. With the following test data [https://duckduckgo.com/]. @06-05-2021 07:19:22.0622 AM
[ReportManager] AssertBrowserAttribute PASSED; Expected [Value Should be 'https://duckduckgo.com' for the 'CurrentUrl' attribute] and Actual [https://duckduckgo.com/]. Comparison Type [CONTAINS]. Validation Type [POSITIVE]. @06-05-2021 07:19:22.0623 A
[ReportManager] Target URL: [https://duckduckgo.com] @06-05-2021 07:19:22.0624 AM
[ReportManager] Initial URL: [https://duckduckgo.com] @06-05-2021 07:19:22.0679 AM
[ReportManager] Browser Action [navigateToURL] successfully performed. With the following test data [https://duckduckgo.com]. @06-05-2021 07:19:23.0347 AM
[ReportManager] Successfully created attachment [Selenium WebDriver Logs - server] @06-05-2021 07:19:23.0407 AM
[ReportManager] Successfully created attachment [Selenium WebDriver Logs - performance] @06-05-2021 07:19:23.0590 AM
[ReportManager] Successfully created attachment [Selenium WebDriver Logs - driver] @06-05-2021 07:19:23.0841 AM
[ReportManager] Browser Action [closeCurrentWindow] successfully performed. @06-05-2021 07:19:23.0897 AM
[ReportManager] Successfully created attachment [Browser Action Test Data - closeCurrentWindow - Actual Value] @06-05-2021 07:19:23.0898 A
[ReportManager] File Action [getAbsolutePath] successfully performed. With the following test data [Relative Folder Path: "target/downloadedFiles/"]. @06-05-2021 07:19:23.0899 AM
[ReportManager] Attempting to run remotely on: [Linux-64], [GoogleChrome], [http://localhost:4444/wd/hub], Headless Execution. @06-05-2021 07:19:23.0900 AM
[ReportManager] Successfully Opened [GoogleChrome]. @06-05-2021 07:19:24.0115 AM
[ReportManager] Target URL: [https://duckduckgo.com] @06-05-2021 07:19:24.0124 AM
[ReportManager] Initial URL: [data:,] @06-05-2021 07:19:24.0161 AM
[ReportManager] Browser Action [navigateToURL] successfully performed. With the following test data [https://duckduckgo.com]. @06-05-2021 07:19:26.0187 A

################################################################################################################################################
Starting Execution:	[125 out of 137] test cases in the current suite
Test Method:		[unitTests.tests_browserActions.navigateForward]
################################################################################################################################################
[ReportManager] Target URL: [https://www.google.com/ncr], and after redirection: [https://www.google.com] @06-05-2021 07:19:26.0191 AM
[ReportManager] Initial URL: [https://duckduckgo.com] @06-05-2021 07:19:26.0260 AM
[ReportManager] Browser Action [navigateToURL] successfully performed. With the following test data [https://www.google.com/ncr]. @06-05-2021 07:19:27.0090 AM
[ReportManager] Browser Action [navigateBack] successfully performed. With the following test data [https://duckduckgo.com/]. @06-05-2021 07:19:27.0612 AM
[ReportManager] Browser Action [navigateForward] successfully performed. With the following test data [https://www.google.com/]. @06-05-2021 07:19:28.0015 A
[ReportManager] Target URL: [https://duckduckgo.com] @06-05-2021 07:19:28.0018 AM
[ReportManager] Initial URL: [https://www.google.com] @06-05-2021 07:19:28.0093 AM
[ReportManager] Browser Action [navigateToURL] successfully performed. With the following test data [https://duckduckgo.com]. @06-05-2021 07:19:28.0870 AM
[ReportManager] Successfully created attachment [Selenium WebDriver Logs - server] @06-05-2021 07:19:28.0923 AM
[ReportManager] Successfully created attachment [Selenium WebDriver Logs - performance] @06-05-2021 07:19:29.0111 AM
[ReportManager] Successfully created attachment [Selenium WebDriver Logs - driver] @06-05-2021 07:19:29.0383 AM
[ReportManager] Browser Action [closeCurrentWindow] successfully performed. @06-05-2021 07:19:29.0442 AM
[ReportManager] Successfully created attachment [Browser Action Test Data - closeCurrentWindow - Actual Value] @06-05-2021 07:19:29.0442 A
[ReportManager] File Action [getAbsolutePath] successfully performed. With the following test data [Relative Folder Path: "target/downloadedFiles/"]. @06-05-2021 07:19:29.0444 AM
[ReportManager] Attempting to run remotely on: [Linux-64], [GoogleChrome], [http://localhost:4444/wd/hub], Headless Execution. @06-05-2021 07:19:29.0444 AM
[ReportManager] Successfully Opened [GoogleChrome]. @06-05-2021 07:19:29.0667 AM
[ReportManager] Target URL: [https://duckduckgo.com] @06-05-2021 07:19:29.0676 AM
[ReportManager] Initial URL: [data:,] @06-05-2021 07:19:29.0714 AM
[ReportManager] Browser Action [navigateToURL] successfully performed. With the following test data [https://duckduckgo.com]. @06-05-2021 07:19:31.0647 A

################################################################################################################################################
Starting Execution:	[126 out of 137] test cases in the current suite
Test Method:		[unitTests.tests_browserActions.navigateToURL]
################################################################################################################################################
[ReportManager] Target URL: [https://duckduckgo.com] @06-05-2021 07:19:31.0653 AM
[ReportManager] Initial URL: [https://duckduckgo.com] @06-05-2021 07:19:31.0718 AM
[ReportManager] Browser Action [navigateToURL] successfully performed. With the following test data [https://duckduckgo.com]. @06-05-2021 07:19:32.0343 A
[ReportManager] Target URL: [https://duckduckgo.com] @06-05-2021 07:19:32.0346 AM
[ReportManager] Initial URL: [https://duckduckgo.com] @06-05-2021 07:19:32.0404 AM
[ReportManager] Browser Action [navigateToURL] successfully performed. With the following test data [https://duckduckgo.com]. @06-05-2021 07:19:32.0996 AM
[ReportManager] Successfully created attachment [Selenium WebDriver Logs - server] @06-05-2021 07:19:33.0046 AM
[ReportManager] Successfully created attachment [Selenium WebDriver Logs - performance] @06-05-2021 07:19:33.0222 AM
[ReportManager] Successfully created attachment [Selenium WebDriver Logs - driver] @06-05-2021 07:19:33.0442 AM
[ReportManager] Browser Action [closeCurrentWindow] successfully performed. @06-05-2021 07:19:33.0498 AM
[ReportManager] Successfully created attachment [Browser Action Test Data - closeCurrentWindow - Actual Value] @06-05-2021 07:19:33.0498 A
[ReportManager] File Action [getAbsolutePath] successfully performed. With the following test data [Relative Folder Path: "target/downloadedFiles/"]. @06-05-2021 07:19:33.0500 AM
[ReportManager] Attempting to run remotely on: [Linux-64], [GoogleChrome], [http://localhost:4444/wd/hub], Headless Execution. @06-05-2021 07:19:33.0501 AM
[ReportManager] Successfully Opened [GoogleChrome]. @06-05-2021 07:19:33.0703 AM
[ReportManager] Target URL: [https://duckduckgo.com] @06-05-2021 07:19:33.0720 AM
[ReportManager] Initial URL: [data:,] @06-05-2021 07:19:33.0776 AM
[ReportManager] Browser Action [navigateToURL] successfully performed. With the following test data [https://duckduckgo.com]. @06-05-2021 07:19:35.0920 A

################################################################################################################################################
Starting Execution:	[127 out of 137] test cases in the current suite
Test Method:		[unitTests.tests_browserActions.navigateToURLWithRedirection]
################################################################################################################################################
[ReportManager] Target URL: [https://www.google.com/ncr], and after redirection: [https://www.google.com] @06-05-2021 07:19:35.0922 AM
[ReportManager] Initial URL: [https://duckduckgo.com] @06-05-2021 07:19:35.0986 AM
[ReportManager] Browser Action [navigateToURL] successfully performed. With the following test data [https://www.google.com/ncr]. @06-05-2021 07:19:36.0848 A
[ReportManager] Target URL: [https://duckduckgo.com] @06-05-2021 07:19:36.0852 AM
[ReportManager] Initial URL: [https://www.google.com] @06-05-2021 07:19:36.0928 AM
[ReportManager] Browser Action [navigateToURL] successfully performed. With the following test data [https://duckduckgo.com]. @06-05-2021 07:19:37.0739 AM
[ReportManager] Successfully created attachment [Selenium WebDriver Logs - server] @06-05-2021 07:19:37.0792 AM
[ReportManager] Successfully created attachment [Selenium WebDriver Logs - performance] @06-05-2021 07:19:37.0912 AM
[ReportManager] Successfully created attachment [Selenium WebDriver Logs - driver] @06-05-2021 07:19:38.0090 AM
[ReportManager] Browser Action [closeCurrentWindow] successfully performed. @06-05-2021 07:19:38.0149 AM
[ReportManager] Successfully created attachment [Browser Action Test Data - closeCurrentWindow - Actual Value] @06-05-2021 07:19:38.0149 A
[ReportManager] File Action [getAbsolutePath] successfully performed. With the following test data [Relative Folder Path: "target/downloadedFiles/"]. @06-05-2021 07:19:38.0152 AM
[ReportManager] Attempting to run remotely on: [Linux-64], [GoogleChrome], [http://localhost:4444/wd/hub], Headless Execution. @06-05-2021 07:19:38.0152 AM
[ReportManager] Successfully Opened [GoogleChrome]. @06-05-2021 07:19:38.0342 AM
[ReportManager] Target URL: [https://duckduckgo.com] @06-05-2021 07:19:38.0370 AM
[ReportManager] Initial URL: [data:,] @06-05-2021 07:19:38.0410 AM
[ReportManager] Browser Action [navigateToURL] successfully performed. With the following test data [https://duckduckgo.com]. @06-05-2021 07:19:40.0334 A

################################################################################################################################################
Starting Execution:	[128 out of 137] test cases in the current suite
Test Method:		[unitTests.tests_browserActions.refreshCurrentPage]
################################################################################################################################################
[ReportManager] Browser Action [refreshCurrentPage] successfully performed. @06-05-2021 07:19:40.0885 AM
[ReportManager] Successfully created attachment [Browser Action Test Data - refreshCurrentPage - Actual Value] @06-05-2021 07:19:40.0886 A
[ReportManager] Target URL: [https://duckduckgo.com] @06-05-2021 07:19:40.0887 AM
[ReportManager] Initial URL: [https://duckduckgo.com] @06-05-2021 07:19:40.0947 AM
[ReportManager] Browser Action [navigateToURL] successfully performed. With the following test data [https://duckduckgo.com]. @06-05-2021 07:19:41.0541 AM
[ReportManager] Successfully created attachment [Selenium WebDriver Logs - server] @06-05-2021 07:19:41.0586 AM
[ReportManager] Successfully created attachment [Selenium WebDriver Logs - performance] @06-05-2021 07:19:41.0752 AM
[ReportManager] Successfully created attachment [Selenium WebDriver Logs - driver] @06-05-2021 07:19:41.0954 AM
[ReportManager] Browser Action [closeCurrentWindow] successfully performed. @06-05-2021 07:19:42.0010 AM
[ReportManager] Successfully created attachment [Browser Action Test Data - closeCurrentWindow - Actual Value] @06-05-2021 07:19:42.0010 A
[ReportManager] File Action [getAbsolutePath] successfully performed. With the following test data [Relative Folder Path: "target/downloadedFiles/"]. @06-05-2021 07:19:42.0016 AM
[ReportManager] Attempting to run remotely on: [Linux-64], [GoogleChrome], [http://localhost:4444/wd/hub], Headless Execution. @06-05-2021 07:19:42.0017 AM
[ReportManager] Successfully Opened [GoogleChrome]. @06-05-2021 07:19:42.0204 AM
[ReportManager] Target URL: [https://duckduckgo.com] @06-05-2021 07:19:42.0212 AM
[ReportManager] Initial URL: [data:,] @06-05-2021 07:19:42.0265 AM
[ReportManager] Browser Action [navigateToURL] successfully performed. With the following test data [https://duckduckgo.com]. @06-05-2021 07:19:44.0370 A

################################################################################################################################################
Starting Execution:	[129 out of 137] test cases in the current suite
Test Method:		[unitTests.tests_browserActions.setWindowSize]
################################################################################################################################################
[ReportManager] Initial window size: (800, 600) @06-05-2021 07:19:44.0392 AM
[ReportManager] Window size after SWD: (1280, 720) @06-05-2021 07:19:44.0607 AM
[ReportManager] Browser Action [setWindowSize] successfully performed. With the following test data [New screen size is now: (1280, 720)]. @06-05-2021 07:19:44.0607 A
[ReportManager] Target URL: [https://duckduckgo.com] @06-05-2021 07:19:44.0609 AM
[ReportManager] Initial URL: [https://duckduckgo.com] @06-05-2021 07:19:44.0666 AM
[ReportManager] Browser Action [navigateToURL] successfully performed. With the following test data [https://duckduckgo.com]. @06-05-2021 07:19:45.0330 AM
[ReportManager] Successfully created attachment [Selenium WebDriver Logs - server] @06-05-2021 07:19:45.0387 AM
[ReportManager] Successfully created attachment [Selenium WebDriver Logs - performance] @06-05-2021 07:19:45.0512 AM
[ReportManager] Successfully created attachment [Selenium WebDriver Logs - driver] @06-05-2021 07:19:45.0657 AM
[ReportManager] Browser Action [closeCurrentWindow] successfully performed. @06-05-2021 07:19:45.0712 AM
[ReportManager] Successfully created attachment [Browser Action Test Data - closeCurrentWindow - Actual Value] @06-05-2021 07:19:45.0712 A
[ReportManager] File Action [getAbsolutePath] successfully performed. With the following test data [Relative Folder Path: "target/downloadedFiles/"]. @06-05-2021 07:19:45.0716 AM
[ReportManager] Attempting to run remotely on: [Linux-64], [GoogleChrome], [http://localhost:4444/wd/hub], Headless Execution. @06-05-2021 07:19:45.0716 AM
[ReportManager] Successfully Opened [GoogleChrome]. @06-05-2021 07:19:45.0925 A

################################################################################################################################################
Starting Execution:	[130 out of 137] test cases in the current suite
Test Method:		[unitTests.tests_element_elementActions.waitForElementToBePresent_false_expectedToFail]
################################################################################################################################################
[ReportManager] Target URL: [https://www.google.com/ncr], and after redirection: [www.google.com] @06-05-2021 07:19:45.0941 AM
[ReportManager] Initial URL: [data:,] @06-05-2021 07:19:45.0985 AM
[ReportManager] Browser Action [navigateToURL] successfully performed. With the following test data [https://www.google.com/ncr]. @06-05-2021 07:19:46.0848 AM
[ReportManager] Waiting for element to be present; elementLocator [By.xpath: //img[@id='hplogo' or @alt='Google']], numberOfTries[1], stateOfPresence[false]... @06-05-2021 07:19:46.0855 AM
[ReportManager] Element Action [waitForElementToBePresent] failed. With the following test data [waited for the element's state of presence to be (false). Element locator (By.xpath: //img[@id='hplogo' or @alt='Google'])]. @06-05-2021 07:19:47.0029 AM
[ReportManager] Successfully created attachment [Screenshot - 1620285586979_waitForElementToBePresent_false_expectedToFail_waitForElementToBePresent_failed] @06-05-2021 07:19:47.0029 A
[ReportManager] Successfully created attachment [Selenium WebDriver Logs - server] @06-05-2021 07:19:47.0103 AM
[ReportManager] Successfully created attachment [Selenium WebDriver Logs - performance] @06-05-2021 07:19:47.0141 AM
[ReportManager] Successfully created attachment [Selenium WebDriver Logs - driver] @06-05-2021 07:19:47.0215 AM
[ReportManager] Browser Action [closeCurrentWindow] successfully performed. @06-05-2021 07:19:47.0271 AM
[ReportManager] Successfully created attachment [Browser Action Test Data - closeCurrentWindow - Actual Value] @06-05-2021 07:19:47.0272 A
[ReportManager] File Action [getAbsolutePath] successfully performed. With the following test data [Relative Folder Path: "target/downloadedFiles/"]. @06-05-2021 07:19:47.0274 AM
[ReportManager] Attempting to run remotely on: [Linux-64], [GoogleChrome], [http://localhost:4444/wd/hub], Headless Execution. @06-05-2021 07:19:47.0275 AM
[ReportManager] Successfully Opened [GoogleChrome]. @06-05-2021 07:19:47.0500 A

################################################################################################################################################
Starting Execution:	[131 out of 137] test cases in the current suite
Test Method:		[unitTests.tests_element_elementActions.waitForElementToBePresent_false_expectedToPass]
################################################################################################################################################
[ReportManager] Target URL: [https://www.google.com/ncr], and after redirection: [www.google.com] @06-05-2021 07:19:47.0511 AM
[ReportManager] Initial URL: [data:,] @06-05-2021 07:19:47.0559 AM
[ReportManager] Browser Action [navigateToURL] successfully performed. With the following test data [https://www.google.com/ncr]. @06-05-2021 07:19:48.0401 AM
[ReportManager] Waiting for element to be present; elementLocator [By.id: bla], numberOfTries[1], stateOfPresence[false]... @06-05-2021 07:19:48.0401 AM
[ReportManager] Element Action [waitForElementToBePresent] successfully performed. With the following test data [waited for the element's state of presence to be (false). Element locator (By.id: bla)]. @06-05-2021 07:19:53.0514 A
[ReportManager] Successfully created attachment [Selenium WebDriver Logs - server] @06-05-2021 07:19:53.0584 AM
[ReportManager] Successfully created attachment [Selenium WebDriver Logs - performance] @06-05-2021 07:19:53.0616 AM
[ReportManager] Successfully created attachment [Selenium WebDriver Logs - driver] @06-05-2021 07:19:53.0696 AM
[ReportManager] Browser Action [closeCurrentWindow] successfully performed. @06-05-2021 07:19:53.0751 AM
[ReportManager] Successfully created attachment [Browser Action Test Data - closeCurrentWindow - Actual Value] @06-05-2021 07:19:53.0751 A
[ReportManager] File Action [getAbsolutePath] successfully performed. With the following test data [Relative Folder Path: "target/downloadedFiles/"]. @06-05-2021 07:19:53.0754 AM
[ReportManager] Attempting to run remotely on: [Linux-64], [GoogleChrome], [http://localhost:4444/wd/hub], Headless Execution. @06-05-2021 07:19:53.0754 AM
[ReportManager] Successfully Opened [GoogleChrome]. @06-05-2021 07:19:53.0980 A

################################################################################################################################################
Starting Execution:	[132 out of 137] test cases in the current suite
Test Method:		[unitTests.tests_element_elementActions.waitForElementToBePresent_moreThanOneElement_expectedToFail]
################################################################################################################################################
[ReportManager] Target URL: [https://www.google.com/ncr], and after redirection: [www.google.com] @06-05-2021 07:19:53.0997 AM
[ReportManager] Initial URL: [data:,] @06-05-2021 07:19:54.0036 AM
[ReportManager] Browser Action [navigateToURL] successfully performed. With the following test data [https://www.google.com/ncr]. @06-05-2021 07:19:54.0937 AM
[ReportManager] Waiting for element to be present; elementLocator [By.xpath: //*], numberOfTries[1], stateOfPresence[false]... @06-05-2021 07:19:54.0937 AM
[ReportManager] Element Action [waitForElementToBePresent] failed. With the following test data [waited for the element's state of presence to be (false). Element locator (By.xpath: //*)]. @06-05-2021 07:19:55.0134 AM
[ReportManager] Successfully created attachment [Screenshot - 1620285595083_waitForElementToBePresent_moreThanOneElement_expectedToFail_waitForElementToBePresent_failed] @06-05-2021 07:19:55.0134 A
[ReportManager] Successfully created attachment [Selenium WebDriver Logs - server] @06-05-2021 07:19:55.0214 AM
[ReportManager] Successfully created attachment [Selenium WebDriver Logs - performance] @06-05-2021 07:19:55.0248 AM
[ReportManager] Successfully created attachment [Selenium WebDriver Logs - driver] @06-05-2021 07:19:55.0322 AM
[ReportManager] Browser Action [closeCurrentWindow] successfully performed. @06-05-2021 07:19:55.0379 AM
[ReportManager] Successfully created attachment [Browser Action Test Data - closeCurrentWindow - Actual Value] @06-05-2021 07:19:55.0380 A
[ReportManager] File Action [getAbsolutePath] successfully performed. With the following test data [Relative Folder Path: "target/downloadedFiles/"]. @06-05-2021 07:19:55.0387 AM
[ReportManager] Attempting to run remotely on: [Linux-64], [GoogleChrome], [http://localhost:4444/wd/hub], Headless Execution. @06-05-2021 07:19:55.0387 AM
[ReportManager] Successfully Opened [GoogleChrome]. @06-05-2021 07:19:55.0595 A

################################################################################################################################################
Starting Execution:	[133 out of 137] test cases in the current suite
Test Method:		[unitTests.tests_element_elementActions.waitForElementToBePresent_true_expectedToFail]
################################################################################################################################################
[ReportManager] Target URL: [https://www.google.com/ncr], and after redirection: [www.google.com] @06-05-2021 07:19:55.0614 AM
[ReportManager] Initial URL: [data:,] @06-05-2021 07:19:55.0653 AM
[ReportManager] Browser Action [navigateToURL] successfully performed. With the following test data [https://www.google.com/ncr]. @06-05-2021 07:19:56.0489 AM
[ReportManager] Waiting for element to be present; elementLocator [By.id: bla], numberOfTries[1], stateOfPresence[true]... @06-05-2021 07:19:56.0489 AM
[ReportManager] Element Action [waitForElementToBePresent] failed. With the following test data [waited for the element's state of presence to be (true). Element locator (By.id: bla)]. @06-05-2021 07:20:01.0722 AM
[ReportManager] Successfully created attachment [Screenshot - 1620285601667_waitForElementToBePresent_true_expectedToFail_waitForElementToBePresent_failed] @06-05-2021 07:20:01.0722 A
[ReportManager] Successfully created attachment [Selenium WebDriver Logs - server] @06-05-2021 07:20:01.0801 AM
[ReportManager] Successfully created attachment [Selenium WebDriver Logs - performance] @06-05-2021 07:20:01.0838 AM
[ReportManager] Successfully created attachment [Selenium WebDriver Logs - driver] @06-05-2021 07:20:01.0910 AM
[ReportManager] Browser Action [closeCurrentWindow] successfully performed. @06-05-2021 07:20:01.0966 AM
[ReportManager] Successfully created attachment [Browser Action Test Data - closeCurrentWindow - Actual Value] @06-05-2021 07:20:01.0967 A
[ReportManager] File Action [getAbsolutePath] successfully performed. With the following test data [Relative Folder Path: "target/downloadedFiles/"]. @06-05-2021 07:20:01.0969 AM
[ReportManager] Attempting to run remotely on: [Linux-64], [GoogleChrome], [http://localhost:4444/wd/hub], Headless Execution. @06-05-2021 07:20:01.0969 AM
[ReportManager] Successfully Opened [GoogleChrome]. @06-05-2021 07:20:02.0174 A

################################################################################################################################################
Starting Execution:	[134 out of 137] test cases in the current suite
Test Method:		[unitTests.tests_element_elementActions.waitForElementToBePresent_true_expectedToPass]
################################################################################################################################################
[ReportManager] Target URL: [https://www.google.com/ncr], and after redirection: [www.google.com] @06-05-2021 07:20:02.0195 AM
[ReportManager] Initial URL: [data:,] @06-05-2021 07:20:02.0235 AM
[ReportManager] Browser Action [navigateToURL] successfully performed. With the following test data [https://www.google.com/ncr]. @06-05-2021 07:20:03.0091 AM
[ReportManager] Waiting for element to be present; elementLocator [By.xpath: //img[@id='hplogo' or @alt='Google']], numberOfTries[1], stateOfPresence[true]... @06-05-2021 07:20:03.0091 AM
[ReportManager] Element Action [waitForElementToBePresent] successfully performed. With the following test data [waited for the element's state of presence to be (true). Element locator (By.xpath: //img[@id='hplogo' or @alt='Google'])]. @06-05-2021 07:20:03.0153 AM
[ReportManager] Using Visual AI; OpenCV... @06-05-2021 07:20:03.0155 AM
[ReportManager] File Action [doesFileExist] successfully performed. With the following test data [File Path: "src/test/resources/DynamicObjectRepository/unitTests_tests_element_elementActions_waitForElementToBePresent_true_expectedToPass_By_xpath_img_id_hplogo_or_alt_Google.png"]. @06-05-2021 07:20:03.0156 AM
[ReportManager] File Action [doesFileExist] successfully performed. With the following test data [File Path: "src/test/resources/DynamicObjectRepository/unitTests_tests_element_elementActions_waitForElementToBePresent_true_expectedToPass_By_xpath_img_id_hplogo_or_alt_Google.png"]. @06-05-2021 07:20:03.0327 AM
[ReportManager] Passing the test and saving a reference image @06-05-2021 07:20:03.0327 AM
[ReportManager] File Action [getAbsolutePath] successfully performed. With the following test data [Relative File Path: "src/test/resources/DynamicObjectRepository/unitTests_tests_element_elementActions_waitForElementToBePresent_true_expectedToPass_By_xpath_img_id_hplogo_or_alt_Google.png"]. @06-05-2021 07:20:03.0328 AM
[ReportManager] File Action [writeToFile] successfully performed. With the following test data [Target File Path: "/home/runner/work/SHAFT_ENGINE/SHAFT_ENGINE/src/test/resources/DynamicObjectRepository/unitTests_tests_element_elementActions_waitForElementToBePresent_true_expectedToPass_By_xpath_img_id_hplogo_or_alt_Google.png"]. @06-05-2021 07:20:03.0333 AM
[ReportManager] AssertElementMatches PASSED; Expected [Element should match the reference screenshot] and Actual [TRUE]. Comparison Type [EXACT_OPENCV]. Validation Type [POSITIVE]. @06-05-2021 07:20:03.0333 AM
[ReportManager] Successfully created attachment [Validation Test Data - Actual Screenshot] @06-05-2021 07:20:03.0334 A
[ReportManager] Successfully created attachment [Selenium WebDriver Logs - server] @06-05-2021 07:20:03.0419 AM
[ReportManager] Successfully created attachment [Selenium WebDriver Logs - performance] @06-05-2021 07:20:03.0452 AM
[ReportManager] Successfully created attachment [Selenium WebDriver Logs - driver] @06-05-2021 07:20:03.0532 AM
[ReportManager] Browser Action [closeCurrentWindow] successfully performed. @06-05-2021 07:20:03.0589 AM
[ReportManager] Successfully created attachment [Browser Action Test Data - closeCurrentWindow - Actual Value] @06-05-2021 07:20:03.0590 A

################################################################################################################################################
Starting Execution:	[135 out of 137] test cases in the current suite
Test Method:		[unitTests.tests_restActions.getPostsAndAssertBodyForSpecificTitle]
################################################################################################################################################
[ReportManager] Response status code: [200], status line: [HTTP/1.1 200 OK] @06-05-2021 07:20:04.0719 AM
[ReportManager] Evaluating the actual response status code against the expected one...... @06-05-2021 07:20:04.0719 AM
[ReportManager] AssertEquals PASSED; Expected [200] and Actual [200]. Comparison Type [EQUALS]. Validation Type [POSITIVE]. @06-05-2021 07:20:04.0719 AM
[ReportManager] API Action [performRequest] successfully performed. With the following test data [Request Type: "GET" | Target Status Code: "200" | Service URL: "https://jsonplaceholder.typicode.com/posts" | Content Type: "*/*" | Response Time: "660ms"]. @06-05-2021 07:20:04.0907 AM
[ReportManager] Successfully created attachment [API Response - JSON Body] @06-05-2021 07:20:04.0908 AM
[ReportManager] API Action [getResponseJSONValueAsList] successfully performed. @06-05-2021 07:20:04.0937 AM
[ReportManager] API Action [getResponseJSONValue] successfully performed. With the following test data [title]. @06-05-2021 07:20:04.0958 AM
[ReportManager] API Action [getResponseJSONValue] successfully performed. With the following test data [title]. @06-05-2021 07:20:04.0976 AM
[ReportManager] API Action [getResponseJSONValue] successfully performed. With the following test data [body]. @06-05-2021 07:20:04.0990 AM
[ReportManager] AssertEquals PASSED; Expected [qui neque nisi nulla] and Actual [est rerum tempore vitae
sequi sint nihil reprehenderit dolor beatae ea dolores neque
fugiat blanditiis voluptate porro vel nihil molestiae ut reiciendis
qui aperiam non debitis possimus qui neque nisi nulla]. Comparison Type [CONTAINS]. Validation Type [POSITIVE]. @06-05-2021 07:20:04.0991 AM
[ReportManager] API Action [getResponseJSONValue] successfully performed. With the following test data [title]. @06-05-2021 07:20:05.0003 AM
[ReportManager] API Action [getResponseJSONValue] successfully performed. With the following test data [title]. @06-05-2021 07:20:05.0017 AM
[ReportManager] API Action [getResponseJSONValue] successfully performed. With the following test data [title]. @06-05-2021 07:20:05.0032 AM
[ReportManager] API Action [getResponseJSONValue] successfully performed. With the following test data [title]. @06-05-2021 07:20:05.0045 AM
[ReportManager] API Action [getResponseJSONValue] successfully performed. With the following test data [title]. @06-05-2021 07:20:05.0064 AM
[ReportManager] API Action [getResponseJSONValue] successfully performed. With the following test data [title]. @06-05-2021 07:20:05.0080 AM
[ReportManager] API Action [getResponseJSONValue] successfully performed. With the following test data [title]. @06-05-2021 07:20:05.0096 AM
[ReportManager] API Action [getResponseJSONValue] successfully performed. With the following test data [title]. @06-05-2021 07:20:05.0110 AM
[ReportManager] API Action [getResponseJSONValue] successfully performed. With the following test data [title]. @06-05-2021 07:20:05.0122 AM
[ReportManager] API Action [getResponseJSONValue] successfully performed. With the following test data [title]. @06-05-2021 07:20:05.0140 AM
[ReportManager] API Action [getResponseJSONValue] successfully performed. With the following test data [title]. @06-05-2021 07:20:05.0162 AM
[ReportManager] API Action [getResponseJSONValue] successfully performed. With the following test data [title]. @06-05-2021 07:20:05.0173 AM
[ReportManager] API Action [getResponseJSONValue] successfully performed. With the following test data [title]. @06-05-2021 07:20:05.0189 AM
[ReportManager] API Action [getResponseJSONValue] successfully performed. With the following test data [title]. @06-05-2021 07:20:05.0198 AM
[ReportManager] API Action [getResponseJSONValue] successfully performed. With the following test data [title]. @06-05-2021 07:20:05.0207 AM
[ReportManager] API Action [getResponseJSONValue] successfully performed. With the following test data [title]. @06-05-2021 07:20:05.0216 AM
[ReportManager] API Action [getResponseJSONValue] successfully performed. With the following test data [title]. @06-05-2021 07:20:05.0225 AM
[ReportManager] API Action [getResponseJSONValue] successfully performed. With the following test data [title]. @06-05-2021 07:20:05.0233 AM
[ReportManager] API Action [getResponseJSONValue] successfully performed. With the following test data [title]. @06-05-2021 07:20:05.0241 AM
[ReportManager] API Action [getResponseJSONValue] successfully performed. With the following test data [title]. @06-05-2021 07:20:05.0249 AM
[ReportManager] API Action [getResponseJSONValue] successfully performed. With the following test data [title]. @06-05-2021 07:20:05.0258 AM
[ReportManager] API Action [getResponseJSONValue] successfully performed. With the following test data [title]. @06-05-2021 07:20:05.0266 AM
[ReportManager] API Action [getResponseJSONValue] successfully performed. With the following test data [title]. @06-05-2021 07:20:05.0274 AM
[ReportManager] API Action [getResponseJSONValue] successfully performed. With the following test data [title]. @06-05-2021 07:20:05.0283 AM
[ReportManager] API Action [getResponseJSONValue] successfully performed. With the following test data [title]. @06-05-2021 07:20:05.0290 AM
[ReportManager] API Action [getResponseJSONValue] successfully performed. With the following test data [title]. @06-05-2021 07:20:05.0298 AM
[ReportManager] API Action [getResponseJSONValue] successfully performed. With the following test data [title]. @06-05-2021 07:20:05.0307 AM
[ReportManager] API Action [getResponseJSONValue] successfully performed. With the following test data [title]. @06-05-2021 07:20:05.0315 AM
[ReportManager] API Action [getResponseJSONValue] successfully performed. With the following test data [title]. @06-05-2021 07:20:05.0322 AM
[ReportManager] API Action [getResponseJSONValue] successfully performed. With the following test data [title]. @06-05-2021 07:20:05.0330 AM
[ReportManager] API Action [getResponseJSONValue] successfully performed. With the following test data [title]. @06-05-2021 07:20:05.0338 AM
[ReportManager] API Action [getResponseJSONValue] successfully performed. With the following test data [title]. @06-05-2021 07:20:05.0346 AM
[ReportManager] API Action [getResponseJSONValue] successfully performed. With the following test data [title]. @06-05-2021 07:20:05.0354 AM
[ReportManager] API Action [getResponseJSONValue] successfully performed. With the following test data [title]. @06-05-2021 07:20:05.0362 AM
[ReportManager] API Action [getResponseJSONValue] successfully performed. With the following test data [title]. @06-05-2021 07:20:05.0369 AM
[ReportManager] API Action [getResponseJSONValue] successfully performed. With the following test data [title]. @06-05-2021 07:20:05.0377 AM
[ReportManager] API Action [getResponseJSONValue] successfully performed. With the following test data [title]. @06-05-2021 07:20:05.0384 AM
[ReportManager] API Action [getResponseJSONValue] successfully performed. With the following test data [title]. @06-05-2021 07:20:05.0392 AM
[ReportManager] API Action [getResponseJSONValue] successfully performed. With the following test data [title]. @06-05-2021 07:20:05.0400 AM
[ReportManager] API Action [getResponseJSONValue] successfully performed. With the following test data [title]. @06-05-2021 07:20:05.0408 AM
[ReportManager] API Action [getResponseJSONValue] successfully performed. With the following test data [title]. @06-05-2021 07:20:05.0416 AM
[ReportManager] API Action [getResponseJSONValue] successfully performed. With the following test data [title]. @06-05-2021 07:20:05.0425 AM
[ReportManager] API Action [getResponseJSONValue] successfully performed. With the following test data [title]. @06-05-2021 07:20:05.0432 AM
[ReportManager] API Action [getResponseJSONValue] successfully performed. With the following test data [title]. @06-05-2021 07:20:05.0440 AM
[ReportManager] API Action [getResponseJSONValue] successfully performed. With the following test data [title]. @06-05-2021 07:20:05.0447 AM
[ReportManager] API Action [getResponseJSONValue] successfully performed. With the following test data [title]. @06-05-2021 07:20:05.0455 AM
[ReportManager] API Action [getResponseJSONValue] successfully performed. With the following test data [title]. @06-05-2021 07:20:05.0463 AM
[ReportManager] API Action [getResponseJSONValue] successfully performed. With the following test data [title]. @06-05-2021 07:20:05.0471 AM
[ReportManager] API Action [getResponseJSONValue] successfully performed. With the following test data [title]. @06-05-2021 07:20:05.0479 AM
[ReportManager] API Action [getResponseJSONValue] successfully performed. With the following test data [title]. @06-05-2021 07:20:05.0487 AM
[ReportManager] API Action [getResponseJSONValue] successfully performed. With the following test data [title]. @06-05-2021 07:20:05.0495 AM
[ReportManager] API Action [getResponseJSONValue] successfully performed. With the following test data [title]. @06-05-2021 07:20:05.0502 AM
[ReportManager] API Action [getResponseJSONValue] successfully performed. With the following test data [title]. @06-05-2021 07:20:05.0511 AM
[ReportManager] API Action [getResponseJSONValue] successfully performed. With the following test data [title]. @06-05-2021 07:20:05.0519 AM
[ReportManager] API Action [getResponseJSONValue] successfully performed. With the following test data [title]. @06-05-2021 07:20:05.0526 AM
[ReportManager] API Action [getResponseJSONValue] successfully performed. With the following test data [title]. @06-05-2021 07:20:05.0533 AM
[ReportManager] API Action [getResponseJSONValue] successfully performed. With the following test data [title]. @06-05-2021 07:20:05.0540 AM
[ReportManager] API Action [getResponseJSONValue] successfully performed. With the following test data [title]. @06-05-2021 07:20:05.0547 AM
[ReportManager] API Action [getResponseJSONValue] successfully performed. With the following test data [title]. @06-05-2021 07:20:05.0572 AM
[ReportManager] API Action [getResponseJSONValue] successfully performed. With the following test data [title]. @06-05-2021 07:20:05.0580 AM
[ReportManager] API Action [getResponseJSONValue] successfully performed. With the following test data [title]. @06-05-2021 07:20:05.0587 AM
[ReportManager] API Action [getResponseJSONValue] successfully performed. With the following test data [title]. @06-05-2021 07:20:05.0594 AM
[ReportManager] API Action [getResponseJSONValue] successfully performed. With the following test data [title]. @06-05-2021 07:20:05.0602 AM
[ReportManager] API Action [getResponseJSONValue] successfully performed. With the following test data [title]. @06-05-2021 07:20:05.0610 AM
[ReportManager] API Action [getResponseJSONValue] successfully performed. With the following test data [title]. @06-05-2021 07:20:05.0617 AM
[ReportManager] API Action [getResponseJSONValue] successfully performed. With the following test data [title]. @06-05-2021 07:20:05.0624 AM
[ReportManager] API Action [getResponseJSONValue] successfully performed. With the following test data [title]. @06-05-2021 07:20:05.0631 AM
[ReportManager] API Action [getResponseJSONValue] successfully performed. With the following test data [title]. @06-05-2021 07:20:05.0638 AM
[ReportManager] API Action [getResponseJSONValue] successfully performed. With the following test data [title]. @06-05-2021 07:20:05.0646 AM
[ReportManager] API Action [getResponseJSONValue] successfully performed. With the following test data [title]. @06-05-2021 07:20:05.0652 AM
[ReportManager] API Action [getResponseJSONValue] successfully performed. With the following test data [title]. @06-05-2021 07:20:05.0660 AM
[ReportManager] API Action [getResponseJSONValue] successfully performed. With the following test data [title]. @06-05-2021 07:20:05.0666 AM
[ReportManager] API Action [getResponseJSONValue] successfully performed. With the following test data [title]. @06-05-2021 07:20:05.0676 AM
[ReportManager] API Action [getResponseJSONValue] successfully performed. With the following test data [title]. @06-05-2021 07:20:05.0687 AM
[ReportManager] API Action [getResponseJSONValue] successfully performed. With the following test data [title]. @06-05-2021 07:20:05.0700 AM
[ReportManager] API Action [getResponseJSONValue] successfully performed. With the following test data [title]. @06-05-2021 07:20:05.0709 AM
[ReportManager] API Action [getResponseJSONValue] successfully performed. With the following test data [title]. @06-05-2021 07:20:05.0720 AM
[ReportManager] API Action [getResponseJSONValue] successfully performed. With the following test data [title]. @06-05-2021 07:20:05.0728 AM
[ReportManager] API Action [getResponseJSONValue] successfully performed. With the following test data [title]. @06-05-2021 07:20:05.0735 AM
[ReportManager] API Action [getResponseJSONValue] successfully performed. With the following test data [title]. @06-05-2021 07:20:05.0746 AM
[ReportManager] API Action [getResponseJSONValue] successfully performed. With the following test data [title]. @06-05-2021 07:20:05.0762 AM
[ReportManager] API Action [getResponseJSONValue] successfully performed. With the following test data [title]. @06-05-2021 07:20:05.0773 AM
[ReportManager] API Action [getResponseJSONValue] successfully performed. With the following test data [title]. @06-05-2021 07:20:05.0788 AM
[ReportManager] API Action [getResponseJSONValue] successfully performed. With the following test data [title]. @06-05-2021 07:20:05.0795 AM
[ReportManager] API Action [getResponseJSONValue] successfully performed. With the following test data [title]. @06-05-2021 07:20:05.0804 AM
[ReportManager] API Action [getResponseJSONValue] successfully performed. With the following test data [title]. @06-05-2021 07:20:05.0815 AM
[ReportManager] API Action [getResponseJSONValue] successfully performed. With the following test data [title]. @06-05-2021 07:20:05.0823 AM
[ReportManager] API Action [getResponseJSONValue] successfully performed. With the following test data [title]. @06-05-2021 07:20:05.0834 AM
[ReportManager] API Action [getResponseJSONValue] successfully performed. With the following test data [title]. @06-05-2021 07:20:05.0842 AM
[ReportManager] API Action [getResponseJSONValue] successfully performed. With the following test data [title]. @06-05-2021 07:20:05.0852 AM
[ReportManager] API Action [getResponseJSONValue] successfully performed. With the following test data [title]. @06-05-2021 07:20:05.0869 AM
[ReportManager] API Action [getResponseJSONValue] successfully performed. With the following test data [title]. @06-05-2021 07:20:05.0881 AM
[ReportManager] API Action [getResponseJSONValue] successfully performed. With the following test data [title]. @06-05-2021 07:20:05.0891 AM
[ReportManager] API Action [getResponseJSONValue] successfully performed. With the following test data [title]. @06-05-2021 07:20:05.0900 AM
[ReportManager] API Action [getResponseJSONValue] successfully performed. With the following test data [title]. @06-05-2021 07:20:05.0909 AM
[ReportManager] API Action [getResponseJSONValue] successfully performed. With the following test data [title]. @06-05-2021 07:20:05.0923 AM
[ReportManager] API Action [getResponseJSONValue] successfully performed. With the following test data [title]. @06-05-2021 07:20:05.0932 AM
[ReportManager] API Action [getResponseJSONValue] successfully performed. With the following test data [title]. @06-05-2021 07:20:05.0948 A

################################################################################################################################################
Starting Execution:	[136 out of 137] test cases in the current suite
Test Method:		[unitTests.tests_restActions.validateUserEmail]
################################################################################################################################################
[ReportManager] Response status code: [200], status line: [HTTP/1.1 200 OK] @06-05-2021 07:20:06.0107 AM
[ReportManager] Evaluating the actual response status code against the expected one...... @06-05-2021 07:20:06.0107 AM
[ReportManager] AssertEquals PASSED; Expected [200] and Actual [200]. Comparison Type [EQUALS]. Validation Type [POSITIVE]. @06-05-2021 07:20:06.0107 AM
[ReportManager] API Action [performRequest] successfully performed. With the following test data [Request Type: "GET" | Target Status Code: "200" | Service URL: "https://jsonplaceholder.typicode.com/users" | Content Type: "*/*" | Response Time: "131ms"]. @06-05-2021 07:20:06.0124 AM
[ReportManager] Successfully created attachment [API Response - JSON Body] @06-05-2021 07:20:06.0124 AM
[ReportManager] AssertEquals PASSED; Expected and Actual values are attached. Comparison Type [CONTAINS]. Validation Type [POSITIVE]. @06-05-2021 07:20:06.0125 AM
[ReportManager] Successfully created attachment [Validation Test Data - Expected Value] @06-05-2021 07:20:06.0125 AM
[ReportManager] Successfully created attachment [Validation Test Data - Actual Value] @06-05-2021 07:20:06.0125 AM
[ReportManager] API Action [getResponseJSONValueAsList] successfully performed. With the following test data [$]. @06-05-2021 07:20:06.0128 AM
[ReportManager] API Action [getResponseJSONValue] successfully performed. With the following test data [name]. @06-05-2021 07:20:06.0136 AM
[ReportManager] API Action [getResponseJSONValue] successfully performed. With the following test data [email]. @06-05-2021 07:20:06.0144 AM
[ReportManager] AssertEquals PASSED; Expected [Sincere@april.biz] and Actual [Sincere@april.biz]. Comparison Type [EQUALS]. Validation Type [POSITIVE]. @06-05-2021 07:20:06.0144 AM
[ReportManager] API Action [getResponseJSONValue] successfully performed. With the following test data [name]. @06-05-2021 07:20:06.0151 AM
[ReportManager] API Action [getResponseJSONValue] successfully performed. With the following test data [name]. @06-05-2021 07:20:06.0162 AM
[ReportManager] API Action [getResponseJSONValue] successfully performed. With the following test data [name]. @06-05-2021 07:20:06.0172 AM
[ReportManager] API Action [getResponseJSONValue] successfully performed. With the following test data [name]. @06-05-2021 07:20:06.0183 AM
[ReportManager] API Action [getResponseJSONValue] successfully performed. With the following test data [name]. @06-05-2021 07:20:06.0190 AM
[ReportManager] API Action [getResponseJSONValue] successfully performed. With the following test data [name]. @06-05-2021 07:20:06.0199 AM
[ReportManager] API Action [getResponseJSONValue] successfully performed. With the following test data [name]. @06-05-2021 07:20:06.0208 AM
[ReportManager] API Action [getResponseJSONValue] successfully performed. With the following test data [name]. @06-05-2021 07:20:06.0225 AM
[ReportManager] API Action [getResponseJSONValue] successfully performed. With the following test data [name]. @06-05-2021 07:20:06.0248 A
[ReportManager] Successfully loaded the following test data file [src/test/resources/TestDataFiles/testSuite01/TestData.xlsx]. @06-05-2021 07:20:06.0283 AM
[ReportManager] Successfully created attachment [Test Data - Excel] @06-05-2021 07:20:06.0283 A

################################################################################################################################################
Starting Execution:	[137 out of 137] test cases in the current suite
Test Method:		[unitTests.tests_io_excelFileManager.getCellData_rowName_expectedToPass]
################################################################################################################################################
[ReportManager] testRowData. @06-05-2021 07:20:06.0288 A

################################################################################################################################################
Test Closure Activities
################################################################################################################################################
[ReportManager] Successfully created attachment [SHAFT Engine Logs - Execution log] @06-05-2021 07:20:06.0310 AM

################################################################################################################################################
This test run was powered by SHAFT Engine Version: [SHAFT Engine v5.2.20210427]
SHAFT Engine is licensed under the MIT License: [https://github.com/MohabMohie/SHAFT_ENGINE/blob/master/LICENSE].
################################################################################################################################################