################################################################################################################################################
Detected SHAFT Engine Version: [SHAFT Engine v5.1]
################################################################################################################################################
[ReportManager] File Action [getAbsolutePath] successfully performed. With the following test data [Relative Folder Path: "target/downloadedFiles/"]. @13-02-2021 17:07:16.0529 PM
[ReportManager] Attempting to run remotely on: [Linux-64], [GoogleChrome], [http://localhost:4444/wd/hub], Headless Execution. @13-02-2021 17:07:16.0592 PM
[ReportManager] Successfully Opened [GoogleChrome]. @13-02-2021 17:07:18.0252 P

################################################################################################################################################
Starting Execution:	[1 out of 134] test cases in the current suite
Test Method:		[unitTests.tests_element_elementActions.waitForElementToBePresent_false_expectedToFail]
################################################################################################################################################
[ReportManager] Target URL: [https://www.google.com/ncr], and after redirection: [www.google.com] @13-02-2021 17:07:18.0525 PM
[ReportManager] Initial URL: [data:,] @13-02-2021 17:07:18.0654 PM
[ReportManager] Browser Action [navigateToURL] successfully performed. With the following test data [https://www.google.com/ncr]. @13-02-2021 17:07:20.0120 PM
[ReportManager] Waiting for element to be present; elementLocator [By.id: hplogo], numberOfTries[1], stateOfPresence[false]... @13-02-2021 17:07:20.0132 PM
[ReportManager] Element Action [waitForElementToBePresent] successfully performed. With the following test data [waited up to (5) seconds, for the element's state of presence to be (false). Element locator (By.id: hplogo)]. @13-02-2021 17:07:20.0214 P
[ReportManager] Successfully created attachment [Selenium WebDriver Logs - server] @13-02-2021 17:07:20.0409 PM
[ReportManager] Successfully created attachment [Selenium WebDriver Logs - performance] @13-02-2021 17:07:20.0515 PM
[ReportManager] Successfully created attachment [Selenium WebDriver Logs - driver] @13-02-2021 17:07:20.0682 PM
[ReportManager] Browser Action [closeCurrentWindow] successfully performed. @13-02-2021 17:07:20.0751 PM
[ReportManager] Successfully created attachment [Browser Action Test Data - closeCurrentWindow - Actual Value] @13-02-2021 17:07:20.0756 P
[ReportManager] File Action [getAbsolutePath] successfully performed. With the following test data [Relative Folder Path: "target/downloadedFiles/"]. @13-02-2021 17:07:20.0776 PM
[ReportManager] Attempting to run remotely on: [Linux-64], [GoogleChrome], [http://localhost:4444/wd/hub], Headless Execution. @13-02-2021 17:07:20.0777 PM
[ReportManager] Successfully Opened [GoogleChrome]. @13-02-2021 17:07:21.0435 P

################################################################################################################################################
Starting Execution:	[2 out of 134] test cases in the current suite
Test Method:		[unitTests.tests_element_elementActions.waitForElementToBePresent_false_expectedToPass]
################################################################################################################################################
[ReportManager] Target URL: [https://www.google.com/ncr], and after redirection: [www.google.com] @13-02-2021 17:07:21.0471 PM
[ReportManager] Initial URL: [data:,] @13-02-2021 17:07:21.0559 PM
[ReportManager] Browser Action [navigateToURL] successfully performed. With the following test data [https://www.google.com/ncr]. @13-02-2021 17:07:22.0592 PM
[ReportManager] Waiting for element to be present; elementLocator [By.id: bla], numberOfTries[1], stateOfPresence[false]... @13-02-2021 17:07:22.0592 PM
[ReportManager] Element Action [waitForElementToBePresent] successfully performed. With the following test data [waited up to (5) seconds, for the element's state of presence to be (false). Element locator (By.id: bla)]. @13-02-2021 17:07:22.0649 P
[ReportManager] Successfully created attachment [Selenium WebDriver Logs - server] @13-02-2021 17:07:22.0761 PM
[ReportManager] Successfully created attachment [Selenium WebDriver Logs - performance] @13-02-2021 17:07:22.0812 PM
[ReportManager] Successfully created attachment [Selenium WebDriver Logs - driver] @13-02-2021 17:07:22.0939 PM
[ReportManager] Browser Action [closeCurrentWindow] successfully performed. @13-02-2021 17:07:22.0998 PM
[ReportManager] Successfully created attachment [Browser Action Test Data - closeCurrentWindow - Actual Value] @13-02-2021 17:07:22.0999 P
[ReportManager] File Action [getAbsolutePath] successfully performed. With the following test data [Relative Folder Path: "target/downloadedFiles/"]. @13-02-2021 17:07:23.0015 PM
[ReportManager] Attempting to run remotely on: [Linux-64], [GoogleChrome], [http://localhost:4444/wd/hub], Headless Execution. @13-02-2021 17:07:23.0015 PM
[ReportManager] Successfully Opened [GoogleChrome]. @13-02-2021 17:07:23.0764 P

################################################################################################################################################
Starting Execution:	[3 out of 134] test cases in the current suite
Test Method:		[unitTests.tests_element_elementActions.waitForElementToBePresent_moreThanOneElement_expectedToFail]
################################################################################################################################################
[ReportManager] Target URL: [https://www.google.com/ncr], and after redirection: [www.google.com] @13-02-2021 17:07:23.0794 PM
[ReportManager] Initial URL: [data:,] @13-02-2021 17:07:23.0881 PM
[ReportManager] Browser Action [navigateToURL] successfully performed. With the following test data [https://www.google.com/ncr]. @13-02-2021 17:07:24.0791 PM
[ReportManager] Waiting for element to be present; elementLocator [By.xpath: //*], numberOfTries[1], stateOfPresence[false]... @13-02-2021 17:07:24.0791 PM
[ReportManager] Element Action [waitForElementToBePresent] failed. With the following test data [waited up to (5) seconds, for the element's state of presence to be (false). Element locator (By.xpath: //*)]. @13-02-2021 17:07:25.0419 PM
[ReportManager] Successfully created attachment [Screenshot - 1613236044961_waitForElementToBePresent_moreThanOneElement_expectedToFail_waitForElementToBePresent_failed] @13-02-2021 17:07:25.0440 P
[ReportManager] Successfully created attachment [Selenium WebDriver Logs - server] @13-02-2021 17:07:25.0620 PM
[ReportManager] Successfully created attachment [Selenium WebDriver Logs - performance] @13-02-2021 17:07:25.0657 PM
[ReportManager] Successfully created attachment [Selenium WebDriver Logs - driver] @13-02-2021 17:07:25.0739 PM
[ReportManager] Browser Action [closeCurrentWindow] successfully performed. @13-02-2021 17:07:25.0800 PM
[ReportManager] Successfully created attachment [Browser Action Test Data - closeCurrentWindow - Actual Value] @13-02-2021 17:07:25.0802 P
[ReportManager] File Action [getAbsolutePath] successfully performed. With the following test data [Relative Folder Path: "target/downloadedFiles/"]. @13-02-2021 17:07:25.0816 PM
[ReportManager] Attempting to run remotely on: [Linux-64], [GoogleChrome], [http://localhost:4444/wd/hub], Headless Execution. @13-02-2021 17:07:25.0816 PM
[ReportManager] Successfully Opened [GoogleChrome]. @13-02-2021 17:07:26.0488 P

################################################################################################################################################
Starting Execution:	[4 out of 134] test cases in the current suite
Test Method:		[unitTests.tests_element_elementActions.waitForElementToBePresent_true_expectedToFail]
################################################################################################################################################
[ReportManager] Target URL: [https://www.google.com/ncr], and after redirection: [www.google.com] @13-02-2021 17:07:26.0514 PM
[ReportManager] Initial URL: [data:,] @13-02-2021 17:07:26.0599 PM
[ReportManager] Browser Action [navigateToURL] successfully performed. With the following test data [https://www.google.com/ncr]. @13-02-2021 17:07:27.0561 PM
[ReportManager] Waiting for element to be present; elementLocator [By.id: bla], numberOfTries[1], stateOfPresence[true]... @13-02-2021 17:07:27.0561 PM
[ReportManager] Element Action [waitForElementToBePresent] failed. With the following test data [waited up to (5) seconds, for the element's state of presence to be (true). Element locator (By.id: bla)]. @13-02-2021 17:07:27.0842 PM
[ReportManager] Successfully created attachment [Screenshot - 1613236047698_waitForElementToBePresent_true_expectedToFail_waitForElementToBePresent_failed] @13-02-2021 17:07:27.0843 P
[ReportManager] Successfully created attachment [Selenium WebDriver Logs - server] @13-02-2021 17:07:27.0949 PM
[ReportManager] Successfully created attachment [Selenium WebDriver Logs - performance] @13-02-2021 17:07:27.0995 PM
[ReportManager] Successfully created attachment [Selenium WebDriver Logs - driver] @13-02-2021 17:07:28.0092 PM
[ReportManager] Browser Action [closeCurrentWindow] successfully performed. @13-02-2021 17:07:28.0151 PM
[ReportManager] Successfully created attachment [Browser Action Test Data - closeCurrentWindow - Actual Value] @13-02-2021 17:07:28.0152 P
[ReportManager] File Action [getAbsolutePath] successfully performed. With the following test data [Relative Folder Path: "target/downloadedFiles/"]. @13-02-2021 17:07:28.0156 PM
[ReportManager] Attempting to run remotely on: [Linux-64], [GoogleChrome], [http://localhost:4444/wd/hub], Headless Execution. @13-02-2021 17:07:28.0156 PM
[ReportManager] Successfully Opened [GoogleChrome]. @13-02-2021 17:07:28.0448 P

################################################################################################################################################
Starting Execution:	[5 out of 134] test cases in the current suite
Test Method:		[unitTests.tests_element_elementActions.waitForElementToBePresent_true_expectedToPass]
################################################################################################################################################
[ReportManager] Target URL: [https://www.google.com/ncr], and after redirection: [www.google.com] @13-02-2021 17:07:28.0490 PM
[ReportManager] Initial URL: [data:,] @13-02-2021 17:07:28.0554 PM
[ReportManager] Browser Action [navigateToURL] successfully performed. With the following test data [https://www.google.com/ncr]. @13-02-2021 17:07:29.0468 PM
[ReportManager] Waiting for element to be present; elementLocator [By.id: hplogo], numberOfTries[1], stateOfPresence[true]... @13-02-2021 17:07:29.0469 PM
[ReportManager] Element Action [waitForElementToBePresent] failed. With the following test data [waited up to (5) seconds, for the element's state of presence to be (true). Element locator (By.id: hplogo)]. @13-02-2021 17:07:29.0676 PM
[ReportManager] Successfully created attachment [Screenshot - 1613236049607_waitForElementToBePresent_true_expectedToPass_waitForElementToBePresent_failed] @13-02-2021 17:07:29.0678 P
[ReportManager] Successfully created attachment [Selenium WebDriver Logs - server] @13-02-2021 17:07:29.0801 PM
[ReportManager] Successfully created attachment [Selenium WebDriver Logs - performance] @13-02-2021 17:07:29.0833 PM
[ReportManager] Successfully created attachment [Selenium WebDriver Logs - driver] @13-02-2021 17:07:29.0931 PM
[ReportManager] Browser Action [closeCurrentWindow] successfully performed. @13-02-2021 17:07:29.0992 PM
[ReportManager] Successfully created attachment [Browser Action Test Data - closeCurrentWindow - Actual Value] @13-02-2021 17:07:29.0993 P
[ReportManager] File Action [getAbsolutePath] successfully performed. With the following test data [Relative Folder Path: "target/downloadedFiles/"]. @13-02-2021 17:07:29.0999 PM
[ReportManager] Attempting to run remotely on: [Linux-64], [GoogleChrome], [http://localhost:4444/wd/hub], Headless Execution. @13-02-2021 17:07:30.0000 PM
[ReportManager] Successfully Opened [GoogleChrome]. @13-02-2021 17:07:30.0309 PM
[ReportManager] Target URL: [https://duckduckgo.com] @13-02-2021 17:07:30.0328 PM
[ReportManager] Initial URL: [data:,] @13-02-2021 17:07:30.0390 PM
[ReportManager] Browser Action [navigateToURL] successfully performed. With the following test data [https://duckduckgo.com]. @13-02-2021 17:07:31.0079 P

################################################################################################################################################
Starting Execution:	[6 out of 134] test cases in the current suite
Test Method:		[unitTests.tests_browserActions.fullScreenWindow]
################################################################################################################################################
[ReportManager] Initial Windows Size: 800x600 @13-02-2021 17:07:31.0103 PM
[ReportManager] Initial window size: (800, 600) @13-02-2021 17:07:31.0111 PM
[ReportManager] Window size after Toolkit: (1920, 1080) @13-02-2021 17:07:31.0344 PM
[ReportManager] Browser Action [maximizeWindow] successfully performed. With the following test data [New screen size is now: (1920, 1080)]. @13-02-2021 17:07:31.0350 PM
[ReportManager] Current Windows Size after fullScreen: 1920x1080 @13-02-2021 17:07:31.0362 PM
[ReportManager] Browser Action [fullScreenWindow] successfully performed. @13-02-2021 17:07:31.0392 PM
[ReportManager] Successfully created attachment [Browser Action Test Data - fullScreenWindow - Actual Value] @13-02-2021 17:07:31.0400 P
[ReportManager] Target URL: [https://duckduckgo.com] @13-02-2021 17:07:31.0402 PM
[ReportManager] Initial URL: [https://duckduckgo.com] @13-02-2021 17:07:31.0513 PM
[ReportManager] Browser Action [navigateToURL] successfully performed. With the following test data [https://duckduckgo.com]. @13-02-2021 17:07:31.0939 PM
[ReportManager] Successfully created attachment [Selenium WebDriver Logs - server] @13-02-2021 17:07:32.0016 PM
[ReportManager] Successfully created attachment [Selenium WebDriver Logs - performance] @13-02-2021 17:07:32.0139 PM
[ReportManager] Successfully created attachment [Selenium WebDriver Logs - driver] @13-02-2021 17:07:32.0325 PM
[ReportManager] Browser Action [closeCurrentWindow] successfully performed. @13-02-2021 17:07:32.0384 PM
[ReportManager] Successfully created attachment [Browser Action Test Data - closeCurrentWindow - Actual Value] @13-02-2021 17:07:32.0387 P
[ReportManager] File Action [getAbsolutePath] successfully performed. With the following test data [Relative Folder Path: "target/downloadedFiles/"]. @13-02-2021 17:07:32.0389 PM
[ReportManager] Attempting to run remotely on: [Linux-64], [GoogleChrome], [http://localhost:4444/wd/hub], Headless Execution. @13-02-2021 17:07:32.0389 PM
[ReportManager] Successfully Opened [GoogleChrome]. @13-02-2021 17:07:32.0660 PM
[ReportManager] Target URL: [https://duckduckgo.com] @13-02-2021 17:07:32.0689 PM
[ReportManager] Initial URL: [data:,] @13-02-2021 17:07:32.0755 PM
[ReportManager] Browser Action [navigateToURL] successfully performed. With the following test data [https://duckduckgo.com]. @13-02-2021 17:07:33.0360 P

################################################################################################################################################
Starting Execution:	[7 out of 134] test cases in the current suite
Test Method:		[unitTests.tests_browserActions.getCurrentURL]
################################################################################################################################################
[ReportManager] Browser Action [getCurrentURL] successfully performed. With the following test data [https://duckduckgo.com/]. @13-02-2021 17:07:33.0427 P
[ReportManager] Target URL: [https://duckduckgo.com] @13-02-2021 17:07:33.0430 PM
[ReportManager] Initial URL: [https://duckduckgo.com] @13-02-2021 17:07:33.0512 PM
[ReportManager] Browser Action [navigateToURL] successfully performed. With the following test data [https://duckduckgo.com]. @13-02-2021 17:07:33.0928 PM
[ReportManager] Successfully created attachment [Selenium WebDriver Logs - server] @13-02-2021 17:07:34.0002 PM
[ReportManager] Successfully created attachment [Selenium WebDriver Logs - performance] @13-02-2021 17:07:34.0110 PM
[ReportManager] Successfully created attachment [Selenium WebDriver Logs - driver] @13-02-2021 17:07:34.0249 PM
[ReportManager] Browser Action [closeCurrentWindow] successfully performed. @13-02-2021 17:07:34.0308 PM
[ReportManager] Successfully created attachment [Browser Action Test Data - closeCurrentWindow - Actual Value] @13-02-2021 17:07:34.0309 P
[ReportManager] File Action [getAbsolutePath] successfully performed. With the following test data [Relative Folder Path: "target/downloadedFiles/"]. @13-02-2021 17:07:34.0314 PM
[ReportManager] Attempting to run remotely on: [Linux-64], [GoogleChrome], [http://localhost:4444/wd/hub], Headless Execution. @13-02-2021 17:07:34.0314 PM
[ReportManager] Successfully Opened [GoogleChrome]. @13-02-2021 17:07:34.0601 PM
[ReportManager] Target URL: [https://duckduckgo.com] @13-02-2021 17:07:34.0626 PM
[ReportManager] Initial URL: [data:,] @13-02-2021 17:07:34.0689 PM
[ReportManager] Browser Action [navigateToURL] successfully performed. With the following test data [https://duckduckgo.com]. @13-02-2021 17:07:35.0328 P

################################################################################################################################################
Starting Execution:	[8 out of 134] test cases in the current suite
Test Method:		[unitTests.tests_browserActions.getCurrentWindowTitle]
################################################################################################################################################
[ReportManager] Browser Action [getCurrentWindowTitle] successfully performed. With the following test data [DuckDuckGo â€” Privacy, simplified.]. @13-02-2021 17:07:35.0392 P
[ReportManager] Target URL: [https://duckduckgo.com] @13-02-2021 17:07:35.0396 PM
[ReportManager] Initial URL: [https://duckduckgo.com] @13-02-2021 17:07:35.0487 PM
[ReportManager] Browser Action [navigateToURL] successfully performed. With the following test data [https://duckduckgo.com]. @13-02-2021 17:07:35.0901 PM
[ReportManager] Successfully created attachment [Selenium WebDriver Logs - server] @13-02-2021 17:07:35.0969 PM
[ReportManager] Successfully created attachment [Selenium WebDriver Logs - performance] @13-02-2021 17:07:36.0085 PM
[ReportManager] Successfully created attachment [Selenium WebDriver Logs - driver] @13-02-2021 17:07:36.0257 PM
[ReportManager] Browser Action [closeCurrentWindow] successfully performed. @13-02-2021 17:07:36.0315 PM
[ReportManager] Successfully created attachment [Browser Action Test Data - closeCurrentWindow - Actual Value] @13-02-2021 17:07:36.0316 P
[ReportManager] File Action [getAbsolutePath] successfully performed. With the following test data [Relative Folder Path: "target/downloadedFiles/"]. @13-02-2021 17:07:36.0321 PM
[ReportManager] Attempting to run remotely on: [Linux-64], [GoogleChrome], [http://localhost:4444/wd/hub], Headless Execution. @13-02-2021 17:07:36.0321 PM
[ReportManager] Successfully Opened [GoogleChrome]. @13-02-2021 17:07:36.0565 PM
[ReportManager] Target URL: [https://duckduckgo.com] @13-02-2021 17:07:36.0579 PM
[ReportManager] Initial URL: [data:,] @13-02-2021 17:07:36.0635 PM
[ReportManager] Browser Action [navigateToURL] successfully performed. With the following test data [https://duckduckgo.com]. @13-02-2021 17:07:37.0240 P

################################################################################################################################################
Starting Execution:	[9 out of 134] test cases in the current suite
Test Method:		[unitTests.tests_browserActions.getPageSource]
################################################################################################################################################
[ReportManager] Browser Action [getPageSource] successfully performed. @13-02-2021 17:07:37.0323 PM
[ReportManager] Successfully created attachment [Browser Action Test Data - getPageSource - Actual Value] @13-02-2021 17:07:37.0324 P
[ReportManager] Target URL: [https://duckduckgo.com] @13-02-2021 17:07:37.0327 PM
[ReportManager] Initial URL: [https://duckduckgo.com] @13-02-2021 17:07:37.0394 PM
[ReportManager] Browser Action [navigateToURL] successfully performed. With the following test data [https://duckduckgo.com]. @13-02-2021 17:07:37.0834 PM
[ReportManager] Successfully created attachment [Selenium WebDriver Logs - server] @13-02-2021 17:07:37.0908 PM
[ReportManager] Successfully created attachment [Selenium WebDriver Logs - performance] @13-02-2021 17:07:38.0006 PM
[ReportManager] Successfully created attachment [Selenium WebDriver Logs - driver] @13-02-2021 17:07:38.0149 PM
[ReportManager] Browser Action [closeCurrentWindow] successfully performed. @13-02-2021 17:07:38.0209 PM
[ReportManager] Successfully created attachment [Browser Action Test Data - closeCurrentWindow - Actual Value] @13-02-2021 17:07:38.0209 P
[ReportManager] File Action [getAbsolutePath] successfully performed. With the following test data [Relative Folder Path: "target/downloadedFiles/"]. @13-02-2021 17:07:38.0212 PM
[ReportManager] Attempting to run remotely on: [Linux-64], [GoogleChrome], [http://localhost:4444/wd/hub], Headless Execution. @13-02-2021 17:07:38.0212 PM
[ReportManager] Successfully Opened [GoogleChrome]. @13-02-2021 17:07:38.0465 PM
[ReportManager] Target URL: [https://duckduckgo.com] @13-02-2021 17:07:38.0480 PM
[ReportManager] Initial URL: [data:,] @13-02-2021 17:07:38.0530 PM
[ReportManager] Browser Action [navigateToURL] successfully performed. With the following test data [https://duckduckgo.com]. @13-02-2021 17:07:39.0124 P

################################################################################################################################################
Starting Execution:	[10 out of 134] test cases in the current suite
Test Method:		[unitTests.tests_browserActions.getWindowHandle]
################################################################################################################################################
[ReportManager] Browser Action [getWindowHandle] successfully performed. With the following test data [CDwindow-823067174ECF12A3EEFE03C6EF8873F6]. @13-02-2021 17:07:39.0178 P
[ReportManager] Target URL: [https://duckduckgo.com] @13-02-2021 17:07:39.0186 PM
[ReportManager] Initial URL: [https://duckduckgo.com] @13-02-2021 17:07:39.0287 PM
[ReportManager] Browser Action [navigateToURL] successfully performed. With the following test data [https://duckduckgo.com]. @13-02-2021 17:07:39.0684 PM
[ReportManager] Successfully created attachment [Selenium WebDriver Logs - server] @13-02-2021 17:07:39.0757 PM
[ReportManager] Successfully created attachment [Selenium WebDriver Logs - performance] @13-02-2021 17:07:39.0855 PM
[ReportManager] Successfully created attachment [Selenium WebDriver Logs - driver] @13-02-2021 17:07:39.0994 PM
[ReportManager] Browser Action [closeCurrentWindow] successfully performed. @13-02-2021 17:07:40.0053 PM
[ReportManager] Successfully created attachment [Browser Action Test Data - closeCurrentWindow - Actual Value] @13-02-2021 17:07:40.0053 P
[ReportManager] File Action [getAbsolutePath] successfully performed. With the following test data [Relative Folder Path: "target/downloadedFiles/"]. @13-02-2021 17:07:40.0055 PM
[ReportManager] Attempting to run remotely on: [Linux-64], [GoogleChrome], [http://localhost:4444/wd/hub], Headless Execution. @13-02-2021 17:07:40.0056 PM
[ReportManager] Successfully Opened [GoogleChrome]. @13-02-2021 17:07:40.0314 PM
[ReportManager] Target URL: [https://duckduckgo.com] @13-02-2021 17:07:40.0327 PM
[ReportManager] Initial URL: [data:,] @13-02-2021 17:07:40.0374 PM
[ReportManager] Browser Action [navigateToURL] successfully performed. With the following test data [https://duckduckgo.com]. @13-02-2021 17:07:40.0951 P

################################################################################################################################################
Starting Execution:	[11 out of 134] test cases in the current suite
Test Method:		[unitTests.tests_browserActions.getWindowPosition]
################################################################################################################################################
[ReportManager] Browser Action [getWindowPosition] successfully performed. With the following test data [(0, 0)]. @13-02-2021 17:07:40.0999 P
[ReportManager] Target URL: [https://duckduckgo.com] @13-02-2021 17:07:41.0013 PM
[ReportManager] Initial URL: [https://duckduckgo.com] @13-02-2021 17:07:41.0085 PM
[ReportManager] Browser Action [navigateToURL] successfully performed. With the following test data [https://duckduckgo.com]. @13-02-2021 17:07:41.0481 PM
[ReportManager] Successfully created attachment [Selenium WebDriver Logs - server] @13-02-2021 17:07:41.0550 PM
[ReportManager] Successfully created attachment [Selenium WebDriver Logs - performance] @13-02-2021 17:07:41.0658 PM
[ReportManager] Successfully created attachment [Selenium WebDriver Logs - driver] @13-02-2021 17:07:41.0802 PM
[ReportManager] Browser Action [closeCurrentWindow] successfully performed. @13-02-2021 17:07:41.0860 PM
[ReportManager] Successfully created attachment [Browser Action Test Data - closeCurrentWindow - Actual Value] @13-02-2021 17:07:41.0861 P
[ReportManager] File Action [getAbsolutePath] successfully performed. With the following test data [Relative Folder Path: "target/downloadedFiles/"]. @13-02-2021 17:07:41.0866 PM
[ReportManager] Attempting to run remotely on: [Linux-64], [GoogleChrome], [http://localhost:4444/wd/hub], Headless Execution. @13-02-2021 17:07:41.0866 PM
[ReportManager] Successfully Opened [GoogleChrome]. @13-02-2021 17:07:42.0120 PM
[ReportManager] Target URL: [https://duckduckgo.com] @13-02-2021 17:07:42.0132 PM
[ReportManager] Initial URL: [data:,] @13-02-2021 17:07:42.0186 PM
[ReportManager] Browser Action [navigateToURL] successfully performed. With the following test data [https://duckduckgo.com]. @13-02-2021 17:07:42.0766 P

################################################################################################################################################
Starting Execution:	[12 out of 134] test cases in the current suite
Test Method:		[unitTests.tests_browserActions.getWindowSize]
################################################################################################################################################
[ReportManager] Browser Action [getWindowSize] successfully performed. With the following test data [(800, 600)]. @13-02-2021 17:07:42.0853 P
[ReportManager] Target URL: [https://duckduckgo.com] @13-02-2021 17:07:42.0854 PM
[ReportManager] Initial URL: [https://duckduckgo.com] @13-02-2021 17:07:42.0922 PM
[ReportManager] Browser Action [navigateToURL] successfully performed. With the following test data [https://duckduckgo.com]. @13-02-2021 17:07:43.0314 PM
[ReportManager] Successfully created attachment [Selenium WebDriver Logs - server] @13-02-2021 17:07:43.0377 PM
[ReportManager] Successfully created attachment [Selenium WebDriver Logs - performance] @13-02-2021 17:07:43.0479 PM
[ReportManager] Successfully created attachment [Selenium WebDriver Logs - driver] @13-02-2021 17:07:43.0624 PM
[ReportManager] Browser Action [closeCurrentWindow] successfully performed. @13-02-2021 17:07:43.0682 PM
[ReportManager] Successfully created attachment [Browser Action Test Data - closeCurrentWindow - Actual Value] @13-02-2021 17:07:43.0683 P
[ReportManager] File Action [getAbsolutePath] successfully performed. With the following test data [Relative Folder Path: "target/downloadedFiles/"]. @13-02-2021 17:07:43.0685 PM
[ReportManager] Attempting to run remotely on: [Linux-64], [GoogleChrome], [http://localhost:4444/wd/hub], Headless Execution. @13-02-2021 17:07:43.0685 PM
[ReportManager] Successfully Opened [GoogleChrome]. @13-02-2021 17:07:44.0006 PM
[ReportManager] Target URL: [https://duckduckgo.com] @13-02-2021 17:07:44.0026 PM
[ReportManager] Initial URL: [data:,] @13-02-2021 17:07:44.0071 PM
[ReportManager] Browser Action [navigateToURL] successfully performed. With the following test data [https://duckduckgo.com]. @13-02-2021 17:07:44.0639 P

################################################################################################################################################
Starting Execution:	[13 out of 134] test cases in the current suite
Test Method:		[unitTests.tests_browserActions.maximizeWindow]
################################################################################################################################################
[ReportManager] Initial window size: (800, 600) @13-02-2021 17:07:44.0651 PM
[ReportManager] Window size after Toolkit: (1920, 1080) @13-02-2021 17:07:44.0888 PM
[ReportManager] Browser Action [maximizeWindow] successfully performed. With the following test data [New screen size is now: (1920, 1080)]. @13-02-2021 17:07:44.0892 P
[ReportManager] Target URL: [https://duckduckgo.com] @13-02-2021 17:07:44.0893 PM
[ReportManager] Initial URL: [https://duckduckgo.com] @13-02-2021 17:07:44.0962 PM
[ReportManager] Browser Action [navigateToURL] successfully performed. With the following test data [https://duckduckgo.com]. @13-02-2021 17:07:45.0340 PM
[ReportManager] Successfully created attachment [Selenium WebDriver Logs - server] @13-02-2021 17:07:45.0403 PM
[ReportManager] Successfully created attachment [Selenium WebDriver Logs - performance] @13-02-2021 17:07:45.0516 PM
[ReportManager] Successfully created attachment [Selenium WebDriver Logs - driver] @13-02-2021 17:07:45.0657 PM
[ReportManager] Browser Action [closeCurrentWindow] successfully performed. @13-02-2021 17:07:45.0715 PM
[ReportManager] Successfully created attachment [Browser Action Test Data - closeCurrentWindow - Actual Value] @13-02-2021 17:07:45.0716 P
[ReportManager] File Action [getAbsolutePath] successfully performed. With the following test data [Relative Folder Path: "target/downloadedFiles/"]. @13-02-2021 17:07:45.0722 PM
[ReportManager] Attempting to run remotely on: [Linux-64], [GoogleChrome], [http://localhost:4444/wd/hub], Headless Execution. @13-02-2021 17:07:45.0722 PM
[ReportManager] Successfully Opened [GoogleChrome]. @13-02-2021 17:07:45.0975 PM
[ReportManager] Target URL: [https://duckduckgo.com] @13-02-2021 17:07:45.0990 PM
[ReportManager] Initial URL: [data:,] @13-02-2021 17:07:46.0032 PM
[ReportManager] Browser Action [navigateToURL] successfully performed. With the following test data [https://duckduckgo.com]. @13-02-2021 17:07:46.0611 P

################################################################################################################################################
Starting Execution:	[14 out of 134] test cases in the current suite
Test Method:		[unitTests.tests_browserActions.navigateBack]
################################################################################################################################################
[ReportManager] Target URL: [https://www.google.com/ncr], and after redirection: [https://www.google.com] @13-02-2021 17:07:46.0620 PM
[ReportManager] Initial URL: [https://duckduckgo.com] @13-02-2021 17:07:46.0698 PM
[ReportManager] Browser Action [navigateToURL] successfully performed. With the following test data [https://www.google.com/ncr]. @13-02-2021 17:07:47.0527 PM
[ReportManager] Browser Action [navigateBack] successfully performed. With the following test data [https://duckduckgo.com/]. @13-02-2021 17:07:47.0939 PM
[ReportManager] Confirming that navigating back was successful... @13-02-2021 17:07:47.0946 PM
[ReportManager] Browser Action [getCurrentURL] successfully performed. With the following test data [https://duckduckgo.com/]. @13-02-2021 17:07:47.0986 PM
[ReportManager] AssertBrowserAttribute PASSED; Expected [Value Should be 'https://duckduckgo.com' for the 'CurrentUrl' attribute] and Actual [https://duckduckgo.com/]. Comparison Type [CONTAINS]. Validation Type [POSITIVE]. @13-02-2021 17:07:47.0990 P
[ReportManager] Target URL: [https://duckduckgo.com] @13-02-2021 17:07:47.0994 PM
[ReportManager] Initial URL: [https://duckduckgo.com] @13-02-2021 17:07:48.0073 PM
[ReportManager] Browser Action [navigateToURL] successfully performed. With the following test data [https://duckduckgo.com]. @13-02-2021 17:07:48.0432 PM
[ReportManager] Successfully created attachment [Selenium WebDriver Logs - server] @13-02-2021 17:07:48.0505 PM
[ReportManager] Successfully created attachment [Selenium WebDriver Logs - performance] @13-02-2021 17:07:48.0665 PM
[ReportManager] Successfully created attachment [Selenium WebDriver Logs - driver] @13-02-2021 17:07:48.0919 PM
[ReportManager] Browser Action [closeCurrentWindow] successfully performed. @13-02-2021 17:07:48.0979 PM
[ReportManager] Successfully created attachment [Browser Action Test Data - closeCurrentWindow - Actual Value] @13-02-2021 17:07:48.0980 P
[ReportManager] File Action [getAbsolutePath] successfully performed. With the following test data [Relative Folder Path: "target/downloadedFiles/"]. @13-02-2021 17:07:48.0983 PM
[ReportManager] Attempting to run remotely on: [Linux-64], [GoogleChrome], [http://localhost:4444/wd/hub], Headless Execution. @13-02-2021 17:07:48.0983 PM
[ReportManager] Successfully Opened [GoogleChrome]. @13-02-2021 17:07:49.0231 PM
[ReportManager] Target URL: [https://duckduckgo.com] @13-02-2021 17:07:49.0243 PM
[ReportManager] Initial URL: [data:,] @13-02-2021 17:07:49.0287 PM
[ReportManager] Browser Action [navigateToURL] successfully performed. With the following test data [https://duckduckgo.com]. @13-02-2021 17:07:49.0852 P

################################################################################################################################################
Starting Execution:	[15 out of 134] test cases in the current suite
Test Method:		[unitTests.tests_browserActions.navigateForward]
################################################################################################################################################
[ReportManager] Target URL: [https://www.google.com/ncr], and after redirection: [https://www.google.com] @13-02-2021 17:07:49.0862 PM
[ReportManager] Initial URL: [https://duckduckgo.com] @13-02-2021 17:07:49.0919 PM
[ReportManager] Browser Action [navigateToURL] successfully performed. With the following test data [https://www.google.com/ncr]. @13-02-2021 17:07:50.0768 PM
[ReportManager] Browser Action [navigateBack] successfully performed. With the following test data [https://duckduckgo.com/]. @13-02-2021 17:07:51.0174 PM
[ReportManager] Browser Action [navigateForward] successfully performed. With the following test data [https://www.google.com/]. @13-02-2021 17:07:51.0595 P
[ReportManager] Target URL: [https://duckduckgo.com] @13-02-2021 17:07:51.0598 PM
[ReportManager] Initial URL: [https://www.google.com] @13-02-2021 17:07:51.0696 PM
[ReportManager] Browser Action [navigateToURL] successfully performed. With the following test data [https://duckduckgo.com]. @13-02-2021 17:07:52.0218 PM
[ReportManager] Successfully created attachment [Selenium WebDriver Logs - server] @13-02-2021 17:07:52.0277 PM
[ReportManager] Successfully created attachment [Selenium WebDriver Logs - performance] @13-02-2021 17:07:52.0433 PM
[ReportManager] Successfully created attachment [Selenium WebDriver Logs - driver] @13-02-2021 17:07:52.0696 PM
[ReportManager] Browser Action [closeCurrentWindow] successfully performed. @13-02-2021 17:07:52.0757 PM
[ReportManager] Successfully created attachment [Browser Action Test Data - closeCurrentWindow - Actual Value] @13-02-2021 17:07:52.0758 P
[ReportManager] File Action [getAbsolutePath] successfully performed. With the following test data [Relative Folder Path: "target/downloadedFiles/"]. @13-02-2021 17:07:52.0762 PM
[ReportManager] Attempting to run remotely on: [Linux-64], [GoogleChrome], [http://localhost:4444/wd/hub], Headless Execution. @13-02-2021 17:07:52.0762 PM
[ReportManager] Successfully Opened [GoogleChrome]. @13-02-2021 17:07:53.0043 PM
[ReportManager] Target URL: [https://duckduckgo.com] @13-02-2021 17:07:53.0059 PM
[ReportManager] Initial URL: [data:,] @13-02-2021 17:07:53.0105 PM
[ReportManager] Browser Action [navigateToURL] successfully performed. With the following test data [https://duckduckgo.com]. @13-02-2021 17:07:53.0684 P

################################################################################################################################################
Starting Execution:	[16 out of 134] test cases in the current suite
Test Method:		[unitTests.tests_browserActions.navigateToURL]
################################################################################################################################################
[ReportManager] Target URL: [https://duckduckgo.com] @13-02-2021 17:07:53.0688 PM
[ReportManager] Initial URL: [https://duckduckgo.com] @13-02-2021 17:07:53.0748 PM
[ReportManager] Browser Action [navigateToURL] successfully performed. With the following test data [https://duckduckgo.com]. @13-02-2021 17:07:54.0110 P
[ReportManager] Target URL: [https://duckduckgo.com] @13-02-2021 17:07:54.0116 PM
[ReportManager] Initial URL: [https://duckduckgo.com] @13-02-2021 17:07:54.0182 PM
[ReportManager] Browser Action [navigateToURL] successfully performed. With the following test data [https://duckduckgo.com]. @13-02-2021 17:07:54.0556 PM
[ReportManager] Successfully created attachment [Selenium WebDriver Logs - server] @13-02-2021 17:07:54.0624 PM
[ReportManager] Successfully created attachment [Selenium WebDriver Logs - performance] @13-02-2021 17:07:54.0833 PM
[ReportManager] Successfully created attachment [Selenium WebDriver Logs - driver] @13-02-2021 17:07:55.0047 PM
[ReportManager] Browser Action [closeCurrentWindow] successfully performed. @13-02-2021 17:07:55.0105 PM
[ReportManager] Successfully created attachment [Browser Action Test Data - closeCurrentWindow - Actual Value] @13-02-2021 17:07:55.0106 P
[ReportManager] File Action [getAbsolutePath] successfully performed. With the following test data [Relative Folder Path: "target/downloadedFiles/"]. @13-02-2021 17:07:55.0108 PM
[ReportManager] Attempting to run remotely on: [Linux-64], [GoogleChrome], [http://localhost:4444/wd/hub], Headless Execution. @13-02-2021 17:07:55.0110 PM
[ReportManager] Successfully Opened [GoogleChrome]. @13-02-2021 17:07:55.0358 PM
[ReportManager] Target URL: [https://duckduckgo.com] @13-02-2021 17:07:55.0370 PM
[ReportManager] Initial URL: [data:,] @13-02-2021 17:07:55.0412 PM
[ReportManager] Browser Action [navigateToURL] successfully performed. With the following test data [https://duckduckgo.com]. @13-02-2021 17:07:55.0993 P

################################################################################################################################################
Starting Execution:	[17 out of 134] test cases in the current suite
Test Method:		[unitTests.tests_browserActions.navigateToURLWithRedirection]
################################################################################################################################################
[ReportManager] Target URL: [https://www.google.com/ncr], and after redirection: [https://www.google.com] @13-02-2021 17:07:56.0040 PM
[ReportManager] Initial URL: [https://duckduckgo.com] @13-02-2021 17:07:56.0112 PM
[ReportManager] Browser Action [navigateToURL] successfully performed. With the following test data [https://www.google.com/ncr]. @13-02-2021 17:07:56.0980 P
[ReportManager] Target URL: [https://duckduckgo.com] @13-02-2021 17:07:56.0981 PM
[ReportManager] Initial URL: [https://www.google.com] @13-02-2021 17:07:57.0074 PM
[ReportManager] Browser Action [navigateToURL] successfully performed. With the following test data [https://duckduckgo.com]. @13-02-2021 17:07:57.0662 PM
[ReportManager] Successfully created attachment [Selenium WebDriver Logs - server] @13-02-2021 17:07:57.0715 PM
[ReportManager] Successfully created attachment [Selenium WebDriver Logs - performance] @13-02-2021 17:07:57.0815 PM
[ReportManager] Successfully created attachment [Selenium WebDriver Logs - driver] @13-02-2021 17:07:57.0979 PM
[ReportManager] Browser Action [closeCurrentWindow] successfully performed. @13-02-2021 17:07:58.0036 PM
[ReportManager] Successfully created attachment [Browser Action Test Data - closeCurrentWindow - Actual Value] @13-02-2021 17:07:58.0037 P
[ReportManager] File Action [getAbsolutePath] successfully performed. With the following test data [Relative Folder Path: "target/downloadedFiles/"]. @13-02-2021 17:07:58.0039 PM
[ReportManager] Attempting to run remotely on: [Linux-64], [GoogleChrome], [http://localhost:4444/wd/hub], Headless Execution. @13-02-2021 17:07:58.0039 PM
[ReportManager] Successfully Opened [GoogleChrome]. @13-02-2021 17:07:58.0263 PM
[ReportManager] Target URL: [https://duckduckgo.com] @13-02-2021 17:07:58.0277 PM
[ReportManager] Initial URL: [data:,] @13-02-2021 17:07:58.0338 PM
[ReportManager] Browser Action [navigateToURL] successfully performed. With the following test data [https://duckduckgo.com]. @13-02-2021 17:07:58.0950 P

################################################################################################################################################
Starting Execution:	[18 out of 134] test cases in the current suite
Test Method:		[unitTests.tests_browserActions.refreshCurrentPage]
################################################################################################################################################
[ReportManager] Browser Action [refreshCurrentPage] successfully performed. @13-02-2021 17:07:59.0231 PM
[ReportManager] Successfully created attachment [Browser Action Test Data - refreshCurrentPage - Actual Value] @13-02-2021 17:07:59.0232 P
[ReportManager] Target URL: [https://duckduckgo.com] @13-02-2021 17:07:59.0233 PM
[ReportManager] Initial URL: [https://duckduckgo.com] @13-02-2021 17:07:59.0307 PM
[ReportManager] Browser Action [navigateToURL] successfully performed. With the following test data [https://duckduckgo.com]. @13-02-2021 17:07:59.0676 PM
[ReportManager] Successfully created attachment [Selenium WebDriver Logs - server] @13-02-2021 17:07:59.0750 PM
[ReportManager] Successfully created attachment [Selenium WebDriver Logs - performance] @13-02-2021 17:07:59.0922 PM
[ReportManager] Successfully created attachment [Selenium WebDriver Logs - driver] @13-02-2021 17:08:00.0145 PM
[ReportManager] Browser Action [closeCurrentWindow] successfully performed. @13-02-2021 17:08:00.0203 PM
[ReportManager] Successfully created attachment [Browser Action Test Data - closeCurrentWindow - Actual Value] @13-02-2021 17:08:00.0203 P
[ReportManager] File Action [getAbsolutePath] successfully performed. With the following test data [Relative Folder Path: "target/downloadedFiles/"]. @13-02-2021 17:08:00.0205 PM
[ReportManager] Attempting to run remotely on: [Linux-64], [GoogleChrome], [http://localhost:4444/wd/hub], Headless Execution. @13-02-2021 17:08:00.0206 PM
[ReportManager] Successfully Opened [GoogleChrome]. @13-02-2021 17:08:00.0428 PM
[ReportManager] Target URL: [https://duckduckgo.com] @13-02-2021 17:08:00.0438 PM
[ReportManager] Initial URL: [data:,] @13-02-2021 17:08:00.0490 PM
[ReportManager] Browser Action [navigateToURL] successfully performed. With the following test data [https://duckduckgo.com]. @13-02-2021 17:08:01.0088 P

################################################################################################################################################
Starting Execution:	[19 out of 134] test cases in the current suite
Test Method:		[unitTests.tests_browserActions.setWindowSize]
################################################################################################################################################
[ReportManager] Initial window size: (800, 600) @13-02-2021 17:08:01.0102 PM
[ReportManager] Window size after SWD: (1280, 720) @13-02-2021 17:08:01.0319 PM
[ReportManager] Browser Action [setWindowSize] successfully performed. With the following test data [New screen size is now: (1280, 720)]. @13-02-2021 17:08:01.0320 P
[ReportManager] Target URL: [https://duckduckgo.com] @13-02-2021 17:08:01.0321 PM
[ReportManager] Initial URL: [https://duckduckgo.com] @13-02-2021 17:08:01.0393 PM
[ReportManager] Browser Action [navigateToURL] successfully performed. With the following test data [https://duckduckgo.com]. @13-02-2021 17:08:01.0763 PM
[ReportManager] Successfully created attachment [Selenium WebDriver Logs - server] @13-02-2021 17:08:01.0824 PM
[ReportManager] Successfully created attachment [Selenium WebDriver Logs - performance] @13-02-2021 17:08:01.0929 PM
[ReportManager] Successfully created attachment [Selenium WebDriver Logs - driver] @13-02-2021 17:08:02.0069 PM
[ReportManager] Browser Action [closeCurrentWindow] successfully performed. @13-02-2021 17:08:02.0127 PM
[ReportManager] Successfully created attachment [Browser Action Test Data - closeCurrentWindow - Actual Value] @13-02-2021 17:08:02.0127 P

################################################################################################################################################
Starting Execution:	[20 out of 134] test cases in the current suite
Test Method:		[unitTests.tests_restActions.getPostsAndAssertBodyForSpecificTitle]
################################################################################################################################################
[ReportManager] Response status code: [200], status line: [HTTP/1.1 200 OK] @13-02-2021 17:08:04.0636 PM
[ReportManager] Evaluating the actual response status code against the expected one...... @13-02-2021 17:08:04.0641 PM
[ReportManager] AssertEquals PASSED; Expected [200] and Actual [200]. Comparison Type [EQUALS]. Validation Type [POSITIVE]. @13-02-2021 17:08:04.0641 PM
[ReportManager] API Action [performRequest] successfully performed. With the following test data [Request Type: "GET" | Target Status Code: "200" | Service URL: "https://jsonplaceholder.typicode.com/posts" | Content Type: "*/*" | Response Time: "926ms"]. @13-02-2021 17:08:05.0658 PM
[ReportManager] Successfully created attachment [API Response - JSON Body] @13-02-2021 17:08:05.0884 PM
[ReportManager] API Action [getResponseJSONValueAsList] successfully performed. @13-02-2021 17:08:05.0922 PM
[ReportManager] API Action [getResponseJSONValue] successfully performed. With the following test data [title]. @13-02-2021 17:08:05.0947 PM
[ReportManager] API Action [getResponseJSONValue] successfully performed. With the following test data [title]. @13-02-2021 17:08:05.0965 PM
[ReportManager] API Action [getResponseJSONValue] successfully performed. With the following test data [body]. @13-02-2021 17:08:05.0983 PM
[ReportManager] AssertEquals PASSED; Expected [qui neque nisi nulla] and Actual [est rerum tempore vitae
sequi sint nihil reprehenderit dolor beatae ea dolores neque
fugiat blanditiis voluptate porro vel nihil molestiae ut reiciendis
qui aperiam non debitis possimus qui neque nisi nulla]. Comparison Type [CONTAINS]. Validation Type [POSITIVE]. @13-02-2021 17:08:05.0983 PM
[ReportManager] API Action [getResponseJSONValue] successfully performed. With the following test data [title]. @13-02-2021 17:08:06.0000 PM
[ReportManager] API Action [getResponseJSONValue] successfully performed. With the following test data [title]. @13-02-2021 17:08:06.0016 PM
[ReportManager] API Action [getResponseJSONValue] successfully performed. With the following test data [title]. @13-02-2021 17:08:06.0034 PM
[ReportManager] API Action [getResponseJSONValue] successfully performed. With the following test data [title]. @13-02-2021 17:08:06.0049 PM
[ReportManager] API Action [getResponseJSONValue] successfully performed. With the following test data [title]. @13-02-2021 17:08:06.0065 PM
[ReportManager] API Action [getResponseJSONValue] successfully performed. With the following test data [title]. @13-02-2021 17:08:06.0083 PM
[ReportManager] API Action [getResponseJSONValue] successfully performed. With the following test data [title]. @13-02-2021 17:08:06.0099 PM
[ReportManager] API Action [getResponseJSONValue] successfully performed. With the following test data [title]. @13-02-2021 17:08:06.0116 PM
[ReportManager] API Action [getResponseJSONValue] successfully performed. With the following test data [title]. @13-02-2021 17:08:06.0128 PM
[ReportManager] API Action [getResponseJSONValue] successfully performed. With the following test data [title]. @13-02-2021 17:08:06.0141 PM
[ReportManager] API Action [getResponseJSONValue] successfully performed. With the following test data [title]. @13-02-2021 17:08:06.0158 PM
[ReportManager] API Action [getResponseJSONValue] successfully performed. With the following test data [title]. @13-02-2021 17:08:06.0185 PM
[ReportManager] API Action [getResponseJSONValue] successfully performed. With the following test data [title]. @13-02-2021 17:08:06.0196 PM
[ReportManager] API Action [getResponseJSONValue] successfully performed. With the following test data [title]. @13-02-2021 17:08:06.0210 PM
[ReportManager] API Action [getResponseJSONValue] successfully performed. With the following test data [title]. @13-02-2021 17:08:06.0227 PM
[ReportManager] API Action [getResponseJSONValue] successfully performed. With the following test data [title]. @13-02-2021 17:08:06.0245 PM
[ReportManager] API Action [getResponseJSONValue] successfully performed. With the following test data [title]. @13-02-2021 17:08:06.0255 PM
[ReportManager] API Action [getResponseJSONValue] successfully performed. With the following test data [title]. @13-02-2021 17:08:06.0271 PM
[ReportManager] API Action [getResponseJSONValue] successfully performed. With the following test data [title]. @13-02-2021 17:08:06.0283 PM
[ReportManager] API Action [getResponseJSONValue] successfully performed. With the following test data [title]. @13-02-2021 17:08:06.0302 PM
[ReportManager] API Action [getResponseJSONValue] successfully performed. With the following test data [title]. @13-02-2021 17:08:06.0314 PM
[ReportManager] API Action [getResponseJSONValue] successfully performed. With the following test data [title]. @13-02-2021 17:08:06.0329 PM
[ReportManager] API Action [getResponseJSONValue] successfully performed. With the following test data [title]. @13-02-2021 17:08:06.0343 PM
[ReportManager] API Action [getResponseJSONValue] successfully performed. With the following test data [title]. @13-02-2021 17:08:06.0362 PM
[ReportManager] API Action [getResponseJSONValue] successfully performed. With the following test data [title]. @13-02-2021 17:08:06.0371 PM
[ReportManager] API Action [getResponseJSONValue] successfully performed. With the following test data [title]. @13-02-2021 17:08:06.0378 PM
[ReportManager] API Action [getResponseJSONValue] successfully performed. With the following test data [title]. @13-02-2021 17:08:06.0386 PM
[ReportManager] API Action [getResponseJSONValue] successfully performed. With the following test data [title]. @13-02-2021 17:08:06.0393 PM
[ReportManager] API Action [getResponseJSONValue] successfully performed. With the following test data [title]. @13-02-2021 17:08:06.0403 PM
[ReportManager] API Action [getResponseJSONValue] successfully performed. With the following test data [title]. @13-02-2021 17:08:06.0410 PM
[ReportManager] API Action [getResponseJSONValue] successfully performed. With the following test data [title]. @13-02-2021 17:08:06.0418 PM
[ReportManager] API Action [getResponseJSONValue] successfully performed. With the following test data [title]. @13-02-2021 17:08:06.0425 PM
[ReportManager] API Action [getResponseJSONValue] successfully performed. With the following test data [title]. @13-02-2021 17:08:06.0433 PM
[ReportManager] API Action [getResponseJSONValue] successfully performed. With the following test data [title]. @13-02-2021 17:08:06.0440 PM
[ReportManager] API Action [getResponseJSONValue] successfully performed. With the following test data [title]. @13-02-2021 17:08:06.0448 PM
[ReportManager] API Action [getResponseJSONValue] successfully performed. With the following test data [title]. @13-02-2021 17:08:06.0455 PM
[ReportManager] API Action [getResponseJSONValue] successfully performed. With the following test data [title]. @13-02-2021 17:08:06.0484 PM
[ReportManager] API Action [getResponseJSONValue] successfully performed. With the following test data [title]. @13-02-2021 17:08:06.0493 PM
[ReportManager] API Action [getResponseJSONValue] successfully performed. With the following test data [title]. @13-02-2021 17:08:06.0501 PM
[ReportManager] API Action [getResponseJSONValue] successfully performed. With the following test data [title]. @13-02-2021 17:08:06.0509 PM
[ReportManager] API Action [getResponseJSONValue] successfully performed. With the following test data [title]. @13-02-2021 17:08:06.0517 PM
[ReportManager] API Action [getResponseJSONValue] successfully performed. With the following test data [title]. @13-02-2021 17:08:06.0524 PM
[ReportManager] API Action [getResponseJSONValue] successfully performed. With the following test data [title]. @13-02-2021 17:08:06.0532 PM
[ReportManager] API Action [getResponseJSONValue] successfully performed. With the following test data [title]. @13-02-2021 17:08:06.0540 PM
[ReportManager] API Action [getResponseJSONValue] successfully performed. With the following test data [title]. @13-02-2021 17:08:06.0547 PM
[ReportManager] API Action [getResponseJSONValue] successfully performed. With the following test data [title]. @13-02-2021 17:08:06.0555 PM
[ReportManager] API Action [getResponseJSONValue] successfully performed. With the following test data [title]. @13-02-2021 17:08:06.0562 PM
[ReportManager] API Action [getResponseJSONValue] successfully performed. With the following test data [title]. @13-02-2021 17:08:06.0570 PM
[ReportManager] API Action [getResponseJSONValue] successfully performed. With the following test data [title]. @13-02-2021 17:08:06.0577 PM
[ReportManager] API Action [getResponseJSONValue] successfully performed. With the following test data [title]. @13-02-2021 17:08:06.0584 PM
[ReportManager] API Action [getResponseJSONValue] successfully performed. With the following test data [title]. @13-02-2021 17:08:06.0591 PM
[ReportManager] API Action [getResponseJSONValue] successfully performed. With the following test data [title]. @13-02-2021 17:08:06.0599 PM
[ReportManager] API Action [getResponseJSONValue] successfully performed. With the following test data [title]. @13-02-2021 17:08:06.0606 PM
[ReportManager] API Action [getResponseJSONValue] successfully performed. With the following test data [title]. @13-02-2021 17:08:06.0614 PM
[ReportManager] API Action [getResponseJSONValue] successfully performed. With the following test data [title]. @13-02-2021 17:08:06.0622 PM
[ReportManager] API Action [getResponseJSONValue] successfully performed. With the following test data [title]. @13-02-2021 17:08:06.0630 PM
[ReportManager] API Action [getResponseJSONValue] successfully performed. With the following test data [title]. @13-02-2021 17:08:06.0638 PM
[ReportManager] API Action [getResponseJSONValue] successfully performed. With the following test data [title]. @13-02-2021 17:08:06.0645 PM
[ReportManager] API Action [getResponseJSONValue] successfully performed. With the following test data [title]. @13-02-2021 17:08:06.0652 PM
[ReportManager] API Action [getResponseJSONValue] successfully performed. With the following test data [title]. @13-02-2021 17:08:06.0677 PM
[ReportManager] API Action [getResponseJSONValue] successfully performed. With the following test data [title]. @13-02-2021 17:08:06.0684 PM
[ReportManager] API Action [getResponseJSONValue] successfully performed. With the following test data [title]. @13-02-2021 17:08:06.0691 PM
[ReportManager] API Action [getResponseJSONValue] successfully performed. With the following test data [title]. @13-02-2021 17:08:06.0698 PM
[ReportManager] API Action [getResponseJSONValue] successfully performed. With the following test data [title]. @13-02-2021 17:08:06.0705 PM
[ReportManager] API Action [getResponseJSONValue] successfully performed. With the following test data [title]. @13-02-2021 17:08:06.0713 PM
[ReportManager] API Action [getResponseJSONValue] successfully performed. With the following test data [title]. @13-02-2021 17:08:06.0720 PM
[ReportManager] API Action [getResponseJSONValue] successfully performed. With the following test data [title]. @13-02-2021 17:08:06.0728 PM
[ReportManager] API Action [getResponseJSONValue] successfully performed. With the following test data [title]. @13-02-2021 17:08:06.0735 PM
[ReportManager] API Action [getResponseJSONValue] successfully performed. With the following test data [title]. @13-02-2021 17:08:06.0742 PM
[ReportManager] API Action [getResponseJSONValue] successfully performed. With the following test data [title]. @13-02-2021 17:08:06.0749 PM
[ReportManager] API Action [getResponseJSONValue] successfully performed. With the following test data [title]. @13-02-2021 17:08:06.0756 PM
[ReportManager] API Action [getResponseJSONValue] successfully performed. With the following test data [title]. @13-02-2021 17:08:06.0763 PM
[ReportManager] API Action [getResponseJSONValue] successfully performed. With the following test data [title]. @13-02-2021 17:08:06.0770 PM
[ReportManager] API Action [getResponseJSONValue] successfully performed. With the following test data [title]. @13-02-2021 17:08:06.0777 PM
[ReportManager] API Action [getResponseJSONValue] successfully performed. With the following test data [title]. @13-02-2021 17:08:06.0784 PM
[ReportManager] API Action [getResponseJSONValue] successfully performed. With the following test data [title]. @13-02-2021 17:08:06.0790 PM
[ReportManager] API Action [getResponseJSONValue] successfully performed. With the following test data [title]. @13-02-2021 17:08:06.0797 PM
[ReportManager] API Action [getResponseJSONValue] successfully performed. With the following test data [title]. @13-02-2021 17:08:06.0804 PM
[ReportManager] API Action [getResponseJSONValue] successfully performed. With the following test data [title]. @13-02-2021 17:08:06.0811 PM
[ReportManager] API Action [getResponseJSONValue] successfully performed. With the following test data [title]. @13-02-2021 17:08:06.0818 PM
[ReportManager] API Action [getResponseJSONValue] successfully performed. With the following test data [title]. @13-02-2021 17:08:06.0825 PM
[ReportManager] API Action [getResponseJSONValue] successfully performed. With the following test data [title]. @13-02-2021 17:08:06.0833 PM
[ReportManager] API Action [getResponseJSONValue] successfully performed. With the following test data [title]. @13-02-2021 17:08:06.0840 PM
[ReportManager] API Action [getResponseJSONValue] successfully performed. With the following test data [title]. @13-02-2021 17:08:06.0847 PM
[ReportManager] API Action [getResponseJSONValue] successfully performed. With the following test data [title]. @13-02-2021 17:08:06.0853 PM
[ReportManager] API Action [getResponseJSONValue] successfully performed. With the following test data [title]. @13-02-2021 17:08:06.0860 PM
[ReportManager] API Action [getResponseJSONValue] successfully performed. With the following test data [title]. @13-02-2021 17:08:06.0867 PM
[ReportManager] API Action [getResponseJSONValue] successfully performed. With the following test data [title]. @13-02-2021 17:08:06.0874 PM
[ReportManager] API Action [getResponseJSONValue] successfully performed. With the following test data [title]. @13-02-2021 17:08:06.0880 PM
[ReportManager] API Action [getResponseJSONValue] successfully performed. With the following test data [title]. @13-02-2021 17:08:06.0887 PM
[ReportManager] API Action [getResponseJSONValue] successfully performed. With the following test data [title]. @13-02-2021 17:08:06.0894 PM
[ReportManager] API Action [getResponseJSONValue] successfully performed. With the following test data [title]. @13-02-2021 17:08:06.0900 PM
[ReportManager] API Action [getResponseJSONValue] successfully performed. With the following test data [title]. @13-02-2021 17:08:06.0907 PM
[ReportManager] API Action [getResponseJSONValue] successfully performed. With the following test data [title]. @13-02-2021 17:08:06.0914 PM
[ReportManager] API Action [getResponseJSONValue] successfully performed. With the following test data [title]. @13-02-2021 17:08:06.0921 PM
[ReportManager] API Action [getResponseJSONValue] successfully performed. With the following test data [title]. @13-02-2021 17:08:06.0927 PM
[ReportManager] API Action [getResponseJSONValue] successfully performed. With the following test data [title]. @13-02-2021 17:08:06.0934 PM
[ReportManager] API Action [getResponseJSONValue] successfully performed. With the following test data [title]. @13-02-2021 17:08:06.0941 P

################################################################################################################################################
Starting Execution:	[21 out of 134] test cases in the current suite
Test Method:		[unitTests.tests_restActions.validateUserEmail]
################################################################################################################################################
[ReportManager] Response status code: [200], status line: [HTTP/1.1 200 OK] @13-02-2021 17:08:07.0062 PM
[ReportManager] Evaluating the actual response status code against the expected one...... @13-02-2021 17:08:07.0062 PM
[ReportManager] AssertEquals PASSED; Expected [200] and Actual [200]. Comparison Type [EQUALS]. Validation Type [POSITIVE]. @13-02-2021 17:08:07.0063 PM
[ReportManager] API Action [performRequest] successfully performed. With the following test data [Request Type: "GET" | Target Status Code: "200" | Service URL: "https://jsonplaceholder.typicode.com/users" | Content Type: "*/*" | Response Time: "66ms"]. @13-02-2021 17:08:07.0092 PM
[ReportManager] Successfully created attachment [API Response - JSON Body] @13-02-2021 17:08:07.0093 PM
[ReportManager] AssertEquals PASSED; Expected and Actual values are attached. Comparison Type [CONTAINS]. Validation Type [POSITIVE]. @13-02-2021 17:08:07.0093 PM
[ReportManager] Successfully created attachment [Validation Test Data - Expected Value] @13-02-2021 17:08:07.0094 PM
[ReportManager] Successfully created attachment [Validation Test Data - Actual Value] @13-02-2021 17:08:07.0094 PM
[ReportManager] API Action [getResponseJSONValueAsList] successfully performed. With the following test data [$]. @13-02-2021 17:08:07.0101 PM
[ReportManager] API Action [getResponseJSONValue] successfully performed. With the following test data [name]. @13-02-2021 17:08:07.0111 PM
[ReportManager] API Action [getResponseJSONValue] successfully performed. With the following test data [email]. @13-02-2021 17:08:07.0122 PM
[ReportManager] AssertEquals PASSED; Expected [Sincere@april.biz] and Actual [Sincere@april.biz]. Comparison Type [EQUALS]. Validation Type [POSITIVE]. @13-02-2021 17:08:07.0123 PM
[ReportManager] API Action [getResponseJSONValue] successfully performed. With the following test data [name]. @13-02-2021 17:08:07.0164 PM
[ReportManager] API Action [getResponseJSONValue] successfully performed. With the following test data [name]. @13-02-2021 17:08:07.0180 PM
[ReportManager] API Action [getResponseJSONValue] successfully performed. With the following test data [name]. @13-02-2021 17:08:07.0199 PM
[ReportManager] API Action [getResponseJSONValue] successfully performed. With the following test data [name]. @13-02-2021 17:08:07.0208 PM
[ReportManager] API Action [getResponseJSONValue] successfully performed. With the following test data [name]. @13-02-2021 17:08:07.0217 PM
[ReportManager] API Action [getResponseJSONValue] successfully performed. With the following test data [name]. @13-02-2021 17:08:07.0227 PM
[ReportManager] API Action [getResponseJSONValue] successfully performed. With the following test data [name]. @13-02-2021 17:08:07.0236 PM
[ReportManager] API Action [getResponseJSONValue] successfully performed. With the following test data [name]. @13-02-2021 17:08:07.0247 PM
[ReportManager] API Action [getResponseJSONValue] successfully performed. With the following test data [name]. @13-02-2021 17:08:07.0256 P
[ReportManager] Successfully loaded the following test data file [src/test/resources/TestDataFiles/testSuite01/TestData.xlsx]. @13-02-2021 17:08:08.0204 PM
[ReportManager] Successfully created attachment [Test Data - Excel] @13-02-2021 17:08:08.0205 P

################################################################################################################################################
Starting Execution:	[22 out of 134] test cases in the current suite
Test Method:		[unitTests.tests_io_excelFileManager.getCellData_rowName_expectedToPass]
################################################################################################################################################
[ReportManager] testRowData. @13-02-2021 17:08:08.0216 P

################################################################################################################################################
Starting Execution:	[23 out of 134] test cases in the current suite
Test Method:		[unitTests.tests_validations_assertions.assertComparativeRelation_greaterThanOrEquals_false_equals_expectedToFail]
################################################################################################################################################
[ReportManager] AssertComparativeRelation FAILED; Expected [1] and Actual [1]. Comparison Type [GREATER_THAN_OR_EQUALS]. Validation Type [NEGATIVE]. @13-02-2021 17:08:08.0221 P

################################################################################################################################################
Starting Execution:	[24 out of 134] test cases in the current suite
Test Method:		[unitTests.tests_validations_assertions.assertComparativeRelation_greaterThanOrEquals_false_equals_expectedToPass]
################################################################################################################################################
[ReportManager] AssertComparativeRelation PASSED; Expected [2] and Actual [1]. Comparison Type [GREATER_THAN_OR_EQUALS]. Validation Type [NEGATIVE]. @13-02-2021 17:08:08.0226 P

################################################################################################################################################
Starting Execution:	[25 out of 134] test cases in the current suite
Test Method:		[unitTests.tests_validations_assertions.assertComparativeRelation_greaterThanOrEquals_false_greaterThan_expectedToFail]
################################################################################################################################################
[ReportManager] AssertComparativeRelation FAILED; Expected [1] and Actual [2]. Comparison Type [GREATER_THAN_OR_EQUALS]. Validation Type [NEGATIVE]. @13-02-2021 17:08:08.0230 P

################################################################################################################################################
Starting Execution:	[26 out of 134] test cases in the current suite
Test Method:		[unitTests.tests_validations_assertions.assertComparativeRelation_greaterThanOrEquals_false_greaterThan_expectedToPass]
################################################################################################################################################
[ReportManager] AssertComparativeRelation PASSED; Expected [2] and Actual [1]. Comparison Type [GREATER_THAN_OR_EQUALS]. Validation Type [NEGATIVE]. @13-02-2021 17:08:08.0233 P

################################################################################################################################################
Starting Execution:	[27 out of 134] test cases in the current suite
Test Method:		[unitTests.tests_validations_assertions.assertComparativeRelation_greaterThanOrEquals_true_equals_expectedToFail]
################################################################################################################################################
[ReportManager] AssertComparativeRelation FAILED; Expected [1] and Actual [0]. Comparison Type [GREATER_THAN_OR_EQUALS]. Validation Type [POSITIVE]. @13-02-2021 17:08:08.0237 P

################################################################################################################################################
Starting Execution:	[28 out of 134] test cases in the current suite
Test Method:		[unitTests.tests_validations_assertions.assertComparativeRelation_greaterThanOrEquals_true_equals_expectedToPass]
################################################################################################################################################
[ReportManager] AssertComparativeRelation PASSED; Expected [1] and Actual [1]. Comparison Type [GREATER_THAN_OR_EQUALS]. Validation Type [POSITIVE]. @13-02-2021 17:08:08.0241 P

################################################################################################################################################
Starting Execution:	[29 out of 134] test cases in the current suite
Test Method:		[unitTests.tests_validations_assertions.assertComparativeRelation_greaterThanOrEquals_true_greaterThan_expectedToFail]
################################################################################################################################################
[ReportManager] AssertComparativeRelation FAILED; Expected [2] and Actual [1]. Comparison Type [GREATER_THAN_OR_EQUALS]. Validation Type [POSITIVE]. @13-02-2021 17:08:08.0244 P

################################################################################################################################################
Starting Execution:	[30 out of 134] test cases in the current suite
Test Method:		[unitTests.tests_validations_assertions.assertComparativeRelation_greaterThanOrEquals_true_greaterThan_expectedToPass]
################################################################################################################################################
[ReportManager] AssertComparativeRelation PASSED; Expected [1] and Actual [2]. Comparison Type [GREATER_THAN_OR_EQUALS]. Validation Type [POSITIVE]. @13-02-2021 17:08:08.0248 P
[ReportManager] File Action [getAbsolutePath] successfully performed. With the following test data [Relative Folder Path: "target/downloadedFiles/"]. @13-02-2021 17:08:08.0251 PM
[ReportManager] Attempting to run remotely on: [Linux-64], [GoogleChrome], [http://localhost:4444/wd/hub], Headless Execution. @13-02-2021 17:08:08.0251 PM
[ReportManager] Successfully Opened [GoogleChrome]. @13-02-2021 17:08:08.0565 PM
[ReportManager] Target URL: [https://www.google.com/ncr], and after redirection: [www.google.com] @13-02-2021 17:08:08.0578 PM
[ReportManager] Initial URL: [data:,] @13-02-2021 17:08:08.0646 PM
[ReportManager] Browser Action [navigateToURL] successfully performed. With the following test data [https://www.google.com/ncr]. @13-02-2021 17:08:09.0526 P

################################################################################################################################################
Starting Execution:	[31 out of 134] test cases in the current suite
Test Method:		[unitTests.tests_validations_assertions.assertElementAttribute_false_caseInsensitiveComparison_expectedToFail]
################################################################################################################################################
[ReportManager] Element Action [type] successfully performed. With the following test data [AUTOMATION]. @13-02-2021 17:08:10.0235 PM
[ReportManager] Element Action [getText] successfully performed. With the following test data [AUTOMATION]. @13-02-2021 17:08:10.0377 PM
[ReportManager] Loaded Shared OpenCV @13-02-2021 17:08:11.0068 PM
[ReportManager] AssertElementAttribute FAILED; Expected [Value Should not be 'AutomaTion' for the 'text' attribute, element locator 'By.name: q'] and Actual [AUTOMATION]. Comparison Type [CASE_INSENSITIVE]. Validation Type [NEGATIVE]. @13-02-2021 17:08:11.0334 PM
[ReportManager] Successfully created attachment [Screenshot - 1613236090543_assertElementAttribute_false_caseInsensitiveComparison_expectedToFail_AssertElementAttribute_failed] @13-02-2021 17:08:11.0344 P
[ReportManager] Successfully created attachment [Selenium WebDriver Logs - server] @13-02-2021 17:08:11.0473 PM
[ReportManager] Successfully created attachment [Selenium WebDriver Logs - performance] @13-02-2021 17:08:11.0587 PM
[ReportManager] Successfully created attachment [Selenium WebDriver Logs - driver] @13-02-2021 17:08:11.0746 PM
[ReportManager] Browser Action [closeCurrentWindow] successfully performed. @13-02-2021 17:08:11.0821 PM
[ReportManager] Successfully created attachment [Browser Action Test Data - closeCurrentWindow - Actual Value] @13-02-2021 17:08:11.0822 P
[ReportManager] File Action [getAbsolutePath] successfully performed. With the following test data [Relative Folder Path: "target/downloadedFiles/"]. @13-02-2021 17:08:11.0825 PM
[ReportManager] Attempting to run remotely on: [Linux-64], [GoogleChrome], [http://localhost:4444/wd/hub], Headless Execution. @13-02-2021 17:08:11.0825 PM
[ReportManager] Successfully Opened [GoogleChrome]. @13-02-2021 17:08:12.0148 PM
[ReportManager] Target URL: [https://www.google.com/ncr], and after redirection: [www.google.com] @13-02-2021 17:08:12.0170 PM
[ReportManager] Initial URL: [data:,] @13-02-2021 17:08:12.0213 PM
[ReportManager] Browser Action [navigateToURL] successfully performed. With the following test data [https://www.google.com/ncr]. @13-02-2021 17:08:13.0114 P

################################################################################################################################################
Starting Execution:	[32 out of 134] test cases in the current suite
Test Method:		[unitTests.tests_validations_assertions.assertElementAttribute_false_caseInsensitiveComparison_expectedToPass]
################################################################################################################################################
[ReportManager] Element Action [type] successfully performed. With the following test data [AUTOMATION]. @13-02-2021 17:08:13.0785 PM
[ReportManager] Element Action [getText] successfully performed. With the following test data [AUTOMATION]. @13-02-2021 17:08:13.0911 PM
[ReportManager] Loaded Shared OpenCV @13-02-2021 17:08:14.0077 PM
[ReportManager] AssertElementAttribute PASSED; Expected [Value Should not be 'AutomaTion123' for the 'text' attribute, element locator 'By.name: q'] and Actual [AUTOMATION]. Comparison Type [CASE_INSENSITIVE]. Validation Type [NEGATIVE]. @13-02-2021 17:08:14.0163 PM
[ReportManager] Successfully created attachment [Screenshot - 1613236094076_assertElementAttribute_false_caseInsensitiveComparison_expectedToPass_AssertElementAttribute_passed] @13-02-2021 17:08:14.0166 P
[ReportManager] Successfully created attachment [Selenium WebDriver Logs - server] @13-02-2021 17:08:14.0251 PM
[ReportManager] Successfully created attachment [Selenium WebDriver Logs - performance] @13-02-2021 17:08:14.0361 PM
[ReportManager] Successfully created attachment [Selenium WebDriver Logs - driver] @13-02-2021 17:08:14.0496 PM
[ReportManager] Browser Action [closeCurrentWindow] successfully performed. @13-02-2021 17:08:14.0552 PM
[ReportManager] Successfully created attachment [Browser Action Test Data - closeCurrentWindow - Actual Value] @13-02-2021 17:08:14.0553 P
[ReportManager] File Action [getAbsolutePath] successfully performed. With the following test data [Relative Folder Path: "target/downloadedFiles/"]. @13-02-2021 17:08:14.0555 PM
[ReportManager] Attempting to run remotely on: [Linux-64], [GoogleChrome], [http://localhost:4444/wd/hub], Headless Execution. @13-02-2021 17:08:14.0556 PM
[ReportManager] Successfully Opened [GoogleChrome]. @13-02-2021 17:08:14.0836 PM
[ReportManager] Target URL: [https://www.google.com/ncr], and after redirection: [www.google.com] @13-02-2021 17:08:14.0851 PM
[ReportManager] Initial URL: [data:,] @13-02-2021 17:08:14.0897 PM
[ReportManager] Browser Action [navigateToURL] successfully performed. With the following test data [https://www.google.com/ncr]. @13-02-2021 17:08:15.0722 P

################################################################################################################################################
Starting Execution:	[33 out of 134] test cases in the current suite
Test Method:		[unitTests.tests_validations_assertions.assertElementAttribute_false_containsComparison_expectedToFail]
################################################################################################################################################
[ReportManager] Element Action [type] successfully performed. With the following test data [Automation123]. @13-02-2021 17:08:16.0394 PM
[ReportManager] Element Action [getText] successfully performed. With the following test data [Automation123]. @13-02-2021 17:08:16.0542 PM
[ReportManager] Loaded Shared OpenCV @13-02-2021 17:08:16.0694 PM
[ReportManager] AssertElementAttribute FAILED; Expected [Value Should not be 'Automation' for the 'text' attribute, element locator 'By.name: q'] and Actual [Automation123]. Comparison Type [CONTAINS]. Validation Type [NEGATIVE]. @13-02-2021 17:08:16.0771 PM
[ReportManager] Successfully created attachment [Screenshot - 1613236096694_assertElementAttribute_false_containsComparison_expectedToFail_AssertElementAttribute_failed] @13-02-2021 17:08:16.0772 P
[ReportManager] Successfully created attachment [Selenium WebDriver Logs - server] @13-02-2021 17:08:16.0861 PM
[ReportManager] Successfully created attachment [Selenium WebDriver Logs - performance] @13-02-2021 17:08:16.0940 PM
[ReportManager] Successfully created attachment [Selenium WebDriver Logs - driver] @13-02-2021 17:08:17.0077 PM
[ReportManager] Browser Action [closeCurrentWindow] successfully performed. @13-02-2021 17:08:17.0139 PM
[ReportManager] Successfully created attachment [Browser Action Test Data - closeCurrentWindow - Actual Value] @13-02-2021 17:08:17.0145 P
[ReportManager] File Action [getAbsolutePath] successfully performed. With the following test data [Relative Folder Path: "target/downloadedFiles/"]. @13-02-2021 17:08:17.0148 PM
[ReportManager] Attempting to run remotely on: [Linux-64], [GoogleChrome], [http://localhost:4444/wd/hub], Headless Execution. @13-02-2021 17:08:17.0148 PM
[ReportManager] Successfully Opened [GoogleChrome]. @13-02-2021 17:08:17.0455 PM
[ReportManager] Target URL: [https://www.google.com/ncr], and after redirection: [www.google.com] @13-02-2021 17:08:17.0468 PM
[ReportManager] Initial URL: [data:,] @13-02-2021 17:08:17.0519 PM
[ReportManager] Browser Action [navigateToURL] successfully performed. With the following test data [https://www.google.com/ncr]. @13-02-2021 17:08:18.0520 P

################################################################################################################################################
Starting Execution:	[34 out of 134] test cases in the current suite
Test Method:		[unitTests.tests_validations_assertions.assertElementAttribute_false_containsComparison_expectedToPass]
################################################################################################################################################
[ReportManager] Element Action [type] successfully performed. With the following test data [Automation123]. @13-02-2021 17:08:19.0250 PM
[ReportManager] Element Action [getText] successfully performed. With the following test data [Automation123]. @13-02-2021 17:08:19.0384 PM
[ReportManager] Loaded Shared OpenCV @13-02-2021 17:08:19.0523 PM
[ReportManager] AssertElementAttribute PASSED; Expected [Value Should not be 'Automation1234' for the 'text' attribute, element locator 'By.name: q'] and Actual [Automation123]. Comparison Type [CONTAINS]. Validation Type [NEGATIVE]. @13-02-2021 17:08:19.0598 PM
[ReportManager] Successfully created attachment [Screenshot - 1613236099523_assertElementAttribute_false_containsComparison_expectedToPass_AssertElementAttribute_passed] @13-02-2021 17:08:19.0599 P
[ReportManager] Successfully created attachment [Selenium WebDriver Logs - server] @13-02-2021 17:08:19.0688 PM
[ReportManager] Successfully created attachment [Selenium WebDriver Logs - performance] @13-02-2021 17:08:19.0778 PM
[ReportManager] Successfully created attachment [Selenium WebDriver Logs - driver] @13-02-2021 17:08:19.0915 PM
[ReportManager] Browser Action [closeCurrentWindow] successfully performed. @13-02-2021 17:08:19.0973 PM
[ReportManager] Successfully created attachment [Browser Action Test Data - closeCurrentWindow - Actual Value] @13-02-2021 17:08:19.0974 P
[ReportManager] File Action [getAbsolutePath] successfully performed. With the following test data [Relative Folder Path: "target/downloadedFiles/"]. @13-02-2021 17:08:19.0976 PM
[ReportManager] Attempting to run remotely on: [Linux-64], [GoogleChrome], [http://localhost:4444/wd/hub], Headless Execution. @13-02-2021 17:08:19.0976 PM
[ReportManager] Successfully Opened [GoogleChrome]. @13-02-2021 17:08:20.0201 PM
[ReportManager] Target URL: [https://www.google.com/ncr], and after redirection: [www.google.com] @13-02-2021 17:08:20.0216 PM
[ReportManager] Initial URL: [data:,] @13-02-2021 17:08:20.0264 PM
[ReportManager] Browser Action [navigateToURL] successfully performed. With the following test data [https://www.google.com/ncr]. @13-02-2021 17:08:21.0091 P

################################################################################################################################################
Starting Execution:	[35 out of 134] test cases in the current suite
Test Method:		[unitTests.tests_validations_assertions.assertElementAttribute_false_literalComparison_expectedToFail]
################################################################################################################################################
[ReportManager] Element Action [type] successfully performed. With the following test data [Automation!@#$%^&*()_+{}[]\';/.,]. @13-02-2021 17:08:22.0541 PM
[ReportManager] Element Action [getText] successfully performed. With the following test data [Automation!@#$%^&*()_+{}[]\';/.,]. @13-02-2021 17:08:22.0690 PM
[ReportManager] Loaded Shared OpenCV @13-02-2021 17:08:22.0855 PM
[ReportManager] AssertElementAttribute PASSED; Expected [Value Should not be 'Automation!@#$%^&*()_+{}[]\\';/.,' for the 'text' attribute, element locator 'By.name: q'] and Actual [Automation!@#$%^&*()_+{}[]\';/.,]. Comparison Type [EQUALS]. Validation Type [NEGATIVE]. @13-02-2021 17:08:22.0939 PM
[ReportManager] Successfully created attachment [Screenshot - 1613236102855_assertElementAttribute_false_literalComparison_expectedToFail_AssertElementAttribute_passed] @13-02-2021 17:08:22.0940 P
[ReportManager] Successfully created attachment [Selenium WebDriver Logs - server] @13-02-2021 17:08:23.0019 PM
[ReportManager] Successfully created attachment [Selenium WebDriver Logs - performance] @13-02-2021 17:08:23.0168 PM
[ReportManager] Successfully created attachment [Selenium WebDriver Logs - driver] @13-02-2021 17:08:23.0359 PM
[ReportManager] Browser Action [closeCurrentWindow] successfully performed. @13-02-2021 17:08:23.0419 PM
[ReportManager] Successfully created attachment [Browser Action Test Data - closeCurrentWindow - Actual Value] @13-02-2021 17:08:23.0420 P
[ReportManager] File Action [getAbsolutePath] successfully performed. With the following test data [Relative Folder Path: "target/downloadedFiles/"]. @13-02-2021 17:08:23.0450 PM
[ReportManager] Attempting to run remotely on: [Linux-64], [GoogleChrome], [http://localhost:4444/wd/hub], Headless Execution. @13-02-2021 17:08:23.0451 PM
[ReportManager] Successfully Opened [GoogleChrome]. @13-02-2021 17:08:23.0699 PM
[ReportManager] Target URL: [https://www.google.com/ncr], and after redirection: [www.google.com] @13-02-2021 17:08:23.0710 PM
[ReportManager] Initial URL: [data:,] @13-02-2021 17:08:23.0753 PM
[ReportManager] Browser Action [navigateToURL] successfully performed. With the following test data [https://www.google.com/ncr]. @13-02-2021 17:08:24.0623 P

################################################################################################################################################
Starting Execution:	[36 out of 134] test cases in the current suite
Test Method:		[unitTests.tests_validations_assertions.assertElementAttribute_false_literalComparison_expectedToPass]
################################################################################################################################################
[ReportManager] Element Action [type] successfully performed. With the following test data [Automation!@#$%^&*()_+{}[]\';/.,]. @13-02-2021 17:08:26.0068 PM
[ReportManager] Element Action [getText] successfully performed. With the following test data [Automation!@#$%^&*()_+{}[]\';/.,]. @13-02-2021 17:08:26.0198 PM
[ReportManager] Loaded Shared OpenCV @13-02-2021 17:08:26.0354 PM
[ReportManager] AssertElementAttribute PASSED; Expected [Value Should not be 'Automation' for the 'text' attribute, element locator 'By.name: q'] and Actual [Automation!@#$%^&*()_+{}[]\';/.,]. Comparison Type [EQUALS]. Validation Type [NEGATIVE]. @13-02-2021 17:08:26.0433 PM
[ReportManager] Successfully created attachment [Screenshot - 1613236106354_assertElementAttribute_false_literalComparison_expectedToPass_AssertElementAttribute_passed] @13-02-2021 17:08:26.0434 P
[ReportManager] Successfully created attachment [Selenium WebDriver Logs - server] @13-02-2021 17:08:26.0510 PM
[ReportManager] Successfully created attachment [Selenium WebDriver Logs - performance] @13-02-2021 17:08:26.0656 PM
[ReportManager] Successfully created attachment [Selenium WebDriver Logs - driver] @13-02-2021 17:08:26.0828 PM
[ReportManager] Browser Action [closeCurrentWindow] successfully performed. @13-02-2021 17:08:26.0851 PM
[ReportManager] Successfully created attachment [Browser Action Test Data - closeCurrentWindow - Actual Value] @13-02-2021 17:08:26.0852 P
[ReportManager] File Action [getAbsolutePath] successfully performed. With the following test data [Relative Folder Path: "target/downloadedFiles/"]. @13-02-2021 17:08:26.0854 PM
[ReportManager] Attempting to run remotely on: [Linux-64], [GoogleChrome], [http://localhost:4444/wd/hub], Headless Execution. @13-02-2021 17:08:26.0854 PM
[ReportManager] Successfully Opened [GoogleChrome]. @13-02-2021 17:08:27.0103 PM
[ReportManager] Target URL: [https://www.google.com/ncr], and after redirection: [www.google.com] @13-02-2021 17:08:27.0118 PM
[ReportManager] Initial URL: [data:,] @13-02-2021 17:08:27.0163 PM
[ReportManager] Browser Action [navigateToURL] successfully performed. With the following test data [https://www.google.com/ncr]. @13-02-2021 17:08:28.0011 P

################################################################################################################################################
Starting Execution:	[37 out of 134] test cases in the current suite
Test Method:		[unitTests.tests_validations_assertions.assertElementAttribute_false_regexComparison_expectedToFail]
################################################################################################################################################
[ReportManager] Element Action [type] successfully performed. With the following test data [Automation123]. @13-02-2021 17:08:28.0695 PM
[ReportManager] Element Action [getText] successfully performed. With the following test data [Automation123]. @13-02-2021 17:08:28.0818 PM
[ReportManager] Loaded Shared OpenCV @13-02-2021 17:08:28.0956 PM
[ReportManager] AssertElementAttribute FAILED; Expected [Value Should not be 'Automation.*' for the 'text' attribute, element locator 'By.name: q'] and Actual [Automation123]. Comparison Type [MATCHES]. Validation Type [NEGATIVE]. @13-02-2021 17:08:29.0033 PM
[ReportManager] Successfully created attachment [Screenshot - 1613236108956_assertElementAttribute_false_regexComparison_expectedToFail_AssertElementAttribute_failed] @13-02-2021 17:08:29.0034 P
[ReportManager] Successfully created attachment [Selenium WebDriver Logs - server] @13-02-2021 17:08:29.0146 PM
[ReportManager] Successfully created attachment [Selenium WebDriver Logs - performance] @13-02-2021 17:08:29.0227 PM
[ReportManager] Successfully created attachment [Selenium WebDriver Logs - driver] @13-02-2021 17:08:29.0359 PM
[ReportManager] Browser Action [closeCurrentWindow] successfully performed. @13-02-2021 17:08:29.0416 PM
[ReportManager] Successfully created attachment [Browser Action Test Data - closeCurrentWindow - Actual Value] @13-02-2021 17:08:29.0416 P
[ReportManager] File Action [getAbsolutePath] successfully performed. With the following test data [Relative Folder Path: "target/downloadedFiles/"]. @13-02-2021 17:08:29.0418 PM
[ReportManager] Attempting to run remotely on: [Linux-64], [GoogleChrome], [http://localhost:4444/wd/hub], Headless Execution. @13-02-2021 17:08:29.0419 PM
[ReportManager] Successfully Opened [GoogleChrome]. @13-02-2021 17:08:29.0667 PM
[ReportManager] Target URL: [https://www.google.com/ncr], and after redirection: [www.google.com] @13-02-2021 17:08:29.0679 PM
[ReportManager] Initial URL: [data:,] @13-02-2021 17:08:29.0730 PM
[ReportManager] Browser Action [navigateToURL] successfully performed. With the following test data [https://www.google.com/ncr]. @13-02-2021 17:08:30.0539 P

################################################################################################################################################
Starting Execution:	[38 out of 134] test cases in the current suite
Test Method:		[unitTests.tests_validations_assertions.assertElementAttribute_false_regexComparison_expectedToPass]
################################################################################################################################################
[ReportManager] Element Action [type] successfully performed. With the following test data [Automation123]. @13-02-2021 17:08:31.0186 PM
[ReportManager] Element Action [getText] successfully performed. With the following test data [Automation123]. @13-02-2021 17:08:31.0303 PM
[ReportManager] Loaded Shared OpenCV @13-02-2021 17:08:31.0439 PM
[ReportManager] AssertElementAttribute PASSED; Expected [Value Should not be 'Automation' for the 'text' attribute, element locator 'By.name: q'] and Actual [Automation123]. Comparison Type [MATCHES]. Validation Type [NEGATIVE]. @13-02-2021 17:08:31.0525 PM
[ReportManager] Successfully created attachment [Screenshot - 1613236111439_assertElementAttribute_false_regexComparison_expectedToPass_AssertElementAttribute_passed] @13-02-2021 17:08:31.0525 P
[ReportManager] Successfully created attachment [Selenium WebDriver Logs - server] @13-02-2021 17:08:31.0620 PM
[ReportManager] Successfully created attachment [Selenium WebDriver Logs - performance] @13-02-2021 17:08:31.0703 PM
[ReportManager] Successfully created attachment [Selenium WebDriver Logs - driver] @13-02-2021 17:08:31.0830 PM
[ReportManager] Browser Action [closeCurrentWindow] successfully performed. @13-02-2021 17:08:31.0889 PM
[ReportManager] Successfully created attachment [Browser Action Test Data - closeCurrentWindow - Actual Value] @13-02-2021 17:08:31.0890 P
[ReportManager] File Action [getAbsolutePath] successfully performed. With the following test data [Relative Folder Path: "target/downloadedFiles/"]. @13-02-2021 17:08:31.0893 PM
[ReportManager] Attempting to run remotely on: [Linux-64], [GoogleChrome], [http://localhost:4444/wd/hub], Headless Execution. @13-02-2021 17:08:31.0904 PM
[ReportManager] Successfully Opened [GoogleChrome]. @13-02-2021 17:08:32.0282 PM
[ReportManager] Target URL: [https://www.google.com/ncr], and after redirection: [www.google.com] @13-02-2021 17:08:32.0297 PM
[ReportManager] Initial URL: [data:,] @13-02-2021 17:08:32.0342 PM
[ReportManager] Browser Action [navigateToURL] successfully performed. With the following test data [https://www.google.com/ncr]. @13-02-2021 17:08:33.0276 P

################################################################################################################################################
Starting Execution:	[39 out of 134] test cases in the current suite
Test Method:		[unitTests.tests_validations_assertions.assertElementAttribute_true_caseInsensitiveComparison_expectedToFail]
################################################################################################################################################
[ReportManager] Element Action [type] successfully performed. With the following test data [AUTOMATION]. @13-02-2021 17:08:33.0877 PM
[ReportManager] Element Action [getText] successfully performed. With the following test data [AUTOMATION]. @13-02-2021 17:08:34.0002 PM
[ReportManager] Loaded Shared OpenCV @13-02-2021 17:08:34.0148 PM
[ReportManager] AssertElementAttribute FAILED; Expected [Value Should be 'AutomaTion123' for the 'text' attribute, element locator 'By.name: q'] and Actual [AUTOMATION]. Comparison Type [CASE_INSENSITIVE]. Validation Type [POSITIVE]. @13-02-2021 17:08:34.0229 PM
[ReportManager] Successfully created attachment [Screenshot - 1613236114148_assertElementAttribute_true_caseInsensitiveComparison_expectedToFail_AssertElementAttribute_failed] @13-02-2021 17:08:34.0230 P
[ReportManager] Successfully created attachment [Selenium WebDriver Logs - server] @13-02-2021 17:08:34.0314 PM
[ReportManager] Successfully created attachment [Selenium WebDriver Logs - performance] @13-02-2021 17:08:34.0386 PM
[ReportManager] Successfully created attachment [Selenium WebDriver Logs - driver] @13-02-2021 17:08:34.0506 PM
[ReportManager] Browser Action [closeCurrentWindow] successfully performed. @13-02-2021 17:08:34.0562 PM
[ReportManager] Successfully created attachment [Browser Action Test Data - closeCurrentWindow - Actual Value] @13-02-2021 17:08:34.0563 P
[ReportManager] File Action [getAbsolutePath] successfully performed. With the following test data [Relative Folder Path: "target/downloadedFiles/"]. @13-02-2021 17:08:34.0565 PM
[ReportManager] Attempting to run remotely on: [Linux-64], [GoogleChrome], [http://localhost:4444/wd/hub], Headless Execution. @13-02-2021 17:08:34.0565 PM
[ReportManager] Successfully Opened [GoogleChrome]. @13-02-2021 17:08:34.0791 PM
[ReportManager] Target URL: [https://www.google.com/ncr], and after redirection: [www.google.com] @13-02-2021 17:08:34.0801 PM
[ReportManager] Initial URL: [data:,] @13-02-2021 17:08:34.0840 PM
[ReportManager] Browser Action [navigateToURL] successfully performed. With the following test data [https://www.google.com/ncr]. @13-02-2021 17:08:35.0648 P

################################################################################################################################################
Starting Execution:	[40 out of 134] test cases in the current suite
Test Method:		[unitTests.tests_validations_assertions.assertElementAttribute_true_caseInsensitiveComparison_expectedToPass]
################################################################################################################################################
[ReportManager] Element Action [type] successfully performed. With the following test data [AUTOMATION]. @13-02-2021 17:08:36.0273 PM
[ReportManager] Element Action [getText] successfully performed. With the following test data [AUTOMATION]. @13-02-2021 17:08:36.0404 PM
[ReportManager] Loaded Shared OpenCV @13-02-2021 17:08:36.0529 PM
[ReportManager] AssertElementAttribute PASSED; Expected [Value Should be 'AutomaTion' for the 'text' attribute, element locator 'By.name: q'] and Actual [AUTOMATION]. Comparison Type [CASE_INSENSITIVE]. Validation Type [POSITIVE]. @13-02-2021 17:08:36.0607 PM
[ReportManager] Successfully created attachment [Screenshot - 1613236116529_assertElementAttribute_true_caseInsensitiveComparison_expectedToPass_AssertElementAttribute_passed] @13-02-2021 17:08:36.0608 P
[ReportManager] Successfully created attachment [Selenium WebDriver Logs - server] @13-02-2021 17:08:36.0692 PM
[ReportManager] Successfully created attachment [Selenium WebDriver Logs - performance] @13-02-2021 17:08:36.0767 PM
[ReportManager] Successfully created attachment [Selenium WebDriver Logs - driver] @13-02-2021 17:08:36.0892 PM
[ReportManager] Browser Action [closeCurrentWindow] successfully performed. @13-02-2021 17:08:36.0948 PM
[ReportManager] Successfully created attachment [Browser Action Test Data - closeCurrentWindow - Actual Value] @13-02-2021 17:08:36.0949 P
[ReportManager] File Action [getAbsolutePath] successfully performed. With the following test data [Relative Folder Path: "target/downloadedFiles/"]. @13-02-2021 17:08:36.0951 PM
[ReportManager] Attempting to run remotely on: [Linux-64], [GoogleChrome], [http://localhost:4444/wd/hub], Headless Execution. @13-02-2021 17:08:36.0951 PM
[ReportManager] Successfully Opened [GoogleChrome]. @13-02-2021 17:08:37.0180 PM
[ReportManager] Target URL: [https://www.google.com/ncr], and after redirection: [www.google.com] @13-02-2021 17:08:37.0190 PM
[ReportManager] Initial URL: [data:,] @13-02-2021 17:08:37.0229 PM
[ReportManager] Browser Action [navigateToURL] successfully performed. With the following test data [https://www.google.com/ncr]. @13-02-2021 17:08:38.0013 P

################################################################################################################################################
Starting Execution:	[41 out of 134] test cases in the current suite
Test Method:		[unitTests.tests_validations_assertions.assertElementAttribute_true_containsComparison_expectedToFail]
################################################################################################################################################
[ReportManager] Element Action [type] successfully performed. With the following test data [Automation123]. @13-02-2021 17:08:38.0644 PM
[ReportManager] Element Action [getText] successfully performed. With the following test data [Automation123]. @13-02-2021 17:08:38.0763 PM
[ReportManager] Loaded Shared OpenCV @13-02-2021 17:08:38.0888 PM
[ReportManager] AssertElementAttribute FAILED; Expected [Value Should be 'Automation1234' for the 'text' attribute, element locator 'By.name: q'] and Actual [Automation123]. Comparison Type [CONTAINS]. Validation Type [POSITIVE]. @13-02-2021 17:08:38.0963 PM
[ReportManager] Successfully created attachment [Screenshot - 1613236118888_assertElementAttribute_true_containsComparison_expectedToFail_AssertElementAttribute_failed] @13-02-2021 17:08:38.0964 P
[ReportManager] Successfully created attachment [Selenium WebDriver Logs - server] @13-02-2021 17:08:39.0036 PM
[ReportManager] Successfully created attachment [Selenium WebDriver Logs - performance] @13-02-2021 17:08:39.0118 PM
[ReportManager] Successfully created attachment [Selenium WebDriver Logs - driver] @13-02-2021 17:08:39.0244 PM
[ReportManager] Browser Action [closeCurrentWindow] successfully performed. @13-02-2021 17:08:39.0303 PM
[ReportManager] Successfully created attachment [Browser Action Test Data - closeCurrentWindow - Actual Value] @13-02-2021 17:08:39.0303 P
[ReportManager] File Action [getAbsolutePath] successfully performed. With the following test data [Relative Folder Path: "target/downloadedFiles/"]. @13-02-2021 17:08:39.0306 PM
[ReportManager] Attempting to run remotely on: [Linux-64], [GoogleChrome], [http://localhost:4444/wd/hub], Headless Execution. @13-02-2021 17:08:39.0307 PM
[ReportManager] Successfully Opened [GoogleChrome]. @13-02-2021 17:08:39.0544 PM
[ReportManager] Target URL: [https://www.google.com/ncr], and after redirection: [www.google.com] @13-02-2021 17:08:39.0555 PM
[ReportManager] Initial URL: [data:,] @13-02-2021 17:08:39.0595 PM
[ReportManager] Browser Action [navigateToURL] successfully performed. With the following test data [https://www.google.com/ncr]. @13-02-2021 17:08:40.0375 P

################################################################################################################################################
Starting Execution:	[42 out of 134] test cases in the current suite
Test Method:		[unitTests.tests_validations_assertions.assertElementAttribute_true_containsComparison_expectedToPass]
################################################################################################################################################
[ReportManager] Element Action [type] successfully performed. With the following test data [Automation123]. @13-02-2021 17:08:40.0975 PM
[ReportManager] Element Action [getText] successfully performed. With the following test data [Automation123]. @13-02-2021 17:08:41.0098 PM
[ReportManager] Loaded Shared OpenCV @13-02-2021 17:08:41.0223 PM
[ReportManager] AssertElementAttribute PASSED; Expected [Value Should be 'Automation' for the 'text' attribute, element locator 'By.name: q'] and Actual [Automation123]. Comparison Type [CONTAINS]. Validation Type [POSITIVE]. @13-02-2021 17:08:41.0295 PM
[ReportManager] Successfully created attachment [Screenshot - 1613236121223_assertElementAttribute_true_containsComparison_expectedToPass_AssertElementAttribute_passed] @13-02-2021 17:08:41.0296 P
[ReportManager] Successfully created attachment [Selenium WebDriver Logs - server] @13-02-2021 17:08:41.0373 PM
[ReportManager] Successfully created attachment [Selenium WebDriver Logs - performance] @13-02-2021 17:08:41.0453 PM
[ReportManager] Successfully created attachment [Selenium WebDriver Logs - driver] @13-02-2021 17:08:41.0572 PM
[ReportManager] Browser Action [closeCurrentWindow] successfully performed. @13-02-2021 17:08:41.0630 PM
[ReportManager] Successfully created attachment [Browser Action Test Data - closeCurrentWindow - Actual Value] @13-02-2021 17:08:41.0631 P
[ReportManager] File Action [getAbsolutePath] successfully performed. With the following test data [Relative Folder Path: "target/downloadedFiles/"]. @13-02-2021 17:08:41.0634 PM
[ReportManager] Attempting to run remotely on: [Linux-64], [GoogleChrome], [http://localhost:4444/wd/hub], Headless Execution. @13-02-2021 17:08:41.0636 PM
[ReportManager] Successfully Opened [GoogleChrome]. @13-02-2021 17:08:41.0863 PM
[ReportManager] Target URL: [https://www.google.com/ncr], and after redirection: [www.google.com] @13-02-2021 17:08:41.0873 PM
[ReportManager] Initial URL: [data:,] @13-02-2021 17:08:41.0911 PM
[ReportManager] Browser Action [navigateToURL] successfully performed. With the following test data [https://www.google.com/ncr]. @13-02-2021 17:08:42.0733 P

################################################################################################################################################
Starting Execution:	[43 out of 134] test cases in the current suite
Test Method:		[unitTests.tests_validations_assertions.assertElementAttribute_true_literalComparison_expectedToFail]
################################################################################################################################################
[ReportManager] Element Action [type] successfully performed. With the following test data [Automation!@#$%^&*()_+{}[]\';/.,]. @13-02-2021 17:08:44.0200 PM
[ReportManager] Element Action [getText] successfully performed. With the following test data [Automation!@#$%^&*()_+{}[]\';/.,]. @13-02-2021 17:08:44.0336 PM
[ReportManager] Loaded Shared OpenCV @13-02-2021 17:08:44.0498 PM
[ReportManager] AssertElementAttribute FAILED; Expected [Value Should be 'Automation' for the 'text' attribute, element locator 'By.name: q'] and Actual [Automation!@#$%^&*()_+{}[]\';/.,]. Comparison Type [EQUALS]. Validation Type [POSITIVE]. @13-02-2021 17:08:44.0574 PM
[ReportManager] Successfully created attachment [Screenshot - 1613236124498_assertElementAttribute_true_literalComparison_expectedToFail_AssertElementAttribute_failed] @13-02-2021 17:08:44.0575 P
[ReportManager] Successfully created attachment [Selenium WebDriver Logs - server] @13-02-2021 17:08:44.0656 PM
[ReportManager] Successfully created attachment [Selenium WebDriver Logs - performance] @13-02-2021 17:08:44.0811 PM
[ReportManager] Successfully created attachment [Selenium WebDriver Logs - driver] @13-02-2021 17:08:44.0981 PM
[ReportManager] Browser Action [closeCurrentWindow] successfully performed. @13-02-2021 17:08:45.0038 PM
[ReportManager] Successfully created attachment [Browser Action Test Data - closeCurrentWindow - Actual Value] @13-02-2021 17:08:45.0038 P
[ReportManager] File Action [getAbsolutePath] successfully performed. With the following test data [Relative Folder Path: "target/downloadedFiles/"]. @13-02-2021 17:08:45.0041 PM
[ReportManager] Attempting to run remotely on: [Linux-64], [GoogleChrome], [http://localhost:4444/wd/hub], Headless Execution. @13-02-2021 17:08:45.0041 PM
[ReportManager] Successfully Opened [GoogleChrome]. @13-02-2021 17:08:45.0273 PM
[ReportManager] Target URL: [https://www.google.com/ncr], and after redirection: [www.google.com] @13-02-2021 17:08:45.0293 PM
[ReportManager] Initial URL: [data:,] @13-02-2021 17:08:45.0338 PM
[ReportManager] Browser Action [navigateToURL] successfully performed. With the following test data [https://www.google.com/ncr]. @13-02-2021 17:08:46.0919 P

################################################################################################################################################
Starting Execution:	[44 out of 134] test cases in the current suite
Test Method:		[unitTests.tests_validations_assertions.assertElementAttribute_true_literalComparison_expectedToPass]
################################################################################################################################################
[ReportManager] Element Action [type] successfully performed. With the following test data [Automation!@#$%^&*()_+{}[]\';/.,]. @13-02-2021 17:08:48.0401 PM
[ReportManager] Element Action [getText] successfully performed. With the following test data [Automation!@#$%^&*()_+{}[]\';/.,]. @13-02-2021 17:08:48.0516 PM
[ReportManager] Loaded Shared OpenCV @13-02-2021 17:08:48.0649 PM
[ReportManager] AssertElementAttribute PASSED; Expected [Value Should be 'Automation!@#$%^&*()_+{}[]\';/.,' for the 'text' attribute, element locator 'By.name: q'] and Actual [Automation!@#$%^&*()_+{}[]\';/.,]. Comparison Type [EQUALS]. Validation Type [POSITIVE]. @13-02-2021 17:08:48.0726 PM
[ReportManager] Successfully created attachment [Screenshot - 1613236128649_assertElementAttribute_true_literalComparison_expectedToPass_AssertElementAttribute_passed] @13-02-2021 17:08:48.0727 P
[ReportManager] Successfully created attachment [Selenium WebDriver Logs - server] @13-02-2021 17:08:48.0801 PM
[ReportManager] Successfully created attachment [Selenium WebDriver Logs - performance] @13-02-2021 17:08:48.0947 PM
[ReportManager] Successfully created attachment [Selenium WebDriver Logs - driver] @13-02-2021 17:08:49.0124 PM
[ReportManager] Browser Action [closeCurrentWindow] successfully performed. @13-02-2021 17:08:49.0180 PM
[ReportManager] Successfully created attachment [Browser Action Test Data - closeCurrentWindow - Actual Value] @13-02-2021 17:08:49.0182 P
[ReportManager] File Action [getAbsolutePath] successfully performed. With the following test data [Relative Folder Path: "target/downloadedFiles/"]. @13-02-2021 17:08:49.0184 PM
[ReportManager] Attempting to run remotely on: [Linux-64], [GoogleChrome], [http://localhost:4444/wd/hub], Headless Execution. @13-02-2021 17:08:49.0184 PM
[ReportManager] Successfully Opened [GoogleChrome]. @13-02-2021 17:08:49.0384 PM
[ReportManager] Target URL: [https://www.google.com/ncr], and after redirection: [www.google.com] @13-02-2021 17:08:49.0398 PM
[ReportManager] Initial URL: [data:,] @13-02-2021 17:08:49.0445 PM
[ReportManager] Browser Action [navigateToURL] successfully performed. With the following test data [https://www.google.com/ncr]. @13-02-2021 17:08:50.0277 P

################################################################################################################################################
Starting Execution:	[45 out of 134] test cases in the current suite
Test Method:		[unitTests.tests_validations_assertions.assertElementAttribute_true_regexComparison_expectedToFail]
################################################################################################################################################
[ReportManager] Element Action [type] successfully performed. With the following test data [Automation123]. @13-02-2021 17:08:50.0877 PM
[ReportManager] Element Action [getText] successfully performed. With the following test data [Automation123]. @13-02-2021 17:08:51.0000 PM
[ReportManager] Loaded Shared OpenCV @13-02-2021 17:08:51.0121 PM
[ReportManager] AssertElementAttribute FAILED; Expected [Value Should be 'Automation' for the 'text' attribute, element locator 'By.name: q'] and Actual [Automation123]. Comparison Type [MATCHES]. Validation Type [POSITIVE]. @13-02-2021 17:08:51.0199 PM
[ReportManager] Successfully created attachment [Screenshot - 1613236131121_assertElementAttribute_true_regexComparison_expectedToFail_AssertElementAttribute_failed] @13-02-2021 17:08:51.0200 P
[ReportManager] Successfully created attachment [Selenium WebDriver Logs - server] @13-02-2021 17:08:51.0292 PM
[ReportManager] Successfully created attachment [Selenium WebDriver Logs - performance] @13-02-2021 17:08:51.0375 PM
[ReportManager] Successfully created attachment [Selenium WebDriver Logs - driver] @13-02-2021 17:08:51.0496 PM
[ReportManager] Browser Action [closeCurrentWindow] successfully performed. @13-02-2021 17:08:51.0552 PM
[ReportManager] Successfully created attachment [Browser Action Test Data - closeCurrentWindow - Actual Value] @13-02-2021 17:08:51.0553 P
[ReportManager] File Action [getAbsolutePath] successfully performed. With the following test data [Relative Folder Path: "target/downloadedFiles/"]. @13-02-2021 17:08:51.0558 PM
[ReportManager] Attempting to run remotely on: [Linux-64], [GoogleChrome], [http://localhost:4444/wd/hub], Headless Execution. @13-02-2021 17:08:51.0558 PM
[ReportManager] Successfully Opened [GoogleChrome]. @13-02-2021 17:08:51.0786 PM
[ReportManager] Target URL: [https://www.google.com/ncr], and after redirection: [www.google.com] @13-02-2021 17:08:51.0800 PM
[ReportManager] Initial URL: [data:,] @13-02-2021 17:08:51.0839 PM
[ReportManager] Browser Action [navigateToURL] successfully performed. With the following test data [https://www.google.com/ncr]. @13-02-2021 17:08:52.0682 P

################################################################################################################################################
Starting Execution:	[46 out of 134] test cases in the current suite
Test Method:		[unitTests.tests_validations_assertions.assertElementAttribute_true_regexComparison_expectedToPass]
################################################################################################################################################
[ReportManager] Element Action [type] successfully performed. With the following test data [Automation123]. @13-02-2021 17:08:53.0279 PM
[ReportManager] Element Action [getText] successfully performed. With the following test data [Automation123]. @13-02-2021 17:08:53.0425 PM
[ReportManager] Loaded Shared OpenCV @13-02-2021 17:08:53.0555 PM
[ReportManager] AssertElementAttribute PASSED; Expected [Value Should be 'Automation.*' for the 'text' attribute, element locator 'By.name: q'] and Actual [Automation123]. Comparison Type [MATCHES]. Validation Type [POSITIVE]. @13-02-2021 17:08:53.0626 PM
[ReportManager] Successfully created attachment [Screenshot - 1613236133554_assertElementAttribute_true_regexComparison_expectedToPass_AssertElementAttribute_passed] @13-02-2021 17:08:53.0627 P
[ReportManager] Successfully created attachment [Selenium WebDriver Logs - server] @13-02-2021 17:08:53.0706 PM
[ReportManager] Successfully created attachment [Selenium WebDriver Logs - performance] @13-02-2021 17:08:53.0785 PM
[ReportManager] Successfully created attachment [Selenium WebDriver Logs - driver] @13-02-2021 17:08:53.0904 PM
[ReportManager] Browser Action [closeCurrentWindow] successfully performed. @13-02-2021 17:08:53.0960 PM
[ReportManager] Successfully created attachment [Browser Action Test Data - closeCurrentWindow - Actual Value] @13-02-2021 17:08:53.0961 P
[ReportManager] File Action [getAbsolutePath] successfully performed. With the following test data [Relative Folder Path: "target/downloadedFiles/"]. @13-02-2021 17:08:53.0963 PM
[ReportManager] Attempting to run remotely on: [Linux-64], [GoogleChrome], [http://localhost:4444/wd/hub], Headless Execution. @13-02-2021 17:08:53.0963 PM
[ReportManager] Successfully Opened [GoogleChrome]. @13-02-2021 17:08:54.0191 PM
[ReportManager] Target URL: [https://www.google.com/ncr], and after redirection: [www.google.com] @13-02-2021 17:08:54.0213 PM
[ReportManager] Initial URL: [data:,] @13-02-2021 17:08:54.0259 PM
[ReportManager] Browser Action [navigateToURL] successfully performed. With the following test data [https://www.google.com/ncr]. @13-02-2021 17:08:55.0100 P

################################################################################################################################################
Starting Execution:	[47 out of 134] test cases in the current suite
Test Method:		[unitTests.tests_validations_assertions.assertElementExists_false_expectedToFail]
################################################################################################################################################
[ReportManager] AssertElementExists PASSED; Expected [Element Should not Exist, locator 'By.id: hplogo'] and Actual [Element Doesn't Exists]. Comparison Type [EQUALS]. Validation Type [NEGATIVE]. @13-02-2021 17:08:55.0294 PM
[ReportManager] Successfully created attachment [Screenshot - 1613236135235_assertElementExists_false_expectedToFail_AssertElementExists_passed] @13-02-2021 17:08:55.0295 P
[ReportManager] Successfully created attachment [Selenium WebDriver Logs - server] @13-02-2021 17:08:55.0371 PM
[ReportManager] Successfully created attachment [Selenium WebDriver Logs - performance] @13-02-2021 17:08:55.0411 PM
[ReportManager] Successfully created attachment [Selenium WebDriver Logs - driver] @13-02-2021 17:08:55.0480 PM
[ReportManager] Browser Action [closeCurrentWindow] successfully performed. @13-02-2021 17:08:55.0536 PM
[ReportManager] Successfully created attachment [Browser Action Test Data - closeCurrentWindow - Actual Value] @13-02-2021 17:08:55.0537 P
[ReportManager] File Action [getAbsolutePath] successfully performed. With the following test data [Relative Folder Path: "target/downloadedFiles/"]. @13-02-2021 17:08:55.0540 PM
[ReportManager] Attempting to run remotely on: [Linux-64], [GoogleChrome], [http://localhost:4444/wd/hub], Headless Execution. @13-02-2021 17:08:55.0540 PM
[ReportManager] Successfully Opened [GoogleChrome]. @13-02-2021 17:08:55.0890 PM
[ReportManager] Target URL: [https://www.google.com/ncr], and after redirection: [www.google.com] @13-02-2021 17:08:55.0900 PM
[ReportManager] Initial URL: [data:,] @13-02-2021 17:08:55.0942 PM
[ReportManager] Browser Action [navigateToURL] successfully performed. With the following test data [https://www.google.com/ncr]. @13-02-2021 17:08:56.0748 P

################################################################################################################################################
Starting Execution:	[48 out of 134] test cases in the current suite
Test Method:		[unitTests.tests_validations_assertions.assertElementExists_false_expectedToPass]
################################################################################################################################################
[ReportManager] AssertElementExists PASSED; Expected [Element Should not Exist, locator 'By.id: fakeElement'] and Actual [Element Doesn't Exists]. Comparison Type [EQUALS]. Validation Type [NEGATIVE]. @13-02-2021 17:08:56.0994 PM
[ReportManager] Successfully created attachment [Screenshot - 1613236136935_assertElementExists_false_expectedToPass_AssertElementExists_passed] @13-02-2021 17:08:56.0999 P
[ReportManager] Successfully created attachment [Selenium WebDriver Logs - server] @13-02-2021 17:08:57.0078 PM
[ReportManager] Successfully created attachment [Selenium WebDriver Logs - performance] @13-02-2021 17:08:57.0109 PM
[ReportManager] Successfully created attachment [Selenium WebDriver Logs - driver] @13-02-2021 17:08:57.0178 PM
[ReportManager] Browser Action [closeCurrentWindow] successfully performed. @13-02-2021 17:08:57.0248 PM
[ReportManager] Successfully created attachment [Browser Action Test Data - closeCurrentWindow - Actual Value] @13-02-2021 17:08:57.0249 P
[ReportManager] File Action [getAbsolutePath] successfully performed. With the following test data [Relative Folder Path: "target/downloadedFiles/"]. @13-02-2021 17:08:57.0251 PM
[ReportManager] Attempting to run remotely on: [Linux-64], [GoogleChrome], [http://localhost:4444/wd/hub], Headless Execution. @13-02-2021 17:08:57.0251 PM
[ReportManager] Successfully Opened [GoogleChrome]. @13-02-2021 17:08:57.0481 PM
[ReportManager] Target URL: [https://www.google.com/ncr], and after redirection: [www.google.com] @13-02-2021 17:08:57.0493 PM
[ReportManager] Initial URL: [data:,] @13-02-2021 17:08:57.0538 PM
[ReportManager] Browser Action [navigateToURL] successfully performed. With the following test data [https://www.google.com/ncr]. @13-02-2021 17:08:58.0422 P

################################################################################################################################################
Starting Execution:	[49 out of 134] test cases in the current suite
Test Method:		[unitTests.tests_validations_assertions.assertElementExists_false_multipleElementsFound_expectedToFail]
################################################################################################################################################
[ReportManager] AssertElementExists FAILED; Expected [Element Should not Exist, locator 'By.xpath: //div'] and Actual [Element Exists but is not unique]. Comparison Type [EQUALS]. Validation Type [NEGATIVE]. @13-02-2021 17:08:58.0627 PM
[ReportManager] Successfully created attachment [Screenshot - 1613236138568_assertElementExists_false_multipleElementsFound_expectedToFail_AssertElementExists_failed] @13-02-2021 17:08:58.0628 P
[ReportManager] Successfully created attachment [Selenium WebDriver Logs - server] @13-02-2021 17:08:58.0711 PM
[ReportManager] Successfully created attachment [Selenium WebDriver Logs - performance] @13-02-2021 17:08:58.0742 PM
[ReportManager] Successfully created attachment [Selenium WebDriver Logs - driver] @13-02-2021 17:08:58.0808 PM
[ReportManager] Browser Action [closeCurrentWindow] successfully performed. @13-02-2021 17:08:58.0866 PM
[ReportManager] Successfully created attachment [Browser Action Test Data - closeCurrentWindow - Actual Value] @13-02-2021 17:08:58.0867 P
[ReportManager] File Action [getAbsolutePath] successfully performed. With the following test data [Relative Folder Path: "target/downloadedFiles/"]. @13-02-2021 17:08:58.0869 PM
[ReportManager] Attempting to run remotely on: [Linux-64], [GoogleChrome], [http://localhost:4444/wd/hub], Headless Execution. @13-02-2021 17:08:58.0869 PM
[ReportManager] Successfully Opened [GoogleChrome]. @13-02-2021 17:08:59.0112 PM
[ReportManager] Target URL: [https://www.google.com/ncr], and after redirection: [www.google.com] @13-02-2021 17:08:59.0139 PM
[ReportManager] Initial URL: [data:,] @13-02-2021 17:08:59.0187 PM
[ReportManager] Browser Action [navigateToURL] successfully performed. With the following test data [https://www.google.com/ncr]. @13-02-2021 17:09:00.0003 P

################################################################################################################################################
Starting Execution:	[50 out of 134] test cases in the current suite
Test Method:		[unitTests.tests_validations_assertions.assertElementExists_true_expectedToFail]
################################################################################################################################################
[ReportManager] AssertElementExists FAILED; Expected [Element Should Exist, locator 'By.id: fakeElement'] and Actual [Element Doesn't Exists]. Comparison Type [EQUALS]. Validation Type [POSITIVE]. @13-02-2021 17:09:00.0213 PM
[ReportManager] Successfully created attachment [Screenshot - 1613236140152_assertElementExists_true_expectedToFail_AssertElementExists_failed] @13-02-2021 17:09:00.0213 P
[ReportManager] Successfully created attachment [Selenium WebDriver Logs - server] @13-02-2021 17:09:00.0296 PM
[ReportManager] Successfully created attachment [Selenium WebDriver Logs - performance] @13-02-2021 17:09:00.0327 PM
[ReportManager] Successfully created attachment [Selenium WebDriver Logs - driver] @13-02-2021 17:09:00.0396 PM
[ReportManager] Browser Action [closeCurrentWindow] successfully performed. @13-02-2021 17:09:00.0453 PM
[ReportManager] Successfully created attachment [Browser Action Test Data - closeCurrentWindow - Actual Value] @13-02-2021 17:09:00.0454 P
[ReportManager] File Action [getAbsolutePath] successfully performed. With the following test data [Relative Folder Path: "target/downloadedFiles/"]. @13-02-2021 17:09:00.0458 PM
[ReportManager] Attempting to run remotely on: [Linux-64], [GoogleChrome], [http://localhost:4444/wd/hub], Headless Execution. @13-02-2021 17:09:00.0458 PM
[ReportManager] Successfully Opened [GoogleChrome]. @13-02-2021 17:09:00.0696 PM
[ReportManager] Target URL: [https://www.google.com/ncr], and after redirection: [www.google.com] @13-02-2021 17:09:00.0710 PM
[ReportManager] Initial URL: [data:,] @13-02-2021 17:09:00.0767 PM
[ReportManager] Browser Action [navigateToURL] successfully performed. With the following test data [https://www.google.com/ncr]. @13-02-2021 17:09:01.0571 P

################################################################################################################################################
Starting Execution:	[51 out of 134] test cases in the current suite
Test Method:		[unitTests.tests_validations_assertions.assertElementExists_true_expectedToPass]
################################################################################################################################################
[ReportManager] AssertElementExists FAILED; Expected [Element Should Exist, locator 'By.id: hplogo'] and Actual [Element Doesn't Exists]. Comparison Type [EQUALS]. Validation Type [POSITIVE]. @13-02-2021 17:09:01.0765 PM
[ReportManager] Successfully created attachment [Screenshot - 1613236141703_assertElementExists_true_expectedToPass_AssertElementExists_failed] @13-02-2021 17:09:01.0766 P
[ReportManager] Successfully created attachment [Selenium WebDriver Logs - server] @13-02-2021 17:09:01.0840 PM
[ReportManager] Successfully created attachment [Selenium WebDriver Logs - performance] @13-02-2021 17:09:01.0873 PM
[ReportManager] Successfully created attachment [Selenium WebDriver Logs - driver] @13-02-2021 17:09:01.0952 PM
[ReportManager] Browser Action [closeCurrentWindow] successfully performed. @13-02-2021 17:09:01.0968 PM
[ReportManager] Successfully created attachment [Browser Action Test Data - closeCurrentWindow - Actual Value] @13-02-2021 17:09:01.0968 P
[ReportManager] File Action [getAbsolutePath] successfully performed. With the following test data [Relative Folder Path: "target/downloadedFiles/"]. @13-02-2021 17:09:01.0970 PM
[ReportManager] Attempting to run remotely on: [Linux-64], [GoogleChrome], [http://localhost:4444/wd/hub], Headless Execution. @13-02-2021 17:09:01.0970 PM
[ReportManager] Successfully Opened [GoogleChrome]. @13-02-2021 17:09:02.0212 PM
[ReportManager] Target URL: [https://www.google.com/ncr], and after redirection: [www.google.com] @13-02-2021 17:09:02.0224 PM
[ReportManager] Initial URL: [data:,] @13-02-2021 17:09:02.0282 PM
[ReportManager] Browser Action [navigateToURL] successfully performed. With the following test data [https://www.google.com/ncr]. @13-02-2021 17:09:03.0091 P

################################################################################################################################################
Starting Execution:	[52 out of 134] test cases in the current suite
Test Method:		[unitTests.tests_validations_assertions.assertElementExists_true_multipleElementsFound_expectedToFail]
################################################################################################################################################
[ReportManager] AssertElementExists FAILED; Expected [Element Should Exist, locator 'By.xpath: //div'] and Actual [Element Exists but is not unique]. Comparison Type [EQUALS]. Validation Type [POSITIVE]. @13-02-2021 17:09:03.0311 PM
[ReportManager] Successfully created attachment [Screenshot - 1613236143252_assertElementExists_true_multipleElementsFound_expectedToFail_AssertElementExists_failed] @13-02-2021 17:09:03.0312 P
[ReportManager] Successfully created attachment [Selenium WebDriver Logs - server] @13-02-2021 17:09:03.0388 PM
[ReportManager] Successfully created attachment [Selenium WebDriver Logs - performance] @13-02-2021 17:09:03.0423 PM
[ReportManager] Successfully created attachment [Selenium WebDriver Logs - driver] @13-02-2021 17:09:03.0493 PM
[ReportManager] Browser Action [closeCurrentWindow] successfully performed. @13-02-2021 17:09:03.0549 PM
[ReportManager] Successfully created attachment [Browser Action Test Data - closeCurrentWindow - Actual Value] @13-02-2021 17:09:03.0550 P

################################################################################################################################################
Starting Execution:	[53 out of 134] test cases in the current suite
Test Method:		[unitTests.tests_validations_assertions.assertEquals_false_expectedToFail]
################################################################################################################################################
[ReportManager] AssertEquals FAILED; Expected [1] and Actual [1]. Comparison Type [EQUALS]. Validation Type [NEGATIVE]. @13-02-2021 17:09:03.0556 P

################################################################################################################################################
Starting Execution:	[54 out of 134] test cases in the current suite
Test Method:		[unitTests.tests_validations_assertions.assertEquals_false_expectedToPass]
################################################################################################################################################
[ReportManager] AssertEquals PASSED; Expected [1] and Actual [2]. Comparison Type [EQUALS]. Validation Type [NEGATIVE]. @13-02-2021 17:09:03.0560 P

################################################################################################################################################
Starting Execution:	[55 out of 134] test cases in the current suite
Test Method:		[unitTests.tests_validations_assertions.assertEquals_longCharacters]
################################################################################################################################################
[ReportManager] VerifyEquals PASSED; Expected and Actual values are attached. Comparison Type [EQUALS]. Validation Type [POSITIVE]. @13-02-2021 17:09:03.0566 PM
[ReportManager] Successfully created attachment [Validation Test Data - Expected Value] @13-02-2021 17:09:03.0566 PM
[ReportManager] Successfully created attachment [Validation Test Data - Actual Value] @13-02-2021 17:09:03.0566 PM
[ReportManager] AssertEquals PASSED; Expected and Actual values are attached. Comparison Type [EQUALS]. Validation Type [POSITIVE]. @13-02-2021 17:09:03.0566 PM
[ReportManager] Successfully created attachment [Validation Test Data - Expected Value] @13-02-2021 17:09:03.0566 PM
[ReportManager] Successfully created attachment [Validation Test Data - Actual Value] @13-02-2021 17:09:03.0567 P

################################################################################################################################################
Starting Execution:	[56 out of 134] test cases in the current suite
Test Method:		[unitTests.tests_validations_assertions.assertEquals_longCharacters_Discreet]
################################################################################################################################################
[ReportManager] AssertEquals PASSED; Expected [1LH5pROcDBjjQk0t0mCr0lXuzQu9lcGj28kY8R1H81X67eVAQJgWQhILiRWVPUgZ6uCtK5cnBkF55Jr9vYngjGO1Iyf0Mktv6lruDlL9T8MAUPcUZJGHZtji6nIeadujDSNmWMj5d6C8zlFqw0CRqBU0hO5adIasHgBSNoLotAjce3NGXoDwAlp3rYreeV16VIyZXROQY] and Actual [1LH5pROcDBjjQk0t0mCr0lXuzQu9lcGj28kY8R1H81X67eVAQJgWQhILiRWVPUgZ6uCtK5cnBkF55Jr9vYngjGO1Iyf0Mktv6lruDlL9T8MAUPcUZJGHZtji6nIeadujDSNmWMj5d6C8zlFqw0CRqBU0hO5adIasHgBSNoLotAjce3NGXoDwAlp3rYreeV16VIyZXROQY]. Comparison Type [EQUALS]. Validation Type [POSITIVE]. @13-02-2021 17:09:03.0568 P

################################################################################################################################################
Starting Execution:	[57 out of 134] test cases in the current suite
Test Method:		[unitTests.tests_validations_assertions.assertEquals_true_expectedToFail]
################################################################################################################################################
[ReportManager] AssertEquals FAILED; Expected [1] and Actual [2]. Comparison Type [EQUALS]. Validation Type [POSITIVE]. @13-02-2021 17:09:03.0570 P

################################################################################################################################################
Starting Execution:	[58 out of 134] test cases in the current suite
Test Method:		[unitTests.tests_validations_assertions.assertEquals_true_expectedToPass]
Test Description:	[Assert that assertEquals works as expected when the two values are equal.]
################################################################################################################################################
[ReportManager] VerifyEquals PASSED; Expected [1] and Actual [1]. Comparison Type [EQUALS]. Validation Type [POSITIVE]. @13-02-2021 17:09:03.0586 PM
[ReportManager] AssertEquals PASSED; Expected [1] and Actual [1]. Comparison Type [EQUALS]. Validation Type [POSITIVE]. @13-02-2021 17:09:03.0586 P

################################################################################################################################################
Starting Execution:	[59 out of 134] test cases in the current suite
Test Method:		[unitTests.tests_validations_assertions.assertEquals_true_expectedToPass__]
################################################################################################################################################
[ReportManager] AssertEquals PASSED; Expected [1] and Actual [1]. Comparison Type [EQUALS]. Validation Type [POSITIVE]. @13-02-2021 17:09:03.0601 P

################################################################################################################################################
Starting Execution:	[60 out of 134] test cases in the current suite
Test Method:		[unitTests.tests_validations_assertions.assertFileExists_false_expectedToFail]
################################################################################################################################################
[ReportManager] File Action [doesFileExist] successfully performed. With the following test data [File Path: "src/main/java/com/shaft/gui/element/ElementActions.java"]. @13-02-2021 17:09:03.0610 PM
[ReportManager] AssertFileExists FAILED; Expected [File 'src/main/java/com/shaft/gui/element/ElementActions.java' should not exist, after up to '1' retries] and Actual [File exists]. Validation Type [NEGATIVE]. @13-02-2021 17:09:03.0617 P

################################################################################################################################################
Starting Execution:	[61 out of 134] test cases in the current suite
Test Method:		[unitTests.tests_validations_assertions.assertFileExists_false_expectedToPass]
################################################################################################################################################
[ReportManager] File Action [doesFileExist] successfully performed. With the following test data [File Path: "src/main/java/com/shaft/gui/element/ElementActions.java_fail"]. @13-02-2021 17:09:04.0123 PM
[ReportManager] AssertFileExists PASSED; Expected [File 'src/main/java/com/shaft/gui/element/ElementActions.java_fail' should not exist, after up to '1' retries] and Actual [File does not exist]. Validation Type [NEGATIVE]. @13-02-2021 17:09:04.0123 P

################################################################################################################################################
Starting Execution:	[62 out of 134] test cases in the current suite
Test Method:		[unitTests.tests_validations_assertions.assertFileExists_true_expectedToFail]
################################################################################################################################################
[ReportManager] File Action [doesFileExist] successfully performed. With the following test data [File Path: "src/main/java/com/shaft/gui/element/ElementActions.java_fail"]. @13-02-2021 17:09:04.0630 PM
[ReportManager] AssertFileExists FAILED; Expected [File 'src/main/java/com/shaft/gui/element/ElementActions.java_fail' should exist, after up to '1' retries] and Actual [File does not exist]. Validation Type [POSITIVE]. @13-02-2021 17:09:04.0630 P

################################################################################################################################################
Starting Execution:	[63 out of 134] test cases in the current suite
Test Method:		[unitTests.tests_validations_assertions.assertFileExists_true_expectedToPass]
################################################################################################################################################
[ReportManager] File Action [doesFileExist] successfully performed. With the following test data [File Path: "src/main/java/com/shaft/gui/element/ElementActions.java"]. @13-02-2021 17:09:04.0636 PM
[ReportManager] AssertFileExists PASSED; Expected [File 'src/main/java/com/shaft/gui/element/ElementActions.java' should exist, after up to '1' retries] and Actual [File exists]. Validation Type [POSITIVE]. @13-02-2021 17:09:04.0636 P

################################################################################################################################################
Starting Execution:	[64 out of 134] test cases in the current suite
Test Method:		[unitTests.tests_validations_assertions.assertNull_false_expectedToFail]
################################################################################################################################################
[ReportManager] AssertNull FAILED; Expected [NULL] and Actual [NULL]. Comparison Type [EQUALS]. Validation Type [NEGATIVE]. @13-02-2021 17:09:04.0646 P

################################################################################################################################################
Starting Execution:	[65 out of 134] test cases in the current suite
Test Method:		[unitTests.tests_validations_assertions.assertNull_false_expectedToPass]
################################################################################################################################################
[ReportManager] AssertNull PASSED; Expected [NULL] and Actual [1]. Comparison Type [EQUALS]. Validation Type [NEGATIVE]. @13-02-2021 17:09:04.0652 P

################################################################################################################################################
Starting Execution:	[66 out of 134] test cases in the current suite
Test Method:		[unitTests.tests_validations_assertions.assertNull_true_expectedToFail]
################################################################################################################################################
[ReportManager] AssertNull FAILED; Expected [NULL] and Actual [1]. Comparison Type [EQUALS]. Validation Type [POSITIVE]. @13-02-2021 17:09:04.0653 P

################################################################################################################################################
Starting Execution:	[67 out of 134] test cases in the current suite
Test Method:		[unitTests.tests_validations_assertions.assertNull_true_expectedToPass]
################################################################################################################################################
[ReportManager] AssertNull PASSED; Expected [NULL] and Actual [NULL]. Comparison Type [EQUALS]. Validation Type [POSITIVE]. @13-02-2021 17:09:04.0655 P
[ReportManager] File Action [getAbsolutePath] successfully performed. With the following test data [Relative Folder Path: "target/downloadedFiles/"]. @13-02-2021 17:09:04.0657 PM
[ReportManager] Attempting to run remotely on: [Linux-64], [GoogleChrome], [http://localhost:4444/wd/hub], Headless Execution. @13-02-2021 17:09:04.0657 PM
[ReportManager] Successfully Opened [GoogleChrome]. @13-02-2021 17:09:04.0898 P

################################################################################################################################################
Starting Execution:	[68 out of 134] test cases in the current suite
Test Method:		[testPackage01.Test_IsElementClickable.testIsElementClickable]
################################################################################################################################################
[ReportManager] Target URL: [https://the-internet.herokuapp.com/] @13-02-2021 17:09:04.0920 PM
[ReportManager] Initial URL: [data:,] @13-02-2021 17:09:04.0970 PM
[ReportManager] Browser Action [navigateToURL] successfully performed. With the following test data [https://the-internet.herokuapp.com/]. @13-02-2021 17:09:05.0349 PM
[ReportManager] Element Action [isElementClickable] successfully performed. @13-02-2021 17:09:05.0517 PM
[ReportManager] AssertTrue PASSED; Expected [TRUE] and Actual [TRUE]. Validation Type [POSITIVE]. @13-02-2021 17:09:05.0518 P
[ReportManager] Successfully created attachment [Selenium WebDriver Logs - server] @13-02-2021 17:09:05.0569 PM
[ReportManager] Successfully created attachment [Selenium WebDriver Logs - performance] @13-02-2021 17:09:05.0587 PM
[ReportManager] Successfully created attachment [Selenium WebDriver Logs - browser] @13-02-2021 17:09:05.0594 PM
[ReportManager] Successfully created attachment [Selenium WebDriver Logs - driver] @13-02-2021 17:09:05.0645 PM
[ReportManager] Browser Action [closeCurrentWindow] successfully performed. @13-02-2021 17:09:05.0704 PM
[ReportManager] Successfully created attachment [Browser Action Test Data - closeCurrentWindow - Actual Value] @13-02-2021 17:09:05.0704 P

################################################################################################################################################
Starting Execution:	[69 out of 134] test cases in the current suite
Test Method:		[testPackage01.Test_JsonActions.f]
###############################################################################################################################################

################################################################################################################################################
Starting Execution:	[70 out of 134] test cases in the current suite
Test Method:		[testPackage01.Test_JsonActions.f2]
###############################################################################################################################################

################################################################################################################################################
Starting Execution:	[71 out of 134] test cases in the current suite
Test Method:		[testPackage01.Test_SkipDueToIssue.doNotSkip]
################################################################################################################################################
[ReportManager] This should not be skipped. @13-02-2021 17:09:05.0731 P

################################################################################################################################################
Starting Execution:	[72 out of 134] test cases in the current suite
Test Method:		[testPackage01.Test_SkipDueToIssue.skip]
################################################################################################################################################
[ReportManager] This should be skipped. @13-02-2021 17:09:05.0737 P

################################################################################################################################################
Starting Execution:	[73 out of 134] test cases in the current suite
Test Method:		[testPackage01.Test_SkipDueToIssue.skip2]
################################################################################################################################################
[ReportManager] This should be skipped. @13-02-2021 17:09:05.0744 P

################################################################################################################################################
Starting Execution:	[74 out of 134] test cases in the current suite
Test Method:		[testPackage01.Test_testData.f]
################################################################################################################################################
[ReportManager] Successfully loaded the following test data file [src/test/resources/TestDataFiles/testSuite01/TestData.xlsx]. @13-02-2021 17:09:05.0802 PM
[ReportManager] Successfully created attachment [Test Data - Excel] @13-02-2021 17:09:05.0808 PM
[ReportManager] Last Column Number is: [3]. Zero-based. @13-02-2021 17:09:05.0809 P
[ReportManager] File Action [getAbsolutePath] successfully performed. With the following test data [Relative Folder Path: "target/downloadedFiles/"]. @13-02-2021 17:09:05.0811 PM
[ReportManager] Attempting to run remotely on: [Linux-64], [GoogleChrome], [http://localhost:4444/wd/hub], Headless Execution. @13-02-2021 17:09:05.0811 PM
[ReportManager] Successfully Opened [GoogleChrome]. @13-02-2021 17:09:06.0044 P

################################################################################################################################################
Starting Execution:	[75 out of 134] test cases in the current suite
Test Method:		[testPackage01.Test_assertEquals.test_assertElementAttribute]
################################################################################################################################################
[ReportManager] Target URL: [https://www.google.com/ncr], and after redirection: [https://www.google.com] @13-02-2021 17:09:06.0056 PM
[ReportManager] Initial URL: [data:,] @13-02-2021 17:09:06.0098 PM
[ReportManager] Browser Action [navigateToURL] successfully performed. With the following test data [https://www.google.com/ncr]. @13-02-2021 17:09:06.0875 PM
[ReportManager] Element Action [type] successfully performed. With the following test data [INC_004010050:Another SCHEDULER with the same name [Duplicate Job Name] already exists.]. @13-02-2021 17:09:09.0111 PM
[ReportManager] Element Action [getText] successfully performed. With the following test data [INC_004010050:Another SCHEDULER with the same name [Duplicate Job Name] already exists.]. @13-02-2021 17:09:09.0218 PM
[ReportManager] Loaded Shared OpenCV @13-02-2021 17:09:09.0338 PM
[ReportManager] AssertElementAttribute PASSED; Expected [Value Should be 'INC_004010050:Another SCHEDULER with the same name \[Duplicate Job Name\] already exists.' for the 'text' attribute, element locator 'By.name: q'] and Actual [INC_004010050:Another SCHEDULER with the same name [Duplicate Job Name] already exists.]. Comparison Type [MATCHES]. Validation Type [POSITIVE]. @13-02-2021 17:09:09.0409 PM
[ReportManager] Successfully created attachment [Screenshot - 1613236149337_test_assertElementAttribute_AssertElementAttribute_passed] @13-02-2021 17:09:09.0410 P
[ReportManager] Successfully created attachment [Selenium WebDriver Logs - server] @13-02-2021 17:09:09.0487 PM
[ReportManager] Successfully created attachment [Selenium WebDriver Logs - performance] @13-02-2021 17:09:09.0830 PM
[ReportManager] Successfully created attachment [Selenium WebDriver Logs - driver] @13-02-2021 17:09:10.0133 PM
[ReportManager] Browser Action [closeCurrentWindow] successfully performed. @13-02-2021 17:09:10.0192 PM
[ReportManager] Successfully created attachment [Browser Action Test Data - closeCurrentWindow - Actual Value] @13-02-2021 17:09:10.0193 P

################################################################################################################################################
Starting Execution:	[76 out of 134] test cases in the current suite
Test Method:		[testPackage01.Test_JsonCompareWithSpecialCharacters.specialCharacters]
################################################################################################################################################
[ReportManager] File Action [getAbsolutePath] successfully performed. With the following test data [Relative Folder Path: "src/test/resources/TestJsonFiles/specialCharacters.json"]. @13-02-2021 17:09:10.0202 PM
[ReportManager] File Action [readFromFile] successfully performed. With the following test data [File Path: "/home/runner/work/SHAFT_ENGINE/SHAFT_ENGINE/src/test/resources/TestJsonFiles/specialCharacters.json"]. @13-02-2021 17:09:10.0203 PM
[ReportManager] Successfully created attachment [File Action Actual Result - Command Log] @13-02-2021 17:09:10.0203 PM
[ReportManager] Comparing the provided API response with the file at this path "src/test/resources/TestJsonFiles/specialCharacters.json", comparison type "EQUALS" @13-02-2021 17:09:10.0204 PM
[ReportManager] API Action [compareJSON] successfully performed. With the following test data [src/test/resources/TestJsonFiles/specialCharacters.json]. @13-02-2021 17:09:10.0224 PM
[ReportManager] File Action [getAbsolutePath] successfully performed. With the following test data [Relative Folder Path: "src/test/resources/TestJsonFiles/specialCharacters.json"]. @13-02-2021 17:09:10.0224 PM
[ReportManager] File Action [readFromFile] successfully performed. With the following test data [File Path: "/home/runner/work/SHAFT_ENGINE/SHAFT_ENGINE/src/test/resources/TestJsonFiles/specialCharacters.json"]. @13-02-2021 17:09:10.0225 PM
[ReportManager] VerifyJSONFileContent PASSED; Expected [Response data should match the JSON File in this path 'src/test/resources/TestJsonFiles/specialCharacters.json'] and Actual [TRUE]. Comparison Type [EQUALS]. Validation Type [POSITIVE]. @13-02-2021 17:09:10.0258 PM
[ReportManager] Successfully created attachment [Validation Test Data - Expected JSON Value] @13-02-2021 17:09:10.0259 PM
[ReportManager] Successfully created attachment [Validation Test Data - Actual JSON Value] @13-02-2021 17:09:10.0259 P

################################################################################################################################################
Starting Execution:	[77 out of 134] test cases in the current suite
Test Method:		[testPackage01.Test_JsonCompareWithSpecialCharacters.specialCharacters_assertion]
################################################################################################################################################
[ReportManager] File Action [getAbsolutePath] successfully performed. With the following test data [Relative Folder Path: "src/test/resources/TestJsonFiles/specialCharacters.json"]. @13-02-2021 17:09:10.0272 PM
[ReportManager] File Action [readFromFile] successfully performed. With the following test data [File Path: "/home/runner/work/SHAFT_ENGINE/SHAFT_ENGINE/src/test/resources/TestJsonFiles/specialCharacters.json"]. @13-02-2021 17:09:10.0272 PM
[ReportManager] Successfully created attachment [File Action Actual Result - Command Log] @13-02-2021 17:09:10.0272 PM
[ReportManager] trying out the log message... @13-02-2021 17:09:10.0273 PM
[ReportManager] Comparing the provided API response with the file at this path "src/test/resources/TestJsonFiles/specialCharacters.json", comparison type "CONTAINS" @13-02-2021 17:09:10.0273 PM
[ReportManager] API Action [compareJSON] successfully performed. With the following test data [src/test/resources/TestJsonFiles/specialCharacters.json]. @13-02-2021 17:09:10.0311 PM
[ReportManager] File Action [getAbsolutePath] successfully performed. With the following test data [Relative Folder Path: "src/test/resources/TestJsonFiles/specialCharacters.json"]. @13-02-2021 17:09:10.0311 PM
[ReportManager] File Action [readFromFile] successfully performed. With the following test data [File Path: "/home/runner/work/SHAFT_ENGINE/SHAFT_ENGINE/src/test/resources/TestJsonFiles/specialCharacters.json"]. @13-02-2021 17:09:10.0312 PM
[ReportManager] AssertJSONFileContent PASSED; Expected [Response data should match the JSON File in this path 'src/test/resources/TestJsonFiles/specialCharacters.json'] and Actual [TRUE]. Comparison Type [CONTAINS]. Validation Type [POSITIVE]. @13-02-2021 17:09:10.0316 PM
[ReportManager] Successfully created attachment [Validation Test Data - Expected JSON Value] @13-02-2021 17:09:10.0317 PM
[ReportManager] Successfully created attachment [Validation Test Data - Actual JSON Value] @13-02-2021 17:09:10.0317 P

################################################################################################################################################
Starting Execution:	[78 out of 134] test cases in the current suite
Test Method:		[testPackage01.Test_JSONFileManager.readStringFromJson]
################################################################################################################################################
[ReportManager] Successfully loaded the following test data file [src/test/resources/TestDataFiles/simpleJSON.json]. @13-02-2021 17:09:10.0334 PM
[ReportManager] Successfully created attachment [Test Data - JSON] @13-02-2021 17:09:10.0335 PM
[ReportManager] AssertEquals PASSED; Expected [Mohab Mohie] and Actual [Mohab Mohie]. Comparison Type [EQUALS]. Validation Type [POSITIVE]. @13-02-2021 17:09:10.0354 P
[ReportManager] Successfully loaded the following test data file [src/test/resources/TestDataFiles/testSuite01/TestData.xlsx]. @13-02-2021 17:09:10.0412 PM
[ReportManager] Successfully created attachment [Test Data - Excel] @13-02-2021 17:09:10.0413 PM
[ReportManager] File Action [getAbsolutePath] successfully performed. With the following test data [Relative Folder Path: "target/downloadedFiles/"]. @13-02-2021 17:09:10.0413 PM
[ReportManager] Attempting to run remotely on: [Linux-64], [GoogleChrome], [http://localhost:4444/wd/hub], Headless Execution. @13-02-2021 17:09:10.0413 PM
[ReportManager] Successfully Opened [GoogleChrome]. @13-02-2021 17:09:10.0699 P

################################################################################################################################################
Starting Execution:	[79 out of 134] test cases in the current suite
Test Method:		[testPackage01.Test_google.navigateToURLandVerifyGoogleLogoIsDisplayed]
Test Description:	[TC001 - Navigate to URL and Verify Google Logo is Displayed]
################################################################################################################################################
[ReportManager] Target URL: [https://www.google.com/ncr], and after redirection: [https://www.google.com] @13-02-2021 17:09:10.0712 PM
[ReportManager] Initial URL: [data:,] @13-02-2021 17:09:10.0757 PM
[ReportManager] Browser Action [navigateToURL] successfully performed. With the following test data [https://www.google.com/ncr]. @13-02-2021 17:09:11.0537 PM
[ReportManager] Loaded Shared OpenCV @13-02-2021 17:09:11.0700 PM
[ReportManager] AssertElementExists PASSED; Expected [Element Should Exist, locator 'By.xpath: //img[@id='hplogo' or @alt='Google']'] and Actual [Element Exists]. Comparison Type [EQUALS]. Validation Type [POSITIVE]. @13-02-2021 17:09:11.0774 PM
[ReportManager] Successfully created attachment [Screenshot - 1613236151700_navigateToURLandVerifyGoogleLogoIsDisplayed_AssertElementExists_passed] @13-02-2021 17:09:11.0775 P

################################################################################################################################################
Starting Execution:	[80 out of 134] test cases in the current suite
Test Method:		[testPackage01.Test_google.searchForQueryandAssertResultsNumDisplayed]
Test Description:	[TC002 - Search for Query and Assert that the number of results is displayed]
################################################################################################################################################
[ReportManager] Element Action [type] successfully performed. With the following test data [SHAFT_Engine]. @13-02-2021 17:09:12.0487 PM
[ReportManager] Element Action [keyPress] successfully performed. With the following test data [Enter]. @13-02-2021 17:09:13.0687 PM
[ReportManager] Element Action [getText] successfully performed. With the following test data [About 6,250,000 results (0.57 seconds) ]. @13-02-2021 17:09:13.0783 PM
[ReportManager] Loaded Shared OpenCV @13-02-2021 17:09:13.0930 PM
[ReportManager] AssertElementAttribute PASSED; Expected [Value Should not be '' for the 'Text' attribute, element locator 'By.id: appbar'] and Actual [About 6,250,000 results (0.57 seconds) ]. Comparison Type [EQUALS]. Validation Type [NEGATIVE]. @13-02-2021 17:09:14.0016 PM
[ReportManager] Successfully created attachment [Screenshot - 1613236153930_searchForQueryandAssertResultsNumDisplayed_AssertElementAttribute_passed] @13-02-2021 17:09:14.0018 P

################################################################################################################################################
Starting Execution:	[81 out of 134] test cases in the current suite
Test Method:		[testPackage01.Test_google.clickNextThrice]
Test Description:	[TC003 - Clicks the next button to make sure that the framework can scroll element into view before clicking it]
################################################################################################################################################
[ReportManager] Element Action [click] successfully performed. With the following test data [Next]. @13-02-2021 17:09:15.0269 P
[ReportManager] Successfully created attachment [Selenium WebDriver Logs - server] @13-02-2021 17:09:15.0374 PM
[ReportManager] Successfully created attachment [Selenium WebDriver Logs - performance] @13-02-2021 17:09:15.0587 PM
[ReportManager] Successfully created attachment [Selenium WebDriver Logs - driver] @13-02-2021 17:09:15.0971 PM
[ReportManager] Browser Action [closeCurrentWindow] successfully performed. @13-02-2021 17:09:16.0036 PM
[ReportManager] Successfully created attachment [Browser Action Test Data - closeCurrentWindow - Actual Value] @13-02-2021 17:09:16.0054 P
[ReportManager] File Action [getAbsolutePath] successfully performed. With the following test data [Relative Folder Path: "target/downloadedFiles/"]. @13-02-2021 17:09:16.0055 PM
[ReportManager] Attempting to run remotely on: [Linux-64], [GoogleChrome], [http://localhost:4444/wd/hub], Headless Execution. @13-02-2021 17:09:16.0055 PM
[ReportManager] Successfully Opened [GoogleChrome]. @13-02-2021 17:09:16.0436 P

################################################################################################################################################
Starting Execution:	[82 out of 134] test cases in the current suite
Test Method:		[testPackage01.Test_dragAndDrop.dragAndDropJquery]
################################################################################################################################################
[ReportManager] Target URL: [https://jqueryui.com/resources/demos/droppable/default.html] @13-02-2021 17:09:16.0452 PM
[ReportManager] Initial URL: [data:,] @13-02-2021 17:09:16.0491 PM
[ReportManager] Browser Action [navigateToURL] successfully performed. With the following test data [https://jqueryui.com/resources/demos/droppable/default.html]. @13-02-2021 17:09:16.0859 PM
[ReportManager] Element Action [getText] successfully performed. With the following test data [Drop here]. @13-02-2021 17:09:16.0953 PM
[ReportManager] Element Action [dragAndDrop] successfully performed. With the following test data [Start point: (8, 18), End point: (8, 18)]. @13-02-2021 17:09:18.0322 PM
[ReportManager] Element Action [getText] successfully performed. With the following test data [Dropped!]. @13-02-2021 17:09:18.0395 PM
[ReportManager] Checking to see if the text has changed after performing drag and drop... @13-02-2021 17:09:18.0395 PM
[ReportManager] AssertEquals PASSED; Expected [Drop here] and Actual [Dropped!]. Comparison Type [EQUALS]. Validation Type [NEGATIVE]. @13-02-2021 17:09:18.0396 P
[ReportManager] Successfully created attachment [Selenium WebDriver Logs - server] @13-02-2021 17:09:18.0458 PM
[ReportManager] Successfully created attachment [Selenium WebDriver Logs - performance] @13-02-2021 17:09:18.0472 PM
[ReportManager] Successfully created attachment [Selenium WebDriver Logs - driver] @13-02-2021 17:09:18.0553 PM
[ReportManager] Browser Action [closeCurrentWindow] successfully performed. @13-02-2021 17:09:18.0622 PM
[ReportManager] Successfully created attachment [Browser Action Test Data - closeCurrentWindow - Actual Value] @13-02-2021 17:09:18.0623 P
[ReportManager] File Action [getAbsolutePath] successfully performed. With the following test data [Relative Folder Path: "target/downloadedFiles/"]. @13-02-2021 17:09:18.0624 PM
[ReportManager] Attempting to run remotely on: [Linux-64], [GoogleChrome], [http://localhost:4444/wd/hub], Headless Execution. @13-02-2021 17:09:18.0624 PM
[ReportManager] Successfully Opened [GoogleChrome]. @13-02-2021 17:09:18.0889 P

################################################################################################################################################
Starting Execution:	[83 out of 134] test cases in the current suite
Test Method:		[testPackage01.Test_dragAndDrop.dragAndDrop]
Test Description:	[TC001 - Test Drag and Drop function.]
################################################################################################################################################
[ReportManager] Target URL: [http://the-internet.herokuapp.com/drag_and_drop] @13-02-2021 17:09:18.0912 PM
[ReportManager] Initial URL: [data:,] @13-02-2021 17:09:18.0976 PM
[ReportManager] Browser Action [navigateToURL] successfully performed. With the following test data [http://the-internet.herokuapp.com/drag_and_drop]. @13-02-2021 17:09:19.0369 PM
[ReportManager] Attempting Drag and Drop @13-02-2021 17:09:19.0369 PM
[ReportManager] Element Action [dragAndDrop] successfully performed. With the following test data [Start point: (32, 89), End point: (247, 89)]. @13-02-2021 17:09:20.0583 P
[ReportManager] Successfully created attachment [Selenium WebDriver Logs - server] @13-02-2021 17:09:20.0638 PM
[ReportManager] Successfully created attachment [Selenium WebDriver Logs - performance] @13-02-2021 17:09:20.0661 PM
[ReportManager] Successfully created attachment [Selenium WebDriver Logs - browser] @13-02-2021 17:09:20.0668 PM
[ReportManager] Successfully created attachment [Selenium WebDriver Logs - driver] @13-02-2021 17:09:20.0728 PM
[ReportManager] Browser Action [closeCurrentWindow] successfully performed. @13-02-2021 17:09:20.0792 PM
[ReportManager] Successfully created attachment [Browser Action Test Data - closeCurrentWindow - Actual Value] @13-02-2021 17:09:20.0792 P
[ReportManager] File Action [getAbsolutePath] successfully performed. With the following test data [Relative Folder Path: "target/downloadedFiles/"]. @13-02-2021 17:09:20.0794 PM
[ReportManager] Attempting to run remotely on: [Linux-64], [GoogleChrome], [http://localhost:4444/wd/hub], Headless Execution. @13-02-2021 17:09:20.0794 PM
[ReportManager] Successfully Opened [GoogleChrome]. @13-02-2021 17:09:21.0043 P

################################################################################################################################################
Starting Execution:	[84 out of 134] test cases in the current suite
Test Method:		[testPackage01.Test_dragAndDrop.dragAndDropByOffset]
Test Description:	[TC002 - Test Drag and Drop by offset function.]
################################################################################################################################################
[ReportManager] Target URL: [https://jqueryui.com/resources/demos/draggable/default.html] @13-02-2021 17:09:21.0084 PM
[ReportManager] Initial URL: [data:,] @13-02-2021 17:09:21.0136 PM
[ReportManager] Browser Action [navigateToURL] successfully performed. With the following test data [https://jqueryui.com/resources/demos/draggable/default.html]. @13-02-2021 17:09:21.0584 PM
[ReportManager] Element Action [dragAndDropByOffset] successfully performed. With the following test data [Start point: (8, 8), End point: (1008, 108)]. @13-02-2021 17:09:21.0760 P
[ReportManager] Successfully created attachment [Selenium WebDriver Logs - server] @13-02-2021 17:09:21.0803 PM
[ReportManager] Successfully created attachment [Selenium WebDriver Logs - performance] @13-02-2021 17:09:21.0815 PM
[ReportManager] Successfully created attachment [Selenium WebDriver Logs - driver] @13-02-2021 17:09:21.0868 PM
[ReportManager] Browser Action [closeCurrentWindow] successfully performed. @13-02-2021 17:09:21.0934 PM
[ReportManager] Successfully created attachment [Browser Action Test Data - closeCurrentWindow - Actual Value] @13-02-2021 17:09:21.0934 P
[ReportManager] File Action [getAbsolutePath] successfully performed. With the following test data [Relative Folder Path: "target/downloadedFiles/"]. @13-02-2021 17:09:21.0938 PM
[ReportManager] Attempting to run remotely on: [Linux-64], [GoogleChrome], [http://localhost:4444/wd/hub], Headless Execution. @13-02-2021 17:09:21.0938 PM
[ReportManager] Successfully Opened [GoogleChrome]. @13-02-2021 17:09:22.0221 P

################################################################################################################################################
Starting Execution:	[85 out of 134] test cases in the current suite
Test Method:		[testPackage01.Test_verifyEquals.test_assertElementAttribute]
################################################################################################################################################
[ReportManager] Target URL: [https://www.google.com/ncr], and after redirection: [https://www.google.com] @13-02-2021 17:09:22.0279 PM
[ReportManager] Initial URL: [data:,] @13-02-2021 17:09:22.0322 PM
[ReportManager] Browser Action [navigateToURL] successfully performed. With the following test data [https://www.google.com/ncr]. @13-02-2021 17:09:23.0247 PM
[ReportManager] Element Action [type] successfully performed. With the following test data [INC_004010050:Another SCHEDULER with the same name [Duplicate Job Name] already exists.]. @13-02-2021 17:09:25.0536 PM
[ReportManager] Element Action [getText] successfully performed. With the following test data [INC_004010050:Another SCHEDULER with the same name [Duplicate Job Name] already exists.]. @13-02-2021 17:09:25.0642 PM
[ReportManager] Loaded Shared OpenCV @13-02-2021 17:09:25.0792 PM
[ReportManager] VerifyElementAttribute PASSED; Expected [Value Should be 'INC_004010050:Another SCHEDULER with the same name \[Duplicate Job Name\] already exists.' for the 'text' attribute, element locator 'By.name: q'] and Actual [INC_004010050:Another SCHEDULER with the same name [Duplicate Job Name] already exists.]. Comparison Type [MATCHES]. Validation Type [POSITIVE]. @13-02-2021 17:09:25.0864 PM
[ReportManager] Successfully created attachment [Screenshot - 1613236165792_test_assertElementAttribute_VerifyElementAttribute_passed] @13-02-2021 17:09:25.0864 P
[ReportManager] Successfully created attachment [Selenium WebDriver Logs - server] @13-02-2021 17:09:25.0950 PM
[ReportManager] Successfully created attachment [Selenium WebDriver Logs - performance] @13-02-2021 17:09:26.0298 PM
[ReportManager] Successfully created attachment [Selenium WebDriver Logs - driver] @13-02-2021 17:09:26.0656 PM
[ReportManager] Browser Action [closeCurrentWindow] successfully performed. @13-02-2021 17:09:26.0713 PM
[ReportManager] Successfully created attachment [Browser Action Test Data - closeCurrentWindow - Actual Value] @13-02-2021 17:09:26.0714 P

################################################################################################################################################
Starting Execution:	[86 out of 134] test cases in the current suite
Test Method:		[testPackage01.Test_NewValidationActions.f1]
################################################################################################################################################
[ReportManager] Checking valid user data... @13-02-2021 17:09:26.0721 PM
[ReportManager] AssertEquals PASSED; Expected and Actual values are attached. Comparison Type [EQUALS]. Validation Type [POSITIVE]. @13-02-2021 17:09:26.0721 PM
[ReportManager] Successfully created attachment [Validation Test Data - Expected Value] @13-02-2021 17:09:26.0721 PM
[ReportManager] Successfully created attachment [Validation Test Data - Actual Value] @13-02-2021 17:09:26.0722 P
[ReportManager] File Action [getAbsolutePath] successfully performed. With the following test data [Relative Folder Path: "target/downloadedFiles/"]. @13-02-2021 17:09:26.0727 PM
[ReportManager] Attempting to run remotely on: [Linux-64], [GoogleChrome], [http://localhost:4444/wd/hub], Headless Execution. @13-02-2021 17:09:26.0727 PM
[ReportManager] Successfully Opened [GoogleChrome]. @13-02-2021 17:09:26.0940 PM
[ReportManager] Target URL: [https://the-internet.herokuapp.com/] @13-02-2021 17:09:26.0965 PM
[ReportManager] Initial URL: [data:,] @13-02-2021 17:09:27.0008 PM
[ReportManager] Browser Action [navigateToURL] successfully performed. With the following test data [https://the-internet.herokuapp.com/]. @13-02-2021 17:09:27.0391 P

################################################################################################################################################
Starting Execution:	[87 out of 134] test cases in the current suite
Test Method:		[testPackage01.Test_NewValidationActions.f10]
################################################################################################################################################
[ReportManager] AssertElementExists FAILED; Expected [Element Should Exist, locator 'By.tagName: div'] and Actual [Element Exists but is not unique]. Comparison Type [EQUALS]. Validation Type [POSITIVE]. @13-02-2021 17:09:27.0667 PM
[ReportManager] Successfully created attachment [Screenshot - 1613236167590_f10_AssertElementExists_failed] @13-02-2021 17:09:27.0668 P
[ReportManager] Successfully created attachment [Selenium WebDriver Logs - server] @13-02-2021 17:09:27.0688 PM
[ReportManager] Successfully created attachment [Selenium WebDriver Logs - performance] @13-02-2021 17:09:27.0707 PM
[ReportManager] Successfully created attachment [Selenium WebDriver Logs - browser] @13-02-2021 17:09:27.0725 PM
[ReportManager] Successfully created attachment [Selenium WebDriver Logs - driver] @13-02-2021 17:09:27.0807 PM
[ReportManager] Successfully Closed All Browsers. @13-02-2021 17:09:27.0885 P
[ReportManager] File Action [getAbsolutePath] successfully performed. With the following test data [Relative Folder Path: "target/downloadedFiles/"]. @13-02-2021 17:09:27.0888 PM
[ReportManager] Attempting to run remotely on: [Linux-64], [GoogleChrome], [http://localhost:4444/wd/hub], Headless Execution. @13-02-2021 17:09:27.0888 PM
[ReportManager] Successfully Opened [GoogleChrome]. @13-02-2021 17:09:28.0178 PM
[ReportManager] Target URL: [https://the-internet.herokuapp.com/] @13-02-2021 17:09:28.0187 PM
[ReportManager] Initial URL: [data:,] @13-02-2021 17:09:28.0225 PM
[ReportManager] Browser Action [navigateToURL] successfully performed. With the following test data [https://the-internet.herokuapp.com/]. @13-02-2021 17:09:28.0636 P

################################################################################################################################################
Starting Execution:	[88 out of 134] test cases in the current suite
Test Method:		[testPackage01.Test_NewValidationActions.f11]
################################################################################################################################################
[ReportManager] Checking that false tag doesn't exist... @13-02-2021 17:09:28.0643 PM
[ReportManager] AssertElementExists PASSED; Expected [Element Should not Exist, locator 'By.tagName: h3'] and Actual [Element Doesn't Exists]. Comparison Type [EQUALS]. Validation Type [NEGATIVE]. @13-02-2021 17:09:28.0884 PM
[ReportManager] Successfully created attachment [Screenshot - 1613236168818_f11_AssertElementExists_passed] @13-02-2021 17:09:28.0885 P
[ReportManager] Successfully created attachment [Selenium WebDriver Logs - server] @13-02-2021 17:09:28.0895 PM
[ReportManager] Successfully created attachment [Selenium WebDriver Logs - performance] @13-02-2021 17:09:28.0913 PM
[ReportManager] Successfully created attachment [Selenium WebDriver Logs - browser] @13-02-2021 17:09:28.0920 PM
[ReportManager] Successfully created attachment [Selenium WebDriver Logs - driver] @13-02-2021 17:09:28.0973 PM
[ReportManager] Successfully Closed All Browsers. @13-02-2021 17:09:29.0064 P
[ReportManager] File Action [getAbsolutePath] successfully performed. With the following test data [Relative Folder Path: "target/downloadedFiles/"]. @13-02-2021 17:09:29.0066 PM
[ReportManager] Attempting to run remotely on: [Linux-64], [GoogleChrome], [http://localhost:4444/wd/hub], Headless Execution. @13-02-2021 17:09:29.0066 PM
[ReportManager] Successfully Opened [GoogleChrome]. @13-02-2021 17:09:29.0329 PM
[ReportManager] Target URL: [https://the-internet.herokuapp.com/] @13-02-2021 17:09:29.0342 PM
[ReportManager] Initial URL: [data:,] @13-02-2021 17:09:29.0395 PM
[ReportManager] Browser Action [navigateToURL] successfully performed. With the following test data [https://the-internet.herokuapp.com/]. @13-02-2021 17:09:29.0768 P

################################################################################################################################################
Starting Execution:	[89 out of 134] test cases in the current suite
Test Method:		[testPackage01.Test_NewValidationActions.f12]
################################################################################################################################################
[ReportManager] Loaded Shared OpenCV @13-02-2021 17:09:30.0018 PM
[ReportManager] AssertElementExists FAILED; Expected [Element Should not Exist, locator 'By.tagName: h1'] and Actual [Element Exists]. Comparison Type [EQUALS]. Validation Type [NEGATIVE]. @13-02-2021 17:09:30.0104 PM
[ReportManager] Successfully created attachment [Screenshot - 1613236170018_f12_AssertElementExists_failed] @13-02-2021 17:09:30.0105 P
[ReportManager] Successfully created attachment [Selenium WebDriver Logs - server] @13-02-2021 17:09:30.0120 PM
[ReportManager] Successfully created attachment [Selenium WebDriver Logs - performance] @13-02-2021 17:09:30.0139 PM
[ReportManager] Successfully created attachment [Selenium WebDriver Logs - browser] @13-02-2021 17:09:30.0146 PM
[ReportManager] Successfully created attachment [Selenium WebDriver Logs - driver] @13-02-2021 17:09:30.0220 PM
[ReportManager] Successfully Closed All Browsers. @13-02-2021 17:09:30.0312 P
[ReportManager] File Action [getAbsolutePath] successfully performed. With the following test data [Relative Folder Path: "target/downloadedFiles/"]. @13-02-2021 17:09:30.0314 PM
[ReportManager] Attempting to run remotely on: [Linux-64], [GoogleChrome], [http://localhost:4444/wd/hub], Headless Execution. @13-02-2021 17:09:30.0314 PM
[ReportManager] Successfully Opened [GoogleChrome]. @13-02-2021 17:09:30.0562 PM
[ReportManager] Target URL: [https://the-internet.herokuapp.com/] @13-02-2021 17:09:30.0571 PM
[ReportManager] Initial URL: [data:,] @13-02-2021 17:09:30.0623 PM
[ReportManager] Browser Action [navigateToURL] successfully performed. With the following test data [https://the-internet.herokuapp.com/]. @13-02-2021 17:09:31.0039 P

################################################################################################################################################
Starting Execution:	[90 out of 134] test cases in the current suite
Test Method:		[testPackage01.Test_NewValidationActions.f13]
################################################################################################################################################
[ReportManager] AssertElementExists FAILED; Expected [Element Should not Exist, locator 'By.tagName: div'] and Actual [Element Exists but is not unique]. Comparison Type [EQUALS]. Validation Type [NEGATIVE]. @13-02-2021 17:09:31.0294 PM
[ReportManager] Successfully created attachment [Screenshot - 1613236171230_f13_AssertElementExists_failed] @13-02-2021 17:09:31.0295 P
[ReportManager] Successfully created attachment [Selenium WebDriver Logs - server] @13-02-2021 17:09:31.0306 PM
[ReportManager] Successfully created attachment [Selenium WebDriver Logs - performance] @13-02-2021 17:09:31.0323 PM
[ReportManager] Successfully created attachment [Selenium WebDriver Logs - browser] @13-02-2021 17:09:31.0329 PM
[ReportManager] Successfully created attachment [Selenium WebDriver Logs - driver] @13-02-2021 17:09:31.0393 PM
[ReportManager] Successfully Closed All Browsers. @13-02-2021 17:09:31.0466 P
[ReportManager] File Action [getAbsolutePath] successfully performed. With the following test data [Relative Folder Path: "target/downloadedFiles/"]. @13-02-2021 17:09:31.0468 PM
[ReportManager] Attempting to run remotely on: [Linux-64], [GoogleChrome], [http://localhost:4444/wd/hub], Headless Execution. @13-02-2021 17:09:31.0468 PM
[ReportManager] Successfully Opened [GoogleChrome]. @13-02-2021 17:09:31.0681 PM
[ReportManager] Target URL: [https://the-internet.herokuapp.com/] @13-02-2021 17:09:31.0692 PM
[ReportManager] Initial URL: [data:,] @13-02-2021 17:09:31.0733 PM
[ReportManager] Browser Action [navigateToURL] successfully performed. With the following test data [https://the-internet.herokuapp.com/]. @13-02-2021 17:09:32.0102 P

################################################################################################################################################
Starting Execution:	[91 out of 134] test cases in the current suite
Test Method:		[testPackage01.Test_NewValidationActions.f14]
################################################################################################################################################
[ReportManager] Asserting that the header text is correct... @13-02-2021 17:09:32.0104 PM
[ReportManager] Element Action [getText] successfully performed. With the following test data [Welcome to the-internet]. @13-02-2021 17:09:32.0212 PM
[ReportManager] Loaded Shared OpenCV @13-02-2021 17:09:32.0381 PM
[ReportManager] AssertElementAttribute PASSED; Expected [Value Should be 'Welcome to the-internet' for the 'text' attribute, element locator 'By.tagName: h1'] and Actual [Welcome to the-internet]. Comparison Type [EQUALS]. Validation Type [POSITIVE]. @13-02-2021 17:09:32.0479 PM
[ReportManager] Successfully created attachment [Screenshot - 1613236172381_f14_AssertElementAttribute_passed] @13-02-2021 17:09:32.0480 P
[ReportManager] Successfully created attachment [Selenium WebDriver Logs - server] @13-02-2021 17:09:32.0496 PM
[ReportManager] Successfully created attachment [Selenium WebDriver Logs - performance] @13-02-2021 17:09:32.0522 PM
[ReportManager] Successfully created attachment [Selenium WebDriver Logs - browser] @13-02-2021 17:09:32.0528 PM
[ReportManager] Successfully created attachment [Selenium WebDriver Logs - driver] @13-02-2021 17:09:32.0582 PM
[ReportManager] Successfully Closed All Browsers. @13-02-2021 17:09:32.0654 P
[ReportManager] File Action [getAbsolutePath] successfully performed. With the following test data [Relative Folder Path: "target/downloadedFiles/"]. @13-02-2021 17:09:32.0656 PM
[ReportManager] Attempting to run remotely on: [Linux-64], [GoogleChrome], [http://localhost:4444/wd/hub], Headless Execution. @13-02-2021 17:09:32.0656 PM
[ReportManager] Successfully Opened [GoogleChrome]. @13-02-2021 17:09:32.0857 PM
[ReportManager] Target URL: [https://the-internet.herokuapp.com/] @13-02-2021 17:09:32.0887 PM
[ReportManager] Initial URL: [data:,] @13-02-2021 17:09:32.0944 PM
[ReportManager] Browser Action [navigateToURL] successfully performed. With the following test data [https://the-internet.herokuapp.com/]. @13-02-2021 17:09:33.0325 P

################################################################################################################################################
Starting Execution:	[92 out of 134] test cases in the current suite
Test Method:		[testPackage01.Test_NewValidationActions.f15]
################################################################################################################################################
[ReportManager] Element Action [getText] successfully performed. With the following test data [Welcome to the-internet]. @13-02-2021 17:09:33.0458 PM
[ReportManager] Loaded Shared OpenCV @13-02-2021 17:09:33.0601 PM
[ReportManager] AssertElementAttribute FAILED; Expected [Value Should not be 'Welcome' for the 'text' attribute, element locator 'By.tagName: h1'] and Actual [Welcome to the-internet]. Comparison Type [CONTAINS]. Validation Type [NEGATIVE]. @13-02-2021 17:09:33.0679 PM
[ReportManager] Successfully created attachment [Screenshot - 1613236173601_f15_AssertElementAttribute_failed] @13-02-2021 17:09:33.0680 P
[ReportManager] Successfully created attachment [Selenium WebDriver Logs - server] @13-02-2021 17:09:33.0694 PM
[ReportManager] Successfully created attachment [Selenium WebDriver Logs - performance] @13-02-2021 17:09:33.0712 PM
[ReportManager] Successfully created attachment [Selenium WebDriver Logs - browser] @13-02-2021 17:09:33.0719 PM
[ReportManager] Successfully created attachment [Selenium WebDriver Logs - driver] @13-02-2021 17:09:33.0770 PM
[ReportManager] Successfully Closed All Browsers. @13-02-2021 17:09:33.0845 P
[ReportManager] File Action [getAbsolutePath] successfully performed. With the following test data [Relative Folder Path: "target/downloadedFiles/"]. @13-02-2021 17:09:33.0847 PM
[ReportManager] Attempting to run remotely on: [Linux-64], [GoogleChrome], [http://localhost:4444/wd/hub], Headless Execution. @13-02-2021 17:09:33.0847 PM
[ReportManager] Successfully Opened [GoogleChrome]. @13-02-2021 17:09:34.0038 PM
[ReportManager] Target URL: [https://the-internet.herokuapp.com/] @13-02-2021 17:09:34.0049 PM
[ReportManager] Initial URL: [data:,] @13-02-2021 17:09:34.0093 PM
[ReportManager] Browser Action [navigateToURL] successfully performed. With the following test data [https://the-internet.herokuapp.com/]. @13-02-2021 17:09:34.0454 P

################################################################################################################################################
Starting Execution:	[93 out of 134] test cases in the current suite
Test Method:		[testPackage01.Test_NewValidationActions.f16]
################################################################################################################################################
[ReportManager] Element Action [identifyUniqueElement] failed. With the following test data [zero elements found matching this locator "By.tagName: h3".]. @13-02-2021 17:09:34.0648 PM
[ReportManager] Successfully created attachment [Screenshot - 1613236174585_f16_identifyUniqueElement_failed] @13-02-2021 17:09:34.0648 PM
[ReportManager] AssertElementAttribute FAILED; Expected [Value Should not be 'Welcome' for the 'text' attribute, element locator 'By.tagName: h3'] and Actual [Failed to read the desired element attribute]. Comparison Type [CONTAINS]. Validation Type [NEGATIVE]. @13-02-2021 17:09:34.0649 P
[ReportManager] Successfully created attachment [Selenium WebDriver Logs - server] @13-02-2021 17:09:34.0659 PM
[ReportManager] Successfully created attachment [Selenium WebDriver Logs - performance] @13-02-2021 17:09:34.0676 PM
[ReportManager] Successfully created attachment [Selenium WebDriver Logs - browser] @13-02-2021 17:09:34.0682 PM
[ReportManager] Successfully created attachment [Selenium WebDriver Logs - driver] @13-02-2021 17:09:34.0726 PM
[ReportManager] Successfully Closed All Browsers. @13-02-2021 17:09:34.0798 P
[ReportManager] File Action [getAbsolutePath] successfully performed. With the following test data [Relative Folder Path: "target/downloadedFiles/"]. @13-02-2021 17:09:34.0800 PM
[ReportManager] Attempting to run remotely on: [Linux-64], [GoogleChrome], [http://localhost:4444/wd/hub], Headless Execution. @13-02-2021 17:09:34.0800 PM
[ReportManager] Successfully Opened [GoogleChrome]. @13-02-2021 17:09:35.0016 PM
[ReportManager] Target URL: [https://the-internet.herokuapp.com/] @13-02-2021 17:09:35.0028 PM
[ReportManager] Initial URL: [data:,] @13-02-2021 17:09:35.0065 PM
[ReportManager] Browser Action [navigateToURL] successfully performed. With the following test data [https://the-internet.herokuapp.com/]. @13-02-2021 17:09:35.0473 P

################################################################################################################################################
Starting Execution:	[94 out of 134] test cases in the current suite
Test Method:		[testPackage01.Test_NewValidationActions.f17]
################################################################################################################################################
[ReportManager] Attempting to getAttribute [text2] from elementLocator [By.tagName: h1]. @13-02-2021 17:09:35.0481 PM
[ReportManager] Element Action [getAttribute] successfully performed. @13-02-2021 17:09:35.0579 PM
[ReportManager] Loaded Shared OpenCV @13-02-2021 17:09:35.0713 PM
[ReportManager] AssertElementAttribute PASSED; Expected [Value Should not be 'Welcome' for the 'text2' attribute, element locator 'By.tagName: h1'] and Actual [null]. Comparison Type [CONTAINS]. Validation Type [NEGATIVE]. @13-02-2021 17:09:35.0792 PM
[ReportManager] Successfully created attachment [Screenshot - 1613236175713_f17_AssertElementAttribute_passed] @13-02-2021 17:09:35.0793 P
[ReportManager] Successfully created attachment [Selenium WebDriver Logs - server] @13-02-2021 17:09:35.0803 PM
[ReportManager] Successfully created attachment [Selenium WebDriver Logs - performance] @13-02-2021 17:09:35.0820 PM
[ReportManager] Successfully created attachment [Selenium WebDriver Logs - browser] @13-02-2021 17:09:35.0827 PM
[ReportManager] Successfully created attachment [Selenium WebDriver Logs - driver] @13-02-2021 17:09:35.0882 PM
[ReportManager] Successfully Closed All Browsers. @13-02-2021 17:09:35.0955 P
[ReportManager] File Action [getAbsolutePath] successfully performed. With the following test data [Relative Folder Path: "target/downloadedFiles/"]. @13-02-2021 17:09:35.0957 PM
[ReportManager] Attempting to run remotely on: [Linux-64], [GoogleChrome], [http://localhost:4444/wd/hub], Headless Execution. @13-02-2021 17:09:35.0957 PM
[ReportManager] Successfully Opened [GoogleChrome]. @13-02-2021 17:09:36.0155 PM
[ReportManager] Target URL: [https://the-internet.herokuapp.com/] @13-02-2021 17:09:36.0165 PM
[ReportManager] Initial URL: [data:,] @13-02-2021 17:09:36.0204 PM
[ReportManager] Browser Action [navigateToURL] successfully performed. With the following test data [https://the-internet.herokuapp.com/]. @13-02-2021 17:09:36.0589 P

################################################################################################################################################
Starting Execution:	[95 out of 134] test cases in the current suite
Test Method:		[testPackage01.Test_NewValidationActions.f18]
################################################################################################################################################
[ReportManager] Element Action [getText] successfully performed. With the following test data [Welcome to the-internet]. @13-02-2021 17:09:36.0703 PM
[ReportManager] Loaded Shared OpenCV @13-02-2021 17:09:36.0865 PM
[ReportManager] AssertElementAttribute PASSED; Expected [Value Should not be 'no' for the 'text' attribute, element locator 'By.tagName: h1'] and Actual [Welcome to the-internet]. Comparison Type [CONTAINS]. Validation Type [NEGATIVE]. @13-02-2021 17:09:36.0945 PM
[ReportManager] Successfully created attachment [Screenshot - 1613236176865_f18_AssertElementAttribute_passed] @13-02-2021 17:09:36.0946 P
[ReportManager] Successfully created attachment [Selenium WebDriver Logs - server] @13-02-2021 17:09:36.0955 PM
[ReportManager] Successfully created attachment [Selenium WebDriver Logs - performance] @13-02-2021 17:09:36.0972 PM
[ReportManager] Successfully created attachment [Selenium WebDriver Logs - browser] @13-02-2021 17:09:36.0979 PM
[ReportManager] Successfully created attachment [Selenium WebDriver Logs - driver] @13-02-2021 17:09:37.0031 PM
[ReportManager] Successfully Closed All Browsers. @13-02-2021 17:09:37.0147 P
[ReportManager] File Action [getAbsolutePath] successfully performed. With the following test data [Relative Folder Path: "target/downloadedFiles/"]. @13-02-2021 17:09:37.0149 PM
[ReportManager] Attempting to run remotely on: [Linux-64], [GoogleChrome], [http://localhost:4444/wd/hub], Headless Execution. @13-02-2021 17:09:37.0149 PM
[ReportManager] Successfully Opened [GoogleChrome]. @13-02-2021 17:09:37.0363 PM
[ReportManager] Target URL: [https://the-internet.herokuapp.com/] @13-02-2021 17:09:37.0394 PM
[ReportManager] Initial URL: [data:,] @13-02-2021 17:09:37.0433 PM
[ReportManager] Browser Action [navigateToURL] successfully performed. With the following test data [https://the-internet.herokuapp.com/]. @13-02-2021 17:09:37.0795 P

################################################################################################################################################
Starting Execution:	[96 out of 134] test cases in the current suite
Test Method:		[testPackage01.Test_NewValidationActions.f19]
################################################################################################################################################
[ReportManager] Element Action [getTagName] successfully performed. With the following test data [h1]. @13-02-2021 17:09:37.0889 PM
[ReportManager] Loaded Shared OpenCV @13-02-2021 17:09:38.0033 PM
[ReportManager] AssertElementAttribute PASSED; Expected [Value Should be 'h' for the 'tagname' attribute, element locator 'By.tagName: h1'] and Actual [h1]. Comparison Type [CONTAINS]. Validation Type [POSITIVE]. @13-02-2021 17:09:38.0119 PM
[ReportManager] Successfully created attachment [Screenshot - 1613236178033_f19_AssertElementAttribute_passed] @13-02-2021 17:09:38.0120 P
[ReportManager] Successfully created attachment [Selenium WebDriver Logs - server] @13-02-2021 17:09:38.0129 PM
[ReportManager] Successfully created attachment [Selenium WebDriver Logs - performance] @13-02-2021 17:09:38.0147 PM
[ReportManager] Successfully created attachment [Selenium WebDriver Logs - browser] @13-02-2021 17:09:38.0152 PM
[ReportManager] Successfully created attachment [Selenium WebDriver Logs - driver] @13-02-2021 17:09:38.0202 PM
[ReportManager] Successfully Closed All Browsers. @13-02-2021 17:09:38.0276 P

################################################################################################################################################
Starting Execution:	[97 out of 134] test cases in the current suite
Test Method:		[testPackage01.Test_NewValidationActions.f2]
################################################################################################################################################
[ReportManager] Checking valid user data... @13-02-2021 17:09:38.0279 PM
[ReportManager] AssertEquals FAILED; Expected [1] and Actual [2]. Comparison Type [EQUALS]. Validation Type [POSITIVE]. @13-02-2021 17:09:38.0279 P
[ReportManager] File Action [getAbsolutePath] successfully performed. With the following test data [Relative Folder Path: "target/downloadedFiles/"]. @13-02-2021 17:09:38.0280 PM
[ReportManager] Attempting to run remotely on: [Linux-64], [GoogleChrome], [http://localhost:4444/wd/hub], Headless Execution. @13-02-2021 17:09:38.0280 PM
[ReportManager] Successfully Opened [GoogleChrome]. @13-02-2021 17:09:38.0508 PM
[ReportManager] Target URL: [https://the-internet.herokuapp.com/] @13-02-2021 17:09:38.0518 PM
[ReportManager] Initial URL: [data:,] @13-02-2021 17:09:38.0558 PM
[ReportManager] Browser Action [navigateToURL] successfully performed. With the following test data [https://the-internet.herokuapp.com/]. @13-02-2021 17:09:38.0965 P

################################################################################################################################################
Starting Execution:	[98 out of 134] test cases in the current suite
Test Method:		[testPackage01.Test_NewValidationActions.f20]
################################################################################################################################################
[ReportManager] Element Action [getSize] successfully performed. With the following test data [(755, 61)]. @13-02-2021 17:09:39.0059 PM
[ReportManager] Loaded Shared OpenCV @13-02-2021 17:09:39.0201 PM
[ReportManager] AssertElementAttribute PASSED; Expected [Value Should not be 'a' for the 'size' attribute, element locator 'By.tagName: h1'] and Actual [(755, 61)]. Comparison Type [CONTAINS]. Validation Type [NEGATIVE]. @13-02-2021 17:09:39.0290 PM
[ReportManager] Successfully created attachment [Screenshot - 1613236179200_f20_AssertElementAttribute_passed] @13-02-2021 17:09:39.0293 P
[ReportManager] Successfully created attachment [Selenium WebDriver Logs - server] @13-02-2021 17:09:39.0305 PM
[ReportManager] Successfully created attachment [Selenium WebDriver Logs - performance] @13-02-2021 17:09:39.0322 PM
[ReportManager] Successfully created attachment [Selenium WebDriver Logs - browser] @13-02-2021 17:09:39.0331 PM
[ReportManager] Successfully created attachment [Selenium WebDriver Logs - driver] @13-02-2021 17:09:39.0395 PM
[ReportManager] Successfully Closed All Browsers. @13-02-2021 17:09:39.0485 P
[ReportManager] File Action [getAbsolutePath] successfully performed. With the following test data [Relative Folder Path: "target/downloadedFiles/"]. @13-02-2021 17:09:39.0487 PM
[ReportManager] Attempting to run remotely on: [Linux-64], [GoogleChrome], [http://localhost:4444/wd/hub], Headless Execution. @13-02-2021 17:09:39.0487 PM
[ReportManager] Successfully Opened [GoogleChrome]. @13-02-2021 17:09:39.0716 PM
[ReportManager] Target URL: [https://the-internet.herokuapp.com/] @13-02-2021 17:09:39.0728 PM
[ReportManager] Initial URL: [data:,] @13-02-2021 17:09:39.0775 PM
[ReportManager] Browser Action [navigateToURL] successfully performed. With the following test data [https://the-internet.herokuapp.com/]. @13-02-2021 17:09:40.0142 P

################################################################################################################################################
Starting Execution:	[99 out of 134] test cases in the current suite
Test Method:		[testPackage01.Test_NewValidationActions.f21]
################################################################################################################################################
[ReportManager] Element Action [identifyUniqueElement] failed. With the following test data [zero elements found matching this locator "By.tagName: h3".]. @13-02-2021 17:09:40.0331 PM
[ReportManager] Successfully created attachment [Screenshot - 1613236180264_f21_identifyUniqueElement_failed] @13-02-2021 17:09:40.0331 PM
[ReportManager] AssertElementAttribute FAILED; Expected [Value Should be 'Welcome' for the 'text' attribute, element locator 'By.tagName: h3'] and Actual [Failed to read the desired element attribute]. Comparison Type [CONTAINS]. Validation Type [POSITIVE]. @13-02-2021 17:09:40.0332 P
[ReportManager] Successfully created attachment [Selenium WebDriver Logs - server] @13-02-2021 17:09:40.0347 PM
[ReportManager] Successfully created attachment [Selenium WebDriver Logs - performance] @13-02-2021 17:09:40.0366 PM
[ReportManager] Successfully created attachment [Selenium WebDriver Logs - browser] @13-02-2021 17:09:40.0372 PM
[ReportManager] Successfully created attachment [Selenium WebDriver Logs - driver] @13-02-2021 17:09:40.0423 PM
[ReportManager] Successfully Closed All Browsers. @13-02-2021 17:09:40.0502 P
[ReportManager] File Action [getAbsolutePath] successfully performed. With the following test data [Relative Folder Path: "target/downloadedFiles/"]. @13-02-2021 17:09:40.0505 PM
[ReportManager] Attempting to run remotely on: [Linux-64], [GoogleChrome], [http://localhost:4444/wd/hub], Headless Execution. @13-02-2021 17:09:40.0505 PM
[ReportManager] Successfully Opened [GoogleChrome]. @13-02-2021 17:09:40.0731 PM
[ReportManager] Target URL: [https://the-internet.herokuapp.com/] @13-02-2021 17:09:40.0744 PM
[ReportManager] Initial URL: [data:,] @13-02-2021 17:09:40.0787 PM
[ReportManager] Browser Action [navigateToURL] successfully performed. With the following test data [https://the-internet.herokuapp.com/]. @13-02-2021 17:09:41.0161 P

################################################################################################################################################
Starting Execution:	[100 out of 134] test cases in the current suite
Test Method:		[testPackage01.Test_NewValidationActions.f22]
################################################################################################################################################
[ReportManager] Element Action [getText] successfully performed. With the following test data [Welcome to the-internet]. @13-02-2021 17:09:41.0268 PM
[ReportManager] Loaded Shared OpenCV @13-02-2021 17:09:41.0414 PM
[ReportManager] AssertElementAttribute FAILED; Expected [Value Should be 'yyy' for the 'text' attribute, element locator 'By.tagName: h1'] and Actual [Welcome to the-internet]. Comparison Type [CONTAINS]. Validation Type [POSITIVE]. @13-02-2021 17:09:41.0495 PM
[ReportManager] Successfully created attachment [Screenshot - 1613236181414_f22_AssertElementAttribute_failed] @13-02-2021 17:09:41.0496 P
[ReportManager] Successfully created attachment [Selenium WebDriver Logs - server] @13-02-2021 17:09:41.0514 PM
[ReportManager] Successfully created attachment [Selenium WebDriver Logs - performance] @13-02-2021 17:09:41.0533 PM
[ReportManager] Successfully created attachment [Selenium WebDriver Logs - browser] @13-02-2021 17:09:41.0540 PM
[ReportManager] Successfully created attachment [Selenium WebDriver Logs - driver] @13-02-2021 17:09:41.0590 PM
[ReportManager] Successfully Closed All Browsers. @13-02-2021 17:09:41.0669 P

################################################################################################################################################
Starting Execution:	[101 out of 134] test cases in the current suite
Test Method:		[testPackage01.Test_NewValidationActions.f23]
################################################################################################################################################
[ReportManager] confirming that the actual is greater than or equal to the expected... @13-02-2021 17:09:41.0671 PM
[ReportManager] AssertComparativeRelation PASSED; Expected [1] and Actual [1]. Comparison Type [GREATER_THAN_OR_EQUALS]. Validation Type [POSITIVE]. @13-02-2021 17:09:41.0672 P

################################################################################################################################################
Starting Execution:	[102 out of 134] test cases in the current suite
Test Method:		[testPackage01.Test_NewValidationActions.f24]
################################################################################################################################################
[ReportManager] AssertComparativeRelation PASSED; Expected [1] and Actual [10]. Comparison Type [GREATER_THAN_OR_EQUALS]. Validation Type [POSITIVE]. @13-02-2021 17:09:41.0675 P

################################################################################################################################################
Starting Execution:	[103 out of 134] test cases in the current suite
Test Method:		[testPackage01.Test_NewValidationActions.f25]
################################################################################################################################################
[ReportManager] AssertComparativeRelation PASSED; Expected [1] and Actual [1]. Comparison Type [EQUALS]. Validation Type [POSITIVE]. @13-02-2021 17:09:41.0679 P

################################################################################################################################################
Starting Execution:	[104 out of 134] test cases in the current suite
Test Method:		[testPackage01.Test_NewValidationActions.f26]
################################################################################################################################################
[ReportManager] AssertComparativeRelation PASSED; Expected [1] and Actual [5]. Comparison Type [GREATER_THAN]. Validation Type [POSITIVE]. @13-02-2021 17:09:41.0681 P

################################################################################################################################################
Starting Execution:	[105 out of 134] test cases in the current suite
Test Method:		[testPackage01.Test_NewValidationActions.f27]
################################################################################################################################################
[ReportManager] AssertComparativeRelation PASSED; Expected [11] and Actual [5]. Comparison Type [LESS_THAN]. Validation Type [POSITIVE]. @13-02-2021 17:09:41.0684 P

################################################################################################################################################
Starting Execution:	[106 out of 134] test cases in the current suite
Test Method:		[testPackage01.Test_NewValidationActions.f28]
################################################################################################################################################
[ReportManager] AssertComparativeRelation PASSED; Expected [11] and Actual [5]. Comparison Type [LESS_THAN_OR_EQUALS]. Validation Type [POSITIVE]. @13-02-2021 17:09:41.0687 P

################################################################################################################################################
Starting Execution:	[107 out of 134] test cases in the current suite
Test Method:		[testPackage01.Test_NewValidationActions.f29]
################################################################################################################################################
[ReportManager] AssertComparativeRelation PASSED; Expected [11] and Actual [11]. Comparison Type [LESS_THAN_OR_EQUALS]. Validation Type [POSITIVE]. @13-02-2021 17:09:41.0689 P

################################################################################################################################################
Starting Execution:	[108 out of 134] test cases in the current suite
Test Method:		[testPackage01.Test_NewValidationActions.f3]
################################################################################################################################################
[ReportManager] AssertEquals PASSED; Expected [1] and Actual [2]. Comparison Type [EQUALS]. Validation Type [NEGATIVE]. @13-02-2021 17:09:41.0693 P

################################################################################################################################################
Starting Execution:	[109 out of 134] test cases in the current suite
Test Method:		[testPackage01.Test_NewValidationActions.f30]
################################################################################################################################################
[ReportManager] AssertComparativeRelation FAILED; Expected [-9] and Actual [11]. Comparison Type [LESS_THAN_OR_EQUALS]. Validation Type [POSITIVE]. @13-02-2021 17:09:41.0696 P

################################################################################################################################################
Starting Execution:	[110 out of 134] test cases in the current suite
Test Method:		[testPackage01.Test_NewValidationActions.f31]
################################################################################################################################################
[ReportManager] AssertTrue PASSED; Expected [TRUE] and Actual [TRUE]. Validation Type [POSITIVE]. @13-02-2021 17:09:41.0699 P

################################################################################################################################################
Starting Execution:	[111 out of 134] test cases in the current suite
Test Method:		[testPackage01.Test_NewValidationActions.f32]
################################################################################################################################################
[ReportManager] AssertTrue PASSED; Expected [FALSE] and Actual [FALSE]. Validation Type [NEGATIVE]. @13-02-2021 17:09:41.0702 P

################################################################################################################################################
Starting Execution:	[112 out of 134] test cases in the current suite
Test Method:		[testPackage01.Test_NewValidationActions.f33]
################################################################################################################################################
[ReportManager] AssertTrue FAILED; Expected [FALSE] and Actual [TRUE]. Validation Type [NEGATIVE]. @13-02-2021 17:09:41.0705 P

################################################################################################################################################
Starting Execution:	[113 out of 134] test cases in the current suite
Test Method:		[testPackage01.Test_NewValidationActions.f34]
################################################################################################################################################
[ReportManager] AssertTrue FAILED; Expected [TRUE] and Actual [FALSE]. Validation Type [POSITIVE]. @13-02-2021 17:09:41.0708 P

################################################################################################################################################
Starting Execution:	[114 out of 134] test cases in the current suite
Test Method:		[testPackage01.Test_NewValidationActions.f35]
################################################################################################################################################
[ReportManager] File Action [doesFileExist] successfully performed. With the following test data [File Path: "pom.xml"]. @13-02-2021 17:09:41.0711 PM
[ReportManager] AssertFileExists PASSED; Expected [File 'pom.xml' should exist, after up to '1' retries] and Actual [File exists]. Validation Type [POSITIVE]. @13-02-2021 17:09:41.0711 P

################################################################################################################################################
Starting Execution:	[115 out of 134] test cases in the current suite
Test Method:		[testPackage01.Test_NewValidationActions.f36]
################################################################################################################################################
[ReportManager] File Action [doesFileExist] successfully performed. With the following test data [File Path: "src/test/java/testPackage01/Test_NewValidationActions.java"]. @13-02-2021 17:09:41.0714 PM
[ReportManager] AssertFileExists PASSED; Expected [File 'src/test/java/testPackage01/Test_NewValidationActions.java' should exist, after up to '1' retries] and Actual [File exists]. Validation Type [POSITIVE]. @13-02-2021 17:09:41.0714 P

################################################################################################################################################
Starting Execution:	[116 out of 134] test cases in the current suite
Test Method:		[testPackage01.Test_NewValidationActions.f37]
################################################################################################################################################
[ReportManager] confirming that the file does't exist after 5 retries... @13-02-2021 17:09:41.0717 PM
[ReportManager] File Action [doesFileExist] successfully performed. With the following test data [File Path: "pom.xml"]. @13-02-2021 17:09:41.0717 PM
[ReportManager] AssertFileExists FAILED; Expected [File 'pom.xml' should not exist, after up to '5' retries] and Actual [File exists]. Validation Type [NEGATIVE]. @13-02-2021 17:09:41.0718 P

################################################################################################################################################
Starting Execution:	[117 out of 134] test cases in the current suite
Test Method:		[testPackage01.Test_NewValidationActions.f3_1]
################################################################################################################################################
[ReportManager] Checking valid user data... @13-02-2021 17:09:41.0721 PM
[ReportManager] AssertEquals PASSED; Expected [null] and Actual [null]. Comparison Type [EQUALS]. Validation Type [POSITIVE]. @13-02-2021 17:09:41.0721 P

################################################################################################################################################
Starting Execution:	[118 out of 134] test cases in the current suite
Test Method:		[testPackage01.Test_NewValidationActions.f4]
################################################################################################################################################
[ReportManager] AssertEquals PASSED; Expected [1] and Actual [123]. Comparison Type [CONTAINS]. Validation Type [POSITIVE]. @13-02-2021 17:09:41.0728 P

################################################################################################################################################
Starting Execution:	[119 out of 134] test cases in the current suite
Test Method:		[testPackage01.Test_NewValidationActions.f5]
################################################################################################################################################
[ReportManager] AssertNull PASSED; Expected [NULL] and Actual [1]. Comparison Type [EQUALS]. Validation Type [NEGATIVE]. @13-02-2021 17:09:41.0730 P

################################################################################################################################################
Starting Execution:	[120 out of 134] test cases in the current suite
Test Method:		[testPackage01.Test_NewValidationActions.f6]
################################################################################################################################################
[ReportManager] Making sure that null string is not equal to null object... @13-02-2021 17:09:41.0733 PM
[ReportManager] AssertNull FAILED; Expected [NULL] and Actual [NULL]. Comparison Type [EQUALS]. Validation Type [POSITIVE]. @13-02-2021 17:09:41.0733 P

################################################################################################################################################
Starting Execution:	[121 out of 134] test cases in the current suite
Test Method:		[testPackage01.Test_NewValidationActions.f6_1]
################################################################################################################################################
[ReportManager] AssertNull FAILED; Expected [NULL] and Actual [NULL]. Comparison Type [EQUALS]. Validation Type [NEGATIVE]. @13-02-2021 17:09:41.0736 P

################################################################################################################################################
Starting Execution:	[122 out of 134] test cases in the current suite
Test Method:		[testPackage01.Test_NewValidationActions.f6_2]
################################################################################################################################################
[ReportManager] Making sure that null string is not equal to null object... @13-02-2021 17:09:41.0739 PM
[ReportManager] AssertNull FAILED; Expected [NULL] and Actual [not null]. Comparison Type [EQUALS]. Validation Type [POSITIVE]. @13-02-2021 17:09:41.0739 P

################################################################################################################################################
Starting Execution:	[123 out of 134] test cases in the current suite
Test Method:		[testPackage01.Test_NewValidationActions.f7]
################################################################################################################################################
[ReportManager] AssertNull PASSED; Expected [NULL] and Actual [NULL]. Comparison Type [EQUALS]. Validation Type [POSITIVE]. @13-02-2021 17:09:41.0742 P
[ReportManager] File Action [getAbsolutePath] successfully performed. With the following test data [Relative Folder Path: "target/downloadedFiles/"]. @13-02-2021 17:09:41.0746 PM
[ReportManager] Attempting to run remotely on: [Linux-64], [GoogleChrome], [http://localhost:4444/wd/hub], Headless Execution. @13-02-2021 17:09:41.0746 PM
[ReportManager] Successfully Opened [GoogleChrome]. @13-02-2021 17:09:41.0946 PM
[ReportManager] Target URL: [https://the-internet.herokuapp.com/] @13-02-2021 17:09:41.0957 PM
[ReportManager] Initial URL: [data:,] @13-02-2021 17:09:42.0000 PM
[ReportManager] Browser Action [navigateToURL] successfully performed. With the following test data [https://the-internet.herokuapp.com/]. @13-02-2021 17:09:42.0384 P

################################################################################################################################################
Starting Execution:	[124 out of 134] test cases in the current suite
Test Method:		[testPackage01.Test_NewValidationActions.f8]
################################################################################################################################################
[ReportManager] Loaded Shared OpenCV @13-02-2021 17:09:42.0592 PM
[ReportManager] AssertElementExists PASSED; Expected [Element Should Exist, locator 'By.tagName: h1'] and Actual [Element Exists]. Comparison Type [EQUALS]. Validation Type [POSITIVE]. @13-02-2021 17:09:42.0673 PM
[ReportManager] Successfully created attachment [Screenshot - 1613236182592_f8_AssertElementExists_passed] @13-02-2021 17:09:42.0674 P
[ReportManager] Successfully created attachment [Selenium WebDriver Logs - server] @13-02-2021 17:09:42.0688 PM
[ReportManager] Successfully created attachment [Selenium WebDriver Logs - performance] @13-02-2021 17:09:42.0707 PM
[ReportManager] Successfully created attachment [Selenium WebDriver Logs - browser] @13-02-2021 17:09:42.0713 PM
[ReportManager] Successfully created attachment [Selenium WebDriver Logs - driver] @13-02-2021 17:09:42.0759 PM
[ReportManager] Successfully Closed All Browsers. @13-02-2021 17:09:42.0833 P
[ReportManager] File Action [getAbsolutePath] successfully performed. With the following test data [Relative Folder Path: "target/downloadedFiles/"]. @13-02-2021 17:09:42.0834 PM
[ReportManager] Attempting to run remotely on: [Linux-64], [GoogleChrome], [http://localhost:4444/wd/hub], Headless Execution. @13-02-2021 17:09:42.0834 PM
[ReportManager] Successfully Opened [GoogleChrome]. @13-02-2021 17:09:43.0043 PM
[ReportManager] Target URL: [https://the-internet.herokuapp.com/] @13-02-2021 17:09:43.0057 PM
[ReportManager] Initial URL: [data:,] @13-02-2021 17:09:43.0106 PM
[ReportManager] Browser Action [navigateToURL] successfully performed. With the following test data [https://the-internet.herokuapp.com/]. @13-02-2021 17:09:43.0470 P

################################################################################################################################################
Starting Execution:	[125 out of 134] test cases in the current suite
Test Method:		[testPackage01.Test_NewValidationActions.f9]
################################################################################################################################################
[ReportManager] AssertElementExists FAILED; Expected [Element Should Exist, locator 'By.tagName: h3'] and Actual [Element Doesn't Exists]. Comparison Type [EQUALS]. Validation Type [POSITIVE]. @13-02-2021 17:09:43.0706 PM
[ReportManager] Successfully created attachment [Screenshot - 1613236183632_f9_AssertElementExists_failed] @13-02-2021 17:09:43.0706 P
[ReportManager] Successfully created attachment [Selenium WebDriver Logs - server] @13-02-2021 17:09:43.0720 PM
[ReportManager] Successfully created attachment [Selenium WebDriver Logs - performance] @13-02-2021 17:09:43.0740 PM
[ReportManager] Successfully created attachment [Selenium WebDriver Logs - browser] @13-02-2021 17:09:43.0746 PM
[ReportManager] Successfully created attachment [Selenium WebDriver Logs - driver] @13-02-2021 17:09:43.0791 PM
[ReportManager] Successfully Closed All Browsers. @13-02-2021 17:09:43.0863 P

################################################################################################################################################
Starting Execution:	[126 out of 134] test cases in the current suite
Test Method:		[testPackage01.Test_NewValidationActions.forceFail]
################################################################################################################################################
[ReportManager] AssertFail FAILED; Expected [null] and Actual [null]. @13-02-2021 17:09:43.0868 P

################################################################################################################################################
Starting Execution:	[127 out of 134] test cases in the current suite
Test Method:		[testPackage01.Test_NewValidationActions.forceFail2]
################################################################################################################################################
[ReportManager] Custom Message... @13-02-2021 17:09:43.0875 PM
[ReportManager] AssertFail FAILED; Expected [null] and Actual [null]. @13-02-2021 17:09:43.0875 P
[ReportManager] File Action [getAbsolutePath] successfully performed. With the following test data [Relative Folder Path: "target/downloadedFiles/"]. @13-02-2021 17:09:43.0881 PM
[ReportManager] Attempting to run remotely on: [Linux-64], [GoogleChrome], [http://localhost:4444/wd/hub], Headless Execution. @13-02-2021 17:09:43.0881 PM
[ReportManager] Successfully Opened [GoogleChrome]. @13-02-2021 17:09:44.0104 P

################################################################################################################################################
Starting Execution:	[128 out of 134] test cases in the current suite
Test Method:		[testPackage01.Test_ShadowDOM.shadowdom]
################################################################################################################################################
[ReportManager] Target URL: [https://mdn.github.io/web-components-examples/popup-info-box-web-component/] @13-02-2021 17:09:44.0127 PM
[ReportManager] Initial URL: [data:,] @13-02-2021 17:09:44.0164 PM
[ReportManager] Browser Action [navigateToURL] successfully performed. With the following test data [https://mdn.github.io/web-components-examples/popup-info-box-web-component/]. @13-02-2021 17:09:44.0363 PM
[ReportManager] Element Action [type] successfully performed. With the following test data [Typing into SHADOW DOM...]. @13-02-2021 17:09:45.0121 PM
[ReportManager] Element Action [getText] successfully performed. With the following test data [Typing into SHADOW DOM...]. @13-02-2021 17:09:45.0239 PM
[ReportManager] Loaded Shared OpenCV @13-02-2021 17:09:45.0345 PM
[ReportManager] AssertElementAttribute PASSED; Expected [Value Should be 'Typing into SHADOW DOM...' for the 'Text' attribute, element locator 'By.id: cvc'] and Actual [Typing into SHADOW DOM...]. Comparison Type [EQUALS]. Validation Type [POSITIVE]. @13-02-2021 17:09:45.0413 PM
[ReportManager] Successfully created attachment [Screenshot - 1613236185345_shadowdom_AssertElementAttribute_passed] @13-02-2021 17:09:45.0413 P
[ReportManager] Successfully created attachment [Selenium WebDriver Logs - server] @13-02-2021 17:09:45.0454 PM
[ReportManager] Successfully created attachment [Selenium WebDriver Logs - performance] @13-02-2021 17:09:45.0463 PM
[ReportManager] Successfully created attachment [Selenium WebDriver Logs - browser] @13-02-2021 17:09:45.0469 PM
[ReportManager] Successfully created attachment [Selenium WebDriver Logs - driver] @13-02-2021 17:09:45.0537 PM
[ReportManager] Browser Action [closeCurrentWindow] successfully performed. @13-02-2021 17:09:45.0596 PM
[ReportManager] Successfully created attachment [Browser Action Test Data - closeCurrentWindow - Actual Value] @13-02-2021 17:09:45.0596 P

################################################################################################################################################
Starting Execution:	[129 out of 134] test cases in the current suite
Test Method:		[testPackage01.Test_chainableElementActions.chainElementActions]
################################################################################################################################################
[ReportManager] File Action [getAbsolutePath] successfully performed. With the following test data [Relative Folder Path: "target/downloadedFiles/"]. @13-02-2021 17:09:45.0603 PM
[ReportManager] Attempting to run remotely on: [Linux-64], [GoogleChrome], [http://localhost:4444/wd/hub], Headless Execution. @13-02-2021 17:09:45.0603 PM
[ReportManager] Successfully Opened [GoogleChrome]. @13-02-2021 17:09:45.0839 PM
[ReportManager] Target URL: [https://www.google.com/ncr], and after redirection: [https://www.google.com] @13-02-2021 17:09:45.0854 PM
[ReportManager] Initial URL: [data:,] @13-02-2021 17:09:45.0893 PM
[ReportManager] Browser Action [navigateToURL] successfully performed. With the following test data [https://www.google.com/ncr]. @13-02-2021 17:09:46.0664 PM
[ReportManager] Element Action [type] successfully performed. With the following test data [chained type 1]. @13-02-2021 17:09:47.0245 PM
[ReportManager] Element Action [type] successfully performed. With the following test data [chained type 2]. @13-02-2021 17:09:47.0853 PM
[ReportManager] Element Action [typeAppend] successfully performed. With the following test data [345]. @13-02-2021 17:09:48.0030 PM
[ReportManager] Element Action [getText] successfully performed. With the following test data [chained type 2345]. @13-02-2021 17:09:48.0166 PM
[ReportManager] Loaded Shared OpenCV @13-02-2021 17:09:48.0286 PM
[ReportManager] AssertElementAttribute PASSED; Expected [Value Should be 'chained type 2345' for the 'text' attribute, element locator 'By.name: q'] and Actual [chained type 2345]. Comparison Type [EQUALS]. Validation Type [POSITIVE]. @13-02-2021 17:09:48.0357 PM
[ReportManager] Successfully created attachment [Screenshot - 1613236188286_chainElementActions_AssertElementAttribute_passed] @13-02-2021 17:09:48.0357 PM
[ReportManager] Successfully created attachment [Selenium WebDriver Logs - server] @13-02-2021 17:09:48.0424 PM
[ReportManager] Successfully created attachment [Selenium WebDriver Logs - performance] @13-02-2021 17:09:48.0561 PM
[ReportManager] Successfully created attachment [Selenium WebDriver Logs - driver] @13-02-2021 17:09:48.0753 PM
[ReportManager] Browser Action [closeCurrentWindow] successfully performed. @13-02-2021 17:09:48.0812 PM
[ReportManager] Successfully created attachment [Browser Action Test Data - closeCurrentWindow - Actual Value] @13-02-2021 17:09:48.0812 P

################################################################################################################################################
Starting Execution:	[130 out of 134] test cases in the current suite
Test Method:		[testPackage01.Test_SelectedValue.multipleSelect]
################################################################################################################################################
[ReportManager] File Action [getAbsolutePath] successfully performed. With the following test data [Relative Folder Path: "target/downloadedFiles/"]. @13-02-2021 17:09:48.0839 PM
[ReportManager] Attempting to run remotely on: [Linux-64], [GoogleChrome], [http://localhost:4444/wd/hub], Headless Execution. @13-02-2021 17:09:48.0840 PM
[ReportManager] Successfully Opened [GoogleChrome]. @13-02-2021 17:09:49.0080 PM
[ReportManager] Target URL: [https://mdn.mozillademos.org/en-US/docs/Web/HTML/Element/select$samples/Advanced_select_with_multiple_features?revision=1612304] @13-02-2021 17:09:49.0090 PM
[ReportManager] Initial URL: [data:,] @13-02-2021 17:09:49.0130 PM
[ReportManager] Browser Action [navigateToURL] successfully performed. With the following test data [https://mdn.mozillademos.org/en-US/docs/Web/HTML/Element/select$samples/Advanced_select_with_multiple_features?revision=1612304]. @13-02-2021 17:09:49.0829 PM
[ReportManager] Element Action [select] successfully performed. With the following test data [Dog]. @13-02-2021 17:09:50.0096 PM
[ReportManager] Element Action [select] successfully performed. With the following test data [Cat]. @13-02-2021 17:09:50.0357 PM
[ReportManager] Element Action [getSelectedText] successfully performed. With the following test data [DogCat]. @13-02-2021 17:09:50.0532 PM
[ReportManager] DogCat @13-02-2021 17:09:50.0532 PM
[ReportManager] Element Action [getSelectedText] successfully performed. With the following test data [DogCat]. @13-02-2021 17:09:50.0728 PM
[ReportManager] Loaded Shared OpenCV @13-02-2021 17:09:50.0860 PM
[ReportManager] AssertElementAttribute PASSED; Expected [Value Should be 'DogCat' for the 'selectedText' attribute, element locator 'By.tagName: select'] and Actual [DogCat]. Comparison Type [EQUALS]. Validation Type [POSITIVE]. @13-02-2021 17:09:50.0926 PM
[ReportManager] Successfully created attachment [Screenshot - 1613236190860_multipleSelect_AssertElementAttribute_passed] @13-02-2021 17:09:50.0926 PM
[ReportManager] Successfully created attachment [Selenium WebDriver Logs - server] @13-02-2021 17:09:50.0959 PM
[ReportManager] Successfully created attachment [Selenium WebDriver Logs - performance] @13-02-2021 17:09:50.0967 PM
[ReportManager] Successfully created attachment [Selenium WebDriver Logs - driver] @13-02-2021 17:09:51.0052 PM
[ReportManager] Browser Action [closeCurrentWindow] successfully performed. @13-02-2021 17:09:51.0109 PM
[ReportManager] Successfully created attachment [Browser Action Test Data - closeCurrentWindow - Actual Value] @13-02-2021 17:09:51.0110 P

################################################################################################################################################
Starting Execution:	[131 out of 134] test cases in the current suite
Test Method:		[testPackage01.Test_SelectedValue.simpleSelect]
################################################################################################################################################
[ReportManager] File Action [getAbsolutePath] successfully performed. With the following test data [Relative Folder Path: "target/downloadedFiles/"]. @13-02-2021 17:09:51.0134 PM
[ReportManager] Attempting to run remotely on: [Linux-64], [GoogleChrome], [http://localhost:4444/wd/hub], Headless Execution. @13-02-2021 17:09:51.0134 PM
[ReportManager] Successfully Opened [GoogleChrome]. @13-02-2021 17:09:51.0349 PM
[ReportManager] Target URL: [https://mdn.mozillademos.org/en-US/docs/Web/HTML/Element/select$samples/Basic_select?revision=1612304] @13-02-2021 17:09:51.0359 PM
[ReportManager] Initial URL: [data:,] @13-02-2021 17:09:51.0397 PM
[ReportManager] Browser Action [navigateToURL] successfully performed. With the following test data [https://mdn.mozillademos.org/en-US/docs/Web/HTML/Element/select$samples/Basic_select?revision=1612304]. @13-02-2021 17:09:51.0620 PM
[ReportManager] Element Action [select] successfully performed. With the following test data [Third Value]. @13-02-2021 17:09:51.0970 PM
[ReportManager] Element Action [getSelectedText] successfully performed. With the following test data [Third Value]. @13-02-2021 17:09:52.0110 PM
[ReportManager] Third Value @13-02-2021 17:09:52.0110 PM
[ReportManager] Element Action [getSelectedText] successfully performed. With the following test data [Third Value]. @13-02-2021 17:09:52.0230 PM
[ReportManager] Loaded Shared OpenCV @13-02-2021 17:09:52.0344 PM
[ReportManager] AssertElementAttribute PASSED; Expected [Value Should be 'Third Value' for the 'selectedText' attribute, element locator 'By.tagName: select'] and Actual [Third Value]. Comparison Type [EQUALS]. Validation Type [POSITIVE]. @13-02-2021 17:09:52.0408 PM
[ReportManager] Successfully created attachment [Screenshot - 1613236192343_simpleSelect_AssertElementAttribute_passed] @13-02-2021 17:09:52.0409 PM
[ReportManager] Successfully created attachment [Selenium WebDriver Logs - server] @13-02-2021 17:09:52.0443 PM
[ReportManager] Successfully created attachment [Selenium WebDriver Logs - performance] @13-02-2021 17:09:52.0451 PM
[ReportManager] Successfully created attachment [Selenium WebDriver Logs - driver] @13-02-2021 17:09:52.0519 PM
[ReportManager] Browser Action [closeCurrentWindow] successfully performed. @13-02-2021 17:09:52.0578 PM
[ReportManager] Successfully created attachment [Browser Action Test Data - closeCurrentWindow - Actual Value] @13-02-2021 17:09:52.0578 P
[ReportManager] File Action [getAbsolutePath] successfully performed. With the following test data [Relative Folder Path: "target/downloadedFiles/"]. @13-02-2021 17:09:52.0585 PM
[ReportManager] Attempting to run remotely on: [Linux-64], [GoogleChrome], [http://localhost:4444/wd/hub], Headless Execution. @13-02-2021 17:09:52.0585 PM
[ReportManager] Successfully Opened [GoogleChrome]. @13-02-2021 17:09:52.0808 P

################################################################################################################################################
Starting Execution:	[132 out of 134] test cases in the current suite
Test Method:		[testPackage01.Test_clipboardActions.typeTextAndCopyPaste]
################################################################################################################################################
[ReportManager] Target URL: [https://www.google.com/ncr], and after redirection: [https://www.google.com] @13-02-2021 17:09:52.0827 PM
[ReportManager] Initial URL: [data:,] @13-02-2021 17:09:52.0871 PM
[ReportManager] Browser Action [navigateToURL] successfully performed. With the following test data [https://www.google.com/ncr]. @13-02-2021 17:09:53.0690 PM
[ReportManager] Element Action [type] successfully performed. With the following test data [FIRST]. @13-02-2021 17:09:54.0198 PM
[ReportManager] Element Action [clipboardActions] successfully performed. With the following test data [select all]. @13-02-2021 17:09:54.0296 PM
[ReportManager] Element Action [clipboardActions] successfully performed. With the following test data [copy]. @13-02-2021 17:09:54.0387 PM
[ReportManager] Element Action [clipboardActions] successfully performed. With the following test data [unselect]. @13-02-2021 17:09:54.0454 PM
[ReportManager] Element Action [clipboardActions] successfully performed. With the following test data [paste]. @13-02-2021 17:09:54.0542 PM
[ReportManager] Element Action [clipboardActions] successfully performed. With the following test data [select all]. @13-02-2021 17:09:54.0632 PM
[ReportManager] Element Action [clipboardActions] successfully performed. With the following test data [cut]. @13-02-2021 17:09:54.0759 PM
[ReportManager] Element Action [clipboardActions] successfully performed. With the following test data [paste]. @13-02-2021 17:09:54.0865 PM
[ReportManager] Element Action [clipboardActions] successfully performed. With the following test data [paste]. @13-02-2021 17:09:54.0975 P
[ReportManager] Successfully created attachment [Selenium WebDriver Logs - server] @13-02-2021 17:09:55.0053 PM
[ReportManager] Successfully created attachment [Selenium WebDriver Logs - performance] @13-02-2021 17:09:55.0123 PM
[ReportManager] Successfully created attachment [Selenium WebDriver Logs - driver] @13-02-2021 17:09:55.0281 PM
[ReportManager] Browser Action [closeCurrentWindow] successfully performed. @13-02-2021 17:09:55.0337 PM
[ReportManager] Successfully created attachment [Browser Action Test Data - closeCurrentWindow - Actual Value] @13-02-2021 17:09:55.0338 P
[ReportManager] File Action [getAbsolutePath] successfully performed. With the following test data [Relative Folder Path: "target/downloadedFiles/"]. @13-02-2021 17:09:55.0339 PM
[ReportManager] Attempting to run remotely on: [Linux-64], [GoogleChrome], [http://localhost:4444/wd/hub], Headless Execution. @13-02-2021 17:09:55.0339 PM
[ReportManager] Successfully Opened [GoogleChrome]. @13-02-2021 17:09:55.0531 P

################################################################################################################################################
Starting Execution:	[133 out of 134] test cases in the current suite
Test Method:		[testPackage01.Test_uploadFile.uploadFile_invisibleUploadInput]
################################################################################################################################################
[ReportManager] Target URL: [https://fineuploader.com/demos.html#gallery-view] @13-02-2021 17:09:55.0550 PM
[ReportManager] Initial URL: [data:,] @13-02-2021 17:09:55.0624 PM
[ReportManager] Browser Action [navigateToURL] successfully performed. With the following test data [https://fineuploader.com/demos.html#gallery-view]. @13-02-2021 17:09:57.0145 PM
[ReportManager] File Action [getAbsolutePath] successfully performed. With the following test data [Relative File Path: "src/main/resources/images/shaft.png"]. @13-02-2021 17:09:57.0145 PM
[ReportManager] Successfully created attachment [File Action Actual Result - Command Log] @13-02-2021 17:09:57.0146 PM
[ReportManager] Element Action [typeFileLocationForUpload] successfully performed. With the following test data [/home/runner/work/SHAFT_ENGINE/SHAFT_ENGINE/src/main/resources/images/shaft.png]. @13-02-2021 17:09:57.0337 PM
[ReportManager] Attempting to getAttribute [src] from elementLocator [By.xpath: //div[@id='fine-uploader-gallery']//div[@class='qq-thumbnail-wrapper']/img]. @13-02-2021 17:09:57.0337 PM
[ReportManager] Element Action [getAttribute] successfully performed. @13-02-2021 17:09:57.0465 PM
[ReportManager] Successfully created attachment [Element Action Test Data - getAttribute - Actual Value] @13-02-2021 17:09:57.0466 PM
[ReportManager] Loaded Shared OpenCV @13-02-2021 17:09:57.0611 PM
[ReportManager] AssertElementAttribute PASSED; Expected and Actual values are attached. Comparison Type [CONTAINS]. Validation Type [POSITIVE]. @13-02-2021 17:09:57.0695 PM
[ReportManager] Successfully created attachment [Validation Test Data - Expected Value] @13-02-2021 17:09:57.0695 PM
[ReportManager] Successfully created attachment [Validation Test Data - Actual Value] @13-02-2021 17:09:57.0695 PM
[ReportManager] Successfully created attachment [Screenshot - 1613236197611_uploadFile_invisibleUploadInput_AssertElementAttribute_passed] @13-02-2021 17:09:57.0696 P
[ReportManager] Successfully created attachment [Selenium WebDriver Logs - server] @13-02-2021 17:09:57.0789 PM
[ReportManager] Successfully created attachment [Selenium WebDriver Logs - performance] @13-02-2021 17:09:57.0873 PM
[ReportManager] Successfully created attachment [Selenium WebDriver Logs - browser] @13-02-2021 17:09:57.0882 PM
[ReportManager] Successfully created attachment [Selenium WebDriver Logs - driver] @13-02-2021 17:09:58.0016 PM
[ReportManager] Browser Action [closeCurrentWindow] successfully performed. @13-02-2021 17:09:58.0075 PM
[ReportManager] Successfully created attachment [Browser Action Test Data - closeCurrentWindow - Actual Value] @13-02-2021 17:09:58.0076 P
[ReportManager] File Action [getAbsolutePath] successfully performed. With the following test data [Relative Folder Path: "target/downloadedFiles/"]. @13-02-2021 17:09:58.0078 PM
[ReportManager] Attempting to run remotely on: [Linux-64], [GoogleChrome], [http://localhost:4444/wd/hub], Headless Execution. @13-02-2021 17:09:58.0079 PM
[ReportManager] Successfully Opened [GoogleChrome]. @13-02-2021 17:09:58.0288 P

################################################################################################################################################
Starting Execution:	[134 out of 134] test cases in the current suite
Test Method:		[testPackage01.Test_uploadFile.uploadFile_visibleUploadInput]
################################################################################################################################################
[ReportManager] Target URL: [http://demo.guru99.com/test/upload/] @13-02-2021 17:09:58.0335 PM
[ReportManager] Initial URL: [data:,] @13-02-2021 17:09:58.0380 PM
[ReportManager] Browser Action [navigateToURL] successfully performed. With the following test data [http://demo.guru99.com/test/upload/]. @13-02-2021 17:09:59.0631 PM
[ReportManager] File Action [getAbsolutePath] successfully performed. With the following test data [Relative File Path: "src/main/resources/images/shaft.png"]. @13-02-2021 17:09:59.0632 PM
[ReportManager] Successfully created attachment [File Action Actual Result - Command Log] @13-02-2021 17:09:59.0632 PM
[ReportManager] Element Action [typeFileLocationForUpload] successfully performed. With the following test data [/home/runner/work/SHAFT_ENGINE/SHAFT_ENGINE/src/main/resources/images/shaft.png]. @13-02-2021 17:09:59.0787 PM
[ReportManager] Element Action [click] successfully performed. With the following test data [on]. @13-02-2021 17:10:00.0147 PM
[ReportManager] Element Action [click] successfully performed. With the following test data [Submit File]. @13-02-2021 17:10:00.0483 PM
[ReportManager] Element Action [getText] successfully performed. With the following test data [1 file
has been successfully uploaded.]. @13-02-2021 17:10:01.0123 PM
[ReportManager] Loaded Shared OpenCV @13-02-2021 17:10:01.0264 PM
[ReportManager] AssertElementAttribute PASSED; Expected [Value Should be '1 file' for the 'Text' attribute, element locator 'By.id: res'] and Actual [1 file
has been successfully uploaded.]. Comparison Type [CONTAINS]. Validation Type [POSITIVE]. @13-02-2021 17:10:01.0340 PM
[ReportManager] Successfully created attachment [Screenshot - 1613236201264_uploadFile_visibleUploadInput_AssertElementAttribute_passed] @13-02-2021 17:10:01.0340 P
[ReportManager] Successfully created attachment [Selenium WebDriver Logs - server] @13-02-2021 17:10:01.0394 PM
[ReportManager] Successfully created attachment [Selenium WebDriver Logs - performance] @13-02-2021 17:10:01.0469 PM
[ReportManager] Successfully created attachment [Selenium WebDriver Logs - browser] @13-02-2021 17:10:01.0476 PM
[ReportManager] Successfully created attachment [Selenium WebDriver Logs - driver] @13-02-2021 17:10:01.0687 PM
[ReportManager] Browser Action [closeCurrentWindow] successfully performed. @13-02-2021 17:10:01.0745 PM
[ReportManager] Successfully created attachment [Browser Action Test Data - closeCurrentWindow - Actual Value] @13-02-2021 17:10:01.0746 P

################################################################################################################################################
Test Closure Activities
################################################################################################################################################
[ReportManager] Successfully created attachment [SHAFT Engine Logs - Execution log] @13-02-2021 17:10:01.0790 PM

################################################################################################################################################
This test run was powered by SHAFT Engine Version: [SHAFT Engine v5.1]
SHAFT Engine is licensed under the MIT License: [https://github.com/MohabMohie/SHAFT_ENGINE/blob/master/LICENSE].
################################################################################################################################################