################################################################################################################################################
Detected SHAFT Engine Version: [SHAFT Engine v5.1]
################################################################################################################################################
[ReportManager] File Action [getAbsolutePath] successfully performed. With the following test data [Relative Folder Path: "target/downloadedFiles/"]. @16-02-2021 01:30:24.0198 AM
[ReportManager] Attempting to run remotely on: [Linux-64], [GoogleChrome], [http://localhost:4444/wd/hub], Headless Execution. @16-02-2021 01:30:24.0231 AM
[ReportManager] Successfully Opened [GoogleChrome]. @16-02-2021 01:30:25.0697 A

################################################################################################################################################
Starting Execution:	[1 out of 134] test cases in the current suite
Test Method:		[unitTests.tests_element_elementActions.waitForElementToBePresent_false_expectedToFail]
################################################################################################################################################
[ReportManager] Target URL: [https://www.google.com/ncr], and after redirection: [www.google.com] @16-02-2021 01:30:25.0988 AM
[ReportManager] Initial URL: [data:,] @16-02-2021 01:30:26.0076 AM
[ReportManager] Browser Action [navigateToURL] successfully performed. With the following test data [https://www.google.com/ncr]. @16-02-2021 01:30:27.0192 AM
[ReportManager] Waiting for element to be present; elementLocator [By.id: hplogo], numberOfTries[1], stateOfPresence[false]... @16-02-2021 01:30:27.0200 AM
[ReportManager] Element Action [waitForElementToBePresent] successfully performed. With the following test data [waited up to (5) seconds, for the element's state of presence to be (false). Element locator (By.id: hplogo)]. @16-02-2021 01:30:27.0287 A
[ReportManager] Successfully created attachment [Selenium WebDriver Logs - server] @16-02-2021 01:30:27.0422 AM
[ReportManager] Successfully created attachment [Selenium WebDriver Logs - performance] @16-02-2021 01:30:27.0477 AM
[ReportManager] Successfully created attachment [Selenium WebDriver Logs - driver] @16-02-2021 01:30:27.0616 AM
[ReportManager] Browser Action [closeCurrentWindow] successfully performed. @16-02-2021 01:30:27.0677 AM
[ReportManager] Successfully created attachment [Browser Action Test Data - closeCurrentWindow - Actual Value] @16-02-2021 01:30:27.0686 A
[ReportManager] File Action [getAbsolutePath] successfully performed. With the following test data [Relative Folder Path: "target/downloadedFiles/"]. @16-02-2021 01:30:27.0698 AM
[ReportManager] Attempting to run remotely on: [Linux-64], [GoogleChrome], [http://localhost:4444/wd/hub], Headless Execution. @16-02-2021 01:30:27.0698 AM
[ReportManager] Successfully Opened [GoogleChrome]. @16-02-2021 01:30:28.0227 A

################################################################################################################################################
Starting Execution:	[2 out of 134] test cases in the current suite
Test Method:		[unitTests.tests_element_elementActions.waitForElementToBePresent_false_expectedToPass]
################################################################################################################################################
[ReportManager] Target URL: [https://www.google.com/ncr], and after redirection: [www.google.com] @16-02-2021 01:30:28.0257 AM
[ReportManager] Initial URL: [data:,] @16-02-2021 01:30:28.0350 AM
[ReportManager] Browser Action [navigateToURL] successfully performed. With the following test data [https://www.google.com/ncr]. @16-02-2021 01:30:29.0185 AM
[ReportManager] Waiting for element to be present; elementLocator [By.id: bla], numberOfTries[1], stateOfPresence[false]... @16-02-2021 01:30:29.0185 AM
[ReportManager] Element Action [waitForElementToBePresent] successfully performed. With the following test data [waited up to (5) seconds, for the element's state of presence to be (false). Element locator (By.id: bla)]. @16-02-2021 01:30:29.0229 A
[ReportManager] Successfully created attachment [Selenium WebDriver Logs - server] @16-02-2021 01:30:29.0324 AM
[ReportManager] Successfully created attachment [Selenium WebDriver Logs - performance] @16-02-2021 01:30:29.0369 AM
[ReportManager] Successfully created attachment [Selenium WebDriver Logs - driver] @16-02-2021 01:30:29.0465 AM
[ReportManager] Browser Action [closeCurrentWindow] successfully performed. @16-02-2021 01:30:29.0530 AM
[ReportManager] Successfully created attachment [Browser Action Test Data - closeCurrentWindow - Actual Value] @16-02-2021 01:30:29.0531 A
[ReportManager] File Action [getAbsolutePath] successfully performed. With the following test data [Relative Folder Path: "target/downloadedFiles/"]. @16-02-2021 01:30:29.0552 AM
[ReportManager] Attempting to run remotely on: [Linux-64], [GoogleChrome], [http://localhost:4444/wd/hub], Headless Execution. @16-02-2021 01:30:29.0553 AM
[ReportManager] Successfully Opened [GoogleChrome]. @16-02-2021 01:30:30.0069 A

################################################################################################################################################
Starting Execution:	[3 out of 134] test cases in the current suite
Test Method:		[unitTests.tests_element_elementActions.waitForElementToBePresent_moreThanOneElement_expectedToFail]
################################################################################################################################################
[ReportManager] Target URL: [https://www.google.com/ncr], and after redirection: [www.google.com] @16-02-2021 01:30:30.0103 AM
[ReportManager] Initial URL: [data:,] @16-02-2021 01:30:30.0175 AM
[ReportManager] Browser Action [navigateToURL] successfully performed. With the following test data [https://www.google.com/ncr]. @16-02-2021 01:30:31.0004 AM
[ReportManager] Waiting for element to be present; elementLocator [By.xpath: //*], numberOfTries[1], stateOfPresence[false]... @16-02-2021 01:30:31.0004 AM
[ReportManager] Element Action [waitForElementToBePresent] failed. With the following test data [waited up to (5) seconds, for the element's state of presence to be (false). Element locator (By.xpath: //*)]. @16-02-2021 01:30:31.0391 AM
[ReportManager] Successfully created attachment [Screenshot - 1613439031141_waitForElementToBePresent_moreThanOneElement_expectedToFail_waitForElementToBePresent_failed] @16-02-2021 01:30:31.0402 A
[ReportManager] Successfully created attachment [Selenium WebDriver Logs - server] @16-02-2021 01:30:31.0532 AM
[ReportManager] Successfully created attachment [Selenium WebDriver Logs - performance] @16-02-2021 01:30:31.0595 AM
[ReportManager] Successfully created attachment [Selenium WebDriver Logs - driver] @16-02-2021 01:30:31.0693 AM
[ReportManager] Browser Action [closeCurrentWindow] successfully performed. @16-02-2021 01:30:31.0754 AM
[ReportManager] Successfully created attachment [Browser Action Test Data - closeCurrentWindow - Actual Value] @16-02-2021 01:30:31.0756 A
[ReportManager] File Action [getAbsolutePath] successfully performed. With the following test data [Relative Folder Path: "target/downloadedFiles/"]. @16-02-2021 01:30:31.0760 AM
[ReportManager] Attempting to run remotely on: [Linux-64], [GoogleChrome], [http://localhost:4444/wd/hub], Headless Execution. @16-02-2021 01:30:31.0760 AM
[ReportManager] Successfully Opened [GoogleChrome]. @16-02-2021 01:30:32.0284 A

################################################################################################################################################
Starting Execution:	[4 out of 134] test cases in the current suite
Test Method:		[unitTests.tests_element_elementActions.waitForElementToBePresent_true_expectedToFail]
################################################################################################################################################
[ReportManager] Target URL: [https://www.google.com/ncr], and after redirection: [www.google.com] @16-02-2021 01:30:32.0310 AM
[ReportManager] Initial URL: [data:,] @16-02-2021 01:30:32.0366 AM
[ReportManager] Browser Action [navigateToURL] successfully performed. With the following test data [https://www.google.com/ncr]. @16-02-2021 01:30:33.0122 AM
[ReportManager] Waiting for element to be present; elementLocator [By.id: bla], numberOfTries[1], stateOfPresence[true]... @16-02-2021 01:30:33.0122 AM
[ReportManager] Element Action [waitForElementToBePresent] failed. With the following test data [waited up to (5) seconds, for the element's state of presence to be (true). Element locator (By.id: bla)]. @16-02-2021 01:30:33.0335 AM
[ReportManager] Successfully created attachment [Screenshot - 1613439033232_waitForElementToBePresent_true_expectedToFail_waitForElementToBePresent_failed] @16-02-2021 01:30:33.0337 A
[ReportManager] Successfully created attachment [Selenium WebDriver Logs - server] @16-02-2021 01:30:33.0441 AM
[ReportManager] Successfully created attachment [Selenium WebDriver Logs - performance] @16-02-2021 01:30:33.0480 AM
[ReportManager] Successfully created attachment [Selenium WebDriver Logs - driver] @16-02-2021 01:30:33.0575 AM
[ReportManager] Browser Action [closeCurrentWindow] successfully performed. @16-02-2021 01:30:33.0633 AM
[ReportManager] Successfully created attachment [Browser Action Test Data - closeCurrentWindow - Actual Value] @16-02-2021 01:30:33.0634 A
[ReportManager] File Action [getAbsolutePath] successfully performed. With the following test data [Relative Folder Path: "target/downloadedFiles/"]. @16-02-2021 01:30:33.0639 AM
[ReportManager] Attempting to run remotely on: [Linux-64], [GoogleChrome], [http://localhost:4444/wd/hub], Headless Execution. @16-02-2021 01:30:33.0639 AM
[ReportManager] Successfully Opened [GoogleChrome]. @16-02-2021 01:30:33.0939 A

################################################################################################################################################
Starting Execution:	[5 out of 134] test cases in the current suite
Test Method:		[unitTests.tests_element_elementActions.waitForElementToBePresent_true_expectedToPass]
################################################################################################################################################
[ReportManager] Target URL: [https://www.google.com/ncr], and after redirection: [www.google.com] @16-02-2021 01:30:33.0959 AM
[ReportManager] Initial URL: [data:,] @16-02-2021 01:30:34.0020 AM
[ReportManager] Browser Action [navigateToURL] successfully performed. With the following test data [https://www.google.com/ncr]. @16-02-2021 01:30:34.0788 AM
[ReportManager] Waiting for element to be present; elementLocator [By.id: hplogo], numberOfTries[1], stateOfPresence[true]... @16-02-2021 01:30:34.0788 AM
[ReportManager] Element Action [waitForElementToBePresent] failed. With the following test data [waited up to (5) seconds, for the element's state of presence to be (true). Element locator (By.id: hplogo)]. @16-02-2021 01:30:34.0961 AM
[ReportManager] Successfully created attachment [Screenshot - 1613439034899_waitForElementToBePresent_true_expectedToPass_waitForElementToBePresent_failed] @16-02-2021 01:30:34.0963 A
[ReportManager] Successfully created attachment [Selenium WebDriver Logs - server] @16-02-2021 01:30:35.0070 AM
[ReportManager] Successfully created attachment [Selenium WebDriver Logs - performance] @16-02-2021 01:30:35.0106 AM
[ReportManager] Successfully created attachment [Selenium WebDriver Logs - driver] @16-02-2021 01:30:35.0187 AM
[ReportManager] Browser Action [closeCurrentWindow] successfully performed. @16-02-2021 01:30:35.0247 AM
[ReportManager] Successfully created attachment [Browser Action Test Data - closeCurrentWindow - Actual Value] @16-02-2021 01:30:35.0250 A
[ReportManager] File Action [getAbsolutePath] successfully performed. With the following test data [Relative Folder Path: "target/downloadedFiles/"]. @16-02-2021 01:30:35.0254 AM
[ReportManager] Attempting to run remotely on: [Linux-64], [GoogleChrome], [http://localhost:4444/wd/hub], Headless Execution. @16-02-2021 01:30:35.0254 AM
[ReportManager] Successfully Opened [GoogleChrome]. @16-02-2021 01:30:35.0496 AM
[ReportManager] Target URL: [https://duckduckgo.com] @16-02-2021 01:30:35.0514 AM
[ReportManager] Initial URL: [data:,] @16-02-2021 01:30:35.0567 AM
[ReportManager] Browser Action [navigateToURL] successfully performed. With the following test data [https://duckduckgo.com]. @16-02-2021 01:30:36.0747 A

################################################################################################################################################
Starting Execution:	[6 out of 134] test cases in the current suite
Test Method:		[unitTests.tests_browserActions.fullScreenWindow]
################################################################################################################################################
[ReportManager] Initial Windows Size: 800x600 @16-02-2021 01:30:36.0759 AM
[ReportManager] Initial window size: (800, 600) @16-02-2021 01:30:36.0766 AM
[ReportManager] Window size after Toolkit: (1920, 1080) @16-02-2021 01:30:36.0995 AM
[ReportManager] Browser Action [maximizeWindow] successfully performed. With the following test data [New screen size is now: (1920, 1080)]. @16-02-2021 01:30:36.0999 AM
[ReportManager] Current Windows Size after fullScreen: 1920x1080 @16-02-2021 01:30:37.0010 AM
[ReportManager] Browser Action [fullScreenWindow] successfully performed. @16-02-2021 01:30:37.0050 AM
[ReportManager] Successfully created attachment [Browser Action Test Data - fullScreenWindow - Actual Value] @16-02-2021 01:30:37.0053 A
[ReportManager] Target URL: [https://duckduckgo.com] @16-02-2021 01:30:37.0062 AM
[ReportManager] Initial URL: [https://duckduckgo.com] @16-02-2021 01:30:37.0145 AM
[ReportManager] Browser Action [navigateToURL] successfully performed. With the following test data [https://duckduckgo.com]. @16-02-2021 01:30:37.0578 AM
[ReportManager] Successfully created attachment [Selenium WebDriver Logs - server] @16-02-2021 01:30:37.0641 AM
[ReportManager] Successfully created attachment [Selenium WebDriver Logs - performance] @16-02-2021 01:30:37.0741 AM
[ReportManager] Successfully created attachment [Selenium WebDriver Logs - driver] @16-02-2021 01:30:37.0896 AM
[ReportManager] Browser Action [closeCurrentWindow] successfully performed. @16-02-2021 01:30:37.0956 AM
[ReportManager] Successfully created attachment [Browser Action Test Data - closeCurrentWindow - Actual Value] @16-02-2021 01:30:37.0958 A
[ReportManager] File Action [getAbsolutePath] successfully performed. With the following test data [Relative Folder Path: "target/downloadedFiles/"]. @16-02-2021 01:30:37.0961 AM
[ReportManager] Attempting to run remotely on: [Linux-64], [GoogleChrome], [http://localhost:4444/wd/hub], Headless Execution. @16-02-2021 01:30:37.0961 AM
[ReportManager] Successfully Opened [GoogleChrome]. @16-02-2021 01:30:38.0197 AM
[ReportManager] Target URL: [https://duckduckgo.com] @16-02-2021 01:30:38.0219 AM
[ReportManager] Initial URL: [data:,] @16-02-2021 01:30:38.0267 AM
[ReportManager] Browser Action [navigateToURL] successfully performed. With the following test data [https://duckduckgo.com]. @16-02-2021 01:30:38.0744 A

################################################################################################################################################
Starting Execution:	[7 out of 134] test cases in the current suite
Test Method:		[unitTests.tests_browserActions.getCurrentURL]
################################################################################################################################################
[ReportManager] Browser Action [getCurrentURL] successfully performed. With the following test data [https://duckduckgo.com/]. @16-02-2021 01:30:38.0859 A
[ReportManager] Target URL: [https://duckduckgo.com] @16-02-2021 01:30:38.0861 AM
[ReportManager] Initial URL: [https://duckduckgo.com] @16-02-2021 01:30:38.0924 AM
[ReportManager] Browser Action [navigateToURL] successfully performed. With the following test data [https://duckduckgo.com]. @16-02-2021 01:30:39.0240 AM
[ReportManager] Successfully created attachment [Selenium WebDriver Logs - server] @16-02-2021 01:30:39.0298 AM
[ReportManager] Successfully created attachment [Selenium WebDriver Logs - performance] @16-02-2021 01:30:39.0392 AM
[ReportManager] Successfully created attachment [Selenium WebDriver Logs - driver] @16-02-2021 01:30:39.0526 AM
[ReportManager] Browser Action [closeCurrentWindow] successfully performed. @16-02-2021 01:30:39.0586 AM
[ReportManager] Successfully created attachment [Browser Action Test Data - closeCurrentWindow - Actual Value] @16-02-2021 01:30:39.0587 A
[ReportManager] File Action [getAbsolutePath] successfully performed. With the following test data [Relative Folder Path: "target/downloadedFiles/"]. @16-02-2021 01:30:39.0590 AM
[ReportManager] Attempting to run remotely on: [Linux-64], [GoogleChrome], [http://localhost:4444/wd/hub], Headless Execution. @16-02-2021 01:30:39.0590 AM
[ReportManager] Successfully Opened [GoogleChrome]. @16-02-2021 01:30:39.0829 AM
[ReportManager] Target URL: [https://duckduckgo.com] @16-02-2021 01:30:39.0846 AM
[ReportManager] Initial URL: [data:,] @16-02-2021 01:30:39.0898 AM
[ReportManager] Browser Action [navigateToURL] successfully performed. With the following test data [https://duckduckgo.com]. @16-02-2021 01:30:40.0372 A

################################################################################################################################################
Starting Execution:	[8 out of 134] test cases in the current suite
Test Method:		[unitTests.tests_browserActions.getCurrentWindowTitle]
################################################################################################################################################
[ReportManager] Browser Action [getCurrentWindowTitle] successfully performed. With the following test data [DuckDuckGo â€” Privacy, simplified.]. @16-02-2021 01:30:40.0422 A
[ReportManager] Target URL: [https://duckduckgo.com] @16-02-2021 01:30:40.0429 AM
[ReportManager] Initial URL: [https://duckduckgo.com] @16-02-2021 01:30:40.0523 AM
[ReportManager] Browser Action [navigateToURL] successfully performed. With the following test data [https://duckduckgo.com]. @16-02-2021 01:30:40.0851 AM
[ReportManager] Successfully created attachment [Selenium WebDriver Logs - server] @16-02-2021 01:30:40.0911 AM
[ReportManager] Successfully created attachment [Selenium WebDriver Logs - performance] @16-02-2021 01:30:41.0008 AM
[ReportManager] Successfully created attachment [Selenium WebDriver Logs - driver] @16-02-2021 01:30:41.0199 AM
[ReportManager] Browser Action [closeCurrentWindow] successfully performed. @16-02-2021 01:30:41.0257 AM
[ReportManager] Successfully created attachment [Browser Action Test Data - closeCurrentWindow - Actual Value] @16-02-2021 01:30:41.0258 A
[ReportManager] File Action [getAbsolutePath] successfully performed. With the following test data [Relative Folder Path: "target/downloadedFiles/"]. @16-02-2021 01:30:41.0266 AM
[ReportManager] Attempting to run remotely on: [Linux-64], [GoogleChrome], [http://localhost:4444/wd/hub], Headless Execution. @16-02-2021 01:30:41.0266 AM
[ReportManager] Successfully Opened [GoogleChrome]. @16-02-2021 01:30:41.0478 AM
[ReportManager] Target URL: [https://duckduckgo.com] @16-02-2021 01:30:41.0496 AM
[ReportManager] Initial URL: [data:,] @16-02-2021 01:30:41.0541 AM
[ReportManager] Browser Action [navigateToURL] successfully performed. With the following test data [https://duckduckgo.com]. @16-02-2021 01:30:42.0013 A

################################################################################################################################################
Starting Execution:	[9 out of 134] test cases in the current suite
Test Method:		[unitTests.tests_browserActions.getPageSource]
################################################################################################################################################
[ReportManager] Browser Action [getPageSource] successfully performed. @16-02-2021 01:30:42.0072 AM
[ReportManager] Successfully created attachment [Browser Action Test Data - getPageSource - Actual Value] @16-02-2021 01:30:42.0073 A
[ReportManager] Target URL: [https://duckduckgo.com] @16-02-2021 01:30:42.0076 AM
[ReportManager] Initial URL: [https://duckduckgo.com] @16-02-2021 01:30:42.0140 AM
[ReportManager] Browser Action [navigateToURL] successfully performed. With the following test data [https://duckduckgo.com]. @16-02-2021 01:30:42.0496 AM
[ReportManager] Successfully created attachment [Selenium WebDriver Logs - server] @16-02-2021 01:30:42.0578 AM
[ReportManager] Successfully created attachment [Selenium WebDriver Logs - performance] @16-02-2021 01:30:42.0699 AM
[ReportManager] Successfully created attachment [Selenium WebDriver Logs - driver] @16-02-2021 01:30:42.0833 AM
[ReportManager] Browser Action [closeCurrentWindow] successfully performed. @16-02-2021 01:30:42.0891 AM
[ReportManager] Successfully created attachment [Browser Action Test Data - closeCurrentWindow - Actual Value] @16-02-2021 01:30:42.0892 A
[ReportManager] File Action [getAbsolutePath] successfully performed. With the following test data [Relative Folder Path: "target/downloadedFiles/"]. @16-02-2021 01:30:42.0894 AM
[ReportManager] Attempting to run remotely on: [Linux-64], [GoogleChrome], [http://localhost:4444/wd/hub], Headless Execution. @16-02-2021 01:30:42.0895 AM
[ReportManager] Successfully Opened [GoogleChrome]. @16-02-2021 01:30:43.0104 AM
[ReportManager] Target URL: [https://duckduckgo.com] @16-02-2021 01:30:43.0117 AM
[ReportManager] Initial URL: [data:,] @16-02-2021 01:30:43.0162 AM
[ReportManager] Browser Action [navigateToURL] successfully performed. With the following test data [https://duckduckgo.com]. @16-02-2021 01:30:43.0613 A

################################################################################################################################################
Starting Execution:	[10 out of 134] test cases in the current suite
Test Method:		[unitTests.tests_browserActions.getWindowHandle]
################################################################################################################################################
[ReportManager] Browser Action [getWindowHandle] successfully performed. With the following test data [CDwindow-45EEB7F5E9E78A71993AE27EFC63A943]. @16-02-2021 01:30:43.0657 A
[ReportManager] Target URL: [https://duckduckgo.com] @16-02-2021 01:30:43.0659 AM
[ReportManager] Initial URL: [https://duckduckgo.com] @16-02-2021 01:30:43.0766 AM
[ReportManager] Browser Action [navigateToURL] successfully performed. With the following test data [https://duckduckgo.com]. @16-02-2021 01:30:44.0088 AM
[ReportManager] Successfully created attachment [Selenium WebDriver Logs - server] @16-02-2021 01:30:44.0138 AM
[ReportManager] Successfully created attachment [Selenium WebDriver Logs - performance] @16-02-2021 01:30:44.0244 AM
[ReportManager] Successfully created attachment [Selenium WebDriver Logs - driver] @16-02-2021 01:30:44.0382 AM
[ReportManager] Browser Action [closeCurrentWindow] successfully performed. @16-02-2021 01:30:44.0440 AM
[ReportManager] Successfully created attachment [Browser Action Test Data - closeCurrentWindow - Actual Value] @16-02-2021 01:30:44.0440 A
[ReportManager] File Action [getAbsolutePath] successfully performed. With the following test data [Relative Folder Path: "target/downloadedFiles/"]. @16-02-2021 01:30:44.0444 AM
[ReportManager] Attempting to run remotely on: [Linux-64], [GoogleChrome], [http://localhost:4444/wd/hub], Headless Execution. @16-02-2021 01:30:44.0444 AM
[ReportManager] Successfully Opened [GoogleChrome]. @16-02-2021 01:30:44.0664 AM
[ReportManager] Target URL: [https://duckduckgo.com] @16-02-2021 01:30:44.0676 AM
[ReportManager] Initial URL: [data:,] @16-02-2021 01:30:44.0721 AM
[ReportManager] Browser Action [navigateToURL] successfully performed. With the following test data [https://duckduckgo.com]. @16-02-2021 01:30:45.0176 A

################################################################################################################################################
Starting Execution:	[11 out of 134] test cases in the current suite
Test Method:		[unitTests.tests_browserActions.getWindowPosition]
################################################################################################################################################
[ReportManager] Browser Action [getWindowPosition] successfully performed. With the following test data [(0, 0)]. @16-02-2021 01:30:45.0233 A
[ReportManager] Target URL: [https://duckduckgo.com] @16-02-2021 01:30:45.0235 AM
[ReportManager] Initial URL: [https://duckduckgo.com] @16-02-2021 01:30:45.0300 AM
[ReportManager] Browser Action [navigateToURL] successfully performed. With the following test data [https://duckduckgo.com]. @16-02-2021 01:30:45.0626 AM
[ReportManager] Successfully created attachment [Selenium WebDriver Logs - server] @16-02-2021 01:30:45.0683 AM
[ReportManager] Successfully created attachment [Selenium WebDriver Logs - performance] @16-02-2021 01:30:45.0778 AM
[ReportManager] Successfully created attachment [Selenium WebDriver Logs - driver] @16-02-2021 01:30:45.0913 AM
[ReportManager] Browser Action [closeCurrentWindow] successfully performed. @16-02-2021 01:30:45.0970 AM
[ReportManager] Successfully created attachment [Browser Action Test Data - closeCurrentWindow - Actual Value] @16-02-2021 01:30:45.0971 A
[ReportManager] File Action [getAbsolutePath] successfully performed. With the following test data [Relative Folder Path: "target/downloadedFiles/"]. @16-02-2021 01:30:45.0973 AM
[ReportManager] Attempting to run remotely on: [Linux-64], [GoogleChrome], [http://localhost:4444/wd/hub], Headless Execution. @16-02-2021 01:30:45.0973 AM
[ReportManager] Successfully Opened [GoogleChrome]. @16-02-2021 01:30:46.0190 AM
[ReportManager] Target URL: [https://duckduckgo.com] @16-02-2021 01:30:46.0206 AM
[ReportManager] Initial URL: [data:,] @16-02-2021 01:30:46.0250 AM
[ReportManager] Browser Action [navigateToURL] successfully performed. With the following test data [https://duckduckgo.com]. @16-02-2021 01:30:46.0689 A

################################################################################################################################################
Starting Execution:	[12 out of 134] test cases in the current suite
Test Method:		[unitTests.tests_browserActions.getWindowSize]
################################################################################################################################################
[ReportManager] Browser Action [getWindowSize] successfully performed. With the following test data [(800, 600)]. @16-02-2021 01:30:46.0734 A
[ReportManager] Target URL: [https://duckduckgo.com] @16-02-2021 01:30:46.0735 AM
[ReportManager] Initial URL: [https://duckduckgo.com] @16-02-2021 01:30:46.0804 AM
[ReportManager] Browser Action [navigateToURL] successfully performed. With the following test data [https://duckduckgo.com]. @16-02-2021 01:30:47.0127 AM
[ReportManager] Successfully created attachment [Selenium WebDriver Logs - server] @16-02-2021 01:30:47.0182 AM
[ReportManager] Successfully created attachment [Selenium WebDriver Logs - performance] @16-02-2021 01:30:47.0286 AM
[ReportManager] Successfully created attachment [Selenium WebDriver Logs - driver] @16-02-2021 01:30:47.0416 AM
[ReportManager] Browser Action [closeCurrentWindow] successfully performed. @16-02-2021 01:30:47.0474 AM
[ReportManager] Successfully created attachment [Browser Action Test Data - closeCurrentWindow - Actual Value] @16-02-2021 01:30:47.0475 A
[ReportManager] File Action [getAbsolutePath] successfully performed. With the following test data [Relative Folder Path: "target/downloadedFiles/"]. @16-02-2021 01:30:47.0476 AM
[ReportManager] Attempting to run remotely on: [Linux-64], [GoogleChrome], [http://localhost:4444/wd/hub], Headless Execution. @16-02-2021 01:30:47.0477 AM
[ReportManager] Successfully Opened [GoogleChrome]. @16-02-2021 01:30:47.0698 AM
[ReportManager] Target URL: [https://duckduckgo.com] @16-02-2021 01:30:47.0710 AM
[ReportManager] Initial URL: [data:,] @16-02-2021 01:30:47.0753 AM
[ReportManager] Browser Action [navigateToURL] successfully performed. With the following test data [https://duckduckgo.com]. @16-02-2021 01:30:48.0212 A

################################################################################################################################################
Starting Execution:	[13 out of 134] test cases in the current suite
Test Method:		[unitTests.tests_browserActions.maximizeWindow]
################################################################################################################################################
[ReportManager] Initial window size: (800, 600) @16-02-2021 01:30:48.0225 AM
[ReportManager] Window size after Toolkit: (1920, 1080) @16-02-2021 01:30:48.0453 AM
[ReportManager] Browser Action [maximizeWindow] successfully performed. With the following test data [New screen size is now: (1920, 1080)]. @16-02-2021 01:30:48.0461 A
[ReportManager] Target URL: [https://duckduckgo.com] @16-02-2021 01:30:48.0464 AM
[ReportManager] Initial URL: [https://duckduckgo.com] @16-02-2021 01:30:48.0540 AM
[ReportManager] Browser Action [navigateToURL] successfully performed. With the following test data [https://duckduckgo.com]. @16-02-2021 01:30:48.0861 AM
[ReportManager] Successfully created attachment [Selenium WebDriver Logs - server] @16-02-2021 01:30:48.0911 AM
[ReportManager] Successfully created attachment [Selenium WebDriver Logs - performance] @16-02-2021 01:30:49.0012 AM
[ReportManager] Successfully created attachment [Selenium WebDriver Logs - driver] @16-02-2021 01:30:49.0134 AM
[ReportManager] Browser Action [closeCurrentWindow] successfully performed. @16-02-2021 01:30:49.0191 AM
[ReportManager] Successfully created attachment [Browser Action Test Data - closeCurrentWindow - Actual Value] @16-02-2021 01:30:49.0191 A
[ReportManager] File Action [getAbsolutePath] successfully performed. With the following test data [Relative Folder Path: "target/downloadedFiles/"]. @16-02-2021 01:30:49.0193 AM
[ReportManager] Attempting to run remotely on: [Linux-64], [GoogleChrome], [http://localhost:4444/wd/hub], Headless Execution. @16-02-2021 01:30:49.0194 AM
[ReportManager] Successfully Opened [GoogleChrome]. @16-02-2021 01:30:49.0390 AM
[ReportManager] Target URL: [https://duckduckgo.com] @16-02-2021 01:30:49.0402 AM
[ReportManager] Initial URL: [data:,] @16-02-2021 01:30:49.0449 AM
[ReportManager] Browser Action [navigateToURL] successfully performed. With the following test data [https://duckduckgo.com]. @16-02-2021 01:30:49.0917 A

################################################################################################################################################
Starting Execution:	[14 out of 134] test cases in the current suite
Test Method:		[unitTests.tests_browserActions.navigateBack]
################################################################################################################################################
[ReportManager] Target URL: [https://www.google.com/ncr], and after redirection: [https://www.google.com] @16-02-2021 01:30:49.0929 AM
[ReportManager] Initial URL: [https://duckduckgo.com] @16-02-2021 01:30:49.0987 AM
[ReportManager] Browser Action [navigateToURL] successfully performed. With the following test data [https://www.google.com/ncr]. @16-02-2021 01:30:50.0672 AM
[ReportManager] Browser Action [navigateBack] successfully performed. With the following test data [https://duckduckgo.com/]. @16-02-2021 01:30:50.0993 AM
[ReportManager] Confirming that navigating back was successful... @16-02-2021 01:30:51.0009 AM
[ReportManager] Browser Action [getCurrentURL] successfully performed. With the following test data [https://duckduckgo.com/]. @16-02-2021 01:30:51.0052 AM
[ReportManager] AssertBrowserAttribute PASSED; Expected [Value Should be 'https://duckduckgo.com' for the 'CurrentUrl' attribute] and Actual [https://duckduckgo.com/]. Comparison Type [CONTAINS]. Validation Type [POSITIVE]. @16-02-2021 01:30:51.0055 A
[ReportManager] Target URL: [https://duckduckgo.com] @16-02-2021 01:30:51.0074 AM
[ReportManager] Initial URL: [https://duckduckgo.com] @16-02-2021 01:30:51.0144 AM
[ReportManager] Browser Action [navigateToURL] successfully performed. With the following test data [https://duckduckgo.com]. @16-02-2021 01:30:51.0459 AM
[ReportManager] Successfully created attachment [Selenium WebDriver Logs - server] @16-02-2021 01:30:51.0517 AM
[ReportManager] Successfully created attachment [Selenium WebDriver Logs - performance] @16-02-2021 01:30:51.0669 AM
[ReportManager] Successfully created attachment [Selenium WebDriver Logs - driver] @16-02-2021 01:30:51.0897 AM
[ReportManager] Browser Action [closeCurrentWindow] successfully performed. @16-02-2021 01:30:51.0956 AM
[ReportManager] Successfully created attachment [Browser Action Test Data - closeCurrentWindow - Actual Value] @16-02-2021 01:30:51.0957 A
[ReportManager] File Action [getAbsolutePath] successfully performed. With the following test data [Relative Folder Path: "target/downloadedFiles/"]. @16-02-2021 01:30:51.0959 AM
[ReportManager] Attempting to run remotely on: [Linux-64], [GoogleChrome], [http://localhost:4444/wd/hub], Headless Execution. @16-02-2021 01:30:51.0959 AM
[ReportManager] Successfully Opened [GoogleChrome]. @16-02-2021 01:30:52.0168 AM
[ReportManager] Target URL: [https://duckduckgo.com] @16-02-2021 01:30:52.0180 AM
[ReportManager] Initial URL: [data:,] @16-02-2021 01:30:52.0231 AM
[ReportManager] Browser Action [navigateToURL] successfully performed. With the following test data [https://duckduckgo.com]. @16-02-2021 01:30:52.0688 A

################################################################################################################################################
Starting Execution:	[15 out of 134] test cases in the current suite
Test Method:		[unitTests.tests_browserActions.navigateForward]
################################################################################################################################################
[ReportManager] Target URL: [https://www.google.com/ncr], and after redirection: [https://www.google.com] @16-02-2021 01:30:52.0704 AM
[ReportManager] Initial URL: [https://duckduckgo.com] @16-02-2021 01:30:52.0765 AM
[ReportManager] Browser Action [navigateToURL] successfully performed. With the following test data [https://www.google.com/ncr]. @16-02-2021 01:30:53.0451 AM
[ReportManager] Browser Action [navigateBack] successfully performed. With the following test data [https://duckduckgo.com/]. @16-02-2021 01:30:53.0787 AM
[ReportManager] Browser Action [navigateForward] successfully performed. With the following test data [https://www.google.com/]. @16-02-2021 01:30:54.0137 A
[ReportManager] Target URL: [https://duckduckgo.com] @16-02-2021 01:30:54.0144 AM
[ReportManager] Initial URL: [https://www.google.com] @16-02-2021 01:30:54.0233 AM
[ReportManager] Browser Action [navigateToURL] successfully performed. With the following test data [https://duckduckgo.com]. @16-02-2021 01:30:54.0655 AM
[ReportManager] Successfully created attachment [Selenium WebDriver Logs - server] @16-02-2021 01:30:54.0707 AM
[ReportManager] Successfully created attachment [Selenium WebDriver Logs - performance] @16-02-2021 01:30:54.0859 AM
[ReportManager] Successfully created attachment [Selenium WebDriver Logs - driver] @16-02-2021 01:30:55.0097 AM
[ReportManager] Browser Action [closeCurrentWindow] successfully performed. @16-02-2021 01:30:55.0156 AM
[ReportManager] Successfully created attachment [Browser Action Test Data - closeCurrentWindow - Actual Value] @16-02-2021 01:30:55.0158 A
[ReportManager] File Action [getAbsolutePath] successfully performed. With the following test data [Relative Folder Path: "target/downloadedFiles/"]. @16-02-2021 01:30:55.0163 AM
[ReportManager] Attempting to run remotely on: [Linux-64], [GoogleChrome], [http://localhost:4444/wd/hub], Headless Execution. @16-02-2021 01:30:55.0163 AM
[ReportManager] Successfully Opened [GoogleChrome]. @16-02-2021 01:30:55.0364 AM
[ReportManager] Target URL: [https://duckduckgo.com] @16-02-2021 01:30:55.0380 AM
[ReportManager] Initial URL: [data:,] @16-02-2021 01:30:55.0425 AM
[ReportManager] Browser Action [navigateToURL] successfully performed. With the following test data [https://duckduckgo.com]. @16-02-2021 01:30:55.0881 A

################################################################################################################################################
Starting Execution:	[16 out of 134] test cases in the current suite
Test Method:		[unitTests.tests_browserActions.navigateToURL]
################################################################################################################################################
[ReportManager] Target URL: [https://duckduckgo.com] @16-02-2021 01:30:55.0888 AM
[ReportManager] Initial URL: [https://duckduckgo.com] @16-02-2021 01:30:55.0938 AM
[ReportManager] Browser Action [navigateToURL] successfully performed. With the following test data [https://duckduckgo.com]. @16-02-2021 01:30:56.0247 A
[ReportManager] Target URL: [https://duckduckgo.com] @16-02-2021 01:30:56.0251 AM
[ReportManager] Initial URL: [https://duckduckgo.com] @16-02-2021 01:30:56.0319 AM
[ReportManager] Browser Action [navigateToURL] successfully performed. With the following test data [https://duckduckgo.com]. @16-02-2021 01:30:56.0584 AM
[ReportManager] Successfully created attachment [Selenium WebDriver Logs - server] @16-02-2021 01:30:56.0644 AM
[ReportManager] Successfully created attachment [Selenium WebDriver Logs - performance] @16-02-2021 01:30:56.0791 AM
[ReportManager] Successfully created attachment [Selenium WebDriver Logs - driver] @16-02-2021 01:30:56.0993 AM
[ReportManager] Browser Action [closeCurrentWindow] successfully performed. @16-02-2021 01:30:57.0050 AM
[ReportManager] Successfully created attachment [Browser Action Test Data - closeCurrentWindow - Actual Value] @16-02-2021 01:30:57.0051 A
[ReportManager] File Action [getAbsolutePath] successfully performed. With the following test data [Relative Folder Path: "target/downloadedFiles/"]. @16-02-2021 01:30:57.0056 AM
[ReportManager] Attempting to run remotely on: [Linux-64], [GoogleChrome], [http://localhost:4444/wd/hub], Headless Execution. @16-02-2021 01:30:57.0057 AM
[ReportManager] Successfully Opened [GoogleChrome]. @16-02-2021 01:30:57.0277 AM
[ReportManager] Target URL: [https://duckduckgo.com] @16-02-2021 01:30:57.0287 AM
[ReportManager] Initial URL: [data:,] @16-02-2021 01:30:57.0334 AM
[ReportManager] Browser Action [navigateToURL] successfully performed. With the following test data [https://duckduckgo.com]. @16-02-2021 01:30:57.0865 A

################################################################################################################################################
Starting Execution:	[17 out of 134] test cases in the current suite
Test Method:		[unitTests.tests_browserActions.navigateToURLWithRedirection]
################################################################################################################################################
[ReportManager] Target URL: [https://www.google.com/ncr], and after redirection: [https://www.google.com] @16-02-2021 01:30:57.0875 AM
[ReportManager] Initial URL: [https://duckduckgo.com] @16-02-2021 01:30:57.0937 AM
[ReportManager] Browser Action [navigateToURL] successfully performed. With the following test data [https://www.google.com/ncr]. @16-02-2021 01:30:58.0648 A
[ReportManager] Target URL: [https://duckduckgo.com] @16-02-2021 01:30:58.0649 AM
[ReportManager] Initial URL: [https://www.google.com] @16-02-2021 01:30:58.0714 AM
[ReportManager] Browser Action [navigateToURL] successfully performed. With the following test data [https://duckduckgo.com]. @16-02-2021 01:30:59.0150 AM
[ReportManager] Successfully created attachment [Selenium WebDriver Logs - server] @16-02-2021 01:30:59.0205 AM
[ReportManager] Successfully created attachment [Selenium WebDriver Logs - performance] @16-02-2021 01:30:59.0308 AM
[ReportManager] Successfully created attachment [Selenium WebDriver Logs - driver] @16-02-2021 01:30:59.0454 AM
[ReportManager] Browser Action [closeCurrentWindow] successfully performed. @16-02-2021 01:30:59.0512 AM
[ReportManager] Successfully created attachment [Browser Action Test Data - closeCurrentWindow - Actual Value] @16-02-2021 01:30:59.0512 A
[ReportManager] File Action [getAbsolutePath] successfully performed. With the following test data [Relative Folder Path: "target/downloadedFiles/"]. @16-02-2021 01:30:59.0516 AM
[ReportManager] Attempting to run remotely on: [Linux-64], [GoogleChrome], [http://localhost:4444/wd/hub], Headless Execution. @16-02-2021 01:30:59.0517 AM
[ReportManager] Successfully Opened [GoogleChrome]. @16-02-2021 01:30:59.0718 AM
[ReportManager] Target URL: [https://duckduckgo.com] @16-02-2021 01:30:59.0729 AM
[ReportManager] Initial URL: [data:,] @16-02-2021 01:30:59.0765 AM
[ReportManager] Browser Action [navigateToURL] successfully performed. With the following test data [https://duckduckgo.com]. @16-02-2021 01:31:00.0277 A

################################################################################################################################################
Starting Execution:	[18 out of 134] test cases in the current suite
Test Method:		[unitTests.tests_browserActions.refreshCurrentPage]
################################################################################################################################################
[ReportManager] Browser Action [refreshCurrentPage] successfully performed. @16-02-2021 01:31:00.0469 AM
[ReportManager] Successfully created attachment [Browser Action Test Data - refreshCurrentPage - Actual Value] @16-02-2021 01:31:00.0469 A
[ReportManager] Target URL: [https://duckduckgo.com] @16-02-2021 01:31:00.0471 AM
[ReportManager] Initial URL: [https://duckduckgo.com] @16-02-2021 01:31:00.0524 AM
[ReportManager] Browser Action [navigateToURL] successfully performed. With the following test data [https://duckduckgo.com]. @16-02-2021 01:31:00.0786 AM
[ReportManager] Successfully created attachment [Selenium WebDriver Logs - server] @16-02-2021 01:31:00.0835 AM
[ReportManager] Successfully created attachment [Selenium WebDriver Logs - performance] @16-02-2021 01:31:00.0986 AM
[ReportManager] Successfully created attachment [Selenium WebDriver Logs - driver] @16-02-2021 01:31:01.0160 AM
[ReportManager] Browser Action [closeCurrentWindow] successfully performed. @16-02-2021 01:31:01.0217 AM
[ReportManager] Successfully created attachment [Browser Action Test Data - closeCurrentWindow - Actual Value] @16-02-2021 01:31:01.0217 A
[ReportManager] File Action [getAbsolutePath] successfully performed. With the following test data [Relative Folder Path: "target/downloadedFiles/"]. @16-02-2021 01:31:01.0219 AM
[ReportManager] Attempting to run remotely on: [Linux-64], [GoogleChrome], [http://localhost:4444/wd/hub], Headless Execution. @16-02-2021 01:31:01.0220 AM
[ReportManager] Successfully Opened [GoogleChrome]. @16-02-2021 01:31:01.0416 AM
[ReportManager] Target URL: [https://duckduckgo.com] @16-02-2021 01:31:01.0428 AM
[ReportManager] Initial URL: [data:,] @16-02-2021 01:31:01.0477 AM
[ReportManager] Browser Action [navigateToURL] successfully performed. With the following test data [https://duckduckgo.com]. @16-02-2021 01:31:01.0927 A

################################################################################################################################################
Starting Execution:	[19 out of 134] test cases in the current suite
Test Method:		[unitTests.tests_browserActions.setWindowSize]
################################################################################################################################################
[ReportManager] Initial window size: (800, 600) @16-02-2021 01:31:01.0936 AM
[ReportManager] Window size after SWD: (1280, 720) @16-02-2021 01:31:02.0159 AM
[ReportManager] Browser Action [setWindowSize] successfully performed. With the following test data [New screen size is now: (1280, 720)]. @16-02-2021 01:31:02.0159 A
[ReportManager] Target URL: [https://duckduckgo.com] @16-02-2021 01:31:02.0161 AM
[ReportManager] Initial URL: [https://duckduckgo.com] @16-02-2021 01:31:02.0236 AM
[ReportManager] Browser Action [navigateToURL] successfully performed. With the following test data [https://duckduckgo.com]. @16-02-2021 01:31:02.0541 AM
[ReportManager] Successfully created attachment [Selenium WebDriver Logs - server] @16-02-2021 01:31:02.0595 AM
[ReportManager] Successfully created attachment [Selenium WebDriver Logs - performance] @16-02-2021 01:31:02.0688 AM
[ReportManager] Successfully created attachment [Selenium WebDriver Logs - driver] @16-02-2021 01:31:02.0821 AM
[ReportManager] Browser Action [closeCurrentWindow] successfully performed. @16-02-2021 01:31:02.0879 AM
[ReportManager] Successfully created attachment [Browser Action Test Data - closeCurrentWindow - Actual Value] @16-02-2021 01:31:02.0879 A

################################################################################################################################################
Starting Execution:	[20 out of 134] test cases in the current suite
Test Method:		[unitTests.tests_restActions.getPostsAndAssertBodyForSpecificTitle]
################################################################################################################################################
[ReportManager] Response status code: [200], status line: [HTTP/1.1 200 OK] @16-02-2021 01:31:05.0129 AM
[ReportManager] Evaluating the actual response status code against the expected one...... @16-02-2021 01:31:05.0129 AM
[ReportManager] AssertEquals PASSED; Expected [200] and Actual [200]. Comparison Type [EQUALS]. Validation Type [POSITIVE]. @16-02-2021 01:31:05.0133 AM
[ReportManager] API Action [performRequest] successfully performed. With the following test data [Request Type: "GET" | Target Status Code: "200" | Service URL: "https://jsonplaceholder.typicode.com/posts" | Content Type: "*/*" | Response Time: "806ms"]. @16-02-2021 01:31:06.0030 AM
[ReportManager] Successfully created attachment [API Response - JSON Body] @16-02-2021 01:31:06.0244 AM
[ReportManager] API Action [getResponseJSONValueAsList] successfully performed. @16-02-2021 01:31:06.0277 AM
[ReportManager] API Action [getResponseJSONValue] successfully performed. With the following test data [title]. @16-02-2021 01:31:06.0293 AM
[ReportManager] API Action [getResponseJSONValue] successfully performed. With the following test data [title]. @16-02-2021 01:31:06.0302 AM
[ReportManager] API Action [getResponseJSONValue] successfully performed. With the following test data [body]. @16-02-2021 01:31:06.0310 AM
[ReportManager] AssertEquals PASSED; Expected [qui neque nisi nulla] and Actual [est rerum tempore vitae
sequi sint nihil reprehenderit dolor beatae ea dolores neque
fugiat blanditiis voluptate porro vel nihil molestiae ut reiciendis
qui aperiam non debitis possimus qui neque nisi nulla]. Comparison Type [CONTAINS]. Validation Type [POSITIVE]. @16-02-2021 01:31:06.0310 AM
[ReportManager] API Action [getResponseJSONValue] successfully performed. With the following test data [title]. @16-02-2021 01:31:06.0318 AM
[ReportManager] API Action [getResponseJSONValue] successfully performed. With the following test data [title]. @16-02-2021 01:31:06.0326 AM
[ReportManager] API Action [getResponseJSONValue] successfully performed. With the following test data [title]. @16-02-2021 01:31:06.0333 AM
[ReportManager] API Action [getResponseJSONValue] successfully performed. With the following test data [title]. @16-02-2021 01:31:06.0341 AM
[ReportManager] API Action [getResponseJSONValue] successfully performed. With the following test data [title]. @16-02-2021 01:31:06.0348 AM
[ReportManager] API Action [getResponseJSONValue] successfully performed. With the following test data [title]. @16-02-2021 01:31:06.0356 AM
[ReportManager] API Action [getResponseJSONValue] successfully performed. With the following test data [title]. @16-02-2021 01:31:06.0363 AM
[ReportManager] API Action [getResponseJSONValue] successfully performed. With the following test data [title]. @16-02-2021 01:31:06.0370 AM
[ReportManager] API Action [getResponseJSONValue] successfully performed. With the following test data [title]. @16-02-2021 01:31:06.0377 AM
[ReportManager] API Action [getResponseJSONValue] successfully performed. With the following test data [title]. @16-02-2021 01:31:06.0384 AM
[ReportManager] API Action [getResponseJSONValue] successfully performed. With the following test data [title]. @16-02-2021 01:31:06.0393 AM
[ReportManager] API Action [getResponseJSONValue] successfully performed. With the following test data [title]. @16-02-2021 01:31:06.0401 AM
[ReportManager] API Action [getResponseJSONValue] successfully performed. With the following test data [title]. @16-02-2021 01:31:06.0408 AM
[ReportManager] API Action [getResponseJSONValue] successfully performed. With the following test data [title]. @16-02-2021 01:31:06.0418 AM
[ReportManager] API Action [getResponseJSONValue] successfully performed. With the following test data [title]. @16-02-2021 01:31:06.0431 AM
[ReportManager] API Action [getResponseJSONValue] successfully performed. With the following test data [title]. @16-02-2021 01:31:06.0444 AM
[ReportManager] API Action [getResponseJSONValue] successfully performed. With the following test data [title]. @16-02-2021 01:31:06.0454 AM
[ReportManager] API Action [getResponseJSONValue] successfully performed. With the following test data [title]. @16-02-2021 01:31:06.0469 AM
[ReportManager] API Action [getResponseJSONValue] successfully performed. With the following test data [title]. @16-02-2021 01:31:06.0480 AM
[ReportManager] API Action [getResponseJSONValue] successfully performed. With the following test data [title]. @16-02-2021 01:31:06.0497 AM
[ReportManager] API Action [getResponseJSONValue] successfully performed. With the following test data [title]. @16-02-2021 01:31:06.0509 AM
[ReportManager] API Action [getResponseJSONValue] successfully performed. With the following test data [title]. @16-02-2021 01:31:06.0522 AM
[ReportManager] API Action [getResponseJSONValue] successfully performed. With the following test data [title]. @16-02-2021 01:31:06.0536 AM
[ReportManager] API Action [getResponseJSONValue] successfully performed. With the following test data [title]. @16-02-2021 01:31:06.0547 AM
[ReportManager] API Action [getResponseJSONValue] successfully performed. With the following test data [title]. @16-02-2021 01:31:06.0556 AM
[ReportManager] API Action [getResponseJSONValue] successfully performed. With the following test data [title]. @16-02-2021 01:31:06.0562 AM
[ReportManager] API Action [getResponseJSONValue] successfully performed. With the following test data [title]. @16-02-2021 01:31:06.0569 AM
[ReportManager] API Action [getResponseJSONValue] successfully performed. With the following test data [title]. @16-02-2021 01:31:06.0580 AM
[ReportManager] API Action [getResponseJSONValue] successfully performed. With the following test data [title]. @16-02-2021 01:31:06.0588 AM
[ReportManager] API Action [getResponseJSONValue] successfully performed. With the following test data [title]. @16-02-2021 01:31:06.0596 AM
[ReportManager] API Action [getResponseJSONValue] successfully performed. With the following test data [title]. @16-02-2021 01:31:06.0603 AM
[ReportManager] API Action [getResponseJSONValue] successfully performed. With the following test data [title]. @16-02-2021 01:31:06.0613 AM
[ReportManager] API Action [getResponseJSONValue] successfully performed. With the following test data [title]. @16-02-2021 01:31:06.0624 AM
[ReportManager] API Action [getResponseJSONValue] successfully performed. With the following test data [title]. @16-02-2021 01:31:06.0630 AM
[ReportManager] API Action [getResponseJSONValue] successfully performed. With the following test data [title]. @16-02-2021 01:31:06.0640 AM
[ReportManager] API Action [getResponseJSONValue] successfully performed. With the following test data [title]. @16-02-2021 01:31:06.0647 AM
[ReportManager] API Action [getResponseJSONValue] successfully performed. With the following test data [title]. @16-02-2021 01:31:06.0652 AM
[ReportManager] API Action [getResponseJSONValue] successfully performed. With the following test data [title]. @16-02-2021 01:31:06.0661 AM
[ReportManager] API Action [getResponseJSONValue] successfully performed. With the following test data [title]. @16-02-2021 01:31:06.0675 AM
[ReportManager] API Action [getResponseJSONValue] successfully performed. With the following test data [title]. @16-02-2021 01:31:06.0682 AM
[ReportManager] API Action [getResponseJSONValue] successfully performed. With the following test data [title]. @16-02-2021 01:31:06.0688 AM
[ReportManager] API Action [getResponseJSONValue] successfully performed. With the following test data [title]. @16-02-2021 01:31:06.0697 AM
[ReportManager] API Action [getResponseJSONValue] successfully performed. With the following test data [title]. @16-02-2021 01:31:06.0703 AM
[ReportManager] API Action [getResponseJSONValue] successfully performed. With the following test data [title]. @16-02-2021 01:31:06.0713 AM
[ReportManager] API Action [getResponseJSONValue] successfully performed. With the following test data [title]. @16-02-2021 01:31:06.0720 AM
[ReportManager] API Action [getResponseJSONValue] successfully performed. With the following test data [title]. @16-02-2021 01:31:06.0729 AM
[ReportManager] API Action [getResponseJSONValue] successfully performed. With the following test data [title]. @16-02-2021 01:31:06.0737 AM
[ReportManager] API Action [getResponseJSONValue] successfully performed. With the following test data [title]. @16-02-2021 01:31:06.0749 AM
[ReportManager] API Action [getResponseJSONValue] successfully performed. With the following test data [title]. @16-02-2021 01:31:06.0757 AM
[ReportManager] API Action [getResponseJSONValue] successfully performed. With the following test data [title]. @16-02-2021 01:31:06.0767 AM
[ReportManager] API Action [getResponseJSONValue] successfully performed. With the following test data [title]. @16-02-2021 01:31:06.0775 AM
[ReportManager] API Action [getResponseJSONValue] successfully performed. With the following test data [title]. @16-02-2021 01:31:06.0781 AM
[ReportManager] API Action [getResponseJSONValue] successfully performed. With the following test data [title]. @16-02-2021 01:31:06.0792 AM
[ReportManager] API Action [getResponseJSONValue] successfully performed. With the following test data [title]. @16-02-2021 01:31:06.0799 AM
[ReportManager] API Action [getResponseJSONValue] successfully performed. With the following test data [title]. @16-02-2021 01:31:06.0812 AM
[ReportManager] API Action [getResponseJSONValue] successfully performed. With the following test data [title]. @16-02-2021 01:31:06.0823 AM
[ReportManager] API Action [getResponseJSONValue] successfully performed. With the following test data [title]. @16-02-2021 01:31:06.0832 AM
[ReportManager] API Action [getResponseJSONValue] successfully performed. With the following test data [title]. @16-02-2021 01:31:06.0838 AM
[ReportManager] API Action [getResponseJSONValue] successfully performed. With the following test data [title]. @16-02-2021 01:31:06.0845 AM
[ReportManager] API Action [getResponseJSONValue] successfully performed. With the following test data [title]. @16-02-2021 01:31:06.0884 AM
[ReportManager] API Action [getResponseJSONValue] successfully performed. With the following test data [title]. @16-02-2021 01:31:06.0892 AM
[ReportManager] API Action [getResponseJSONValue] successfully performed. With the following test data [title]. @16-02-2021 01:31:06.0920 AM
[ReportManager] API Action [getResponseJSONValue] successfully performed. With the following test data [title]. @16-02-2021 01:31:06.0927 AM
[ReportManager] API Action [getResponseJSONValue] successfully performed. With the following test data [title]. @16-02-2021 01:31:06.0932 AM
[ReportManager] API Action [getResponseJSONValue] successfully performed. With the following test data [title]. @16-02-2021 01:31:06.0937 AM
[ReportManager] API Action [getResponseJSONValue] successfully performed. With the following test data [title]. @16-02-2021 01:31:06.0943 AM
[ReportManager] API Action [getResponseJSONValue] successfully performed. With the following test data [title]. @16-02-2021 01:31:06.0949 AM
[ReportManager] API Action [getResponseJSONValue] successfully performed. With the following test data [title]. @16-02-2021 01:31:06.0953 AM
[ReportManager] API Action [getResponseJSONValue] successfully performed. With the following test data [title]. @16-02-2021 01:31:06.0958 AM
[ReportManager] API Action [getResponseJSONValue] successfully performed. With the following test data [title]. @16-02-2021 01:31:06.0964 AM
[ReportManager] API Action [getResponseJSONValue] successfully performed. With the following test data [title]. @16-02-2021 01:31:06.0969 AM
[ReportManager] API Action [getResponseJSONValue] successfully performed. With the following test data [title]. @16-02-2021 01:31:06.0974 AM
[ReportManager] API Action [getResponseJSONValue] successfully performed. With the following test data [title]. @16-02-2021 01:31:06.0980 AM
[ReportManager] API Action [getResponseJSONValue] successfully performed. With the following test data [title]. @16-02-2021 01:31:06.0991 AM
[ReportManager] API Action [getResponseJSONValue] successfully performed. With the following test data [title]. @16-02-2021 01:31:06.0998 AM
[ReportManager] API Action [getResponseJSONValue] successfully performed. With the following test data [title]. @16-02-2021 01:31:07.0005 AM
[ReportManager] API Action [getResponseJSONValue] successfully performed. With the following test data [title]. @16-02-2021 01:31:07.0013 AM
[ReportManager] API Action [getResponseJSONValue] successfully performed. With the following test data [title]. @16-02-2021 01:31:07.0019 AM
[ReportManager] API Action [getResponseJSONValue] successfully performed. With the following test data [title]. @16-02-2021 01:31:07.0025 AM
[ReportManager] API Action [getResponseJSONValue] successfully performed. With the following test data [title]. @16-02-2021 01:31:07.0030 AM
[ReportManager] API Action [getResponseJSONValue] successfully performed. With the following test data [title]. @16-02-2021 01:31:07.0035 AM
[ReportManager] API Action [getResponseJSONValue] successfully performed. With the following test data [title]. @16-02-2021 01:31:07.0041 AM
[ReportManager] API Action [getResponseJSONValue] successfully performed. With the following test data [title]. @16-02-2021 01:31:07.0045 AM
[ReportManager] API Action [getResponseJSONValue] successfully performed. With the following test data [title]. @16-02-2021 01:31:07.0051 AM
[ReportManager] API Action [getResponseJSONValue] successfully performed. With the following test data [title]. @16-02-2021 01:31:07.0057 AM
[ReportManager] API Action [getResponseJSONValue] successfully performed. With the following test data [title]. @16-02-2021 01:31:07.0063 AM
[ReportManager] API Action [getResponseJSONValue] successfully performed. With the following test data [title]. @16-02-2021 01:31:07.0069 AM
[ReportManager] API Action [getResponseJSONValue] successfully performed. With the following test data [title]. @16-02-2021 01:31:07.0074 AM
[ReportManager] API Action [getResponseJSONValue] successfully performed. With the following test data [title]. @16-02-2021 01:31:07.0079 AM
[ReportManager] API Action [getResponseJSONValue] successfully performed. With the following test data [title]. @16-02-2021 01:31:07.0084 AM
[ReportManager] API Action [getResponseJSONValue] successfully performed. With the following test data [title]. @16-02-2021 01:31:07.0089 AM
[ReportManager] API Action [getResponseJSONValue] successfully performed. With the following test data [title]. @16-02-2021 01:31:07.0094 AM
[ReportManager] API Action [getResponseJSONValue] successfully performed. With the following test data [title]. @16-02-2021 01:31:07.0099 AM
[ReportManager] API Action [getResponseJSONValue] successfully performed. With the following test data [title]. @16-02-2021 01:31:07.0105 AM
[ReportManager] API Action [getResponseJSONValue] successfully performed. With the following test data [title]. @16-02-2021 01:31:07.0110 AM
[ReportManager] API Action [getResponseJSONValue] successfully performed. With the following test data [title]. @16-02-2021 01:31:07.0116 AM
[ReportManager] API Action [getResponseJSONValue] successfully performed. With the following test data [title]. @16-02-2021 01:31:07.0121 AM
[ReportManager] API Action [getResponseJSONValue] successfully performed. With the following test data [title]. @16-02-2021 01:31:07.0126 A

################################################################################################################################################
Starting Execution:	[21 out of 134] test cases in the current suite
Test Method:		[unitTests.tests_restActions.validateUserEmail]
################################################################################################################################################
[ReportManager] Response status code: [200], status line: [HTTP/1.1 200 OK] @16-02-2021 01:31:07.0224 AM
[ReportManager] Evaluating the actual response status code against the expected one...... @16-02-2021 01:31:07.0224 AM
[ReportManager] AssertEquals PASSED; Expected [200] and Actual [200]. Comparison Type [EQUALS]. Validation Type [POSITIVE]. @16-02-2021 01:31:07.0224 AM
[ReportManager] API Action [performRequest] successfully performed. With the following test data [Request Type: "GET" | Target Status Code: "200" | Service URL: "https://jsonplaceholder.typicode.com/users" | Content Type: "*/*" | Response Time: "77ms"]. @16-02-2021 01:31:07.0237 AM
[ReportManager] Successfully created attachment [API Response - JSON Body] @16-02-2021 01:31:07.0237 AM
[ReportManager] AssertEquals PASSED; Expected and Actual values are attached. Comparison Type [CONTAINS]. Validation Type [POSITIVE]. @16-02-2021 01:31:07.0237 AM
[ReportManager] Successfully created attachment [Validation Test Data - Expected Value] @16-02-2021 01:31:07.0238 AM
[ReportManager] Successfully created attachment [Validation Test Data - Actual Value] @16-02-2021 01:31:07.0238 AM
[ReportManager] API Action [getResponseJSONValueAsList] successfully performed. With the following test data [$]. @16-02-2021 01:31:07.0241 AM
[ReportManager] API Action [getResponseJSONValue] successfully performed. With the following test data [name]. @16-02-2021 01:31:07.0252 AM
[ReportManager] API Action [getResponseJSONValue] successfully performed. With the following test data [email]. @16-02-2021 01:31:07.0257 AM
[ReportManager] AssertEquals PASSED; Expected [Sincere@april.biz] and Actual [Sincere@april.biz]. Comparison Type [EQUALS]. Validation Type [POSITIVE]. @16-02-2021 01:31:07.0257 AM
[ReportManager] API Action [getResponseJSONValue] successfully performed. With the following test data [name]. @16-02-2021 01:31:07.0264 AM
[ReportManager] API Action [getResponseJSONValue] successfully performed. With the following test data [name]. @16-02-2021 01:31:07.0274 AM
[ReportManager] API Action [getResponseJSONValue] successfully performed. With the following test data [name]. @16-02-2021 01:31:07.0286 AM
[ReportManager] API Action [getResponseJSONValue] successfully performed. With the following test data [name]. @16-02-2021 01:31:07.0299 AM
[ReportManager] API Action [getResponseJSONValue] successfully performed. With the following test data [name]. @16-02-2021 01:31:07.0305 AM
[ReportManager] API Action [getResponseJSONValue] successfully performed. With the following test data [name]. @16-02-2021 01:31:07.0310 AM
[ReportManager] API Action [getResponseJSONValue] successfully performed. With the following test data [name]. @16-02-2021 01:31:07.0315 AM
[ReportManager] API Action [getResponseJSONValue] successfully performed. With the following test data [name]. @16-02-2021 01:31:07.0320 AM
[ReportManager] API Action [getResponseJSONValue] successfully performed. With the following test data [name]. @16-02-2021 01:31:07.0325 A
[ReportManager] Successfully loaded the following test data file [src/test/resources/TestDataFiles/testSuite01/TestData.xlsx]. @16-02-2021 01:31:07.0921 AM
[ReportManager] Successfully created attachment [Test Data - Excel] @16-02-2021 01:31:07.0922 A

################################################################################################################################################
Starting Execution:	[22 out of 134] test cases in the current suite
Test Method:		[unitTests.tests_io_excelFileManager.getCellData_rowName_expectedToPass]
################################################################################################################################################
[ReportManager] testRowData. @16-02-2021 01:31:07.0934 A

################################################################################################################################################
Starting Execution:	[23 out of 134] test cases in the current suite
Test Method:		[unitTests.tests_validations_assertions.assertComparativeRelation_greaterThanOrEquals_false_equals_expectedToFail]
################################################################################################################################################
[ReportManager] AssertComparativeRelation FAILED; Expected [1] and Actual [1]. Comparison Type [GREATER_THAN_OR_EQUALS]. Validation Type [NEGATIVE]. @16-02-2021 01:31:07.0938 A

################################################################################################################################################
Starting Execution:	[24 out of 134] test cases in the current suite
Test Method:		[unitTests.tests_validations_assertions.assertComparativeRelation_greaterThanOrEquals_false_equals_expectedToPass]
################################################################################################################################################
[ReportManager] AssertComparativeRelation PASSED; Expected [2] and Actual [1]. Comparison Type [GREATER_THAN_OR_EQUALS]. Validation Type [NEGATIVE]. @16-02-2021 01:31:07.0942 A

################################################################################################################################################
Starting Execution:	[25 out of 134] test cases in the current suite
Test Method:		[unitTests.tests_validations_assertions.assertComparativeRelation_greaterThanOrEquals_false_greaterThan_expectedToFail]
################################################################################################################################################
[ReportManager] AssertComparativeRelation FAILED; Expected [1] and Actual [2]. Comparison Type [GREATER_THAN_OR_EQUALS]. Validation Type [NEGATIVE]. @16-02-2021 01:31:07.0947 A

################################################################################################################################################
Starting Execution:	[26 out of 134] test cases in the current suite
Test Method:		[unitTests.tests_validations_assertions.assertComparativeRelation_greaterThanOrEquals_false_greaterThan_expectedToPass]
################################################################################################################################################
[ReportManager] AssertComparativeRelation PASSED; Expected [2] and Actual [1]. Comparison Type [GREATER_THAN_OR_EQUALS]. Validation Type [NEGATIVE]. @16-02-2021 01:31:07.0951 A

################################################################################################################################################
Starting Execution:	[27 out of 134] test cases in the current suite
Test Method:		[unitTests.tests_validations_assertions.assertComparativeRelation_greaterThanOrEquals_true_equals_expectedToFail]
################################################################################################################################################
[ReportManager] AssertComparativeRelation FAILED; Expected [1] and Actual [0]. Comparison Type [GREATER_THAN_OR_EQUALS]. Validation Type [POSITIVE]. @16-02-2021 01:31:07.0955 A

################################################################################################################################################
Starting Execution:	[28 out of 134] test cases in the current suite
Test Method:		[unitTests.tests_validations_assertions.assertComparativeRelation_greaterThanOrEquals_true_equals_expectedToPass]
################################################################################################################################################
[ReportManager] AssertComparativeRelation PASSED; Expected [1] and Actual [1]. Comparison Type [GREATER_THAN_OR_EQUALS]. Validation Type [POSITIVE]. @16-02-2021 01:31:07.0959 A

################################################################################################################################################
Starting Execution:	[29 out of 134] test cases in the current suite
Test Method:		[unitTests.tests_validations_assertions.assertComparativeRelation_greaterThanOrEquals_true_greaterThan_expectedToFail]
################################################################################################################################################
[ReportManager] AssertComparativeRelation FAILED; Expected [2] and Actual [1]. Comparison Type [GREATER_THAN_OR_EQUALS]. Validation Type [POSITIVE]. @16-02-2021 01:31:07.0963 A

################################################################################################################################################
Starting Execution:	[30 out of 134] test cases in the current suite
Test Method:		[unitTests.tests_validations_assertions.assertComparativeRelation_greaterThanOrEquals_true_greaterThan_expectedToPass]
################################################################################################################################################
[ReportManager] AssertComparativeRelation PASSED; Expected [1] and Actual [2]. Comparison Type [GREATER_THAN_OR_EQUALS]. Validation Type [POSITIVE]. @16-02-2021 01:31:07.0967 A
[ReportManager] File Action [getAbsolutePath] successfully performed. With the following test data [Relative Folder Path: "target/downloadedFiles/"]. @16-02-2021 01:31:07.0970 AM
[ReportManager] Attempting to run remotely on: [Linux-64], [GoogleChrome], [http://localhost:4444/wd/hub], Headless Execution. @16-02-2021 01:31:07.0970 AM
[ReportManager] Successfully Opened [GoogleChrome]. @16-02-2021 01:31:08.0325 AM
[ReportManager] Target URL: [https://www.google.com/ncr], and after redirection: [www.google.com] @16-02-2021 01:31:08.0349 AM
[ReportManager] Initial URL: [data:,] @16-02-2021 01:31:08.0392 AM
[ReportManager] Browser Action [navigateToURL] successfully performed. With the following test data [https://www.google.com/ncr]. @16-02-2021 01:31:09.0191 A

################################################################################################################################################
Starting Execution:	[31 out of 134] test cases in the current suite
Test Method:		[unitTests.tests_validations_assertions.assertElementAttribute_false_caseInsensitiveComparison_expectedToFail]
################################################################################################################################################
[ReportManager] Element Action [type] successfully performed. With the following test data [AUTOMATION]. @16-02-2021 01:31:09.0717 AM
[ReportManager] Element Action [getText] successfully performed. With the following test data [AUTOMATION]. @16-02-2021 01:31:09.0825 AM
[ReportManager] Loaded Shared OpenCV @16-02-2021 01:31:10.0416 AM
[ReportManager] AssertElementAttribute FAILED; Expected [Value Should not be 'AutomaTion' for the 'text' attribute, element locator 'By.name: q'] and Actual [AUTOMATION]. Comparison Type [CASE_INSENSITIVE]. Validation Type [NEGATIVE]. @16-02-2021 01:31:10.0548 AM
[ReportManager] Successfully created attachment [Screenshot - 1613439069963_assertElementAttribute_false_caseInsensitiveComparison_expectedToFail_AssertElementAttribute_failed] @16-02-2021 01:31:10.0554 A
[ReportManager] Successfully created attachment [Selenium WebDriver Logs - server] @16-02-2021 01:31:10.0664 AM
[ReportManager] Successfully created attachment [Selenium WebDriver Logs - performance] @16-02-2021 01:31:10.0770 AM
[ReportManager] Successfully created attachment [Selenium WebDriver Logs - driver] @16-02-2021 01:31:10.0887 AM
[ReportManager] Browser Action [closeCurrentWindow] successfully performed. @16-02-2021 01:31:10.0946 AM
[ReportManager] Successfully created attachment [Browser Action Test Data - closeCurrentWindow - Actual Value] @16-02-2021 01:31:10.0947 A
[ReportManager] File Action [getAbsolutePath] successfully performed. With the following test data [Relative Folder Path: "target/downloadedFiles/"]. @16-02-2021 01:31:10.0949 AM
[ReportManager] Attempting to run remotely on: [Linux-64], [GoogleChrome], [http://localhost:4444/wd/hub], Headless Execution. @16-02-2021 01:31:10.0950 AM
[ReportManager] Successfully Opened [GoogleChrome]. @16-02-2021 01:31:11.0205 AM
[ReportManager] Target URL: [https://www.google.com/ncr], and after redirection: [www.google.com] @16-02-2021 01:31:11.0219 AM
[ReportManager] Initial URL: [data:,] @16-02-2021 01:31:11.0261 AM
[ReportManager] Browser Action [navigateToURL] successfully performed. With the following test data [https://www.google.com/ncr]. @16-02-2021 01:31:11.0992 A

################################################################################################################################################
Starting Execution:	[32 out of 134] test cases in the current suite
Test Method:		[unitTests.tests_validations_assertions.assertElementAttribute_false_caseInsensitiveComparison_expectedToPass]
################################################################################################################################################
[ReportManager] Element Action [type] successfully performed. With the following test data [AUTOMATION]. @16-02-2021 01:31:12.0479 AM
[ReportManager] Element Action [getText] successfully performed. With the following test data [AUTOMATION]. @16-02-2021 01:31:12.0595 AM
[ReportManager] Loaded Shared OpenCV @16-02-2021 01:31:12.0732 AM
[ReportManager] AssertElementAttribute PASSED; Expected [Value Should not be 'AutomaTion123' for the 'text' attribute, element locator 'By.name: q'] and Actual [AUTOMATION]. Comparison Type [CASE_INSENSITIVE]. Validation Type [NEGATIVE]. @16-02-2021 01:31:12.0816 AM
[ReportManager] Successfully created attachment [Screenshot - 1613439072732_assertElementAttribute_false_caseInsensitiveComparison_expectedToPass_AssertElementAttribute_passed] @16-02-2021 01:31:12.0817 A
[ReportManager] Successfully created attachment [Selenium WebDriver Logs - server] @16-02-2021 01:31:12.0906 AM
[ReportManager] Successfully created attachment [Selenium WebDriver Logs - performance] @16-02-2021 01:31:12.0980 AM
[ReportManager] Successfully created attachment [Selenium WebDriver Logs - driver] @16-02-2021 01:31:13.0113 AM
[ReportManager] Browser Action [closeCurrentWindow] successfully performed. @16-02-2021 01:31:13.0170 AM
[ReportManager] Successfully created attachment [Browser Action Test Data - closeCurrentWindow - Actual Value] @16-02-2021 01:31:13.0173 A
[ReportManager] File Action [getAbsolutePath] successfully performed. With the following test data [Relative Folder Path: "target/downloadedFiles/"]. @16-02-2021 01:31:13.0176 AM
[ReportManager] Attempting to run remotely on: [Linux-64], [GoogleChrome], [http://localhost:4444/wd/hub], Headless Execution. @16-02-2021 01:31:13.0176 AM
[ReportManager] Successfully Opened [GoogleChrome]. @16-02-2021 01:31:13.0398 AM
[ReportManager] Target URL: [https://www.google.com/ncr], and after redirection: [www.google.com] @16-02-2021 01:31:13.0408 AM
[ReportManager] Initial URL: [data:,] @16-02-2021 01:31:13.0445 AM
[ReportManager] Browser Action [navigateToURL] successfully performed. With the following test data [https://www.google.com/ncr]. @16-02-2021 01:31:14.0131 A

################################################################################################################################################
Starting Execution:	[33 out of 134] test cases in the current suite
Test Method:		[unitTests.tests_validations_assertions.assertElementAttribute_false_containsComparison_expectedToFail]
################################################################################################################################################
[ReportManager] Element Action [type] successfully performed. With the following test data [Automation123]. @16-02-2021 01:31:14.0727 AM
[ReportManager] Element Action [getText] successfully performed. With the following test data [Automation123]. @16-02-2021 01:31:14.0830 AM
[ReportManager] Loaded Shared OpenCV @16-02-2021 01:31:14.0955 AM
[ReportManager] AssertElementAttribute FAILED; Expected [Value Should not be 'Automation' for the 'text' attribute, element locator 'By.name: q'] and Actual [Automation123]. Comparison Type [CONTAINS]. Validation Type [NEGATIVE]. @16-02-2021 01:31:15.0030 AM
[ReportManager] Successfully created attachment [Screenshot - 1613439074955_assertElementAttribute_false_containsComparison_expectedToFail_AssertElementAttribute_failed] @16-02-2021 01:31:15.0031 A
[ReportManager] Successfully created attachment [Selenium WebDriver Logs - server] @16-02-2021 01:31:15.0107 AM
[ReportManager] Successfully created attachment [Selenium WebDriver Logs - performance] @16-02-2021 01:31:15.0196 AM
[ReportManager] Successfully created attachment [Selenium WebDriver Logs - driver] @16-02-2021 01:31:15.0320 AM
[ReportManager] Browser Action [closeCurrentWindow] successfully performed. @16-02-2021 01:31:15.0379 AM
[ReportManager] Successfully created attachment [Browser Action Test Data - closeCurrentWindow - Actual Value] @16-02-2021 01:31:15.0380 A
[ReportManager] File Action [getAbsolutePath] successfully performed. With the following test data [Relative Folder Path: "target/downloadedFiles/"]. @16-02-2021 01:31:15.0383 AM
[ReportManager] Attempting to run remotely on: [Linux-64], [GoogleChrome], [http://localhost:4444/wd/hub], Headless Execution. @16-02-2021 01:31:15.0383 AM
[ReportManager] Successfully Opened [GoogleChrome]. @16-02-2021 01:31:15.0607 AM
[ReportManager] Target URL: [https://www.google.com/ncr], and after redirection: [www.google.com] @16-02-2021 01:31:15.0623 AM
[ReportManager] Initial URL: [data:,] @16-02-2021 01:31:15.0659 AM
[ReportManager] Browser Action [navigateToURL] successfully performed. With the following test data [https://www.google.com/ncr]. @16-02-2021 01:31:16.0377 A

################################################################################################################################################
Starting Execution:	[34 out of 134] test cases in the current suite
Test Method:		[unitTests.tests_validations_assertions.assertElementAttribute_false_containsComparison_expectedToPass]
################################################################################################################################################
[ReportManager] Element Action [type] successfully performed. With the following test data [Automation123]. @16-02-2021 01:31:16.0875 AM
[ReportManager] Element Action [getText] successfully performed. With the following test data [Automation123]. @16-02-2021 01:31:16.0990 AM
[ReportManager] Loaded Shared OpenCV @16-02-2021 01:31:17.0118 AM
[ReportManager] AssertElementAttribute PASSED; Expected [Value Should not be 'Automation1234' for the 'text' attribute, element locator 'By.name: q'] and Actual [Automation123]. Comparison Type [CONTAINS]. Validation Type [NEGATIVE]. @16-02-2021 01:31:17.0186 AM
[ReportManager] Successfully created attachment [Screenshot - 1613439077118_assertElementAttribute_false_containsComparison_expectedToPass_AssertElementAttribute_passed] @16-02-2021 01:31:17.0186 A
[ReportManager] Successfully created attachment [Selenium WebDriver Logs - server] @16-02-2021 01:31:17.0264 AM
[ReportManager] Successfully created attachment [Selenium WebDriver Logs - performance] @16-02-2021 01:31:17.0353 AM
[ReportManager] Successfully created attachment [Selenium WebDriver Logs - driver] @16-02-2021 01:31:17.0471 AM
[ReportManager] Browser Action [closeCurrentWindow] successfully performed. @16-02-2021 01:31:17.0532 AM
[ReportManager] Successfully created attachment [Browser Action Test Data - closeCurrentWindow - Actual Value] @16-02-2021 01:31:17.0532 A
[ReportManager] File Action [getAbsolutePath] successfully performed. With the following test data [Relative Folder Path: "target/downloadedFiles/"]. @16-02-2021 01:31:17.0534 AM
[ReportManager] Attempting to run remotely on: [Linux-64], [GoogleChrome], [http://localhost:4444/wd/hub], Headless Execution. @16-02-2021 01:31:17.0535 AM
[ReportManager] Successfully Opened [GoogleChrome]. @16-02-2021 01:31:17.0725 AM
[ReportManager] Target URL: [https://www.google.com/ncr], and after redirection: [www.google.com] @16-02-2021 01:31:17.0741 AM
[ReportManager] Initial URL: [data:,] @16-02-2021 01:31:17.0785 AM
[ReportManager] Browser Action [navigateToURL] successfully performed. With the following test data [https://www.google.com/ncr]. @16-02-2021 01:31:18.0503 A

################################################################################################################################################
Starting Execution:	[35 out of 134] test cases in the current suite
Test Method:		[unitTests.tests_validations_assertions.assertElementAttribute_false_literalComparison_expectedToFail]
################################################################################################################################################
[ReportManager] Element Action [type] successfully performed. With the following test data [Automation!@#$%^&*()_+{}[]\';/.,]. @16-02-2021 01:31:19.0507 AM
[ReportManager] Element Action [getText] successfully performed. With the following test data [Automation!@#$%^&*()_+{}[]\';/.,]. @16-02-2021 01:31:19.0625 AM
[ReportManager] Loaded Shared OpenCV @16-02-2021 01:31:19.0752 AM
[ReportManager] AssertElementAttribute PASSED; Expected [Value Should not be 'Automation!@#$%^&*()_+{}[]\\';/.,' for the 'text' attribute, element locator 'By.name: q'] and Actual [Automation!@#$%^&*()_+{}[]\';/.,]. Comparison Type [EQUALS]. Validation Type [NEGATIVE]. @16-02-2021 01:31:19.0822 AM
[ReportManager] Successfully created attachment [Screenshot - 1613439079752_assertElementAttribute_false_literalComparison_expectedToFail_AssertElementAttribute_passed] @16-02-2021 01:31:19.0823 A
[ReportManager] Successfully created attachment [Selenium WebDriver Logs - server] @16-02-2021 01:31:19.0893 AM
[ReportManager] Successfully created attachment [Selenium WebDriver Logs - performance] @16-02-2021 01:31:20.0027 AM
[ReportManager] Successfully created attachment [Selenium WebDriver Logs - driver] @16-02-2021 01:31:20.0232 AM
[ReportManager] Browser Action [closeCurrentWindow] successfully performed. @16-02-2021 01:31:20.0291 AM
[ReportManager] Successfully created attachment [Browser Action Test Data - closeCurrentWindow - Actual Value] @16-02-2021 01:31:20.0292 A
[ReportManager] File Action [getAbsolutePath] successfully performed. With the following test data [Relative Folder Path: "target/downloadedFiles/"]. @16-02-2021 01:31:20.0295 AM
[ReportManager] Attempting to run remotely on: [Linux-64], [GoogleChrome], [http://localhost:4444/wd/hub], Headless Execution. @16-02-2021 01:31:20.0295 AM
[ReportManager] Successfully Opened [GoogleChrome]. @16-02-2021 01:31:20.0494 AM
[ReportManager] Target URL: [https://www.google.com/ncr], and after redirection: [www.google.com] @16-02-2021 01:31:20.0519 AM
[ReportManager] Initial URL: [data:,] @16-02-2021 01:31:20.0556 AM
[ReportManager] Browser Action [navigateToURL] successfully performed. With the following test data [https://www.google.com/ncr]. @16-02-2021 01:31:21.0282 A

################################################################################################################################################
Starting Execution:	[36 out of 134] test cases in the current suite
Test Method:		[unitTests.tests_validations_assertions.assertElementAttribute_false_literalComparison_expectedToPass]
################################################################################################################################################
[ReportManager] Element Action [type] successfully performed. With the following test data [Automation!@#$%^&*()_+{}[]\';/.,]. @16-02-2021 01:31:22.0419 AM
[ReportManager] Element Action [getText] successfully performed. With the following test data [Automation!@#$%^&*()_+{}[]\';/.,]. @16-02-2021 01:31:22.0547 AM
[ReportManager] Loaded Shared OpenCV @16-02-2021 01:31:22.0677 AM
[ReportManager] AssertElementAttribute PASSED; Expected [Value Should not be 'Automation' for the 'text' attribute, element locator 'By.name: q'] and Actual [Automation!@#$%^&*()_+{}[]\';/.,]. Comparison Type [EQUALS]. Validation Type [NEGATIVE]. @16-02-2021 01:31:22.0757 AM
[ReportManager] Successfully created attachment [Screenshot - 1613439082677_assertElementAttribute_false_literalComparison_expectedToPass_AssertElementAttribute_passed] @16-02-2021 01:31:22.0758 A
[ReportManager] Successfully created attachment [Selenium WebDriver Logs - server] @16-02-2021 01:31:22.0830 AM
[ReportManager] Successfully created attachment [Selenium WebDriver Logs - performance] @16-02-2021 01:31:22.0986 AM
[ReportManager] Successfully created attachment [Selenium WebDriver Logs - driver] @16-02-2021 01:31:23.0154 AM
[ReportManager] Browser Action [closeCurrentWindow] successfully performed. @16-02-2021 01:31:23.0211 AM
[ReportManager] Successfully created attachment [Browser Action Test Data - closeCurrentWindow - Actual Value] @16-02-2021 01:31:23.0212 A
[ReportManager] File Action [getAbsolutePath] successfully performed. With the following test data [Relative Folder Path: "target/downloadedFiles/"]. @16-02-2021 01:31:23.0225 AM
[ReportManager] Attempting to run remotely on: [Linux-64], [GoogleChrome], [http://localhost:4444/wd/hub], Headless Execution. @16-02-2021 01:31:23.0226 AM
[ReportManager] Successfully Opened [GoogleChrome]. @16-02-2021 01:31:23.0438 AM
[ReportManager] Target URL: [https://www.google.com/ncr], and after redirection: [www.google.com] @16-02-2021 01:31:23.0450 AM
[ReportManager] Initial URL: [data:,] @16-02-2021 01:31:23.0488 AM
[ReportManager] Browser Action [navigateToURL] successfully performed. With the following test data [https://www.google.com/ncr]. @16-02-2021 01:31:24.0210 A

################################################################################################################################################
Starting Execution:	[37 out of 134] test cases in the current suite
Test Method:		[unitTests.tests_validations_assertions.assertElementAttribute_false_regexComparison_expectedToFail]
################################################################################################################################################
[ReportManager] Element Action [type] successfully performed. With the following test data [Automation123]. @16-02-2021 01:31:24.0790 AM
[ReportManager] Element Action [getText] successfully performed. With the following test data [Automation123]. @16-02-2021 01:31:24.0912 AM
[ReportManager] Loaded Shared OpenCV @16-02-2021 01:31:25.0050 AM
[ReportManager] AssertElementAttribute FAILED; Expected [Value Should not be 'Automation.*' for the 'text' attribute, element locator 'By.name: q'] and Actual [Automation123]. Comparison Type [MATCHES]. Validation Type [NEGATIVE]. @16-02-2021 01:31:25.0121 AM
[ReportManager] Successfully created attachment [Screenshot - 1613439085050_assertElementAttribute_false_regexComparison_expectedToFail_AssertElementAttribute_failed] @16-02-2021 01:31:25.0122 A
[ReportManager] Successfully created attachment [Selenium WebDriver Logs - server] @16-02-2021 01:31:25.0199 AM
[ReportManager] Successfully created attachment [Selenium WebDriver Logs - performance] @16-02-2021 01:31:25.0282 AM
[ReportManager] Successfully created attachment [Selenium WebDriver Logs - driver] @16-02-2021 01:31:25.0401 AM
[ReportManager] Browser Action [closeCurrentWindow] successfully performed. @16-02-2021 01:31:25.0457 AM
[ReportManager] Successfully created attachment [Browser Action Test Data - closeCurrentWindow - Actual Value] @16-02-2021 01:31:25.0458 A
[ReportManager] File Action [getAbsolutePath] successfully performed. With the following test data [Relative Folder Path: "target/downloadedFiles/"]. @16-02-2021 01:31:25.0460 AM
[ReportManager] Attempting to run remotely on: [Linux-64], [GoogleChrome], [http://localhost:4444/wd/hub], Headless Execution. @16-02-2021 01:31:25.0461 AM
[ReportManager] Successfully Opened [GoogleChrome]. @16-02-2021 01:31:25.0660 AM
[ReportManager] Target URL: [https://www.google.com/ncr], and after redirection: [www.google.com] @16-02-2021 01:31:25.0670 AM
[ReportManager] Initial URL: [data:,] @16-02-2021 01:31:25.0714 AM
[ReportManager] Browser Action [navigateToURL] successfully performed. With the following test data [https://www.google.com/ncr]. @16-02-2021 01:31:26.0415 A

################################################################################################################################################
Starting Execution:	[38 out of 134] test cases in the current suite
Test Method:		[unitTests.tests_validations_assertions.assertElementAttribute_false_regexComparison_expectedToPass]
################################################################################################################################################
[ReportManager] Element Action [type] successfully performed. With the following test data [Automation123]. @16-02-2021 01:31:27.0019 AM
[ReportManager] Element Action [getText] successfully performed. With the following test data [Automation123]. @16-02-2021 01:31:27.0128 AM
[ReportManager] Loaded Shared OpenCV @16-02-2021 01:31:27.0247 AM
[ReportManager] AssertElementAttribute PASSED; Expected [Value Should not be 'Automation' for the 'text' attribute, element locator 'By.name: q'] and Actual [Automation123]. Comparison Type [MATCHES]. Validation Type [NEGATIVE]. @16-02-2021 01:31:27.0327 AM
[ReportManager] Successfully created attachment [Screenshot - 1613439087247_assertElementAttribute_false_regexComparison_expectedToPass_AssertElementAttribute_passed] @16-02-2021 01:31:27.0328 A
[ReportManager] Successfully created attachment [Selenium WebDriver Logs - server] @16-02-2021 01:31:27.0403 AM
[ReportManager] Successfully created attachment [Selenium WebDriver Logs - performance] @16-02-2021 01:31:27.0481 AM
[ReportManager] Successfully created attachment [Selenium WebDriver Logs - driver] @16-02-2021 01:31:27.0593 AM
[ReportManager] Browser Action [closeCurrentWindow] successfully performed. @16-02-2021 01:31:27.0649 AM
[ReportManager] Successfully created attachment [Browser Action Test Data - closeCurrentWindow - Actual Value] @16-02-2021 01:31:27.0651 A
[ReportManager] File Action [getAbsolutePath] successfully performed. With the following test data [Relative Folder Path: "target/downloadedFiles/"]. @16-02-2021 01:31:27.0655 AM
[ReportManager] Attempting to run remotely on: [Linux-64], [GoogleChrome], [http://localhost:4444/wd/hub], Headless Execution. @16-02-2021 01:31:27.0655 AM
[ReportManager] Successfully Opened [GoogleChrome]. @16-02-2021 01:31:27.0869 AM
[ReportManager] Target URL: [https://www.google.com/ncr], and after redirection: [www.google.com] @16-02-2021 01:31:27.0878 AM
[ReportManager] Initial URL: [data:,] @16-02-2021 01:31:27.0920 AM
[ReportManager] Browser Action [navigateToURL] successfully performed. With the following test data [https://www.google.com/ncr]. @16-02-2021 01:31:28.0641 A

################################################################################################################################################
Starting Execution:	[39 out of 134] test cases in the current suite
Test Method:		[unitTests.tests_validations_assertions.assertElementAttribute_true_caseInsensitiveComparison_expectedToFail]
################################################################################################################################################
[ReportManager] Element Action [type] successfully performed. With the following test data [AUTOMATION]. @16-02-2021 01:31:29.0072 AM
[ReportManager] Element Action [getText] successfully performed. With the following test data [AUTOMATION]. @16-02-2021 01:31:29.0170 AM
[ReportManager] Loaded Shared OpenCV @16-02-2021 01:31:29.0284 AM
[ReportManager] AssertElementAttribute FAILED; Expected [Value Should be 'AutomaTion123' for the 'text' attribute, element locator 'By.name: q'] and Actual [AUTOMATION]. Comparison Type [CASE_INSENSITIVE]. Validation Type [POSITIVE]. @16-02-2021 01:31:29.0353 AM
[ReportManager] Successfully created attachment [Screenshot - 1613439089284_assertElementAttribute_true_caseInsensitiveComparison_expectedToFail_AssertElementAttribute_failed] @16-02-2021 01:31:29.0354 A
[ReportManager] Successfully created attachment [Selenium WebDriver Logs - server] @16-02-2021 01:31:29.0423 AM
[ReportManager] Successfully created attachment [Selenium WebDriver Logs - performance] @16-02-2021 01:31:29.0488 AM
[ReportManager] Successfully created attachment [Selenium WebDriver Logs - driver] @16-02-2021 01:31:29.0595 AM
[ReportManager] Browser Action [closeCurrentWindow] successfully performed. @16-02-2021 01:31:29.0658 AM
[ReportManager] Successfully created attachment [Browser Action Test Data - closeCurrentWindow - Actual Value] @16-02-2021 01:31:29.0660 A
[ReportManager] File Action [getAbsolutePath] successfully performed. With the following test data [Relative Folder Path: "target/downloadedFiles/"]. @16-02-2021 01:31:29.0662 AM
[ReportManager] Attempting to run remotely on: [Linux-64], [GoogleChrome], [http://localhost:4444/wd/hub], Headless Execution. @16-02-2021 01:31:29.0662 AM
[ReportManager] Successfully Opened [GoogleChrome]. @16-02-2021 01:31:29.0858 AM
[ReportManager] Target URL: [https://www.google.com/ncr], and after redirection: [www.google.com] @16-02-2021 01:31:29.0879 AM
[ReportManager] Initial URL: [data:,] @16-02-2021 01:31:29.0922 AM
[ReportManager] Browser Action [navigateToURL] successfully performed. With the following test data [https://www.google.com/ncr]. @16-02-2021 01:31:30.0618 A

################################################################################################################################################
Starting Execution:	[40 out of 134] test cases in the current suite
Test Method:		[unitTests.tests_validations_assertions.assertElementAttribute_true_caseInsensitiveComparison_expectedToPass]
################################################################################################################################################
[ReportManager] Element Action [type] successfully performed. With the following test data [AUTOMATION]. @16-02-2021 01:31:31.0147 AM
[ReportManager] Element Action [getText] successfully performed. With the following test data [AUTOMATION]. @16-02-2021 01:31:31.0264 AM
[ReportManager] Loaded Shared OpenCV @16-02-2021 01:31:31.0386 AM
[ReportManager] AssertElementAttribute PASSED; Expected [Value Should be 'AutomaTion' for the 'text' attribute, element locator 'By.name: q'] and Actual [AUTOMATION]. Comparison Type [CASE_INSENSITIVE]. Validation Type [POSITIVE]. @16-02-2021 01:31:31.0452 AM
[ReportManager] Successfully created attachment [Screenshot - 1613439091386_assertElementAttribute_true_caseInsensitiveComparison_expectedToPass_AssertElementAttribute_passed] @16-02-2021 01:31:31.0453 A
[ReportManager] Successfully created attachment [Selenium WebDriver Logs - server] @16-02-2021 01:31:31.0522 AM
[ReportManager] Successfully created attachment [Selenium WebDriver Logs - performance] @16-02-2021 01:31:31.0601 AM
[ReportManager] Successfully created attachment [Selenium WebDriver Logs - driver] @16-02-2021 01:31:31.0737 AM
[ReportManager] Browser Action [closeCurrentWindow] successfully performed. @16-02-2021 01:31:31.0794 AM
[ReportManager] Successfully created attachment [Browser Action Test Data - closeCurrentWindow - Actual Value] @16-02-2021 01:31:31.0795 A
[ReportManager] File Action [getAbsolutePath] successfully performed. With the following test data [Relative Folder Path: "target/downloadedFiles/"]. @16-02-2021 01:31:31.0798 AM
[ReportManager] Attempting to run remotely on: [Linux-64], [GoogleChrome], [http://localhost:4444/wd/hub], Headless Execution. @16-02-2021 01:31:31.0799 AM
[ReportManager] Successfully Opened [GoogleChrome]. @16-02-2021 01:31:31.0995 AM
[ReportManager] Target URL: [https://www.google.com/ncr], and after redirection: [www.google.com] @16-02-2021 01:31:32.0006 AM
[ReportManager] Initial URL: [data:,] @16-02-2021 01:31:32.0040 AM
[ReportManager] Browser Action [navigateToURL] successfully performed. With the following test data [https://www.google.com/ncr]. @16-02-2021 01:31:32.0706 A

################################################################################################################################################
Starting Execution:	[41 out of 134] test cases in the current suite
Test Method:		[unitTests.tests_validations_assertions.assertElementAttribute_true_containsComparison_expectedToFail]
################################################################################################################################################
[ReportManager] Element Action [type] successfully performed. With the following test data [Automation123]. @16-02-2021 01:31:33.0184 AM
[ReportManager] Element Action [getText] successfully performed. With the following test data [Automation123]. @16-02-2021 01:31:33.0287 AM
[ReportManager] Loaded Shared OpenCV @16-02-2021 01:31:33.0398 AM
[ReportManager] AssertElementAttribute FAILED; Expected [Value Should be 'Automation1234' for the 'text' attribute, element locator 'By.name: q'] and Actual [Automation123]. Comparison Type [CONTAINS]. Validation Type [POSITIVE]. @16-02-2021 01:31:33.0466 AM
[ReportManager] Successfully created attachment [Screenshot - 1613439093398_assertElementAttribute_true_containsComparison_expectedToFail_AssertElementAttribute_failed] @16-02-2021 01:31:33.0467 A
[ReportManager] Successfully created attachment [Selenium WebDriver Logs - server] @16-02-2021 01:31:33.0532 AM
[ReportManager] Successfully created attachment [Selenium WebDriver Logs - performance] @16-02-2021 01:31:33.0604 AM
[ReportManager] Successfully created attachment [Selenium WebDriver Logs - driver] @16-02-2021 01:31:33.0717 AM
[ReportManager] Browser Action [closeCurrentWindow] successfully performed. @16-02-2021 01:31:33.0777 AM
[ReportManager] Successfully created attachment [Browser Action Test Data - closeCurrentWindow - Actual Value] @16-02-2021 01:31:33.0778 A
[ReportManager] File Action [getAbsolutePath] successfully performed. With the following test data [Relative Folder Path: "target/downloadedFiles/"]. @16-02-2021 01:31:33.0781 AM
[ReportManager] Attempting to run remotely on: [Linux-64], [GoogleChrome], [http://localhost:4444/wd/hub], Headless Execution. @16-02-2021 01:31:33.0784 AM
[ReportManager] Successfully Opened [GoogleChrome]. @16-02-2021 01:31:33.0992 AM
[ReportManager] Target URL: [https://www.google.com/ncr], and after redirection: [www.google.com] @16-02-2021 01:31:34.0001 AM
[ReportManager] Initial URL: [data:,] @16-02-2021 01:31:34.0037 AM
[ReportManager] Browser Action [navigateToURL] successfully performed. With the following test data [https://www.google.com/ncr]. @16-02-2021 01:31:34.0781 A

################################################################################################################################################
Starting Execution:	[42 out of 134] test cases in the current suite
Test Method:		[unitTests.tests_validations_assertions.assertElementAttribute_true_containsComparison_expectedToPass]
################################################################################################################################################
[ReportManager] Element Action [type] successfully performed. With the following test data [Automation123]. @16-02-2021 01:31:35.0263 AM
[ReportManager] Element Action [getText] successfully performed. With the following test data [Automation123]. @16-02-2021 01:31:35.0361 AM
[ReportManager] Loaded Shared OpenCV @16-02-2021 01:31:35.0487 AM
[ReportManager] AssertElementAttribute PASSED; Expected [Value Should be 'Automation' for the 'text' attribute, element locator 'By.name: q'] and Actual [Automation123]. Comparison Type [CONTAINS]. Validation Type [POSITIVE]. @16-02-2021 01:31:35.0554 AM
[ReportManager] Successfully created attachment [Screenshot - 1613439095487_assertElementAttribute_true_containsComparison_expectedToPass_AssertElementAttribute_passed] @16-02-2021 01:31:35.0554 A
[ReportManager] Successfully created attachment [Selenium WebDriver Logs - server] @16-02-2021 01:31:35.0621 AM
[ReportManager] Successfully created attachment [Selenium WebDriver Logs - performance] @16-02-2021 01:31:35.0698 AM
[ReportManager] Successfully created attachment [Selenium WebDriver Logs - driver] @16-02-2021 01:31:35.0810 AM
[ReportManager] Browser Action [closeCurrentWindow] successfully performed. @16-02-2021 01:31:35.0867 AM
[ReportManager] Successfully created attachment [Browser Action Test Data - closeCurrentWindow - Actual Value] @16-02-2021 01:31:35.0867 A
[ReportManager] File Action [getAbsolutePath] successfully performed. With the following test data [Relative Folder Path: "target/downloadedFiles/"]. @16-02-2021 01:31:35.0870 AM
[ReportManager] Attempting to run remotely on: [Linux-64], [GoogleChrome], [http://localhost:4444/wd/hub], Headless Execution. @16-02-2021 01:31:35.0870 AM
[ReportManager] Successfully Opened [GoogleChrome]. @16-02-2021 01:31:36.0056 AM
[ReportManager] Target URL: [https://www.google.com/ncr], and after redirection: [www.google.com] @16-02-2021 01:31:36.0066 AM
[ReportManager] Initial URL: [data:,] @16-02-2021 01:31:36.0104 AM
[ReportManager] Browser Action [navigateToURL] successfully performed. With the following test data [https://www.google.com/ncr]. @16-02-2021 01:31:36.0775 A

################################################################################################################################################
Starting Execution:	[43 out of 134] test cases in the current suite
Test Method:		[unitTests.tests_validations_assertions.assertElementAttribute_true_literalComparison_expectedToFail]
################################################################################################################################################
[ReportManager] Element Action [type] successfully performed. With the following test data [Automation!@#$%^&*()_+{}[]\';/.,]. @16-02-2021 01:31:37.0792 AM
[ReportManager] Element Action [getText] successfully performed. With the following test data [Automation!@#$%^&*()_+{}[]\';/.,]. @16-02-2021 01:31:37.0902 AM
[ReportManager] Loaded Shared OpenCV @16-02-2021 01:31:38.0026 AM
[ReportManager] AssertElementAttribute FAILED; Expected [Value Should be 'Automation' for the 'text' attribute, element locator 'By.name: q'] and Actual [Automation!@#$%^&*()_+{}[]\';/.,]. Comparison Type [EQUALS]. Validation Type [POSITIVE]. @16-02-2021 01:31:38.0105 AM
[ReportManager] Successfully created attachment [Screenshot - 1613439098026_assertElementAttribute_true_literalComparison_expectedToFail_AssertElementAttribute_failed] @16-02-2021 01:31:38.0106 A
[ReportManager] Successfully created attachment [Selenium WebDriver Logs - server] @16-02-2021 01:31:38.0179 AM
[ReportManager] Successfully created attachment [Selenium WebDriver Logs - performance] @16-02-2021 01:31:38.0317 AM
[ReportManager] Successfully created attachment [Selenium WebDriver Logs - driver] @16-02-2021 01:31:38.0475 AM
[ReportManager] Browser Action [closeCurrentWindow] successfully performed. @16-02-2021 01:31:38.0531 AM
[ReportManager] Successfully created attachment [Browser Action Test Data - closeCurrentWindow - Actual Value] @16-02-2021 01:31:38.0532 A
[ReportManager] File Action [getAbsolutePath] successfully performed. With the following test data [Relative Folder Path: "target/downloadedFiles/"]. @16-02-2021 01:31:38.0536 AM
[ReportManager] Attempting to run remotely on: [Linux-64], [GoogleChrome], [http://localhost:4444/wd/hub], Headless Execution. @16-02-2021 01:31:38.0536 AM
[ReportManager] Successfully Opened [GoogleChrome]. @16-02-2021 01:31:38.0723 AM
[ReportManager] Target URL: [https://www.google.com/ncr], and after redirection: [www.google.com] @16-02-2021 01:31:38.0733 AM
[ReportManager] Initial URL: [data:,] @16-02-2021 01:31:38.0767 AM
[ReportManager] Browser Action [navigateToURL] successfully performed. With the following test data [https://www.google.com/ncr]. @16-02-2021 01:31:39.0448 A

################################################################################################################################################
Starting Execution:	[44 out of 134] test cases in the current suite
Test Method:		[unitTests.tests_validations_assertions.assertElementAttribute_true_literalComparison_expectedToPass]
################################################################################################################################################
[ReportManager] Element Action [type] successfully performed. With the following test data [Automation!@#$%^&*()_+{}[]\';/.,]. @16-02-2021 01:31:40.0514 AM
[ReportManager] Element Action [getText] successfully performed. With the following test data [Automation!@#$%^&*()_+{}[]\';/.,]. @16-02-2021 01:31:40.0611 AM
[ReportManager] Loaded Shared OpenCV @16-02-2021 01:31:40.0744 AM
[ReportManager] AssertElementAttribute PASSED; Expected [Value Should be 'Automation!@#$%^&*()_+{}[]\';/.,' for the 'text' attribute, element locator 'By.name: q'] and Actual [Automation!@#$%^&*()_+{}[]\';/.,]. Comparison Type [EQUALS]. Validation Type [POSITIVE]. @16-02-2021 01:31:40.0820 AM
[ReportManager] Successfully created attachment [Screenshot - 1613439100744_assertElementAttribute_true_literalComparison_expectedToPass_AssertElementAttribute_passed] @16-02-2021 01:31:40.0821 A
[ReportManager] Successfully created attachment [Selenium WebDriver Logs - server] @16-02-2021 01:31:40.0892 AM
[ReportManager] Successfully created attachment [Selenium WebDriver Logs - performance] @16-02-2021 01:31:41.0033 AM
[ReportManager] Successfully created attachment [Selenium WebDriver Logs - driver] @16-02-2021 01:31:41.0201 AM
[ReportManager] Browser Action [closeCurrentWindow] successfully performed. @16-02-2021 01:31:41.0257 AM
[ReportManager] Successfully created attachment [Browser Action Test Data - closeCurrentWindow - Actual Value] @16-02-2021 01:31:41.0258 A
[ReportManager] File Action [getAbsolutePath] successfully performed. With the following test data [Relative Folder Path: "target/downloadedFiles/"]. @16-02-2021 01:31:41.0263 AM
[ReportManager] Attempting to run remotely on: [Linux-64], [GoogleChrome], [http://localhost:4444/wd/hub], Headless Execution. @16-02-2021 01:31:41.0263 AM
[ReportManager] Successfully Opened [GoogleChrome]. @16-02-2021 01:31:41.0443 AM
[ReportManager] Target URL: [https://www.google.com/ncr], and after redirection: [www.google.com] @16-02-2021 01:31:41.0454 AM
[ReportManager] Initial URL: [data:,] @16-02-2021 01:31:41.0492 AM
[ReportManager] Browser Action [navigateToURL] successfully performed. With the following test data [https://www.google.com/ncr]. @16-02-2021 01:31:42.0161 A

################################################################################################################################################
Starting Execution:	[45 out of 134] test cases in the current suite
Test Method:		[unitTests.tests_validations_assertions.assertElementAttribute_true_regexComparison_expectedToFail]
################################################################################################################################################
[ReportManager] Element Action [type] successfully performed. With the following test data [Automation123]. @16-02-2021 01:31:42.0666 AM
[ReportManager] Element Action [getText] successfully performed. With the following test data [Automation123]. @16-02-2021 01:31:42.0770 AM
[ReportManager] Loaded Shared OpenCV @16-02-2021 01:31:42.0879 AM
[ReportManager] AssertElementAttribute FAILED; Expected [Value Should be 'Automation' for the 'text' attribute, element locator 'By.name: q'] and Actual [Automation123]. Comparison Type [MATCHES]. Validation Type [POSITIVE]. @16-02-2021 01:31:42.0947 AM
[ReportManager] Successfully created attachment [Screenshot - 1613439102879_assertElementAttribute_true_regexComparison_expectedToFail_AssertElementAttribute_failed] @16-02-2021 01:31:42.0948 A
[ReportManager] Successfully created attachment [Selenium WebDriver Logs - server] @16-02-2021 01:31:43.0014 AM
[ReportManager] Successfully created attachment [Selenium WebDriver Logs - performance] @16-02-2021 01:31:43.0092 AM
[ReportManager] Successfully created attachment [Selenium WebDriver Logs - driver] @16-02-2021 01:31:43.0205 AM
[ReportManager] Browser Action [closeCurrentWindow] successfully performed. @16-02-2021 01:31:43.0261 AM
[ReportManager] Successfully created attachment [Browser Action Test Data - closeCurrentWindow - Actual Value] @16-02-2021 01:31:43.0262 A
[ReportManager] File Action [getAbsolutePath] successfully performed. With the following test data [Relative Folder Path: "target/downloadedFiles/"]. @16-02-2021 01:31:43.0270 AM
[ReportManager] Attempting to run remotely on: [Linux-64], [GoogleChrome], [http://localhost:4444/wd/hub], Headless Execution. @16-02-2021 01:31:43.0270 AM
[ReportManager] Successfully Opened [GoogleChrome]. @16-02-2021 01:31:43.0471 AM
[ReportManager] Target URL: [https://www.google.com/ncr], and after redirection: [www.google.com] @16-02-2021 01:31:43.0480 AM
[ReportManager] Initial URL: [data:,] @16-02-2021 01:31:43.0514 AM
[ReportManager] Browser Action [navigateToURL] successfully performed. With the following test data [https://www.google.com/ncr]. @16-02-2021 01:31:44.0193 A

################################################################################################################################################
Starting Execution:	[46 out of 134] test cases in the current suite
Test Method:		[unitTests.tests_validations_assertions.assertElementAttribute_true_regexComparison_expectedToPass]
################################################################################################################################################
[ReportManager] Element Action [type] successfully performed. With the following test data [Automation123]. @16-02-2021 01:31:44.0672 AM
[ReportManager] Element Action [getText] successfully performed. With the following test data [Automation123]. @16-02-2021 01:31:44.0781 AM
[ReportManager] Loaded Shared OpenCV @16-02-2021 01:31:44.0897 AM
[ReportManager] AssertElementAttribute PASSED; Expected [Value Should be 'Automation.*' for the 'text' attribute, element locator 'By.name: q'] and Actual [Automation123]. Comparison Type [MATCHES]. Validation Type [POSITIVE]. @16-02-2021 01:31:44.0963 AM
[ReportManager] Successfully created attachment [Screenshot - 1613439104897_assertElementAttribute_true_regexComparison_expectedToPass_AssertElementAttribute_passed] @16-02-2021 01:31:44.0964 A
[ReportManager] Successfully created attachment [Selenium WebDriver Logs - server] @16-02-2021 01:31:45.0037 AM
[ReportManager] Successfully created attachment [Selenium WebDriver Logs - performance] @16-02-2021 01:31:45.0110 AM
[ReportManager] Successfully created attachment [Selenium WebDriver Logs - driver] @16-02-2021 01:31:45.0219 AM
[ReportManager] Browser Action [closeCurrentWindow] successfully performed. @16-02-2021 01:31:45.0236 AM
[ReportManager] Successfully created attachment [Browser Action Test Data - closeCurrentWindow - Actual Value] @16-02-2021 01:31:45.0237 A
[ReportManager] File Action [getAbsolutePath] successfully performed. With the following test data [Relative Folder Path: "target/downloadedFiles/"]. @16-02-2021 01:31:45.0241 AM
[ReportManager] Attempting to run remotely on: [Linux-64], [GoogleChrome], [http://localhost:4444/wd/hub], Headless Execution. @16-02-2021 01:31:45.0241 AM
[ReportManager] Successfully Opened [GoogleChrome]. @16-02-2021 01:31:45.0457 AM
[ReportManager] Target URL: [https://www.google.com/ncr], and after redirection: [www.google.com] @16-02-2021 01:31:45.0470 AM
[ReportManager] Initial URL: [data:,] @16-02-2021 01:31:45.0509 AM
[ReportManager] Browser Action [navigateToURL] successfully performed. With the following test data [https://www.google.com/ncr]. @16-02-2021 01:31:46.0186 A

################################################################################################################################################
Starting Execution:	[47 out of 134] test cases in the current suite
Test Method:		[unitTests.tests_validations_assertions.assertElementExists_false_expectedToFail]
################################################################################################################################################
[ReportManager] AssertElementExists PASSED; Expected [Element Should not Exist, locator 'By.id: hplogo'] and Actual [Element Doesn't Exists]. Comparison Type [EQUALS]. Validation Type [NEGATIVE]. @16-02-2021 01:31:46.0366 AM
[ReportManager] Successfully created attachment [Screenshot - 1613439106312_assertElementExists_false_expectedToFail_AssertElementExists_passed] @16-02-2021 01:31:46.0366 A
[ReportManager] Successfully created attachment [Selenium WebDriver Logs - server] @16-02-2021 01:31:46.0430 AM
[ReportManager] Successfully created attachment [Selenium WebDriver Logs - performance] @16-02-2021 01:31:46.0462 AM
[ReportManager] Successfully created attachment [Selenium WebDriver Logs - driver] @16-02-2021 01:31:46.0526 AM
[ReportManager] Browser Action [closeCurrentWindow] successfully performed. @16-02-2021 01:31:46.0582 AM
[ReportManager] Successfully created attachment [Browser Action Test Data - closeCurrentWindow - Actual Value] @16-02-2021 01:31:46.0583 A
[ReportManager] File Action [getAbsolutePath] successfully performed. With the following test data [Relative Folder Path: "target/downloadedFiles/"]. @16-02-2021 01:31:46.0586 AM
[ReportManager] Attempting to run remotely on: [Linux-64], [GoogleChrome], [http://localhost:4444/wd/hub], Headless Execution. @16-02-2021 01:31:46.0586 AM
[ReportManager] Successfully Opened [GoogleChrome]. @16-02-2021 01:31:46.0795 AM
[ReportManager] Target URL: [https://www.google.com/ncr], and after redirection: [www.google.com] @16-02-2021 01:31:46.0807 AM
[ReportManager] Initial URL: [data:,] @16-02-2021 01:31:46.0843 AM
[ReportManager] Browser Action [navigateToURL] successfully performed. With the following test data [https://www.google.com/ncr]. @16-02-2021 01:31:47.0556 A

################################################################################################################################################
Starting Execution:	[48 out of 134] test cases in the current suite
Test Method:		[unitTests.tests_validations_assertions.assertElementExists_false_expectedToPass]
################################################################################################################################################
[ReportManager] AssertElementExists PASSED; Expected [Element Should not Exist, locator 'By.id: fakeElement'] and Actual [Element Doesn't Exists]. Comparison Type [EQUALS]. Validation Type [NEGATIVE]. @16-02-2021 01:31:47.0728 AM
[ReportManager] Successfully created attachment [Screenshot - 1613439107676_assertElementExists_false_expectedToPass_AssertElementExists_passed] @16-02-2021 01:31:47.0729 A
[ReportManager] Successfully created attachment [Selenium WebDriver Logs - server] @16-02-2021 01:31:47.0805 AM
[ReportManager] Successfully created attachment [Selenium WebDriver Logs - performance] @16-02-2021 01:31:47.0831 AM
[ReportManager] Successfully created attachment [Selenium WebDriver Logs - driver] @16-02-2021 01:31:47.0896 AM
[ReportManager] Browser Action [closeCurrentWindow] successfully performed. @16-02-2021 01:31:47.0952 AM
[ReportManager] Successfully created attachment [Browser Action Test Data - closeCurrentWindow - Actual Value] @16-02-2021 01:31:47.0953 A
[ReportManager] File Action [getAbsolutePath] successfully performed. With the following test data [Relative Folder Path: "target/downloadedFiles/"]. @16-02-2021 01:31:47.0956 AM
[ReportManager] Attempting to run remotely on: [Linux-64], [GoogleChrome], [http://localhost:4444/wd/hub], Headless Execution. @16-02-2021 01:31:47.0956 AM
[ReportManager] Successfully Opened [GoogleChrome]. @16-02-2021 01:31:48.0169 AM
[ReportManager] Target URL: [https://www.google.com/ncr], and after redirection: [www.google.com] @16-02-2021 01:31:48.0179 AM
[ReportManager] Initial URL: [data:,] @16-02-2021 01:31:48.0215 AM
[ReportManager] Browser Action [navigateToURL] successfully performed. With the following test data [https://www.google.com/ncr]. @16-02-2021 01:31:48.0857 A

################################################################################################################################################
Starting Execution:	[49 out of 134] test cases in the current suite
Test Method:		[unitTests.tests_validations_assertions.assertElementExists_false_multipleElementsFound_expectedToFail]
################################################################################################################################################
[ReportManager] AssertElementExists FAILED; Expected [Element Should not Exist, locator 'By.xpath: //div'] and Actual [Element Exists but is not unique]. Comparison Type [EQUALS]. Validation Type [NEGATIVE]. @16-02-2021 01:31:49.0046 AM
[ReportManager] Successfully created attachment [Screenshot - 1613439108992_assertElementExists_false_multipleElementsFound_expectedToFail_AssertElementExists_failed] @16-02-2021 01:31:49.0047 A
[ReportManager] Successfully created attachment [Selenium WebDriver Logs - server] @16-02-2021 01:31:49.0115 AM
[ReportManager] Successfully created attachment [Selenium WebDriver Logs - performance] @16-02-2021 01:31:49.0141 AM
[ReportManager] Successfully created attachment [Selenium WebDriver Logs - driver] @16-02-2021 01:31:49.0214 AM
[ReportManager] Browser Action [closeCurrentWindow] successfully performed. @16-02-2021 01:31:49.0270 AM
[ReportManager] Successfully created attachment [Browser Action Test Data - closeCurrentWindow - Actual Value] @16-02-2021 01:31:49.0271 A
[ReportManager] File Action [getAbsolutePath] successfully performed. With the following test data [Relative Folder Path: "target/downloadedFiles/"]. @16-02-2021 01:31:49.0274 AM
[ReportManager] Attempting to run remotely on: [Linux-64], [GoogleChrome], [http://localhost:4444/wd/hub], Headless Execution. @16-02-2021 01:31:49.0274 AM
[ReportManager] Successfully Opened [GoogleChrome]. @16-02-2021 01:31:49.0517 AM
[ReportManager] Target URL: [https://www.google.com/ncr], and after redirection: [www.google.com] @16-02-2021 01:31:49.0527 AM
[ReportManager] Initial URL: [data:,] @16-02-2021 01:31:49.0566 AM
[ReportManager] Browser Action [navigateToURL] successfully performed. With the following test data [https://www.google.com/ncr]. @16-02-2021 01:31:50.0261 A

################################################################################################################################################
Starting Execution:	[50 out of 134] test cases in the current suite
Test Method:		[unitTests.tests_validations_assertions.assertElementExists_true_expectedToFail]
################################################################################################################################################
[ReportManager] AssertElementExists FAILED; Expected [Element Should Exist, locator 'By.id: fakeElement'] and Actual [Element Doesn't Exists]. Comparison Type [EQUALS]. Validation Type [POSITIVE]. @16-02-2021 01:31:50.0455 AM
[ReportManager] Successfully created attachment [Screenshot - 1613439110397_assertElementExists_true_expectedToFail_AssertElementExists_failed] @16-02-2021 01:31:50.0455 A
[ReportManager] Successfully created attachment [Selenium WebDriver Logs - server] @16-02-2021 01:31:50.0540 AM
[ReportManager] Successfully created attachment [Selenium WebDriver Logs - performance] @16-02-2021 01:31:50.0570 AM
[ReportManager] Successfully created attachment [Selenium WebDriver Logs - driver] @16-02-2021 01:31:50.0641 AM
[ReportManager] Browser Action [closeCurrentWindow] successfully performed. @16-02-2021 01:31:50.0696 AM
[ReportManager] Successfully created attachment [Browser Action Test Data - closeCurrentWindow - Actual Value] @16-02-2021 01:31:50.0697 A
[ReportManager] File Action [getAbsolutePath] successfully performed. With the following test data [Relative Folder Path: "target/downloadedFiles/"]. @16-02-2021 01:31:50.0703 AM
[ReportManager] Attempting to run remotely on: [Linux-64], [GoogleChrome], [http://localhost:4444/wd/hub], Headless Execution. @16-02-2021 01:31:50.0703 AM
[ReportManager] Successfully Opened [GoogleChrome]. @16-02-2021 01:31:50.0888 AM
[ReportManager] Target URL: [https://www.google.com/ncr], and after redirection: [www.google.com] @16-02-2021 01:31:50.0897 AM
[ReportManager] Initial URL: [data:,] @16-02-2021 01:31:50.0947 AM
[ReportManager] Browser Action [navigateToURL] successfully performed. With the following test data [https://www.google.com/ncr]. @16-02-2021 01:31:51.0611 A

################################################################################################################################################
Starting Execution:	[51 out of 134] test cases in the current suite
Test Method:		[unitTests.tests_validations_assertions.assertElementExists_true_expectedToPass]
################################################################################################################################################
[ReportManager] AssertElementExists FAILED; Expected [Element Should Exist, locator 'By.id: hplogo'] and Actual [Element Doesn't Exists]. Comparison Type [EQUALS]. Validation Type [POSITIVE]. @16-02-2021 01:31:51.0865 AM
[ReportManager] Successfully created attachment [Screenshot - 1613439111808_assertElementExists_true_expectedToPass_AssertElementExists_failed] @16-02-2021 01:31:51.0866 A
[ReportManager] Successfully created attachment [Selenium WebDriver Logs - server] @16-02-2021 01:31:51.0932 AM
[ReportManager] Successfully created attachment [Selenium WebDriver Logs - performance] @16-02-2021 01:31:51.0961 AM
[ReportManager] Successfully created attachment [Selenium WebDriver Logs - driver] @16-02-2021 01:31:52.0022 AM
[ReportManager] Browser Action [closeCurrentWindow] successfully performed. @16-02-2021 01:31:52.0081 AM
[ReportManager] Successfully created attachment [Browser Action Test Data - closeCurrentWindow - Actual Value] @16-02-2021 01:31:52.0081 A
[ReportManager] File Action [getAbsolutePath] successfully performed. With the following test data [Relative Folder Path: "target/downloadedFiles/"]. @16-02-2021 01:31:52.0085 AM
[ReportManager] Attempting to run remotely on: [Linux-64], [GoogleChrome], [http://localhost:4444/wd/hub], Headless Execution. @16-02-2021 01:31:52.0085 AM
[ReportManager] Successfully Opened [GoogleChrome]. @16-02-2021 01:31:52.0273 AM
[ReportManager] Target URL: [https://www.google.com/ncr], and after redirection: [www.google.com] @16-02-2021 01:31:52.0284 AM
[ReportManager] Initial URL: [data:,] @16-02-2021 01:31:52.0324 AM
[ReportManager] Browser Action [navigateToURL] successfully performed. With the following test data [https://www.google.com/ncr]. @16-02-2021 01:31:53.0027 A

################################################################################################################################################
Starting Execution:	[52 out of 134] test cases in the current suite
Test Method:		[unitTests.tests_validations_assertions.assertElementExists_true_multipleElementsFound_expectedToFail]
################################################################################################################################################
[ReportManager] AssertElementExists FAILED; Expected [Element Should Exist, locator 'By.xpath: //div'] and Actual [Element Exists but is not unique]. Comparison Type [EQUALS]. Validation Type [POSITIVE]. @16-02-2021 01:31:53.0234 AM
[ReportManager] Successfully created attachment [Screenshot - 1613439113181_assertElementExists_true_multipleElementsFound_expectedToFail_AssertElementExists_failed] @16-02-2021 01:31:53.0235 A
[ReportManager] Successfully created attachment [Selenium WebDriver Logs - server] @16-02-2021 01:31:53.0301 AM
[ReportManager] Successfully created attachment [Selenium WebDriver Logs - performance] @16-02-2021 01:31:53.0330 AM
[ReportManager] Successfully created attachment [Selenium WebDriver Logs - driver] @16-02-2021 01:31:53.0390 AM
[ReportManager] Browser Action [closeCurrentWindow] successfully performed. @16-02-2021 01:31:53.0449 AM
[ReportManager] Successfully created attachment [Browser Action Test Data - closeCurrentWindow - Actual Value] @16-02-2021 01:31:53.0449 A

################################################################################################################################################
Starting Execution:	[53 out of 134] test cases in the current suite
Test Method:		[unitTests.tests_validations_assertions.assertEquals_false_expectedToFail]
################################################################################################################################################
[ReportManager] AssertEquals FAILED; Expected [1] and Actual [1]. Comparison Type [EQUALS]. Validation Type [NEGATIVE]. @16-02-2021 01:31:53.0455 A

################################################################################################################################################
Starting Execution:	[54 out of 134] test cases in the current suite
Test Method:		[unitTests.tests_validations_assertions.assertEquals_false_expectedToPass]
################################################################################################################################################
[ReportManager] AssertEquals PASSED; Expected [1] and Actual [2]. Comparison Type [EQUALS]. Validation Type [NEGATIVE]. @16-02-2021 01:31:53.0459 A

################################################################################################################################################
Starting Execution:	[55 out of 134] test cases in the current suite
Test Method:		[unitTests.tests_validations_assertions.assertEquals_longCharacters]
################################################################################################################################################
[ReportManager] VerifyEquals PASSED; Expected and Actual values are attached. Comparison Type [EQUALS]. Validation Type [POSITIVE]. @16-02-2021 01:31:53.0463 AM
[ReportManager] Successfully created attachment [Validation Test Data - Expected Value] @16-02-2021 01:31:53.0463 AM
[ReportManager] Successfully created attachment [Validation Test Data - Actual Value] @16-02-2021 01:31:53.0463 AM
[ReportManager] AssertEquals PASSED; Expected and Actual values are attached. Comparison Type [EQUALS]. Validation Type [POSITIVE]. @16-02-2021 01:31:53.0463 AM
[ReportManager] Successfully created attachment [Validation Test Data - Expected Value] @16-02-2021 01:31:53.0463 AM
[ReportManager] Successfully created attachment [Validation Test Data - Actual Value] @16-02-2021 01:31:53.0463 A

################################################################################################################################################
Starting Execution:	[56 out of 134] test cases in the current suite
Test Method:		[unitTests.tests_validations_assertions.assertEquals_longCharacters_Discreet]
################################################################################################################################################
[ReportManager] AssertEquals PASSED; Expected [1LH5pROcDBjjQk0t0mCr0lXuzQu9lcGj28kY8R1H81X67eVAQJgWQhILiRWVPUgZ6uCtK5cnBkF55Jr9vYngjGO1Iyf0Mktv6lruDlL9T8MAUPcUZJGHZtji6nIeadujDSNmWMj5d6C8zlFqw0CRqBU0hO5adIasHgBSNoLotAjce3NGXoDwAlp3rYreeV16VIyZXROQY] and Actual [1LH5pROcDBjjQk0t0mCr0lXuzQu9lcGj28kY8R1H81X67eVAQJgWQhILiRWVPUgZ6uCtK5cnBkF55Jr9vYngjGO1Iyf0Mktv6lruDlL9T8MAUPcUZJGHZtji6nIeadujDSNmWMj5d6C8zlFqw0CRqBU0hO5adIasHgBSNoLotAjce3NGXoDwAlp3rYreeV16VIyZXROQY]. Comparison Type [EQUALS]. Validation Type [POSITIVE]. @16-02-2021 01:31:53.0465 A

################################################################################################################################################
Starting Execution:	[57 out of 134] test cases in the current suite
Test Method:		[unitTests.tests_validations_assertions.assertEquals_true_expectedToFail]
################################################################################################################################################
[ReportManager] AssertEquals FAILED; Expected [1] and Actual [2]. Comparison Type [EQUALS]. Validation Type [POSITIVE]. @16-02-2021 01:31:53.0468 A

################################################################################################################################################
Starting Execution:	[58 out of 134] test cases in the current suite
Test Method:		[unitTests.tests_validations_assertions.assertEquals_true_expectedToPass]
Test Description:	[Assert that assertEquals works as expected when the two values are equal.]
################################################################################################################################################
[ReportManager] VerifyEquals PASSED; Expected [1] and Actual [1]. Comparison Type [EQUALS]. Validation Type [POSITIVE]. @16-02-2021 01:31:53.0481 AM
[ReportManager] AssertEquals PASSED; Expected [1] and Actual [1]. Comparison Type [EQUALS]. Validation Type [POSITIVE]. @16-02-2021 01:31:53.0482 A

################################################################################################################################################
Starting Execution:	[59 out of 134] test cases in the current suite
Test Method:		[unitTests.tests_validations_assertions.assertEquals_true_expectedToPass__]
################################################################################################################################################
[ReportManager] AssertEquals PASSED; Expected [1] and Actual [1]. Comparison Type [EQUALS]. Validation Type [POSITIVE]. @16-02-2021 01:31:53.0486 A

################################################################################################################################################
Starting Execution:	[60 out of 134] test cases in the current suite
Test Method:		[unitTests.tests_validations_assertions.assertFileExists_false_expectedToFail]
################################################################################################################################################
[ReportManager] File Action [doesFileExist] successfully performed. With the following test data [File Path: "src/main/java/com/shaft/gui/element/ElementActions.java"]. @16-02-2021 01:31:53.0489 AM
[ReportManager] AssertFileExists FAILED; Expected [File 'src/main/java/com/shaft/gui/element/ElementActions.java' should not exist, after up to '1' retries] and Actual [File exists]. Validation Type [NEGATIVE]. @16-02-2021 01:31:53.0496 A

################################################################################################################################################
Starting Execution:	[61 out of 134] test cases in the current suite
Test Method:		[unitTests.tests_validations_assertions.assertFileExists_false_expectedToPass]
################################################################################################################################################
[ReportManager] File Action [doesFileExist] successfully performed. With the following test data [File Path: "src/main/java/com/shaft/gui/element/ElementActions.java_fail"]. @16-02-2021 01:31:53.0999 AM
[ReportManager] AssertFileExists PASSED; Expected [File 'src/main/java/com/shaft/gui/element/ElementActions.java_fail' should not exist, after up to '1' retries] and Actual [File does not exist]. Validation Type [NEGATIVE]. @16-02-2021 01:31:53.0999 A

################################################################################################################################################
Starting Execution:	[62 out of 134] test cases in the current suite
Test Method:		[unitTests.tests_validations_assertions.assertFileExists_true_expectedToFail]
################################################################################################################################################
[ReportManager] File Action [doesFileExist] successfully performed. With the following test data [File Path: "src/main/java/com/shaft/gui/element/ElementActions.java_fail"]. @16-02-2021 01:31:54.0505 AM
[ReportManager] AssertFileExists FAILED; Expected [File 'src/main/java/com/shaft/gui/element/ElementActions.java_fail' should exist, after up to '1' retries] and Actual [File does not exist]. Validation Type [POSITIVE]. @16-02-2021 01:31:54.0506 A

################################################################################################################################################
Starting Execution:	[63 out of 134] test cases in the current suite
Test Method:		[unitTests.tests_validations_assertions.assertFileExists_true_expectedToPass]
################################################################################################################################################
[ReportManager] File Action [doesFileExist] successfully performed. With the following test data [File Path: "src/main/java/com/shaft/gui/element/ElementActions.java"]. @16-02-2021 01:31:54.0511 AM
[ReportManager] AssertFileExists PASSED; Expected [File 'src/main/java/com/shaft/gui/element/ElementActions.java' should exist, after up to '1' retries] and Actual [File exists]. Validation Type [POSITIVE]. @16-02-2021 01:31:54.0511 A

################################################################################################################################################
Starting Execution:	[64 out of 134] test cases in the current suite
Test Method:		[unitTests.tests_validations_assertions.assertNull_false_expectedToFail]
################################################################################################################################################
[ReportManager] AssertNull FAILED; Expected [NULL] and Actual [NULL]. Comparison Type [EQUALS]. Validation Type [NEGATIVE]. @16-02-2021 01:31:54.0516 A

################################################################################################################################################
Starting Execution:	[65 out of 134] test cases in the current suite
Test Method:		[unitTests.tests_validations_assertions.assertNull_false_expectedToPass]
################################################################################################################################################
[ReportManager] AssertNull PASSED; Expected [NULL] and Actual [1]. Comparison Type [EQUALS]. Validation Type [NEGATIVE]. @16-02-2021 01:31:54.0522 A

################################################################################################################################################
Starting Execution:	[66 out of 134] test cases in the current suite
Test Method:		[unitTests.tests_validations_assertions.assertNull_true_expectedToFail]
################################################################################################################################################
[ReportManager] AssertNull FAILED; Expected [NULL] and Actual [1]. Comparison Type [EQUALS]. Validation Type [POSITIVE]. @16-02-2021 01:31:54.0531 A

################################################################################################################################################
Starting Execution:	[67 out of 134] test cases in the current suite
Test Method:		[unitTests.tests_validations_assertions.assertNull_true_expectedToPass]
################################################################################################################################################
[ReportManager] AssertNull PASSED; Expected [NULL] and Actual [NULL]. Comparison Type [EQUALS]. Validation Type [POSITIVE]. @16-02-2021 01:31:54.0533 A
[ReportManager] File Action [getAbsolutePath] successfully performed. With the following test data [Relative Folder Path: "target/downloadedFiles/"]. @16-02-2021 01:31:54.0536 AM
[ReportManager] Attempting to run remotely on: [Linux-64], [GoogleChrome], [http://localhost:4444/wd/hub], Headless Execution. @16-02-2021 01:31:54.0536 AM
[ReportManager] Successfully Opened [GoogleChrome]. @16-02-2021 01:31:54.0728 A

################################################################################################################################################
Starting Execution:	[68 out of 134] test cases in the current suite
Test Method:		[testPackage01.Test_IsElementClickable.testIsElementClickable]
################################################################################################################################################
[ReportManager] Target URL: [https://the-internet.herokuapp.com/] @16-02-2021 01:31:54.0745 AM
[ReportManager] Initial URL: [data:,] @16-02-2021 01:31:54.0787 AM
[ReportManager] Browser Action [navigateToURL] successfully performed. With the following test data [https://the-internet.herokuapp.com/]. @16-02-2021 01:31:55.0103 AM
[ReportManager] Element Action [isElementClickable] successfully performed. @16-02-2021 01:31:55.0243 AM
[ReportManager] AssertTrue PASSED; Expected [TRUE] and Actual [TRUE]. Validation Type [POSITIVE]. @16-02-2021 01:31:55.0243 A
[ReportManager] Successfully created attachment [Selenium WebDriver Logs - server] @16-02-2021 01:31:55.0298 AM
[ReportManager] Successfully created attachment [Selenium WebDriver Logs - performance] @16-02-2021 01:31:55.0321 AM
[ReportManager] Successfully created attachment [Selenium WebDriver Logs - browser] @16-02-2021 01:31:55.0326 AM
[ReportManager] Successfully created attachment [Selenium WebDriver Logs - driver] @16-02-2021 01:31:55.0375 AM
[ReportManager] Browser Action [closeCurrentWindow] successfully performed. @16-02-2021 01:31:55.0430 AM
[ReportManager] Successfully created attachment [Browser Action Test Data - closeCurrentWindow - Actual Value] @16-02-2021 01:31:55.0431 A

################################################################################################################################################
Starting Execution:	[69 out of 134] test cases in the current suite
Test Method:		[testPackage01.Test_JsonActions.f]
###############################################################################################################################################

################################################################################################################################################
Starting Execution:	[70 out of 134] test cases in the current suite
Test Method:		[testPackage01.Test_JsonActions.f2]
###############################################################################################################################################

################################################################################################################################################
Starting Execution:	[71 out of 134] test cases in the current suite
Test Method:		[testPackage01.Test_SkipDueToIssue.doNotSkip]
################################################################################################################################################
[ReportManager] This should not be skipped. @16-02-2021 01:31:55.0457 A

################################################################################################################################################
Starting Execution:	[72 out of 134] test cases in the current suite
Test Method:		[testPackage01.Test_SkipDueToIssue.skip]
################################################################################################################################################
[ReportManager] This should be skipped. @16-02-2021 01:31:55.0461 A

################################################################################################################################################
Starting Execution:	[73 out of 134] test cases in the current suite
Test Method:		[testPackage01.Test_SkipDueToIssue.skip2]
################################################################################################################################################
[ReportManager] This should be skipped. @16-02-2021 01:31:55.0465 A

################################################################################################################################################
Starting Execution:	[74 out of 134] test cases in the current suite
Test Method:		[testPackage01.Test_testData.f]
################################################################################################################################################
[ReportManager] Successfully loaded the following test data file [src/test/resources/TestDataFiles/testSuite01/TestData.xlsx]. @16-02-2021 01:31:55.0512 AM
[ReportManager] Successfully created attachment [Test Data - Excel] @16-02-2021 01:31:55.0512 AM
[ReportManager] Last Column Number is: [3]. Zero-based. @16-02-2021 01:31:55.0513 A
[ReportManager] File Action [getAbsolutePath] successfully performed. With the following test data [Relative Folder Path: "target/downloadedFiles/"]. @16-02-2021 01:31:55.0514 AM
[ReportManager] Attempting to run remotely on: [Linux-64], [GoogleChrome], [http://localhost:4444/wd/hub], Headless Execution. @16-02-2021 01:31:55.0514 AM
[ReportManager] Successfully Opened [GoogleChrome]. @16-02-2021 01:31:55.0705 A

################################################################################################################################################
Starting Execution:	[75 out of 134] test cases in the current suite
Test Method:		[testPackage01.Test_assertEquals.test_assertElementAttribute]
################################################################################################################################################
[ReportManager] Target URL: [https://www.google.com/ncr], and after redirection: [https://www.google.com] @16-02-2021 01:31:55.0719 AM
[ReportManager] Initial URL: [data:,] @16-02-2021 01:31:55.0759 AM
[ReportManager] Browser Action [navigateToURL] successfully performed. With the following test data [https://www.google.com/ncr]. @16-02-2021 01:31:56.0430 AM
[ReportManager] Element Action [type] successfully performed. With the following test data [INC_004010050:Another SCHEDULER with the same name [Duplicate Job Name] already exists.]. @16-02-2021 01:31:58.0087 AM
[ReportManager] Element Action [getText] successfully performed. With the following test data [INC_004010050:Another SCHEDULER with the same name [Duplicate Job Name] already exists.]. @16-02-2021 01:31:58.0186 AM
[ReportManager] Loaded Shared OpenCV @16-02-2021 01:31:58.0311 AM
[ReportManager] AssertElementAttribute PASSED; Expected [Value Should be 'INC_004010050:Another SCHEDULER with the same name \[Duplicate Job Name\] already exists.' for the 'text' attribute, element locator 'By.name: q'] and Actual [INC_004010050:Another SCHEDULER with the same name [Duplicate Job Name] already exists.]. Comparison Type [MATCHES]. Validation Type [POSITIVE]. @16-02-2021 01:31:58.0379 AM
[ReportManager] Successfully created attachment [Screenshot - 1613439118311_test_assertElementAttribute_AssertElementAttribute_passed] @16-02-2021 01:31:58.0380 A
[ReportManager] Successfully created attachment [Selenium WebDriver Logs - server] @16-02-2021 01:31:58.0444 AM
[ReportManager] Successfully created attachment [Selenium WebDriver Logs - performance] @16-02-2021 01:31:58.0746 AM
[ReportManager] Successfully created attachment [Selenium WebDriver Logs - driver] @16-02-2021 01:31:59.0010 AM
[ReportManager] Browser Action [closeCurrentWindow] successfully performed. @16-02-2021 01:31:59.0067 AM
[ReportManager] Successfully created attachment [Browser Action Test Data - closeCurrentWindow - Actual Value] @16-02-2021 01:31:59.0068 A

################################################################################################################################################
Starting Execution:	[76 out of 134] test cases in the current suite
Test Method:		[testPackage01.Test_JsonCompareWithSpecialCharacters.specialCharacters]
################################################################################################################################################
[ReportManager] File Action [getAbsolutePath] successfully performed. With the following test data [Relative Folder Path: "src/test/resources/TestJsonFiles/specialCharacters.json"]. @16-02-2021 01:31:59.0079 AM
[ReportManager] File Action [readFromFile] successfully performed. With the following test data [File Path: "/home/runner/work/SHAFT_ENGINE/SHAFT_ENGINE/src/test/resources/TestJsonFiles/specialCharacters.json"]. @16-02-2021 01:31:59.0080 AM
[ReportManager] Successfully created attachment [File Action Actual Result - Command Log] @16-02-2021 01:31:59.0080 AM
[ReportManager] Comparing the provided API response with the file at this path "src/test/resources/TestJsonFiles/specialCharacters.json", comparison type "EQUALS" @16-02-2021 01:31:59.0080 AM
[ReportManager] API Action [compareJSON] successfully performed. With the following test data [src/test/resources/TestJsonFiles/specialCharacters.json]. @16-02-2021 01:31:59.0089 AM
[ReportManager] File Action [getAbsolutePath] successfully performed. With the following test data [Relative Folder Path: "src/test/resources/TestJsonFiles/specialCharacters.json"]. @16-02-2021 01:31:59.0089 AM
[ReportManager] File Action [readFromFile] successfully performed. With the following test data [File Path: "/home/runner/work/SHAFT_ENGINE/SHAFT_ENGINE/src/test/resources/TestJsonFiles/specialCharacters.json"]. @16-02-2021 01:31:59.0089 AM
[ReportManager] VerifyJSONFileContent PASSED; Expected [Response data should match the JSON File in this path 'src/test/resources/TestJsonFiles/specialCharacters.json'] and Actual [TRUE]. Comparison Type [EQUALS]. Validation Type [POSITIVE]. @16-02-2021 01:31:59.0094 AM
[ReportManager] Successfully created attachment [Validation Test Data - Expected JSON Value] @16-02-2021 01:31:59.0095 AM
[ReportManager] Successfully created attachment [Validation Test Data - Actual JSON Value] @16-02-2021 01:31:59.0095 A

################################################################################################################################################
Starting Execution:	[77 out of 134] test cases in the current suite
Test Method:		[testPackage01.Test_JsonCompareWithSpecialCharacters.specialCharacters_assertion]
################################################################################################################################################
[ReportManager] File Action [getAbsolutePath] successfully performed. With the following test data [Relative Folder Path: "src/test/resources/TestJsonFiles/specialCharacters.json"]. @16-02-2021 01:31:59.0097 AM
[ReportManager] File Action [readFromFile] successfully performed. With the following test data [File Path: "/home/runner/work/SHAFT_ENGINE/SHAFT_ENGINE/src/test/resources/TestJsonFiles/specialCharacters.json"]. @16-02-2021 01:31:59.0099 AM
[ReportManager] Successfully created attachment [File Action Actual Result - Command Log] @16-02-2021 01:31:59.0099 AM
[ReportManager] trying out the log message... @16-02-2021 01:31:59.0100 AM
[ReportManager] Comparing the provided API response with the file at this path "src/test/resources/TestJsonFiles/specialCharacters.json", comparison type "CONTAINS" @16-02-2021 01:31:59.0100 AM
[ReportManager] API Action [compareJSON] successfully performed. With the following test data [src/test/resources/TestJsonFiles/specialCharacters.json]. @16-02-2021 01:31:59.0107 AM
[ReportManager] File Action [getAbsolutePath] successfully performed. With the following test data [Relative Folder Path: "src/test/resources/TestJsonFiles/specialCharacters.json"]. @16-02-2021 01:31:59.0108 AM
[ReportManager] File Action [readFromFile] successfully performed. With the following test data [File Path: "/home/runner/work/SHAFT_ENGINE/SHAFT_ENGINE/src/test/resources/TestJsonFiles/specialCharacters.json"]. @16-02-2021 01:31:59.0108 AM
[ReportManager] AssertJSONFileContent PASSED; Expected [Response data should match the JSON File in this path 'src/test/resources/TestJsonFiles/specialCharacters.json'] and Actual [TRUE]. Comparison Type [CONTAINS]. Validation Type [POSITIVE]. @16-02-2021 01:31:59.0113 AM
[ReportManager] Successfully created attachment [Validation Test Data - Expected JSON Value] @16-02-2021 01:31:59.0114 AM
[ReportManager] Successfully created attachment [Validation Test Data - Actual JSON Value] @16-02-2021 01:31:59.0114 A

################################################################################################################################################
Starting Execution:	[78 out of 134] test cases in the current suite
Test Method:		[testPackage01.Test_JSONFileManager.readStringFromJson]
################################################################################################################################################
[ReportManager] Successfully loaded the following test data file [src/test/resources/TestDataFiles/simpleJSON.json]. @16-02-2021 01:31:59.0120 AM
[ReportManager] Successfully created attachment [Test Data - JSON] @16-02-2021 01:31:59.0120 AM
[ReportManager] AssertEquals PASSED; Expected [Mohab Mohie] and Actual [Mohab Mohie]. Comparison Type [EQUALS]. Validation Type [POSITIVE]. @16-02-2021 01:31:59.0130 A
[ReportManager] Successfully loaded the following test data file [src/test/resources/TestDataFiles/testSuite01/TestData.xlsx]. @16-02-2021 01:31:59.0155 AM
[ReportManager] Successfully created attachment [Test Data - Excel] @16-02-2021 01:31:59.0155 AM
[ReportManager] File Action [getAbsolutePath] successfully performed. With the following test data [Relative Folder Path: "target/downloadedFiles/"]. @16-02-2021 01:31:59.0155 AM
[ReportManager] Attempting to run remotely on: [Linux-64], [GoogleChrome], [http://localhost:4444/wd/hub], Headless Execution. @16-02-2021 01:31:59.0156 AM
[ReportManager] Successfully Opened [GoogleChrome]. @16-02-2021 01:31:59.0352 A

################################################################################################################################################
Starting Execution:	[79 out of 134] test cases in the current suite
Test Method:		[testPackage01.Test_google.navigateToURLandVerifyGoogleLogoIsDisplayed]
Test Description:	[TC001 - Navigate to URL and Verify Google Logo is Displayed]
################################################################################################################################################
[ReportManager] Target URL: [https://www.google.com/ncr], and after redirection: [https://www.google.com] @16-02-2021 01:31:59.0365 AM
[ReportManager] Initial URL: [data:,] @16-02-2021 01:31:59.0400 AM
[ReportManager] Browser Action [navigateToURL] successfully performed. With the following test data [https://www.google.com/ncr]. @16-02-2021 01:32:00.0047 AM
[ReportManager] Loaded Shared OpenCV @16-02-2021 01:32:00.0196 AM
[ReportManager] AssertElementExists PASSED; Expected [Element Should Exist, locator 'By.xpath: //img[@id='hplogo' or @alt='Google']'] and Actual [Element Exists]. Comparison Type [EQUALS]. Validation Type [POSITIVE]. @16-02-2021 01:32:00.0266 AM
[ReportManager] Successfully created attachment [Screenshot - 1613439120196_navigateToURLandVerifyGoogleLogoIsDisplayed_AssertElementExists_passed] @16-02-2021 01:32:00.0267 A

################################################################################################################################################
Starting Execution:	[80 out of 134] test cases in the current suite
Test Method:		[testPackage01.Test_google.searchForQueryandAssertResultsNumDisplayed]
Test Description:	[TC002 - Search for Query and Assert that the number of results is displayed]
################################################################################################################################################
[ReportManager] Element Action [type] successfully performed. With the following test data [SHAFT_Engine]. @16-02-2021 01:32:00.0765 AM
[ReportManager] Element Action [keyPress] successfully performed. With the following test data [Enter]. @16-02-2021 01:32:01.0799 AM
[ReportManager] Element Action [getText] successfully performed. With the following test data [About 735,000 results (0.57 seconds) ]. @16-02-2021 01:32:01.0887 AM
[ReportManager] Loaded Shared OpenCV @16-02-2021 01:32:02.0030 AM
[ReportManager] AssertElementAttribute PASSED; Expected [Value Should not be '' for the 'Text' attribute, element locator 'By.id: appbar'] and Actual [About 735,000 results (0.57 seconds) ]. Comparison Type [EQUALS]. Validation Type [NEGATIVE]. @16-02-2021 01:32:02.0109 AM
[ReportManager] Successfully created attachment [Screenshot - 1613439122030_searchForQueryandAssertResultsNumDisplayed_AssertElementAttribute_passed] @16-02-2021 01:32:02.0110 A

################################################################################################################################################
Starting Execution:	[81 out of 134] test cases in the current suite
Test Method:		[testPackage01.Test_google.clickNextThrice]
Test Description:	[TC003 - Clicks the next button to make sure that the framework can scroll element into view before clicking it]
################################################################################################################################################
[ReportManager] Element Action [click] successfully performed. With the following test data [Next]. @16-02-2021 01:32:03.0332 A
[ReportManager] Successfully created attachment [Selenium WebDriver Logs - server] @16-02-2021 01:32:03.0455 AM
[ReportManager] Successfully created attachment [Selenium WebDriver Logs - performance] @16-02-2021 01:32:03.0652 AM
[ReportManager] Successfully created attachment [Selenium WebDriver Logs - driver] @16-02-2021 01:32:03.0968 AM
[ReportManager] Browser Action [closeCurrentWindow] successfully performed. @16-02-2021 01:32:04.0031 AM
[ReportManager] Successfully created attachment [Browser Action Test Data - closeCurrentWindow - Actual Value] @16-02-2021 01:32:04.0047 A
[ReportManager] File Action [getAbsolutePath] successfully performed. With the following test data [Relative Folder Path: "target/downloadedFiles/"]. @16-02-2021 01:32:04.0048 AM
[ReportManager] Attempting to run remotely on: [Linux-64], [GoogleChrome], [http://localhost:4444/wd/hub], Headless Execution. @16-02-2021 01:32:04.0048 AM
[ReportManager] Successfully Opened [GoogleChrome]. @16-02-2021 01:32:04.0234 A

################################################################################################################################################
Starting Execution:	[82 out of 134] test cases in the current suite
Test Method:		[testPackage01.Test_dragAndDrop.dragAndDropJquery]
################################################################################################################################################
[ReportManager] Target URL: [https://jqueryui.com/resources/demos/droppable/default.html] @16-02-2021 01:32:04.0252 AM
[ReportManager] Initial URL: [data:,] @16-02-2021 01:32:04.0290 AM
[ReportManager] Browser Action [navigateToURL] successfully performed. With the following test data [https://jqueryui.com/resources/demos/droppable/default.html]. @16-02-2021 01:32:04.0620 AM
[ReportManager] Element Action [getText] successfully performed. With the following test data [Drop here]. @16-02-2021 01:32:04.0708 AM
[ReportManager] Element Action [dragAndDrop] successfully performed. With the following test data [Start point: (8, 18), End point: (8, 18)]. @16-02-2021 01:32:06.0031 AM
[ReportManager] Element Action [getText] successfully performed. With the following test data [Dropped!]. @16-02-2021 01:32:06.0104 AM
[ReportManager] Checking to see if the text has changed after performing drag and drop... @16-02-2021 01:32:06.0104 AM
[ReportManager] AssertEquals PASSED; Expected [Drop here] and Actual [Dropped!]. Comparison Type [EQUALS]. Validation Type [NEGATIVE]. @16-02-2021 01:32:06.0104 A
[ReportManager] Successfully created attachment [Selenium WebDriver Logs - server] @16-02-2021 01:32:06.0153 AM
[ReportManager] Successfully created attachment [Selenium WebDriver Logs - performance] @16-02-2021 01:32:06.0164 AM
[ReportManager] Successfully created attachment [Selenium WebDriver Logs - driver] @16-02-2021 01:32:06.0233 AM
[ReportManager] Browser Action [closeCurrentWindow] successfully performed. @16-02-2021 01:32:06.0314 AM
[ReportManager] Successfully created attachment [Browser Action Test Data - closeCurrentWindow - Actual Value] @16-02-2021 01:32:06.0314 A
[ReportManager] File Action [getAbsolutePath] successfully performed. With the following test data [Relative Folder Path: "target/downloadedFiles/"]. @16-02-2021 01:32:06.0316 AM
[ReportManager] Attempting to run remotely on: [Linux-64], [GoogleChrome], [http://localhost:4444/wd/hub], Headless Execution. @16-02-2021 01:32:06.0316 AM
[ReportManager] Successfully Opened [GoogleChrome]. @16-02-2021 01:32:06.0494 A

################################################################################################################################################
Starting Execution:	[83 out of 134] test cases in the current suite
Test Method:		[testPackage01.Test_dragAndDrop.dragAndDrop]
Test Description:	[TC001 - Test Drag and Drop function.]
################################################################################################################################################
[ReportManager] Target URL: [http://the-internet.herokuapp.com/drag_and_drop] @16-02-2021 01:32:06.0531 AM
[ReportManager] Initial URL: [data:,] @16-02-2021 01:32:06.0586 AM
[ReportManager] Browser Action [navigateToURL] successfully performed. With the following test data [http://the-internet.herokuapp.com/drag_and_drop]. @16-02-2021 01:32:06.0893 AM
[ReportManager] Attempting Drag and Drop @16-02-2021 01:32:06.0893 AM
[ReportManager] Element Action [dragAndDrop] successfully performed. With the following test data [Start point: (32, 89), End point: (247, 89)]. @16-02-2021 01:32:08.0086 A
[ReportManager] Successfully created attachment [Selenium WebDriver Logs - server] @16-02-2021 01:32:08.0124 AM
[ReportManager] Successfully created attachment [Selenium WebDriver Logs - performance] @16-02-2021 01:32:08.0140 AM
[ReportManager] Successfully created attachment [Selenium WebDriver Logs - browser] @16-02-2021 01:32:08.0145 AM
[ReportManager] Successfully created attachment [Selenium WebDriver Logs - driver] @16-02-2021 01:32:08.0194 AM
[ReportManager] Browser Action [closeCurrentWindow] successfully performed. @16-02-2021 01:32:08.0249 AM
[ReportManager] Successfully created attachment [Browser Action Test Data - closeCurrentWindow - Actual Value] @16-02-2021 01:32:08.0249 A
[ReportManager] File Action [getAbsolutePath] successfully performed. With the following test data [Relative Folder Path: "target/downloadedFiles/"]. @16-02-2021 01:32:08.0252 AM
[ReportManager] Attempting to run remotely on: [Linux-64], [GoogleChrome], [http://localhost:4444/wd/hub], Headless Execution. @16-02-2021 01:32:08.0252 AM
[ReportManager] Successfully Opened [GoogleChrome]. @16-02-2021 01:32:08.0451 A

################################################################################################################################################
Starting Execution:	[84 out of 134] test cases in the current suite
Test Method:		[testPackage01.Test_dragAndDrop.dragAndDropByOffset]
Test Description:	[TC002 - Test Drag and Drop by offset function.]
################################################################################################################################################
[ReportManager] Target URL: [https://jqueryui.com/resources/demos/draggable/default.html] @16-02-2021 01:32:08.0468 AM
[ReportManager] Initial URL: [data:,] @16-02-2021 01:32:08.0502 AM
[ReportManager] Browser Action [navigateToURL] successfully performed. With the following test data [https://jqueryui.com/resources/demos/draggable/default.html]. @16-02-2021 01:32:08.0803 AM
[ReportManager] Element Action [dragAndDropByOffset] successfully performed. With the following test data [Start point: (8, 8), End point: (1008, 108)]. @16-02-2021 01:32:08.0969 A
[ReportManager] Successfully created attachment [Selenium WebDriver Logs - server] @16-02-2021 01:32:09.0028 AM
[ReportManager] Successfully created attachment [Selenium WebDriver Logs - performance] @16-02-2021 01:32:09.0046 AM
[ReportManager] Successfully created attachment [Selenium WebDriver Logs - driver] @16-02-2021 01:32:09.0094 AM
[ReportManager] Browser Action [closeCurrentWindow] successfully performed. @16-02-2021 01:32:09.0150 AM
[ReportManager] Successfully created attachment [Browser Action Test Data - closeCurrentWindow - Actual Value] @16-02-2021 01:32:09.0150 A
[ReportManager] File Action [getAbsolutePath] successfully performed. With the following test data [Relative Folder Path: "target/downloadedFiles/"]. @16-02-2021 01:32:09.0156 AM
[ReportManager] Attempting to run remotely on: [Linux-64], [GoogleChrome], [http://localhost:4444/wd/hub], Headless Execution. @16-02-2021 01:32:09.0157 AM
[ReportManager] Successfully Opened [GoogleChrome]. @16-02-2021 01:32:09.0351 A

################################################################################################################################################
Starting Execution:	[85 out of 134] test cases in the current suite
Test Method:		[testPackage01.Test_verifyEquals.test_assertElementAttribute]
################################################################################################################################################
[ReportManager] Target URL: [https://www.google.com/ncr], and after redirection: [https://www.google.com] @16-02-2021 01:32:09.0367 AM
[ReportManager] Initial URL: [data:,] @16-02-2021 01:32:09.0405 AM
[ReportManager] Browser Action [navigateToURL] successfully performed. With the following test data [https://www.google.com/ncr]. @16-02-2021 01:32:10.0119 AM
[ReportManager] Element Action [type] successfully performed. With the following test data [INC_004010050:Another SCHEDULER with the same name [Duplicate Job Name] already exists.]. @16-02-2021 01:32:11.0749 AM
[ReportManager] Element Action [getText] successfully performed. With the following test data [INC_004010050:Another SCHEDULER with the same name [Duplicate Job Name] already exists.]. @16-02-2021 01:32:11.0849 AM
[ReportManager] Loaded Shared OpenCV @16-02-2021 01:32:12.0010 AM
[ReportManager] VerifyElementAttribute PASSED; Expected [Value Should be 'INC_004010050:Another SCHEDULER with the same name \[Duplicate Job Name\] already exists.' for the 'text' attribute, element locator 'By.name: q'] and Actual [INC_004010050:Another SCHEDULER with the same name [Duplicate Job Name] already exists.]. Comparison Type [MATCHES]. Validation Type [POSITIVE]. @16-02-2021 01:32:12.0079 AM
[ReportManager] Successfully created attachment [Screenshot - 1613439132010_test_assertElementAttribute_VerifyElementAttribute_passed] @16-02-2021 01:32:12.0080 A
[ReportManager] Successfully created attachment [Selenium WebDriver Logs - server] @16-02-2021 01:32:12.0151 AM
[ReportManager] Successfully created attachment [Selenium WebDriver Logs - performance] @16-02-2021 01:32:12.0451 AM
[ReportManager] Successfully created attachment [Selenium WebDriver Logs - driver] @16-02-2021 01:32:12.0774 AM
[ReportManager] Browser Action [closeCurrentWindow] successfully performed. @16-02-2021 01:32:12.0832 AM
[ReportManager] Successfully created attachment [Browser Action Test Data - closeCurrentWindow - Actual Value] @16-02-2021 01:32:12.0833 A

################################################################################################################################################
Starting Execution:	[86 out of 134] test cases in the current suite
Test Method:		[testPackage01.Test_NewValidationActions.f1]
################################################################################################################################################
[ReportManager] Checking valid user data... @16-02-2021 01:32:12.0836 AM
[ReportManager] AssertEquals PASSED; Expected and Actual values are attached. Comparison Type [EQUALS]. Validation Type [POSITIVE]. @16-02-2021 01:32:12.0836 AM
[ReportManager] Successfully created attachment [Validation Test Data - Expected Value] @16-02-2021 01:32:12.0836 AM
[ReportManager] Successfully created attachment [Validation Test Data - Actual Value] @16-02-2021 01:32:12.0836 A
[ReportManager] File Action [getAbsolutePath] successfully performed. With the following test data [Relative Folder Path: "target/downloadedFiles/"]. @16-02-2021 01:32:12.0839 AM
[ReportManager] Attempting to run remotely on: [Linux-64], [GoogleChrome], [http://localhost:4444/wd/hub], Headless Execution. @16-02-2021 01:32:12.0839 AM
[ReportManager] Successfully Opened [GoogleChrome]. @16-02-2021 01:32:13.0038 AM
[ReportManager] Target URL: [https://the-internet.herokuapp.com/] @16-02-2021 01:32:13.0063 AM
[ReportManager] Initial URL: [data:,] @16-02-2021 01:32:13.0099 AM
[ReportManager] Browser Action [navigateToURL] successfully performed. With the following test data [https://the-internet.herokuapp.com/]. @16-02-2021 01:32:13.0418 A

################################################################################################################################################
Starting Execution:	[87 out of 134] test cases in the current suite
Test Method:		[testPackage01.Test_NewValidationActions.f10]
################################################################################################################################################
[ReportManager] AssertElementExists FAILED; Expected [Element Should Exist, locator 'By.tagName: div'] and Actual [Element Exists but is not unique]. Comparison Type [EQUALS]. Validation Type [POSITIVE]. @16-02-2021 01:32:13.0630 AM
[ReportManager] Successfully created attachment [Screenshot - 1613439133573_f10_AssertElementExists_failed] @16-02-2021 01:32:13.0630 A
[ReportManager] Successfully created attachment [Selenium WebDriver Logs - server] @16-02-2021 01:32:13.0642 AM
[ReportManager] Successfully created attachment [Selenium WebDriver Logs - performance] @16-02-2021 01:32:13.0659 AM
[ReportManager] Successfully created attachment [Selenium WebDriver Logs - browser] @16-02-2021 01:32:13.0664 AM
[ReportManager] Successfully created attachment [Selenium WebDriver Logs - driver] @16-02-2021 01:32:13.0708 AM
[ReportManager] Successfully Closed All Browsers. @16-02-2021 01:32:13.0782 A
[ReportManager] File Action [getAbsolutePath] successfully performed. With the following test data [Relative Folder Path: "target/downloadedFiles/"]. @16-02-2021 01:32:13.0784 AM
[ReportManager] Attempting to run remotely on: [Linux-64], [GoogleChrome], [http://localhost:4444/wd/hub], Headless Execution. @16-02-2021 01:32:13.0784 AM
[ReportManager] Successfully Opened [GoogleChrome]. @16-02-2021 01:32:13.0955 AM
[ReportManager] Target URL: [https://the-internet.herokuapp.com/] @16-02-2021 01:32:13.0965 AM
[ReportManager] Initial URL: [data:,] @16-02-2021 01:32:14.0002 AM
[ReportManager] Browser Action [navigateToURL] successfully performed. With the following test data [https://the-internet.herokuapp.com/]. @16-02-2021 01:32:14.0304 A

################################################################################################################################################
Starting Execution:	[88 out of 134] test cases in the current suite
Test Method:		[testPackage01.Test_NewValidationActions.f11]
################################################################################################################################################
[ReportManager] Checking that false tag doesn't exist... @16-02-2021 01:32:14.0309 AM
[ReportManager] AssertElementExists PASSED; Expected [Element Should not Exist, locator 'By.tagName: h3'] and Actual [Element Doesn't Exists]. Comparison Type [EQUALS]. Validation Type [NEGATIVE]. @16-02-2021 01:32:14.0522 AM
[ReportManager] Successfully created attachment [Screenshot - 1613439134463_f11_AssertElementExists_passed] @16-02-2021 01:32:14.0523 A
[ReportManager] Successfully created attachment [Selenium WebDriver Logs - server] @16-02-2021 01:32:14.0536 AM
[ReportManager] Successfully created attachment [Selenium WebDriver Logs - performance] @16-02-2021 01:32:14.0554 AM
[ReportManager] Successfully created attachment [Selenium WebDriver Logs - browser] @16-02-2021 01:32:14.0559 AM
[ReportManager] Successfully created attachment [Selenium WebDriver Logs - driver] @16-02-2021 01:32:14.0598 AM
[ReportManager] Successfully Closed All Browsers. @16-02-2021 01:32:14.0718 A
[ReportManager] File Action [getAbsolutePath] successfully performed. With the following test data [Relative Folder Path: "target/downloadedFiles/"]. @16-02-2021 01:32:14.0722 AM
[ReportManager] Attempting to run remotely on: [Linux-64], [GoogleChrome], [http://localhost:4444/wd/hub], Headless Execution. @16-02-2021 01:32:14.0722 AM
[ReportManager] Successfully Opened [GoogleChrome]. @16-02-2021 01:32:14.0916 AM
[ReportManager] Target URL: [https://the-internet.herokuapp.com/] @16-02-2021 01:32:14.0926 AM
[ReportManager] Initial URL: [data:,] @16-02-2021 01:32:14.0959 AM
[ReportManager] Browser Action [navigateToURL] successfully performed. With the following test data [https://the-internet.herokuapp.com/]. @16-02-2021 01:32:15.0245 A

################################################################################################################################################
Starting Execution:	[89 out of 134] test cases in the current suite
Test Method:		[testPackage01.Test_NewValidationActions.f12]
################################################################################################################################################
[ReportManager] Loaded Shared OpenCV @16-02-2021 01:32:15.0506 AM
[ReportManager] AssertElementExists FAILED; Expected [Element Should not Exist, locator 'By.tagName: h1'] and Actual [Element Exists]. Comparison Type [EQUALS]. Validation Type [NEGATIVE]. @16-02-2021 01:32:15.0577 AM
[ReportManager] Successfully created attachment [Screenshot - 1613439135505_f12_AssertElementExists_failed] @16-02-2021 01:32:15.0578 A
[ReportManager] Successfully created attachment [Selenium WebDriver Logs - server] @16-02-2021 01:32:15.0595 AM
[ReportManager] Successfully created attachment [Selenium WebDriver Logs - performance] @16-02-2021 01:32:15.0611 AM
[ReportManager] Successfully created attachment [Selenium WebDriver Logs - browser] @16-02-2021 01:32:15.0616 AM
[ReportManager] Successfully created attachment [Selenium WebDriver Logs - driver] @16-02-2021 01:32:15.0660 AM
[ReportManager] Successfully Closed All Browsers. @16-02-2021 01:32:15.0737 A
[ReportManager] File Action [getAbsolutePath] successfully performed. With the following test data [Relative Folder Path: "target/downloadedFiles/"]. @16-02-2021 01:32:15.0740 AM
[ReportManager] Attempting to run remotely on: [Linux-64], [GoogleChrome], [http://localhost:4444/wd/hub], Headless Execution. @16-02-2021 01:32:15.0741 AM
[ReportManager] Successfully Opened [GoogleChrome]. @16-02-2021 01:32:15.0915 AM
[ReportManager] Target URL: [https://the-internet.herokuapp.com/] @16-02-2021 01:32:15.0924 AM
[ReportManager] Initial URL: [data:,] @16-02-2021 01:32:15.0961 AM
[ReportManager] Browser Action [navigateToURL] successfully performed. With the following test data [https://the-internet.herokuapp.com/]. @16-02-2021 01:32:16.0267 A

################################################################################################################################################
Starting Execution:	[90 out of 134] test cases in the current suite
Test Method:		[testPackage01.Test_NewValidationActions.f13]
################################################################################################################################################
[ReportManager] AssertElementExists FAILED; Expected [Element Should not Exist, locator 'By.tagName: div'] and Actual [Element Exists but is not unique]. Comparison Type [EQUALS]. Validation Type [NEGATIVE]. @16-02-2021 01:32:16.0551 AM
[ReportManager] Successfully created attachment [Screenshot - 1613439136474_f13_AssertElementExists_failed] @16-02-2021 01:32:16.0552 A
[ReportManager] Successfully created attachment [Selenium WebDriver Logs - server] @16-02-2021 01:32:16.0566 AM
[ReportManager] Successfully created attachment [Selenium WebDriver Logs - performance] @16-02-2021 01:32:16.0581 AM
[ReportManager] Successfully created attachment [Selenium WebDriver Logs - browser] @16-02-2021 01:32:16.0586 AM
[ReportManager] Successfully created attachment [Selenium WebDriver Logs - driver] @16-02-2021 01:32:16.0627 AM
[ReportManager] Successfully Closed All Browsers. @16-02-2021 01:32:16.0700 A
[ReportManager] File Action [getAbsolutePath] successfully performed. With the following test data [Relative Folder Path: "target/downloadedFiles/"]. @16-02-2021 01:32:16.0702 AM
[ReportManager] Attempting to run remotely on: [Linux-64], [GoogleChrome], [http://localhost:4444/wd/hub], Headless Execution. @16-02-2021 01:32:16.0702 AM
[ReportManager] Successfully Opened [GoogleChrome]. @16-02-2021 01:32:16.0884 AM
[ReportManager] Target URL: [https://the-internet.herokuapp.com/] @16-02-2021 01:32:16.0893 AM
[ReportManager] Initial URL: [data:,] @16-02-2021 01:32:16.0937 AM
[ReportManager] Browser Action [navigateToURL] successfully performed. With the following test data [https://the-internet.herokuapp.com/]. @16-02-2021 01:32:17.0242 A

################################################################################################################################################
Starting Execution:	[91 out of 134] test cases in the current suite
Test Method:		[testPackage01.Test_NewValidationActions.f14]
################################################################################################################################################
[ReportManager] Asserting that the header text is correct... @16-02-2021 01:32:17.0249 AM
[ReportManager] Element Action [getText] successfully performed. With the following test data [Welcome to the-internet]. @16-02-2021 01:32:17.0347 AM
[ReportManager] Loaded Shared OpenCV @16-02-2021 01:32:17.0474 AM
[ReportManager] AssertElementAttribute PASSED; Expected [Value Should be 'Welcome to the-internet' for the 'text' attribute, element locator 'By.tagName: h1'] and Actual [Welcome to the-internet]. Comparison Type [EQUALS]. Validation Type [POSITIVE]. @16-02-2021 01:32:17.0550 AM
[ReportManager] Successfully created attachment [Screenshot - 1613439137474_f14_AssertElementAttribute_passed] @16-02-2021 01:32:17.0551 A
[ReportManager] Successfully created attachment [Selenium WebDriver Logs - server] @16-02-2021 01:32:17.0565 AM
[ReportManager] Successfully created attachment [Selenium WebDriver Logs - performance] @16-02-2021 01:32:17.0581 AM
[ReportManager] Successfully created attachment [Selenium WebDriver Logs - browser] @16-02-2021 01:32:17.0586 AM
[ReportManager] Successfully created attachment [Selenium WebDriver Logs - driver] @16-02-2021 01:32:17.0629 AM
[ReportManager] Successfully Closed All Browsers. @16-02-2021 01:32:17.0699 A
[ReportManager] File Action [getAbsolutePath] successfully performed. With the following test data [Relative Folder Path: "target/downloadedFiles/"]. @16-02-2021 01:32:17.0703 AM
[ReportManager] Attempting to run remotely on: [Linux-64], [GoogleChrome], [http://localhost:4444/wd/hub], Headless Execution. @16-02-2021 01:32:17.0703 AM
[ReportManager] Successfully Opened [GoogleChrome]. @16-02-2021 01:32:17.0918 AM
[ReportManager] Target URL: [https://the-internet.herokuapp.com/] @16-02-2021 01:32:17.0927 AM
[ReportManager] Initial URL: [data:,] @16-02-2021 01:32:17.0961 AM
[ReportManager] Browser Action [navigateToURL] successfully performed. With the following test data [https://the-internet.herokuapp.com/]. @16-02-2021 01:32:18.0261 A

################################################################################################################################################
Starting Execution:	[92 out of 134] test cases in the current suite
Test Method:		[testPackage01.Test_NewValidationActions.f15]
################################################################################################################################################
[ReportManager] Element Action [getText] successfully performed. With the following test data [Welcome to the-internet]. @16-02-2021 01:32:18.0352 AM
[ReportManager] Loaded Shared OpenCV @16-02-2021 01:32:18.0505 AM
[ReportManager] AssertElementAttribute FAILED; Expected [Value Should not be 'Welcome' for the 'text' attribute, element locator 'By.tagName: h1'] and Actual [Welcome to the-internet]. Comparison Type [CONTAINS]. Validation Type [NEGATIVE]. @16-02-2021 01:32:18.0579 AM
[ReportManager] Successfully created attachment [Screenshot - 1613439138505_f15_AssertElementAttribute_failed] @16-02-2021 01:32:18.0580 A
[ReportManager] Successfully created attachment [Selenium WebDriver Logs - server] @16-02-2021 01:32:18.0594 AM
[ReportManager] Successfully created attachment [Selenium WebDriver Logs - performance] @16-02-2021 01:32:18.0610 AM
[ReportManager] Successfully created attachment [Selenium WebDriver Logs - browser] @16-02-2021 01:32:18.0622 AM
[ReportManager] Successfully created attachment [Selenium WebDriver Logs - driver] @16-02-2021 01:32:18.0665 AM
[ReportManager] Successfully Closed All Browsers. @16-02-2021 01:32:18.0739 A
[ReportManager] File Action [getAbsolutePath] successfully performed. With the following test data [Relative Folder Path: "target/downloadedFiles/"]. @16-02-2021 01:32:18.0740 AM
[ReportManager] Attempting to run remotely on: [Linux-64], [GoogleChrome], [http://localhost:4444/wd/hub], Headless Execution. @16-02-2021 01:32:18.0740 AM
[ReportManager] Successfully Opened [GoogleChrome]. @16-02-2021 01:32:18.0907 AM
[ReportManager] Target URL: [https://the-internet.herokuapp.com/] @16-02-2021 01:32:18.0927 AM
[ReportManager] Initial URL: [data:,] @16-02-2021 01:32:18.0967 AM
[ReportManager] Browser Action [navigateToURL] successfully performed. With the following test data [https://the-internet.herokuapp.com/]. @16-02-2021 01:32:19.0260 A

################################################################################################################################################
Starting Execution:	[93 out of 134] test cases in the current suite
Test Method:		[testPackage01.Test_NewValidationActions.f16]
################################################################################################################################################
[ReportManager] Element Action [identifyUniqueElement] failed. With the following test data [zero elements found matching this locator "By.tagName: h3".]. @16-02-2021 01:32:19.0464 AM
[ReportManager] Successfully created attachment [Screenshot - 1613439139399_f16_identifyUniqueElement_failed] @16-02-2021 01:32:19.0465 AM
[ReportManager] AssertElementAttribute FAILED; Expected [Value Should not be 'Welcome' for the 'text' attribute, element locator 'By.tagName: h3'] and Actual [Failed to read the desired element attribute]. Comparison Type [CONTAINS]. Validation Type [NEGATIVE]. @16-02-2021 01:32:19.0465 A
[ReportManager] Successfully created attachment [Selenium WebDriver Logs - server] @16-02-2021 01:32:19.0477 AM
[ReportManager] Successfully created attachment [Selenium WebDriver Logs - performance] @16-02-2021 01:32:19.0495 AM
[ReportManager] Successfully created attachment [Selenium WebDriver Logs - browser] @16-02-2021 01:32:19.0500 AM
[ReportManager] Successfully created attachment [Selenium WebDriver Logs - driver] @16-02-2021 01:32:19.0543 AM
[ReportManager] Successfully Closed All Browsers. @16-02-2021 01:32:19.0622 A
[ReportManager] File Action [getAbsolutePath] successfully performed. With the following test data [Relative Folder Path: "target/downloadedFiles/"]. @16-02-2021 01:32:19.0628 AM
[ReportManager] Attempting to run remotely on: [Linux-64], [GoogleChrome], [http://localhost:4444/wd/hub], Headless Execution. @16-02-2021 01:32:19.0628 AM
[ReportManager] Successfully Opened [GoogleChrome]. @16-02-2021 01:32:19.0864 AM
[ReportManager] Target URL: [https://the-internet.herokuapp.com/] @16-02-2021 01:32:19.0876 AM
[ReportManager] Initial URL: [data:,] @16-02-2021 01:32:19.0912 AM
[ReportManager] Browser Action [navigateToURL] successfully performed. With the following test data [https://the-internet.herokuapp.com/]. @16-02-2021 01:32:20.0221 A

################################################################################################################################################
Starting Execution:	[94 out of 134] test cases in the current suite
Test Method:		[testPackage01.Test_NewValidationActions.f17]
################################################################################################################################################
[ReportManager] Attempting to getAttribute [text2] from elementLocator [By.tagName: h1]. @16-02-2021 01:32:20.0223 AM
[ReportManager] Element Action [getAttribute] successfully performed. @16-02-2021 01:32:20.0307 AM
[ReportManager] Loaded Shared OpenCV @16-02-2021 01:32:20.0444 AM
[ReportManager] AssertElementAttribute PASSED; Expected [Value Should not be 'Welcome' for the 'text2' attribute, element locator 'By.tagName: h1'] and Actual [null]. Comparison Type [CONTAINS]. Validation Type [NEGATIVE]. @16-02-2021 01:32:20.0531 AM
[ReportManager] Successfully created attachment [Screenshot - 1613439140444_f17_AssertElementAttribute_passed] @16-02-2021 01:32:20.0532 A
[ReportManager] Successfully created attachment [Selenium WebDriver Logs - server] @16-02-2021 01:32:20.0545 AM
[ReportManager] Successfully created attachment [Selenium WebDriver Logs - performance] @16-02-2021 01:32:20.0563 AM
[ReportManager] Successfully created attachment [Selenium WebDriver Logs - browser] @16-02-2021 01:32:20.0568 AM
[ReportManager] Successfully created attachment [Selenium WebDriver Logs - driver] @16-02-2021 01:32:20.0622 AM
[ReportManager] Successfully Closed All Browsers. @16-02-2021 01:32:20.0691 A
[ReportManager] File Action [getAbsolutePath] successfully performed. With the following test data [Relative Folder Path: "target/downloadedFiles/"]. @16-02-2021 01:32:20.0693 AM
[ReportManager] Attempting to run remotely on: [Linux-64], [GoogleChrome], [http://localhost:4444/wd/hub], Headless Execution. @16-02-2021 01:32:20.0693 AM
[ReportManager] Successfully Opened [GoogleChrome]. @16-02-2021 01:32:20.0884 AM
[ReportManager] Target URL: [https://the-internet.herokuapp.com/] @16-02-2021 01:32:20.0896 AM
[ReportManager] Initial URL: [data:,] @16-02-2021 01:32:20.0934 AM
[ReportManager] Browser Action [navigateToURL] successfully performed. With the following test data [https://the-internet.herokuapp.com/]. @16-02-2021 01:32:21.0240 A

################################################################################################################################################
Starting Execution:	[95 out of 134] test cases in the current suite
Test Method:		[testPackage01.Test_NewValidationActions.f18]
################################################################################################################################################
[ReportManager] Element Action [getText] successfully performed. With the following test data [Welcome to the-internet]. @16-02-2021 01:32:21.0328 AM
[ReportManager] Loaded Shared OpenCV @16-02-2021 01:32:21.0450 AM
[ReportManager] AssertElementAttribute PASSED; Expected [Value Should not be 'no' for the 'text' attribute, element locator 'By.tagName: h1'] and Actual [Welcome to the-internet]. Comparison Type [CONTAINS]. Validation Type [NEGATIVE]. @16-02-2021 01:32:21.0534 AM
[ReportManager] Successfully created attachment [Screenshot - 1613439141450_f18_AssertElementAttribute_passed] @16-02-2021 01:32:21.0535 A
[ReportManager] Successfully created attachment [Selenium WebDriver Logs - server] @16-02-2021 01:32:21.0547 AM
[ReportManager] Successfully created attachment [Selenium WebDriver Logs - performance] @16-02-2021 01:32:21.0562 AM
[ReportManager] Successfully created attachment [Selenium WebDriver Logs - browser] @16-02-2021 01:32:21.0567 AM
[ReportManager] Successfully created attachment [Selenium WebDriver Logs - driver] @16-02-2021 01:32:21.0608 AM
[ReportManager] Successfully Closed All Browsers. @16-02-2021 01:32:21.0685 A
[ReportManager] File Action [getAbsolutePath] successfully performed. With the following test data [Relative Folder Path: "target/downloadedFiles/"]. @16-02-2021 01:32:21.0687 AM
[ReportManager] Attempting to run remotely on: [Linux-64], [GoogleChrome], [http://localhost:4444/wd/hub], Headless Execution. @16-02-2021 01:32:21.0688 AM
[ReportManager] Successfully Opened [GoogleChrome]. @16-02-2021 01:32:21.0886 AM
[ReportManager] Target URL: [https://the-internet.herokuapp.com/] @16-02-2021 01:32:21.0897 AM
[ReportManager] Initial URL: [data:,] @16-02-2021 01:32:21.0935 AM
[ReportManager] Browser Action [navigateToURL] successfully performed. With the following test data [https://the-internet.herokuapp.com/]. @16-02-2021 01:32:22.0269 A

################################################################################################################################################
Starting Execution:	[96 out of 134] test cases in the current suite
Test Method:		[testPackage01.Test_NewValidationActions.f19]
################################################################################################################################################
[ReportManager] Element Action [getTagName] successfully performed. With the following test data [h1]. @16-02-2021 01:32:22.0429 AM
[ReportManager] Loaded Shared OpenCV @16-02-2021 01:32:22.0608 AM
[ReportManager] AssertElementAttribute PASSED; Expected [Value Should be 'h' for the 'tagname' attribute, element locator 'By.tagName: h1'] and Actual [h1]. Comparison Type [CONTAINS]. Validation Type [POSITIVE]. @16-02-2021 01:32:22.0693 AM
[ReportManager] Successfully created attachment [Screenshot - 1613439142608_f19_AssertElementAttribute_passed] @16-02-2021 01:32:22.0694 A
[ReportManager] Successfully created attachment [Selenium WebDriver Logs - server] @16-02-2021 01:32:22.0706 AM
[ReportManager] Successfully created attachment [Selenium WebDriver Logs - performance] @16-02-2021 01:32:22.0724 AM
[ReportManager] Successfully created attachment [Selenium WebDriver Logs - browser] @16-02-2021 01:32:22.0730 AM
[ReportManager] Successfully created attachment [Selenium WebDriver Logs - driver] @16-02-2021 01:32:22.0782 AM
[ReportManager] Successfully Closed All Browsers. @16-02-2021 01:32:22.0854 A

################################################################################################################################################
Starting Execution:	[97 out of 134] test cases in the current suite
Test Method:		[testPackage01.Test_NewValidationActions.f2]
################################################################################################################################################
[ReportManager] Checking valid user data... @16-02-2021 01:32:22.0861 AM
[ReportManager] AssertEquals FAILED; Expected [1] and Actual [2]. Comparison Type [EQUALS]. Validation Type [POSITIVE]. @16-02-2021 01:32:22.0861 A
[ReportManager] File Action [getAbsolutePath] successfully performed. With the following test data [Relative Folder Path: "target/downloadedFiles/"]. @16-02-2021 01:32:22.0863 AM
[ReportManager] Attempting to run remotely on: [Linux-64], [GoogleChrome], [http://localhost:4444/wd/hub], Headless Execution. @16-02-2021 01:32:22.0863 AM
[ReportManager] Successfully Opened [GoogleChrome]. @16-02-2021 01:32:23.0052 AM
[ReportManager] Target URL: [https://the-internet.herokuapp.com/] @16-02-2021 01:32:23.0061 AM
[ReportManager] Initial URL: [data:,] @16-02-2021 01:32:23.0098 AM
[ReportManager] Browser Action [navigateToURL] successfully performed. With the following test data [https://the-internet.herokuapp.com/]. @16-02-2021 01:32:23.0439 A

################################################################################################################################################
Starting Execution:	[98 out of 134] test cases in the current suite
Test Method:		[testPackage01.Test_NewValidationActions.f20]
################################################################################################################################################
[ReportManager] Element Action [getSize] successfully performed. With the following test data [(755, 61)]. @16-02-2021 01:32:23.0530 AM
[ReportManager] Loaded Shared OpenCV @16-02-2021 01:32:23.0662 AM
[ReportManager] AssertElementAttribute PASSED; Expected [Value Should not be 'a' for the 'size' attribute, element locator 'By.tagName: h1'] and Actual [(755, 61)]. Comparison Type [CONTAINS]. Validation Type [NEGATIVE]. @16-02-2021 01:32:23.0744 AM
[ReportManager] Successfully created attachment [Screenshot - 1613439143662_f20_AssertElementAttribute_passed] @16-02-2021 01:32:23.0746 A
[ReportManager] Successfully created attachment [Selenium WebDriver Logs - server] @16-02-2021 01:32:23.0758 AM
[ReportManager] Successfully created attachment [Selenium WebDriver Logs - performance] @16-02-2021 01:32:23.0777 AM
[ReportManager] Successfully created attachment [Selenium WebDriver Logs - browser] @16-02-2021 01:32:23.0783 AM
[ReportManager] Successfully created attachment [Selenium WebDriver Logs - driver] @16-02-2021 01:32:23.0841 AM
[ReportManager] Successfully Closed All Browsers. @16-02-2021 01:32:23.0922 A
[ReportManager] File Action [getAbsolutePath] successfully performed. With the following test data [Relative Folder Path: "target/downloadedFiles/"]. @16-02-2021 01:32:23.0925 AM
[ReportManager] Attempting to run remotely on: [Linux-64], [GoogleChrome], [http://localhost:4444/wd/hub], Headless Execution. @16-02-2021 01:32:23.0925 AM
[ReportManager] Successfully Opened [GoogleChrome]. @16-02-2021 01:32:24.0118 AM
[ReportManager] Target URL: [https://the-internet.herokuapp.com/] @16-02-2021 01:32:24.0127 AM
[ReportManager] Initial URL: [data:,] @16-02-2021 01:32:24.0162 AM
[ReportManager] Browser Action [navigateToURL] successfully performed. With the following test data [https://the-internet.herokuapp.com/]. @16-02-2021 01:32:24.0445 A

################################################################################################################################################
Starting Execution:	[99 out of 134] test cases in the current suite
Test Method:		[testPackage01.Test_NewValidationActions.f21]
################################################################################################################################################
[ReportManager] Element Action [identifyUniqueElement] failed. With the following test data [zero elements found matching this locator "By.tagName: h3".]. @16-02-2021 01:32:24.0638 AM
[ReportManager] Successfully created attachment [Screenshot - 1613439144562_f21_identifyUniqueElement_failed] @16-02-2021 01:32:24.0639 AM
[ReportManager] AssertElementAttribute FAILED; Expected [Value Should be 'Welcome' for the 'text' attribute, element locator 'By.tagName: h3'] and Actual [Failed to read the desired element attribute]. Comparison Type [CONTAINS]. Validation Type [POSITIVE]. @16-02-2021 01:32:24.0639 A
[ReportManager] Successfully created attachment [Selenium WebDriver Logs - server] @16-02-2021 01:32:24.0653 AM
[ReportManager] Successfully created attachment [Selenium WebDriver Logs - performance] @16-02-2021 01:32:24.0671 AM
[ReportManager] Successfully created attachment [Selenium WebDriver Logs - browser] @16-02-2021 01:32:24.0676 AM
[ReportManager] Successfully created attachment [Selenium WebDriver Logs - driver] @16-02-2021 01:32:24.0719 AM
[ReportManager] Successfully Closed All Browsers. @16-02-2021 01:32:24.0790 A
[ReportManager] File Action [getAbsolutePath] successfully performed. With the following test data [Relative Folder Path: "target/downloadedFiles/"]. @16-02-2021 01:32:24.0792 AM
[ReportManager] Attempting to run remotely on: [Linux-64], [GoogleChrome], [http://localhost:4444/wd/hub], Headless Execution. @16-02-2021 01:32:24.0792 AM
[ReportManager] Successfully Opened [GoogleChrome]. @16-02-2021 01:32:24.0999 AM
[ReportManager] Target URL: [https://the-internet.herokuapp.com/] @16-02-2021 01:32:25.0008 AM
[ReportManager] Initial URL: [data:,] @16-02-2021 01:32:25.0045 AM
[ReportManager] Browser Action [navigateToURL] successfully performed. With the following test data [https://the-internet.herokuapp.com/]. @16-02-2021 01:32:25.0353 A

################################################################################################################################################
Starting Execution:	[100 out of 134] test cases in the current suite
Test Method:		[testPackage01.Test_NewValidationActions.f22]
################################################################################################################################################
[ReportManager] Element Action [getText] successfully performed. With the following test data [Welcome to the-internet]. @16-02-2021 01:32:25.0436 AM
[ReportManager] Loaded Shared OpenCV @16-02-2021 01:32:25.0576 AM
[ReportManager] AssertElementAttribute FAILED; Expected [Value Should be 'yyy' for the 'text' attribute, element locator 'By.tagName: h1'] and Actual [Welcome to the-internet]. Comparison Type [CONTAINS]. Validation Type [POSITIVE]. @16-02-2021 01:32:25.0647 AM
[ReportManager] Successfully created attachment [Screenshot - 1613439145576_f22_AssertElementAttribute_failed] @16-02-2021 01:32:25.0648 A
[ReportManager] Successfully created attachment [Selenium WebDriver Logs - server] @16-02-2021 01:32:25.0671 AM
[ReportManager] Successfully created attachment [Selenium WebDriver Logs - performance] @16-02-2021 01:32:25.0685 AM
[ReportManager] Successfully created attachment [Selenium WebDriver Logs - browser] @16-02-2021 01:32:25.0690 AM
[ReportManager] Successfully created attachment [Selenium WebDriver Logs - driver] @16-02-2021 01:32:25.0736 AM
[ReportManager] Successfully Closed All Browsers. @16-02-2021 01:32:25.0812 A

################################################################################################################################################
Starting Execution:	[101 out of 134] test cases in the current suite
Test Method:		[testPackage01.Test_NewValidationActions.f23]
################################################################################################################################################
[ReportManager] confirming that the actual is greater than or equal to the expected... @16-02-2021 01:32:25.0814 AM
[ReportManager] AssertComparativeRelation PASSED; Expected [1] and Actual [1]. Comparison Type [GREATER_THAN_OR_EQUALS]. Validation Type [POSITIVE]. @16-02-2021 01:32:25.0815 A

################################################################################################################################################
Starting Execution:	[102 out of 134] test cases in the current suite
Test Method:		[testPackage01.Test_NewValidationActions.f24]
################################################################################################################################################
[ReportManager] AssertComparativeRelation PASSED; Expected [1] and Actual [10]. Comparison Type [GREATER_THAN_OR_EQUALS]. Validation Type [POSITIVE]. @16-02-2021 01:32:25.0818 A

################################################################################################################################################
Starting Execution:	[103 out of 134] test cases in the current suite
Test Method:		[testPackage01.Test_NewValidationActions.f25]
################################################################################################################################################
[ReportManager] AssertComparativeRelation PASSED; Expected [1] and Actual [1]. Comparison Type [EQUALS]. Validation Type [POSITIVE]. @16-02-2021 01:32:25.0821 A

################################################################################################################################################
Starting Execution:	[104 out of 134] test cases in the current suite
Test Method:		[testPackage01.Test_NewValidationActions.f26]
################################################################################################################################################
[ReportManager] AssertComparativeRelation PASSED; Expected [1] and Actual [5]. Comparison Type [GREATER_THAN]. Validation Type [POSITIVE]. @16-02-2021 01:32:25.0824 A

################################################################################################################################################
Starting Execution:	[105 out of 134] test cases in the current suite
Test Method:		[testPackage01.Test_NewValidationActions.f27]
################################################################################################################################################
[ReportManager] AssertComparativeRelation PASSED; Expected [11] and Actual [5]. Comparison Type [LESS_THAN]. Validation Type [POSITIVE]. @16-02-2021 01:32:25.0826 A

################################################################################################################################################
Starting Execution:	[106 out of 134] test cases in the current suite
Test Method:		[testPackage01.Test_NewValidationActions.f28]
################################################################################################################################################
[ReportManager] AssertComparativeRelation PASSED; Expected [11] and Actual [5]. Comparison Type [LESS_THAN_OR_EQUALS]. Validation Type [POSITIVE]. @16-02-2021 01:32:25.0829 A

################################################################################################################################################
Starting Execution:	[107 out of 134] test cases in the current suite
Test Method:		[testPackage01.Test_NewValidationActions.f29]
################################################################################################################################################
[ReportManager] AssertComparativeRelation PASSED; Expected [11] and Actual [11]. Comparison Type [LESS_THAN_OR_EQUALS]. Validation Type [POSITIVE]. @16-02-2021 01:32:25.0831 A

################################################################################################################################################
Starting Execution:	[108 out of 134] test cases in the current suite
Test Method:		[testPackage01.Test_NewValidationActions.f3]
################################################################################################################################################
[ReportManager] AssertEquals PASSED; Expected [1] and Actual [2]. Comparison Type [EQUALS]. Validation Type [NEGATIVE]. @16-02-2021 01:32:25.0833 A

################################################################################################################################################
Starting Execution:	[109 out of 134] test cases in the current suite
Test Method:		[testPackage01.Test_NewValidationActions.f30]
################################################################################################################################################
[ReportManager] AssertComparativeRelation FAILED; Expected [-9] and Actual [11]. Comparison Type [LESS_THAN_OR_EQUALS]. Validation Type [POSITIVE]. @16-02-2021 01:32:25.0834 A

################################################################################################################################################
Starting Execution:	[110 out of 134] test cases in the current suite
Test Method:		[testPackage01.Test_NewValidationActions.f31]
################################################################################################################################################
[ReportManager] AssertTrue PASSED; Expected [TRUE] and Actual [TRUE]. Validation Type [POSITIVE]. @16-02-2021 01:32:25.0836 A

################################################################################################################################################
Starting Execution:	[111 out of 134] test cases in the current suite
Test Method:		[testPackage01.Test_NewValidationActions.f32]
################################################################################################################################################
[ReportManager] AssertTrue PASSED; Expected [FALSE] and Actual [FALSE]. Validation Type [NEGATIVE]. @16-02-2021 01:32:25.0840 A

################################################################################################################################################
Starting Execution:	[112 out of 134] test cases in the current suite
Test Method:		[testPackage01.Test_NewValidationActions.f33]
################################################################################################################################################
[ReportManager] AssertTrue FAILED; Expected [FALSE] and Actual [TRUE]. Validation Type [NEGATIVE]. @16-02-2021 01:32:25.0848 A

################################################################################################################################################
Starting Execution:	[113 out of 134] test cases in the current suite
Test Method:		[testPackage01.Test_NewValidationActions.f34]
################################################################################################################################################
[ReportManager] AssertTrue FAILED; Expected [TRUE] and Actual [FALSE]. Validation Type [POSITIVE]. @16-02-2021 01:32:25.0857 A

################################################################################################################################################
Starting Execution:	[114 out of 134] test cases in the current suite
Test Method:		[testPackage01.Test_NewValidationActions.f35]
################################################################################################################################################
[ReportManager] File Action [doesFileExist] successfully performed. With the following test data [File Path: "pom.xml"]. @16-02-2021 01:32:25.0863 AM
[ReportManager] AssertFileExists PASSED; Expected [File 'pom.xml' should exist, after up to '1' retries] and Actual [File exists]. Validation Type [POSITIVE]. @16-02-2021 01:32:25.0863 A

################################################################################################################################################
Starting Execution:	[115 out of 134] test cases in the current suite
Test Method:		[testPackage01.Test_NewValidationActions.f36]
################################################################################################################################################
[ReportManager] File Action [doesFileExist] successfully performed. With the following test data [File Path: "src/test/java/testPackage01/Test_NewValidationActions.java"]. @16-02-2021 01:32:25.0873 AM
[ReportManager] AssertFileExists PASSED; Expected [File 'src/test/java/testPackage01/Test_NewValidationActions.java' should exist, after up to '1' retries] and Actual [File exists]. Validation Type [POSITIVE]. @16-02-2021 01:32:25.0873 A

################################################################################################################################################
Starting Execution:	[116 out of 134] test cases in the current suite
Test Method:		[testPackage01.Test_NewValidationActions.f37]
################################################################################################################################################
[ReportManager] confirming that the file does't exist after 5 retries... @16-02-2021 01:32:25.0875 AM
[ReportManager] File Action [doesFileExist] successfully performed. With the following test data [File Path: "pom.xml"]. @16-02-2021 01:32:25.0875 AM
[ReportManager] AssertFileExists FAILED; Expected [File 'pom.xml' should not exist, after up to '5' retries] and Actual [File exists]. Validation Type [NEGATIVE]. @16-02-2021 01:32:25.0875 A

################################################################################################################################################
Starting Execution:	[117 out of 134] test cases in the current suite
Test Method:		[testPackage01.Test_NewValidationActions.f3_1]
################################################################################################################################################
[ReportManager] Checking valid user data... @16-02-2021 01:32:25.0878 AM
[ReportManager] AssertEquals PASSED; Expected [null] and Actual [null]. Comparison Type [EQUALS]. Validation Type [POSITIVE]. @16-02-2021 01:32:25.0878 A

################################################################################################################################################
Starting Execution:	[118 out of 134] test cases in the current suite
Test Method:		[testPackage01.Test_NewValidationActions.f4]
################################################################################################################################################
[ReportManager] AssertEquals PASSED; Expected [1] and Actual [123]. Comparison Type [CONTAINS]. Validation Type [POSITIVE]. @16-02-2021 01:32:25.0882 A

################################################################################################################################################
Starting Execution:	[119 out of 134] test cases in the current suite
Test Method:		[testPackage01.Test_NewValidationActions.f5]
################################################################################################################################################
[ReportManager] AssertNull PASSED; Expected [NULL] and Actual [1]. Comparison Type [EQUALS]. Validation Type [NEGATIVE]. @16-02-2021 01:32:25.0885 A

################################################################################################################################################
Starting Execution:	[120 out of 134] test cases in the current suite
Test Method:		[testPackage01.Test_NewValidationActions.f6]
################################################################################################################################################
[ReportManager] Making sure that null string is not equal to null object... @16-02-2021 01:32:25.0892 AM
[ReportManager] AssertNull FAILED; Expected [NULL] and Actual [NULL]. Comparison Type [EQUALS]. Validation Type [POSITIVE]. @16-02-2021 01:32:25.0893 A

################################################################################################################################################
Starting Execution:	[121 out of 134] test cases in the current suite
Test Method:		[testPackage01.Test_NewValidationActions.f6_1]
################################################################################################################################################
[ReportManager] AssertNull FAILED; Expected [NULL] and Actual [NULL]. Comparison Type [EQUALS]. Validation Type [NEGATIVE]. @16-02-2021 01:32:25.0897 A

################################################################################################################################################
Starting Execution:	[122 out of 134] test cases in the current suite
Test Method:		[testPackage01.Test_NewValidationActions.f6_2]
################################################################################################################################################
[ReportManager] Making sure that null string is not equal to null object... @16-02-2021 01:32:25.0898 AM
[ReportManager] AssertNull FAILED; Expected [NULL] and Actual [not null]. Comparison Type [EQUALS]. Validation Type [POSITIVE]. @16-02-2021 01:32:25.0899 A

################################################################################################################################################
Starting Execution:	[123 out of 134] test cases in the current suite
Test Method:		[testPackage01.Test_NewValidationActions.f7]
################################################################################################################################################
[ReportManager] AssertNull PASSED; Expected [NULL] and Actual [NULL]. Comparison Type [EQUALS]. Validation Type [POSITIVE]. @16-02-2021 01:32:25.0902 A
[ReportManager] File Action [getAbsolutePath] successfully performed. With the following test data [Relative Folder Path: "target/downloadedFiles/"]. @16-02-2021 01:32:25.0905 AM
[ReportManager] Attempting to run remotely on: [Linux-64], [GoogleChrome], [http://localhost:4444/wd/hub], Headless Execution. @16-02-2021 01:32:25.0905 AM
[ReportManager] Successfully Opened [GoogleChrome]. @16-02-2021 01:32:26.0112 AM
[ReportManager] Target URL: [https://the-internet.herokuapp.com/] @16-02-2021 01:32:26.0124 AM
[ReportManager] Initial URL: [data:,] @16-02-2021 01:32:26.0160 AM
[ReportManager] Browser Action [navigateToURL] successfully performed. With the following test data [https://the-internet.herokuapp.com/]. @16-02-2021 01:32:26.0470 A

################################################################################################################################################
Starting Execution:	[124 out of 134] test cases in the current suite
Test Method:		[testPackage01.Test_NewValidationActions.f8]
################################################################################################################################################
[ReportManager] Loaded Shared OpenCV @16-02-2021 01:32:26.0725 AM
[ReportManager] AssertElementExists PASSED; Expected [Element Should Exist, locator 'By.tagName: h1'] and Actual [Element Exists]. Comparison Type [EQUALS]. Validation Type [POSITIVE]. @16-02-2021 01:32:26.0794 AM
[ReportManager] Successfully created attachment [Screenshot - 1613439146725_f8_AssertElementExists_passed] @16-02-2021 01:32:26.0794 A
[ReportManager] Successfully created attachment [Selenium WebDriver Logs - server] @16-02-2021 01:32:26.0808 AM
[ReportManager] Successfully created attachment [Selenium WebDriver Logs - performance] @16-02-2021 01:32:26.0823 AM
[ReportManager] Successfully created attachment [Selenium WebDriver Logs - browser] @16-02-2021 01:32:26.0829 AM
[ReportManager] Successfully created attachment [Selenium WebDriver Logs - driver] @16-02-2021 01:32:26.0874 AM
[ReportManager] Successfully Closed All Browsers. @16-02-2021 01:32:26.0952 A
[ReportManager] File Action [getAbsolutePath] successfully performed. With the following test data [Relative Folder Path: "target/downloadedFiles/"]. @16-02-2021 01:32:26.0954 AM
[ReportManager] Attempting to run remotely on: [Linux-64], [GoogleChrome], [http://localhost:4444/wd/hub], Headless Execution. @16-02-2021 01:32:26.0954 AM
[ReportManager] Successfully Opened [GoogleChrome]. @16-02-2021 01:32:27.0154 AM
[ReportManager] Target URL: [https://the-internet.herokuapp.com/] @16-02-2021 01:32:27.0167 AM
[ReportManager] Initial URL: [data:,] @16-02-2021 01:32:27.0211 AM
[ReportManager] Browser Action [navigateToURL] successfully performed. With the following test data [https://the-internet.herokuapp.com/]. @16-02-2021 01:32:27.0538 A

################################################################################################################################################
Starting Execution:	[125 out of 134] test cases in the current suite
Test Method:		[testPackage01.Test_NewValidationActions.f9]
################################################################################################################################################
[ReportManager] AssertElementExists FAILED; Expected [Element Should Exist, locator 'By.tagName: h3'] and Actual [Element Doesn't Exists]. Comparison Type [EQUALS]. Validation Type [POSITIVE]. @16-02-2021 01:32:27.0752 AM
[ReportManager] Successfully created attachment [Screenshot - 1613439147691_f9_AssertElementExists_failed] @16-02-2021 01:32:27.0752 A
[ReportManager] Successfully created attachment [Selenium WebDriver Logs - server] @16-02-2021 01:32:27.0765 AM
[ReportManager] Successfully created attachment [Selenium WebDriver Logs - performance] @16-02-2021 01:32:27.0781 AM
[ReportManager] Successfully created attachment [Selenium WebDriver Logs - browser] @16-02-2021 01:32:27.0787 AM
[ReportManager] Successfully created attachment [Selenium WebDriver Logs - driver] @16-02-2021 01:32:27.0831 AM
[ReportManager] Successfully Closed All Browsers. @16-02-2021 01:32:27.0905 A

################################################################################################################################################
Starting Execution:	[126 out of 134] test cases in the current suite
Test Method:		[testPackage01.Test_NewValidationActions.forceFail]
################################################################################################################################################
[ReportManager] AssertFail FAILED; Expected [null] and Actual [null]. @16-02-2021 01:32:27.0909 A

################################################################################################################################################
Starting Execution:	[127 out of 134] test cases in the current suite
Test Method:		[testPackage01.Test_NewValidationActions.forceFail2]
################################################################################################################################################
[ReportManager] Custom Message... @16-02-2021 01:32:27.0914 AM
[ReportManager] AssertFail FAILED; Expected [null] and Actual [null]. @16-02-2021 01:32:27.0914 A
[ReportManager] File Action [getAbsolutePath] successfully performed. With the following test data [Relative Folder Path: "target/downloadedFiles/"]. @16-02-2021 01:32:27.0915 AM
[ReportManager] Attempting to run remotely on: [Linux-64], [GoogleChrome], [http://localhost:4444/wd/hub], Headless Execution. @16-02-2021 01:32:27.0915 AM
[ReportManager] Successfully Opened [GoogleChrome]. @16-02-2021 01:32:28.0108 A

################################################################################################################################################
Starting Execution:	[128 out of 134] test cases in the current suite
Test Method:		[testPackage01.Test_ShadowDOM.shadowdom]
################################################################################################################################################
[ReportManager] Target URL: [https://mdn.github.io/web-components-examples/popup-info-box-web-component/] @16-02-2021 01:32:28.0122 AM
[ReportManager] Initial URL: [data:,] @16-02-2021 01:32:28.0158 AM
[ReportManager] Browser Action [navigateToURL] successfully performed. With the following test data [https://mdn.github.io/web-components-examples/popup-info-box-web-component/]. @16-02-2021 01:32:28.0332 AM
[ReportManager] Element Action [type] successfully performed. With the following test data [Typing into SHADOW DOM...]. @16-02-2021 01:32:28.0895 AM
[ReportManager] Element Action [getText] successfully performed. With the following test data [Typing into SHADOW DOM...]. @16-02-2021 01:32:28.0986 AM
[ReportManager] Loaded Shared OpenCV @16-02-2021 01:32:29.0088 AM
[ReportManager] AssertElementAttribute PASSED; Expected [Value Should be 'Typing into SHADOW DOM...' for the 'Text' attribute, element locator 'By.id: cvc'] and Actual [Typing into SHADOW DOM...]. Comparison Type [EQUALS]. Validation Type [POSITIVE]. @16-02-2021 01:32:29.0149 AM
[ReportManager] Successfully created attachment [Screenshot - 1613439149088_shadowdom_AssertElementAttribute_passed] @16-02-2021 01:32:29.0150 A
[ReportManager] Successfully created attachment [Selenium WebDriver Logs - server] @16-02-2021 01:32:29.0190 AM
[ReportManager] Successfully created attachment [Selenium WebDriver Logs - performance] @16-02-2021 01:32:29.0200 AM
[ReportManager] Successfully created attachment [Selenium WebDriver Logs - browser] @16-02-2021 01:32:29.0205 AM
[ReportManager] Successfully created attachment [Selenium WebDriver Logs - driver] @16-02-2021 01:32:29.0277 AM
[ReportManager] Browser Action [closeCurrentWindow] successfully performed. @16-02-2021 01:32:29.0333 AM
[ReportManager] Successfully created attachment [Browser Action Test Data - closeCurrentWindow - Actual Value] @16-02-2021 01:32:29.0333 A

################################################################################################################################################
Starting Execution:	[129 out of 134] test cases in the current suite
Test Method:		[testPackage01.Test_chainableElementActions.chainElementActions]
################################################################################################################################################
[ReportManager] File Action [getAbsolutePath] successfully performed. With the following test data [Relative Folder Path: "target/downloadedFiles/"]. @16-02-2021 01:32:29.0337 AM
[ReportManager] Attempting to run remotely on: [Linux-64], [GoogleChrome], [http://localhost:4444/wd/hub], Headless Execution. @16-02-2021 01:32:29.0338 AM
[ReportManager] Successfully Opened [GoogleChrome]. @16-02-2021 01:32:29.0517 AM
[ReportManager] Target URL: [https://www.google.com/ncr], and after redirection: [https://www.google.com] @16-02-2021 01:32:29.0527 AM
[ReportManager] Initial URL: [data:,] @16-02-2021 01:32:29.0561 AM
[ReportManager] Browser Action [navigateToURL] successfully performed. With the following test data [https://www.google.com/ncr]. @16-02-2021 01:32:30.0219 AM
[ReportManager] Element Action [type] successfully performed. With the following test data [chained type 1]. @16-02-2021 01:32:30.0706 AM
[ReportManager] Element Action [type] successfully performed. With the following test data [chained type 2]. @16-02-2021 01:32:31.0204 AM
[ReportManager] Element Action [typeAppend] successfully performed. With the following test data [345]. @16-02-2021 01:32:31.0352 AM
[ReportManager] Element Action [getText] successfully performed. With the following test data [chained type 2345]. @16-02-2021 01:32:31.0465 AM
[ReportManager] Loaded Shared OpenCV @16-02-2021 01:32:31.0575 AM
[ReportManager] AssertElementAttribute PASSED; Expected [Value Should be 'chained type 2345' for the 'text' attribute, element locator 'By.name: q'] and Actual [chained type 2345]. Comparison Type [EQUALS]. Validation Type [POSITIVE]. @16-02-2021 01:32:31.0639 AM
[ReportManager] Successfully created attachment [Screenshot - 1613439151575_chainElementActions_AssertElementAttribute_passed] @16-02-2021 01:32:31.0640 AM
[ReportManager] Successfully created attachment [Selenium WebDriver Logs - server] @16-02-2021 01:32:31.0711 AM
[ReportManager] Successfully created attachment [Selenium WebDriver Logs - performance] @16-02-2021 01:32:31.0852 AM
[ReportManager] Successfully created attachment [Selenium WebDriver Logs - driver] @16-02-2021 01:32:32.0048 AM
[ReportManager] Browser Action [closeCurrentWindow] successfully performed. @16-02-2021 01:32:32.0104 AM
[ReportManager] Successfully created attachment [Browser Action Test Data - closeCurrentWindow - Actual Value] @16-02-2021 01:32:32.0105 A

################################################################################################################################################
Starting Execution:	[130 out of 134] test cases in the current suite
Test Method:		[testPackage01.Test_SelectedValue.multipleSelect]
################################################################################################################################################
[ReportManager] File Action [getAbsolutePath] successfully performed. With the following test data [Relative Folder Path: "target/downloadedFiles/"]. @16-02-2021 01:32:32.0117 AM
[ReportManager] Attempting to run remotely on: [Linux-64], [GoogleChrome], [http://localhost:4444/wd/hub], Headless Execution. @16-02-2021 01:32:32.0117 AM
[ReportManager] Successfully Opened [GoogleChrome]. @16-02-2021 01:32:32.0306 AM
[ReportManager] Target URL: [https://mdn.mozillademos.org/en-US/docs/Web/HTML/Element/select$samples/Advanced_select_with_multiple_features?revision=1612304] @16-02-2021 01:32:32.0315 AM
[ReportManager] Initial URL: [data:,] @16-02-2021 01:32:32.0352 AM
[ReportManager] Browser Action [navigateToURL] successfully performed. With the following test data [https://mdn.mozillademos.org/en-US/docs/Web/HTML/Element/select$samples/Advanced_select_with_multiple_features?revision=1612304]. @16-02-2021 01:32:32.0609 AM
[ReportManager] Element Action [select] successfully performed. With the following test data [Dog]. @16-02-2021 01:32:32.0820 AM
[ReportManager] Element Action [select] successfully performed. With the following test data [Cat]. @16-02-2021 01:32:33.0025 AM
[ReportManager] Element Action [getSelectedText] successfully performed. With the following test data [DogCat]. @16-02-2021 01:32:33.0149 AM
[ReportManager] DogCat @16-02-2021 01:32:33.0149 AM
[ReportManager] Element Action [getSelectedText] successfully performed. With the following test data [DogCat]. @16-02-2021 01:32:33.0307 AM
[ReportManager] Loaded Shared OpenCV @16-02-2021 01:32:33.0421 AM
[ReportManager] AssertElementAttribute PASSED; Expected [Value Should be 'DogCat' for the 'selectedText' attribute, element locator 'By.tagName: select'] and Actual [DogCat]. Comparison Type [EQUALS]. Validation Type [POSITIVE]. @16-02-2021 01:32:33.0480 AM
[ReportManager] Successfully created attachment [Screenshot - 1613439153421_multipleSelect_AssertElementAttribute_passed] @16-02-2021 01:32:33.0480 AM
[ReportManager] Successfully created attachment [Selenium WebDriver Logs - server] @16-02-2021 01:32:33.0518 AM
[ReportManager] Successfully created attachment [Selenium WebDriver Logs - performance] @16-02-2021 01:32:33.0525 AM
[ReportManager] Successfully created attachment [Selenium WebDriver Logs - driver] @16-02-2021 01:32:33.0605 AM
[ReportManager] Browser Action [closeCurrentWindow] successfully performed. @16-02-2021 01:32:33.0661 AM
[ReportManager] Successfully created attachment [Browser Action Test Data - closeCurrentWindow - Actual Value] @16-02-2021 01:32:33.0661 A

################################################################################################################################################
Starting Execution:	[131 out of 134] test cases in the current suite
Test Method:		[testPackage01.Test_SelectedValue.simpleSelect]
################################################################################################################################################
[ReportManager] File Action [getAbsolutePath] successfully performed. With the following test data [Relative Folder Path: "target/downloadedFiles/"]. @16-02-2021 01:32:33.0672 AM
[ReportManager] Attempting to run remotely on: [Linux-64], [GoogleChrome], [http://localhost:4444/wd/hub], Headless Execution. @16-02-2021 01:32:33.0672 AM
[ReportManager] Successfully Opened [GoogleChrome]. @16-02-2021 01:32:33.0853 AM
[ReportManager] Target URL: [https://mdn.mozillademos.org/en-US/docs/Web/HTML/Element/select$samples/Basic_select?revision=1612304] @16-02-2021 01:32:33.0862 AM
[ReportManager] Initial URL: [data:,] @16-02-2021 01:32:33.0898 AM
[ReportManager] Browser Action [navigateToURL] successfully performed. With the following test data [https://mdn.mozillademos.org/en-US/docs/Web/HTML/Element/select$samples/Basic_select?revision=1612304]. @16-02-2021 01:32:34.0100 AM
[ReportManager] Element Action [select] successfully performed. With the following test data [Third Value]. @16-02-2021 01:32:34.0376 AM
[ReportManager] Element Action [getSelectedText] successfully performed. With the following test data [Third Value]. @16-02-2021 01:32:34.0496 AM
[ReportManager] Third Value @16-02-2021 01:32:34.0496 AM
[ReportManager] Element Action [getSelectedText] successfully performed. With the following test data [Third Value]. @16-02-2021 01:32:34.0598 AM
[ReportManager] Loaded Shared OpenCV @16-02-2021 01:32:34.0715 AM
[ReportManager] AssertElementAttribute PASSED; Expected [Value Should be 'Third Value' for the 'selectedText' attribute, element locator 'By.tagName: select'] and Actual [Third Value]. Comparison Type [EQUALS]. Validation Type [POSITIVE]. @16-02-2021 01:32:34.0774 AM
[ReportManager] Successfully created attachment [Screenshot - 1613439154715_simpleSelect_AssertElementAttribute_passed] @16-02-2021 01:32:34.0774 AM
[ReportManager] Successfully created attachment [Selenium WebDriver Logs - server] @16-02-2021 01:32:34.0809 AM
[ReportManager] Successfully created attachment [Selenium WebDriver Logs - performance] @16-02-2021 01:32:34.0817 AM
[ReportManager] Successfully created attachment [Selenium WebDriver Logs - driver] @16-02-2021 01:32:34.0882 AM
[ReportManager] Browser Action [closeCurrentWindow] successfully performed. @16-02-2021 01:32:34.0952 AM
[ReportManager] Successfully created attachment [Browser Action Test Data - closeCurrentWindow - Actual Value] @16-02-2021 01:32:34.0952 A
[ReportManager] File Action [getAbsolutePath] successfully performed. With the following test data [Relative Folder Path: "target/downloadedFiles/"]. @16-02-2021 01:32:34.0961 AM
[ReportManager] Attempting to run remotely on: [Linux-64], [GoogleChrome], [http://localhost:4444/wd/hub], Headless Execution. @16-02-2021 01:32:34.0961 AM
[ReportManager] Successfully Opened [GoogleChrome]. @16-02-2021 01:32:35.0151 A

################################################################################################################################################
Starting Execution:	[132 out of 134] test cases in the current suite
Test Method:		[testPackage01.Test_clipboardActions.typeTextAndCopyPaste]
################################################################################################################################################
[ReportManager] Target URL: [https://www.google.com/ncr], and after redirection: [https://www.google.com] @16-02-2021 01:32:35.0167 AM
[ReportManager] Initial URL: [data:,] @16-02-2021 01:32:35.0203 AM
[ReportManager] Browser Action [navigateToURL] successfully performed. With the following test data [https://www.google.com/ncr]. @16-02-2021 01:32:35.0950 AM
[ReportManager] Element Action [type] successfully performed. With the following test data [FIRST]. @16-02-2021 01:32:36.0302 AM
[ReportManager] Element Action [clipboardActions] successfully performed. With the following test data [select all]. @16-02-2021 01:32:36.0379 AM
[ReportManager] Element Action [clipboardActions] successfully performed. With the following test data [copy]. @16-02-2021 01:32:36.0449 AM
[ReportManager] Element Action [clipboardActions] successfully performed. With the following test data [unselect]. @16-02-2021 01:32:36.0505 AM
[ReportManager] Element Action [clipboardActions] successfully performed. With the following test data [paste]. @16-02-2021 01:32:36.0577 AM
[ReportManager] Element Action [clipboardActions] successfully performed. With the following test data [select all]. @16-02-2021 01:32:36.0651 AM
[ReportManager] Element Action [clipboardActions] successfully performed. With the following test data [cut]. @16-02-2021 01:32:36.0738 AM
[ReportManager] Element Action [clipboardActions] successfully performed. With the following test data [paste]. @16-02-2021 01:32:36.0818 AM
[ReportManager] Element Action [clipboardActions] successfully performed. With the following test data [paste]. @16-02-2021 01:32:36.0898 A
[ReportManager] Successfully created attachment [Selenium WebDriver Logs - server] @16-02-2021 01:32:36.0975 AM
[ReportManager] Successfully created attachment [Selenium WebDriver Logs - performance] @16-02-2021 01:32:37.0031 AM
[ReportManager] Successfully created attachment [Selenium WebDriver Logs - driver] @16-02-2021 01:32:37.0156 AM
[ReportManager] Browser Action [closeCurrentWindow] successfully performed. @16-02-2021 01:32:37.0212 AM
[ReportManager] Successfully created attachment [Browser Action Test Data - closeCurrentWindow - Actual Value] @16-02-2021 01:32:37.0213 A
[ReportManager] File Action [getAbsolutePath] successfully performed. With the following test data [Relative Folder Path: "target/downloadedFiles/"]. @16-02-2021 01:32:37.0217 AM
[ReportManager] Attempting to run remotely on: [Linux-64], [GoogleChrome], [http://localhost:4444/wd/hub], Headless Execution. @16-02-2021 01:32:37.0217 AM
[ReportManager] Successfully Opened [GoogleChrome]. @16-02-2021 01:32:37.0423 A

################################################################################################################################################
Starting Execution:	[133 out of 134] test cases in the current suite
Test Method:		[testPackage01.Test_uploadFile.uploadFile_invisibleUploadInput]
################################################################################################################################################
[ReportManager] Target URL: [https://fineuploader.com/demos.html#gallery-view] @16-02-2021 01:32:37.0507 AM
[ReportManager] Initial URL: [data:,] @16-02-2021 01:32:37.0541 AM
[ReportManager] Browser Action [navigateToURL] successfully performed. With the following test data [https://fineuploader.com/demos.html#gallery-view]. @16-02-2021 01:32:39.0167 AM
[ReportManager] File Action [getAbsolutePath] successfully performed. With the following test data [Relative File Path: "src/main/resources/images/shaft.png"]. @16-02-2021 01:32:39.0167 AM
[ReportManager] Successfully created attachment [File Action Actual Result - Command Log] @16-02-2021 01:32:39.0167 AM
[ReportManager] Element Action [typeFileLocationForUpload] successfully performed. With the following test data [/home/runner/work/SHAFT_ENGINE/SHAFT_ENGINE/src/main/resources/images/shaft.png]. @16-02-2021 01:32:39.0331 AM
[ReportManager] Attempting to getAttribute [src] from elementLocator [By.xpath: //div[@id='fine-uploader-gallery']//div[@class='qq-thumbnail-wrapper']/img]. @16-02-2021 01:32:39.0332 AM
[ReportManager] Element Action [getAttribute] successfully performed. @16-02-2021 01:32:39.0437 AM
[ReportManager] Successfully created attachment [Element Action Test Data - getAttribute - Actual Value] @16-02-2021 01:32:39.0438 AM
[ReportManager] Loaded Shared OpenCV @16-02-2021 01:32:39.0570 AM
[ReportManager] AssertElementAttribute PASSED; Expected and Actual values are attached. Comparison Type [CONTAINS]. Validation Type [POSITIVE]. @16-02-2021 01:32:39.0637 AM
[ReportManager] Successfully created attachment [Validation Test Data - Expected Value] @16-02-2021 01:32:39.0637 AM
[ReportManager] Successfully created attachment [Validation Test Data - Actual Value] @16-02-2021 01:32:39.0637 AM
[ReportManager] Successfully created attachment [Screenshot - 1613439159570_uploadFile_invisibleUploadInput_AssertElementAttribute_passed] @16-02-2021 01:32:39.0638 A
[ReportManager] Successfully created attachment [Selenium WebDriver Logs - server] @16-02-2021 01:32:39.0718 AM
[ReportManager] Successfully created attachment [Selenium WebDriver Logs - performance] @16-02-2021 01:32:39.0791 AM
[ReportManager] Successfully created attachment [Selenium WebDriver Logs - browser] @16-02-2021 01:32:39.0799 AM
[ReportManager] Successfully created attachment [Selenium WebDriver Logs - driver] @16-02-2021 01:32:39.0928 AM
[ReportManager] Browser Action [closeCurrentWindow] successfully performed. @16-02-2021 01:32:39.0985 AM
[ReportManager] Successfully created attachment [Browser Action Test Data - closeCurrentWindow - Actual Value] @16-02-2021 01:32:39.0986 A
[ReportManager] File Action [getAbsolutePath] successfully performed. With the following test data [Relative Folder Path: "target/downloadedFiles/"]. @16-02-2021 01:32:39.0990 AM
[ReportManager] Attempting to run remotely on: [Linux-64], [GoogleChrome], [http://localhost:4444/wd/hub], Headless Execution. @16-02-2021 01:32:39.0990 AM
[ReportManager] Successfully Opened [GoogleChrome]. @16-02-2021 01:32:40.0193 A

################################################################################################################################################
Starting Execution:	[134 out of 134] test cases in the current suite
Test Method:		[testPackage01.Test_uploadFile.uploadFile_visibleUploadInput]
################################################################################################################################################
[ReportManager] Target URL: [http://demo.guru99.com/test/upload/] @16-02-2021 01:32:40.0204 AM
[ReportManager] Initial URL: [data:,] @16-02-2021 01:32:40.0245 AM
[ReportManager] Browser Action [navigateToURL] successfully performed. With the following test data [http://demo.guru99.com/test/upload/]. @16-02-2021 01:32:41.0409 AM
[ReportManager] File Action [getAbsolutePath] successfully performed. With the following test data [Relative File Path: "src/main/resources/images/shaft.png"]. @16-02-2021 01:32:41.0409 AM
[ReportManager] Successfully created attachment [File Action Actual Result - Command Log] @16-02-2021 01:32:41.0410 AM
[ReportManager] Element Action [typeFileLocationForUpload] successfully performed. With the following test data [/home/runner/work/SHAFT_ENGINE/SHAFT_ENGINE/src/main/resources/images/shaft.png]. @16-02-2021 01:32:41.0545 AM
[ReportManager] Element Action [click] successfully performed. With the following test data [on]. @16-02-2021 01:32:41.0849 AM
[ReportManager] Element Action [click] successfully performed. With the following test data [Submit File]. @16-02-2021 01:32:42.0134 AM
[ReportManager] Element Action [getText] successfully performed. With the following test data [1 file
has been successfully uploaded.]. @16-02-2021 01:32:42.0773 AM
[ReportManager] Loaded Shared OpenCV @16-02-2021 01:32:42.0898 AM
[ReportManager] AssertElementAttribute PASSED; Expected [Value Should be '1 file' for the 'Text' attribute, element locator 'By.id: res'] and Actual [1 file
has been successfully uploaded.]. Comparison Type [CONTAINS]. Validation Type [POSITIVE]. @16-02-2021 01:32:42.0970 AM
[ReportManager] Successfully created attachment [Screenshot - 1613439162898_uploadFile_visibleUploadInput_AssertElementAttribute_passed] @16-02-2021 01:32:42.0971 A
[ReportManager] Successfully created attachment [Selenium WebDriver Logs - server] @16-02-2021 01:32:43.0025 AM
[ReportManager] Successfully created attachment [Selenium WebDriver Logs - performance] @16-02-2021 01:32:43.0099 AM
[ReportManager] Successfully created attachment [Selenium WebDriver Logs - browser] @16-02-2021 01:32:43.0105 AM
[ReportManager] Successfully created attachment [Selenium WebDriver Logs - driver] @16-02-2021 01:32:43.0278 AM
[ReportManager] Browser Action [closeCurrentWindow] successfully performed. @16-02-2021 01:32:43.0334 AM
[ReportManager] Successfully created attachment [Browser Action Test Data - closeCurrentWindow - Actual Value] @16-02-2021 01:32:43.0335 A

################################################################################################################################################
Test Closure Activities
################################################################################################################################################
[ReportManager] Successfully created attachment [SHAFT Engine Logs - Execution log] @16-02-2021 01:32:43.0358 AM

################################################################################################################################################
This test run was powered by SHAFT Engine Version: [SHAFT Engine v5.1]
SHAFT Engine is licensed under the MIT License: [https://github.com/MohabMohie/SHAFT_ENGINE/blob/master/LICENSE].
################################################################################################################################################