################################################################################################################################################
Detected SHAFT Engine Version: [SHAFT Engine v5.1]
################################################################################################################################################
[ReportManager] File Action [getAbsolutePath] successfully performed. With the following test data [Relative Folder Path: "target/downloadedFiles/"]. @13-02-2021 17:19:52.0727 PM
[ReportManager] Attempting to run remotely on: [Linux-64], [GoogleChrome], [http://localhost:4444/wd/hub], Headless Execution. @13-02-2021 17:19:52.0786 PM
[ReportManager] Successfully Opened [GoogleChrome]. @13-02-2021 17:19:54.0398 P

################################################################################################################################################
Starting Execution:	[1 out of 134] test cases in the current suite
Test Method:		[unitTests.tests_element_elementActions.waitForElementToBePresent_false_expectedToFail]
################################################################################################################################################
[ReportManager] Target URL: [https://www.google.com/ncr], and after redirection: [www.google.com] @13-02-2021 17:19:54.0688 PM
[ReportManager] Initial URL: [data:,] @13-02-2021 17:19:54.0799 PM
[ReportManager] Browser Action [navigateToURL] successfully performed. With the following test data [https://www.google.com/ncr]. @13-02-2021 17:19:56.0260 PM
[ReportManager] Waiting for element to be present; elementLocator [By.id: hplogo], numberOfTries[1], stateOfPresence[false]... @13-02-2021 17:19:56.0273 PM
[ReportManager] Element Action [waitForElementToBePresent] successfully performed. With the following test data [waited up to (5) seconds, for the element's state of presence to be (false). Element locator (By.id: hplogo)]. @13-02-2021 17:19:56.0356 P
[ReportManager] Successfully created attachment [Selenium WebDriver Logs - server] @13-02-2021 17:19:56.0523 PM
[ReportManager] Successfully created attachment [Selenium WebDriver Logs - performance] @13-02-2021 17:19:56.0599 PM
[ReportManager] Successfully created attachment [Selenium WebDriver Logs - driver] @13-02-2021 17:19:56.0751 PM
[ReportManager] Browser Action [closeCurrentWindow] successfully performed. @13-02-2021 17:19:56.0815 PM
[ReportManager] Successfully created attachment [Browser Action Test Data - closeCurrentWindow - Actual Value] @13-02-2021 17:19:56.0820 P
[ReportManager] File Action [getAbsolutePath] successfully performed. With the following test data [Relative Folder Path: "target/downloadedFiles/"]. @13-02-2021 17:19:56.0832 PM
[ReportManager] Attempting to run remotely on: [Linux-64], [GoogleChrome], [http://localhost:4444/wd/hub], Headless Execution. @13-02-2021 17:19:56.0833 PM
[ReportManager] Successfully Opened [GoogleChrome]. @13-02-2021 17:19:57.0642 P

################################################################################################################################################
Starting Execution:	[2 out of 134] test cases in the current suite
Test Method:		[unitTests.tests_element_elementActions.waitForElementToBePresent_false_expectedToPass]
################################################################################################################################################
[ReportManager] Target URL: [https://www.google.com/ncr], and after redirection: [www.google.com] @13-02-2021 17:19:57.0710 PM
[ReportManager] Initial URL: [data:,] @13-02-2021 17:19:57.0790 PM
[ReportManager] Browser Action [navigateToURL] successfully performed. With the following test data [https://www.google.com/ncr]. @13-02-2021 17:19:58.0785 PM
[ReportManager] Waiting for element to be present; elementLocator [By.id: bla], numberOfTries[1], stateOfPresence[false]... @13-02-2021 17:19:58.0785 PM
[ReportManager] Element Action [waitForElementToBePresent] successfully performed. With the following test data [waited up to (5) seconds, for the element's state of presence to be (false). Element locator (By.id: bla)]. @13-02-2021 17:19:58.0843 P
[ReportManager] Successfully created attachment [Selenium WebDriver Logs - server] @13-02-2021 17:19:58.0958 PM
[ReportManager] Successfully created attachment [Selenium WebDriver Logs - performance] @13-02-2021 17:19:59.0023 PM
[ReportManager] Successfully created attachment [Selenium WebDriver Logs - driver] @13-02-2021 17:19:59.0134 PM
[ReportManager] Browser Action [closeCurrentWindow] successfully performed. @13-02-2021 17:19:59.0200 PM
[ReportManager] Successfully created attachment [Browser Action Test Data - closeCurrentWindow - Actual Value] @13-02-2021 17:19:59.0202 P
[ReportManager] File Action [getAbsolutePath] successfully performed. With the following test data [Relative Folder Path: "target/downloadedFiles/"]. @13-02-2021 17:19:59.0217 PM
[ReportManager] Attempting to run remotely on: [Linux-64], [GoogleChrome], [http://localhost:4444/wd/hub], Headless Execution. @13-02-2021 17:19:59.0217 PM
[ReportManager] Successfully Opened [GoogleChrome]. @13-02-2021 17:19:59.0821 P

################################################################################################################################################
Starting Execution:	[3 out of 134] test cases in the current suite
Test Method:		[unitTests.tests_element_elementActions.waitForElementToBePresent_moreThanOneElement_expectedToFail]
################################################################################################################################################
[ReportManager] Target URL: [https://www.google.com/ncr], and after redirection: [www.google.com] @13-02-2021 17:19:59.0867 PM
[ReportManager] Initial URL: [data:,] @13-02-2021 17:19:59.0956 PM
[ReportManager] Browser Action [navigateToURL] successfully performed. With the following test data [https://www.google.com/ncr]. @13-02-2021 17:20:00.0920 PM
[ReportManager] Waiting for element to be present; elementLocator [By.xpath: //*], numberOfTries[1], stateOfPresence[false]... @13-02-2021 17:20:00.0921 PM
[ReportManager] Element Action [waitForElementToBePresent] failed. With the following test data [waited up to (5) seconds, for the element's state of presence to be (false). Element locator (By.xpath: //*)]. @13-02-2021 17:20:01.0470 PM
[ReportManager] Successfully created attachment [Screenshot - 1613236801099_waitForElementToBePresent_moreThanOneElement_expectedToFail_waitForElementToBePresent_failed] @13-02-2021 17:20:01.0488 P
[ReportManager] Successfully created attachment [Selenium WebDriver Logs - server] @13-02-2021 17:20:01.0623 PM
[ReportManager] Successfully created attachment [Selenium WebDriver Logs - performance] @13-02-2021 17:20:01.0664 PM
[ReportManager] Successfully created attachment [Selenium WebDriver Logs - driver] @13-02-2021 17:20:01.0761 PM
[ReportManager] Browser Action [closeCurrentWindow] successfully performed. @13-02-2021 17:20:01.0824 PM
[ReportManager] Successfully created attachment [Browser Action Test Data - closeCurrentWindow - Actual Value] @13-02-2021 17:20:01.0825 P
[ReportManager] File Action [getAbsolutePath] successfully performed. With the following test data [Relative Folder Path: "target/downloadedFiles/"]. @13-02-2021 17:20:01.0836 PM
[ReportManager] Attempting to run remotely on: [Linux-64], [GoogleChrome], [http://localhost:4444/wd/hub], Headless Execution. @13-02-2021 17:20:01.0837 PM
[ReportManager] Successfully Opened [GoogleChrome]. @13-02-2021 17:20:02.0603 P

################################################################################################################################################
Starting Execution:	[4 out of 134] test cases in the current suite
Test Method:		[unitTests.tests_element_elementActions.waitForElementToBePresent_true_expectedToFail]
################################################################################################################################################
[ReportManager] Target URL: [https://www.google.com/ncr], and after redirection: [www.google.com] @13-02-2021 17:20:02.0643 PM
[ReportManager] Initial URL: [data:,] @13-02-2021 17:20:02.0712 PM
[ReportManager] Browser Action [navigateToURL] successfully performed. With the following test data [https://www.google.com/ncr]. @13-02-2021 17:20:03.0697 PM
[ReportManager] Waiting for element to be present; elementLocator [By.id: bla], numberOfTries[1], stateOfPresence[true]... @13-02-2021 17:20:03.0697 PM
[ReportManager] Element Action [waitForElementToBePresent] failed. With the following test data [waited up to (5) seconds, for the element's state of presence to be (true). Element locator (By.id: bla)]. @13-02-2021 17:20:04.0004 PM
[ReportManager] Successfully created attachment [Screenshot - 1613236803836_waitForElementToBePresent_true_expectedToFail_waitForElementToBePresent_failed] @13-02-2021 17:20:04.0007 P
[ReportManager] Successfully created attachment [Selenium WebDriver Logs - server] @13-02-2021 17:20:04.0139 PM
[ReportManager] Successfully created attachment [Selenium WebDriver Logs - performance] @13-02-2021 17:20:04.0188 PM
[ReportManager] Successfully created attachment [Selenium WebDriver Logs - driver] @13-02-2021 17:20:04.0282 PM
[ReportManager] Browser Action [closeCurrentWindow] successfully performed. @13-02-2021 17:20:04.0344 PM
[ReportManager] Successfully created attachment [Browser Action Test Data - closeCurrentWindow - Actual Value] @13-02-2021 17:20:04.0345 P
[ReportManager] File Action [getAbsolutePath] successfully performed. With the following test data [Relative Folder Path: "target/downloadedFiles/"]. @13-02-2021 17:20:04.0348 PM
[ReportManager] Attempting to run remotely on: [Linux-64], [GoogleChrome], [http://localhost:4444/wd/hub], Headless Execution. @13-02-2021 17:20:04.0348 PM
[ReportManager] Successfully Opened [GoogleChrome]. @13-02-2021 17:20:04.0626 P

################################################################################################################################################
Starting Execution:	[5 out of 134] test cases in the current suite
Test Method:		[unitTests.tests_element_elementActions.waitForElementToBePresent_true_expectedToPass]
################################################################################################################################################
[ReportManager] Target URL: [https://www.google.com/ncr], and after redirection: [www.google.com] @13-02-2021 17:20:04.0654 PM
[ReportManager] Initial URL: [data:,] @13-02-2021 17:20:04.0714 PM
[ReportManager] Browser Action [navigateToURL] successfully performed. With the following test data [https://www.google.com/ncr]. @13-02-2021 17:20:05.0672 PM
[ReportManager] Waiting for element to be present; elementLocator [By.id: hplogo], numberOfTries[1], stateOfPresence[true]... @13-02-2021 17:20:05.0672 PM
[ReportManager] Element Action [waitForElementToBePresent] failed. With the following test data [waited up to (5) seconds, for the element's state of presence to be (true). Element locator (By.id: hplogo)]. @13-02-2021 17:20:05.0904 PM
[ReportManager] Successfully created attachment [Screenshot - 1613236805816_waitForElementToBePresent_true_expectedToPass_waitForElementToBePresent_failed] @13-02-2021 17:20:05.0907 P
[ReportManager] Successfully created attachment [Selenium WebDriver Logs - server] @13-02-2021 17:20:06.0028 PM
[ReportManager] Successfully created attachment [Selenium WebDriver Logs - performance] @13-02-2021 17:20:06.0070 PM
[ReportManager] Successfully created attachment [Selenium WebDriver Logs - driver] @13-02-2021 17:20:06.0151 PM
[ReportManager] Browser Action [closeCurrentWindow] successfully performed. @13-02-2021 17:20:06.0211 PM
[ReportManager] Successfully created attachment [Browser Action Test Data - closeCurrentWindow - Actual Value] @13-02-2021 17:20:06.0212 P
[ReportManager] File Action [getAbsolutePath] successfully performed. With the following test data [Relative Folder Path: "target/downloadedFiles/"]. @13-02-2021 17:20:06.0216 PM
[ReportManager] Attempting to run remotely on: [Linux-64], [GoogleChrome], [http://localhost:4444/wd/hub], Headless Execution. @13-02-2021 17:20:06.0216 PM
[ReportManager] Successfully Opened [GoogleChrome]. @13-02-2021 17:20:06.0483 PM
[ReportManager] Target URL: [https://duckduckgo.com] @13-02-2021 17:20:06.0500 PM
[ReportManager] Initial URL: [data:,] @13-02-2021 17:20:06.0564 PM
[ReportManager] Browser Action [navigateToURL] successfully performed. With the following test data [https://duckduckgo.com]. @13-02-2021 17:20:07.0249 P

################################################################################################################################################
Starting Execution:	[6 out of 134] test cases in the current suite
Test Method:		[unitTests.tests_browserActions.fullScreenWindow]
################################################################################################################################################
[ReportManager] Initial Windows Size: 800x600 @13-02-2021 17:20:07.0310 PM
[ReportManager] Initial window size: (800, 600) @13-02-2021 17:20:07.0316 PM
[ReportManager] Window size after Toolkit: (1920, 1080) @13-02-2021 17:20:07.0557 PM
[ReportManager] Browser Action [maximizeWindow] successfully performed. With the following test data [New screen size is now: (1920, 1080)]. @13-02-2021 17:20:07.0568 PM
[ReportManager] Current Windows Size after fullScreen: 1920x1080 @13-02-2021 17:20:07.0590 PM
[ReportManager] Browser Action [fullScreenWindow] successfully performed. @13-02-2021 17:20:07.0630 PM
[ReportManager] Successfully created attachment [Browser Action Test Data - fullScreenWindow - Actual Value] @13-02-2021 17:20:07.0632 P
[ReportManager] Target URL: [https://duckduckgo.com] @13-02-2021 17:20:07.0639 PM
[ReportManager] Initial URL: [https://duckduckgo.com] @13-02-2021 17:20:07.0722 PM
[ReportManager] Browser Action [navigateToURL] successfully performed. With the following test data [https://duckduckgo.com]. @13-02-2021 17:20:08.0161 PM
[ReportManager] Successfully created attachment [Selenium WebDriver Logs - server] @13-02-2021 17:20:08.0231 PM
[ReportManager] Successfully created attachment [Selenium WebDriver Logs - performance] @13-02-2021 17:20:08.0342 PM
[ReportManager] Successfully created attachment [Selenium WebDriver Logs - driver] @13-02-2021 17:20:08.0541 PM
[ReportManager] Browser Action [closeCurrentWindow] successfully performed. @13-02-2021 17:20:08.0603 PM
[ReportManager] Successfully created attachment [Browser Action Test Data - closeCurrentWindow - Actual Value] @13-02-2021 17:20:08.0605 P
[ReportManager] File Action [getAbsolutePath] successfully performed. With the following test data [Relative Folder Path: "target/downloadedFiles/"]. @13-02-2021 17:20:08.0613 PM
[ReportManager] Attempting to run remotely on: [Linux-64], [GoogleChrome], [http://localhost:4444/wd/hub], Headless Execution. @13-02-2021 17:20:08.0613 PM
[ReportManager] Successfully Opened [GoogleChrome]. @13-02-2021 17:20:08.0941 PM
[ReportManager] Target URL: [https://duckduckgo.com] @13-02-2021 17:20:08.0962 PM
[ReportManager] Initial URL: [data:,] @13-02-2021 17:20:09.0016 PM
[ReportManager] Browser Action [navigateToURL] successfully performed. With the following test data [https://duckduckgo.com]. @13-02-2021 17:20:09.0614 P

################################################################################################################################################
Starting Execution:	[7 out of 134] test cases in the current suite
Test Method:		[unitTests.tests_browserActions.getCurrentURL]
################################################################################################################################################
[ReportManager] Browser Action [getCurrentURL] successfully performed. With the following test data [https://duckduckgo.com/]. @13-02-2021 17:20:09.0673 P
[ReportManager] Target URL: [https://duckduckgo.com] @13-02-2021 17:20:09.0675 PM
[ReportManager] Initial URL: [https://duckduckgo.com] @13-02-2021 17:20:09.0748 PM
[ReportManager] Browser Action [navigateToURL] successfully performed. With the following test data [https://duckduckgo.com]. @13-02-2021 17:20:10.0182 PM
[ReportManager] Successfully created attachment [Selenium WebDriver Logs - server] @13-02-2021 17:20:10.0257 PM
[ReportManager] Successfully created attachment [Selenium WebDriver Logs - performance] @13-02-2021 17:20:10.0367 PM
[ReportManager] Successfully created attachment [Selenium WebDriver Logs - driver] @13-02-2021 17:20:10.0551 PM
[ReportManager] Browser Action [closeCurrentWindow] successfully performed. @13-02-2021 17:20:10.0611 PM
[ReportManager] Successfully created attachment [Browser Action Test Data - closeCurrentWindow - Actual Value] @13-02-2021 17:20:10.0612 P
[ReportManager] File Action [getAbsolutePath] successfully performed. With the following test data [Relative Folder Path: "target/downloadedFiles/"]. @13-02-2021 17:20:10.0615 PM
[ReportManager] Attempting to run remotely on: [Linux-64], [GoogleChrome], [http://localhost:4444/wd/hub], Headless Execution. @13-02-2021 17:20:10.0616 PM
[ReportManager] Successfully Opened [GoogleChrome]. @13-02-2021 17:20:10.0891 PM
[ReportManager] Target URL: [https://duckduckgo.com] @13-02-2021 17:20:10.0911 PM
[ReportManager] Initial URL: [data:,] @13-02-2021 17:20:10.0983 PM
[ReportManager] Browser Action [navigateToURL] successfully performed. With the following test data [https://duckduckgo.com]. @13-02-2021 17:20:11.0560 P

################################################################################################################################################
Starting Execution:	[8 out of 134] test cases in the current suite
Test Method:		[unitTests.tests_browserActions.getCurrentWindowTitle]
################################################################################################################################################
[ReportManager] Browser Action [getCurrentWindowTitle] successfully performed. With the following test data [DuckDuckGo â€” Privacy, simplified.]. @13-02-2021 17:20:11.0613 P
[ReportManager] Target URL: [https://duckduckgo.com] @13-02-2021 17:20:11.0619 PM
[ReportManager] Initial URL: [https://duckduckgo.com] @13-02-2021 17:20:11.0704 PM
[ReportManager] Browser Action [navigateToURL] successfully performed. With the following test data [https://duckduckgo.com]. @13-02-2021 17:20:12.0130 PM
[ReportManager] Successfully created attachment [Selenium WebDriver Logs - server] @13-02-2021 17:20:12.0192 PM
[ReportManager] Successfully created attachment [Selenium WebDriver Logs - performance] @13-02-2021 17:20:12.0309 PM
[ReportManager] Successfully created attachment [Selenium WebDriver Logs - driver] @13-02-2021 17:20:12.0470 PM
[ReportManager] Browser Action [closeCurrentWindow] successfully performed. @13-02-2021 17:20:12.0529 PM
[ReportManager] Successfully created attachment [Browser Action Test Data - closeCurrentWindow - Actual Value] @13-02-2021 17:20:12.0540 P
[ReportManager] File Action [getAbsolutePath] successfully performed. With the following test data [Relative Folder Path: "target/downloadedFiles/"]. @13-02-2021 17:20:12.0545 PM
[ReportManager] Attempting to run remotely on: [Linux-64], [GoogleChrome], [http://localhost:4444/wd/hub], Headless Execution. @13-02-2021 17:20:12.0545 PM
[ReportManager] Successfully Opened [GoogleChrome]. @13-02-2021 17:20:12.0841 PM
[ReportManager] Target URL: [https://duckduckgo.com] @13-02-2021 17:20:12.0860 PM
[ReportManager] Initial URL: [data:,] @13-02-2021 17:20:12.0910 PM
[ReportManager] Browser Action [navigateToURL] successfully performed. With the following test data [https://duckduckgo.com]. @13-02-2021 17:20:13.0534 P

################################################################################################################################################
Starting Execution:	[9 out of 134] test cases in the current suite
Test Method:		[unitTests.tests_browserActions.getPageSource]
################################################################################################################################################
[ReportManager] Browser Action [getPageSource] successfully performed. @13-02-2021 17:20:13.0613 PM
[ReportManager] Successfully created attachment [Browser Action Test Data - getPageSource - Actual Value] @13-02-2021 17:20:13.0613 P
[ReportManager] Target URL: [https://duckduckgo.com] @13-02-2021 17:20:13.0617 PM
[ReportManager] Initial URL: [https://duckduckgo.com] @13-02-2021 17:20:13.0715 PM
[ReportManager] Browser Action [navigateToURL] successfully performed. With the following test data [https://duckduckgo.com]. @13-02-2021 17:20:14.0154 PM
[ReportManager] Successfully created attachment [Selenium WebDriver Logs - server] @13-02-2021 17:20:14.0218 PM
[ReportManager] Successfully created attachment [Selenium WebDriver Logs - performance] @13-02-2021 17:20:14.0335 PM
[ReportManager] Successfully created attachment [Selenium WebDriver Logs - driver] @13-02-2021 17:20:14.0482 PM
[ReportManager] Browser Action [closeCurrentWindow] successfully performed. @13-02-2021 17:20:14.0541 PM
[ReportManager] Successfully created attachment [Browser Action Test Data - closeCurrentWindow - Actual Value] @13-02-2021 17:20:14.0544 P
[ReportManager] File Action [getAbsolutePath] successfully performed. With the following test data [Relative Folder Path: "target/downloadedFiles/"]. @13-02-2021 17:20:14.0551 PM
[ReportManager] Attempting to run remotely on: [Linux-64], [GoogleChrome], [http://localhost:4444/wd/hub], Headless Execution. @13-02-2021 17:20:14.0552 PM
[ReportManager] Successfully Opened [GoogleChrome]. @13-02-2021 17:20:14.0813 PM
[ReportManager] Target URL: [https://duckduckgo.com] @13-02-2021 17:20:14.0827 PM
[ReportManager] Initial URL: [data:,] @13-02-2021 17:20:14.0882 PM
[ReportManager] Browser Action [navigateToURL] successfully performed. With the following test data [https://duckduckgo.com]. @13-02-2021 17:20:15.0479 P

################################################################################################################################################
Starting Execution:	[10 out of 134] test cases in the current suite
Test Method:		[unitTests.tests_browserActions.getWindowHandle]
################################################################################################################################################
[ReportManager] Browser Action [getWindowHandle] successfully performed. With the following test data [CDwindow-E115B7CA3B3097FA087E22242FC79096]. @13-02-2021 17:20:15.0534 P
[ReportManager] Target URL: [https://duckduckgo.com] @13-02-2021 17:20:15.0535 PM
[ReportManager] Initial URL: [https://duckduckgo.com] @13-02-2021 17:20:15.0615 PM
[ReportManager] Browser Action [navigateToURL] successfully performed. With the following test data [https://duckduckgo.com]. @13-02-2021 17:20:16.0026 PM
[ReportManager] Successfully created attachment [Selenium WebDriver Logs - server] @13-02-2021 17:20:16.0092 PM
[ReportManager] Successfully created attachment [Selenium WebDriver Logs - performance] @13-02-2021 17:20:16.0211 PM
[ReportManager] Successfully created attachment [Selenium WebDriver Logs - driver] @13-02-2021 17:20:16.0380 PM
[ReportManager] Browser Action [closeCurrentWindow] successfully performed. @13-02-2021 17:20:16.0439 PM
[ReportManager] Successfully created attachment [Browser Action Test Data - closeCurrentWindow - Actual Value] @13-02-2021 17:20:16.0440 P
[ReportManager] File Action [getAbsolutePath] successfully performed. With the following test data [Relative Folder Path: "target/downloadedFiles/"]. @13-02-2021 17:20:16.0443 PM
[ReportManager] Attempting to run remotely on: [Linux-64], [GoogleChrome], [http://localhost:4444/wd/hub], Headless Execution. @13-02-2021 17:20:16.0443 PM
[ReportManager] Successfully Opened [GoogleChrome]. @13-02-2021 17:20:16.0682 PM
[ReportManager] Target URL: [https://duckduckgo.com] @13-02-2021 17:20:16.0699 PM
[ReportManager] Initial URL: [data:,] @13-02-2021 17:20:16.0747 PM
[ReportManager] Browser Action [navigateToURL] successfully performed. With the following test data [https://duckduckgo.com]. @13-02-2021 17:20:17.0329 P

################################################################################################################################################
Starting Execution:	[11 out of 134] test cases in the current suite
Test Method:		[unitTests.tests_browserActions.getWindowPosition]
################################################################################################################################################
[ReportManager] Browser Action [getWindowPosition] successfully performed. With the following test data [(0, 0)]. @13-02-2021 17:20:17.0382 P
[ReportManager] Target URL: [https://duckduckgo.com] @13-02-2021 17:20:17.0384 PM
[ReportManager] Initial URL: [https://duckduckgo.com] @13-02-2021 17:20:17.0470 PM
[ReportManager] Browser Action [navigateToURL] successfully performed. With the following test data [https://duckduckgo.com]. @13-02-2021 17:20:17.0877 PM
[ReportManager] Successfully created attachment [Selenium WebDriver Logs - server] @13-02-2021 17:20:17.0952 PM
[ReportManager] Successfully created attachment [Selenium WebDriver Logs - performance] @13-02-2021 17:20:18.0077 PM
[ReportManager] Successfully created attachment [Selenium WebDriver Logs - driver] @13-02-2021 17:20:18.0230 PM
[ReportManager] Browser Action [closeCurrentWindow] successfully performed. @13-02-2021 17:20:18.0288 PM
[ReportManager] Successfully created attachment [Browser Action Test Data - closeCurrentWindow - Actual Value] @13-02-2021 17:20:18.0288 P
[ReportManager] File Action [getAbsolutePath] successfully performed. With the following test data [Relative Folder Path: "target/downloadedFiles/"]. @13-02-2021 17:20:18.0299 PM
[ReportManager] Attempting to run remotely on: [Linux-64], [GoogleChrome], [http://localhost:4444/wd/hub], Headless Execution. @13-02-2021 17:20:18.0299 PM
[ReportManager] Successfully Opened [GoogleChrome]. @13-02-2021 17:20:18.0557 PM
[ReportManager] Target URL: [https://duckduckgo.com] @13-02-2021 17:20:18.0575 PM
[ReportManager] Initial URL: [data:,] @13-02-2021 17:20:18.0635 PM
[ReportManager] Browser Action [navigateToURL] successfully performed. With the following test data [https://duckduckgo.com]. @13-02-2021 17:20:19.0231 P

################################################################################################################################################
Starting Execution:	[12 out of 134] test cases in the current suite
Test Method:		[unitTests.tests_browserActions.getWindowSize]
################################################################################################################################################
[ReportManager] Browser Action [getWindowSize] successfully performed. With the following test data [(800, 600)]. @13-02-2021 17:20:19.0334 P
[ReportManager] Target URL: [https://duckduckgo.com] @13-02-2021 17:20:19.0335 PM
[ReportManager] Initial URL: [https://duckduckgo.com] @13-02-2021 17:20:19.0416 PM
[ReportManager] Browser Action [navigateToURL] successfully performed. With the following test data [https://duckduckgo.com]. @13-02-2021 17:20:19.0798 PM
[ReportManager] Successfully created attachment [Selenium WebDriver Logs - server] @13-02-2021 17:20:19.0862 PM
[ReportManager] Successfully created attachment [Selenium WebDriver Logs - performance] @13-02-2021 17:20:19.0977 PM
[ReportManager] Successfully created attachment [Selenium WebDriver Logs - driver] @13-02-2021 17:20:20.0127 PM
[ReportManager] Browser Action [closeCurrentWindow] successfully performed. @13-02-2021 17:20:20.0187 PM
[ReportManager] Successfully created attachment [Browser Action Test Data - closeCurrentWindow - Actual Value] @13-02-2021 17:20:20.0188 P
[ReportManager] File Action [getAbsolutePath] successfully performed. With the following test data [Relative Folder Path: "target/downloadedFiles/"]. @13-02-2021 17:20:20.0190 PM
[ReportManager] Attempting to run remotely on: [Linux-64], [GoogleChrome], [http://localhost:4444/wd/hub], Headless Execution. @13-02-2021 17:20:20.0190 PM
[ReportManager] Successfully Opened [GoogleChrome]. @13-02-2021 17:20:20.0471 PM
[ReportManager] Target URL: [https://duckduckgo.com] @13-02-2021 17:20:20.0487 PM
[ReportManager] Initial URL: [data:,] @13-02-2021 17:20:20.0546 PM
[ReportManager] Browser Action [navigateToURL] successfully performed. With the following test data [https://duckduckgo.com]. @13-02-2021 17:20:21.0134 P

################################################################################################################################################
Starting Execution:	[13 out of 134] test cases in the current suite
Test Method:		[unitTests.tests_browserActions.maximizeWindow]
################################################################################################################################################
[ReportManager] Initial window size: (800, 600) @13-02-2021 17:20:21.0155 PM
[ReportManager] Window size after Toolkit: (1920, 1080) @13-02-2021 17:20:21.0380 PM
[ReportManager] Browser Action [maximizeWindow] successfully performed. With the following test data [New screen size is now: (1920, 1080)]. @13-02-2021 17:20:21.0384 P
[ReportManager] Target URL: [https://duckduckgo.com] @13-02-2021 17:20:21.0393 PM
[ReportManager] Initial URL: [https://duckduckgo.com] @13-02-2021 17:20:21.0474 PM
[ReportManager] Browser Action [navigateToURL] successfully performed. With the following test data [https://duckduckgo.com]. @13-02-2021 17:20:21.0850 PM
[ReportManager] Successfully created attachment [Selenium WebDriver Logs - server] @13-02-2021 17:20:21.0932 PM
[ReportManager] Successfully created attachment [Selenium WebDriver Logs - performance] @13-02-2021 17:20:22.0047 PM
[ReportManager] Successfully created attachment [Selenium WebDriver Logs - driver] @13-02-2021 17:20:22.0185 PM
[ReportManager] Browser Action [closeCurrentWindow] successfully performed. @13-02-2021 17:20:22.0242 PM
[ReportManager] Successfully created attachment [Browser Action Test Data - closeCurrentWindow - Actual Value] @13-02-2021 17:20:22.0243 P
[ReportManager] File Action [getAbsolutePath] successfully performed. With the following test data [Relative Folder Path: "target/downloadedFiles/"]. @13-02-2021 17:20:22.0246 PM
[ReportManager] Attempting to run remotely on: [Linux-64], [GoogleChrome], [http://localhost:4444/wd/hub], Headless Execution. @13-02-2021 17:20:22.0247 PM
[ReportManager] Successfully Opened [GoogleChrome]. @13-02-2021 17:20:22.0489 PM
[ReportManager] Target URL: [https://duckduckgo.com] @13-02-2021 17:20:22.0502 PM
[ReportManager] Initial URL: [data:,] @13-02-2021 17:20:22.0544 PM
[ReportManager] Browser Action [navigateToURL] successfully performed. With the following test data [https://duckduckgo.com]. @13-02-2021 17:20:23.0128 P

################################################################################################################################################
Starting Execution:	[14 out of 134] test cases in the current suite
Test Method:		[unitTests.tests_browserActions.navigateBack]
################################################################################################################################################
[ReportManager] Target URL: [https://www.google.com/ncr], and after redirection: [https://www.google.com] @13-02-2021 17:20:23.0140 PM
[ReportManager] Initial URL: [https://duckduckgo.com] @13-02-2021 17:20:23.0206 PM
[ReportManager] Browser Action [navigateToURL] successfully performed. With the following test data [https://www.google.com/ncr]. @13-02-2021 17:20:24.0187 PM
[ReportManager] Browser Action [navigateBack] successfully performed. With the following test data [https://duckduckgo.com/]. @13-02-2021 17:20:24.0595 PM
[ReportManager] Confirming that navigating back was successful... @13-02-2021 17:20:24.0600 PM
[ReportManager] Browser Action [getCurrentURL] successfully performed. With the following test data [https://duckduckgo.com/]. @13-02-2021 17:20:24.0660 PM
[ReportManager] AssertBrowserAttribute PASSED; Expected [Value Should be 'https://duckduckgo.com' for the 'CurrentUrl' attribute] and Actual [https://duckduckgo.com/]. Comparison Type [CONTAINS]. Validation Type [POSITIVE]. @13-02-2021 17:20:24.0666 P
[ReportManager] Target URL: [https://duckduckgo.com] @13-02-2021 17:20:24.0676 PM
[ReportManager] Initial URL: [https://duckduckgo.com] @13-02-2021 17:20:24.0762 PM
[ReportManager] Browser Action [navigateToURL] successfully performed. With the following test data [https://duckduckgo.com]. @13-02-2021 17:20:25.0165 PM
[ReportManager] Successfully created attachment [Selenium WebDriver Logs - server] @13-02-2021 17:20:25.0231 PM
[ReportManager] Successfully created attachment [Selenium WebDriver Logs - performance] @13-02-2021 17:20:25.0394 PM
[ReportManager] Successfully created attachment [Selenium WebDriver Logs - driver] @13-02-2021 17:20:25.0638 PM
[ReportManager] Browser Action [closeCurrentWindow] successfully performed. @13-02-2021 17:20:25.0695 PM
[ReportManager] Successfully created attachment [Browser Action Test Data - closeCurrentWindow - Actual Value] @13-02-2021 17:20:25.0696 P
[ReportManager] File Action [getAbsolutePath] successfully performed. With the following test data [Relative Folder Path: "target/downloadedFiles/"]. @13-02-2021 17:20:25.0699 PM
[ReportManager] Attempting to run remotely on: [Linux-64], [GoogleChrome], [http://localhost:4444/wd/hub], Headless Execution. @13-02-2021 17:20:25.0699 PM
[ReportManager] Successfully Opened [GoogleChrome]. @13-02-2021 17:20:25.0960 PM
[ReportManager] Target URL: [https://duckduckgo.com] @13-02-2021 17:20:25.0973 PM
[ReportManager] Initial URL: [data:,] @13-02-2021 17:20:26.0023 PM
[ReportManager] Browser Action [navigateToURL] successfully performed. With the following test data [https://duckduckgo.com]. @13-02-2021 17:20:26.0589 P

################################################################################################################################################
Starting Execution:	[15 out of 134] test cases in the current suite
Test Method:		[unitTests.tests_browserActions.navigateForward]
################################################################################################################################################
[ReportManager] Target URL: [https://www.google.com/ncr], and after redirection: [https://www.google.com] @13-02-2021 17:20:26.0599 PM
[ReportManager] Initial URL: [https://duckduckgo.com] @13-02-2021 17:20:26.0658 PM
[ReportManager] Browser Action [navigateToURL] successfully performed. With the following test data [https://www.google.com/ncr]. @13-02-2021 17:20:27.0488 PM
[ReportManager] Browser Action [navigateBack] successfully performed. With the following test data [https://duckduckgo.com/]. @13-02-2021 17:20:27.0891 PM
[ReportManager] Browser Action [navigateForward] successfully performed. With the following test data [https://www.google.com/]. @13-02-2021 17:20:28.0306 P
[ReportManager] Target URL: [https://duckduckgo.com] @13-02-2021 17:20:28.0308 PM
[ReportManager] Initial URL: [https://www.google.com] @13-02-2021 17:20:28.0396 PM
[ReportManager] Browser Action [navigateToURL] successfully performed. With the following test data [https://duckduckgo.com]. @13-02-2021 17:20:28.0915 PM
[ReportManager] Successfully created attachment [Selenium WebDriver Logs - server] @13-02-2021 17:20:28.0971 PM
[ReportManager] Successfully created attachment [Selenium WebDriver Logs - performance] @13-02-2021 17:20:29.0145 PM
[ReportManager] Successfully created attachment [Selenium WebDriver Logs - driver] @13-02-2021 17:20:29.0418 PM
[ReportManager] Browser Action [closeCurrentWindow] successfully performed. @13-02-2021 17:20:29.0475 PM
[ReportManager] Successfully created attachment [Browser Action Test Data - closeCurrentWindow - Actual Value] @13-02-2021 17:20:29.0476 P
[ReportManager] File Action [getAbsolutePath] successfully performed. With the following test data [Relative Folder Path: "target/downloadedFiles/"]. @13-02-2021 17:20:29.0478 PM
[ReportManager] Attempting to run remotely on: [Linux-64], [GoogleChrome], [http://localhost:4444/wd/hub], Headless Execution. @13-02-2021 17:20:29.0478 PM
[ReportManager] Successfully Opened [GoogleChrome]. @13-02-2021 17:20:29.0760 PM
[ReportManager] Target URL: [https://duckduckgo.com] @13-02-2021 17:20:29.0779 PM
[ReportManager] Initial URL: [data:,] @13-02-2021 17:20:29.0836 PM
[ReportManager] Browser Action [navigateToURL] successfully performed. With the following test data [https://duckduckgo.com]. @13-02-2021 17:20:30.0409 P

################################################################################################################################################
Starting Execution:	[16 out of 134] test cases in the current suite
Test Method:		[unitTests.tests_browserActions.navigateToURL]
################################################################################################################################################
[ReportManager] Target URL: [https://duckduckgo.com] @13-02-2021 17:20:30.0416 PM
[ReportManager] Initial URL: [https://duckduckgo.com] @13-02-2021 17:20:30.0479 PM
[ReportManager] Browser Action [navigateToURL] successfully performed. With the following test data [https://duckduckgo.com]. @13-02-2021 17:20:30.0837 P
[ReportManager] Target URL: [https://duckduckgo.com] @13-02-2021 17:20:30.0842 PM
[ReportManager] Initial URL: [https://duckduckgo.com] @13-02-2021 17:20:30.0913 PM
[ReportManager] Browser Action [navigateToURL] successfully performed. With the following test data [https://duckduckgo.com]. @13-02-2021 17:20:31.0227 PM
[ReportManager] Successfully created attachment [Selenium WebDriver Logs - server] @13-02-2021 17:20:31.0288 PM
[ReportManager] Successfully created attachment [Selenium WebDriver Logs - performance] @13-02-2021 17:20:31.0464 PM
[ReportManager] Successfully created attachment [Selenium WebDriver Logs - driver] @13-02-2021 17:20:31.0676 PM
[ReportManager] Browser Action [closeCurrentWindow] successfully performed. @13-02-2021 17:20:31.0734 PM
[ReportManager] Successfully created attachment [Browser Action Test Data - closeCurrentWindow - Actual Value] @13-02-2021 17:20:31.0735 P
[ReportManager] File Action [getAbsolutePath] successfully performed. With the following test data [Relative Folder Path: "target/downloadedFiles/"]. @13-02-2021 17:20:31.0740 PM
[ReportManager] Attempting to run remotely on: [Linux-64], [GoogleChrome], [http://localhost:4444/wd/hub], Headless Execution. @13-02-2021 17:20:31.0741 PM
[ReportManager] Successfully Opened [GoogleChrome]. @13-02-2021 17:20:32.0008 PM
[ReportManager] Target URL: [https://duckduckgo.com] @13-02-2021 17:20:32.0024 PM
[ReportManager] Initial URL: [data:,] @13-02-2021 17:20:32.0095 PM
[ReportManager] Browser Action [navigateToURL] successfully performed. With the following test data [https://duckduckgo.com]. @13-02-2021 17:20:32.0681 P

################################################################################################################################################
Starting Execution:	[17 out of 134] test cases in the current suite
Test Method:		[unitTests.tests_browserActions.navigateToURLWithRedirection]
################################################################################################################################################
[ReportManager] Target URL: [https://www.google.com/ncr], and after redirection: [https://www.google.com] @13-02-2021 17:20:32.0693 PM
[ReportManager] Initial URL: [https://duckduckgo.com] @13-02-2021 17:20:32.0766 PM
[ReportManager] Browser Action [navigateToURL] successfully performed. With the following test data [https://www.google.com/ncr]. @13-02-2021 17:20:33.0671 P
[ReportManager] Target URL: [https://duckduckgo.com] @13-02-2021 17:20:33.0673 PM
[ReportManager] Initial URL: [https://www.google.com] @13-02-2021 17:20:33.0769 PM
[ReportManager] Browser Action [navigateToURL] successfully performed. With the following test data [https://duckduckgo.com]. @13-02-2021 17:20:34.0308 PM
[ReportManager] Successfully created attachment [Selenium WebDriver Logs - server] @13-02-2021 17:20:34.0364 PM
[ReportManager] Successfully created attachment [Selenium WebDriver Logs - performance] @13-02-2021 17:20:34.0472 PM
[ReportManager] Successfully created attachment [Selenium WebDriver Logs - driver] @13-02-2021 17:20:34.0640 PM
[ReportManager] Browser Action [closeCurrentWindow] successfully performed. @13-02-2021 17:20:34.0700 PM
[ReportManager] Successfully created attachment [Browser Action Test Data - closeCurrentWindow - Actual Value] @13-02-2021 17:20:34.0701 P
[ReportManager] File Action [getAbsolutePath] successfully performed. With the following test data [Relative Folder Path: "target/downloadedFiles/"]. @13-02-2021 17:20:34.0703 PM
[ReportManager] Attempting to run remotely on: [Linux-64], [GoogleChrome], [http://localhost:4444/wd/hub], Headless Execution. @13-02-2021 17:20:34.0704 PM
[ReportManager] Successfully Opened [GoogleChrome]. @13-02-2021 17:20:34.0930 PM
[ReportManager] Target URL: [https://duckduckgo.com] @13-02-2021 17:20:34.0943 PM
[ReportManager] Initial URL: [data:,] @13-02-2021 17:20:35.0010 PM
[ReportManager] Browser Action [navigateToURL] successfully performed. With the following test data [https://duckduckgo.com]. @13-02-2021 17:20:35.0662 P

################################################################################################################################################
Starting Execution:	[18 out of 134] test cases in the current suite
Test Method:		[unitTests.tests_browserActions.refreshCurrentPage]
################################################################################################################################################
[ReportManager] Browser Action [refreshCurrentPage] successfully performed. @13-02-2021 17:20:35.0904 PM
[ReportManager] Successfully created attachment [Browser Action Test Data - refreshCurrentPage - Actual Value] @13-02-2021 17:20:35.0905 P
[ReportManager] Target URL: [https://duckduckgo.com] @13-02-2021 17:20:35.0907 PM
[ReportManager] Initial URL: [https://duckduckgo.com] @13-02-2021 17:20:35.0962 PM
[ReportManager] Browser Action [navigateToURL] successfully performed. With the following test data [https://duckduckgo.com]. @13-02-2021 17:20:36.0280 PM
[ReportManager] Successfully created attachment [Selenium WebDriver Logs - server] @13-02-2021 17:20:36.0332 PM
[ReportManager] Successfully created attachment [Selenium WebDriver Logs - performance] @13-02-2021 17:20:36.0512 PM
[ReportManager] Successfully created attachment [Selenium WebDriver Logs - driver] @13-02-2021 17:20:36.0707 PM
[ReportManager] Browser Action [closeCurrentWindow] successfully performed. @13-02-2021 17:20:36.0764 PM
[ReportManager] Successfully created attachment [Browser Action Test Data - closeCurrentWindow - Actual Value] @13-02-2021 17:20:36.0764 P
[ReportManager] File Action [getAbsolutePath] successfully performed. With the following test data [Relative Folder Path: "target/downloadedFiles/"]. @13-02-2021 17:20:36.0768 PM
[ReportManager] Attempting to run remotely on: [Linux-64], [GoogleChrome], [http://localhost:4444/wd/hub], Headless Execution. @13-02-2021 17:20:36.0770 PM
[ReportManager] Successfully Opened [GoogleChrome]. @13-02-2021 17:20:37.0023 PM
[ReportManager] Target URL: [https://duckduckgo.com] @13-02-2021 17:20:37.0035 PM
[ReportManager] Initial URL: [data:,] @13-02-2021 17:20:37.0084 PM
[ReportManager] Browser Action [navigateToURL] successfully performed. With the following test data [https://duckduckgo.com]. @13-02-2021 17:20:37.0643 P

################################################################################################################################################
Starting Execution:	[19 out of 134] test cases in the current suite
Test Method:		[unitTests.tests_browserActions.setWindowSize]
################################################################################################################################################
[ReportManager] Initial window size: (800, 600) @13-02-2021 17:20:37.0662 PM
[ReportManager] Window size after SWD: (1280, 720) @13-02-2021 17:20:37.0879 PM
[ReportManager] Browser Action [setWindowSize] successfully performed. With the following test data [New screen size is now: (1280, 720)]. @13-02-2021 17:20:37.0881 P
[ReportManager] Target URL: [https://duckduckgo.com] @13-02-2021 17:20:37.0882 PM
[ReportManager] Initial URL: [https://duckduckgo.com] @13-02-2021 17:20:37.0941 PM
[ReportManager] Browser Action [navigateToURL] successfully performed. With the following test data [https://duckduckgo.com]. @13-02-2021 17:20:38.0294 PM
[ReportManager] Successfully created attachment [Selenium WebDriver Logs - server] @13-02-2021 17:20:38.0352 PM
[ReportManager] Successfully created attachment [Selenium WebDriver Logs - performance] @13-02-2021 17:20:38.0462 PM
[ReportManager] Successfully created attachment [Selenium WebDriver Logs - driver] @13-02-2021 17:20:38.0601 PM
[ReportManager] Browser Action [closeCurrentWindow] successfully performed. @13-02-2021 17:20:38.0658 PM
[ReportManager] Successfully created attachment [Browser Action Test Data - closeCurrentWindow - Actual Value] @13-02-2021 17:20:38.0659 P

################################################################################################################################################
Starting Execution:	[20 out of 134] test cases in the current suite
Test Method:		[unitTests.tests_restActions.getPostsAndAssertBodyForSpecificTitle]
################################################################################################################################################
[ReportManager] Response status code: [200], status line: [HTTP/1.1 200 OK] @13-02-2021 17:20:40.0908 PM
[ReportManager] Evaluating the actual response status code against the expected one...... @13-02-2021 17:20:40.0909 PM
[ReportManager] AssertEquals PASSED; Expected [200] and Actual [200]. Comparison Type [EQUALS]. Validation Type [POSITIVE]. @13-02-2021 17:20:40.0913 PM
[ReportManager] API Action [performRequest] successfully performed. With the following test data [Request Type: "GET" | Target Status Code: "200" | Service URL: "https://jsonplaceholder.typicode.com/posts" | Content Type: "*/*" | Response Time: "921ms"]. @13-02-2021 17:20:42.0015 PM
[ReportManager] Successfully created attachment [API Response - JSON Body] @13-02-2021 17:20:42.0313 PM
[ReportManager] API Action [getResponseJSONValueAsList] successfully performed. @13-02-2021 17:20:42.0355 PM
[ReportManager] API Action [getResponseJSONValue] successfully performed. With the following test data [title]. @13-02-2021 17:20:42.0388 PM
[ReportManager] API Action [getResponseJSONValue] successfully performed. With the following test data [title]. @13-02-2021 17:20:42.0411 PM
[ReportManager] API Action [getResponseJSONValue] successfully performed. With the following test data [body]. @13-02-2021 17:20:42.0430 PM
[ReportManager] AssertEquals PASSED; Expected [qui neque nisi nulla] and Actual [est rerum tempore vitae
sequi sint nihil reprehenderit dolor beatae ea dolores neque
fugiat blanditiis voluptate porro vel nihil molestiae ut reiciendis
qui aperiam non debitis possimus qui neque nisi nulla]. Comparison Type [CONTAINS]. Validation Type [POSITIVE]. @13-02-2021 17:20:42.0431 PM
[ReportManager] API Action [getResponseJSONValue] successfully performed. With the following test data [title]. @13-02-2021 17:20:42.0449 PM
[ReportManager] API Action [getResponseJSONValue] successfully performed. With the following test data [title]. @13-02-2021 17:20:42.0465 PM
[ReportManager] API Action [getResponseJSONValue] successfully performed. With the following test data [title]. @13-02-2021 17:20:42.0484 PM
[ReportManager] API Action [getResponseJSONValue] successfully performed. With the following test data [title]. @13-02-2021 17:20:42.0499 PM
[ReportManager] API Action [getResponseJSONValue] successfully performed. With the following test data [title]. @13-02-2021 17:20:42.0516 PM
[ReportManager] API Action [getResponseJSONValue] successfully performed. With the following test data [title]. @13-02-2021 17:20:42.0533 PM
[ReportManager] API Action [getResponseJSONValue] successfully performed. With the following test data [title]. @13-02-2021 17:20:42.0552 PM
[ReportManager] API Action [getResponseJSONValue] successfully performed. With the following test data [title]. @13-02-2021 17:20:42.0568 PM
[ReportManager] API Action [getResponseJSONValue] successfully performed. With the following test data [title]. @13-02-2021 17:20:42.0586 PM
[ReportManager] API Action [getResponseJSONValue] successfully performed. With the following test data [title]. @13-02-2021 17:20:42.0601 PM
[ReportManager] API Action [getResponseJSONValue] successfully performed. With the following test data [title]. @13-02-2021 17:20:42.0619 PM
[ReportManager] API Action [getResponseJSONValue] successfully performed. With the following test data [title]. @13-02-2021 17:20:42.0646 PM
[ReportManager] API Action [getResponseJSONValue] successfully performed. With the following test data [title]. @13-02-2021 17:20:42.0660 PM
[ReportManager] API Action [getResponseJSONValue] successfully performed. With the following test data [title]. @13-02-2021 17:20:42.0674 PM
[ReportManager] API Action [getResponseJSONValue] successfully performed. With the following test data [title]. @13-02-2021 17:20:42.0692 PM
[ReportManager] API Action [getResponseJSONValue] successfully performed. With the following test data [title]. @13-02-2021 17:20:42.0707 PM
[ReportManager] API Action [getResponseJSONValue] successfully performed. With the following test data [title]. @13-02-2021 17:20:42.0717 PM
[ReportManager] API Action [getResponseJSONValue] successfully performed. With the following test data [title]. @13-02-2021 17:20:42.0734 PM
[ReportManager] API Action [getResponseJSONValue] successfully performed. With the following test data [title]. @13-02-2021 17:20:42.0746 PM
[ReportManager] API Action [getResponseJSONValue] successfully performed. With the following test data [title]. @13-02-2021 17:20:42.0763 PM
[ReportManager] API Action [getResponseJSONValue] successfully performed. With the following test data [title]. @13-02-2021 17:20:42.0786 PM
[ReportManager] API Action [getResponseJSONValue] successfully performed. With the following test data [title]. @13-02-2021 17:20:42.0814 PM
[ReportManager] API Action [getResponseJSONValue] successfully performed. With the following test data [title]. @13-02-2021 17:20:42.0833 PM
[ReportManager] API Action [getResponseJSONValue] successfully performed. With the following test data [title]. @13-02-2021 17:20:42.0850 PM
[ReportManager] API Action [getResponseJSONValue] successfully performed. With the following test data [title]. @13-02-2021 17:20:42.0864 PM
[ReportManager] API Action [getResponseJSONValue] successfully performed. With the following test data [title]. @13-02-2021 17:20:42.0879 PM
[ReportManager] API Action [getResponseJSONValue] successfully performed. With the following test data [title]. @13-02-2021 17:20:42.0890 PM
[ReportManager] API Action [getResponseJSONValue] successfully performed. With the following test data [title]. @13-02-2021 17:20:42.0910 PM
[ReportManager] API Action [getResponseJSONValue] successfully performed. With the following test data [title]. @13-02-2021 17:20:42.0921 PM
[ReportManager] API Action [getResponseJSONValue] successfully performed. With the following test data [title]. @13-02-2021 17:20:42.0932 PM
[ReportManager] API Action [getResponseJSONValue] successfully performed. With the following test data [title]. @13-02-2021 17:20:42.0943 PM
[ReportManager] API Action [getResponseJSONValue] successfully performed. With the following test data [title]. @13-02-2021 17:20:42.0955 PM
[ReportManager] API Action [getResponseJSONValue] successfully performed. With the following test data [title]. @13-02-2021 17:20:42.0972 PM
[ReportManager] API Action [getResponseJSONValue] successfully performed. With the following test data [title]. @13-02-2021 17:20:42.0984 PM
[ReportManager] API Action [getResponseJSONValue] successfully performed. With the following test data [title]. @13-02-2021 17:20:42.0996 PM
[ReportManager] API Action [getResponseJSONValue] successfully performed. With the following test data [title]. @13-02-2021 17:20:43.0006 PM
[ReportManager] API Action [getResponseJSONValue] successfully performed. With the following test data [title]. @13-02-2021 17:20:43.0020 PM
[ReportManager] API Action [getResponseJSONValue] successfully performed. With the following test data [title]. @13-02-2021 17:20:43.0034 PM
[ReportManager] API Action [getResponseJSONValue] successfully performed. With the following test data [title]. @13-02-2021 17:20:43.0058 PM
[ReportManager] API Action [getResponseJSONValue] successfully performed. With the following test data [title]. @13-02-2021 17:20:43.0069 PM
[ReportManager] API Action [getResponseJSONValue] successfully performed. With the following test data [title]. @13-02-2021 17:20:43.0080 PM
[ReportManager] API Action [getResponseJSONValue] successfully performed. With the following test data [title]. @13-02-2021 17:20:43.0092 PM
[ReportManager] API Action [getResponseJSONValue] successfully performed. With the following test data [title]. @13-02-2021 17:20:43.0101 PM
[ReportManager] API Action [getResponseJSONValue] successfully performed. With the following test data [title]. @13-02-2021 17:20:43.0118 PM
[ReportManager] API Action [getResponseJSONValue] successfully performed. With the following test data [title]. @13-02-2021 17:20:43.0130 PM
[ReportManager] API Action [getResponseJSONValue] successfully performed. With the following test data [title]. @13-02-2021 17:20:43.0144 PM
[ReportManager] API Action [getResponseJSONValue] successfully performed. With the following test data [title]. @13-02-2021 17:20:43.0157 PM
[ReportManager] API Action [getResponseJSONValue] successfully performed. With the following test data [title]. @13-02-2021 17:20:43.0175 PM
[ReportManager] API Action [getResponseJSONValue] successfully performed. With the following test data [title]. @13-02-2021 17:20:43.0187 PM
[ReportManager] API Action [getResponseJSONValue] successfully performed. With the following test data [title]. @13-02-2021 17:20:43.0199 PM
[ReportManager] API Action [getResponseJSONValue] successfully performed. With the following test data [title]. @13-02-2021 17:20:43.0210 PM
[ReportManager] API Action [getResponseJSONValue] successfully performed. With the following test data [title]. @13-02-2021 17:20:43.0220 PM
[ReportManager] API Action [getResponseJSONValue] successfully performed. With the following test data [title]. @13-02-2021 17:20:43.0237 PM
[ReportManager] API Action [getResponseJSONValue] successfully performed. With the following test data [title]. @13-02-2021 17:20:43.0248 PM
[ReportManager] API Action [getResponseJSONValue] successfully performed. With the following test data [title]. @13-02-2021 17:20:43.0266 PM
[ReportManager] API Action [getResponseJSONValue] successfully performed. With the following test data [title]. @13-02-2021 17:20:43.0278 PM
[ReportManager] API Action [getResponseJSONValue] successfully performed. With the following test data [title]. @13-02-2021 17:20:43.0285 PM
[ReportManager] API Action [getResponseJSONValue] successfully performed. With the following test data [title]. @13-02-2021 17:20:43.0316 PM
[ReportManager] API Action [getResponseJSONValue] successfully performed. With the following test data [title]. @13-02-2021 17:20:43.0328 PM
[ReportManager] API Action [getResponseJSONValue] successfully performed. With the following test data [title]. @13-02-2021 17:20:43.0374 PM
[ReportManager] API Action [getResponseJSONValue] successfully performed. With the following test data [title]. @13-02-2021 17:20:43.0385 PM
[ReportManager] API Action [getResponseJSONValue] successfully performed. With the following test data [title]. @13-02-2021 17:20:43.0397 PM
[ReportManager] API Action [getResponseJSONValue] successfully performed. With the following test data [title]. @13-02-2021 17:20:43.0415 PM
[ReportManager] API Action [getResponseJSONValue] successfully performed. With the following test data [title]. @13-02-2021 17:20:43.0425 PM
[ReportManager] API Action [getResponseJSONValue] successfully performed. With the following test data [title]. @13-02-2021 17:20:43.0444 PM
[ReportManager] API Action [getResponseJSONValue] successfully performed. With the following test data [title]. @13-02-2021 17:20:43.0469 PM
[ReportManager] API Action [getResponseJSONValue] successfully performed. With the following test data [title]. @13-02-2021 17:20:43.0482 PM
[ReportManager] API Action [getResponseJSONValue] successfully performed. With the following test data [title]. @13-02-2021 17:20:43.0493 PM
[ReportManager] API Action [getResponseJSONValue] successfully performed. With the following test data [title]. @13-02-2021 17:20:43.0506 PM
[ReportManager] API Action [getResponseJSONValue] successfully performed. With the following test data [title]. @13-02-2021 17:20:43.0515 PM
[ReportManager] API Action [getResponseJSONValue] successfully performed. With the following test data [title]. @13-02-2021 17:20:43.0523 PM
[ReportManager] API Action [getResponseJSONValue] successfully performed. With the following test data [title]. @13-02-2021 17:20:43.0537 PM
[ReportManager] API Action [getResponseJSONValue] successfully performed. With the following test data [title]. @13-02-2021 17:20:43.0556 PM
[ReportManager] API Action [getResponseJSONValue] successfully performed. With the following test data [title]. @13-02-2021 17:20:43.0568 PM
[ReportManager] API Action [getResponseJSONValue] successfully performed. With the following test data [title]. @13-02-2021 17:20:43.0576 PM
[ReportManager] API Action [getResponseJSONValue] successfully performed. With the following test data [title]. @13-02-2021 17:20:43.0583 PM
[ReportManager] API Action [getResponseJSONValue] successfully performed. With the following test data [title]. @13-02-2021 17:20:43.0591 PM
[ReportManager] API Action [getResponseJSONValue] successfully performed. With the following test data [title]. @13-02-2021 17:20:43.0605 PM
[ReportManager] API Action [getResponseJSONValue] successfully performed. With the following test data [title]. @13-02-2021 17:20:43.0614 PM
[ReportManager] API Action [getResponseJSONValue] successfully performed. With the following test data [title]. @13-02-2021 17:20:43.0629 PM
[ReportManager] API Action [getResponseJSONValue] successfully performed. With the following test data [title]. @13-02-2021 17:20:43.0639 PM
[ReportManager] API Action [getResponseJSONValue] successfully performed. With the following test data [title]. @13-02-2021 17:20:43.0648 PM
[ReportManager] API Action [getResponseJSONValue] successfully performed. With the following test data [title]. @13-02-2021 17:20:43.0657 PM
[ReportManager] API Action [getResponseJSONValue] successfully performed. With the following test data [title]. @13-02-2021 17:20:43.0666 PM
[ReportManager] API Action [getResponseJSONValue] successfully performed. With the following test data [title]. @13-02-2021 17:20:43.0676 PM
[ReportManager] API Action [getResponseJSONValue] successfully performed. With the following test data [title]. @13-02-2021 17:20:43.0684 PM
[ReportManager] API Action [getResponseJSONValue] successfully performed. With the following test data [title]. @13-02-2021 17:20:43.0693 PM
[ReportManager] API Action [getResponseJSONValue] successfully performed. With the following test data [title]. @13-02-2021 17:20:43.0708 PM
[ReportManager] API Action [getResponseJSONValue] successfully performed. With the following test data [title]. @13-02-2021 17:20:43.0720 PM
[ReportManager] API Action [getResponseJSONValue] successfully performed. With the following test data [title]. @13-02-2021 17:20:43.0728 PM
[ReportManager] API Action [getResponseJSONValue] successfully performed. With the following test data [title]. @13-02-2021 17:20:43.0736 PM
[ReportManager] API Action [getResponseJSONValue] successfully performed. With the following test data [title]. @13-02-2021 17:20:43.0745 PM
[ReportManager] API Action [getResponseJSONValue] successfully performed. With the following test data [title]. @13-02-2021 17:20:43.0753 PM
[ReportManager] API Action [getResponseJSONValue] successfully performed. With the following test data [title]. @13-02-2021 17:20:43.0760 PM
[ReportManager] API Action [getResponseJSONValue] successfully performed. With the following test data [title]. @13-02-2021 17:20:43.0768 PM
[ReportManager] API Action [getResponseJSONValue] successfully performed. With the following test data [title]. @13-02-2021 17:20:43.0777 PM
[ReportManager] API Action [getResponseJSONValue] successfully performed. With the following test data [title]. @13-02-2021 17:20:43.0785 PM
[ReportManager] API Action [getResponseJSONValue] successfully performed. With the following test data [title]. @13-02-2021 17:20:43.0799 P

################################################################################################################################################
Starting Execution:	[21 out of 134] test cases in the current suite
Test Method:		[unitTests.tests_restActions.validateUserEmail]
################################################################################################################################################
[ReportManager] Response status code: [200], status line: [HTTP/1.1 200 OK] @13-02-2021 17:20:43.0917 PM
[ReportManager] Evaluating the actual response status code against the expected one...... @13-02-2021 17:20:43.0917 PM
[ReportManager] AssertEquals PASSED; Expected [200] and Actual [200]. Comparison Type [EQUALS]. Validation Type [POSITIVE]. @13-02-2021 17:20:43.0917 PM
[ReportManager] API Action [performRequest] successfully performed. With the following test data [Request Type: "GET" | Target Status Code: "200" | Service URL: "https://jsonplaceholder.typicode.com/users" | Content Type: "*/*" | Response Time: "91ms"]. @13-02-2021 17:20:43.0945 PM
[ReportManager] Successfully created attachment [API Response - JSON Body] @13-02-2021 17:20:43.0946 PM
[ReportManager] AssertEquals PASSED; Expected and Actual values are attached. Comparison Type [CONTAINS]. Validation Type [POSITIVE]. @13-02-2021 17:20:43.0946 PM
[ReportManager] Successfully created attachment [Validation Test Data - Expected Value] @13-02-2021 17:20:43.0946 PM
[ReportManager] Successfully created attachment [Validation Test Data - Actual Value] @13-02-2021 17:20:43.0947 PM
[ReportManager] API Action [getResponseJSONValueAsList] successfully performed. With the following test data [$]. @13-02-2021 17:20:43.0956 PM
[ReportManager] API Action [getResponseJSONValue] successfully performed. With the following test data [name]. @13-02-2021 17:20:43.0965 PM
[ReportManager] API Action [getResponseJSONValue] successfully performed. With the following test data [email]. @13-02-2021 17:20:43.0973 PM
[ReportManager] AssertEquals PASSED; Expected [Sincere@april.biz] and Actual [Sincere@april.biz]. Comparison Type [EQUALS]. Validation Type [POSITIVE]. @13-02-2021 17:20:43.0973 PM
[ReportManager] API Action [getResponseJSONValue] successfully performed. With the following test data [name]. @13-02-2021 17:20:43.0983 PM
[ReportManager] API Action [getResponseJSONValue] successfully performed. With the following test data [name]. @13-02-2021 17:20:43.0992 PM
[ReportManager] API Action [getResponseJSONValue] successfully performed. With the following test data [name]. @13-02-2021 17:20:44.0008 PM
[ReportManager] API Action [getResponseJSONValue] successfully performed. With the following test data [name]. @13-02-2021 17:20:44.0024 PM
[ReportManager] API Action [getResponseJSONValue] successfully performed. With the following test data [name]. @13-02-2021 17:20:44.0032 PM
[ReportManager] API Action [getResponseJSONValue] successfully performed. With the following test data [name]. @13-02-2021 17:20:44.0040 PM
[ReportManager] API Action [getResponseJSONValue] successfully performed. With the following test data [name]. @13-02-2021 17:20:44.0050 PM
[ReportManager] API Action [getResponseJSONValue] successfully performed. With the following test data [name]. @13-02-2021 17:20:44.0060 PM
[ReportManager] API Action [getResponseJSONValue] successfully performed. With the following test data [name]. @13-02-2021 17:20:44.0072 P
[ReportManager] Successfully loaded the following test data file [src/test/resources/TestDataFiles/testSuite01/TestData.xlsx]. @13-02-2021 17:20:44.0955 PM
[ReportManager] Successfully created attachment [Test Data - Excel] @13-02-2021 17:20:44.0955 P

################################################################################################################################################
Starting Execution:	[22 out of 134] test cases in the current suite
Test Method:		[unitTests.tests_io_excelFileManager.getCellData_rowName_expectedToPass]
################################################################################################################################################
[ReportManager] testRowData. @13-02-2021 17:20:44.0972 P

################################################################################################################################################
Starting Execution:	[23 out of 134] test cases in the current suite
Test Method:		[unitTests.tests_validations_assertions.assertComparativeRelation_greaterThanOrEquals_false_equals_expectedToFail]
################################################################################################################################################
[ReportManager] AssertComparativeRelation FAILED; Expected [1] and Actual [1]. Comparison Type [GREATER_THAN_OR_EQUALS]. Validation Type [NEGATIVE]. @13-02-2021 17:20:44.0979 P

################################################################################################################################################
Starting Execution:	[24 out of 134] test cases in the current suite
Test Method:		[unitTests.tests_validations_assertions.assertComparativeRelation_greaterThanOrEquals_false_equals_expectedToPass]
################################################################################################################################################
[ReportManager] AssertComparativeRelation PASSED; Expected [2] and Actual [1]. Comparison Type [GREATER_THAN_OR_EQUALS]. Validation Type [NEGATIVE]. @13-02-2021 17:20:44.0984 P

################################################################################################################################################
Starting Execution:	[25 out of 134] test cases in the current suite
Test Method:		[unitTests.tests_validations_assertions.assertComparativeRelation_greaterThanOrEquals_false_greaterThan_expectedToFail]
################################################################################################################################################
[ReportManager] AssertComparativeRelation FAILED; Expected [1] and Actual [2]. Comparison Type [GREATER_THAN_OR_EQUALS]. Validation Type [NEGATIVE]. @13-02-2021 17:20:44.0988 P

################################################################################################################################################
Starting Execution:	[26 out of 134] test cases in the current suite
Test Method:		[unitTests.tests_validations_assertions.assertComparativeRelation_greaterThanOrEquals_false_greaterThan_expectedToPass]
################################################################################################################################################
[ReportManager] AssertComparativeRelation PASSED; Expected [2] and Actual [1]. Comparison Type [GREATER_THAN_OR_EQUALS]. Validation Type [NEGATIVE]. @13-02-2021 17:20:44.0993 P

################################################################################################################################################
Starting Execution:	[27 out of 134] test cases in the current suite
Test Method:		[unitTests.tests_validations_assertions.assertComparativeRelation_greaterThanOrEquals_true_equals_expectedToFail]
################################################################################################################################################
[ReportManager] AssertComparativeRelation FAILED; Expected [1] and Actual [0]. Comparison Type [GREATER_THAN_OR_EQUALS]. Validation Type [POSITIVE]. @13-02-2021 17:20:44.0997 P

################################################################################################################################################
Starting Execution:	[28 out of 134] test cases in the current suite
Test Method:		[unitTests.tests_validations_assertions.assertComparativeRelation_greaterThanOrEquals_true_equals_expectedToPass]
################################################################################################################################################
[ReportManager] AssertComparativeRelation PASSED; Expected [1] and Actual [1]. Comparison Type [GREATER_THAN_OR_EQUALS]. Validation Type [POSITIVE]. @13-02-2021 17:20:45.0003 P

################################################################################################################################################
Starting Execution:	[29 out of 134] test cases in the current suite
Test Method:		[unitTests.tests_validations_assertions.assertComparativeRelation_greaterThanOrEquals_true_greaterThan_expectedToFail]
################################################################################################################################################
[ReportManager] AssertComparativeRelation FAILED; Expected [2] and Actual [1]. Comparison Type [GREATER_THAN_OR_EQUALS]. Validation Type [POSITIVE]. @13-02-2021 17:20:45.0010 P

################################################################################################################################################
Starting Execution:	[30 out of 134] test cases in the current suite
Test Method:		[unitTests.tests_validations_assertions.assertComparativeRelation_greaterThanOrEquals_true_greaterThan_expectedToPass]
################################################################################################################################################
[ReportManager] AssertComparativeRelation PASSED; Expected [1] and Actual [2]. Comparison Type [GREATER_THAN_OR_EQUALS]. Validation Type [POSITIVE]. @13-02-2021 17:20:45.0015 P
[ReportManager] File Action [getAbsolutePath] successfully performed. With the following test data [Relative Folder Path: "target/downloadedFiles/"]. @13-02-2021 17:20:45.0019 PM
[ReportManager] Attempting to run remotely on: [Linux-64], [GoogleChrome], [http://localhost:4444/wd/hub], Headless Execution. @13-02-2021 17:20:45.0019 PM
[ReportManager] Successfully Opened [GoogleChrome]. @13-02-2021 17:20:45.0404 PM
[ReportManager] Target URL: [https://www.google.com/ncr], and after redirection: [www.google.com] @13-02-2021 17:20:45.0420 PM
[ReportManager] Initial URL: [data:,] @13-02-2021 17:20:45.0475 PM
[ReportManager] Browser Action [navigateToURL] successfully performed. With the following test data [https://www.google.com/ncr]. @13-02-2021 17:20:46.0395 P

################################################################################################################################################
Starting Execution:	[31 out of 134] test cases in the current suite
Test Method:		[unitTests.tests_validations_assertions.assertElementAttribute_false_caseInsensitiveComparison_expectedToFail]
################################################################################################################################################
[ReportManager] Element Action [type] successfully performed. With the following test data [AUTOMATION]. @13-02-2021 17:20:46.0994 PM
[ReportManager] Element Action [getText] successfully performed. With the following test data [AUTOMATION]. @13-02-2021 17:20:47.0127 PM
[ReportManager] Loaded Shared OpenCV @13-02-2021 17:20:47.0773 PM
[ReportManager] AssertElementAttribute FAILED; Expected [Value Should not be 'AutomaTion' for the 'text' attribute, element locator 'By.name: q'] and Actual [AUTOMATION]. Comparison Type [CASE_INSENSITIVE]. Validation Type [NEGATIVE]. @13-02-2021 17:20:47.0959 PM
[ReportManager] Successfully created attachment [Screenshot - 1613236847319_assertElementAttribute_false_caseInsensitiveComparison_expectedToFail_AssertElementAttribute_failed] @13-02-2021 17:20:47.0964 P
[ReportManager] Successfully created attachment [Selenium WebDriver Logs - server] @13-02-2021 17:20:48.0053 PM
[ReportManager] Successfully created attachment [Selenium WebDriver Logs - performance] @13-02-2021 17:20:48.0174 PM
[ReportManager] Successfully created attachment [Selenium WebDriver Logs - driver] @13-02-2021 17:20:48.0353 PM
[ReportManager] Browser Action [closeCurrentWindow] successfully performed. @13-02-2021 17:20:48.0416 PM
[ReportManager] Successfully created attachment [Browser Action Test Data - closeCurrentWindow - Actual Value] @13-02-2021 17:20:48.0418 P
[ReportManager] File Action [getAbsolutePath] successfully performed. With the following test data [Relative Folder Path: "target/downloadedFiles/"]. @13-02-2021 17:20:48.0420 PM
[ReportManager] Attempting to run remotely on: [Linux-64], [GoogleChrome], [http://localhost:4444/wd/hub], Headless Execution. @13-02-2021 17:20:48.0420 PM
[ReportManager] Successfully Opened [GoogleChrome]. @13-02-2021 17:20:48.0757 PM
[ReportManager] Target URL: [https://www.google.com/ncr], and after redirection: [www.google.com] @13-02-2021 17:20:48.0771 PM
[ReportManager] Initial URL: [data:,] @13-02-2021 17:20:48.0820 PM
[ReportManager] Browser Action [navigateToURL] successfully performed. With the following test data [https://www.google.com/ncr]. @13-02-2021 17:20:49.0656 P

################################################################################################################################################
Starting Execution:	[32 out of 134] test cases in the current suite
Test Method:		[unitTests.tests_validations_assertions.assertElementAttribute_false_caseInsensitiveComparison_expectedToPass]
################################################################################################################################################
[ReportManager] Element Action [type] successfully performed. With the following test data [AUTOMATION]. @13-02-2021 17:20:50.0295 PM
[ReportManager] Element Action [getText] successfully performed. With the following test data [AUTOMATION]. @13-02-2021 17:20:50.0416 PM
[ReportManager] Loaded Shared OpenCV @13-02-2021 17:20:50.0565 PM
[ReportManager] AssertElementAttribute PASSED; Expected [Value Should not be 'AutomaTion123' for the 'text' attribute, element locator 'By.name: q'] and Actual [AUTOMATION]. Comparison Type [CASE_INSENSITIVE]. Validation Type [NEGATIVE]. @13-02-2021 17:20:50.0689 PM
[ReportManager] Successfully created attachment [Screenshot - 1613236850565_assertElementAttribute_false_caseInsensitiveComparison_expectedToPass_AssertElementAttribute_passed] @13-02-2021 17:20:50.0691 P
[ReportManager] Successfully created attachment [Selenium WebDriver Logs - server] @13-02-2021 17:20:50.0793 PM
[ReportManager] Successfully created attachment [Selenium WebDriver Logs - performance] @13-02-2021 17:20:50.0942 PM
[ReportManager] Successfully created attachment [Selenium WebDriver Logs - driver] @13-02-2021 17:20:51.0111 PM
[ReportManager] Browser Action [closeCurrentWindow] successfully performed. @13-02-2021 17:20:51.0175 PM
[ReportManager] Successfully created attachment [Browser Action Test Data - closeCurrentWindow - Actual Value] @13-02-2021 17:20:51.0176 P
[ReportManager] File Action [getAbsolutePath] successfully performed. With the following test data [Relative Folder Path: "target/downloadedFiles/"]. @13-02-2021 17:20:51.0184 PM
[ReportManager] Attempting to run remotely on: [Linux-64], [GoogleChrome], [http://localhost:4444/wd/hub], Headless Execution. @13-02-2021 17:20:51.0184 PM
[ReportManager] Successfully Opened [GoogleChrome]. @13-02-2021 17:20:51.0525 PM
[ReportManager] Target URL: [https://www.google.com/ncr], and after redirection: [www.google.com] @13-02-2021 17:20:51.0541 PM
[ReportManager] Initial URL: [data:,] @13-02-2021 17:20:51.0592 PM
[ReportManager] Browser Action [navigateToURL] successfully performed. With the following test data [https://www.google.com/ncr]. @13-02-2021 17:20:52.0445 P

################################################################################################################################################
Starting Execution:	[33 out of 134] test cases in the current suite
Test Method:		[unitTests.tests_validations_assertions.assertElementAttribute_false_containsComparison_expectedToFail]
################################################################################################################################################
[ReportManager] Element Action [type] successfully performed. With the following test data [Automation123]. @13-02-2021 17:20:53.0073 PM
[ReportManager] Element Action [getText] successfully performed. With the following test data [Automation123]. @13-02-2021 17:20:53.0204 PM
[ReportManager] Loaded Shared OpenCV @13-02-2021 17:20:53.0342 PM
[ReportManager] AssertElementAttribute FAILED; Expected [Value Should not be 'Automation' for the 'text' attribute, element locator 'By.name: q'] and Actual [Automation123]. Comparison Type [CONTAINS]. Validation Type [NEGATIVE]. @13-02-2021 17:20:53.0412 PM
[ReportManager] Successfully created attachment [Screenshot - 1613236853342_assertElementAttribute_false_containsComparison_expectedToFail_AssertElementAttribute_failed] @13-02-2021 17:20:53.0413 P
[ReportManager] Successfully created attachment [Selenium WebDriver Logs - server] @13-02-2021 17:20:53.0512 PM
[ReportManager] Successfully created attachment [Selenium WebDriver Logs - performance] @13-02-2021 17:20:53.0598 PM
[ReportManager] Successfully created attachment [Selenium WebDriver Logs - driver] @13-02-2021 17:20:53.0735 PM
[ReportManager] Browser Action [closeCurrentWindow] successfully performed. @13-02-2021 17:20:53.0750 PM
[ReportManager] Successfully created attachment [Browser Action Test Data - closeCurrentWindow - Actual Value] @13-02-2021 17:20:53.0750 P
[ReportManager] File Action [getAbsolutePath] successfully performed. With the following test data [Relative Folder Path: "target/downloadedFiles/"]. @13-02-2021 17:20:53.0753 PM
[ReportManager] Attempting to run remotely on: [Linux-64], [GoogleChrome], [http://localhost:4444/wd/hub], Headless Execution. @13-02-2021 17:20:53.0753 PM
[ReportManager] Successfully Opened [GoogleChrome]. @13-02-2021 17:20:53.0993 PM
[ReportManager] Target URL: [https://www.google.com/ncr], and after redirection: [www.google.com] @13-02-2021 17:20:54.0009 PM
[ReportManager] Initial URL: [data:,] @13-02-2021 17:20:54.0052 PM
[ReportManager] Browser Action [navigateToURL] successfully performed. With the following test data [https://www.google.com/ncr]. @13-02-2021 17:20:54.0884 P

################################################################################################################################################
Starting Execution:	[34 out of 134] test cases in the current suite
Test Method:		[unitTests.tests_validations_assertions.assertElementAttribute_false_containsComparison_expectedToPass]
################################################################################################################################################
[ReportManager] Element Action [type] successfully performed. With the following test data [Automation123]. @13-02-2021 17:20:55.0508 PM
[ReportManager] Element Action [getText] successfully performed. With the following test data [Automation123]. @13-02-2021 17:20:55.0637 PM
[ReportManager] Loaded Shared OpenCV @13-02-2021 17:20:55.0774 PM
[ReportManager] AssertElementAttribute PASSED; Expected [Value Should not be 'Automation1234' for the 'text' attribute, element locator 'By.name: q'] and Actual [Automation123]. Comparison Type [CONTAINS]. Validation Type [NEGATIVE]. @13-02-2021 17:20:55.0851 PM
[ReportManager] Successfully created attachment [Screenshot - 1613236855774_assertElementAttribute_false_containsComparison_expectedToPass_AssertElementAttribute_passed] @13-02-2021 17:20:55.0852 P
[ReportManager] Successfully created attachment [Selenium WebDriver Logs - server] @13-02-2021 17:20:55.0944 PM
[ReportManager] Successfully created attachment [Selenium WebDriver Logs - performance] @13-02-2021 17:20:56.0025 PM
[ReportManager] Successfully created attachment [Selenium WebDriver Logs - driver] @13-02-2021 17:20:56.0152 PM
[ReportManager] Browser Action [closeCurrentWindow] successfully performed. @13-02-2021 17:20:56.0209 PM
[ReportManager] Successfully created attachment [Browser Action Test Data - closeCurrentWindow - Actual Value] @13-02-2021 17:20:56.0209 P
[ReportManager] File Action [getAbsolutePath] successfully performed. With the following test data [Relative Folder Path: "target/downloadedFiles/"]. @13-02-2021 17:20:56.0212 PM
[ReportManager] Attempting to run remotely on: [Linux-64], [GoogleChrome], [http://localhost:4444/wd/hub], Headless Execution. @13-02-2021 17:20:56.0212 PM
[ReportManager] Successfully Opened [GoogleChrome]. @13-02-2021 17:20:56.0452 PM
[ReportManager] Target URL: [https://www.google.com/ncr], and after redirection: [www.google.com] @13-02-2021 17:20:56.0462 PM
[ReportManager] Initial URL: [data:,] @13-02-2021 17:20:56.0511 PM
[ReportManager] Browser Action [navigateToURL] successfully performed. With the following test data [https://www.google.com/ncr]. @13-02-2021 17:20:57.0405 P

################################################################################################################################################
Starting Execution:	[35 out of 134] test cases in the current suite
Test Method:		[unitTests.tests_validations_assertions.assertElementAttribute_false_literalComparison_expectedToFail]
################################################################################################################################################
[ReportManager] Element Action [type] successfully performed. With the following test data [Automation!@#$%^&*()_+{}[]\';/.,]. @13-02-2021 17:20:58.0802 PM
[ReportManager] Element Action [getText] successfully performed. With the following test data [Automation!@#$%^&*()_+{}[]\';/.,]. @13-02-2021 17:20:58.0929 PM
[ReportManager] Loaded Shared OpenCV @13-02-2021 17:20:59.0086 PM
[ReportManager] AssertElementAttribute PASSED; Expected [Value Should not be 'Automation!@#$%^&*()_+{}[]\\';/.,' for the 'text' attribute, element locator 'By.name: q'] and Actual [Automation!@#$%^&*()_+{}[]\';/.,]. Comparison Type [EQUALS]. Validation Type [NEGATIVE]. @13-02-2021 17:20:59.0173 PM
[ReportManager] Successfully created attachment [Screenshot - 1613236859086_assertElementAttribute_false_literalComparison_expectedToFail_AssertElementAttribute_passed] @13-02-2021 17:20:59.0174 P
[ReportManager] Successfully created attachment [Selenium WebDriver Logs - server] @13-02-2021 17:20:59.0264 PM
[ReportManager] Successfully created attachment [Selenium WebDriver Logs - performance] @13-02-2021 17:20:59.0426 PM
[ReportManager] Successfully created attachment [Selenium WebDriver Logs - driver] @13-02-2021 17:20:59.0604 PM
[ReportManager] Browser Action [closeCurrentWindow] successfully performed. @13-02-2021 17:20:59.0661 PM
[ReportManager] Successfully created attachment [Browser Action Test Data - closeCurrentWindow - Actual Value] @13-02-2021 17:20:59.0663 P
[ReportManager] File Action [getAbsolutePath] successfully performed. With the following test data [Relative Folder Path: "target/downloadedFiles/"]. @13-02-2021 17:20:59.0665 PM
[ReportManager] Attempting to run remotely on: [Linux-64], [GoogleChrome], [http://localhost:4444/wd/hub], Headless Execution. @13-02-2021 17:20:59.0666 PM
[ReportManager] Successfully Opened [GoogleChrome]. @13-02-2021 17:20:59.0905 PM
[ReportManager] Target URL: [https://www.google.com/ncr], and after redirection: [www.google.com] @13-02-2021 17:20:59.0918 PM
[ReportManager] Initial URL: [data:,] @13-02-2021 17:20:59.0986 PM
[ReportManager] Browser Action [navigateToURL] successfully performed. With the following test data [https://www.google.com/ncr]. @13-02-2021 17:21:00.0835 P

################################################################################################################################################
Starting Execution:	[36 out of 134] test cases in the current suite
Test Method:		[unitTests.tests_validations_assertions.assertElementAttribute_false_literalComparison_expectedToPass]
################################################################################################################################################
[ReportManager] Element Action [type] successfully performed. With the following test data [Automation!@#$%^&*()_+{}[]\';/.,]. @13-02-2021 17:21:02.0196 PM
[ReportManager] Element Action [getText] successfully performed. With the following test data [Automation!@#$%^&*()_+{}[]\';/.,]. @13-02-2021 17:21:02.0316 PM
[ReportManager] Loaded Shared OpenCV @13-02-2021 17:21:02.0470 PM
[ReportManager] AssertElementAttribute PASSED; Expected [Value Should not be 'Automation' for the 'text' attribute, element locator 'By.name: q'] and Actual [Automation!@#$%^&*()_+{}[]\';/.,]. Comparison Type [EQUALS]. Validation Type [NEGATIVE]. @13-02-2021 17:21:02.0546 PM
[ReportManager] Successfully created attachment [Screenshot - 1613236862470_assertElementAttribute_false_literalComparison_expectedToPass_AssertElementAttribute_passed] @13-02-2021 17:21:02.0547 P
[ReportManager] Successfully created attachment [Selenium WebDriver Logs - server] @13-02-2021 17:21:02.0623 PM
[ReportManager] Successfully created attachment [Selenium WebDriver Logs - performance] @13-02-2021 17:21:02.0775 PM
[ReportManager] Successfully created attachment [Selenium WebDriver Logs - driver] @13-02-2021 17:21:02.0954 PM
[ReportManager] Browser Action [closeCurrentWindow] successfully performed. @13-02-2021 17:21:03.0013 PM
[ReportManager] Successfully created attachment [Browser Action Test Data - closeCurrentWindow - Actual Value] @13-02-2021 17:21:03.0014 P
[ReportManager] File Action [getAbsolutePath] successfully performed. With the following test data [Relative Folder Path: "target/downloadedFiles/"]. @13-02-2021 17:21:03.0016 PM
[ReportManager] Attempting to run remotely on: [Linux-64], [GoogleChrome], [http://localhost:4444/wd/hub], Headless Execution. @13-02-2021 17:21:03.0017 PM
[ReportManager] Successfully Opened [GoogleChrome]. @13-02-2021 17:21:03.0263 PM
[ReportManager] Target URL: [https://www.google.com/ncr], and after redirection: [www.google.com] @13-02-2021 17:21:03.0276 PM
[ReportManager] Initial URL: [data:,] @13-02-2021 17:21:03.0328 PM
[ReportManager] Browser Action [navigateToURL] successfully performed. With the following test data [https://www.google.com/ncr]. @13-02-2021 17:21:04.0206 P

################################################################################################################################################
Starting Execution:	[37 out of 134] test cases in the current suite
Test Method:		[unitTests.tests_validations_assertions.assertElementAttribute_false_regexComparison_expectedToFail]
################################################################################################################################################
[ReportManager] Element Action [type] successfully performed. With the following test data [Automation123]. @13-02-2021 17:21:04.0908 PM
[ReportManager] Element Action [getText] successfully performed. With the following test data [Automation123]. @13-02-2021 17:21:05.0047 PM
[ReportManager] Loaded Shared OpenCV @13-02-2021 17:21:05.0198 PM
[ReportManager] AssertElementAttribute FAILED; Expected [Value Should not be 'Automation.*' for the 'text' attribute, element locator 'By.name: q'] and Actual [Automation123]. Comparison Type [MATCHES]. Validation Type [NEGATIVE]. @13-02-2021 17:21:05.0277 PM
[ReportManager] Successfully created attachment [Screenshot - 1613236865198_assertElementAttribute_false_regexComparison_expectedToFail_AssertElementAttribute_failed] @13-02-2021 17:21:05.0278 P
[ReportManager] Successfully created attachment [Selenium WebDriver Logs - server] @13-02-2021 17:21:05.0359 PM
[ReportManager] Successfully created attachment [Selenium WebDriver Logs - performance] @13-02-2021 17:21:05.0453 PM
[ReportManager] Successfully created attachment [Selenium WebDriver Logs - driver] @13-02-2021 17:21:05.0595 PM
[ReportManager] Browser Action [closeCurrentWindow] successfully performed. @13-02-2021 17:21:05.0652 PM
[ReportManager] Successfully created attachment [Browser Action Test Data - closeCurrentWindow - Actual Value] @13-02-2021 17:21:05.0653 P
[ReportManager] File Action [getAbsolutePath] successfully performed. With the following test data [Relative Folder Path: "target/downloadedFiles/"]. @13-02-2021 17:21:05.0655 PM
[ReportManager] Attempting to run remotely on: [Linux-64], [GoogleChrome], [http://localhost:4444/wd/hub], Headless Execution. @13-02-2021 17:21:05.0655 PM
[ReportManager] Successfully Opened [GoogleChrome]. @13-02-2021 17:21:05.0903 PM
[ReportManager] Target URL: [https://www.google.com/ncr], and after redirection: [www.google.com] @13-02-2021 17:21:05.0917 PM
[ReportManager] Initial URL: [data:,] @13-02-2021 17:21:05.0968 PM
[ReportManager] Browser Action [navigateToURL] successfully performed. With the following test data [https://www.google.com/ncr]. @13-02-2021 17:21:06.0811 P

################################################################################################################################################
Starting Execution:	[38 out of 134] test cases in the current suite
Test Method:		[unitTests.tests_validations_assertions.assertElementAttribute_false_regexComparison_expectedToPass]
################################################################################################################################################
[ReportManager] Element Action [type] successfully performed. With the following test data [Automation123]. @13-02-2021 17:21:07.0454 PM
[ReportManager] Element Action [getText] successfully performed. With the following test data [Automation123]. @13-02-2021 17:21:07.0565 PM
[ReportManager] Loaded Shared OpenCV @13-02-2021 17:21:07.0735 PM
[ReportManager] AssertElementAttribute PASSED; Expected [Value Should not be 'Automation' for the 'text' attribute, element locator 'By.name: q'] and Actual [Automation123]. Comparison Type [MATCHES]. Validation Type [NEGATIVE]. @13-02-2021 17:21:07.0837 PM
[ReportManager] Successfully created attachment [Screenshot - 1613236867735_assertElementAttribute_false_regexComparison_expectedToPass_AssertElementAttribute_passed] @13-02-2021 17:21:07.0838 P
[ReportManager] Successfully created attachment [Selenium WebDriver Logs - server] @13-02-2021 17:21:07.0938 PM
[ReportManager] Successfully created attachment [Selenium WebDriver Logs - performance] @13-02-2021 17:21:08.0035 PM
[ReportManager] Successfully created attachment [Selenium WebDriver Logs - driver] @13-02-2021 17:21:08.0179 PM
[ReportManager] Browser Action [closeCurrentWindow] successfully performed. @13-02-2021 17:21:08.0238 PM
[ReportManager] Successfully created attachment [Browser Action Test Data - closeCurrentWindow - Actual Value] @13-02-2021 17:21:08.0239 P
[ReportManager] File Action [getAbsolutePath] successfully performed. With the following test data [Relative Folder Path: "target/downloadedFiles/"]. @13-02-2021 17:21:08.0242 PM
[ReportManager] Attempting to run remotely on: [Linux-64], [GoogleChrome], [http://localhost:4444/wd/hub], Headless Execution. @13-02-2021 17:21:08.0242 PM
[ReportManager] Successfully Opened [GoogleChrome]. @13-02-2021 17:21:08.0557 PM
[ReportManager] Target URL: [https://www.google.com/ncr], and after redirection: [www.google.com] @13-02-2021 17:21:08.0599 PM
[ReportManager] Initial URL: [data:,] @13-02-2021 17:21:08.0656 PM
[ReportManager] Browser Action [navigateToURL] successfully performed. With the following test data [https://www.google.com/ncr]. @13-02-2021 17:21:09.0611 P

################################################################################################################################################
Starting Execution:	[39 out of 134] test cases in the current suite
Test Method:		[unitTests.tests_validations_assertions.assertElementAttribute_true_caseInsensitiveComparison_expectedToFail]
################################################################################################################################################
[ReportManager] Element Action [type] successfully performed. With the following test data [AUTOMATION]. @13-02-2021 17:21:10.0183 PM
[ReportManager] Element Action [getText] successfully performed. With the following test data [AUTOMATION]. @13-02-2021 17:21:10.0303 PM
[ReportManager] Loaded Shared OpenCV @13-02-2021 17:21:10.0446 PM
[ReportManager] AssertElementAttribute FAILED; Expected [Value Should be 'AutomaTion123' for the 'text' attribute, element locator 'By.name: q'] and Actual [AUTOMATION]. Comparison Type [CASE_INSENSITIVE]. Validation Type [POSITIVE]. @13-02-2021 17:21:10.0522 PM
[ReportManager] Successfully created attachment [Screenshot - 1613236870446_assertElementAttribute_true_caseInsensitiveComparison_expectedToFail_AssertElementAttribute_failed] @13-02-2021 17:21:10.0524 P
[ReportManager] Successfully created attachment [Selenium WebDriver Logs - server] @13-02-2021 17:21:10.0599 PM
[ReportManager] Successfully created attachment [Selenium WebDriver Logs - performance] @13-02-2021 17:21:10.0672 PM
[ReportManager] Successfully created attachment [Selenium WebDriver Logs - driver] @13-02-2021 17:21:10.0782 PM
[ReportManager] Browser Action [closeCurrentWindow] successfully performed. @13-02-2021 17:21:10.0849 PM
[ReportManager] Successfully created attachment [Browser Action Test Data - closeCurrentWindow - Actual Value] @13-02-2021 17:21:10.0850 P
[ReportManager] File Action [getAbsolutePath] successfully performed. With the following test data [Relative Folder Path: "target/downloadedFiles/"]. @13-02-2021 17:21:10.0852 PM
[ReportManager] Attempting to run remotely on: [Linux-64], [GoogleChrome], [http://localhost:4444/wd/hub], Headless Execution. @13-02-2021 17:21:10.0852 PM
[ReportManager] Successfully Opened [GoogleChrome]. @13-02-2021 17:21:11.0078 PM
[ReportManager] Target URL: [https://www.google.com/ncr], and after redirection: [www.google.com] @13-02-2021 17:21:11.0092 PM
[ReportManager] Initial URL: [data:,] @13-02-2021 17:21:11.0134 PM
[ReportManager] Browser Action [navigateToURL] successfully performed. With the following test data [https://www.google.com/ncr]. @13-02-2021 17:21:11.0966 P

################################################################################################################################################
Starting Execution:	[40 out of 134] test cases in the current suite
Test Method:		[unitTests.tests_validations_assertions.assertElementAttribute_true_caseInsensitiveComparison_expectedToPass]
################################################################################################################################################
[ReportManager] Element Action [type] successfully performed. With the following test data [AUTOMATION]. @13-02-2021 17:21:12.0542 PM
[ReportManager] Element Action [getText] successfully performed. With the following test data [AUTOMATION]. @13-02-2021 17:21:12.0661 PM
[ReportManager] Loaded Shared OpenCV @13-02-2021 17:21:12.0797 PM
[ReportManager] AssertElementAttribute PASSED; Expected [Value Should be 'AutomaTion' for the 'text' attribute, element locator 'By.name: q'] and Actual [AUTOMATION]. Comparison Type [CASE_INSENSITIVE]. Validation Type [POSITIVE]. @13-02-2021 17:21:12.0872 PM
[ReportManager] Successfully created attachment [Screenshot - 1613236872797_assertElementAttribute_true_caseInsensitiveComparison_expectedToPass_AssertElementAttribute_passed] @13-02-2021 17:21:12.0873 P
[ReportManager] Successfully created attachment [Selenium WebDriver Logs - server] @13-02-2021 17:21:12.0955 PM
[ReportManager] Successfully created attachment [Selenium WebDriver Logs - performance] @13-02-2021 17:21:13.0024 PM
[ReportManager] Successfully created attachment [Selenium WebDriver Logs - driver] @13-02-2021 17:21:13.0152 PM
[ReportManager] Browser Action [closeCurrentWindow] successfully performed. @13-02-2021 17:21:13.0209 PM
[ReportManager] Successfully created attachment [Browser Action Test Data - closeCurrentWindow - Actual Value] @13-02-2021 17:21:13.0210 P
[ReportManager] File Action [getAbsolutePath] successfully performed. With the following test data [Relative Folder Path: "target/downloadedFiles/"]. @13-02-2021 17:21:13.0214 PM
[ReportManager] Attempting to run remotely on: [Linux-64], [GoogleChrome], [http://localhost:4444/wd/hub], Headless Execution. @13-02-2021 17:21:13.0214 PM
[ReportManager] Successfully Opened [GoogleChrome]. @13-02-2021 17:21:13.0450 PM
[ReportManager] Target URL: [https://www.google.com/ncr], and after redirection: [www.google.com] @13-02-2021 17:21:13.0461 PM
[ReportManager] Initial URL: [data:,] @13-02-2021 17:21:13.0502 PM
[ReportManager] Browser Action [navigateToURL] successfully performed. With the following test data [https://www.google.com/ncr]. @13-02-2021 17:21:14.0352 P

################################################################################################################################################
Starting Execution:	[41 out of 134] test cases in the current suite
Test Method:		[unitTests.tests_validations_assertions.assertElementAttribute_true_containsComparison_expectedToFail]
################################################################################################################################################
[ReportManager] Element Action [type] successfully performed. With the following test data [Automation123]. @13-02-2021 17:21:14.0946 PM
[ReportManager] Element Action [getText] successfully performed. With the following test data [Automation123]. @13-02-2021 17:21:15.0051 PM
[ReportManager] Loaded Shared OpenCV @13-02-2021 17:21:15.0174 PM
[ReportManager] AssertElementAttribute FAILED; Expected [Value Should be 'Automation1234' for the 'text' attribute, element locator 'By.name: q'] and Actual [Automation123]. Comparison Type [CONTAINS]. Validation Type [POSITIVE]. @13-02-2021 17:21:15.0247 PM
[ReportManager] Successfully created attachment [Screenshot - 1613236875174_assertElementAttribute_true_containsComparison_expectedToFail_AssertElementAttribute_failed] @13-02-2021 17:21:15.0247 P
[ReportManager] Successfully created attachment [Selenium WebDriver Logs - server] @13-02-2021 17:21:15.0342 PM
[ReportManager] Successfully created attachment [Selenium WebDriver Logs - performance] @13-02-2021 17:21:15.0427 PM
[ReportManager] Successfully created attachment [Selenium WebDriver Logs - driver] @13-02-2021 17:21:15.0549 PM
[ReportManager] Browser Action [closeCurrentWindow] successfully performed. @13-02-2021 17:21:15.0606 PM
[ReportManager] Successfully created attachment [Browser Action Test Data - closeCurrentWindow - Actual Value] @13-02-2021 17:21:15.0607 P
[ReportManager] File Action [getAbsolutePath] successfully performed. With the following test data [Relative Folder Path: "target/downloadedFiles/"]. @13-02-2021 17:21:15.0609 PM
[ReportManager] Attempting to run remotely on: [Linux-64], [GoogleChrome], [http://localhost:4444/wd/hub], Headless Execution. @13-02-2021 17:21:15.0609 PM
[ReportManager] Successfully Opened [GoogleChrome]. @13-02-2021 17:21:15.0849 PM
[ReportManager] Target URL: [https://www.google.com/ncr], and after redirection: [www.google.com] @13-02-2021 17:21:15.0867 PM
[ReportManager] Initial URL: [data:,] @13-02-2021 17:21:15.0911 PM
[ReportManager] Browser Action [navigateToURL] successfully performed. With the following test data [https://www.google.com/ncr]. @13-02-2021 17:21:16.0740 P

################################################################################################################################################
Starting Execution:	[42 out of 134] test cases in the current suite
Test Method:		[unitTests.tests_validations_assertions.assertElementAttribute_true_containsComparison_expectedToPass]
################################################################################################################################################
[ReportManager] Element Action [type] successfully performed. With the following test data [Automation123]. @13-02-2021 17:21:17.0327 PM
[ReportManager] Element Action [getText] successfully performed. With the following test data [Automation123]. @13-02-2021 17:21:17.0442 PM
[ReportManager] Loaded Shared OpenCV @13-02-2021 17:21:17.0573 PM
[ReportManager] AssertElementAttribute PASSED; Expected [Value Should be 'Automation' for the 'text' attribute, element locator 'By.name: q'] and Actual [Automation123]. Comparison Type [CONTAINS]. Validation Type [POSITIVE]. @13-02-2021 17:21:17.0644 PM
[ReportManager] Successfully created attachment [Screenshot - 1613236877572_assertElementAttribute_true_containsComparison_expectedToPass_AssertElementAttribute_passed] @13-02-2021 17:21:17.0645 P
[ReportManager] Successfully created attachment [Selenium WebDriver Logs - server] @13-02-2021 17:21:17.0726 PM
[ReportManager] Successfully created attachment [Selenium WebDriver Logs - performance] @13-02-2021 17:21:17.0813 PM
[ReportManager] Successfully created attachment [Selenium WebDriver Logs - driver] @13-02-2021 17:21:17.0948 PM
[ReportManager] Browser Action [closeCurrentWindow] successfully performed. @13-02-2021 17:21:18.0006 PM
[ReportManager] Successfully created attachment [Browser Action Test Data - closeCurrentWindow - Actual Value] @13-02-2021 17:21:18.0007 P
[ReportManager] File Action [getAbsolutePath] successfully performed. With the following test data [Relative Folder Path: "target/downloadedFiles/"]. @13-02-2021 17:21:18.0010 PM
[ReportManager] Attempting to run remotely on: [Linux-64], [GoogleChrome], [http://localhost:4444/wd/hub], Headless Execution. @13-02-2021 17:21:18.0011 PM
[ReportManager] Successfully Opened [GoogleChrome]. @13-02-2021 17:21:18.0248 PM
[ReportManager] Target URL: [https://www.google.com/ncr], and after redirection: [www.google.com] @13-02-2021 17:21:18.0268 PM
[ReportManager] Initial URL: [data:,] @13-02-2021 17:21:18.0314 PM
[ReportManager] Browser Action [navigateToURL] successfully performed. With the following test data [https://www.google.com/ncr]. @13-02-2021 17:21:19.0112 P

################################################################################################################################################
Starting Execution:	[43 out of 134] test cases in the current suite
Test Method:		[unitTests.tests_validations_assertions.assertElementAttribute_true_literalComparison_expectedToFail]
################################################################################################################################################
[ReportManager] Element Action [type] successfully performed. With the following test data [Automation!@#$%^&*()_+{}[]\';/.,]. @13-02-2021 17:21:20.0638 PM
[ReportManager] Element Action [getText] successfully performed. With the following test data [Automation!@#$%^&*()_+{}[]\';/.,]. @13-02-2021 17:21:20.0766 PM
[ReportManager] Loaded Shared OpenCV @13-02-2021 17:21:20.0917 PM
[ReportManager] AssertElementAttribute FAILED; Expected [Value Should be 'Automation' for the 'text' attribute, element locator 'By.name: q'] and Actual [Automation!@#$%^&*()_+{}[]\';/.,]. Comparison Type [EQUALS]. Validation Type [POSITIVE]. @13-02-2021 17:21:20.0990 PM
[ReportManager] Successfully created attachment [Screenshot - 1613236880917_assertElementAttribute_true_literalComparison_expectedToFail_AssertElementAttribute_failed] @13-02-2021 17:21:20.0991 P
[ReportManager] Successfully created attachment [Selenium WebDriver Logs - server] @13-02-2021 17:21:21.0070 PM
[ReportManager] Successfully created attachment [Selenium WebDriver Logs - performance] @13-02-2021 17:21:21.0233 PM
[ReportManager] Successfully created attachment [Selenium WebDriver Logs - driver] @13-02-2021 17:21:21.0435 PM
[ReportManager] Browser Action [closeCurrentWindow] successfully performed. @13-02-2021 17:21:21.0496 PM
[ReportManager] Successfully created attachment [Browser Action Test Data - closeCurrentWindow - Actual Value] @13-02-2021 17:21:21.0497 P
[ReportManager] File Action [getAbsolutePath] successfully performed. With the following test data [Relative Folder Path: "target/downloadedFiles/"]. @13-02-2021 17:21:21.0499 PM
[ReportManager] Attempting to run remotely on: [Linux-64], [GoogleChrome], [http://localhost:4444/wd/hub], Headless Execution. @13-02-2021 17:21:21.0499 PM
[ReportManager] Successfully Opened [GoogleChrome]. @13-02-2021 17:21:21.0758 PM
[ReportManager] Target URL: [https://www.google.com/ncr], and after redirection: [www.google.com] @13-02-2021 17:21:21.0771 PM
[ReportManager] Initial URL: [data:,] @13-02-2021 17:21:21.0814 PM
[ReportManager] Browser Action [navigateToURL] successfully performed. With the following test data [https://www.google.com/ncr]. @13-02-2021 17:21:22.0656 P

################################################################################################################################################
Starting Execution:	[44 out of 134] test cases in the current suite
Test Method:		[unitTests.tests_validations_assertions.assertElementAttribute_true_literalComparison_expectedToPass]
################################################################################################################################################
[ReportManager] Element Action [type] successfully performed. With the following test data [Automation!@#$%^&*()_+{}[]\';/.,]. @13-02-2021 17:21:24.0055 PM
[ReportManager] Element Action [getText] successfully performed. With the following test data [Automation!@#$%^&*()_+{}[]\';/.,]. @13-02-2021 17:21:24.0162 PM
[ReportManager] Loaded Shared OpenCV @13-02-2021 17:21:24.0299 PM
[ReportManager] AssertElementAttribute PASSED; Expected [Value Should be 'Automation!@#$%^&*()_+{}[]\';/.,' for the 'text' attribute, element locator 'By.name: q'] and Actual [Automation!@#$%^&*()_+{}[]\';/.,]. Comparison Type [EQUALS]. Validation Type [POSITIVE]. @13-02-2021 17:21:24.0372 PM
[ReportManager] Successfully created attachment [Screenshot - 1613236884299_assertElementAttribute_true_literalComparison_expectedToPass_AssertElementAttribute_passed] @13-02-2021 17:21:24.0374 P
[ReportManager] Successfully created attachment [Selenium WebDriver Logs - server] @13-02-2021 17:21:24.0450 PM
[ReportManager] Successfully created attachment [Selenium WebDriver Logs - performance] @13-02-2021 17:21:24.0614 PM
[ReportManager] Successfully created attachment [Selenium WebDriver Logs - driver] @13-02-2021 17:21:24.0797 PM
[ReportManager] Browser Action [closeCurrentWindow] successfully performed. @13-02-2021 17:21:24.0853 PM
[ReportManager] Successfully created attachment [Browser Action Test Data - closeCurrentWindow - Actual Value] @13-02-2021 17:21:24.0854 P
[ReportManager] File Action [getAbsolutePath] successfully performed. With the following test data [Relative Folder Path: "target/downloadedFiles/"]. @13-02-2021 17:21:24.0857 PM
[ReportManager] Attempting to run remotely on: [Linux-64], [GoogleChrome], [http://localhost:4444/wd/hub], Headless Execution. @13-02-2021 17:21:24.0858 PM
[ReportManager] Successfully Opened [GoogleChrome]. @13-02-2021 17:21:25.0083 PM
[ReportManager] Target URL: [https://www.google.com/ncr], and after redirection: [www.google.com] @13-02-2021 17:21:25.0097 PM
[ReportManager] Initial URL: [data:,] @13-02-2021 17:21:25.0140 PM
[ReportManager] Browser Action [navigateToURL] successfully performed. With the following test data [https://www.google.com/ncr]. @13-02-2021 17:21:26.0012 P

################################################################################################################################################
Starting Execution:	[45 out of 134] test cases in the current suite
Test Method:		[unitTests.tests_validations_assertions.assertElementAttribute_true_regexComparison_expectedToFail]
################################################################################################################################################
[ReportManager] Element Action [type] successfully performed. With the following test data [Automation123]. @13-02-2021 17:21:26.0623 PM
[ReportManager] Element Action [getText] successfully performed. With the following test data [Automation123]. @13-02-2021 17:21:26.0735 PM
[ReportManager] Loaded Shared OpenCV @13-02-2021 17:21:26.0855 PM
[ReportManager] AssertElementAttribute FAILED; Expected [Value Should be 'Automation' for the 'text' attribute, element locator 'By.name: q'] and Actual [Automation123]. Comparison Type [MATCHES]. Validation Type [POSITIVE]. @13-02-2021 17:21:26.0927 PM
[ReportManager] Successfully created attachment [Screenshot - 1613236886854_assertElementAttribute_true_regexComparison_expectedToFail_AssertElementAttribute_failed] @13-02-2021 17:21:26.0928 P
[ReportManager] Successfully created attachment [Selenium WebDriver Logs - server] @13-02-2021 17:21:27.0008 PM
[ReportManager] Successfully created attachment [Selenium WebDriver Logs - performance] @13-02-2021 17:21:27.0101 PM
[ReportManager] Successfully created attachment [Selenium WebDriver Logs - driver] @13-02-2021 17:21:27.0225 PM
[ReportManager] Browser Action [closeCurrentWindow] successfully performed. @13-02-2021 17:21:27.0281 PM
[ReportManager] Successfully created attachment [Browser Action Test Data - closeCurrentWindow - Actual Value] @13-02-2021 17:21:27.0282 P
[ReportManager] File Action [getAbsolutePath] successfully performed. With the following test data [Relative Folder Path: "target/downloadedFiles/"]. @13-02-2021 17:21:27.0284 PM
[ReportManager] Attempting to run remotely on: [Linux-64], [GoogleChrome], [http://localhost:4444/wd/hub], Headless Execution. @13-02-2021 17:21:27.0285 PM
[ReportManager] Successfully Opened [GoogleChrome]. @13-02-2021 17:21:27.0516 PM
[ReportManager] Target URL: [https://www.google.com/ncr], and after redirection: [www.google.com] @13-02-2021 17:21:27.0531 PM
[ReportManager] Initial URL: [data:,] @13-02-2021 17:21:27.0573 PM
[ReportManager] Browser Action [navigateToURL] successfully performed. With the following test data [https://www.google.com/ncr]. @13-02-2021 17:21:28.0394 P

################################################################################################################################################
Starting Execution:	[46 out of 134] test cases in the current suite
Test Method:		[unitTests.tests_validations_assertions.assertElementAttribute_true_regexComparison_expectedToPass]
################################################################################################################################################
[ReportManager] Element Action [type] successfully performed. With the following test data [Automation123]. @13-02-2021 17:21:29.0007 PM
[ReportManager] Element Action [getText] successfully performed. With the following test data [Automation123]. @13-02-2021 17:21:29.0125 PM
[ReportManager] Loaded Shared OpenCV @13-02-2021 17:21:29.0259 PM
[ReportManager] AssertElementAttribute PASSED; Expected [Value Should be 'Automation.*' for the 'text' attribute, element locator 'By.name: q'] and Actual [Automation123]. Comparison Type [MATCHES]. Validation Type [POSITIVE]. @13-02-2021 17:21:29.0333 PM
[ReportManager] Successfully created attachment [Screenshot - 1613236889259_assertElementAttribute_true_regexComparison_expectedToPass_AssertElementAttribute_passed] @13-02-2021 17:21:29.0334 P
[ReportManager] Successfully created attachment [Selenium WebDriver Logs - server] @13-02-2021 17:21:29.0414 PM
[ReportManager] Successfully created attachment [Selenium WebDriver Logs - performance] @13-02-2021 17:21:29.0502 PM
[ReportManager] Successfully created attachment [Selenium WebDriver Logs - driver] @13-02-2021 17:21:29.0631 PM
[ReportManager] Browser Action [closeCurrentWindow] successfully performed. @13-02-2021 17:21:29.0691 PM
[ReportManager] Successfully created attachment [Browser Action Test Data - closeCurrentWindow - Actual Value] @13-02-2021 17:21:29.0691 P
[ReportManager] File Action [getAbsolutePath] successfully performed. With the following test data [Relative Folder Path: "target/downloadedFiles/"]. @13-02-2021 17:21:29.0694 PM
[ReportManager] Attempting to run remotely on: [Linux-64], [GoogleChrome], [http://localhost:4444/wd/hub], Headless Execution. @13-02-2021 17:21:29.0694 PM
[ReportManager] Successfully Opened [GoogleChrome]. @13-02-2021 17:21:29.0941 PM
[ReportManager] Target URL: [https://www.google.com/ncr], and after redirection: [www.google.com] @13-02-2021 17:21:29.0954 PM
[ReportManager] Initial URL: [data:,] @13-02-2021 17:21:29.0994 PM
[ReportManager] Browser Action [navigateToURL] successfully performed. With the following test data [https://www.google.com/ncr]. @13-02-2021 17:21:30.0784 P

################################################################################################################################################
Starting Execution:	[47 out of 134] test cases in the current suite
Test Method:		[unitTests.tests_validations_assertions.assertElementExists_false_expectedToFail]
################################################################################################################################################
[ReportManager] AssertElementExists PASSED; Expected [Element Should not Exist, locator 'By.id: hplogo'] and Actual [Element Doesn't Exists]. Comparison Type [EQUALS]. Validation Type [NEGATIVE]. @13-02-2021 17:21:31.0003 PM
[ReportManager] Successfully created attachment [Screenshot - 1613236890939_assertElementExists_false_expectedToFail_AssertElementExists_passed] @13-02-2021 17:21:31.0003 P
[ReportManager] Successfully created attachment [Selenium WebDriver Logs - server] @13-02-2021 17:21:31.0080 PM
[ReportManager] Successfully created attachment [Selenium WebDriver Logs - performance] @13-02-2021 17:21:31.0116 PM
[ReportManager] Successfully created attachment [Selenium WebDriver Logs - driver] @13-02-2021 17:21:31.0191 PM
[ReportManager] Browser Action [closeCurrentWindow] successfully performed. @13-02-2021 17:21:31.0207 PM
[ReportManager] Successfully created attachment [Browser Action Test Data - closeCurrentWindow - Actual Value] @13-02-2021 17:21:31.0208 P
[ReportManager] File Action [getAbsolutePath] successfully performed. With the following test data [Relative Folder Path: "target/downloadedFiles/"]. @13-02-2021 17:21:31.0210 PM
[ReportManager] Attempting to run remotely on: [Linux-64], [GoogleChrome], [http://localhost:4444/wd/hub], Headless Execution. @13-02-2021 17:21:31.0210 PM
[ReportManager] Successfully Opened [GoogleChrome]. @13-02-2021 17:21:31.0462 PM
[ReportManager] Target URL: [https://www.google.com/ncr], and after redirection: [www.google.com] @13-02-2021 17:21:31.0474 PM
[ReportManager] Initial URL: [data:,] @13-02-2021 17:21:31.0516 PM
[ReportManager] Browser Action [navigateToURL] successfully performed. With the following test data [https://www.google.com/ncr]. @13-02-2021 17:21:32.0349 P

################################################################################################################################################
Starting Execution:	[48 out of 134] test cases in the current suite
Test Method:		[unitTests.tests_validations_assertions.assertElementExists_false_expectedToPass]
################################################################################################################################################
[ReportManager] AssertElementExists PASSED; Expected [Element Should not Exist, locator 'By.id: fakeElement'] and Actual [Element Doesn't Exists]. Comparison Type [EQUALS]. Validation Type [NEGATIVE]. @13-02-2021 17:21:32.0566 PM
[ReportManager] Successfully created attachment [Screenshot - 1613236892508_assertElementExists_false_expectedToPass_AssertElementExists_passed] @13-02-2021 17:21:32.0567 P
[ReportManager] Successfully created attachment [Selenium WebDriver Logs - server] @13-02-2021 17:21:32.0644 PM
[ReportManager] Successfully created attachment [Selenium WebDriver Logs - performance] @13-02-2021 17:21:32.0677 PM
[ReportManager] Successfully created attachment [Selenium WebDriver Logs - driver] @13-02-2021 17:21:32.0748 PM
[ReportManager] Browser Action [closeCurrentWindow] successfully performed. @13-02-2021 17:21:32.0805 PM
[ReportManager] Successfully created attachment [Browser Action Test Data - closeCurrentWindow - Actual Value] @13-02-2021 17:21:32.0806 P
[ReportManager] File Action [getAbsolutePath] successfully performed. With the following test data [Relative Folder Path: "target/downloadedFiles/"]. @13-02-2021 17:21:32.0809 PM
[ReportManager] Attempting to run remotely on: [Linux-64], [GoogleChrome], [http://localhost:4444/wd/hub], Headless Execution. @13-02-2021 17:21:32.0809 PM
[ReportManager] Successfully Opened [GoogleChrome]. @13-02-2021 17:21:33.0048 PM
[ReportManager] Target URL: [https://www.google.com/ncr], and after redirection: [www.google.com] @13-02-2021 17:21:33.0077 PM
[ReportManager] Initial URL: [data:,] @13-02-2021 17:21:33.0121 PM
[ReportManager] Browser Action [navigateToURL] successfully performed. With the following test data [https://www.google.com/ncr]. @13-02-2021 17:21:33.0950 P

################################################################################################################################################
Starting Execution:	[49 out of 134] test cases in the current suite
Test Method:		[unitTests.tests_validations_assertions.assertElementExists_false_multipleElementsFound_expectedToFail]
################################################################################################################################################
[ReportManager] AssertElementExists FAILED; Expected [Element Should not Exist, locator 'By.xpath: //div'] and Actual [Element Exists but is not unique]. Comparison Type [EQUALS]. Validation Type [NEGATIVE]. @13-02-2021 17:21:34.0165 PM
[ReportManager] Successfully created attachment [Screenshot - 1613236894107_assertElementExists_false_multipleElementsFound_expectedToFail_AssertElementExists_failed] @13-02-2021 17:21:34.0166 P
[ReportManager] Successfully created attachment [Selenium WebDriver Logs - server] @13-02-2021 17:21:34.0252 PM
[ReportManager] Successfully created attachment [Selenium WebDriver Logs - performance] @13-02-2021 17:21:34.0284 PM
[ReportManager] Successfully created attachment [Selenium WebDriver Logs - driver] @13-02-2021 17:21:34.0356 PM
[ReportManager] Browser Action [closeCurrentWindow] successfully performed. @13-02-2021 17:21:34.0412 PM
[ReportManager] Successfully created attachment [Browser Action Test Data - closeCurrentWindow - Actual Value] @13-02-2021 17:21:34.0413 P
[ReportManager] File Action [getAbsolutePath] successfully performed. With the following test data [Relative Folder Path: "target/downloadedFiles/"]. @13-02-2021 17:21:34.0416 PM
[ReportManager] Attempting to run remotely on: [Linux-64], [GoogleChrome], [http://localhost:4444/wd/hub], Headless Execution. @13-02-2021 17:21:34.0417 PM
[ReportManager] Successfully Opened [GoogleChrome]. @13-02-2021 17:21:34.0679 PM
[ReportManager] Target URL: [https://www.google.com/ncr], and after redirection: [www.google.com] @13-02-2021 17:21:34.0690 PM
[ReportManager] Initial URL: [data:,] @13-02-2021 17:21:34.0730 PM
[ReportManager] Browser Action [navigateToURL] successfully performed. With the following test data [https://www.google.com/ncr]. @13-02-2021 17:21:35.0577 P

################################################################################################################################################
Starting Execution:	[50 out of 134] test cases in the current suite
Test Method:		[unitTests.tests_validations_assertions.assertElementExists_true_expectedToFail]
################################################################################################################################################
[ReportManager] AssertElementExists FAILED; Expected [Element Should Exist, locator 'By.id: fakeElement'] and Actual [Element Doesn't Exists]. Comparison Type [EQUALS]. Validation Type [POSITIVE]. @13-02-2021 17:21:35.0790 PM
[ReportManager] Successfully created attachment [Screenshot - 1613236895728_assertElementExists_true_expectedToFail_AssertElementExists_failed] @13-02-2021 17:21:35.0791 P
[ReportManager] Successfully created attachment [Selenium WebDriver Logs - server] @13-02-2021 17:21:35.0877 PM
[ReportManager] Successfully created attachment [Selenium WebDriver Logs - performance] @13-02-2021 17:21:35.0913 PM
[ReportManager] Successfully created attachment [Selenium WebDriver Logs - driver] @13-02-2021 17:21:35.0985 PM
[ReportManager] Browser Action [closeCurrentWindow] successfully performed. @13-02-2021 17:21:36.0041 PM
[ReportManager] Successfully created attachment [Browser Action Test Data - closeCurrentWindow - Actual Value] @13-02-2021 17:21:36.0041 P
[ReportManager] File Action [getAbsolutePath] successfully performed. With the following test data [Relative Folder Path: "target/downloadedFiles/"]. @13-02-2021 17:21:36.0045 PM
[ReportManager] Attempting to run remotely on: [Linux-64], [GoogleChrome], [http://localhost:4444/wd/hub], Headless Execution. @13-02-2021 17:21:36.0046 PM
[ReportManager] Successfully Opened [GoogleChrome]. @13-02-2021 17:21:36.0269 PM
[ReportManager] Target URL: [https://www.google.com/ncr], and after redirection: [www.google.com] @13-02-2021 17:21:36.0279 PM
[ReportManager] Initial URL: [data:,] @13-02-2021 17:21:36.0321 PM
[ReportManager] Browser Action [navigateToURL] successfully performed. With the following test data [https://www.google.com/ncr]. @13-02-2021 17:21:37.0100 P

################################################################################################################################################
Starting Execution:	[51 out of 134] test cases in the current suite
Test Method:		[unitTests.tests_validations_assertions.assertElementExists_true_expectedToPass]
################################################################################################################################################
[ReportManager] AssertElementExists FAILED; Expected [Element Should Exist, locator 'By.id: hplogo'] and Actual [Element Doesn't Exists]. Comparison Type [EQUALS]. Validation Type [POSITIVE]. @13-02-2021 17:21:37.0295 PM
[ReportManager] Successfully created attachment [Screenshot - 1613236897237_assertElementExists_true_expectedToPass_AssertElementExists_failed] @13-02-2021 17:21:37.0296 P
[ReportManager] Successfully created attachment [Selenium WebDriver Logs - server] @13-02-2021 17:21:37.0378 PM
[ReportManager] Successfully created attachment [Selenium WebDriver Logs - performance] @13-02-2021 17:21:37.0413 PM
[ReportManager] Successfully created attachment [Selenium WebDriver Logs - driver] @13-02-2021 17:21:37.0482 PM
[ReportManager] Browser Action [closeCurrentWindow] successfully performed. @13-02-2021 17:21:37.0538 PM
[ReportManager] Successfully created attachment [Browser Action Test Data - closeCurrentWindow - Actual Value] @13-02-2021 17:21:37.0539 P
[ReportManager] File Action [getAbsolutePath] successfully performed. With the following test data [Relative Folder Path: "target/downloadedFiles/"]. @13-02-2021 17:21:37.0541 PM
[ReportManager] Attempting to run remotely on: [Linux-64], [GoogleChrome], [http://localhost:4444/wd/hub], Headless Execution. @13-02-2021 17:21:37.0541 PM
[ReportManager] Successfully Opened [GoogleChrome]. @13-02-2021 17:21:37.0775 PM
[ReportManager] Target URL: [https://www.google.com/ncr], and after redirection: [www.google.com] @13-02-2021 17:21:37.0786 PM
[ReportManager] Initial URL: [data:,] @13-02-2021 17:21:37.0826 PM
[ReportManager] Browser Action [navigateToURL] successfully performed. With the following test data [https://www.google.com/ncr]. @13-02-2021 17:21:38.0628 P

################################################################################################################################################
Starting Execution:	[52 out of 134] test cases in the current suite
Test Method:		[unitTests.tests_validations_assertions.assertElementExists_true_multipleElementsFound_expectedToFail]
################################################################################################################################################
[ReportManager] AssertElementExists FAILED; Expected [Element Should Exist, locator 'By.xpath: //div'] and Actual [Element Exists but is not unique]. Comparison Type [EQUALS]. Validation Type [POSITIVE]. @13-02-2021 17:21:38.0846 PM
[ReportManager] Successfully created attachment [Screenshot - 1613236898789_assertElementExists_true_multipleElementsFound_expectedToFail_AssertElementExists_failed] @13-02-2021 17:21:38.0847 P
[ReportManager] Successfully created attachment [Selenium WebDriver Logs - server] @13-02-2021 17:21:38.0928 PM
[ReportManager] Successfully created attachment [Selenium WebDriver Logs - performance] @13-02-2021 17:21:38.0967 PM
[ReportManager] Successfully created attachment [Selenium WebDriver Logs - driver] @13-02-2021 17:21:39.0037 PM
[ReportManager] Browser Action [closeCurrentWindow] successfully performed. @13-02-2021 17:21:39.0095 PM
[ReportManager] Successfully created attachment [Browser Action Test Data - closeCurrentWindow - Actual Value] @13-02-2021 17:21:39.0096 P

################################################################################################################################################
Starting Execution:	[53 out of 134] test cases in the current suite
Test Method:		[unitTests.tests_validations_assertions.assertEquals_false_expectedToFail]
################################################################################################################################################
[ReportManager] AssertEquals FAILED; Expected [1] and Actual [1]. Comparison Type [EQUALS]. Validation Type [NEGATIVE]. @13-02-2021 17:21:39.0102 P

################################################################################################################################################
Starting Execution:	[54 out of 134] test cases in the current suite
Test Method:		[unitTests.tests_validations_assertions.assertEquals_false_expectedToPass]
################################################################################################################################################
[ReportManager] AssertEquals PASSED; Expected [1] and Actual [2]. Comparison Type [EQUALS]. Validation Type [NEGATIVE]. @13-02-2021 17:21:39.0106 P

################################################################################################################################################
Starting Execution:	[55 out of 134] test cases in the current suite
Test Method:		[unitTests.tests_validations_assertions.assertEquals_longCharacters]
################################################################################################################################################
[ReportManager] VerifyEquals PASSED; Expected and Actual values are attached. Comparison Type [EQUALS]. Validation Type [POSITIVE]. @13-02-2021 17:21:39.0112 PM
[ReportManager] Successfully created attachment [Validation Test Data - Expected Value] @13-02-2021 17:21:39.0112 PM
[ReportManager] Successfully created attachment [Validation Test Data - Actual Value] @13-02-2021 17:21:39.0112 PM
[ReportManager] AssertEquals PASSED; Expected and Actual values are attached. Comparison Type [EQUALS]. Validation Type [POSITIVE]. @13-02-2021 17:21:39.0112 PM
[ReportManager] Successfully created attachment [Validation Test Data - Expected Value] @13-02-2021 17:21:39.0113 PM
[ReportManager] Successfully created attachment [Validation Test Data - Actual Value] @13-02-2021 17:21:39.0113 P

################################################################################################################################################
Starting Execution:	[56 out of 134] test cases in the current suite
Test Method:		[unitTests.tests_validations_assertions.assertEquals_longCharacters_Discreet]
################################################################################################################################################
[ReportManager] AssertEquals PASSED; Expected [1LH5pROcDBjjQk0t0mCr0lXuzQu9lcGj28kY8R1H81X67eVAQJgWQhILiRWVPUgZ6uCtK5cnBkF55Jr9vYngjGO1Iyf0Mktv6lruDlL9T8MAUPcUZJGHZtji6nIeadujDSNmWMj5d6C8zlFqw0CRqBU0hO5adIasHgBSNoLotAjce3NGXoDwAlp3rYreeV16VIyZXROQY] and Actual [1LH5pROcDBjjQk0t0mCr0lXuzQu9lcGj28kY8R1H81X67eVAQJgWQhILiRWVPUgZ6uCtK5cnBkF55Jr9vYngjGO1Iyf0Mktv6lruDlL9T8MAUPcUZJGHZtji6nIeadujDSNmWMj5d6C8zlFqw0CRqBU0hO5adIasHgBSNoLotAjce3NGXoDwAlp3rYreeV16VIyZXROQY]. Comparison Type [EQUALS]. Validation Type [POSITIVE]. @13-02-2021 17:21:39.0117 P

################################################################################################################################################
Starting Execution:	[57 out of 134] test cases in the current suite
Test Method:		[unitTests.tests_validations_assertions.assertEquals_true_expectedToFail]
################################################################################################################################################
[ReportManager] AssertEquals FAILED; Expected [1] and Actual [2]. Comparison Type [EQUALS]. Validation Type [POSITIVE]. @13-02-2021 17:21:39.0119 P

################################################################################################################################################
Starting Execution:	[58 out of 134] test cases in the current suite
Test Method:		[unitTests.tests_validations_assertions.assertEquals_true_expectedToPass]
Test Description:	[Assert that assertEquals works as expected when the two values are equal.]
################################################################################################################################################
[ReportManager] VerifyEquals PASSED; Expected [1] and Actual [1]. Comparison Type [EQUALS]. Validation Type [POSITIVE]. @13-02-2021 17:21:39.0133 PM
[ReportManager] AssertEquals PASSED; Expected [1] and Actual [1]. Comparison Type [EQUALS]. Validation Type [POSITIVE]. @13-02-2021 17:21:39.0133 P

################################################################################################################################################
Starting Execution:	[59 out of 134] test cases in the current suite
Test Method:		[unitTests.tests_validations_assertions.assertEquals_true_expectedToPass__]
################################################################################################################################################
[ReportManager] AssertEquals PASSED; Expected [1] and Actual [1]. Comparison Type [EQUALS]. Validation Type [POSITIVE]. @13-02-2021 17:21:39.0136 P

################################################################################################################################################
Starting Execution:	[60 out of 134] test cases in the current suite
Test Method:		[unitTests.tests_validations_assertions.assertFileExists_false_expectedToFail]
################################################################################################################################################
[ReportManager] File Action [doesFileExist] successfully performed. With the following test data [File Path: "src/main/java/com/shaft/gui/element/ElementActions.java"]. @13-02-2021 17:21:39.0141 PM
[ReportManager] AssertFileExists FAILED; Expected [File 'src/main/java/com/shaft/gui/element/ElementActions.java' should not exist, after up to '1' retries] and Actual [File exists]. Validation Type [NEGATIVE]. @13-02-2021 17:21:39.0146 P

################################################################################################################################################
Starting Execution:	[61 out of 134] test cases in the current suite
Test Method:		[unitTests.tests_validations_assertions.assertFileExists_false_expectedToPass]
################################################################################################################################################
[ReportManager] File Action [doesFileExist] successfully performed. With the following test data [File Path: "src/main/java/com/shaft/gui/element/ElementActions.java_fail"]. @13-02-2021 17:21:39.0650 PM
[ReportManager] AssertFileExists PASSED; Expected [File 'src/main/java/com/shaft/gui/element/ElementActions.java_fail' should not exist, after up to '1' retries] and Actual [File does not exist]. Validation Type [NEGATIVE]. @13-02-2021 17:21:39.0650 P

################################################################################################################################################
Starting Execution:	[62 out of 134] test cases in the current suite
Test Method:		[unitTests.tests_validations_assertions.assertFileExists_true_expectedToFail]
################################################################################################################################################
[ReportManager] File Action [doesFileExist] successfully performed. With the following test data [File Path: "src/main/java/com/shaft/gui/element/ElementActions.java_fail"]. @13-02-2021 17:21:40.0156 PM
[ReportManager] AssertFileExists FAILED; Expected [File 'src/main/java/com/shaft/gui/element/ElementActions.java_fail' should exist, after up to '1' retries] and Actual [File does not exist]. Validation Type [POSITIVE]. @13-02-2021 17:21:40.0156 P

################################################################################################################################################
Starting Execution:	[63 out of 134] test cases in the current suite
Test Method:		[unitTests.tests_validations_assertions.assertFileExists_true_expectedToPass]
################################################################################################################################################
[ReportManager] File Action [doesFileExist] successfully performed. With the following test data [File Path: "src/main/java/com/shaft/gui/element/ElementActions.java"]. @13-02-2021 17:21:40.0163 PM
[ReportManager] AssertFileExists PASSED; Expected [File 'src/main/java/com/shaft/gui/element/ElementActions.java' should exist, after up to '1' retries] and Actual [File exists]. Validation Type [POSITIVE]. @13-02-2021 17:21:40.0163 P

################################################################################################################################################
Starting Execution:	[64 out of 134] test cases in the current suite
Test Method:		[unitTests.tests_validations_assertions.assertNull_false_expectedToFail]
################################################################################################################################################
[ReportManager] AssertNull FAILED; Expected [NULL] and Actual [NULL]. Comparison Type [EQUALS]. Validation Type [NEGATIVE]. @13-02-2021 17:21:40.0165 P

################################################################################################################################################
Starting Execution:	[65 out of 134] test cases in the current suite
Test Method:		[unitTests.tests_validations_assertions.assertNull_false_expectedToPass]
################################################################################################################################################
[ReportManager] AssertNull PASSED; Expected [NULL] and Actual [1]. Comparison Type [EQUALS]. Validation Type [NEGATIVE]. @13-02-2021 17:21:40.0168 P

################################################################################################################################################
Starting Execution:	[66 out of 134] test cases in the current suite
Test Method:		[unitTests.tests_validations_assertions.assertNull_true_expectedToFail]
################################################################################################################################################
[ReportManager] AssertNull FAILED; Expected [NULL] and Actual [1]. Comparison Type [EQUALS]. Validation Type [POSITIVE]. @13-02-2021 17:21:40.0173 P

################################################################################################################################################
Starting Execution:	[67 out of 134] test cases in the current suite
Test Method:		[unitTests.tests_validations_assertions.assertNull_true_expectedToPass]
################################################################################################################################################
[ReportManager] AssertNull PASSED; Expected [NULL] and Actual [NULL]. Comparison Type [EQUALS]. Validation Type [POSITIVE]. @13-02-2021 17:21:40.0175 P
[ReportManager] File Action [getAbsolutePath] successfully performed. With the following test data [Relative Folder Path: "target/downloadedFiles/"]. @13-02-2021 17:21:40.0180 PM
[ReportManager] Attempting to run remotely on: [Linux-64], [GoogleChrome], [http://localhost:4444/wd/hub], Headless Execution. @13-02-2021 17:21:40.0180 PM
[ReportManager] Successfully Opened [GoogleChrome]. @13-02-2021 17:21:40.0414 P

################################################################################################################################################
Starting Execution:	[68 out of 134] test cases in the current suite
Test Method:		[testPackage01.Test_IsElementClickable.testIsElementClickable]
################################################################################################################################################
[ReportManager] Target URL: [https://the-internet.herokuapp.com/] @13-02-2021 17:21:40.0431 PM
[ReportManager] Initial URL: [data:,] @13-02-2021 17:21:40.0486 PM
[ReportManager] Browser Action [navigateToURL] successfully performed. With the following test data [https://the-internet.herokuapp.com/]. @13-02-2021 17:21:40.0841 PM
[ReportManager] Element Action [isElementClickable] successfully performed. @13-02-2021 17:21:41.0001 PM
[ReportManager] AssertTrue PASSED; Expected [TRUE] and Actual [TRUE]. Validation Type [POSITIVE]. @13-02-2021 17:21:41.0001 P
[ReportManager] Successfully created attachment [Selenium WebDriver Logs - server] @13-02-2021 17:21:41.0055 PM
[ReportManager] Successfully created attachment [Selenium WebDriver Logs - performance] @13-02-2021 17:21:41.0074 PM
[ReportManager] Successfully created attachment [Selenium WebDriver Logs - browser] @13-02-2021 17:21:41.0080 PM
[ReportManager] Successfully created attachment [Selenium WebDriver Logs - driver] @13-02-2021 17:21:41.0132 PM
[ReportManager] Browser Action [closeCurrentWindow] successfully performed. @13-02-2021 17:21:41.0187 PM
[ReportManager] Successfully created attachment [Browser Action Test Data - closeCurrentWindow - Actual Value] @13-02-2021 17:21:41.0187 P

################################################################################################################################################
Starting Execution:	[69 out of 134] test cases in the current suite
Test Method:		[testPackage01.Test_JsonActions.f]
###############################################################################################################################################

################################################################################################################################################
Starting Execution:	[70 out of 134] test cases in the current suite
Test Method:		[testPackage01.Test_JsonActions.f2]
###############################################################################################################################################

################################################################################################################################################
Starting Execution:	[71 out of 134] test cases in the current suite
Test Method:		[testPackage01.Test_SkipDueToIssue.doNotSkip]
################################################################################################################################################
[ReportManager] This should not be skipped. @13-02-2021 17:21:41.0215 P

################################################################################################################################################
Starting Execution:	[72 out of 134] test cases in the current suite
Test Method:		[testPackage01.Test_SkipDueToIssue.skip]
################################################################################################################################################
[ReportManager] This should be skipped. @13-02-2021 17:21:41.0221 P

################################################################################################################################################
Starting Execution:	[73 out of 134] test cases in the current suite
Test Method:		[testPackage01.Test_SkipDueToIssue.skip2]
################################################################################################################################################
[ReportManager] This should be skipped. @13-02-2021 17:21:41.0226 P

################################################################################################################################################
Starting Execution:	[74 out of 134] test cases in the current suite
Test Method:		[testPackage01.Test_testData.f]
################################################################################################################################################
[ReportManager] Successfully loaded the following test data file [src/test/resources/TestDataFiles/testSuite01/TestData.xlsx]. @13-02-2021 17:21:41.0286 PM
[ReportManager] Successfully created attachment [Test Data - Excel] @13-02-2021 17:21:41.0286 PM
[ReportManager] Last Column Number is: [3]. Zero-based. @13-02-2021 17:21:41.0287 P
[ReportManager] File Action [getAbsolutePath] successfully performed. With the following test data [Relative Folder Path: "target/downloadedFiles/"]. @13-02-2021 17:21:41.0290 PM
[ReportManager] Attempting to run remotely on: [Linux-64], [GoogleChrome], [http://localhost:4444/wd/hub], Headless Execution. @13-02-2021 17:21:41.0291 PM
[ReportManager] Successfully Opened [GoogleChrome]. @13-02-2021 17:21:41.0508 P

################################################################################################################################################
Starting Execution:	[75 out of 134] test cases in the current suite
Test Method:		[testPackage01.Test_assertEquals.test_assertElementAttribute]
################################################################################################################################################
[ReportManager] Target URL: [https://www.google.com/ncr], and after redirection: [https://www.google.com] @13-02-2021 17:21:41.0531 PM
[ReportManager] Initial URL: [data:,] @13-02-2021 17:21:41.0583 PM
[ReportManager] Browser Action [navigateToURL] successfully performed. With the following test data [https://www.google.com/ncr]. @13-02-2021 17:21:42.0361 PM
[ReportManager] Element Action [type] successfully performed. With the following test data [INC_004010050:Another SCHEDULER with the same name [Duplicate Job Name] already exists.]. @13-02-2021 17:21:44.0635 PM
[ReportManager] Element Action [getText] successfully performed. With the following test data [INC_004010050:Another SCHEDULER with the same name [Duplicate Job Name] already exists.]. @13-02-2021 17:21:44.0743 PM
[ReportManager] Loaded Shared OpenCV @13-02-2021 17:21:44.0872 PM
[ReportManager] AssertElementAttribute PASSED; Expected [Value Should be 'INC_004010050:Another SCHEDULER with the same name \[Duplicate Job Name\] already exists.' for the 'text' attribute, element locator 'By.name: q'] and Actual [INC_004010050:Another SCHEDULER with the same name [Duplicate Job Name] already exists.]. Comparison Type [MATCHES]. Validation Type [POSITIVE]. @13-02-2021 17:21:44.0942 PM
[ReportManager] Successfully created attachment [Screenshot - 1613236904872_test_assertElementAttribute_AssertElementAttribute_passed] @13-02-2021 17:21:44.0943 P
[ReportManager] Successfully created attachment [Selenium WebDriver Logs - server] @13-02-2021 17:21:45.0020 PM
[ReportManager] Successfully created attachment [Selenium WebDriver Logs - performance] @13-02-2021 17:21:45.0381 PM
[ReportManager] Successfully created attachment [Selenium WebDriver Logs - driver] @13-02-2021 17:21:45.0732 PM
[ReportManager] Browser Action [closeCurrentWindow] successfully performed. @13-02-2021 17:21:45.0803 PM
[ReportManager] Successfully created attachment [Browser Action Test Data - closeCurrentWindow - Actual Value] @13-02-2021 17:21:45.0804 P

################################################################################################################################################
Starting Execution:	[76 out of 134] test cases in the current suite
Test Method:		[testPackage01.Test_JsonCompareWithSpecialCharacters.specialCharacters]
################################################################################################################################################
[ReportManager] File Action [getAbsolutePath] successfully performed. With the following test data [Relative Folder Path: "src/test/resources/TestJsonFiles/specialCharacters.json"]. @13-02-2021 17:21:45.0853 PM
[ReportManager] File Action [readFromFile] successfully performed. With the following test data [File Path: "/home/runner/work/SHAFT_ENGINE/SHAFT_ENGINE/src/test/resources/TestJsonFiles/specialCharacters.json"]. @13-02-2021 17:21:45.0862 PM
[ReportManager] Successfully created attachment [File Action Actual Result - Command Log] @13-02-2021 17:21:45.0862 PM
[ReportManager] Comparing the provided API response with the file at this path "src/test/resources/TestJsonFiles/specialCharacters.json", comparison type "EQUALS" @13-02-2021 17:21:45.0864 PM
[ReportManager] API Action [compareJSON] successfully performed. With the following test data [src/test/resources/TestJsonFiles/specialCharacters.json]. @13-02-2021 17:21:45.0921 PM
[ReportManager] File Action [getAbsolutePath] successfully performed. With the following test data [Relative Folder Path: "src/test/resources/TestJsonFiles/specialCharacters.json"]. @13-02-2021 17:21:45.0921 PM
[ReportManager] File Action [readFromFile] successfully performed. With the following test data [File Path: "/home/runner/work/SHAFT_ENGINE/SHAFT_ENGINE/src/test/resources/TestJsonFiles/specialCharacters.json"]. @13-02-2021 17:21:45.0921 PM
[ReportManager] VerifyJSONFileContent PASSED; Expected [Response data should match the JSON File in this path 'src/test/resources/TestJsonFiles/specialCharacters.json'] and Actual [TRUE]. Comparison Type [EQUALS]. Validation Type [POSITIVE]. @13-02-2021 17:21:45.0941 PM
[ReportManager] Successfully created attachment [Validation Test Data - Expected JSON Value] @13-02-2021 17:21:45.0942 PM
[ReportManager] Successfully created attachment [Validation Test Data - Actual JSON Value] @13-02-2021 17:21:45.0943 P

################################################################################################################################################
Starting Execution:	[77 out of 134] test cases in the current suite
Test Method:		[testPackage01.Test_JsonCompareWithSpecialCharacters.specialCharacters_assertion]
################################################################################################################################################
[ReportManager] File Action [getAbsolutePath] successfully performed. With the following test data [Relative Folder Path: "src/test/resources/TestJsonFiles/specialCharacters.json"]. @13-02-2021 17:21:45.0963 PM
[ReportManager] File Action [readFromFile] successfully performed. With the following test data [File Path: "/home/runner/work/SHAFT_ENGINE/SHAFT_ENGINE/src/test/resources/TestJsonFiles/specialCharacters.json"]. @13-02-2021 17:21:45.0963 PM
[ReportManager] Successfully created attachment [File Action Actual Result - Command Log] @13-02-2021 17:21:45.0963 PM
[ReportManager] trying out the log message... @13-02-2021 17:21:45.0964 PM
[ReportManager] Comparing the provided API response with the file at this path "src/test/resources/TestJsonFiles/specialCharacters.json", comparison type "CONTAINS" @13-02-2021 17:21:45.0964 PM
[ReportManager] API Action [compareJSON] successfully performed. With the following test data [src/test/resources/TestJsonFiles/specialCharacters.json]. @13-02-2021 17:21:45.0983 PM
[ReportManager] File Action [getAbsolutePath] successfully performed. With the following test data [Relative Folder Path: "src/test/resources/TestJsonFiles/specialCharacters.json"]. @13-02-2021 17:21:45.0983 PM
[ReportManager] File Action [readFromFile] successfully performed. With the following test data [File Path: "/home/runner/work/SHAFT_ENGINE/SHAFT_ENGINE/src/test/resources/TestJsonFiles/specialCharacters.json"]. @13-02-2021 17:21:45.0984 PM
[ReportManager] AssertJSONFileContent PASSED; Expected [Response data should match the JSON File in this path 'src/test/resources/TestJsonFiles/specialCharacters.json'] and Actual [TRUE]. Comparison Type [CONTAINS]. Validation Type [POSITIVE]. @13-02-2021 17:21:45.0988 PM
[ReportManager] Successfully created attachment [Validation Test Data - Expected JSON Value] @13-02-2021 17:21:45.0988 PM
[ReportManager] Successfully created attachment [Validation Test Data - Actual JSON Value] @13-02-2021 17:21:45.0989 P

################################################################################################################################################
Starting Execution:	[78 out of 134] test cases in the current suite
Test Method:		[testPackage01.Test_JSONFileManager.readStringFromJson]
################################################################################################################################################
[ReportManager] Successfully loaded the following test data file [src/test/resources/TestDataFiles/simpleJSON.json]. @13-02-2021 17:21:45.0998 PM
[ReportManager] Successfully created attachment [Test Data - JSON] @13-02-2021 17:21:45.0998 PM
[ReportManager] AssertEquals PASSED; Expected [Mohab Mohie] and Actual [Mohab Mohie]. Comparison Type [EQUALS]. Validation Type [POSITIVE]. @13-02-2021 17:21:46.0009 P
[ReportManager] Successfully loaded the following test data file [src/test/resources/TestDataFiles/testSuite01/TestData.xlsx]. @13-02-2021 17:21:46.0054 PM
[ReportManager] Successfully created attachment [Test Data - Excel] @13-02-2021 17:21:46.0054 PM
[ReportManager] File Action [getAbsolutePath] successfully performed. With the following test data [Relative Folder Path: "target/downloadedFiles/"]. @13-02-2021 17:21:46.0054 PM
[ReportManager] Attempting to run remotely on: [Linux-64], [GoogleChrome], [http://localhost:4444/wd/hub], Headless Execution. @13-02-2021 17:21:46.0054 PM
[ReportManager] Successfully Opened [GoogleChrome]. @13-02-2021 17:21:46.0374 P

################################################################################################################################################
Starting Execution:	[79 out of 134] test cases in the current suite
Test Method:		[testPackage01.Test_google.navigateToURLandVerifyGoogleLogoIsDisplayed]
Test Description:	[TC001 - Navigate to URL and Verify Google Logo is Displayed]
################################################################################################################################################
[ReportManager] Target URL: [https://www.google.com/ncr], and after redirection: [https://www.google.com] @13-02-2021 17:21:46.0386 PM
[ReportManager] Initial URL: [data:,] @13-02-2021 17:21:46.0434 PM
[ReportManager] Browser Action [navigateToURL] successfully performed. With the following test data [https://www.google.com/ncr]. @13-02-2021 17:21:47.0256 PM
[ReportManager] Loaded Shared OpenCV @13-02-2021 17:21:47.0439 PM
[ReportManager] AssertElementExists PASSED; Expected [Element Should Exist, locator 'By.xpath: //img[@id='hplogo' or @alt='Google']'] and Actual [Element Exists]. Comparison Type [EQUALS]. Validation Type [POSITIVE]. @13-02-2021 17:21:47.0511 PM
[ReportManager] Successfully created attachment [Screenshot - 1613236907439_navigateToURLandVerifyGoogleLogoIsDisplayed_AssertElementExists_passed] @13-02-2021 17:21:47.0512 P

################################################################################################################################################
Starting Execution:	[80 out of 134] test cases in the current suite
Test Method:		[testPackage01.Test_google.searchForQueryandAssertResultsNumDisplayed]
Test Description:	[TC002 - Search for Query and Assert that the number of results is displayed]
################################################################################################################################################
[ReportManager] Element Action [type] successfully performed. With the following test data [SHAFT_Engine]. @13-02-2021 17:21:48.0118 PM
[ReportManager] Element Action [keyPress] successfully performed. With the following test data [Enter]. @13-02-2021 17:21:49.0364 PM
[ReportManager] Element Action [getText] successfully performed. With the following test data [About 840,000 results (0.62 seconds) ]. @13-02-2021 17:21:49.0457 PM
[ReportManager] Loaded Shared OpenCV @13-02-2021 17:21:49.0604 PM
[ReportManager] AssertElementAttribute PASSED; Expected [Value Should not be '' for the 'Text' attribute, element locator 'By.id: appbar'] and Actual [About 840,000 results (0.62 seconds) ]. Comparison Type [EQUALS]. Validation Type [NEGATIVE]. @13-02-2021 17:21:49.0686 PM
[ReportManager] Successfully created attachment [Screenshot - 1613236909604_searchForQueryandAssertResultsNumDisplayed_AssertElementAttribute_passed] @13-02-2021 17:21:49.0687 P

################################################################################################################################################
Starting Execution:	[81 out of 134] test cases in the current suite
Test Method:		[testPackage01.Test_google.clickNextThrice]
Test Description:	[TC003 - Clicks the next button to make sure that the framework can scroll element into view before clicking it]
################################################################################################################################################
[ReportManager] Element Action [click] successfully performed. With the following test data [Next]. @13-02-2021 17:21:50.0986 P
[ReportManager] Successfully created attachment [Selenium WebDriver Logs - server] @13-02-2021 17:21:51.0146 PM
[ReportManager] Successfully created attachment [Selenium WebDriver Logs - performance] @13-02-2021 17:21:51.0362 PM
[ReportManager] Successfully created attachment [Selenium WebDriver Logs - driver] @13-02-2021 17:21:51.0664 PM
[ReportManager] Browser Action [closeCurrentWindow] successfully performed. @13-02-2021 17:21:51.0722 PM
[ReportManager] Successfully created attachment [Browser Action Test Data - closeCurrentWindow - Actual Value] @13-02-2021 17:21:51.0742 P
[ReportManager] File Action [getAbsolutePath] successfully performed. With the following test data [Relative Folder Path: "target/downloadedFiles/"]. @13-02-2021 17:21:51.0743 PM
[ReportManager] Attempting to run remotely on: [Linux-64], [GoogleChrome], [http://localhost:4444/wd/hub], Headless Execution. @13-02-2021 17:21:51.0744 PM
[ReportManager] Successfully Opened [GoogleChrome]. @13-02-2021 17:21:51.0987 P

################################################################################################################################################
Starting Execution:	[82 out of 134] test cases in the current suite
Test Method:		[testPackage01.Test_dragAndDrop.dragAndDropJquery]
################################################################################################################################################
[ReportManager] Target URL: [https://jqueryui.com/resources/demos/droppable/default.html] @13-02-2021 17:21:52.0003 PM
[ReportManager] Initial URL: [data:,] @13-02-2021 17:21:52.0041 PM
[ReportManager] Browser Action [navigateToURL] successfully performed. With the following test data [https://jqueryui.com/resources/demos/droppable/default.html]. @13-02-2021 17:21:52.0416 PM
[ReportManager] Element Action [getText] successfully performed. With the following test data [Drop here]. @13-02-2021 17:21:52.0506 PM
[ReportManager] Element Action [dragAndDrop] successfully performed. With the following test data [Start point: (8, 18), End point: (8, 18)]. @13-02-2021 17:21:53.0852 PM
[ReportManager] Element Action [getText] successfully performed. With the following test data [Dropped!]. @13-02-2021 17:21:53.0930 PM
[ReportManager] Checking to see if the text has changed after performing drag and drop... @13-02-2021 17:21:53.0931 PM
[ReportManager] AssertEquals PASSED; Expected [Drop here] and Actual [Dropped!]. Comparison Type [EQUALS]. Validation Type [NEGATIVE]. @13-02-2021 17:21:53.0931 P
[ReportManager] Successfully created attachment [Selenium WebDriver Logs - server] @13-02-2021 17:21:53.0981 PM
[ReportManager] Successfully created attachment [Selenium WebDriver Logs - performance] @13-02-2021 17:21:53.0994 PM
[ReportManager] Successfully created attachment [Selenium WebDriver Logs - driver] @13-02-2021 17:21:54.0070 PM
[ReportManager] Browser Action [closeCurrentWindow] successfully performed. @13-02-2021 17:21:54.0136 PM
[ReportManager] Successfully created attachment [Browser Action Test Data - closeCurrentWindow - Actual Value] @13-02-2021 17:21:54.0136 P
[ReportManager] File Action [getAbsolutePath] successfully performed. With the following test data [Relative Folder Path: "target/downloadedFiles/"]. @13-02-2021 17:21:54.0142 PM
[ReportManager] Attempting to run remotely on: [Linux-64], [GoogleChrome], [http://localhost:4444/wd/hub], Headless Execution. @13-02-2021 17:21:54.0142 PM
[ReportManager] Successfully Opened [GoogleChrome]. @13-02-2021 17:21:54.0359 P

################################################################################################################################################
Starting Execution:	[83 out of 134] test cases in the current suite
Test Method:		[testPackage01.Test_dragAndDrop.dragAndDrop]
Test Description:	[TC001 - Test Drag and Drop function.]
################################################################################################################################################
[ReportManager] Target URL: [http://the-internet.herokuapp.com/drag_and_drop] @13-02-2021 17:21:54.0373 PM
[ReportManager] Initial URL: [data:,] @13-02-2021 17:21:54.0426 PM
[ReportManager] Browser Action [navigateToURL] successfully performed. With the following test data [http://the-internet.herokuapp.com/drag_and_drop]. @13-02-2021 17:21:54.0766 PM
[ReportManager] Attempting Drag and Drop @13-02-2021 17:21:54.0766 PM
[ReportManager] Element Action [dragAndDrop] successfully performed. With the following test data [Start point: (32, 89), End point: (247, 89)]. @13-02-2021 17:21:55.0965 P
[ReportManager] Successfully created attachment [Selenium WebDriver Logs - server] @13-02-2021 17:21:56.0018 PM
[ReportManager] Successfully created attachment [Selenium WebDriver Logs - performance] @13-02-2021 17:21:56.0036 PM
[ReportManager] Successfully created attachment [Selenium WebDriver Logs - browser] @13-02-2021 17:21:56.0042 PM
[ReportManager] Successfully created attachment [Selenium WebDriver Logs - driver] @13-02-2021 17:21:56.0099 PM
[ReportManager] Browser Action [closeCurrentWindow] successfully performed. @13-02-2021 17:21:56.0155 PM
[ReportManager] Successfully created attachment [Browser Action Test Data - closeCurrentWindow - Actual Value] @13-02-2021 17:21:56.0155 P
[ReportManager] File Action [getAbsolutePath] successfully performed. With the following test data [Relative Folder Path: "target/downloadedFiles/"]. @13-02-2021 17:21:56.0159 PM
[ReportManager] Attempting to run remotely on: [Linux-64], [GoogleChrome], [http://localhost:4444/wd/hub], Headless Execution. @13-02-2021 17:21:56.0160 PM
[ReportManager] Successfully Opened [GoogleChrome]. @13-02-2021 17:21:56.0421 P

################################################################################################################################################
Starting Execution:	[84 out of 134] test cases in the current suite
Test Method:		[testPackage01.Test_dragAndDrop.dragAndDropByOffset]
Test Description:	[TC002 - Test Drag and Drop by offset function.]
################################################################################################################################################
[ReportManager] Target URL: [https://jqueryui.com/resources/demos/draggable/default.html] @13-02-2021 17:21:56.0432 PM
[ReportManager] Initial URL: [data:,] @13-02-2021 17:21:56.0468 PM
[ReportManager] Browser Action [navigateToURL] successfully performed. With the following test data [https://jqueryui.com/resources/demos/draggable/default.html]. @13-02-2021 17:21:56.0815 PM
[ReportManager] Element Action [dragAndDropByOffset] successfully performed. With the following test data [Start point: (8, 8), End point: (1008, 108)]. @13-02-2021 17:21:57.0031 P
[ReportManager] Successfully created attachment [Selenium WebDriver Logs - server] @13-02-2021 17:21:57.0085 PM
[ReportManager] Successfully created attachment [Selenium WebDriver Logs - performance] @13-02-2021 17:21:57.0098 PM
[ReportManager] Successfully created attachment [Selenium WebDriver Logs - driver] @13-02-2021 17:21:57.0167 PM
[ReportManager] Browser Action [closeCurrentWindow] successfully performed. @13-02-2021 17:21:57.0224 PM
[ReportManager] Successfully created attachment [Browser Action Test Data - closeCurrentWindow - Actual Value] @13-02-2021 17:21:57.0224 P
[ReportManager] File Action [getAbsolutePath] successfully performed. With the following test data [Relative Folder Path: "target/downloadedFiles/"]. @13-02-2021 17:21:57.0226 PM
[ReportManager] Attempting to run remotely on: [Linux-64], [GoogleChrome], [http://localhost:4444/wd/hub], Headless Execution. @13-02-2021 17:21:57.0226 PM
[ReportManager] Successfully Opened [GoogleChrome]. @13-02-2021 17:21:57.0491 P

################################################################################################################################################
Starting Execution:	[85 out of 134] test cases in the current suite
Test Method:		[testPackage01.Test_verifyEquals.test_assertElementAttribute]
################################################################################################################################################
[ReportManager] Target URL: [https://www.google.com/ncr], and after redirection: [https://www.google.com] @13-02-2021 17:21:57.0544 PM
[ReportManager] Initial URL: [data:,] @13-02-2021 17:21:57.0587 PM
[ReportManager] Browser Action [navigateToURL] successfully performed. With the following test data [https://www.google.com/ncr]. @13-02-2021 17:21:58.0445 PM
[ReportManager] Element Action [type] successfully performed. With the following test data [INC_004010050:Another SCHEDULER with the same name [Duplicate Job Name] already exists.]. @13-02-2021 17:22:00.0696 PM
[ReportManager] Element Action [getText] successfully performed. With the following test data [INC_004010050:Another SCHEDULER with the same name [Duplicate Job Name] already exists.]. @13-02-2021 17:22:00.0806 PM
[ReportManager] Loaded Shared OpenCV @13-02-2021 17:22:00.0958 PM
[ReportManager] VerifyElementAttribute PASSED; Expected [Value Should be 'INC_004010050:Another SCHEDULER with the same name \[Duplicate Job Name\] already exists.' for the 'text' attribute, element locator 'By.name: q'] and Actual [INC_004010050:Another SCHEDULER with the same name [Duplicate Job Name] already exists.]. Comparison Type [MATCHES]. Validation Type [POSITIVE]. @13-02-2021 17:22:01.0029 PM
[ReportManager] Successfully created attachment [Screenshot - 1613236920957_test_assertElementAttribute_VerifyElementAttribute_passed] @13-02-2021 17:22:01.0030 P
[ReportManager] Successfully created attachment [Selenium WebDriver Logs - server] @13-02-2021 17:22:01.0113 PM
[ReportManager] Successfully created attachment [Selenium WebDriver Logs - performance] @13-02-2021 17:22:01.0457 PM
[ReportManager] Successfully created attachment [Selenium WebDriver Logs - driver] @13-02-2021 17:22:01.0797 PM
[ReportManager] Browser Action [closeCurrentWindow] successfully performed. @13-02-2021 17:22:01.0853 PM
[ReportManager] Successfully created attachment [Browser Action Test Data - closeCurrentWindow - Actual Value] @13-02-2021 17:22:01.0853 P

################################################################################################################################################
Starting Execution:	[86 out of 134] test cases in the current suite
Test Method:		[testPackage01.Test_NewValidationActions.f1]
################################################################################################################################################
[ReportManager] Checking valid user data... @13-02-2021 17:22:01.0859 PM
[ReportManager] AssertEquals PASSED; Expected and Actual values are attached. Comparison Type [EQUALS]. Validation Type [POSITIVE]. @13-02-2021 17:22:01.0860 PM
[ReportManager] Successfully created attachment [Validation Test Data - Expected Value] @13-02-2021 17:22:01.0860 PM
[ReportManager] Successfully created attachment [Validation Test Data - Actual Value] @13-02-2021 17:22:01.0860 P
[ReportManager] File Action [getAbsolutePath] successfully performed. With the following test data [Relative Folder Path: "target/downloadedFiles/"]. @13-02-2021 17:22:01.0867 PM
[ReportManager] Attempting to run remotely on: [Linux-64], [GoogleChrome], [http://localhost:4444/wd/hub], Headless Execution. @13-02-2021 17:22:01.0867 PM
[ReportManager] Successfully Opened [GoogleChrome]. @13-02-2021 17:22:02.0084 PM
[ReportManager] Target URL: [https://the-internet.herokuapp.com/] @13-02-2021 17:22:02.0098 PM
[ReportManager] Initial URL: [data:,] @13-02-2021 17:22:02.0137 PM
[ReportManager] Browser Action [navigateToURL] successfully performed. With the following test data [https://the-internet.herokuapp.com/]. @13-02-2021 17:22:02.0520 P

################################################################################################################################################
Starting Execution:	[87 out of 134] test cases in the current suite
Test Method:		[testPackage01.Test_NewValidationActions.f10]
################################################################################################################################################
[ReportManager] AssertElementExists FAILED; Expected [Element Should Exist, locator 'By.tagName: div'] and Actual [Element Exists but is not unique]. Comparison Type [EQUALS]. Validation Type [POSITIVE]. @13-02-2021 17:22:02.0757 PM
[ReportManager] Successfully created attachment [Screenshot - 1613236922696_f10_AssertElementExists_failed] @13-02-2021 17:22:02.0758 P
[ReportManager] Successfully created attachment [Selenium WebDriver Logs - server] @13-02-2021 17:22:02.0768 PM
[ReportManager] Successfully created attachment [Selenium WebDriver Logs - performance] @13-02-2021 17:22:02.0786 PM
[ReportManager] Successfully created attachment [Selenium WebDriver Logs - browser] @13-02-2021 17:22:02.0799 PM
[ReportManager] Successfully created attachment [Selenium WebDriver Logs - driver] @13-02-2021 17:22:02.0847 PM
[ReportManager] Successfully Closed All Browsers. @13-02-2021 17:22:02.0924 P
[ReportManager] File Action [getAbsolutePath] successfully performed. With the following test data [Relative Folder Path: "target/downloadedFiles/"]. @13-02-2021 17:22:02.0926 PM
[ReportManager] Attempting to run remotely on: [Linux-64], [GoogleChrome], [http://localhost:4444/wd/hub], Headless Execution. @13-02-2021 17:22:02.0926 PM
[ReportManager] Successfully Opened [GoogleChrome]. @13-02-2021 17:22:03.0174 PM
[ReportManager] Target URL: [https://the-internet.herokuapp.com/] @13-02-2021 17:22:03.0207 PM
[ReportManager] Initial URL: [data:,] @13-02-2021 17:22:03.0256 PM
[ReportManager] Browser Action [navigateToURL] successfully performed. With the following test data [https://the-internet.herokuapp.com/]. @13-02-2021 17:22:03.0670 P

################################################################################################################################################
Starting Execution:	[88 out of 134] test cases in the current suite
Test Method:		[testPackage01.Test_NewValidationActions.f11]
################################################################################################################################################
[ReportManager] Checking that false tag doesn't exist... @13-02-2021 17:22:03.0673 PM
[ReportManager] AssertElementExists PASSED; Expected [Element Should not Exist, locator 'By.tagName: h3'] and Actual [Element Doesn't Exists]. Comparison Type [EQUALS]. Validation Type [NEGATIVE]. @13-02-2021 17:22:03.0897 PM
[ReportManager] Successfully created attachment [Screenshot - 1613236923829_f11_AssertElementExists_passed] @13-02-2021 17:22:03.0898 P
[ReportManager] Successfully created attachment [Selenium WebDriver Logs - server] @13-02-2021 17:22:03.0907 PM
[ReportManager] Successfully created attachment [Selenium WebDriver Logs - performance] @13-02-2021 17:22:03.0929 PM
[ReportManager] Successfully created attachment [Selenium WebDriver Logs - browser] @13-02-2021 17:22:03.0937 PM
[ReportManager] Successfully created attachment [Selenium WebDriver Logs - driver] @13-02-2021 17:22:03.0987 PM
[ReportManager] Successfully Closed All Browsers. @13-02-2021 17:22:04.0067 P
[ReportManager] File Action [getAbsolutePath] successfully performed. With the following test data [Relative Folder Path: "target/downloadedFiles/"]. @13-02-2021 17:22:04.0072 PM
[ReportManager] Attempting to run remotely on: [Linux-64], [GoogleChrome], [http://localhost:4444/wd/hub], Headless Execution. @13-02-2021 17:22:04.0072 PM
[ReportManager] Successfully Opened [GoogleChrome]. @13-02-2021 17:22:04.0305 PM
[ReportManager] Target URL: [https://the-internet.herokuapp.com/] @13-02-2021 17:22:04.0316 PM
[ReportManager] Initial URL: [data:,] @13-02-2021 17:22:04.0360 PM
[ReportManager] Browser Action [navigateToURL] successfully performed. With the following test data [https://the-internet.herokuapp.com/]. @13-02-2021 17:22:04.0732 P

################################################################################################################################################
Starting Execution:	[89 out of 134] test cases in the current suite
Test Method:		[testPackage01.Test_NewValidationActions.f12]
################################################################################################################################################
[ReportManager] Loaded Shared OpenCV @13-02-2021 17:22:04.0933 PM
[ReportManager] AssertElementExists FAILED; Expected [Element Should not Exist, locator 'By.tagName: h1'] and Actual [Element Exists]. Comparison Type [EQUALS]. Validation Type [NEGATIVE]. @13-02-2021 17:22:05.0008 PM
[ReportManager] Successfully created attachment [Screenshot - 1613236924930_f12_AssertElementExists_failed] @13-02-2021 17:22:05.0009 P
[ReportManager] Successfully created attachment [Selenium WebDriver Logs - server] @13-02-2021 17:22:05.0021 PM
[ReportManager] Successfully created attachment [Selenium WebDriver Logs - performance] @13-02-2021 17:22:05.0043 PM
[ReportManager] Successfully created attachment [Selenium WebDriver Logs - browser] @13-02-2021 17:22:05.0050 PM
[ReportManager] Successfully created attachment [Selenium WebDriver Logs - driver] @13-02-2021 17:22:05.0108 PM
[ReportManager] Successfully Closed All Browsers. @13-02-2021 17:22:05.0182 P
[ReportManager] File Action [getAbsolutePath] successfully performed. With the following test data [Relative Folder Path: "target/downloadedFiles/"]. @13-02-2021 17:22:05.0184 PM
[ReportManager] Attempting to run remotely on: [Linux-64], [GoogleChrome], [http://localhost:4444/wd/hub], Headless Execution. @13-02-2021 17:22:05.0184 PM
[ReportManager] Successfully Opened [GoogleChrome]. @13-02-2021 17:22:05.0390 PM
[ReportManager] Target URL: [https://the-internet.herokuapp.com/] @13-02-2021 17:22:05.0406 PM
[ReportManager] Initial URL: [data:,] @13-02-2021 17:22:05.0446 PM
[ReportManager] Browser Action [navigateToURL] successfully performed. With the following test data [https://the-internet.herokuapp.com/]. @13-02-2021 17:22:05.0808 P

################################################################################################################################################
Starting Execution:	[90 out of 134] test cases in the current suite
Test Method:		[testPackage01.Test_NewValidationActions.f13]
################################################################################################################################################
[ReportManager] AssertElementExists FAILED; Expected [Element Should not Exist, locator 'By.tagName: div'] and Actual [Element Exists but is not unique]. Comparison Type [EQUALS]. Validation Type [NEGATIVE]. @13-02-2021 17:22:06.0160 PM
[ReportManager] Successfully created attachment [Screenshot - 1613236926081_f13_AssertElementExists_failed] @13-02-2021 17:22:06.0161 P
[ReportManager] Successfully created attachment [Selenium WebDriver Logs - server] @13-02-2021 17:22:06.0175 PM
[ReportManager] Successfully created attachment [Selenium WebDriver Logs - performance] @13-02-2021 17:22:06.0194 PM
[ReportManager] Successfully created attachment [Selenium WebDriver Logs - browser] @13-02-2021 17:22:06.0210 PM
[ReportManager] Successfully created attachment [Selenium WebDriver Logs - driver] @13-02-2021 17:22:06.0267 PM
[ReportManager] Successfully Closed All Browsers. @13-02-2021 17:22:06.0341 P
[ReportManager] File Action [getAbsolutePath] successfully performed. With the following test data [Relative Folder Path: "target/downloadedFiles/"]. @13-02-2021 17:22:06.0343 PM
[ReportManager] Attempting to run remotely on: [Linux-64], [GoogleChrome], [http://localhost:4444/wd/hub], Headless Execution. @13-02-2021 17:22:06.0343 PM
[ReportManager] Successfully Opened [GoogleChrome]. @13-02-2021 17:22:06.0569 PM
[ReportManager] Target URL: [https://the-internet.herokuapp.com/] @13-02-2021 17:22:06.0578 PM
[ReportManager] Initial URL: [data:,] @13-02-2021 17:22:06.0615 PM
[ReportManager] Browser Action [navigateToURL] successfully performed. With the following test data [https://the-internet.herokuapp.com/]. @13-02-2021 17:22:06.0972 P

################################################################################################################################################
Starting Execution:	[91 out of 134] test cases in the current suite
Test Method:		[testPackage01.Test_NewValidationActions.f14]
################################################################################################################################################
[ReportManager] Asserting that the header text is correct... @13-02-2021 17:22:06.0974 PM
[ReportManager] Element Action [getText] successfully performed. With the following test data [Welcome to the-internet]. @13-02-2021 17:22:07.0083 PM
[ReportManager] Loaded Shared OpenCV @13-02-2021 17:22:07.0229 PM
[ReportManager] AssertElementAttribute PASSED; Expected [Value Should be 'Welcome to the-internet' for the 'text' attribute, element locator 'By.tagName: h1'] and Actual [Welcome to the-internet]. Comparison Type [EQUALS]. Validation Type [POSITIVE]. @13-02-2021 17:22:07.0304 PM
[ReportManager] Successfully created attachment [Screenshot - 1613236927229_f14_AssertElementAttribute_passed] @13-02-2021 17:22:07.0305 P
[ReportManager] Successfully created attachment [Selenium WebDriver Logs - server] @13-02-2021 17:22:07.0315 PM
[ReportManager] Successfully created attachment [Selenium WebDriver Logs - performance] @13-02-2021 17:22:07.0333 PM
[ReportManager] Successfully created attachment [Selenium WebDriver Logs - browser] @13-02-2021 17:22:07.0340 PM
[ReportManager] Successfully created attachment [Selenium WebDriver Logs - driver] @13-02-2021 17:22:07.0390 PM
[ReportManager] Successfully Closed All Browsers. @13-02-2021 17:22:07.0468 P
[ReportManager] File Action [getAbsolutePath] successfully performed. With the following test data [Relative Folder Path: "target/downloadedFiles/"]. @13-02-2021 17:22:07.0470 PM
[ReportManager] Attempting to run remotely on: [Linux-64], [GoogleChrome], [http://localhost:4444/wd/hub], Headless Execution. @13-02-2021 17:22:07.0470 PM
[ReportManager] Successfully Opened [GoogleChrome]. @13-02-2021 17:22:07.0715 PM
[ReportManager] Target URL: [https://the-internet.herokuapp.com/] @13-02-2021 17:22:07.0725 PM
[ReportManager] Initial URL: [data:,] @13-02-2021 17:22:07.0773 PM
[ReportManager] Browser Action [navigateToURL] successfully performed. With the following test data [https://the-internet.herokuapp.com/]. @13-02-2021 17:22:08.0284 P

################################################################################################################################################
Starting Execution:	[92 out of 134] test cases in the current suite
Test Method:		[testPackage01.Test_NewValidationActions.f15]
################################################################################################################################################
[ReportManager] Element Action [getText] successfully performed. With the following test data [Welcome to the-internet]. @13-02-2021 17:22:08.0376 PM
[ReportManager] Loaded Shared OpenCV @13-02-2021 17:22:08.0514 PM
[ReportManager] AssertElementAttribute FAILED; Expected [Value Should not be 'Welcome' for the 'text' attribute, element locator 'By.tagName: h1'] and Actual [Welcome to the-internet]. Comparison Type [CONTAINS]. Validation Type [NEGATIVE]. @13-02-2021 17:22:08.0595 PM
[ReportManager] Successfully created attachment [Screenshot - 1613236928514_f15_AssertElementAttribute_failed] @13-02-2021 17:22:08.0596 P
[ReportManager] Successfully created attachment [Selenium WebDriver Logs - server] @13-02-2021 17:22:08.0607 PM
[ReportManager] Successfully created attachment [Selenium WebDriver Logs - performance] @13-02-2021 17:22:08.0625 PM
[ReportManager] Successfully created attachment [Selenium WebDriver Logs - browser] @13-02-2021 17:22:08.0631 PM
[ReportManager] Successfully created attachment [Selenium WebDriver Logs - driver] @13-02-2021 17:22:08.0697 PM
[ReportManager] Successfully Closed All Browsers. @13-02-2021 17:22:08.0773 P
[ReportManager] File Action [getAbsolutePath] successfully performed. With the following test data [Relative Folder Path: "target/downloadedFiles/"]. @13-02-2021 17:22:08.0775 PM
[ReportManager] Attempting to run remotely on: [Linux-64], [GoogleChrome], [http://localhost:4444/wd/hub], Headless Execution. @13-02-2021 17:22:08.0775 PM
[ReportManager] Successfully Opened [GoogleChrome]. @13-02-2021 17:22:08.0991 PM
[ReportManager] Target URL: [https://the-internet.herokuapp.com/] @13-02-2021 17:22:09.0001 PM
[ReportManager] Initial URL: [data:,] @13-02-2021 17:22:09.0037 PM
[ReportManager] Browser Action [navigateToURL] successfully performed. With the following test data [https://the-internet.herokuapp.com/]. @13-02-2021 17:22:09.0415 P

################################################################################################################################################
Starting Execution:	[93 out of 134] test cases in the current suite
Test Method:		[testPackage01.Test_NewValidationActions.f16]
################################################################################################################################################
[ReportManager] Element Action [identifyUniqueElement] failed. With the following test data [zero elements found matching this locator "By.tagName: h3".]. @13-02-2021 17:22:09.0641 PM
[ReportManager] Successfully created attachment [Screenshot - 1613236929579_f16_identifyUniqueElement_failed] @13-02-2021 17:22:09.0642 PM
[ReportManager] AssertElementAttribute FAILED; Expected [Value Should not be 'Welcome' for the 'text' attribute, element locator 'By.tagName: h3'] and Actual [Failed to read the desired element attribute]. Comparison Type [CONTAINS]. Validation Type [NEGATIVE]. @13-02-2021 17:22:09.0642 P
[ReportManager] Successfully created attachment [Selenium WebDriver Logs - server] @13-02-2021 17:22:09.0661 PM
[ReportManager] Successfully created attachment [Selenium WebDriver Logs - performance] @13-02-2021 17:22:09.0681 PM
[ReportManager] Successfully created attachment [Selenium WebDriver Logs - browser] @13-02-2021 17:22:09.0687 PM
[ReportManager] Successfully created attachment [Selenium WebDriver Logs - driver] @13-02-2021 17:22:09.0736 PM
[ReportManager] Successfully Closed All Browsers. @13-02-2021 17:22:09.0810 P
[ReportManager] File Action [getAbsolutePath] successfully performed. With the following test data [Relative Folder Path: "target/downloadedFiles/"]. @13-02-2021 17:22:09.0812 PM
[ReportManager] Attempting to run remotely on: [Linux-64], [GoogleChrome], [http://localhost:4444/wd/hub], Headless Execution. @13-02-2021 17:22:09.0812 PM
[ReportManager] Successfully Opened [GoogleChrome]. @13-02-2021 17:22:10.0030 PM
[ReportManager] Target URL: [https://the-internet.herokuapp.com/] @13-02-2021 17:22:10.0040 PM
[ReportManager] Initial URL: [data:,] @13-02-2021 17:22:10.0081 PM
[ReportManager] Browser Action [navigateToURL] successfully performed. With the following test data [https://the-internet.herokuapp.com/]. @13-02-2021 17:22:10.0477 P

################################################################################################################################################
Starting Execution:	[94 out of 134] test cases in the current suite
Test Method:		[testPackage01.Test_NewValidationActions.f17]
################################################################################################################################################
[ReportManager] Attempting to getAttribute [text2] from elementLocator [By.tagName: h1]. @13-02-2021 17:22:10.0479 PM
[ReportManager] Element Action [getAttribute] successfully performed. @13-02-2021 17:22:10.0573 PM
[ReportManager] Loaded Shared OpenCV @13-02-2021 17:22:10.0717 PM
[ReportManager] AssertElementAttribute PASSED; Expected [Value Should not be 'Welcome' for the 'text2' attribute, element locator 'By.tagName: h1'] and Actual [null]. Comparison Type [CONTAINS]. Validation Type [NEGATIVE]. @13-02-2021 17:22:10.0799 PM
[ReportManager] Successfully created attachment [Screenshot - 1613236930717_f17_AssertElementAttribute_passed] @13-02-2021 17:22:10.0800 P
[ReportManager] Successfully created attachment [Selenium WebDriver Logs - server] @13-02-2021 17:22:10.0815 PM
[ReportManager] Successfully created attachment [Selenium WebDriver Logs - performance] @13-02-2021 17:22:10.0835 PM
[ReportManager] Successfully created attachment [Selenium WebDriver Logs - browser] @13-02-2021 17:22:10.0843 PM
[ReportManager] Successfully created attachment [Selenium WebDriver Logs - driver] @13-02-2021 17:22:10.0895 PM
[ReportManager] Successfully Closed All Browsers. @13-02-2021 17:22:10.0968 P
[ReportManager] File Action [getAbsolutePath] successfully performed. With the following test data [Relative Folder Path: "target/downloadedFiles/"]. @13-02-2021 17:22:10.0971 PM
[ReportManager] Attempting to run remotely on: [Linux-64], [GoogleChrome], [http://localhost:4444/wd/hub], Headless Execution. @13-02-2021 17:22:10.0971 PM
[ReportManager] Successfully Opened [GoogleChrome]. @13-02-2021 17:22:11.0202 PM
[ReportManager] Target URL: [https://the-internet.herokuapp.com/] @13-02-2021 17:22:11.0213 PM
[ReportManager] Initial URL: [data:,] @13-02-2021 17:22:11.0256 PM
[ReportManager] Browser Action [navigateToURL] successfully performed. With the following test data [https://the-internet.herokuapp.com/]. @13-02-2021 17:22:11.0632 P

################################################################################################################################################
Starting Execution:	[95 out of 134] test cases in the current suite
Test Method:		[testPackage01.Test_NewValidationActions.f18]
################################################################################################################################################
[ReportManager] Element Action [getText] successfully performed. With the following test data [Welcome to the-internet]. @13-02-2021 17:22:11.0728 PM
[ReportManager] Loaded Shared OpenCV @13-02-2021 17:22:11.0868 PM
[ReportManager] AssertElementAttribute PASSED; Expected [Value Should not be 'no' for the 'text' attribute, element locator 'By.tagName: h1'] and Actual [Welcome to the-internet]. Comparison Type [CONTAINS]. Validation Type [NEGATIVE]. @13-02-2021 17:22:11.0951 PM
[ReportManager] Successfully created attachment [Screenshot - 1613236931868_f18_AssertElementAttribute_passed] @13-02-2021 17:22:11.0952 P
[ReportManager] Successfully created attachment [Selenium WebDriver Logs - server] @13-02-2021 17:22:11.0962 PM
[ReportManager] Successfully created attachment [Selenium WebDriver Logs - performance] @13-02-2021 17:22:11.0982 PM
[ReportManager] Successfully created attachment [Selenium WebDriver Logs - browser] @13-02-2021 17:22:11.0989 PM
[ReportManager] Successfully created attachment [Selenium WebDriver Logs - driver] @13-02-2021 17:22:12.0048 PM
[ReportManager] Successfully Closed All Browsers. @13-02-2021 17:22:12.0122 P
[ReportManager] File Action [getAbsolutePath] successfully performed. With the following test data [Relative Folder Path: "target/downloadedFiles/"]. @13-02-2021 17:22:12.0124 PM
[ReportManager] Attempting to run remotely on: [Linux-64], [GoogleChrome], [http://localhost:4444/wd/hub], Headless Execution. @13-02-2021 17:22:12.0128 PM
[ReportManager] Successfully Opened [GoogleChrome]. @13-02-2021 17:22:12.0350 PM
[ReportManager] Target URL: [https://the-internet.herokuapp.com/] @13-02-2021 17:22:12.0364 PM
[ReportManager] Initial URL: [data:,] @13-02-2021 17:22:12.0403 PM
[ReportManager] Browser Action [navigateToURL] successfully performed. With the following test data [https://the-internet.herokuapp.com/]. @13-02-2021 17:22:12.0784 P

################################################################################################################################################
Starting Execution:	[96 out of 134] test cases in the current suite
Test Method:		[testPackage01.Test_NewValidationActions.f19]
################################################################################################################################################
[ReportManager] Element Action [getTagName] successfully performed. With the following test data [h1]. @13-02-2021 17:22:12.0882 PM
[ReportManager] Loaded Shared OpenCV @13-02-2021 17:22:13.0016 PM
[ReportManager] AssertElementAttribute PASSED; Expected [Value Should be 'h' for the 'tagname' attribute, element locator 'By.tagName: h1'] and Actual [h1]. Comparison Type [CONTAINS]. Validation Type [POSITIVE]. @13-02-2021 17:22:13.0088 PM
[ReportManager] Successfully created attachment [Screenshot - 1613236933016_f19_AssertElementAttribute_passed] @13-02-2021 17:22:13.0089 P
[ReportManager] Successfully created attachment [Selenium WebDriver Logs - server] @13-02-2021 17:22:13.0101 PM
[ReportManager] Successfully created attachment [Selenium WebDriver Logs - performance] @13-02-2021 17:22:13.0119 PM
[ReportManager] Successfully created attachment [Selenium WebDriver Logs - browser] @13-02-2021 17:22:13.0126 PM
[ReportManager] Successfully created attachment [Selenium WebDriver Logs - driver] @13-02-2021 17:22:13.0179 PM
[ReportManager] Successfully Closed All Browsers. @13-02-2021 17:22:13.0306 P

################################################################################################################################################
Starting Execution:	[97 out of 134] test cases in the current suite
Test Method:		[testPackage01.Test_NewValidationActions.f2]
################################################################################################################################################
[ReportManager] Checking valid user data... @13-02-2021 17:22:13.0309 PM
[ReportManager] AssertEquals FAILED; Expected [1] and Actual [2]. Comparison Type [EQUALS]. Validation Type [POSITIVE]. @13-02-2021 17:22:13.0309 P
[ReportManager] File Action [getAbsolutePath] successfully performed. With the following test data [Relative Folder Path: "target/downloadedFiles/"]. @13-02-2021 17:22:13.0312 PM
[ReportManager] Attempting to run remotely on: [Linux-64], [GoogleChrome], [http://localhost:4444/wd/hub], Headless Execution. @13-02-2021 17:22:13.0312 PM
[ReportManager] Successfully Opened [GoogleChrome]. @13-02-2021 17:22:13.0556 PM
[ReportManager] Target URL: [https://the-internet.herokuapp.com/] @13-02-2021 17:22:13.0581 PM
[ReportManager] Initial URL: [data:,] @13-02-2021 17:22:13.0619 PM
[ReportManager] Browser Action [navigateToURL] successfully performed. With the following test data [https://the-internet.herokuapp.com/]. @13-02-2021 17:22:14.0004 P

################################################################################################################################################
Starting Execution:	[98 out of 134] test cases in the current suite
Test Method:		[testPackage01.Test_NewValidationActions.f20]
################################################################################################################################################
[ReportManager] Element Action [getSize] successfully performed. With the following test data [(755, 61)]. @13-02-2021 17:22:14.0103 PM
[ReportManager] Loaded Shared OpenCV @13-02-2021 17:22:14.0263 PM
[ReportManager] AssertElementAttribute PASSED; Expected [Value Should not be 'a' for the 'size' attribute, element locator 'By.tagName: h1'] and Actual [(755, 61)]. Comparison Type [CONTAINS]. Validation Type [NEGATIVE]. @13-02-2021 17:22:14.0338 PM
[ReportManager] Successfully created attachment [Screenshot - 1613236934263_f20_AssertElementAttribute_passed] @13-02-2021 17:22:14.0340 P
[ReportManager] Successfully created attachment [Selenium WebDriver Logs - server] @13-02-2021 17:22:14.0352 PM
[ReportManager] Successfully created attachment [Selenium WebDriver Logs - performance] @13-02-2021 17:22:14.0371 PM
[ReportManager] Successfully created attachment [Selenium WebDriver Logs - browser] @13-02-2021 17:22:14.0379 PM
[ReportManager] Successfully created attachment [Selenium WebDriver Logs - driver] @13-02-2021 17:22:14.0428 PM
[ReportManager] Successfully Closed All Browsers. @13-02-2021 17:22:14.0503 P
[ReportManager] File Action [getAbsolutePath] successfully performed. With the following test data [Relative Folder Path: "target/downloadedFiles/"]. @13-02-2021 17:22:14.0505 PM
[ReportManager] Attempting to run remotely on: [Linux-64], [GoogleChrome], [http://localhost:4444/wd/hub], Headless Execution. @13-02-2021 17:22:14.0505 PM
[ReportManager] Successfully Opened [GoogleChrome]. @13-02-2021 17:22:14.0721 PM
[ReportManager] Target URL: [https://the-internet.herokuapp.com/] @13-02-2021 17:22:14.0732 PM
[ReportManager] Initial URL: [data:,] @13-02-2021 17:22:14.0775 PM
[ReportManager] Browser Action [navigateToURL] successfully performed. With the following test data [https://the-internet.herokuapp.com/]. @13-02-2021 17:22:15.0136 P

################################################################################################################################################
Starting Execution:	[99 out of 134] test cases in the current suite
Test Method:		[testPackage01.Test_NewValidationActions.f21]
################################################################################################################################################
[ReportManager] Element Action [identifyUniqueElement] failed. With the following test data [zero elements found matching this locator "By.tagName: h3".]. @13-02-2021 17:22:15.0331 PM
[ReportManager] Successfully created attachment [Screenshot - 1613236935268_f21_identifyUniqueElement_failed] @13-02-2021 17:22:15.0331 PM
[ReportManager] AssertElementAttribute FAILED; Expected [Value Should be 'Welcome' for the 'text' attribute, element locator 'By.tagName: h3'] and Actual [Failed to read the desired element attribute]. Comparison Type [CONTAINS]. Validation Type [POSITIVE]. @13-02-2021 17:22:15.0332 P
[ReportManager] Successfully created attachment [Selenium WebDriver Logs - server] @13-02-2021 17:22:15.0350 PM
[ReportManager] Successfully created attachment [Selenium WebDriver Logs - performance] @13-02-2021 17:22:15.0368 PM
[ReportManager] Successfully created attachment [Selenium WebDriver Logs - browser] @13-02-2021 17:22:15.0376 PM
[ReportManager] Successfully created attachment [Selenium WebDriver Logs - driver] @13-02-2021 17:22:15.0423 PM
[ReportManager] Successfully Closed All Browsers. @13-02-2021 17:22:15.0498 P
[ReportManager] File Action [getAbsolutePath] successfully performed. With the following test data [Relative Folder Path: "target/downloadedFiles/"]. @13-02-2021 17:22:15.0500 PM
[ReportManager] Attempting to run remotely on: [Linux-64], [GoogleChrome], [http://localhost:4444/wd/hub], Headless Execution. @13-02-2021 17:22:15.0500 PM
[ReportManager] Successfully Opened [GoogleChrome]. @13-02-2021 17:22:15.0749 PM
[ReportManager] Target URL: [https://the-internet.herokuapp.com/] @13-02-2021 17:22:15.0759 PM
[ReportManager] Initial URL: [data:,] @13-02-2021 17:22:15.0797 PM
[ReportManager] Browser Action [navigateToURL] successfully performed. With the following test data [https://the-internet.herokuapp.com/]. @13-02-2021 17:22:16.0170 P

################################################################################################################################################
Starting Execution:	[100 out of 134] test cases in the current suite
Test Method:		[testPackage01.Test_NewValidationActions.f22]
################################################################################################################################################
[ReportManager] Element Action [getText] successfully performed. With the following test data [Welcome to the-internet]. @13-02-2021 17:22:16.0267 PM
[ReportManager] Loaded Shared OpenCV @13-02-2021 17:22:16.0413 PM
[ReportManager] AssertElementAttribute FAILED; Expected [Value Should be 'yyy' for the 'text' attribute, element locator 'By.tagName: h1'] and Actual [Welcome to the-internet]. Comparison Type [CONTAINS]. Validation Type [POSITIVE]. @13-02-2021 17:22:16.0485 PM
[ReportManager] Successfully created attachment [Screenshot - 1613236936413_f22_AssertElementAttribute_failed] @13-02-2021 17:22:16.0486 P
[ReportManager] Successfully created attachment [Selenium WebDriver Logs - server] @13-02-2021 17:22:16.0500 PM
[ReportManager] Successfully created attachment [Selenium WebDriver Logs - performance] @13-02-2021 17:22:16.0520 PM
[ReportManager] Successfully created attachment [Selenium WebDriver Logs - browser] @13-02-2021 17:22:16.0526 PM
[ReportManager] Successfully created attachment [Selenium WebDriver Logs - driver] @13-02-2021 17:22:16.0575 PM
[ReportManager] Successfully Closed All Browsers. @13-02-2021 17:22:16.0649 P

################################################################################################################################################
Starting Execution:	[101 out of 134] test cases in the current suite
Test Method:		[testPackage01.Test_NewValidationActions.f23]
################################################################################################################################################
[ReportManager] confirming that the actual is greater than or equal to the expected... @13-02-2021 17:22:16.0654 PM
[ReportManager] AssertComparativeRelation PASSED; Expected [1] and Actual [1]. Comparison Type [GREATER_THAN_OR_EQUALS]. Validation Type [POSITIVE]. @13-02-2021 17:22:16.0654 P

################################################################################################################################################
Starting Execution:	[102 out of 134] test cases in the current suite
Test Method:		[testPackage01.Test_NewValidationActions.f24]
################################################################################################################################################
[ReportManager] AssertComparativeRelation PASSED; Expected [1] and Actual [10]. Comparison Type [GREATER_THAN_OR_EQUALS]. Validation Type [POSITIVE]. @13-02-2021 17:22:16.0656 P

################################################################################################################################################
Starting Execution:	[103 out of 134] test cases in the current suite
Test Method:		[testPackage01.Test_NewValidationActions.f25]
################################################################################################################################################
[ReportManager] AssertComparativeRelation PASSED; Expected [1] and Actual [1]. Comparison Type [EQUALS]. Validation Type [POSITIVE]. @13-02-2021 17:22:16.0660 P

################################################################################################################################################
Starting Execution:	[104 out of 134] test cases in the current suite
Test Method:		[testPackage01.Test_NewValidationActions.f26]
################################################################################################################################################
[ReportManager] AssertComparativeRelation PASSED; Expected [1] and Actual [5]. Comparison Type [GREATER_THAN]. Validation Type [POSITIVE]. @13-02-2021 17:22:16.0664 P

################################################################################################################################################
Starting Execution:	[105 out of 134] test cases in the current suite
Test Method:		[testPackage01.Test_NewValidationActions.f27]
################################################################################################################################################
[ReportManager] AssertComparativeRelation PASSED; Expected [11] and Actual [5]. Comparison Type [LESS_THAN]. Validation Type [POSITIVE]. @13-02-2021 17:22:16.0666 P

################################################################################################################################################
Starting Execution:	[106 out of 134] test cases in the current suite
Test Method:		[testPackage01.Test_NewValidationActions.f28]
################################################################################################################################################
[ReportManager] AssertComparativeRelation PASSED; Expected [11] and Actual [5]. Comparison Type [LESS_THAN_OR_EQUALS]. Validation Type [POSITIVE]. @13-02-2021 17:22:16.0669 P

################################################################################################################################################
Starting Execution:	[107 out of 134] test cases in the current suite
Test Method:		[testPackage01.Test_NewValidationActions.f29]
################################################################################################################################################
[ReportManager] AssertComparativeRelation PASSED; Expected [11] and Actual [11]. Comparison Type [LESS_THAN_OR_EQUALS]. Validation Type [POSITIVE]. @13-02-2021 17:22:16.0672 P

################################################################################################################################################
Starting Execution:	[108 out of 134] test cases in the current suite
Test Method:		[testPackage01.Test_NewValidationActions.f3]
################################################################################################################################################
[ReportManager] AssertEquals PASSED; Expected [1] and Actual [2]. Comparison Type [EQUALS]. Validation Type [NEGATIVE]. @13-02-2021 17:22:16.0681 P

################################################################################################################################################
Starting Execution:	[109 out of 134] test cases in the current suite
Test Method:		[testPackage01.Test_NewValidationActions.f30]
################################################################################################################################################
[ReportManager] AssertComparativeRelation FAILED; Expected [-9] and Actual [11]. Comparison Type [LESS_THAN_OR_EQUALS]. Validation Type [POSITIVE]. @13-02-2021 17:22:16.0690 P

################################################################################################################################################
Starting Execution:	[110 out of 134] test cases in the current suite
Test Method:		[testPackage01.Test_NewValidationActions.f31]
################################################################################################################################################
[ReportManager] AssertTrue PASSED; Expected [TRUE] and Actual [TRUE]. Validation Type [POSITIVE]. @13-02-2021 17:22:16.0692 P

################################################################################################################################################
Starting Execution:	[111 out of 134] test cases in the current suite
Test Method:		[testPackage01.Test_NewValidationActions.f32]
################################################################################################################################################
[ReportManager] AssertTrue PASSED; Expected [FALSE] and Actual [FALSE]. Validation Type [NEGATIVE]. @13-02-2021 17:22:16.0694 P

################################################################################################################################################
Starting Execution:	[112 out of 134] test cases in the current suite
Test Method:		[testPackage01.Test_NewValidationActions.f33]
################################################################################################################################################
[ReportManager] AssertTrue FAILED; Expected [FALSE] and Actual [TRUE]. Validation Type [NEGATIVE]. @13-02-2021 17:22:16.0696 P

################################################################################################################################################
Starting Execution:	[113 out of 134] test cases in the current suite
Test Method:		[testPackage01.Test_NewValidationActions.f34]
################################################################################################################################################
[ReportManager] AssertTrue FAILED; Expected [TRUE] and Actual [FALSE]. Validation Type [POSITIVE]. @13-02-2021 17:22:16.0713 P

################################################################################################################################################
Starting Execution:	[114 out of 134] test cases in the current suite
Test Method:		[testPackage01.Test_NewValidationActions.f35]
################################################################################################################################################
[ReportManager] File Action [doesFileExist] successfully performed. With the following test data [File Path: "pom.xml"]. @13-02-2021 17:22:16.0717 PM
[ReportManager] AssertFileExists PASSED; Expected [File 'pom.xml' should exist, after up to '1' retries] and Actual [File exists]. Validation Type [POSITIVE]. @13-02-2021 17:22:16.0717 P

################################################################################################################################################
Starting Execution:	[115 out of 134] test cases in the current suite
Test Method:		[testPackage01.Test_NewValidationActions.f36]
################################################################################################################################################
[ReportManager] File Action [doesFileExist] successfully performed. With the following test data [File Path: "src/test/java/testPackage01/Test_NewValidationActions.java"]. @13-02-2021 17:22:16.0719 PM
[ReportManager] AssertFileExists PASSED; Expected [File 'src/test/java/testPackage01/Test_NewValidationActions.java' should exist, after up to '1' retries] and Actual [File exists]. Validation Type [POSITIVE]. @13-02-2021 17:22:16.0719 P

################################################################################################################################################
Starting Execution:	[116 out of 134] test cases in the current suite
Test Method:		[testPackage01.Test_NewValidationActions.f37]
################################################################################################################################################
[ReportManager] confirming that the file does't exist after 5 retries... @13-02-2021 17:22:16.0721 PM
[ReportManager] File Action [doesFileExist] successfully performed. With the following test data [File Path: "pom.xml"]. @13-02-2021 17:22:16.0721 PM
[ReportManager] AssertFileExists FAILED; Expected [File 'pom.xml' should not exist, after up to '5' retries] and Actual [File exists]. Validation Type [NEGATIVE]. @13-02-2021 17:22:16.0722 P

################################################################################################################################################
Starting Execution:	[117 out of 134] test cases in the current suite
Test Method:		[testPackage01.Test_NewValidationActions.f3_1]
################################################################################################################################################
[ReportManager] Checking valid user data... @13-02-2021 17:22:16.0725 PM
[ReportManager] AssertEquals PASSED; Expected [null] and Actual [null]. Comparison Type [EQUALS]. Validation Type [POSITIVE]. @13-02-2021 17:22:16.0725 P

################################################################################################################################################
Starting Execution:	[118 out of 134] test cases in the current suite
Test Method:		[testPackage01.Test_NewValidationActions.f4]
################################################################################################################################################
[ReportManager] AssertEquals PASSED; Expected [1] and Actual [123]. Comparison Type [CONTAINS]. Validation Type [POSITIVE]. @13-02-2021 17:22:16.0727 P

################################################################################################################################################
Starting Execution:	[119 out of 134] test cases in the current suite
Test Method:		[testPackage01.Test_NewValidationActions.f5]
################################################################################################################################################
[ReportManager] AssertNull PASSED; Expected [NULL] and Actual [1]. Comparison Type [EQUALS]. Validation Type [NEGATIVE]. @13-02-2021 17:22:16.0732 P

################################################################################################################################################
Starting Execution:	[120 out of 134] test cases in the current suite
Test Method:		[testPackage01.Test_NewValidationActions.f6]
################################################################################################################################################
[ReportManager] Making sure that null string is not equal to null object... @13-02-2021 17:22:16.0735 PM
[ReportManager] AssertNull FAILED; Expected [NULL] and Actual [NULL]. Comparison Type [EQUALS]. Validation Type [POSITIVE]. @13-02-2021 17:22:16.0735 P

################################################################################################################################################
Starting Execution:	[121 out of 134] test cases in the current suite
Test Method:		[testPackage01.Test_NewValidationActions.f6_1]
################################################################################################################################################
[ReportManager] AssertNull FAILED; Expected [NULL] and Actual [NULL]. Comparison Type [EQUALS]. Validation Type [NEGATIVE]. @13-02-2021 17:22:16.0738 P

################################################################################################################################################
Starting Execution:	[122 out of 134] test cases in the current suite
Test Method:		[testPackage01.Test_NewValidationActions.f6_2]
################################################################################################################################################
[ReportManager] Making sure that null string is not equal to null object... @13-02-2021 17:22:16.0740 PM
[ReportManager] AssertNull FAILED; Expected [NULL] and Actual [not null]. Comparison Type [EQUALS]. Validation Type [POSITIVE]. @13-02-2021 17:22:16.0740 P

################################################################################################################################################
Starting Execution:	[123 out of 134] test cases in the current suite
Test Method:		[testPackage01.Test_NewValidationActions.f7]
################################################################################################################################################
[ReportManager] AssertNull PASSED; Expected [NULL] and Actual [NULL]. Comparison Type [EQUALS]. Validation Type [POSITIVE]. @13-02-2021 17:22:16.0743 P
[ReportManager] File Action [getAbsolutePath] successfully performed. With the following test data [Relative Folder Path: "target/downloadedFiles/"]. @13-02-2021 17:22:16.0746 PM
[ReportManager] Attempting to run remotely on: [Linux-64], [GoogleChrome], [http://localhost:4444/wd/hub], Headless Execution. @13-02-2021 17:22:16.0746 PM
[ReportManager] Successfully Opened [GoogleChrome]. @13-02-2021 17:22:16.0955 PM
[ReportManager] Target URL: [https://the-internet.herokuapp.com/] @13-02-2021 17:22:16.0964 PM
[ReportManager] Initial URL: [data:,] @13-02-2021 17:22:17.0002 PM
[ReportManager] Browser Action [navigateToURL] successfully performed. With the following test data [https://the-internet.herokuapp.com/]. @13-02-2021 17:22:17.0368 P

################################################################################################################################################
Starting Execution:	[124 out of 134] test cases in the current suite
Test Method:		[testPackage01.Test_NewValidationActions.f8]
################################################################################################################################################
[ReportManager] Loaded Shared OpenCV @13-02-2021 17:22:17.0582 PM
[ReportManager] AssertElementExists PASSED; Expected [Element Should Exist, locator 'By.tagName: h1'] and Actual [Element Exists]. Comparison Type [EQUALS]. Validation Type [POSITIVE]. @13-02-2021 17:22:17.0659 PM
[ReportManager] Successfully created attachment [Screenshot - 1613236937582_f8_AssertElementExists_passed] @13-02-2021 17:22:17.0660 P
[ReportManager] Successfully created attachment [Selenium WebDriver Logs - server] @13-02-2021 17:22:17.0671 PM
[ReportManager] Successfully created attachment [Selenium WebDriver Logs - performance] @13-02-2021 17:22:17.0688 PM
[ReportManager] Successfully created attachment [Selenium WebDriver Logs - browser] @13-02-2021 17:22:17.0694 PM
[ReportManager] Successfully created attachment [Selenium WebDriver Logs - driver] @13-02-2021 17:22:17.0742 PM
[ReportManager] Successfully Closed All Browsers. @13-02-2021 17:22:17.0816 P
[ReportManager] File Action [getAbsolutePath] successfully performed. With the following test data [Relative Folder Path: "target/downloadedFiles/"]. @13-02-2021 17:22:17.0817 PM
[ReportManager] Attempting to run remotely on: [Linux-64], [GoogleChrome], [http://localhost:4444/wd/hub], Headless Execution. @13-02-2021 17:22:17.0818 PM
[ReportManager] Successfully Opened [GoogleChrome]. @13-02-2021 17:22:18.0003 PM
[ReportManager] Target URL: [https://the-internet.herokuapp.com/] @13-02-2021 17:22:18.0014 PM
[ReportManager] Initial URL: [data:,] @13-02-2021 17:22:18.0071 PM
[ReportManager] Browser Action [navigateToURL] successfully performed. With the following test data [https://the-internet.herokuapp.com/]. @13-02-2021 17:22:18.0458 P

################################################################################################################################################
Starting Execution:	[125 out of 134] test cases in the current suite
Test Method:		[testPackage01.Test_NewValidationActions.f9]
################################################################################################################################################
[ReportManager] AssertElementExists FAILED; Expected [Element Should Exist, locator 'By.tagName: h3'] and Actual [Element Doesn't Exists]. Comparison Type [EQUALS]. Validation Type [POSITIVE]. @13-02-2021 17:22:18.0691 PM
[ReportManager] Successfully created attachment [Screenshot - 1613236938631_f9_AssertElementExists_failed] @13-02-2021 17:22:18.0692 P
[ReportManager] Successfully created attachment [Selenium WebDriver Logs - server] @13-02-2021 17:22:18.0707 PM
[ReportManager] Successfully created attachment [Selenium WebDriver Logs - performance] @13-02-2021 17:22:18.0725 PM
[ReportManager] Successfully created attachment [Selenium WebDriver Logs - browser] @13-02-2021 17:22:18.0731 PM
[ReportManager] Successfully created attachment [Selenium WebDriver Logs - driver] @13-02-2021 17:22:18.0781 PM
[ReportManager] Successfully Closed All Browsers. @13-02-2021 17:22:18.0857 P

################################################################################################################################################
Starting Execution:	[126 out of 134] test cases in the current suite
Test Method:		[testPackage01.Test_NewValidationActions.forceFail]
################################################################################################################################################
[ReportManager] AssertFail FAILED; Expected [null] and Actual [null]. @13-02-2021 17:22:18.0866 P

################################################################################################################################################
Starting Execution:	[127 out of 134] test cases in the current suite
Test Method:		[testPackage01.Test_NewValidationActions.forceFail2]
################################################################################################################################################
[ReportManager] Custom Message... @13-02-2021 17:22:18.0870 PM
[ReportManager] AssertFail FAILED; Expected [null] and Actual [null]. @13-02-2021 17:22:18.0870 P
[ReportManager] File Action [getAbsolutePath] successfully performed. With the following test data [Relative Folder Path: "target/downloadedFiles/"]. @13-02-2021 17:22:18.0873 PM
[ReportManager] Attempting to run remotely on: [Linux-64], [GoogleChrome], [http://localhost:4444/wd/hub], Headless Execution. @13-02-2021 17:22:18.0873 PM
[ReportManager] Successfully Opened [GoogleChrome]. @13-02-2021 17:22:19.0094 P

################################################################################################################################################
Starting Execution:	[128 out of 134] test cases in the current suite
Test Method:		[testPackage01.Test_ShadowDOM.shadowdom]
################################################################################################################################################
[ReportManager] Target URL: [https://mdn.github.io/web-components-examples/popup-info-box-web-component/] @13-02-2021 17:22:19.0116 PM
[ReportManager] Initial URL: [data:,] @13-02-2021 17:22:19.0160 PM
[ReportManager] Browser Action [navigateToURL] successfully performed. With the following test data [https://mdn.github.io/web-components-examples/popup-info-box-web-component/]. @13-02-2021 17:22:19.0370 PM
[ReportManager] Element Action [type] successfully performed. With the following test data [Typing into SHADOW DOM...]. @13-02-2021 17:22:20.0151 PM
[ReportManager] Element Action [getText] successfully performed. With the following test data [Typing into SHADOW DOM...]. @13-02-2021 17:22:20.0265 PM
[ReportManager] Loaded Shared OpenCV @13-02-2021 17:22:20.0397 PM
[ReportManager] AssertElementAttribute PASSED; Expected [Value Should be 'Typing into SHADOW DOM...' for the 'Text' attribute, element locator 'By.id: cvc'] and Actual [Typing into SHADOW DOM...]. Comparison Type [EQUALS]. Validation Type [POSITIVE]. @13-02-2021 17:22:20.0462 PM
[ReportManager] Successfully created attachment [Screenshot - 1613236940397_shadowdom_AssertElementAttribute_passed] @13-02-2021 17:22:20.0462 P
[ReportManager] Successfully created attachment [Selenium WebDriver Logs - server] @13-02-2021 17:22:20.0512 PM
[ReportManager] Successfully created attachment [Selenium WebDriver Logs - performance] @13-02-2021 17:22:20.0521 PM
[ReportManager] Successfully created attachment [Selenium WebDriver Logs - browser] @13-02-2021 17:22:20.0526 PM
[ReportManager] Successfully created attachment [Selenium WebDriver Logs - driver] @13-02-2021 17:22:20.0594 PM
[ReportManager] Browser Action [closeCurrentWindow] successfully performed. @13-02-2021 17:22:20.0651 PM
[ReportManager] Successfully created attachment [Browser Action Test Data - closeCurrentWindow - Actual Value] @13-02-2021 17:22:20.0651 P

################################################################################################################################################
Starting Execution:	[129 out of 134] test cases in the current suite
Test Method:		[testPackage01.Test_chainableElementActions.chainElementActions]
################################################################################################################################################
[ReportManager] File Action [getAbsolutePath] successfully performed. With the following test data [Relative Folder Path: "target/downloadedFiles/"]. @13-02-2021 17:22:20.0688 PM
[ReportManager] Attempting to run remotely on: [Linux-64], [GoogleChrome], [http://localhost:4444/wd/hub], Headless Execution. @13-02-2021 17:22:20.0688 PM
[ReportManager] Successfully Opened [GoogleChrome]. @13-02-2021 17:22:20.0903 PM
[ReportManager] Target URL: [https://www.google.com/ncr], and after redirection: [https://www.google.com] @13-02-2021 17:22:20.0912 PM
[ReportManager] Initial URL: [data:,] @13-02-2021 17:22:20.0948 PM
[ReportManager] Browser Action [navigateToURL] successfully performed. With the following test data [https://www.google.com/ncr]. @13-02-2021 17:22:21.0735 PM
[ReportManager] Element Action [type] successfully performed. With the following test data [chained type 1]. @13-02-2021 17:22:22.0290 PM
[ReportManager] Element Action [type] successfully performed. With the following test data [chained type 2]. @13-02-2021 17:22:22.0878 PM
[ReportManager] Element Action [typeAppend] successfully performed. With the following test data [345]. @13-02-2021 17:22:23.0043 PM
[ReportManager] Element Action [getText] successfully performed. With the following test data [chained type 2345]. @13-02-2021 17:22:23.0174 PM
[ReportManager] Loaded Shared OpenCV @13-02-2021 17:22:23.0306 PM
[ReportManager] AssertElementAttribute PASSED; Expected [Value Should be 'chained type 2345' for the 'text' attribute, element locator 'By.name: q'] and Actual [chained type 2345]. Comparison Type [EQUALS]. Validation Type [POSITIVE]. @13-02-2021 17:22:23.0379 PM
[ReportManager] Successfully created attachment [Screenshot - 1613236943306_chainElementActions_AssertElementAttribute_passed] @13-02-2021 17:22:23.0380 PM
[ReportManager] Successfully created attachment [Selenium WebDriver Logs - server] @13-02-2021 17:22:23.0453 PM
[ReportManager] Successfully created attachment [Selenium WebDriver Logs - performance] @13-02-2021 17:22:23.0606 PM
[ReportManager] Successfully created attachment [Selenium WebDriver Logs - driver] @13-02-2021 17:22:23.0790 PM
[ReportManager] Browser Action [closeCurrentWindow] successfully performed. @13-02-2021 17:22:23.0846 PM
[ReportManager] Successfully created attachment [Browser Action Test Data - closeCurrentWindow - Actual Value] @13-02-2021 17:22:23.0847 P

################################################################################################################################################
Starting Execution:	[130 out of 134] test cases in the current suite
Test Method:		[testPackage01.Test_SelectedValue.multipleSelect]
################################################################################################################################################
[ReportManager] File Action [getAbsolutePath] successfully performed. With the following test data [Relative Folder Path: "target/downloadedFiles/"]. @13-02-2021 17:22:23.0856 PM
[ReportManager] Attempting to run remotely on: [Linux-64], [GoogleChrome], [http://localhost:4444/wd/hub], Headless Execution. @13-02-2021 17:22:23.0856 PM
[ReportManager] Successfully Opened [GoogleChrome]. @13-02-2021 17:22:24.0052 PM
[ReportManager] Target URL: [https://mdn.mozillademos.org/en-US/docs/Web/HTML/Element/select$samples/Advanced_select_with_multiple_features?revision=1612304] @13-02-2021 17:22:24.0062 PM
[ReportManager] Initial URL: [data:,] @13-02-2021 17:22:24.0100 PM
[ReportManager] Browser Action [navigateToURL] successfully performed. With the following test data [https://mdn.mozillademos.org/en-US/docs/Web/HTML/Element/select$samples/Advanced_select_with_multiple_features?revision=1612304]. @13-02-2021 17:22:24.0399 PM
[ReportManager] Element Action [select] successfully performed. With the following test data [Dog]. @13-02-2021 17:22:24.0638 PM
[ReportManager] Element Action [select] successfully performed. With the following test data [Cat]. @13-02-2021 17:22:24.0877 PM
[ReportManager] Element Action [getSelectedText] successfully performed. With the following test data [DogCat]. @13-02-2021 17:22:25.0036 PM
[ReportManager] DogCat @13-02-2021 17:22:25.0036 PM
[ReportManager] Element Action [getSelectedText] successfully performed. With the following test data [DogCat]. @13-02-2021 17:22:25.0205 PM
[ReportManager] Loaded Shared OpenCV @13-02-2021 17:22:25.0309 PM
[ReportManager] AssertElementAttribute PASSED; Expected [Value Should be 'DogCat' for the 'selectedText' attribute, element locator 'By.tagName: select'] and Actual [DogCat]. Comparison Type [EQUALS]. Validation Type [POSITIVE]. @13-02-2021 17:22:25.0372 PM
[ReportManager] Successfully created attachment [Screenshot - 1613236945309_multipleSelect_AssertElementAttribute_passed] @13-02-2021 17:22:25.0373 PM
[ReportManager] Successfully created attachment [Selenium WebDriver Logs - server] @13-02-2021 17:22:25.0406 PM
[ReportManager] Successfully created attachment [Selenium WebDriver Logs - performance] @13-02-2021 17:22:25.0413 PM
[ReportManager] Successfully created attachment [Selenium WebDriver Logs - driver] @13-02-2021 17:22:25.0499 PM
[ReportManager] Browser Action [closeCurrentWindow] successfully performed. @13-02-2021 17:22:25.0557 PM
[ReportManager] Successfully created attachment [Browser Action Test Data - closeCurrentWindow - Actual Value] @13-02-2021 17:22:25.0559 P

################################################################################################################################################
Starting Execution:	[131 out of 134] test cases in the current suite
Test Method:		[testPackage01.Test_SelectedValue.simpleSelect]
################################################################################################################################################
[ReportManager] File Action [getAbsolutePath] successfully performed. With the following test data [Relative Folder Path: "target/downloadedFiles/"]. @13-02-2021 17:22:25.0566 PM
[ReportManager] Attempting to run remotely on: [Linux-64], [GoogleChrome], [http://localhost:4444/wd/hub], Headless Execution. @13-02-2021 17:22:25.0566 PM
[ReportManager] Successfully Opened [GoogleChrome]. @13-02-2021 17:22:25.0771 PM
[ReportManager] Target URL: [https://mdn.mozillademos.org/en-US/docs/Web/HTML/Element/select$samples/Basic_select?revision=1612304] @13-02-2021 17:22:25.0780 PM
[ReportManager] Initial URL: [data:,] @13-02-2021 17:22:25.0818 PM
[ReportManager] Browser Action [navigateToURL] successfully performed. With the following test data [https://mdn.mozillademos.org/en-US/docs/Web/HTML/Element/select$samples/Basic_select?revision=1612304]. @13-02-2021 17:22:25.0993 PM
[ReportManager] Element Action [select] successfully performed. With the following test data [Third Value]. @13-02-2021 17:22:26.0309 PM
[ReportManager] Element Action [getSelectedText] successfully performed. With the following test data [Third Value]. @13-02-2021 17:22:26.0413 PM
[ReportManager] Third Value @13-02-2021 17:22:26.0413 PM
[ReportManager] Element Action [getSelectedText] successfully performed. With the following test data [Third Value]. @13-02-2021 17:22:26.0523 PM
[ReportManager] Loaded Shared OpenCV @13-02-2021 17:22:26.0638 PM
[ReportManager] AssertElementAttribute PASSED; Expected [Value Should be 'Third Value' for the 'selectedText' attribute, element locator 'By.tagName: select'] and Actual [Third Value]. Comparison Type [EQUALS]. Validation Type [POSITIVE]. @13-02-2021 17:22:26.0697 PM
[ReportManager] Successfully created attachment [Screenshot - 1613236946638_simpleSelect_AssertElementAttribute_passed] @13-02-2021 17:22:26.0697 PM
[ReportManager] Successfully created attachment [Selenium WebDriver Logs - server] @13-02-2021 17:22:26.0731 PM
[ReportManager] Successfully created attachment [Selenium WebDriver Logs - performance] @13-02-2021 17:22:26.0739 PM
[ReportManager] Successfully created attachment [Selenium WebDriver Logs - driver] @13-02-2021 17:22:26.0807 PM
[ReportManager] Browser Action [closeCurrentWindow] successfully performed. @13-02-2021 17:22:26.0868 PM
[ReportManager] Successfully created attachment [Browser Action Test Data - closeCurrentWindow - Actual Value] @13-02-2021 17:22:26.0869 P
[ReportManager] File Action [getAbsolutePath] successfully performed. With the following test data [Relative Folder Path: "target/downloadedFiles/"]. @13-02-2021 17:22:26.0870 PM
[ReportManager] Attempting to run remotely on: [Linux-64], [GoogleChrome], [http://localhost:4444/wd/hub], Headless Execution. @13-02-2021 17:22:26.0870 PM
[ReportManager] Successfully Opened [GoogleChrome]. @13-02-2021 17:22:27.0085 P

################################################################################################################################################
Starting Execution:	[132 out of 134] test cases in the current suite
Test Method:		[testPackage01.Test_clipboardActions.typeTextAndCopyPaste]
################################################################################################################################################
[ReportManager] Target URL: [https://www.google.com/ncr], and after redirection: [https://www.google.com] @13-02-2021 17:22:27.0097 PM
[ReportManager] Initial URL: [data:,] @13-02-2021 17:22:27.0135 PM
[ReportManager] Browser Action [navigateToURL] successfully performed. With the following test data [https://www.google.com/ncr]. @13-02-2021 17:22:27.0999 PM
[ReportManager] Element Action [type] successfully performed. With the following test data [FIRST]. @13-02-2021 17:22:28.0452 PM
[ReportManager] Element Action [clipboardActions] successfully performed. With the following test data [select all]. @13-02-2021 17:22:28.0548 PM
[ReportManager] Element Action [clipboardActions] successfully performed. With the following test data [copy]. @13-02-2021 17:22:28.0621 PM
[ReportManager] Element Action [clipboardActions] successfully performed. With the following test data [unselect]. @13-02-2021 17:22:28.0682 PM
[ReportManager] Element Action [clipboardActions] successfully performed. With the following test data [paste]. @13-02-2021 17:22:28.0768 PM
[ReportManager] Element Action [clipboardActions] successfully performed. With the following test data [select all]. @13-02-2021 17:22:28.0845 PM
[ReportManager] Element Action [clipboardActions] successfully performed. With the following test data [cut]. @13-02-2021 17:22:28.0944 PM
[ReportManager] Element Action [clipboardActions] successfully performed. With the following test data [paste]. @13-02-2021 17:22:29.0038 PM
[ReportManager] Element Action [clipboardActions] successfully performed. With the following test data [paste]. @13-02-2021 17:22:29.0131 P
[ReportManager] Successfully created attachment [Selenium WebDriver Logs - server] @13-02-2021 17:22:29.0222 PM
[ReportManager] Successfully created attachment [Selenium WebDriver Logs - performance] @13-02-2021 17:22:29.0295 PM
[ReportManager] Successfully created attachment [Selenium WebDriver Logs - driver] @13-02-2021 17:22:29.0459 PM
[ReportManager] Browser Action [closeCurrentWindow] successfully performed. @13-02-2021 17:22:29.0515 PM
[ReportManager] Successfully created attachment [Browser Action Test Data - closeCurrentWindow - Actual Value] @13-02-2021 17:22:29.0516 P
[ReportManager] File Action [getAbsolutePath] successfully performed. With the following test data [Relative Folder Path: "target/downloadedFiles/"]. @13-02-2021 17:22:29.0518 PM
[ReportManager] Attempting to run remotely on: [Linux-64], [GoogleChrome], [http://localhost:4444/wd/hub], Headless Execution. @13-02-2021 17:22:29.0518 PM
[ReportManager] Successfully Opened [GoogleChrome]. @13-02-2021 17:22:29.0742 P

################################################################################################################################################
Starting Execution:	[133 out of 134] test cases in the current suite
Test Method:		[testPackage01.Test_uploadFile.uploadFile_invisibleUploadInput]
################################################################################################################################################
[ReportManager] Target URL: [https://fineuploader.com/demos.html#gallery-view] @13-02-2021 17:22:29.0755 PM
[ReportManager] Initial URL: [data:,] @13-02-2021 17:22:29.0799 PM
[ReportManager] Browser Action [navigateToURL] successfully performed. With the following test data [https://fineuploader.com/demos.html#gallery-view]. @13-02-2021 17:22:31.0425 PM
[ReportManager] File Action [getAbsolutePath] successfully performed. With the following test data [Relative File Path: "src/main/resources/images/shaft.png"]. @13-02-2021 17:22:31.0425 PM
[ReportManager] Successfully created attachment [File Action Actual Result - Command Log] @13-02-2021 17:22:31.0426 PM
[ReportManager] Element Action [typeFileLocationForUpload] successfully performed. With the following test data [/home/runner/work/SHAFT_ENGINE/SHAFT_ENGINE/src/main/resources/images/shaft.png]. @13-02-2021 17:22:31.0602 PM
[ReportManager] Attempting to getAttribute [src] from elementLocator [By.xpath: //div[@id='fine-uploader-gallery']//div[@class='qq-thumbnail-wrapper']/img]. @13-02-2021 17:22:31.0603 PM
[ReportManager] Element Action [getAttribute] successfully performed. @13-02-2021 17:22:31.0730 PM
[ReportManager] Successfully created attachment [Element Action Test Data - getAttribute - Actual Value] @13-02-2021 17:22:31.0731 PM
[ReportManager] Loaded Shared OpenCV @13-02-2021 17:22:31.0859 PM
[ReportManager] AssertElementAttribute PASSED; Expected and Actual values are attached. Comparison Type [CONTAINS]. Validation Type [POSITIVE]. @13-02-2021 17:22:31.0935 PM
[ReportManager] Successfully created attachment [Validation Test Data - Expected Value] @13-02-2021 17:22:31.0935 PM
[ReportManager] Successfully created attachment [Validation Test Data - Actual Value] @13-02-2021 17:22:31.0935 PM
[ReportManager] Successfully created attachment [Screenshot - 1613236951859_uploadFile_invisibleUploadInput_AssertElementAttribute_passed] @13-02-2021 17:22:31.0936 P
[ReportManager] Successfully created attachment [Selenium WebDriver Logs - server] @13-02-2021 17:22:32.0028 PM
[ReportManager] Successfully created attachment [Selenium WebDriver Logs - performance] @13-02-2021 17:22:32.0111 PM
[ReportManager] Successfully created attachment [Selenium WebDriver Logs - browser] @13-02-2021 17:22:32.0120 PM
[ReportManager] Successfully created attachment [Selenium WebDriver Logs - driver] @13-02-2021 17:22:32.0259 PM
[ReportManager] Browser Action [closeCurrentWindow] successfully performed. @13-02-2021 17:22:32.0315 PM
[ReportManager] Successfully created attachment [Browser Action Test Data - closeCurrentWindow - Actual Value] @13-02-2021 17:22:32.0315 P
[ReportManager] File Action [getAbsolutePath] successfully performed. With the following test data [Relative Folder Path: "target/downloadedFiles/"]. @13-02-2021 17:22:32.0318 PM
[ReportManager] Attempting to run remotely on: [Linux-64], [GoogleChrome], [http://localhost:4444/wd/hub], Headless Execution. @13-02-2021 17:22:32.0318 PM
[ReportManager] Successfully Opened [GoogleChrome]. @13-02-2021 17:22:32.0540 P

################################################################################################################################################
Starting Execution:	[134 out of 134] test cases in the current suite
Test Method:		[testPackage01.Test_uploadFile.uploadFile_visibleUploadInput]
################################################################################################################################################
[ReportManager] Target URL: [http://demo.guru99.com/test/upload/] @13-02-2021 17:22:32.0582 PM
[ReportManager] Initial URL: [data:,] @13-02-2021 17:22:32.0625 PM
[ReportManager] Browser Action [navigateToURL] successfully performed. With the following test data [http://demo.guru99.com/test/upload/]. @13-02-2021 17:22:33.0916 PM
[ReportManager] File Action [getAbsolutePath] successfully performed. With the following test data [Relative File Path: "src/main/resources/images/shaft.png"]. @13-02-2021 17:22:33.0916 PM
[ReportManager] Successfully created attachment [File Action Actual Result - Command Log] @13-02-2021 17:22:33.0916 PM
[ReportManager] Element Action [typeFileLocationForUpload] successfully performed. With the following test data [/home/runner/work/SHAFT_ENGINE/SHAFT_ENGINE/src/main/resources/images/shaft.png]. @13-02-2021 17:22:34.0079 PM
[ReportManager] Element Action [click] successfully performed. With the following test data [on]. @13-02-2021 17:22:34.0428 PM
[ReportManager] Element Action [click] successfully performed. With the following test data [Submit File]. @13-02-2021 17:22:34.0750 PM
[ReportManager] Element Action [getText] successfully performed. With the following test data [1 file
has been successfully uploaded.]. @13-02-2021 17:22:35.0403 PM
[ReportManager] Loaded Shared OpenCV @13-02-2021 17:22:35.0533 PM
[ReportManager] AssertElementAttribute PASSED; Expected [Value Should be '1 file' for the 'Text' attribute, element locator 'By.id: res'] and Actual [1 file
has been successfully uploaded.]. Comparison Type [CONTAINS]. Validation Type [POSITIVE]. @13-02-2021 17:22:35.0603 PM
[ReportManager] Successfully created attachment [Screenshot - 1613236955533_uploadFile_visibleUploadInput_AssertElementAttribute_passed] @13-02-2021 17:22:35.0604 P
[ReportManager] Successfully created attachment [Selenium WebDriver Logs - server] @13-02-2021 17:22:35.0662 PM
[ReportManager] Successfully created attachment [Selenium WebDriver Logs - performance] @13-02-2021 17:22:35.0752 PM
[ReportManager] Successfully created attachment [Selenium WebDriver Logs - browser] @13-02-2021 17:22:35.0759 PM
[ReportManager] Successfully created attachment [Selenium WebDriver Logs - driver] @13-02-2021 17:22:35.0961 PM
[ReportManager] Browser Action [closeCurrentWindow] successfully performed. @13-02-2021 17:22:36.0020 PM
[ReportManager] Successfully created attachment [Browser Action Test Data - closeCurrentWindow - Actual Value] @13-02-2021 17:22:36.0020 P

################################################################################################################################################
Test Closure Activities
################################################################################################################################################
[ReportManager] Successfully created attachment [SHAFT Engine Logs - Execution log] @13-02-2021 17:22:36.0066 PM

################################################################################################################################################
This test run was powered by SHAFT Engine Version: [SHAFT Engine v5.1]
SHAFT Engine is licensed under the MIT License: [https://github.com/MohabMohie/SHAFT_ENGINE/blob/master/LICENSE].
################################################################################################################################################