################################################################################################################################################
Detected SHAFT Engine Version: [SHAFT Engine v5.1]
################################################################################################################################################
[ReportManager] File Action [getAbsolutePath] successfully performed. With the following test data [Relative Folder Path: "target/downloadedFiles/"]. @15-02-2021 05:39:26.0589 AM
[ReportManager] Attempting to run remotely on: [Linux-64], [GoogleChrome], [http://localhost:4444/wd/hub], Headless Execution. @15-02-2021 05:39:26.0638 AM
[ReportManager] Successfully Opened [GoogleChrome]. @15-02-2021 05:39:28.0449 A

################################################################################################################################################
Starting Execution:	[1 out of 134] test cases in the current suite
Test Method:		[unitTests.tests_element_elementActions.waitForElementToBePresent_false_expectedToFail]
################################################################################################################################################
[ReportManager] Target URL: [https://www.google.com/ncr], and after redirection: [www.google.com] @15-02-2021 05:39:28.0787 AM
[ReportManager] Initial URL: [data:,] @15-02-2021 05:39:28.0903 AM
[ReportManager] Browser Action [navigateToURL] successfully performed. With the following test data [https://www.google.com/ncr]. @15-02-2021 05:39:30.0260 AM
[ReportManager] Waiting for element to be present; elementLocator [By.id: hplogo], numberOfTries[1], stateOfPresence[false]... @15-02-2021 05:39:30.0270 AM
[ReportManager] Element Action [waitForElementToBePresent] successfully performed. With the following test data [waited up to (5) seconds, for the element's state of presence to be (false). Element locator (By.id: hplogo)]. @15-02-2021 05:39:30.0346 A
[ReportManager] Successfully created attachment [Selenium WebDriver Logs - server] @15-02-2021 05:39:30.0509 AM
[ReportManager] Successfully created attachment [Selenium WebDriver Logs - performance] @15-02-2021 05:39:30.0585 AM
[ReportManager] Successfully created attachment [Selenium WebDriver Logs - driver] @15-02-2021 05:39:30.0768 AM
[ReportManager] Browser Action [closeCurrentWindow] successfully performed. @15-02-2021 05:39:30.0842 AM
[ReportManager] Successfully created attachment [Browser Action Test Data - closeCurrentWindow - Actual Value] @15-02-2021 05:39:30.0846 A
[ReportManager] File Action [getAbsolutePath] successfully performed. With the following test data [Relative Folder Path: "target/downloadedFiles/"]. @15-02-2021 05:39:30.0860 AM
[ReportManager] Attempting to run remotely on: [Linux-64], [GoogleChrome], [http://localhost:4444/wd/hub], Headless Execution. @15-02-2021 05:39:30.0861 AM
[ReportManager] Successfully Opened [GoogleChrome]. @15-02-2021 05:39:31.0558 A

################################################################################################################################################
Starting Execution:	[2 out of 134] test cases in the current suite
Test Method:		[unitTests.tests_element_elementActions.waitForElementToBePresent_false_expectedToPass]
################################################################################################################################################
[ReportManager] Target URL: [https://www.google.com/ncr], and after redirection: [www.google.com] @15-02-2021 05:39:31.0607 AM
[ReportManager] Initial URL: [data:,] @15-02-2021 05:39:31.0681 AM
[ReportManager] Browser Action [navigateToURL] successfully performed. With the following test data [https://www.google.com/ncr]. @15-02-2021 05:39:32.0765 AM
[ReportManager] Waiting for element to be present; elementLocator [By.id: bla], numberOfTries[1], stateOfPresence[false]... @15-02-2021 05:39:32.0765 AM
[ReportManager] Element Action [waitForElementToBePresent] successfully performed. With the following test data [waited up to (5) seconds, for the element's state of presence to be (false). Element locator (By.id: bla)]. @15-02-2021 05:39:32.0844 A
[ReportManager] Successfully created attachment [Selenium WebDriver Logs - server] @15-02-2021 05:39:32.0965 AM
[ReportManager] Successfully created attachment [Selenium WebDriver Logs - performance] @15-02-2021 05:39:33.0020 AM
[ReportManager] Successfully created attachment [Selenium WebDriver Logs - driver] @15-02-2021 05:39:33.0150 AM
[ReportManager] Browser Action [closeCurrentWindow] successfully performed. @15-02-2021 05:39:33.0217 AM
[ReportManager] Successfully created attachment [Browser Action Test Data - closeCurrentWindow - Actual Value] @15-02-2021 05:39:33.0220 A
[ReportManager] File Action [getAbsolutePath] successfully performed. With the following test data [Relative Folder Path: "target/downloadedFiles/"]. @15-02-2021 05:39:33.0237 AM
[ReportManager] Attempting to run remotely on: [Linux-64], [GoogleChrome], [http://localhost:4444/wd/hub], Headless Execution. @15-02-2021 05:39:33.0237 AM
[ReportManager] Successfully Opened [GoogleChrome]. @15-02-2021 05:39:33.0933 A

################################################################################################################################################
Starting Execution:	[3 out of 134] test cases in the current suite
Test Method:		[unitTests.tests_element_elementActions.waitForElementToBePresent_moreThanOneElement_expectedToFail]
################################################################################################################################################
[ReportManager] Target URL: [https://www.google.com/ncr], and after redirection: [www.google.com] @15-02-2021 05:39:33.0982 AM
[ReportManager] Initial URL: [data:,] @15-02-2021 05:39:34.0086 AM
[ReportManager] Browser Action [navigateToURL] successfully performed. With the following test data [https://www.google.com/ncr]. @15-02-2021 05:39:35.0254 AM
[ReportManager] Waiting for element to be present; elementLocator [By.xpath: //*], numberOfTries[1], stateOfPresence[false]... @15-02-2021 05:39:35.0255 AM
[ReportManager] Element Action [waitForElementToBePresent] failed. With the following test data [waited up to (5) seconds, for the element's state of presence to be (false). Element locator (By.xpath: //*)]. @15-02-2021 05:39:35.0769 AM
[ReportManager] Successfully created attachment [Screenshot - 1613367575422_waitForElementToBePresent_moreThanOneElement_expectedToFail_waitForElementToBePresent_failed] @15-02-2021 05:39:35.0783 A
[ReportManager] Successfully created attachment [Selenium WebDriver Logs - server] @15-02-2021 05:39:35.0949 AM
[ReportManager] Successfully created attachment [Selenium WebDriver Logs - performance] @15-02-2021 05:39:36.0028 AM
[ReportManager] Successfully created attachment [Selenium WebDriver Logs - driver] @15-02-2021 05:39:36.0147 AM
[ReportManager] Browser Action [closeCurrentWindow] successfully performed. @15-02-2021 05:39:36.0230 AM
[ReportManager] Successfully created attachment [Browser Action Test Data - closeCurrentWindow - Actual Value] @15-02-2021 05:39:36.0233 A
[ReportManager] File Action [getAbsolutePath] successfully performed. With the following test data [Relative Folder Path: "target/downloadedFiles/"]. @15-02-2021 05:39:36.0243 AM
[ReportManager] Attempting to run remotely on: [Linux-64], [GoogleChrome], [http://localhost:4444/wd/hub], Headless Execution. @15-02-2021 05:39:36.0244 AM
[ReportManager] Successfully Opened [GoogleChrome]. @15-02-2021 05:39:37.0083 A

################################################################################################################################################
Starting Execution:	[4 out of 134] test cases in the current suite
Test Method:		[unitTests.tests_element_elementActions.waitForElementToBePresent_true_expectedToFail]
################################################################################################################################################
[ReportManager] Target URL: [https://www.google.com/ncr], and after redirection: [www.google.com] @15-02-2021 05:39:37.0122 AM
[ReportManager] Initial URL: [data:,] @15-02-2021 05:39:37.0198 AM
[ReportManager] Browser Action [navigateToURL] successfully performed. With the following test data [https://www.google.com/ncr]. @15-02-2021 05:39:38.0165 AM
[ReportManager] Waiting for element to be present; elementLocator [By.id: bla], numberOfTries[1], stateOfPresence[true]... @15-02-2021 05:39:38.0165 AM
[ReportManager] Element Action [waitForElementToBePresent] failed. With the following test data [waited up to (5) seconds, for the element's state of presence to be (true). Element locator (By.id: bla)]. @15-02-2021 05:39:38.0489 AM
[ReportManager] Successfully created attachment [Screenshot - 1613367578327_waitForElementToBePresent_true_expectedToFail_waitForElementToBePresent_failed] @15-02-2021 05:39:38.0491 A
[ReportManager] Successfully created attachment [Selenium WebDriver Logs - server] @15-02-2021 05:39:38.0614 AM
[ReportManager] Successfully created attachment [Selenium WebDriver Logs - performance] @15-02-2021 05:39:38.0667 AM
[ReportManager] Successfully created attachment [Selenium WebDriver Logs - driver] @15-02-2021 05:39:38.0751 AM
[ReportManager] Browser Action [closeCurrentWindow] successfully performed. @15-02-2021 05:39:38.0813 AM
[ReportManager] Successfully created attachment [Browser Action Test Data - closeCurrentWindow - Actual Value] @15-02-2021 05:39:38.0818 A
[ReportManager] File Action [getAbsolutePath] successfully performed. With the following test data [Relative Folder Path: "target/downloadedFiles/"]. @15-02-2021 05:39:38.0822 AM
[ReportManager] Attempting to run remotely on: [Linux-64], [GoogleChrome], [http://localhost:4444/wd/hub], Headless Execution. @15-02-2021 05:39:38.0823 AM
[ReportManager] Successfully Opened [GoogleChrome]. @15-02-2021 05:39:39.0133 A

################################################################################################################################################
Starting Execution:	[5 out of 134] test cases in the current suite
Test Method:		[unitTests.tests_element_elementActions.waitForElementToBePresent_true_expectedToPass]
################################################################################################################################################
[ReportManager] Target URL: [https://www.google.com/ncr], and after redirection: [www.google.com] @15-02-2021 05:39:39.0173 AM
[ReportManager] Initial URL: [data:,] @15-02-2021 05:39:39.0259 AM
[ReportManager] Browser Action [navigateToURL] successfully performed. With the following test data [https://www.google.com/ncr]. @15-02-2021 05:39:40.0244 AM
[ReportManager] Waiting for element to be present; elementLocator [By.id: hplogo], numberOfTries[1], stateOfPresence[true]... @15-02-2021 05:39:40.0244 AM
[ReportManager] Element Action [waitForElementToBePresent] failed. With the following test data [waited up to (5) seconds, for the element's state of presence to be (true). Element locator (By.id: hplogo)]. @15-02-2021 05:39:40.0511 AM
[ReportManager] Successfully created attachment [Screenshot - 1613367580388_waitForElementToBePresent_true_expectedToPass_waitForElementToBePresent_failed] @15-02-2021 05:39:40.0513 A
[ReportManager] Successfully created attachment [Selenium WebDriver Logs - server] @15-02-2021 05:39:40.0642 AM
[ReportManager] Successfully created attachment [Selenium WebDriver Logs - performance] @15-02-2021 05:39:40.0684 AM
[ReportManager] Successfully created attachment [Selenium WebDriver Logs - driver] @15-02-2021 05:39:40.0779 AM
[ReportManager] Browser Action [closeCurrentWindow] successfully performed. @15-02-2021 05:39:40.0838 AM
[ReportManager] Successfully created attachment [Browser Action Test Data - closeCurrentWindow - Actual Value] @15-02-2021 05:39:40.0840 A
[ReportManager] File Action [getAbsolutePath] successfully performed. With the following test data [Relative Folder Path: "target/downloadedFiles/"]. @15-02-2021 05:39:40.0849 AM
[ReportManager] Attempting to run remotely on: [Linux-64], [GoogleChrome], [http://localhost:4444/wd/hub], Headless Execution. @15-02-2021 05:39:40.0849 AM
[ReportManager] Successfully Opened [GoogleChrome]. @15-02-2021 05:39:41.0136 AM
[ReportManager] Target URL: [https://duckduckgo.com] @15-02-2021 05:39:41.0161 AM
[ReportManager] Initial URL: [data:,] @15-02-2021 05:39:41.0228 AM
[ReportManager] Browser Action [navigateToURL] successfully performed. With the following test data [https://duckduckgo.com]. @15-02-2021 05:39:42.0073 A

################################################################################################################################################
Starting Execution:	[6 out of 134] test cases in the current suite
Test Method:		[unitTests.tests_browserActions.fullScreenWindow]
################################################################################################################################################
[ReportManager] Initial Windows Size: 800x600 @15-02-2021 05:39:42.0105 AM
[ReportManager] Initial window size: (800, 600) @15-02-2021 05:39:42.0110 AM
[ReportManager] Window size after Toolkit: (1920, 1080) @15-02-2021 05:39:42.0344 AM
[ReportManager] Browser Action [maximizeWindow] successfully performed. With the following test data [New screen size is now: (1920, 1080)]. @15-02-2021 05:39:42.0361 AM
[ReportManager] Current Windows Size after fullScreen: 1920x1080 @15-02-2021 05:39:42.0384 AM
[ReportManager] Browser Action [fullScreenWindow] successfully performed. @15-02-2021 05:39:42.0406 AM
[ReportManager] Successfully created attachment [Browser Action Test Data - fullScreenWindow - Actual Value] @15-02-2021 05:39:42.0408 A
[ReportManager] Target URL: [https://duckduckgo.com] @15-02-2021 05:39:42.0414 AM
[ReportManager] Initial URL: [https://duckduckgo.com] @15-02-2021 05:39:42.0520 AM
[ReportManager] Browser Action [navigateToURL] successfully performed. With the following test data [https://duckduckgo.com]. @15-02-2021 05:39:43.0029 AM
[ReportManager] Successfully created attachment [Selenium WebDriver Logs - server] @15-02-2021 05:39:43.0125 AM
[ReportManager] Successfully created attachment [Selenium WebDriver Logs - performance] @15-02-2021 05:39:43.0269 AM
[ReportManager] Successfully created attachment [Selenium WebDriver Logs - driver] @15-02-2021 05:39:43.0434 AM
[ReportManager] Browser Action [closeCurrentWindow] successfully performed. @15-02-2021 05:39:43.0495 AM
[ReportManager] Successfully created attachment [Browser Action Test Data - closeCurrentWindow - Actual Value] @15-02-2021 05:39:43.0499 A
[ReportManager] File Action [getAbsolutePath] successfully performed. With the following test data [Relative Folder Path: "target/downloadedFiles/"]. @15-02-2021 05:39:43.0501 AM
[ReportManager] Attempting to run remotely on: [Linux-64], [GoogleChrome], [http://localhost:4444/wd/hub], Headless Execution. @15-02-2021 05:39:43.0502 AM
[ReportManager] Successfully Opened [GoogleChrome]. @15-02-2021 05:39:43.0812 AM
[ReportManager] Target URL: [https://duckduckgo.com] @15-02-2021 05:39:43.0839 AM
[ReportManager] Initial URL: [data:,] @15-02-2021 05:39:43.0908 AM
[ReportManager] Browser Action [navigateToURL] successfully performed. With the following test data [https://duckduckgo.com]. @15-02-2021 05:39:44.0620 A

################################################################################################################################################
Starting Execution:	[7 out of 134] test cases in the current suite
Test Method:		[unitTests.tests_browserActions.getCurrentURL]
################################################################################################################################################
[ReportManager] Browser Action [getCurrentURL] successfully performed. With the following test data [https://duckduckgo.com/]. @15-02-2021 05:39:44.0686 A
[ReportManager] Target URL: [https://duckduckgo.com] @15-02-2021 05:39:44.0688 AM
[ReportManager] Initial URL: [https://duckduckgo.com] @15-02-2021 05:39:44.0818 AM
[ReportManager] Browser Action [navigateToURL] successfully performed. With the following test data [https://duckduckgo.com]. @15-02-2021 05:39:45.0296 AM
[ReportManager] Successfully created attachment [Selenium WebDriver Logs - server] @15-02-2021 05:39:45.0380 AM
[ReportManager] Successfully created attachment [Selenium WebDriver Logs - performance] @15-02-2021 05:39:45.0489 AM
[ReportManager] Successfully created attachment [Selenium WebDriver Logs - driver] @15-02-2021 05:39:45.0674 AM
[ReportManager] Browser Action [closeCurrentWindow] successfully performed. @15-02-2021 05:39:45.0736 AM
[ReportManager] Successfully created attachment [Browser Action Test Data - closeCurrentWindow - Actual Value] @15-02-2021 05:39:45.0737 A
[ReportManager] File Action [getAbsolutePath] successfully performed. With the following test data [Relative Folder Path: "target/downloadedFiles/"]. @15-02-2021 05:39:45.0746 AM
[ReportManager] Attempting to run remotely on: [Linux-64], [GoogleChrome], [http://localhost:4444/wd/hub], Headless Execution. @15-02-2021 05:39:45.0747 AM
[ReportManager] Successfully Opened [GoogleChrome]. @15-02-2021 05:39:46.0083 AM
[ReportManager] Target URL: [https://duckduckgo.com] @15-02-2021 05:39:46.0116 AM
[ReportManager] Initial URL: [data:,] @15-02-2021 05:39:46.0195 AM
[ReportManager] Browser Action [navigateToURL] successfully performed. With the following test data [https://duckduckgo.com]. @15-02-2021 05:39:46.0915 A

################################################################################################################################################
Starting Execution:	[8 out of 134] test cases in the current suite
Test Method:		[unitTests.tests_browserActions.getCurrentWindowTitle]
################################################################################################################################################
[ReportManager] Browser Action [getCurrentWindowTitle] successfully performed. With the following test data [DuckDuckGo â€” Privacy, simplified.]. @15-02-2021 05:39:46.0990 A
[ReportManager] Target URL: [https://duckduckgo.com] @15-02-2021 05:39:47.0008 AM
[ReportManager] Initial URL: [https://duckduckgo.com] @15-02-2021 05:39:47.0117 AM
[ReportManager] Browser Action [navigateToURL] successfully performed. With the following test data [https://duckduckgo.com]. @15-02-2021 05:39:47.0594 AM
[ReportManager] Successfully created attachment [Selenium WebDriver Logs - server] @15-02-2021 05:39:47.0673 AM
[ReportManager] Successfully created attachment [Selenium WebDriver Logs - performance] @15-02-2021 05:39:47.0826 AM
[ReportManager] Successfully created attachment [Selenium WebDriver Logs - driver] @15-02-2021 05:39:48.0006 AM
[ReportManager] Browser Action [closeCurrentWindow] successfully performed. @15-02-2021 05:39:48.0067 AM
[ReportManager] Successfully created attachment [Browser Action Test Data - closeCurrentWindow - Actual Value] @15-02-2021 05:39:48.0068 A
[ReportManager] File Action [getAbsolutePath] successfully performed. With the following test data [Relative Folder Path: "target/downloadedFiles/"]. @15-02-2021 05:39:48.0074 AM
[ReportManager] Attempting to run remotely on: [Linux-64], [GoogleChrome], [http://localhost:4444/wd/hub], Headless Execution. @15-02-2021 05:39:48.0075 AM
[ReportManager] Successfully Opened [GoogleChrome]. @15-02-2021 05:39:48.0359 AM
[ReportManager] Target URL: [https://duckduckgo.com] @15-02-2021 05:39:48.0392 AM
[ReportManager] Initial URL: [data:,] @15-02-2021 05:39:48.0450 AM
[ReportManager] Browser Action [navigateToURL] successfully performed. With the following test data [https://duckduckgo.com]. @15-02-2021 05:39:49.0121 A

################################################################################################################################################
Starting Execution:	[9 out of 134] test cases in the current suite
Test Method:		[unitTests.tests_browserActions.getPageSource]
################################################################################################################################################
[ReportManager] Browser Action [getPageSource] successfully performed. @15-02-2021 05:39:49.0194 AM
[ReportManager] Successfully created attachment [Browser Action Test Data - getPageSource - Actual Value] @15-02-2021 05:39:49.0195 A
[ReportManager] Target URL: [https://duckduckgo.com] @15-02-2021 05:39:49.0199 AM
[ReportManager] Initial URL: [https://duckduckgo.com] @15-02-2021 05:39:49.0326 AM
[ReportManager] Browser Action [navigateToURL] successfully performed. With the following test data [https://duckduckgo.com]. @15-02-2021 05:39:49.0805 AM
[ReportManager] Successfully created attachment [Selenium WebDriver Logs - server] @15-02-2021 05:39:49.0884 AM
[ReportManager] Successfully created attachment [Selenium WebDriver Logs - performance] @15-02-2021 05:39:49.0997 AM
[ReportManager] Successfully created attachment [Selenium WebDriver Logs - driver] @15-02-2021 05:39:50.0168 AM
[ReportManager] Browser Action [closeCurrentWindow] successfully performed. @15-02-2021 05:39:50.0228 AM
[ReportManager] Successfully created attachment [Browser Action Test Data - closeCurrentWindow - Actual Value] @15-02-2021 05:39:50.0229 A
[ReportManager] File Action [getAbsolutePath] successfully performed. With the following test data [Relative Folder Path: "target/downloadedFiles/"]. @15-02-2021 05:39:50.0231 AM
[ReportManager] Attempting to run remotely on: [Linux-64], [GoogleChrome], [http://localhost:4444/wd/hub], Headless Execution. @15-02-2021 05:39:50.0232 AM
[ReportManager] Successfully Opened [GoogleChrome]. @15-02-2021 05:39:50.0527 AM
[ReportManager] Target URL: [https://duckduckgo.com] @15-02-2021 05:39:50.0544 AM
[ReportManager] Initial URL: [data:,] @15-02-2021 05:39:50.0602 AM
[ReportManager] Browser Action [navigateToURL] successfully performed. With the following test data [https://duckduckgo.com]. @15-02-2021 05:39:51.0273 A

################################################################################################################################################
Starting Execution:	[10 out of 134] test cases in the current suite
Test Method:		[unitTests.tests_browserActions.getWindowHandle]
################################################################################################################################################
[ReportManager] Browser Action [getWindowHandle] successfully performed. With the following test data [CDwindow-88BF828D6737ACC70FB04470F66F72E6]. @15-02-2021 05:39:51.0355 A
[ReportManager] Target URL: [https://duckduckgo.com] @15-02-2021 05:39:51.0357 AM
[ReportManager] Initial URL: [https://duckduckgo.com] @15-02-2021 05:39:51.0500 AM
[ReportManager] Browser Action [navigateToURL] successfully performed. With the following test data [https://duckduckgo.com]. @15-02-2021 05:39:51.0932 AM
[ReportManager] Successfully created attachment [Selenium WebDriver Logs - server] @15-02-2021 05:39:52.0016 AM
[ReportManager] Successfully created attachment [Selenium WebDriver Logs - performance] @15-02-2021 05:39:52.0124 AM
[ReportManager] Successfully created attachment [Selenium WebDriver Logs - driver] @15-02-2021 05:39:52.0291 AM
[ReportManager] Browser Action [closeCurrentWindow] successfully performed. @15-02-2021 05:39:52.0349 AM
[ReportManager] Successfully created attachment [Browser Action Test Data - closeCurrentWindow - Actual Value] @15-02-2021 05:39:52.0349 A
[ReportManager] File Action [getAbsolutePath] successfully performed. With the following test data [Relative Folder Path: "target/downloadedFiles/"]. @15-02-2021 05:39:52.0352 AM
[ReportManager] Attempting to run remotely on: [Linux-64], [GoogleChrome], [http://localhost:4444/wd/hub], Headless Execution. @15-02-2021 05:39:52.0352 AM
[ReportManager] Successfully Opened [GoogleChrome]. @15-02-2021 05:39:52.0630 AM
[ReportManager] Target URL: [https://duckduckgo.com] @15-02-2021 05:39:52.0646 AM
[ReportManager] Initial URL: [data:,] @15-02-2021 05:39:52.0715 AM
[ReportManager] Browser Action [navigateToURL] successfully performed. With the following test data [https://duckduckgo.com]. @15-02-2021 05:39:53.0376 A

################################################################################################################################################
Starting Execution:	[11 out of 134] test cases in the current suite
Test Method:		[unitTests.tests_browserActions.getWindowPosition]
################################################################################################################################################
[ReportManager] Browser Action [getWindowPosition] successfully performed. With the following test data [(0, 0)]. @15-02-2021 05:39:53.0440 A
[ReportManager] Target URL: [https://duckduckgo.com] @15-02-2021 05:39:53.0442 AM
[ReportManager] Initial URL: [https://duckduckgo.com] @15-02-2021 05:39:53.0575 AM
[ReportManager] Browser Action [navigateToURL] successfully performed. With the following test data [https://duckduckgo.com]. @15-02-2021 05:39:54.0025 AM
[ReportManager] Successfully created attachment [Selenium WebDriver Logs - server] @15-02-2021 05:39:54.0109 AM
[ReportManager] Successfully created attachment [Selenium WebDriver Logs - performance] @15-02-2021 05:39:54.0227 AM
[ReportManager] Successfully created attachment [Selenium WebDriver Logs - driver] @15-02-2021 05:39:54.0403 AM
[ReportManager] Browser Action [closeCurrentWindow] successfully performed. @15-02-2021 05:39:54.0461 AM
[ReportManager] Successfully created attachment [Browser Action Test Data - closeCurrentWindow - Actual Value] @15-02-2021 05:39:54.0462 A
[ReportManager] File Action [getAbsolutePath] successfully performed. With the following test data [Relative Folder Path: "target/downloadedFiles/"]. @15-02-2021 05:39:54.0464 AM
[ReportManager] Attempting to run remotely on: [Linux-64], [GoogleChrome], [http://localhost:4444/wd/hub], Headless Execution. @15-02-2021 05:39:54.0466 AM
[ReportManager] Successfully Opened [GoogleChrome]. @15-02-2021 05:39:54.0740 AM
[ReportManager] Target URL: [https://duckduckgo.com] @15-02-2021 05:39:54.0773 AM
[ReportManager] Initial URL: [data:,] @15-02-2021 05:39:54.0840 AM
[ReportManager] Browser Action [navigateToURL] successfully performed. With the following test data [https://duckduckgo.com]. @15-02-2021 05:39:55.0495 A

################################################################################################################################################
Starting Execution:	[12 out of 134] test cases in the current suite
Test Method:		[unitTests.tests_browserActions.getWindowSize]
################################################################################################################################################
[ReportManager] Browser Action [getWindowSize] successfully performed. With the following test data [(800, 600)]. @15-02-2021 05:39:55.0553 A
[ReportManager] Target URL: [https://duckduckgo.com] @15-02-2021 05:39:55.0559 AM
[ReportManager] Initial URL: [https://duckduckgo.com] @15-02-2021 05:39:55.0677 AM
[ReportManager] Browser Action [navigateToURL] successfully performed. With the following test data [https://duckduckgo.com]. @15-02-2021 05:39:56.0077 AM
[ReportManager] Successfully created attachment [Selenium WebDriver Logs - server] @15-02-2021 05:39:56.0157 AM
[ReportManager] Successfully created attachment [Selenium WebDriver Logs - performance] @15-02-2021 05:39:56.0266 AM
[ReportManager] Successfully created attachment [Selenium WebDriver Logs - driver] @15-02-2021 05:39:56.0419 AM
[ReportManager] Browser Action [closeCurrentWindow] successfully performed. @15-02-2021 05:39:56.0478 AM
[ReportManager] Successfully created attachment [Browser Action Test Data - closeCurrentWindow - Actual Value] @15-02-2021 05:39:56.0479 A
[ReportManager] File Action [getAbsolutePath] successfully performed. With the following test data [Relative Folder Path: "target/downloadedFiles/"]. @15-02-2021 05:39:56.0481 AM
[ReportManager] Attempting to run remotely on: [Linux-64], [GoogleChrome], [http://localhost:4444/wd/hub], Headless Execution. @15-02-2021 05:39:56.0481 AM
[ReportManager] Successfully Opened [GoogleChrome]. @15-02-2021 05:39:56.0818 AM
[ReportManager] Target URL: [https://duckduckgo.com] @15-02-2021 05:39:56.0832 AM
[ReportManager] Initial URL: [data:,] @15-02-2021 05:39:56.0908 AM
[ReportManager] Browser Action [navigateToURL] successfully performed. With the following test data [https://duckduckgo.com]. @15-02-2021 05:39:57.0592 A

################################################################################################################################################
Starting Execution:	[13 out of 134] test cases in the current suite
Test Method:		[unitTests.tests_browserActions.maximizeWindow]
################################################################################################################################################
[ReportManager] Initial window size: (800, 600) @15-02-2021 05:39:57.0606 AM
[ReportManager] Window size after Toolkit: (1920, 1080) @15-02-2021 05:39:57.0851 AM
[ReportManager] Browser Action [maximizeWindow] successfully performed. With the following test data [New screen size is now: (1920, 1080)]. @15-02-2021 05:39:57.0855 A
[ReportManager] Target URL: [https://duckduckgo.com] @15-02-2021 05:39:57.0857 AM
[ReportManager] Initial URL: [https://duckduckgo.com] @15-02-2021 05:39:57.0943 AM
[ReportManager] Browser Action [navigateToURL] successfully performed. With the following test data [https://duckduckgo.com]. @15-02-2021 05:39:58.0390 AM
[ReportManager] Successfully created attachment [Selenium WebDriver Logs - server] @15-02-2021 05:39:58.0460 AM
[ReportManager] Successfully created attachment [Selenium WebDriver Logs - performance] @15-02-2021 05:39:58.0574 AM
[ReportManager] Successfully created attachment [Selenium WebDriver Logs - driver] @15-02-2021 05:39:58.0734 AM
[ReportManager] Browser Action [closeCurrentWindow] successfully performed. @15-02-2021 05:39:58.0792 AM
[ReportManager] Successfully created attachment [Browser Action Test Data - closeCurrentWindow - Actual Value] @15-02-2021 05:39:58.0793 A
[ReportManager] File Action [getAbsolutePath] successfully performed. With the following test data [Relative Folder Path: "target/downloadedFiles/"]. @15-02-2021 05:39:58.0795 AM
[ReportManager] Attempting to run remotely on: [Linux-64], [GoogleChrome], [http://localhost:4444/wd/hub], Headless Execution. @15-02-2021 05:39:58.0795 AM
[ReportManager] Successfully Opened [GoogleChrome]. @15-02-2021 05:39:59.0092 AM
[ReportManager] Target URL: [https://duckduckgo.com] @15-02-2021 05:39:59.0107 AM
[ReportManager] Initial URL: [data:,] @15-02-2021 05:39:59.0166 AM
[ReportManager] Browser Action [navigateToURL] successfully performed. With the following test data [https://duckduckgo.com]. @15-02-2021 05:39:59.0853 A

################################################################################################################################################
Starting Execution:	[14 out of 134] test cases in the current suite
Test Method:		[unitTests.tests_browserActions.navigateBack]
################################################################################################################################################
[ReportManager] Target URL: [https://www.google.com/ncr], and after redirection: [https://www.google.com] @15-02-2021 05:39:59.0867 AM
[ReportManager] Initial URL: [https://duckduckgo.com] @15-02-2021 05:39:59.0970 AM
[ReportManager] Browser Action [navigateToURL] successfully performed. With the following test data [https://www.google.com/ncr]. @15-02-2021 05:40:00.0857 AM
[ReportManager] Browser Action [navigateBack] successfully performed. With the following test data [https://duckduckgo.com/]. @15-02-2021 05:40:01.0305 AM
[ReportManager] Confirming that navigating back was successful... @15-02-2021 05:40:01.0311 AM
[ReportManager] Browser Action [getCurrentURL] successfully performed. With the following test data [https://duckduckgo.com/]. @15-02-2021 05:40:01.0354 AM
[ReportManager] AssertBrowserAttribute PASSED; Expected [Value Should be 'https://duckduckgo.com' for the 'CurrentUrl' attribute] and Actual [https://duckduckgo.com/]. Comparison Type [CONTAINS]. Validation Type [POSITIVE]. @15-02-2021 05:40:01.0357 A
[ReportManager] Target URL: [https://duckduckgo.com] @15-02-2021 05:40:01.0359 AM
[ReportManager] Initial URL: [https://duckduckgo.com] @15-02-2021 05:40:01.0453 AM
[ReportManager] Browser Action [navigateToURL] successfully performed. With the following test data [https://duckduckgo.com]. @15-02-2021 05:40:01.0866 AM
[ReportManager] Successfully created attachment [Selenium WebDriver Logs - server] @15-02-2021 05:40:01.0949 AM
[ReportManager] Successfully created attachment [Selenium WebDriver Logs - performance] @15-02-2021 05:40:02.0129 AM
[ReportManager] Successfully created attachment [Selenium WebDriver Logs - driver] @15-02-2021 05:40:02.0408 AM
[ReportManager] Browser Action [closeCurrentWindow] successfully performed. @15-02-2021 05:40:02.0465 AM
[ReportManager] Successfully created attachment [Browser Action Test Data - closeCurrentWindow - Actual Value] @15-02-2021 05:40:02.0466 A
[ReportManager] File Action [getAbsolutePath] successfully performed. With the following test data [Relative Folder Path: "target/downloadedFiles/"]. @15-02-2021 05:40:02.0468 AM
[ReportManager] Attempting to run remotely on: [Linux-64], [GoogleChrome], [http://localhost:4444/wd/hub], Headless Execution. @15-02-2021 05:40:02.0469 AM
[ReportManager] Successfully Opened [GoogleChrome]. @15-02-2021 05:40:02.0799 AM
[ReportManager] Target URL: [https://duckduckgo.com] @15-02-2021 05:40:02.0816 AM
[ReportManager] Initial URL: [data:,] @15-02-2021 05:40:02.0867 AM
[ReportManager] Browser Action [navigateToURL] successfully performed. With the following test data [https://duckduckgo.com]. @15-02-2021 05:40:03.0486 A

################################################################################################################################################
Starting Execution:	[15 out of 134] test cases in the current suite
Test Method:		[unitTests.tests_browserActions.navigateForward]
################################################################################################################################################
[ReportManager] Target URL: [https://www.google.com/ncr], and after redirection: [https://www.google.com] @15-02-2021 05:40:03.0494 AM
[ReportManager] Initial URL: [https://duckduckgo.com] @15-02-2021 05:40:03.0563 AM
[ReportManager] Browser Action [navigateToURL] successfully performed. With the following test data [https://www.google.com/ncr]. @15-02-2021 05:40:04.0506 AM
[ReportManager] Browser Action [navigateBack] successfully performed. With the following test data [https://duckduckgo.com/]. @15-02-2021 05:40:04.0970 AM
[ReportManager] Browser Action [navigateForward] successfully performed. With the following test data [https://www.google.com/]. @15-02-2021 05:40:05.0424 A
[ReportManager] Target URL: [https://duckduckgo.com] @15-02-2021 05:40:05.0429 AM
[ReportManager] Initial URL: [https://www.google.com] @15-02-2021 05:40:05.0539 AM
[ReportManager] Browser Action [navigateToURL] successfully performed. With the following test data [https://duckduckgo.com]. @15-02-2021 05:40:06.0122 AM
[ReportManager] Successfully created attachment [Selenium WebDriver Logs - server] @15-02-2021 05:40:06.0189 AM
[ReportManager] Successfully created attachment [Selenium WebDriver Logs - performance] @15-02-2021 05:40:06.0363 AM
[ReportManager] Successfully created attachment [Selenium WebDriver Logs - driver] @15-02-2021 05:40:06.0631 AM
[ReportManager] Browser Action [closeCurrentWindow] successfully performed. @15-02-2021 05:40:06.0695 AM
[ReportManager] Successfully created attachment [Browser Action Test Data - closeCurrentWindow - Actual Value] @15-02-2021 05:40:06.0695 A
[ReportManager] File Action [getAbsolutePath] successfully performed. With the following test data [Relative Folder Path: "target/downloadedFiles/"]. @15-02-2021 05:40:06.0698 AM
[ReportManager] Attempting to run remotely on: [Linux-64], [GoogleChrome], [http://localhost:4444/wd/hub], Headless Execution. @15-02-2021 05:40:06.0699 AM
[ReportManager] Successfully Opened [GoogleChrome]. @15-02-2021 05:40:06.0964 AM
[ReportManager] Target URL: [https://duckduckgo.com] @15-02-2021 05:40:06.0981 AM
[ReportManager] Initial URL: [data:,] @15-02-2021 05:40:07.0044 AM
[ReportManager] Browser Action [navigateToURL] successfully performed. With the following test data [https://duckduckgo.com]. @15-02-2021 05:40:07.0647 A

################################################################################################################################################
Starting Execution:	[16 out of 134] test cases in the current suite
Test Method:		[unitTests.tests_browserActions.navigateToURL]
################################################################################################################################################
[ReportManager] Target URL: [https://duckduckgo.com] @15-02-2021 05:40:07.0656 AM
[ReportManager] Initial URL: [https://duckduckgo.com] @15-02-2021 05:40:07.0721 AM
[ReportManager] Browser Action [navigateToURL] successfully performed. With the following test data [https://duckduckgo.com]. @15-02-2021 05:40:08.0114 A
[ReportManager] Target URL: [https://duckduckgo.com] @15-02-2021 05:40:08.0118 AM
[ReportManager] Initial URL: [https://duckduckgo.com] @15-02-2021 05:40:08.0215 AM
[ReportManager] Browser Action [navigateToURL] successfully performed. With the following test data [https://duckduckgo.com]. @15-02-2021 05:40:08.0573 AM
[ReportManager] Successfully created attachment [Selenium WebDriver Logs - server] @15-02-2021 05:40:08.0657 AM
[ReportManager] Successfully created attachment [Selenium WebDriver Logs - performance] @15-02-2021 05:40:08.0841 AM
[ReportManager] Successfully created attachment [Selenium WebDriver Logs - driver] @15-02-2021 05:40:09.0055 AM
[ReportManager] Browser Action [closeCurrentWindow] successfully performed. @15-02-2021 05:40:09.0113 AM
[ReportManager] Successfully created attachment [Browser Action Test Data - closeCurrentWindow - Actual Value] @15-02-2021 05:40:09.0114 A
[ReportManager] File Action [getAbsolutePath] successfully performed. With the following test data [Relative Folder Path: "target/downloadedFiles/"]. @15-02-2021 05:40:09.0117 AM
[ReportManager] Attempting to run remotely on: [Linux-64], [GoogleChrome], [http://localhost:4444/wd/hub], Headless Execution. @15-02-2021 05:40:09.0120 AM
[ReportManager] Successfully Opened [GoogleChrome]. @15-02-2021 05:40:09.0398 AM
[ReportManager] Target URL: [https://duckduckgo.com] @15-02-2021 05:40:09.0410 AM
[ReportManager] Initial URL: [data:,] @15-02-2021 05:40:09.0459 AM
[ReportManager] Browser Action [navigateToURL] successfully performed. With the following test data [https://duckduckgo.com]. @15-02-2021 05:40:10.0104 A

################################################################################################################################################
Starting Execution:	[17 out of 134] test cases in the current suite
Test Method:		[unitTests.tests_browserActions.navigateToURLWithRedirection]
################################################################################################################################################
[ReportManager] Target URL: [https://www.google.com/ncr], and after redirection: [https://www.google.com] @15-02-2021 05:40:10.0112 AM
[ReportManager] Initial URL: [https://duckduckgo.com] @15-02-2021 05:40:10.0193 AM
[ReportManager] Browser Action [navigateToURL] successfully performed. With the following test data [https://www.google.com/ncr]. @15-02-2021 05:40:11.0065 A
[ReportManager] Target URL: [https://duckduckgo.com] @15-02-2021 05:40:11.0070 AM
[ReportManager] Initial URL: [https://www.google.com] @15-02-2021 05:40:11.0158 AM
[ReportManager] Browser Action [navigateToURL] successfully performed. With the following test data [https://duckduckgo.com]. @15-02-2021 05:40:11.0726 AM
[ReportManager] Successfully created attachment [Selenium WebDriver Logs - server] @15-02-2021 05:40:11.0786 AM
[ReportManager] Successfully created attachment [Selenium WebDriver Logs - performance] @15-02-2021 05:40:11.0900 AM
[ReportManager] Successfully created attachment [Selenium WebDriver Logs - driver] @15-02-2021 05:40:12.0073 AM
[ReportManager] Browser Action [closeCurrentWindow] successfully performed. @15-02-2021 05:40:12.0130 AM
[ReportManager] Successfully created attachment [Browser Action Test Data - closeCurrentWindow - Actual Value] @15-02-2021 05:40:12.0131 A
[ReportManager] File Action [getAbsolutePath] successfully performed. With the following test data [Relative Folder Path: "target/downloadedFiles/"]. @15-02-2021 05:40:12.0134 AM
[ReportManager] Attempting to run remotely on: [Linux-64], [GoogleChrome], [http://localhost:4444/wd/hub], Headless Execution. @15-02-2021 05:40:12.0134 AM
[ReportManager] Successfully Opened [GoogleChrome]. @15-02-2021 05:40:12.0381 AM
[ReportManager] Target URL: [https://duckduckgo.com] @15-02-2021 05:40:12.0396 AM
[ReportManager] Initial URL: [data:,] @15-02-2021 05:40:12.0444 AM
[ReportManager] Browser Action [navigateToURL] successfully performed. With the following test data [https://duckduckgo.com]. @15-02-2021 05:40:13.0042 A

################################################################################################################################################
Starting Execution:	[18 out of 134] test cases in the current suite
Test Method:		[unitTests.tests_browserActions.refreshCurrentPage]
################################################################################################################################################
[ReportManager] Browser Action [refreshCurrentPage] successfully performed. @15-02-2021 05:40:13.0330 AM
[ReportManager] Successfully created attachment [Browser Action Test Data - refreshCurrentPage - Actual Value] @15-02-2021 05:40:13.0331 A
[ReportManager] Target URL: [https://duckduckgo.com] @15-02-2021 05:40:13.0335 AM
[ReportManager] Initial URL: [https://duckduckgo.com] @15-02-2021 05:40:13.0397 AM
[ReportManager] Browser Action [navigateToURL] successfully performed. With the following test data [https://duckduckgo.com]. @15-02-2021 05:40:13.0719 AM
[ReportManager] Successfully created attachment [Selenium WebDriver Logs - server] @15-02-2021 05:40:13.0779 AM
[ReportManager] Successfully created attachment [Selenium WebDriver Logs - performance] @15-02-2021 05:40:13.0964 AM
[ReportManager] Successfully created attachment [Selenium WebDriver Logs - driver] @15-02-2021 05:40:14.0178 AM
[ReportManager] Browser Action [closeCurrentWindow] successfully performed. @15-02-2021 05:40:14.0245 AM
[ReportManager] Successfully created attachment [Browser Action Test Data - closeCurrentWindow - Actual Value] @15-02-2021 05:40:14.0246 A
[ReportManager] File Action [getAbsolutePath] successfully performed. With the following test data [Relative Folder Path: "target/downloadedFiles/"]. @15-02-2021 05:40:14.0248 AM
[ReportManager] Attempting to run remotely on: [Linux-64], [GoogleChrome], [http://localhost:4444/wd/hub], Headless Execution. @15-02-2021 05:40:14.0249 AM
[ReportManager] Successfully Opened [GoogleChrome]. @15-02-2021 05:40:14.0529 AM
[ReportManager] Target URL: [https://duckduckgo.com] @15-02-2021 05:40:14.0544 AM
[ReportManager] Initial URL: [data:,] @15-02-2021 05:40:14.0600 AM
[ReportManager] Browser Action [navigateToURL] successfully performed. With the following test data [https://duckduckgo.com]. @15-02-2021 05:40:15.0203 A

################################################################################################################################################
Starting Execution:	[19 out of 134] test cases in the current suite
Test Method:		[unitTests.tests_browserActions.setWindowSize]
################################################################################################################################################
[ReportManager] Initial window size: (800, 600) @15-02-2021 05:40:15.0220 AM
[ReportManager] Window size after SWD: (1280, 720) @15-02-2021 05:40:15.0442 AM
[ReportManager] Browser Action [setWindowSize] successfully performed. With the following test data [New screen size is now: (1280, 720)]. @15-02-2021 05:40:15.0442 A
[ReportManager] Target URL: [https://duckduckgo.com] @15-02-2021 05:40:15.0444 AM
[ReportManager] Initial URL: [https://duckduckgo.com] @15-02-2021 05:40:15.0510 AM
[ReportManager] Browser Action [navigateToURL] successfully performed. With the following test data [https://duckduckgo.com]. @15-02-2021 05:40:15.0879 AM
[ReportManager] Successfully created attachment [Selenium WebDriver Logs - server] @15-02-2021 05:40:15.0939 AM
[ReportManager] Successfully created attachment [Selenium WebDriver Logs - performance] @15-02-2021 05:40:16.0053 AM
[ReportManager] Successfully created attachment [Selenium WebDriver Logs - driver] @15-02-2021 05:40:16.0201 AM
[ReportManager] Browser Action [closeCurrentWindow] successfully performed. @15-02-2021 05:40:16.0258 AM
[ReportManager] Successfully created attachment [Browser Action Test Data - closeCurrentWindow - Actual Value] @15-02-2021 05:40:16.0259 A

################################################################################################################################################
Starting Execution:	[20 out of 134] test cases in the current suite
Test Method:		[unitTests.tests_restActions.getPostsAndAssertBodyForSpecificTitle]
################################################################################################################################################
[ReportManager] Response status code: [200], status line: [HTTP/1.1 200 OK] @15-02-2021 05:40:19.0027 AM
[ReportManager] Evaluating the actual response status code against the expected one...... @15-02-2021 05:40:19.0027 AM
[ReportManager] AssertEquals PASSED; Expected [200] and Actual [200]. Comparison Type [EQUALS]. Validation Type [POSITIVE]. @15-02-2021 05:40:19.0028 AM
[ReportManager] API Action [performRequest] successfully performed. With the following test data [Request Type: "GET" | Target Status Code: "200" | Service URL: "https://jsonplaceholder.typicode.com/posts" | Content Type: "*/*" | Response Time: "1032ms"]. @15-02-2021 05:40:20.0120 AM
[ReportManager] Successfully created attachment [API Response - JSON Body] @15-02-2021 05:40:20.0365 AM
[ReportManager] API Action [getResponseJSONValueAsList] successfully performed. @15-02-2021 05:40:20.0406 AM
[ReportManager] API Action [getResponseJSONValue] successfully performed. With the following test data [title]. @15-02-2021 05:40:20.0431 AM
[ReportManager] API Action [getResponseJSONValue] successfully performed. With the following test data [title]. @15-02-2021 05:40:20.0450 AM
[ReportManager] API Action [getResponseJSONValue] successfully performed. With the following test data [body]. @15-02-2021 05:40:20.0468 AM
[ReportManager] AssertEquals PASSED; Expected [qui neque nisi nulla] and Actual [est rerum tempore vitae
sequi sint nihil reprehenderit dolor beatae ea dolores neque
fugiat blanditiis voluptate porro vel nihil molestiae ut reiciendis
qui aperiam non debitis possimus qui neque nisi nulla]. Comparison Type [CONTAINS]. Validation Type [POSITIVE]. @15-02-2021 05:40:20.0469 AM
[ReportManager] API Action [getResponseJSONValue] successfully performed. With the following test data [title]. @15-02-2021 05:40:20.0485 AM
[ReportManager] API Action [getResponseJSONValue] successfully performed. With the following test data [title]. @15-02-2021 05:40:20.0501 AM
[ReportManager] API Action [getResponseJSONValue] successfully performed. With the following test data [title]. @15-02-2021 05:40:20.0520 AM
[ReportManager] API Action [getResponseJSONValue] successfully performed. With the following test data [title]. @15-02-2021 05:40:20.0537 AM
[ReportManager] API Action [getResponseJSONValue] successfully performed. With the following test data [title]. @15-02-2021 05:40:20.0553 AM
[ReportManager] API Action [getResponseJSONValue] successfully performed. With the following test data [title]. @15-02-2021 05:40:20.0570 AM
[ReportManager] API Action [getResponseJSONValue] successfully performed. With the following test data [title]. @15-02-2021 05:40:20.0585 AM
[ReportManager] API Action [getResponseJSONValue] successfully performed. With the following test data [title]. @15-02-2021 05:40:20.0601 AM
[ReportManager] API Action [getResponseJSONValue] successfully performed. With the following test data [title]. @15-02-2021 05:40:20.0614 AM
[ReportManager] API Action [getResponseJSONValue] successfully performed. With the following test data [title]. @15-02-2021 05:40:20.0635 AM
[ReportManager] API Action [getResponseJSONValue] successfully performed. With the following test data [title]. @15-02-2021 05:40:20.0662 AM
[ReportManager] API Action [getResponseJSONValue] successfully performed. With the following test data [title]. @15-02-2021 05:40:20.0685 AM
[ReportManager] API Action [getResponseJSONValue] successfully performed. With the following test data [title]. @15-02-2021 05:40:20.0697 AM
[ReportManager] API Action [getResponseJSONValue] successfully performed. With the following test data [title]. @15-02-2021 05:40:20.0711 AM
[ReportManager] API Action [getResponseJSONValue] successfully performed. With the following test data [title]. @15-02-2021 05:40:20.0730 AM
[ReportManager] API Action [getResponseJSONValue] successfully performed. With the following test data [title]. @15-02-2021 05:40:20.0743 AM
[ReportManager] API Action [getResponseJSONValue] successfully performed. With the following test data [title]. @15-02-2021 05:40:20.0754 AM
[ReportManager] API Action [getResponseJSONValue] successfully performed. With the following test data [title]. @15-02-2021 05:40:20.0770 AM
[ReportManager] API Action [getResponseJSONValue] successfully performed. With the following test data [title]. @15-02-2021 05:40:20.0780 AM
[ReportManager] API Action [getResponseJSONValue] successfully performed. With the following test data [title]. @15-02-2021 05:40:20.0800 AM
[ReportManager] API Action [getResponseJSONValue] successfully performed. With the following test data [title]. @15-02-2021 05:40:20.0815 AM
[ReportManager] API Action [getResponseJSONValue] successfully performed. With the following test data [title]. @15-02-2021 05:40:20.0833 AM
[ReportManager] API Action [getResponseJSONValue] successfully performed. With the following test data [title]. @15-02-2021 05:40:20.0854 AM
[ReportManager] API Action [getResponseJSONValue] successfully performed. With the following test data [title]. @15-02-2021 05:40:20.0871 AM
[ReportManager] API Action [getResponseJSONValue] successfully performed. With the following test data [title]. @15-02-2021 05:40:20.0882 AM
[ReportManager] API Action [getResponseJSONValue] successfully performed. With the following test data [title]. @15-02-2021 05:40:20.0893 AM
[ReportManager] API Action [getResponseJSONValue] successfully performed. With the following test data [title]. @15-02-2021 05:40:20.0902 AM
[ReportManager] API Action [getResponseJSONValue] successfully performed. With the following test data [title]. @15-02-2021 05:40:20.0942 AM
[ReportManager] API Action [getResponseJSONValue] successfully performed. With the following test data [title]. @15-02-2021 05:40:20.0953 AM
[ReportManager] API Action [getResponseJSONValue] successfully performed. With the following test data [title]. @15-02-2021 05:40:20.0963 AM
[ReportManager] API Action [getResponseJSONValue] successfully performed. With the following test data [title]. @15-02-2021 05:40:20.0974 AM
[ReportManager] API Action [getResponseJSONValue] successfully performed. With the following test data [title]. @15-02-2021 05:40:20.0984 AM
[ReportManager] API Action [getResponseJSONValue] successfully performed. With the following test data [title]. @15-02-2021 05:40:21.0002 AM
[ReportManager] API Action [getResponseJSONValue] successfully performed. With the following test data [title]. @15-02-2021 05:40:21.0011 AM
[ReportManager] API Action [getResponseJSONValue] successfully performed. With the following test data [title]. @15-02-2021 05:40:21.0023 AM
[ReportManager] API Action [getResponseJSONValue] successfully performed. With the following test data [title]. @15-02-2021 05:40:21.0032 AM
[ReportManager] API Action [getResponseJSONValue] successfully performed. With the following test data [title]. @15-02-2021 05:40:21.0042 AM
[ReportManager] API Action [getResponseJSONValue] successfully performed. With the following test data [title]. @15-02-2021 05:40:21.0058 AM
[ReportManager] API Action [getResponseJSONValue] successfully performed. With the following test data [title]. @15-02-2021 05:40:21.0081 AM
[ReportManager] API Action [getResponseJSONValue] successfully performed. With the following test data [title]. @15-02-2021 05:40:21.0091 AM
[ReportManager] API Action [getResponseJSONValue] successfully performed. With the following test data [title]. @15-02-2021 05:40:21.0099 AM
[ReportManager] API Action [getResponseJSONValue] successfully performed. With the following test data [title]. @15-02-2021 05:40:21.0108 AM
[ReportManager] API Action [getResponseJSONValue] successfully performed. With the following test data [title]. @15-02-2021 05:40:21.0117 AM
[ReportManager] API Action [getResponseJSONValue] successfully performed. With the following test data [title]. @15-02-2021 05:40:21.0126 AM
[ReportManager] API Action [getResponseJSONValue] successfully performed. With the following test data [title]. @15-02-2021 05:40:21.0134 AM
[ReportManager] API Action [getResponseJSONValue] successfully performed. With the following test data [title]. @15-02-2021 05:40:21.0143 AM
[ReportManager] API Action [getResponseJSONValue] successfully performed. With the following test data [title]. @15-02-2021 05:40:21.0151 AM
[ReportManager] API Action [getResponseJSONValue] successfully performed. With the following test data [title]. @15-02-2021 05:40:21.0159 AM
[ReportManager] API Action [getResponseJSONValue] successfully performed. With the following test data [title]. @15-02-2021 05:40:21.0167 AM
[ReportManager] API Action [getResponseJSONValue] successfully performed. With the following test data [title]. @15-02-2021 05:40:21.0176 AM
[ReportManager] API Action [getResponseJSONValue] successfully performed. With the following test data [title]. @15-02-2021 05:40:21.0185 AM
[ReportManager] API Action [getResponseJSONValue] successfully performed. With the following test data [title]. @15-02-2021 05:40:21.0193 AM
[ReportManager] API Action [getResponseJSONValue] successfully performed. With the following test data [title]. @15-02-2021 05:40:21.0201 AM
[ReportManager] API Action [getResponseJSONValue] successfully performed. With the following test data [title]. @15-02-2021 05:40:21.0209 AM
[ReportManager] API Action [getResponseJSONValue] successfully performed. With the following test data [title]. @15-02-2021 05:40:21.0217 AM
[ReportManager] API Action [getResponseJSONValue] successfully performed. With the following test data [title]. @15-02-2021 05:40:21.0225 AM
[ReportManager] API Action [getResponseJSONValue] successfully performed. With the following test data [title]. @15-02-2021 05:40:21.0233 AM
[ReportManager] API Action [getResponseJSONValue] successfully performed. With the following test data [title]. @15-02-2021 05:40:21.0241 AM
[ReportManager] API Action [getResponseJSONValue] successfully performed. With the following test data [title]. @15-02-2021 05:40:21.0248 AM
[ReportManager] API Action [getResponseJSONValue] successfully performed. With the following test data [title]. @15-02-2021 05:40:21.0276 AM
[ReportManager] API Action [getResponseJSONValue] successfully performed. With the following test data [title]. @15-02-2021 05:40:21.0285 AM
[ReportManager] API Action [getResponseJSONValue] successfully performed. With the following test data [title]. @15-02-2021 05:40:21.0295 AM
[ReportManager] API Action [getResponseJSONValue] successfully performed. With the following test data [title]. @15-02-2021 05:40:21.0305 AM
[ReportManager] API Action [getResponseJSONValue] successfully performed. With the following test data [title]. @15-02-2021 05:40:21.0313 AM
[ReportManager] API Action [getResponseJSONValue] successfully performed. With the following test data [title]. @15-02-2021 05:40:21.0321 AM
[ReportManager] API Action [getResponseJSONValue] successfully performed. With the following test data [title]. @15-02-2021 05:40:21.0328 AM
[ReportManager] API Action [getResponseJSONValue] successfully performed. With the following test data [title]. @15-02-2021 05:40:21.0336 AM
[ReportManager] API Action [getResponseJSONValue] successfully performed. With the following test data [title]. @15-02-2021 05:40:21.0344 AM
[ReportManager] API Action [getResponseJSONValue] successfully performed. With the following test data [title]. @15-02-2021 05:40:21.0352 AM
[ReportManager] API Action [getResponseJSONValue] successfully performed. With the following test data [title]. @15-02-2021 05:40:21.0360 AM
[ReportManager] API Action [getResponseJSONValue] successfully performed. With the following test data [title]. @15-02-2021 05:40:21.0368 AM
[ReportManager] API Action [getResponseJSONValue] successfully performed. With the following test data [title]. @15-02-2021 05:40:21.0375 AM
[ReportManager] API Action [getResponseJSONValue] successfully performed. With the following test data [title]. @15-02-2021 05:40:21.0382 AM
[ReportManager] API Action [getResponseJSONValue] successfully performed. With the following test data [title]. @15-02-2021 05:40:21.0390 AM
[ReportManager] API Action [getResponseJSONValue] successfully performed. With the following test data [title]. @15-02-2021 05:40:21.0402 AM
[ReportManager] API Action [getResponseJSONValue] successfully performed. With the following test data [title]. @15-02-2021 05:40:21.0410 AM
[ReportManager] API Action [getResponseJSONValue] successfully performed. With the following test data [title]. @15-02-2021 05:40:21.0419 AM
[ReportManager] API Action [getResponseJSONValue] successfully performed. With the following test data [title]. @15-02-2021 05:40:21.0426 AM
[ReportManager] API Action [getResponseJSONValue] successfully performed. With the following test data [title]. @15-02-2021 05:40:21.0434 AM
[ReportManager] API Action [getResponseJSONValue] successfully performed. With the following test data [title]. @15-02-2021 05:40:21.0441 AM
[ReportManager] API Action [getResponseJSONValue] successfully performed. With the following test data [title]. @15-02-2021 05:40:21.0450 AM
[ReportManager] API Action [getResponseJSONValue] successfully performed. With the following test data [title]. @15-02-2021 05:40:21.0457 AM
[ReportManager] API Action [getResponseJSONValue] successfully performed. With the following test data [title]. @15-02-2021 05:40:21.0465 AM
[ReportManager] API Action [getResponseJSONValue] successfully performed. With the following test data [title]. @15-02-2021 05:40:21.0472 AM
[ReportManager] API Action [getResponseJSONValue] successfully performed. With the following test data [title]. @15-02-2021 05:40:21.0480 AM
[ReportManager] API Action [getResponseJSONValue] successfully performed. With the following test data [title]. @15-02-2021 05:40:21.0487 AM
[ReportManager] API Action [getResponseJSONValue] successfully performed. With the following test data [title]. @15-02-2021 05:40:21.0495 AM
[ReportManager] API Action [getResponseJSONValue] successfully performed. With the following test data [title]. @15-02-2021 05:40:21.0503 AM
[ReportManager] API Action [getResponseJSONValue] successfully performed. With the following test data [title]. @15-02-2021 05:40:21.0511 AM
[ReportManager] API Action [getResponseJSONValue] successfully performed. With the following test data [title]. @15-02-2021 05:40:21.0519 AM
[ReportManager] API Action [getResponseJSONValue] successfully performed. With the following test data [title]. @15-02-2021 05:40:21.0527 AM
[ReportManager] API Action [getResponseJSONValue] successfully performed. With the following test data [title]. @15-02-2021 05:40:21.0580 AM
[ReportManager] API Action [getResponseJSONValue] successfully performed. With the following test data [title]. @15-02-2021 05:40:21.0590 AM
[ReportManager] API Action [getResponseJSONValue] successfully performed. With the following test data [title]. @15-02-2021 05:40:21.0606 AM
[ReportManager] API Action [getResponseJSONValue] successfully performed. With the following test data [title]. @15-02-2021 05:40:21.0626 AM
[ReportManager] API Action [getResponseJSONValue] successfully performed. With the following test data [title]. @15-02-2021 05:40:21.0636 AM
[ReportManager] API Action [getResponseJSONValue] successfully performed. With the following test data [title]. @15-02-2021 05:40:21.0643 AM
[ReportManager] API Action [getResponseJSONValue] successfully performed. With the following test data [title]. @15-02-2021 05:40:21.0652 A

################################################################################################################################################
Starting Execution:	[21 out of 134] test cases in the current suite
Test Method:		[unitTests.tests_restActions.validateUserEmail]
################################################################################################################################################
[ReportManager] Response status code: [200], status line: [HTTP/1.1 200 OK] @15-02-2021 05:40:21.0851 AM
[ReportManager] Evaluating the actual response status code against the expected one...... @15-02-2021 05:40:21.0851 AM
[ReportManager] AssertEquals PASSED; Expected [200] and Actual [200]. Comparison Type [EQUALS]. Validation Type [POSITIVE]. @15-02-2021 05:40:21.0852 AM
[ReportManager] API Action [performRequest] successfully performed. With the following test data [Request Type: "GET" | Target Status Code: "200" | Service URL: "https://jsonplaceholder.typicode.com/users" | Content Type: "*/*" | Response Time: "155ms"]. @15-02-2021 05:40:21.0911 AM
[ReportManager] Successfully created attachment [API Response - JSON Body] @15-02-2021 05:40:21.0912 AM
[ReportManager] AssertEquals PASSED; Expected and Actual values are attached. Comparison Type [CONTAINS]. Validation Type [POSITIVE]. @15-02-2021 05:40:21.0912 AM
[ReportManager] Successfully created attachment [Validation Test Data - Expected Value] @15-02-2021 05:40:21.0912 AM
[ReportManager] Successfully created attachment [Validation Test Data - Actual Value] @15-02-2021 05:40:21.0912 AM
[ReportManager] API Action [getResponseJSONValueAsList] successfully performed. With the following test data [$]. @15-02-2021 05:40:21.0921 AM
[ReportManager] API Action [getResponseJSONValue] successfully performed. With the following test data [name]. @15-02-2021 05:40:21.0938 AM
[ReportManager] API Action [getResponseJSONValue] successfully performed. With the following test data [email]. @15-02-2021 05:40:21.0974 AM
[ReportManager] AssertEquals PASSED; Expected [Sincere@april.biz] and Actual [Sincere@april.biz]. Comparison Type [EQUALS]. Validation Type [POSITIVE]. @15-02-2021 05:40:21.0974 AM
[ReportManager] API Action [getResponseJSONValue] successfully performed. With the following test data [name]. @15-02-2021 05:40:21.0986 AM
[ReportManager] API Action [getResponseJSONValue] successfully performed. With the following test data [name]. @15-02-2021 05:40:22.0003 AM
[ReportManager] API Action [getResponseJSONValue] successfully performed. With the following test data [name]. @15-02-2021 05:40:22.0020 AM
[ReportManager] API Action [getResponseJSONValue] successfully performed. With the following test data [name]. @15-02-2021 05:40:22.0041 AM
[ReportManager] API Action [getResponseJSONValue] successfully performed. With the following test data [name]. @15-02-2021 05:40:22.0049 AM
[ReportManager] API Action [getResponseJSONValue] successfully performed. With the following test data [name]. @15-02-2021 05:40:22.0058 AM
[ReportManager] API Action [getResponseJSONValue] successfully performed. With the following test data [name]. @15-02-2021 05:40:22.0066 AM
[ReportManager] API Action [getResponseJSONValue] successfully performed. With the following test data [name]. @15-02-2021 05:40:22.0073 AM
[ReportManager] API Action [getResponseJSONValue] successfully performed. With the following test data [name]. @15-02-2021 05:40:22.0080 A
[ReportManager] Successfully loaded the following test data file [src/test/resources/TestDataFiles/testSuite01/TestData.xlsx]. @15-02-2021 05:40:23.0189 AM
[ReportManager] Successfully created attachment [Test Data - Excel] @15-02-2021 05:40:23.0189 A

################################################################################################################################################
Starting Execution:	[22 out of 134] test cases in the current suite
Test Method:		[unitTests.tests_io_excelFileManager.getCellData_rowName_expectedToPass]
################################################################################################################################################
[ReportManager] testRowData. @15-02-2021 05:40:23.0217 A

################################################################################################################################################
Starting Execution:	[23 out of 134] test cases in the current suite
Test Method:		[unitTests.tests_validations_assertions.assertComparativeRelation_greaterThanOrEquals_false_equals_expectedToFail]
################################################################################################################################################
[ReportManager] AssertComparativeRelation FAILED; Expected [1] and Actual [1]. Comparison Type [GREATER_THAN_OR_EQUALS]. Validation Type [NEGATIVE]. @15-02-2021 05:40:23.0225 A

################################################################################################################################################
Starting Execution:	[24 out of 134] test cases in the current suite
Test Method:		[unitTests.tests_validations_assertions.assertComparativeRelation_greaterThanOrEquals_false_equals_expectedToPass]
################################################################################################################################################
[ReportManager] AssertComparativeRelation PASSED; Expected [2] and Actual [1]. Comparison Type [GREATER_THAN_OR_EQUALS]. Validation Type [NEGATIVE]. @15-02-2021 05:40:23.0233 A

################################################################################################################################################
Starting Execution:	[25 out of 134] test cases in the current suite
Test Method:		[unitTests.tests_validations_assertions.assertComparativeRelation_greaterThanOrEquals_false_greaterThan_expectedToFail]
################################################################################################################################################
[ReportManager] AssertComparativeRelation FAILED; Expected [1] and Actual [2]. Comparison Type [GREATER_THAN_OR_EQUALS]. Validation Type [NEGATIVE]. @15-02-2021 05:40:23.0239 A

################################################################################################################################################
Starting Execution:	[26 out of 134] test cases in the current suite
Test Method:		[unitTests.tests_validations_assertions.assertComparativeRelation_greaterThanOrEquals_false_greaterThan_expectedToPass]
################################################################################################################################################
[ReportManager] AssertComparativeRelation PASSED; Expected [2] and Actual [1]. Comparison Type [GREATER_THAN_OR_EQUALS]. Validation Type [NEGATIVE]. @15-02-2021 05:40:23.0251 A

################################################################################################################################################
Starting Execution:	[27 out of 134] test cases in the current suite
Test Method:		[unitTests.tests_validations_assertions.assertComparativeRelation_greaterThanOrEquals_true_equals_expectedToFail]
################################################################################################################################################
[ReportManager] AssertComparativeRelation FAILED; Expected [1] and Actual [0]. Comparison Type [GREATER_THAN_OR_EQUALS]. Validation Type [POSITIVE]. @15-02-2021 05:40:23.0262 A

################################################################################################################################################
Starting Execution:	[28 out of 134] test cases in the current suite
Test Method:		[unitTests.tests_validations_assertions.assertComparativeRelation_greaterThanOrEquals_true_equals_expectedToPass]
################################################################################################################################################
[ReportManager] AssertComparativeRelation PASSED; Expected [1] and Actual [1]. Comparison Type [GREATER_THAN_OR_EQUALS]. Validation Type [POSITIVE]. @15-02-2021 05:40:23.0269 A

################################################################################################################################################
Starting Execution:	[29 out of 134] test cases in the current suite
Test Method:		[unitTests.tests_validations_assertions.assertComparativeRelation_greaterThanOrEquals_true_greaterThan_expectedToFail]
################################################################################################################################################
[ReportManager] AssertComparativeRelation FAILED; Expected [2] and Actual [1]. Comparison Type [GREATER_THAN_OR_EQUALS]. Validation Type [POSITIVE]. @15-02-2021 05:40:23.0278 A

################################################################################################################################################
Starting Execution:	[30 out of 134] test cases in the current suite
Test Method:		[unitTests.tests_validations_assertions.assertComparativeRelation_greaterThanOrEquals_true_greaterThan_expectedToPass]
################################################################################################################################################
[ReportManager] AssertComparativeRelation PASSED; Expected [1] and Actual [2]. Comparison Type [GREATER_THAN_OR_EQUALS]. Validation Type [POSITIVE]. @15-02-2021 05:40:23.0287 A
[ReportManager] File Action [getAbsolutePath] successfully performed. With the following test data [Relative Folder Path: "target/downloadedFiles/"]. @15-02-2021 05:40:23.0291 AM
[ReportManager] Attempting to run remotely on: [Linux-64], [GoogleChrome], [http://localhost:4444/wd/hub], Headless Execution. @15-02-2021 05:40:23.0292 AM
[ReportManager] Successfully Opened [GoogleChrome]. @15-02-2021 05:40:23.0630 AM
[ReportManager] Target URL: [https://www.google.com/ncr], and after redirection: [www.google.com] @15-02-2021 05:40:23.0646 AM
[ReportManager] Initial URL: [data:,] @15-02-2021 05:40:23.0701 AM
[ReportManager] Browser Action [navigateToURL] successfully performed. With the following test data [https://www.google.com/ncr]. @15-02-2021 05:40:24.0653 A

################################################################################################################################################
Starting Execution:	[31 out of 134] test cases in the current suite
Test Method:		[unitTests.tests_validations_assertions.assertElementAttribute_false_caseInsensitiveComparison_expectedToFail]
################################################################################################################################################
[ReportManager] Element Action [type] successfully performed. With the following test data [AUTOMATION]. @15-02-2021 05:40:25.0423 AM
[ReportManager] Element Action [getText] successfully performed. With the following test data [AUTOMATION]. @15-02-2021 05:40:25.0566 AM
[ReportManager] Loaded Shared OpenCV @15-02-2021 05:40:26.0257 AM
[ReportManager] AssertElementAttribute FAILED; Expected [Value Should not be 'AutomaTion' for the 'text' attribute, element locator 'By.name: q'] and Actual [AUTOMATION]. Comparison Type [CASE_INSENSITIVE]. Validation Type [NEGATIVE]. @15-02-2021 05:40:26.0447 AM
[ReportManager] Successfully created attachment [Screenshot - 1613367625764_assertElementAttribute_false_caseInsensitiveComparison_expectedToFail_AssertElementAttribute_failed] @15-02-2021 05:40:26.0453 A
[ReportManager] Successfully created attachment [Selenium WebDriver Logs - server] @15-02-2021 05:40:26.0579 AM
[ReportManager] Successfully created attachment [Selenium WebDriver Logs - performance] @15-02-2021 05:40:26.0755 AM
[ReportManager] Successfully created attachment [Selenium WebDriver Logs - driver] @15-02-2021 05:40:26.0981 AM
[ReportManager] Browser Action [closeCurrentWindow] successfully performed. @15-02-2021 05:40:27.0043 AM
[ReportManager] Successfully created attachment [Browser Action Test Data - closeCurrentWindow - Actual Value] @15-02-2021 05:40:27.0044 A
[ReportManager] File Action [getAbsolutePath] successfully performed. With the following test data [Relative Folder Path: "target/downloadedFiles/"]. @15-02-2021 05:40:27.0047 AM
[ReportManager] Attempting to run remotely on: [Linux-64], [GoogleChrome], [http://localhost:4444/wd/hub], Headless Execution. @15-02-2021 05:40:27.0049 AM
[ReportManager] Successfully Opened [GoogleChrome]. @15-02-2021 05:40:27.0502 AM
[ReportManager] Target URL: [https://www.google.com/ncr], and after redirection: [www.google.com] @15-02-2021 05:40:27.0515 AM
[ReportManager] Initial URL: [data:,] @15-02-2021 05:40:27.0564 AM
[ReportManager] Browser Action [navigateToURL] successfully performed. With the following test data [https://www.google.com/ncr]. @15-02-2021 05:40:28.0433 A

################################################################################################################################################
Starting Execution:	[32 out of 134] test cases in the current suite
Test Method:		[unitTests.tests_validations_assertions.assertElementAttribute_false_caseInsensitiveComparison_expectedToPass]
################################################################################################################################################
[ReportManager] Element Action [type] successfully performed. With the following test data [AUTOMATION]. @15-02-2021 05:40:29.0215 AM
[ReportManager] Element Action [getText] successfully performed. With the following test data [AUTOMATION]. @15-02-2021 05:40:29.0377 AM
[ReportManager] Loaded Shared OpenCV @15-02-2021 05:40:29.0538 AM
[ReportManager] AssertElementAttribute PASSED; Expected [Value Should not be 'AutomaTion123' for the 'text' attribute, element locator 'By.name: q'] and Actual [AUTOMATION]. Comparison Type [CASE_INSENSITIVE]. Validation Type [NEGATIVE]. @15-02-2021 05:40:29.0639 AM
[ReportManager] Successfully created attachment [Screenshot - 1613367629538_assertElementAttribute_false_caseInsensitiveComparison_expectedToPass_AssertElementAttribute_passed] @15-02-2021 05:40:29.0641 A
[ReportManager] Successfully created attachment [Selenium WebDriver Logs - server] @15-02-2021 05:40:29.0746 AM
[ReportManager] Successfully created attachment [Selenium WebDriver Logs - performance] @15-02-2021 05:40:29.0849 AM
[ReportManager] Successfully created attachment [Selenium WebDriver Logs - driver] @15-02-2021 05:40:30.0012 AM
[ReportManager] Browser Action [closeCurrentWindow] successfully performed. @15-02-2021 05:40:30.0072 AM
[ReportManager] Successfully created attachment [Browser Action Test Data - closeCurrentWindow - Actual Value] @15-02-2021 05:40:30.0073 A
[ReportManager] File Action [getAbsolutePath] successfully performed. With the following test data [Relative Folder Path: "target/downloadedFiles/"]. @15-02-2021 05:40:30.0075 AM
[ReportManager] Attempting to run remotely on: [Linux-64], [GoogleChrome], [http://localhost:4444/wd/hub], Headless Execution. @15-02-2021 05:40:30.0075 AM
[ReportManager] Successfully Opened [GoogleChrome]. @15-02-2021 05:40:30.0430 AM
[ReportManager] Target URL: [https://www.google.com/ncr], and after redirection: [www.google.com] @15-02-2021 05:40:30.0443 AM
[ReportManager] Initial URL: [data:,] @15-02-2021 05:40:30.0487 AM
[ReportManager] Browser Action [navigateToURL] successfully performed. With the following test data [https://www.google.com/ncr]. @15-02-2021 05:40:31.0327 A

################################################################################################################################################
Starting Execution:	[33 out of 134] test cases in the current suite
Test Method:		[unitTests.tests_validations_assertions.assertElementAttribute_false_containsComparison_expectedToFail]
################################################################################################################################################
[ReportManager] Element Action [type] successfully performed. With the following test data [Automation123]. @15-02-2021 05:40:32.0059 AM
[ReportManager] Element Action [getText] successfully performed. With the following test data [Automation123]. @15-02-2021 05:40:32.0192 AM
[ReportManager] Loaded Shared OpenCV @15-02-2021 05:40:32.0355 AM
[ReportManager] AssertElementAttribute FAILED; Expected [Value Should not be 'Automation' for the 'text' attribute, element locator 'By.name: q'] and Actual [Automation123]. Comparison Type [CONTAINS]. Validation Type [NEGATIVE]. @15-02-2021 05:40:32.0459 AM
[ReportManager] Successfully created attachment [Screenshot - 1613367632354_assertElementAttribute_false_containsComparison_expectedToFail_AssertElementAttribute_failed] @15-02-2021 05:40:32.0461 A
[ReportManager] Successfully created attachment [Selenium WebDriver Logs - server] @15-02-2021 05:40:32.0564 AM
[ReportManager] Successfully created attachment [Selenium WebDriver Logs - performance] @15-02-2021 05:40:32.0678 AM
[ReportManager] Successfully created attachment [Selenium WebDriver Logs - driver] @15-02-2021 05:40:32.0827 AM
[ReportManager] Browser Action [closeCurrentWindow] successfully performed. @15-02-2021 05:40:32.0888 AM
[ReportManager] Successfully created attachment [Browser Action Test Data - closeCurrentWindow - Actual Value] @15-02-2021 05:40:32.0893 A
[ReportManager] File Action [getAbsolutePath] successfully performed. With the following test data [Relative Folder Path: "target/downloadedFiles/"]. @15-02-2021 05:40:32.0897 AM
[ReportManager] Attempting to run remotely on: [Linux-64], [GoogleChrome], [http://localhost:4444/wd/hub], Headless Execution. @15-02-2021 05:40:32.0898 AM
[ReportManager] Successfully Opened [GoogleChrome]. @15-02-2021 05:40:33.0234 AM
[ReportManager] Target URL: [https://www.google.com/ncr], and after redirection: [www.google.com] @15-02-2021 05:40:33.0252 AM
[ReportManager] Initial URL: [data:,] @15-02-2021 05:40:33.0298 AM
[ReportManager] Browser Action [navigateToURL] successfully performed. With the following test data [https://www.google.com/ncr]. @15-02-2021 05:40:34.0187 A

################################################################################################################################################
Starting Execution:	[34 out of 134] test cases in the current suite
Test Method:		[unitTests.tests_validations_assertions.assertElementAttribute_false_containsComparison_expectedToPass]
################################################################################################################################################
[ReportManager] Element Action [type] successfully performed. With the following test data [Automation123]. @15-02-2021 05:40:34.0919 AM
[ReportManager] Element Action [getText] successfully performed. With the following test data [Automation123]. @15-02-2021 05:40:35.0055 AM
[ReportManager] Loaded Shared OpenCV @15-02-2021 05:40:35.0217 AM
[ReportManager] AssertElementAttribute PASSED; Expected [Value Should not be 'Automation1234' for the 'text' attribute, element locator 'By.name: q'] and Actual [Automation123]. Comparison Type [CONTAINS]. Validation Type [NEGATIVE]. @15-02-2021 05:40:35.0304 AM
[ReportManager] Successfully created attachment [Screenshot - 1613367635217_assertElementAttribute_false_containsComparison_expectedToPass_AssertElementAttribute_passed] @15-02-2021 05:40:35.0305 A
[ReportManager] Successfully created attachment [Selenium WebDriver Logs - server] @15-02-2021 05:40:35.0391 AM
[ReportManager] Successfully created attachment [Selenium WebDriver Logs - performance] @15-02-2021 05:40:35.0485 AM
[ReportManager] Successfully created attachment [Selenium WebDriver Logs - driver] @15-02-2021 05:40:35.0635 AM
[ReportManager] Browser Action [closeCurrentWindow] successfully performed. @15-02-2021 05:40:35.0705 AM
[ReportManager] Successfully created attachment [Browser Action Test Data - closeCurrentWindow - Actual Value] @15-02-2021 05:40:35.0706 A
[ReportManager] File Action [getAbsolutePath] successfully performed. With the following test data [Relative Folder Path: "target/downloadedFiles/"]. @15-02-2021 05:40:35.0715 AM
[ReportManager] Attempting to run remotely on: [Linux-64], [GoogleChrome], [http://localhost:4444/wd/hub], Headless Execution. @15-02-2021 05:40:35.0715 AM
[ReportManager] Successfully Opened [GoogleChrome]. @15-02-2021 05:40:36.0054 AM
[ReportManager] Target URL: [https://www.google.com/ncr], and after redirection: [www.google.com] @15-02-2021 05:40:36.0068 AM
[ReportManager] Initial URL: [data:,] @15-02-2021 05:40:36.0119 AM
[ReportManager] Browser Action [navigateToURL] successfully performed. With the following test data [https://www.google.com/ncr]. @15-02-2021 05:40:37.0049 A

################################################################################################################################################
Starting Execution:	[35 out of 134] test cases in the current suite
Test Method:		[unitTests.tests_validations_assertions.assertElementAttribute_false_literalComparison_expectedToFail]
################################################################################################################################################
[ReportManager] Element Action [type] successfully performed. With the following test data [Automation!@#$%^&*()_+{}[]\';/.,]. @15-02-2021 05:40:38.0595 AM
[ReportManager] Element Action [getText] successfully performed. With the following test data [Automation!@#$%^&*()_+{}[]\';/.,]. @15-02-2021 05:40:38.0760 AM
[ReportManager] Loaded Shared OpenCV @15-02-2021 05:40:38.0914 AM
[ReportManager] AssertElementAttribute PASSED; Expected [Value Should not be 'Automation!@#$%^&*()_+{}[]\\';/.,' for the 'text' attribute, element locator 'By.name: q'] and Actual [Automation!@#$%^&*()_+{}[]\';/.,]. Comparison Type [EQUALS]. Validation Type [NEGATIVE]. @15-02-2021 05:40:39.0013 AM
[ReportManager] Successfully created attachment [Screenshot - 1613367638914_assertElementAttribute_false_literalComparison_expectedToFail_AssertElementAttribute_passed] @15-02-2021 05:40:39.0014 A
[ReportManager] Successfully created attachment [Selenium WebDriver Logs - server] @15-02-2021 05:40:39.0094 AM
[ReportManager] Successfully created attachment [Selenium WebDriver Logs - performance] @15-02-2021 05:40:39.0252 AM
[ReportManager] Successfully created attachment [Selenium WebDriver Logs - driver] @15-02-2021 05:40:39.0455 AM
[ReportManager] Browser Action [closeCurrentWindow] successfully performed. @15-02-2021 05:40:39.0514 AM
[ReportManager] Successfully created attachment [Browser Action Test Data - closeCurrentWindow - Actual Value] @15-02-2021 05:40:39.0521 A
[ReportManager] File Action [getAbsolutePath] successfully performed. With the following test data [Relative Folder Path: "target/downloadedFiles/"]. @15-02-2021 05:40:39.0542 AM
[ReportManager] Attempting to run remotely on: [Linux-64], [GoogleChrome], [http://localhost:4444/wd/hub], Headless Execution. @15-02-2021 05:40:39.0543 AM
[ReportManager] Successfully Opened [GoogleChrome]. @15-02-2021 05:40:39.0869 AM
[ReportManager] Target URL: [https://www.google.com/ncr], and after redirection: [www.google.com] @15-02-2021 05:40:39.0891 AM
[ReportManager] Initial URL: [data:,] @15-02-2021 05:40:39.0939 AM
[ReportManager] Browser Action [navigateToURL] successfully performed. With the following test data [https://www.google.com/ncr]. @15-02-2021 05:40:40.0839 A

################################################################################################################################################
Starting Execution:	[36 out of 134] test cases in the current suite
Test Method:		[unitTests.tests_validations_assertions.assertElementAttribute_false_literalComparison_expectedToPass]
################################################################################################################################################
[ReportManager] Element Action [type] successfully performed. With the following test data [Automation!@#$%^&*()_+{}[]\';/.,]. @15-02-2021 05:40:42.0526 AM
[ReportManager] Element Action [getText] successfully performed. With the following test data [Automation!@#$%^&*()_+{}[]\';/.,]. @15-02-2021 05:40:42.0678 AM
[ReportManager] Loaded Shared OpenCV @15-02-2021 05:40:42.0827 AM
[ReportManager] AssertElementAttribute PASSED; Expected [Value Should not be 'Automation' for the 'text' attribute, element locator 'By.name: q'] and Actual [Automation!@#$%^&*()_+{}[]\';/.,]. Comparison Type [EQUALS]. Validation Type [NEGATIVE]. @15-02-2021 05:40:42.0932 AM
[ReportManager] Successfully created attachment [Screenshot - 1613367642827_assertElementAttribute_false_literalComparison_expectedToPass_AssertElementAttribute_passed] @15-02-2021 05:40:42.0933 A
[ReportManager] Successfully created attachment [Selenium WebDriver Logs - server] @15-02-2021 05:40:43.0029 AM
[ReportManager] Successfully created attachment [Selenium WebDriver Logs - performance] @15-02-2021 05:40:43.0197 AM
[ReportManager] Successfully created attachment [Selenium WebDriver Logs - driver] @15-02-2021 05:40:43.0428 AM
[ReportManager] Browser Action [closeCurrentWindow] successfully performed. @15-02-2021 05:40:43.0500 AM
[ReportManager] Successfully created attachment [Browser Action Test Data - closeCurrentWindow - Actual Value] @15-02-2021 05:40:43.0501 A
[ReportManager] File Action [getAbsolutePath] successfully performed. With the following test data [Relative Folder Path: "target/downloadedFiles/"]. @15-02-2021 05:40:43.0506 AM
[ReportManager] Attempting to run remotely on: [Linux-64], [GoogleChrome], [http://localhost:4444/wd/hub], Headless Execution. @15-02-2021 05:40:43.0507 AM
[ReportManager] Successfully Opened [GoogleChrome]. @15-02-2021 05:40:43.0821 AM
[ReportManager] Target URL: [https://www.google.com/ncr], and after redirection: [www.google.com] @15-02-2021 05:40:43.0832 AM
[ReportManager] Initial URL: [data:,] @15-02-2021 05:40:43.0881 AM
[ReportManager] Browser Action [navigateToURL] successfully performed. With the following test data [https://www.google.com/ncr]. @15-02-2021 05:40:44.0981 A

################################################################################################################################################
Starting Execution:	[37 out of 134] test cases in the current suite
Test Method:		[unitTests.tests_validations_assertions.assertElementAttribute_false_regexComparison_expectedToFail]
################################################################################################################################################
[ReportManager] Element Action [type] successfully performed. With the following test data [Automation123]. @15-02-2021 05:40:45.0663 AM
[ReportManager] Element Action [getText] successfully performed. With the following test data [Automation123]. @15-02-2021 05:40:45.0802 AM
[ReportManager] Loaded Shared OpenCV @15-02-2021 05:40:45.0951 AM
[ReportManager] AssertElementAttribute FAILED; Expected [Value Should not be 'Automation.*' for the 'text' attribute, element locator 'By.name: q'] and Actual [Automation123]. Comparison Type [MATCHES]. Validation Type [NEGATIVE]. @15-02-2021 05:40:46.0030 AM
[ReportManager] Successfully created attachment [Screenshot - 1613367645951_assertElementAttribute_false_regexComparison_expectedToFail_AssertElementAttribute_failed] @15-02-2021 05:40:46.0031 A
[ReportManager] Successfully created attachment [Selenium WebDriver Logs - server] @15-02-2021 05:40:46.0116 AM
[ReportManager] Successfully created attachment [Selenium WebDriver Logs - performance] @15-02-2021 05:40:46.0216 AM
[ReportManager] Successfully created attachment [Selenium WebDriver Logs - driver] @15-02-2021 05:40:46.0358 AM
[ReportManager] Browser Action [closeCurrentWindow] successfully performed. @15-02-2021 05:40:46.0420 AM
[ReportManager] Successfully created attachment [Browser Action Test Data - closeCurrentWindow - Actual Value] @15-02-2021 05:40:46.0420 A
[ReportManager] File Action [getAbsolutePath] successfully performed. With the following test data [Relative Folder Path: "target/downloadedFiles/"]. @15-02-2021 05:40:46.0423 AM
[ReportManager] Attempting to run remotely on: [Linux-64], [GoogleChrome], [http://localhost:4444/wd/hub], Headless Execution. @15-02-2021 05:40:46.0423 AM
[ReportManager] Successfully Opened [GoogleChrome]. @15-02-2021 05:40:46.0760 AM
[ReportManager] Target URL: [https://www.google.com/ncr], and after redirection: [www.google.com] @15-02-2021 05:40:46.0777 AM
[ReportManager] Initial URL: [data:,] @15-02-2021 05:40:46.0835 AM
[ReportManager] Browser Action [navigateToURL] successfully performed. With the following test data [https://www.google.com/ncr]. @15-02-2021 05:40:47.0658 A

################################################################################################################################################
Starting Execution:	[38 out of 134] test cases in the current suite
Test Method:		[unitTests.tests_validations_assertions.assertElementAttribute_false_regexComparison_expectedToPass]
################################################################################################################################################
[ReportManager] Element Action [type] successfully performed. With the following test data [Automation123]. @15-02-2021 05:40:48.0407 AM
[ReportManager] Element Action [getText] successfully performed. With the following test data [Automation123]. @15-02-2021 05:40:48.0545 AM
[ReportManager] Loaded Shared OpenCV @15-02-2021 05:40:48.0702 AM
[ReportManager] AssertElementAttribute PASSED; Expected [Value Should not be 'Automation' for the 'text' attribute, element locator 'By.name: q'] and Actual [Automation123]. Comparison Type [MATCHES]. Validation Type [NEGATIVE]. @15-02-2021 05:40:48.0807 AM
[ReportManager] Successfully created attachment [Screenshot - 1613367648702_assertElementAttribute_false_regexComparison_expectedToPass_AssertElementAttribute_passed] @15-02-2021 05:40:48.0808 A
[ReportManager] Successfully created attachment [Selenium WebDriver Logs - server] @15-02-2021 05:40:48.0914 AM
[ReportManager] Successfully created attachment [Selenium WebDriver Logs - performance] @15-02-2021 05:40:49.0011 AM
[ReportManager] Successfully created attachment [Selenium WebDriver Logs - driver] @15-02-2021 05:40:49.0164 AM
[ReportManager] Browser Action [closeCurrentWindow] successfully performed. @15-02-2021 05:40:49.0224 AM
[ReportManager] Successfully created attachment [Browser Action Test Data - closeCurrentWindow - Actual Value] @15-02-2021 05:40:49.0225 A
[ReportManager] File Action [getAbsolutePath] successfully performed. With the following test data [Relative Folder Path: "target/downloadedFiles/"]. @15-02-2021 05:40:49.0229 AM
[ReportManager] Attempting to run remotely on: [Linux-64], [GoogleChrome], [http://localhost:4444/wd/hub], Headless Execution. @15-02-2021 05:40:49.0242 AM
[ReportManager] Successfully Opened [GoogleChrome]. @15-02-2021 05:40:49.0641 AM
[ReportManager] Target URL: [https://www.google.com/ncr], and after redirection: [www.google.com] @15-02-2021 05:40:49.0652 AM
[ReportManager] Initial URL: [data:,] @15-02-2021 05:40:49.0699 AM
[ReportManager] Browser Action [navigateToURL] successfully performed. With the following test data [https://www.google.com/ncr]. @15-02-2021 05:40:50.0592 A

################################################################################################################################################
Starting Execution:	[39 out of 134] test cases in the current suite
Test Method:		[unitTests.tests_validations_assertions.assertElementAttribute_true_caseInsensitiveComparison_expectedToFail]
################################################################################################################################################
[ReportManager] Element Action [type] successfully performed. With the following test data [AUTOMATION]. @15-02-2021 05:40:51.0369 AM
[ReportManager] Element Action [getText] successfully performed. With the following test data [AUTOMATION]. @15-02-2021 05:40:51.0490 AM
[ReportManager] Loaded Shared OpenCV @15-02-2021 05:40:51.0654 AM
[ReportManager] AssertElementAttribute FAILED; Expected [Value Should be 'AutomaTion123' for the 'text' attribute, element locator 'By.name: q'] and Actual [AUTOMATION]. Comparison Type [CASE_INSENSITIVE]. Validation Type [POSITIVE]. @15-02-2021 05:40:51.0737 AM
[ReportManager] Successfully created attachment [Screenshot - 1613367651654_assertElementAttribute_true_caseInsensitiveComparison_expectedToFail_AssertElementAttribute_failed] @15-02-2021 05:40:51.0739 A
[ReportManager] Successfully created attachment [Selenium WebDriver Logs - server] @15-02-2021 05:40:51.0821 AM
[ReportManager] Successfully created attachment [Selenium WebDriver Logs - performance] @15-02-2021 05:40:51.0923 AM
[ReportManager] Successfully created attachment [Selenium WebDriver Logs - driver] @15-02-2021 05:40:52.0075 AM
[ReportManager] Browser Action [closeCurrentWindow] successfully performed. @15-02-2021 05:40:52.0131 AM
[ReportManager] Successfully created attachment [Browser Action Test Data - closeCurrentWindow - Actual Value] @15-02-2021 05:40:52.0132 A
[ReportManager] File Action [getAbsolutePath] successfully performed. With the following test data [Relative Folder Path: "target/downloadedFiles/"]. @15-02-2021 05:40:52.0134 AM
[ReportManager] Attempting to run remotely on: [Linux-64], [GoogleChrome], [http://localhost:4444/wd/hub], Headless Execution. @15-02-2021 05:40:52.0135 AM
[ReportManager] Successfully Opened [GoogleChrome]. @15-02-2021 05:40:52.0382 AM
[ReportManager] Target URL: [https://www.google.com/ncr], and after redirection: [www.google.com] @15-02-2021 05:40:52.0404 AM
[ReportManager] Initial URL: [data:,] @15-02-2021 05:40:52.0444 AM
[ReportManager] Browser Action [navigateToURL] successfully performed. With the following test data [https://www.google.com/ncr]. @15-02-2021 05:40:53.0356 A

################################################################################################################################################
Starting Execution:	[40 out of 134] test cases in the current suite
Test Method:		[unitTests.tests_validations_assertions.assertElementAttribute_true_caseInsensitiveComparison_expectedToPass]
################################################################################################################################################
[ReportManager] Element Action [type] successfully performed. With the following test data [AUTOMATION]. @15-02-2021 05:40:54.0049 AM
[ReportManager] Element Action [getText] successfully performed. With the following test data [AUTOMATION]. @15-02-2021 05:40:54.0201 AM
[ReportManager] Loaded Shared OpenCV @15-02-2021 05:40:54.0345 AM
[ReportManager] AssertElementAttribute PASSED; Expected [Value Should be 'AutomaTion' for the 'text' attribute, element locator 'By.name: q'] and Actual [AUTOMATION]. Comparison Type [CASE_INSENSITIVE]. Validation Type [POSITIVE]. @15-02-2021 05:40:54.0454 AM
[ReportManager] Successfully created attachment [Screenshot - 1613367654345_assertElementAttribute_true_caseInsensitiveComparison_expectedToPass_AssertElementAttribute_passed] @15-02-2021 05:40:54.0456 A
[ReportManager] Successfully created attachment [Selenium WebDriver Logs - server] @15-02-2021 05:40:54.0595 AM
[ReportManager] Successfully created attachment [Selenium WebDriver Logs - performance] @15-02-2021 05:40:54.0732 AM
[ReportManager] Successfully created attachment [Selenium WebDriver Logs - driver] @15-02-2021 05:40:54.0857 AM
[ReportManager] Browser Action [closeCurrentWindow] successfully performed. @15-02-2021 05:40:54.0916 AM
[ReportManager] Successfully created attachment [Browser Action Test Data - closeCurrentWindow - Actual Value] @15-02-2021 05:40:54.0917 A
[ReportManager] File Action [getAbsolutePath] successfully performed. With the following test data [Relative Folder Path: "target/downloadedFiles/"]. @15-02-2021 05:40:54.0919 AM
[ReportManager] Attempting to run remotely on: [Linux-64], [GoogleChrome], [http://localhost:4444/wd/hub], Headless Execution. @15-02-2021 05:40:54.0919 AM
[ReportManager] Successfully Opened [GoogleChrome]. @15-02-2021 05:40:55.0190 AM
[ReportManager] Target URL: [https://www.google.com/ncr], and after redirection: [www.google.com] @15-02-2021 05:40:55.0209 AM
[ReportManager] Initial URL: [data:,] @15-02-2021 05:40:55.0254 AM
[ReportManager] Browser Action [navigateToURL] successfully performed. With the following test data [https://www.google.com/ncr]. @15-02-2021 05:40:56.0134 A

################################################################################################################################################
Starting Execution:	[41 out of 134] test cases in the current suite
Test Method:		[unitTests.tests_validations_assertions.assertElementAttribute_true_containsComparison_expectedToFail]
################################################################################################################################################
[ReportManager] Element Action [type] successfully performed. With the following test data [Automation123]. @15-02-2021 05:40:56.0835 AM
[ReportManager] Element Action [getText] successfully performed. With the following test data [Automation123]. @15-02-2021 05:40:56.0980 AM
[ReportManager] Loaded Shared OpenCV @15-02-2021 05:40:57.0139 AM
[ReportManager] AssertElementAttribute FAILED; Expected [Value Should be 'Automation1234' for the 'text' attribute, element locator 'By.name: q'] and Actual [Automation123]. Comparison Type [CONTAINS]. Validation Type [POSITIVE]. @15-02-2021 05:40:57.0236 AM
[ReportManager] Successfully created attachment [Screenshot - 1613367657139_assertElementAttribute_true_containsComparison_expectedToFail_AssertElementAttribute_failed] @15-02-2021 05:40:57.0237 A
[ReportManager] Successfully created attachment [Selenium WebDriver Logs - server] @15-02-2021 05:40:57.0330 AM
[ReportManager] Successfully created attachment [Selenium WebDriver Logs - performance] @15-02-2021 05:40:57.0415 AM
[ReportManager] Successfully created attachment [Selenium WebDriver Logs - driver] @15-02-2021 05:40:57.0552 AM
[ReportManager] Browser Action [closeCurrentWindow] successfully performed. @15-02-2021 05:40:57.0613 AM
[ReportManager] Successfully created attachment [Browser Action Test Data - closeCurrentWindow - Actual Value] @15-02-2021 05:40:57.0613 A
[ReportManager] File Action [getAbsolutePath] successfully performed. With the following test data [Relative Folder Path: "target/downloadedFiles/"]. @15-02-2021 05:40:57.0620 AM
[ReportManager] Attempting to run remotely on: [Linux-64], [GoogleChrome], [http://localhost:4444/wd/hub], Headless Execution. @15-02-2021 05:40:57.0620 AM
[ReportManager] Successfully Opened [GoogleChrome]. @15-02-2021 05:40:57.0873 AM
[ReportManager] Target URL: [https://www.google.com/ncr], and after redirection: [www.google.com] @15-02-2021 05:40:57.0894 AM
[ReportManager] Initial URL: [data:,] @15-02-2021 05:40:57.0943 AM
[ReportManager] Browser Action [navigateToURL] successfully performed. With the following test data [https://www.google.com/ncr]. @15-02-2021 05:40:58.0835 A

################################################################################################################################################
Starting Execution:	[42 out of 134] test cases in the current suite
Test Method:		[unitTests.tests_validations_assertions.assertElementAttribute_true_containsComparison_expectedToPass]
################################################################################################################################################
[ReportManager] Element Action [type] successfully performed. With the following test data [Automation123]. @15-02-2021 05:40:59.0634 AM
[ReportManager] Element Action [getText] successfully performed. With the following test data [Automation123]. @15-02-2021 05:40:59.0770 AM
[ReportManager] Loaded Shared OpenCV @15-02-2021 05:40:59.0919 AM
[ReportManager] AssertElementAttribute PASSED; Expected [Value Should be 'Automation' for the 'text' attribute, element locator 'By.name: q'] and Actual [Automation123]. Comparison Type [CONTAINS]. Validation Type [POSITIVE]. @15-02-2021 05:41:00.0023 AM
[ReportManager] Successfully created attachment [Screenshot - 1613367659919_assertElementAttribute_true_containsComparison_expectedToPass_AssertElementAttribute_passed] @15-02-2021 05:41:00.0024 A
[ReportManager] Successfully created attachment [Selenium WebDriver Logs - server] @15-02-2021 05:41:00.0119 AM
[ReportManager] Successfully created attachment [Selenium WebDriver Logs - performance] @15-02-2021 05:41:00.0230 AM
[ReportManager] Successfully created attachment [Selenium WebDriver Logs - driver] @15-02-2021 05:41:00.0415 AM
[ReportManager] Browser Action [closeCurrentWindow] successfully performed. @15-02-2021 05:41:00.0475 AM
[ReportManager] Successfully created attachment [Browser Action Test Data - closeCurrentWindow - Actual Value] @15-02-2021 05:41:00.0476 A
[ReportManager] File Action [getAbsolutePath] successfully performed. With the following test data [Relative Folder Path: "target/downloadedFiles/"]. @15-02-2021 05:41:00.0485 AM
[ReportManager] Attempting to run remotely on: [Linux-64], [GoogleChrome], [http://localhost:4444/wd/hub], Headless Execution. @15-02-2021 05:41:00.0488 AM
[ReportManager] Successfully Opened [GoogleChrome]. @15-02-2021 05:41:00.0848 AM
[ReportManager] Target URL: [https://www.google.com/ncr], and after redirection: [www.google.com] @15-02-2021 05:41:00.0862 AM
[ReportManager] Initial URL: [data:,] @15-02-2021 05:41:00.0909 AM
[ReportManager] Browser Action [navigateToURL] successfully performed. With the following test data [https://www.google.com/ncr]. @15-02-2021 05:41:02.0468 A

################################################################################################################################################
Starting Execution:	[43 out of 134] test cases in the current suite
Test Method:		[unitTests.tests_validations_assertions.assertElementAttribute_true_literalComparison_expectedToFail]
################################################################################################################################################
[ReportManager] Element Action [type] successfully performed. With the following test data [Automation!@#$%^&*()_+{}[]\';/.,]. @15-02-2021 05:41:04.0131 AM
[ReportManager] Element Action [getText] successfully performed. With the following test data [Automation!@#$%^&*()_+{}[]\';/.,]. @15-02-2021 05:41:04.0271 AM
[ReportManager] Loaded Shared OpenCV @15-02-2021 05:41:04.0452 AM
[ReportManager] AssertElementAttribute FAILED; Expected [Value Should be 'Automation' for the 'text' attribute, element locator 'By.name: q'] and Actual [Automation!@#$%^&*()_+{}[]\';/.,]. Comparison Type [EQUALS]. Validation Type [POSITIVE]. @15-02-2021 05:41:04.0543 AM
[ReportManager] Successfully created attachment [Screenshot - 1613367664452_assertElementAttribute_true_literalComparison_expectedToFail_AssertElementAttribute_failed] @15-02-2021 05:41:04.0544 A
[ReportManager] Successfully created attachment [Selenium WebDriver Logs - server] @15-02-2021 05:41:04.0632 AM
[ReportManager] Successfully created attachment [Selenium WebDriver Logs - performance] @15-02-2021 05:41:04.0803 AM
[ReportManager] Successfully created attachment [Selenium WebDriver Logs - driver] @15-02-2021 05:41:05.0016 AM
[ReportManager] Browser Action [closeCurrentWindow] successfully performed. @15-02-2021 05:41:05.0081 AM
[ReportManager] Successfully created attachment [Browser Action Test Data - closeCurrentWindow - Actual Value] @15-02-2021 05:41:05.0082 A
[ReportManager] File Action [getAbsolutePath] successfully performed. With the following test data [Relative Folder Path: "target/downloadedFiles/"]. @15-02-2021 05:41:05.0086 AM
[ReportManager] Attempting to run remotely on: [Linux-64], [GoogleChrome], [http://localhost:4444/wd/hub], Headless Execution. @15-02-2021 05:41:05.0087 AM
[ReportManager] Successfully Opened [GoogleChrome]. @15-02-2021 05:41:05.0361 AM
[ReportManager] Target URL: [https://www.google.com/ncr], and after redirection: [www.google.com] @15-02-2021 05:41:05.0373 AM
[ReportManager] Initial URL: [data:,] @15-02-2021 05:41:05.0416 AM
[ReportManager] Browser Action [navigateToURL] successfully performed. With the following test data [https://www.google.com/ncr]. @15-02-2021 05:41:06.0303 A

################################################################################################################################################
Starting Execution:	[44 out of 134] test cases in the current suite
Test Method:		[unitTests.tests_validations_assertions.assertElementAttribute_true_literalComparison_expectedToPass]
################################################################################################################################################
[ReportManager] Element Action [type] successfully performed. With the following test data [Automation!@#$%^&*()_+{}[]\';/.,]. @15-02-2021 05:41:07.0892 AM
[ReportManager] Element Action [getText] successfully performed. With the following test data [Automation!@#$%^&*()_+{}[]\';/.,]. @15-02-2021 05:41:08.0008 AM
[ReportManager] Loaded Shared OpenCV @15-02-2021 05:41:08.0162 AM
[ReportManager] AssertElementAttribute PASSED; Expected [Value Should be 'Automation!@#$%^&*()_+{}[]\';/.,' for the 'text' attribute, element locator 'By.name: q'] and Actual [Automation!@#$%^&*()_+{}[]\';/.,]. Comparison Type [EQUALS]. Validation Type [POSITIVE]. @15-02-2021 05:41:08.0247 AM
[ReportManager] Successfully created attachment [Screenshot - 1613367668162_assertElementAttribute_true_literalComparison_expectedToPass_AssertElementAttribute_passed] @15-02-2021 05:41:08.0248 A
[ReportManager] Successfully created attachment [Selenium WebDriver Logs - server] @15-02-2021 05:41:08.0329 AM
[ReportManager] Successfully created attachment [Selenium WebDriver Logs - performance] @15-02-2021 05:41:08.0499 AM
[ReportManager] Successfully created attachment [Selenium WebDriver Logs - driver] @15-02-2021 05:41:08.0699 AM
[ReportManager] Browser Action [closeCurrentWindow] successfully performed. @15-02-2021 05:41:08.0758 AM
[ReportManager] Successfully created attachment [Browser Action Test Data - closeCurrentWindow - Actual Value] @15-02-2021 05:41:08.0759 A
[ReportManager] File Action [getAbsolutePath] successfully performed. With the following test data [Relative Folder Path: "target/downloadedFiles/"]. @15-02-2021 05:41:08.0763 AM
[ReportManager] Attempting to run remotely on: [Linux-64], [GoogleChrome], [http://localhost:4444/wd/hub], Headless Execution. @15-02-2021 05:41:08.0763 AM
[ReportManager] Successfully Opened [GoogleChrome]. @15-02-2021 05:41:09.0168 AM
[ReportManager] Target URL: [https://www.google.com/ncr], and after redirection: [www.google.com] @15-02-2021 05:41:09.0190 AM
[ReportManager] Initial URL: [data:,] @15-02-2021 05:41:09.0253 AM
[ReportManager] Browser Action [navigateToURL] successfully performed. With the following test data [https://www.google.com/ncr]. @15-02-2021 05:41:10.0131 A

################################################################################################################################################
Starting Execution:	[45 out of 134] test cases in the current suite
Test Method:		[unitTests.tests_validations_assertions.assertElementAttribute_true_regexComparison_expectedToFail]
################################################################################################################################################
[ReportManager] Element Action [type] successfully performed. With the following test data [Automation123]. @15-02-2021 05:41:10.0807 AM
[ReportManager] Element Action [getText] successfully performed. With the following test data [Automation123]. @15-02-2021 05:41:10.0958 AM
[ReportManager] Loaded Shared OpenCV @15-02-2021 05:41:11.0082 AM
[ReportManager] AssertElementAttribute FAILED; Expected [Value Should be 'Automation' for the 'text' attribute, element locator 'By.name: q'] and Actual [Automation123]. Comparison Type [MATCHES]. Validation Type [POSITIVE]. @15-02-2021 05:41:11.0174 AM
[ReportManager] Successfully created attachment [Screenshot - 1613367671082_assertElementAttribute_true_regexComparison_expectedToFail_AssertElementAttribute_failed] @15-02-2021 05:41:11.0175 A
[ReportManager] Successfully created attachment [Selenium WebDriver Logs - server] @15-02-2021 05:41:11.0258 AM
[ReportManager] Successfully created attachment [Selenium WebDriver Logs - performance] @15-02-2021 05:41:11.0354 AM
[ReportManager] Successfully created attachment [Selenium WebDriver Logs - driver] @15-02-2021 05:41:11.0489 AM
[ReportManager] Browser Action [closeCurrentWindow] successfully performed. @15-02-2021 05:41:11.0547 AM
[ReportManager] Successfully created attachment [Browser Action Test Data - closeCurrentWindow - Actual Value] @15-02-2021 05:41:11.0549 A
[ReportManager] File Action [getAbsolutePath] successfully performed. With the following test data [Relative Folder Path: "target/downloadedFiles/"]. @15-02-2021 05:41:11.0554 AM
[ReportManager] Attempting to run remotely on: [Linux-64], [GoogleChrome], [http://localhost:4444/wd/hub], Headless Execution. @15-02-2021 05:41:11.0554 AM
[ReportManager] Successfully Opened [GoogleChrome]. @15-02-2021 05:41:11.0796 AM
[ReportManager] Target URL: [https://www.google.com/ncr], and after redirection: [www.google.com] @15-02-2021 05:41:11.0808 AM
[ReportManager] Initial URL: [data:,] @15-02-2021 05:41:11.0854 AM
[ReportManager] Browser Action [navigateToURL] successfully performed. With the following test data [https://www.google.com/ncr]. @15-02-2021 05:41:12.0715 A

################################################################################################################################################
Starting Execution:	[46 out of 134] test cases in the current suite
Test Method:		[unitTests.tests_validations_assertions.assertElementAttribute_true_regexComparison_expectedToPass]
################################################################################################################################################
[ReportManager] Element Action [type] successfully performed. With the following test data [Automation123]. @15-02-2021 05:41:13.0383 AM
[ReportManager] Element Action [getText] successfully performed. With the following test data [Automation123]. @15-02-2021 05:41:13.0509 AM
[ReportManager] Loaded Shared OpenCV @15-02-2021 05:41:13.0649 AM
[ReportManager] AssertElementAttribute PASSED; Expected [Value Should be 'Automation.*' for the 'text' attribute, element locator 'By.name: q'] and Actual [Automation123]. Comparison Type [MATCHES]. Validation Type [POSITIVE]. @15-02-2021 05:41:13.0730 AM
[ReportManager] Successfully created attachment [Screenshot - 1613367673649_assertElementAttribute_true_regexComparison_expectedToPass_AssertElementAttribute_passed] @15-02-2021 05:41:13.0731 A
[ReportManager] Successfully created attachment [Selenium WebDriver Logs - server] @15-02-2021 05:41:13.0817 AM
[ReportManager] Successfully created attachment [Selenium WebDriver Logs - performance] @15-02-2021 05:41:13.0903 AM
[ReportManager] Successfully created attachment [Selenium WebDriver Logs - driver] @15-02-2021 05:41:14.0044 AM
[ReportManager] Browser Action [closeCurrentWindow] successfully performed. @15-02-2021 05:41:14.0101 AM
[ReportManager] Successfully created attachment [Browser Action Test Data - closeCurrentWindow - Actual Value] @15-02-2021 05:41:14.0102 A
[ReportManager] File Action [getAbsolutePath] successfully performed. With the following test data [Relative Folder Path: "target/downloadedFiles/"]. @15-02-2021 05:41:14.0104 AM
[ReportManager] Attempting to run remotely on: [Linux-64], [GoogleChrome], [http://localhost:4444/wd/hub], Headless Execution. @15-02-2021 05:41:14.0104 AM
[ReportManager] Successfully Opened [GoogleChrome]. @15-02-2021 05:41:14.0380 AM
[ReportManager] Target URL: [https://www.google.com/ncr], and after redirection: [www.google.com] @15-02-2021 05:41:14.0407 AM
[ReportManager] Initial URL: [data:,] @15-02-2021 05:41:14.0454 AM
[ReportManager] Browser Action [navigateToURL] successfully performed. With the following test data [https://www.google.com/ncr]. @15-02-2021 05:41:15.0282 A

################################################################################################################################################
Starting Execution:	[47 out of 134] test cases in the current suite
Test Method:		[unitTests.tests_validations_assertions.assertElementExists_false_expectedToFail]
################################################################################################################################################
[ReportManager] AssertElementExists PASSED; Expected [Element Should not Exist, locator 'By.id: hplogo'] and Actual [Element Doesn't Exists]. Comparison Type [EQUALS]. Validation Type [NEGATIVE]. @15-02-2021 05:41:15.0509 AM
[ReportManager] Successfully created attachment [Screenshot - 1613367675446_assertElementExists_false_expectedToFail_AssertElementExists_passed] @15-02-2021 05:41:15.0509 A
[ReportManager] Successfully created attachment [Selenium WebDriver Logs - server] @15-02-2021 05:41:15.0588 AM
[ReportManager] Successfully created attachment [Selenium WebDriver Logs - performance] @15-02-2021 05:41:15.0628 AM
[ReportManager] Successfully created attachment [Selenium WebDriver Logs - driver] @15-02-2021 05:41:15.0697 AM
[ReportManager] Browser Action [closeCurrentWindow] successfully performed. @15-02-2021 05:41:15.0757 AM
[ReportManager] Successfully created attachment [Browser Action Test Data - closeCurrentWindow - Actual Value] @15-02-2021 05:41:15.0757 A
[ReportManager] File Action [getAbsolutePath] successfully performed. With the following test data [Relative Folder Path: "target/downloadedFiles/"]. @15-02-2021 05:41:15.0760 AM
[ReportManager] Attempting to run remotely on: [Linux-64], [GoogleChrome], [http://localhost:4444/wd/hub], Headless Execution. @15-02-2021 05:41:15.0760 AM
[ReportManager] Successfully Opened [GoogleChrome]. @15-02-2021 05:41:16.0017 AM
[ReportManager] Target URL: [https://www.google.com/ncr], and after redirection: [www.google.com] @15-02-2021 05:41:16.0028 AM
[ReportManager] Initial URL: [data:,] @15-02-2021 05:41:16.0074 AM
[ReportManager] Browser Action [navigateToURL] successfully performed. With the following test data [https://www.google.com/ncr]. @15-02-2021 05:41:16.0927 A

################################################################################################################################################
Starting Execution:	[48 out of 134] test cases in the current suite
Test Method:		[unitTests.tests_validations_assertions.assertElementExists_false_expectedToPass]
################################################################################################################################################
[ReportManager] AssertElementExists PASSED; Expected [Element Should not Exist, locator 'By.id: fakeElement'] and Actual [Element Doesn't Exists]. Comparison Type [EQUALS]. Validation Type [NEGATIVE]. @15-02-2021 05:41:17.0161 AM
[ReportManager] Successfully created attachment [Screenshot - 1613367677096_assertElementExists_false_expectedToPass_AssertElementExists_passed] @15-02-2021 05:41:17.0162 A
[ReportManager] Successfully created attachment [Selenium WebDriver Logs - server] @15-02-2021 05:41:17.0245 AM
[ReportManager] Successfully created attachment [Selenium WebDriver Logs - performance] @15-02-2021 05:41:17.0277 AM
[ReportManager] Successfully created attachment [Selenium WebDriver Logs - driver] @15-02-2021 05:41:17.0347 AM
[ReportManager] Browser Action [closeCurrentWindow] successfully performed. @15-02-2021 05:41:17.0404 AM
[ReportManager] Successfully created attachment [Browser Action Test Data - closeCurrentWindow - Actual Value] @15-02-2021 05:41:17.0405 A
[ReportManager] File Action [getAbsolutePath] successfully performed. With the following test data [Relative Folder Path: "target/downloadedFiles/"]. @15-02-2021 05:41:17.0407 AM
[ReportManager] Attempting to run remotely on: [Linux-64], [GoogleChrome], [http://localhost:4444/wd/hub], Headless Execution. @15-02-2021 05:41:17.0407 AM
[ReportManager] Successfully Opened [GoogleChrome]. @15-02-2021 05:41:17.0625 AM
[ReportManager] Target URL: [https://www.google.com/ncr], and after redirection: [www.google.com] @15-02-2021 05:41:17.0636 AM
[ReportManager] Initial URL: [data:,] @15-02-2021 05:41:17.0680 AM
[ReportManager] Browser Action [navigateToURL] successfully performed. With the following test data [https://www.google.com/ncr]. @15-02-2021 05:41:18.0498 A

################################################################################################################################################
Starting Execution:	[49 out of 134] test cases in the current suite
Test Method:		[unitTests.tests_validations_assertions.assertElementExists_false_multipleElementsFound_expectedToFail]
################################################################################################################################################
[ReportManager] AssertElementExists FAILED; Expected [Element Should not Exist, locator 'By.xpath: //div'] and Actual [Element Exists but is not unique]. Comparison Type [EQUALS]. Validation Type [NEGATIVE]. @15-02-2021 05:41:18.0746 AM
[ReportManager] Successfully created attachment [Screenshot - 1613367678680_assertElementExists_false_multipleElementsFound_expectedToFail_AssertElementExists_failed] @15-02-2021 05:41:18.0747 A
[ReportManager] Successfully created attachment [Selenium WebDriver Logs - server] @15-02-2021 05:41:18.0827 AM
[ReportManager] Successfully created attachment [Selenium WebDriver Logs - performance] @15-02-2021 05:41:18.0865 AM
[ReportManager] Successfully created attachment [Selenium WebDriver Logs - driver] @15-02-2021 05:41:18.0939 AM
[ReportManager] Browser Action [closeCurrentWindow] successfully performed. @15-02-2021 05:41:18.0995 AM
[ReportManager] Successfully created attachment [Browser Action Test Data - closeCurrentWindow - Actual Value] @15-02-2021 05:41:18.0996 A
[ReportManager] File Action [getAbsolutePath] successfully performed. With the following test data [Relative Folder Path: "target/downloadedFiles/"]. @15-02-2021 05:41:18.0998 AM
[ReportManager] Attempting to run remotely on: [Linux-64], [GoogleChrome], [http://localhost:4444/wd/hub], Headless Execution. @15-02-2021 05:41:18.0999 AM
[ReportManager] Successfully Opened [GoogleChrome]. @15-02-2021 05:41:19.0254 AM
[ReportManager] Target URL: [https://www.google.com/ncr], and after redirection: [www.google.com] @15-02-2021 05:41:19.0264 AM
[ReportManager] Initial URL: [data:,] @15-02-2021 05:41:19.0307 AM
[ReportManager] Browser Action [navigateToURL] successfully performed. With the following test data [https://www.google.com/ncr]. @15-02-2021 05:41:20.0206 A

################################################################################################################################################
Starting Execution:	[50 out of 134] test cases in the current suite
Test Method:		[unitTests.tests_validations_assertions.assertElementExists_true_expectedToFail]
################################################################################################################################################
[ReportManager] AssertElementExists FAILED; Expected [Element Should Exist, locator 'By.id: fakeElement'] and Actual [Element Doesn't Exists]. Comparison Type [EQUALS]. Validation Type [POSITIVE]. @15-02-2021 05:41:20.0444 AM
[ReportManager] Successfully created attachment [Screenshot - 1613367680378_assertElementExists_true_expectedToFail_AssertElementExists_failed] @15-02-2021 05:41:20.0444 A
[ReportManager] Successfully created attachment [Selenium WebDriver Logs - server] @15-02-2021 05:41:20.0536 AM
[ReportManager] Successfully created attachment [Selenium WebDriver Logs - performance] @15-02-2021 05:41:20.0570 AM
[ReportManager] Successfully created attachment [Selenium WebDriver Logs - driver] @15-02-2021 05:41:20.0644 AM
[ReportManager] Browser Action [closeCurrentWindow] successfully performed. @15-02-2021 05:41:20.0700 AM
[ReportManager] Successfully created attachment [Browser Action Test Data - closeCurrentWindow - Actual Value] @15-02-2021 05:41:20.0701 A
[ReportManager] File Action [getAbsolutePath] successfully performed. With the following test data [Relative Folder Path: "target/downloadedFiles/"]. @15-02-2021 05:41:20.0704 AM
[ReportManager] Attempting to run remotely on: [Linux-64], [GoogleChrome], [http://localhost:4444/wd/hub], Headless Execution. @15-02-2021 05:41:20.0704 AM
[ReportManager] Successfully Opened [GoogleChrome]. @15-02-2021 05:41:20.0946 AM
[ReportManager] Target URL: [https://www.google.com/ncr], and after redirection: [www.google.com] @15-02-2021 05:41:20.0959 AM
[ReportManager] Initial URL: [data:,] @15-02-2021 05:41:21.0000 AM
[ReportManager] Browser Action [navigateToURL] successfully performed. With the following test data [https://www.google.com/ncr]. @15-02-2021 05:41:21.0802 A

################################################################################################################################################
Starting Execution:	[51 out of 134] test cases in the current suite
Test Method:		[unitTests.tests_validations_assertions.assertElementExists_true_expectedToPass]
################################################################################################################################################
[ReportManager] AssertElementExists FAILED; Expected [Element Should Exist, locator 'By.id: hplogo'] and Actual [Element Doesn't Exists]. Comparison Type [EQUALS]. Validation Type [POSITIVE]. @15-02-2021 05:41:22.0026 AM
[ReportManager] Successfully created attachment [Screenshot - 1613367681960_assertElementExists_true_expectedToPass_AssertElementExists_failed] @15-02-2021 05:41:22.0027 A
[ReportManager] Successfully created attachment [Selenium WebDriver Logs - server] @15-02-2021 05:41:22.0114 AM
[ReportManager] Successfully created attachment [Selenium WebDriver Logs - performance] @15-02-2021 05:41:22.0147 AM
[ReportManager] Successfully created attachment [Selenium WebDriver Logs - driver] @15-02-2021 05:41:22.0220 AM
[ReportManager] Browser Action [closeCurrentWindow] successfully performed. @15-02-2021 05:41:22.0276 AM
[ReportManager] Successfully created attachment [Browser Action Test Data - closeCurrentWindow - Actual Value] @15-02-2021 05:41:22.0277 A
[ReportManager] File Action [getAbsolutePath] successfully performed. With the following test data [Relative Folder Path: "target/downloadedFiles/"]. @15-02-2021 05:41:22.0280 AM
[ReportManager] Attempting to run remotely on: [Linux-64], [GoogleChrome], [http://localhost:4444/wd/hub], Headless Execution. @15-02-2021 05:41:22.0280 AM
[ReportManager] Successfully Opened [GoogleChrome]. @15-02-2021 05:41:22.0515 AM
[ReportManager] Target URL: [https://www.google.com/ncr], and after redirection: [www.google.com] @15-02-2021 05:41:22.0528 AM
[ReportManager] Initial URL: [data:,] @15-02-2021 05:41:22.0576 AM
[ReportManager] Browser Action [navigateToURL] successfully performed. With the following test data [https://www.google.com/ncr]. @15-02-2021 05:41:23.0430 A

################################################################################################################################################
Starting Execution:	[52 out of 134] test cases in the current suite
Test Method:		[unitTests.tests_validations_assertions.assertElementExists_true_multipleElementsFound_expectedToFail]
################################################################################################################################################
[ReportManager] AssertElementExists FAILED; Expected [Element Should Exist, locator 'By.xpath: //div'] and Actual [Element Exists but is not unique]. Comparison Type [EQUALS]. Validation Type [POSITIVE]. @15-02-2021 05:41:23.0667 AM
[ReportManager] Successfully created attachment [Screenshot - 1613367683596_assertElementExists_true_multipleElementsFound_expectedToFail_AssertElementExists_failed] @15-02-2021 05:41:23.0667 A
[ReportManager] Successfully created attachment [Selenium WebDriver Logs - server] @15-02-2021 05:41:23.0758 AM
[ReportManager] Successfully created attachment [Selenium WebDriver Logs - performance] @15-02-2021 05:41:23.0792 AM
[ReportManager] Successfully created attachment [Selenium WebDriver Logs - driver] @15-02-2021 05:41:23.0863 AM
[ReportManager] Browser Action [closeCurrentWindow] successfully performed. @15-02-2021 05:41:23.0919 AM
[ReportManager] Successfully created attachment [Browser Action Test Data - closeCurrentWindow - Actual Value] @15-02-2021 05:41:23.0920 A

################################################################################################################################################
Starting Execution:	[53 out of 134] test cases in the current suite
Test Method:		[unitTests.tests_validations_assertions.assertEquals_false_expectedToFail]
################################################################################################################################################
[ReportManager] AssertEquals FAILED; Expected [1] and Actual [1]. Comparison Type [EQUALS]. Validation Type [NEGATIVE]. @15-02-2021 05:41:23.0925 A

################################################################################################################################################
Starting Execution:	[54 out of 134] test cases in the current suite
Test Method:		[unitTests.tests_validations_assertions.assertEquals_false_expectedToPass]
################################################################################################################################################
[ReportManager] AssertEquals PASSED; Expected [1] and Actual [2]. Comparison Type [EQUALS]. Validation Type [NEGATIVE]. @15-02-2021 05:41:23.0931 A

################################################################################################################################################
Starting Execution:	[55 out of 134] test cases in the current suite
Test Method:		[unitTests.tests_validations_assertions.assertEquals_longCharacters]
################################################################################################################################################
[ReportManager] VerifyEquals PASSED; Expected and Actual values are attached. Comparison Type [EQUALS]. Validation Type [POSITIVE]. @15-02-2021 05:41:23.0936 AM
[ReportManager] Successfully created attachment [Validation Test Data - Expected Value] @15-02-2021 05:41:23.0936 AM
[ReportManager] Successfully created attachment [Validation Test Data - Actual Value] @15-02-2021 05:41:23.0936 AM
[ReportManager] AssertEquals PASSED; Expected and Actual values are attached. Comparison Type [EQUALS]. Validation Type [POSITIVE]. @15-02-2021 05:41:23.0937 AM
[ReportManager] Successfully created attachment [Validation Test Data - Expected Value] @15-02-2021 05:41:23.0937 AM
[ReportManager] Successfully created attachment [Validation Test Data - Actual Value] @15-02-2021 05:41:23.0937 A

################################################################################################################################################
Starting Execution:	[56 out of 134] test cases in the current suite
Test Method:		[unitTests.tests_validations_assertions.assertEquals_longCharacters_Discreet]
################################################################################################################################################
[ReportManager] AssertEquals PASSED; Expected [1LH5pROcDBjjQk0t0mCr0lXuzQu9lcGj28kY8R1H81X67eVAQJgWQhILiRWVPUgZ6uCtK5cnBkF55Jr9vYngjGO1Iyf0Mktv6lruDlL9T8MAUPcUZJGHZtji6nIeadujDSNmWMj5d6C8zlFqw0CRqBU0hO5adIasHgBSNoLotAjce3NGXoDwAlp3rYreeV16VIyZXROQY] and Actual [1LH5pROcDBjjQk0t0mCr0lXuzQu9lcGj28kY8R1H81X67eVAQJgWQhILiRWVPUgZ6uCtK5cnBkF55Jr9vYngjGO1Iyf0Mktv6lruDlL9T8MAUPcUZJGHZtji6nIeadujDSNmWMj5d6C8zlFqw0CRqBU0hO5adIasHgBSNoLotAjce3NGXoDwAlp3rYreeV16VIyZXROQY]. Comparison Type [EQUALS]. Validation Type [POSITIVE]. @15-02-2021 05:41:23.0942 A

################################################################################################################################################
Starting Execution:	[57 out of 134] test cases in the current suite
Test Method:		[unitTests.tests_validations_assertions.assertEquals_true_expectedToFail]
################################################################################################################################################
[ReportManager] AssertEquals FAILED; Expected [1] and Actual [2]. Comparison Type [EQUALS]. Validation Type [POSITIVE]. @15-02-2021 05:41:23.0945 A

################################################################################################################################################
Starting Execution:	[58 out of 134] test cases in the current suite
Test Method:		[unitTests.tests_validations_assertions.assertEquals_true_expectedToPass]
Test Description:	[Assert that assertEquals works as expected when the two values are equal.]
################################################################################################################################################
[ReportManager] VerifyEquals PASSED; Expected [1] and Actual [1]. Comparison Type [EQUALS]. Validation Type [POSITIVE]. @15-02-2021 05:41:23.0956 AM
[ReportManager] AssertEquals PASSED; Expected [1] and Actual [1]. Comparison Type [EQUALS]. Validation Type [POSITIVE]. @15-02-2021 05:41:23.0956 A

################################################################################################################################################
Starting Execution:	[59 out of 134] test cases in the current suite
Test Method:		[unitTests.tests_validations_assertions.assertEquals_true_expectedToPass__]
################################################################################################################################################
[ReportManager] AssertEquals PASSED; Expected [1] and Actual [1]. Comparison Type [EQUALS]. Validation Type [POSITIVE]. @15-02-2021 05:41:23.0962 A

################################################################################################################################################
Starting Execution:	[60 out of 134] test cases in the current suite
Test Method:		[unitTests.tests_validations_assertions.assertFileExists_false_expectedToFail]
################################################################################################################################################
[ReportManager] File Action [doesFileExist] successfully performed. With the following test data [File Path: "src/main/java/com/shaft/gui/element/ElementActions.java"]. @15-02-2021 05:41:23.0966 AM
[ReportManager] AssertFileExists FAILED; Expected [File 'src/main/java/com/shaft/gui/element/ElementActions.java' should not exist, after up to '1' retries] and Actual [File exists]. Validation Type [NEGATIVE]. @15-02-2021 05:41:23.0971 A

################################################################################################################################################
Starting Execution:	[61 out of 134] test cases in the current suite
Test Method:		[unitTests.tests_validations_assertions.assertFileExists_false_expectedToPass]
################################################################################################################################################
[ReportManager] File Action [doesFileExist] successfully performed. With the following test data [File Path: "src/main/java/com/shaft/gui/element/ElementActions.java_fail"]. @15-02-2021 05:41:24.0480 AM
[ReportManager] AssertFileExists PASSED; Expected [File 'src/main/java/com/shaft/gui/element/ElementActions.java_fail' should not exist, after up to '1' retries] and Actual [File does not exist]. Validation Type [NEGATIVE]. @15-02-2021 05:41:24.0480 A

################################################################################################################################################
Starting Execution:	[62 out of 134] test cases in the current suite
Test Method:		[unitTests.tests_validations_assertions.assertFileExists_true_expectedToFail]
################################################################################################################################################
[ReportManager] File Action [doesFileExist] successfully performed. With the following test data [File Path: "src/main/java/com/shaft/gui/element/ElementActions.java_fail"]. @15-02-2021 05:41:24.0983 AM
[ReportManager] AssertFileExists FAILED; Expected [File 'src/main/java/com/shaft/gui/element/ElementActions.java_fail' should exist, after up to '1' retries] and Actual [File does not exist]. Validation Type [POSITIVE]. @15-02-2021 05:41:24.0983 A

################################################################################################################################################
Starting Execution:	[63 out of 134] test cases in the current suite
Test Method:		[unitTests.tests_validations_assertions.assertFileExists_true_expectedToPass]
################################################################################################################################################
[ReportManager] File Action [doesFileExist] successfully performed. With the following test data [File Path: "src/main/java/com/shaft/gui/element/ElementActions.java"]. @15-02-2021 05:41:24.0987 AM
[ReportManager] AssertFileExists PASSED; Expected [File 'src/main/java/com/shaft/gui/element/ElementActions.java' should exist, after up to '1' retries] and Actual [File exists]. Validation Type [POSITIVE]. @15-02-2021 05:41:24.0987 A

################################################################################################################################################
Starting Execution:	[64 out of 134] test cases in the current suite
Test Method:		[unitTests.tests_validations_assertions.assertNull_false_expectedToFail]
################################################################################################################################################
[ReportManager] AssertNull FAILED; Expected [NULL] and Actual [NULL]. Comparison Type [EQUALS]. Validation Type [NEGATIVE]. @15-02-2021 05:41:24.0992 A

################################################################################################################################################
Starting Execution:	[65 out of 134] test cases in the current suite
Test Method:		[unitTests.tests_validations_assertions.assertNull_false_expectedToPass]
################################################################################################################################################
[ReportManager] AssertNull PASSED; Expected [NULL] and Actual [1]. Comparison Type [EQUALS]. Validation Type [NEGATIVE]. @15-02-2021 05:41:24.0995 A

################################################################################################################################################
Starting Execution:	[66 out of 134] test cases in the current suite
Test Method:		[unitTests.tests_validations_assertions.assertNull_true_expectedToFail]
################################################################################################################################################
[ReportManager] AssertNull FAILED; Expected [NULL] and Actual [1]. Comparison Type [EQUALS]. Validation Type [POSITIVE]. @15-02-2021 05:41:24.0996 A

################################################################################################################################################
Starting Execution:	[67 out of 134] test cases in the current suite
Test Method:		[unitTests.tests_validations_assertions.assertNull_true_expectedToPass]
################################################################################################################################################
[ReportManager] AssertNull PASSED; Expected [NULL] and Actual [NULL]. Comparison Type [EQUALS]. Validation Type [POSITIVE]. @15-02-2021 05:41:25.0002 A
[ReportManager] File Action [getAbsolutePath] successfully performed. With the following test data [Relative Folder Path: "target/downloadedFiles/"]. @15-02-2021 05:41:25.0006 AM
[ReportManager] Attempting to run remotely on: [Linux-64], [GoogleChrome], [http://localhost:4444/wd/hub], Headless Execution. @15-02-2021 05:41:25.0006 AM
[ReportManager] Successfully Opened [GoogleChrome]. @15-02-2021 05:41:25.0253 A

################################################################################################################################################
Starting Execution:	[68 out of 134] test cases in the current suite
Test Method:		[testPackage01.Test_IsElementClickable.testIsElementClickable]
################################################################################################################################################
[ReportManager] Target URL: [https://the-internet.herokuapp.com/] @15-02-2021 05:41:25.0284 AM
[ReportManager] Initial URL: [data:,] @15-02-2021 05:41:25.0348 AM
[ReportManager] Browser Action [navigateToURL] successfully performed. With the following test data [https://the-internet.herokuapp.com/]. @15-02-2021 05:41:25.0759 AM
[ReportManager] Element Action [isElementClickable] successfully performed. @15-02-2021 05:41:25.0950 AM
[ReportManager] AssertTrue PASSED; Expected [TRUE] and Actual [TRUE]. Validation Type [POSITIVE]. @15-02-2021 05:41:25.0951 A
[ReportManager] Successfully created attachment [Selenium WebDriver Logs - server] @15-02-2021 05:41:26.0004 AM
[ReportManager] Successfully created attachment [Selenium WebDriver Logs - performance] @15-02-2021 05:41:26.0022 AM
[ReportManager] Successfully created attachment [Selenium WebDriver Logs - browser] @15-02-2021 05:41:26.0029 AM
[ReportManager] Successfully created attachment [Selenium WebDriver Logs - driver] @15-02-2021 05:41:26.0090 AM
[ReportManager] Browser Action [closeCurrentWindow] successfully performed. @15-02-2021 05:41:26.0155 AM
[ReportManager] Successfully created attachment [Browser Action Test Data - closeCurrentWindow - Actual Value] @15-02-2021 05:41:26.0155 A

################################################################################################################################################
Starting Execution:	[69 out of 134] test cases in the current suite
Test Method:		[testPackage01.Test_JsonActions.f]
###############################################################################################################################################

################################################################################################################################################
Starting Execution:	[70 out of 134] test cases in the current suite
Test Method:		[testPackage01.Test_JsonActions.f2]
###############################################################################################################################################

################################################################################################################################################
Starting Execution:	[71 out of 134] test cases in the current suite
Test Method:		[testPackage01.Test_SkipDueToIssue.doNotSkip]
################################################################################################################################################
[ReportManager] This should not be skipped. @15-02-2021 05:41:26.0184 A

################################################################################################################################################
Starting Execution:	[72 out of 134] test cases in the current suite
Test Method:		[testPackage01.Test_SkipDueToIssue.skip]
################################################################################################################################################
[ReportManager] This should be skipped. @15-02-2021 05:41:26.0190 A

################################################################################################################################################
Starting Execution:	[73 out of 134] test cases in the current suite
Test Method:		[testPackage01.Test_SkipDueToIssue.skip2]
################################################################################################################################################
[ReportManager] This should be skipped. @15-02-2021 05:41:26.0198 A

################################################################################################################################################
Starting Execution:	[74 out of 134] test cases in the current suite
Test Method:		[testPackage01.Test_testData.f]
################################################################################################################################################
[ReportManager] Successfully loaded the following test data file [src/test/resources/TestDataFiles/testSuite01/TestData.xlsx]. @15-02-2021 05:41:26.0262 AM
[ReportManager] Successfully created attachment [Test Data - Excel] @15-02-2021 05:41:26.0263 AM
[ReportManager] Last Column Number is: [3]. Zero-based. @15-02-2021 05:41:26.0263 A
[ReportManager] File Action [getAbsolutePath] successfully performed. With the following test data [Relative Folder Path: "target/downloadedFiles/"]. @15-02-2021 05:41:26.0269 AM
[ReportManager] Attempting to run remotely on: [Linux-64], [GoogleChrome], [http://localhost:4444/wd/hub], Headless Execution. @15-02-2021 05:41:26.0270 AM
[ReportManager] Successfully Opened [GoogleChrome]. @15-02-2021 05:41:26.0503 A

################################################################################################################################################
Starting Execution:	[75 out of 134] test cases in the current suite
Test Method:		[testPackage01.Test_assertEquals.test_assertElementAttribute]
################################################################################################################################################
[ReportManager] Target URL: [https://www.google.com/ncr], and after redirection: [https://www.google.com] @15-02-2021 05:41:26.0518 AM
[ReportManager] Initial URL: [data:,] @15-02-2021 05:41:26.0562 AM
[ReportManager] Browser Action [navigateToURL] successfully performed. With the following test data [https://www.google.com/ncr]. @15-02-2021 05:41:27.0432 AM
[ReportManager] Element Action [type] successfully performed. With the following test data [INC_004010050:Another SCHEDULER with the same name [Duplicate Job Name] already exists.]. @15-02-2021 05:41:30.0009 AM
[ReportManager] Element Action [getText] successfully performed. With the following test data [INC_004010050:Another SCHEDULER with the same name [Duplicate Job Name] already exists.]. @15-02-2021 05:41:30.0128 AM
[ReportManager] Loaded Shared OpenCV @15-02-2021 05:41:30.0264 AM
[ReportManager] AssertElementAttribute PASSED; Expected [Value Should be 'INC_004010050:Another SCHEDULER with the same name \[Duplicate Job Name\] already exists.' for the 'text' attribute, element locator 'By.name: q'] and Actual [INC_004010050:Another SCHEDULER with the same name [Duplicate Job Name] already exists.]. Comparison Type [MATCHES]. Validation Type [POSITIVE]. @15-02-2021 05:41:30.0343 AM
[ReportManager] Successfully created attachment [Screenshot - 1613367690264_test_assertElementAttribute_AssertElementAttribute_passed] @15-02-2021 05:41:30.0344 A
[ReportManager] Successfully created attachment [Selenium WebDriver Logs - server] @15-02-2021 05:41:30.0432 AM
[ReportManager] Successfully created attachment [Selenium WebDriver Logs - performance] @15-02-2021 05:41:30.0829 AM
[ReportManager] Successfully created attachment [Selenium WebDriver Logs - driver] @15-02-2021 05:41:31.0252 AM
[ReportManager] Browser Action [closeCurrentWindow] successfully performed. @15-02-2021 05:41:31.0312 AM
[ReportManager] Successfully created attachment [Browser Action Test Data - closeCurrentWindow - Actual Value] @15-02-2021 05:41:31.0313 A

################################################################################################################################################
Starting Execution:	[76 out of 134] test cases in the current suite
Test Method:		[testPackage01.Test_JsonCompareWithSpecialCharacters.specialCharacters]
################################################################################################################################################
[ReportManager] File Action [getAbsolutePath] successfully performed. With the following test data [Relative Folder Path: "src/test/resources/TestJsonFiles/specialCharacters.json"]. @15-02-2021 05:41:31.0324 AM
[ReportManager] File Action [readFromFile] successfully performed. With the following test data [File Path: "/home/runner/work/SHAFT_ENGINE/SHAFT_ENGINE/src/test/resources/TestJsonFiles/specialCharacters.json"]. @15-02-2021 05:41:31.0328 AM
[ReportManager] Successfully created attachment [File Action Actual Result - Command Log] @15-02-2021 05:41:31.0328 AM
[ReportManager] Comparing the provided API response with the file at this path "src/test/resources/TestJsonFiles/specialCharacters.json", comparison type "EQUALS" @15-02-2021 05:41:31.0329 AM
[ReportManager] API Action [compareJSON] successfully performed. With the following test data [src/test/resources/TestJsonFiles/specialCharacters.json]. @15-02-2021 05:41:31.0349 AM
[ReportManager] File Action [getAbsolutePath] successfully performed. With the following test data [Relative Folder Path: "src/test/resources/TestJsonFiles/specialCharacters.json"]. @15-02-2021 05:41:31.0349 AM
[ReportManager] File Action [readFromFile] successfully performed. With the following test data [File Path: "/home/runner/work/SHAFT_ENGINE/SHAFT_ENGINE/src/test/resources/TestJsonFiles/specialCharacters.json"]. @15-02-2021 05:41:31.0360 AM
[ReportManager] VerifyJSONFileContent PASSED; Expected [Response data should match the JSON File in this path 'src/test/resources/TestJsonFiles/specialCharacters.json'] and Actual [TRUE]. Comparison Type [EQUALS]. Validation Type [POSITIVE]. @15-02-2021 05:41:31.0374 AM
[ReportManager] Successfully created attachment [Validation Test Data - Expected JSON Value] @15-02-2021 05:41:31.0375 AM
[ReportManager] Successfully created attachment [Validation Test Data - Actual JSON Value] @15-02-2021 05:41:31.0375 A

################################################################################################################################################
Starting Execution:	[77 out of 134] test cases in the current suite
Test Method:		[testPackage01.Test_JsonCompareWithSpecialCharacters.specialCharacters_assertion]
################################################################################################################################################
[ReportManager] File Action [getAbsolutePath] successfully performed. With the following test data [Relative Folder Path: "src/test/resources/TestJsonFiles/specialCharacters.json"]. @15-02-2021 05:41:31.0386 AM
[ReportManager] File Action [readFromFile] successfully performed. With the following test data [File Path: "/home/runner/work/SHAFT_ENGINE/SHAFT_ENGINE/src/test/resources/TestJsonFiles/specialCharacters.json"]. @15-02-2021 05:41:31.0387 AM
[ReportManager] Successfully created attachment [File Action Actual Result - Command Log] @15-02-2021 05:41:31.0387 AM
[ReportManager] trying out the log message... @15-02-2021 05:41:31.0387 AM
[ReportManager] Comparing the provided API response with the file at this path "src/test/resources/TestJsonFiles/specialCharacters.json", comparison type "CONTAINS" @15-02-2021 05:41:31.0387 AM
[ReportManager] API Action [compareJSON] successfully performed. With the following test data [src/test/resources/TestJsonFiles/specialCharacters.json]. @15-02-2021 05:41:31.0404 AM
[ReportManager] File Action [getAbsolutePath] successfully performed. With the following test data [Relative Folder Path: "src/test/resources/TestJsonFiles/specialCharacters.json"]. @15-02-2021 05:41:31.0404 AM
[ReportManager] File Action [readFromFile] successfully performed. With the following test data [File Path: "/home/runner/work/SHAFT_ENGINE/SHAFT_ENGINE/src/test/resources/TestJsonFiles/specialCharacters.json"]. @15-02-2021 05:41:31.0405 AM
[ReportManager] AssertJSONFileContent PASSED; Expected [Response data should match the JSON File in this path 'src/test/resources/TestJsonFiles/specialCharacters.json'] and Actual [TRUE]. Comparison Type [CONTAINS]. Validation Type [POSITIVE]. @15-02-2021 05:41:31.0418 AM
[ReportManager] Successfully created attachment [Validation Test Data - Expected JSON Value] @15-02-2021 05:41:31.0418 AM
[ReportManager] Successfully created attachment [Validation Test Data - Actual JSON Value] @15-02-2021 05:41:31.0419 A

################################################################################################################################################
Starting Execution:	[78 out of 134] test cases in the current suite
Test Method:		[testPackage01.Test_JSONFileManager.readStringFromJson]
################################################################################################################################################
[ReportManager] Successfully loaded the following test data file [src/test/resources/TestDataFiles/simpleJSON.json]. @15-02-2021 05:41:31.0437 AM
[ReportManager] Successfully created attachment [Test Data - JSON] @15-02-2021 05:41:31.0437 AM
[ReportManager] AssertEquals PASSED; Expected [Mohab Mohie] and Actual [Mohab Mohie]. Comparison Type [EQUALS]. Validation Type [POSITIVE]. @15-02-2021 05:41:31.0449 A
[ReportManager] Successfully loaded the following test data file [src/test/resources/TestDataFiles/testSuite01/TestData.xlsx]. @15-02-2021 05:41:31.0513 AM
[ReportManager] Successfully created attachment [Test Data - Excel] @15-02-2021 05:41:31.0514 AM
[ReportManager] File Action [getAbsolutePath] successfully performed. With the following test data [Relative Folder Path: "target/downloadedFiles/"]. @15-02-2021 05:41:31.0514 AM
[ReportManager] Attempting to run remotely on: [Linux-64], [GoogleChrome], [http://localhost:4444/wd/hub], Headless Execution. @15-02-2021 05:41:31.0514 AM
[ReportManager] Successfully Opened [GoogleChrome]. @15-02-2021 05:41:31.0812 A

################################################################################################################################################
Starting Execution:	[79 out of 134] test cases in the current suite
Test Method:		[testPackage01.Test_google.navigateToURLandVerifyGoogleLogoIsDisplayed]
Test Description:	[TC001 - Navigate to URL and Verify Google Logo is Displayed]
################################################################################################################################################
[ReportManager] Target URL: [https://www.google.com/ncr], and after redirection: [https://www.google.com] @15-02-2021 05:41:31.0825 AM
[ReportManager] Initial URL: [data:,] @15-02-2021 05:41:31.0874 AM
[ReportManager] Browser Action [navigateToURL] successfully performed. With the following test data [https://www.google.com/ncr]. @15-02-2021 05:41:32.0685 AM
[ReportManager] Loaded Shared OpenCV @15-02-2021 05:41:32.0972 AM
[ReportManager] AssertElementExists PASSED; Expected [Element Should Exist, locator 'By.xpath: //img[@id='hplogo' or @alt='Google']'] and Actual [Element Exists]. Comparison Type [EQUALS]. Validation Type [POSITIVE]. @15-02-2021 05:41:33.0051 AM
[ReportManager] Successfully created attachment [Screenshot - 1613367692972_navigateToURLandVerifyGoogleLogoIsDisplayed_AssertElementExists_passed] @15-02-2021 05:41:33.0052 A

################################################################################################################################################
Starting Execution:	[80 out of 134] test cases in the current suite
Test Method:		[testPackage01.Test_google.searchForQueryandAssertResultsNumDisplayed]
Test Description:	[TC002 - Search for Query and Assert that the number of results is displayed]
################################################################################################################################################
[ReportManager] Element Action [type] successfully performed. With the following test data [SHAFT_Engine]. @15-02-2021 05:41:33.0819 AM
[ReportManager] Element Action [keyPress] successfully performed. With the following test data [Enter]. @15-02-2021 05:41:35.0007 AM
[ReportManager] Element Action [getText] successfully performed. With the following test data [About 6,030,000 results (0.55 seconds) ]. @15-02-2021 05:41:35.0111 AM
[ReportManager] Loaded Shared OpenCV @15-02-2021 05:41:35.0269 AM
[ReportManager] AssertElementAttribute PASSED; Expected [Value Should not be '' for the 'Text' attribute, element locator 'By.id: appbar'] and Actual [About 6,030,000 results (0.55 seconds) ]. Comparison Type [EQUALS]. Validation Type [NEGATIVE]. @15-02-2021 05:41:35.0383 AM
[ReportManager] Successfully created attachment [Screenshot - 1613367695268_searchForQueryandAssertResultsNumDisplayed_AssertElementAttribute_passed] @15-02-2021 05:41:35.0385 A

################################################################################################################################################
Starting Execution:	[81 out of 134] test cases in the current suite
Test Method:		[testPackage01.Test_google.clickNextThrice]
Test Description:	[TC003 - Clicks the next button to make sure that the framework can scroll element into view before clicking it]
################################################################################################################################################
[ReportManager] Element Action [click] successfully performed. With the following test data [Next]. @15-02-2021 05:41:36.0641 A
[ReportManager] Successfully created attachment [Selenium WebDriver Logs - server] @15-02-2021 05:41:36.0793 AM
[ReportManager] Successfully created attachment [Selenium WebDriver Logs - performance] @15-02-2021 05:41:37.0033 AM
[ReportManager] Successfully created attachment [Selenium WebDriver Logs - driver] @15-02-2021 05:41:37.0452 AM
[ReportManager] Browser Action [closeCurrentWindow] successfully performed. @15-02-2021 05:41:37.0513 AM
[ReportManager] Successfully created attachment [Browser Action Test Data - closeCurrentWindow - Actual Value] @15-02-2021 05:41:37.0536 A
[ReportManager] File Action [getAbsolutePath] successfully performed. With the following test data [Relative Folder Path: "target/downloadedFiles/"]. @15-02-2021 05:41:37.0537 AM
[ReportManager] Attempting to run remotely on: [Linux-64], [GoogleChrome], [http://localhost:4444/wd/hub], Headless Execution. @15-02-2021 05:41:37.0537 AM
[ReportManager] Successfully Opened [GoogleChrome]. @15-02-2021 05:41:37.0912 A

################################################################################################################################################
Starting Execution:	[82 out of 134] test cases in the current suite
Test Method:		[testPackage01.Test_dragAndDrop.dragAndDropJquery]
################################################################################################################################################
[ReportManager] Target URL: [https://jqueryui.com/resources/demos/droppable/default.html] @15-02-2021 05:41:37.0926 AM
[ReportManager] Initial URL: [data:,] @15-02-2021 05:41:37.0980 AM
[ReportManager] Browser Action [navigateToURL] successfully performed. With the following test data [https://jqueryui.com/resources/demos/droppable/default.html]. @15-02-2021 05:41:38.0381 AM
[ReportManager] Element Action [getText] successfully performed. With the following test data [Drop here]. @15-02-2021 05:41:38.0486 AM
[ReportManager] Element Action [dragAndDrop] successfully performed. With the following test data [Start point: (8, 18), End point: (8, 18)]. @15-02-2021 05:41:39.0870 AM
[ReportManager] Element Action [getText] successfully performed. With the following test data [Dropped!]. @15-02-2021 05:41:39.0956 AM
[ReportManager] Checking to see if the text has changed after performing drag and drop... @15-02-2021 05:41:39.0956 AM
[ReportManager] AssertEquals PASSED; Expected [Drop here] and Actual [Dropped!]. Comparison Type [EQUALS]. Validation Type [NEGATIVE]. @15-02-2021 05:41:39.0957 A
[ReportManager] Successfully created attachment [Selenium WebDriver Logs - server] @15-02-2021 05:41:40.0012 AM
[ReportManager] Successfully created attachment [Selenium WebDriver Logs - performance] @15-02-2021 05:41:40.0030 AM
[ReportManager] Successfully created attachment [Selenium WebDriver Logs - driver] @15-02-2021 05:41:40.0128 AM
[ReportManager] Browser Action [closeCurrentWindow] successfully performed. @15-02-2021 05:41:40.0163 AM
[ReportManager] Successfully created attachment [Browser Action Test Data - closeCurrentWindow - Actual Value] @15-02-2021 05:41:40.0163 A
[ReportManager] File Action [getAbsolutePath] successfully performed. With the following test data [Relative Folder Path: "target/downloadedFiles/"]. @15-02-2021 05:41:40.0172 AM
[ReportManager] Attempting to run remotely on: [Linux-64], [GoogleChrome], [http://localhost:4444/wd/hub], Headless Execution. @15-02-2021 05:41:40.0173 AM
[ReportManager] Successfully Opened [GoogleChrome]. @15-02-2021 05:41:40.0567 A

################################################################################################################################################
Starting Execution:	[83 out of 134] test cases in the current suite
Test Method:		[testPackage01.Test_dragAndDrop.dragAndDrop]
Test Description:	[TC001 - Test Drag and Drop function.]
################################################################################################################################################
[ReportManager] Target URL: [http://the-internet.herokuapp.com/drag_and_drop] @15-02-2021 05:41:40.0588 AM
[ReportManager] Initial URL: [data:,] @15-02-2021 05:41:40.0645 AM
[ReportManager] Browser Action [navigateToURL] successfully performed. With the following test data [http://the-internet.herokuapp.com/drag_and_drop]. @15-02-2021 05:41:41.0034 AM
[ReportManager] Attempting Drag and Drop @15-02-2021 05:41:41.0035 AM
[ReportManager] Element Action [dragAndDrop] successfully performed. With the following test data [Start point: (32, 89), End point: (247, 89)]. @15-02-2021 05:41:42.0329 A
[ReportManager] Successfully created attachment [Selenium WebDriver Logs - server] @15-02-2021 05:41:42.0376 AM
[ReportManager] Successfully created attachment [Selenium WebDriver Logs - performance] @15-02-2021 05:41:42.0395 AM
[ReportManager] Successfully created attachment [Selenium WebDriver Logs - browser] @15-02-2021 05:41:42.0402 AM
[ReportManager] Successfully created attachment [Selenium WebDriver Logs - driver] @15-02-2021 05:41:42.0462 AM
[ReportManager] Browser Action [closeCurrentWindow] successfully performed. @15-02-2021 05:41:42.0519 AM
[ReportManager] Successfully created attachment [Browser Action Test Data - closeCurrentWindow - Actual Value] @15-02-2021 05:41:42.0519 A
[ReportManager] File Action [getAbsolutePath] successfully performed. With the following test data [Relative Folder Path: "target/downloadedFiles/"]. @15-02-2021 05:41:42.0521 AM
[ReportManager] Attempting to run remotely on: [Linux-64], [GoogleChrome], [http://localhost:4444/wd/hub], Headless Execution. @15-02-2021 05:41:42.0521 AM
[ReportManager] Successfully Opened [GoogleChrome]. @15-02-2021 05:41:42.0814 A

################################################################################################################################################
Starting Execution:	[84 out of 134] test cases in the current suite
Test Method:		[testPackage01.Test_dragAndDrop.dragAndDropByOffset]
Test Description:	[TC002 - Test Drag and Drop by offset function.]
################################################################################################################################################
[ReportManager] Target URL: [https://jqueryui.com/resources/demos/draggable/default.html] @15-02-2021 05:41:42.0835 AM
[ReportManager] Initial URL: [data:,] @15-02-2021 05:41:42.0890 AM
[ReportManager] Browser Action [navigateToURL] successfully performed. With the following test data [https://jqueryui.com/resources/demos/draggable/default.html]. @15-02-2021 05:41:43.0303 AM
[ReportManager] Element Action [dragAndDropByOffset] successfully performed. With the following test data [Start point: (8, 8), End point: (1008, 108)]. @15-02-2021 05:41:43.0523 A
[ReportManager] Successfully created attachment [Selenium WebDriver Logs - server] @15-02-2021 05:41:43.0574 AM
[ReportManager] Successfully created attachment [Selenium WebDriver Logs - performance] @15-02-2021 05:41:43.0591 AM
[ReportManager] Successfully created attachment [Selenium WebDriver Logs - driver] @15-02-2021 05:41:43.0666 AM
[ReportManager] Browser Action [closeCurrentWindow] successfully performed. @15-02-2021 05:41:43.0722 AM
[ReportManager] Successfully created attachment [Browser Action Test Data - closeCurrentWindow - Actual Value] @15-02-2021 05:41:43.0722 A
[ReportManager] File Action [getAbsolutePath] successfully performed. With the following test data [Relative Folder Path: "target/downloadedFiles/"]. @15-02-2021 05:41:43.0728 AM
[ReportManager] Attempting to run remotely on: [Linux-64], [GoogleChrome], [http://localhost:4444/wd/hub], Headless Execution. @15-02-2021 05:41:43.0729 AM
[ReportManager] Successfully Opened [GoogleChrome]. @15-02-2021 05:41:44.0002 A

################################################################################################################################################
Starting Execution:	[85 out of 134] test cases in the current suite
Test Method:		[testPackage01.Test_verifyEquals.test_assertElementAttribute]
################################################################################################################################################
[ReportManager] Target URL: [https://www.google.com/ncr], and after redirection: [https://www.google.com] @15-02-2021 05:41:44.0027 AM
[ReportManager] Initial URL: [data:,] @15-02-2021 05:41:44.0071 AM
[ReportManager] Browser Action [navigateToURL] successfully performed. With the following test data [https://www.google.com/ncr]. @15-02-2021 05:41:45.0005 AM
[ReportManager] Element Action [type] successfully performed. With the following test data [INC_004010050:Another SCHEDULER with the same name [Duplicate Job Name] already exists.]. @15-02-2021 05:41:47.0545 AM
[ReportManager] Element Action [getText] successfully performed. With the following test data [INC_004010050:Another SCHEDULER with the same name [Duplicate Job Name] already exists.]. @15-02-2021 05:41:47.0730 AM
[ReportManager] Loaded Shared OpenCV @15-02-2021 05:41:47.0899 AM
[ReportManager] VerifyElementAttribute PASSED; Expected [Value Should be 'INC_004010050:Another SCHEDULER with the same name \[Duplicate Job Name\] already exists.' for the 'text' attribute, element locator 'By.name: q'] and Actual [INC_004010050:Another SCHEDULER with the same name [Duplicate Job Name] already exists.]. Comparison Type [MATCHES]. Validation Type [POSITIVE]. @15-02-2021 05:41:47.0987 AM
[ReportManager] Successfully created attachment [Screenshot - 1613367707899_test_assertElementAttribute_VerifyElementAttribute_passed] @15-02-2021 05:41:47.0989 A
[ReportManager] Successfully created attachment [Selenium WebDriver Logs - server] @15-02-2021 05:41:48.0077 AM
[ReportManager] Successfully created attachment [Selenium WebDriver Logs - performance] @15-02-2021 05:41:48.0497 AM
[ReportManager] Successfully created attachment [Selenium WebDriver Logs - driver] @15-02-2021 05:41:48.0858 AM
[ReportManager] Browser Action [closeCurrentWindow] successfully performed. @15-02-2021 05:41:48.0916 AM
[ReportManager] Successfully created attachment [Browser Action Test Data - closeCurrentWindow - Actual Value] @15-02-2021 05:41:48.0917 A

################################################################################################################################################
Starting Execution:	[86 out of 134] test cases in the current suite
Test Method:		[testPackage01.Test_NewValidationActions.f1]
################################################################################################################################################
[ReportManager] Checking valid user data... @15-02-2021 05:41:48.0922 AM
[ReportManager] AssertEquals PASSED; Expected and Actual values are attached. Comparison Type [EQUALS]. Validation Type [POSITIVE]. @15-02-2021 05:41:48.0922 AM
[ReportManager] Successfully created attachment [Validation Test Data - Expected Value] @15-02-2021 05:41:48.0922 AM
[ReportManager] Successfully created attachment [Validation Test Data - Actual Value] @15-02-2021 05:41:48.0923 A
[ReportManager] File Action [getAbsolutePath] successfully performed. With the following test data [Relative Folder Path: "target/downloadedFiles/"]. @15-02-2021 05:41:48.0925 AM
[ReportManager] Attempting to run remotely on: [Linux-64], [GoogleChrome], [http://localhost:4444/wd/hub], Headless Execution. @15-02-2021 05:41:48.0926 AM
[ReportManager] Successfully Opened [GoogleChrome]. @15-02-2021 05:41:49.0159 AM
[ReportManager] Target URL: [https://the-internet.herokuapp.com/] @15-02-2021 05:41:49.0173 AM
[ReportManager] Initial URL: [data:,] @15-02-2021 05:41:49.0215 AM
[ReportManager] Browser Action [navigateToURL] successfully performed. With the following test data [https://the-internet.herokuapp.com/]. @15-02-2021 05:41:49.0662 A

################################################################################################################################################
Starting Execution:	[87 out of 134] test cases in the current suite
Test Method:		[testPackage01.Test_NewValidationActions.f10]
################################################################################################################################################
[ReportManager] AssertElementExists FAILED; Expected [Element Should Exist, locator 'By.tagName: div'] and Actual [Element Exists but is not unique]. Comparison Type [EQUALS]. Validation Type [POSITIVE]. @15-02-2021 05:41:49.0953 AM
[ReportManager] Successfully created attachment [Screenshot - 1613367709861_f10_AssertElementExists_failed] @15-02-2021 05:41:49.0954 A
[ReportManager] Successfully created attachment [Selenium WebDriver Logs - server] @15-02-2021 05:41:49.0985 AM
[ReportManager] Successfully created attachment [Selenium WebDriver Logs - performance] @15-02-2021 05:41:50.0015 AM
[ReportManager] Successfully created attachment [Selenium WebDriver Logs - browser] @15-02-2021 05:41:50.0023 AM
[ReportManager] Successfully created attachment [Selenium WebDriver Logs - driver] @15-02-2021 05:41:50.0092 AM
[ReportManager] Successfully Closed All Browsers. @15-02-2021 05:41:50.0178 A
[ReportManager] File Action [getAbsolutePath] successfully performed. With the following test data [Relative Folder Path: "target/downloadedFiles/"]. @15-02-2021 05:41:50.0180 AM
[ReportManager] Attempting to run remotely on: [Linux-64], [GoogleChrome], [http://localhost:4444/wd/hub], Headless Execution. @15-02-2021 05:41:50.0180 AM
[ReportManager] Successfully Opened [GoogleChrome]. @15-02-2021 05:41:50.0440 AM
[ReportManager] Target URL: [https://the-internet.herokuapp.com/] @15-02-2021 05:41:50.0455 AM
[ReportManager] Initial URL: [data:,] @15-02-2021 05:41:50.0496 AM
[ReportManager] Browser Action [navigateToURL] successfully performed. With the following test data [https://the-internet.herokuapp.com/]. @15-02-2021 05:41:50.0921 A

################################################################################################################################################
Starting Execution:	[88 out of 134] test cases in the current suite
Test Method:		[testPackage01.Test_NewValidationActions.f11]
################################################################################################################################################
[ReportManager] Checking that false tag doesn't exist... @15-02-2021 05:41:50.0923 AM
[ReportManager] AssertElementExists PASSED; Expected [Element Should not Exist, locator 'By.tagName: h3'] and Actual [Element Doesn't Exists]. Comparison Type [EQUALS]. Validation Type [NEGATIVE]. @15-02-2021 05:41:51.0185 AM
[ReportManager] Successfully created attachment [Screenshot - 1613367711113_f11_AssertElementExists_passed] @15-02-2021 05:41:51.0186 A
[ReportManager] Successfully created attachment [Selenium WebDriver Logs - server] @15-02-2021 05:41:51.0200 AM
[ReportManager] Successfully created attachment [Selenium WebDriver Logs - performance] @15-02-2021 05:41:51.0220 AM
[ReportManager] Successfully created attachment [Selenium WebDriver Logs - browser] @15-02-2021 05:41:51.0226 AM
[ReportManager] Successfully created attachment [Selenium WebDriver Logs - driver] @15-02-2021 05:41:51.0278 AM
[ReportManager] Successfully Closed All Browsers. @15-02-2021 05:41:51.0360 A
[ReportManager] File Action [getAbsolutePath] successfully performed. With the following test data [Relative Folder Path: "target/downloadedFiles/"]. @15-02-2021 05:41:51.0363 AM
[ReportManager] Attempting to run remotely on: [Linux-64], [GoogleChrome], [http://localhost:4444/wd/hub], Headless Execution. @15-02-2021 05:41:51.0363 AM
[ReportManager] Successfully Opened [GoogleChrome]. @15-02-2021 05:41:51.0590 AM
[ReportManager] Target URL: [https://the-internet.herokuapp.com/] @15-02-2021 05:41:51.0602 AM
[ReportManager] Initial URL: [data:,] @15-02-2021 05:41:51.0653 AM
[ReportManager] Browser Action [navigateToURL] successfully performed. With the following test data [https://the-internet.herokuapp.com/]. @15-02-2021 05:41:52.0068 A

################################################################################################################################################
Starting Execution:	[89 out of 134] test cases in the current suite
Test Method:		[testPackage01.Test_NewValidationActions.f12]
################################################################################################################################################
[ReportManager] Loaded Shared OpenCV @15-02-2021 05:41:52.0310 AM
[ReportManager] AssertElementExists FAILED; Expected [Element Should not Exist, locator 'By.tagName: h1'] and Actual [Element Exists]. Comparison Type [EQUALS]. Validation Type [NEGATIVE]. @15-02-2021 05:41:52.0399 AM
[ReportManager] Successfully created attachment [Screenshot - 1613367712310_f12_AssertElementExists_failed] @15-02-2021 05:41:52.0400 A
[ReportManager] Successfully created attachment [Selenium WebDriver Logs - server] @15-02-2021 05:41:52.0414 AM
[ReportManager] Successfully created attachment [Selenium WebDriver Logs - performance] @15-02-2021 05:41:52.0433 AM
[ReportManager] Successfully created attachment [Selenium WebDriver Logs - browser] @15-02-2021 05:41:52.0440 AM
[ReportManager] Successfully created attachment [Selenium WebDriver Logs - driver] @15-02-2021 05:41:52.0492 AM
[ReportManager] Successfully Closed All Browsers. @15-02-2021 05:41:52.0572 A
[ReportManager] File Action [getAbsolutePath] successfully performed. With the following test data [Relative Folder Path: "target/downloadedFiles/"]. @15-02-2021 05:41:52.0573 AM
[ReportManager] Attempting to run remotely on: [Linux-64], [GoogleChrome], [http://localhost:4444/wd/hub], Headless Execution. @15-02-2021 05:41:52.0573 AM
[ReportManager] Successfully Opened [GoogleChrome]. @15-02-2021 05:41:52.0828 AM
[ReportManager] Target URL: [https://the-internet.herokuapp.com/] @15-02-2021 05:41:52.0841 AM
[ReportManager] Initial URL: [data:,] @15-02-2021 05:41:52.0885 AM
[ReportManager] Browser Action [navigateToURL] successfully performed. With the following test data [https://the-internet.herokuapp.com/]. @15-02-2021 05:41:53.0283 A

################################################################################################################################################
Starting Execution:	[90 out of 134] test cases in the current suite
Test Method:		[testPackage01.Test_NewValidationActions.f13]
################################################################################################################################################
[ReportManager] AssertElementExists FAILED; Expected [Element Should not Exist, locator 'By.tagName: div'] and Actual [Element Exists but is not unique]. Comparison Type [EQUALS]. Validation Type [NEGATIVE]. @15-02-2021 05:41:53.0618 AM
[ReportManager] Successfully created attachment [Screenshot - 1613367713542_f13_AssertElementExists_failed] @15-02-2021 05:41:53.0619 A
[ReportManager] Successfully created attachment [Selenium WebDriver Logs - server] @15-02-2021 05:41:53.0636 AM
[ReportManager] Successfully created attachment [Selenium WebDriver Logs - performance] @15-02-2021 05:41:53.0657 AM
[ReportManager] Successfully created attachment [Selenium WebDriver Logs - browser] @15-02-2021 05:41:53.0665 AM
[ReportManager] Successfully created attachment [Selenium WebDriver Logs - driver] @15-02-2021 05:41:53.0732 AM
[ReportManager] Successfully Closed All Browsers. @15-02-2021 05:41:53.0814 A
[ReportManager] File Action [getAbsolutePath] successfully performed. With the following test data [Relative Folder Path: "target/downloadedFiles/"]. @15-02-2021 05:41:53.0816 AM
[ReportManager] Attempting to run remotely on: [Linux-64], [GoogleChrome], [http://localhost:4444/wd/hub], Headless Execution. @15-02-2021 05:41:53.0816 AM
[ReportManager] Successfully Opened [GoogleChrome]. @15-02-2021 05:41:54.0066 AM
[ReportManager] Target URL: [https://the-internet.herokuapp.com/] @15-02-2021 05:41:54.0080 AM
[ReportManager] Initial URL: [data:,] @15-02-2021 05:41:54.0125 AM
[ReportManager] Browser Action [navigateToURL] successfully performed. With the following test data [https://the-internet.herokuapp.com/]. @15-02-2021 05:41:54.0580 A

################################################################################################################################################
Starting Execution:	[91 out of 134] test cases in the current suite
Test Method:		[testPackage01.Test_NewValidationActions.f14]
################################################################################################################################################
[ReportManager] Asserting that the header text is correct... @15-02-2021 05:41:54.0585 AM
[ReportManager] Element Action [getText] successfully performed. With the following test data [Welcome to the-internet]. @15-02-2021 05:41:54.0712 AM
[ReportManager] Loaded Shared OpenCV @15-02-2021 05:41:54.0887 AM
[ReportManager] AssertElementAttribute PASSED; Expected [Value Should be 'Welcome to the-internet' for the 'text' attribute, element locator 'By.tagName: h1'] and Actual [Welcome to the-internet]. Comparison Type [EQUALS]. Validation Type [POSITIVE]. @15-02-2021 05:41:54.0981 AM
[ReportManager] Successfully created attachment [Screenshot - 1613367714887_f14_AssertElementAttribute_passed] @15-02-2021 05:41:54.0982 A
[ReportManager] Successfully created attachment [Selenium WebDriver Logs - server] @15-02-2021 05:41:54.0996 AM
[ReportManager] Successfully created attachment [Selenium WebDriver Logs - performance] @15-02-2021 05:41:55.0027 AM
[ReportManager] Successfully created attachment [Selenium WebDriver Logs - browser] @15-02-2021 05:41:55.0034 AM
[ReportManager] Successfully created attachment [Selenium WebDriver Logs - driver] @15-02-2021 05:41:55.0090 AM
[ReportManager] Successfully Closed All Browsers. @15-02-2021 05:41:55.0167 A
[ReportManager] File Action [getAbsolutePath] successfully performed. With the following test data [Relative Folder Path: "target/downloadedFiles/"]. @15-02-2021 05:41:55.0169 AM
[ReportManager] Attempting to run remotely on: [Linux-64], [GoogleChrome], [http://localhost:4444/wd/hub], Headless Execution. @15-02-2021 05:41:55.0170 AM
[ReportManager] Successfully Opened [GoogleChrome]. @15-02-2021 05:41:55.0421 AM
[ReportManager] Target URL: [https://the-internet.herokuapp.com/] @15-02-2021 05:41:55.0438 AM
[ReportManager] Initial URL: [data:,] @15-02-2021 05:41:55.0481 AM
[ReportManager] Browser Action [navigateToURL] successfully performed. With the following test data [https://the-internet.herokuapp.com/]. @15-02-2021 05:41:55.0900 A

################################################################################################################################################
Starting Execution:	[92 out of 134] test cases in the current suite
Test Method:		[testPackage01.Test_NewValidationActions.f15]
################################################################################################################################################
[ReportManager] Element Action [getText] successfully performed. With the following test data [Welcome to the-internet]. @15-02-2021 05:41:56.0037 AM
[ReportManager] Loaded Shared OpenCV @15-02-2021 05:41:56.0199 AM
[ReportManager] AssertElementAttribute FAILED; Expected [Value Should not be 'Welcome' for the 'text' attribute, element locator 'By.tagName: h1'] and Actual [Welcome to the-internet]. Comparison Type [CONTAINS]. Validation Type [NEGATIVE]. @15-02-2021 05:41:56.0291 AM
[ReportManager] Successfully created attachment [Screenshot - 1613367716198_f15_AssertElementAttribute_failed] @15-02-2021 05:41:56.0292 A
[ReportManager] Successfully created attachment [Selenium WebDriver Logs - server] @15-02-2021 05:41:56.0304 AM
[ReportManager] Successfully created attachment [Selenium WebDriver Logs - performance] @15-02-2021 05:41:56.0324 AM
[ReportManager] Successfully created attachment [Selenium WebDriver Logs - browser] @15-02-2021 05:41:56.0331 AM
[ReportManager] Successfully created attachment [Selenium WebDriver Logs - driver] @15-02-2021 05:41:56.0389 AM
[ReportManager] Successfully Closed All Browsers. @15-02-2021 05:41:56.0464 A
[ReportManager] File Action [getAbsolutePath] successfully performed. With the following test data [Relative Folder Path: "target/downloadedFiles/"]. @15-02-2021 05:41:56.0466 AM
[ReportManager] Attempting to run remotely on: [Linux-64], [GoogleChrome], [http://localhost:4444/wd/hub], Headless Execution. @15-02-2021 05:41:56.0466 AM
[ReportManager] Successfully Opened [GoogleChrome]. @15-02-2021 05:41:56.0733 AM
[ReportManager] Target URL: [https://the-internet.herokuapp.com/] @15-02-2021 05:41:56.0750 AM
[ReportManager] Initial URL: [data:,] @15-02-2021 05:41:56.0800 AM
[ReportManager] Browser Action [navigateToURL] successfully performed. With the following test data [https://the-internet.herokuapp.com/]. @15-02-2021 05:41:57.0234 A

################################################################################################################################################
Starting Execution:	[93 out of 134] test cases in the current suite
Test Method:		[testPackage01.Test_NewValidationActions.f16]
################################################################################################################################################
[ReportManager] Element Action [identifyUniqueElement] failed. With the following test data [zero elements found matching this locator "By.tagName: h3".]. @15-02-2021 05:41:57.0483 AM
[ReportManager] Successfully created attachment [Screenshot - 1613367717402_f16_identifyUniqueElement_failed] @15-02-2021 05:41:57.0484 AM
[ReportManager] AssertElementAttribute FAILED; Expected [Value Should not be 'Welcome' for the 'text' attribute, element locator 'By.tagName: h3'] and Actual [Failed to read the desired element attribute]. Comparison Type [CONTAINS]. Validation Type [NEGATIVE]. @15-02-2021 05:41:57.0484 A
[ReportManager] Successfully created attachment [Selenium WebDriver Logs - server] @15-02-2021 05:41:57.0497 AM
[ReportManager] Successfully created attachment [Selenium WebDriver Logs - performance] @15-02-2021 05:41:57.0520 AM
[ReportManager] Successfully created attachment [Selenium WebDriver Logs - browser] @15-02-2021 05:41:57.0532 AM
[ReportManager] Successfully created attachment [Selenium WebDriver Logs - driver] @15-02-2021 05:41:57.0585 AM
[ReportManager] Successfully Closed All Browsers. @15-02-2021 05:41:57.0677 A
[ReportManager] File Action [getAbsolutePath] successfully performed. With the following test data [Relative Folder Path: "target/downloadedFiles/"]. @15-02-2021 05:41:57.0682 AM
[ReportManager] Attempting to run remotely on: [Linux-64], [GoogleChrome], [http://localhost:4444/wd/hub], Headless Execution. @15-02-2021 05:41:57.0683 AM
[ReportManager] Successfully Opened [GoogleChrome]. @15-02-2021 05:41:57.0963 AM
[ReportManager] Target URL: [https://the-internet.herokuapp.com/] @15-02-2021 05:41:57.0975 AM
[ReportManager] Initial URL: [data:,] @15-02-2021 05:41:58.0020 AM
[ReportManager] Browser Action [navigateToURL] successfully performed. With the following test data [https://the-internet.herokuapp.com/]. @15-02-2021 05:41:58.0470 A

################################################################################################################################################
Starting Execution:	[94 out of 134] test cases in the current suite
Test Method:		[testPackage01.Test_NewValidationActions.f17]
################################################################################################################################################
[ReportManager] Attempting to getAttribute [text2] from elementLocator [By.tagName: h1]. @15-02-2021 05:41:58.0473 AM
[ReportManager] Element Action [getAttribute] successfully performed. @15-02-2021 05:41:58.0587 AM
[ReportManager] Loaded Shared OpenCV @15-02-2021 05:41:58.0761 AM
[ReportManager] AssertElementAttribute PASSED; Expected [Value Should not be 'Welcome' for the 'text2' attribute, element locator 'By.tagName: h1'] and Actual [null]. Comparison Type [CONTAINS]. Validation Type [NEGATIVE]. @15-02-2021 05:41:58.0852 AM
[ReportManager] Successfully created attachment [Screenshot - 1613367718761_f17_AssertElementAttribute_passed] @15-02-2021 05:41:58.0854 A
[ReportManager] Successfully created attachment [Selenium WebDriver Logs - server] @15-02-2021 05:41:58.0875 AM
[ReportManager] Successfully created attachment [Selenium WebDriver Logs - performance] @15-02-2021 05:41:58.0900 AM
[ReportManager] Successfully created attachment [Selenium WebDriver Logs - browser] @15-02-2021 05:41:58.0907 AM
[ReportManager] Successfully created attachment [Selenium WebDriver Logs - driver] @15-02-2021 05:41:58.0961 AM
[ReportManager] Successfully Closed All Browsers. @15-02-2021 05:41:59.0041 A
[ReportManager] File Action [getAbsolutePath] successfully performed. With the following test data [Relative Folder Path: "target/downloadedFiles/"]. @15-02-2021 05:41:59.0043 AM
[ReportManager] Attempting to run remotely on: [Linux-64], [GoogleChrome], [http://localhost:4444/wd/hub], Headless Execution. @15-02-2021 05:41:59.0044 AM
[ReportManager] Successfully Opened [GoogleChrome]. @15-02-2021 05:41:59.0266 AM
[ReportManager] Target URL: [https://the-internet.herokuapp.com/] @15-02-2021 05:41:59.0276 AM
[ReportManager] Initial URL: [data:,] @15-02-2021 05:41:59.0326 AM
[ReportManager] Browser Action [navigateToURL] successfully performed. With the following test data [https://the-internet.herokuapp.com/]. @15-02-2021 05:41:59.0742 A

################################################################################################################################################
Starting Execution:	[95 out of 134] test cases in the current suite
Test Method:		[testPackage01.Test_NewValidationActions.f18]
################################################################################################################################################
[ReportManager] Element Action [getText] successfully performed. With the following test data [Welcome to the-internet]. @15-02-2021 05:41:59.0858 AM
[ReportManager] Loaded Shared OpenCV @15-02-2021 05:42:00.0012 AM
[ReportManager] AssertElementAttribute PASSED; Expected [Value Should not be 'no' for the 'text' attribute, element locator 'By.tagName: h1'] and Actual [Welcome to the-internet]. Comparison Type [CONTAINS]. Validation Type [NEGATIVE]. @15-02-2021 05:42:00.0106 AM
[ReportManager] Successfully created attachment [Screenshot - 1613367720012_f18_AssertElementAttribute_passed] @15-02-2021 05:42:00.0107 A
[ReportManager] Successfully created attachment [Selenium WebDriver Logs - server] @15-02-2021 05:42:00.0118 AM
[ReportManager] Successfully created attachment [Selenium WebDriver Logs - performance] @15-02-2021 05:42:00.0137 AM
[ReportManager] Successfully created attachment [Selenium WebDriver Logs - browser] @15-02-2021 05:42:00.0143 AM
[ReportManager] Successfully created attachment [Selenium WebDriver Logs - driver] @15-02-2021 05:42:00.0198 AM
[ReportManager] Successfully Closed All Browsers. @15-02-2021 05:42:00.0278 A
[ReportManager] File Action [getAbsolutePath] successfully performed. With the following test data [Relative Folder Path: "target/downloadedFiles/"]. @15-02-2021 05:42:00.0280 AM
[ReportManager] Attempting to run remotely on: [Linux-64], [GoogleChrome], [http://localhost:4444/wd/hub], Headless Execution. @15-02-2021 05:42:00.0280 AM
[ReportManager] Successfully Opened [GoogleChrome]. @15-02-2021 05:42:00.0524 AM
[ReportManager] Target URL: [https://the-internet.herokuapp.com/] @15-02-2021 05:42:00.0556 AM
[ReportManager] Initial URL: [data:,] @15-02-2021 05:42:00.0605 AM
[ReportManager] Browser Action [navigateToURL] successfully performed. With the following test data [https://the-internet.herokuapp.com/]. @15-02-2021 05:42:01.0069 A

################################################################################################################################################
Starting Execution:	[96 out of 134] test cases in the current suite
Test Method:		[testPackage01.Test_NewValidationActions.f19]
################################################################################################################################################
[ReportManager] Element Action [getTagName] successfully performed. With the following test data [h1]. @15-02-2021 05:42:01.0185 AM
[ReportManager] Loaded Shared OpenCV @15-02-2021 05:42:01.0346 AM
[ReportManager] AssertElementAttribute PASSED; Expected [Value Should be 'h' for the 'tagname' attribute, element locator 'By.tagName: h1'] and Actual [h1]. Comparison Type [CONTAINS]. Validation Type [POSITIVE]. @15-02-2021 05:42:01.0458 AM
[ReportManager] Successfully created attachment [Screenshot - 1613367721346_f19_AssertElementAttribute_passed] @15-02-2021 05:42:01.0460 A
[ReportManager] Successfully created attachment [Selenium WebDriver Logs - server] @15-02-2021 05:42:01.0475 AM
[ReportManager] Successfully created attachment [Selenium WebDriver Logs - performance] @15-02-2021 05:42:01.0504 AM
[ReportManager] Successfully created attachment [Selenium WebDriver Logs - browser] @15-02-2021 05:42:01.0516 AM
[ReportManager] Successfully created attachment [Selenium WebDriver Logs - driver] @15-02-2021 05:42:01.0581 AM
[ReportManager] Successfully Closed All Browsers. @15-02-2021 05:42:01.0680 A

################################################################################################################################################
Starting Execution:	[97 out of 134] test cases in the current suite
Test Method:		[testPackage01.Test_NewValidationActions.f2]
################################################################################################################################################
[ReportManager] Checking valid user data... @15-02-2021 05:42:01.0688 AM
[ReportManager] AssertEquals FAILED; Expected [1] and Actual [2]. Comparison Type [EQUALS]. Validation Type [POSITIVE]. @15-02-2021 05:42:01.0689 A
[ReportManager] File Action [getAbsolutePath] successfully performed. With the following test data [Relative Folder Path: "target/downloadedFiles/"]. @15-02-2021 05:42:01.0694 AM
[ReportManager] Attempting to run remotely on: [Linux-64], [GoogleChrome], [http://localhost:4444/wd/hub], Headless Execution. @15-02-2021 05:42:01.0694 AM
[ReportManager] Successfully Opened [GoogleChrome]. @15-02-2021 05:42:01.0958 AM
[ReportManager] Target URL: [https://the-internet.herokuapp.com/] @15-02-2021 05:42:01.0971 AM
[ReportManager] Initial URL: [data:,] @15-02-2021 05:42:02.0015 AM
[ReportManager] Browser Action [navigateToURL] successfully performed. With the following test data [https://the-internet.herokuapp.com/]. @15-02-2021 05:42:02.0437 A

################################################################################################################################################
Starting Execution:	[98 out of 134] test cases in the current suite
Test Method:		[testPackage01.Test_NewValidationActions.f20]
################################################################################################################################################
[ReportManager] Element Action [getSize] successfully performed. With the following test data [(755, 61)]. @15-02-2021 05:42:02.0536 AM
[ReportManager] Loaded Shared OpenCV @15-02-2021 05:42:02.0674 AM
[ReportManager] AssertElementAttribute PASSED; Expected [Value Should not be 'a' for the 'size' attribute, element locator 'By.tagName: h1'] and Actual [(755, 61)]. Comparison Type [CONTAINS]. Validation Type [NEGATIVE]. @15-02-2021 05:42:02.0758 AM
[ReportManager] Successfully created attachment [Screenshot - 1613367722674_f20_AssertElementAttribute_passed] @15-02-2021 05:42:02.0759 A
[ReportManager] Successfully created attachment [Selenium WebDriver Logs - server] @15-02-2021 05:42:02.0773 AM
[ReportManager] Successfully created attachment [Selenium WebDriver Logs - performance] @15-02-2021 05:42:02.0793 AM
[ReportManager] Successfully created attachment [Selenium WebDriver Logs - browser] @15-02-2021 05:42:02.0799 AM
[ReportManager] Successfully created attachment [Selenium WebDriver Logs - driver] @15-02-2021 05:42:02.0857 AM
[ReportManager] Successfully Closed All Browsers. @15-02-2021 05:42:02.0939 A
[ReportManager] File Action [getAbsolutePath] successfully performed. With the following test data [Relative Folder Path: "target/downloadedFiles/"]. @15-02-2021 05:42:02.0941 AM
[ReportManager] Attempting to run remotely on: [Linux-64], [GoogleChrome], [http://localhost:4444/wd/hub], Headless Execution. @15-02-2021 05:42:02.0941 AM
[ReportManager] Successfully Opened [GoogleChrome]. @15-02-2021 05:42:03.0163 AM
[ReportManager] Target URL: [https://the-internet.herokuapp.com/] @15-02-2021 05:42:03.0180 AM
[ReportManager] Initial URL: [data:,] @15-02-2021 05:42:03.0221 AM
[ReportManager] Browser Action [navigateToURL] successfully performed. With the following test data [https://the-internet.herokuapp.com/]. @15-02-2021 05:42:03.0635 A

################################################################################################################################################
Starting Execution:	[99 out of 134] test cases in the current suite
Test Method:		[testPackage01.Test_NewValidationActions.f21]
################################################################################################################################################
[ReportManager] Element Action [identifyUniqueElement] failed. With the following test data [zero elements found matching this locator "By.tagName: h3".]. @15-02-2021 05:42:03.0846 AM
[ReportManager] Successfully created attachment [Screenshot - 1613367723774_f21_identifyUniqueElement_failed] @15-02-2021 05:42:03.0847 AM
[ReportManager] AssertElementAttribute FAILED; Expected [Value Should be 'Welcome' for the 'text' attribute, element locator 'By.tagName: h3'] and Actual [Failed to read the desired element attribute]. Comparison Type [CONTAINS]. Validation Type [POSITIVE]. @15-02-2021 05:42:03.0847 A
[ReportManager] Successfully created attachment [Selenium WebDriver Logs - server] @15-02-2021 05:42:03.0866 AM
[ReportManager] Successfully created attachment [Selenium WebDriver Logs - performance] @15-02-2021 05:42:03.0890 AM
[ReportManager] Successfully created attachment [Selenium WebDriver Logs - browser] @15-02-2021 05:42:03.0898 AM
[ReportManager] Successfully created attachment [Selenium WebDriver Logs - driver] @15-02-2021 05:42:03.0950 AM
[ReportManager] Successfully Closed All Browsers. @15-02-2021 05:42:04.0026 A
[ReportManager] File Action [getAbsolutePath] successfully performed. With the following test data [Relative Folder Path: "target/downloadedFiles/"]. @15-02-2021 05:42:04.0028 AM
[ReportManager] Attempting to run remotely on: [Linux-64], [GoogleChrome], [http://localhost:4444/wd/hub], Headless Execution. @15-02-2021 05:42:04.0028 AM
[ReportManager] Successfully Opened [GoogleChrome]. @15-02-2021 05:42:04.0256 AM
[ReportManager] Target URL: [https://the-internet.herokuapp.com/] @15-02-2021 05:42:04.0267 AM
[ReportManager] Initial URL: [data:,] @15-02-2021 05:42:04.0318 AM
[ReportManager] Browser Action [navigateToURL] successfully performed. With the following test data [https://the-internet.herokuapp.com/]. @15-02-2021 05:42:04.0735 A

################################################################################################################################################
Starting Execution:	[100 out of 134] test cases in the current suite
Test Method:		[testPackage01.Test_NewValidationActions.f22]
################################################################################################################################################
[ReportManager] Element Action [getText] successfully performed. With the following test data [Welcome to the-internet]. @15-02-2021 05:42:04.0852 AM
[ReportManager] Loaded Shared OpenCV @15-02-2021 05:42:05.0035 AM
[ReportManager] AssertElementAttribute FAILED; Expected [Value Should be 'yyy' for the 'text' attribute, element locator 'By.tagName: h1'] and Actual [Welcome to the-internet]. Comparison Type [CONTAINS]. Validation Type [POSITIVE]. @15-02-2021 05:42:05.0136 AM
[ReportManager] Successfully created attachment [Screenshot - 1613367725034_f22_AssertElementAttribute_failed] @15-02-2021 05:42:05.0137 A
[ReportManager] Successfully created attachment [Selenium WebDriver Logs - server] @15-02-2021 05:42:05.0156 AM
[ReportManager] Successfully created attachment [Selenium WebDriver Logs - performance] @15-02-2021 05:42:05.0175 AM
[ReportManager] Successfully created attachment [Selenium WebDriver Logs - browser] @15-02-2021 05:42:05.0181 AM
[ReportManager] Successfully created attachment [Selenium WebDriver Logs - driver] @15-02-2021 05:42:05.0244 AM
[ReportManager] Successfully Closed All Browsers. @15-02-2021 05:42:05.0331 A

################################################################################################################################################
Starting Execution:	[101 out of 134] test cases in the current suite
Test Method:		[testPackage01.Test_NewValidationActions.f23]
################################################################################################################################################
[ReportManager] confirming that the actual is greater than or equal to the expected... @15-02-2021 05:42:05.0343 AM
[ReportManager] AssertComparativeRelation PASSED; Expected [1] and Actual [1]. Comparison Type [GREATER_THAN_OR_EQUALS]. Validation Type [POSITIVE]. @15-02-2021 05:42:05.0343 A

################################################################################################################################################
Starting Execution:	[102 out of 134] test cases in the current suite
Test Method:		[testPackage01.Test_NewValidationActions.f24]
################################################################################################################################################
[ReportManager] AssertComparativeRelation PASSED; Expected [1] and Actual [10]. Comparison Type [GREATER_THAN_OR_EQUALS]. Validation Type [POSITIVE]. @15-02-2021 05:42:05.0355 A

################################################################################################################################################
Starting Execution:	[103 out of 134] test cases in the current suite
Test Method:		[testPackage01.Test_NewValidationActions.f25]
################################################################################################################################################
[ReportManager] AssertComparativeRelation PASSED; Expected [1] and Actual [1]. Comparison Type [EQUALS]. Validation Type [POSITIVE]. @15-02-2021 05:42:05.0362 A

################################################################################################################################################
Starting Execution:	[104 out of 134] test cases in the current suite
Test Method:		[testPackage01.Test_NewValidationActions.f26]
################################################################################################################################################
[ReportManager] AssertComparativeRelation PASSED; Expected [1] and Actual [5]. Comparison Type [GREATER_THAN]. Validation Type [POSITIVE]. @15-02-2021 05:42:05.0366 A

################################################################################################################################################
Starting Execution:	[105 out of 134] test cases in the current suite
Test Method:		[testPackage01.Test_NewValidationActions.f27]
################################################################################################################################################
[ReportManager] AssertComparativeRelation PASSED; Expected [11] and Actual [5]. Comparison Type [LESS_THAN]. Validation Type [POSITIVE]. @15-02-2021 05:42:05.0369 A

################################################################################################################################################
Starting Execution:	[106 out of 134] test cases in the current suite
Test Method:		[testPackage01.Test_NewValidationActions.f28]
################################################################################################################################################
[ReportManager] AssertComparativeRelation PASSED; Expected [11] and Actual [5]. Comparison Type [LESS_THAN_OR_EQUALS]. Validation Type [POSITIVE]. @15-02-2021 05:42:05.0373 A

################################################################################################################################################
Starting Execution:	[107 out of 134] test cases in the current suite
Test Method:		[testPackage01.Test_NewValidationActions.f29]
################################################################################################################################################
[ReportManager] AssertComparativeRelation PASSED; Expected [11] and Actual [11]. Comparison Type [LESS_THAN_OR_EQUALS]. Validation Type [POSITIVE]. @15-02-2021 05:42:05.0376 A

################################################################################################################################################
Starting Execution:	[108 out of 134] test cases in the current suite
Test Method:		[testPackage01.Test_NewValidationActions.f3]
################################################################################################################################################
[ReportManager] AssertEquals PASSED; Expected [1] and Actual [2]. Comparison Type [EQUALS]. Validation Type [NEGATIVE]. @15-02-2021 05:42:05.0380 A

################################################################################################################################################
Starting Execution:	[109 out of 134] test cases in the current suite
Test Method:		[testPackage01.Test_NewValidationActions.f30]
################################################################################################################################################
[ReportManager] AssertComparativeRelation FAILED; Expected [-9] and Actual [11]. Comparison Type [LESS_THAN_OR_EQUALS]. Validation Type [POSITIVE]. @15-02-2021 05:42:05.0383 A

################################################################################################################################################
Starting Execution:	[110 out of 134] test cases in the current suite
Test Method:		[testPackage01.Test_NewValidationActions.f31]
################################################################################################################################################
[ReportManager] AssertTrue PASSED; Expected [TRUE] and Actual [TRUE]. Validation Type [POSITIVE]. @15-02-2021 05:42:05.0391 A

################################################################################################################################################
Starting Execution:	[111 out of 134] test cases in the current suite
Test Method:		[testPackage01.Test_NewValidationActions.f32]
################################################################################################################################################
[ReportManager] AssertTrue PASSED; Expected [FALSE] and Actual [FALSE]. Validation Type [NEGATIVE]. @15-02-2021 05:42:05.0395 A

################################################################################################################################################
Starting Execution:	[112 out of 134] test cases in the current suite
Test Method:		[testPackage01.Test_NewValidationActions.f33]
################################################################################################################################################
[ReportManager] AssertTrue FAILED; Expected [FALSE] and Actual [TRUE]. Validation Type [NEGATIVE]. @15-02-2021 05:42:05.0404 A

################################################################################################################################################
Starting Execution:	[113 out of 134] test cases in the current suite
Test Method:		[testPackage01.Test_NewValidationActions.f34]
################################################################################################################################################
[ReportManager] AssertTrue FAILED; Expected [TRUE] and Actual [FALSE]. Validation Type [POSITIVE]. @15-02-2021 05:42:05.0417 A

################################################################################################################################################
Starting Execution:	[114 out of 134] test cases in the current suite
Test Method:		[testPackage01.Test_NewValidationActions.f35]
################################################################################################################################################
[ReportManager] File Action [doesFileExist] successfully performed. With the following test data [File Path: "pom.xml"]. @15-02-2021 05:42:05.0422 AM
[ReportManager] AssertFileExists PASSED; Expected [File 'pom.xml' should exist, after up to '1' retries] and Actual [File exists]. Validation Type [POSITIVE]. @15-02-2021 05:42:05.0422 A

################################################################################################################################################
Starting Execution:	[115 out of 134] test cases in the current suite
Test Method:		[testPackage01.Test_NewValidationActions.f36]
################################################################################################################################################
[ReportManager] File Action [doesFileExist] successfully performed. With the following test data [File Path: "src/test/java/testPackage01/Test_NewValidationActions.java"]. @15-02-2021 05:42:05.0432 AM
[ReportManager] AssertFileExists PASSED; Expected [File 'src/test/java/testPackage01/Test_NewValidationActions.java' should exist, after up to '1' retries] and Actual [File exists]. Validation Type [POSITIVE]. @15-02-2021 05:42:05.0433 A

################################################################################################################################################
Starting Execution:	[116 out of 134] test cases in the current suite
Test Method:		[testPackage01.Test_NewValidationActions.f37]
################################################################################################################################################
[ReportManager] confirming that the file does't exist after 5 retries... @15-02-2021 05:42:05.0443 AM
[ReportManager] File Action [doesFileExist] successfully performed. With the following test data [File Path: "pom.xml"]. @15-02-2021 05:42:05.0444 AM
[ReportManager] AssertFileExists FAILED; Expected [File 'pom.xml' should not exist, after up to '5' retries] and Actual [File exists]. Validation Type [NEGATIVE]. @15-02-2021 05:42:05.0444 A

################################################################################################################################################
Starting Execution:	[117 out of 134] test cases in the current suite
Test Method:		[testPackage01.Test_NewValidationActions.f3_1]
################################################################################################################################################
[ReportManager] Checking valid user data... @15-02-2021 05:42:05.0448 AM
[ReportManager] AssertEquals PASSED; Expected [null] and Actual [null]. Comparison Type [EQUALS]. Validation Type [POSITIVE]. @15-02-2021 05:42:05.0448 A

################################################################################################################################################
Starting Execution:	[118 out of 134] test cases in the current suite
Test Method:		[testPackage01.Test_NewValidationActions.f4]
################################################################################################################################################
[ReportManager] AssertEquals PASSED; Expected [1] and Actual [123]. Comparison Type [CONTAINS]. Validation Type [POSITIVE]. @15-02-2021 05:42:05.0452 A

################################################################################################################################################
Starting Execution:	[119 out of 134] test cases in the current suite
Test Method:		[testPackage01.Test_NewValidationActions.f5]
################################################################################################################################################
[ReportManager] AssertNull PASSED; Expected [NULL] and Actual [1]. Comparison Type [EQUALS]. Validation Type [NEGATIVE]. @15-02-2021 05:42:05.0461 A

################################################################################################################################################
Starting Execution:	[120 out of 134] test cases in the current suite
Test Method:		[testPackage01.Test_NewValidationActions.f6]
################################################################################################################################################
[ReportManager] Making sure that null string is not equal to null object... @15-02-2021 05:42:05.0465 AM
[ReportManager] AssertNull FAILED; Expected [NULL] and Actual [NULL]. Comparison Type [EQUALS]. Validation Type [POSITIVE]. @15-02-2021 05:42:05.0465 A

################################################################################################################################################
Starting Execution:	[121 out of 134] test cases in the current suite
Test Method:		[testPackage01.Test_NewValidationActions.f6_1]
################################################################################################################################################
[ReportManager] AssertNull FAILED; Expected [NULL] and Actual [NULL]. Comparison Type [EQUALS]. Validation Type [NEGATIVE]. @15-02-2021 05:42:05.0472 A

################################################################################################################################################
Starting Execution:	[122 out of 134] test cases in the current suite
Test Method:		[testPackage01.Test_NewValidationActions.f6_2]
################################################################################################################################################
[ReportManager] Making sure that null string is not equal to null object... @15-02-2021 05:42:05.0477 AM
[ReportManager] AssertNull FAILED; Expected [NULL] and Actual [not null]. Comparison Type [EQUALS]. Validation Type [POSITIVE]. @15-02-2021 05:42:05.0478 A

################################################################################################################################################
Starting Execution:	[123 out of 134] test cases in the current suite
Test Method:		[testPackage01.Test_NewValidationActions.f7]
################################################################################################################################################
[ReportManager] AssertNull PASSED; Expected [NULL] and Actual [NULL]. Comparison Type [EQUALS]. Validation Type [POSITIVE]. @15-02-2021 05:42:05.0485 A
[ReportManager] File Action [getAbsolutePath] successfully performed. With the following test data [Relative Folder Path: "target/downloadedFiles/"]. @15-02-2021 05:42:05.0488 AM
[ReportManager] Attempting to run remotely on: [Linux-64], [GoogleChrome], [http://localhost:4444/wd/hub], Headless Execution. @15-02-2021 05:42:05.0488 AM
[ReportManager] Successfully Opened [GoogleChrome]. @15-02-2021 05:42:05.0742 AM
[ReportManager] Target URL: [https://the-internet.herokuapp.com/] @15-02-2021 05:42:05.0752 AM
[ReportManager] Initial URL: [data:,] @15-02-2021 05:42:05.0800 AM
[ReportManager] Browser Action [navigateToURL] successfully performed. With the following test data [https://the-internet.herokuapp.com/]. @15-02-2021 05:42:06.0182 A

################################################################################################################################################
Starting Execution:	[124 out of 134] test cases in the current suite
Test Method:		[testPackage01.Test_NewValidationActions.f8]
################################################################################################################################################
[ReportManager] Loaded Shared OpenCV @15-02-2021 05:42:06.0407 AM
[ReportManager] AssertElementExists PASSED; Expected [Element Should Exist, locator 'By.tagName: h1'] and Actual [Element Exists]. Comparison Type [EQUALS]. Validation Type [POSITIVE]. @15-02-2021 05:42:06.0495 AM
[ReportManager] Successfully created attachment [Screenshot - 1613367726407_f8_AssertElementExists_passed] @15-02-2021 05:42:06.0496 A
[ReportManager] Successfully created attachment [Selenium WebDriver Logs - server] @15-02-2021 05:42:06.0511 AM
[ReportManager] Successfully created attachment [Selenium WebDriver Logs - performance] @15-02-2021 05:42:06.0536 AM
[ReportManager] Successfully created attachment [Selenium WebDriver Logs - browser] @15-02-2021 05:42:06.0542 AM
[ReportManager] Successfully created attachment [Selenium WebDriver Logs - driver] @15-02-2021 05:42:06.0594 AM
[ReportManager] Successfully Closed All Browsers. @15-02-2021 05:42:06.0670 A
[ReportManager] File Action [getAbsolutePath] successfully performed. With the following test data [Relative Folder Path: "target/downloadedFiles/"]. @15-02-2021 05:42:06.0672 AM
[ReportManager] Attempting to run remotely on: [Linux-64], [GoogleChrome], [http://localhost:4444/wd/hub], Headless Execution. @15-02-2021 05:42:06.0672 AM
[ReportManager] Successfully Opened [GoogleChrome]. @15-02-2021 05:42:06.0936 AM
[ReportManager] Target URL: [https://the-internet.herokuapp.com/] @15-02-2021 05:42:06.0955 AM
[ReportManager] Initial URL: [data:,] @15-02-2021 05:42:07.0012 AM
[ReportManager] Browser Action [navigateToURL] successfully performed. With the following test data [https://the-internet.herokuapp.com/]. @15-02-2021 05:42:07.0462 A

################################################################################################################################################
Starting Execution:	[125 out of 134] test cases in the current suite
Test Method:		[testPackage01.Test_NewValidationActions.f9]
################################################################################################################################################
[ReportManager] AssertElementExists FAILED; Expected [Element Should Exist, locator 'By.tagName: h3'] and Actual [Element Doesn't Exists]. Comparison Type [EQUALS]. Validation Type [POSITIVE]. @15-02-2021 05:42:07.0714 AM
[ReportManager] Successfully created attachment [Screenshot - 1613367727643_f9_AssertElementExists_failed] @15-02-2021 05:42:07.0715 A
[ReportManager] Successfully created attachment [Selenium WebDriver Logs - server] @15-02-2021 05:42:07.0732 AM
[ReportManager] Successfully created attachment [Selenium WebDriver Logs - performance] @15-02-2021 05:42:07.0753 AM
[ReportManager] Successfully created attachment [Selenium WebDriver Logs - browser] @15-02-2021 05:42:07.0759 AM
[ReportManager] Successfully created attachment [Selenium WebDriver Logs - driver] @15-02-2021 05:42:07.0827 AM
[ReportManager] Successfully Closed All Browsers. @15-02-2021 05:42:07.0903 A

################################################################################################################################################
Starting Execution:	[126 out of 134] test cases in the current suite
Test Method:		[testPackage01.Test_NewValidationActions.forceFail]
################################################################################################################################################
[ReportManager] AssertFail FAILED; Expected [null] and Actual [null]. @15-02-2021 05:42:07.0909 A

################################################################################################################################################
Starting Execution:	[127 out of 134] test cases in the current suite
Test Method:		[testPackage01.Test_NewValidationActions.forceFail2]
################################################################################################################################################
[ReportManager] Custom Message... @15-02-2021 05:42:07.0913 AM
[ReportManager] AssertFail FAILED; Expected [null] and Actual [null]. @15-02-2021 05:42:07.0913 A
[ReportManager] File Action [getAbsolutePath] successfully performed. With the following test data [Relative Folder Path: "target/downloadedFiles/"]. @15-02-2021 05:42:07.0916 AM
[ReportManager] Attempting to run remotely on: [Linux-64], [GoogleChrome], [http://localhost:4444/wd/hub], Headless Execution. @15-02-2021 05:42:07.0917 AM
[ReportManager] Successfully Opened [GoogleChrome]. @15-02-2021 05:42:08.0163 A

################################################################################################################################################
Starting Execution:	[128 out of 134] test cases in the current suite
Test Method:		[testPackage01.Test_ShadowDOM.shadowdom]
################################################################################################################################################
[ReportManager] Target URL: [https://mdn.github.io/web-components-examples/popup-info-box-web-component/] @15-02-2021 05:42:08.0185 AM
[ReportManager] Initial URL: [data:,] @15-02-2021 05:42:08.0231 AM
[ReportManager] Browser Action [navigateToURL] successfully performed. With the following test data [https://mdn.github.io/web-components-examples/popup-info-box-web-component/]. @15-02-2021 05:42:08.0474 AM
[ReportManager] Element Action [type] successfully performed. With the following test data [Typing into SHADOW DOM...]. @15-02-2021 05:42:09.0399 AM
[ReportManager] Element Action [getText] successfully performed. With the following test data [Typing into SHADOW DOM...]. @15-02-2021 05:42:09.0533 AM
[ReportManager] Loaded Shared OpenCV @15-02-2021 05:42:09.0688 AM
[ReportManager] AssertElementAttribute PASSED; Expected [Value Should be 'Typing into SHADOW DOM...' for the 'Text' attribute, element locator 'By.id: cvc'] and Actual [Typing into SHADOW DOM...]. Comparison Type [EQUALS]. Validation Type [POSITIVE]. @15-02-2021 05:42:09.0774 AM
[ReportManager] Successfully created attachment [Screenshot - 1613367729688_shadowdom_AssertElementAttribute_passed] @15-02-2021 05:42:09.0775 A
[ReportManager] Successfully created attachment [Selenium WebDriver Logs - server] @15-02-2021 05:42:09.0821 AM
[ReportManager] Successfully created attachment [Selenium WebDriver Logs - performance] @15-02-2021 05:42:09.0831 AM
[ReportManager] Successfully created attachment [Selenium WebDriver Logs - browser] @15-02-2021 05:42:09.0837 AM
[ReportManager] Successfully created attachment [Selenium WebDriver Logs - driver] @15-02-2021 05:42:09.0906 AM
[ReportManager] Browser Action [closeCurrentWindow] successfully performed. @15-02-2021 05:42:09.0963 AM
[ReportManager] Successfully created attachment [Browser Action Test Data - closeCurrentWindow - Actual Value] @15-02-2021 05:42:09.0963 A

################################################################################################################################################
Starting Execution:	[129 out of 134] test cases in the current suite
Test Method:		[testPackage01.Test_chainableElementActions.chainElementActions]
################################################################################################################################################
[ReportManager] File Action [getAbsolutePath] successfully performed. With the following test data [Relative Folder Path: "target/downloadedFiles/"]. @15-02-2021 05:42:09.0970 AM
[ReportManager] Attempting to run remotely on: [Linux-64], [GoogleChrome], [http://localhost:4444/wd/hub], Headless Execution. @15-02-2021 05:42:09.0970 AM
[ReportManager] Successfully Opened [GoogleChrome]. @15-02-2021 05:42:10.0184 AM
[ReportManager] Target URL: [https://www.google.com/ncr], and after redirection: [https://www.google.com] @15-02-2021 05:42:10.0193 AM
[ReportManager] Initial URL: [data:,] @15-02-2021 05:42:10.0235 AM
[ReportManager] Browser Action [navigateToURL] successfully performed. With the following test data [https://www.google.com/ncr]. @15-02-2021 05:42:11.0071 AM
[ReportManager] Element Action [type] successfully performed. With the following test data [chained type 1]. @15-02-2021 05:42:11.0676 AM
[ReportManager] Element Action [type] successfully performed. With the following test data [chained type 2]. @15-02-2021 05:42:12.0344 AM
[ReportManager] Element Action [typeAppend] successfully performed. With the following test data [345]. @15-02-2021 05:42:12.0525 AM
[ReportManager] Element Action [getText] successfully performed. With the following test data [chained type 2345]. @15-02-2021 05:42:12.0658 AM
[ReportManager] Loaded Shared OpenCV @15-02-2021 05:42:12.0794 AM
[ReportManager] AssertElementAttribute PASSED; Expected [Value Should be 'chained type 2345' for the 'text' attribute, element locator 'By.name: q'] and Actual [chained type 2345]. Comparison Type [EQUALS]. Validation Type [POSITIVE]. @15-02-2021 05:42:12.0885 AM
[ReportManager] Successfully created attachment [Screenshot - 1613367732794_chainElementActions_AssertElementAttribute_passed] @15-02-2021 05:42:12.0888 AM
[ReportManager] Successfully created attachment [Selenium WebDriver Logs - server] @15-02-2021 05:42:12.0972 AM
[ReportManager] Successfully created attachment [Selenium WebDriver Logs - performance] @15-02-2021 05:42:13.0120 AM
[ReportManager] Successfully created attachment [Selenium WebDriver Logs - driver] @15-02-2021 05:42:13.0328 AM
[ReportManager] Browser Action [closeCurrentWindow] successfully performed. @15-02-2021 05:42:13.0387 AM
[ReportManager] Successfully created attachment [Browser Action Test Data - closeCurrentWindow - Actual Value] @15-02-2021 05:42:13.0388 A

################################################################################################################################################
Starting Execution:	[130 out of 134] test cases in the current suite
Test Method:		[testPackage01.Test_SelectedValue.multipleSelect]
################################################################################################################################################
[ReportManager] File Action [getAbsolutePath] successfully performed. With the following test data [Relative Folder Path: "target/downloadedFiles/"]. @15-02-2021 05:42:13.0404 AM
[ReportManager] Attempting to run remotely on: [Linux-64], [GoogleChrome], [http://localhost:4444/wd/hub], Headless Execution. @15-02-2021 05:42:13.0404 AM
[ReportManager] Successfully Opened [GoogleChrome]. @15-02-2021 05:42:13.0700 AM
[ReportManager] Target URL: [https://mdn.mozillademos.org/en-US/docs/Web/HTML/Element/select$samples/Advanced_select_with_multiple_features?revision=1612304] @15-02-2021 05:42:13.0711 AM
[ReportManager] Initial URL: [data:,] @15-02-2021 05:42:13.0763 AM
[ReportManager] Browser Action [navigateToURL] successfully performed. With the following test data [https://mdn.mozillademos.org/en-US/docs/Web/HTML/Element/select$samples/Advanced_select_with_multiple_features?revision=1612304]. @15-02-2021 05:42:14.0413 AM
[ReportManager] Element Action [select] successfully performed. With the following test data [Dog]. @15-02-2021 05:42:14.0710 AM
[ReportManager] Element Action [select] successfully performed. With the following test data [Cat]. @15-02-2021 05:42:15.0021 AM
[ReportManager] Element Action [getSelectedText] successfully performed. With the following test data [DogCat]. @15-02-2021 05:42:15.0199 AM
[ReportManager] DogCat @15-02-2021 05:42:15.0199 AM
[ReportManager] Element Action [getSelectedText] successfully performed. With the following test data [DogCat]. @15-02-2021 05:42:15.0416 AM
[ReportManager] Loaded Shared OpenCV @15-02-2021 05:42:15.0538 AM
[ReportManager] AssertElementAttribute PASSED; Expected [Value Should be 'DogCat' for the 'selectedText' attribute, element locator 'By.tagName: select'] and Actual [DogCat]. Comparison Type [EQUALS]. Validation Type [POSITIVE]. @15-02-2021 05:42:15.0612 AM
[ReportManager] Successfully created attachment [Screenshot - 1613367735538_multipleSelect_AssertElementAttribute_passed] @15-02-2021 05:42:15.0612 AM
[ReportManager] Successfully created attachment [Selenium WebDriver Logs - server] @15-02-2021 05:42:15.0651 AM
[ReportManager] Successfully created attachment [Selenium WebDriver Logs - performance] @15-02-2021 05:42:15.0660 AM
[ReportManager] Successfully created attachment [Selenium WebDriver Logs - driver] @15-02-2021 05:42:15.0755 AM
[ReportManager] Browser Action [closeCurrentWindow] successfully performed. @15-02-2021 05:42:15.0815 AM
[ReportManager] Successfully created attachment [Browser Action Test Data - closeCurrentWindow - Actual Value] @15-02-2021 05:42:15.0815 A

################################################################################################################################################
Starting Execution:	[131 out of 134] test cases in the current suite
Test Method:		[testPackage01.Test_SelectedValue.simpleSelect]
################################################################################################################################################
[ReportManager] File Action [getAbsolutePath] successfully performed. With the following test data [Relative Folder Path: "target/downloadedFiles/"]. @15-02-2021 05:42:15.0818 AM
[ReportManager] Attempting to run remotely on: [Linux-64], [GoogleChrome], [http://localhost:4444/wd/hub], Headless Execution. @15-02-2021 05:42:15.0818 AM
[ReportManager] Successfully Opened [GoogleChrome]. @15-02-2021 05:42:16.0057 AM
[ReportManager] Target URL: [https://mdn.mozillademos.org/en-US/docs/Web/HTML/Element/select$samples/Basic_select?revision=1612304] @15-02-2021 05:42:16.0067 AM
[ReportManager] Initial URL: [data:,] @15-02-2021 05:42:16.0107 AM
[ReportManager] Browser Action [navigateToURL] successfully performed. With the following test data [https://mdn.mozillademos.org/en-US/docs/Web/HTML/Element/select$samples/Basic_select?revision=1612304]. @15-02-2021 05:42:16.0347 AM
[ReportManager] Element Action [select] successfully performed. With the following test data [Third Value]. @15-02-2021 05:42:16.0718 AM
[ReportManager] Element Action [getSelectedText] successfully performed. With the following test data [Third Value]. @15-02-2021 05:42:16.0850 AM
[ReportManager] Third Value @15-02-2021 05:42:16.0850 AM
[ReportManager] Element Action [getSelectedText] successfully performed. With the following test data [Third Value]. @15-02-2021 05:42:16.0981 AM
[ReportManager] Loaded Shared OpenCV @15-02-2021 05:42:17.0099 AM
[ReportManager] AssertElementAttribute PASSED; Expected [Value Should be 'Third Value' for the 'selectedText' attribute, element locator 'By.tagName: select'] and Actual [Third Value]. Comparison Type [EQUALS]. Validation Type [POSITIVE]. @15-02-2021 05:42:17.0175 AM
[ReportManager] Successfully created attachment [Screenshot - 1613367737099_simpleSelect_AssertElementAttribute_passed] @15-02-2021 05:42:17.0176 AM
[ReportManager] Successfully created attachment [Selenium WebDriver Logs - server] @15-02-2021 05:42:17.0218 AM
[ReportManager] Successfully created attachment [Selenium WebDriver Logs - performance] @15-02-2021 05:42:17.0227 AM
[ReportManager] Successfully created attachment [Selenium WebDriver Logs - driver] @15-02-2021 05:42:17.0301 AM
[ReportManager] Browser Action [closeCurrentWindow] successfully performed. @15-02-2021 05:42:17.0358 AM
[ReportManager] Successfully created attachment [Browser Action Test Data - closeCurrentWindow - Actual Value] @15-02-2021 05:42:17.0358 A
[ReportManager] File Action [getAbsolutePath] successfully performed. With the following test data [Relative Folder Path: "target/downloadedFiles/"]. @15-02-2021 05:42:17.0366 AM
[ReportManager] Attempting to run remotely on: [Linux-64], [GoogleChrome], [http://localhost:4444/wd/hub], Headless Execution. @15-02-2021 05:42:17.0366 AM
[ReportManager] Successfully Opened [GoogleChrome]. @15-02-2021 05:42:17.0619 A

################################################################################################################################################
Starting Execution:	[132 out of 134] test cases in the current suite
Test Method:		[testPackage01.Test_clipboardActions.typeTextAndCopyPaste]
################################################################################################################################################
[ReportManager] Target URL: [https://www.google.com/ncr], and after redirection: [https://www.google.com] @15-02-2021 05:42:17.0633 AM
[ReportManager] Initial URL: [data:,] @15-02-2021 05:42:17.0687 AM
[ReportManager] Browser Action [navigateToURL] successfully performed. With the following test data [https://www.google.com/ncr]. @15-02-2021 05:42:18.0601 AM
[ReportManager] Element Action [type] successfully performed. With the following test data [FIRST]. @15-02-2021 05:42:19.0156 AM
[ReportManager] Element Action [clipboardActions] successfully performed. With the following test data [select all]. @15-02-2021 05:42:19.0275 AM
[ReportManager] Element Action [clipboardActions] successfully performed. With the following test data [copy]. @15-02-2021 05:42:19.0377 AM
[ReportManager] Element Action [clipboardActions] successfully performed. With the following test data [unselect]. @15-02-2021 05:42:19.0481 AM
[ReportManager] Element Action [clipboardActions] successfully performed. With the following test data [paste]. @15-02-2021 05:42:19.0580 AM
[ReportManager] Element Action [clipboardActions] successfully performed. With the following test data [select all]. @15-02-2021 05:42:19.0668 AM
[ReportManager] Element Action [clipboardActions] successfully performed. With the following test data [cut]. @15-02-2021 05:42:19.0780 AM
[ReportManager] Element Action [clipboardActions] successfully performed. With the following test data [paste]. @15-02-2021 05:42:19.0895 AM
[ReportManager] Element Action [clipboardActions] successfully performed. With the following test data [paste]. @15-02-2021 05:42:20.0000 A
[ReportManager] Successfully created attachment [Selenium WebDriver Logs - server] @15-02-2021 05:42:20.0092 AM
[ReportManager] Successfully created attachment [Selenium WebDriver Logs - performance] @15-02-2021 05:42:20.0171 AM
[ReportManager] Successfully created attachment [Selenium WebDriver Logs - driver] @15-02-2021 05:42:20.0347 AM
[ReportManager] Browser Action [closeCurrentWindow] successfully performed. @15-02-2021 05:42:20.0412 AM
[ReportManager] Successfully created attachment [Browser Action Test Data - closeCurrentWindow - Actual Value] @15-02-2021 05:42:20.0413 A
[ReportManager] File Action [getAbsolutePath] successfully performed. With the following test data [Relative Folder Path: "target/downloadedFiles/"]. @15-02-2021 05:42:20.0415 AM
[ReportManager] Attempting to run remotely on: [Linux-64], [GoogleChrome], [http://localhost:4444/wd/hub], Headless Execution. @15-02-2021 05:42:20.0415 AM
[ReportManager] Successfully Opened [GoogleChrome]. @15-02-2021 05:42:20.0752 A

################################################################################################################################################
Starting Execution:	[133 out of 134] test cases in the current suite
Test Method:		[testPackage01.Test_uploadFile.uploadFile_invisibleUploadInput]
################################################################################################################################################
[ReportManager] Target URL: [https://fineuploader.com/demos.html#gallery-view] @15-02-2021 05:42:20.0800 AM
[ReportManager] Initial URL: [data:,] @15-02-2021 05:42:20.0843 AM
[ReportManager] Browser Action [navigateToURL] successfully performed. With the following test data [https://fineuploader.com/demos.html#gallery-view]. @15-02-2021 05:42:22.0568 AM
[ReportManager] File Action [getAbsolutePath] successfully performed. With the following test data [Relative File Path: "src/main/resources/images/shaft.png"]. @15-02-2021 05:42:22.0568 AM
[ReportManager] Successfully created attachment [File Action Actual Result - Command Log] @15-02-2021 05:42:22.0569 AM
[ReportManager] Element Action [typeFileLocationForUpload] successfully performed. With the following test data [/home/runner/work/SHAFT_ENGINE/SHAFT_ENGINE/src/main/resources/images/shaft.png]. @15-02-2021 05:42:22.0754 AM
[ReportManager] Attempting to getAttribute [src] from elementLocator [By.xpath: //div[@id='fine-uploader-gallery']//div[@class='qq-thumbnail-wrapper']/img]. @15-02-2021 05:42:22.0754 AM
[ReportManager] Element Action [getAttribute] successfully performed. @15-02-2021 05:42:22.0901 AM
[ReportManager] Successfully created attachment [Element Action Test Data - getAttribute - Actual Value] @15-02-2021 05:42:22.0902 AM
[ReportManager] Loaded Shared OpenCV @15-02-2021 05:42:23.0054 AM
[ReportManager] AssertElementAttribute PASSED; Expected and Actual values are attached. Comparison Type [CONTAINS]. Validation Type [POSITIVE]. @15-02-2021 05:42:23.0141 AM
[ReportManager] Successfully created attachment [Validation Test Data - Expected Value] @15-02-2021 05:42:23.0141 AM
[ReportManager] Successfully created attachment [Validation Test Data - Actual Value] @15-02-2021 05:42:23.0141 AM
[ReportManager] Successfully created attachment [Screenshot - 1613367743054_uploadFile_invisibleUploadInput_AssertElementAttribute_passed] @15-02-2021 05:42:23.0142 A
[ReportManager] Successfully created attachment [Selenium WebDriver Logs - server] @15-02-2021 05:42:23.0232 AM
[ReportManager] Successfully created attachment [Selenium WebDriver Logs - performance] @15-02-2021 05:42:23.0308 AM
[ReportManager] Successfully created attachment [Selenium WebDriver Logs - browser] @15-02-2021 05:42:23.0317 AM
[ReportManager] Successfully created attachment [Selenium WebDriver Logs - driver] @15-02-2021 05:42:23.0477 AM
[ReportManager] Browser Action [closeCurrentWindow] successfully performed. @15-02-2021 05:42:23.0533 AM
[ReportManager] Successfully created attachment [Browser Action Test Data - closeCurrentWindow - Actual Value] @15-02-2021 05:42:23.0534 A
[ReportManager] File Action [getAbsolutePath] successfully performed. With the following test data [Relative Folder Path: "target/downloadedFiles/"]. @15-02-2021 05:42:23.0538 AM
[ReportManager] Attempting to run remotely on: [Linux-64], [GoogleChrome], [http://localhost:4444/wd/hub], Headless Execution. @15-02-2021 05:42:23.0538 AM
[ReportManager] Successfully Opened [GoogleChrome]. @15-02-2021 05:42:23.0749 A

################################################################################################################################################
Starting Execution:	[134 out of 134] test cases in the current suite
Test Method:		[testPackage01.Test_uploadFile.uploadFile_visibleUploadInput]
################################################################################################################################################
[ReportManager] Target URL: [http://demo.guru99.com/test/upload/] @15-02-2021 05:42:23.0784 AM
[ReportManager] Initial URL: [data:,] @15-02-2021 05:42:23.0832 AM
[ReportManager] Browser Action [navigateToURL] successfully performed. With the following test data [http://demo.guru99.com/test/upload/]. @15-02-2021 05:42:25.0202 AM
[ReportManager] File Action [getAbsolutePath] successfully performed. With the following test data [Relative File Path: "src/main/resources/images/shaft.png"]. @15-02-2021 05:42:25.0203 AM
[ReportManager] Successfully created attachment [File Action Actual Result - Command Log] @15-02-2021 05:42:25.0203 AM
[ReportManager] Element Action [typeFileLocationForUpload] successfully performed. With the following test data [/home/runner/work/SHAFT_ENGINE/SHAFT_ENGINE/src/main/resources/images/shaft.png]. @15-02-2021 05:42:25.0376 AM
[ReportManager] Element Action [click] successfully performed. With the following test data [on]. @15-02-2021 05:42:25.0770 AM
[ReportManager] Element Action [click] successfully performed. With the following test data [Submit File]. @15-02-2021 05:42:26.0124 AM
[ReportManager] Element Action [getText] successfully performed. With the following test data [1 file
has been successfully uploaded.]. @15-02-2021 05:42:26.0787 AM
[ReportManager] Loaded Shared OpenCV @15-02-2021 05:42:26.0929 AM
[ReportManager] AssertElementAttribute PASSED; Expected [Value Should be '1 file' for the 'Text' attribute, element locator 'By.id: res'] and Actual [1 file
has been successfully uploaded.]. Comparison Type [CONTAINS]. Validation Type [POSITIVE]. @15-02-2021 05:42:27.0017 AM
[ReportManager] Successfully created attachment [Screenshot - 1613367746929_uploadFile_visibleUploadInput_AssertElementAttribute_passed] @15-02-2021 05:42:27.0018 A
[ReportManager] Successfully created attachment [Selenium WebDriver Logs - server] @15-02-2021 05:42:27.0079 AM
[ReportManager] Successfully created attachment [Selenium WebDriver Logs - performance] @15-02-2021 05:42:27.0163 AM
[ReportManager] Successfully created attachment [Selenium WebDriver Logs - browser] @15-02-2021 05:42:27.0172 AM
[ReportManager] Successfully created attachment [Selenium WebDriver Logs - driver] @15-02-2021 05:42:27.0380 AM
[ReportManager] Browser Action [closeCurrentWindow] successfully performed. @15-02-2021 05:42:27.0440 AM
[ReportManager] Successfully created attachment [Browser Action Test Data - closeCurrentWindow - Actual Value] @15-02-2021 05:42:27.0440 A

################################################################################################################################################
Test Closure Activities
################################################################################################################################################
[ReportManager] Successfully created attachment [SHAFT Engine Logs - Execution log] @15-02-2021 05:42:27.0482 AM

################################################################################################################################################
This test run was powered by SHAFT Engine Version: [SHAFT Engine v5.1]
SHAFT Engine is licensed under the MIT License: [https://github.com/MohabMohie/SHAFT_ENGINE/blob/master/LICENSE].
################################################################################################################################################