################################################################################################################################################
Detected SHAFT Engine Version: [SHAFT Engine v5.2.20210427]
################################################################################################################################################
[ReportManager] File Action [getAbsolutePath] successfully performed. With the following test data [Relative Folder Path: "target/downloadedFiles/"]. @02-05-2021 02:07:31.0004 AM
[ReportManager] Attempting to run remotely on: [Linux-64], [GoogleChrome], [http://localhost:4444/wd/hub], Headless Execution. @02-05-2021 02:07:31.0038 AM
[ReportManager] Successfully Opened [GoogleChrome]. @02-05-2021 02:07:32.0817 A

################################################################################################################################################
Starting Execution:	[1 out of 137] test cases in the current suite
Test Method:		[testPackage01.Test_assertEquals.test_assertElementAttribute]
################################################################################################################################################
[ReportManager] Target URL: [https://www.google.com/ncr], and after redirection: [https://www.google.com] @02-05-2021 02:07:33.0018 AM
[ReportManager] Initial URL: [data:,] @02-05-2021 02:07:33.0151 AM
[ReportManager] Browser Action [navigateToURL] successfully performed. With the following test data [https://www.google.com/ncr]. @02-05-2021 02:07:34.0606 AM
[ReportManager] Element Action [type] successfully performed. With the following test data [INC_004010050:Another SCHEDULER with the same name [Duplicate Job Name] already exists.]. @02-05-2021 02:07:38.0165 AM
[ReportManager] Element Action [getText] successfully performed. With the following test data [INC_004010050:Another SCHEDULER with the same name [Duplicate Job Name] already exists.]. @02-05-2021 02:07:38.0418 AM
[ReportManager] Loaded Shared OpenCV @02-05-2021 02:07:39.0272 AM
[ReportManager] AssertElementAttribute PASSED; Expected [Value Should be 'INC_004010050:Another SCHEDULER with the same name \[Duplicate Job Name\] already exists.' for the 'text' attribute, element locator 'By.name: q'] and Actual [INC_004010050:Another SCHEDULER with the same name [Duplicate Job Name] already exists.]. Comparison Type [MATCHES]. Validation Type [POSITIVE]. @02-05-2021 02:07:39.0782 AM
[ReportManager] Successfully created attachment [Screenshot - 1619921258715_test_assertElementAttribute_AssertElementAttribute_passed] @02-05-2021 02:07:39.0806 A
[ReportManager] Successfully created attachment [Selenium WebDriver Logs - server] @02-05-2021 02:07:40.0179 AM
[ReportManager] Successfully created attachment [Selenium WebDriver Logs - performance] @02-05-2021 02:07:40.0775 AM
[ReportManager] Successfully created attachment [Selenium WebDriver Logs - driver] @02-05-2021 02:07:41.0425 AM
[ReportManager] Browser Action [closeCurrentWindow] successfully performed. @02-05-2021 02:07:41.0494 AM
[ReportManager] Successfully created attachment [Browser Action Test Data - closeCurrentWindow - Actual Value] @02-05-2021 02:07:41.0509 A
[ReportManager] File Action [getAbsolutePath] successfully performed. With the following test data [Relative Folder Path: "target/downloadedFiles/"]. @02-05-2021 02:07:41.0514 AM
[ReportManager] Attempting to run remotely on: [Linux-64], [GoogleChrome], [http://localhost:4444/wd/hub], Headless Execution. @02-05-2021 02:07:41.0515 AM
[ReportManager] Successfully Opened [GoogleChrome]. @02-05-2021 02:07:42.0445 A

################################################################################################################################################
Starting Execution:	[2 out of 137] test cases in the current suite
Test Method:		[testPackage01.Test_dynamicLoading.dynamicLoading_elementIsHidden]
################################################################################################################################################
[ReportManager] Target URL: [https://the-internet.herokuapp.com/dynamic_loading/1] @02-05-2021 02:07:42.0504 AM
[ReportManager] Initial URL: [data:,] @02-05-2021 02:07:42.0618 AM
[ReportManager] Browser Action [navigateToURL] successfully performed. With the following test data [https://the-internet.herokuapp.com/dynamic_loading/1]. @02-05-2021 02:07:43.0281 AM
[ReportManager] Element Action [click] successfully performed. With the following test data [Start]. @02-05-2021 02:07:43.0884 AM
[ReportManager] Element Action [getText] successfully performed. With the following test data [
    Hello World!
  ]. @02-05-2021 02:07:44.0088 AM
[ReportManager] Loaded Shared OpenCV @02-05-2021 02:07:44.0331 AM
[ReportManager] AssertElementAttribute PASSED; Expected [Value Should be 'Hello World!' for the 'text' attribute, element locator 'By.id: finish'] and Actual [
    Hello World!
  ]. Comparison Type [CONTAINS]. Validation Type [POSITIVE]. @02-05-2021 02:07:44.0536 AM
[ReportManager] Successfully created attachment [Screenshot - 1619921264331_dynamicLoading_elementIsHidden_AssertElementAttribute_passed] @02-05-2021 02:07:44.0541 A
[ReportManager] Successfully created attachment [Selenium WebDriver Logs - server] @02-05-2021 02:07:44.0650 AM
[ReportManager] Successfully created attachment [Selenium WebDriver Logs - performance] @02-05-2021 02:07:44.0707 AM
[ReportManager] Successfully created attachment [Selenium WebDriver Logs - browser] @02-05-2021 02:07:44.0719 AM
[ReportManager] Successfully created attachment [Selenium WebDriver Logs - driver] @02-05-2021 02:07:44.0844 AM
[ReportManager] Browser Action [closeCurrentWindow] successfully performed. @02-05-2021 02:07:44.0905 AM
[ReportManager] Successfully created attachment [Browser Action Test Data - closeCurrentWindow - Actual Value] @02-05-2021 02:07:44.0906 A
[ReportManager] File Action [getAbsolutePath] successfully performed. With the following test data [Relative Folder Path: "target/downloadedFiles/"]. @02-05-2021 02:07:44.0910 AM
[ReportManager] Attempting to run remotely on: [Linux-64], [GoogleChrome], [http://localhost:4444/wd/hub], Headless Execution. @02-05-2021 02:07:44.0910 AM
[ReportManager] Successfully Opened [GoogleChrome]. @02-05-2021 02:07:45.0676 A

################################################################################################################################################
Starting Execution:	[3 out of 137] test cases in the current suite
Test Method:		[testPackage01.Test_dynamicLoading.dynamicLoading_elementIsRendered]
################################################################################################################################################
[ReportManager] Target URL: [https://the-internet.herokuapp.com/dynamic_loading/2] @02-05-2021 02:07:45.0730 AM
[ReportManager] Initial URL: [data:,] @02-05-2021 02:07:45.0804 AM
[ReportManager] Browser Action [navigateToURL] successfully performed. With the following test data [https://the-internet.herokuapp.com/dynamic_loading/2]. @02-05-2021 02:07:46.0335 AM
[ReportManager] Element Action [click] successfully performed. With the following test data [Start]. @02-05-2021 02:07:46.0857 AM
[ReportManager] Element Action [getText] successfully performed. With the following test data [Hello World!]. @02-05-2021 02:07:52.0103 AM
[ReportManager] Loaded Shared OpenCV @02-05-2021 02:07:52.0312 AM
[ReportManager] AssertElementAttribute PASSED; Expected [Value Should be 'Hello World!' for the 'text' attribute, element locator 'By.id: finish'] and Actual [Hello World!]. Comparison Type [CONTAINS]. Validation Type [POSITIVE]. @02-05-2021 02:07:52.0398 AM
[ReportManager] Successfully created attachment [Screenshot - 1619921272312_dynamicLoading_elementIsRendered_AssertElementAttribute_passed] @02-05-2021 02:07:52.0399 A
[ReportManager] Successfully created attachment [Selenium WebDriver Logs - server] @02-05-2021 02:07:52.0484 AM
[ReportManager] Successfully created attachment [Selenium WebDriver Logs - performance] @02-05-2021 02:07:52.0580 AM
[ReportManager] Successfully created attachment [Selenium WebDriver Logs - browser] @02-05-2021 02:07:52.0593 AM
[ReportManager] Successfully created attachment [Selenium WebDriver Logs - driver] @02-05-2021 02:07:52.0749 AM
[ReportManager] Browser Action [closeCurrentWindow] successfully performed. @02-05-2021 02:07:52.0820 AM
[ReportManager] Successfully created attachment [Browser Action Test Data - closeCurrentWindow - Actual Value] @02-05-2021 02:07:52.0821 A

################################################################################################################################################
Starting Execution:	[4 out of 137] test cases in the current suite
Test Method:		[testPackage01.Test_SelectedValue.multipleSelect]
################################################################################################################################################
[ReportManager] File Action [getAbsolutePath] successfully performed. With the following test data [Relative Folder Path: "target/downloadedFiles/"]. @02-05-2021 02:07:52.0835 AM
[ReportManager] Attempting to run remotely on: [Linux-64], [GoogleChrome], [http://localhost:4444/wd/hub], Headless Execution. @02-05-2021 02:07:52.0836 AM
[ReportManager] Successfully Opened [GoogleChrome]. @02-05-2021 02:07:53.0603 AM
[ReportManager] Target URL: [https://mdn.mozillademos.org/en-US/docs/Web/HTML/Element/select$samples/Advanced_select_with_multiple_features?revision=1612304] @02-05-2021 02:07:53.0649 AM
[ReportManager] Initial URL: [data:,] @02-05-2021 02:07:53.0727 AM
[ReportManager] Browser Action [navigateToURL] successfully performed. With the following test data [https://mdn.mozillademos.org/en-US/docs/Web/HTML/Element/select$samples/Advanced_select_with_multiple_features?revision=1612304]. @02-05-2021 02:07:54.0487 AM
[ReportManager] Element Action [select] successfully performed. With the following test data [Dog]. @02-05-2021 02:07:54.0886 AM
[ReportManager] Element Action [select] successfully performed. With the following test data [Cat]. @02-05-2021 02:07:55.0268 AM
[ReportManager] Element Action [getSelectedText] successfully performed. With the following test data [DogCat]. @02-05-2021 02:07:55.0533 AM
[ReportManager] DogCat @02-05-2021 02:07:55.0534 AM
[ReportManager] Element Action [getSelectedText] successfully performed. With the following test data [DogCat]. @02-05-2021 02:07:55.0739 AM
[ReportManager] Loaded Shared OpenCV @02-05-2021 02:07:55.0913 AM
[ReportManager] AssertElementAttribute PASSED; Expected [Value Should be 'DogCat' for the 'selectedText' attribute, element locator 'By.tagName: select'] and Actual [DogCat]. Comparison Type [EQUALS]. Validation Type [POSITIVE]. @02-05-2021 02:07:55.0990 AM
[ReportManager] Successfully created attachment [Screenshot - 1619921275912_multipleSelect_AssertElementAttribute_passed] @02-05-2021 02:07:55.0991 AM
[ReportManager] Successfully created attachment [Selenium WebDriver Logs - server] @02-05-2021 02:07:56.0071 AM
[ReportManager] Successfully created attachment [Selenium WebDriver Logs - performance] @02-05-2021 02:07:56.0092 AM
[ReportManager] Successfully created attachment [Selenium WebDriver Logs - driver] @02-05-2021 02:07:56.0278 AM
[ReportManager] Browser Action [closeCurrentWindow] successfully performed. @02-05-2021 02:07:56.0340 AM
[ReportManager] Successfully created attachment [Browser Action Test Data - closeCurrentWindow - Actual Value] @02-05-2021 02:07:56.0340 A

################################################################################################################################################
Starting Execution:	[5 out of 137] test cases in the current suite
Test Method:		[testPackage01.Test_SelectedValue.simpleSelect]
################################################################################################################################################
[ReportManager] File Action [getAbsolutePath] successfully performed. With the following test data [Relative Folder Path: "target/downloadedFiles/"]. @02-05-2021 02:07:56.0348 AM
[ReportManager] Attempting to run remotely on: [Linux-64], [GoogleChrome], [http://localhost:4444/wd/hub], Headless Execution. @02-05-2021 02:07:56.0350 AM
[ReportManager] Successfully Opened [GoogleChrome]. @02-05-2021 02:07:56.0697 AM
[ReportManager] Target URL: [https://mdn.mozillademos.org/en-US/docs/Web/HTML/Element/select$samples/Basic_select?revision=1612304] @02-05-2021 02:07:56.0721 AM
[ReportManager] Initial URL: [data:,] @02-05-2021 02:07:56.0786 AM
[ReportManager] Browser Action [navigateToURL] successfully performed. With the following test data [https://mdn.mozillademos.org/en-US/docs/Web/HTML/Element/select$samples/Basic_select?revision=1612304]. @02-05-2021 02:07:57.0351 AM
[ReportManager] Element Action [select] successfully performed. With the following test data [Third Value]. @02-05-2021 02:07:57.0763 AM
[ReportManager] Element Action [getSelectedText] successfully performed. With the following test data [Third Value]. @02-05-2021 02:07:57.0917 AM
[ReportManager] Third Value @02-05-2021 02:07:57.0917 AM
[ReportManager] Element Action [getSelectedText] successfully performed. With the following test data [Third Value]. @02-05-2021 02:07:58.0071 AM
[ReportManager] Loaded Shared OpenCV @02-05-2021 02:07:58.0228 AM
[ReportManager] AssertElementAttribute PASSED; Expected [Value Should be 'Third Value' for the 'selectedText' attribute, element locator 'By.tagName: select'] and Actual [Third Value]. Comparison Type [EQUALS]. Validation Type [POSITIVE]. @02-05-2021 02:07:58.0315 AM
[ReportManager] Successfully created attachment [Screenshot - 1619921278228_simpleSelect_AssertElementAttribute_passed] @02-05-2021 02:07:58.0315 AM
[ReportManager] Successfully created attachment [Selenium WebDriver Logs - server] @02-05-2021 02:07:58.0365 AM
[ReportManager] Successfully created attachment [Selenium WebDriver Logs - performance] @02-05-2021 02:07:58.0377 AM
[ReportManager] Successfully created attachment [Selenium WebDriver Logs - driver] @02-05-2021 02:07:58.0481 AM
[ReportManager] Browser Action [closeCurrentWindow] successfully performed. @02-05-2021 02:07:58.0500 AM
[ReportManager] Successfully created attachment [Browser Action Test Data - closeCurrentWindow - Actual Value] @02-05-2021 02:07:58.0500 A
[ReportManager] File Action [getAbsolutePath] successfully performed. With the following test data [Relative Folder Path: "target/downloadedFiles/"]. @02-05-2021 02:07:58.0511 AM
[ReportManager] Attempting to run remotely on: [Linux-64], [GoogleChrome], [http://localhost:4444/wd/hub], Headless Execution. @02-05-2021 02:07:58.0512 AM
[ReportManager] Successfully Opened [GoogleChrome]. @02-05-2021 02:07:58.0844 A

################################################################################################################################################
Starting Execution:	[6 out of 137] test cases in the current suite
Test Method:		[testPackage01.Test_IsElementClickable.testIsElementClickable]
################################################################################################################################################
[ReportManager] Target URL: [https://the-internet.herokuapp.com/] @02-05-2021 02:07:58.0874 AM
[ReportManager] Initial URL: [data:,] @02-05-2021 02:07:58.0933 AM
[ReportManager] Browser Action [navigateToURL] successfully performed. With the following test data [https://the-internet.herokuapp.com/]. @02-05-2021 02:07:59.0384 AM
[ReportManager] Element Action [isElementClickable] successfully performed. @02-05-2021 02:07:59.0631 AM
[ReportManager] AssertTrue PASSED; Expected [TRUE] and Actual [TRUE]. Validation Type [POSITIVE]. @02-05-2021 02:07:59.0632 A
[ReportManager] Successfully created attachment [Selenium WebDriver Logs - server] @02-05-2021 02:07:59.0732 AM
[ReportManager] Successfully created attachment [Selenium WebDriver Logs - performance] @02-05-2021 02:07:59.0757 AM
[ReportManager] Successfully created attachment [Selenium WebDriver Logs - browser] @02-05-2021 02:07:59.0766 AM
[ReportManager] Successfully created attachment [Selenium WebDriver Logs - driver] @02-05-2021 02:07:59.0832 AM
[ReportManager] Browser Action [closeCurrentWindow] successfully performed. @02-05-2021 02:07:59.0892 AM
[ReportManager] Successfully created attachment [Browser Action Test Data - closeCurrentWindow - Actual Value] @02-05-2021 02:07:59.0895 A
[ReportManager] File Action [getAbsolutePath] successfully performed. With the following test data [Relative Folder Path: "target/downloadedFiles/"]. @02-05-2021 02:07:59.0898 AM
[ReportManager] Attempting to run remotely on: [Linux-64], [GoogleChrome], [http://localhost:4444/wd/hub], Headless Execution. @02-05-2021 02:07:59.0899 AM
[ReportManager] Successfully Opened [GoogleChrome]. @02-05-2021 02:08:00.0191 A

################################################################################################################################################
Starting Execution:	[7 out of 137] test cases in the current suite
Test Method:		[testPackage01.Test_dragAndDrop.dragAndDrop]
Test Description:	[TC001 - Test Drag and Drop function.]
################################################################################################################################################
[ReportManager] Target URL: [http://the-internet.herokuapp.com/drag_and_drop] @02-05-2021 02:08:00.0227 AM
[ReportManager] Initial URL: [data:,] @02-05-2021 02:08:00.0325 AM
[ReportManager] Browser Action [navigateToURL] successfully performed. With the following test data [http://the-internet.herokuapp.com/drag_and_drop]. @02-05-2021 02:08:00.0767 AM
[ReportManager] Attempting Drag and Drop @02-05-2021 02:08:00.0767 AM
[ReportManager] Element Action [dragAndDrop] successfully performed. With the following test data [Start point: (32, 89), End point: (247, 89)]. @02-05-2021 02:08:02.0019 A
[ReportManager] Successfully created attachment [Selenium WebDriver Logs - server] @02-05-2021 02:08:02.0125 AM
[ReportManager] Successfully created attachment [Selenium WebDriver Logs - performance] @02-05-2021 02:08:02.0146 AM
[ReportManager] Successfully created attachment [Selenium WebDriver Logs - browser] @02-05-2021 02:08:02.0158 AM
[ReportManager] Successfully created attachment [Selenium WebDriver Logs - driver] @02-05-2021 02:08:02.0227 AM
[ReportManager] Browser Action [closeCurrentWindow] successfully performed. @02-05-2021 02:08:02.0287 AM
[ReportManager] Successfully created attachment [Browser Action Test Data - closeCurrentWindow - Actual Value] @02-05-2021 02:08:02.0288 A
[ReportManager] File Action [getAbsolutePath] successfully performed. With the following test data [Relative Folder Path: "target/downloadedFiles/"]. @02-05-2021 02:08:02.0290 AM
[ReportManager] Attempting to run remotely on: [Linux-64], [GoogleChrome], [http://localhost:4444/wd/hub], Headless Execution. @02-05-2021 02:08:02.0299 AM
[ReportManager] Successfully Opened [GoogleChrome]. @02-05-2021 02:08:02.0663 A

################################################################################################################################################
Starting Execution:	[8 out of 137] test cases in the current suite
Test Method:		[testPackage01.Test_dragAndDrop.dragAndDropByOffset]
Test Description:	[TC002 - Test Drag and Drop by offset function.]
################################################################################################################################################
[ReportManager] Target URL: [https://jqueryui.com/resources/demos/draggable/default.html] @02-05-2021 02:08:02.0688 AM
[ReportManager] Initial URL: [data:,] @02-05-2021 02:08:02.0782 AM
[ReportManager] Browser Action [navigateToURL] successfully performed. With the following test data [https://jqueryui.com/resources/demos/draggable/default.html]. @02-05-2021 02:08:03.0275 AM
[ReportManager] Element Action [dragAndDropByOffset] successfully performed. With the following test data [Start point: (8, 8), End point: (1008, 108)]. @02-05-2021 02:08:03.0518 A
[ReportManager] Successfully created attachment [Selenium WebDriver Logs - server] @02-05-2021 02:08:03.0581 AM
[ReportManager] Successfully created attachment [Selenium WebDriver Logs - performance] @02-05-2021 02:08:03.0597 AM
[ReportManager] Successfully created attachment [Selenium WebDriver Logs - driver] @02-05-2021 02:08:03.0669 AM
[ReportManager] Browser Action [closeCurrentWindow] successfully performed. @02-05-2021 02:08:03.0736 AM
[ReportManager] Successfully created attachment [Browser Action Test Data - closeCurrentWindow - Actual Value] @02-05-2021 02:08:03.0736 A
[ReportManager] File Action [getAbsolutePath] successfully performed. With the following test data [Relative Folder Path: "target/downloadedFiles/"]. @02-05-2021 02:08:03.0740 AM
[ReportManager] Attempting to run remotely on: [Linux-64], [GoogleChrome], [http://localhost:4444/wd/hub], Headless Execution. @02-05-2021 02:08:03.0740 AM
[ReportManager] Successfully Opened [GoogleChrome]. @02-05-2021 02:08:04.0040 A

################################################################################################################################################
Starting Execution:	[9 out of 137] test cases in the current suite
Test Method:		[testPackage01.Test_dragAndDrop.dragAndDropJquery]
################################################################################################################################################
[ReportManager] Target URL: [https://jqueryui.com/resources/demos/droppable/default.html] @02-05-2021 02:08:04.0073 AM
[ReportManager] Initial URL: [data:,] @02-05-2021 02:08:04.0138 AM
[ReportManager] Browser Action [navigateToURL] successfully performed. With the following test data [https://jqueryui.com/resources/demos/droppable/default.html]. @02-05-2021 02:08:04.0556 AM
[ReportManager] Element Action [getText] successfully performed. With the following test data [Drop here]. @02-05-2021 02:08:04.0677 AM
[ReportManager] Element Action [dragAndDrop] successfully performed. With the following test data [Start point: (8, 18), End point: (8, 18)]. @02-05-2021 02:08:06.0131 AM
[ReportManager] Element Action [getText] successfully performed. With the following test data [Dropped!]. @02-05-2021 02:08:06.0242 AM
[ReportManager] Checking to see if the text has changed after performing drag and drop... @02-05-2021 02:08:06.0242 AM
[ReportManager] AssertEquals PASSED; Expected [Drop here] and Actual [Dropped!]. Comparison Type [EQUALS]. Validation Type [NEGATIVE]. @02-05-2021 02:08:06.0243 A
[ReportManager] Successfully created attachment [Selenium WebDriver Logs - server] @02-05-2021 02:08:06.0320 AM
[ReportManager] Successfully created attachment [Selenium WebDriver Logs - performance] @02-05-2021 02:08:06.0336 AM
[ReportManager] Successfully created attachment [Selenium WebDriver Logs - driver] @02-05-2021 02:08:06.0422 AM
[ReportManager] Browser Action [closeCurrentWindow] successfully performed. @02-05-2021 02:08:06.0482 AM
[ReportManager] Successfully created attachment [Browser Action Test Data - closeCurrentWindow - Actual Value] @02-05-2021 02:08:06.0483 A

################################################################################################################################################
Starting Execution:	[10 out of 137] test cases in the current suite
Test Method:		[testPackage01.Test_SkipDueToIssue.doNotSkip]
################################################################################################################################################
[ReportManager] This should not be skipped. @02-05-2021 02:08:06.0500 A

################################################################################################################################################
Starting Execution:	[11 out of 137] test cases in the current suite
Test Method:		[testPackage01.Test_SkipDueToIssue.skip]
################################################################################################################################################
[ReportManager] This should be skipped. @02-05-2021 02:08:06.0527 A

################################################################################################################################################
Starting Execution:	[12 out of 137] test cases in the current suite
Test Method:		[testPackage01.Test_SkipDueToIssue.skip2]
################################################################################################################################################
[ReportManager] This should be skipped. @02-05-2021 02:08:06.0541 A

################################################################################################################################################
Starting Execution:	[13 out of 137] test cases in the current suite
Test Method:		[testPackage01.Test_chainableElementActions.chainElementActions]
################################################################################################################################################
[ReportManager] File Action [getAbsolutePath] successfully performed. With the following test data [Relative Folder Path: "target/downloadedFiles/"]. @02-05-2021 02:08:06.0552 AM
[ReportManager] Attempting to run remotely on: [Linux-64], [GoogleChrome], [http://localhost:4444/wd/hub], Headless Execution. @02-05-2021 02:08:06.0553 AM
[ReportManager] Successfully Opened [GoogleChrome]. @02-05-2021 02:08:06.0840 AM
[ReportManager] Target URL: [https://www.google.com/ncr], and after redirection: [https://www.google.com] @02-05-2021 02:08:06.0862 AM
[ReportManager] Initial URL: [data:,] @02-05-2021 02:08:06.0913 AM
[ReportManager] Browser Action [navigateToURL] successfully performed. With the following test data [https://www.google.com/ncr]. @02-05-2021 02:08:07.0919 AM
[ReportManager] Element Action [type] successfully performed. With the following test data [chained type 1]. @02-05-2021 02:08:08.0693 AM
[ReportManager] Element Action [type] successfully performed. With the following test data [chained type 2]. @02-05-2021 02:08:09.0444 AM
[ReportManager] Element Action [typeAppend] successfully performed. With the following test data [345]. @02-05-2021 02:08:09.0637 AM
[ReportManager] Element Action [getText] successfully performed. With the following test data [chained type 2345]. @02-05-2021 02:08:09.0789 AM
[ReportManager] Loaded Shared OpenCV @02-05-2021 02:08:10.0008 AM
[ReportManager] AssertElementAttribute PASSED; Expected [Value Should be 'chained type 2345' for the 'text' attribute, element locator 'By.name: q'] and Actual [chained type 2345]. Comparison Type [EQUALS]. Validation Type [POSITIVE]. @02-05-2021 02:08:10.0095 AM
[ReportManager] Successfully created attachment [Screenshot - 1619921290008_chainElementActions_AssertElementAttribute_passed] @02-05-2021 02:08:10.0097 AM
[ReportManager] Successfully created attachment [Selenium WebDriver Logs - server] @02-05-2021 02:08:10.0202 AM
[ReportManager] Successfully created attachment [Selenium WebDriver Logs - performance] @02-05-2021 02:08:10.0407 AM
[ReportManager] Successfully created attachment [Selenium WebDriver Logs - driver] @02-05-2021 02:08:10.0620 AM
[ReportManager] Browser Action [closeCurrentWindow] successfully performed. @02-05-2021 02:08:10.0683 AM
[ReportManager] Successfully created attachment [Browser Action Test Data - closeCurrentWindow - Actual Value] @02-05-2021 02:08:10.0691 A
[ReportManager] File Action [getAbsolutePath] successfully performed. With the following test data [Relative Folder Path: "target/downloadedFiles/"]. @02-05-2021 02:08:10.0705 AM
[ReportManager] Attempting to run remotely on: [Linux-64], [GoogleChrome], [http://localhost:4444/wd/hub], Headless Execution. @02-05-2021 02:08:10.0705 AM
[ReportManager] Successfully Opened [GoogleChrome]. @02-05-2021 02:08:11.0012 A

################################################################################################################################################
Starting Execution:	[14 out of 137] test cases in the current suite
Test Method:		[testPackage01.Test_clipboardActions.typeTextAndCopyPaste]
################################################################################################################################################
[ReportManager] Target URL: [https://www.google.com/ncr], and after redirection: [https://www.google.com] @02-05-2021 02:08:11.0032 AM
[ReportManager] Initial URL: [data:,] @02-05-2021 02:08:11.0103 AM
[ReportManager] Browser Action [navigateToURL] successfully performed. With the following test data [https://www.google.com/ncr]. @02-05-2021 02:08:12.0106 AM
[ReportManager] Element Action [type] successfully performed. With the following test data [FIRST]. @02-05-2021 02:08:12.0731 AM
[ReportManager] Element Action [clipboardActions] successfully performed. With the following test data [select all]. @02-05-2021 02:08:12.0839 AM
[ReportManager] Element Action [clipboardActions] successfully performed. With the following test data [copy]. @02-05-2021 02:08:12.0930 AM
[ReportManager] Element Action [clipboardActions] successfully performed. With the following test data [unselect]. @02-05-2021 02:08:13.0027 AM
[ReportManager] Element Action [clipboardActions] successfully performed. With the following test data [paste]. @02-05-2021 02:08:13.0139 AM
[ReportManager] Element Action [clipboardActions] successfully performed. With the following test data [select all]. @02-05-2021 02:08:13.0248 AM
[ReportManager] Element Action [clipboardActions] successfully performed. With the following test data [cut]. @02-05-2021 02:08:13.0391 AM
[ReportManager] Element Action [clipboardActions] successfully performed. With the following test data [paste]. @02-05-2021 02:08:13.0504 AM
[ReportManager] Element Action [clipboardActions] successfully performed. With the following test data [paste]. @02-05-2021 02:08:13.0618 A
[ReportManager] Successfully created attachment [Selenium WebDriver Logs - server] @02-05-2021 02:08:13.0750 AM
[ReportManager] Successfully created attachment [Selenium WebDriver Logs - performance] @02-05-2021 02:08:13.0841 AM
[ReportManager] Successfully created attachment [Selenium WebDriver Logs - driver] @02-05-2021 02:08:14.0097 AM
[ReportManager] Browser Action [closeCurrentWindow] successfully performed. @02-05-2021 02:08:14.0163 AM
[ReportManager] Successfully created attachment [Browser Action Test Data - closeCurrentWindow - Actual Value] @02-05-2021 02:08:14.0171 A
[ReportManager] File Action [getAbsolutePath] successfully performed. With the following test data [Relative Folder Path: "target/downloadedFiles/"]. @02-05-2021 02:08:14.0173 AM
[ReportManager] Attempting to run remotely on: [Linux-64], [GoogleChrome], [http://localhost:4444/wd/hub], Headless Execution. @02-05-2021 02:08:14.0173 AM
[ReportManager] Successfully Opened [GoogleChrome]. @02-05-2021 02:08:14.0504 A

################################################################################################################################################
Starting Execution:	[15 out of 137] test cases in the current suite
Test Method:		[testPackage01.Test_verifyEquals.test_assertElementAttribute]
################################################################################################################################################
[ReportManager] Target URL: [https://www.google.com/ncr], and after redirection: [https://www.google.com] @02-05-2021 02:08:14.0526 AM
[ReportManager] Initial URL: [data:,] @02-05-2021 02:08:14.0594 AM
[ReportManager] Browser Action [navigateToURL] successfully performed. With the following test data [https://www.google.com/ncr]. @02-05-2021 02:08:15.0557 AM
[ReportManager] Element Action [type] successfully performed. With the following test data [INC_004010050:Another SCHEDULER with the same name [Duplicate Job Name] already exists.]. @02-05-2021 02:08:18.0888 AM
[ReportManager] Element Action [getText] successfully performed. With the following test data [INC_004010050:Another SCHEDULER with the same name [Duplicate Job Name] already exists.]. @02-05-2021 02:08:19.0059 AM
[ReportManager] Loaded Shared OpenCV @02-05-2021 02:08:19.0293 AM
[ReportManager] VerifyElementAttribute PASSED; Expected [Value Should be 'INC_004010050:Another SCHEDULER with the same name \[Duplicate Job Name\] already exists.' for the 'text' attribute, element locator 'By.name: q'] and Actual [INC_004010050:Another SCHEDULER with the same name [Duplicate Job Name] already exists.]. Comparison Type [MATCHES]. Validation Type [POSITIVE]. @02-05-2021 02:08:19.0381 AM
[ReportManager] Successfully created attachment [Screenshot - 1619921299293_test_assertElementAttribute_VerifyElementAttribute_passed] @02-05-2021 02:08:19.0383 A
[ReportManager] Successfully created attachment [Selenium WebDriver Logs - server] @02-05-2021 02:08:19.0496 AM
[ReportManager] Successfully created attachment [Selenium WebDriver Logs - performance] @02-05-2021 02:08:19.0966 AM
[ReportManager] Successfully created attachment [Selenium WebDriver Logs - driver] @02-05-2021 02:08:20.0459 AM
[ReportManager] Browser Action [closeCurrentWindow] successfully performed. @02-05-2021 02:08:20.0517 AM
[ReportManager] Successfully created attachment [Browser Action Test Data - closeCurrentWindow - Actual Value] @02-05-2021 02:08:20.0518 A

################################################################################################################################################
Starting Execution:	[16 out of 137] test cases in the current suite
Test Method:		[testPackage01.Test_JSONFileManager.readStringFromJson]
################################################################################################################################################
[ReportManager] Successfully loaded the following test data file [src/test/resources/TestDataFiles/simpleJSON.json]. @02-05-2021 02:08:20.0536 AM
[ReportManager] Successfully created attachment [Test Data - JSON] @02-05-2021 02:08:20.0808 AM
[ReportManager] AssertEquals PASSED; Expected [Mohab Mohie] and Actual [Mohab Mohie]. Comparison Type [EQUALS]. Validation Type [POSITIVE]. @02-05-2021 02:08:22.0881 A
[ReportManager] File Action [getAbsolutePath] successfully performed. With the following test data [Relative Folder Path: "target/downloadedFiles/"]. @02-05-2021 02:08:22.0893 AM
[ReportManager] Attempting to run remotely on: [Linux-64], [GoogleChrome], [http://localhost:4444/wd/hub], Headless Execution. @02-05-2021 02:08:22.0893 AM
[ReportManager] Successfully Opened [GoogleChrome]. @02-05-2021 02:08:23.0418 A

################################################################################################################################################
Starting Execution:	[17 out of 137] test cases in the current suite
Test Method:		[testPackage01.Test_uploadFile.uploadFile_invisibleUploadInput]
################################################################################################################################################
[ReportManager] Target URL: [https://fineuploader.com/demos.html#gallery-view] @02-05-2021 02:08:23.0451 AM
[ReportManager] Initial URL: [data:,] @02-05-2021 02:08:23.0522 AM
[ReportManager] Browser Action [navigateToURL] successfully performed. With the following test data [https://fineuploader.com/demos.html#gallery-view]. @02-05-2021 02:08:25.0812 AM
[ReportManager] File Action [getAbsolutePath] successfully performed. With the following test data [Relative File Path: "src/main/resources/images/shaft.png"]. @02-05-2021 02:08:25.0813 AM
[ReportManager] Successfully created attachment [File Action Actual Result - Command Log] @02-05-2021 02:08:25.0813 AM
[ReportManager] Element Action [typeFileLocationForUpload] successfully performed. With the following test data [/home/runner/work/SHAFT_ENGINE/SHAFT_ENGINE/src/main/resources/images/shaft.png]. @02-05-2021 02:08:26.0063 AM
[ReportManager] Attempting to getAttribute [src] from elementLocator [By.xpath: //div[@id='fine-uploader-gallery']//div[@class='qq-thumbnail-wrapper']/img]. @02-05-2021 02:08:26.0064 AM
[ReportManager] Element Action [getAttribute] successfully performed. @02-05-2021 02:08:26.0195 AM
[ReportManager] Successfully created attachment [Element Action Test Data - getAttribute - Actual Value] @02-05-2021 02:08:26.0198 AM
[ReportManager] Loaded Shared OpenCV @02-05-2021 02:08:26.0426 AM
[ReportManager] AssertElementAttribute PASSED; Expected and Actual values are attached. Comparison Type [CONTAINS]. Validation Type [POSITIVE]. @02-05-2021 02:08:26.0524 AM
[ReportManager] Successfully created attachment [Validation Test Data - Expected Value] @02-05-2021 02:08:26.0524 AM
[ReportManager] Successfully created attachment [Validation Test Data - Actual Value] @02-05-2021 02:08:26.0524 AM
[ReportManager] Successfully created attachment [Screenshot - 1619921306418_uploadFile_invisibleUploadInput_AssertElementAttribute_passed] @02-05-2021 02:08:26.0526 A
[ReportManager] Successfully created attachment [Selenium WebDriver Logs - server] @02-05-2021 02:08:26.0640 AM
[ReportManager] Successfully created attachment [Selenium WebDriver Logs - performance] @02-05-2021 02:08:26.0754 AM
[ReportManager] Successfully created attachment [Selenium WebDriver Logs - browser] @02-05-2021 02:08:26.0769 AM
[ReportManager] Successfully created attachment [Selenium WebDriver Logs - driver] @02-05-2021 02:08:26.0935 AM
[ReportManager] Browser Action [closeCurrentWindow] successfully performed. @02-05-2021 02:08:26.0993 AM
[ReportManager] Successfully created attachment [Browser Action Test Data - closeCurrentWindow - Actual Value] @02-05-2021 02:08:26.0994 A
[ReportManager] File Action [getAbsolutePath] successfully performed. With the following test data [Relative Folder Path: "target/downloadedFiles/"]. @02-05-2021 02:08:27.0001 AM
[ReportManager] Attempting to run remotely on: [Linux-64], [GoogleChrome], [http://localhost:4444/wd/hub], Headless Execution. @02-05-2021 02:08:27.0002 AM
[ReportManager] Successfully Opened [GoogleChrome]. @02-05-2021 02:08:27.0311 A

################################################################################################################################################
Starting Execution:	[18 out of 137] test cases in the current suite
Test Method:		[testPackage01.Test_uploadFile.uploadFile_visibleUploadInput]
################################################################################################################################################
[ReportManager] Target URL: [http://demo.guru99.com/test/upload/] @02-05-2021 02:08:27.0332 AM
[ReportManager] Initial URL: [data:,] @02-05-2021 02:08:27.0402 AM
[ReportManager] Browser Action [navigateToURL] successfully performed. With the following test data [http://demo.guru99.com/test/upload/]. @02-05-2021 02:08:28.0295 AM
[ReportManager] File Action [getAbsolutePath] successfully performed. With the following test data [Relative File Path: "src/main/resources/images/shaft.png"]. @02-05-2021 02:08:28.0296 AM
[ReportManager] Successfully created attachment [File Action Actual Result - Command Log] @02-05-2021 02:08:28.0296 AM
[ReportManager] Element Action [typeFileLocationForUpload] successfully performed. With the following test data [/home/runner/work/SHAFT_ENGINE/SHAFT_ENGINE/src/main/resources/images/shaft.png]. @02-05-2021 02:08:28.0508 AM
[ReportManager] Element Action [click] successfully performed. With the following test data [on]. @02-05-2021 02:08:28.0945 AM
[ReportManager] Element Action [click] successfully performed. With the following test data [Submit File]. @02-05-2021 02:08:29.0365 AM
[ReportManager] Element Action [getText] successfully performed. With the following test data [1 file
has been successfully uploaded.]. @02-05-2021 02:08:29.0492 AM
[ReportManager] Loaded Shared OpenCV @02-05-2021 02:08:29.0699 AM
[ReportManager] AssertElementAttribute PASSED; Expected [Value Should be '1 file' for the 'Text' attribute, element locator 'By.id: res'] and Actual [1 file
has been successfully uploaded.]. Comparison Type [CONTAINS]. Validation Type [POSITIVE]. @02-05-2021 02:08:29.0789 AM
[ReportManager] Successfully created attachment [Screenshot - 1619921309699_uploadFile_visibleUploadInput_AssertElementAttribute_passed] @02-05-2021 02:08:29.0790 A
[ReportManager] Successfully created attachment [Selenium WebDriver Logs - server] @02-05-2021 02:08:29.0878 AM
[ReportManager] Successfully created attachment [Selenium WebDriver Logs - performance] @02-05-2021 02:08:29.0936 AM
[ReportManager] Successfully created attachment [Selenium WebDriver Logs - browser] @02-05-2021 02:08:29.0946 AM
[ReportManager] Successfully created attachment [Selenium WebDriver Logs - driver] @02-05-2021 02:08:30.0135 AM
[ReportManager] Browser Action [closeCurrentWindow] successfully performed. @02-05-2021 02:08:30.0202 AM
[ReportManager] Successfully created attachment [Browser Action Test Data - closeCurrentWindow - Actual Value] @02-05-2021 02:08:30.0203 A
[ReportManager] File Action [getAbsolutePath] successfully performed. With the following test data [Relative Folder Path: "target/downloadedFiles/"]. @02-05-2021 02:08:30.0211 AM
[ReportManager] Attempting to run remotely on: [Linux-64], [GoogleChrome], [http://localhost:4444/wd/hub], Headless Execution. @02-05-2021 02:08:30.0211 AM
[ReportManager] Successfully Opened [GoogleChrome]. @02-05-2021 02:08:30.0507 A

################################################################################################################################################
Starting Execution:	[19 out of 137] test cases in the current suite
Test Method:		[testPackage01.Test_ShadowDOM.shadowdom]
################################################################################################################################################
[ReportManager] Target URL: [https://mdn.github.io/web-components-examples/popup-info-box-web-component/] @02-05-2021 02:08:30.0539 AM
[ReportManager] Initial URL: [data:,] @02-05-2021 02:08:30.0593 AM
[ReportManager] Browser Action [navigateToURL] successfully performed. With the following test data [https://mdn.github.io/web-components-examples/popup-info-box-web-component/]. @02-05-2021 02:08:30.0887 AM
[ReportManager] Element Action [type] successfully performed. With the following test data [Typing into SHADOW DOM...]. @02-05-2021 02:08:31.0813 AM
[ReportManager] Element Action [getText] successfully performed. With the following test data [Typing into SHADOW DOM...]. @02-05-2021 02:08:31.0947 AM
[ReportManager] Loaded Shared OpenCV @02-05-2021 02:08:32.0105 AM
[ReportManager] AssertElementAttribute PASSED; Expected [Value Should be 'Typing into SHADOW DOM...' for the 'Text' attribute, element locator 'By.id: cvc'] and Actual [Typing into SHADOW DOM...]. Comparison Type [EQUALS]. Validation Type [POSITIVE]. @02-05-2021 02:08:32.0220 AM
[ReportManager] Successfully created attachment [Screenshot - 1619921312105_shadowdom_AssertElementAttribute_passed] @02-05-2021 02:08:32.0223 A
[ReportManager] Successfully created attachment [Selenium WebDriver Logs - server] @02-05-2021 02:08:32.0302 AM
[ReportManager] Successfully created attachment [Selenium WebDriver Logs - performance] @02-05-2021 02:08:32.0337 AM
[ReportManager] Successfully created attachment [Selenium WebDriver Logs - browser] @02-05-2021 02:08:32.0354 AM
[ReportManager] Successfully created attachment [Selenium WebDriver Logs - driver] @02-05-2021 02:08:32.0443 AM
[ReportManager] Browser Action [closeCurrentWindow] successfully performed. @02-05-2021 02:08:32.0501 AM
[ReportManager] Successfully created attachment [Browser Action Test Data - closeCurrentWindow - Actual Value] @02-05-2021 02:08:32.0501 A

################################################################################################################################################
Starting Execution:	[20 out of 137] test cases in the current suite
Test Method:		[testPackage01.Test_NewValidationHelper.f1]
################################################################################################################################################
[ReportManager] Checking valid user data... @02-05-2021 02:08:32.0511 AM
[ReportManager] AssertEquals PASSED; Expected and Actual values are attached. Comparison Type [EQUALS]. Validation Type [POSITIVE]. @02-05-2021 02:08:32.0512 AM
[ReportManager] Successfully created attachment [Validation Test Data - Expected Value] @02-05-2021 02:08:32.0512 AM
[ReportManager] Successfully created attachment [Validation Test Data - Actual Value] @02-05-2021 02:08:32.0512 A
[ReportManager] File Action [getAbsolutePath] successfully performed. With the following test data [Relative Folder Path: "target/downloadedFiles/"]. @02-05-2021 02:08:32.0516 AM
[ReportManager] Attempting to run remotely on: [Linux-64], [GoogleChrome], [http://localhost:4444/wd/hub], Headless Execution. @02-05-2021 02:08:32.0516 AM
[ReportManager] Successfully Opened [GoogleChrome]. @02-05-2021 02:08:32.0806 AM
[ReportManager] Target URL: [https://the-internet.herokuapp.com/] @02-05-2021 02:08:32.0836 AM
[ReportManager] Initial URL: [data:,] @02-05-2021 02:08:32.0902 AM
[ReportManager] Browser Action [navigateToURL] successfully performed. With the following test data [https://the-internet.herokuapp.com/]. @02-05-2021 02:08:33.0366 A

################################################################################################################################################
Starting Execution:	[21 out of 137] test cases in the current suite
Test Method:		[testPackage01.Test_NewValidationHelper.f10]
################################################################################################################################################
[ReportManager] AssertElementExists FAILED; Expected [Element Should Exist, locator 'By.tagName: div'] and Actual [Element Exists but is not unique]. Comparison Type [EQUALS]. Validation Type [POSITIVE]. @02-05-2021 02:08:33.0701 AM
[ReportManager] Successfully created attachment [Screenshot - 1619921313607_f10_AssertElementExists_failed] @02-05-2021 02:08:33.0702 A
[ReportManager] Successfully created attachment [Selenium WebDriver Logs - server] @02-05-2021 02:08:33.0725 AM
[ReportManager] Successfully created attachment [Selenium WebDriver Logs - performance] @02-05-2021 02:08:33.0748 AM
[ReportManager] Successfully created attachment [Selenium WebDriver Logs - browser] @02-05-2021 02:08:33.0758 AM
[ReportManager] Successfully created attachment [Selenium WebDriver Logs - driver] @02-05-2021 02:08:33.0816 AM
[ReportManager] Successfully Closed All Drivers. @02-05-2021 02:08:33.0901 A
[ReportManager] File Action [getAbsolutePath] successfully performed. With the following test data [Relative Folder Path: "target/downloadedFiles/"]. @02-05-2021 02:08:33.0904 AM
[ReportManager] Attempting to run remotely on: [Linux-64], [GoogleChrome], [http://localhost:4444/wd/hub], Headless Execution. @02-05-2021 02:08:33.0904 AM
[ReportManager] Successfully Opened [GoogleChrome]. @02-05-2021 02:08:34.0178 AM
[ReportManager] Target URL: [https://the-internet.herokuapp.com/] @02-05-2021 02:08:34.0190 AM
[ReportManager] Initial URL: [data:,] @02-05-2021 02:08:34.0234 AM
[ReportManager] Browser Action [navigateToURL] successfully performed. With the following test data [https://the-internet.herokuapp.com/]. @02-05-2021 02:08:34.0707 A

################################################################################################################################################
Starting Execution:	[22 out of 137] test cases in the current suite
Test Method:		[testPackage01.Test_NewValidationHelper.f11]
################################################################################################################################################
[ReportManager] Checking that false tag doesn't exist... @02-05-2021 02:08:34.0727 AM
[ReportManager] AssertElementExists PASSED; Expected [Element Should not Exist, locator 'By.tagName: h3'] and Actual [Element Doesn't Exists]. Comparison Type [EQUALS]. Validation Type [NEGATIVE]. @02-05-2021 02:08:45.0178 AM
[ReportManager] Successfully created attachment [Screenshot - 1619921325103_f11_AssertElementExists_passed] @02-05-2021 02:08:45.0179 A
[ReportManager] Successfully created attachment [Selenium WebDriver Logs - server] @02-05-2021 02:08:45.0196 AM
[ReportManager] Successfully created attachment [Selenium WebDriver Logs - performance] @02-05-2021 02:08:45.0219 AM
[ReportManager] Successfully created attachment [Selenium WebDriver Logs - browser] @02-05-2021 02:08:45.0227 AM
[ReportManager] Successfully created attachment [Selenium WebDriver Logs - driver] @02-05-2021 02:08:45.0307 AM
[ReportManager] Successfully Closed All Drivers. @02-05-2021 02:08:45.0381 A
[ReportManager] File Action [getAbsolutePath] successfully performed. With the following test data [Relative Folder Path: "target/downloadedFiles/"]. @02-05-2021 02:08:45.0383 AM
[ReportManager] Attempting to run remotely on: [Linux-64], [GoogleChrome], [http://localhost:4444/wd/hub], Headless Execution. @02-05-2021 02:08:45.0383 AM
[ReportManager] Successfully Opened [GoogleChrome]. @02-05-2021 02:08:45.0667 AM
[ReportManager] Target URL: [https://the-internet.herokuapp.com/] @02-05-2021 02:08:45.0684 AM
[ReportManager] Initial URL: [data:,] @02-05-2021 02:08:45.0737 AM
[ReportManager] Browser Action [navigateToURL] successfully performed. With the following test data [https://the-internet.herokuapp.com/]. @02-05-2021 02:08:46.0178 A

################################################################################################################################################
Starting Execution:	[23 out of 137] test cases in the current suite
Test Method:		[testPackage01.Test_NewValidationHelper.f12]
################################################################################################################################################
[ReportManager] Loaded Shared OpenCV @02-05-2021 02:08:46.0470 AM
[ReportManager] AssertElementExists FAILED; Expected [Element Should not Exist, locator 'By.tagName: h1'] and Actual [Element Exists]. Comparison Type [EQUALS]. Validation Type [NEGATIVE]. @02-05-2021 02:08:46.0561 AM
[ReportManager] Successfully created attachment [Screenshot - 1619921326470_f12_AssertElementExists_failed] @02-05-2021 02:08:46.0563 A
[ReportManager] Successfully created attachment [Selenium WebDriver Logs - server] @02-05-2021 02:08:46.0580 AM
[ReportManager] Successfully created attachment [Selenium WebDriver Logs - performance] @02-05-2021 02:08:46.0599 AM
[ReportManager] Successfully created attachment [Selenium WebDriver Logs - browser] @02-05-2021 02:08:46.0606 AM
[ReportManager] Successfully created attachment [Selenium WebDriver Logs - driver] @02-05-2021 02:08:46.0663 AM
[ReportManager] Successfully Closed All Drivers. @02-05-2021 02:08:46.0743 A
[ReportManager] File Action [getAbsolutePath] successfully performed. With the following test data [Relative Folder Path: "target/downloadedFiles/"]. @02-05-2021 02:08:46.0746 AM
[ReportManager] Attempting to run remotely on: [Linux-64], [GoogleChrome], [http://localhost:4444/wd/hub], Headless Execution. @02-05-2021 02:08:46.0746 AM
[ReportManager] Successfully Opened [GoogleChrome]. @02-05-2021 02:08:47.0080 AM
[ReportManager] Target URL: [https://the-internet.herokuapp.com/] @02-05-2021 02:08:47.0092 AM
[ReportManager] Initial URL: [data:,] @02-05-2021 02:08:47.0141 AM
[ReportManager] Browser Action [navigateToURL] successfully performed. With the following test data [https://the-internet.herokuapp.com/]. @02-05-2021 02:08:47.0576 A

################################################################################################################################################
Starting Execution:	[24 out of 137] test cases in the current suite
Test Method:		[testPackage01.Test_NewValidationHelper.f13]
################################################################################################################################################
[ReportManager] AssertElementExists FAILED; Expected [Element Should not Exist, locator 'By.tagName: div'] and Actual [Element Exists but is not unique]. Comparison Type [EQUALS]. Validation Type [NEGATIVE]. @02-05-2021 02:08:47.0903 AM
[ReportManager] Successfully created attachment [Screenshot - 1619921327820_f13_AssertElementExists_failed] @02-05-2021 02:08:47.0903 A
[ReportManager] Successfully created attachment [Selenium WebDriver Logs - server] @02-05-2021 02:08:47.0917 AM
[ReportManager] Successfully created attachment [Selenium WebDriver Logs - performance] @02-05-2021 02:08:47.0939 AM
[ReportManager] Successfully created attachment [Selenium WebDriver Logs - browser] @02-05-2021 02:08:47.0948 AM
[ReportManager] Successfully created attachment [Selenium WebDriver Logs - driver] @02-05-2021 02:08:48.0009 AM
[ReportManager] Successfully Closed All Drivers. @02-05-2021 02:08:48.0095 A
[ReportManager] File Action [getAbsolutePath] successfully performed. With the following test data [Relative Folder Path: "target/downloadedFiles/"]. @02-05-2021 02:08:48.0099 AM
[ReportManager] Attempting to run remotely on: [Linux-64], [GoogleChrome], [http://localhost:4444/wd/hub], Headless Execution. @02-05-2021 02:08:48.0099 AM
[ReportManager] Successfully Opened [GoogleChrome]. @02-05-2021 02:08:48.0437 AM
[ReportManager] Target URL: [https://the-internet.herokuapp.com/] @02-05-2021 02:08:48.0462 AM
[ReportManager] Initial URL: [data:,] @02-05-2021 02:08:48.0511 AM
[ReportManager] Browser Action [navigateToURL] successfully performed. With the following test data [https://the-internet.herokuapp.com/]. @02-05-2021 02:08:48.0913 A

################################################################################################################################################
Starting Execution:	[25 out of 137] test cases in the current suite
Test Method:		[testPackage01.Test_NewValidationHelper.f14]
################################################################################################################################################
[ReportManager] Asserting that the header text is correct... @02-05-2021 02:08:48.0916 AM
[ReportManager] Element Action [getText] successfully performed. With the following test data [Welcome to the-internet]. @02-05-2021 02:08:49.0021 AM
[ReportManager] Loaded Shared OpenCV @02-05-2021 02:08:49.0219 AM
[ReportManager] AssertElementAttribute PASSED; Expected [Value Should be 'Welcome to the-internet' for the 'text' attribute, element locator 'By.tagName: h1'] and Actual [Welcome to the-internet]. Comparison Type [EQUALS]. Validation Type [POSITIVE]. @02-05-2021 02:08:49.0307 AM
[ReportManager] Successfully created attachment [Screenshot - 1619921329219_f14_AssertElementAttribute_passed] @02-05-2021 02:08:49.0309 A
[ReportManager] Successfully created attachment [Selenium WebDriver Logs - server] @02-05-2021 02:08:49.0327 AM
[ReportManager] Successfully created attachment [Selenium WebDriver Logs - performance] @02-05-2021 02:08:49.0347 AM
[ReportManager] Successfully created attachment [Selenium WebDriver Logs - browser] @02-05-2021 02:08:49.0354 AM
[ReportManager] Successfully created attachment [Selenium WebDriver Logs - driver] @02-05-2021 02:08:49.0414 AM
[ReportManager] Successfully Closed All Drivers. @02-05-2021 02:08:49.0502 A
[ReportManager] File Action [getAbsolutePath] successfully performed. With the following test data [Relative Folder Path: "target/downloadedFiles/"]. @02-05-2021 02:08:49.0505 AM
[ReportManager] Attempting to run remotely on: [Linux-64], [GoogleChrome], [http://localhost:4444/wd/hub], Headless Execution. @02-05-2021 02:08:49.0505 AM
[ReportManager] Successfully Opened [GoogleChrome]. @02-05-2021 02:08:49.0756 AM
[ReportManager] Target URL: [https://the-internet.herokuapp.com/] @02-05-2021 02:08:49.0767 AM
[ReportManager] Initial URL: [data:,] @02-05-2021 02:08:49.0812 AM
[ReportManager] Browser Action [navigateToURL] successfully performed. With the following test data [https://the-internet.herokuapp.com/]. @02-05-2021 02:08:50.0255 A

################################################################################################################################################
Starting Execution:	[26 out of 137] test cases in the current suite
Test Method:		[testPackage01.Test_NewValidationHelper.f15]
################################################################################################################################################
[ReportManager] Element Action [getText] successfully performed. With the following test data [Welcome to the-internet]. @02-05-2021 02:08:50.0375 AM
[ReportManager] Loaded Shared OpenCV @02-05-2021 02:08:50.0570 AM
[ReportManager] AssertElementAttribute FAILED; Expected [Value Should not be 'Welcome' for the 'text' attribute, element locator 'By.tagName: h1'] and Actual [Welcome to the-internet]. Comparison Type [CONTAINS]. Validation Type [NEGATIVE]. @02-05-2021 02:08:50.0659 AM
[ReportManager] Successfully created attachment [Screenshot - 1619921330569_f15_AssertElementAttribute_failed] @02-05-2021 02:08:50.0660 A
[ReportManager] Successfully created attachment [Selenium WebDriver Logs - server] @02-05-2021 02:08:50.0674 AM
[ReportManager] Successfully created attachment [Selenium WebDriver Logs - performance] @02-05-2021 02:08:50.0696 AM
[ReportManager] Successfully created attachment [Selenium WebDriver Logs - browser] @02-05-2021 02:08:50.0704 AM
[ReportManager] Successfully created attachment [Selenium WebDriver Logs - driver] @02-05-2021 02:08:50.0762 AM
[ReportManager] Successfully Closed All Drivers. @02-05-2021 02:08:50.0838 A
[ReportManager] File Action [getAbsolutePath] successfully performed. With the following test data [Relative Folder Path: "target/downloadedFiles/"]. @02-05-2021 02:08:50.0841 AM
[ReportManager] Attempting to run remotely on: [Linux-64], [GoogleChrome], [http://localhost:4444/wd/hub], Headless Execution. @02-05-2021 02:08:50.0841 AM
[ReportManager] Successfully Opened [GoogleChrome]. @02-05-2021 02:08:51.0138 AM
[ReportManager] Target URL: [https://the-internet.herokuapp.com/] @02-05-2021 02:08:51.0149 AM
[ReportManager] Initial URL: [data:,] @02-05-2021 02:08:51.0201 AM
[ReportManager] Browser Action [navigateToURL] successfully performed. With the following test data [https://the-internet.herokuapp.com/]. @02-05-2021 02:08:51.0625 A

################################################################################################################################################
Starting Execution:	[27 out of 137] test cases in the current suite
Test Method:		[testPackage01.Test_NewValidationHelper.f16]
################################################################################################################################################
[ReportManager] Element Action [identifyUniqueElement] failed. With the following test data [zero elements found matching this locator "By.tagName: h3".]. @02-05-2021 02:09:17.0217 AM
[ReportManager] Successfully created attachment [Screenshot - 1619921357149_f16_identifyUniqueElement_failed] @02-05-2021 02:09:17.0218 AM
[ReportManager] AssertElementAttribute FAILED; Expected [Value Should not be 'Welcome' for the 'text' attribute, element locator 'By.tagName: h3'] and Actual [Failed to read the desired element attribute]. Comparison Type [CONTAINS]. Validation Type [NEGATIVE]. @02-05-2021 02:09:17.0219 A
[ReportManager] Successfully created attachment [Selenium WebDriver Logs - server] @02-05-2021 02:09:17.0231 AM
[ReportManager] Successfully created attachment [Selenium WebDriver Logs - performance] @02-05-2021 02:09:17.0254 AM
[ReportManager] Successfully created attachment [Selenium WebDriver Logs - browser] @02-05-2021 02:09:17.0264 AM
[ReportManager] Successfully created attachment [Selenium WebDriver Logs - driver] @02-05-2021 02:09:17.0349 AM
[ReportManager] Successfully Closed All Drivers. @02-05-2021 02:09:17.0476 A
[ReportManager] File Action [getAbsolutePath] successfully performed. With the following test data [Relative Folder Path: "target/downloadedFiles/"]. @02-05-2021 02:09:17.0479 AM
[ReportManager] Attempting to run remotely on: [Linux-64], [GoogleChrome], [http://localhost:4444/wd/hub], Headless Execution. @02-05-2021 02:09:17.0479 AM
[ReportManager] Successfully Opened [GoogleChrome]. @02-05-2021 02:09:17.0750 AM
[ReportManager] Target URL: [https://the-internet.herokuapp.com/] @02-05-2021 02:09:17.0766 AM
[ReportManager] Initial URL: [data:,] @02-05-2021 02:09:17.0810 AM
[ReportManager] Browser Action [navigateToURL] successfully performed. With the following test data [https://the-internet.herokuapp.com/]. @02-05-2021 02:09:18.0247 A

################################################################################################################################################
Starting Execution:	[28 out of 137] test cases in the current suite
Test Method:		[testPackage01.Test_NewValidationHelper.f17]
################################################################################################################################################
[ReportManager] Attempting to getAttribute [text2] from elementLocator [By.tagName: h1]. @02-05-2021 02:09:18.0250 AM
[ReportManager] Element Action [getAttribute] successfully performed. @02-05-2021 02:09:18.0355 AM
[ReportManager] Loaded Shared OpenCV @02-05-2021 02:09:18.0540 AM
[ReportManager] AssertElementAttribute PASSED; Expected [Value Should not be 'Welcome' for the 'text2' attribute, element locator 'By.tagName: h1'] and Actual [null]. Comparison Type [CONTAINS]. Validation Type [NEGATIVE]. @02-05-2021 02:09:18.0643 AM
[ReportManager] Successfully created attachment [Screenshot - 1619921358540_f17_AssertElementAttribute_passed] @02-05-2021 02:09:18.0646 A
[ReportManager] Successfully created attachment [Selenium WebDriver Logs - server] @02-05-2021 02:09:18.0681 AM
[ReportManager] Successfully created attachment [Selenium WebDriver Logs - performance] @02-05-2021 02:09:18.0709 AM
[ReportManager] Successfully created attachment [Selenium WebDriver Logs - browser] @02-05-2021 02:09:18.0716 AM
[ReportManager] Successfully created attachment [Selenium WebDriver Logs - driver] @02-05-2021 02:09:18.0779 AM
[ReportManager] Successfully Closed All Drivers. @02-05-2021 02:09:18.0863 A
[ReportManager] File Action [getAbsolutePath] successfully performed. With the following test data [Relative Folder Path: "target/downloadedFiles/"]. @02-05-2021 02:09:18.0867 AM
[ReportManager] Attempting to run remotely on: [Linux-64], [GoogleChrome], [http://localhost:4444/wd/hub], Headless Execution. @02-05-2021 02:09:18.0867 AM
[ReportManager] Successfully Opened [GoogleChrome]. @02-05-2021 02:09:19.0282 AM
[ReportManager] Target URL: [https://the-internet.herokuapp.com/] @02-05-2021 02:09:19.0298 AM
[ReportManager] Initial URL: [data:,] @02-05-2021 02:09:19.0342 AM
[ReportManager] Browser Action [navigateToURL] successfully performed. With the following test data [https://the-internet.herokuapp.com/]. @02-05-2021 02:09:19.0770 A

################################################################################################################################################
Starting Execution:	[29 out of 137] test cases in the current suite
Test Method:		[testPackage01.Test_NewValidationHelper.f18]
################################################################################################################################################
[ReportManager] Element Action [getText] successfully performed. With the following test data [Welcome to the-internet]. @02-05-2021 02:09:19.0891 AM
[ReportManager] Loaded Shared OpenCV @02-05-2021 02:09:20.0098 AM
[ReportManager] AssertElementAttribute PASSED; Expected [Value Should not be 'no' for the 'text' attribute, element locator 'By.tagName: h1'] and Actual [Welcome to the-internet]. Comparison Type [CONTAINS]. Validation Type [NEGATIVE]. @02-05-2021 02:09:20.0186 AM
[ReportManager] Successfully created attachment [Screenshot - 1619921360098_f18_AssertElementAttribute_passed] @02-05-2021 02:09:20.0189 A
[ReportManager] Successfully created attachment [Selenium WebDriver Logs - server] @02-05-2021 02:09:20.0205 AM
[ReportManager] Successfully created attachment [Selenium WebDriver Logs - performance] @02-05-2021 02:09:20.0233 AM
[ReportManager] Successfully created attachment [Selenium WebDriver Logs - browser] @02-05-2021 02:09:20.0240 AM
[ReportManager] Successfully created attachment [Selenium WebDriver Logs - driver] @02-05-2021 02:09:20.0335 AM
[ReportManager] Successfully Closed All Drivers. @02-05-2021 02:09:20.0410 A
[ReportManager] File Action [getAbsolutePath] successfully performed. With the following test data [Relative Folder Path: "target/downloadedFiles/"]. @02-05-2021 02:09:20.0416 AM
[ReportManager] Attempting to run remotely on: [Linux-64], [GoogleChrome], [http://localhost:4444/wd/hub], Headless Execution. @02-05-2021 02:09:20.0417 AM
[ReportManager] Successfully Opened [GoogleChrome]. @02-05-2021 02:09:20.0702 AM
[ReportManager] Target URL: [https://the-internet.herokuapp.com/] @02-05-2021 02:09:20.0712 AM
[ReportManager] Initial URL: [data:,] @02-05-2021 02:09:20.0762 AM
[ReportManager] Browser Action [navigateToURL] successfully performed. With the following test data [https://the-internet.herokuapp.com/]. @02-05-2021 02:09:21.0175 A

################################################################################################################################################
Starting Execution:	[30 out of 137] test cases in the current suite
Test Method:		[testPackage01.Test_NewValidationHelper.f19]
################################################################################################################################################
[ReportManager] Element Action [getTagName] successfully performed. With the following test data [h1]. @02-05-2021 02:09:21.0290 AM
[ReportManager] Loaded Shared OpenCV @02-05-2021 02:09:21.0519 AM
[ReportManager] AssertElementAttribute PASSED; Expected [Value Should be 'h' for the 'tagname' attribute, element locator 'By.tagName: h1'] and Actual [h1]. Comparison Type [CONTAINS]. Validation Type [POSITIVE]. @02-05-2021 02:09:21.0612 AM
[ReportManager] Successfully created attachment [Screenshot - 1619921361519_f19_AssertElementAttribute_passed] @02-05-2021 02:09:21.0614 A
[ReportManager] Successfully created attachment [Selenium WebDriver Logs - server] @02-05-2021 02:09:21.0628 AM
[ReportManager] Successfully created attachment [Selenium WebDriver Logs - performance] @02-05-2021 02:09:21.0650 AM
[ReportManager] Successfully created attachment [Selenium WebDriver Logs - browser] @02-05-2021 02:09:21.0657 AM
[ReportManager] Successfully created attachment [Selenium WebDriver Logs - driver] @02-05-2021 02:09:21.0720 AM
[ReportManager] Successfully Closed All Drivers. @02-05-2021 02:09:21.0795 A

################################################################################################################################################
Starting Execution:	[31 out of 137] test cases in the current suite
Test Method:		[testPackage01.Test_NewValidationHelper.f2]
################################################################################################################################################
[ReportManager] Checking valid user data... @02-05-2021 02:09:21.0802 AM
[ReportManager] AssertEquals FAILED; Expected [1] and Actual [2]. Comparison Type [EQUALS]. Validation Type [POSITIVE]. @02-05-2021 02:09:21.0802 A
[ReportManager] File Action [getAbsolutePath] successfully performed. With the following test data [Relative Folder Path: "target/downloadedFiles/"]. @02-05-2021 02:09:21.0811 AM
[ReportManager] Attempting to run remotely on: [Linux-64], [GoogleChrome], [http://localhost:4444/wd/hub], Headless Execution. @02-05-2021 02:09:21.0812 AM
[ReportManager] Successfully Opened [GoogleChrome]. @02-05-2021 02:09:22.0069 AM
[ReportManager] Target URL: [https://the-internet.herokuapp.com/] @02-05-2021 02:09:22.0083 AM
[ReportManager] Initial URL: [data:,] @02-05-2021 02:09:22.0133 AM
[ReportManager] Browser Action [navigateToURL] successfully performed. With the following test data [https://the-internet.herokuapp.com/]. @02-05-2021 02:09:22.0561 A

################################################################################################################################################
Starting Execution:	[32 out of 137] test cases in the current suite
Test Method:		[testPackage01.Test_NewValidationHelper.f20]
################################################################################################################################################
[ReportManager] Element Action [getSize] successfully performed. With the following test data [(755, 61)]. @02-05-2021 02:09:22.0696 AM
[ReportManager] Loaded Shared OpenCV @02-05-2021 02:09:22.0888 AM
[ReportManager] AssertElementAttribute PASSED; Expected [Value Should not be 'a' for the 'size' attribute, element locator 'By.tagName: h1'] and Actual [(755, 61)]. Comparison Type [CONTAINS]. Validation Type [NEGATIVE]. @02-05-2021 02:09:22.0975 AM
[ReportManager] Successfully created attachment [Screenshot - 1619921362888_f20_AssertElementAttribute_passed] @02-05-2021 02:09:22.0977 A
[ReportManager] Successfully created attachment [Selenium WebDriver Logs - server] @02-05-2021 02:09:22.0996 AM
[ReportManager] Successfully created attachment [Selenium WebDriver Logs - performance] @02-05-2021 02:09:23.0016 AM
[ReportManager] Successfully created attachment [Selenium WebDriver Logs - browser] @02-05-2021 02:09:23.0022 AM
[ReportManager] Successfully created attachment [Selenium WebDriver Logs - driver] @02-05-2021 02:09:23.0082 AM
[ReportManager] Successfully Closed All Drivers. @02-05-2021 02:09:23.0179 A
[ReportManager] File Action [getAbsolutePath] successfully performed. With the following test data [Relative Folder Path: "target/downloadedFiles/"]. @02-05-2021 02:09:23.0183 AM
[ReportManager] Attempting to run remotely on: [Linux-64], [GoogleChrome], [http://localhost:4444/wd/hub], Headless Execution. @02-05-2021 02:09:23.0183 AM
[ReportManager] Successfully Opened [GoogleChrome]. @02-05-2021 02:09:23.0631 AM
[ReportManager] Target URL: [https://the-internet.herokuapp.com/] @02-05-2021 02:09:23.0672 AM
[ReportManager] Initial URL: [data:,] @02-05-2021 02:09:23.0740 AM
[ReportManager] Browser Action [navigateToURL] successfully performed. With the following test data [https://the-internet.herokuapp.com/]. @02-05-2021 02:09:24.0263 A

################################################################################################################################################
Starting Execution:	[33 out of 137] test cases in the current suite
Test Method:		[testPackage01.Test_NewValidationHelper.f21]
################################################################################################################################################
[ReportManager] Element Action [identifyUniqueElement] failed. With the following test data [zero elements found matching this locator "By.tagName: h3".]. @02-05-2021 02:09:49.0906 AM
[ReportManager] Successfully created attachment [Screenshot - 1619921389837_f21_identifyUniqueElement_failed] @02-05-2021 02:09:49.0907 AM
[ReportManager] AssertElementAttribute FAILED; Expected [Value Should be 'Welcome' for the 'text' attribute, element locator 'By.tagName: h3'] and Actual [Failed to read the desired element attribute]. Comparison Type [CONTAINS]. Validation Type [POSITIVE]. @02-05-2021 02:09:49.0907 A
[ReportManager] Successfully created attachment [Selenium WebDriver Logs - server] @02-05-2021 02:09:49.0922 AM
[ReportManager] Successfully created attachment [Selenium WebDriver Logs - performance] @02-05-2021 02:09:49.0945 AM
[ReportManager] Successfully created attachment [Selenium WebDriver Logs - browser] @02-05-2021 02:09:49.0952 AM
[ReportManager] Successfully created attachment [Selenium WebDriver Logs - driver] @02-05-2021 02:09:50.0025 AM
[ReportManager] Successfully Closed All Drivers. @02-05-2021 02:09:50.0103 A
[ReportManager] File Action [getAbsolutePath] successfully performed. With the following test data [Relative Folder Path: "target/downloadedFiles/"]. @02-05-2021 02:09:50.0105 AM
[ReportManager] Attempting to run remotely on: [Linux-64], [GoogleChrome], [http://localhost:4444/wd/hub], Headless Execution. @02-05-2021 02:09:50.0105 AM
[ReportManager] Successfully Opened [GoogleChrome]. @02-05-2021 02:09:50.0340 AM
[ReportManager] Target URL: [https://the-internet.herokuapp.com/] @02-05-2021 02:09:50.0353 AM
[ReportManager] Initial URL: [data:,] @02-05-2021 02:09:50.0410 AM
[ReportManager] Browser Action [navigateToURL] successfully performed. With the following test data [https://the-internet.herokuapp.com/]. @02-05-2021 02:09:50.0839 A

################################################################################################################################################
Starting Execution:	[34 out of 137] test cases in the current suite
Test Method:		[testPackage01.Test_NewValidationHelper.f22]
################################################################################################################################################
[ReportManager] Element Action [getText] successfully performed. With the following test data [Welcome to the-internet]. @02-05-2021 02:09:50.0947 AM
[ReportManager] Loaded Shared OpenCV @02-05-2021 02:09:51.0138 AM
[ReportManager] AssertElementAttribute FAILED; Expected [Value Should be 'yyy' for the 'text' attribute, element locator 'By.tagName: h1'] and Actual [Welcome to the-internet]. Comparison Type [CONTAINS]. Validation Type [POSITIVE]. @02-05-2021 02:09:51.0228 AM
[ReportManager] Successfully created attachment [Screenshot - 1619921391138_f22_AssertElementAttribute_failed] @02-05-2021 02:09:51.0229 A
[ReportManager] Successfully created attachment [Selenium WebDriver Logs - server] @02-05-2021 02:09:51.0246 AM
[ReportManager] Successfully created attachment [Selenium WebDriver Logs - performance] @02-05-2021 02:09:51.0267 AM
[ReportManager] Successfully created attachment [Selenium WebDriver Logs - browser] @02-05-2021 02:09:51.0276 AM
[ReportManager] Successfully created attachment [Selenium WebDriver Logs - driver] @02-05-2021 02:09:51.0336 AM
[ReportManager] Successfully Closed All Drivers. @02-05-2021 02:09:51.0418 A

################################################################################################################################################
Starting Execution:	[35 out of 137] test cases in the current suite
Test Method:		[testPackage01.Test_NewValidationHelper.f23]
################################################################################################################################################
[ReportManager] confirming that the actual is greater than or equal to the expected... @02-05-2021 02:09:51.0436 AM
[ReportManager] AssertComparativeRelation PASSED; Expected [1] and Actual [1]. Comparison Type [GREATER_THAN_OR_EQUALS]. Validation Type [POSITIVE]. @02-05-2021 02:09:51.0437 A

################################################################################################################################################
Starting Execution:	[36 out of 137] test cases in the current suite
Test Method:		[testPackage01.Test_NewValidationHelper.f24]
################################################################################################################################################
[ReportManager] AssertComparativeRelation PASSED; Expected [1] and Actual [10]. Comparison Type [GREATER_THAN_OR_EQUALS]. Validation Type [POSITIVE]. @02-05-2021 02:09:51.0441 A

################################################################################################################################################
Starting Execution:	[37 out of 137] test cases in the current suite
Test Method:		[testPackage01.Test_NewValidationHelper.f25]
################################################################################################################################################
[ReportManager] AssertComparativeRelation PASSED; Expected [1] and Actual [1]. Comparison Type [EQUALS]. Validation Type [POSITIVE]. @02-05-2021 02:09:51.0444 A

################################################################################################################################################
Starting Execution:	[38 out of 137] test cases in the current suite
Test Method:		[testPackage01.Test_NewValidationHelper.f26]
################################################################################################################################################
[ReportManager] AssertComparativeRelation PASSED; Expected [1] and Actual [5]. Comparison Type [GREATER_THAN]. Validation Type [POSITIVE]. @02-05-2021 02:09:51.0449 A

################################################################################################################################################
Starting Execution:	[39 out of 137] test cases in the current suite
Test Method:		[testPackage01.Test_NewValidationHelper.f27]
################################################################################################################################################
[ReportManager] AssertComparativeRelation PASSED; Expected [11] and Actual [5]. Comparison Type [LESS_THAN]. Validation Type [POSITIVE]. @02-05-2021 02:09:51.0452 A

################################################################################################################################################
Starting Execution:	[40 out of 137] test cases in the current suite
Test Method:		[testPackage01.Test_NewValidationHelper.f28]
################################################################################################################################################
[ReportManager] AssertComparativeRelation PASSED; Expected [11] and Actual [5]. Comparison Type [LESS_THAN_OR_EQUALS]. Validation Type [POSITIVE]. @02-05-2021 02:09:51.0460 A

################################################################################################################################################
Starting Execution:	[41 out of 137] test cases in the current suite
Test Method:		[testPackage01.Test_NewValidationHelper.f29]
################################################################################################################################################
[ReportManager] AssertComparativeRelation PASSED; Expected [11] and Actual [11]. Comparison Type [LESS_THAN_OR_EQUALS]. Validation Type [POSITIVE]. @02-05-2021 02:09:51.0465 A

################################################################################################################################################
Starting Execution:	[42 out of 137] test cases in the current suite
Test Method:		[testPackage01.Test_NewValidationHelper.f3]
################################################################################################################################################
[ReportManager] AssertEquals PASSED; Expected [1] and Actual [2]. Comparison Type [EQUALS]. Validation Type [NEGATIVE]. @02-05-2021 02:09:51.0469 A

################################################################################################################################################
Starting Execution:	[43 out of 137] test cases in the current suite
Test Method:		[testPackage01.Test_NewValidationHelper.f30]
################################################################################################################################################
[ReportManager] AssertComparativeRelation FAILED; Expected [-9] and Actual [11]. Comparison Type [LESS_THAN_OR_EQUALS]. Validation Type [POSITIVE]. @02-05-2021 02:09:51.0473 A

################################################################################################################################################
Starting Execution:	[44 out of 137] test cases in the current suite
Test Method:		[testPackage01.Test_NewValidationHelper.f31]
################################################################################################################################################
[ReportManager] AssertTrue PASSED; Expected [TRUE] and Actual [TRUE]. Validation Type [POSITIVE]. @02-05-2021 02:09:51.0477 A

################################################################################################################################################
Starting Execution:	[45 out of 137] test cases in the current suite
Test Method:		[testPackage01.Test_NewValidationHelper.f32]
################################################################################################################################################
[ReportManager] AssertTrue PASSED; Expected [FALSE] and Actual [FALSE]. Validation Type [NEGATIVE]. @02-05-2021 02:09:51.0480 A

################################################################################################################################################
Starting Execution:	[46 out of 137] test cases in the current suite
Test Method:		[testPackage01.Test_NewValidationHelper.f33]
################################################################################################################################################
[ReportManager] AssertTrue FAILED; Expected [FALSE] and Actual [TRUE]. Validation Type [NEGATIVE]. @02-05-2021 02:09:51.0484 A

################################################################################################################################################
Starting Execution:	[47 out of 137] test cases in the current suite
Test Method:		[testPackage01.Test_NewValidationHelper.f34]
################################################################################################################################################
[ReportManager] AssertTrue FAILED; Expected [TRUE] and Actual [FALSE]. Validation Type [POSITIVE]. @02-05-2021 02:09:51.0487 A

################################################################################################################################################
Starting Execution:	[48 out of 137] test cases in the current suite
Test Method:		[testPackage01.Test_NewValidationHelper.f35]
################################################################################################################################################
[ReportManager] File Action [doesFileExist] successfully performed. With the following test data [File Path: "pom.xml"]. @02-05-2021 02:09:51.0491 AM
[ReportManager] AssertFileExists PASSED; Expected [File 'pom.xml' should exist, after up to '1' retries] and Actual [File exists]. Validation Type [POSITIVE]. @02-05-2021 02:09:51.0495 A

################################################################################################################################################
Starting Execution:	[49 out of 137] test cases in the current suite
Test Method:		[testPackage01.Test_NewValidationHelper.f36]
################################################################################################################################################
[ReportManager] File Action [doesFileExist] successfully performed. With the following test data [File Path: "src/test/java/testPackage01/Test_NewValidationHelper.java"]. @02-05-2021 02:09:51.0499 AM
[ReportManager] AssertFileExists PASSED; Expected [File 'src/test/java/testPackage01/Test_NewValidationHelper.java' should exist, after up to '1' retries] and Actual [File exists]. Validation Type [POSITIVE]. @02-05-2021 02:09:51.0500 A

################################################################################################################################################
Starting Execution:	[50 out of 137] test cases in the current suite
Test Method:		[testPackage01.Test_NewValidationHelper.f37]
################################################################################################################################################
[ReportManager] confirming that the file does't exist after 5 retries... @02-05-2021 02:09:51.0503 AM
[ReportManager] File Action [doesFileExist] successfully performed. With the following test data [File Path: "pom.xml"]. @02-05-2021 02:09:51.0503 AM
[ReportManager] AssertFileExists FAILED; Expected [File 'pom.xml' should not exist, after up to '5' retries] and Actual [File exists]. Validation Type [NEGATIVE]. @02-05-2021 02:09:51.0504 A

################################################################################################################################################
Starting Execution:	[51 out of 137] test cases in the current suite
Test Method:		[testPackage01.Test_NewValidationHelper.f3_1]
################################################################################################################################################
[ReportManager] Checking valid user data... @02-05-2021 02:09:51.0508 AM
[ReportManager] AssertEquals PASSED; Expected [null] and Actual [null]. Comparison Type [EQUALS]. Validation Type [POSITIVE]. @02-05-2021 02:09:51.0508 A

################################################################################################################################################
Starting Execution:	[52 out of 137] test cases in the current suite
Test Method:		[testPackage01.Test_NewValidationHelper.f4]
################################################################################################################################################
[ReportManager] AssertEquals PASSED; Expected [1] and Actual [123]. Comparison Type [CONTAINS]. Validation Type [POSITIVE]. @02-05-2021 02:09:51.0512 A

################################################################################################################################################
Starting Execution:	[53 out of 137] test cases in the current suite
Test Method:		[testPackage01.Test_NewValidationHelper.f5]
################################################################################################################################################
[ReportManager] AssertNull PASSED; Expected [NULL] and Actual [1]. Comparison Type [EQUALS]. Validation Type [NEGATIVE]. @02-05-2021 02:09:51.0515 A

################################################################################################################################################
Starting Execution:	[54 out of 137] test cases in the current suite
Test Method:		[testPackage01.Test_NewValidationHelper.f6]
################################################################################################################################################
[ReportManager] Making sure that null string is not equal to null object... @02-05-2021 02:09:51.0518 AM
[ReportManager] AssertNull FAILED; Expected [NULL] and Actual [NULL]. Comparison Type [EQUALS]. Validation Type [POSITIVE]. @02-05-2021 02:09:51.0518 A

################################################################################################################################################
Starting Execution:	[55 out of 137] test cases in the current suite
Test Method:		[testPackage01.Test_NewValidationHelper.f6_1]
################################################################################################################################################
[ReportManager] AssertNull FAILED; Expected [NULL] and Actual [NULL]. Comparison Type [EQUALS]. Validation Type [NEGATIVE]. @02-05-2021 02:09:51.0522 A

################################################################################################################################################
Starting Execution:	[56 out of 137] test cases in the current suite
Test Method:		[testPackage01.Test_NewValidationHelper.f6_2]
################################################################################################################################################
[ReportManager] Making sure that null string is not equal to null object... @02-05-2021 02:09:51.0526 AM
[ReportManager] AssertNull FAILED; Expected [NULL] and Actual [not null]. Comparison Type [EQUALS]. Validation Type [POSITIVE]. @02-05-2021 02:09:51.0526 A

################################################################################################################################################
Starting Execution:	[57 out of 137] test cases in the current suite
Test Method:		[testPackage01.Test_NewValidationHelper.f7]
################################################################################################################################################
[ReportManager] AssertNull PASSED; Expected [NULL] and Actual [NULL]. Comparison Type [EQUALS]. Validation Type [POSITIVE]. @02-05-2021 02:09:51.0531 A
[ReportManager] File Action [getAbsolutePath] successfully performed. With the following test data [Relative Folder Path: "target/downloadedFiles/"]. @02-05-2021 02:09:51.0533 AM
[ReportManager] Attempting to run remotely on: [Linux-64], [GoogleChrome], [http://localhost:4444/wd/hub], Headless Execution. @02-05-2021 02:09:51.0534 AM
[ReportManager] Successfully Opened [GoogleChrome]. @02-05-2021 02:09:51.0872 AM
[ReportManager] Target URL: [https://the-internet.herokuapp.com/] @02-05-2021 02:09:51.0891 AM
[ReportManager] Initial URL: [data:,] @02-05-2021 02:09:51.0947 AM
[ReportManager] Browser Action [navigateToURL] successfully performed. With the following test data [https://the-internet.herokuapp.com/]. @02-05-2021 02:09:52.0364 A

################################################################################################################################################
Starting Execution:	[58 out of 137] test cases in the current suite
Test Method:		[testPackage01.Test_NewValidationHelper.f8]
################################################################################################################################################
[ReportManager] Loaded Shared OpenCV @02-05-2021 02:09:52.0616 AM
[ReportManager] AssertElementExists PASSED; Expected [Element Should Exist, locator 'By.tagName: h1'] and Actual [Element Exists]. Comparison Type [EQUALS]. Validation Type [POSITIVE]. @02-05-2021 02:09:52.0714 AM
[ReportManager] Successfully created attachment [Screenshot - 1619921392616_f8_AssertElementExists_passed] @02-05-2021 02:09:52.0715 A
[ReportManager] Successfully created attachment [Selenium WebDriver Logs - server] @02-05-2021 02:09:52.0730 AM
[ReportManager] Successfully created attachment [Selenium WebDriver Logs - performance] @02-05-2021 02:09:52.0752 AM
[ReportManager] Successfully created attachment [Selenium WebDriver Logs - browser] @02-05-2021 02:09:52.0759 AM
[ReportManager] Successfully created attachment [Selenium WebDriver Logs - driver] @02-05-2021 02:09:52.0820 AM
[ReportManager] Successfully Closed All Drivers. @02-05-2021 02:09:52.0900 A
[ReportManager] File Action [getAbsolutePath] successfully performed. With the following test data [Relative Folder Path: "target/downloadedFiles/"]. @02-05-2021 02:09:52.0902 AM
[ReportManager] Attempting to run remotely on: [Linux-64], [GoogleChrome], [http://localhost:4444/wd/hub], Headless Execution. @02-05-2021 02:09:52.0902 AM
[ReportManager] Successfully Opened [GoogleChrome]. @02-05-2021 02:09:53.0244 AM
[ReportManager] Target URL: [https://the-internet.herokuapp.com/] @02-05-2021 02:09:53.0256 AM
[ReportManager] Initial URL: [data:,] @02-05-2021 02:09:53.0312 AM
[ReportManager] Browser Action [navigateToURL] successfully performed. With the following test data [https://the-internet.herokuapp.com/]. @02-05-2021 02:09:53.0716 A

################################################################################################################################################
Starting Execution:	[59 out of 137] test cases in the current suite
Test Method:		[testPackage01.Test_NewValidationHelper.f9]
################################################################################################################################################
[ReportManager] AssertElementExists FAILED; Expected [Element Should Exist, locator 'By.tagName: h3'] and Actual [Element Doesn't Exists]. Comparison Type [EQUALS]. Validation Type [POSITIVE]. @02-05-2021 02:10:24.0481 AM
[ReportManager] Successfully created attachment [Screenshot - 1619921424404_f9_AssertElementExists_failed] @02-05-2021 02:10:24.0481 A
[ReportManager] Successfully created attachment [Selenium WebDriver Logs - server] @02-05-2021 02:10:24.0503 AM
[ReportManager] Successfully created attachment [Selenium WebDriver Logs - performance] @02-05-2021 02:10:24.0526 AM
[ReportManager] Successfully created attachment [Selenium WebDriver Logs - browser] @02-05-2021 02:10:24.0534 AM
[ReportManager] Successfully created attachment [Selenium WebDriver Logs - driver] @02-05-2021 02:10:24.0609 AM
[ReportManager] Successfully Closed All Drivers. @02-05-2021 02:10:24.0683 A

################################################################################################################################################
Starting Execution:	[60 out of 137] test cases in the current suite
Test Method:		[testPackage01.Test_NewValidationHelper.forceFail]
################################################################################################################################################
[ReportManager] AssertFail FAILED; Expected [null] and Actual [null]. @02-05-2021 02:10:24.0689 A

################################################################################################################################################
Starting Execution:	[61 out of 137] test cases in the current suite
Test Method:		[testPackage01.Test_NewValidationHelper.forceFail2]
################################################################################################################################################
[ReportManager] Custom Message... @02-05-2021 02:10:24.0695 AM
[ReportManager] AssertFail FAILED; Expected [null] and Actual [null]. @02-05-2021 02:10:24.0695 A
[ReportManager] Successfully loaded the following test data file [src/test/resources/TestDataFiles/testSuite01/TestData.xlsx]. @02-05-2021 02:10:25.0675 AM
[ReportManager] Successfully created attachment [Test Data - Excel] @02-05-2021 02:10:25.0675 AM
[ReportManager] File Action [getAbsolutePath] successfully performed. With the following test data [Relative Folder Path: "target/downloadedFiles/"]. @02-05-2021 02:10:25.0675 AM
[ReportManager] Attempting to run remotely on: [Linux-64], [GoogleChrome], [http://localhost:4444/wd/hub], Headless Execution. @02-05-2021 02:10:25.0675 AM
[ReportManager] Successfully Opened [GoogleChrome]. @02-05-2021 02:10:26.0271 A

################################################################################################################################################
Starting Execution:	[62 out of 137] test cases in the current suite
Test Method:		[testPackage01.Test_google.navigateToURLandVerifyGoogleLogoIsDisplayed]
Test Description:	[TC001 - Navigate to URL and Verify Google Logo is Displayed]
################################################################################################################################################
[ReportManager] Target URL: [https://www.google.com/ncr], and after redirection: [https://www.google.com] @02-05-2021 02:10:26.0305 AM
[ReportManager] Initial URL: [data:,] @02-05-2021 02:10:26.0377 AM
[ReportManager] Browser Action [navigateToURL] successfully performed. With the following test data [https://www.google.com/ncr]. @02-05-2021 02:10:27.0649 AM
[ReportManager] Loaded Shared OpenCV @02-05-2021 02:10:27.0899 AM
[ReportManager] AssertElementExists PASSED; Expected [Element Should Exist, locator 'By.xpath: //img[@id='hplogo' or @alt='Google']'] and Actual [Element Exists]. Comparison Type [EQUALS]. Validation Type [POSITIVE]. @02-05-2021 02:10:27.0992 AM
[ReportManager] Successfully created attachment [Screenshot - 1619921427898_navigateToURLandVerifyGoogleLogoIsDisplayed_AssertElementExists_passed] @02-05-2021 02:10:27.0993 A

################################################################################################################################################
Starting Execution:	[63 out of 137] test cases in the current suite
Test Method:		[testPackage01.Test_google.searchForQueryandAssertResultsNumDisplayed]
Test Description:	[TC002 - Search for Query and Assert that the number of results is displayed]
################################################################################################################################################
[ReportManager] Element Action [type] successfully performed. With the following test data [SHAFT_Engine]. @02-05-2021 02:10:29.0054 AM
[ReportManager] Element Action [keyPress] successfully performed. With the following test data [Enter]. @02-05-2021 02:10:30.0295 AM
[ReportManager] Element Action [getText] successfully performed. With the following test data [About 660,000 results (0.59 seconds) ]. @02-05-2021 02:10:30.0390 AM
[ReportManager] Loaded Shared OpenCV @02-05-2021 02:10:30.0580 AM
[ReportManager] AssertElementAttribute PASSED; Expected [Value Should not be '' for the 'Text' attribute, element locator 'By.id: appbar'] and Actual [About 660,000 results (0.59 seconds) ]. Comparison Type [EQUALS]. Validation Type [NEGATIVE]. @02-05-2021 02:10:30.0683 AM
[ReportManager] Successfully created attachment [Screenshot - 1619921430580_searchForQueryandAssertResultsNumDisplayed_AssertElementAttribute_passed] @02-05-2021 02:10:30.0685 A

################################################################################################################################################
Starting Execution:	[64 out of 137] test cases in the current suite
Test Method:		[testPackage01.Test_google.clickNextThrice]
Test Description:	[TC003 - Clicks the next button to make sure that the framework can scroll element into view before clicking it]
################################################################################################################################################
[ReportManager] Element Action [click] successfully performed. With the following test data [Next]. @02-05-2021 02:10:32.0071 A
[ReportManager] Successfully created attachment [Selenium WebDriver Logs - server] @02-05-2021 02:10:32.0273 AM
[ReportManager] Successfully created attachment [Selenium WebDriver Logs - performance] @02-05-2021 02:10:32.0568 AM
[ReportManager] Successfully created attachment [Selenium WebDriver Logs - driver] @02-05-2021 02:10:33.0024 AM
[ReportManager] Browser Action [closeCurrentWindow] successfully performed. @02-05-2021 02:10:33.0105 AM
[ReportManager] Successfully created attachment [Browser Action Test Data - closeCurrentWindow - Actual Value] @02-05-2021 02:10:33.0109 A

################################################################################################################################################
Starting Execution:	[65 out of 137] test cases in the current suite
Test Method:		[testPackage01.Test_testData.f]
################################################################################################################################################
[ReportManager] Successfully loaded the following test data file [src/test/resources/TestDataFiles/testSuite01/TestData.xlsx]. @02-05-2021 02:10:33.0192 AM
[ReportManager] Successfully created attachment [Test Data - Excel] @02-05-2021 02:10:33.0193 AM
[ReportManager] Last Column Number is: [3]. Zero-based. @02-05-2021 02:10:33.0193 A

################################################################################################################################################
Starting Execution:	[66 out of 137] test cases in the current suite
Test Method:		[testPackage01.Test_JsonActions.f]
###############################################################################################################################################

################################################################################################################################################
Starting Execution:	[67 out of 137] test cases in the current suite
Test Method:		[testPackage01.Test_JsonActions.f2]
###############################################################################################################################################

################################################################################################################################################
Starting Execution:	[68 out of 137] test cases in the current suite
Test Method:		[testPackage01.Test_JsonCompareWithSpecialCharacters.specialCharacters]
################################################################################################################################################
[ReportManager] File Action [getAbsolutePath] successfully performed. With the following test data [Relative Folder Path: "src/test/resources/TestJsonFiles/specialCharacters.json"]. @02-05-2021 02:10:33.0350 AM
[ReportManager] File Action [readFromFile] successfully performed. With the following test data [File Path: "/home/runner/work/SHAFT_ENGINE/SHAFT_ENGINE/src/test/resources/TestJsonFiles/specialCharacters.json"]. @02-05-2021 02:10:33.0359 AM
[ReportManager] Successfully created attachment [File Action Actual Result - Command Log] @02-05-2021 02:10:33.0359 AM
[ReportManager] Comparing the provided API response with the file at this path "src/test/resources/TestJsonFiles/specialCharacters.json", comparison type "EQUALS" @02-05-2021 02:10:33.0506 AM
[ReportManager] API Action [compareJSON] successfully performed. With the following test data [src/test/resources/TestJsonFiles/specialCharacters.json]. @02-05-2021 02:10:33.0655 AM
[ReportManager] File Action [getAbsolutePath] successfully performed. With the following test data [Relative Folder Path: "src/test/resources/TestJsonFiles/specialCharacters.json"]. @02-05-2021 02:10:33.0656 AM
[ReportManager] File Action [readFromFile] successfully performed. With the following test data [File Path: "/home/runner/work/SHAFT_ENGINE/SHAFT_ENGINE/src/test/resources/TestJsonFiles/specialCharacters.json"]. @02-05-2021 02:10:33.0656 AM
[ReportManager] VerifyJSONFileContent PASSED; Expected [Response data should match the JSON File in this path 'src/test/resources/TestJsonFiles/specialCharacters.json'] and Actual [TRUE]. Comparison Type [EQUALS]. Validation Type [POSITIVE]. @02-05-2021 02:10:33.0673 AM
[ReportManager] Successfully created attachment [Validation Test Data - Expected JSON Value] @02-05-2021 02:10:33.0674 AM
[ReportManager] Successfully created attachment [Validation Test Data - Actual JSON Value] @02-05-2021 02:10:33.0674 A

################################################################################################################################################
Starting Execution:	[69 out of 137] test cases in the current suite
Test Method:		[testPackage01.Test_JsonCompareWithSpecialCharacters.specialCharacters_assertion]
################################################################################################################################################
[ReportManager] File Action [getAbsolutePath] successfully performed. With the following test data [Relative Folder Path: "src/test/resources/TestJsonFiles/specialCharacters.json"]. @02-05-2021 02:10:33.0678 AM
[ReportManager] File Action [readFromFile] successfully performed. With the following test data [File Path: "/home/runner/work/SHAFT_ENGINE/SHAFT_ENGINE/src/test/resources/TestJsonFiles/specialCharacters.json"]. @02-05-2021 02:10:33.0679 AM
[ReportManager] Successfully created attachment [File Action Actual Result - Command Log] @02-05-2021 02:10:33.0679 AM
[ReportManager] trying out the log message... @02-05-2021 02:10:33.0680 AM
[ReportManager] Comparing the provided API response with the file at this path "src/test/resources/TestJsonFiles/specialCharacters.json", comparison type "CONTAINS" @02-05-2021 02:10:33.0680 AM
[ReportManager] API Action [compareJSON] successfully performed. With the following test data [src/test/resources/TestJsonFiles/specialCharacters.json]. @02-05-2021 02:10:33.0691 AM
[ReportManager] File Action [getAbsolutePath] successfully performed. With the following test data [Relative Folder Path: "src/test/resources/TestJsonFiles/specialCharacters.json"]. @02-05-2021 02:10:33.0691 AM
[ReportManager] File Action [readFromFile] successfully performed. With the following test data [File Path: "/home/runner/work/SHAFT_ENGINE/SHAFT_ENGINE/src/test/resources/TestJsonFiles/specialCharacters.json"]. @02-05-2021 02:10:33.0691 AM
[ReportManager] AssertJSONFileContent PASSED; Expected [Response data should match the JSON File in this path 'src/test/resources/TestJsonFiles/specialCharacters.json'] and Actual [TRUE]. Comparison Type [CONTAINS]. Validation Type [POSITIVE]. @02-05-2021 02:10:33.0698 AM
[ReportManager] Successfully created attachment [Validation Test Data - Expected JSON Value] @02-05-2021 02:10:33.0698 AM
[ReportManager] Successfully created attachment [Validation Test Data - Actual JSON Value] @02-05-2021 02:10:33.0699 A

################################################################################################################################################
Starting Execution:	[70 out of 137] test cases in the current suite
Test Method:		[unitTests.tests_validations_assertions.assertComparativeRelation_greaterThanOrEquals_false_equals_expectedToFail]
################################################################################################################################################
[ReportManager] AssertComparativeRelation FAILED; Expected [1] and Actual [1]. Comparison Type [GREATER_THAN_OR_EQUALS]. Validation Type [NEGATIVE]. @02-05-2021 02:10:33.0705 A

################################################################################################################################################
Starting Execution:	[71 out of 137] test cases in the current suite
Test Method:		[unitTests.tests_validations_assertions.assertComparativeRelation_greaterThanOrEquals_false_equals_expectedToPass]
################################################################################################################################################
[ReportManager] AssertComparativeRelation PASSED; Expected [2] and Actual [1]. Comparison Type [GREATER_THAN_OR_EQUALS]. Validation Type [NEGATIVE]. @02-05-2021 02:10:33.0707 A

################################################################################################################################################
Starting Execution:	[72 out of 137] test cases in the current suite
Test Method:		[unitTests.tests_validations_assertions.assertComparativeRelation_greaterThanOrEquals_false_greaterThan_expectedToFail]
################################################################################################################################################
[ReportManager] AssertComparativeRelation FAILED; Expected [1] and Actual [2]. Comparison Type [GREATER_THAN_OR_EQUALS]. Validation Type [NEGATIVE]. @02-05-2021 02:10:33.0710 A

################################################################################################################################################
Starting Execution:	[73 out of 137] test cases in the current suite
Test Method:		[unitTests.tests_validations_assertions.assertComparativeRelation_greaterThanOrEquals_false_greaterThan_expectedToPass]
################################################################################################################################################
[ReportManager] AssertComparativeRelation PASSED; Expected [2] and Actual [1]. Comparison Type [GREATER_THAN_OR_EQUALS]. Validation Type [NEGATIVE]. @02-05-2021 02:10:33.0712 A

################################################################################################################################################
Starting Execution:	[74 out of 137] test cases in the current suite
Test Method:		[unitTests.tests_validations_assertions.assertComparativeRelation_greaterThanOrEquals_true_equals_expectedToFail]
################################################################################################################################################
[ReportManager] AssertComparativeRelation FAILED; Expected [1] and Actual [0]. Comparison Type [GREATER_THAN_OR_EQUALS]. Validation Type [POSITIVE]. @02-05-2021 02:10:33.0721 A

################################################################################################################################################
Starting Execution:	[75 out of 137] test cases in the current suite
Test Method:		[unitTests.tests_validations_assertions.assertComparativeRelation_greaterThanOrEquals_true_equals_expectedToPass]
################################################################################################################################################
[ReportManager] AssertComparativeRelation PASSED; Expected [1] and Actual [1]. Comparison Type [GREATER_THAN_OR_EQUALS]. Validation Type [POSITIVE]. @02-05-2021 02:10:33.0723 A

################################################################################################################################################
Starting Execution:	[76 out of 137] test cases in the current suite
Test Method:		[unitTests.tests_validations_assertions.assertComparativeRelation_greaterThanOrEquals_true_greaterThan_expectedToFail]
################################################################################################################################################
[ReportManager] AssertComparativeRelation FAILED; Expected [2] and Actual [1]. Comparison Type [GREATER_THAN_OR_EQUALS]. Validation Type [POSITIVE]. @02-05-2021 02:10:33.0726 A

################################################################################################################################################
Starting Execution:	[77 out of 137] test cases in the current suite
Test Method:		[unitTests.tests_validations_assertions.assertComparativeRelation_greaterThanOrEquals_true_greaterThan_expectedToPass]
################################################################################################################################################
[ReportManager] AssertComparativeRelation PASSED; Expected [1] and Actual [2]. Comparison Type [GREATER_THAN_OR_EQUALS]. Validation Type [POSITIVE]. @02-05-2021 02:10:33.0733 A
[ReportManager] File Action [getAbsolutePath] successfully performed. With the following test data [Relative Folder Path: "target/downloadedFiles/"]. @02-05-2021 02:10:33.0735 AM
[ReportManager] Attempting to run remotely on: [Linux-64], [GoogleChrome], [http://localhost:4444/wd/hub], Headless Execution. @02-05-2021 02:10:33.0737 AM
[ReportManager] Successfully Opened [GoogleChrome]. @02-05-2021 02:10:34.0034 AM
[ReportManager] Target URL: [https://www.google.com/ncr], and after redirection: [www.google.com] @02-05-2021 02:10:34.0050 AM
[ReportManager] Initial URL: [data:,] @02-05-2021 02:10:34.0116 AM
[ReportManager] Browser Action [navigateToURL] successfully performed. With the following test data [https://www.google.com/ncr]. @02-05-2021 02:10:35.0040 A

################################################################################################################################################
Starting Execution:	[78 out of 137] test cases in the current suite
Test Method:		[unitTests.tests_validations_assertions.assertElementAttribute_false_caseInsensitiveComparison_expectedToFail]
################################################################################################################################################
[ReportManager] Element Action [type] successfully performed. With the following test data [AUTOMATION]. @02-05-2021 02:10:35.0739 AM
[ReportManager] Element Action [getText] successfully performed. With the following test data [AUTOMATION]. @02-05-2021 02:10:35.0868 AM
[ReportManager] Loaded Shared OpenCV @02-05-2021 02:10:36.0055 AM
[ReportManager] AssertElementAttribute FAILED; Expected [Value Should not be 'AutomaTion' for the 'text' attribute, element locator 'By.name: q'] and Actual [AUTOMATION]. Comparison Type [CASE_INSENSITIVE]. Validation Type [NEGATIVE]. @02-05-2021 02:10:36.0147 AM
[ReportManager] Successfully created attachment [Screenshot - 1619921436055_assertElementAttribute_false_caseInsensitiveComparison_expectedToFail_AssertElementAttribute_failed] @02-05-2021 02:10:36.0148 A
[ReportManager] Successfully created attachment [Selenium WebDriver Logs - server] @02-05-2021 02:10:36.0254 AM
[ReportManager] Successfully created attachment [Selenium WebDriver Logs - performance] @02-05-2021 02:10:36.0378 AM
[ReportManager] Successfully created attachment [Selenium WebDriver Logs - driver] @02-05-2021 02:10:36.0545 AM
[ReportManager] Browser Action [closeCurrentWindow] successfully performed. @02-05-2021 02:10:36.0603 AM
[ReportManager] Successfully created attachment [Browser Action Test Data - closeCurrentWindow - Actual Value] @02-05-2021 02:10:36.0604 A
[ReportManager] File Action [getAbsolutePath] successfully performed. With the following test data [Relative Folder Path: "target/downloadedFiles/"]. @02-05-2021 02:10:36.0606 AM
[ReportManager] Attempting to run remotely on: [Linux-64], [GoogleChrome], [http://localhost:4444/wd/hub], Headless Execution. @02-05-2021 02:10:36.0606 AM
[ReportManager] Successfully Opened [GoogleChrome]. @02-05-2021 02:10:36.0834 AM
[ReportManager] Target URL: [https://www.google.com/ncr], and after redirection: [www.google.com] @02-05-2021 02:10:36.0846 AM
[ReportManager] Initial URL: [data:,] @02-05-2021 02:10:36.0904 AM
[ReportManager] Browser Action [navigateToURL] successfully performed. With the following test data [https://www.google.com/ncr]. @02-05-2021 02:10:37.0833 A

################################################################################################################################################
Starting Execution:	[79 out of 137] test cases in the current suite
Test Method:		[unitTests.tests_validations_assertions.assertElementAttribute_false_caseInsensitiveComparison_expectedToPass]
################################################################################################################################################
[ReportManager] Element Action [type] successfully performed. With the following test data [AUTOMATION]. @02-05-2021 02:10:38.0579 AM
[ReportManager] Element Action [getText] successfully performed. With the following test data [AUTOMATION]. @02-05-2021 02:10:38.0697 AM
[ReportManager] Loaded Shared OpenCV @02-05-2021 02:10:38.0883 AM
[ReportManager] AssertElementAttribute PASSED; Expected [Value Should not be 'AutomaTion123' for the 'text' attribute, element locator 'By.name: q'] and Actual [AUTOMATION]. Comparison Type [CASE_INSENSITIVE]. Validation Type [NEGATIVE]. @02-05-2021 02:10:38.0966 AM
[ReportManager] Successfully created attachment [Screenshot - 1619921438883_assertElementAttribute_false_caseInsensitiveComparison_expectedToPass_AssertElementAttribute_passed] @02-05-2021 02:10:38.0967 A
[ReportManager] Successfully created attachment [Selenium WebDriver Logs - server] @02-05-2021 02:10:39.0058 AM
[ReportManager] Successfully created attachment [Selenium WebDriver Logs - performance] @02-05-2021 02:10:39.0151 AM
[ReportManager] Successfully created attachment [Selenium WebDriver Logs - driver] @02-05-2021 02:10:39.0299 AM
[ReportManager] Browser Action [closeCurrentWindow] successfully performed. @02-05-2021 02:10:39.0359 AM
[ReportManager] Successfully created attachment [Browser Action Test Data - closeCurrentWindow - Actual Value] @02-05-2021 02:10:39.0360 A
[ReportManager] File Action [getAbsolutePath] successfully performed. With the following test data [Relative Folder Path: "target/downloadedFiles/"]. @02-05-2021 02:10:39.0363 AM
[ReportManager] Attempting to run remotely on: [Linux-64], [GoogleChrome], [http://localhost:4444/wd/hub], Headless Execution. @02-05-2021 02:10:39.0364 AM
[ReportManager] Successfully Opened [GoogleChrome]. @02-05-2021 02:10:39.0589 AM
[ReportManager] Target URL: [https://www.google.com/ncr], and after redirection: [www.google.com] @02-05-2021 02:10:39.0599 AM
[ReportManager] Initial URL: [data:,] @02-05-2021 02:10:39.0647 AM
[ReportManager] Browser Action [navigateToURL] successfully performed. With the following test data [https://www.google.com/ncr]. @02-05-2021 02:10:40.0590 A

################################################################################################################################################
Starting Execution:	[80 out of 137] test cases in the current suite
Test Method:		[unitTests.tests_validations_assertions.assertElementAttribute_false_containsComparison_expectedToFail]
################################################################################################################################################
[ReportManager] Element Action [type] successfully performed. With the following test data [Automation123]. @02-05-2021 02:10:41.0390 AM
[ReportManager] Element Action [getText] successfully performed. With the following test data [Automation123]. @02-05-2021 02:10:41.0509 AM
[ReportManager] Loaded Shared OpenCV @02-05-2021 02:10:41.0692 AM
[ReportManager] AssertElementAttribute FAILED; Expected [Value Should not be 'Automation' for the 'text' attribute, element locator 'By.name: q'] and Actual [Automation123]. Comparison Type [CONTAINS]. Validation Type [NEGATIVE]. @02-05-2021 02:10:41.0774 AM
[ReportManager] Successfully created attachment [Screenshot - 1619921441692_assertElementAttribute_false_containsComparison_expectedToFail_AssertElementAttribute_failed] @02-05-2021 02:10:41.0775 A
[ReportManager] Successfully created attachment [Selenium WebDriver Logs - server] @02-05-2021 02:10:41.0858 AM
[ReportManager] Successfully created attachment [Selenium WebDriver Logs - performance] @02-05-2021 02:10:41.0990 AM
[ReportManager] Successfully created attachment [Selenium WebDriver Logs - driver] @02-05-2021 02:10:42.0157 AM
[ReportManager] Browser Action [closeCurrentWindow] successfully performed. @02-05-2021 02:10:42.0215 AM
[ReportManager] Successfully created attachment [Browser Action Test Data - closeCurrentWindow - Actual Value] @02-05-2021 02:10:42.0216 A
[ReportManager] File Action [getAbsolutePath] successfully performed. With the following test data [Relative Folder Path: "target/downloadedFiles/"]. @02-05-2021 02:10:42.0220 AM
[ReportManager] Attempting to run remotely on: [Linux-64], [GoogleChrome], [http://localhost:4444/wd/hub], Headless Execution. @02-05-2021 02:10:42.0220 AM
[ReportManager] Successfully Opened [GoogleChrome]. @02-05-2021 02:10:42.0478 AM
[ReportManager] Target URL: [https://www.google.com/ncr], and after redirection: [www.google.com] @02-05-2021 02:10:42.0498 AM
[ReportManager] Initial URL: [data:,] @02-05-2021 02:10:42.0544 AM
[ReportManager] Browser Action [navigateToURL] successfully performed. With the following test data [https://www.google.com/ncr]. @02-05-2021 02:10:43.0561 A

################################################################################################################################################
Starting Execution:	[81 out of 137] test cases in the current suite
Test Method:		[unitTests.tests_validations_assertions.assertElementAttribute_false_containsComparison_expectedToPass]
################################################################################################################################################
[ReportManager] Element Action [type] successfully performed. With the following test data [Automation123]. @02-05-2021 02:10:44.0308 AM
[ReportManager] Element Action [getText] successfully performed. With the following test data [Automation123]. @02-05-2021 02:10:44.0419 AM
[ReportManager] Loaded Shared OpenCV @02-05-2021 02:10:44.0593 AM
[ReportManager] AssertElementAttribute PASSED; Expected [Value Should not be 'Automation1234' for the 'text' attribute, element locator 'By.name: q'] and Actual [Automation123]. Comparison Type [CONTAINS]. Validation Type [NEGATIVE]. @02-05-2021 02:10:44.0676 AM
[ReportManager] Successfully created attachment [Screenshot - 1619921444592_assertElementAttribute_false_containsComparison_expectedToPass_AssertElementAttribute_passed] @02-05-2021 02:10:44.0678 A
[ReportManager] Successfully created attachment [Selenium WebDriver Logs - server] @02-05-2021 02:10:44.0774 AM
[ReportManager] Successfully created attachment [Selenium WebDriver Logs - performance] @02-05-2021 02:10:44.0888 AM
[ReportManager] Successfully created attachment [Selenium WebDriver Logs - driver] @02-05-2021 02:10:45.0051 AM
[ReportManager] Browser Action [closeCurrentWindow] successfully performed. @02-05-2021 02:10:45.0108 AM
[ReportManager] Successfully created attachment [Browser Action Test Data - closeCurrentWindow - Actual Value] @02-05-2021 02:10:45.0109 A
[ReportManager] File Action [getAbsolutePath] successfully performed. With the following test data [Relative Folder Path: "target/downloadedFiles/"]. @02-05-2021 02:10:45.0114 AM
[ReportManager] Attempting to run remotely on: [Linux-64], [GoogleChrome], [http://localhost:4444/wd/hub], Headless Execution. @02-05-2021 02:10:45.0114 AM
[ReportManager] Successfully Opened [GoogleChrome]. @02-05-2021 02:10:45.0414 AM
[ReportManager] Target URL: [https://www.google.com/ncr], and after redirection: [www.google.com] @02-05-2021 02:10:45.0436 AM
[ReportManager] Initial URL: [data:,] @02-05-2021 02:10:45.0483 AM
[ReportManager] Browser Action [navigateToURL] successfully performed. With the following test data [https://www.google.com/ncr]. @02-05-2021 02:10:46.0423 A

################################################################################################################################################
Starting Execution:	[82 out of 137] test cases in the current suite
Test Method:		[unitTests.tests_validations_assertions.assertElementAttribute_false_literalComparison_expectedToFail]
################################################################################################################################################
[ReportManager] Element Action [type] successfully performed. With the following test data [Automation!@#$%^&*()_+{}[]\';/.,]. @02-05-2021 02:10:48.0341 AM
[ReportManager] Element Action [getText] successfully performed. With the following test data [Automation!@#$%^&*()_+{}[]\';/.,]. @02-05-2021 02:10:48.0478 AM
[ReportManager] Loaded Shared OpenCV @02-05-2021 02:10:48.0665 AM
[ReportManager] AssertElementAttribute PASSED; Expected [Value Should not be 'Automation!@#$%^&*()_+{}[]\\';/.,' for the 'text' attribute, element locator 'By.name: q'] and Actual [Automation!@#$%^&*()_+{}[]\';/.,]. Comparison Type [EQUALS]. Validation Type [NEGATIVE]. @02-05-2021 02:10:48.0748 AM
[ReportManager] Successfully created attachment [Screenshot - 1619921448665_assertElementAttribute_false_literalComparison_expectedToFail_AssertElementAttribute_passed] @02-05-2021 02:10:48.0749 A
[ReportManager] Successfully created attachment [Selenium WebDriver Logs - server] @02-05-2021 02:10:48.0845 AM
[ReportManager] Successfully created attachment [Selenium WebDriver Logs - performance] @02-05-2021 02:10:49.0051 AM
[ReportManager] Successfully created attachment [Selenium WebDriver Logs - driver] @02-05-2021 02:10:49.0290 AM
[ReportManager] Browser Action [closeCurrentWindow] successfully performed. @02-05-2021 02:10:49.0347 AM
[ReportManager] Successfully created attachment [Browser Action Test Data - closeCurrentWindow - Actual Value] @02-05-2021 02:10:49.0348 A
[ReportManager] File Action [getAbsolutePath] successfully performed. With the following test data [Relative Folder Path: "target/downloadedFiles/"]. @02-05-2021 02:10:49.0350 AM
[ReportManager] Attempting to run remotely on: [Linux-64], [GoogleChrome], [http://localhost:4444/wd/hub], Headless Execution. @02-05-2021 02:10:49.0350 AM
[ReportManager] Successfully Opened [GoogleChrome]. @02-05-2021 02:10:49.0622 AM
[ReportManager] Target URL: [https://www.google.com/ncr], and after redirection: [www.google.com] @02-05-2021 02:10:49.0639 AM
[ReportManager] Initial URL: [data:,] @02-05-2021 02:10:49.0687 AM
[ReportManager] Browser Action [navigateToURL] successfully performed. With the following test data [https://www.google.com/ncr]. @02-05-2021 02:10:50.0609 A

################################################################################################################################################
Starting Execution:	[83 out of 137] test cases in the current suite
Test Method:		[unitTests.tests_validations_assertions.assertElementAttribute_false_literalComparison_expectedToPass]
################################################################################################################################################
[ReportManager] Element Action [type] successfully performed. With the following test data [Automation!@#$%^&*()_+{}[]\';/.,]. @02-05-2021 02:10:52.0453 AM
[ReportManager] Element Action [getText] successfully performed. With the following test data [Automation!@#$%^&*()_+{}[]\';/.,]. @02-05-2021 02:10:52.0578 AM
[ReportManager] Loaded Shared OpenCV @02-05-2021 02:10:52.0804 AM
[ReportManager] AssertElementAttribute PASSED; Expected [Value Should not be 'Automation' for the 'text' attribute, element locator 'By.name: q'] and Actual [Automation!@#$%^&*()_+{}[]\';/.,]. Comparison Type [EQUALS]. Validation Type [NEGATIVE]. @02-05-2021 02:10:52.0890 AM
[ReportManager] Successfully created attachment [Screenshot - 1619921452804_assertElementAttribute_false_literalComparison_expectedToPass_AssertElementAttribute_passed] @02-05-2021 02:10:52.0891 A
[ReportManager] Successfully created attachment [Selenium WebDriver Logs - server] @02-05-2021 02:10:52.0988 AM
[ReportManager] Successfully created attachment [Selenium WebDriver Logs - performance] @02-05-2021 02:10:53.0195 AM
[ReportManager] Successfully created attachment [Selenium WebDriver Logs - driver] @02-05-2021 02:10:53.0440 AM
[ReportManager] Browser Action [closeCurrentWindow] successfully performed. @02-05-2021 02:10:53.0498 AM
[ReportManager] Successfully created attachment [Browser Action Test Data - closeCurrentWindow - Actual Value] @02-05-2021 02:10:53.0499 A
[ReportManager] File Action [getAbsolutePath] successfully performed. With the following test data [Relative Folder Path: "target/downloadedFiles/"]. @02-05-2021 02:10:53.0501 AM
[ReportManager] Attempting to run remotely on: [Linux-64], [GoogleChrome], [http://localhost:4444/wd/hub], Headless Execution. @02-05-2021 02:10:53.0501 AM
[ReportManager] Successfully Opened [GoogleChrome]. @02-05-2021 02:10:53.0756 AM
[ReportManager] Target URL: [https://www.google.com/ncr], and after redirection: [www.google.com] @02-05-2021 02:10:53.0774 AM
[ReportManager] Initial URL: [data:,] @02-05-2021 02:10:53.0823 AM
[ReportManager] Browser Action [navigateToURL] successfully performed. With the following test data [https://www.google.com/ncr]. @02-05-2021 02:10:54.0835 A

################################################################################################################################################
Starting Execution:	[84 out of 137] test cases in the current suite
Test Method:		[unitTests.tests_validations_assertions.assertElementAttribute_false_regexComparison_expectedToFail]
################################################################################################################################################
[ReportManager] Element Action [type] successfully performed. With the following test data [Automation123]. @02-05-2021 02:10:55.0632 AM
[ReportManager] Element Action [getText] successfully performed. With the following test data [Automation123]. @02-05-2021 02:10:55.0742 AM
[ReportManager] Loaded Shared OpenCV @02-05-2021 02:10:55.0926 AM
[ReportManager] AssertElementAttribute FAILED; Expected [Value Should not be 'Automation.*' for the 'text' attribute, element locator 'By.name: q'] and Actual [Automation123]. Comparison Type [MATCHES]. Validation Type [NEGATIVE]. @02-05-2021 02:10:56.0024 AM
[ReportManager] Successfully created attachment [Screenshot - 1619921455925_assertElementAttribute_false_regexComparison_expectedToFail_AssertElementAttribute_failed] @02-05-2021 02:10:56.0025 A
[ReportManager] Successfully created attachment [Selenium WebDriver Logs - server] @02-05-2021 02:10:56.0115 AM
[ReportManager] Successfully created attachment [Selenium WebDriver Logs - performance] @02-05-2021 02:10:56.0226 AM
[ReportManager] Successfully created attachment [Selenium WebDriver Logs - driver] @02-05-2021 02:10:56.0393 AM
[ReportManager] Browser Action [closeCurrentWindow] successfully performed. @02-05-2021 02:10:56.0456 AM
[ReportManager] Successfully created attachment [Browser Action Test Data - closeCurrentWindow - Actual Value] @02-05-2021 02:10:56.0457 A
[ReportManager] File Action [getAbsolutePath] successfully performed. With the following test data [Relative Folder Path: "target/downloadedFiles/"]. @02-05-2021 02:10:56.0459 AM
[ReportManager] Attempting to run remotely on: [Linux-64], [GoogleChrome], [http://localhost:4444/wd/hub], Headless Execution. @02-05-2021 02:10:56.0460 AM
[ReportManager] Successfully Opened [GoogleChrome]. @02-05-2021 02:10:56.0744 AM
[ReportManager] Target URL: [https://www.google.com/ncr], and after redirection: [www.google.com] @02-05-2021 02:10:56.0754 AM
[ReportManager] Initial URL: [data:,] @02-05-2021 02:10:56.0811 AM
[ReportManager] Browser Action [navigateToURL] successfully performed. With the following test data [https://www.google.com/ncr]. @02-05-2021 02:10:57.0771 A

################################################################################################################################################
Starting Execution:	[85 out of 137] test cases in the current suite
Test Method:		[unitTests.tests_validations_assertions.assertElementAttribute_false_regexComparison_expectedToPass]
################################################################################################################################################
[ReportManager] Element Action [type] successfully performed. With the following test data [Automation123]. @02-05-2021 02:10:58.0564 AM
[ReportManager] Element Action [getText] successfully performed. With the following test data [Automation123]. @02-05-2021 02:10:58.0684 AM
[ReportManager] Loaded Shared OpenCV @02-05-2021 02:10:58.0858 AM
[ReportManager] AssertElementAttribute PASSED; Expected [Value Should not be 'Automation' for the 'text' attribute, element locator 'By.name: q'] and Actual [Automation123]. Comparison Type [MATCHES]. Validation Type [NEGATIVE]. @02-05-2021 02:10:58.0941 AM
[ReportManager] Successfully created attachment [Screenshot - 1619921458858_assertElementAttribute_false_regexComparison_expectedToPass_AssertElementAttribute_passed] @02-05-2021 02:10:58.0943 A
[ReportManager] Successfully created attachment [Selenium WebDriver Logs - server] @02-05-2021 02:10:59.0046 AM
[ReportManager] Successfully created attachment [Selenium WebDriver Logs - performance] @02-05-2021 02:10:59.0153 AM
[ReportManager] Successfully created attachment [Selenium WebDriver Logs - driver] @02-05-2021 02:10:59.0318 AM
[ReportManager] Browser Action [closeCurrentWindow] successfully performed. @02-05-2021 02:10:59.0375 AM
[ReportManager] Successfully created attachment [Browser Action Test Data - closeCurrentWindow - Actual Value] @02-05-2021 02:10:59.0376 A
[ReportManager] File Action [getAbsolutePath] successfully performed. With the following test data [Relative Folder Path: "target/downloadedFiles/"]. @02-05-2021 02:10:59.0380 AM
[ReportManager] Attempting to run remotely on: [Linux-64], [GoogleChrome], [http://localhost:4444/wd/hub], Headless Execution. @02-05-2021 02:10:59.0380 AM
[ReportManager] Successfully Opened [GoogleChrome]. @02-05-2021 02:10:59.0611 AM
[ReportManager] Target URL: [https://www.google.com/ncr], and after redirection: [www.google.com] @02-05-2021 02:10:59.0645 AM
[ReportManager] Initial URL: [data:,] @02-05-2021 02:10:59.0694 AM
[ReportManager] Browser Action [navigateToURL] successfully performed. With the following test data [https://www.google.com/ncr]. @02-05-2021 02:11:00.0599 A

################################################################################################################################################
Starting Execution:	[86 out of 137] test cases in the current suite
Test Method:		[unitTests.tests_validations_assertions.assertElementAttribute_true_caseInsensitiveComparison_expectedToFail]
################################################################################################################################################
[ReportManager] Element Action [type] successfully performed. With the following test data [AUTOMATION]. @02-05-2021 02:11:01.0331 AM
[ReportManager] Element Action [getText] successfully performed. With the following test data [AUTOMATION]. @02-05-2021 02:11:01.0443 AM
[ReportManager] Loaded Shared OpenCV @02-05-2021 02:11:01.0637 AM
[ReportManager] AssertElementAttribute FAILED; Expected [Value Should be 'AutomaTion123' for the 'text' attribute, element locator 'By.name: q'] and Actual [AUTOMATION]. Comparison Type [CASE_INSENSITIVE]. Validation Type [POSITIVE]. @02-05-2021 02:11:01.0722 AM
[ReportManager] Successfully created attachment [Screenshot - 1619921461637_assertElementAttribute_true_caseInsensitiveComparison_expectedToFail_AssertElementAttribute_failed] @02-05-2021 02:11:01.0723 A
[ReportManager] Successfully created attachment [Selenium WebDriver Logs - server] @02-05-2021 02:11:01.0818 AM
[ReportManager] Successfully created attachment [Selenium WebDriver Logs - performance] @02-05-2021 02:11:01.0940 AM
[ReportManager] Successfully created attachment [Selenium WebDriver Logs - driver] @02-05-2021 02:11:02.0094 AM
[ReportManager] Browser Action [closeCurrentWindow] successfully performed. @02-05-2021 02:11:02.0152 AM
[ReportManager] Successfully created attachment [Browser Action Test Data - closeCurrentWindow - Actual Value] @02-05-2021 02:11:02.0153 A
[ReportManager] File Action [getAbsolutePath] successfully performed. With the following test data [Relative Folder Path: "target/downloadedFiles/"]. @02-05-2021 02:11:02.0156 AM
[ReportManager] Attempting to run remotely on: [Linux-64], [GoogleChrome], [http://localhost:4444/wd/hub], Headless Execution. @02-05-2021 02:11:02.0156 AM
[ReportManager] Successfully Opened [GoogleChrome]. @02-05-2021 02:11:02.0398 AM
[ReportManager] Target URL: [https://www.google.com/ncr], and after redirection: [www.google.com] @02-05-2021 02:11:02.0414 AM
[ReportManager] Initial URL: [data:,] @02-05-2021 02:11:02.0456 AM
[ReportManager] Browser Action [navigateToURL] successfully performed. With the following test data [https://www.google.com/ncr]. @02-05-2021 02:11:03.0446 A

################################################################################################################################################
Starting Execution:	[87 out of 137] test cases in the current suite
Test Method:		[unitTests.tests_validations_assertions.assertElementAttribute_true_caseInsensitiveComparison_expectedToPass]
################################################################################################################################################
[ReportManager] Element Action [type] successfully performed. With the following test data [AUTOMATION]. @02-05-2021 02:11:04.0248 AM
[ReportManager] Element Action [getText] successfully performed. With the following test data [AUTOMATION]. @02-05-2021 02:11:04.0372 AM
[ReportManager] Loaded Shared OpenCV @02-05-2021 02:11:04.0550 AM
[ReportManager] AssertElementAttribute PASSED; Expected [Value Should be 'AutomaTion' for the 'text' attribute, element locator 'By.name: q'] and Actual [AUTOMATION]. Comparison Type [CASE_INSENSITIVE]. Validation Type [POSITIVE]. @02-05-2021 02:11:04.0634 AM
[ReportManager] Successfully created attachment [Screenshot - 1619921464550_assertElementAttribute_true_caseInsensitiveComparison_expectedToPass_AssertElementAttribute_passed] @02-05-2021 02:11:04.0635 A
[ReportManager] Successfully created attachment [Selenium WebDriver Logs - server] @02-05-2021 02:11:04.0727 AM
[ReportManager] Successfully created attachment [Selenium WebDriver Logs - performance] @02-05-2021 02:11:04.0836 AM
[ReportManager] Successfully created attachment [Selenium WebDriver Logs - driver] @02-05-2021 02:11:05.0001 AM
[ReportManager] Browser Action [closeCurrentWindow] successfully performed. @02-05-2021 02:11:05.0058 AM
[ReportManager] Successfully created attachment [Browser Action Test Data - closeCurrentWindow - Actual Value] @02-05-2021 02:11:05.0059 A
[ReportManager] File Action [getAbsolutePath] successfully performed. With the following test data [Relative Folder Path: "target/downloadedFiles/"]. @02-05-2021 02:11:05.0061 AM
[ReportManager] Attempting to run remotely on: [Linux-64], [GoogleChrome], [http://localhost:4444/wd/hub], Headless Execution. @02-05-2021 02:11:05.0061 AM
[ReportManager] Successfully Opened [GoogleChrome]. @02-05-2021 02:11:05.0313 AM
[ReportManager] Target URL: [https://www.google.com/ncr], and after redirection: [www.google.com] @02-05-2021 02:11:05.0326 AM
[ReportManager] Initial URL: [data:,] @02-05-2021 02:11:05.0375 AM
[ReportManager] Browser Action [navigateToURL] successfully performed. With the following test data [https://www.google.com/ncr]. @02-05-2021 02:11:06.0354 A

################################################################################################################################################
Starting Execution:	[88 out of 137] test cases in the current suite
Test Method:		[unitTests.tests_validations_assertions.assertElementAttribute_true_containsComparison_expectedToFail]
################################################################################################################################################
[ReportManager] Element Action [type] successfully performed. With the following test data [Automation123]. @02-05-2021 02:11:07.0126 AM
[ReportManager] Element Action [getText] successfully performed. With the following test data [Automation123]. @02-05-2021 02:11:07.0238 AM
[ReportManager] Loaded Shared OpenCV @02-05-2021 02:11:07.0414 AM
[ReportManager] AssertElementAttribute FAILED; Expected [Value Should be 'Automation1234' for the 'text' attribute, element locator 'By.name: q'] and Actual [Automation123]. Comparison Type [CONTAINS]. Validation Type [POSITIVE]. @02-05-2021 02:11:07.0503 AM
[ReportManager] Successfully created attachment [Screenshot - 1619921467414_assertElementAttribute_true_containsComparison_expectedToFail_AssertElementAttribute_failed] @02-05-2021 02:11:07.0504 A
[ReportManager] Successfully created attachment [Selenium WebDriver Logs - server] @02-05-2021 02:11:07.0599 AM
[ReportManager] Successfully created attachment [Selenium WebDriver Logs - performance] @02-05-2021 02:11:07.0730 AM
[ReportManager] Successfully created attachment [Selenium WebDriver Logs - driver] @02-05-2021 02:11:07.0897 AM
[ReportManager] Browser Action [closeCurrentWindow] successfully performed. @02-05-2021 02:11:07.0954 AM
[ReportManager] Successfully created attachment [Browser Action Test Data - closeCurrentWindow - Actual Value] @02-05-2021 02:11:07.0955 A
[ReportManager] File Action [getAbsolutePath] successfully performed. With the following test data [Relative Folder Path: "target/downloadedFiles/"]. @02-05-2021 02:11:07.0958 AM
[ReportManager] Attempting to run remotely on: [Linux-64], [GoogleChrome], [http://localhost:4444/wd/hub], Headless Execution. @02-05-2021 02:11:07.0958 AM
[ReportManager] Successfully Opened [GoogleChrome]. @02-05-2021 02:11:08.0225 AM
[ReportManager] Target URL: [https://www.google.com/ncr], and after redirection: [www.google.com] @02-05-2021 02:11:08.0245 AM
[ReportManager] Initial URL: [data:,] @02-05-2021 02:11:08.0318 AM
[ReportManager] Browser Action [navigateToURL] successfully performed. With the following test data [https://www.google.com/ncr]. @02-05-2021 02:11:09.0273 A

################################################################################################################################################
Starting Execution:	[89 out of 137] test cases in the current suite
Test Method:		[unitTests.tests_validations_assertions.assertElementAttribute_true_containsComparison_expectedToPass]
################################################################################################################################################
[ReportManager] Element Action [type] successfully performed. With the following test data [Automation123]. @02-05-2021 02:11:10.0040 AM
[ReportManager] Element Action [getText] successfully performed. With the following test data [Automation123]. @02-05-2021 02:11:10.0143 AM
[ReportManager] Loaded Shared OpenCV @02-05-2021 02:11:10.0335 AM
[ReportManager] AssertElementAttribute PASSED; Expected [Value Should be 'Automation' for the 'text' attribute, element locator 'By.name: q'] and Actual [Automation123]. Comparison Type [CONTAINS]. Validation Type [POSITIVE]. @02-05-2021 02:11:10.0416 AM
[ReportManager] Successfully created attachment [Screenshot - 1619921470335_assertElementAttribute_true_containsComparison_expectedToPass_AssertElementAttribute_passed] @02-05-2021 02:11:10.0417 A
[ReportManager] Successfully created attachment [Selenium WebDriver Logs - server] @02-05-2021 02:11:10.0504 AM
[ReportManager] Successfully created attachment [Selenium WebDriver Logs - performance] @02-05-2021 02:11:10.0613 AM
[ReportManager] Successfully created attachment [Selenium WebDriver Logs - driver] @02-05-2021 02:11:10.0774 AM
[ReportManager] Browser Action [closeCurrentWindow] successfully performed. @02-05-2021 02:11:10.0831 AM
[ReportManager] Successfully created attachment [Browser Action Test Data - closeCurrentWindow - Actual Value] @02-05-2021 02:11:10.0831 A
[ReportManager] File Action [getAbsolutePath] successfully performed. With the following test data [Relative Folder Path: "target/downloadedFiles/"]. @02-05-2021 02:11:10.0835 AM
[ReportManager] Attempting to run remotely on: [Linux-64], [GoogleChrome], [http://localhost:4444/wd/hub], Headless Execution. @02-05-2021 02:11:10.0835 AM
[ReportManager] Successfully Opened [GoogleChrome]. @02-05-2021 02:11:11.0078 AM
[ReportManager] Target URL: [https://www.google.com/ncr], and after redirection: [www.google.com] @02-05-2021 02:11:11.0094 AM
[ReportManager] Initial URL: [data:,] @02-05-2021 02:11:11.0137 AM
[ReportManager] Browser Action [navigateToURL] successfully performed. With the following test data [https://www.google.com/ncr]. @02-05-2021 02:11:12.0113 A

################################################################################################################################################
Starting Execution:	[90 out of 137] test cases in the current suite
Test Method:		[unitTests.tests_validations_assertions.assertElementAttribute_true_literalComparison_expectedToFail]
################################################################################################################################################
[ReportManager] Element Action [type] successfully performed. With the following test data [Automation!@#$%^&*()_+{}[]\';/.,]. @02-05-2021 02:11:13.0927 AM
[ReportManager] Element Action [getText] successfully performed. With the following test data [Automation!@#$%^&*()_+{}[]\';/.,]. @02-05-2021 02:11:14.0051 AM
[ReportManager] Loaded Shared OpenCV @02-05-2021 02:11:14.0214 AM
[ReportManager] AssertElementAttribute FAILED; Expected [Value Should be 'Automation' for the 'text' attribute, element locator 'By.name: q'] and Actual [Automation!@#$%^&*()_+{}[]\';/.,]. Comparison Type [EQUALS]. Validation Type [POSITIVE]. @02-05-2021 02:11:14.0300 AM
[ReportManager] Successfully created attachment [Screenshot - 1619921474214_assertElementAttribute_true_literalComparison_expectedToFail_AssertElementAttribute_failed] @02-05-2021 02:11:14.0301 A
[ReportManager] Successfully created attachment [Selenium WebDriver Logs - server] @02-05-2021 02:11:14.0397 AM
[ReportManager] Successfully created attachment [Selenium WebDriver Logs - performance] @02-05-2021 02:11:14.0594 AM
[ReportManager] Successfully created attachment [Selenium WebDriver Logs - driver] @02-05-2021 02:11:14.0817 AM
[ReportManager] Browser Action [closeCurrentWindow] successfully performed. @02-05-2021 02:11:14.0874 AM
[ReportManager] Successfully created attachment [Browser Action Test Data - closeCurrentWindow - Actual Value] @02-05-2021 02:11:14.0874 A
[ReportManager] File Action [getAbsolutePath] successfully performed. With the following test data [Relative Folder Path: "target/downloadedFiles/"]. @02-05-2021 02:11:14.0877 AM
[ReportManager] Attempting to run remotely on: [Linux-64], [GoogleChrome], [http://localhost:4444/wd/hub], Headless Execution. @02-05-2021 02:11:14.0877 AM
[ReportManager] Successfully Opened [GoogleChrome]. @02-05-2021 02:11:15.0186 AM
[ReportManager] Target URL: [https://www.google.com/ncr], and after redirection: [www.google.com] @02-05-2021 02:11:15.0201 AM
[ReportManager] Initial URL: [data:,] @02-05-2021 02:11:15.0258 AM
[ReportManager] Browser Action [navigateToURL] successfully performed. With the following test data [https://www.google.com/ncr]. @02-05-2021 02:11:16.0321 A

################################################################################################################################################
Starting Execution:	[91 out of 137] test cases in the current suite
Test Method:		[unitTests.tests_validations_assertions.assertElementAttribute_true_literalComparison_expectedToPass]
################################################################################################################################################
[ReportManager] Element Action [type] successfully performed. With the following test data [Automation!@#$%^&*()_+{}[]\';/.,]. @02-05-2021 02:11:18.0241 AM
[ReportManager] Element Action [getText] successfully performed. With the following test data [Automation!@#$%^&*()_+{}[]\';/.,]. @02-05-2021 02:11:18.0367 AM
[ReportManager] Loaded Shared OpenCV @02-05-2021 02:11:18.0595 AM
[ReportManager] AssertElementAttribute PASSED; Expected [Value Should be 'Automation!@#$%^&*()_+{}[]\';/.,' for the 'text' attribute, element locator 'By.name: q'] and Actual [Automation!@#$%^&*()_+{}[]\';/.,]. Comparison Type [EQUALS]. Validation Type [POSITIVE]. @02-05-2021 02:11:18.0673 AM
[ReportManager] Successfully created attachment [Screenshot - 1619921478595_assertElementAttribute_true_literalComparison_expectedToPass_AssertElementAttribute_passed] @02-05-2021 02:11:18.0674 A
[ReportManager] Successfully created attachment [Selenium WebDriver Logs - server] @02-05-2021 02:11:18.0764 AM
[ReportManager] Successfully created attachment [Selenium WebDriver Logs - performance] @02-05-2021 02:11:18.0987 AM
[ReportManager] Successfully created attachment [Selenium WebDriver Logs - driver] @02-05-2021 02:11:19.0252 AM
[ReportManager] Browser Action [closeCurrentWindow] successfully performed. @02-05-2021 02:11:19.0308 AM
[ReportManager] Successfully created attachment [Browser Action Test Data - closeCurrentWindow - Actual Value] @02-05-2021 02:11:19.0310 A
[ReportManager] File Action [getAbsolutePath] successfully performed. With the following test data [Relative Folder Path: "target/downloadedFiles/"]. @02-05-2021 02:11:19.0313 AM
[ReportManager] Attempting to run remotely on: [Linux-64], [GoogleChrome], [http://localhost:4444/wd/hub], Headless Execution. @02-05-2021 02:11:19.0313 AM
[ReportManager] Successfully Opened [GoogleChrome]. @02-05-2021 02:11:19.0559 AM
[ReportManager] Target URL: [https://www.google.com/ncr], and after redirection: [www.google.com] @02-05-2021 02:11:19.0569 AM
[ReportManager] Initial URL: [data:,] @02-05-2021 02:11:19.0628 AM
[ReportManager] Browser Action [navigateToURL] successfully performed. With the following test data [https://www.google.com/ncr]. @02-05-2021 02:11:20.0518 A

################################################################################################################################################
Starting Execution:	[92 out of 137] test cases in the current suite
Test Method:		[unitTests.tests_validations_assertions.assertElementAttribute_true_regexComparison_expectedToFail]
################################################################################################################################################
[ReportManager] Element Action [type] successfully performed. With the following test data [Automation123]. @02-05-2021 02:11:21.0262 AM
[ReportManager] Element Action [getText] successfully performed. With the following test data [Automation123]. @02-05-2021 02:11:21.0376 AM
[ReportManager] Loaded Shared OpenCV @02-05-2021 02:11:21.0567 AM
[ReportManager] AssertElementAttribute FAILED; Expected [Value Should be 'Automation' for the 'text' attribute, element locator 'By.name: q'] and Actual [Automation123]. Comparison Type [MATCHES]. Validation Type [POSITIVE]. @02-05-2021 02:11:21.0648 AM
[ReportManager] Successfully created attachment [Screenshot - 1619921481567_assertElementAttribute_true_regexComparison_expectedToFail_AssertElementAttribute_failed] @02-05-2021 02:11:21.0651 A
[ReportManager] Successfully created attachment [Selenium WebDriver Logs - server] @02-05-2021 02:11:21.0741 AM
[ReportManager] Successfully created attachment [Selenium WebDriver Logs - performance] @02-05-2021 02:11:21.0844 AM
[ReportManager] Successfully created attachment [Selenium WebDriver Logs - driver] @02-05-2021 02:11:22.0004 AM
[ReportManager] Browser Action [closeCurrentWindow] successfully performed. @02-05-2021 02:11:22.0062 AM
[ReportManager] Successfully created attachment [Browser Action Test Data - closeCurrentWindow - Actual Value] @02-05-2021 02:11:22.0063 A
[ReportManager] File Action [getAbsolutePath] successfully performed. With the following test data [Relative Folder Path: "target/downloadedFiles/"]. @02-05-2021 02:11:22.0065 AM
[ReportManager] Attempting to run remotely on: [Linux-64], [GoogleChrome], [http://localhost:4444/wd/hub], Headless Execution. @02-05-2021 02:11:22.0065 AM
[ReportManager] Successfully Opened [GoogleChrome]. @02-05-2021 02:11:22.0397 AM
[ReportManager] Target URL: [https://www.google.com/ncr], and after redirection: [www.google.com] @02-05-2021 02:11:22.0407 AM
[ReportManager] Initial URL: [data:,] @02-05-2021 02:11:22.0458 AM
[ReportManager] Browser Action [navigateToURL] successfully performed. With the following test data [https://www.google.com/ncr]. @02-05-2021 02:11:23.0412 A

################################################################################################################################################
Starting Execution:	[93 out of 137] test cases in the current suite
Test Method:		[unitTests.tests_validations_assertions.assertElementAttribute_true_regexComparison_expectedToPass]
################################################################################################################################################
[ReportManager] Element Action [type] successfully performed. With the following test data [Automation123]. @02-05-2021 02:11:24.0174 AM
[ReportManager] Element Action [getText] successfully performed. With the following test data [Automation123]. @02-05-2021 02:11:24.0330 AM
[ReportManager] Loaded Shared OpenCV @02-05-2021 02:11:24.0510 AM
[ReportManager] AssertElementAttribute PASSED; Expected [Value Should be 'Automation.*' for the 'text' attribute, element locator 'By.name: q'] and Actual [Automation123]. Comparison Type [MATCHES]. Validation Type [POSITIVE]. @02-05-2021 02:11:24.0610 AM
[ReportManager] Successfully created attachment [Screenshot - 1619921484510_assertElementAttribute_true_regexComparison_expectedToPass_AssertElementAttribute_passed] @02-05-2021 02:11:24.0611 A
[ReportManager] Successfully created attachment [Selenium WebDriver Logs - server] @02-05-2021 02:11:24.0748 AM
[ReportManager] Successfully created attachment [Selenium WebDriver Logs - performance] @02-05-2021 02:11:24.0877 AM
[ReportManager] Successfully created attachment [Selenium WebDriver Logs - driver] @02-05-2021 02:11:25.0107 AM
[ReportManager] Browser Action [closeCurrentWindow] successfully performed. @02-05-2021 02:11:25.0164 AM
[ReportManager] Successfully created attachment [Browser Action Test Data - closeCurrentWindow - Actual Value] @02-05-2021 02:11:25.0165 A
[ReportManager] File Action [getAbsolutePath] successfully performed. With the following test data [Relative Folder Path: "target/downloadedFiles/"]. @02-05-2021 02:11:25.0167 AM
[ReportManager] Attempting to run remotely on: [Linux-64], [GoogleChrome], [http://localhost:4444/wd/hub], Headless Execution. @02-05-2021 02:11:25.0168 AM
[ReportManager] Successfully Opened [GoogleChrome]. @02-05-2021 02:11:25.0450 AM
[ReportManager] Target URL: [https://www.google.com/ncr], and after redirection: [www.google.com] @02-05-2021 02:11:25.0460 AM
[ReportManager] Initial URL: [data:,] @02-05-2021 02:11:25.0507 AM
[ReportManager] Browser Action [navigateToURL] successfully performed. With the following test data [https://www.google.com/ncr]. @02-05-2021 02:11:26.0435 A

################################################################################################################################################
Starting Execution:	[94 out of 137] test cases in the current suite
Test Method:		[unitTests.tests_validations_assertions.assertElementAttribute_type_true_literalComparison_expectedToPass]
################################################################################################################################################
[ReportManager] Element Action [type] successfully performed. With the following test data [Automation!@#$%^&*()_+{}[]\';/.,]. @02-05-2021 02:11:28.0290 AM
[ReportManager] Element Action [getText] successfully performed. With the following test data [Automation!@#$%^&*()_+{}[]\';/.,]. @02-05-2021 02:11:28.0436 AM
[ReportManager] Loaded Shared OpenCV @02-05-2021 02:11:28.0638 AM
[ReportManager] AssertElementAttribute PASSED; Expected [Value Should be 'Automation!@#$%^&*()_+{}[]\';/.,' for the 'text' attribute, element locator 'By.name: q'] and Actual [Automation!@#$%^&*()_+{}[]\';/.,]. Comparison Type [EQUALS]. Validation Type [POSITIVE]. @02-05-2021 02:11:28.0725 AM
[ReportManager] Successfully created attachment [Screenshot - 1619921488638_assertElementAttribute_type_true_literalComparison_expectedToPass_AssertElementAttribute_passed] @02-05-2021 02:11:28.0726 A
[ReportManager] Successfully created attachment [Selenium WebDriver Logs - server] @02-05-2021 02:11:28.0815 AM
[ReportManager] Successfully created attachment [Selenium WebDriver Logs - performance] @02-05-2021 02:11:28.0999 AM
[ReportManager] Successfully created attachment [Selenium WebDriver Logs - driver] @02-05-2021 02:11:29.0232 AM
[ReportManager] Browser Action [closeCurrentWindow] successfully performed. @02-05-2021 02:11:29.0289 AM
[ReportManager] Successfully created attachment [Browser Action Test Data - closeCurrentWindow - Actual Value] @02-05-2021 02:11:29.0290 A
[ReportManager] File Action [getAbsolutePath] successfully performed. With the following test data [Relative Folder Path: "target/downloadedFiles/"]. @02-05-2021 02:11:29.0294 AM
[ReportManager] Attempting to run remotely on: [Linux-64], [GoogleChrome], [http://localhost:4444/wd/hub], Headless Execution. @02-05-2021 02:11:29.0294 AM
[ReportManager] Successfully Opened [GoogleChrome]. @02-05-2021 02:11:29.0548 AM
[ReportManager] Target URL: [https://www.google.com/ncr], and after redirection: [www.google.com] @02-05-2021 02:11:29.0560 AM
[ReportManager] Initial URL: [data:,] @02-05-2021 02:11:29.0601 AM
[ReportManager] Browser Action [navigateToURL] successfully performed. With the following test data [https://www.google.com/ncr]. @02-05-2021 02:11:30.0564 A

################################################################################################################################################
Starting Execution:	[95 out of 137] test cases in the current suite
Test Method:		[unitTests.tests_validations_assertions.assertElementExists_false_expectedToFail]
################################################################################################################################################
[ReportManager] Loaded Shared OpenCV @02-05-2021 02:11:30.0822 AM
[ReportManager] AssertElementExists FAILED; Expected [Element Should not Exist, locator 'By.id: hplogo'] and Actual [Element Exists]. Comparison Type [EQUALS]. Validation Type [NEGATIVE]. @02-05-2021 02:11:30.0902 AM
[ReportManager] Successfully created attachment [Screenshot - 1619921490822_assertElementExists_false_expectedToFail_AssertElementExists_failed] @02-05-2021 02:11:30.0903 A
[ReportManager] Successfully created attachment [Selenium WebDriver Logs - server] @02-05-2021 02:11:30.0986 AM
[ReportManager] Successfully created attachment [Selenium WebDriver Logs - performance] @02-05-2021 02:11:31.0029 AM
[ReportManager] Successfully created attachment [Selenium WebDriver Logs - driver] @02-05-2021 02:11:31.0120 AM
[ReportManager] Browser Action [closeCurrentWindow] successfully performed. @02-05-2021 02:11:31.0179 AM
[ReportManager] Successfully created attachment [Browser Action Test Data - closeCurrentWindow - Actual Value] @02-05-2021 02:11:31.0180 A
[ReportManager] File Action [getAbsolutePath] successfully performed. With the following test data [Relative Folder Path: "target/downloadedFiles/"]. @02-05-2021 02:11:31.0187 AM
[ReportManager] Attempting to run remotely on: [Linux-64], [GoogleChrome], [http://localhost:4444/wd/hub], Headless Execution. @02-05-2021 02:11:31.0187 AM
[ReportManager] Successfully Opened [GoogleChrome]. @02-05-2021 02:11:31.0446 AM
[ReportManager] Target URL: [https://www.google.com/ncr], and after redirection: [www.google.com] @02-05-2021 02:11:31.0468 AM
[ReportManager] Initial URL: [data:,] @02-05-2021 02:11:31.0515 AM
[ReportManager] Browser Action [navigateToURL] successfully performed. With the following test data [https://www.google.com/ncr]. @02-05-2021 02:11:32.0438 A

################################################################################################################################################
Starting Execution:	[96 out of 137] test cases in the current suite
Test Method:		[unitTests.tests_validations_assertions.assertElementExists_false_expectedToPass]
################################################################################################################################################
[ReportManager] AssertElementExists PASSED; Expected [Element Should not Exist, locator 'By.id: fakeElement'] and Actual [Element Doesn't Exists]. Comparison Type [EQUALS]. Validation Type [NEGATIVE]. @02-05-2021 02:11:42.0898 AM
[ReportManager] Successfully created attachment [Screenshot - 1619921502827_assertElementExists_false_expectedToPass_AssertElementExists_passed] @02-05-2021 02:11:42.0898 A
[ReportManager] Successfully created attachment [Selenium WebDriver Logs - server] @02-05-2021 02:11:42.0991 AM
[ReportManager] Successfully created attachment [Selenium WebDriver Logs - performance] @02-05-2021 02:11:43.0036 AM
[ReportManager] Successfully created attachment [Selenium WebDriver Logs - driver] @02-05-2021 02:11:43.0136 AM
[ReportManager] Browser Action [closeCurrentWindow] successfully performed. @02-05-2021 02:11:43.0192 AM
[ReportManager] Successfully created attachment [Browser Action Test Data - closeCurrentWindow - Actual Value] @02-05-2021 02:11:43.0193 A
[ReportManager] File Action [getAbsolutePath] successfully performed. With the following test data [Relative Folder Path: "target/downloadedFiles/"]. @02-05-2021 02:11:43.0195 AM
[ReportManager] Attempting to run remotely on: [Linux-64], [GoogleChrome], [http://localhost:4444/wd/hub], Headless Execution. @02-05-2021 02:11:43.0198 AM
[ReportManager] Successfully Opened [GoogleChrome]. @02-05-2021 02:11:43.0505 AM
[ReportManager] Target URL: [https://www.google.com/ncr], and after redirection: [www.google.com] @02-05-2021 02:11:43.0516 AM
[ReportManager] Initial URL: [data:,] @02-05-2021 02:11:43.0561 AM
[ReportManager] Browser Action [navigateToURL] successfully performed. With the following test data [https://www.google.com/ncr]. @02-05-2021 02:11:44.0480 A

################################################################################################################################################
Starting Execution:	[97 out of 137] test cases in the current suite
Test Method:		[unitTests.tests_validations_assertions.assertElementExists_false_multipleElementsFound_expectedToFail]
################################################################################################################################################
[ReportManager] AssertElementExists FAILED; Expected [Element Should not Exist, locator 'By.xpath: //div'] and Actual [Element Exists but is not unique]. Comparison Type [EQUALS]. Validation Type [NEGATIVE]. @02-05-2021 02:11:44.0762 AM
[ReportManager] Successfully created attachment [Screenshot - 1619921504698_assertElementExists_false_multipleElementsFound_expectedToFail_AssertElementExists_failed] @02-05-2021 02:11:44.0763 A
[ReportManager] Successfully created attachment [Selenium WebDriver Logs - server] @02-05-2021 02:11:44.0847 AM
[ReportManager] Successfully created attachment [Selenium WebDriver Logs - performance] @02-05-2021 02:11:44.0881 AM
[ReportManager] Successfully created attachment [Selenium WebDriver Logs - driver] @02-05-2021 02:11:44.0971 AM
[ReportManager] Browser Action [closeCurrentWindow] successfully performed. @02-05-2021 02:11:45.0027 AM
[ReportManager] Successfully created attachment [Browser Action Test Data - closeCurrentWindow - Actual Value] @02-05-2021 02:11:45.0028 A
[ReportManager] File Action [getAbsolutePath] successfully performed. With the following test data [Relative Folder Path: "target/downloadedFiles/"]. @02-05-2021 02:11:45.0033 AM
[ReportManager] Attempting to run remotely on: [Linux-64], [GoogleChrome], [http://localhost:4444/wd/hub], Headless Execution. @02-05-2021 02:11:45.0033 AM
[ReportManager] Successfully Opened [GoogleChrome]. @02-05-2021 02:11:45.0282 AM
[ReportManager] Target URL: [https://www.google.com/ncr], and after redirection: [www.google.com] @02-05-2021 02:11:45.0292 AM
[ReportManager] Initial URL: [data:,] @02-05-2021 02:11:45.0338 AM
[ReportManager] Browser Action [navigateToURL] successfully performed. With the following test data [https://www.google.com/ncr]. @02-05-2021 02:11:46.0408 A

################################################################################################################################################
Starting Execution:	[98 out of 137] test cases in the current suite
Test Method:		[unitTests.tests_validations_assertions.assertElementExists_true_expectedToFail]
################################################################################################################################################
[ReportManager] AssertElementExists FAILED; Expected [Element Should Exist, locator 'By.id: fakeElement'] and Actual [Element Doesn't Exists]. Comparison Type [EQUALS]. Validation Type [POSITIVE]. @02-05-2021 02:12:17.0155 AM
[ReportManager] Successfully created attachment [Screenshot - 1619921537088_assertElementExists_true_expectedToFail_AssertElementExists_failed] @02-05-2021 02:12:17.0156 A
[ReportManager] Successfully created attachment [Selenium WebDriver Logs - server] @02-05-2021 02:12:17.0259 AM
[ReportManager] Successfully created attachment [Selenium WebDriver Logs - performance] @02-05-2021 02:12:17.0315 AM
[ReportManager] Successfully created attachment [Selenium WebDriver Logs - driver] @02-05-2021 02:12:17.0419 AM
[ReportManager] Browser Action [closeCurrentWindow] successfully performed. @02-05-2021 02:12:17.0479 AM
[ReportManager] Successfully created attachment [Browser Action Test Data - closeCurrentWindow - Actual Value] @02-05-2021 02:12:17.0480 A
[ReportManager] File Action [getAbsolutePath] successfully performed. With the following test data [Relative Folder Path: "target/downloadedFiles/"]. @02-05-2021 02:12:17.0482 AM
[ReportManager] Attempting to run remotely on: [Linux-64], [GoogleChrome], [http://localhost:4444/wd/hub], Headless Execution. @02-05-2021 02:12:17.0482 AM
[ReportManager] Successfully Opened [GoogleChrome]. @02-05-2021 02:12:17.0771 AM
[ReportManager] Target URL: [https://www.google.com/ncr], and after redirection: [www.google.com] @02-05-2021 02:12:17.0781 AM
[ReportManager] Initial URL: [data:,] @02-05-2021 02:12:17.0820 AM
[ReportManager] Browser Action [navigateToURL] successfully performed. With the following test data [https://www.google.com/ncr]. @02-05-2021 02:12:18.0785 A

################################################################################################################################################
Starting Execution:	[99 out of 137] test cases in the current suite
Test Method:		[unitTests.tests_validations_assertions.assertElementExists_true_expectedToPass]
################################################################################################################################################
[ReportManager] Loaded Shared OpenCV @02-05-2021 02:12:19.0005 AM
[ReportManager] AssertElementExists PASSED; Expected [Element Should Exist, locator 'By.xpath: //img[@id='hplogo' or @alt='Google']'] and Actual [Element Exists]. Comparison Type [EQUALS]. Validation Type [POSITIVE]. @02-05-2021 02:12:19.0091 AM
[ReportManager] Successfully created attachment [Screenshot - 1619921539005_assertElementExists_true_expectedToPass_AssertElementExists_passed] @02-05-2021 02:12:19.0092 A
[ReportManager] Successfully created attachment [Selenium WebDriver Logs - server] @02-05-2021 02:12:19.0185 AM
[ReportManager] Successfully created attachment [Selenium WebDriver Logs - performance] @02-05-2021 02:12:19.0220 AM
[ReportManager] Successfully created attachment [Selenium WebDriver Logs - driver] @02-05-2021 02:12:19.0303 AM
[ReportManager] Browser Action [closeCurrentWindow] successfully performed. @02-05-2021 02:12:19.0361 AM
[ReportManager] Successfully created attachment [Browser Action Test Data - closeCurrentWindow - Actual Value] @02-05-2021 02:12:19.0362 A
[ReportManager] File Action [getAbsolutePath] successfully performed. With the following test data [Relative Folder Path: "target/downloadedFiles/"]. @02-05-2021 02:12:19.0365 AM
[ReportManager] Attempting to run remotely on: [Linux-64], [GoogleChrome], [http://localhost:4444/wd/hub], Headless Execution. @02-05-2021 02:12:19.0368 AM
[ReportManager] Successfully Opened [GoogleChrome]. @02-05-2021 02:12:19.0607 AM
[ReportManager] Target URL: [https://www.google.com/ncr], and after redirection: [www.google.com] @02-05-2021 02:12:19.0624 AM
[ReportManager] Initial URL: [data:,] @02-05-2021 02:12:19.0668 AM
[ReportManager] Browser Action [navigateToURL] successfully performed. With the following test data [https://www.google.com/ncr]. @02-05-2021 02:12:20.0778 A

################################################################################################################################################
Starting Execution:	[100 out of 137] test cases in the current suite
Test Method:		[unitTests.tests_validations_assertions.assertElementExists_true_multipleElementsFound_expectedToFail]
################################################################################################################################################
[ReportManager] AssertElementExists FAILED; Expected [Element Should Exist, locator 'By.xpath: //div'] and Actual [Element Exists but is not unique]. Comparison Type [EQUALS]. Validation Type [POSITIVE]. @02-05-2021 02:12:21.0130 AM
[ReportManager] Successfully created attachment [Screenshot - 1619921541058_assertElementExists_true_multipleElementsFound_expectedToFail_AssertElementExists_failed] @02-05-2021 02:12:21.0131 A
[ReportManager] Successfully created attachment [Selenium WebDriver Logs - server] @02-05-2021 02:12:21.0223 AM
[ReportManager] Successfully created attachment [Selenium WebDriver Logs - performance] @02-05-2021 02:12:21.0265 AM
[ReportManager] Successfully created attachment [Selenium WebDriver Logs - driver] @02-05-2021 02:12:21.0349 AM
[ReportManager] Browser Action [closeCurrentWindow] successfully performed. @02-05-2021 02:12:21.0408 AM
[ReportManager] Successfully created attachment [Browser Action Test Data - closeCurrentWindow - Actual Value] @02-05-2021 02:12:21.0409 A

################################################################################################################################################
Starting Execution:	[101 out of 137] test cases in the current suite
Test Method:		[unitTests.tests_validations_assertions.assertEquals_false_expectedToFail]
################################################################################################################################################
[ReportManager] AssertEquals FAILED; Expected [1] and Actual [1]. Comparison Type [EQUALS]. Validation Type [NEGATIVE]. @02-05-2021 02:12:21.0416 A

################################################################################################################################################
Starting Execution:	[102 out of 137] test cases in the current suite
Test Method:		[unitTests.tests_validations_assertions.assertEquals_false_expectedToPass]
################################################################################################################################################
[ReportManager] AssertEquals PASSED; Expected [1] and Actual [2]. Comparison Type [EQUALS]. Validation Type [NEGATIVE]. @02-05-2021 02:12:21.0420 A

################################################################################################################################################
Starting Execution:	[103 out of 137] test cases in the current suite
Test Method:		[unitTests.tests_validations_assertions.assertEquals_longCharacters]
################################################################################################################################################
[ReportManager] VerifyEquals PASSED; Expected and Actual values are attached. Comparison Type [EQUALS]. Validation Type [POSITIVE]. @02-05-2021 02:12:21.0421 AM
[ReportManager] Successfully created attachment [Validation Test Data - Expected Value] @02-05-2021 02:12:21.0422 AM
[ReportManager] Successfully created attachment [Validation Test Data - Actual Value] @02-05-2021 02:12:21.0423 AM
[ReportManager] AssertEquals PASSED; Expected and Actual values are attached. Comparison Type [EQUALS]. Validation Type [POSITIVE]. @02-05-2021 02:12:21.0423 AM
[ReportManager] Successfully created attachment [Validation Test Data - Expected Value] @02-05-2021 02:12:21.0423 AM
[ReportManager] Successfully created attachment [Validation Test Data - Actual Value] @02-05-2021 02:12:21.0423 A

################################################################################################################################################
Starting Execution:	[104 out of 137] test cases in the current suite
Test Method:		[unitTests.tests_validations_assertions.assertEquals_longCharacters_Discreet]
################################################################################################################################################
[ReportManager] AssertEquals PASSED; Expected [1LH5pROcDBjjQk0t0mCr0lXuzQu9lcGj28kY8R1H81X67eVAQJgWQhILiRWVPUgZ6uCtK5cnBkF55Jr9vYngjGO1Iyf0Mktv6lruDlL9T8MAUPcUZJGHZtji6nIeadujDSNmWMj5d6C8zlFqw0CRqBU0hO5adIasHgBSNoLotAjce3NGXoDwAlp3rYreeV16VIyZXROQY] and Actual [1LH5pROcDBjjQk0t0mCr0lXuzQu9lcGj28kY8R1H81X67eVAQJgWQhILiRWVPUgZ6uCtK5cnBkF55Jr9vYngjGO1Iyf0Mktv6lruDlL9T8MAUPcUZJGHZtji6nIeadujDSNmWMj5d6C8zlFqw0CRqBU0hO5adIasHgBSNoLotAjce3NGXoDwAlp3rYreeV16VIyZXROQY]. Comparison Type [EQUALS]. Validation Type [POSITIVE]. @02-05-2021 02:12:21.0426 A

################################################################################################################################################
Starting Execution:	[105 out of 137] test cases in the current suite
Test Method:		[unitTests.tests_validations_assertions.assertEquals_true_expectedToFail]
################################################################################################################################################
[ReportManager] AssertEquals FAILED; Expected [1] and Actual [2]. Comparison Type [EQUALS]. Validation Type [POSITIVE]. @02-05-2021 02:12:21.0428 A

################################################################################################################################################
Starting Execution:	[106 out of 137] test cases in the current suite
Test Method:		[unitTests.tests_validations_assertions.assertEquals_true_expectedToPass]
Test Description:	[Assert that assertEquals works as expected when the two values are equal.]
################################################################################################################################################
[ReportManager] VerifyEquals PASSED; Expected [1] and Actual [1]. Comparison Type [EQUALS]. Validation Type [POSITIVE]. @02-05-2021 02:12:21.0430 AM
[ReportManager] AssertEquals PASSED; Expected [1] and Actual [1]. Comparison Type [EQUALS]. Validation Type [POSITIVE]. @02-05-2021 02:12:21.0430 A

################################################################################################################################################
Starting Execution:	[107 out of 137] test cases in the current suite
Test Method:		[unitTests.tests_validations_assertions.assertEquals_true_expectedToPass__]
################################################################################################################################################
[ReportManager] AssertEquals PASSED; Expected [1] and Actual [1]. Comparison Type [EQUALS]. Validation Type [POSITIVE]. @02-05-2021 02:12:21.0432 A

################################################################################################################################################
Starting Execution:	[108 out of 137] test cases in the current suite
Test Method:		[unitTests.tests_validations_assertions.assertFileExists_false_expectedToFail]
################################################################################################################################################
[ReportManager] File Action [doesFileExist] successfully performed. With the following test data [File Path: "src/main/java/com/shaft/gui/element/ElementActions.java"]. @02-05-2021 02:12:21.0438 AM
[ReportManager] AssertFileExists FAILED; Expected [File 'src/main/java/com/shaft/gui/element/ElementActions.java' should not exist, after up to '1' retries] and Actual [File exists]. Validation Type [NEGATIVE]. @02-05-2021 02:12:21.0438 A

################################################################################################################################################
Starting Execution:	[109 out of 137] test cases in the current suite
Test Method:		[unitTests.tests_validations_assertions.assertFileExists_false_expectedToPass]
################################################################################################################################################
[ReportManager] File Action [doesFileExist] successfully performed. With the following test data [File Path: "src/main/java/com/shaft/gui/element/ElementActions.java_fail"]. @02-05-2021 02:12:21.0941 AM
[ReportManager] AssertFileExists PASSED; Expected [File 'src/main/java/com/shaft/gui/element/ElementActions.java_fail' should not exist, after up to '1' retries] and Actual [File does not exist]. Validation Type [NEGATIVE]. @02-05-2021 02:12:21.0941 A

################################################################################################################################################
Starting Execution:	[110 out of 137] test cases in the current suite
Test Method:		[unitTests.tests_validations_assertions.assertFileExists_true_expectedToFail]
################################################################################################################################################
[ReportManager] File Action [doesFileExist] successfully performed. With the following test data [File Path: "src/main/java/com/shaft/gui/element/ElementActions.java_fail"]. @02-05-2021 02:12:22.0445 AM
[ReportManager] AssertFileExists FAILED; Expected [File 'src/main/java/com/shaft/gui/element/ElementActions.java_fail' should exist, after up to '1' retries] and Actual [File does not exist]. Validation Type [POSITIVE]. @02-05-2021 02:12:22.0445 A

################################################################################################################################################
Starting Execution:	[111 out of 137] test cases in the current suite
Test Method:		[unitTests.tests_validations_assertions.assertFileExists_true_expectedToPass]
################################################################################################################################################
[ReportManager] File Action [doesFileExist] successfully performed. With the following test data [File Path: "src/main/java/com/shaft/gui/element/ElementActions.java"]. @02-05-2021 02:12:22.0458 AM
[ReportManager] AssertFileExists PASSED; Expected [File 'src/main/java/com/shaft/gui/element/ElementActions.java' should exist, after up to '1' retries] and Actual [File exists]. Validation Type [POSITIVE]. @02-05-2021 02:12:22.0458 A

################################################################################################################################################
Starting Execution:	[112 out of 137] test cases in the current suite
Test Method:		[unitTests.tests_validations_assertions.assertNull_false_expectedToFail]
################################################################################################################################################
[ReportManager] AssertNull FAILED; Expected [NULL] and Actual [NULL]. Comparison Type [EQUALS]. Validation Type [NEGATIVE]. @02-05-2021 02:12:22.0462 A

################################################################################################################################################
Starting Execution:	[113 out of 137] test cases in the current suite
Test Method:		[unitTests.tests_validations_assertions.assertNull_false_expectedToPass]
################################################################################################################################################
[ReportManager] AssertNull PASSED; Expected [NULL] and Actual [1]. Comparison Type [EQUALS]. Validation Type [NEGATIVE]. @02-05-2021 02:12:22.0464 A

################################################################################################################################################
Starting Execution:	[114 out of 137] test cases in the current suite
Test Method:		[unitTests.tests_validations_assertions.assertNull_true_expectedToFail]
################################################################################################################################################
[ReportManager] AssertNull FAILED; Expected [NULL] and Actual [1]. Comparison Type [EQUALS]. Validation Type [POSITIVE]. @02-05-2021 02:12:22.0466 A

################################################################################################################################################
Starting Execution:	[115 out of 137] test cases in the current suite
Test Method:		[unitTests.tests_validations_assertions.assertNull_true_expectedToPass]
################################################################################################################################################
[ReportManager] AssertNull PASSED; Expected [NULL] and Actual [NULL]. Comparison Type [EQUALS]. Validation Type [POSITIVE]. @02-05-2021 02:12:22.0468 A
[ReportManager] File Action [getAbsolutePath] successfully performed. With the following test data [Relative Folder Path: "target/downloadedFiles/"]. @02-05-2021 02:12:22.0469 AM
[ReportManager] Attempting to run remotely on: [Linux-64], [GoogleChrome], [http://localhost:4444/wd/hub], Headless Execution. @02-05-2021 02:12:22.0469 AM
[ReportManager] Successfully Opened [GoogleChrome]. @02-05-2021 02:12:22.0696 AM
[ReportManager] Target URL: [https://duckduckgo.com] @02-05-2021 02:12:22.0707 AM
[ReportManager] Initial URL: [data:,] @02-05-2021 02:12:22.0757 AM
[ReportManager] Browser Action [navigateToURL] successfully performed. With the following test data [https://duckduckgo.com]. @02-05-2021 02:12:24.0030 A

################################################################################################################################################
Starting Execution:	[116 out of 137] test cases in the current suite
Test Method:		[unitTests.tests_browserActions.fullScreenWindow]
################################################################################################################################################
[ReportManager] Initial Windows Size: 800x600 @02-05-2021 02:12:24.0039 AM
[ReportManager] Initial window size: (800, 600) @02-05-2021 02:12:24.0041 AM
[ReportManager] Window size after Toolkit: (1920, 1080) @02-05-2021 02:12:24.0262 AM
[ReportManager] Browser Action [maximizeWindow] successfully performed. With the following test data [New screen size is now: (1920, 1080)]. @02-05-2021 02:12:24.0265 AM
[ReportManager] Current Windows Size after fullScreen: 1920x1080 @02-05-2021 02:12:24.0277 AM
[ReportManager] Browser Action [fullScreenWindow] successfully performed. @02-05-2021 02:12:24.0306 AM
[ReportManager] Successfully created attachment [Browser Action Test Data - fullScreenWindow - Actual Value] @02-05-2021 02:12:24.0306 A
[ReportManager] Target URL: [https://duckduckgo.com] @02-05-2021 02:12:24.0313 AM
[ReportManager] Initial URL: [https://duckduckgo.com] @02-05-2021 02:12:24.0382 AM
[ReportManager] Browser Action [navigateToURL] successfully performed. With the following test data [https://duckduckgo.com]. @02-05-2021 02:12:24.0918 AM
[ReportManager] Successfully created attachment [Selenium WebDriver Logs - server] @02-05-2021 02:12:24.0978 AM
[ReportManager] Successfully created attachment [Selenium WebDriver Logs - performance] @02-05-2021 02:12:25.0111 AM
[ReportManager] Successfully created attachment [Selenium WebDriver Logs - driver] @02-05-2021 02:12:25.0297 AM
[ReportManager] Browser Action [closeCurrentWindow] successfully performed. @02-05-2021 02:12:25.0360 AM
[ReportManager] Successfully created attachment [Browser Action Test Data - closeCurrentWindow - Actual Value] @02-05-2021 02:12:25.0361 A
[ReportManager] File Action [getAbsolutePath] successfully performed. With the following test data [Relative Folder Path: "target/downloadedFiles/"]. @02-05-2021 02:12:25.0368 AM
[ReportManager] Attempting to run remotely on: [Linux-64], [GoogleChrome], [http://localhost:4444/wd/hub], Headless Execution. @02-05-2021 02:12:25.0368 AM
[ReportManager] Successfully Opened [GoogleChrome]. @02-05-2021 02:12:25.0609 AM
[ReportManager] Target URL: [https://duckduckgo.com] @02-05-2021 02:12:25.0621 AM
[ReportManager] Initial URL: [data:,] @02-05-2021 02:12:25.0680 AM
[ReportManager] Browser Action [navigateToURL] successfully performed. With the following test data [https://duckduckgo.com]. @02-05-2021 02:12:26.0937 A

################################################################################################################################################
Starting Execution:	[117 out of 137] test cases in the current suite
Test Method:		[unitTests.tests_browserActions.getCurrentURL]
################################################################################################################################################
[ReportManager] Browser Action [getCurrentURL] successfully performed. With the following test data [https://duckduckgo.com/]. @02-05-2021 02:12:26.0980 A
[ReportManager] Target URL: [https://duckduckgo.com] @02-05-2021 02:12:26.0982 AM
[ReportManager] Initial URL: [https://duckduckgo.com] @02-05-2021 02:12:27.0054 AM
[ReportManager] Browser Action [navigateToURL] successfully performed. With the following test data [https://duckduckgo.com]. @02-05-2021 02:12:27.0634 AM
[ReportManager] Successfully created attachment [Selenium WebDriver Logs - server] @02-05-2021 02:12:27.0690 AM
[ReportManager] Successfully created attachment [Selenium WebDriver Logs - performance] @02-05-2021 02:12:27.0816 AM
[ReportManager] Successfully created attachment [Selenium WebDriver Logs - driver] @02-05-2021 02:12:27.0989 AM
[ReportManager] Browser Action [closeCurrentWindow] successfully performed. @02-05-2021 02:12:28.0047 AM
[ReportManager] Successfully created attachment [Browser Action Test Data - closeCurrentWindow - Actual Value] @02-05-2021 02:12:28.0047 A
[ReportManager] File Action [getAbsolutePath] successfully performed. With the following test data [Relative Folder Path: "target/downloadedFiles/"]. @02-05-2021 02:12:28.0049 AM
[ReportManager] Attempting to run remotely on: [Linux-64], [GoogleChrome], [http://localhost:4444/wd/hub], Headless Execution. @02-05-2021 02:12:28.0049 AM
[ReportManager] Successfully Opened [GoogleChrome]. @02-05-2021 02:12:28.0299 AM
[ReportManager] Target URL: [https://duckduckgo.com] @02-05-2021 02:12:28.0309 AM
[ReportManager] Initial URL: [data:,] @02-05-2021 02:12:28.0353 AM
[ReportManager] Browser Action [navigateToURL] successfully performed. With the following test data [https://duckduckgo.com]. @02-05-2021 02:12:29.0473 A

################################################################################################################################################
Starting Execution:	[118 out of 137] test cases in the current suite
Test Method:		[unitTests.tests_browserActions.getCurrentWindowTitle]
################################################################################################################################################
[ReportManager] Browser Action [getCurrentWindowTitle] successfully performed. With the following test data [DuckDuckGo  Privacy, simplified.]. @02-05-2021 02:12:29.0518 A
[ReportManager] Target URL: [https://duckduckgo.com] @02-05-2021 02:12:29.0520 AM
[ReportManager] Initial URL: [https://duckduckgo.com] @02-05-2021 02:12:29.0580 AM
[ReportManager] Browser Action [navigateToURL] successfully performed. With the following test data [https://duckduckgo.com]. @02-05-2021 02:12:30.0084 AM
[ReportManager] Successfully created attachment [Selenium WebDriver Logs - server] @02-05-2021 02:12:30.0137 AM
[ReportManager] Successfully created attachment [Selenium WebDriver Logs - performance] @02-05-2021 02:12:30.0259 AM
[ReportManager] Successfully created attachment [Selenium WebDriver Logs - driver] @02-05-2021 02:12:30.0427 AM
[ReportManager] Browser Action [closeCurrentWindow] successfully performed. @02-05-2021 02:12:30.0494 AM
[ReportManager] Successfully created attachment [Browser Action Test Data - closeCurrentWindow - Actual Value] @02-05-2021 02:12:30.0494 A
[ReportManager] File Action [getAbsolutePath] successfully performed. With the following test data [Relative Folder Path: "target/downloadedFiles/"]. @02-05-2021 02:12:30.0496 AM
[ReportManager] Attempting to run remotely on: [Linux-64], [GoogleChrome], [http://localhost:4444/wd/hub], Headless Execution. @02-05-2021 02:12:30.0496 AM
[ReportManager] Successfully Opened [GoogleChrome]. @02-05-2021 02:12:30.0732 AM
[ReportManager] Target URL: [https://duckduckgo.com] @02-05-2021 02:12:30.0751 AM
[ReportManager] Initial URL: [data:,] @02-05-2021 02:12:30.0798 AM
[ReportManager] Browser Action [navigateToURL] successfully performed. With the following test data [https://duckduckgo.com]. @02-05-2021 02:12:31.0893 A

################################################################################################################################################
Starting Execution:	[119 out of 137] test cases in the current suite
Test Method:		[unitTests.tests_browserActions.getPageSource]
################################################################################################################################################
[ReportManager] Browser Action [getPageSource] successfully performed. @02-05-2021 02:12:31.0953 AM
[ReportManager] Successfully created attachment [Browser Action Test Data - getPageSource - Actual Value] @02-05-2021 02:12:31.0954 A
[ReportManager] Target URL: [https://duckduckgo.com] @02-05-2021 02:12:31.0957 AM
[ReportManager] Initial URL: [https://duckduckgo.com] @02-05-2021 02:12:32.0035 AM
[ReportManager] Browser Action [navigateToURL] successfully performed. With the following test data [https://duckduckgo.com]. @02-05-2021 02:12:32.0558 AM
[ReportManager] Successfully created attachment [Selenium WebDriver Logs - server] @02-05-2021 02:12:32.0611 AM
[ReportManager] Successfully created attachment [Selenium WebDriver Logs - performance] @02-05-2021 02:12:32.0739 AM
[ReportManager] Successfully created attachment [Selenium WebDriver Logs - driver] @02-05-2021 02:12:32.0903 AM
[ReportManager] Browser Action [closeCurrentWindow] successfully performed. @02-05-2021 02:12:32.0963 AM
[ReportManager] Successfully created attachment [Browser Action Test Data - closeCurrentWindow - Actual Value] @02-05-2021 02:12:32.0963 A
[ReportManager] File Action [getAbsolutePath] successfully performed. With the following test data [Relative Folder Path: "target/downloadedFiles/"]. @02-05-2021 02:12:32.0965 AM
[ReportManager] Attempting to run remotely on: [Linux-64], [GoogleChrome], [http://localhost:4444/wd/hub], Headless Execution. @02-05-2021 02:12:32.0966 AM
[ReportManager] Successfully Opened [GoogleChrome]. @02-05-2021 02:12:33.0261 AM
[ReportManager] Target URL: [https://duckduckgo.com] @02-05-2021 02:12:33.0271 AM
[ReportManager] Initial URL: [data:,] @02-05-2021 02:12:33.0322 AM
[ReportManager] Browser Action [navigateToURL] successfully performed. With the following test data [https://duckduckgo.com]. @02-05-2021 02:12:34.0496 A

################################################################################################################################################
Starting Execution:	[120 out of 137] test cases in the current suite
Test Method:		[unitTests.tests_browserActions.getWindowHandle]
################################################################################################################################################
[ReportManager] Browser Action [getWindowHandle] successfully performed. With the following test data [CDwindow-AA992CAC46EBD5F8C5263C27C4341381]. @02-05-2021 02:12:34.0554 A
[ReportManager] Target URL: [https://duckduckgo.com] @02-05-2021 02:12:34.0556 AM
[ReportManager] Initial URL: [https://duckduckgo.com] @02-05-2021 02:12:34.0622 AM
[ReportManager] Browser Action [navigateToURL] successfully performed. With the following test data [https://duckduckgo.com]. @02-05-2021 02:12:35.0152 AM
[ReportManager] Successfully created attachment [Selenium WebDriver Logs - server] @02-05-2021 02:12:35.0207 AM
[ReportManager] Successfully created attachment [Selenium WebDriver Logs - performance] @02-05-2021 02:12:35.0335 AM
[ReportManager] Successfully created attachment [Selenium WebDriver Logs - driver] @02-05-2021 02:12:35.0499 AM
[ReportManager] Browser Action [closeCurrentWindow] successfully performed. @02-05-2021 02:12:35.0555 AM
[ReportManager] Successfully created attachment [Browser Action Test Data - closeCurrentWindow - Actual Value] @02-05-2021 02:12:35.0555 A
[ReportManager] File Action [getAbsolutePath] successfully performed. With the following test data [Relative Folder Path: "target/downloadedFiles/"]. @02-05-2021 02:12:35.0557 AM
[ReportManager] Attempting to run remotely on: [Linux-64], [GoogleChrome], [http://localhost:4444/wd/hub], Headless Execution. @02-05-2021 02:12:35.0557 AM
[ReportManager] Successfully Opened [GoogleChrome]. @02-05-2021 02:12:35.0829 AM
[ReportManager] Target URL: [https://duckduckgo.com] @02-05-2021 02:12:35.0841 AM
[ReportManager] Initial URL: [data:,] @02-05-2021 02:12:35.0886 AM
[ReportManager] Browser Action [navigateToURL] successfully performed. With the following test data [https://duckduckgo.com]. @02-05-2021 02:12:37.0063 A

################################################################################################################################################
Starting Execution:	[121 out of 137] test cases in the current suite
Test Method:		[unitTests.tests_browserActions.getWindowPosition]
################################################################################################################################################
[ReportManager] Browser Action [getWindowPosition] successfully performed. With the following test data [(0, 0)]. @02-05-2021 02:12:37.0103 A
[ReportManager] Target URL: [https://duckduckgo.com] @02-05-2021 02:12:37.0105 AM
[ReportManager] Initial URL: [https://duckduckgo.com] @02-05-2021 02:12:37.0161 AM
[ReportManager] Browser Action [navigateToURL] successfully performed. With the following test data [https://duckduckgo.com]. @02-05-2021 02:12:37.0701 AM
[ReportManager] Successfully created attachment [Selenium WebDriver Logs - server] @02-05-2021 02:12:37.0756 AM
[ReportManager] Successfully created attachment [Selenium WebDriver Logs - performance] @02-05-2021 02:12:37.0879 AM
[ReportManager] Successfully created attachment [Selenium WebDriver Logs - driver] @02-05-2021 02:12:38.0031 AM
[ReportManager] Browser Action [closeCurrentWindow] successfully performed. @02-05-2021 02:12:38.0087 AM
[ReportManager] Successfully created attachment [Browser Action Test Data - closeCurrentWindow - Actual Value] @02-05-2021 02:12:38.0088 A
[ReportManager] File Action [getAbsolutePath] successfully performed. With the following test data [Relative Folder Path: "target/downloadedFiles/"]. @02-05-2021 02:12:38.0090 AM
[ReportManager] Attempting to run remotely on: [Linux-64], [GoogleChrome], [http://localhost:4444/wd/hub], Headless Execution. @02-05-2021 02:12:38.0090 AM
[ReportManager] Successfully Opened [GoogleChrome]. @02-05-2021 02:12:38.0335 AM
[ReportManager] Target URL: [https://duckduckgo.com] @02-05-2021 02:12:38.0345 AM
[ReportManager] Initial URL: [data:,] @02-05-2021 02:12:38.0392 AM
[ReportManager] Browser Action [navigateToURL] successfully performed. With the following test data [https://duckduckgo.com]. @02-05-2021 02:12:39.0546 A

################################################################################################################################################
Starting Execution:	[122 out of 137] test cases in the current suite
Test Method:		[unitTests.tests_browserActions.getWindowSize]
################################################################################################################################################
[ReportManager] Browser Action [getWindowSize] successfully performed. With the following test data [(800, 600)]. @02-05-2021 02:12:39.0593 A
[ReportManager] Target URL: [https://duckduckgo.com] @02-05-2021 02:12:39.0595 AM
[ReportManager] Initial URL: [https://duckduckgo.com] @02-05-2021 02:12:39.0658 AM
[ReportManager] Browser Action [navigateToURL] successfully performed. With the following test data [https://duckduckgo.com]. @02-05-2021 02:12:40.0186 AM
[ReportManager] Successfully created attachment [Selenium WebDriver Logs - server] @02-05-2021 02:12:40.0244 AM
[ReportManager] Successfully created attachment [Selenium WebDriver Logs - performance] @02-05-2021 02:12:40.0365 AM
[ReportManager] Successfully created attachment [Selenium WebDriver Logs - driver] @02-05-2021 02:12:40.0545 AM
[ReportManager] Browser Action [closeCurrentWindow] successfully performed. @02-05-2021 02:12:40.0601 AM
[ReportManager] Successfully created attachment [Browser Action Test Data - closeCurrentWindow - Actual Value] @02-05-2021 02:12:40.0601 A
[ReportManager] File Action [getAbsolutePath] successfully performed. With the following test data [Relative Folder Path: "target/downloadedFiles/"]. @02-05-2021 02:12:40.0604 AM
[ReportManager] Attempting to run remotely on: [Linux-64], [GoogleChrome], [http://localhost:4444/wd/hub], Headless Execution. @02-05-2021 02:12:40.0605 AM
[ReportManager] Successfully Opened [GoogleChrome]. @02-05-2021 02:12:40.0882 AM
[ReportManager] Target URL: [https://duckduckgo.com] @02-05-2021 02:12:40.0893 AM
[ReportManager] Initial URL: [data:,] @02-05-2021 02:12:40.0938 AM
[ReportManager] Browser Action [navigateToURL] successfully performed. With the following test data [https://duckduckgo.com]. @02-05-2021 02:12:42.0170 A

################################################################################################################################################
Starting Execution:	[123 out of 137] test cases in the current suite
Test Method:		[unitTests.tests_browserActions.maximizeWindow]
################################################################################################################################################
[ReportManager] Initial window size: (800, 600) @02-05-2021 02:12:42.0197 AM
[ReportManager] Window size after Toolkit: (1920, 1080) @02-05-2021 02:12:42.0415 AM
[ReportManager] Browser Action [maximizeWindow] successfully performed. With the following test data [New screen size is now: (1920, 1080)]. @02-05-2021 02:12:42.0418 A
[ReportManager] Target URL: [https://duckduckgo.com] @02-05-2021 02:12:42.0424 AM
[ReportManager] Initial URL: [https://duckduckgo.com] @02-05-2021 02:12:42.0506 AM
[ReportManager] Browser Action [navigateToURL] successfully performed. With the following test data [https://duckduckgo.com]. @02-05-2021 02:12:43.0089 AM
[ReportManager] Successfully created attachment [Selenium WebDriver Logs - server] @02-05-2021 02:12:43.0158 AM
[ReportManager] Successfully created attachment [Selenium WebDriver Logs - performance] @02-05-2021 02:12:43.0288 AM
[ReportManager] Successfully created attachment [Selenium WebDriver Logs - driver] @02-05-2021 02:12:43.0455 AM
[ReportManager] Browser Action [closeCurrentWindow] successfully performed. @02-05-2021 02:12:43.0511 AM
[ReportManager] Successfully created attachment [Browser Action Test Data - closeCurrentWindow - Actual Value] @02-05-2021 02:12:43.0511 A
[ReportManager] File Action [getAbsolutePath] successfully performed. With the following test data [Relative Folder Path: "target/downloadedFiles/"]. @02-05-2021 02:12:43.0513 AM
[ReportManager] Attempting to run remotely on: [Linux-64], [GoogleChrome], [http://localhost:4444/wd/hub], Headless Execution. @02-05-2021 02:12:43.0513 AM
[ReportManager] Successfully Opened [GoogleChrome]. @02-05-2021 02:12:43.0769 AM
[ReportManager] Target URL: [https://duckduckgo.com] @02-05-2021 02:12:43.0779 AM
[ReportManager] Initial URL: [data:,] @02-05-2021 02:12:43.0827 AM
[ReportManager] Browser Action [navigateToURL] successfully performed. With the following test data [https://duckduckgo.com]. @02-05-2021 02:12:45.0105 A

################################################################################################################################################
Starting Execution:	[124 out of 137] test cases in the current suite
Test Method:		[unitTests.tests_browserActions.navigateBack]
################################################################################################################################################
[ReportManager] Target URL: [https://www.google.com/ncr], and after redirection: [https://www.google.com] @02-05-2021 02:12:45.0107 AM
[ReportManager] Initial URL: [https://duckduckgo.com] @02-05-2021 02:12:45.0206 AM
[ReportManager] Browser Action [navigateToURL] successfully performed. With the following test data [https://www.google.com/ncr]. @02-05-2021 02:12:46.0113 AM
[ReportManager] Browser Action [navigateBack] successfully performed. With the following test data [https://duckduckgo.com/]. @02-05-2021 02:12:46.0582 AM
[ReportManager] Confirming that navigating back was successful... @02-05-2021 02:12:46.0583 AM
[ReportManager] Browser Action [getCurrentURL] successfully performed. With the following test data [https://duckduckgo.com/]. @02-05-2021 02:12:46.0614 AM
[ReportManager] AssertBrowserAttribute PASSED; Expected [Value Should be 'https://duckduckgo.com' for the 'CurrentUrl' attribute] and Actual [https://duckduckgo.com/]. Comparison Type [CONTAINS]. Validation Type [POSITIVE]. @02-05-2021 02:12:46.0615 A
[ReportManager] Target URL: [https://duckduckgo.com] @02-05-2021 02:12:46.0616 AM
[ReportManager] Initial URL: [https://duckduckgo.com] @02-05-2021 02:12:46.0706 AM
[ReportManager] Browser Action [navigateToURL] successfully performed. With the following test data [https://duckduckgo.com]. @02-05-2021 02:12:47.0313 AM
[ReportManager] Successfully created attachment [Selenium WebDriver Logs - server] @02-05-2021 02:12:47.0380 AM
[ReportManager] Successfully created attachment [Selenium WebDriver Logs - performance] @02-05-2021 02:12:47.0591 AM
[ReportManager] Successfully created attachment [Selenium WebDriver Logs - driver] @02-05-2021 02:12:47.0885 AM
[ReportManager] Browser Action [closeCurrentWindow] successfully performed. @02-05-2021 02:12:47.0942 AM
[ReportManager] Successfully created attachment [Browser Action Test Data - closeCurrentWindow - Actual Value] @02-05-2021 02:12:47.0942 A
[ReportManager] File Action [getAbsolutePath] successfully performed. With the following test data [Relative Folder Path: "target/downloadedFiles/"]. @02-05-2021 02:12:47.0944 AM
[ReportManager] Attempting to run remotely on: [Linux-64], [GoogleChrome], [http://localhost:4444/wd/hub], Headless Execution. @02-05-2021 02:12:47.0944 AM
[ReportManager] Successfully Opened [GoogleChrome]. @02-05-2021 02:12:48.0186 AM
[ReportManager] Target URL: [https://duckduckgo.com] @02-05-2021 02:12:48.0203 AM
[ReportManager] Initial URL: [data:,] @02-05-2021 02:12:48.0257 AM
[ReportManager] Browser Action [navigateToURL] successfully performed. With the following test data [https://duckduckgo.com]. @02-05-2021 02:12:49.0355 A

################################################################################################################################################
Starting Execution:	[125 out of 137] test cases in the current suite
Test Method:		[unitTests.tests_browserActions.navigateForward]
################################################################################################################################################
[ReportManager] Target URL: [https://www.google.com/ncr], and after redirection: [https://www.google.com] @02-05-2021 02:12:49.0364 AM
[ReportManager] Initial URL: [https://duckduckgo.com] @02-05-2021 02:12:49.0432 AM
[ReportManager] Browser Action [navigateToURL] successfully performed. With the following test data [https://www.google.com/ncr]. @02-05-2021 02:12:50.0381 AM
[ReportManager] Browser Action [navigateBack] successfully performed. With the following test data [https://duckduckgo.com/]. @02-05-2021 02:12:50.0854 AM
[ReportManager] Browser Action [navigateForward] successfully performed. With the following test data [https://www.google.com/]. @02-05-2021 02:12:51.0332 A
[ReportManager] Target URL: [https://duckduckgo.com] @02-05-2021 02:12:51.0333 AM
[ReportManager] Initial URL: [https://www.google.com] @02-05-2021 02:12:51.0419 AM
[ReportManager] Browser Action [navigateToURL] successfully performed. With the following test data [https://duckduckgo.com]. @02-05-2021 02:12:52.0078 AM
[ReportManager] Successfully created attachment [Selenium WebDriver Logs - server] @02-05-2021 02:12:52.0138 AM
[ReportManager] Successfully created attachment [Selenium WebDriver Logs - performance] @02-05-2021 02:12:52.0337 AM
[ReportManager] Successfully created attachment [Selenium WebDriver Logs - driver] @02-05-2021 02:12:52.0622 AM
[ReportManager] Browser Action [closeCurrentWindow] successfully performed. @02-05-2021 02:12:52.0679 AM
[ReportManager] Successfully created attachment [Browser Action Test Data - closeCurrentWindow - Actual Value] @02-05-2021 02:12:52.0680 A
[ReportManager] File Action [getAbsolutePath] successfully performed. With the following test data [Relative Folder Path: "target/downloadedFiles/"]. @02-05-2021 02:12:52.0681 AM
[ReportManager] Attempting to run remotely on: [Linux-64], [GoogleChrome], [http://localhost:4444/wd/hub], Headless Execution. @02-05-2021 02:12:52.0682 AM
[ReportManager] Successfully Opened [GoogleChrome]. @02-05-2021 02:12:52.0920 AM
[ReportManager] Target URL: [https://duckduckgo.com] @02-05-2021 02:12:52.0936 AM
[ReportManager] Initial URL: [data:,] @02-05-2021 02:12:52.0980 AM
[ReportManager] Browser Action [navigateToURL] successfully performed. With the following test data [https://duckduckgo.com]. @02-05-2021 02:12:54.0198 A

################################################################################################################################################
Starting Execution:	[126 out of 137] test cases in the current suite
Test Method:		[unitTests.tests_browserActions.navigateToURL]
################################################################################################################################################
[ReportManager] Target URL: [https://duckduckgo.com] @02-05-2021 02:12:54.0208 AM
[ReportManager] Initial URL: [https://duckduckgo.com] @02-05-2021 02:12:54.0275 AM
[ReportManager] Browser Action [navigateToURL] successfully performed. With the following test data [https://duckduckgo.com]. @02-05-2021 02:12:54.0812 A
[ReportManager] Target URL: [https://duckduckgo.com] @02-05-2021 02:12:54.0814 AM
[ReportManager] Initial URL: [https://duckduckgo.com] @02-05-2021 02:12:54.0873 AM
[ReportManager] Browser Action [navigateToURL] successfully performed. With the following test data [https://duckduckgo.com]. @02-05-2021 02:12:55.0360 AM
[ReportManager] Successfully created attachment [Selenium WebDriver Logs - server] @02-05-2021 02:12:55.0415 AM
[ReportManager] Successfully created attachment [Selenium WebDriver Logs - performance] @02-05-2021 02:12:55.0607 AM
[ReportManager] Successfully created attachment [Selenium WebDriver Logs - driver] @02-05-2021 02:12:55.0852 AM
[ReportManager] Browser Action [closeCurrentWindow] successfully performed. @02-05-2021 02:12:55.0909 AM
[ReportManager] Successfully created attachment [Browser Action Test Data - closeCurrentWindow - Actual Value] @02-05-2021 02:12:55.0909 A
[ReportManager] File Action [getAbsolutePath] successfully performed. With the following test data [Relative Folder Path: "target/downloadedFiles/"]. @02-05-2021 02:12:55.0913 AM
[ReportManager] Attempting to run remotely on: [Linux-64], [GoogleChrome], [http://localhost:4444/wd/hub], Headless Execution. @02-05-2021 02:12:55.0913 AM
[ReportManager] Successfully Opened [GoogleChrome]. @02-05-2021 02:12:56.0151 AM
[ReportManager] Target URL: [https://duckduckgo.com] @02-05-2021 02:12:56.0166 AM
[ReportManager] Initial URL: [data:,] @02-05-2021 02:12:56.0219 AM
[ReportManager] Browser Action [navigateToURL] successfully performed. With the following test data [https://duckduckgo.com]. @02-05-2021 02:12:57.0415 A

################################################################################################################################################
Starting Execution:	[127 out of 137] test cases in the current suite
Test Method:		[unitTests.tests_browserActions.navigateToURLWithRedirection]
################################################################################################################################################
[ReportManager] Target URL: [https://www.google.com/ncr], and after redirection: [https://www.google.com] @02-05-2021 02:12:57.0418 AM
[ReportManager] Initial URL: [https://duckduckgo.com] @02-05-2021 02:12:57.0475 AM
[ReportManager] Browser Action [navigateToURL] successfully performed. With the following test data [https://www.google.com/ncr]. @02-05-2021 02:12:58.0363 A
[ReportManager] Target URL: [https://duckduckgo.com] @02-05-2021 02:12:58.0369 AM
[ReportManager] Initial URL: [https://www.google.com] @02-05-2021 02:12:58.0459 AM
[ReportManager] Browser Action [navigateToURL] successfully performed. With the following test data [https://duckduckgo.com]. @02-05-2021 02:12:59.0145 AM
[ReportManager] Successfully created attachment [Selenium WebDriver Logs - server] @02-05-2021 02:12:59.0198 AM
[ReportManager] Successfully created attachment [Selenium WebDriver Logs - performance] @02-05-2021 02:12:59.0331 AM
[ReportManager] Successfully created attachment [Selenium WebDriver Logs - driver] @02-05-2021 02:12:59.0525 AM
[ReportManager] Browser Action [closeCurrentWindow] successfully performed. @02-05-2021 02:12:59.0582 AM
[ReportManager] Successfully created attachment [Browser Action Test Data - closeCurrentWindow - Actual Value] @02-05-2021 02:12:59.0583 A
[ReportManager] File Action [getAbsolutePath] successfully performed. With the following test data [Relative Folder Path: "target/downloadedFiles/"]. @02-05-2021 02:12:59.0585 AM
[ReportManager] Attempting to run remotely on: [Linux-64], [GoogleChrome], [http://localhost:4444/wd/hub], Headless Execution. @02-05-2021 02:12:59.0585 AM
[ReportManager] Successfully Opened [GoogleChrome]. @02-05-2021 02:12:59.0827 AM
[ReportManager] Target URL: [https://duckduckgo.com] @02-05-2021 02:12:59.0836 AM
[ReportManager] Initial URL: [data:,] @02-05-2021 02:12:59.0882 AM
[ReportManager] Browser Action [navigateToURL] successfully performed. With the following test data [https://duckduckgo.com]. @02-05-2021 02:13:01.0129 A

################################################################################################################################################
Starting Execution:	[128 out of 137] test cases in the current suite
Test Method:		[unitTests.tests_browserActions.refreshCurrentPage]
################################################################################################################################################
[ReportManager] Browser Action [refreshCurrentPage] successfully performed. @02-05-2021 02:13:01.0565 AM
[ReportManager] Successfully created attachment [Browser Action Test Data - refreshCurrentPage - Actual Value] @02-05-2021 02:13:01.0566 A
[ReportManager] Target URL: [https://duckduckgo.com] @02-05-2021 02:13:01.0570 AM
[ReportManager] Initial URL: [https://duckduckgo.com] @02-05-2021 02:13:01.0633 AM
[ReportManager] Browser Action [navigateToURL] successfully performed. With the following test data [https://duckduckgo.com]. @02-05-2021 02:13:02.0123 AM
[ReportManager] Successfully created attachment [Selenium WebDriver Logs - server] @02-05-2021 02:13:02.0186 AM
[ReportManager] Successfully created attachment [Selenium WebDriver Logs - performance] @02-05-2021 02:13:02.0381 AM
[ReportManager] Successfully created attachment [Selenium WebDriver Logs - driver] @02-05-2021 02:13:02.0606 AM
[ReportManager] Browser Action [closeCurrentWindow] successfully performed. @02-05-2021 02:13:02.0662 AM
[ReportManager] Successfully created attachment [Browser Action Test Data - closeCurrentWindow - Actual Value] @02-05-2021 02:13:02.0662 A
[ReportManager] File Action [getAbsolutePath] successfully performed. With the following test data [Relative Folder Path: "target/downloadedFiles/"]. @02-05-2021 02:13:02.0664 AM
[ReportManager] Attempting to run remotely on: [Linux-64], [GoogleChrome], [http://localhost:4444/wd/hub], Headless Execution. @02-05-2021 02:13:02.0664 AM
[ReportManager] Successfully Opened [GoogleChrome]. @02-05-2021 02:13:02.0909 AM
[ReportManager] Target URL: [https://duckduckgo.com] @02-05-2021 02:13:02.0923 AM
[ReportManager] Initial URL: [data:,] @02-05-2021 02:13:02.0975 AM
[ReportManager] Browser Action [navigateToURL] successfully performed. With the following test data [https://duckduckgo.com]. @02-05-2021 02:13:04.0071 A

################################################################################################################################################
Starting Execution:	[129 out of 137] test cases in the current suite
Test Method:		[unitTests.tests_browserActions.setWindowSize]
################################################################################################################################################
[ReportManager] Initial window size: (800, 600) @02-05-2021 02:13:04.0081 AM
[ReportManager] Window size after SWD: (1280, 720) @02-05-2021 02:13:04.0299 AM
[ReportManager] Browser Action [setWindowSize] successfully performed. With the following test data [New screen size is now: (1280, 720)]. @02-05-2021 02:13:04.0299 A
[ReportManager] Target URL: [https://duckduckgo.com] @02-05-2021 02:13:04.0304 AM
[ReportManager] Initial URL: [https://duckduckgo.com] @02-05-2021 02:13:04.0364 AM
[ReportManager] Browser Action [navigateToURL] successfully performed. With the following test data [https://duckduckgo.com]. @02-05-2021 02:13:04.0872 AM
[ReportManager] Successfully created attachment [Selenium WebDriver Logs - server] @02-05-2021 02:13:04.0928 AM
[ReportManager] Successfully created attachment [Selenium WebDriver Logs - performance] @02-05-2021 02:13:05.0057 AM
[ReportManager] Successfully created attachment [Selenium WebDriver Logs - driver] @02-05-2021 02:13:05.0216 AM
[ReportManager] Browser Action [closeCurrentWindow] successfully performed. @02-05-2021 02:13:05.0273 AM
[ReportManager] Successfully created attachment [Browser Action Test Data - closeCurrentWindow - Actual Value] @02-05-2021 02:13:05.0273 A
[ReportManager] File Action [getAbsolutePath] successfully performed. With the following test data [Relative Folder Path: "target/downloadedFiles/"]. @02-05-2021 02:13:05.0276 AM
[ReportManager] Attempting to run remotely on: [Linux-64], [GoogleChrome], [http://localhost:4444/wd/hub], Headless Execution. @02-05-2021 02:13:05.0277 AM
[ReportManager] Successfully Opened [GoogleChrome]. @02-05-2021 02:13:05.0515 A

################################################################################################################################################
Starting Execution:	[130 out of 137] test cases in the current suite
Test Method:		[unitTests.tests_element_elementActions.waitForElementToBePresent_false_expectedToFail]
################################################################################################################################################
[ReportManager] Target URL: [https://www.google.com/ncr], and after redirection: [www.google.com] @02-05-2021 02:13:05.0540 AM
[ReportManager] Initial URL: [data:,] @02-05-2021 02:13:05.0603 AM
[ReportManager] Browser Action [navigateToURL] successfully performed. With the following test data [https://www.google.com/ncr]. @02-05-2021 02:13:06.0552 AM
[ReportManager] Waiting for element to be present; elementLocator [By.xpath: //img[@id='hplogo' or @alt='Google']], numberOfTries[1], stateOfPresence[false]... @02-05-2021 02:13:06.0555 AM
[ReportManager] Element Action [waitForElementToBePresent] failed. With the following test data [waited for the element's state of presence to be (false). Element locator (By.xpath: //img[@id='hplogo' or @alt='Google'])]. @02-05-2021 02:13:06.0788 AM
[ReportManager] Successfully created attachment [Screenshot - 1619921586722_waitForElementToBePresent_false_expectedToFail_waitForElementToBePresent_failed] @02-05-2021 02:13:06.0789 A
[ReportManager] Successfully created attachment [Selenium WebDriver Logs - server] @02-05-2021 02:13:06.0873 AM
[ReportManager] Successfully created attachment [Selenium WebDriver Logs - performance] @02-05-2021 02:13:06.0917 AM
[ReportManager] Successfully created attachment [Selenium WebDriver Logs - driver] @02-05-2021 02:13:07.0007 AM
[ReportManager] Browser Action [closeCurrentWindow] successfully performed. @02-05-2021 02:13:07.0063 AM
[ReportManager] Successfully created attachment [Browser Action Test Data - closeCurrentWindow - Actual Value] @02-05-2021 02:13:07.0064 A
[ReportManager] File Action [getAbsolutePath] successfully performed. With the following test data [Relative Folder Path: "target/downloadedFiles/"]. @02-05-2021 02:13:07.0068 AM
[ReportManager] Attempting to run remotely on: [Linux-64], [GoogleChrome], [http://localhost:4444/wd/hub], Headless Execution. @02-05-2021 02:13:07.0068 AM
[ReportManager] Successfully Opened [GoogleChrome]. @02-05-2021 02:13:07.0325 A

################################################################################################################################################
Starting Execution:	[131 out of 137] test cases in the current suite
Test Method:		[unitTests.tests_element_elementActions.waitForElementToBePresent_false_expectedToPass]
################################################################################################################################################
[ReportManager] Target URL: [https://www.google.com/ncr], and after redirection: [www.google.com] @02-05-2021 02:13:07.0340 AM
[ReportManager] Initial URL: [data:,] @02-05-2021 02:13:07.0393 AM
[ReportManager] Browser Action [navigateToURL] successfully performed. With the following test data [https://www.google.com/ncr]. @02-05-2021 02:13:08.0381 AM
[ReportManager] Waiting for element to be present; elementLocator [By.id: bla], numberOfTries[1], stateOfPresence[false]... @02-05-2021 02:13:08.0381 AM
[ReportManager] Element Action [waitForElementToBePresent] successfully performed. With the following test data [waited for the element's state of presence to be (false). Element locator (By.id: bla)]. @02-05-2021 02:13:13.0499 A
[ReportManager] Successfully created attachment [Selenium WebDriver Logs - server] @02-05-2021 02:13:13.0596 AM
[ReportManager] Successfully created attachment [Selenium WebDriver Logs - performance] @02-05-2021 02:13:13.0634 AM
[ReportManager] Successfully created attachment [Selenium WebDriver Logs - driver] @02-05-2021 02:13:13.0721 AM
[ReportManager] Browser Action [closeCurrentWindow] successfully performed. @02-05-2021 02:13:13.0783 AM
[ReportManager] Successfully created attachment [Browser Action Test Data - closeCurrentWindow - Actual Value] @02-05-2021 02:13:13.0784 A
[ReportManager] File Action [getAbsolutePath] successfully performed. With the following test data [Relative Folder Path: "target/downloadedFiles/"]. @02-05-2021 02:13:13.0786 AM
[ReportManager] Attempting to run remotely on: [Linux-64], [GoogleChrome], [http://localhost:4444/wd/hub], Headless Execution. @02-05-2021 02:13:13.0786 AM
[ReportManager] Successfully Opened [GoogleChrome]. @02-05-2021 02:13:14.0033 A

################################################################################################################################################
Starting Execution:	[132 out of 137] test cases in the current suite
Test Method:		[unitTests.tests_element_elementActions.waitForElementToBePresent_moreThanOneElement_expectedToFail]
################################################################################################################################################
[ReportManager] Target URL: [https://www.google.com/ncr], and after redirection: [www.google.com] @02-05-2021 02:13:14.0055 AM
[ReportManager] Initial URL: [data:,] @02-05-2021 02:13:14.0098 AM
[ReportManager] Browser Action [navigateToURL] successfully performed. With the following test data [https://www.google.com/ncr]. @02-05-2021 02:13:14.0993 AM
[ReportManager] Waiting for element to be present; elementLocator [By.xpath: //*], numberOfTries[1], stateOfPresence[false]... @02-05-2021 02:13:14.0993 AM
[ReportManager] Element Action [waitForElementToBePresent] failed. With the following test data [waited for the element's state of presence to be (false). Element locator (By.xpath: //*)]. @02-05-2021 02:13:15.0236 AM
[ReportManager] Successfully created attachment [Screenshot - 1619921595169_waitForElementToBePresent_moreThanOneElement_expectedToFail_waitForElementToBePresent_failed] @02-05-2021 02:13:15.0237 A
[ReportManager] Successfully created attachment [Selenium WebDriver Logs - server] @02-05-2021 02:13:15.0334 AM
[ReportManager] Successfully created attachment [Selenium WebDriver Logs - performance] @02-05-2021 02:13:15.0374 AM
[ReportManager] Successfully created attachment [Selenium WebDriver Logs - driver] @02-05-2021 02:13:15.0477 AM
[ReportManager] Browser Action [closeCurrentWindow] successfully performed. @02-05-2021 02:13:15.0533 AM
[ReportManager] Successfully created attachment [Browser Action Test Data - closeCurrentWindow - Actual Value] @02-05-2021 02:13:15.0534 A
[ReportManager] File Action [getAbsolutePath] successfully performed. With the following test data [Relative Folder Path: "target/downloadedFiles/"]. @02-05-2021 02:13:15.0536 AM
[ReportManager] Attempting to run remotely on: [Linux-64], [GoogleChrome], [http://localhost:4444/wd/hub], Headless Execution. @02-05-2021 02:13:15.0536 AM
[ReportManager] Successfully Opened [GoogleChrome]. @02-05-2021 02:13:15.0778 A

################################################################################################################################################
Starting Execution:	[133 out of 137] test cases in the current suite
Test Method:		[unitTests.tests_element_elementActions.waitForElementToBePresent_true_expectedToFail]
################################################################################################################################################
[ReportManager] Target URL: [https://www.google.com/ncr], and after redirection: [www.google.com] @02-05-2021 02:13:15.0794 AM
[ReportManager] Initial URL: [data:,] @02-05-2021 02:13:15.0839 AM
[ReportManager] Browser Action [navigateToURL] successfully performed. With the following test data [https://www.google.com/ncr]. @02-05-2021 02:13:16.0739 AM
[ReportManager] Waiting for element to be present; elementLocator [By.id: bla], numberOfTries[1], stateOfPresence[true]... @02-05-2021 02:13:16.0740 AM
[ReportManager] Element Action [waitForElementToBePresent] failed. With the following test data [waited for the element's state of presence to be (true). Element locator (By.id: bla)]. @02-05-2021 02:13:22.0042 AM
[ReportManager] Successfully created attachment [Screenshot - 1619921601970_waitForElementToBePresent_true_expectedToFail_waitForElementToBePresent_failed] @02-05-2021 02:13:22.0042 A
[ReportManager] Successfully created attachment [Selenium WebDriver Logs - server] @02-05-2021 02:13:22.0127 AM
[ReportManager] Successfully created attachment [Selenium WebDriver Logs - performance] @02-05-2021 02:13:22.0172 AM
[ReportManager] Successfully created attachment [Selenium WebDriver Logs - driver] @02-05-2021 02:13:22.0254 AM
[ReportManager] Browser Action [closeCurrentWindow] successfully performed. @02-05-2021 02:13:22.0310 AM
[ReportManager] Successfully created attachment [Browser Action Test Data - closeCurrentWindow - Actual Value] @02-05-2021 02:13:22.0311 A
[ReportManager] File Action [getAbsolutePath] successfully performed. With the following test data [Relative Folder Path: "target/downloadedFiles/"]. @02-05-2021 02:13:22.0314 AM
[ReportManager] Attempting to run remotely on: [Linux-64], [GoogleChrome], [http://localhost:4444/wd/hub], Headless Execution. @02-05-2021 02:13:22.0314 AM
[ReportManager] Successfully Opened [GoogleChrome]. @02-05-2021 02:13:22.0552 A

################################################################################################################################################
Starting Execution:	[134 out of 137] test cases in the current suite
Test Method:		[unitTests.tests_element_elementActions.waitForElementToBePresent_true_expectedToPass]
################################################################################################################################################
[ReportManager] Target URL: [https://www.google.com/ncr], and after redirection: [www.google.com] @02-05-2021 02:13:22.0566 AM
[ReportManager] Initial URL: [data:,] @02-05-2021 02:13:22.0614 AM
[ReportManager] Browser Action [navigateToURL] successfully performed. With the following test data [https://www.google.com/ncr]. @02-05-2021 02:13:23.0580 AM
[ReportManager] Waiting for element to be present; elementLocator [By.xpath: //img[@id='hplogo' or @alt='Google']], numberOfTries[1], stateOfPresence[true]... @02-05-2021 02:13:23.0580 AM
[ReportManager] Element Action [waitForElementToBePresent] successfully performed. With the following test data [waited for the element's state of presence to be (true). Element locator (By.xpath: //img[@id='hplogo' or @alt='Google'])]. @02-05-2021 02:13:23.0638 AM
[ReportManager] Using Visual AI; OpenCV... @02-05-2021 02:13:23.0640 AM
[ReportManager] File Action [doesFileExist] successfully performed. With the following test data [File Path: "src/test/resources/DynamicObjectRepository/unitTests_tests_element_elementActions_waitForElementToBePresent_true_expectedToPass_By_xpath_img_id_hplogo_or_alt_Google.png"]. @02-05-2021 02:13:23.0641 AM
[ReportManager] File Action [doesFileExist] successfully performed. With the following test data [File Path: "src/test/resources/DynamicObjectRepository/unitTests_tests_element_elementActions_waitForElementToBePresent_true_expectedToPass_By_xpath_img_id_hplogo_or_alt_Google.png"]. @02-05-2021 02:13:23.0869 AM
[ReportManager] Passing the test and saving a reference image @02-05-2021 02:13:23.0869 AM
[ReportManager] File Action [getAbsolutePath] successfully performed. With the following test data [Relative File Path: "src/test/resources/DynamicObjectRepository/unitTests_tests_element_elementActions_waitForElementToBePresent_true_expectedToPass_By_xpath_img_id_hplogo_or_alt_Google.png"]. @02-05-2021 02:13:23.0870 AM
[ReportManager] File Action [writeToFile] successfully performed. With the following test data [Target File Path: "/home/runner/work/SHAFT_ENGINE/SHAFT_ENGINE/src/test/resources/DynamicObjectRepository/unitTests_tests_element_elementActions_waitForElementToBePresent_true_expectedToPass_By_xpath_img_id_hplogo_or_alt_Google.png"]. @02-05-2021 02:13:23.0882 AM
[ReportManager] AssertElementMatches PASSED; Expected [Element should match the reference screenshot] and Actual [TRUE]. Comparison Type [EXACT_OPENCV]. Validation Type [POSITIVE]. @02-05-2021 02:13:23.0882 AM
[ReportManager] Successfully created attachment [Validation Test Data - Actual Screenshot] @02-05-2021 02:13:23.0882 A
[ReportManager] Successfully created attachment [Selenium WebDriver Logs - server] @02-05-2021 02:13:23.0972 AM
[ReportManager] Successfully created attachment [Selenium WebDriver Logs - performance] @02-05-2021 02:13:24.0012 AM
[ReportManager] Successfully created attachment [Selenium WebDriver Logs - driver] @02-05-2021 02:13:24.0101 AM
[ReportManager] Browser Action [closeCurrentWindow] successfully performed. @02-05-2021 02:13:24.0161 AM
[ReportManager] Successfully created attachment [Browser Action Test Data - closeCurrentWindow - Actual Value] @02-05-2021 02:13:24.0163 A

################################################################################################################################################
Starting Execution:	[135 out of 137] test cases in the current suite
Test Method:		[unitTests.tests_restActions.getPostsAndAssertBodyForSpecificTitle]
################################################################################################################################################
[ReportManager] Response status code: [200], status line: [HTTP/1.1 200 OK] @02-05-2021 02:13:25.0506 AM
[ReportManager] Evaluating the actual response status code against the expected one...... @02-05-2021 02:13:25.0506 AM
[ReportManager] AssertEquals PASSED; Expected [200] and Actual [200]. Comparison Type [EQUALS]. Validation Type [POSITIVE]. @02-05-2021 02:13:25.0506 AM
[ReportManager] API Action [performRequest] successfully performed. With the following test data [Request Type: "GET" | Target Status Code: "200" | Service URL: "https://jsonplaceholder.typicode.com/posts" | Content Type: "*/*" | Response Time: "871ms"]. @02-05-2021 02:13:25.0691 AM
[ReportManager] Successfully created attachment [API Response - JSON Body] @02-05-2021 02:13:25.0692 AM
[ReportManager] API Action [getResponseJSONValueAsList] successfully performed. @02-05-2021 02:13:25.0725 AM
[ReportManager] API Action [getResponseJSONValue] successfully performed. With the following test data [title]. @02-05-2021 02:13:25.0740 AM
[ReportManager] API Action [getResponseJSONValue] successfully performed. With the following test data [title]. @02-05-2021 02:13:25.0751 AM
[ReportManager] API Action [getResponseJSONValue] successfully performed. With the following test data [body]. @02-05-2021 02:13:25.0762 AM
[ReportManager] AssertEquals PASSED; Expected [qui neque nisi nulla] and Actual [est rerum tempore vitae
sequi sint nihil reprehenderit dolor beatae ea dolores neque
fugiat blanditiis voluptate porro vel nihil molestiae ut reiciendis
qui aperiam non debitis possimus qui neque nisi nulla]. Comparison Type [CONTAINS]. Validation Type [POSITIVE]. @02-05-2021 02:13:25.0762 AM
[ReportManager] API Action [getResponseJSONValue] successfully performed. With the following test data [title]. @02-05-2021 02:13:25.0772 AM
[ReportManager] API Action [getResponseJSONValue] successfully performed. With the following test data [title]. @02-05-2021 02:13:25.0785 AM
[ReportManager] API Action [getResponseJSONValue] successfully performed. With the following test data [title]. @02-05-2021 02:13:25.0797 AM
[ReportManager] API Action [getResponseJSONValue] successfully performed. With the following test data [title]. @02-05-2021 02:13:25.0808 AM
[ReportManager] API Action [getResponseJSONValue] successfully performed. With the following test data [title]. @02-05-2021 02:13:25.0818 AM
[ReportManager] API Action [getResponseJSONValue] successfully performed. With the following test data [title]. @02-05-2021 02:13:25.0828 AM
[ReportManager] API Action [getResponseJSONValue] successfully performed. With the following test data [title]. @02-05-2021 02:13:25.0837 AM
[ReportManager] API Action [getResponseJSONValue] successfully performed. With the following test data [title]. @02-05-2021 02:13:25.0846 AM
[ReportManager] API Action [getResponseJSONValue] successfully performed. With the following test data [title]. @02-05-2021 02:13:25.0856 AM
[ReportManager] API Action [getResponseJSONValue] successfully performed. With the following test data [title]. @02-05-2021 02:13:25.0870 AM
[ReportManager] API Action [getResponseJSONValue] successfully performed. With the following test data [title]. @02-05-2021 02:13:25.0885 AM
[ReportManager] API Action [getResponseJSONValue] successfully performed. With the following test data [title]. @02-05-2021 02:13:25.0899 AM
[ReportManager] API Action [getResponseJSONValue] successfully performed. With the following test data [title]. @02-05-2021 02:13:25.0914 AM
[ReportManager] API Action [getResponseJSONValue] successfully performed. With the following test data [title]. @02-05-2021 02:13:25.0931 AM
[ReportManager] API Action [getResponseJSONValue] successfully performed. With the following test data [title]. @02-05-2021 02:13:25.0948 AM
[ReportManager] API Action [getResponseJSONValue] successfully performed. With the following test data [title]. @02-05-2021 02:13:25.0961 AM
[ReportManager] API Action [getResponseJSONValue] successfully performed. With the following test data [title]. @02-05-2021 02:13:25.0980 AM
[ReportManager] API Action [getResponseJSONValue] successfully performed. With the following test data [title]. @02-05-2021 02:13:25.0994 AM
[ReportManager] API Action [getResponseJSONValue] successfully performed. With the following test data [title]. @02-05-2021 02:13:26.0016 AM
[ReportManager] API Action [getResponseJSONValue] successfully performed. With the following test data [title]. @02-05-2021 02:13:26.0029 AM
[ReportManager] API Action [getResponseJSONValue] successfully performed. With the following test data [title]. @02-05-2021 02:13:26.0049 AM
[ReportManager] API Action [getResponseJSONValue] successfully performed. With the following test data [title]. @02-05-2021 02:13:26.0067 AM
[ReportManager] API Action [getResponseJSONValue] successfully performed. With the following test data [title]. @02-05-2021 02:13:26.0090 AM
[ReportManager] API Action [getResponseJSONValue] successfully performed. With the following test data [title]. @02-05-2021 02:13:26.0111 AM
[ReportManager] API Action [getResponseJSONValue] successfully performed. With the following test data [title]. @02-05-2021 02:13:26.0122 AM
[ReportManager] API Action [getResponseJSONValue] successfully performed. With the following test data [title]. @02-05-2021 02:13:26.0133 AM
[ReportManager] API Action [getResponseJSONValue] successfully performed. With the following test data [title]. @02-05-2021 02:13:26.0154 AM
[ReportManager] API Action [getResponseJSONValue] successfully performed. With the following test data [title]. @02-05-2021 02:13:26.0164 AM
[ReportManager] API Action [getResponseJSONValue] successfully performed. With the following test data [title]. @02-05-2021 02:13:26.0174 AM
[ReportManager] API Action [getResponseJSONValue] successfully performed. With the following test data [title]. @02-05-2021 02:13:26.0187 AM
[ReportManager] API Action [getResponseJSONValue] successfully performed. With the following test data [title]. @02-05-2021 02:13:26.0199 AM
[ReportManager] API Action [getResponseJSONValue] successfully performed. With the following test data [title]. @02-05-2021 02:13:26.0219 AM
[ReportManager] API Action [getResponseJSONValue] successfully performed. With the following test data [title]. @02-05-2021 02:13:26.0228 AM
[ReportManager] API Action [getResponseJSONValue] successfully performed. With the following test data [title]. @02-05-2021 02:13:26.0240 AM
[ReportManager] API Action [getResponseJSONValue] successfully performed. With the following test data [title]. @02-05-2021 02:13:26.0250 AM
[ReportManager] API Action [getResponseJSONValue] successfully performed. With the following test data [title]. @02-05-2021 02:13:26.0263 AM
[ReportManager] API Action [getResponseJSONValue] successfully performed. With the following test data [title]. @02-05-2021 02:13:26.0286 AM
[ReportManager] API Action [getResponseJSONValue] successfully performed. With the following test data [title]. @02-05-2021 02:13:26.0304 AM
[ReportManager] API Action [getResponseJSONValue] successfully performed. With the following test data [title]. @02-05-2021 02:13:26.0313 AM
[ReportManager] API Action [getResponseJSONValue] successfully performed. With the following test data [title]. @02-05-2021 02:13:26.0325 AM
[ReportManager] API Action [getResponseJSONValue] successfully performed. With the following test data [title]. @02-05-2021 02:13:26.0335 AM
[ReportManager] API Action [getResponseJSONValue] successfully performed. With the following test data [title]. @02-05-2021 02:13:26.0344 AM
[ReportManager] API Action [getResponseJSONValue] successfully performed. With the following test data [title]. @02-05-2021 02:13:26.0359 AM
[ReportManager] API Action [getResponseJSONValue] successfully performed. With the following test data [title]. @02-05-2021 02:13:26.0368 AM
[ReportManager] API Action [getResponseJSONValue] successfully performed. With the following test data [title]. @02-05-2021 02:13:26.0377 AM
[ReportManager] API Action [getResponseJSONValue] successfully performed. With the following test data [title]. @02-05-2021 02:13:26.0386 AM
[ReportManager] API Action [getResponseJSONValue] successfully performed. With the following test data [title]. @02-05-2021 02:13:26.0396 AM
[ReportManager] API Action [getResponseJSONValue] successfully performed. With the following test data [title]. @02-05-2021 02:13:26.0405 AM
[ReportManager] API Action [getResponseJSONValue] successfully performed. With the following test data [title]. @02-05-2021 02:13:26.0414 AM
[ReportManager] API Action [getResponseJSONValue] successfully performed. With the following test data [title]. @02-05-2021 02:13:26.0423 AM
[ReportManager] API Action [getResponseJSONValue] successfully performed. With the following test data [title]. @02-05-2021 02:13:26.0432 AM
[ReportManager] API Action [getResponseJSONValue] successfully performed. With the following test data [title]. @02-05-2021 02:13:26.0442 AM
[ReportManager] API Action [getResponseJSONValue] successfully performed. With the following test data [title]. @02-05-2021 02:13:26.0451 AM
[ReportManager] API Action [getResponseJSONValue] successfully performed. With the following test data [title]. @02-05-2021 02:13:26.0459 AM
[ReportManager] API Action [getResponseJSONValue] successfully performed. With the following test data [title]. @02-05-2021 02:13:26.0468 AM
[ReportManager] API Action [getResponseJSONValue] successfully performed. With the following test data [title]. @02-05-2021 02:13:26.0476 AM
[ReportManager] API Action [getResponseJSONValue] successfully performed. With the following test data [title]. @02-05-2021 02:13:26.0485 AM
[ReportManager] API Action [getResponseJSONValue] successfully performed. With the following test data [title]. @02-05-2021 02:13:26.0495 AM
[ReportManager] API Action [getResponseJSONValue] successfully performed. With the following test data [title]. @02-05-2021 02:13:26.0523 AM
[ReportManager] API Action [getResponseJSONValue] successfully performed. With the following test data [title]. @02-05-2021 02:13:26.0531 AM
[ReportManager] API Action [getResponseJSONValue] successfully performed. With the following test data [title]. @02-05-2021 02:13:26.0539 AM
[ReportManager] API Action [getResponseJSONValue] successfully performed. With the following test data [title]. @02-05-2021 02:13:26.0547 AM
[ReportManager] API Action [getResponseJSONValue] successfully performed. With the following test data [title]. @02-05-2021 02:13:26.0556 AM
[ReportManager] API Action [getResponseJSONValue] successfully performed. With the following test data [title]. @02-05-2021 02:13:26.0565 AM
[ReportManager] API Action [getResponseJSONValue] successfully performed. With the following test data [title]. @02-05-2021 02:13:26.0573 AM
[ReportManager] API Action [getResponseJSONValue] successfully performed. With the following test data [title]. @02-05-2021 02:13:26.0582 AM
[ReportManager] API Action [getResponseJSONValue] successfully performed. With the following test data [title]. @02-05-2021 02:13:26.0592 AM
[ReportManager] API Action [getResponseJSONValue] successfully performed. With the following test data [title]. @02-05-2021 02:13:26.0601 AM
[ReportManager] API Action [getResponseJSONValue] successfully performed. With the following test data [title]. @02-05-2021 02:13:26.0610 AM
[ReportManager] API Action [getResponseJSONValue] successfully performed. With the following test data [title]. @02-05-2021 02:13:26.0619 AM
[ReportManager] API Action [getResponseJSONValue] successfully performed. With the following test data [title]. @02-05-2021 02:13:26.0628 AM
[ReportManager] API Action [getResponseJSONValue] successfully performed. With the following test data [title]. @02-05-2021 02:13:26.0637 AM
[ReportManager] API Action [getResponseJSONValue] successfully performed. With the following test data [title]. @02-05-2021 02:13:26.0649 AM
[ReportManager] API Action [getResponseJSONValue] successfully performed. With the following test data [title]. @02-05-2021 02:13:26.0658 AM
[ReportManager] API Action [getResponseJSONValue] successfully performed. With the following test data [title]. @02-05-2021 02:13:26.0666 AM
[ReportManager] API Action [getResponseJSONValue] successfully performed. With the following test data [title]. @02-05-2021 02:13:26.0680 AM
[ReportManager] API Action [getResponseJSONValue] successfully performed. With the following test data [title]. @02-05-2021 02:13:26.0695 AM
[ReportManager] API Action [getResponseJSONValue] successfully performed. With the following test data [title]. @02-05-2021 02:13:26.0704 AM
[ReportManager] API Action [getResponseJSONValue] successfully performed. With the following test data [title]. @02-05-2021 02:13:26.0715 AM
[ReportManager] API Action [getResponseJSONValue] successfully performed. With the following test data [title]. @02-05-2021 02:13:26.0730 AM
[ReportManager] API Action [getResponseJSONValue] successfully performed. With the following test data [title]. @02-05-2021 02:13:26.0751 AM
[ReportManager] API Action [getResponseJSONValue] successfully performed. With the following test data [title]. @02-05-2021 02:13:26.0760 AM
[ReportManager] API Action [getResponseJSONValue] successfully performed. With the following test data [title]. @02-05-2021 02:13:26.0771 AM
[ReportManager] API Action [getResponseJSONValue] successfully performed. With the following test data [title]. @02-05-2021 02:13:26.0779 AM
[ReportManager] API Action [getResponseJSONValue] successfully performed. With the following test data [title]. @02-05-2021 02:13:26.0787 AM
[ReportManager] API Action [getResponseJSONValue] successfully performed. With the following test data [title]. @02-05-2021 02:13:26.0805 AM
[ReportManager] API Action [getResponseJSONValue] successfully performed. With the following test data [title]. @02-05-2021 02:13:26.0820 AM
[ReportManager] API Action [getResponseJSONValue] successfully performed. With the following test data [title]. @02-05-2021 02:13:26.0831 AM
[ReportManager] API Action [getResponseJSONValue] successfully performed. With the following test data [title]. @02-05-2021 02:13:26.0839 AM
[ReportManager] API Action [getResponseJSONValue] successfully performed. With the following test data [title]. @02-05-2021 02:13:26.0849 AM
[ReportManager] API Action [getResponseJSONValue] successfully performed. With the following test data [title]. @02-05-2021 02:13:26.0866 AM
[ReportManager] API Action [getResponseJSONValue] successfully performed. With the following test data [title]. @02-05-2021 02:13:26.0879 AM
[ReportManager] API Action [getResponseJSONValue] successfully performed. With the following test data [title]. @02-05-2021 02:13:26.0888 AM
[ReportManager] API Action [getResponseJSONValue] successfully performed. With the following test data [title]. @02-05-2021 02:13:26.0899 AM
[ReportManager] API Action [getResponseJSONValue] successfully performed. With the following test data [title]. @02-05-2021 02:13:26.0911 AM
[ReportManager] API Action [getResponseJSONValue] successfully performed. With the following test data [title]. @02-05-2021 02:13:26.0925 AM
[ReportManager] API Action [getResponseJSONValue] successfully performed. With the following test data [title]. @02-05-2021 02:13:26.0935 AM
[ReportManager] API Action [getResponseJSONValue] successfully performed. With the following test data [title]. @02-05-2021 02:13:26.0951 A

################################################################################################################################################
Starting Execution:	[136 out of 137] test cases in the current suite
Test Method:		[unitTests.tests_restActions.validateUserEmail]
################################################################################################################################################
[ReportManager] Response status code: [200], status line: [HTTP/1.1 200 OK] @02-05-2021 02:13:27.0105 AM
[ReportManager] Evaluating the actual response status code against the expected one...... @02-05-2021 02:13:27.0105 AM
[ReportManager] AssertEquals PASSED; Expected [200] and Actual [200]. Comparison Type [EQUALS]. Validation Type [POSITIVE]. @02-05-2021 02:13:27.0106 AM
[ReportManager] API Action [performRequest] successfully performed. With the following test data [Request Type: "GET" | Target Status Code: "200" | Service URL: "https://jsonplaceholder.typicode.com/users" | Content Type: "*/*" | Response Time: "119ms"]. @02-05-2021 02:13:27.0128 AM
[ReportManager] Successfully created attachment [API Response - JSON Body] @02-05-2021 02:13:27.0128 AM
[ReportManager] AssertEquals PASSED; Expected and Actual values are attached. Comparison Type [CONTAINS]. Validation Type [POSITIVE]. @02-05-2021 02:13:27.0128 AM
[ReportManager] Successfully created attachment [Validation Test Data - Expected Value] @02-05-2021 02:13:27.0129 AM
[ReportManager] Successfully created attachment [Validation Test Data - Actual Value] @02-05-2021 02:13:27.0129 AM
[ReportManager] API Action [getResponseJSONValueAsList] successfully performed. With the following test data [$]. @02-05-2021 02:13:27.0136 AM
[ReportManager] API Action [getResponseJSONValue] successfully performed. With the following test data [name]. @02-05-2021 02:13:27.0154 AM
[ReportManager] API Action [getResponseJSONValue] successfully performed. With the following test data [email]. @02-05-2021 02:13:27.0165 AM
[ReportManager] AssertEquals PASSED; Expected [Sincere@april.biz] and Actual [Sincere@april.biz]. Comparison Type [EQUALS]. Validation Type [POSITIVE]. @02-05-2021 02:13:27.0165 AM
[ReportManager] API Action [getResponseJSONValue] successfully performed. With the following test data [name]. @02-05-2021 02:13:27.0178 AM
[ReportManager] API Action [getResponseJSONValue] successfully performed. With the following test data [name]. @02-05-2021 02:13:27.0196 AM
[ReportManager] API Action [getResponseJSONValue] successfully performed. With the following test data [name]. @02-05-2021 02:13:27.0210 AM
[ReportManager] API Action [getResponseJSONValue] successfully performed. With the following test data [name]. @02-05-2021 02:13:27.0220 AM
[ReportManager] API Action [getResponseJSONValue] successfully performed. With the following test data [name]. @02-05-2021 02:13:27.0229 AM
[ReportManager] API Action [getResponseJSONValue] successfully performed. With the following test data [name]. @02-05-2021 02:13:27.0239 AM
[ReportManager] API Action [getResponseJSONValue] successfully performed. With the following test data [name]. @02-05-2021 02:13:27.0250 AM
[ReportManager] API Action [getResponseJSONValue] successfully performed. With the following test data [name]. @02-05-2021 02:13:27.0259 AM
[ReportManager] API Action [getResponseJSONValue] successfully performed. With the following test data [name]. @02-05-2021 02:13:27.0269 A
[ReportManager] Successfully loaded the following test data file [src/test/resources/TestDataFiles/testSuite01/TestData.xlsx]. @02-05-2021 02:13:27.0341 AM
[ReportManager] Successfully created attachment [Test Data - Excel] @02-05-2021 02:13:27.0341 A

################################################################################################################################################
Starting Execution:	[137 out of 137] test cases in the current suite
Test Method:		[unitTests.tests_io_excelFileManager.getCellData_rowName_expectedToPass]
################################################################################################################################################
[ReportManager] testRowData. @02-05-2021 02:13:27.0346 A

################################################################################################################################################
Test Closure Activities
################################################################################################################################################
[ReportManager] Successfully created attachment [SHAFT Engine Logs - Execution log] @02-05-2021 02:13:27.0372 AM

################################################################################################################################################
This test run was powered by SHAFT Engine Version: [SHAFT Engine v5.2.20210427]
SHAFT Engine is licensed under the MIT License: [https://github.com/MohabMohie/SHAFT_ENGINE/blob/master/LICENSE].
################################################################################################################################################