################################################################################################################################################
Detected SHAFT Engine Version: [SHAFT Engine v5.1]
################################################################################################################################################
[ReportManager] File Action [getAbsolutePath] successfully performed. With the following test data [Relative Folder Path: "target/downloadedFiles/"]. @15-02-2021 01:30:43.0403 AM
[ReportManager] Attempting to run remotely on: [Linux-64], [GoogleChrome], [http://localhost:4444/wd/hub], Headless Execution. @15-02-2021 01:30:43.0462 AM
[ReportManager] Successfully Opened [GoogleChrome]. @15-02-2021 01:30:45.0118 A

################################################################################################################################################
Starting Execution:	[1 out of 134] test cases in the current suite
Test Method:		[unitTests.tests_element_elementActions.waitForElementToBePresent_false_expectedToFail]
################################################################################################################################################
[ReportManager] Target URL: [https://www.google.com/ncr], and after redirection: [www.google.com] @15-02-2021 01:30:45.0401 AM
[ReportManager] Initial URL: [data:,] @15-02-2021 01:30:45.0514 AM
[ReportManager] Browser Action [navigateToURL] successfully performed. With the following test data [https://www.google.com/ncr]. @15-02-2021 01:30:46.0937 AM
[ReportManager] Waiting for element to be present; elementLocator [By.id: hplogo], numberOfTries[1], stateOfPresence[false]... @15-02-2021 01:30:46.0945 AM
[ReportManager] Element Action [waitForElementToBePresent] failed. With the following test data [waited up to (5) seconds, for the element's state of presence to be (false). Element locator (By.id: hplogo)]. @15-02-2021 01:30:47.0514 AM
[ReportManager] Successfully created attachment [Screenshot - 1613352647173_waitForElementToBePresent_false_expectedToFail_waitForElementToBePresent_failed] @15-02-2021 01:30:47.0531 A
[ReportManager] Successfully created attachment [Selenium WebDriver Logs - server] @15-02-2021 01:30:47.0719 AM
[ReportManager] Successfully created attachment [Selenium WebDriver Logs - performance] @15-02-2021 01:30:47.0810 AM
[ReportManager] Successfully created attachment [Selenium WebDriver Logs - driver] @15-02-2021 01:30:48.0061 AM
[ReportManager] Browser Action [closeCurrentWindow] successfully performed. @15-02-2021 01:30:48.0135 AM
[ReportManager] Successfully created attachment [Browser Action Test Data - closeCurrentWindow - Actual Value] @15-02-2021 01:30:48.0146 A
[ReportManager] File Action [getAbsolutePath] successfully performed. With the following test data [Relative Folder Path: "target/downloadedFiles/"]. @15-02-2021 01:30:48.0158 AM
[ReportManager] Attempting to run remotely on: [Linux-64], [GoogleChrome], [http://localhost:4444/wd/hub], Headless Execution. @15-02-2021 01:30:48.0158 AM
[ReportManager] Successfully Opened [GoogleChrome]. @15-02-2021 01:30:48.0834 A

################################################################################################################################################
Starting Execution:	[2 out of 134] test cases in the current suite
Test Method:		[unitTests.tests_element_elementActions.waitForElementToBePresent_false_expectedToPass]
################################################################################################################################################
[ReportManager] Target URL: [https://www.google.com/ncr], and after redirection: [www.google.com] @15-02-2021 01:30:48.0902 AM
[ReportManager] Initial URL: [data:,] @15-02-2021 01:30:48.0992 AM
[ReportManager] Browser Action [navigateToURL] successfully performed. With the following test data [https://www.google.com/ncr]. @15-02-2021 01:30:49.0991 AM
[ReportManager] Waiting for element to be present; elementLocator [By.id: bla], numberOfTries[1], stateOfPresence[false]... @15-02-2021 01:30:49.0991 AM
[ReportManager] Element Action [waitForElementToBePresent] successfully performed. With the following test data [waited up to (5) seconds, for the element's state of presence to be (false). Element locator (By.id: bla)]. @15-02-2021 01:30:50.0055 A
[ReportManager] Successfully created attachment [Selenium WebDriver Logs - server] @15-02-2021 01:30:50.0178 AM
[ReportManager] Successfully created attachment [Selenium WebDriver Logs - performance] @15-02-2021 01:30:50.0242 AM
[ReportManager] Successfully created attachment [Selenium WebDriver Logs - driver] @15-02-2021 01:30:50.0354 AM
[ReportManager] Browser Action [closeCurrentWindow] successfully performed. @15-02-2021 01:30:50.0415 AM
[ReportManager] Successfully created attachment [Browser Action Test Data - closeCurrentWindow - Actual Value] @15-02-2021 01:30:50.0417 A
[ReportManager] File Action [getAbsolutePath] successfully performed. With the following test data [Relative Folder Path: "target/downloadedFiles/"]. @15-02-2021 01:30:50.0431 AM
[ReportManager] Attempting to run remotely on: [Linux-64], [GoogleChrome], [http://localhost:4444/wd/hub], Headless Execution. @15-02-2021 01:30:50.0432 AM
[ReportManager] Successfully Opened [GoogleChrome]. @15-02-2021 01:30:51.0072 A

################################################################################################################################################
Starting Execution:	[3 out of 134] test cases in the current suite
Test Method:		[unitTests.tests_element_elementActions.waitForElementToBePresent_moreThanOneElement_expectedToFail]
################################################################################################################################################
[ReportManager] Target URL: [https://www.google.com/ncr], and after redirection: [www.google.com] @15-02-2021 01:30:51.0115 AM
[ReportManager] Initial URL: [data:,] @15-02-2021 01:30:51.0196 AM
[ReportManager] Browser Action [navigateToURL] successfully performed. With the following test data [https://www.google.com/ncr]. @15-02-2021 01:30:52.0089 AM
[ReportManager] Waiting for element to be present; elementLocator [By.xpath: //*], numberOfTries[1], stateOfPresence[false]... @15-02-2021 01:30:52.0089 AM
[ReportManager] Element Action [waitForElementToBePresent] failed. With the following test data [waited up to (5) seconds, for the element's state of presence to be (false). Element locator (By.xpath: //*)]. @15-02-2021 01:30:52.0427 AM
[ReportManager] Successfully created attachment [Screenshot - 1613352652330_waitForElementToBePresent_moreThanOneElement_expectedToFail_waitForElementToBePresent_failed] @15-02-2021 01:30:52.0431 A
[ReportManager] Successfully created attachment [Selenium WebDriver Logs - server] @15-02-2021 01:30:52.0575 AM
[ReportManager] Successfully created attachment [Selenium WebDriver Logs - performance] @15-02-2021 01:30:52.0633 AM
[ReportManager] Successfully created attachment [Selenium WebDriver Logs - driver] @15-02-2021 01:30:52.0742 AM
[ReportManager] Browser Action [closeCurrentWindow] successfully performed. @15-02-2021 01:30:52.0805 AM
[ReportManager] Successfully created attachment [Browser Action Test Data - closeCurrentWindow - Actual Value] @15-02-2021 01:30:52.0806 A
[ReportManager] File Action [getAbsolutePath] successfully performed. With the following test data [Relative Folder Path: "target/downloadedFiles/"]. @15-02-2021 01:30:52.0810 AM
[ReportManager] Attempting to run remotely on: [Linux-64], [GoogleChrome], [http://localhost:4444/wd/hub], Headless Execution. @15-02-2021 01:30:52.0810 AM
[ReportManager] Successfully Opened [GoogleChrome]. @15-02-2021 01:30:53.0419 A

################################################################################################################################################
Starting Execution:	[4 out of 134] test cases in the current suite
Test Method:		[unitTests.tests_element_elementActions.waitForElementToBePresent_true_expectedToFail]
################################################################################################################################################
[ReportManager] Target URL: [https://www.google.com/ncr], and after redirection: [www.google.com] @15-02-2021 01:30:53.0472 AM
[ReportManager] Initial URL: [data:,] @15-02-2021 01:30:53.0562 AM
[ReportManager] Browser Action [navigateToURL] successfully performed. With the following test data [https://www.google.com/ncr]. @15-02-2021 01:30:54.0448 AM
[ReportManager] Waiting for element to be present; elementLocator [By.id: bla], numberOfTries[1], stateOfPresence[true]... @15-02-2021 01:30:54.0448 AM
[ReportManager] Element Action [waitForElementToBePresent] failed. With the following test data [waited up to (5) seconds, for the element's state of presence to be (true). Element locator (By.id: bla)]. @15-02-2021 01:30:54.0725 AM
[ReportManager] Successfully created attachment [Screenshot - 1613352654644_waitForElementToBePresent_true_expectedToFail_waitForElementToBePresent_failed] @15-02-2021 01:30:54.0727 A
[ReportManager] Successfully created attachment [Selenium WebDriver Logs - server] @15-02-2021 01:30:54.0844 AM
[ReportManager] Successfully created attachment [Selenium WebDriver Logs - performance] @15-02-2021 01:30:54.0894 AM
[ReportManager] Successfully created attachment [Selenium WebDriver Logs - driver] @15-02-2021 01:30:55.0010 AM
[ReportManager] Browser Action [closeCurrentWindow] successfully performed. @15-02-2021 01:30:55.0072 AM
[ReportManager] Successfully created attachment [Browser Action Test Data - closeCurrentWindow - Actual Value] @15-02-2021 01:30:55.0077 A
[ReportManager] File Action [getAbsolutePath] successfully performed. With the following test data [Relative Folder Path: "target/downloadedFiles/"]. @15-02-2021 01:30:55.0082 AM
[ReportManager] Attempting to run remotely on: [Linux-64], [GoogleChrome], [http://localhost:4444/wd/hub], Headless Execution. @15-02-2021 01:30:55.0083 AM
[ReportManager] Successfully Opened [GoogleChrome]. @15-02-2021 01:30:55.0436 A

################################################################################################################################################
Starting Execution:	[5 out of 134] test cases in the current suite
Test Method:		[unitTests.tests_element_elementActions.waitForElementToBePresent_true_expectedToPass]
################################################################################################################################################
[ReportManager] Target URL: [https://www.google.com/ncr], and after redirection: [www.google.com] @15-02-2021 01:30:55.0465 AM
[ReportManager] Initial URL: [data:,] @15-02-2021 01:30:55.0536 AM
[ReportManager] Browser Action [navigateToURL] successfully performed. With the following test data [https://www.google.com/ncr]. @15-02-2021 01:30:56.0435 AM
[ReportManager] Waiting for element to be present; elementLocator [By.id: hplogo], numberOfTries[1], stateOfPresence[true]... @15-02-2021 01:30:56.0436 AM
[ReportManager] Element Action [waitForElementToBePresent] successfully performed. With the following test data [waited up to (5) seconds, for the element's state of presence to be (true). Element locator (By.id: hplogo)]. @15-02-2021 01:30:56.0491 AM
[ReportManager] Using Visual AI; OpenCV... @15-02-2021 01:30:56.0497 AM
[ReportManager] File Action [doesFileExist] successfully performed. With the following test data [File Path: "src/test/resources/DynamicObjectRepository/unitTests_tests_element_elementActions_waitForElementToBePresent_true_expectedToPass_By_id_hplogo.png"]. @15-02-2021 01:30:56.0507 AM
[ReportManager] File Action [doesFileExist] successfully performed. With the following test data [File Path: "src/test/resources/DynamicObjectRepository/unitTests_tests_element_elementActions_waitForElementToBePresent_true_expectedToPass_By_id_hplogo.png"]. @15-02-2021 01:30:56.0752 AM
[ReportManager] Passing the test and saving a reference image @15-02-2021 01:30:56.0752 AM
[ReportManager] File Action [getAbsolutePath] successfully performed. With the following test data [Relative File Path: "src/test/resources/DynamicObjectRepository/unitTests_tests_element_elementActions_waitForElementToBePresent_true_expectedToPass_By_id_hplogo.png"]. @15-02-2021 01:30:56.0752 AM
[ReportManager] File Action [writeToFile] successfully performed. With the following test data [Target File Path: "/home/runner/work/SHAFT_ENGINE/SHAFT_ENGINE/src/test/resources/DynamicObjectRepository/unitTests_tests_element_elementActions_waitForElementToBePresent_true_expectedToPass_By_id_hplogo.png"]. @15-02-2021 01:30:56.0762 AM
[ReportManager] AssertElementMatches PASSED; Expected [Element should match the reference screenshot] and Actual [TRUE]. Comparison Type [EXACT_OPENCV]. Validation Type [POSITIVE]. @15-02-2021 01:30:56.0764 AM
[ReportManager] Successfully created attachment [Validation Test Data - Actual Screenshot] @15-02-2021 01:30:56.0767 A
[ReportManager] Successfully created attachment [Selenium WebDriver Logs - server] @15-02-2021 01:30:56.0888 AM
[ReportManager] Successfully created attachment [Selenium WebDriver Logs - performance] @15-02-2021 01:30:56.0941 AM
[ReportManager] Successfully created attachment [Selenium WebDriver Logs - driver] @15-02-2021 01:30:57.0044 AM
[ReportManager] Browser Action [closeCurrentWindow] successfully performed. @15-02-2021 01:30:57.0103 AM
[ReportManager] Successfully created attachment [Browser Action Test Data - closeCurrentWindow - Actual Value] @15-02-2021 01:30:57.0104 A
[ReportManager] File Action [getAbsolutePath] successfully performed. With the following test data [Relative Folder Path: "target/downloadedFiles/"]. @15-02-2021 01:30:57.0107 AM
[ReportManager] Attempting to run remotely on: [Linux-64], [GoogleChrome], [http://localhost:4444/wd/hub], Headless Execution. @15-02-2021 01:30:57.0108 AM
[ReportManager] Successfully Opened [GoogleChrome]. @15-02-2021 01:30:57.0362 AM
[ReportManager] Target URL: [https://duckduckgo.com] @15-02-2021 01:30:57.0387 AM
[ReportManager] Initial URL: [data:,] @15-02-2021 01:30:57.0464 AM
[ReportManager] Browser Action [navigateToURL] successfully performed. With the following test data [https://duckduckgo.com]. @15-02-2021 01:30:58.0356 A

################################################################################################################################################
Starting Execution:	[6 out of 134] test cases in the current suite
Test Method:		[unitTests.tests_browserActions.fullScreenWindow]
################################################################################################################################################
[ReportManager] Initial Windows Size: 800x600 @15-02-2021 01:30:58.0435 AM
[ReportManager] Initial window size: (800, 600) @15-02-2021 01:30:58.0442 AM
[ReportManager] Window size after Toolkit: (1920, 1080) @15-02-2021 01:30:58.0677 AM
[ReportManager] Browser Action [maximizeWindow] successfully performed. With the following test data [New screen size is now: (1920, 1080)]. @15-02-2021 01:30:58.0682 AM
[ReportManager] Current Windows Size after fullScreen: 1920x1080 @15-02-2021 01:30:58.0693 AM
[ReportManager] Browser Action [fullScreenWindow] successfully performed. @15-02-2021 01:30:58.0711 AM
[ReportManager] Successfully created attachment [Browser Action Test Data - fullScreenWindow - Actual Value] @15-02-2021 01:30:58.0713 A
[ReportManager] Target URL: [https://duckduckgo.com] @15-02-2021 01:30:58.0718 AM
[ReportManager] Initial URL: [https://duckduckgo.com] @15-02-2021 01:30:58.0809 AM
[ReportManager] Browser Action [navigateToURL] successfully performed. With the following test data [https://duckduckgo.com]. @15-02-2021 01:30:59.0285 AM
[ReportManager] Successfully created attachment [Selenium WebDriver Logs - server] @15-02-2021 01:30:59.0373 AM
[ReportManager] Successfully created attachment [Selenium WebDriver Logs - performance] @15-02-2021 01:30:59.0492 AM
[ReportManager] Successfully created attachment [Selenium WebDriver Logs - driver] @15-02-2021 01:30:59.0667 AM
[ReportManager] Browser Action [closeCurrentWindow] successfully performed. @15-02-2021 01:30:59.0737 AM
[ReportManager] Successfully created attachment [Browser Action Test Data - closeCurrentWindow - Actual Value] @15-02-2021 01:30:59.0746 A
[ReportManager] File Action [getAbsolutePath] successfully performed. With the following test data [Relative Folder Path: "target/downloadedFiles/"]. @15-02-2021 01:30:59.0759 AM
[ReportManager] Attempting to run remotely on: [Linux-64], [GoogleChrome], [http://localhost:4444/wd/hub], Headless Execution. @15-02-2021 01:30:59.0759 AM
[ReportManager] Successfully Opened [GoogleChrome]. @15-02-2021 01:31:00.0087 AM
[ReportManager] Target URL: [https://duckduckgo.com] @15-02-2021 01:31:00.0111 AM
[ReportManager] Initial URL: [data:,] @15-02-2021 01:31:00.0189 AM
[ReportManager] Browser Action [navigateToURL] successfully performed. With the following test data [https://duckduckgo.com]. @15-02-2021 01:31:01.0443 A

################################################################################################################################################
Starting Execution:	[7 out of 134] test cases in the current suite
Test Method:		[unitTests.tests_browserActions.getCurrentURL]
################################################################################################################################################
[ReportManager] Browser Action [getCurrentURL] successfully performed. With the following test data [https://duckduckgo.com/]. @15-02-2021 01:31:01.0499 A
[ReportManager] Target URL: [https://duckduckgo.com] @15-02-2021 01:31:01.0506 AM
[ReportManager] Initial URL: [https://duckduckgo.com] @15-02-2021 01:31:01.0607 AM
[ReportManager] Browser Action [navigateToURL] successfully performed. With the following test data [https://duckduckgo.com]. @15-02-2021 01:31:02.0105 AM
[ReportManager] Successfully created attachment [Selenium WebDriver Logs - server] @15-02-2021 01:31:02.0180 AM
[ReportManager] Successfully created attachment [Selenium WebDriver Logs - performance] @15-02-2021 01:31:02.0295 AM
[ReportManager] Successfully created attachment [Selenium WebDriver Logs - driver] @15-02-2021 01:31:02.0474 AM
[ReportManager] Browser Action [closeCurrentWindow] successfully performed. @15-02-2021 01:31:02.0539 AM
[ReportManager] Successfully created attachment [Browser Action Test Data - closeCurrentWindow - Actual Value] @15-02-2021 01:31:02.0542 A
[ReportManager] File Action [getAbsolutePath] successfully performed. With the following test data [Relative Folder Path: "target/downloadedFiles/"]. @15-02-2021 01:31:02.0544 AM
[ReportManager] Attempting to run remotely on: [Linux-64], [GoogleChrome], [http://localhost:4444/wd/hub], Headless Execution. @15-02-2021 01:31:02.0545 AM
[ReportManager] Successfully Opened [GoogleChrome]. @15-02-2021 01:31:02.0800 AM
[ReportManager] Target URL: [https://duckduckgo.com] @15-02-2021 01:31:02.0822 AM
[ReportManager] Initial URL: [data:,] @15-02-2021 01:31:02.0883 AM
[ReportManager] Browser Action [navigateToURL] successfully performed. With the following test data [https://duckduckgo.com]. @15-02-2021 01:31:03.0966 A

################################################################################################################################################
Starting Execution:	[8 out of 134] test cases in the current suite
Test Method:		[unitTests.tests_browserActions.getCurrentWindowTitle]
################################################################################################################################################
[ReportManager] Browser Action [getCurrentWindowTitle] successfully performed. With the following test data [DuckDuckGo â€” Privacy, simplified.]. @15-02-2021 01:31:04.0028 A
[ReportManager] Target URL: [https://duckduckgo.com] @15-02-2021 01:31:04.0040 AM
[ReportManager] Initial URL: [https://duckduckgo.com] @15-02-2021 01:31:04.0147 AM
[ReportManager] Browser Action [navigateToURL] successfully performed. With the following test data [https://duckduckgo.com]. @15-02-2021 01:31:04.0678 AM
[ReportManager] Successfully created attachment [Selenium WebDriver Logs - server] @15-02-2021 01:31:04.0764 AM
[ReportManager] Successfully created attachment [Selenium WebDriver Logs - performance] @15-02-2021 01:31:04.0883 AM
[ReportManager] Successfully created attachment [Selenium WebDriver Logs - driver] @15-02-2021 01:31:05.0056 AM
[ReportManager] Browser Action [closeCurrentWindow] successfully performed. @15-02-2021 01:31:05.0120 AM
[ReportManager] Successfully created attachment [Browser Action Test Data - closeCurrentWindow - Actual Value] @15-02-2021 01:31:05.0121 A
[ReportManager] File Action [getAbsolutePath] successfully performed. With the following test data [Relative Folder Path: "target/downloadedFiles/"]. @15-02-2021 01:31:05.0135 AM
[ReportManager] Attempting to run remotely on: [Linux-64], [GoogleChrome], [http://localhost:4444/wd/hub], Headless Execution. @15-02-2021 01:31:05.0135 AM
[ReportManager] Successfully Opened [GoogleChrome]. @15-02-2021 01:31:05.0376 AM
[ReportManager] Target URL: [https://duckduckgo.com] @15-02-2021 01:31:05.0399 AM
[ReportManager] Initial URL: [data:,] @15-02-2021 01:31:05.0458 AM
[ReportManager] Browser Action [navigateToURL] successfully performed. With the following test data [https://duckduckgo.com]. @15-02-2021 01:31:06.0687 A

################################################################################################################################################
Starting Execution:	[9 out of 134] test cases in the current suite
Test Method:		[unitTests.tests_browserActions.getPageSource]
################################################################################################################################################
[ReportManager] Browser Action [getPageSource] successfully performed. @15-02-2021 01:31:06.0744 AM
[ReportManager] Successfully created attachment [Browser Action Test Data - getPageSource - Actual Value] @15-02-2021 01:31:06.0744 A
[ReportManager] Target URL: [https://duckduckgo.com] @15-02-2021 01:31:06.0747 AM
[ReportManager] Initial URL: [https://duckduckgo.com] @15-02-2021 01:31:06.0823 AM
[ReportManager] Browser Action [navigateToURL] successfully performed. With the following test data [https://duckduckgo.com]. @15-02-2021 01:31:07.0429 AM
[ReportManager] Successfully created attachment [Selenium WebDriver Logs - server] @15-02-2021 01:31:07.0490 AM
[ReportManager] Successfully created attachment [Selenium WebDriver Logs - performance] @15-02-2021 01:31:07.0603 AM
[ReportManager] Successfully created attachment [Selenium WebDriver Logs - driver] @15-02-2021 01:31:07.0755 AM
[ReportManager] Browser Action [closeCurrentWindow] successfully performed. @15-02-2021 01:31:07.0819 AM
[ReportManager] Successfully created attachment [Browser Action Test Data - closeCurrentWindow - Actual Value] @15-02-2021 01:31:07.0820 A
[ReportManager] File Action [getAbsolutePath] successfully performed. With the following test data [Relative Folder Path: "target/downloadedFiles/"]. @15-02-2021 01:31:07.0822 AM
[ReportManager] Attempting to run remotely on: [Linux-64], [GoogleChrome], [http://localhost:4444/wd/hub], Headless Execution. @15-02-2021 01:31:07.0822 AM
[ReportManager] Successfully Opened [GoogleChrome]. @15-02-2021 01:31:08.0071 AM
[ReportManager] Target URL: [https://duckduckgo.com] @15-02-2021 01:31:08.0091 AM
[ReportManager] Initial URL: [data:,] @15-02-2021 01:31:08.0147 AM
[ReportManager] Browser Action [navigateToURL] successfully performed. With the following test data [https://duckduckgo.com]. @15-02-2021 01:31:09.0201 A

################################################################################################################################################
Starting Execution:	[10 out of 134] test cases in the current suite
Test Method:		[unitTests.tests_browserActions.getWindowHandle]
################################################################################################################################################
[ReportManager] Browser Action [getWindowHandle] successfully performed. With the following test data [CDwindow-DC8CE99343E9852FA3640EF0E0003856]. @15-02-2021 01:31:09.0351 A
[ReportManager] Target URL: [https://duckduckgo.com] @15-02-2021 01:31:09.0354 AM
[ReportManager] Initial URL: [https://duckduckgo.com] @15-02-2021 01:31:09.0463 AM
[ReportManager] Browser Action [navigateToURL] successfully performed. With the following test data [https://duckduckgo.com]. @15-02-2021 01:31:09.0965 AM
[ReportManager] Successfully created attachment [Selenium WebDriver Logs - server] @15-02-2021 01:31:10.0035 AM
[ReportManager] Successfully created attachment [Selenium WebDriver Logs - performance] @15-02-2021 01:31:10.0151 AM
[ReportManager] Successfully created attachment [Selenium WebDriver Logs - driver] @15-02-2021 01:31:10.0303 AM
[ReportManager] Browser Action [closeCurrentWindow] successfully performed. @15-02-2021 01:31:10.0361 AM
[ReportManager] Successfully created attachment [Browser Action Test Data - closeCurrentWindow - Actual Value] @15-02-2021 01:31:10.0362 A
[ReportManager] File Action [getAbsolutePath] successfully performed. With the following test data [Relative Folder Path: "target/downloadedFiles/"]. @15-02-2021 01:31:10.0365 AM
[ReportManager] Attempting to run remotely on: [Linux-64], [GoogleChrome], [http://localhost:4444/wd/hub], Headless Execution. @15-02-2021 01:31:10.0366 AM
[ReportManager] Successfully Opened [GoogleChrome]. @15-02-2021 01:31:10.0623 AM
[ReportManager] Target URL: [https://duckduckgo.com] @15-02-2021 01:31:10.0638 AM
[ReportManager] Initial URL: [data:,] @15-02-2021 01:31:10.0689 AM
[ReportManager] Browser Action [navigateToURL] successfully performed. With the following test data [https://duckduckgo.com]. @15-02-2021 01:31:11.0819 A

################################################################################################################################################
Starting Execution:	[11 out of 134] test cases in the current suite
Test Method:		[unitTests.tests_browserActions.getWindowPosition]
################################################################################################################################################
[ReportManager] Browser Action [getWindowPosition] successfully performed. With the following test data [(0, 0)]. @15-02-2021 01:31:11.0900 A
[ReportManager] Target URL: [https://duckduckgo.com] @15-02-2021 01:31:11.0902 AM
[ReportManager] Initial URL: [https://duckduckgo.com] @15-02-2021 01:31:12.0004 AM
[ReportManager] Browser Action [navigateToURL] successfully performed. With the following test data [https://duckduckgo.com]. @15-02-2021 01:31:12.0523 AM
[ReportManager] Successfully created attachment [Selenium WebDriver Logs - server] @15-02-2021 01:31:12.0598 AM
[ReportManager] Successfully created attachment [Selenium WebDriver Logs - performance] @15-02-2021 01:31:12.0707 AM
[ReportManager] Successfully created attachment [Selenium WebDriver Logs - driver] @15-02-2021 01:31:12.0866 AM
[ReportManager] Browser Action [closeCurrentWindow] successfully performed. @15-02-2021 01:31:12.0931 AM
[ReportManager] Successfully created attachment [Browser Action Test Data - closeCurrentWindow - Actual Value] @15-02-2021 01:31:12.0932 A
[ReportManager] File Action [getAbsolutePath] successfully performed. With the following test data [Relative Folder Path: "target/downloadedFiles/"]. @15-02-2021 01:31:12.0934 AM
[ReportManager] Attempting to run remotely on: [Linux-64], [GoogleChrome], [http://localhost:4444/wd/hub], Headless Execution. @15-02-2021 01:31:12.0935 AM
[ReportManager] Successfully Opened [GoogleChrome]. @15-02-2021 01:31:13.0204 AM
[ReportManager] Target URL: [https://duckduckgo.com] @15-02-2021 01:31:13.0217 AM
[ReportManager] Initial URL: [data:,] @15-02-2021 01:31:13.0272 AM
[ReportManager] Browser Action [navigateToURL] successfully performed. With the following test data [https://duckduckgo.com]. @15-02-2021 01:31:14.0424 A

################################################################################################################################################
Starting Execution:	[12 out of 134] test cases in the current suite
Test Method:		[unitTests.tests_browserActions.getWindowSize]
################################################################################################################################################
[ReportManager] Browser Action [getWindowSize] successfully performed. With the following test data [(800, 600)]. @15-02-2021 01:31:14.0474 A
[ReportManager] Target URL: [https://duckduckgo.com] @15-02-2021 01:31:14.0476 AM
[ReportManager] Initial URL: [https://duckduckgo.com] @15-02-2021 01:31:14.0548 AM
[ReportManager] Browser Action [navigateToURL] successfully performed. With the following test data [https://duckduckgo.com]. @15-02-2021 01:31:15.0073 AM
[ReportManager] Successfully created attachment [Selenium WebDriver Logs - server] @15-02-2021 01:31:15.0137 AM
[ReportManager] Successfully created attachment [Selenium WebDriver Logs - performance] @15-02-2021 01:31:15.0258 AM
[ReportManager] Successfully created attachment [Selenium WebDriver Logs - driver] @15-02-2021 01:31:15.0416 AM
[ReportManager] Browser Action [closeCurrentWindow] successfully performed. @15-02-2021 01:31:15.0473 AM
[ReportManager] Successfully created attachment [Browser Action Test Data - closeCurrentWindow - Actual Value] @15-02-2021 01:31:15.0474 A
[ReportManager] File Action [getAbsolutePath] successfully performed. With the following test data [Relative Folder Path: "target/downloadedFiles/"]. @15-02-2021 01:31:15.0478 AM
[ReportManager] Attempting to run remotely on: [Linux-64], [GoogleChrome], [http://localhost:4444/wd/hub], Headless Execution. @15-02-2021 01:31:15.0478 AM
[ReportManager] Successfully Opened [GoogleChrome]. @15-02-2021 01:31:15.0788 AM
[ReportManager] Target URL: [https://duckduckgo.com] @15-02-2021 01:31:15.0811 AM
[ReportManager] Initial URL: [data:,] @15-02-2021 01:31:15.0871 AM
[ReportManager] Browser Action [navigateToURL] successfully performed. With the following test data [https://duckduckgo.com]. @15-02-2021 01:31:17.0089 A

################################################################################################################################################
Starting Execution:	[13 out of 134] test cases in the current suite
Test Method:		[unitTests.tests_browserActions.maximizeWindow]
################################################################################################################################################
[ReportManager] Initial window size: (800, 600) @15-02-2021 01:31:17.0100 AM
[ReportManager] Window size after Toolkit: (1920, 1080) @15-02-2021 01:31:17.0334 AM
[ReportManager] Browser Action [maximizeWindow] successfully performed. With the following test data [New screen size is now: (1920, 1080)]. @15-02-2021 01:31:17.0348 A
[ReportManager] Target URL: [https://duckduckgo.com] @15-02-2021 01:31:17.0350 AM
[ReportManager] Initial URL: [https://duckduckgo.com] @15-02-2021 01:31:17.0449 AM
[ReportManager] Browser Action [navigateToURL] successfully performed. With the following test data [https://duckduckgo.com]. @15-02-2021 01:31:17.0955 AM
[ReportManager] Successfully created attachment [Selenium WebDriver Logs - server] @15-02-2021 01:31:18.0022 AM
[ReportManager] Successfully created attachment [Selenium WebDriver Logs - performance] @15-02-2021 01:31:18.0143 AM
[ReportManager] Successfully created attachment [Selenium WebDriver Logs - driver] @15-02-2021 01:31:18.0305 AM
[ReportManager] Browser Action [closeCurrentWindow] successfully performed. @15-02-2021 01:31:18.0362 AM
[ReportManager] Successfully created attachment [Browser Action Test Data - closeCurrentWindow - Actual Value] @15-02-2021 01:31:18.0363 A
[ReportManager] File Action [getAbsolutePath] successfully performed. With the following test data [Relative Folder Path: "target/downloadedFiles/"]. @15-02-2021 01:31:18.0365 AM
[ReportManager] Attempting to run remotely on: [Linux-64], [GoogleChrome], [http://localhost:4444/wd/hub], Headless Execution. @15-02-2021 01:31:18.0365 AM
[ReportManager] Successfully Opened [GoogleChrome]. @15-02-2021 01:31:18.0593 AM
[ReportManager] Target URL: [https://duckduckgo.com] @15-02-2021 01:31:18.0606 AM
[ReportManager] Initial URL: [data:,] @15-02-2021 01:31:18.0658 AM
[ReportManager] Browser Action [navigateToURL] successfully performed. With the following test data [https://duckduckgo.com]. @15-02-2021 01:31:19.0728 A

################################################################################################################################################
Starting Execution:	[14 out of 134] test cases in the current suite
Test Method:		[unitTests.tests_browserActions.navigateBack]
################################################################################################################################################
[ReportManager] Target URL: [https://www.google.com/ncr], and after redirection: [https://www.google.com] @15-02-2021 01:31:19.0834 AM
[ReportManager] Initial URL: [https://duckduckgo.com] @15-02-2021 01:31:19.0916 AM
[ReportManager] Browser Action [navigateToURL] successfully performed. With the following test data [https://www.google.com/ncr]. @15-02-2021 01:31:20.0756 AM
[ReportManager] Browser Action [navigateBack] successfully performed. With the following test data [https://duckduckgo.com/]. @15-02-2021 01:31:21.0166 AM
[ReportManager] Confirming that navigating back was successful... @15-02-2021 01:31:21.0169 AM
[ReportManager] Browser Action [getCurrentURL] successfully performed. With the following test data [https://duckduckgo.com/]. @15-02-2021 01:31:21.0210 AM
[ReportManager] AssertBrowserAttribute PASSED; Expected [Value Should be 'https://duckduckgo.com' for the 'CurrentUrl' attribute] and Actual [https://duckduckgo.com/]. Comparison Type [CONTAINS]. Validation Type [POSITIVE]. @15-02-2021 01:31:21.0212 A
[ReportManager] Target URL: [https://duckduckgo.com] @15-02-2021 01:31:21.0214 AM
[ReportManager] Initial URL: [https://duckduckgo.com] @15-02-2021 01:31:21.0289 AM
[ReportManager] Browser Action [navigateToURL] successfully performed. With the following test data [https://duckduckgo.com]. @15-02-2021 01:31:21.0743 AM
[ReportManager] Successfully created attachment [Selenium WebDriver Logs - server] @15-02-2021 01:31:21.0807 AM
[ReportManager] Successfully created attachment [Selenium WebDriver Logs - performance] @15-02-2021 01:31:21.0985 AM
[ReportManager] Successfully created attachment [Selenium WebDriver Logs - driver] @15-02-2021 01:31:22.0250 AM
[ReportManager] Browser Action [closeCurrentWindow] successfully performed. @15-02-2021 01:31:22.0310 AM
[ReportManager] Successfully created attachment [Browser Action Test Data - closeCurrentWindow - Actual Value] @15-02-2021 01:31:22.0311 A
[ReportManager] File Action [getAbsolutePath] successfully performed. With the following test data [Relative Folder Path: "target/downloadedFiles/"]. @15-02-2021 01:31:22.0315 AM
[ReportManager] Attempting to run remotely on: [Linux-64], [GoogleChrome], [http://localhost:4444/wd/hub], Headless Execution. @15-02-2021 01:31:22.0316 AM
[ReportManager] Successfully Opened [GoogleChrome]. @15-02-2021 01:31:22.0560 AM
[ReportManager] Target URL: [https://duckduckgo.com] @15-02-2021 01:31:22.0577 AM
[ReportManager] Initial URL: [data:,] @15-02-2021 01:31:22.0636 AM
[ReportManager] Browser Action [navigateToURL] successfully performed. With the following test data [https://duckduckgo.com]. @15-02-2021 01:31:23.0759 A

################################################################################################################################################
Starting Execution:	[15 out of 134] test cases in the current suite
Test Method:		[unitTests.tests_browserActions.navigateForward]
################################################################################################################################################
[ReportManager] Target URL: [https://www.google.com/ncr], and after redirection: [https://www.google.com] @15-02-2021 01:31:23.0768 AM
[ReportManager] Initial URL: [https://duckduckgo.com] @15-02-2021 01:31:23.0835 AM
[ReportManager] Browser Action [navigateToURL] successfully performed. With the following test data [https://www.google.com/ncr]. @15-02-2021 01:31:24.0656 AM
[ReportManager] Browser Action [navigateBack] successfully performed. With the following test data [https://duckduckgo.com/]. @15-02-2021 01:31:25.0116 AM
[ReportManager] Browser Action [navigateForward] successfully performed. With the following test data [https://www.google.com/]. @15-02-2021 01:31:25.0557 A
[ReportManager] Target URL: [https://duckduckgo.com] @15-02-2021 01:31:25.0558 AM
[ReportManager] Initial URL: [https://www.google.com] @15-02-2021 01:31:25.0648 AM
[ReportManager] Browser Action [navigateToURL] successfully performed. With the following test data [https://duckduckgo.com]. @15-02-2021 01:31:26.0279 AM
[ReportManager] Successfully created attachment [Selenium WebDriver Logs - server] @15-02-2021 01:31:26.0345 AM
[ReportManager] Successfully created attachment [Selenium WebDriver Logs - performance] @15-02-2021 01:31:26.0520 AM
[ReportManager] Successfully created attachment [Selenium WebDriver Logs - driver] @15-02-2021 01:31:26.0794 AM
[ReportManager] Browser Action [closeCurrentWindow] successfully performed. @15-02-2021 01:31:26.0856 AM
[ReportManager] Successfully created attachment [Browser Action Test Data - closeCurrentWindow - Actual Value] @15-02-2021 01:31:26.0856 A
[ReportManager] File Action [getAbsolutePath] successfully performed. With the following test data [Relative Folder Path: "target/downloadedFiles/"]. @15-02-2021 01:31:26.0860 AM
[ReportManager] Attempting to run remotely on: [Linux-64], [GoogleChrome], [http://localhost:4444/wd/hub], Headless Execution. @15-02-2021 01:31:26.0860 AM
[ReportManager] Successfully Opened [GoogleChrome]. @15-02-2021 01:31:27.0127 AM
[ReportManager] Target URL: [https://duckduckgo.com] @15-02-2021 01:31:27.0139 AM
[ReportManager] Initial URL: [data:,] @15-02-2021 01:31:27.0188 AM
[ReportManager] Browser Action [navigateToURL] successfully performed. With the following test data [https://duckduckgo.com]. @15-02-2021 01:31:28.0226 A

################################################################################################################################################
Starting Execution:	[16 out of 134] test cases in the current suite
Test Method:		[unitTests.tests_browserActions.navigateToURL]
################################################################################################################################################
[ReportManager] Target URL: [https://duckduckgo.com] @15-02-2021 01:31:28.0232 AM
[ReportManager] Initial URL: [https://duckduckgo.com] @15-02-2021 01:31:28.0298 AM
[ReportManager] Browser Action [navigateToURL] successfully performed. With the following test data [https://duckduckgo.com]. @15-02-2021 01:31:28.0772 A
[ReportManager] Target URL: [https://duckduckgo.com] @15-02-2021 01:31:28.0780 AM
[ReportManager] Initial URL: [https://duckduckgo.com] @15-02-2021 01:31:28.0861 AM
[ReportManager] Browser Action [navigateToURL] successfully performed. With the following test data [https://duckduckgo.com]. @15-02-2021 01:31:29.0290 AM
[ReportManager] Successfully created attachment [Selenium WebDriver Logs - server] @15-02-2021 01:31:29.0361 AM
[ReportManager] Successfully created attachment [Selenium WebDriver Logs - performance] @15-02-2021 01:31:29.0536 AM
[ReportManager] Successfully created attachment [Selenium WebDriver Logs - driver] @15-02-2021 01:31:29.0777 AM
[ReportManager] Browser Action [closeCurrentWindow] successfully performed. @15-02-2021 01:31:29.0835 AM
[ReportManager] Successfully created attachment [Browser Action Test Data - closeCurrentWindow - Actual Value] @15-02-2021 01:31:29.0836 A
[ReportManager] File Action [getAbsolutePath] successfully performed. With the following test data [Relative Folder Path: "target/downloadedFiles/"]. @15-02-2021 01:31:29.0838 AM
[ReportManager] Attempting to run remotely on: [Linux-64], [GoogleChrome], [http://localhost:4444/wd/hub], Headless Execution. @15-02-2021 01:31:29.0838 AM
[ReportManager] Successfully Opened [GoogleChrome]. @15-02-2021 01:31:30.0094 AM
[ReportManager] Target URL: [https://duckduckgo.com] @15-02-2021 01:31:30.0126 AM
[ReportManager] Initial URL: [data:,] @15-02-2021 01:31:30.0212 AM
[ReportManager] Browser Action [navigateToURL] successfully performed. With the following test data [https://duckduckgo.com]. @15-02-2021 01:31:31.0401 A

################################################################################################################################################
Starting Execution:	[17 out of 134] test cases in the current suite
Test Method:		[unitTests.tests_browserActions.navigateToURLWithRedirection]
################################################################################################################################################
[ReportManager] Target URL: [https://www.google.com/ncr], and after redirection: [https://www.google.com] @15-02-2021 01:31:31.0403 AM
[ReportManager] Initial URL: [https://duckduckgo.com] @15-02-2021 01:31:31.0492 AM
[ReportManager] Browser Action [navigateToURL] successfully performed. With the following test data [https://www.google.com/ncr]. @15-02-2021 01:31:32.0287 A
[ReportManager] Target URL: [https://duckduckgo.com] @15-02-2021 01:31:32.0289 AM
[ReportManager] Initial URL: [https://www.google.com] @15-02-2021 01:31:32.0383 AM
[ReportManager] Browser Action [navigateToURL] successfully performed. With the following test data [https://duckduckgo.com]. @15-02-2021 01:31:33.0058 AM
[ReportManager] Successfully created attachment [Selenium WebDriver Logs - server] @15-02-2021 01:31:33.0128 AM
[ReportManager] Successfully created attachment [Selenium WebDriver Logs - performance] @15-02-2021 01:31:33.0279 AM
[ReportManager] Successfully created attachment [Selenium WebDriver Logs - driver] @15-02-2021 01:31:33.0485 AM
[ReportManager] Browser Action [closeCurrentWindow] successfully performed. @15-02-2021 01:31:33.0543 AM
[ReportManager] Successfully created attachment [Browser Action Test Data - closeCurrentWindow - Actual Value] @15-02-2021 01:31:33.0543 A
[ReportManager] File Action [getAbsolutePath] successfully performed. With the following test data [Relative Folder Path: "target/downloadedFiles/"]. @15-02-2021 01:31:33.0548 AM
[ReportManager] Attempting to run remotely on: [Linux-64], [GoogleChrome], [http://localhost:4444/wd/hub], Headless Execution. @15-02-2021 01:31:33.0549 AM
[ReportManager] Successfully Opened [GoogleChrome]. @15-02-2021 01:31:33.0803 AM
[ReportManager] Target URL: [https://duckduckgo.com] @15-02-2021 01:31:33.0818 AM
[ReportManager] Initial URL: [data:,] @15-02-2021 01:31:33.0861 AM
[ReportManager] Browser Action [navigateToURL] successfully performed. With the following test data [https://duckduckgo.com]. @15-02-2021 01:31:34.0924 A

################################################################################################################################################
Starting Execution:	[18 out of 134] test cases in the current suite
Test Method:		[unitTests.tests_browserActions.refreshCurrentPage]
################################################################################################################################################
[ReportManager] Browser Action [refreshCurrentPage] successfully performed. @15-02-2021 01:31:35.0348 AM
[ReportManager] Successfully created attachment [Browser Action Test Data - refreshCurrentPage - Actual Value] @15-02-2021 01:31:35.0349 A
[ReportManager] Target URL: [https://duckduckgo.com] @15-02-2021 01:31:35.0352 AM
[ReportManager] Initial URL: [https://duckduckgo.com] @15-02-2021 01:31:35.0415 AM
[ReportManager] Browser Action [navigateToURL] successfully performed. With the following test data [https://duckduckgo.com]. @15-02-2021 01:31:35.0823 AM
[ReportManager] Successfully created attachment [Selenium WebDriver Logs - server] @15-02-2021 01:31:35.0880 AM
[ReportManager] Successfully created attachment [Selenium WebDriver Logs - performance] @15-02-2021 01:31:36.0056 AM
[ReportManager] Successfully created attachment [Selenium WebDriver Logs - driver] @15-02-2021 01:31:36.0273 AM
[ReportManager] Browser Action [closeCurrentWindow] successfully performed. @15-02-2021 01:31:36.0331 AM
[ReportManager] Successfully created attachment [Browser Action Test Data - closeCurrentWindow - Actual Value] @15-02-2021 01:31:36.0331 A
[ReportManager] File Action [getAbsolutePath] successfully performed. With the following test data [Relative Folder Path: "target/downloadedFiles/"]. @15-02-2021 01:31:36.0334 AM
[ReportManager] Attempting to run remotely on: [Linux-64], [GoogleChrome], [http://localhost:4444/wd/hub], Headless Execution. @15-02-2021 01:31:36.0334 AM
[ReportManager] Successfully Opened [GoogleChrome]. @15-02-2021 01:31:36.0543 AM
[ReportManager] Target URL: [https://duckduckgo.com] @15-02-2021 01:31:36.0563 AM
[ReportManager] Initial URL: [data:,] @15-02-2021 01:31:36.0608 AM
[ReportManager] Browser Action [navigateToURL] successfully performed. With the following test data [https://duckduckgo.com]. @15-02-2021 01:31:37.0816 A

################################################################################################################################################
Starting Execution:	[19 out of 134] test cases in the current suite
Test Method:		[unitTests.tests_browserActions.setWindowSize]
################################################################################################################################################
[ReportManager] Initial window size: (800, 600) @15-02-2021 01:31:37.0830 AM
[ReportManager] Window size after SWD: (1280, 720) @15-02-2021 01:31:38.0053 AM
[ReportManager] Browser Action [setWindowSize] successfully performed. With the following test data [New screen size is now: (1280, 720)]. @15-02-2021 01:31:38.0054 A
[ReportManager] Target URL: [https://duckduckgo.com] @15-02-2021 01:31:38.0057 AM
[ReportManager] Initial URL: [https://duckduckgo.com] @15-02-2021 01:31:38.0141 AM
[ReportManager] Browser Action [navigateToURL] successfully performed. With the following test data [https://duckduckgo.com]. @15-02-2021 01:31:38.0638 AM
[ReportManager] Successfully created attachment [Selenium WebDriver Logs - server] @15-02-2021 01:31:38.0697 AM
[ReportManager] Successfully created attachment [Selenium WebDriver Logs - performance] @15-02-2021 01:31:38.0812 AM
[ReportManager] Successfully created attachment [Selenium WebDriver Logs - driver] @15-02-2021 01:31:38.0957 AM
[ReportManager] Browser Action [closeCurrentWindow] successfully performed. @15-02-2021 01:31:39.0014 AM
[ReportManager] Successfully created attachment [Browser Action Test Data - closeCurrentWindow - Actual Value] @15-02-2021 01:31:39.0015 A

################################################################################################################################################
Starting Execution:	[20 out of 134] test cases in the current suite
Test Method:		[unitTests.tests_restActions.getPostsAndAssertBodyForSpecificTitle]
################################################################################################################################################
[ReportManager] Response status code: [200], status line: [HTTP/1.1 200 OK] @15-02-2021 01:31:41.0261 AM
[ReportManager] Evaluating the actual response status code against the expected one...... @15-02-2021 01:31:41.0261 AM
[ReportManager] AssertEquals PASSED; Expected [200] and Actual [200]. Comparison Type [EQUALS]. Validation Type [POSITIVE]. @15-02-2021 01:31:41.0261 AM
[ReportManager] API Action [performRequest] successfully performed. With the following test data [Request Type: "GET" | Target Status Code: "200" | Service URL: "https://jsonplaceholder.typicode.com/posts" | Content Type: "*/*" | Response Time: "722ms"]. @15-02-2021 01:31:42.0349 AM
[ReportManager] Successfully created attachment [API Response - JSON Body] @15-02-2021 01:31:42.0554 AM
[ReportManager] API Action [getResponseJSONValueAsList] successfully performed. @15-02-2021 01:31:42.0572 AM
[ReportManager] API Action [getResponseJSONValue] successfully performed. With the following test data [title]. @15-02-2021 01:31:42.0596 AM
[ReportManager] API Action [getResponseJSONValue] successfully performed. With the following test data [title]. @15-02-2021 01:31:42.0615 AM
[ReportManager] API Action [getResponseJSONValue] successfully performed. With the following test data [body]. @15-02-2021 01:31:42.0632 AM
[ReportManager] AssertEquals PASSED; Expected [qui neque nisi nulla] and Actual [est rerum tempore vitae
sequi sint nihil reprehenderit dolor beatae ea dolores neque
fugiat blanditiis voluptate porro vel nihil molestiae ut reiciendis
qui aperiam non debitis possimus qui neque nisi nulla]. Comparison Type [CONTAINS]. Validation Type [POSITIVE]. @15-02-2021 01:31:42.0633 AM
[ReportManager] API Action [getResponseJSONValue] successfully performed. With the following test data [title]. @15-02-2021 01:31:42.0644 AM
[ReportManager] API Action [getResponseJSONValue] successfully performed. With the following test data [title]. @15-02-2021 01:31:42.0658 AM
[ReportManager] API Action [getResponseJSONValue] successfully performed. With the following test data [title]. @15-02-2021 01:31:42.0676 AM
[ReportManager] API Action [getResponseJSONValue] successfully performed. With the following test data [title]. @15-02-2021 01:31:42.0690 AM
[ReportManager] API Action [getResponseJSONValue] successfully performed. With the following test data [title]. @15-02-2021 01:31:42.0705 AM
[ReportManager] API Action [getResponseJSONValue] successfully performed. With the following test data [title]. @15-02-2021 01:31:42.0719 AM
[ReportManager] API Action [getResponseJSONValue] successfully performed. With the following test data [title]. @15-02-2021 01:31:42.0733 AM
[ReportManager] API Action [getResponseJSONValue] successfully performed. With the following test data [title]. @15-02-2021 01:31:42.0748 AM
[ReportManager] API Action [getResponseJSONValue] successfully performed. With the following test data [title]. @15-02-2021 01:31:42.0760 AM
[ReportManager] API Action [getResponseJSONValue] successfully performed. With the following test data [title]. @15-02-2021 01:31:42.0771 AM
[ReportManager] API Action [getResponseJSONValue] successfully performed. With the following test data [title]. @15-02-2021 01:31:42.0787 AM
[ReportManager] API Action [getResponseJSONValue] successfully performed. With the following test data [title]. @15-02-2021 01:31:42.0810 AM
[ReportManager] API Action [getResponseJSONValue] successfully performed. With the following test data [title]. @15-02-2021 01:31:42.0821 AM
[ReportManager] API Action [getResponseJSONValue] successfully performed. With the following test data [title]. @15-02-2021 01:31:42.0834 AM
[ReportManager] API Action [getResponseJSONValue] successfully performed. With the following test data [title]. @15-02-2021 01:31:42.0849 AM
[ReportManager] API Action [getResponseJSONValue] successfully performed. With the following test data [title]. @15-02-2021 01:31:42.0863 AM
[ReportManager] API Action [getResponseJSONValue] successfully performed. With the following test data [title]. @15-02-2021 01:31:42.0872 AM
[ReportManager] API Action [getResponseJSONValue] successfully performed. With the following test data [title]. @15-02-2021 01:31:42.0886 AM
[ReportManager] API Action [getResponseJSONValue] successfully performed. With the following test data [title]. @15-02-2021 01:31:42.0927 AM
[ReportManager] API Action [getResponseJSONValue] successfully performed. With the following test data [title]. @15-02-2021 01:31:42.0942 AM
[ReportManager] API Action [getResponseJSONValue] successfully performed. With the following test data [title]. @15-02-2021 01:31:42.0955 AM
[ReportManager] API Action [getResponseJSONValue] successfully performed. With the following test data [title]. @15-02-2021 01:31:42.0968 AM
[ReportManager] API Action [getResponseJSONValue] successfully performed. With the following test data [title]. @15-02-2021 01:31:42.0975 AM
[ReportManager] API Action [getResponseJSONValue] successfully performed. With the following test data [title]. @15-02-2021 01:31:42.0982 AM
[ReportManager] API Action [getResponseJSONValue] successfully performed. With the following test data [title]. @15-02-2021 01:31:42.0990 AM
[ReportManager] API Action [getResponseJSONValue] successfully performed. With the following test data [title]. @15-02-2021 01:31:42.0997 AM
[ReportManager] API Action [getResponseJSONValue] successfully performed. With the following test data [title]. @15-02-2021 01:31:43.0004 AM
[ReportManager] API Action [getResponseJSONValue] successfully performed. With the following test data [title]. @15-02-2021 01:31:43.0011 AM
[ReportManager] API Action [getResponseJSONValue] successfully performed. With the following test data [title]. @15-02-2021 01:31:43.0018 AM
[ReportManager] API Action [getResponseJSONValue] successfully performed. With the following test data [title]. @15-02-2021 01:31:43.0024 AM
[ReportManager] API Action [getResponseJSONValue] successfully performed. With the following test data [title]. @15-02-2021 01:31:43.0031 AM
[ReportManager] API Action [getResponseJSONValue] successfully performed. With the following test data [title]. @15-02-2021 01:31:43.0038 AM
[ReportManager] API Action [getResponseJSONValue] successfully performed. With the following test data [title]. @15-02-2021 01:31:43.0045 AM
[ReportManager] API Action [getResponseJSONValue] successfully performed. With the following test data [title]. @15-02-2021 01:31:43.0051 AM
[ReportManager] API Action [getResponseJSONValue] successfully performed. With the following test data [title]. @15-02-2021 01:31:43.0058 AM
[ReportManager] API Action [getResponseJSONValue] successfully performed. With the following test data [title]. @15-02-2021 01:31:43.0065 AM
[ReportManager] API Action [getResponseJSONValue] successfully performed. With the following test data [title]. @15-02-2021 01:31:43.0072 AM
[ReportManager] API Action [getResponseJSONValue] successfully performed. With the following test data [title]. @15-02-2021 01:31:43.0078 AM
[ReportManager] API Action [getResponseJSONValue] successfully performed. With the following test data [title]. @15-02-2021 01:31:43.0085 AM
[ReportManager] API Action [getResponseJSONValue] successfully performed. With the following test data [title]. @15-02-2021 01:31:43.0092 AM
[ReportManager] API Action [getResponseJSONValue] successfully performed. With the following test data [title]. @15-02-2021 01:31:43.0100 AM
[ReportManager] API Action [getResponseJSONValue] successfully performed. With the following test data [title]. @15-02-2021 01:31:43.0107 AM
[ReportManager] API Action [getResponseJSONValue] successfully performed. With the following test data [title]. @15-02-2021 01:31:43.0114 AM
[ReportManager] API Action [getResponseJSONValue] successfully performed. With the following test data [title]. @15-02-2021 01:31:43.0121 AM
[ReportManager] API Action [getResponseJSONValue] successfully performed. With the following test data [title]. @15-02-2021 01:31:43.0128 AM
[ReportManager] API Action [getResponseJSONValue] successfully performed. With the following test data [title]. @15-02-2021 01:31:43.0135 AM
[ReportManager] API Action [getResponseJSONValue] successfully performed. With the following test data [title]. @15-02-2021 01:31:43.0142 AM
[ReportManager] API Action [getResponseJSONValue] successfully performed. With the following test data [title]. @15-02-2021 01:31:43.0149 AM
[ReportManager] API Action [getResponseJSONValue] successfully performed. With the following test data [title]. @15-02-2021 01:31:43.0155 AM
[ReportManager] API Action [getResponseJSONValue] successfully performed. With the following test data [title]. @15-02-2021 01:31:43.0162 AM
[ReportManager] API Action [getResponseJSONValue] successfully performed. With the following test data [title]. @15-02-2021 01:31:43.0169 AM
[ReportManager] API Action [getResponseJSONValue] successfully performed. With the following test data [title]. @15-02-2021 01:31:43.0175 AM
[ReportManager] API Action [getResponseJSONValue] successfully performed. With the following test data [title]. @15-02-2021 01:31:43.0182 AM
[ReportManager] API Action [getResponseJSONValue] successfully performed. With the following test data [title]. @15-02-2021 01:31:43.0188 AM
[ReportManager] API Action [getResponseJSONValue] successfully performed. With the following test data [title]. @15-02-2021 01:31:43.0195 AM
[ReportManager] API Action [getResponseJSONValue] successfully performed. With the following test data [title]. @15-02-2021 01:31:43.0202 AM
[ReportManager] API Action [getResponseJSONValue] successfully performed. With the following test data [title]. @15-02-2021 01:31:43.0212 AM
[ReportManager] API Action [getResponseJSONValue] successfully performed. With the following test data [title]. @15-02-2021 01:31:43.0220 AM
[ReportManager] API Action [getResponseJSONValue] successfully performed. With the following test data [title]. @15-02-2021 01:31:43.0230 AM
[ReportManager] API Action [getResponseJSONValue] successfully performed. With the following test data [title]. @15-02-2021 01:31:43.0275 AM
[ReportManager] API Action [getResponseJSONValue] successfully performed. With the following test data [title]. @15-02-2021 01:31:43.0286 AM
[ReportManager] API Action [getResponseJSONValue] successfully performed. With the following test data [title]. @15-02-2021 01:31:43.0293 AM
[ReportManager] API Action [getResponseJSONValue] successfully performed. With the following test data [title]. @15-02-2021 01:31:43.0301 AM
[ReportManager] API Action [getResponseJSONValue] successfully performed. With the following test data [title]. @15-02-2021 01:31:43.0310 AM
[ReportManager] API Action [getResponseJSONValue] successfully performed. With the following test data [title]. @15-02-2021 01:31:43.0319 AM
[ReportManager] API Action [getResponseJSONValue] successfully performed. With the following test data [title]. @15-02-2021 01:31:43.0331 AM
[ReportManager] API Action [getResponseJSONValue] successfully performed. With the following test data [title]. @15-02-2021 01:31:43.0346 AM
[ReportManager] API Action [getResponseJSONValue] successfully performed. With the following test data [title]. @15-02-2021 01:31:43.0354 AM
[ReportManager] API Action [getResponseJSONValue] successfully performed. With the following test data [title]. @15-02-2021 01:31:43.0366 AM
[ReportManager] API Action [getResponseJSONValue] successfully performed. With the following test data [title]. @15-02-2021 01:31:43.0375 AM
[ReportManager] API Action [getResponseJSONValue] successfully performed. With the following test data [title]. @15-02-2021 01:31:43.0385 AM
[ReportManager] API Action [getResponseJSONValue] successfully performed. With the following test data [title]. @15-02-2021 01:31:43.0401 AM
[ReportManager] API Action [getResponseJSONValue] successfully performed. With the following test data [title]. @15-02-2021 01:31:43.0418 AM
[ReportManager] API Action [getResponseJSONValue] successfully performed. With the following test data [title]. @15-02-2021 01:31:43.0426 AM
[ReportManager] API Action [getResponseJSONValue] successfully performed. With the following test data [title]. @15-02-2021 01:31:43.0433 AM
[ReportManager] API Action [getResponseJSONValue] successfully performed. With the following test data [title]. @15-02-2021 01:31:43.0440 AM
[ReportManager] API Action [getResponseJSONValue] successfully performed. With the following test data [title]. @15-02-2021 01:31:43.0447 AM
[ReportManager] API Action [getResponseJSONValue] successfully performed. With the following test data [title]. @15-02-2021 01:31:43.0453 AM
[ReportManager] API Action [getResponseJSONValue] successfully performed. With the following test data [title]. @15-02-2021 01:31:43.0460 AM
[ReportManager] API Action [getResponseJSONValue] successfully performed. With the following test data [title]. @15-02-2021 01:31:43.0469 AM
[ReportManager] API Action [getResponseJSONValue] successfully performed. With the following test data [title]. @15-02-2021 01:31:43.0476 AM
[ReportManager] API Action [getResponseJSONValue] successfully performed. With the following test data [title]. @15-02-2021 01:31:43.0494 AM
[ReportManager] API Action [getResponseJSONValue] successfully performed. With the following test data [title]. @15-02-2021 01:31:43.0507 AM
[ReportManager] API Action [getResponseJSONValue] successfully performed. With the following test data [title]. @15-02-2021 01:31:43.0516 AM
[ReportManager] API Action [getResponseJSONValue] successfully performed. With the following test data [title]. @15-02-2021 01:31:43.0525 AM
[ReportManager] API Action [getResponseJSONValue] successfully performed. With the following test data [title]. @15-02-2021 01:31:43.0533 AM
[ReportManager] API Action [getResponseJSONValue] successfully performed. With the following test data [title]. @15-02-2021 01:31:43.0545 AM
[ReportManager] API Action [getResponseJSONValue] successfully performed. With the following test data [title]. @15-02-2021 01:31:43.0553 AM
[ReportManager] API Action [getResponseJSONValue] successfully performed. With the following test data [title]. @15-02-2021 01:31:43.0560 AM
[ReportManager] API Action [getResponseJSONValue] successfully performed. With the following test data [title]. @15-02-2021 01:31:43.0569 AM
[ReportManager] API Action [getResponseJSONValue] successfully performed. With the following test data [title]. @15-02-2021 01:31:43.0577 AM
[ReportManager] API Action [getResponseJSONValue] successfully performed. With the following test data [title]. @15-02-2021 01:31:43.0590 AM
[ReportManager] API Action [getResponseJSONValue] successfully performed. With the following test data [title]. @15-02-2021 01:31:43.0602 AM
[ReportManager] API Action [getResponseJSONValue] successfully performed. With the following test data [title]. @15-02-2021 01:31:43.0628 AM
[ReportManager] API Action [getResponseJSONValue] successfully performed. With the following test data [title]. @15-02-2021 01:31:43.0640 AM
[ReportManager] API Action [getResponseJSONValue] successfully performed. With the following test data [title]. @15-02-2021 01:31:43.0648 AM
[ReportManager] API Action [getResponseJSONValue] successfully performed. With the following test data [title]. @15-02-2021 01:31:43.0656 AM
[ReportManager] API Action [getResponseJSONValue] successfully performed. With the following test data [title]. @15-02-2021 01:31:43.0665 A

################################################################################################################################################
Starting Execution:	[21 out of 134] test cases in the current suite
Test Method:		[unitTests.tests_restActions.validateUserEmail]
################################################################################################################################################
[ReportManager] Response status code: [200], status line: [HTTP/1.1 200 OK] @15-02-2021 01:31:43.0785 AM
[ReportManager] Evaluating the actual response status code against the expected one...... @15-02-2021 01:31:43.0785 AM
[ReportManager] AssertEquals PASSED; Expected [200] and Actual [200]. Comparison Type [EQUALS]. Validation Type [POSITIVE]. @15-02-2021 01:31:43.0786 AM
[ReportManager] API Action [performRequest] successfully performed. With the following test data [Request Type: "GET" | Target Status Code: "200" | Service URL: "https://jsonplaceholder.typicode.com/users" | Content Type: "*/*" | Response Time: "106ms"]. @15-02-2021 01:31:43.0818 AM
[ReportManager] Successfully created attachment [API Response - JSON Body] @15-02-2021 01:31:43.0819 AM
[ReportManager] AssertEquals PASSED; Expected and Actual values are attached. Comparison Type [CONTAINS]. Validation Type [POSITIVE]. @15-02-2021 01:31:43.0819 AM
[ReportManager] Successfully created attachment [Validation Test Data - Expected Value] @15-02-2021 01:31:43.0820 AM
[ReportManager] Successfully created attachment [Validation Test Data - Actual Value] @15-02-2021 01:31:43.0820 AM
[ReportManager] API Action [getResponseJSONValueAsList] successfully performed. With the following test data [$]. @15-02-2021 01:31:43.0823 AM
[ReportManager] API Action [getResponseJSONValue] successfully performed. With the following test data [name]. @15-02-2021 01:31:43.0831 AM
[ReportManager] API Action [getResponseJSONValue] successfully performed. With the following test data [email]. @15-02-2021 01:31:43.0838 AM
[ReportManager] AssertEquals PASSED; Expected [Sincere@april.biz] and Actual [Sincere@april.biz]. Comparison Type [EQUALS]. Validation Type [POSITIVE]. @15-02-2021 01:31:43.0838 AM
[ReportManager] API Action [getResponseJSONValue] successfully performed. With the following test data [name]. @15-02-2021 01:31:43.0845 AM
[ReportManager] API Action [getResponseJSONValue] successfully performed. With the following test data [name]. @15-02-2021 01:31:43.0852 AM
[ReportManager] API Action [getResponseJSONValue] successfully performed. With the following test data [name]. @15-02-2021 01:31:43.0859 AM
[ReportManager] API Action [getResponseJSONValue] successfully performed. With the following test data [name]. @15-02-2021 01:31:43.0866 AM
[ReportManager] API Action [getResponseJSONValue] successfully performed. With the following test data [name]. @15-02-2021 01:31:43.0872 AM
[ReportManager] API Action [getResponseJSONValue] successfully performed. With the following test data [name]. @15-02-2021 01:31:43.0878 AM
[ReportManager] API Action [getResponseJSONValue] successfully performed. With the following test data [name]. @15-02-2021 01:31:43.0885 AM
[ReportManager] API Action [getResponseJSONValue] successfully performed. With the following test data [name]. @15-02-2021 01:31:43.0891 AM
[ReportManager] API Action [getResponseJSONValue] successfully performed. With the following test data [name]. @15-02-2021 01:31:43.0898 A
[ReportManager] Successfully loaded the following test data file [src/test/resources/TestDataFiles/testSuite01/TestData.xlsx]. @15-02-2021 01:31:44.0955 AM
[ReportManager] Successfully created attachment [Test Data - Excel] @15-02-2021 01:31:44.0956 A

################################################################################################################################################
Starting Execution:	[22 out of 134] test cases in the current suite
Test Method:		[unitTests.tests_io_excelFileManager.getCellData_rowName_expectedToPass]
################################################################################################################################################
[ReportManager] testRowData. @15-02-2021 01:31:44.0972 A

################################################################################################################################################
Starting Execution:	[23 out of 134] test cases in the current suite
Test Method:		[unitTests.tests_validations_assertions.assertComparativeRelation_greaterThanOrEquals_false_equals_expectedToFail]
################################################################################################################################################
[ReportManager] AssertComparativeRelation FAILED; Expected [1] and Actual [1]. Comparison Type [GREATER_THAN_OR_EQUALS]. Validation Type [NEGATIVE]. @15-02-2021 01:31:44.0978 A

################################################################################################################################################
Starting Execution:	[24 out of 134] test cases in the current suite
Test Method:		[unitTests.tests_validations_assertions.assertComparativeRelation_greaterThanOrEquals_false_equals_expectedToPass]
################################################################################################################################################
[ReportManager] AssertComparativeRelation PASSED; Expected [2] and Actual [1]. Comparison Type [GREATER_THAN_OR_EQUALS]. Validation Type [NEGATIVE]. @15-02-2021 01:31:44.0990 A

################################################################################################################################################
Starting Execution:	[25 out of 134] test cases in the current suite
Test Method:		[unitTests.tests_validations_assertions.assertComparativeRelation_greaterThanOrEquals_false_greaterThan_expectedToFail]
################################################################################################################################################
[ReportManager] AssertComparativeRelation FAILED; Expected [1] and Actual [2]. Comparison Type [GREATER_THAN_OR_EQUALS]. Validation Type [NEGATIVE]. @15-02-2021 01:31:44.0994 A

################################################################################################################################################
Starting Execution:	[26 out of 134] test cases in the current suite
Test Method:		[unitTests.tests_validations_assertions.assertComparativeRelation_greaterThanOrEquals_false_greaterThan_expectedToPass]
################################################################################################################################################
[ReportManager] AssertComparativeRelation PASSED; Expected [2] and Actual [1]. Comparison Type [GREATER_THAN_OR_EQUALS]. Validation Type [NEGATIVE]. @15-02-2021 01:31:44.0998 A

################################################################################################################################################
Starting Execution:	[27 out of 134] test cases in the current suite
Test Method:		[unitTests.tests_validations_assertions.assertComparativeRelation_greaterThanOrEquals_true_equals_expectedToFail]
################################################################################################################################################
[ReportManager] AssertComparativeRelation FAILED; Expected [1] and Actual [0]. Comparison Type [GREATER_THAN_OR_EQUALS]. Validation Type [POSITIVE]. @15-02-2021 01:31:45.0003 A

################################################################################################################################################
Starting Execution:	[28 out of 134] test cases in the current suite
Test Method:		[unitTests.tests_validations_assertions.assertComparativeRelation_greaterThanOrEquals_true_equals_expectedToPass]
################################################################################################################################################
[ReportManager] AssertComparativeRelation PASSED; Expected [1] and Actual [1]. Comparison Type [GREATER_THAN_OR_EQUALS]. Validation Type [POSITIVE]. @15-02-2021 01:31:45.0009 A

################################################################################################################################################
Starting Execution:	[29 out of 134] test cases in the current suite
Test Method:		[unitTests.tests_validations_assertions.assertComparativeRelation_greaterThanOrEquals_true_greaterThan_expectedToFail]
################################################################################################################################################
[ReportManager] AssertComparativeRelation FAILED; Expected [2] and Actual [1]. Comparison Type [GREATER_THAN_OR_EQUALS]. Validation Type [POSITIVE]. @15-02-2021 01:31:45.0015 A

################################################################################################################################################
Starting Execution:	[30 out of 134] test cases in the current suite
Test Method:		[unitTests.tests_validations_assertions.assertComparativeRelation_greaterThanOrEquals_true_greaterThan_expectedToPass]
################################################################################################################################################
[ReportManager] AssertComparativeRelation PASSED; Expected [1] and Actual [2]. Comparison Type [GREATER_THAN_OR_EQUALS]. Validation Type [POSITIVE]. @15-02-2021 01:31:45.0021 A
[ReportManager] File Action [getAbsolutePath] successfully performed. With the following test data [Relative Folder Path: "target/downloadedFiles/"]. @15-02-2021 01:31:45.0024 AM
[ReportManager] Attempting to run remotely on: [Linux-64], [GoogleChrome], [http://localhost:4444/wd/hub], Headless Execution. @15-02-2021 01:31:45.0025 AM
[ReportManager] Successfully Opened [GoogleChrome]. @15-02-2021 01:31:45.0548 AM
[ReportManager] Target URL: [https://www.google.com/ncr], and after redirection: [www.google.com] @15-02-2021 01:31:45.0568 AM
[ReportManager] Initial URL: [data:,] @15-02-2021 01:31:45.0610 AM
[ReportManager] Browser Action [navigateToURL] successfully performed. With the following test data [https://www.google.com/ncr]. @15-02-2021 01:31:46.0587 A

################################################################################################################################################
Starting Execution:	[31 out of 134] test cases in the current suite
Test Method:		[unitTests.tests_validations_assertions.assertElementAttribute_false_caseInsensitiveComparison_expectedToFail]
################################################################################################################################################
[ReportManager] Element Action [type] successfully performed. With the following test data [AUTOMATION]. @15-02-2021 01:31:47.0273 AM
[ReportManager] Element Action [getText] successfully performed. With the following test data [AUTOMATION]. @15-02-2021 01:31:47.0415 AM
[ReportManager] Loaded Shared OpenCV @15-02-2021 01:31:48.0144 AM
[ReportManager] AssertElementAttribute FAILED; Expected [Value Should not be 'AutomaTion' for the 'text' attribute, element locator 'By.name: q'] and Actual [AUTOMATION]. Comparison Type [CASE_INSENSITIVE]. Validation Type [NEGATIVE]. @15-02-2021 01:31:48.0329 AM
[ReportManager] Successfully created attachment [Screenshot - 1613352707610_assertElementAttribute_false_caseInsensitiveComparison_expectedToFail_AssertElementAttribute_failed] @15-02-2021 01:31:48.0332 A
[ReportManager] Successfully created attachment [Selenium WebDriver Logs - server] @15-02-2021 01:31:48.0444 AM
[ReportManager] Successfully created attachment [Selenium WebDriver Logs - performance] @15-02-2021 01:31:48.0580 AM
[ReportManager] Successfully created attachment [Selenium WebDriver Logs - driver] @15-02-2021 01:31:48.0820 AM
[ReportManager] Browser Action [closeCurrentWindow] successfully performed. @15-02-2021 01:31:48.0881 AM
[ReportManager] Successfully created attachment [Browser Action Test Data - closeCurrentWindow - Actual Value] @15-02-2021 01:31:48.0882 A
[ReportManager] File Action [getAbsolutePath] successfully performed. With the following test data [Relative Folder Path: "target/downloadedFiles/"]. @15-02-2021 01:31:48.0884 AM
[ReportManager] Attempting to run remotely on: [Linux-64], [GoogleChrome], [http://localhost:4444/wd/hub], Headless Execution. @15-02-2021 01:31:48.0884 AM
[ReportManager] Successfully Opened [GoogleChrome]. @15-02-2021 01:31:49.0173 AM
[ReportManager] Target URL: [https://www.google.com/ncr], and after redirection: [www.google.com] @15-02-2021 01:31:49.0194 AM
[ReportManager] Initial URL: [data:,] @15-02-2021 01:31:49.0259 AM
[ReportManager] Browser Action [navigateToURL] successfully performed. With the following test data [https://www.google.com/ncr]. @15-02-2021 01:31:50.0135 A

################################################################################################################################################
Starting Execution:	[32 out of 134] test cases in the current suite
Test Method:		[unitTests.tests_validations_assertions.assertElementAttribute_false_caseInsensitiveComparison_expectedToPass]
################################################################################################################################################
[ReportManager] Element Action [type] successfully performed. With the following test data [AUTOMATION]. @15-02-2021 01:31:50.0787 AM
[ReportManager] Element Action [getText] successfully performed. With the following test data [AUTOMATION]. @15-02-2021 01:31:50.0942 AM
[ReportManager] Loaded Shared OpenCV @15-02-2021 01:31:51.0162 AM
[ReportManager] AssertElementAttribute PASSED; Expected [Value Should not be 'AutomaTion123' for the 'text' attribute, element locator 'By.name: q'] and Actual [AUTOMATION]. Comparison Type [CASE_INSENSITIVE]. Validation Type [NEGATIVE]. @15-02-2021 01:31:51.0252 AM
[ReportManager] Successfully created attachment [Screenshot - 1613352711162_assertElementAttribute_false_caseInsensitiveComparison_expectedToPass_AssertElementAttribute_passed] @15-02-2021 01:31:51.0253 A
[ReportManager] Successfully created attachment [Selenium WebDriver Logs - server] @15-02-2021 01:31:51.0351 AM
[ReportManager] Successfully created attachment [Selenium WebDriver Logs - performance] @15-02-2021 01:31:51.0440 AM
[ReportManager] Successfully created attachment [Selenium WebDriver Logs - driver] @15-02-2021 01:31:51.0621 AM
[ReportManager] Browser Action [closeCurrentWindow] successfully performed. @15-02-2021 01:31:51.0684 AM
[ReportManager] Successfully created attachment [Browser Action Test Data - closeCurrentWindow - Actual Value] @15-02-2021 01:31:51.0690 A
[ReportManager] File Action [getAbsolutePath] successfully performed. With the following test data [Relative Folder Path: "target/downloadedFiles/"]. @15-02-2021 01:31:51.0697 AM
[ReportManager] Attempting to run remotely on: [Linux-64], [GoogleChrome], [http://localhost:4444/wd/hub], Headless Execution. @15-02-2021 01:31:51.0697 AM
[ReportManager] Successfully Opened [GoogleChrome]. @15-02-2021 01:31:52.0004 AM
[ReportManager] Target URL: [https://www.google.com/ncr], and after redirection: [www.google.com] @15-02-2021 01:31:52.0023 AM
[ReportManager] Initial URL: [data:,] @15-02-2021 01:31:52.0077 AM
[ReportManager] Browser Action [navigateToURL] successfully performed. With the following test data [https://www.google.com/ncr]. @15-02-2021 01:31:52.0859 A

################################################################################################################################################
Starting Execution:	[33 out of 134] test cases in the current suite
Test Method:		[unitTests.tests_validations_assertions.assertElementAttribute_false_containsComparison_expectedToFail]
################################################################################################################################################
[ReportManager] Element Action [type] successfully performed. With the following test data [Automation123]. @15-02-2021 01:31:53.0500 AM
[ReportManager] Element Action [getText] successfully performed. With the following test data [Automation123]. @15-02-2021 01:31:53.0625 AM
[ReportManager] Loaded Shared OpenCV @15-02-2021 01:31:53.0824 AM
[ReportManager] AssertElementAttribute FAILED; Expected [Value Should not be 'Automation' for the 'text' attribute, element locator 'By.name: q'] and Actual [Automation123]. Comparison Type [CONTAINS]. Validation Type [NEGATIVE]. @15-02-2021 01:31:53.0936 AM
[ReportManager] Successfully created attachment [Screenshot - 1613352713824_assertElementAttribute_false_containsComparison_expectedToFail_AssertElementAttribute_failed] @15-02-2021 01:31:53.0938 A
[ReportManager] Successfully created attachment [Selenium WebDriver Logs - server] @15-02-2021 01:31:54.0050 AM
[ReportManager] Successfully created attachment [Selenium WebDriver Logs - performance] @15-02-2021 01:31:54.0147 AM
[ReportManager] Successfully created attachment [Selenium WebDriver Logs - driver] @15-02-2021 01:31:54.0295 AM
[ReportManager] Browser Action [closeCurrentWindow] successfully performed. @15-02-2021 01:31:54.0355 AM
[ReportManager] Successfully created attachment [Browser Action Test Data - closeCurrentWindow - Actual Value] @15-02-2021 01:31:54.0356 A
[ReportManager] File Action [getAbsolutePath] successfully performed. With the following test data [Relative Folder Path: "target/downloadedFiles/"]. @15-02-2021 01:31:54.0359 AM
[ReportManager] Attempting to run remotely on: [Linux-64], [GoogleChrome], [http://localhost:4444/wd/hub], Headless Execution. @15-02-2021 01:31:54.0359 AM
[ReportManager] Successfully Opened [GoogleChrome]. @15-02-2021 01:31:54.0742 AM
[ReportManager] Target URL: [https://www.google.com/ncr], and after redirection: [www.google.com] @15-02-2021 01:31:54.0753 AM
[ReportManager] Initial URL: [data:,] @15-02-2021 01:31:54.0797 AM
[ReportManager] Browser Action [navigateToURL] successfully performed. With the following test data [https://www.google.com/ncr]. @15-02-2021 01:31:55.0632 A

################################################################################################################################################
Starting Execution:	[34 out of 134] test cases in the current suite
Test Method:		[unitTests.tests_validations_assertions.assertElementAttribute_false_containsComparison_expectedToPass]
################################################################################################################################################
[ReportManager] Element Action [type] successfully performed. With the following test data [Automation123]. @15-02-2021 01:31:56.0300 AM
[ReportManager] Element Action [getText] successfully performed. With the following test data [Automation123]. @15-02-2021 01:31:56.0437 AM
[ReportManager] Loaded Shared OpenCV @15-02-2021 01:31:56.0620 AM
[ReportManager] AssertElementAttribute PASSED; Expected [Value Should not be 'Automation1234' for the 'text' attribute, element locator 'By.name: q'] and Actual [Automation123]. Comparison Type [CONTAINS]. Validation Type [NEGATIVE]. @15-02-2021 01:31:56.0727 AM
[ReportManager] Successfully created attachment [Screenshot - 1613352716620_assertElementAttribute_false_containsComparison_expectedToPass_AssertElementAttribute_passed] @15-02-2021 01:31:56.0729 A
[ReportManager] Successfully created attachment [Selenium WebDriver Logs - server] @15-02-2021 01:31:56.0848 AM
[ReportManager] Successfully created attachment [Selenium WebDriver Logs - performance] @15-02-2021 01:31:56.0946 AM
[ReportManager] Successfully created attachment [Selenium WebDriver Logs - driver] @15-02-2021 01:31:57.0103 AM
[ReportManager] Browser Action [closeCurrentWindow] successfully performed. @15-02-2021 01:31:57.0164 AM
[ReportManager] Successfully created attachment [Browser Action Test Data - closeCurrentWindow - Actual Value] @15-02-2021 01:31:57.0167 A
[ReportManager] File Action [getAbsolutePath] successfully performed. With the following test data [Relative Folder Path: "target/downloadedFiles/"]. @15-02-2021 01:31:57.0181 AM
[ReportManager] Attempting to run remotely on: [Linux-64], [GoogleChrome], [http://localhost:4444/wd/hub], Headless Execution. @15-02-2021 01:31:57.0181 AM
[ReportManager] Successfully Opened [GoogleChrome]. @15-02-2021 01:31:57.0500 AM
[ReportManager] Target URL: [https://www.google.com/ncr], and after redirection: [www.google.com] @15-02-2021 01:31:57.0512 AM
[ReportManager] Initial URL: [data:,] @15-02-2021 01:31:57.0564 AM
[ReportManager] Browser Action [navigateToURL] successfully performed. With the following test data [https://www.google.com/ncr]. @15-02-2021 01:31:58.0374 A

################################################################################################################################################
Starting Execution:	[35 out of 134] test cases in the current suite
Test Method:		[unitTests.tests_validations_assertions.assertElementAttribute_false_literalComparison_expectedToFail]
################################################################################################################################################
[ReportManager] Element Action [type] successfully performed. With the following test data [Automation!@#$%^&*()_+{}[]\';/.,]. @15-02-2021 01:31:59.0625 AM
[ReportManager] Element Action [getText] successfully performed. With the following test data [Automation!@#$%^&*()_+{}[]\';/.,]. @15-02-2021 01:31:59.0768 AM
[ReportManager] Loaded Shared OpenCV @15-02-2021 01:31:59.0977 AM
[ReportManager] AssertElementAttribute PASSED; Expected [Value Should not be 'Automation!@#$%^&*()_+{}[]\\';/.,' for the 'text' attribute, element locator 'By.name: q'] and Actual [Automation!@#$%^&*()_+{}[]\';/.,]. Comparison Type [EQUALS]. Validation Type [NEGATIVE]. @15-02-2021 01:32:00.0090 AM
[ReportManager] Successfully created attachment [Screenshot - 1613352719977_assertElementAttribute_false_literalComparison_expectedToFail_AssertElementAttribute_passed] @15-02-2021 01:32:00.0094 A
[ReportManager] Successfully created attachment [Selenium WebDriver Logs - server] @15-02-2021 01:32:00.0202 AM
[ReportManager] Successfully created attachment [Selenium WebDriver Logs - performance] @15-02-2021 01:32:00.0388 AM
[ReportManager] Successfully created attachment [Selenium WebDriver Logs - driver] @15-02-2021 01:32:00.0582 AM
[ReportManager] Browser Action [closeCurrentWindow] successfully performed. @15-02-2021 01:32:00.0651 AM
[ReportManager] Successfully created attachment [Browser Action Test Data - closeCurrentWindow - Actual Value] @15-02-2021 01:32:00.0652 A
[ReportManager] File Action [getAbsolutePath] successfully performed. With the following test data [Relative Folder Path: "target/downloadedFiles/"]. @15-02-2021 01:32:00.0659 AM
[ReportManager] Attempting to run remotely on: [Linux-64], [GoogleChrome], [http://localhost:4444/wd/hub], Headless Execution. @15-02-2021 01:32:00.0659 AM
[ReportManager] Successfully Opened [GoogleChrome]. @15-02-2021 01:32:00.0906 AM
[ReportManager] Target URL: [https://www.google.com/ncr], and after redirection: [www.google.com] @15-02-2021 01:32:00.0930 AM
[ReportManager] Initial URL: [data:,] @15-02-2021 01:32:00.0991 AM
[ReportManager] Browser Action [navigateToURL] successfully performed. With the following test data [https://www.google.com/ncr]. @15-02-2021 01:32:01.0802 A

################################################################################################################################################
Starting Execution:	[36 out of 134] test cases in the current suite
Test Method:		[unitTests.tests_validations_assertions.assertElementAttribute_false_literalComparison_expectedToPass]
################################################################################################################################################
[ReportManager] Element Action [type] successfully performed. With the following test data [Automation!@#$%^&*()_+{}[]\';/.,]. @15-02-2021 01:32:03.0152 AM
[ReportManager] Element Action [getText] successfully performed. With the following test data [Automation!@#$%^&*()_+{}[]\';/.,]. @15-02-2021 01:32:03.0287 AM
[ReportManager] Loaded Shared OpenCV @15-02-2021 01:32:03.0469 AM
[ReportManager] AssertElementAttribute PASSED; Expected [Value Should not be 'Automation' for the 'text' attribute, element locator 'By.name: q'] and Actual [Automation!@#$%^&*()_+{}[]\';/.,]. Comparison Type [EQUALS]. Validation Type [NEGATIVE]. @15-02-2021 01:32:03.0565 AM
[ReportManager] Successfully created attachment [Screenshot - 1613352723469_assertElementAttribute_false_literalComparison_expectedToPass_AssertElementAttribute_passed] @15-02-2021 01:32:03.0566 A
[ReportManager] Successfully created attachment [Selenium WebDriver Logs - server] @15-02-2021 01:32:03.0693 AM
[ReportManager] Successfully created attachment [Selenium WebDriver Logs - performance] @15-02-2021 01:32:03.0860 AM
[ReportManager] Successfully created attachment [Selenium WebDriver Logs - driver] @15-02-2021 01:32:04.0059 AM
[ReportManager] Browser Action [closeCurrentWindow] successfully performed. @15-02-2021 01:32:04.0116 AM
[ReportManager] Successfully created attachment [Browser Action Test Data - closeCurrentWindow - Actual Value] @15-02-2021 01:32:04.0117 A
[ReportManager] File Action [getAbsolutePath] successfully performed. With the following test data [Relative Folder Path: "target/downloadedFiles/"]. @15-02-2021 01:32:04.0119 AM
[ReportManager] Attempting to run remotely on: [Linux-64], [GoogleChrome], [http://localhost:4444/wd/hub], Headless Execution. @15-02-2021 01:32:04.0119 AM
[ReportManager] Successfully Opened [GoogleChrome]. @15-02-2021 01:32:04.0457 AM
[ReportManager] Target URL: [https://www.google.com/ncr], and after redirection: [www.google.com] @15-02-2021 01:32:04.0480 AM
[ReportManager] Initial URL: [data:,] @15-02-2021 01:32:04.0524 AM
[ReportManager] Browser Action [navigateToURL] successfully performed. With the following test data [https://www.google.com/ncr]. @15-02-2021 01:32:05.0522 A

################################################################################################################################################
Starting Execution:	[37 out of 134] test cases in the current suite
Test Method:		[unitTests.tests_validations_assertions.assertElementAttribute_false_regexComparison_expectedToFail]
################################################################################################################################################
[ReportManager] Element Action [type] successfully performed. With the following test data [Automation123]. @15-02-2021 01:32:06.0080 AM
[ReportManager] Element Action [getText] successfully performed. With the following test data [Automation123]. @15-02-2021 01:32:06.0204 AM
[ReportManager] Loaded Shared OpenCV @15-02-2021 01:32:06.0387 AM
[ReportManager] AssertElementAttribute FAILED; Expected [Value Should not be 'Automation.*' for the 'text' attribute, element locator 'By.name: q'] and Actual [Automation123]. Comparison Type [MATCHES]. Validation Type [NEGATIVE]. @15-02-2021 01:32:06.0472 AM
[ReportManager] Successfully created attachment [Screenshot - 1613352726387_assertElementAttribute_false_regexComparison_expectedToFail_AssertElementAttribute_failed] @15-02-2021 01:32:06.0473 A
[ReportManager] Successfully created attachment [Selenium WebDriver Logs - server] @15-02-2021 01:32:06.0568 AM
[ReportManager] Successfully created attachment [Selenium WebDriver Logs - performance] @15-02-2021 01:32:06.0654 AM
[ReportManager] Successfully created attachment [Selenium WebDriver Logs - driver] @15-02-2021 01:32:06.0793 AM
[ReportManager] Browser Action [closeCurrentWindow] successfully performed. @15-02-2021 01:32:06.0850 AM
[ReportManager] Successfully created attachment [Browser Action Test Data - closeCurrentWindow - Actual Value] @15-02-2021 01:32:06.0851 A
[ReportManager] File Action [getAbsolutePath] successfully performed. With the following test data [Relative Folder Path: "target/downloadedFiles/"]. @15-02-2021 01:32:06.0853 AM
[ReportManager] Attempting to run remotely on: [Linux-64], [GoogleChrome], [http://localhost:4444/wd/hub], Headless Execution. @15-02-2021 01:32:06.0854 AM
[ReportManager] Successfully Opened [GoogleChrome]. @15-02-2021 01:32:07.0082 AM
[ReportManager] Target URL: [https://www.google.com/ncr], and after redirection: [www.google.com] @15-02-2021 01:32:07.0095 AM
[ReportManager] Initial URL: [data:,] @15-02-2021 01:32:07.0139 AM
[ReportManager] Browser Action [navigateToURL] successfully performed. With the following test data [https://www.google.com/ncr]. @15-02-2021 01:32:07.0939 A

################################################################################################################################################
Starting Execution:	[38 out of 134] test cases in the current suite
Test Method:		[unitTests.tests_validations_assertions.assertElementAttribute_false_regexComparison_expectedToPass]
################################################################################################################################################
[ReportManager] Element Action [type] successfully performed. With the following test data [Automation123]. @15-02-2021 01:32:08.0515 AM
[ReportManager] Element Action [getText] successfully performed. With the following test data [Automation123]. @15-02-2021 01:32:08.0692 AM
[ReportManager] Loaded Shared OpenCV @15-02-2021 01:32:08.0903 AM
[ReportManager] AssertElementAttribute PASSED; Expected [Value Should not be 'Automation' for the 'text' attribute, element locator 'By.name: q'] and Actual [Automation123]. Comparison Type [MATCHES]. Validation Type [NEGATIVE]. @15-02-2021 01:32:08.0993 AM
[ReportManager] Successfully created attachment [Screenshot - 1613352728903_assertElementAttribute_false_regexComparison_expectedToPass_AssertElementAttribute_passed] @15-02-2021 01:32:08.0995 A
[ReportManager] Successfully created attachment [Selenium WebDriver Logs - server] @15-02-2021 01:32:09.0103 AM
[ReportManager] Successfully created attachment [Selenium WebDriver Logs - performance] @15-02-2021 01:32:09.0193 AM
[ReportManager] Successfully created attachment [Selenium WebDriver Logs - driver] @15-02-2021 01:32:09.0344 AM
[ReportManager] Browser Action [closeCurrentWindow] successfully performed. @15-02-2021 01:32:09.0402 AM
[ReportManager] Successfully created attachment [Browser Action Test Data - closeCurrentWindow - Actual Value] @15-02-2021 01:32:09.0408 A
[ReportManager] File Action [getAbsolutePath] successfully performed. With the following test data [Relative Folder Path: "target/downloadedFiles/"]. @15-02-2021 01:32:09.0410 AM
[ReportManager] Attempting to run remotely on: [Linux-64], [GoogleChrome], [http://localhost:4444/wd/hub], Headless Execution. @15-02-2021 01:32:09.0410 AM
[ReportManager] Successfully Opened [GoogleChrome]. @15-02-2021 01:32:09.0655 AM
[ReportManager] Target URL: [https://www.google.com/ncr], and after redirection: [www.google.com] @15-02-2021 01:32:09.0667 AM
[ReportManager] Initial URL: [data:,] @15-02-2021 01:32:09.0718 AM
[ReportManager] Browser Action [navigateToURL] successfully performed. With the following test data [https://www.google.com/ncr]. @15-02-2021 01:32:10.0533 A

################################################################################################################################################
Starting Execution:	[39 out of 134] test cases in the current suite
Test Method:		[unitTests.tests_validations_assertions.assertElementAttribute_true_caseInsensitiveComparison_expectedToFail]
################################################################################################################################################
[ReportManager] Element Action [type] successfully performed. With the following test data [AUTOMATION]. @15-02-2021 01:32:11.0138 AM
[ReportManager] Element Action [getText] successfully performed. With the following test data [AUTOMATION]. @15-02-2021 01:32:11.0253 AM
[ReportManager] Loaded Shared OpenCV @15-02-2021 01:32:11.0424 AM
[ReportManager] AssertElementAttribute FAILED; Expected [Value Should be 'AutomaTion123' for the 'text' attribute, element locator 'By.name: q'] and Actual [AUTOMATION]. Comparison Type [CASE_INSENSITIVE]. Validation Type [POSITIVE]. @15-02-2021 01:32:11.0511 AM
[ReportManager] Successfully created attachment [Screenshot - 1613352731424_assertElementAttribute_true_caseInsensitiveComparison_expectedToFail_AssertElementAttribute_failed] @15-02-2021 01:32:11.0512 A
[ReportManager] Successfully created attachment [Selenium WebDriver Logs - server] @15-02-2021 01:32:11.0612 AM
[ReportManager] Successfully created attachment [Selenium WebDriver Logs - performance] @15-02-2021 01:32:11.0695 AM
[ReportManager] Successfully created attachment [Selenium WebDriver Logs - driver] @15-02-2021 01:32:11.0828 AM
[ReportManager] Browser Action [closeCurrentWindow] successfully performed. @15-02-2021 01:32:11.0886 AM
[ReportManager] Successfully created attachment [Browser Action Test Data - closeCurrentWindow - Actual Value] @15-02-2021 01:32:11.0887 A
[ReportManager] File Action [getAbsolutePath] successfully performed. With the following test data [Relative Folder Path: "target/downloadedFiles/"]. @15-02-2021 01:32:11.0890 AM
[ReportManager] Attempting to run remotely on: [Linux-64], [GoogleChrome], [http://localhost:4444/wd/hub], Headless Execution. @15-02-2021 01:32:11.0895 AM
[ReportManager] Successfully Opened [GoogleChrome]. @15-02-2021 01:32:12.0123 AM
[ReportManager] Target URL: [https://www.google.com/ncr], and after redirection: [www.google.com] @15-02-2021 01:32:12.0134 AM
[ReportManager] Initial URL: [data:,] @15-02-2021 01:32:12.0177 AM
[ReportManager] Browser Action [navigateToURL] successfully performed. With the following test data [https://www.google.com/ncr]. @15-02-2021 01:32:12.0980 A

################################################################################################################################################
Starting Execution:	[40 out of 134] test cases in the current suite
Test Method:		[unitTests.tests_validations_assertions.assertElementAttribute_true_caseInsensitiveComparison_expectedToPass]
################################################################################################################################################
[ReportManager] Element Action [type] successfully performed. With the following test data [AUTOMATION]. @15-02-2021 01:32:13.0630 AM
[ReportManager] Element Action [getText] successfully performed. With the following test data [AUTOMATION]. @15-02-2021 01:32:13.0744 AM
[ReportManager] Loaded Shared OpenCV @15-02-2021 01:32:13.0949 AM
[ReportManager] AssertElementAttribute PASSED; Expected [Value Should be 'AutomaTion' for the 'text' attribute, element locator 'By.name: q'] and Actual [AUTOMATION]. Comparison Type [CASE_INSENSITIVE]. Validation Type [POSITIVE]. @15-02-2021 01:32:14.0035 AM
[ReportManager] Successfully created attachment [Screenshot - 1613352733948_assertElementAttribute_true_caseInsensitiveComparison_expectedToPass_AssertElementAttribute_passed] @15-02-2021 01:32:14.0037 A
[ReportManager] Successfully created attachment [Selenium WebDriver Logs - server] @15-02-2021 01:32:14.0119 AM
[ReportManager] Successfully created attachment [Selenium WebDriver Logs - performance] @15-02-2021 01:32:14.0204 AM
[ReportManager] Successfully created attachment [Selenium WebDriver Logs - driver] @15-02-2021 01:32:14.0346 AM
[ReportManager] Browser Action [closeCurrentWindow] successfully performed. @15-02-2021 01:32:14.0368 AM
[ReportManager] Successfully created attachment [Browser Action Test Data - closeCurrentWindow - Actual Value] @15-02-2021 01:32:14.0369 A
[ReportManager] File Action [getAbsolutePath] successfully performed. With the following test data [Relative Folder Path: "target/downloadedFiles/"]. @15-02-2021 01:32:14.0371 AM
[ReportManager] Attempting to run remotely on: [Linux-64], [GoogleChrome], [http://localhost:4444/wd/hub], Headless Execution. @15-02-2021 01:32:14.0371 AM
[ReportManager] Successfully Opened [GoogleChrome]. @15-02-2021 01:32:14.0591 AM
[ReportManager] Target URL: [https://www.google.com/ncr], and after redirection: [www.google.com] @15-02-2021 01:32:14.0602 AM
[ReportManager] Initial URL: [data:,] @15-02-2021 01:32:14.0650 AM
[ReportManager] Browser Action [navigateToURL] successfully performed. With the following test data [https://www.google.com/ncr]. @15-02-2021 01:32:15.0491 A

################################################################################################################################################
Starting Execution:	[41 out of 134] test cases in the current suite
Test Method:		[unitTests.tests_validations_assertions.assertElementAttribute_true_containsComparison_expectedToFail]
################################################################################################################################################
[ReportManager] Element Action [type] successfully performed. With the following test data [Automation123]. @15-02-2021 01:32:16.0095 AM
[ReportManager] Element Action [getText] successfully performed. With the following test data [Automation123]. @15-02-2021 01:32:16.0216 AM
[ReportManager] Loaded Shared OpenCV @15-02-2021 01:32:16.0389 AM
[ReportManager] AssertElementAttribute FAILED; Expected [Value Should be 'Automation1234' for the 'text' attribute, element locator 'By.name: q'] and Actual [Automation123]. Comparison Type [CONTAINS]. Validation Type [POSITIVE]. @15-02-2021 01:32:16.0472 AM
[ReportManager] Successfully created attachment [Screenshot - 1613352736389_assertElementAttribute_true_containsComparison_expectedToFail_AssertElementAttribute_failed] @15-02-2021 01:32:16.0473 A
[ReportManager] Successfully created attachment [Selenium WebDriver Logs - server] @15-02-2021 01:32:16.0554 AM
[ReportManager] Successfully created attachment [Selenium WebDriver Logs - performance] @15-02-2021 01:32:16.0648 AM
[ReportManager] Successfully created attachment [Selenium WebDriver Logs - driver] @15-02-2021 01:32:16.0784 AM
[ReportManager] Browser Action [closeCurrentWindow] successfully performed. @15-02-2021 01:32:16.0843 AM
[ReportManager] Successfully created attachment [Browser Action Test Data - closeCurrentWindow - Actual Value] @15-02-2021 01:32:16.0844 A
[ReportManager] File Action [getAbsolutePath] successfully performed. With the following test data [Relative Folder Path: "target/downloadedFiles/"]. @15-02-2021 01:32:16.0846 AM
[ReportManager] Attempting to run remotely on: [Linux-64], [GoogleChrome], [http://localhost:4444/wd/hub], Headless Execution. @15-02-2021 01:32:16.0847 AM
[ReportManager] Successfully Opened [GoogleChrome]. @15-02-2021 01:32:17.0078 AM
[ReportManager] Target URL: [https://www.google.com/ncr], and after redirection: [www.google.com] @15-02-2021 01:32:17.0089 AM
[ReportManager] Initial URL: [data:,] @15-02-2021 01:32:17.0135 AM
[ReportManager] Browser Action [navigateToURL] successfully performed. With the following test data [https://www.google.com/ncr]. @15-02-2021 01:32:17.0915 A

################################################################################################################################################
Starting Execution:	[42 out of 134] test cases in the current suite
Test Method:		[unitTests.tests_validations_assertions.assertElementAttribute_true_containsComparison_expectedToPass]
################################################################################################################################################
[ReportManager] Element Action [type] successfully performed. With the following test data [Automation123]. @15-02-2021 01:32:18.0493 AM
[ReportManager] Element Action [getText] successfully performed. With the following test data [Automation123]. @15-02-2021 01:32:18.0616 AM
[ReportManager] Loaded Shared OpenCV @15-02-2021 01:32:18.0790 AM
[ReportManager] AssertElementAttribute PASSED; Expected [Value Should be 'Automation' for the 'text' attribute, element locator 'By.name: q'] and Actual [Automation123]. Comparison Type [CONTAINS]. Validation Type [POSITIVE]. @15-02-2021 01:32:18.0875 AM
[ReportManager] Successfully created attachment [Screenshot - 1613352738790_assertElementAttribute_true_containsComparison_expectedToPass_AssertElementAttribute_passed] @15-02-2021 01:32:18.0877 A
[ReportManager] Successfully created attachment [Selenium WebDriver Logs - server] @15-02-2021 01:32:18.0953 AM
[ReportManager] Successfully created attachment [Selenium WebDriver Logs - performance] @15-02-2021 01:32:19.0044 AM
[ReportManager] Successfully created attachment [Selenium WebDriver Logs - driver] @15-02-2021 01:32:19.0178 AM
[ReportManager] Browser Action [closeCurrentWindow] successfully performed. @15-02-2021 01:32:19.0235 AM
[ReportManager] Successfully created attachment [Browser Action Test Data - closeCurrentWindow - Actual Value] @15-02-2021 01:32:19.0236 A
[ReportManager] File Action [getAbsolutePath] successfully performed. With the following test data [Relative Folder Path: "target/downloadedFiles/"]. @15-02-2021 01:32:19.0240 AM
[ReportManager] Attempting to run remotely on: [Linux-64], [GoogleChrome], [http://localhost:4444/wd/hub], Headless Execution. @15-02-2021 01:32:19.0240 AM
[ReportManager] Successfully Opened [GoogleChrome]. @15-02-2021 01:32:19.0471 AM
[ReportManager] Target URL: [https://www.google.com/ncr], and after redirection: [www.google.com] @15-02-2021 01:32:19.0489 AM
[ReportManager] Initial URL: [data:,] @15-02-2021 01:32:19.0534 AM
[ReportManager] Browser Action [navigateToURL] successfully performed. With the following test data [https://www.google.com/ncr]. @15-02-2021 01:32:20.0351 A

################################################################################################################################################
Starting Execution:	[43 out of 134] test cases in the current suite
Test Method:		[unitTests.tests_validations_assertions.assertElementAttribute_true_literalComparison_expectedToFail]
################################################################################################################################################
[ReportManager] Element Action [type] successfully performed. With the following test data [Automation!@#$%^&*()_+{}[]\';/.,]. @15-02-2021 01:32:21.0680 AM
[ReportManager] Element Action [getText] successfully performed. With the following test data [Automation!@#$%^&*()_+{}[]\';/.,]. @15-02-2021 01:32:21.0800 AM
[ReportManager] Loaded Shared OpenCV @15-02-2021 01:32:21.0966 AM
[ReportManager] AssertElementAttribute FAILED; Expected [Value Should be 'Automation' for the 'text' attribute, element locator 'By.name: q'] and Actual [Automation!@#$%^&*()_+{}[]\';/.,]. Comparison Type [EQUALS]. Validation Type [POSITIVE]. @15-02-2021 01:32:22.0051 AM
[ReportManager] Successfully created attachment [Screenshot - 1613352741966_assertElementAttribute_true_literalComparison_expectedToFail_AssertElementAttribute_failed] @15-02-2021 01:32:22.0054 A
[ReportManager] Successfully created attachment [Selenium WebDriver Logs - server] @15-02-2021 01:32:22.0140 AM
[ReportManager] Successfully created attachment [Selenium WebDriver Logs - performance] @15-02-2021 01:32:22.0299 AM
[ReportManager] Successfully created attachment [Selenium WebDriver Logs - driver] @15-02-2021 01:32:22.0491 AM
[ReportManager] Browser Action [closeCurrentWindow] successfully performed. @15-02-2021 01:32:22.0525 AM
[ReportManager] Successfully created attachment [Browser Action Test Data - closeCurrentWindow - Actual Value] @15-02-2021 01:32:22.0528 A
[ReportManager] File Action [getAbsolutePath] successfully performed. With the following test data [Relative Folder Path: "target/downloadedFiles/"]. @15-02-2021 01:32:22.0530 AM
[ReportManager] Attempting to run remotely on: [Linux-64], [GoogleChrome], [http://localhost:4444/wd/hub], Headless Execution. @15-02-2021 01:32:22.0530 AM
[ReportManager] Successfully Opened [GoogleChrome]. @15-02-2021 01:32:22.0785 AM
[ReportManager] Target URL: [https://www.google.com/ncr], and after redirection: [www.google.com] @15-02-2021 01:32:22.0799 AM
[ReportManager] Initial URL: [data:,] @15-02-2021 01:32:22.0845 AM
[ReportManager] Browser Action [navigateToURL] successfully performed. With the following test data [https://www.google.com/ncr]. @15-02-2021 01:32:23.0668 A

################################################################################################################################################
Starting Execution:	[44 out of 134] test cases in the current suite
Test Method:		[unitTests.tests_validations_assertions.assertElementAttribute_true_literalComparison_expectedToPass]
################################################################################################################################################
[ReportManager] Element Action [type] successfully performed. With the following test data [Automation!@#$%^&*()_+{}[]\';/.,]. @15-02-2021 01:32:25.0032 AM
[ReportManager] Element Action [getText] successfully performed. With the following test data [Automation!@#$%^&*()_+{}[]\';/.,]. @15-02-2021 01:32:25.0147 AM
[ReportManager] Loaded Shared OpenCV @15-02-2021 01:32:25.0349 AM
[ReportManager] AssertElementAttribute PASSED; Expected [Value Should be 'Automation!@#$%^&*()_+{}[]\';/.,' for the 'text' attribute, element locator 'By.name: q'] and Actual [Automation!@#$%^&*()_+{}[]\';/.,]. Comparison Type [EQUALS]. Validation Type [POSITIVE]. @15-02-2021 01:32:25.0454 AM
[ReportManager] Successfully created attachment [Screenshot - 1613352745349_assertElementAttribute_true_literalComparison_expectedToPass_AssertElementAttribute_passed] @15-02-2021 01:32:25.0455 A
[ReportManager] Successfully created attachment [Selenium WebDriver Logs - server] @15-02-2021 01:32:25.0549 AM
[ReportManager] Successfully created attachment [Selenium WebDriver Logs - performance] @15-02-2021 01:32:25.0753 AM
[ReportManager] Successfully created attachment [Selenium WebDriver Logs - driver] @15-02-2021 01:32:25.0959 AM
[ReportManager] Browser Action [closeCurrentWindow] successfully performed. @15-02-2021 01:32:26.0019 AM
[ReportManager] Successfully created attachment [Browser Action Test Data - closeCurrentWindow - Actual Value] @15-02-2021 01:32:26.0021 A
[ReportManager] File Action [getAbsolutePath] successfully performed. With the following test data [Relative Folder Path: "target/downloadedFiles/"]. @15-02-2021 01:32:26.0024 AM
[ReportManager] Attempting to run remotely on: [Linux-64], [GoogleChrome], [http://localhost:4444/wd/hub], Headless Execution. @15-02-2021 01:32:26.0024 AM
[ReportManager] Successfully Opened [GoogleChrome]. @15-02-2021 01:32:26.0351 AM
[ReportManager] Target URL: [https://www.google.com/ncr], and after redirection: [www.google.com] @15-02-2021 01:32:26.0365 AM
[ReportManager] Initial URL: [data:,] @15-02-2021 01:32:26.0410 AM
[ReportManager] Browser Action [navigateToURL] successfully performed. With the following test data [https://www.google.com/ncr]. @15-02-2021 01:32:27.0239 A

################################################################################################################################################
Starting Execution:	[45 out of 134] test cases in the current suite
Test Method:		[unitTests.tests_validations_assertions.assertElementAttribute_true_regexComparison_expectedToFail]
################################################################################################################################################
[ReportManager] Element Action [type] successfully performed. With the following test data [Automation123]. @15-02-2021 01:32:27.0877 AM
[ReportManager] Element Action [getText] successfully performed. With the following test data [Automation123]. @15-02-2021 01:32:28.0004 AM
[ReportManager] Loaded Shared OpenCV @15-02-2021 01:32:28.0190 AM
[ReportManager] AssertElementAttribute FAILED; Expected [Value Should be 'Automation' for the 'text' attribute, element locator 'By.name: q'] and Actual [Automation123]. Comparison Type [MATCHES]. Validation Type [POSITIVE]. @15-02-2021 01:32:28.0274 AM
[ReportManager] Successfully created attachment [Screenshot - 1613352748190_assertElementAttribute_true_regexComparison_expectedToFail_AssertElementAttribute_failed] @15-02-2021 01:32:28.0276 A
[ReportManager] Successfully created attachment [Selenium WebDriver Logs - server] @15-02-2021 01:32:28.0352 AM
[ReportManager] Successfully created attachment [Selenium WebDriver Logs - performance] @15-02-2021 01:32:28.0443 AM
[ReportManager] Successfully created attachment [Selenium WebDriver Logs - driver] @15-02-2021 01:32:28.0584 AM
[ReportManager] Browser Action [closeCurrentWindow] successfully performed. @15-02-2021 01:32:28.0640 AM
[ReportManager] Successfully created attachment [Browser Action Test Data - closeCurrentWindow - Actual Value] @15-02-2021 01:32:28.0641 A
[ReportManager] File Action [getAbsolutePath] successfully performed. With the following test data [Relative Folder Path: "target/downloadedFiles/"]. @15-02-2021 01:32:28.0645 AM
[ReportManager] Attempting to run remotely on: [Linux-64], [GoogleChrome], [http://localhost:4444/wd/hub], Headless Execution. @15-02-2021 01:32:28.0645 AM
[ReportManager] Successfully Opened [GoogleChrome]. @15-02-2021 01:32:28.0865 AM
[ReportManager] Target URL: [https://www.google.com/ncr], and after redirection: [www.google.com] @15-02-2021 01:32:28.0876 AM
[ReportManager] Initial URL: [data:,] @15-02-2021 01:32:28.0915 AM
[ReportManager] Browser Action [navigateToURL] successfully performed. With the following test data [https://www.google.com/ncr]. @15-02-2021 01:32:29.0695 A

################################################################################################################################################
Starting Execution:	[46 out of 134] test cases in the current suite
Test Method:		[unitTests.tests_validations_assertions.assertElementAttribute_true_regexComparison_expectedToPass]
################################################################################################################################################
[ReportManager] Element Action [type] successfully performed. With the following test data [Automation123]. @15-02-2021 01:32:30.0311 AM
[ReportManager] Element Action [getText] successfully performed. With the following test data [Automation123]. @15-02-2021 01:32:30.0425 AM
[ReportManager] Loaded Shared OpenCV @15-02-2021 01:32:30.0624 AM
[ReportManager] AssertElementAttribute PASSED; Expected [Value Should be 'Automation.*' for the 'text' attribute, element locator 'By.name: q'] and Actual [Automation123]. Comparison Type [MATCHES]. Validation Type [POSITIVE]. @15-02-2021 01:32:30.0706 AM
[ReportManager] Successfully created attachment [Screenshot - 1613352750624_assertElementAttribute_true_regexComparison_expectedToPass_AssertElementAttribute_passed] @15-02-2021 01:32:30.0708 A
[ReportManager] Successfully created attachment [Selenium WebDriver Logs - server] @15-02-2021 01:32:30.0789 AM
[ReportManager] Successfully created attachment [Selenium WebDriver Logs - performance] @15-02-2021 01:32:30.0879 AM
[ReportManager] Successfully created attachment [Selenium WebDriver Logs - driver] @15-02-2021 01:32:31.0012 AM
[ReportManager] Browser Action [closeCurrentWindow] successfully performed. @15-02-2021 01:32:31.0069 AM
[ReportManager] Successfully created attachment [Browser Action Test Data - closeCurrentWindow - Actual Value] @15-02-2021 01:32:31.0070 A
[ReportManager] File Action [getAbsolutePath] successfully performed. With the following test data [Relative Folder Path: "target/downloadedFiles/"]. @15-02-2021 01:32:31.0074 AM
[ReportManager] Attempting to run remotely on: [Linux-64], [GoogleChrome], [http://localhost:4444/wd/hub], Headless Execution. @15-02-2021 01:32:31.0074 AM
[ReportManager] Successfully Opened [GoogleChrome]. @15-02-2021 01:32:31.0315 AM
[ReportManager] Target URL: [https://www.google.com/ncr], and after redirection: [www.google.com] @15-02-2021 01:32:31.0344 AM
[ReportManager] Initial URL: [data:,] @15-02-2021 01:32:31.0385 AM
[ReportManager] Browser Action [navigateToURL] successfully performed. With the following test data [https://www.google.com/ncr]. @15-02-2021 01:32:32.0163 A

################################################################################################################################################
Starting Execution:	[47 out of 134] test cases in the current suite
Test Method:		[unitTests.tests_validations_assertions.assertElementExists_false_expectedToFail]
################################################################################################################################################
[ReportManager] Loaded Shared OpenCV @15-02-2021 01:32:32.0383 AM
[ReportManager] AssertElementExists FAILED; Expected [Element Should not Exist, locator 'By.id: hplogo'] and Actual [Element Exists]. Comparison Type [EQUALS]. Validation Type [NEGATIVE]. @15-02-2021 01:32:32.0467 AM
[ReportManager] Successfully created attachment [Screenshot - 1613352752383_assertElementExists_false_expectedToFail_AssertElementExists_failed] @15-02-2021 01:32:32.0469 A
[ReportManager] Successfully created attachment [Selenium WebDriver Logs - server] @15-02-2021 01:32:32.0550 AM
[ReportManager] Successfully created attachment [Selenium WebDriver Logs - performance] @15-02-2021 01:32:32.0585 AM
[ReportManager] Successfully created attachment [Selenium WebDriver Logs - driver] @15-02-2021 01:32:32.0660 AM
[ReportManager] Browser Action [closeCurrentWindow] successfully performed. @15-02-2021 01:32:32.0718 AM
[ReportManager] Successfully created attachment [Browser Action Test Data - closeCurrentWindow - Actual Value] @15-02-2021 01:32:32.0719 A
[ReportManager] File Action [getAbsolutePath] successfully performed. With the following test data [Relative Folder Path: "target/downloadedFiles/"]. @15-02-2021 01:32:32.0721 AM
[ReportManager] Attempting to run remotely on: [Linux-64], [GoogleChrome], [http://localhost:4444/wd/hub], Headless Execution. @15-02-2021 01:32:32.0721 AM
[ReportManager] Successfully Opened [GoogleChrome]. @15-02-2021 01:32:32.0954 AM
[ReportManager] Target URL: [https://www.google.com/ncr], and after redirection: [www.google.com] @15-02-2021 01:32:32.0964 AM
[ReportManager] Initial URL: [data:,] @15-02-2021 01:32:33.0002 AM
[ReportManager] Browser Action [navigateToURL] successfully performed. With the following test data [https://www.google.com/ncr]. @15-02-2021 01:32:33.0790 A

################################################################################################################################################
Starting Execution:	[48 out of 134] test cases in the current suite
Test Method:		[unitTests.tests_validations_assertions.assertElementExists_false_expectedToPass]
################################################################################################################################################
[ReportManager] AssertElementExists PASSED; Expected [Element Should not Exist, locator 'By.id: fakeElement'] and Actual [Element Doesn't Exists]. Comparison Type [EQUALS]. Validation Type [NEGATIVE]. @15-02-2021 01:32:34.0073 AM
[ReportManager] Successfully created attachment [Screenshot - 1613352754003_assertElementExists_false_expectedToPass_AssertElementExists_passed] @15-02-2021 01:32:34.0074 A
[ReportManager] Successfully created attachment [Selenium WebDriver Logs - server] @15-02-2021 01:32:34.0155 AM
[ReportManager] Successfully created attachment [Selenium WebDriver Logs - performance] @15-02-2021 01:32:34.0193 AM
[ReportManager] Successfully created attachment [Selenium WebDriver Logs - driver] @15-02-2021 01:32:34.0269 AM
[ReportManager] Browser Action [closeCurrentWindow] successfully performed. @15-02-2021 01:32:34.0326 AM
[ReportManager] Successfully created attachment [Browser Action Test Data - closeCurrentWindow - Actual Value] @15-02-2021 01:32:34.0327 A
[ReportManager] File Action [getAbsolutePath] successfully performed. With the following test data [Relative Folder Path: "target/downloadedFiles/"]. @15-02-2021 01:32:34.0329 AM
[ReportManager] Attempting to run remotely on: [Linux-64], [GoogleChrome], [http://localhost:4444/wd/hub], Headless Execution. @15-02-2021 01:32:34.0329 AM
[ReportManager] Successfully Opened [GoogleChrome]. @15-02-2021 01:32:34.0540 AM
[ReportManager] Target URL: [https://www.google.com/ncr], and after redirection: [www.google.com] @15-02-2021 01:32:34.0550 AM
[ReportManager] Initial URL: [data:,] @15-02-2021 01:32:34.0602 AM
[ReportManager] Browser Action [navigateToURL] successfully performed. With the following test data [https://www.google.com/ncr]. @15-02-2021 01:32:35.0430 A

################################################################################################################################################
Starting Execution:	[49 out of 134] test cases in the current suite
Test Method:		[unitTests.tests_validations_assertions.assertElementExists_false_multipleElementsFound_expectedToFail]
################################################################################################################################################
[ReportManager] AssertElementExists FAILED; Expected [Element Should not Exist, locator 'By.xpath: //div'] and Actual [Element Exists but is not unique]. Comparison Type [EQUALS]. Validation Type [NEGATIVE]. @15-02-2021 01:32:35.0709 AM
[ReportManager] Successfully created attachment [Screenshot - 1613352755636_assertElementExists_false_multipleElementsFound_expectedToFail_AssertElementExists_failed] @15-02-2021 01:32:35.0710 A
[ReportManager] Successfully created attachment [Selenium WebDriver Logs - server] @15-02-2021 01:32:35.0793 AM
[ReportManager] Successfully created attachment [Selenium WebDriver Logs - performance] @15-02-2021 01:32:35.0833 AM
[ReportManager] Successfully created attachment [Selenium WebDriver Logs - driver] @15-02-2021 01:32:35.0906 AM
[ReportManager] Browser Action [closeCurrentWindow] successfully performed. @15-02-2021 01:32:35.0962 AM
[ReportManager] Successfully created attachment [Browser Action Test Data - closeCurrentWindow - Actual Value] @15-02-2021 01:32:35.0963 A
[ReportManager] File Action [getAbsolutePath] successfully performed. With the following test data [Relative Folder Path: "target/downloadedFiles/"]. @15-02-2021 01:32:35.0966 AM
[ReportManager] Attempting to run remotely on: [Linux-64], [GoogleChrome], [http://localhost:4444/wd/hub], Headless Execution. @15-02-2021 01:32:35.0966 AM
[ReportManager] Successfully Opened [GoogleChrome]. @15-02-2021 01:32:36.0186 AM
[ReportManager] Target URL: [https://www.google.com/ncr], and after redirection: [www.google.com] @15-02-2021 01:32:36.0198 AM
[ReportManager] Initial URL: [data:,] @15-02-2021 01:32:36.0256 AM
[ReportManager] Browser Action [navigateToURL] successfully performed. With the following test data [https://www.google.com/ncr]. @15-02-2021 01:32:37.0033 A

################################################################################################################################################
Starting Execution:	[50 out of 134] test cases in the current suite
Test Method:		[unitTests.tests_validations_assertions.assertElementExists_true_expectedToFail]
################################################################################################################################################
[ReportManager] AssertElementExists FAILED; Expected [Element Should Exist, locator 'By.id: fakeElement'] and Actual [Element Doesn't Exists]. Comparison Type [EQUALS]. Validation Type [POSITIVE]. @15-02-2021 01:32:37.0325 AM
[ReportManager] Successfully created attachment [Screenshot - 1613352757252_assertElementExists_true_expectedToFail_AssertElementExists_failed] @15-02-2021 01:32:37.0326 A
[ReportManager] Successfully created attachment [Selenium WebDriver Logs - server] @15-02-2021 01:32:37.0407 AM
[ReportManager] Successfully created attachment [Selenium WebDriver Logs - performance] @15-02-2021 01:32:37.0440 AM
[ReportManager] Successfully created attachment [Selenium WebDriver Logs - driver] @15-02-2021 01:32:37.0512 AM
[ReportManager] Browser Action [closeCurrentWindow] successfully performed. @15-02-2021 01:32:37.0568 AM
[ReportManager] Successfully created attachment [Browser Action Test Data - closeCurrentWindow - Actual Value] @15-02-2021 01:32:37.0570 A
[ReportManager] File Action [getAbsolutePath] successfully performed. With the following test data [Relative Folder Path: "target/downloadedFiles/"]. @15-02-2021 01:32:37.0573 AM
[ReportManager] Attempting to run remotely on: [Linux-64], [GoogleChrome], [http://localhost:4444/wd/hub], Headless Execution. @15-02-2021 01:32:37.0573 AM
[ReportManager] Successfully Opened [GoogleChrome]. @15-02-2021 01:32:37.0802 AM
[ReportManager] Target URL: [https://www.google.com/ncr], and after redirection: [www.google.com] @15-02-2021 01:32:37.0813 AM
[ReportManager] Initial URL: [data:,] @15-02-2021 01:32:37.0856 AM
[ReportManager] Browser Action [navigateToURL] successfully performed. With the following test data [https://www.google.com/ncr]. @15-02-2021 01:32:38.0669 A

################################################################################################################################################
Starting Execution:	[51 out of 134] test cases in the current suite
Test Method:		[unitTests.tests_validations_assertions.assertElementExists_true_expectedToPass]
################################################################################################################################################
[ReportManager] Loaded Shared OpenCV @15-02-2021 01:32:38.0903 AM
[ReportManager] AssertElementExists PASSED; Expected [Element Should Exist, locator 'By.id: hplogo'] and Actual [Element Exists]. Comparison Type [EQUALS]. Validation Type [POSITIVE]. @15-02-2021 01:32:38.0986 AM
[ReportManager] Successfully created attachment [Screenshot - 1613352758903_assertElementExists_true_expectedToPass_AssertElementExists_passed] @15-02-2021 01:32:38.0988 A
[ReportManager] Successfully created attachment [Selenium WebDriver Logs - server] @15-02-2021 01:32:39.0064 AM
[ReportManager] Successfully created attachment [Selenium WebDriver Logs - performance] @15-02-2021 01:32:39.0098 AM
[ReportManager] Successfully created attachment [Selenium WebDriver Logs - driver] @15-02-2021 01:32:39.0178 AM
[ReportManager] Browser Action [closeCurrentWindow] successfully performed. @15-02-2021 01:32:39.0234 AM
[ReportManager] Successfully created attachment [Browser Action Test Data - closeCurrentWindow - Actual Value] @15-02-2021 01:32:39.0235 A
[ReportManager] File Action [getAbsolutePath] successfully performed. With the following test data [Relative Folder Path: "target/downloadedFiles/"]. @15-02-2021 01:32:39.0238 AM
[ReportManager] Attempting to run remotely on: [Linux-64], [GoogleChrome], [http://localhost:4444/wd/hub], Headless Execution. @15-02-2021 01:32:39.0238 AM
[ReportManager] Successfully Opened [GoogleChrome]. @15-02-2021 01:32:39.0461 AM
[ReportManager] Target URL: [https://www.google.com/ncr], and after redirection: [www.google.com] @15-02-2021 01:32:39.0475 AM
[ReportManager] Initial URL: [data:,] @15-02-2021 01:32:39.0513 AM
[ReportManager] Browser Action [navigateToURL] successfully performed. With the following test data [https://www.google.com/ncr]. @15-02-2021 01:32:40.0346 A

################################################################################################################################################
Starting Execution:	[52 out of 134] test cases in the current suite
Test Method:		[unitTests.tests_validations_assertions.assertElementExists_true_multipleElementsFound_expectedToFail]
################################################################################################################################################
[ReportManager] AssertElementExists FAILED; Expected [Element Should Exist, locator 'By.xpath: //div'] and Actual [Element Exists but is not unique]. Comparison Type [EQUALS]. Validation Type [POSITIVE]. @15-02-2021 01:32:40.0707 AM
[ReportManager] Successfully created attachment [Screenshot - 1613352760635_assertElementExists_true_multipleElementsFound_expectedToFail_AssertElementExists_failed] @15-02-2021 01:32:40.0708 A
[ReportManager] Successfully created attachment [Selenium WebDriver Logs - server] @15-02-2021 01:32:40.0798 AM
[ReportManager] Successfully created attachment [Selenium WebDriver Logs - performance] @15-02-2021 01:32:40.0833 AM
[ReportManager] Successfully created attachment [Selenium WebDriver Logs - driver] @15-02-2021 01:32:40.0918 AM
[ReportManager] Browser Action [closeCurrentWindow] successfully performed. @15-02-2021 01:32:40.0975 AM
[ReportManager] Successfully created attachment [Browser Action Test Data - closeCurrentWindow - Actual Value] @15-02-2021 01:32:40.0976 A

################################################################################################################################################
Starting Execution:	[53 out of 134] test cases in the current suite
Test Method:		[unitTests.tests_validations_assertions.assertEquals_false_expectedToFail]
################################################################################################################################################
[ReportManager] AssertEquals FAILED; Expected [1] and Actual [1]. Comparison Type [EQUALS]. Validation Type [NEGATIVE]. @15-02-2021 01:32:40.0984 A

################################################################################################################################################
Starting Execution:	[54 out of 134] test cases in the current suite
Test Method:		[unitTests.tests_validations_assertions.assertEquals_false_expectedToPass]
################################################################################################################################################
[ReportManager] AssertEquals PASSED; Expected [1] and Actual [2]. Comparison Type [EQUALS]. Validation Type [NEGATIVE]. @15-02-2021 01:32:40.0988 A

################################################################################################################################################
Starting Execution:	[55 out of 134] test cases in the current suite
Test Method:		[unitTests.tests_validations_assertions.assertEquals_longCharacters]
################################################################################################################################################
[ReportManager] VerifyEquals PASSED; Expected and Actual values are attached. Comparison Type [EQUALS]. Validation Type [POSITIVE]. @15-02-2021 01:32:40.0993 AM
[ReportManager] Successfully created attachment [Validation Test Data - Expected Value] @15-02-2021 01:32:40.0993 AM
[ReportManager] Successfully created attachment [Validation Test Data - Actual Value] @15-02-2021 01:32:40.0993 AM
[ReportManager] AssertEquals PASSED; Expected and Actual values are attached. Comparison Type [EQUALS]. Validation Type [POSITIVE]. @15-02-2021 01:32:40.0993 AM
[ReportManager] Successfully created attachment [Validation Test Data - Expected Value] @15-02-2021 01:32:40.0994 AM
[ReportManager] Successfully created attachment [Validation Test Data - Actual Value] @15-02-2021 01:32:40.0994 A

################################################################################################################################################
Starting Execution:	[56 out of 134] test cases in the current suite
Test Method:		[unitTests.tests_validations_assertions.assertEquals_longCharacters_Discreet]
################################################################################################################################################
[ReportManager] AssertEquals PASSED; Expected [1LH5pROcDBjjQk0t0mCr0lXuzQu9lcGj28kY8R1H81X67eVAQJgWQhILiRWVPUgZ6uCtK5cnBkF55Jr9vYngjGO1Iyf0Mktv6lruDlL9T8MAUPcUZJGHZtji6nIeadujDSNmWMj5d6C8zlFqw0CRqBU0hO5adIasHgBSNoLotAjce3NGXoDwAlp3rYreeV16VIyZXROQY] and Actual [1LH5pROcDBjjQk0t0mCr0lXuzQu9lcGj28kY8R1H81X67eVAQJgWQhILiRWVPUgZ6uCtK5cnBkF55Jr9vYngjGO1Iyf0Mktv6lruDlL9T8MAUPcUZJGHZtji6nIeadujDSNmWMj5d6C8zlFqw0CRqBU0hO5adIasHgBSNoLotAjce3NGXoDwAlp3rYreeV16VIyZXROQY]. Comparison Type [EQUALS]. Validation Type [POSITIVE]. @15-02-2021 01:32:40.0996 A

################################################################################################################################################
Starting Execution:	[57 out of 134] test cases in the current suite
Test Method:		[unitTests.tests_validations_assertions.assertEquals_true_expectedToFail]
################################################################################################################################################
[ReportManager] AssertEquals FAILED; Expected [1] and Actual [2]. Comparison Type [EQUALS]. Validation Type [POSITIVE]. @15-02-2021 01:32:41.0000 A

################################################################################################################################################
Starting Execution:	[58 out of 134] test cases in the current suite
Test Method:		[unitTests.tests_validations_assertions.assertEquals_true_expectedToPass]
Test Description:	[Assert that assertEquals works as expected when the two values are equal.]
################################################################################################################################################
[ReportManager] VerifyEquals PASSED; Expected [1] and Actual [1]. Comparison Type [EQUALS]. Validation Type [POSITIVE]. @15-02-2021 01:32:41.0014 AM
[ReportManager] AssertEquals PASSED; Expected [1] and Actual [1]. Comparison Type [EQUALS]. Validation Type [POSITIVE]. @15-02-2021 01:32:41.0014 A

################################################################################################################################################
Starting Execution:	[59 out of 134] test cases in the current suite
Test Method:		[unitTests.tests_validations_assertions.assertEquals_true_expectedToPass__]
################################################################################################################################################
[ReportManager] AssertEquals PASSED; Expected [1] and Actual [1]. Comparison Type [EQUALS]. Validation Type [POSITIVE]. @15-02-2021 01:32:41.0016 A

################################################################################################################################################
Starting Execution:	[60 out of 134] test cases in the current suite
Test Method:		[unitTests.tests_validations_assertions.assertFileExists_false_expectedToFail]
################################################################################################################################################
[ReportManager] File Action [doesFileExist] successfully performed. With the following test data [File Path: "src/main/java/com/shaft/gui/element/ElementActions.java"]. @15-02-2021 01:32:41.0024 AM
[ReportManager] AssertFileExists FAILED; Expected [File 'src/main/java/com/shaft/gui/element/ElementActions.java' should not exist, after up to '1' retries] and Actual [File exists]. Validation Type [NEGATIVE]. @15-02-2021 01:32:41.0039 A

################################################################################################################################################
Starting Execution:	[61 out of 134] test cases in the current suite
Test Method:		[unitTests.tests_validations_assertions.assertFileExists_false_expectedToPass]
################################################################################################################################################
[ReportManager] File Action [doesFileExist] successfully performed. With the following test data [File Path: "src/main/java/com/shaft/gui/element/ElementActions.java_fail"]. @15-02-2021 01:32:41.0548 AM
[ReportManager] AssertFileExists PASSED; Expected [File 'src/main/java/com/shaft/gui/element/ElementActions.java_fail' should not exist, after up to '1' retries] and Actual [File does not exist]. Validation Type [NEGATIVE]. @15-02-2021 01:32:41.0548 A

################################################################################################################################################
Starting Execution:	[62 out of 134] test cases in the current suite
Test Method:		[unitTests.tests_validations_assertions.assertFileExists_true_expectedToFail]
################################################################################################################################################
[ReportManager] File Action [doesFileExist] successfully performed. With the following test data [File Path: "src/main/java/com/shaft/gui/element/ElementActions.java_fail"]. @15-02-2021 01:32:42.0055 AM
[ReportManager] AssertFileExists FAILED; Expected [File 'src/main/java/com/shaft/gui/element/ElementActions.java_fail' should exist, after up to '1' retries] and Actual [File does not exist]. Validation Type [POSITIVE]. @15-02-2021 01:32:42.0055 A

################################################################################################################################################
Starting Execution:	[63 out of 134] test cases in the current suite
Test Method:		[unitTests.tests_validations_assertions.assertFileExists_true_expectedToPass]
################################################################################################################################################
[ReportManager] File Action [doesFileExist] successfully performed. With the following test data [File Path: "src/main/java/com/shaft/gui/element/ElementActions.java"]. @15-02-2021 01:32:42.0059 AM
[ReportManager] AssertFileExists PASSED; Expected [File 'src/main/java/com/shaft/gui/element/ElementActions.java' should exist, after up to '1' retries] and Actual [File exists]. Validation Type [POSITIVE]. @15-02-2021 01:32:42.0059 A

################################################################################################################################################
Starting Execution:	[64 out of 134] test cases in the current suite
Test Method:		[unitTests.tests_validations_assertions.assertNull_false_expectedToFail]
################################################################################################################################################
[ReportManager] AssertNull FAILED; Expected [NULL] and Actual [NULL]. Comparison Type [EQUALS]. Validation Type [NEGATIVE]. @15-02-2021 01:32:42.0065 A

################################################################################################################################################
Starting Execution:	[65 out of 134] test cases in the current suite
Test Method:		[unitTests.tests_validations_assertions.assertNull_false_expectedToPass]
################################################################################################################################################
[ReportManager] AssertNull PASSED; Expected [NULL] and Actual [1]. Comparison Type [EQUALS]. Validation Type [NEGATIVE]. @15-02-2021 01:32:42.0067 A

################################################################################################################################################
Starting Execution:	[66 out of 134] test cases in the current suite
Test Method:		[unitTests.tests_validations_assertions.assertNull_true_expectedToFail]
################################################################################################################################################
[ReportManager] AssertNull FAILED; Expected [NULL] and Actual [1]. Comparison Type [EQUALS]. Validation Type [POSITIVE]. @15-02-2021 01:32:42.0069 A

################################################################################################################################################
Starting Execution:	[67 out of 134] test cases in the current suite
Test Method:		[unitTests.tests_validations_assertions.assertNull_true_expectedToPass]
################################################################################################################################################
[ReportManager] AssertNull PASSED; Expected [NULL] and Actual [NULL]. Comparison Type [EQUALS]. Validation Type [POSITIVE]. @15-02-2021 01:32:42.0073 A
[ReportManager] File Action [getAbsolutePath] successfully performed. With the following test data [Relative Folder Path: "target/downloadedFiles/"]. @15-02-2021 01:32:42.0076 AM
[ReportManager] Attempting to run remotely on: [Linux-64], [GoogleChrome], [http://localhost:4444/wd/hub], Headless Execution. @15-02-2021 01:32:42.0076 AM
[ReportManager] Successfully Opened [GoogleChrome]. @15-02-2021 01:32:42.0313 A

################################################################################################################################################
Starting Execution:	[68 out of 134] test cases in the current suite
Test Method:		[testPackage01.Test_IsElementClickable.testIsElementClickable]
################################################################################################################################################
[ReportManager] Target URL: [https://the-internet.herokuapp.com/] @15-02-2021 01:32:42.0342 AM
[ReportManager] Initial URL: [data:,] @15-02-2021 01:32:42.0390 AM
[ReportManager] Browser Action [navigateToURL] successfully performed. With the following test data [https://the-internet.herokuapp.com/]. @15-02-2021 01:32:42.0798 AM
[ReportManager] Element Action [isElementClickable] successfully performed. @15-02-2021 01:32:42.0987 AM
[ReportManager] AssertTrue PASSED; Expected [TRUE] and Actual [TRUE]. Validation Type [POSITIVE]. @15-02-2021 01:32:42.0987 A
[ReportManager] Successfully created attachment [Selenium WebDriver Logs - server] @15-02-2021 01:32:43.0033 AM
[ReportManager] Successfully created attachment [Selenium WebDriver Logs - performance] @15-02-2021 01:32:43.0053 AM
[ReportManager] Successfully created attachment [Selenium WebDriver Logs - browser] @15-02-2021 01:32:43.0059 AM
[ReportManager] Successfully created attachment [Selenium WebDriver Logs - driver] @15-02-2021 01:32:43.0111 AM
[ReportManager] Browser Action [closeCurrentWindow] successfully performed. @15-02-2021 01:32:43.0166 AM
[ReportManager] Successfully created attachment [Browser Action Test Data - closeCurrentWindow - Actual Value] @15-02-2021 01:32:43.0167 A

################################################################################################################################################
Starting Execution:	[69 out of 134] test cases in the current suite
Test Method:		[testPackage01.Test_JsonActions.f]
###############################################################################################################################################

################################################################################################################################################
Starting Execution:	[70 out of 134] test cases in the current suite
Test Method:		[testPackage01.Test_JsonActions.f2]
###############################################################################################################################################

################################################################################################################################################
Starting Execution:	[71 out of 134] test cases in the current suite
Test Method:		[testPackage01.Test_SkipDueToIssue.doNotSkip]
################################################################################################################################################
[ReportManager] This should not be skipped. @15-02-2021 01:32:43.0198 A

################################################################################################################################################
Starting Execution:	[72 out of 134] test cases in the current suite
Test Method:		[testPackage01.Test_SkipDueToIssue.skip]
################################################################################################################################################
[ReportManager] This should be skipped. @15-02-2021 01:32:43.0204 A

################################################################################################################################################
Starting Execution:	[73 out of 134] test cases in the current suite
Test Method:		[testPackage01.Test_SkipDueToIssue.skip2]
################################################################################################################################################
[ReportManager] This should be skipped. @15-02-2021 01:32:43.0218 A

################################################################################################################################################
Starting Execution:	[74 out of 134] test cases in the current suite
Test Method:		[testPackage01.Test_testData.f]
################################################################################################################################################
[ReportManager] Successfully loaded the following test data file [src/test/resources/TestDataFiles/testSuite01/TestData.xlsx]. @15-02-2021 01:32:43.0255 AM
[ReportManager] Successfully created attachment [Test Data - Excel] @15-02-2021 01:32:43.0255 AM
[ReportManager] Last Column Number is: [3]. Zero-based. @15-02-2021 01:32:43.0256 A
[ReportManager] File Action [getAbsolutePath] successfully performed. With the following test data [Relative Folder Path: "target/downloadedFiles/"]. @15-02-2021 01:32:43.0270 AM
[ReportManager] Attempting to run remotely on: [Linux-64], [GoogleChrome], [http://localhost:4444/wd/hub], Headless Execution. @15-02-2021 01:32:43.0270 AM
[ReportManager] Successfully Opened [GoogleChrome]. @15-02-2021 01:32:43.0514 A

################################################################################################################################################
Starting Execution:	[75 out of 134] test cases in the current suite
Test Method:		[testPackage01.Test_assertEquals.test_assertElementAttribute]
################################################################################################################################################
[ReportManager] Target URL: [https://www.google.com/ncr], and after redirection: [https://www.google.com] @15-02-2021 01:32:43.0527 AM
[ReportManager] Initial URL: [data:,] @15-02-2021 01:32:43.0571 AM
[ReportManager] Browser Action [navigateToURL] successfully performed. With the following test data [https://www.google.com/ncr]. @15-02-2021 01:32:44.0358 AM
[ReportManager] Element Action [type] successfully performed. With the following test data [INC_004010050:Another SCHEDULER with the same name [Duplicate Job Name] already exists.]. @15-02-2021 01:32:46.0558 AM
[ReportManager] Element Action [getText] successfully performed. With the following test data [INC_004010050:Another SCHEDULER with the same name [Duplicate Job Name] already exists.]. @15-02-2021 01:32:46.0677 AM
[ReportManager] Loaded Shared OpenCV @15-02-2021 01:32:46.0852 AM
[ReportManager] AssertElementAttribute PASSED; Expected [Value Should be 'INC_004010050:Another SCHEDULER with the same name \[Duplicate Job Name\] already exists.' for the 'text' attribute, element locator 'By.name: q'] and Actual [INC_004010050:Another SCHEDULER with the same name [Duplicate Job Name] already exists.]. Comparison Type [MATCHES]. Validation Type [POSITIVE]. @15-02-2021 01:32:46.0939 AM
[ReportManager] Successfully created attachment [Screenshot - 1613352766852_test_assertElementAttribute_AssertElementAttribute_passed] @15-02-2021 01:32:46.0940 A
[ReportManager] Successfully created attachment [Selenium WebDriver Logs - server] @15-02-2021 01:32:47.0020 AM
[ReportManager] Successfully created attachment [Selenium WebDriver Logs - performance] @15-02-2021 01:32:47.0419 AM
[ReportManager] Successfully created attachment [Selenium WebDriver Logs - driver] @15-02-2021 01:32:47.0816 AM
[ReportManager] Browser Action [closeCurrentWindow] successfully performed. @15-02-2021 01:32:47.0872 AM
[ReportManager] Successfully created attachment [Browser Action Test Data - closeCurrentWindow - Actual Value] @15-02-2021 01:32:47.0873 A

################################################################################################################################################
Starting Execution:	[76 out of 134] test cases in the current suite
Test Method:		[testPackage01.Test_JsonCompareWithSpecialCharacters.specialCharacters]
################################################################################################################################################
[ReportManager] File Action [getAbsolutePath] successfully performed. With the following test data [Relative Folder Path: "src/test/resources/TestJsonFiles/specialCharacters.json"]. @15-02-2021 01:32:47.0883 AM
[ReportManager] File Action [readFromFile] successfully performed. With the following test data [File Path: "/home/runner/work/SHAFT_ENGINE/SHAFT_ENGINE/src/test/resources/TestJsonFiles/specialCharacters.json"]. @15-02-2021 01:32:47.0884 AM
[ReportManager] Successfully created attachment [File Action Actual Result - Command Log] @15-02-2021 01:32:47.0885 AM
[ReportManager] Comparing the provided API response with the file at this path "src/test/resources/TestJsonFiles/specialCharacters.json", comparison type "EQUALS" @15-02-2021 01:32:47.0885 AM
[ReportManager] API Action [compareJSON] successfully performed. With the following test data [src/test/resources/TestJsonFiles/specialCharacters.json]. @15-02-2021 01:32:47.0902 AM
[ReportManager] File Action [getAbsolutePath] successfully performed. With the following test data [Relative Folder Path: "src/test/resources/TestJsonFiles/specialCharacters.json"]. @15-02-2021 01:32:47.0902 AM
[ReportManager] File Action [readFromFile] successfully performed. With the following test data [File Path: "/home/runner/work/SHAFT_ENGINE/SHAFT_ENGINE/src/test/resources/TestJsonFiles/specialCharacters.json"]. @15-02-2021 01:32:47.0902 AM
[ReportManager] VerifyJSONFileContent PASSED; Expected [Response data should match the JSON File in this path 'src/test/resources/TestJsonFiles/specialCharacters.json'] and Actual [TRUE]. Comparison Type [EQUALS]. Validation Type [POSITIVE]. @15-02-2021 01:32:47.0908 AM
[ReportManager] Successfully created attachment [Validation Test Data - Expected JSON Value] @15-02-2021 01:32:47.0909 AM
[ReportManager] Successfully created attachment [Validation Test Data - Actual JSON Value] @15-02-2021 01:32:47.0909 A

################################################################################################################################################
Starting Execution:	[77 out of 134] test cases in the current suite
Test Method:		[testPackage01.Test_JsonCompareWithSpecialCharacters.specialCharacters_assertion]
################################################################################################################################################
[ReportManager] File Action [getAbsolutePath] successfully performed. With the following test data [Relative Folder Path: "src/test/resources/TestJsonFiles/specialCharacters.json"]. @15-02-2021 01:32:47.0917 AM
[ReportManager] File Action [readFromFile] successfully performed. With the following test data [File Path: "/home/runner/work/SHAFT_ENGINE/SHAFT_ENGINE/src/test/resources/TestJsonFiles/specialCharacters.json"]. @15-02-2021 01:32:47.0918 AM
[ReportManager] Successfully created attachment [File Action Actual Result - Command Log] @15-02-2021 01:32:47.0918 AM
[ReportManager] trying out the log message... @15-02-2021 01:32:47.0918 AM
[ReportManager] Comparing the provided API response with the file at this path "src/test/resources/TestJsonFiles/specialCharacters.json", comparison type "CONTAINS" @15-02-2021 01:32:47.0918 AM
[ReportManager] API Action [compareJSON] successfully performed. With the following test data [src/test/resources/TestJsonFiles/specialCharacters.json]. @15-02-2021 01:32:47.0939 AM
[ReportManager] File Action [getAbsolutePath] successfully performed. With the following test data [Relative Folder Path: "src/test/resources/TestJsonFiles/specialCharacters.json"]. @15-02-2021 01:32:47.0939 AM
[ReportManager] File Action [readFromFile] successfully performed. With the following test data [File Path: "/home/runner/work/SHAFT_ENGINE/SHAFT_ENGINE/src/test/resources/TestJsonFiles/specialCharacters.json"]. @15-02-2021 01:32:47.0939 AM
[ReportManager] AssertJSONFileContent PASSED; Expected [Response data should match the JSON File in this path 'src/test/resources/TestJsonFiles/specialCharacters.json'] and Actual [TRUE]. Comparison Type [CONTAINS]. Validation Type [POSITIVE]. @15-02-2021 01:32:47.0943 AM
[ReportManager] Successfully created attachment [Validation Test Data - Expected JSON Value] @15-02-2021 01:32:47.0943 AM
[ReportManager] Successfully created attachment [Validation Test Data - Actual JSON Value] @15-02-2021 01:32:47.0943 A

################################################################################################################################################
Starting Execution:	[78 out of 134] test cases in the current suite
Test Method:		[testPackage01.Test_JSONFileManager.readStringFromJson]
################################################################################################################################################
[ReportManager] Successfully loaded the following test data file [src/test/resources/TestDataFiles/simpleJSON.json]. @15-02-2021 01:32:47.0955 AM
[ReportManager] Successfully created attachment [Test Data - JSON] @15-02-2021 01:32:47.0961 AM
[ReportManager] AssertEquals PASSED; Expected [Mohab Mohie] and Actual [Mohab Mohie]. Comparison Type [EQUALS]. Validation Type [POSITIVE]. @15-02-2021 01:32:47.0972 A
[ReportManager] Successfully loaded the following test data file [src/test/resources/TestDataFiles/testSuite01/TestData.xlsx]. @15-02-2021 01:32:48.0029 AM
[ReportManager] Successfully created attachment [Test Data - Excel] @15-02-2021 01:32:48.0029 AM
[ReportManager] File Action [getAbsolutePath] successfully performed. With the following test data [Relative Folder Path: "target/downloadedFiles/"]. @15-02-2021 01:32:48.0030 AM
[ReportManager] Attempting to run remotely on: [Linux-64], [GoogleChrome], [http://localhost:4444/wd/hub], Headless Execution. @15-02-2021 01:32:48.0030 AM
[ReportManager] Successfully Opened [GoogleChrome]. @15-02-2021 01:32:48.0256 A

################################################################################################################################################
Starting Execution:	[79 out of 134] test cases in the current suite
Test Method:		[testPackage01.Test_google.navigateToURLandVerifyGoogleLogoIsDisplayed]
Test Description:	[TC001 - Navigate to URL and Verify Google Logo is Displayed]
################################################################################################################################################
[ReportManager] Target URL: [https://www.google.com/ncr], and after redirection: [https://www.google.com] @15-02-2021 01:32:48.0272 AM
[ReportManager] Initial URL: [data:,] @15-02-2021 01:32:48.0312 AM
[ReportManager] Browser Action [navigateToURL] successfully performed. With the following test data [https://www.google.com/ncr]. @15-02-2021 01:32:49.0169 AM
[ReportManager] Loaded Shared OpenCV @15-02-2021 01:32:49.0401 AM
[ReportManager] AssertElementExists PASSED; Expected [Element Should Exist, locator 'By.xpath: //img[@id='hplogo' or @alt='Google']'] and Actual [Element Exists]. Comparison Type [EQUALS]. Validation Type [POSITIVE]. @15-02-2021 01:32:49.0483 AM
[ReportManager] Successfully created attachment [Screenshot - 1613352769400_navigateToURLandVerifyGoogleLogoIsDisplayed_AssertElementExists_passed] @15-02-2021 01:32:49.0485 A

################################################################################################################################################
Starting Execution:	[80 out of 134] test cases in the current suite
Test Method:		[testPackage01.Test_google.searchForQueryandAssertResultsNumDisplayed]
Test Description:	[TC002 - Search for Query and Assert that the number of results is displayed]
################################################################################################################################################
[ReportManager] Element Action [type] successfully performed. With the following test data [SHAFT_Engine]. @15-02-2021 01:32:50.0146 AM
[ReportManager] Element Action [keyPress] successfully performed. With the following test data [Enter]. @15-02-2021 01:32:51.0242 AM
[ReportManager] Element Action [getText] successfully performed. With the following test data [About 680,000 results (0.48 seconds) ]. @15-02-2021 01:32:51.0344 AM
[ReportManager] Loaded Shared OpenCV @15-02-2021 01:32:51.0508 AM
[ReportManager] AssertElementAttribute PASSED; Expected [Value Should not be '' for the 'Text' attribute, element locator 'By.id: appbar'] and Actual [About 680,000 results (0.48 seconds) ]. Comparison Type [EQUALS]. Validation Type [NEGATIVE]. @15-02-2021 01:32:51.0606 AM
[ReportManager] Successfully created attachment [Screenshot - 1613352771508_searchForQueryandAssertResultsNumDisplayed_AssertElementAttribute_passed] @15-02-2021 01:32:51.0607 A

################################################################################################################################################
Starting Execution:	[81 out of 134] test cases in the current suite
Test Method:		[testPackage01.Test_google.clickNextThrice]
Test Description:	[TC003 - Clicks the next button to make sure that the framework can scroll element into view before clicking it]
################################################################################################################################################
[ReportManager] Element Action [click] successfully performed. With the following test data [Next]. @15-02-2021 01:32:52.0872 A
[ReportManager] Successfully created attachment [Selenium WebDriver Logs - server] @15-02-2021 01:32:53.0025 AM
[ReportManager] Successfully created attachment [Selenium WebDriver Logs - performance] @15-02-2021 01:32:53.0277 AM
[ReportManager] Successfully created attachment [Selenium WebDriver Logs - driver] @15-02-2021 01:32:53.0624 AM
[ReportManager] Browser Action [closeCurrentWindow] successfully performed. @15-02-2021 01:32:53.0697 AM
[ReportManager] Successfully created attachment [Browser Action Test Data - closeCurrentWindow - Actual Value] @15-02-2021 01:32:53.0713 A
[ReportManager] File Action [getAbsolutePath] successfully performed. With the following test data [Relative Folder Path: "target/downloadedFiles/"]. @15-02-2021 01:32:53.0714 AM
[ReportManager] Attempting to run remotely on: [Linux-64], [GoogleChrome], [http://localhost:4444/wd/hub], Headless Execution. @15-02-2021 01:32:53.0714 AM
[ReportManager] Successfully Opened [GoogleChrome]. @15-02-2021 01:32:54.0088 A

################################################################################################################################################
Starting Execution:	[82 out of 134] test cases in the current suite
Test Method:		[testPackage01.Test_dragAndDrop.dragAndDropJquery]
################################################################################################################################################
[ReportManager] Target URL: [https://jqueryui.com/resources/demos/droppable/default.html] @15-02-2021 01:32:54.0172 AM
[ReportManager] Initial URL: [data:,] @15-02-2021 01:32:54.0213 AM
[ReportManager] Browser Action [navigateToURL] successfully performed. With the following test data [https://jqueryui.com/resources/demos/droppable/default.html]. @15-02-2021 01:32:54.0592 AM
[ReportManager] Element Action [getText] successfully performed. With the following test data [Drop here]. @15-02-2021 01:32:54.0695 AM
[ReportManager] Element Action [dragAndDrop] successfully performed. With the following test data [Start point: (8, 18), End point: (8, 18)]. @15-02-2021 01:32:56.0061 AM
[ReportManager] Element Action [getText] successfully performed. With the following test data [Dropped!]. @15-02-2021 01:32:56.0152 AM
[ReportManager] Checking to see if the text has changed after performing drag and drop... @15-02-2021 01:32:56.0153 AM
[ReportManager] AssertEquals PASSED; Expected [Drop here] and Actual [Dropped!]. Comparison Type [EQUALS]. Validation Type [NEGATIVE]. @15-02-2021 01:32:56.0153 A
[ReportManager] Successfully created attachment [Selenium WebDriver Logs - server] @15-02-2021 01:32:56.0234 AM
[ReportManager] Successfully created attachment [Selenium WebDriver Logs - performance] @15-02-2021 01:32:56.0248 AM
[ReportManager] Successfully created attachment [Selenium WebDriver Logs - driver] @15-02-2021 01:32:56.0329 AM
[ReportManager] Browser Action [closeCurrentWindow] successfully performed. @15-02-2021 01:32:56.0386 AM
[ReportManager] Successfully created attachment [Browser Action Test Data - closeCurrentWindow - Actual Value] @15-02-2021 01:32:56.0386 A
[ReportManager] File Action [getAbsolutePath] successfully performed. With the following test data [Relative Folder Path: "target/downloadedFiles/"]. @15-02-2021 01:32:56.0388 AM
[ReportManager] Attempting to run remotely on: [Linux-64], [GoogleChrome], [http://localhost:4444/wd/hub], Headless Execution. @15-02-2021 01:32:56.0388 AM
[ReportManager] Successfully Opened [GoogleChrome]. @15-02-2021 01:32:56.0630 A

################################################################################################################################################
Starting Execution:	[83 out of 134] test cases in the current suite
Test Method:		[testPackage01.Test_dragAndDrop.dragAndDrop]
Test Description:	[TC001 - Test Drag and Drop function.]
################################################################################################################################################
[ReportManager] Target URL: [http://the-internet.herokuapp.com/drag_and_drop] @15-02-2021 01:32:56.0650 AM
[ReportManager] Initial URL: [data:,] @15-02-2021 01:32:56.0691 AM
[ReportManager] Browser Action [navigateToURL] successfully performed. With the following test data [http://the-internet.herokuapp.com/drag_and_drop]. @15-02-2021 01:32:57.0057 AM
[ReportManager] Attempting Drag and Drop @15-02-2021 01:32:57.0058 AM
[ReportManager] Element Action [dragAndDrop] successfully performed. With the following test data [Start point: (32, 89), End point: (247, 89)]. @15-02-2021 01:32:58.0289 A
[ReportManager] Successfully created attachment [Selenium WebDriver Logs - server] @15-02-2021 01:32:58.0331 AM
[ReportManager] Successfully created attachment [Selenium WebDriver Logs - performance] @15-02-2021 01:32:58.0351 AM
[ReportManager] Successfully created attachment [Selenium WebDriver Logs - browser] @15-02-2021 01:32:58.0357 AM
[ReportManager] Successfully created attachment [Selenium WebDriver Logs - driver] @15-02-2021 01:32:58.0427 AM
[ReportManager] Browser Action [closeCurrentWindow] successfully performed. @15-02-2021 01:32:58.0482 AM
[ReportManager] Successfully created attachment [Browser Action Test Data - closeCurrentWindow - Actual Value] @15-02-2021 01:32:58.0483 A
[ReportManager] File Action [getAbsolutePath] successfully performed. With the following test data [Relative Folder Path: "target/downloadedFiles/"]. @15-02-2021 01:32:58.0485 AM
[ReportManager] Attempting to run remotely on: [Linux-64], [GoogleChrome], [http://localhost:4444/wd/hub], Headless Execution. @15-02-2021 01:32:58.0485 AM
[ReportManager] Successfully Opened [GoogleChrome]. @15-02-2021 01:32:58.0748 A

################################################################################################################################################
Starting Execution:	[84 out of 134] test cases in the current suite
Test Method:		[testPackage01.Test_dragAndDrop.dragAndDropByOffset]
Test Description:	[TC002 - Test Drag and Drop by offset function.]
################################################################################################################################################
[ReportManager] Target URL: [https://jqueryui.com/resources/demos/draggable/default.html] @15-02-2021 01:32:58.0767 AM
[ReportManager] Initial URL: [data:,] @15-02-2021 01:32:58.0806 AM
[ReportManager] Browser Action [navigateToURL] successfully performed. With the following test data [https://jqueryui.com/resources/demos/draggable/default.html]. @15-02-2021 01:32:59.0159 AM
[ReportManager] Element Action [dragAndDropByOffset] successfully performed. With the following test data [Start point: (8, 8), End point: (1008, 108)]. @15-02-2021 01:32:59.0369 A
[ReportManager] Successfully created attachment [Selenium WebDriver Logs - server] @15-02-2021 01:32:59.0411 AM
[ReportManager] Successfully created attachment [Selenium WebDriver Logs - performance] @15-02-2021 01:32:59.0424 AM
[ReportManager] Successfully created attachment [Selenium WebDriver Logs - driver] @15-02-2021 01:32:59.0476 AM
[ReportManager] Browser Action [closeCurrentWindow] successfully performed. @15-02-2021 01:32:59.0533 AM
[ReportManager] Successfully created attachment [Browser Action Test Data - closeCurrentWindow - Actual Value] @15-02-2021 01:32:59.0534 A
[ReportManager] File Action [getAbsolutePath] successfully performed. With the following test data [Relative Folder Path: "target/downloadedFiles/"]. @15-02-2021 01:32:59.0540 AM
[ReportManager] Attempting to run remotely on: [Linux-64], [GoogleChrome], [http://localhost:4444/wd/hub], Headless Execution. @15-02-2021 01:32:59.0541 AM
[ReportManager] Successfully Opened [GoogleChrome]. @15-02-2021 01:32:59.0810 A

################################################################################################################################################
Starting Execution:	[85 out of 134] test cases in the current suite
Test Method:		[testPackage01.Test_verifyEquals.test_assertElementAttribute]
################################################################################################################################################
[ReportManager] Target URL: [https://www.google.com/ncr], and after redirection: [https://www.google.com] @15-02-2021 01:32:59.0835 AM
[ReportManager] Initial URL: [data:,] @15-02-2021 01:32:59.0888 AM
[ReportManager] Browser Action [navigateToURL] successfully performed. With the following test data [https://www.google.com/ncr]. @15-02-2021 01:33:00.0709 AM
[ReportManager] Element Action [type] successfully performed. With the following test data [INC_004010050:Another SCHEDULER with the same name [Duplicate Job Name] already exists.]. @15-02-2021 01:33:02.0991 AM
[ReportManager] Element Action [getText] successfully performed. With the following test data [INC_004010050:Another SCHEDULER with the same name [Duplicate Job Name] already exists.]. @15-02-2021 01:33:03.0142 AM
[ReportManager] Loaded Shared OpenCV @15-02-2021 01:33:03.0317 AM
[ReportManager] VerifyElementAttribute PASSED; Expected [Value Should be 'INC_004010050:Another SCHEDULER with the same name \[Duplicate Job Name\] already exists.' for the 'text' attribute, element locator 'By.name: q'] and Actual [INC_004010050:Another SCHEDULER with the same name [Duplicate Job Name] already exists.]. Comparison Type [MATCHES]. Validation Type [POSITIVE]. @15-02-2021 01:33:03.0402 AM
[ReportManager] Successfully created attachment [Screenshot - 1613352783317_test_assertElementAttribute_VerifyElementAttribute_passed] @15-02-2021 01:33:03.0403 A
[ReportManager] Successfully created attachment [Selenium WebDriver Logs - server] @15-02-2021 01:33:03.0490 AM
[ReportManager] Successfully created attachment [Selenium WebDriver Logs - performance] @15-02-2021 01:33:03.0893 AM
[ReportManager] Successfully created attachment [Selenium WebDriver Logs - driver] @15-02-2021 01:33:04.0252 AM
[ReportManager] Browser Action [closeCurrentWindow] successfully performed. @15-02-2021 01:33:04.0309 AM
[ReportManager] Successfully created attachment [Browser Action Test Data - closeCurrentWindow - Actual Value] @15-02-2021 01:33:04.0310 A

################################################################################################################################################
Starting Execution:	[86 out of 134] test cases in the current suite
Test Method:		[testPackage01.Test_NewValidationActions.f1]
################################################################################################################################################
[ReportManager] Checking valid user data... @15-02-2021 01:33:04.0318 AM
[ReportManager] AssertEquals PASSED; Expected and Actual values are attached. Comparison Type [EQUALS]. Validation Type [POSITIVE]. @15-02-2021 01:33:04.0319 AM
[ReportManager] Successfully created attachment [Validation Test Data - Expected Value] @15-02-2021 01:33:04.0319 AM
[ReportManager] Successfully created attachment [Validation Test Data - Actual Value] @15-02-2021 01:33:04.0319 A
[ReportManager] File Action [getAbsolutePath] successfully performed. With the following test data [Relative Folder Path: "target/downloadedFiles/"]. @15-02-2021 01:33:04.0321 AM
[ReportManager] Attempting to run remotely on: [Linux-64], [GoogleChrome], [http://localhost:4444/wd/hub], Headless Execution. @15-02-2021 01:33:04.0321 AM
[ReportManager] Successfully Opened [GoogleChrome]. @15-02-2021 01:33:04.0537 AM
[ReportManager] Target URL: [https://the-internet.herokuapp.com/] @15-02-2021 01:33:04.0564 AM
[ReportManager] Initial URL: [data:,] @15-02-2021 01:33:04.0605 AM
[ReportManager] Browser Action [navigateToURL] successfully performed. With the following test data [https://the-internet.herokuapp.com/]. @15-02-2021 01:33:04.0986 A

################################################################################################################################################
Starting Execution:	[87 out of 134] test cases in the current suite
Test Method:		[testPackage01.Test_NewValidationActions.f10]
################################################################################################################################################
[ReportManager] AssertElementExists FAILED; Expected [Element Should Exist, locator 'By.tagName: div'] and Actual [Element Exists but is not unique]. Comparison Type [EQUALS]. Validation Type [POSITIVE]. @15-02-2021 01:33:05.0236 AM
[ReportManager] Successfully created attachment [Screenshot - 1613352785170_f10_AssertElementExists_failed] @15-02-2021 01:33:05.0237 A
[ReportManager] Successfully created attachment [Selenium WebDriver Logs - server] @15-02-2021 01:33:05.0252 AM
[ReportManager] Successfully created attachment [Selenium WebDriver Logs - performance] @15-02-2021 01:33:05.0273 AM
[ReportManager] Successfully created attachment [Selenium WebDriver Logs - browser] @15-02-2021 01:33:05.0279 AM
[ReportManager] Successfully created attachment [Selenium WebDriver Logs - driver] @15-02-2021 01:33:05.0330 AM
[ReportManager] Successfully Closed All Browsers. @15-02-2021 01:33:05.0407 A
[ReportManager] File Action [getAbsolutePath] successfully performed. With the following test data [Relative Folder Path: "target/downloadedFiles/"]. @15-02-2021 01:33:05.0409 AM
[ReportManager] Attempting to run remotely on: [Linux-64], [GoogleChrome], [http://localhost:4444/wd/hub], Headless Execution. @15-02-2021 01:33:05.0409 AM
[ReportManager] Successfully Opened [GoogleChrome]. @15-02-2021 01:33:05.0626 AM
[ReportManager] Target URL: [https://the-internet.herokuapp.com/] @15-02-2021 01:33:05.0667 AM
[ReportManager] Initial URL: [data:,] @15-02-2021 01:33:05.0734 AM
[ReportManager] Browser Action [navigateToURL] successfully performed. With the following test data [https://the-internet.herokuapp.com/]. @15-02-2021 01:33:06.0119 A

################################################################################################################################################
Starting Execution:	[88 out of 134] test cases in the current suite
Test Method:		[testPackage01.Test_NewValidationActions.f11]
################################################################################################################################################
[ReportManager] Checking that false tag doesn't exist... @15-02-2021 01:33:06.0139 AM
[ReportManager] AssertElementExists PASSED; Expected [Element Should not Exist, locator 'By.tagName: h3'] and Actual [Element Doesn't Exists]. Comparison Type [EQUALS]. Validation Type [NEGATIVE]. @15-02-2021 01:33:06.0402 AM
[ReportManager] Successfully created attachment [Screenshot - 1613352786337_f11_AssertElementExists_passed] @15-02-2021 01:33:06.0402 A
[ReportManager] Successfully created attachment [Selenium WebDriver Logs - server] @15-02-2021 01:33:06.0416 AM
[ReportManager] Successfully created attachment [Selenium WebDriver Logs - performance] @15-02-2021 01:33:06.0435 AM
[ReportManager] Successfully created attachment [Selenium WebDriver Logs - browser] @15-02-2021 01:33:06.0440 AM
[ReportManager] Successfully created attachment [Selenium WebDriver Logs - driver] @15-02-2021 01:33:06.0498 AM
[ReportManager] Successfully Closed All Browsers. @15-02-2021 01:33:06.0572 A
[ReportManager] File Action [getAbsolutePath] successfully performed. With the following test data [Relative Folder Path: "target/downloadedFiles/"]. @15-02-2021 01:33:06.0575 AM
[ReportManager] Attempting to run remotely on: [Linux-64], [GoogleChrome], [http://localhost:4444/wd/hub], Headless Execution. @15-02-2021 01:33:06.0575 AM
[ReportManager] Successfully Opened [GoogleChrome]. @15-02-2021 01:33:06.0773 AM
[ReportManager] Target URL: [https://the-internet.herokuapp.com/] @15-02-2021 01:33:06.0788 AM
[ReportManager] Initial URL: [data:,] @15-02-2021 01:33:06.0835 AM
[ReportManager] Browser Action [navigateToURL] successfully performed. With the following test data [https://the-internet.herokuapp.com/]. @15-02-2021 01:33:07.0207 A

################################################################################################################################################
Starting Execution:	[89 out of 134] test cases in the current suite
Test Method:		[testPackage01.Test_NewValidationActions.f12]
################################################################################################################################################
[ReportManager] Loaded Shared OpenCV @15-02-2021 01:33:07.0403 AM
[ReportManager] AssertElementExists FAILED; Expected [Element Should not Exist, locator 'By.tagName: h1'] and Actual [Element Exists]. Comparison Type [EQUALS]. Validation Type [NEGATIVE]. @15-02-2021 01:33:07.0484 AM
[ReportManager] Successfully created attachment [Screenshot - 1613352787403_f12_AssertElementExists_failed] @15-02-2021 01:33:07.0485 A
[ReportManager] Successfully created attachment [Selenium WebDriver Logs - server] @15-02-2021 01:33:07.0499 AM
[ReportManager] Successfully created attachment [Selenium WebDriver Logs - performance] @15-02-2021 01:33:07.0517 AM
[ReportManager] Successfully created attachment [Selenium WebDriver Logs - browser] @15-02-2021 01:33:07.0523 AM
[ReportManager] Successfully created attachment [Selenium WebDriver Logs - driver] @15-02-2021 01:33:07.0574 AM
[ReportManager] Successfully Closed All Browsers. @15-02-2021 01:33:07.0641 A
[ReportManager] File Action [getAbsolutePath] successfully performed. With the following test data [Relative Folder Path: "target/downloadedFiles/"]. @15-02-2021 01:33:07.0645 AM
[ReportManager] Attempting to run remotely on: [Linux-64], [GoogleChrome], [http://localhost:4444/wd/hub], Headless Execution. @15-02-2021 01:33:07.0645 AM
[ReportManager] Successfully Opened [GoogleChrome]. @15-02-2021 01:33:07.0849 AM
[ReportManager] Target URL: [https://the-internet.herokuapp.com/] @15-02-2021 01:33:07.0859 AM
[ReportManager] Initial URL: [data:,] @15-02-2021 01:33:07.0900 AM
[ReportManager] Browser Action [navigateToURL] successfully performed. With the following test data [https://the-internet.herokuapp.com/]. @15-02-2021 01:33:08.0287 A

################################################################################################################################################
Starting Execution:	[90 out of 134] test cases in the current suite
Test Method:		[testPackage01.Test_NewValidationActions.f13]
################################################################################################################################################
[ReportManager] AssertElementExists FAILED; Expected [Element Should not Exist, locator 'By.tagName: div'] and Actual [Element Exists but is not unique]. Comparison Type [EQUALS]. Validation Type [NEGATIVE]. @15-02-2021 01:33:08.0533 AM
[ReportManager] Successfully created attachment [Screenshot - 1613352788469_f13_AssertElementExists_failed] @15-02-2021 01:33:08.0534 A
[ReportManager] Successfully created attachment [Selenium WebDriver Logs - server] @15-02-2021 01:33:08.0547 AM
[ReportManager] Successfully created attachment [Selenium WebDriver Logs - performance] @15-02-2021 01:33:08.0569 AM
[ReportManager] Successfully created attachment [Selenium WebDriver Logs - browser] @15-02-2021 01:33:08.0575 AM
[ReportManager] Successfully created attachment [Selenium WebDriver Logs - driver] @15-02-2021 01:33:08.0627 AM
[ReportManager] Successfully Closed All Browsers. @15-02-2021 01:33:08.0702 A
[ReportManager] File Action [getAbsolutePath] successfully performed. With the following test data [Relative Folder Path: "target/downloadedFiles/"]. @15-02-2021 01:33:08.0705 AM
[ReportManager] Attempting to run remotely on: [Linux-64], [GoogleChrome], [http://localhost:4444/wd/hub], Headless Execution. @15-02-2021 01:33:08.0705 AM
[ReportManager] Successfully Opened [GoogleChrome]. @15-02-2021 01:33:08.0924 AM
[ReportManager] Target URL: [https://the-internet.herokuapp.com/] @15-02-2021 01:33:08.0934 AM
[ReportManager] Initial URL: [data:,] @15-02-2021 01:33:08.0978 AM
[ReportManager] Browser Action [navigateToURL] successfully performed. With the following test data [https://the-internet.herokuapp.com/]. @15-02-2021 01:33:09.0411 A

################################################################################################################################################
Starting Execution:	[91 out of 134] test cases in the current suite
Test Method:		[testPackage01.Test_NewValidationActions.f14]
################################################################################################################################################
[ReportManager] Asserting that the header text is correct... @15-02-2021 01:33:09.0415 AM
[ReportManager] Element Action [getText] successfully performed. With the following test data [Welcome to the-internet]. @15-02-2021 01:33:09.0512 AM
[ReportManager] Loaded Shared OpenCV @15-02-2021 01:33:09.0655 AM
[ReportManager] AssertElementAttribute PASSED; Expected [Value Should be 'Welcome to the-internet' for the 'text' attribute, element locator 'By.tagName: h1'] and Actual [Welcome to the-internet]. Comparison Type [EQUALS]. Validation Type [POSITIVE]. @15-02-2021 01:33:09.0738 AM
[ReportManager] Successfully created attachment [Screenshot - 1613352789654_f14_AssertElementAttribute_passed] @15-02-2021 01:33:09.0739 A
[ReportManager] Successfully created attachment [Selenium WebDriver Logs - server] @15-02-2021 01:33:09.0757 AM
[ReportManager] Successfully created attachment [Selenium WebDriver Logs - performance] @15-02-2021 01:33:09.0790 AM
[ReportManager] Successfully created attachment [Selenium WebDriver Logs - browser] @15-02-2021 01:33:09.0796 AM
[ReportManager] Successfully created attachment [Selenium WebDriver Logs - driver] @15-02-2021 01:33:09.0850 AM
[ReportManager] Successfully Closed All Browsers. @15-02-2021 01:33:09.0925 A
[ReportManager] File Action [getAbsolutePath] successfully performed. With the following test data [Relative Folder Path: "target/downloadedFiles/"]. @15-02-2021 01:33:09.0926 AM
[ReportManager] Attempting to run remotely on: [Linux-64], [GoogleChrome], [http://localhost:4444/wd/hub], Headless Execution. @15-02-2021 01:33:09.0927 AM
[ReportManager] Successfully Opened [GoogleChrome]. @15-02-2021 01:33:10.0133 AM
[ReportManager] Target URL: [https://the-internet.herokuapp.com/] @15-02-2021 01:33:10.0143 AM
[ReportManager] Initial URL: [data:,] @15-02-2021 01:33:10.0190 AM
[ReportManager] Browser Action [navigateToURL] successfully performed. With the following test data [https://the-internet.herokuapp.com/]. @15-02-2021 01:33:10.0600 A

################################################################################################################################################
Starting Execution:	[92 out of 134] test cases in the current suite
Test Method:		[testPackage01.Test_NewValidationActions.f15]
################################################################################################################################################
[ReportManager] Element Action [getText] successfully performed. With the following test data [Welcome to the-internet]. @15-02-2021 01:33:10.0696 AM
[ReportManager] Loaded Shared OpenCV @15-02-2021 01:33:10.0852 AM
[ReportManager] AssertElementAttribute FAILED; Expected [Value Should not be 'Welcome' for the 'text' attribute, element locator 'By.tagName: h1'] and Actual [Welcome to the-internet]. Comparison Type [CONTAINS]. Validation Type [NEGATIVE]. @15-02-2021 01:33:10.0935 AM
[ReportManager] Successfully created attachment [Screenshot - 1613352790852_f15_AssertElementAttribute_failed] @15-02-2021 01:33:10.0936 A
[ReportManager] Successfully created attachment [Selenium WebDriver Logs - server] @15-02-2021 01:33:10.0948 AM
[ReportManager] Successfully created attachment [Selenium WebDriver Logs - performance] @15-02-2021 01:33:10.0967 AM
[ReportManager] Successfully created attachment [Selenium WebDriver Logs - browser] @15-02-2021 01:33:10.0973 AM
[ReportManager] Successfully created attachment [Selenium WebDriver Logs - driver] @15-02-2021 01:33:11.0031 AM
[ReportManager] Successfully Closed All Browsers. @15-02-2021 01:33:11.0114 A
[ReportManager] File Action [getAbsolutePath] successfully performed. With the following test data [Relative Folder Path: "target/downloadedFiles/"]. @15-02-2021 01:33:11.0116 AM
[ReportManager] Attempting to run remotely on: [Linux-64], [GoogleChrome], [http://localhost:4444/wd/hub], Headless Execution. @15-02-2021 01:33:11.0116 AM
[ReportManager] Successfully Opened [GoogleChrome]. @15-02-2021 01:33:11.0324 AM
[ReportManager] Target URL: [https://the-internet.herokuapp.com/] @15-02-2021 01:33:11.0336 AM
[ReportManager] Initial URL: [data:,] @15-02-2021 01:33:11.0376 AM
[ReportManager] Browser Action [navigateToURL] successfully performed. With the following test data [https://the-internet.herokuapp.com/]. @15-02-2021 01:33:11.0736 A

################################################################################################################################################
Starting Execution:	[93 out of 134] test cases in the current suite
Test Method:		[testPackage01.Test_NewValidationActions.f16]
################################################################################################################################################
[ReportManager] Element Action [identifyUniqueElement] failed. With the following test data [zero elements found matching this locator "By.tagName: h3".]. @15-02-2021 01:33:11.0934 AM
[ReportManager] Successfully created attachment [Screenshot - 1613352791869_f16_identifyUniqueElement_failed] @15-02-2021 01:33:11.0934 AM
[ReportManager] AssertElementAttribute FAILED; Expected [Value Should not be 'Welcome' for the 'text' attribute, element locator 'By.tagName: h3'] and Actual [Failed to read the desired element attribute]. Comparison Type [CONTAINS]. Validation Type [NEGATIVE]. @15-02-2021 01:33:11.0935 A
[ReportManager] Successfully created attachment [Selenium WebDriver Logs - server] @15-02-2021 01:33:11.0945 AM
[ReportManager] Successfully created attachment [Selenium WebDriver Logs - performance] @15-02-2021 01:33:11.0964 AM
[ReportManager] Successfully created attachment [Selenium WebDriver Logs - browser] @15-02-2021 01:33:11.0970 AM
[ReportManager] Successfully created attachment [Selenium WebDriver Logs - driver] @15-02-2021 01:33:12.0028 AM
[ReportManager] Successfully Closed All Browsers. @15-02-2021 01:33:12.0123 A
[ReportManager] File Action [getAbsolutePath] successfully performed. With the following test data [Relative Folder Path: "target/downloadedFiles/"]. @15-02-2021 01:33:12.0124 AM
[ReportManager] Attempting to run remotely on: [Linux-64], [GoogleChrome], [http://localhost:4444/wd/hub], Headless Execution. @15-02-2021 01:33:12.0124 AM
[ReportManager] Successfully Opened [GoogleChrome]. @15-02-2021 01:33:12.0390 AM
[ReportManager] Target URL: [https://the-internet.herokuapp.com/] @15-02-2021 01:33:12.0402 AM
[ReportManager] Initial URL: [data:,] @15-02-2021 01:33:12.0445 AM
[ReportManager] Browser Action [navigateToURL] successfully performed. With the following test data [https://the-internet.herokuapp.com/]. @15-02-2021 01:33:12.0883 A

################################################################################################################################################
Starting Execution:	[94 out of 134] test cases in the current suite
Test Method:		[testPackage01.Test_NewValidationActions.f17]
################################################################################################################################################
[ReportManager] Attempting to getAttribute [text2] from elementLocator [By.tagName: h1]. @15-02-2021 01:33:12.0886 AM
[ReportManager] Element Action [getAttribute] successfully performed. @15-02-2021 01:33:12.0988 AM
[ReportManager] Loaded Shared OpenCV @15-02-2021 01:33:13.0138 AM
[ReportManager] AssertElementAttribute PASSED; Expected [Value Should not be 'Welcome' for the 'text2' attribute, element locator 'By.tagName: h1'] and Actual [null]. Comparison Type [CONTAINS]. Validation Type [NEGATIVE]. @15-02-2021 01:33:13.0223 AM
[ReportManager] Successfully created attachment [Screenshot - 1613352793138_f17_AssertElementAttribute_passed] @15-02-2021 01:33:13.0224 A
[ReportManager] Successfully created attachment [Selenium WebDriver Logs - server] @15-02-2021 01:33:13.0235 AM
[ReportManager] Successfully created attachment [Selenium WebDriver Logs - performance] @15-02-2021 01:33:13.0254 AM
[ReportManager] Successfully created attachment [Selenium WebDriver Logs - browser] @15-02-2021 01:33:13.0260 AM
[ReportManager] Successfully created attachment [Selenium WebDriver Logs - driver] @15-02-2021 01:33:13.0316 AM
[ReportManager] Successfully Closed All Browsers. @15-02-2021 01:33:13.0395 A
[ReportManager] File Action [getAbsolutePath] successfully performed. With the following test data [Relative Folder Path: "target/downloadedFiles/"]. @15-02-2021 01:33:13.0396 AM
[ReportManager] Attempting to run remotely on: [Linux-64], [GoogleChrome], [http://localhost:4444/wd/hub], Headless Execution. @15-02-2021 01:33:13.0396 AM
[ReportManager] Successfully Opened [GoogleChrome]. @15-02-2021 01:33:13.0601 AM
[ReportManager] Target URL: [https://the-internet.herokuapp.com/] @15-02-2021 01:33:13.0619 AM
[ReportManager] Initial URL: [data:,] @15-02-2021 01:33:13.0663 AM
[ReportManager] Browser Action [navigateToURL] successfully performed. With the following test data [https://the-internet.herokuapp.com/]. @15-02-2021 01:33:14.0016 A

################################################################################################################################################
Starting Execution:	[95 out of 134] test cases in the current suite
Test Method:		[testPackage01.Test_NewValidationActions.f18]
################################################################################################################################################
[ReportManager] Element Action [getText] successfully performed. With the following test data [Welcome to the-internet]. @15-02-2021 01:33:14.0111 AM
[ReportManager] Loaded Shared OpenCV @15-02-2021 01:33:14.0253 AM
[ReportManager] AssertElementAttribute PASSED; Expected [Value Should not be 'no' for the 'text' attribute, element locator 'By.tagName: h1'] and Actual [Welcome to the-internet]. Comparison Type [CONTAINS]. Validation Type [NEGATIVE]. @15-02-2021 01:33:14.0335 AM
[ReportManager] Successfully created attachment [Screenshot - 1613352794253_f18_AssertElementAttribute_passed] @15-02-2021 01:33:14.0336 A
[ReportManager] Successfully created attachment [Selenium WebDriver Logs - server] @15-02-2021 01:33:14.0349 AM
[ReportManager] Successfully created attachment [Selenium WebDriver Logs - performance] @15-02-2021 01:33:14.0369 AM
[ReportManager] Successfully created attachment [Selenium WebDriver Logs - browser] @15-02-2021 01:33:14.0376 AM
[ReportManager] Successfully created attachment [Selenium WebDriver Logs - driver] @15-02-2021 01:33:14.0439 AM
[ReportManager] Successfully Closed All Browsers. @15-02-2021 01:33:14.0514 A
[ReportManager] File Action [getAbsolutePath] successfully performed. With the following test data [Relative Folder Path: "target/downloadedFiles/"]. @15-02-2021 01:33:14.0516 AM
[ReportManager] Attempting to run remotely on: [Linux-64], [GoogleChrome], [http://localhost:4444/wd/hub], Headless Execution. @15-02-2021 01:33:14.0516 AM
[ReportManager] Successfully Opened [GoogleChrome]. @15-02-2021 01:33:14.0706 AM
[ReportManager] Target URL: [https://the-internet.herokuapp.com/] @15-02-2021 01:33:14.0726 AM
[ReportManager] Initial URL: [data:,] @15-02-2021 01:33:14.0773 AM
[ReportManager] Browser Action [navigateToURL] successfully performed. With the following test data [https://the-internet.herokuapp.com/]. @15-02-2021 01:33:15.0115 A

################################################################################################################################################
Starting Execution:	[96 out of 134] test cases in the current suite
Test Method:		[testPackage01.Test_NewValidationActions.f19]
################################################################################################################################################
[ReportManager] Element Action [getTagName] successfully performed. With the following test data [h1]. @15-02-2021 01:33:15.0223 AM
[ReportManager] Loaded Shared OpenCV @15-02-2021 01:33:15.0368 AM
[ReportManager] AssertElementAttribute PASSED; Expected [Value Should be 'h' for the 'tagname' attribute, element locator 'By.tagName: h1'] and Actual [h1]. Comparison Type [CONTAINS]. Validation Type [POSITIVE]. @15-02-2021 01:33:15.0452 AM
[ReportManager] Successfully created attachment [Screenshot - 1613352795368_f19_AssertElementAttribute_passed] @15-02-2021 01:33:15.0453 A
[ReportManager] Successfully created attachment [Selenium WebDriver Logs - server] @15-02-2021 01:33:15.0463 AM
[ReportManager] Successfully created attachment [Selenium WebDriver Logs - performance] @15-02-2021 01:33:15.0482 AM
[ReportManager] Successfully created attachment [Selenium WebDriver Logs - browser] @15-02-2021 01:33:15.0488 AM
[ReportManager] Successfully created attachment [Selenium WebDriver Logs - driver] @15-02-2021 01:33:15.0539 AM
[ReportManager] Successfully Closed All Browsers. @15-02-2021 01:33:15.0617 A

################################################################################################################################################
Starting Execution:	[97 out of 134] test cases in the current suite
Test Method:		[testPackage01.Test_NewValidationActions.f2]
################################################################################################################################################
[ReportManager] Checking valid user data... @15-02-2021 01:33:15.0630 AM
[ReportManager] AssertEquals FAILED; Expected [1] and Actual [2]. Comparison Type [EQUALS]. Validation Type [POSITIVE]. @15-02-2021 01:33:15.0630 A
[ReportManager] File Action [getAbsolutePath] successfully performed. With the following test data [Relative Folder Path: "target/downloadedFiles/"]. @15-02-2021 01:33:15.0636 AM
[ReportManager] Attempting to run remotely on: [Linux-64], [GoogleChrome], [http://localhost:4444/wd/hub], Headless Execution. @15-02-2021 01:33:15.0637 AM
[ReportManager] Successfully Opened [GoogleChrome]. @15-02-2021 01:33:15.0842 AM
[ReportManager] Target URL: [https://the-internet.herokuapp.com/] @15-02-2021 01:33:15.0867 AM
[ReportManager] Initial URL: [data:,] @15-02-2021 01:33:15.0908 AM
[ReportManager] Browser Action [navigateToURL] successfully performed. With the following test data [https://the-internet.herokuapp.com/]. @15-02-2021 01:33:16.0314 A

################################################################################################################################################
Starting Execution:	[98 out of 134] test cases in the current suite
Test Method:		[testPackage01.Test_NewValidationActions.f20]
################################################################################################################################################
[ReportManager] Element Action [getSize] successfully performed. With the following test data [(755, 61)]. @15-02-2021 01:33:16.0414 AM
[ReportManager] Loaded Shared OpenCV @15-02-2021 01:33:16.0553 AM
[ReportManager] AssertElementAttribute PASSED; Expected [Value Should not be 'a' for the 'size' attribute, element locator 'By.tagName: h1'] and Actual [(755, 61)]. Comparison Type [CONTAINS]. Validation Type [NEGATIVE]. @15-02-2021 01:33:16.0635 AM
[ReportManager] Successfully created attachment [Screenshot - 1613352796552_f20_AssertElementAttribute_passed] @15-02-2021 01:33:16.0636 A
[ReportManager] Successfully created attachment [Selenium WebDriver Logs - server] @15-02-2021 01:33:16.0649 AM
[ReportManager] Successfully created attachment [Selenium WebDriver Logs - performance] @15-02-2021 01:33:16.0670 AM
[ReportManager] Successfully created attachment [Selenium WebDriver Logs - browser] @15-02-2021 01:33:16.0679 AM
[ReportManager] Successfully created attachment [Selenium WebDriver Logs - driver] @15-02-2021 01:33:16.0736 AM
[ReportManager] Successfully Closed All Browsers. @15-02-2021 01:33:16.0811 A
[ReportManager] File Action [getAbsolutePath] successfully performed. With the following test data [Relative Folder Path: "target/downloadedFiles/"]. @15-02-2021 01:33:16.0814 AM
[ReportManager] Attempting to run remotely on: [Linux-64], [GoogleChrome], [http://localhost:4444/wd/hub], Headless Execution. @15-02-2021 01:33:16.0814 AM
[ReportManager] Successfully Opened [GoogleChrome]. @15-02-2021 01:33:17.0050 AM
[ReportManager] Target URL: [https://the-internet.herokuapp.com/] @15-02-2021 01:33:17.0060 AM
[ReportManager] Initial URL: [data:,] @15-02-2021 01:33:17.0101 AM
[ReportManager] Browser Action [navigateToURL] successfully performed. With the following test data [https://the-internet.herokuapp.com/]. @15-02-2021 01:33:17.0496 A

################################################################################################################################################
Starting Execution:	[99 out of 134] test cases in the current suite
Test Method:		[testPackage01.Test_NewValidationActions.f21]
################################################################################################################################################
[ReportManager] Element Action [identifyUniqueElement] failed. With the following test data [zero elements found matching this locator "By.tagName: h3".]. @15-02-2021 01:33:17.0710 AM
[ReportManager] Successfully created attachment [Screenshot - 1613352797638_f21_identifyUniqueElement_failed] @15-02-2021 01:33:17.0710 AM
[ReportManager] AssertElementAttribute FAILED; Expected [Value Should be 'Welcome' for the 'text' attribute, element locator 'By.tagName: h3'] and Actual [Failed to read the desired element attribute]. Comparison Type [CONTAINS]. Validation Type [POSITIVE]. @15-02-2021 01:33:17.0711 A
[ReportManager] Successfully created attachment [Selenium WebDriver Logs - server] @15-02-2021 01:33:17.0722 AM
[ReportManager] Successfully created attachment [Selenium WebDriver Logs - performance] @15-02-2021 01:33:17.0740 AM
[ReportManager] Successfully created attachment [Selenium WebDriver Logs - browser] @15-02-2021 01:33:17.0746 AM
[ReportManager] Successfully created attachment [Selenium WebDriver Logs - driver] @15-02-2021 01:33:17.0794 AM
[ReportManager] Successfully Closed All Browsers. @15-02-2021 01:33:17.0868 A
[ReportManager] File Action [getAbsolutePath] successfully performed. With the following test data [Relative Folder Path: "target/downloadedFiles/"]. @15-02-2021 01:33:17.0870 AM
[ReportManager] Attempting to run remotely on: [Linux-64], [GoogleChrome], [http://localhost:4444/wd/hub], Headless Execution. @15-02-2021 01:33:17.0870 AM
[ReportManager] Successfully Opened [GoogleChrome]. @15-02-2021 01:33:18.0093 AM
[ReportManager] Target URL: [https://the-internet.herokuapp.com/] @15-02-2021 01:33:18.0104 AM
[ReportManager] Initial URL: [data:,] @15-02-2021 01:33:18.0143 AM
[ReportManager] Browser Action [navigateToURL] successfully performed. With the following test data [https://the-internet.herokuapp.com/]. @15-02-2021 01:33:18.0598 A

################################################################################################################################################
Starting Execution:	[100 out of 134] test cases in the current suite
Test Method:		[testPackage01.Test_NewValidationActions.f22]
################################################################################################################################################
[ReportManager] Element Action [getText] successfully performed. With the following test data [Welcome to the-internet]. @15-02-2021 01:33:18.0701 AM
[ReportManager] Loaded Shared OpenCV @15-02-2021 01:33:18.0851 AM
[ReportManager] AssertElementAttribute FAILED; Expected [Value Should be 'yyy' for the 'text' attribute, element locator 'By.tagName: h1'] and Actual [Welcome to the-internet]. Comparison Type [CONTAINS]. Validation Type [POSITIVE]. @15-02-2021 01:33:18.0935 AM
[ReportManager] Successfully created attachment [Screenshot - 1613352798851_f22_AssertElementAttribute_failed] @15-02-2021 01:33:18.0936 A
[ReportManager] Successfully created attachment [Selenium WebDriver Logs - server] @15-02-2021 01:33:18.0948 AM
[ReportManager] Successfully created attachment [Selenium WebDriver Logs - performance] @15-02-2021 01:33:18.0967 AM
[ReportManager] Successfully created attachment [Selenium WebDriver Logs - browser] @15-02-2021 01:33:18.0973 AM
[ReportManager] Successfully created attachment [Selenium WebDriver Logs - driver] @15-02-2021 01:33:19.0028 AM
[ReportManager] Successfully Closed All Browsers. @15-02-2021 01:33:19.0102 A

################################################################################################################################################
Starting Execution:	[101 out of 134] test cases in the current suite
Test Method:		[testPackage01.Test_NewValidationActions.f23]
################################################################################################################################################
[ReportManager] confirming that the actual is greater than or equal to the expected... @15-02-2021 01:33:19.0106 AM
[ReportManager] AssertComparativeRelation PASSED; Expected [1] and Actual [1]. Comparison Type [GREATER_THAN_OR_EQUALS]. Validation Type [POSITIVE]. @15-02-2021 01:33:19.0107 A

################################################################################################################################################
Starting Execution:	[102 out of 134] test cases in the current suite
Test Method:		[testPackage01.Test_NewValidationActions.f24]
################################################################################################################################################
[ReportManager] AssertComparativeRelation PASSED; Expected [1] and Actual [10]. Comparison Type [GREATER_THAN_OR_EQUALS]. Validation Type [POSITIVE]. @15-02-2021 01:33:19.0111 A

################################################################################################################################################
Starting Execution:	[103 out of 134] test cases in the current suite
Test Method:		[testPackage01.Test_NewValidationActions.f25]
################################################################################################################################################
[ReportManager] AssertComparativeRelation PASSED; Expected [1] and Actual [1]. Comparison Type [EQUALS]. Validation Type [POSITIVE]. @15-02-2021 01:33:19.0114 A

################################################################################################################################################
Starting Execution:	[104 out of 134] test cases in the current suite
Test Method:		[testPackage01.Test_NewValidationActions.f26]
################################################################################################################################################
[ReportManager] AssertComparativeRelation PASSED; Expected [1] and Actual [5]. Comparison Type [GREATER_THAN]. Validation Type [POSITIVE]. @15-02-2021 01:33:19.0119 A

################################################################################################################################################
Starting Execution:	[105 out of 134] test cases in the current suite
Test Method:		[testPackage01.Test_NewValidationActions.f27]
################################################################################################################################################
[ReportManager] AssertComparativeRelation PASSED; Expected [11] and Actual [5]. Comparison Type [LESS_THAN]. Validation Type [POSITIVE]. @15-02-2021 01:33:19.0121 A

################################################################################################################################################
Starting Execution:	[106 out of 134] test cases in the current suite
Test Method:		[testPackage01.Test_NewValidationActions.f28]
################################################################################################################################################
[ReportManager] AssertComparativeRelation PASSED; Expected [11] and Actual [5]. Comparison Type [LESS_THAN_OR_EQUALS]. Validation Type [POSITIVE]. @15-02-2021 01:33:19.0124 A

################################################################################################################################################
Starting Execution:	[107 out of 134] test cases in the current suite
Test Method:		[testPackage01.Test_NewValidationActions.f29]
################################################################################################################################################
[ReportManager] AssertComparativeRelation PASSED; Expected [11] and Actual [11]. Comparison Type [LESS_THAN_OR_EQUALS]. Validation Type [POSITIVE]. @15-02-2021 01:33:19.0126 A

################################################################################################################################################
Starting Execution:	[108 out of 134] test cases in the current suite
Test Method:		[testPackage01.Test_NewValidationActions.f3]
################################################################################################################################################
[ReportManager] AssertEquals PASSED; Expected [1] and Actual [2]. Comparison Type [EQUALS]. Validation Type [NEGATIVE]. @15-02-2021 01:33:19.0129 A

################################################################################################################################################
Starting Execution:	[109 out of 134] test cases in the current suite
Test Method:		[testPackage01.Test_NewValidationActions.f30]
################################################################################################################################################
[ReportManager] AssertComparativeRelation FAILED; Expected [-9] and Actual [11]. Comparison Type [LESS_THAN_OR_EQUALS]. Validation Type [POSITIVE]. @15-02-2021 01:33:19.0131 A

################################################################################################################################################
Starting Execution:	[110 out of 134] test cases in the current suite
Test Method:		[testPackage01.Test_NewValidationActions.f31]
################################################################################################################################################
[ReportManager] AssertTrue PASSED; Expected [TRUE] and Actual [TRUE]. Validation Type [POSITIVE]. @15-02-2021 01:33:19.0133 A

################################################################################################################################################
Starting Execution:	[111 out of 134] test cases in the current suite
Test Method:		[testPackage01.Test_NewValidationActions.f32]
################################################################################################################################################
[ReportManager] AssertTrue PASSED; Expected [FALSE] and Actual [FALSE]. Validation Type [NEGATIVE]. @15-02-2021 01:33:19.0135 A

################################################################################################################################################
Starting Execution:	[112 out of 134] test cases in the current suite
Test Method:		[testPackage01.Test_NewValidationActions.f33]
################################################################################################################################################
[ReportManager] AssertTrue FAILED; Expected [FALSE] and Actual [TRUE]. Validation Type [NEGATIVE]. @15-02-2021 01:33:19.0148 A

################################################################################################################################################
Starting Execution:	[113 out of 134] test cases in the current suite
Test Method:		[testPackage01.Test_NewValidationActions.f34]
################################################################################################################################################
[ReportManager] AssertTrue FAILED; Expected [TRUE] and Actual [FALSE]. Validation Type [POSITIVE]. @15-02-2021 01:33:19.0157 A

################################################################################################################################################
Starting Execution:	[114 out of 134] test cases in the current suite
Test Method:		[testPackage01.Test_NewValidationActions.f35]
################################################################################################################################################
[ReportManager] File Action [doesFileExist] successfully performed. With the following test data [File Path: "pom.xml"]. @15-02-2021 01:33:19.0160 AM
[ReportManager] AssertFileExists PASSED; Expected [File 'pom.xml' should exist, after up to '1' retries] and Actual [File exists]. Validation Type [POSITIVE]. @15-02-2021 01:33:19.0160 A

################################################################################################################################################
Starting Execution:	[115 out of 134] test cases in the current suite
Test Method:		[testPackage01.Test_NewValidationActions.f36]
################################################################################################################################################
[ReportManager] File Action [doesFileExist] successfully performed. With the following test data [File Path: "src/test/java/testPackage01/Test_NewValidationActions.java"]. @15-02-2021 01:33:19.0164 AM
[ReportManager] AssertFileExists PASSED; Expected [File 'src/test/java/testPackage01/Test_NewValidationActions.java' should exist, after up to '1' retries] and Actual [File exists]. Validation Type [POSITIVE]. @15-02-2021 01:33:19.0164 A

################################################################################################################################################
Starting Execution:	[116 out of 134] test cases in the current suite
Test Method:		[testPackage01.Test_NewValidationActions.f37]
################################################################################################################################################
[ReportManager] confirming that the file does't exist after 5 retries... @15-02-2021 01:33:19.0167 AM
[ReportManager] File Action [doesFileExist] successfully performed. With the following test data [File Path: "pom.xml"]. @15-02-2021 01:33:19.0168 AM
[ReportManager] AssertFileExists FAILED; Expected [File 'pom.xml' should not exist, after up to '5' retries] and Actual [File exists]. Validation Type [NEGATIVE]. @15-02-2021 01:33:19.0168 A

################################################################################################################################################
Starting Execution:	[117 out of 134] test cases in the current suite
Test Method:		[testPackage01.Test_NewValidationActions.f3_1]
################################################################################################################################################
[ReportManager] Checking valid user data... @15-02-2021 01:33:19.0171 AM
[ReportManager] AssertEquals PASSED; Expected [null] and Actual [null]. Comparison Type [EQUALS]. Validation Type [POSITIVE]. @15-02-2021 01:33:19.0171 A

################################################################################################################################################
Starting Execution:	[118 out of 134] test cases in the current suite
Test Method:		[testPackage01.Test_NewValidationActions.f4]
################################################################################################################################################
[ReportManager] AssertEquals PASSED; Expected [1] and Actual [123]. Comparison Type [CONTAINS]. Validation Type [POSITIVE]. @15-02-2021 01:33:19.0175 A

################################################################################################################################################
Starting Execution:	[119 out of 134] test cases in the current suite
Test Method:		[testPackage01.Test_NewValidationActions.f5]
################################################################################################################################################
[ReportManager] AssertNull PASSED; Expected [NULL] and Actual [1]. Comparison Type [EQUALS]. Validation Type [NEGATIVE]. @15-02-2021 01:33:19.0177 A

################################################################################################################################################
Starting Execution:	[120 out of 134] test cases in the current suite
Test Method:		[testPackage01.Test_NewValidationActions.f6]
################################################################################################################################################
[ReportManager] Making sure that null string is not equal to null object... @15-02-2021 01:33:19.0180 AM
[ReportManager] AssertNull FAILED; Expected [NULL] and Actual [NULL]. Comparison Type [EQUALS]. Validation Type [POSITIVE]. @15-02-2021 01:33:19.0180 A

################################################################################################################################################
Starting Execution:	[121 out of 134] test cases in the current suite
Test Method:		[testPackage01.Test_NewValidationActions.f6_1]
################################################################################################################################################
[ReportManager] AssertNull FAILED; Expected [NULL] and Actual [NULL]. Comparison Type [EQUALS]. Validation Type [NEGATIVE]. @15-02-2021 01:33:19.0184 A

################################################################################################################################################
Starting Execution:	[122 out of 134] test cases in the current suite
Test Method:		[testPackage01.Test_NewValidationActions.f6_2]
################################################################################################################################################
[ReportManager] Making sure that null string is not equal to null object... @15-02-2021 01:33:19.0187 AM
[ReportManager] AssertNull FAILED; Expected [NULL] and Actual [not null]. Comparison Type [EQUALS]. Validation Type [POSITIVE]. @15-02-2021 01:33:19.0187 A

################################################################################################################################################
Starting Execution:	[123 out of 134] test cases in the current suite
Test Method:		[testPackage01.Test_NewValidationActions.f7]
################################################################################################################################################
[ReportManager] AssertNull PASSED; Expected [NULL] and Actual [NULL]. Comparison Type [EQUALS]. Validation Type [POSITIVE]. @15-02-2021 01:33:19.0190 A
[ReportManager] File Action [getAbsolutePath] successfully performed. With the following test data [Relative Folder Path: "target/downloadedFiles/"]. @15-02-2021 01:33:19.0192 AM
[ReportManager] Attempting to run remotely on: [Linux-64], [GoogleChrome], [http://localhost:4444/wd/hub], Headless Execution. @15-02-2021 01:33:19.0192 AM
[ReportManager] Successfully Opened [GoogleChrome]. @15-02-2021 01:33:19.0422 AM
[ReportManager] Target URL: [https://the-internet.herokuapp.com/] @15-02-2021 01:33:19.0438 AM
[ReportManager] Initial URL: [data:,] @15-02-2021 01:33:19.0496 AM
[ReportManager] Browser Action [navigateToURL] successfully performed. With the following test data [https://the-internet.herokuapp.com/]. @15-02-2021 01:33:20.0119 A

################################################################################################################################################
Starting Execution:	[124 out of 134] test cases in the current suite
Test Method:		[testPackage01.Test_NewValidationActions.f8]
################################################################################################################################################
[ReportManager] Loaded Shared OpenCV @15-02-2021 01:33:20.0329 AM
[ReportManager] AssertElementExists PASSED; Expected [Element Should Exist, locator 'By.tagName: h1'] and Actual [Element Exists]. Comparison Type [EQUALS]. Validation Type [POSITIVE]. @15-02-2021 01:33:20.0412 AM
[ReportManager] Successfully created attachment [Screenshot - 1613352800329_f8_AssertElementExists_passed] @15-02-2021 01:33:20.0415 A
[ReportManager] Successfully created attachment [Selenium WebDriver Logs - server] @15-02-2021 01:33:20.0428 AM
[ReportManager] Successfully created attachment [Selenium WebDriver Logs - performance] @15-02-2021 01:33:20.0448 AM
[ReportManager] Successfully created attachment [Selenium WebDriver Logs - browser] @15-02-2021 01:33:20.0454 AM
[ReportManager] Successfully created attachment [Selenium WebDriver Logs - driver] @15-02-2021 01:33:20.0509 AM
[ReportManager] Successfully Closed All Browsers. @15-02-2021 01:33:20.0586 A
[ReportManager] File Action [getAbsolutePath] successfully performed. With the following test data [Relative Folder Path: "target/downloadedFiles/"]. @15-02-2021 01:33:20.0589 AM
[ReportManager] Attempting to run remotely on: [Linux-64], [GoogleChrome], [http://localhost:4444/wd/hub], Headless Execution. @15-02-2021 01:33:20.0589 AM
[ReportManager] Successfully Opened [GoogleChrome]. @15-02-2021 01:33:20.0815 AM
[ReportManager] Target URL: [https://the-internet.herokuapp.com/] @15-02-2021 01:33:20.0827 AM
[ReportManager] Initial URL: [data:,] @15-02-2021 01:33:20.0875 AM
[ReportManager] Browser Action [navigateToURL] successfully performed. With the following test data [https://the-internet.herokuapp.com/]. @15-02-2021 01:33:21.0334 A

################################################################################################################################################
Starting Execution:	[125 out of 134] test cases in the current suite
Test Method:		[testPackage01.Test_NewValidationActions.f9]
################################################################################################################################################
[ReportManager] AssertElementExists FAILED; Expected [Element Should Exist, locator 'By.tagName: h3'] and Actual [Element Doesn't Exists]. Comparison Type [EQUALS]. Validation Type [POSITIVE]. @15-02-2021 01:33:21.0565 AM
[ReportManager] Successfully created attachment [Screenshot - 1613352801502_f9_AssertElementExists_failed] @15-02-2021 01:33:21.0566 A
[ReportManager] Successfully created attachment [Selenium WebDriver Logs - server] @15-02-2021 01:33:21.0579 AM
[ReportManager] Successfully created attachment [Selenium WebDriver Logs - performance] @15-02-2021 01:33:21.0598 AM
[ReportManager] Successfully created attachment [Selenium WebDriver Logs - browser] @15-02-2021 01:33:21.0604 AM
[ReportManager] Successfully created attachment [Selenium WebDriver Logs - driver] @15-02-2021 01:33:21.0656 AM
[ReportManager] Successfully Closed All Browsers. @15-02-2021 01:33:21.0727 A

################################################################################################################################################
Starting Execution:	[126 out of 134] test cases in the current suite
Test Method:		[testPackage01.Test_NewValidationActions.forceFail]
################################################################################################################################################
[ReportManager] AssertFail FAILED; Expected [null] and Actual [null]. @15-02-2021 01:33:21.0730 A

################################################################################################################################################
Starting Execution:	[127 out of 134] test cases in the current suite
Test Method:		[testPackage01.Test_NewValidationActions.forceFail2]
################################################################################################################################################
[ReportManager] Custom Message... @15-02-2021 01:33:21.0739 AM
[ReportManager] AssertFail FAILED; Expected [null] and Actual [null]. @15-02-2021 01:33:21.0740 A
[ReportManager] File Action [getAbsolutePath] successfully performed. With the following test data [Relative Folder Path: "target/downloadedFiles/"]. @15-02-2021 01:33:21.0743 AM
[ReportManager] Attempting to run remotely on: [Linux-64], [GoogleChrome], [http://localhost:4444/wd/hub], Headless Execution. @15-02-2021 01:33:21.0743 AM
[ReportManager] Successfully Opened [GoogleChrome]. @15-02-2021 01:33:21.0963 A

################################################################################################################################################
Starting Execution:	[128 out of 134] test cases in the current suite
Test Method:		[testPackage01.Test_ShadowDOM.shadowdom]
################################################################################################################################################
[ReportManager] Target URL: [https://mdn.github.io/web-components-examples/popup-info-box-web-component/] @15-02-2021 01:33:21.0988 AM
[ReportManager] Initial URL: [data:,] @15-02-2021 01:33:22.0030 AM
[ReportManager] Browser Action [navigateToURL] successfully performed. With the following test data [https://mdn.github.io/web-components-examples/popup-info-box-web-component/]. @15-02-2021 01:33:22.0215 AM
[ReportManager] Element Action [type] successfully performed. With the following test data [Typing into SHADOW DOM...]. @15-02-2021 01:33:22.0939 AM
[ReportManager] Element Action [getText] successfully performed. With the following test data [Typing into SHADOW DOM...]. @15-02-2021 01:33:23.0057 AM
[ReportManager] Loaded Shared OpenCV @15-02-2021 01:33:23.0183 AM
[ReportManager] AssertElementAttribute PASSED; Expected [Value Should be 'Typing into SHADOW DOM...' for the 'Text' attribute, element locator 'By.id: cvc'] and Actual [Typing into SHADOW DOM...]. Comparison Type [EQUALS]. Validation Type [POSITIVE]. @15-02-2021 01:33:23.0251 AM
[ReportManager] Successfully created attachment [Screenshot - 1613352803183_shadowdom_AssertElementAttribute_passed] @15-02-2021 01:33:23.0252 A
[ReportManager] Successfully created attachment [Selenium WebDriver Logs - server] @15-02-2021 01:33:23.0298 AM
[ReportManager] Successfully created attachment [Selenium WebDriver Logs - performance] @15-02-2021 01:33:23.0310 AM
[ReportManager] Successfully created attachment [Selenium WebDriver Logs - browser] @15-02-2021 01:33:23.0316 AM
[ReportManager] Successfully created attachment [Selenium WebDriver Logs - driver] @15-02-2021 01:33:23.0399 AM
[ReportManager] Browser Action [closeCurrentWindow] successfully performed. @15-02-2021 01:33:23.0456 AM
[ReportManager] Successfully created attachment [Browser Action Test Data - closeCurrentWindow - Actual Value] @15-02-2021 01:33:23.0456 A

################################################################################################################################################
Starting Execution:	[129 out of 134] test cases in the current suite
Test Method:		[testPackage01.Test_chainableElementActions.chainElementActions]
################################################################################################################################################
[ReportManager] File Action [getAbsolutePath] successfully performed. With the following test data [Relative Folder Path: "target/downloadedFiles/"]. @15-02-2021 01:33:23.0459 AM
[ReportManager] Attempting to run remotely on: [Linux-64], [GoogleChrome], [http://localhost:4444/wd/hub], Headless Execution. @15-02-2021 01:33:23.0459 AM
[ReportManager] Successfully Opened [GoogleChrome]. @15-02-2021 01:33:23.0651 AM
[ReportManager] Target URL: [https://www.google.com/ncr], and after redirection: [https://www.google.com] @15-02-2021 01:33:23.0661 AM
[ReportManager] Initial URL: [data:,] @15-02-2021 01:33:23.0721 AM
[ReportManager] Browser Action [navigateToURL] successfully performed. With the following test data [https://www.google.com/ncr]. @15-02-2021 01:33:24.0515 AM
[ReportManager] Element Action [type] successfully performed. With the following test data [chained type 1]. @15-02-2021 01:33:25.0082 AM
[ReportManager] Element Action [type] successfully performed. With the following test data [chained type 2]. @15-02-2021 01:33:25.0749 AM
[ReportManager] Element Action [typeAppend] successfully performed. With the following test data [345]. @15-02-2021 01:33:25.0921 AM
[ReportManager] Element Action [getText] successfully performed. With the following test data [chained type 2345]. @15-02-2021 01:33:26.0059 AM
[ReportManager] Loaded Shared OpenCV @15-02-2021 01:33:26.0252 AM
[ReportManager] AssertElementAttribute PASSED; Expected [Value Should be 'chained type 2345' for the 'text' attribute, element locator 'By.name: q'] and Actual [chained type 2345]. Comparison Type [EQUALS]. Validation Type [POSITIVE]. @15-02-2021 01:33:26.0333 AM
[ReportManager] Successfully created attachment [Screenshot - 1613352806252_chainElementActions_AssertElementAttribute_passed] @15-02-2021 01:33:26.0334 AM
[ReportManager] Successfully created attachment [Selenium WebDriver Logs - server] @15-02-2021 01:33:26.0419 AM
[ReportManager] Successfully created attachment [Selenium WebDriver Logs - performance] @15-02-2021 01:33:26.0571 AM
[ReportManager] Successfully created attachment [Selenium WebDriver Logs - driver] @15-02-2021 01:33:26.0773 AM
[ReportManager] Browser Action [closeCurrentWindow] successfully performed. @15-02-2021 01:33:26.0845 AM
[ReportManager] Successfully created attachment [Browser Action Test Data - closeCurrentWindow - Actual Value] @15-02-2021 01:33:26.0846 A

################################################################################################################################################
Starting Execution:	[130 out of 134] test cases in the current suite
Test Method:		[testPackage01.Test_SelectedValue.multipleSelect]
################################################################################################################################################
[ReportManager] File Action [getAbsolutePath] successfully performed. With the following test data [Relative Folder Path: "target/downloadedFiles/"]. @15-02-2021 01:33:26.0873 AM
[ReportManager] Attempting to run remotely on: [Linux-64], [GoogleChrome], [http://localhost:4444/wd/hub], Headless Execution. @15-02-2021 01:33:26.0873 AM
[ReportManager] Successfully Opened [GoogleChrome]. @15-02-2021 01:33:27.0074 AM
[ReportManager] Target URL: [https://mdn.mozillademos.org/en-US/docs/Web/HTML/Element/select$samples/Advanced_select_with_multiple_features?revision=1612304] @15-02-2021 01:33:27.0084 AM
[ReportManager] Initial URL: [data:,] @15-02-2021 01:33:27.0131 AM
[ReportManager] Browser Action [navigateToURL] successfully performed. With the following test data [https://mdn.mozillademos.org/en-US/docs/Web/HTML/Element/select$samples/Advanced_select_with_multiple_features?revision=1612304]. @15-02-2021 01:33:27.0819 AM
[ReportManager] Element Action [select] successfully performed. With the following test data [Dog]. @15-02-2021 01:33:28.0073 AM
[ReportManager] Element Action [select] successfully performed. With the following test data [Cat]. @15-02-2021 01:33:28.0342 AM
[ReportManager] Element Action [getSelectedText] successfully performed. With the following test data [DogCat]. @15-02-2021 01:33:28.0536 AM
[ReportManager] DogCat @15-02-2021 01:33:28.0537 AM
[ReportManager] Element Action [getSelectedText] successfully performed. With the following test data [DogCat]. @15-02-2021 01:33:28.0696 AM
[ReportManager] Loaded Shared OpenCV @15-02-2021 01:33:28.0818 AM
[ReportManager] AssertElementAttribute PASSED; Expected [Value Should be 'DogCat' for the 'selectedText' attribute, element locator 'By.tagName: select'] and Actual [DogCat]. Comparison Type [EQUALS]. Validation Type [POSITIVE]. @15-02-2021 01:33:28.0898 AM
[ReportManager] Successfully created attachment [Screenshot - 1613352808818_multipleSelect_AssertElementAttribute_passed] @15-02-2021 01:33:28.0898 AM
[ReportManager] Successfully created attachment [Selenium WebDriver Logs - server] @15-02-2021 01:33:28.0933 AM
[ReportManager] Successfully created attachment [Selenium WebDriver Logs - performance] @15-02-2021 01:33:28.0942 AM
[ReportManager] Successfully created attachment [Selenium WebDriver Logs - driver] @15-02-2021 01:33:29.0042 AM
[ReportManager] Browser Action [closeCurrentWindow] successfully performed. @15-02-2021 01:33:29.0107 AM
[ReportManager] Successfully created attachment [Browser Action Test Data - closeCurrentWindow - Actual Value] @15-02-2021 01:33:29.0107 A

################################################################################################################################################
Starting Execution:	[131 out of 134] test cases in the current suite
Test Method:		[testPackage01.Test_SelectedValue.simpleSelect]
################################################################################################################################################
[ReportManager] File Action [getAbsolutePath] successfully performed. With the following test data [Relative Folder Path: "target/downloadedFiles/"]. @15-02-2021 01:33:29.0112 AM
[ReportManager] Attempting to run remotely on: [Linux-64], [GoogleChrome], [http://localhost:4444/wd/hub], Headless Execution. @15-02-2021 01:33:29.0112 AM
[ReportManager] Successfully Opened [GoogleChrome]. @15-02-2021 01:33:29.0363 AM
[ReportManager] Target URL: [https://mdn.mozillademos.org/en-US/docs/Web/HTML/Element/select$samples/Basic_select?revision=1612304] @15-02-2021 01:33:29.0374 AM
[ReportManager] Initial URL: [data:,] @15-02-2021 01:33:29.0427 AM
[ReportManager] Browser Action [navigateToURL] successfully performed. With the following test data [https://mdn.mozillademos.org/en-US/docs/Web/HTML/Element/select$samples/Basic_select?revision=1612304]. @15-02-2021 01:33:29.0918 AM
[ReportManager] Element Action [select] successfully performed. With the following test data [Third Value]. @15-02-2021 01:33:30.0345 AM
[ReportManager] Element Action [getSelectedText] successfully performed. With the following test data [Third Value]. @15-02-2021 01:33:30.0479 AM
[ReportManager] Third Value @15-02-2021 01:33:30.0479 AM
[ReportManager] Element Action [getSelectedText] successfully performed. With the following test data [Third Value]. @15-02-2021 01:33:30.0609 AM
[ReportManager] Loaded Shared OpenCV @15-02-2021 01:33:30.0727 AM
[ReportManager] AssertElementAttribute PASSED; Expected [Value Should be 'Third Value' for the 'selectedText' attribute, element locator 'By.tagName: select'] and Actual [Third Value]. Comparison Type [EQUALS]. Validation Type [POSITIVE]. @15-02-2021 01:33:30.0792 AM
[ReportManager] Successfully created attachment [Screenshot - 1613352810727_simpleSelect_AssertElementAttribute_passed] @15-02-2021 01:33:30.0792 AM
[ReportManager] Successfully created attachment [Selenium WebDriver Logs - server] @15-02-2021 01:33:30.0834 AM
[ReportManager] Successfully created attachment [Selenium WebDriver Logs - performance] @15-02-2021 01:33:30.0843 AM
[ReportManager] Successfully created attachment [Selenium WebDriver Logs - driver] @15-02-2021 01:33:30.0920 AM
[ReportManager] Browser Action [closeCurrentWindow] successfully performed. @15-02-2021 01:33:30.0978 AM
[ReportManager] Successfully created attachment [Browser Action Test Data - closeCurrentWindow - Actual Value] @15-02-2021 01:33:30.0978 A
[ReportManager] File Action [getAbsolutePath] successfully performed. With the following test data [Relative Folder Path: "target/downloadedFiles/"]. @15-02-2021 01:33:30.0981 AM
[ReportManager] Attempting to run remotely on: [Linux-64], [GoogleChrome], [http://localhost:4444/wd/hub], Headless Execution. @15-02-2021 01:33:30.0981 AM
[ReportManager] Successfully Opened [GoogleChrome]. @15-02-2021 01:33:31.0198 A

################################################################################################################################################
Starting Execution:	[132 out of 134] test cases in the current suite
Test Method:		[testPackage01.Test_clipboardActions.typeTextAndCopyPaste]
################################################################################################################################################
[ReportManager] Target URL: [https://www.google.com/ncr], and after redirection: [https://www.google.com] @15-02-2021 01:33:31.0216 AM
[ReportManager] Initial URL: [data:,] @15-02-2021 01:33:31.0265 AM
[ReportManager] Browser Action [navigateToURL] successfully performed. With the following test data [https://www.google.com/ncr]. @15-02-2021 01:33:32.0039 AM
[ReportManager] Element Action [type] successfully performed. With the following test data [FIRST]. @15-02-2021 01:33:32.0536 AM
[ReportManager] Element Action [clipboardActions] successfully performed. With the following test data [select all]. @15-02-2021 01:33:32.0639 AM
[ReportManager] Element Action [clipboardActions] successfully performed. With the following test data [copy]. @15-02-2021 01:33:32.0724 AM
[ReportManager] Element Action [clipboardActions] successfully performed. With the following test data [unselect]. @15-02-2021 01:33:32.0793 AM
[ReportManager] Element Action [clipboardActions] successfully performed. With the following test data [paste]. @15-02-2021 01:33:32.0880 AM
[ReportManager] Element Action [clipboardActions] successfully performed. With the following test data [select all]. @15-02-2021 01:33:32.0963 AM
[ReportManager] Element Action [clipboardActions] successfully performed. With the following test data [cut]. @15-02-2021 01:33:33.0059 AM
[ReportManager] Element Action [clipboardActions] successfully performed. With the following test data [paste]. @15-02-2021 01:33:33.0159 AM
[ReportManager] Element Action [clipboardActions] successfully performed. With the following test data [paste]. @15-02-2021 01:33:33.0246 A
[ReportManager] Successfully created attachment [Selenium WebDriver Logs - server] @15-02-2021 01:33:33.0340 AM
[ReportManager] Successfully created attachment [Selenium WebDriver Logs - performance] @15-02-2021 01:33:33.0418 AM
[ReportManager] Successfully created attachment [Selenium WebDriver Logs - driver] @15-02-2021 01:33:33.0582 AM
[ReportManager] Browser Action [closeCurrentWindow] successfully performed. @15-02-2021 01:33:33.0639 AM
[ReportManager] Successfully created attachment [Browser Action Test Data - closeCurrentWindow - Actual Value] @15-02-2021 01:33:33.0640 A
[ReportManager] File Action [getAbsolutePath] successfully performed. With the following test data [Relative Folder Path: "target/downloadedFiles/"]. @15-02-2021 01:33:33.0641 AM
[ReportManager] Attempting to run remotely on: [Linux-64], [GoogleChrome], [http://localhost:4444/wd/hub], Headless Execution. @15-02-2021 01:33:33.0642 AM
[ReportManager] Successfully Opened [GoogleChrome]. @15-02-2021 01:33:33.0857 A

################################################################################################################################################
Starting Execution:	[133 out of 134] test cases in the current suite
Test Method:		[testPackage01.Test_uploadFile.uploadFile_invisibleUploadInput]
################################################################################################################################################
[ReportManager] Target URL: [https://fineuploader.com/demos.html#gallery-view] @15-02-2021 01:33:33.0870 AM
[ReportManager] Initial URL: [data:,] @15-02-2021 01:33:33.0916 AM
[ReportManager] Browser Action [navigateToURL] successfully performed. With the following test data [https://fineuploader.com/demos.html#gallery-view]. @15-02-2021 01:33:35.0562 AM
[ReportManager] File Action [getAbsolutePath] successfully performed. With the following test data [Relative File Path: "src/main/resources/images/shaft.png"]. @15-02-2021 01:33:35.0562 AM
[ReportManager] Successfully created attachment [File Action Actual Result - Command Log] @15-02-2021 01:33:35.0562 AM
[ReportManager] Element Action [typeFileLocationForUpload] successfully performed. With the following test data [/home/runner/work/SHAFT_ENGINE/SHAFT_ENGINE/src/main/resources/images/shaft.png]. @15-02-2021 01:33:35.0763 AM
[ReportManager] Attempting to getAttribute [src] from elementLocator [By.xpath: //div[@id='fine-uploader-gallery']//div[@class='qq-thumbnail-wrapper']/img]. @15-02-2021 01:33:35.0763 AM
[ReportManager] Element Action [getAttribute] successfully performed. @15-02-2021 01:33:35.0875 AM
[ReportManager] Successfully created attachment [Element Action Test Data - getAttribute - Actual Value] @15-02-2021 01:33:35.0875 AM
[ReportManager] Loaded Shared OpenCV @15-02-2021 01:33:36.0037 AM
[ReportManager] AssertElementAttribute PASSED; Expected and Actual values are attached. Comparison Type [CONTAINS]. Validation Type [POSITIVE]. @15-02-2021 01:33:36.0123 AM
[ReportManager] Successfully created attachment [Validation Test Data - Expected Value] @15-02-2021 01:33:36.0123 AM
[ReportManager] Successfully created attachment [Validation Test Data - Actual Value] @15-02-2021 01:33:36.0124 AM
[ReportManager] Successfully created attachment [Screenshot - 1613352816037_uploadFile_invisibleUploadInput_AssertElementAttribute_passed] @15-02-2021 01:33:36.0124 A
[ReportManager] Successfully created attachment [Selenium WebDriver Logs - server] @15-02-2021 01:33:36.0225 AM
[ReportManager] Successfully created attachment [Selenium WebDriver Logs - performance] @15-02-2021 01:33:36.0307 AM
[ReportManager] Successfully created attachment [Selenium WebDriver Logs - browser] @15-02-2021 01:33:36.0318 AM
[ReportManager] Successfully created attachment [Selenium WebDriver Logs - driver] @15-02-2021 01:33:36.0460 AM
[ReportManager] Browser Action [closeCurrentWindow] successfully performed. @15-02-2021 01:33:36.0524 AM
[ReportManager] Successfully created attachment [Browser Action Test Data - closeCurrentWindow - Actual Value] @15-02-2021 01:33:36.0525 A
[ReportManager] File Action [getAbsolutePath] successfully performed. With the following test data [Relative Folder Path: "target/downloadedFiles/"]. @15-02-2021 01:33:36.0528 AM
[ReportManager] Attempting to run remotely on: [Linux-64], [GoogleChrome], [http://localhost:4444/wd/hub], Headless Execution. @15-02-2021 01:33:36.0528 AM
[ReportManager] Successfully Opened [GoogleChrome]. @15-02-2021 01:33:36.0723 A

################################################################################################################################################
Starting Execution:	[134 out of 134] test cases in the current suite
Test Method:		[testPackage01.Test_uploadFile.uploadFile_visibleUploadInput]
################################################################################################################################################
[ReportManager] Target URL: [http://demo.guru99.com/test/upload/] @15-02-2021 01:33:36.0750 AM
[ReportManager] Initial URL: [data:,] @15-02-2021 01:33:36.0815 AM
[ReportManager] Browser Action [navigateToURL] successfully performed. With the following test data [http://demo.guru99.com/test/upload/]. @15-02-2021 01:33:38.0031 AM
[ReportManager] File Action [getAbsolutePath] successfully performed. With the following test data [Relative File Path: "src/main/resources/images/shaft.png"]. @15-02-2021 01:33:38.0031 AM
[ReportManager] Successfully created attachment [File Action Actual Result - Command Log] @15-02-2021 01:33:38.0031 AM
[ReportManager] Element Action [typeFileLocationForUpload] successfully performed. With the following test data [/home/runner/work/SHAFT_ENGINE/SHAFT_ENGINE/src/main/resources/images/shaft.png]. @15-02-2021 01:33:38.0197 AM
[ReportManager] Element Action [click] successfully performed. With the following test data [on]. @15-02-2021 01:33:38.0615 AM
[ReportManager] Element Action [click] successfully performed. With the following test data [Submit File]. @15-02-2021 01:33:38.0977 AM
[ReportManager] Element Action [getText] successfully performed. With the following test data [1 file
has been successfully uploaded.]. @15-02-2021 01:33:39.0624 AM
[ReportManager] Loaded Shared OpenCV @15-02-2021 01:33:39.0757 AM
[ReportManager] AssertElementAttribute PASSED; Expected [Value Should be '1 file' for the 'Text' attribute, element locator 'By.id: res'] and Actual [1 file
has been successfully uploaded.]. Comparison Type [CONTAINS]. Validation Type [POSITIVE]. @15-02-2021 01:33:39.0833 AM
[ReportManager] Successfully created attachment [Screenshot - 1613352819757_uploadFile_visibleUploadInput_AssertElementAttribute_passed] @15-02-2021 01:33:39.0834 A
[ReportManager] Successfully created attachment [Selenium WebDriver Logs - server] @15-02-2021 01:33:39.0895 AM
[ReportManager] Successfully created attachment [Selenium WebDriver Logs - performance] @15-02-2021 01:33:39.0977 AM
[ReportManager] Successfully created attachment [Selenium WebDriver Logs - browser] @15-02-2021 01:33:39.0983 AM
[ReportManager] Successfully created attachment [Selenium WebDriver Logs - driver] @15-02-2021 01:33:40.0190 AM
[ReportManager] Browser Action [closeCurrentWindow] successfully performed. @15-02-2021 01:33:40.0246 AM
[ReportManager] Successfully created attachment [Browser Action Test Data - closeCurrentWindow - Actual Value] @15-02-2021 01:33:40.0247 A

################################################################################################################################################
Test Closure Activities
################################################################################################################################################
[ReportManager] Successfully created attachment [SHAFT Engine Logs - Execution log] @15-02-2021 01:33:40.0268 AM

################################################################################################################################################
This test run was powered by SHAFT Engine Version: [SHAFT Engine v5.1]
SHAFT Engine is licensed under the MIT License: [https://github.com/MohabMohie/SHAFT_ENGINE/blob/master/LICENSE].
################################################################################################################################################