################################################################################################################################################
Detected SHAFT Engine Version: [SHAFT Engine v5.2.20210427]
################################################################################################################################################
[ReportManager] File Action [getAbsolutePath] successfully performed. With the following test data [Relative Folder Path: "target/downloadedFiles/"]. @28-04-2021 21:05:03.0756 PM
[ReportManager] Attempting to run remotely on: [Linux-64], [GoogleChrome], [http://localhost:4444/wd/hub], Headless Execution. @28-04-2021 21:05:03.0790 PM
[ReportManager] Successfully Opened [GoogleChrome]. @28-04-2021 21:05:05.0496 P

################################################################################################################################################
Starting Execution:	[1 out of 137] test cases in the current suite
Test Method:		[testPackage01.Test_assertEquals.test_assertElementAttribute]
################################################################################################################################################
[ReportManager] Target URL: [https://www.google.com/ncr], and after redirection: [https://www.google.com] @28-04-2021 21:05:05.0639 PM
[ReportManager] Initial URL: [data:,] @28-04-2021 21:05:05.0796 PM
[ReportManager] Browser Action [navigateToURL] successfully performed. With the following test data [https://www.google.com/ncr]. @28-04-2021 21:05:07.0262 PM
[ReportManager] Element Action [type] successfully performed. With the following test data [INC_004010050:Another SCHEDULER with the same name [Duplicate Job Name] already exists.]. @28-04-2021 21:05:09.0955 PM
[ReportManager] Element Action [getText] successfully performed. With the following test data [INC_004010050:Another SCHEDULER with the same name [Duplicate Job Name] already exists.]. @28-04-2021 21:05:10.0180 PM
[ReportManager] Loaded Shared OpenCV @28-04-2021 21:05:10.0910 PM
[ReportManager] AssertElementAttribute PASSED; Expected [Value Should be 'INC_004010050:Another SCHEDULER with the same name \[Duplicate Job Name\] already exists.' for the 'text' attribute, element locator 'By.name: q'] and Actual [INC_004010050:Another SCHEDULER with the same name [Duplicate Job Name] already exists.]. Comparison Type [MATCHES]. Validation Type [POSITIVE]. @28-04-2021 21:05:11.0314 PM
[ReportManager] Successfully created attachment [Screenshot - 1619643910436_test_assertElementAttribute_AssertElementAttribute_passed] @28-04-2021 21:05:11.0336 P
[ReportManager] Successfully created attachment [Selenium WebDriver Logs - server] @28-04-2021 21:05:11.0662 PM
[ReportManager] Successfully created attachment [Selenium WebDriver Logs - performance] @28-04-2021 21:05:12.0200 PM
[ReportManager] Successfully created attachment [Selenium WebDriver Logs - driver] @28-04-2021 21:05:12.0647 PM
[ReportManager] Browser Action [closeCurrentWindow] successfully performed. @28-04-2021 21:05:12.0713 PM
[ReportManager] Successfully created attachment [Browser Action Test Data - closeCurrentWindow - Actual Value] @28-04-2021 21:05:12.0719 P
[ReportManager] File Action [getAbsolutePath] successfully performed. With the following test data [Relative Folder Path: "target/downloadedFiles/"]. @28-04-2021 21:05:12.0725 PM
[ReportManager] Attempting to run remotely on: [Linux-64], [GoogleChrome], [http://localhost:4444/wd/hub], Headless Execution. @28-04-2021 21:05:12.0726 PM
[ReportManager] Successfully Opened [GoogleChrome]. @28-04-2021 21:05:13.0469 P

################################################################################################################################################
Starting Execution:	[2 out of 137] test cases in the current suite
Test Method:		[testPackage01.Test_dynamicLoading.dynamicLoading_elementIsHidden]
################################################################################################################################################
[ReportManager] Target URL: [https://the-internet.herokuapp.com/dynamic_loading/1] @28-04-2021 21:05:13.0526 PM
[ReportManager] Initial URL: [data:,] @28-04-2021 21:05:13.0616 PM
[ReportManager] Browser Action [navigateToURL] successfully performed. With the following test data [https://the-internet.herokuapp.com/dynamic_loading/1]. @28-04-2021 21:05:14.0296 PM
[ReportManager] Element Action [click] successfully performed. With the following test data [Start]. @28-04-2021 21:05:14.0960 PM
[ReportManager] Element Action [getText] successfully performed. With the following test data [
    Hello World!
  ]. @28-04-2021 21:05:15.0174 PM
[ReportManager] Loaded Shared OpenCV @28-04-2021 21:05:15.0406 PM
[ReportManager] AssertElementAttribute PASSED; Expected [Value Should be 'Hello World!' for the 'text' attribute, element locator 'By.id: finish'] and Actual [
    Hello World!
  ]. Comparison Type [CONTAINS]. Validation Type [POSITIVE]. @28-04-2021 21:05:15.0555 PM
[ReportManager] Successfully created attachment [Screenshot - 1619643915406_dynamicLoading_elementIsHidden_AssertElementAttribute_passed] @28-04-2021 21:05:15.0560 P
[ReportManager] Successfully created attachment [Selenium WebDriver Logs - server] @28-04-2021 21:05:15.0685 PM
[ReportManager] Successfully created attachment [Selenium WebDriver Logs - performance] @28-04-2021 21:05:15.0735 PM
[ReportManager] Successfully created attachment [Selenium WebDriver Logs - browser] @28-04-2021 21:05:15.0747 PM
[ReportManager] Successfully created attachment [Selenium WebDriver Logs - driver] @28-04-2021 21:05:15.0892 PM
[ReportManager] Browser Action [closeCurrentWindow] successfully performed. @28-04-2021 21:05:15.0955 PM
[ReportManager] Successfully created attachment [Browser Action Test Data - closeCurrentWindow - Actual Value] @28-04-2021 21:05:15.0956 P
[ReportManager] File Action [getAbsolutePath] successfully performed. With the following test data [Relative Folder Path: "target/downloadedFiles/"]. @28-04-2021 21:05:15.0972 PM
[ReportManager] Attempting to run remotely on: [Linux-64], [GoogleChrome], [http://localhost:4444/wd/hub], Headless Execution. @28-04-2021 21:05:15.0972 PM
[ReportManager] Successfully Opened [GoogleChrome]. @28-04-2021 21:05:16.0721 P

################################################################################################################################################
Starting Execution:	[3 out of 137] test cases in the current suite
Test Method:		[testPackage01.Test_dynamicLoading.dynamicLoading_elementIsRendered]
################################################################################################################################################
[ReportManager] Target URL: [https://the-internet.herokuapp.com/dynamic_loading/2] @28-04-2021 21:05:16.0762 PM
[ReportManager] Initial URL: [data:,] @28-04-2021 21:05:16.0839 PM
[ReportManager] Browser Action [navigateToURL] successfully performed. With the following test data [https://the-internet.herokuapp.com/dynamic_loading/2]. @28-04-2021 21:05:17.0461 PM
[ReportManager] Element Action [click] successfully performed. With the following test data [Start]. @28-04-2021 21:05:18.0048 PM
[ReportManager] Element Action [getText] successfully performed. With the following test data [Hello World!]. @28-04-2021 21:05:23.0292 PM
[ReportManager] Loaded Shared OpenCV @28-04-2021 21:05:23.0493 PM
[ReportManager] AssertElementAttribute PASSED; Expected [Value Should be 'Hello World!' for the 'text' attribute, element locator 'By.id: finish'] and Actual [Hello World!]. Comparison Type [CONTAINS]. Validation Type [POSITIVE]. @28-04-2021 21:05:23.0574 PM
[ReportManager] Successfully created attachment [Screenshot - 1619643923492_dynamicLoading_elementIsRendered_AssertElementAttribute_passed] @28-04-2021 21:05:23.0576 P
[ReportManager] Successfully created attachment [Selenium WebDriver Logs - server] @28-04-2021 21:05:23.0663 PM
[ReportManager] Successfully created attachment [Selenium WebDriver Logs - performance] @28-04-2021 21:05:23.0696 PM
[ReportManager] Successfully created attachment [Selenium WebDriver Logs - browser] @28-04-2021 21:05:23.0708 PM
[ReportManager] Successfully created attachment [Selenium WebDriver Logs - driver] @28-04-2021 21:05:23.0831 PM
[ReportManager] Browser Action [closeCurrentWindow] successfully performed. @28-04-2021 21:05:23.0890 PM
[ReportManager] Successfully created attachment [Browser Action Test Data - closeCurrentWindow - Actual Value] @28-04-2021 21:05:23.0892 P

################################################################################################################################################
Starting Execution:	[4 out of 137] test cases in the current suite
Test Method:		[testPackage01.Test_SelectedValue.multipleSelect]
################################################################################################################################################
[ReportManager] File Action [getAbsolutePath] successfully performed. With the following test data [Relative Folder Path: "target/downloadedFiles/"]. @28-04-2021 21:05:23.0909 PM
[ReportManager] Attempting to run remotely on: [Linux-64], [GoogleChrome], [http://localhost:4444/wd/hub], Headless Execution. @28-04-2021 21:05:23.0909 PM
[ReportManager] Successfully Opened [GoogleChrome]. @28-04-2021 21:05:24.0577 PM
[ReportManager] Target URL: [https://mdn.mozillademos.org/en-US/docs/Web/HTML/Element/select$samples/Advanced_select_with_multiple_features?revision=1612304] @28-04-2021 21:05:24.0605 PM
[ReportManager] Initial URL: [data:,] @28-04-2021 21:05:24.0701 PM
[ReportManager] Browser Action [navigateToURL] successfully performed. With the following test data [https://mdn.mozillademos.org/en-US/docs/Web/HTML/Element/select$samples/Advanced_select_with_multiple_features?revision=1612304]. @28-04-2021 21:05:25.0496 PM
[ReportManager] Element Action [select] successfully performed. With the following test data [Dog]. @28-04-2021 21:05:25.0911 PM
[ReportManager] Element Action [select] successfully performed. With the following test data [Cat]. @28-04-2021 21:05:26.0261 PM
[ReportManager] Element Action [getSelectedText] successfully performed. With the following test data [DogCat]. @28-04-2021 21:05:26.0524 PM
[ReportManager] DogCat @28-04-2021 21:05:26.0524 PM
[ReportManager] Element Action [getSelectedText] successfully performed. With the following test data [DogCat]. @28-04-2021 21:05:26.0758 PM
[ReportManager] Loaded Shared OpenCV @28-04-2021 21:05:26.0930 PM
[ReportManager] AssertElementAttribute PASSED; Expected [Value Should be 'DogCat' for the 'selectedText' attribute, element locator 'By.tagName: select'] and Actual [DogCat]. Comparison Type [EQUALS]. Validation Type [POSITIVE]. @28-04-2021 21:05:27.0003 PM
[ReportManager] Successfully created attachment [Screenshot - 1619643926930_multipleSelect_AssertElementAttribute_passed] @28-04-2021 21:05:27.0003 PM
[ReportManager] Successfully created attachment [Selenium WebDriver Logs - server] @28-04-2021 21:05:27.0084 PM
[ReportManager] Successfully created attachment [Selenium WebDriver Logs - performance] @28-04-2021 21:05:27.0109 PM
[ReportManager] Successfully created attachment [Selenium WebDriver Logs - driver] @28-04-2021 21:05:27.0260 PM
[ReportManager] Browser Action [closeCurrentWindow] successfully performed. @28-04-2021 21:05:27.0319 PM
[ReportManager] Successfully created attachment [Browser Action Test Data - closeCurrentWindow - Actual Value] @28-04-2021 21:05:27.0320 P

################################################################################################################################################
Starting Execution:	[5 out of 137] test cases in the current suite
Test Method:		[testPackage01.Test_SelectedValue.simpleSelect]
################################################################################################################################################
[ReportManager] File Action [getAbsolutePath] successfully performed. With the following test data [Relative Folder Path: "target/downloadedFiles/"]. @28-04-2021 21:05:27.0324 PM
[ReportManager] Attempting to run remotely on: [Linux-64], [GoogleChrome], [http://localhost:4444/wd/hub], Headless Execution. @28-04-2021 21:05:27.0324 PM
[ReportManager] Successfully Opened [GoogleChrome]. @28-04-2021 21:05:27.0792 PM
[ReportManager] Target URL: [https://mdn.mozillademos.org/en-US/docs/Web/HTML/Element/select$samples/Basic_select?revision=1612304] @28-04-2021 21:05:27.0816 PM
[ReportManager] Initial URL: [data:,] @28-04-2021 21:05:27.0895 PM
[ReportManager] Browser Action [navigateToURL] successfully performed. With the following test data [https://mdn.mozillademos.org/en-US/docs/Web/HTML/Element/select$samples/Basic_select?revision=1612304]. @28-04-2021 21:05:28.0233 PM
[ReportManager] Element Action [select] successfully performed. With the following test data [Third Value]. @28-04-2021 21:05:28.0664 PM
[ReportManager] Element Action [getSelectedText] successfully performed. With the following test data [Third Value]. @28-04-2021 21:05:28.0833 PM
[ReportManager] Third Value @28-04-2021 21:05:28.0833 PM
[ReportManager] Element Action [getSelectedText] successfully performed. With the following test data [Third Value]. @28-04-2021 21:05:28.0995 PM
[ReportManager] Loaded Shared OpenCV @28-04-2021 21:05:29.0216 PM
[ReportManager] AssertElementAttribute PASSED; Expected [Value Should be 'Third Value' for the 'selectedText' attribute, element locator 'By.tagName: select'] and Actual [Third Value]. Comparison Type [EQUALS]. Validation Type [POSITIVE]. @28-04-2021 21:05:29.0286 PM
[ReportManager] Successfully created attachment [Screenshot - 1619643929216_simpleSelect_AssertElementAttribute_passed] @28-04-2021 21:05:29.0287 PM
[ReportManager] Successfully created attachment [Selenium WebDriver Logs - server] @28-04-2021 21:05:29.0335 PM
[ReportManager] Successfully created attachment [Selenium WebDriver Logs - performance] @28-04-2021 21:05:29.0348 PM
[ReportManager] Successfully created attachment [Selenium WebDriver Logs - driver] @28-04-2021 21:05:29.0425 PM
[ReportManager] Browser Action [closeCurrentWindow] successfully performed. @28-04-2021 21:05:29.0483 PM
[ReportManager] Successfully created attachment [Browser Action Test Data - closeCurrentWindow - Actual Value] @28-04-2021 21:05:29.0484 P
[ReportManager] File Action [getAbsolutePath] successfully performed. With the following test data [Relative Folder Path: "target/downloadedFiles/"]. @28-04-2021 21:05:29.0500 PM
[ReportManager] Attempting to run remotely on: [Linux-64], [GoogleChrome], [http://localhost:4444/wd/hub], Headless Execution. @28-04-2021 21:05:29.0500 PM
[ReportManager] Successfully Opened [GoogleChrome]. @28-04-2021 21:05:29.0799 P

################################################################################################################################################
Starting Execution:	[6 out of 137] test cases in the current suite
Test Method:		[testPackage01.Test_IsElementClickable.testIsElementClickable]
################################################################################################################################################
[ReportManager] Target URL: [https://the-internet.herokuapp.com/] @28-04-2021 21:05:29.0826 PM
[ReportManager] Initial URL: [data:,] @28-04-2021 21:05:29.0888 PM
[ReportManager] Browser Action [navigateToURL] successfully performed. With the following test data [https://the-internet.herokuapp.com/]. @28-04-2021 21:05:30.0430 PM
[ReportManager] Element Action [isElementClickable] successfully performed. @28-04-2021 21:05:30.0640 PM
[ReportManager] AssertTrue PASSED; Expected [TRUE] and Actual [TRUE]. Validation Type [POSITIVE]. @28-04-2021 21:05:30.0640 P
[ReportManager] Successfully created attachment [Selenium WebDriver Logs - server] @28-04-2021 21:05:30.0724 PM
[ReportManager] Successfully created attachment [Selenium WebDriver Logs - performance] @28-04-2021 21:05:30.0757 PM
[ReportManager] Successfully created attachment [Selenium WebDriver Logs - browser] @28-04-2021 21:05:30.0766 PM
[ReportManager] Successfully created attachment [Selenium WebDriver Logs - driver] @28-04-2021 21:05:30.0825 PM
[ReportManager] Browser Action [closeCurrentWindow] successfully performed. @28-04-2021 21:05:30.0883 PM
[ReportManager] Successfully created attachment [Browser Action Test Data - closeCurrentWindow - Actual Value] @28-04-2021 21:05:30.0883 P
[ReportManager] File Action [getAbsolutePath] successfully performed. With the following test data [Relative Folder Path: "target/downloadedFiles/"]. @28-04-2021 21:05:30.0888 PM
[ReportManager] Attempting to run remotely on: [Linux-64], [GoogleChrome], [http://localhost:4444/wd/hub], Headless Execution. @28-04-2021 21:05:30.0888 PM
[ReportManager] Successfully Opened [GoogleChrome]. @28-04-2021 21:05:31.0174 P

################################################################################################################################################
Starting Execution:	[7 out of 137] test cases in the current suite
Test Method:		[testPackage01.Test_dragAndDrop.dragAndDrop]
Test Description:	[TC001 - Test Drag and Drop function.]
################################################################################################################################################
[ReportManager] Target URL: [http://the-internet.herokuapp.com/drag_and_drop] @28-04-2021 21:05:31.0214 PM
[ReportManager] Initial URL: [data:,] @28-04-2021 21:05:31.0275 PM
[ReportManager] Browser Action [navigateToURL] successfully performed. With the following test data [http://the-internet.herokuapp.com/drag_and_drop]. @28-04-2021 21:05:31.0720 PM
[ReportManager] Attempting Drag and Drop @28-04-2021 21:05:31.0720 PM
[ReportManager] Element Action [dragAndDrop] successfully performed. With the following test data [Start point: (32, 89), End point: (247, 89)]. @28-04-2021 21:05:33.0032 P
[ReportManager] Successfully created attachment [Selenium WebDriver Logs - server] @28-04-2021 21:05:33.0145 PM
[ReportManager] Successfully created attachment [Selenium WebDriver Logs - performance] @28-04-2021 21:05:33.0172 PM
[ReportManager] Successfully created attachment [Selenium WebDriver Logs - browser] @28-04-2021 21:05:33.0182 PM
[ReportManager] Successfully created attachment [Selenium WebDriver Logs - driver] @28-04-2021 21:05:33.0243 PM
[ReportManager] Browser Action [closeCurrentWindow] successfully performed. @28-04-2021 21:05:33.0303 PM
[ReportManager] Successfully created attachment [Browser Action Test Data - closeCurrentWindow - Actual Value] @28-04-2021 21:05:33.0304 P
[ReportManager] File Action [getAbsolutePath] successfully performed. With the following test data [Relative Folder Path: "target/downloadedFiles/"]. @28-04-2021 21:05:33.0307 PM
[ReportManager] Attempting to run remotely on: [Linux-64], [GoogleChrome], [http://localhost:4444/wd/hub], Headless Execution. @28-04-2021 21:05:33.0307 PM
[ReportManager] Successfully Opened [GoogleChrome]. @28-04-2021 21:05:33.0634 P

################################################################################################################################################
Starting Execution:	[8 out of 137] test cases in the current suite
Test Method:		[testPackage01.Test_dragAndDrop.dragAndDropByOffset]
Test Description:	[TC002 - Test Drag and Drop by offset function.]
################################################################################################################################################
[ReportManager] Target URL: [https://jqueryui.com/resources/demos/draggable/default.html] @28-04-2021 21:05:33.0692 PM
[ReportManager] Initial URL: [data:,] @28-04-2021 21:05:33.0767 PM
[ReportManager] Browser Action [navigateToURL] successfully performed. With the following test data [https://jqueryui.com/resources/demos/draggable/default.html]. @28-04-2021 21:05:34.0311 PM
[ReportManager] Element Action [dragAndDropByOffset] successfully performed. With the following test data [Start point: (8, 8), End point: (1008, 108)]. @28-04-2021 21:05:34.0587 P
[ReportManager] Successfully created attachment [Selenium WebDriver Logs - server] @28-04-2021 21:05:34.0670 PM
[ReportManager] Successfully created attachment [Selenium WebDriver Logs - performance] @28-04-2021 21:05:34.0686 PM
[ReportManager] Successfully created attachment [Selenium WebDriver Logs - driver] @28-04-2021 21:05:34.0765 PM
[ReportManager] Browser Action [closeCurrentWindow] successfully performed. @28-04-2021 21:05:34.0825 PM
[ReportManager] Successfully created attachment [Browser Action Test Data - closeCurrentWindow - Actual Value] @28-04-2021 21:05:34.0825 P
[ReportManager] File Action [getAbsolutePath] successfully performed. With the following test data [Relative Folder Path: "target/downloadedFiles/"]. @28-04-2021 21:05:34.0827 PM
[ReportManager] Attempting to run remotely on: [Linux-64], [GoogleChrome], [http://localhost:4444/wd/hub], Headless Execution. @28-04-2021 21:05:34.0827 PM
[ReportManager] Successfully Opened [GoogleChrome]. @28-04-2021 21:05:35.0118 P

################################################################################################################################################
Starting Execution:	[9 out of 137] test cases in the current suite
Test Method:		[testPackage01.Test_dragAndDrop.dragAndDropJquery]
################################################################################################################################################
[ReportManager] Target URL: [https://jqueryui.com/resources/demos/droppable/default.html] @28-04-2021 21:05:35.0153 PM
[ReportManager] Initial URL: [data:,] @28-04-2021 21:05:35.0218 PM
[ReportManager] Browser Action [navigateToURL] successfully performed. With the following test data [https://jqueryui.com/resources/demos/droppable/default.html]. @28-04-2021 21:05:35.0665 PM
[ReportManager] Element Action [getText] successfully performed. With the following test data [Drop here]. @28-04-2021 21:05:35.0791 PM
[ReportManager] Element Action [dragAndDrop] successfully performed. With the following test data [Start point: (8, 18), End point: (8, 18)]. @28-04-2021 21:05:37.0285 PM
[ReportManager] Element Action [getText] successfully performed. With the following test data [Dropped!]. @28-04-2021 21:05:37.0405 PM
[ReportManager] Checking to see if the text has changed after performing drag and drop... @28-04-2021 21:05:37.0405 PM
[ReportManager] AssertEquals PASSED; Expected [Drop here] and Actual [Dropped!]. Comparison Type [EQUALS]. Validation Type [NEGATIVE]. @28-04-2021 21:05:37.0406 P
[ReportManager] Successfully created attachment [Selenium WebDriver Logs - server] @28-04-2021 21:05:37.0534 PM
[ReportManager] Successfully created attachment [Selenium WebDriver Logs - performance] @28-04-2021 21:05:37.0563 PM
[ReportManager] Successfully created attachment [Selenium WebDriver Logs - driver] @28-04-2021 21:05:37.0686 PM
[ReportManager] Browser Action [closeCurrentWindow] successfully performed. @28-04-2021 21:05:37.0746 PM
[ReportManager] Successfully created attachment [Browser Action Test Data - closeCurrentWindow - Actual Value] @28-04-2021 21:05:37.0747 P

################################################################################################################################################
Starting Execution:	[10 out of 137] test cases in the current suite
Test Method:		[testPackage01.Test_SkipDueToIssue.doNotSkip]
################################################################################################################################################
[ReportManager] This should not be skipped. @28-04-2021 21:05:37.0753 P

################################################################################################################################################
Starting Execution:	[11 out of 137] test cases in the current suite
Test Method:		[testPackage01.Test_SkipDueToIssue.skip]
################################################################################################################################################
[ReportManager] This should be skipped. @28-04-2021 21:05:37.0765 P

################################################################################################################################################
Starting Execution:	[12 out of 137] test cases in the current suite
Test Method:		[testPackage01.Test_SkipDueToIssue.skip2]
################################################################################################################################################
[ReportManager] This should be skipped. @28-04-2021 21:05:37.0775 P

################################################################################################################################################
Starting Execution:	[13 out of 137] test cases in the current suite
Test Method:		[testPackage01.Test_chainableElementActions.chainElementActions]
################################################################################################################################################
[ReportManager] File Action [getAbsolutePath] successfully performed. With the following test data [Relative Folder Path: "target/downloadedFiles/"]. @28-04-2021 21:05:37.0781 PM
[ReportManager] Attempting to run remotely on: [Linux-64], [GoogleChrome], [http://localhost:4444/wd/hub], Headless Execution. @28-04-2021 21:05:37.0782 PM
[ReportManager] Successfully Opened [GoogleChrome]. @28-04-2021 21:05:38.0184 PM
[ReportManager] Target URL: [https://www.google.com/ncr], and after redirection: [https://www.google.com] @28-04-2021 21:05:38.0212 PM
[ReportManager] Initial URL: [data:,] @28-04-2021 21:05:38.0282 PM
[ReportManager] Browser Action [navigateToURL] successfully performed. With the following test data [https://www.google.com/ncr]. @28-04-2021 21:05:39.0233 PM
[ReportManager] Element Action [type] successfully performed. With the following test data [chained type 1]. @28-04-2021 21:05:39.0959 PM
[ReportManager] Element Action [type] successfully performed. With the following test data [chained type 2]. @28-04-2021 21:05:40.0669 PM
[ReportManager] Element Action [typeAppend] successfully performed. With the following test data [345]. @28-04-2021 21:05:40.0848 PM
[ReportManager] Element Action [getText] successfully performed. With the following test data [chained type 2345]. @28-04-2021 21:05:41.0014 PM
[ReportManager] Loaded Shared OpenCV @28-04-2021 21:05:41.0192 PM
[ReportManager] AssertElementAttribute PASSED; Expected [Value Should be 'chained type 2345' for the 'text' attribute, element locator 'By.name: q'] and Actual [chained type 2345]. Comparison Type [EQUALS]. Validation Type [POSITIVE]. @28-04-2021 21:05:41.0272 PM
[ReportManager] Successfully created attachment [Screenshot - 1619643941192_chainElementActions_AssertElementAttribute_passed] @28-04-2021 21:05:41.0274 PM
[ReportManager] Successfully created attachment [Selenium WebDriver Logs - server] @28-04-2021 21:05:41.0370 PM
[ReportManager] Successfully created attachment [Selenium WebDriver Logs - performance] @28-04-2021 21:05:41.0541 PM
[ReportManager] Successfully created attachment [Selenium WebDriver Logs - driver] @28-04-2021 21:05:41.0759 PM
[ReportManager] Browser Action [closeCurrentWindow] successfully performed. @28-04-2021 21:05:41.0818 PM
[ReportManager] Successfully created attachment [Browser Action Test Data - closeCurrentWindow - Actual Value] @28-04-2021 21:05:41.0819 P
[ReportManager] File Action [getAbsolutePath] successfully performed. With the following test data [Relative Folder Path: "target/downloadedFiles/"]. @28-04-2021 21:05:41.0839 PM
[ReportManager] Attempting to run remotely on: [Linux-64], [GoogleChrome], [http://localhost:4444/wd/hub], Headless Execution. @28-04-2021 21:05:41.0840 PM
[ReportManager] Successfully Opened [GoogleChrome]. @28-04-2021 21:05:42.0111 P

################################################################################################################################################
Starting Execution:	[14 out of 137] test cases in the current suite
Test Method:		[testPackage01.Test_clipboardActions.typeTextAndCopyPaste]
################################################################################################################################################
[ReportManager] Target URL: [https://www.google.com/ncr], and after redirection: [https://www.google.com] @28-04-2021 21:05:42.0134 PM
[ReportManager] Initial URL: [data:,] @28-04-2021 21:05:42.0203 PM
[ReportManager] Browser Action [navigateToURL] successfully performed. With the following test data [https://www.google.com/ncr]. @28-04-2021 21:05:43.0152 PM
[ReportManager] Element Action [type] successfully performed. With the following test data [FIRST]. @28-04-2021 21:05:43.0729 PM
[ReportManager] Element Action [clipboardActions] successfully performed. With the following test data [select all]. @28-04-2021 21:05:43.0847 PM
[ReportManager] Element Action [clipboardActions] successfully performed. With the following test data [copy]. @28-04-2021 21:05:43.0942 PM
[ReportManager] Element Action [clipboardActions] successfully performed. With the following test data [unselect]. @28-04-2021 21:05:44.0034 PM
[ReportManager] Element Action [clipboardActions] successfully performed. With the following test data [paste]. @28-04-2021 21:05:44.0141 PM
[ReportManager] Element Action [clipboardActions] successfully performed. With the following test data [select all]. @28-04-2021 21:05:44.0232 PM
[ReportManager] Element Action [clipboardActions] successfully performed. With the following test data [cut]. @28-04-2021 21:05:44.0373 PM
[ReportManager] Element Action [clipboardActions] successfully performed. With the following test data [paste]. @28-04-2021 21:05:44.0486 PM
[ReportManager] Element Action [clipboardActions] successfully performed. With the following test data [paste]. @28-04-2021 21:05:44.0600 P
[ReportManager] Successfully created attachment [Selenium WebDriver Logs - server] @28-04-2021 21:05:44.0710 PM
[ReportManager] Successfully created attachment [Selenium WebDriver Logs - performance] @28-04-2021 21:05:44.0789 PM
[ReportManager] Successfully created attachment [Selenium WebDriver Logs - driver] @28-04-2021 21:05:44.0984 PM
[ReportManager] Browser Action [closeCurrentWindow] successfully performed. @28-04-2021 21:05:45.0046 PM
[ReportManager] Successfully created attachment [Browser Action Test Data - closeCurrentWindow - Actual Value] @28-04-2021 21:05:45.0047 P
[ReportManager] File Action [getAbsolutePath] successfully performed. With the following test data [Relative Folder Path: "target/downloadedFiles/"]. @28-04-2021 21:05:45.0049 PM
[ReportManager] Attempting to run remotely on: [Linux-64], [GoogleChrome], [http://localhost:4444/wd/hub], Headless Execution. @28-04-2021 21:05:45.0049 PM
[ReportManager] Successfully Opened [GoogleChrome]. @28-04-2021 21:05:45.0319 P

################################################################################################################################################
Starting Execution:	[15 out of 137] test cases in the current suite
Test Method:		[testPackage01.Test_verifyEquals.test_assertElementAttribute]
################################################################################################################################################
[ReportManager] Target URL: [https://www.google.com/ncr], and after redirection: [https://www.google.com] @28-04-2021 21:05:45.0336 PM
[ReportManager] Initial URL: [data:,] @28-04-2021 21:05:45.0403 PM
[ReportManager] Browser Action [navigateToURL] successfully performed. With the following test data [https://www.google.com/ncr]. @28-04-2021 21:05:46.0386 PM
[ReportManager] Element Action [type] successfully performed. With the following test data [INC_004010050:Another SCHEDULER with the same name [Duplicate Job Name] already exists.]. @28-04-2021 21:05:48.0947 PM
[ReportManager] Element Action [getText] successfully performed. With the following test data [INC_004010050:Another SCHEDULER with the same name [Duplicate Job Name] already exists.]. @28-04-2021 21:05:49.0108 PM
[ReportManager] Loaded Shared OpenCV @28-04-2021 21:05:49.0303 PM
[ReportManager] VerifyElementAttribute PASSED; Expected [Value Should be 'INC_004010050:Another SCHEDULER with the same name \[Duplicate Job Name\] already exists.' for the 'text' attribute, element locator 'By.name: q'] and Actual [INC_004010050:Another SCHEDULER with the same name [Duplicate Job Name] already exists.]. Comparison Type [MATCHES]. Validation Type [POSITIVE]. @28-04-2021 21:05:49.0383 PM
[ReportManager] Successfully created attachment [Screenshot - 1619643949303_test_assertElementAttribute_VerifyElementAttribute_passed] @28-04-2021 21:05:49.0384 P
[ReportManager] Successfully created attachment [Selenium WebDriver Logs - server] @28-04-2021 21:05:49.0487 PM
[ReportManager] Successfully created attachment [Selenium WebDriver Logs - performance] @28-04-2021 21:05:49.0884 PM
[ReportManager] Successfully created attachment [Selenium WebDriver Logs - driver] @28-04-2021 21:05:50.0187 PM
[ReportManager] Browser Action [closeCurrentWindow] successfully performed. @28-04-2021 21:05:50.0245 PM
[ReportManager] Successfully created attachment [Browser Action Test Data - closeCurrentWindow - Actual Value] @28-04-2021 21:05:50.0246 P

################################################################################################################################################
Starting Execution:	[16 out of 137] test cases in the current suite
Test Method:		[testPackage01.Test_JSONFileManager.readStringFromJson]
################################################################################################################################################
[ReportManager] Successfully loaded the following test data file [src/test/resources/TestDataFiles/simpleJSON.json]. @28-04-2021 21:05:50.0259 PM
[ReportManager] Successfully created attachment [Test Data - JSON] @28-04-2021 21:05:50.0526 PM
[ReportManager] AssertEquals PASSED; Expected [Mohab Mohie] and Actual [Mohab Mohie]. Comparison Type [EQUALS]. Validation Type [POSITIVE]. @28-04-2021 21:05:52.0712 P
[ReportManager] File Action [getAbsolutePath] successfully performed. With the following test data [Relative Folder Path: "target/downloadedFiles/"]. @28-04-2021 21:05:52.0735 PM
[ReportManager] Attempting to run remotely on: [Linux-64], [GoogleChrome], [http://localhost:4444/wd/hub], Headless Execution. @28-04-2021 21:05:52.0735 PM
[ReportManager] Successfully Opened [GoogleChrome]. @28-04-2021 21:05:53.0205 P

################################################################################################################################################
Starting Execution:	[17 out of 137] test cases in the current suite
Test Method:		[testPackage01.Test_uploadFile.uploadFile_invisibleUploadInput]
################################################################################################################################################
[ReportManager] Target URL: [https://fineuploader.com/demos.html#gallery-view] @28-04-2021 21:05:53.0229 PM
[ReportManager] Initial URL: [data:,] @28-04-2021 21:05:53.0316 PM
[ReportManager] Browser Action [navigateToURL] successfully performed. With the following test data [https://fineuploader.com/demos.html#gallery-view]. @28-04-2021 21:05:55.0455 PM
[ReportManager] File Action [getAbsolutePath] successfully performed. With the following test data [Relative File Path: "src/main/resources/images/shaft.png"]. @28-04-2021 21:05:55.0456 PM
[ReportManager] Successfully created attachment [File Action Actual Result - Command Log] @28-04-2021 21:05:55.0456 PM
[ReportManager] Element Action [typeFileLocationForUpload] successfully performed. With the following test data [/home/runner/work/SHAFT_ENGINE/SHAFT_ENGINE/src/main/resources/images/shaft.png]. @28-04-2021 21:05:55.0717 PM
[ReportManager] Attempting to getAttribute [src] from elementLocator [By.xpath: //div[@id='fine-uploader-gallery']//div[@class='qq-thumbnail-wrapper']/img]. @28-04-2021 21:05:55.0717 PM
[ReportManager] Element Action [getAttribute] successfully performed. @28-04-2021 21:05:55.0903 PM
[ReportManager] Successfully created attachment [Element Action Test Data - getAttribute - Actual Value] @28-04-2021 21:05:55.0904 PM
[ReportManager] Loaded Shared OpenCV @28-04-2021 21:05:56.0096 PM
[ReportManager] AssertElementAttribute PASSED; Expected and Actual values are attached. Comparison Type [CONTAINS]. Validation Type [POSITIVE]. @28-04-2021 21:05:56.0181 PM
[ReportManager] Successfully created attachment [Validation Test Data - Expected Value] @28-04-2021 21:05:56.0182 PM
[ReportManager] Successfully created attachment [Validation Test Data - Actual Value] @28-04-2021 21:05:56.0182 PM
[ReportManager] Successfully created attachment [Screenshot - 1619643956096_uploadFile_invisibleUploadInput_AssertElementAttribute_passed] @28-04-2021 21:05:56.0183 P
[ReportManager] Successfully created attachment [Selenium WebDriver Logs - server] @28-04-2021 21:05:56.0339 PM
[ReportManager] Successfully created attachment [Selenium WebDriver Logs - performance] @28-04-2021 21:05:56.0431 PM
[ReportManager] Successfully created attachment [Selenium WebDriver Logs - browser] @28-04-2021 21:05:56.0443 PM
[ReportManager] Successfully created attachment [Selenium WebDriver Logs - driver] @28-04-2021 21:05:56.0595 PM
[ReportManager] Browser Action [closeCurrentWindow] successfully performed. @28-04-2021 21:05:56.0653 PM
[ReportManager] Successfully created attachment [Browser Action Test Data - closeCurrentWindow - Actual Value] @28-04-2021 21:05:56.0653 P
[ReportManager] File Action [getAbsolutePath] successfully performed. With the following test data [Relative Folder Path: "target/downloadedFiles/"]. @28-04-2021 21:05:56.0661 PM
[ReportManager] Attempting to run remotely on: [Linux-64], [GoogleChrome], [http://localhost:4444/wd/hub], Headless Execution. @28-04-2021 21:05:56.0662 PM
[ReportManager] Successfully Opened [GoogleChrome]. @28-04-2021 21:05:56.0939 P

################################################################################################################################################
Starting Execution:	[18 out of 137] test cases in the current suite
Test Method:		[testPackage01.Test_uploadFile.uploadFile_visibleUploadInput]
################################################################################################################################################
[ReportManager] Target URL: [http://demo.guru99.com/test/upload/] @28-04-2021 21:05:56.0959 PM
[ReportManager] Initial URL: [data:,] @28-04-2021 21:05:57.0025 PM
[ReportManager] Browser Action [navigateToURL] successfully performed. With the following test data [http://demo.guru99.com/test/upload/]. @28-04-2021 21:05:57.0894 PM
[ReportManager] File Action [getAbsolutePath] successfully performed. With the following test data [Relative File Path: "src/main/resources/images/shaft.png"]. @28-04-2021 21:05:57.0895 PM
[ReportManager] Successfully created attachment [File Action Actual Result - Command Log] @28-04-2021 21:05:57.0896 PM
[ReportManager] Element Action [typeFileLocationForUpload] successfully performed. With the following test data [/home/runner/work/SHAFT_ENGINE/SHAFT_ENGINE/src/main/resources/images/shaft.png]. @28-04-2021 21:05:58.0132 PM
[ReportManager] Element Action [click] successfully performed. With the following test data [on]. @28-04-2021 21:05:58.0543 PM
[ReportManager] Element Action [click] successfully performed. With the following test data [Submit File]. @28-04-2021 21:05:58.0954 PM
[ReportManager] Element Action [getText] successfully performed. With the following test data [1 file
has been successfully uploaded.]. @28-04-2021 21:05:59.0600 PM
[ReportManager] Loaded Shared OpenCV @28-04-2021 21:05:59.0791 PM
[ReportManager] AssertElementAttribute PASSED; Expected [Value Should be '1 file' for the 'Text' attribute, element locator 'By.id: res'] and Actual [1 file
has been successfully uploaded.]. Comparison Type [CONTAINS]. Validation Type [POSITIVE]. @28-04-2021 21:05:59.0877 PM
[ReportManager] Successfully created attachment [Screenshot - 1619643959791_uploadFile_visibleUploadInput_AssertElementAttribute_passed] @28-04-2021 21:05:59.0878 P
[ReportManager] Successfully created attachment [Selenium WebDriver Logs - server] @28-04-2021 21:05:59.0959 PM
[ReportManager] Successfully created attachment [Selenium WebDriver Logs - performance] @28-04-2021 21:06:00.0028 PM
[ReportManager] Successfully created attachment [Selenium WebDriver Logs - browser] @28-04-2021 21:06:00.0038 PM
[ReportManager] Successfully created attachment [Selenium WebDriver Logs - driver] @28-04-2021 21:06:00.0194 PM
[ReportManager] Browser Action [closeCurrentWindow] successfully performed. @28-04-2021 21:06:00.0252 PM
[ReportManager] Successfully created attachment [Browser Action Test Data - closeCurrentWindow - Actual Value] @28-04-2021 21:06:00.0252 P
[ReportManager] File Action [getAbsolutePath] successfully performed. With the following test data [Relative Folder Path: "target/downloadedFiles/"]. @28-04-2021 21:06:00.0258 PM
[ReportManager] Attempting to run remotely on: [Linux-64], [GoogleChrome], [http://localhost:4444/wd/hub], Headless Execution. @28-04-2021 21:06:00.0261 PM
[ReportManager] Successfully Opened [GoogleChrome]. @28-04-2021 21:06:00.0540 P

################################################################################################################################################
Starting Execution:	[19 out of 137] test cases in the current suite
Test Method:		[testPackage01.Test_ShadowDOM.shadowdom]
################################################################################################################################################
[ReportManager] Target URL: [https://mdn.github.io/web-components-examples/popup-info-box-web-component/] @28-04-2021 21:06:00.0575 PM
[ReportManager] Initial URL: [data:,] @28-04-2021 21:06:00.0631 PM
[ReportManager] Browser Action [navigateToURL] successfully performed. With the following test data [https://mdn.github.io/web-components-examples/popup-info-box-web-component/]. @28-04-2021 21:06:00.0932 PM
[ReportManager] Element Action [type] successfully performed. With the following test data [Typing into SHADOW DOM...]. @28-04-2021 21:06:01.0795 PM
[ReportManager] Element Action [getText] successfully performed. With the following test data [Typing into SHADOW DOM...]. @28-04-2021 21:06:01.0930 PM
[ReportManager] Loaded Shared OpenCV @28-04-2021 21:06:02.0099 PM
[ReportManager] AssertElementAttribute PASSED; Expected [Value Should be 'Typing into SHADOW DOM...' for the 'Text' attribute, element locator 'By.id: cvc'] and Actual [Typing into SHADOW DOM...]. Comparison Type [EQUALS]. Validation Type [POSITIVE]. @28-04-2021 21:06:02.0176 PM
[ReportManager] Successfully created attachment [Screenshot - 1619643962099_shadowdom_AssertElementAttribute_passed] @28-04-2021 21:06:02.0176 P
[ReportManager] Successfully created attachment [Selenium WebDriver Logs - server] @28-04-2021 21:06:02.0234 PM
[ReportManager] Successfully created attachment [Selenium WebDriver Logs - performance] @28-04-2021 21:06:02.0248 PM
[ReportManager] Successfully created attachment [Selenium WebDriver Logs - browser] @28-04-2021 21:06:02.0261 PM
[ReportManager] Successfully created attachment [Selenium WebDriver Logs - driver] @28-04-2021 21:06:02.0374 PM
[ReportManager] Browser Action [closeCurrentWindow] successfully performed. @28-04-2021 21:06:02.0433 PM
[ReportManager] Successfully created attachment [Browser Action Test Data - closeCurrentWindow - Actual Value] @28-04-2021 21:06:02.0433 P

################################################################################################################################################
Starting Execution:	[20 out of 137] test cases in the current suite
Test Method:		[testPackage01.Test_NewValidationHelper.f1]
################################################################################################################################################
[ReportManager] Checking valid user data... @28-04-2021 21:06:02.0457 PM
[ReportManager] AssertEquals PASSED; Expected and Actual values are attached. Comparison Type [EQUALS]. Validation Type [POSITIVE]. @28-04-2021 21:06:02.0457 PM
[ReportManager] Successfully created attachment [Validation Test Data - Expected Value] @28-04-2021 21:06:02.0458 PM
[ReportManager] Successfully created attachment [Validation Test Data - Actual Value] @28-04-2021 21:06:02.0458 P
[ReportManager] File Action [getAbsolutePath] successfully performed. With the following test data [Relative Folder Path: "target/downloadedFiles/"]. @28-04-2021 21:06:02.0470 PM
[ReportManager] Attempting to run remotely on: [Linux-64], [GoogleChrome], [http://localhost:4444/wd/hub], Headless Execution. @28-04-2021 21:06:02.0471 PM
[ReportManager] Successfully Opened [GoogleChrome]. @28-04-2021 21:06:02.0743 PM
[ReportManager] Target URL: [https://the-internet.herokuapp.com/] @28-04-2021 21:06:02.0764 PM
[ReportManager] Initial URL: [data:,] @28-04-2021 21:06:02.0826 PM
[ReportManager] Browser Action [navigateToURL] successfully performed. With the following test data [https://the-internet.herokuapp.com/]. @28-04-2021 21:06:03.0380 P

################################################################################################################################################
Starting Execution:	[21 out of 137] test cases in the current suite
Test Method:		[testPackage01.Test_NewValidationHelper.f10]
################################################################################################################################################
[ReportManager] AssertElementExists FAILED; Expected [Element Should Exist, locator 'By.tagName: div'] and Actual [Element Exists but is not unique]. Comparison Type [EQUALS]. Validation Type [POSITIVE]. @28-04-2021 21:06:03.0719 PM
[ReportManager] Successfully created attachment [Screenshot - 1619643963630_f10_AssertElementExists_failed] @28-04-2021 21:06:03.0719 P
[ReportManager] Successfully created attachment [Selenium WebDriver Logs - server] @28-04-2021 21:06:03.0738 PM
[ReportManager] Successfully created attachment [Selenium WebDriver Logs - performance] @28-04-2021 21:06:03.0766 PM
[ReportManager] Successfully created attachment [Selenium WebDriver Logs - browser] @28-04-2021 21:06:03.0776 PM
[ReportManager] Successfully created attachment [Selenium WebDriver Logs - driver] @28-04-2021 21:06:03.0838 PM
[ReportManager] Successfully Closed All Drivers. @28-04-2021 21:06:03.0915 P
[ReportManager] File Action [getAbsolutePath] successfully performed. With the following test data [Relative Folder Path: "target/downloadedFiles/"]. @28-04-2021 21:06:03.0917 PM
[ReportManager] Attempting to run remotely on: [Linux-64], [GoogleChrome], [http://localhost:4444/wd/hub], Headless Execution. @28-04-2021 21:06:03.0917 PM
[ReportManager] Successfully Opened [GoogleChrome]. @28-04-2021 21:06:04.0188 PM
[ReportManager] Target URL: [https://the-internet.herokuapp.com/] @28-04-2021 21:06:04.0200 PM
[ReportManager] Initial URL: [data:,] @28-04-2021 21:06:04.0261 PM
[ReportManager] Browser Action [navigateToURL] successfully performed. With the following test data [https://the-internet.herokuapp.com/]. @28-04-2021 21:06:04.0757 P

################################################################################################################################################
Starting Execution:	[22 out of 137] test cases in the current suite
Test Method:		[testPackage01.Test_NewValidationHelper.f11]
################################################################################################################################################
[ReportManager] Checking that false tag doesn't exist... @28-04-2021 21:06:04.0765 PM
[ReportManager] AssertElementExists PASSED; Expected [Element Should not Exist, locator 'By.tagName: h3'] and Actual [Element Doesn't Exists]. Comparison Type [EQUALS]. Validation Type [NEGATIVE]. @28-04-2021 21:06:15.0206 PM
[ReportManager] Successfully created attachment [Screenshot - 1619643975130_f11_AssertElementExists_passed] @28-04-2021 21:06:15.0206 P
[ReportManager] Successfully created attachment [Selenium WebDriver Logs - server] @28-04-2021 21:06:15.0224 PM
[ReportManager] Successfully created attachment [Selenium WebDriver Logs - performance] @28-04-2021 21:06:15.0246 PM
[ReportManager] Successfully created attachment [Selenium WebDriver Logs - browser] @28-04-2021 21:06:15.0255 PM
[ReportManager] Successfully created attachment [Selenium WebDriver Logs - driver] @28-04-2021 21:06:15.0316 PM
[ReportManager] Successfully Closed All Drivers. @28-04-2021 21:06:15.0406 P
[ReportManager] File Action [getAbsolutePath] successfully performed. With the following test data [Relative Folder Path: "target/downloadedFiles/"]. @28-04-2021 21:06:15.0409 PM
[ReportManager] Attempting to run remotely on: [Linux-64], [GoogleChrome], [http://localhost:4444/wd/hub], Headless Execution. @28-04-2021 21:06:15.0409 PM
[ReportManager] Successfully Opened [GoogleChrome]. @28-04-2021 21:06:15.0696 PM
[ReportManager] Target URL: [https://the-internet.herokuapp.com/] @28-04-2021 21:06:15.0710 PM
[ReportManager] Initial URL: [data:,] @28-04-2021 21:06:15.0761 PM
[ReportManager] Browser Action [navigateToURL] successfully performed. With the following test data [https://the-internet.herokuapp.com/]. @28-04-2021 21:06:16.0287 P

################################################################################################################################################
Starting Execution:	[23 out of 137] test cases in the current suite
Test Method:		[testPackage01.Test_NewValidationHelper.f12]
################################################################################################################################################
[ReportManager] Loaded Shared OpenCV @28-04-2021 21:06:16.0560 PM
[ReportManager] AssertElementExists FAILED; Expected [Element Should not Exist, locator 'By.tagName: h1'] and Actual [Element Exists]. Comparison Type [EQUALS]. Validation Type [NEGATIVE]. @28-04-2021 21:06:16.0646 PM
[ReportManager] Successfully created attachment [Screenshot - 1619643976559_f12_AssertElementExists_failed] @28-04-2021 21:06:16.0648 P
[ReportManager] Successfully created attachment [Selenium WebDriver Logs - server] @28-04-2021 21:06:16.0665 PM
[ReportManager] Successfully created attachment [Selenium WebDriver Logs - performance] @28-04-2021 21:06:16.0689 PM
[ReportManager] Successfully created attachment [Selenium WebDriver Logs - browser] @28-04-2021 21:06:16.0696 PM
[ReportManager] Successfully created attachment [Selenium WebDriver Logs - driver] @28-04-2021 21:06:16.0752 PM
[ReportManager] Successfully Closed All Drivers. @28-04-2021 21:06:16.0830 P
[ReportManager] File Action [getAbsolutePath] successfully performed. With the following test data [Relative Folder Path: "target/downloadedFiles/"]. @28-04-2021 21:06:16.0833 PM
[ReportManager] Attempting to run remotely on: [Linux-64], [GoogleChrome], [http://localhost:4444/wd/hub], Headless Execution. @28-04-2021 21:06:16.0833 PM
[ReportManager] Successfully Opened [GoogleChrome]. @28-04-2021 21:06:17.0094 PM
[ReportManager] Target URL: [https://the-internet.herokuapp.com/] @28-04-2021 21:06:17.0110 PM
[ReportManager] Initial URL: [data:,] @28-04-2021 21:06:17.0166 PM
[ReportManager] Browser Action [navigateToURL] successfully performed. With the following test data [https://the-internet.herokuapp.com/]. @28-04-2021 21:06:17.0706 P

################################################################################################################################################
Starting Execution:	[24 out of 137] test cases in the current suite
Test Method:		[testPackage01.Test_NewValidationHelper.f13]
################################################################################################################################################
[ReportManager] AssertElementExists FAILED; Expected [Element Should not Exist, locator 'By.tagName: div'] and Actual [Element Exists but is not unique]. Comparison Type [EQUALS]. Validation Type [NEGATIVE]. @28-04-2021 21:06:18.0034 PM
[ReportManager] Successfully created attachment [Screenshot - 1619643977965_f13_AssertElementExists_failed] @28-04-2021 21:06:18.0035 P
[ReportManager] Successfully created attachment [Selenium WebDriver Logs - server] @28-04-2021 21:06:18.0051 PM
[ReportManager] Successfully created attachment [Selenium WebDriver Logs - performance] @28-04-2021 21:06:18.0073 PM
[ReportManager] Successfully created attachment [Selenium WebDriver Logs - browser] @28-04-2021 21:06:18.0082 PM
[ReportManager] Successfully created attachment [Selenium WebDriver Logs - driver] @28-04-2021 21:06:18.0140 PM
[ReportManager] Successfully Closed All Drivers. @28-04-2021 21:06:18.0217 P
[ReportManager] File Action [getAbsolutePath] successfully performed. With the following test data [Relative Folder Path: "target/downloadedFiles/"]. @28-04-2021 21:06:18.0223 PM
[ReportManager] Attempting to run remotely on: [Linux-64], [GoogleChrome], [http://localhost:4444/wd/hub], Headless Execution. @28-04-2021 21:06:18.0224 PM
[ReportManager] Successfully Opened [GoogleChrome]. @28-04-2021 21:06:18.0506 PM
[ReportManager] Target URL: [https://the-internet.herokuapp.com/] @28-04-2021 21:06:18.0519 PM
[ReportManager] Initial URL: [data:,] @28-04-2021 21:06:18.0578 PM
[ReportManager] Browser Action [navigateToURL] successfully performed. With the following test data [https://the-internet.herokuapp.com/]. @28-04-2021 21:06:19.0059 P

################################################################################################################################################
Starting Execution:	[25 out of 137] test cases in the current suite
Test Method:		[testPackage01.Test_NewValidationHelper.f14]
################################################################################################################################################
[ReportManager] Asserting that the header text is correct... @28-04-2021 21:06:19.0067 PM
[ReportManager] Element Action [getText] successfully performed. With the following test data [Welcome to the-internet]. @28-04-2021 21:06:19.0177 PM
[ReportManager] Loaded Shared OpenCV @28-04-2021 21:06:19.0360 PM
[ReportManager] AssertElementAttribute PASSED; Expected [Value Should be 'Welcome to the-internet' for the 'text' attribute, element locator 'By.tagName: h1'] and Actual [Welcome to the-internet]. Comparison Type [EQUALS]. Validation Type [POSITIVE]. @28-04-2021 21:06:19.0455 PM
[ReportManager] Successfully created attachment [Screenshot - 1619643979360_f14_AssertElementAttribute_passed] @28-04-2021 21:06:19.0457 P
[ReportManager] Successfully created attachment [Selenium WebDriver Logs - server] @28-04-2021 21:06:19.0471 PM
[ReportManager] Successfully created attachment [Selenium WebDriver Logs - performance] @28-04-2021 21:06:19.0495 PM
[ReportManager] Successfully created attachment [Selenium WebDriver Logs - browser] @28-04-2021 21:06:19.0503 PM
[ReportManager] Successfully created attachment [Selenium WebDriver Logs - driver] @28-04-2021 21:06:19.0568 PM
[ReportManager] Successfully Closed All Drivers. @28-04-2021 21:06:19.0652 P
[ReportManager] File Action [getAbsolutePath] successfully performed. With the following test data [Relative Folder Path: "target/downloadedFiles/"]. @28-04-2021 21:06:19.0655 PM
[ReportManager] Attempting to run remotely on: [Linux-64], [GoogleChrome], [http://localhost:4444/wd/hub], Headless Execution. @28-04-2021 21:06:19.0655 PM
[ReportManager] Successfully Opened [GoogleChrome]. @28-04-2021 21:06:19.0927 PM
[ReportManager] Target URL: [https://the-internet.herokuapp.com/] @28-04-2021 21:06:19.0944 PM
[ReportManager] Initial URL: [data:,] @28-04-2021 21:06:19.0998 PM
[ReportManager] Browser Action [navigateToURL] successfully performed. With the following test data [https://the-internet.herokuapp.com/]. @28-04-2021 21:06:20.0495 P

################################################################################################################################################
Starting Execution:	[26 out of 137] test cases in the current suite
Test Method:		[testPackage01.Test_NewValidationHelper.f15]
################################################################################################################################################
[ReportManager] Element Action [getText] successfully performed. With the following test data [Welcome to the-internet]. @28-04-2021 21:06:20.0611 PM
[ReportManager] Loaded Shared OpenCV @28-04-2021 21:06:20.0799 PM
[ReportManager] AssertElementAttribute FAILED; Expected [Value Should not be 'Welcome' for the 'text' attribute, element locator 'By.tagName: h1'] and Actual [Welcome to the-internet]. Comparison Type [CONTAINS]. Validation Type [NEGATIVE]. @28-04-2021 21:06:20.0881 PM
[ReportManager] Successfully created attachment [Screenshot - 1619643980799_f15_AssertElementAttribute_failed] @28-04-2021 21:06:20.0883 P
[ReportManager] Successfully created attachment [Selenium WebDriver Logs - server] @28-04-2021 21:06:20.0897 PM
[ReportManager] Successfully created attachment [Selenium WebDriver Logs - performance] @28-04-2021 21:06:20.0919 PM
[ReportManager] Successfully created attachment [Selenium WebDriver Logs - browser] @28-04-2021 21:06:20.0927 PM
[ReportManager] Successfully created attachment [Selenium WebDriver Logs - driver] @28-04-2021 21:06:20.0985 PM
[ReportManager] Successfully Closed All Drivers. @28-04-2021 21:06:21.0062 P
[ReportManager] File Action [getAbsolutePath] successfully performed. With the following test data [Relative Folder Path: "target/downloadedFiles/"]. @28-04-2021 21:06:21.0064 PM
[ReportManager] Attempting to run remotely on: [Linux-64], [GoogleChrome], [http://localhost:4444/wd/hub], Headless Execution. @28-04-2021 21:06:21.0065 PM
[ReportManager] Successfully Opened [GoogleChrome]. @28-04-2021 21:06:21.0311 PM
[ReportManager] Target URL: [https://the-internet.herokuapp.com/] @28-04-2021 21:06:21.0323 PM
[ReportManager] Initial URL: [data:,] @28-04-2021 21:06:21.0398 PM
[ReportManager] Browser Action [navigateToURL] successfully performed. With the following test data [https://the-internet.herokuapp.com/]. @28-04-2021 21:06:21.0930 P

################################################################################################################################################
Starting Execution:	[27 out of 137] test cases in the current suite
Test Method:		[testPackage01.Test_NewValidationHelper.f16]
################################################################################################################################################
[ReportManager] Element Action [identifyUniqueElement] failed. With the following test data [zero elements found matching this locator "By.tagName: h3".]. @28-04-2021 21:06:47.0514 PM
[ReportManager] Successfully created attachment [Screenshot - 1619644007446_f16_identifyUniqueElement_failed] @28-04-2021 21:06:47.0515 PM
[ReportManager] AssertElementAttribute FAILED; Expected [Value Should not be 'Welcome' for the 'text' attribute, element locator 'By.tagName: h3'] and Actual [Failed to read the desired element attribute]. Comparison Type [CONTAINS]. Validation Type [NEGATIVE]. @28-04-2021 21:06:47.0515 P
[ReportManager] Successfully created attachment [Selenium WebDriver Logs - server] @28-04-2021 21:06:47.0529 PM
[ReportManager] Successfully created attachment [Selenium WebDriver Logs - performance] @28-04-2021 21:06:47.0549 PM
[ReportManager] Successfully created attachment [Selenium WebDriver Logs - browser] @28-04-2021 21:06:47.0557 PM
[ReportManager] Successfully created attachment [Selenium WebDriver Logs - driver] @28-04-2021 21:06:47.0630 PM
[ReportManager] Successfully Closed All Drivers. @28-04-2021 21:06:47.0706 P
[ReportManager] File Action [getAbsolutePath] successfully performed. With the following test data [Relative Folder Path: "target/downloadedFiles/"]. @28-04-2021 21:06:47.0709 PM
[ReportManager] Attempting to run remotely on: [Linux-64], [GoogleChrome], [http://localhost:4444/wd/hub], Headless Execution. @28-04-2021 21:06:47.0709 PM
[ReportManager] Successfully Opened [GoogleChrome]. @28-04-2021 21:06:47.0962 PM
[ReportManager] Target URL: [https://the-internet.herokuapp.com/] @28-04-2021 21:06:47.0974 PM
[ReportManager] Initial URL: [data:,] @28-04-2021 21:06:48.0033 PM
[ReportManager] Browser Action [navigateToURL] successfully performed. With the following test data [https://the-internet.herokuapp.com/]. @28-04-2021 21:06:48.0580 P

################################################################################################################################################
Starting Execution:	[28 out of 137] test cases in the current suite
Test Method:		[testPackage01.Test_NewValidationHelper.f17]
################################################################################################################################################
[ReportManager] Attempting to getAttribute [text2] from elementLocator [By.tagName: h1]. @28-04-2021 21:06:48.0590 PM
[ReportManager] Element Action [getAttribute] successfully performed. @28-04-2021 21:06:48.0701 PM
[ReportManager] Loaded Shared OpenCV @28-04-2021 21:06:48.0895 PM
[ReportManager] AssertElementAttribute PASSED; Expected [Value Should not be 'Welcome' for the 'text2' attribute, element locator 'By.tagName: h1'] and Actual [null]. Comparison Type [CONTAINS]. Validation Type [NEGATIVE]. @28-04-2021 21:06:48.0977 PM
[ReportManager] Successfully created attachment [Screenshot - 1619644008895_f17_AssertElementAttribute_passed] @28-04-2021 21:06:48.0979 P
[ReportManager] Successfully created attachment [Selenium WebDriver Logs - server] @28-04-2021 21:06:48.0995 PM
[ReportManager] Successfully created attachment [Selenium WebDriver Logs - performance] @28-04-2021 21:06:49.0019 PM
[ReportManager] Successfully created attachment [Selenium WebDriver Logs - browser] @28-04-2021 21:06:49.0028 PM
[ReportManager] Successfully created attachment [Selenium WebDriver Logs - driver] @28-04-2021 21:06:49.0089 PM
[ReportManager] Successfully Closed All Drivers. @28-04-2021 21:06:49.0179 P
[ReportManager] File Action [getAbsolutePath] successfully performed. With the following test data [Relative Folder Path: "target/downloadedFiles/"]. @28-04-2021 21:06:49.0181 PM
[ReportManager] Attempting to run remotely on: [Linux-64], [GoogleChrome], [http://localhost:4444/wd/hub], Headless Execution. @28-04-2021 21:06:49.0181 PM
[ReportManager] Successfully Opened [GoogleChrome]. @28-04-2021 21:06:49.0560 PM
[ReportManager] Target URL: [https://the-internet.herokuapp.com/] @28-04-2021 21:06:49.0593 PM
[ReportManager] Initial URL: [data:,] @28-04-2021 21:06:49.0670 PM
[ReportManager] Browser Action [navigateToURL] successfully performed. With the following test data [https://the-internet.herokuapp.com/]. @28-04-2021 21:06:50.0190 P

################################################################################################################################################
Starting Execution:	[29 out of 137] test cases in the current suite
Test Method:		[testPackage01.Test_NewValidationHelper.f18]
################################################################################################################################################
[ReportManager] Element Action [getText] successfully performed. With the following test data [Welcome to the-internet]. @28-04-2021 21:06:50.0312 PM
[ReportManager] Loaded Shared OpenCV @28-04-2021 21:06:50.0495 PM
[ReportManager] AssertElementAttribute PASSED; Expected [Value Should not be 'no' for the 'text' attribute, element locator 'By.tagName: h1'] and Actual [Welcome to the-internet]. Comparison Type [CONTAINS]. Validation Type [NEGATIVE]. @28-04-2021 21:06:50.0577 PM
[ReportManager] Successfully created attachment [Screenshot - 1619644010495_f18_AssertElementAttribute_passed] @28-04-2021 21:06:50.0578 P
[ReportManager] Successfully created attachment [Selenium WebDriver Logs - server] @28-04-2021 21:06:50.0599 PM
[ReportManager] Successfully created attachment [Selenium WebDriver Logs - performance] @28-04-2021 21:06:50.0621 PM
[ReportManager] Successfully created attachment [Selenium WebDriver Logs - browser] @28-04-2021 21:06:50.0635 PM
[ReportManager] Successfully created attachment [Selenium WebDriver Logs - driver] @28-04-2021 21:06:50.0723 PM
[ReportManager] Successfully Closed All Drivers. @28-04-2021 21:06:50.0797 P
[ReportManager] File Action [getAbsolutePath] successfully performed. With the following test data [Relative Folder Path: "target/downloadedFiles/"]. @28-04-2021 21:06:50.0801 PM
[ReportManager] Attempting to run remotely on: [Linux-64], [GoogleChrome], [http://localhost:4444/wd/hub], Headless Execution. @28-04-2021 21:06:50.0802 PM
[ReportManager] Successfully Opened [GoogleChrome]. @28-04-2021 21:06:51.0078 PM
[ReportManager] Target URL: [https://the-internet.herokuapp.com/] @28-04-2021 21:06:51.0089 PM
[ReportManager] Initial URL: [data:,] @28-04-2021 21:06:51.0141 PM
[ReportManager] Browser Action [navigateToURL] successfully performed. With the following test data [https://the-internet.herokuapp.com/]. @28-04-2021 21:06:51.0672 P

################################################################################################################################################
Starting Execution:	[30 out of 137] test cases in the current suite
Test Method:		[testPackage01.Test_NewValidationHelper.f19]
################################################################################################################################################
[ReportManager] Element Action [getTagName] successfully performed. With the following test data [h1]. @28-04-2021 21:06:51.0788 PM
[ReportManager] Loaded Shared OpenCV @28-04-2021 21:06:51.0981 PM
[ReportManager] AssertElementAttribute PASSED; Expected [Value Should be 'h' for the 'tagname' attribute, element locator 'By.tagName: h1'] and Actual [h1]. Comparison Type [CONTAINS]. Validation Type [POSITIVE]. @28-04-2021 21:06:52.0065 PM
[ReportManager] Successfully created attachment [Screenshot - 1619644011981_f19_AssertElementAttribute_passed] @28-04-2021 21:06:52.0066 P
[ReportManager] Successfully created attachment [Selenium WebDriver Logs - server] @28-04-2021 21:06:52.0084 PM
[ReportManager] Successfully created attachment [Selenium WebDriver Logs - performance] @28-04-2021 21:06:52.0116 PM
[ReportManager] Successfully created attachment [Selenium WebDriver Logs - browser] @28-04-2021 21:06:52.0123 PM
[ReportManager] Successfully created attachment [Selenium WebDriver Logs - driver] @28-04-2021 21:06:52.0189 PM
[ReportManager] Successfully Closed All Drivers. @28-04-2021 21:06:52.0274 P

################################################################################################################################################
Starting Execution:	[31 out of 137] test cases in the current suite
Test Method:		[testPackage01.Test_NewValidationHelper.f2]
################################################################################################################################################
[ReportManager] Checking valid user data... @28-04-2021 21:06:52.0281 PM
[ReportManager] AssertEquals FAILED; Expected [1] and Actual [2]. Comparison Type [EQUALS]. Validation Type [POSITIVE]. @28-04-2021 21:06:52.0282 P
[ReportManager] File Action [getAbsolutePath] successfully performed. With the following test data [Relative Folder Path: "target/downloadedFiles/"]. @28-04-2021 21:06:52.0292 PM
[ReportManager] Attempting to run remotely on: [Linux-64], [GoogleChrome], [http://localhost:4444/wd/hub], Headless Execution. @28-04-2021 21:06:52.0293 PM
[ReportManager] Successfully Opened [GoogleChrome]. @28-04-2021 21:06:52.0528 PM
[ReportManager] Target URL: [https://the-internet.herokuapp.com/] @28-04-2021 21:06:52.0543 PM
[ReportManager] Initial URL: [data:,] @28-04-2021 21:06:52.0597 PM
[ReportManager] Browser Action [navigateToURL] successfully performed. With the following test data [https://the-internet.herokuapp.com/]. @28-04-2021 21:06:53.0103 P

################################################################################################################################################
Starting Execution:	[32 out of 137] test cases in the current suite
Test Method:		[testPackage01.Test_NewValidationHelper.f20]
################################################################################################################################################
[ReportManager] Element Action [getSize] successfully performed. With the following test data [(755, 61)]. @28-04-2021 21:06:53.0203 PM
[ReportManager] Loaded Shared OpenCV @28-04-2021 21:06:53.0402 PM
[ReportManager] AssertElementAttribute PASSED; Expected [Value Should not be 'a' for the 'size' attribute, element locator 'By.tagName: h1'] and Actual [(755, 61)]. Comparison Type [CONTAINS]. Validation Type [NEGATIVE]. @28-04-2021 21:06:53.0484 PM
[ReportManager] Successfully created attachment [Screenshot - 1619644013402_f20_AssertElementAttribute_passed] @28-04-2021 21:06:53.0486 P
[ReportManager] Successfully created attachment [Selenium WebDriver Logs - server] @28-04-2021 21:06:53.0515 PM
[ReportManager] Successfully created attachment [Selenium WebDriver Logs - performance] @28-04-2021 21:06:53.0539 PM
[ReportManager] Successfully created attachment [Selenium WebDriver Logs - browser] @28-04-2021 21:06:53.0546 PM
[ReportManager] Successfully created attachment [Selenium WebDriver Logs - driver] @28-04-2021 21:06:53.0609 PM
[ReportManager] Successfully Closed All Drivers. @28-04-2021 21:06:53.0693 P
[ReportManager] File Action [getAbsolutePath] successfully performed. With the following test data [Relative Folder Path: "target/downloadedFiles/"]. @28-04-2021 21:06:53.0695 PM
[ReportManager] Attempting to run remotely on: [Linux-64], [GoogleChrome], [http://localhost:4444/wd/hub], Headless Execution. @28-04-2021 21:06:53.0695 PM
[ReportManager] Successfully Opened [GoogleChrome]. @28-04-2021 21:06:54.0027 PM
[ReportManager] Target URL: [https://the-internet.herokuapp.com/] @28-04-2021 21:06:54.0046 PM
[ReportManager] Initial URL: [data:,] @28-04-2021 21:06:54.0142 PM
[ReportManager] Browser Action [navigateToURL] successfully performed. With the following test data [https://the-internet.herokuapp.com/]. @28-04-2021 21:06:54.0654 P

################################################################################################################################################
Starting Execution:	[33 out of 137] test cases in the current suite
Test Method:		[testPackage01.Test_NewValidationHelper.f21]
################################################################################################################################################
[ReportManager] Element Action [identifyUniqueElement] failed. With the following test data [zero elements found matching this locator "By.tagName: h3".]. @28-04-2021 21:07:20.0245 PM
[ReportManager] Successfully created attachment [Screenshot - 1619644040178_f21_identifyUniqueElement_failed] @28-04-2021 21:07:20.0245 PM
[ReportManager] AssertElementAttribute FAILED; Expected [Value Should be 'Welcome' for the 'text' attribute, element locator 'By.tagName: h3'] and Actual [Failed to read the desired element attribute]. Comparison Type [CONTAINS]. Validation Type [POSITIVE]. @28-04-2021 21:07:20.0247 P
[ReportManager] Successfully created attachment [Selenium WebDriver Logs - server] @28-04-2021 21:07:20.0267 PM
[ReportManager] Successfully created attachment [Selenium WebDriver Logs - performance] @28-04-2021 21:07:20.0289 PM
[ReportManager] Successfully created attachment [Selenium WebDriver Logs - browser] @28-04-2021 21:07:20.0296 PM
[ReportManager] Successfully created attachment [Selenium WebDriver Logs - driver] @28-04-2021 21:07:20.0364 PM
[ReportManager] Successfully Closed All Drivers. @28-04-2021 21:07:20.0444 P
[ReportManager] File Action [getAbsolutePath] successfully performed. With the following test data [Relative Folder Path: "target/downloadedFiles/"]. @28-04-2021 21:07:20.0445 PM
[ReportManager] Attempting to run remotely on: [Linux-64], [GoogleChrome], [http://localhost:4444/wd/hub], Headless Execution. @28-04-2021 21:07:20.0446 PM
[ReportManager] Successfully Opened [GoogleChrome]. @28-04-2021 21:07:20.0697 PM
[ReportManager] Target URL: [https://the-internet.herokuapp.com/] @28-04-2021 21:07:20.0716 PM
[ReportManager] Initial URL: [data:,] @28-04-2021 21:07:20.0770 PM
[ReportManager] Browser Action [navigateToURL] successfully performed. With the following test data [https://the-internet.herokuapp.com/]. @28-04-2021 21:07:21.0334 P

################################################################################################################################################
Starting Execution:	[34 out of 137] test cases in the current suite
Test Method:		[testPackage01.Test_NewValidationHelper.f22]
################################################################################################################################################
[ReportManager] Element Action [getText] successfully performed. With the following test data [Welcome to the-internet]. @28-04-2021 21:07:21.0464 PM
[ReportManager] Loaded Shared OpenCV @28-04-2021 21:07:21.0646 PM
[ReportManager] AssertElementAttribute FAILED; Expected [Value Should be 'yyy' for the 'text' attribute, element locator 'By.tagName: h1'] and Actual [Welcome to the-internet]. Comparison Type [CONTAINS]. Validation Type [POSITIVE]. @28-04-2021 21:07:21.0732 PM
[ReportManager] Successfully created attachment [Screenshot - 1619644041646_f22_AssertElementAttribute_failed] @28-04-2021 21:07:21.0733 P
[ReportManager] Successfully created attachment [Selenium WebDriver Logs - server] @28-04-2021 21:07:21.0748 PM
[ReportManager] Successfully created attachment [Selenium WebDriver Logs - performance] @28-04-2021 21:07:21.0771 PM
[ReportManager] Successfully created attachment [Selenium WebDriver Logs - browser] @28-04-2021 21:07:21.0778 PM
[ReportManager] Successfully created attachment [Selenium WebDriver Logs - driver] @28-04-2021 21:07:21.0841 PM
[ReportManager] Successfully Closed All Drivers. @28-04-2021 21:07:21.0917 P

################################################################################################################################################
Starting Execution:	[35 out of 137] test cases in the current suite
Test Method:		[testPackage01.Test_NewValidationHelper.f23]
################################################################################################################################################
[ReportManager] confirming that the actual is greater than or equal to the expected... @28-04-2021 21:07:21.0924 PM
[ReportManager] AssertComparativeRelation PASSED; Expected [1] and Actual [1]. Comparison Type [GREATER_THAN_OR_EQUALS]. Validation Type [POSITIVE]. @28-04-2021 21:07:21.0924 P

################################################################################################################################################
Starting Execution:	[36 out of 137] test cases in the current suite
Test Method:		[testPackage01.Test_NewValidationHelper.f24]
################################################################################################################################################
[ReportManager] AssertComparativeRelation PASSED; Expected [1] and Actual [10]. Comparison Type [GREATER_THAN_OR_EQUALS]. Validation Type [POSITIVE]. @28-04-2021 21:07:21.0929 P

################################################################################################################################################
Starting Execution:	[37 out of 137] test cases in the current suite
Test Method:		[testPackage01.Test_NewValidationHelper.f25]
################################################################################################################################################
[ReportManager] AssertComparativeRelation PASSED; Expected [1] and Actual [1]. Comparison Type [EQUALS]. Validation Type [POSITIVE]. @28-04-2021 21:07:21.0938 P

################################################################################################################################################
Starting Execution:	[38 out of 137] test cases in the current suite
Test Method:		[testPackage01.Test_NewValidationHelper.f26]
################################################################################################################################################
[ReportManager] AssertComparativeRelation PASSED; Expected [1] and Actual [5]. Comparison Type [GREATER_THAN]. Validation Type [POSITIVE]. @28-04-2021 21:07:21.0942 P

################################################################################################################################################
Starting Execution:	[39 out of 137] test cases in the current suite
Test Method:		[testPackage01.Test_NewValidationHelper.f27]
################################################################################################################################################
[ReportManager] AssertComparativeRelation PASSED; Expected [11] and Actual [5]. Comparison Type [LESS_THAN]. Validation Type [POSITIVE]. @28-04-2021 21:07:21.0946 P

################################################################################################################################################
Starting Execution:	[40 out of 137] test cases in the current suite
Test Method:		[testPackage01.Test_NewValidationHelper.f28]
################################################################################################################################################
[ReportManager] AssertComparativeRelation PASSED; Expected [11] and Actual [5]. Comparison Type [LESS_THAN_OR_EQUALS]. Validation Type [POSITIVE]. @28-04-2021 21:07:21.0950 P

################################################################################################################################################
Starting Execution:	[41 out of 137] test cases in the current suite
Test Method:		[testPackage01.Test_NewValidationHelper.f29]
################################################################################################################################################
[ReportManager] AssertComparativeRelation PASSED; Expected [11] and Actual [11]. Comparison Type [LESS_THAN_OR_EQUALS]. Validation Type [POSITIVE]. @28-04-2021 21:07:21.0954 P

################################################################################################################################################
Starting Execution:	[42 out of 137] test cases in the current suite
Test Method:		[testPackage01.Test_NewValidationHelper.f3]
################################################################################################################################################
[ReportManager] AssertEquals PASSED; Expected [1] and Actual [2]. Comparison Type [EQUALS]. Validation Type [NEGATIVE]. @28-04-2021 21:07:21.0959 P

################################################################################################################################################
Starting Execution:	[43 out of 137] test cases in the current suite
Test Method:		[testPackage01.Test_NewValidationHelper.f30]
################################################################################################################################################
[ReportManager] AssertComparativeRelation FAILED; Expected [-9] and Actual [11]. Comparison Type [LESS_THAN_OR_EQUALS]. Validation Type [POSITIVE]. @28-04-2021 21:07:21.0963 P

################################################################################################################################################
Starting Execution:	[44 out of 137] test cases in the current suite
Test Method:		[testPackage01.Test_NewValidationHelper.f31]
################################################################################################################################################
[ReportManager] AssertTrue PASSED; Expected [TRUE] and Actual [TRUE]. Validation Type [POSITIVE]. @28-04-2021 21:07:21.0966 P

################################################################################################################################################
Starting Execution:	[45 out of 137] test cases in the current suite
Test Method:		[testPackage01.Test_NewValidationHelper.f32]
################################################################################################################################################
[ReportManager] AssertTrue PASSED; Expected [FALSE] and Actual [FALSE]. Validation Type [NEGATIVE]. @28-04-2021 21:07:21.0970 P

################################################################################################################################################
Starting Execution:	[46 out of 137] test cases in the current suite
Test Method:		[testPackage01.Test_NewValidationHelper.f33]
################################################################################################################################################
[ReportManager] AssertTrue FAILED; Expected [FALSE] and Actual [TRUE]. Validation Type [NEGATIVE]. @28-04-2021 21:07:21.0974 P

################################################################################################################################################
Starting Execution:	[47 out of 137] test cases in the current suite
Test Method:		[testPackage01.Test_NewValidationHelper.f34]
################################################################################################################################################
[ReportManager] AssertTrue FAILED; Expected [TRUE] and Actual [FALSE]. Validation Type [POSITIVE]. @28-04-2021 21:07:21.0978 P

################################################################################################################################################
Starting Execution:	[48 out of 137] test cases in the current suite
Test Method:		[testPackage01.Test_NewValidationHelper.f35]
################################################################################################################################################
[ReportManager] File Action [doesFileExist] successfully performed. With the following test data [File Path: "pom.xml"]. @28-04-2021 21:07:21.0981 PM
[ReportManager] AssertFileExists PASSED; Expected [File 'pom.xml' should exist, after up to '1' retries] and Actual [File exists]. Validation Type [POSITIVE]. @28-04-2021 21:07:21.0989 P

################################################################################################################################################
Starting Execution:	[49 out of 137] test cases in the current suite
Test Method:		[testPackage01.Test_NewValidationHelper.f36]
################################################################################################################################################
[ReportManager] File Action [doesFileExist] successfully performed. With the following test data [File Path: "src/test/java/testPackage01/Test_NewValidationHelper.java"]. @28-04-2021 21:07:21.0997 PM
[ReportManager] AssertFileExists PASSED; Expected [File 'src/test/java/testPackage01/Test_NewValidationHelper.java' should exist, after up to '1' retries] and Actual [File exists]. Validation Type [POSITIVE]. @28-04-2021 21:07:21.0997 P

################################################################################################################################################
Starting Execution:	[50 out of 137] test cases in the current suite
Test Method:		[testPackage01.Test_NewValidationHelper.f37]
################################################################################################################################################
[ReportManager] confirming that the file does't exist after 5 retries... @28-04-2021 21:07:22.0004 PM
[ReportManager] File Action [doesFileExist] successfully performed. With the following test data [File Path: "pom.xml"]. @28-04-2021 21:07:22.0004 PM
[ReportManager] AssertFileExists FAILED; Expected [File 'pom.xml' should not exist, after up to '5' retries] and Actual [File exists]. Validation Type [NEGATIVE]. @28-04-2021 21:07:22.0004 P

################################################################################################################################################
Starting Execution:	[51 out of 137] test cases in the current suite
Test Method:		[testPackage01.Test_NewValidationHelper.f3_1]
################################################################################################################################################
[ReportManager] Checking valid user data... @28-04-2021 21:07:22.0012 PM
[ReportManager] AssertEquals PASSED; Expected [null] and Actual [null]. Comparison Type [EQUALS]. Validation Type [POSITIVE]. @28-04-2021 21:07:22.0012 P

################################################################################################################################################
Starting Execution:	[52 out of 137] test cases in the current suite
Test Method:		[testPackage01.Test_NewValidationHelper.f4]
################################################################################################################################################
[ReportManager] AssertEquals PASSED; Expected [1] and Actual [123]. Comparison Type [CONTAINS]. Validation Type [POSITIVE]. @28-04-2021 21:07:22.0019 P

################################################################################################################################################
Starting Execution:	[53 out of 137] test cases in the current suite
Test Method:		[testPackage01.Test_NewValidationHelper.f5]
################################################################################################################################################
[ReportManager] AssertNull PASSED; Expected [NULL] and Actual [1]. Comparison Type [EQUALS]. Validation Type [NEGATIVE]. @28-04-2021 21:07:22.0024 P

################################################################################################################################################
Starting Execution:	[54 out of 137] test cases in the current suite
Test Method:		[testPackage01.Test_NewValidationHelper.f6]
################################################################################################################################################
[ReportManager] Making sure that null string is not equal to null object... @28-04-2021 21:07:22.0029 PM
[ReportManager] AssertNull FAILED; Expected [NULL] and Actual [NULL]. Comparison Type [EQUALS]. Validation Type [POSITIVE]. @28-04-2021 21:07:22.0030 P

################################################################################################################################################
Starting Execution:	[55 out of 137] test cases in the current suite
Test Method:		[testPackage01.Test_NewValidationHelper.f6_1]
################################################################################################################################################
[ReportManager] AssertNull FAILED; Expected [NULL] and Actual [NULL]. Comparison Type [EQUALS]. Validation Type [NEGATIVE]. @28-04-2021 21:07:22.0037 P

################################################################################################################################################
Starting Execution:	[56 out of 137] test cases in the current suite
Test Method:		[testPackage01.Test_NewValidationHelper.f6_2]
################################################################################################################################################
[ReportManager] Making sure that null string is not equal to null object... @28-04-2021 21:07:22.0044 PM
[ReportManager] AssertNull FAILED; Expected [NULL] and Actual [not null]. Comparison Type [EQUALS]. Validation Type [POSITIVE]. @28-04-2021 21:07:22.0044 P

################################################################################################################################################
Starting Execution:	[57 out of 137] test cases in the current suite
Test Method:		[testPackage01.Test_NewValidationHelper.f7]
################################################################################################################################################
[ReportManager] AssertNull PASSED; Expected [NULL] and Actual [NULL]. Comparison Type [EQUALS]. Validation Type [POSITIVE]. @28-04-2021 21:07:22.0052 P
[ReportManager] File Action [getAbsolutePath] successfully performed. With the following test data [Relative Folder Path: "target/downloadedFiles/"]. @28-04-2021 21:07:22.0055 PM
[ReportManager] Attempting to run remotely on: [Linux-64], [GoogleChrome], [http://localhost:4444/wd/hub], Headless Execution. @28-04-2021 21:07:22.0056 PM
[ReportManager] Successfully Opened [GoogleChrome]. @28-04-2021 21:07:22.0512 PM
[ReportManager] Target URL: [https://the-internet.herokuapp.com/] @28-04-2021 21:07:22.0530 PM
[ReportManager] Initial URL: [data:,] @28-04-2021 21:07:22.0612 PM
[ReportManager] Browser Action [navigateToURL] successfully performed. With the following test data [https://the-internet.herokuapp.com/]. @28-04-2021 21:07:23.0041 P

################################################################################################################################################
Starting Execution:	[58 out of 137] test cases in the current suite
Test Method:		[testPackage01.Test_NewValidationHelper.f8]
################################################################################################################################################
[ReportManager] Loaded Shared OpenCV @28-04-2021 21:07:23.0294 PM
[ReportManager] AssertElementExists PASSED; Expected [Element Should Exist, locator 'By.tagName: h1'] and Actual [Element Exists]. Comparison Type [EQUALS]. Validation Type [POSITIVE]. @28-04-2021 21:07:23.0378 PM
[ReportManager] Successfully created attachment [Screenshot - 1619644043294_f8_AssertElementExists_passed] @28-04-2021 21:07:23.0379 P
[ReportManager] Successfully created attachment [Selenium WebDriver Logs - server] @28-04-2021 21:07:23.0393 PM
[ReportManager] Successfully created attachment [Selenium WebDriver Logs - performance] @28-04-2021 21:07:23.0413 PM
[ReportManager] Successfully created attachment [Selenium WebDriver Logs - browser] @28-04-2021 21:07:23.0421 PM
[ReportManager] Successfully created attachment [Selenium WebDriver Logs - driver] @28-04-2021 21:07:23.0473 PM
[ReportManager] Successfully Closed All Drivers. @28-04-2021 21:07:23.0547 P
[ReportManager] File Action [getAbsolutePath] successfully performed. With the following test data [Relative Folder Path: "target/downloadedFiles/"]. @28-04-2021 21:07:23.0549 PM
[ReportManager] Attempting to run remotely on: [Linux-64], [GoogleChrome], [http://localhost:4444/wd/hub], Headless Execution. @28-04-2021 21:07:23.0549 PM
[ReportManager] Successfully Opened [GoogleChrome]. @28-04-2021 21:07:23.0792 PM
[ReportManager] Target URL: [https://the-internet.herokuapp.com/] @28-04-2021 21:07:23.0808 PM
[ReportManager] Initial URL: [data:,] @28-04-2021 21:07:23.0870 PM
[ReportManager] Browser Action [navigateToURL] successfully performed. With the following test data [https://the-internet.herokuapp.com/]. @28-04-2021 21:07:24.0353 P

################################################################################################################################################
Starting Execution:	[59 out of 137] test cases in the current suite
Test Method:		[testPackage01.Test_NewValidationHelper.f9]
################################################################################################################################################
[ReportManager] AssertElementExists FAILED; Expected [Element Should Exist, locator 'By.tagName: h3'] and Actual [Element Doesn't Exists]. Comparison Type [EQUALS]. Validation Type [POSITIVE]. @28-04-2021 21:07:55.0102 PM
[ReportManager] Successfully created attachment [Screenshot - 1619644075018_f9_AssertElementExists_failed] @28-04-2021 21:07:55.0104 P
[ReportManager] Successfully created attachment [Selenium WebDriver Logs - server] @28-04-2021 21:07:55.0120 PM
[ReportManager] Successfully created attachment [Selenium WebDriver Logs - performance] @28-04-2021 21:07:55.0140 PM
[ReportManager] Successfully created attachment [Selenium WebDriver Logs - browser] @28-04-2021 21:07:55.0147 PM
[ReportManager] Successfully created attachment [Selenium WebDriver Logs - driver] @28-04-2021 21:07:55.0224 PM
[ReportManager] Successfully Closed All Drivers. @28-04-2021 21:07:55.0297 P

################################################################################################################################################
Starting Execution:	[60 out of 137] test cases in the current suite
Test Method:		[testPackage01.Test_NewValidationHelper.forceFail]
################################################################################################################################################
[ReportManager] AssertFail FAILED; Expected [null] and Actual [null]. @28-04-2021 21:07:55.0300 P

################################################################################################################################################
Starting Execution:	[61 out of 137] test cases in the current suite
Test Method:		[testPackage01.Test_NewValidationHelper.forceFail2]
################################################################################################################################################
[ReportManager] Custom Message... @28-04-2021 21:07:55.0308 PM
[ReportManager] AssertFail FAILED; Expected [null] and Actual [null]. @28-04-2021 21:07:55.0308 P
[ReportManager] Successfully loaded the following test data file [src/test/resources/TestDataFiles/testSuite01/TestData.xlsx]. @28-04-2021 21:07:56.0325 PM
[ReportManager] Successfully created attachment [Test Data - Excel] @28-04-2021 21:07:56.0325 PM
[ReportManager] File Action [getAbsolutePath] successfully performed. With the following test data [Relative Folder Path: "target/downloadedFiles/"]. @28-04-2021 21:07:56.0325 PM
[ReportManager] Attempting to run remotely on: [Linux-64], [GoogleChrome], [http://localhost:4444/wd/hub], Headless Execution. @28-04-2021 21:07:56.0329 PM
[ReportManager] Successfully Opened [GoogleChrome]. @28-04-2021 21:07:56.0597 P

################################################################################################################################################
Starting Execution:	[62 out of 137] test cases in the current suite
Test Method:		[testPackage01.Test_google.navigateToURLandVerifyGoogleLogoIsDisplayed]
Test Description:	[TC001 - Navigate to URL and Verify Google Logo is Displayed]
################################################################################################################################################
[ReportManager] Target URL: [https://www.google.com/ncr], and after redirection: [https://www.google.com] @28-04-2021 21:07:56.0614 PM
[ReportManager] Initial URL: [data:,] @28-04-2021 21:07:56.0680 PM
[ReportManager] Browser Action [navigateToURL] successfully performed. With the following test data [https://www.google.com/ncr]. @28-04-2021 21:07:57.0631 PM
[ReportManager] Loaded Shared OpenCV @28-04-2021 21:07:57.0886 PM
[ReportManager] AssertElementExists PASSED; Expected [Element Should Exist, locator 'By.xpath: //img[@id='hplogo' or @alt='Google']'] and Actual [Element Exists]. Comparison Type [EQUALS]. Validation Type [POSITIVE]. @28-04-2021 21:07:57.0962 PM
[ReportManager] Successfully created attachment [Screenshot - 1619644077886_navigateToURLandVerifyGoogleLogoIsDisplayed_AssertElementExists_passed] @28-04-2021 21:07:57.0963 P

################################################################################################################################################
Starting Execution:	[63 out of 137] test cases in the current suite
Test Method:		[testPackage01.Test_google.searchForQueryandAssertResultsNumDisplayed]
Test Description:	[TC002 - Search for Query and Assert that the number of results is displayed]
################################################################################################################################################
[ReportManager] Element Action [type] successfully performed. With the following test data [SHAFT_Engine]. @28-04-2021 21:07:58.0723 PM
[ReportManager] Element Action [keyPress] successfully performed. With the following test data [Enter]. @28-04-2021 21:08:00.0415 PM
[ReportManager] Element Action [getText] successfully performed. With the following test data [About 3,950,000 results (0.92 seconds) ]. @28-04-2021 21:08:00.0519 PM
[ReportManager] Loaded Shared OpenCV @28-04-2021 21:08:00.0712 PM
[ReportManager] AssertElementAttribute PASSED; Expected [Value Should not be '' for the 'Text' attribute, element locator 'By.id: appbar'] and Actual [About 3,950,000 results (0.92 seconds) ]. Comparison Type [EQUALS]. Validation Type [NEGATIVE]. @28-04-2021 21:08:00.0804 PM
[ReportManager] Successfully created attachment [Screenshot - 1619644080712_searchForQueryandAssertResultsNumDisplayed_AssertElementAttribute_passed] @28-04-2021 21:08:00.0806 P

################################################################################################################################################
Starting Execution:	[64 out of 137] test cases in the current suite
Test Method:		[testPackage01.Test_google.clickNextThrice]
Test Description:	[TC003 - Clicks the next button to make sure that the framework can scroll element into view before clicking it]
################################################################################################################################################
[ReportManager] Element Action [click] successfully performed. With the following test data [Next]. @28-04-2021 21:08:01.0970 P
[ReportManager] Successfully created attachment [Selenium WebDriver Logs - server] @28-04-2021 21:08:02.0150 PM
[ReportManager] Successfully created attachment [Selenium WebDriver Logs - performance] @28-04-2021 21:08:02.0548 PM
[ReportManager] Successfully created attachment [Selenium WebDriver Logs - driver] @28-04-2021 21:08:03.0045 PM
[ReportManager] Browser Action [closeCurrentWindow] successfully performed. @28-04-2021 21:08:03.0113 PM
[ReportManager] Successfully created attachment [Browser Action Test Data - closeCurrentWindow - Actual Value] @28-04-2021 21:08:03.0115 P

################################################################################################################################################
Starting Execution:	[65 out of 137] test cases in the current suite
Test Method:		[testPackage01.Test_testData.f]
################################################################################################################################################
[ReportManager] Successfully loaded the following test data file [src/test/resources/TestDataFiles/testSuite01/TestData.xlsx]. @28-04-2021 21:08:03.0233 PM
[ReportManager] Successfully created attachment [Test Data - Excel] @28-04-2021 21:08:03.0234 PM
[ReportManager] Last Column Number is: [3]. Zero-based. @28-04-2021 21:08:03.0234 P

################################################################################################################################################
Starting Execution:	[66 out of 137] test cases in the current suite
Test Method:		[testPackage01.Test_JsonActions.f]
###############################################################################################################################################

################################################################################################################################################
Starting Execution:	[67 out of 137] test cases in the current suite
Test Method:		[testPackage01.Test_JsonActions.f2]
###############################################################################################################################################

################################################################################################################################################
Starting Execution:	[68 out of 137] test cases in the current suite
Test Method:		[testPackage01.Test_JsonCompareWithSpecialCharacters.specialCharacters]
################################################################################################################################################
[ReportManager] File Action [getAbsolutePath] successfully performed. With the following test data [Relative Folder Path: "src/test/resources/TestJsonFiles/specialCharacters.json"]. @28-04-2021 21:08:03.0342 PM
[ReportManager] File Action [readFromFile] successfully performed. With the following test data [File Path: "/home/runner/work/SHAFT_ENGINE/SHAFT_ENGINE/src/test/resources/TestJsonFiles/specialCharacters.json"]. @28-04-2021 21:08:03.0348 PM
[ReportManager] Successfully created attachment [File Action Actual Result - Command Log] @28-04-2021 21:08:03.0348 PM
[ReportManager] Comparing the provided API response with the file at this path "src/test/resources/TestJsonFiles/specialCharacters.json", comparison type "EQUALS" @28-04-2021 21:08:03.0447 PM
[ReportManager] API Action [compareJSON] successfully performed. With the following test data [src/test/resources/TestJsonFiles/specialCharacters.json]. @28-04-2021 21:08:03.0583 PM
[ReportManager] File Action [getAbsolutePath] successfully performed. With the following test data [Relative Folder Path: "src/test/resources/TestJsonFiles/specialCharacters.json"]. @28-04-2021 21:08:03.0583 PM
[ReportManager] File Action [readFromFile] successfully performed. With the following test data [File Path: "/home/runner/work/SHAFT_ENGINE/SHAFT_ENGINE/src/test/resources/TestJsonFiles/specialCharacters.json"]. @28-04-2021 21:08:03.0584 PM
[ReportManager] VerifyJSONFileContent PASSED; Expected [Response data should match the JSON File in this path 'src/test/resources/TestJsonFiles/specialCharacters.json'] and Actual [TRUE]. Comparison Type [EQUALS]. Validation Type [POSITIVE]. @28-04-2021 21:08:03.0591 PM
[ReportManager] Successfully created attachment [Validation Test Data - Expected JSON Value] @28-04-2021 21:08:03.0592 PM
[ReportManager] Successfully created attachment [Validation Test Data - Actual JSON Value] @28-04-2021 21:08:03.0593 P

################################################################################################################################################
Starting Execution:	[69 out of 137] test cases in the current suite
Test Method:		[testPackage01.Test_JsonCompareWithSpecialCharacters.specialCharacters_assertion]
################################################################################################################################################
[ReportManager] File Action [getAbsolutePath] successfully performed. With the following test data [Relative Folder Path: "src/test/resources/TestJsonFiles/specialCharacters.json"]. @28-04-2021 21:08:03.0600 PM
[ReportManager] File Action [readFromFile] successfully performed. With the following test data [File Path: "/home/runner/work/SHAFT_ENGINE/SHAFT_ENGINE/src/test/resources/TestJsonFiles/specialCharacters.json"]. @28-04-2021 21:08:03.0600 PM
[ReportManager] Successfully created attachment [File Action Actual Result - Command Log] @28-04-2021 21:08:03.0601 PM
[ReportManager] trying out the log message... @28-04-2021 21:08:03.0601 PM
[ReportManager] Comparing the provided API response with the file at this path "src/test/resources/TestJsonFiles/specialCharacters.json", comparison type "CONTAINS" @28-04-2021 21:08:03.0601 PM
[ReportManager] API Action [compareJSON] successfully performed. With the following test data [src/test/resources/TestJsonFiles/specialCharacters.json]. @28-04-2021 21:08:03.0613 PM
[ReportManager] File Action [getAbsolutePath] successfully performed. With the following test data [Relative Folder Path: "src/test/resources/TestJsonFiles/specialCharacters.json"]. @28-04-2021 21:08:03.0613 PM
[ReportManager] File Action [readFromFile] successfully performed. With the following test data [File Path: "/home/runner/work/SHAFT_ENGINE/SHAFT_ENGINE/src/test/resources/TestJsonFiles/specialCharacters.json"]. @28-04-2021 21:08:03.0613 PM
[ReportManager] AssertJSONFileContent PASSED; Expected [Response data should match the JSON File in this path 'src/test/resources/TestJsonFiles/specialCharacters.json'] and Actual [TRUE]. Comparison Type [CONTAINS]. Validation Type [POSITIVE]. @28-04-2021 21:08:03.0619 PM
[ReportManager] Successfully created attachment [Validation Test Data - Expected JSON Value] @28-04-2021 21:08:03.0619 PM
[ReportManager] Successfully created attachment [Validation Test Data - Actual JSON Value] @28-04-2021 21:08:03.0620 P

################################################################################################################################################
Starting Execution:	[70 out of 137] test cases in the current suite
Test Method:		[unitTests.tests_validations_assertions.assertComparativeRelation_greaterThanOrEquals_false_equals_expectedToFail]
################################################################################################################################################
[ReportManager] AssertComparativeRelation FAILED; Expected [1] and Actual [1]. Comparison Type [GREATER_THAN_OR_EQUALS]. Validation Type [NEGATIVE]. @28-04-2021 21:08:03.0630 P

################################################################################################################################################
Starting Execution:	[71 out of 137] test cases in the current suite
Test Method:		[unitTests.tests_validations_assertions.assertComparativeRelation_greaterThanOrEquals_false_equals_expectedToPass]
################################################################################################################################################
[ReportManager] AssertComparativeRelation PASSED; Expected [2] and Actual [1]. Comparison Type [GREATER_THAN_OR_EQUALS]. Validation Type [NEGATIVE]. @28-04-2021 21:08:03.0639 P

################################################################################################################################################
Starting Execution:	[72 out of 137] test cases in the current suite
Test Method:		[unitTests.tests_validations_assertions.assertComparativeRelation_greaterThanOrEquals_false_greaterThan_expectedToFail]
################################################################################################################################################
[ReportManager] AssertComparativeRelation FAILED; Expected [1] and Actual [2]. Comparison Type [GREATER_THAN_OR_EQUALS]. Validation Type [NEGATIVE]. @28-04-2021 21:08:03.0644 P

################################################################################################################################################
Starting Execution:	[73 out of 137] test cases in the current suite
Test Method:		[unitTests.tests_validations_assertions.assertComparativeRelation_greaterThanOrEquals_false_greaterThan_expectedToPass]
################################################################################################################################################
[ReportManager] AssertComparativeRelation PASSED; Expected [2] and Actual [1]. Comparison Type [GREATER_THAN_OR_EQUALS]. Validation Type [NEGATIVE]. @28-04-2021 21:08:03.0648 P

################################################################################################################################################
Starting Execution:	[74 out of 137] test cases in the current suite
Test Method:		[unitTests.tests_validations_assertions.assertComparativeRelation_greaterThanOrEquals_true_equals_expectedToFail]
################################################################################################################################################
[ReportManager] AssertComparativeRelation FAILED; Expected [1] and Actual [0]. Comparison Type [GREATER_THAN_OR_EQUALS]. Validation Type [POSITIVE]. @28-04-2021 21:08:03.0655 P

################################################################################################################################################
Starting Execution:	[75 out of 137] test cases in the current suite
Test Method:		[unitTests.tests_validations_assertions.assertComparativeRelation_greaterThanOrEquals_true_equals_expectedToPass]
################################################################################################################################################
[ReportManager] AssertComparativeRelation PASSED; Expected [1] and Actual [1]. Comparison Type [GREATER_THAN_OR_EQUALS]. Validation Type [POSITIVE]. @28-04-2021 21:08:03.0659 P

################################################################################################################################################
Starting Execution:	[76 out of 137] test cases in the current suite
Test Method:		[unitTests.tests_validations_assertions.assertComparativeRelation_greaterThanOrEquals_true_greaterThan_expectedToFail]
################################################################################################################################################
[ReportManager] AssertComparativeRelation FAILED; Expected [2] and Actual [1]. Comparison Type [GREATER_THAN_OR_EQUALS]. Validation Type [POSITIVE]. @28-04-2021 21:08:03.0662 P

################################################################################################################################################
Starting Execution:	[77 out of 137] test cases in the current suite
Test Method:		[unitTests.tests_validations_assertions.assertComparativeRelation_greaterThanOrEquals_true_greaterThan_expectedToPass]
################################################################################################################################################
[ReportManager] AssertComparativeRelation PASSED; Expected [1] and Actual [2]. Comparison Type [GREATER_THAN_OR_EQUALS]. Validation Type [POSITIVE]. @28-04-2021 21:08:03.0669 P
[ReportManager] File Action [getAbsolutePath] successfully performed. With the following test data [Relative Folder Path: "target/downloadedFiles/"]. @28-04-2021 21:08:03.0672 PM
[ReportManager] Attempting to run remotely on: [Linux-64], [GoogleChrome], [http://localhost:4444/wd/hub], Headless Execution. @28-04-2021 21:08:03.0675 PM
[ReportManager] Successfully Opened [GoogleChrome]. @28-04-2021 21:08:04.0013 PM
[ReportManager] Target URL: [https://www.google.com/ncr], and after redirection: [www.google.com] @28-04-2021 21:08:04.0032 PM
[ReportManager] Initial URL: [data:,] @28-04-2021 21:08:04.0092 PM
[ReportManager] Browser Action [navigateToURL] successfully performed. With the following test data [https://www.google.com/ncr]. @28-04-2021 21:08:05.0050 P

################################################################################################################################################
Starting Execution:	[78 out of 137] test cases in the current suite
Test Method:		[unitTests.tests_validations_assertions.assertElementAttribute_false_caseInsensitiveComparison_expectedToFail]
################################################################################################################################################
[ReportManager] Element Action [type] successfully performed. With the following test data [AUTOMATION]. @28-04-2021 21:08:05.0776 PM
[ReportManager] Element Action [getText] successfully performed. With the following test data [AUTOMATION]. @28-04-2021 21:08:05.0901 PM
[ReportManager] Loaded Shared OpenCV @28-04-2021 21:08:06.0063 PM
[ReportManager] AssertElementAttribute FAILED; Expected [Value Should not be 'AutomaTion' for the 'text' attribute, element locator 'By.name: q'] and Actual [AUTOMATION]. Comparison Type [CASE_INSENSITIVE]. Validation Type [NEGATIVE]. @28-04-2021 21:08:06.0148 PM
[ReportManager] Successfully created attachment [Screenshot - 1619644086063_assertElementAttribute_false_caseInsensitiveComparison_expectedToFail_AssertElementAttribute_failed] @28-04-2021 21:08:06.0149 P
[ReportManager] Successfully created attachment [Selenium WebDriver Logs - server] @28-04-2021 21:08:06.0243 PM
[ReportManager] Successfully created attachment [Selenium WebDriver Logs - performance] @28-04-2021 21:08:06.0333 PM
[ReportManager] Successfully created attachment [Selenium WebDriver Logs - driver] @28-04-2021 21:08:06.0475 PM
[ReportManager] Browser Action [closeCurrentWindow] successfully performed. @28-04-2021 21:08:06.0534 PM
[ReportManager] Successfully created attachment [Browser Action Test Data - closeCurrentWindow - Actual Value] @28-04-2021 21:08:06.0535 P
[ReportManager] File Action [getAbsolutePath] successfully performed. With the following test data [Relative Folder Path: "target/downloadedFiles/"]. @28-04-2021 21:08:06.0539 PM
[ReportManager] Attempting to run remotely on: [Linux-64], [GoogleChrome], [http://localhost:4444/wd/hub], Headless Execution. @28-04-2021 21:08:06.0540 PM
[ReportManager] Successfully Opened [GoogleChrome]. @28-04-2021 21:08:06.0797 PM
[ReportManager] Target URL: [https://www.google.com/ncr], and after redirection: [www.google.com] @28-04-2021 21:08:06.0812 PM
[ReportManager] Initial URL: [data:,] @28-04-2021 21:08:06.0858 PM
[ReportManager] Browser Action [navigateToURL] successfully performed. With the following test data [https://www.google.com/ncr]. @28-04-2021 21:08:07.0796 P

################################################################################################################################################
Starting Execution:	[79 out of 137] test cases in the current suite
Test Method:		[unitTests.tests_validations_assertions.assertElementAttribute_false_caseInsensitiveComparison_expectedToPass]
################################################################################################################################################
[ReportManager] Element Action [type] successfully performed. With the following test data [AUTOMATION]. @28-04-2021 21:08:08.0450 PM
[ReportManager] Element Action [getText] successfully performed. With the following test data [AUTOMATION]. @28-04-2021 21:08:08.0575 PM
[ReportManager] Loaded Shared OpenCV @28-04-2021 21:08:08.0758 PM
[ReportManager] AssertElementAttribute PASSED; Expected [Value Should not be 'AutomaTion123' for the 'text' attribute, element locator 'By.name: q'] and Actual [AUTOMATION]. Comparison Type [CASE_INSENSITIVE]. Validation Type [NEGATIVE]. @28-04-2021 21:08:08.0839 PM
[ReportManager] Successfully created attachment [Screenshot - 1619644088758_assertElementAttribute_false_caseInsensitiveComparison_expectedToPass_AssertElementAttribute_passed] @28-04-2021 21:08:08.0840 P
[ReportManager] Successfully created attachment [Selenium WebDriver Logs - server] @28-04-2021 21:08:08.0923 PM
[ReportManager] Successfully created attachment [Selenium WebDriver Logs - performance] @28-04-2021 21:08:09.0004 PM
[ReportManager] Successfully created attachment [Selenium WebDriver Logs - driver] @28-04-2021 21:08:09.0125 PM
[ReportManager] Browser Action [closeCurrentWindow] successfully performed. @28-04-2021 21:08:09.0189 PM
[ReportManager] Successfully created attachment [Browser Action Test Data - closeCurrentWindow - Actual Value] @28-04-2021 21:08:09.0190 P
[ReportManager] File Action [getAbsolutePath] successfully performed. With the following test data [Relative Folder Path: "target/downloadedFiles/"]. @28-04-2021 21:08:09.0193 PM
[ReportManager] Attempting to run remotely on: [Linux-64], [GoogleChrome], [http://localhost:4444/wd/hub], Headless Execution. @28-04-2021 21:08:09.0193 PM
[ReportManager] Successfully Opened [GoogleChrome]. @28-04-2021 21:08:09.0443 PM
[ReportManager] Target URL: [https://www.google.com/ncr], and after redirection: [www.google.com] @28-04-2021 21:08:09.0459 PM
[ReportManager] Initial URL: [data:,] @28-04-2021 21:08:09.0508 PM
[ReportManager] Browser Action [navigateToURL] successfully performed. With the following test data [https://www.google.com/ncr]. @28-04-2021 21:08:10.0449 P

################################################################################################################################################
Starting Execution:	[80 out of 137] test cases in the current suite
Test Method:		[unitTests.tests_validations_assertions.assertElementAttribute_false_containsComparison_expectedToFail]
################################################################################################################################################
[ReportManager] Element Action [type] successfully performed. With the following test data [Automation123]. @28-04-2021 21:08:11.0121 PM
[ReportManager] Element Action [getText] successfully performed. With the following test data [Automation123]. @28-04-2021 21:08:11.0244 PM
[ReportManager] Loaded Shared OpenCV @28-04-2021 21:08:11.0402 PM
[ReportManager] AssertElementAttribute FAILED; Expected [Value Should not be 'Automation' for the 'text' attribute, element locator 'By.name: q'] and Actual [Automation123]. Comparison Type [CONTAINS]. Validation Type [NEGATIVE]. @28-04-2021 21:08:11.0478 PM
[ReportManager] Successfully created attachment [Screenshot - 1619644091402_assertElementAttribute_false_containsComparison_expectedToFail_AssertElementAttribute_failed] @28-04-2021 21:08:11.0479 P
[ReportManager] Successfully created attachment [Selenium WebDriver Logs - server] @28-04-2021 21:08:11.0572 PM
[ReportManager] Successfully created attachment [Selenium WebDriver Logs - performance] @28-04-2021 21:08:11.0684 PM
[ReportManager] Successfully created attachment [Selenium WebDriver Logs - driver] @28-04-2021 21:08:11.0818 PM
[ReportManager] Browser Action [closeCurrentWindow] successfully performed. @28-04-2021 21:08:11.0874 PM
[ReportManager] Successfully created attachment [Browser Action Test Data - closeCurrentWindow - Actual Value] @28-04-2021 21:08:11.0875 P
[ReportManager] File Action [getAbsolutePath] successfully performed. With the following test data [Relative Folder Path: "target/downloadedFiles/"]. @28-04-2021 21:08:11.0878 PM
[ReportManager] Attempting to run remotely on: [Linux-64], [GoogleChrome], [http://localhost:4444/wd/hub], Headless Execution. @28-04-2021 21:08:11.0878 PM
[ReportManager] Successfully Opened [GoogleChrome]. @28-04-2021 21:08:12.0102 PM
[ReportManager] Target URL: [https://www.google.com/ncr], and after redirection: [www.google.com] @28-04-2021 21:08:12.0118 PM
[ReportManager] Initial URL: [data:,] @28-04-2021 21:08:12.0171 PM
[ReportManager] Browser Action [navigateToURL] successfully performed. With the following test data [https://www.google.com/ncr]. @28-04-2021 21:08:13.0135 P

################################################################################################################################################
Starting Execution:	[81 out of 137] test cases in the current suite
Test Method:		[unitTests.tests_validations_assertions.assertElementAttribute_false_containsComparison_expectedToPass]
################################################################################################################################################
[ReportManager] Element Action [type] successfully performed. With the following test data [Automation123]. @28-04-2021 21:08:13.0795 PM
[ReportManager] Element Action [getText] successfully performed. With the following test data [Automation123]. @28-04-2021 21:08:13.0916 PM
[ReportManager] Loaded Shared OpenCV @28-04-2021 21:08:14.0101 PM
[ReportManager] AssertElementAttribute PASSED; Expected [Value Should not be 'Automation1234' for the 'text' attribute, element locator 'By.name: q'] and Actual [Automation123]. Comparison Type [CONTAINS]. Validation Type [NEGATIVE]. @28-04-2021 21:08:14.0179 PM
[ReportManager] Successfully created attachment [Screenshot - 1619644094101_assertElementAttribute_false_containsComparison_expectedToPass_AssertElementAttribute_passed] @28-04-2021 21:08:14.0180 P
[ReportManager] Successfully created attachment [Selenium WebDriver Logs - server] @28-04-2021 21:08:14.0266 PM
[ReportManager] Successfully created attachment [Selenium WebDriver Logs - performance] @28-04-2021 21:08:14.0355 PM
[ReportManager] Successfully created attachment [Selenium WebDriver Logs - driver] @28-04-2021 21:08:14.0479 PM
[ReportManager] Browser Action [closeCurrentWindow] successfully performed. @28-04-2021 21:08:14.0537 PM
[ReportManager] Successfully created attachment [Browser Action Test Data - closeCurrentWindow - Actual Value] @28-04-2021 21:08:14.0538 P
[ReportManager] File Action [getAbsolutePath] successfully performed. With the following test data [Relative Folder Path: "target/downloadedFiles/"]. @28-04-2021 21:08:14.0541 PM
[ReportManager] Attempting to run remotely on: [Linux-64], [GoogleChrome], [http://localhost:4444/wd/hub], Headless Execution. @28-04-2021 21:08:14.0541 PM
[ReportManager] Successfully Opened [GoogleChrome]. @28-04-2021 21:08:14.0824 PM
[ReportManager] Target URL: [https://www.google.com/ncr], and after redirection: [www.google.com] @28-04-2021 21:08:14.0837 PM
[ReportManager] Initial URL: [data:,] @28-04-2021 21:08:14.0882 PM
[ReportManager] Browser Action [navigateToURL] successfully performed. With the following test data [https://www.google.com/ncr]. @28-04-2021 21:08:15.0801 P

################################################################################################################################################
Starting Execution:	[82 out of 137] test cases in the current suite
Test Method:		[unitTests.tests_validations_assertions.assertElementAttribute_false_literalComparison_expectedToFail]
################################################################################################################################################
[ReportManager] Element Action [type] successfully performed. With the following test data [Automation!@#$%^&*()_+{}[]\';/.,]. @28-04-2021 21:08:17.0321 PM
[ReportManager] Element Action [getText] successfully performed. With the following test data [Automation!@#$%^&*()_+{}[]\';/.,]. @28-04-2021 21:08:17.0452 PM
[ReportManager] Loaded Shared OpenCV @28-04-2021 21:08:17.0633 PM
[ReportManager] AssertElementAttribute PASSED; Expected [Value Should not be 'Automation!@#$%^&*()_+{}[]\\';/.,' for the 'text' attribute, element locator 'By.name: q'] and Actual [Automation!@#$%^&*()_+{}[]\';/.,]. Comparison Type [EQUALS]. Validation Type [NEGATIVE]. @28-04-2021 21:08:17.0714 PM
[ReportManager] Successfully created attachment [Screenshot - 1619644097633_assertElementAttribute_false_literalComparison_expectedToFail_AssertElementAttribute_passed] @28-04-2021 21:08:17.0715 P
[ReportManager] Successfully created attachment [Selenium WebDriver Logs - server] @28-04-2021 21:08:17.0799 PM
[ReportManager] Successfully created attachment [Selenium WebDriver Logs - performance] @28-04-2021 21:08:17.0961 PM
[ReportManager] Successfully created attachment [Selenium WebDriver Logs - driver] @28-04-2021 21:08:18.0127 PM
[ReportManager] Browser Action [closeCurrentWindow] successfully performed. @28-04-2021 21:08:18.0183 PM
[ReportManager] Successfully created attachment [Browser Action Test Data - closeCurrentWindow - Actual Value] @28-04-2021 21:08:18.0184 P
[ReportManager] File Action [getAbsolutePath] successfully performed. With the following test data [Relative Folder Path: "target/downloadedFiles/"]. @28-04-2021 21:08:18.0186 PM
[ReportManager] Attempting to run remotely on: [Linux-64], [GoogleChrome], [http://localhost:4444/wd/hub], Headless Execution. @28-04-2021 21:08:18.0187 PM
[ReportManager] Successfully Opened [GoogleChrome]. @28-04-2021 21:08:18.0404 PM
[ReportManager] Target URL: [https://www.google.com/ncr], and after redirection: [www.google.com] @28-04-2021 21:08:18.0426 PM
[ReportManager] Initial URL: [data:,] @28-04-2021 21:08:18.0484 PM
[ReportManager] Browser Action [navigateToURL] successfully performed. With the following test data [https://www.google.com/ncr]. @28-04-2021 21:08:19.0428 P

################################################################################################################################################
Starting Execution:	[83 out of 137] test cases in the current suite
Test Method:		[unitTests.tests_validations_assertions.assertElementAttribute_false_literalComparison_expectedToPass]
################################################################################################################################################
[ReportManager] Element Action [type] successfully performed. With the following test data [Automation!@#$%^&*()_+{}[]\';/.,]. @28-04-2021 21:08:20.0912 PM
[ReportManager] Element Action [getText] successfully performed. With the following test data [Automation!@#$%^&*()_+{}[]\';/.,]. @28-04-2021 21:08:21.0041 PM
[ReportManager] Loaded Shared OpenCV @28-04-2021 21:08:21.0209 PM
[ReportManager] AssertElementAttribute PASSED; Expected [Value Should not be 'Automation' for the 'text' attribute, element locator 'By.name: q'] and Actual [Automation!@#$%^&*()_+{}[]\';/.,]. Comparison Type [EQUALS]. Validation Type [NEGATIVE]. @28-04-2021 21:08:21.0288 PM
[ReportManager] Successfully created attachment [Screenshot - 1619644101208_assertElementAttribute_false_literalComparison_expectedToPass_AssertElementAttribute_passed] @28-04-2021 21:08:21.0289 P
[ReportManager] Successfully created attachment [Selenium WebDriver Logs - server] @28-04-2021 21:08:21.0368 PM
[ReportManager] Successfully created attachment [Selenium WebDriver Logs - performance] @28-04-2021 21:08:21.0527 PM
[ReportManager] Successfully created attachment [Selenium WebDriver Logs - driver] @28-04-2021 21:08:21.0694 PM
[ReportManager] Browser Action [closeCurrentWindow] successfully performed. @28-04-2021 21:08:21.0750 PM
[ReportManager] Successfully created attachment [Browser Action Test Data - closeCurrentWindow - Actual Value] @28-04-2021 21:08:21.0751 P
[ReportManager] File Action [getAbsolutePath] successfully performed. With the following test data [Relative Folder Path: "target/downloadedFiles/"]. @28-04-2021 21:08:21.0753 PM
[ReportManager] Attempting to run remotely on: [Linux-64], [GoogleChrome], [http://localhost:4444/wd/hub], Headless Execution. @28-04-2021 21:08:21.0753 PM
[ReportManager] Successfully Opened [GoogleChrome]. @28-04-2021 21:08:22.0008 PM
[ReportManager] Target URL: [https://www.google.com/ncr], and after redirection: [www.google.com] @28-04-2021 21:08:22.0024 PM
[ReportManager] Initial URL: [data:,] @28-04-2021 21:08:22.0076 PM
[ReportManager] Browser Action [navigateToURL] successfully performed. With the following test data [https://www.google.com/ncr]. @28-04-2021 21:08:23.0124 P

################################################################################################################################################
Starting Execution:	[84 out of 137] test cases in the current suite
Test Method:		[unitTests.tests_validations_assertions.assertElementAttribute_false_regexComparison_expectedToFail]
################################################################################################################################################
[ReportManager] Element Action [type] successfully performed. With the following test data [Automation123]. @28-04-2021 21:08:23.0783 PM
[ReportManager] Element Action [getText] successfully performed. With the following test data [Automation123]. @28-04-2021 21:08:23.0902 PM
[ReportManager] Loaded Shared OpenCV @28-04-2021 21:08:24.0068 PM
[ReportManager] AssertElementAttribute FAILED; Expected [Value Should not be 'Automation.*' for the 'text' attribute, element locator 'By.name: q'] and Actual [Automation123]. Comparison Type [MATCHES]. Validation Type [NEGATIVE]. @28-04-2021 21:08:24.0143 PM
[ReportManager] Successfully created attachment [Screenshot - 1619644104068_assertElementAttribute_false_regexComparison_expectedToFail_AssertElementAttribute_failed] @28-04-2021 21:08:24.0144 P
[ReportManager] Successfully created attachment [Selenium WebDriver Logs - server] @28-04-2021 21:08:24.0235 PM
[ReportManager] Successfully created attachment [Selenium WebDriver Logs - performance] @28-04-2021 21:08:24.0322 PM
[ReportManager] Successfully created attachment [Selenium WebDriver Logs - driver] @28-04-2021 21:08:24.0450 PM
[ReportManager] Browser Action [closeCurrentWindow] successfully performed. @28-04-2021 21:08:24.0506 PM
[ReportManager] Successfully created attachment [Browser Action Test Data - closeCurrentWindow - Actual Value] @28-04-2021 21:08:24.0506 P
[ReportManager] File Action [getAbsolutePath] successfully performed. With the following test data [Relative Folder Path: "target/downloadedFiles/"]. @28-04-2021 21:08:24.0509 PM
[ReportManager] Attempting to run remotely on: [Linux-64], [GoogleChrome], [http://localhost:4444/wd/hub], Headless Execution. @28-04-2021 21:08:24.0510 PM
[ReportManager] Successfully Opened [GoogleChrome]. @28-04-2021 21:08:24.0791 PM
[ReportManager] Target URL: [https://www.google.com/ncr], and after redirection: [www.google.com] @28-04-2021 21:08:24.0806 PM
[ReportManager] Initial URL: [data:,] @28-04-2021 21:08:24.0853 PM
[ReportManager] Browser Action [navigateToURL] successfully performed. With the following test data [https://www.google.com/ncr]. @28-04-2021 21:08:25.0751 P

################################################################################################################################################
Starting Execution:	[85 out of 137] test cases in the current suite
Test Method:		[unitTests.tests_validations_assertions.assertElementAttribute_false_regexComparison_expectedToPass]
################################################################################################################################################
[ReportManager] Element Action [type] successfully performed. With the following test data [Automation123]. @28-04-2021 21:08:26.0479 PM
[ReportManager] Element Action [getText] successfully performed. With the following test data [Automation123]. @28-04-2021 21:08:26.0600 PM
[ReportManager] Loaded Shared OpenCV @28-04-2021 21:08:26.0747 PM
[ReportManager] AssertElementAttribute PASSED; Expected [Value Should not be 'Automation' for the 'text' attribute, element locator 'By.name: q'] and Actual [Automation123]. Comparison Type [MATCHES]. Validation Type [NEGATIVE]. @28-04-2021 21:08:26.0825 PM
[ReportManager] Successfully created attachment [Screenshot - 1619644106747_assertElementAttribute_false_regexComparison_expectedToPass_AssertElementAttribute_passed] @28-04-2021 21:08:26.0825 P
[ReportManager] Successfully created attachment [Selenium WebDriver Logs - server] @28-04-2021 21:08:26.0913 PM
[ReportManager] Successfully created attachment [Selenium WebDriver Logs - performance] @28-04-2021 21:08:27.0004 PM
[ReportManager] Successfully created attachment [Selenium WebDriver Logs - driver] @28-04-2021 21:08:27.0148 PM
[ReportManager] Browser Action [closeCurrentWindow] successfully performed. @28-04-2021 21:08:27.0204 PM
[ReportManager] Successfully created attachment [Browser Action Test Data - closeCurrentWindow - Actual Value] @28-04-2021 21:08:27.0205 P
[ReportManager] File Action [getAbsolutePath] successfully performed. With the following test data [Relative Folder Path: "target/downloadedFiles/"]. @28-04-2021 21:08:27.0208 PM
[ReportManager] Attempting to run remotely on: [Linux-64], [GoogleChrome], [http://localhost:4444/wd/hub], Headless Execution. @28-04-2021 21:08:27.0208 PM
[ReportManager] Successfully Opened [GoogleChrome]. @28-04-2021 21:08:27.0460 PM
[ReportManager] Target URL: [https://www.google.com/ncr], and after redirection: [www.google.com] @28-04-2021 21:08:27.0472 PM
[ReportManager] Initial URL: [data:,] @28-04-2021 21:08:27.0529 PM
[ReportManager] Browser Action [navigateToURL] successfully performed. With the following test data [https://www.google.com/ncr]. @28-04-2021 21:08:28.0435 P

################################################################################################################################################
Starting Execution:	[86 out of 137] test cases in the current suite
Test Method:		[unitTests.tests_validations_assertions.assertElementAttribute_true_caseInsensitiveComparison_expectedToFail]
################################################################################################################################################
[ReportManager] Element Action [type] successfully performed. With the following test data [AUTOMATION]. @28-04-2021 21:08:29.0038 PM
[ReportManager] Element Action [getText] successfully performed. With the following test data [AUTOMATION]. @28-04-2021 21:08:29.0163 PM
[ReportManager] Loaded Shared OpenCV @28-04-2021 21:08:29.0322 PM
[ReportManager] AssertElementAttribute FAILED; Expected [Value Should be 'AutomaTion123' for the 'text' attribute, element locator 'By.name: q'] and Actual [AUTOMATION]. Comparison Type [CASE_INSENSITIVE]. Validation Type [POSITIVE]. @28-04-2021 21:08:29.0401 PM
[ReportManager] Successfully created attachment [Screenshot - 1619644109322_assertElementAttribute_true_caseInsensitiveComparison_expectedToFail_AssertElementAttribute_failed] @28-04-2021 21:08:29.0402 P
[ReportManager] Successfully created attachment [Selenium WebDriver Logs - server] @28-04-2021 21:08:29.0487 PM
[ReportManager] Successfully created attachment [Selenium WebDriver Logs - performance] @28-04-2021 21:08:29.0565 PM
[ReportManager] Successfully created attachment [Selenium WebDriver Logs - driver] @28-04-2021 21:08:29.0694 PM
[ReportManager] Browser Action [closeCurrentWindow] successfully performed. @28-04-2021 21:08:29.0751 PM
[ReportManager] Successfully created attachment [Browser Action Test Data - closeCurrentWindow - Actual Value] @28-04-2021 21:08:29.0753 P
[ReportManager] File Action [getAbsolutePath] successfully performed. With the following test data [Relative Folder Path: "target/downloadedFiles/"]. @28-04-2021 21:08:29.0756 PM
[ReportManager] Attempting to run remotely on: [Linux-64], [GoogleChrome], [http://localhost:4444/wd/hub], Headless Execution. @28-04-2021 21:08:29.0757 PM
[ReportManager] Successfully Opened [GoogleChrome]. @28-04-2021 21:08:29.0965 PM
[ReportManager] Target URL: [https://www.google.com/ncr], and after redirection: [www.google.com] @28-04-2021 21:08:30.0016 PM
[ReportManager] Initial URL: [data:,] @28-04-2021 21:08:30.0085 PM
[ReportManager] Browser Action [navigateToURL] successfully performed. With the following test data [https://www.google.com/ncr]. @28-04-2021 21:08:31.0125 P

################################################################################################################################################
Starting Execution:	[87 out of 137] test cases in the current suite
Test Method:		[unitTests.tests_validations_assertions.assertElementAttribute_true_caseInsensitiveComparison_expectedToPass]
################################################################################################################################################
[ReportManager] Element Action [type] successfully performed. With the following test data [AUTOMATION]. @28-04-2021 21:08:31.0781 PM
[ReportManager] Element Action [getText] successfully performed. With the following test data [AUTOMATION]. @28-04-2021 21:08:31.0911 PM
[ReportManager] Loaded Shared OpenCV @28-04-2021 21:08:32.0093 PM
[ReportManager] AssertElementAttribute PASSED; Expected [Value Should be 'AutomaTion' for the 'text' attribute, element locator 'By.name: q'] and Actual [AUTOMATION]. Comparison Type [CASE_INSENSITIVE]. Validation Type [POSITIVE]. @28-04-2021 21:08:32.0173 PM
[ReportManager] Successfully created attachment [Screenshot - 1619644112093_assertElementAttribute_true_caseInsensitiveComparison_expectedToPass_AssertElementAttribute_passed] @28-04-2021 21:08:32.0174 P
[ReportManager] Successfully created attachment [Selenium WebDriver Logs - server] @28-04-2021 21:08:32.0261 PM
[ReportManager] Successfully created attachment [Selenium WebDriver Logs - performance] @28-04-2021 21:08:32.0341 PM
[ReportManager] Successfully created attachment [Selenium WebDriver Logs - driver] @28-04-2021 21:08:32.0460 PM
[ReportManager] Browser Action [closeCurrentWindow] successfully performed. @28-04-2021 21:08:32.0521 PM
[ReportManager] Successfully created attachment [Browser Action Test Data - closeCurrentWindow - Actual Value] @28-04-2021 21:08:32.0521 P
[ReportManager] File Action [getAbsolutePath] successfully performed. With the following test data [Relative Folder Path: "target/downloadedFiles/"]. @28-04-2021 21:08:32.0524 PM
[ReportManager] Attempting to run remotely on: [Linux-64], [GoogleChrome], [http://localhost:4444/wd/hub], Headless Execution. @28-04-2021 21:08:32.0524 PM
[ReportManager] Successfully Opened [GoogleChrome]. @28-04-2021 21:08:32.0768 PM
[ReportManager] Target URL: [https://www.google.com/ncr], and after redirection: [www.google.com] @28-04-2021 21:08:32.0783 PM
[ReportManager] Initial URL: [data:,] @28-04-2021 21:08:32.0839 PM
[ReportManager] Browser Action [navigateToURL] successfully performed. With the following test data [https://www.google.com/ncr]. @28-04-2021 21:08:33.0820 P

################################################################################################################################################
Starting Execution:	[88 out of 137] test cases in the current suite
Test Method:		[unitTests.tests_validations_assertions.assertElementAttribute_true_containsComparison_expectedToFail]
################################################################################################################################################
[ReportManager] Element Action [type] successfully performed. With the following test data [Automation123]. @28-04-2021 21:08:34.0522 PM
[ReportManager] Element Action [getText] successfully performed. With the following test data [Automation123]. @28-04-2021 21:08:34.0650 PM
[ReportManager] Loaded Shared OpenCV @28-04-2021 21:08:34.0815 PM
[ReportManager] AssertElementAttribute FAILED; Expected [Value Should be 'Automation1234' for the 'text' attribute, element locator 'By.name: q'] and Actual [Automation123]. Comparison Type [CONTAINS]. Validation Type [POSITIVE]. @28-04-2021 21:08:34.0892 PM
[ReportManager] Successfully created attachment [Screenshot - 1619644114815_assertElementAttribute_true_containsComparison_expectedToFail_AssertElementAttribute_failed] @28-04-2021 21:08:34.0893 P
[ReportManager] Successfully created attachment [Selenium WebDriver Logs - server] @28-04-2021 21:08:34.0978 PM
[ReportManager] Successfully created attachment [Selenium WebDriver Logs - performance] @28-04-2021 21:08:35.0094 PM
[ReportManager] Successfully created attachment [Selenium WebDriver Logs - driver] @28-04-2021 21:08:35.0221 PM
[ReportManager] Browser Action [closeCurrentWindow] successfully performed. @28-04-2021 21:08:35.0278 PM
[ReportManager] Successfully created attachment [Browser Action Test Data - closeCurrentWindow - Actual Value] @28-04-2021 21:08:35.0278 P
[ReportManager] File Action [getAbsolutePath] successfully performed. With the following test data [Relative Folder Path: "target/downloadedFiles/"]. @28-04-2021 21:08:35.0286 PM
[ReportManager] Attempting to run remotely on: [Linux-64], [GoogleChrome], [http://localhost:4444/wd/hub], Headless Execution. @28-04-2021 21:08:35.0286 PM
[ReportManager] Successfully Opened [GoogleChrome]. @28-04-2021 21:08:35.0522 PM
[ReportManager] Target URL: [https://www.google.com/ncr], and after redirection: [www.google.com] @28-04-2021 21:08:35.0542 PM
[ReportManager] Initial URL: [data:,] @28-04-2021 21:08:35.0590 PM
[ReportManager] Browser Action [navigateToURL] successfully performed. With the following test data [https://www.google.com/ncr]. @28-04-2021 21:08:36.0526 P

################################################################################################################################################
Starting Execution:	[89 out of 137] test cases in the current suite
Test Method:		[unitTests.tests_validations_assertions.assertElementAttribute_true_containsComparison_expectedToPass]
################################################################################################################################################
[ReportManager] Element Action [type] successfully performed. With the following test data [Automation123]. @28-04-2021 21:08:37.0206 PM
[ReportManager] Element Action [getText] successfully performed. With the following test data [Automation123]. @28-04-2021 21:08:37.0339 PM
[ReportManager] Loaded Shared OpenCV @28-04-2021 21:08:37.0524 PM
[ReportManager] AssertElementAttribute PASSED; Expected [Value Should be 'Automation' for the 'text' attribute, element locator 'By.name: q'] and Actual [Automation123]. Comparison Type [CONTAINS]. Validation Type [POSITIVE]. @28-04-2021 21:08:37.0600 PM
[ReportManager] Successfully created attachment [Screenshot - 1619644117524_assertElementAttribute_true_containsComparison_expectedToPass_AssertElementAttribute_passed] @28-04-2021 21:08:37.0601 P
[ReportManager] Successfully created attachment [Selenium WebDriver Logs - server] @28-04-2021 21:08:37.0693 PM
[ReportManager] Successfully created attachment [Selenium WebDriver Logs - performance] @28-04-2021 21:08:37.0791 PM
[ReportManager] Successfully created attachment [Selenium WebDriver Logs - driver] @28-04-2021 21:08:37.0930 PM
[ReportManager] Browser Action [closeCurrentWindow] successfully performed. @28-04-2021 21:08:37.0987 PM
[ReportManager] Successfully created attachment [Browser Action Test Data - closeCurrentWindow - Actual Value] @28-04-2021 21:08:37.0990 P
[ReportManager] File Action [getAbsolutePath] successfully performed. With the following test data [Relative Folder Path: "target/downloadedFiles/"]. @28-04-2021 21:08:37.0994 PM
[ReportManager] Attempting to run remotely on: [Linux-64], [GoogleChrome], [http://localhost:4444/wd/hub], Headless Execution. @28-04-2021 21:08:37.0994 PM
[ReportManager] Successfully Opened [GoogleChrome]. @28-04-2021 21:08:38.0229 PM
[ReportManager] Target URL: [https://www.google.com/ncr], and after redirection: [www.google.com] @28-04-2021 21:08:38.0261 PM
[ReportManager] Initial URL: [data:,] @28-04-2021 21:08:38.0320 PM
[ReportManager] Browser Action [navigateToURL] successfully performed. With the following test data [https://www.google.com/ncr]. @28-04-2021 21:08:39.0271 P

################################################################################################################################################
Starting Execution:	[90 out of 137] test cases in the current suite
Test Method:		[unitTests.tests_validations_assertions.assertElementAttribute_true_literalComparison_expectedToFail]
################################################################################################################################################
[ReportManager] Element Action [type] successfully performed. With the following test data [Automation!@#$%^&*()_+{}[]\';/.,]. @28-04-2021 21:08:40.0746 PM
[ReportManager] Element Action [getText] successfully performed. With the following test data [Automation!@#$%^&*()_+{}[]\';/.,]. @28-04-2021 21:08:40.0861 PM
[ReportManager] Loaded Shared OpenCV @28-04-2021 21:08:41.0023 PM
[ReportManager] AssertElementAttribute FAILED; Expected [Value Should be 'Automation' for the 'text' attribute, element locator 'By.name: q'] and Actual [Automation!@#$%^&*()_+{}[]\';/.,]. Comparison Type [EQUALS]. Validation Type [POSITIVE]. @28-04-2021 21:08:41.0108 PM
[ReportManager] Successfully created attachment [Screenshot - 1619644121023_assertElementAttribute_true_literalComparison_expectedToFail_AssertElementAttribute_failed] @28-04-2021 21:08:41.0109 P
[ReportManager] Successfully created attachment [Selenium WebDriver Logs - server] @28-04-2021 21:08:41.0199 PM
[ReportManager] Successfully created attachment [Selenium WebDriver Logs - performance] @28-04-2021 21:08:41.0355 PM
[ReportManager] Successfully created attachment [Selenium WebDriver Logs - driver] @28-04-2021 21:08:41.0526 PM
[ReportManager] Browser Action [closeCurrentWindow] successfully performed. @28-04-2021 21:08:41.0582 PM
[ReportManager] Successfully created attachment [Browser Action Test Data - closeCurrentWindow - Actual Value] @28-04-2021 21:08:41.0583 P
[ReportManager] File Action [getAbsolutePath] successfully performed. With the following test data [Relative Folder Path: "target/downloadedFiles/"]. @28-04-2021 21:08:41.0585 PM
[ReportManager] Attempting to run remotely on: [Linux-64], [GoogleChrome], [http://localhost:4444/wd/hub], Headless Execution. @28-04-2021 21:08:41.0586 PM
[ReportManager] Successfully Opened [GoogleChrome]. @28-04-2021 21:08:41.0878 PM
[ReportManager] Target URL: [https://www.google.com/ncr], and after redirection: [www.google.com] @28-04-2021 21:08:41.0888 PM
[ReportManager] Initial URL: [data:,] @28-04-2021 21:08:41.0934 PM
[ReportManager] Browser Action [navigateToURL] successfully performed. With the following test data [https://www.google.com/ncr]. @28-04-2021 21:08:42.0940 P

################################################################################################################################################
Starting Execution:	[91 out of 137] test cases in the current suite
Test Method:		[unitTests.tests_validations_assertions.assertElementAttribute_true_literalComparison_expectedToPass]
################################################################################################################################################
[ReportManager] Element Action [type] successfully performed. With the following test data [Automation!@#$%^&*()_+{}[]\';/.,]. @28-04-2021 21:08:44.0468 PM
[ReportManager] Element Action [getText] successfully performed. With the following test data [Automation!@#$%^&*()_+{}[]\';/.,]. @28-04-2021 21:08:44.0591 PM
[ReportManager] Loaded Shared OpenCV @28-04-2021 21:08:44.0757 PM
[ReportManager] AssertElementAttribute PASSED; Expected [Value Should be 'Automation!@#$%^&*()_+{}[]\';/.,' for the 'text' attribute, element locator 'By.name: q'] and Actual [Automation!@#$%^&*()_+{}[]\';/.,]. Comparison Type [EQUALS]. Validation Type [POSITIVE]. @28-04-2021 21:08:44.0837 PM
[ReportManager] Successfully created attachment [Screenshot - 1619644124756_assertElementAttribute_true_literalComparison_expectedToPass_AssertElementAttribute_passed] @28-04-2021 21:08:44.0838 P
[ReportManager] Successfully created attachment [Selenium WebDriver Logs - server] @28-04-2021 21:08:44.0919 PM
[ReportManager] Successfully created attachment [Selenium WebDriver Logs - performance] @28-04-2021 21:08:45.0074 PM
[ReportManager] Successfully created attachment [Selenium WebDriver Logs - driver] @28-04-2021 21:08:45.0246 PM
[ReportManager] Browser Action [closeCurrentWindow] successfully performed. @28-04-2021 21:08:45.0303 PM
[ReportManager] Successfully created attachment [Browser Action Test Data - closeCurrentWindow - Actual Value] @28-04-2021 21:08:45.0304 P
[ReportManager] File Action [getAbsolutePath] successfully performed. With the following test data [Relative Folder Path: "target/downloadedFiles/"]. @28-04-2021 21:08:45.0309 PM
[ReportManager] Attempting to run remotely on: [Linux-64], [GoogleChrome], [http://localhost:4444/wd/hub], Headless Execution. @28-04-2021 21:08:45.0309 PM
[ReportManager] Successfully Opened [GoogleChrome]. @28-04-2021 21:08:45.0592 PM
[ReportManager] Target URL: [https://www.google.com/ncr], and after redirection: [www.google.com] @28-04-2021 21:08:45.0605 PM
[ReportManager] Initial URL: [data:,] @28-04-2021 21:08:45.0655 PM
[ReportManager] Browser Action [navigateToURL] successfully performed. With the following test data [https://www.google.com/ncr]. @28-04-2021 21:08:46.0582 P

################################################################################################################################################
Starting Execution:	[92 out of 137] test cases in the current suite
Test Method:		[unitTests.tests_validations_assertions.assertElementAttribute_true_regexComparison_expectedToFail]
################################################################################################################################################
[ReportManager] Element Action [type] successfully performed. With the following test data [Automation123]. @28-04-2021 21:08:47.0316 PM
[ReportManager] Element Action [getText] successfully performed. With the following test data [Automation123]. @28-04-2021 21:08:47.0449 PM
[ReportManager] Loaded Shared OpenCV @28-04-2021 21:08:47.0599 PM
[ReportManager] AssertElementAttribute FAILED; Expected [Value Should be 'Automation' for the 'text' attribute, element locator 'By.name: q'] and Actual [Automation123]. Comparison Type [MATCHES]. Validation Type [POSITIVE]. @28-04-2021 21:08:47.0676 PM
[ReportManager] Successfully created attachment [Screenshot - 1619644127599_assertElementAttribute_true_regexComparison_expectedToFail_AssertElementAttribute_failed] @28-04-2021 21:08:47.0677 P
[ReportManager] Successfully created attachment [Selenium WebDriver Logs - server] @28-04-2021 21:08:47.0774 PM
[ReportManager] Successfully created attachment [Selenium WebDriver Logs - performance] @28-04-2021 21:08:47.0876 PM
[ReportManager] Successfully created attachment [Selenium WebDriver Logs - driver] @28-04-2021 21:08:48.0005 PM
[ReportManager] Browser Action [closeCurrentWindow] successfully performed. @28-04-2021 21:08:48.0065 PM
[ReportManager] Successfully created attachment [Browser Action Test Data - closeCurrentWindow - Actual Value] @28-04-2021 21:08:48.0065 P
[ReportManager] File Action [getAbsolutePath] successfully performed. With the following test data [Relative Folder Path: "target/downloadedFiles/"]. @28-04-2021 21:08:48.0068 PM
[ReportManager] Attempting to run remotely on: [Linux-64], [GoogleChrome], [http://localhost:4444/wd/hub], Headless Execution. @28-04-2021 21:08:48.0068 PM
[ReportManager] Successfully Opened [GoogleChrome]. @28-04-2021 21:08:48.0349 PM
[ReportManager] Target URL: [https://www.google.com/ncr], and after redirection: [www.google.com] @28-04-2021 21:08:48.0363 PM
[ReportManager] Initial URL: [data:,] @28-04-2021 21:08:48.0409 PM
[ReportManager] Browser Action [navigateToURL] successfully performed. With the following test data [https://www.google.com/ncr]. @28-04-2021 21:08:49.0347 P

################################################################################################################################################
Starting Execution:	[93 out of 137] test cases in the current suite
Test Method:		[unitTests.tests_validations_assertions.assertElementAttribute_true_regexComparison_expectedToPass]
################################################################################################################################################
[ReportManager] Element Action [type] successfully performed. With the following test data [Automation123]. @28-04-2021 21:08:50.0030 PM
[ReportManager] Element Action [getText] successfully performed. With the following test data [Automation123]. @28-04-2021 21:08:50.0158 PM
[ReportManager] Loaded Shared OpenCV @28-04-2021 21:08:50.0334 PM
[ReportManager] AssertElementAttribute PASSED; Expected [Value Should be 'Automation.*' for the 'text' attribute, element locator 'By.name: q'] and Actual [Automation123]. Comparison Type [MATCHES]. Validation Type [POSITIVE]. @28-04-2021 21:08:50.0412 PM
[ReportManager] Successfully created attachment [Screenshot - 1619644130334_assertElementAttribute_true_regexComparison_expectedToPass_AssertElementAttribute_passed] @28-04-2021 21:08:50.0413 P
[ReportManager] Successfully created attachment [Selenium WebDriver Logs - server] @28-04-2021 21:08:50.0557 PM
[ReportManager] Successfully created attachment [Selenium WebDriver Logs - performance] @28-04-2021 21:08:50.0715 PM
[ReportManager] Successfully created attachment [Selenium WebDriver Logs - driver] @28-04-2021 21:08:50.0881 PM
[ReportManager] Browser Action [closeCurrentWindow] successfully performed. @28-04-2021 21:08:50.0937 PM
[ReportManager] Successfully created attachment [Browser Action Test Data - closeCurrentWindow - Actual Value] @28-04-2021 21:08:50.0937 P
[ReportManager] File Action [getAbsolutePath] successfully performed. With the following test data [Relative Folder Path: "target/downloadedFiles/"]. @28-04-2021 21:08:50.0940 PM
[ReportManager] Attempting to run remotely on: [Linux-64], [GoogleChrome], [http://localhost:4444/wd/hub], Headless Execution. @28-04-2021 21:08:50.0941 PM
[ReportManager] Successfully Opened [GoogleChrome]. @28-04-2021 21:08:51.0181 PM
[ReportManager] Target URL: [https://www.google.com/ncr], and after redirection: [www.google.com] @28-04-2021 21:08:51.0191 PM
[ReportManager] Initial URL: [data:,] @28-04-2021 21:08:51.0241 PM
[ReportManager] Browser Action [navigateToURL] successfully performed. With the following test data [https://www.google.com/ncr]. @28-04-2021 21:08:52.0159 P

################################################################################################################################################
Starting Execution:	[94 out of 137] test cases in the current suite
Test Method:		[unitTests.tests_validations_assertions.assertElementAttribute_type_true_literalComparison_expectedToPass]
################################################################################################################################################
[ReportManager] Element Action [type] successfully performed. With the following test data [Automation!@#$%^&*()_+{}[]\';/.,]. @28-04-2021 21:08:53.0757 PM
[ReportManager] Element Action [getText] successfully performed. With the following test data [Automation!@#$%^&*()_+{}[]\';/.,]. @28-04-2021 21:08:53.0891 PM
[ReportManager] Loaded Shared OpenCV @28-04-2021 21:08:54.0039 PM
[ReportManager] AssertElementAttribute PASSED; Expected [Value Should be 'Automation!@#$%^&*()_+{}[]\';/.,' for the 'text' attribute, element locator 'By.name: q'] and Actual [Automation!@#$%^&*()_+{}[]\';/.,]. Comparison Type [EQUALS]. Validation Type [POSITIVE]. @28-04-2021 21:08:54.0120 PM
[ReportManager] Successfully created attachment [Screenshot - 1619644134039_assertElementAttribute_type_true_literalComparison_expectedToPass_AssertElementAttribute_passed] @28-04-2021 21:08:54.0121 P
[ReportManager] Successfully created attachment [Selenium WebDriver Logs - server] @28-04-2021 21:08:54.0203 PM
[ReportManager] Successfully created attachment [Selenium WebDriver Logs - performance] @28-04-2021 21:08:54.0376 PM
[ReportManager] Successfully created attachment [Selenium WebDriver Logs - driver] @28-04-2021 21:08:54.0561 PM
[ReportManager] Browser Action [closeCurrentWindow] successfully performed. @28-04-2021 21:08:54.0622 PM
[ReportManager] Successfully created attachment [Browser Action Test Data - closeCurrentWindow - Actual Value] @28-04-2021 21:08:54.0623 P
[ReportManager] File Action [getAbsolutePath] successfully performed. With the following test data [Relative Folder Path: "target/downloadedFiles/"]. @28-04-2021 21:08:54.0625 PM
[ReportManager] Attempting to run remotely on: [Linux-64], [GoogleChrome], [http://localhost:4444/wd/hub], Headless Execution. @28-04-2021 21:08:54.0625 PM
[ReportManager] Successfully Opened [GoogleChrome]. @28-04-2021 21:08:54.0865 PM
[ReportManager] Target URL: [https://www.google.com/ncr], and after redirection: [www.google.com] @28-04-2021 21:08:54.0886 PM
[ReportManager] Initial URL: [data:,] @28-04-2021 21:08:54.0932 PM
[ReportManager] Browser Action [navigateToURL] successfully performed. With the following test data [https://www.google.com/ncr]. @28-04-2021 21:08:55.0853 P

################################################################################################################################################
Starting Execution:	[95 out of 137] test cases in the current suite
Test Method:		[unitTests.tests_validations_assertions.assertElementExists_false_expectedToFail]
################################################################################################################################################
[ReportManager] AssertElementExists PASSED; Expected [Element Should not Exist, locator 'By.id: hplogo'] and Actual [Element Doesn't Exists]. Comparison Type [EQUALS]. Validation Type [NEGATIVE]. @28-04-2021 21:09:06.0243 PM
[ReportManager] Successfully created attachment [Screenshot - 1619644146181_assertElementExists_false_expectedToFail_AssertElementExists_passed] @28-04-2021 21:09:06.0243 P
[ReportManager] Successfully created attachment [Selenium WebDriver Logs - server] @28-04-2021 21:09:06.0326 PM
[ReportManager] Successfully created attachment [Selenium WebDriver Logs - performance] @28-04-2021 21:09:06.0360 PM
[ReportManager] Successfully created attachment [Selenium WebDriver Logs - driver] @28-04-2021 21:09:06.0441 PM
[ReportManager] Browser Action [closeCurrentWindow] successfully performed. @28-04-2021 21:09:06.0498 PM
[ReportManager] Successfully created attachment [Browser Action Test Data - closeCurrentWindow - Actual Value] @28-04-2021 21:09:06.0499 P
[ReportManager] File Action [getAbsolutePath] successfully performed. With the following test data [Relative Folder Path: "target/downloadedFiles/"]. @28-04-2021 21:09:06.0501 PM
[ReportManager] Attempting to run remotely on: [Linux-64], [GoogleChrome], [http://localhost:4444/wd/hub], Headless Execution. @28-04-2021 21:09:06.0501 PM
[ReportManager] Successfully Opened [GoogleChrome]. @28-04-2021 21:09:06.0781 PM
[ReportManager] Target URL: [https://www.google.com/ncr], and after redirection: [www.google.com] @28-04-2021 21:09:06.0821 PM
[ReportManager] Initial URL: [data:,] @28-04-2021 21:09:06.0882 PM
[ReportManager] Browser Action [navigateToURL] successfully performed. With the following test data [https://www.google.com/ncr]. @28-04-2021 21:09:07.0962 P

################################################################################################################################################
Starting Execution:	[96 out of 137] test cases in the current suite
Test Method:		[unitTests.tests_validations_assertions.assertElementExists_false_expectedToPass]
################################################################################################################################################
[ReportManager] AssertElementExists PASSED; Expected [Element Should not Exist, locator 'By.id: fakeElement'] and Actual [Element Doesn't Exists]. Comparison Type [EQUALS]. Validation Type [NEGATIVE]. @28-04-2021 21:09:18.0339 PM
[ReportManager] Successfully created attachment [Screenshot - 1619644158279_assertElementExists_false_expectedToPass_AssertElementExists_passed] @28-04-2021 21:09:18.0340 P
[ReportManager] Successfully created attachment [Selenium WebDriver Logs - server] @28-04-2021 21:09:18.0425 PM
[ReportManager] Successfully created attachment [Selenium WebDriver Logs - performance] @28-04-2021 21:09:18.0461 PM
[ReportManager] Successfully created attachment [Selenium WebDriver Logs - driver] @28-04-2021 21:09:18.0546 PM
[ReportManager] Browser Action [closeCurrentWindow] successfully performed. @28-04-2021 21:09:18.0566 PM
[ReportManager] Successfully created attachment [Browser Action Test Data - closeCurrentWindow - Actual Value] @28-04-2021 21:09:18.0566 P
[ReportManager] File Action [getAbsolutePath] successfully performed. With the following test data [Relative Folder Path: "target/downloadedFiles/"]. @28-04-2021 21:09:18.0569 PM
[ReportManager] Attempting to run remotely on: [Linux-64], [GoogleChrome], [http://localhost:4444/wd/hub], Headless Execution. @28-04-2021 21:09:18.0569 PM
[ReportManager] Successfully Opened [GoogleChrome]. @28-04-2021 21:09:18.0814 PM
[ReportManager] Target URL: [https://www.google.com/ncr], and after redirection: [www.google.com] @28-04-2021 21:09:18.0824 PM
[ReportManager] Initial URL: [data:,] @28-04-2021 21:09:18.0874 PM
[ReportManager] Browser Action [navigateToURL] successfully performed. With the following test data [https://www.google.com/ncr]. @28-04-2021 21:09:19.0824 P

################################################################################################################################################
Starting Execution:	[97 out of 137] test cases in the current suite
Test Method:		[unitTests.tests_validations_assertions.assertElementExists_false_multipleElementsFound_expectedToFail]
################################################################################################################################################
[ReportManager] AssertElementExists FAILED; Expected [Element Should not Exist, locator 'By.xpath: //div'] and Actual [Element Exists but is not unique]. Comparison Type [EQUALS]. Validation Type [NEGATIVE]. @28-04-2021 21:09:20.0090 PM
[ReportManager] Successfully created attachment [Screenshot - 1619644160030_assertElementExists_false_multipleElementsFound_expectedToFail_AssertElementExists_failed] @28-04-2021 21:09:20.0092 P
[ReportManager] Successfully created attachment [Selenium WebDriver Logs - server] @28-04-2021 21:09:20.0181 PM
[ReportManager] Successfully created attachment [Selenium WebDriver Logs - performance] @28-04-2021 21:09:20.0215 PM
[ReportManager] Successfully created attachment [Selenium WebDriver Logs - driver] @28-04-2021 21:09:20.0287 PM
[ReportManager] Browser Action [closeCurrentWindow] successfully performed. @28-04-2021 21:09:20.0343 PM
[ReportManager] Successfully created attachment [Browser Action Test Data - closeCurrentWindow - Actual Value] @28-04-2021 21:09:20.0344 P
[ReportManager] File Action [getAbsolutePath] successfully performed. With the following test data [Relative Folder Path: "target/downloadedFiles/"]. @28-04-2021 21:09:20.0348 PM
[ReportManager] Attempting to run remotely on: [Linux-64], [GoogleChrome], [http://localhost:4444/wd/hub], Headless Execution. @28-04-2021 21:09:20.0349 PM
[ReportManager] Successfully Opened [GoogleChrome]. @28-04-2021 21:09:20.0563 PM
[ReportManager] Target URL: [https://www.google.com/ncr], and after redirection: [www.google.com] @28-04-2021 21:09:20.0576 PM
[ReportManager] Initial URL: [data:,] @28-04-2021 21:09:20.0625 PM
[ReportManager] Browser Action [navigateToURL] successfully performed. With the following test data [https://www.google.com/ncr]. @28-04-2021 21:09:21.0538 P

################################################################################################################################################
Starting Execution:	[98 out of 137] test cases in the current suite
Test Method:		[unitTests.tests_validations_assertions.assertElementExists_true_expectedToFail]
################################################################################################################################################
[ReportManager] AssertElementExists FAILED; Expected [Element Should Exist, locator 'By.id: fakeElement'] and Actual [Element Doesn't Exists]. Comparison Type [EQUALS]. Validation Type [POSITIVE]. @28-04-2021 21:09:52.0207 PM
[ReportManager] Successfully created attachment [Screenshot - 1619644192147_assertElementExists_true_expectedToFail_AssertElementExists_failed] @28-04-2021 21:09:52.0207 P
[ReportManager] Successfully created attachment [Selenium WebDriver Logs - server] @28-04-2021 21:09:52.0313 PM
[ReportManager] Successfully created attachment [Selenium WebDriver Logs - performance] @28-04-2021 21:09:52.0353 PM
[ReportManager] Successfully created attachment [Selenium WebDriver Logs - driver] @28-04-2021 21:09:52.0461 PM
[ReportManager] Browser Action [closeCurrentWindow] successfully performed. @28-04-2021 21:09:52.0519 PM
[ReportManager] Successfully created attachment [Browser Action Test Data - closeCurrentWindow - Actual Value] @28-04-2021 21:09:52.0520 P
[ReportManager] File Action [getAbsolutePath] successfully performed. With the following test data [Relative Folder Path: "target/downloadedFiles/"]. @28-04-2021 21:09:52.0522 PM
[ReportManager] Attempting to run remotely on: [Linux-64], [GoogleChrome], [http://localhost:4444/wd/hub], Headless Execution. @28-04-2021 21:09:52.0523 PM
[ReportManager] Successfully Opened [GoogleChrome]. @28-04-2021 21:09:52.0780 PM
[ReportManager] Target URL: [https://www.google.com/ncr], and after redirection: [www.google.com] @28-04-2021 21:09:52.0791 PM
[ReportManager] Initial URL: [data:,] @28-04-2021 21:09:52.0842 PM
[ReportManager] Browser Action [navigateToURL] successfully performed. With the following test data [https://www.google.com/ncr]. @28-04-2021 21:09:53.0782 P

################################################################################################################################################
Starting Execution:	[99 out of 137] test cases in the current suite
Test Method:		[unitTests.tests_validations_assertions.assertElementExists_true_expectedToPass]
################################################################################################################################################
[ReportManager] Loaded Shared OpenCV @28-04-2021 21:09:54.0000 PM
[ReportManager] AssertElementExists PASSED; Expected [Element Should Exist, locator 'By.xpath: //img[@id='hplogo' or @alt='Google']'] and Actual [Element Exists]. Comparison Type [EQUALS]. Validation Type [POSITIVE]. @28-04-2021 21:09:54.0080 PM
[ReportManager] Successfully created attachment [Screenshot - 1619644194000_assertElementExists_true_expectedToPass_AssertElementExists_passed] @28-04-2021 21:09:54.0081 P
[ReportManager] Successfully created attachment [Selenium WebDriver Logs - server] @28-04-2021 21:09:54.0172 PM
[ReportManager] Successfully created attachment [Selenium WebDriver Logs - performance] @28-04-2021 21:09:54.0205 PM
[ReportManager] Successfully created attachment [Selenium WebDriver Logs - driver] @28-04-2021 21:09:54.0281 PM
[ReportManager] Browser Action [closeCurrentWindow] successfully performed. @28-04-2021 21:09:54.0341 PM
[ReportManager] Successfully created attachment [Browser Action Test Data - closeCurrentWindow - Actual Value] @28-04-2021 21:09:54.0342 P
[ReportManager] File Action [getAbsolutePath] successfully performed. With the following test data [Relative Folder Path: "target/downloadedFiles/"]. @28-04-2021 21:09:54.0346 PM
[ReportManager] Attempting to run remotely on: [Linux-64], [GoogleChrome], [http://localhost:4444/wd/hub], Headless Execution. @28-04-2021 21:09:54.0348 PM
[ReportManager] Successfully Opened [GoogleChrome]. @28-04-2021 21:09:54.0606 PM
[ReportManager] Target URL: [https://www.google.com/ncr], and after redirection: [www.google.com] @28-04-2021 21:09:54.0627 PM
[ReportManager] Initial URL: [data:,] @28-04-2021 21:09:54.0690 PM
[ReportManager] Browser Action [navigateToURL] successfully performed. With the following test data [https://www.google.com/ncr]. @28-04-2021 21:09:55.0619 P

################################################################################################################################################
Starting Execution:	[100 out of 137] test cases in the current suite
Test Method:		[unitTests.tests_validations_assertions.assertElementExists_true_multipleElementsFound_expectedToFail]
################################################################################################################################################
[ReportManager] AssertElementExists FAILED; Expected [Element Should Exist, locator 'By.xpath: //div'] and Actual [Element Exists but is not unique]. Comparison Type [EQUALS]. Validation Type [POSITIVE]. @28-04-2021 21:09:55.0917 PM
[ReportManager] Successfully created attachment [Screenshot - 1619644195847_assertElementExists_true_multipleElementsFound_expectedToFail_AssertElementExists_failed] @28-04-2021 21:09:55.0920 P
[ReportManager] Successfully created attachment [Selenium WebDriver Logs - server] @28-04-2021 21:09:56.0013 PM
[ReportManager] Successfully created attachment [Selenium WebDriver Logs - performance] @28-04-2021 21:09:56.0050 PM
[ReportManager] Successfully created attachment [Selenium WebDriver Logs - driver] @28-04-2021 21:09:56.0124 PM
[ReportManager] Browser Action [closeCurrentWindow] successfully performed. @28-04-2021 21:09:56.0183 PM
[ReportManager] Successfully created attachment [Browser Action Test Data - closeCurrentWindow - Actual Value] @28-04-2021 21:09:56.0183 P

################################################################################################################################################
Starting Execution:	[101 out of 137] test cases in the current suite
Test Method:		[unitTests.tests_validations_assertions.assertEquals_false_expectedToFail]
################################################################################################################################################
[ReportManager] AssertEquals FAILED; Expected [1] and Actual [1]. Comparison Type [EQUALS]. Validation Type [NEGATIVE]. @28-04-2021 21:09:56.0194 P

################################################################################################################################################
Starting Execution:	[102 out of 137] test cases in the current suite
Test Method:		[unitTests.tests_validations_assertions.assertEquals_false_expectedToPass]
################################################################################################################################################
[ReportManager] AssertEquals PASSED; Expected [1] and Actual [2]. Comparison Type [EQUALS]. Validation Type [NEGATIVE]. @28-04-2021 21:09:56.0197 P

################################################################################################################################################
Starting Execution:	[103 out of 137] test cases in the current suite
Test Method:		[unitTests.tests_validations_assertions.assertEquals_longCharacters]
################################################################################################################################################
[ReportManager] VerifyEquals PASSED; Expected and Actual values are attached. Comparison Type [EQUALS]. Validation Type [POSITIVE]. @28-04-2021 21:09:56.0199 PM
[ReportManager] Successfully created attachment [Validation Test Data - Expected Value] @28-04-2021 21:09:56.0199 PM
[ReportManager] Successfully created attachment [Validation Test Data - Actual Value] @28-04-2021 21:09:56.0199 PM
[ReportManager] AssertEquals PASSED; Expected and Actual values are attached. Comparison Type [EQUALS]. Validation Type [POSITIVE]. @28-04-2021 21:09:56.0200 PM
[ReportManager] Successfully created attachment [Validation Test Data - Expected Value] @28-04-2021 21:09:56.0200 PM
[ReportManager] Successfully created attachment [Validation Test Data - Actual Value] @28-04-2021 21:09:56.0200 P

################################################################################################################################################
Starting Execution:	[104 out of 137] test cases in the current suite
Test Method:		[unitTests.tests_validations_assertions.assertEquals_longCharacters_Discreet]
################################################################################################################################################
[ReportManager] AssertEquals PASSED; Expected [1LH5pROcDBjjQk0t0mCr0lXuzQu9lcGj28kY8R1H81X67eVAQJgWQhILiRWVPUgZ6uCtK5cnBkF55Jr9vYngjGO1Iyf0Mktv6lruDlL9T8MAUPcUZJGHZtji6nIeadujDSNmWMj5d6C8zlFqw0CRqBU0hO5adIasHgBSNoLotAjce3NGXoDwAlp3rYreeV16VIyZXROQY] and Actual [1LH5pROcDBjjQk0t0mCr0lXuzQu9lcGj28kY8R1H81X67eVAQJgWQhILiRWVPUgZ6uCtK5cnBkF55Jr9vYngjGO1Iyf0Mktv6lruDlL9T8MAUPcUZJGHZtji6nIeadujDSNmWMj5d6C8zlFqw0CRqBU0hO5adIasHgBSNoLotAjce3NGXoDwAlp3rYreeV16VIyZXROQY]. Comparison Type [EQUALS]. Validation Type [POSITIVE]. @28-04-2021 21:09:56.0202 P

################################################################################################################################################
Starting Execution:	[105 out of 137] test cases in the current suite
Test Method:		[unitTests.tests_validations_assertions.assertEquals_true_expectedToFail]
################################################################################################################################################
[ReportManager] AssertEquals FAILED; Expected [1] and Actual [2]. Comparison Type [EQUALS]. Validation Type [POSITIVE]. @28-04-2021 21:09:56.0205 P

################################################################################################################################################
Starting Execution:	[106 out of 137] test cases in the current suite
Test Method:		[unitTests.tests_validations_assertions.assertEquals_true_expectedToPass]
Test Description:	[Assert that assertEquals works as expected when the two values are equal.]
################################################################################################################################################
[ReportManager] VerifyEquals PASSED; Expected [1] and Actual [1]. Comparison Type [EQUALS]. Validation Type [POSITIVE]. @28-04-2021 21:09:56.0207 PM
[ReportManager] AssertEquals PASSED; Expected [1] and Actual [1]. Comparison Type [EQUALS]. Validation Type [POSITIVE]. @28-04-2021 21:09:56.0207 P

################################################################################################################################################
Starting Execution:	[107 out of 137] test cases in the current suite
Test Method:		[unitTests.tests_validations_assertions.assertEquals_true_expectedToPass__]
################################################################################################################################################
[ReportManager] AssertEquals PASSED; Expected [1] and Actual [1]. Comparison Type [EQUALS]. Validation Type [POSITIVE]. @28-04-2021 21:09:56.0209 P

################################################################################################################################################
Starting Execution:	[108 out of 137] test cases in the current suite
Test Method:		[unitTests.tests_validations_assertions.assertFileExists_false_expectedToFail]
################################################################################################################################################
[ReportManager] File Action [doesFileExist] successfully performed. With the following test data [File Path: "src/main/java/com/shaft/gui/element/ElementActions.java"]. @28-04-2021 21:09:56.0211 PM
[ReportManager] AssertFileExists FAILED; Expected [File 'src/main/java/com/shaft/gui/element/ElementActions.java' should not exist, after up to '1' retries] and Actual [File exists]. Validation Type [NEGATIVE]. @28-04-2021 21:09:56.0211 P

################################################################################################################################################
Starting Execution:	[109 out of 137] test cases in the current suite
Test Method:		[unitTests.tests_validations_assertions.assertFileExists_false_expectedToPass]
################################################################################################################################################
[ReportManager] File Action [doesFileExist] successfully performed. With the following test data [File Path: "src/main/java/com/shaft/gui/element/ElementActions.java_fail"]. @28-04-2021 21:09:56.0713 PM
[ReportManager] AssertFileExists PASSED; Expected [File 'src/main/java/com/shaft/gui/element/ElementActions.java_fail' should not exist, after up to '1' retries] and Actual [File does not exist]. Validation Type [NEGATIVE]. @28-04-2021 21:09:56.0714 P

################################################################################################################################################
Starting Execution:	[110 out of 137] test cases in the current suite
Test Method:		[unitTests.tests_validations_assertions.assertFileExists_true_expectedToFail]
################################################################################################################################################
[ReportManager] File Action [doesFileExist] successfully performed. With the following test data [File Path: "src/main/java/com/shaft/gui/element/ElementActions.java_fail"]. @28-04-2021 21:09:57.0217 PM
[ReportManager] AssertFileExists FAILED; Expected [File 'src/main/java/com/shaft/gui/element/ElementActions.java_fail' should exist, after up to '1' retries] and Actual [File does not exist]. Validation Type [POSITIVE]. @28-04-2021 21:09:57.0217 P

################################################################################################################################################
Starting Execution:	[111 out of 137] test cases in the current suite
Test Method:		[unitTests.tests_validations_assertions.assertFileExists_true_expectedToPass]
################################################################################################################################################
[ReportManager] File Action [doesFileExist] successfully performed. With the following test data [File Path: "src/main/java/com/shaft/gui/element/ElementActions.java"]. @28-04-2021 21:09:57.0219 PM
[ReportManager] AssertFileExists PASSED; Expected [File 'src/main/java/com/shaft/gui/element/ElementActions.java' should exist, after up to '1' retries] and Actual [File exists]. Validation Type [POSITIVE]. @28-04-2021 21:09:57.0220 P

################################################################################################################################################
Starting Execution:	[112 out of 137] test cases in the current suite
Test Method:		[unitTests.tests_validations_assertions.assertNull_false_expectedToFail]
################################################################################################################################################
[ReportManager] AssertNull FAILED; Expected [NULL] and Actual [NULL]. Comparison Type [EQUALS]. Validation Type [NEGATIVE]. @28-04-2021 21:09:57.0221 P

################################################################################################################################################
Starting Execution:	[113 out of 137] test cases in the current suite
Test Method:		[unitTests.tests_validations_assertions.assertNull_false_expectedToPass]
################################################################################################################################################
[ReportManager] AssertNull PASSED; Expected [NULL] and Actual [1]. Comparison Type [EQUALS]. Validation Type [NEGATIVE]. @28-04-2021 21:09:57.0223 P

################################################################################################################################################
Starting Execution:	[114 out of 137] test cases in the current suite
Test Method:		[unitTests.tests_validations_assertions.assertNull_true_expectedToFail]
################################################################################################################################################
[ReportManager] AssertNull FAILED; Expected [NULL] and Actual [1]. Comparison Type [EQUALS]. Validation Type [POSITIVE]. @28-04-2021 21:09:57.0225 P

################################################################################################################################################
Starting Execution:	[115 out of 137] test cases in the current suite
Test Method:		[unitTests.tests_validations_assertions.assertNull_true_expectedToPass]
################################################################################################################################################
[ReportManager] AssertNull PASSED; Expected [NULL] and Actual [NULL]. Comparison Type [EQUALS]. Validation Type [POSITIVE]. @28-04-2021 21:09:57.0227 P
[ReportManager] File Action [getAbsolutePath] successfully performed. With the following test data [Relative Folder Path: "target/downloadedFiles/"]. @28-04-2021 21:09:57.0228 PM
[ReportManager] Attempting to run remotely on: [Linux-64], [GoogleChrome], [http://localhost:4444/wd/hub], Headless Execution. @28-04-2021 21:09:57.0228 PM
[ReportManager] Successfully Opened [GoogleChrome]. @28-04-2021 21:09:57.0472 PM
[ReportManager] Target URL: [https://duckduckgo.com] @28-04-2021 21:09:57.0487 PM
[ReportManager] Initial URL: [data:,] @28-04-2021 21:09:57.0542 PM
[ReportManager] Browser Action [navigateToURL] successfully performed. With the following test data [https://duckduckgo.com]. @28-04-2021 21:09:58.0199 P

################################################################################################################################################
Starting Execution:	[116 out of 137] test cases in the current suite
Test Method:		[unitTests.tests_browserActions.fullScreenWindow]
################################################################################################################################################
[ReportManager] Initial Windows Size: 800x600 @28-04-2021 21:09:58.0208 PM
[ReportManager] Initial window size: (800, 600) @28-04-2021 21:09:58.0212 PM
[ReportManager] Window size after Toolkit: (1920, 1080) @28-04-2021 21:09:58.0445 PM
[ReportManager] Browser Action [maximizeWindow] successfully performed. With the following test data [New screen size is now: (1920, 1080)]. @28-04-2021 21:09:58.0448 PM
[ReportManager] Current Windows Size after fullScreen: 1920x1080 @28-04-2021 21:09:58.0453 PM
[ReportManager] Browser Action [fullScreenWindow] successfully performed. @28-04-2021 21:09:58.0472 PM
[ReportManager] Successfully created attachment [Browser Action Test Data - fullScreenWindow - Actual Value] @28-04-2021 21:09:58.0473 P
[ReportManager] Target URL: [https://duckduckgo.com] @28-04-2021 21:09:58.0489 PM
[ReportManager] Initial URL: [https://duckduckgo.com] @28-04-2021 21:09:58.0570 PM
[ReportManager] Browser Action [navigateToURL] successfully performed. With the following test data [https://duckduckgo.com]. @28-04-2021 21:09:58.0962 PM
[ReportManager] Successfully created attachment [Selenium WebDriver Logs - server] @28-04-2021 21:09:59.0039 PM
[ReportManager] Successfully created attachment [Selenium WebDriver Logs - performance] @28-04-2021 21:09:59.0154 PM
[ReportManager] Successfully created attachment [Selenium WebDriver Logs - driver] @28-04-2021 21:09:59.0309 PM
[ReportManager] Browser Action [closeCurrentWindow] successfully performed. @28-04-2021 21:09:59.0322 PM
[ReportManager] Successfully created attachment [Browser Action Test Data - closeCurrentWindow - Actual Value] @28-04-2021 21:09:59.0323 P
[ReportManager] File Action [getAbsolutePath] successfully performed. With the following test data [Relative Folder Path: "target/downloadedFiles/"]. @28-04-2021 21:09:59.0325 PM
[ReportManager] Attempting to run remotely on: [Linux-64], [GoogleChrome], [http://localhost:4444/wd/hub], Headless Execution. @28-04-2021 21:09:59.0325 PM
[ReportManager] Successfully Opened [GoogleChrome]. @28-04-2021 21:09:59.0602 PM
[ReportManager] Target URL: [https://duckduckgo.com] @28-04-2021 21:09:59.0614 PM
[ReportManager] Initial URL: [data:,] @28-04-2021 21:09:59.0665 PM
[ReportManager] Browser Action [navigateToURL] successfully performed. With the following test data [https://duckduckgo.com]. @28-04-2021 21:10:00.0290 P

################################################################################################################################################
Starting Execution:	[117 out of 137] test cases in the current suite
Test Method:		[unitTests.tests_browserActions.getCurrentURL]
################################################################################################################################################
[ReportManager] Browser Action [getCurrentURL] successfully performed. With the following test data [https://duckduckgo.com/]. @28-04-2021 21:10:00.0337 P
[ReportManager] Target URL: [https://duckduckgo.com] @28-04-2021 21:10:00.0344 PM
[ReportManager] Initial URL: [https://duckduckgo.com] @28-04-2021 21:10:00.0409 PM
[ReportManager] Browser Action [navigateToURL] successfully performed. With the following test data [https://duckduckgo.com]. @28-04-2021 21:10:00.0809 PM
[ReportManager] Successfully created attachment [Selenium WebDriver Logs - server] @28-04-2021 21:10:00.0870 PM
[ReportManager] Successfully created attachment [Selenium WebDriver Logs - performance] @28-04-2021 21:10:00.0986 PM
[ReportManager] Successfully created attachment [Selenium WebDriver Logs - driver] @28-04-2021 21:10:01.0137 PM
[ReportManager] Browser Action [closeCurrentWindow] successfully performed. @28-04-2021 21:10:01.0196 PM
[ReportManager] Successfully created attachment [Browser Action Test Data - closeCurrentWindow - Actual Value] @28-04-2021 21:10:01.0196 P
[ReportManager] File Action [getAbsolutePath] successfully performed. With the following test data [Relative Folder Path: "target/downloadedFiles/"]. @28-04-2021 21:10:01.0198 PM
[ReportManager] Attempting to run remotely on: [Linux-64], [GoogleChrome], [http://localhost:4444/wd/hub], Headless Execution. @28-04-2021 21:10:01.0198 PM
[ReportManager] Successfully Opened [GoogleChrome]. @28-04-2021 21:10:01.0417 PM
[ReportManager] Target URL: [https://duckduckgo.com] @28-04-2021 21:10:01.0428 PM
[ReportManager] Initial URL: [data:,] @28-04-2021 21:10:01.0474 PM
[ReportManager] Browser Action [navigateToURL] successfully performed. With the following test data [https://duckduckgo.com]. @28-04-2021 21:10:02.0089 P

################################################################################################################################################
Starting Execution:	[118 out of 137] test cases in the current suite
Test Method:		[unitTests.tests_browserActions.getCurrentWindowTitle]
################################################################################################################################################
[ReportManager] Browser Action [getCurrentWindowTitle] successfully performed. With the following test data [DuckDuckGo  Privacy, simplified.]. @28-04-2021 21:10:02.0143 P
[ReportManager] Target URL: [https://duckduckgo.com] @28-04-2021 21:10:02.0145 PM
[ReportManager] Initial URL: [https://duckduckgo.com] @28-04-2021 21:10:02.0223 PM
[ReportManager] Browser Action [navigateToURL] successfully performed. With the following test data [https://duckduckgo.com]. @28-04-2021 21:10:02.0635 PM
[ReportManager] Successfully created attachment [Selenium WebDriver Logs - server] @28-04-2021 21:10:02.0691 PM
[ReportManager] Successfully created attachment [Selenium WebDriver Logs - performance] @28-04-2021 21:10:02.0801 PM
[ReportManager] Successfully created attachment [Selenium WebDriver Logs - driver] @28-04-2021 21:10:02.0983 PM
[ReportManager] Browser Action [closeCurrentWindow] successfully performed. @28-04-2021 21:10:03.0042 PM
[ReportManager] Successfully created attachment [Browser Action Test Data - closeCurrentWindow - Actual Value] @28-04-2021 21:10:03.0043 P
[ReportManager] File Action [getAbsolutePath] successfully performed. With the following test data [Relative Folder Path: "target/downloadedFiles/"]. @28-04-2021 21:10:03.0047 PM
[ReportManager] Attempting to run remotely on: [Linux-64], [GoogleChrome], [http://localhost:4444/wd/hub], Headless Execution. @28-04-2021 21:10:03.0047 PM
[ReportManager] Successfully Opened [GoogleChrome]. @28-04-2021 21:10:03.0336 PM
[ReportManager] Target URL: [https://duckduckgo.com] @28-04-2021 21:10:03.0346 PM
[ReportManager] Initial URL: [data:,] @28-04-2021 21:10:03.0390 PM
[ReportManager] Browser Action [navigateToURL] successfully performed. With the following test data [https://duckduckgo.com]. @28-04-2021 21:10:04.0024 P

################################################################################################################################################
Starting Execution:	[119 out of 137] test cases in the current suite
Test Method:		[unitTests.tests_browserActions.getPageSource]
################################################################################################################################################
[ReportManager] Browser Action [getPageSource] successfully performed. @28-04-2021 21:10:04.0092 PM
[ReportManager] Successfully created attachment [Browser Action Test Data - getPageSource - Actual Value] @28-04-2021 21:10:04.0093 P
[ReportManager] Target URL: [https://duckduckgo.com] @28-04-2021 21:10:04.0096 PM
[ReportManager] Initial URL: [https://duckduckgo.com] @28-04-2021 21:10:04.0168 PM
[ReportManager] Browser Action [navigateToURL] successfully performed. With the following test data [https://duckduckgo.com]. @28-04-2021 21:10:04.0569 PM
[ReportManager] Successfully created attachment [Selenium WebDriver Logs - server] @28-04-2021 21:10:04.0630 PM
[ReportManager] Successfully created attachment [Selenium WebDriver Logs - performance] @28-04-2021 21:10:04.0740 PM
[ReportManager] Successfully created attachment [Selenium WebDriver Logs - driver] @28-04-2021 21:10:04.0895 PM
[ReportManager] Browser Action [closeCurrentWindow] successfully performed. @28-04-2021 21:10:04.0951 PM
[ReportManager] Successfully created attachment [Browser Action Test Data - closeCurrentWindow - Actual Value] @28-04-2021 21:10:04.0952 P
[ReportManager] File Action [getAbsolutePath] successfully performed. With the following test data [Relative Folder Path: "target/downloadedFiles/"]. @28-04-2021 21:10:04.0955 PM
[ReportManager] Attempting to run remotely on: [Linux-64], [GoogleChrome], [http://localhost:4444/wd/hub], Headless Execution. @28-04-2021 21:10:04.0955 PM
[ReportManager] Successfully Opened [GoogleChrome]. @28-04-2021 21:10:05.0199 PM
[ReportManager] Target URL: [https://duckduckgo.com] @28-04-2021 21:10:05.0209 PM
[ReportManager] Initial URL: [data:,] @28-04-2021 21:10:05.0256 PM
[ReportManager] Browser Action [navigateToURL] successfully performed. With the following test data [https://duckduckgo.com]. @28-04-2021 21:10:05.0907 P

################################################################################################################################################
Starting Execution:	[120 out of 137] test cases in the current suite
Test Method:		[unitTests.tests_browserActions.getWindowHandle]
################################################################################################################################################
[ReportManager] Browser Action [getWindowHandle] successfully performed. With the following test data [CDwindow-DDA57234A8D2AC34DBD8528AF4FB2D6E]. @28-04-2021 21:10:05.0952 P
[ReportManager] Target URL: [https://duckduckgo.com] @28-04-2021 21:10:05.0956 PM
[ReportManager] Initial URL: [https://duckduckgo.com] @28-04-2021 21:10:06.0023 PM
[ReportManager] Browser Action [navigateToURL] successfully performed. With the following test data [https://duckduckgo.com]. @28-04-2021 21:10:06.0428 PM
[ReportManager] Successfully created attachment [Selenium WebDriver Logs - server] @28-04-2021 21:10:06.0491 PM
[ReportManager] Successfully created attachment [Selenium WebDriver Logs - performance] @28-04-2021 21:10:06.0606 PM
[ReportManager] Successfully created attachment [Selenium WebDriver Logs - driver] @28-04-2021 21:10:06.0761 PM
[ReportManager] Browser Action [closeCurrentWindow] successfully performed. @28-04-2021 21:10:06.0818 PM
[ReportManager] Successfully created attachment [Browser Action Test Data - closeCurrentWindow - Actual Value] @28-04-2021 21:10:06.0818 P
[ReportManager] File Action [getAbsolutePath] successfully performed. With the following test data [Relative Folder Path: "target/downloadedFiles/"]. @28-04-2021 21:10:06.0820 PM
[ReportManager] Attempting to run remotely on: [Linux-64], [GoogleChrome], [http://localhost:4444/wd/hub], Headless Execution. @28-04-2021 21:10:06.0820 PM
[ReportManager] Successfully Opened [GoogleChrome]. @28-04-2021 21:10:07.0050 PM
[ReportManager] Target URL: [https://duckduckgo.com] @28-04-2021 21:10:07.0062 PM
[ReportManager] Initial URL: [data:,] @28-04-2021 21:10:07.0114 PM
[ReportManager] Browser Action [navigateToURL] successfully performed. With the following test data [https://duckduckgo.com]. @28-04-2021 21:10:07.0736 P

################################################################################################################################################
Starting Execution:	[121 out of 137] test cases in the current suite
Test Method:		[unitTests.tests_browserActions.getWindowPosition]
################################################################################################################################################
[ReportManager] Browser Action [getWindowPosition] successfully performed. With the following test data [(0, 0)]. @28-04-2021 21:10:07.0778 P
[ReportManager] Target URL: [https://duckduckgo.com] @28-04-2021 21:10:07.0782 PM
[ReportManager] Initial URL: [https://duckduckgo.com] @28-04-2021 21:10:07.0849 PM
[ReportManager] Browser Action [navigateToURL] successfully performed. With the following test data [https://duckduckgo.com]. @28-04-2021 21:10:08.0251 PM
[ReportManager] Successfully created attachment [Selenium WebDriver Logs - server] @28-04-2021 21:10:08.0307 PM
[ReportManager] Successfully created attachment [Selenium WebDriver Logs - performance] @28-04-2021 21:10:08.0419 PM
[ReportManager] Successfully created attachment [Selenium WebDriver Logs - driver] @28-04-2021 21:10:08.0573 PM
[ReportManager] Browser Action [closeCurrentWindow] successfully performed. @28-04-2021 21:10:08.0631 PM
[ReportManager] Successfully created attachment [Browser Action Test Data - closeCurrentWindow - Actual Value] @28-04-2021 21:10:08.0631 P
[ReportManager] File Action [getAbsolutePath] successfully performed. With the following test data [Relative Folder Path: "target/downloadedFiles/"]. @28-04-2021 21:10:08.0634 PM
[ReportManager] Attempting to run remotely on: [Linux-64], [GoogleChrome], [http://localhost:4444/wd/hub], Headless Execution. @28-04-2021 21:10:08.0634 PM
[ReportManager] Successfully Opened [GoogleChrome]. @28-04-2021 21:10:08.0888 PM
[ReportManager] Target URL: [https://duckduckgo.com] @28-04-2021 21:10:08.0899 PM
[ReportManager] Initial URL: [data:,] @28-04-2021 21:10:08.0951 PM
[ReportManager] Browser Action [navigateToURL] successfully performed. With the following test data [https://duckduckgo.com]. @28-04-2021 21:10:09.0595 P

################################################################################################################################################
Starting Execution:	[122 out of 137] test cases in the current suite
Test Method:		[unitTests.tests_browserActions.getWindowSize]
################################################################################################################################################
[ReportManager] Browser Action [getWindowSize] successfully performed. With the following test data [(800, 600)]. @28-04-2021 21:10:09.0635 P
[ReportManager] Target URL: [https://duckduckgo.com] @28-04-2021 21:10:09.0638 PM
[ReportManager] Initial URL: [https://duckduckgo.com] @28-04-2021 21:10:09.0702 PM
[ReportManager] Browser Action [navigateToURL] successfully performed. With the following test data [https://duckduckgo.com]. @28-04-2021 21:10:10.0090 PM
[ReportManager] Successfully created attachment [Selenium WebDriver Logs - server] @28-04-2021 21:10:10.0148 PM
[ReportManager] Successfully created attachment [Selenium WebDriver Logs - performance] @28-04-2021 21:10:10.0253 PM
[ReportManager] Successfully created attachment [Selenium WebDriver Logs - driver] @28-04-2021 21:10:10.0418 PM
[ReportManager] Browser Action [closeCurrentWindow] successfully performed. @28-04-2021 21:10:10.0474 PM
[ReportManager] Successfully created attachment [Browser Action Test Data - closeCurrentWindow - Actual Value] @28-04-2021 21:10:10.0474 P
[ReportManager] File Action [getAbsolutePath] successfully performed. With the following test data [Relative Folder Path: "target/downloadedFiles/"]. @28-04-2021 21:10:10.0476 PM
[ReportManager] Attempting to run remotely on: [Linux-64], [GoogleChrome], [http://localhost:4444/wd/hub], Headless Execution. @28-04-2021 21:10:10.0476 PM
[ReportManager] Successfully Opened [GoogleChrome]. @28-04-2021 21:10:10.0720 PM
[ReportManager] Target URL: [https://duckduckgo.com] @28-04-2021 21:10:10.0732 PM
[ReportManager] Initial URL: [data:,] @28-04-2021 21:10:10.0794 PM
[ReportManager] Browser Action [navigateToURL] successfully performed. With the following test data [https://duckduckgo.com]. @28-04-2021 21:10:11.0559 P

################################################################################################################################################
Starting Execution:	[123 out of 137] test cases in the current suite
Test Method:		[unitTests.tests_browserActions.maximizeWindow]
################################################################################################################################################
[ReportManager] Initial window size: (800, 600) @28-04-2021 21:10:11.0569 PM
[ReportManager] Window size after Toolkit: (1920, 1080) @28-04-2021 21:10:11.0789 PM
[ReportManager] Browser Action [maximizeWindow] successfully performed. With the following test data [New screen size is now: (1920, 1080)]. @28-04-2021 21:10:11.0792 P
[ReportManager] Target URL: [https://duckduckgo.com] @28-04-2021 21:10:11.0800 PM
[ReportManager] Initial URL: [https://duckduckgo.com] @28-04-2021 21:10:11.0860 PM
[ReportManager] Browser Action [navigateToURL] successfully performed. With the following test data [https://duckduckgo.com]. @28-04-2021 21:10:12.0266 PM
[ReportManager] Successfully created attachment [Selenium WebDriver Logs - server] @28-04-2021 21:10:12.0330 PM
[ReportManager] Successfully created attachment [Selenium WebDriver Logs - performance] @28-04-2021 21:10:12.0442 PM
[ReportManager] Successfully created attachment [Selenium WebDriver Logs - driver] @28-04-2021 21:10:12.0599 PM
[ReportManager] Browser Action [closeCurrentWindow] successfully performed. @28-04-2021 21:10:12.0656 PM
[ReportManager] Successfully created attachment [Browser Action Test Data - closeCurrentWindow - Actual Value] @28-04-2021 21:10:12.0657 P
[ReportManager] File Action [getAbsolutePath] successfully performed. With the following test data [Relative Folder Path: "target/downloadedFiles/"]. @28-04-2021 21:10:12.0662 PM
[ReportManager] Attempting to run remotely on: [Linux-64], [GoogleChrome], [http://localhost:4444/wd/hub], Headless Execution. @28-04-2021 21:10:12.0662 PM
[ReportManager] Successfully Opened [GoogleChrome]. @28-04-2021 21:10:12.0921 PM
[ReportManager] Target URL: [https://duckduckgo.com] @28-04-2021 21:10:12.0936 PM
[ReportManager] Initial URL: [data:,] @28-04-2021 21:10:12.0982 PM
[ReportManager] Browser Action [navigateToURL] successfully performed. With the following test data [https://duckduckgo.com]. @28-04-2021 21:10:13.0609 P

################################################################################################################################################
Starting Execution:	[124 out of 137] test cases in the current suite
Test Method:		[unitTests.tests_browserActions.navigateBack]
################################################################################################################################################
[ReportManager] Target URL: [https://www.google.com/ncr], and after redirection: [https://www.google.com] @28-04-2021 21:10:13.0612 PM
[ReportManager] Initial URL: [https://duckduckgo.com] @28-04-2021 21:10:13.0674 PM
[ReportManager] Browser Action [navigateToURL] successfully performed. With the following test data [https://www.google.com/ncr]. @28-04-2021 21:10:14.0591 PM
[ReportManager] Browser Action [navigateBack] successfully performed. With the following test data [https://duckduckgo.com/]. @28-04-2021 21:10:15.0049 PM
[ReportManager] Confirming that navigating back was successful... @28-04-2021 21:10:15.0049 PM
[ReportManager] Browser Action [getCurrentURL] successfully performed. With the following test data [https://duckduckgo.com/]. @28-04-2021 21:10:15.0085 PM
[ReportManager] AssertBrowserAttribute PASSED; Expected [Value Should be 'https://duckduckgo.com' for the 'CurrentUrl' attribute] and Actual [https://duckduckgo.com/]. Comparison Type [CONTAINS]. Validation Type [POSITIVE]. @28-04-2021 21:10:15.0086 P
[ReportManager] Target URL: [https://duckduckgo.com] @28-04-2021 21:10:15.0087 PM
[ReportManager] Initial URL: [https://duckduckgo.com] @28-04-2021 21:10:15.0150 PM
[ReportManager] Browser Action [navigateToURL] successfully performed. With the following test data [https://duckduckgo.com]. @28-04-2021 21:10:15.0558 PM
[ReportManager] Successfully created attachment [Selenium WebDriver Logs - server] @28-04-2021 21:10:15.0621 PM
[ReportManager] Successfully created attachment [Selenium WebDriver Logs - performance] @28-04-2021 21:10:15.0813 PM
[ReportManager] Successfully created attachment [Selenium WebDriver Logs - driver] @28-04-2021 21:10:16.0060 PM
[ReportManager] Browser Action [closeCurrentWindow] successfully performed. @28-04-2021 21:10:16.0116 PM
[ReportManager] Successfully created attachment [Browser Action Test Data - closeCurrentWindow - Actual Value] @28-04-2021 21:10:16.0117 P
[ReportManager] File Action [getAbsolutePath] successfully performed. With the following test data [Relative Folder Path: "target/downloadedFiles/"]. @28-04-2021 21:10:16.0119 PM
[ReportManager] Attempting to run remotely on: [Linux-64], [GoogleChrome], [http://localhost:4444/wd/hub], Headless Execution. @28-04-2021 21:10:16.0119 PM
[ReportManager] Successfully Opened [GoogleChrome]. @28-04-2021 21:10:16.0371 PM
[ReportManager] Target URL: [https://duckduckgo.com] @28-04-2021 21:10:16.0384 PM
[ReportManager] Initial URL: [data:,] @28-04-2021 21:10:16.0429 PM
[ReportManager] Browser Action [navigateToURL] successfully performed. With the following test data [https://duckduckgo.com]. @28-04-2021 21:10:17.0027 P

################################################################################################################################################
Starting Execution:	[125 out of 137] test cases in the current suite
Test Method:		[unitTests.tests_browserActions.navigateForward]
################################################################################################################################################
[ReportManager] Target URL: [https://www.google.com/ncr], and after redirection: [https://www.google.com] @28-04-2021 21:10:17.0035 PM
[ReportManager] Initial URL: [https://duckduckgo.com] @28-04-2021 21:10:17.0101 PM
[ReportManager] Browser Action [navigateToURL] successfully performed. With the following test data [https://www.google.com/ncr]. @28-04-2021 21:10:18.0073 PM
[ReportManager] Browser Action [navigateBack] successfully performed. With the following test data [https://duckduckgo.com/]. @28-04-2021 21:10:18.0479 PM
[ReportManager] Browser Action [navigateForward] successfully performed. With the following test data [https://www.google.com/]. @28-04-2021 21:10:18.0935 P
[ReportManager] Target URL: [https://duckduckgo.com] @28-04-2021 21:10:18.0936 PM
[ReportManager] Initial URL: [https://www.google.com] @28-04-2021 21:10:19.0023 PM
[ReportManager] Browser Action [navigateToURL] successfully performed. With the following test data [https://duckduckgo.com]. @28-04-2021 21:10:19.0553 PM
[ReportManager] Successfully created attachment [Selenium WebDriver Logs - server] @28-04-2021 21:10:19.0610 PM
[ReportManager] Successfully created attachment [Selenium WebDriver Logs - performance] @28-04-2021 21:10:19.0794 PM
[ReportManager] Successfully created attachment [Selenium WebDriver Logs - driver] @28-04-2021 21:10:20.0052 PM
[ReportManager] Browser Action [closeCurrentWindow] successfully performed. @28-04-2021 21:10:20.0108 PM
[ReportManager] Successfully created attachment [Browser Action Test Data - closeCurrentWindow - Actual Value] @28-04-2021 21:10:20.0109 P
[ReportManager] File Action [getAbsolutePath] successfully performed. With the following test data [Relative Folder Path: "target/downloadedFiles/"]. @28-04-2021 21:10:20.0111 PM
[ReportManager] Attempting to run remotely on: [Linux-64], [GoogleChrome], [http://localhost:4444/wd/hub], Headless Execution. @28-04-2021 21:10:20.0111 PM
[ReportManager] Successfully Opened [GoogleChrome]. @28-04-2021 21:10:20.0360 PM
[ReportManager] Target URL: [https://duckduckgo.com] @28-04-2021 21:10:20.0371 PM
[ReportManager] Initial URL: [data:,] @28-04-2021 21:10:20.0417 PM
[ReportManager] Browser Action [navigateToURL] successfully performed. With the following test data [https://duckduckgo.com]. @28-04-2021 21:10:21.0028 P

################################################################################################################################################
Starting Execution:	[126 out of 137] test cases in the current suite
Test Method:		[unitTests.tests_browserActions.navigateToURL]
################################################################################################################################################
[ReportManager] Target URL: [https://duckduckgo.com] @28-04-2021 21:10:21.0030 PM
[ReportManager] Initial URL: [https://duckduckgo.com] @28-04-2021 21:10:21.0102 PM
[ReportManager] Browser Action [navigateToURL] successfully performed. With the following test data [https://duckduckgo.com]. @28-04-2021 21:10:21.0502 P
[ReportManager] Target URL: [https://duckduckgo.com] @28-04-2021 21:10:21.0504 PM
[ReportManager] Initial URL: [https://duckduckgo.com] @28-04-2021 21:10:21.0575 PM
[ReportManager] Browser Action [navigateToURL] successfully performed. With the following test data [https://duckduckgo.com]. @28-04-2021 21:10:21.0928 PM
[ReportManager] Successfully created attachment [Selenium WebDriver Logs - server] @28-04-2021 21:10:22.0000 PM
[ReportManager] Successfully created attachment [Selenium WebDriver Logs - performance] @28-04-2021 21:10:22.0174 PM
[ReportManager] Successfully created attachment [Selenium WebDriver Logs - driver] @28-04-2021 21:10:22.0396 PM
[ReportManager] Browser Action [closeCurrentWindow] successfully performed. @28-04-2021 21:10:22.0452 PM
[ReportManager] Successfully created attachment [Browser Action Test Data - closeCurrentWindow - Actual Value] @28-04-2021 21:10:22.0453 P
[ReportManager] File Action [getAbsolutePath] successfully performed. With the following test data [Relative Folder Path: "target/downloadedFiles/"]. @28-04-2021 21:10:22.0454 PM
[ReportManager] Attempting to run remotely on: [Linux-64], [GoogleChrome], [http://localhost:4444/wd/hub], Headless Execution. @28-04-2021 21:10:22.0455 PM
[ReportManager] Successfully Opened [GoogleChrome]. @28-04-2021 21:10:22.0677 PM
[ReportManager] Target URL: [https://duckduckgo.com] @28-04-2021 21:10:22.0689 PM
[ReportManager] Initial URL: [data:,] @28-04-2021 21:10:22.0751 PM
[ReportManager] Browser Action [navigateToURL] successfully performed. With the following test data [https://duckduckgo.com]. @28-04-2021 21:10:23.0457 P

################################################################################################################################################
Starting Execution:	[127 out of 137] test cases in the current suite
Test Method:		[unitTests.tests_browserActions.navigateToURLWithRedirection]
################################################################################################################################################
[ReportManager] Target URL: [https://www.google.com/ncr], and after redirection: [https://www.google.com] @28-04-2021 21:10:23.0461 PM
[ReportManager] Initial URL: [https://duckduckgo.com] @28-04-2021 21:10:23.0530 PM
[ReportManager] Browser Action [navigateToURL] successfully performed. With the following test data [https://www.google.com/ncr]. @28-04-2021 21:10:24.0503 P
[ReportManager] Target URL: [https://duckduckgo.com] @28-04-2021 21:10:24.0504 PM
[ReportManager] Initial URL: [https://www.google.com] @28-04-2021 21:10:24.0588 PM
[ReportManager] Browser Action [navigateToURL] successfully performed. With the following test data [https://duckduckgo.com]. @28-04-2021 21:10:25.0177 PM
[ReportManager] Successfully created attachment [Selenium WebDriver Logs - server] @28-04-2021 21:10:25.0235 PM
[ReportManager] Successfully created attachment [Selenium WebDriver Logs - performance] @28-04-2021 21:10:25.0359 PM
[ReportManager] Successfully created attachment [Selenium WebDriver Logs - driver] @28-04-2021 21:10:25.0551 PM
[ReportManager] Browser Action [closeCurrentWindow] successfully performed. @28-04-2021 21:10:25.0607 PM
[ReportManager] Successfully created attachment [Browser Action Test Data - closeCurrentWindow - Actual Value] @28-04-2021 21:10:25.0607 P
[ReportManager] File Action [getAbsolutePath] successfully performed. With the following test data [Relative Folder Path: "target/downloadedFiles/"]. @28-04-2021 21:10:25.0609 PM
[ReportManager] Attempting to run remotely on: [Linux-64], [GoogleChrome], [http://localhost:4444/wd/hub], Headless Execution. @28-04-2021 21:10:25.0609 PM
[ReportManager] Successfully Opened [GoogleChrome]. @28-04-2021 21:10:25.0836 PM
[ReportManager] Target URL: [https://duckduckgo.com] @28-04-2021 21:10:25.0860 PM
[ReportManager] Initial URL: [data:,] @28-04-2021 21:10:25.0918 PM
[ReportManager] Browser Action [navigateToURL] successfully performed. With the following test data [https://duckduckgo.com]. @28-04-2021 21:10:26.0581 P

################################################################################################################################################
Starting Execution:	[128 out of 137] test cases in the current suite
Test Method:		[unitTests.tests_browserActions.refreshCurrentPage]
################################################################################################################################################
[ReportManager] Browser Action [refreshCurrentPage] successfully performed. @28-04-2021 21:10:26.0908 PM
[ReportManager] Successfully created attachment [Browser Action Test Data - refreshCurrentPage - Actual Value] @28-04-2021 21:10:26.0909 P
[ReportManager] Target URL: [https://duckduckgo.com] @28-04-2021 21:10:26.0915 PM
[ReportManager] Initial URL: [https://duckduckgo.com] @28-04-2021 21:10:26.0991 PM
[ReportManager] Browser Action [navigateToURL] successfully performed. With the following test data [https://duckduckgo.com]. @28-04-2021 21:10:27.0420 PM
[ReportManager] Successfully created attachment [Selenium WebDriver Logs - server] @28-04-2021 21:10:27.0485 PM
[ReportManager] Successfully created attachment [Selenium WebDriver Logs - performance] @28-04-2021 21:10:27.0663 PM
[ReportManager] Successfully created attachment [Selenium WebDriver Logs - driver] @28-04-2021 21:10:27.0868 PM
[ReportManager] Browser Action [closeCurrentWindow] successfully performed. @28-04-2021 21:10:27.0924 PM
[ReportManager] Successfully created attachment [Browser Action Test Data - closeCurrentWindow - Actual Value] @28-04-2021 21:10:27.0924 P
[ReportManager] File Action [getAbsolutePath] successfully performed. With the following test data [Relative Folder Path: "target/downloadedFiles/"]. @28-04-2021 21:10:27.0926 PM
[ReportManager] Attempting to run remotely on: [Linux-64], [GoogleChrome], [http://localhost:4444/wd/hub], Headless Execution. @28-04-2021 21:10:27.0926 PM
[ReportManager] Successfully Opened [GoogleChrome]. @28-04-2021 21:10:28.0176 PM
[ReportManager] Target URL: [https://duckduckgo.com] @28-04-2021 21:10:28.0191 PM
[ReportManager] Initial URL: [data:,] @28-04-2021 21:10:28.0241 PM
[ReportManager] Browser Action [navigateToURL] successfully performed. With the following test data [https://duckduckgo.com]. @28-04-2021 21:10:28.0852 P

################################################################################################################################################
Starting Execution:	[129 out of 137] test cases in the current suite
Test Method:		[unitTests.tests_browserActions.setWindowSize]
################################################################################################################################################
[ReportManager] Initial window size: (800, 600) @28-04-2021 21:10:28.0863 PM
[ReportManager] Window size after SWD: (1280, 720) @28-04-2021 21:10:29.0089 PM
[ReportManager] Browser Action [setWindowSize] successfully performed. With the following test data [New screen size is now: (1280, 720)]. @28-04-2021 21:10:29.0089 P
[ReportManager] Target URL: [https://duckduckgo.com] @28-04-2021 21:10:29.0090 PM
[ReportManager] Initial URL: [https://duckduckgo.com] @28-04-2021 21:10:29.0162 PM
[ReportManager] Browser Action [navigateToURL] successfully performed. With the following test data [https://duckduckgo.com]. @28-04-2021 21:10:29.0544 PM
[ReportManager] Successfully created attachment [Selenium WebDriver Logs - server] @28-04-2021 21:10:29.0601 PM
[ReportManager] Successfully created attachment [Selenium WebDriver Logs - performance] @28-04-2021 21:10:29.0707 PM
[ReportManager] Successfully created attachment [Selenium WebDriver Logs - driver] @28-04-2021 21:10:29.0857 PM
[ReportManager] Browser Action [closeCurrentWindow] successfully performed. @28-04-2021 21:10:29.0912 PM
[ReportManager] Successfully created attachment [Browser Action Test Data - closeCurrentWindow - Actual Value] @28-04-2021 21:10:29.0913 P
[ReportManager] File Action [getAbsolutePath] successfully performed. With the following test data [Relative Folder Path: "target/downloadedFiles/"]. @28-04-2021 21:10:29.0915 PM
[ReportManager] Attempting to run remotely on: [Linux-64], [GoogleChrome], [http://localhost:4444/wd/hub], Headless Execution. @28-04-2021 21:10:29.0915 PM
[ReportManager] Successfully Opened [GoogleChrome]. @28-04-2021 21:10:30.0154 P

################################################################################################################################################
Starting Execution:	[130 out of 137] test cases in the current suite
Test Method:		[unitTests.tests_element_elementActions.waitForElementToBePresent_false_expectedToFail]
################################################################################################################################################
[ReportManager] Target URL: [https://www.google.com/ncr], and after redirection: [www.google.com] @28-04-2021 21:10:30.0168 PM
[ReportManager] Initial URL: [data:,] @28-04-2021 21:10:30.0228 PM
[ReportManager] Browser Action [navigateToURL] successfully performed. With the following test data [https://www.google.com/ncr]. @28-04-2021 21:10:31.0147 PM
[ReportManager] Waiting for element to be present; elementLocator [By.xpath: //img[@id='hplogo' or @alt='Google']], numberOfTries[1], stateOfPresence[false]... @28-04-2021 21:10:31.0150 PM
[ReportManager] Element Action [waitForElementToBePresent] failed. With the following test data [waited for the element's state of presence to be (false). Element locator (By.xpath: //img[@id='hplogo' or @alt='Google'])]. @28-04-2021 21:10:31.0337 PM
[ReportManager] Successfully created attachment [Screenshot - 1619644231277_waitForElementToBePresent_false_expectedToFail_waitForElementToBePresent_failed] @28-04-2021 21:10:31.0338 P
[ReportManager] Successfully created attachment [Selenium WebDriver Logs - server] @28-04-2021 21:10:31.0446 PM
[ReportManager] Successfully created attachment [Selenium WebDriver Logs - performance] @28-04-2021 21:10:31.0480 PM
[ReportManager] Successfully created attachment [Selenium WebDriver Logs - driver] @28-04-2021 21:10:31.0550 PM
[ReportManager] Browser Action [closeCurrentWindow] successfully performed. @28-04-2021 21:10:31.0606 PM
[ReportManager] Successfully created attachment [Browser Action Test Data - closeCurrentWindow - Actual Value] @28-04-2021 21:10:31.0607 P
[ReportManager] File Action [getAbsolutePath] successfully performed. With the following test data [Relative Folder Path: "target/downloadedFiles/"]. @28-04-2021 21:10:31.0609 PM
[ReportManager] Attempting to run remotely on: [Linux-64], [GoogleChrome], [http://localhost:4444/wd/hub], Headless Execution. @28-04-2021 21:10:31.0609 PM
[ReportManager] Successfully Opened [GoogleChrome]. @28-04-2021 21:10:31.0820 P

################################################################################################################################################
Starting Execution:	[131 out of 137] test cases in the current suite
Test Method:		[unitTests.tests_element_elementActions.waitForElementToBePresent_false_expectedToPass]
################################################################################################################################################
[ReportManager] Target URL: [https://www.google.com/ncr], and after redirection: [www.google.com] @28-04-2021 21:10:31.0854 PM
[ReportManager] Initial URL: [data:,] @28-04-2021 21:10:31.0901 PM
[ReportManager] Browser Action [navigateToURL] successfully performed. With the following test data [https://www.google.com/ncr]. @28-04-2021 21:10:32.0890 PM
[ReportManager] Waiting for element to be present; elementLocator [By.id: bla], numberOfTries[1], stateOfPresence[false]... @28-04-2021 21:10:32.0890 PM
[ReportManager] Element Action [waitForElementToBePresent] successfully performed. With the following test data [waited for the element's state of presence to be (false). Element locator (By.id: bla)]. @28-04-2021 21:10:38.0001 P
[ReportManager] Successfully created attachment [Selenium WebDriver Logs - server] @28-04-2021 21:10:38.0084 PM
[ReportManager] Successfully created attachment [Selenium WebDriver Logs - performance] @28-04-2021 21:10:38.0119 PM
[ReportManager] Successfully created attachment [Selenium WebDriver Logs - driver] @28-04-2021 21:10:38.0194 PM
[ReportManager] Browser Action [closeCurrentWindow] successfully performed. @28-04-2021 21:10:38.0250 PM
[ReportManager] Successfully created attachment [Browser Action Test Data - closeCurrentWindow - Actual Value] @28-04-2021 21:10:38.0251 P
[ReportManager] File Action [getAbsolutePath] successfully performed. With the following test data [Relative Folder Path: "target/downloadedFiles/"]. @28-04-2021 21:10:38.0253 PM
[ReportManager] Attempting to run remotely on: [Linux-64], [GoogleChrome], [http://localhost:4444/wd/hub], Headless Execution. @28-04-2021 21:10:38.0254 PM
[ReportManager] Successfully Opened [GoogleChrome]. @28-04-2021 21:10:38.0471 P

################################################################################################################################################
Starting Execution:	[132 out of 137] test cases in the current suite
Test Method:		[unitTests.tests_element_elementActions.waitForElementToBePresent_moreThanOneElement_expectedToFail]
################################################################################################################################################
[ReportManager] Target URL: [https://www.google.com/ncr], and after redirection: [www.google.com] @28-04-2021 21:10:38.0491 PM
[ReportManager] Initial URL: [data:,] @28-04-2021 21:10:38.0538 PM
[ReportManager] Browser Action [navigateToURL] successfully performed. With the following test data [https://www.google.com/ncr]. @28-04-2021 21:10:39.0536 PM
[ReportManager] Waiting for element to be present; elementLocator [By.xpath: //*], numberOfTries[1], stateOfPresence[false]... @28-04-2021 21:10:39.0536 PM
[ReportManager] Element Action [waitForElementToBePresent] failed. With the following test data [waited for the element's state of presence to be (false). Element locator (By.xpath: //*)]. @28-04-2021 21:10:39.0743 PM
[ReportManager] Successfully created attachment [Screenshot - 1619644239677_waitForElementToBePresent_moreThanOneElement_expectedToFail_waitForElementToBePresent_failed] @28-04-2021 21:10:39.0743 P
[ReportManager] Successfully created attachment [Selenium WebDriver Logs - server] @28-04-2021 21:10:39.0832 PM
[ReportManager] Successfully created attachment [Selenium WebDriver Logs - performance] @28-04-2021 21:10:39.0867 PM
[ReportManager] Successfully created attachment [Selenium WebDriver Logs - driver] @28-04-2021 21:10:39.0950 PM
[ReportManager] Browser Action [closeCurrentWindow] successfully performed. @28-04-2021 21:10:40.0006 PM
[ReportManager] Successfully created attachment [Browser Action Test Data - closeCurrentWindow - Actual Value] @28-04-2021 21:10:40.0007 P
[ReportManager] File Action [getAbsolutePath] successfully performed. With the following test data [Relative Folder Path: "target/downloadedFiles/"]. @28-04-2021 21:10:40.0010 PM
[ReportManager] Attempting to run remotely on: [Linux-64], [GoogleChrome], [http://localhost:4444/wd/hub], Headless Execution. @28-04-2021 21:10:40.0010 PM
[ReportManager] Successfully Opened [GoogleChrome]. @28-04-2021 21:10:40.0255 P

################################################################################################################################################
Starting Execution:	[133 out of 137] test cases in the current suite
Test Method:		[unitTests.tests_element_elementActions.waitForElementToBePresent_true_expectedToFail]
################################################################################################################################################
[ReportManager] Target URL: [https://www.google.com/ncr], and after redirection: [www.google.com] @28-04-2021 21:10:40.0274 PM
[ReportManager] Initial URL: [data:,] @28-04-2021 21:10:40.0324 PM
[ReportManager] Browser Action [navigateToURL] successfully performed. With the following test data [https://www.google.com/ncr]. @28-04-2021 21:10:41.0268 PM
[ReportManager] Waiting for element to be present; elementLocator [By.id: bla], numberOfTries[1], stateOfPresence[true]... @28-04-2021 21:10:41.0269 PM
[ReportManager] Element Action [waitForElementToBePresent] failed. With the following test data [waited for the element's state of presence to be (true). Element locator (By.id: bla)]. @28-04-2021 21:10:46.0537 PM
[ReportManager] Successfully created attachment [Screenshot - 1619644246475_waitForElementToBePresent_true_expectedToFail_waitForElementToBePresent_failed] @28-04-2021 21:10:46.0538 P
[ReportManager] Successfully created attachment [Selenium WebDriver Logs - server] @28-04-2021 21:10:46.0627 PM
[ReportManager] Successfully created attachment [Selenium WebDriver Logs - performance] @28-04-2021 21:10:46.0663 PM
[ReportManager] Successfully created attachment [Selenium WebDriver Logs - driver] @28-04-2021 21:10:46.0735 PM
[ReportManager] Browser Action [closeCurrentWindow] successfully performed. @28-04-2021 21:10:46.0791 PM
[ReportManager] Successfully created attachment [Browser Action Test Data - closeCurrentWindow - Actual Value] @28-04-2021 21:10:46.0792 P
[ReportManager] File Action [getAbsolutePath] successfully performed. With the following test data [Relative Folder Path: "target/downloadedFiles/"]. @28-04-2021 21:10:46.0795 PM
[ReportManager] Attempting to run remotely on: [Linux-64], [GoogleChrome], [http://localhost:4444/wd/hub], Headless Execution. @28-04-2021 21:10:46.0795 PM
[ReportManager] Successfully Opened [GoogleChrome]. @28-04-2021 21:10:47.0043 P

################################################################################################################################################
Starting Execution:	[134 out of 137] test cases in the current suite
Test Method:		[unitTests.tests_element_elementActions.waitForElementToBePresent_true_expectedToPass]
################################################################################################################################################
[ReportManager] Target URL: [https://www.google.com/ncr], and after redirection: [www.google.com] @28-04-2021 21:10:47.0061 PM
[ReportManager] Initial URL: [data:,] @28-04-2021 21:10:47.0109 PM
[ReportManager] Browser Action [navigateToURL] successfully performed. With the following test data [https://www.google.com/ncr]. @28-04-2021 21:10:48.0067 PM
[ReportManager] Waiting for element to be present; elementLocator [By.xpath: //img[@id='hplogo' or @alt='Google']], numberOfTries[1], stateOfPresence[true]... @28-04-2021 21:10:48.0067 PM
[ReportManager] Element Action [waitForElementToBePresent] successfully performed. With the following test data [waited for the element's state of presence to be (true). Element locator (By.xpath: //img[@id='hplogo' or @alt='Google'])]. @28-04-2021 21:10:48.0137 PM
[ReportManager] Using Visual AI; OpenCV... @28-04-2021 21:10:48.0138 PM
[ReportManager] File Action [doesFileExist] successfully performed. With the following test data [File Path: "src/test/resources/DynamicObjectRepository/unitTests_tests_element_elementActions_waitForElementToBePresent_true_expectedToPass_By_xpath_img_id_hplogo_or_alt_Google.png"]. @28-04-2021 21:10:48.0140 PM
[ReportManager] File Action [doesFileExist] successfully performed. With the following test data [File Path: "src/test/resources/DynamicObjectRepository/unitTests_tests_element_elementActions_waitForElementToBePresent_true_expectedToPass_By_xpath_img_id_hplogo_or_alt_Google.png"]. @28-04-2021 21:10:48.0324 PM
[ReportManager] Passing the test and saving a reference image @28-04-2021 21:10:48.0324 PM
[ReportManager] File Action [getAbsolutePath] successfully performed. With the following test data [Relative File Path: "src/test/resources/DynamicObjectRepository/unitTests_tests_element_elementActions_waitForElementToBePresent_true_expectedToPass_By_xpath_img_id_hplogo_or_alt_Google.png"]. @28-04-2021 21:10:48.0324 PM
[ReportManager] File Action [writeToFile] successfully performed. With the following test data [Target File Path: "/home/runner/work/SHAFT_ENGINE/SHAFT_ENGINE/src/test/resources/DynamicObjectRepository/unitTests_tests_element_elementActions_waitForElementToBePresent_true_expectedToPass_By_xpath_img_id_hplogo_or_alt_Google.png"]. @28-04-2021 21:10:48.0328 PM
[ReportManager] AssertElementMatches PASSED; Expected [Element should match the reference screenshot] and Actual [TRUE]. Comparison Type [EXACT_OPENCV]. Validation Type [POSITIVE]. @28-04-2021 21:10:48.0329 PM
[ReportManager] Successfully created attachment [Validation Test Data - Actual Screenshot] @28-04-2021 21:10:48.0329 P
[ReportManager] Successfully created attachment [Selenium WebDriver Logs - server] @28-04-2021 21:10:48.0418 PM
[ReportManager] Successfully created attachment [Selenium WebDriver Logs - performance] @28-04-2021 21:10:48.0450 PM
[ReportManager] Successfully created attachment [Selenium WebDriver Logs - driver] @28-04-2021 21:10:48.0527 PM
[ReportManager] Browser Action [closeCurrentWindow] successfully performed. @28-04-2021 21:10:48.0586 PM
[ReportManager] Successfully created attachment [Browser Action Test Data - closeCurrentWindow - Actual Value] @28-04-2021 21:10:48.0586 P

################################################################################################################################################
Starting Execution:	[135 out of 137] test cases in the current suite
Test Method:		[unitTests.tests_restActions.getPostsAndAssertBodyForSpecificTitle]
################################################################################################################################################
[ReportManager] Response status code: [200], status line: [HTTP/1.1 200 OK] @28-04-2021 21:10:49.0864 PM
[ReportManager] Evaluating the actual response status code against the expected one...... @28-04-2021 21:10:49.0864 PM
[ReportManager] AssertEquals PASSED; Expected [200] and Actual [200]. Comparison Type [EQUALS]. Validation Type [POSITIVE]. @28-04-2021 21:10:49.0865 PM
[ReportManager] API Action [performRequest] successfully performed. With the following test data [Request Type: "GET" | Target Status Code: "200" | Service URL: "https://jsonplaceholder.typicode.com/posts" | Content Type: "*/*" | Response Time: "813ms"]. @28-04-2021 21:10:50.0047 PM
[ReportManager] Successfully created attachment [API Response - JSON Body] @28-04-2021 21:10:50.0048 PM
[ReportManager] API Action [getResponseJSONValueAsList] successfully performed. @28-04-2021 21:10:50.0075 PM
[ReportManager] API Action [getResponseJSONValue] successfully performed. With the following test data [title]. @28-04-2021 21:10:50.0090 PM
[ReportManager] API Action [getResponseJSONValue] successfully performed. With the following test data [title]. @28-04-2021 21:10:50.0104 PM
[ReportManager] API Action [getResponseJSONValue] successfully performed. With the following test data [body]. @28-04-2021 21:10:50.0116 PM
[ReportManager] AssertEquals PASSED; Expected [qui neque nisi nulla] and Actual [est rerum tempore vitae
sequi sint nihil reprehenderit dolor beatae ea dolores neque
fugiat blanditiis voluptate porro vel nihil molestiae ut reiciendis
qui aperiam non debitis possimus qui neque nisi nulla]. Comparison Type [CONTAINS]. Validation Type [POSITIVE]. @28-04-2021 21:10:50.0117 PM
[ReportManager] API Action [getResponseJSONValue] successfully performed. With the following test data [title]. @28-04-2021 21:10:50.0128 PM
[ReportManager] API Action [getResponseJSONValue] successfully performed. With the following test data [title]. @28-04-2021 21:10:50.0140 PM
[ReportManager] API Action [getResponseJSONValue] successfully performed. With the following test data [title]. @28-04-2021 21:10:50.0151 PM
[ReportManager] API Action [getResponseJSONValue] successfully performed. With the following test data [title]. @28-04-2021 21:10:50.0165 PM
[ReportManager] API Action [getResponseJSONValue] successfully performed. With the following test data [title]. @28-04-2021 21:10:50.0187 PM
[ReportManager] API Action [getResponseJSONValue] successfully performed. With the following test data [title]. @28-04-2021 21:10:50.0208 PM
[ReportManager] API Action [getResponseJSONValue] successfully performed. With the following test data [title]. @28-04-2021 21:10:50.0227 PM
[ReportManager] API Action [getResponseJSONValue] successfully performed. With the following test data [title]. @28-04-2021 21:10:50.0244 PM
[ReportManager] API Action [getResponseJSONValue] successfully performed. With the following test data [title]. @28-04-2021 21:10:50.0261 PM
[ReportManager] API Action [getResponseJSONValue] successfully performed. With the following test data [title]. @28-04-2021 21:10:50.0283 PM
[ReportManager] API Action [getResponseJSONValue] successfully performed. With the following test data [title]. @28-04-2021 21:10:50.0309 PM
[ReportManager] API Action [getResponseJSONValue] successfully performed. With the following test data [title]. @28-04-2021 21:10:50.0325 PM
[ReportManager] API Action [getResponseJSONValue] successfully performed. With the following test data [title]. @28-04-2021 21:10:50.0341 PM
[ReportManager] API Action [getResponseJSONValue] successfully performed. With the following test data [title]. @28-04-2021 21:10:50.0365 PM
[ReportManager] API Action [getResponseJSONValue] successfully performed. With the following test data [title]. @28-04-2021 21:10:50.0379 PM
[ReportManager] API Action [getResponseJSONValue] successfully performed. With the following test data [title]. @28-04-2021 21:10:50.0395 PM
[ReportManager] API Action [getResponseJSONValue] successfully performed. With the following test data [title]. @28-04-2021 21:10:50.0413 PM
[ReportManager] API Action [getResponseJSONValue] successfully performed. With the following test data [title]. @28-04-2021 21:10:50.0429 PM
[ReportManager] API Action [getResponseJSONValue] successfully performed. With the following test data [title]. @28-04-2021 21:10:50.0451 PM
[ReportManager] API Action [getResponseJSONValue] successfully performed. With the following test data [title]. @28-04-2021 21:10:50.0466 PM
[ReportManager] API Action [getResponseJSONValue] successfully performed. With the following test data [title]. @28-04-2021 21:10:50.0485 PM
[ReportManager] API Action [getResponseJSONValue] successfully performed. With the following test data [title]. @28-04-2021 21:10:50.0501 PM
[ReportManager] API Action [getResponseJSONValue] successfully performed. With the following test data [title]. @28-04-2021 21:10:50.0521 PM
[ReportManager] API Action [getResponseJSONValue] successfully performed. With the following test data [title]. @28-04-2021 21:10:50.0536 PM
[ReportManager] API Action [getResponseJSONValue] successfully performed. With the following test data [title]. @28-04-2021 21:10:50.0546 PM
[ReportManager] API Action [getResponseJSONValue] successfully performed. With the following test data [title]. @28-04-2021 21:10:50.0558 PM
[ReportManager] API Action [getResponseJSONValue] successfully performed. With the following test data [title]. @28-04-2021 21:10:50.0574 PM
[ReportManager] API Action [getResponseJSONValue] successfully performed. With the following test data [title]. @28-04-2021 21:10:50.0587 PM
[ReportManager] API Action [getResponseJSONValue] successfully performed. With the following test data [title]. @28-04-2021 21:10:50.0600 PM
[ReportManager] API Action [getResponseJSONValue] successfully performed. With the following test data [title]. @28-04-2021 21:10:50.0612 PM
[ReportManager] API Action [getResponseJSONValue] successfully performed. With the following test data [title]. @28-04-2021 21:10:50.0623 PM
[ReportManager] API Action [getResponseJSONValue] successfully performed. With the following test data [title]. @28-04-2021 21:10:50.0641 PM
[ReportManager] API Action [getResponseJSONValue] successfully performed. With the following test data [title]. @28-04-2021 21:10:50.0652 PM
[ReportManager] API Action [getResponseJSONValue] successfully performed. With the following test data [title]. @28-04-2021 21:10:50.0665 PM
[ReportManager] API Action [getResponseJSONValue] successfully performed. With the following test data [title]. @28-04-2021 21:10:50.0679 PM
[ReportManager] API Action [getResponseJSONValue] successfully performed. With the following test data [title]. @28-04-2021 21:10:50.0691 PM
[ReportManager] API Action [getResponseJSONValue] successfully performed. With the following test data [title]. @28-04-2021 21:10:50.0705 PM
[ReportManager] API Action [getResponseJSONValue] successfully performed. With the following test data [title]. @28-04-2021 21:10:50.0734 PM
[ReportManager] API Action [getResponseJSONValue] successfully performed. With the following test data [title]. @28-04-2021 21:10:50.0752 PM
[ReportManager] API Action [getResponseJSONValue] successfully performed. With the following test data [title]. @28-04-2021 21:10:50.0770 PM
[ReportManager] API Action [getResponseJSONValue] successfully performed. With the following test data [title]. @28-04-2021 21:10:50.0789 PM
[ReportManager] API Action [getResponseJSONValue] successfully performed. With the following test data [title]. @28-04-2021 21:10:50.0806 PM
[ReportManager] API Action [getResponseJSONValue] successfully performed. With the following test data [title]. @28-04-2021 21:10:50.0826 PM
[ReportManager] API Action [getResponseJSONValue] successfully performed. With the following test data [title]. @28-04-2021 21:10:50.0838 PM
[ReportManager] API Action [getResponseJSONValue] successfully performed. With the following test data [title]. @28-04-2021 21:10:50.0852 PM
[ReportManager] API Action [getResponseJSONValue] successfully performed. With the following test data [title]. @28-04-2021 21:10:50.0871 PM
[ReportManager] API Action [getResponseJSONValue] successfully performed. With the following test data [title]. @28-04-2021 21:10:50.0891 PM
[ReportManager] API Action [getResponseJSONValue] successfully performed. With the following test data [title]. @28-04-2021 21:10:50.0902 PM
[ReportManager] API Action [getResponseJSONValue] successfully performed. With the following test data [title]. @28-04-2021 21:10:50.0917 PM
[ReportManager] API Action [getResponseJSONValue] successfully performed. With the following test data [title]. @28-04-2021 21:10:50.0929 PM
[ReportManager] API Action [getResponseJSONValue] successfully performed. With the following test data [title]. @28-04-2021 21:10:50.0940 PM
[ReportManager] API Action [getResponseJSONValue] successfully performed. With the following test data [title]. @28-04-2021 21:10:50.0954 PM
[ReportManager] API Action [getResponseJSONValue] successfully performed. With the following test data [title]. @28-04-2021 21:10:50.0966 PM
[ReportManager] API Action [getResponseJSONValue] successfully performed. With the following test data [title]. @28-04-2021 21:10:50.0984 PM
[ReportManager] API Action [getResponseJSONValue] successfully performed. With the following test data [title]. @28-04-2021 21:10:51.0001 PM
[ReportManager] API Action [getResponseJSONValue] successfully performed. With the following test data [title]. @28-04-2021 21:10:51.0012 PM
[ReportManager] API Action [getResponseJSONValue] successfully performed. With the following test data [title]. @28-04-2021 21:10:51.0023 PM
[ReportManager] API Action [getResponseJSONValue] successfully performed. With the following test data [title]. @28-04-2021 21:10:51.0036 PM
[ReportManager] API Action [getResponseJSONValue] successfully performed. With the following test data [title]. @28-04-2021 21:10:51.0085 PM
[ReportManager] API Action [getResponseJSONValue] successfully performed. With the following test data [title]. @28-04-2021 21:10:51.0095 PM
[ReportManager] API Action [getResponseJSONValue] successfully performed. With the following test data [title]. @28-04-2021 21:10:51.0108 PM
[ReportManager] API Action [getResponseJSONValue] successfully performed. With the following test data [title]. @28-04-2021 21:10:51.0125 PM
[ReportManager] API Action [getResponseJSONValue] successfully performed. With the following test data [title]. @28-04-2021 21:10:51.0137 PM
[ReportManager] API Action [getResponseJSONValue] successfully performed. With the following test data [title]. @28-04-2021 21:10:51.0149 PM
[ReportManager] API Action [getResponseJSONValue] successfully performed. With the following test data [title]. @28-04-2021 21:10:51.0162 PM
[ReportManager] API Action [getResponseJSONValue] successfully performed. With the following test data [title]. @28-04-2021 21:10:51.0173 PM
[ReportManager] API Action [getResponseJSONValue] successfully performed. With the following test data [title]. @28-04-2021 21:10:51.0183 PM
[ReportManager] API Action [getResponseJSONValue] successfully performed. With the following test data [title]. @28-04-2021 21:10:51.0194 PM
[ReportManager] API Action [getResponseJSONValue] successfully performed. With the following test data [title]. @28-04-2021 21:10:51.0203 PM
[ReportManager] API Action [getResponseJSONValue] successfully performed. With the following test data [title]. @28-04-2021 21:10:51.0213 PM
[ReportManager] API Action [getResponseJSONValue] successfully performed. With the following test data [title]. @28-04-2021 21:10:51.0226 PM
[ReportManager] API Action [getResponseJSONValue] successfully performed. With the following test data [title]. @28-04-2021 21:10:51.0245 PM
[ReportManager] API Action [getResponseJSONValue] successfully performed. With the following test data [title]. @28-04-2021 21:10:51.0259 PM
[ReportManager] API Action [getResponseJSONValue] successfully performed. With the following test data [title]. @28-04-2021 21:10:51.0271 PM
[ReportManager] API Action [getResponseJSONValue] successfully performed. With the following test data [title]. @28-04-2021 21:10:51.0284 PM
[ReportManager] API Action [getResponseJSONValue] successfully performed. With the following test data [title]. @28-04-2021 21:10:51.0297 PM
[ReportManager] API Action [getResponseJSONValue] successfully performed. With the following test data [title]. @28-04-2021 21:10:51.0308 PM
[ReportManager] API Action [getResponseJSONValue] successfully performed. With the following test data [title]. @28-04-2021 21:10:51.0322 PM
[ReportManager] API Action [getResponseJSONValue] successfully performed. With the following test data [title]. @28-04-2021 21:10:51.0336 PM
[ReportManager] API Action [getResponseJSONValue] successfully performed. With the following test data [title]. @28-04-2021 21:10:51.0348 PM
[ReportManager] API Action [getResponseJSONValue] successfully performed. With the following test data [title]. @28-04-2021 21:10:51.0376 PM
[ReportManager] API Action [getResponseJSONValue] successfully performed. With the following test data [title]. @28-04-2021 21:10:51.0387 PM
[ReportManager] API Action [getResponseJSONValue] successfully performed. With the following test data [title]. @28-04-2021 21:10:51.0398 PM
[ReportManager] API Action [getResponseJSONValue] successfully performed. With the following test data [title]. @28-04-2021 21:10:51.0438 PM
[ReportManager] API Action [getResponseJSONValue] successfully performed. With the following test data [title]. @28-04-2021 21:10:51.0455 PM
[ReportManager] API Action [getResponseJSONValue] successfully performed. With the following test data [title]. @28-04-2021 21:10:51.0467 PM
[ReportManager] API Action [getResponseJSONValue] successfully performed. With the following test data [title]. @28-04-2021 21:10:51.0480 PM
[ReportManager] API Action [getResponseJSONValue] successfully performed. With the following test data [title]. @28-04-2021 21:10:51.0493 PM
[ReportManager] API Action [getResponseJSONValue] successfully performed. With the following test data [title]. @28-04-2021 21:10:51.0504 PM
[ReportManager] API Action [getResponseJSONValue] successfully performed. With the following test data [title]. @28-04-2021 21:10:51.0515 PM
[ReportManager] API Action [getResponseJSONValue] successfully performed. With the following test data [title]. @28-04-2021 21:10:51.0533 PM
[ReportManager] API Action [getResponseJSONValue] successfully performed. With the following test data [title]. @28-04-2021 21:10:51.0543 PM
[ReportManager] API Action [getResponseJSONValue] successfully performed. With the following test data [title]. @28-04-2021 21:10:51.0553 PM
[ReportManager] API Action [getResponseJSONValue] successfully performed. With the following test data [title]. @28-04-2021 21:10:51.0563 PM
[ReportManager] API Action [getResponseJSONValue] successfully performed. With the following test data [title]. @28-04-2021 21:10:51.0575 PM
[ReportManager] API Action [getResponseJSONValue] successfully performed. With the following test data [title]. @28-04-2021 21:10:51.0590 PM
[ReportManager] API Action [getResponseJSONValue] successfully performed. With the following test data [title]. @28-04-2021 21:10:51.0601 PM
[ReportManager] API Action [getResponseJSONValue] successfully performed. With the following test data [title]. @28-04-2021 21:10:51.0619 P

################################################################################################################################################
Starting Execution:	[136 out of 137] test cases in the current suite
Test Method:		[unitTests.tests_restActions.validateUserEmail]
################################################################################################################################################
[ReportManager] Response status code: [200], status line: [HTTP/1.1 200 OK] @28-04-2021 21:10:52.0464 PM
[ReportManager] Evaluating the actual response status code against the expected one...... @28-04-2021 21:10:52.0464 PM
[ReportManager] AssertEquals PASSED; Expected [200] and Actual [200]. Comparison Type [EQUALS]. Validation Type [POSITIVE]. @28-04-2021 21:10:52.0464 PM
[ReportManager] API Action [performRequest] successfully performed. With the following test data [Request Type: "GET" | Target Status Code: "200" | Service URL: "https://jsonplaceholder.typicode.com/users" | Content Type: "*/*" | Response Time: "832ms"]. @28-04-2021 21:10:52.0484 PM
[ReportManager] Successfully created attachment [API Response - JSON Body] @28-04-2021 21:10:52.0485 PM
[ReportManager] AssertEquals PASSED; Expected and Actual values are attached. Comparison Type [CONTAINS]. Validation Type [POSITIVE]. @28-04-2021 21:10:52.0485 PM
[ReportManager] Successfully created attachment [Validation Test Data - Expected Value] @28-04-2021 21:10:52.0485 PM
[ReportManager] Successfully created attachment [Validation Test Data - Actual Value] @28-04-2021 21:10:52.0485 PM
[ReportManager] API Action [getResponseJSONValueAsList] successfully performed. With the following test data [$]. @28-04-2021 21:10:52.0491 PM
[ReportManager] API Action [getResponseJSONValue] successfully performed. With the following test data [name]. @28-04-2021 21:10:52.0501 PM
[ReportManager] API Action [getResponseJSONValue] successfully performed. With the following test data [email]. @28-04-2021 21:10:52.0509 PM
[ReportManager] AssertEquals PASSED; Expected [Sincere@april.biz] and Actual [Sincere@april.biz]. Comparison Type [EQUALS]. Validation Type [POSITIVE]. @28-04-2021 21:10:52.0510 PM
[ReportManager] API Action [getResponseJSONValue] successfully performed. With the following test data [name]. @28-04-2021 21:10:52.0519 PM
[ReportManager] API Action [getResponseJSONValue] successfully performed. With the following test data [name]. @28-04-2021 21:10:52.0528 PM
[ReportManager] API Action [getResponseJSONValue] successfully performed. With the following test data [name]. @28-04-2021 21:10:52.0538 PM
[ReportManager] API Action [getResponseJSONValue] successfully performed. With the following test data [name]. @28-04-2021 21:10:52.0547 PM
[ReportManager] API Action [getResponseJSONValue] successfully performed. With the following test data [name]. @28-04-2021 21:10:52.0556 PM
[ReportManager] API Action [getResponseJSONValue] successfully performed. With the following test data [name]. @28-04-2021 21:10:52.0565 PM
[ReportManager] API Action [getResponseJSONValue] successfully performed. With the following test data [name]. @28-04-2021 21:10:52.0575 PM
[ReportManager] API Action [getResponseJSONValue] successfully performed. With the following test data [name]. @28-04-2021 21:10:52.0595 PM
[ReportManager] API Action [getResponseJSONValue] successfully performed. With the following test data [name]. @28-04-2021 21:10:52.0611 P
[ReportManager] Successfully loaded the following test data file [src/test/resources/TestDataFiles/testSuite01/TestData.xlsx]. @28-04-2021 21:10:52.0659 PM
[ReportManager] Successfully created attachment [Test Data - Excel] @28-04-2021 21:10:52.0660 P

################################################################################################################################################
Starting Execution:	[137 out of 137] test cases in the current suite
Test Method:		[unitTests.tests_io_excelFileManager.getCellData_rowName_expectedToPass]
################################################################################################################################################
[ReportManager] testRowData. @28-04-2021 21:10:52.0665 P

################################################################################################################################################
Test Closure Activities
################################################################################################################################################
[ReportManager] Successfully created attachment [SHAFT Engine Logs - Execution log] @28-04-2021 21:10:52.0693 PM

################################################################################################################################################
This test run was powered by SHAFT Engine Version: [SHAFT Engine v5.2.20210427]
SHAFT Engine is licensed under the MIT License: [https://github.com/MohabMohie/SHAFT_ENGINE/blob/master/LICENSE].
################################################################################################################################################