################################################################################################################################################
Detected SHAFT Engine Version: [SHAFT Engine v5.2.20210427]
################################################################################################################################################
[ReportManager] File Action [getAbsolutePath] successfully performed. With the following test data [Relative Folder Path: "target/downloadedFiles/"]. @30-04-2021 01:59:14.0486 AM
[ReportManager] Attempting to run remotely on: [Linux-64], [GoogleChrome], [http://localhost:4444/wd/hub], Headless Execution. @30-04-2021 01:59:14.0516 AM
[ReportManager] Successfully Opened [GoogleChrome]. @30-04-2021 01:59:16.0000 A

################################################################################################################################################
Starting Execution:	[1 out of 137] test cases in the current suite
Test Method:		[testPackage01.Test_assertEquals.test_assertElementAttribute]
################################################################################################################################################
[ReportManager] Target URL: [https://www.google.com/ncr], and after redirection: [https://www.google.com] @30-04-2021 01:59:16.0174 AM
[ReportManager] Initial URL: [data:,] @30-04-2021 01:59:16.0276 AM
[ReportManager] Browser Action [navigateToURL] successfully performed. With the following test data [https://www.google.com/ncr]. @30-04-2021 01:59:17.0648 AM
[ReportManager] Element Action [type] successfully performed. With the following test data [INC_004010050:Another SCHEDULER with the same name [Duplicate Job Name] already exists.]. @30-04-2021 01:59:19.0683 AM
[ReportManager] Element Action [getText] successfully performed. With the following test data [INC_004010050:Another SCHEDULER with the same name [Duplicate Job Name] already exists.]. @30-04-2021 01:59:19.0849 AM
[ReportManager] Loaded Shared OpenCV @30-04-2021 01:59:20.0623 AM
[ReportManager] AssertElementAttribute PASSED; Expected [Value Should be 'INC_004010050:Another SCHEDULER with the same name \[Duplicate Job Name\] already exists.' for the 'text' attribute, element locator 'By.name: q'] and Actual [INC_004010050:Another SCHEDULER with the same name [Duplicate Job Name] already exists.]. Comparison Type [MATCHES]. Validation Type [POSITIVE]. @30-04-2021 01:59:20.0987 AM
[ReportManager] Successfully created attachment [Screenshot - 1619747960100_test_assertElementAttribute_AssertElementAttribute_passed] @30-04-2021 01:59:21.0005 A
[ReportManager] Successfully created attachment [Selenium WebDriver Logs - server] @30-04-2021 01:59:21.0267 AM
[ReportManager] Successfully created attachment [Selenium WebDriver Logs - performance] @30-04-2021 01:59:21.0715 AM
[ReportManager] Successfully created attachment [Selenium WebDriver Logs - driver] @30-04-2021 01:59:22.0184 AM
[ReportManager] Browser Action [closeCurrentWindow] successfully performed. @30-04-2021 01:59:22.0250 AM
[ReportManager] Successfully created attachment [Browser Action Test Data - closeCurrentWindow - Actual Value] @30-04-2021 01:59:22.0255 A
[ReportManager] File Action [getAbsolutePath] successfully performed. With the following test data [Relative Folder Path: "target/downloadedFiles/"]. @30-04-2021 01:59:22.0265 AM
[ReportManager] Attempting to run remotely on: [Linux-64], [GoogleChrome], [http://localhost:4444/wd/hub], Headless Execution. @30-04-2021 01:59:22.0265 AM
[ReportManager] Successfully Opened [GoogleChrome]. @30-04-2021 01:59:23.0061 A

################################################################################################################################################
Starting Execution:	[2 out of 137] test cases in the current suite
Test Method:		[testPackage01.Test_dynamicLoading.dynamicLoading_elementIsHidden]
################################################################################################################################################
[ReportManager] Target URL: [https://the-internet.herokuapp.com/dynamic_loading/1] @30-04-2021 01:59:23.0118 AM
[ReportManager] Initial URL: [data:,] @30-04-2021 01:59:23.0205 AM
[ReportManager] Browser Action [navigateToURL] successfully performed. With the following test data [https://the-internet.herokuapp.com/dynamic_loading/1]. @30-04-2021 01:59:23.0799 AM
[ReportManager] Element Action [click] successfully performed. With the following test data [Start]. @30-04-2021 01:59:24.0342 AM
[ReportManager] Element Action [getText] successfully performed. With the following test data [
    Hello World!
  ]. @30-04-2021 01:59:24.0516 AM
[ReportManager] Loaded Shared OpenCV @30-04-2021 01:59:24.0706 AM
[ReportManager] AssertElementAttribute PASSED; Expected [Value Should be 'Hello World!' for the 'text' attribute, element locator 'By.id: finish'] and Actual [
    Hello World!
  ]. Comparison Type [CONTAINS]. Validation Type [POSITIVE]. @30-04-2021 01:59:24.0834 AM
[ReportManager] Successfully created attachment [Screenshot - 1619747964706_dynamicLoading_elementIsHidden_AssertElementAttribute_passed] @30-04-2021 01:59:24.0838 A
[ReportManager] Successfully created attachment [Selenium WebDriver Logs - server] @30-04-2021 01:59:24.0912 AM
[ReportManager] Successfully created attachment [Selenium WebDriver Logs - performance] @30-04-2021 01:59:24.0970 AM
[ReportManager] Successfully created attachment [Selenium WebDriver Logs - browser] @30-04-2021 01:59:24.0987 AM
[ReportManager] Successfully created attachment [Selenium WebDriver Logs - driver] @30-04-2021 01:59:25.0104 AM
[ReportManager] Browser Action [closeCurrentWindow] successfully performed. @30-04-2021 01:59:25.0165 AM
[ReportManager] Successfully created attachment [Browser Action Test Data - closeCurrentWindow - Actual Value] @30-04-2021 01:59:25.0166 A
[ReportManager] File Action [getAbsolutePath] successfully performed. With the following test data [Relative Folder Path: "target/downloadedFiles/"]. @30-04-2021 01:59:25.0169 AM
[ReportManager] Attempting to run remotely on: [Linux-64], [GoogleChrome], [http://localhost:4444/wd/hub], Headless Execution. @30-04-2021 01:59:25.0170 AM
[ReportManager] Successfully Opened [GoogleChrome]. @30-04-2021 01:59:25.0836 A

################################################################################################################################################
Starting Execution:	[3 out of 137] test cases in the current suite
Test Method:		[testPackage01.Test_dynamicLoading.dynamicLoading_elementIsRendered]
################################################################################################################################################
[ReportManager] Target URL: [https://the-internet.herokuapp.com/dynamic_loading/2] @30-04-2021 01:59:25.0870 AM
[ReportManager] Initial URL: [data:,] @30-04-2021 01:59:25.0944 AM
[ReportManager] Browser Action [navigateToURL] successfully performed. With the following test data [https://the-internet.herokuapp.com/dynamic_loading/2]. @30-04-2021 01:59:26.0452 AM
[ReportManager] Element Action [click] successfully performed. With the following test data [Start]. @30-04-2021 01:59:26.0920 AM
[ReportManager] Element Action [getText] successfully performed. With the following test data [Hello World!]. @30-04-2021 01:59:32.0129 AM
[ReportManager] Loaded Shared OpenCV @30-04-2021 01:59:32.0319 AM
[ReportManager] AssertElementAttribute PASSED; Expected [Value Should be 'Hello World!' for the 'text' attribute, element locator 'By.id: finish'] and Actual [Hello World!]. Comparison Type [CONTAINS]. Validation Type [POSITIVE]. @30-04-2021 01:59:32.0400 AM
[ReportManager] Successfully created attachment [Screenshot - 1619747972319_dynamicLoading_elementIsRendered_AssertElementAttribute_passed] @30-04-2021 01:59:32.0402 A
[ReportManager] Successfully created attachment [Selenium WebDriver Logs - server] @30-04-2021 01:59:32.0485 AM
[ReportManager] Successfully created attachment [Selenium WebDriver Logs - performance] @30-04-2021 01:59:32.0522 AM
[ReportManager] Successfully created attachment [Selenium WebDriver Logs - browser] @30-04-2021 01:59:32.0537 AM
[ReportManager] Successfully created attachment [Selenium WebDriver Logs - driver] @30-04-2021 01:59:32.0654 AM
[ReportManager] Browser Action [closeCurrentWindow] successfully performed. @30-04-2021 01:59:32.0718 AM
[ReportManager] Successfully created attachment [Browser Action Test Data - closeCurrentWindow - Actual Value] @30-04-2021 01:59:32.0718 A

################################################################################################################################################
Starting Execution:	[4 out of 137] test cases in the current suite
Test Method:		[testPackage01.Test_SelectedValue.multipleSelect]
################################################################################################################################################
[ReportManager] File Action [getAbsolutePath] successfully performed. With the following test data [Relative Folder Path: "target/downloadedFiles/"]. @30-04-2021 01:59:32.0737 AM
[ReportManager] Attempting to run remotely on: [Linux-64], [GoogleChrome], [http://localhost:4444/wd/hub], Headless Execution. @30-04-2021 01:59:32.0737 AM
[ReportManager] Successfully Opened [GoogleChrome]. @30-04-2021 01:59:33.0329 AM
[ReportManager] Target URL: [https://mdn.mozillademos.org/en-US/docs/Web/HTML/Element/select$samples/Advanced_select_with_multiple_features?revision=1612304] @30-04-2021 01:59:33.0361 AM
[ReportManager] Initial URL: [data:,] @30-04-2021 01:59:33.0432 AM
[ReportManager] Browser Action [navigateToURL] successfully performed. With the following test data [https://mdn.mozillademos.org/en-US/docs/Web/HTML/Element/select$samples/Advanced_select_with_multiple_features?revision=1612304]. @30-04-2021 01:59:34.0156 AM
[ReportManager] Element Action [select] successfully performed. With the following test data [Dog]. @30-04-2021 01:59:34.0478 AM
[ReportManager] Element Action [select] successfully performed. With the following test data [Cat]. @30-04-2021 01:59:34.0797 AM
[ReportManager] Element Action [getSelectedText] successfully performed. With the following test data [DogCat]. @30-04-2021 01:59:35.0005 AM
[ReportManager] DogCat @30-04-2021 01:59:35.0006 AM
[ReportManager] Element Action [getSelectedText] successfully performed. With the following test data [DogCat]. @30-04-2021 01:59:35.0186 AM
[ReportManager] Loaded Shared OpenCV @30-04-2021 01:59:35.0344 AM
[ReportManager] AssertElementAttribute PASSED; Expected [Value Should be 'DogCat' for the 'selectedText' attribute, element locator 'By.tagName: select'] and Actual [DogCat]. Comparison Type [EQUALS]. Validation Type [POSITIVE]. @30-04-2021 01:59:35.0428 AM
[ReportManager] Successfully created attachment [Screenshot - 1619747975344_multipleSelect_AssertElementAttribute_passed] @30-04-2021 01:59:35.0429 AM
[ReportManager] Successfully created attachment [Selenium WebDriver Logs - server] @30-04-2021 01:59:35.0492 AM
[ReportManager] Successfully created attachment [Selenium WebDriver Logs - performance] @30-04-2021 01:59:35.0512 AM
[ReportManager] Successfully created attachment [Selenium WebDriver Logs - driver] @30-04-2021 01:59:35.0632 AM
[ReportManager] Browser Action [closeCurrentWindow] successfully performed. @30-04-2021 01:59:35.0690 AM
[ReportManager] Successfully created attachment [Browser Action Test Data - closeCurrentWindow - Actual Value] @30-04-2021 01:59:35.0690 A

################################################################################################################################################
Starting Execution:	[5 out of 137] test cases in the current suite
Test Method:		[testPackage01.Test_SelectedValue.simpleSelect]
################################################################################################################################################
[ReportManager] File Action [getAbsolutePath] successfully performed. With the following test data [Relative Folder Path: "target/downloadedFiles/"]. @30-04-2021 01:59:35.0705 AM
[ReportManager] Attempting to run remotely on: [Linux-64], [GoogleChrome], [http://localhost:4444/wd/hub], Headless Execution. @30-04-2021 01:59:35.0706 AM
[ReportManager] Successfully Opened [GoogleChrome]. @30-04-2021 01:59:35.0961 AM
[ReportManager] Target URL: [https://mdn.mozillademos.org/en-US/docs/Web/HTML/Element/select$samples/Basic_select?revision=1612304] @30-04-2021 01:59:35.0977 AM
[ReportManager] Initial URL: [data:,] @30-04-2021 01:59:36.0036 AM
[ReportManager] Browser Action [navigateToURL] successfully performed. With the following test data [https://mdn.mozillademos.org/en-US/docs/Web/HTML/Element/select$samples/Basic_select?revision=1612304]. @30-04-2021 01:59:36.0604 AM
[ReportManager] Element Action [select] successfully performed. With the following test data [Third Value]. @30-04-2021 01:59:36.0984 AM
[ReportManager] Element Action [getSelectedText] successfully performed. With the following test data [Third Value]. @30-04-2021 01:59:37.0163 AM
[ReportManager] Third Value @30-04-2021 01:59:37.0164 AM
[ReportManager] Element Action [getSelectedText] successfully performed. With the following test data [Third Value]. @30-04-2021 01:59:37.0325 AM
[ReportManager] Loaded Shared OpenCV @30-04-2021 01:59:37.0472 AM
[ReportManager] AssertElementAttribute PASSED; Expected [Value Should be 'Third Value' for the 'selectedText' attribute, element locator 'By.tagName: select'] and Actual [Third Value]. Comparison Type [EQUALS]. Validation Type [POSITIVE]. @30-04-2021 01:59:37.0546 AM
[ReportManager] Successfully created attachment [Screenshot - 1619747977472_simpleSelect_AssertElementAttribute_passed] @30-04-2021 01:59:37.0546 AM
[ReportManager] Successfully created attachment [Selenium WebDriver Logs - server] @30-04-2021 01:59:37.0603 AM
[ReportManager] Successfully created attachment [Selenium WebDriver Logs - performance] @30-04-2021 01:59:37.0614 AM
[ReportManager] Successfully created attachment [Selenium WebDriver Logs - driver] @30-04-2021 01:59:37.0703 AM
[ReportManager] Browser Action [closeCurrentWindow] successfully performed. @30-04-2021 01:59:37.0763 AM
[ReportManager] Successfully created attachment [Browser Action Test Data - closeCurrentWindow - Actual Value] @30-04-2021 01:59:37.0764 A
[ReportManager] File Action [getAbsolutePath] successfully performed. With the following test data [Relative Folder Path: "target/downloadedFiles/"]. @30-04-2021 01:59:37.0792 AM
[ReportManager] Attempting to run remotely on: [Linux-64], [GoogleChrome], [http://localhost:4444/wd/hub], Headless Execution. @30-04-2021 01:59:37.0792 AM
[ReportManager] Successfully Opened [GoogleChrome]. @30-04-2021 01:59:38.0093 A

################################################################################################################################################
Starting Execution:	[6 out of 137] test cases in the current suite
Test Method:		[testPackage01.Test_IsElementClickable.testIsElementClickable]
################################################################################################################################################
[ReportManager] Target URL: [https://the-internet.herokuapp.com/] @30-04-2021 01:59:38.0114 AM
[ReportManager] Initial URL: [data:,] @30-04-2021 01:59:38.0162 AM
[ReportManager] Browser Action [navigateToURL] successfully performed. With the following test data [https://the-internet.herokuapp.com/]. @30-04-2021 01:59:38.0652 AM
[ReportManager] Element Action [isElementClickable] successfully performed. @30-04-2021 01:59:38.0876 AM
[ReportManager] AssertTrue PASSED; Expected [TRUE] and Actual [TRUE]. Validation Type [POSITIVE]. @30-04-2021 01:59:38.0876 A
[ReportManager] Successfully created attachment [Selenium WebDriver Logs - server] @30-04-2021 01:59:38.0943 AM
[ReportManager] Successfully created attachment [Selenium WebDriver Logs - performance] @30-04-2021 01:59:38.0969 AM
[ReportManager] Successfully created attachment [Selenium WebDriver Logs - browser] @30-04-2021 01:59:38.0976 AM
[ReportManager] Successfully created attachment [Selenium WebDriver Logs - driver] @30-04-2021 01:59:39.0046 AM
[ReportManager] Browser Action [closeCurrentWindow] successfully performed. @30-04-2021 01:59:39.0111 AM
[ReportManager] Successfully created attachment [Browser Action Test Data - closeCurrentWindow - Actual Value] @30-04-2021 01:59:39.0111 A
[ReportManager] File Action [getAbsolutePath] successfully performed. With the following test data [Relative Folder Path: "target/downloadedFiles/"]. @30-04-2021 01:59:39.0114 AM
[ReportManager] Attempting to run remotely on: [Linux-64], [GoogleChrome], [http://localhost:4444/wd/hub], Headless Execution. @30-04-2021 01:59:39.0123 AM
[ReportManager] Successfully Opened [GoogleChrome]. @30-04-2021 01:59:39.0420 A

################################################################################################################################################
Starting Execution:	[7 out of 137] test cases in the current suite
Test Method:		[testPackage01.Test_dragAndDrop.dragAndDrop]
Test Description:	[TC001 - Test Drag and Drop function.]
################################################################################################################################################
[ReportManager] Target URL: [http://the-internet.herokuapp.com/drag_and_drop] @30-04-2021 01:59:39.0459 AM
[ReportManager] Initial URL: [data:,] @30-04-2021 01:59:39.0528 AM
[ReportManager] Browser Action [navigateToURL] successfully performed. With the following test data [http://the-internet.herokuapp.com/drag_and_drop]. @30-04-2021 01:59:39.0923 AM
[ReportManager] Attempting Drag and Drop @30-04-2021 01:59:39.0924 AM
[ReportManager] Element Action [dragAndDrop] successfully performed. With the following test data [Start point: (32, 89), End point: (247, 89)]. @30-04-2021 01:59:41.0158 A
[ReportManager] Successfully created attachment [Selenium WebDriver Logs - server] @30-04-2021 01:59:41.0251 AM
[ReportManager] Successfully created attachment [Selenium WebDriver Logs - performance] @30-04-2021 01:59:41.0273 AM
[ReportManager] Successfully created attachment [Selenium WebDriver Logs - browser] @30-04-2021 01:59:41.0289 AM
[ReportManager] Successfully created attachment [Selenium WebDriver Logs - driver] @30-04-2021 01:59:41.0345 AM
[ReportManager] Browser Action [closeCurrentWindow] successfully performed. @30-04-2021 01:59:41.0403 AM
[ReportManager] Successfully created attachment [Browser Action Test Data - closeCurrentWindow - Actual Value] @30-04-2021 01:59:41.0404 A
[ReportManager] File Action [getAbsolutePath] successfully performed. With the following test data [Relative Folder Path: "target/downloadedFiles/"]. @30-04-2021 01:59:41.0406 AM
[ReportManager] Attempting to run remotely on: [Linux-64], [GoogleChrome], [http://localhost:4444/wd/hub], Headless Execution. @30-04-2021 01:59:41.0406 AM
[ReportManager] Successfully Opened [GoogleChrome]. @30-04-2021 01:59:41.0699 A

################################################################################################################################################
Starting Execution:	[8 out of 137] test cases in the current suite
Test Method:		[testPackage01.Test_dragAndDrop.dragAndDropByOffset]
Test Description:	[TC002 - Test Drag and Drop by offset function.]
################################################################################################################################################
[ReportManager] Target URL: [https://jqueryui.com/resources/demos/draggable/default.html] @30-04-2021 01:59:41.0749 AM
[ReportManager] Initial URL: [data:,] @30-04-2021 01:59:41.0820 AM
[ReportManager] Browser Action [navigateToURL] successfully performed. With the following test data [https://jqueryui.com/resources/demos/draggable/default.html]. @30-04-2021 01:59:42.0232 AM
[ReportManager] Element Action [dragAndDropByOffset] successfully performed. With the following test data [Start point: (8, 8), End point: (1008, 108)]. @30-04-2021 01:59:42.0445 A
[ReportManager] Successfully created attachment [Selenium WebDriver Logs - server] @30-04-2021 01:59:42.0505 AM
[ReportManager] Successfully created attachment [Selenium WebDriver Logs - performance] @30-04-2021 01:59:42.0524 AM
[ReportManager] Successfully created attachment [Selenium WebDriver Logs - driver] @30-04-2021 01:59:42.0593 AM
[ReportManager] Browser Action [closeCurrentWindow] successfully performed. @30-04-2021 01:59:42.0652 AM
[ReportManager] Successfully created attachment [Browser Action Test Data - closeCurrentWindow - Actual Value] @30-04-2021 01:59:42.0653 A
[ReportManager] File Action [getAbsolutePath] successfully performed. With the following test data [Relative Folder Path: "target/downloadedFiles/"]. @30-04-2021 01:59:42.0655 AM
[ReportManager] Attempting to run remotely on: [Linux-64], [GoogleChrome], [http://localhost:4444/wd/hub], Headless Execution. @30-04-2021 01:59:42.0655 AM
[ReportManager] Successfully Opened [GoogleChrome]. @30-04-2021 01:59:42.0911 A

################################################################################################################################################
Starting Execution:	[9 out of 137] test cases in the current suite
Test Method:		[testPackage01.Test_dragAndDrop.dragAndDropJquery]
################################################################################################################################################
[ReportManager] Target URL: [https://jqueryui.com/resources/demos/droppable/default.html] @30-04-2021 01:59:42.0935 AM
[ReportManager] Initial URL: [data:,] @30-04-2021 01:59:42.0991 AM
[ReportManager] Browser Action [navigateToURL] successfully performed. With the following test data [https://jqueryui.com/resources/demos/droppable/default.html]. @30-04-2021 01:59:43.0397 AM
[ReportManager] Element Action [getText] successfully performed. With the following test data [Drop here]. @30-04-2021 01:59:43.0499 AM
[ReportManager] Element Action [dragAndDrop] successfully performed. With the following test data [Start point: (8, 18), End point: (8, 18)]. @30-04-2021 01:59:44.0886 AM
[ReportManager] Element Action [getText] successfully performed. With the following test data [Dropped!]. @30-04-2021 01:59:44.0975 AM
[ReportManager] Checking to see if the text has changed after performing drag and drop... @30-04-2021 01:59:44.0975 AM
[ReportManager] AssertEquals PASSED; Expected [Drop here] and Actual [Dropped!]. Comparison Type [EQUALS]. Validation Type [NEGATIVE]. @30-04-2021 01:59:44.0975 A
[ReportManager] Successfully created attachment [Selenium WebDriver Logs - server] @30-04-2021 01:59:45.0053 AM
[ReportManager] Successfully created attachment [Selenium WebDriver Logs - performance] @30-04-2021 01:59:45.0068 AM
[ReportManager] Successfully created attachment [Selenium WebDriver Logs - driver] @30-04-2021 01:59:45.0156 AM
[ReportManager] Browser Action [closeCurrentWindow] successfully performed. @30-04-2021 01:59:45.0224 AM
[ReportManager] Successfully created attachment [Browser Action Test Data - closeCurrentWindow - Actual Value] @30-04-2021 01:59:45.0225 A

################################################################################################################################################
Starting Execution:	[10 out of 137] test cases in the current suite
Test Method:		[testPackage01.Test_SkipDueToIssue.doNotSkip]
################################################################################################################################################
[ReportManager] This should not be skipped. @30-04-2021 01:59:45.0232 A

################################################################################################################################################
Starting Execution:	[11 out of 137] test cases in the current suite
Test Method:		[testPackage01.Test_SkipDueToIssue.skip]
################################################################################################################################################
[ReportManager] This should be skipped. @30-04-2021 01:59:45.0241 A

################################################################################################################################################
Starting Execution:	[12 out of 137] test cases in the current suite
Test Method:		[testPackage01.Test_SkipDueToIssue.skip2]
################################################################################################################################################
[ReportManager] This should be skipped. @30-04-2021 01:59:45.0252 A

################################################################################################################################################
Starting Execution:	[13 out of 137] test cases in the current suite
Test Method:		[testPackage01.Test_chainableElementActions.chainElementActions]
################################################################################################################################################
[ReportManager] File Action [getAbsolutePath] successfully performed. With the following test data [Relative Folder Path: "target/downloadedFiles/"]. @30-04-2021 01:59:45.0260 AM
[ReportManager] Attempting to run remotely on: [Linux-64], [GoogleChrome], [http://localhost:4444/wd/hub], Headless Execution. @30-04-2021 01:59:45.0260 AM
[ReportManager] Successfully Opened [GoogleChrome]. @30-04-2021 01:59:45.0510 AM
[ReportManager] Target URL: [https://www.google.com/ncr], and after redirection: [https://www.google.com] @30-04-2021 01:59:45.0522 AM
[ReportManager] Initial URL: [data:,] @30-04-2021 01:59:45.0579 AM
[ReportManager] Browser Action [navigateToURL] successfully performed. With the following test data [https://www.google.com/ncr]. @30-04-2021 01:59:46.0460 AM
[ReportManager] Element Action [type] successfully performed. With the following test data [chained type 1]. @30-04-2021 01:59:47.0064 AM
[ReportManager] Element Action [type] successfully performed. With the following test data [chained type 2]. @30-04-2021 01:59:47.0653 AM
[ReportManager] Element Action [typeAppend] successfully performed. With the following test data [345]. @30-04-2021 01:59:47.0802 AM
[ReportManager] Element Action [getText] successfully performed. With the following test data [chained type 2345]. @30-04-2021 01:59:47.0941 AM
[ReportManager] Loaded Shared OpenCV @30-04-2021 01:59:48.0090 AM
[ReportManager] AssertElementAttribute PASSED; Expected [Value Should be 'chained type 2345' for the 'text' attribute, element locator 'By.name: q'] and Actual [chained type 2345]. Comparison Type [EQUALS]. Validation Type [POSITIVE]. @30-04-2021 01:59:48.0171 AM
[ReportManager] Successfully created attachment [Screenshot - 1619747988089_chainElementActions_AssertElementAttribute_passed] @30-04-2021 01:59:48.0173 AM
[ReportManager] Successfully created attachment [Selenium WebDriver Logs - server] @30-04-2021 01:59:48.0255 AM
[ReportManager] Successfully created attachment [Selenium WebDriver Logs - performance] @30-04-2021 01:59:48.0408 AM
[ReportManager] Successfully created attachment [Selenium WebDriver Logs - driver] @30-04-2021 01:59:48.0629 AM
[ReportManager] Browser Action [closeCurrentWindow] successfully performed. @30-04-2021 01:59:48.0686 AM
[ReportManager] Successfully created attachment [Browser Action Test Data - closeCurrentWindow - Actual Value] @30-04-2021 01:59:48.0687 A
[ReportManager] File Action [getAbsolutePath] successfully performed. With the following test data [Relative Folder Path: "target/downloadedFiles/"]. @30-04-2021 01:59:48.0713 AM
[ReportManager] Attempting to run remotely on: [Linux-64], [GoogleChrome], [http://localhost:4444/wd/hub], Headless Execution. @30-04-2021 01:59:48.0714 AM
[ReportManager] Successfully Opened [GoogleChrome]. @30-04-2021 01:59:48.0969 A

################################################################################################################################################
Starting Execution:	[14 out of 137] test cases in the current suite
Test Method:		[testPackage01.Test_clipboardActions.typeTextAndCopyPaste]
################################################################################################################################################
[ReportManager] Target URL: [https://www.google.com/ncr], and after redirection: [https://www.google.com] @30-04-2021 01:59:48.0988 AM
[ReportManager] Initial URL: [data:,] @30-04-2021 01:59:49.0054 AM
[ReportManager] Browser Action [navigateToURL] successfully performed. With the following test data [https://www.google.com/ncr]. @30-04-2021 01:59:49.0972 AM
[ReportManager] Element Action [type] successfully performed. With the following test data [FIRST]. @30-04-2021 01:59:50.0463 AM
[ReportManager] Element Action [clipboardActions] successfully performed. With the following test data [select all]. @30-04-2021 01:59:50.0551 AM
[ReportManager] Element Action [clipboardActions] successfully performed. With the following test data [copy]. @30-04-2021 01:59:50.0626 AM
[ReportManager] Element Action [clipboardActions] successfully performed. With the following test data [unselect]. @30-04-2021 01:59:50.0715 AM
[ReportManager] Element Action [clipboardActions] successfully performed. With the following test data [paste]. @30-04-2021 01:59:50.0817 AM
[ReportManager] Element Action [clipboardActions] successfully performed. With the following test data [select all]. @30-04-2021 01:59:50.0914 AM
[ReportManager] Element Action [clipboardActions] successfully performed. With the following test data [cut]. @30-04-2021 01:59:51.0024 AM
[ReportManager] Element Action [clipboardActions] successfully performed. With the following test data [paste]. @30-04-2021 01:59:51.0121 AM
[ReportManager] Element Action [clipboardActions] successfully performed. With the following test data [paste]. @30-04-2021 01:59:51.0222 A
[ReportManager] Successfully created attachment [Selenium WebDriver Logs - server] @30-04-2021 01:59:51.0338 AM
[ReportManager] Successfully created attachment [Selenium WebDriver Logs - performance] @30-04-2021 01:59:51.0419 AM
[ReportManager] Successfully created attachment [Selenium WebDriver Logs - driver] @30-04-2021 01:59:51.0647 AM
[ReportManager] Browser Action [closeCurrentWindow] successfully performed. @30-04-2021 01:59:51.0706 AM
[ReportManager] Successfully created attachment [Browser Action Test Data - closeCurrentWindow - Actual Value] @30-04-2021 01:59:51.0707 A
[ReportManager] File Action [getAbsolutePath] successfully performed. With the following test data [Relative Folder Path: "target/downloadedFiles/"]. @30-04-2021 01:59:51.0709 AM
[ReportManager] Attempting to run remotely on: [Linux-64], [GoogleChrome], [http://localhost:4444/wd/hub], Headless Execution. @30-04-2021 01:59:51.0709 AM
[ReportManager] Successfully Opened [GoogleChrome]. @30-04-2021 01:59:51.0975 A

################################################################################################################################################
Starting Execution:	[15 out of 137] test cases in the current suite
Test Method:		[testPackage01.Test_verifyEquals.test_assertElementAttribute]
################################################################################################################################################
[ReportManager] Target URL: [https://www.google.com/ncr], and after redirection: [https://www.google.com] @30-04-2021 01:59:51.0992 AM
[ReportManager] Initial URL: [data:,] @30-04-2021 01:59:52.0046 AM
[ReportManager] Browser Action [navigateToURL] successfully performed. With the following test data [https://www.google.com/ncr]. @30-04-2021 01:59:53.0039 AM
[ReportManager] Element Action [type] successfully performed. With the following test data [INC_004010050:Another SCHEDULER with the same name [Duplicate Job Name] already exists.]. @30-04-2021 01:59:54.0925 AM
[ReportManager] Element Action [getText] successfully performed. With the following test data [INC_004010050:Another SCHEDULER with the same name [Duplicate Job Name] already exists.]. @30-04-2021 01:59:55.0040 AM
[ReportManager] Loaded Shared OpenCV @30-04-2021 01:59:55.0195 AM
[ReportManager] VerifyElementAttribute PASSED; Expected [Value Should be 'INC_004010050:Another SCHEDULER with the same name \[Duplicate Job Name\] already exists.' for the 'text' attribute, element locator 'By.name: q'] and Actual [INC_004010050:Another SCHEDULER with the same name [Duplicate Job Name] already exists.]. Comparison Type [MATCHES]. Validation Type [POSITIVE]. @30-04-2021 01:59:55.0277 AM
[ReportManager] Successfully created attachment [Screenshot - 1619747995195_test_assertElementAttribute_VerifyElementAttribute_passed] @30-04-2021 01:59:55.0278 A
[ReportManager] Successfully created attachment [Selenium WebDriver Logs - server] @30-04-2021 01:59:55.0391 AM
[ReportManager] Successfully created attachment [Selenium WebDriver Logs - performance] @30-04-2021 01:59:55.0768 AM
[ReportManager] Successfully created attachment [Selenium WebDriver Logs - driver] @30-04-2021 01:59:56.0081 AM
[ReportManager] Browser Action [closeCurrentWindow] successfully performed. @30-04-2021 01:59:56.0137 AM
[ReportManager] Successfully created attachment [Browser Action Test Data - closeCurrentWindow - Actual Value] @30-04-2021 01:59:56.0139 A

################################################################################################################################################
Starting Execution:	[16 out of 137] test cases in the current suite
Test Method:		[testPackage01.Test_JSONFileManager.readStringFromJson]
################################################################################################################################################
[ReportManager] Successfully loaded the following test data file [src/test/resources/TestDataFiles/simpleJSON.json]. @30-04-2021 01:59:56.0143 AM
[ReportManager] Successfully created attachment [Test Data - JSON] @30-04-2021 01:59:56.0367 AM
[ReportManager] AssertEquals PASSED; Expected [Mohab Mohie] and Actual [Mohab Mohie]. Comparison Type [EQUALS]. Validation Type [POSITIVE]. @30-04-2021 01:59:58.0190 A
[ReportManager] File Action [getAbsolutePath] successfully performed. With the following test data [Relative Folder Path: "target/downloadedFiles/"]. @30-04-2021 01:59:58.0202 AM
[ReportManager] Attempting to run remotely on: [Linux-64], [GoogleChrome], [http://localhost:4444/wd/hub], Headless Execution. @30-04-2021 01:59:58.0203 AM
[ReportManager] Successfully Opened [GoogleChrome]. @30-04-2021 01:59:58.0783 A

################################################################################################################################################
Starting Execution:	[17 out of 137] test cases in the current suite
Test Method:		[testPackage01.Test_uploadFile.uploadFile_invisibleUploadInput]
################################################################################################################################################
[ReportManager] Target URL: [https://fineuploader.com/demos.html#gallery-view] @30-04-2021 01:59:58.0824 AM
[ReportManager] Initial URL: [data:,] @30-04-2021 01:59:58.0889 AM
[ReportManager] Browser Action [navigateToURL] successfully performed. With the following test data [https://fineuploader.com/demos.html#gallery-view]. @30-04-2021 02:00:00.0621 AM
[ReportManager] File Action [getAbsolutePath] successfully performed. With the following test data [Relative File Path: "src/main/resources/images/shaft.png"]. @30-04-2021 02:00:00.0622 AM
[ReportManager] Successfully created attachment [File Action Actual Result - Command Log] @30-04-2021 02:00:00.0622 AM
[ReportManager] Element Action [typeFileLocationForUpload] successfully performed. With the following test data [/home/runner/work/SHAFT_ENGINE/SHAFT_ENGINE/src/main/resources/images/shaft.png]. @30-04-2021 02:00:00.0823 AM
[ReportManager] Attempting to getAttribute [src] from elementLocator [By.xpath: //div[@id='fine-uploader-gallery']//div[@class='qq-thumbnail-wrapper']/img]. @30-04-2021 02:00:00.0823 AM
[ReportManager] Element Action [getAttribute] successfully performed. @30-04-2021 02:00:00.0959 AM
[ReportManager] Successfully created attachment [Element Action Test Data - getAttribute - Actual Value] @30-04-2021 02:00:00.0960 AM
[ReportManager] Loaded Shared OpenCV @30-04-2021 02:00:01.0128 AM
[ReportManager] AssertElementAttribute PASSED; Expected and Actual values are attached. Comparison Type [CONTAINS]. Validation Type [POSITIVE]. @30-04-2021 02:00:01.0221 AM
[ReportManager] Successfully created attachment [Validation Test Data - Expected Value] @30-04-2021 02:00:01.0221 AM
[ReportManager] Successfully created attachment [Validation Test Data - Actual Value] @30-04-2021 02:00:01.0221 AM
[ReportManager] Successfully created attachment [Screenshot - 1619748001128_uploadFile_invisibleUploadInput_AssertElementAttribute_passed] @30-04-2021 02:00:01.0222 A
[ReportManager] Successfully created attachment [Selenium WebDriver Logs - server] @30-04-2021 02:00:01.0338 AM
[ReportManager] Successfully created attachment [Selenium WebDriver Logs - performance] @30-04-2021 02:00:01.0434 AM
[ReportManager] Successfully created attachment [Selenium WebDriver Logs - browser] @30-04-2021 02:00:01.0445 AM
[ReportManager] Successfully created attachment [Selenium WebDriver Logs - driver] @30-04-2021 02:00:01.0617 AM
[ReportManager] Browser Action [closeCurrentWindow] successfully performed. @30-04-2021 02:00:01.0674 AM
[ReportManager] Successfully created attachment [Browser Action Test Data - closeCurrentWindow - Actual Value] @30-04-2021 02:00:01.0675 A
[ReportManager] File Action [getAbsolutePath] successfully performed. With the following test data [Relative Folder Path: "target/downloadedFiles/"]. @30-04-2021 02:00:01.0678 AM
[ReportManager] Attempting to run remotely on: [Linux-64], [GoogleChrome], [http://localhost:4444/wd/hub], Headless Execution. @30-04-2021 02:00:01.0679 AM
[ReportManager] Successfully Opened [GoogleChrome]. @30-04-2021 02:00:01.0928 A

################################################################################################################################################
Starting Execution:	[18 out of 137] test cases in the current suite
Test Method:		[testPackage01.Test_uploadFile.uploadFile_visibleUploadInput]
################################################################################################################################################
[ReportManager] Target URL: [http://demo.guru99.com/test/upload/] @30-04-2021 02:00:01.0948 AM
[ReportManager] Initial URL: [data:,] @30-04-2021 02:00:02.0005 AM
[ReportManager] Browser Action [navigateToURL] successfully performed. With the following test data [http://demo.guru99.com/test/upload/]. @30-04-2021 02:00:02.0869 AM
[ReportManager] File Action [getAbsolutePath] successfully performed. With the following test data [Relative File Path: "src/main/resources/images/shaft.png"]. @30-04-2021 02:00:02.0870 AM
[ReportManager] Successfully created attachment [File Action Actual Result - Command Log] @30-04-2021 02:00:02.0870 AM
[ReportManager] Element Action [typeFileLocationForUpload] successfully performed. With the following test data [/home/runner/work/SHAFT_ENGINE/SHAFT_ENGINE/src/main/resources/images/shaft.png]. @30-04-2021 02:00:03.0056 AM
[ReportManager] Element Action [click] successfully performed. With the following test data [on]. @30-04-2021 02:00:03.0418 AM
[ReportManager] Element Action [click] successfully performed. With the following test data [Submit File]. @30-04-2021 02:00:03.0752 AM
[ReportManager] Element Action [getText] successfully performed. With the following test data [1 file
has been successfully uploaded.]. @30-04-2021 02:00:04.0407 AM
[ReportManager] Loaded Shared OpenCV @30-04-2021 02:00:04.0584 AM
[ReportManager] AssertElementAttribute PASSED; Expected [Value Should be '1 file' for the 'Text' attribute, element locator 'By.id: res'] and Actual [1 file
has been successfully uploaded.]. Comparison Type [CONTAINS]. Validation Type [POSITIVE]. @30-04-2021 02:00:04.0663 AM
[ReportManager] Successfully created attachment [Screenshot - 1619748004583_uploadFile_visibleUploadInput_AssertElementAttribute_passed] @30-04-2021 02:00:04.0664 A
[ReportManager] Successfully created attachment [Selenium WebDriver Logs - server] @30-04-2021 02:00:04.0726 AM
[ReportManager] Successfully created attachment [Selenium WebDriver Logs - performance] @30-04-2021 02:00:04.0777 AM
[ReportManager] Successfully created attachment [Selenium WebDriver Logs - browser] @30-04-2021 02:00:04.0784 AM
[ReportManager] Successfully created attachment [Selenium WebDriver Logs - driver] @30-04-2021 02:00:04.0945 AM
[ReportManager] Browser Action [closeCurrentWindow] successfully performed. @30-04-2021 02:00:04.0963 AM
[ReportManager] Successfully created attachment [Browser Action Test Data - closeCurrentWindow - Actual Value] @30-04-2021 02:00:04.0964 A
[ReportManager] File Action [getAbsolutePath] successfully performed. With the following test data [Relative Folder Path: "target/downloadedFiles/"]. @30-04-2021 02:00:04.0968 AM
[ReportManager] Attempting to run remotely on: [Linux-64], [GoogleChrome], [http://localhost:4444/wd/hub], Headless Execution. @30-04-2021 02:00:04.0969 AM
[ReportManager] Successfully Opened [GoogleChrome]. @30-04-2021 02:00:05.0237 A

################################################################################################################################################
Starting Execution:	[19 out of 137] test cases in the current suite
Test Method:		[testPackage01.Test_ShadowDOM.shadowdom]
################################################################################################################################################
[ReportManager] Target URL: [https://mdn.github.io/web-components-examples/popup-info-box-web-component/] @30-04-2021 02:00:05.0260 AM
[ReportManager] Initial URL: [data:,] @30-04-2021 02:00:05.0307 AM
[ReportManager] Browser Action [navigateToURL] successfully performed. With the following test data [https://mdn.github.io/web-components-examples/popup-info-box-web-component/]. @30-04-2021 02:00:05.0570 AM
[ReportManager] Element Action [type] successfully performed. With the following test data [Typing into SHADOW DOM...]. @30-04-2021 02:00:06.0265 AM
[ReportManager] Element Action [getText] successfully performed. With the following test data [Typing into SHADOW DOM...]. @30-04-2021 02:00:06.0380 AM
[ReportManager] Loaded Shared OpenCV @30-04-2021 02:00:06.0523 AM
[ReportManager] AssertElementAttribute PASSED; Expected [Value Should be 'Typing into SHADOW DOM...' for the 'Text' attribute, element locator 'By.id: cvc'] and Actual [Typing into SHADOW DOM...]. Comparison Type [EQUALS]. Validation Type [POSITIVE]. @30-04-2021 02:00:06.0610 AM
[ReportManager] Successfully created attachment [Screenshot - 1619748006523_shadowdom_AssertElementAttribute_passed] @30-04-2021 02:00:06.0610 A
[ReportManager] Successfully created attachment [Selenium WebDriver Logs - server] @30-04-2021 02:00:06.0653 AM
[ReportManager] Successfully created attachment [Selenium WebDriver Logs - performance] @30-04-2021 02:00:06.0670 AM
[ReportManager] Successfully created attachment [Selenium WebDriver Logs - browser] @30-04-2021 02:00:06.0678 AM
[ReportManager] Successfully created attachment [Selenium WebDriver Logs - driver] @30-04-2021 02:00:06.0784 AM
[ReportManager] Browser Action [closeCurrentWindow] successfully performed. @30-04-2021 02:00:06.0844 AM
[ReportManager] Successfully created attachment [Browser Action Test Data - closeCurrentWindow - Actual Value] @30-04-2021 02:00:06.0845 A

################################################################################################################################################
Starting Execution:	[20 out of 137] test cases in the current suite
Test Method:		[testPackage01.Test_NewValidationHelper.f1]
################################################################################################################################################
[ReportManager] Checking valid user data... @30-04-2021 02:00:06.0858 AM
[ReportManager] AssertEquals PASSED; Expected and Actual values are attached. Comparison Type [EQUALS]. Validation Type [POSITIVE]. @30-04-2021 02:00:06.0858 AM
[ReportManager] Successfully created attachment [Validation Test Data - Expected Value] @30-04-2021 02:00:06.0859 AM
[ReportManager] Successfully created attachment [Validation Test Data - Actual Value] @30-04-2021 02:00:06.0859 A
[ReportManager] File Action [getAbsolutePath] successfully performed. With the following test data [Relative Folder Path: "target/downloadedFiles/"]. @30-04-2021 02:00:06.0865 AM
[ReportManager] Attempting to run remotely on: [Linux-64], [GoogleChrome], [http://localhost:4444/wd/hub], Headless Execution. @30-04-2021 02:00:06.0866 AM
[ReportManager] Successfully Opened [GoogleChrome]. @30-04-2021 02:00:07.0106 AM
[ReportManager] Target URL: [https://the-internet.herokuapp.com/] @30-04-2021 02:00:07.0117 AM
[ReportManager] Initial URL: [data:,] @30-04-2021 02:00:07.0167 AM
[ReportManager] Browser Action [navigateToURL] successfully performed. With the following test data [https://the-internet.herokuapp.com/]. @30-04-2021 02:00:07.0642 A

################################################################################################################################################
Starting Execution:	[21 out of 137] test cases in the current suite
Test Method:		[testPackage01.Test_NewValidationHelper.f10]
################################################################################################################################################
[ReportManager] AssertElementExists FAILED; Expected [Element Should Exist, locator 'By.tagName: div'] and Actual [Element Exists but is not unique]. Comparison Type [EQUALS]. Validation Type [POSITIVE]. @30-04-2021 02:00:07.0961 AM
[ReportManager] Successfully created attachment [Screenshot - 1619748007868_f10_AssertElementExists_failed] @30-04-2021 02:00:07.0962 A
[ReportManager] Successfully created attachment [Selenium WebDriver Logs - server] @30-04-2021 02:00:07.0976 AM
[ReportManager] Successfully created attachment [Selenium WebDriver Logs - performance] @30-04-2021 02:00:07.0998 AM
[ReportManager] Successfully created attachment [Selenium WebDriver Logs - browser] @30-04-2021 02:00:08.0006 AM
[ReportManager] Successfully created attachment [Selenium WebDriver Logs - driver] @30-04-2021 02:00:08.0085 AM
[ReportManager] Successfully Closed All Drivers. @30-04-2021 02:00:08.0168 A
[ReportManager] File Action [getAbsolutePath] successfully performed. With the following test data [Relative Folder Path: "target/downloadedFiles/"]. @30-04-2021 02:00:08.0171 AM
[ReportManager] Attempting to run remotely on: [Linux-64], [GoogleChrome], [http://localhost:4444/wd/hub], Headless Execution. @30-04-2021 02:00:08.0171 AM
[ReportManager] Successfully Opened [GoogleChrome]. @30-04-2021 02:00:08.0410 AM
[ReportManager] Target URL: [https://the-internet.herokuapp.com/] @30-04-2021 02:00:08.0423 AM
[ReportManager] Initial URL: [data:,] @30-04-2021 02:00:08.0484 AM
[ReportManager] Browser Action [navigateToURL] successfully performed. With the following test data [https://the-internet.herokuapp.com/]. @30-04-2021 02:00:08.0966 A

################################################################################################################################################
Starting Execution:	[22 out of 137] test cases in the current suite
Test Method:		[testPackage01.Test_NewValidationHelper.f11]
################################################################################################################################################
[ReportManager] Checking that false tag doesn't exist... @30-04-2021 02:00:08.0974 AM
[ReportManager] AssertElementExists PASSED; Expected [Element Should not Exist, locator 'By.tagName: h3'] and Actual [Element Doesn't Exists]. Comparison Type [EQUALS]. Validation Type [NEGATIVE]. @30-04-2021 02:00:19.0395 AM
[ReportManager] Successfully created attachment [Screenshot - 1619748019317_f11_AssertElementExists_passed] @30-04-2021 02:00:19.0396 A
[ReportManager] Successfully created attachment [Selenium WebDriver Logs - server] @30-04-2021 02:00:19.0413 AM
[ReportManager] Successfully created attachment [Selenium WebDriver Logs - performance] @30-04-2021 02:00:19.0436 AM
[ReportManager] Successfully created attachment [Selenium WebDriver Logs - browser] @30-04-2021 02:00:19.0446 AM
[ReportManager] Successfully created attachment [Selenium WebDriver Logs - driver] @30-04-2021 02:00:19.0510 AM
[ReportManager] Successfully Closed All Drivers. @30-04-2021 02:00:19.0590 A
[ReportManager] File Action [getAbsolutePath] successfully performed. With the following test data [Relative Folder Path: "target/downloadedFiles/"]. @30-04-2021 02:00:19.0595 AM
[ReportManager] Attempting to run remotely on: [Linux-64], [GoogleChrome], [http://localhost:4444/wd/hub], Headless Execution. @30-04-2021 02:00:19.0596 AM
[ReportManager] Successfully Opened [GoogleChrome]. @30-04-2021 02:00:19.0843 AM
[ReportManager] Target URL: [https://the-internet.herokuapp.com/] @30-04-2021 02:00:19.0856 AM
[ReportManager] Initial URL: [data:,] @30-04-2021 02:00:19.0898 AM
[ReportManager] Browser Action [navigateToURL] successfully performed. With the following test data [https://the-internet.herokuapp.com/]. @30-04-2021 02:00:20.0353 A

################################################################################################################################################
Starting Execution:	[23 out of 137] test cases in the current suite
Test Method:		[testPackage01.Test_NewValidationHelper.f12]
################################################################################################################################################
[ReportManager] Loaded Shared OpenCV @30-04-2021 02:00:20.0577 AM
[ReportManager] AssertElementExists FAILED; Expected [Element Should not Exist, locator 'By.tagName: h1'] and Actual [Element Exists]. Comparison Type [EQUALS]. Validation Type [NEGATIVE]. @30-04-2021 02:00:20.0677 AM
[ReportManager] Successfully created attachment [Screenshot - 1619748020577_f12_AssertElementExists_failed] @30-04-2021 02:00:20.0679 A
[ReportManager] Successfully created attachment [Selenium WebDriver Logs - server] @30-04-2021 02:00:20.0693 AM
[ReportManager] Successfully created attachment [Selenium WebDriver Logs - performance] @30-04-2021 02:00:20.0713 AM
[ReportManager] Successfully created attachment [Selenium WebDriver Logs - browser] @30-04-2021 02:00:20.0719 AM
[ReportManager] Successfully created attachment [Selenium WebDriver Logs - driver] @30-04-2021 02:00:20.0780 AM
[ReportManager] Successfully Closed All Drivers. @30-04-2021 02:00:20.0898 A
[ReportManager] File Action [getAbsolutePath] successfully performed. With the following test data [Relative Folder Path: "target/downloadedFiles/"]. @30-04-2021 02:00:20.0900 AM
[ReportManager] Attempting to run remotely on: [Linux-64], [GoogleChrome], [http://localhost:4444/wd/hub], Headless Execution. @30-04-2021 02:00:20.0901 AM
[ReportManager] Successfully Opened [GoogleChrome]. @30-04-2021 02:00:21.0106 AM
[ReportManager] Target URL: [https://the-internet.herokuapp.com/] @30-04-2021 02:00:21.0119 AM
[ReportManager] Initial URL: [data:,] @30-04-2021 02:00:21.0170 AM
[ReportManager] Browser Action [navigateToURL] successfully performed. With the following test data [https://the-internet.herokuapp.com/]. @30-04-2021 02:00:21.0648 A

################################################################################################################################################
Starting Execution:	[24 out of 137] test cases in the current suite
Test Method:		[testPackage01.Test_NewValidationHelper.f13]
################################################################################################################################################
[ReportManager] AssertElementExists FAILED; Expected [Element Should not Exist, locator 'By.tagName: div'] and Actual [Element Exists but is not unique]. Comparison Type [EQUALS]. Validation Type [NEGATIVE]. @30-04-2021 02:00:21.0943 AM
[ReportManager] Successfully created attachment [Screenshot - 1619748021875_f13_AssertElementExists_failed] @30-04-2021 02:00:21.0944 A
[ReportManager] Successfully created attachment [Selenium WebDriver Logs - server] @30-04-2021 02:00:21.0963 AM
[ReportManager] Successfully created attachment [Selenium WebDriver Logs - performance] @30-04-2021 02:00:21.0984 AM
[ReportManager] Successfully created attachment [Selenium WebDriver Logs - browser] @30-04-2021 02:00:21.0991 AM
[ReportManager] Successfully created attachment [Selenium WebDriver Logs - driver] @30-04-2021 02:00:22.0054 AM
[ReportManager] Successfully Closed All Drivers. @30-04-2021 02:00:22.0130 A
[ReportManager] File Action [getAbsolutePath] successfully performed. With the following test data [Relative Folder Path: "target/downloadedFiles/"]. @30-04-2021 02:00:22.0132 AM
[ReportManager] Attempting to run remotely on: [Linux-64], [GoogleChrome], [http://localhost:4444/wd/hub], Headless Execution. @30-04-2021 02:00:22.0132 AM
[ReportManager] Successfully Opened [GoogleChrome]. @30-04-2021 02:00:22.0370 AM
[ReportManager] Target URL: [https://the-internet.herokuapp.com/] @30-04-2021 02:00:22.0382 AM
[ReportManager] Initial URL: [data:,] @30-04-2021 02:00:22.0425 AM
[ReportManager] Browser Action [navigateToURL] successfully performed. With the following test data [https://the-internet.herokuapp.com/]. @30-04-2021 02:00:22.0870 A

################################################################################################################################################
Starting Execution:	[25 out of 137] test cases in the current suite
Test Method:		[testPackage01.Test_NewValidationHelper.f14]
################################################################################################################################################
[ReportManager] Asserting that the header text is correct... @30-04-2021 02:00:22.0877 AM
[ReportManager] Element Action [getText] successfully performed. With the following test data [Welcome to the-internet]. @30-04-2021 02:00:22.0963 AM
[ReportManager] Loaded Shared OpenCV @30-04-2021 02:00:23.0112 AM
[ReportManager] AssertElementAttribute PASSED; Expected [Value Should be 'Welcome to the-internet' for the 'text' attribute, element locator 'By.tagName: h1'] and Actual [Welcome to the-internet]. Comparison Type [EQUALS]. Validation Type [POSITIVE]. @30-04-2021 02:00:23.0200 AM
[ReportManager] Successfully created attachment [Screenshot - 1619748023112_f14_AssertElementAttribute_passed] @30-04-2021 02:00:23.0201 A
[ReportManager] Successfully created attachment [Selenium WebDriver Logs - server] @30-04-2021 02:00:23.0213 AM
[ReportManager] Successfully created attachment [Selenium WebDriver Logs - performance] @30-04-2021 02:00:23.0235 AM
[ReportManager] Successfully created attachment [Selenium WebDriver Logs - browser] @30-04-2021 02:00:23.0241 AM
[ReportManager] Successfully created attachment [Selenium WebDriver Logs - driver] @30-04-2021 02:00:23.0300 AM
[ReportManager] Successfully Closed All Drivers. @30-04-2021 02:00:23.0377 A
[ReportManager] File Action [getAbsolutePath] successfully performed. With the following test data [Relative Folder Path: "target/downloadedFiles/"]. @30-04-2021 02:00:23.0380 AM
[ReportManager] Attempting to run remotely on: [Linux-64], [GoogleChrome], [http://localhost:4444/wd/hub], Headless Execution. @30-04-2021 02:00:23.0380 AM
[ReportManager] Successfully Opened [GoogleChrome]. @30-04-2021 02:00:23.0614 AM
[ReportManager] Target URL: [https://the-internet.herokuapp.com/] @30-04-2021 02:00:23.0633 AM
[ReportManager] Initial URL: [data:,] @30-04-2021 02:00:23.0688 AM
[ReportManager] Browser Action [navigateToURL] successfully performed. With the following test data [https://the-internet.herokuapp.com/]. @30-04-2021 02:00:24.0050 A

################################################################################################################################################
Starting Execution:	[26 out of 137] test cases in the current suite
Test Method:		[testPackage01.Test_NewValidationHelper.f15]
################################################################################################################################################
[ReportManager] Element Action [getText] successfully performed. With the following test data [Welcome to the-internet]. @30-04-2021 02:00:24.0146 AM
[ReportManager] Loaded Shared OpenCV @30-04-2021 02:00:24.0330 AM
[ReportManager] AssertElementAttribute FAILED; Expected [Value Should not be 'Welcome' for the 'text' attribute, element locator 'By.tagName: h1'] and Actual [Welcome to the-internet]. Comparison Type [CONTAINS]. Validation Type [NEGATIVE]. @30-04-2021 02:00:24.0417 AM
[ReportManager] Successfully created attachment [Screenshot - 1619748024330_f15_AssertElementAttribute_failed] @30-04-2021 02:00:24.0418 A
[ReportManager] Successfully created attachment [Selenium WebDriver Logs - server] @30-04-2021 02:00:24.0431 AM
[ReportManager] Successfully created attachment [Selenium WebDriver Logs - performance] @30-04-2021 02:00:24.0449 AM
[ReportManager] Successfully created attachment [Selenium WebDriver Logs - browser] @30-04-2021 02:00:24.0456 AM
[ReportManager] Successfully created attachment [Selenium WebDriver Logs - driver] @30-04-2021 02:00:24.0524 AM
[ReportManager] Successfully Closed All Drivers. @30-04-2021 02:00:24.0600 A
[ReportManager] File Action [getAbsolutePath] successfully performed. With the following test data [Relative Folder Path: "target/downloadedFiles/"]. @30-04-2021 02:00:24.0602 AM
[ReportManager] Attempting to run remotely on: [Linux-64], [GoogleChrome], [http://localhost:4444/wd/hub], Headless Execution. @30-04-2021 02:00:24.0602 AM
[ReportManager] Successfully Opened [GoogleChrome]. @30-04-2021 02:00:24.0828 AM
[ReportManager] Target URL: [https://the-internet.herokuapp.com/] @30-04-2021 02:00:24.0845 AM
[ReportManager] Initial URL: [data:,] @30-04-2021 02:00:24.0886 AM
[ReportManager] Browser Action [navigateToURL] successfully performed. With the following test data [https://the-internet.herokuapp.com/]. @30-04-2021 02:00:25.0319 A

################################################################################################################################################
Starting Execution:	[27 out of 137] test cases in the current suite
Test Method:		[testPackage01.Test_NewValidationHelper.f16]
################################################################################################################################################
[ReportManager] Element Action [identifyUniqueElement] failed. With the following test data [zero elements found matching this locator "By.tagName: h3".]. @30-04-2021 02:00:50.0914 AM
[ReportManager] Successfully created attachment [Screenshot - 1619748050843_f16_identifyUniqueElement_failed] @30-04-2021 02:00:50.0915 AM
[ReportManager] AssertElementAttribute FAILED; Expected [Value Should not be 'Welcome' for the 'text' attribute, element locator 'By.tagName: h3'] and Actual [Failed to read the desired element attribute]. Comparison Type [CONTAINS]. Validation Type [NEGATIVE]. @30-04-2021 02:00:50.0916 A
[ReportManager] Successfully created attachment [Selenium WebDriver Logs - server] @30-04-2021 02:00:50.0929 AM
[ReportManager] Successfully created attachment [Selenium WebDriver Logs - performance] @30-04-2021 02:00:50.0950 AM
[ReportManager] Successfully created attachment [Selenium WebDriver Logs - browser] @30-04-2021 02:00:50.0956 AM
[ReportManager] Successfully created attachment [Selenium WebDriver Logs - driver] @30-04-2021 02:00:51.0029 AM
[ReportManager] Successfully Closed All Drivers. @30-04-2021 02:00:51.0105 A
[ReportManager] File Action [getAbsolutePath] successfully performed. With the following test data [Relative Folder Path: "target/downloadedFiles/"]. @30-04-2021 02:00:51.0111 AM
[ReportManager] Attempting to run remotely on: [Linux-64], [GoogleChrome], [http://localhost:4444/wd/hub], Headless Execution. @30-04-2021 02:00:51.0111 AM
[ReportManager] Successfully Opened [GoogleChrome]. @30-04-2021 02:00:51.0343 AM
[ReportManager] Target URL: [https://the-internet.herokuapp.com/] @30-04-2021 02:00:51.0366 AM
[ReportManager] Initial URL: [data:,] @30-04-2021 02:00:51.0413 AM
[ReportManager] Browser Action [navigateToURL] successfully performed. With the following test data [https://the-internet.herokuapp.com/]. @30-04-2021 02:00:51.0821 A

################################################################################################################################################
Starting Execution:	[28 out of 137] test cases in the current suite
Test Method:		[testPackage01.Test_NewValidationHelper.f17]
################################################################################################################################################
[ReportManager] Attempting to getAttribute [text2] from elementLocator [By.tagName: h1]. @30-04-2021 02:00:51.0831 AM
[ReportManager] Element Action [getAttribute] successfully performed. @30-04-2021 02:00:51.0924 AM
[ReportManager] Loaded Shared OpenCV @30-04-2021 02:00:52.0107 AM
[ReportManager] AssertElementAttribute PASSED; Expected [Value Should not be 'Welcome' for the 'text2' attribute, element locator 'By.tagName: h1'] and Actual [null]. Comparison Type [CONTAINS]. Validation Type [NEGATIVE]. @30-04-2021 02:00:52.0200 AM
[ReportManager] Successfully created attachment [Screenshot - 1619748052107_f17_AssertElementAttribute_passed] @30-04-2021 02:00:52.0202 A
[ReportManager] Successfully created attachment [Selenium WebDriver Logs - server] @30-04-2021 02:00:52.0217 AM
[ReportManager] Successfully created attachment [Selenium WebDriver Logs - performance] @30-04-2021 02:00:52.0237 AM
[ReportManager] Successfully created attachment [Selenium WebDriver Logs - browser] @30-04-2021 02:00:52.0244 AM
[ReportManager] Successfully created attachment [Selenium WebDriver Logs - driver] @30-04-2021 02:00:52.0304 AM
[ReportManager] Successfully Closed All Drivers. @30-04-2021 02:00:52.0387 A
[ReportManager] File Action [getAbsolutePath] successfully performed. With the following test data [Relative Folder Path: "target/downloadedFiles/"]. @30-04-2021 02:00:52.0392 AM
[ReportManager] Attempting to run remotely on: [Linux-64], [GoogleChrome], [http://localhost:4444/wd/hub], Headless Execution. @30-04-2021 02:00:52.0392 AM
[ReportManager] Successfully Opened [GoogleChrome]. @30-04-2021 02:00:52.0632 AM
[ReportManager] Target URL: [https://the-internet.herokuapp.com/] @30-04-2021 02:00:52.0644 AM
[ReportManager] Initial URL: [data:,] @30-04-2021 02:00:52.0689 AM
[ReportManager] Browser Action [navigateToURL] successfully performed. With the following test data [https://the-internet.herokuapp.com/]. @30-04-2021 02:00:53.0149 A

################################################################################################################################################
Starting Execution:	[29 out of 137] test cases in the current suite
Test Method:		[testPackage01.Test_NewValidationHelper.f18]
################################################################################################################################################
[ReportManager] Element Action [getText] successfully performed. With the following test data [Welcome to the-internet]. @30-04-2021 02:00:53.0254 AM
[ReportManager] Loaded Shared OpenCV @30-04-2021 02:00:53.0444 AM
[ReportManager] AssertElementAttribute PASSED; Expected [Value Should not be 'no' for the 'text' attribute, element locator 'By.tagName: h1'] and Actual [Welcome to the-internet]. Comparison Type [CONTAINS]. Validation Type [NEGATIVE]. @30-04-2021 02:00:53.0534 AM
[ReportManager] Successfully created attachment [Screenshot - 1619748053444_f18_AssertElementAttribute_passed] @30-04-2021 02:00:53.0535 A
[ReportManager] Successfully created attachment [Selenium WebDriver Logs - server] @30-04-2021 02:00:53.0557 AM
[ReportManager] Successfully created attachment [Selenium WebDriver Logs - performance] @30-04-2021 02:00:53.0589 AM
[ReportManager] Successfully created attachment [Selenium WebDriver Logs - browser] @30-04-2021 02:00:53.0596 AM
[ReportManager] Successfully created attachment [Selenium WebDriver Logs - driver] @30-04-2021 02:00:53.0675 AM
[ReportManager] Successfully Closed All Drivers. @30-04-2021 02:00:53.0757 A
[ReportManager] File Action [getAbsolutePath] successfully performed. With the following test data [Relative Folder Path: "target/downloadedFiles/"]. @30-04-2021 02:00:53.0762 AM
[ReportManager] Attempting to run remotely on: [Linux-64], [GoogleChrome], [http://localhost:4444/wd/hub], Headless Execution. @30-04-2021 02:00:53.0763 AM
[ReportManager] Successfully Opened [GoogleChrome]. @30-04-2021 02:00:54.0080 AM
[ReportManager] Target URL: [https://the-internet.herokuapp.com/] @30-04-2021 02:00:54.0092 AM
[ReportManager] Initial URL: [data:,] @30-04-2021 02:00:54.0132 AM
[ReportManager] Browser Action [navigateToURL] successfully performed. With the following test data [https://the-internet.herokuapp.com/]. @30-04-2021 02:00:54.0589 A

################################################################################################################################################
Starting Execution:	[30 out of 137] test cases in the current suite
Test Method:		[testPackage01.Test_NewValidationHelper.f19]
################################################################################################################################################
[ReportManager] Element Action [getTagName] successfully performed. With the following test data [h1]. @30-04-2021 02:00:54.0675 AM
[ReportManager] Loaded Shared OpenCV @30-04-2021 02:00:54.0847 AM
[ReportManager] AssertElementAttribute PASSED; Expected [Value Should be 'h' for the 'tagname' attribute, element locator 'By.tagName: h1'] and Actual [h1]. Comparison Type [CONTAINS]. Validation Type [POSITIVE]. @30-04-2021 02:00:54.0935 AM
[ReportManager] Successfully created attachment [Screenshot - 1619748054847_f19_AssertElementAttribute_passed] @30-04-2021 02:00:54.0936 A
[ReportManager] Successfully created attachment [Selenium WebDriver Logs - server] @30-04-2021 02:00:54.0955 AM
[ReportManager] Successfully created attachment [Selenium WebDriver Logs - performance] @30-04-2021 02:00:54.0979 AM
[ReportManager] Successfully created attachment [Selenium WebDriver Logs - browser] @30-04-2021 02:00:54.0986 AM
[ReportManager] Successfully created attachment [Selenium WebDriver Logs - driver] @30-04-2021 02:00:55.0043 AM
[ReportManager] Successfully Closed All Drivers. @30-04-2021 02:00:55.0120 A

################################################################################################################################################
Starting Execution:	[31 out of 137] test cases in the current suite
Test Method:		[testPackage01.Test_NewValidationHelper.f2]
################################################################################################################################################
[ReportManager] Checking valid user data... @30-04-2021 02:00:55.0123 AM
[ReportManager] AssertEquals FAILED; Expected [1] and Actual [2]. Comparison Type [EQUALS]. Validation Type [POSITIVE]. @30-04-2021 02:00:55.0125 A
[ReportManager] File Action [getAbsolutePath] successfully performed. With the following test data [Relative Folder Path: "target/downloadedFiles/"]. @30-04-2021 02:00:55.0133 AM
[ReportManager] Attempting to run remotely on: [Linux-64], [GoogleChrome], [http://localhost:4444/wd/hub], Headless Execution. @30-04-2021 02:00:55.0133 AM
[ReportManager] Successfully Opened [GoogleChrome]. @30-04-2021 02:00:55.0384 AM
[ReportManager] Target URL: [https://the-internet.herokuapp.com/] @30-04-2021 02:00:55.0395 AM
[ReportManager] Initial URL: [data:,] @30-04-2021 02:00:55.0440 AM
[ReportManager] Browser Action [navigateToURL] successfully performed. With the following test data [https://the-internet.herokuapp.com/]. @30-04-2021 02:00:55.0919 A

################################################################################################################################################
Starting Execution:	[32 out of 137] test cases in the current suite
Test Method:		[testPackage01.Test_NewValidationHelper.f20]
################################################################################################################################################
[ReportManager] Element Action [getSize] successfully performed. With the following test data [(755, 61)]. @30-04-2021 02:00:56.0011 AM
[ReportManager] Loaded Shared OpenCV @30-04-2021 02:00:56.0161 AM
[ReportManager] AssertElementAttribute PASSED; Expected [Value Should not be 'a' for the 'size' attribute, element locator 'By.tagName: h1'] and Actual [(755, 61)]. Comparison Type [CONTAINS]. Validation Type [NEGATIVE]. @30-04-2021 02:00:56.0269 AM
[ReportManager] Successfully created attachment [Screenshot - 1619748056161_f20_AssertElementAttribute_passed] @30-04-2021 02:00:56.0270 A
[ReportManager] Successfully created attachment [Selenium WebDriver Logs - server] @30-04-2021 02:00:56.0294 AM
[ReportManager] Successfully created attachment [Selenium WebDriver Logs - performance] @30-04-2021 02:00:56.0315 AM
[ReportManager] Successfully created attachment [Selenium WebDriver Logs - browser] @30-04-2021 02:00:56.0329 AM
[ReportManager] Successfully created attachment [Selenium WebDriver Logs - driver] @30-04-2021 02:00:56.0394 AM
[ReportManager] Successfully Closed All Drivers. @30-04-2021 02:00:56.0500 A
[ReportManager] File Action [getAbsolutePath] successfully performed. With the following test data [Relative Folder Path: "target/downloadedFiles/"]. @30-04-2021 02:00:56.0502 AM
[ReportManager] Attempting to run remotely on: [Linux-64], [GoogleChrome], [http://localhost:4444/wd/hub], Headless Execution. @30-04-2021 02:00:56.0502 AM
[ReportManager] Successfully Opened [GoogleChrome]. @30-04-2021 02:00:56.0796 AM
[ReportManager] Target URL: [https://the-internet.herokuapp.com/] @30-04-2021 02:00:56.0828 AM
[ReportManager] Initial URL: [data:,] @30-04-2021 02:00:56.0896 AM
[ReportManager] Browser Action [navigateToURL] successfully performed. With the following test data [https://the-internet.herokuapp.com/]. @30-04-2021 02:00:57.0347 A

################################################################################################################################################
Starting Execution:	[33 out of 137] test cases in the current suite
Test Method:		[testPackage01.Test_NewValidationHelper.f21]
################################################################################################################################################
[ReportManager] Element Action [identifyUniqueElement] failed. With the following test data [zero elements found matching this locator "By.tagName: h3".]. @30-04-2021 02:01:22.0989 AM
[ReportManager] Successfully created attachment [Screenshot - 1619748082916_f21_identifyUniqueElement_failed] @30-04-2021 02:01:22.0989 AM
[ReportManager] AssertElementAttribute FAILED; Expected [Value Should be 'Welcome' for the 'text' attribute, element locator 'By.tagName: h3'] and Actual [Failed to read the desired element attribute]. Comparison Type [CONTAINS]. Validation Type [POSITIVE]. @30-04-2021 02:01:22.0990 A
[ReportManager] Successfully created attachment [Selenium WebDriver Logs - server] @30-04-2021 02:01:23.0013 AM
[ReportManager] Successfully created attachment [Selenium WebDriver Logs - performance] @30-04-2021 02:01:23.0037 AM
[ReportManager] Successfully created attachment [Selenium WebDriver Logs - browser] @30-04-2021 02:01:23.0045 AM
[ReportManager] Successfully created attachment [Selenium WebDriver Logs - driver] @30-04-2021 02:01:23.0127 AM
[ReportManager] Successfully Closed All Drivers. @30-04-2021 02:01:23.0203 A
[ReportManager] File Action [getAbsolutePath] successfully performed. With the following test data [Relative Folder Path: "target/downloadedFiles/"]. @30-04-2021 02:01:23.0205 AM
[ReportManager] Attempting to run remotely on: [Linux-64], [GoogleChrome], [http://localhost:4444/wd/hub], Headless Execution. @30-04-2021 02:01:23.0205 AM
[ReportManager] Successfully Opened [GoogleChrome]. @30-04-2021 02:01:23.0411 AM
[ReportManager] Target URL: [https://the-internet.herokuapp.com/] @30-04-2021 02:01:23.0425 AM
[ReportManager] Initial URL: [data:,] @30-04-2021 02:01:23.0473 AM
[ReportManager] Browser Action [navigateToURL] successfully performed. With the following test data [https://the-internet.herokuapp.com/]. @30-04-2021 02:01:23.0984 A

################################################################################################################################################
Starting Execution:	[34 out of 137] test cases in the current suite
Test Method:		[testPackage01.Test_NewValidationHelper.f22]
################################################################################################################################################
[ReportManager] Element Action [getText] successfully performed. With the following test data [Welcome to the-internet]. @30-04-2021 02:01:24.0072 AM
[ReportManager] Loaded Shared OpenCV @30-04-2021 02:01:24.0243 AM
[ReportManager] AssertElementAttribute FAILED; Expected [Value Should be 'yyy' for the 'text' attribute, element locator 'By.tagName: h1'] and Actual [Welcome to the-internet]. Comparison Type [CONTAINS]. Validation Type [POSITIVE]. @30-04-2021 02:01:24.0331 AM
[ReportManager] Successfully created attachment [Screenshot - 1619748084243_f22_AssertElementAttribute_failed] @30-04-2021 02:01:24.0332 A
[ReportManager] Successfully created attachment [Selenium WebDriver Logs - server] @30-04-2021 02:01:24.0346 AM
[ReportManager] Successfully created attachment [Selenium WebDriver Logs - performance] @30-04-2021 02:01:24.0368 AM
[ReportManager] Successfully created attachment [Selenium WebDriver Logs - browser] @30-04-2021 02:01:24.0375 AM
[ReportManager] Successfully created attachment [Selenium WebDriver Logs - driver] @30-04-2021 02:01:24.0437 AM
[ReportManager] Successfully Closed All Drivers. @30-04-2021 02:01:24.0511 A

################################################################################################################################################
Starting Execution:	[35 out of 137] test cases in the current suite
Test Method:		[testPackage01.Test_NewValidationHelper.f23]
################################################################################################################################################
[ReportManager] confirming that the actual is greater than or equal to the expected... @30-04-2021 02:01:24.0521 AM
[ReportManager] AssertComparativeRelation PASSED; Expected [1] and Actual [1]. Comparison Type [GREATER_THAN_OR_EQUALS]. Validation Type [POSITIVE]. @30-04-2021 02:01:24.0521 A

################################################################################################################################################
Starting Execution:	[36 out of 137] test cases in the current suite
Test Method:		[testPackage01.Test_NewValidationHelper.f24]
################################################################################################################################################
[ReportManager] AssertComparativeRelation PASSED; Expected [1] and Actual [10]. Comparison Type [GREATER_THAN_OR_EQUALS]. Validation Type [POSITIVE]. @30-04-2021 02:01:24.0524 A

################################################################################################################################################
Starting Execution:	[37 out of 137] test cases in the current suite
Test Method:		[testPackage01.Test_NewValidationHelper.f25]
################################################################################################################################################
[ReportManager] AssertComparativeRelation PASSED; Expected [1] and Actual [1]. Comparison Type [EQUALS]. Validation Type [POSITIVE]. @30-04-2021 02:01:24.0529 A

################################################################################################################################################
Starting Execution:	[38 out of 137] test cases in the current suite
Test Method:		[testPackage01.Test_NewValidationHelper.f26]
################################################################################################################################################
[ReportManager] AssertComparativeRelation PASSED; Expected [1] and Actual [5]. Comparison Type [GREATER_THAN]. Validation Type [POSITIVE]. @30-04-2021 02:01:24.0533 A

################################################################################################################################################
Starting Execution:	[39 out of 137] test cases in the current suite
Test Method:		[testPackage01.Test_NewValidationHelper.f27]
################################################################################################################################################
[ReportManager] AssertComparativeRelation PASSED; Expected [11] and Actual [5]. Comparison Type [LESS_THAN]. Validation Type [POSITIVE]. @30-04-2021 02:01:24.0536 A

################################################################################################################################################
Starting Execution:	[40 out of 137] test cases in the current suite
Test Method:		[testPackage01.Test_NewValidationHelper.f28]
################################################################################################################################################
[ReportManager] AssertComparativeRelation PASSED; Expected [11] and Actual [5]. Comparison Type [LESS_THAN_OR_EQUALS]. Validation Type [POSITIVE]. @30-04-2021 02:01:24.0539 A

################################################################################################################################################
Starting Execution:	[41 out of 137] test cases in the current suite
Test Method:		[testPackage01.Test_NewValidationHelper.f29]
################################################################################################################################################
[ReportManager] AssertComparativeRelation PASSED; Expected [11] and Actual [11]. Comparison Type [LESS_THAN_OR_EQUALS]. Validation Type [POSITIVE]. @30-04-2021 02:01:24.0542 A

################################################################################################################################################
Starting Execution:	[42 out of 137] test cases in the current suite
Test Method:		[testPackage01.Test_NewValidationHelper.f3]
################################################################################################################################################
[ReportManager] AssertEquals PASSED; Expected [1] and Actual [2]. Comparison Type [EQUALS]. Validation Type [NEGATIVE]. @30-04-2021 02:01:24.0545 A

################################################################################################################################################
Starting Execution:	[43 out of 137] test cases in the current suite
Test Method:		[testPackage01.Test_NewValidationHelper.f30]
################################################################################################################################################
[ReportManager] AssertComparativeRelation FAILED; Expected [-9] and Actual [11]. Comparison Type [LESS_THAN_OR_EQUALS]. Validation Type [POSITIVE]. @30-04-2021 02:01:24.0548 A

################################################################################################################################################
Starting Execution:	[44 out of 137] test cases in the current suite
Test Method:		[testPackage01.Test_NewValidationHelper.f31]
################################################################################################################################################
[ReportManager] AssertTrue PASSED; Expected [TRUE] and Actual [TRUE]. Validation Type [POSITIVE]. @30-04-2021 02:01:24.0551 A

################################################################################################################################################
Starting Execution:	[45 out of 137] test cases in the current suite
Test Method:		[testPackage01.Test_NewValidationHelper.f32]
################################################################################################################################################
[ReportManager] AssertTrue PASSED; Expected [FALSE] and Actual [FALSE]. Validation Type [NEGATIVE]. @30-04-2021 02:01:24.0554 A

################################################################################################################################################
Starting Execution:	[46 out of 137] test cases in the current suite
Test Method:		[testPackage01.Test_NewValidationHelper.f33]
################################################################################################################################################
[ReportManager] AssertTrue FAILED; Expected [FALSE] and Actual [TRUE]. Validation Type [NEGATIVE]. @30-04-2021 02:01:24.0557 A

################################################################################################################################################
Starting Execution:	[47 out of 137] test cases in the current suite
Test Method:		[testPackage01.Test_NewValidationHelper.f34]
################################################################################################################################################
[ReportManager] AssertTrue FAILED; Expected [TRUE] and Actual [FALSE]. Validation Type [POSITIVE]. @30-04-2021 02:01:24.0560 A

################################################################################################################################################
Starting Execution:	[48 out of 137] test cases in the current suite
Test Method:		[testPackage01.Test_NewValidationHelper.f35]
################################################################################################################################################
[ReportManager] File Action [doesFileExist] successfully performed. With the following test data [File Path: "pom.xml"]. @30-04-2021 02:01:24.0563 AM
[ReportManager] AssertFileExists PASSED; Expected [File 'pom.xml' should exist, after up to '1' retries] and Actual [File exists]. Validation Type [POSITIVE]. @30-04-2021 02:01:24.0568 A

################################################################################################################################################
Starting Execution:	[49 out of 137] test cases in the current suite
Test Method:		[testPackage01.Test_NewValidationHelper.f36]
################################################################################################################################################
[ReportManager] File Action [doesFileExist] successfully performed. With the following test data [File Path: "src/test/java/testPackage01/Test_NewValidationHelper.java"]. @30-04-2021 02:01:24.0577 AM
[ReportManager] AssertFileExists PASSED; Expected [File 'src/test/java/testPackage01/Test_NewValidationHelper.java' should exist, after up to '1' retries] and Actual [File exists]. Validation Type [POSITIVE]. @30-04-2021 02:01:24.0578 A

################################################################################################################################################
Starting Execution:	[50 out of 137] test cases in the current suite
Test Method:		[testPackage01.Test_NewValidationHelper.f37]
################################################################################################################################################
[ReportManager] confirming that the file does't exist after 5 retries... @30-04-2021 02:01:24.0587 AM
[ReportManager] File Action [doesFileExist] successfully performed. With the following test data [File Path: "pom.xml"]. @30-04-2021 02:01:24.0587 AM
[ReportManager] AssertFileExists FAILED; Expected [File 'pom.xml' should not exist, after up to '5' retries] and Actual [File exists]. Validation Type [NEGATIVE]. @30-04-2021 02:01:24.0588 A

################################################################################################################################################
Starting Execution:	[51 out of 137] test cases in the current suite
Test Method:		[testPackage01.Test_NewValidationHelper.f3_1]
################################################################################################################################################
[ReportManager] Checking valid user data... @30-04-2021 02:01:24.0594 AM
[ReportManager] AssertEquals PASSED; Expected [null] and Actual [null]. Comparison Type [EQUALS]. Validation Type [POSITIVE]. @30-04-2021 02:01:24.0594 A

################################################################################################################################################
Starting Execution:	[52 out of 137] test cases in the current suite
Test Method:		[testPackage01.Test_NewValidationHelper.f4]
################################################################################################################################################
[ReportManager] AssertEquals PASSED; Expected [1] and Actual [123]. Comparison Type [CONTAINS]. Validation Type [POSITIVE]. @30-04-2021 02:01:24.0599 A

################################################################################################################################################
Starting Execution:	[53 out of 137] test cases in the current suite
Test Method:		[testPackage01.Test_NewValidationHelper.f5]
################################################################################################################################################
[ReportManager] AssertNull PASSED; Expected [NULL] and Actual [1]. Comparison Type [EQUALS]. Validation Type [NEGATIVE]. @30-04-2021 02:01:24.0604 A

################################################################################################################################################
Starting Execution:	[54 out of 137] test cases in the current suite
Test Method:		[testPackage01.Test_NewValidationHelper.f6]
################################################################################################################################################
[ReportManager] Making sure that null string is not equal to null object... @30-04-2021 02:01:24.0607 AM
[ReportManager] AssertNull FAILED; Expected [NULL] and Actual [NULL]. Comparison Type [EQUALS]. Validation Type [POSITIVE]. @30-04-2021 02:01:24.0607 A

################################################################################################################################################
Starting Execution:	[55 out of 137] test cases in the current suite
Test Method:		[testPackage01.Test_NewValidationHelper.f6_1]
################################################################################################################################################
[ReportManager] AssertNull FAILED; Expected [NULL] and Actual [NULL]. Comparison Type [EQUALS]. Validation Type [NEGATIVE]. @30-04-2021 02:01:24.0612 A

################################################################################################################################################
Starting Execution:	[56 out of 137] test cases in the current suite
Test Method:		[testPackage01.Test_NewValidationHelper.f6_2]
################################################################################################################################################
[ReportManager] Making sure that null string is not equal to null object... @30-04-2021 02:01:24.0615 AM
[ReportManager] AssertNull FAILED; Expected [NULL] and Actual [not null]. Comparison Type [EQUALS]. Validation Type [POSITIVE]. @30-04-2021 02:01:24.0615 A

################################################################################################################################################
Starting Execution:	[57 out of 137] test cases in the current suite
Test Method:		[testPackage01.Test_NewValidationHelper.f7]
################################################################################################################################################
[ReportManager] AssertNull PASSED; Expected [NULL] and Actual [NULL]. Comparison Type [EQUALS]. Validation Type [POSITIVE]. @30-04-2021 02:01:24.0618 A
[ReportManager] File Action [getAbsolutePath] successfully performed. With the following test data [Relative Folder Path: "target/downloadedFiles/"]. @30-04-2021 02:01:24.0621 AM
[ReportManager] Attempting to run remotely on: [Linux-64], [GoogleChrome], [http://localhost:4444/wd/hub], Headless Execution. @30-04-2021 02:01:24.0621 AM
[ReportManager] Successfully Opened [GoogleChrome]. @30-04-2021 02:01:24.0849 AM
[ReportManager] Target URL: [https://the-internet.herokuapp.com/] @30-04-2021 02:01:24.0863 AM
[ReportManager] Initial URL: [data:,] @30-04-2021 02:01:24.0911 AM
[ReportManager] Browser Action [navigateToURL] successfully performed. With the following test data [https://the-internet.herokuapp.com/]. @30-04-2021 02:01:25.0374 A

################################################################################################################################################
Starting Execution:	[58 out of 137] test cases in the current suite
Test Method:		[testPackage01.Test_NewValidationHelper.f8]
################################################################################################################################################
[ReportManager] Loaded Shared OpenCV @30-04-2021 02:01:25.0594 AM
[ReportManager] AssertElementExists PASSED; Expected [Element Should Exist, locator 'By.tagName: h1'] and Actual [Element Exists]. Comparison Type [EQUALS]. Validation Type [POSITIVE]. @30-04-2021 02:01:25.0690 AM
[ReportManager] Successfully created attachment [Screenshot - 1619748085594_f8_AssertElementExists_passed] @30-04-2021 02:01:25.0691 A
[ReportManager] Successfully created attachment [Selenium WebDriver Logs - server] @30-04-2021 02:01:25.0705 AM
[ReportManager] Successfully created attachment [Selenium WebDriver Logs - performance] @30-04-2021 02:01:25.0730 AM
[ReportManager] Successfully created attachment [Selenium WebDriver Logs - browser] @30-04-2021 02:01:25.0736 AM
[ReportManager] Successfully created attachment [Selenium WebDriver Logs - driver] @30-04-2021 02:01:25.0803 AM
[ReportManager] Successfully Closed All Drivers. @30-04-2021 02:01:25.0878 A
[ReportManager] File Action [getAbsolutePath] successfully performed. With the following test data [Relative Folder Path: "target/downloadedFiles/"]. @30-04-2021 02:01:25.0880 AM
[ReportManager] Attempting to run remotely on: [Linux-64], [GoogleChrome], [http://localhost:4444/wd/hub], Headless Execution. @30-04-2021 02:01:25.0880 AM
[ReportManager] Successfully Opened [GoogleChrome]. @30-04-2021 02:01:26.0113 AM
[ReportManager] Target URL: [https://the-internet.herokuapp.com/] @30-04-2021 02:01:26.0124 AM
[ReportManager] Initial URL: [data:,] @30-04-2021 02:01:26.0178 AM
[ReportManager] Browser Action [navigateToURL] successfully performed. With the following test data [https://the-internet.herokuapp.com/]. @30-04-2021 02:01:26.0566 A

################################################################################################################################################
Starting Execution:	[59 out of 137] test cases in the current suite
Test Method:		[testPackage01.Test_NewValidationHelper.f9]
################################################################################################################################################
[ReportManager] AssertElementExists FAILED; Expected [Element Should Exist, locator 'By.tagName: h3'] and Actual [Element Doesn't Exists]. Comparison Type [EQUALS]. Validation Type [POSITIVE]. @30-04-2021 02:01:57.0293 AM
[ReportManager] Successfully created attachment [Screenshot - 1619748117224_f9_AssertElementExists_failed] @30-04-2021 02:01:57.0294 A
[ReportManager] Successfully created attachment [Selenium WebDriver Logs - server] @30-04-2021 02:01:57.0309 AM
[ReportManager] Successfully created attachment [Selenium WebDriver Logs - performance] @30-04-2021 02:01:57.0328 AM
[ReportManager] Successfully created attachment [Selenium WebDriver Logs - browser] @30-04-2021 02:01:57.0334 AM
[ReportManager] Successfully created attachment [Selenium WebDriver Logs - driver] @30-04-2021 02:01:57.0418 AM
[ReportManager] Successfully Closed All Drivers. @30-04-2021 02:01:57.0496 A

################################################################################################################################################
Starting Execution:	[60 out of 137] test cases in the current suite
Test Method:		[testPackage01.Test_NewValidationHelper.forceFail]
################################################################################################################################################
[ReportManager] AssertFail FAILED; Expected [null] and Actual [null]. @30-04-2021 02:01:57.0501 A

################################################################################################################################################
Starting Execution:	[61 out of 137] test cases in the current suite
Test Method:		[testPackage01.Test_NewValidationHelper.forceFail2]
################################################################################################################################################
[ReportManager] Custom Message... @30-04-2021 02:01:57.0507 AM
[ReportManager] AssertFail FAILED; Expected [null] and Actual [null]. @30-04-2021 02:01:57.0507 A
[ReportManager] Successfully loaded the following test data file [src/test/resources/TestDataFiles/testSuite01/TestData.xlsx]. @30-04-2021 02:01:58.0394 AM
[ReportManager] Successfully created attachment [Test Data - Excel] @30-04-2021 02:01:58.0395 AM
[ReportManager] File Action [getAbsolutePath] successfully performed. With the following test data [Relative Folder Path: "target/downloadedFiles/"]. @30-04-2021 02:01:58.0395 AM
[ReportManager] Attempting to run remotely on: [Linux-64], [GoogleChrome], [http://localhost:4444/wd/hub], Headless Execution. @30-04-2021 02:01:58.0395 AM
[ReportManager] Successfully Opened [GoogleChrome]. @30-04-2021 02:01:58.0724 A

################################################################################################################################################
Starting Execution:	[62 out of 137] test cases in the current suite
Test Method:		[testPackage01.Test_google.navigateToURLandVerifyGoogleLogoIsDisplayed]
Test Description:	[TC001 - Navigate to URL and Verify Google Logo is Displayed]
################################################################################################################################################
[ReportManager] Target URL: [https://www.google.com/ncr], and after redirection: [https://www.google.com] @30-04-2021 02:01:58.0777 AM
[ReportManager] Initial URL: [data:,] @30-04-2021 02:01:58.0837 AM
[ReportManager] Browser Action [navigateToURL] successfully performed. With the following test data [https://www.google.com/ncr]. @30-04-2021 02:01:59.0872 AM
[ReportManager] Loaded Shared OpenCV @30-04-2021 02:02:00.0083 AM
[ReportManager] AssertElementExists PASSED; Expected [Element Should Exist, locator 'By.xpath: //img[@id='hplogo' or @alt='Google']'] and Actual [Element Exists]. Comparison Type [EQUALS]. Validation Type [POSITIVE]. @30-04-2021 02:02:00.0165 AM
[ReportManager] Successfully created attachment [Screenshot - 1619748120083_navigateToURLandVerifyGoogleLogoIsDisplayed_AssertElementExists_passed] @30-04-2021 02:02:00.0166 A

################################################################################################################################################
Starting Execution:	[63 out of 137] test cases in the current suite
Test Method:		[testPackage01.Test_google.searchForQueryandAssertResultsNumDisplayed]
Test Description:	[TC002 - Search for Query and Assert that the number of results is displayed]
################################################################################################################################################
[ReportManager] Element Action [type] successfully performed. With the following test data [SHAFT_Engine]. @30-04-2021 02:02:00.0760 AM
[ReportManager] Element Action [keyPress] successfully performed. With the following test data [Enter]. @30-04-2021 02:02:01.0820 AM
[ReportManager] Element Action [getText] successfully performed. With the following test data [About 3,840,000 results (0.84 seconds) ]. @30-04-2021 02:02:01.0909 AM
[ReportManager] Loaded Shared OpenCV @30-04-2021 02:02:02.0121 AM
[ReportManager] AssertElementAttribute PASSED; Expected [Value Should not be '' for the 'Text' attribute, element locator 'By.id: appbar'] and Actual [About 3,840,000 results (0.84 seconds) ]. Comparison Type [EQUALS]. Validation Type [NEGATIVE]. @30-04-2021 02:02:02.0275 AM
[ReportManager] Successfully created attachment [Screenshot - 1619748122121_searchForQueryandAssertResultsNumDisplayed_AssertElementAttribute_passed] @30-04-2021 02:02:02.0277 A

################################################################################################################################################
Starting Execution:	[64 out of 137] test cases in the current suite
Test Method:		[testPackage01.Test_google.clickNextThrice]
Test Description:	[TC003 - Clicks the next button to make sure that the framework can scroll element into view before clicking it]
################################################################################################################################################
[ReportManager] Element Action [click] successfully performed. With the following test data [Next]. @30-04-2021 02:02:04.0326 A
[ReportManager] Successfully created attachment [Selenium WebDriver Logs - server] @30-04-2021 02:02:04.0497 AM
[ReportManager] Successfully created attachment [Selenium WebDriver Logs - performance] @30-04-2021 02:02:04.0751 AM
[ReportManager] Successfully created attachment [Selenium WebDriver Logs - driver] @30-04-2021 02:02:05.0104 AM
[ReportManager] Browser Action [closeCurrentWindow] successfully performed. @30-04-2021 02:02:05.0169 AM
[ReportManager] Successfully created attachment [Browser Action Test Data - closeCurrentWindow - Actual Value] @30-04-2021 02:02:05.0175 A

################################################################################################################################################
Starting Execution:	[65 out of 137] test cases in the current suite
Test Method:		[testPackage01.Test_testData.f]
################################################################################################################################################
[ReportManager] Successfully loaded the following test data file [src/test/resources/TestDataFiles/testSuite01/TestData.xlsx]. @30-04-2021 02:02:05.0250 AM
[ReportManager] Successfully created attachment [Test Data - Excel] @30-04-2021 02:02:05.0250 AM
[ReportManager] Last Column Number is: [3]. Zero-based. @30-04-2021 02:02:05.0251 A

################################################################################################################################################
Starting Execution:	[66 out of 137] test cases in the current suite
Test Method:		[testPackage01.Test_JsonActions.f]
###############################################################################################################################################

################################################################################################################################################
Starting Execution:	[67 out of 137] test cases in the current suite
Test Method:		[testPackage01.Test_JsonActions.f2]
###############################################################################################################################################

################################################################################################################################################
Starting Execution:	[68 out of 137] test cases in the current suite
Test Method:		[testPackage01.Test_JsonCompareWithSpecialCharacters.specialCharacters]
################################################################################################################################################
[ReportManager] File Action [getAbsolutePath] successfully performed. With the following test data [Relative Folder Path: "src/test/resources/TestJsonFiles/specialCharacters.json"]. @30-04-2021 02:02:05.0331 AM
[ReportManager] File Action [readFromFile] successfully performed. With the following test data [File Path: "/home/runner/work/SHAFT_ENGINE/SHAFT_ENGINE/src/test/resources/TestJsonFiles/specialCharacters.json"]. @30-04-2021 02:02:05.0336 AM
[ReportManager] Successfully created attachment [File Action Actual Result - Command Log] @30-04-2021 02:02:05.0336 AM
[ReportManager] Comparing the provided API response with the file at this path "src/test/resources/TestJsonFiles/specialCharacters.json", comparison type "EQUALS" @30-04-2021 02:02:05.0406 AM
[ReportManager] API Action [compareJSON] successfully performed. With the following test data [src/test/resources/TestJsonFiles/specialCharacters.json]. @30-04-2021 02:02:05.0486 AM
[ReportManager] File Action [getAbsolutePath] successfully performed. With the following test data [Relative Folder Path: "src/test/resources/TestJsonFiles/specialCharacters.json"]. @30-04-2021 02:02:05.0486 AM
[ReportManager] File Action [readFromFile] successfully performed. With the following test data [File Path: "/home/runner/work/SHAFT_ENGINE/SHAFT_ENGINE/src/test/resources/TestJsonFiles/specialCharacters.json"]. @30-04-2021 02:02:05.0486 AM
[ReportManager] VerifyJSONFileContent PASSED; Expected [Response data should match the JSON File in this path 'src/test/resources/TestJsonFiles/specialCharacters.json'] and Actual [TRUE]. Comparison Type [EQUALS]. Validation Type [POSITIVE]. @30-04-2021 02:02:05.0492 AM
[ReportManager] Successfully created attachment [Validation Test Data - Expected JSON Value] @30-04-2021 02:02:05.0493 AM
[ReportManager] Successfully created attachment [Validation Test Data - Actual JSON Value] @30-04-2021 02:02:05.0494 A

################################################################################################################################################
Starting Execution:	[69 out of 137] test cases in the current suite
Test Method:		[testPackage01.Test_JsonCompareWithSpecialCharacters.specialCharacters_assertion]
################################################################################################################################################
[ReportManager] File Action [getAbsolutePath] successfully performed. With the following test data [Relative Folder Path: "src/test/resources/TestJsonFiles/specialCharacters.json"]. @30-04-2021 02:02:05.0504 AM
[ReportManager] File Action [readFromFile] successfully performed. With the following test data [File Path: "/home/runner/work/SHAFT_ENGINE/SHAFT_ENGINE/src/test/resources/TestJsonFiles/specialCharacters.json"]. @30-04-2021 02:02:05.0505 AM
[ReportManager] Successfully created attachment [File Action Actual Result - Command Log] @30-04-2021 02:02:05.0505 AM
[ReportManager] trying out the log message... @30-04-2021 02:02:05.0506 AM
[ReportManager] Comparing the provided API response with the file at this path "src/test/resources/TestJsonFiles/specialCharacters.json", comparison type "CONTAINS" @30-04-2021 02:02:05.0506 AM
[ReportManager] API Action [compareJSON] successfully performed. With the following test data [src/test/resources/TestJsonFiles/specialCharacters.json]. @30-04-2021 02:02:05.0514 AM
[ReportManager] File Action [getAbsolutePath] successfully performed. With the following test data [Relative Folder Path: "src/test/resources/TestJsonFiles/specialCharacters.json"]. @30-04-2021 02:02:05.0515 AM
[ReportManager] File Action [readFromFile] successfully performed. With the following test data [File Path: "/home/runner/work/SHAFT_ENGINE/SHAFT_ENGINE/src/test/resources/TestJsonFiles/specialCharacters.json"]. @30-04-2021 02:02:05.0515 AM
[ReportManager] AssertJSONFileContent PASSED; Expected [Response data should match the JSON File in this path 'src/test/resources/TestJsonFiles/specialCharacters.json'] and Actual [TRUE]. Comparison Type [CONTAINS]. Validation Type [POSITIVE]. @30-04-2021 02:02:05.0520 AM
[ReportManager] Successfully created attachment [Validation Test Data - Expected JSON Value] @30-04-2021 02:02:05.0520 AM
[ReportManager] Successfully created attachment [Validation Test Data - Actual JSON Value] @30-04-2021 02:02:05.0521 A

################################################################################################################################################
Starting Execution:	[70 out of 137] test cases in the current suite
Test Method:		[unitTests.tests_validations_assertions.assertComparativeRelation_greaterThanOrEquals_false_equals_expectedToFail]
################################################################################################################################################
[ReportManager] AssertComparativeRelation FAILED; Expected [1] and Actual [1]. Comparison Type [GREATER_THAN_OR_EQUALS]. Validation Type [NEGATIVE]. @30-04-2021 02:02:05.0536 A

################################################################################################################################################
Starting Execution:	[71 out of 137] test cases in the current suite
Test Method:		[unitTests.tests_validations_assertions.assertComparativeRelation_greaterThanOrEquals_false_equals_expectedToPass]
################################################################################################################################################
[ReportManager] AssertComparativeRelation PASSED; Expected [2] and Actual [1]. Comparison Type [GREATER_THAN_OR_EQUALS]. Validation Type [NEGATIVE]. @30-04-2021 02:02:05.0542 A

################################################################################################################################################
Starting Execution:	[72 out of 137] test cases in the current suite
Test Method:		[unitTests.tests_validations_assertions.assertComparativeRelation_greaterThanOrEquals_false_greaterThan_expectedToFail]
################################################################################################################################################
[ReportManager] AssertComparativeRelation FAILED; Expected [1] and Actual [2]. Comparison Type [GREATER_THAN_OR_EQUALS]. Validation Type [NEGATIVE]. @30-04-2021 02:02:05.0546 A

################################################################################################################################################
Starting Execution:	[73 out of 137] test cases in the current suite
Test Method:		[unitTests.tests_validations_assertions.assertComparativeRelation_greaterThanOrEquals_false_greaterThan_expectedToPass]
################################################################################################################################################
[ReportManager] AssertComparativeRelation PASSED; Expected [2] and Actual [1]. Comparison Type [GREATER_THAN_OR_EQUALS]. Validation Type [NEGATIVE]. @30-04-2021 02:02:05.0551 A

################################################################################################################################################
Starting Execution:	[74 out of 137] test cases in the current suite
Test Method:		[unitTests.tests_validations_assertions.assertComparativeRelation_greaterThanOrEquals_true_equals_expectedToFail]
################################################################################################################################################
[ReportManager] AssertComparativeRelation FAILED; Expected [1] and Actual [0]. Comparison Type [GREATER_THAN_OR_EQUALS]. Validation Type [POSITIVE]. @30-04-2021 02:02:05.0556 A

################################################################################################################################################
Starting Execution:	[75 out of 137] test cases in the current suite
Test Method:		[unitTests.tests_validations_assertions.assertComparativeRelation_greaterThanOrEquals_true_equals_expectedToPass]
################################################################################################################################################
[ReportManager] AssertComparativeRelation PASSED; Expected [1] and Actual [1]. Comparison Type [GREATER_THAN_OR_EQUALS]. Validation Type [POSITIVE]. @30-04-2021 02:02:05.0561 A

################################################################################################################################################
Starting Execution:	[76 out of 137] test cases in the current suite
Test Method:		[unitTests.tests_validations_assertions.assertComparativeRelation_greaterThanOrEquals_true_greaterThan_expectedToFail]
################################################################################################################################################
[ReportManager] AssertComparativeRelation FAILED; Expected [2] and Actual [1]. Comparison Type [GREATER_THAN_OR_EQUALS]. Validation Type [POSITIVE]. @30-04-2021 02:02:05.0565 A

################################################################################################################################################
Starting Execution:	[77 out of 137] test cases in the current suite
Test Method:		[unitTests.tests_validations_assertions.assertComparativeRelation_greaterThanOrEquals_true_greaterThan_expectedToPass]
################################################################################################################################################
[ReportManager] AssertComparativeRelation PASSED; Expected [1] and Actual [2]. Comparison Type [GREATER_THAN_OR_EQUALS]. Validation Type [POSITIVE]. @30-04-2021 02:02:05.0570 A
[ReportManager] File Action [getAbsolutePath] successfully performed. With the following test data [Relative Folder Path: "target/downloadedFiles/"]. @30-04-2021 02:02:05.0574 AM
[ReportManager] Attempting to run remotely on: [Linux-64], [GoogleChrome], [http://localhost:4444/wd/hub], Headless Execution. @30-04-2021 02:02:05.0574 AM
[ReportManager] Successfully Opened [GoogleChrome]. @30-04-2021 02:02:05.0843 AM
[ReportManager] Target URL: [https://www.google.com/ncr], and after redirection: [www.google.com] @30-04-2021 02:02:05.0853 AM
[ReportManager] Initial URL: [data:,] @30-04-2021 02:02:05.0897 AM
[ReportManager] Browser Action [navigateToURL] successfully performed. With the following test data [https://www.google.com/ncr]. @30-04-2021 02:02:06.0779 A

################################################################################################################################################
Starting Execution:	[78 out of 137] test cases in the current suite
Test Method:		[unitTests.tests_validations_assertions.assertElementAttribute_false_caseInsensitiveComparison_expectedToFail]
################################################################################################################################################
[ReportManager] Element Action [type] successfully performed. With the following test data [AUTOMATION]. @30-04-2021 02:02:07.0320 AM
[ReportManager] Element Action [getText] successfully performed. With the following test data [AUTOMATION]. @30-04-2021 02:02:07.0442 AM
[ReportManager] Loaded Shared OpenCV @30-04-2021 02:02:07.0605 AM
[ReportManager] AssertElementAttribute FAILED; Expected [Value Should not be 'AutomaTion' for the 'text' attribute, element locator 'By.name: q'] and Actual [AUTOMATION]. Comparison Type [CASE_INSENSITIVE]. Validation Type [NEGATIVE]. @30-04-2021 02:02:07.0689 AM
[ReportManager] Successfully created attachment [Screenshot - 1619748127605_assertElementAttribute_false_caseInsensitiveComparison_expectedToFail_AssertElementAttribute_failed] @30-04-2021 02:02:07.0691 A
[ReportManager] Successfully created attachment [Selenium WebDriver Logs - server] @30-04-2021 02:02:07.0768 AM
[ReportManager] Successfully created attachment [Selenium WebDriver Logs - performance] @30-04-2021 02:02:07.0861 AM
[ReportManager] Successfully created attachment [Selenium WebDriver Logs - driver] @30-04-2021 02:02:07.0987 AM
[ReportManager] Browser Action [closeCurrentWindow] successfully performed. @30-04-2021 02:02:08.0044 AM
[ReportManager] Successfully created attachment [Browser Action Test Data - closeCurrentWindow - Actual Value] @30-04-2021 02:02:08.0045 A
[ReportManager] File Action [getAbsolutePath] successfully performed. With the following test data [Relative Folder Path: "target/downloadedFiles/"]. @30-04-2021 02:02:08.0048 AM
[ReportManager] Attempting to run remotely on: [Linux-64], [GoogleChrome], [http://localhost:4444/wd/hub], Headless Execution. @30-04-2021 02:02:08.0048 AM
[ReportManager] Successfully Opened [GoogleChrome]. @30-04-2021 02:02:08.0300 AM
[ReportManager] Target URL: [https://www.google.com/ncr], and after redirection: [www.google.com] @30-04-2021 02:02:08.0313 AM
[ReportManager] Initial URL: [data:,] @30-04-2021 02:02:08.0356 AM
[ReportManager] Browser Action [navigateToURL] successfully performed. With the following test data [https://www.google.com/ncr]. @30-04-2021 02:02:09.0233 A

################################################################################################################################################
Starting Execution:	[79 out of 137] test cases in the current suite
Test Method:		[unitTests.tests_validations_assertions.assertElementAttribute_false_caseInsensitiveComparison_expectedToPass]
################################################################################################################################################
[ReportManager] Element Action [type] successfully performed. With the following test data [AUTOMATION]. @30-04-2021 02:02:09.0742 AM
[ReportManager] Element Action [getText] successfully performed. With the following test data [AUTOMATION]. @30-04-2021 02:02:09.0846 AM
[ReportManager] Loaded Shared OpenCV @30-04-2021 02:02:10.0004 AM
[ReportManager] AssertElementAttribute PASSED; Expected [Value Should not be 'AutomaTion123' for the 'text' attribute, element locator 'By.name: q'] and Actual [AUTOMATION]. Comparison Type [CASE_INSENSITIVE]. Validation Type [NEGATIVE]. @30-04-2021 02:02:10.0089 AM
[ReportManager] Successfully created attachment [Screenshot - 1619748130004_assertElementAttribute_false_caseInsensitiveComparison_expectedToPass_AssertElementAttribute_passed] @30-04-2021 02:02:10.0090 A
[ReportManager] Successfully created attachment [Selenium WebDriver Logs - server] @30-04-2021 02:02:10.0183 AM
[ReportManager] Successfully created attachment [Selenium WebDriver Logs - performance] @30-04-2021 02:02:10.0274 AM
[ReportManager] Successfully created attachment [Selenium WebDriver Logs - driver] @30-04-2021 02:02:10.0394 AM
[ReportManager] Browser Action [closeCurrentWindow] successfully performed. @30-04-2021 02:02:10.0468 AM
[ReportManager] Successfully created attachment [Browser Action Test Data - closeCurrentWindow - Actual Value] @30-04-2021 02:02:10.0470 A
[ReportManager] File Action [getAbsolutePath] successfully performed. With the following test data [Relative Folder Path: "target/downloadedFiles/"]. @30-04-2021 02:02:10.0472 AM
[ReportManager] Attempting to run remotely on: [Linux-64], [GoogleChrome], [http://localhost:4444/wd/hub], Headless Execution. @30-04-2021 02:02:10.0472 AM
[ReportManager] Successfully Opened [GoogleChrome]. @30-04-2021 02:02:10.0700 AM
[ReportManager] Target URL: [https://www.google.com/ncr], and after redirection: [www.google.com] @30-04-2021 02:02:10.0714 AM
[ReportManager] Initial URL: [data:,] @30-04-2021 02:02:10.0755 AM
[ReportManager] Browser Action [navigateToURL] successfully performed. With the following test data [https://www.google.com/ncr]. @30-04-2021 02:02:11.0621 A

################################################################################################################################################
Starting Execution:	[80 out of 137] test cases in the current suite
Test Method:		[unitTests.tests_validations_assertions.assertElementAttribute_false_containsComparison_expectedToFail]
################################################################################################################################################
[ReportManager] Element Action [type] successfully performed. With the following test data [Automation123]. @30-04-2021 02:02:12.0173 AM
[ReportManager] Element Action [getText] successfully performed. With the following test data [Automation123]. @30-04-2021 02:02:12.0272 AM
[ReportManager] Loaded Shared OpenCV @30-04-2021 02:02:12.0429 AM
[ReportManager] AssertElementAttribute FAILED; Expected [Value Should not be 'Automation' for the 'text' attribute, element locator 'By.name: q'] and Actual [Automation123]. Comparison Type [CONTAINS]. Validation Type [NEGATIVE]. @30-04-2021 02:02:12.0511 AM
[ReportManager] Successfully created attachment [Screenshot - 1619748132429_assertElementAttribute_false_containsComparison_expectedToFail_AssertElementAttribute_failed] @30-04-2021 02:02:12.0512 A
[ReportManager] Successfully created attachment [Selenium WebDriver Logs - server] @30-04-2021 02:02:12.0595 AM
[ReportManager] Successfully created attachment [Selenium WebDriver Logs - performance] @30-04-2021 02:02:12.0705 AM
[ReportManager] Successfully created attachment [Selenium WebDriver Logs - driver] @30-04-2021 02:02:12.0845 AM
[ReportManager] Browser Action [closeCurrentWindow] successfully performed. @30-04-2021 02:02:12.0901 AM
[ReportManager] Successfully created attachment [Browser Action Test Data - closeCurrentWindow - Actual Value] @30-04-2021 02:02:12.0902 A
[ReportManager] File Action [getAbsolutePath] successfully performed. With the following test data [Relative Folder Path: "target/downloadedFiles/"]. @30-04-2021 02:02:12.0904 AM
[ReportManager] Attempting to run remotely on: [Linux-64], [GoogleChrome], [http://localhost:4444/wd/hub], Headless Execution. @30-04-2021 02:02:12.0904 AM
[ReportManager] Successfully Opened [GoogleChrome]. @30-04-2021 02:02:13.0127 AM
[ReportManager] Target URL: [https://www.google.com/ncr], and after redirection: [www.google.com] @30-04-2021 02:02:13.0138 AM
[ReportManager] Initial URL: [data:,] @30-04-2021 02:02:13.0177 AM
[ReportManager] Browser Action [navigateToURL] successfully performed. With the following test data [https://www.google.com/ncr]. @30-04-2021 02:02:14.0202 A

################################################################################################################################################
Starting Execution:	[81 out of 137] test cases in the current suite
Test Method:		[unitTests.tests_validations_assertions.assertElementAttribute_false_containsComparison_expectedToPass]
################################################################################################################################################
[ReportManager] Element Action [type] successfully performed. With the following test data [Automation123]. @30-04-2021 02:02:14.0746 AM
[ReportManager] Element Action [getText] successfully performed. With the following test data [Automation123]. @30-04-2021 02:02:14.0856 AM
[ReportManager] Loaded Shared OpenCV @30-04-2021 02:02:14.0998 AM
[ReportManager] AssertElementAttribute PASSED; Expected [Value Should not be 'Automation1234' for the 'text' attribute, element locator 'By.name: q'] and Actual [Automation123]. Comparison Type [CONTAINS]. Validation Type [NEGATIVE]. @30-04-2021 02:02:15.0079 AM
[ReportManager] Successfully created attachment [Screenshot - 1619748134998_assertElementAttribute_false_containsComparison_expectedToPass_AssertElementAttribute_passed] @30-04-2021 02:02:15.0092 A
[ReportManager] Successfully created attachment [Selenium WebDriver Logs - server] @30-04-2021 02:02:15.0170 AM
[ReportManager] Successfully created attachment [Selenium WebDriver Logs - performance] @30-04-2021 02:02:15.0269 AM
[ReportManager] Successfully created attachment [Selenium WebDriver Logs - driver] @30-04-2021 02:02:15.0411 AM
[ReportManager] Browser Action [closeCurrentWindow] successfully performed. @30-04-2021 02:02:15.0468 AM
[ReportManager] Successfully created attachment [Browser Action Test Data - closeCurrentWindow - Actual Value] @30-04-2021 02:02:15.0469 A
[ReportManager] File Action [getAbsolutePath] successfully performed. With the following test data [Relative Folder Path: "target/downloadedFiles/"]. @30-04-2021 02:02:15.0472 AM
[ReportManager] Attempting to run remotely on: [Linux-64], [GoogleChrome], [http://localhost:4444/wd/hub], Headless Execution. @30-04-2021 02:02:15.0472 AM
[ReportManager] Successfully Opened [GoogleChrome]. @30-04-2021 02:02:15.0673 AM
[ReportManager] Target URL: [https://www.google.com/ncr], and after redirection: [www.google.com] @30-04-2021 02:02:15.0693 AM
[ReportManager] Initial URL: [data:,] @30-04-2021 02:02:15.0742 AM
[ReportManager] Browser Action [navigateToURL] successfully performed. With the following test data [https://www.google.com/ncr]. @30-04-2021 02:02:16.0646 A

################################################################################################################################################
Starting Execution:	[82 out of 137] test cases in the current suite
Test Method:		[unitTests.tests_validations_assertions.assertElementAttribute_false_literalComparison_expectedToFail]
################################################################################################################################################
[ReportManager] Element Action [type] successfully performed. With the following test data [Automation!@#$%^&*()_+{}[]\';/.,]. @30-04-2021 02:02:17.0819 AM
[ReportManager] Element Action [getText] successfully performed. With the following test data [Automation!@#$%^&*()_+{}[]\';/.,]. @30-04-2021 02:02:17.0939 AM
[ReportManager] Loaded Shared OpenCV @30-04-2021 02:02:18.0116 AM
[ReportManager] AssertElementAttribute PASSED; Expected [Value Should not be 'Automation!@#$%^&*()_+{}[]\\';/.,' for the 'text' attribute, element locator 'By.name: q'] and Actual [Automation!@#$%^&*()_+{}[]\';/.,]. Comparison Type [EQUALS]. Validation Type [NEGATIVE]. @30-04-2021 02:02:18.0202 AM
[ReportManager] Successfully created attachment [Screenshot - 1619748138116_assertElementAttribute_false_literalComparison_expectedToFail_AssertElementAttribute_passed] @30-04-2021 02:02:18.0203 A
[ReportManager] Successfully created attachment [Selenium WebDriver Logs - server] @30-04-2021 02:02:18.0284 AM
[ReportManager] Successfully created attachment [Selenium WebDriver Logs - performance] @30-04-2021 02:02:18.0454 AM
[ReportManager] Successfully created attachment [Selenium WebDriver Logs - driver] @30-04-2021 02:02:18.0649 AM
[ReportManager] Browser Action [closeCurrentWindow] successfully performed. @30-04-2021 02:02:18.0709 AM
[ReportManager] Successfully created attachment [Browser Action Test Data - closeCurrentWindow - Actual Value] @30-04-2021 02:02:18.0711 A
[ReportManager] File Action [getAbsolutePath] successfully performed. With the following test data [Relative Folder Path: "target/downloadedFiles/"]. @30-04-2021 02:02:18.0715 AM
[ReportManager] Attempting to run remotely on: [Linux-64], [GoogleChrome], [http://localhost:4444/wd/hub], Headless Execution. @30-04-2021 02:02:18.0715 AM
[ReportManager] Successfully Opened [GoogleChrome]. @30-04-2021 02:02:18.0925 AM
[ReportManager] Target URL: [https://www.google.com/ncr], and after redirection: [www.google.com] @30-04-2021 02:02:18.0941 AM
[ReportManager] Initial URL: [data:,] @30-04-2021 02:02:18.0985 AM
[ReportManager] Browser Action [navigateToURL] successfully performed. With the following test data [https://www.google.com/ncr]. @30-04-2021 02:02:19.0851 A

################################################################################################################################################
Starting Execution:	[83 out of 137] test cases in the current suite
Test Method:		[unitTests.tests_validations_assertions.assertElementAttribute_false_literalComparison_expectedToPass]
################################################################################################################################################
[ReportManager] Element Action [type] successfully performed. With the following test data [Automation!@#$%^&*()_+{}[]\';/.,]. @30-04-2021 02:02:21.0037 AM
[ReportManager] Element Action [getText] successfully performed. With the following test data [Automation!@#$%^&*()_+{}[]\';/.,]. @30-04-2021 02:02:21.0142 AM
[ReportManager] Loaded Shared OpenCV @30-04-2021 02:02:21.0306 AM
[ReportManager] AssertElementAttribute PASSED; Expected [Value Should not be 'Automation' for the 'text' attribute, element locator 'By.name: q'] and Actual [Automation!@#$%^&*()_+{}[]\';/.,]. Comparison Type [EQUALS]. Validation Type [NEGATIVE]. @30-04-2021 02:02:21.0394 AM
[ReportManager] Successfully created attachment [Screenshot - 1619748141306_assertElementAttribute_false_literalComparison_expectedToPass_AssertElementAttribute_passed] @30-04-2021 02:02:21.0395 A
[ReportManager] Successfully created attachment [Selenium WebDriver Logs - server] @30-04-2021 02:02:21.0492 AM
[ReportManager] Successfully created attachment [Selenium WebDriver Logs - performance] @30-04-2021 02:02:21.0668 AM
[ReportManager] Successfully created attachment [Selenium WebDriver Logs - driver] @30-04-2021 02:02:21.0849 AM
[ReportManager] Browser Action [closeCurrentWindow] successfully performed. @30-04-2021 02:02:21.0905 AM
[ReportManager] Successfully created attachment [Browser Action Test Data - closeCurrentWindow - Actual Value] @30-04-2021 02:02:21.0906 A
[ReportManager] File Action [getAbsolutePath] successfully performed. With the following test data [Relative Folder Path: "target/downloadedFiles/"]. @30-04-2021 02:02:21.0910 AM
[ReportManager] Attempting to run remotely on: [Linux-64], [GoogleChrome], [http://localhost:4444/wd/hub], Headless Execution. @30-04-2021 02:02:21.0910 AM
[ReportManager] Successfully Opened [GoogleChrome]. @30-04-2021 02:02:22.0146 AM
[ReportManager] Target URL: [https://www.google.com/ncr], and after redirection: [www.google.com] @30-04-2021 02:02:22.0156 AM
[ReportManager] Initial URL: [data:,] @30-04-2021 02:02:22.0201 AM
[ReportManager] Browser Action [navigateToURL] successfully performed. With the following test data [https://www.google.com/ncr]. @30-04-2021 02:02:23.0093 A

################################################################################################################################################
Starting Execution:	[84 out of 137] test cases in the current suite
Test Method:		[unitTests.tests_validations_assertions.assertElementAttribute_false_regexComparison_expectedToFail]
################################################################################################################################################
[ReportManager] Element Action [type] successfully performed. With the following test data [Automation123]. @30-04-2021 02:02:23.0664 AM
[ReportManager] Element Action [getText] successfully performed. With the following test data [Automation123]. @30-04-2021 02:02:23.0773 AM
[ReportManager] Loaded Shared OpenCV @30-04-2021 02:02:23.0937 AM
[ReportManager] AssertElementAttribute FAILED; Expected [Value Should not be 'Automation.*' for the 'text' attribute, element locator 'By.name: q'] and Actual [Automation123]. Comparison Type [MATCHES]. Validation Type [NEGATIVE]. @30-04-2021 02:02:24.0019 AM
[ReportManager] Successfully created attachment [Screenshot - 1619748143937_assertElementAttribute_false_regexComparison_expectedToFail_AssertElementAttribute_failed] @30-04-2021 02:02:24.0020 A
[ReportManager] Successfully created attachment [Selenium WebDriver Logs - server] @30-04-2021 02:02:24.0097 AM
[ReportManager] Successfully created attachment [Selenium WebDriver Logs - performance] @30-04-2021 02:02:24.0194 AM
[ReportManager] Successfully created attachment [Selenium WebDriver Logs - driver] @30-04-2021 02:02:24.0328 AM
[ReportManager] Browser Action [closeCurrentWindow] successfully performed. @30-04-2021 02:02:24.0397 AM
[ReportManager] Successfully created attachment [Browser Action Test Data - closeCurrentWindow - Actual Value] @30-04-2021 02:02:24.0397 A
[ReportManager] File Action [getAbsolutePath] successfully performed. With the following test data [Relative Folder Path: "target/downloadedFiles/"]. @30-04-2021 02:02:24.0400 AM
[ReportManager] Attempting to run remotely on: [Linux-64], [GoogleChrome], [http://localhost:4444/wd/hub], Headless Execution. @30-04-2021 02:02:24.0401 AM
[ReportManager] Successfully Opened [GoogleChrome]. @30-04-2021 02:02:24.0615 AM
[ReportManager] Target URL: [https://www.google.com/ncr], and after redirection: [www.google.com] @30-04-2021 02:02:24.0633 AM
[ReportManager] Initial URL: [data:,] @30-04-2021 02:02:24.0684 AM
[ReportManager] Browser Action [navigateToURL] successfully performed. With the following test data [https://www.google.com/ncr]. @30-04-2021 02:02:25.0579 A

################################################################################################################################################
Starting Execution:	[85 out of 137] test cases in the current suite
Test Method:		[unitTests.tests_validations_assertions.assertElementAttribute_false_regexComparison_expectedToPass]
################################################################################################################################################
[ReportManager] Element Action [type] successfully performed. With the following test data [Automation123]. @30-04-2021 02:02:26.0162 AM
[ReportManager] Element Action [getText] successfully performed. With the following test data [Automation123]. @30-04-2021 02:02:26.0268 AM
[ReportManager] Loaded Shared OpenCV @30-04-2021 02:02:26.0417 AM
[ReportManager] AssertElementAttribute PASSED; Expected [Value Should not be 'Automation' for the 'text' attribute, element locator 'By.name: q'] and Actual [Automation123]. Comparison Type [MATCHES]. Validation Type [NEGATIVE]. @30-04-2021 02:02:26.0502 AM
[ReportManager] Successfully created attachment [Screenshot - 1619748146417_assertElementAttribute_false_regexComparison_expectedToPass_AssertElementAttribute_passed] @30-04-2021 02:02:26.0503 A
[ReportManager] Successfully created attachment [Selenium WebDriver Logs - server] @30-04-2021 02:02:26.0584 AM
[ReportManager] Successfully created attachment [Selenium WebDriver Logs - performance] @30-04-2021 02:02:26.0681 AM
[ReportManager] Successfully created attachment [Selenium WebDriver Logs - driver] @30-04-2021 02:02:26.0820 AM
[ReportManager] Browser Action [closeCurrentWindow] successfully performed. @30-04-2021 02:02:26.0876 AM
[ReportManager] Successfully created attachment [Browser Action Test Data - closeCurrentWindow - Actual Value] @30-04-2021 02:02:26.0877 A
[ReportManager] File Action [getAbsolutePath] successfully performed. With the following test data [Relative Folder Path: "target/downloadedFiles/"]. @30-04-2021 02:02:26.0879 AM
[ReportManager] Attempting to run remotely on: [Linux-64], [GoogleChrome], [http://localhost:4444/wd/hub], Headless Execution. @30-04-2021 02:02:26.0879 AM
[ReportManager] Successfully Opened [GoogleChrome]. @30-04-2021 02:02:27.0101 AM
[ReportManager] Target URL: [https://www.google.com/ncr], and after redirection: [www.google.com] @30-04-2021 02:02:27.0112 AM
[ReportManager] Initial URL: [data:,] @30-04-2021 02:02:27.0154 AM
[ReportManager] Browser Action [navigateToURL] successfully performed. With the following test data [https://www.google.com/ncr]. @30-04-2021 02:02:28.0057 A

################################################################################################################################################
Starting Execution:	[86 out of 137] test cases in the current suite
Test Method:		[unitTests.tests_validations_assertions.assertElementAttribute_true_caseInsensitiveComparison_expectedToFail]
################################################################################################################################################
[ReportManager] Element Action [type] successfully performed. With the following test data [AUTOMATION]. @30-04-2021 02:02:28.0578 AM
[ReportManager] Element Action [getText] successfully performed. With the following test data [AUTOMATION]. @30-04-2021 02:02:28.0672 AM
[ReportManager] Loaded Shared OpenCV @30-04-2021 02:02:28.0840 AM
[ReportManager] AssertElementAttribute FAILED; Expected [Value Should be 'AutomaTion123' for the 'text' attribute, element locator 'By.name: q'] and Actual [AUTOMATION]. Comparison Type [CASE_INSENSITIVE]. Validation Type [POSITIVE]. @30-04-2021 02:02:28.0925 AM
[ReportManager] Successfully created attachment [Screenshot - 1619748148840_assertElementAttribute_true_caseInsensitiveComparison_expectedToFail_AssertElementAttribute_failed] @30-04-2021 02:02:28.0926 A
[ReportManager] Successfully created attachment [Selenium WebDriver Logs - server] @30-04-2021 02:02:29.0009 AM
[ReportManager] Successfully created attachment [Selenium WebDriver Logs - performance] @30-04-2021 02:02:29.0086 AM
[ReportManager] Successfully created attachment [Selenium WebDriver Logs - driver] @30-04-2021 02:02:29.0211 AM
[ReportManager] Browser Action [closeCurrentWindow] successfully performed. @30-04-2021 02:02:29.0269 AM
[ReportManager] Successfully created attachment [Browser Action Test Data - closeCurrentWindow - Actual Value] @30-04-2021 02:02:29.0270 A
[ReportManager] File Action [getAbsolutePath] successfully performed. With the following test data [Relative Folder Path: "target/downloadedFiles/"]. @30-04-2021 02:02:29.0272 AM
[ReportManager] Attempting to run remotely on: [Linux-64], [GoogleChrome], [http://localhost:4444/wd/hub], Headless Execution. @30-04-2021 02:02:29.0272 AM
[ReportManager] Successfully Opened [GoogleChrome]. @30-04-2021 02:02:29.0497 AM
[ReportManager] Target URL: [https://www.google.com/ncr], and after redirection: [www.google.com] @30-04-2021 02:02:29.0508 AM
[ReportManager] Initial URL: [data:,] @30-04-2021 02:02:29.0547 AM
[ReportManager] Browser Action [navigateToURL] successfully performed. With the following test data [https://www.google.com/ncr]. @30-04-2021 02:02:30.0383 A

################################################################################################################################################
Starting Execution:	[87 out of 137] test cases in the current suite
Test Method:		[unitTests.tests_validations_assertions.assertElementAttribute_true_caseInsensitiveComparison_expectedToPass]
################################################################################################################################################
[ReportManager] Element Action [type] successfully performed. With the following test data [AUTOMATION]. @30-04-2021 02:02:30.0912 AM
[ReportManager] Element Action [getText] successfully performed. With the following test data [AUTOMATION]. @30-04-2021 02:02:31.0017 AM
[ReportManager] Loaded Shared OpenCV @30-04-2021 02:02:31.0175 AM
[ReportManager] AssertElementAttribute PASSED; Expected [Value Should be 'AutomaTion' for the 'text' attribute, element locator 'By.name: q'] and Actual [AUTOMATION]. Comparison Type [CASE_INSENSITIVE]. Validation Type [POSITIVE]. @30-04-2021 02:02:31.0260 AM
[ReportManager] Successfully created attachment [Screenshot - 1619748151175_assertElementAttribute_true_caseInsensitiveComparison_expectedToPass_AssertElementAttribute_passed] @30-04-2021 02:02:31.0261 A
[ReportManager] Successfully created attachment [Selenium WebDriver Logs - server] @30-04-2021 02:02:31.0340 AM
[ReportManager] Successfully created attachment [Selenium WebDriver Logs - performance] @30-04-2021 02:02:31.0427 AM
[ReportManager] Successfully created attachment [Selenium WebDriver Logs - driver] @30-04-2021 02:02:31.0554 AM
[ReportManager] Browser Action [closeCurrentWindow] successfully performed. @30-04-2021 02:02:31.0610 AM
[ReportManager] Successfully created attachment [Browser Action Test Data - closeCurrentWindow - Actual Value] @30-04-2021 02:02:31.0611 A
[ReportManager] File Action [getAbsolutePath] successfully performed. With the following test data [Relative Folder Path: "target/downloadedFiles/"]. @30-04-2021 02:02:31.0614 AM
[ReportManager] Attempting to run remotely on: [Linux-64], [GoogleChrome], [http://localhost:4444/wd/hub], Headless Execution. @30-04-2021 02:02:31.0614 AM
[ReportManager] Successfully Opened [GoogleChrome]. @30-04-2021 02:02:31.0841 AM
[ReportManager] Target URL: [https://www.google.com/ncr], and after redirection: [www.google.com] @30-04-2021 02:02:31.0851 AM
[ReportManager] Initial URL: [data:,] @30-04-2021 02:02:31.0889 AM
[ReportManager] Browser Action [navigateToURL] successfully performed. With the following test data [https://www.google.com/ncr]. @30-04-2021 02:02:32.0771 A

################################################################################################################################################
Starting Execution:	[88 out of 137] test cases in the current suite
Test Method:		[unitTests.tests_validations_assertions.assertElementAttribute_true_containsComparison_expectedToFail]
################################################################################################################################################
[ReportManager] Element Action [type] successfully performed. With the following test data [Automation123]. @30-04-2021 02:02:33.0319 AM
[ReportManager] Element Action [getText] successfully performed. With the following test data [Automation123]. @30-04-2021 02:02:33.0426 AM
[ReportManager] Loaded Shared OpenCV @30-04-2021 02:02:33.0577 AM
[ReportManager] AssertElementAttribute FAILED; Expected [Value Should be 'Automation1234' for the 'text' attribute, element locator 'By.name: q'] and Actual [Automation123]. Comparison Type [CONTAINS]. Validation Type [POSITIVE]. @30-04-2021 02:02:33.0658 AM
[ReportManager] Successfully created attachment [Screenshot - 1619748153577_assertElementAttribute_true_containsComparison_expectedToFail_AssertElementAttribute_failed] @30-04-2021 02:02:33.0659 A
[ReportManager] Successfully created attachment [Selenium WebDriver Logs - server] @30-04-2021 02:02:33.0742 AM
[ReportManager] Successfully created attachment [Selenium WebDriver Logs - performance] @30-04-2021 02:02:33.0839 AM
[ReportManager] Successfully created attachment [Selenium WebDriver Logs - driver] @30-04-2021 02:02:33.0969 AM
[ReportManager] Browser Action [closeCurrentWindow] successfully performed. @30-04-2021 02:02:34.0026 AM
[ReportManager] Successfully created attachment [Browser Action Test Data - closeCurrentWindow - Actual Value] @30-04-2021 02:02:34.0027 A
[ReportManager] File Action [getAbsolutePath] successfully performed. With the following test data [Relative Folder Path: "target/downloadedFiles/"]. @30-04-2021 02:02:34.0031 AM
[ReportManager] Attempting to run remotely on: [Linux-64], [GoogleChrome], [http://localhost:4444/wd/hub], Headless Execution. @30-04-2021 02:02:34.0031 AM
[ReportManager] Successfully Opened [GoogleChrome]. @30-04-2021 02:02:34.0267 AM
[ReportManager] Target URL: [https://www.google.com/ncr], and after redirection: [www.google.com] @30-04-2021 02:02:34.0296 AM
[ReportManager] Initial URL: [data:,] @30-04-2021 02:02:34.0337 AM
[ReportManager] Browser Action [navigateToURL] successfully performed. With the following test data [https://www.google.com/ncr]. @30-04-2021 02:02:35.0235 A

################################################################################################################################################
Starting Execution:	[89 out of 137] test cases in the current suite
Test Method:		[unitTests.tests_validations_assertions.assertElementAttribute_true_containsComparison_expectedToPass]
################################################################################################################################################
[ReportManager] Element Action [type] successfully performed. With the following test data [Automation123]. @30-04-2021 02:02:35.0796 AM
[ReportManager] Element Action [getText] successfully performed. With the following test data [Automation123]. @30-04-2021 02:02:35.0907 AM
[ReportManager] Loaded Shared OpenCV @30-04-2021 02:02:36.0062 AM
[ReportManager] AssertElementAttribute PASSED; Expected [Value Should be 'Automation' for the 'text' attribute, element locator 'By.name: q'] and Actual [Automation123]. Comparison Type [CONTAINS]. Validation Type [POSITIVE]. @30-04-2021 02:02:36.0144 AM
[ReportManager] Successfully created attachment [Screenshot - 1619748156062_assertElementAttribute_true_containsComparison_expectedToPass_AssertElementAttribute_passed] @30-04-2021 02:02:36.0145 A
[ReportManager] Successfully created attachment [Selenium WebDriver Logs - server] @30-04-2021 02:02:36.0231 AM
[ReportManager] Successfully created attachment [Selenium WebDriver Logs - performance] @30-04-2021 02:02:36.0324 AM
[ReportManager] Successfully created attachment [Selenium WebDriver Logs - driver] @30-04-2021 02:02:36.0458 AM
[ReportManager] Browser Action [closeCurrentWindow] successfully performed. @30-04-2021 02:02:36.0514 AM
[ReportManager] Successfully created attachment [Browser Action Test Data - closeCurrentWindow - Actual Value] @30-04-2021 02:02:36.0520 A
[ReportManager] File Action [getAbsolutePath] successfully performed. With the following test data [Relative Folder Path: "target/downloadedFiles/"]. @30-04-2021 02:02:36.0523 AM
[ReportManager] Attempting to run remotely on: [Linux-64], [GoogleChrome], [http://localhost:4444/wd/hub], Headless Execution. @30-04-2021 02:02:36.0523 AM
[ReportManager] Successfully Opened [GoogleChrome]. @30-04-2021 02:02:36.0734 AM
[ReportManager] Target URL: [https://www.google.com/ncr], and after redirection: [www.google.com] @30-04-2021 02:02:36.0746 AM
[ReportManager] Initial URL: [data:,] @30-04-2021 02:02:36.0803 AM
[ReportManager] Browser Action [navigateToURL] successfully performed. With the following test data [https://www.google.com/ncr]. @30-04-2021 02:02:37.0644 A

################################################################################################################################################
Starting Execution:	[90 out of 137] test cases in the current suite
Test Method:		[unitTests.tests_validations_assertions.assertElementAttribute_true_literalComparison_expectedToFail]
################################################################################################################################################
[ReportManager] Element Action [type] successfully performed. With the following test data [Automation!@#$%^&*()_+{}[]\';/.,]. @30-04-2021 02:02:38.0922 AM
[ReportManager] Element Action [getText] successfully performed. With the following test data [Automation!@#$%^&*()_+{}[]\';/.,]. @30-04-2021 02:02:39.0033 AM
[ReportManager] Loaded Shared OpenCV @30-04-2021 02:02:39.0186 AM
[ReportManager] AssertElementAttribute FAILED; Expected [Value Should be 'Automation' for the 'text' attribute, element locator 'By.name: q'] and Actual [Automation!@#$%^&*()_+{}[]\';/.,]. Comparison Type [EQUALS]. Validation Type [POSITIVE]. @30-04-2021 02:02:39.0271 AM
[ReportManager] Successfully created attachment [Screenshot - 1619748159186_assertElementAttribute_true_literalComparison_expectedToFail_AssertElementAttribute_failed] @30-04-2021 02:02:39.0272 A
[ReportManager] Successfully created attachment [Selenium WebDriver Logs - server] @30-04-2021 02:02:39.0351 AM
[ReportManager] Successfully created attachment [Selenium WebDriver Logs - performance] @30-04-2021 02:02:39.0526 AM
[ReportManager] Successfully created attachment [Selenium WebDriver Logs - driver] @30-04-2021 02:02:39.0718 AM
[ReportManager] Browser Action [closeCurrentWindow] successfully performed. @30-04-2021 02:02:39.0735 AM
[ReportManager] Successfully created attachment [Browser Action Test Data - closeCurrentWindow - Actual Value] @30-04-2021 02:02:39.0735 A
[ReportManager] File Action [getAbsolutePath] successfully performed. With the following test data [Relative Folder Path: "target/downloadedFiles/"]. @30-04-2021 02:02:39.0738 AM
[ReportManager] Attempting to run remotely on: [Linux-64], [GoogleChrome], [http://localhost:4444/wd/hub], Headless Execution. @30-04-2021 02:02:39.0738 AM
[ReportManager] Successfully Opened [GoogleChrome]. @30-04-2021 02:02:39.0995 AM
[ReportManager] Target URL: [https://www.google.com/ncr], and after redirection: [www.google.com] @30-04-2021 02:02:40.0005 AM
[ReportManager] Initial URL: [data:,] @30-04-2021 02:02:40.0047 AM
[ReportManager] Browser Action [navigateToURL] successfully performed. With the following test data [https://www.google.com/ncr]. @30-04-2021 02:02:40.0937 A

################################################################################################################################################
Starting Execution:	[91 out of 137] test cases in the current suite
Test Method:		[unitTests.tests_validations_assertions.assertElementAttribute_true_literalComparison_expectedToPass]
################################################################################################################################################
[ReportManager] Element Action [type] successfully performed. With the following test data [Automation!@#$%^&*()_+{}[]\';/.,]. @30-04-2021 02:02:42.0137 AM
[ReportManager] Element Action [getText] successfully performed. With the following test data [Automation!@#$%^&*()_+{}[]\';/.,]. @30-04-2021 02:02:42.0247 AM
[ReportManager] Loaded Shared OpenCV @30-04-2021 02:02:42.0439 AM
[ReportManager] AssertElementAttribute PASSED; Expected [Value Should be 'Automation!@#$%^&*()_+{}[]\';/.,' for the 'text' attribute, element locator 'By.name: q'] and Actual [Automation!@#$%^&*()_+{}[]\';/.,]. Comparison Type [EQUALS]. Validation Type [POSITIVE]. @30-04-2021 02:02:42.0533 AM
[ReportManager] Successfully created attachment [Screenshot - 1619748162439_assertElementAttribute_true_literalComparison_expectedToPass_AssertElementAttribute_passed] @30-04-2021 02:02:42.0534 A
[ReportManager] Successfully created attachment [Selenium WebDriver Logs - server] @30-04-2021 02:02:42.0622 AM
[ReportManager] Successfully created attachment [Selenium WebDriver Logs - performance] @30-04-2021 02:02:42.0786 AM
[ReportManager] Successfully created attachment [Selenium WebDriver Logs - driver] @30-04-2021 02:02:42.0963 AM
[ReportManager] Browser Action [closeCurrentWindow] successfully performed. @30-04-2021 02:02:43.0018 AM
[ReportManager] Successfully created attachment [Browser Action Test Data - closeCurrentWindow - Actual Value] @30-04-2021 02:02:43.0019 A
[ReportManager] File Action [getAbsolutePath] successfully performed. With the following test data [Relative Folder Path: "target/downloadedFiles/"]. @30-04-2021 02:02:43.0022 AM
[ReportManager] Attempting to run remotely on: [Linux-64], [GoogleChrome], [http://localhost:4444/wd/hub], Headless Execution. @30-04-2021 02:02:43.0022 AM
[ReportManager] Successfully Opened [GoogleChrome]. @30-04-2021 02:02:43.0215 AM
[ReportManager] Target URL: [https://www.google.com/ncr], and after redirection: [www.google.com] @30-04-2021 02:02:43.0224 AM
[ReportManager] Initial URL: [data:,] @30-04-2021 02:02:43.0270 AM
[ReportManager] Browser Action [navigateToURL] successfully performed. With the following test data [https://www.google.com/ncr]. @30-04-2021 02:02:44.0131 A

################################################################################################################################################
Starting Execution:	[92 out of 137] test cases in the current suite
Test Method:		[unitTests.tests_validations_assertions.assertElementAttribute_true_regexComparison_expectedToFail]
################################################################################################################################################
[ReportManager] Element Action [type] successfully performed. With the following test data [Automation123]. @30-04-2021 02:02:44.0692 AM
[ReportManager] Element Action [getText] successfully performed. With the following test data [Automation123]. @30-04-2021 02:02:44.0806 AM
[ReportManager] Loaded Shared OpenCV @30-04-2021 02:02:44.0949 AM
[ReportManager] AssertElementAttribute FAILED; Expected [Value Should be 'Automation' for the 'text' attribute, element locator 'By.name: q'] and Actual [Automation123]. Comparison Type [MATCHES]. Validation Type [POSITIVE]. @30-04-2021 02:02:45.0038 AM
[ReportManager] Successfully created attachment [Screenshot - 1619748164949_assertElementAttribute_true_regexComparison_expectedToFail_AssertElementAttribute_failed] @30-04-2021 02:02:45.0038 A
[ReportManager] Successfully created attachment [Selenium WebDriver Logs - server] @30-04-2021 02:02:45.0116 AM
[ReportManager] Successfully created attachment [Selenium WebDriver Logs - performance] @30-04-2021 02:02:45.0238 AM
[ReportManager] Successfully created attachment [Selenium WebDriver Logs - driver] @30-04-2021 02:02:45.0386 AM
[ReportManager] Browser Action [closeCurrentWindow] successfully performed. @30-04-2021 02:02:45.0443 AM
[ReportManager] Successfully created attachment [Browser Action Test Data - closeCurrentWindow - Actual Value] @30-04-2021 02:02:45.0444 A
[ReportManager] File Action [getAbsolutePath] successfully performed. With the following test data [Relative Folder Path: "target/downloadedFiles/"]. @30-04-2021 02:02:45.0447 AM
[ReportManager] Attempting to run remotely on: [Linux-64], [GoogleChrome], [http://localhost:4444/wd/hub], Headless Execution. @30-04-2021 02:02:45.0447 AM
[ReportManager] Successfully Opened [GoogleChrome]. @30-04-2021 02:02:45.0674 AM
[ReportManager] Target URL: [https://www.google.com/ncr], and after redirection: [www.google.com] @30-04-2021 02:02:45.0684 AM
[ReportManager] Initial URL: [data:,] @30-04-2021 02:02:45.0726 AM
[ReportManager] Browser Action [navigateToURL] successfully performed. With the following test data [https://www.google.com/ncr]. @30-04-2021 02:02:46.0633 A

################################################################################################################################################
Starting Execution:	[93 out of 137] test cases in the current suite
Test Method:		[unitTests.tests_validations_assertions.assertElementAttribute_true_regexComparison_expectedToPass]
################################################################################################################################################
[ReportManager] Element Action [type] successfully performed. With the following test data [Automation123]. @30-04-2021 02:02:47.0193 AM
[ReportManager] Element Action [getText] successfully performed. With the following test data [Automation123]. @30-04-2021 02:02:47.0311 AM
[ReportManager] Loaded Shared OpenCV @30-04-2021 02:02:47.0463 AM
[ReportManager] AssertElementAttribute PASSED; Expected [Value Should be 'Automation.*' for the 'text' attribute, element locator 'By.name: q'] and Actual [Automation123]. Comparison Type [MATCHES]. Validation Type [POSITIVE]. @30-04-2021 02:02:47.0551 AM
[ReportManager] Successfully created attachment [Screenshot - 1619748167463_assertElementAttribute_true_regexComparison_expectedToPass_AssertElementAttribute_passed] @30-04-2021 02:02:47.0552 A
[ReportManager] Successfully created attachment [Selenium WebDriver Logs - server] @30-04-2021 02:02:47.0647 AM
[ReportManager] Successfully created attachment [Selenium WebDriver Logs - performance] @30-04-2021 02:02:47.0741 AM
[ReportManager] Successfully created attachment [Selenium WebDriver Logs - driver] @30-04-2021 02:02:47.0872 AM
[ReportManager] Browser Action [closeCurrentWindow] successfully performed. @30-04-2021 02:02:47.0928 AM
[ReportManager] Successfully created attachment [Browser Action Test Data - closeCurrentWindow - Actual Value] @30-04-2021 02:02:47.0929 A
[ReportManager] File Action [getAbsolutePath] successfully performed. With the following test data [Relative Folder Path: "target/downloadedFiles/"]. @30-04-2021 02:02:47.0931 AM
[ReportManager] Attempting to run remotely on: [Linux-64], [GoogleChrome], [http://localhost:4444/wd/hub], Headless Execution. @30-04-2021 02:02:47.0931 AM
[ReportManager] Successfully Opened [GoogleChrome]. @30-04-2021 02:02:48.0161 AM
[ReportManager] Target URL: [https://www.google.com/ncr], and after redirection: [www.google.com] @30-04-2021 02:02:48.0172 AM
[ReportManager] Initial URL: [data:,] @30-04-2021 02:02:48.0217 AM
[ReportManager] Browser Action [navigateToURL] successfully performed. With the following test data [https://www.google.com/ncr]. @30-04-2021 02:02:49.0056 A

################################################################################################################################################
Starting Execution:	[94 out of 137] test cases in the current suite
Test Method:		[unitTests.tests_validations_assertions.assertElementAttribute_type_true_literalComparison_expectedToPass]
################################################################################################################################################
[ReportManager] Element Action [type] successfully performed. With the following test data [Automation!@#$%^&*()_+{}[]\';/.,]. @30-04-2021 02:02:50.0244 AM
[ReportManager] Element Action [getText] successfully performed. With the following test data [Automation!@#$%^&*()_+{}[]\';/.,]. @30-04-2021 02:02:50.0353 AM
[ReportManager] Loaded Shared OpenCV @30-04-2021 02:02:50.0505 AM
[ReportManager] AssertElementAttribute PASSED; Expected [Value Should be 'Automation!@#$%^&*()_+{}[]\';/.,' for the 'text' attribute, element locator 'By.name: q'] and Actual [Automation!@#$%^&*()_+{}[]\';/.,]. Comparison Type [EQUALS]. Validation Type [POSITIVE]. @30-04-2021 02:02:50.0590 AM
[ReportManager] Successfully created attachment [Screenshot - 1619748170505_assertElementAttribute_type_true_literalComparison_expectedToPass_AssertElementAttribute_passed] @30-04-2021 02:02:50.0591 A
[ReportManager] Successfully created attachment [Selenium WebDriver Logs - server] @30-04-2021 02:02:50.0671 AM
[ReportManager] Successfully created attachment [Selenium WebDriver Logs - performance] @30-04-2021 02:02:50.0841 AM
[ReportManager] Successfully created attachment [Selenium WebDriver Logs - driver] @30-04-2021 02:02:51.0019 AM
[ReportManager] Browser Action [closeCurrentWindow] successfully performed. @30-04-2021 02:02:51.0078 AM
[ReportManager] Successfully created attachment [Browser Action Test Data - closeCurrentWindow - Actual Value] @30-04-2021 02:02:51.0078 A
[ReportManager] File Action [getAbsolutePath] successfully performed. With the following test data [Relative Folder Path: "target/downloadedFiles/"]. @30-04-2021 02:02:51.0081 AM
[ReportManager] Attempting to run remotely on: [Linux-64], [GoogleChrome], [http://localhost:4444/wd/hub], Headless Execution. @30-04-2021 02:02:51.0081 AM
[ReportManager] Successfully Opened [GoogleChrome]. @30-04-2021 02:02:51.0289 AM
[ReportManager] Target URL: [https://www.google.com/ncr], and after redirection: [www.google.com] @30-04-2021 02:02:51.0303 AM
[ReportManager] Initial URL: [data:,] @30-04-2021 02:02:51.0343 AM
[ReportManager] Browser Action [navigateToURL] successfully performed. With the following test data [https://www.google.com/ncr]. @30-04-2021 02:02:52.0217 A

################################################################################################################################################
Starting Execution:	[95 out of 137] test cases in the current suite
Test Method:		[unitTests.tests_validations_assertions.assertElementExists_false_expectedToFail]
################################################################################################################################################
[ReportManager] AssertElementExists PASSED; Expected [Element Should not Exist, locator 'By.id: hplogo'] and Actual [Element Doesn't Exists]. Comparison Type [EQUALS]. Validation Type [NEGATIVE]. @30-04-2021 02:03:02.0593 AM
[ReportManager] Successfully created attachment [Screenshot - 1619748182525_assertElementExists_false_expectedToFail_AssertElementExists_passed] @30-04-2021 02:03:02.0593 A
[ReportManager] Successfully created attachment [Selenium WebDriver Logs - server] @30-04-2021 02:03:02.0673 AM
[ReportManager] Successfully created attachment [Selenium WebDriver Logs - performance] @30-04-2021 02:03:02.0706 AM
[ReportManager] Successfully created attachment [Selenium WebDriver Logs - driver] @30-04-2021 02:03:02.0793 AM
[ReportManager] Browser Action [closeCurrentWindow] successfully performed. @30-04-2021 02:03:02.0849 AM
[ReportManager] Successfully created attachment [Browser Action Test Data - closeCurrentWindow - Actual Value] @30-04-2021 02:03:02.0850 A
[ReportManager] File Action [getAbsolutePath] successfully performed. With the following test data [Relative Folder Path: "target/downloadedFiles/"]. @30-04-2021 02:03:02.0857 AM
[ReportManager] Attempting to run remotely on: [Linux-64], [GoogleChrome], [http://localhost:4444/wd/hub], Headless Execution. @30-04-2021 02:03:02.0858 AM
[ReportManager] Successfully Opened [GoogleChrome]. @30-04-2021 02:03:03.0075 AM
[ReportManager] Target URL: [https://www.google.com/ncr], and after redirection: [www.google.com] @30-04-2021 02:03:03.0085 AM
[ReportManager] Initial URL: [data:,] @30-04-2021 02:03:03.0122 AM
[ReportManager] Browser Action [navigateToURL] successfully performed. With the following test data [https://www.google.com/ncr]. @30-04-2021 02:03:04.0004 A

################################################################################################################################################
Starting Execution:	[96 out of 137] test cases in the current suite
Test Method:		[unitTests.tests_validations_assertions.assertElementExists_false_expectedToPass]
################################################################################################################################################
[ReportManager] AssertElementExists PASSED; Expected [Element Should not Exist, locator 'By.id: fakeElement'] and Actual [Element Doesn't Exists]. Comparison Type [EQUALS]. Validation Type [NEGATIVE]. @30-04-2021 02:03:14.0355 AM
[ReportManager] Successfully created attachment [Screenshot - 1619748194291_assertElementExists_false_expectedToPass_AssertElementExists_passed] @30-04-2021 02:03:14.0355 A
[ReportManager] Successfully created attachment [Selenium WebDriver Logs - server] @30-04-2021 02:03:14.0438 AM
[ReportManager] Successfully created attachment [Selenium WebDriver Logs - performance] @30-04-2021 02:03:14.0471 AM
[ReportManager] Successfully created attachment [Selenium WebDriver Logs - driver] @30-04-2021 02:03:14.0550 AM
[ReportManager] Browser Action [closeCurrentWindow] successfully performed. @30-04-2021 02:03:14.0606 AM
[ReportManager] Successfully created attachment [Browser Action Test Data - closeCurrentWindow - Actual Value] @30-04-2021 02:03:14.0607 A
[ReportManager] File Action [getAbsolutePath] successfully performed. With the following test data [Relative Folder Path: "target/downloadedFiles/"]. @30-04-2021 02:03:14.0609 AM
[ReportManager] Attempting to run remotely on: [Linux-64], [GoogleChrome], [http://localhost:4444/wd/hub], Headless Execution. @30-04-2021 02:03:14.0610 AM
[ReportManager] Successfully Opened [GoogleChrome]. @30-04-2021 02:03:14.0832 AM
[ReportManager] Target URL: [https://www.google.com/ncr], and after redirection: [www.google.com] @30-04-2021 02:03:14.0843 AM
[ReportManager] Initial URL: [data:,] @30-04-2021 02:03:14.0879 AM
[ReportManager] Browser Action [navigateToURL] successfully performed. With the following test data [https://www.google.com/ncr]. @30-04-2021 02:03:15.0707 A

################################################################################################################################################
Starting Execution:	[97 out of 137] test cases in the current suite
Test Method:		[unitTests.tests_validations_assertions.assertElementExists_false_multipleElementsFound_expectedToFail]
################################################################################################################################################
[ReportManager] AssertElementExists FAILED; Expected [Element Should not Exist, locator 'By.xpath: //div'] and Actual [Element Exists but is not unique]. Comparison Type [EQUALS]. Validation Type [NEGATIVE]. @30-04-2021 02:03:15.0955 AM
[ReportManager] Successfully created attachment [Screenshot - 1619748195890_assertElementExists_false_multipleElementsFound_expectedToFail_AssertElementExists_failed] @30-04-2021 02:03:15.0955 A
[ReportManager] Successfully created attachment [Selenium WebDriver Logs - server] @30-04-2021 02:03:16.0030 AM
[ReportManager] Successfully created attachment [Selenium WebDriver Logs - performance] @30-04-2021 02:03:16.0065 AM
[ReportManager] Successfully created attachment [Selenium WebDriver Logs - driver] @30-04-2021 02:03:16.0138 AM
[ReportManager] Browser Action [closeCurrentWindow] successfully performed. @30-04-2021 02:03:16.0194 AM
[ReportManager] Successfully created attachment [Browser Action Test Data - closeCurrentWindow - Actual Value] @30-04-2021 02:03:16.0195 A
[ReportManager] File Action [getAbsolutePath] successfully performed. With the following test data [Relative Folder Path: "target/downloadedFiles/"]. @30-04-2021 02:03:16.0198 AM
[ReportManager] Attempting to run remotely on: [Linux-64], [GoogleChrome], [http://localhost:4444/wd/hub], Headless Execution. @30-04-2021 02:03:16.0198 AM
[ReportManager] Successfully Opened [GoogleChrome]. @30-04-2021 02:03:16.0408 AM
[ReportManager] Target URL: [https://www.google.com/ncr], and after redirection: [www.google.com] @30-04-2021 02:03:16.0424 AM
[ReportManager] Initial URL: [data:,] @30-04-2021 02:03:16.0463 AM
[ReportManager] Browser Action [navigateToURL] successfully performed. With the following test data [https://www.google.com/ncr]. @30-04-2021 02:03:17.0292 A

################################################################################################################################################
Starting Execution:	[98 out of 137] test cases in the current suite
Test Method:		[unitTests.tests_validations_assertions.assertElementExists_true_expectedToFail]
################################################################################################################################################
[ReportManager] AssertElementExists FAILED; Expected [Element Should Exist, locator 'By.id: fakeElement'] and Actual [Element Doesn't Exists]. Comparison Type [EQUALS]. Validation Type [POSITIVE]. @30-04-2021 02:03:47.0974 AM
[ReportManager] Successfully created attachment [Screenshot - 1619748227908_assertElementExists_true_expectedToFail_AssertElementExists_failed] @30-04-2021 02:03:47.0974 A
[ReportManager] Successfully created attachment [Selenium WebDriver Logs - server] @30-04-2021 02:03:48.0055 AM
[ReportManager] Successfully created attachment [Selenium WebDriver Logs - performance] @30-04-2021 02:03:48.0089 AM
[ReportManager] Successfully created attachment [Selenium WebDriver Logs - driver] @30-04-2021 02:03:48.0190 AM
[ReportManager] Browser Action [closeCurrentWindow] successfully performed. @30-04-2021 02:03:48.0246 AM
[ReportManager] Successfully created attachment [Browser Action Test Data - closeCurrentWindow - Actual Value] @30-04-2021 02:03:48.0247 A
[ReportManager] File Action [getAbsolutePath] successfully performed. With the following test data [Relative Folder Path: "target/downloadedFiles/"]. @30-04-2021 02:03:48.0249 AM
[ReportManager] Attempting to run remotely on: [Linux-64], [GoogleChrome], [http://localhost:4444/wd/hub], Headless Execution. @30-04-2021 02:03:48.0250 AM
[ReportManager] Successfully Opened [GoogleChrome]. @30-04-2021 02:03:48.0457 AM
[ReportManager] Target URL: [https://www.google.com/ncr], and after redirection: [www.google.com] @30-04-2021 02:03:48.0472 AM
[ReportManager] Initial URL: [data:,] @30-04-2021 02:03:48.0515 AM
[ReportManager] Browser Action [navigateToURL] successfully performed. With the following test data [https://www.google.com/ncr]. @30-04-2021 02:03:49.0392 A

################################################################################################################################################
Starting Execution:	[99 out of 137] test cases in the current suite
Test Method:		[unitTests.tests_validations_assertions.assertElementExists_true_expectedToPass]
################################################################################################################################################
[ReportManager] Loaded Shared OpenCV @30-04-2021 02:03:49.0574 AM
[ReportManager] AssertElementExists PASSED; Expected [Element Should Exist, locator 'By.xpath: //img[@id='hplogo' or @alt='Google']'] and Actual [Element Exists]. Comparison Type [EQUALS]. Validation Type [POSITIVE]. @30-04-2021 02:03:49.0654 AM
[ReportManager] Successfully created attachment [Screenshot - 1619748229574_assertElementExists_true_expectedToPass_AssertElementExists_passed] @30-04-2021 02:03:49.0655 A
[ReportManager] Successfully created attachment [Selenium WebDriver Logs - server] @30-04-2021 02:03:49.0738 AM
[ReportManager] Successfully created attachment [Selenium WebDriver Logs - performance] @30-04-2021 02:03:49.0773 AM
[ReportManager] Successfully created attachment [Selenium WebDriver Logs - driver] @30-04-2021 02:03:49.0844 AM
[ReportManager] Browser Action [closeCurrentWindow] successfully performed. @30-04-2021 02:03:49.0900 AM
[ReportManager] Successfully created attachment [Browser Action Test Data - closeCurrentWindow - Actual Value] @30-04-2021 02:03:49.0901 A
[ReportManager] File Action [getAbsolutePath] successfully performed. With the following test data [Relative Folder Path: "target/downloadedFiles/"]. @30-04-2021 02:03:49.0904 AM
[ReportManager] Attempting to run remotely on: [Linux-64], [GoogleChrome], [http://localhost:4444/wd/hub], Headless Execution. @30-04-2021 02:03:49.0904 AM
[ReportManager] Successfully Opened [GoogleChrome]. @30-04-2021 02:03:50.0128 AM
[ReportManager] Target URL: [https://www.google.com/ncr], and after redirection: [www.google.com] @30-04-2021 02:03:50.0141 AM
[ReportManager] Initial URL: [data:,] @30-04-2021 02:03:50.0183 AM
[ReportManager] Browser Action [navigateToURL] successfully performed. With the following test data [https://www.google.com/ncr]. @30-04-2021 02:03:51.0045 A

################################################################################################################################################
Starting Execution:	[100 out of 137] test cases in the current suite
Test Method:		[unitTests.tests_validations_assertions.assertElementExists_true_multipleElementsFound_expectedToFail]
################################################################################################################################################
[ReportManager] AssertElementExists FAILED; Expected [Element Should Exist, locator 'By.xpath: //div'] and Actual [Element Exists but is not unique]. Comparison Type [EQUALS]. Validation Type [POSITIVE]. @30-04-2021 02:03:51.0307 AM
[ReportManager] Successfully created attachment [Screenshot - 1619748231242_assertElementExists_true_multipleElementsFound_expectedToFail_AssertElementExists_failed] @30-04-2021 02:03:51.0308 A
[ReportManager] Successfully created attachment [Selenium WebDriver Logs - server] @30-04-2021 02:03:51.0396 AM
[ReportManager] Successfully created attachment [Selenium WebDriver Logs - performance] @30-04-2021 02:03:51.0431 AM
[ReportManager] Successfully created attachment [Selenium WebDriver Logs - driver] @30-04-2021 02:03:51.0506 AM
[ReportManager] Browser Action [closeCurrentWindow] successfully performed. @30-04-2021 02:03:51.0563 AM
[ReportManager] Successfully created attachment [Browser Action Test Data - closeCurrentWindow - Actual Value] @30-04-2021 02:03:51.0564 A

################################################################################################################################################
Starting Execution:	[101 out of 137] test cases in the current suite
Test Method:		[unitTests.tests_validations_assertions.assertEquals_false_expectedToFail]
################################################################################################################################################
[ReportManager] AssertEquals FAILED; Expected [1] and Actual [1]. Comparison Type [EQUALS]. Validation Type [NEGATIVE]. @30-04-2021 02:03:51.0568 A

################################################################################################################################################
Starting Execution:	[102 out of 137] test cases in the current suite
Test Method:		[unitTests.tests_validations_assertions.assertEquals_false_expectedToPass]
################################################################################################################################################
[ReportManager] AssertEquals PASSED; Expected [1] and Actual [2]. Comparison Type [EQUALS]. Validation Type [NEGATIVE]. @30-04-2021 02:03:51.0570 A

################################################################################################################################################
Starting Execution:	[103 out of 137] test cases in the current suite
Test Method:		[unitTests.tests_validations_assertions.assertEquals_longCharacters]
################################################################################################################################################
[ReportManager] VerifyEquals PASSED; Expected and Actual values are attached. Comparison Type [EQUALS]. Validation Type [POSITIVE]. @30-04-2021 02:03:51.0575 AM
[ReportManager] Successfully created attachment [Validation Test Data - Expected Value] @30-04-2021 02:03:51.0575 AM
[ReportManager] Successfully created attachment [Validation Test Data - Actual Value] @30-04-2021 02:03:51.0575 AM
[ReportManager] AssertEquals PASSED; Expected and Actual values are attached. Comparison Type [EQUALS]. Validation Type [POSITIVE]. @30-04-2021 02:03:51.0575 AM
[ReportManager] Successfully created attachment [Validation Test Data - Expected Value] @30-04-2021 02:03:51.0575 AM
[ReportManager] Successfully created attachment [Validation Test Data - Actual Value] @30-04-2021 02:03:51.0575 A

################################################################################################################################################
Starting Execution:	[104 out of 137] test cases in the current suite
Test Method:		[unitTests.tests_validations_assertions.assertEquals_longCharacters_Discreet]
################################################################################################################################################
[ReportManager] AssertEquals PASSED; Expected [1LH5pROcDBjjQk0t0mCr0lXuzQu9lcGj28kY8R1H81X67eVAQJgWQhILiRWVPUgZ6uCtK5cnBkF55Jr9vYngjGO1Iyf0Mktv6lruDlL9T8MAUPcUZJGHZtji6nIeadujDSNmWMj5d6C8zlFqw0CRqBU0hO5adIasHgBSNoLotAjce3NGXoDwAlp3rYreeV16VIyZXROQY] and Actual [1LH5pROcDBjjQk0t0mCr0lXuzQu9lcGj28kY8R1H81X67eVAQJgWQhILiRWVPUgZ6uCtK5cnBkF55Jr9vYngjGO1Iyf0Mktv6lruDlL9T8MAUPcUZJGHZtji6nIeadujDSNmWMj5d6C8zlFqw0CRqBU0hO5adIasHgBSNoLotAjce3NGXoDwAlp3rYreeV16VIyZXROQY]. Comparison Type [EQUALS]. Validation Type [POSITIVE]. @30-04-2021 02:03:51.0578 A

################################################################################################################################################
Starting Execution:	[105 out of 137] test cases in the current suite
Test Method:		[unitTests.tests_validations_assertions.assertEquals_true_expectedToFail]
################################################################################################################################################
[ReportManager] AssertEquals FAILED; Expected [1] and Actual [2]. Comparison Type [EQUALS]. Validation Type [POSITIVE]. @30-04-2021 02:03:51.0580 A

################################################################################################################################################
Starting Execution:	[106 out of 137] test cases in the current suite
Test Method:		[unitTests.tests_validations_assertions.assertEquals_true_expectedToPass]
Test Description:	[Assert that assertEquals works as expected when the two values are equal.]
################################################################################################################################################
[ReportManager] VerifyEquals PASSED; Expected [1] and Actual [1]. Comparison Type [EQUALS]. Validation Type [POSITIVE]. @30-04-2021 02:03:51.0581 AM
[ReportManager] AssertEquals PASSED; Expected [1] and Actual [1]. Comparison Type [EQUALS]. Validation Type [POSITIVE]. @30-04-2021 02:03:51.0582 A

################################################################################################################################################
Starting Execution:	[107 out of 137] test cases in the current suite
Test Method:		[unitTests.tests_validations_assertions.assertEquals_true_expectedToPass__]
################################################################################################################################################
[ReportManager] AssertEquals PASSED; Expected [1] and Actual [1]. Comparison Type [EQUALS]. Validation Type [POSITIVE]. @30-04-2021 02:03:51.0583 A

################################################################################################################################################
Starting Execution:	[108 out of 137] test cases in the current suite
Test Method:		[unitTests.tests_validations_assertions.assertFileExists_false_expectedToFail]
################################################################################################################################################
[ReportManager] File Action [doesFileExist] successfully performed. With the following test data [File Path: "src/main/java/com/shaft/gui/element/ElementActions.java"]. @30-04-2021 02:03:51.0585 AM
[ReportManager] AssertFileExists FAILED; Expected [File 'src/main/java/com/shaft/gui/element/ElementActions.java' should not exist, after up to '1' retries] and Actual [File exists]. Validation Type [NEGATIVE]. @30-04-2021 02:03:51.0585 A

################################################################################################################################################
Starting Execution:	[109 out of 137] test cases in the current suite
Test Method:		[unitTests.tests_validations_assertions.assertFileExists_false_expectedToPass]
################################################################################################################################################
[ReportManager] File Action [doesFileExist] successfully performed. With the following test data [File Path: "src/main/java/com/shaft/gui/element/ElementActions.java_fail"]. @30-04-2021 02:03:52.0088 AM
[ReportManager] AssertFileExists PASSED; Expected [File 'src/main/java/com/shaft/gui/element/ElementActions.java_fail' should not exist, after up to '1' retries] and Actual [File does not exist]. Validation Type [NEGATIVE]. @30-04-2021 02:03:52.0088 A

################################################################################################################################################
Starting Execution:	[110 out of 137] test cases in the current suite
Test Method:		[unitTests.tests_validations_assertions.assertFileExists_true_expectedToFail]
################################################################################################################################################
[ReportManager] File Action [doesFileExist] successfully performed. With the following test data [File Path: "src/main/java/com/shaft/gui/element/ElementActions.java_fail"]. @30-04-2021 02:03:52.0592 AM
[ReportManager] AssertFileExists FAILED; Expected [File 'src/main/java/com/shaft/gui/element/ElementActions.java_fail' should exist, after up to '1' retries] and Actual [File does not exist]. Validation Type [POSITIVE]. @30-04-2021 02:03:52.0592 A

################################################################################################################################################
Starting Execution:	[111 out of 137] test cases in the current suite
Test Method:		[unitTests.tests_validations_assertions.assertFileExists_true_expectedToPass]
################################################################################################################################################
[ReportManager] File Action [doesFileExist] successfully performed. With the following test data [File Path: "src/main/java/com/shaft/gui/element/ElementActions.java"]. @30-04-2021 02:03:52.0598 AM
[ReportManager] AssertFileExists PASSED; Expected [File 'src/main/java/com/shaft/gui/element/ElementActions.java' should exist, after up to '1' retries] and Actual [File exists]. Validation Type [POSITIVE]. @30-04-2021 02:03:52.0599 A

################################################################################################################################################
Starting Execution:	[112 out of 137] test cases in the current suite
Test Method:		[unitTests.tests_validations_assertions.assertNull_false_expectedToFail]
################################################################################################################################################
[ReportManager] AssertNull FAILED; Expected [NULL] and Actual [NULL]. Comparison Type [EQUALS]. Validation Type [NEGATIVE]. @30-04-2021 02:03:52.0604 A

################################################################################################################################################
Starting Execution:	[113 out of 137] test cases in the current suite
Test Method:		[unitTests.tests_validations_assertions.assertNull_false_expectedToPass]
################################################################################################################################################
[ReportManager] AssertNull PASSED; Expected [NULL] and Actual [1]. Comparison Type [EQUALS]. Validation Type [NEGATIVE]. @30-04-2021 02:03:52.0609 A

################################################################################################################################################
Starting Execution:	[114 out of 137] test cases in the current suite
Test Method:		[unitTests.tests_validations_assertions.assertNull_true_expectedToFail]
################################################################################################################################################
[ReportManager] AssertNull FAILED; Expected [NULL] and Actual [1]. Comparison Type [EQUALS]. Validation Type [POSITIVE]. @30-04-2021 02:03:52.0612 A

################################################################################################################################################
Starting Execution:	[115 out of 137] test cases in the current suite
Test Method:		[unitTests.tests_validations_assertions.assertNull_true_expectedToPass]
################################################################################################################################################
[ReportManager] AssertNull PASSED; Expected [NULL] and Actual [NULL]. Comparison Type [EQUALS]. Validation Type [POSITIVE]. @30-04-2021 02:03:52.0616 A
[ReportManager] File Action [getAbsolutePath] successfully performed. With the following test data [Relative Folder Path: "target/downloadedFiles/"]. @30-04-2021 02:03:52.0619 AM
[ReportManager] Attempting to run remotely on: [Linux-64], [GoogleChrome], [http://localhost:4444/wd/hub], Headless Execution. @30-04-2021 02:03:52.0619 AM
[ReportManager] Successfully Opened [GoogleChrome]. @30-04-2021 02:03:52.0822 AM
[ReportManager] Target URL: [https://duckduckgo.com] @30-04-2021 02:03:52.0836 AM
[ReportManager] Initial URL: [data:,] @30-04-2021 02:03:52.0875 AM
[ReportManager] Browser Action [navigateToURL] successfully performed. With the following test data [https://duckduckgo.com]. @30-04-2021 02:03:53.0479 A

################################################################################################################################################
Starting Execution:	[116 out of 137] test cases in the current suite
Test Method:		[unitTests.tests_browserActions.fullScreenWindow]
################################################################################################################################################
[ReportManager] Initial Windows Size: 800x600 @30-04-2021 02:03:53.0486 AM
[ReportManager] Initial window size: (800, 600) @30-04-2021 02:03:53.0488 AM
[ReportManager] Window size after Toolkit: (1920, 1080) @30-04-2021 02:03:53.0706 AM
[ReportManager] Browser Action [maximizeWindow] successfully performed. With the following test data [New screen size is now: (1920, 1080)]. @30-04-2021 02:03:53.0708 AM
[ReportManager] Current Windows Size after fullScreen: 1920x1080 @30-04-2021 02:03:53.0717 AM
[ReportManager] Browser Action [fullScreenWindow] successfully performed. @30-04-2021 02:03:53.0744 AM
[ReportManager] Successfully created attachment [Browser Action Test Data - fullScreenWindow - Actual Value] @30-04-2021 02:03:53.0745 A
[ReportManager] Target URL: [https://duckduckgo.com] @30-04-2021 02:03:53.0754 AM
[ReportManager] Initial URL: [https://duckduckgo.com] @30-04-2021 02:03:53.0814 AM
[ReportManager] Browser Action [navigateToURL] successfully performed. With the following test data [https://duckduckgo.com]. @30-04-2021 02:03:54.0159 AM
[ReportManager] Successfully created attachment [Selenium WebDriver Logs - server] @30-04-2021 02:03:54.0209 AM
[ReportManager] Successfully created attachment [Selenium WebDriver Logs - performance] @30-04-2021 02:03:54.0340 AM
[ReportManager] Successfully created attachment [Selenium WebDriver Logs - driver] @30-04-2021 02:03:54.0499 AM
[ReportManager] Browser Action [closeCurrentWindow] successfully performed. @30-04-2021 02:03:54.0558 AM
[ReportManager] Successfully created attachment [Browser Action Test Data - closeCurrentWindow - Actual Value] @30-04-2021 02:03:54.0558 A
[ReportManager] File Action [getAbsolutePath] successfully performed. With the following test data [Relative Folder Path: "target/downloadedFiles/"]. @30-04-2021 02:03:54.0563 AM
[ReportManager] Attempting to run remotely on: [Linux-64], [GoogleChrome], [http://localhost:4444/wd/hub], Headless Execution. @30-04-2021 02:03:54.0563 AM
[ReportManager] Successfully Opened [GoogleChrome]. @30-04-2021 02:03:54.0773 AM
[ReportManager] Target URL: [https://duckduckgo.com] @30-04-2021 02:03:54.0782 AM
[ReportManager] Initial URL: [data:,] @30-04-2021 02:03:54.0821 AM
[ReportManager] Browser Action [navigateToURL] successfully performed. With the following test data [https://duckduckgo.com]. @30-04-2021 02:03:55.0346 A

################################################################################################################################################
Starting Execution:	[117 out of 137] test cases in the current suite
Test Method:		[unitTests.tests_browserActions.getCurrentURL]
################################################################################################################################################
[ReportManager] Browser Action [getCurrentURL] successfully performed. With the following test data [https://duckduckgo.com/]. @30-04-2021 02:03:55.0385 A
[ReportManager] Target URL: [https://duckduckgo.com] @30-04-2021 02:03:55.0389 AM
[ReportManager] Initial URL: [https://duckduckgo.com] @30-04-2021 02:03:55.0439 AM
[ReportManager] Browser Action [navigateToURL] successfully performed. With the following test data [https://duckduckgo.com]. @30-04-2021 02:03:55.0776 AM
[ReportManager] Successfully created attachment [Selenium WebDriver Logs - server] @30-04-2021 02:03:55.0834 AM
[ReportManager] Successfully created attachment [Selenium WebDriver Logs - performance] @30-04-2021 02:03:55.0953 AM
[ReportManager] Successfully created attachment [Selenium WebDriver Logs - driver] @30-04-2021 02:03:56.0101 AM
[ReportManager] Browser Action [closeCurrentWindow] successfully performed. @30-04-2021 02:03:56.0159 AM
[ReportManager] Successfully created attachment [Browser Action Test Data - closeCurrentWindow - Actual Value] @30-04-2021 02:03:56.0159 A
[ReportManager] File Action [getAbsolutePath] successfully performed. With the following test data [Relative Folder Path: "target/downloadedFiles/"]. @30-04-2021 02:03:56.0164 AM
[ReportManager] Attempting to run remotely on: [Linux-64], [GoogleChrome], [http://localhost:4444/wd/hub], Headless Execution. @30-04-2021 02:03:56.0164 AM
[ReportManager] Successfully Opened [GoogleChrome]. @30-04-2021 02:03:56.0390 AM
[ReportManager] Target URL: [https://duckduckgo.com] @30-04-2021 02:03:56.0405 AM
[ReportManager] Initial URL: [data:,] @30-04-2021 02:03:56.0445 AM
[ReportManager] Browser Action [navigateToURL] successfully performed. With the following test data [https://duckduckgo.com]. @30-04-2021 02:03:56.0983 A

################################################################################################################################################
Starting Execution:	[118 out of 137] test cases in the current suite
Test Method:		[unitTests.tests_browserActions.getCurrentWindowTitle]
################################################################################################################################################
[ReportManager] Browser Action [getCurrentWindowTitle] successfully performed. With the following test data [DuckDuckGo  Privacy, simplified.]. @30-04-2021 02:03:57.0017 A
[ReportManager] Target URL: [https://duckduckgo.com] @30-04-2021 02:03:57.0020 AM
[ReportManager] Initial URL: [https://duckduckgo.com] @30-04-2021 02:03:57.0074 AM
[ReportManager] Browser Action [navigateToURL] successfully performed. With the following test data [https://duckduckgo.com]. @30-04-2021 02:03:57.0417 AM
[ReportManager] Successfully created attachment [Selenium WebDriver Logs - server] @30-04-2021 02:03:57.0470 AM
[ReportManager] Successfully created attachment [Selenium WebDriver Logs - performance] @30-04-2021 02:03:57.0587 AM
[ReportManager] Successfully created attachment [Selenium WebDriver Logs - driver] @30-04-2021 02:03:57.0747 AM
[ReportManager] Browser Action [closeCurrentWindow] successfully performed. @30-04-2021 02:03:57.0805 AM
[ReportManager] Successfully created attachment [Browser Action Test Data - closeCurrentWindow - Actual Value] @30-04-2021 02:03:57.0806 A
[ReportManager] File Action [getAbsolutePath] successfully performed. With the following test data [Relative Folder Path: "target/downloadedFiles/"]. @30-04-2021 02:03:57.0808 AM
[ReportManager] Attempting to run remotely on: [Linux-64], [GoogleChrome], [http://localhost:4444/wd/hub], Headless Execution. @30-04-2021 02:03:57.0808 AM
[ReportManager] Successfully Opened [GoogleChrome]. @30-04-2021 02:03:58.0135 AM
[ReportManager] Target URL: [https://duckduckgo.com] @30-04-2021 02:03:58.0145 AM
[ReportManager] Initial URL: [data:,] @30-04-2021 02:03:58.0186 AM
[ReportManager] Browser Action [navigateToURL] successfully performed. With the following test data [https://duckduckgo.com]. @30-04-2021 02:03:58.0726 A

################################################################################################################################################
Starting Execution:	[119 out of 137] test cases in the current suite
Test Method:		[unitTests.tests_browserActions.getPageSource]
################################################################################################################################################
[ReportManager] Browser Action [getPageSource] successfully performed. @30-04-2021 02:03:58.0778 AM
[ReportManager] Successfully created attachment [Browser Action Test Data - getPageSource - Actual Value] @30-04-2021 02:03:58.0778 A
[ReportManager] Target URL: [https://duckduckgo.com] @30-04-2021 02:03:58.0780 AM
[ReportManager] Initial URL: [https://duckduckgo.com] @30-04-2021 02:03:58.0831 AM
[ReportManager] Browser Action [navigateToURL] successfully performed. With the following test data [https://duckduckgo.com]. @30-04-2021 02:03:59.0176 AM
[ReportManager] Successfully created attachment [Selenium WebDriver Logs - server] @30-04-2021 02:03:59.0226 AM
[ReportManager] Successfully created attachment [Selenium WebDriver Logs - performance] @30-04-2021 02:03:59.0341 AM
[ReportManager] Successfully created attachment [Selenium WebDriver Logs - driver] @30-04-2021 02:03:59.0495 AM
[ReportManager] Browser Action [closeCurrentWindow] successfully performed. @30-04-2021 02:03:59.0551 AM
[ReportManager] Successfully created attachment [Browser Action Test Data - closeCurrentWindow - Actual Value] @30-04-2021 02:03:59.0552 A
[ReportManager] File Action [getAbsolutePath] successfully performed. With the following test data [Relative Folder Path: "target/downloadedFiles/"]. @30-04-2021 02:03:59.0555 AM
[ReportManager] Attempting to run remotely on: [Linux-64], [GoogleChrome], [http://localhost:4444/wd/hub], Headless Execution. @30-04-2021 02:03:59.0555 AM
[ReportManager] Successfully Opened [GoogleChrome]. @30-04-2021 02:03:59.0760 AM
[ReportManager] Target URL: [https://duckduckgo.com] @30-04-2021 02:03:59.0769 AM
[ReportManager] Initial URL: [data:,] @30-04-2021 02:03:59.0807 AM
[ReportManager] Browser Action [navigateToURL] successfully performed. With the following test data [https://duckduckgo.com]. @30-04-2021 02:04:00.0366 A

################################################################################################################################################
Starting Execution:	[120 out of 137] test cases in the current suite
Test Method:		[unitTests.tests_browserActions.getWindowHandle]
################################################################################################################################################
[ReportManager] Browser Action [getWindowHandle] successfully performed. With the following test data [CDwindow-C89B6E84D407979EA5C2DBD39A56D5F0]. @30-04-2021 02:04:00.0428 A
[ReportManager] Target URL: [https://duckduckgo.com] @30-04-2021 02:04:00.0429 AM
[ReportManager] Initial URL: [https://duckduckgo.com] @30-04-2021 02:04:00.0496 AM
[ReportManager] Browser Action [navigateToURL] successfully performed. With the following test data [https://duckduckgo.com]. @30-04-2021 02:04:00.0853 AM
[ReportManager] Successfully created attachment [Selenium WebDriver Logs - server] @30-04-2021 02:04:00.0902 AM
[ReportManager] Successfully created attachment [Selenium WebDriver Logs - performance] @30-04-2021 02:04:01.0019 AM
[ReportManager] Successfully created attachment [Selenium WebDriver Logs - driver] @30-04-2021 02:04:01.0159 AM
[ReportManager] Browser Action [closeCurrentWindow] successfully performed. @30-04-2021 02:04:01.0215 AM
[ReportManager] Successfully created attachment [Browser Action Test Data - closeCurrentWindow - Actual Value] @30-04-2021 02:04:01.0215 A
[ReportManager] File Action [getAbsolutePath] successfully performed. With the following test data [Relative Folder Path: "target/downloadedFiles/"]. @30-04-2021 02:04:01.0217 AM
[ReportManager] Attempting to run remotely on: [Linux-64], [GoogleChrome], [http://localhost:4444/wd/hub], Headless Execution. @30-04-2021 02:04:01.0217 AM
[ReportManager] Successfully Opened [GoogleChrome]. @30-04-2021 02:04:01.0453 AM
[ReportManager] Target URL: [https://duckduckgo.com] @30-04-2021 02:04:01.0462 AM
[ReportManager] Initial URL: [data:,] @30-04-2021 02:04:01.0503 AM
[ReportManager] Browser Action [navigateToURL] successfully performed. With the following test data [https://duckduckgo.com]. @30-04-2021 02:04:02.0047 A

################################################################################################################################################
Starting Execution:	[121 out of 137] test cases in the current suite
Test Method:		[unitTests.tests_browserActions.getWindowPosition]
################################################################################################################################################
[ReportManager] Browser Action [getWindowPosition] successfully performed. With the following test data [(0, 0)]. @30-04-2021 02:04:02.0087 A
[ReportManager] Target URL: [https://duckduckgo.com] @30-04-2021 02:04:02.0089 AM
[ReportManager] Initial URL: [https://duckduckgo.com] @30-04-2021 02:04:02.0141 AM
[ReportManager] Browser Action [navigateToURL] successfully performed. With the following test data [https://duckduckgo.com]. @30-04-2021 02:04:02.0467 AM
[ReportManager] Successfully created attachment [Selenium WebDriver Logs - server] @30-04-2021 02:04:02.0517 AM
[ReportManager] Successfully created attachment [Selenium WebDriver Logs - performance] @30-04-2021 02:04:02.0632 AM
[ReportManager] Successfully created attachment [Selenium WebDriver Logs - driver] @30-04-2021 02:04:02.0780 AM
[ReportManager] Browser Action [closeCurrentWindow] successfully performed. @30-04-2021 02:04:02.0845 AM
[ReportManager] Successfully created attachment [Browser Action Test Data - closeCurrentWindow - Actual Value] @30-04-2021 02:04:02.0845 A
[ReportManager] File Action [getAbsolutePath] successfully performed. With the following test data [Relative Folder Path: "target/downloadedFiles/"]. @30-04-2021 02:04:02.0847 AM
[ReportManager] Attempting to run remotely on: [Linux-64], [GoogleChrome], [http://localhost:4444/wd/hub], Headless Execution. @30-04-2021 02:04:02.0847 AM
[ReportManager] Successfully Opened [GoogleChrome]. @30-04-2021 02:04:03.0056 AM
[ReportManager] Target URL: [https://duckduckgo.com] @30-04-2021 02:04:03.0069 AM
[ReportManager] Initial URL: [data:,] @30-04-2021 02:04:03.0108 AM
[ReportManager] Browser Action [navigateToURL] successfully performed. With the following test data [https://duckduckgo.com]. @30-04-2021 02:04:03.0662 A

################################################################################################################################################
Starting Execution:	[122 out of 137] test cases in the current suite
Test Method:		[unitTests.tests_browserActions.getWindowSize]
################################################################################################################################################
[ReportManager] Browser Action [getWindowSize] successfully performed. With the following test data [(800, 600)]. @30-04-2021 02:04:03.0702 A
[ReportManager] Target URL: [https://duckduckgo.com] @30-04-2021 02:04:03.0704 AM
[ReportManager] Initial URL: [https://duckduckgo.com] @30-04-2021 02:04:03.0765 AM
[ReportManager] Browser Action [navigateToURL] successfully performed. With the following test data [https://duckduckgo.com]. @30-04-2021 02:04:04.0111 AM
[ReportManager] Successfully created attachment [Selenium WebDriver Logs - server] @30-04-2021 02:04:04.0160 AM
[ReportManager] Successfully created attachment [Selenium WebDriver Logs - performance] @30-04-2021 02:04:04.0271 AM
[ReportManager] Successfully created attachment [Selenium WebDriver Logs - driver] @30-04-2021 02:04:04.0418 AM
[ReportManager] Browser Action [closeCurrentWindow] successfully performed. @30-04-2021 02:04:04.0474 AM
[ReportManager] Successfully created attachment [Browser Action Test Data - closeCurrentWindow - Actual Value] @30-04-2021 02:04:04.0475 A
[ReportManager] File Action [getAbsolutePath] successfully performed. With the following test data [Relative Folder Path: "target/downloadedFiles/"]. @30-04-2021 02:04:04.0477 AM
[ReportManager] Attempting to run remotely on: [Linux-64], [GoogleChrome], [http://localhost:4444/wd/hub], Headless Execution. @30-04-2021 02:04:04.0477 AM
[ReportManager] Successfully Opened [GoogleChrome]. @30-04-2021 02:04:04.0687 AM
[ReportManager] Target URL: [https://duckduckgo.com] @30-04-2021 02:04:04.0702 AM
[ReportManager] Initial URL: [data:,] @30-04-2021 02:04:04.0757 AM
[ReportManager] Browser Action [navigateToURL] successfully performed. With the following test data [https://duckduckgo.com]. @30-04-2021 02:04:05.0381 A

################################################################################################################################################
Starting Execution:	[123 out of 137] test cases in the current suite
Test Method:		[unitTests.tests_browserActions.maximizeWindow]
################################################################################################################################################
[ReportManager] Initial window size: (800, 600) @30-04-2021 02:04:05.0399 AM
[ReportManager] Window size after Toolkit: (1920, 1080) @30-04-2021 02:04:05.0622 AM
[ReportManager] Browser Action [maximizeWindow] successfully performed. With the following test data [New screen size is now: (1920, 1080)]. @30-04-2021 02:04:05.0624 A
[ReportManager] Target URL: [https://duckduckgo.com] @30-04-2021 02:04:05.0627 AM
[ReportManager] Initial URL: [https://duckduckgo.com] @30-04-2021 02:04:05.0691 AM
[ReportManager] Browser Action [navigateToURL] successfully performed. With the following test data [https://duckduckgo.com]. @30-04-2021 02:04:06.0019 AM
[ReportManager] Successfully created attachment [Selenium WebDriver Logs - server] @30-04-2021 02:04:06.0072 AM
[ReportManager] Successfully created attachment [Selenium WebDriver Logs - performance] @30-04-2021 02:04:06.0184 AM
[ReportManager] Successfully created attachment [Selenium WebDriver Logs - driver] @30-04-2021 02:04:06.0326 AM
[ReportManager] Browser Action [closeCurrentWindow] successfully performed. @30-04-2021 02:04:06.0394 AM
[ReportManager] Successfully created attachment [Browser Action Test Data - closeCurrentWindow - Actual Value] @30-04-2021 02:04:06.0395 A
[ReportManager] File Action [getAbsolutePath] successfully performed. With the following test data [Relative Folder Path: "target/downloadedFiles/"]. @30-04-2021 02:04:06.0400 AM
[ReportManager] Attempting to run remotely on: [Linux-64], [GoogleChrome], [http://localhost:4444/wd/hub], Headless Execution. @30-04-2021 02:04:06.0400 AM
[ReportManager] Successfully Opened [GoogleChrome]. @30-04-2021 02:04:06.0596 AM
[ReportManager] Target URL: [https://duckduckgo.com] @30-04-2021 02:04:06.0608 AM
[ReportManager] Initial URL: [data:,] @30-04-2021 02:04:06.0647 AM
[ReportManager] Browser Action [navigateToURL] successfully performed. With the following test data [https://duckduckgo.com]. @30-04-2021 02:04:07.0185 A

################################################################################################################################################
Starting Execution:	[124 out of 137] test cases in the current suite
Test Method:		[unitTests.tests_browserActions.navigateBack]
################################################################################################################################################
[ReportManager] Target URL: [https://www.google.com/ncr], and after redirection: [https://www.google.com] @30-04-2021 02:04:07.0192 AM
[ReportManager] Initial URL: [https://duckduckgo.com] @30-04-2021 02:04:07.0242 AM
[ReportManager] Browser Action [navigateToURL] successfully performed. With the following test data [https://www.google.com/ncr]. @30-04-2021 02:04:08.0063 AM
[ReportManager] Browser Action [navigateBack] successfully performed. With the following test data [https://duckduckgo.com/]. @30-04-2021 02:04:08.0416 AM
[ReportManager] Confirming that navigating back was successful... @30-04-2021 02:04:08.0417 AM
[ReportManager] Browser Action [getCurrentURL] successfully performed. With the following test data [https://duckduckgo.com/]. @30-04-2021 02:04:08.0445 AM
[ReportManager] AssertBrowserAttribute PASSED; Expected [Value Should be 'https://duckduckgo.com' for the 'CurrentUrl' attribute] and Actual [https://duckduckgo.com/]. Comparison Type [CONTAINS]. Validation Type [POSITIVE]. @30-04-2021 02:04:08.0445 A
[ReportManager] Target URL: [https://duckduckgo.com] @30-04-2021 02:04:08.0447 AM
[ReportManager] Initial URL: [https://duckduckgo.com] @30-04-2021 02:04:08.0498 AM
[ReportManager] Browser Action [navigateToURL] successfully performed. With the following test data [https://duckduckgo.com]. @30-04-2021 02:04:08.0833 AM
[ReportManager] Successfully created attachment [Selenium WebDriver Logs - server] @30-04-2021 02:04:08.0880 AM
[ReportManager] Successfully created attachment [Selenium WebDriver Logs - performance] @30-04-2021 02:04:09.0056 AM
[ReportManager] Successfully created attachment [Selenium WebDriver Logs - driver] @30-04-2021 02:04:09.0321 AM
[ReportManager] Browser Action [closeCurrentWindow] successfully performed. @30-04-2021 02:04:09.0378 AM
[ReportManager] Successfully created attachment [Browser Action Test Data - closeCurrentWindow - Actual Value] @30-04-2021 02:04:09.0379 A
[ReportManager] File Action [getAbsolutePath] successfully performed. With the following test data [Relative Folder Path: "target/downloadedFiles/"]. @30-04-2021 02:04:09.0396 AM
[ReportManager] Attempting to run remotely on: [Linux-64], [GoogleChrome], [http://localhost:4444/wd/hub], Headless Execution. @30-04-2021 02:04:09.0396 AM
[ReportManager] Successfully Opened [GoogleChrome]. @30-04-2021 02:04:09.0622 AM
[ReportManager] Target URL: [https://duckduckgo.com] @30-04-2021 02:04:09.0634 AM
[ReportManager] Initial URL: [data:,] @30-04-2021 02:04:09.0674 AM
[ReportManager] Browser Action [navigateToURL] successfully performed. With the following test data [https://duckduckgo.com]. @30-04-2021 02:04:10.0255 A

################################################################################################################################################
Starting Execution:	[125 out of 137] test cases in the current suite
Test Method:		[unitTests.tests_browserActions.navigateForward]
################################################################################################################################################
[ReportManager] Target URL: [https://www.google.com/ncr], and after redirection: [https://www.google.com] @30-04-2021 02:04:10.0257 AM
[ReportManager] Initial URL: [https://duckduckgo.com] @30-04-2021 02:04:10.0314 AM
[ReportManager] Browser Action [navigateToURL] successfully performed. With the following test data [https://www.google.com/ncr]. @30-04-2021 02:04:11.0226 AM
[ReportManager] Browser Action [navigateBack] successfully performed. With the following test data [https://duckduckgo.com/]. @30-04-2021 02:04:11.0588 AM
[ReportManager] Browser Action [navigateForward] successfully performed. With the following test data [https://www.google.com/]. @30-04-2021 02:04:12.0014 A
[ReportManager] Target URL: [https://duckduckgo.com] @30-04-2021 02:04:12.0016 AM
[ReportManager] Initial URL: [https://www.google.com] @30-04-2021 02:04:12.0096 AM
[ReportManager] Browser Action [navigateToURL] successfully performed. With the following test data [https://duckduckgo.com]. @30-04-2021 02:04:12.0560 AM
[ReportManager] Successfully created attachment [Selenium WebDriver Logs - server] @30-04-2021 02:04:12.0610 AM
[ReportManager] Successfully created attachment [Selenium WebDriver Logs - performance] @30-04-2021 02:04:12.0789 AM
[ReportManager] Successfully created attachment [Selenium WebDriver Logs - driver] @30-04-2021 02:04:13.0066 AM
[ReportManager] Browser Action [closeCurrentWindow] successfully performed. @30-04-2021 02:04:13.0122 AM
[ReportManager] Successfully created attachment [Browser Action Test Data - closeCurrentWindow - Actual Value] @30-04-2021 02:04:13.0123 A
[ReportManager] File Action [getAbsolutePath] successfully performed. With the following test data [Relative Folder Path: "target/downloadedFiles/"]. @30-04-2021 02:04:13.0128 AM
[ReportManager] Attempting to run remotely on: [Linux-64], [GoogleChrome], [http://localhost:4444/wd/hub], Headless Execution. @30-04-2021 02:04:13.0128 AM
[ReportManager] Successfully Opened [GoogleChrome]. @30-04-2021 02:04:13.0311 AM
[ReportManager] Target URL: [https://duckduckgo.com] @30-04-2021 02:04:13.0324 AM
[ReportManager] Initial URL: [data:,] @30-04-2021 02:04:13.0361 AM
[ReportManager] Browser Action [navigateToURL] successfully performed. With the following test data [https://duckduckgo.com]. @30-04-2021 02:04:13.0891 A

################################################################################################################################################
Starting Execution:	[126 out of 137] test cases in the current suite
Test Method:		[unitTests.tests_browserActions.navigateToURL]
################################################################################################################################################
[ReportManager] Target URL: [https://duckduckgo.com] @30-04-2021 02:04:13.0894 AM
[ReportManager] Initial URL: [https://duckduckgo.com] @30-04-2021 02:04:13.0957 AM
[ReportManager] Browser Action [navigateToURL] successfully performed. With the following test data [https://duckduckgo.com]. @30-04-2021 02:04:14.0285 A
[ReportManager] Target URL: [https://duckduckgo.com] @30-04-2021 02:04:14.0288 AM
[ReportManager] Initial URL: [https://duckduckgo.com] @30-04-2021 02:04:14.0344 AM
[ReportManager] Browser Action [navigateToURL] successfully performed. With the following test data [https://duckduckgo.com]. @30-04-2021 02:04:14.0621 AM
[ReportManager] Successfully created attachment [Selenium WebDriver Logs - server] @30-04-2021 02:04:14.0668 AM
[ReportManager] Successfully created attachment [Selenium WebDriver Logs - performance] @30-04-2021 02:04:14.0848 AM
[ReportManager] Successfully created attachment [Selenium WebDriver Logs - driver] @30-04-2021 02:04:15.0060 AM
[ReportManager] Browser Action [closeCurrentWindow] successfully performed. @30-04-2021 02:04:15.0117 AM
[ReportManager] Successfully created attachment [Browser Action Test Data - closeCurrentWindow - Actual Value] @30-04-2021 02:04:15.0117 A
[ReportManager] File Action [getAbsolutePath] successfully performed. With the following test data [Relative Folder Path: "target/downloadedFiles/"]. @30-04-2021 02:04:15.0120 AM
[ReportManager] Attempting to run remotely on: [Linux-64], [GoogleChrome], [http://localhost:4444/wd/hub], Headless Execution. @30-04-2021 02:04:15.0121 AM
[ReportManager] Successfully Opened [GoogleChrome]. @30-04-2021 02:04:15.0323 AM
[ReportManager] Target URL: [https://duckduckgo.com] @30-04-2021 02:04:15.0334 AM
[ReportManager] Initial URL: [data:,] @30-04-2021 02:04:15.0370 AM
[ReportManager] Browser Action [navigateToURL] successfully performed. With the following test data [https://duckduckgo.com]. @30-04-2021 02:04:15.0895 A

################################################################################################################################################
Starting Execution:	[127 out of 137] test cases in the current suite
Test Method:		[unitTests.tests_browserActions.navigateToURLWithRedirection]
################################################################################################################################################
[ReportManager] Target URL: [https://www.google.com/ncr], and after redirection: [https://www.google.com] @30-04-2021 02:04:15.0898 AM
[ReportManager] Initial URL: [https://duckduckgo.com] @30-04-2021 02:04:15.0953 AM
[ReportManager] Browser Action [navigateToURL] successfully performed. With the following test data [https://www.google.com/ncr]. @30-04-2021 02:04:16.0819 A
[ReportManager] Target URL: [https://duckduckgo.com] @30-04-2021 02:04:16.0820 AM
[ReportManager] Initial URL: [https://www.google.com] @30-04-2021 02:04:16.0901 AM
[ReportManager] Browser Action [navigateToURL] successfully performed. With the following test data [https://duckduckgo.com]. @30-04-2021 02:04:17.0380 AM
[ReportManager] Successfully created attachment [Selenium WebDriver Logs - server] @30-04-2021 02:04:17.0427 AM
[ReportManager] Successfully created attachment [Selenium WebDriver Logs - performance] @30-04-2021 02:04:17.0549 AM
[ReportManager] Successfully created attachment [Selenium WebDriver Logs - driver] @30-04-2021 02:04:17.0728 AM
[ReportManager] Browser Action [closeCurrentWindow] successfully performed. @30-04-2021 02:04:17.0784 AM
[ReportManager] Successfully created attachment [Browser Action Test Data - closeCurrentWindow - Actual Value] @30-04-2021 02:04:17.0785 A
[ReportManager] File Action [getAbsolutePath] successfully performed. With the following test data [Relative Folder Path: "target/downloadedFiles/"]. @30-04-2021 02:04:17.0787 AM
[ReportManager] Attempting to run remotely on: [Linux-64], [GoogleChrome], [http://localhost:4444/wd/hub], Headless Execution. @30-04-2021 02:04:17.0787 AM
[ReportManager] Successfully Opened [GoogleChrome]. @30-04-2021 02:04:17.0996 AM
[ReportManager] Target URL: [https://duckduckgo.com] @30-04-2021 02:04:18.0006 AM
[ReportManager] Initial URL: [data:,] @30-04-2021 02:04:18.0044 AM
[ReportManager] Browser Action [navigateToURL] successfully performed. With the following test data [https://duckduckgo.com]. @30-04-2021 02:04:18.0564 A

################################################################################################################################################
Starting Execution:	[128 out of 137] test cases in the current suite
Test Method:		[unitTests.tests_browserActions.refreshCurrentPage]
################################################################################################################################################
[ReportManager] Browser Action [refreshCurrentPage] successfully performed. @30-04-2021 02:04:18.0823 AM
[ReportManager] Successfully created attachment [Browser Action Test Data - refreshCurrentPage - Actual Value] @30-04-2021 02:04:18.0824 A
[ReportManager] Target URL: [https://duckduckgo.com] @30-04-2021 02:04:18.0825 AM
[ReportManager] Initial URL: [https://duckduckgo.com] @30-04-2021 02:04:18.0882 AM
[ReportManager] Browser Action [navigateToURL] successfully performed. With the following test data [https://duckduckgo.com]. @30-04-2021 02:04:19.0163 AM
[ReportManager] Successfully created attachment [Selenium WebDriver Logs - server] @30-04-2021 02:04:19.0211 AM
[ReportManager] Successfully created attachment [Selenium WebDriver Logs - performance] @30-04-2021 02:04:19.0383 AM
[ReportManager] Successfully created attachment [Selenium WebDriver Logs - driver] @30-04-2021 02:04:19.0590 AM
[ReportManager] Browser Action [closeCurrentWindow] successfully performed. @30-04-2021 02:04:19.0646 AM
[ReportManager] Successfully created attachment [Browser Action Test Data - closeCurrentWindow - Actual Value] @30-04-2021 02:04:19.0647 A
[ReportManager] File Action [getAbsolutePath] successfully performed. With the following test data [Relative Folder Path: "target/downloadedFiles/"]. @30-04-2021 02:04:19.0655 AM
[ReportManager] Attempting to run remotely on: [Linux-64], [GoogleChrome], [http://localhost:4444/wd/hub], Headless Execution. @30-04-2021 02:04:19.0655 AM
[ReportManager] Successfully Opened [GoogleChrome]. @30-04-2021 02:04:19.0856 AM
[ReportManager] Target URL: [https://duckduckgo.com] @30-04-2021 02:04:19.0869 AM
[ReportManager] Initial URL: [data:,] @30-04-2021 02:04:19.0911 AM
[ReportManager] Browser Action [navigateToURL] successfully performed. With the following test data [https://duckduckgo.com]. @30-04-2021 02:04:20.0421 A

################################################################################################################################################
Starting Execution:	[129 out of 137] test cases in the current suite
Test Method:		[unitTests.tests_browserActions.setWindowSize]
################################################################################################################################################
[ReportManager] Initial window size: (800, 600) @30-04-2021 02:04:20.0433 AM
[ReportManager] Window size after SWD: (1280, 720) @30-04-2021 02:04:20.0653 AM
[ReportManager] Browser Action [setWindowSize] successfully performed. With the following test data [New screen size is now: (1280, 720)]. @30-04-2021 02:04:20.0654 A
[ReportManager] Target URL: [https://duckduckgo.com] @30-04-2021 02:04:20.0658 AM
[ReportManager] Initial URL: [https://duckduckgo.com] @30-04-2021 02:04:20.0722 AM
[ReportManager] Browser Action [navigateToURL] successfully performed. With the following test data [https://duckduckgo.com]. @30-04-2021 02:04:21.0056 AM
[ReportManager] Successfully created attachment [Selenium WebDriver Logs - server] @30-04-2021 02:04:21.0121 AM
[ReportManager] Successfully created attachment [Selenium WebDriver Logs - performance] @30-04-2021 02:04:21.0237 AM
[ReportManager] Successfully created attachment [Selenium WebDriver Logs - driver] @30-04-2021 02:04:21.0385 AM
[ReportManager] Browser Action [closeCurrentWindow] successfully performed. @30-04-2021 02:04:21.0443 AM
[ReportManager] Successfully created attachment [Browser Action Test Data - closeCurrentWindow - Actual Value] @30-04-2021 02:04:21.0443 A
[ReportManager] File Action [getAbsolutePath] successfully performed. With the following test data [Relative Folder Path: "target/downloadedFiles/"]. @30-04-2021 02:04:21.0446 AM
[ReportManager] Attempting to run remotely on: [Linux-64], [GoogleChrome], [http://localhost:4444/wd/hub], Headless Execution. @30-04-2021 02:04:21.0446 AM
[ReportManager] Successfully Opened [GoogleChrome]. @30-04-2021 02:04:21.0634 A

################################################################################################################################################
Starting Execution:	[130 out of 137] test cases in the current suite
Test Method:		[unitTests.tests_element_elementActions.waitForElementToBePresent_false_expectedToFail]
################################################################################################################################################
[ReportManager] Target URL: [https://www.google.com/ncr], and after redirection: [www.google.com] @30-04-2021 02:04:21.0646 AM
[ReportManager] Initial URL: [data:,] @30-04-2021 02:04:21.0690 AM
[ReportManager] Browser Action [navigateToURL] successfully performed. With the following test data [https://www.google.com/ncr]. @30-04-2021 02:04:22.0525 AM
[ReportManager] Waiting for element to be present; elementLocator [By.xpath: //img[@id='hplogo' or @alt='Google']], numberOfTries[1], stateOfPresence[false]... @30-04-2021 02:04:22.0527 AM
[ReportManager] Element Action [waitForElementToBePresent] failed. With the following test data [waited for the element's state of presence to be (false). Element locator (By.xpath: //img[@id='hplogo' or @alt='Google'])]. @30-04-2021 02:04:22.0723 AM
[ReportManager] Successfully created attachment [Screenshot - 1619748262656_waitForElementToBePresent_false_expectedToFail_waitForElementToBePresent_failed] @30-04-2021 02:04:22.0724 A
[ReportManager] Successfully created attachment [Selenium WebDriver Logs - server] @30-04-2021 02:04:22.0801 AM
[ReportManager] Successfully created attachment [Selenium WebDriver Logs - performance] @30-04-2021 02:04:22.0835 AM
[ReportManager] Successfully created attachment [Selenium WebDriver Logs - driver] @30-04-2021 02:04:22.0903 AM
[ReportManager] Browser Action [closeCurrentWindow] successfully performed. @30-04-2021 02:04:22.0960 AM
[ReportManager] Successfully created attachment [Browser Action Test Data - closeCurrentWindow - Actual Value] @30-04-2021 02:04:22.0961 A
[ReportManager] File Action [getAbsolutePath] successfully performed. With the following test data [Relative Folder Path: "target/downloadedFiles/"]. @30-04-2021 02:04:22.0964 AM
[ReportManager] Attempting to run remotely on: [Linux-64], [GoogleChrome], [http://localhost:4444/wd/hub], Headless Execution. @30-04-2021 02:04:22.0964 AM
[ReportManager] Successfully Opened [GoogleChrome]. @30-04-2021 02:04:23.0192 A

################################################################################################################################################
Starting Execution:	[131 out of 137] test cases in the current suite
Test Method:		[unitTests.tests_element_elementActions.waitForElementToBePresent_false_expectedToPass]
################################################################################################################################################
[ReportManager] Target URL: [https://www.google.com/ncr], and after redirection: [www.google.com] @30-04-2021 02:04:23.0209 AM
[ReportManager] Initial URL: [data:,] @30-04-2021 02:04:23.0251 AM
[ReportManager] Browser Action [navigateToURL] successfully performed. With the following test data [https://www.google.com/ncr]. @30-04-2021 02:04:24.0088 AM
[ReportManager] Waiting for element to be present; elementLocator [By.id: bla], numberOfTries[1], stateOfPresence[false]... @30-04-2021 02:04:24.0088 AM
[ReportManager] Element Action [waitForElementToBePresent] successfully performed. With the following test data [waited for the element's state of presence to be (false). Element locator (By.id: bla)]. @30-04-2021 02:04:29.0203 A
[ReportManager] Successfully created attachment [Selenium WebDriver Logs - server] @30-04-2021 02:04:29.0275 AM
[ReportManager] Successfully created attachment [Selenium WebDriver Logs - performance] @30-04-2021 02:04:29.0307 AM
[ReportManager] Successfully created attachment [Selenium WebDriver Logs - driver] @30-04-2021 02:04:29.0377 AM
[ReportManager] Browser Action [closeCurrentWindow] successfully performed. @30-04-2021 02:04:29.0436 AM
[ReportManager] Successfully created attachment [Browser Action Test Data - closeCurrentWindow - Actual Value] @30-04-2021 02:04:29.0438 A
[ReportManager] File Action [getAbsolutePath] successfully performed. With the following test data [Relative Folder Path: "target/downloadedFiles/"]. @30-04-2021 02:04:29.0442 AM
[ReportManager] Attempting to run remotely on: [Linux-64], [GoogleChrome], [http://localhost:4444/wd/hub], Headless Execution. @30-04-2021 02:04:29.0442 AM
[ReportManager] Successfully Opened [GoogleChrome]. @30-04-2021 02:04:29.0639 A

################################################################################################################################################
Starting Execution:	[132 out of 137] test cases in the current suite
Test Method:		[unitTests.tests_element_elementActions.waitForElementToBePresent_moreThanOneElement_expectedToFail]
################################################################################################################################################
[ReportManager] Target URL: [https://www.google.com/ncr], and after redirection: [www.google.com] @30-04-2021 02:04:29.0666 AM
[ReportManager] Initial URL: [data:,] @30-04-2021 02:04:29.0741 AM
[ReportManager] Browser Action [navigateToURL] successfully performed. With the following test data [https://www.google.com/ncr]. @30-04-2021 02:04:30.0585 AM
[ReportManager] Waiting for element to be present; elementLocator [By.xpath: //*], numberOfTries[1], stateOfPresence[false]... @30-04-2021 02:04:30.0586 AM
[ReportManager] Element Action [waitForElementToBePresent] failed. With the following test data [waited for the element's state of presence to be (false). Element locator (By.xpath: //*)]. @30-04-2021 02:04:30.0789 AM
[ReportManager] Successfully created attachment [Screenshot - 1619748270723_waitForElementToBePresent_moreThanOneElement_expectedToFail_waitForElementToBePresent_failed] @30-04-2021 02:04:30.0790 A
[ReportManager] Successfully created attachment [Selenium WebDriver Logs - server] @30-04-2021 02:04:30.0870 AM
[ReportManager] Successfully created attachment [Selenium WebDriver Logs - performance] @30-04-2021 02:04:30.0902 AM
[ReportManager] Successfully created attachment [Selenium WebDriver Logs - driver] @30-04-2021 02:04:30.0973 AM
[ReportManager] Browser Action [closeCurrentWindow] successfully performed. @30-04-2021 02:04:31.0030 AM
[ReportManager] Successfully created attachment [Browser Action Test Data - closeCurrentWindow - Actual Value] @30-04-2021 02:04:31.0031 A
[ReportManager] File Action [getAbsolutePath] successfully performed. With the following test data [Relative Folder Path: "target/downloadedFiles/"]. @30-04-2021 02:04:31.0033 AM
[ReportManager] Attempting to run remotely on: [Linux-64], [GoogleChrome], [http://localhost:4444/wd/hub], Headless Execution. @30-04-2021 02:04:31.0034 AM
[ReportManager] Successfully Opened [GoogleChrome]. @30-04-2021 02:04:31.0239 A

################################################################################################################################################
Starting Execution:	[133 out of 137] test cases in the current suite
Test Method:		[unitTests.tests_element_elementActions.waitForElementToBePresent_true_expectedToFail]
################################################################################################################################################
[ReportManager] Target URL: [https://www.google.com/ncr], and after redirection: [www.google.com] @30-04-2021 02:04:31.0251 AM
[ReportManager] Initial URL: [data:,] @30-04-2021 02:04:31.0297 AM
[ReportManager] Browser Action [navigateToURL] successfully performed. With the following test data [https://www.google.com/ncr]. @30-04-2021 02:04:32.0176 AM
[ReportManager] Waiting for element to be present; elementLocator [By.id: bla], numberOfTries[1], stateOfPresence[true]... @30-04-2021 02:04:32.0176 AM
[ReportManager] Element Action [waitForElementToBePresent] failed. With the following test data [waited for the element's state of presence to be (true). Element locator (By.id: bla)]. @30-04-2021 02:04:37.0437 AM
[ReportManager] Successfully created attachment [Screenshot - 1619748277373_waitForElementToBePresent_true_expectedToFail_waitForElementToBePresent_failed] @30-04-2021 02:04:37.0437 A
[ReportManager] Successfully created attachment [Selenium WebDriver Logs - server] @30-04-2021 02:04:37.0513 AM
[ReportManager] Successfully created attachment [Selenium WebDriver Logs - performance] @30-04-2021 02:04:37.0547 AM
[ReportManager] Successfully created attachment [Selenium WebDriver Logs - driver] @30-04-2021 02:04:37.0620 AM
[ReportManager] Browser Action [closeCurrentWindow] successfully performed. @30-04-2021 02:04:37.0676 AM
[ReportManager] Successfully created attachment [Browser Action Test Data - closeCurrentWindow - Actual Value] @30-04-2021 02:04:37.0677 A
[ReportManager] File Action [getAbsolutePath] successfully performed. With the following test data [Relative Folder Path: "target/downloadedFiles/"]. @30-04-2021 02:04:37.0680 AM
[ReportManager] Attempting to run remotely on: [Linux-64], [GoogleChrome], [http://localhost:4444/wd/hub], Headless Execution. @30-04-2021 02:04:37.0680 AM
[ReportManager] Successfully Opened [GoogleChrome]. @30-04-2021 02:04:37.0881 A

################################################################################################################################################
Starting Execution:	[134 out of 137] test cases in the current suite
Test Method:		[unitTests.tests_element_elementActions.waitForElementToBePresent_true_expectedToPass]
################################################################################################################################################
[ReportManager] Target URL: [https://www.google.com/ncr], and after redirection: [www.google.com] @30-04-2021 02:04:37.0899 AM
[ReportManager] Initial URL: [data:,] @30-04-2021 02:04:37.0937 AM
[ReportManager] Browser Action [navigateToURL] successfully performed. With the following test data [https://www.google.com/ncr]. @30-04-2021 02:04:38.0785 AM
[ReportManager] Waiting for element to be present; elementLocator [By.xpath: //img[@id='hplogo' or @alt='Google']], numberOfTries[1], stateOfPresence[true]... @30-04-2021 02:04:38.0785 AM
[ReportManager] Element Action [waitForElementToBePresent] successfully performed. With the following test data [waited for the element's state of presence to be (true). Element locator (By.xpath: //img[@id='hplogo' or @alt='Google'])]. @30-04-2021 02:04:38.0836 AM
[ReportManager] Using Visual AI; OpenCV... @30-04-2021 02:04:38.0838 AM
[ReportManager] File Action [doesFileExist] successfully performed. With the following test data [File Path: "src/test/resources/DynamicObjectRepository/unitTests_tests_element_elementActions_waitForElementToBePresent_true_expectedToPass_By_xpath_img_id_hplogo_or_alt_Google.png"]. @30-04-2021 02:04:38.0839 AM
[ReportManager] File Action [doesFileExist] successfully performed. With the following test data [File Path: "src/test/resources/DynamicObjectRepository/unitTests_tests_element_elementActions_waitForElementToBePresent_true_expectedToPass_By_xpath_img_id_hplogo_or_alt_Google.png"]. @30-04-2021 02:04:38.0987 AM
[ReportManager] Passing the test and saving a reference image @30-04-2021 02:04:38.0987 AM
[ReportManager] File Action [getAbsolutePath] successfully performed. With the following test data [Relative File Path: "src/test/resources/DynamicObjectRepository/unitTests_tests_element_elementActions_waitForElementToBePresent_true_expectedToPass_By_xpath_img_id_hplogo_or_alt_Google.png"]. @30-04-2021 02:04:38.0988 AM
[ReportManager] File Action [writeToFile] successfully performed. With the following test data [Target File Path: "/home/runner/work/SHAFT_ENGINE/SHAFT_ENGINE/src/test/resources/DynamicObjectRepository/unitTests_tests_element_elementActions_waitForElementToBePresent_true_expectedToPass_By_xpath_img_id_hplogo_or_alt_Google.png"]. @30-04-2021 02:04:38.0993 AM
[ReportManager] AssertElementMatches PASSED; Expected [Element should match the reference screenshot] and Actual [TRUE]. Comparison Type [EXACT_OPENCV]. Validation Type [POSITIVE]. @30-04-2021 02:04:38.0993 AM
[ReportManager] Successfully created attachment [Validation Test Data - Actual Screenshot] @30-04-2021 02:04:38.0994 A
[ReportManager] Successfully created attachment [Selenium WebDriver Logs - server] @30-04-2021 02:04:39.0069 AM
[ReportManager] Successfully created attachment [Selenium WebDriver Logs - performance] @30-04-2021 02:04:39.0101 AM
[ReportManager] Successfully created attachment [Selenium WebDriver Logs - driver] @30-04-2021 02:04:39.0181 AM
[ReportManager] Browser Action [closeCurrentWindow] successfully performed. @30-04-2021 02:04:39.0237 AM
[ReportManager] Successfully created attachment [Browser Action Test Data - closeCurrentWindow - Actual Value] @30-04-2021 02:04:39.0238 A

################################################################################################################################################
Starting Execution:	[135 out of 137] test cases in the current suite
Test Method:		[unitTests.tests_restActions.getPostsAndAssertBodyForSpecificTitle]
################################################################################################################################################
[ReportManager] Response status code: [200], status line: [HTTP/1.1 200 OK] @30-04-2021 02:04:40.0365 AM
[ReportManager] Evaluating the actual response status code against the expected one...... @30-04-2021 02:04:40.0365 AM
[ReportManager] AssertEquals PASSED; Expected [200] and Actual [200]. Comparison Type [EQUALS]. Validation Type [POSITIVE]. @30-04-2021 02:04:40.0365 AM
[ReportManager] API Action [performRequest] successfully performed. With the following test data [Request Type: "GET" | Target Status Code: "200" | Service URL: "https://jsonplaceholder.typicode.com/posts" | Content Type: "*/*" | Response Time: "733ms"]. @30-04-2021 02:04:40.0541 AM
[ReportManager] Successfully created attachment [API Response - JSON Body] @30-04-2021 02:04:40.0542 AM
[ReportManager] API Action [getResponseJSONValueAsList] successfully performed. @30-04-2021 02:04:40.0570 AM
[ReportManager] API Action [getResponseJSONValue] successfully performed. With the following test data [title]. @30-04-2021 02:04:40.0592 AM
[ReportManager] API Action [getResponseJSONValue] successfully performed. With the following test data [title]. @30-04-2021 02:04:40.0610 AM
[ReportManager] API Action [getResponseJSONValue] successfully performed. With the following test data [body]. @30-04-2021 02:04:40.0625 AM
[ReportManager] AssertEquals PASSED; Expected [qui neque nisi nulla] and Actual [est rerum tempore vitae
sequi sint nihil reprehenderit dolor beatae ea dolores neque
fugiat blanditiis voluptate porro vel nihil molestiae ut reiciendis
qui aperiam non debitis possimus qui neque nisi nulla]. Comparison Type [CONTAINS]. Validation Type [POSITIVE]. @30-04-2021 02:04:40.0626 AM
[ReportManager] API Action [getResponseJSONValue] successfully performed. With the following test data [title]. @30-04-2021 02:04:40.0639 AM
[ReportManager] API Action [getResponseJSONValue] successfully performed. With the following test data [title]. @30-04-2021 02:04:40.0654 AM
[ReportManager] API Action [getResponseJSONValue] successfully performed. With the following test data [title]. @30-04-2021 02:04:40.0668 AM
[ReportManager] API Action [getResponseJSONValue] successfully performed. With the following test data [title]. @30-04-2021 02:04:40.0685 AM
[ReportManager] API Action [getResponseJSONValue] successfully performed. With the following test data [title]. @30-04-2021 02:04:40.0703 AM
[ReportManager] API Action [getResponseJSONValue] successfully performed. With the following test data [title]. @30-04-2021 02:04:40.0718 AM
[ReportManager] API Action [getResponseJSONValue] successfully performed. With the following test data [title]. @30-04-2021 02:04:40.0732 AM
[ReportManager] API Action [getResponseJSONValue] successfully performed. With the following test data [title]. @30-04-2021 02:04:40.0743 AM
[ReportManager] API Action [getResponseJSONValue] successfully performed. With the following test data [title]. @30-04-2021 02:04:40.0753 AM
[ReportManager] API Action [getResponseJSONValue] successfully performed. With the following test data [title]. @30-04-2021 02:04:40.0770 AM
[ReportManager] API Action [getResponseJSONValue] successfully performed. With the following test data [title]. @30-04-2021 02:04:40.0794 AM
[ReportManager] API Action [getResponseJSONValue] successfully performed. With the following test data [title]. @30-04-2021 02:04:40.0805 AM
[ReportManager] API Action [getResponseJSONValue] successfully performed. With the following test data [title]. @30-04-2021 02:04:40.0819 AM
[ReportManager] API Action [getResponseJSONValue] successfully performed. With the following test data [title]. @30-04-2021 02:04:40.0834 AM
[ReportManager] API Action [getResponseJSONValue] successfully performed. With the following test data [title]. @30-04-2021 02:04:40.0844 AM
[ReportManager] API Action [getResponseJSONValue] successfully performed. With the following test data [title]. @30-04-2021 02:04:40.0854 AM
[ReportManager] API Action [getResponseJSONValue] successfully performed. With the following test data [title]. @30-04-2021 02:04:40.0867 AM
[ReportManager] API Action [getResponseJSONValue] successfully performed. With the following test data [title]. @30-04-2021 02:04:40.0877 AM
[ReportManager] API Action [getResponseJSONValue] successfully performed. With the following test data [title]. @30-04-2021 02:04:40.0891 AM
[ReportManager] API Action [getResponseJSONValue] successfully performed. With the following test data [title]. @30-04-2021 02:04:40.0908 AM
[ReportManager] API Action [getResponseJSONValue] successfully performed. With the following test data [title]. @30-04-2021 02:04:40.0926 AM
[ReportManager] API Action [getResponseJSONValue] successfully performed. With the following test data [title]. @30-04-2021 02:04:40.0941 AM
[ReportManager] API Action [getResponseJSONValue] successfully performed. With the following test data [title]. @30-04-2021 02:04:40.0956 AM
[ReportManager] API Action [getResponseJSONValue] successfully performed. With the following test data [title]. @30-04-2021 02:04:40.0967 AM
[ReportManager] API Action [getResponseJSONValue] successfully performed. With the following test data [title]. @30-04-2021 02:04:40.0975 AM
[ReportManager] API Action [getResponseJSONValue] successfully performed. With the following test data [title]. @30-04-2021 02:04:40.0983 AM
[ReportManager] API Action [getResponseJSONValue] successfully performed. With the following test data [title]. @30-04-2021 02:04:41.0001 AM
[ReportManager] API Action [getResponseJSONValue] successfully performed. With the following test data [title]. @30-04-2021 02:04:41.0008 AM
[ReportManager] API Action [getResponseJSONValue] successfully performed. With the following test data [title]. @30-04-2021 02:04:41.0016 AM
[ReportManager] API Action [getResponseJSONValue] successfully performed. With the following test data [title]. @30-04-2021 02:04:41.0025 AM
[ReportManager] API Action [getResponseJSONValue] successfully performed. With the following test data [title]. @30-04-2021 02:04:41.0032 AM
[ReportManager] API Action [getResponseJSONValue] successfully performed. With the following test data [title]. @30-04-2021 02:04:41.0048 AM
[ReportManager] API Action [getResponseJSONValue] successfully performed. With the following test data [title]. @30-04-2021 02:04:41.0056 AM
[ReportManager] API Action [getResponseJSONValue] successfully performed. With the following test data [title]. @30-04-2021 02:04:41.0066 AM
[ReportManager] API Action [getResponseJSONValue] successfully performed. With the following test data [title]. @30-04-2021 02:04:41.0077 AM
[ReportManager] API Action [getResponseJSONValue] successfully performed. With the following test data [title]. @30-04-2021 02:04:41.0086 AM
[ReportManager] API Action [getResponseJSONValue] successfully performed. With the following test data [title]. @30-04-2021 02:04:41.0099 AM
[ReportManager] API Action [getResponseJSONValue] successfully performed. With the following test data [title]. @30-04-2021 02:04:41.0115 AM
[ReportManager] API Action [getResponseJSONValue] successfully performed. With the following test data [title]. @30-04-2021 02:04:41.0122 AM
[ReportManager] API Action [getResponseJSONValue] successfully performed. With the following test data [title]. @30-04-2021 02:04:41.0129 AM
[ReportManager] API Action [getResponseJSONValue] successfully performed. With the following test data [title]. @30-04-2021 02:04:41.0138 AM
[ReportManager] API Action [getResponseJSONValue] successfully performed. With the following test data [title]. @30-04-2021 02:04:41.0146 AM
[ReportManager] API Action [getResponseJSONValue] successfully performed. With the following test data [title]. @30-04-2021 02:04:41.0159 AM
[ReportManager] API Action [getResponseJSONValue] successfully performed. With the following test data [title]. @30-04-2021 02:04:41.0168 AM
[ReportManager] API Action [getResponseJSONValue] successfully performed. With the following test data [title]. @30-04-2021 02:04:41.0178 AM
[ReportManager] API Action [getResponseJSONValue] successfully performed. With the following test data [title]. @30-04-2021 02:04:41.0191 AM
[ReportManager] API Action [getResponseJSONValue] successfully performed. With the following test data [title]. @30-04-2021 02:04:41.0208 AM
[ReportManager] API Action [getResponseJSONValue] successfully performed. With the following test data [title]. @30-04-2021 02:04:41.0216 AM
[ReportManager] API Action [getResponseJSONValue] successfully performed. With the following test data [title]. @30-04-2021 02:04:41.0227 AM
[ReportManager] API Action [getResponseJSONValue] successfully performed. With the following test data [title]. @30-04-2021 02:04:41.0235 AM
[ReportManager] API Action [getResponseJSONValue] successfully performed. With the following test data [title]. @30-04-2021 02:04:41.0243 AM
[ReportManager] API Action [getResponseJSONValue] successfully performed. With the following test data [title]. @30-04-2021 02:04:41.0254 AM
[ReportManager] API Action [getResponseJSONValue] successfully performed. With the following test data [title]. @30-04-2021 02:04:41.0262 AM
[ReportManager] API Action [getResponseJSONValue] successfully performed. With the following test data [title]. @30-04-2021 02:04:41.0278 AM
[ReportManager] API Action [getResponseJSONValue] successfully performed. With the following test data [title]. @30-04-2021 02:04:41.0288 AM
[ReportManager] API Action [getResponseJSONValue] successfully performed. With the following test data [title]. @30-04-2021 02:04:41.0300 AM
[ReportManager] API Action [getResponseJSONValue] successfully performed. With the following test data [title]. @30-04-2021 02:04:41.0308 AM
[ReportManager] API Action [getResponseJSONValue] successfully performed. With the following test data [title]. @30-04-2021 02:04:41.0315 AM
[ReportManager] API Action [getResponseJSONValue] successfully performed. With the following test data [title]. @30-04-2021 02:04:41.0337 AM
[ReportManager] API Action [getResponseJSONValue] successfully performed. With the following test data [title]. @30-04-2021 02:04:41.0343 AM
[ReportManager] API Action [getResponseJSONValue] successfully performed. With the following test data [title]. @30-04-2021 02:04:41.0350 AM
[ReportManager] API Action [getResponseJSONValue] successfully performed. With the following test data [title]. @30-04-2021 02:04:41.0356 AM
[ReportManager] API Action [getResponseJSONValue] successfully performed. With the following test data [title]. @30-04-2021 02:04:41.0362 AM
[ReportManager] API Action [getResponseJSONValue] successfully performed. With the following test data [title]. @30-04-2021 02:04:41.0368 AM
[ReportManager] API Action [getResponseJSONValue] successfully performed. With the following test data [title]. @30-04-2021 02:04:41.0375 AM
[ReportManager] API Action [getResponseJSONValue] successfully performed. With the following test data [title]. @30-04-2021 02:04:41.0381 AM
[ReportManager] API Action [getResponseJSONValue] successfully performed. With the following test data [title]. @30-04-2021 02:04:41.0387 AM
[ReportManager] API Action [getResponseJSONValue] successfully performed. With the following test data [title]. @30-04-2021 02:04:41.0394 AM
[ReportManager] API Action [getResponseJSONValue] successfully performed. With the following test data [title]. @30-04-2021 02:04:41.0403 AM
[ReportManager] API Action [getResponseJSONValue] successfully performed. With the following test data [title]. @30-04-2021 02:04:41.0410 AM
[ReportManager] API Action [getResponseJSONValue] successfully performed. With the following test data [title]. @30-04-2021 02:04:41.0416 AM
[ReportManager] API Action [getResponseJSONValue] successfully performed. With the following test data [title]. @30-04-2021 02:04:41.0426 AM
[ReportManager] API Action [getResponseJSONValue] successfully performed. With the following test data [title]. @30-04-2021 02:04:41.0432 AM
[ReportManager] API Action [getResponseJSONValue] successfully performed. With the following test data [title]. @30-04-2021 02:04:41.0439 AM
[ReportManager] API Action [getResponseJSONValue] successfully performed. With the following test data [title]. @30-04-2021 02:04:41.0445 AM
[ReportManager] API Action [getResponseJSONValue] successfully performed. With the following test data [title]. @30-04-2021 02:04:41.0452 AM
[ReportManager] API Action [getResponseJSONValue] successfully performed. With the following test data [title]. @30-04-2021 02:04:41.0458 AM
[ReportManager] API Action [getResponseJSONValue] successfully performed. With the following test data [title]. @30-04-2021 02:04:41.0465 AM
[ReportManager] API Action [getResponseJSONValue] successfully performed. With the following test data [title]. @30-04-2021 02:04:41.0471 AM
[ReportManager] API Action [getResponseJSONValue] successfully performed. With the following test data [title]. @30-04-2021 02:04:41.0478 AM
[ReportManager] API Action [getResponseJSONValue] successfully performed. With the following test data [title]. @30-04-2021 02:04:41.0484 AM
[ReportManager] API Action [getResponseJSONValue] successfully performed. With the following test data [title]. @30-04-2021 02:04:41.0491 AM
[ReportManager] API Action [getResponseJSONValue] successfully performed. With the following test data [title]. @30-04-2021 02:04:41.0497 AM
[ReportManager] API Action [getResponseJSONValue] successfully performed. With the following test data [title]. @30-04-2021 02:04:41.0504 AM
[ReportManager] API Action [getResponseJSONValue] successfully performed. With the following test data [title]. @30-04-2021 02:04:41.0511 AM
[ReportManager] API Action [getResponseJSONValue] successfully performed. With the following test data [title]. @30-04-2021 02:04:41.0517 AM
[ReportManager] API Action [getResponseJSONValue] successfully performed. With the following test data [title]. @30-04-2021 02:04:41.0524 AM
[ReportManager] API Action [getResponseJSONValue] successfully performed. With the following test data [title]. @30-04-2021 02:04:41.0530 AM
[ReportManager] API Action [getResponseJSONValue] successfully performed. With the following test data [title]. @30-04-2021 02:04:41.0536 AM
[ReportManager] API Action [getResponseJSONValue] successfully performed. With the following test data [title]. @30-04-2021 02:04:41.0542 AM
[ReportManager] API Action [getResponseJSONValue] successfully performed. With the following test data [title]. @30-04-2021 02:04:41.0549 AM
[ReportManager] API Action [getResponseJSONValue] successfully performed. With the following test data [title]. @30-04-2021 02:04:41.0555 AM
[ReportManager] API Action [getResponseJSONValue] successfully performed. With the following test data [title]. @30-04-2021 02:04:41.0561 AM
[ReportManager] API Action [getResponseJSONValue] successfully performed. With the following test data [title]. @30-04-2021 02:04:41.0567 AM
[ReportManager] API Action [getResponseJSONValue] successfully performed. With the following test data [title]. @30-04-2021 02:04:41.0573 AM
[ReportManager] API Action [getResponseJSONValue] successfully performed. With the following test data [title]. @30-04-2021 02:04:41.0579 AM
[ReportManager] API Action [getResponseJSONValue] successfully performed. With the following test data [title]. @30-04-2021 02:04:41.0585 AM
[ReportManager] API Action [getResponseJSONValue] successfully performed. With the following test data [title]. @30-04-2021 02:04:41.0591 A

################################################################################################################################################
Starting Execution:	[136 out of 137] test cases in the current suite
Test Method:		[unitTests.tests_restActions.validateUserEmail]
################################################################################################################################################
[ReportManager] Response status code: [200], status line: [HTTP/1.1 200 OK] @30-04-2021 02:04:41.0715 AM
[ReportManager] Evaluating the actual response status code against the expected one...... @30-04-2021 02:04:41.0715 AM
[ReportManager] AssertEquals PASSED; Expected [200] and Actual [200]. Comparison Type [EQUALS]. Validation Type [POSITIVE]. @30-04-2021 02:04:41.0715 AM
[ReportManager] API Action [performRequest] successfully performed. With the following test data [Request Type: "GET" | Target Status Code: "200" | Service URL: "https://jsonplaceholder.typicode.com/users" | Content Type: "*/*" | Response Time: "103ms"]. @30-04-2021 02:04:41.0742 AM
[ReportManager] Successfully created attachment [API Response - JSON Body] @30-04-2021 02:04:41.0742 AM
[ReportManager] AssertEquals PASSED; Expected and Actual values are attached. Comparison Type [CONTAINS]. Validation Type [POSITIVE]. @30-04-2021 02:04:41.0742 AM
[ReportManager] Successfully created attachment [Validation Test Data - Expected Value] @30-04-2021 02:04:41.0742 AM
[ReportManager] Successfully created attachment [Validation Test Data - Actual Value] @30-04-2021 02:04:41.0743 AM
[ReportManager] API Action [getResponseJSONValueAsList] successfully performed. With the following test data [$]. @30-04-2021 02:04:41.0746 AM
[ReportManager] API Action [getResponseJSONValue] successfully performed. With the following test data [name]. @30-04-2021 02:04:41.0753 AM
[ReportManager] API Action [getResponseJSONValue] successfully performed. With the following test data [email]. @30-04-2021 02:04:41.0760 AM
[ReportManager] AssertEquals PASSED; Expected [Sincere@april.biz] and Actual [Sincere@april.biz]. Comparison Type [EQUALS]. Validation Type [POSITIVE]. @30-04-2021 02:04:41.0760 AM
[ReportManager] API Action [getResponseJSONValue] successfully performed. With the following test data [name]. @30-04-2021 02:04:41.0767 AM
[ReportManager] API Action [getResponseJSONValue] successfully performed. With the following test data [name]. @30-04-2021 02:04:41.0773 AM
[ReportManager] API Action [getResponseJSONValue] successfully performed. With the following test data [name]. @30-04-2021 02:04:41.0779 AM
[ReportManager] API Action [getResponseJSONValue] successfully performed. With the following test data [name]. @30-04-2021 02:04:41.0785 AM
[ReportManager] API Action [getResponseJSONValue] successfully performed. With the following test data [name]. @30-04-2021 02:04:41.0791 AM
[ReportManager] API Action [getResponseJSONValue] successfully performed. With the following test data [name]. @30-04-2021 02:04:41.0797 AM
[ReportManager] API Action [getResponseJSONValue] successfully performed. With the following test data [name]. @30-04-2021 02:04:41.0803 AM
[ReportManager] API Action [getResponseJSONValue] successfully performed. With the following test data [name]. @30-04-2021 02:04:41.0810 AM
[ReportManager] API Action [getResponseJSONValue] successfully performed. With the following test data [name]. @30-04-2021 02:04:41.0815 A
[ReportManager] Successfully loaded the following test data file [src/test/resources/TestDataFiles/testSuite01/TestData.xlsx]. @30-04-2021 02:04:41.0853 AM
[ReportManager] Successfully created attachment [Test Data - Excel] @30-04-2021 02:04:41.0853 A

################################################################################################################################################
Starting Execution:	[137 out of 137] test cases in the current suite
Test Method:		[unitTests.tests_io_excelFileManager.getCellData_rowName_expectedToPass]
################################################################################################################################################
[ReportManager] testRowData. @30-04-2021 02:04:41.0858 A

################################################################################################################################################
Test Closure Activities
################################################################################################################################################
[ReportManager] Successfully created attachment [SHAFT Engine Logs - Execution log] @30-04-2021 02:04:41.0878 AM

################################################################################################################################################
This test run was powered by SHAFT Engine Version: [SHAFT Engine v5.2.20210427]
SHAFT Engine is licensed under the MIT License: [https://github.com/MohabMohie/SHAFT_ENGINE/blob/master/LICENSE].
################################################################################################################################################