################################################################################################################################################
Detected SHAFT Engine Version: [SHAFT Engine v5.1]
################################################################################################################################################
[ReportManager] File Action [getAbsolutePath] successfully performed. With the following test data [Relative Folder Path: "target/downloadedFiles/"]. @13-02-2021 01:29:28.0075 AM
[ReportManager] Attempting to run remotely on: [Linux-64], [GoogleChrome], [http://localhost:4444/wd/hub], Headless Execution. @13-02-2021 01:29:28.0126 AM
[ReportManager] Successfully Opened [GoogleChrome]. @13-02-2021 01:29:29.0610 A

################################################################################################################################################
Starting Execution:	[1 out of 134] test cases in the current suite
Test Method:		[unitTests.tests_element_elementActions.waitForElementToBePresent_false_expectedToFail]
################################################################################################################################################
[ReportManager] Target URL: [https://www.google.com/ncr], and after redirection: [www.google.com] @13-02-2021 01:29:29.0867 AM
[ReportManager] Initial URL: [data:,] @13-02-2021 01:29:29.0980 AM
[ReportManager] Browser Action [navigateToURL] successfully performed. With the following test data [https://www.google.com/ncr]. @13-02-2021 01:29:31.0257 AM
[ReportManager] Waiting for element to be present; elementLocator [By.id: hplogo], numberOfTries[1], stateOfPresence[false]... @13-02-2021 01:29:31.0260 AM
[ReportManager] Element Action [waitForElementToBePresent] failed. With the following test data [waited up to (5) seconds, for the element's state of presence to be (false). Element locator (By.id: hplogo)]. @13-02-2021 01:29:31.0796 AM
[ReportManager] Successfully created attachment [Screenshot - 1613179771470_waitForElementToBePresent_false_expectedToFail_waitForElementToBePresent_failed] @13-02-2021 01:29:31.0797 A
[ReportManager] Successfully created attachment [Selenium WebDriver Logs - server] @13-02-2021 01:29:31.0942 AM
[ReportManager] Successfully created attachment [Selenium WebDriver Logs - performance] @13-02-2021 01:29:32.0044 AM
[ReportManager] Successfully created attachment [Selenium WebDriver Logs - driver] @13-02-2021 01:29:32.0214 AM
[ReportManager] Browser Action [closeCurrentWindow] successfully performed. @13-02-2021 01:29:32.0276 AM
[ReportManager] Successfully created attachment [Browser Action Test Data - closeCurrentWindow - Actual Value] @13-02-2021 01:29:32.0279 A
[ReportManager] File Action [getAbsolutePath] successfully performed. With the following test data [Relative Folder Path: "target/downloadedFiles/"]. @13-02-2021 01:29:32.0294 AM
[ReportManager] Attempting to run remotely on: [Linux-64], [GoogleChrome], [http://localhost:4444/wd/hub], Headless Execution. @13-02-2021 01:29:32.0295 AM
[ReportManager] Successfully Opened [GoogleChrome]. @13-02-2021 01:29:32.0976 A

################################################################################################################################################
Starting Execution:	[2 out of 134] test cases in the current suite
Test Method:		[unitTests.tests_element_elementActions.waitForElementToBePresent_false_expectedToPass]
################################################################################################################################################
[ReportManager] Target URL: [https://www.google.com/ncr], and after redirection: [www.google.com] @13-02-2021 01:29:33.0020 AM
[ReportManager] Initial URL: [data:,] @13-02-2021 01:29:33.0105 AM
[ReportManager] Browser Action [navigateToURL] successfully performed. With the following test data [https://www.google.com/ncr]. @13-02-2021 01:29:34.0097 AM
[ReportManager] Waiting for element to be present; elementLocator [By.id: bla], numberOfTries[1], stateOfPresence[false]... @13-02-2021 01:29:34.0097 AM
[ReportManager] Element Action [waitForElementToBePresent] successfully performed. With the following test data [waited up to (5) seconds, for the element's state of presence to be (false). Element locator (By.id: bla)]. @13-02-2021 01:29:34.0157 A
[ReportManager] Successfully created attachment [Selenium WebDriver Logs - server] @13-02-2021 01:29:34.0294 AM
[ReportManager] Successfully created attachment [Selenium WebDriver Logs - performance] @13-02-2021 01:29:34.0392 AM
[ReportManager] Successfully created attachment [Selenium WebDriver Logs - driver] @13-02-2021 01:29:34.0590 AM
[ReportManager] Browser Action [closeCurrentWindow] successfully performed. @13-02-2021 01:29:34.0659 AM
[ReportManager] Successfully created attachment [Browser Action Test Data - closeCurrentWindow - Actual Value] @13-02-2021 01:29:34.0660 A
[ReportManager] File Action [getAbsolutePath] successfully performed. With the following test data [Relative Folder Path: "target/downloadedFiles/"]. @13-02-2021 01:29:34.0687 AM
[ReportManager] Attempting to run remotely on: [Linux-64], [GoogleChrome], [http://localhost:4444/wd/hub], Headless Execution. @13-02-2021 01:29:34.0687 AM
[ReportManager] Successfully Opened [GoogleChrome]. @13-02-2021 01:29:35.0386 A

################################################################################################################################################
Starting Execution:	[3 out of 134] test cases in the current suite
Test Method:		[unitTests.tests_element_elementActions.waitForElementToBePresent_moreThanOneElement_expectedToFail]
################################################################################################################################################
[ReportManager] Target URL: [https://www.google.com/ncr], and after redirection: [www.google.com] @13-02-2021 01:29:35.0424 AM
[ReportManager] Initial URL: [data:,] @13-02-2021 01:29:35.0481 AM
[ReportManager] Browser Action [navigateToURL] successfully performed. With the following test data [https://www.google.com/ncr]. @13-02-2021 01:29:36.0413 AM
[ReportManager] Waiting for element to be present; elementLocator [By.xpath: //*], numberOfTries[1], stateOfPresence[false]... @13-02-2021 01:29:36.0413 AM
[ReportManager] Element Action [waitForElementToBePresent] failed. With the following test data [waited up to (5) seconds, for the element's state of presence to be (false). Element locator (By.xpath: //*)]. @13-02-2021 01:29:36.0749 AM
[ReportManager] Successfully created attachment [Screenshot - 1613179776624_waitForElementToBePresent_moreThanOneElement_expectedToFail_waitForElementToBePresent_failed] @13-02-2021 01:29:36.0750 A
[ReportManager] Successfully created attachment [Selenium WebDriver Logs - server] @13-02-2021 01:29:36.0890 AM
[ReportManager] Successfully created attachment [Selenium WebDriver Logs - performance] @13-02-2021 01:29:36.0950 AM
[ReportManager] Successfully created attachment [Selenium WebDriver Logs - driver] @13-02-2021 01:29:37.0042 AM
[ReportManager] Browser Action [closeCurrentWindow] successfully performed. @13-02-2021 01:29:37.0102 AM
[ReportManager] Successfully created attachment [Browser Action Test Data - closeCurrentWindow - Actual Value] @13-02-2021 01:29:37.0103 A
[ReportManager] File Action [getAbsolutePath] successfully performed. With the following test data [Relative Folder Path: "target/downloadedFiles/"]. @13-02-2021 01:29:37.0108 AM
[ReportManager] Attempting to run remotely on: [Linux-64], [GoogleChrome], [http://localhost:4444/wd/hub], Headless Execution. @13-02-2021 01:29:37.0108 AM
[ReportManager] Successfully Opened [GoogleChrome]. @13-02-2021 01:29:37.0771 A

################################################################################################################################################
Starting Execution:	[4 out of 134] test cases in the current suite
Test Method:		[unitTests.tests_element_elementActions.waitForElementToBePresent_true_expectedToFail]
################################################################################################################################################
[ReportManager] Target URL: [https://www.google.com/ncr], and after redirection: [www.google.com] @13-02-2021 01:29:37.0800 AM
[ReportManager] Initial URL: [data:,] @13-02-2021 01:29:37.0895 AM
[ReportManager] Browser Action [navigateToURL] successfully performed. With the following test data [https://www.google.com/ncr]. @13-02-2021 01:29:38.0768 AM
[ReportManager] Waiting for element to be present; elementLocator [By.id: bla], numberOfTries[1], stateOfPresence[true]... @13-02-2021 01:29:38.0768 AM
[ReportManager] Element Action [waitForElementToBePresent] failed. With the following test data [waited up to (5) seconds, for the element's state of presence to be (true). Element locator (By.id: bla)]. @13-02-2021 01:29:39.0011 AM
[ReportManager] Successfully created attachment [Screenshot - 1613179778939_waitForElementToBePresent_true_expectedToFail_waitForElementToBePresent_failed] @13-02-2021 01:29:39.0012 A
[ReportManager] Successfully created attachment [Selenium WebDriver Logs - server] @13-02-2021 01:29:39.0110 AM
[ReportManager] Successfully created attachment [Selenium WebDriver Logs - performance] @13-02-2021 01:29:39.0154 AM
[ReportManager] Successfully created attachment [Selenium WebDriver Logs - driver] @13-02-2021 01:29:39.0257 AM
[ReportManager] Browser Action [closeCurrentWindow] successfully performed. @13-02-2021 01:29:39.0317 AM
[ReportManager] Successfully created attachment [Browser Action Test Data - closeCurrentWindow - Actual Value] @13-02-2021 01:29:39.0320 A
[ReportManager] File Action [getAbsolutePath] successfully performed. With the following test data [Relative Folder Path: "target/downloadedFiles/"]. @13-02-2021 01:29:39.0330 AM
[ReportManager] Attempting to run remotely on: [Linux-64], [GoogleChrome], [http://localhost:4444/wd/hub], Headless Execution. @13-02-2021 01:29:39.0331 AM
[ReportManager] Successfully Opened [GoogleChrome]. @13-02-2021 01:29:39.0606 A

################################################################################################################################################
Starting Execution:	[5 out of 134] test cases in the current suite
Test Method:		[unitTests.tests_element_elementActions.waitForElementToBePresent_true_expectedToPass]
################################################################################################################################################
[ReportManager] Target URL: [https://www.google.com/ncr], and after redirection: [www.google.com] @13-02-2021 01:29:39.0634 AM
[ReportManager] Initial URL: [data:,] @13-02-2021 01:29:39.0747 AM
[ReportManager] Browser Action [navigateToURL] successfully performed. With the following test data [https://www.google.com/ncr]. @13-02-2021 01:29:40.0637 AM
[ReportManager] Waiting for element to be present; elementLocator [By.id: hplogo], numberOfTries[1], stateOfPresence[true]... @13-02-2021 01:29:40.0637 AM
[ReportManager] Element Action [waitForElementToBePresent] successfully performed. With the following test data [waited up to (5) seconds, for the element's state of presence to be (true). Element locator (By.id: hplogo)]. @13-02-2021 01:29:40.0689 AM
[ReportManager] Using Visual AI; OpenCV... @13-02-2021 01:29:40.0695 AM
[ReportManager] File Action [doesFileExist] successfully performed. With the following test data [File Path: "src/test/resources/DynamicObjectRepository/unitTests_tests_element_elementActions_waitForElementToBePresent_true_expectedToPass_By_id_hplogo.png"]. @13-02-2021 01:29:40.0723 AM
[ReportManager] File Action [doesFileExist] successfully performed. With the following test data [File Path: "src/test/resources/DynamicObjectRepository/unitTests_tests_element_elementActions_waitForElementToBePresent_true_expectedToPass_By_id_hplogo.png"]. @13-02-2021 01:29:41.0006 AM
[ReportManager] Passing the test and saving a reference image @13-02-2021 01:29:41.0006 AM
[ReportManager] File Action [getAbsolutePath] successfully performed. With the following test data [Relative File Path: "src/test/resources/DynamicObjectRepository/unitTests_tests_element_elementActions_waitForElementToBePresent_true_expectedToPass_By_id_hplogo.png"]. @13-02-2021 01:29:41.0007 AM
[ReportManager] File Action [writeToFile] successfully performed. With the following test data [Target File Path: "/home/runner/work/SHAFT_ENGINE/SHAFT_ENGINE/src/test/resources/DynamicObjectRepository/unitTests_tests_element_elementActions_waitForElementToBePresent_true_expectedToPass_By_id_hplogo.png"]. @13-02-2021 01:29:41.0012 AM
[ReportManager] AssertElementMatches PASSED; Expected [Element should match the reference screenshot] and Actual [TRUE]. Comparison Type [EXACT_OPENCV]. Validation Type [POSITIVE]. @13-02-2021 01:29:41.0014 AM
[ReportManager] Successfully created attachment [Validation Test Data - Actual Screenshot] @13-02-2021 01:29:41.0017 A
[ReportManager] Successfully created attachment [Selenium WebDriver Logs - server] @13-02-2021 01:29:41.0138 AM
[ReportManager] Successfully created attachment [Selenium WebDriver Logs - performance] @13-02-2021 01:29:41.0183 AM
[ReportManager] Successfully created attachment [Selenium WebDriver Logs - driver] @13-02-2021 01:29:41.0286 AM
[ReportManager] Browser Action [closeCurrentWindow] successfully performed. @13-02-2021 01:29:41.0344 AM
[ReportManager] Successfully created attachment [Browser Action Test Data - closeCurrentWindow - Actual Value] @13-02-2021 01:29:41.0344 A
[ReportManager] File Action [getAbsolutePath] successfully performed. With the following test data [Relative Folder Path: "target/downloadedFiles/"]. @13-02-2021 01:29:41.0349 AM
[ReportManager] Attempting to run remotely on: [Linux-64], [GoogleChrome], [http://localhost:4444/wd/hub], Headless Execution. @13-02-2021 01:29:41.0349 AM
[ReportManager] Successfully Opened [GoogleChrome]. @13-02-2021 01:29:41.0605 AM
[ReportManager] Target URL: [https://duckduckgo.com] @13-02-2021 01:29:41.0619 AM
[ReportManager] Initial URL: [data:,] @13-02-2021 01:29:41.0699 AM
[ReportManager] Browser Action [navigateToURL] successfully performed. With the following test data [https://duckduckgo.com]. @13-02-2021 01:29:42.0454 A

################################################################################################################################################
Starting Execution:	[6 out of 134] test cases in the current suite
Test Method:		[unitTests.tests_browserActions.fullScreenWindow]
################################################################################################################################################
[ReportManager] Initial Windows Size: 800x600 @13-02-2021 01:29:42.0495 AM
[ReportManager] Initial window size: (800, 600) @13-02-2021 01:29:42.0499 AM
[ReportManager] Window size after Toolkit: (1920, 1080) @13-02-2021 01:29:42.0729 AM
[ReportManager] Browser Action [maximizeWindow] successfully performed. With the following test data [New screen size is now: (1920, 1080)]. @13-02-2021 01:29:42.0737 AM
[ReportManager] Current Windows Size after fullScreen: 1920x1080 @13-02-2021 01:29:42.0755 AM
[ReportManager] Browser Action [fullScreenWindow] successfully performed. @13-02-2021 01:29:42.0781 AM
[ReportManager] Successfully created attachment [Browser Action Test Data - fullScreenWindow - Actual Value] @13-02-2021 01:29:42.0783 A
[ReportManager] Target URL: [https://duckduckgo.com] @13-02-2021 01:29:42.0788 AM
[ReportManager] Initial URL: [https://duckduckgo.com] @13-02-2021 01:29:42.0888 AM
[ReportManager] Browser Action [navigateToURL] successfully performed. With the following test data [https://duckduckgo.com]. @13-02-2021 01:29:43.0341 AM
[ReportManager] Successfully created attachment [Selenium WebDriver Logs - server] @13-02-2021 01:29:43.0411 AM
[ReportManager] Successfully created attachment [Selenium WebDriver Logs - performance] @13-02-2021 01:29:43.0555 AM
[ReportManager] Successfully created attachment [Selenium WebDriver Logs - driver] @13-02-2021 01:29:43.0714 AM
[ReportManager] Browser Action [closeCurrentWindow] successfully performed. @13-02-2021 01:29:43.0773 AM
[ReportManager] Successfully created attachment [Browser Action Test Data - closeCurrentWindow - Actual Value] @13-02-2021 01:29:43.0775 A
[ReportManager] File Action [getAbsolutePath] successfully performed. With the following test data [Relative Folder Path: "target/downloadedFiles/"]. @13-02-2021 01:29:43.0777 AM
[ReportManager] Attempting to run remotely on: [Linux-64], [GoogleChrome], [http://localhost:4444/wd/hub], Headless Execution. @13-02-2021 01:29:43.0777 AM
[ReportManager] Successfully Opened [GoogleChrome]. @13-02-2021 01:29:44.0029 AM
[ReportManager] Target URL: [https://duckduckgo.com] @13-02-2021 01:29:44.0049 AM
[ReportManager] Initial URL: [data:,] @13-02-2021 01:29:44.0110 AM
[ReportManager] Browser Action [navigateToURL] successfully performed. With the following test data [https://duckduckgo.com]. @13-02-2021 01:29:44.0768 A

################################################################################################################################################
Starting Execution:	[7 out of 134] test cases in the current suite
Test Method:		[unitTests.tests_browserActions.getCurrentURL]
################################################################################################################################################
[ReportManager] Browser Action [getCurrentURL] successfully performed. With the following test data [https://duckduckgo.com/]. @13-02-2021 01:29:44.0826 A
[ReportManager] Target URL: [https://duckduckgo.com] @13-02-2021 01:29:44.0829 AM
[ReportManager] Initial URL: [https://duckduckgo.com] @13-02-2021 01:29:44.0903 AM
[ReportManager] Browser Action [navigateToURL] successfully performed. With the following test data [https://duckduckgo.com]. @13-02-2021 01:29:45.0318 AM
[ReportManager] Successfully created attachment [Selenium WebDriver Logs - server] @13-02-2021 01:29:45.0394 AM
[ReportManager] Successfully created attachment [Selenium WebDriver Logs - performance] @13-02-2021 01:29:45.0517 AM
[ReportManager] Successfully created attachment [Selenium WebDriver Logs - driver] @13-02-2021 01:29:45.0688 AM
[ReportManager] Browser Action [closeCurrentWindow] successfully performed. @13-02-2021 01:29:45.0746 AM
[ReportManager] Successfully created attachment [Browser Action Test Data - closeCurrentWindow - Actual Value] @13-02-2021 01:29:45.0747 A
[ReportManager] File Action [getAbsolutePath] successfully performed. With the following test data [Relative Folder Path: "target/downloadedFiles/"]. @13-02-2021 01:29:45.0750 AM
[ReportManager] Attempting to run remotely on: [Linux-64], [GoogleChrome], [http://localhost:4444/wd/hub], Headless Execution. @13-02-2021 01:29:45.0750 AM
[ReportManager] Successfully Opened [GoogleChrome]. @13-02-2021 01:29:46.0045 AM
[ReportManager] Target URL: [https://duckduckgo.com] @13-02-2021 01:29:46.0067 AM
[ReportManager] Initial URL: [data:,] @13-02-2021 01:29:46.0132 AM
[ReportManager] Browser Action [navigateToURL] successfully performed. With the following test data [https://duckduckgo.com]. @13-02-2021 01:29:46.0759 A

################################################################################################################################################
Starting Execution:	[8 out of 134] test cases in the current suite
Test Method:		[unitTests.tests_browserActions.getCurrentWindowTitle]
################################################################################################################################################
[ReportManager] Browser Action [getCurrentWindowTitle] successfully performed. With the following test data [DuckDuckGo â€” Privacy, simplified.]. @13-02-2021 01:29:46.0829 A
[ReportManager] Target URL: [https://duckduckgo.com] @13-02-2021 01:29:46.0843 AM
[ReportManager] Initial URL: [https://duckduckgo.com] @13-02-2021 01:29:46.0938 AM
[ReportManager] Browser Action [navigateToURL] successfully performed. With the following test data [https://duckduckgo.com]. @13-02-2021 01:29:47.0391 AM
[ReportManager] Successfully created attachment [Selenium WebDriver Logs - server] @13-02-2021 01:29:47.0469 AM
[ReportManager] Successfully created attachment [Selenium WebDriver Logs - performance] @13-02-2021 01:29:47.0590 AM
[ReportManager] Successfully created attachment [Selenium WebDriver Logs - driver] @13-02-2021 01:29:47.0809 AM
[ReportManager] Browser Action [closeCurrentWindow] successfully performed. @13-02-2021 01:29:47.0874 AM
[ReportManager] Successfully created attachment [Browser Action Test Data - closeCurrentWindow - Actual Value] @13-02-2021 01:29:47.0876 A
[ReportManager] File Action [getAbsolutePath] successfully performed. With the following test data [Relative Folder Path: "target/downloadedFiles/"]. @13-02-2021 01:29:47.0886 AM
[ReportManager] Attempting to run remotely on: [Linux-64], [GoogleChrome], [http://localhost:4444/wd/hub], Headless Execution. @13-02-2021 01:29:47.0886 AM
[ReportManager] Successfully Opened [GoogleChrome]. @13-02-2021 01:29:48.0167 AM
[ReportManager] Target URL: [https://duckduckgo.com] @13-02-2021 01:29:48.0192 AM
[ReportManager] Initial URL: [data:,] @13-02-2021 01:29:48.0263 AM
[ReportManager] Browser Action [navigateToURL] successfully performed. With the following test data [https://duckduckgo.com]. @13-02-2021 01:29:48.0871 A

################################################################################################################################################
Starting Execution:	[9 out of 134] test cases in the current suite
Test Method:		[unitTests.tests_browserActions.getPageSource]
################################################################################################################################################
[ReportManager] Browser Action [getPageSource] successfully performed. @13-02-2021 01:29:48.0964 AM
[ReportManager] Successfully created attachment [Browser Action Test Data - getPageSource - Actual Value] @13-02-2021 01:29:48.0965 A
[ReportManager] Target URL: [https://duckduckgo.com] @13-02-2021 01:29:48.0969 AM
[ReportManager] Initial URL: [https://duckduckgo.com] @13-02-2021 01:29:49.0075 AM
[ReportManager] Browser Action [navigateToURL] successfully performed. With the following test data [https://duckduckgo.com]. @13-02-2021 01:29:49.0545 AM
[ReportManager] Successfully created attachment [Selenium WebDriver Logs - server] @13-02-2021 01:29:49.0646 AM
[ReportManager] Successfully created attachment [Selenium WebDriver Logs - performance] @13-02-2021 01:29:49.0786 AM
[ReportManager] Successfully created attachment [Selenium WebDriver Logs - driver] @13-02-2021 01:29:49.0959 AM
[ReportManager] Browser Action [closeCurrentWindow] successfully performed. @13-02-2021 01:29:50.0017 AM
[ReportManager] Successfully created attachment [Browser Action Test Data - closeCurrentWindow - Actual Value] @13-02-2021 01:29:50.0018 A
[ReportManager] File Action [getAbsolutePath] successfully performed. With the following test data [Relative Folder Path: "target/downloadedFiles/"]. @13-02-2021 01:29:50.0021 AM
[ReportManager] Attempting to run remotely on: [Linux-64], [GoogleChrome], [http://localhost:4444/wd/hub], Headless Execution. @13-02-2021 01:29:50.0022 AM
[ReportManager] Successfully Opened [GoogleChrome]. @13-02-2021 01:29:50.0276 AM
[ReportManager] Target URL: [https://duckduckgo.com] @13-02-2021 01:29:50.0292 AM
[ReportManager] Initial URL: [data:,] @13-02-2021 01:29:50.0355 AM
[ReportManager] Browser Action [navigateToURL] successfully performed. With the following test data [https://duckduckgo.com]. @13-02-2021 01:29:50.0976 A

################################################################################################################################################
Starting Execution:	[10 out of 134] test cases in the current suite
Test Method:		[unitTests.tests_browserActions.getWindowHandle]
################################################################################################################################################
[ReportManager] Browser Action [getWindowHandle] successfully performed. With the following test data [CDwindow-2487AD71C2EA7EFFAA940AE0A66AF47C]. @13-02-2021 01:29:51.0067 A
[ReportManager] Target URL: [https://duckduckgo.com] @13-02-2021 01:29:51.0069 AM
[ReportManager] Initial URL: [https://duckduckgo.com] @13-02-2021 01:29:51.0177 AM
[ReportManager] Browser Action [navigateToURL] successfully performed. With the following test data [https://duckduckgo.com]. @13-02-2021 01:29:51.0576 AM
[ReportManager] Successfully created attachment [Selenium WebDriver Logs - server] @13-02-2021 01:29:51.0636 AM
[ReportManager] Successfully created attachment [Selenium WebDriver Logs - performance] @13-02-2021 01:29:51.0749 AM
[ReportManager] Successfully created attachment [Selenium WebDriver Logs - driver] @13-02-2021 01:29:51.0914 AM
[ReportManager] Browser Action [closeCurrentWindow] successfully performed. @13-02-2021 01:29:51.0971 AM
[ReportManager] Successfully created attachment [Browser Action Test Data - closeCurrentWindow - Actual Value] @13-02-2021 01:29:51.0972 A
[ReportManager] File Action [getAbsolutePath] successfully performed. With the following test data [Relative Folder Path: "target/downloadedFiles/"]. @13-02-2021 01:29:51.0980 AM
[ReportManager] Attempting to run remotely on: [Linux-64], [GoogleChrome], [http://localhost:4444/wd/hub], Headless Execution. @13-02-2021 01:29:51.0980 AM
[ReportManager] Successfully Opened [GoogleChrome]. @13-02-2021 01:29:52.0233 AM
[ReportManager] Target URL: [https://duckduckgo.com] @13-02-2021 01:29:52.0253 AM
[ReportManager] Initial URL: [data:,] @13-02-2021 01:29:52.0299 AM
[ReportManager] Browser Action [navigateToURL] successfully performed. With the following test data [https://duckduckgo.com]. @13-02-2021 01:29:52.0914 A

################################################################################################################################################
Starting Execution:	[11 out of 134] test cases in the current suite
Test Method:		[unitTests.tests_browserActions.getWindowPosition]
################################################################################################################################################
[ReportManager] Browser Action [getWindowPosition] successfully performed. With the following test data [(0, 0)]. @13-02-2021 01:29:52.0994 A
[ReportManager] Target URL: [https://duckduckgo.com] @13-02-2021 01:29:53.0003 AM
[ReportManager] Initial URL: [https://duckduckgo.com] @13-02-2021 01:29:53.0076 AM
[ReportManager] Browser Action [navigateToURL] successfully performed. With the following test data [https://duckduckgo.com]. @13-02-2021 01:29:53.0484 AM
[ReportManager] Successfully created attachment [Selenium WebDriver Logs - server] @13-02-2021 01:29:53.0560 AM
[ReportManager] Successfully created attachment [Selenium WebDriver Logs - performance] @13-02-2021 01:29:53.0686 AM
[ReportManager] Successfully created attachment [Selenium WebDriver Logs - driver] @13-02-2021 01:29:53.0862 AM
[ReportManager] Browser Action [closeCurrentWindow] successfully performed. @13-02-2021 01:29:53.0929 AM
[ReportManager] Successfully created attachment [Browser Action Test Data - closeCurrentWindow - Actual Value] @13-02-2021 01:29:53.0930 A
[ReportManager] File Action [getAbsolutePath] successfully performed. With the following test data [Relative Folder Path: "target/downloadedFiles/"]. @13-02-2021 01:29:53.0934 AM
[ReportManager] Attempting to run remotely on: [Linux-64], [GoogleChrome], [http://localhost:4444/wd/hub], Headless Execution. @13-02-2021 01:29:53.0934 AM
[ReportManager] Successfully Opened [GoogleChrome]. @13-02-2021 01:29:54.0224 AM
[ReportManager] Target URL: [https://duckduckgo.com] @13-02-2021 01:29:54.0241 AM
[ReportManager] Initial URL: [data:,] @13-02-2021 01:29:54.0303 AM
[ReportManager] Browser Action [navigateToURL] successfully performed. With the following test data [https://duckduckgo.com]. @13-02-2021 01:29:54.0928 A

################################################################################################################################################
Starting Execution:	[12 out of 134] test cases in the current suite
Test Method:		[unitTests.tests_browserActions.getWindowSize]
################################################################################################################################################
[ReportManager] Browser Action [getWindowSize] successfully performed. With the following test data [(800, 600)]. @13-02-2021 01:29:55.0019 A
[ReportManager] Target URL: [https://duckduckgo.com] @13-02-2021 01:29:55.0023 AM
[ReportManager] Initial URL: [https://duckduckgo.com] @13-02-2021 01:29:55.0108 AM
[ReportManager] Browser Action [navigateToURL] successfully performed. With the following test data [https://duckduckgo.com]. @13-02-2021 01:29:55.0530 AM
[ReportManager] Successfully created attachment [Selenium WebDriver Logs - server] @13-02-2021 01:29:55.0609 AM
[ReportManager] Successfully created attachment [Selenium WebDriver Logs - performance] @13-02-2021 01:29:55.0744 AM
[ReportManager] Successfully created attachment [Selenium WebDriver Logs - driver] @13-02-2021 01:29:55.0921 AM
[ReportManager] Browser Action [closeCurrentWindow] successfully performed. @13-02-2021 01:29:55.0983 AM
[ReportManager] Successfully created attachment [Browser Action Test Data - closeCurrentWindow - Actual Value] @13-02-2021 01:29:55.0984 A
[ReportManager] File Action [getAbsolutePath] successfully performed. With the following test data [Relative Folder Path: "target/downloadedFiles/"]. @13-02-2021 01:29:55.0987 AM
[ReportManager] Attempting to run remotely on: [Linux-64], [GoogleChrome], [http://localhost:4444/wd/hub], Headless Execution. @13-02-2021 01:29:55.0987 AM
[ReportManager] Successfully Opened [GoogleChrome]. @13-02-2021 01:29:56.0304 AM
[ReportManager] Target URL: [https://duckduckgo.com] @13-02-2021 01:29:56.0321 AM
[ReportManager] Initial URL: [data:,] @13-02-2021 01:29:56.0376 AM
[ReportManager] Browser Action [navigateToURL] successfully performed. With the following test data [https://duckduckgo.com]. @13-02-2021 01:29:57.0005 A

################################################################################################################################################
Starting Execution:	[13 out of 134] test cases in the current suite
Test Method:		[unitTests.tests_browserActions.maximizeWindow]
################################################################################################################################################
[ReportManager] Initial window size: (800, 600) @13-02-2021 01:29:57.0017 AM
[ReportManager] Window size after Toolkit: (1920, 1080) @13-02-2021 01:29:57.0247 AM
[ReportManager] Browser Action [maximizeWindow] successfully performed. With the following test data [New screen size is now: (1920, 1080)]. @13-02-2021 01:29:57.0249 A
[ReportManager] Target URL: [https://duckduckgo.com] @13-02-2021 01:29:57.0251 AM
[ReportManager] Initial URL: [https://duckduckgo.com] @13-02-2021 01:29:57.0330 AM
[ReportManager] Browser Action [navigateToURL] successfully performed. With the following test data [https://duckduckgo.com]. @13-02-2021 01:29:57.0782 AM
[ReportManager] Successfully created attachment [Selenium WebDriver Logs - server] @13-02-2021 01:29:57.0854 AM
[ReportManager] Successfully created attachment [Selenium WebDriver Logs - performance] @13-02-2021 01:29:57.0987 AM
[ReportManager] Successfully created attachment [Selenium WebDriver Logs - driver] @13-02-2021 01:29:58.0171 AM
[ReportManager] Browser Action [closeCurrentWindow] successfully performed. @13-02-2021 01:29:58.0228 AM
[ReportManager] Successfully created attachment [Browser Action Test Data - closeCurrentWindow - Actual Value] @13-02-2021 01:29:58.0229 A
[ReportManager] File Action [getAbsolutePath] successfully performed. With the following test data [Relative Folder Path: "target/downloadedFiles/"]. @13-02-2021 01:29:58.0231 AM
[ReportManager] Attempting to run remotely on: [Linux-64], [GoogleChrome], [http://localhost:4444/wd/hub], Headless Execution. @13-02-2021 01:29:58.0232 AM
[ReportManager] Successfully Opened [GoogleChrome]. @13-02-2021 01:29:58.0521 AM
[ReportManager] Target URL: [https://duckduckgo.com] @13-02-2021 01:29:58.0533 AM
[ReportManager] Initial URL: [data:,] @13-02-2021 01:29:58.0578 AM
[ReportManager] Browser Action [navigateToURL] successfully performed. With the following test data [https://duckduckgo.com]. @13-02-2021 01:29:59.0180 A

################################################################################################################################################
Starting Execution:	[14 out of 134] test cases in the current suite
Test Method:		[unitTests.tests_browserActions.navigateBack]
################################################################################################################################################
[ReportManager] Target URL: [https://www.google.com/ncr], and after redirection: [https://www.google.com] @13-02-2021 01:29:59.0183 AM
[ReportManager] Initial URL: [https://duckduckgo.com] @13-02-2021 01:29:59.0293 AM
[ReportManager] Browser Action [navigateToURL] successfully performed. With the following test data [https://www.google.com/ncr]. @13-02-2021 01:30:00.0220 AM
[ReportManager] Browser Action [navigateBack] successfully performed. With the following test data [https://duckduckgo.com/]. @13-02-2021 01:30:00.0636 AM
[ReportManager] Confirming that navigating back was successful... @13-02-2021 01:30:00.0640 AM
[ReportManager] Browser Action [getCurrentURL] successfully performed. With the following test data [https://duckduckgo.com/]. @13-02-2021 01:30:00.0686 AM
[ReportManager] AssertBrowserAttribute PASSED; Expected [Value Should be 'https://duckduckgo.com' for the 'CurrentUrl' attribute] and Actual [https://duckduckgo.com/]. Comparison Type [CONTAINS]. Validation Type [POSITIVE]. @13-02-2021 01:30:00.0688 A
[ReportManager] Target URL: [https://duckduckgo.com] @13-02-2021 01:30:00.0692 AM
[ReportManager] Initial URL: [https://duckduckgo.com] @13-02-2021 01:30:00.0770 AM
[ReportManager] Browser Action [navigateToURL] successfully performed. With the following test data [https://duckduckgo.com]. @13-02-2021 01:30:01.0174 AM
[ReportManager] Successfully created attachment [Selenium WebDriver Logs - server] @13-02-2021 01:30:01.0242 AM
[ReportManager] Successfully created attachment [Selenium WebDriver Logs - performance] @13-02-2021 01:30:01.0440 AM
[ReportManager] Successfully created attachment [Selenium WebDriver Logs - driver] @13-02-2021 01:30:01.0743 AM
[ReportManager] Browser Action [closeCurrentWindow] successfully performed. @13-02-2021 01:30:01.0801 AM
[ReportManager] Successfully created attachment [Browser Action Test Data - closeCurrentWindow - Actual Value] @13-02-2021 01:30:01.0803 A
[ReportManager] File Action [getAbsolutePath] successfully performed. With the following test data [Relative Folder Path: "target/downloadedFiles/"]. @13-02-2021 01:30:01.0806 AM
[ReportManager] Attempting to run remotely on: [Linux-64], [GoogleChrome], [http://localhost:4444/wd/hub], Headless Execution. @13-02-2021 01:30:01.0807 AM
[ReportManager] Successfully Opened [GoogleChrome]. @13-02-2021 01:30:02.0072 AM
[ReportManager] Target URL: [https://duckduckgo.com] @13-02-2021 01:30:02.0084 AM
[ReportManager] Initial URL: [data:,] @13-02-2021 01:30:02.0130 AM
[ReportManager] Browser Action [navigateToURL] successfully performed. With the following test data [https://duckduckgo.com]. @13-02-2021 01:30:02.0783 A

################################################################################################################################################
Starting Execution:	[15 out of 134] test cases in the current suite
Test Method:		[unitTests.tests_browserActions.navigateForward]
################################################################################################################################################
[ReportManager] Target URL: [https://www.google.com/ncr], and after redirection: [https://www.google.com] @13-02-2021 01:30:02.0790 AM
[ReportManager] Initial URL: [https://duckduckgo.com] @13-02-2021 01:30:02.0872 AM
[ReportManager] Browser Action [navigateToURL] successfully performed. With the following test data [https://www.google.com/ncr]. @13-02-2021 01:30:03.0788 AM
[ReportManager] Browser Action [navigateBack] successfully performed. With the following test data [https://duckduckgo.com/]. @13-02-2021 01:30:04.0236 AM
[ReportManager] Browser Action [navigateForward] successfully performed. With the following test data [https://www.google.com/]. @13-02-2021 01:30:04.0707 A
[ReportManager] Target URL: [https://duckduckgo.com] @13-02-2021 01:30:04.0709 AM
[ReportManager] Initial URL: [https://www.google.com] @13-02-2021 01:30:04.0814 AM
[ReportManager] Browser Action [navigateToURL] successfully performed. With the following test data [https://duckduckgo.com]. @13-02-2021 01:30:05.0401 AM
[ReportManager] Successfully created attachment [Selenium WebDriver Logs - server] @13-02-2021 01:30:05.0474 AM
[ReportManager] Successfully created attachment [Selenium WebDriver Logs - performance] @13-02-2021 01:30:05.0696 AM
[ReportManager] Successfully created attachment [Selenium WebDriver Logs - driver] @13-02-2021 01:30:05.0997 AM
[ReportManager] Browser Action [closeCurrentWindow] successfully performed. @13-02-2021 01:30:06.0057 AM
[ReportManager] Successfully created attachment [Browser Action Test Data - closeCurrentWindow - Actual Value] @13-02-2021 01:30:06.0058 A
[ReportManager] File Action [getAbsolutePath] successfully performed. With the following test data [Relative Folder Path: "target/downloadedFiles/"]. @13-02-2021 01:30:06.0061 AM
[ReportManager] Attempting to run remotely on: [Linux-64], [GoogleChrome], [http://localhost:4444/wd/hub], Headless Execution. @13-02-2021 01:30:06.0062 AM
[ReportManager] Successfully Opened [GoogleChrome]. @13-02-2021 01:30:06.0338 AM
[ReportManager] Target URL: [https://duckduckgo.com] @13-02-2021 01:30:06.0350 AM
[ReportManager] Initial URL: [data:,] @13-02-2021 01:30:06.0392 AM
[ReportManager] Browser Action [navigateToURL] successfully performed. With the following test data [https://duckduckgo.com]. @13-02-2021 01:30:06.0983 A

################################################################################################################################################
Starting Execution:	[16 out of 134] test cases in the current suite
Test Method:		[unitTests.tests_browserActions.navigateToURL]
################################################################################################################################################
[ReportManager] Target URL: [https://duckduckgo.com] @13-02-2021 01:30:06.0987 AM
[ReportManager] Initial URL: [https://duckduckgo.com] @13-02-2021 01:30:07.0059 AM
[ReportManager] Browser Action [navigateToURL] successfully performed. With the following test data [https://duckduckgo.com]. @13-02-2021 01:30:07.0458 A
[ReportManager] Target URL: [https://duckduckgo.com] @13-02-2021 01:30:07.0471 AM
[ReportManager] Initial URL: [https://duckduckgo.com] @13-02-2021 01:30:07.0550 AM
[ReportManager] Browser Action [navigateToURL] successfully performed. With the following test data [https://duckduckgo.com]. @13-02-2021 01:30:07.0955 AM
[ReportManager] Successfully created attachment [Selenium WebDriver Logs - server] @13-02-2021 01:30:08.0030 AM
[ReportManager] Successfully created attachment [Selenium WebDriver Logs - performance] @13-02-2021 01:30:08.0215 AM
[ReportManager] Successfully created attachment [Selenium WebDriver Logs - driver] @13-02-2021 01:30:08.0446 AM
[ReportManager] Browser Action [closeCurrentWindow] successfully performed. @13-02-2021 01:30:08.0504 AM
[ReportManager] Successfully created attachment [Browser Action Test Data - closeCurrentWindow - Actual Value] @13-02-2021 01:30:08.0505 A
[ReportManager] File Action [getAbsolutePath] successfully performed. With the following test data [Relative Folder Path: "target/downloadedFiles/"]. @13-02-2021 01:30:08.0508 AM
[ReportManager] Attempting to run remotely on: [Linux-64], [GoogleChrome], [http://localhost:4444/wd/hub], Headless Execution. @13-02-2021 01:30:08.0509 AM
[ReportManager] Successfully Opened [GoogleChrome]. @13-02-2021 01:30:08.0769 AM
[ReportManager] Target URL: [https://duckduckgo.com] @13-02-2021 01:30:08.0791 AM
[ReportManager] Initial URL: [data:,] @13-02-2021 01:30:08.0843 AM
[ReportManager] Browser Action [navigateToURL] successfully performed. With the following test data [https://duckduckgo.com]. @13-02-2021 01:30:09.0430 A

################################################################################################################################################
Starting Execution:	[17 out of 134] test cases in the current suite
Test Method:		[unitTests.tests_browserActions.navigateToURLWithRedirection]
################################################################################################################################################
[ReportManager] Target URL: [https://www.google.com/ncr], and after redirection: [https://www.google.com] @13-02-2021 01:30:09.0471 AM
[ReportManager] Initial URL: [https://duckduckgo.com] @13-02-2021 01:30:09.0563 AM
[ReportManager] Browser Action [navigateToURL] successfully performed. With the following test data [https://www.google.com/ncr]. @13-02-2021 01:30:10.0395 A
[ReportManager] Target URL: [https://duckduckgo.com] @13-02-2021 01:30:10.0400 AM
[ReportManager] Initial URL: [https://www.google.com] @13-02-2021 01:30:10.0506 AM
[ReportManager] Browser Action [navigateToURL] successfully performed. With the following test data [https://duckduckgo.com]. @13-02-2021 01:30:11.0095 AM
[ReportManager] Successfully created attachment [Selenium WebDriver Logs - server] @13-02-2021 01:30:11.0163 AM
[ReportManager] Successfully created attachment [Selenium WebDriver Logs - performance] @13-02-2021 01:30:11.0287 AM
[ReportManager] Successfully created attachment [Selenium WebDriver Logs - driver] @13-02-2021 01:30:11.0475 AM
[ReportManager] Browser Action [closeCurrentWindow] successfully performed. @13-02-2021 01:30:11.0532 AM
[ReportManager] Successfully created attachment [Browser Action Test Data - closeCurrentWindow - Actual Value] @13-02-2021 01:30:11.0532 A
[ReportManager] File Action [getAbsolutePath] successfully performed. With the following test data [Relative Folder Path: "target/downloadedFiles/"]. @13-02-2021 01:30:11.0535 AM
[ReportManager] Attempting to run remotely on: [Linux-64], [GoogleChrome], [http://localhost:4444/wd/hub], Headless Execution. @13-02-2021 01:30:11.0535 AM
[ReportManager] Successfully Opened [GoogleChrome]. @13-02-2021 01:30:11.0810 AM
[ReportManager] Target URL: [https://duckduckgo.com] @13-02-2021 01:30:11.0822 AM
[ReportManager] Initial URL: [data:,] @13-02-2021 01:30:11.0872 AM
[ReportManager] Browser Action [navigateToURL] successfully performed. With the following test data [https://duckduckgo.com]. @13-02-2021 01:30:12.0484 A

################################################################################################################################################
Starting Execution:	[18 out of 134] test cases in the current suite
Test Method:		[unitTests.tests_browserActions.refreshCurrentPage]
################################################################################################################################################
[ReportManager] Browser Action [refreshCurrentPage] successfully performed. @13-02-2021 01:30:12.0739 AM
[ReportManager] Successfully created attachment [Browser Action Test Data - refreshCurrentPage - Actual Value] @13-02-2021 01:30:12.0740 A
[ReportManager] Target URL: [https://duckduckgo.com] @13-02-2021 01:30:12.0742 AM
[ReportManager] Initial URL: [https://duckduckgo.com] @13-02-2021 01:30:12.0801 AM
[ReportManager] Browser Action [navigateToURL] successfully performed. With the following test data [https://duckduckgo.com]. @13-02-2021 01:30:13.0114 AM
[ReportManager] Successfully created attachment [Selenium WebDriver Logs - server] @13-02-2021 01:30:13.0168 AM
[ReportManager] Successfully created attachment [Selenium WebDriver Logs - performance] @13-02-2021 01:30:13.0334 AM
[ReportManager] Successfully created attachment [Selenium WebDriver Logs - driver] @13-02-2021 01:30:13.0519 AM
[ReportManager] Browser Action [closeCurrentWindow] successfully performed. @13-02-2021 01:30:13.0576 AM
[ReportManager] Successfully created attachment [Browser Action Test Data - closeCurrentWindow - Actual Value] @13-02-2021 01:30:13.0576 A
[ReportManager] File Action [getAbsolutePath] successfully performed. With the following test data [Relative Folder Path: "target/downloadedFiles/"]. @13-02-2021 01:30:13.0578 AM
[ReportManager] Attempting to run remotely on: [Linux-64], [GoogleChrome], [http://localhost:4444/wd/hub], Headless Execution. @13-02-2021 01:30:13.0578 AM
[ReportManager] Successfully Opened [GoogleChrome]. @13-02-2021 01:30:13.0828 AM
[ReportManager] Target URL: [https://duckduckgo.com] @13-02-2021 01:30:13.0843 AM
[ReportManager] Initial URL: [data:,] @13-02-2021 01:30:13.0887 AM
[ReportManager] Browser Action [navigateToURL] successfully performed. With the following test data [https://duckduckgo.com]. @13-02-2021 01:30:14.0431 A

################################################################################################################################################
Starting Execution:	[19 out of 134] test cases in the current suite
Test Method:		[unitTests.tests_browserActions.setWindowSize]
################################################################################################################################################
[ReportManager] Initial window size: (800, 600) @13-02-2021 01:30:14.0443 AM
[ReportManager] Window size after SWD: (1280, 720) @13-02-2021 01:30:14.0662 AM
[ReportManager] Browser Action [setWindowSize] successfully performed. With the following test data [New screen size is now: (1280, 720)]. @13-02-2021 01:30:14.0662 A
[ReportManager] Target URL: [https://duckduckgo.com] @13-02-2021 01:30:14.0664 AM
[ReportManager] Initial URL: [https://duckduckgo.com] @13-02-2021 01:30:14.0727 AM
[ReportManager] Browser Action [navigateToURL] successfully performed. With the following test data [https://duckduckgo.com]. @13-02-2021 01:30:15.0075 AM
[ReportManager] Successfully created attachment [Selenium WebDriver Logs - server] @13-02-2021 01:30:15.0136 AM
[ReportManager] Successfully created attachment [Selenium WebDriver Logs - performance] @13-02-2021 01:30:15.0256 AM
[ReportManager] Successfully created attachment [Selenium WebDriver Logs - driver] @13-02-2021 01:30:15.0399 AM
[ReportManager] Browser Action [closeCurrentWindow] successfully performed. @13-02-2021 01:30:15.0457 AM
[ReportManager] Successfully created attachment [Browser Action Test Data - closeCurrentWindow - Actual Value] @13-02-2021 01:30:15.0457 A

################################################################################################################################################
Starting Execution:	[20 out of 134] test cases in the current suite
Test Method:		[unitTests.tests_restActions.getPostsAndAssertBodyForSpecificTitle]
################################################################################################################################################
[ReportManager] Response status code: [200], status line: [HTTP/1.1 200 OK] @13-02-2021 01:30:17.0831 AM
[ReportManager] Evaluating the actual response status code against the expected one...... @13-02-2021 01:30:17.0831 AM
[ReportManager] AssertEquals PASSED; Expected [200] and Actual [200]. Comparison Type [EQUALS]. Validation Type [POSITIVE]. @13-02-2021 01:30:17.0832 AM
[ReportManager] API Action [performRequest] successfully performed. With the following test data [Request Type: "GET" | Target Status Code: "200" | Service URL: "https://jsonplaceholder.typicode.com/posts" | Content Type: "*/*" | Response Time: "853ms"]. @13-02-2021 01:30:18.0782 AM
[ReportManager] Successfully created attachment [API Response - JSON Body] @13-02-2021 01:30:18.0783 AM
[ReportManager] API Action [getResponseJSONValueAsList] successfully performed. @13-02-2021 01:30:18.0803 AM
[ReportManager] API Action [getResponseJSONValue] successfully performed. With the following test data [title]. @13-02-2021 01:30:18.0821 AM
[ReportManager] API Action [getResponseJSONValue] successfully performed. With the following test data [title]. @13-02-2021 01:30:18.0832 AM
[ReportManager] API Action [getResponseJSONValue] successfully performed. With the following test data [body]. @13-02-2021 01:30:18.0842 AM
[ReportManager] AssertEquals PASSED; Expected [qui neque nisi nulla] and Actual [est rerum tempore vitae
sequi sint nihil reprehenderit dolor beatae ea dolores neque
fugiat blanditiis voluptate porro vel nihil molestiae ut reiciendis
qui aperiam non debitis possimus qui neque nisi nulla]. Comparison Type [CONTAINS]. Validation Type [POSITIVE]. @13-02-2021 01:30:18.0842 AM
[ReportManager] API Action [getResponseJSONValue] successfully performed. With the following test data [title]. @13-02-2021 01:30:18.0852 AM
[ReportManager] API Action [getResponseJSONValue] successfully performed. With the following test data [title]. @13-02-2021 01:30:18.0860 AM
[ReportManager] API Action [getResponseJSONValue] successfully performed. With the following test data [title]. @13-02-2021 01:30:18.0869 AM
[ReportManager] API Action [getResponseJSONValue] successfully performed. With the following test data [title]. @13-02-2021 01:30:18.0878 AM
[ReportManager] API Action [getResponseJSONValue] successfully performed. With the following test data [title]. @13-02-2021 01:30:18.0886 AM
[ReportManager] API Action [getResponseJSONValue] successfully performed. With the following test data [title]. @13-02-2021 01:30:18.0896 AM
[ReportManager] API Action [getResponseJSONValue] successfully performed. With the following test data [title]. @13-02-2021 01:30:18.0904 AM
[ReportManager] API Action [getResponseJSONValue] successfully performed. With the following test data [title]. @13-02-2021 01:30:18.0913 AM
[ReportManager] API Action [getResponseJSONValue] successfully performed. With the following test data [title]. @13-02-2021 01:30:18.0922 AM
[ReportManager] API Action [getResponseJSONValue] successfully performed. With the following test data [title]. @13-02-2021 01:30:18.0931 AM
[ReportManager] API Action [getResponseJSONValue] successfully performed. With the following test data [title]. @13-02-2021 01:30:18.0941 AM
[ReportManager] API Action [getResponseJSONValue] successfully performed. With the following test data [title]. @13-02-2021 01:30:18.0950 AM
[ReportManager] API Action [getResponseJSONValue] successfully performed. With the following test data [title]. @13-02-2021 01:30:18.0959 AM
[ReportManager] API Action [getResponseJSONValue] successfully performed. With the following test data [title]. @13-02-2021 01:30:18.0967 AM
[ReportManager] API Action [getResponseJSONValue] successfully performed. With the following test data [title]. @13-02-2021 01:30:18.0976 AM
[ReportManager] API Action [getResponseJSONValue] successfully performed. With the following test data [title]. @13-02-2021 01:30:18.0985 AM
[ReportManager] API Action [getResponseJSONValue] successfully performed. With the following test data [title]. @13-02-2021 01:30:18.0993 AM
[ReportManager] API Action [getResponseJSONValue] successfully performed. With the following test data [title]. @13-02-2021 01:30:19.0001 AM
[ReportManager] API Action [getResponseJSONValue] successfully performed. With the following test data [title]. @13-02-2021 01:30:19.0009 AM
[ReportManager] API Action [getResponseJSONValue] successfully performed. With the following test data [title]. @13-02-2021 01:30:19.0017 AM
[ReportManager] API Action [getResponseJSONValue] successfully performed. With the following test data [title]. @13-02-2021 01:30:19.0024 AM
[ReportManager] API Action [getResponseJSONValue] successfully performed. With the following test data [title]. @13-02-2021 01:30:19.0032 AM
[ReportManager] API Action [getResponseJSONValue] successfully performed. With the following test data [title]. @13-02-2021 01:30:19.0039 AM
[ReportManager] API Action [getResponseJSONValue] successfully performed. With the following test data [title]. @13-02-2021 01:30:19.0046 AM
[ReportManager] API Action [getResponseJSONValue] successfully performed. With the following test data [title]. @13-02-2021 01:30:19.0054 AM
[ReportManager] API Action [getResponseJSONValue] successfully performed. With the following test data [title]. @13-02-2021 01:30:19.0062 AM
[ReportManager] API Action [getResponseJSONValue] successfully performed. With the following test data [title]. @13-02-2021 01:30:19.0069 AM
[ReportManager] API Action [getResponseJSONValue] successfully performed. With the following test data [title]. @13-02-2021 01:30:19.0076 AM
[ReportManager] API Action [getResponseJSONValue] successfully performed. With the following test data [title]. @13-02-2021 01:30:19.0083 AM
[ReportManager] API Action [getResponseJSONValue] successfully performed. With the following test data [title]. @13-02-2021 01:30:19.0090 AM
[ReportManager] API Action [getResponseJSONValue] successfully performed. With the following test data [title]. @13-02-2021 01:30:19.0098 AM
[ReportManager] API Action [getResponseJSONValue] successfully performed. With the following test data [title]. @13-02-2021 01:30:19.0105 AM
[ReportManager] API Action [getResponseJSONValue] successfully performed. With the following test data [title]. @13-02-2021 01:30:19.0113 AM
[ReportManager] API Action [getResponseJSONValue] successfully performed. With the following test data [title]. @13-02-2021 01:30:19.0122 AM
[ReportManager] API Action [getResponseJSONValue] successfully performed. With the following test data [title]. @13-02-2021 01:30:19.0129 AM
[ReportManager] API Action [getResponseJSONValue] successfully performed. With the following test data [title]. @13-02-2021 01:30:19.0137 AM
[ReportManager] API Action [getResponseJSONValue] successfully performed. With the following test data [title]. @13-02-2021 01:30:19.0144 AM
[ReportManager] API Action [getResponseJSONValue] successfully performed. With the following test data [title]. @13-02-2021 01:30:19.0151 AM
[ReportManager] API Action [getResponseJSONValue] successfully performed. With the following test data [title]. @13-02-2021 01:30:19.0157 AM
[ReportManager] API Action [getResponseJSONValue] successfully performed. With the following test data [title]. @13-02-2021 01:30:19.0164 AM
[ReportManager] API Action [getResponseJSONValue] successfully performed. With the following test data [title]. @13-02-2021 01:30:19.0170 AM
[ReportManager] API Action [getResponseJSONValue] successfully performed. With the following test data [title]. @13-02-2021 01:30:19.0177 AM
[ReportManager] API Action [getResponseJSONValue] successfully performed. With the following test data [title]. @13-02-2021 01:30:19.0183 AM
[ReportManager] API Action [getResponseJSONValue] successfully performed. With the following test data [title]. @13-02-2021 01:30:19.0190 AM
[ReportManager] API Action [getResponseJSONValue] successfully performed. With the following test data [title]. @13-02-2021 01:30:19.0197 AM
[ReportManager] API Action [getResponseJSONValue] successfully performed. With the following test data [title]. @13-02-2021 01:30:19.0203 AM
[ReportManager] API Action [getResponseJSONValue] successfully performed. With the following test data [title]. @13-02-2021 01:30:19.0211 AM
[ReportManager] API Action [getResponseJSONValue] successfully performed. With the following test data [title]. @13-02-2021 01:30:19.0220 AM
[ReportManager] API Action [getResponseJSONValue] successfully performed. With the following test data [title]. @13-02-2021 01:30:19.0227 AM
[ReportManager] API Action [getResponseJSONValue] successfully performed. With the following test data [title]. @13-02-2021 01:30:19.0234 AM
[ReportManager] API Action [getResponseJSONValue] successfully performed. With the following test data [title]. @13-02-2021 01:30:19.0244 AM
[ReportManager] API Action [getResponseJSONValue] successfully performed. With the following test data [title]. @13-02-2021 01:30:19.0250 AM
[ReportManager] API Action [getResponseJSONValue] successfully performed. With the following test data [title]. @13-02-2021 01:30:19.0260 AM
[ReportManager] API Action [getResponseJSONValue] successfully performed. With the following test data [title]. @13-02-2021 01:30:19.0267 AM
[ReportManager] API Action [getResponseJSONValue] successfully performed. With the following test data [title]. @13-02-2021 01:30:19.0281 AM
[ReportManager] API Action [getResponseJSONValue] successfully performed. With the following test data [title]. @13-02-2021 01:30:19.0288 AM
[ReportManager] API Action [getResponseJSONValue] successfully performed. With the following test data [title]. @13-02-2021 01:30:19.0295 AM
[ReportManager] API Action [getResponseJSONValue] successfully performed. With the following test data [title]. @13-02-2021 01:30:19.0307 AM
[ReportManager] API Action [getResponseJSONValue] successfully performed. With the following test data [title]. @13-02-2021 01:30:19.0315 AM
[ReportManager] API Action [getResponseJSONValue] successfully performed. With the following test data [title]. @13-02-2021 01:30:19.0367 AM
[ReportManager] API Action [getResponseJSONValue] successfully performed. With the following test data [title]. @13-02-2021 01:30:19.0374 AM
[ReportManager] API Action [getResponseJSONValue] successfully performed. With the following test data [title]. @13-02-2021 01:30:19.0381 AM
[ReportManager] API Action [getResponseJSONValue] successfully performed. With the following test data [title]. @13-02-2021 01:30:19.0388 AM
[ReportManager] API Action [getResponseJSONValue] successfully performed. With the following test data [title]. @13-02-2021 01:30:19.0396 AM
[ReportManager] API Action [getResponseJSONValue] successfully performed. With the following test data [title]. @13-02-2021 01:30:19.0403 AM
[ReportManager] API Action [getResponseJSONValue] successfully performed. With the following test data [title]. @13-02-2021 01:30:19.0410 AM
[ReportManager] API Action [getResponseJSONValue] successfully performed. With the following test data [title]. @13-02-2021 01:30:19.0416 AM
[ReportManager] API Action [getResponseJSONValue] successfully performed. With the following test data [title]. @13-02-2021 01:30:19.0423 AM
[ReportManager] API Action [getResponseJSONValue] successfully performed. With the following test data [title]. @13-02-2021 01:30:19.0430 AM
[ReportManager] API Action [getResponseJSONValue] successfully performed. With the following test data [title]. @13-02-2021 01:30:19.0436 AM
[ReportManager] API Action [getResponseJSONValue] successfully performed. With the following test data [title]. @13-02-2021 01:30:19.0449 AM
[ReportManager] API Action [getResponseJSONValue] successfully performed. With the following test data [title]. @13-02-2021 01:30:19.0456 AM
[ReportManager] API Action [getResponseJSONValue] successfully performed. With the following test data [title]. @13-02-2021 01:30:19.0463 AM
[ReportManager] API Action [getResponseJSONValue] successfully performed. With the following test data [title]. @13-02-2021 01:30:19.0471 AM
[ReportManager] API Action [getResponseJSONValue] successfully performed. With the following test data [title]. @13-02-2021 01:30:19.0477 AM
[ReportManager] API Action [getResponseJSONValue] successfully performed. With the following test data [title]. @13-02-2021 01:30:19.0484 AM
[ReportManager] API Action [getResponseJSONValue] successfully performed. With the following test data [title]. @13-02-2021 01:30:19.0490 AM
[ReportManager] API Action [getResponseJSONValue] successfully performed. With the following test data [title]. @13-02-2021 01:30:19.0496 AM
[ReportManager] API Action [getResponseJSONValue] successfully performed. With the following test data [title]. @13-02-2021 01:30:19.0506 AM
[ReportManager] API Action [getResponseJSONValue] successfully performed. With the following test data [title]. @13-02-2021 01:30:19.0512 AM
[ReportManager] API Action [getResponseJSONValue] successfully performed. With the following test data [title]. @13-02-2021 01:30:19.0518 AM
[ReportManager] API Action [getResponseJSONValue] successfully performed. With the following test data [title]. @13-02-2021 01:30:19.0525 AM
[ReportManager] API Action [getResponseJSONValue] successfully performed. With the following test data [title]. @13-02-2021 01:30:19.0536 AM
[ReportManager] API Action [getResponseJSONValue] successfully performed. With the following test data [title]. @13-02-2021 01:30:19.0543 AM
[ReportManager] API Action [getResponseJSONValue] successfully performed. With the following test data [title]. @13-02-2021 01:30:19.0552 AM
[ReportManager] API Action [getResponseJSONValue] successfully performed. With the following test data [title]. @13-02-2021 01:30:19.0559 AM
[ReportManager] API Action [getResponseJSONValue] successfully performed. With the following test data [title]. @13-02-2021 01:30:19.0570 AM
[ReportManager] API Action [getResponseJSONValue] successfully performed. With the following test data [title]. @13-02-2021 01:30:19.0576 AM
[ReportManager] API Action [getResponseJSONValue] successfully performed. With the following test data [title]. @13-02-2021 01:30:19.0586 AM
[ReportManager] API Action [getResponseJSONValue] successfully performed. With the following test data [title]. @13-02-2021 01:30:19.0596 AM
[ReportManager] API Action [getResponseJSONValue] successfully performed. With the following test data [title]. @13-02-2021 01:30:19.0605 AM
[ReportManager] API Action [getResponseJSONValue] successfully performed. With the following test data [title]. @13-02-2021 01:30:19.0622 AM
[ReportManager] API Action [getResponseJSONValue] successfully performed. With the following test data [title]. @13-02-2021 01:30:19.0631 AM
[ReportManager] API Action [getResponseJSONValue] successfully performed. With the following test data [title]. @13-02-2021 01:30:19.0639 AM
[ReportManager] API Action [getResponseJSONValue] successfully performed. With the following test data [title]. @13-02-2021 01:30:19.0646 AM
[ReportManager] API Action [getResponseJSONValue] successfully performed. With the following test data [title]. @13-02-2021 01:30:19.0652 AM
[ReportManager] API Action [getResponseJSONValue] successfully performed. With the following test data [title]. @13-02-2021 01:30:19.0658 AM
[ReportManager] API Action [getResponseJSONValue] successfully performed. With the following test data [title]. @13-02-2021 01:30:19.0666 A

################################################################################################################################################
Starting Execution:	[21 out of 134] test cases in the current suite
Test Method:		[unitTests.tests_restActions.validateUserEmail]
################################################################################################################################################
[ReportManager] Response status code: [200], status line: [HTTP/1.1 200 OK] @13-02-2021 01:30:19.0804 AM
[ReportManager] Evaluating the actual response status code against the expected one...... @13-02-2021 01:30:19.0804 AM
[ReportManager] AssertEquals PASSED; Expected [200] and Actual [200]. Comparison Type [EQUALS]. Validation Type [POSITIVE]. @13-02-2021 01:30:19.0805 AM
[ReportManager] API Action [performRequest] successfully performed. With the following test data [Request Type: "GET" | Target Status Code: "200" | Service URL: "https://jsonplaceholder.typicode.com/users" | Content Type: "*/*" | Response Time: "103ms"]. @13-02-2021 01:30:19.0820 AM
[ReportManager] Successfully created attachment [API Response - JSON Body] @13-02-2021 01:30:19.0820 AM
[ReportManager] AssertEquals PASSED; Expected and Actual values are attached. Comparison Type [CONTAINS]. Validation Type [POSITIVE]. @13-02-2021 01:30:19.0821 AM
[ReportManager] Successfully created attachment [Validation Test Data - Expected Value] @13-02-2021 01:30:19.0821 AM
[ReportManager] Successfully created attachment [Validation Test Data - Actual Value] @13-02-2021 01:30:19.0821 AM
[ReportManager] API Action [getResponseJSONValueAsList] successfully performed. With the following test data [$]. @13-02-2021 01:30:19.0824 AM
[ReportManager] API Action [getResponseJSONValue] successfully performed. With the following test data [name]. @13-02-2021 01:30:19.0831 AM
[ReportManager] API Action [getResponseJSONValue] successfully performed. With the following test data [email]. @13-02-2021 01:30:19.0841 AM
[ReportManager] AssertEquals PASSED; Expected [Sincere@april.biz] and Actual [Sincere@april.biz]. Comparison Type [EQUALS]. Validation Type [POSITIVE]. @13-02-2021 01:30:19.0841 AM
[ReportManager] API Action [getResponseJSONValue] successfully performed. With the following test data [name]. @13-02-2021 01:30:19.0848 AM
[ReportManager] API Action [getResponseJSONValue] successfully performed. With the following test data [name]. @13-02-2021 01:30:19.0863 AM
[ReportManager] API Action [getResponseJSONValue] successfully performed. With the following test data [name]. @13-02-2021 01:30:19.0874 AM
[ReportManager] API Action [getResponseJSONValue] successfully performed. With the following test data [name]. @13-02-2021 01:30:19.0886 AM
[ReportManager] API Action [getResponseJSONValue] successfully performed. With the following test data [name]. @13-02-2021 01:30:19.0893 AM
[ReportManager] API Action [getResponseJSONValue] successfully performed. With the following test data [name]. @13-02-2021 01:30:19.0900 AM
[ReportManager] API Action [getResponseJSONValue] successfully performed. With the following test data [name]. @13-02-2021 01:30:19.0907 AM
[ReportManager] API Action [getResponseJSONValue] successfully performed. With the following test data [name]. @13-02-2021 01:30:19.0913 AM
[ReportManager] API Action [getResponseJSONValue] successfully performed. With the following test data [name]. @13-02-2021 01:30:19.0922 A
[ReportManager] Successfully loaded the following test data file [src/test/resources/TestDataFiles/testSuite01/TestData.xlsx]. @13-02-2021 01:30:20.0894 AM
[ReportManager] Successfully created attachment [Test Data - Excel] @13-02-2021 01:30:20.0895 A

################################################################################################################################################
Starting Execution:	[22 out of 134] test cases in the current suite
Test Method:		[unitTests.tests_io_excelFileManager.getCellData_rowName_expectedToPass]
################################################################################################################################################
[ReportManager] testRowData. @13-02-2021 01:30:20.0944 A

################################################################################################################################################
Starting Execution:	[23 out of 134] test cases in the current suite
Test Method:		[unitTests.tests_validations_assertions.assertComparativeRelation_greaterThanOrEquals_false_equals_expectedToFail]
################################################################################################################################################
[ReportManager] AssertComparativeRelation FAILED; Expected [1] and Actual [1]. Comparison Type [GREATER_THAN_OR_EQUALS]. Validation Type [NEGATIVE]. @13-02-2021 01:30:20.0948 A

################################################################################################################################################
Starting Execution:	[24 out of 134] test cases in the current suite
Test Method:		[unitTests.tests_validations_assertions.assertComparativeRelation_greaterThanOrEquals_false_equals_expectedToPass]
################################################################################################################################################
[ReportManager] AssertComparativeRelation PASSED; Expected [2] and Actual [1]. Comparison Type [GREATER_THAN_OR_EQUALS]. Validation Type [NEGATIVE]. @13-02-2021 01:30:20.0952 A

################################################################################################################################################
Starting Execution:	[25 out of 134] test cases in the current suite
Test Method:		[unitTests.tests_validations_assertions.assertComparativeRelation_greaterThanOrEquals_false_greaterThan_expectedToFail]
################################################################################################################################################
[ReportManager] AssertComparativeRelation FAILED; Expected [1] and Actual [2]. Comparison Type [GREATER_THAN_OR_EQUALS]. Validation Type [NEGATIVE]. @13-02-2021 01:30:20.0956 A

################################################################################################################################################
Starting Execution:	[26 out of 134] test cases in the current suite
Test Method:		[unitTests.tests_validations_assertions.assertComparativeRelation_greaterThanOrEquals_false_greaterThan_expectedToPass]
################################################################################################################################################
[ReportManager] AssertComparativeRelation PASSED; Expected [2] and Actual [1]. Comparison Type [GREATER_THAN_OR_EQUALS]. Validation Type [NEGATIVE]. @13-02-2021 01:30:20.0960 A

################################################################################################################################################
Starting Execution:	[27 out of 134] test cases in the current suite
Test Method:		[unitTests.tests_validations_assertions.assertComparativeRelation_greaterThanOrEquals_true_equals_expectedToFail]
################################################################################################################################################
[ReportManager] AssertComparativeRelation FAILED; Expected [1] and Actual [0]. Comparison Type [GREATER_THAN_OR_EQUALS]. Validation Type [POSITIVE]. @13-02-2021 01:30:20.0964 A

################################################################################################################################################
Starting Execution:	[28 out of 134] test cases in the current suite
Test Method:		[unitTests.tests_validations_assertions.assertComparativeRelation_greaterThanOrEquals_true_equals_expectedToPass]
################################################################################################################################################
[ReportManager] AssertComparativeRelation PASSED; Expected [1] and Actual [1]. Comparison Type [GREATER_THAN_OR_EQUALS]. Validation Type [POSITIVE]. @13-02-2021 01:30:20.0970 A

################################################################################################################################################
Starting Execution:	[29 out of 134] test cases in the current suite
Test Method:		[unitTests.tests_validations_assertions.assertComparativeRelation_greaterThanOrEquals_true_greaterThan_expectedToFail]
################################################################################################################################################
[ReportManager] AssertComparativeRelation FAILED; Expected [2] and Actual [1]. Comparison Type [GREATER_THAN_OR_EQUALS]. Validation Type [POSITIVE]. @13-02-2021 01:30:20.0982 A

################################################################################################################################################
Starting Execution:	[30 out of 134] test cases in the current suite
Test Method:		[unitTests.tests_validations_assertions.assertComparativeRelation_greaterThanOrEquals_true_greaterThan_expectedToPass]
################################################################################################################################################
[ReportManager] AssertComparativeRelation PASSED; Expected [1] and Actual [2]. Comparison Type [GREATER_THAN_OR_EQUALS]. Validation Type [POSITIVE]. @13-02-2021 01:30:20.0990 A
[ReportManager] File Action [getAbsolutePath] successfully performed. With the following test data [Relative Folder Path: "target/downloadedFiles/"]. @13-02-2021 01:30:20.0992 AM
[ReportManager] Attempting to run remotely on: [Linux-64], [GoogleChrome], [http://localhost:4444/wd/hub], Headless Execution. @13-02-2021 01:30:20.0993 AM
[ReportManager] Successfully Opened [GoogleChrome]. @13-02-2021 01:30:21.0310 AM
[ReportManager] Target URL: [https://www.google.com/ncr], and after redirection: [www.google.com] @13-02-2021 01:30:21.0331 AM
[ReportManager] Initial URL: [data:,] @13-02-2021 01:30:21.0390 AM
[ReportManager] Browser Action [navigateToURL] successfully performed. With the following test data [https://www.google.com/ncr]. @13-02-2021 01:30:22.0372 A

################################################################################################################################################
Starting Execution:	[31 out of 134] test cases in the current suite
Test Method:		[unitTests.tests_validations_assertions.assertElementAttribute_false_caseInsensitiveComparison_expectedToFail]
################################################################################################################################################
[ReportManager] Element Action [type] successfully performed. With the following test data [AUTOMATION]. @13-02-2021 01:30:23.0058 AM
[ReportManager] Element Action [getText] successfully performed. With the following test data [AUTOMATION]. @13-02-2021 01:30:23.0211 AM
[ReportManager] Loaded Shared OpenCV @13-02-2021 01:30:23.0873 AM
[ReportManager] AssertElementAttribute FAILED; Expected [Value Should not be 'AutomaTion' for the 'text' attribute, element locator 'By.name: q'] and Actual [AUTOMATION]. Comparison Type [CASE_INSENSITIVE]. Validation Type [NEGATIVE]. @13-02-2021 01:30:24.0054 AM
[ReportManager] Successfully created attachment [Screenshot - 1613179823432_assertElementAttribute_false_caseInsensitiveComparison_expectedToFail_AssertElementAttribute_failed] @13-02-2021 01:30:24.0055 A
[ReportManager] Successfully created attachment [Selenium WebDriver Logs - server] @13-02-2021 01:30:24.0147 AM
[ReportManager] Successfully created attachment [Selenium WebDriver Logs - performance] @13-02-2021 01:30:24.0250 AM
[ReportManager] Successfully created attachment [Selenium WebDriver Logs - driver] @13-02-2021 01:30:24.0417 AM
[ReportManager] Browser Action [closeCurrentWindow] successfully performed. @13-02-2021 01:30:24.0478 AM
[ReportManager] Successfully created attachment [Browser Action Test Data - closeCurrentWindow - Actual Value] @13-02-2021 01:30:24.0479 A
[ReportManager] File Action [getAbsolutePath] successfully performed. With the following test data [Relative Folder Path: "target/downloadedFiles/"]. @13-02-2021 01:30:24.0482 AM
[ReportManager] Attempting to run remotely on: [Linux-64], [GoogleChrome], [http://localhost:4444/wd/hub], Headless Execution. @13-02-2021 01:30:24.0483 AM
[ReportManager] Successfully Opened [GoogleChrome]. @13-02-2021 01:30:24.0763 AM
[ReportManager] Target URL: [https://www.google.com/ncr], and after redirection: [www.google.com] @13-02-2021 01:30:24.0784 AM
[ReportManager] Initial URL: [data:,] @13-02-2021 01:30:24.0837 AM
[ReportManager] Browser Action [navigateToURL] successfully performed. With the following test data [https://www.google.com/ncr]. @13-02-2021 01:30:25.0714 A

################################################################################################################################################
Starting Execution:	[32 out of 134] test cases in the current suite
Test Method:		[unitTests.tests_validations_assertions.assertElementAttribute_false_caseInsensitiveComparison_expectedToPass]
################################################################################################################################################
[ReportManager] Element Action [type] successfully performed. With the following test data [AUTOMATION]. @13-02-2021 01:30:26.0433 AM
[ReportManager] Element Action [getText] successfully performed. With the following test data [AUTOMATION]. @13-02-2021 01:30:26.0584 AM
[ReportManager] Loaded Shared OpenCV @13-02-2021 01:30:26.0761 AM
[ReportManager] AssertElementAttribute PASSED; Expected [Value Should not be 'AutomaTion123' for the 'text' attribute, element locator 'By.name: q'] and Actual [AUTOMATION]. Comparison Type [CASE_INSENSITIVE]. Validation Type [NEGATIVE]. @13-02-2021 01:30:26.0868 AM
[ReportManager] Successfully created attachment [Screenshot - 1613179826761_assertElementAttribute_false_caseInsensitiveComparison_expectedToPass_AssertElementAttribute_passed] @13-02-2021 01:30:26.0869 A
[ReportManager] Successfully created attachment [Selenium WebDriver Logs - server] @13-02-2021 01:30:26.0954 AM
[ReportManager] Successfully created attachment [Selenium WebDriver Logs - performance] @13-02-2021 01:30:27.0055 AM
[ReportManager] Successfully created attachment [Selenium WebDriver Logs - driver] @13-02-2021 01:30:27.0215 AM
[ReportManager] Browser Action [closeCurrentWindow] successfully performed. @13-02-2021 01:30:27.0275 AM
[ReportManager] Successfully created attachment [Browser Action Test Data - closeCurrentWindow - Actual Value] @13-02-2021 01:30:27.0276 A
[ReportManager] File Action [getAbsolutePath] successfully performed. With the following test data [Relative Folder Path: "target/downloadedFiles/"]. @13-02-2021 01:30:27.0278 AM
[ReportManager] Attempting to run remotely on: [Linux-64], [GoogleChrome], [http://localhost:4444/wd/hub], Headless Execution. @13-02-2021 01:30:27.0278 AM
[ReportManager] Successfully Opened [GoogleChrome]. @13-02-2021 01:30:27.0529 AM
[ReportManager] Target URL: [https://www.google.com/ncr], and after redirection: [www.google.com] @13-02-2021 01:30:27.0543 AM
[ReportManager] Initial URL: [data:,] @13-02-2021 01:30:27.0588 AM
[ReportManager] Browser Action [navigateToURL] successfully performed. With the following test data [https://www.google.com/ncr]. @13-02-2021 01:30:28.0418 A

################################################################################################################################################
Starting Execution:	[33 out of 134] test cases in the current suite
Test Method:		[unitTests.tests_validations_assertions.assertElementAttribute_false_containsComparison_expectedToFail]
################################################################################################################################################
[ReportManager] Element Action [type] successfully performed. With the following test data [Automation123]. @13-02-2021 01:30:29.0091 AM
[ReportManager] Element Action [getText] successfully performed. With the following test data [Automation123]. @13-02-2021 01:30:29.0209 AM
[ReportManager] Loaded Shared OpenCV @13-02-2021 01:30:29.0403 AM
[ReportManager] AssertElementAttribute FAILED; Expected [Value Should not be 'Automation' for the 'text' attribute, element locator 'By.name: q'] and Actual [Automation123]. Comparison Type [CONTAINS]. Validation Type [NEGATIVE]. @13-02-2021 01:30:29.0492 AM
[ReportManager] Successfully created attachment [Screenshot - 1613179829402_assertElementAttribute_false_containsComparison_expectedToFail_AssertElementAttribute_failed] @13-02-2021 01:30:29.0493 A
[ReportManager] Successfully created attachment [Selenium WebDriver Logs - server] @13-02-2021 01:30:29.0576 AM
[ReportManager] Successfully created attachment [Selenium WebDriver Logs - performance] @13-02-2021 01:30:29.0660 AM
[ReportManager] Successfully created attachment [Selenium WebDriver Logs - driver] @13-02-2021 01:30:29.0808 AM
[ReportManager] Browser Action [closeCurrentWindow] successfully performed. @13-02-2021 01:30:29.0865 AM
[ReportManager] Successfully created attachment [Browser Action Test Data - closeCurrentWindow - Actual Value] @13-02-2021 01:30:29.0865 A
[ReportManager] File Action [getAbsolutePath] successfully performed. With the following test data [Relative Folder Path: "target/downloadedFiles/"]. @13-02-2021 01:30:29.0868 AM
[ReportManager] Attempting to run remotely on: [Linux-64], [GoogleChrome], [http://localhost:4444/wd/hub], Headless Execution. @13-02-2021 01:30:29.0868 AM
[ReportManager] Successfully Opened [GoogleChrome]. @13-02-2021 01:30:30.0117 AM
[ReportManager] Target URL: [https://www.google.com/ncr], and after redirection: [www.google.com] @13-02-2021 01:30:30.0132 AM
[ReportManager] Initial URL: [data:,] @13-02-2021 01:30:30.0174 AM
[ReportManager] Browser Action [navigateToURL] successfully performed. With the following test data [https://www.google.com/ncr]. @13-02-2021 01:30:31.0002 A

################################################################################################################################################
Starting Execution:	[34 out of 134] test cases in the current suite
Test Method:		[unitTests.tests_validations_assertions.assertElementAttribute_false_containsComparison_expectedToPass]
################################################################################################################################################
[ReportManager] Element Action [type] successfully performed. With the following test data [Automation123]. @13-02-2021 01:30:31.0632 AM
[ReportManager] Element Action [getText] successfully performed. With the following test data [Automation123]. @13-02-2021 01:30:31.0752 AM
[ReportManager] Loaded Shared OpenCV @13-02-2021 01:30:31.0916 AM
[ReportManager] AssertElementAttribute PASSED; Expected [Value Should not be 'Automation1234' for the 'text' attribute, element locator 'By.name: q'] and Actual [Automation123]. Comparison Type [CONTAINS]. Validation Type [NEGATIVE]. @13-02-2021 01:30:31.0998 AM
[ReportManager] Successfully created attachment [Screenshot - 1613179831916_assertElementAttribute_false_containsComparison_expectedToPass_AssertElementAttribute_passed] @13-02-2021 01:30:31.0998 A
[ReportManager] Successfully created attachment [Selenium WebDriver Logs - server] @13-02-2021 01:30:32.0087 AM
[ReportManager] Successfully created attachment [Selenium WebDriver Logs - performance] @13-02-2021 01:30:32.0178 AM
[ReportManager] Successfully created attachment [Selenium WebDriver Logs - driver] @13-02-2021 01:30:32.0325 AM
[ReportManager] Browser Action [closeCurrentWindow] successfully performed. @13-02-2021 01:30:32.0382 AM
[ReportManager] Successfully created attachment [Browser Action Test Data - closeCurrentWindow - Actual Value] @13-02-2021 01:30:32.0383 A
[ReportManager] File Action [getAbsolutePath] successfully performed. With the following test data [Relative Folder Path: "target/downloadedFiles/"]. @13-02-2021 01:30:32.0386 AM
[ReportManager] Attempting to run remotely on: [Linux-64], [GoogleChrome], [http://localhost:4444/wd/hub], Headless Execution. @13-02-2021 01:30:32.0386 AM
[ReportManager] Successfully Opened [GoogleChrome]. @13-02-2021 01:30:32.0620 AM
[ReportManager] Target URL: [https://www.google.com/ncr], and after redirection: [www.google.com] @13-02-2021 01:30:32.0632 AM
[ReportManager] Initial URL: [data:,] @13-02-2021 01:30:32.0681 AM
[ReportManager] Browser Action [navigateToURL] successfully performed. With the following test data [https://www.google.com/ncr]. @13-02-2021 01:30:33.0503 A

################################################################################################################################################
Starting Execution:	[35 out of 134] test cases in the current suite
Test Method:		[unitTests.tests_validations_assertions.assertElementAttribute_false_literalComparison_expectedToFail]
################################################################################################################################################
[ReportManager] Element Action [type] successfully performed. With the following test data [Automation!@#$%^&*()_+{}[]\';/.,]. @13-02-2021 01:30:34.0922 AM
[ReportManager] Element Action [getText] successfully performed. With the following test data [Automation!@#$%^&*()_+{}[]\';/.,]. @13-02-2021 01:30:35.0041 AM
[ReportManager] Loaded Shared OpenCV @13-02-2021 01:30:35.0239 AM
[ReportManager] AssertElementAttribute PASSED; Expected [Value Should not be 'Automation!@#$%^&*()_+{}[]\\';/.,' for the 'text' attribute, element locator 'By.name: q'] and Actual [Automation!@#$%^&*()_+{}[]\';/.,]. Comparison Type [EQUALS]. Validation Type [NEGATIVE]. @13-02-2021 01:30:35.0321 AM
[ReportManager] Successfully created attachment [Screenshot - 1613179835239_assertElementAttribute_false_literalComparison_expectedToFail_AssertElementAttribute_passed] @13-02-2021 01:30:35.0322 A
[ReportManager] Successfully created attachment [Selenium WebDriver Logs - server] @13-02-2021 01:30:35.0411 AM
[ReportManager] Successfully created attachment [Selenium WebDriver Logs - performance] @13-02-2021 01:30:35.0578 AM
[ReportManager] Successfully created attachment [Selenium WebDriver Logs - driver] @13-02-2021 01:30:35.0780 AM
[ReportManager] Browser Action [closeCurrentWindow] successfully performed. @13-02-2021 01:30:35.0843 AM
[ReportManager] Successfully created attachment [Browser Action Test Data - closeCurrentWindow - Actual Value] @13-02-2021 01:30:35.0844 A
[ReportManager] File Action [getAbsolutePath] successfully performed. With the following test data [Relative Folder Path: "target/downloadedFiles/"]. @13-02-2021 01:30:35.0848 AM
[ReportManager] Attempting to run remotely on: [Linux-64], [GoogleChrome], [http://localhost:4444/wd/hub], Headless Execution. @13-02-2021 01:30:35.0848 AM
[ReportManager] Successfully Opened [GoogleChrome]. @13-02-2021 01:30:36.0189 AM
[ReportManager] Target URL: [https://www.google.com/ncr], and after redirection: [www.google.com] @13-02-2021 01:30:36.0219 AM
[ReportManager] Initial URL: [data:,] @13-02-2021 01:30:36.0266 AM
[ReportManager] Browser Action [navigateToURL] successfully performed. With the following test data [https://www.google.com/ncr]. @13-02-2021 01:30:37.0092 A

################################################################################################################################################
Starting Execution:	[36 out of 134] test cases in the current suite
Test Method:		[unitTests.tests_validations_assertions.assertElementAttribute_false_literalComparison_expectedToPass]
################################################################################################################################################
[ReportManager] Element Action [type] successfully performed. With the following test data [Automation!@#$%^&*()_+{}[]\';/.,]. @13-02-2021 01:30:38.0614 AM
[ReportManager] Element Action [getText] successfully performed. With the following test data [Automation!@#$%^&*()_+{}[]\';/.,]. @13-02-2021 01:30:38.0726 AM
[ReportManager] Loaded Shared OpenCV @13-02-2021 01:30:38.0893 AM
[ReportManager] AssertElementAttribute PASSED; Expected [Value Should not be 'Automation' for the 'text' attribute, element locator 'By.name: q'] and Actual [Automation!@#$%^&*()_+{}[]\';/.,]. Comparison Type [EQUALS]. Validation Type [NEGATIVE]. @13-02-2021 01:30:38.0988 AM
[ReportManager] Successfully created attachment [Screenshot - 1613179838893_assertElementAttribute_false_literalComparison_expectedToPass_AssertElementAttribute_passed] @13-02-2021 01:30:38.0989 A
[ReportManager] Successfully created attachment [Selenium WebDriver Logs - server] @13-02-2021 01:30:39.0081 AM
[ReportManager] Successfully created attachment [Selenium WebDriver Logs - performance] @13-02-2021 01:30:39.0235 AM
[ReportManager] Successfully created attachment [Selenium WebDriver Logs - driver] @13-02-2021 01:30:39.0464 AM
[ReportManager] Browser Action [closeCurrentWindow] successfully performed. @13-02-2021 01:30:39.0523 AM
[ReportManager] Successfully created attachment [Browser Action Test Data - closeCurrentWindow - Actual Value] @13-02-2021 01:30:39.0524 A
[ReportManager] File Action [getAbsolutePath] successfully performed. With the following test data [Relative Folder Path: "target/downloadedFiles/"]. @13-02-2021 01:30:39.0527 AM
[ReportManager] Attempting to run remotely on: [Linux-64], [GoogleChrome], [http://localhost:4444/wd/hub], Headless Execution. @13-02-2021 01:30:39.0527 AM
[ReportManager] Successfully Opened [GoogleChrome]. @13-02-2021 01:30:39.0862 AM
[ReportManager] Target URL: [https://www.google.com/ncr], and after redirection: [www.google.com] @13-02-2021 01:30:39.0875 AM
[ReportManager] Initial URL: [data:,] @13-02-2021 01:30:39.0919 AM
[ReportManager] Browser Action [navigateToURL] successfully performed. With the following test data [https://www.google.com/ncr]. @13-02-2021 01:30:40.0733 A

################################################################################################################################################
Starting Execution:	[37 out of 134] test cases in the current suite
Test Method:		[unitTests.tests_validations_assertions.assertElementAttribute_false_regexComparison_expectedToFail]
################################################################################################################################################
[ReportManager] Element Action [type] successfully performed. With the following test data [Automation123]. @13-02-2021 01:30:41.0362 AM
[ReportManager] Element Action [getText] successfully performed. With the following test data [Automation123]. @13-02-2021 01:30:41.0496 AM
[ReportManager] Loaded Shared OpenCV @13-02-2021 01:30:41.0683 AM
[ReportManager] AssertElementAttribute FAILED; Expected [Value Should not be 'Automation.*' for the 'text' attribute, element locator 'By.name: q'] and Actual [Automation123]. Comparison Type [MATCHES]. Validation Type [NEGATIVE]. @13-02-2021 01:30:41.0754 AM
[ReportManager] Successfully created attachment [Screenshot - 1613179841683_assertElementAttribute_false_regexComparison_expectedToFail_AssertElementAttribute_failed] @13-02-2021 01:30:41.0755 A
[ReportManager] Successfully created attachment [Selenium WebDriver Logs - server] @13-02-2021 01:30:41.0825 AM
[ReportManager] Successfully created attachment [Selenium WebDriver Logs - performance] @13-02-2021 01:30:41.0912 AM
[ReportManager] Successfully created attachment [Selenium WebDriver Logs - driver] @13-02-2021 01:30:42.0057 AM
[ReportManager] Browser Action [closeCurrentWindow] successfully performed. @13-02-2021 01:30:42.0117 AM
[ReportManager] Successfully created attachment [Browser Action Test Data - closeCurrentWindow - Actual Value] @13-02-2021 01:30:42.0117 A
[ReportManager] File Action [getAbsolutePath] successfully performed. With the following test data [Relative Folder Path: "target/downloadedFiles/"]. @13-02-2021 01:30:42.0122 AM
[ReportManager] Attempting to run remotely on: [Linux-64], [GoogleChrome], [http://localhost:4444/wd/hub], Headless Execution. @13-02-2021 01:30:42.0122 AM
[ReportManager] Successfully Opened [GoogleChrome]. @13-02-2021 01:30:42.0353 AM
[ReportManager] Target URL: [https://www.google.com/ncr], and after redirection: [www.google.com] @13-02-2021 01:30:42.0363 AM
[ReportManager] Initial URL: [data:,] @13-02-2021 01:30:42.0404 AM
[ReportManager] Browser Action [navigateToURL] successfully performed. With the following test data [https://www.google.com/ncr]. @13-02-2021 01:30:43.0341 A

################################################################################################################################################
Starting Execution:	[38 out of 134] test cases in the current suite
Test Method:		[unitTests.tests_validations_assertions.assertElementAttribute_false_regexComparison_expectedToPass]
################################################################################################################################################
[ReportManager] Element Action [type] successfully performed. With the following test data [Automation123]. @13-02-2021 01:30:43.0944 AM
[ReportManager] Element Action [getText] successfully performed. With the following test data [Automation123]. @13-02-2021 01:30:44.0062 AM
[ReportManager] Loaded Shared OpenCV @13-02-2021 01:30:44.0232 AM
[ReportManager] AssertElementAttribute PASSED; Expected [Value Should not be 'Automation' for the 'text' attribute, element locator 'By.name: q'] and Actual [Automation123]. Comparison Type [MATCHES]. Validation Type [NEGATIVE]. @13-02-2021 01:30:44.0309 AM
[ReportManager] Successfully created attachment [Screenshot - 1613179844232_assertElementAttribute_false_regexComparison_expectedToPass_AssertElementAttribute_passed] @13-02-2021 01:30:44.0309 A
[ReportManager] Successfully created attachment [Selenium WebDriver Logs - server] @13-02-2021 01:30:44.0397 AM
[ReportManager] Successfully created attachment [Selenium WebDriver Logs - performance] @13-02-2021 01:30:44.0500 AM
[ReportManager] Successfully created attachment [Selenium WebDriver Logs - driver] @13-02-2021 01:30:44.0628 AM
[ReportManager] Browser Action [closeCurrentWindow] successfully performed. @13-02-2021 01:30:44.0687 AM
[ReportManager] Successfully created attachment [Browser Action Test Data - closeCurrentWindow - Actual Value] @13-02-2021 01:30:44.0688 A
[ReportManager] File Action [getAbsolutePath] successfully performed. With the following test data [Relative Folder Path: "target/downloadedFiles/"]. @13-02-2021 01:30:44.0690 AM
[ReportManager] Attempting to run remotely on: [Linux-64], [GoogleChrome], [http://localhost:4444/wd/hub], Headless Execution. @13-02-2021 01:30:44.0690 AM
[ReportManager] Successfully Opened [GoogleChrome]. @13-02-2021 01:30:44.0969 AM
[ReportManager] Target URL: [https://www.google.com/ncr], and after redirection: [www.google.com] @13-02-2021 01:30:44.0983 AM
[ReportManager] Initial URL: [data:,] @13-02-2021 01:30:45.0026 AM
[ReportManager] Browser Action [navigateToURL] successfully performed. With the following test data [https://www.google.com/ncr]. @13-02-2021 01:30:45.0820 A

################################################################################################################################################
Starting Execution:	[39 out of 134] test cases in the current suite
Test Method:		[unitTests.tests_validations_assertions.assertElementAttribute_true_caseInsensitiveComparison_expectedToFail]
################################################################################################################################################
[ReportManager] Element Action [type] successfully performed. With the following test data [AUTOMATION]. @13-02-2021 01:30:46.0453 AM
[ReportManager] Element Action [getText] successfully performed. With the following test data [AUTOMATION]. @13-02-2021 01:30:46.0567 AM
[ReportManager] Loaded Shared OpenCV @13-02-2021 01:30:46.0749 AM
[ReportManager] AssertElementAttribute FAILED; Expected [Value Should be 'AutomaTion123' for the 'text' attribute, element locator 'By.name: q'] and Actual [AUTOMATION]. Comparison Type [CASE_INSENSITIVE]. Validation Type [POSITIVE]. @13-02-2021 01:30:46.0836 AM
[ReportManager] Successfully created attachment [Screenshot - 1613179846748_assertElementAttribute_true_caseInsensitiveComparison_expectedToFail_AssertElementAttribute_failed] @13-02-2021 01:30:46.0836 A
[ReportManager] Successfully created attachment [Selenium WebDriver Logs - server] @13-02-2021 01:30:46.0926 AM
[ReportManager] Successfully created attachment [Selenium WebDriver Logs - performance] @13-02-2021 01:30:47.0020 AM
[ReportManager] Successfully created attachment [Selenium WebDriver Logs - driver] @13-02-2021 01:30:47.0182 AM
[ReportManager] Browser Action [closeCurrentWindow] successfully performed. @13-02-2021 01:30:47.0239 AM
[ReportManager] Successfully created attachment [Browser Action Test Data - closeCurrentWindow - Actual Value] @13-02-2021 01:30:47.0240 A
[ReportManager] File Action [getAbsolutePath] successfully performed. With the following test data [Relative Folder Path: "target/downloadedFiles/"]. @13-02-2021 01:30:47.0242 AM
[ReportManager] Attempting to run remotely on: [Linux-64], [GoogleChrome], [http://localhost:4444/wd/hub], Headless Execution. @13-02-2021 01:30:47.0243 AM
[ReportManager] Successfully Opened [GoogleChrome]. @13-02-2021 01:30:47.0494 AM
[ReportManager] Target URL: [https://www.google.com/ncr], and after redirection: [www.google.com] @13-02-2021 01:30:47.0513 AM
[ReportManager] Initial URL: [data:,] @13-02-2021 01:30:47.0555 AM
[ReportManager] Browser Action [navigateToURL] successfully performed. With the following test data [https://www.google.com/ncr]. @13-02-2021 01:30:48.0428 A

################################################################################################################################################
Starting Execution:	[40 out of 134] test cases in the current suite
Test Method:		[unitTests.tests_validations_assertions.assertElementAttribute_true_caseInsensitiveComparison_expectedToPass]
################################################################################################################################################
[ReportManager] Element Action [type] successfully performed. With the following test data [AUTOMATION]. @13-02-2021 01:30:49.0103 AM
[ReportManager] Element Action [getText] successfully performed. With the following test data [AUTOMATION]. @13-02-2021 01:30:49.0224 AM
[ReportManager] Loaded Shared OpenCV @13-02-2021 01:30:49.0414 AM
[ReportManager] AssertElementAttribute PASSED; Expected [Value Should be 'AutomaTion' for the 'text' attribute, element locator 'By.name: q'] and Actual [AUTOMATION]. Comparison Type [CASE_INSENSITIVE]. Validation Type [POSITIVE]. @13-02-2021 01:30:49.0499 AM
[ReportManager] Successfully created attachment [Screenshot - 1613179849414_assertElementAttribute_true_caseInsensitiveComparison_expectedToPass_AssertElementAttribute_passed] @13-02-2021 01:30:49.0500 A
[ReportManager] Successfully created attachment [Selenium WebDriver Logs - server] @13-02-2021 01:30:49.0584 AM
[ReportManager] Successfully created attachment [Selenium WebDriver Logs - performance] @13-02-2021 01:30:49.0671 AM
[ReportManager] Successfully created attachment [Selenium WebDriver Logs - driver] @13-02-2021 01:30:49.0827 AM
[ReportManager] Browser Action [closeCurrentWindow] successfully performed. @13-02-2021 01:30:49.0884 AM
[ReportManager] Successfully created attachment [Browser Action Test Data - closeCurrentWindow - Actual Value] @13-02-2021 01:30:49.0885 A
[ReportManager] File Action [getAbsolutePath] successfully performed. With the following test data [Relative Folder Path: "target/downloadedFiles/"]. @13-02-2021 01:30:49.0887 AM
[ReportManager] Attempting to run remotely on: [Linux-64], [GoogleChrome], [http://localhost:4444/wd/hub], Headless Execution. @13-02-2021 01:30:49.0887 AM
[ReportManager] Successfully Opened [GoogleChrome]. @13-02-2021 01:30:50.0115 AM
[ReportManager] Target URL: [https://www.google.com/ncr], and after redirection: [www.google.com] @13-02-2021 01:30:50.0124 AM
[ReportManager] Initial URL: [data:,] @13-02-2021 01:30:50.0159 AM
[ReportManager] Browser Action [navigateToURL] successfully performed. With the following test data [https://www.google.com/ncr]. @13-02-2021 01:30:50.0939 A

################################################################################################################################################
Starting Execution:	[41 out of 134] test cases in the current suite
Test Method:		[unitTests.tests_validations_assertions.assertElementAttribute_true_containsComparison_expectedToFail]
################################################################################################################################################
[ReportManager] Element Action [type] successfully performed. With the following test data [Automation123]. @13-02-2021 01:30:51.0546 AM
[ReportManager] Element Action [getText] successfully performed. With the following test data [Automation123]. @13-02-2021 01:30:51.0650 AM
[ReportManager] Loaded Shared OpenCV @13-02-2021 01:30:51.0813 AM
[ReportManager] AssertElementAttribute FAILED; Expected [Value Should be 'Automation1234' for the 'text' attribute, element locator 'By.name: q'] and Actual [Automation123]. Comparison Type [CONTAINS]. Validation Type [POSITIVE]. @13-02-2021 01:30:51.0885 AM
[ReportManager] Successfully created attachment [Screenshot - 1613179851812_assertElementAttribute_true_containsComparison_expectedToFail_AssertElementAttribute_failed] @13-02-2021 01:30:51.0885 A
[ReportManager] Successfully created attachment [Selenium WebDriver Logs - server] @13-02-2021 01:30:51.0958 AM
[ReportManager] Successfully created attachment [Selenium WebDriver Logs - performance] @13-02-2021 01:30:52.0039 AM
[ReportManager] Successfully created attachment [Selenium WebDriver Logs - driver] @13-02-2021 01:30:52.0166 AM
[ReportManager] Browser Action [closeCurrentWindow] successfully performed. @13-02-2021 01:30:52.0227 AM
[ReportManager] Successfully created attachment [Browser Action Test Data - closeCurrentWindow - Actual Value] @13-02-2021 01:30:52.0228 A
[ReportManager] File Action [getAbsolutePath] successfully performed. With the following test data [Relative Folder Path: "target/downloadedFiles/"]. @13-02-2021 01:30:52.0230 AM
[ReportManager] Attempting to run remotely on: [Linux-64], [GoogleChrome], [http://localhost:4444/wd/hub], Headless Execution. @13-02-2021 01:30:52.0230 AM
[ReportManager] Successfully Opened [GoogleChrome]. @13-02-2021 01:30:52.0446 AM
[ReportManager] Target URL: [https://www.google.com/ncr], and after redirection: [www.google.com] @13-02-2021 01:30:52.0456 AM
[ReportManager] Initial URL: [data:,] @13-02-2021 01:30:52.0498 AM
[ReportManager] Browser Action [navigateToURL] successfully performed. With the following test data [https://www.google.com/ncr]. @13-02-2021 01:30:53.0259 A

################################################################################################################################################
Starting Execution:	[42 out of 134] test cases in the current suite
Test Method:		[unitTests.tests_validations_assertions.assertElementAttribute_true_containsComparison_expectedToPass]
################################################################################################################################################
[ReportManager] Element Action [type] successfully performed. With the following test data [Automation123]. @13-02-2021 01:30:53.0810 AM
[ReportManager] Element Action [getText] successfully performed. With the following test data [Automation123]. @13-02-2021 01:30:53.0912 AM
[ReportManager] Loaded Shared OpenCV @13-02-2021 01:30:54.0082 AM
[ReportManager] AssertElementAttribute PASSED; Expected [Value Should be 'Automation' for the 'text' attribute, element locator 'By.name: q'] and Actual [Automation123]. Comparison Type [CONTAINS]. Validation Type [POSITIVE]. @13-02-2021 01:30:54.0154 AM
[ReportManager] Successfully created attachment [Screenshot - 1613179854082_assertElementAttribute_true_containsComparison_expectedToPass_AssertElementAttribute_passed] @13-02-2021 01:30:54.0154 A
[ReportManager] Successfully created attachment [Selenium WebDriver Logs - server] @13-02-2021 01:30:54.0239 AM
[ReportManager] Successfully created attachment [Selenium WebDriver Logs - performance] @13-02-2021 01:30:54.0330 AM
[ReportManager] Successfully created attachment [Selenium WebDriver Logs - driver] @13-02-2021 01:30:54.0455 AM
[ReportManager] Browser Action [closeCurrentWindow] successfully performed. @13-02-2021 01:30:54.0511 AM
[ReportManager] Successfully created attachment [Browser Action Test Data - closeCurrentWindow - Actual Value] @13-02-2021 01:30:54.0512 A
[ReportManager] File Action [getAbsolutePath] successfully performed. With the following test data [Relative Folder Path: "target/downloadedFiles/"]. @13-02-2021 01:30:54.0515 AM
[ReportManager] Attempting to run remotely on: [Linux-64], [GoogleChrome], [http://localhost:4444/wd/hub], Headless Execution. @13-02-2021 01:30:54.0515 AM
[ReportManager] Successfully Opened [GoogleChrome]. @13-02-2021 01:30:54.0740 AM
[ReportManager] Target URL: [https://www.google.com/ncr], and after redirection: [www.google.com] @13-02-2021 01:30:54.0760 AM
[ReportManager] Initial URL: [data:,] @13-02-2021 01:30:54.0804 AM
[ReportManager] Browser Action [navigateToURL] successfully performed. With the following test data [https://www.google.com/ncr]. @13-02-2021 01:30:55.0583 A

################################################################################################################################################
Starting Execution:	[43 out of 134] test cases in the current suite
Test Method:		[unitTests.tests_validations_assertions.assertElementAttribute_true_literalComparison_expectedToFail]
################################################################################################################################################
[ReportManager] Element Action [type] successfully performed. With the following test data [Automation!@#$%^&*()_+{}[]\';/.,]. @13-02-2021 01:30:56.0943 AM
[ReportManager] Element Action [getText] successfully performed. With the following test data [Automation!@#$%^&*()_+{}[]\';/.,]. @13-02-2021 01:30:57.0058 AM
[ReportManager] Loaded Shared OpenCV @13-02-2021 01:30:57.0225 AM
[ReportManager] AssertElementAttribute FAILED; Expected [Value Should be 'Automation' for the 'text' attribute, element locator 'By.name: q'] and Actual [Automation!@#$%^&*()_+{}[]\';/.,]. Comparison Type [EQUALS]. Validation Type [POSITIVE]. @13-02-2021 01:30:57.0303 AM
[ReportManager] Successfully created attachment [Screenshot - 1613179857225_assertElementAttribute_true_literalComparison_expectedToFail_AssertElementAttribute_failed] @13-02-2021 01:30:57.0304 A
[ReportManager] Successfully created attachment [Selenium WebDriver Logs - server] @13-02-2021 01:30:57.0394 AM
[ReportManager] Successfully created attachment [Selenium WebDriver Logs - performance] @13-02-2021 01:30:57.0571 AM
[ReportManager] Successfully created attachment [Selenium WebDriver Logs - driver] @13-02-2021 01:30:57.0785 AM
[ReportManager] Browser Action [closeCurrentWindow] successfully performed. @13-02-2021 01:30:57.0806 AM
[ReportManager] Successfully created attachment [Browser Action Test Data - closeCurrentWindow - Actual Value] @13-02-2021 01:30:57.0807 A
[ReportManager] File Action [getAbsolutePath] successfully performed. With the following test data [Relative Folder Path: "target/downloadedFiles/"]. @13-02-2021 01:30:57.0810 AM
[ReportManager] Attempting to run remotely on: [Linux-64], [GoogleChrome], [http://localhost:4444/wd/hub], Headless Execution. @13-02-2021 01:30:57.0810 AM
[ReportManager] Successfully Opened [GoogleChrome]. @13-02-2021 01:30:58.0107 AM
[ReportManager] Target URL: [https://www.google.com/ncr], and after redirection: [www.google.com] @13-02-2021 01:30:58.0126 AM
[ReportManager] Initial URL: [data:,] @13-02-2021 01:30:58.0167 AM
[ReportManager] Browser Action [navigateToURL] successfully performed. With the following test data [https://www.google.com/ncr]. @13-02-2021 01:30:59.0021 A

################################################################################################################################################
Starting Execution:	[44 out of 134] test cases in the current suite
Test Method:		[unitTests.tests_validations_assertions.assertElementAttribute_true_literalComparison_expectedToPass]
################################################################################################################################################
[ReportManager] Element Action [type] successfully performed. With the following test data [Automation!@#$%^&*()_+{}[]\';/.,]. @13-02-2021 01:31:00.0350 AM
[ReportManager] Element Action [getText] successfully performed. With the following test data [Automation!@#$%^&*()_+{}[]\';/.,]. @13-02-2021 01:31:00.0460 AM
[ReportManager] Loaded Shared OpenCV @13-02-2021 01:31:00.0635 AM
[ReportManager] AssertElementAttribute PASSED; Expected [Value Should be 'Automation!@#$%^&*()_+{}[]\';/.,' for the 'text' attribute, element locator 'By.name: q'] and Actual [Automation!@#$%^&*()_+{}[]\';/.,]. Comparison Type [EQUALS]. Validation Type [POSITIVE]. @13-02-2021 01:31:00.0711 AM
[ReportManager] Successfully created attachment [Screenshot - 1613179860635_assertElementAttribute_true_literalComparison_expectedToPass_AssertElementAttribute_passed] @13-02-2021 01:31:00.0711 A
[ReportManager] Successfully created attachment [Selenium WebDriver Logs - server] @13-02-2021 01:31:00.0786 AM
[ReportManager] Successfully created attachment [Selenium WebDriver Logs - performance] @13-02-2021 01:31:00.0935 AM
[ReportManager] Successfully created attachment [Selenium WebDriver Logs - driver] @13-02-2021 01:31:01.0108 AM
[ReportManager] Browser Action [closeCurrentWindow] successfully performed. @13-02-2021 01:31:01.0167 AM
[ReportManager] Successfully created attachment [Browser Action Test Data - closeCurrentWindow - Actual Value] @13-02-2021 01:31:01.0168 A
[ReportManager] File Action [getAbsolutePath] successfully performed. With the following test data [Relative Folder Path: "target/downloadedFiles/"]. @13-02-2021 01:31:01.0170 AM
[ReportManager] Attempting to run remotely on: [Linux-64], [GoogleChrome], [http://localhost:4444/wd/hub], Headless Execution. @13-02-2021 01:31:01.0170 AM
[ReportManager] Successfully Opened [GoogleChrome]. @13-02-2021 01:31:01.0386 AM
[ReportManager] Target URL: [https://www.google.com/ncr], and after redirection: [www.google.com] @13-02-2021 01:31:01.0396 AM
[ReportManager] Initial URL: [data:,] @13-02-2021 01:31:01.0436 AM
[ReportManager] Browser Action [navigateToURL] successfully performed. With the following test data [https://www.google.com/ncr]. @13-02-2021 01:31:02.0190 A

################################################################################################################################################
Starting Execution:	[45 out of 134] test cases in the current suite
Test Method:		[unitTests.tests_validations_assertions.assertElementAttribute_true_regexComparison_expectedToFail]
################################################################################################################################################
[ReportManager] Element Action [type] successfully performed. With the following test data [Automation123]. @13-02-2021 01:31:02.0819 AM
[ReportManager] Element Action [getText] successfully performed. With the following test data [Automation123]. @13-02-2021 01:31:02.0949 AM
[ReportManager] Loaded Shared OpenCV @13-02-2021 01:31:03.0121 AM
[ReportManager] AssertElementAttribute FAILED; Expected [Value Should be 'Automation' for the 'text' attribute, element locator 'By.name: q'] and Actual [Automation123]. Comparison Type [MATCHES]. Validation Type [POSITIVE]. @13-02-2021 01:31:03.0196 AM
[ReportManager] Successfully created attachment [Screenshot - 1613179863121_assertElementAttribute_true_regexComparison_expectedToFail_AssertElementAttribute_failed] @13-02-2021 01:31:03.0196 A
[ReportManager] Successfully created attachment [Selenium WebDriver Logs - server] @13-02-2021 01:31:03.0271 AM
[ReportManager] Successfully created attachment [Selenium WebDriver Logs - performance] @13-02-2021 01:31:03.0356 AM
[ReportManager] Successfully created attachment [Selenium WebDriver Logs - driver] @13-02-2021 01:31:03.0478 AM
[ReportManager] Browser Action [closeCurrentWindow] successfully performed. @13-02-2021 01:31:03.0494 AM
[ReportManager] Successfully created attachment [Browser Action Test Data - closeCurrentWindow - Actual Value] @13-02-2021 01:31:03.0495 A
[ReportManager] File Action [getAbsolutePath] successfully performed. With the following test data [Relative Folder Path: "target/downloadedFiles/"]. @13-02-2021 01:31:03.0499 AM
[ReportManager] Attempting to run remotely on: [Linux-64], [GoogleChrome], [http://localhost:4444/wd/hub], Headless Execution. @13-02-2021 01:31:03.0499 AM
[ReportManager] Successfully Opened [GoogleChrome]. @13-02-2021 01:31:03.0715 AM
[ReportManager] Target URL: [https://www.google.com/ncr], and after redirection: [www.google.com] @13-02-2021 01:31:03.0727 AM
[ReportManager] Initial URL: [data:,] @13-02-2021 01:31:03.0767 AM
[ReportManager] Browser Action [navigateToURL] successfully performed. With the following test data [https://www.google.com/ncr]. @13-02-2021 01:31:04.0614 A

################################################################################################################################################
Starting Execution:	[46 out of 134] test cases in the current suite
Test Method:		[unitTests.tests_validations_assertions.assertElementAttribute_true_regexComparison_expectedToPass]
################################################################################################################################################
[ReportManager] Element Action [type] successfully performed. With the following test data [Automation123]. @13-02-2021 01:31:05.0222 AM
[ReportManager] Element Action [getText] successfully performed. With the following test data [Automation123]. @13-02-2021 01:31:05.0342 AM
[ReportManager] Loaded Shared OpenCV @13-02-2021 01:31:05.0519 AM
[ReportManager] AssertElementAttribute PASSED; Expected [Value Should be 'Automation.*' for the 'text' attribute, element locator 'By.name: q'] and Actual [Automation123]. Comparison Type [MATCHES]. Validation Type [POSITIVE]. @13-02-2021 01:31:05.0600 AM
[ReportManager] Successfully created attachment [Screenshot - 1613179865519_assertElementAttribute_true_regexComparison_expectedToPass_AssertElementAttribute_passed] @13-02-2021 01:31:05.0601 A
[ReportManager] Successfully created attachment [Selenium WebDriver Logs - server] @13-02-2021 01:31:05.0692 AM
[ReportManager] Successfully created attachment [Selenium WebDriver Logs - performance] @13-02-2021 01:31:05.0795 AM
[ReportManager] Successfully created attachment [Selenium WebDriver Logs - driver] @13-02-2021 01:31:05.0939 AM
[ReportManager] Browser Action [closeCurrentWindow] successfully performed. @13-02-2021 01:31:05.0996 AM
[ReportManager] Successfully created attachment [Browser Action Test Data - closeCurrentWindow - Actual Value] @13-02-2021 01:31:05.0997 A
[ReportManager] File Action [getAbsolutePath] successfully performed. With the following test data [Relative Folder Path: "target/downloadedFiles/"]. @13-02-2021 01:31:05.0999 AM
[ReportManager] Attempting to run remotely on: [Linux-64], [GoogleChrome], [http://localhost:4444/wd/hub], Headless Execution. @13-02-2021 01:31:05.0999 AM
[ReportManager] Successfully Opened [GoogleChrome]. @13-02-2021 01:31:06.0224 AM
[ReportManager] Target URL: [https://www.google.com/ncr], and after redirection: [www.google.com] @13-02-2021 01:31:06.0236 AM
[ReportManager] Initial URL: [data:,] @13-02-2021 01:31:06.0273 AM
[ReportManager] Browser Action [navigateToURL] successfully performed. With the following test data [https://www.google.com/ncr]. @13-02-2021 01:31:07.0026 A

################################################################################################################################################
Starting Execution:	[47 out of 134] test cases in the current suite
Test Method:		[unitTests.tests_validations_assertions.assertElementExists_false_expectedToFail]
################################################################################################################################################
[ReportManager] Loaded Shared OpenCV @13-02-2021 01:31:07.0249 AM
[ReportManager] AssertElementExists FAILED; Expected [Element Should not Exist, locator 'By.id: hplogo'] and Actual [Element Exists]. Comparison Type [EQUALS]. Validation Type [NEGATIVE]. @13-02-2021 01:31:07.0327 AM
[ReportManager] Successfully created attachment [Screenshot - 1613179867249_assertElementExists_false_expectedToFail_AssertElementExists_failed] @13-02-2021 01:31:07.0328 A
[ReportManager] Successfully created attachment [Selenium WebDriver Logs - server] @13-02-2021 01:31:07.0405 AM
[ReportManager] Successfully created attachment [Selenium WebDriver Logs - performance] @13-02-2021 01:31:07.0440 AM
[ReportManager] Successfully created attachment [Selenium WebDriver Logs - driver] @13-02-2021 01:31:07.0511 AM
[ReportManager] Browser Action [closeCurrentWindow] successfully performed. @13-02-2021 01:31:07.0570 AM
[ReportManager] Successfully created attachment [Browser Action Test Data - closeCurrentWindow - Actual Value] @13-02-2021 01:31:07.0571 A
[ReportManager] File Action [getAbsolutePath] successfully performed. With the following test data [Relative Folder Path: "target/downloadedFiles/"]. @13-02-2021 01:31:07.0572 AM
[ReportManager] Attempting to run remotely on: [Linux-64], [GoogleChrome], [http://localhost:4444/wd/hub], Headless Execution. @13-02-2021 01:31:07.0573 AM
[ReportManager] Successfully Opened [GoogleChrome]. @13-02-2021 01:31:07.0822 AM
[ReportManager] Target URL: [https://www.google.com/ncr], and after redirection: [www.google.com] @13-02-2021 01:31:07.0832 AM
[ReportManager] Initial URL: [data:,] @13-02-2021 01:31:07.0867 AM
[ReportManager] Browser Action [navigateToURL] successfully performed. With the following test data [https://www.google.com/ncr]. @13-02-2021 01:31:08.0688 A

################################################################################################################################################
Starting Execution:	[48 out of 134] test cases in the current suite
Test Method:		[unitTests.tests_validations_assertions.assertElementExists_false_expectedToPass]
################################################################################################################################################
[ReportManager] AssertElementExists PASSED; Expected [Element Should not Exist, locator 'By.id: fakeElement'] and Actual [Element Doesn't Exists]. Comparison Type [EQUALS]. Validation Type [NEGATIVE]. @13-02-2021 01:31:08.0939 AM
[ReportManager] Successfully created attachment [Screenshot - 1613179868874_assertElementExists_false_expectedToPass_AssertElementExists_passed] @13-02-2021 01:31:08.0940 A
[ReportManager] Successfully created attachment [Selenium WebDriver Logs - server] @13-02-2021 01:31:09.0024 AM
[ReportManager] Successfully created attachment [Selenium WebDriver Logs - performance] @13-02-2021 01:31:09.0057 AM
[ReportManager] Successfully created attachment [Selenium WebDriver Logs - driver] @13-02-2021 01:31:09.0125 AM
[ReportManager] Browser Action [closeCurrentWindow] successfully performed. @13-02-2021 01:31:09.0185 AM
[ReportManager] Successfully created attachment [Browser Action Test Data - closeCurrentWindow - Actual Value] @13-02-2021 01:31:09.0186 A
[ReportManager] File Action [getAbsolutePath] successfully performed. With the following test data [Relative Folder Path: "target/downloadedFiles/"]. @13-02-2021 01:31:09.0188 AM
[ReportManager] Attempting to run remotely on: [Linux-64], [GoogleChrome], [http://localhost:4444/wd/hub], Headless Execution. @13-02-2021 01:31:09.0189 AM
[ReportManager] Successfully Opened [GoogleChrome]. @13-02-2021 01:31:09.0409 AM
[ReportManager] Target URL: [https://www.google.com/ncr], and after redirection: [www.google.com] @13-02-2021 01:31:09.0418 AM
[ReportManager] Initial URL: [data:,] @13-02-2021 01:31:09.0453 AM
[ReportManager] Browser Action [navigateToURL] successfully performed. With the following test data [https://www.google.com/ncr]. @13-02-2021 01:31:10.0231 A

################################################################################################################################################
Starting Execution:	[49 out of 134] test cases in the current suite
Test Method:		[unitTests.tests_validations_assertions.assertElementExists_false_multipleElementsFound_expectedToFail]
################################################################################################################################################
[ReportManager] AssertElementExists FAILED; Expected [Element Should not Exist, locator 'By.xpath: //div'] and Actual [Element Exists but is not unique]. Comparison Type [EQUALS]. Validation Type [NEGATIVE]. @13-02-2021 01:31:10.0486 AM
[ReportManager] Successfully created attachment [Screenshot - 1613179870428_assertElementExists_false_multipleElementsFound_expectedToFail_AssertElementExists_failed] @13-02-2021 01:31:10.0491 A
[ReportManager] Successfully created attachment [Selenium WebDriver Logs - server] @13-02-2021 01:31:10.0567 AM
[ReportManager] Successfully created attachment [Selenium WebDriver Logs - performance] @13-02-2021 01:31:10.0599 AM
[ReportManager] Successfully created attachment [Selenium WebDriver Logs - driver] @13-02-2021 01:31:10.0674 AM
[ReportManager] Browser Action [closeCurrentWindow] successfully performed. @13-02-2021 01:31:10.0731 AM
[ReportManager] Successfully created attachment [Browser Action Test Data - closeCurrentWindow - Actual Value] @13-02-2021 01:31:10.0731 A
[ReportManager] File Action [getAbsolutePath] successfully performed. With the following test data [Relative Folder Path: "target/downloadedFiles/"]. @13-02-2021 01:31:10.0735 AM
[ReportManager] Attempting to run remotely on: [Linux-64], [GoogleChrome], [http://localhost:4444/wd/hub], Headless Execution. @13-02-2021 01:31:10.0735 AM
[ReportManager] Successfully Opened [GoogleChrome]. @13-02-2021 01:31:10.0959 AM
[ReportManager] Target URL: [https://www.google.com/ncr], and after redirection: [www.google.com] @13-02-2021 01:31:10.0969 AM
[ReportManager] Initial URL: [data:,] @13-02-2021 01:31:11.0015 AM
[ReportManager] Browser Action [navigateToURL] successfully performed. With the following test data [https://www.google.com/ncr]. @13-02-2021 01:31:11.0789 A

################################################################################################################################################
Starting Execution:	[50 out of 134] test cases in the current suite
Test Method:		[unitTests.tests_validations_assertions.assertElementExists_true_expectedToFail]
################################################################################################################################################
[ReportManager] AssertElementExists FAILED; Expected [Element Should Exist, locator 'By.id: fakeElement'] and Actual [Element Doesn't Exists]. Comparison Type [EQUALS]. Validation Type [POSITIVE]. @13-02-2021 01:31:12.0064 AM
[ReportManager] Successfully created attachment [Screenshot - 1613179871993_assertElementExists_true_expectedToFail_AssertElementExists_failed] @13-02-2021 01:31:12.0064 A
[ReportManager] Successfully created attachment [Selenium WebDriver Logs - server] @13-02-2021 01:31:12.0151 AM
[ReportManager] Successfully created attachment [Selenium WebDriver Logs - performance] @13-02-2021 01:31:12.0188 AM
[ReportManager] Successfully created attachment [Selenium WebDriver Logs - driver] @13-02-2021 01:31:12.0247 AM
[ReportManager] Browser Action [closeCurrentWindow] successfully performed. @13-02-2021 01:31:12.0303 AM
[ReportManager] Successfully created attachment [Browser Action Test Data - closeCurrentWindow - Actual Value] @13-02-2021 01:31:12.0304 A
[ReportManager] File Action [getAbsolutePath] successfully performed. With the following test data [Relative Folder Path: "target/downloadedFiles/"]. @13-02-2021 01:31:12.0306 AM
[ReportManager] Attempting to run remotely on: [Linux-64], [GoogleChrome], [http://localhost:4444/wd/hub], Headless Execution. @13-02-2021 01:31:12.0306 AM
[ReportManager] Successfully Opened [GoogleChrome]. @13-02-2021 01:31:12.0519 AM
[ReportManager] Target URL: [https://www.google.com/ncr], and after redirection: [www.google.com] @13-02-2021 01:31:12.0529 AM
[ReportManager] Initial URL: [data:,] @13-02-2021 01:31:12.0575 AM
[ReportManager] Browser Action [navigateToURL] successfully performed. With the following test data [https://www.google.com/ncr]. @13-02-2021 01:31:13.0373 A

################################################################################################################################################
Starting Execution:	[51 out of 134] test cases in the current suite
Test Method:		[unitTests.tests_validations_assertions.assertElementExists_true_expectedToPass]
################################################################################################################################################
[ReportManager] Loaded Shared OpenCV @13-02-2021 01:31:13.0578 AM
[ReportManager] AssertElementExists PASSED; Expected [Element Should Exist, locator 'By.id: hplogo'] and Actual [Element Exists]. Comparison Type [EQUALS]. Validation Type [POSITIVE]. @13-02-2021 01:31:13.0660 AM
[ReportManager] Successfully created attachment [Screenshot - 1613179873578_assertElementExists_true_expectedToPass_AssertElementExists_passed] @13-02-2021 01:31:13.0660 A
[ReportManager] Successfully created attachment [Selenium WebDriver Logs - server] @13-02-2021 01:31:13.0741 AM
[ReportManager] Successfully created attachment [Selenium WebDriver Logs - performance] @13-02-2021 01:31:13.0775 AM
[ReportManager] Successfully created attachment [Selenium WebDriver Logs - driver] @13-02-2021 01:31:13.0845 AM
[ReportManager] Browser Action [closeCurrentWindow] successfully performed. @13-02-2021 01:31:13.0901 AM
[ReportManager] Successfully created attachment [Browser Action Test Data - closeCurrentWindow - Actual Value] @13-02-2021 01:31:13.0902 A
[ReportManager] File Action [getAbsolutePath] successfully performed. With the following test data [Relative Folder Path: "target/downloadedFiles/"]. @13-02-2021 01:31:13.0904 AM
[ReportManager] Attempting to run remotely on: [Linux-64], [GoogleChrome], [http://localhost:4444/wd/hub], Headless Execution. @13-02-2021 01:31:13.0904 AM
[ReportManager] Successfully Opened [GoogleChrome]. @13-02-2021 01:31:14.0097 AM
[ReportManager] Target URL: [https://www.google.com/ncr], and after redirection: [www.google.com] @13-02-2021 01:31:14.0106 AM
[ReportManager] Initial URL: [data:,] @13-02-2021 01:31:14.0149 AM
[ReportManager] Browser Action [navigateToURL] successfully performed. With the following test data [https://www.google.com/ncr]. @13-02-2021 01:31:14.0926 A

################################################################################################################################################
Starting Execution:	[52 out of 134] test cases in the current suite
Test Method:		[unitTests.tests_validations_assertions.assertElementExists_true_multipleElementsFound_expectedToFail]
################################################################################################################################################
[ReportManager] AssertElementExists FAILED; Expected [Element Should Exist, locator 'By.xpath: //div'] and Actual [Element Exists but is not unique]. Comparison Type [EQUALS]. Validation Type [POSITIVE]. @13-02-2021 01:31:15.0182 AM
[ReportManager] Successfully created attachment [Screenshot - 1613179875116_assertElementExists_true_multipleElementsFound_expectedToFail_AssertElementExists_failed] @13-02-2021 01:31:15.0183 A
[ReportManager] Successfully created attachment [Selenium WebDriver Logs - server] @13-02-2021 01:31:15.0264 AM
[ReportManager] Successfully created attachment [Selenium WebDriver Logs - performance] @13-02-2021 01:31:15.0298 AM
[ReportManager] Successfully created attachment [Selenium WebDriver Logs - driver] @13-02-2021 01:31:15.0370 AM
[ReportManager] Browser Action [closeCurrentWindow] successfully performed. @13-02-2021 01:31:15.0426 AM
[ReportManager] Successfully created attachment [Browser Action Test Data - closeCurrentWindow - Actual Value] @13-02-2021 01:31:15.0427 A

################################################################################################################################################
Starting Execution:	[53 out of 134] test cases in the current suite
Test Method:		[unitTests.tests_validations_assertions.assertEquals_false_expectedToFail]
################################################################################################################################################
[ReportManager] AssertEquals FAILED; Expected [1] and Actual [1]. Comparison Type [EQUALS]. Validation Type [NEGATIVE]. @13-02-2021 01:31:15.0431 A

################################################################################################################################################
Starting Execution:	[54 out of 134] test cases in the current suite
Test Method:		[unitTests.tests_validations_assertions.assertEquals_false_expectedToPass]
################################################################################################################################################
[ReportManager] AssertEquals PASSED; Expected [1] and Actual [2]. Comparison Type [EQUALS]. Validation Type [NEGATIVE]. @13-02-2021 01:31:15.0439 A

################################################################################################################################################
Starting Execution:	[55 out of 134] test cases in the current suite
Test Method:		[unitTests.tests_validations_assertions.assertEquals_longCharacters]
################################################################################################################################################
[ReportManager] VerifyEquals PASSED; Expected and Actual values are attached. Comparison Type [EQUALS]. Validation Type [POSITIVE]. @13-02-2021 01:31:15.0447 AM
[ReportManager] Successfully created attachment [Validation Test Data - Expected Value] @13-02-2021 01:31:15.0447 AM
[ReportManager] Successfully created attachment [Validation Test Data - Actual Value] @13-02-2021 01:31:15.0447 AM
[ReportManager] AssertEquals PASSED; Expected and Actual values are attached. Comparison Type [EQUALS]. Validation Type [POSITIVE]. @13-02-2021 01:31:15.0448 AM
[ReportManager] Successfully created attachment [Validation Test Data - Expected Value] @13-02-2021 01:31:15.0448 AM
[ReportManager] Successfully created attachment [Validation Test Data - Actual Value] @13-02-2021 01:31:15.0448 A

################################################################################################################################################
Starting Execution:	[56 out of 134] test cases in the current suite
Test Method:		[unitTests.tests_validations_assertions.assertEquals_longCharacters_Discreet]
################################################################################################################################################
[ReportManager] AssertEquals PASSED; Expected [1LH5pROcDBjjQk0t0mCr0lXuzQu9lcGj28kY8R1H81X67eVAQJgWQhILiRWVPUgZ6uCtK5cnBkF55Jr9vYngjGO1Iyf0Mktv6lruDlL9T8MAUPcUZJGHZtji6nIeadujDSNmWMj5d6C8zlFqw0CRqBU0hO5adIasHgBSNoLotAjce3NGXoDwAlp3rYreeV16VIyZXROQY] and Actual [1LH5pROcDBjjQk0t0mCr0lXuzQu9lcGj28kY8R1H81X67eVAQJgWQhILiRWVPUgZ6uCtK5cnBkF55Jr9vYngjGO1Iyf0Mktv6lruDlL9T8MAUPcUZJGHZtji6nIeadujDSNmWMj5d6C8zlFqw0CRqBU0hO5adIasHgBSNoLotAjce3NGXoDwAlp3rYreeV16VIyZXROQY]. Comparison Type [EQUALS]. Validation Type [POSITIVE]. @13-02-2021 01:31:15.0452 A

################################################################################################################################################
Starting Execution:	[57 out of 134] test cases in the current suite
Test Method:		[unitTests.tests_validations_assertions.assertEquals_true_expectedToFail]
################################################################################################################################################
[ReportManager] AssertEquals FAILED; Expected [1] and Actual [2]. Comparison Type [EQUALS]. Validation Type [POSITIVE]. @13-02-2021 01:31:15.0455 A

################################################################################################################################################
Starting Execution:	[58 out of 134] test cases in the current suite
Test Method:		[unitTests.tests_validations_assertions.assertEquals_true_expectedToPass]
Test Description:	[Assert that assertEquals works as expected when the two values are equal.]
################################################################################################################################################
[ReportManager] VerifyEquals PASSED; Expected [1] and Actual [1]. Comparison Type [EQUALS]. Validation Type [POSITIVE]. @13-02-2021 01:31:15.0466 AM
[ReportManager] AssertEquals PASSED; Expected [1] and Actual [1]. Comparison Type [EQUALS]. Validation Type [POSITIVE]. @13-02-2021 01:31:15.0466 A

################################################################################################################################################
Starting Execution:	[59 out of 134] test cases in the current suite
Test Method:		[unitTests.tests_validations_assertions.assertEquals_true_expectedToPass__]
################################################################################################################################################
[ReportManager] AssertEquals PASSED; Expected [1] and Actual [1]. Comparison Type [EQUALS]. Validation Type [POSITIVE]. @13-02-2021 01:31:15.0470 A

################################################################################################################################################
Starting Execution:	[60 out of 134] test cases in the current suite
Test Method:		[unitTests.tests_validations_assertions.assertFileExists_false_expectedToFail]
################################################################################################################################################
[ReportManager] File Action [doesFileExist] successfully performed. With the following test data [File Path: "src/main/java/com/shaft/gui/element/ElementActions.java"]. @13-02-2021 01:31:15.0474 AM
[ReportManager] AssertFileExists FAILED; Expected [File 'src/main/java/com/shaft/gui/element/ElementActions.java' should not exist, after up to '1' retries] and Actual [File exists]. Validation Type [NEGATIVE]. @13-02-2021 01:31:15.0479 A

################################################################################################################################################
Starting Execution:	[61 out of 134] test cases in the current suite
Test Method:		[unitTests.tests_validations_assertions.assertFileExists_false_expectedToPass]
################################################################################################################################################
[ReportManager] File Action [doesFileExist] successfully performed. With the following test data [File Path: "src/main/java/com/shaft/gui/element/ElementActions.java_fail"]. @13-02-2021 01:31:15.0983 AM
[ReportManager] AssertFileExists PASSED; Expected [File 'src/main/java/com/shaft/gui/element/ElementActions.java_fail' should not exist, after up to '1' retries] and Actual [File does not exist]. Validation Type [NEGATIVE]. @13-02-2021 01:31:15.0983 A

################################################################################################################################################
Starting Execution:	[62 out of 134] test cases in the current suite
Test Method:		[unitTests.tests_validations_assertions.assertFileExists_true_expectedToFail]
################################################################################################################################################
[ReportManager] File Action [doesFileExist] successfully performed. With the following test data [File Path: "src/main/java/com/shaft/gui/element/ElementActions.java_fail"]. @13-02-2021 01:31:16.0489 AM
[ReportManager] AssertFileExists FAILED; Expected [File 'src/main/java/com/shaft/gui/element/ElementActions.java_fail' should exist, after up to '1' retries] and Actual [File does not exist]. Validation Type [POSITIVE]. @13-02-2021 01:31:16.0489 A

################################################################################################################################################
Starting Execution:	[63 out of 134] test cases in the current suite
Test Method:		[unitTests.tests_validations_assertions.assertFileExists_true_expectedToPass]
################################################################################################################################################
[ReportManager] File Action [doesFileExist] successfully performed. With the following test data [File Path: "src/main/java/com/shaft/gui/element/ElementActions.java"]. @13-02-2021 01:31:16.0494 AM
[ReportManager] AssertFileExists PASSED; Expected [File 'src/main/java/com/shaft/gui/element/ElementActions.java' should exist, after up to '1' retries] and Actual [File exists]. Validation Type [POSITIVE]. @13-02-2021 01:31:16.0494 A

################################################################################################################################################
Starting Execution:	[64 out of 134] test cases in the current suite
Test Method:		[unitTests.tests_validations_assertions.assertNull_false_expectedToFail]
################################################################################################################################################
[ReportManager] AssertNull FAILED; Expected [NULL] and Actual [NULL]. Comparison Type [EQUALS]. Validation Type [NEGATIVE]. @13-02-2021 01:31:16.0498 A

################################################################################################################################################
Starting Execution:	[65 out of 134] test cases in the current suite
Test Method:		[unitTests.tests_validations_assertions.assertNull_false_expectedToPass]
################################################################################################################################################
[ReportManager] AssertNull PASSED; Expected [NULL] and Actual [1]. Comparison Type [EQUALS]. Validation Type [NEGATIVE]. @13-02-2021 01:31:16.0503 A

################################################################################################################################################
Starting Execution:	[66 out of 134] test cases in the current suite
Test Method:		[unitTests.tests_validations_assertions.assertNull_true_expectedToFail]
################################################################################################################################################
[ReportManager] AssertNull FAILED; Expected [NULL] and Actual [1]. Comparison Type [EQUALS]. Validation Type [POSITIVE]. @13-02-2021 01:31:16.0505 A

################################################################################################################################################
Starting Execution:	[67 out of 134] test cases in the current suite
Test Method:		[unitTests.tests_validations_assertions.assertNull_true_expectedToPass]
################################################################################################################################################
[ReportManager] AssertNull PASSED; Expected [NULL] and Actual [NULL]. Comparison Type [EQUALS]. Validation Type [POSITIVE]. @13-02-2021 01:31:16.0507 A
[ReportManager] File Action [getAbsolutePath] successfully performed. With the following test data [Relative Folder Path: "target/downloadedFiles/"]. @13-02-2021 01:31:16.0526 AM
[ReportManager] Attempting to run remotely on: [Linux-64], [GoogleChrome], [http://localhost:4444/wd/hub], Headless Execution. @13-02-2021 01:31:16.0526 AM
[ReportManager] Successfully Opened [GoogleChrome]. @13-02-2021 01:31:16.0798 A

################################################################################################################################################
Starting Execution:	[68 out of 134] test cases in the current suite
Test Method:		[testPackage01.Test_IsElementClickable.testIsElementClickable]
################################################################################################################################################
[ReportManager] Target URL: [https://the-internet.herokuapp.com/] @13-02-2021 01:31:16.0821 AM
[ReportManager] Initial URL: [data:,] @13-02-2021 01:31:16.0868 AM
[ReportManager] Browser Action [navigateToURL] successfully performed. With the following test data [https://the-internet.herokuapp.com/]. @13-02-2021 01:31:17.0277 AM
[ReportManager] Element Action [isElementClickable] successfully performed. @13-02-2021 01:31:17.0485 AM
[ReportManager] AssertTrue PASSED; Expected [TRUE] and Actual [TRUE]. Validation Type [POSITIVE]. @13-02-2021 01:31:17.0489 A
[ReportManager] Successfully created attachment [Selenium WebDriver Logs - server] @13-02-2021 01:31:17.0557 AM
[ReportManager] Successfully created attachment [Selenium WebDriver Logs - performance] @13-02-2021 01:31:17.0579 AM
[ReportManager] Successfully created attachment [Selenium WebDriver Logs - browser] @13-02-2021 01:31:17.0586 AM
[ReportManager] Successfully created attachment [Selenium WebDriver Logs - driver] @13-02-2021 01:31:17.0647 AM
[ReportManager] Browser Action [closeCurrentWindow] successfully performed. @13-02-2021 01:31:17.0703 AM
[ReportManager] Successfully created attachment [Browser Action Test Data - closeCurrentWindow - Actual Value] @13-02-2021 01:31:17.0703 A

################################################################################################################################################
Starting Execution:	[69 out of 134] test cases in the current suite
Test Method:		[testPackage01.Test_JsonActions.f]
###############################################################################################################################################

################################################################################################################################################
Starting Execution:	[70 out of 134] test cases in the current suite
Test Method:		[testPackage01.Test_JsonActions.f2]
###############################################################################################################################################

################################################################################################################################################
Starting Execution:	[71 out of 134] test cases in the current suite
Test Method:		[testPackage01.Test_SkipDueToIssue.doNotSkip]
################################################################################################################################################
[ReportManager] This should not be skipped. @13-02-2021 01:31:17.0746 A

################################################################################################################################################
Starting Execution:	[72 out of 134] test cases in the current suite
Test Method:		[testPackage01.Test_SkipDueToIssue.skip]
################################################################################################################################################
[ReportManager] This should be skipped. @13-02-2021 01:31:17.0754 A

################################################################################################################################################
Starting Execution:	[73 out of 134] test cases in the current suite
Test Method:		[testPackage01.Test_SkipDueToIssue.skip2]
################################################################################################################################################
[ReportManager] This should be skipped. @13-02-2021 01:31:17.0760 A

################################################################################################################################################
Starting Execution:	[74 out of 134] test cases in the current suite
Test Method:		[testPackage01.Test_testData.f]
################################################################################################################################################
[ReportManager] Successfully loaded the following test data file [src/test/resources/TestDataFiles/testSuite01/TestData.xlsx]. @13-02-2021 01:31:17.0832 AM
[ReportManager] Successfully created attachment [Test Data - Excel] @13-02-2021 01:31:17.0832 AM
[ReportManager] Last Column Number is: [3]. Zero-based. @13-02-2021 01:31:17.0833 A
[ReportManager] File Action [getAbsolutePath] successfully performed. With the following test data [Relative Folder Path: "target/downloadedFiles/"]. @13-02-2021 01:31:17.0836 AM
[ReportManager] Attempting to run remotely on: [Linux-64], [GoogleChrome], [http://localhost:4444/wd/hub], Headless Execution. @13-02-2021 01:31:17.0836 AM
[ReportManager] Successfully Opened [GoogleChrome]. @13-02-2021 01:31:18.0086 A

################################################################################################################################################
Starting Execution:	[75 out of 134] test cases in the current suite
Test Method:		[testPackage01.Test_assertEquals.test_assertElementAttribute]
################################################################################################################################################
[ReportManager] Target URL: [https://www.google.com/ncr], and after redirection: [https://www.google.com] @13-02-2021 01:31:18.0104 AM
[ReportManager] Initial URL: [data:,] @13-02-2021 01:31:18.0162 AM
[ReportManager] Browser Action [navigateToURL] successfully performed. With the following test data [https://www.google.com/ncr]. @13-02-2021 01:31:19.0107 AM
[ReportManager] Element Action [type] successfully performed. With the following test data [INC_004010050:Another SCHEDULER with the same name [Duplicate Job Name] already exists.]. @13-02-2021 01:31:21.0661 AM
[ReportManager] Element Action [getText] successfully performed. With the following test data [INC_004010050:Another SCHEDULER with the same name [Duplicate Job Name] already exists.]. @13-02-2021 01:31:21.0779 AM
[ReportManager] Loaded Shared OpenCV @13-02-2021 01:31:21.0955 AM
[ReportManager] AssertElementAttribute PASSED; Expected [Value Should be 'INC_004010050:Another SCHEDULER with the same name \[Duplicate Job Name\] already exists.' for the 'text' attribute, element locator 'By.name: q'] and Actual [INC_004010050:Another SCHEDULER with the same name [Duplicate Job Name] already exists.]. Comparison Type [MATCHES]. Validation Type [POSITIVE]. @13-02-2021 01:31:22.0033 AM
[ReportManager] Successfully created attachment [Screenshot - 1613179881955_test_assertElementAttribute_AssertElementAttribute_passed] @13-02-2021 01:31:22.0034 A
[ReportManager] Successfully created attachment [Selenium WebDriver Logs - server] @13-02-2021 01:31:22.0108 AM
[ReportManager] Successfully created attachment [Selenium WebDriver Logs - performance] @13-02-2021 01:31:22.0494 AM
[ReportManager] Successfully created attachment [Selenium WebDriver Logs - driver] @13-02-2021 01:31:22.0870 AM
[ReportManager] Browser Action [closeCurrentWindow] successfully performed. @13-02-2021 01:31:22.0929 AM
[ReportManager] Successfully created attachment [Browser Action Test Data - closeCurrentWindow - Actual Value] @13-02-2021 01:31:22.0930 A

################################################################################################################################################
Starting Execution:	[76 out of 134] test cases in the current suite
Test Method:		[testPackage01.Test_JsonCompareWithSpecialCharacters.specialCharacters]
################################################################################################################################################
[ReportManager] File Action [getAbsolutePath] successfully performed. With the following test data [Relative Folder Path: "src/test/resources/TestJsonFiles/specialCharacters.json"]. @13-02-2021 01:31:22.0940 AM
[ReportManager] File Action [readFromFile] successfully performed. With the following test data [File Path: "/home/runner/work/SHAFT_ENGINE/SHAFT_ENGINE/src/test/resources/TestJsonFiles/specialCharacters.json"]. @13-02-2021 01:31:22.0941 AM
[ReportManager] Successfully created attachment [File Action Actual Result - Command Log] @13-02-2021 01:31:22.0942 AM
[ReportManager] Comparing the provided API response with the file at this path "src/test/resources/TestJsonFiles/specialCharacters.json", comparison type "EQUALS" @13-02-2021 01:31:22.0942 AM
[ReportManager] API Action [compareJSON] successfully performed. With the following test data [src/test/resources/TestJsonFiles/specialCharacters.json]. @13-02-2021 01:31:22.0958 AM
[ReportManager] File Action [getAbsolutePath] successfully performed. With the following test data [Relative Folder Path: "src/test/resources/TestJsonFiles/specialCharacters.json"]. @13-02-2021 01:31:22.0958 AM
[ReportManager] File Action [readFromFile] successfully performed. With the following test data [File Path: "/home/runner/work/SHAFT_ENGINE/SHAFT_ENGINE/src/test/resources/TestJsonFiles/specialCharacters.json"]. @13-02-2021 01:31:22.0959 AM
[ReportManager] VerifyJSONFileContent PASSED; Expected [Response data should match the JSON File in this path 'src/test/resources/TestJsonFiles/specialCharacters.json'] and Actual [TRUE]. Comparison Type [EQUALS]. Validation Type [POSITIVE]. @13-02-2021 01:31:22.0965 AM
[ReportManager] Successfully created attachment [Validation Test Data - Expected JSON Value] @13-02-2021 01:31:22.0965 AM
[ReportManager] Successfully created attachment [Validation Test Data - Actual JSON Value] @13-02-2021 01:31:22.0966 A

################################################################################################################################################
Starting Execution:	[77 out of 134] test cases in the current suite
Test Method:		[testPackage01.Test_JsonCompareWithSpecialCharacters.specialCharacters_assertion]
################################################################################################################################################
[ReportManager] File Action [getAbsolutePath] successfully performed. With the following test data [Relative Folder Path: "src/test/resources/TestJsonFiles/specialCharacters.json"]. @13-02-2021 01:31:22.0971 AM
[ReportManager] File Action [readFromFile] successfully performed. With the following test data [File Path: "/home/runner/work/SHAFT_ENGINE/SHAFT_ENGINE/src/test/resources/TestJsonFiles/specialCharacters.json"]. @13-02-2021 01:31:22.0972 AM
[ReportManager] Successfully created attachment [File Action Actual Result - Command Log] @13-02-2021 01:31:22.0972 AM
[ReportManager] trying out the log message... @13-02-2021 01:31:22.0972 AM
[ReportManager] Comparing the provided API response with the file at this path "src/test/resources/TestJsonFiles/specialCharacters.json", comparison type "CONTAINS" @13-02-2021 01:31:22.0972 AM
[ReportManager] API Action [compareJSON] successfully performed. With the following test data [src/test/resources/TestJsonFiles/specialCharacters.json]. @13-02-2021 01:31:22.0982 AM
[ReportManager] File Action [getAbsolutePath] successfully performed. With the following test data [Relative Folder Path: "src/test/resources/TestJsonFiles/specialCharacters.json"]. @13-02-2021 01:31:22.0982 AM
[ReportManager] File Action [readFromFile] successfully performed. With the following test data [File Path: "/home/runner/work/SHAFT_ENGINE/SHAFT_ENGINE/src/test/resources/TestJsonFiles/specialCharacters.json"]. @13-02-2021 01:31:22.0983 AM
[ReportManager] AssertJSONFileContent PASSED; Expected [Response data should match the JSON File in this path 'src/test/resources/TestJsonFiles/specialCharacters.json'] and Actual [TRUE]. Comparison Type [CONTAINS]. Validation Type [POSITIVE]. @13-02-2021 01:31:22.0989 AM
[ReportManager] Successfully created attachment [Validation Test Data - Expected JSON Value] @13-02-2021 01:31:22.0989 AM
[ReportManager] Successfully created attachment [Validation Test Data - Actual JSON Value] @13-02-2021 01:31:22.0989 A

################################################################################################################################################
Starting Execution:	[78 out of 134] test cases in the current suite
Test Method:		[testPackage01.Test_JSONFileManager.readStringFromJson]
################################################################################################################################################
[ReportManager] Successfully loaded the following test data file [src/test/resources/TestDataFiles/simpleJSON.json]. @13-02-2021 01:31:22.0997 AM
[ReportManager] Successfully created attachment [Test Data - JSON] @13-02-2021 01:31:22.0997 AM
[ReportManager] AssertEquals PASSED; Expected [Mohab Mohie] and Actual [Mohab Mohie]. Comparison Type [EQUALS]. Validation Type [POSITIVE]. @13-02-2021 01:31:23.0009 A
[ReportManager] Successfully loaded the following test data file [src/test/resources/TestDataFiles/testSuite01/TestData.xlsx]. @13-02-2021 01:31:23.0038 AM
[ReportManager] Successfully created attachment [Test Data - Excel] @13-02-2021 01:31:23.0038 AM
[ReportManager] File Action [getAbsolutePath] successfully performed. With the following test data [Relative Folder Path: "target/downloadedFiles/"]. @13-02-2021 01:31:23.0039 AM
[ReportManager] Attempting to run remotely on: [Linux-64], [GoogleChrome], [http://localhost:4444/wd/hub], Headless Execution. @13-02-2021 01:31:23.0039 AM
[ReportManager] Successfully Opened [GoogleChrome]. @13-02-2021 01:31:23.0280 A

################################################################################################################################################
Starting Execution:	[79 out of 134] test cases in the current suite
Test Method:		[testPackage01.Test_google.navigateToURLandVerifyGoogleLogoIsDisplayed]
Test Description:	[TC001 - Navigate to URL and Verify Google Logo is Displayed]
################################################################################################################################################
[ReportManager] Target URL: [https://www.google.com/ncr], and after redirection: [https://www.google.com] @13-02-2021 01:31:23.0293 AM
[ReportManager] Initial URL: [data:,] @13-02-2021 01:31:23.0330 AM
[ReportManager] Browser Action [navigateToURL] successfully performed. With the following test data [https://www.google.com/ncr]. @13-02-2021 01:31:24.0182 AM
[ReportManager] Loaded Shared OpenCV @13-02-2021 01:31:24.0416 AM
[ReportManager] AssertElementExists PASSED; Expected [Element Should Exist, locator 'By.id: hplogo'] and Actual [Element Exists]. Comparison Type [EQUALS]. Validation Type [POSITIVE]. @13-02-2021 01:31:24.0502 AM
[ReportManager] Successfully created attachment [Screenshot - 1613179884416_navigateToURLandVerifyGoogleLogoIsDisplayed_AssertElementExists_passed] @13-02-2021 01:31:24.0503 A

################################################################################################################################################
Starting Execution:	[80 out of 134] test cases in the current suite
Test Method:		[testPackage01.Test_google.searchForQueryandAssertResultsNumDisplayed]
Test Description:	[TC002 - Search for Query and Assert that the number of results is displayed]
################################################################################################################################################
[ReportManager] Element Action [type] successfully performed. With the following test data [SHAFT_Engine]. @13-02-2021 01:31:25.0263 AM
[ReportManager] Element Action [keyPress] successfully performed. With the following test data [Enter]. @13-02-2021 01:31:26.0448 AM
[ReportManager] Element Action [getText] successfully performed. With the following test data [About 643,000 results (0.48 seconds) ]. @13-02-2021 01:31:26.0557 AM
[ReportManager] Loaded Shared OpenCV @13-02-2021 01:31:26.0700 AM
[ReportManager] AssertElementAttribute PASSED; Expected [Value Should not be '' for the 'Text' attribute, element locator 'By.id: appbar'] and Actual [About 643,000 results (0.48 seconds) ]. Comparison Type [EQUALS]. Validation Type [NEGATIVE]. @13-02-2021 01:31:26.0780 AM
[ReportManager] Successfully created attachment [Screenshot - 1613179886700_searchForQueryandAssertResultsNumDisplayed_AssertElementAttribute_passed] @13-02-2021 01:31:26.0781 A

################################################################################################################################################
Starting Execution:	[81 out of 134] test cases in the current suite
Test Method:		[testPackage01.Test_google.clickNextThrice]
Test Description:	[TC003 - Clicks the next button to make sure that the framework can scroll element into view before clicking it]
################################################################################################################################################
[ReportManager] Element Action [click] successfully performed. With the following test data [Next]. @13-02-2021 01:31:27.0923 A
[ReportManager] Successfully created attachment [Selenium WebDriver Logs - server] @13-02-2021 01:31:28.0074 AM
[ReportManager] Successfully created attachment [Selenium WebDriver Logs - performance] @13-02-2021 01:31:28.0328 AM
[ReportManager] Successfully created attachment [Selenium WebDriver Logs - driver] @13-02-2021 01:31:28.0706 AM
[ReportManager] Browser Action [closeCurrentWindow] successfully performed. @13-02-2021 01:31:28.0772 AM
[ReportManager] Successfully created attachment [Browser Action Test Data - closeCurrentWindow - Actual Value] @13-02-2021 01:31:28.0781 A
[ReportManager] File Action [getAbsolutePath] successfully performed. With the following test data [Relative Folder Path: "target/downloadedFiles/"]. @13-02-2021 01:31:28.0783 AM
[ReportManager] Attempting to run remotely on: [Linux-64], [GoogleChrome], [http://localhost:4444/wd/hub], Headless Execution. @13-02-2021 01:31:28.0783 AM
[ReportManager] Successfully Opened [GoogleChrome]. @13-02-2021 01:31:29.0046 A

################################################################################################################################################
Starting Execution:	[82 out of 134] test cases in the current suite
Test Method:		[testPackage01.Test_dragAndDrop.dragAndDropJquery]
################################################################################################################################################
[ReportManager] Target URL: [https://jqueryui.com/resources/demos/droppable/default.html] @13-02-2021 01:31:29.0061 AM
[ReportManager] Initial URL: [data:,] @13-02-2021 01:31:29.0105 AM
[ReportManager] Browser Action [navigateToURL] successfully performed. With the following test data [https://jqueryui.com/resources/demos/droppable/default.html]. @13-02-2021 01:31:29.0521 AM
[ReportManager] Element Action [getText] successfully performed. With the following test data [Drop here]. @13-02-2021 01:31:29.0621 AM
[ReportManager] Element Action [dragAndDrop] successfully performed. With the following test data [Start point: (8, 18), End point: (8, 18)]. @13-02-2021 01:31:30.0961 AM
[ReportManager] Element Action [getText] successfully performed. With the following test data [Dropped!]. @13-02-2021 01:31:31.0048 AM
[ReportManager] Checking to see if the text has changed after performing drag and drop... @13-02-2021 01:31:31.0048 AM
[ReportManager] AssertEquals PASSED; Expected [Drop here] and Actual [Dropped!]. Comparison Type [EQUALS]. Validation Type [NEGATIVE]. @13-02-2021 01:31:31.0048 A
[ReportManager] Successfully created attachment [Selenium WebDriver Logs - server] @13-02-2021 01:31:31.0158 AM
[ReportManager] Successfully created attachment [Selenium WebDriver Logs - performance] @13-02-2021 01:31:31.0177 AM
[ReportManager] Successfully created attachment [Selenium WebDriver Logs - driver] @13-02-2021 01:31:31.0287 AM
[ReportManager] Browser Action [closeCurrentWindow] successfully performed. @13-02-2021 01:31:31.0344 AM
[ReportManager] Successfully created attachment [Browser Action Test Data - closeCurrentWindow - Actual Value] @13-02-2021 01:31:31.0344 A
[ReportManager] File Action [getAbsolutePath] successfully performed. With the following test data [Relative Folder Path: "target/downloadedFiles/"]. @13-02-2021 01:31:31.0351 AM
[ReportManager] Attempting to run remotely on: [Linux-64], [GoogleChrome], [http://localhost:4444/wd/hub], Headless Execution. @13-02-2021 01:31:31.0351 AM
[ReportManager] Successfully Opened [GoogleChrome]. @13-02-2021 01:31:31.0629 A

################################################################################################################################################
Starting Execution:	[83 out of 134] test cases in the current suite
Test Method:		[testPackage01.Test_dragAndDrop.dragAndDrop]
Test Description:	[TC001 - Test Drag and Drop function.]
################################################################################################################################################
[ReportManager] Target URL: [http://the-internet.herokuapp.com/drag_and_drop] @13-02-2021 01:31:31.0641 AM
[ReportManager] Initial URL: [data:,] @13-02-2021 01:31:31.0682 AM
[ReportManager] Browser Action [navigateToURL] successfully performed. With the following test data [http://the-internet.herokuapp.com/drag_and_drop]. @13-02-2021 01:31:32.0017 AM
[ReportManager] Attempting Drag and Drop @13-02-2021 01:31:32.0017 AM
[ReportManager] Element Action [dragAndDrop] successfully performed. With the following test data [Start point: (32, 89), End point: (247, 89)]. @13-02-2021 01:31:33.0275 A
[ReportManager] Successfully created attachment [Selenium WebDriver Logs - server] @13-02-2021 01:31:33.0323 AM
[ReportManager] Successfully created attachment [Selenium WebDriver Logs - performance] @13-02-2021 01:31:33.0343 AM
[ReportManager] Successfully created attachment [Selenium WebDriver Logs - browser] @13-02-2021 01:31:33.0352 AM
[ReportManager] Successfully created attachment [Selenium WebDriver Logs - driver] @13-02-2021 01:31:33.0418 AM
[ReportManager] Browser Action [closeCurrentWindow] successfully performed. @13-02-2021 01:31:33.0475 AM
[ReportManager] Successfully created attachment [Browser Action Test Data - closeCurrentWindow - Actual Value] @13-02-2021 01:31:33.0475 A
[ReportManager] File Action [getAbsolutePath] successfully performed. With the following test data [Relative Folder Path: "target/downloadedFiles/"]. @13-02-2021 01:31:33.0477 AM
[ReportManager] Attempting to run remotely on: [Linux-64], [GoogleChrome], [http://localhost:4444/wd/hub], Headless Execution. @13-02-2021 01:31:33.0477 AM
[ReportManager] Successfully Opened [GoogleChrome]. @13-02-2021 01:31:33.0745 A

################################################################################################################################################
Starting Execution:	[84 out of 134] test cases in the current suite
Test Method:		[testPackage01.Test_dragAndDrop.dragAndDropByOffset]
Test Description:	[TC002 - Test Drag and Drop by offset function.]
################################################################################################################################################
[ReportManager] Target URL: [https://jqueryui.com/resources/demos/draggable/default.html] @13-02-2021 01:31:33.0761 AM
[ReportManager] Initial URL: [data:,] @13-02-2021 01:31:33.0797 AM
[ReportManager] Browser Action [navigateToURL] successfully performed. With the following test data [https://jqueryui.com/resources/demos/draggable/default.html]. @13-02-2021 01:31:34.0151 AM
[ReportManager] Element Action [dragAndDropByOffset] successfully performed. With the following test data [Start point: (8, 8), End point: (1008, 108)]. @13-02-2021 01:31:34.0350 A
[ReportManager] Successfully created attachment [Selenium WebDriver Logs - server] @13-02-2021 01:31:34.0391 AM
[ReportManager] Successfully created attachment [Selenium WebDriver Logs - performance] @13-02-2021 01:31:34.0412 AM
[ReportManager] Successfully created attachment [Selenium WebDriver Logs - driver] @13-02-2021 01:31:34.0480 AM
[ReportManager] Browser Action [closeCurrentWindow] successfully performed. @13-02-2021 01:31:34.0536 AM
[ReportManager] Successfully created attachment [Browser Action Test Data - closeCurrentWindow - Actual Value] @13-02-2021 01:31:34.0536 A
[ReportManager] File Action [getAbsolutePath] successfully performed. With the following test data [Relative Folder Path: "target/downloadedFiles/"]. @13-02-2021 01:31:34.0540 AM
[ReportManager] Attempting to run remotely on: [Linux-64], [GoogleChrome], [http://localhost:4444/wd/hub], Headless Execution. @13-02-2021 01:31:34.0541 AM
[ReportManager] Successfully Opened [GoogleChrome]. @13-02-2021 01:31:34.0775 A

################################################################################################################################################
Starting Execution:	[85 out of 134] test cases in the current suite
Test Method:		[testPackage01.Test_verifyEquals.test_assertElementAttribute]
################################################################################################################################################
[ReportManager] Target URL: [https://www.google.com/ncr], and after redirection: [https://www.google.com] @13-02-2021 01:31:34.0825 AM
[ReportManager] Initial URL: [data:,] @13-02-2021 01:31:34.0893 AM
[ReportManager] Browser Action [navigateToURL] successfully performed. With the following test data [https://www.google.com/ncr]. @13-02-2021 01:31:35.0672 AM
[ReportManager] Element Action [type] successfully performed. With the following test data [INC_004010050:Another SCHEDULER with the same name [Duplicate Job Name] already exists.]. @13-02-2021 01:31:37.0960 AM
[ReportManager] Element Action [getText] successfully performed. With the following test data [INC_004010050:Another SCHEDULER with the same name [Duplicate Job Name] already exists.]. @13-02-2021 01:31:38.0075 AM
[ReportManager] Loaded Shared OpenCV @13-02-2021 01:31:38.0269 AM
[ReportManager] VerifyElementAttribute PASSED; Expected [Value Should be 'INC_004010050:Another SCHEDULER with the same name \[Duplicate Job Name\] already exists.' for the 'text' attribute, element locator 'By.name: q'] and Actual [INC_004010050:Another SCHEDULER with the same name [Duplicate Job Name] already exists.]. Comparison Type [MATCHES]. Validation Type [POSITIVE]. @13-02-2021 01:31:38.0345 AM
[ReportManager] Successfully created attachment [Screenshot - 1613179898269_test_assertElementAttribute_VerifyElementAttribute_passed] @13-02-2021 01:31:38.0345 A
[ReportManager] Successfully created attachment [Selenium WebDriver Logs - server] @13-02-2021 01:31:38.0417 AM
[ReportManager] Successfully created attachment [Selenium WebDriver Logs - performance] @13-02-2021 01:31:38.0744 AM
[ReportManager] Successfully created attachment [Selenium WebDriver Logs - driver] @13-02-2021 01:31:39.0032 AM
[ReportManager] Browser Action [closeCurrentWindow] successfully performed. @13-02-2021 01:31:39.0090 AM
[ReportManager] Successfully created attachment [Browser Action Test Data - closeCurrentWindow - Actual Value] @13-02-2021 01:31:39.0091 A

################################################################################################################################################
Starting Execution:	[86 out of 134] test cases in the current suite
Test Method:		[testPackage01.Test_NewValidationActions.f1]
################################################################################################################################################
[ReportManager] Checking valid user data... @13-02-2021 01:31:39.0097 AM
[ReportManager] AssertEquals PASSED; Expected and Actual values are attached. Comparison Type [EQUALS]. Validation Type [POSITIVE]. @13-02-2021 01:31:39.0097 AM
[ReportManager] Successfully created attachment [Validation Test Data - Expected Value] @13-02-2021 01:31:39.0097 AM
[ReportManager] Successfully created attachment [Validation Test Data - Actual Value] @13-02-2021 01:31:39.0098 A
[ReportManager] File Action [getAbsolutePath] successfully performed. With the following test data [Relative Folder Path: "target/downloadedFiles/"]. @13-02-2021 01:31:39.0099 AM
[ReportManager] Attempting to run remotely on: [Linux-64], [GoogleChrome], [http://localhost:4444/wd/hub], Headless Execution. @13-02-2021 01:31:39.0099 AM
[ReportManager] Successfully Opened [GoogleChrome]. @13-02-2021 01:31:39.0298 AM
[ReportManager] Target URL: [https://the-internet.herokuapp.com/] @13-02-2021 01:31:39.0315 AM
[ReportManager] Initial URL: [data:,] @13-02-2021 01:31:39.0353 AM
[ReportManager] Browser Action [navigateToURL] successfully performed. With the following test data [https://the-internet.herokuapp.com/]. @13-02-2021 01:31:39.0694 A

################################################################################################################################################
Starting Execution:	[87 out of 134] test cases in the current suite
Test Method:		[testPackage01.Test_NewValidationActions.f10]
################################################################################################################################################
[ReportManager] AssertElementExists FAILED; Expected [Element Should Exist, locator 'By.tagName: div'] and Actual [Element Exists but is not unique]. Comparison Type [EQUALS]. Validation Type [POSITIVE]. @13-02-2021 01:31:39.0939 AM
[ReportManager] Successfully created attachment [Screenshot - 1613179899875_f10_AssertElementExists_failed] @13-02-2021 01:31:39.0939 A
[ReportManager] Successfully created attachment [Selenium WebDriver Logs - server] @13-02-2021 01:31:39.0951 AM
[ReportManager] Successfully created attachment [Selenium WebDriver Logs - performance] @13-02-2021 01:31:39.0969 AM
[ReportManager] Successfully created attachment [Selenium WebDriver Logs - browser] @13-02-2021 01:31:39.0975 AM
[ReportManager] Successfully created attachment [Selenium WebDriver Logs - driver] @13-02-2021 01:31:40.0020 AM
[ReportManager] Successfully Closed All Browsers. @13-02-2021 01:31:40.0058 A
[ReportManager] File Action [getAbsolutePath] successfully performed. With the following test data [Relative Folder Path: "target/downloadedFiles/"]. @13-02-2021 01:31:40.0060 AM
[ReportManager] Attempting to run remotely on: [Linux-64], [GoogleChrome], [http://localhost:4444/wd/hub], Headless Execution. @13-02-2021 01:31:40.0060 AM
[ReportManager] Successfully Opened [GoogleChrome]. @13-02-2021 01:31:40.0262 AM
[ReportManager] Target URL: [https://the-internet.herokuapp.com/] @13-02-2021 01:31:40.0283 AM
[ReportManager] Initial URL: [data:,] @13-02-2021 01:31:40.0354 AM
[ReportManager] Browser Action [navigateToURL] successfully performed. With the following test data [https://the-internet.herokuapp.com/]. @13-02-2021 01:31:40.0736 A

################################################################################################################################################
Starting Execution:	[88 out of 134] test cases in the current suite
Test Method:		[testPackage01.Test_NewValidationActions.f11]
################################################################################################################################################
[ReportManager] Checking that false tag doesn't exist... @13-02-2021 01:31:40.0746 AM
[ReportManager] AssertElementExists PASSED; Expected [Element Should not Exist, locator 'By.tagName: h3'] and Actual [Element Doesn't Exists]. Comparison Type [EQUALS]. Validation Type [NEGATIVE]. @13-02-2021 01:31:40.0955 AM
[ReportManager] Successfully created attachment [Screenshot - 1613179900899_f11_AssertElementExists_passed] @13-02-2021 01:31:40.0955 A
[ReportManager] Successfully created attachment [Selenium WebDriver Logs - server] @13-02-2021 01:31:40.0964 AM
[ReportManager] Successfully created attachment [Selenium WebDriver Logs - performance] @13-02-2021 01:31:40.0981 AM
[ReportManager] Successfully created attachment [Selenium WebDriver Logs - browser] @13-02-2021 01:31:40.0987 AM
[ReportManager] Successfully created attachment [Selenium WebDriver Logs - driver] @13-02-2021 01:31:41.0032 AM
[ReportManager] Successfully Closed All Browsers. @13-02-2021 01:31:41.0110 A
[ReportManager] File Action [getAbsolutePath] successfully performed. With the following test data [Relative Folder Path: "target/downloadedFiles/"]. @13-02-2021 01:31:41.0113 AM
[ReportManager] Attempting to run remotely on: [Linux-64], [GoogleChrome], [http://localhost:4444/wd/hub], Headless Execution. @13-02-2021 01:31:41.0113 AM
[ReportManager] Successfully Opened [GoogleChrome]. @13-02-2021 01:31:41.0323 AM
[ReportManager] Target URL: [https://the-internet.herokuapp.com/] @13-02-2021 01:31:41.0338 AM
[ReportManager] Initial URL: [data:,] @13-02-2021 01:31:41.0375 AM
[ReportManager] Browser Action [navigateToURL] successfully performed. With the following test data [https://the-internet.herokuapp.com/]. @13-02-2021 01:31:41.0732 A

################################################################################################################################################
Starting Execution:	[89 out of 134] test cases in the current suite
Test Method:		[testPackage01.Test_NewValidationActions.f12]
################################################################################################################################################
[ReportManager] Loaded Shared OpenCV @13-02-2021 01:31:41.0915 AM
[ReportManager] AssertElementExists FAILED; Expected [Element Should not Exist, locator 'By.tagName: h1'] and Actual [Element Exists]. Comparison Type [EQUALS]. Validation Type [NEGATIVE]. @13-02-2021 01:31:41.0987 AM
[ReportManager] Successfully created attachment [Screenshot - 1613179901915_f12_AssertElementExists_failed] @13-02-2021 01:31:41.0987 A
[ReportManager] Successfully created attachment [Selenium WebDriver Logs - server] @13-02-2021 01:31:41.0997 AM
[ReportManager] Successfully created attachment [Selenium WebDriver Logs - performance] @13-02-2021 01:31:42.0014 AM
[ReportManager] Successfully created attachment [Selenium WebDriver Logs - browser] @13-02-2021 01:31:42.0026 AM
[ReportManager] Successfully created attachment [Selenium WebDriver Logs - driver] @13-02-2021 01:31:42.0078 AM
[ReportManager] Successfully Closed All Browsers. @13-02-2021 01:31:42.0161 A
[ReportManager] File Action [getAbsolutePath] successfully performed. With the following test data [Relative Folder Path: "target/downloadedFiles/"]. @13-02-2021 01:31:42.0163 AM
[ReportManager] Attempting to run remotely on: [Linux-64], [GoogleChrome], [http://localhost:4444/wd/hub], Headless Execution. @13-02-2021 01:31:42.0163 AM
[ReportManager] Successfully Opened [GoogleChrome]. @13-02-2021 01:31:42.0383 AM
[ReportManager] Target URL: [https://the-internet.herokuapp.com/] @13-02-2021 01:31:42.0392 AM
[ReportManager] Initial URL: [data:,] @13-02-2021 01:31:42.0428 AM
[ReportManager] Browser Action [navigateToURL] successfully performed. With the following test data [https://the-internet.herokuapp.com/]. @13-02-2021 01:31:42.0816 A

################################################################################################################################################
Starting Execution:	[90 out of 134] test cases in the current suite
Test Method:		[testPackage01.Test_NewValidationActions.f13]
################################################################################################################################################
[ReportManager] AssertElementExists FAILED; Expected [Element Should not Exist, locator 'By.tagName: div'] and Actual [Element Exists but is not unique]. Comparison Type [EQUALS]. Validation Type [NEGATIVE]. @13-02-2021 01:31:43.0057 AM
[ReportManager] Successfully created attachment [Screenshot - 1613179902999_f13_AssertElementExists_failed] @13-02-2021 01:31:43.0058 A
[ReportManager] Successfully created attachment [Selenium WebDriver Logs - server] @13-02-2021 01:31:43.0071 AM
[ReportManager] Successfully created attachment [Selenium WebDriver Logs - performance] @13-02-2021 01:31:43.0103 AM
[ReportManager] Successfully created attachment [Selenium WebDriver Logs - browser] @13-02-2021 01:31:43.0111 AM
[ReportManager] Successfully created attachment [Selenium WebDriver Logs - driver] @13-02-2021 01:31:43.0166 AM
[ReportManager] Successfully Closed All Browsers. @13-02-2021 01:31:43.0242 A
[ReportManager] File Action [getAbsolutePath] successfully performed. With the following test data [Relative Folder Path: "target/downloadedFiles/"]. @13-02-2021 01:31:43.0244 AM
[ReportManager] Attempting to run remotely on: [Linux-64], [GoogleChrome], [http://localhost:4444/wd/hub], Headless Execution. @13-02-2021 01:31:43.0245 AM
[ReportManager] Successfully Opened [GoogleChrome]. @13-02-2021 01:31:43.0453 AM
[ReportManager] Target URL: [https://the-internet.herokuapp.com/] @13-02-2021 01:31:43.0462 AM
[ReportManager] Initial URL: [data:,] @13-02-2021 01:31:43.0500 AM
[ReportManager] Browser Action [navigateToURL] successfully performed. With the following test data [https://the-internet.herokuapp.com/]. @13-02-2021 01:31:43.0869 A

################################################################################################################################################
Starting Execution:	[91 out of 134] test cases in the current suite
Test Method:		[testPackage01.Test_NewValidationActions.f14]
################################################################################################################################################
[ReportManager] Asserting that the header text is correct... @13-02-2021 01:31:43.0871 AM
[ReportManager] Element Action [getText] successfully performed. With the following test data [Welcome to the-internet]. @13-02-2021 01:31:43.0964 AM
[ReportManager] Loaded Shared OpenCV @13-02-2021 01:31:44.0135 AM
[ReportManager] AssertElementAttribute PASSED; Expected [Value Should be 'Welcome to the-internet' for the 'text' attribute, element locator 'By.tagName: h1'] and Actual [Welcome to the-internet]. Comparison Type [EQUALS]. Validation Type [POSITIVE]. @13-02-2021 01:31:44.0208 AM
[ReportManager] Successfully created attachment [Screenshot - 1613179904135_f14_AssertElementAttribute_passed] @13-02-2021 01:31:44.0209 A
[ReportManager] Successfully created attachment [Selenium WebDriver Logs - server] @13-02-2021 01:31:44.0223 AM
[ReportManager] Successfully created attachment [Selenium WebDriver Logs - performance] @13-02-2021 01:31:44.0241 AM
[ReportManager] Successfully created attachment [Selenium WebDriver Logs - browser] @13-02-2021 01:31:44.0246 AM
[ReportManager] Successfully created attachment [Selenium WebDriver Logs - driver] @13-02-2021 01:31:44.0299 AM
[ReportManager] Successfully Closed All Browsers. @13-02-2021 01:31:44.0376 A
[ReportManager] File Action [getAbsolutePath] successfully performed. With the following test data [Relative Folder Path: "target/downloadedFiles/"]. @13-02-2021 01:31:44.0378 AM
[ReportManager] Attempting to run remotely on: [Linux-64], [GoogleChrome], [http://localhost:4444/wd/hub], Headless Execution. @13-02-2021 01:31:44.0378 AM
[ReportManager] Successfully Opened [GoogleChrome]. @13-02-2021 01:31:44.0564 AM
[ReportManager] Target URL: [https://the-internet.herokuapp.com/] @13-02-2021 01:31:44.0575 AM
[ReportManager] Initial URL: [data:,] @13-02-2021 01:31:44.0622 AM
[ReportManager] Browser Action [navigateToURL] successfully performed. With the following test data [https://the-internet.herokuapp.com/]. @13-02-2021 01:31:44.0984 A

################################################################################################################################################
Starting Execution:	[92 out of 134] test cases in the current suite
Test Method:		[testPackage01.Test_NewValidationActions.f15]
################################################################################################################################################
[ReportManager] Element Action [getText] successfully performed. With the following test data [Welcome to the-internet]. @13-02-2021 01:31:45.0071 AM
[ReportManager] Loaded Shared OpenCV @13-02-2021 01:31:45.0219 AM
[ReportManager] AssertElementAttribute FAILED; Expected [Value Should not be 'Welcome' for the 'text' attribute, element locator 'By.tagName: h1'] and Actual [Welcome to the-internet]. Comparison Type [CONTAINS]. Validation Type [NEGATIVE]. @13-02-2021 01:31:45.0292 AM
[ReportManager] Successfully created attachment [Screenshot - 1613179905219_f15_AssertElementAttribute_failed] @13-02-2021 01:31:45.0292 A
[ReportManager] Successfully created attachment [Selenium WebDriver Logs - server] @13-02-2021 01:31:45.0308 AM
[ReportManager] Successfully created attachment [Selenium WebDriver Logs - performance] @13-02-2021 01:31:45.0326 AM
[ReportManager] Successfully created attachment [Selenium WebDriver Logs - browser] @13-02-2021 01:31:45.0332 AM
[ReportManager] Successfully created attachment [Selenium WebDriver Logs - driver] @13-02-2021 01:31:45.0382 AM
[ReportManager] Successfully Closed All Browsers. @13-02-2021 01:31:45.0414 A
[ReportManager] File Action [getAbsolutePath] successfully performed. With the following test data [Relative Folder Path: "target/downloadedFiles/"]. @13-02-2021 01:31:45.0416 AM
[ReportManager] Attempting to run remotely on: [Linux-64], [GoogleChrome], [http://localhost:4444/wd/hub], Headless Execution. @13-02-2021 01:31:45.0416 AM
[ReportManager] Successfully Opened [GoogleChrome]. @13-02-2021 01:31:45.0622 AM
[ReportManager] Target URL: [https://the-internet.herokuapp.com/] @13-02-2021 01:31:45.0633 AM
[ReportManager] Initial URL: [data:,] @13-02-2021 01:31:45.0671 AM
[ReportManager] Browser Action [navigateToURL] successfully performed. With the following test data [https://the-internet.herokuapp.com/]. @13-02-2021 01:31:46.0022 A

################################################################################################################################################
Starting Execution:	[93 out of 134] test cases in the current suite
Test Method:		[testPackage01.Test_NewValidationActions.f16]
################################################################################################################################################
[ReportManager] Element Action [identifyUniqueElement] failed. With the following test data [zero elements found matching this locator "By.tagName: h3".]. @13-02-2021 01:31:46.0239 AM
[ReportManager] Successfully created attachment [Screenshot - 1613179906184_f16_identifyUniqueElement_failed] @13-02-2021 01:31:46.0240 AM
[ReportManager] AssertElementAttribute FAILED; Expected [Value Should not be 'Welcome' for the 'text' attribute, element locator 'By.tagName: h3'] and Actual [Failed to read the desired element attribute]. Comparison Type [CONTAINS]. Validation Type [NEGATIVE]. @13-02-2021 01:31:46.0240 A
[ReportManager] Successfully created attachment [Selenium WebDriver Logs - server] @13-02-2021 01:31:46.0251 AM
[ReportManager] Successfully created attachment [Selenium WebDriver Logs - performance] @13-02-2021 01:31:46.0269 AM
[ReportManager] Successfully created attachment [Selenium WebDriver Logs - browser] @13-02-2021 01:31:46.0274 AM
[ReportManager] Successfully created attachment [Selenium WebDriver Logs - driver] @13-02-2021 01:31:46.0317 AM
[ReportManager] Successfully Closed All Browsers. @13-02-2021 01:31:46.0389 A
[ReportManager] File Action [getAbsolutePath] successfully performed. With the following test data [Relative Folder Path: "target/downloadedFiles/"]. @13-02-2021 01:31:46.0391 AM
[ReportManager] Attempting to run remotely on: [Linux-64], [GoogleChrome], [http://localhost:4444/wd/hub], Headless Execution. @13-02-2021 01:31:46.0391 AM
[ReportManager] Successfully Opened [GoogleChrome]. @13-02-2021 01:31:46.0608 AM
[ReportManager] Target URL: [https://the-internet.herokuapp.com/] @13-02-2021 01:31:46.0619 AM
[ReportManager] Initial URL: [data:,] @13-02-2021 01:31:46.0655 AM
[ReportManager] Browser Action [navigateToURL] successfully performed. With the following test data [https://the-internet.herokuapp.com/]. @13-02-2021 01:31:47.0017 A

################################################################################################################################################
Starting Execution:	[94 out of 134] test cases in the current suite
Test Method:		[testPackage01.Test_NewValidationActions.f17]
################################################################################################################################################
[ReportManager] Attempting to getAttribute [text2] from elementLocator [By.tagName: h1]. @13-02-2021 01:31:47.0020 AM
[ReportManager] Element Action [getAttribute] successfully performed. @13-02-2021 01:31:47.0138 AM
[ReportManager] Loaded Shared OpenCV @13-02-2021 01:31:47.0293 AM
[ReportManager] AssertElementAttribute PASSED; Expected [Value Should not be 'Welcome' for the 'text2' attribute, element locator 'By.tagName: h1'] and Actual [null]. Comparison Type [CONTAINS]. Validation Type [NEGATIVE]. @13-02-2021 01:31:47.0376 AM
[ReportManager] Successfully created attachment [Screenshot - 1613179907293_f17_AssertElementAttribute_passed] @13-02-2021 01:31:47.0377 A
[ReportManager] Successfully created attachment [Selenium WebDriver Logs - server] @13-02-2021 01:31:47.0389 AM
[ReportManager] Successfully created attachment [Selenium WebDriver Logs - performance] @13-02-2021 01:31:47.0408 AM
[ReportManager] Successfully created attachment [Selenium WebDriver Logs - browser] @13-02-2021 01:31:47.0416 AM
[ReportManager] Successfully created attachment [Selenium WebDriver Logs - driver] @13-02-2021 01:31:47.0472 AM
[ReportManager] Successfully Closed All Browsers. @13-02-2021 01:31:47.0552 A
[ReportManager] File Action [getAbsolutePath] successfully performed. With the following test data [Relative Folder Path: "target/downloadedFiles/"]. @13-02-2021 01:31:47.0554 AM
[ReportManager] Attempting to run remotely on: [Linux-64], [GoogleChrome], [http://localhost:4444/wd/hub], Headless Execution. @13-02-2021 01:31:47.0554 AM
[ReportManager] Successfully Opened [GoogleChrome]. @13-02-2021 01:31:47.0821 AM
[ReportManager] Target URL: [https://the-internet.herokuapp.com/] @13-02-2021 01:31:47.0832 AM
[ReportManager] Initial URL: [data:,] @13-02-2021 01:31:47.0875 AM
[ReportManager] Browser Action [navigateToURL] successfully performed. With the following test data [https://the-internet.herokuapp.com/]. @13-02-2021 01:31:48.0271 A

################################################################################################################################################
Starting Execution:	[95 out of 134] test cases in the current suite
Test Method:		[testPackage01.Test_NewValidationActions.f18]
################################################################################################################################################
[ReportManager] Element Action [getText] successfully performed. With the following test data [Welcome to the-internet]. @13-02-2021 01:31:48.0381 AM
[ReportManager] Loaded Shared OpenCV @13-02-2021 01:31:48.0543 AM
[ReportManager] AssertElementAttribute PASSED; Expected [Value Should not be 'no' for the 'text' attribute, element locator 'By.tagName: h1'] and Actual [Welcome to the-internet]. Comparison Type [CONTAINS]. Validation Type [NEGATIVE]. @13-02-2021 01:31:48.0629 AM
[ReportManager] Successfully created attachment [Screenshot - 1613179908543_f18_AssertElementAttribute_passed] @13-02-2021 01:31:48.0630 A
[ReportManager] Successfully created attachment [Selenium WebDriver Logs - server] @13-02-2021 01:31:48.0641 AM
[ReportManager] Successfully created attachment [Selenium WebDriver Logs - performance] @13-02-2021 01:31:48.0663 AM
[ReportManager] Successfully created attachment [Selenium WebDriver Logs - browser] @13-02-2021 01:31:48.0670 AM
[ReportManager] Successfully created attachment [Selenium WebDriver Logs - driver] @13-02-2021 01:31:48.0733 AM
[ReportManager] Successfully Closed All Browsers. @13-02-2021 01:31:48.0813 A
[ReportManager] File Action [getAbsolutePath] successfully performed. With the following test data [Relative Folder Path: "target/downloadedFiles/"]. @13-02-2021 01:31:48.0815 AM
[ReportManager] Attempting to run remotely on: [Linux-64], [GoogleChrome], [http://localhost:4444/wd/hub], Headless Execution. @13-02-2021 01:31:48.0816 AM
[ReportManager] Successfully Opened [GoogleChrome]. @13-02-2021 01:31:49.0063 AM
[ReportManager] Target URL: [https://the-internet.herokuapp.com/] @13-02-2021 01:31:49.0075 AM
[ReportManager] Initial URL: [data:,] @13-02-2021 01:31:49.0136 AM
[ReportManager] Browser Action [navigateToURL] successfully performed. With the following test data [https://the-internet.herokuapp.com/]. @13-02-2021 01:31:49.0562 A

################################################################################################################################################
Starting Execution:	[96 out of 134] test cases in the current suite
Test Method:		[testPackage01.Test_NewValidationActions.f19]
################################################################################################################################################
[ReportManager] Element Action [getTagName] successfully performed. With the following test data [h1]. @13-02-2021 01:31:49.0655 AM
[ReportManager] Loaded Shared OpenCV @13-02-2021 01:31:49.0808 AM
[ReportManager] AssertElementAttribute PASSED; Expected [Value Should be 'h' for the 'tagname' attribute, element locator 'By.tagName: h1'] and Actual [h1]. Comparison Type [CONTAINS]. Validation Type [POSITIVE]. @13-02-2021 01:31:49.0896 AM
[ReportManager] Successfully created attachment [Screenshot - 1613179909808_f19_AssertElementAttribute_passed] @13-02-2021 01:31:49.0896 A
[ReportManager] Successfully created attachment [Selenium WebDriver Logs - server] @13-02-2021 01:31:49.0911 AM
[ReportManager] Successfully created attachment [Selenium WebDriver Logs - performance] @13-02-2021 01:31:49.0944 AM
[ReportManager] Successfully created attachment [Selenium WebDriver Logs - browser] @13-02-2021 01:31:49.0950 AM
[ReportManager] Successfully created attachment [Selenium WebDriver Logs - driver] @13-02-2021 01:31:50.0014 AM
[ReportManager] Successfully Closed All Browsers. @13-02-2021 01:31:50.0106 A

################################################################################################################################################
Starting Execution:	[97 out of 134] test cases in the current suite
Test Method:		[testPackage01.Test_NewValidationActions.f2]
################################################################################################################################################
[ReportManager] Checking valid user data... @13-02-2021 01:31:50.0114 AM
[ReportManager] AssertEquals FAILED; Expected [1] and Actual [2]. Comparison Type [EQUALS]. Validation Type [POSITIVE]. @13-02-2021 01:31:50.0114 A
[ReportManager] File Action [getAbsolutePath] successfully performed. With the following test data [Relative Folder Path: "target/downloadedFiles/"]. @13-02-2021 01:31:50.0122 AM
[ReportManager] Attempting to run remotely on: [Linux-64], [GoogleChrome], [http://localhost:4444/wd/hub], Headless Execution. @13-02-2021 01:31:50.0122 AM
[ReportManager] Successfully Opened [GoogleChrome]. @13-02-2021 01:31:50.0372 AM
[ReportManager] Target URL: [https://the-internet.herokuapp.com/] @13-02-2021 01:31:50.0383 AM
[ReportManager] Initial URL: [data:,] @13-02-2021 01:31:50.0422 AM
[ReportManager] Browser Action [navigateToURL] successfully performed. With the following test data [https://the-internet.herokuapp.com/]. @13-02-2021 01:31:50.0820 A

################################################################################################################################################
Starting Execution:	[98 out of 134] test cases in the current suite
Test Method:		[testPackage01.Test_NewValidationActions.f20]
################################################################################################################################################
[ReportManager] Element Action [getSize] successfully performed. With the following test data [(755, 61)]. @13-02-2021 01:31:50.0930 AM
[ReportManager] Loaded Shared OpenCV @13-02-2021 01:31:51.0079 AM
[ReportManager] AssertElementAttribute PASSED; Expected [Value Should not be 'a' for the 'size' attribute, element locator 'By.tagName: h1'] and Actual [(755, 61)]. Comparison Type [CONTAINS]. Validation Type [NEGATIVE]. @13-02-2021 01:31:51.0163 AM
[ReportManager] Successfully created attachment [Screenshot - 1613179911079_f20_AssertElementAttribute_passed] @13-02-2021 01:31:51.0163 A
[ReportManager] Successfully created attachment [Selenium WebDriver Logs - server] @13-02-2021 01:31:51.0173 AM
[ReportManager] Successfully created attachment [Selenium WebDriver Logs - performance] @13-02-2021 01:31:51.0190 AM
[ReportManager] Successfully created attachment [Selenium WebDriver Logs - browser] @13-02-2021 01:31:51.0195 AM
[ReportManager] Successfully created attachment [Selenium WebDriver Logs - driver] @13-02-2021 01:31:51.0243 AM
[ReportManager] Successfully Closed All Browsers. @13-02-2021 01:31:51.0317 A
[ReportManager] File Action [getAbsolutePath] successfully performed. With the following test data [Relative Folder Path: "target/downloadedFiles/"]. @13-02-2021 01:31:51.0321 AM
[ReportManager] Attempting to run remotely on: [Linux-64], [GoogleChrome], [http://localhost:4444/wd/hub], Headless Execution. @13-02-2021 01:31:51.0321 AM
[ReportManager] Successfully Opened [GoogleChrome]. @13-02-2021 01:31:51.0517 AM
[ReportManager] Target URL: [https://the-internet.herokuapp.com/] @13-02-2021 01:31:51.0525 AM
[ReportManager] Initial URL: [data:,] @13-02-2021 01:31:51.0560 AM
[ReportManager] Browser Action [navigateToURL] successfully performed. With the following test data [https://the-internet.herokuapp.com/]. @13-02-2021 01:31:51.0935 A

################################################################################################################################################
Starting Execution:	[99 out of 134] test cases in the current suite
Test Method:		[testPackage01.Test_NewValidationActions.f21]
################################################################################################################################################
[ReportManager] Element Action [identifyUniqueElement] failed. With the following test data [zero elements found matching this locator "By.tagName: h3".]. @13-02-2021 01:31:52.0123 AM
[ReportManager] Successfully created attachment [Screenshot - 1613179912068_f21_identifyUniqueElement_failed] @13-02-2021 01:31:52.0123 AM
[ReportManager] AssertElementAttribute FAILED; Expected [Value Should be 'Welcome' for the 'text' attribute, element locator 'By.tagName: h3'] and Actual [Failed to read the desired element attribute]. Comparison Type [CONTAINS]. Validation Type [POSITIVE]. @13-02-2021 01:31:52.0124 A
[ReportManager] Successfully created attachment [Selenium WebDriver Logs - server] @13-02-2021 01:31:52.0137 AM
[ReportManager] Successfully created attachment [Selenium WebDriver Logs - performance] @13-02-2021 01:31:52.0153 AM
[ReportManager] Successfully created attachment [Selenium WebDriver Logs - browser] @13-02-2021 01:31:52.0158 AM
[ReportManager] Successfully created attachment [Selenium WebDriver Logs - driver] @13-02-2021 01:31:52.0203 AM
[ReportManager] Successfully Closed All Browsers. @13-02-2021 01:31:52.0289 A
[ReportManager] File Action [getAbsolutePath] successfully performed. With the following test data [Relative Folder Path: "target/downloadedFiles/"]. @13-02-2021 01:31:52.0290 AM
[ReportManager] Attempting to run remotely on: [Linux-64], [GoogleChrome], [http://localhost:4444/wd/hub], Headless Execution. @13-02-2021 01:31:52.0290 AM
[ReportManager] Successfully Opened [GoogleChrome]. @13-02-2021 01:31:52.0543 AM
[ReportManager] Target URL: [https://the-internet.herokuapp.com/] @13-02-2021 01:31:52.0561 AM
[ReportManager] Initial URL: [data:,] @13-02-2021 01:31:52.0595 AM
[ReportManager] Browser Action [navigateToURL] successfully performed. With the following test data [https://the-internet.herokuapp.com/]. @13-02-2021 01:31:52.0943 A

################################################################################################################################################
Starting Execution:	[100 out of 134] test cases in the current suite
Test Method:		[testPackage01.Test_NewValidationActions.f22]
################################################################################################################################################
[ReportManager] Element Action [getText] successfully performed. With the following test data [Welcome to the-internet]. @13-02-2021 01:31:53.0036 AM
[ReportManager] Loaded Shared OpenCV @13-02-2021 01:31:53.0165 AM
[ReportManager] AssertElementAttribute FAILED; Expected [Value Should be 'yyy' for the 'text' attribute, element locator 'By.tagName: h1'] and Actual [Welcome to the-internet]. Comparison Type [CONTAINS]. Validation Type [POSITIVE]. @13-02-2021 01:31:53.0239 AM
[ReportManager] Successfully created attachment [Screenshot - 1613179913165_f22_AssertElementAttribute_failed] @13-02-2021 01:31:53.0240 A
[ReportManager] Successfully created attachment [Selenium WebDriver Logs - server] @13-02-2021 01:31:53.0251 AM
[ReportManager] Successfully created attachment [Selenium WebDriver Logs - performance] @13-02-2021 01:31:53.0269 AM
[ReportManager] Successfully created attachment [Selenium WebDriver Logs - browser] @13-02-2021 01:31:53.0275 AM
[ReportManager] Successfully created attachment [Selenium WebDriver Logs - driver] @13-02-2021 01:31:53.0319 AM
[ReportManager] Successfully Closed All Browsers. @13-02-2021 01:31:53.0392 A

################################################################################################################################################
Starting Execution:	[101 out of 134] test cases in the current suite
Test Method:		[testPackage01.Test_NewValidationActions.f23]
################################################################################################################################################
[ReportManager] confirming that the actual is greater than or equal to the expected... @13-02-2021 01:31:53.0397 AM
[ReportManager] AssertComparativeRelation PASSED; Expected [1] and Actual [1]. Comparison Type [GREATER_THAN_OR_EQUALS]. Validation Type [POSITIVE]. @13-02-2021 01:31:53.0397 A

################################################################################################################################################
Starting Execution:	[102 out of 134] test cases in the current suite
Test Method:		[testPackage01.Test_NewValidationActions.f24]
################################################################################################################################################
[ReportManager] AssertComparativeRelation PASSED; Expected [1] and Actual [10]. Comparison Type [GREATER_THAN_OR_EQUALS]. Validation Type [POSITIVE]. @13-02-2021 01:31:53.0400 A

################################################################################################################################################
Starting Execution:	[103 out of 134] test cases in the current suite
Test Method:		[testPackage01.Test_NewValidationActions.f25]
################################################################################################################################################
[ReportManager] AssertComparativeRelation PASSED; Expected [1] and Actual [1]. Comparison Type [EQUALS]. Validation Type [POSITIVE]. @13-02-2021 01:31:53.0405 A

################################################################################################################################################
Starting Execution:	[104 out of 134] test cases in the current suite
Test Method:		[testPackage01.Test_NewValidationActions.f26]
################################################################################################################################################
[ReportManager] AssertComparativeRelation PASSED; Expected [1] and Actual [5]. Comparison Type [GREATER_THAN]. Validation Type [POSITIVE]. @13-02-2021 01:31:53.0407 A

################################################################################################################################################
Starting Execution:	[105 out of 134] test cases in the current suite
Test Method:		[testPackage01.Test_NewValidationActions.f27]
################################################################################################################################################
[ReportManager] AssertComparativeRelation PASSED; Expected [11] and Actual [5]. Comparison Type [LESS_THAN]. Validation Type [POSITIVE]. @13-02-2021 01:31:53.0410 A

################################################################################################################################################
Starting Execution:	[106 out of 134] test cases in the current suite
Test Method:		[testPackage01.Test_NewValidationActions.f28]
################################################################################################################################################
[ReportManager] AssertComparativeRelation PASSED; Expected [11] and Actual [5]. Comparison Type [LESS_THAN_OR_EQUALS]. Validation Type [POSITIVE]. @13-02-2021 01:31:53.0413 A

################################################################################################################################################
Starting Execution:	[107 out of 134] test cases in the current suite
Test Method:		[testPackage01.Test_NewValidationActions.f29]
################################################################################################################################################
[ReportManager] AssertComparativeRelation PASSED; Expected [11] and Actual [11]. Comparison Type [LESS_THAN_OR_EQUALS]. Validation Type [POSITIVE]. @13-02-2021 01:31:53.0416 A

################################################################################################################################################
Starting Execution:	[108 out of 134] test cases in the current suite
Test Method:		[testPackage01.Test_NewValidationActions.f3]
################################################################################################################################################
[ReportManager] AssertEquals PASSED; Expected [1] and Actual [2]. Comparison Type [EQUALS]. Validation Type [NEGATIVE]. @13-02-2021 01:31:53.0418 A

################################################################################################################################################
Starting Execution:	[109 out of 134] test cases in the current suite
Test Method:		[testPackage01.Test_NewValidationActions.f30]
################################################################################################################################################
[ReportManager] AssertComparativeRelation FAILED; Expected [-9] and Actual [11]. Comparison Type [LESS_THAN_OR_EQUALS]. Validation Type [POSITIVE]. @13-02-2021 01:31:53.0420 A

################################################################################################################################################
Starting Execution:	[110 out of 134] test cases in the current suite
Test Method:		[testPackage01.Test_NewValidationActions.f31]
################################################################################################################################################
[ReportManager] AssertTrue PASSED; Expected [TRUE] and Actual [TRUE]. Validation Type [POSITIVE]. @13-02-2021 01:31:53.0423 A

################################################################################################################################################
Starting Execution:	[111 out of 134] test cases in the current suite
Test Method:		[testPackage01.Test_NewValidationActions.f32]
################################################################################################################################################
[ReportManager] AssertTrue PASSED; Expected [FALSE] and Actual [FALSE]. Validation Type [NEGATIVE]. @13-02-2021 01:31:53.0425 A

################################################################################################################################################
Starting Execution:	[112 out of 134] test cases in the current suite
Test Method:		[testPackage01.Test_NewValidationActions.f33]
################################################################################################################################################
[ReportManager] AssertTrue FAILED; Expected [FALSE] and Actual [TRUE]. Validation Type [NEGATIVE]. @13-02-2021 01:31:53.0428 A

################################################################################################################################################
Starting Execution:	[113 out of 134] test cases in the current suite
Test Method:		[testPackage01.Test_NewValidationActions.f34]
################################################################################################################################################
[ReportManager] AssertTrue FAILED; Expected [TRUE] and Actual [FALSE]. Validation Type [POSITIVE]. @13-02-2021 01:31:53.0431 A

################################################################################################################################################
Starting Execution:	[114 out of 134] test cases in the current suite
Test Method:		[testPackage01.Test_NewValidationActions.f35]
################################################################################################################################################
[ReportManager] File Action [doesFileExist] successfully performed. With the following test data [File Path: "pom.xml"]. @13-02-2021 01:31:53.0434 AM
[ReportManager] AssertFileExists PASSED; Expected [File 'pom.xml' should exist, after up to '1' retries] and Actual [File exists]. Validation Type [POSITIVE]. @13-02-2021 01:31:53.0434 A

################################################################################################################################################
Starting Execution:	[115 out of 134] test cases in the current suite
Test Method:		[testPackage01.Test_NewValidationActions.f36]
################################################################################################################################################
[ReportManager] File Action [doesFileExist] successfully performed. With the following test data [File Path: "src/test/java/testPackage01/Test_NewValidationActions.java"]. @13-02-2021 01:31:53.0437 AM
[ReportManager] AssertFileExists PASSED; Expected [File 'src/test/java/testPackage01/Test_NewValidationActions.java' should exist, after up to '1' retries] and Actual [File exists]. Validation Type [POSITIVE]. @13-02-2021 01:31:53.0437 A

################################################################################################################################################
Starting Execution:	[116 out of 134] test cases in the current suite
Test Method:		[testPackage01.Test_NewValidationActions.f37]
################################################################################################################################################
[ReportManager] confirming that the file does't exist after 5 retries... @13-02-2021 01:31:53.0439 AM
[ReportManager] File Action [doesFileExist] successfully performed. With the following test data [File Path: "pom.xml"]. @13-02-2021 01:31:53.0439 AM
[ReportManager] AssertFileExists FAILED; Expected [File 'pom.xml' should not exist, after up to '5' retries] and Actual [File exists]. Validation Type [NEGATIVE]. @13-02-2021 01:31:53.0440 A

################################################################################################################################################
Starting Execution:	[117 out of 134] test cases in the current suite
Test Method:		[testPackage01.Test_NewValidationActions.f3_1]
################################################################################################################################################
[ReportManager] Checking valid user data... @13-02-2021 01:31:53.0443 AM
[ReportManager] AssertEquals PASSED; Expected [null] and Actual [null]. Comparison Type [EQUALS]. Validation Type [POSITIVE]. @13-02-2021 01:31:53.0443 A

################################################################################################################################################
Starting Execution:	[118 out of 134] test cases in the current suite
Test Method:		[testPackage01.Test_NewValidationActions.f4]
################################################################################################################################################
[ReportManager] AssertEquals PASSED; Expected [1] and Actual [123]. Comparison Type [CONTAINS]. Validation Type [POSITIVE]. @13-02-2021 01:31:53.0447 A

################################################################################################################################################
Starting Execution:	[119 out of 134] test cases in the current suite
Test Method:		[testPackage01.Test_NewValidationActions.f5]
################################################################################################################################################
[ReportManager] AssertNull PASSED; Expected [NULL] and Actual [1]. Comparison Type [EQUALS]. Validation Type [NEGATIVE]. @13-02-2021 01:31:53.0450 A

################################################################################################################################################
Starting Execution:	[120 out of 134] test cases in the current suite
Test Method:		[testPackage01.Test_NewValidationActions.f6]
################################################################################################################################################
[ReportManager] Making sure that null string is not equal to null object... @13-02-2021 01:31:53.0459 AM
[ReportManager] AssertNull FAILED; Expected [NULL] and Actual [NULL]. Comparison Type [EQUALS]. Validation Type [POSITIVE]. @13-02-2021 01:31:53.0459 A

################################################################################################################################################
Starting Execution:	[121 out of 134] test cases in the current suite
Test Method:		[testPackage01.Test_NewValidationActions.f6_1]
################################################################################################################################################
[ReportManager] AssertNull FAILED; Expected [NULL] and Actual [NULL]. Comparison Type [EQUALS]. Validation Type [NEGATIVE]. @13-02-2021 01:31:53.0463 A

################################################################################################################################################
Starting Execution:	[122 out of 134] test cases in the current suite
Test Method:		[testPackage01.Test_NewValidationActions.f6_2]
################################################################################################################################################
[ReportManager] Making sure that null string is not equal to null object... @13-02-2021 01:31:53.0465 AM
[ReportManager] AssertNull FAILED; Expected [NULL] and Actual [not null]. Comparison Type [EQUALS]. Validation Type [POSITIVE]. @13-02-2021 01:31:53.0465 A

################################################################################################################################################
Starting Execution:	[123 out of 134] test cases in the current suite
Test Method:		[testPackage01.Test_NewValidationActions.f7]
################################################################################################################################################
[ReportManager] AssertNull PASSED; Expected [NULL] and Actual [NULL]. Comparison Type [EQUALS]. Validation Type [POSITIVE]. @13-02-2021 01:31:53.0467 A
[ReportManager] File Action [getAbsolutePath] successfully performed. With the following test data [Relative Folder Path: "target/downloadedFiles/"]. @13-02-2021 01:31:53.0468 AM
[ReportManager] Attempting to run remotely on: [Linux-64], [GoogleChrome], [http://localhost:4444/wd/hub], Headless Execution. @13-02-2021 01:31:53.0468 AM
[ReportManager] Successfully Opened [GoogleChrome]. @13-02-2021 01:31:53.0675 AM
[ReportManager] Target URL: [https://the-internet.herokuapp.com/] @13-02-2021 01:31:53.0687 AM
[ReportManager] Initial URL: [data:,] @13-02-2021 01:31:53.0721 AM
[ReportManager] Browser Action [navigateToURL] successfully performed. With the following test data [https://the-internet.herokuapp.com/]. @13-02-2021 01:31:54.0078 A

################################################################################################################################################
Starting Execution:	[124 out of 134] test cases in the current suite
Test Method:		[testPackage01.Test_NewValidationActions.f8]
################################################################################################################################################
[ReportManager] Loaded Shared OpenCV @13-02-2021 01:31:54.0289 AM
[ReportManager] AssertElementExists PASSED; Expected [Element Should Exist, locator 'By.tagName: h1'] and Actual [Element Exists]. Comparison Type [EQUALS]. Validation Type [POSITIVE]. @13-02-2021 01:31:54.0373 AM
[ReportManager] Successfully created attachment [Screenshot - 1613179914289_f8_AssertElementExists_passed] @13-02-2021 01:31:54.0373 A
[ReportManager] Successfully created attachment [Selenium WebDriver Logs - server] @13-02-2021 01:31:54.0391 AM
[ReportManager] Successfully created attachment [Selenium WebDriver Logs - performance] @13-02-2021 01:31:54.0413 AM
[ReportManager] Successfully created attachment [Selenium WebDriver Logs - browser] @13-02-2021 01:31:54.0420 AM
[ReportManager] Successfully created attachment [Selenium WebDriver Logs - driver] @13-02-2021 01:31:54.0471 AM
[ReportManager] Successfully Closed All Browsers. @13-02-2021 01:31:54.0549 A
[ReportManager] File Action [getAbsolutePath] successfully performed. With the following test data [Relative Folder Path: "target/downloadedFiles/"]. @13-02-2021 01:31:54.0558 AM
[ReportManager] Attempting to run remotely on: [Linux-64], [GoogleChrome], [http://localhost:4444/wd/hub], Headless Execution. @13-02-2021 01:31:54.0558 AM
[ReportManager] Successfully Opened [GoogleChrome]. @13-02-2021 01:31:54.0806 AM
[ReportManager] Target URL: [https://the-internet.herokuapp.com/] @13-02-2021 01:31:54.0817 AM
[ReportManager] Initial URL: [data:,] @13-02-2021 01:31:54.0855 AM
[ReportManager] Browser Action [navigateToURL] successfully performed. With the following test data [https://the-internet.herokuapp.com/]. @13-02-2021 01:31:55.0232 A

################################################################################################################################################
Starting Execution:	[125 out of 134] test cases in the current suite
Test Method:		[testPackage01.Test_NewValidationActions.f9]
################################################################################################################################################
[ReportManager] AssertElementExists FAILED; Expected [Element Should Exist, locator 'By.tagName: h3'] and Actual [Element Doesn't Exists]. Comparison Type [EQUALS]. Validation Type [POSITIVE]. @13-02-2021 01:31:55.0468 AM
[ReportManager] Successfully created attachment [Screenshot - 1613179915405_f9_AssertElementExists_failed] @13-02-2021 01:31:55.0469 A
[ReportManager] Successfully created attachment [Selenium WebDriver Logs - server] @13-02-2021 01:31:55.0485 AM
[ReportManager] Successfully created attachment [Selenium WebDriver Logs - performance] @13-02-2021 01:31:55.0509 AM
[ReportManager] Successfully created attachment [Selenium WebDriver Logs - browser] @13-02-2021 01:31:55.0516 AM
[ReportManager] Successfully created attachment [Selenium WebDriver Logs - driver] @13-02-2021 01:31:55.0566 AM
[ReportManager] Successfully Closed All Browsers. @13-02-2021 01:31:55.0643 A

################################################################################################################################################
Starting Execution:	[126 out of 134] test cases in the current suite
Test Method:		[testPackage01.Test_NewValidationActions.forceFail]
################################################################################################################################################
[ReportManager] AssertFail FAILED; Expected [null] and Actual [null]. @13-02-2021 01:31:55.0648 A

################################################################################################################################################
Starting Execution:	[127 out of 134] test cases in the current suite
Test Method:		[testPackage01.Test_NewValidationActions.forceFail2]
################################################################################################################################################
[ReportManager] Custom Message... @13-02-2021 01:31:55.0652 AM
[ReportManager] AssertFail FAILED; Expected [null] and Actual [null]. @13-02-2021 01:31:55.0652 A
[ReportManager] File Action [getAbsolutePath] successfully performed. With the following test data [Relative Folder Path: "target/downloadedFiles/"]. @13-02-2021 01:31:55.0657 AM
[ReportManager] Attempting to run remotely on: [Linux-64], [GoogleChrome], [http://localhost:4444/wd/hub], Headless Execution. @13-02-2021 01:31:55.0657 AM
[ReportManager] Successfully Opened [GoogleChrome]. @13-02-2021 01:31:55.0848 A

################################################################################################################################################
Starting Execution:	[128 out of 134] test cases in the current suite
Test Method:		[testPackage01.Test_ShadowDOM.shadowdom]
################################################################################################################################################
[ReportManager] Target URL: [https://mdn.github.io/web-components-examples/popup-info-box-web-component/] @13-02-2021 01:31:55.0871 AM
[ReportManager] Initial URL: [data:,] @13-02-2021 01:31:55.0923 AM
[ReportManager] Browser Action [navigateToURL] successfully performed. With the following test data [https://mdn.github.io/web-components-examples/popup-info-box-web-component/]. @13-02-2021 01:31:56.0143 AM
[ReportManager] Element Action [type] successfully performed. With the following test data [Typing into SHADOW DOM...]. @13-02-2021 01:31:56.0934 AM
[ReportManager] Element Action [getText] successfully performed. With the following test data [Typing into SHADOW DOM...]. @13-02-2021 01:31:57.0048 AM
[ReportManager] Loaded Shared OpenCV @13-02-2021 01:31:57.0185 AM
[ReportManager] AssertElementAttribute PASSED; Expected [Value Should be 'Typing into SHADOW DOM...' for the 'Text' attribute, element locator 'By.id: cvc'] and Actual [Typing into SHADOW DOM...]. Comparison Type [EQUALS]. Validation Type [POSITIVE]. @13-02-2021 01:31:57.0257 AM
[ReportManager] Successfully created attachment [Screenshot - 1613179917185_shadowdom_AssertElementAttribute_passed] @13-02-2021 01:31:57.0258 A
[ReportManager] Successfully created attachment [Selenium WebDriver Logs - server] @13-02-2021 01:31:57.0300 AM
[ReportManager] Successfully created attachment [Selenium WebDriver Logs - performance] @13-02-2021 01:31:57.0311 AM
[ReportManager] Successfully created attachment [Selenium WebDriver Logs - browser] @13-02-2021 01:31:57.0318 AM
[ReportManager] Successfully created attachment [Selenium WebDriver Logs - driver] @13-02-2021 01:31:57.0390 AM
[ReportManager] Browser Action [closeCurrentWindow] successfully performed. @13-02-2021 01:31:57.0446 AM
[ReportManager] Successfully created attachment [Browser Action Test Data - closeCurrentWindow - Actual Value] @13-02-2021 01:31:57.0446 A

################################################################################################################################################
Starting Execution:	[129 out of 134] test cases in the current suite
Test Method:		[testPackage01.Test_chainableElementActions.chainElementActions]
################################################################################################################################################
[ReportManager] File Action [getAbsolutePath] successfully performed. With the following test data [Relative Folder Path: "target/downloadedFiles/"]. @13-02-2021 01:31:57.0484 AM
[ReportManager] Attempting to run remotely on: [Linux-64], [GoogleChrome], [http://localhost:4444/wd/hub], Headless Execution. @13-02-2021 01:31:57.0484 AM
[ReportManager] Successfully Opened [GoogleChrome]. @13-02-2021 01:31:57.0723 AM
[ReportManager] Target URL: [https://www.google.com/ncr], and after redirection: [https://www.google.com] @13-02-2021 01:31:57.0747 AM
[ReportManager] Initial URL: [data:,] @13-02-2021 01:31:57.0795 AM
[ReportManager] Browser Action [navigateToURL] successfully performed. With the following test data [https://www.google.com/ncr]. @13-02-2021 01:31:58.0621 AM
[ReportManager] Element Action [type] successfully performed. With the following test data [chained type 1]. @13-02-2021 01:31:59.0132 AM
[ReportManager] Element Action [type] successfully performed. With the following test data [chained type 2]. @13-02-2021 01:31:59.0710 AM
[ReportManager] Element Action [typeAppend] successfully performed. With the following test data [345]. @13-02-2021 01:31:59.0874 AM
[ReportManager] Element Action [getText] successfully performed. With the following test data [chained type 2345]. @13-02-2021 01:32:00.0011 AM
[ReportManager] Loaded Shared OpenCV @13-02-2021 01:32:00.0177 AM
[ReportManager] AssertElementAttribute PASSED; Expected [Value Should be 'chained type 2345' for the 'text' attribute, element locator 'By.name: q'] and Actual [chained type 2345]. Comparison Type [EQUALS]. Validation Type [POSITIVE]. @13-02-2021 01:32:00.0248 AM
[ReportManager] Successfully created attachment [Screenshot - 1613179920177_chainElementActions_AssertElementAttribute_passed] @13-02-2021 01:32:00.0249 AM
[ReportManager] Successfully created attachment [Selenium WebDriver Logs - server] @13-02-2021 01:32:00.0318 AM
[ReportManager] Successfully created attachment [Selenium WebDriver Logs - performance] @13-02-2021 01:32:00.0468 AM
[ReportManager] Successfully created attachment [Selenium WebDriver Logs - driver] @13-02-2021 01:32:00.0650 AM
[ReportManager] Browser Action [closeCurrentWindow] successfully performed. @13-02-2021 01:32:00.0708 AM
[ReportManager] Successfully created attachment [Browser Action Test Data - closeCurrentWindow - Actual Value] @13-02-2021 01:32:00.0709 A

################################################################################################################################################
Starting Execution:	[130 out of 134] test cases in the current suite
Test Method:		[testPackage01.Test_SelectedValue.multipleSelect]
################################################################################################################################################
[ReportManager] File Action [getAbsolutePath] successfully performed. With the following test data [Relative Folder Path: "target/downloadedFiles/"]. @13-02-2021 01:32:00.0721 AM
[ReportManager] Attempting to run remotely on: [Linux-64], [GoogleChrome], [http://localhost:4444/wd/hub], Headless Execution. @13-02-2021 01:32:00.0721 AM
[ReportManager] Successfully Opened [GoogleChrome]. @13-02-2021 01:32:00.0911 AM
[ReportManager] Target URL: [https://mdn.mozillademos.org/en-US/docs/Web/HTML/Element/select$samples/Advanced_select_with_multiple_features?revision=1612304] @13-02-2021 01:32:00.0919 AM
[ReportManager] Initial URL: [data:,] @13-02-2021 01:32:00.0959 AM
[ReportManager] Browser Action [navigateToURL] successfully performed. With the following test data [https://mdn.mozillademos.org/en-US/docs/Web/HTML/Element/select$samples/Advanced_select_with_multiple_features?revision=1612304]. @13-02-2021 01:32:01.0218 AM
[ReportManager] Element Action [select] successfully performed. With the following test data [Dog]. @13-02-2021 01:32:01.0434 AM
[ReportManager] Element Action [select] successfully performed. With the following test data [Cat]. @13-02-2021 01:32:01.0666 AM
[ReportManager] Element Action [getSelectedText] successfully performed. With the following test data [DogCat]. @13-02-2021 01:32:01.0808 AM
[ReportManager] DogCat @13-02-2021 01:32:01.0808 AM
[ReportManager] Element Action [getSelectedText] successfully performed. With the following test data [DogCat]. @13-02-2021 01:32:01.0948 AM
[ReportManager] Loaded Shared OpenCV @13-02-2021 01:32:02.0061 AM
[ReportManager] AssertElementAttribute PASSED; Expected [Value Should be 'DogCat' for the 'selectedText' attribute, element locator 'By.tagName: select'] and Actual [DogCat]. Comparison Type [EQUALS]. Validation Type [POSITIVE]. @13-02-2021 01:32:02.0118 AM
[ReportManager] Successfully created attachment [Screenshot - 1613179922061_multipleSelect_AssertElementAttribute_passed] @13-02-2021 01:32:02.0119 AM
[ReportManager] Successfully created attachment [Selenium WebDriver Logs - server] @13-02-2021 01:32:02.0151 AM
[ReportManager] Successfully created attachment [Selenium WebDriver Logs - performance] @13-02-2021 01:32:02.0159 AM
[ReportManager] Successfully created attachment [Selenium WebDriver Logs - driver] @13-02-2021 01:32:02.0240 AM
[ReportManager] Browser Action [closeCurrentWindow] successfully performed. @13-02-2021 01:32:02.0297 AM
[ReportManager] Successfully created attachment [Browser Action Test Data - closeCurrentWindow - Actual Value] @13-02-2021 01:32:02.0297 A

################################################################################################################################################
Starting Execution:	[131 out of 134] test cases in the current suite
Test Method:		[testPackage01.Test_SelectedValue.simpleSelect]
################################################################################################################################################
[ReportManager] File Action [getAbsolutePath] successfully performed. With the following test data [Relative Folder Path: "target/downloadedFiles/"]. @13-02-2021 01:32:02.0304 AM
[ReportManager] Attempting to run remotely on: [Linux-64], [GoogleChrome], [http://localhost:4444/wd/hub], Headless Execution. @13-02-2021 01:32:02.0305 AM
[ReportManager] Successfully Opened [GoogleChrome]. @13-02-2021 01:32:02.0486 AM
[ReportManager] Target URL: [https://mdn.mozillademos.org/en-US/docs/Web/HTML/Element/select$samples/Basic_select?revision=1612304] @13-02-2021 01:32:02.0494 AM
[ReportManager] Initial URL: [data:,] @13-02-2021 01:32:02.0540 AM
[ReportManager] Browser Action [navigateToURL] successfully performed. With the following test data [https://mdn.mozillademos.org/en-US/docs/Web/HTML/Element/select$samples/Basic_select?revision=1612304]. @13-02-2021 01:32:02.0989 AM
[ReportManager] Element Action [select] successfully performed. With the following test data [Third Value]. @13-02-2021 01:32:03.0317 AM
[ReportManager] Element Action [getSelectedText] successfully performed. With the following test data [Third Value]. @13-02-2021 01:32:03.0422 AM
[ReportManager] Third Value @13-02-2021 01:32:03.0422 AM
[ReportManager] Element Action [getSelectedText] successfully performed. With the following test data [Third Value]. @13-02-2021 01:32:03.0528 AM
[ReportManager] Loaded Shared OpenCV @13-02-2021 01:32:03.0641 AM
[ReportManager] AssertElementAttribute PASSED; Expected [Value Should be 'Third Value' for the 'selectedText' attribute, element locator 'By.tagName: select'] and Actual [Third Value]. Comparison Type [EQUALS]. Validation Type [POSITIVE]. @13-02-2021 01:32:03.0695 AM
[ReportManager] Successfully created attachment [Screenshot - 1613179923641_simpleSelect_AssertElementAttribute_passed] @13-02-2021 01:32:03.0695 AM
[ReportManager] Successfully created attachment [Selenium WebDriver Logs - server] @13-02-2021 01:32:03.0728 AM
[ReportManager] Successfully created attachment [Selenium WebDriver Logs - performance] @13-02-2021 01:32:03.0735 AM
[ReportManager] Successfully created attachment [Selenium WebDriver Logs - driver] @13-02-2021 01:32:03.0808 AM
[ReportManager] Browser Action [closeCurrentWindow] successfully performed. @13-02-2021 01:32:03.0867 AM
[ReportManager] Successfully created attachment [Browser Action Test Data - closeCurrentWindow - Actual Value] @13-02-2021 01:32:03.0868 A
[ReportManager] File Action [getAbsolutePath] successfully performed. With the following test data [Relative Folder Path: "target/downloadedFiles/"]. @13-02-2021 01:32:03.0869 AM
[ReportManager] Attempting to run remotely on: [Linux-64], [GoogleChrome], [http://localhost:4444/wd/hub], Headless Execution. @13-02-2021 01:32:03.0869 AM
[ReportManager] Successfully Opened [GoogleChrome]. @13-02-2021 01:32:04.0138 A

################################################################################################################################################
Starting Execution:	[132 out of 134] test cases in the current suite
Test Method:		[testPackage01.Test_clipboardActions.typeTextAndCopyPaste]
################################################################################################################################################
[ReportManager] Target URL: [https://www.google.com/ncr], and after redirection: [https://www.google.com] @13-02-2021 01:32:04.0170 AM
[ReportManager] Initial URL: [data:,] @13-02-2021 01:32:04.0213 AM
[ReportManager] Browser Action [navigateToURL] successfully performed. With the following test data [https://www.google.com/ncr]. @13-02-2021 01:32:04.0999 AM
[ReportManager] Element Action [type] successfully performed. With the following test data [FIRST]. @13-02-2021 01:32:05.0415 AM
[ReportManager] Element Action [clipboardActions] successfully performed. With the following test data [select all]. @13-02-2021 01:32:05.0489 AM
[ReportManager] Element Action [clipboardActions] successfully performed. With the following test data [copy]. @13-02-2021 01:32:05.0572 AM
[ReportManager] Element Action [clipboardActions] successfully performed. With the following test data [unselect]. @13-02-2021 01:32:05.0650 AM
[ReportManager] Element Action [clipboardActions] successfully performed. With the following test data [paste]. @13-02-2021 01:32:05.0729 AM
[ReportManager] Element Action [clipboardActions] successfully performed. With the following test data [select all]. @13-02-2021 01:32:05.0803 AM
[ReportManager] Element Action [clipboardActions] successfully performed. With the following test data [cut]. @13-02-2021 01:32:05.0895 AM
[ReportManager] Element Action [clipboardActions] successfully performed. With the following test data [paste]. @13-02-2021 01:32:06.0005 AM
[ReportManager] Element Action [clipboardActions] successfully performed. With the following test data [paste]. @13-02-2021 01:32:06.0090 A
[ReportManager] Successfully created attachment [Selenium WebDriver Logs - server] @13-02-2021 01:32:06.0165 AM
[ReportManager] Successfully created attachment [Selenium WebDriver Logs - performance] @13-02-2021 01:32:06.0232 AM
[ReportManager] Successfully created attachment [Selenium WebDriver Logs - driver] @13-02-2021 01:32:06.0371 AM
[ReportManager] Browser Action [closeCurrentWindow] successfully performed. @13-02-2021 01:32:06.0430 AM
[ReportManager] Successfully created attachment [Browser Action Test Data - closeCurrentWindow - Actual Value] @13-02-2021 01:32:06.0430 A
[ReportManager] File Action [getAbsolutePath] successfully performed. With the following test data [Relative Folder Path: "target/downloadedFiles/"]. @13-02-2021 01:32:06.0432 AM
[ReportManager] Attempting to run remotely on: [Linux-64], [GoogleChrome], [http://localhost:4444/wd/hub], Headless Execution. @13-02-2021 01:32:06.0432 AM
[ReportManager] Successfully Opened [GoogleChrome]. @13-02-2021 01:32:06.0615 A

################################################################################################################################################
Starting Execution:	[133 out of 134] test cases in the current suite
Test Method:		[testPackage01.Test_uploadFile.uploadFile_invisibleUploadInput]
################################################################################################################################################
[ReportManager] Target URL: [https://fineuploader.com/demos.html#gallery-view] @13-02-2021 01:32:06.0626 AM
[ReportManager] Initial URL: [data:,] @13-02-2021 01:32:06.0687 AM
[ReportManager] Browser Action [navigateToURL] successfully performed. With the following test data [https://fineuploader.com/demos.html#gallery-view]. @13-02-2021 01:32:08.0575 AM
[ReportManager] File Action [getAbsolutePath] successfully performed. With the following test data [Relative File Path: "src/main/resources/images/shaft.png"]. @13-02-2021 01:32:08.0575 AM
[ReportManager] Successfully created attachment [File Action Actual Result - Command Log] @13-02-2021 01:32:08.0576 AM
[ReportManager] Element Action [typeFileLocationForUpload] successfully performed. With the following test data [/home/runner/work/SHAFT_ENGINE/SHAFT_ENGINE/src/main/resources/images/shaft.png]. @13-02-2021 01:32:08.0745 AM
[ReportManager] Attempting to getAttribute [src] from elementLocator [By.xpath: //div[@id='fine-uploader-gallery']//div[@class='qq-thumbnail-wrapper']/img]. @13-02-2021 01:32:08.0745 AM
[ReportManager] Element Action [getAttribute] successfully performed. @13-02-2021 01:32:08.0852 AM
[ReportManager] Successfully created attachment [Element Action Test Data - getAttribute - Actual Value] @13-02-2021 01:32:08.0853 AM
[ReportManager] Loaded Shared OpenCV @13-02-2021 01:32:08.0983 AM
[ReportManager] AssertElementAttribute PASSED; Expected and Actual values are attached. Comparison Type [CONTAINS]. Validation Type [POSITIVE]. @13-02-2021 01:32:09.0056 AM
[ReportManager] Successfully created attachment [Validation Test Data - Expected Value] @13-02-2021 01:32:09.0056 AM
[ReportManager] Successfully created attachment [Validation Test Data - Actual Value] @13-02-2021 01:32:09.0056 AM
[ReportManager] Successfully created attachment [Screenshot - 1613179928983_uploadFile_invisibleUploadInput_AssertElementAttribute_passed] @13-02-2021 01:32:09.0057 A
[ReportManager] Successfully created attachment [Selenium WebDriver Logs - server] @13-02-2021 01:32:09.0148 AM
[ReportManager] Successfully created attachment [Selenium WebDriver Logs - performance] @13-02-2021 01:32:09.0218 AM
[ReportManager] Successfully created attachment [Selenium WebDriver Logs - browser] @13-02-2021 01:32:09.0227 AM
[ReportManager] Successfully created attachment [Selenium WebDriver Logs - driver] @13-02-2021 01:32:09.0356 AM
[ReportManager] Browser Action [closeCurrentWindow] successfully performed. @13-02-2021 01:32:09.0412 AM
[ReportManager] Successfully created attachment [Browser Action Test Data - closeCurrentWindow - Actual Value] @13-02-2021 01:32:09.0413 A
[ReportManager] File Action [getAbsolutePath] successfully performed. With the following test data [Relative Folder Path: "target/downloadedFiles/"]. @13-02-2021 01:32:09.0415 AM
[ReportManager] Attempting to run remotely on: [Linux-64], [GoogleChrome], [http://localhost:4444/wd/hub], Headless Execution. @13-02-2021 01:32:09.0415 AM
[ReportManager] Successfully Opened [GoogleChrome]. @13-02-2021 01:32:09.0598 A

################################################################################################################################################
Starting Execution:	[134 out of 134] test cases in the current suite
Test Method:		[testPackage01.Test_uploadFile.uploadFile_visibleUploadInput]
################################################################################################################################################
[ReportManager] Target URL: [http://demo.guru99.com/test/upload/] @13-02-2021 01:32:09.0618 AM
[ReportManager] Initial URL: [data:,] @13-02-2021 01:32:09.0657 AM
[ReportManager] Browser Action [navigateToURL] successfully performed. With the following test data [http://demo.guru99.com/test/upload/]. @13-02-2021 01:32:10.0899 AM
[ReportManager] File Action [getAbsolutePath] successfully performed. With the following test data [Relative File Path: "src/main/resources/images/shaft.png"]. @13-02-2021 01:32:10.0900 AM
[ReportManager] Successfully created attachment [File Action Actual Result - Command Log] @13-02-2021 01:32:10.0900 AM
[ReportManager] Element Action [typeFileLocationForUpload] successfully performed. With the following test data [/home/runner/work/SHAFT_ENGINE/SHAFT_ENGINE/src/main/resources/images/shaft.png]. @13-02-2021 01:32:11.0046 AM
[ReportManager] Element Action [click] successfully performed. With the following test data [on]. @13-02-2021 01:32:11.0379 AM
[ReportManager] Element Action [click] successfully performed. With the following test data [Submit File]. @13-02-2021 01:32:11.0686 AM
[ReportManager] Element Action [getText] successfully performed. With the following test data [1 file
has been successfully uploaded.]. @13-02-2021 01:32:12.0314 AM
[ReportManager] Loaded Shared OpenCV @13-02-2021 01:32:12.0436 AM
[ReportManager] AssertElementAttribute PASSED; Expected [Value Should be '1 file' for the 'Text' attribute, element locator 'By.id: res'] and Actual [1 file
has been successfully uploaded.]. Comparison Type [CONTAINS]. Validation Type [POSITIVE]. @13-02-2021 01:32:12.0499 AM
[ReportManager] Successfully created attachment [Screenshot - 1613179932436_uploadFile_visibleUploadInput_AssertElementAttribute_passed] @13-02-2021 01:32:12.0499 A
[ReportManager] Successfully created attachment [Selenium WebDriver Logs - server] @13-02-2021 01:32:12.0561 AM
[ReportManager] Successfully created attachment [Selenium WebDriver Logs - performance] @13-02-2021 01:32:12.0632 AM
[ReportManager] Successfully created attachment [Selenium WebDriver Logs - browser] @13-02-2021 01:32:12.0640 AM
[ReportManager] Successfully created attachment [Selenium WebDriver Logs - driver] @13-02-2021 01:32:12.0847 AM
[ReportManager] Browser Action [closeCurrentWindow] successfully performed. @13-02-2021 01:32:12.0902 AM
[ReportManager] Successfully created attachment [Browser Action Test Data - closeCurrentWindow - Actual Value] @13-02-2021 01:32:12.0903 A

################################################################################################################################################
Test Closure Activities
################################################################################################################################################
[ReportManager] Successfully created attachment [SHAFT Engine Logs - Execution log] @13-02-2021 01:32:12.0925 AM

################################################################################################################################################
This test run was powered by SHAFT Engine Version: [SHAFT Engine v5.1]
SHAFT Engine is licensed under the MIT License: [https://github.com/MohabMohie/SHAFT_ENGINE/blob/master/LICENSE].
################################################################################################################################################