################################################################################################################################################
Detected SHAFT Engine Version: [SHAFT Engine v5.2.20210427]
################################################################################################################################################
[ReportManager] File Action [getAbsolutePath] successfully performed. With the following test data [Relative Folder Path: "target/downloadedFiles/"]. @01-05-2021 02:04:05.0128 AM
[ReportManager] Attempting to run remotely on: [Linux-64], [GoogleChrome], [http://localhost:4444/wd/hub], Headless Execution. @01-05-2021 02:04:05.0156 AM
[ReportManager] Successfully Opened [GoogleChrome]. @01-05-2021 02:04:06.0827 A

################################################################################################################################################
Starting Execution:	[1 out of 137] test cases in the current suite
Test Method:		[testPackage01.Test_assertEquals.test_assertElementAttribute]
################################################################################################################################################
[ReportManager] Target URL: [https://www.google.com/ncr], and after redirection: [https://www.google.com] @01-05-2021 02:04:06.0978 AM
[ReportManager] Initial URL: [data:,] @01-05-2021 02:04:07.0067 AM
[ReportManager] Browser Action [navigateToURL] successfully performed. With the following test data [https://www.google.com/ncr]. @01-05-2021 02:04:08.0303 AM
[ReportManager] Element Action [type] successfully performed. With the following test data [INC_004010050:Another SCHEDULER with the same name [Duplicate Job Name] already exists.]. @01-05-2021 02:04:10.0463 AM
[ReportManager] Element Action [getText] successfully performed. With the following test data [INC_004010050:Another SCHEDULER with the same name [Duplicate Job Name] already exists.]. @01-05-2021 02:04:10.0651 AM
[ReportManager] Loaded Shared OpenCV @01-05-2021 02:04:11.0408 AM
[ReportManager] AssertElementAttribute PASSED; Expected [Value Should be 'INC_004010050:Another SCHEDULER with the same name \[Duplicate Job Name\] already exists.' for the 'text' attribute, element locator 'By.name: q'] and Actual [INC_004010050:Another SCHEDULER with the same name [Duplicate Job Name] already exists.]. Comparison Type [MATCHES]. Validation Type [POSITIVE]. @01-05-2021 02:04:11.0723 AM
[ReportManager] Successfully created attachment [Screenshot - 1619834650888_test_assertElementAttribute_AssertElementAttribute_passed] @01-05-2021 02:04:11.0746 A
[ReportManager] Successfully created attachment [Selenium WebDriver Logs - server] @01-05-2021 02:04:12.0007 AM
[ReportManager] Successfully created attachment [Selenium WebDriver Logs - performance] @01-05-2021 02:04:12.0572 AM
[ReportManager] Successfully created attachment [Selenium WebDriver Logs - driver] @01-05-2021 02:04:13.0047 AM
[ReportManager] Browser Action [closeCurrentWindow] successfully performed. @01-05-2021 02:04:13.0108 AM
[ReportManager] Successfully created attachment [Browser Action Test Data - closeCurrentWindow - Actual Value] @01-05-2021 02:04:13.0117 A
[ReportManager] File Action [getAbsolutePath] successfully performed. With the following test data [Relative Folder Path: "target/downloadedFiles/"]. @01-05-2021 02:04:13.0121 AM
[ReportManager] Attempting to run remotely on: [Linux-64], [GoogleChrome], [http://localhost:4444/wd/hub], Headless Execution. @01-05-2021 02:04:13.0121 AM
[ReportManager] Successfully Opened [GoogleChrome]. @01-05-2021 02:04:13.0743 A

################################################################################################################################################
Starting Execution:	[2 out of 137] test cases in the current suite
Test Method:		[testPackage01.Test_dynamicLoading.dynamicLoading_elementIsHidden]
################################################################################################################################################
[ReportManager] Target URL: [https://the-internet.herokuapp.com/dynamic_loading/1] @01-05-2021 02:04:13.0792 AM
[ReportManager] Initial URL: [data:,] @01-05-2021 02:04:13.0864 AM
[ReportManager] Browser Action [navigateToURL] successfully performed. With the following test data [https://the-internet.herokuapp.com/dynamic_loading/1]. @01-05-2021 02:04:14.0425 AM
[ReportManager] Element Action [click] successfully performed. With the following test data [Start]. @01-05-2021 02:04:14.0935 AM
[ReportManager] Element Action [getText] successfully performed. With the following test data [
    Hello World!
  ]. @01-05-2021 02:04:15.0108 AM
[ReportManager] Loaded Shared OpenCV @01-05-2021 02:04:15.0342 AM
[ReportManager] AssertElementAttribute PASSED; Expected [Value Should be 'Hello World!' for the 'text' attribute, element locator 'By.id: finish'] and Actual [
    Hello World!
  ]. Comparison Type [CONTAINS]. Validation Type [POSITIVE]. @01-05-2021 02:04:15.0506 AM
[ReportManager] Successfully created attachment [Screenshot - 1619834655342_dynamicLoading_elementIsHidden_AssertElementAttribute_passed] @01-05-2021 02:04:15.0510 A
[ReportManager] Successfully created attachment [Selenium WebDriver Logs - server] @01-05-2021 02:04:15.0611 AM
[ReportManager] Successfully created attachment [Selenium WebDriver Logs - performance] @01-05-2021 02:04:15.0659 AM
[ReportManager] Successfully created attachment [Selenium WebDriver Logs - browser] @01-05-2021 02:04:15.0677 AM
[ReportManager] Successfully created attachment [Selenium WebDriver Logs - driver] @01-05-2021 02:04:15.0823 AM
[ReportManager] Browser Action [closeCurrentWindow] successfully performed. @01-05-2021 02:04:15.0886 AM
[ReportManager] Successfully created attachment [Browser Action Test Data - closeCurrentWindow - Actual Value] @01-05-2021 02:04:15.0887 A
[ReportManager] File Action [getAbsolutePath] successfully performed. With the following test data [Relative Folder Path: "target/downloadedFiles/"]. @01-05-2021 02:04:15.0895 AM
[ReportManager] Attempting to run remotely on: [Linux-64], [GoogleChrome], [http://localhost:4444/wd/hub], Headless Execution. @01-05-2021 02:04:15.0899 AM
[ReportManager] Successfully Opened [GoogleChrome]. @01-05-2021 02:04:16.0593 A

################################################################################################################################################
Starting Execution:	[3 out of 137] test cases in the current suite
Test Method:		[testPackage01.Test_dynamicLoading.dynamicLoading_elementIsRendered]
################################################################################################################################################
[ReportManager] Target URL: [https://the-internet.herokuapp.com/dynamic_loading/2] @01-05-2021 02:04:16.0626 AM
[ReportManager] Initial URL: [data:,] @01-05-2021 02:04:16.0710 AM
[ReportManager] Browser Action [navigateToURL] successfully performed. With the following test data [https://the-internet.herokuapp.com/dynamic_loading/2]. @01-05-2021 02:04:17.0287 AM
[ReportManager] Element Action [click] successfully performed. With the following test data [Start]. @01-05-2021 02:04:17.0760 AM
[ReportManager] Element Action [getText] successfully performed. With the following test data [Hello World!]. @01-05-2021 02:04:22.0974 AM
[ReportManager] Loaded Shared OpenCV @01-05-2021 02:04:23.0179 AM
[ReportManager] AssertElementAttribute PASSED; Expected [Value Should be 'Hello World!' for the 'text' attribute, element locator 'By.id: finish'] and Actual [Hello World!]. Comparison Type [CONTAINS]. Validation Type [POSITIVE]. @01-05-2021 02:04:23.0318 AM
[ReportManager] Successfully created attachment [Screenshot - 1619834663179_dynamicLoading_elementIsRendered_AssertElementAttribute_passed] @01-05-2021 02:04:23.0320 A
[ReportManager] Successfully created attachment [Selenium WebDriver Logs - server] @01-05-2021 02:04:23.0420 AM
[ReportManager] Successfully created attachment [Selenium WebDriver Logs - performance] @01-05-2021 02:04:23.0476 AM
[ReportManager] Successfully created attachment [Selenium WebDriver Logs - browser] @01-05-2021 02:04:23.0485 AM
[ReportManager] Successfully created attachment [Selenium WebDriver Logs - driver] @01-05-2021 02:04:23.0617 AM
[ReportManager] Browser Action [closeCurrentWindow] successfully performed. @01-05-2021 02:04:23.0675 AM
[ReportManager] Successfully created attachment [Browser Action Test Data - closeCurrentWindow - Actual Value] @01-05-2021 02:04:23.0676 A

################################################################################################################################################
Starting Execution:	[4 out of 137] test cases in the current suite
Test Method:		[testPackage01.Test_SelectedValue.multipleSelect]
################################################################################################################################################
[ReportManager] File Action [getAbsolutePath] successfully performed. With the following test data [Relative Folder Path: "target/downloadedFiles/"]. @01-05-2021 02:04:23.0688 AM
[ReportManager] Attempting to run remotely on: [Linux-64], [GoogleChrome], [http://localhost:4444/wd/hub], Headless Execution. @01-05-2021 02:04:23.0689 AM
[ReportManager] Successfully Opened [GoogleChrome]. @01-05-2021 02:04:24.0268 AM
[ReportManager] Target URL: [https://mdn.mozillademos.org/en-US/docs/Web/HTML/Element/select$samples/Advanced_select_with_multiple_features?revision=1612304] @01-05-2021 02:04:24.0291 AM
[ReportManager] Initial URL: [data:,] @01-05-2021 02:04:24.0360 AM
[ReportManager] Browser Action [navigateToURL] successfully performed. With the following test data [https://mdn.mozillademos.org/en-US/docs/Web/HTML/Element/select$samples/Advanced_select_with_multiple_features?revision=1612304]. @01-05-2021 02:04:25.0145 AM
[ReportManager] Element Action [select] successfully performed. With the following test data [Dog]. @01-05-2021 02:04:25.0448 AM
[ReportManager] Element Action [select] successfully performed. With the following test data [Cat]. @01-05-2021 02:04:25.0756 AM
[ReportManager] Element Action [getSelectedText] successfully performed. With the following test data [DogCat]. @01-05-2021 02:04:25.0963 AM
[ReportManager] DogCat @01-05-2021 02:04:25.0964 AM
[ReportManager] Element Action [getSelectedText] successfully performed. With the following test data [DogCat]. @01-05-2021 02:04:26.0167 AM
[ReportManager] Loaded Shared OpenCV @01-05-2021 02:04:26.0335 AM
[ReportManager] AssertElementAttribute PASSED; Expected [Value Should be 'DogCat' for the 'selectedText' attribute, element locator 'By.tagName: select'] and Actual [DogCat]. Comparison Type [EQUALS]. Validation Type [POSITIVE]. @01-05-2021 02:04:26.0408 AM
[ReportManager] Successfully created attachment [Screenshot - 1619834666334_multipleSelect_AssertElementAttribute_passed] @01-05-2021 02:04:26.0409 AM
[ReportManager] Successfully created attachment [Selenium WebDriver Logs - server] @01-05-2021 02:04:26.0462 AM
[ReportManager] Successfully created attachment [Selenium WebDriver Logs - performance] @01-05-2021 02:04:26.0479 AM
[ReportManager] Successfully created attachment [Selenium WebDriver Logs - driver] @01-05-2021 02:04:26.0604 AM
[ReportManager] Browser Action [closeCurrentWindow] successfully performed. @01-05-2021 02:04:26.0664 AM
[ReportManager] Successfully created attachment [Browser Action Test Data - closeCurrentWindow - Actual Value] @01-05-2021 02:04:26.0664 A

################################################################################################################################################
Starting Execution:	[5 out of 137] test cases in the current suite
Test Method:		[testPackage01.Test_SelectedValue.simpleSelect]
################################################################################################################################################
[ReportManager] File Action [getAbsolutePath] successfully performed. With the following test data [Relative Folder Path: "target/downloadedFiles/"]. @01-05-2021 02:04:26.0681 AM
[ReportManager] Attempting to run remotely on: [Linux-64], [GoogleChrome], [http://localhost:4444/wd/hub], Headless Execution. @01-05-2021 02:04:26.0681 AM
[ReportManager] Successfully Opened [GoogleChrome]. @01-05-2021 02:04:26.0950 AM
[ReportManager] Target URL: [https://mdn.mozillademos.org/en-US/docs/Web/HTML/Element/select$samples/Basic_select?revision=1612304] @01-05-2021 02:04:26.0973 AM
[ReportManager] Initial URL: [data:,] @01-05-2021 02:04:27.0039 AM
[ReportManager] Browser Action [navigateToURL] successfully performed. With the following test data [https://mdn.mozillademos.org/en-US/docs/Web/HTML/Element/select$samples/Basic_select?revision=1612304]. @01-05-2021 02:04:27.0777 AM
[ReportManager] Element Action [select] successfully performed. With the following test data [Third Value]. @01-05-2021 02:04:28.0131 AM
[ReportManager] Element Action [getSelectedText] successfully performed. With the following test data [Third Value]. @01-05-2021 02:04:28.0279 AM
[ReportManager] Third Value @01-05-2021 02:04:28.0279 AM
[ReportManager] Element Action [getSelectedText] successfully performed. With the following test data [Third Value]. @01-05-2021 02:04:28.0412 AM
[ReportManager] Loaded Shared OpenCV @01-05-2021 02:04:28.0561 AM
[ReportManager] AssertElementAttribute PASSED; Expected [Value Should be 'Third Value' for the 'selectedText' attribute, element locator 'By.tagName: select'] and Actual [Third Value]. Comparison Type [EQUALS]. Validation Type [POSITIVE]. @01-05-2021 02:04:28.0629 AM
[ReportManager] Successfully created attachment [Screenshot - 1619834668561_simpleSelect_AssertElementAttribute_passed] @01-05-2021 02:04:28.0630 AM
[ReportManager] Successfully created attachment [Selenium WebDriver Logs - server] @01-05-2021 02:04:28.0727 AM
[ReportManager] Successfully created attachment [Selenium WebDriver Logs - performance] @01-05-2021 02:04:28.0737 AM
[ReportManager] Successfully created attachment [Selenium WebDriver Logs - driver] @01-05-2021 02:04:28.0817 AM
[ReportManager] Browser Action [closeCurrentWindow] successfully performed. @01-05-2021 02:04:28.0880 AM
[ReportManager] Successfully created attachment [Browser Action Test Data - closeCurrentWindow - Actual Value] @01-05-2021 02:04:28.0880 A
[ReportManager] File Action [getAbsolutePath] successfully performed. With the following test data [Relative Folder Path: "target/downloadedFiles/"]. @01-05-2021 02:04:28.0892 AM
[ReportManager] Attempting to run remotely on: [Linux-64], [GoogleChrome], [http://localhost:4444/wd/hub], Headless Execution. @01-05-2021 02:04:28.0892 AM
[ReportManager] Successfully Opened [GoogleChrome]. @01-05-2021 02:04:29.0134 A

################################################################################################################################################
Starting Execution:	[6 out of 137] test cases in the current suite
Test Method:		[testPackage01.Test_IsElementClickable.testIsElementClickable]
################################################################################################################################################
[ReportManager] Target URL: [https://the-internet.herokuapp.com/] @01-05-2021 02:04:29.0155 AM
[ReportManager] Initial URL: [data:,] @01-05-2021 02:04:29.0217 AM
[ReportManager] Browser Action [navigateToURL] successfully performed. With the following test data [https://the-internet.herokuapp.com/]. @01-05-2021 02:04:29.0693 AM
[ReportManager] Element Action [isElementClickable] successfully performed. @01-05-2021 02:04:29.0881 AM
[ReportManager] AssertTrue PASSED; Expected [TRUE] and Actual [TRUE]. Validation Type [POSITIVE]. @01-05-2021 02:04:29.0882 A
[ReportManager] Successfully created attachment [Selenium WebDriver Logs - server] @01-05-2021 02:04:29.0966 AM
[ReportManager] Successfully created attachment [Selenium WebDriver Logs - performance] @01-05-2021 02:04:29.0996 AM
[ReportManager] Successfully created attachment [Selenium WebDriver Logs - browser] @01-05-2021 02:04:30.0012 AM
[ReportManager] Successfully created attachment [Selenium WebDriver Logs - driver] @01-05-2021 02:04:30.0082 AM
[ReportManager] Browser Action [closeCurrentWindow] successfully performed. @01-05-2021 02:04:30.0142 AM
[ReportManager] Successfully created attachment [Browser Action Test Data - closeCurrentWindow - Actual Value] @01-05-2021 02:04:30.0142 A
[ReportManager] File Action [getAbsolutePath] successfully performed. With the following test data [Relative Folder Path: "target/downloadedFiles/"]. @01-05-2021 02:04:30.0150 AM
[ReportManager] Attempting to run remotely on: [Linux-64], [GoogleChrome], [http://localhost:4444/wd/hub], Headless Execution. @01-05-2021 02:04:30.0151 AM
[ReportManager] Successfully Opened [GoogleChrome]. @01-05-2021 02:04:30.0444 A

################################################################################################################################################
Starting Execution:	[7 out of 137] test cases in the current suite
Test Method:		[testPackage01.Test_dragAndDrop.dragAndDrop]
Test Description:	[TC001 - Test Drag and Drop function.]
################################################################################################################################################
[ReportManager] Target URL: [http://the-internet.herokuapp.com/drag_and_drop] @01-05-2021 02:04:30.0482 AM
[ReportManager] Initial URL: [data:,] @01-05-2021 02:04:30.0554 AM
[ReportManager] Browser Action [navigateToURL] successfully performed. With the following test data [http://the-internet.herokuapp.com/drag_and_drop]. @01-05-2021 02:04:30.0942 AM
[ReportManager] Attempting Drag and Drop @01-05-2021 02:04:30.0943 AM
[ReportManager] Element Action [dragAndDrop] successfully performed. With the following test data [Start point: (32, 89), End point: (247, 89)]. @01-05-2021 02:04:32.0182 A
[ReportManager] Successfully created attachment [Selenium WebDriver Logs - server] @01-05-2021 02:04:32.0249 AM
[ReportManager] Successfully created attachment [Selenium WebDriver Logs - performance] @01-05-2021 02:04:32.0275 AM
[ReportManager] Successfully created attachment [Selenium WebDriver Logs - browser] @01-05-2021 02:04:32.0283 AM
[ReportManager] Successfully created attachment [Selenium WebDriver Logs - driver] @01-05-2021 02:04:32.0343 AM
[ReportManager] Browser Action [closeCurrentWindow] successfully performed. @01-05-2021 02:04:32.0404 AM
[ReportManager] Successfully created attachment [Browser Action Test Data - closeCurrentWindow - Actual Value] @01-05-2021 02:04:32.0404 A
[ReportManager] File Action [getAbsolutePath] successfully performed. With the following test data [Relative Folder Path: "target/downloadedFiles/"]. @01-05-2021 02:04:32.0406 AM
[ReportManager] Attempting to run remotely on: [Linux-64], [GoogleChrome], [http://localhost:4444/wd/hub], Headless Execution. @01-05-2021 02:04:32.0407 AM
[ReportManager] Successfully Opened [GoogleChrome]. @01-05-2021 02:04:32.0690 A

################################################################################################################################################
Starting Execution:	[8 out of 137] test cases in the current suite
Test Method:		[testPackage01.Test_dragAndDrop.dragAndDropByOffset]
Test Description:	[TC002 - Test Drag and Drop by offset function.]
################################################################################################################################################
[ReportManager] Target URL: [https://jqueryui.com/resources/demos/draggable/default.html] @01-05-2021 02:04:32.0745 AM
[ReportManager] Initial URL: [data:,] @01-05-2021 02:04:32.0811 AM
[ReportManager] Browser Action [navigateToURL] successfully performed. With the following test data [https://jqueryui.com/resources/demos/draggable/default.html]. @01-05-2021 02:04:33.0263 AM
[ReportManager] Element Action [dragAndDropByOffset] successfully performed. With the following test data [Start point: (8, 8), End point: (1008, 108)]. @01-05-2021 02:04:33.0473 A
[ReportManager] Successfully created attachment [Selenium WebDriver Logs - server] @01-05-2021 02:04:33.0538 AM
[ReportManager] Successfully created attachment [Selenium WebDriver Logs - performance] @01-05-2021 02:04:33.0554 AM
[ReportManager] Successfully created attachment [Selenium WebDriver Logs - driver] @01-05-2021 02:04:33.0617 AM
[ReportManager] Browser Action [closeCurrentWindow] successfully performed. @01-05-2021 02:04:33.0675 AM
[ReportManager] Successfully created attachment [Browser Action Test Data - closeCurrentWindow - Actual Value] @01-05-2021 02:04:33.0676 A
[ReportManager] File Action [getAbsolutePath] successfully performed. With the following test data [Relative Folder Path: "target/downloadedFiles/"]. @01-05-2021 02:04:33.0678 AM
[ReportManager] Attempting to run remotely on: [Linux-64], [GoogleChrome], [http://localhost:4444/wd/hub], Headless Execution. @01-05-2021 02:04:33.0678 AM
[ReportManager] Successfully Opened [GoogleChrome]. @01-05-2021 02:04:33.0948 A

################################################################################################################################################
Starting Execution:	[9 out of 137] test cases in the current suite
Test Method:		[testPackage01.Test_dragAndDrop.dragAndDropJquery]
################################################################################################################################################
[ReportManager] Target URL: [https://jqueryui.com/resources/demos/droppable/default.html] @01-05-2021 02:04:33.0979 AM
[ReportManager] Initial URL: [data:,] @01-05-2021 02:04:34.0032 AM
[ReportManager] Browser Action [navigateToURL] successfully performed. With the following test data [https://jqueryui.com/resources/demos/droppable/default.html]. @01-05-2021 02:04:34.0439 AM
[ReportManager] Element Action [getText] successfully performed. With the following test data [Drop here]. @01-05-2021 02:04:34.0535 AM
[ReportManager] Element Action [dragAndDrop] successfully performed. With the following test data [Start point: (8, 18), End point: (8, 18)]. @01-05-2021 02:04:35.0928 AM
[ReportManager] Element Action [getText] successfully performed. With the following test data [Dropped!]. @01-05-2021 02:04:36.0037 AM
[ReportManager] Checking to see if the text has changed after performing drag and drop... @01-05-2021 02:04:36.0037 AM
[ReportManager] AssertEquals PASSED; Expected [Drop here] and Actual [Dropped!]. Comparison Type [EQUALS]. Validation Type [NEGATIVE]. @01-05-2021 02:04:36.0038 A
[ReportManager] Successfully created attachment [Selenium WebDriver Logs - server] @01-05-2021 02:04:36.0117 AM
[ReportManager] Successfully created attachment [Selenium WebDriver Logs - performance] @01-05-2021 02:04:36.0140 AM
[ReportManager] Successfully created attachment [Selenium WebDriver Logs - driver] @01-05-2021 02:04:36.0234 AM
[ReportManager] Browser Action [closeCurrentWindow] successfully performed. @01-05-2021 02:04:36.0296 AM
[ReportManager] Successfully created attachment [Browser Action Test Data - closeCurrentWindow - Actual Value] @01-05-2021 02:04:36.0296 A

################################################################################################################################################
Starting Execution:	[10 out of 137] test cases in the current suite
Test Method:		[testPackage01.Test_SkipDueToIssue.doNotSkip]
################################################################################################################################################
[ReportManager] This should not be skipped. @01-05-2021 02:04:36.0317 A

################################################################################################################################################
Starting Execution:	[11 out of 137] test cases in the current suite
Test Method:		[testPackage01.Test_SkipDueToIssue.skip]
################################################################################################################################################
[ReportManager] This should be skipped. @01-05-2021 02:04:36.0329 A

################################################################################################################################################
Starting Execution:	[12 out of 137] test cases in the current suite
Test Method:		[testPackage01.Test_SkipDueToIssue.skip2]
################################################################################################################################################
[ReportManager] This should be skipped. @01-05-2021 02:04:36.0334 A

################################################################################################################################################
Starting Execution:	[13 out of 137] test cases in the current suite
Test Method:		[testPackage01.Test_chainableElementActions.chainElementActions]
################################################################################################################################################
[ReportManager] File Action [getAbsolutePath] successfully performed. With the following test data [Relative Folder Path: "target/downloadedFiles/"]. @01-05-2021 02:04:36.0339 AM
[ReportManager] Attempting to run remotely on: [Linux-64], [GoogleChrome], [http://localhost:4444/wd/hub], Headless Execution. @01-05-2021 02:04:36.0339 AM
[ReportManager] Successfully Opened [GoogleChrome]. @01-05-2021 02:04:36.0573 AM
[ReportManager] Target URL: [https://www.google.com/ncr], and after redirection: [https://www.google.com] @01-05-2021 02:04:36.0586 AM
[ReportManager] Initial URL: [data:,] @01-05-2021 02:04:36.0644 AM
[ReportManager] Browser Action [navigateToURL] successfully performed. With the following test data [https://www.google.com/ncr]. @01-05-2021 02:04:37.0506 AM
[ReportManager] Element Action [type] successfully performed. With the following test data [chained type 1]. @01-05-2021 02:04:38.0103 AM
[ReportManager] Element Action [type] successfully performed. With the following test data [chained type 2]. @01-05-2021 02:04:38.0681 AM
[ReportManager] Element Action [typeAppend] successfully performed. With the following test data [345]. @01-05-2021 02:04:38.0837 AM
[ReportManager] Element Action [getText] successfully performed. With the following test data [chained type 2345]. @01-05-2021 02:04:38.0984 AM
[ReportManager] Loaded Shared OpenCV @01-05-2021 02:04:39.0148 AM
[ReportManager] AssertElementAttribute PASSED; Expected [Value Should be 'chained type 2345' for the 'text' attribute, element locator 'By.name: q'] and Actual [chained type 2345]. Comparison Type [EQUALS]. Validation Type [POSITIVE]. @01-05-2021 02:04:39.0227 AM
[ReportManager] Successfully created attachment [Screenshot - 1619834679148_chainElementActions_AssertElementAttribute_passed] @01-05-2021 02:04:39.0229 AM
[ReportManager] Successfully created attachment [Selenium WebDriver Logs - server] @01-05-2021 02:04:39.0315 AM
[ReportManager] Successfully created attachment [Selenium WebDriver Logs - performance] @01-05-2021 02:04:39.0494 AM
[ReportManager] Successfully created attachment [Selenium WebDriver Logs - driver] @01-05-2021 02:04:39.0721 AM
[ReportManager] Browser Action [closeCurrentWindow] successfully performed. @01-05-2021 02:04:39.0785 AM
[ReportManager] Successfully created attachment [Browser Action Test Data - closeCurrentWindow - Actual Value] @01-05-2021 02:04:39.0787 A
[ReportManager] File Action [getAbsolutePath] successfully performed. With the following test data [Relative Folder Path: "target/downloadedFiles/"]. @01-05-2021 02:04:39.0817 AM
[ReportManager] Attempting to run remotely on: [Linux-64], [GoogleChrome], [http://localhost:4444/wd/hub], Headless Execution. @01-05-2021 02:04:39.0817 AM
[ReportManager] Successfully Opened [GoogleChrome]. @01-05-2021 02:04:40.0023 A

################################################################################################################################################
Starting Execution:	[14 out of 137] test cases in the current suite
Test Method:		[testPackage01.Test_clipboardActions.typeTextAndCopyPaste]
################################################################################################################################################
[ReportManager] Target URL: [https://www.google.com/ncr], and after redirection: [https://www.google.com] @01-05-2021 02:04:40.0056 AM
[ReportManager] Initial URL: [data:,] @01-05-2021 02:04:40.0112 AM
[ReportManager] Browser Action [navigateToURL] successfully performed. With the following test data [https://www.google.com/ncr]. @01-05-2021 02:04:40.0988 AM
[ReportManager] Element Action [type] successfully performed. With the following test data [FIRST]. @01-05-2021 02:04:41.0449 AM
[ReportManager] Element Action [clipboardActions] successfully performed. With the following test data [select all]. @01-05-2021 02:04:41.0546 AM
[ReportManager] Element Action [clipboardActions] successfully performed. With the following test data [copy]. @01-05-2021 02:04:41.0631 AM
[ReportManager] Element Action [clipboardActions] successfully performed. With the following test data [unselect]. @01-05-2021 02:04:41.0721 AM
[ReportManager] Element Action [clipboardActions] successfully performed. With the following test data [paste]. @01-05-2021 02:04:41.0812 AM
[ReportManager] Element Action [clipboardActions] successfully performed. With the following test data [select all]. @01-05-2021 02:04:41.0901 AM
[ReportManager] Element Action [clipboardActions] successfully performed. With the following test data [cut]. @01-05-2021 02:04:41.0996 AM
[ReportManager] Element Action [clipboardActions] successfully performed. With the following test data [paste]. @01-05-2021 02:04:42.0090 AM
[ReportManager] Element Action [clipboardActions] successfully performed. With the following test data [paste]. @01-05-2021 02:04:42.0178 A
[ReportManager] Successfully created attachment [Selenium WebDriver Logs - server] @01-05-2021 02:04:42.0285 AM
[ReportManager] Successfully created attachment [Selenium WebDriver Logs - performance] @01-05-2021 02:04:42.0359 AM
[ReportManager] Successfully created attachment [Selenium WebDriver Logs - driver] @01-05-2021 02:04:42.0566 AM
[ReportManager] Browser Action [closeCurrentWindow] successfully performed. @01-05-2021 02:04:42.0623 AM
[ReportManager] Successfully created attachment [Browser Action Test Data - closeCurrentWindow - Actual Value] @01-05-2021 02:04:42.0625 A
[ReportManager] File Action [getAbsolutePath] successfully performed. With the following test data [Relative Folder Path: "target/downloadedFiles/"]. @01-05-2021 02:04:42.0628 AM
[ReportManager] Attempting to run remotely on: [Linux-64], [GoogleChrome], [http://localhost:4444/wd/hub], Headless Execution. @01-05-2021 02:04:42.0628 AM
[ReportManager] Successfully Opened [GoogleChrome]. @01-05-2021 02:04:42.0906 A

################################################################################################################################################
Starting Execution:	[15 out of 137] test cases in the current suite
Test Method:		[testPackage01.Test_verifyEquals.test_assertElementAttribute]
################################################################################################################################################
[ReportManager] Target URL: [https://www.google.com/ncr], and after redirection: [https://www.google.com] @01-05-2021 02:04:42.0933 AM
[ReportManager] Initial URL: [data:,] @01-05-2021 02:04:42.0985 AM
[ReportManager] Browser Action [navigateToURL] successfully performed. With the following test data [https://www.google.com/ncr]. @01-05-2021 02:04:44.0108 AM
[ReportManager] Element Action [type] successfully performed. With the following test data [INC_004010050:Another SCHEDULER with the same name [Duplicate Job Name] already exists.]. @01-05-2021 02:04:46.0058 AM
[ReportManager] Element Action [getText] successfully performed. With the following test data [INC_004010050:Another SCHEDULER with the same name [Duplicate Job Name] already exists.]. @01-05-2021 02:04:46.0176 AM
[ReportManager] Loaded Shared OpenCV @01-05-2021 02:04:46.0330 AM
[ReportManager] VerifyElementAttribute PASSED; Expected [Value Should be 'INC_004010050:Another SCHEDULER with the same name \[Duplicate Job Name\] already exists.' for the 'text' attribute, element locator 'By.name: q'] and Actual [INC_004010050:Another SCHEDULER with the same name [Duplicate Job Name] already exists.]. Comparison Type [MATCHES]. Validation Type [POSITIVE]. @01-05-2021 02:04:46.0409 AM
[ReportManager] Successfully created attachment [Screenshot - 1619834686330_test_assertElementAttribute_VerifyElementAttribute_passed] @01-05-2021 02:04:46.0410 A
[ReportManager] Successfully created attachment [Selenium WebDriver Logs - server] @01-05-2021 02:04:46.0508 AM
[ReportManager] Successfully created attachment [Selenium WebDriver Logs - performance] @01-05-2021 02:04:46.0871 AM
[ReportManager] Successfully created attachment [Selenium WebDriver Logs - driver] @01-05-2021 02:04:47.0226 AM
[ReportManager] Browser Action [closeCurrentWindow] successfully performed. @01-05-2021 02:04:47.0286 AM
[ReportManager] Successfully created attachment [Browser Action Test Data - closeCurrentWindow - Actual Value] @01-05-2021 02:04:47.0287 A

################################################################################################################################################
Starting Execution:	[16 out of 137] test cases in the current suite
Test Method:		[testPackage01.Test_JSONFileManager.readStringFromJson]
################################################################################################################################################
[ReportManager] Successfully loaded the following test data file [src/test/resources/TestDataFiles/simpleJSON.json]. @01-05-2021 02:04:47.0302 AM
[ReportManager] Successfully created attachment [Test Data - JSON] @01-05-2021 02:04:47.0522 AM
[ReportManager] AssertEquals PASSED; Expected [Mohab Mohie] and Actual [Mohab Mohie]. Comparison Type [EQUALS]. Validation Type [POSITIVE]. @01-05-2021 02:04:49.0282 A
[ReportManager] File Action [getAbsolutePath] successfully performed. With the following test data [Relative Folder Path: "target/downloadedFiles/"]. @01-05-2021 02:04:49.0291 AM
[ReportManager] Attempting to run remotely on: [Linux-64], [GoogleChrome], [http://localhost:4444/wd/hub], Headless Execution. @01-05-2021 02:04:49.0291 AM
[ReportManager] Successfully Opened [GoogleChrome]. @01-05-2021 02:04:49.0762 A

################################################################################################################################################
Starting Execution:	[17 out of 137] test cases in the current suite
Test Method:		[testPackage01.Test_uploadFile.uploadFile_invisibleUploadInput]
################################################################################################################################################
[ReportManager] Target URL: [https://fineuploader.com/demos.html#gallery-view] @01-05-2021 02:04:49.0788 AM
[ReportManager] Initial URL: [data:,] @01-05-2021 02:04:49.0844 AM
[ReportManager] Browser Action [navigateToURL] successfully performed. With the following test data [https://fineuploader.com/demos.html#gallery-view]. @01-05-2021 02:04:51.0952 AM
[ReportManager] File Action [getAbsolutePath] successfully performed. With the following test data [Relative File Path: "src/main/resources/images/shaft.png"]. @01-05-2021 02:04:51.0953 AM
[ReportManager] Successfully created attachment [File Action Actual Result - Command Log] @01-05-2021 02:04:51.0953 AM
[ReportManager] Element Action [typeFileLocationForUpload] successfully performed. With the following test data [/home/runner/work/SHAFT_ENGINE/SHAFT_ENGINE/src/main/resources/images/shaft.png]. @01-05-2021 02:04:52.0154 AM
[ReportManager] Attempting to getAttribute [src] from elementLocator [By.xpath: //div[@id='fine-uploader-gallery']//div[@class='qq-thumbnail-wrapper']/img]. @01-05-2021 02:04:52.0154 AM
[ReportManager] Element Action [getAttribute] successfully performed. @01-05-2021 02:04:52.0273 AM
[ReportManager] Successfully created attachment [Element Action Test Data - getAttribute - Actual Value] @01-05-2021 02:04:52.0274 AM
[ReportManager] Loaded Shared OpenCV @01-05-2021 02:04:52.0466 AM
[ReportManager] AssertElementAttribute PASSED; Expected and Actual values are attached. Comparison Type [CONTAINS]. Validation Type [POSITIVE]. @01-05-2021 02:04:52.0550 AM
[ReportManager] Successfully created attachment [Validation Test Data - Expected Value] @01-05-2021 02:04:52.0551 AM
[ReportManager] Successfully created attachment [Validation Test Data - Actual Value] @01-05-2021 02:04:52.0551 AM
[ReportManager] Successfully created attachment [Screenshot - 1619834692466_uploadFile_invisibleUploadInput_AssertElementAttribute_passed] @01-05-2021 02:04:52.0552 A
[ReportManager] Successfully created attachment [Selenium WebDriver Logs - server] @01-05-2021 02:04:52.0669 AM
[ReportManager] Successfully created attachment [Selenium WebDriver Logs - performance] @01-05-2021 02:04:52.0757 AM
[ReportManager] Successfully created attachment [Selenium WebDriver Logs - browser] @01-05-2021 02:04:52.0767 AM
[ReportManager] Successfully created attachment [Selenium WebDriver Logs - driver] @01-05-2021 02:04:52.0939 AM
[ReportManager] Browser Action [closeCurrentWindow] successfully performed. @01-05-2021 02:04:53.0004 AM
[ReportManager] Successfully created attachment [Browser Action Test Data - closeCurrentWindow - Actual Value] @01-05-2021 02:04:53.0004 A
[ReportManager] File Action [getAbsolutePath] successfully performed. With the following test data [Relative Folder Path: "target/downloadedFiles/"]. @01-05-2021 02:04:53.0014 AM
[ReportManager] Attempting to run remotely on: [Linux-64], [GoogleChrome], [http://localhost:4444/wd/hub], Headless Execution. @01-05-2021 02:04:53.0015 AM
[ReportManager] Successfully Opened [GoogleChrome]. @01-05-2021 02:04:53.0242 A

################################################################################################################################################
Starting Execution:	[18 out of 137] test cases in the current suite
Test Method:		[testPackage01.Test_uploadFile.uploadFile_visibleUploadInput]
################################################################################################################################################
[ReportManager] Target URL: [http://demo.guru99.com/test/upload/] @01-05-2021 02:04:53.0265 AM
[ReportManager] Initial URL: [data:,] @01-05-2021 02:04:53.0329 AM
[ReportManager] Browser Action [navigateToURL] successfully performed. With the following test data [http://demo.guru99.com/test/upload/]. @01-05-2021 02:04:54.0409 AM
[ReportManager] File Action [getAbsolutePath] successfully performed. With the following test data [Relative File Path: "src/main/resources/images/shaft.png"]. @01-05-2021 02:04:54.0410 AM
[ReportManager] Successfully created attachment [File Action Actual Result - Command Log] @01-05-2021 02:04:54.0410 AM
[ReportManager] Element Action [typeFileLocationForUpload] successfully performed. With the following test data [/home/runner/work/SHAFT_ENGINE/SHAFT_ENGINE/src/main/resources/images/shaft.png]. @01-05-2021 02:04:54.0613 AM
[ReportManager] Element Action [click] successfully performed. With the following test data [on]. @01-05-2021 02:04:54.0975 AM
[ReportManager] Element Action [click] successfully performed. With the following test data [Submit File]. @01-05-2021 02:04:55.0310 AM
[ReportManager] Element Action [getText] successfully performed. With the following test data [1 file
has been successfully uploaded.]. @01-05-2021 02:04:55.0948 AM
[ReportManager] Loaded Shared OpenCV @01-05-2021 02:04:56.0124 AM
[ReportManager] AssertElementAttribute PASSED; Expected [Value Should be '1 file' for the 'Text' attribute, element locator 'By.id: res'] and Actual [1 file
has been successfully uploaded.]. Comparison Type [CONTAINS]. Validation Type [POSITIVE]. @01-05-2021 02:04:56.0200 AM
[ReportManager] Successfully created attachment [Screenshot - 1619834696124_uploadFile_visibleUploadInput_AssertElementAttribute_passed] @01-05-2021 02:04:56.0201 A
[ReportManager] Successfully created attachment [Selenium WebDriver Logs - server] @01-05-2021 02:04:56.0271 AM
[ReportManager] Successfully created attachment [Selenium WebDriver Logs - performance] @01-05-2021 02:04:56.0325 AM
[ReportManager] Successfully created attachment [Selenium WebDriver Logs - browser] @01-05-2021 02:04:56.0333 AM
[ReportManager] Successfully created attachment [Selenium WebDriver Logs - driver] @01-05-2021 02:04:56.0498 AM
[ReportManager] Browser Action [closeCurrentWindow] successfully performed. @01-05-2021 02:04:56.0567 AM
[ReportManager] Successfully created attachment [Browser Action Test Data - closeCurrentWindow - Actual Value] @01-05-2021 02:04:56.0568 A
[ReportManager] File Action [getAbsolutePath] successfully performed. With the following test data [Relative Folder Path: "target/downloadedFiles/"]. @01-05-2021 02:04:56.0571 AM
[ReportManager] Attempting to run remotely on: [Linux-64], [GoogleChrome], [http://localhost:4444/wd/hub], Headless Execution. @01-05-2021 02:04:56.0575 AM
[ReportManager] Successfully Opened [GoogleChrome]. @01-05-2021 02:04:56.0866 A

################################################################################################################################################
Starting Execution:	[19 out of 137] test cases in the current suite
Test Method:		[testPackage01.Test_ShadowDOM.shadowdom]
################################################################################################################################################
[ReportManager] Target URL: [https://mdn.github.io/web-components-examples/popup-info-box-web-component/] @01-05-2021 02:04:56.0891 AM
[ReportManager] Initial URL: [data:,] @01-05-2021 02:04:56.0944 AM
[ReportManager] Browser Action [navigateToURL] successfully performed. With the following test data [https://mdn.github.io/web-components-examples/popup-info-box-web-component/]. @01-05-2021 02:04:57.0187 AM
[ReportManager] Element Action [type] successfully performed. With the following test data [Typing into SHADOW DOM...]. @01-05-2021 02:04:57.0884 AM
[ReportManager] Element Action [getText] successfully performed. With the following test data [Typing into SHADOW DOM...]. @01-05-2021 02:04:58.0001 AM
[ReportManager] Loaded Shared OpenCV @01-05-2021 02:04:58.0132 AM
[ReportManager] AssertElementAttribute PASSED; Expected [Value Should be 'Typing into SHADOW DOM...' for the 'Text' attribute, element locator 'By.id: cvc'] and Actual [Typing into SHADOW DOM...]. Comparison Type [EQUALS]. Validation Type [POSITIVE]. @01-05-2021 02:04:58.0210 AM
[ReportManager] Successfully created attachment [Screenshot - 1619834698132_shadowdom_AssertElementAttribute_passed] @01-05-2021 02:04:58.0210 A
[ReportManager] Successfully created attachment [Selenium WebDriver Logs - server] @01-05-2021 02:04:58.0258 AM
[ReportManager] Successfully created attachment [Selenium WebDriver Logs - performance] @01-05-2021 02:04:58.0269 AM
[ReportManager] Successfully created attachment [Selenium WebDriver Logs - browser] @01-05-2021 02:04:58.0276 AM
[ReportManager] Successfully created attachment [Selenium WebDriver Logs - driver] @01-05-2021 02:04:58.0377 AM
[ReportManager] Browser Action [closeCurrentWindow] successfully performed. @01-05-2021 02:04:58.0433 AM
[ReportManager] Successfully created attachment [Browser Action Test Data - closeCurrentWindow - Actual Value] @01-05-2021 02:04:58.0434 A

################################################################################################################################################
Starting Execution:	[20 out of 137] test cases in the current suite
Test Method:		[testPackage01.Test_NewValidationHelper.f1]
################################################################################################################################################
[ReportManager] Checking valid user data... @01-05-2021 02:04:58.0447 AM
[ReportManager] AssertEquals PASSED; Expected and Actual values are attached. Comparison Type [EQUALS]. Validation Type [POSITIVE]. @01-05-2021 02:04:58.0448 AM
[ReportManager] Successfully created attachment [Validation Test Data - Expected Value] @01-05-2021 02:04:58.0448 AM
[ReportManager] Successfully created attachment [Validation Test Data - Actual Value] @01-05-2021 02:04:58.0448 A
[ReportManager] File Action [getAbsolutePath] successfully performed. With the following test data [Relative Folder Path: "target/downloadedFiles/"]. @01-05-2021 02:04:58.0453 AM
[ReportManager] Attempting to run remotely on: [Linux-64], [GoogleChrome], [http://localhost:4444/wd/hub], Headless Execution. @01-05-2021 02:04:58.0453 AM
[ReportManager] Successfully Opened [GoogleChrome]. @01-05-2021 02:04:58.0698 AM
[ReportManager] Target URL: [https://the-internet.herokuapp.com/] @01-05-2021 02:04:58.0709 AM
[ReportManager] Initial URL: [data:,] @01-05-2021 02:04:58.0758 AM
[ReportManager] Browser Action [navigateToURL] successfully performed. With the following test data [https://the-internet.herokuapp.com/]. @01-05-2021 02:04:59.0220 A

################################################################################################################################################
Starting Execution:	[21 out of 137] test cases in the current suite
Test Method:		[testPackage01.Test_NewValidationHelper.f10]
################################################################################################################################################
[ReportManager] AssertElementExists FAILED; Expected [Element Should Exist, locator 'By.tagName: div'] and Actual [Element Exists but is not unique]. Comparison Type [EQUALS]. Validation Type [POSITIVE]. @01-05-2021 02:04:59.0551 AM
[ReportManager] Successfully created attachment [Screenshot - 1619834699447_f10_AssertElementExists_failed] @01-05-2021 02:04:59.0552 A
[ReportManager] Successfully created attachment [Selenium WebDriver Logs - server] @01-05-2021 02:04:59.0566 AM
[ReportManager] Successfully created attachment [Selenium WebDriver Logs - performance] @01-05-2021 02:04:59.0588 AM
[ReportManager] Successfully created attachment [Selenium WebDriver Logs - browser] @01-05-2021 02:04:59.0595 AM
[ReportManager] Successfully created attachment [Selenium WebDriver Logs - driver] @01-05-2021 02:04:59.0658 AM
[ReportManager] Successfully Closed All Drivers. @01-05-2021 02:04:59.0731 A
[ReportManager] File Action [getAbsolutePath] successfully performed. With the following test data [Relative Folder Path: "target/downloadedFiles/"]. @01-05-2021 02:04:59.0734 AM
[ReportManager] Attempting to run remotely on: [Linux-64], [GoogleChrome], [http://localhost:4444/wd/hub], Headless Execution. @01-05-2021 02:04:59.0734 AM
[ReportManager] Successfully Opened [GoogleChrome]. @01-05-2021 02:04:59.0970 AM
[ReportManager] Target URL: [https://the-internet.herokuapp.com/] @01-05-2021 02:04:59.0989 AM
[ReportManager] Initial URL: [data:,] @01-05-2021 02:05:00.0049 AM
[ReportManager] Browser Action [navigateToURL] successfully performed. With the following test data [https://the-internet.herokuapp.com/]. @01-05-2021 02:05:00.0504 A

################################################################################################################################################
Starting Execution:	[22 out of 137] test cases in the current suite
Test Method:		[testPackage01.Test_NewValidationHelper.f11]
################################################################################################################################################
[ReportManager] Checking that false tag doesn't exist... @01-05-2021 02:05:00.0511 AM
[ReportManager] AssertElementExists PASSED; Expected [Element Should not Exist, locator 'By.tagName: h3'] and Actual [Element Doesn't Exists]. Comparison Type [EQUALS]. Validation Type [NEGATIVE]. @01-05-2021 02:05:10.0918 AM
[ReportManager] Successfully created attachment [Screenshot - 1619834710851_f11_AssertElementExists_passed] @01-05-2021 02:05:10.0919 A
[ReportManager] Successfully created attachment [Selenium WebDriver Logs - server] @01-05-2021 02:05:10.0934 AM
[ReportManager] Successfully created attachment [Selenium WebDriver Logs - performance] @01-05-2021 02:05:10.0960 AM
[ReportManager] Successfully created attachment [Selenium WebDriver Logs - browser] @01-05-2021 02:05:10.0966 AM
[ReportManager] Successfully created attachment [Selenium WebDriver Logs - driver] @01-05-2021 02:05:11.0036 AM
[ReportManager] Successfully Closed All Drivers. @01-05-2021 02:05:11.0110 A
[ReportManager] File Action [getAbsolutePath] successfully performed. With the following test data [Relative Folder Path: "target/downloadedFiles/"]. @01-05-2021 02:05:11.0122 AM
[ReportManager] Attempting to run remotely on: [Linux-64], [GoogleChrome], [http://localhost:4444/wd/hub], Headless Execution. @01-05-2021 02:05:11.0123 AM
[ReportManager] Successfully Opened [GoogleChrome]. @01-05-2021 02:05:11.0378 AM
[ReportManager] Target URL: [https://the-internet.herokuapp.com/] @01-05-2021 02:05:11.0394 AM
[ReportManager] Initial URL: [data:,] @01-05-2021 02:05:11.0437 AM
[ReportManager] Browser Action [navigateToURL] successfully performed. With the following test data [https://the-internet.herokuapp.com/]. @01-05-2021 02:05:11.0920 A

################################################################################################################################################
Starting Execution:	[23 out of 137] test cases in the current suite
Test Method:		[testPackage01.Test_NewValidationHelper.f12]
################################################################################################################################################
[ReportManager] Loaded Shared OpenCV @01-05-2021 02:05:12.0169 AM
[ReportManager] AssertElementExists FAILED; Expected [Element Should not Exist, locator 'By.tagName: h1'] and Actual [Element Exists]. Comparison Type [EQUALS]. Validation Type [NEGATIVE]. @01-05-2021 02:05:12.0256 AM
[ReportManager] Successfully created attachment [Screenshot - 1619834712169_f12_AssertElementExists_failed] @01-05-2021 02:05:12.0257 A
[ReportManager] Successfully created attachment [Selenium WebDriver Logs - server] @01-05-2021 02:05:12.0271 AM
[ReportManager] Successfully created attachment [Selenium WebDriver Logs - performance] @01-05-2021 02:05:12.0293 AM
[ReportManager] Successfully created attachment [Selenium WebDriver Logs - browser] @01-05-2021 02:05:12.0299 AM
[ReportManager] Successfully created attachment [Selenium WebDriver Logs - driver] @01-05-2021 02:05:12.0362 AM
[ReportManager] Successfully Closed All Drivers. @01-05-2021 02:05:12.0439 A
[ReportManager] File Action [getAbsolutePath] successfully performed. With the following test data [Relative Folder Path: "target/downloadedFiles/"]. @01-05-2021 02:05:12.0442 AM
[ReportManager] Attempting to run remotely on: [Linux-64], [GoogleChrome], [http://localhost:4444/wd/hub], Headless Execution. @01-05-2021 02:05:12.0442 AM
[ReportManager] Successfully Opened [GoogleChrome]. @01-05-2021 02:05:12.0655 AM
[ReportManager] Target URL: [https://the-internet.herokuapp.com/] @01-05-2021 02:05:12.0667 AM
[ReportManager] Initial URL: [data:,] @01-05-2021 02:05:12.0711 AM
[ReportManager] Browser Action [navigateToURL] successfully performed. With the following test data [https://the-internet.herokuapp.com/]. @01-05-2021 02:05:13.0188 A

################################################################################################################################################
Starting Execution:	[24 out of 137] test cases in the current suite
Test Method:		[testPackage01.Test_NewValidationHelper.f13]
################################################################################################################################################
[ReportManager] AssertElementExists FAILED; Expected [Element Should not Exist, locator 'By.tagName: div'] and Actual [Element Exists but is not unique]. Comparison Type [EQUALS]. Validation Type [NEGATIVE]. @01-05-2021 02:05:13.0469 AM
[ReportManager] Successfully created attachment [Screenshot - 1619834713403_f13_AssertElementExists_failed] @01-05-2021 02:05:13.0470 A
[ReportManager] Successfully created attachment [Selenium WebDriver Logs - server] @01-05-2021 02:05:13.0484 AM
[ReportManager] Successfully created attachment [Selenium WebDriver Logs - performance] @01-05-2021 02:05:13.0504 AM
[ReportManager] Successfully created attachment [Selenium WebDriver Logs - browser] @01-05-2021 02:05:13.0512 AM
[ReportManager] Successfully created attachment [Selenium WebDriver Logs - driver] @01-05-2021 02:05:13.0567 AM
[ReportManager] Successfully Closed All Drivers. @01-05-2021 02:05:13.0644 A
[ReportManager] File Action [getAbsolutePath] successfully performed. With the following test data [Relative Folder Path: "target/downloadedFiles/"]. @01-05-2021 02:05:13.0646 AM
[ReportManager] Attempting to run remotely on: [Linux-64], [GoogleChrome], [http://localhost:4444/wd/hub], Headless Execution. @01-05-2021 02:05:13.0646 AM
[ReportManager] Successfully Opened [GoogleChrome]. @01-05-2021 02:05:13.0897 AM
[ReportManager] Target URL: [https://the-internet.herokuapp.com/] @01-05-2021 02:05:13.0911 AM
[ReportManager] Initial URL: [data:,] @01-05-2021 02:05:13.0976 AM
[ReportManager] Browser Action [navigateToURL] successfully performed. With the following test data [https://the-internet.herokuapp.com/]. @01-05-2021 02:05:14.0354 A

################################################################################################################################################
Starting Execution:	[25 out of 137] test cases in the current suite
Test Method:		[testPackage01.Test_NewValidationHelper.f14]
################################################################################################################################################
[ReportManager] Asserting that the header text is correct... @01-05-2021 02:05:14.0361 AM
[ReportManager] Element Action [getText] successfully performed. With the following test data [Welcome to the-internet]. @01-05-2021 02:05:14.0462 AM
[ReportManager] Loaded Shared OpenCV @01-05-2021 02:05:14.0637 AM
[ReportManager] AssertElementAttribute PASSED; Expected [Value Should be 'Welcome to the-internet' for the 'text' attribute, element locator 'By.tagName: h1'] and Actual [Welcome to the-internet]. Comparison Type [EQUALS]. Validation Type [POSITIVE]. @01-05-2021 02:05:14.0721 AM
[ReportManager] Successfully created attachment [Screenshot - 1619834714637_f14_AssertElementAttribute_passed] @01-05-2021 02:05:14.0723 A
[ReportManager] Successfully created attachment [Selenium WebDriver Logs - server] @01-05-2021 02:05:14.0734 AM
[ReportManager] Successfully created attachment [Selenium WebDriver Logs - performance] @01-05-2021 02:05:14.0755 AM
[ReportManager] Successfully created attachment [Selenium WebDriver Logs - browser] @01-05-2021 02:05:14.0761 AM
[ReportManager] Successfully created attachment [Selenium WebDriver Logs - driver] @01-05-2021 02:05:14.0817 AM
[ReportManager] Successfully Closed All Drivers. @01-05-2021 02:05:14.0896 A
[ReportManager] File Action [getAbsolutePath] successfully performed. With the following test data [Relative Folder Path: "target/downloadedFiles/"]. @01-05-2021 02:05:14.0900 AM
[ReportManager] Attempting to run remotely on: [Linux-64], [GoogleChrome], [http://localhost:4444/wd/hub], Headless Execution. @01-05-2021 02:05:14.0900 AM
[ReportManager] Successfully Opened [GoogleChrome]. @01-05-2021 02:05:15.0162 AM
[ReportManager] Target URL: [https://the-internet.herokuapp.com/] @01-05-2021 02:05:15.0173 AM
[ReportManager] Initial URL: [data:,] @01-05-2021 02:05:15.0223 AM
[ReportManager] Browser Action [navigateToURL] successfully performed. With the following test data [https://the-internet.herokuapp.com/]. @01-05-2021 02:05:15.0631 A

################################################################################################################################################
Starting Execution:	[26 out of 137] test cases in the current suite
Test Method:		[testPackage01.Test_NewValidationHelper.f15]
################################################################################################################################################
[ReportManager] Element Action [getText] successfully performed. With the following test data [Welcome to the-internet]. @01-05-2021 02:05:15.0728 AM
[ReportManager] Loaded Shared OpenCV @01-05-2021 02:05:15.0902 AM
[ReportManager] AssertElementAttribute FAILED; Expected [Value Should not be 'Welcome' for the 'text' attribute, element locator 'By.tagName: h1'] and Actual [Welcome to the-internet]. Comparison Type [CONTAINS]. Validation Type [NEGATIVE]. @01-05-2021 02:05:15.0985 AM
[ReportManager] Successfully created attachment [Screenshot - 1619834715902_f15_AssertElementAttribute_failed] @01-05-2021 02:05:15.0987 A
[ReportManager] Successfully created attachment [Selenium WebDriver Logs - server] @01-05-2021 02:05:16.0001 AM
[ReportManager] Successfully created attachment [Selenium WebDriver Logs - performance] @01-05-2021 02:05:16.0021 AM
[ReportManager] Successfully created attachment [Selenium WebDriver Logs - browser] @01-05-2021 02:05:16.0027 AM
[ReportManager] Successfully created attachment [Selenium WebDriver Logs - driver] @01-05-2021 02:05:16.0084 AM
[ReportManager] Successfully Closed All Drivers. @01-05-2021 02:05:16.0157 A
[ReportManager] File Action [getAbsolutePath] successfully performed. With the following test data [Relative Folder Path: "target/downloadedFiles/"]. @01-05-2021 02:05:16.0160 AM
[ReportManager] Attempting to run remotely on: [Linux-64], [GoogleChrome], [http://localhost:4444/wd/hub], Headless Execution. @01-05-2021 02:05:16.0160 AM
[ReportManager] Successfully Opened [GoogleChrome]. @01-05-2021 02:05:16.0385 AM
[ReportManager] Target URL: [https://the-internet.herokuapp.com/] @01-05-2021 02:05:16.0400 AM
[ReportManager] Initial URL: [data:,] @01-05-2021 02:05:16.0443 AM
[ReportManager] Browser Action [navigateToURL] successfully performed. With the following test data [https://the-internet.herokuapp.com/]. @01-05-2021 02:05:16.0896 A

################################################################################################################################################
Starting Execution:	[27 out of 137] test cases in the current suite
Test Method:		[testPackage01.Test_NewValidationHelper.f16]
################################################################################################################################################
[ReportManager] Element Action [identifyUniqueElement] failed. With the following test data [zero elements found matching this locator "By.tagName: h3".]. @01-05-2021 02:05:42.0500 AM
[ReportManager] Successfully created attachment [Screenshot - 1619834742434_f16_identifyUniqueElement_failed] @01-05-2021 02:05:42.0501 AM
[ReportManager] AssertElementAttribute FAILED; Expected [Value Should not be 'Welcome' for the 'text' attribute, element locator 'By.tagName: h3'] and Actual [Failed to read the desired element attribute]. Comparison Type [CONTAINS]. Validation Type [NEGATIVE]. @01-05-2021 02:05:42.0502 A
[ReportManager] Successfully created attachment [Selenium WebDriver Logs - server] @01-05-2021 02:05:42.0514 AM
[ReportManager] Successfully created attachment [Selenium WebDriver Logs - performance] @01-05-2021 02:05:42.0542 AM
[ReportManager] Successfully created attachment [Selenium WebDriver Logs - browser] @01-05-2021 02:05:42.0548 AM
[ReportManager] Successfully created attachment [Selenium WebDriver Logs - driver] @01-05-2021 02:05:42.0620 AM
[ReportManager] Successfully Closed All Drivers. @01-05-2021 02:05:42.0691 A
[ReportManager] File Action [getAbsolutePath] successfully performed. With the following test data [Relative Folder Path: "target/downloadedFiles/"]. @01-05-2021 02:05:42.0693 AM
[ReportManager] Attempting to run remotely on: [Linux-64], [GoogleChrome], [http://localhost:4444/wd/hub], Headless Execution. @01-05-2021 02:05:42.0694 AM
[ReportManager] Successfully Opened [GoogleChrome]. @01-05-2021 02:05:42.0920 AM
[ReportManager] Target URL: [https://the-internet.herokuapp.com/] @01-05-2021 02:05:42.0939 AM
[ReportManager] Initial URL: [data:,] @01-05-2021 02:05:42.0986 AM
[ReportManager] Browser Action [navigateToURL] successfully performed. With the following test data [https://the-internet.herokuapp.com/]. @01-05-2021 02:05:43.0480 A

################################################################################################################################################
Starting Execution:	[28 out of 137] test cases in the current suite
Test Method:		[testPackage01.Test_NewValidationHelper.f17]
################################################################################################################################################
[ReportManager] Attempting to getAttribute [text2] from elementLocator [By.tagName: h1]. @01-05-2021 02:05:43.0482 AM
[ReportManager] Element Action [getAttribute] successfully performed. @01-05-2021 02:05:43.0587 AM
[ReportManager] Loaded Shared OpenCV @01-05-2021 02:05:43.0755 AM
[ReportManager] AssertElementAttribute PASSED; Expected [Value Should not be 'Welcome' for the 'text2' attribute, element locator 'By.tagName: h1'] and Actual [null]. Comparison Type [CONTAINS]. Validation Type [NEGATIVE]. @01-05-2021 02:05:43.0841 AM
[ReportManager] Successfully created attachment [Screenshot - 1619834743755_f17_AssertElementAttribute_passed] @01-05-2021 02:05:43.0842 A
[ReportManager] Successfully created attachment [Selenium WebDriver Logs - server] @01-05-2021 02:05:43.0855 AM
[ReportManager] Successfully created attachment [Selenium WebDriver Logs - performance] @01-05-2021 02:05:43.0881 AM
[ReportManager] Successfully created attachment [Selenium WebDriver Logs - browser] @01-05-2021 02:05:43.0889 AM
[ReportManager] Successfully created attachment [Selenium WebDriver Logs - driver] @01-05-2021 02:05:43.0956 AM
[ReportManager] Successfully Closed All Drivers. @01-05-2021 02:05:44.0037 A
[ReportManager] File Action [getAbsolutePath] successfully performed. With the following test data [Relative Folder Path: "target/downloadedFiles/"]. @01-05-2021 02:05:44.0039 AM
[ReportManager] Attempting to run remotely on: [Linux-64], [GoogleChrome], [http://localhost:4444/wd/hub], Headless Execution. @01-05-2021 02:05:44.0039 AM
[ReportManager] Successfully Opened [GoogleChrome]. @01-05-2021 02:05:44.0295 AM
[ReportManager] Target URL: [https://the-internet.herokuapp.com/] @01-05-2021 02:05:44.0307 AM
[ReportManager] Initial URL: [data:,] @01-05-2021 02:05:44.0352 AM
[ReportManager] Browser Action [navigateToURL] successfully performed. With the following test data [https://the-internet.herokuapp.com/]. @01-05-2021 02:05:44.0811 A

################################################################################################################################################
Starting Execution:	[29 out of 137] test cases in the current suite
Test Method:		[testPackage01.Test_NewValidationHelper.f18]
################################################################################################################################################
[ReportManager] Element Action [getText] successfully performed. With the following test data [Welcome to the-internet]. @01-05-2021 02:05:44.0960 AM
[ReportManager] Loaded Shared OpenCV @01-05-2021 02:05:45.0169 AM
[ReportManager] AssertElementAttribute PASSED; Expected [Value Should not be 'no' for the 'text' attribute, element locator 'By.tagName: h1'] and Actual [Welcome to the-internet]. Comparison Type [CONTAINS]. Validation Type [NEGATIVE]. @01-05-2021 02:05:45.0252 AM
[ReportManager] Successfully created attachment [Screenshot - 1619834745169_f18_AssertElementAttribute_passed] @01-05-2021 02:05:45.0253 A
[ReportManager] Successfully created attachment [Selenium WebDriver Logs - server] @01-05-2021 02:05:45.0271 AM
[ReportManager] Successfully created attachment [Selenium WebDriver Logs - performance] @01-05-2021 02:05:45.0313 AM
[ReportManager] Successfully created attachment [Selenium WebDriver Logs - browser] @01-05-2021 02:05:45.0321 AM
[ReportManager] Successfully created attachment [Selenium WebDriver Logs - driver] @01-05-2021 02:05:45.0410 AM
[ReportManager] Successfully Closed All Drivers. @01-05-2021 02:05:45.0486 A
[ReportManager] File Action [getAbsolutePath] successfully performed. With the following test data [Relative Folder Path: "target/downloadedFiles/"]. @01-05-2021 02:05:45.0489 AM
[ReportManager] Attempting to run remotely on: [Linux-64], [GoogleChrome], [http://localhost:4444/wd/hub], Headless Execution. @01-05-2021 02:05:45.0489 AM
[ReportManager] Successfully Opened [GoogleChrome]. @01-05-2021 02:05:45.0701 AM
[ReportManager] Target URL: [https://the-internet.herokuapp.com/] @01-05-2021 02:05:45.0712 AM
[ReportManager] Initial URL: [data:,] @01-05-2021 02:05:45.0767 AM
[ReportManager] Browser Action [navigateToURL] successfully performed. With the following test data [https://the-internet.herokuapp.com/]. @01-05-2021 02:05:46.0244 A

################################################################################################################################################
Starting Execution:	[30 out of 137] test cases in the current suite
Test Method:		[testPackage01.Test_NewValidationHelper.f19]
################################################################################################################################################
[ReportManager] Element Action [getTagName] successfully performed. With the following test data [h1]. @01-05-2021 02:05:46.0340 AM
[ReportManager] Loaded Shared OpenCV @01-05-2021 02:05:46.0519 AM
[ReportManager] AssertElementAttribute PASSED; Expected [Value Should be 'h' for the 'tagname' attribute, element locator 'By.tagName: h1'] and Actual [h1]. Comparison Type [CONTAINS]. Validation Type [POSITIVE]. @01-05-2021 02:05:46.0601 AM
[ReportManager] Successfully created attachment [Screenshot - 1619834746519_f19_AssertElementAttribute_passed] @01-05-2021 02:05:46.0602 A
[ReportManager] Successfully created attachment [Selenium WebDriver Logs - server] @01-05-2021 02:05:46.0624 AM
[ReportManager] Successfully created attachment [Selenium WebDriver Logs - performance] @01-05-2021 02:05:46.0647 AM
[ReportManager] Successfully created attachment [Selenium WebDriver Logs - browser] @01-05-2021 02:05:46.0654 AM
[ReportManager] Successfully created attachment [Selenium WebDriver Logs - driver] @01-05-2021 02:05:46.0715 AM
[ReportManager] Successfully Closed All Drivers. @01-05-2021 02:05:46.0788 A

################################################################################################################################################
Starting Execution:	[31 out of 137] test cases in the current suite
Test Method:		[testPackage01.Test_NewValidationHelper.f2]
################################################################################################################################################
[ReportManager] Checking valid user data... @01-05-2021 02:05:46.0795 AM
[ReportManager] AssertEquals FAILED; Expected [1] and Actual [2]. Comparison Type [EQUALS]. Validation Type [POSITIVE]. @01-05-2021 02:05:46.0796 A
[ReportManager] File Action [getAbsolutePath] successfully performed. With the following test data [Relative Folder Path: "target/downloadedFiles/"]. @01-05-2021 02:05:46.0802 AM
[ReportManager] Attempting to run remotely on: [Linux-64], [GoogleChrome], [http://localhost:4444/wd/hub], Headless Execution. @01-05-2021 02:05:46.0803 AM
[ReportManager] Successfully Opened [GoogleChrome]. @01-05-2021 02:05:47.0032 AM
[ReportManager] Target URL: [https://the-internet.herokuapp.com/] @01-05-2021 02:05:47.0044 AM
[ReportManager] Initial URL: [data:,] @01-05-2021 02:05:47.0093 AM
[ReportManager] Browser Action [navigateToURL] successfully performed. With the following test data [https://the-internet.herokuapp.com/]. @01-05-2021 02:05:47.0604 A

################################################################################################################################################
Starting Execution:	[32 out of 137] test cases in the current suite
Test Method:		[testPackage01.Test_NewValidationHelper.f20]
################################################################################################################################################
[ReportManager] Element Action [getSize] successfully performed. With the following test data [(755, 61)]. @01-05-2021 02:05:47.0694 AM
[ReportManager] Loaded Shared OpenCV @01-05-2021 02:05:47.0869 AM
[ReportManager] AssertElementAttribute PASSED; Expected [Value Should not be 'a' for the 'size' attribute, element locator 'By.tagName: h1'] and Actual [(755, 61)]. Comparison Type [CONTAINS]. Validation Type [NEGATIVE]. @01-05-2021 02:05:47.0954 AM
[ReportManager] Successfully created attachment [Screenshot - 1619834747869_f20_AssertElementAttribute_passed] @01-05-2021 02:05:47.0955 A
[ReportManager] Successfully created attachment [Selenium WebDriver Logs - server] @01-05-2021 02:05:47.0976 AM
[ReportManager] Successfully created attachment [Selenium WebDriver Logs - performance] @01-05-2021 02:05:47.0998 AM
[ReportManager] Successfully created attachment [Selenium WebDriver Logs - browser] @01-05-2021 02:05:48.0012 AM
[ReportManager] Successfully created attachment [Selenium WebDriver Logs - driver] @01-05-2021 02:05:48.0076 AM
[ReportManager] Successfully Closed All Drivers. @01-05-2021 02:05:48.0160 A
[ReportManager] File Action [getAbsolutePath] successfully performed. With the following test data [Relative Folder Path: "target/downloadedFiles/"]. @01-05-2021 02:05:48.0162 AM
[ReportManager] Attempting to run remotely on: [Linux-64], [GoogleChrome], [http://localhost:4444/wd/hub], Headless Execution. @01-05-2021 02:05:48.0162 AM
[ReportManager] Successfully Opened [GoogleChrome]. @01-05-2021 02:05:48.0518 AM
[ReportManager] Target URL: [https://the-internet.herokuapp.com/] @01-05-2021 02:05:48.0529 AM
[ReportManager] Initial URL: [data:,] @01-05-2021 02:05:48.0578 AM
[ReportManager] Browser Action [navigateToURL] successfully performed. With the following test data [https://the-internet.herokuapp.com/]. @01-05-2021 02:05:49.0078 A

################################################################################################################################################
Starting Execution:	[33 out of 137] test cases in the current suite
Test Method:		[testPackage01.Test_NewValidationHelper.f21]
################################################################################################################################################
[ReportManager] Element Action [identifyUniqueElement] failed. With the following test data [zero elements found matching this locator "By.tagName: h3".]. @01-05-2021 02:06:14.0681 AM
[ReportManager] Successfully created attachment [Screenshot - 1619834774611_f21_identifyUniqueElement_failed] @01-05-2021 02:06:14.0682 AM
[ReportManager] AssertElementAttribute FAILED; Expected [Value Should be 'Welcome' for the 'text' attribute, element locator 'By.tagName: h3'] and Actual [Failed to read the desired element attribute]. Comparison Type [CONTAINS]. Validation Type [POSITIVE]. @01-05-2021 02:06:14.0682 A
[ReportManager] Successfully created attachment [Selenium WebDriver Logs - server] @01-05-2021 02:06:14.0694 AM
[ReportManager] Successfully created attachment [Selenium WebDriver Logs - performance] @01-05-2021 02:06:14.0722 AM
[ReportManager] Successfully created attachment [Selenium WebDriver Logs - browser] @01-05-2021 02:06:14.0729 AM
[ReportManager] Successfully created attachment [Selenium WebDriver Logs - driver] @01-05-2021 02:06:14.0810 AM
[ReportManager] Successfully Closed All Drivers. @01-05-2021 02:06:14.0886 A
[ReportManager] File Action [getAbsolutePath] successfully performed. With the following test data [Relative Folder Path: "target/downloadedFiles/"]. @01-05-2021 02:06:14.0888 AM
[ReportManager] Attempting to run remotely on: [Linux-64], [GoogleChrome], [http://localhost:4444/wd/hub], Headless Execution. @01-05-2021 02:06:14.0888 AM
[ReportManager] Successfully Opened [GoogleChrome]. @01-05-2021 02:06:15.0097 AM
[ReportManager] Target URL: [https://the-internet.herokuapp.com/] @01-05-2021 02:06:15.0108 AM
[ReportManager] Initial URL: [data:,] @01-05-2021 02:06:15.0169 AM
[ReportManager] Browser Action [navigateToURL] successfully performed. With the following test data [https://the-internet.herokuapp.com/]. @01-05-2021 02:06:15.0667 A

################################################################################################################################################
Starting Execution:	[34 out of 137] test cases in the current suite
Test Method:		[testPackage01.Test_NewValidationHelper.f22]
################################################################################################################################################
[ReportManager] Element Action [getText] successfully performed. With the following test data [Welcome to the-internet]. @01-05-2021 02:06:15.0758 AM
[ReportManager] Loaded Shared OpenCV @01-05-2021 02:06:15.0916 AM
[ReportManager] AssertElementAttribute FAILED; Expected [Value Should be 'yyy' for the 'text' attribute, element locator 'By.tagName: h1'] and Actual [Welcome to the-internet]. Comparison Type [CONTAINS]. Validation Type [POSITIVE]. @01-05-2021 02:06:15.0999 AM
[ReportManager] Successfully created attachment [Screenshot - 1619834775916_f22_AssertElementAttribute_failed] @01-05-2021 02:06:16.0000 A
[ReportManager] Successfully created attachment [Selenium WebDriver Logs - server] @01-05-2021 02:06:16.0014 AM
[ReportManager] Successfully created attachment [Selenium WebDriver Logs - performance] @01-05-2021 02:06:16.0036 AM
[ReportManager] Successfully created attachment [Selenium WebDriver Logs - browser] @01-05-2021 02:06:16.0043 AM
[ReportManager] Successfully created attachment [Selenium WebDriver Logs - driver] @01-05-2021 02:06:16.0103 AM
[ReportManager] Successfully Closed All Drivers. @01-05-2021 02:06:16.0178 A

################################################################################################################################################
Starting Execution:	[35 out of 137] test cases in the current suite
Test Method:		[testPackage01.Test_NewValidationHelper.f23]
################################################################################################################################################
[ReportManager] confirming that the actual is greater than or equal to the expected... @01-05-2021 02:06:16.0185 AM
[ReportManager] AssertComparativeRelation PASSED; Expected [1] and Actual [1]. Comparison Type [GREATER_THAN_OR_EQUALS]. Validation Type [POSITIVE]. @01-05-2021 02:06:16.0186 A

################################################################################################################################################
Starting Execution:	[36 out of 137] test cases in the current suite
Test Method:		[testPackage01.Test_NewValidationHelper.f24]
################################################################################################################################################
[ReportManager] AssertComparativeRelation PASSED; Expected [1] and Actual [10]. Comparison Type [GREATER_THAN_OR_EQUALS]. Validation Type [POSITIVE]. @01-05-2021 02:06:16.0189 A

################################################################################################################################################
Starting Execution:	[37 out of 137] test cases in the current suite
Test Method:		[testPackage01.Test_NewValidationHelper.f25]
################################################################################################################################################
[ReportManager] AssertComparativeRelation PASSED; Expected [1] and Actual [1]. Comparison Type [EQUALS]. Validation Type [POSITIVE]. @01-05-2021 02:06:16.0194 A

################################################################################################################################################
Starting Execution:	[38 out of 137] test cases in the current suite
Test Method:		[testPackage01.Test_NewValidationHelper.f26]
################################################################################################################################################
[ReportManager] AssertComparativeRelation PASSED; Expected [1] and Actual [5]. Comparison Type [GREATER_THAN]. Validation Type [POSITIVE]. @01-05-2021 02:06:16.0196 A

################################################################################################################################################
Starting Execution:	[39 out of 137] test cases in the current suite
Test Method:		[testPackage01.Test_NewValidationHelper.f27]
################################################################################################################################################
[ReportManager] AssertComparativeRelation PASSED; Expected [11] and Actual [5]. Comparison Type [LESS_THAN]. Validation Type [POSITIVE]. @01-05-2021 02:06:16.0198 A

################################################################################################################################################
Starting Execution:	[40 out of 137] test cases in the current suite
Test Method:		[testPackage01.Test_NewValidationHelper.f28]
################################################################################################################################################
[ReportManager] AssertComparativeRelation PASSED; Expected [11] and Actual [5]. Comparison Type [LESS_THAN_OR_EQUALS]. Validation Type [POSITIVE]. @01-05-2021 02:06:16.0200 A

################################################################################################################################################
Starting Execution:	[41 out of 137] test cases in the current suite
Test Method:		[testPackage01.Test_NewValidationHelper.f29]
################################################################################################################################################
[ReportManager] AssertComparativeRelation PASSED; Expected [11] and Actual [11]. Comparison Type [LESS_THAN_OR_EQUALS]. Validation Type [POSITIVE]. @01-05-2021 02:06:16.0203 A

################################################################################################################################################
Starting Execution:	[42 out of 137] test cases in the current suite
Test Method:		[testPackage01.Test_NewValidationHelper.f3]
################################################################################################################################################
[ReportManager] AssertEquals PASSED; Expected [1] and Actual [2]. Comparison Type [EQUALS]. Validation Type [NEGATIVE]. @01-05-2021 02:06:16.0205 A

################################################################################################################################################
Starting Execution:	[43 out of 137] test cases in the current suite
Test Method:		[testPackage01.Test_NewValidationHelper.f30]
################################################################################################################################################
[ReportManager] AssertComparativeRelation FAILED; Expected [-9] and Actual [11]. Comparison Type [LESS_THAN_OR_EQUALS]. Validation Type [POSITIVE]. @01-05-2021 02:06:16.0207 A

################################################################################################################################################
Starting Execution:	[44 out of 137] test cases in the current suite
Test Method:		[testPackage01.Test_NewValidationHelper.f31]
################################################################################################################################################
[ReportManager] AssertTrue PASSED; Expected [TRUE] and Actual [TRUE]. Validation Type [POSITIVE]. @01-05-2021 02:06:16.0209 A

################################################################################################################################################
Starting Execution:	[45 out of 137] test cases in the current suite
Test Method:		[testPackage01.Test_NewValidationHelper.f32]
################################################################################################################################################
[ReportManager] AssertTrue PASSED; Expected [FALSE] and Actual [FALSE]. Validation Type [NEGATIVE]. @01-05-2021 02:06:16.0211 A

################################################################################################################################################
Starting Execution:	[46 out of 137] test cases in the current suite
Test Method:		[testPackage01.Test_NewValidationHelper.f33]
################################################################################################################################################
[ReportManager] AssertTrue FAILED; Expected [FALSE] and Actual [TRUE]. Validation Type [NEGATIVE]. @01-05-2021 02:06:16.0213 A

################################################################################################################################################
Starting Execution:	[47 out of 137] test cases in the current suite
Test Method:		[testPackage01.Test_NewValidationHelper.f34]
################################################################################################################################################
[ReportManager] AssertTrue FAILED; Expected [TRUE] and Actual [FALSE]. Validation Type [POSITIVE]. @01-05-2021 02:06:16.0215 A

################################################################################################################################################
Starting Execution:	[48 out of 137] test cases in the current suite
Test Method:		[testPackage01.Test_NewValidationHelper.f35]
################################################################################################################################################
[ReportManager] File Action [doesFileExist] successfully performed. With the following test data [File Path: "pom.xml"]. @01-05-2021 02:06:16.0217 AM
[ReportManager] AssertFileExists PASSED; Expected [File 'pom.xml' should exist, after up to '1' retries] and Actual [File exists]. Validation Type [POSITIVE]. @01-05-2021 02:06:16.0221 A

################################################################################################################################################
Starting Execution:	[49 out of 137] test cases in the current suite
Test Method:		[testPackage01.Test_NewValidationHelper.f36]
################################################################################################################################################
[ReportManager] File Action [doesFileExist] successfully performed. With the following test data [File Path: "src/test/java/testPackage01/Test_NewValidationHelper.java"]. @01-05-2021 02:06:16.0223 AM
[ReportManager] AssertFileExists PASSED; Expected [File 'src/test/java/testPackage01/Test_NewValidationHelper.java' should exist, after up to '1' retries] and Actual [File exists]. Validation Type [POSITIVE]. @01-05-2021 02:06:16.0223 A

################################################################################################################################################
Starting Execution:	[50 out of 137] test cases in the current suite
Test Method:		[testPackage01.Test_NewValidationHelper.f37]
################################################################################################################################################
[ReportManager] confirming that the file does't exist after 5 retries... @01-05-2021 02:06:16.0225 AM
[ReportManager] File Action [doesFileExist] successfully performed. With the following test data [File Path: "pom.xml"]. @01-05-2021 02:06:16.0225 AM
[ReportManager] AssertFileExists FAILED; Expected [File 'pom.xml' should not exist, after up to '5' retries] and Actual [File exists]. Validation Type [NEGATIVE]. @01-05-2021 02:06:16.0226 A

################################################################################################################################################
Starting Execution:	[51 out of 137] test cases in the current suite
Test Method:		[testPackage01.Test_NewValidationHelper.f3_1]
################################################################################################################################################
[ReportManager] Checking valid user data... @01-05-2021 02:06:16.0228 AM
[ReportManager] AssertEquals PASSED; Expected [null] and Actual [null]. Comparison Type [EQUALS]. Validation Type [POSITIVE]. @01-05-2021 02:06:16.0228 A

################################################################################################################################################
Starting Execution:	[52 out of 137] test cases in the current suite
Test Method:		[testPackage01.Test_NewValidationHelper.f4]
################################################################################################################################################
[ReportManager] AssertEquals PASSED; Expected [1] and Actual [123]. Comparison Type [CONTAINS]. Validation Type [POSITIVE]. @01-05-2021 02:06:16.0230 A

################################################################################################################################################
Starting Execution:	[53 out of 137] test cases in the current suite
Test Method:		[testPackage01.Test_NewValidationHelper.f5]
################################################################################################################################################
[ReportManager] AssertNull PASSED; Expected [NULL] and Actual [1]. Comparison Type [EQUALS]. Validation Type [NEGATIVE]. @01-05-2021 02:06:16.0237 A

################################################################################################################################################
Starting Execution:	[54 out of 137] test cases in the current suite
Test Method:		[testPackage01.Test_NewValidationHelper.f6]
################################################################################################################################################
[ReportManager] Making sure that null string is not equal to null object... @01-05-2021 02:06:16.0238 AM
[ReportManager] AssertNull FAILED; Expected [NULL] and Actual [NULL]. Comparison Type [EQUALS]. Validation Type [POSITIVE]. @01-05-2021 02:06:16.0239 A

################################################################################################################################################
Starting Execution:	[55 out of 137] test cases in the current suite
Test Method:		[testPackage01.Test_NewValidationHelper.f6_1]
################################################################################################################################################
[ReportManager] AssertNull FAILED; Expected [NULL] and Actual [NULL]. Comparison Type [EQUALS]. Validation Type [NEGATIVE]. @01-05-2021 02:06:16.0241 A

################################################################################################################################################
Starting Execution:	[56 out of 137] test cases in the current suite
Test Method:		[testPackage01.Test_NewValidationHelper.f6_2]
################################################################################################################################################
[ReportManager] Making sure that null string is not equal to null object... @01-05-2021 02:06:16.0245 AM
[ReportManager] AssertNull FAILED; Expected [NULL] and Actual [not null]. Comparison Type [EQUALS]. Validation Type [POSITIVE]. @01-05-2021 02:06:16.0245 A

################################################################################################################################################
Starting Execution:	[57 out of 137] test cases in the current suite
Test Method:		[testPackage01.Test_NewValidationHelper.f7]
################################################################################################################################################
[ReportManager] AssertNull PASSED; Expected [NULL] and Actual [NULL]. Comparison Type [EQUALS]. Validation Type [POSITIVE]. @01-05-2021 02:06:16.0251 A
[ReportManager] File Action [getAbsolutePath] successfully performed. With the following test data [Relative Folder Path: "target/downloadedFiles/"]. @01-05-2021 02:06:16.0254 AM
[ReportManager] Attempting to run remotely on: [Linux-64], [GoogleChrome], [http://localhost:4444/wd/hub], Headless Execution. @01-05-2021 02:06:16.0254 AM
[ReportManager] Successfully Opened [GoogleChrome]. @01-05-2021 02:06:16.0486 AM
[ReportManager] Target URL: [https://the-internet.herokuapp.com/] @01-05-2021 02:06:16.0497 AM
[ReportManager] Initial URL: [data:,] @01-05-2021 02:06:16.0546 AM
[ReportManager] Browser Action [navigateToURL] successfully performed. With the following test data [https://the-internet.herokuapp.com/]. @01-05-2021 02:06:17.0043 A

################################################################################################################################################
Starting Execution:	[58 out of 137] test cases in the current suite
Test Method:		[testPackage01.Test_NewValidationHelper.f8]
################################################################################################################################################
[ReportManager] Loaded Shared OpenCV @01-05-2021 02:06:17.0285 AM
[ReportManager] AssertElementExists PASSED; Expected [Element Should Exist, locator 'By.tagName: h1'] and Actual [Element Exists]. Comparison Type [EQUALS]. Validation Type [POSITIVE]. @01-05-2021 02:06:17.0374 AM
[ReportManager] Successfully created attachment [Screenshot - 1619834777285_f8_AssertElementExists_passed] @01-05-2021 02:06:17.0375 A
[ReportManager] Successfully created attachment [Selenium WebDriver Logs - server] @01-05-2021 02:06:17.0388 AM
[ReportManager] Successfully created attachment [Selenium WebDriver Logs - performance] @01-05-2021 02:06:17.0414 AM
[ReportManager] Successfully created attachment [Selenium WebDriver Logs - browser] @01-05-2021 02:06:17.0424 AM
[ReportManager] Successfully created attachment [Selenium WebDriver Logs - driver] @01-05-2021 02:06:17.0483 AM
[ReportManager] Successfully Closed All Drivers. @01-05-2021 02:06:17.0561 A
[ReportManager] File Action [getAbsolutePath] successfully performed. With the following test data [Relative Folder Path: "target/downloadedFiles/"]. @01-05-2021 02:06:17.0563 AM
[ReportManager] Attempting to run remotely on: [Linux-64], [GoogleChrome], [http://localhost:4444/wd/hub], Headless Execution. @01-05-2021 02:06:17.0563 AM
[ReportManager] Successfully Opened [GoogleChrome]. @01-05-2021 02:06:17.0801 AM
[ReportManager] Target URL: [https://the-internet.herokuapp.com/] @01-05-2021 02:06:17.0811 AM
[ReportManager] Initial URL: [data:,] @01-05-2021 02:06:17.0860 AM
[ReportManager] Browser Action [navigateToURL] successfully performed. With the following test data [https://the-internet.herokuapp.com/]. @01-05-2021 02:06:18.0319 A

################################################################################################################################################
Starting Execution:	[59 out of 137] test cases in the current suite
Test Method:		[testPackage01.Test_NewValidationHelper.f9]
################################################################################################################################################
[ReportManager] AssertElementExists FAILED; Expected [Element Should Exist, locator 'By.tagName: h3'] and Actual [Element Doesn't Exists]. Comparison Type [EQUALS]. Validation Type [POSITIVE]. @01-05-2021 02:06:48.0996 AM
[ReportManager] Successfully created attachment [Screenshot - 1619834808931_f9_AssertElementExists_failed] @01-05-2021 02:06:48.0997 A
[ReportManager] Successfully created attachment [Selenium WebDriver Logs - server] @01-05-2021 02:06:49.0010 AM
[ReportManager] Successfully created attachment [Selenium WebDriver Logs - performance] @01-05-2021 02:06:49.0032 AM
[ReportManager] Successfully created attachment [Selenium WebDriver Logs - browser] @01-05-2021 02:06:49.0039 AM
[ReportManager] Successfully created attachment [Selenium WebDriver Logs - driver] @01-05-2021 02:06:49.0117 AM
[ReportManager] Successfully Closed All Drivers. @01-05-2021 02:06:49.0190 A

################################################################################################################################################
Starting Execution:	[60 out of 137] test cases in the current suite
Test Method:		[testPackage01.Test_NewValidationHelper.forceFail]
################################################################################################################################################
[ReportManager] AssertFail FAILED; Expected [null] and Actual [null]. @01-05-2021 02:06:49.0194 A

################################################################################################################################################
Starting Execution:	[61 out of 137] test cases in the current suite
Test Method:		[testPackage01.Test_NewValidationHelper.forceFail2]
################################################################################################################################################
[ReportManager] Custom Message... @01-05-2021 02:06:49.0197 AM
[ReportManager] AssertFail FAILED; Expected [null] and Actual [null]. @01-05-2021 02:06:49.0197 A
[ReportManager] Successfully loaded the following test data file [src/test/resources/TestDataFiles/testSuite01/TestData.xlsx]. @01-05-2021 02:06:50.0264 AM
[ReportManager] Successfully created attachment [Test Data - Excel] @01-05-2021 02:06:50.0264 AM
[ReportManager] File Action [getAbsolutePath] successfully performed. With the following test data [Relative Folder Path: "target/downloadedFiles/"]. @01-05-2021 02:06:50.0264 AM
[ReportManager] Attempting to run remotely on: [Linux-64], [GoogleChrome], [http://localhost:4444/wd/hub], Headless Execution. @01-05-2021 02:06:50.0264 AM
[ReportManager] Successfully Opened [GoogleChrome]. @01-05-2021 02:06:50.0588 A

################################################################################################################################################
Starting Execution:	[62 out of 137] test cases in the current suite
Test Method:		[testPackage01.Test_google.navigateToURLandVerifyGoogleLogoIsDisplayed]
Test Description:	[TC001 - Navigate to URL and Verify Google Logo is Displayed]
################################################################################################################################################
[ReportManager] Target URL: [https://www.google.com/ncr], and after redirection: [https://www.google.com] @01-05-2021 02:06:50.0612 AM
[ReportManager] Initial URL: [data:,] @01-05-2021 02:06:50.0695 AM
[ReportManager] Browser Action [navigateToURL] successfully performed. With the following test data [https://www.google.com/ncr]. @01-05-2021 02:06:51.0641 AM
[ReportManager] Loaded Shared OpenCV @01-05-2021 02:06:51.0856 AM
[ReportManager] AssertElementExists PASSED; Expected [Element Should Exist, locator 'By.xpath: //img[@id='hplogo' or @alt='Google']'] and Actual [Element Exists]. Comparison Type [EQUALS]. Validation Type [POSITIVE]. @01-05-2021 02:06:51.0950 AM
[ReportManager] Successfully created attachment [Screenshot - 1619834811855_navigateToURLandVerifyGoogleLogoIsDisplayed_AssertElementExists_passed] @01-05-2021 02:06:51.0951 A

################################################################################################################################################
Starting Execution:	[63 out of 137] test cases in the current suite
Test Method:		[testPackage01.Test_google.searchForQueryandAssertResultsNumDisplayed]
Test Description:	[TC002 - Search for Query and Assert that the number of results is displayed]
################################################################################################################################################
[ReportManager] Element Action [type] successfully performed. With the following test data [SHAFT_Engine]. @01-05-2021 02:06:52.0564 AM
[ReportManager] Element Action [keyPress] successfully performed. With the following test data [Enter]. @01-05-2021 02:06:53.0842 AM
[ReportManager] Element Action [getText] successfully performed. With the following test data [About 659,000 results (0.71 seconds) ]. @01-05-2021 02:06:53.0924 AM
[ReportManager] Loaded Shared OpenCV @01-05-2021 02:06:54.0097 AM
[ReportManager] AssertElementAttribute PASSED; Expected [Value Should not be '' for the 'Text' attribute, element locator 'By.id: appbar'] and Actual [About 659,000 results (0.71 seconds) ]. Comparison Type [EQUALS]. Validation Type [NEGATIVE]. @01-05-2021 02:06:54.0190 AM
[ReportManager] Successfully created attachment [Screenshot - 1619834814097_searchForQueryandAssertResultsNumDisplayed_AssertElementAttribute_passed] @01-05-2021 02:06:54.0191 A

################################################################################################################################################
Starting Execution:	[64 out of 137] test cases in the current suite
Test Method:		[testPackage01.Test_google.clickNextThrice]
Test Description:	[TC003 - Clicks the next button to make sure that the framework can scroll element into view before clicking it]
################################################################################################################################################
[ReportManager] Element Action [click] successfully performed. With the following test data [Next]. @01-05-2021 02:06:55.0809 A
[ReportManager] Successfully created attachment [Selenium WebDriver Logs - server] @01-05-2021 02:06:55.0968 AM
[ReportManager] Successfully created attachment [Selenium WebDriver Logs - performance] @01-05-2021 02:06:56.0213 AM
[ReportManager] Successfully created attachment [Selenium WebDriver Logs - driver] @01-05-2021 02:06:56.0583 AM
[ReportManager] Browser Action [closeCurrentWindow] successfully performed. @01-05-2021 02:06:56.0649 AM
[ReportManager] Successfully created attachment [Browser Action Test Data - closeCurrentWindow - Actual Value] @01-05-2021 02:06:56.0651 A

################################################################################################################################################
Starting Execution:	[65 out of 137] test cases in the current suite
Test Method:		[testPackage01.Test_testData.f]
################################################################################################################################################
[ReportManager] Successfully loaded the following test data file [src/test/resources/TestDataFiles/testSuite01/TestData.xlsx]. @01-05-2021 02:06:56.0741 AM
[ReportManager] Successfully created attachment [Test Data - Excel] @01-05-2021 02:06:56.0741 AM
[ReportManager] Last Column Number is: [3]. Zero-based. @01-05-2021 02:06:56.0742 A

################################################################################################################################################
Starting Execution:	[66 out of 137] test cases in the current suite
Test Method:		[testPackage01.Test_JsonActions.f]
###############################################################################################################################################

################################################################################################################################################
Starting Execution:	[67 out of 137] test cases in the current suite
Test Method:		[testPackage01.Test_JsonActions.f2]
###############################################################################################################################################

################################################################################################################################################
Starting Execution:	[68 out of 137] test cases in the current suite
Test Method:		[testPackage01.Test_JsonCompareWithSpecialCharacters.specialCharacters]
################################################################################################################################################
[ReportManager] File Action [getAbsolutePath] successfully performed. With the following test data [Relative Folder Path: "src/test/resources/TestJsonFiles/specialCharacters.json"]. @01-05-2021 02:06:56.0861 AM
[ReportManager] File Action [readFromFile] successfully performed. With the following test data [File Path: "/home/runner/work/SHAFT_ENGINE/SHAFT_ENGINE/src/test/resources/TestJsonFiles/specialCharacters.json"]. @01-05-2021 02:06:56.0868 AM
[ReportManager] Successfully created attachment [File Action Actual Result - Command Log] @01-05-2021 02:06:56.0868 AM
[ReportManager] Comparing the provided API response with the file at this path "src/test/resources/TestJsonFiles/specialCharacters.json", comparison type "EQUALS" @01-05-2021 02:06:56.0967 AM
[ReportManager] API Action [compareJSON] successfully performed. With the following test data [src/test/resources/TestJsonFiles/specialCharacters.json]. @01-05-2021 02:06:57.0087 AM
[ReportManager] File Action [getAbsolutePath] successfully performed. With the following test data [Relative Folder Path: "src/test/resources/TestJsonFiles/specialCharacters.json"]. @01-05-2021 02:06:57.0087 AM
[ReportManager] File Action [readFromFile] successfully performed. With the following test data [File Path: "/home/runner/work/SHAFT_ENGINE/SHAFT_ENGINE/src/test/resources/TestJsonFiles/specialCharacters.json"]. @01-05-2021 02:06:57.0088 AM
[ReportManager] VerifyJSONFileContent PASSED; Expected [Response data should match the JSON File in this path 'src/test/resources/TestJsonFiles/specialCharacters.json'] and Actual [TRUE]. Comparison Type [EQUALS]. Validation Type [POSITIVE]. @01-05-2021 02:06:57.0099 AM
[ReportManager] Successfully created attachment [Validation Test Data - Expected JSON Value] @01-05-2021 02:06:57.0100 AM
[ReportManager] Successfully created attachment [Validation Test Data - Actual JSON Value] @01-05-2021 02:06:57.0101 A

################################################################################################################################################
Starting Execution:	[69 out of 137] test cases in the current suite
Test Method:		[testPackage01.Test_JsonCompareWithSpecialCharacters.specialCharacters_assertion]
################################################################################################################################################
[ReportManager] File Action [getAbsolutePath] successfully performed. With the following test data [Relative Folder Path: "src/test/resources/TestJsonFiles/specialCharacters.json"]. @01-05-2021 02:06:57.0108 AM
[ReportManager] File Action [readFromFile] successfully performed. With the following test data [File Path: "/home/runner/work/SHAFT_ENGINE/SHAFT_ENGINE/src/test/resources/TestJsonFiles/specialCharacters.json"]. @01-05-2021 02:06:57.0108 AM
[ReportManager] Successfully created attachment [File Action Actual Result - Command Log] @01-05-2021 02:06:57.0109 AM
[ReportManager] trying out the log message... @01-05-2021 02:06:57.0114 AM
[ReportManager] Comparing the provided API response with the file at this path "src/test/resources/TestJsonFiles/specialCharacters.json", comparison type "CONTAINS" @01-05-2021 02:06:57.0114 AM
[ReportManager] API Action [compareJSON] successfully performed. With the following test data [src/test/resources/TestJsonFiles/specialCharacters.json]. @01-05-2021 02:06:57.0128 AM
[ReportManager] File Action [getAbsolutePath] successfully performed. With the following test data [Relative Folder Path: "src/test/resources/TestJsonFiles/specialCharacters.json"]. @01-05-2021 02:06:57.0128 AM
[ReportManager] File Action [readFromFile] successfully performed. With the following test data [File Path: "/home/runner/work/SHAFT_ENGINE/SHAFT_ENGINE/src/test/resources/TestJsonFiles/specialCharacters.json"]. @01-05-2021 02:06:57.0128 AM
[ReportManager] AssertJSONFileContent PASSED; Expected [Response data should match the JSON File in this path 'src/test/resources/TestJsonFiles/specialCharacters.json'] and Actual [TRUE]. Comparison Type [CONTAINS]. Validation Type [POSITIVE]. @01-05-2021 02:06:57.0135 AM
[ReportManager] Successfully created attachment [Validation Test Data - Expected JSON Value] @01-05-2021 02:06:57.0136 AM
[ReportManager] Successfully created attachment [Validation Test Data - Actual JSON Value] @01-05-2021 02:06:57.0137 A

################################################################################################################################################
Starting Execution:	[70 out of 137] test cases in the current suite
Test Method:		[unitTests.tests_validations_assertions.assertComparativeRelation_greaterThanOrEquals_false_equals_expectedToFail]
################################################################################################################################################
[ReportManager] AssertComparativeRelation FAILED; Expected [1] and Actual [1]. Comparison Type [GREATER_THAN_OR_EQUALS]. Validation Type [NEGATIVE]. @01-05-2021 02:06:57.0145 A

################################################################################################################################################
Starting Execution:	[71 out of 137] test cases in the current suite
Test Method:		[unitTests.tests_validations_assertions.assertComparativeRelation_greaterThanOrEquals_false_equals_expectedToPass]
################################################################################################################################################
[ReportManager] AssertComparativeRelation PASSED; Expected [2] and Actual [1]. Comparison Type [GREATER_THAN_OR_EQUALS]. Validation Type [NEGATIVE]. @01-05-2021 02:06:57.0149 A

################################################################################################################################################
Starting Execution:	[72 out of 137] test cases in the current suite
Test Method:		[unitTests.tests_validations_assertions.assertComparativeRelation_greaterThanOrEquals_false_greaterThan_expectedToFail]
################################################################################################################################################
[ReportManager] AssertComparativeRelation FAILED; Expected [1] and Actual [2]. Comparison Type [GREATER_THAN_OR_EQUALS]. Validation Type [NEGATIVE]. @01-05-2021 02:06:57.0152 A

################################################################################################################################################
Starting Execution:	[73 out of 137] test cases in the current suite
Test Method:		[unitTests.tests_validations_assertions.assertComparativeRelation_greaterThanOrEquals_false_greaterThan_expectedToPass]
################################################################################################################################################
[ReportManager] AssertComparativeRelation PASSED; Expected [2] and Actual [1]. Comparison Type [GREATER_THAN_OR_EQUALS]. Validation Type [NEGATIVE]. @01-05-2021 02:06:57.0157 A

################################################################################################################################################
Starting Execution:	[74 out of 137] test cases in the current suite
Test Method:		[unitTests.tests_validations_assertions.assertComparativeRelation_greaterThanOrEquals_true_equals_expectedToFail]
################################################################################################################################################
[ReportManager] AssertComparativeRelation FAILED; Expected [1] and Actual [0]. Comparison Type [GREATER_THAN_OR_EQUALS]. Validation Type [POSITIVE]. @01-05-2021 02:06:57.0164 A

################################################################################################################################################
Starting Execution:	[75 out of 137] test cases in the current suite
Test Method:		[unitTests.tests_validations_assertions.assertComparativeRelation_greaterThanOrEquals_true_equals_expectedToPass]
################################################################################################################################################
[ReportManager] AssertComparativeRelation PASSED; Expected [1] and Actual [1]. Comparison Type [GREATER_THAN_OR_EQUALS]. Validation Type [POSITIVE]. @01-05-2021 02:06:57.0167 A

################################################################################################################################################
Starting Execution:	[76 out of 137] test cases in the current suite
Test Method:		[unitTests.tests_validations_assertions.assertComparativeRelation_greaterThanOrEquals_true_greaterThan_expectedToFail]
################################################################################################################################################
[ReportManager] AssertComparativeRelation FAILED; Expected [2] and Actual [1]. Comparison Type [GREATER_THAN_OR_EQUALS]. Validation Type [POSITIVE]. @01-05-2021 02:06:57.0170 A

################################################################################################################################################
Starting Execution:	[77 out of 137] test cases in the current suite
Test Method:		[unitTests.tests_validations_assertions.assertComparativeRelation_greaterThanOrEquals_true_greaterThan_expectedToPass]
################################################################################################################################################
[ReportManager] AssertComparativeRelation PASSED; Expected [1] and Actual [2]. Comparison Type [GREATER_THAN_OR_EQUALS]. Validation Type [POSITIVE]. @01-05-2021 02:06:57.0176 A
[ReportManager] File Action [getAbsolutePath] successfully performed. With the following test data [Relative Folder Path: "target/downloadedFiles/"]. @01-05-2021 02:06:57.0179 AM
[ReportManager] Attempting to run remotely on: [Linux-64], [GoogleChrome], [http://localhost:4444/wd/hub], Headless Execution. @01-05-2021 02:06:57.0181 AM
[ReportManager] Successfully Opened [GoogleChrome]. @01-05-2021 02:06:57.0417 AM
[ReportManager] Target URL: [https://www.google.com/ncr], and after redirection: [www.google.com] @01-05-2021 02:06:57.0427 AM
[ReportManager] Initial URL: [data:,] @01-05-2021 02:06:57.0484 AM
[ReportManager] Browser Action [navigateToURL] successfully performed. With the following test data [https://www.google.com/ncr]. @01-05-2021 02:06:58.0321 A

################################################################################################################################################
Starting Execution:	[78 out of 137] test cases in the current suite
Test Method:		[unitTests.tests_validations_assertions.assertElementAttribute_false_caseInsensitiveComparison_expectedToFail]
################################################################################################################################################
[ReportManager] Element Action [type] successfully performed. With the following test data [AUTOMATION]. @01-05-2021 02:06:58.0841 AM
[ReportManager] Element Action [getText] successfully performed. With the following test data [AUTOMATION]. @01-05-2021 02:06:59.0002 AM
[ReportManager] Loaded Shared OpenCV @01-05-2021 02:06:59.0162 AM
[ReportManager] AssertElementAttribute FAILED; Expected [Value Should not be 'AutomaTion' for the 'text' attribute, element locator 'By.name: q'] and Actual [AUTOMATION]. Comparison Type [CASE_INSENSITIVE]. Validation Type [NEGATIVE]. @01-05-2021 02:06:59.0243 AM
[ReportManager] Successfully created attachment [Screenshot - 1619834819162_assertElementAttribute_false_caseInsensitiveComparison_expectedToFail_AssertElementAttribute_failed] @01-05-2021 02:06:59.0244 A
[ReportManager] Successfully created attachment [Selenium WebDriver Logs - server] @01-05-2021 02:06:59.0328 AM
[ReportManager] Successfully created attachment [Selenium WebDriver Logs - performance] @01-05-2021 02:06:59.0413 AM
[ReportManager] Successfully created attachment [Selenium WebDriver Logs - driver] @01-05-2021 02:06:59.0540 AM
[ReportManager] Browser Action [closeCurrentWindow] successfully performed. @01-05-2021 02:06:59.0595 AM
[ReportManager] Successfully created attachment [Browser Action Test Data - closeCurrentWindow - Actual Value] @01-05-2021 02:06:59.0596 A
[ReportManager] File Action [getAbsolutePath] successfully performed. With the following test data [Relative Folder Path: "target/downloadedFiles/"]. @01-05-2021 02:06:59.0599 AM
[ReportManager] Attempting to run remotely on: [Linux-64], [GoogleChrome], [http://localhost:4444/wd/hub], Headless Execution. @01-05-2021 02:06:59.0599 AM
[ReportManager] Successfully Opened [GoogleChrome]. @01-05-2021 02:06:59.0826 AM
[ReportManager] Target URL: [https://www.google.com/ncr], and after redirection: [www.google.com] @01-05-2021 02:06:59.0836 AM
[ReportManager] Initial URL: [data:,] @01-05-2021 02:06:59.0893 AM
[ReportManager] Browser Action [navigateToURL] successfully performed. With the following test data [https://www.google.com/ncr]. @01-05-2021 02:07:00.0734 A

################################################################################################################################################
Starting Execution:	[79 out of 137] test cases in the current suite
Test Method:		[unitTests.tests_validations_assertions.assertElementAttribute_false_caseInsensitiveComparison_expectedToPass]
################################################################################################################################################
[ReportManager] Element Action [type] successfully performed. With the following test data [AUTOMATION]. @01-05-2021 02:07:01.0242 AM
[ReportManager] Element Action [getText] successfully performed. With the following test data [AUTOMATION]. @01-05-2021 02:07:01.0353 AM
[ReportManager] Loaded Shared OpenCV @01-05-2021 02:07:01.0510 AM
[ReportManager] AssertElementAttribute PASSED; Expected [Value Should not be 'AutomaTion123' for the 'text' attribute, element locator 'By.name: q'] and Actual [AUTOMATION]. Comparison Type [CASE_INSENSITIVE]. Validation Type [NEGATIVE]. @01-05-2021 02:07:01.0597 AM
[ReportManager] Successfully created attachment [Screenshot - 1619834821510_assertElementAttribute_false_caseInsensitiveComparison_expectedToPass_AssertElementAttribute_passed] @01-05-2021 02:07:01.0599 A
[ReportManager] Successfully created attachment [Selenium WebDriver Logs - server] @01-05-2021 02:07:01.0680 AM
[ReportManager] Successfully created attachment [Selenium WebDriver Logs - performance] @01-05-2021 02:07:01.0755 AM
[ReportManager] Successfully created attachment [Selenium WebDriver Logs - driver] @01-05-2021 02:07:01.0881 AM
[ReportManager] Browser Action [closeCurrentWindow] successfully performed. @01-05-2021 02:07:01.0937 AM
[ReportManager] Successfully created attachment [Browser Action Test Data - closeCurrentWindow - Actual Value] @01-05-2021 02:07:01.0938 A
[ReportManager] File Action [getAbsolutePath] successfully performed. With the following test data [Relative Folder Path: "target/downloadedFiles/"]. @01-05-2021 02:07:01.0945 AM
[ReportManager] Attempting to run remotely on: [Linux-64], [GoogleChrome], [http://localhost:4444/wd/hub], Headless Execution. @01-05-2021 02:07:01.0946 AM
[ReportManager] Successfully Opened [GoogleChrome]. @01-05-2021 02:07:02.0166 AM
[ReportManager] Target URL: [https://www.google.com/ncr], and after redirection: [www.google.com] @01-05-2021 02:07:02.0181 AM
[ReportManager] Initial URL: [data:,] @01-05-2021 02:07:02.0233 AM
[ReportManager] Browser Action [navigateToURL] successfully performed. With the following test data [https://www.google.com/ncr]. @01-05-2021 02:07:03.0091 A

################################################################################################################################################
Starting Execution:	[80 out of 137] test cases in the current suite
Test Method:		[unitTests.tests_validations_assertions.assertElementAttribute_false_containsComparison_expectedToFail]
################################################################################################################################################
[ReportManager] Element Action [type] successfully performed. With the following test data [Automation123]. @01-05-2021 02:07:03.0639 AM
[ReportManager] Element Action [getText] successfully performed. With the following test data [Automation123]. @01-05-2021 02:07:03.0742 AM
[ReportManager] Loaded Shared OpenCV @01-05-2021 02:07:03.0888 AM
[ReportManager] AssertElementAttribute FAILED; Expected [Value Should not be 'Automation' for the 'text' attribute, element locator 'By.name: q'] and Actual [Automation123]. Comparison Type [CONTAINS]. Validation Type [NEGATIVE]. @01-05-2021 02:07:03.0963 AM
[ReportManager] Successfully created attachment [Screenshot - 1619834823888_assertElementAttribute_false_containsComparison_expectedToFail_AssertElementAttribute_failed] @01-05-2021 02:07:03.0964 A
[ReportManager] Successfully created attachment [Selenium WebDriver Logs - server] @01-05-2021 02:07:04.0043 AM
[ReportManager] Successfully created attachment [Selenium WebDriver Logs - performance] @01-05-2021 02:07:04.0130 AM
[ReportManager] Successfully created attachment [Selenium WebDriver Logs - driver] @01-05-2021 02:07:04.0275 AM
[ReportManager] Browser Action [closeCurrentWindow] successfully performed. @01-05-2021 02:07:04.0331 AM
[ReportManager] Successfully created attachment [Browser Action Test Data - closeCurrentWindow - Actual Value] @01-05-2021 02:07:04.0332 A
[ReportManager] File Action [getAbsolutePath] successfully performed. With the following test data [Relative Folder Path: "target/downloadedFiles/"]. @01-05-2021 02:07:04.0335 AM
[ReportManager] Attempting to run remotely on: [Linux-64], [GoogleChrome], [http://localhost:4444/wd/hub], Headless Execution. @01-05-2021 02:07:04.0335 AM
[ReportManager] Successfully Opened [GoogleChrome]. @01-05-2021 02:07:04.0579 AM
[ReportManager] Target URL: [https://www.google.com/ncr], and after redirection: [www.google.com] @01-05-2021 02:07:04.0593 AM
[ReportManager] Initial URL: [data:,] @01-05-2021 02:07:04.0633 AM
[ReportManager] Browser Action [navigateToURL] successfully performed. With the following test data [https://www.google.com/ncr]. @01-05-2021 02:07:05.0482 A

################################################################################################################################################
Starting Execution:	[81 out of 137] test cases in the current suite
Test Method:		[unitTests.tests_validations_assertions.assertElementAttribute_false_containsComparison_expectedToPass]
################################################################################################################################################
[ReportManager] Element Action [type] successfully performed. With the following test data [Automation123]. @01-05-2021 02:07:06.0043 AM
[ReportManager] Element Action [getText] successfully performed. With the following test data [Automation123]. @01-05-2021 02:07:06.0159 AM
[ReportManager] Loaded Shared OpenCV @01-05-2021 02:07:06.0306 AM
[ReportManager] AssertElementAttribute PASSED; Expected [Value Should not be 'Automation1234' for the 'text' attribute, element locator 'By.name: q'] and Actual [Automation123]. Comparison Type [CONTAINS]. Validation Type [NEGATIVE]. @01-05-2021 02:07:06.0394 AM
[ReportManager] Successfully created attachment [Screenshot - 1619834826305_assertElementAttribute_false_containsComparison_expectedToPass_AssertElementAttribute_passed] @01-05-2021 02:07:06.0395 A
[ReportManager] Successfully created attachment [Selenium WebDriver Logs - server] @01-05-2021 02:07:06.0476 AM
[ReportManager] Successfully created attachment [Selenium WebDriver Logs - performance] @01-05-2021 02:07:06.0567 AM
[ReportManager] Successfully created attachment [Selenium WebDriver Logs - driver] @01-05-2021 02:07:06.0694 AM
[ReportManager] Browser Action [closeCurrentWindow] successfully performed. @01-05-2021 02:07:06.0750 AM
[ReportManager] Successfully created attachment [Browser Action Test Data - closeCurrentWindow - Actual Value] @01-05-2021 02:07:06.0751 A
[ReportManager] File Action [getAbsolutePath] successfully performed. With the following test data [Relative Folder Path: "target/downloadedFiles/"]. @01-05-2021 02:07:06.0754 AM
[ReportManager] Attempting to run remotely on: [Linux-64], [GoogleChrome], [http://localhost:4444/wd/hub], Headless Execution. @01-05-2021 02:07:06.0754 AM
[ReportManager] Successfully Opened [GoogleChrome]. @01-05-2021 02:07:06.0991 AM
[ReportManager] Target URL: [https://www.google.com/ncr], and after redirection: [www.google.com] @01-05-2021 02:07:07.0007 AM
[ReportManager] Initial URL: [data:,] @01-05-2021 02:07:07.0055 AM
[ReportManager] Browser Action [navigateToURL] successfully performed. With the following test data [https://www.google.com/ncr]. @01-05-2021 02:07:07.0884 A

################################################################################################################################################
Starting Execution:	[82 out of 137] test cases in the current suite
Test Method:		[unitTests.tests_validations_assertions.assertElementAttribute_false_literalComparison_expectedToFail]
################################################################################################################################################
[ReportManager] Element Action [type] successfully performed. With the following test data [Automation!@#$%^&*()_+{}[]\';/.,]. @01-05-2021 02:07:09.0044 AM
[ReportManager] Element Action [getText] successfully performed. With the following test data [Automation!@#$%^&*()_+{}[]\';/.,]. @01-05-2021 02:07:09.0147 AM
[ReportManager] Loaded Shared OpenCV @01-05-2021 02:07:09.0312 AM
[ReportManager] AssertElementAttribute PASSED; Expected [Value Should not be 'Automation!@#$%^&*()_+{}[]\\';/.,' for the 'text' attribute, element locator 'By.name: q'] and Actual [Automation!@#$%^&*()_+{}[]\';/.,]. Comparison Type [EQUALS]. Validation Type [NEGATIVE]. @01-05-2021 02:07:09.0392 AM
[ReportManager] Successfully created attachment [Screenshot - 1619834829312_assertElementAttribute_false_literalComparison_expectedToFail_AssertElementAttribute_passed] @01-05-2021 02:07:09.0393 A
[ReportManager] Successfully created attachment [Selenium WebDriver Logs - server] @01-05-2021 02:07:09.0470 AM
[ReportManager] Successfully created attachment [Selenium WebDriver Logs - performance] @01-05-2021 02:07:09.0642 AM
[ReportManager] Successfully created attachment [Selenium WebDriver Logs - driver] @01-05-2021 02:07:09.0815 AM
[ReportManager] Browser Action [closeCurrentWindow] successfully performed. @01-05-2021 02:07:09.0831 AM
[ReportManager] Successfully created attachment [Browser Action Test Data - closeCurrentWindow - Actual Value] @01-05-2021 02:07:09.0832 A
[ReportManager] File Action [getAbsolutePath] successfully performed. With the following test data [Relative Folder Path: "target/downloadedFiles/"]. @01-05-2021 02:07:09.0834 AM
[ReportManager] Attempting to run remotely on: [Linux-64], [GoogleChrome], [http://localhost:4444/wd/hub], Headless Execution. @01-05-2021 02:07:09.0835 AM
[ReportManager] Successfully Opened [GoogleChrome]. @01-05-2021 02:07:10.0061 AM
[ReportManager] Target URL: [https://www.google.com/ncr], and after redirection: [www.google.com] @01-05-2021 02:07:10.0071 AM
[ReportManager] Initial URL: [data:,] @01-05-2021 02:07:10.0111 AM
[ReportManager] Browser Action [navigateToURL] successfully performed. With the following test data [https://www.google.com/ncr]. @01-05-2021 02:07:10.0992 A

################################################################################################################################################
Starting Execution:	[83 out of 137] test cases in the current suite
Test Method:		[unitTests.tests_validations_assertions.assertElementAttribute_false_literalComparison_expectedToPass]
################################################################################################################################################
[ReportManager] Element Action [type] successfully performed. With the following test data [Automation!@#$%^&*()_+{}[]\';/.,]. @01-05-2021 02:07:12.0170 AM
[ReportManager] Element Action [getText] successfully performed. With the following test data [Automation!@#$%^&*()_+{}[]\';/.,]. @01-05-2021 02:07:12.0271 AM
[ReportManager] Loaded Shared OpenCV @01-05-2021 02:07:12.0429 AM
[ReportManager] AssertElementAttribute PASSED; Expected [Value Should not be 'Automation' for the 'text' attribute, element locator 'By.name: q'] and Actual [Automation!@#$%^&*()_+{}[]\';/.,]. Comparison Type [EQUALS]. Validation Type [NEGATIVE]. @01-05-2021 02:07:12.0509 AM
[ReportManager] Successfully created attachment [Screenshot - 1619834832429_assertElementAttribute_false_literalComparison_expectedToPass_AssertElementAttribute_passed] @01-05-2021 02:07:12.0510 A
[ReportManager] Successfully created attachment [Selenium WebDriver Logs - server] @01-05-2021 02:07:12.0591 AM
[ReportManager] Successfully created attachment [Selenium WebDriver Logs - performance] @01-05-2021 02:07:12.0746 AM
[ReportManager] Successfully created attachment [Selenium WebDriver Logs - driver] @01-05-2021 02:07:12.0926 AM
[ReportManager] Browser Action [closeCurrentWindow] successfully performed. @01-05-2021 02:07:12.0982 AM
[ReportManager] Successfully created attachment [Browser Action Test Data - closeCurrentWindow - Actual Value] @01-05-2021 02:07:12.0983 A
[ReportManager] File Action [getAbsolutePath] successfully performed. With the following test data [Relative Folder Path: "target/downloadedFiles/"]. @01-05-2021 02:07:12.0986 AM
[ReportManager] Attempting to run remotely on: [Linux-64], [GoogleChrome], [http://localhost:4444/wd/hub], Headless Execution. @01-05-2021 02:07:12.0986 AM
[ReportManager] Successfully Opened [GoogleChrome]. @01-05-2021 02:07:13.0203 AM
[ReportManager] Target URL: [https://www.google.com/ncr], and after redirection: [www.google.com] @01-05-2021 02:07:13.0220 AM
[ReportManager] Initial URL: [data:,] @01-05-2021 02:07:13.0260 AM
[ReportManager] Browser Action [navigateToURL] successfully performed. With the following test data [https://www.google.com/ncr]. @01-05-2021 02:07:14.0079 A

################################################################################################################################################
Starting Execution:	[84 out of 137] test cases in the current suite
Test Method:		[unitTests.tests_validations_assertions.assertElementAttribute_false_regexComparison_expectedToFail]
################################################################################################################################################
[ReportManager] Element Action [type] successfully performed. With the following test data [Automation123]. @01-05-2021 02:07:14.0664 AM
[ReportManager] Element Action [getText] successfully performed. With the following test data [Automation123]. @01-05-2021 02:07:14.0762 AM
[ReportManager] Loaded Shared OpenCV @01-05-2021 02:07:14.0920 AM
[ReportManager] AssertElementAttribute FAILED; Expected [Value Should not be 'Automation.*' for the 'text' attribute, element locator 'By.name: q'] and Actual [Automation123]. Comparison Type [MATCHES]. Validation Type [NEGATIVE]. @01-05-2021 02:07:14.0995 AM
[ReportManager] Successfully created attachment [Screenshot - 1619834834920_assertElementAttribute_false_regexComparison_expectedToFail_AssertElementAttribute_failed] @01-05-2021 02:07:14.0996 A
[ReportManager] Successfully created attachment [Selenium WebDriver Logs - server] @01-05-2021 02:07:15.0118 AM
[ReportManager] Successfully created attachment [Selenium WebDriver Logs - performance] @01-05-2021 02:07:15.0204 AM
[ReportManager] Successfully created attachment [Selenium WebDriver Logs - driver] @01-05-2021 02:07:15.0333 AM
[ReportManager] Browser Action [closeCurrentWindow] successfully performed. @01-05-2021 02:07:15.0397 AM
[ReportManager] Successfully created attachment [Browser Action Test Data - closeCurrentWindow - Actual Value] @01-05-2021 02:07:15.0397 A
[ReportManager] File Action [getAbsolutePath] successfully performed. With the following test data [Relative Folder Path: "target/downloadedFiles/"]. @01-05-2021 02:07:15.0400 AM
[ReportManager] Attempting to run remotely on: [Linux-64], [GoogleChrome], [http://localhost:4444/wd/hub], Headless Execution. @01-05-2021 02:07:15.0400 AM
[ReportManager] Successfully Opened [GoogleChrome]. @01-05-2021 02:07:15.0622 AM
[ReportManager] Target URL: [https://www.google.com/ncr], and after redirection: [www.google.com] @01-05-2021 02:07:15.0634 AM
[ReportManager] Initial URL: [data:,] @01-05-2021 02:07:15.0679 AM
[ReportManager] Browser Action [navigateToURL] successfully performed. With the following test data [https://www.google.com/ncr]. @01-05-2021 02:07:16.0508 A

################################################################################################################################################
Starting Execution:	[85 out of 137] test cases in the current suite
Test Method:		[unitTests.tests_validations_assertions.assertElementAttribute_false_regexComparison_expectedToPass]
################################################################################################################################################
[ReportManager] Element Action [type] successfully performed. With the following test data [Automation123]. @01-05-2021 02:07:17.0077 AM
[ReportManager] Element Action [getText] successfully performed. With the following test data [Automation123]. @01-05-2021 02:07:17.0181 AM
[ReportManager] Loaded Shared OpenCV @01-05-2021 02:07:17.0319 AM
[ReportManager] AssertElementAttribute PASSED; Expected [Value Should not be 'Automation' for the 'text' attribute, element locator 'By.name: q'] and Actual [Automation123]. Comparison Type [MATCHES]. Validation Type [NEGATIVE]. @01-05-2021 02:07:17.0394 AM
[ReportManager] Successfully created attachment [Screenshot - 1619834837319_assertElementAttribute_false_regexComparison_expectedToPass_AssertElementAttribute_passed] @01-05-2021 02:07:17.0395 A
[ReportManager] Successfully created attachment [Selenium WebDriver Logs - server] @01-05-2021 02:07:17.0471 AM
[ReportManager] Successfully created attachment [Selenium WebDriver Logs - performance] @01-05-2021 02:07:17.0562 AM
[ReportManager] Successfully created attachment [Selenium WebDriver Logs - driver] @01-05-2021 02:07:17.0702 AM
[ReportManager] Browser Action [closeCurrentWindow] successfully performed. @01-05-2021 02:07:17.0758 AM
[ReportManager] Successfully created attachment [Browser Action Test Data - closeCurrentWindow - Actual Value] @01-05-2021 02:07:17.0759 A
[ReportManager] File Action [getAbsolutePath] successfully performed. With the following test data [Relative Folder Path: "target/downloadedFiles/"]. @01-05-2021 02:07:17.0764 AM
[ReportManager] Attempting to run remotely on: [Linux-64], [GoogleChrome], [http://localhost:4444/wd/hub], Headless Execution. @01-05-2021 02:07:17.0764 AM
[ReportManager] Successfully Opened [GoogleChrome]. @01-05-2021 02:07:17.0983 AM
[ReportManager] Target URL: [https://www.google.com/ncr], and after redirection: [www.google.com] @01-05-2021 02:07:18.0000 AM
[ReportManager] Initial URL: [data:,] @01-05-2021 02:07:18.0050 AM
[ReportManager] Browser Action [navigateToURL] successfully performed. With the following test data [https://www.google.com/ncr]. @01-05-2021 02:07:18.0865 A

################################################################################################################################################
Starting Execution:	[86 out of 137] test cases in the current suite
Test Method:		[unitTests.tests_validations_assertions.assertElementAttribute_true_caseInsensitiveComparison_expectedToFail]
################################################################################################################################################
[ReportManager] Element Action [type] successfully performed. With the following test data [AUTOMATION]. @01-05-2021 02:07:19.0359 AM
[ReportManager] Element Action [getText] successfully performed. With the following test data [AUTOMATION]. @01-05-2021 02:07:19.0456 AM
[ReportManager] Loaded Shared OpenCV @01-05-2021 02:07:19.0613 AM
[ReportManager] AssertElementAttribute FAILED; Expected [Value Should be 'AutomaTion123' for the 'text' attribute, element locator 'By.name: q'] and Actual [AUTOMATION]. Comparison Type [CASE_INSENSITIVE]. Validation Type [POSITIVE]. @01-05-2021 02:07:19.0692 AM
[ReportManager] Successfully created attachment [Screenshot - 1619834839613_assertElementAttribute_true_caseInsensitiveComparison_expectedToFail_AssertElementAttribute_failed] @01-05-2021 02:07:19.0693 A
[ReportManager] Successfully created attachment [Selenium WebDriver Logs - server] @01-05-2021 02:07:19.0774 AM
[ReportManager] Successfully created attachment [Selenium WebDriver Logs - performance] @01-05-2021 02:07:19.0880 AM
[ReportManager] Successfully created attachment [Selenium WebDriver Logs - driver] @01-05-2021 02:07:19.0999 AM
[ReportManager] Browser Action [closeCurrentWindow] successfully performed. @01-05-2021 02:07:20.0058 AM
[ReportManager] Successfully created attachment [Browser Action Test Data - closeCurrentWindow - Actual Value] @01-05-2021 02:07:20.0058 A
[ReportManager] File Action [getAbsolutePath] successfully performed. With the following test data [Relative Folder Path: "target/downloadedFiles/"]. @01-05-2021 02:07:20.0061 AM
[ReportManager] Attempting to run remotely on: [Linux-64], [GoogleChrome], [http://localhost:4444/wd/hub], Headless Execution. @01-05-2021 02:07:20.0061 AM
[ReportManager] Successfully Opened [GoogleChrome]. @01-05-2021 02:07:20.0263 AM
[ReportManager] Target URL: [https://www.google.com/ncr], and after redirection: [www.google.com] @01-05-2021 02:07:20.0282 AM
[ReportManager] Initial URL: [data:,] @01-05-2021 02:07:20.0326 AM
[ReportManager] Browser Action [navigateToURL] successfully performed. With the following test data [https://www.google.com/ncr]. @01-05-2021 02:07:21.0168 A

################################################################################################################################################
Starting Execution:	[87 out of 137] test cases in the current suite
Test Method:		[unitTests.tests_validations_assertions.assertElementAttribute_true_caseInsensitiveComparison_expectedToPass]
################################################################################################################################################
[ReportManager] Element Action [type] successfully performed. With the following test data [AUTOMATION]. @01-05-2021 02:07:21.0696 AM
[ReportManager] Element Action [getText] successfully performed. With the following test data [AUTOMATION]. @01-05-2021 02:07:21.0801 AM
[ReportManager] Loaded Shared OpenCV @01-05-2021 02:07:21.0943 AM
[ReportManager] AssertElementAttribute PASSED; Expected [Value Should be 'AutomaTion' for the 'text' attribute, element locator 'By.name: q'] and Actual [AUTOMATION]. Comparison Type [CASE_INSENSITIVE]. Validation Type [POSITIVE]. @01-05-2021 02:07:22.0022 AM
[ReportManager] Successfully created attachment [Screenshot - 1619834841943_assertElementAttribute_true_caseInsensitiveComparison_expectedToPass_AssertElementAttribute_passed] @01-05-2021 02:07:22.0023 A
[ReportManager] Successfully created attachment [Selenium WebDriver Logs - server] @01-05-2021 02:07:22.0101 AM
[ReportManager] Successfully created attachment [Selenium WebDriver Logs - performance] @01-05-2021 02:07:22.0183 AM
[ReportManager] Successfully created attachment [Selenium WebDriver Logs - driver] @01-05-2021 02:07:22.0305 AM
[ReportManager] Browser Action [closeCurrentWindow] successfully performed. @01-05-2021 02:07:22.0361 AM
[ReportManager] Successfully created attachment [Browser Action Test Data - closeCurrentWindow - Actual Value] @01-05-2021 02:07:22.0361 A
[ReportManager] File Action [getAbsolutePath] successfully performed. With the following test data [Relative Folder Path: "target/downloadedFiles/"]. @01-05-2021 02:07:22.0364 AM
[ReportManager] Attempting to run remotely on: [Linux-64], [GoogleChrome], [http://localhost:4444/wd/hub], Headless Execution. @01-05-2021 02:07:22.0364 AM
[ReportManager] Successfully Opened [GoogleChrome]. @01-05-2021 02:07:22.0567 AM
[ReportManager] Target URL: [https://www.google.com/ncr], and after redirection: [www.google.com] @01-05-2021 02:07:22.0577 AM
[ReportManager] Initial URL: [data:,] @01-05-2021 02:07:22.0615 AM
[ReportManager] Browser Action [navigateToURL] successfully performed. With the following test data [https://www.google.com/ncr]. @01-05-2021 02:07:23.0399 A

################################################################################################################################################
Starting Execution:	[88 out of 137] test cases in the current suite
Test Method:		[unitTests.tests_validations_assertions.assertElementAttribute_true_containsComparison_expectedToFail]
################################################################################################################################################
[ReportManager] Element Action [type] successfully performed. With the following test data [Automation123]. @01-05-2021 02:07:23.0936 AM
[ReportManager] Element Action [getText] successfully performed. With the following test data [Automation123]. @01-05-2021 02:07:24.0038 AM
[ReportManager] Loaded Shared OpenCV @01-05-2021 02:07:24.0186 AM
[ReportManager] AssertElementAttribute FAILED; Expected [Value Should be 'Automation1234' for the 'text' attribute, element locator 'By.name: q'] and Actual [Automation123]. Comparison Type [CONTAINS]. Validation Type [POSITIVE]. @01-05-2021 02:07:24.0261 AM
[ReportManager] Successfully created attachment [Screenshot - 1619834844186_assertElementAttribute_true_containsComparison_expectedToFail_AssertElementAttribute_failed] @01-05-2021 02:07:24.0262 A
[ReportManager] Successfully created attachment [Selenium WebDriver Logs - server] @01-05-2021 02:07:24.0336 AM
[ReportManager] Successfully created attachment [Selenium WebDriver Logs - performance] @01-05-2021 02:07:24.0438 AM
[ReportManager] Successfully created attachment [Selenium WebDriver Logs - driver] @01-05-2021 02:07:24.0575 AM
[ReportManager] Browser Action [closeCurrentWindow] successfully performed. @01-05-2021 02:07:24.0631 AM
[ReportManager] Successfully created attachment [Browser Action Test Data - closeCurrentWindow - Actual Value] @01-05-2021 02:07:24.0632 A
[ReportManager] File Action [getAbsolutePath] successfully performed. With the following test data [Relative Folder Path: "target/downloadedFiles/"]. @01-05-2021 02:07:24.0634 AM
[ReportManager] Attempting to run remotely on: [Linux-64], [GoogleChrome], [http://localhost:4444/wd/hub], Headless Execution. @01-05-2021 02:07:24.0635 AM
[ReportManager] Successfully Opened [GoogleChrome]. @01-05-2021 02:07:24.0868 AM
[ReportManager] Target URL: [https://www.google.com/ncr], and after redirection: [www.google.com] @01-05-2021 02:07:24.0891 AM
[ReportManager] Initial URL: [data:,] @01-05-2021 02:07:24.0939 AM
[ReportManager] Browser Action [navigateToURL] successfully performed. With the following test data [https://www.google.com/ncr]. @01-05-2021 02:07:25.0758 A

################################################################################################################################################
Starting Execution:	[89 out of 137] test cases in the current suite
Test Method:		[unitTests.tests_validations_assertions.assertElementAttribute_true_containsComparison_expectedToPass]
################################################################################################################################################
[ReportManager] Element Action [type] successfully performed. With the following test data [Automation123]. @01-05-2021 02:07:26.0315 AM
[ReportManager] Element Action [getText] successfully performed. With the following test data [Automation123]. @01-05-2021 02:07:26.0417 AM
[ReportManager] Loaded Shared OpenCV @01-05-2021 02:07:26.0574 AM
[ReportManager] AssertElementAttribute PASSED; Expected [Value Should be 'Automation' for the 'text' attribute, element locator 'By.name: q'] and Actual [Automation123]. Comparison Type [CONTAINS]. Validation Type [POSITIVE]. @01-05-2021 02:07:26.0649 AM
[ReportManager] Successfully created attachment [Screenshot - 1619834846574_assertElementAttribute_true_containsComparison_expectedToPass_AssertElementAttribute_passed] @01-05-2021 02:07:26.0650 A
[ReportManager] Successfully created attachment [Selenium WebDriver Logs - server] @01-05-2021 02:07:26.0729 AM
[ReportManager] Successfully created attachment [Selenium WebDriver Logs - performance] @01-05-2021 02:07:26.0816 AM
[ReportManager] Successfully created attachment [Selenium WebDriver Logs - driver] @01-05-2021 02:07:26.0944 AM
[ReportManager] Browser Action [closeCurrentWindow] successfully performed. @01-05-2021 02:07:27.0003 AM
[ReportManager] Successfully created attachment [Browser Action Test Data - closeCurrentWindow - Actual Value] @01-05-2021 02:07:27.0004 A
[ReportManager] File Action [getAbsolutePath] successfully performed. With the following test data [Relative Folder Path: "target/downloadedFiles/"]. @01-05-2021 02:07:27.0007 AM
[ReportManager] Attempting to run remotely on: [Linux-64], [GoogleChrome], [http://localhost:4444/wd/hub], Headless Execution. @01-05-2021 02:07:27.0007 AM
[ReportManager] Successfully Opened [GoogleChrome]. @01-05-2021 02:07:27.0226 AM
[ReportManager] Target URL: [https://www.google.com/ncr], and after redirection: [www.google.com] @01-05-2021 02:07:27.0237 AM
[ReportManager] Initial URL: [data:,] @01-05-2021 02:07:27.0287 AM
[ReportManager] Browser Action [navigateToURL] successfully performed. With the following test data [https://www.google.com/ncr]. @01-05-2021 02:07:28.0123 A

################################################################################################################################################
Starting Execution:	[90 out of 137] test cases in the current suite
Test Method:		[unitTests.tests_validations_assertions.assertElementAttribute_true_literalComparison_expectedToFail]
################################################################################################################################################
[ReportManager] Element Action [type] successfully performed. With the following test data [Automation!@#$%^&*()_+{}[]\';/.,]. @01-05-2021 02:07:29.0262 AM
[ReportManager] Element Action [getText] successfully performed. With the following test data [Automation!@#$%^&*()_+{}[]\';/.,]. @01-05-2021 02:07:29.0355 AM
[ReportManager] Loaded Shared OpenCV @01-05-2021 02:07:29.0496 AM
[ReportManager] AssertElementAttribute FAILED; Expected [Value Should be 'Automation' for the 'text' attribute, element locator 'By.name: q'] and Actual [Automation!@#$%^&*()_+{}[]\';/.,]. Comparison Type [EQUALS]. Validation Type [POSITIVE]. @01-05-2021 02:07:29.0576 AM
[ReportManager] Successfully created attachment [Screenshot - 1619834849496_assertElementAttribute_true_literalComparison_expectedToFail_AssertElementAttribute_failed] @01-05-2021 02:07:29.0577 A
[ReportManager] Successfully created attachment [Selenium WebDriver Logs - server] @01-05-2021 02:07:29.0657 AM
[ReportManager] Successfully created attachment [Selenium WebDriver Logs - performance] @01-05-2021 02:07:29.0814 AM
[ReportManager] Successfully created attachment [Selenium WebDriver Logs - driver] @01-05-2021 02:07:29.0991 AM
[ReportManager] Browser Action [closeCurrentWindow] successfully performed. @01-05-2021 02:07:30.0047 AM
[ReportManager] Successfully created attachment [Browser Action Test Data - closeCurrentWindow - Actual Value] @01-05-2021 02:07:30.0048 A
[ReportManager] File Action [getAbsolutePath] successfully performed. With the following test data [Relative Folder Path: "target/downloadedFiles/"]. @01-05-2021 02:07:30.0050 AM
[ReportManager] Attempting to run remotely on: [Linux-64], [GoogleChrome], [http://localhost:4444/wd/hub], Headless Execution. @01-05-2021 02:07:30.0050 AM
[ReportManager] Successfully Opened [GoogleChrome]. @01-05-2021 02:07:30.0294 AM
[ReportManager] Target URL: [https://www.google.com/ncr], and after redirection: [www.google.com] @01-05-2021 02:07:30.0306 AM
[ReportManager] Initial URL: [data:,] @01-05-2021 02:07:30.0345 AM
[ReportManager] Browser Action [navigateToURL] successfully performed. With the following test data [https://www.google.com/ncr]. @01-05-2021 02:07:31.0254 A

################################################################################################################################################
Starting Execution:	[91 out of 137] test cases in the current suite
Test Method:		[unitTests.tests_validations_assertions.assertElementAttribute_true_literalComparison_expectedToPass]
################################################################################################################################################
[ReportManager] Element Action [type] successfully performed. With the following test data [Automation!@#$%^&*()_+{}[]\';/.,]. @01-05-2021 02:07:32.0393 AM
[ReportManager] Element Action [getText] successfully performed. With the following test data [Automation!@#$%^&*()_+{}[]\';/.,]. @01-05-2021 02:07:32.0515 AM
[ReportManager] Loaded Shared OpenCV @01-05-2021 02:07:32.0661 AM
[ReportManager] AssertElementAttribute PASSED; Expected [Value Should be 'Automation!@#$%^&*()_+{}[]\';/.,' for the 'text' attribute, element locator 'By.name: q'] and Actual [Automation!@#$%^&*()_+{}[]\';/.,]. Comparison Type [EQUALS]. Validation Type [POSITIVE]. @01-05-2021 02:07:32.0740 AM
[ReportManager] Successfully created attachment [Screenshot - 1619834852661_assertElementAttribute_true_literalComparison_expectedToPass_AssertElementAttribute_passed] @01-05-2021 02:07:32.0741 A
[ReportManager] Successfully created attachment [Selenium WebDriver Logs - server] @01-05-2021 02:07:32.0825 AM
[ReportManager] Successfully created attachment [Selenium WebDriver Logs - performance] @01-05-2021 02:07:32.0983 AM
[ReportManager] Successfully created attachment [Selenium WebDriver Logs - driver] @01-05-2021 02:07:33.0156 AM
[ReportManager] Browser Action [closeCurrentWindow] successfully performed. @01-05-2021 02:07:33.0212 AM
[ReportManager] Successfully created attachment [Browser Action Test Data - closeCurrentWindow - Actual Value] @01-05-2021 02:07:33.0213 A
[ReportManager] File Action [getAbsolutePath] successfully performed. With the following test data [Relative Folder Path: "target/downloadedFiles/"]. @01-05-2021 02:07:33.0216 AM
[ReportManager] Attempting to run remotely on: [Linux-64], [GoogleChrome], [http://localhost:4444/wd/hub], Headless Execution. @01-05-2021 02:07:33.0216 AM
[ReportManager] Successfully Opened [GoogleChrome]. @01-05-2021 02:07:33.0442 AM
[ReportManager] Target URL: [https://www.google.com/ncr], and after redirection: [www.google.com] @01-05-2021 02:07:33.0454 AM
[ReportManager] Initial URL: [data:,] @01-05-2021 02:07:33.0494 AM
[ReportManager] Browser Action [navigateToURL] successfully performed. With the following test data [https://www.google.com/ncr]. @01-05-2021 02:07:34.0307 A

################################################################################################################################################
Starting Execution:	[92 out of 137] test cases in the current suite
Test Method:		[unitTests.tests_validations_assertions.assertElementAttribute_true_regexComparison_expectedToFail]
################################################################################################################################################
[ReportManager] Element Action [type] successfully performed. With the following test data [Automation123]. @01-05-2021 02:07:34.0862 AM
[ReportManager] Element Action [getText] successfully performed. With the following test data [Automation123]. @01-05-2021 02:07:34.0973 AM
[ReportManager] Loaded Shared OpenCV @01-05-2021 02:07:35.0121 AM
[ReportManager] AssertElementAttribute FAILED; Expected [Value Should be 'Automation' for the 'text' attribute, element locator 'By.name: q'] and Actual [Automation123]. Comparison Type [MATCHES]. Validation Type [POSITIVE]. @01-05-2021 02:07:35.0205 AM
[ReportManager] Successfully created attachment [Screenshot - 1619834855121_assertElementAttribute_true_regexComparison_expectedToFail_AssertElementAttribute_failed] @01-05-2021 02:07:35.0206 A
[ReportManager] Successfully created attachment [Selenium WebDriver Logs - server] @01-05-2021 02:07:35.0287 AM
[ReportManager] Successfully created attachment [Selenium WebDriver Logs - performance] @01-05-2021 02:07:35.0375 AM
[ReportManager] Successfully created attachment [Selenium WebDriver Logs - driver] @01-05-2021 02:07:35.0505 AM
[ReportManager] Browser Action [closeCurrentWindow] successfully performed. @01-05-2021 02:07:35.0561 AM
[ReportManager] Successfully created attachment [Browser Action Test Data - closeCurrentWindow - Actual Value] @01-05-2021 02:07:35.0562 A
[ReportManager] File Action [getAbsolutePath] successfully performed. With the following test data [Relative Folder Path: "target/downloadedFiles/"]. @01-05-2021 02:07:35.0565 AM
[ReportManager] Attempting to run remotely on: [Linux-64], [GoogleChrome], [http://localhost:4444/wd/hub], Headless Execution. @01-05-2021 02:07:35.0565 AM
[ReportManager] Successfully Opened [GoogleChrome]. @01-05-2021 02:07:35.0777 AM
[ReportManager] Target URL: [https://www.google.com/ncr], and after redirection: [www.google.com] @01-05-2021 02:07:35.0787 AM
[ReportManager] Initial URL: [data:,] @01-05-2021 02:07:35.0826 AM
[ReportManager] Browser Action [navigateToURL] successfully performed. With the following test data [https://www.google.com/ncr]. @01-05-2021 02:07:36.0630 A

################################################################################################################################################
Starting Execution:	[93 out of 137] test cases in the current suite
Test Method:		[unitTests.tests_validations_assertions.assertElementAttribute_true_regexComparison_expectedToPass]
################################################################################################################################################
[ReportManager] Element Action [type] successfully performed. With the following test data [Automation123]. @01-05-2021 02:07:37.0165 AM
[ReportManager] Element Action [getText] successfully performed. With the following test data [Automation123]. @01-05-2021 02:07:37.0284 AM
[ReportManager] Loaded Shared OpenCV @01-05-2021 02:07:37.0418 AM
[ReportManager] AssertElementAttribute PASSED; Expected [Value Should be 'Automation.*' for the 'text' attribute, element locator 'By.name: q'] and Actual [Automation123]. Comparison Type [MATCHES]. Validation Type [POSITIVE]. @01-05-2021 02:07:37.0493 AM
[ReportManager] Successfully created attachment [Screenshot - 1619834857418_assertElementAttribute_true_regexComparison_expectedToPass_AssertElementAttribute_passed] @01-05-2021 02:07:37.0494 A
[ReportManager] Successfully created attachment [Selenium WebDriver Logs - server] @01-05-2021 02:07:37.0579 AM
[ReportManager] Successfully created attachment [Selenium WebDriver Logs - performance] @01-05-2021 02:07:37.0679 AM
[ReportManager] Successfully created attachment [Selenium WebDriver Logs - driver] @01-05-2021 02:07:37.0822 AM
[ReportManager] Browser Action [closeCurrentWindow] successfully performed. @01-05-2021 02:07:37.0878 AM
[ReportManager] Successfully created attachment [Browser Action Test Data - closeCurrentWindow - Actual Value] @01-05-2021 02:07:37.0879 A
[ReportManager] File Action [getAbsolutePath] successfully performed. With the following test data [Relative Folder Path: "target/downloadedFiles/"]. @01-05-2021 02:07:37.0882 AM
[ReportManager] Attempting to run remotely on: [Linux-64], [GoogleChrome], [http://localhost:4444/wd/hub], Headless Execution. @01-05-2021 02:07:37.0882 AM
[ReportManager] Successfully Opened [GoogleChrome]. @01-05-2021 02:07:38.0110 AM
[ReportManager] Target URL: [https://www.google.com/ncr], and after redirection: [www.google.com] @01-05-2021 02:07:38.0122 AM
[ReportManager] Initial URL: [data:,] @01-05-2021 02:07:38.0162 AM
[ReportManager] Browser Action [navigateToURL] successfully performed. With the following test data [https://www.google.com/ncr]. @01-05-2021 02:07:38.0980 A

################################################################################################################################################
Starting Execution:	[94 out of 137] test cases in the current suite
Test Method:		[unitTests.tests_validations_assertions.assertElementAttribute_type_true_literalComparison_expectedToPass]
################################################################################################################################################
[ReportManager] Element Action [type] successfully performed. With the following test data [Automation!@#$%^&*()_+{}[]\';/.,]. @01-05-2021 02:07:40.0128 AM
[ReportManager] Element Action [getText] successfully performed. With the following test data [Automation!@#$%^&*()_+{}[]\';/.,]. @01-05-2021 02:07:40.0233 AM
[ReportManager] Loaded Shared OpenCV @01-05-2021 02:07:40.0395 AM
[ReportManager] AssertElementAttribute PASSED; Expected [Value Should be 'Automation!@#$%^&*()_+{}[]\';/.,' for the 'text' attribute, element locator 'By.name: q'] and Actual [Automation!@#$%^&*()_+{}[]\';/.,]. Comparison Type [EQUALS]. Validation Type [POSITIVE]. @01-05-2021 02:07:40.0474 AM
[ReportManager] Successfully created attachment [Screenshot - 1619834860395_assertElementAttribute_type_true_literalComparison_expectedToPass_AssertElementAttribute_passed] @01-05-2021 02:07:40.0475 A
[ReportManager] Successfully created attachment [Selenium WebDriver Logs - server] @01-05-2021 02:07:40.0552 AM
[ReportManager] Successfully created attachment [Selenium WebDriver Logs - performance] @01-05-2021 02:07:40.0707 AM
[ReportManager] Successfully created attachment [Selenium WebDriver Logs - driver] @01-05-2021 02:07:40.0903 AM
[ReportManager] Browser Action [closeCurrentWindow] successfully performed. @01-05-2021 02:07:40.0967 AM
[ReportManager] Successfully created attachment [Browser Action Test Data - closeCurrentWindow - Actual Value] @01-05-2021 02:07:40.0967 A
[ReportManager] File Action [getAbsolutePath] successfully performed. With the following test data [Relative Folder Path: "target/downloadedFiles/"]. @01-05-2021 02:07:40.0970 AM
[ReportManager] Attempting to run remotely on: [Linux-64], [GoogleChrome], [http://localhost:4444/wd/hub], Headless Execution. @01-05-2021 02:07:40.0970 AM
[ReportManager] Successfully Opened [GoogleChrome]. @01-05-2021 02:07:41.0169 AM
[ReportManager] Target URL: [https://www.google.com/ncr], and after redirection: [www.google.com] @01-05-2021 02:07:41.0179 AM
[ReportManager] Initial URL: [data:,] @01-05-2021 02:07:41.0221 AM
[ReportManager] Browser Action [navigateToURL] successfully performed. With the following test data [https://www.google.com/ncr]. @01-05-2021 02:07:42.0067 A

################################################################################################################################################
Starting Execution:	[95 out of 137] test cases in the current suite
Test Method:		[unitTests.tests_validations_assertions.assertElementExists_false_expectedToFail]
################################################################################################################################################
[ReportManager] AssertElementExists PASSED; Expected [Element Should not Exist, locator 'By.id: hplogo'] and Actual [Element Doesn't Exists]. Comparison Type [EQUALS]. Validation Type [NEGATIVE]. @01-05-2021 02:07:52.0428 AM
[ReportManager] Successfully created attachment [Screenshot - 1619834872368_assertElementExists_false_expectedToFail_AssertElementExists_passed] @01-05-2021 02:07:52.0429 A
[ReportManager] Successfully created attachment [Selenium WebDriver Logs - server] @01-05-2021 02:07:52.0516 AM
[ReportManager] Successfully created attachment [Selenium WebDriver Logs - performance] @01-05-2021 02:07:52.0548 AM
[ReportManager] Successfully created attachment [Selenium WebDriver Logs - driver] @01-05-2021 02:07:52.0624 AM
[ReportManager] Browser Action [closeCurrentWindow] successfully performed. @01-05-2021 02:07:52.0680 AM
[ReportManager] Successfully created attachment [Browser Action Test Data - closeCurrentWindow - Actual Value] @01-05-2021 02:07:52.0681 A
[ReportManager] File Action [getAbsolutePath] successfully performed. With the following test data [Relative Folder Path: "target/downloadedFiles/"]. @01-05-2021 02:07:52.0687 AM
[ReportManager] Attempting to run remotely on: [Linux-64], [GoogleChrome], [http://localhost:4444/wd/hub], Headless Execution. @01-05-2021 02:07:52.0687 AM
[ReportManager] Successfully Opened [GoogleChrome]. @01-05-2021 02:07:52.0900 AM
[ReportManager] Target URL: [https://www.google.com/ncr], and after redirection: [www.google.com] @01-05-2021 02:07:52.0918 AM
[ReportManager] Initial URL: [data:,] @01-05-2021 02:07:52.0958 AM
[ReportManager] Browser Action [navigateToURL] successfully performed. With the following test data [https://www.google.com/ncr]. @01-05-2021 02:07:53.0793 A

################################################################################################################################################
Starting Execution:	[96 out of 137] test cases in the current suite
Test Method:		[unitTests.tests_validations_assertions.assertElementExists_false_expectedToPass]
################################################################################################################################################
[ReportManager] AssertElementExists PASSED; Expected [Element Should not Exist, locator 'By.id: fakeElement'] and Actual [Element Doesn't Exists]. Comparison Type [EQUALS]. Validation Type [NEGATIVE]. @01-05-2021 02:08:04.0153 AM
[ReportManager] Successfully created attachment [Screenshot - 1619834884093_assertElementExists_false_expectedToPass_AssertElementExists_passed] @01-05-2021 02:08:04.0153 A
[ReportManager] Successfully created attachment [Selenium WebDriver Logs - server] @01-05-2021 02:08:04.0229 AM
[ReportManager] Successfully created attachment [Selenium WebDriver Logs - performance] @01-05-2021 02:08:04.0270 AM
[ReportManager] Successfully created attachment [Selenium WebDriver Logs - driver] @01-05-2021 02:08:04.0350 AM
[ReportManager] Browser Action [closeCurrentWindow] successfully performed. @01-05-2021 02:08:04.0406 AM
[ReportManager] Successfully created attachment [Browser Action Test Data - closeCurrentWindow - Actual Value] @01-05-2021 02:08:04.0407 A
[ReportManager] File Action [getAbsolutePath] successfully performed. With the following test data [Relative Folder Path: "target/downloadedFiles/"]. @01-05-2021 02:08:04.0409 AM
[ReportManager] Attempting to run remotely on: [Linux-64], [GoogleChrome], [http://localhost:4444/wd/hub], Headless Execution. @01-05-2021 02:08:04.0409 AM
[ReportManager] Successfully Opened [GoogleChrome]. @01-05-2021 02:08:04.0632 AM
[ReportManager] Target URL: [https://www.google.com/ncr], and after redirection: [www.google.com] @01-05-2021 02:08:04.0642 AM
[ReportManager] Initial URL: [data:,] @01-05-2021 02:08:04.0682 AM
[ReportManager] Browser Action [navigateToURL] successfully performed. With the following test data [https://www.google.com/ncr]. @01-05-2021 02:08:05.0527 A

################################################################################################################################################
Starting Execution:	[97 out of 137] test cases in the current suite
Test Method:		[unitTests.tests_validations_assertions.assertElementExists_false_multipleElementsFound_expectedToFail]
################################################################################################################################################
[ReportManager] AssertElementExists FAILED; Expected [Element Should not Exist, locator 'By.xpath: //div'] and Actual [Element Exists but is not unique]. Comparison Type [EQUALS]. Validation Type [NEGATIVE]. @01-05-2021 02:08:05.0778 AM
[ReportManager] Successfully created attachment [Screenshot - 1619834885718_assertElementExists_false_multipleElementsFound_expectedToFail_AssertElementExists_failed] @01-05-2021 02:08:05.0779 A
[ReportManager] Successfully created attachment [Selenium WebDriver Logs - server] @01-05-2021 02:08:05.0854 AM
[ReportManager] Successfully created attachment [Selenium WebDriver Logs - performance] @01-05-2021 02:08:05.0887 AM
[ReportManager] Successfully created attachment [Selenium WebDriver Logs - driver] @01-05-2021 02:08:05.0962 AM
[ReportManager] Browser Action [closeCurrentWindow] successfully performed. @01-05-2021 02:08:06.0018 AM
[ReportManager] Successfully created attachment [Browser Action Test Data - closeCurrentWindow - Actual Value] @01-05-2021 02:08:06.0019 A
[ReportManager] File Action [getAbsolutePath] successfully performed. With the following test data [Relative Folder Path: "target/downloadedFiles/"]. @01-05-2021 02:08:06.0021 AM
[ReportManager] Attempting to run remotely on: [Linux-64], [GoogleChrome], [http://localhost:4444/wd/hub], Headless Execution. @01-05-2021 02:08:06.0022 AM
[ReportManager] Successfully Opened [GoogleChrome]. @01-05-2021 02:08:06.0227 AM
[ReportManager] Target URL: [https://www.google.com/ncr], and after redirection: [www.google.com] @01-05-2021 02:08:06.0241 AM
[ReportManager] Initial URL: [data:,] @01-05-2021 02:08:06.0281 AM
[ReportManager] Browser Action [navigateToURL] successfully performed. With the following test data [https://www.google.com/ncr]. @01-05-2021 02:08:07.0109 A

################################################################################################################################################
Starting Execution:	[98 out of 137] test cases in the current suite
Test Method:		[unitTests.tests_validations_assertions.assertElementExists_true_expectedToFail]
################################################################################################################################################
[ReportManager] AssertElementExists FAILED; Expected [Element Should Exist, locator 'By.id: fakeElement'] and Actual [Element Doesn't Exists]. Comparison Type [EQUALS]. Validation Type [POSITIVE]. @01-05-2021 02:08:37.0761 AM
[ReportManager] Successfully created attachment [Screenshot - 1619834917701_assertElementExists_true_expectedToFail_AssertElementExists_failed] @01-05-2021 02:08:37.0761 A
[ReportManager] Successfully created attachment [Selenium WebDriver Logs - server] @01-05-2021 02:08:37.0847 AM
[ReportManager] Successfully created attachment [Selenium WebDriver Logs - performance] @01-05-2021 02:08:37.0886 AM
[ReportManager] Successfully created attachment [Selenium WebDriver Logs - driver] @01-05-2021 02:08:37.0980 AM
[ReportManager] Browser Action [closeCurrentWindow] successfully performed. @01-05-2021 02:08:38.0038 AM
[ReportManager] Successfully created attachment [Browser Action Test Data - closeCurrentWindow - Actual Value] @01-05-2021 02:08:38.0038 A
[ReportManager] File Action [getAbsolutePath] successfully performed. With the following test data [Relative Folder Path: "target/downloadedFiles/"]. @01-05-2021 02:08:38.0040 AM
[ReportManager] Attempting to run remotely on: [Linux-64], [GoogleChrome], [http://localhost:4444/wd/hub], Headless Execution. @01-05-2021 02:08:38.0040 AM
[ReportManager] Successfully Opened [GoogleChrome]. @01-05-2021 02:08:38.0288 AM
[ReportManager] Target URL: [https://www.google.com/ncr], and after redirection: [www.google.com] @01-05-2021 02:08:38.0298 AM
[ReportManager] Initial URL: [data:,] @01-05-2021 02:08:38.0338 AM
[ReportManager] Browser Action [navigateToURL] successfully performed. With the following test data [https://www.google.com/ncr]. @01-05-2021 02:08:39.0165 A

################################################################################################################################################
Starting Execution:	[99 out of 137] test cases in the current suite
Test Method:		[unitTests.tests_validations_assertions.assertElementExists_true_expectedToPass]
################################################################################################################################################
[ReportManager] Loaded Shared OpenCV @01-05-2021 02:08:39.0367 AM
[ReportManager] AssertElementExists PASSED; Expected [Element Should Exist, locator 'By.xpath: //img[@id='hplogo' or @alt='Google']'] and Actual [Element Exists]. Comparison Type [EQUALS]. Validation Type [POSITIVE]. @01-05-2021 02:08:39.0442 AM
[ReportManager] Successfully created attachment [Screenshot - 1619834919367_assertElementExists_true_expectedToPass_AssertElementExists_passed] @01-05-2021 02:08:39.0443 A
[ReportManager] Successfully created attachment [Selenium WebDriver Logs - server] @01-05-2021 02:08:39.0516 AM
[ReportManager] Successfully created attachment [Selenium WebDriver Logs - performance] @01-05-2021 02:08:39.0550 AM
[ReportManager] Successfully created attachment [Selenium WebDriver Logs - driver] @01-05-2021 02:08:39.0628 AM
[ReportManager] Browser Action [closeCurrentWindow] successfully performed. @01-05-2021 02:08:39.0686 AM
[ReportManager] Successfully created attachment [Browser Action Test Data - closeCurrentWindow - Actual Value] @01-05-2021 02:08:39.0686 A
[ReportManager] File Action [getAbsolutePath] successfully performed. With the following test data [Relative Folder Path: "target/downloadedFiles/"]. @01-05-2021 02:08:39.0689 AM
[ReportManager] Attempting to run remotely on: [Linux-64], [GoogleChrome], [http://localhost:4444/wd/hub], Headless Execution. @01-05-2021 02:08:39.0689 AM
[ReportManager] Successfully Opened [GoogleChrome]. @01-05-2021 02:08:39.0910 AM
[ReportManager] Target URL: [https://www.google.com/ncr], and after redirection: [www.google.com] @01-05-2021 02:08:39.0922 AM
[ReportManager] Initial URL: [data:,] @01-05-2021 02:08:39.0960 AM
[ReportManager] Browser Action [navigateToURL] successfully performed. With the following test data [https://www.google.com/ncr]. @01-05-2021 02:08:40.0796 A

################################################################################################################################################
Starting Execution:	[100 out of 137] test cases in the current suite
Test Method:		[unitTests.tests_validations_assertions.assertElementExists_true_multipleElementsFound_expectedToFail]
################################################################################################################################################
[ReportManager] AssertElementExists FAILED; Expected [Element Should Exist, locator 'By.xpath: //div'] and Actual [Element Exists but is not unique]. Comparison Type [EQUALS]. Validation Type [POSITIVE]. @01-05-2021 02:08:41.0065 AM
[ReportManager] Successfully created attachment [Screenshot - 1619834921004_assertElementExists_true_multipleElementsFound_expectedToFail_AssertElementExists_failed] @01-05-2021 02:08:41.0065 A
[ReportManager] Successfully created attachment [Selenium WebDriver Logs - server] @01-05-2021 02:08:41.0147 AM
[ReportManager] Successfully created attachment [Selenium WebDriver Logs - performance] @01-05-2021 02:08:41.0182 AM
[ReportManager] Successfully created attachment [Selenium WebDriver Logs - driver] @01-05-2021 02:08:41.0255 AM
[ReportManager] Browser Action [closeCurrentWindow] successfully performed. @01-05-2021 02:08:41.0314 AM
[ReportManager] Successfully created attachment [Browser Action Test Data - closeCurrentWindow - Actual Value] @01-05-2021 02:08:41.0315 A

################################################################################################################################################
Starting Execution:	[101 out of 137] test cases in the current suite
Test Method:		[unitTests.tests_validations_assertions.assertEquals_false_expectedToFail]
################################################################################################################################################
[ReportManager] AssertEquals FAILED; Expected [1] and Actual [1]. Comparison Type [EQUALS]. Validation Type [NEGATIVE]. @01-05-2021 02:08:41.0328 A

################################################################################################################################################
Starting Execution:	[102 out of 137] test cases in the current suite
Test Method:		[unitTests.tests_validations_assertions.assertEquals_false_expectedToPass]
################################################################################################################################################
[ReportManager] AssertEquals PASSED; Expected [1] and Actual [2]. Comparison Type [EQUALS]. Validation Type [NEGATIVE]. @01-05-2021 02:08:41.0334 A

################################################################################################################################################
Starting Execution:	[103 out of 137] test cases in the current suite
Test Method:		[unitTests.tests_validations_assertions.assertEquals_longCharacters]
################################################################################################################################################
[ReportManager] VerifyEquals PASSED; Expected and Actual values are attached. Comparison Type [EQUALS]. Validation Type [POSITIVE]. @01-05-2021 02:08:41.0339 AM
[ReportManager] Successfully created attachment [Validation Test Data - Expected Value] @01-05-2021 02:08:41.0339 AM
[ReportManager] Successfully created attachment [Validation Test Data - Actual Value] @01-05-2021 02:08:41.0339 AM
[ReportManager] AssertEquals PASSED; Expected and Actual values are attached. Comparison Type [EQUALS]. Validation Type [POSITIVE]. @01-05-2021 02:08:41.0339 AM
[ReportManager] Successfully created attachment [Validation Test Data - Expected Value] @01-05-2021 02:08:41.0340 AM
[ReportManager] Successfully created attachment [Validation Test Data - Actual Value] @01-05-2021 02:08:41.0340 A

################################################################################################################################################
Starting Execution:	[104 out of 137] test cases in the current suite
Test Method:		[unitTests.tests_validations_assertions.assertEquals_longCharacters_Discreet]
################################################################################################################################################
[ReportManager] AssertEquals PASSED; Expected [1LH5pROcDBjjQk0t0mCr0lXuzQu9lcGj28kY8R1H81X67eVAQJgWQhILiRWVPUgZ6uCtK5cnBkF55Jr9vYngjGO1Iyf0Mktv6lruDlL9T8MAUPcUZJGHZtji6nIeadujDSNmWMj5d6C8zlFqw0CRqBU0hO5adIasHgBSNoLotAjce3NGXoDwAlp3rYreeV16VIyZXROQY] and Actual [1LH5pROcDBjjQk0t0mCr0lXuzQu9lcGj28kY8R1H81X67eVAQJgWQhILiRWVPUgZ6uCtK5cnBkF55Jr9vYngjGO1Iyf0Mktv6lruDlL9T8MAUPcUZJGHZtji6nIeadujDSNmWMj5d6C8zlFqw0CRqBU0hO5adIasHgBSNoLotAjce3NGXoDwAlp3rYreeV16VIyZXROQY]. Comparison Type [EQUALS]. Validation Type [POSITIVE]. @01-05-2021 02:08:41.0345 A

################################################################################################################################################
Starting Execution:	[105 out of 137] test cases in the current suite
Test Method:		[unitTests.tests_validations_assertions.assertEquals_true_expectedToFail]
################################################################################################################################################
[ReportManager] AssertEquals FAILED; Expected [1] and Actual [2]. Comparison Type [EQUALS]. Validation Type [POSITIVE]. @01-05-2021 02:08:41.0350 A

################################################################################################################################################
Starting Execution:	[106 out of 137] test cases in the current suite
Test Method:		[unitTests.tests_validations_assertions.assertEquals_true_expectedToPass]
Test Description:	[Assert that assertEquals works as expected when the two values are equal.]
################################################################################################################################################
[ReportManager] VerifyEquals PASSED; Expected [1] and Actual [1]. Comparison Type [EQUALS]. Validation Type [POSITIVE]. @01-05-2021 02:08:41.0352 AM
[ReportManager] AssertEquals PASSED; Expected [1] and Actual [1]. Comparison Type [EQUALS]. Validation Type [POSITIVE]. @01-05-2021 02:08:41.0353 A

################################################################################################################################################
Starting Execution:	[107 out of 137] test cases in the current suite
Test Method:		[unitTests.tests_validations_assertions.assertEquals_true_expectedToPass__]
################################################################################################################################################
[ReportManager] AssertEquals PASSED; Expected [1] and Actual [1]. Comparison Type [EQUALS]. Validation Type [POSITIVE]. @01-05-2021 02:08:41.0357 A

################################################################################################################################################
Starting Execution:	[108 out of 137] test cases in the current suite
Test Method:		[unitTests.tests_validations_assertions.assertFileExists_false_expectedToFail]
################################################################################################################################################
[ReportManager] File Action [doesFileExist] successfully performed. With the following test data [File Path: "src/main/java/com/shaft/gui/element/ElementActions.java"]. @01-05-2021 02:08:41.0359 AM
[ReportManager] AssertFileExists FAILED; Expected [File 'src/main/java/com/shaft/gui/element/ElementActions.java' should not exist, after up to '1' retries] and Actual [File exists]. Validation Type [NEGATIVE]. @01-05-2021 02:08:41.0359 A

################################################################################################################################################
Starting Execution:	[109 out of 137] test cases in the current suite
Test Method:		[unitTests.tests_validations_assertions.assertFileExists_false_expectedToPass]
################################################################################################################################################
[ReportManager] File Action [doesFileExist] successfully performed. With the following test data [File Path: "src/main/java/com/shaft/gui/element/ElementActions.java_fail"]. @01-05-2021 02:08:41.0863 AM
[ReportManager] AssertFileExists PASSED; Expected [File 'src/main/java/com/shaft/gui/element/ElementActions.java_fail' should not exist, after up to '1' retries] and Actual [File does not exist]. Validation Type [NEGATIVE]. @01-05-2021 02:08:41.0864 A

################################################################################################################################################
Starting Execution:	[110 out of 137] test cases in the current suite
Test Method:		[unitTests.tests_validations_assertions.assertFileExists_true_expectedToFail]
################################################################################################################################################
[ReportManager] File Action [doesFileExist] successfully performed. With the following test data [File Path: "src/main/java/com/shaft/gui/element/ElementActions.java_fail"]. @01-05-2021 02:08:42.0368 AM
[ReportManager] AssertFileExists FAILED; Expected [File 'src/main/java/com/shaft/gui/element/ElementActions.java_fail' should exist, after up to '1' retries] and Actual [File does not exist]. Validation Type [POSITIVE]. @01-05-2021 02:08:42.0368 A

################################################################################################################################################
Starting Execution:	[111 out of 137] test cases in the current suite
Test Method:		[unitTests.tests_validations_assertions.assertFileExists_true_expectedToPass]
################################################################################################################################################
[ReportManager] File Action [doesFileExist] successfully performed. With the following test data [File Path: "src/main/java/com/shaft/gui/element/ElementActions.java"]. @01-05-2021 02:08:42.0371 AM
[ReportManager] AssertFileExists PASSED; Expected [File 'src/main/java/com/shaft/gui/element/ElementActions.java' should exist, after up to '1' retries] and Actual [File exists]. Validation Type [POSITIVE]. @01-05-2021 02:08:42.0371 A

################################################################################################################################################
Starting Execution:	[112 out of 137] test cases in the current suite
Test Method:		[unitTests.tests_validations_assertions.assertNull_false_expectedToFail]
################################################################################################################################################
[ReportManager] AssertNull FAILED; Expected [NULL] and Actual [NULL]. Comparison Type [EQUALS]. Validation Type [NEGATIVE]. @01-05-2021 02:08:42.0374 A

################################################################################################################################################
Starting Execution:	[113 out of 137] test cases in the current suite
Test Method:		[unitTests.tests_validations_assertions.assertNull_false_expectedToPass]
################################################################################################################################################
[ReportManager] AssertNull PASSED; Expected [NULL] and Actual [1]. Comparison Type [EQUALS]. Validation Type [NEGATIVE]. @01-05-2021 02:08:42.0376 A

################################################################################################################################################
Starting Execution:	[114 out of 137] test cases in the current suite
Test Method:		[unitTests.tests_validations_assertions.assertNull_true_expectedToFail]
################################################################################################################################################
[ReportManager] AssertNull FAILED; Expected [NULL] and Actual [1]. Comparison Type [EQUALS]. Validation Type [POSITIVE]. @01-05-2021 02:08:42.0380 A

################################################################################################################################################
Starting Execution:	[115 out of 137] test cases in the current suite
Test Method:		[unitTests.tests_validations_assertions.assertNull_true_expectedToPass]
################################################################################################################################################
[ReportManager] AssertNull PASSED; Expected [NULL] and Actual [NULL]. Comparison Type [EQUALS]. Validation Type [POSITIVE]. @01-05-2021 02:08:42.0383 A
[ReportManager] File Action [getAbsolutePath] successfully performed. With the following test data [Relative Folder Path: "target/downloadedFiles/"]. @01-05-2021 02:08:42.0384 AM
[ReportManager] Attempting to run remotely on: [Linux-64], [GoogleChrome], [http://localhost:4444/wd/hub], Headless Execution. @01-05-2021 02:08:42.0384 AM
[ReportManager] Successfully Opened [GoogleChrome]. @01-05-2021 02:08:42.0610 AM
[ReportManager] Target URL: [https://duckduckgo.com] @01-05-2021 02:08:42.0619 AM
[ReportManager] Initial URL: [data:,] @01-05-2021 02:08:42.0663 AM
[ReportManager] Browser Action [navigateToURL] successfully performed. With the following test data [https://duckduckgo.com]. @01-05-2021 02:08:43.0255 A

################################################################################################################################################
Starting Execution:	[116 out of 137] test cases in the current suite
Test Method:		[unitTests.tests_browserActions.fullScreenWindow]
################################################################################################################################################
[ReportManager] Initial Windows Size: 800x600 @01-05-2021 02:08:43.0265 AM
[ReportManager] Initial window size: (800, 600) @01-05-2021 02:08:43.0268 AM
[ReportManager] Window size after Toolkit: (1920, 1080) @01-05-2021 02:08:43.0489 AM
[ReportManager] Browser Action [maximizeWindow] successfully performed. With the following test data [New screen size is now: (1920, 1080)]. @01-05-2021 02:08:43.0492 AM
[ReportManager] Current Windows Size after fullScreen: 1920x1080 @01-05-2021 02:08:43.0496 AM
[ReportManager] Browser Action [fullScreenWindow] successfully performed. @01-05-2021 02:08:43.0513 AM
[ReportManager] Successfully created attachment [Browser Action Test Data - fullScreenWindow - Actual Value] @01-05-2021 02:08:43.0513 A
[ReportManager] Target URL: [https://duckduckgo.com] @01-05-2021 02:08:43.0515 AM
[ReportManager] Initial URL: [https://duckduckgo.com] @01-05-2021 02:08:43.0572 AM
[ReportManager] Browser Action [navigateToURL] successfully performed. With the following test data [https://duckduckgo.com]. @01-05-2021 02:08:43.0954 AM
[ReportManager] Successfully created attachment [Selenium WebDriver Logs - server] @01-05-2021 02:08:44.0004 AM
[ReportManager] Successfully created attachment [Selenium WebDriver Logs - performance] @01-05-2021 02:08:44.0126 AM
[ReportManager] Successfully created attachment [Selenium WebDriver Logs - driver] @01-05-2021 02:08:44.0285 AM
[ReportManager] Browser Action [closeCurrentWindow] successfully performed. @01-05-2021 02:08:44.0344 AM
[ReportManager] Successfully created attachment [Browser Action Test Data - closeCurrentWindow - Actual Value] @01-05-2021 02:08:44.0345 A
[ReportManager] File Action [getAbsolutePath] successfully performed. With the following test data [Relative Folder Path: "target/downloadedFiles/"]. @01-05-2021 02:08:44.0347 AM
[ReportManager] Attempting to run remotely on: [Linux-64], [GoogleChrome], [http://localhost:4444/wd/hub], Headless Execution. @01-05-2021 02:08:44.0347 AM
[ReportManager] Successfully Opened [GoogleChrome]. @01-05-2021 02:08:44.0554 AM
[ReportManager] Target URL: [https://duckduckgo.com] @01-05-2021 02:08:44.0572 AM
[ReportManager] Initial URL: [data:,] @01-05-2021 02:08:44.0617 AM
[ReportManager] Browser Action [navigateToURL] successfully performed. With the following test data [https://duckduckgo.com]. @01-05-2021 02:08:45.0166 A

################################################################################################################################################
Starting Execution:	[117 out of 137] test cases in the current suite
Test Method:		[unitTests.tests_browserActions.getCurrentURL]
################################################################################################################################################
[ReportManager] Browser Action [getCurrentURL] successfully performed. With the following test data [https://duckduckgo.com/]. @01-05-2021 02:08:45.0203 A
[ReportManager] Target URL: [https://duckduckgo.com] @01-05-2021 02:08:45.0205 AM
[ReportManager] Initial URL: [https://duckduckgo.com] @01-05-2021 02:08:45.0276 AM
[ReportManager] Browser Action [navigateToURL] successfully performed. With the following test data [https://duckduckgo.com]. @01-05-2021 02:08:45.0628 AM
[ReportManager] Successfully created attachment [Selenium WebDriver Logs - server] @01-05-2021 02:08:45.0678 AM
[ReportManager] Successfully created attachment [Selenium WebDriver Logs - performance] @01-05-2021 02:08:45.0790 AM
[ReportManager] Successfully created attachment [Selenium WebDriver Logs - driver] @01-05-2021 02:08:45.0939 AM
[ReportManager] Browser Action [closeCurrentWindow] successfully performed. @01-05-2021 02:08:45.0994 AM
[ReportManager] Successfully created attachment [Browser Action Test Data - closeCurrentWindow - Actual Value] @01-05-2021 02:08:45.0995 A
[ReportManager] File Action [getAbsolutePath] successfully performed. With the following test data [Relative Folder Path: "target/downloadedFiles/"]. @01-05-2021 02:08:45.0997 AM
[ReportManager] Attempting to run remotely on: [Linux-64], [GoogleChrome], [http://localhost:4444/wd/hub], Headless Execution. @01-05-2021 02:08:45.0997 AM
[ReportManager] Successfully Opened [GoogleChrome]. @01-05-2021 02:08:46.0221 AM
[ReportManager] Target URL: [https://duckduckgo.com] @01-05-2021 02:08:46.0231 AM
[ReportManager] Initial URL: [data:,] @01-05-2021 02:08:46.0273 AM
[ReportManager] Browser Action [navigateToURL] successfully performed. With the following test data [https://duckduckgo.com]. @01-05-2021 02:08:46.0844 A

################################################################################################################################################
Starting Execution:	[118 out of 137] test cases in the current suite
Test Method:		[unitTests.tests_browserActions.getCurrentWindowTitle]
################################################################################################################################################
[ReportManager] Browser Action [getCurrentWindowTitle] successfully performed. With the following test data [DuckDuckGo  Privacy, simplified.]. @01-05-2021 02:08:46.0887 A
[ReportManager] Target URL: [https://duckduckgo.com] @01-05-2021 02:08:46.0898 AM
[ReportManager] Initial URL: [https://duckduckgo.com] @01-05-2021 02:08:46.0958 AM
[ReportManager] Browser Action [navigateToURL] successfully performed. With the following test data [https://duckduckgo.com]. @01-05-2021 02:08:47.0300 AM
[ReportManager] Successfully created attachment [Selenium WebDriver Logs - server] @01-05-2021 02:08:47.0351 AM
[ReportManager] Successfully created attachment [Selenium WebDriver Logs - performance] @01-05-2021 02:08:47.0468 AM
[ReportManager] Successfully created attachment [Selenium WebDriver Logs - driver] @01-05-2021 02:08:47.0623 AM
[ReportManager] Browser Action [closeCurrentWindow] successfully performed. @01-05-2021 02:08:47.0679 AM
[ReportManager] Successfully created attachment [Browser Action Test Data - closeCurrentWindow - Actual Value] @01-05-2021 02:08:47.0679 A
[ReportManager] File Action [getAbsolutePath] successfully performed. With the following test data [Relative Folder Path: "target/downloadedFiles/"]. @01-05-2021 02:08:47.0682 AM
[ReportManager] Attempting to run remotely on: [Linux-64], [GoogleChrome], [http://localhost:4444/wd/hub], Headless Execution. @01-05-2021 02:08:47.0682 AM
[ReportManager] Successfully Opened [GoogleChrome]. @01-05-2021 02:08:47.0896 AM
[ReportManager] Target URL: [https://duckduckgo.com] @01-05-2021 02:08:47.0912 AM
[ReportManager] Initial URL: [data:,] @01-05-2021 02:08:47.0954 AM
[ReportManager] Browser Action [navigateToURL] successfully performed. With the following test data [https://duckduckgo.com]. @01-05-2021 02:08:48.0500 A

################################################################################################################################################
Starting Execution:	[119 out of 137] test cases in the current suite
Test Method:		[unitTests.tests_browserActions.getPageSource]
################################################################################################################################################
[ReportManager] Browser Action [getPageSource] successfully performed. @01-05-2021 02:08:48.0548 AM
[ReportManager] Successfully created attachment [Browser Action Test Data - getPageSource - Actual Value] @01-05-2021 02:08:48.0548 A
[ReportManager] Target URL: [https://duckduckgo.com] @01-05-2021 02:08:48.0552 AM
[ReportManager] Initial URL: [https://duckduckgo.com] @01-05-2021 02:08:48.0603 AM
[ReportManager] Browser Action [navigateToURL] successfully performed. With the following test data [https://duckduckgo.com]. @01-05-2021 02:08:48.0953 AM
[ReportManager] Successfully created attachment [Selenium WebDriver Logs - server] @01-05-2021 02:08:49.0001 AM
[ReportManager] Successfully created attachment [Selenium WebDriver Logs - performance] @01-05-2021 02:08:49.0116 AM
[ReportManager] Successfully created attachment [Selenium WebDriver Logs - driver] @01-05-2021 02:08:49.0263 AM
[ReportManager] Browser Action [closeCurrentWindow] successfully performed. @01-05-2021 02:08:49.0320 AM
[ReportManager] Successfully created attachment [Browser Action Test Data - closeCurrentWindow - Actual Value] @01-05-2021 02:08:49.0320 A
[ReportManager] File Action [getAbsolutePath] successfully performed. With the following test data [Relative Folder Path: "target/downloadedFiles/"]. @01-05-2021 02:08:49.0322 AM
[ReportManager] Attempting to run remotely on: [Linux-64], [GoogleChrome], [http://localhost:4444/wd/hub], Headless Execution. @01-05-2021 02:08:49.0322 AM
[ReportManager] Successfully Opened [GoogleChrome]. @01-05-2021 02:08:49.0560 AM
[ReportManager] Target URL: [https://duckduckgo.com] @01-05-2021 02:08:49.0570 AM
[ReportManager] Initial URL: [data:,] @01-05-2021 02:08:49.0611 AM
[ReportManager] Browser Action [navigateToURL] successfully performed. With the following test data [https://duckduckgo.com]. @01-05-2021 02:08:50.0179 A

################################################################################################################################################
Starting Execution:	[120 out of 137] test cases in the current suite
Test Method:		[unitTests.tests_browserActions.getWindowHandle]
################################################################################################################################################
[ReportManager] Browser Action [getWindowHandle] successfully performed. With the following test data [CDwindow-30636DB08F7B79AF483988CF0330C129]. @01-05-2021 02:08:50.0217 A
[ReportManager] Target URL: [https://duckduckgo.com] @01-05-2021 02:08:50.0219 AM
[ReportManager] Initial URL: [https://duckduckgo.com] @01-05-2021 02:08:50.0278 AM
[ReportManager] Browser Action [navigateToURL] successfully performed. With the following test data [https://duckduckgo.com]. @01-05-2021 02:08:50.0628 AM
[ReportManager] Successfully created attachment [Selenium WebDriver Logs - server] @01-05-2021 02:08:50.0680 AM
[ReportManager] Successfully created attachment [Selenium WebDriver Logs - performance] @01-05-2021 02:08:50.0801 AM
[ReportManager] Successfully created attachment [Selenium WebDriver Logs - driver] @01-05-2021 02:08:50.0948 AM
[ReportManager] Browser Action [closeCurrentWindow] successfully performed. @01-05-2021 02:08:51.0004 AM
[ReportManager] Successfully created attachment [Browser Action Test Data - closeCurrentWindow - Actual Value] @01-05-2021 02:08:51.0004 A
[ReportManager] File Action [getAbsolutePath] successfully performed. With the following test data [Relative Folder Path: "target/downloadedFiles/"]. @01-05-2021 02:08:51.0006 AM
[ReportManager] Attempting to run remotely on: [Linux-64], [GoogleChrome], [http://localhost:4444/wd/hub], Headless Execution. @01-05-2021 02:08:51.0006 AM
[ReportManager] Successfully Opened [GoogleChrome]. @01-05-2021 02:08:51.0216 AM
[ReportManager] Target URL: [https://duckduckgo.com] @01-05-2021 02:08:51.0228 AM
[ReportManager] Initial URL: [data:,] @01-05-2021 02:08:51.0269 AM
[ReportManager] Browser Action [navigateToURL] successfully performed. With the following test data [https://duckduckgo.com]. @01-05-2021 02:08:51.0792 A

################################################################################################################################################
Starting Execution:	[121 out of 137] test cases in the current suite
Test Method:		[unitTests.tests_browserActions.getWindowPosition]
################################################################################################################################################
[ReportManager] Browser Action [getWindowPosition] successfully performed. With the following test data [(0, 0)]. @01-05-2021 02:08:51.0840 A
[ReportManager] Target URL: [https://duckduckgo.com] @01-05-2021 02:08:51.0842 AM
[ReportManager] Initial URL: [https://duckduckgo.com] @01-05-2021 02:08:51.0894 AM
[ReportManager] Browser Action [navigateToURL] successfully performed. With the following test data [https://duckduckgo.com]. @01-05-2021 02:08:52.0233 AM
[ReportManager] Successfully created attachment [Selenium WebDriver Logs - server] @01-05-2021 02:08:52.0288 AM
[ReportManager] Successfully created attachment [Selenium WebDriver Logs - performance] @01-05-2021 02:08:52.0400 AM
[ReportManager] Successfully created attachment [Selenium WebDriver Logs - driver] @01-05-2021 02:08:52.0549 AM
[ReportManager] Browser Action [closeCurrentWindow] successfully performed. @01-05-2021 02:08:52.0606 AM
[ReportManager] Successfully created attachment [Browser Action Test Data - closeCurrentWindow - Actual Value] @01-05-2021 02:08:52.0606 A
[ReportManager] File Action [getAbsolutePath] successfully performed. With the following test data [Relative Folder Path: "target/downloadedFiles/"]. @01-05-2021 02:08:52.0609 AM
[ReportManager] Attempting to run remotely on: [Linux-64], [GoogleChrome], [http://localhost:4444/wd/hub], Headless Execution. @01-05-2021 02:08:52.0609 AM
[ReportManager] Successfully Opened [GoogleChrome]. @01-05-2021 02:08:52.0801 AM
[ReportManager] Target URL: [https://duckduckgo.com] @01-05-2021 02:08:52.0813 AM
[ReportManager] Initial URL: [data:,] @01-05-2021 02:08:52.0864 AM
[ReportManager] Browser Action [navigateToURL] successfully performed. With the following test data [https://duckduckgo.com]. @01-05-2021 02:08:53.0411 A

################################################################################################################################################
Starting Execution:	[122 out of 137] test cases in the current suite
Test Method:		[unitTests.tests_browserActions.getWindowSize]
################################################################################################################################################
[ReportManager] Browser Action [getWindowSize] successfully performed. With the following test data [(800, 600)]. @01-05-2021 02:08:53.0448 A
[ReportManager] Target URL: [https://duckduckgo.com] @01-05-2021 02:08:53.0449 AM
[ReportManager] Initial URL: [https://duckduckgo.com] @01-05-2021 02:08:53.0508 AM
[ReportManager] Browser Action [navigateToURL] successfully performed. With the following test data [https://duckduckgo.com]. @01-05-2021 02:08:53.0869 AM
[ReportManager] Successfully created attachment [Selenium WebDriver Logs - server] @01-05-2021 02:08:53.0919 AM
[ReportManager] Successfully created attachment [Selenium WebDriver Logs - performance] @01-05-2021 02:08:54.0031 AM
[ReportManager] Successfully created attachment [Selenium WebDriver Logs - driver] @01-05-2021 02:08:54.0180 AM
[ReportManager] Browser Action [closeCurrentWindow] successfully performed. @01-05-2021 02:08:54.0240 AM
[ReportManager] Successfully created attachment [Browser Action Test Data - closeCurrentWindow - Actual Value] @01-05-2021 02:08:54.0241 A
[ReportManager] File Action [getAbsolutePath] successfully performed. With the following test data [Relative Folder Path: "target/downloadedFiles/"]. @01-05-2021 02:08:54.0245 AM
[ReportManager] Attempting to run remotely on: [Linux-64], [GoogleChrome], [http://localhost:4444/wd/hub], Headless Execution. @01-05-2021 02:08:54.0246 AM
[ReportManager] Successfully Opened [GoogleChrome]. @01-05-2021 02:08:54.0450 AM
[ReportManager] Target URL: [https://duckduckgo.com] @01-05-2021 02:08:54.0460 AM
[ReportManager] Initial URL: [data:,] @01-05-2021 02:08:54.0518 AM
[ReportManager] Browser Action [navigateToURL] successfully performed. With the following test data [https://duckduckgo.com]. @01-05-2021 02:08:55.0196 A

################################################################################################################################################
Starting Execution:	[123 out of 137] test cases in the current suite
Test Method:		[unitTests.tests_browserActions.maximizeWindow]
################################################################################################################################################
[ReportManager] Initial window size: (800, 600) @01-05-2021 02:08:55.0215 AM
[ReportManager] Window size after Toolkit: (1920, 1080) @01-05-2021 02:08:55.0436 AM
[ReportManager] Browser Action [maximizeWindow] successfully performed. With the following test data [New screen size is now: (1920, 1080)]. @01-05-2021 02:08:55.0440 A
[ReportManager] Target URL: [https://duckduckgo.com] @01-05-2021 02:08:55.0442 AM
[ReportManager] Initial URL: [https://duckduckgo.com] @01-05-2021 02:08:55.0498 AM
[ReportManager] Browser Action [navigateToURL] successfully performed. With the following test data [https://duckduckgo.com]. @01-05-2021 02:08:55.0858 AM
[ReportManager] Successfully created attachment [Selenium WebDriver Logs - server] @01-05-2021 02:08:55.0912 AM
[ReportManager] Successfully created attachment [Selenium WebDriver Logs - performance] @01-05-2021 02:08:56.0029 AM
[ReportManager] Successfully created attachment [Selenium WebDriver Logs - driver] @01-05-2021 02:08:56.0182 AM
[ReportManager] Browser Action [closeCurrentWindow] successfully performed. @01-05-2021 02:08:56.0238 AM
[ReportManager] Successfully created attachment [Browser Action Test Data - closeCurrentWindow - Actual Value] @01-05-2021 02:08:56.0238 A
[ReportManager] File Action [getAbsolutePath] successfully performed. With the following test data [Relative Folder Path: "target/downloadedFiles/"]. @01-05-2021 02:08:56.0240 AM
[ReportManager] Attempting to run remotely on: [Linux-64], [GoogleChrome], [http://localhost:4444/wd/hub], Headless Execution. @01-05-2021 02:08:56.0240 AM
[ReportManager] Successfully Opened [GoogleChrome]. @01-05-2021 02:08:56.0443 AM
[ReportManager] Target URL: [https://duckduckgo.com] @01-05-2021 02:08:56.0453 AM
[ReportManager] Initial URL: [data:,] @01-05-2021 02:08:56.0496 AM
[ReportManager] Browser Action [navigateToURL] successfully performed. With the following test data [https://duckduckgo.com]. @01-05-2021 02:08:57.0034 A

################################################################################################################################################
Starting Execution:	[124 out of 137] test cases in the current suite
Test Method:		[unitTests.tests_browserActions.navigateBack]
################################################################################################################################################
[ReportManager] Target URL: [https://www.google.com/ncr], and after redirection: [https://www.google.com] @01-05-2021 02:08:57.0036 AM
[ReportManager] Initial URL: [https://duckduckgo.com] @01-05-2021 02:08:57.0101 AM
[ReportManager] Browser Action [navigateToURL] successfully performed. With the following test data [https://www.google.com/ncr]. @01-05-2021 02:08:57.0951 AM
[ReportManager] Browser Action [navigateBack] successfully performed. With the following test data [https://duckduckgo.com/]. @01-05-2021 02:08:58.0326 AM
[ReportManager] Confirming that navigating back was successful... @01-05-2021 02:08:58.0326 AM
[ReportManager] Browser Action [getCurrentURL] successfully performed. With the following test data [https://duckduckgo.com/]. @01-05-2021 02:08:58.0355 AM
[ReportManager] AssertBrowserAttribute PASSED; Expected [Value Should be 'https://duckduckgo.com' for the 'CurrentUrl' attribute] and Actual [https://duckduckgo.com/]. Comparison Type [CONTAINS]. Validation Type [POSITIVE]. @01-05-2021 02:08:58.0356 A
[ReportManager] Target URL: [https://duckduckgo.com] @01-05-2021 02:08:58.0359 AM
[ReportManager] Initial URL: [https://duckduckgo.com] @01-05-2021 02:08:58.0410 AM
[ReportManager] Browser Action [navigateToURL] successfully performed. With the following test data [https://duckduckgo.com]. @01-05-2021 02:08:58.0767 AM
[ReportManager] Successfully created attachment [Selenium WebDriver Logs - server] @01-05-2021 02:08:58.0817 AM
[ReportManager] Successfully created attachment [Selenium WebDriver Logs - performance] @01-05-2021 02:08:58.0993 AM
[ReportManager] Successfully created attachment [Selenium WebDriver Logs - driver] @01-05-2021 02:08:59.0247 AM
[ReportManager] Browser Action [closeCurrentWindow] successfully performed. @01-05-2021 02:08:59.0302 AM
[ReportManager] Successfully created attachment [Browser Action Test Data - closeCurrentWindow - Actual Value] @01-05-2021 02:08:59.0303 A
[ReportManager] File Action [getAbsolutePath] successfully performed. With the following test data [Relative Folder Path: "target/downloadedFiles/"]. @01-05-2021 02:08:59.0313 AM
[ReportManager] Attempting to run remotely on: [Linux-64], [GoogleChrome], [http://localhost:4444/wd/hub], Headless Execution. @01-05-2021 02:08:59.0313 AM
[ReportManager] Successfully Opened [GoogleChrome]. @01-05-2021 02:08:59.0527 AM
[ReportManager] Target URL: [https://duckduckgo.com] @01-05-2021 02:08:59.0537 AM
[ReportManager] Initial URL: [data:,] @01-05-2021 02:08:59.0575 AM
[ReportManager] Browser Action [navigateToURL] successfully performed. With the following test data [https://duckduckgo.com]. @01-05-2021 02:09:00.0114 A

################################################################################################################################################
Starting Execution:	[125 out of 137] test cases in the current suite
Test Method:		[unitTests.tests_browserActions.navigateForward]
################################################################################################################################################
[ReportManager] Target URL: [https://www.google.com/ncr], and after redirection: [https://www.google.com] @01-05-2021 02:09:00.0116 AM
[ReportManager] Initial URL: [https://duckduckgo.com] @01-05-2021 02:09:00.0177 AM
[ReportManager] Browser Action [navigateToURL] successfully performed. With the following test data [https://www.google.com/ncr]. @01-05-2021 02:09:00.0999 AM
[ReportManager] Browser Action [navigateBack] successfully performed. With the following test data [https://duckduckgo.com/]. @01-05-2021 02:09:01.0345 AM
[ReportManager] Browser Action [navigateForward] successfully performed. With the following test data [https://www.google.com/]. @01-05-2021 02:09:01.0757 A
[ReportManager] Target URL: [https://duckduckgo.com] @01-05-2021 02:09:01.0758 AM
[ReportManager] Initial URL: [https://www.google.com] @01-05-2021 02:09:01.0834 AM
[ReportManager] Browser Action [navigateToURL] successfully performed. With the following test data [https://duckduckgo.com]. @01-05-2021 02:09:02.0316 AM
[ReportManager] Successfully created attachment [Selenium WebDriver Logs - server] @01-05-2021 02:09:02.0371 AM
[ReportManager] Successfully created attachment [Selenium WebDriver Logs - performance] @01-05-2021 02:09:02.0542 AM
[ReportManager] Successfully created attachment [Selenium WebDriver Logs - driver] @01-05-2021 02:09:02.0819 AM
[ReportManager] Browser Action [closeCurrentWindow] successfully performed. @01-05-2021 02:09:02.0874 AM
[ReportManager] Successfully created attachment [Browser Action Test Data - closeCurrentWindow - Actual Value] @01-05-2021 02:09:02.0875 A
[ReportManager] File Action [getAbsolutePath] successfully performed. With the following test data [Relative Folder Path: "target/downloadedFiles/"]. @01-05-2021 02:09:02.0877 AM
[ReportManager] Attempting to run remotely on: [Linux-64], [GoogleChrome], [http://localhost:4444/wd/hub], Headless Execution. @01-05-2021 02:09:02.0877 AM
[ReportManager] Successfully Opened [GoogleChrome]. @01-05-2021 02:09:03.0095 AM
[ReportManager] Target URL: [https://duckduckgo.com] @01-05-2021 02:09:03.0105 AM
[ReportManager] Initial URL: [data:,] @01-05-2021 02:09:03.0143 AM
[ReportManager] Browser Action [navigateToURL] successfully performed. With the following test data [https://duckduckgo.com]. @01-05-2021 02:09:03.0673 A

################################################################################################################################################
Starting Execution:	[126 out of 137] test cases in the current suite
Test Method:		[unitTests.tests_browserActions.navigateToURL]
################################################################################################################################################
[ReportManager] Target URL: [https://duckduckgo.com] @01-05-2021 02:09:03.0681 AM
[ReportManager] Initial URL: [https://duckduckgo.com] @01-05-2021 02:09:03.0732 AM
[ReportManager] Browser Action [navigateToURL] successfully performed. With the following test data [https://duckduckgo.com]. @01-05-2021 02:09:04.0066 A
[ReportManager] Target URL: [https://duckduckgo.com] @01-05-2021 02:09:04.0069 AM
[ReportManager] Initial URL: [https://duckduckgo.com] @01-05-2021 02:09:04.0126 AM
[ReportManager] Browser Action [navigateToURL] successfully performed. With the following test data [https://duckduckgo.com]. @01-05-2021 02:09:04.0427 AM
[ReportManager] Successfully created attachment [Selenium WebDriver Logs - server] @01-05-2021 02:09:04.0476 AM
[ReportManager] Successfully created attachment [Selenium WebDriver Logs - performance] @01-05-2021 02:09:04.0653 AM
[ReportManager] Successfully created attachment [Selenium WebDriver Logs - driver] @01-05-2021 02:09:04.0870 AM
[ReportManager] Browser Action [closeCurrentWindow] successfully performed. @01-05-2021 02:09:04.0925 AM
[ReportManager] Successfully created attachment [Browser Action Test Data - closeCurrentWindow - Actual Value] @01-05-2021 02:09:04.0926 A
[ReportManager] File Action [getAbsolutePath] successfully performed. With the following test data [Relative Folder Path: "target/downloadedFiles/"]. @01-05-2021 02:09:04.0928 AM
[ReportManager] Attempting to run remotely on: [Linux-64], [GoogleChrome], [http://localhost:4444/wd/hub], Headless Execution. @01-05-2021 02:09:04.0928 AM
[ReportManager] Successfully Opened [GoogleChrome]. @01-05-2021 02:09:05.0129 AM
[ReportManager] Target URL: [https://duckduckgo.com] @01-05-2021 02:09:05.0139 AM
[ReportManager] Initial URL: [data:,] @01-05-2021 02:09:05.0179 AM
[ReportManager] Browser Action [navigateToURL] successfully performed. With the following test data [https://duckduckgo.com]. @01-05-2021 02:09:05.0717 A

################################################################################################################################################
Starting Execution:	[127 out of 137] test cases in the current suite
Test Method:		[unitTests.tests_browserActions.navigateToURLWithRedirection]
################################################################################################################################################
[ReportManager] Target URL: [https://www.google.com/ncr], and after redirection: [https://www.google.com] @01-05-2021 02:09:05.0727 AM
[ReportManager] Initial URL: [https://duckduckgo.com] @01-05-2021 02:09:05.0780 AM
[ReportManager] Browser Action [navigateToURL] successfully performed. With the following test data [https://www.google.com/ncr]. @01-05-2021 02:09:06.0627 A
[ReportManager] Target URL: [https://duckduckgo.com] @01-05-2021 02:09:06.0632 AM
[ReportManager] Initial URL: [https://www.google.com] @01-05-2021 02:09:06.0711 AM
[ReportManager] Browser Action [navigateToURL] successfully performed. With the following test data [https://duckduckgo.com]. @01-05-2021 02:09:07.0225 AM
[ReportManager] Successfully created attachment [Selenium WebDriver Logs - server] @01-05-2021 02:09:07.0273 AM
[ReportManager] Successfully created attachment [Selenium WebDriver Logs - performance] @01-05-2021 02:09:07.0386 AM
[ReportManager] Successfully created attachment [Selenium WebDriver Logs - driver] @01-05-2021 02:09:07.0570 AM
[ReportManager] Browser Action [closeCurrentWindow] successfully performed. @01-05-2021 02:09:07.0625 AM
[ReportManager] Successfully created attachment [Browser Action Test Data - closeCurrentWindow - Actual Value] @01-05-2021 02:09:07.0626 A
[ReportManager] File Action [getAbsolutePath] successfully performed. With the following test data [Relative Folder Path: "target/downloadedFiles/"]. @01-05-2021 02:09:07.0634 AM
[ReportManager] Attempting to run remotely on: [Linux-64], [GoogleChrome], [http://localhost:4444/wd/hub], Headless Execution. @01-05-2021 02:09:07.0634 AM
[ReportManager] Successfully Opened [GoogleChrome]. @01-05-2021 02:09:07.0846 AM
[ReportManager] Target URL: [https://duckduckgo.com] @01-05-2021 02:09:07.0856 AM
[ReportManager] Initial URL: [data:,] @01-05-2021 02:09:07.0897 AM
[ReportManager] Browser Action [navigateToURL] successfully performed. With the following test data [https://duckduckgo.com]. @01-05-2021 02:09:08.0443 A

################################################################################################################################################
Starting Execution:	[128 out of 137] test cases in the current suite
Test Method:		[unitTests.tests_browserActions.refreshCurrentPage]
################################################################################################################################################
[ReportManager] Browser Action [refreshCurrentPage] successfully performed. @01-05-2021 02:09:08.0737 AM
[ReportManager] Successfully created attachment [Browser Action Test Data - refreshCurrentPage - Actual Value] @01-05-2021 02:09:08.0737 A
[ReportManager] Target URL: [https://duckduckgo.com] @01-05-2021 02:09:08.0739 AM
[ReportManager] Initial URL: [https://duckduckgo.com] @01-05-2021 02:09:08.0796 AM
[ReportManager] Browser Action [navigateToURL] successfully performed. With the following test data [https://duckduckgo.com]. @01-05-2021 02:09:09.0097 AM
[ReportManager] Successfully created attachment [Selenium WebDriver Logs - server] @01-05-2021 02:09:09.0152 AM
[ReportManager] Successfully created attachment [Selenium WebDriver Logs - performance] @01-05-2021 02:09:09.0337 AM
[ReportManager] Successfully created attachment [Selenium WebDriver Logs - driver] @01-05-2021 02:09:09.0545 AM
[ReportManager] Browser Action [closeCurrentWindow] successfully performed. @01-05-2021 02:09:09.0602 AM
[ReportManager] Successfully created attachment [Browser Action Test Data - closeCurrentWindow - Actual Value] @01-05-2021 02:09:09.0602 A
[ReportManager] File Action [getAbsolutePath] successfully performed. With the following test data [Relative Folder Path: "target/downloadedFiles/"]. @01-05-2021 02:09:09.0604 AM
[ReportManager] Attempting to run remotely on: [Linux-64], [GoogleChrome], [http://localhost:4444/wd/hub], Headless Execution. @01-05-2021 02:09:09.0604 AM
[ReportManager] Successfully Opened [GoogleChrome]. @01-05-2021 02:09:09.0857 AM
[ReportManager] Target URL: [https://duckduckgo.com] @01-05-2021 02:09:09.0889 AM
[ReportManager] Initial URL: [data:,] @01-05-2021 02:09:09.0945 AM
[ReportManager] Browser Action [navigateToURL] successfully performed. With the following test data [https://duckduckgo.com]. @01-05-2021 02:09:10.0559 A

################################################################################################################################################
Starting Execution:	[129 out of 137] test cases in the current suite
Test Method:		[unitTests.tests_browserActions.setWindowSize]
################################################################################################################################################
[ReportManager] Initial window size: (800, 600) @01-05-2021 02:09:10.0572 AM
[ReportManager] Window size after SWD: (1280, 720) @01-05-2021 02:09:10.0793 AM
[ReportManager] Browser Action [setWindowSize] successfully performed. With the following test data [New screen size is now: (1280, 720)]. @01-05-2021 02:09:10.0794 A
[ReportManager] Target URL: [https://duckduckgo.com] @01-05-2021 02:09:10.0795 AM
[ReportManager] Initial URL: [https://duckduckgo.com] @01-05-2021 02:09:10.0866 AM
[ReportManager] Browser Action [navigateToURL] successfully performed. With the following test data [https://duckduckgo.com]. @01-05-2021 02:09:11.0213 AM
[ReportManager] Successfully created attachment [Selenium WebDriver Logs - server] @01-05-2021 02:09:11.0270 AM
[ReportManager] Successfully created attachment [Selenium WebDriver Logs - performance] @01-05-2021 02:09:11.0382 AM
[ReportManager] Successfully created attachment [Selenium WebDriver Logs - driver] @01-05-2021 02:09:11.0528 AM
[ReportManager] Browser Action [closeCurrentWindow] successfully performed. @01-05-2021 02:09:11.0584 AM
[ReportManager] Successfully created attachment [Browser Action Test Data - closeCurrentWindow - Actual Value] @01-05-2021 02:09:11.0584 A
[ReportManager] File Action [getAbsolutePath] successfully performed. With the following test data [Relative Folder Path: "target/downloadedFiles/"]. @01-05-2021 02:09:11.0586 AM
[ReportManager] Attempting to run remotely on: [Linux-64], [GoogleChrome], [http://localhost:4444/wd/hub], Headless Execution. @01-05-2021 02:09:11.0587 AM
[ReportManager] Successfully Opened [GoogleChrome]. @01-05-2021 02:09:11.0773 A

################################################################################################################################################
Starting Execution:	[130 out of 137] test cases in the current suite
Test Method:		[unitTests.tests_element_elementActions.waitForElementToBePresent_false_expectedToFail]
################################################################################################################################################
[ReportManager] Target URL: [https://www.google.com/ncr], and after redirection: [www.google.com] @01-05-2021 02:09:11.0800 AM
[ReportManager] Initial URL: [data:,] @01-05-2021 02:09:11.0843 AM
[ReportManager] Browser Action [navigateToURL] successfully performed. With the following test data [https://www.google.com/ncr]. @01-05-2021 02:09:12.0696 AM
[ReportManager] Waiting for element to be present; elementLocator [By.xpath: //img[@id='hplogo' or @alt='Google']], numberOfTries[1], stateOfPresence[false]... @01-05-2021 02:09:12.0699 AM
[ReportManager] Element Action [waitForElementToBePresent] failed. With the following test data [waited for the element's state of presence to be (false). Element locator (By.xpath: //img[@id='hplogo' or @alt='Google'])]. @01-05-2021 02:09:12.0893 AM
[ReportManager] Successfully created attachment [Screenshot - 1619834952833_waitForElementToBePresent_false_expectedToFail_waitForElementToBePresent_failed] @01-05-2021 02:09:12.0894 A
[ReportManager] Successfully created attachment [Selenium WebDriver Logs - server] @01-05-2021 02:09:12.0973 AM
[ReportManager] Successfully created attachment [Selenium WebDriver Logs - performance] @01-05-2021 02:09:13.0006 AM
[ReportManager] Successfully created attachment [Selenium WebDriver Logs - driver] @01-05-2021 02:09:13.0078 AM
[ReportManager] Browser Action [closeCurrentWindow] successfully performed. @01-05-2021 02:09:13.0133 AM
[ReportManager] Successfully created attachment [Browser Action Test Data - closeCurrentWindow - Actual Value] @01-05-2021 02:09:13.0134 A
[ReportManager] File Action [getAbsolutePath] successfully performed. With the following test data [Relative Folder Path: "target/downloadedFiles/"]. @01-05-2021 02:09:13.0137 AM
[ReportManager] Attempting to run remotely on: [Linux-64], [GoogleChrome], [http://localhost:4444/wd/hub], Headless Execution. @01-05-2021 02:09:13.0137 AM
[ReportManager] Successfully Opened [GoogleChrome]. @01-05-2021 02:09:13.0372 A

################################################################################################################################################
Starting Execution:	[131 out of 137] test cases in the current suite
Test Method:		[unitTests.tests_element_elementActions.waitForElementToBePresent_false_expectedToPass]
################################################################################################################################################
[ReportManager] Target URL: [https://www.google.com/ncr], and after redirection: [www.google.com] @01-05-2021 02:09:13.0387 AM
[ReportManager] Initial URL: [data:,] @01-05-2021 02:09:13.0428 AM
[ReportManager] Browser Action [navigateToURL] successfully performed. With the following test data [https://www.google.com/ncr]. @01-05-2021 02:09:14.0259 AM
[ReportManager] Waiting for element to be present; elementLocator [By.id: bla], numberOfTries[1], stateOfPresence[false]... @01-05-2021 02:09:14.0259 AM
[ReportManager] Element Action [waitForElementToBePresent] successfully performed. With the following test data [waited for the element's state of presence to be (false). Element locator (By.id: bla)]. @01-05-2021 02:09:19.0368 A
[ReportManager] Successfully created attachment [Selenium WebDriver Logs - server] @01-05-2021 02:09:19.0441 AM
[ReportManager] Successfully created attachment [Selenium WebDriver Logs - performance] @01-05-2021 02:09:19.0474 AM
[ReportManager] Successfully created attachment [Selenium WebDriver Logs - driver] @01-05-2021 02:09:19.0549 AM
[ReportManager] Browser Action [closeCurrentWindow] successfully performed. @01-05-2021 02:09:19.0607 AM
[ReportManager] Successfully created attachment [Browser Action Test Data - closeCurrentWindow - Actual Value] @01-05-2021 02:09:19.0608 A
[ReportManager] File Action [getAbsolutePath] successfully performed. With the following test data [Relative Folder Path: "target/downloadedFiles/"]. @01-05-2021 02:09:19.0610 AM
[ReportManager] Attempting to run remotely on: [Linux-64], [GoogleChrome], [http://localhost:4444/wd/hub], Headless Execution. @01-05-2021 02:09:19.0610 AM
[ReportManager] Successfully Opened [GoogleChrome]. @01-05-2021 02:09:19.0808 A

################################################################################################################################################
Starting Execution:	[132 out of 137] test cases in the current suite
Test Method:		[unitTests.tests_element_elementActions.waitForElementToBePresent_moreThanOneElement_expectedToFail]
################################################################################################################################################
[ReportManager] Target URL: [https://www.google.com/ncr], and after redirection: [www.google.com] @01-05-2021 02:09:19.0828 AM
[ReportManager] Initial URL: [data:,] @01-05-2021 02:09:19.0885 AM
[ReportManager] Browser Action [navigateToURL] successfully performed. With the following test data [https://www.google.com/ncr]. @01-05-2021 02:09:20.0742 AM
[ReportManager] Waiting for element to be present; elementLocator [By.xpath: //*], numberOfTries[1], stateOfPresence[false]... @01-05-2021 02:09:20.0742 AM
[ReportManager] Element Action [waitForElementToBePresent] failed. With the following test data [waited for the element's state of presence to be (false). Element locator (By.xpath: //*)]. @01-05-2021 02:09:20.0941 AM
[ReportManager] Successfully created attachment [Screenshot - 1619834960881_waitForElementToBePresent_moreThanOneElement_expectedToFail_waitForElementToBePresent_failed] @01-05-2021 02:09:20.0941 A
[ReportManager] Successfully created attachment [Selenium WebDriver Logs - server] @01-05-2021 02:09:21.0040 AM
[ReportManager] Successfully created attachment [Selenium WebDriver Logs - performance] @01-05-2021 02:09:21.0072 AM
[ReportManager] Successfully created attachment [Selenium WebDriver Logs - driver] @01-05-2021 02:09:21.0142 AM
[ReportManager] Browser Action [closeCurrentWindow] successfully performed. @01-05-2021 02:09:21.0211 AM
[ReportManager] Successfully created attachment [Browser Action Test Data - closeCurrentWindow - Actual Value] @01-05-2021 02:09:21.0212 A
[ReportManager] File Action [getAbsolutePath] successfully performed. With the following test data [Relative Folder Path: "target/downloadedFiles/"]. @01-05-2021 02:09:21.0215 AM
[ReportManager] Attempting to run remotely on: [Linux-64], [GoogleChrome], [http://localhost:4444/wd/hub], Headless Execution. @01-05-2021 02:09:21.0215 AM
[ReportManager] Successfully Opened [GoogleChrome]. @01-05-2021 02:09:21.0423 A

################################################################################################################################################
Starting Execution:	[133 out of 137] test cases in the current suite
Test Method:		[unitTests.tests_element_elementActions.waitForElementToBePresent_true_expectedToFail]
################################################################################################################################################
[ReportManager] Target URL: [https://www.google.com/ncr], and after redirection: [www.google.com] @01-05-2021 02:09:21.0439 AM
[ReportManager] Initial URL: [data:,] @01-05-2021 02:09:21.0484 AM
[ReportManager] Browser Action [navigateToURL] successfully performed. With the following test data [https://www.google.com/ncr]. @01-05-2021 02:09:22.0353 AM
[ReportManager] Waiting for element to be present; elementLocator [By.id: bla], numberOfTries[1], stateOfPresence[true]... @01-05-2021 02:09:22.0354 AM
[ReportManager] Element Action [waitForElementToBePresent] failed. With the following test data [waited for the element's state of presence to be (true). Element locator (By.id: bla)]. @01-05-2021 02:09:27.0593 AM
[ReportManager] Successfully created attachment [Screenshot - 1619834967530_waitForElementToBePresent_true_expectedToFail_waitForElementToBePresent_failed] @01-05-2021 02:09:27.0594 A
[ReportManager] Successfully created attachment [Selenium WebDriver Logs - server] @01-05-2021 02:09:27.0669 AM
[ReportManager] Successfully created attachment [Selenium WebDriver Logs - performance] @01-05-2021 02:09:27.0704 AM
[ReportManager] Successfully created attachment [Selenium WebDriver Logs - driver] @01-05-2021 02:09:27.0774 AM
[ReportManager] Browser Action [closeCurrentWindow] successfully performed. @01-05-2021 02:09:27.0829 AM
[ReportManager] Successfully created attachment [Browser Action Test Data - closeCurrentWindow - Actual Value] @01-05-2021 02:09:27.0830 A
[ReportManager] File Action [getAbsolutePath] successfully performed. With the following test data [Relative Folder Path: "target/downloadedFiles/"]. @01-05-2021 02:09:27.0833 AM
[ReportManager] Attempting to run remotely on: [Linux-64], [GoogleChrome], [http://localhost:4444/wd/hub], Headless Execution. @01-05-2021 02:09:27.0833 AM
[ReportManager] Successfully Opened [GoogleChrome]. @01-05-2021 02:09:28.0039 A

################################################################################################################################################
Starting Execution:	[134 out of 137] test cases in the current suite
Test Method:		[unitTests.tests_element_elementActions.waitForElementToBePresent_true_expectedToPass]
################################################################################################################################################
[ReportManager] Target URL: [https://www.google.com/ncr], and after redirection: [www.google.com] @01-05-2021 02:09:28.0055 AM
[ReportManager] Initial URL: [data:,] @01-05-2021 02:09:28.0099 AM
[ReportManager] Browser Action [navigateToURL] successfully performed. With the following test data [https://www.google.com/ncr]. @01-05-2021 02:09:28.0921 AM
[ReportManager] Waiting for element to be present; elementLocator [By.xpath: //img[@id='hplogo' or @alt='Google']], numberOfTries[1], stateOfPresence[true]... @01-05-2021 02:09:28.0921 AM
[ReportManager] Element Action [waitForElementToBePresent] successfully performed. With the following test data [waited for the element's state of presence to be (true). Element locator (By.xpath: //img[@id='hplogo' or @alt='Google'])]. @01-05-2021 02:09:28.0975 AM
[ReportManager] Using Visual AI; OpenCV... @01-05-2021 02:09:28.0977 AM
[ReportManager] File Action [doesFileExist] successfully performed. With the following test data [File Path: "src/test/resources/DynamicObjectRepository/unitTests_tests_element_elementActions_waitForElementToBePresent_true_expectedToPass_By_xpath_img_id_hplogo_or_alt_Google.png"]. @01-05-2021 02:09:28.0978 AM
[ReportManager] File Action [doesFileExist] successfully performed. With the following test data [File Path: "src/test/resources/DynamicObjectRepository/unitTests_tests_element_elementActions_waitForElementToBePresent_true_expectedToPass_By_xpath_img_id_hplogo_or_alt_Google.png"]. @01-05-2021 02:09:29.0127 AM
[ReportManager] Passing the test and saving a reference image @01-05-2021 02:09:29.0127 AM
[ReportManager] File Action [getAbsolutePath] successfully performed. With the following test data [Relative File Path: "src/test/resources/DynamicObjectRepository/unitTests_tests_element_elementActions_waitForElementToBePresent_true_expectedToPass_By_xpath_img_id_hplogo_or_alt_Google.png"]. @01-05-2021 02:09:29.0127 AM
[ReportManager] File Action [writeToFile] successfully performed. With the following test data [Target File Path: "/home/runner/work/SHAFT_ENGINE/SHAFT_ENGINE/src/test/resources/DynamicObjectRepository/unitTests_tests_element_elementActions_waitForElementToBePresent_true_expectedToPass_By_xpath_img_id_hplogo_or_alt_Google.png"]. @01-05-2021 02:09:29.0136 AM
[ReportManager] AssertElementMatches PASSED; Expected [Element should match the reference screenshot] and Actual [TRUE]. Comparison Type [EXACT_OPENCV]. Validation Type [POSITIVE]. @01-05-2021 02:09:29.0136 AM
[ReportManager] Successfully created attachment [Validation Test Data - Actual Screenshot] @01-05-2021 02:09:29.0137 A
[ReportManager] Successfully created attachment [Selenium WebDriver Logs - server] @01-05-2021 02:09:29.0217 AM
[ReportManager] Successfully created attachment [Selenium WebDriver Logs - performance] @01-05-2021 02:09:29.0249 AM
[ReportManager] Successfully created attachment [Selenium WebDriver Logs - driver] @01-05-2021 02:09:29.0326 AM
[ReportManager] Browser Action [closeCurrentWindow] successfully performed. @01-05-2021 02:09:29.0382 AM
[ReportManager] Successfully created attachment [Browser Action Test Data - closeCurrentWindow - Actual Value] @01-05-2021 02:09:29.0383 A

################################################################################################################################################
Starting Execution:	[135 out of 137] test cases in the current suite
Test Method:		[unitTests.tests_restActions.getPostsAndAssertBodyForSpecificTitle]
################################################################################################################################################
[ReportManager] Response status code: [200], status line: [HTTP/1.1 200 OK] @01-05-2021 02:09:30.0714 AM
[ReportManager] Evaluating the actual response status code against the expected one...... @01-05-2021 02:09:30.0714 AM
[ReportManager] AssertEquals PASSED; Expected [200] and Actual [200]. Comparison Type [EQUALS]. Validation Type [POSITIVE]. @01-05-2021 02:09:30.0714 AM
[ReportManager] API Action [performRequest] successfully performed. With the following test data [Request Type: "GET" | Target Status Code: "200" | Service URL: "https://jsonplaceholder.typicode.com/posts" | Content Type: "*/*" | Response Time: "979ms"]. @01-05-2021 02:09:30.0846 AM
[ReportManager] Successfully created attachment [API Response - JSON Body] @01-05-2021 02:09:30.0846 AM
[ReportManager] API Action [getResponseJSONValueAsList] successfully performed. @01-05-2021 02:09:30.0869 AM
[ReportManager] API Action [getResponseJSONValue] successfully performed. With the following test data [title]. @01-05-2021 02:09:30.0882 AM
[ReportManager] API Action [getResponseJSONValue] successfully performed. With the following test data [title]. @01-05-2021 02:09:30.0892 AM
[ReportManager] API Action [getResponseJSONValue] successfully performed. With the following test data [body]. @01-05-2021 02:09:30.0902 AM
[ReportManager] AssertEquals PASSED; Expected [qui neque nisi nulla] and Actual [est rerum tempore vitae
sequi sint nihil reprehenderit dolor beatae ea dolores neque
fugiat blanditiis voluptate porro vel nihil molestiae ut reiciendis
qui aperiam non debitis possimus qui neque nisi nulla]. Comparison Type [CONTAINS]. Validation Type [POSITIVE]. @01-05-2021 02:09:30.0903 AM
[ReportManager] API Action [getResponseJSONValue] successfully performed. With the following test data [title]. @01-05-2021 02:09:30.0912 AM
[ReportManager] API Action [getResponseJSONValue] successfully performed. With the following test data [title]. @01-05-2021 02:09:30.0922 AM
[ReportManager] API Action [getResponseJSONValue] successfully performed. With the following test data [title]. @01-05-2021 02:09:30.0931 AM
[ReportManager] API Action [getResponseJSONValue] successfully performed. With the following test data [title]. @01-05-2021 02:09:30.0941 AM
[ReportManager] API Action [getResponseJSONValue] successfully performed. With the following test data [title]. @01-05-2021 02:09:30.0950 AM
[ReportManager] API Action [getResponseJSONValue] successfully performed. With the following test data [title]. @01-05-2021 02:09:30.0959 AM
[ReportManager] API Action [getResponseJSONValue] successfully performed. With the following test data [title]. @01-05-2021 02:09:30.0967 AM
[ReportManager] API Action [getResponseJSONValue] successfully performed. With the following test data [title]. @01-05-2021 02:09:30.0976 AM
[ReportManager] API Action [getResponseJSONValue] successfully performed. With the following test data [title]. @01-05-2021 02:09:30.0985 AM
[ReportManager] API Action [getResponseJSONValue] successfully performed. With the following test data [title]. @01-05-2021 02:09:30.0996 AM
[ReportManager] API Action [getResponseJSONValue] successfully performed. With the following test data [title]. @01-05-2021 02:09:31.0007 AM
[ReportManager] API Action [getResponseJSONValue] successfully performed. With the following test data [title]. @01-05-2021 02:09:31.0015 AM
[ReportManager] API Action [getResponseJSONValue] successfully performed. With the following test data [title]. @01-05-2021 02:09:31.0024 AM
[ReportManager] API Action [getResponseJSONValue] successfully performed. With the following test data [title]. @01-05-2021 02:09:31.0032 AM
[ReportManager] API Action [getResponseJSONValue] successfully performed. With the following test data [title]. @01-05-2021 02:09:31.0040 AM
[ReportManager] API Action [getResponseJSONValue] successfully performed. With the following test data [title]. @01-05-2021 02:09:31.0048 AM
[ReportManager] API Action [getResponseJSONValue] successfully performed. With the following test data [title]. @01-05-2021 02:09:31.0056 AM
[ReportManager] API Action [getResponseJSONValue] successfully performed. With the following test data [title]. @01-05-2021 02:09:31.0064 AM
[ReportManager] API Action [getResponseJSONValue] successfully performed. With the following test data [title]. @01-05-2021 02:09:31.0072 AM
[ReportManager] API Action [getResponseJSONValue] successfully performed. With the following test data [title]. @01-05-2021 02:09:31.0079 AM
[ReportManager] API Action [getResponseJSONValue] successfully performed. With the following test data [title]. @01-05-2021 02:09:31.0087 AM
[ReportManager] API Action [getResponseJSONValue] successfully performed. With the following test data [title]. @01-05-2021 02:09:31.0095 AM
[ReportManager] API Action [getResponseJSONValue] successfully performed. With the following test data [title]. @01-05-2021 02:09:31.0102 AM
[ReportManager] API Action [getResponseJSONValue] successfully performed. With the following test data [title]. @01-05-2021 02:09:31.0110 AM
[ReportManager] API Action [getResponseJSONValue] successfully performed. With the following test data [title]. @01-05-2021 02:09:31.0117 AM
[ReportManager] API Action [getResponseJSONValue] successfully performed. With the following test data [title]. @01-05-2021 02:09:31.0124 AM
[ReportManager] API Action [getResponseJSONValue] successfully performed. With the following test data [title]. @01-05-2021 02:09:31.0132 AM
[ReportManager] API Action [getResponseJSONValue] successfully performed. With the following test data [title]. @01-05-2021 02:09:31.0139 AM
[ReportManager] API Action [getResponseJSONValue] successfully performed. With the following test data [title]. @01-05-2021 02:09:31.0147 AM
[ReportManager] API Action [getResponseJSONValue] successfully performed. With the following test data [title]. @01-05-2021 02:09:31.0154 AM
[ReportManager] API Action [getResponseJSONValue] successfully performed. With the following test data [title]. @01-05-2021 02:09:31.0161 AM
[ReportManager] API Action [getResponseJSONValue] successfully performed. With the following test data [title]. @01-05-2021 02:09:31.0169 AM
[ReportManager] API Action [getResponseJSONValue] successfully performed. With the following test data [title]. @01-05-2021 02:09:31.0176 AM
[ReportManager] API Action [getResponseJSONValue] successfully performed. With the following test data [title]. @01-05-2021 02:09:31.0183 AM
[ReportManager] API Action [getResponseJSONValue] successfully performed. With the following test data [title]. @01-05-2021 02:09:31.0190 AM
[ReportManager] API Action [getResponseJSONValue] successfully performed. With the following test data [title]. @01-05-2021 02:09:31.0197 AM
[ReportManager] API Action [getResponseJSONValue] successfully performed. With the following test data [title]. @01-05-2021 02:09:31.0204 AM
[ReportManager] API Action [getResponseJSONValue] successfully performed. With the following test data [title]. @01-05-2021 02:09:31.0212 AM
[ReportManager] API Action [getResponseJSONValue] successfully performed. With the following test data [title]. @01-05-2021 02:09:31.0219 AM
[ReportManager] API Action [getResponseJSONValue] successfully performed. With the following test data [title]. @01-05-2021 02:09:31.0226 AM
[ReportManager] API Action [getResponseJSONValue] successfully performed. With the following test data [title]. @01-05-2021 02:09:31.0233 AM
[ReportManager] API Action [getResponseJSONValue] successfully performed. With the following test data [title]. @01-05-2021 02:09:31.0240 AM
[ReportManager] API Action [getResponseJSONValue] successfully performed. With the following test data [title]. @01-05-2021 02:09:31.0247 AM
[ReportManager] API Action [getResponseJSONValue] successfully performed. With the following test data [title]. @01-05-2021 02:09:31.0254 AM
[ReportManager] API Action [getResponseJSONValue] successfully performed. With the following test data [title]. @01-05-2021 02:09:31.0261 AM
[ReportManager] API Action [getResponseJSONValue] successfully performed. With the following test data [title]. @01-05-2021 02:09:31.0269 AM
[ReportManager] API Action [getResponseJSONValue] successfully performed. With the following test data [title]. @01-05-2021 02:09:31.0276 AM
[ReportManager] API Action [getResponseJSONValue] successfully performed. With the following test data [title]. @01-05-2021 02:09:31.0283 AM
[ReportManager] API Action [getResponseJSONValue] successfully performed. With the following test data [title]. @01-05-2021 02:09:31.0290 AM
[ReportManager] API Action [getResponseJSONValue] successfully performed. With the following test data [title]. @01-05-2021 02:09:31.0297 AM
[ReportManager] API Action [getResponseJSONValue] successfully performed. With the following test data [title]. @01-05-2021 02:09:31.0304 AM
[ReportManager] API Action [getResponseJSONValue] successfully performed. With the following test data [title]. @01-05-2021 02:09:31.0311 AM
[ReportManager] API Action [getResponseJSONValue] successfully performed. With the following test data [title]. @01-05-2021 02:09:31.0318 AM
[ReportManager] API Action [getResponseJSONValue] successfully performed. With the following test data [title]. @01-05-2021 02:09:31.0325 AM
[ReportManager] API Action [getResponseJSONValue] successfully performed. With the following test data [title]. @01-05-2021 02:09:31.0333 AM
[ReportManager] API Action [getResponseJSONValue] successfully performed. With the following test data [title]. @01-05-2021 02:09:31.0340 AM
[ReportManager] API Action [getResponseJSONValue] successfully performed. With the following test data [title]. @01-05-2021 02:09:31.0347 AM
[ReportManager] API Action [getResponseJSONValue] successfully performed. With the following test data [title]. @01-05-2021 02:09:31.0354 AM
[ReportManager] API Action [getResponseJSONValue] successfully performed. With the following test data [title]. @01-05-2021 02:09:31.0377 AM
[ReportManager] API Action [getResponseJSONValue] successfully performed. With the following test data [title]. @01-05-2021 02:09:31.0384 AM
[ReportManager] API Action [getResponseJSONValue] successfully performed. With the following test data [title]. @01-05-2021 02:09:31.0391 AM
[ReportManager] API Action [getResponseJSONValue] successfully performed. With the following test data [title]. @01-05-2021 02:09:31.0398 AM
[ReportManager] API Action [getResponseJSONValue] successfully performed. With the following test data [title]. @01-05-2021 02:09:31.0405 AM
[ReportManager] API Action [getResponseJSONValue] successfully performed. With the following test data [title]. @01-05-2021 02:09:31.0411 AM
[ReportManager] API Action [getResponseJSONValue] successfully performed. With the following test data [title]. @01-05-2021 02:09:31.0418 AM
[ReportManager] API Action [getResponseJSONValue] successfully performed. With the following test data [title]. @01-05-2021 02:09:31.0425 AM
[ReportManager] API Action [getResponseJSONValue] successfully performed. With the following test data [title]. @01-05-2021 02:09:31.0431 AM
[ReportManager] API Action [getResponseJSONValue] successfully performed. With the following test data [title]. @01-05-2021 02:09:31.0438 AM
[ReportManager] API Action [getResponseJSONValue] successfully performed. With the following test data [title]. @01-05-2021 02:09:31.0445 AM
[ReportManager] API Action [getResponseJSONValue] successfully performed. With the following test data [title]. @01-05-2021 02:09:31.0451 AM
[ReportManager] API Action [getResponseJSONValue] successfully performed. With the following test data [title]. @01-05-2021 02:09:31.0458 AM
[ReportManager] API Action [getResponseJSONValue] successfully performed. With the following test data [title]. @01-05-2021 02:09:31.0465 AM
[ReportManager] API Action [getResponseJSONValue] successfully performed. With the following test data [title]. @01-05-2021 02:09:31.0472 AM
[ReportManager] API Action [getResponseJSONValue] successfully performed. With the following test data [title]. @01-05-2021 02:09:31.0479 AM
[ReportManager] API Action [getResponseJSONValue] successfully performed. With the following test data [title]. @01-05-2021 02:09:31.0485 AM
[ReportManager] API Action [getResponseJSONValue] successfully performed. With the following test data [title]. @01-05-2021 02:09:31.0492 AM
[ReportManager] API Action [getResponseJSONValue] successfully performed. With the following test data [title]. @01-05-2021 02:09:31.0499 AM
[ReportManager] API Action [getResponseJSONValue] successfully performed. With the following test data [title]. @01-05-2021 02:09:31.0506 AM
[ReportManager] API Action [getResponseJSONValue] successfully performed. With the following test data [title]. @01-05-2021 02:09:31.0513 AM
[ReportManager] API Action [getResponseJSONValue] successfully performed. With the following test data [title]. @01-05-2021 02:09:31.0520 AM
[ReportManager] API Action [getResponseJSONValue] successfully performed. With the following test data [title]. @01-05-2021 02:09:31.0527 AM
[ReportManager] API Action [getResponseJSONValue] successfully performed. With the following test data [title]. @01-05-2021 02:09:31.0534 AM
[ReportManager] API Action [getResponseJSONValue] successfully performed. With the following test data [title]. @01-05-2021 02:09:31.0541 AM
[ReportManager] API Action [getResponseJSONValue] successfully performed. With the following test data [title]. @01-05-2021 02:09:31.0548 AM
[ReportManager] API Action [getResponseJSONValue] successfully performed. With the following test data [title]. @01-05-2021 02:09:31.0555 AM
[ReportManager] API Action [getResponseJSONValue] successfully performed. With the following test data [title]. @01-05-2021 02:09:31.0562 AM
[ReportManager] API Action [getResponseJSONValue] successfully performed. With the following test data [title]. @01-05-2021 02:09:31.0569 AM
[ReportManager] API Action [getResponseJSONValue] successfully performed. With the following test data [title]. @01-05-2021 02:09:31.0576 AM
[ReportManager] API Action [getResponseJSONValue] successfully performed. With the following test data [title]. @01-05-2021 02:09:31.0582 AM
[ReportManager] API Action [getResponseJSONValue] successfully performed. With the following test data [title]. @01-05-2021 02:09:31.0589 AM
[ReportManager] API Action [getResponseJSONValue] successfully performed. With the following test data [title]. @01-05-2021 02:09:31.0596 AM
[ReportManager] API Action [getResponseJSONValue] successfully performed. With the following test data [title]. @01-05-2021 02:09:31.0603 AM
[ReportManager] API Action [getResponseJSONValue] successfully performed. With the following test data [title]. @01-05-2021 02:09:31.0610 AM
[ReportManager] API Action [getResponseJSONValue] successfully performed. With the following test data [title]. @01-05-2021 02:09:31.0616 AM
[ReportManager] API Action [getResponseJSONValue] successfully performed. With the following test data [title]. @01-05-2021 02:09:31.0623 AM
[ReportManager] API Action [getResponseJSONValue] successfully performed. With the following test data [title]. @01-05-2021 02:09:31.0630 AM
[ReportManager] API Action [getResponseJSONValue] successfully performed. With the following test data [title]. @01-05-2021 02:09:31.0637 AM
[ReportManager] API Action [getResponseJSONValue] successfully performed. With the following test data [title]. @01-05-2021 02:09:31.0643 A

################################################################################################################################################
Starting Execution:	[136 out of 137] test cases in the current suite
Test Method:		[unitTests.tests_restActions.validateUserEmail]
################################################################################################################################################
[ReportManager] Response status code: [200], status line: [HTTP/1.1 200 OK] @01-05-2021 02:09:32.0027 AM
[ReportManager] Evaluating the actual response status code against the expected one...... @01-05-2021 02:09:32.0027 AM
[ReportManager] AssertEquals PASSED; Expected [200] and Actual [200]. Comparison Type [EQUALS]. Validation Type [POSITIVE]. @01-05-2021 02:09:32.0027 AM
[ReportManager] API Action [performRequest] successfully performed. With the following test data [Request Type: "GET" | Target Status Code: "200" | Service URL: "https://jsonplaceholder.typicode.com/users" | Content Type: "*/*" | Response Time: "353ms"]. @01-05-2021 02:09:32.0045 AM
[ReportManager] Successfully created attachment [API Response - JSON Body] @01-05-2021 02:09:32.0046 AM
[ReportManager] AssertEquals PASSED; Expected and Actual values are attached. Comparison Type [CONTAINS]. Validation Type [POSITIVE]. @01-05-2021 02:09:32.0046 AM
[ReportManager] Successfully created attachment [Validation Test Data - Expected Value] @01-05-2021 02:09:32.0046 AM
[ReportManager] Successfully created attachment [Validation Test Data - Actual Value] @01-05-2021 02:09:32.0047 AM
[ReportManager] API Action [getResponseJSONValueAsList] successfully performed. With the following test data [$]. @01-05-2021 02:09:32.0052 AM
[ReportManager] API Action [getResponseJSONValue] successfully performed. With the following test data [name]. @01-05-2021 02:09:32.0062 AM
[ReportManager] API Action [getResponseJSONValue] successfully performed. With the following test data [email]. @01-05-2021 02:09:32.0072 AM
[ReportManager] AssertEquals PASSED; Expected [Sincere@april.biz] and Actual [Sincere@april.biz]. Comparison Type [EQUALS]. Validation Type [POSITIVE]. @01-05-2021 02:09:32.0072 AM
[ReportManager] API Action [getResponseJSONValue] successfully performed. With the following test data [name]. @01-05-2021 02:09:32.0086 AM
[ReportManager] API Action [getResponseJSONValue] successfully performed. With the following test data [name]. @01-05-2021 02:09:32.0098 AM
[ReportManager] API Action [getResponseJSONValue] successfully performed. With the following test data [name]. @01-05-2021 02:09:32.0108 AM
[ReportManager] API Action [getResponseJSONValue] successfully performed. With the following test data [name]. @01-05-2021 02:09:32.0116 AM
[ReportManager] API Action [getResponseJSONValue] successfully performed. With the following test data [name]. @01-05-2021 02:09:32.0124 AM
[ReportManager] API Action [getResponseJSONValue] successfully performed. With the following test data [name]. @01-05-2021 02:09:32.0131 AM
[ReportManager] API Action [getResponseJSONValue] successfully performed. With the following test data [name]. @01-05-2021 02:09:32.0140 AM
[ReportManager] API Action [getResponseJSONValue] successfully performed. With the following test data [name]. @01-05-2021 02:09:32.0147 AM
[ReportManager] API Action [getResponseJSONValue] successfully performed. With the following test data [name]. @01-05-2021 02:09:32.0154 A
[ReportManager] Successfully loaded the following test data file [src/test/resources/TestDataFiles/testSuite01/TestData.xlsx]. @01-05-2021 02:09:32.0214 AM
[ReportManager] Successfully created attachment [Test Data - Excel] @01-05-2021 02:09:32.0214 A

################################################################################################################################################
Starting Execution:	[137 out of 137] test cases in the current suite
Test Method:		[unitTests.tests_io_excelFileManager.getCellData_rowName_expectedToPass]
################################################################################################################################################
[ReportManager] testRowData. @01-05-2021 02:09:32.0219 A

################################################################################################################################################
Test Closure Activities
################################################################################################################################################
[ReportManager] Successfully created attachment [SHAFT Engine Logs - Execution log] @01-05-2021 02:09:32.0265 AM

################################################################################################################################################
This test run was powered by SHAFT Engine Version: [SHAFT Engine v5.2.20210427]
SHAFT Engine is licensed under the MIT License: [https://github.com/MohabMohie/SHAFT_ENGINE/blob/master/LICENSE].
################################################################################################################################################