################################################################################################################################################
Detected SHAFT Engine Version: [SHAFT Engine v5.1]
################################################################################################################################################
[ReportManager] File Action [getAbsolutePath] successfully performed. With the following test data [Relative Folder Path: "target/downloadedFiles/"]. @14-02-2021 01:31:34.0699 AM
[ReportManager] Attempting to run remotely on: [Linux-64], [GoogleChrome], [http://localhost:4444/wd/hub], Headless Execution. @14-02-2021 01:31:34.0754 AM
[ReportManager] Successfully Opened [GoogleChrome]. @14-02-2021 01:31:36.0141 A

################################################################################################################################################
Starting Execution:	[1 out of 134] test cases in the current suite
Test Method:		[unitTests.tests_element_elementActions.waitForElementToBePresent_false_expectedToFail]
################################################################################################################################################
[ReportManager] Target URL: [https://www.google.com/ncr], and after redirection: [www.google.com] @14-02-2021 01:31:36.0429 AM
[ReportManager] Initial URL: [data:,] @14-02-2021 01:31:36.0543 AM
[ReportManager] Browser Action [navigateToURL] successfully performed. With the following test data [https://www.google.com/ncr]. @14-02-2021 01:31:37.0793 AM
[ReportManager] Waiting for element to be present; elementLocator [By.id: hplogo], numberOfTries[1], stateOfPresence[false]... @14-02-2021 01:31:37.0803 AM
[ReportManager] Element Action [waitForElementToBePresent] successfully performed. With the following test data [waited up to (5) seconds, for the element's state of presence to be (false). Element locator (By.id: hplogo)]. @14-02-2021 01:31:37.0886 A
[ReportManager] Successfully created attachment [Selenium WebDriver Logs - server] @14-02-2021 01:31:38.0104 AM
[ReportManager] Successfully created attachment [Selenium WebDriver Logs - performance] @14-02-2021 01:31:38.0168 AM
[ReportManager] Successfully created attachment [Selenium WebDriver Logs - driver] @14-02-2021 01:31:38.0442 AM
[ReportManager] Browser Action [closeCurrentWindow] successfully performed. @14-02-2021 01:31:38.0510 AM
[ReportManager] Successfully created attachment [Browser Action Test Data - closeCurrentWindow - Actual Value] @14-02-2021 01:31:38.0514 A
[ReportManager] File Action [getAbsolutePath] successfully performed. With the following test data [Relative Folder Path: "target/downloadedFiles/"]. @14-02-2021 01:31:38.0533 AM
[ReportManager] Attempting to run remotely on: [Linux-64], [GoogleChrome], [http://localhost:4444/wd/hub], Headless Execution. @14-02-2021 01:31:38.0533 AM
[ReportManager] Successfully Opened [GoogleChrome]. @14-02-2021 01:31:39.0136 A

################################################################################################################################################
Starting Execution:	[2 out of 134] test cases in the current suite
Test Method:		[unitTests.tests_element_elementActions.waitForElementToBePresent_false_expectedToPass]
################################################################################################################################################
[ReportManager] Target URL: [https://www.google.com/ncr], and after redirection: [www.google.com] @14-02-2021 01:31:39.0181 AM
[ReportManager] Initial URL: [data:,] @14-02-2021 01:31:39.0260 AM
[ReportManager] Browser Action [navigateToURL] successfully performed. With the following test data [https://www.google.com/ncr]. @14-02-2021 01:31:40.0224 AM
[ReportManager] Waiting for element to be present; elementLocator [By.id: bla], numberOfTries[1], stateOfPresence[false]... @14-02-2021 01:31:40.0225 AM
[ReportManager] Element Action [waitForElementToBePresent] successfully performed. With the following test data [waited up to (5) seconds, for the element's state of presence to be (false). Element locator (By.id: bla)]. @14-02-2021 01:31:40.0287 A
[ReportManager] Successfully created attachment [Selenium WebDriver Logs - server] @14-02-2021 01:31:40.0394 AM
[ReportManager] Successfully created attachment [Selenium WebDriver Logs - performance] @14-02-2021 01:31:40.0434 AM
[ReportManager] Successfully created attachment [Selenium WebDriver Logs - driver] @14-02-2021 01:31:40.0558 AM
[ReportManager] Browser Action [closeCurrentWindow] successfully performed. @14-02-2021 01:31:40.0622 AM
[ReportManager] Successfully created attachment [Browser Action Test Data - closeCurrentWindow - Actual Value] @14-02-2021 01:31:40.0632 A
[ReportManager] File Action [getAbsolutePath] successfully performed. With the following test data [Relative Folder Path: "target/downloadedFiles/"]. @14-02-2021 01:31:40.0641 AM
[ReportManager] Attempting to run remotely on: [Linux-64], [GoogleChrome], [http://localhost:4444/wd/hub], Headless Execution. @14-02-2021 01:31:40.0642 AM
[ReportManager] Successfully Opened [GoogleChrome]. @14-02-2021 01:31:41.0243 A

################################################################################################################################################
Starting Execution:	[3 out of 134] test cases in the current suite
Test Method:		[unitTests.tests_element_elementActions.waitForElementToBePresent_moreThanOneElement_expectedToFail]
################################################################################################################################################
[ReportManager] Target URL: [https://www.google.com/ncr], and after redirection: [www.google.com] @14-02-2021 01:31:41.0279 AM
[ReportManager] Initial URL: [data:,] @14-02-2021 01:31:41.0350 AM
[ReportManager] Browser Action [navigateToURL] successfully performed. With the following test data [https://www.google.com/ncr]. @14-02-2021 01:31:42.0213 AM
[ReportManager] Waiting for element to be present; elementLocator [By.xpath: //*], numberOfTries[1], stateOfPresence[false]... @14-02-2021 01:31:42.0213 AM
[ReportManager] Element Action [waitForElementToBePresent] failed. With the following test data [waited up to (5) seconds, for the element's state of presence to be (false). Element locator (By.xpath: //*)]. @14-02-2021 01:31:42.0711 AM
[ReportManager] Successfully created attachment [Screenshot - 1613266302396_waitForElementToBePresent_moreThanOneElement_expectedToFail_waitForElementToBePresent_failed] @14-02-2021 01:31:42.0741 A
[ReportManager] Successfully created attachment [Selenium WebDriver Logs - server] @14-02-2021 01:31:42.0913 AM
[ReportManager] Successfully created attachment [Selenium WebDriver Logs - performance] @14-02-2021 01:31:42.0965 AM
[ReportManager] Successfully created attachment [Selenium WebDriver Logs - driver] @14-02-2021 01:31:43.0053 AM
[ReportManager] Browser Action [closeCurrentWindow] successfully performed. @14-02-2021 01:31:43.0114 AM
[ReportManager] Successfully created attachment [Browser Action Test Data - closeCurrentWindow - Actual Value] @14-02-2021 01:31:43.0115 A
[ReportManager] File Action [getAbsolutePath] successfully performed. With the following test data [Relative Folder Path: "target/downloadedFiles/"]. @14-02-2021 01:31:43.0118 AM
[ReportManager] Attempting to run remotely on: [Linux-64], [GoogleChrome], [http://localhost:4444/wd/hub], Headless Execution. @14-02-2021 01:31:43.0118 AM
[ReportManager] Successfully Opened [GoogleChrome]. @14-02-2021 01:31:43.0821 A

################################################################################################################################################
Starting Execution:	[4 out of 134] test cases in the current suite
Test Method:		[unitTests.tests_element_elementActions.waitForElementToBePresent_true_expectedToFail]
################################################################################################################################################
[ReportManager] Target URL: [https://www.google.com/ncr], and after redirection: [www.google.com] @14-02-2021 01:31:43.0853 AM
[ReportManager] Initial URL: [data:,] @14-02-2021 01:31:43.0926 AM
[ReportManager] Browser Action [navigateToURL] successfully performed. With the following test data [https://www.google.com/ncr]. @14-02-2021 01:31:44.0816 AM
[ReportManager] Waiting for element to be present; elementLocator [By.id: bla], numberOfTries[1], stateOfPresence[true]... @14-02-2021 01:31:44.0816 AM
[ReportManager] Element Action [waitForElementToBePresent] failed. With the following test data [waited up to (5) seconds, for the element's state of presence to be (true). Element locator (By.id: bla)]. @14-02-2021 01:31:45.0076 AM
[ReportManager] Successfully created attachment [Screenshot - 1613266304964_waitForElementToBePresent_true_expectedToFail_waitForElementToBePresent_failed] @14-02-2021 01:31:45.0078 A
[ReportManager] Successfully created attachment [Selenium WebDriver Logs - server] @14-02-2021 01:31:45.0181 AM
[ReportManager] Successfully created attachment [Selenium WebDriver Logs - performance] @14-02-2021 01:31:45.0221 AM
[ReportManager] Successfully created attachment [Selenium WebDriver Logs - driver] @14-02-2021 01:31:45.0333 AM
[ReportManager] Browser Action [closeCurrentWindow] successfully performed. @14-02-2021 01:31:45.0393 AM
[ReportManager] Successfully created attachment [Browser Action Test Data - closeCurrentWindow - Actual Value] @14-02-2021 01:31:45.0397 A
[ReportManager] File Action [getAbsolutePath] successfully performed. With the following test data [Relative Folder Path: "target/downloadedFiles/"]. @14-02-2021 01:31:45.0400 AM
[ReportManager] Attempting to run remotely on: [Linux-64], [GoogleChrome], [http://localhost:4444/wd/hub], Headless Execution. @14-02-2021 01:31:45.0401 AM
[ReportManager] Successfully Opened [GoogleChrome]. @14-02-2021 01:31:45.0642 A

################################################################################################################################################
Starting Execution:	[5 out of 134] test cases in the current suite
Test Method:		[unitTests.tests_element_elementActions.waitForElementToBePresent_true_expectedToPass]
################################################################################################################################################
[ReportManager] Target URL: [https://www.google.com/ncr], and after redirection: [www.google.com] @14-02-2021 01:31:45.0689 AM
[ReportManager] Initial URL: [data:,] @14-02-2021 01:31:45.0754 AM
[ReportManager] Browser Action [navigateToURL] successfully performed. With the following test data [https://www.google.com/ncr]. @14-02-2021 01:31:46.0596 AM
[ReportManager] Waiting for element to be present; elementLocator [By.id: hplogo], numberOfTries[1], stateOfPresence[true]... @14-02-2021 01:31:46.0596 AM
[ReportManager] Element Action [waitForElementToBePresent] failed. With the following test data [waited up to (5) seconds, for the element's state of presence to be (true). Element locator (By.id: hplogo)]. @14-02-2021 01:31:46.0793 AM
[ReportManager] Successfully created attachment [Screenshot - 1613266306731_waitForElementToBePresent_true_expectedToPass_waitForElementToBePresent_failed] @14-02-2021 01:31:46.0795 A
[ReportManager] Successfully created attachment [Selenium WebDriver Logs - server] @14-02-2021 01:31:46.0900 AM
[ReportManager] Successfully created attachment [Selenium WebDriver Logs - performance] @14-02-2021 01:31:46.0932 AM
[ReportManager] Successfully created attachment [Selenium WebDriver Logs - driver] @14-02-2021 01:31:47.0033 AM
[ReportManager] Browser Action [closeCurrentWindow] successfully performed. @14-02-2021 01:31:47.0092 AM
[ReportManager] Successfully created attachment [Browser Action Test Data - closeCurrentWindow - Actual Value] @14-02-2021 01:31:47.0093 A
[ReportManager] File Action [getAbsolutePath] successfully performed. With the following test data [Relative Folder Path: "target/downloadedFiles/"]. @14-02-2021 01:31:47.0099 AM
[ReportManager] Attempting to run remotely on: [Linux-64], [GoogleChrome], [http://localhost:4444/wd/hub], Headless Execution. @14-02-2021 01:31:47.0099 AM
[ReportManager] Successfully Opened [GoogleChrome]. @14-02-2021 01:31:47.0358 AM
[ReportManager] Target URL: [https://duckduckgo.com] @14-02-2021 01:31:47.0376 AM
[ReportManager] Initial URL: [data:,] @14-02-2021 01:31:47.0447 AM
[ReportManager] Browser Action [navigateToURL] successfully performed. With the following test data [https://duckduckgo.com]. @14-02-2021 01:31:48.0611 A

################################################################################################################################################
Starting Execution:	[6 out of 134] test cases in the current suite
Test Method:		[unitTests.tests_browserActions.fullScreenWindow]
################################################################################################################################################
[ReportManager] Initial Windows Size: 800x600 @14-02-2021 01:31:48.0630 AM
[ReportManager] Initial window size: (800, 600) @14-02-2021 01:31:48.0636 AM
[ReportManager] Window size after Toolkit: (1920, 1080) @14-02-2021 01:31:48.0870 AM
[ReportManager] Browser Action [maximizeWindow] successfully performed. With the following test data [New screen size is now: (1920, 1080)]. @14-02-2021 01:31:48.0874 AM
[ReportManager] Current Windows Size after fullScreen: 1920x1080 @14-02-2021 01:31:48.0883 AM
[ReportManager] Browser Action [fullScreenWindow] successfully performed. @14-02-2021 01:31:48.0905 AM
[ReportManager] Successfully created attachment [Browser Action Test Data - fullScreenWindow - Actual Value] @14-02-2021 01:31:48.0907 A
[ReportManager] Target URL: [https://duckduckgo.com] @14-02-2021 01:31:48.0914 AM
[ReportManager] Initial URL: [https://duckduckgo.com] @14-02-2021 01:31:48.0987 AM
[ReportManager] Browser Action [navigateToURL] successfully performed. With the following test data [https://duckduckgo.com]. @14-02-2021 01:31:49.0506 AM
[ReportManager] Successfully created attachment [Selenium WebDriver Logs - server] @14-02-2021 01:31:49.0582 AM
[ReportManager] Successfully created attachment [Selenium WebDriver Logs - performance] @14-02-2021 01:31:49.0715 AM
[ReportManager] Successfully created attachment [Selenium WebDriver Logs - driver] @14-02-2021 01:31:49.0875 AM
[ReportManager] Browser Action [closeCurrentWindow] successfully performed. @14-02-2021 01:31:49.0935 AM
[ReportManager] Successfully created attachment [Browser Action Test Data - closeCurrentWindow - Actual Value] @14-02-2021 01:31:49.0937 A
[ReportManager] File Action [getAbsolutePath] successfully performed. With the following test data [Relative Folder Path: "target/downloadedFiles/"]. @14-02-2021 01:31:49.0941 AM
[ReportManager] Attempting to run remotely on: [Linux-64], [GoogleChrome], [http://localhost:4444/wd/hub], Headless Execution. @14-02-2021 01:31:49.0942 AM
[ReportManager] Successfully Opened [GoogleChrome]. @14-02-2021 01:31:50.0220 AM
[ReportManager] Target URL: [https://duckduckgo.com] @14-02-2021 01:31:50.0245 AM
[ReportManager] Initial URL: [data:,] @14-02-2021 01:31:50.0298 AM
[ReportManager] Browser Action [navigateToURL] successfully performed. With the following test data [https://duckduckgo.com]. @14-02-2021 01:31:51.0542 A

################################################################################################################################################
Starting Execution:	[7 out of 134] test cases in the current suite
Test Method:		[unitTests.tests_browserActions.getCurrentURL]
################################################################################################################################################
[ReportManager] Browser Action [getCurrentURL] successfully performed. With the following test data [https://duckduckgo.com/]. @14-02-2021 01:31:51.0702 A
[ReportManager] Target URL: [https://duckduckgo.com] @14-02-2021 01:31:51.0704 AM
[ReportManager] Initial URL: [https://duckduckgo.com] @14-02-2021 01:31:51.0779 AM
[ReportManager] Browser Action [navigateToURL] successfully performed. With the following test data [https://duckduckgo.com]. @14-02-2021 01:31:52.0346 AM
[ReportManager] Successfully created attachment [Selenium WebDriver Logs - server] @14-02-2021 01:31:52.0416 AM
[ReportManager] Successfully created attachment [Selenium WebDriver Logs - performance] @14-02-2021 01:31:52.0537 AM
[ReportManager] Successfully created attachment [Selenium WebDriver Logs - driver] @14-02-2021 01:31:52.0694 AM
[ReportManager] Browser Action [closeCurrentWindow] successfully performed. @14-02-2021 01:31:52.0752 AM
[ReportManager] Successfully created attachment [Browser Action Test Data - closeCurrentWindow - Actual Value] @14-02-2021 01:31:52.0753 A
[ReportManager] File Action [getAbsolutePath] successfully performed. With the following test data [Relative Folder Path: "target/downloadedFiles/"]. @14-02-2021 01:31:52.0757 AM
[ReportManager] Attempting to run remotely on: [Linux-64], [GoogleChrome], [http://localhost:4444/wd/hub], Headless Execution. @14-02-2021 01:31:52.0758 AM
[ReportManager] Successfully Opened [GoogleChrome]. @14-02-2021 01:31:53.0029 AM
[ReportManager] Target URL: [https://duckduckgo.com] @14-02-2021 01:31:53.0057 AM
[ReportManager] Initial URL: [data:,] @14-02-2021 01:31:53.0121 AM
[ReportManager] Browser Action [navigateToURL] successfully performed. With the following test data [https://duckduckgo.com]. @14-02-2021 01:31:54.0261 A

################################################################################################################################################
Starting Execution:	[8 out of 134] test cases in the current suite
Test Method:		[unitTests.tests_browserActions.getCurrentWindowTitle]
################################################################################################################################################
[ReportManager] Browser Action [getCurrentWindowTitle] successfully performed. With the following test data [DuckDuckGo â€” Privacy, simplified.]. @14-02-2021 01:31:54.0329 A
[ReportManager] Target URL: [https://duckduckgo.com] @14-02-2021 01:31:54.0330 AM
[ReportManager] Initial URL: [https://duckduckgo.com] @14-02-2021 01:31:54.0445 AM
[ReportManager] Browser Action [navigateToURL] successfully performed. With the following test data [https://duckduckgo.com]. @14-02-2021 01:31:54.0971 AM
[ReportManager] Successfully created attachment [Selenium WebDriver Logs - server] @14-02-2021 01:31:55.0046 AM
[ReportManager] Successfully created attachment [Selenium WebDriver Logs - performance] @14-02-2021 01:31:55.0142 AM
[ReportManager] Successfully created attachment [Selenium WebDriver Logs - driver] @14-02-2021 01:31:55.0307 AM
[ReportManager] Browser Action [closeCurrentWindow] successfully performed. @14-02-2021 01:31:55.0365 AM
[ReportManager] Successfully created attachment [Browser Action Test Data - closeCurrentWindow - Actual Value] @14-02-2021 01:31:55.0366 A
[ReportManager] File Action [getAbsolutePath] successfully performed. With the following test data [Relative Folder Path: "target/downloadedFiles/"]. @14-02-2021 01:31:55.0370 AM
[ReportManager] Attempting to run remotely on: [Linux-64], [GoogleChrome], [http://localhost:4444/wd/hub], Headless Execution. @14-02-2021 01:31:55.0370 AM
[ReportManager] Successfully Opened [GoogleChrome]. @14-02-2021 01:31:55.0617 AM
[ReportManager] Target URL: [https://duckduckgo.com] @14-02-2021 01:31:55.0632 AM
[ReportManager] Initial URL: [data:,] @14-02-2021 01:31:55.0685 AM
[ReportManager] Browser Action [navigateToURL] successfully performed. With the following test data [https://duckduckgo.com]. @14-02-2021 01:31:56.0749 A

################################################################################################################################################
Starting Execution:	[9 out of 134] test cases in the current suite
Test Method:		[unitTests.tests_browserActions.getPageSource]
################################################################################################################################################
[ReportManager] Browser Action [getPageSource] successfully performed. @14-02-2021 01:31:56.0831 AM
[ReportManager] Successfully created attachment [Browser Action Test Data - getPageSource - Actual Value] @14-02-2021 01:31:56.0831 A
[ReportManager] Target URL: [https://duckduckgo.com] @14-02-2021 01:31:56.0836 AM
[ReportManager] Initial URL: [https://duckduckgo.com] @14-02-2021 01:31:56.0903 AM
[ReportManager] Browser Action [navigateToURL] successfully performed. With the following test data [https://duckduckgo.com]. @14-02-2021 01:31:57.0391 AM
[ReportManager] Successfully created attachment [Selenium WebDriver Logs - server] @14-02-2021 01:31:57.0460 AM
[ReportManager] Successfully created attachment [Selenium WebDriver Logs - performance] @14-02-2021 01:31:57.0566 AM
[ReportManager] Successfully created attachment [Selenium WebDriver Logs - driver] @14-02-2021 01:31:57.0718 AM
[ReportManager] Browser Action [closeCurrentWindow] successfully performed. @14-02-2021 01:31:57.0776 AM
[ReportManager] Successfully created attachment [Browser Action Test Data - closeCurrentWindow - Actual Value] @14-02-2021 01:31:57.0777 A
[ReportManager] File Action [getAbsolutePath] successfully performed. With the following test data [Relative Folder Path: "target/downloadedFiles/"]. @14-02-2021 01:31:57.0780 AM
[ReportManager] Attempting to run remotely on: [Linux-64], [GoogleChrome], [http://localhost:4444/wd/hub], Headless Execution. @14-02-2021 01:31:57.0780 AM
[ReportManager] Successfully Opened [GoogleChrome]. @14-02-2021 01:31:58.0050 AM
[ReportManager] Target URL: [https://duckduckgo.com] @14-02-2021 01:31:58.0063 AM
[ReportManager] Initial URL: [data:,] @14-02-2021 01:31:58.0125 AM
[ReportManager] Browser Action [navigateToURL] successfully performed. With the following test data [https://duckduckgo.com]. @14-02-2021 01:31:59.0348 A

################################################################################################################################################
Starting Execution:	[10 out of 134] test cases in the current suite
Test Method:		[unitTests.tests_browserActions.getWindowHandle]
################################################################################################################################################
[ReportManager] Browser Action [getWindowHandle] successfully performed. With the following test data [CDwindow-1B7F5FEDFA8EEE2A0AF4C9BBEBE28B95]. @14-02-2021 01:31:59.0401 A
[ReportManager] Target URL: [https://duckduckgo.com] @14-02-2021 01:31:59.0403 AM
[ReportManager] Initial URL: [https://duckduckgo.com] @14-02-2021 01:31:59.0548 AM
[ReportManager] Browser Action [navigateToURL] successfully performed. With the following test data [https://duckduckgo.com]. @14-02-2021 01:32:00.0062 AM
[ReportManager] Successfully created attachment [Selenium WebDriver Logs - server] @14-02-2021 01:32:00.0129 AM
[ReportManager] Successfully created attachment [Selenium WebDriver Logs - performance] @14-02-2021 01:32:00.0238 AM
[ReportManager] Successfully created attachment [Selenium WebDriver Logs - driver] @14-02-2021 01:32:00.0385 AM
[ReportManager] Browser Action [closeCurrentWindow] successfully performed. @14-02-2021 01:32:00.0445 AM
[ReportManager] Successfully created attachment [Browser Action Test Data - closeCurrentWindow - Actual Value] @14-02-2021 01:32:00.0446 A
[ReportManager] File Action [getAbsolutePath] successfully performed. With the following test data [Relative Folder Path: "target/downloadedFiles/"]. @14-02-2021 01:32:00.0455 AM
[ReportManager] Attempting to run remotely on: [Linux-64], [GoogleChrome], [http://localhost:4444/wd/hub], Headless Execution. @14-02-2021 01:32:00.0456 AM
[ReportManager] Successfully Opened [GoogleChrome]. @14-02-2021 01:32:00.0703 AM
[ReportManager] Target URL: [https://duckduckgo.com] @14-02-2021 01:32:00.0716 AM
[ReportManager] Initial URL: [data:,] @14-02-2021 01:32:00.0762 AM
[ReportManager] Browser Action [navigateToURL] successfully performed. With the following test data [https://duckduckgo.com]. @14-02-2021 01:32:02.0058 A

################################################################################################################################################
Starting Execution:	[11 out of 134] test cases in the current suite
Test Method:		[unitTests.tests_browserActions.getWindowPosition]
################################################################################################################################################
[ReportManager] Browser Action [getWindowPosition] successfully performed. With the following test data [(0, 0)]. @14-02-2021 01:32:02.0185 A
[ReportManager] Target URL: [https://duckduckgo.com] @14-02-2021 01:32:02.0196 AM
[ReportManager] Initial URL: [https://duckduckgo.com] @14-02-2021 01:32:02.0293 AM
[ReportManager] Browser Action [navigateToURL] successfully performed. With the following test data [https://duckduckgo.com]. @14-02-2021 01:32:02.0847 AM
[ReportManager] Successfully created attachment [Selenium WebDriver Logs - server] @14-02-2021 01:32:02.0913 AM
[ReportManager] Successfully created attachment [Selenium WebDriver Logs - performance] @14-02-2021 01:32:03.0014 AM
[ReportManager] Successfully created attachment [Selenium WebDriver Logs - driver] @14-02-2021 01:32:03.0177 AM
[ReportManager] Browser Action [closeCurrentWindow] successfully performed. @14-02-2021 01:32:03.0235 AM
[ReportManager] Successfully created attachment [Browser Action Test Data - closeCurrentWindow - Actual Value] @14-02-2021 01:32:03.0236 A
[ReportManager] File Action [getAbsolutePath] successfully performed. With the following test data [Relative Folder Path: "target/downloadedFiles/"]. @14-02-2021 01:32:03.0240 AM
[ReportManager] Attempting to run remotely on: [Linux-64], [GoogleChrome], [http://localhost:4444/wd/hub], Headless Execution. @14-02-2021 01:32:03.0246 AM
[ReportManager] Successfully Opened [GoogleChrome]. @14-02-2021 01:32:03.0511 AM
[ReportManager] Target URL: [https://duckduckgo.com] @14-02-2021 01:32:03.0526 AM
[ReportManager] Initial URL: [data:,] @14-02-2021 01:32:03.0578 AM
[ReportManager] Browser Action [navigateToURL] successfully performed. With the following test data [https://duckduckgo.com]. @14-02-2021 01:32:04.0665 A

################################################################################################################################################
Starting Execution:	[12 out of 134] test cases in the current suite
Test Method:		[unitTests.tests_browserActions.getWindowSize]
################################################################################################################################################
[ReportManager] Browser Action [getWindowSize] successfully performed. With the following test data [(800, 600)]. @14-02-2021 01:32:04.0719 A
[ReportManager] Target URL: [https://duckduckgo.com] @14-02-2021 01:32:04.0723 AM
[ReportManager] Initial URL: [https://duckduckgo.com] @14-02-2021 01:32:04.0792 AM
[ReportManager] Browser Action [navigateToURL] successfully performed. With the following test data [https://duckduckgo.com]. @14-02-2021 01:32:05.0283 AM
[ReportManager] Successfully created attachment [Selenium WebDriver Logs - server] @14-02-2021 01:32:05.0340 AM
[ReportManager] Successfully created attachment [Selenium WebDriver Logs - performance] @14-02-2021 01:32:05.0448 AM
[ReportManager] Successfully created attachment [Selenium WebDriver Logs - driver] @14-02-2021 01:32:05.0599 AM
[ReportManager] Browser Action [closeCurrentWindow] successfully performed. @14-02-2021 01:32:05.0659 AM
[ReportManager] Successfully created attachment [Browser Action Test Data - closeCurrentWindow - Actual Value] @14-02-2021 01:32:05.0661 A
[ReportManager] File Action [getAbsolutePath] successfully performed. With the following test data [Relative Folder Path: "target/downloadedFiles/"]. @14-02-2021 01:32:05.0665 AM
[ReportManager] Attempting to run remotely on: [Linux-64], [GoogleChrome], [http://localhost:4444/wd/hub], Headless Execution. @14-02-2021 01:32:05.0665 AM
[ReportManager] Successfully Opened [GoogleChrome]. @14-02-2021 01:32:05.0975 AM
[ReportManager] Target URL: [https://duckduckgo.com] @14-02-2021 01:32:05.0988 AM
[ReportManager] Initial URL: [data:,] @14-02-2021 01:32:06.0037 AM
[ReportManager] Browser Action [navigateToURL] successfully performed. With the following test data [https://duckduckgo.com]. @14-02-2021 01:32:07.0187 A

################################################################################################################################################
Starting Execution:	[13 out of 134] test cases in the current suite
Test Method:		[unitTests.tests_browserActions.maximizeWindow]
################################################################################################################################################
[ReportManager] Initial window size: (800, 600) @14-02-2021 01:32:07.0197 AM
[ReportManager] Window size after Toolkit: (1920, 1080) @14-02-2021 01:32:07.0428 AM
[ReportManager] Browser Action [maximizeWindow] successfully performed. With the following test data [New screen size is now: (1920, 1080)]. @14-02-2021 01:32:07.0435 A
[ReportManager] Target URL: [https://duckduckgo.com] @14-02-2021 01:32:07.0438 AM
[ReportManager] Initial URL: [https://duckduckgo.com] @14-02-2021 01:32:07.0533 AM
[ReportManager] Browser Action [navigateToURL] successfully performed. With the following test data [https://duckduckgo.com]. @14-02-2021 01:32:08.0030 AM
[ReportManager] Successfully created attachment [Selenium WebDriver Logs - server] @14-02-2021 01:32:08.0090 AM
[ReportManager] Successfully created attachment [Selenium WebDriver Logs - performance] @14-02-2021 01:32:08.0206 AM
[ReportManager] Successfully created attachment [Selenium WebDriver Logs - driver] @14-02-2021 01:32:08.0358 AM
[ReportManager] Browser Action [closeCurrentWindow] successfully performed. @14-02-2021 01:32:08.0415 AM
[ReportManager] Successfully created attachment [Browser Action Test Data - closeCurrentWindow - Actual Value] @14-02-2021 01:32:08.0416 A
[ReportManager] File Action [getAbsolutePath] successfully performed. With the following test data [Relative Folder Path: "target/downloadedFiles/"]. @14-02-2021 01:32:08.0419 AM
[ReportManager] Attempting to run remotely on: [Linux-64], [GoogleChrome], [http://localhost:4444/wd/hub], Headless Execution. @14-02-2021 01:32:08.0419 AM
[ReportManager] Successfully Opened [GoogleChrome]. @14-02-2021 01:32:08.0661 AM
[ReportManager] Target URL: [https://duckduckgo.com] @14-02-2021 01:32:08.0673 AM
[ReportManager] Initial URL: [data:,] @14-02-2021 01:32:08.0715 AM
[ReportManager] Browser Action [navigateToURL] successfully performed. With the following test data [https://duckduckgo.com]. @14-02-2021 01:32:09.0789 A

################################################################################################################################################
Starting Execution:	[14 out of 134] test cases in the current suite
Test Method:		[unitTests.tests_browserActions.navigateBack]
################################################################################################################################################
[ReportManager] Target URL: [https://www.google.com/ncr], and after redirection: [https://www.google.com] @14-02-2021 01:32:09.0803 AM
[ReportManager] Initial URL: [https://duckduckgo.com] @14-02-2021 01:32:09.0899 AM
[ReportManager] Browser Action [navigateToURL] successfully performed. With the following test data [https://www.google.com/ncr]. @14-02-2021 01:32:10.0711 AM
[ReportManager] Browser Action [navigateBack] successfully performed. With the following test data [https://duckduckgo.com/]. @14-02-2021 01:32:11.0116 AM
[ReportManager] Confirming that navigating back was successful... @14-02-2021 01:32:11.0123 AM
[ReportManager] Browser Action [getCurrentURL] successfully performed. With the following test data [https://duckduckgo.com/]. @14-02-2021 01:32:11.0160 AM
[ReportManager] AssertBrowserAttribute PASSED; Expected [Value Should be 'https://duckduckgo.com' for the 'CurrentUrl' attribute] and Actual [https://duckduckgo.com/]. Comparison Type [CONTAINS]. Validation Type [POSITIVE]. @14-02-2021 01:32:11.0163 A
[ReportManager] Target URL: [https://duckduckgo.com] @14-02-2021 01:32:11.0167 AM
[ReportManager] Initial URL: [https://duckduckgo.com] @14-02-2021 01:32:11.0255 AM
[ReportManager] Browser Action [navigateToURL] successfully performed. With the following test data [https://duckduckgo.com]. @14-02-2021 01:32:11.0730 AM
[ReportManager] Successfully created attachment [Selenium WebDriver Logs - server] @14-02-2021 01:32:11.0802 AM
[ReportManager] Successfully created attachment [Selenium WebDriver Logs - performance] @14-02-2021 01:32:11.0979 AM
[ReportManager] Successfully created attachment [Selenium WebDriver Logs - driver] @14-02-2021 01:32:12.0207 AM
[ReportManager] Browser Action [closeCurrentWindow] successfully performed. @14-02-2021 01:32:12.0271 AM
[ReportManager] Successfully created attachment [Browser Action Test Data - closeCurrentWindow - Actual Value] @14-02-2021 01:32:12.0272 A
[ReportManager] File Action [getAbsolutePath] successfully performed. With the following test data [Relative Folder Path: "target/downloadedFiles/"]. @14-02-2021 01:32:12.0274 AM
[ReportManager] Attempting to run remotely on: [Linux-64], [GoogleChrome], [http://localhost:4444/wd/hub], Headless Execution. @14-02-2021 01:32:12.0274 AM
[ReportManager] Successfully Opened [GoogleChrome]. @14-02-2021 01:32:12.0519 AM
[ReportManager] Target URL: [https://duckduckgo.com] @14-02-2021 01:32:12.0534 AM
[ReportManager] Initial URL: [data:,] @14-02-2021 01:32:12.0578 AM
[ReportManager] Browser Action [navigateToURL] successfully performed. With the following test data [https://duckduckgo.com]. @14-02-2021 01:32:13.0660 A

################################################################################################################################################
Starting Execution:	[15 out of 134] test cases in the current suite
Test Method:		[unitTests.tests_browserActions.navigateForward]
################################################################################################################################################
[ReportManager] Target URL: [https://www.google.com/ncr], and after redirection: [https://www.google.com] @14-02-2021 01:32:13.0669 AM
[ReportManager] Initial URL: [https://duckduckgo.com] @14-02-2021 01:32:13.0730 AM
[ReportManager] Browser Action [navigateToURL] successfully performed. With the following test data [https://www.google.com/ncr]. @14-02-2021 01:32:14.0514 AM
[ReportManager] Browser Action [navigateBack] successfully performed. With the following test data [https://duckduckgo.com/]. @14-02-2021 01:32:14.0983 AM
[ReportManager] Browser Action [navigateForward] successfully performed. With the following test data [https://www.google.com/]. @14-02-2021 01:32:15.0391 A
[ReportManager] Target URL: [https://duckduckgo.com] @14-02-2021 01:32:15.0393 AM
[ReportManager] Initial URL: [https://www.google.com] @14-02-2021 01:32:15.0500 AM
[ReportManager] Browser Action [navigateToURL] successfully performed. With the following test data [https://duckduckgo.com]. @14-02-2021 01:32:16.0110 AM
[ReportManager] Successfully created attachment [Selenium WebDriver Logs - server] @14-02-2021 01:32:16.0176 AM
[ReportManager] Successfully created attachment [Selenium WebDriver Logs - performance] @14-02-2021 01:32:16.0349 AM
[ReportManager] Successfully created attachment [Selenium WebDriver Logs - driver] @14-02-2021 01:32:16.0618 AM
[ReportManager] Browser Action [closeCurrentWindow] successfully performed. @14-02-2021 01:32:16.0678 AM
[ReportManager] Successfully created attachment [Browser Action Test Data - closeCurrentWindow - Actual Value] @14-02-2021 01:32:16.0678 A
[ReportManager] File Action [getAbsolutePath] successfully performed. With the following test data [Relative Folder Path: "target/downloadedFiles/"]. @14-02-2021 01:32:16.0681 AM
[ReportManager] Attempting to run remotely on: [Linux-64], [GoogleChrome], [http://localhost:4444/wd/hub], Headless Execution. @14-02-2021 01:32:16.0682 AM
[ReportManager] Successfully Opened [GoogleChrome]. @14-02-2021 01:32:16.0915 AM
[ReportManager] Target URL: [https://duckduckgo.com] @14-02-2021 01:32:16.0930 AM
[ReportManager] Initial URL: [data:,] @14-02-2021 01:32:16.0984 AM
[ReportManager] Browser Action [navigateToURL] successfully performed. With the following test data [https://duckduckgo.com]. @14-02-2021 01:32:18.0106 A

################################################################################################################################################
Starting Execution:	[16 out of 134] test cases in the current suite
Test Method:		[unitTests.tests_browserActions.navigateToURL]
################################################################################################################################################
[ReportManager] Target URL: [https://duckduckgo.com] @14-02-2021 01:32:18.0114 AM
[ReportManager] Initial URL: [https://duckduckgo.com] @14-02-2021 01:32:18.0177 AM
[ReportManager] Browser Action [navigateToURL] successfully performed. With the following test data [https://duckduckgo.com]. @14-02-2021 01:32:18.0683 A
[ReportManager] Target URL: [https://duckduckgo.com] @14-02-2021 01:32:18.0688 AM
[ReportManager] Initial URL: [https://duckduckgo.com] @14-02-2021 01:32:18.0765 AM
[ReportManager] Browser Action [navigateToURL] successfully performed. With the following test data [https://duckduckgo.com]. @14-02-2021 01:32:19.0245 AM
[ReportManager] Successfully created attachment [Selenium WebDriver Logs - server] @14-02-2021 01:32:19.0315 AM
[ReportManager] Successfully created attachment [Selenium WebDriver Logs - performance] @14-02-2021 01:32:19.0504 AM
[ReportManager] Successfully created attachment [Selenium WebDriver Logs - driver] @14-02-2021 01:32:19.0713 AM
[ReportManager] Browser Action [closeCurrentWindow] successfully performed. @14-02-2021 01:32:19.0775 AM
[ReportManager] Successfully created attachment [Browser Action Test Data - closeCurrentWindow - Actual Value] @14-02-2021 01:32:19.0775 A
[ReportManager] File Action [getAbsolutePath] successfully performed. With the following test data [Relative Folder Path: "target/downloadedFiles/"]. @14-02-2021 01:32:19.0777 AM
[ReportManager] Attempting to run remotely on: [Linux-64], [GoogleChrome], [http://localhost:4444/wd/hub], Headless Execution. @14-02-2021 01:32:19.0778 AM
[ReportManager] Successfully Opened [GoogleChrome]. @14-02-2021 01:32:20.0016 AM
[ReportManager] Target URL: [https://duckduckgo.com] @14-02-2021 01:32:20.0030 AM
[ReportManager] Initial URL: [data:,] @14-02-2021 01:32:20.0083 AM
[ReportManager] Browser Action [navigateToURL] successfully performed. With the following test data [https://duckduckgo.com]. @14-02-2021 01:32:21.0153 A

################################################################################################################################################
Starting Execution:	[17 out of 134] test cases in the current suite
Test Method:		[unitTests.tests_browserActions.navigateToURLWithRedirection]
################################################################################################################################################
[ReportManager] Target URL: [https://www.google.com/ncr], and after redirection: [https://www.google.com] @14-02-2021 01:32:21.0162 AM
[ReportManager] Initial URL: [https://duckduckgo.com] @14-02-2021 01:32:21.0222 AM
[ReportManager] Browser Action [navigateToURL] successfully performed. With the following test data [https://www.google.com/ncr]. @14-02-2021 01:32:22.0022 A
[ReportManager] Target URL: [https://duckduckgo.com] @14-02-2021 01:32:22.0024 AM
[ReportManager] Initial URL: [https://www.google.com] @14-02-2021 01:32:22.0117 AM
[ReportManager] Browser Action [navigateToURL] successfully performed. With the following test data [https://duckduckgo.com]. @14-02-2021 01:32:22.0775 AM
[ReportManager] Successfully created attachment [Selenium WebDriver Logs - server] @14-02-2021 01:32:22.0827 AM
[ReportManager] Successfully created attachment [Selenium WebDriver Logs - performance] @14-02-2021 01:32:22.0938 AM
[ReportManager] Successfully created attachment [Selenium WebDriver Logs - driver] @14-02-2021 01:32:23.0114 AM
[ReportManager] Browser Action [closeCurrentWindow] successfully performed. @14-02-2021 01:32:23.0170 AM
[ReportManager] Successfully created attachment [Browser Action Test Data - closeCurrentWindow - Actual Value] @14-02-2021 01:32:23.0171 A
[ReportManager] File Action [getAbsolutePath] successfully performed. With the following test data [Relative Folder Path: "target/downloadedFiles/"]. @14-02-2021 01:32:23.0173 AM
[ReportManager] Attempting to run remotely on: [Linux-64], [GoogleChrome], [http://localhost:4444/wd/hub], Headless Execution. @14-02-2021 01:32:23.0173 AM
[ReportManager] Successfully Opened [GoogleChrome]. @14-02-2021 01:32:23.0389 AM
[ReportManager] Target URL: [https://duckduckgo.com] @14-02-2021 01:32:23.0400 AM
[ReportManager] Initial URL: [data:,] @14-02-2021 01:32:23.0442 AM
[ReportManager] Browser Action [navigateToURL] successfully performed. With the following test data [https://duckduckgo.com]. @14-02-2021 01:32:24.0665 A

################################################################################################################################################
Starting Execution:	[18 out of 134] test cases in the current suite
Test Method:		[unitTests.tests_browserActions.refreshCurrentPage]
################################################################################################################################################
[ReportManager] Browser Action [refreshCurrentPage] successfully performed. @14-02-2021 01:32:25.0050 AM
[ReportManager] Successfully created attachment [Browser Action Test Data - refreshCurrentPage - Actual Value] @14-02-2021 01:32:25.0051 A
[ReportManager] Target URL: [https://duckduckgo.com] @14-02-2021 01:32:25.0053 AM
[ReportManager] Initial URL: [https://duckduckgo.com] @14-02-2021 01:32:25.0117 AM
[ReportManager] Browser Action [navigateToURL] successfully performed. With the following test data [https://duckduckgo.com]. @14-02-2021 01:32:25.0577 AM
[ReportManager] Successfully created attachment [Selenium WebDriver Logs - server] @14-02-2021 01:32:25.0629 AM
[ReportManager] Successfully created attachment [Selenium WebDriver Logs - performance] @14-02-2021 01:32:25.0796 AM
[ReportManager] Successfully created attachment [Selenium WebDriver Logs - driver] @14-02-2021 01:32:25.0985 AM
[ReportManager] Browser Action [closeCurrentWindow] successfully performed. @14-02-2021 01:32:26.0041 AM
[ReportManager] Successfully created attachment [Browser Action Test Data - closeCurrentWindow - Actual Value] @14-02-2021 01:32:26.0042 A
[ReportManager] File Action [getAbsolutePath] successfully performed. With the following test data [Relative Folder Path: "target/downloadedFiles/"]. @14-02-2021 01:32:26.0044 AM
[ReportManager] Attempting to run remotely on: [Linux-64], [GoogleChrome], [http://localhost:4444/wd/hub], Headless Execution. @14-02-2021 01:32:26.0044 AM
[ReportManager] Successfully Opened [GoogleChrome]. @14-02-2021 01:32:26.0283 AM
[ReportManager] Target URL: [https://duckduckgo.com] @14-02-2021 01:32:26.0296 AM
[ReportManager] Initial URL: [data:,] @14-02-2021 01:32:26.0350 AM
[ReportManager] Browser Action [navigateToURL] successfully performed. With the following test data [https://duckduckgo.com]. @14-02-2021 01:32:27.0508 A

################################################################################################################################################
Starting Execution:	[19 out of 134] test cases in the current suite
Test Method:		[unitTests.tests_browserActions.setWindowSize]
################################################################################################################################################
[ReportManager] Initial window size: (800, 600) @14-02-2021 01:32:27.0584 AM
[ReportManager] Window size after SWD: (1280, 720) @14-02-2021 01:32:27.0806 AM
[ReportManager] Browser Action [setWindowSize] successfully performed. With the following test data [New screen size is now: (1280, 720)]. @14-02-2021 01:32:27.0806 A
[ReportManager] Target URL: [https://duckduckgo.com] @14-02-2021 01:32:27.0808 AM
[ReportManager] Initial URL: [https://duckduckgo.com] @14-02-2021 01:32:27.0884 AM
[ReportManager] Browser Action [navigateToURL] successfully performed. With the following test data [https://duckduckgo.com]. @14-02-2021 01:32:28.0387 AM
[ReportManager] Successfully created attachment [Selenium WebDriver Logs - server] @14-02-2021 01:32:28.0447 AM
[ReportManager] Successfully created attachment [Selenium WebDriver Logs - performance] @14-02-2021 01:32:28.0550 AM
[ReportManager] Successfully created attachment [Selenium WebDriver Logs - driver] @14-02-2021 01:32:28.0708 AM
[ReportManager] Browser Action [closeCurrentWindow] successfully performed. @14-02-2021 01:32:28.0765 AM
[ReportManager] Successfully created attachment [Browser Action Test Data - closeCurrentWindow - Actual Value] @14-02-2021 01:32:28.0766 A

################################################################################################################################################
Starting Execution:	[20 out of 134] test cases in the current suite
Test Method:		[unitTests.tests_restActions.getPostsAndAssertBodyForSpecificTitle]
################################################################################################################################################
[ReportManager] Response status code: [200], status line: [HTTP/1.1 200 OK] @14-02-2021 01:32:30.0901 AM
[ReportManager] Evaluating the actual response status code against the expected one...... @14-02-2021 01:32:30.0901 AM
[ReportManager] AssertEquals PASSED; Expected [200] and Actual [200]. Comparison Type [EQUALS]. Validation Type [POSITIVE]. @14-02-2021 01:32:30.0906 AM
[ReportManager] API Action [performRequest] successfully performed. With the following test data [Request Type: "GET" | Target Status Code: "200" | Service URL: "https://jsonplaceholder.typicode.com/posts" | Content Type: "*/*" | Response Time: "728ms"]. @14-02-2021 01:32:31.0775 AM
[ReportManager] Successfully created attachment [API Response - JSON Body] @14-02-2021 01:32:32.0013 AM
[ReportManager] API Action [getResponseJSONValueAsList] successfully performed. @14-02-2021 01:32:32.0052 AM
[ReportManager] API Action [getResponseJSONValue] successfully performed. With the following test data [title]. @14-02-2021 01:32:32.0074 AM
[ReportManager] API Action [getResponseJSONValue] successfully performed. With the following test data [title]. @14-02-2021 01:32:32.0088 AM
[ReportManager] API Action [getResponseJSONValue] successfully performed. With the following test data [body]. @14-02-2021 01:32:32.0103 AM
[ReportManager] AssertEquals PASSED; Expected [qui neque nisi nulla] and Actual [est rerum tempore vitae
sequi sint nihil reprehenderit dolor beatae ea dolores neque
fugiat blanditiis voluptate porro vel nihil molestiae ut reiciendis
qui aperiam non debitis possimus qui neque nisi nulla]. Comparison Type [CONTAINS]. Validation Type [POSITIVE]. @14-02-2021 01:32:32.0104 AM
[ReportManager] API Action [getResponseJSONValue] successfully performed. With the following test data [title]. @14-02-2021 01:32:32.0116 AM
[ReportManager] API Action [getResponseJSONValue] successfully performed. With the following test data [title]. @14-02-2021 01:32:32.0128 AM
[ReportManager] API Action [getResponseJSONValue] successfully performed. With the following test data [title]. @14-02-2021 01:32:32.0146 AM
[ReportManager] API Action [getResponseJSONValue] successfully performed. With the following test data [title]. @14-02-2021 01:32:32.0160 AM
[ReportManager] API Action [getResponseJSONValue] successfully performed. With the following test data [title]. @14-02-2021 01:32:32.0174 AM
[ReportManager] API Action [getResponseJSONValue] successfully performed. With the following test data [title]. @14-02-2021 01:32:32.0191 AM
[ReportManager] API Action [getResponseJSONValue] successfully performed. With the following test data [title]. @14-02-2021 01:32:32.0204 AM
[ReportManager] API Action [getResponseJSONValue] successfully performed. With the following test data [title]. @14-02-2021 01:32:32.0217 AM
[ReportManager] API Action [getResponseJSONValue] successfully performed. With the following test data [title]. @14-02-2021 01:32:32.0229 AM
[ReportManager] API Action [getResponseJSONValue] successfully performed. With the following test data [title]. @14-02-2021 01:32:32.0240 AM
[ReportManager] API Action [getResponseJSONValue] successfully performed. With the following test data [title]. @14-02-2021 01:32:32.0257 AM
[ReportManager] API Action [getResponseJSONValue] successfully performed. With the following test data [title]. @14-02-2021 01:32:32.0281 AM
[ReportManager] API Action [getResponseJSONValue] successfully performed. With the following test data [title]. @14-02-2021 01:32:32.0295 AM
[ReportManager] API Action [getResponseJSONValue] successfully performed. With the following test data [title]. @14-02-2021 01:32:32.0310 AM
[ReportManager] API Action [getResponseJSONValue] successfully performed. With the following test data [title]. @14-02-2021 01:32:32.0338 AM
[ReportManager] API Action [getResponseJSONValue] successfully performed. With the following test data [title]. @14-02-2021 01:32:32.0345 AM
[ReportManager] API Action [getResponseJSONValue] successfully performed. With the following test data [title]. @14-02-2021 01:32:32.0353 AM
[ReportManager] API Action [getResponseJSONValue] successfully performed. With the following test data [title]. @14-02-2021 01:32:32.0360 AM
[ReportManager] API Action [getResponseJSONValue] successfully performed. With the following test data [title]. @14-02-2021 01:32:32.0368 AM
[ReportManager] API Action [getResponseJSONValue] successfully performed. With the following test data [title]. @14-02-2021 01:32:32.0375 AM
[ReportManager] API Action [getResponseJSONValue] successfully performed. With the following test data [title]. @14-02-2021 01:32:32.0382 AM
[ReportManager] API Action [getResponseJSONValue] successfully performed. With the following test data [title]. @14-02-2021 01:32:32.0389 AM
[ReportManager] API Action [getResponseJSONValue] successfully performed. With the following test data [title]. @14-02-2021 01:32:32.0396 AM
[ReportManager] API Action [getResponseJSONValue] successfully performed. With the following test data [title]. @14-02-2021 01:32:32.0404 AM
[ReportManager] API Action [getResponseJSONValue] successfully performed. With the following test data [title]. @14-02-2021 01:32:32.0410 AM
[ReportManager] API Action [getResponseJSONValue] successfully performed. With the following test data [title]. @14-02-2021 01:32:32.0417 AM
[ReportManager] API Action [getResponseJSONValue] successfully performed. With the following test data [title]. @14-02-2021 01:32:32.0424 AM
[ReportManager] API Action [getResponseJSONValue] successfully performed. With the following test data [title]. @14-02-2021 01:32:32.0431 AM
[ReportManager] API Action [getResponseJSONValue] successfully performed. With the following test data [title]. @14-02-2021 01:32:32.0438 AM
[ReportManager] API Action [getResponseJSONValue] successfully performed. With the following test data [title]. @14-02-2021 01:32:32.0445 AM
[ReportManager] API Action [getResponseJSONValue] successfully performed. With the following test data [title]. @14-02-2021 01:32:32.0452 AM
[ReportManager] API Action [getResponseJSONValue] successfully performed. With the following test data [title]. @14-02-2021 01:32:32.0458 AM
[ReportManager] API Action [getResponseJSONValue] successfully performed. With the following test data [title]. @14-02-2021 01:32:32.0466 AM
[ReportManager] API Action [getResponseJSONValue] successfully performed. With the following test data [title]. @14-02-2021 01:32:32.0473 AM
[ReportManager] API Action [getResponseJSONValue] successfully performed. With the following test data [title]. @14-02-2021 01:32:32.0481 AM
[ReportManager] API Action [getResponseJSONValue] successfully performed. With the following test data [title]. @14-02-2021 01:32:32.0488 AM
[ReportManager] API Action [getResponseJSONValue] successfully performed. With the following test data [title]. @14-02-2021 01:32:32.0495 AM
[ReportManager] API Action [getResponseJSONValue] successfully performed. With the following test data [title]. @14-02-2021 01:32:32.0502 AM
[ReportManager] API Action [getResponseJSONValue] successfully performed. With the following test data [title]. @14-02-2021 01:32:32.0509 AM
[ReportManager] API Action [getResponseJSONValue] successfully performed. With the following test data [title]. @14-02-2021 01:32:32.0516 AM
[ReportManager] API Action [getResponseJSONValue] successfully performed. With the following test data [title]. @14-02-2021 01:32:32.0522 AM
[ReportManager] API Action [getResponseJSONValue] successfully performed. With the following test data [title]. @14-02-2021 01:32:32.0529 AM
[ReportManager] API Action [getResponseJSONValue] successfully performed. With the following test data [title]. @14-02-2021 01:32:32.0535 AM
[ReportManager] API Action [getResponseJSONValue] successfully performed. With the following test data [title]. @14-02-2021 01:32:32.0541 AM
[ReportManager] API Action [getResponseJSONValue] successfully performed. With the following test data [title]. @14-02-2021 01:32:32.0547 AM
[ReportManager] API Action [getResponseJSONValue] successfully performed. With the following test data [title]. @14-02-2021 01:32:32.0554 AM
[ReportManager] API Action [getResponseJSONValue] successfully performed. With the following test data [title]. @14-02-2021 01:32:32.0560 AM
[ReportManager] API Action [getResponseJSONValue] successfully performed. With the following test data [title]. @14-02-2021 01:32:32.0567 AM
[ReportManager] API Action [getResponseJSONValue] successfully performed. With the following test data [title]. @14-02-2021 01:32:32.0574 AM
[ReportManager] API Action [getResponseJSONValue] successfully performed. With the following test data [title]. @14-02-2021 01:32:32.0580 AM
[ReportManager] API Action [getResponseJSONValue] successfully performed. With the following test data [title]. @14-02-2021 01:32:32.0587 AM
[ReportManager] API Action [getResponseJSONValue] successfully performed. With the following test data [title]. @14-02-2021 01:32:32.0594 AM
[ReportManager] API Action [getResponseJSONValue] successfully performed. With the following test data [title]. @14-02-2021 01:32:32.0600 AM
[ReportManager] API Action [getResponseJSONValue] successfully performed. With the following test data [title]. @14-02-2021 01:32:32.0630 AM
[ReportManager] API Action [getResponseJSONValue] successfully performed. With the following test data [title]. @14-02-2021 01:32:32.0645 AM
[ReportManager] API Action [getResponseJSONValue] successfully performed. With the following test data [title]. @14-02-2021 01:32:32.0659 AM
[ReportManager] API Action [getResponseJSONValue] successfully performed. With the following test data [title]. @14-02-2021 01:32:32.0669 AM
[ReportManager] API Action [getResponseJSONValue] successfully performed. With the following test data [title]. @14-02-2021 01:32:32.0676 AM
[ReportManager] API Action [getResponseJSONValue] successfully performed. With the following test data [title]. @14-02-2021 01:32:32.0686 AM
[ReportManager] API Action [getResponseJSONValue] successfully performed. With the following test data [title]. @14-02-2021 01:32:32.0727 AM
[ReportManager] API Action [getResponseJSONValue] successfully performed. With the following test data [title]. @14-02-2021 01:32:32.0737 AM
[ReportManager] API Action [getResponseJSONValue] successfully performed. With the following test data [title]. @14-02-2021 01:32:32.0744 AM
[ReportManager] API Action [getResponseJSONValue] successfully performed. With the following test data [title]. @14-02-2021 01:32:32.0752 AM
[ReportManager] API Action [getResponseJSONValue] successfully performed. With the following test data [title]. @14-02-2021 01:32:32.0760 AM
[ReportManager] API Action [getResponseJSONValue] successfully performed. With the following test data [title]. @14-02-2021 01:32:32.0770 AM
[ReportManager] API Action [getResponseJSONValue] successfully performed. With the following test data [title]. @14-02-2021 01:32:32.0784 AM
[ReportManager] API Action [getResponseJSONValue] successfully performed. With the following test data [title]. @14-02-2021 01:32:32.0794 AM
[ReportManager] API Action [getResponseJSONValue] successfully performed. With the following test data [title]. @14-02-2021 01:32:32.0800 AM
[ReportManager] API Action [getResponseJSONValue] successfully performed. With the following test data [title]. @14-02-2021 01:32:32.0810 AM
[ReportManager] API Action [getResponseJSONValue] successfully performed. With the following test data [title]. @14-02-2021 01:32:32.0817 AM
[ReportManager] API Action [getResponseJSONValue] successfully performed. With the following test data [title]. @14-02-2021 01:32:32.0824 AM
[ReportManager] API Action [getResponseJSONValue] successfully performed. With the following test data [title]. @14-02-2021 01:32:32.0835 AM
[ReportManager] API Action [getResponseJSONValue] successfully performed. With the following test data [title]. @14-02-2021 01:32:32.0849 AM
[ReportManager] API Action [getResponseJSONValue] successfully performed. With the following test data [title]. @14-02-2021 01:32:32.0861 AM
[ReportManager] API Action [getResponseJSONValue] successfully performed. With the following test data [title]. @14-02-2021 01:32:32.0870 AM
[ReportManager] API Action [getResponseJSONValue] successfully performed. With the following test data [title]. @14-02-2021 01:32:32.0883 AM
[ReportManager] API Action [getResponseJSONValue] successfully performed. With the following test data [title]. @14-02-2021 01:32:32.0890 AM
[ReportManager] API Action [getResponseJSONValue] successfully performed. With the following test data [title]. @14-02-2021 01:32:32.0896 AM
[ReportManager] API Action [getResponseJSONValue] successfully performed. With the following test data [title]. @14-02-2021 01:32:32.0904 AM
[ReportManager] API Action [getResponseJSONValue] successfully performed. With the following test data [title]. @14-02-2021 01:32:32.0913 AM
[ReportManager] API Action [getResponseJSONValue] successfully performed. With the following test data [title]. @14-02-2021 01:32:32.0919 AM
[ReportManager] API Action [getResponseJSONValue] successfully performed. With the following test data [title]. @14-02-2021 01:32:32.0925 AM
[ReportManager] API Action [getResponseJSONValue] successfully performed. With the following test data [title]. @14-02-2021 01:32:32.0932 AM
[ReportManager] API Action [getResponseJSONValue] successfully performed. With the following test data [title]. @14-02-2021 01:32:32.0938 AM
[ReportManager] API Action [getResponseJSONValue] successfully performed. With the following test data [title]. @14-02-2021 01:32:32.0944 AM
[ReportManager] API Action [getResponseJSONValue] successfully performed. With the following test data [title]. @14-02-2021 01:32:32.0950 AM
[ReportManager] API Action [getResponseJSONValue] successfully performed. With the following test data [title]. @14-02-2021 01:32:32.0957 AM
[ReportManager] API Action [getResponseJSONValue] successfully performed. With the following test data [title]. @14-02-2021 01:32:32.0963 AM
[ReportManager] API Action [getResponseJSONValue] successfully performed. With the following test data [title]. @14-02-2021 01:32:32.0969 AM
[ReportManager] API Action [getResponseJSONValue] successfully performed. With the following test data [title]. @14-02-2021 01:32:32.0976 AM
[ReportManager] API Action [getResponseJSONValue] successfully performed. With the following test data [title]. @14-02-2021 01:32:32.0985 AM
[ReportManager] API Action [getResponseJSONValue] successfully performed. With the following test data [title]. @14-02-2021 01:32:33.0003 AM
[ReportManager] API Action [getResponseJSONValue] successfully performed. With the following test data [title]. @14-02-2021 01:32:33.0010 AM
[ReportManager] API Action [getResponseJSONValue] successfully performed. With the following test data [title]. @14-02-2021 01:32:33.0019 AM
[ReportManager] API Action [getResponseJSONValue] successfully performed. With the following test data [title]. @14-02-2021 01:32:33.0027 AM
[ReportManager] API Action [getResponseJSONValue] successfully performed. With the following test data [title]. @14-02-2021 01:32:33.0034 AM
[ReportManager] API Action [getResponseJSONValue] successfully performed. With the following test data [title]. @14-02-2021 01:32:33.0042 AM
[ReportManager] API Action [getResponseJSONValue] successfully performed. With the following test data [title]. @14-02-2021 01:32:33.0050 A

################################################################################################################################################
Starting Execution:	[21 out of 134] test cases in the current suite
Test Method:		[unitTests.tests_restActions.validateUserEmail]
################################################################################################################################################
[ReportManager] Response status code: [200], status line: [HTTP/1.1 200 OK] @14-02-2021 01:32:33.0137 AM
[ReportManager] Evaluating the actual response status code against the expected one...... @14-02-2021 01:32:33.0137 AM
[ReportManager] AssertEquals PASSED; Expected [200] and Actual [200]. Comparison Type [EQUALS]. Validation Type [POSITIVE]. @14-02-2021 01:32:33.0137 AM
[ReportManager] API Action [performRequest] successfully performed. With the following test data [Request Type: "GET" | Target Status Code: "200" | Service URL: "https://jsonplaceholder.typicode.com/users" | Content Type: "*/*" | Response Time: "61ms"]. @14-02-2021 01:32:33.0160 AM
[ReportManager] Successfully created attachment [API Response - JSON Body] @14-02-2021 01:32:33.0168 AM
[ReportManager] AssertEquals PASSED; Expected and Actual values are attached. Comparison Type [CONTAINS]. Validation Type [POSITIVE]. @14-02-2021 01:32:33.0168 AM
[ReportManager] Successfully created attachment [Validation Test Data - Expected Value] @14-02-2021 01:32:33.0168 AM
[ReportManager] Successfully created attachment [Validation Test Data - Actual Value] @14-02-2021 01:32:33.0169 AM
[ReportManager] API Action [getResponseJSONValueAsList] successfully performed. With the following test data [$]. @14-02-2021 01:32:33.0171 AM
[ReportManager] API Action [getResponseJSONValue] successfully performed. With the following test data [name]. @14-02-2021 01:32:33.0180 AM
[ReportManager] API Action [getResponseJSONValue] successfully performed. With the following test data [email]. @14-02-2021 01:32:33.0189 AM
[ReportManager] AssertEquals PASSED; Expected [Sincere@april.biz] and Actual [Sincere@april.biz]. Comparison Type [EQUALS]. Validation Type [POSITIVE]. @14-02-2021 01:32:33.0189 AM
[ReportManager] API Action [getResponseJSONValue] successfully performed. With the following test data [name]. @14-02-2021 01:32:33.0203 AM
[ReportManager] API Action [getResponseJSONValue] successfully performed. With the following test data [name]. @14-02-2021 01:32:33.0218 AM
[ReportManager] API Action [getResponseJSONValue] successfully performed. With the following test data [name]. @14-02-2021 01:32:33.0229 AM
[ReportManager] API Action [getResponseJSONValue] successfully performed. With the following test data [name]. @14-02-2021 01:32:33.0239 AM
[ReportManager] API Action [getResponseJSONValue] successfully performed. With the following test data [name]. @14-02-2021 01:32:33.0245 AM
[ReportManager] API Action [getResponseJSONValue] successfully performed. With the following test data [name]. @14-02-2021 01:32:33.0251 AM
[ReportManager] API Action [getResponseJSONValue] successfully performed. With the following test data [name]. @14-02-2021 01:32:33.0257 AM
[ReportManager] API Action [getResponseJSONValue] successfully performed. With the following test data [name]. @14-02-2021 01:32:33.0263 AM
[ReportManager] API Action [getResponseJSONValue] successfully performed. With the following test data [name]. @14-02-2021 01:32:33.0269 A
[ReportManager] Successfully loaded the following test data file [src/test/resources/TestDataFiles/testSuite01/TestData.xlsx]. @14-02-2021 01:32:34.0244 AM
[ReportManager] Successfully created attachment [Test Data - Excel] @14-02-2021 01:32:34.0244 A

################################################################################################################################################
Starting Execution:	[22 out of 134] test cases in the current suite
Test Method:		[unitTests.tests_io_excelFileManager.getCellData_rowName_expectedToPass]
################################################################################################################################################
[ReportManager] testRowData. @14-02-2021 01:32:34.0255 A

################################################################################################################################################
Starting Execution:	[23 out of 134] test cases in the current suite
Test Method:		[unitTests.tests_validations_assertions.assertComparativeRelation_greaterThanOrEquals_false_equals_expectedToFail]
################################################################################################################################################
[ReportManager] AssertComparativeRelation FAILED; Expected [1] and Actual [1]. Comparison Type [GREATER_THAN_OR_EQUALS]. Validation Type [NEGATIVE]. @14-02-2021 01:32:34.0267 A

################################################################################################################################################
Starting Execution:	[24 out of 134] test cases in the current suite
Test Method:		[unitTests.tests_validations_assertions.assertComparativeRelation_greaterThanOrEquals_false_equals_expectedToPass]
################################################################################################################################################
[ReportManager] AssertComparativeRelation PASSED; Expected [2] and Actual [1]. Comparison Type [GREATER_THAN_OR_EQUALS]. Validation Type [NEGATIVE]. @14-02-2021 01:32:34.0273 A

################################################################################################################################################
Starting Execution:	[25 out of 134] test cases in the current suite
Test Method:		[unitTests.tests_validations_assertions.assertComparativeRelation_greaterThanOrEquals_false_greaterThan_expectedToFail]
################################################################################################################################################
[ReportManager] AssertComparativeRelation FAILED; Expected [1] and Actual [2]. Comparison Type [GREATER_THAN_OR_EQUALS]. Validation Type [NEGATIVE]. @14-02-2021 01:32:34.0284 A

################################################################################################################################################
Starting Execution:	[26 out of 134] test cases in the current suite
Test Method:		[unitTests.tests_validations_assertions.assertComparativeRelation_greaterThanOrEquals_false_greaterThan_expectedToPass]
################################################################################################################################################
[ReportManager] AssertComparativeRelation PASSED; Expected [2] and Actual [1]. Comparison Type [GREATER_THAN_OR_EQUALS]. Validation Type [NEGATIVE]. @14-02-2021 01:32:34.0286 A

################################################################################################################################################
Starting Execution:	[27 out of 134] test cases in the current suite
Test Method:		[unitTests.tests_validations_assertions.assertComparativeRelation_greaterThanOrEquals_true_equals_expectedToFail]
################################################################################################################################################
[ReportManager] AssertComparativeRelation FAILED; Expected [1] and Actual [0]. Comparison Type [GREATER_THAN_OR_EQUALS]. Validation Type [POSITIVE]. @14-02-2021 01:32:34.0288 A

################################################################################################################################################
Starting Execution:	[28 out of 134] test cases in the current suite
Test Method:		[unitTests.tests_validations_assertions.assertComparativeRelation_greaterThanOrEquals_true_equals_expectedToPass]
################################################################################################################################################
[ReportManager] AssertComparativeRelation PASSED; Expected [1] and Actual [1]. Comparison Type [GREATER_THAN_OR_EQUALS]. Validation Type [POSITIVE]. @14-02-2021 01:32:34.0293 A

################################################################################################################################################
Starting Execution:	[29 out of 134] test cases in the current suite
Test Method:		[unitTests.tests_validations_assertions.assertComparativeRelation_greaterThanOrEquals_true_greaterThan_expectedToFail]
################################################################################################################################################
[ReportManager] AssertComparativeRelation FAILED; Expected [2] and Actual [1]. Comparison Type [GREATER_THAN_OR_EQUALS]. Validation Type [POSITIVE]. @14-02-2021 01:32:34.0306 A

################################################################################################################################################
Starting Execution:	[30 out of 134] test cases in the current suite
Test Method:		[unitTests.tests_validations_assertions.assertComparativeRelation_greaterThanOrEquals_true_greaterThan_expectedToPass]
################################################################################################################################################
[ReportManager] AssertComparativeRelation PASSED; Expected [1] and Actual [2]. Comparison Type [GREATER_THAN_OR_EQUALS]. Validation Type [POSITIVE]. @14-02-2021 01:32:34.0309 A
[ReportManager] File Action [getAbsolutePath] successfully performed. With the following test data [Relative Folder Path: "target/downloadedFiles/"]. @14-02-2021 01:32:34.0312 AM
[ReportManager] Attempting to run remotely on: [Linux-64], [GoogleChrome], [http://localhost:4444/wd/hub], Headless Execution. @14-02-2021 01:32:34.0312 AM
[ReportManager] Successfully Opened [GoogleChrome]. @14-02-2021 01:32:34.0679 AM
[ReportManager] Target URL: [https://www.google.com/ncr], and after redirection: [www.google.com] @14-02-2021 01:32:34.0702 AM
[ReportManager] Initial URL: [data:,] @14-02-2021 01:32:34.0753 AM
[ReportManager] Browser Action [navigateToURL] successfully performed. With the following test data [https://www.google.com/ncr]. @14-02-2021 01:32:35.0591 A

################################################################################################################################################
Starting Execution:	[31 out of 134] test cases in the current suite
Test Method:		[unitTests.tests_validations_assertions.assertElementAttribute_false_caseInsensitiveComparison_expectedToFail]
################################################################################################################################################
[ReportManager] Element Action [type] successfully performed. With the following test data [AUTOMATION]. @14-02-2021 01:32:36.0182 AM
[ReportManager] Element Action [getText] successfully performed. With the following test data [AUTOMATION]. @14-02-2021 01:32:36.0319 AM
[ReportManager] Loaded Shared OpenCV @14-02-2021 01:32:36.0972 AM
[ReportManager] AssertElementAttribute FAILED; Expected [Value Should not be 'AutomaTion' for the 'text' attribute, element locator 'By.name: q'] and Actual [AUTOMATION]. Comparison Type [CASE_INSENSITIVE]. Validation Type [NEGATIVE]. @14-02-2021 01:32:37.0173 AM
[ReportManager] Successfully created attachment [Screenshot - 1613266356487_assertElementAttribute_false_caseInsensitiveComparison_expectedToFail_AssertElementAttribute_failed] @14-02-2021 01:32:37.0178 A
[ReportManager] Successfully created attachment [Selenium WebDriver Logs - server] @14-02-2021 01:32:37.0309 AM
[ReportManager] Successfully created attachment [Selenium WebDriver Logs - performance] @14-02-2021 01:32:37.0495 AM
[ReportManager] Successfully created attachment [Selenium WebDriver Logs - driver] @14-02-2021 01:32:37.0654 AM
[ReportManager] Browser Action [closeCurrentWindow] successfully performed. @14-02-2021 01:32:37.0716 AM
[ReportManager] Successfully created attachment [Browser Action Test Data - closeCurrentWindow - Actual Value] @14-02-2021 01:32:37.0718 A
[ReportManager] File Action [getAbsolutePath] successfully performed. With the following test data [Relative Folder Path: "target/downloadedFiles/"]. @14-02-2021 01:32:37.0720 AM
[ReportManager] Attempting to run remotely on: [Linux-64], [GoogleChrome], [http://localhost:4444/wd/hub], Headless Execution. @14-02-2021 01:32:37.0720 AM
[ReportManager] Successfully Opened [GoogleChrome]. @14-02-2021 01:32:38.0010 AM
[ReportManager] Target URL: [https://www.google.com/ncr], and after redirection: [www.google.com] @14-02-2021 01:32:38.0037 AM
[ReportManager] Initial URL: [data:,] @14-02-2021 01:32:38.0081 AM
[ReportManager] Browser Action [navigateToURL] successfully performed. With the following test data [https://www.google.com/ncr]. @14-02-2021 01:32:38.0860 A

################################################################################################################################################
Starting Execution:	[32 out of 134] test cases in the current suite
Test Method:		[unitTests.tests_validations_assertions.assertElementAttribute_false_caseInsensitiveComparison_expectedToPass]
################################################################################################################################################
[ReportManager] Element Action [type] successfully performed. With the following test data [AUTOMATION]. @14-02-2021 01:32:39.0461 AM
[ReportManager] Element Action [getText] successfully performed. With the following test data [AUTOMATION]. @14-02-2021 01:32:39.0618 AM
[ReportManager] Loaded Shared OpenCV @14-02-2021 01:32:39.0779 AM
[ReportManager] AssertElementAttribute PASSED; Expected [Value Should not be 'AutomaTion123' for the 'text' attribute, element locator 'By.name: q'] and Actual [AUTOMATION]. Comparison Type [CASE_INSENSITIVE]. Validation Type [NEGATIVE]. @14-02-2021 01:32:39.0878 AM
[ReportManager] Successfully created attachment [Screenshot - 1613266359779_assertElementAttribute_false_caseInsensitiveComparison_expectedToPass_AssertElementAttribute_passed] @14-02-2021 01:32:39.0880 A
[ReportManager] Successfully created attachment [Selenium WebDriver Logs - server] @14-02-2021 01:32:39.0973 AM
[ReportManager] Successfully created attachment [Selenium WebDriver Logs - performance] @14-02-2021 01:32:40.0058 AM
[ReportManager] Successfully created attachment [Selenium WebDriver Logs - driver] @14-02-2021 01:32:40.0209 AM
[ReportManager] Browser Action [closeCurrentWindow] successfully performed. @14-02-2021 01:32:40.0275 AM
[ReportManager] Successfully created attachment [Browser Action Test Data - closeCurrentWindow - Actual Value] @14-02-2021 01:32:40.0276 A
[ReportManager] File Action [getAbsolutePath] successfully performed. With the following test data [Relative Folder Path: "target/downloadedFiles/"]. @14-02-2021 01:32:40.0279 AM
[ReportManager] Attempting to run remotely on: [Linux-64], [GoogleChrome], [http://localhost:4444/wd/hub], Headless Execution. @14-02-2021 01:32:40.0279 AM
[ReportManager] Successfully Opened [GoogleChrome]. @14-02-2021 01:32:40.0585 AM
[ReportManager] Target URL: [https://www.google.com/ncr], and after redirection: [www.google.com] @14-02-2021 01:32:40.0595 AM
[ReportManager] Initial URL: [data:,] @14-02-2021 01:32:40.0636 AM
[ReportManager] Browser Action [navigateToURL] successfully performed. With the following test data [https://www.google.com/ncr]. @14-02-2021 01:32:41.0413 A

################################################################################################################################################
Starting Execution:	[33 out of 134] test cases in the current suite
Test Method:		[unitTests.tests_validations_assertions.assertElementAttribute_false_containsComparison_expectedToFail]
################################################################################################################################################
[ReportManager] Element Action [type] successfully performed. With the following test data [Automation123]. @14-02-2021 01:32:41.0961 AM
[ReportManager] Element Action [getText] successfully performed. With the following test data [Automation123]. @14-02-2021 01:32:42.0080 AM
[ReportManager] Loaded Shared OpenCV @14-02-2021 01:32:42.0224 AM
[ReportManager] AssertElementAttribute FAILED; Expected [Value Should not be 'Automation' for the 'text' attribute, element locator 'By.name: q'] and Actual [Automation123]. Comparison Type [CONTAINS]. Validation Type [NEGATIVE]. @14-02-2021 01:32:42.0317 AM
[ReportManager] Successfully created attachment [Screenshot - 1613266362224_assertElementAttribute_false_containsComparison_expectedToFail_AssertElementAttribute_failed] @14-02-2021 01:32:42.0319 A
[ReportManager] Successfully created attachment [Selenium WebDriver Logs - server] @14-02-2021 01:32:42.0425 AM
[ReportManager] Successfully created attachment [Selenium WebDriver Logs - performance] @14-02-2021 01:32:42.0552 AM
[ReportManager] Successfully created attachment [Selenium WebDriver Logs - driver] @14-02-2021 01:32:42.0691 AM
[ReportManager] Browser Action [closeCurrentWindow] successfully performed. @14-02-2021 01:32:42.0748 AM
[ReportManager] Successfully created attachment [Browser Action Test Data - closeCurrentWindow - Actual Value] @14-02-2021 01:32:42.0750 A
[ReportManager] File Action [getAbsolutePath] successfully performed. With the following test data [Relative Folder Path: "target/downloadedFiles/"]. @14-02-2021 01:32:42.0754 AM
[ReportManager] Attempting to run remotely on: [Linux-64], [GoogleChrome], [http://localhost:4444/wd/hub], Headless Execution. @14-02-2021 01:32:42.0754 AM
[ReportManager] Successfully Opened [GoogleChrome]. @14-02-2021 01:32:43.0009 AM
[ReportManager] Target URL: [https://www.google.com/ncr], and after redirection: [www.google.com] @14-02-2021 01:32:43.0019 AM
[ReportManager] Initial URL: [data:,] @14-02-2021 01:32:43.0062 AM
[ReportManager] Browser Action [navigateToURL] successfully performed. With the following test data [https://www.google.com/ncr]. @14-02-2021 01:32:43.0834 A

################################################################################################################################################
Starting Execution:	[34 out of 134] test cases in the current suite
Test Method:		[unitTests.tests_validations_assertions.assertElementAttribute_false_containsComparison_expectedToPass]
################################################################################################################################################
[ReportManager] Element Action [type] successfully performed. With the following test data [Automation123]. @14-02-2021 01:32:44.0393 AM
[ReportManager] Element Action [getText] successfully performed. With the following test data [Automation123]. @14-02-2021 01:32:44.0526 AM
[ReportManager] Loaded Shared OpenCV @14-02-2021 01:32:44.0653 AM
[ReportManager] AssertElementAttribute PASSED; Expected [Value Should not be 'Automation1234' for the 'text' attribute, element locator 'By.name: q'] and Actual [Automation123]. Comparison Type [CONTAINS]. Validation Type [NEGATIVE]. @14-02-2021 01:32:44.0729 AM
[ReportManager] Successfully created attachment [Screenshot - 1613266364653_assertElementAttribute_false_containsComparison_expectedToPass_AssertElementAttribute_passed] @14-02-2021 01:32:44.0730 A
[ReportManager] Successfully created attachment [Selenium WebDriver Logs - server] @14-02-2021 01:32:44.0826 AM
[ReportManager] Successfully created attachment [Selenium WebDriver Logs - performance] @14-02-2021 01:32:44.0904 AM
[ReportManager] Successfully created attachment [Selenium WebDriver Logs - driver] @14-02-2021 01:32:45.0034 AM
[ReportManager] Browser Action [closeCurrentWindow] successfully performed. @14-02-2021 01:32:45.0095 AM
[ReportManager] Successfully created attachment [Browser Action Test Data - closeCurrentWindow - Actual Value] @14-02-2021 01:32:45.0097 A
[ReportManager] File Action [getAbsolutePath] successfully performed. With the following test data [Relative Folder Path: "target/downloadedFiles/"]. @14-02-2021 01:32:45.0099 AM
[ReportManager] Attempting to run remotely on: [Linux-64], [GoogleChrome], [http://localhost:4444/wd/hub], Headless Execution. @14-02-2021 01:32:45.0099 AM
[ReportManager] Successfully Opened [GoogleChrome]. @14-02-2021 01:32:45.0322 AM
[ReportManager] Target URL: [https://www.google.com/ncr], and after redirection: [www.google.com] @14-02-2021 01:32:45.0337 AM
[ReportManager] Initial URL: [data:,] @14-02-2021 01:32:45.0383 AM
[ReportManager] Browser Action [navigateToURL] successfully performed. With the following test data [https://www.google.com/ncr]. @14-02-2021 01:32:46.0137 A

################################################################################################################################################
Starting Execution:	[35 out of 134] test cases in the current suite
Test Method:		[unitTests.tests_validations_assertions.assertElementAttribute_false_literalComparison_expectedToFail]
################################################################################################################################################
[ReportManager] Element Action [type] successfully performed. With the following test data [Automation!@#$%^&*()_+{}[]\';/.,]. @14-02-2021 01:32:47.0254 AM
[ReportManager] Element Action [getText] successfully performed. With the following test data [Automation!@#$%^&*()_+{}[]\';/.,]. @14-02-2021 01:32:47.0398 AM
[ReportManager] Loaded Shared OpenCV @14-02-2021 01:32:47.0545 AM
[ReportManager] AssertElementAttribute PASSED; Expected [Value Should not be 'Automation!@#$%^&*()_+{}[]\\';/.,' for the 'text' attribute, element locator 'By.name: q'] and Actual [Automation!@#$%^&*()_+{}[]\';/.,]. Comparison Type [EQUALS]. Validation Type [NEGATIVE]. @14-02-2021 01:32:47.0624 AM
[ReportManager] Successfully created attachment [Screenshot - 1613266367545_assertElementAttribute_false_literalComparison_expectedToFail_AssertElementAttribute_passed] @14-02-2021 01:32:47.0625 A
[ReportManager] Successfully created attachment [Selenium WebDriver Logs - server] @14-02-2021 01:32:47.0703 AM
[ReportManager] Successfully created attachment [Selenium WebDriver Logs - performance] @14-02-2021 01:32:47.0854 AM
[ReportManager] Successfully created attachment [Selenium WebDriver Logs - driver] @14-02-2021 01:32:48.0090 AM
[ReportManager] Browser Action [closeCurrentWindow] successfully performed. @14-02-2021 01:32:48.0148 AM
[ReportManager] Successfully created attachment [Browser Action Test Data - closeCurrentWindow - Actual Value] @14-02-2021 01:32:48.0149 A
[ReportManager] File Action [getAbsolutePath] successfully performed. With the following test data [Relative Folder Path: "target/downloadedFiles/"]. @14-02-2021 01:32:48.0151 AM
[ReportManager] Attempting to run remotely on: [Linux-64], [GoogleChrome], [http://localhost:4444/wd/hub], Headless Execution. @14-02-2021 01:32:48.0151 AM
[ReportManager] Successfully Opened [GoogleChrome]. @14-02-2021 01:32:48.0389 AM
[ReportManager] Target URL: [https://www.google.com/ncr], and after redirection: [www.google.com] @14-02-2021 01:32:48.0405 AM
[ReportManager] Initial URL: [data:,] @14-02-2021 01:32:48.0458 AM
[ReportManager] Browser Action [navigateToURL] successfully performed. With the following test data [https://www.google.com/ncr]. @14-02-2021 01:32:49.0210 A

################################################################################################################################################
Starting Execution:	[36 out of 134] test cases in the current suite
Test Method:		[unitTests.tests_validations_assertions.assertElementAttribute_false_literalComparison_expectedToPass]
################################################################################################################################################
[ReportManager] Element Action [type] successfully performed. With the following test data [Automation!@#$%^&*()_+{}[]\';/.,]. @14-02-2021 01:32:50.0420 AM
[ReportManager] Element Action [getText] successfully performed. With the following test data [Automation!@#$%^&*()_+{}[]\';/.,]. @14-02-2021 01:32:50.0547 AM
[ReportManager] Loaded Shared OpenCV @14-02-2021 01:32:50.0694 AM
[ReportManager] AssertElementAttribute PASSED; Expected [Value Should not be 'Automation' for the 'text' attribute, element locator 'By.name: q'] and Actual [Automation!@#$%^&*()_+{}[]\';/.,]. Comparison Type [EQUALS]. Validation Type [NEGATIVE]. @14-02-2021 01:32:50.0789 AM
[ReportManager] Successfully created attachment [Screenshot - 1613266370694_assertElementAttribute_false_literalComparison_expectedToPass_AssertElementAttribute_passed] @14-02-2021 01:32:50.0790 A
[ReportManager] Successfully created attachment [Selenium WebDriver Logs - server] @14-02-2021 01:32:50.0880 AM
[ReportManager] Successfully created attachment [Selenium WebDriver Logs - performance] @14-02-2021 01:32:51.0027 AM
[ReportManager] Successfully created attachment [Selenium WebDriver Logs - driver] @14-02-2021 01:32:51.0204 AM
[ReportManager] Browser Action [closeCurrentWindow] successfully performed. @14-02-2021 01:32:51.0264 AM
[ReportManager] Successfully created attachment [Browser Action Test Data - closeCurrentWindow - Actual Value] @14-02-2021 01:32:51.0265 A
[ReportManager] File Action [getAbsolutePath] successfully performed. With the following test data [Relative Folder Path: "target/downloadedFiles/"]. @14-02-2021 01:32:51.0268 AM
[ReportManager] Attempting to run remotely on: [Linux-64], [GoogleChrome], [http://localhost:4444/wd/hub], Headless Execution. @14-02-2021 01:32:51.0274 AM
[ReportManager] Successfully Opened [GoogleChrome]. @14-02-2021 01:32:51.0549 AM
[ReportManager] Target URL: [https://www.google.com/ncr], and after redirection: [www.google.com] @14-02-2021 01:32:51.0562 AM
[ReportManager] Initial URL: [data:,] @14-02-2021 01:32:51.0612 AM
[ReportManager] Browser Action [navigateToURL] successfully performed. With the following test data [https://www.google.com/ncr]. @14-02-2021 01:32:52.0510 A

################################################################################################################################################
Starting Execution:	[37 out of 134] test cases in the current suite
Test Method:		[unitTests.tests_validations_assertions.assertElementAttribute_false_regexComparison_expectedToFail]
################################################################################################################################################
[ReportManager] Element Action [type] successfully performed. With the following test data [Automation123]. @14-02-2021 01:32:53.0144 AM
[ReportManager] Element Action [getText] successfully performed. With the following test data [Automation123]. @14-02-2021 01:32:53.0259 AM
[ReportManager] Loaded Shared OpenCV @14-02-2021 01:32:53.0406 AM
[ReportManager] AssertElementAttribute FAILED; Expected [Value Should not be 'Automation.*' for the 'text' attribute, element locator 'By.name: q'] and Actual [Automation123]. Comparison Type [MATCHES]. Validation Type [NEGATIVE]. @14-02-2021 01:32:53.0495 AM
[ReportManager] Successfully created attachment [Screenshot - 1613266373406_assertElementAttribute_false_regexComparison_expectedToFail_AssertElementAttribute_failed] @14-02-2021 01:32:53.0496 A
[ReportManager] Successfully created attachment [Selenium WebDriver Logs - server] @14-02-2021 01:32:53.0582 AM
[ReportManager] Successfully created attachment [Selenium WebDriver Logs - performance] @14-02-2021 01:32:53.0676 AM
[ReportManager] Successfully created attachment [Selenium WebDriver Logs - driver] @14-02-2021 01:32:53.0796 AM
[ReportManager] Browser Action [closeCurrentWindow] successfully performed. @14-02-2021 01:32:53.0853 AM
[ReportManager] Successfully created attachment [Browser Action Test Data - closeCurrentWindow - Actual Value] @14-02-2021 01:32:53.0854 A
[ReportManager] File Action [getAbsolutePath] successfully performed. With the following test data [Relative Folder Path: "target/downloadedFiles/"]. @14-02-2021 01:32:53.0858 AM
[ReportManager] Attempting to run remotely on: [Linux-64], [GoogleChrome], [http://localhost:4444/wd/hub], Headless Execution. @14-02-2021 01:32:53.0858 AM
[ReportManager] Successfully Opened [GoogleChrome]. @14-02-2021 01:32:54.0114 AM
[ReportManager] Target URL: [https://www.google.com/ncr], and after redirection: [www.google.com] @14-02-2021 01:32:54.0125 AM
[ReportManager] Initial URL: [data:,] @14-02-2021 01:32:54.0167 AM
[ReportManager] Browser Action [navigateToURL] successfully performed. With the following test data [https://www.google.com/ncr]. @14-02-2021 01:32:54.0924 A

################################################################################################################################################
Starting Execution:	[38 out of 134] test cases in the current suite
Test Method:		[unitTests.tests_validations_assertions.assertElementAttribute_false_regexComparison_expectedToPass]
################################################################################################################################################
[ReportManager] Element Action [type] successfully performed. With the following test data [Automation123]. @14-02-2021 01:32:55.0472 AM
[ReportManager] Element Action [getText] successfully performed. With the following test data [Automation123]. @14-02-2021 01:32:55.0597 AM
[ReportManager] Loaded Shared OpenCV @14-02-2021 01:32:55.0740 AM
[ReportManager] AssertElementAttribute PASSED; Expected [Value Should not be 'Automation' for the 'text' attribute, element locator 'By.name: q'] and Actual [Automation123]. Comparison Type [MATCHES]. Validation Type [NEGATIVE]. @14-02-2021 01:32:55.0811 AM
[ReportManager] Successfully created attachment [Screenshot - 1613266375740_assertElementAttribute_false_regexComparison_expectedToPass_AssertElementAttribute_passed] @14-02-2021 01:32:55.0812 A
[ReportManager] Successfully created attachment [Selenium WebDriver Logs - server] @14-02-2021 01:32:55.0895 AM
[ReportManager] Successfully created attachment [Selenium WebDriver Logs - performance] @14-02-2021 01:32:55.0986 AM
[ReportManager] Successfully created attachment [Selenium WebDriver Logs - driver] @14-02-2021 01:32:56.0106 AM
[ReportManager] Browser Action [closeCurrentWindow] successfully performed. @14-02-2021 01:32:56.0163 AM
[ReportManager] Successfully created attachment [Browser Action Test Data - closeCurrentWindow - Actual Value] @14-02-2021 01:32:56.0164 A
[ReportManager] File Action [getAbsolutePath] successfully performed. With the following test data [Relative Folder Path: "target/downloadedFiles/"]. @14-02-2021 01:32:56.0167 AM
[ReportManager] Attempting to run remotely on: [Linux-64], [GoogleChrome], [http://localhost:4444/wd/hub], Headless Execution. @14-02-2021 01:32:56.0168 AM
[ReportManager] Successfully Opened [GoogleChrome]. @14-02-2021 01:32:56.0425 AM
[ReportManager] Target URL: [https://www.google.com/ncr], and after redirection: [www.google.com] @14-02-2021 01:32:56.0438 AM
[ReportManager] Initial URL: [data:,] @14-02-2021 01:32:56.0479 AM
[ReportManager] Browser Action [navigateToURL] successfully performed. With the following test data [https://www.google.com/ncr]. @14-02-2021 01:32:57.0233 A

################################################################################################################################################
Starting Execution:	[39 out of 134] test cases in the current suite
Test Method:		[unitTests.tests_validations_assertions.assertElementAttribute_true_caseInsensitiveComparison_expectedToFail]
################################################################################################################################################
[ReportManager] Element Action [type] successfully performed. With the following test data [AUTOMATION]. @14-02-2021 01:32:57.0756 AM
[ReportManager] Element Action [getText] successfully performed. With the following test data [AUTOMATION]. @14-02-2021 01:32:57.0879 AM
[ReportManager] Loaded Shared OpenCV @14-02-2021 01:32:58.0016 AM
[ReportManager] AssertElementAttribute FAILED; Expected [Value Should be 'AutomaTion123' for the 'text' attribute, element locator 'By.name: q'] and Actual [AUTOMATION]. Comparison Type [CASE_INSENSITIVE]. Validation Type [POSITIVE]. @14-02-2021 01:32:58.0091 AM
[ReportManager] Successfully created attachment [Screenshot - 1613266378016_assertElementAttribute_true_caseInsensitiveComparison_expectedToFail_AssertElementAttribute_failed] @14-02-2021 01:32:58.0092 A
[ReportManager] Successfully created attachment [Selenium WebDriver Logs - server] @14-02-2021 01:32:58.0162 AM
[ReportManager] Successfully created attachment [Selenium WebDriver Logs - performance] @14-02-2021 01:32:58.0245 AM
[ReportManager] Successfully created attachment [Selenium WebDriver Logs - driver] @14-02-2021 01:32:58.0359 AM
[ReportManager] Browser Action [closeCurrentWindow] successfully performed. @14-02-2021 01:32:58.0415 AM
[ReportManager] Successfully created attachment [Browser Action Test Data - closeCurrentWindow - Actual Value] @14-02-2021 01:32:58.0416 A
[ReportManager] File Action [getAbsolutePath] successfully performed. With the following test data [Relative Folder Path: "target/downloadedFiles/"]. @14-02-2021 01:32:58.0419 AM
[ReportManager] Attempting to run remotely on: [Linux-64], [GoogleChrome], [http://localhost:4444/wd/hub], Headless Execution. @14-02-2021 01:32:58.0419 AM
[ReportManager] Successfully Opened [GoogleChrome]. @14-02-2021 01:32:58.0631 AM
[ReportManager] Target URL: [https://www.google.com/ncr], and after redirection: [www.google.com] @14-02-2021 01:32:58.0641 AM
[ReportManager] Initial URL: [data:,] @14-02-2021 01:32:58.0697 AM
[ReportManager] Browser Action [navigateToURL] successfully performed. With the following test data [https://www.google.com/ncr]. @14-02-2021 01:32:59.0557 A

################################################################################################################################################
Starting Execution:	[40 out of 134] test cases in the current suite
Test Method:		[unitTests.tests_validations_assertions.assertElementAttribute_true_caseInsensitiveComparison_expectedToPass]
################################################################################################################################################
[ReportManager] Element Action [type] successfully performed. With the following test data [AUTOMATION]. @14-02-2021 01:33:00.0168 AM
[ReportManager] Element Action [getText] successfully performed. With the following test data [AUTOMATION]. @14-02-2021 01:33:00.0300 AM
[ReportManager] Loaded Shared OpenCV @14-02-2021 01:33:00.0429 AM
[ReportManager] AssertElementAttribute PASSED; Expected [Value Should be 'AutomaTion' for the 'text' attribute, element locator 'By.name: q'] and Actual [AUTOMATION]. Comparison Type [CASE_INSENSITIVE]. Validation Type [POSITIVE]. @14-02-2021 01:33:00.0506 AM
[ReportManager] Successfully created attachment [Screenshot - 1613266380429_assertElementAttribute_true_caseInsensitiveComparison_expectedToPass_AssertElementAttribute_passed] @14-02-2021 01:33:00.0507 A
[ReportManager] Successfully created attachment [Selenium WebDriver Logs - server] @14-02-2021 01:33:00.0585 AM
[ReportManager] Successfully created attachment [Selenium WebDriver Logs - performance] @14-02-2021 01:33:00.0661 AM
[ReportManager] Successfully created attachment [Selenium WebDriver Logs - driver] @14-02-2021 01:33:00.0778 AM
[ReportManager] Browser Action [closeCurrentWindow] successfully performed. @14-02-2021 01:33:00.0836 AM
[ReportManager] Successfully created attachment [Browser Action Test Data - closeCurrentWindow - Actual Value] @14-02-2021 01:33:00.0838 A
[ReportManager] File Action [getAbsolutePath] successfully performed. With the following test data [Relative Folder Path: "target/downloadedFiles/"]. @14-02-2021 01:33:00.0847 AM
[ReportManager] Attempting to run remotely on: [Linux-64], [GoogleChrome], [http://localhost:4444/wd/hub], Headless Execution. @14-02-2021 01:33:00.0847 AM
[ReportManager] Successfully Opened [GoogleChrome]. @14-02-2021 01:33:01.0073 AM
[ReportManager] Target URL: [https://www.google.com/ncr], and after redirection: [www.google.com] @14-02-2021 01:33:01.0084 AM
[ReportManager] Initial URL: [data:,] @14-02-2021 01:33:01.0125 AM
[ReportManager] Browser Action [navigateToURL] successfully performed. With the following test data [https://www.google.com/ncr]. @14-02-2021 01:33:01.0910 A

################################################################################################################################################
Starting Execution:	[41 out of 134] test cases in the current suite
Test Method:		[unitTests.tests_validations_assertions.assertElementAttribute_true_containsComparison_expectedToFail]
################################################################################################################################################
[ReportManager] Element Action [type] successfully performed. With the following test data [Automation123]. @14-02-2021 01:33:02.0465 AM
[ReportManager] Element Action [getText] successfully performed. With the following test data [Automation123]. @14-02-2021 01:33:02.0574 AM
[ReportManager] Loaded Shared OpenCV @14-02-2021 01:33:02.0687 AM
[ReportManager] AssertElementAttribute FAILED; Expected [Value Should be 'Automation1234' for the 'text' attribute, element locator 'By.name: q'] and Actual [Automation123]. Comparison Type [CONTAINS]. Validation Type [POSITIVE]. @14-02-2021 01:33:02.0761 AM
[ReportManager] Successfully created attachment [Screenshot - 1613266382687_assertElementAttribute_true_containsComparison_expectedToFail_AssertElementAttribute_failed] @14-02-2021 01:33:02.0761 A
[ReportManager] Successfully created attachment [Selenium WebDriver Logs - server] @14-02-2021 01:33:02.0843 AM
[ReportManager] Successfully created attachment [Selenium WebDriver Logs - performance] @14-02-2021 01:33:02.0936 AM
[ReportManager] Successfully created attachment [Selenium WebDriver Logs - driver] @14-02-2021 01:33:03.0068 AM
[ReportManager] Browser Action [closeCurrentWindow] successfully performed. @14-02-2021 01:33:03.0125 AM
[ReportManager] Successfully created attachment [Browser Action Test Data - closeCurrentWindow - Actual Value] @14-02-2021 01:33:03.0129 A
[ReportManager] File Action [getAbsolutePath] successfully performed. With the following test data [Relative Folder Path: "target/downloadedFiles/"]. @14-02-2021 01:33:03.0132 AM
[ReportManager] Attempting to run remotely on: [Linux-64], [GoogleChrome], [http://localhost:4444/wd/hub], Headless Execution. @14-02-2021 01:33:03.0133 AM
[ReportManager] Successfully Opened [GoogleChrome]. @14-02-2021 01:33:03.0367 AM
[ReportManager] Target URL: [https://www.google.com/ncr], and after redirection: [www.google.com] @14-02-2021 01:33:03.0381 AM
[ReportManager] Initial URL: [data:,] @14-02-2021 01:33:03.0424 AM
[ReportManager] Browser Action [navigateToURL] successfully performed. With the following test data [https://www.google.com/ncr]. @14-02-2021 01:33:04.0202 A

################################################################################################################################################
Starting Execution:	[42 out of 134] test cases in the current suite
Test Method:		[unitTests.tests_validations_assertions.assertElementAttribute_true_containsComparison_expectedToPass]
################################################################################################################################################
[ReportManager] Element Action [type] successfully performed. With the following test data [Automation123]. @14-02-2021 01:33:04.0775 AM
[ReportManager] Element Action [getText] successfully performed. With the following test data [Automation123]. @14-02-2021 01:33:04.0886 AM
[ReportManager] Loaded Shared OpenCV @14-02-2021 01:33:05.0020 AM
[ReportManager] AssertElementAttribute PASSED; Expected [Value Should be 'Automation' for the 'text' attribute, element locator 'By.name: q'] and Actual [Automation123]. Comparison Type [CONTAINS]. Validation Type [POSITIVE]. @14-02-2021 01:33:05.0094 AM
[ReportManager] Successfully created attachment [Screenshot - 1613266385020_assertElementAttribute_true_containsComparison_expectedToPass_AssertElementAttribute_passed] @14-02-2021 01:33:05.0095 A
[ReportManager] Successfully created attachment [Selenium WebDriver Logs - server] @14-02-2021 01:33:05.0177 AM
[ReportManager] Successfully created attachment [Selenium WebDriver Logs - performance] @14-02-2021 01:33:05.0266 AM
[ReportManager] Successfully created attachment [Selenium WebDriver Logs - driver] @14-02-2021 01:33:05.0394 AM
[ReportManager] Browser Action [closeCurrentWindow] successfully performed. @14-02-2021 01:33:05.0451 AM
[ReportManager] Successfully created attachment [Browser Action Test Data - closeCurrentWindow - Actual Value] @14-02-2021 01:33:05.0452 A
[ReportManager] File Action [getAbsolutePath] successfully performed. With the following test data [Relative Folder Path: "target/downloadedFiles/"]. @14-02-2021 01:33:05.0458 AM
[ReportManager] Attempting to run remotely on: [Linux-64], [GoogleChrome], [http://localhost:4444/wd/hub], Headless Execution. @14-02-2021 01:33:05.0458 AM
[ReportManager] Successfully Opened [GoogleChrome]. @14-02-2021 01:33:05.0679 AM
[ReportManager] Target URL: [https://www.google.com/ncr], and after redirection: [www.google.com] @14-02-2021 01:33:05.0695 AM
[ReportManager] Initial URL: [data:,] @14-02-2021 01:33:05.0738 AM
[ReportManager] Browser Action [navigateToURL] successfully performed. With the following test data [https://www.google.com/ncr]. @14-02-2021 01:33:06.0504 A

################################################################################################################################################
Starting Execution:	[43 out of 134] test cases in the current suite
Test Method:		[unitTests.tests_validations_assertions.assertElementAttribute_true_literalComparison_expectedToFail]
################################################################################################################################################
[ReportManager] Element Action [type] successfully performed. With the following test data [Automation!@#$%^&*()_+{}[]\';/.,]. @14-02-2021 01:33:07.0819 AM
[ReportManager] Element Action [getText] successfully performed. With the following test data [Automation!@#$%^&*()_+{}[]\';/.,]. @14-02-2021 01:33:07.0951 AM
[ReportManager] Loaded Shared OpenCV @14-02-2021 01:33:08.0096 AM
[ReportManager] AssertElementAttribute FAILED; Expected [Value Should be 'Automation' for the 'text' attribute, element locator 'By.name: q'] and Actual [Automation!@#$%^&*()_+{}[]\';/.,]. Comparison Type [EQUALS]. Validation Type [POSITIVE]. @14-02-2021 01:33:08.0176 AM
[ReportManager] Successfully created attachment [Screenshot - 1613266388096_assertElementAttribute_true_literalComparison_expectedToFail_AssertElementAttribute_failed] @14-02-2021 01:33:08.0177 A
[ReportManager] Successfully created attachment [Selenium WebDriver Logs - server] @14-02-2021 01:33:08.0256 AM
[ReportManager] Successfully created attachment [Selenium WebDriver Logs - performance] @14-02-2021 01:33:08.0418 AM
[ReportManager] Successfully created attachment [Selenium WebDriver Logs - driver] @14-02-2021 01:33:08.0613 AM
[ReportManager] Browser Action [closeCurrentWindow] successfully performed. @14-02-2021 01:33:08.0671 AM
[ReportManager] Successfully created attachment [Browser Action Test Data - closeCurrentWindow - Actual Value] @14-02-2021 01:33:08.0672 A
[ReportManager] File Action [getAbsolutePath] successfully performed. With the following test data [Relative Folder Path: "target/downloadedFiles/"]. @14-02-2021 01:33:08.0674 AM
[ReportManager] Attempting to run remotely on: [Linux-64], [GoogleChrome], [http://localhost:4444/wd/hub], Headless Execution. @14-02-2021 01:33:08.0674 AM
[ReportManager] Successfully Opened [GoogleChrome]. @14-02-2021 01:33:08.0898 AM
[ReportManager] Target URL: [https://www.google.com/ncr], and after redirection: [www.google.com] @14-02-2021 01:33:08.0912 AM
[ReportManager] Initial URL: [data:,] @14-02-2021 01:33:08.0950 AM
[ReportManager] Browser Action [navigateToURL] successfully performed. With the following test data [https://www.google.com/ncr]. @14-02-2021 01:33:09.0799 A

################################################################################################################################################
Starting Execution:	[44 out of 134] test cases in the current suite
Test Method:		[unitTests.tests_validations_assertions.assertElementAttribute_true_literalComparison_expectedToPass]
################################################################################################################################################
[ReportManager] Element Action [type] successfully performed. With the following test data [Automation!@#$%^&*()_+{}[]\';/.,]. @14-02-2021 01:33:10.0921 AM
[ReportManager] Element Action [getText] successfully performed. With the following test data [Automation!@#$%^&*()_+{}[]\';/.,]. @14-02-2021 01:33:11.0032 AM
[ReportManager] Loaded Shared OpenCV @14-02-2021 01:33:11.0177 AM
[ReportManager] AssertElementAttribute PASSED; Expected [Value Should be 'Automation!@#$%^&*()_+{}[]\';/.,' for the 'text' attribute, element locator 'By.name: q'] and Actual [Automation!@#$%^&*()_+{}[]\';/.,]. Comparison Type [EQUALS]. Validation Type [POSITIVE]. @14-02-2021 01:33:11.0254 AM
[ReportManager] Successfully created attachment [Screenshot - 1613266391177_assertElementAttribute_true_literalComparison_expectedToPass_AssertElementAttribute_passed] @14-02-2021 01:33:11.0255 A
[ReportManager] Successfully created attachment [Selenium WebDriver Logs - server] @14-02-2021 01:33:11.0327 AM
[ReportManager] Successfully created attachment [Selenium WebDriver Logs - performance] @14-02-2021 01:33:11.0471 AM
[ReportManager] Successfully created attachment [Selenium WebDriver Logs - driver] @14-02-2021 01:33:11.0644 AM
[ReportManager] Browser Action [closeCurrentWindow] successfully performed. @14-02-2021 01:33:11.0701 AM
[ReportManager] Successfully created attachment [Browser Action Test Data - closeCurrentWindow - Actual Value] @14-02-2021 01:33:11.0702 A
[ReportManager] File Action [getAbsolutePath] successfully performed. With the following test data [Relative Folder Path: "target/downloadedFiles/"]. @14-02-2021 01:33:11.0705 AM
[ReportManager] Attempting to run remotely on: [Linux-64], [GoogleChrome], [http://localhost:4444/wd/hub], Headless Execution. @14-02-2021 01:33:11.0705 AM
[ReportManager] Successfully Opened [GoogleChrome]. @14-02-2021 01:33:11.0926 AM
[ReportManager] Target URL: [https://www.google.com/ncr], and after redirection: [www.google.com] @14-02-2021 01:33:11.0941 AM
[ReportManager] Initial URL: [data:,] @14-02-2021 01:33:11.0980 AM
[ReportManager] Browser Action [navigateToURL] successfully performed. With the following test data [https://www.google.com/ncr]. @14-02-2021 01:33:12.0722 A

################################################################################################################################################
Starting Execution:	[45 out of 134] test cases in the current suite
Test Method:		[unitTests.tests_validations_assertions.assertElementAttribute_true_regexComparison_expectedToFail]
################################################################################################################################################
[ReportManager] Element Action [type] successfully performed. With the following test data [Automation123]. @14-02-2021 01:33:13.0254 AM
[ReportManager] Element Action [getText] successfully performed. With the following test data [Automation123]. @14-02-2021 01:33:13.0373 AM
[ReportManager] Loaded Shared OpenCV @14-02-2021 01:33:13.0490 AM
[ReportManager] AssertElementAttribute FAILED; Expected [Value Should be 'Automation' for the 'text' attribute, element locator 'By.name: q'] and Actual [Automation123]. Comparison Type [MATCHES]. Validation Type [POSITIVE]. @14-02-2021 01:33:13.0559 AM
[ReportManager] Successfully created attachment [Screenshot - 1613266393490_assertElementAttribute_true_regexComparison_expectedToFail_AssertElementAttribute_failed] @14-02-2021 01:33:13.0560 A
[ReportManager] Successfully created attachment [Selenium WebDriver Logs - server] @14-02-2021 01:33:13.0635 AM
[ReportManager] Successfully created attachment [Selenium WebDriver Logs - performance] @14-02-2021 01:33:13.0716 AM
[ReportManager] Successfully created attachment [Selenium WebDriver Logs - driver] @14-02-2021 01:33:13.0834 AM
[ReportManager] Browser Action [closeCurrentWindow] successfully performed. @14-02-2021 01:33:13.0890 AM
[ReportManager] Successfully created attachment [Browser Action Test Data - closeCurrentWindow - Actual Value] @14-02-2021 01:33:13.0890 A
[ReportManager] File Action [getAbsolutePath] successfully performed. With the following test data [Relative Folder Path: "target/downloadedFiles/"]. @14-02-2021 01:33:13.0893 AM
[ReportManager] Attempting to run remotely on: [Linux-64], [GoogleChrome], [http://localhost:4444/wd/hub], Headless Execution. @14-02-2021 01:33:13.0893 AM
[ReportManager] Successfully Opened [GoogleChrome]. @14-02-2021 01:33:14.0103 AM
[ReportManager] Target URL: [https://www.google.com/ncr], and after redirection: [www.google.com] @14-02-2021 01:33:14.0114 AM
[ReportManager] Initial URL: [data:,] @14-02-2021 01:33:14.0158 AM
[ReportManager] Browser Action [navigateToURL] successfully performed. With the following test data [https://www.google.com/ncr]. @14-02-2021 01:33:14.0894 A

################################################################################################################################################
Starting Execution:	[46 out of 134] test cases in the current suite
Test Method:		[unitTests.tests_validations_assertions.assertElementAttribute_true_regexComparison_expectedToPass]
################################################################################################################################################
[ReportManager] Element Action [type] successfully performed. With the following test data [Automation123]. @14-02-2021 01:33:15.0467 AM
[ReportManager] Element Action [getText] successfully performed. With the following test data [Automation123]. @14-02-2021 01:33:15.0589 AM
[ReportManager] Loaded Shared OpenCV @14-02-2021 01:33:15.0719 AM
[ReportManager] AssertElementAttribute PASSED; Expected [Value Should be 'Automation.*' for the 'text' attribute, element locator 'By.name: q'] and Actual [Automation123]. Comparison Type [MATCHES]. Validation Type [POSITIVE]. @14-02-2021 01:33:15.0796 AM
[ReportManager] Successfully created attachment [Screenshot - 1613266395719_assertElementAttribute_true_regexComparison_expectedToPass_AssertElementAttribute_passed] @14-02-2021 01:33:15.0797 A
[ReportManager] Successfully created attachment [Selenium WebDriver Logs - server] @14-02-2021 01:33:15.0877 AM
[ReportManager] Successfully created attachment [Selenium WebDriver Logs - performance] @14-02-2021 01:33:15.0966 AM
[ReportManager] Successfully created attachment [Selenium WebDriver Logs - driver] @14-02-2021 01:33:16.0092 AM
[ReportManager] Browser Action [closeCurrentWindow] successfully performed. @14-02-2021 01:33:16.0149 AM
[ReportManager] Successfully created attachment [Browser Action Test Data - closeCurrentWindow - Actual Value] @14-02-2021 01:33:16.0150 A
[ReportManager] File Action [getAbsolutePath] successfully performed. With the following test data [Relative Folder Path: "target/downloadedFiles/"]. @14-02-2021 01:33:16.0153 AM
[ReportManager] Attempting to run remotely on: [Linux-64], [GoogleChrome], [http://localhost:4444/wd/hub], Headless Execution. @14-02-2021 01:33:16.0153 AM
[ReportManager] Successfully Opened [GoogleChrome]. @14-02-2021 01:33:16.0350 AM
[ReportManager] Target URL: [https://www.google.com/ncr], and after redirection: [www.google.com] @14-02-2021 01:33:16.0360 AM
[ReportManager] Initial URL: [data:,] @14-02-2021 01:33:16.0399 AM
[ReportManager] Browser Action [navigateToURL] successfully performed. With the following test data [https://www.google.com/ncr]. @14-02-2021 01:33:17.0128 A

################################################################################################################################################
Starting Execution:	[47 out of 134] test cases in the current suite
Test Method:		[unitTests.tests_validations_assertions.assertElementExists_false_expectedToFail]
################################################################################################################################################
[ReportManager] AssertElementExists PASSED; Expected [Element Should not Exist, locator 'By.id: hplogo'] and Actual [Element Doesn't Exists]. Comparison Type [EQUALS]. Validation Type [NEGATIVE]. @14-02-2021 01:33:17.0355 AM
[ReportManager] Successfully created attachment [Screenshot - 1613266397292_assertElementExists_false_expectedToFail_AssertElementExists_passed] @14-02-2021 01:33:17.0355 A
[ReportManager] Successfully created attachment [Selenium WebDriver Logs - server] @14-02-2021 01:33:17.0425 AM
[ReportManager] Successfully created attachment [Selenium WebDriver Logs - performance] @14-02-2021 01:33:17.0470 AM
[ReportManager] Successfully created attachment [Selenium WebDriver Logs - driver] @14-02-2021 01:33:17.0544 AM
[ReportManager] Browser Action [closeCurrentWindow] successfully performed. @14-02-2021 01:33:17.0601 AM
[ReportManager] Successfully created attachment [Browser Action Test Data - closeCurrentWindow - Actual Value] @14-02-2021 01:33:17.0602 A
[ReportManager] File Action [getAbsolutePath] successfully performed. With the following test data [Relative Folder Path: "target/downloadedFiles/"]. @14-02-2021 01:33:17.0606 AM
[ReportManager] Attempting to run remotely on: [Linux-64], [GoogleChrome], [http://localhost:4444/wd/hub], Headless Execution. @14-02-2021 01:33:17.0606 AM
[ReportManager] Successfully Opened [GoogleChrome]. @14-02-2021 01:33:17.0847 AM
[ReportManager] Target URL: [https://www.google.com/ncr], and after redirection: [www.google.com] @14-02-2021 01:33:17.0858 AM
[ReportManager] Initial URL: [data:,] @14-02-2021 01:33:17.0898 AM
[ReportManager] Browser Action [navigateToURL] successfully performed. With the following test data [https://www.google.com/ncr]. @14-02-2021 01:33:18.0649 A

################################################################################################################################################
Starting Execution:	[48 out of 134] test cases in the current suite
Test Method:		[unitTests.tests_validations_assertions.assertElementExists_false_expectedToPass]
################################################################################################################################################
[ReportManager] AssertElementExists PASSED; Expected [Element Should not Exist, locator 'By.id: fakeElement'] and Actual [Element Doesn't Exists]. Comparison Type [EQUALS]. Validation Type [NEGATIVE]. @14-02-2021 01:33:18.0936 AM
[ReportManager] Successfully created attachment [Screenshot - 1613266398874_assertElementExists_false_expectedToPass_AssertElementExists_passed] @14-02-2021 01:33:18.0936 A
[ReportManager] Successfully created attachment [Selenium WebDriver Logs - server] @14-02-2021 01:33:19.0018 AM
[ReportManager] Successfully created attachment [Selenium WebDriver Logs - performance] @14-02-2021 01:33:19.0051 AM
[ReportManager] Successfully created attachment [Selenium WebDriver Logs - driver] @14-02-2021 01:33:19.0124 AM
[ReportManager] Browser Action [closeCurrentWindow] successfully performed. @14-02-2021 01:33:19.0180 AM
[ReportManager] Successfully created attachment [Browser Action Test Data - closeCurrentWindow - Actual Value] @14-02-2021 01:33:19.0180 A
[ReportManager] File Action [getAbsolutePath] successfully performed. With the following test data [Relative Folder Path: "target/downloadedFiles/"]. @14-02-2021 01:33:19.0183 AM
[ReportManager] Attempting to run remotely on: [Linux-64], [GoogleChrome], [http://localhost:4444/wd/hub], Headless Execution. @14-02-2021 01:33:19.0183 AM
[ReportManager] Successfully Opened [GoogleChrome]. @14-02-2021 01:33:19.0392 AM
[ReportManager] Target URL: [https://www.google.com/ncr], and after redirection: [www.google.com] @14-02-2021 01:33:19.0404 AM
[ReportManager] Initial URL: [data:,] @14-02-2021 01:33:19.0442 AM
[ReportManager] Browser Action [navigateToURL] successfully performed. With the following test data [https://www.google.com/ncr]. @14-02-2021 01:33:20.0210 A

################################################################################################################################################
Starting Execution:	[49 out of 134] test cases in the current suite
Test Method:		[unitTests.tests_validations_assertions.assertElementExists_false_multipleElementsFound_expectedToFail]
################################################################################################################################################
[ReportManager] AssertElementExists FAILED; Expected [Element Should not Exist, locator 'By.xpath: //div'] and Actual [Element Exists but is not unique]. Comparison Type [EQUALS]. Validation Type [NEGATIVE]. @14-02-2021 01:33:20.0425 AM
[ReportManager] Successfully created attachment [Screenshot - 1613266400369_assertElementExists_false_multipleElementsFound_expectedToFail_AssertElementExists_failed] @14-02-2021 01:33:20.0426 A
[ReportManager] Successfully created attachment [Selenium WebDriver Logs - server] @14-02-2021 01:33:20.0504 AM
[ReportManager] Successfully created attachment [Selenium WebDriver Logs - performance] @14-02-2021 01:33:20.0536 AM
[ReportManager] Successfully created attachment [Selenium WebDriver Logs - driver] @14-02-2021 01:33:20.0607 AM
[ReportManager] Browser Action [closeCurrentWindow] successfully performed. @14-02-2021 01:33:20.0667 AM
[ReportManager] Successfully created attachment [Browser Action Test Data - closeCurrentWindow - Actual Value] @14-02-2021 01:33:20.0668 A
[ReportManager] File Action [getAbsolutePath] successfully performed. With the following test data [Relative Folder Path: "target/downloadedFiles/"]. @14-02-2021 01:33:20.0671 AM
[ReportManager] Attempting to run remotely on: [Linux-64], [GoogleChrome], [http://localhost:4444/wd/hub], Headless Execution. @14-02-2021 01:33:20.0671 AM
[ReportManager] Successfully Opened [GoogleChrome]. @14-02-2021 01:33:20.0891 AM
[ReportManager] Target URL: [https://www.google.com/ncr], and after redirection: [www.google.com] @14-02-2021 01:33:20.0901 AM
[ReportManager] Initial URL: [data:,] @14-02-2021 01:33:20.0943 AM
[ReportManager] Browser Action [navigateToURL] successfully performed. With the following test data [https://www.google.com/ncr]. @14-02-2021 01:33:21.0684 A

################################################################################################################################################
Starting Execution:	[50 out of 134] test cases in the current suite
Test Method:		[unitTests.tests_validations_assertions.assertElementExists_true_expectedToFail]
################################################################################################################################################
[ReportManager] AssertElementExists FAILED; Expected [Element Should Exist, locator 'By.id: fakeElement'] and Actual [Element Doesn't Exists]. Comparison Type [EQUALS]. Validation Type [POSITIVE]. @14-02-2021 01:33:21.0896 AM
[ReportManager] Successfully created attachment [Screenshot - 1613266401838_assertElementExists_true_expectedToFail_AssertElementExists_failed] @14-02-2021 01:33:21.0897 A
[ReportManager] Successfully created attachment [Selenium WebDriver Logs - server] @14-02-2021 01:33:21.0991 AM
[ReportManager] Successfully created attachment [Selenium WebDriver Logs - performance] @14-02-2021 01:33:22.0025 AM
[ReportManager] Successfully created attachment [Selenium WebDriver Logs - driver] @14-02-2021 01:33:22.0094 AM
[ReportManager] Browser Action [closeCurrentWindow] successfully performed. @14-02-2021 01:33:22.0151 AM
[ReportManager] Successfully created attachment [Browser Action Test Data - closeCurrentWindow - Actual Value] @14-02-2021 01:33:22.0152 A
[ReportManager] File Action [getAbsolutePath] successfully performed. With the following test data [Relative Folder Path: "target/downloadedFiles/"]. @14-02-2021 01:33:22.0155 AM
[ReportManager] Attempting to run remotely on: [Linux-64], [GoogleChrome], [http://localhost:4444/wd/hub], Headless Execution. @14-02-2021 01:33:22.0156 AM
[ReportManager] Successfully Opened [GoogleChrome]. @14-02-2021 01:33:22.0380 AM
[ReportManager] Target URL: [https://www.google.com/ncr], and after redirection: [www.google.com] @14-02-2021 01:33:22.0392 AM
[ReportManager] Initial URL: [data:,] @14-02-2021 01:33:22.0428 AM
[ReportManager] Browser Action [navigateToURL] successfully performed. With the following test data [https://www.google.com/ncr]. @14-02-2021 01:33:23.0175 A

################################################################################################################################################
Starting Execution:	[51 out of 134] test cases in the current suite
Test Method:		[unitTests.tests_validations_assertions.assertElementExists_true_expectedToPass]
################################################################################################################################################
[ReportManager] AssertElementExists FAILED; Expected [Element Should Exist, locator 'By.id: hplogo'] and Actual [Element Doesn't Exists]. Comparison Type [EQUALS]. Validation Type [POSITIVE]. @14-02-2021 01:33:23.0376 AM
[ReportManager] Successfully created attachment [Screenshot - 1613266403320_assertElementExists_true_expectedToPass_AssertElementExists_failed] @14-02-2021 01:33:23.0376 A
[ReportManager] Successfully created attachment [Selenium WebDriver Logs - server] @14-02-2021 01:33:23.0461 AM
[ReportManager] Successfully created attachment [Selenium WebDriver Logs - performance] @14-02-2021 01:33:23.0491 AM
[ReportManager] Successfully created attachment [Selenium WebDriver Logs - driver] @14-02-2021 01:33:23.0556 AM
[ReportManager] Browser Action [closeCurrentWindow] successfully performed. @14-02-2021 01:33:23.0573 AM
[ReportManager] Successfully created attachment [Browser Action Test Data - closeCurrentWindow - Actual Value] @14-02-2021 01:33:23.0574 A
[ReportManager] File Action [getAbsolutePath] successfully performed. With the following test data [Relative Folder Path: "target/downloadedFiles/"]. @14-02-2021 01:33:23.0577 AM
[ReportManager] Attempting to run remotely on: [Linux-64], [GoogleChrome], [http://localhost:4444/wd/hub], Headless Execution. @14-02-2021 01:33:23.0577 AM
[ReportManager] Successfully Opened [GoogleChrome]. @14-02-2021 01:33:23.0826 AM
[ReportManager] Target URL: [https://www.google.com/ncr], and after redirection: [www.google.com] @14-02-2021 01:33:23.0840 AM
[ReportManager] Initial URL: [data:,] @14-02-2021 01:33:23.0883 AM
[ReportManager] Browser Action [navigateToURL] successfully performed. With the following test data [https://www.google.com/ncr]. @14-02-2021 01:33:24.0662 A

################################################################################################################################################
Starting Execution:	[52 out of 134] test cases in the current suite
Test Method:		[unitTests.tests_validations_assertions.assertElementExists_true_multipleElementsFound_expectedToFail]
################################################################################################################################################
[ReportManager] AssertElementExists FAILED; Expected [Element Should Exist, locator 'By.xpath: //div'] and Actual [Element Exists but is not unique]. Comparison Type [EQUALS]. Validation Type [POSITIVE]. @14-02-2021 01:33:24.0884 AM
[ReportManager] Successfully created attachment [Screenshot - 1613266404822_assertElementExists_true_multipleElementsFound_expectedToFail_AssertElementExists_failed] @14-02-2021 01:33:24.0885 A
[ReportManager] Successfully created attachment [Selenium WebDriver Logs - server] @14-02-2021 01:33:24.0967 AM
[ReportManager] Successfully created attachment [Selenium WebDriver Logs - performance] @14-02-2021 01:33:24.0997 AM
[ReportManager] Successfully created attachment [Selenium WebDriver Logs - driver] @14-02-2021 01:33:25.0074 AM
[ReportManager] Browser Action [closeCurrentWindow] successfully performed. @14-02-2021 01:33:25.0138 AM
[ReportManager] Successfully created attachment [Browser Action Test Data - closeCurrentWindow - Actual Value] @14-02-2021 01:33:25.0140 A

################################################################################################################################################
Starting Execution:	[53 out of 134] test cases in the current suite
Test Method:		[unitTests.tests_validations_assertions.assertEquals_false_expectedToFail]
################################################################################################################################################
[ReportManager] AssertEquals FAILED; Expected [1] and Actual [1]. Comparison Type [EQUALS]. Validation Type [NEGATIVE]. @14-02-2021 01:33:25.0144 A

################################################################################################################################################
Starting Execution:	[54 out of 134] test cases in the current suite
Test Method:		[unitTests.tests_validations_assertions.assertEquals_false_expectedToPass]
################################################################################################################################################
[ReportManager] AssertEquals PASSED; Expected [1] and Actual [2]. Comparison Type [EQUALS]. Validation Type [NEGATIVE]. @14-02-2021 01:33:25.0157 A

################################################################################################################################################
Starting Execution:	[55 out of 134] test cases in the current suite
Test Method:		[unitTests.tests_validations_assertions.assertEquals_longCharacters]
################################################################################################################################################
[ReportManager] VerifyEquals PASSED; Expected and Actual values are attached. Comparison Type [EQUALS]. Validation Type [POSITIVE]. @14-02-2021 01:33:25.0164 AM
[ReportManager] Successfully created attachment [Validation Test Data - Expected Value] @14-02-2021 01:33:25.0164 AM
[ReportManager] Successfully created attachment [Validation Test Data - Actual Value] @14-02-2021 01:33:25.0164 AM
[ReportManager] AssertEquals PASSED; Expected and Actual values are attached. Comparison Type [EQUALS]. Validation Type [POSITIVE]. @14-02-2021 01:33:25.0164 AM
[ReportManager] Successfully created attachment [Validation Test Data - Expected Value] @14-02-2021 01:33:25.0164 AM
[ReportManager] Successfully created attachment [Validation Test Data - Actual Value] @14-02-2021 01:33:25.0165 A

################################################################################################################################################
Starting Execution:	[56 out of 134] test cases in the current suite
Test Method:		[unitTests.tests_validations_assertions.assertEquals_longCharacters_Discreet]
################################################################################################################################################
[ReportManager] AssertEquals PASSED; Expected [1LH5pROcDBjjQk0t0mCr0lXuzQu9lcGj28kY8R1H81X67eVAQJgWQhILiRWVPUgZ6uCtK5cnBkF55Jr9vYngjGO1Iyf0Mktv6lruDlL9T8MAUPcUZJGHZtji6nIeadujDSNmWMj5d6C8zlFqw0CRqBU0hO5adIasHgBSNoLotAjce3NGXoDwAlp3rYreeV16VIyZXROQY] and Actual [1LH5pROcDBjjQk0t0mCr0lXuzQu9lcGj28kY8R1H81X67eVAQJgWQhILiRWVPUgZ6uCtK5cnBkF55Jr9vYngjGO1Iyf0Mktv6lruDlL9T8MAUPcUZJGHZtji6nIeadujDSNmWMj5d6C8zlFqw0CRqBU0hO5adIasHgBSNoLotAjce3NGXoDwAlp3rYreeV16VIyZXROQY]. Comparison Type [EQUALS]. Validation Type [POSITIVE]. @14-02-2021 01:33:25.0170 A

################################################################################################################################################
Starting Execution:	[57 out of 134] test cases in the current suite
Test Method:		[unitTests.tests_validations_assertions.assertEquals_true_expectedToFail]
################################################################################################################################################
[ReportManager] AssertEquals FAILED; Expected [1] and Actual [2]. Comparison Type [EQUALS]. Validation Type [POSITIVE]. @14-02-2021 01:33:25.0174 A

################################################################################################################################################
Starting Execution:	[58 out of 134] test cases in the current suite
Test Method:		[unitTests.tests_validations_assertions.assertEquals_true_expectedToPass]
Test Description:	[Assert that assertEquals works as expected when the two values are equal.]
################################################################################################################################################
[ReportManager] VerifyEquals PASSED; Expected [1] and Actual [1]. Comparison Type [EQUALS]. Validation Type [POSITIVE]. @14-02-2021 01:33:25.0184 AM
[ReportManager] AssertEquals PASSED; Expected [1] and Actual [1]. Comparison Type [EQUALS]. Validation Type [POSITIVE]. @14-02-2021 01:33:25.0185 A

################################################################################################################################################
Starting Execution:	[59 out of 134] test cases in the current suite
Test Method:		[unitTests.tests_validations_assertions.assertEquals_true_expectedToPass__]
################################################################################################################################################
[ReportManager] AssertEquals PASSED; Expected [1] and Actual [1]. Comparison Type [EQUALS]. Validation Type [POSITIVE]. @14-02-2021 01:33:25.0188 A

################################################################################################################################################
Starting Execution:	[60 out of 134] test cases in the current suite
Test Method:		[unitTests.tests_validations_assertions.assertFileExists_false_expectedToFail]
################################################################################################################################################
[ReportManager] File Action [doesFileExist] successfully performed. With the following test data [File Path: "src/main/java/com/shaft/gui/element/ElementActions.java"]. @14-02-2021 01:33:25.0191 AM
[ReportManager] AssertFileExists FAILED; Expected [File 'src/main/java/com/shaft/gui/element/ElementActions.java' should not exist, after up to '1' retries] and Actual [File exists]. Validation Type [NEGATIVE]. @14-02-2021 01:33:25.0196 A

################################################################################################################################################
Starting Execution:	[61 out of 134] test cases in the current suite
Test Method:		[unitTests.tests_validations_assertions.assertFileExists_false_expectedToPass]
################################################################################################################################################
[ReportManager] File Action [doesFileExist] successfully performed. With the following test data [File Path: "src/main/java/com/shaft/gui/element/ElementActions.java_fail"]. @14-02-2021 01:33:25.0700 AM
[ReportManager] AssertFileExists PASSED; Expected [File 'src/main/java/com/shaft/gui/element/ElementActions.java_fail' should not exist, after up to '1' retries] and Actual [File does not exist]. Validation Type [NEGATIVE]. @14-02-2021 01:33:25.0700 A

################################################################################################################################################
Starting Execution:	[62 out of 134] test cases in the current suite
Test Method:		[unitTests.tests_validations_assertions.assertFileExists_true_expectedToFail]
################################################################################################################################################
[ReportManager] File Action [doesFileExist] successfully performed. With the following test data [File Path: "src/main/java/com/shaft/gui/element/ElementActions.java_fail"]. @14-02-2021 01:33:26.0204 AM
[ReportManager] AssertFileExists FAILED; Expected [File 'src/main/java/com/shaft/gui/element/ElementActions.java_fail' should exist, after up to '1' retries] and Actual [File does not exist]. Validation Type [POSITIVE]. @14-02-2021 01:33:26.0205 A

################################################################################################################################################
Starting Execution:	[63 out of 134] test cases in the current suite
Test Method:		[unitTests.tests_validations_assertions.assertFileExists_true_expectedToPass]
################################################################################################################################################
[ReportManager] File Action [doesFileExist] successfully performed. With the following test data [File Path: "src/main/java/com/shaft/gui/element/ElementActions.java"]. @14-02-2021 01:33:26.0209 AM
[ReportManager] AssertFileExists PASSED; Expected [File 'src/main/java/com/shaft/gui/element/ElementActions.java' should exist, after up to '1' retries] and Actual [File exists]. Validation Type [POSITIVE]. @14-02-2021 01:33:26.0209 A

################################################################################################################################################
Starting Execution:	[64 out of 134] test cases in the current suite
Test Method:		[unitTests.tests_validations_assertions.assertNull_false_expectedToFail]
################################################################################################################################################
[ReportManager] AssertNull FAILED; Expected [NULL] and Actual [NULL]. Comparison Type [EQUALS]. Validation Type [NEGATIVE]. @14-02-2021 01:33:26.0214 A

################################################################################################################################################
Starting Execution:	[65 out of 134] test cases in the current suite
Test Method:		[unitTests.tests_validations_assertions.assertNull_false_expectedToPass]
################################################################################################################################################
[ReportManager] AssertNull PASSED; Expected [NULL] and Actual [1]. Comparison Type [EQUALS]. Validation Type [NEGATIVE]. @14-02-2021 01:33:26.0218 A

################################################################################################################################################
Starting Execution:	[66 out of 134] test cases in the current suite
Test Method:		[unitTests.tests_validations_assertions.assertNull_true_expectedToFail]
################################################################################################################################################
[ReportManager] AssertNull FAILED; Expected [NULL] and Actual [1]. Comparison Type [EQUALS]. Validation Type [POSITIVE]. @14-02-2021 01:33:26.0221 A

################################################################################################################################################
Starting Execution:	[67 out of 134] test cases in the current suite
Test Method:		[unitTests.tests_validations_assertions.assertNull_true_expectedToPass]
################################################################################################################################################
[ReportManager] AssertNull PASSED; Expected [NULL] and Actual [NULL]. Comparison Type [EQUALS]. Validation Type [POSITIVE]. @14-02-2021 01:33:26.0224 A
[ReportManager] File Action [getAbsolutePath] successfully performed. With the following test data [Relative Folder Path: "target/downloadedFiles/"]. @14-02-2021 01:33:26.0227 AM
[ReportManager] Attempting to run remotely on: [Linux-64], [GoogleChrome], [http://localhost:4444/wd/hub], Headless Execution. @14-02-2021 01:33:26.0227 AM
[ReportManager] Successfully Opened [GoogleChrome]. @14-02-2021 01:33:26.0455 A

################################################################################################################################################
Starting Execution:	[68 out of 134] test cases in the current suite
Test Method:		[testPackage01.Test_IsElementClickable.testIsElementClickable]
################################################################################################################################################
[ReportManager] Target URL: [https://the-internet.herokuapp.com/] @14-02-2021 01:33:26.0470 AM
[ReportManager] Initial URL: [data:,] @14-02-2021 01:33:26.0517 AM
[ReportManager] Browser Action [navigateToURL] successfully performed. With the following test data [https://the-internet.herokuapp.com/]. @14-02-2021 01:33:26.0865 AM
[ReportManager] Element Action [isElementClickable] successfully performed. @14-02-2021 01:33:27.0024 AM
[ReportManager] AssertTrue PASSED; Expected [TRUE] and Actual [TRUE]. Validation Type [POSITIVE]. @14-02-2021 01:33:27.0024 A
[ReportManager] Successfully created attachment [Selenium WebDriver Logs - server] @14-02-2021 01:33:27.0077 AM
[ReportManager] Successfully created attachment [Selenium WebDriver Logs - performance] @14-02-2021 01:33:27.0096 AM
[ReportManager] Successfully created attachment [Selenium WebDriver Logs - browser] @14-02-2021 01:33:27.0101 AM
[ReportManager] Successfully created attachment [Selenium WebDriver Logs - driver] @14-02-2021 01:33:27.0153 AM
[ReportManager] Browser Action [closeCurrentWindow] successfully performed. @14-02-2021 01:33:27.0210 AM
[ReportManager] Successfully created attachment [Browser Action Test Data - closeCurrentWindow - Actual Value] @14-02-2021 01:33:27.0211 A

################################################################################################################################################
Starting Execution:	[69 out of 134] test cases in the current suite
Test Method:		[testPackage01.Test_JsonActions.f]
###############################################################################################################################################

################################################################################################################################################
Starting Execution:	[70 out of 134] test cases in the current suite
Test Method:		[testPackage01.Test_JsonActions.f2]
###############################################################################################################################################

################################################################################################################################################
Starting Execution:	[71 out of 134] test cases in the current suite
Test Method:		[testPackage01.Test_SkipDueToIssue.doNotSkip]
################################################################################################################################################
[ReportManager] This should not be skipped. @14-02-2021 01:33:27.0275 A

################################################################################################################################################
Starting Execution:	[72 out of 134] test cases in the current suite
Test Method:		[testPackage01.Test_SkipDueToIssue.skip]
################################################################################################################################################
[ReportManager] This should be skipped. @14-02-2021 01:33:27.0280 A

################################################################################################################################################
Starting Execution:	[73 out of 134] test cases in the current suite
Test Method:		[testPackage01.Test_SkipDueToIssue.skip2]
################################################################################################################################################
[ReportManager] This should be skipped. @14-02-2021 01:33:27.0284 A

################################################################################################################################################
Starting Execution:	[74 out of 134] test cases in the current suite
Test Method:		[testPackage01.Test_testData.f]
################################################################################################################################################
[ReportManager] Successfully loaded the following test data file [src/test/resources/TestDataFiles/testSuite01/TestData.xlsx]. @14-02-2021 01:33:27.0314 AM
[ReportManager] Successfully created attachment [Test Data - Excel] @14-02-2021 01:33:27.0314 AM
[ReportManager] Last Column Number is: [3]. Zero-based. @14-02-2021 01:33:27.0315 A
[ReportManager] File Action [getAbsolutePath] successfully performed. With the following test data [Relative Folder Path: "target/downloadedFiles/"]. @14-02-2021 01:33:27.0321 AM
[ReportManager] Attempting to run remotely on: [Linux-64], [GoogleChrome], [http://localhost:4444/wd/hub], Headless Execution. @14-02-2021 01:33:27.0322 AM
[ReportManager] Successfully Opened [GoogleChrome]. @14-02-2021 01:33:27.0569 A

################################################################################################################################################
Starting Execution:	[75 out of 134] test cases in the current suite
Test Method:		[testPackage01.Test_assertEquals.test_assertElementAttribute]
################################################################################################################################################
[ReportManager] Target URL: [https://www.google.com/ncr], and after redirection: [https://www.google.com] @14-02-2021 01:33:27.0587 AM
[ReportManager] Initial URL: [data:,] @14-02-2021 01:33:27.0633 AM
[ReportManager] Browser Action [navigateToURL] successfully performed. With the following test data [https://www.google.com/ncr]. @14-02-2021 01:33:28.0414 AM
[ReportManager] Element Action [type] successfully performed. With the following test data [INC_004010050:Another SCHEDULER with the same name [Duplicate Job Name] already exists.]. @14-02-2021 01:33:30.0409 AM
[ReportManager] Element Action [getText] successfully performed. With the following test data [INC_004010050:Another SCHEDULER with the same name [Duplicate Job Name] already exists.]. @14-02-2021 01:33:30.0529 AM
[ReportManager] Loaded Shared OpenCV @14-02-2021 01:33:30.0658 AM
[ReportManager] AssertElementAttribute PASSED; Expected [Value Should be 'INC_004010050:Another SCHEDULER with the same name \[Duplicate Job Name\] already exists.' for the 'text' attribute, element locator 'By.name: q'] and Actual [INC_004010050:Another SCHEDULER with the same name [Duplicate Job Name] already exists.]. Comparison Type [MATCHES]. Validation Type [POSITIVE]. @14-02-2021 01:33:30.0734 AM
[ReportManager] Successfully created attachment [Screenshot - 1613266410658_test_assertElementAttribute_AssertElementAttribute_passed] @14-02-2021 01:33:30.0735 A
[ReportManager] Successfully created attachment [Selenium WebDriver Logs - server] @14-02-2021 01:33:30.0818 AM
[ReportManager] Successfully created attachment [Selenium WebDriver Logs - performance] @14-02-2021 01:33:31.0171 AM
[ReportManager] Successfully created attachment [Selenium WebDriver Logs - driver] @14-02-2021 01:33:31.0540 AM
[ReportManager] Browser Action [closeCurrentWindow] successfully performed. @14-02-2021 01:33:31.0604 AM
[ReportManager] Successfully created attachment [Browser Action Test Data - closeCurrentWindow - Actual Value] @14-02-2021 01:33:31.0605 A

################################################################################################################################################
Starting Execution:	[76 out of 134] test cases in the current suite
Test Method:		[testPackage01.Test_JsonCompareWithSpecialCharacters.specialCharacters]
################################################################################################################################################
[ReportManager] File Action [getAbsolutePath] successfully performed. With the following test data [Relative Folder Path: "src/test/resources/TestJsonFiles/specialCharacters.json"]. @14-02-2021 01:33:31.0618 AM
[ReportManager] File Action [readFromFile] successfully performed. With the following test data [File Path: "/home/runner/work/SHAFT_ENGINE/SHAFT_ENGINE/src/test/resources/TestJsonFiles/specialCharacters.json"]. @14-02-2021 01:33:31.0619 AM
[ReportManager] Successfully created attachment [File Action Actual Result - Command Log] @14-02-2021 01:33:31.0619 AM
[ReportManager] Comparing the provided API response with the file at this path "src/test/resources/TestJsonFiles/specialCharacters.json", comparison type "EQUALS" @14-02-2021 01:33:31.0619 AM
[ReportManager] API Action [compareJSON] successfully performed. With the following test data [src/test/resources/TestJsonFiles/specialCharacters.json]. @14-02-2021 01:33:31.0631 AM
[ReportManager] File Action [getAbsolutePath] successfully performed. With the following test data [Relative Folder Path: "src/test/resources/TestJsonFiles/specialCharacters.json"]. @14-02-2021 01:33:31.0633 AM
[ReportManager] File Action [readFromFile] successfully performed. With the following test data [File Path: "/home/runner/work/SHAFT_ENGINE/SHAFT_ENGINE/src/test/resources/TestJsonFiles/specialCharacters.json"]. @14-02-2021 01:33:31.0633 AM
[ReportManager] VerifyJSONFileContent PASSED; Expected [Response data should match the JSON File in this path 'src/test/resources/TestJsonFiles/specialCharacters.json'] and Actual [TRUE]. Comparison Type [EQUALS]. Validation Type [POSITIVE]. @14-02-2021 01:33:31.0640 AM
[ReportManager] Successfully created attachment [Validation Test Data - Expected JSON Value] @14-02-2021 01:33:31.0640 AM
[ReportManager] Successfully created attachment [Validation Test Data - Actual JSON Value] @14-02-2021 01:33:31.0641 A

################################################################################################################################################
Starting Execution:	[77 out of 134] test cases in the current suite
Test Method:		[testPackage01.Test_JsonCompareWithSpecialCharacters.specialCharacters_assertion]
################################################################################################################################################
[ReportManager] File Action [getAbsolutePath] successfully performed. With the following test data [Relative Folder Path: "src/test/resources/TestJsonFiles/specialCharacters.json"]. @14-02-2021 01:33:31.0647 AM
[ReportManager] File Action [readFromFile] successfully performed. With the following test data [File Path: "/home/runner/work/SHAFT_ENGINE/SHAFT_ENGINE/src/test/resources/TestJsonFiles/specialCharacters.json"]. @14-02-2021 01:33:31.0648 AM
[ReportManager] Successfully created attachment [File Action Actual Result - Command Log] @14-02-2021 01:33:31.0648 AM
[ReportManager] trying out the log message... @14-02-2021 01:33:31.0648 AM
[ReportManager] Comparing the provided API response with the file at this path "src/test/resources/TestJsonFiles/specialCharacters.json", comparison type "CONTAINS" @14-02-2021 01:33:31.0649 AM
[ReportManager] API Action [compareJSON] successfully performed. With the following test data [src/test/resources/TestJsonFiles/specialCharacters.json]. @14-02-2021 01:33:31.0656 AM
[ReportManager] File Action [getAbsolutePath] successfully performed. With the following test data [Relative Folder Path: "src/test/resources/TestJsonFiles/specialCharacters.json"]. @14-02-2021 01:33:31.0656 AM
[ReportManager] File Action [readFromFile] successfully performed. With the following test data [File Path: "/home/runner/work/SHAFT_ENGINE/SHAFT_ENGINE/src/test/resources/TestJsonFiles/specialCharacters.json"]. @14-02-2021 01:33:31.0657 AM
[ReportManager] AssertJSONFileContent PASSED; Expected [Response data should match the JSON File in this path 'src/test/resources/TestJsonFiles/specialCharacters.json'] and Actual [TRUE]. Comparison Type [CONTAINS]. Validation Type [POSITIVE]. @14-02-2021 01:33:31.0661 AM
[ReportManager] Successfully created attachment [Validation Test Data - Expected JSON Value] @14-02-2021 01:33:31.0661 AM
[ReportManager] Successfully created attachment [Validation Test Data - Actual JSON Value] @14-02-2021 01:33:31.0662 A

################################################################################################################################################
Starting Execution:	[78 out of 134] test cases in the current suite
Test Method:		[testPackage01.Test_JSONFileManager.readStringFromJson]
################################################################################################################################################
[ReportManager] Successfully loaded the following test data file [src/test/resources/TestDataFiles/simpleJSON.json]. @14-02-2021 01:33:31.0669 AM
[ReportManager] Successfully created attachment [Test Data - JSON] @14-02-2021 01:33:31.0670 AM
[ReportManager] AssertEquals PASSED; Expected [Mohab Mohie] and Actual [Mohab Mohie]. Comparison Type [EQUALS]. Validation Type [POSITIVE]. @14-02-2021 01:33:31.0680 A
[ReportManager] Successfully loaded the following test data file [src/test/resources/TestDataFiles/testSuite01/TestData.xlsx]. @14-02-2021 01:33:31.0732 AM
[ReportManager] Successfully created attachment [Test Data - Excel] @14-02-2021 01:33:31.0733 AM
[ReportManager] File Action [getAbsolutePath] successfully performed. With the following test data [Relative Folder Path: "target/downloadedFiles/"]. @14-02-2021 01:33:31.0733 AM
[ReportManager] Attempting to run remotely on: [Linux-64], [GoogleChrome], [http://localhost:4444/wd/hub], Headless Execution. @14-02-2021 01:33:31.0733 AM
[ReportManager] Successfully Opened [GoogleChrome]. @14-02-2021 01:33:32.0110 A

################################################################################################################################################
Starting Execution:	[79 out of 134] test cases in the current suite
Test Method:		[testPackage01.Test_google.navigateToURLandVerifyGoogleLogoIsDisplayed]
Test Description:	[TC001 - Navigate to URL and Verify Google Logo is Displayed]
################################################################################################################################################
[ReportManager] Target URL: [https://www.google.com/ncr], and after redirection: [https://www.google.com] @14-02-2021 01:33:32.0127 AM
[ReportManager] Initial URL: [data:,] @14-02-2021 01:33:32.0166 AM
[ReportManager] Browser Action [navigateToURL] successfully performed. With the following test data [https://www.google.com/ncr]. @14-02-2021 01:33:32.0912 AM
[ReportManager] Loaded Shared OpenCV @14-02-2021 01:33:33.0096 AM
[ReportManager] AssertElementExists PASSED; Expected [Element Should Exist, locator 'By.xpath: //img[@id='hplogo' or @alt='Google']'] and Actual [Element Exists]. Comparison Type [EQUALS]. Validation Type [POSITIVE]. @14-02-2021 01:33:33.0169 AM
[ReportManager] Successfully created attachment [Screenshot - 1613266413095_navigateToURLandVerifyGoogleLogoIsDisplayed_AssertElementExists_passed] @14-02-2021 01:33:33.0170 A

################################################################################################################################################
Starting Execution:	[80 out of 134] test cases in the current suite
Test Method:		[testPackage01.Test_google.searchForQueryandAssertResultsNumDisplayed]
Test Description:	[TC002 - Search for Query and Assert that the number of results is displayed]
################################################################################################################################################
[ReportManager] Element Action [type] successfully performed. With the following test data [SHAFT_Engine]. @14-02-2021 01:33:33.0720 AM
[ReportManager] Element Action [keyPress] successfully performed. With the following test data [Enter]. @14-02-2021 01:33:34.0867 AM
[ReportManager] Element Action [getText] successfully performed. With the following test data [About 707,000 results (0.56 seconds) ]. @14-02-2021 01:33:34.0963 AM
[ReportManager] Loaded Shared OpenCV @14-02-2021 01:33:35.0117 AM
[ReportManager] AssertElementAttribute PASSED; Expected [Value Should not be '' for the 'Text' attribute, element locator 'By.id: appbar'] and Actual [About 707,000 results (0.56 seconds) ]. Comparison Type [EQUALS]. Validation Type [NEGATIVE]. @14-02-2021 01:33:35.0200 AM
[ReportManager] Successfully created attachment [Screenshot - 1613266415117_searchForQueryandAssertResultsNumDisplayed_AssertElementAttribute_passed] @14-02-2021 01:33:35.0202 A

################################################################################################################################################
Starting Execution:	[81 out of 134] test cases in the current suite
Test Method:		[testPackage01.Test_google.clickNextThrice]
Test Description:	[TC003 - Clicks the next button to make sure that the framework can scroll element into view before clicking it]
################################################################################################################################################
[ReportManager] Element Action [click] successfully performed. With the following test data [Next]. @14-02-2021 01:33:36.0442 A
[ReportManager] Successfully created attachment [Selenium WebDriver Logs - server] @14-02-2021 01:33:36.0606 AM
[ReportManager] Successfully created attachment [Selenium WebDriver Logs - performance] @14-02-2021 01:33:36.0813 AM
[ReportManager] Successfully created attachment [Selenium WebDriver Logs - driver] @14-02-2021 01:33:37.0167 AM
[ReportManager] Browser Action [closeCurrentWindow] successfully performed. @14-02-2021 01:33:37.0231 AM
[ReportManager] Successfully created attachment [Browser Action Test Data - closeCurrentWindow - Actual Value] @14-02-2021 01:33:37.0243 A
[ReportManager] File Action [getAbsolutePath] successfully performed. With the following test data [Relative Folder Path: "target/downloadedFiles/"]. @14-02-2021 01:33:37.0245 AM
[ReportManager] Attempting to run remotely on: [Linux-64], [GoogleChrome], [http://localhost:4444/wd/hub], Headless Execution. @14-02-2021 01:33:37.0245 AM
[ReportManager] Successfully Opened [GoogleChrome]. @14-02-2021 01:33:37.0515 A

################################################################################################################################################
Starting Execution:	[82 out of 134] test cases in the current suite
Test Method:		[testPackage01.Test_dragAndDrop.dragAndDropJquery]
################################################################################################################################################
[ReportManager] Target URL: [https://jqueryui.com/resources/demos/droppable/default.html] @14-02-2021 01:33:37.0535 AM
[ReportManager] Initial URL: [data:,] @14-02-2021 01:33:37.0580 AM
[ReportManager] Browser Action [navigateToURL] successfully performed. With the following test data [https://jqueryui.com/resources/demos/droppable/default.html]. @14-02-2021 01:33:37.0931 AM
[ReportManager] Element Action [getText] successfully performed. With the following test data [Drop here]. @14-02-2021 01:33:38.0033 AM
[ReportManager] Element Action [dragAndDrop] successfully performed. With the following test data [Start point: (8, 18), End point: (8, 18)]. @14-02-2021 01:33:39.0419 AM
[ReportManager] Element Action [getText] successfully performed. With the following test data [Dropped!]. @14-02-2021 01:33:39.0496 AM
[ReportManager] Checking to see if the text has changed after performing drag and drop... @14-02-2021 01:33:39.0496 AM
[ReportManager] AssertEquals PASSED; Expected [Drop here] and Actual [Dropped!]. Comparison Type [EQUALS]. Validation Type [NEGATIVE]. @14-02-2021 01:33:39.0496 A
[ReportManager] Successfully created attachment [Selenium WebDriver Logs - server] @14-02-2021 01:33:39.0548 AM
[ReportManager] Successfully created attachment [Selenium WebDriver Logs - performance] @14-02-2021 01:33:39.0562 AM
[ReportManager] Successfully created attachment [Selenium WebDriver Logs - driver] @14-02-2021 01:33:39.0643 AM
[ReportManager] Browser Action [closeCurrentWindow] successfully performed. @14-02-2021 01:33:39.0699 AM
[ReportManager] Successfully created attachment [Browser Action Test Data - closeCurrentWindow - Actual Value] @14-02-2021 01:33:39.0700 A
[ReportManager] File Action [getAbsolutePath] successfully performed. With the following test data [Relative Folder Path: "target/downloadedFiles/"]. @14-02-2021 01:33:39.0702 AM
[ReportManager] Attempting to run remotely on: [Linux-64], [GoogleChrome], [http://localhost:4444/wd/hub], Headless Execution. @14-02-2021 01:33:39.0702 AM
[ReportManager] Successfully Opened [GoogleChrome]. @14-02-2021 01:33:40.0050 A

################################################################################################################################################
Starting Execution:	[83 out of 134] test cases in the current suite
Test Method:		[testPackage01.Test_dragAndDrop.dragAndDrop]
Test Description:	[TC001 - Test Drag and Drop function.]
################################################################################################################################################
[ReportManager] Target URL: [http://the-internet.herokuapp.com/drag_and_drop] @14-02-2021 01:33:40.0081 AM
[ReportManager] Initial URL: [data:,] @14-02-2021 01:33:40.0133 AM
[ReportManager] Browser Action [navigateToURL] successfully performed. With the following test data [http://the-internet.herokuapp.com/drag_and_drop]. @14-02-2021 01:33:40.0439 AM
[ReportManager] Attempting Drag and Drop @14-02-2021 01:33:40.0439 AM
[ReportManager] Element Action [dragAndDrop] successfully performed. With the following test data [Start point: (32, 89), End point: (247, 89)]. @14-02-2021 01:33:41.0679 A
[ReportManager] Successfully created attachment [Selenium WebDriver Logs - server] @14-02-2021 01:33:41.0730 AM
[ReportManager] Successfully created attachment [Selenium WebDriver Logs - performance] @14-02-2021 01:33:41.0750 AM
[ReportManager] Successfully created attachment [Selenium WebDriver Logs - browser] @14-02-2021 01:33:41.0756 AM
[ReportManager] Successfully created attachment [Selenium WebDriver Logs - driver] @14-02-2021 01:33:41.0816 AM
[ReportManager] Browser Action [closeCurrentWindow] successfully performed. @14-02-2021 01:33:41.0872 AM
[ReportManager] Successfully created attachment [Browser Action Test Data - closeCurrentWindow - Actual Value] @14-02-2021 01:33:41.0872 A
[ReportManager] File Action [getAbsolutePath] successfully performed. With the following test data [Relative Folder Path: "target/downloadedFiles/"]. @14-02-2021 01:33:41.0876 AM
[ReportManager] Attempting to run remotely on: [Linux-64], [GoogleChrome], [http://localhost:4444/wd/hub], Headless Execution. @14-02-2021 01:33:41.0876 AM
[ReportManager] Successfully Opened [GoogleChrome]. @14-02-2021 01:33:42.0110 A

################################################################################################################################################
Starting Execution:	[84 out of 134] test cases in the current suite
Test Method:		[testPackage01.Test_dragAndDrop.dragAndDropByOffset]
Test Description:	[TC002 - Test Drag and Drop by offset function.]
################################################################################################################################################
[ReportManager] Target URL: [https://jqueryui.com/resources/demos/draggable/default.html] @14-02-2021 01:33:42.0125 AM
[ReportManager] Initial URL: [data:,] @14-02-2021 01:33:42.0178 AM
[ReportManager] Browser Action [navigateToURL] successfully performed. With the following test data [https://jqueryui.com/resources/demos/draggable/default.html]. @14-02-2021 01:33:42.0493 AM
[ReportManager] Element Action [dragAndDropByOffset] successfully performed. With the following test data [Start point: (8, 8), End point: (1008, 108)]. @14-02-2021 01:33:42.0676 A
[ReportManager] Successfully created attachment [Selenium WebDriver Logs - server] @14-02-2021 01:33:42.0723 AM
[ReportManager] Successfully created attachment [Selenium WebDriver Logs - performance] @14-02-2021 01:33:42.0735 AM
[ReportManager] Successfully created attachment [Selenium WebDriver Logs - driver] @14-02-2021 01:33:42.0785 AM
[ReportManager] Browser Action [closeCurrentWindow] successfully performed. @14-02-2021 01:33:42.0842 AM
[ReportManager] Successfully created attachment [Browser Action Test Data - closeCurrentWindow - Actual Value] @14-02-2021 01:33:42.0842 A
[ReportManager] File Action [getAbsolutePath] successfully performed. With the following test data [Relative Folder Path: "target/downloadedFiles/"]. @14-02-2021 01:33:42.0845 AM
[ReportManager] Attempting to run remotely on: [Linux-64], [GoogleChrome], [http://localhost:4444/wd/hub], Headless Execution. @14-02-2021 01:33:42.0845 AM
[ReportManager] Successfully Opened [GoogleChrome]. @14-02-2021 01:33:43.0087 A

################################################################################################################################################
Starting Execution:	[85 out of 134] test cases in the current suite
Test Method:		[testPackage01.Test_verifyEquals.test_assertElementAttribute]
################################################################################################################################################
[ReportManager] Target URL: [https://www.google.com/ncr], and after redirection: [https://www.google.com] @14-02-2021 01:33:43.0165 AM
[ReportManager] Initial URL: [data:,] @14-02-2021 01:33:43.0210 AM
[ReportManager] Browser Action [navigateToURL] successfully performed. With the following test data [https://www.google.com/ncr]. @14-02-2021 01:33:44.0005 AM
[ReportManager] Element Action [type] successfully performed. With the following test data [INC_004010050:Another SCHEDULER with the same name [Duplicate Job Name] already exists.]. @14-02-2021 01:33:46.0105 AM
[ReportManager] Element Action [getText] successfully performed. With the following test data [INC_004010050:Another SCHEDULER with the same name [Duplicate Job Name] already exists.]. @14-02-2021 01:33:46.0225 AM
[ReportManager] Loaded Shared OpenCV @14-02-2021 01:33:46.0369 AM
[ReportManager] VerifyElementAttribute PASSED; Expected [Value Should be 'INC_004010050:Another SCHEDULER with the same name \[Duplicate Job Name\] already exists.' for the 'text' attribute, element locator 'By.name: q'] and Actual [INC_004010050:Another SCHEDULER with the same name [Duplicate Job Name] already exists.]. Comparison Type [MATCHES]. Validation Type [POSITIVE]. @14-02-2021 01:33:46.0445 AM
[ReportManager] Successfully created attachment [Screenshot - 1613266426369_test_assertElementAttribute_VerifyElementAttribute_passed] @14-02-2021 01:33:46.0446 A
[ReportManager] Successfully created attachment [Selenium WebDriver Logs - server] @14-02-2021 01:33:46.0533 AM
[ReportManager] Successfully created attachment [Selenium WebDriver Logs - performance] @14-02-2021 01:33:46.0897 AM
[ReportManager] Successfully created attachment [Selenium WebDriver Logs - driver] @14-02-2021 01:33:47.0252 AM
[ReportManager] Browser Action [closeCurrentWindow] successfully performed. @14-02-2021 01:33:47.0316 AM
[ReportManager] Successfully created attachment [Browser Action Test Data - closeCurrentWindow - Actual Value] @14-02-2021 01:33:47.0317 A

################################################################################################################################################
Starting Execution:	[86 out of 134] test cases in the current suite
Test Method:		[testPackage01.Test_NewValidationActions.f1]
################################################################################################################################################
[ReportManager] Checking valid user data... @14-02-2021 01:33:47.0347 AM
[ReportManager] AssertEquals PASSED; Expected and Actual values are attached. Comparison Type [EQUALS]. Validation Type [POSITIVE]. @14-02-2021 01:33:47.0347 AM
[ReportManager] Successfully created attachment [Validation Test Data - Expected Value] @14-02-2021 01:33:47.0347 AM
[ReportManager] Successfully created attachment [Validation Test Data - Actual Value] @14-02-2021 01:33:47.0348 A
[ReportManager] File Action [getAbsolutePath] successfully performed. With the following test data [Relative Folder Path: "target/downloadedFiles/"]. @14-02-2021 01:33:47.0352 AM
[ReportManager] Attempting to run remotely on: [Linux-64], [GoogleChrome], [http://localhost:4444/wd/hub], Headless Execution. @14-02-2021 01:33:47.0353 AM
[ReportManager] Successfully Opened [GoogleChrome]. @14-02-2021 01:33:47.0652 AM
[ReportManager] Target URL: [https://the-internet.herokuapp.com/] @14-02-2021 01:33:47.0663 AM
[ReportManager] Initial URL: [data:,] @14-02-2021 01:33:47.0703 AM
[ReportManager] Browser Action [navigateToURL] successfully performed. With the following test data [https://the-internet.herokuapp.com/]. @14-02-2021 01:33:48.0067 A

################################################################################################################################################
Starting Execution:	[87 out of 134] test cases in the current suite
Test Method:		[testPackage01.Test_NewValidationActions.f10]
################################################################################################################################################
[ReportManager] AssertElementExists FAILED; Expected [Element Should Exist, locator 'By.tagName: div'] and Actual [Element Exists but is not unique]. Comparison Type [EQUALS]. Validation Type [POSITIVE]. @14-02-2021 01:33:48.0297 AM
[ReportManager] Successfully created attachment [Screenshot - 1613266428231_f10_AssertElementExists_failed] @14-02-2021 01:33:48.0298 A
[ReportManager] Successfully created attachment [Selenium WebDriver Logs - server] @14-02-2021 01:33:48.0309 AM
[ReportManager] Successfully created attachment [Selenium WebDriver Logs - performance] @14-02-2021 01:33:48.0330 AM
[ReportManager] Successfully created attachment [Selenium WebDriver Logs - browser] @14-02-2021 01:33:48.0335 AM
[ReportManager] Successfully created attachment [Selenium WebDriver Logs - driver] @14-02-2021 01:33:48.0388 AM
[ReportManager] Successfully Closed All Browsers. @14-02-2021 01:33:48.0459 A
[ReportManager] File Action [getAbsolutePath] successfully performed. With the following test data [Relative Folder Path: "target/downloadedFiles/"]. @14-02-2021 01:33:48.0461 AM
[ReportManager] Attempting to run remotely on: [Linux-64], [GoogleChrome], [http://localhost:4444/wd/hub], Headless Execution. @14-02-2021 01:33:48.0461 AM
[ReportManager] Successfully Opened [GoogleChrome]. @14-02-2021 01:33:48.0658 AM
[ReportManager] Target URL: [https://the-internet.herokuapp.com/] @14-02-2021 01:33:48.0684 AM
[ReportManager] Initial URL: [data:,] @14-02-2021 01:33:48.0722 AM
[ReportManager] Browser Action [navigateToURL] successfully performed. With the following test data [https://the-internet.herokuapp.com/]. @14-02-2021 01:33:49.0253 A

################################################################################################################################################
Starting Execution:	[88 out of 134] test cases in the current suite
Test Method:		[testPackage01.Test_NewValidationActions.f11]
################################################################################################################################################
[ReportManager] Checking that false tag doesn't exist... @14-02-2021 01:33:49.0256 AM
[ReportManager] AssertElementExists PASSED; Expected [Element Should not Exist, locator 'By.tagName: h3'] and Actual [Element Doesn't Exists]. Comparison Type [EQUALS]. Validation Type [NEGATIVE]. @14-02-2021 01:33:49.0495 AM
[ReportManager] Successfully created attachment [Screenshot - 1613266429421_f11_AssertElementExists_passed] @14-02-2021 01:33:49.0495 A
[ReportManager] Successfully created attachment [Selenium WebDriver Logs - server] @14-02-2021 01:33:49.0507 AM
[ReportManager] Successfully created attachment [Selenium WebDriver Logs - performance] @14-02-2021 01:33:49.0525 AM
[ReportManager] Successfully created attachment [Selenium WebDriver Logs - browser] @14-02-2021 01:33:49.0531 AM
[ReportManager] Successfully created attachment [Selenium WebDriver Logs - driver] @14-02-2021 01:33:49.0578 AM
[ReportManager] Successfully Closed All Browsers. @14-02-2021 01:33:49.0658 A
[ReportManager] File Action [getAbsolutePath] successfully performed. With the following test data [Relative Folder Path: "target/downloadedFiles/"]. @14-02-2021 01:33:49.0662 AM
[ReportManager] Attempting to run remotely on: [Linux-64], [GoogleChrome], [http://localhost:4444/wd/hub], Headless Execution. @14-02-2021 01:33:49.0662 AM
[ReportManager] Successfully Opened [GoogleChrome]. @14-02-2021 01:33:49.0872 AM
[ReportManager] Target URL: [https://the-internet.herokuapp.com/] @14-02-2021 01:33:49.0882 AM
[ReportManager] Initial URL: [data:,] @14-02-2021 01:33:49.0920 AM
[ReportManager] Browser Action [navigateToURL] successfully performed. With the following test data [https://the-internet.herokuapp.com/]. @14-02-2021 01:33:50.0270 A

################################################################################################################################################
Starting Execution:	[89 out of 134] test cases in the current suite
Test Method:		[testPackage01.Test_NewValidationActions.f12]
################################################################################################################################################
[ReportManager] Loaded Shared OpenCV @14-02-2021 01:33:50.0500 AM
[ReportManager] AssertElementExists FAILED; Expected [Element Should not Exist, locator 'By.tagName: h1'] and Actual [Element Exists]. Comparison Type [EQUALS]. Validation Type [NEGATIVE]. @14-02-2021 01:33:50.0581 AM
[ReportManager] Successfully created attachment [Screenshot - 1613266430500_f12_AssertElementExists_failed] @14-02-2021 01:33:50.0582 A
[ReportManager] Successfully created attachment [Selenium WebDriver Logs - server] @14-02-2021 01:33:50.0596 AM
[ReportManager] Successfully created attachment [Selenium WebDriver Logs - performance] @14-02-2021 01:33:50.0615 AM
[ReportManager] Successfully created attachment [Selenium WebDriver Logs - browser] @14-02-2021 01:33:50.0620 AM
[ReportManager] Successfully created attachment [Selenium WebDriver Logs - driver] @14-02-2021 01:33:50.0675 AM
[ReportManager] Successfully Closed All Browsers. @14-02-2021 01:33:50.0751 A
[ReportManager] File Action [getAbsolutePath] successfully performed. With the following test data [Relative Folder Path: "target/downloadedFiles/"]. @14-02-2021 01:33:50.0752 AM
[ReportManager] Attempting to run remotely on: [Linux-64], [GoogleChrome], [http://localhost:4444/wd/hub], Headless Execution. @14-02-2021 01:33:50.0753 AM
[ReportManager] Successfully Opened [GoogleChrome]. @14-02-2021 01:33:50.0953 AM
[ReportManager] Target URL: [https://the-internet.herokuapp.com/] @14-02-2021 01:33:50.0966 AM
[ReportManager] Initial URL: [data:,] @14-02-2021 01:33:51.0009 AM
[ReportManager] Browser Action [navigateToURL] successfully performed. With the following test data [https://the-internet.herokuapp.com/]. @14-02-2021 01:33:51.0342 A

################################################################################################################################################
Starting Execution:	[90 out of 134] test cases in the current suite
Test Method:		[testPackage01.Test_NewValidationActions.f13]
################################################################################################################################################
[ReportManager] AssertElementExists FAILED; Expected [Element Should not Exist, locator 'By.tagName: div'] and Actual [Element Exists but is not unique]. Comparison Type [EQUALS]. Validation Type [NEGATIVE]. @14-02-2021 01:33:51.0580 AM
[ReportManager] Successfully created attachment [Screenshot - 1613266431517_f13_AssertElementExists_failed] @14-02-2021 01:33:51.0581 A
[ReportManager] Successfully created attachment [Selenium WebDriver Logs - server] @14-02-2021 01:33:51.0591 AM
[ReportManager] Successfully created attachment [Selenium WebDriver Logs - performance] @14-02-2021 01:33:51.0610 AM
[ReportManager] Successfully created attachment [Selenium WebDriver Logs - browser] @14-02-2021 01:33:51.0615 AM
[ReportManager] Successfully created attachment [Selenium WebDriver Logs - driver] @14-02-2021 01:33:51.0665 AM
[ReportManager] Successfully Closed All Browsers. @14-02-2021 01:33:51.0743 A
[ReportManager] File Action [getAbsolutePath] successfully performed. With the following test data [Relative Folder Path: "target/downloadedFiles/"]. @14-02-2021 01:33:51.0746 AM
[ReportManager] Attempting to run remotely on: [Linux-64], [GoogleChrome], [http://localhost:4444/wd/hub], Headless Execution. @14-02-2021 01:33:51.0746 AM
[ReportManager] Successfully Opened [GoogleChrome]. @14-02-2021 01:33:51.0938 AM
[ReportManager] Target URL: [https://the-internet.herokuapp.com/] @14-02-2021 01:33:51.0951 AM
[ReportManager] Initial URL: [data:,] @14-02-2021 01:33:51.0998 AM
[ReportManager] Browser Action [navigateToURL] successfully performed. With the following test data [https://the-internet.herokuapp.com/]. @14-02-2021 01:33:52.0333 A

################################################################################################################################################
Starting Execution:	[91 out of 134] test cases in the current suite
Test Method:		[testPackage01.Test_NewValidationActions.f14]
################################################################################################################################################
[ReportManager] Asserting that the header text is correct... @14-02-2021 01:33:52.0339 AM
[ReportManager] Element Action [getText] successfully performed. With the following test data [Welcome to the-internet]. @14-02-2021 01:33:52.0440 AM
[ReportManager] Loaded Shared OpenCV @14-02-2021 01:33:52.0582 AM
[ReportManager] AssertElementAttribute PASSED; Expected [Value Should be 'Welcome to the-internet' for the 'text' attribute, element locator 'By.tagName: h1'] and Actual [Welcome to the-internet]. Comparison Type [EQUALS]. Validation Type [POSITIVE]. @14-02-2021 01:33:52.0659 AM
[ReportManager] Successfully created attachment [Screenshot - 1613266432582_f14_AssertElementAttribute_passed] @14-02-2021 01:33:52.0660 A
[ReportManager] Successfully created attachment [Selenium WebDriver Logs - server] @14-02-2021 01:33:52.0678 AM
[ReportManager] Successfully created attachment [Selenium WebDriver Logs - performance] @14-02-2021 01:33:52.0696 AM
[ReportManager] Successfully created attachment [Selenium WebDriver Logs - browser] @14-02-2021 01:33:52.0705 AM
[ReportManager] Successfully created attachment [Selenium WebDriver Logs - driver] @14-02-2021 01:33:52.0756 AM
[ReportManager] Successfully Closed All Browsers. @14-02-2021 01:33:52.0830 A
[ReportManager] File Action [getAbsolutePath] successfully performed. With the following test data [Relative Folder Path: "target/downloadedFiles/"]. @14-02-2021 01:33:52.0833 AM
[ReportManager] Attempting to run remotely on: [Linux-64], [GoogleChrome], [http://localhost:4444/wd/hub], Headless Execution. @14-02-2021 01:33:52.0833 AM
[ReportManager] Successfully Opened [GoogleChrome]. @14-02-2021 01:33:53.0057 AM
[ReportManager] Target URL: [https://the-internet.herokuapp.com/] @14-02-2021 01:33:53.0068 AM
[ReportManager] Initial URL: [data:,] @14-02-2021 01:33:53.0118 AM
[ReportManager] Browser Action [navigateToURL] successfully performed. With the following test data [https://the-internet.herokuapp.com/]. @14-02-2021 01:33:53.0441 A

################################################################################################################################################
Starting Execution:	[92 out of 134] test cases in the current suite
Test Method:		[testPackage01.Test_NewValidationActions.f15]
################################################################################################################################################
[ReportManager] Element Action [getText] successfully performed. With the following test data [Welcome to the-internet]. @14-02-2021 01:33:53.0532 AM
[ReportManager] Loaded Shared OpenCV @14-02-2021 01:33:53.0685 AM
[ReportManager] AssertElementAttribute FAILED; Expected [Value Should not be 'Welcome' for the 'text' attribute, element locator 'By.tagName: h1'] and Actual [Welcome to the-internet]. Comparison Type [CONTAINS]. Validation Type [NEGATIVE]. @14-02-2021 01:33:53.0762 AM
[ReportManager] Successfully created attachment [Screenshot - 1613266433685_f15_AssertElementAttribute_failed] @14-02-2021 01:33:53.0763 A
[ReportManager] Successfully created attachment [Selenium WebDriver Logs - server] @14-02-2021 01:33:53.0776 AM
[ReportManager] Successfully created attachment [Selenium WebDriver Logs - performance] @14-02-2021 01:33:53.0795 AM
[ReportManager] Successfully created attachment [Selenium WebDriver Logs - browser] @14-02-2021 01:33:53.0801 AM
[ReportManager] Successfully created attachment [Selenium WebDriver Logs - driver] @14-02-2021 01:33:53.0854 AM
[ReportManager] Successfully Closed All Browsers. @14-02-2021 01:33:53.0933 A
[ReportManager] File Action [getAbsolutePath] successfully performed. With the following test data [Relative Folder Path: "target/downloadedFiles/"]. @14-02-2021 01:33:53.0934 AM
[ReportManager] Attempting to run remotely on: [Linux-64], [GoogleChrome], [http://localhost:4444/wd/hub], Headless Execution. @14-02-2021 01:33:53.0934 AM
[ReportManager] Successfully Opened [GoogleChrome]. @14-02-2021 01:33:54.0128 AM
[ReportManager] Target URL: [https://the-internet.herokuapp.com/] @14-02-2021 01:33:54.0138 AM
[ReportManager] Initial URL: [data:,] @14-02-2021 01:33:54.0175 AM
[ReportManager] Browser Action [navigateToURL] successfully performed. With the following test data [https://the-internet.herokuapp.com/]. @14-02-2021 01:33:54.0589 A

################################################################################################################################################
Starting Execution:	[93 out of 134] test cases in the current suite
Test Method:		[testPackage01.Test_NewValidationActions.f16]
################################################################################################################################################
[ReportManager] Element Action [identifyUniqueElement] failed. With the following test data [zero elements found matching this locator "By.tagName: h3".]. @14-02-2021 01:33:54.0863 AM
[ReportManager] Successfully created attachment [Screenshot - 1613266434803_f16_identifyUniqueElement_failed] @14-02-2021 01:33:54.0864 AM
[ReportManager] AssertElementAttribute FAILED; Expected [Value Should not be 'Welcome' for the 'text' attribute, element locator 'By.tagName: h3'] and Actual [Failed to read the desired element attribute]. Comparison Type [CONTAINS]. Validation Type [NEGATIVE]. @14-02-2021 01:33:54.0864 A
[ReportManager] Successfully created attachment [Selenium WebDriver Logs - server] @14-02-2021 01:33:54.0876 AM
[ReportManager] Successfully created attachment [Selenium WebDriver Logs - performance] @14-02-2021 01:33:54.0894 AM
[ReportManager] Successfully created attachment [Selenium WebDriver Logs - browser] @14-02-2021 01:33:54.0899 AM
[ReportManager] Successfully created attachment [Selenium WebDriver Logs - driver] @14-02-2021 01:33:54.0946 AM
[ReportManager] Successfully Closed All Browsers. @14-02-2021 01:33:55.0024 A
[ReportManager] File Action [getAbsolutePath] successfully performed. With the following test data [Relative Folder Path: "target/downloadedFiles/"]. @14-02-2021 01:33:55.0026 AM
[ReportManager] Attempting to run remotely on: [Linux-64], [GoogleChrome], [http://localhost:4444/wd/hub], Headless Execution. @14-02-2021 01:33:55.0026 AM
[ReportManager] Successfully Opened [GoogleChrome]. @14-02-2021 01:33:55.0264 AM
[ReportManager] Target URL: [https://the-internet.herokuapp.com/] @14-02-2021 01:33:55.0275 AM
[ReportManager] Initial URL: [data:,] @14-02-2021 01:33:55.0316 AM
[ReportManager] Browser Action [navigateToURL] successfully performed. With the following test data [https://the-internet.herokuapp.com/]. @14-02-2021 01:33:55.0659 A

################################################################################################################################################
Starting Execution:	[94 out of 134] test cases in the current suite
Test Method:		[testPackage01.Test_NewValidationActions.f17]
################################################################################################################################################
[ReportManager] Attempting to getAttribute [text2] from elementLocator [By.tagName: h1]. @14-02-2021 01:33:55.0662 AM
[ReportManager] Element Action [getAttribute] successfully performed. @14-02-2021 01:33:55.0766 AM
[ReportManager] Loaded Shared OpenCV @14-02-2021 01:33:55.0909 AM
[ReportManager] AssertElementAttribute PASSED; Expected [Value Should not be 'Welcome' for the 'text2' attribute, element locator 'By.tagName: h1'] and Actual [null]. Comparison Type [CONTAINS]. Validation Type [NEGATIVE]. @14-02-2021 01:33:55.0986 AM
[ReportManager] Successfully created attachment [Screenshot - 1613266435908_f17_AssertElementAttribute_passed] @14-02-2021 01:33:55.0987 A
[ReportManager] Successfully created attachment [Selenium WebDriver Logs - server] @14-02-2021 01:33:55.0999 AM
[ReportManager] Successfully created attachment [Selenium WebDriver Logs - performance] @14-02-2021 01:33:56.0016 AM
[ReportManager] Successfully created attachment [Selenium WebDriver Logs - browser] @14-02-2021 01:33:56.0021 AM
[ReportManager] Successfully created attachment [Selenium WebDriver Logs - driver] @14-02-2021 01:33:56.0070 AM
[ReportManager] Successfully Closed All Browsers. @14-02-2021 01:33:56.0145 A
[ReportManager] File Action [getAbsolutePath] successfully performed. With the following test data [Relative Folder Path: "target/downloadedFiles/"]. @14-02-2021 01:33:56.0147 AM
[ReportManager] Attempting to run remotely on: [Linux-64], [GoogleChrome], [http://localhost:4444/wd/hub], Headless Execution. @14-02-2021 01:33:56.0147 AM
[ReportManager] Successfully Opened [GoogleChrome]. @14-02-2021 01:33:56.0338 AM
[ReportManager] Target URL: [https://the-internet.herokuapp.com/] @14-02-2021 01:33:56.0351 AM
[ReportManager] Initial URL: [data:,] @14-02-2021 01:33:56.0389 AM
[ReportManager] Browser Action [navigateToURL] successfully performed. With the following test data [https://the-internet.herokuapp.com/]. @14-02-2021 01:33:56.0762 A

################################################################################################################################################
Starting Execution:	[95 out of 134] test cases in the current suite
Test Method:		[testPackage01.Test_NewValidationActions.f18]
################################################################################################################################################
[ReportManager] Element Action [getText] successfully performed. With the following test data [Welcome to the-internet]. @14-02-2021 01:33:56.0859 AM
[ReportManager] Loaded Shared OpenCV @14-02-2021 01:33:56.0995 AM
[ReportManager] AssertElementAttribute PASSED; Expected [Value Should not be 'no' for the 'text' attribute, element locator 'By.tagName: h1'] and Actual [Welcome to the-internet]. Comparison Type [CONTAINS]. Validation Type [NEGATIVE]. @14-02-2021 01:33:57.0071 AM
[ReportManager] Successfully created attachment [Screenshot - 1613266436995_f18_AssertElementAttribute_passed] @14-02-2021 01:33:57.0072 A
[ReportManager] Successfully created attachment [Selenium WebDriver Logs - server] @14-02-2021 01:33:57.0083 AM
[ReportManager] Successfully created attachment [Selenium WebDriver Logs - performance] @14-02-2021 01:33:57.0100 AM
[ReportManager] Successfully created attachment [Selenium WebDriver Logs - browser] @14-02-2021 01:33:57.0105 AM
[ReportManager] Successfully created attachment [Selenium WebDriver Logs - driver] @14-02-2021 01:33:57.0152 AM
[ReportManager] Successfully Closed All Browsers. @14-02-2021 01:33:57.0225 A
[ReportManager] File Action [getAbsolutePath] successfully performed. With the following test data [Relative Folder Path: "target/downloadedFiles/"]. @14-02-2021 01:33:57.0227 AM
[ReportManager] Attempting to run remotely on: [Linux-64], [GoogleChrome], [http://localhost:4444/wd/hub], Headless Execution. @14-02-2021 01:33:57.0227 AM
[ReportManager] Successfully Opened [GoogleChrome]. @14-02-2021 01:33:57.0411 AM
[ReportManager] Target URL: [https://the-internet.herokuapp.com/] @14-02-2021 01:33:57.0422 AM
[ReportManager] Initial URL: [data:,] @14-02-2021 01:33:57.0470 AM
[ReportManager] Browser Action [navigateToURL] successfully performed. With the following test data [https://the-internet.herokuapp.com/]. @14-02-2021 01:33:57.0836 A

################################################################################################################################################
Starting Execution:	[96 out of 134] test cases in the current suite
Test Method:		[testPackage01.Test_NewValidationActions.f19]
################################################################################################################################################
[ReportManager] Element Action [getTagName] successfully performed. With the following test data [h1]. @14-02-2021 01:33:57.0948 AM
[ReportManager] Loaded Shared OpenCV @14-02-2021 01:33:58.0142 AM
[ReportManager] AssertElementAttribute PASSED; Expected [Value Should be 'h' for the 'tagname' attribute, element locator 'By.tagName: h1'] and Actual [h1]. Comparison Type [CONTAINS]. Validation Type [POSITIVE]. @14-02-2021 01:33:58.0216 AM
[ReportManager] Successfully created attachment [Screenshot - 1613266438142_f19_AssertElementAttribute_passed] @14-02-2021 01:33:58.0217 A
[ReportManager] Successfully created attachment [Selenium WebDriver Logs - server] @14-02-2021 01:33:58.0229 AM
[ReportManager] Successfully created attachment [Selenium WebDriver Logs - performance] @14-02-2021 01:33:58.0248 AM
[ReportManager] Successfully created attachment [Selenium WebDriver Logs - browser] @14-02-2021 01:33:58.0255 AM
[ReportManager] Successfully created attachment [Selenium WebDriver Logs - driver] @14-02-2021 01:33:58.0310 AM
[ReportManager] Successfully Closed All Browsers. @14-02-2021 01:33:58.0384 A

################################################################################################################################################
Starting Execution:	[97 out of 134] test cases in the current suite
Test Method:		[testPackage01.Test_NewValidationActions.f2]
################################################################################################################################################
[ReportManager] Checking valid user data... @14-02-2021 01:33:58.0390 AM
[ReportManager] AssertEquals FAILED; Expected [1] and Actual [2]. Comparison Type [EQUALS]. Validation Type [POSITIVE]. @14-02-2021 01:33:58.0391 A
[ReportManager] File Action [getAbsolutePath] successfully performed. With the following test data [Relative Folder Path: "target/downloadedFiles/"]. @14-02-2021 01:33:58.0394 AM
[ReportManager] Attempting to run remotely on: [Linux-64], [GoogleChrome], [http://localhost:4444/wd/hub], Headless Execution. @14-02-2021 01:33:58.0394 AM
[ReportManager] Successfully Opened [GoogleChrome]. @14-02-2021 01:33:58.0625 AM
[ReportManager] Target URL: [https://the-internet.herokuapp.com/] @14-02-2021 01:33:58.0649 AM
[ReportManager] Initial URL: [data:,] @14-02-2021 01:33:58.0688 AM
[ReportManager] Browser Action [navigateToURL] successfully performed. With the following test data [https://the-internet.herokuapp.com/]. @14-02-2021 01:33:59.0034 A

################################################################################################################################################
Starting Execution:	[98 out of 134] test cases in the current suite
Test Method:		[testPackage01.Test_NewValidationActions.f20]
################################################################################################################################################
[ReportManager] Element Action [getSize] successfully performed. With the following test data [(755, 61)]. @14-02-2021 01:33:59.0124 AM
[ReportManager] Loaded Shared OpenCV @14-02-2021 01:33:59.0261 AM
[ReportManager] AssertElementAttribute PASSED; Expected [Value Should not be 'a' for the 'size' attribute, element locator 'By.tagName: h1'] and Actual [(755, 61)]. Comparison Type [CONTAINS]. Validation Type [NEGATIVE]. @14-02-2021 01:33:59.0341 AM
[ReportManager] Successfully created attachment [Screenshot - 1613266439261_f20_AssertElementAttribute_passed] @14-02-2021 01:33:59.0342 A
[ReportManager] Successfully created attachment [Selenium WebDriver Logs - server] @14-02-2021 01:33:59.0353 AM
[ReportManager] Successfully created attachment [Selenium WebDriver Logs - performance] @14-02-2021 01:33:59.0377 AM
[ReportManager] Successfully created attachment [Selenium WebDriver Logs - browser] @14-02-2021 01:33:59.0383 AM
[ReportManager] Successfully created attachment [Selenium WebDriver Logs - driver] @14-02-2021 01:33:59.0438 AM
[ReportManager] Successfully Closed All Browsers. @14-02-2021 01:33:59.0511 A
[ReportManager] File Action [getAbsolutePath] successfully performed. With the following test data [Relative Folder Path: "target/downloadedFiles/"]. @14-02-2021 01:33:59.0515 AM
[ReportManager] Attempting to run remotely on: [Linux-64], [GoogleChrome], [http://localhost:4444/wd/hub], Headless Execution. @14-02-2021 01:33:59.0515 AM
[ReportManager] Successfully Opened [GoogleChrome]. @14-02-2021 01:33:59.0718 AM
[ReportManager] Target URL: [https://the-internet.herokuapp.com/] @14-02-2021 01:33:59.0728 AM
[ReportManager] Initial URL: [data:,] @14-02-2021 01:33:59.0768 AM
[ReportManager] Browser Action [navigateToURL] successfully performed. With the following test data [https://the-internet.herokuapp.com/]. @14-02-2021 01:34:00.0105 A

################################################################################################################################################
Starting Execution:	[99 out of 134] test cases in the current suite
Test Method:		[testPackage01.Test_NewValidationActions.f21]
################################################################################################################################################
[ReportManager] Element Action [identifyUniqueElement] failed. With the following test data [zero elements found matching this locator "By.tagName: h3".]. @14-02-2021 01:34:00.0318 AM
[ReportManager] Successfully created attachment [Screenshot - 1613266440256_f21_identifyUniqueElement_failed] @14-02-2021 01:34:00.0319 AM
[ReportManager] AssertElementAttribute FAILED; Expected [Value Should be 'Welcome' for the 'text' attribute, element locator 'By.tagName: h3'] and Actual [Failed to read the desired element attribute]. Comparison Type [CONTAINS]. Validation Type [POSITIVE]. @14-02-2021 01:34:00.0320 A
[ReportManager] Successfully created attachment [Selenium WebDriver Logs - server] @14-02-2021 01:34:00.0329 AM
[ReportManager] Successfully created attachment [Selenium WebDriver Logs - performance] @14-02-2021 01:34:00.0349 AM
[ReportManager] Successfully created attachment [Selenium WebDriver Logs - browser] @14-02-2021 01:34:00.0355 AM
[ReportManager] Successfully created attachment [Selenium WebDriver Logs - driver] @14-02-2021 01:34:00.0399 AM
[ReportManager] Successfully Closed All Browsers. @14-02-2021 01:34:00.0479 A
[ReportManager] File Action [getAbsolutePath] successfully performed. With the following test data [Relative Folder Path: "target/downloadedFiles/"]. @14-02-2021 01:34:00.0481 AM
[ReportManager] Attempting to run remotely on: [Linux-64], [GoogleChrome], [http://localhost:4444/wd/hub], Headless Execution. @14-02-2021 01:34:00.0481 AM
[ReportManager] Successfully Opened [GoogleChrome]. @14-02-2021 01:34:00.0682 AM
[ReportManager] Target URL: [https://the-internet.herokuapp.com/] @14-02-2021 01:34:00.0691 AM
[ReportManager] Initial URL: [data:,] @14-02-2021 01:34:00.0735 AM
[ReportManager] Browser Action [navigateToURL] successfully performed. With the following test data [https://the-internet.herokuapp.com/]. @14-02-2021 01:34:01.0079 A

################################################################################################################################################
Starting Execution:	[100 out of 134] test cases in the current suite
Test Method:		[testPackage01.Test_NewValidationActions.f22]
################################################################################################################################################
[ReportManager] Element Action [getText] successfully performed. With the following test data [Welcome to the-internet]. @14-02-2021 01:34:01.0176 AM
[ReportManager] Loaded Shared OpenCV @14-02-2021 01:34:01.0326 AM
[ReportManager] AssertElementAttribute FAILED; Expected [Value Should be 'yyy' for the 'text' attribute, element locator 'By.tagName: h1'] and Actual [Welcome to the-internet]. Comparison Type [CONTAINS]. Validation Type [POSITIVE]. @14-02-2021 01:34:01.0404 AM
[ReportManager] Successfully created attachment [Screenshot - 1613266441326_f22_AssertElementAttribute_failed] @14-02-2021 01:34:01.0405 A
[ReportManager] Successfully created attachment [Selenium WebDriver Logs - server] @14-02-2021 01:34:01.0420 AM
[ReportManager] Successfully created attachment [Selenium WebDriver Logs - performance] @14-02-2021 01:34:01.0437 AM
[ReportManager] Successfully created attachment [Selenium WebDriver Logs - browser] @14-02-2021 01:34:01.0443 AM
[ReportManager] Successfully created attachment [Selenium WebDriver Logs - driver] @14-02-2021 01:34:01.0489 AM
[ReportManager] Successfully Closed All Browsers. @14-02-2021 01:34:01.0563 A

################################################################################################################################################
Starting Execution:	[101 out of 134] test cases in the current suite
Test Method:		[testPackage01.Test_NewValidationActions.f23]
################################################################################################################################################
[ReportManager] confirming that the actual is greater than or equal to the expected... @14-02-2021 01:34:01.0567 AM
[ReportManager] AssertComparativeRelation PASSED; Expected [1] and Actual [1]. Comparison Type [GREATER_THAN_OR_EQUALS]. Validation Type [POSITIVE]. @14-02-2021 01:34:01.0567 A

################################################################################################################################################
Starting Execution:	[102 out of 134] test cases in the current suite
Test Method:		[testPackage01.Test_NewValidationActions.f24]
################################################################################################################################################
[ReportManager] AssertComparativeRelation PASSED; Expected [1] and Actual [10]. Comparison Type [GREATER_THAN_OR_EQUALS]. Validation Type [POSITIVE]. @14-02-2021 01:34:01.0572 A

################################################################################################################################################
Starting Execution:	[103 out of 134] test cases in the current suite
Test Method:		[testPackage01.Test_NewValidationActions.f25]
################################################################################################################################################
[ReportManager] AssertComparativeRelation PASSED; Expected [1] and Actual [1]. Comparison Type [EQUALS]. Validation Type [POSITIVE]. @14-02-2021 01:34:01.0574 A

################################################################################################################################################
Starting Execution:	[104 out of 134] test cases in the current suite
Test Method:		[testPackage01.Test_NewValidationActions.f26]
################################################################################################################################################
[ReportManager] AssertComparativeRelation PASSED; Expected [1] and Actual [5]. Comparison Type [GREATER_THAN]. Validation Type [POSITIVE]. @14-02-2021 01:34:01.0579 A

################################################################################################################################################
Starting Execution:	[105 out of 134] test cases in the current suite
Test Method:		[testPackage01.Test_NewValidationActions.f27]
################################################################################################################################################
[ReportManager] AssertComparativeRelation PASSED; Expected [11] and Actual [5]. Comparison Type [LESS_THAN]. Validation Type [POSITIVE]. @14-02-2021 01:34:01.0582 A

################################################################################################################################################
Starting Execution:	[106 out of 134] test cases in the current suite
Test Method:		[testPackage01.Test_NewValidationActions.f28]
################################################################################################################################################
[ReportManager] AssertComparativeRelation PASSED; Expected [11] and Actual [5]. Comparison Type [LESS_THAN_OR_EQUALS]. Validation Type [POSITIVE]. @14-02-2021 01:34:01.0585 A

################################################################################################################################################
Starting Execution:	[107 out of 134] test cases in the current suite
Test Method:		[testPackage01.Test_NewValidationActions.f29]
################################################################################################################################################
[ReportManager] AssertComparativeRelation PASSED; Expected [11] and Actual [11]. Comparison Type [LESS_THAN_OR_EQUALS]. Validation Type [POSITIVE]. @14-02-2021 01:34:01.0588 A

################################################################################################################################################
Starting Execution:	[108 out of 134] test cases in the current suite
Test Method:		[testPackage01.Test_NewValidationActions.f3]
################################################################################################################################################
[ReportManager] AssertEquals PASSED; Expected [1] and Actual [2]. Comparison Type [EQUALS]. Validation Type [NEGATIVE]. @14-02-2021 01:34:01.0590 A

################################################################################################################################################
Starting Execution:	[109 out of 134] test cases in the current suite
Test Method:		[testPackage01.Test_NewValidationActions.f30]
################################################################################################################################################
[ReportManager] AssertComparativeRelation FAILED; Expected [-9] and Actual [11]. Comparison Type [LESS_THAN_OR_EQUALS]. Validation Type [POSITIVE]. @14-02-2021 01:34:01.0592 A

################################################################################################################################################
Starting Execution:	[110 out of 134] test cases in the current suite
Test Method:		[testPackage01.Test_NewValidationActions.f31]
################################################################################################################################################
[ReportManager] AssertTrue PASSED; Expected [TRUE] and Actual [TRUE]. Validation Type [POSITIVE]. @14-02-2021 01:34:01.0595 A

################################################################################################################################################
Starting Execution:	[111 out of 134] test cases in the current suite
Test Method:		[testPackage01.Test_NewValidationActions.f32]
################################################################################################################################################
[ReportManager] AssertTrue PASSED; Expected [FALSE] and Actual [FALSE]. Validation Type [NEGATIVE]. @14-02-2021 01:34:01.0597 A

################################################################################################################################################
Starting Execution:	[112 out of 134] test cases in the current suite
Test Method:		[testPackage01.Test_NewValidationActions.f33]
################################################################################################################################################
[ReportManager] AssertTrue FAILED; Expected [FALSE] and Actual [TRUE]. Validation Type [NEGATIVE]. @14-02-2021 01:34:01.0600 A

################################################################################################################################################
Starting Execution:	[113 out of 134] test cases in the current suite
Test Method:		[testPackage01.Test_NewValidationActions.f34]
################################################################################################################################################
[ReportManager] AssertTrue FAILED; Expected [TRUE] and Actual [FALSE]. Validation Type [POSITIVE]. @14-02-2021 01:34:01.0601 A

################################################################################################################################################
Starting Execution:	[114 out of 134] test cases in the current suite
Test Method:		[testPackage01.Test_NewValidationActions.f35]
################################################################################################################################################
[ReportManager] File Action [doesFileExist] successfully performed. With the following test data [File Path: "pom.xml"]. @14-02-2021 01:34:01.0603 AM
[ReportManager] AssertFileExists PASSED; Expected [File 'pom.xml' should exist, after up to '1' retries] and Actual [File exists]. Validation Type [POSITIVE]. @14-02-2021 01:34:01.0603 A

################################################################################################################################################
Starting Execution:	[115 out of 134] test cases in the current suite
Test Method:		[testPackage01.Test_NewValidationActions.f36]
################################################################################################################################################
[ReportManager] File Action [doesFileExist] successfully performed. With the following test data [File Path: "src/test/java/testPackage01/Test_NewValidationActions.java"]. @14-02-2021 01:34:01.0604 AM
[ReportManager] AssertFileExists PASSED; Expected [File 'src/test/java/testPackage01/Test_NewValidationActions.java' should exist, after up to '1' retries] and Actual [File exists]. Validation Type [POSITIVE]. @14-02-2021 01:34:01.0605 A

################################################################################################################################################
Starting Execution:	[116 out of 134] test cases in the current suite
Test Method:		[testPackage01.Test_NewValidationActions.f37]
################################################################################################################################################
[ReportManager] confirming that the file does't exist after 5 retries... @14-02-2021 01:34:01.0606 AM
[ReportManager] File Action [doesFileExist] successfully performed. With the following test data [File Path: "pom.xml"]. @14-02-2021 01:34:01.0606 AM
[ReportManager] AssertFileExists FAILED; Expected [File 'pom.xml' should not exist, after up to '5' retries] and Actual [File exists]. Validation Type [NEGATIVE]. @14-02-2021 01:34:01.0606 A

################################################################################################################################################
Starting Execution:	[117 out of 134] test cases in the current suite
Test Method:		[testPackage01.Test_NewValidationActions.f3_1]
################################################################################################################################################
[ReportManager] Checking valid user data... @14-02-2021 01:34:01.0608 AM
[ReportManager] AssertEquals PASSED; Expected [null] and Actual [null]. Comparison Type [EQUALS]. Validation Type [POSITIVE]. @14-02-2021 01:34:01.0608 A

################################################################################################################################################
Starting Execution:	[118 out of 134] test cases in the current suite
Test Method:		[testPackage01.Test_NewValidationActions.f4]
################################################################################################################################################
[ReportManager] AssertEquals PASSED; Expected [1] and Actual [123]. Comparison Type [CONTAINS]. Validation Type [POSITIVE]. @14-02-2021 01:34:01.0609 A

################################################################################################################################################
Starting Execution:	[119 out of 134] test cases in the current suite
Test Method:		[testPackage01.Test_NewValidationActions.f5]
################################################################################################################################################
[ReportManager] AssertNull PASSED; Expected [NULL] and Actual [1]. Comparison Type [EQUALS]. Validation Type [NEGATIVE]. @14-02-2021 01:34:01.0611 A

################################################################################################################################################
Starting Execution:	[120 out of 134] test cases in the current suite
Test Method:		[testPackage01.Test_NewValidationActions.f6]
################################################################################################################################################
[ReportManager] Making sure that null string is not equal to null object... @14-02-2021 01:34:01.0613 AM
[ReportManager] AssertNull FAILED; Expected [NULL] and Actual [NULL]. Comparison Type [EQUALS]. Validation Type [POSITIVE]. @14-02-2021 01:34:01.0613 A

################################################################################################################################################
Starting Execution:	[121 out of 134] test cases in the current suite
Test Method:		[testPackage01.Test_NewValidationActions.f6_1]
################################################################################################################################################
[ReportManager] AssertNull FAILED; Expected [NULL] and Actual [NULL]. Comparison Type [EQUALS]. Validation Type [NEGATIVE]. @14-02-2021 01:34:01.0614 A

################################################################################################################################################
Starting Execution:	[122 out of 134] test cases in the current suite
Test Method:		[testPackage01.Test_NewValidationActions.f6_2]
################################################################################################################################################
[ReportManager] Making sure that null string is not equal to null object... @14-02-2021 01:34:01.0618 AM
[ReportManager] AssertNull FAILED; Expected [NULL] and Actual [not null]. Comparison Type [EQUALS]. Validation Type [POSITIVE]. @14-02-2021 01:34:01.0618 A

################################################################################################################################################
Starting Execution:	[123 out of 134] test cases in the current suite
Test Method:		[testPackage01.Test_NewValidationActions.f7]
################################################################################################################################################
[ReportManager] AssertNull PASSED; Expected [NULL] and Actual [NULL]. Comparison Type [EQUALS]. Validation Type [POSITIVE]. @14-02-2021 01:34:01.0620 A
[ReportManager] File Action [getAbsolutePath] successfully performed. With the following test data [Relative Folder Path: "target/downloadedFiles/"]. @14-02-2021 01:34:01.0621 AM
[ReportManager] Attempting to run remotely on: [Linux-64], [GoogleChrome], [http://localhost:4444/wd/hub], Headless Execution. @14-02-2021 01:34:01.0621 AM
[ReportManager] Successfully Opened [GoogleChrome]. @14-02-2021 01:34:01.0822 AM
[ReportManager] Target URL: [https://the-internet.herokuapp.com/] @14-02-2021 01:34:01.0833 AM
[ReportManager] Initial URL: [data:,] @14-02-2021 01:34:01.0871 AM
[ReportManager] Browser Action [navigateToURL] successfully performed. With the following test data [https://the-internet.herokuapp.com/]. @14-02-2021 01:34:02.0217 A

################################################################################################################################################
Starting Execution:	[124 out of 134] test cases in the current suite
Test Method:		[testPackage01.Test_NewValidationActions.f8]
################################################################################################################################################
[ReportManager] Loaded Shared OpenCV @14-02-2021 01:34:02.0417 AM
[ReportManager] AssertElementExists PASSED; Expected [Element Should Exist, locator 'By.tagName: h1'] and Actual [Element Exists]. Comparison Type [EQUALS]. Validation Type [POSITIVE]. @14-02-2021 01:34:02.0493 AM
[ReportManager] Successfully created attachment [Screenshot - 1613266442416_f8_AssertElementExists_passed] @14-02-2021 01:34:02.0494 A
[ReportManager] Successfully created attachment [Selenium WebDriver Logs - server] @14-02-2021 01:34:02.0508 AM
[ReportManager] Successfully created attachment [Selenium WebDriver Logs - performance] @14-02-2021 01:34:02.0525 AM
[ReportManager] Successfully created attachment [Selenium WebDriver Logs - browser] @14-02-2021 01:34:02.0531 AM
[ReportManager] Successfully created attachment [Selenium WebDriver Logs - driver] @14-02-2021 01:34:02.0576 AM
[ReportManager] Successfully Closed All Browsers. @14-02-2021 01:34:02.0652 A
[ReportManager] File Action [getAbsolutePath] successfully performed. With the following test data [Relative Folder Path: "target/downloadedFiles/"]. @14-02-2021 01:34:02.0653 AM
[ReportManager] Attempting to run remotely on: [Linux-64], [GoogleChrome], [http://localhost:4444/wd/hub], Headless Execution. @14-02-2021 01:34:02.0653 AM
[ReportManager] Successfully Opened [GoogleChrome]. @14-02-2021 01:34:02.0838 AM
[ReportManager] Target URL: [https://the-internet.herokuapp.com/] @14-02-2021 01:34:02.0847 AM
[ReportManager] Initial URL: [data:,] @14-02-2021 01:34:02.0901 AM
[ReportManager] Browser Action [navigateToURL] successfully performed. With the following test data [https://the-internet.herokuapp.com/]. @14-02-2021 01:34:03.0249 A

################################################################################################################################################
Starting Execution:	[125 out of 134] test cases in the current suite
Test Method:		[testPackage01.Test_NewValidationActions.f9]
################################################################################################################################################
[ReportManager] AssertElementExists FAILED; Expected [Element Should Exist, locator 'By.tagName: h3'] and Actual [Element Doesn't Exists]. Comparison Type [EQUALS]. Validation Type [POSITIVE]. @14-02-2021 01:34:03.0473 AM
[ReportManager] Successfully created attachment [Screenshot - 1613266443411_f9_AssertElementExists_failed] @14-02-2021 01:34:03.0474 A
[ReportManager] Successfully created attachment [Selenium WebDriver Logs - server] @14-02-2021 01:34:03.0491 AM
[ReportManager] Successfully created attachment [Selenium WebDriver Logs - performance] @14-02-2021 01:34:03.0507 AM
[ReportManager] Successfully created attachment [Selenium WebDriver Logs - browser] @14-02-2021 01:34:03.0512 AM
[ReportManager] Successfully created attachment [Selenium WebDriver Logs - driver] @14-02-2021 01:34:03.0569 AM
[ReportManager] Successfully Closed All Browsers. @14-02-2021 01:34:03.0644 A

################################################################################################################################################
Starting Execution:	[126 out of 134] test cases in the current suite
Test Method:		[testPackage01.Test_NewValidationActions.forceFail]
################################################################################################################################################
[ReportManager] AssertFail FAILED; Expected [null] and Actual [null]. @14-02-2021 01:34:03.0651 A

################################################################################################################################################
Starting Execution:	[127 out of 134] test cases in the current suite
Test Method:		[testPackage01.Test_NewValidationActions.forceFail2]
################################################################################################################################################
[ReportManager] Custom Message... @14-02-2021 01:34:03.0657 AM
[ReportManager] AssertFail FAILED; Expected [null] and Actual [null]. @14-02-2021 01:34:03.0657 A
[ReportManager] File Action [getAbsolutePath] successfully performed. With the following test data [Relative Folder Path: "target/downloadedFiles/"]. @14-02-2021 01:34:03.0661 AM
[ReportManager] Attempting to run remotely on: [Linux-64], [GoogleChrome], [http://localhost:4444/wd/hub], Headless Execution. @14-02-2021 01:34:03.0662 AM
[ReportManager] Successfully Opened [GoogleChrome]. @14-02-2021 01:34:03.0876 A

################################################################################################################################################
Starting Execution:	[128 out of 134] test cases in the current suite
Test Method:		[testPackage01.Test_ShadowDOM.shadowdom]
################################################################################################################################################
[ReportManager] Target URL: [https://mdn.github.io/web-components-examples/popup-info-box-web-component/] @14-02-2021 01:34:03.0903 AM
[ReportManager] Initial URL: [data:,] @14-02-2021 01:34:03.0950 AM
[ReportManager] Browser Action [navigateToURL] successfully performed. With the following test data [https://mdn.github.io/web-components-examples/popup-info-box-web-component/]. @14-02-2021 01:34:04.0149 AM
[ReportManager] Element Action [type] successfully performed. With the following test data [Typing into SHADOW DOM...]. @14-02-2021 01:34:04.0826 AM
[ReportManager] Element Action [getText] successfully performed. With the following test data [Typing into SHADOW DOM...]. @14-02-2021 01:34:04.0926 AM
[ReportManager] Loaded Shared OpenCV @14-02-2021 01:34:05.0045 AM
[ReportManager] AssertElementAttribute PASSED; Expected [Value Should be 'Typing into SHADOW DOM...' for the 'Text' attribute, element locator 'By.id: cvc'] and Actual [Typing into SHADOW DOM...]. Comparison Type [EQUALS]. Validation Type [POSITIVE]. @14-02-2021 01:34:05.0109 AM
[ReportManager] Successfully created attachment [Screenshot - 1613266445045_shadowdom_AssertElementAttribute_passed] @14-02-2021 01:34:05.0109 A
[ReportManager] Successfully created attachment [Selenium WebDriver Logs - server] @14-02-2021 01:34:05.0167 AM
[ReportManager] Successfully created attachment [Selenium WebDriver Logs - performance] @14-02-2021 01:34:05.0175 AM
[ReportManager] Successfully created attachment [Selenium WebDriver Logs - browser] @14-02-2021 01:34:05.0180 AM
[ReportManager] Successfully created attachment [Selenium WebDriver Logs - driver] @14-02-2021 01:34:05.0254 AM
[ReportManager] Browser Action [closeCurrentWindow] successfully performed. @14-02-2021 01:34:05.0313 AM
[ReportManager] Successfully created attachment [Browser Action Test Data - closeCurrentWindow - Actual Value] @14-02-2021 01:34:05.0314 A

################################################################################################################################################
Starting Execution:	[129 out of 134] test cases in the current suite
Test Method:		[testPackage01.Test_chainableElementActions.chainElementActions]
################################################################################################################################################
[ReportManager] File Action [getAbsolutePath] successfully performed. With the following test data [Relative Folder Path: "target/downloadedFiles/"]. @14-02-2021 01:34:05.0389 AM
[ReportManager] Attempting to run remotely on: [Linux-64], [GoogleChrome], [http://localhost:4444/wd/hub], Headless Execution. @14-02-2021 01:34:05.0389 AM
[ReportManager] Successfully Opened [GoogleChrome]. @14-02-2021 01:34:05.0597 AM
[ReportManager] Target URL: [https://www.google.com/ncr], and after redirection: [https://www.google.com] @14-02-2021 01:34:05.0609 AM
[ReportManager] Initial URL: [data:,] @14-02-2021 01:34:05.0644 AM
[ReportManager] Browser Action [navigateToURL] successfully performed. With the following test data [https://www.google.com/ncr]. @14-02-2021 01:34:06.0399 AM
[ReportManager] Element Action [type] successfully performed. With the following test data [chained type 1]. @14-02-2021 01:34:07.0002 AM
[ReportManager] Element Action [type] successfully performed. With the following test data [chained type 2]. @14-02-2021 01:34:07.0524 AM
[ReportManager] Element Action [typeAppend] successfully performed. With the following test data [345]. @14-02-2021 01:34:07.0713 AM
[ReportManager] Element Action [getText] successfully performed. With the following test data [chained type 2345]. @14-02-2021 01:34:07.0833 AM
[ReportManager] Loaded Shared OpenCV @14-02-2021 01:34:07.0975 AM
[ReportManager] AssertElementAttribute PASSED; Expected [Value Should be 'chained type 2345' for the 'text' attribute, element locator 'By.name: q'] and Actual [chained type 2345]. Comparison Type [EQUALS]. Validation Type [POSITIVE]. @14-02-2021 01:34:08.0051 AM
[ReportManager] Successfully created attachment [Screenshot - 1613266447975_chainElementActions_AssertElementAttribute_passed] @14-02-2021 01:34:08.0053 AM
[ReportManager] Successfully created attachment [Selenium WebDriver Logs - server] @14-02-2021 01:34:08.0126 AM
[ReportManager] Successfully created attachment [Selenium WebDriver Logs - performance] @14-02-2021 01:34:08.0270 AM
[ReportManager] Successfully created attachment [Selenium WebDriver Logs - driver] @14-02-2021 01:34:08.0471 AM
[ReportManager] Browser Action [closeCurrentWindow] successfully performed. @14-02-2021 01:34:08.0527 AM
[ReportManager] Successfully created attachment [Browser Action Test Data - closeCurrentWindow - Actual Value] @14-02-2021 01:34:08.0528 A

################################################################################################################################################
Starting Execution:	[130 out of 134] test cases in the current suite
Test Method:		[testPackage01.Test_SelectedValue.multipleSelect]
################################################################################################################################################
[ReportManager] File Action [getAbsolutePath] successfully performed. With the following test data [Relative Folder Path: "target/downloadedFiles/"]. @14-02-2021 01:34:08.0539 AM
[ReportManager] Attempting to run remotely on: [Linux-64], [GoogleChrome], [http://localhost:4444/wd/hub], Headless Execution. @14-02-2021 01:34:08.0539 AM
[ReportManager] Successfully Opened [GoogleChrome]. @14-02-2021 01:34:08.0746 AM
[ReportManager] Target URL: [https://mdn.mozillademos.org/en-US/docs/Web/HTML/Element/select$samples/Advanced_select_with_multiple_features?revision=1612304] @14-02-2021 01:34:08.0755 AM
[ReportManager] Initial URL: [data:,] @14-02-2021 01:34:08.0794 AM
[ReportManager] Browser Action [navigateToURL] successfully performed. With the following test data [https://mdn.mozillademos.org/en-US/docs/Web/HTML/Element/select$samples/Advanced_select_with_multiple_features?revision=1612304]. @14-02-2021 01:34:09.0293 AM
[ReportManager] Element Action [select] successfully performed. With the following test data [Dog]. @14-02-2021 01:34:09.0515 AM
[ReportManager] Element Action [select] successfully performed. With the following test data [Cat]. @14-02-2021 01:34:09.0735 AM
[ReportManager] Element Action [getSelectedText] successfully performed. With the following test data [DogCat]. @14-02-2021 01:34:09.0901 AM
[ReportManager] DogCat @14-02-2021 01:34:09.0901 AM
[ReportManager] Element Action [getSelectedText] successfully performed. With the following test data [DogCat]. @14-02-2021 01:34:10.0039 AM
[ReportManager] Loaded Shared OpenCV @14-02-2021 01:34:10.0154 AM
[ReportManager] AssertElementAttribute PASSED; Expected [Value Should be 'DogCat' for the 'selectedText' attribute, element locator 'By.tagName: select'] and Actual [DogCat]. Comparison Type [EQUALS]. Validation Type [POSITIVE]. @14-02-2021 01:34:10.0214 AM
[ReportManager] Successfully created attachment [Screenshot - 1613266450154_multipleSelect_AssertElementAttribute_passed] @14-02-2021 01:34:10.0214 AM
[ReportManager] Successfully created attachment [Selenium WebDriver Logs - server] @14-02-2021 01:34:10.0247 AM
[ReportManager] Successfully created attachment [Selenium WebDriver Logs - performance] @14-02-2021 01:34:10.0255 AM
[ReportManager] Successfully created attachment [Selenium WebDriver Logs - driver] @14-02-2021 01:34:10.0351 AM
[ReportManager] Browser Action [closeCurrentWindow] successfully performed. @14-02-2021 01:34:10.0407 AM
[ReportManager] Successfully created attachment [Browser Action Test Data - closeCurrentWindow - Actual Value] @14-02-2021 01:34:10.0408 A

################################################################################################################################################
Starting Execution:	[131 out of 134] test cases in the current suite
Test Method:		[testPackage01.Test_SelectedValue.simpleSelect]
################################################################################################################################################
[ReportManager] File Action [getAbsolutePath] successfully performed. With the following test data [Relative Folder Path: "target/downloadedFiles/"]. @14-02-2021 01:34:10.0418 AM
[ReportManager] Attempting to run remotely on: [Linux-64], [GoogleChrome], [http://localhost:4444/wd/hub], Headless Execution. @14-02-2021 01:34:10.0418 AM
[ReportManager] Successfully Opened [GoogleChrome]. @14-02-2021 01:34:10.0620 AM
[ReportManager] Target URL: [https://mdn.mozillademos.org/en-US/docs/Web/HTML/Element/select$samples/Basic_select?revision=1612304] @14-02-2021 01:34:10.0629 AM
[ReportManager] Initial URL: [data:,] @14-02-2021 01:34:10.0668 AM
[ReportManager] Browser Action [navigateToURL] successfully performed. With the following test data [https://mdn.mozillademos.org/en-US/docs/Web/HTML/Element/select$samples/Basic_select?revision=1612304]. @14-02-2021 01:34:11.0149 AM
[ReportManager] Element Action [select] successfully performed. With the following test data [Third Value]. @14-02-2021 01:34:11.0432 AM
[ReportManager] Element Action [getSelectedText] successfully performed. With the following test data [Third Value]. @14-02-2021 01:34:11.0567 AM
[ReportManager] Third Value @14-02-2021 01:34:11.0567 AM
[ReportManager] Element Action [getSelectedText] successfully performed. With the following test data [Third Value]. @14-02-2021 01:34:11.0683 AM
[ReportManager] Loaded Shared OpenCV @14-02-2021 01:34:11.0804 AM
[ReportManager] AssertElementAttribute PASSED; Expected [Value Should be 'Third Value' for the 'selectedText' attribute, element locator 'By.tagName: select'] and Actual [Third Value]. Comparison Type [EQUALS]. Validation Type [POSITIVE]. @14-02-2021 01:34:11.0866 AM
[ReportManager] Successfully created attachment [Screenshot - 1613266451804_simpleSelect_AssertElementAttribute_passed] @14-02-2021 01:34:11.0867 AM
[ReportManager] Successfully created attachment [Selenium WebDriver Logs - server] @14-02-2021 01:34:11.0905 AM
[ReportManager] Successfully created attachment [Selenium WebDriver Logs - performance] @14-02-2021 01:34:11.0913 AM
[ReportManager] Successfully created attachment [Selenium WebDriver Logs - driver] @14-02-2021 01:34:11.0979 AM
[ReportManager] Browser Action [closeCurrentWindow] successfully performed. @14-02-2021 01:34:12.0034 AM
[ReportManager] Successfully created attachment [Browser Action Test Data - closeCurrentWindow - Actual Value] @14-02-2021 01:34:12.0035 A
[ReportManager] File Action [getAbsolutePath] successfully performed. With the following test data [Relative Folder Path: "target/downloadedFiles/"]. @14-02-2021 01:34:12.0039 AM
[ReportManager] Attempting to run remotely on: [Linux-64], [GoogleChrome], [http://localhost:4444/wd/hub], Headless Execution. @14-02-2021 01:34:12.0039 AM
[ReportManager] Successfully Opened [GoogleChrome]. @14-02-2021 01:34:12.0234 A

################################################################################################################################################
Starting Execution:	[132 out of 134] test cases in the current suite
Test Method:		[testPackage01.Test_clipboardActions.typeTextAndCopyPaste]
################################################################################################################################################
[ReportManager] Target URL: [https://www.google.com/ncr], and after redirection: [https://www.google.com] @14-02-2021 01:34:12.0247 AM
[ReportManager] Initial URL: [data:,] @14-02-2021 01:34:12.0285 AM
[ReportManager] Browser Action [navigateToURL] successfully performed. With the following test data [https://www.google.com/ncr]. @14-02-2021 01:34:13.0069 AM
[ReportManager] Element Action [type] successfully performed. With the following test data [FIRST]. @14-02-2021 01:34:13.0517 AM
[ReportManager] Element Action [clipboardActions] successfully performed. With the following test data [select all]. @14-02-2021 01:34:13.0593 AM
[ReportManager] Element Action [clipboardActions] successfully performed. With the following test data [copy]. @14-02-2021 01:34:13.0665 AM
[ReportManager] Element Action [clipboardActions] successfully performed. With the following test data [unselect]. @14-02-2021 01:34:13.0727 AM
[ReportManager] Element Action [clipboardActions] successfully performed. With the following test data [paste]. @14-02-2021 01:34:13.0804 AM
[ReportManager] Element Action [clipboardActions] successfully performed. With the following test data [select all]. @14-02-2021 01:34:13.0887 AM
[ReportManager] Element Action [clipboardActions] successfully performed. With the following test data [cut]. @14-02-2021 01:34:13.0976 AM
[ReportManager] Element Action [clipboardActions] successfully performed. With the following test data [paste]. @14-02-2021 01:34:14.0063 AM
[ReportManager] Element Action [clipboardActions] successfully performed. With the following test data [paste]. @14-02-2021 01:34:14.0149 A
[ReportManager] Successfully created attachment [Selenium WebDriver Logs - server] @14-02-2021 01:34:14.0222 AM
[ReportManager] Successfully created attachment [Selenium WebDriver Logs - performance] @14-02-2021 01:34:14.0302 AM
[ReportManager] Successfully created attachment [Selenium WebDriver Logs - driver] @14-02-2021 01:34:14.0457 AM
[ReportManager] Browser Action [closeCurrentWindow] successfully performed. @14-02-2021 01:34:14.0513 AM
[ReportManager] Successfully created attachment [Browser Action Test Data - closeCurrentWindow - Actual Value] @14-02-2021 01:34:14.0514 A
[ReportManager] File Action [getAbsolutePath] successfully performed. With the following test data [Relative Folder Path: "target/downloadedFiles/"]. @14-02-2021 01:34:14.0515 AM
[ReportManager] Attempting to run remotely on: [Linux-64], [GoogleChrome], [http://localhost:4444/wd/hub], Headless Execution. @14-02-2021 01:34:14.0515 AM
[ReportManager] Successfully Opened [GoogleChrome]. @14-02-2021 01:34:14.0739 A

################################################################################################################################################
Starting Execution:	[133 out of 134] test cases in the current suite
Test Method:		[testPackage01.Test_uploadFile.uploadFile_invisibleUploadInput]
################################################################################################################################################
[ReportManager] Target URL: [https://fineuploader.com/demos.html#gallery-view] @14-02-2021 01:34:14.0752 AM
[ReportManager] Initial URL: [data:,] @14-02-2021 01:34:14.0793 AM
[ReportManager] Browser Action [navigateToURL] successfully performed. With the following test data [https://fineuploader.com/demos.html#gallery-view]. @14-02-2021 01:34:16.0470 AM
[ReportManager] File Action [getAbsolutePath] successfully performed. With the following test data [Relative File Path: "src/main/resources/images/shaft.png"]. @14-02-2021 01:34:16.0470 AM
[ReportManager] Successfully created attachment [File Action Actual Result - Command Log] @14-02-2021 01:34:16.0470 AM
[ReportManager] Element Action [typeFileLocationForUpload] successfully performed. With the following test data [/home/runner/work/SHAFT_ENGINE/SHAFT_ENGINE/src/main/resources/images/shaft.png]. @14-02-2021 01:34:16.0668 AM
[ReportManager] Attempting to getAttribute [src] from elementLocator [By.xpath: //div[@id='fine-uploader-gallery']//div[@class='qq-thumbnail-wrapper']/img]. @14-02-2021 01:34:16.0668 AM
[ReportManager] Element Action [getAttribute] successfully performed. @14-02-2021 01:34:16.0813 AM
[ReportManager] Successfully created attachment [Element Action Test Data - getAttribute - Actual Value] @14-02-2021 01:34:16.0813 AM
[ReportManager] Loaded Shared OpenCV @14-02-2021 01:34:16.0959 AM
[ReportManager] AssertElementAttribute PASSED; Expected and Actual values are attached. Comparison Type [CONTAINS]. Validation Type [POSITIVE]. @14-02-2021 01:34:17.0037 AM
[ReportManager] Successfully created attachment [Validation Test Data - Expected Value] @14-02-2021 01:34:17.0037 AM
[ReportManager] Successfully created attachment [Validation Test Data - Actual Value] @14-02-2021 01:34:17.0037 AM
[ReportManager] Successfully created attachment [Screenshot - 1613266456959_uploadFile_invisibleUploadInput_AssertElementAttribute_passed] @14-02-2021 01:34:17.0038 A
[ReportManager] Successfully created attachment [Selenium WebDriver Logs - server] @14-02-2021 01:34:17.0127 AM
[ReportManager] Successfully created attachment [Selenium WebDriver Logs - performance] @14-02-2021 01:34:17.0202 AM
[ReportManager] Successfully created attachment [Selenium WebDriver Logs - browser] @14-02-2021 01:34:17.0210 AM
[ReportManager] Successfully created attachment [Selenium WebDriver Logs - driver] @14-02-2021 01:34:17.0343 AM
[ReportManager] Browser Action [closeCurrentWindow] successfully performed. @14-02-2021 01:34:17.0406 AM
[ReportManager] Successfully created attachment [Browser Action Test Data - closeCurrentWindow - Actual Value] @14-02-2021 01:34:17.0407 A
[ReportManager] File Action [getAbsolutePath] successfully performed. With the following test data [Relative Folder Path: "target/downloadedFiles/"]. @14-02-2021 01:34:17.0410 AM
[ReportManager] Attempting to run remotely on: [Linux-64], [GoogleChrome], [http://localhost:4444/wd/hub], Headless Execution. @14-02-2021 01:34:17.0410 AM
[ReportManager] Successfully Opened [GoogleChrome]. @14-02-2021 01:34:17.0595 A

################################################################################################################################################
Starting Execution:	[134 out of 134] test cases in the current suite
Test Method:		[testPackage01.Test_uploadFile.uploadFile_visibleUploadInput]
################################################################################################################################################
[ReportManager] Target URL: [http://demo.guru99.com/test/upload/] @14-02-2021 01:34:17.0690 AM
[ReportManager] Initial URL: [data:,] @14-02-2021 01:34:17.0733 AM
[ReportManager] Browser Action [navigateToURL] successfully performed. With the following test data [http://demo.guru99.com/test/upload/]. @14-02-2021 01:34:18.0920 AM
[ReportManager] File Action [getAbsolutePath] successfully performed. With the following test data [Relative File Path: "src/main/resources/images/shaft.png"]. @14-02-2021 01:34:18.0920 AM
[ReportManager] Successfully created attachment [File Action Actual Result - Command Log] @14-02-2021 01:34:18.0921 AM
[ReportManager] Element Action [typeFileLocationForUpload] successfully performed. With the following test data [/home/runner/work/SHAFT_ENGINE/SHAFT_ENGINE/src/main/resources/images/shaft.png]. @14-02-2021 01:34:19.0079 AM
[ReportManager] Element Action [click] successfully performed. With the following test data [on]. @14-02-2021 01:34:19.0422 AM
[ReportManager] Element Action [click] successfully performed. With the following test data [Submit File]. @14-02-2021 01:34:19.0750 AM
[ReportManager] Element Action [getText] successfully performed. With the following test data [1 file
has been successfully uploaded.]. @14-02-2021 01:34:20.0400 AM
[ReportManager] Loaded Shared OpenCV @14-02-2021 01:34:20.0533 AM
[ReportManager] AssertElementAttribute PASSED; Expected [Value Should be '1 file' for the 'Text' attribute, element locator 'By.id: res'] and Actual [1 file
has been successfully uploaded.]. Comparison Type [CONTAINS]. Validation Type [POSITIVE]. @14-02-2021 01:34:20.0611 AM
[ReportManager] Successfully created attachment [Screenshot - 1613266460533_uploadFile_visibleUploadInput_AssertElementAttribute_passed] @14-02-2021 01:34:20.0611 A
[ReportManager] Successfully created attachment [Selenium WebDriver Logs - server] @14-02-2021 01:34:20.0669 AM
[ReportManager] Successfully created attachment [Selenium WebDriver Logs - performance] @14-02-2021 01:34:20.0745 AM
[ReportManager] Successfully created attachment [Selenium WebDriver Logs - browser] @14-02-2021 01:34:20.0752 AM
[ReportManager] Successfully created attachment [Selenium WebDriver Logs - driver] @14-02-2021 01:34:20.0943 AM
[ReportManager] Browser Action [closeCurrentWindow] successfully performed. @14-02-2021 01:34:21.0005 AM
[ReportManager] Successfully created attachment [Browser Action Test Data - closeCurrentWindow - Actual Value] @14-02-2021 01:34:21.0005 A

################################################################################################################################################
Test Closure Activities
################################################################################################################################################
[ReportManager] Successfully created attachment [SHAFT Engine Logs - Execution log] @14-02-2021 01:34:21.0030 AM

################################################################################################################################################
This test run was powered by SHAFT Engine Version: [SHAFT Engine v5.1]
SHAFT Engine is licensed under the MIT License: [https://github.com/MohabMohie/SHAFT_ENGINE/blob/master/LICENSE].
################################################################################################################################################