################################################################################################################################################
Detected SHAFT Engine Version: [SHAFT Engine v5.2.20210427]
################################################################################################################################################
[ReportManager] File Action [getAbsolutePath] successfully performed. With the following test data [Relative Folder Path: "target/downloadedFiles/"]. @29-04-2021 09:57:46.0474 AM
[ReportManager] Attempting to run remotely on: [Linux-64], [GoogleChrome], [http://localhost:4444/wd/hub], Headless Execution. @29-04-2021 09:57:46.0508 AM
[ReportManager] Successfully Opened [GoogleChrome]. @29-04-2021 09:57:48.0117 A

################################################################################################################################################
Starting Execution:	[1 out of 137] test cases in the current suite
Test Method:		[testPackage01.Test_assertEquals.test_assertElementAttribute]
################################################################################################################################################
[ReportManager] Target URL: [https://www.google.com/ncr], and after redirection: [https://www.google.com] @29-04-2021 09:57:48.0283 AM
[ReportManager] Initial URL: [data:,] @29-04-2021 09:57:48.0375 AM
[ReportManager] Browser Action [navigateToURL] successfully performed. With the following test data [https://www.google.com/ncr]. @29-04-2021 09:57:49.0928 AM
[ReportManager] Element Action [type] successfully performed. With the following test data [INC_004010050:Another SCHEDULER with the same name [Duplicate Job Name] already exists.]. @29-04-2021 09:57:52.0346 AM
[ReportManager] Element Action [getText] successfully performed. With the following test data [INC_004010050:Another SCHEDULER with the same name [Duplicate Job Name] already exists.]. @29-04-2021 09:57:52.0584 AM
[ReportManager] Loaded Shared OpenCV @29-04-2021 09:57:53.0376 AM
[ReportManager] AssertElementAttribute PASSED; Expected [Value Should be 'INC_004010050:Another SCHEDULER with the same name \[Duplicate Job Name\] already exists.' for the 'text' attribute, element locator 'By.name: q'] and Actual [INC_004010050:Another SCHEDULER with the same name [Duplicate Job Name] already exists.]. Comparison Type [MATCHES]. Validation Type [POSITIVE]. @29-04-2021 09:57:53.0695 AM
[ReportManager] Successfully created attachment [Screenshot - 1619690272821_test_assertElementAttribute_AssertElementAttribute_passed] @29-04-2021 09:57:53.0711 A
[ReportManager] Successfully created attachment [Selenium WebDriver Logs - server] @29-04-2021 09:57:53.0945 AM
[ReportManager] Successfully created attachment [Selenium WebDriver Logs - performance] @29-04-2021 09:57:54.0458 AM
[ReportManager] Successfully created attachment [Selenium WebDriver Logs - driver] @29-04-2021 09:57:54.0942 AM
[ReportManager] Browser Action [closeCurrentWindow] successfully performed. @29-04-2021 09:57:55.0005 AM
[ReportManager] Successfully created attachment [Browser Action Test Data - closeCurrentWindow - Actual Value] @29-04-2021 09:57:55.0011 A
[ReportManager] File Action [getAbsolutePath] successfully performed. With the following test data [Relative Folder Path: "target/downloadedFiles/"]. @29-04-2021 09:57:55.0021 AM
[ReportManager] Attempting to run remotely on: [Linux-64], [GoogleChrome], [http://localhost:4444/wd/hub], Headless Execution. @29-04-2021 09:57:55.0021 AM
[ReportManager] Successfully Opened [GoogleChrome]. @29-04-2021 09:57:55.0726 A

################################################################################################################################################
Starting Execution:	[2 out of 137] test cases in the current suite
Test Method:		[testPackage01.Test_dynamicLoading.dynamicLoading_elementIsHidden]
################################################################################################################################################
[ReportManager] Target URL: [https://the-internet.herokuapp.com/dynamic_loading/1] @29-04-2021 09:57:55.0790 AM
[ReportManager] Initial URL: [data:,] @29-04-2021 09:57:55.0863 AM
[ReportManager] Browser Action [navigateToURL] successfully performed. With the following test data [https://the-internet.herokuapp.com/dynamic_loading/1]. @29-04-2021 09:57:56.0347 AM
[ReportManager] Element Action [click] successfully performed. With the following test data [Start]. @29-04-2021 09:57:56.0893 AM
[ReportManager] Element Action [getText] successfully performed. With the following test data [
    Hello World!
  ]. @29-04-2021 09:57:57.0086 AM
[ReportManager] Loaded Shared OpenCV @29-04-2021 09:57:57.0335 AM
[ReportManager] AssertElementAttribute PASSED; Expected [Value Should be 'Hello World!' for the 'text' attribute, element locator 'By.id: finish'] and Actual [
    Hello World!
  ]. Comparison Type [CONTAINS]. Validation Type [POSITIVE]. @29-04-2021 09:57:57.0489 AM
[ReportManager] Successfully created attachment [Screenshot - 1619690277335_dynamicLoading_elementIsHidden_AssertElementAttribute_passed] @29-04-2021 09:57:57.0494 A
[ReportManager] Successfully created attachment [Selenium WebDriver Logs - server] @29-04-2021 09:57:57.0585 AM
[ReportManager] Successfully created attachment [Selenium WebDriver Logs - performance] @29-04-2021 09:57:57.0627 AM
[ReportManager] Successfully created attachment [Selenium WebDriver Logs - browser] @29-04-2021 09:57:57.0641 AM
[ReportManager] Successfully created attachment [Selenium WebDriver Logs - driver] @29-04-2021 09:57:57.0769 AM
[ReportManager] Browser Action [closeCurrentWindow] successfully performed. @29-04-2021 09:57:57.0831 AM
[ReportManager] Successfully created attachment [Browser Action Test Data - closeCurrentWindow - Actual Value] @29-04-2021 09:57:57.0832 A
[ReportManager] File Action [getAbsolutePath] successfully performed. With the following test data [Relative Folder Path: "target/downloadedFiles/"]. @29-04-2021 09:57:57.0834 AM
[ReportManager] Attempting to run remotely on: [Linux-64], [GoogleChrome], [http://localhost:4444/wd/hub], Headless Execution. @29-04-2021 09:57:57.0835 AM
[ReportManager] Successfully Opened [GoogleChrome]. @29-04-2021 09:57:58.0586 A

################################################################################################################################################
Starting Execution:	[3 out of 137] test cases in the current suite
Test Method:		[testPackage01.Test_dynamicLoading.dynamicLoading_elementIsRendered]
################################################################################################################################################
[ReportManager] Target URL: [https://the-internet.herokuapp.com/dynamic_loading/2] @29-04-2021 09:57:58.0646 AM
[ReportManager] Initial URL: [data:,] @29-04-2021 09:57:58.0721 AM
[ReportManager] Browser Action [navigateToURL] successfully performed. With the following test data [https://the-internet.herokuapp.com/dynamic_loading/2]. @29-04-2021 09:57:59.0202 AM
[ReportManager] Element Action [click] successfully performed. With the following test data [Start]. @29-04-2021 09:57:59.0708 AM
[ReportManager] Element Action [getText] successfully performed. With the following test data [Hello World!]. @29-04-2021 09:58:04.0941 AM
[ReportManager] Loaded Shared OpenCV @29-04-2021 09:58:05.0126 AM
[ReportManager] AssertElementAttribute PASSED; Expected [Value Should be 'Hello World!' for the 'text' attribute, element locator 'By.id: finish'] and Actual [Hello World!]. Comparison Type [CONTAINS]. Validation Type [POSITIVE]. @29-04-2021 09:58:05.0211 AM
[ReportManager] Successfully created attachment [Screenshot - 1619690285126_dynamicLoading_elementIsRendered_AssertElementAttribute_passed] @29-04-2021 09:58:05.0213 A
[ReportManager] Successfully created attachment [Selenium WebDriver Logs - server] @29-04-2021 09:58:05.0291 AM
[ReportManager] Successfully created attachment [Selenium WebDriver Logs - performance] @29-04-2021 09:58:05.0345 AM
[ReportManager] Successfully created attachment [Selenium WebDriver Logs - browser] @29-04-2021 09:58:05.0359 AM
[ReportManager] Successfully created attachment [Selenium WebDriver Logs - driver] @29-04-2021 09:58:05.0466 AM
[ReportManager] Browser Action [closeCurrentWindow] successfully performed. @29-04-2021 09:58:05.0525 AM
[ReportManager] Successfully created attachment [Browser Action Test Data - closeCurrentWindow - Actual Value] @29-04-2021 09:58:05.0526 A

################################################################################################################################################
Starting Execution:	[4 out of 137] test cases in the current suite
Test Method:		[testPackage01.Test_SelectedValue.multipleSelect]
################################################################################################################################################
[ReportManager] File Action [getAbsolutePath] successfully performed. With the following test data [Relative Folder Path: "target/downloadedFiles/"]. @29-04-2021 09:58:05.0536 AM
[ReportManager] Attempting to run remotely on: [Linux-64], [GoogleChrome], [http://localhost:4444/wd/hub], Headless Execution. @29-04-2021 09:58:05.0537 AM
[ReportManager] Successfully Opened [GoogleChrome]. @29-04-2021 09:58:06.0235 AM
[ReportManager] Target URL: [https://mdn.mozillademos.org/en-US/docs/Web/HTML/Element/select$samples/Advanced_select_with_multiple_features?revision=1612304] @29-04-2021 09:58:06.0263 AM
[ReportManager] Initial URL: [data:,] @29-04-2021 09:58:06.0349 AM
[ReportManager] Browser Action [navigateToURL] successfully performed. With the following test data [https://mdn.mozillademos.org/en-US/docs/Web/HTML/Element/select$samples/Advanced_select_with_multiple_features?revision=1612304]. @29-04-2021 09:58:06.0822 AM
[ReportManager] Element Action [select] successfully performed. With the following test data [Dog]. @29-04-2021 09:58:07.0175 AM
[ReportManager] Element Action [select] successfully performed. With the following test data [Cat]. @29-04-2021 09:58:07.0573 AM
[ReportManager] Element Action [getSelectedText] successfully performed. With the following test data [DogCat]. @29-04-2021 09:58:07.0834 AM
[ReportManager] DogCat @29-04-2021 09:58:07.0834 AM
[ReportManager] Element Action [getSelectedText] successfully performed. With the following test data [DogCat]. @29-04-2021 09:58:08.0052 AM
[ReportManager] Loaded Shared OpenCV @29-04-2021 09:58:08.0231 AM
[ReportManager] AssertElementAttribute PASSED; Expected [Value Should be 'DogCat' for the 'selectedText' attribute, element locator 'By.tagName: select'] and Actual [DogCat]. Comparison Type [EQUALS]. Validation Type [POSITIVE]. @29-04-2021 09:58:08.0307 AM
[ReportManager] Successfully created attachment [Screenshot - 1619690288231_multipleSelect_AssertElementAttribute_passed] @29-04-2021 09:58:08.0308 AM
[ReportManager] Successfully created attachment [Selenium WebDriver Logs - server] @29-04-2021 09:58:08.0397 AM
[ReportManager] Successfully created attachment [Selenium WebDriver Logs - performance] @29-04-2021 09:58:08.0416 AM
[ReportManager] Successfully created attachment [Selenium WebDriver Logs - driver] @29-04-2021 09:58:08.0558 AM
[ReportManager] Browser Action [closeCurrentWindow] successfully performed. @29-04-2021 09:58:08.0619 AM
[ReportManager] Successfully created attachment [Browser Action Test Data - closeCurrentWindow - Actual Value] @29-04-2021 09:58:08.0619 A

################################################################################################################################################
Starting Execution:	[5 out of 137] test cases in the current suite
Test Method:		[testPackage01.Test_SelectedValue.simpleSelect]
################################################################################################################################################
[ReportManager] File Action [getAbsolutePath] successfully performed. With the following test data [Relative Folder Path: "target/downloadedFiles/"]. @29-04-2021 09:58:08.0641 AM
[ReportManager] Attempting to run remotely on: [Linux-64], [GoogleChrome], [http://localhost:4444/wd/hub], Headless Execution. @29-04-2021 09:58:08.0641 AM
[ReportManager] Successfully Opened [GoogleChrome]. @29-04-2021 09:58:08.0906 AM
[ReportManager] Target URL: [https://mdn.mozillademos.org/en-US/docs/Web/HTML/Element/select$samples/Basic_select?revision=1612304] @29-04-2021 09:58:08.0937 AM
[ReportManager] Initial URL: [data:,] @29-04-2021 09:58:09.0007 AM
[ReportManager] Browser Action [navigateToURL] successfully performed. With the following test data [https://mdn.mozillademos.org/en-US/docs/Web/HTML/Element/select$samples/Basic_select?revision=1612304]. @29-04-2021 09:58:09.0650 AM
[ReportManager] Element Action [select] successfully performed. With the following test data [Third Value]. @29-04-2021 09:58:10.0070 AM
[ReportManager] Element Action [getSelectedText] successfully performed. With the following test data [Third Value]. @29-04-2021 09:58:10.0251 AM
[ReportManager] Third Value @29-04-2021 09:58:10.0252 AM
[ReportManager] Element Action [getSelectedText] successfully performed. With the following test data [Third Value]. @29-04-2021 09:58:10.0413 AM
[ReportManager] Loaded Shared OpenCV @29-04-2021 09:58:10.0578 AM
[ReportManager] AssertElementAttribute PASSED; Expected [Value Should be 'Third Value' for the 'selectedText' attribute, element locator 'By.tagName: select'] and Actual [Third Value]. Comparison Type [EQUALS]. Validation Type [POSITIVE]. @29-04-2021 09:58:10.0652 AM
[ReportManager] Successfully created attachment [Screenshot - 1619690290578_simpleSelect_AssertElementAttribute_passed] @29-04-2021 09:58:10.0653 AM
[ReportManager] Successfully created attachment [Selenium WebDriver Logs - server] @29-04-2021 09:58:10.0718 AM
[ReportManager] Successfully created attachment [Selenium WebDriver Logs - performance] @29-04-2021 09:58:10.0730 AM
[ReportManager] Successfully created attachment [Selenium WebDriver Logs - driver] @29-04-2021 09:58:10.0820 AM
[ReportManager] Browser Action [closeCurrentWindow] successfully performed. @29-04-2021 09:58:10.0895 AM
[ReportManager] Successfully created attachment [Browser Action Test Data - closeCurrentWindow - Actual Value] @29-04-2021 09:58:10.0896 A
[ReportManager] File Action [getAbsolutePath] successfully performed. With the following test data [Relative Folder Path: "target/downloadedFiles/"]. @29-04-2021 09:58:10.0899 AM
[ReportManager] Attempting to run remotely on: [Linux-64], [GoogleChrome], [http://localhost:4444/wd/hub], Headless Execution. @29-04-2021 09:58:10.0900 AM
[ReportManager] Successfully Opened [GoogleChrome]. @29-04-2021 09:58:11.0151 A

################################################################################################################################################
Starting Execution:	[6 out of 137] test cases in the current suite
Test Method:		[testPackage01.Test_IsElementClickable.testIsElementClickable]
################################################################################################################################################
[ReportManager] Target URL: [https://the-internet.herokuapp.com/] @29-04-2021 09:58:11.0174 AM
[ReportManager] Initial URL: [data:,] @29-04-2021 09:58:11.0234 AM
[ReportManager] Browser Action [navigateToURL] successfully performed. With the following test data [https://the-internet.herokuapp.com/]. @29-04-2021 09:58:11.0647 AM
[ReportManager] Element Action [isElementClickable] successfully performed. @29-04-2021 09:58:11.0831 AM
[ReportManager] AssertTrue PASSED; Expected [TRUE] and Actual [TRUE]. Validation Type [POSITIVE]. @29-04-2021 09:58:11.0831 A
[ReportManager] Successfully created attachment [Selenium WebDriver Logs - server] @29-04-2021 09:58:11.0960 AM
[ReportManager] Successfully created attachment [Selenium WebDriver Logs - performance] @29-04-2021 09:58:11.0984 AM
[ReportManager] Successfully created attachment [Selenium WebDriver Logs - browser] @29-04-2021 09:58:11.0993 AM
[ReportManager] Successfully created attachment [Selenium WebDriver Logs - driver] @29-04-2021 09:58:12.0062 AM
[ReportManager] Browser Action [closeCurrentWindow] successfully performed. @29-04-2021 09:58:12.0123 AM
[ReportManager] Successfully created attachment [Browser Action Test Data - closeCurrentWindow - Actual Value] @29-04-2021 09:58:12.0123 A
[ReportManager] File Action [getAbsolutePath] successfully performed. With the following test data [Relative Folder Path: "target/downloadedFiles/"]. @29-04-2021 09:58:12.0132 AM
[ReportManager] Attempting to run remotely on: [Linux-64], [GoogleChrome], [http://localhost:4444/wd/hub], Headless Execution. @29-04-2021 09:58:12.0133 AM
[ReportManager] Successfully Opened [GoogleChrome]. @29-04-2021 09:58:12.0404 A

################################################################################################################################################
Starting Execution:	[7 out of 137] test cases in the current suite
Test Method:		[testPackage01.Test_dragAndDrop.dragAndDrop]
Test Description:	[TC001 - Test Drag and Drop function.]
################################################################################################################################################
[ReportManager] Target URL: [http://the-internet.herokuapp.com/drag_and_drop] @29-04-2021 09:58:12.0437 AM
[ReportManager] Initial URL: [data:,] @29-04-2021 09:58:12.0506 AM
[ReportManager] Browser Action [navigateToURL] successfully performed. With the following test data [http://the-internet.herokuapp.com/drag_and_drop]. @29-04-2021 09:58:12.0910 AM
[ReportManager] Attempting Drag and Drop @29-04-2021 09:58:12.0910 AM
[ReportManager] Element Action [dragAndDrop] successfully performed. With the following test data [Start point: (32, 89), End point: (247, 89)]. @29-04-2021 09:58:14.0162 A
[ReportManager] Successfully created attachment [Selenium WebDriver Logs - server] @29-04-2021 09:58:14.0250 AM
[ReportManager] Successfully created attachment [Selenium WebDriver Logs - performance] @29-04-2021 09:58:14.0272 AM
[ReportManager] Successfully created attachment [Selenium WebDriver Logs - browser] @29-04-2021 09:58:14.0284 AM
[ReportManager] Successfully created attachment [Selenium WebDriver Logs - driver] @29-04-2021 09:58:14.0349 AM
[ReportManager] Browser Action [closeCurrentWindow] successfully performed. @29-04-2021 09:58:14.0407 AM
[ReportManager] Successfully created attachment [Browser Action Test Data - closeCurrentWindow - Actual Value] @29-04-2021 09:58:14.0408 A
[ReportManager] File Action [getAbsolutePath] successfully performed. With the following test data [Relative Folder Path: "target/downloadedFiles/"]. @29-04-2021 09:58:14.0410 AM
[ReportManager] Attempting to run remotely on: [Linux-64], [GoogleChrome], [http://localhost:4444/wd/hub], Headless Execution. @29-04-2021 09:58:14.0410 AM
[ReportManager] Successfully Opened [GoogleChrome]. @29-04-2021 09:58:14.0693 A

################################################################################################################################################
Starting Execution:	[8 out of 137] test cases in the current suite
Test Method:		[testPackage01.Test_dragAndDrop.dragAndDropByOffset]
Test Description:	[TC002 - Test Drag and Drop by offset function.]
################################################################################################################################################
[ReportManager] Target URL: [https://jqueryui.com/resources/demos/draggable/default.html] @29-04-2021 09:58:14.0724 AM
[ReportManager] Initial URL: [data:,] @29-04-2021 09:58:14.0808 AM
[ReportManager] Browser Action [navigateToURL] successfully performed. With the following test data [https://jqueryui.com/resources/demos/draggable/default.html]. @29-04-2021 09:58:15.0298 AM
[ReportManager] Element Action [dragAndDropByOffset] successfully performed. With the following test data [Start point: (8, 8), End point: (1008, 108)]. @29-04-2021 09:58:15.0554 A
[ReportManager] Successfully created attachment [Selenium WebDriver Logs - server] @29-04-2021 09:58:15.0623 AM
[ReportManager] Successfully created attachment [Selenium WebDriver Logs - performance] @29-04-2021 09:58:15.0641 AM
[ReportManager] Successfully created attachment [Selenium WebDriver Logs - driver] @29-04-2021 09:58:15.0716 AM
[ReportManager] Browser Action [closeCurrentWindow] successfully performed. @29-04-2021 09:58:15.0775 AM
[ReportManager] Successfully created attachment [Browser Action Test Data - closeCurrentWindow - Actual Value] @29-04-2021 09:58:15.0775 A
[ReportManager] File Action [getAbsolutePath] successfully performed. With the following test data [Relative Folder Path: "target/downloadedFiles/"]. @29-04-2021 09:58:15.0777 AM
[ReportManager] Attempting to run remotely on: [Linux-64], [GoogleChrome], [http://localhost:4444/wd/hub], Headless Execution. @29-04-2021 09:58:15.0777 AM
[ReportManager] Successfully Opened [GoogleChrome]. @29-04-2021 09:58:16.0047 A

################################################################################################################################################
Starting Execution:	[9 out of 137] test cases in the current suite
Test Method:		[testPackage01.Test_dragAndDrop.dragAndDropJquery]
################################################################################################################################################
[ReportManager] Target URL: [https://jqueryui.com/resources/demos/droppable/default.html] @29-04-2021 09:58:16.0101 AM
[ReportManager] Initial URL: [data:,] @29-04-2021 09:58:16.0155 AM
[ReportManager] Browser Action [navigateToURL] successfully performed. With the following test data [https://jqueryui.com/resources/demos/droppable/default.html]. @29-04-2021 09:58:16.0570 AM
[ReportManager] Element Action [getText] successfully performed. With the following test data [Drop here]. @29-04-2021 09:58:16.0676 AM
[ReportManager] Element Action [dragAndDrop] successfully performed. With the following test data [Start point: (8, 18), End point: (8, 18)]. @29-04-2021 09:58:18.0120 AM
[ReportManager] Element Action [getText] successfully performed. With the following test data [Dropped!]. @29-04-2021 09:58:18.0223 AM
[ReportManager] Checking to see if the text has changed after performing drag and drop... @29-04-2021 09:58:18.0223 AM
[ReportManager] AssertEquals PASSED; Expected [Drop here] and Actual [Dropped!]. Comparison Type [EQUALS]. Validation Type [NEGATIVE]. @29-04-2021 09:58:18.0224 A
[ReportManager] Successfully created attachment [Selenium WebDriver Logs - server] @29-04-2021 09:58:18.0324 AM
[ReportManager] Successfully created attachment [Selenium WebDriver Logs - performance] @29-04-2021 09:58:18.0340 AM
[ReportManager] Successfully created attachment [Selenium WebDriver Logs - driver] @29-04-2021 09:58:18.0440 AM
[ReportManager] Browser Action [closeCurrentWindow] successfully performed. @29-04-2021 09:58:18.0501 AM
[ReportManager] Successfully created attachment [Browser Action Test Data - closeCurrentWindow - Actual Value] @29-04-2021 09:58:18.0501 A

################################################################################################################################################
Starting Execution:	[10 out of 137] test cases in the current suite
Test Method:		[testPackage01.Test_SkipDueToIssue.doNotSkip]
################################################################################################################################################
[ReportManager] This should not be skipped. @29-04-2021 09:58:18.0509 A

################################################################################################################################################
Starting Execution:	[11 out of 137] test cases in the current suite
Test Method:		[testPackage01.Test_SkipDueToIssue.skip]
################################################################################################################################################
[ReportManager] This should be skipped. @29-04-2021 09:58:18.0526 A

################################################################################################################################################
Starting Execution:	[12 out of 137] test cases in the current suite
Test Method:		[testPackage01.Test_SkipDueToIssue.skip2]
################################################################################################################################################
[ReportManager] This should be skipped. @29-04-2021 09:58:18.0536 A

################################################################################################################################################
Starting Execution:	[13 out of 137] test cases in the current suite
Test Method:		[testPackage01.Test_chainableElementActions.chainElementActions]
################################################################################################################################################
[ReportManager] File Action [getAbsolutePath] successfully performed. With the following test data [Relative Folder Path: "target/downloadedFiles/"]. @29-04-2021 09:58:18.0542 AM
[ReportManager] Attempting to run remotely on: [Linux-64], [GoogleChrome], [http://localhost:4444/wd/hub], Headless Execution. @29-04-2021 09:58:18.0542 AM
[ReportManager] Successfully Opened [GoogleChrome]. @29-04-2021 09:58:18.0796 AM
[ReportManager] Target URL: [https://www.google.com/ncr], and after redirection: [https://www.google.com] @29-04-2021 09:58:18.0809 AM
[ReportManager] Initial URL: [data:,] @29-04-2021 09:58:18.0863 AM
[ReportManager] Browser Action [navigateToURL] successfully performed. With the following test data [https://www.google.com/ncr]. @29-04-2021 09:58:19.0827 AM
[ReportManager] Element Action [type] successfully performed. With the following test data [chained type 1]. @29-04-2021 09:58:20.0514 AM
[ReportManager] Element Action [type] successfully performed. With the following test data [chained type 2]. @29-04-2021 09:58:21.0161 AM
[ReportManager] Element Action [typeAppend] successfully performed. With the following test data [345]. @29-04-2021 09:58:21.0345 AM
[ReportManager] Element Action [getText] successfully performed. With the following test data [chained type 2345]. @29-04-2021 09:58:21.0484 AM
[ReportManager] Loaded Shared OpenCV @29-04-2021 09:58:21.0667 AM
[ReportManager] AssertElementAttribute PASSED; Expected [Value Should be 'chained type 2345' for the 'text' attribute, element locator 'By.name: q'] and Actual [chained type 2345]. Comparison Type [EQUALS]. Validation Type [POSITIVE]. @29-04-2021 09:58:21.0756 AM
[ReportManager] Successfully created attachment [Screenshot - 1619690301667_chainElementActions_AssertElementAttribute_passed] @29-04-2021 09:58:21.0758 AM
[ReportManager] Successfully created attachment [Selenium WebDriver Logs - server] @29-04-2021 09:58:21.0870 AM
[ReportManager] Successfully created attachment [Selenium WebDriver Logs - performance] @29-04-2021 09:58:22.0062 AM
[ReportManager] Successfully created attachment [Selenium WebDriver Logs - driver] @29-04-2021 09:58:22.0254 AM
[ReportManager] Browser Action [closeCurrentWindow] successfully performed. @29-04-2021 09:58:22.0315 AM
[ReportManager] Successfully created attachment [Browser Action Test Data - closeCurrentWindow - Actual Value] @29-04-2021 09:58:22.0317 A
[ReportManager] File Action [getAbsolutePath] successfully performed. With the following test data [Relative Folder Path: "target/downloadedFiles/"]. @29-04-2021 09:58:22.0344 AM
[ReportManager] Attempting to run remotely on: [Linux-64], [GoogleChrome], [http://localhost:4444/wd/hub], Headless Execution. @29-04-2021 09:58:22.0345 AM
[ReportManager] Successfully Opened [GoogleChrome]. @29-04-2021 09:58:22.0587 A

################################################################################################################################################
Starting Execution:	[14 out of 137] test cases in the current suite
Test Method:		[testPackage01.Test_clipboardActions.typeTextAndCopyPaste]
################################################################################################################################################
[ReportManager] Target URL: [https://www.google.com/ncr], and after redirection: [https://www.google.com] @29-04-2021 09:58:22.0602 AM
[ReportManager] Initial URL: [data:,] @29-04-2021 09:58:22.0671 AM
[ReportManager] Browser Action [navigateToURL] successfully performed. With the following test data [https://www.google.com/ncr]. @29-04-2021 09:58:23.0594 AM
[ReportManager] Element Action [type] successfully performed. With the following test data [FIRST]. @29-04-2021 09:58:24.0085 AM
[ReportManager] Element Action [clipboardActions] successfully performed. With the following test data [select all]. @29-04-2021 09:58:24.0182 AM
[ReportManager] Element Action [clipboardActions] successfully performed. With the following test data [copy]. @29-04-2021 09:58:24.0267 AM
[ReportManager] Element Action [clipboardActions] successfully performed. With the following test data [unselect]. @29-04-2021 09:58:24.0372 AM
[ReportManager] Element Action [clipboardActions] successfully performed. With the following test data [paste]. @29-04-2021 09:58:24.0464 AM
[ReportManager] Element Action [clipboardActions] successfully performed. With the following test data [select all]. @29-04-2021 09:58:24.0555 AM
[ReportManager] Element Action [clipboardActions] successfully performed. With the following test data [cut]. @29-04-2021 09:58:24.0662 AM
[ReportManager] Element Action [clipboardActions] successfully performed. With the following test data [paste]. @29-04-2021 09:58:24.0768 AM
[ReportManager] Element Action [clipboardActions] successfully performed. With the following test data [paste]. @29-04-2021 09:58:24.0857 A
[ReportManager] Successfully created attachment [Selenium WebDriver Logs - server] @29-04-2021 09:58:24.0992 AM
[ReportManager] Successfully created attachment [Selenium WebDriver Logs - performance] @29-04-2021 09:58:25.0081 AM
[ReportManager] Successfully created attachment [Selenium WebDriver Logs - driver] @29-04-2021 09:58:25.0290 AM
[ReportManager] Browser Action [closeCurrentWindow] successfully performed. @29-04-2021 09:58:25.0358 AM
[ReportManager] Successfully created attachment [Browser Action Test Data - closeCurrentWindow - Actual Value] @29-04-2021 09:58:25.0360 A
[ReportManager] File Action [getAbsolutePath] successfully performed. With the following test data [Relative Folder Path: "target/downloadedFiles/"]. @29-04-2021 09:58:25.0361 AM
[ReportManager] Attempting to run remotely on: [Linux-64], [GoogleChrome], [http://localhost:4444/wd/hub], Headless Execution. @29-04-2021 09:58:25.0362 AM
[ReportManager] Successfully Opened [GoogleChrome]. @29-04-2021 09:58:25.0646 A

################################################################################################################################################
Starting Execution:	[15 out of 137] test cases in the current suite
Test Method:		[testPackage01.Test_verifyEquals.test_assertElementAttribute]
################################################################################################################################################
[ReportManager] Target URL: [https://www.google.com/ncr], and after redirection: [https://www.google.com] @29-04-2021 09:58:25.0668 AM
[ReportManager] Initial URL: [data:,] @29-04-2021 09:58:25.0716 AM
[ReportManager] Browser Action [navigateToURL] successfully performed. With the following test data [https://www.google.com/ncr]. @29-04-2021 09:58:26.0821 AM
[ReportManager] Element Action [type] successfully performed. With the following test data [INC_004010050:Another SCHEDULER with the same name [Duplicate Job Name] already exists.]. @29-04-2021 09:58:29.0024 AM
[ReportManager] Element Action [getText] successfully performed. With the following test data [INC_004010050:Another SCHEDULER with the same name [Duplicate Job Name] already exists.]. @29-04-2021 09:58:29.0157 AM
[ReportManager] Loaded Shared OpenCV @29-04-2021 09:58:29.0346 AM
[ReportManager] VerifyElementAttribute PASSED; Expected [Value Should be 'INC_004010050:Another SCHEDULER with the same name \[Duplicate Job Name\] already exists.' for the 'text' attribute, element locator 'By.name: q'] and Actual [INC_004010050:Another SCHEDULER with the same name [Duplicate Job Name] already exists.]. Comparison Type [MATCHES]. Validation Type [POSITIVE]. @29-04-2021 09:58:29.0428 AM
[ReportManager] Successfully created attachment [Screenshot - 1619690309345_test_assertElementAttribute_VerifyElementAttribute_passed] @29-04-2021 09:58:29.0430 A
[ReportManager] Successfully created attachment [Selenium WebDriver Logs - server] @29-04-2021 09:58:29.0543 AM
[ReportManager] Successfully created attachment [Selenium WebDriver Logs - performance] @29-04-2021 09:58:29.0962 AM
[ReportManager] Successfully created attachment [Selenium WebDriver Logs - driver] @29-04-2021 09:58:30.0345 AM
[ReportManager] Browser Action [closeCurrentWindow] successfully performed. @29-04-2021 09:58:30.0406 AM
[ReportManager] Successfully created attachment [Browser Action Test Data - closeCurrentWindow - Actual Value] @29-04-2021 09:58:30.0407 A

################################################################################################################################################
Starting Execution:	[16 out of 137] test cases in the current suite
Test Method:		[testPackage01.Test_JSONFileManager.readStringFromJson]
################################################################################################################################################
[ReportManager] Successfully loaded the following test data file [src/test/resources/TestDataFiles/simpleJSON.json]. @29-04-2021 09:58:30.0422 AM
[ReportManager] Successfully created attachment [Test Data - JSON] @29-04-2021 09:58:30.0639 AM
[ReportManager] AssertEquals PASSED; Expected [Mohab Mohie] and Actual [Mohab Mohie]. Comparison Type [EQUALS]. Validation Type [POSITIVE]. @29-04-2021 09:58:32.0533 A
[ReportManager] File Action [getAbsolutePath] successfully performed. With the following test data [Relative Folder Path: "target/downloadedFiles/"]. @29-04-2021 09:58:32.0550 AM
[ReportManager] Attempting to run remotely on: [Linux-64], [GoogleChrome], [http://localhost:4444/wd/hub], Headless Execution. @29-04-2021 09:58:32.0550 AM
[ReportManager] Successfully Opened [GoogleChrome]. @29-04-2021 09:58:32.0968 A

################################################################################################################################################
Starting Execution:	[17 out of 137] test cases in the current suite
Test Method:		[testPackage01.Test_uploadFile.uploadFile_invisibleUploadInput]
################################################################################################################################################
[ReportManager] Target URL: [https://fineuploader.com/demos.html#gallery-view] @29-04-2021 09:58:33.0023 AM
[ReportManager] Initial URL: [data:,] @29-04-2021 09:58:33.0099 AM
[ReportManager] Browser Action [navigateToURL] successfully performed. With the following test data [https://fineuploader.com/demos.html#gallery-view]. @29-04-2021 09:58:34.0785 AM
[ReportManager] File Action [getAbsolutePath] successfully performed. With the following test data [Relative File Path: "src/main/resources/images/shaft.png"]. @29-04-2021 09:58:34.0785 AM
[ReportManager] Successfully created attachment [File Action Actual Result - Command Log] @29-04-2021 09:58:34.0791 AM
[ReportManager] Element Action [typeFileLocationForUpload] successfully performed. With the following test data [/home/runner/work/SHAFT_ENGINE/SHAFT_ENGINE/src/main/resources/images/shaft.png]. @29-04-2021 09:58:35.0006 AM
[ReportManager] Attempting to getAttribute [src] from elementLocator [By.xpath: //div[@id='fine-uploader-gallery']//div[@class='qq-thumbnail-wrapper']/img]. @29-04-2021 09:58:35.0006 AM
[ReportManager] Element Action [getAttribute] successfully performed. @29-04-2021 09:58:35.0151 AM
[ReportManager] Successfully created attachment [Element Action Test Data - getAttribute - Actual Value] @29-04-2021 09:58:35.0152 AM
[ReportManager] Loaded Shared OpenCV @29-04-2021 09:58:35.0331 AM
[ReportManager] AssertElementAttribute PASSED; Expected and Actual values are attached. Comparison Type [CONTAINS]. Validation Type [POSITIVE]. @29-04-2021 09:58:35.0435 AM
[ReportManager] Successfully created attachment [Validation Test Data - Expected Value] @29-04-2021 09:58:35.0435 AM
[ReportManager] Successfully created attachment [Validation Test Data - Actual Value] @29-04-2021 09:58:35.0436 AM
[ReportManager] Successfully created attachment [Screenshot - 1619690315331_uploadFile_invisibleUploadInput_AssertElementAttribute_passed] @29-04-2021 09:58:35.0437 A
[ReportManager] Successfully created attachment [Selenium WebDriver Logs - server] @29-04-2021 09:58:35.0575 AM
[ReportManager] Successfully created attachment [Selenium WebDriver Logs - performance] @29-04-2021 09:58:35.0695 AM
[ReportManager] Successfully created attachment [Selenium WebDriver Logs - browser] @29-04-2021 09:58:35.0709 AM
[ReportManager] Successfully created attachment [Selenium WebDriver Logs - driver] @29-04-2021 09:58:35.0853 AM
[ReportManager] Browser Action [closeCurrentWindow] successfully performed. @29-04-2021 09:58:35.0913 AM
[ReportManager] Successfully created attachment [Browser Action Test Data - closeCurrentWindow - Actual Value] @29-04-2021 09:58:35.0914 A
[ReportManager] File Action [getAbsolutePath] successfully performed. With the following test data [Relative Folder Path: "target/downloadedFiles/"]. @29-04-2021 09:58:35.0930 AM
[ReportManager] Attempting to run remotely on: [Linux-64], [GoogleChrome], [http://localhost:4444/wd/hub], Headless Execution. @29-04-2021 09:58:35.0931 AM
[ReportManager] Successfully Opened [GoogleChrome]. @29-04-2021 09:58:36.0219 A

################################################################################################################################################
Starting Execution:	[18 out of 137] test cases in the current suite
Test Method:		[testPackage01.Test_uploadFile.uploadFile_visibleUploadInput]
################################################################################################################################################
[ReportManager] Target URL: [http://demo.guru99.com/test/upload/] @29-04-2021 09:58:36.0255 AM
[ReportManager] Initial URL: [data:,] @29-04-2021 09:58:36.0311 AM
[ReportManager] Browser Action [navigateToURL] successfully performed. With the following test data [http://demo.guru99.com/test/upload/]. @29-04-2021 09:58:37.0150 AM
[ReportManager] File Action [getAbsolutePath] successfully performed. With the following test data [Relative File Path: "src/main/resources/images/shaft.png"]. @29-04-2021 09:58:37.0150 AM
[ReportManager] Successfully created attachment [File Action Actual Result - Command Log] @29-04-2021 09:58:37.0150 AM
[ReportManager] Element Action [typeFileLocationForUpload] successfully performed. With the following test data [/home/runner/work/SHAFT_ENGINE/SHAFT_ENGINE/src/main/resources/images/shaft.png]. @29-04-2021 09:58:37.0358 AM
[ReportManager] Element Action [click] successfully performed. With the following test data [on]. @29-04-2021 09:58:37.0795 AM
[ReportManager] Element Action [click] successfully performed. With the following test data [Submit File]. @29-04-2021 09:58:38.0220 AM
[ReportManager] Element Action [getText] successfully performed. With the following test data [1 file
has been successfully uploaded.]. @29-04-2021 09:58:38.0387 AM
[ReportManager] Loaded Shared OpenCV @29-04-2021 09:58:38.0558 AM
[ReportManager] AssertElementAttribute PASSED; Expected [Value Should be '1 file' for the 'Text' attribute, element locator 'By.id: res'] and Actual [1 file
has been successfully uploaded.]. Comparison Type [CONTAINS]. Validation Type [POSITIVE]. @29-04-2021 09:58:38.0638 AM
[ReportManager] Successfully created attachment [Screenshot - 1619690318558_uploadFile_visibleUploadInput_AssertElementAttribute_passed] @29-04-2021 09:58:38.0639 A
[ReportManager] Successfully created attachment [Selenium WebDriver Logs - server] @29-04-2021 09:58:38.0734 AM
[ReportManager] Successfully created attachment [Selenium WebDriver Logs - performance] @29-04-2021 09:58:38.0801 AM
[ReportManager] Successfully created attachment [Selenium WebDriver Logs - browser] @29-04-2021 09:58:38.0821 AM
[ReportManager] Successfully created attachment [Selenium WebDriver Logs - driver] @29-04-2021 09:58:39.0033 AM
[ReportManager] Browser Action [closeCurrentWindow] successfully performed. @29-04-2021 09:58:39.0105 AM
[ReportManager] Successfully created attachment [Browser Action Test Data - closeCurrentWindow - Actual Value] @29-04-2021 09:58:39.0105 A
[ReportManager] File Action [getAbsolutePath] successfully performed. With the following test data [Relative Folder Path: "target/downloadedFiles/"]. @29-04-2021 09:58:39.0112 AM
[ReportManager] Attempting to run remotely on: [Linux-64], [GoogleChrome], [http://localhost:4444/wd/hub], Headless Execution. @29-04-2021 09:58:39.0112 AM
[ReportManager] Successfully Opened [GoogleChrome]. @29-04-2021 09:58:39.0439 A

################################################################################################################################################
Starting Execution:	[19 out of 137] test cases in the current suite
Test Method:		[testPackage01.Test_ShadowDOM.shadowdom]
################################################################################################################################################
[ReportManager] Target URL: [https://mdn.github.io/web-components-examples/popup-info-box-web-component/] @29-04-2021 09:58:39.0462 AM
[ReportManager] Initial URL: [data:,] @29-04-2021 09:58:39.0515 AM
[ReportManager] Browser Action [navigateToURL] successfully performed. With the following test data [https://mdn.github.io/web-components-examples/popup-info-box-web-component/]. @29-04-2021 09:58:39.0764 AM
[ReportManager] Element Action [type] successfully performed. With the following test data [Typing into SHADOW DOM...]. @29-04-2021 09:58:40.0488 AM
[ReportManager] Element Action [getText] successfully performed. With the following test data [Typing into SHADOW DOM...]. @29-04-2021 09:58:40.0613 AM
[ReportManager] Loaded Shared OpenCV @29-04-2021 09:58:40.0768 AM
[ReportManager] AssertElementAttribute PASSED; Expected [Value Should be 'Typing into SHADOW DOM...' for the 'Text' attribute, element locator 'By.id: cvc'] and Actual [Typing into SHADOW DOM...]. Comparison Type [EQUALS]. Validation Type [POSITIVE]. @29-04-2021 09:58:40.0851 AM
[ReportManager] Successfully created attachment [Screenshot - 1619690320768_shadowdom_AssertElementAttribute_passed] @29-04-2021 09:58:40.0852 A
[ReportManager] Successfully created attachment [Selenium WebDriver Logs - server] @29-04-2021 09:58:40.0920 AM
[ReportManager] Successfully created attachment [Selenium WebDriver Logs - performance] @29-04-2021 09:58:40.0937 AM
[ReportManager] Successfully created attachment [Selenium WebDriver Logs - browser] @29-04-2021 09:58:40.0949 AM
[ReportManager] Successfully created attachment [Selenium WebDriver Logs - driver] @29-04-2021 09:58:41.0060 AM
[ReportManager] Browser Action [closeCurrentWindow] successfully performed. @29-04-2021 09:58:41.0119 AM
[ReportManager] Successfully created attachment [Browser Action Test Data - closeCurrentWindow - Actual Value] @29-04-2021 09:58:41.0120 A

################################################################################################################################################
Starting Execution:	[20 out of 137] test cases in the current suite
Test Method:		[testPackage01.Test_NewValidationHelper.f1]
################################################################################################################################################
[ReportManager] Checking valid user data... @29-04-2021 09:58:41.0124 AM
[ReportManager] AssertEquals PASSED; Expected and Actual values are attached. Comparison Type [EQUALS]. Validation Type [POSITIVE]. @29-04-2021 09:58:41.0124 AM
[ReportManager] Successfully created attachment [Validation Test Data - Expected Value] @29-04-2021 09:58:41.0124 AM
[ReportManager] Successfully created attachment [Validation Test Data - Actual Value] @29-04-2021 09:58:41.0124 A
[ReportManager] File Action [getAbsolutePath] successfully performed. With the following test data [Relative Folder Path: "target/downloadedFiles/"]. @29-04-2021 09:58:41.0127 AM
[ReportManager] Attempting to run remotely on: [Linux-64], [GoogleChrome], [http://localhost:4444/wd/hub], Headless Execution. @29-04-2021 09:58:41.0127 AM
[ReportManager] Successfully Opened [GoogleChrome]. @29-04-2021 09:58:41.0393 AM
[ReportManager] Target URL: [https://the-internet.herokuapp.com/] @29-04-2021 09:58:41.0408 AM
[ReportManager] Initial URL: [data:,] @29-04-2021 09:58:41.0470 AM
[ReportManager] Browser Action [navigateToURL] successfully performed. With the following test data [https://the-internet.herokuapp.com/]. @29-04-2021 09:58:41.0889 A

################################################################################################################################################
Starting Execution:	[21 out of 137] test cases in the current suite
Test Method:		[testPackage01.Test_NewValidationHelper.f10]
################################################################################################################################################
[ReportManager] AssertElementExists FAILED; Expected [Element Should Exist, locator 'By.tagName: div'] and Actual [Element Exists but is not unique]. Comparison Type [EQUALS]. Validation Type [POSITIVE]. @29-04-2021 09:58:42.0224 AM
[ReportManager] Successfully created attachment [Screenshot - 1619690322122_f10_AssertElementExists_failed] @29-04-2021 09:58:42.0224 A
[ReportManager] Successfully created attachment [Selenium WebDriver Logs - server] @29-04-2021 09:58:42.0243 AM
[ReportManager] Successfully created attachment [Selenium WebDriver Logs - performance] @29-04-2021 09:58:42.0264 AM
[ReportManager] Successfully created attachment [Selenium WebDriver Logs - browser] @29-04-2021 09:58:42.0272 AM
[ReportManager] Successfully created attachment [Selenium WebDriver Logs - driver] @29-04-2021 09:58:42.0325 AM
[ReportManager] Successfully Closed All Drivers. @29-04-2021 09:58:42.0400 A
[ReportManager] File Action [getAbsolutePath] successfully performed. With the following test data [Relative Folder Path: "target/downloadedFiles/"]. @29-04-2021 09:58:42.0402 AM
[ReportManager] Attempting to run remotely on: [Linux-64], [GoogleChrome], [http://localhost:4444/wd/hub], Headless Execution. @29-04-2021 09:58:42.0402 AM
[ReportManager] Successfully Opened [GoogleChrome]. @29-04-2021 09:58:42.0651 AM
[ReportManager] Target URL: [https://the-internet.herokuapp.com/] @29-04-2021 09:58:42.0670 AM
[ReportManager] Initial URL: [data:,] @29-04-2021 09:58:42.0733 AM
[ReportManager] Browser Action [navigateToURL] successfully performed. With the following test data [https://the-internet.herokuapp.com/]. @29-04-2021 09:58:43.0142 A

################################################################################################################################################
Starting Execution:	[22 out of 137] test cases in the current suite
Test Method:		[testPackage01.Test_NewValidationHelper.f11]
################################################################################################################################################
[ReportManager] Checking that false tag doesn't exist... @29-04-2021 09:58:43.0144 AM
[ReportManager] AssertElementExists PASSED; Expected [Element Should not Exist, locator 'By.tagName: h3'] and Actual [Element Doesn't Exists]. Comparison Type [EQUALS]. Validation Type [NEGATIVE]. @29-04-2021 09:58:53.0625 AM
[ReportManager] Successfully created attachment [Screenshot - 1619690333549_f11_AssertElementExists_passed] @29-04-2021 09:58:53.0626 A
[ReportManager] Successfully created attachment [Selenium WebDriver Logs - server] @29-04-2021 09:58:53.0639 AM
[ReportManager] Successfully created attachment [Selenium WebDriver Logs - performance] @29-04-2021 09:58:53.0666 AM
[ReportManager] Successfully created attachment [Selenium WebDriver Logs - browser] @29-04-2021 09:58:53.0674 AM
[ReportManager] Successfully created attachment [Selenium WebDriver Logs - driver] @29-04-2021 09:58:53.0737 AM
[ReportManager] Successfully Closed All Drivers. @29-04-2021 09:58:53.0815 A
[ReportManager] File Action [getAbsolutePath] successfully performed. With the following test data [Relative Folder Path: "target/downloadedFiles/"]. @29-04-2021 09:58:53.0818 AM
[ReportManager] Attempting to run remotely on: [Linux-64], [GoogleChrome], [http://localhost:4444/wd/hub], Headless Execution. @29-04-2021 09:58:53.0818 AM
[ReportManager] Successfully Opened [GoogleChrome]. @29-04-2021 09:58:54.0069 AM
[ReportManager] Target URL: [https://the-internet.herokuapp.com/] @29-04-2021 09:58:54.0087 AM
[ReportManager] Initial URL: [data:,] @29-04-2021 09:58:54.0145 AM
[ReportManager] Browser Action [navigateToURL] successfully performed. With the following test data [https://the-internet.herokuapp.com/]. @29-04-2021 09:58:54.0567 A

################################################################################################################################################
Starting Execution:	[23 out of 137] test cases in the current suite
Test Method:		[testPackage01.Test_NewValidationHelper.f12]
################################################################################################################################################
[ReportManager] Loaded Shared OpenCV @29-04-2021 09:58:54.0870 AM
[ReportManager] AssertElementExists FAILED; Expected [Element Should not Exist, locator 'By.tagName: h1'] and Actual [Element Exists]. Comparison Type [EQUALS]. Validation Type [NEGATIVE]. @29-04-2021 09:58:54.0962 AM
[ReportManager] Successfully created attachment [Screenshot - 1619690334869_f12_AssertElementExists_failed] @29-04-2021 09:58:54.0963 A
[ReportManager] Successfully created attachment [Selenium WebDriver Logs - server] @29-04-2021 09:58:54.0991 AM
[ReportManager] Successfully created attachment [Selenium WebDriver Logs - performance] @29-04-2021 09:58:55.0012 AM
[ReportManager] Successfully created attachment [Selenium WebDriver Logs - browser] @29-04-2021 09:58:55.0019 AM
[ReportManager] Successfully created attachment [Selenium WebDriver Logs - driver] @29-04-2021 09:58:55.0077 AM
[ReportManager] Successfully Closed All Drivers. @29-04-2021 09:58:55.0156 A
[ReportManager] File Action [getAbsolutePath] successfully performed. With the following test data [Relative Folder Path: "target/downloadedFiles/"]. @29-04-2021 09:58:55.0159 AM
[ReportManager] Attempting to run remotely on: [Linux-64], [GoogleChrome], [http://localhost:4444/wd/hub], Headless Execution. @29-04-2021 09:58:55.0159 AM
[ReportManager] Successfully Opened [GoogleChrome]. @29-04-2021 09:58:55.0401 AM
[ReportManager] Target URL: [https://the-internet.herokuapp.com/] @29-04-2021 09:58:55.0413 AM
[ReportManager] Initial URL: [data:,] @29-04-2021 09:58:55.0459 AM
[ReportManager] Browser Action [navigateToURL] successfully performed. With the following test data [https://the-internet.herokuapp.com/]. @29-04-2021 09:58:55.0847 A

################################################################################################################################################
Starting Execution:	[24 out of 137] test cases in the current suite
Test Method:		[testPackage01.Test_NewValidationHelper.f13]
################################################################################################################################################
[ReportManager] AssertElementExists FAILED; Expected [Element Should not Exist, locator 'By.tagName: div'] and Actual [Element Exists but is not unique]. Comparison Type [EQUALS]. Validation Type [NEGATIVE]. @29-04-2021 09:58:56.0167 AM
[ReportManager] Successfully created attachment [Screenshot - 1619690336094_f13_AssertElementExists_failed] @29-04-2021 09:58:56.0168 A
[ReportManager] Successfully created attachment [Selenium WebDriver Logs - server] @29-04-2021 09:58:56.0184 AM
[ReportManager] Successfully created attachment [Selenium WebDriver Logs - performance] @29-04-2021 09:58:56.0220 AM
[ReportManager] Successfully created attachment [Selenium WebDriver Logs - browser] @29-04-2021 09:58:56.0227 AM
[ReportManager] Successfully created attachment [Selenium WebDriver Logs - driver] @29-04-2021 09:58:56.0277 AM
[ReportManager] Successfully Closed All Drivers. @29-04-2021 09:58:56.0353 A
[ReportManager] File Action [getAbsolutePath] successfully performed. With the following test data [Relative Folder Path: "target/downloadedFiles/"]. @29-04-2021 09:58:56.0356 AM
[ReportManager] Attempting to run remotely on: [Linux-64], [GoogleChrome], [http://localhost:4444/wd/hub], Headless Execution. @29-04-2021 09:58:56.0356 AM
[ReportManager] Successfully Opened [GoogleChrome]. @29-04-2021 09:58:56.0628 AM
[ReportManager] Target URL: [https://the-internet.herokuapp.com/] @29-04-2021 09:58:56.0640 AM
[ReportManager] Initial URL: [data:,] @29-04-2021 09:58:56.0700 AM
[ReportManager] Browser Action [navigateToURL] successfully performed. With the following test data [https://the-internet.herokuapp.com/]. @29-04-2021 09:58:57.0120 A

################################################################################################################################################
Starting Execution:	[25 out of 137] test cases in the current suite
Test Method:		[testPackage01.Test_NewValidationHelper.f14]
################################################################################################################################################
[ReportManager] Asserting that the header text is correct... @29-04-2021 09:58:57.0129 AM
[ReportManager] Element Action [getText] successfully performed. With the following test data [Welcome to the-internet]. @29-04-2021 09:58:57.0240 AM
[ReportManager] Loaded Shared OpenCV @29-04-2021 09:58:57.0419 AM
[ReportManager] AssertElementAttribute PASSED; Expected [Value Should be 'Welcome to the-internet' for the 'text' attribute, element locator 'By.tagName: h1'] and Actual [Welcome to the-internet]. Comparison Type [EQUALS]. Validation Type [POSITIVE]. @29-04-2021 09:58:57.0521 AM
[ReportManager] Successfully created attachment [Screenshot - 1619690337419_f14_AssertElementAttribute_passed] @29-04-2021 09:58:57.0522 A
[ReportManager] Successfully created attachment [Selenium WebDriver Logs - server] @29-04-2021 09:58:57.0536 AM
[ReportManager] Successfully created attachment [Selenium WebDriver Logs - performance] @29-04-2021 09:58:57.0557 AM
[ReportManager] Successfully created attachment [Selenium WebDriver Logs - browser] @29-04-2021 09:58:57.0565 AM
[ReportManager] Successfully created attachment [Selenium WebDriver Logs - driver] @29-04-2021 09:58:57.0623 AM
[ReportManager] Successfully Closed All Drivers. @29-04-2021 09:58:57.0709 A
[ReportManager] File Action [getAbsolutePath] successfully performed. With the following test data [Relative Folder Path: "target/downloadedFiles/"]. @29-04-2021 09:58:57.0713 AM
[ReportManager] Attempting to run remotely on: [Linux-64], [GoogleChrome], [http://localhost:4444/wd/hub], Headless Execution. @29-04-2021 09:58:57.0713 AM
[ReportManager] Successfully Opened [GoogleChrome]. @29-04-2021 09:58:57.0937 AM
[ReportManager] Target URL: [https://the-internet.herokuapp.com/] @29-04-2021 09:58:57.0950 AM
[ReportManager] Initial URL: [data:,] @29-04-2021 09:58:57.0999 AM
[ReportManager] Browser Action [navigateToURL] successfully performed. With the following test data [https://the-internet.herokuapp.com/]. @29-04-2021 09:58:58.0475 A

################################################################################################################################################
Starting Execution:	[26 out of 137] test cases in the current suite
Test Method:		[testPackage01.Test_NewValidationHelper.f15]
################################################################################################################################################
[ReportManager] Element Action [getText] successfully performed. With the following test data [Welcome to the-internet]. @29-04-2021 09:58:58.0601 AM
[ReportManager] Loaded Shared OpenCV @29-04-2021 09:58:58.0795 AM
[ReportManager] AssertElementAttribute FAILED; Expected [Value Should not be 'Welcome' for the 'text' attribute, element locator 'By.tagName: h1'] and Actual [Welcome to the-internet]. Comparison Type [CONTAINS]. Validation Type [NEGATIVE]. @29-04-2021 09:58:58.0892 AM
[ReportManager] Successfully created attachment [Screenshot - 1619690338795_f15_AssertElementAttribute_failed] @29-04-2021 09:58:58.0894 A
[ReportManager] Successfully created attachment [Selenium WebDriver Logs - server] @29-04-2021 09:58:58.0914 AM
[ReportManager] Successfully created attachment [Selenium WebDriver Logs - performance] @29-04-2021 09:58:58.0934 AM
[ReportManager] Successfully created attachment [Selenium WebDriver Logs - browser] @29-04-2021 09:58:58.0942 AM
[ReportManager] Successfully created attachment [Selenium WebDriver Logs - driver] @29-04-2021 09:58:59.0011 AM
[ReportManager] Successfully Closed All Drivers. @29-04-2021 09:58:59.0096 A
[ReportManager] File Action [getAbsolutePath] successfully performed. With the following test data [Relative Folder Path: "target/downloadedFiles/"]. @29-04-2021 09:58:59.0106 AM
[ReportManager] Attempting to run remotely on: [Linux-64], [GoogleChrome], [http://localhost:4444/wd/hub], Headless Execution. @29-04-2021 09:58:59.0106 AM
[ReportManager] Successfully Opened [GoogleChrome]. @29-04-2021 09:58:59.0361 AM
[ReportManager] Target URL: [https://the-internet.herokuapp.com/] @29-04-2021 09:58:59.0383 AM
[ReportManager] Initial URL: [data:,] @29-04-2021 09:58:59.0433 AM
[ReportManager] Browser Action [navigateToURL] successfully performed. With the following test data [https://the-internet.herokuapp.com/]. @29-04-2021 09:58:59.0820 A

################################################################################################################################################
Starting Execution:	[27 out of 137] test cases in the current suite
Test Method:		[testPackage01.Test_NewValidationHelper.f16]
################################################################################################################################################
[ReportManager] Element Action [identifyUniqueElement] failed. With the following test data [zero elements found matching this locator "By.tagName: h3".]. @29-04-2021 09:59:25.0441 AM
[ReportManager] Successfully created attachment [Screenshot - 1619690365372_f16_identifyUniqueElement_failed] @29-04-2021 09:59:25.0442 AM
[ReportManager] AssertElementAttribute FAILED; Expected [Value Should not be 'Welcome' for the 'text' attribute, element locator 'By.tagName: h3'] and Actual [Failed to read the desired element attribute]. Comparison Type [CONTAINS]. Validation Type [NEGATIVE]. @29-04-2021 09:59:25.0443 A
[ReportManager] Successfully created attachment [Selenium WebDriver Logs - server] @29-04-2021 09:59:25.0458 AM
[ReportManager] Successfully created attachment [Selenium WebDriver Logs - performance] @29-04-2021 09:59:25.0476 AM
[ReportManager] Successfully created attachment [Selenium WebDriver Logs - browser] @29-04-2021 09:59:25.0482 AM
[ReportManager] Successfully created attachment [Selenium WebDriver Logs - driver] @29-04-2021 09:59:25.0542 AM
[ReportManager] Successfully Closed All Drivers. @29-04-2021 09:59:25.0625 A
[ReportManager] File Action [getAbsolutePath] successfully performed. With the following test data [Relative Folder Path: "target/downloadedFiles/"]. @29-04-2021 09:59:25.0628 AM
[ReportManager] Attempting to run remotely on: [Linux-64], [GoogleChrome], [http://localhost:4444/wd/hub], Headless Execution. @29-04-2021 09:59:25.0628 AM
[ReportManager] Successfully Opened [GoogleChrome]. @29-04-2021 09:59:25.0906 AM
[ReportManager] Target URL: [https://the-internet.herokuapp.com/] @29-04-2021 09:59:25.0919 AM
[ReportManager] Initial URL: [data:,] @29-04-2021 09:59:25.0967 AM
[ReportManager] Browser Action [navigateToURL] successfully performed. With the following test data [https://the-internet.herokuapp.com/]. @29-04-2021 09:59:26.0369 A

################################################################################################################################################
Starting Execution:	[28 out of 137] test cases in the current suite
Test Method:		[testPackage01.Test_NewValidationHelper.f17]
################################################################################################################################################
[ReportManager] Attempting to getAttribute [text2] from elementLocator [By.tagName: h1]. @29-04-2021 09:59:26.0371 AM
[ReportManager] Element Action [getAttribute] successfully performed. @29-04-2021 09:59:26.0485 AM
[ReportManager] Loaded Shared OpenCV @29-04-2021 09:59:26.0650 AM
[ReportManager] AssertElementAttribute PASSED; Expected [Value Should not be 'Welcome' for the 'text2' attribute, element locator 'By.tagName: h1'] and Actual [null]. Comparison Type [CONTAINS]. Validation Type [NEGATIVE]. @29-04-2021 09:59:26.0745 AM
[ReportManager] Successfully created attachment [Screenshot - 1619690366650_f17_AssertElementAttribute_passed] @29-04-2021 09:59:26.0746 A
[ReportManager] Successfully created attachment [Selenium WebDriver Logs - server] @29-04-2021 09:59:26.0760 AM
[ReportManager] Successfully created attachment [Selenium WebDriver Logs - performance] @29-04-2021 09:59:26.0784 AM
[ReportManager] Successfully created attachment [Selenium WebDriver Logs - browser] @29-04-2021 09:59:26.0796 AM
[ReportManager] Successfully created attachment [Selenium WebDriver Logs - driver] @29-04-2021 09:59:26.0850 AM
[ReportManager] Successfully Closed All Drivers. @29-04-2021 09:59:26.0929 A
[ReportManager] File Action [getAbsolutePath] successfully performed. With the following test data [Relative Folder Path: "target/downloadedFiles/"]. @29-04-2021 09:59:26.0933 AM
[ReportManager] Attempting to run remotely on: [Linux-64], [GoogleChrome], [http://localhost:4444/wd/hub], Headless Execution. @29-04-2021 09:59:26.0934 AM
[ReportManager] Successfully Opened [GoogleChrome]. @29-04-2021 09:59:27.0181 AM
[ReportManager] Target URL: [https://the-internet.herokuapp.com/] @29-04-2021 09:59:27.0193 AM
[ReportManager] Initial URL: [data:,] @29-04-2021 09:59:27.0242 AM
[ReportManager] Browser Action [navigateToURL] successfully performed. With the following test data [https://the-internet.herokuapp.com/]. @29-04-2021 09:59:27.0743 A

################################################################################################################################################
Starting Execution:	[29 out of 137] test cases in the current suite
Test Method:		[testPackage01.Test_NewValidationHelper.f18]
################################################################################################################################################
[ReportManager] Element Action [getText] successfully performed. With the following test data [Welcome to the-internet]. @29-04-2021 09:59:27.0880 AM
[ReportManager] Loaded Shared OpenCV @29-04-2021 09:59:28.0063 AM
[ReportManager] AssertElementAttribute PASSED; Expected [Value Should not be 'no' for the 'text' attribute, element locator 'By.tagName: h1'] and Actual [Welcome to the-internet]. Comparison Type [CONTAINS]. Validation Type [NEGATIVE]. @29-04-2021 09:59:28.0149 AM
[ReportManager] Successfully created attachment [Screenshot - 1619690368063_f18_AssertElementAttribute_passed] @29-04-2021 09:59:28.0151 A
[ReportManager] Successfully created attachment [Selenium WebDriver Logs - server] @29-04-2021 09:59:28.0169 AM
[ReportManager] Successfully created attachment [Selenium WebDriver Logs - performance] @29-04-2021 09:59:28.0194 AM
[ReportManager] Successfully created attachment [Selenium WebDriver Logs - browser] @29-04-2021 09:59:28.0202 AM
[ReportManager] Successfully created attachment [Selenium WebDriver Logs - driver] @29-04-2021 09:59:28.0255 AM
[ReportManager] Successfully Closed All Drivers. @29-04-2021 09:59:28.0329 A
[ReportManager] File Action [getAbsolutePath] successfully performed. With the following test data [Relative Folder Path: "target/downloadedFiles/"]. @29-04-2021 09:59:28.0332 AM
[ReportManager] Attempting to run remotely on: [Linux-64], [GoogleChrome], [http://localhost:4444/wd/hub], Headless Execution. @29-04-2021 09:59:28.0332 AM
[ReportManager] Successfully Opened [GoogleChrome]. @29-04-2021 09:59:28.0565 AM
[ReportManager] Target URL: [https://the-internet.herokuapp.com/] @29-04-2021 09:59:28.0576 AM
[ReportManager] Initial URL: [data:,] @29-04-2021 09:59:28.0620 AM
[ReportManager] Browser Action [navigateToURL] successfully performed. With the following test data [https://the-internet.herokuapp.com/]. @29-04-2021 09:59:29.0036 A

################################################################################################################################################
Starting Execution:	[30 out of 137] test cases in the current suite
Test Method:		[testPackage01.Test_NewValidationHelper.f19]
################################################################################################################################################
[ReportManager] Element Action [getTagName] successfully performed. With the following test data [h1]. @29-04-2021 09:59:29.0135 AM
[ReportManager] Loaded Shared OpenCV @29-04-2021 09:59:29.0316 AM
[ReportManager] AssertElementAttribute PASSED; Expected [Value Should be 'h' for the 'tagname' attribute, element locator 'By.tagName: h1'] and Actual [h1]. Comparison Type [CONTAINS]. Validation Type [POSITIVE]. @29-04-2021 09:59:29.0432 AM
[ReportManager] Successfully created attachment [Screenshot - 1619690369316_f19_AssertElementAttribute_passed] @29-04-2021 09:59:29.0436 A
[ReportManager] Successfully created attachment [Selenium WebDriver Logs - server] @29-04-2021 09:59:29.0467 AM
[ReportManager] Successfully created attachment [Selenium WebDriver Logs - performance] @29-04-2021 09:59:29.0493 AM
[ReportManager] Successfully created attachment [Selenium WebDriver Logs - browser] @29-04-2021 09:59:29.0500 AM
[ReportManager] Successfully created attachment [Selenium WebDriver Logs - driver] @29-04-2021 09:59:29.0577 AM
[ReportManager] Successfully Closed All Drivers. @29-04-2021 09:59:29.0660 A

################################################################################################################################################
Starting Execution:	[31 out of 137] test cases in the current suite
Test Method:		[testPackage01.Test_NewValidationHelper.f2]
################################################################################################################################################
[ReportManager] Checking valid user data... @29-04-2021 09:59:29.0664 AM
[ReportManager] AssertEquals FAILED; Expected [1] and Actual [2]. Comparison Type [EQUALS]. Validation Type [POSITIVE]. @29-04-2021 09:59:29.0664 A
[ReportManager] File Action [getAbsolutePath] successfully performed. With the following test data [Relative Folder Path: "target/downloadedFiles/"]. @29-04-2021 09:59:29.0670 AM
[ReportManager] Attempting to run remotely on: [Linux-64], [GoogleChrome], [http://localhost:4444/wd/hub], Headless Execution. @29-04-2021 09:59:29.0671 AM
[ReportManager] Successfully Opened [GoogleChrome]. @29-04-2021 09:59:29.0896 AM
[ReportManager] Target URL: [https://the-internet.herokuapp.com/] @29-04-2021 09:59:29.0911 AM
[ReportManager] Initial URL: [data:,] @29-04-2021 09:59:29.0961 AM
[ReportManager] Browser Action [navigateToURL] successfully performed. With the following test data [https://the-internet.herokuapp.com/]. @29-04-2021 09:59:30.0343 A

################################################################################################################################################
Starting Execution:	[32 out of 137] test cases in the current suite
Test Method:		[testPackage01.Test_NewValidationHelper.f20]
################################################################################################################################################
[ReportManager] Element Action [getSize] successfully performed. With the following test data [(755, 61)]. @29-04-2021 09:59:30.0430 AM
[ReportManager] Loaded Shared OpenCV @29-04-2021 09:59:30.0597 AM
[ReportManager] AssertElementAttribute PASSED; Expected [Value Should not be 'a' for the 'size' attribute, element locator 'By.tagName: h1'] and Actual [(755, 61)]. Comparison Type [CONTAINS]. Validation Type [NEGATIVE]. @29-04-2021 09:59:30.0684 AM
[ReportManager] Successfully created attachment [Screenshot - 1619690370597_f20_AssertElementAttribute_passed] @29-04-2021 09:59:30.0686 A
[ReportManager] Successfully created attachment [Selenium WebDriver Logs - server] @29-04-2021 09:59:30.0707 AM
[ReportManager] Successfully created attachment [Selenium WebDriver Logs - performance] @29-04-2021 09:59:30.0733 AM
[ReportManager] Successfully created attachment [Selenium WebDriver Logs - browser] @29-04-2021 09:59:30.0740 AM
[ReportManager] Successfully created attachment [Selenium WebDriver Logs - driver] @29-04-2021 09:59:30.0792 AM
[ReportManager] Successfully Closed All Drivers. @29-04-2021 09:59:30.0887 A
[ReportManager] File Action [getAbsolutePath] successfully performed. With the following test data [Relative Folder Path: "target/downloadedFiles/"]. @29-04-2021 09:59:30.0894 AM
[ReportManager] Attempting to run remotely on: [Linux-64], [GoogleChrome], [http://localhost:4444/wd/hub], Headless Execution. @29-04-2021 09:59:30.0895 AM
[ReportManager] Successfully Opened [GoogleChrome]. @29-04-2021 09:59:31.0192 AM
[ReportManager] Target URL: [https://the-internet.herokuapp.com/] @29-04-2021 09:59:31.0225 AM
[ReportManager] Initial URL: [data:,] @29-04-2021 09:59:31.0304 AM
[ReportManager] Browser Action [navigateToURL] successfully performed. With the following test data [https://the-internet.herokuapp.com/]. @29-04-2021 09:59:31.0733 A

################################################################################################################################################
Starting Execution:	[33 out of 137] test cases in the current suite
Test Method:		[testPackage01.Test_NewValidationHelper.f21]
################################################################################################################################################
[ReportManager] Element Action [identifyUniqueElement] failed. With the following test data [zero elements found matching this locator "By.tagName: h3".]. @29-04-2021 09:59:57.0361 AM
[ReportManager] Successfully created attachment [Screenshot - 1619690397283_f21_identifyUniqueElement_failed] @29-04-2021 09:59:57.0361 AM
[ReportManager] AssertElementAttribute FAILED; Expected [Value Should be 'Welcome' for the 'text' attribute, element locator 'By.tagName: h3'] and Actual [Failed to read the desired element attribute]. Comparison Type [CONTAINS]. Validation Type [POSITIVE]. @29-04-2021 09:59:57.0362 A
[ReportManager] Successfully created attachment [Selenium WebDriver Logs - server] @29-04-2021 09:59:57.0377 AM
[ReportManager] Successfully created attachment [Selenium WebDriver Logs - performance] @29-04-2021 09:59:57.0400 AM
[ReportManager] Successfully created attachment [Selenium WebDriver Logs - browser] @29-04-2021 09:59:57.0409 AM
[ReportManager] Successfully created attachment [Selenium WebDriver Logs - driver] @29-04-2021 09:59:57.0498 AM
[ReportManager] Successfully Closed All Drivers. @29-04-2021 09:59:57.0581 A
[ReportManager] File Action [getAbsolutePath] successfully performed. With the following test data [Relative Folder Path: "target/downloadedFiles/"]. @29-04-2021 09:59:57.0583 AM
[ReportManager] Attempting to run remotely on: [Linux-64], [GoogleChrome], [http://localhost:4444/wd/hub], Headless Execution. @29-04-2021 09:59:57.0583 AM
[ReportManager] Successfully Opened [GoogleChrome]. @29-04-2021 09:59:57.0841 AM
[ReportManager] Target URL: [https://the-internet.herokuapp.com/] @29-04-2021 09:59:57.0853 AM
[ReportManager] Initial URL: [data:,] @29-04-2021 09:59:57.0901 AM
[ReportManager] Browser Action [navigateToURL] successfully performed. With the following test data [https://the-internet.herokuapp.com/]. @29-04-2021 09:59:58.0327 A

################################################################################################################################################
Starting Execution:	[34 out of 137] test cases in the current suite
Test Method:		[testPackage01.Test_NewValidationHelper.f22]
################################################################################################################################################
[ReportManager] Element Action [getText] successfully performed. With the following test data [Welcome to the-internet]. @29-04-2021 09:59:58.0422 AM
[ReportManager] Loaded Shared OpenCV @29-04-2021 09:59:58.0636 AM
[ReportManager] AssertElementAttribute FAILED; Expected [Value Should be 'yyy' for the 'text' attribute, element locator 'By.tagName: h1'] and Actual [Welcome to the-internet]. Comparison Type [CONTAINS]. Validation Type [POSITIVE]. @29-04-2021 09:59:58.0729 AM
[ReportManager] Successfully created attachment [Screenshot - 1619690398636_f22_AssertElementAttribute_failed] @29-04-2021 09:59:58.0730 A
[ReportManager] Successfully created attachment [Selenium WebDriver Logs - server] @29-04-2021 09:59:58.0747 AM
[ReportManager] Successfully created attachment [Selenium WebDriver Logs - performance] @29-04-2021 09:59:58.0770 AM
[ReportManager] Successfully created attachment [Selenium WebDriver Logs - browser] @29-04-2021 09:59:58.0781 AM
[ReportManager] Successfully created attachment [Selenium WebDriver Logs - driver] @29-04-2021 09:59:58.0837 AM
[ReportManager] Successfully Closed All Drivers. @29-04-2021 09:59:58.0912 A

################################################################################################################################################
Starting Execution:	[35 out of 137] test cases in the current suite
Test Method:		[testPackage01.Test_NewValidationHelper.f23]
################################################################################################################################################
[ReportManager] confirming that the actual is greater than or equal to the expected... @29-04-2021 09:59:58.0918 AM
[ReportManager] AssertComparativeRelation PASSED; Expected [1] and Actual [1]. Comparison Type [GREATER_THAN_OR_EQUALS]. Validation Type [POSITIVE]. @29-04-2021 09:59:58.0919 A

################################################################################################################################################
Starting Execution:	[36 out of 137] test cases in the current suite
Test Method:		[testPackage01.Test_NewValidationHelper.f24]
################################################################################################################################################
[ReportManager] AssertComparativeRelation PASSED; Expected [1] and Actual [10]. Comparison Type [GREATER_THAN_OR_EQUALS]. Validation Type [POSITIVE]. @29-04-2021 09:59:58.0923 A

################################################################################################################################################
Starting Execution:	[37 out of 137] test cases in the current suite
Test Method:		[testPackage01.Test_NewValidationHelper.f25]
################################################################################################################################################
[ReportManager] AssertComparativeRelation PASSED; Expected [1] and Actual [1]. Comparison Type [EQUALS]. Validation Type [POSITIVE]. @29-04-2021 09:59:58.0925 A

################################################################################################################################################
Starting Execution:	[38 out of 137] test cases in the current suite
Test Method:		[testPackage01.Test_NewValidationHelper.f26]
################################################################################################################################################
[ReportManager] AssertComparativeRelation PASSED; Expected [1] and Actual [5]. Comparison Type [GREATER_THAN]. Validation Type [POSITIVE]. @29-04-2021 09:59:58.0928 A

################################################################################################################################################
Starting Execution:	[39 out of 137] test cases in the current suite
Test Method:		[testPackage01.Test_NewValidationHelper.f27]
################################################################################################################################################
[ReportManager] AssertComparativeRelation PASSED; Expected [11] and Actual [5]. Comparison Type [LESS_THAN]. Validation Type [POSITIVE]. @29-04-2021 09:59:58.0933 A

################################################################################################################################################
Starting Execution:	[40 out of 137] test cases in the current suite
Test Method:		[testPackage01.Test_NewValidationHelper.f28]
################################################################################################################################################
[ReportManager] AssertComparativeRelation PASSED; Expected [11] and Actual [5]. Comparison Type [LESS_THAN_OR_EQUALS]. Validation Type [POSITIVE]. @29-04-2021 09:59:58.0937 A

################################################################################################################################################
Starting Execution:	[41 out of 137] test cases in the current suite
Test Method:		[testPackage01.Test_NewValidationHelper.f29]
################################################################################################################################################
[ReportManager] AssertComparativeRelation PASSED; Expected [11] and Actual [11]. Comparison Type [LESS_THAN_OR_EQUALS]. Validation Type [POSITIVE]. @29-04-2021 09:59:58.0941 A

################################################################################################################################################
Starting Execution:	[42 out of 137] test cases in the current suite
Test Method:		[testPackage01.Test_NewValidationHelper.f3]
################################################################################################################################################
[ReportManager] AssertEquals PASSED; Expected [1] and Actual [2]. Comparison Type [EQUALS]. Validation Type [NEGATIVE]. @29-04-2021 09:59:58.0945 A

################################################################################################################################################
Starting Execution:	[43 out of 137] test cases in the current suite
Test Method:		[testPackage01.Test_NewValidationHelper.f30]
################################################################################################################################################
[ReportManager] AssertComparativeRelation FAILED; Expected [-9] and Actual [11]. Comparison Type [LESS_THAN_OR_EQUALS]. Validation Type [POSITIVE]. @29-04-2021 09:59:58.0948 A

################################################################################################################################################
Starting Execution:	[44 out of 137] test cases in the current suite
Test Method:		[testPackage01.Test_NewValidationHelper.f31]
################################################################################################################################################
[ReportManager] AssertTrue PASSED; Expected [TRUE] and Actual [TRUE]. Validation Type [POSITIVE]. @29-04-2021 09:59:58.0952 A

################################################################################################################################################
Starting Execution:	[45 out of 137] test cases in the current suite
Test Method:		[testPackage01.Test_NewValidationHelper.f32]
################################################################################################################################################
[ReportManager] AssertTrue PASSED; Expected [FALSE] and Actual [FALSE]. Validation Type [NEGATIVE]. @29-04-2021 09:59:58.0955 A

################################################################################################################################################
Starting Execution:	[46 out of 137] test cases in the current suite
Test Method:		[testPackage01.Test_NewValidationHelper.f33]
################################################################################################################################################
[ReportManager] AssertTrue FAILED; Expected [FALSE] and Actual [TRUE]. Validation Type [NEGATIVE]. @29-04-2021 09:59:58.0958 A

################################################################################################################################################
Starting Execution:	[47 out of 137] test cases in the current suite
Test Method:		[testPackage01.Test_NewValidationHelper.f34]
################################################################################################################################################
[ReportManager] AssertTrue FAILED; Expected [TRUE] and Actual [FALSE]. Validation Type [POSITIVE]. @29-04-2021 09:59:58.0962 A

################################################################################################################################################
Starting Execution:	[48 out of 137] test cases in the current suite
Test Method:		[testPackage01.Test_NewValidationHelper.f35]
################################################################################################################################################
[ReportManager] File Action [doesFileExist] successfully performed. With the following test data [File Path: "pom.xml"]. @29-04-2021 09:59:58.0966 AM
[ReportManager] AssertFileExists PASSED; Expected [File 'pom.xml' should exist, after up to '1' retries] and Actual [File exists]. Validation Type [POSITIVE]. @29-04-2021 09:59:58.0971 A

################################################################################################################################################
Starting Execution:	[49 out of 137] test cases in the current suite
Test Method:		[testPackage01.Test_NewValidationHelper.f36]
################################################################################################################################################
[ReportManager] File Action [doesFileExist] successfully performed. With the following test data [File Path: "src/test/java/testPackage01/Test_NewValidationHelper.java"]. @29-04-2021 09:59:58.0978 AM
[ReportManager] AssertFileExists PASSED; Expected [File 'src/test/java/testPackage01/Test_NewValidationHelper.java' should exist, after up to '1' retries] and Actual [File exists]. Validation Type [POSITIVE]. @29-04-2021 09:59:58.0978 A

################################################################################################################################################
Starting Execution:	[50 out of 137] test cases in the current suite
Test Method:		[testPackage01.Test_NewValidationHelper.f37]
################################################################################################################################################
[ReportManager] confirming that the file does't exist after 5 retries... @29-04-2021 09:59:58.0985 AM
[ReportManager] File Action [doesFileExist] successfully performed. With the following test data [File Path: "pom.xml"]. @29-04-2021 09:59:58.0985 AM
[ReportManager] AssertFileExists FAILED; Expected [File 'pom.xml' should not exist, after up to '5' retries] and Actual [File exists]. Validation Type [NEGATIVE]. @29-04-2021 09:59:58.0986 A

################################################################################################################################################
Starting Execution:	[51 out of 137] test cases in the current suite
Test Method:		[testPackage01.Test_NewValidationHelper.f3_1]
################################################################################################################################################
[ReportManager] Checking valid user data... @29-04-2021 09:59:58.0990 AM
[ReportManager] AssertEquals PASSED; Expected [null] and Actual [null]. Comparison Type [EQUALS]. Validation Type [POSITIVE]. @29-04-2021 09:59:58.0990 A

################################################################################################################################################
Starting Execution:	[52 out of 137] test cases in the current suite
Test Method:		[testPackage01.Test_NewValidationHelper.f4]
################################################################################################################################################
[ReportManager] AssertEquals PASSED; Expected [1] and Actual [123]. Comparison Type [CONTAINS]. Validation Type [POSITIVE]. @29-04-2021 09:59:58.0997 A

################################################################################################################################################
Starting Execution:	[53 out of 137] test cases in the current suite
Test Method:		[testPackage01.Test_NewValidationHelper.f5]
################################################################################################################################################
[ReportManager] AssertNull PASSED; Expected [NULL] and Actual [1]. Comparison Type [EQUALS]. Validation Type [NEGATIVE]. @29-04-2021 09:59:59.0001 A

################################################################################################################################################
Starting Execution:	[54 out of 137] test cases in the current suite
Test Method:		[testPackage01.Test_NewValidationHelper.f6]
################################################################################################################################################
[ReportManager] Making sure that null string is not equal to null object... @29-04-2021 09:59:59.0005 AM
[ReportManager] AssertNull FAILED; Expected [NULL] and Actual [NULL]. Comparison Type [EQUALS]. Validation Type [POSITIVE]. @29-04-2021 09:59:59.0005 A

################################################################################################################################################
Starting Execution:	[55 out of 137] test cases in the current suite
Test Method:		[testPackage01.Test_NewValidationHelper.f6_1]
################################################################################################################################################
[ReportManager] AssertNull FAILED; Expected [NULL] and Actual [NULL]. Comparison Type [EQUALS]. Validation Type [NEGATIVE]. @29-04-2021 09:59:59.0011 A

################################################################################################################################################
Starting Execution:	[56 out of 137] test cases in the current suite
Test Method:		[testPackage01.Test_NewValidationHelper.f6_2]
################################################################################################################################################
[ReportManager] Making sure that null string is not equal to null object... @29-04-2021 09:59:59.0018 AM
[ReportManager] AssertNull FAILED; Expected [NULL] and Actual [not null]. Comparison Type [EQUALS]. Validation Type [POSITIVE]. @29-04-2021 09:59:59.0018 A

################################################################################################################################################
Starting Execution:	[57 out of 137] test cases in the current suite
Test Method:		[testPackage01.Test_NewValidationHelper.f7]
################################################################################################################################################
[ReportManager] AssertNull PASSED; Expected [NULL] and Actual [NULL]. Comparison Type [EQUALS]. Validation Type [POSITIVE]. @29-04-2021 09:59:59.0025 A
[ReportManager] File Action [getAbsolutePath] successfully performed. With the following test data [Relative Folder Path: "target/downloadedFiles/"]. @29-04-2021 09:59:59.0028 AM
[ReportManager] Attempting to run remotely on: [Linux-64], [GoogleChrome], [http://localhost:4444/wd/hub], Headless Execution. @29-04-2021 09:59:59.0028 AM
[ReportManager] Successfully Opened [GoogleChrome]. @29-04-2021 09:59:59.0320 AM
[ReportManager] Target URL: [https://the-internet.herokuapp.com/] @29-04-2021 09:59:59.0334 AM
[ReportManager] Initial URL: [data:,] @29-04-2021 09:59:59.0381 AM
[ReportManager] Browser Action [navigateToURL] successfully performed. With the following test data [https://the-internet.herokuapp.com/]. @29-04-2021 09:59:59.0762 A

################################################################################################################################################
Starting Execution:	[58 out of 137] test cases in the current suite
Test Method:		[testPackage01.Test_NewValidationHelper.f8]
################################################################################################################################################
[ReportManager] Loaded Shared OpenCV @29-04-2021 09:59:59.0999 AM
[ReportManager] AssertElementExists PASSED; Expected [Element Should Exist, locator 'By.tagName: h1'] and Actual [Element Exists]. Comparison Type [EQUALS]. Validation Type [POSITIVE]. @29-04-2021 10:00:00.0084 AM
[ReportManager] Successfully created attachment [Screenshot - 1619690399999_f8_AssertElementExists_passed] @29-04-2021 10:00:00.0086 A
[ReportManager] Successfully created attachment [Selenium WebDriver Logs - server] @29-04-2021 10:00:00.0101 AM
[ReportManager] Successfully created attachment [Selenium WebDriver Logs - performance] @29-04-2021 10:00:00.0122 AM
[ReportManager] Successfully created attachment [Selenium WebDriver Logs - browser] @29-04-2021 10:00:00.0129 AM
[ReportManager] Successfully created attachment [Selenium WebDriver Logs - driver] @29-04-2021 10:00:00.0188 AM
[ReportManager] Successfully Closed All Drivers. @29-04-2021 10:00:00.0267 A
[ReportManager] File Action [getAbsolutePath] successfully performed. With the following test data [Relative Folder Path: "target/downloadedFiles/"]. @29-04-2021 10:00:00.0269 AM
[ReportManager] Attempting to run remotely on: [Linux-64], [GoogleChrome], [http://localhost:4444/wd/hub], Headless Execution. @29-04-2021 10:00:00.0269 AM
[ReportManager] Successfully Opened [GoogleChrome]. @29-04-2021 10:00:00.0524 AM
[ReportManager] Target URL: [https://the-internet.herokuapp.com/] @29-04-2021 10:00:00.0535 AM
[ReportManager] Initial URL: [data:,] @29-04-2021 10:00:00.0583 AM
[ReportManager] Browser Action [navigateToURL] successfully performed. With the following test data [https://the-internet.herokuapp.com/]. @29-04-2021 10:00:00.0994 A

################################################################################################################################################
Starting Execution:	[59 out of 137] test cases in the current suite
Test Method:		[testPackage01.Test_NewValidationHelper.f9]
################################################################################################################################################
[ReportManager] AssertElementExists FAILED; Expected [Element Should Exist, locator 'By.tagName: h3'] and Actual [Element Doesn't Exists]. Comparison Type [EQUALS]. Validation Type [POSITIVE]. @29-04-2021 10:00:31.0756 AM
[ReportManager] Successfully created attachment [Screenshot - 1619690431688_f9_AssertElementExists_failed] @29-04-2021 10:00:31.0757 A
[ReportManager] Successfully created attachment [Selenium WebDriver Logs - server] @29-04-2021 10:00:31.0769 AM
[ReportManager] Successfully created attachment [Selenium WebDriver Logs - performance] @29-04-2021 10:00:31.0790 AM
[ReportManager] Successfully created attachment [Selenium WebDriver Logs - browser] @29-04-2021 10:00:31.0797 AM
[ReportManager] Successfully created attachment [Selenium WebDriver Logs - driver] @29-04-2021 10:00:31.0866 AM
[ReportManager] Successfully Closed All Drivers. @29-04-2021 10:00:31.0946 A

################################################################################################################################################
Starting Execution:	[60 out of 137] test cases in the current suite
Test Method:		[testPackage01.Test_NewValidationHelper.forceFail]
################################################################################################################################################
[ReportManager] AssertFail FAILED; Expected [null] and Actual [null]. @29-04-2021 10:00:31.0951 A

################################################################################################################################################
Starting Execution:	[61 out of 137] test cases in the current suite
Test Method:		[testPackage01.Test_NewValidationHelper.forceFail2]
################################################################################################################################################
[ReportManager] Custom Message... @29-04-2021 10:00:31.0956 AM
[ReportManager] AssertFail FAILED; Expected [null] and Actual [null]. @29-04-2021 10:00:31.0956 A
[ReportManager] Successfully loaded the following test data file [src/test/resources/TestDataFiles/testSuite01/TestData.xlsx]. @29-04-2021 10:00:32.0802 AM
[ReportManager] Successfully created attachment [Test Data - Excel] @29-04-2021 10:00:32.0802 AM
[ReportManager] File Action [getAbsolutePath] successfully performed. With the following test data [Relative Folder Path: "target/downloadedFiles/"]. @29-04-2021 10:00:32.0802 AM
[ReportManager] Attempting to run remotely on: [Linux-64], [GoogleChrome], [http://localhost:4444/wd/hub], Headless Execution. @29-04-2021 10:00:32.0802 AM
[ReportManager] Successfully Opened [GoogleChrome]. @29-04-2021 10:00:33.0096 A

################################################################################################################################################
Starting Execution:	[62 out of 137] test cases in the current suite
Test Method:		[testPackage01.Test_google.navigateToURLandVerifyGoogleLogoIsDisplayed]
Test Description:	[TC001 - Navigate to URL and Verify Google Logo is Displayed]
################################################################################################################################################
[ReportManager] Target URL: [https://www.google.com/ncr], and after redirection: [https://www.google.com] @29-04-2021 10:00:33.0110 AM
[ReportManager] Initial URL: [data:,] @29-04-2021 10:00:33.0155 AM
[ReportManager] Browser Action [navigateToURL] successfully performed. With the following test data [https://www.google.com/ncr]. @29-04-2021 10:00:34.0003 AM
[ReportManager] Loaded Shared OpenCV @29-04-2021 10:00:34.0217 AM
[ReportManager] AssertElementExists PASSED; Expected [Element Should Exist, locator 'By.xpath: //img[@id='hplogo' or @alt='Google']'] and Actual [Element Exists]. Comparison Type [EQUALS]. Validation Type [POSITIVE]. @29-04-2021 10:00:34.0303 AM
[ReportManager] Successfully created attachment [Screenshot - 1619690434217_navigateToURLandVerifyGoogleLogoIsDisplayed_AssertElementExists_passed] @29-04-2021 10:00:34.0326 A

################################################################################################################################################
Starting Execution:	[63 out of 137] test cases in the current suite
Test Method:		[testPackage01.Test_google.searchForQueryandAssertResultsNumDisplayed]
Test Description:	[TC002 - Search for Query and Assert that the number of results is displayed]
################################################################################################################################################
[ReportManager] Element Action [type] successfully performed. With the following test data [SHAFT_Engine]. @29-04-2021 10:00:34.0984 AM
[ReportManager] Element Action [keyPress] successfully performed. With the following test data [Enter]. @29-04-2021 10:00:35.0907 AM
[ReportManager] Element Action [getText] successfully performed. With the following test data [About 3,820,000 results (0.69 seconds) ]. @29-04-2021 10:00:36.0167 AM
[ReportManager] Loaded Shared OpenCV @29-04-2021 10:00:36.0550 AM
[ReportManager] AssertElementAttribute PASSED; Expected [Value Should not be '' for the 'Text' attribute, element locator 'By.id: appbar'] and Actual [About 3,820,000 results (0.69 seconds) ]. Comparison Type [EQUALS]. Validation Type [NEGATIVE]. @29-04-2021 10:00:36.0653 AM
[ReportManager] Successfully created attachment [Screenshot - 1619690436550_searchForQueryandAssertResultsNumDisplayed_AssertElementAttribute_passed] @29-04-2021 10:00:36.0656 A

################################################################################################################################################
Starting Execution:	[64 out of 137] test cases in the current suite
Test Method:		[testPackage01.Test_google.clickNextThrice]
Test Description:	[TC003 - Clicks the next button to make sure that the framework can scroll element into view before clicking it]
################################################################################################################################################
[ReportManager] Element Action [click] successfully performed. With the following test data [Next]. @29-04-2021 10:00:38.0036 A
[ReportManager] Successfully created attachment [Selenium WebDriver Logs - server] @29-04-2021 10:00:38.0283 AM
[ReportManager] Successfully created attachment [Selenium WebDriver Logs - performance] @29-04-2021 10:00:38.0685 AM
[ReportManager] Successfully created attachment [Selenium WebDriver Logs - driver] @29-04-2021 10:00:39.0087 AM
[ReportManager] Browser Action [closeCurrentWindow] successfully performed. @29-04-2021 10:00:39.0148 AM
[ReportManager] Successfully created attachment [Browser Action Test Data - closeCurrentWindow - Actual Value] @29-04-2021 10:00:39.0155 A

################################################################################################################################################
Starting Execution:	[65 out of 137] test cases in the current suite
Test Method:		[testPackage01.Test_testData.f]
################################################################################################################################################
[ReportManager] Successfully loaded the following test data file [src/test/resources/TestDataFiles/testSuite01/TestData.xlsx]. @29-04-2021 10:00:39.0212 AM
[ReportManager] Successfully created attachment [Test Data - Excel] @29-04-2021 10:00:39.0213 AM
[ReportManager] Last Column Number is: [3]. Zero-based. @29-04-2021 10:00:39.0213 A

################################################################################################################################################
Starting Execution:	[66 out of 137] test cases in the current suite
Test Method:		[testPackage01.Test_JsonActions.f]
###############################################################################################################################################

################################################################################################################################################
Starting Execution:	[67 out of 137] test cases in the current suite
Test Method:		[testPackage01.Test_JsonActions.f2]
###############################################################################################################################################

################################################################################################################################################
Starting Execution:	[68 out of 137] test cases in the current suite
Test Method:		[testPackage01.Test_JsonCompareWithSpecialCharacters.specialCharacters]
################################################################################################################################################
[ReportManager] File Action [getAbsolutePath] successfully performed. With the following test data [Relative Folder Path: "src/test/resources/TestJsonFiles/specialCharacters.json"]. @29-04-2021 10:00:39.0327 AM
[ReportManager] File Action [readFromFile] successfully performed. With the following test data [File Path: "/home/runner/work/SHAFT_ENGINE/SHAFT_ENGINE/src/test/resources/TestJsonFiles/specialCharacters.json"]. @29-04-2021 10:00:39.0333 AM
[ReportManager] Successfully created attachment [File Action Actual Result - Command Log] @29-04-2021 10:00:39.0333 AM
[ReportManager] Comparing the provided API response with the file at this path "src/test/resources/TestJsonFiles/specialCharacters.json", comparison type "EQUALS" @29-04-2021 10:00:39.0416 AM
[ReportManager] API Action [compareJSON] successfully performed. With the following test data [src/test/resources/TestJsonFiles/specialCharacters.json]. @29-04-2021 10:00:39.0509 AM
[ReportManager] File Action [getAbsolutePath] successfully performed. With the following test data [Relative Folder Path: "src/test/resources/TestJsonFiles/specialCharacters.json"]. @29-04-2021 10:00:39.0510 AM
[ReportManager] File Action [readFromFile] successfully performed. With the following test data [File Path: "/home/runner/work/SHAFT_ENGINE/SHAFT_ENGINE/src/test/resources/TestJsonFiles/specialCharacters.json"]. @29-04-2021 10:00:39.0510 AM
[ReportManager] VerifyJSONFileContent PASSED; Expected [Response data should match the JSON File in this path 'src/test/resources/TestJsonFiles/specialCharacters.json'] and Actual [TRUE]. Comparison Type [EQUALS]. Validation Type [POSITIVE]. @29-04-2021 10:00:39.0518 AM
[ReportManager] Successfully created attachment [Validation Test Data - Expected JSON Value] @29-04-2021 10:00:39.0519 AM
[ReportManager] Successfully created attachment [Validation Test Data - Actual JSON Value] @29-04-2021 10:00:39.0520 A

################################################################################################################################################
Starting Execution:	[69 out of 137] test cases in the current suite
Test Method:		[testPackage01.Test_JsonCompareWithSpecialCharacters.specialCharacters_assertion]
################################################################################################################################################
[ReportManager] File Action [getAbsolutePath] successfully performed. With the following test data [Relative Folder Path: "src/test/resources/TestJsonFiles/specialCharacters.json"]. @29-04-2021 10:00:39.0534 AM
[ReportManager] File Action [readFromFile] successfully performed. With the following test data [File Path: "/home/runner/work/SHAFT_ENGINE/SHAFT_ENGINE/src/test/resources/TestJsonFiles/specialCharacters.json"]. @29-04-2021 10:00:39.0535 AM
[ReportManager] Successfully created attachment [File Action Actual Result - Command Log] @29-04-2021 10:00:39.0535 AM
[ReportManager] trying out the log message... @29-04-2021 10:00:39.0536 AM
[ReportManager] Comparing the provided API response with the file at this path "src/test/resources/TestJsonFiles/specialCharacters.json", comparison type "CONTAINS" @29-04-2021 10:00:39.0536 AM
[ReportManager] API Action [compareJSON] successfully performed. With the following test data [src/test/resources/TestJsonFiles/specialCharacters.json]. @29-04-2021 10:00:39.0562 AM
[ReportManager] File Action [getAbsolutePath] successfully performed. With the following test data [Relative Folder Path: "src/test/resources/TestJsonFiles/specialCharacters.json"]. @29-04-2021 10:00:39.0562 AM
[ReportManager] File Action [readFromFile] successfully performed. With the following test data [File Path: "/home/runner/work/SHAFT_ENGINE/SHAFT_ENGINE/src/test/resources/TestJsonFiles/specialCharacters.json"]. @29-04-2021 10:00:39.0563 AM
[ReportManager] AssertJSONFileContent PASSED; Expected [Response data should match the JSON File in this path 'src/test/resources/TestJsonFiles/specialCharacters.json'] and Actual [TRUE]. Comparison Type [CONTAINS]. Validation Type [POSITIVE]. @29-04-2021 10:00:39.0571 AM
[ReportManager] Successfully created attachment [Validation Test Data - Expected JSON Value] @29-04-2021 10:00:39.0572 AM
[ReportManager] Successfully created attachment [Validation Test Data - Actual JSON Value] @29-04-2021 10:00:39.0573 A

################################################################################################################################################
Starting Execution:	[70 out of 137] test cases in the current suite
Test Method:		[unitTests.tests_validations_assertions.assertComparativeRelation_greaterThanOrEquals_false_equals_expectedToFail]
################################################################################################################################################
[ReportManager] AssertComparativeRelation FAILED; Expected [1] and Actual [1]. Comparison Type [GREATER_THAN_OR_EQUALS]. Validation Type [NEGATIVE]. @29-04-2021 10:00:39.0601 A

################################################################################################################################################
Starting Execution:	[71 out of 137] test cases in the current suite
Test Method:		[unitTests.tests_validations_assertions.assertComparativeRelation_greaterThanOrEquals_false_equals_expectedToPass]
################################################################################################################################################
[ReportManager] AssertComparativeRelation PASSED; Expected [2] and Actual [1]. Comparison Type [GREATER_THAN_OR_EQUALS]. Validation Type [NEGATIVE]. @29-04-2021 10:00:39.0606 A

################################################################################################################################################
Starting Execution:	[72 out of 137] test cases in the current suite
Test Method:		[unitTests.tests_validations_assertions.assertComparativeRelation_greaterThanOrEquals_false_greaterThan_expectedToFail]
################################################################################################################################################
[ReportManager] AssertComparativeRelation FAILED; Expected [1] and Actual [2]. Comparison Type [GREATER_THAN_OR_EQUALS]. Validation Type [NEGATIVE]. @29-04-2021 10:00:39.0610 A

################################################################################################################################################
Starting Execution:	[73 out of 137] test cases in the current suite
Test Method:		[unitTests.tests_validations_assertions.assertComparativeRelation_greaterThanOrEquals_false_greaterThan_expectedToPass]
################################################################################################################################################
[ReportManager] AssertComparativeRelation PASSED; Expected [2] and Actual [1]. Comparison Type [GREATER_THAN_OR_EQUALS]. Validation Type [NEGATIVE]. @29-04-2021 10:00:39.0616 A

################################################################################################################################################
Starting Execution:	[74 out of 137] test cases in the current suite
Test Method:		[unitTests.tests_validations_assertions.assertComparativeRelation_greaterThanOrEquals_true_equals_expectedToFail]
################################################################################################################################################
[ReportManager] AssertComparativeRelation FAILED; Expected [1] and Actual [0]. Comparison Type [GREATER_THAN_OR_EQUALS]. Validation Type [POSITIVE]. @29-04-2021 10:00:39.0625 A

################################################################################################################################################
Starting Execution:	[75 out of 137] test cases in the current suite
Test Method:		[unitTests.tests_validations_assertions.assertComparativeRelation_greaterThanOrEquals_true_equals_expectedToPass]
################################################################################################################################################
[ReportManager] AssertComparativeRelation PASSED; Expected [1] and Actual [1]. Comparison Type [GREATER_THAN_OR_EQUALS]. Validation Type [POSITIVE]. @29-04-2021 10:00:39.0630 A

################################################################################################################################################
Starting Execution:	[76 out of 137] test cases in the current suite
Test Method:		[unitTests.tests_validations_assertions.assertComparativeRelation_greaterThanOrEquals_true_greaterThan_expectedToFail]
################################################################################################################################################
[ReportManager] AssertComparativeRelation FAILED; Expected [2] and Actual [1]. Comparison Type [GREATER_THAN_OR_EQUALS]. Validation Type [POSITIVE]. @29-04-2021 10:00:39.0635 A

################################################################################################################################################
Starting Execution:	[77 out of 137] test cases in the current suite
Test Method:		[unitTests.tests_validations_assertions.assertComparativeRelation_greaterThanOrEquals_true_greaterThan_expectedToPass]
################################################################################################################################################
[ReportManager] AssertComparativeRelation PASSED; Expected [1] and Actual [2]. Comparison Type [GREATER_THAN_OR_EQUALS]. Validation Type [POSITIVE]. @29-04-2021 10:00:39.0642 A
[ReportManager] File Action [getAbsolutePath] successfully performed. With the following test data [Relative Folder Path: "target/downloadedFiles/"]. @29-04-2021 10:00:39.0645 AM
[ReportManager] Attempting to run remotely on: [Linux-64], [GoogleChrome], [http://localhost:4444/wd/hub], Headless Execution. @29-04-2021 10:00:39.0648 AM
[ReportManager] Successfully Opened [GoogleChrome]. @29-04-2021 10:00:40.0038 AM
[ReportManager] Target URL: [https://www.google.com/ncr], and after redirection: [www.google.com] @29-04-2021 10:00:40.0050 AM
[ReportManager] Initial URL: [data:,] @29-04-2021 10:00:40.0120 AM
[ReportManager] Browser Action [navigateToURL] successfully performed. With the following test data [https://www.google.com/ncr]. @29-04-2021 10:00:40.0998 A

################################################################################################################################################
Starting Execution:	[78 out of 137] test cases in the current suite
Test Method:		[unitTests.tests_validations_assertions.assertElementAttribute_false_caseInsensitiveComparison_expectedToFail]
################################################################################################################################################
[ReportManager] Element Action [type] successfully performed. With the following test data [AUTOMATION]. @29-04-2021 10:00:41.0564 AM
[ReportManager] Element Action [getText] successfully performed. With the following test data [AUTOMATION]. @29-04-2021 10:00:41.0730 AM
[ReportManager] Loaded Shared OpenCV @29-04-2021 10:00:41.0892 AM
[ReportManager] AssertElementAttribute FAILED; Expected [Value Should not be 'AutomaTion' for the 'text' attribute, element locator 'By.name: q'] and Actual [AUTOMATION]. Comparison Type [CASE_INSENSITIVE]. Validation Type [NEGATIVE]. @29-04-2021 10:00:41.0980 AM
[ReportManager] Successfully created attachment [Screenshot - 1619690441892_assertElementAttribute_false_caseInsensitiveComparison_expectedToFail_AssertElementAttribute_failed] @29-04-2021 10:00:41.0981 A
[ReportManager] Successfully created attachment [Selenium WebDriver Logs - server] @29-04-2021 10:00:42.0068 AM
[ReportManager] Successfully created attachment [Selenium WebDriver Logs - performance] @29-04-2021 10:00:42.0152 AM
[ReportManager] Successfully created attachment [Selenium WebDriver Logs - driver] @29-04-2021 10:00:42.0272 AM
[ReportManager] Browser Action [closeCurrentWindow] successfully performed. @29-04-2021 10:00:42.0329 AM
[ReportManager] Successfully created attachment [Browser Action Test Data - closeCurrentWindow - Actual Value] @29-04-2021 10:00:42.0330 A
[ReportManager] File Action [getAbsolutePath] successfully performed. With the following test data [Relative Folder Path: "target/downloadedFiles/"]. @29-04-2021 10:00:42.0334 AM
[ReportManager] Attempting to run remotely on: [Linux-64], [GoogleChrome], [http://localhost:4444/wd/hub], Headless Execution. @29-04-2021 10:00:42.0334 AM
[ReportManager] Successfully Opened [GoogleChrome]. @29-04-2021 10:00:42.0564 AM
[ReportManager] Target URL: [https://www.google.com/ncr], and after redirection: [www.google.com] @29-04-2021 10:00:42.0576 AM
[ReportManager] Initial URL: [data:,] @29-04-2021 10:00:42.0620 AM
[ReportManager] Browser Action [navigateToURL] successfully performed. With the following test data [https://www.google.com/ncr]. @29-04-2021 10:00:43.0497 A

################################################################################################################################################
Starting Execution:	[79 out of 137] test cases in the current suite
Test Method:		[unitTests.tests_validations_assertions.assertElementAttribute_false_caseInsensitiveComparison_expectedToPass]
################################################################################################################################################
[ReportManager] Element Action [type] successfully performed. With the following test data [AUTOMATION]. @29-04-2021 10:00:44.0167 AM
[ReportManager] Element Action [getText] successfully performed. With the following test data [AUTOMATION]. @29-04-2021 10:00:44.0284 AM
[ReportManager] Loaded Shared OpenCV @29-04-2021 10:00:44.0463 AM
[ReportManager] AssertElementAttribute PASSED; Expected [Value Should not be 'AutomaTion123' for the 'text' attribute, element locator 'By.name: q'] and Actual [AUTOMATION]. Comparison Type [CASE_INSENSITIVE]. Validation Type [NEGATIVE]. @29-04-2021 10:00:44.0551 AM
[ReportManager] Successfully created attachment [Screenshot - 1619690444462_assertElementAttribute_false_caseInsensitiveComparison_expectedToPass_AssertElementAttribute_passed] @29-04-2021 10:00:44.0552 A
[ReportManager] Successfully created attachment [Selenium WebDriver Logs - server] @29-04-2021 10:00:44.0644 AM
[ReportManager] Successfully created attachment [Selenium WebDriver Logs - performance] @29-04-2021 10:00:44.0742 AM
[ReportManager] Successfully created attachment [Selenium WebDriver Logs - driver] @29-04-2021 10:00:44.0886 AM
[ReportManager] Browser Action [closeCurrentWindow] successfully performed. @29-04-2021 10:00:44.0943 AM
[ReportManager] Successfully created attachment [Browser Action Test Data - closeCurrentWindow - Actual Value] @29-04-2021 10:00:44.0943 A
[ReportManager] File Action [getAbsolutePath] successfully performed. With the following test data [Relative Folder Path: "target/downloadedFiles/"]. @29-04-2021 10:00:44.0947 AM
[ReportManager] Attempting to run remotely on: [Linux-64], [GoogleChrome], [http://localhost:4444/wd/hub], Headless Execution. @29-04-2021 10:00:44.0947 AM
[ReportManager] Successfully Opened [GoogleChrome]. @29-04-2021 10:00:45.0178 AM
[ReportManager] Target URL: [https://www.google.com/ncr], and after redirection: [www.google.com] @29-04-2021 10:00:45.0208 AM
[ReportManager] Initial URL: [data:,] @29-04-2021 10:00:45.0272 AM
[ReportManager] Browser Action [navigateToURL] successfully performed. With the following test data [https://www.google.com/ncr]. @29-04-2021 10:00:46.0148 A

################################################################################################################################################
Starting Execution:	[80 out of 137] test cases in the current suite
Test Method:		[unitTests.tests_validations_assertions.assertElementAttribute_false_containsComparison_expectedToFail]
################################################################################################################################################
[ReportManager] Element Action [type] successfully performed. With the following test data [Automation123]. @29-04-2021 10:00:46.0775 AM
[ReportManager] Element Action [getText] successfully performed. With the following test data [Automation123]. @29-04-2021 10:00:46.0882 AM
[ReportManager] Loaded Shared OpenCV @29-04-2021 10:00:47.0050 AM
[ReportManager] AssertElementAttribute FAILED; Expected [Value Should not be 'Automation' for the 'text' attribute, element locator 'By.name: q'] and Actual [Automation123]. Comparison Type [CONTAINS]. Validation Type [NEGATIVE]. @29-04-2021 10:00:47.0134 AM
[ReportManager] Successfully created attachment [Screenshot - 1619690447050_assertElementAttribute_false_containsComparison_expectedToFail_AssertElementAttribute_failed] @29-04-2021 10:00:47.0135 A
[ReportManager] Successfully created attachment [Selenium WebDriver Logs - server] @29-04-2021 10:00:47.0236 AM
[ReportManager] Successfully created attachment [Selenium WebDriver Logs - performance] @29-04-2021 10:00:47.0328 AM
[ReportManager] Successfully created attachment [Selenium WebDriver Logs - driver] @29-04-2021 10:00:47.0466 AM
[ReportManager] Browser Action [closeCurrentWindow] successfully performed. @29-04-2021 10:00:47.0484 AM
[ReportManager] Successfully created attachment [Browser Action Test Data - closeCurrentWindow - Actual Value] @29-04-2021 10:00:47.0485 A
[ReportManager] File Action [getAbsolutePath] successfully performed. With the following test data [Relative Folder Path: "target/downloadedFiles/"]. @29-04-2021 10:00:47.0487 AM
[ReportManager] Attempting to run remotely on: [Linux-64], [GoogleChrome], [http://localhost:4444/wd/hub], Headless Execution. @29-04-2021 10:00:47.0487 AM
[ReportManager] Successfully Opened [GoogleChrome]. @29-04-2021 10:00:47.0749 AM
[ReportManager] Target URL: [https://www.google.com/ncr], and after redirection: [www.google.com] @29-04-2021 10:00:47.0761 AM
[ReportManager] Initial URL: [data:,] @29-04-2021 10:00:47.0805 AM
[ReportManager] Browser Action [navigateToURL] successfully performed. With the following test data [https://www.google.com/ncr]. @29-04-2021 10:00:48.0686 A

################################################################################################################################################
Starting Execution:	[81 out of 137] test cases in the current suite
Test Method:		[unitTests.tests_validations_assertions.assertElementAttribute_false_containsComparison_expectedToPass]
################################################################################################################################################
[ReportManager] Element Action [type] successfully performed. With the following test data [Automation123]. @29-04-2021 10:00:49.0343 AM
[ReportManager] Element Action [getText] successfully performed. With the following test data [Automation123]. @29-04-2021 10:00:49.0458 AM
[ReportManager] Loaded Shared OpenCV @29-04-2021 10:00:49.0601 AM
[ReportManager] AssertElementAttribute PASSED; Expected [Value Should not be 'Automation1234' for the 'text' attribute, element locator 'By.name: q'] and Actual [Automation123]. Comparison Type [CONTAINS]. Validation Type [NEGATIVE]. @29-04-2021 10:00:49.0680 AM
[ReportManager] Successfully created attachment [Screenshot - 1619690449601_assertElementAttribute_false_containsComparison_expectedToPass_AssertElementAttribute_passed] @29-04-2021 10:00:49.0681 A
[ReportManager] Successfully created attachment [Selenium WebDriver Logs - server] @29-04-2021 10:00:49.0763 AM
[ReportManager] Successfully created attachment [Selenium WebDriver Logs - performance] @29-04-2021 10:00:49.0854 AM
[ReportManager] Successfully created attachment [Selenium WebDriver Logs - driver] @29-04-2021 10:00:49.0990 AM
[ReportManager] Browser Action [closeCurrentWindow] successfully performed. @29-04-2021 10:00:50.0046 AM
[ReportManager] Successfully created attachment [Browser Action Test Data - closeCurrentWindow - Actual Value] @29-04-2021 10:00:50.0047 A
[ReportManager] File Action [getAbsolutePath] successfully performed. With the following test data [Relative Folder Path: "target/downloadedFiles/"]. @29-04-2021 10:00:50.0049 AM
[ReportManager] Attempting to run remotely on: [Linux-64], [GoogleChrome], [http://localhost:4444/wd/hub], Headless Execution. @29-04-2021 10:00:50.0049 AM
[ReportManager] Successfully Opened [GoogleChrome]. @29-04-2021 10:00:50.0281 AM
[ReportManager] Target URL: [https://www.google.com/ncr], and after redirection: [www.google.com] @29-04-2021 10:00:50.0296 AM
[ReportManager] Initial URL: [data:,] @29-04-2021 10:00:50.0350 AM
[ReportManager] Browser Action [navigateToURL] successfully performed. With the following test data [https://www.google.com/ncr]. @29-04-2021 10:00:51.0226 A

################################################################################################################################################
Starting Execution:	[82 out of 137] test cases in the current suite
Test Method:		[unitTests.tests_validations_assertions.assertElementAttribute_false_literalComparison_expectedToFail]
################################################################################################################################################
[ReportManager] Element Action [type] successfully performed. With the following test data [Automation!@#$%^&*()_+{}[]\';/.,]. @29-04-2021 10:00:52.0603 AM
[ReportManager] Element Action [getText] successfully performed. With the following test data [Automation!@#$%^&*()_+{}[]\';/.,]. @29-04-2021 10:00:52.0723 AM
[ReportManager] Loaded Shared OpenCV @29-04-2021 10:00:52.0909 AM
[ReportManager] AssertElementAttribute PASSED; Expected [Value Should not be 'Automation!@#$%^&*()_+{}[]\\';/.,' for the 'text' attribute, element locator 'By.name: q'] and Actual [Automation!@#$%^&*()_+{}[]\';/.,]. Comparison Type [EQUALS]. Validation Type [NEGATIVE]. @29-04-2021 10:00:52.0993 AM
[ReportManager] Successfully created attachment [Screenshot - 1619690452908_assertElementAttribute_false_literalComparison_expectedToFail_AssertElementAttribute_passed] @29-04-2021 10:00:52.0994 A
[ReportManager] Successfully created attachment [Selenium WebDriver Logs - server] @29-04-2021 10:00:53.0075 AM
[ReportManager] Successfully created attachment [Selenium WebDriver Logs - performance] @29-04-2021 10:00:53.0229 AM
[ReportManager] Successfully created attachment [Selenium WebDriver Logs - driver] @29-04-2021 10:00:53.0430 AM
[ReportManager] Browser Action [closeCurrentWindow] successfully performed. @29-04-2021 10:00:53.0489 AM
[ReportManager] Successfully created attachment [Browser Action Test Data - closeCurrentWindow - Actual Value] @29-04-2021 10:00:53.0490 A
[ReportManager] File Action [getAbsolutePath] successfully performed. With the following test data [Relative Folder Path: "target/downloadedFiles/"]. @29-04-2021 10:00:53.0492 AM
[ReportManager] Attempting to run remotely on: [Linux-64], [GoogleChrome], [http://localhost:4444/wd/hub], Headless Execution. @29-04-2021 10:00:53.0492 AM
[ReportManager] Successfully Opened [GoogleChrome]. @29-04-2021 10:00:53.0741 AM
[ReportManager] Target URL: [https://www.google.com/ncr], and after redirection: [www.google.com] @29-04-2021 10:00:53.0751 AM
[ReportManager] Initial URL: [data:,] @29-04-2021 10:00:53.0791 AM
[ReportManager] Browser Action [navigateToURL] successfully performed. With the following test data [https://www.google.com/ncr]. @29-04-2021 10:00:54.0661 A

################################################################################################################################################
Starting Execution:	[83 out of 137] test cases in the current suite
Test Method:		[unitTests.tests_validations_assertions.assertElementAttribute_false_literalComparison_expectedToPass]
################################################################################################################################################
[ReportManager] Element Action [type] successfully performed. With the following test data [Automation!@#$%^&*()_+{}[]\';/.,]. @29-04-2021 10:00:56.0080 AM
[ReportManager] Element Action [getText] successfully performed. With the following test data [Automation!@#$%^&*()_+{}[]\';/.,]. @29-04-2021 10:00:56.0207 AM
[ReportManager] Loaded Shared OpenCV @29-04-2021 10:00:56.0395 AM
[ReportManager] AssertElementAttribute PASSED; Expected [Value Should not be 'Automation' for the 'text' attribute, element locator 'By.name: q'] and Actual [Automation!@#$%^&*()_+{}[]\';/.,]. Comparison Type [EQUALS]. Validation Type [NEGATIVE]. @29-04-2021 10:00:56.0491 AM
[ReportManager] Successfully created attachment [Screenshot - 1619690456395_assertElementAttribute_false_literalComparison_expectedToPass_AssertElementAttribute_passed] @29-04-2021 10:00:56.0492 A
[ReportManager] Successfully created attachment [Selenium WebDriver Logs - server] @29-04-2021 10:00:56.0591 AM
[ReportManager] Successfully created attachment [Selenium WebDriver Logs - performance] @29-04-2021 10:00:56.0776 AM
[ReportManager] Successfully created attachment [Selenium WebDriver Logs - driver] @29-04-2021 10:00:56.0987 AM
[ReportManager] Browser Action [closeCurrentWindow] successfully performed. @29-04-2021 10:00:57.0043 AM
[ReportManager] Successfully created attachment [Browser Action Test Data - closeCurrentWindow - Actual Value] @29-04-2021 10:00:57.0044 A
[ReportManager] File Action [getAbsolutePath] successfully performed. With the following test data [Relative Folder Path: "target/downloadedFiles/"]. @29-04-2021 10:00:57.0047 AM
[ReportManager] Attempting to run remotely on: [Linux-64], [GoogleChrome], [http://localhost:4444/wd/hub], Headless Execution. @29-04-2021 10:00:57.0047 AM
[ReportManager] Successfully Opened [GoogleChrome]. @29-04-2021 10:00:57.0337 AM
[ReportManager] Target URL: [https://www.google.com/ncr], and after redirection: [www.google.com] @29-04-2021 10:00:57.0348 AM
[ReportManager] Initial URL: [data:,] @29-04-2021 10:00:57.0394 AM
[ReportManager] Browser Action [navigateToURL] successfully performed. With the following test data [https://www.google.com/ncr]. @29-04-2021 10:00:58.0299 A

################################################################################################################################################
Starting Execution:	[84 out of 137] test cases in the current suite
Test Method:		[unitTests.tests_validations_assertions.assertElementAttribute_false_regexComparison_expectedToFail]
################################################################################################################################################
[ReportManager] Element Action [type] successfully performed. With the following test data [Automation123]. @29-04-2021 10:00:59.0043 AM
[ReportManager] Element Action [getText] successfully performed. With the following test data [Automation123]. @29-04-2021 10:00:59.0152 AM
[ReportManager] Loaded Shared OpenCV @29-04-2021 10:00:59.0302 AM
[ReportManager] AssertElementAttribute FAILED; Expected [Value Should not be 'Automation.*' for the 'text' attribute, element locator 'By.name: q'] and Actual [Automation123]. Comparison Type [MATCHES]. Validation Type [NEGATIVE]. @29-04-2021 10:00:59.0386 AM
[ReportManager] Successfully created attachment [Screenshot - 1619690459302_assertElementAttribute_false_regexComparison_expectedToFail_AssertElementAttribute_failed] @29-04-2021 10:00:59.0386 A
[ReportManager] Successfully created attachment [Selenium WebDriver Logs - server] @29-04-2021 10:00:59.0470 AM
[ReportManager] Successfully created attachment [Selenium WebDriver Logs - performance] @29-04-2021 10:00:59.0565 AM
[ReportManager] Successfully created attachment [Selenium WebDriver Logs - driver] @29-04-2021 10:00:59.0713 AM
[ReportManager] Browser Action [closeCurrentWindow] successfully performed. @29-04-2021 10:00:59.0770 AM
[ReportManager] Successfully created attachment [Browser Action Test Data - closeCurrentWindow - Actual Value] @29-04-2021 10:00:59.0771 A
[ReportManager] File Action [getAbsolutePath] successfully performed. With the following test data [Relative Folder Path: "target/downloadedFiles/"]. @29-04-2021 10:00:59.0774 AM
[ReportManager] Attempting to run remotely on: [Linux-64], [GoogleChrome], [http://localhost:4444/wd/hub], Headless Execution. @29-04-2021 10:00:59.0774 AM
[ReportManager] Successfully Opened [GoogleChrome]. @29-04-2021 10:01:00.0015 AM
[ReportManager] Target URL: [https://www.google.com/ncr], and after redirection: [www.google.com] @29-04-2021 10:01:00.0027 AM
[ReportManager] Initial URL: [data:,] @29-04-2021 10:01:00.0086 AM
[ReportManager] Browser Action [navigateToURL] successfully performed. With the following test data [https://www.google.com/ncr]. @29-04-2021 10:01:00.0944 A

################################################################################################################################################
Starting Execution:	[85 out of 137] test cases in the current suite
Test Method:		[unitTests.tests_validations_assertions.assertElementAttribute_false_regexComparison_expectedToPass]
################################################################################################################################################
[ReportManager] Element Action [type] successfully performed. With the following test data [Automation123]. @29-04-2021 10:01:01.0545 AM
[ReportManager] Element Action [getText] successfully performed. With the following test data [Automation123]. @29-04-2021 10:01:01.0664 AM
[ReportManager] Loaded Shared OpenCV @29-04-2021 10:01:01.0815 AM
[ReportManager] AssertElementAttribute PASSED; Expected [Value Should not be 'Automation' for the 'text' attribute, element locator 'By.name: q'] and Actual [Automation123]. Comparison Type [MATCHES]. Validation Type [NEGATIVE]. @29-04-2021 10:01:01.0894 AM
[ReportManager] Successfully created attachment [Screenshot - 1619690461815_assertElementAttribute_false_regexComparison_expectedToPass_AssertElementAttribute_passed] @29-04-2021 10:01:01.0895 A
[ReportManager] Successfully created attachment [Selenium WebDriver Logs - server] @29-04-2021 10:01:01.0980 AM
[ReportManager] Successfully created attachment [Selenium WebDriver Logs - performance] @29-04-2021 10:01:02.0066 AM
[ReportManager] Successfully created attachment [Selenium WebDriver Logs - driver] @29-04-2021 10:01:02.0194 AM
[ReportManager] Browser Action [closeCurrentWindow] successfully performed. @29-04-2021 10:01:02.0250 AM
[ReportManager] Successfully created attachment [Browser Action Test Data - closeCurrentWindow - Actual Value] @29-04-2021 10:01:02.0251 A
[ReportManager] File Action [getAbsolutePath] successfully performed. With the following test data [Relative Folder Path: "target/downloadedFiles/"]. @29-04-2021 10:01:02.0253 AM
[ReportManager] Attempting to run remotely on: [Linux-64], [GoogleChrome], [http://localhost:4444/wd/hub], Headless Execution. @29-04-2021 10:01:02.0253 AM
[ReportManager] Successfully Opened [GoogleChrome]. @29-04-2021 10:01:02.0487 AM
[ReportManager] Target URL: [https://www.google.com/ncr], and after redirection: [www.google.com] @29-04-2021 10:01:02.0498 AM
[ReportManager] Initial URL: [data:,] @29-04-2021 10:01:02.0548 AM
[ReportManager] Browser Action [navigateToURL] successfully performed. With the following test data [https://www.google.com/ncr]. @29-04-2021 10:01:03.0383 A

################################################################################################################################################
Starting Execution:	[86 out of 137] test cases in the current suite
Test Method:		[unitTests.tests_validations_assertions.assertElementAttribute_true_caseInsensitiveComparison_expectedToFail]
################################################################################################################################################
[ReportManager] Element Action [type] successfully performed. With the following test data [AUTOMATION]. @29-04-2021 10:01:04.0014 AM
[ReportManager] Element Action [getText] successfully performed. With the following test data [AUTOMATION]. @29-04-2021 10:01:04.0124 AM
[ReportManager] Loaded Shared OpenCV @29-04-2021 10:01:04.0274 AM
[ReportManager] AssertElementAttribute FAILED; Expected [Value Should be 'AutomaTion123' for the 'text' attribute, element locator 'By.name: q'] and Actual [AUTOMATION]. Comparison Type [CASE_INSENSITIVE]. Validation Type [POSITIVE]. @29-04-2021 10:01:04.0357 AM
[ReportManager] Successfully created attachment [Screenshot - 1619690464274_assertElementAttribute_true_caseInsensitiveComparison_expectedToFail_AssertElementAttribute_failed] @29-04-2021 10:01:04.0358 A
[ReportManager] Successfully created attachment [Selenium WebDriver Logs - server] @29-04-2021 10:01:04.0444 AM
[ReportManager] Successfully created attachment [Selenium WebDriver Logs - performance] @29-04-2021 10:01:04.0536 AM
[ReportManager] Successfully created attachment [Selenium WebDriver Logs - driver] @29-04-2021 10:01:04.0675 AM
[ReportManager] Browser Action [closeCurrentWindow] successfully performed. @29-04-2021 10:01:04.0740 AM
[ReportManager] Successfully created attachment [Browser Action Test Data - closeCurrentWindow - Actual Value] @29-04-2021 10:01:04.0741 A
[ReportManager] File Action [getAbsolutePath] successfully performed. With the following test data [Relative Folder Path: "target/downloadedFiles/"]. @29-04-2021 10:01:04.0744 AM
[ReportManager] Attempting to run remotely on: [Linux-64], [GoogleChrome], [http://localhost:4444/wd/hub], Headless Execution. @29-04-2021 10:01:04.0744 AM
[ReportManager] Successfully Opened [GoogleChrome]. @29-04-2021 10:01:04.0966 AM
[ReportManager] Target URL: [https://www.google.com/ncr], and after redirection: [www.google.com] @29-04-2021 10:01:04.0985 AM
[ReportManager] Initial URL: [data:,] @29-04-2021 10:01:05.0032 AM
[ReportManager] Browser Action [navigateToURL] successfully performed. With the following test data [https://www.google.com/ncr]. @29-04-2021 10:01:05.0836 A

################################################################################################################################################
Starting Execution:	[87 out of 137] test cases in the current suite
Test Method:		[unitTests.tests_validations_assertions.assertElementAttribute_true_caseInsensitiveComparison_expectedToPass]
################################################################################################################################################
[ReportManager] Element Action [type] successfully performed. With the following test data [AUTOMATION]. @29-04-2021 10:01:06.0454 AM
[ReportManager] Element Action [getText] successfully performed. With the following test data [AUTOMATION]. @29-04-2021 10:01:06.0560 AM
[ReportManager] Loaded Shared OpenCV @29-04-2021 10:01:06.0705 AM
[ReportManager] AssertElementAttribute PASSED; Expected [Value Should be 'AutomaTion' for the 'text' attribute, element locator 'By.name: q'] and Actual [AUTOMATION]. Comparison Type [CASE_INSENSITIVE]. Validation Type [POSITIVE]. @29-04-2021 10:01:06.0792 AM
[ReportManager] Successfully created attachment [Screenshot - 1619690466705_assertElementAttribute_true_caseInsensitiveComparison_expectedToPass_AssertElementAttribute_passed] @29-04-2021 10:01:06.0793 A
[ReportManager] Successfully created attachment [Selenium WebDriver Logs - server] @29-04-2021 10:01:06.0874 AM
[ReportManager] Successfully created attachment [Selenium WebDriver Logs - performance] @29-04-2021 10:01:06.0962 AM
[ReportManager] Successfully created attachment [Selenium WebDriver Logs - driver] @29-04-2021 10:01:07.0106 AM
[ReportManager] Browser Action [closeCurrentWindow] successfully performed. @29-04-2021 10:01:07.0162 AM
[ReportManager] Successfully created attachment [Browser Action Test Data - closeCurrentWindow - Actual Value] @29-04-2021 10:01:07.0163 A
[ReportManager] File Action [getAbsolutePath] successfully performed. With the following test data [Relative Folder Path: "target/downloadedFiles/"]. @29-04-2021 10:01:07.0165 AM
[ReportManager] Attempting to run remotely on: [Linux-64], [GoogleChrome], [http://localhost:4444/wd/hub], Headless Execution. @29-04-2021 10:01:07.0165 AM
[ReportManager] Successfully Opened [GoogleChrome]. @29-04-2021 10:01:07.0391 AM
[ReportManager] Target URL: [https://www.google.com/ncr], and after redirection: [www.google.com] @29-04-2021 10:01:07.0402 AM
[ReportManager] Initial URL: [data:,] @29-04-2021 10:01:07.0451 AM
[ReportManager] Browser Action [navigateToURL] successfully performed. With the following test data [https://www.google.com/ncr]. @29-04-2021 10:01:08.0270 A

################################################################################################################################################
Starting Execution:	[88 out of 137] test cases in the current suite
Test Method:		[unitTests.tests_validations_assertions.assertElementAttribute_true_containsComparison_expectedToFail]
################################################################################################################################################
[ReportManager] Element Action [type] successfully performed. With the following test data [Automation123]. @29-04-2021 10:01:08.0850 AM
[ReportManager] Element Action [getText] successfully performed. With the following test data [Automation123]. @29-04-2021 10:01:08.0976 AM
[ReportManager] Loaded Shared OpenCV @29-04-2021 10:01:09.0131 AM
[ReportManager] AssertElementAttribute FAILED; Expected [Value Should be 'Automation1234' for the 'text' attribute, element locator 'By.name: q'] and Actual [Automation123]. Comparison Type [CONTAINS]. Validation Type [POSITIVE]. @29-04-2021 10:01:09.0211 AM
[ReportManager] Successfully created attachment [Screenshot - 1619690469131_assertElementAttribute_true_containsComparison_expectedToFail_AssertElementAttribute_failed] @29-04-2021 10:01:09.0211 A
[ReportManager] Successfully created attachment [Selenium WebDriver Logs - server] @29-04-2021 10:01:09.0290 AM
[ReportManager] Successfully created attachment [Selenium WebDriver Logs - performance] @29-04-2021 10:01:09.0380 AM
[ReportManager] Successfully created attachment [Selenium WebDriver Logs - driver] @29-04-2021 10:01:09.0509 AM
[ReportManager] Browser Action [closeCurrentWindow] successfully performed. @29-04-2021 10:01:09.0565 AM
[ReportManager] Successfully created attachment [Browser Action Test Data - closeCurrentWindow - Actual Value] @29-04-2021 10:01:09.0566 A
[ReportManager] File Action [getAbsolutePath] successfully performed. With the following test data [Relative Folder Path: "target/downloadedFiles/"]. @29-04-2021 10:01:09.0569 AM
[ReportManager] Attempting to run remotely on: [Linux-64], [GoogleChrome], [http://localhost:4444/wd/hub], Headless Execution. @29-04-2021 10:01:09.0570 AM
[ReportManager] Successfully Opened [GoogleChrome]. @29-04-2021 10:01:09.0789 AM
[ReportManager] Target URL: [https://www.google.com/ncr], and after redirection: [www.google.com] @29-04-2021 10:01:09.0812 AM
[ReportManager] Initial URL: [data:,] @29-04-2021 10:01:09.0886 AM
[ReportManager] Browser Action [navigateToURL] successfully performed. With the following test data [https://www.google.com/ncr]. @29-04-2021 10:01:10.0715 A

################################################################################################################################################
Starting Execution:	[89 out of 137] test cases in the current suite
Test Method:		[unitTests.tests_validations_assertions.assertElementAttribute_true_containsComparison_expectedToPass]
################################################################################################################################################
[ReportManager] Element Action [type] successfully performed. With the following test data [Automation123]. @29-04-2021 10:01:11.0379 AM
[ReportManager] Element Action [getText] successfully performed. With the following test data [Automation123]. @29-04-2021 10:01:11.0517 AM
[ReportManager] Loaded Shared OpenCV @29-04-2021 10:01:11.0666 AM
[ReportManager] AssertElementAttribute PASSED; Expected [Value Should be 'Automation' for the 'text' attribute, element locator 'By.name: q'] and Actual [Automation123]. Comparison Type [CONTAINS]. Validation Type [POSITIVE]. @29-04-2021 10:01:11.0745 AM
[ReportManager] Successfully created attachment [Screenshot - 1619690471665_assertElementAttribute_true_containsComparison_expectedToPass_AssertElementAttribute_passed] @29-04-2021 10:01:11.0746 A
[ReportManager] Successfully created attachment [Selenium WebDriver Logs - server] @29-04-2021 10:01:11.0824 AM
[ReportManager] Successfully created attachment [Selenium WebDriver Logs - performance] @29-04-2021 10:01:11.0925 AM
[ReportManager] Successfully created attachment [Selenium WebDriver Logs - driver] @29-04-2021 10:01:12.0065 AM
[ReportManager] Browser Action [closeCurrentWindow] successfully performed. @29-04-2021 10:01:12.0121 AM
[ReportManager] Successfully created attachment [Browser Action Test Data - closeCurrentWindow - Actual Value] @29-04-2021 10:01:12.0122 A
[ReportManager] File Action [getAbsolutePath] successfully performed. With the following test data [Relative Folder Path: "target/downloadedFiles/"]. @29-04-2021 10:01:12.0125 AM
[ReportManager] Attempting to run remotely on: [Linux-64], [GoogleChrome], [http://localhost:4444/wd/hub], Headless Execution. @29-04-2021 10:01:12.0126 AM
[ReportManager] Successfully Opened [GoogleChrome]. @29-04-2021 10:01:12.0346 AM
[ReportManager] Target URL: [https://www.google.com/ncr], and after redirection: [www.google.com] @29-04-2021 10:01:12.0357 AM
[ReportManager] Initial URL: [data:,] @29-04-2021 10:01:12.0410 AM
[ReportManager] Browser Action [navigateToURL] successfully performed. With the following test data [https://www.google.com/ncr]. @29-04-2021 10:01:13.0305 A

################################################################################################################################################
Starting Execution:	[90 out of 137] test cases in the current suite
Test Method:		[unitTests.tests_validations_assertions.assertElementAttribute_true_literalComparison_expectedToFail]
################################################################################################################################################
[ReportManager] Element Action [type] successfully performed. With the following test data [Automation!@#$%^&*()_+{}[]\';/.,]. @29-04-2021 10:01:14.0742 AM
[ReportManager] Element Action [getText] successfully performed. With the following test data [Automation!@#$%^&*()_+{}[]\';/.,]. @29-04-2021 10:01:14.0857 AM
[ReportManager] Loaded Shared OpenCV @29-04-2021 10:01:15.0011 AM
[ReportManager] AssertElementAttribute FAILED; Expected [Value Should be 'Automation' for the 'text' attribute, element locator 'By.name: q'] and Actual [Automation!@#$%^&*()_+{}[]\';/.,]. Comparison Type [EQUALS]. Validation Type [POSITIVE]. @29-04-2021 10:01:15.0098 AM
[ReportManager] Successfully created attachment [Screenshot - 1619690475010_assertElementAttribute_true_literalComparison_expectedToFail_AssertElementAttribute_failed] @29-04-2021 10:01:15.0099 A
[ReportManager] Successfully created attachment [Selenium WebDriver Logs - server] @29-04-2021 10:01:15.0181 AM
[ReportManager] Successfully created attachment [Selenium WebDriver Logs - performance] @29-04-2021 10:01:15.0352 AM
[ReportManager] Successfully created attachment [Selenium WebDriver Logs - driver] @29-04-2021 10:01:15.0542 AM
[ReportManager] Browser Action [closeCurrentWindow] successfully performed. @29-04-2021 10:01:15.0606 AM
[ReportManager] Successfully created attachment [Browser Action Test Data - closeCurrentWindow - Actual Value] @29-04-2021 10:01:15.0607 A
[ReportManager] File Action [getAbsolutePath] successfully performed. With the following test data [Relative Folder Path: "target/downloadedFiles/"]. @29-04-2021 10:01:15.0610 AM
[ReportManager] Attempting to run remotely on: [Linux-64], [GoogleChrome], [http://localhost:4444/wd/hub], Headless Execution. @29-04-2021 10:01:15.0610 AM
[ReportManager] Successfully Opened [GoogleChrome]. @29-04-2021 10:01:15.0848 AM
[ReportManager] Target URL: [https://www.google.com/ncr], and after redirection: [www.google.com] @29-04-2021 10:01:15.0858 AM
[ReportManager] Initial URL: [data:,] @29-04-2021 10:01:15.0907 AM
[ReportManager] Browser Action [navigateToURL] successfully performed. With the following test data [https://www.google.com/ncr]. @29-04-2021 10:01:16.0747 A

################################################################################################################################################
Starting Execution:	[91 out of 137] test cases in the current suite
Test Method:		[unitTests.tests_validations_assertions.assertElementAttribute_true_literalComparison_expectedToPass]
################################################################################################################################################
[ReportManager] Element Action [type] successfully performed. With the following test data [Automation!@#$%^&*()_+{}[]\';/.,]. @29-04-2021 10:01:18.0056 AM
[ReportManager] Element Action [getText] successfully performed. With the following test data [Automation!@#$%^&*()_+{}[]\';/.,]. @29-04-2021 10:01:18.0170 AM
[ReportManager] Loaded Shared OpenCV @29-04-2021 10:01:18.0326 AM
[ReportManager] AssertElementAttribute PASSED; Expected [Value Should be 'Automation!@#$%^&*()_+{}[]\';/.,' for the 'text' attribute, element locator 'By.name: q'] and Actual [Automation!@#$%^&*()_+{}[]\';/.,]. Comparison Type [EQUALS]. Validation Type [POSITIVE]. @29-04-2021 10:01:18.0410 AM
[ReportManager] Successfully created attachment [Screenshot - 1619690478325_assertElementAttribute_true_literalComparison_expectedToPass_AssertElementAttribute_passed] @29-04-2021 10:01:18.0411 A
[ReportManager] Successfully created attachment [Selenium WebDriver Logs - server] @29-04-2021 10:01:18.0490 AM
[ReportManager] Successfully created attachment [Selenium WebDriver Logs - performance] @29-04-2021 10:01:18.0656 AM
[ReportManager] Successfully created attachment [Selenium WebDriver Logs - driver] @29-04-2021 10:01:18.0839 AM
[ReportManager] Browser Action [closeCurrentWindow] successfully performed. @29-04-2021 10:01:18.0895 AM
[ReportManager] Successfully created attachment [Browser Action Test Data - closeCurrentWindow - Actual Value] @29-04-2021 10:01:18.0895 A
[ReportManager] File Action [getAbsolutePath] successfully performed. With the following test data [Relative Folder Path: "target/downloadedFiles/"]. @29-04-2021 10:01:18.0898 AM
[ReportManager] Attempting to run remotely on: [Linux-64], [GoogleChrome], [http://localhost:4444/wd/hub], Headless Execution. @29-04-2021 10:01:18.0898 AM
[ReportManager] Successfully Opened [GoogleChrome]. @29-04-2021 10:01:19.0133 AM
[ReportManager] Target URL: [https://www.google.com/ncr], and after redirection: [www.google.com] @29-04-2021 10:01:19.0144 AM
[ReportManager] Initial URL: [data:,] @29-04-2021 10:01:19.0188 AM
[ReportManager] Browser Action [navigateToURL] successfully performed. With the following test data [https://www.google.com/ncr]. @29-04-2021 10:01:20.0023 A

################################################################################################################################################
Starting Execution:	[92 out of 137] test cases in the current suite
Test Method:		[unitTests.tests_validations_assertions.assertElementAttribute_true_regexComparison_expectedToFail]
################################################################################################################################################
[ReportManager] Element Action [type] successfully performed. With the following test data [Automation123]. @29-04-2021 10:01:20.0654 AM
[ReportManager] Element Action [getText] successfully performed. With the following test data [Automation123]. @29-04-2021 10:01:20.0762 AM
[ReportManager] Loaded Shared OpenCV @29-04-2021 10:01:20.0899 AM
[ReportManager] AssertElementAttribute FAILED; Expected [Value Should be 'Automation' for the 'text' attribute, element locator 'By.name: q'] and Actual [Automation123]. Comparison Type [MATCHES]. Validation Type [POSITIVE]. @29-04-2021 10:01:20.0977 AM
[ReportManager] Successfully created attachment [Screenshot - 1619690480899_assertElementAttribute_true_regexComparison_expectedToFail_AssertElementAttribute_failed] @29-04-2021 10:01:20.0978 A
[ReportManager] Successfully created attachment [Selenium WebDriver Logs - server] @29-04-2021 10:01:21.0060 AM
[ReportManager] Successfully created attachment [Selenium WebDriver Logs - performance] @29-04-2021 10:01:21.0146 AM
[ReportManager] Successfully created attachment [Selenium WebDriver Logs - driver] @29-04-2021 10:01:21.0296 AM
[ReportManager] Browser Action [closeCurrentWindow] successfully performed. @29-04-2021 10:01:21.0315 AM
[ReportManager] Successfully created attachment [Browser Action Test Data - closeCurrentWindow - Actual Value] @29-04-2021 10:01:21.0316 A
[ReportManager] File Action [getAbsolutePath] successfully performed. With the following test data [Relative Folder Path: "target/downloadedFiles/"]. @29-04-2021 10:01:21.0320 AM
[ReportManager] Attempting to run remotely on: [Linux-64], [GoogleChrome], [http://localhost:4444/wd/hub], Headless Execution. @29-04-2021 10:01:21.0320 AM
[ReportManager] Successfully Opened [GoogleChrome]. @29-04-2021 10:01:21.0594 AM
[ReportManager] Target URL: [https://www.google.com/ncr], and after redirection: [www.google.com] @29-04-2021 10:01:21.0604 AM
[ReportManager] Initial URL: [data:,] @29-04-2021 10:01:21.0649 AM
[ReportManager] Browser Action [navigateToURL] successfully performed. With the following test data [https://www.google.com/ncr]. @29-04-2021 10:01:22.0460 A

################################################################################################################################################
Starting Execution:	[93 out of 137] test cases in the current suite
Test Method:		[unitTests.tests_validations_assertions.assertElementAttribute_true_regexComparison_expectedToPass]
################################################################################################################################################
[ReportManager] Element Action [type] successfully performed. With the following test data [Automation123]. @29-04-2021 10:01:23.0026 AM
[ReportManager] Element Action [getText] successfully performed. With the following test data [Automation123]. @29-04-2021 10:01:23.0137 AM
[ReportManager] Loaded Shared OpenCV @29-04-2021 10:01:23.0306 AM
[ReportManager] AssertElementAttribute PASSED; Expected [Value Should be 'Automation.*' for the 'text' attribute, element locator 'By.name: q'] and Actual [Automation123]. Comparison Type [MATCHES]. Validation Type [POSITIVE]. @29-04-2021 10:01:23.0387 AM
[ReportManager] Successfully created attachment [Screenshot - 1619690483306_assertElementAttribute_true_regexComparison_expectedToPass_AssertElementAttribute_passed] @29-04-2021 10:01:23.0388 A
[ReportManager] Successfully created attachment [Selenium WebDriver Logs - server] @29-04-2021 10:01:23.0513 AM
[ReportManager] Successfully created attachment [Selenium WebDriver Logs - performance] @29-04-2021 10:01:23.0653 AM
[ReportManager] Successfully created attachment [Selenium WebDriver Logs - driver] @29-04-2021 10:01:23.0804 AM
[ReportManager] Browser Action [closeCurrentWindow] successfully performed. @29-04-2021 10:01:23.0861 AM
[ReportManager] Successfully created attachment [Browser Action Test Data - closeCurrentWindow - Actual Value] @29-04-2021 10:01:23.0861 A
[ReportManager] File Action [getAbsolutePath] successfully performed. With the following test data [Relative Folder Path: "target/downloadedFiles/"]. @29-04-2021 10:01:23.0869 AM
[ReportManager] Attempting to run remotely on: [Linux-64], [GoogleChrome], [http://localhost:4444/wd/hub], Headless Execution. @29-04-2021 10:01:23.0869 AM
[ReportManager] Successfully Opened [GoogleChrome]. @29-04-2021 10:01:24.0116 AM
[ReportManager] Target URL: [https://www.google.com/ncr], and after redirection: [www.google.com] @29-04-2021 10:01:24.0130 AM
[ReportManager] Initial URL: [data:,] @29-04-2021 10:01:24.0171 AM
[ReportManager] Browser Action [navigateToURL] successfully performed. With the following test data [https://www.google.com/ncr]. @29-04-2021 10:01:24.0992 A

################################################################################################################################################
Starting Execution:	[94 out of 137] test cases in the current suite
Test Method:		[unitTests.tests_validations_assertions.assertElementAttribute_type_true_literalComparison_expectedToPass]
################################################################################################################################################
[ReportManager] Element Action [type] successfully performed. With the following test data [Automation!@#$%^&*()_+{}[]\';/.,]. @29-04-2021 10:01:26.0216 AM
[ReportManager] Element Action [getText] successfully performed. With the following test data [Automation!@#$%^&*()_+{}[]\';/.,]. @29-04-2021 10:01:26.0324 AM
[ReportManager] Loaded Shared OpenCV @29-04-2021 10:01:26.0474 AM
[ReportManager] AssertElementAttribute PASSED; Expected [Value Should be 'Automation!@#$%^&*()_+{}[]\';/.,' for the 'text' attribute, element locator 'By.name: q'] and Actual [Automation!@#$%^&*()_+{}[]\';/.,]. Comparison Type [EQUALS]. Validation Type [POSITIVE]. @29-04-2021 10:01:26.0557 AM
[ReportManager] Successfully created attachment [Screenshot - 1619690486474_assertElementAttribute_type_true_literalComparison_expectedToPass_AssertElementAttribute_passed] @29-04-2021 10:01:26.0558 A
[ReportManager] Successfully created attachment [Selenium WebDriver Logs - server] @29-04-2021 10:01:26.0636 AM
[ReportManager] Successfully created attachment [Selenium WebDriver Logs - performance] @29-04-2021 10:01:26.0787 AM
[ReportManager] Successfully created attachment [Selenium WebDriver Logs - driver] @29-04-2021 10:01:26.0968 AM
[ReportManager] Browser Action [closeCurrentWindow] successfully performed. @29-04-2021 10:01:27.0025 AM
[ReportManager] Successfully created attachment [Browser Action Test Data - closeCurrentWindow - Actual Value] @29-04-2021 10:01:27.0026 A
[ReportManager] File Action [getAbsolutePath] successfully performed. With the following test data [Relative Folder Path: "target/downloadedFiles/"]. @29-04-2021 10:01:27.0030 AM
[ReportManager] Attempting to run remotely on: [Linux-64], [GoogleChrome], [http://localhost:4444/wd/hub], Headless Execution. @29-04-2021 10:01:27.0030 AM
[ReportManager] Successfully Opened [GoogleChrome]. @29-04-2021 10:01:27.0235 AM
[ReportManager] Target URL: [https://www.google.com/ncr], and after redirection: [www.google.com] @29-04-2021 10:01:27.0249 AM
[ReportManager] Initial URL: [data:,] @29-04-2021 10:01:27.0290 AM
[ReportManager] Browser Action [navigateToURL] successfully performed. With the following test data [https://www.google.com/ncr]. @29-04-2021 10:01:28.0147 A

################################################################################################################################################
Starting Execution:	[95 out of 137] test cases in the current suite
Test Method:		[unitTests.tests_validations_assertions.assertElementExists_false_expectedToFail]
################################################################################################################################################
[ReportManager] AssertElementExists PASSED; Expected [Element Should not Exist, locator 'By.id: hplogo'] and Actual [Element Doesn't Exists]. Comparison Type [EQUALS]. Validation Type [NEGATIVE]. @29-04-2021 10:01:38.0542 AM
[ReportManager] Successfully created attachment [Screenshot - 1619690498479_assertElementExists_false_expectedToFail_AssertElementExists_passed] @29-04-2021 10:01:38.0543 A
[ReportManager] Successfully created attachment [Selenium WebDriver Logs - server] @29-04-2021 10:01:38.0624 AM
[ReportManager] Successfully created attachment [Selenium WebDriver Logs - performance] @29-04-2021 10:01:38.0660 AM
[ReportManager] Successfully created attachment [Selenium WebDriver Logs - driver] @29-04-2021 10:01:38.0734 AM
[ReportManager] Browser Action [closeCurrentWindow] successfully performed. @29-04-2021 10:01:38.0792 AM
[ReportManager] Successfully created attachment [Browser Action Test Data - closeCurrentWindow - Actual Value] @29-04-2021 10:01:38.0793 A
[ReportManager] File Action [getAbsolutePath] successfully performed. With the following test data [Relative Folder Path: "target/downloadedFiles/"]. @29-04-2021 10:01:38.0801 AM
[ReportManager] Attempting to run remotely on: [Linux-64], [GoogleChrome], [http://localhost:4444/wd/hub], Headless Execution. @29-04-2021 10:01:38.0808 AM
[ReportManager] Successfully Opened [GoogleChrome]. @29-04-2021 10:01:39.0040 AM
[ReportManager] Target URL: [https://www.google.com/ncr], and after redirection: [www.google.com] @29-04-2021 10:01:39.0065 AM
[ReportManager] Initial URL: [data:,] @29-04-2021 10:01:39.0108 AM
[ReportManager] Browser Action [navigateToURL] successfully performed. With the following test data [https://www.google.com/ncr]. @29-04-2021 10:01:39.0911 A

################################################################################################################################################
Starting Execution:	[96 out of 137] test cases in the current suite
Test Method:		[unitTests.tests_validations_assertions.assertElementExists_false_expectedToPass]
################################################################################################################################################
[ReportManager] AssertElementExists PASSED; Expected [Element Should not Exist, locator 'By.id: fakeElement'] and Actual [Element Doesn't Exists]. Comparison Type [EQUALS]. Validation Type [NEGATIVE]. @29-04-2021 10:01:50.0300 AM
[ReportManager] Successfully created attachment [Screenshot - 1619690510237_assertElementExists_false_expectedToPass_AssertElementExists_passed] @29-04-2021 10:01:50.0300 A
[ReportManager] Successfully created attachment [Selenium WebDriver Logs - server] @29-04-2021 10:01:50.0372 AM
[ReportManager] Successfully created attachment [Selenium WebDriver Logs - performance] @29-04-2021 10:01:50.0409 AM
[ReportManager] Successfully created attachment [Selenium WebDriver Logs - driver] @29-04-2021 10:01:50.0494 AM
[ReportManager] Browser Action [closeCurrentWindow] successfully performed. @29-04-2021 10:01:50.0551 AM
[ReportManager] Successfully created attachment [Browser Action Test Data - closeCurrentWindow - Actual Value] @29-04-2021 10:01:50.0552 A
[ReportManager] File Action [getAbsolutePath] successfully performed. With the following test data [Relative Folder Path: "target/downloadedFiles/"]. @29-04-2021 10:01:50.0554 AM
[ReportManager] Attempting to run remotely on: [Linux-64], [GoogleChrome], [http://localhost:4444/wd/hub], Headless Execution. @29-04-2021 10:01:50.0554 AM
[ReportManager] Successfully Opened [GoogleChrome]. @29-04-2021 10:01:50.0778 AM
[ReportManager] Target URL: [https://www.google.com/ncr], and after redirection: [www.google.com] @29-04-2021 10:01:50.0789 AM
[ReportManager] Initial URL: [data:,] @29-04-2021 10:01:50.0838 AM
[ReportManager] Browser Action [navigateToURL] successfully performed. With the following test data [https://www.google.com/ncr]. @29-04-2021 10:01:51.0649 A

################################################################################################################################################
Starting Execution:	[97 out of 137] test cases in the current suite
Test Method:		[unitTests.tests_validations_assertions.assertElementExists_false_multipleElementsFound_expectedToFail]
################################################################################################################################################
[ReportManager] AssertElementExists FAILED; Expected [Element Should not Exist, locator 'By.xpath: //div'] and Actual [Element Exists but is not unique]. Comparison Type [EQUALS]. Validation Type [NEGATIVE]. @29-04-2021 10:01:51.0924 AM
[ReportManager] Successfully created attachment [Screenshot - 1619690511854_assertElementExists_false_multipleElementsFound_expectedToFail_AssertElementExists_failed] @29-04-2021 10:01:51.0925 A
[ReportManager] Successfully created attachment [Selenium WebDriver Logs - server] @29-04-2021 10:01:52.0001 AM
[ReportManager] Successfully created attachment [Selenium WebDriver Logs - performance] @29-04-2021 10:01:52.0036 AM
[ReportManager] Successfully created attachment [Selenium WebDriver Logs - driver] @29-04-2021 10:01:52.0107 AM
[ReportManager] Browser Action [closeCurrentWindow] successfully performed. @29-04-2021 10:01:52.0164 AM
[ReportManager] Successfully created attachment [Browser Action Test Data - closeCurrentWindow - Actual Value] @29-04-2021 10:01:52.0165 A
[ReportManager] File Action [getAbsolutePath] successfully performed. With the following test data [Relative Folder Path: "target/downloadedFiles/"]. @29-04-2021 10:01:52.0167 AM
[ReportManager] Attempting to run remotely on: [Linux-64], [GoogleChrome], [http://localhost:4444/wd/hub], Headless Execution. @29-04-2021 10:01:52.0168 AM
[ReportManager] Successfully Opened [GoogleChrome]. @29-04-2021 10:01:52.0415 AM
[ReportManager] Target URL: [https://www.google.com/ncr], and after redirection: [www.google.com] @29-04-2021 10:01:52.0426 AM
[ReportManager] Initial URL: [data:,] @29-04-2021 10:01:52.0473 AM
[ReportManager] Browser Action [navigateToURL] successfully performed. With the following test data [https://www.google.com/ncr]. @29-04-2021 10:01:53.0340 A

################################################################################################################################################
Starting Execution:	[98 out of 137] test cases in the current suite
Test Method:		[unitTests.tests_validations_assertions.assertElementExists_true_expectedToFail]
################################################################################################################################################
[ReportManager] AssertElementExists FAILED; Expected [Element Should Exist, locator 'By.id: fakeElement'] and Actual [Element Doesn't Exists]. Comparison Type [EQUALS]. Validation Type [POSITIVE]. @29-04-2021 10:02:24.0037 AM
[ReportManager] Successfully created attachment [Screenshot - 1619690543971_assertElementExists_true_expectedToFail_AssertElementExists_failed] @29-04-2021 10:02:24.0038 A
[ReportManager] Successfully created attachment [Selenium WebDriver Logs - server] @29-04-2021 10:02:24.0125 AM
[ReportManager] Successfully created attachment [Selenium WebDriver Logs - performance] @29-04-2021 10:02:24.0168 AM
[ReportManager] Successfully created attachment [Selenium WebDriver Logs - driver] @29-04-2021 10:02:24.0264 AM
[ReportManager] Browser Action [closeCurrentWindow] successfully performed. @29-04-2021 10:02:24.0322 AM
[ReportManager] Successfully created attachment [Browser Action Test Data - closeCurrentWindow - Actual Value] @29-04-2021 10:02:24.0323 A
[ReportManager] File Action [getAbsolutePath] successfully performed. With the following test data [Relative Folder Path: "target/downloadedFiles/"]. @29-04-2021 10:02:24.0326 AM
[ReportManager] Attempting to run remotely on: [Linux-64], [GoogleChrome], [http://localhost:4444/wd/hub], Headless Execution. @29-04-2021 10:02:24.0327 AM
[ReportManager] Successfully Opened [GoogleChrome]. @29-04-2021 10:02:24.0556 AM
[ReportManager] Target URL: [https://www.google.com/ncr], and after redirection: [www.google.com] @29-04-2021 10:02:24.0574 AM
[ReportManager] Initial URL: [data:,] @29-04-2021 10:02:24.0627 AM
[ReportManager] Browser Action [navigateToURL] successfully performed. With the following test data [https://www.google.com/ncr]. @29-04-2021 10:02:25.0514 A

################################################################################################################################################
Starting Execution:	[99 out of 137] test cases in the current suite
Test Method:		[unitTests.tests_validations_assertions.assertElementExists_true_expectedToPass]
################################################################################################################################################
[ReportManager] Loaded Shared OpenCV @29-04-2021 10:02:25.0731 AM
[ReportManager] AssertElementExists PASSED; Expected [Element Should Exist, locator 'By.xpath: //img[@id='hplogo' or @alt='Google']'] and Actual [Element Exists]. Comparison Type [EQUALS]. Validation Type [POSITIVE]. @29-04-2021 10:02:25.0814 AM
[ReportManager] Successfully created attachment [Screenshot - 1619690545731_assertElementExists_true_expectedToPass_AssertElementExists_passed] @29-04-2021 10:02:25.0814 A
[ReportManager] Successfully created attachment [Selenium WebDriver Logs - server] @29-04-2021 10:02:25.0895 AM
[ReportManager] Successfully created attachment [Selenium WebDriver Logs - performance] @29-04-2021 10:02:25.0929 AM
[ReportManager] Successfully created attachment [Selenium WebDriver Logs - driver] @29-04-2021 10:02:26.0010 AM
[ReportManager] Browser Action [closeCurrentWindow] successfully performed. @29-04-2021 10:02:26.0067 AM
[ReportManager] Successfully created attachment [Browser Action Test Data - closeCurrentWindow - Actual Value] @29-04-2021 10:02:26.0068 A
[ReportManager] File Action [getAbsolutePath] successfully performed. With the following test data [Relative Folder Path: "target/downloadedFiles/"]. @29-04-2021 10:02:26.0070 AM
[ReportManager] Attempting to run remotely on: [Linux-64], [GoogleChrome], [http://localhost:4444/wd/hub], Headless Execution. @29-04-2021 10:02:26.0070 AM
[ReportManager] Successfully Opened [GoogleChrome]. @29-04-2021 10:02:26.0267 AM
[ReportManager] Target URL: [https://www.google.com/ncr], and after redirection: [www.google.com] @29-04-2021 10:02:26.0280 AM
[ReportManager] Initial URL: [data:,] @29-04-2021 10:02:26.0328 AM
[ReportManager] Browser Action [navigateToURL] successfully performed. With the following test data [https://www.google.com/ncr]. @29-04-2021 10:02:27.0164 A

################################################################################################################################################
Starting Execution:	[100 out of 137] test cases in the current suite
Test Method:		[unitTests.tests_validations_assertions.assertElementExists_true_multipleElementsFound_expectedToFail]
################################################################################################################################################
[ReportManager] AssertElementExists FAILED; Expected [Element Should Exist, locator 'By.xpath: //div'] and Actual [Element Exists but is not unique]. Comparison Type [EQUALS]. Validation Type [POSITIVE]. @29-04-2021 10:02:27.0430 AM
[ReportManager] Successfully created attachment [Screenshot - 1619690547360_assertElementExists_true_multipleElementsFound_expectedToFail_AssertElementExists_failed] @29-04-2021 10:02:27.0430 A
[ReportManager] Successfully created attachment [Selenium WebDriver Logs - server] @29-04-2021 10:02:27.0514 AM
[ReportManager] Successfully created attachment [Selenium WebDriver Logs - performance] @29-04-2021 10:02:27.0549 AM
[ReportManager] Successfully created attachment [Selenium WebDriver Logs - driver] @29-04-2021 10:02:27.0623 AM
[ReportManager] Browser Action [closeCurrentWindow] successfully performed. @29-04-2021 10:02:27.0680 AM
[ReportManager] Successfully created attachment [Browser Action Test Data - closeCurrentWindow - Actual Value] @29-04-2021 10:02:27.0681 A

################################################################################################################################################
Starting Execution:	[101 out of 137] test cases in the current suite
Test Method:		[unitTests.tests_validations_assertions.assertEquals_false_expectedToFail]
################################################################################################################################################
[ReportManager] AssertEquals FAILED; Expected [1] and Actual [1]. Comparison Type [EQUALS]. Validation Type [NEGATIVE]. @29-04-2021 10:02:27.0687 A

################################################################################################################################################
Starting Execution:	[102 out of 137] test cases in the current suite
Test Method:		[unitTests.tests_validations_assertions.assertEquals_false_expectedToPass]
################################################################################################################################################
[ReportManager] AssertEquals PASSED; Expected [1] and Actual [2]. Comparison Type [EQUALS]. Validation Type [NEGATIVE]. @29-04-2021 10:02:27.0690 A

################################################################################################################################################
Starting Execution:	[103 out of 137] test cases in the current suite
Test Method:		[unitTests.tests_validations_assertions.assertEquals_longCharacters]
################################################################################################################################################
[ReportManager] VerifyEquals PASSED; Expected and Actual values are attached. Comparison Type [EQUALS]. Validation Type [POSITIVE]. @29-04-2021 10:02:27.0693 AM
[ReportManager] Successfully created attachment [Validation Test Data - Expected Value] @29-04-2021 10:02:27.0693 AM
[ReportManager] Successfully created attachment [Validation Test Data - Actual Value] @29-04-2021 10:02:27.0693 AM
[ReportManager] AssertEquals PASSED; Expected and Actual values are attached. Comparison Type [EQUALS]. Validation Type [POSITIVE]. @29-04-2021 10:02:27.0693 AM
[ReportManager] Successfully created attachment [Validation Test Data - Expected Value] @29-04-2021 10:02:27.0693 AM
[ReportManager] Successfully created attachment [Validation Test Data - Actual Value] @29-04-2021 10:02:27.0693 A

################################################################################################################################################
Starting Execution:	[104 out of 137] test cases in the current suite
Test Method:		[unitTests.tests_validations_assertions.assertEquals_longCharacters_Discreet]
################################################################################################################################################
[ReportManager] AssertEquals PASSED; Expected [1LH5pROcDBjjQk0t0mCr0lXuzQu9lcGj28kY8R1H81X67eVAQJgWQhILiRWVPUgZ6uCtK5cnBkF55Jr9vYngjGO1Iyf0Mktv6lruDlL9T8MAUPcUZJGHZtji6nIeadujDSNmWMj5d6C8zlFqw0CRqBU0hO5adIasHgBSNoLotAjce3NGXoDwAlp3rYreeV16VIyZXROQY] and Actual [1LH5pROcDBjjQk0t0mCr0lXuzQu9lcGj28kY8R1H81X67eVAQJgWQhILiRWVPUgZ6uCtK5cnBkF55Jr9vYngjGO1Iyf0Mktv6lruDlL9T8MAUPcUZJGHZtji6nIeadujDSNmWMj5d6C8zlFqw0CRqBU0hO5adIasHgBSNoLotAjce3NGXoDwAlp3rYreeV16VIyZXROQY]. Comparison Type [EQUALS]. Validation Type [POSITIVE]. @29-04-2021 10:02:27.0697 A

################################################################################################################################################
Starting Execution:	[105 out of 137] test cases in the current suite
Test Method:		[unitTests.tests_validations_assertions.assertEquals_true_expectedToFail]
################################################################################################################################################
[ReportManager] AssertEquals FAILED; Expected [1] and Actual [2]. Comparison Type [EQUALS]. Validation Type [POSITIVE]. @29-04-2021 10:02:27.0699 A

################################################################################################################################################
Starting Execution:	[106 out of 137] test cases in the current suite
Test Method:		[unitTests.tests_validations_assertions.assertEquals_true_expectedToPass]
Test Description:	[Assert that assertEquals works as expected when the two values are equal.]
################################################################################################################################################
[ReportManager] VerifyEquals PASSED; Expected [1] and Actual [1]. Comparison Type [EQUALS]. Validation Type [POSITIVE]. @29-04-2021 10:02:27.0701 AM
[ReportManager] AssertEquals PASSED; Expected [1] and Actual [1]. Comparison Type [EQUALS]. Validation Type [POSITIVE]. @29-04-2021 10:02:27.0701 A

################################################################################################################################################
Starting Execution:	[107 out of 137] test cases in the current suite
Test Method:		[unitTests.tests_validations_assertions.assertEquals_true_expectedToPass__]
################################################################################################################################################
[ReportManager] AssertEquals PASSED; Expected [1] and Actual [1]. Comparison Type [EQUALS]. Validation Type [POSITIVE]. @29-04-2021 10:02:27.0704 A

################################################################################################################################################
Starting Execution:	[108 out of 137] test cases in the current suite
Test Method:		[unitTests.tests_validations_assertions.assertFileExists_false_expectedToFail]
################################################################################################################################################
[ReportManager] File Action [doesFileExist] successfully performed. With the following test data [File Path: "src/main/java/com/shaft/gui/element/ElementActions.java"]. @29-04-2021 10:02:27.0709 AM
[ReportManager] AssertFileExists FAILED; Expected [File 'src/main/java/com/shaft/gui/element/ElementActions.java' should not exist, after up to '1' retries] and Actual [File exists]. Validation Type [NEGATIVE]. @29-04-2021 10:02:27.0709 A

################################################################################################################################################
Starting Execution:	[109 out of 137] test cases in the current suite
Test Method:		[unitTests.tests_validations_assertions.assertFileExists_false_expectedToPass]
################################################################################################################################################
[ReportManager] File Action [doesFileExist] successfully performed. With the following test data [File Path: "src/main/java/com/shaft/gui/element/ElementActions.java_fail"]. @29-04-2021 10:02:28.0212 AM
[ReportManager] AssertFileExists PASSED; Expected [File 'src/main/java/com/shaft/gui/element/ElementActions.java_fail' should not exist, after up to '1' retries] and Actual [File does not exist]. Validation Type [NEGATIVE]. @29-04-2021 10:02:28.0213 A

################################################################################################################################################
Starting Execution:	[110 out of 137] test cases in the current suite
Test Method:		[unitTests.tests_validations_assertions.assertFileExists_true_expectedToFail]
################################################################################################################################################
[ReportManager] File Action [doesFileExist] successfully performed. With the following test data [File Path: "src/main/java/com/shaft/gui/element/ElementActions.java_fail"]. @29-04-2021 10:02:28.0718 AM
[ReportManager] AssertFileExists FAILED; Expected [File 'src/main/java/com/shaft/gui/element/ElementActions.java_fail' should exist, after up to '1' retries] and Actual [File does not exist]. Validation Type [POSITIVE]. @29-04-2021 10:02:28.0718 A

################################################################################################################################################
Starting Execution:	[111 out of 137] test cases in the current suite
Test Method:		[unitTests.tests_validations_assertions.assertFileExists_true_expectedToPass]
################################################################################################################################################
[ReportManager] File Action [doesFileExist] successfully performed. With the following test data [File Path: "src/main/java/com/shaft/gui/element/ElementActions.java"]. @29-04-2021 10:02:28.0721 AM
[ReportManager] AssertFileExists PASSED; Expected [File 'src/main/java/com/shaft/gui/element/ElementActions.java' should exist, after up to '1' retries] and Actual [File exists]. Validation Type [POSITIVE]. @29-04-2021 10:02:28.0721 A

################################################################################################################################################
Starting Execution:	[112 out of 137] test cases in the current suite
Test Method:		[unitTests.tests_validations_assertions.assertNull_false_expectedToFail]
################################################################################################################################################
[ReportManager] AssertNull FAILED; Expected [NULL] and Actual [NULL]. Comparison Type [EQUALS]. Validation Type [NEGATIVE]. @29-04-2021 10:02:28.0725 A

################################################################################################################################################
Starting Execution:	[113 out of 137] test cases in the current suite
Test Method:		[unitTests.tests_validations_assertions.assertNull_false_expectedToPass]
################################################################################################################################################
[ReportManager] AssertNull PASSED; Expected [NULL] and Actual [1]. Comparison Type [EQUALS]. Validation Type [NEGATIVE]. @29-04-2021 10:02:28.0727 A

################################################################################################################################################
Starting Execution:	[114 out of 137] test cases in the current suite
Test Method:		[unitTests.tests_validations_assertions.assertNull_true_expectedToFail]
################################################################################################################################################
[ReportManager] AssertNull FAILED; Expected [NULL] and Actual [1]. Comparison Type [EQUALS]. Validation Type [POSITIVE]. @29-04-2021 10:02:28.0729 A

################################################################################################################################################
Starting Execution:	[115 out of 137] test cases in the current suite
Test Method:		[unitTests.tests_validations_assertions.assertNull_true_expectedToPass]
################################################################################################################################################
[ReportManager] AssertNull PASSED; Expected [NULL] and Actual [NULL]. Comparison Type [EQUALS]. Validation Type [POSITIVE]. @29-04-2021 10:02:28.0731 A
[ReportManager] File Action [getAbsolutePath] successfully performed. With the following test data [Relative Folder Path: "target/downloadedFiles/"]. @29-04-2021 10:02:28.0732 AM
[ReportManager] Attempting to run remotely on: [Linux-64], [GoogleChrome], [http://localhost:4444/wd/hub], Headless Execution. @29-04-2021 10:02:28.0732 AM
[ReportManager] Successfully Opened [GoogleChrome]. @29-04-2021 10:02:28.0978 AM
[ReportManager] Target URL: [https://duckduckgo.com] @29-04-2021 10:02:28.0994 AM
[ReportManager] Initial URL: [data:,] @29-04-2021 10:02:29.0038 AM
[ReportManager] Browser Action [navigateToURL] successfully performed. With the following test data [https://duckduckgo.com]. @29-04-2021 10:02:30.0157 A

################################################################################################################################################
Starting Execution:	[116 out of 137] test cases in the current suite
Test Method:		[unitTests.tests_browserActions.fullScreenWindow]
################################################################################################################################################
[ReportManager] Initial Windows Size: 800x600 @29-04-2021 10:02:30.0167 AM
[ReportManager] Initial window size: (800, 600) @29-04-2021 10:02:30.0170 AM
[ReportManager] Window size after Toolkit: (1920, 1080) @29-04-2021 10:02:30.0394 AM
[ReportManager] Browser Action [maximizeWindow] successfully performed. With the following test data [New screen size is now: (1920, 1080)]. @29-04-2021 10:02:30.0397 AM
[ReportManager] Current Windows Size after fullScreen: 1920x1080 @29-04-2021 10:02:30.0401 AM
[ReportManager] Browser Action [fullScreenWindow] successfully performed. @29-04-2021 10:02:30.0423 AM
[ReportManager] Successfully created attachment [Browser Action Test Data - fullScreenWindow - Actual Value] @29-04-2021 10:02:30.0426 A
[ReportManager] Target URL: [https://duckduckgo.com] @29-04-2021 10:02:30.0429 AM
[ReportManager] Initial URL: [https://duckduckgo.com] @29-04-2021 10:02:30.0496 AM
[ReportManager] Browser Action [navigateToURL] successfully performed. With the following test data [https://duckduckgo.com]. @29-04-2021 10:02:30.0962 AM
[ReportManager] Successfully created attachment [Selenium WebDriver Logs - server] @29-04-2021 10:02:31.0019 AM
[ReportManager] Successfully created attachment [Selenium WebDriver Logs - performance] @29-04-2021 10:02:31.0142 AM
[ReportManager] Successfully created attachment [Selenium WebDriver Logs - driver] @29-04-2021 10:02:31.0291 AM
[ReportManager] Browser Action [closeCurrentWindow] successfully performed. @29-04-2021 10:02:31.0347 AM
[ReportManager] Successfully created attachment [Browser Action Test Data - closeCurrentWindow - Actual Value] @29-04-2021 10:02:31.0348 A
[ReportManager] File Action [getAbsolutePath] successfully performed. With the following test data [Relative Folder Path: "target/downloadedFiles/"]. @29-04-2021 10:02:31.0350 AM
[ReportManager] Attempting to run remotely on: [Linux-64], [GoogleChrome], [http://localhost:4444/wd/hub], Headless Execution. @29-04-2021 10:02:31.0350 AM
[ReportManager] Successfully Opened [GoogleChrome]. @29-04-2021 10:02:31.0604 AM
[ReportManager] Target URL: [https://duckduckgo.com] @29-04-2021 10:02:31.0615 AM
[ReportManager] Initial URL: [data:,] @29-04-2021 10:02:31.0660 AM
[ReportManager] Browser Action [navigateToURL] successfully performed. With the following test data [https://duckduckgo.com]. @29-04-2021 10:02:32.0281 A

################################################################################################################################################
Starting Execution:	[117 out of 137] test cases in the current suite
Test Method:		[unitTests.tests_browserActions.getCurrentURL]
################################################################################################################################################
[ReportManager] Browser Action [getCurrentURL] successfully performed. With the following test data [https://duckduckgo.com/]. @29-04-2021 10:02:32.0321 A
[ReportManager] Target URL: [https://duckduckgo.com] @29-04-2021 10:02:32.0325 AM
[ReportManager] Initial URL: [https://duckduckgo.com] @29-04-2021 10:02:32.0381 AM
[ReportManager] Browser Action [navigateToURL] successfully performed. With the following test data [https://duckduckgo.com]. @29-04-2021 10:02:32.0749 AM
[ReportManager] Successfully created attachment [Selenium WebDriver Logs - server] @29-04-2021 10:02:32.0804 AM
[ReportManager] Successfully created attachment [Selenium WebDriver Logs - performance] @29-04-2021 10:02:32.0914 AM
[ReportManager] Successfully created attachment [Selenium WebDriver Logs - driver] @29-04-2021 10:02:33.0058 AM
[ReportManager] Browser Action [closeCurrentWindow] successfully performed. @29-04-2021 10:02:33.0117 AM
[ReportManager] Successfully created attachment [Browser Action Test Data - closeCurrentWindow - Actual Value] @29-04-2021 10:02:33.0118 A
[ReportManager] File Action [getAbsolutePath] successfully performed. With the following test data [Relative Folder Path: "target/downloadedFiles/"]. @29-04-2021 10:02:33.0119 AM
[ReportManager] Attempting to run remotely on: [Linux-64], [GoogleChrome], [http://localhost:4444/wd/hub], Headless Execution. @29-04-2021 10:02:33.0120 AM
[ReportManager] Successfully Opened [GoogleChrome]. @29-04-2021 10:02:33.0330 AM
[ReportManager] Target URL: [https://duckduckgo.com] @29-04-2021 10:02:33.0340 AM
[ReportManager] Initial URL: [data:,] @29-04-2021 10:02:33.0385 AM
[ReportManager] Browser Action [navigateToURL] successfully performed. With the following test data [https://duckduckgo.com]. @29-04-2021 10:02:33.0945 A

################################################################################################################################################
Starting Execution:	[118 out of 137] test cases in the current suite
Test Method:		[unitTests.tests_browserActions.getCurrentWindowTitle]
################################################################################################################################################
[ReportManager] Browser Action [getCurrentWindowTitle] successfully performed. With the following test data [DuckDuckGo  Privacy, simplified.]. @29-04-2021 10:02:33.0987 A
[ReportManager] Target URL: [https://duckduckgo.com] @29-04-2021 10:02:33.0989 AM
[ReportManager] Initial URL: [https://duckduckgo.com] @29-04-2021 10:02:34.0075 AM
[ReportManager] Browser Action [navigateToURL] successfully performed. With the following test data [https://duckduckgo.com]. @29-04-2021 10:02:34.0473 AM
[ReportManager] Successfully created attachment [Selenium WebDriver Logs - server] @29-04-2021 10:02:34.0536 AM
[ReportManager] Successfully created attachment [Selenium WebDriver Logs - performance] @29-04-2021 10:02:34.0645 AM
[ReportManager] Successfully created attachment [Selenium WebDriver Logs - driver] @29-04-2021 10:02:34.0804 AM
[ReportManager] Browser Action [closeCurrentWindow] successfully performed. @29-04-2021 10:02:34.0867 AM
[ReportManager] Successfully created attachment [Browser Action Test Data - closeCurrentWindow - Actual Value] @29-04-2021 10:02:34.0867 A
[ReportManager] File Action [getAbsolutePath] successfully performed. With the following test data [Relative Folder Path: "target/downloadedFiles/"]. @29-04-2021 10:02:34.0873 AM
[ReportManager] Attempting to run remotely on: [Linux-64], [GoogleChrome], [http://localhost:4444/wd/hub], Headless Execution. @29-04-2021 10:02:34.0873 AM
[ReportManager] Successfully Opened [GoogleChrome]. @29-04-2021 10:02:35.0106 AM
[ReportManager] Target URL: [https://duckduckgo.com] @29-04-2021 10:02:35.0120 AM
[ReportManager] Initial URL: [data:,] @29-04-2021 10:02:35.0162 AM
[ReportManager] Browser Action [navigateToURL] successfully performed. With the following test data [https://duckduckgo.com]. @29-04-2021 10:02:35.0700 A

################################################################################################################################################
Starting Execution:	[119 out of 137] test cases in the current suite
Test Method:		[unitTests.tests_browserActions.getPageSource]
################################################################################################################################################
[ReportManager] Browser Action [getPageSource] successfully performed. @29-04-2021 10:02:35.0748 AM
[ReportManager] Successfully created attachment [Browser Action Test Data - getPageSource - Actual Value] @29-04-2021 10:02:35.0748 A
[ReportManager] Target URL: [https://duckduckgo.com] @29-04-2021 10:02:35.0751 AM
[ReportManager] Initial URL: [https://duckduckgo.com] @29-04-2021 10:02:35.0813 AM
[ReportManager] Browser Action [navigateToURL] successfully performed. With the following test data [https://duckduckgo.com]. @29-04-2021 10:02:36.0278 AM
[ReportManager] Successfully created attachment [Selenium WebDriver Logs - server] @29-04-2021 10:02:36.0339 AM
[ReportManager] Successfully created attachment [Selenium WebDriver Logs - performance] @29-04-2021 10:02:36.0448 AM
[ReportManager] Successfully created attachment [Selenium WebDriver Logs - driver] @29-04-2021 10:02:36.0597 AM
[ReportManager] Browser Action [closeCurrentWindow] successfully performed. @29-04-2021 10:02:36.0653 AM
[ReportManager] Successfully created attachment [Browser Action Test Data - closeCurrentWindow - Actual Value] @29-04-2021 10:02:36.0654 A
[ReportManager] File Action [getAbsolutePath] successfully performed. With the following test data [Relative Folder Path: "target/downloadedFiles/"]. @29-04-2021 10:02:36.0656 AM
[ReportManager] Attempting to run remotely on: [Linux-64], [GoogleChrome], [http://localhost:4444/wd/hub], Headless Execution. @29-04-2021 10:02:36.0657 AM
[ReportManager] Successfully Opened [GoogleChrome]. @29-04-2021 10:02:36.0873 AM
[ReportManager] Target URL: [https://duckduckgo.com] @29-04-2021 10:02:36.0883 AM
[ReportManager] Initial URL: [data:,] @29-04-2021 10:02:36.0930 AM
[ReportManager] Browser Action [navigateToURL] successfully performed. With the following test data [https://duckduckgo.com]. @29-04-2021 10:02:37.0480 A

################################################################################################################################################
Starting Execution:	[120 out of 137] test cases in the current suite
Test Method:		[unitTests.tests_browserActions.getWindowHandle]
################################################################################################################################################
[ReportManager] Browser Action [getWindowHandle] successfully performed. With the following test data [CDwindow-50DBF371EA1D40D257411CE3E1BFA231]. @29-04-2021 10:02:37.0521 A
[ReportManager] Target URL: [https://duckduckgo.com] @29-04-2021 10:02:37.0523 AM
[ReportManager] Initial URL: [https://duckduckgo.com] @29-04-2021 10:02:37.0590 AM
[ReportManager] Browser Action [navigateToURL] successfully performed. With the following test data [https://duckduckgo.com]. @29-04-2021 10:02:37.0961 AM
[ReportManager] Successfully created attachment [Selenium WebDriver Logs - server] @29-04-2021 10:02:38.0014 AM
[ReportManager] Successfully created attachment [Selenium WebDriver Logs - performance] @29-04-2021 10:02:38.0118 AM
[ReportManager] Successfully created attachment [Selenium WebDriver Logs - driver] @29-04-2021 10:02:38.0274 AM
[ReportManager] Browser Action [closeCurrentWindow] successfully performed. @29-04-2021 10:02:38.0333 AM
[ReportManager] Successfully created attachment [Browser Action Test Data - closeCurrentWindow - Actual Value] @29-04-2021 10:02:38.0334 A
[ReportManager] File Action [getAbsolutePath] successfully performed. With the following test data [Relative Folder Path: "target/downloadedFiles/"]. @29-04-2021 10:02:38.0335 AM
[ReportManager] Attempting to run remotely on: [Linux-64], [GoogleChrome], [http://localhost:4444/wd/hub], Headless Execution. @29-04-2021 10:02:38.0335 AM
[ReportManager] Successfully Opened [GoogleChrome]. @29-04-2021 10:02:38.0554 AM
[ReportManager] Target URL: [https://duckduckgo.com] @29-04-2021 10:02:38.0564 AM
[ReportManager] Initial URL: [data:,] @29-04-2021 10:02:38.0612 AM
[ReportManager] Browser Action [navigateToURL] successfully performed. With the following test data [https://duckduckgo.com]. @29-04-2021 10:02:39.0153 A

################################################################################################################################################
Starting Execution:	[121 out of 137] test cases in the current suite
Test Method:		[unitTests.tests_browserActions.getWindowPosition]
################################################################################################################################################
[ReportManager] Browser Action [getWindowPosition] successfully performed. With the following test data [(0, 0)]. @29-04-2021 10:02:39.0192 A
[ReportManager] Target URL: [https://duckduckgo.com] @29-04-2021 10:02:39.0194 AM
[ReportManager] Initial URL: [https://duckduckgo.com] @29-04-2021 10:02:39.0251 AM
[ReportManager] Browser Action [navigateToURL] successfully performed. With the following test data [https://duckduckgo.com]. @29-04-2021 10:02:39.0629 AM
[ReportManager] Successfully created attachment [Selenium WebDriver Logs - server] @29-04-2021 10:02:39.0685 AM
[ReportManager] Successfully created attachment [Selenium WebDriver Logs - performance] @29-04-2021 10:02:39.0789 AM
[ReportManager] Successfully created attachment [Selenium WebDriver Logs - driver] @29-04-2021 10:02:39.0932 AM
[ReportManager] Browser Action [closeCurrentWindow] successfully performed. @29-04-2021 10:02:39.0988 AM
[ReportManager] Successfully created attachment [Browser Action Test Data - closeCurrentWindow - Actual Value] @29-04-2021 10:02:39.0988 A
[ReportManager] File Action [getAbsolutePath] successfully performed. With the following test data [Relative Folder Path: "target/downloadedFiles/"]. @29-04-2021 10:02:39.0990 AM
[ReportManager] Attempting to run remotely on: [Linux-64], [GoogleChrome], [http://localhost:4444/wd/hub], Headless Execution. @29-04-2021 10:02:39.0991 AM
[ReportManager] Successfully Opened [GoogleChrome]. @29-04-2021 10:02:40.0211 AM
[ReportManager] Target URL: [https://duckduckgo.com] @29-04-2021 10:02:40.0228 AM
[ReportManager] Initial URL: [data:,] @29-04-2021 10:02:40.0275 AM
[ReportManager] Browser Action [navigateToURL] successfully performed. With the following test data [https://duckduckgo.com]. @29-04-2021 10:02:40.0886 A

################################################################################################################################################
Starting Execution:	[122 out of 137] test cases in the current suite
Test Method:		[unitTests.tests_browserActions.getWindowSize]
################################################################################################################################################
[ReportManager] Browser Action [getWindowSize] successfully performed. With the following test data [(800, 600)]. @29-04-2021 10:02:40.0933 A
[ReportManager] Target URL: [https://duckduckgo.com] @29-04-2021 10:02:40.0941 AM
[ReportManager] Initial URL: [https://duckduckgo.com] @29-04-2021 10:02:41.0000 AM
[ReportManager] Browser Action [navigateToURL] successfully performed. With the following test data [https://duckduckgo.com]. @29-04-2021 10:02:41.0368 AM
[ReportManager] Successfully created attachment [Selenium WebDriver Logs - server] @29-04-2021 10:02:41.0429 AM
[ReportManager] Successfully created attachment [Selenium WebDriver Logs - performance] @29-04-2021 10:02:41.0542 AM
[ReportManager] Successfully created attachment [Selenium WebDriver Logs - driver] @29-04-2021 10:02:41.0682 AM
[ReportManager] Browser Action [closeCurrentWindow] successfully performed. @29-04-2021 10:02:41.0738 AM
[ReportManager] Successfully created attachment [Browser Action Test Data - closeCurrentWindow - Actual Value] @29-04-2021 10:02:41.0738 A
[ReportManager] File Action [getAbsolutePath] successfully performed. With the following test data [Relative Folder Path: "target/downloadedFiles/"]. @29-04-2021 10:02:41.0740 AM
[ReportManager] Attempting to run remotely on: [Linux-64], [GoogleChrome], [http://localhost:4444/wd/hub], Headless Execution. @29-04-2021 10:02:41.0740 AM
[ReportManager] Successfully Opened [GoogleChrome]. @29-04-2021 10:02:41.0957 AM
[ReportManager] Target URL: [https://duckduckgo.com] @29-04-2021 10:02:41.0971 AM
[ReportManager] Initial URL: [data:,] @29-04-2021 10:02:42.0028 AM
[ReportManager] Browser Action [navigateToURL] successfully performed. With the following test data [https://duckduckgo.com]. @29-04-2021 10:02:42.0815 A

################################################################################################################################################
Starting Execution:	[123 out of 137] test cases in the current suite
Test Method:		[unitTests.tests_browserActions.maximizeWindow]
################################################################################################################################################
[ReportManager] Initial window size: (800, 600) @29-04-2021 10:02:42.0825 AM
[ReportManager] Window size after Toolkit: (1920, 1080) @29-04-2021 10:02:43.0055 AM
[ReportManager] Browser Action [maximizeWindow] successfully performed. With the following test data [New screen size is now: (1920, 1080)]. @29-04-2021 10:02:43.0061 A
[ReportManager] Target URL: [https://duckduckgo.com] @29-04-2021 10:02:43.0063 AM
[ReportManager] Initial URL: [https://duckduckgo.com] @29-04-2021 10:02:43.0132 AM
[ReportManager] Browser Action [navigateToURL] successfully performed. With the following test data [https://duckduckgo.com]. @29-04-2021 10:02:43.0509 AM
[ReportManager] Successfully created attachment [Selenium WebDriver Logs - server] @29-04-2021 10:02:43.0563 AM
[ReportManager] Successfully created attachment [Selenium WebDriver Logs - performance] @29-04-2021 10:02:43.0675 AM
[ReportManager] Successfully created attachment [Selenium WebDriver Logs - driver] @29-04-2021 10:02:43.0822 AM
[ReportManager] Browser Action [closeCurrentWindow] successfully performed. @29-04-2021 10:02:43.0878 AM
[ReportManager] Successfully created attachment [Browser Action Test Data - closeCurrentWindow - Actual Value] @29-04-2021 10:02:43.0879 A
[ReportManager] File Action [getAbsolutePath] successfully performed. With the following test data [Relative Folder Path: "target/downloadedFiles/"]. @29-04-2021 10:02:43.0881 AM
[ReportManager] Attempting to run remotely on: [Linux-64], [GoogleChrome], [http://localhost:4444/wd/hub], Headless Execution. @29-04-2021 10:02:43.0881 AM
[ReportManager] Successfully Opened [GoogleChrome]. @29-04-2021 10:02:44.0085 AM
[ReportManager] Target URL: [https://duckduckgo.com] @29-04-2021 10:02:44.0095 AM
[ReportManager] Initial URL: [data:,] @29-04-2021 10:02:44.0142 AM
[ReportManager] Browser Action [navigateToURL] successfully performed. With the following test data [https://duckduckgo.com]. @29-04-2021 10:02:44.0678 A

################################################################################################################################################
Starting Execution:	[124 out of 137] test cases in the current suite
Test Method:		[unitTests.tests_browserActions.navigateBack]
################################################################################################################################################
[ReportManager] Target URL: [https://www.google.com/ncr], and after redirection: [https://www.google.com] @29-04-2021 10:02:44.0680 AM
[ReportManager] Initial URL: [https://duckduckgo.com] @29-04-2021 10:02:44.0743 AM
[ReportManager] Browser Action [navigateToURL] successfully performed. With the following test data [https://www.google.com/ncr]. @29-04-2021 10:02:45.0555 AM
[ReportManager] Browser Action [navigateBack] successfully performed. With the following test data [https://duckduckgo.com/]. @29-04-2021 10:02:45.0937 AM
[ReportManager] Confirming that navigating back was successful... @29-04-2021 10:02:45.0937 AM
[ReportManager] Browser Action [getCurrentURL] successfully performed. With the following test data [https://duckduckgo.com/]. @29-04-2021 10:02:45.0969 AM
[ReportManager] AssertBrowserAttribute PASSED; Expected [Value Should be 'https://duckduckgo.com' for the 'CurrentUrl' attribute] and Actual [https://duckduckgo.com/]. Comparison Type [CONTAINS]. Validation Type [POSITIVE]. @29-04-2021 10:02:45.0970 A
[ReportManager] Target URL: [https://duckduckgo.com] @29-04-2021 10:02:45.0974 AM
[ReportManager] Initial URL: [https://duckduckgo.com] @29-04-2021 10:02:46.0032 AM
[ReportManager] Browser Action [navigateToURL] successfully performed. With the following test data [https://duckduckgo.com]. @29-04-2021 10:02:46.0417 AM
[ReportManager] Successfully created attachment [Selenium WebDriver Logs - server] @29-04-2021 10:02:46.0484 AM
[ReportManager] Successfully created attachment [Selenium WebDriver Logs - performance] @29-04-2021 10:02:46.0656 AM
[ReportManager] Successfully created attachment [Selenium WebDriver Logs - driver] @29-04-2021 10:02:46.0944 AM
[ReportManager] Browser Action [closeCurrentWindow] successfully performed. @29-04-2021 10:02:47.0001 AM
[ReportManager] Successfully created attachment [Browser Action Test Data - closeCurrentWindow - Actual Value] @29-04-2021 10:02:47.0001 A
[ReportManager] File Action [getAbsolutePath] successfully performed. With the following test data [Relative Folder Path: "target/downloadedFiles/"]. @29-04-2021 10:02:47.0003 AM
[ReportManager] Attempting to run remotely on: [Linux-64], [GoogleChrome], [http://localhost:4444/wd/hub], Headless Execution. @29-04-2021 10:02:47.0004 AM
[ReportManager] Successfully Opened [GoogleChrome]. @29-04-2021 10:02:47.0253 AM
[ReportManager] Target URL: [https://duckduckgo.com] @29-04-2021 10:02:47.0265 AM
[ReportManager] Initial URL: [data:,] @29-04-2021 10:02:47.0311 AM
[ReportManager] Browser Action [navigateToURL] successfully performed. With the following test data [https://duckduckgo.com]. @29-04-2021 10:02:47.0922 A

################################################################################################################################################
Starting Execution:	[125 out of 137] test cases in the current suite
Test Method:		[unitTests.tests_browserActions.navigateForward]
################################################################################################################################################
[ReportManager] Target URL: [https://www.google.com/ncr], and after redirection: [https://www.google.com] @29-04-2021 10:02:47.0926 AM
[ReportManager] Initial URL: [https://duckduckgo.com] @29-04-2021 10:02:47.0985 AM
[ReportManager] Browser Action [navigateToURL] successfully performed. With the following test data [https://www.google.com/ncr]. @29-04-2021 10:02:48.0825 AM
[ReportManager] Browser Action [navigateBack] successfully performed. With the following test data [https://duckduckgo.com/]. @29-04-2021 10:02:49.0238 AM
[ReportManager] Browser Action [navigateForward] successfully performed. With the following test data [https://www.google.com/]. @29-04-2021 10:02:49.0674 A
[ReportManager] Target URL: [https://duckduckgo.com] @29-04-2021 10:02:49.0675 AM
[ReportManager] Initial URL: [https://www.google.com] @29-04-2021 10:02:49.0763 AM
[ReportManager] Browser Action [navigateToURL] successfully performed. With the following test data [https://duckduckgo.com]. @29-04-2021 10:02:50.0253 AM
[ReportManager] Successfully created attachment [Selenium WebDriver Logs - server] @29-04-2021 10:02:50.0312 AM
[ReportManager] Successfully created attachment [Selenium WebDriver Logs - performance] @29-04-2021 10:02:50.0479 AM
[ReportManager] Successfully created attachment [Selenium WebDriver Logs - driver] @29-04-2021 10:02:50.0755 AM
[ReportManager] Browser Action [closeCurrentWindow] successfully performed. @29-04-2021 10:02:50.0811 AM
[ReportManager] Successfully created attachment [Browser Action Test Data - closeCurrentWindow - Actual Value] @29-04-2021 10:02:50.0812 A
[ReportManager] File Action [getAbsolutePath] successfully performed. With the following test data [Relative Folder Path: "target/downloadedFiles/"]. @29-04-2021 10:02:50.0815 AM
[ReportManager] Attempting to run remotely on: [Linux-64], [GoogleChrome], [http://localhost:4444/wd/hub], Headless Execution. @29-04-2021 10:02:50.0815 AM
[ReportManager] Successfully Opened [GoogleChrome]. @29-04-2021 10:02:51.0033 AM
[ReportManager] Target URL: [https://duckduckgo.com] @29-04-2021 10:02:51.0043 AM
[ReportManager] Initial URL: [data:,] @29-04-2021 10:02:51.0082 AM
[ReportManager] Browser Action [navigateToURL] successfully performed. With the following test data [https://duckduckgo.com]. @29-04-2021 10:02:51.0639 A

################################################################################################################################################
Starting Execution:	[126 out of 137] test cases in the current suite
Test Method:		[unitTests.tests_browserActions.navigateToURL]
################################################################################################################################################
[ReportManager] Target URL: [https://duckduckgo.com] @29-04-2021 10:02:51.0642 AM
[ReportManager] Initial URL: [https://duckduckgo.com] @29-04-2021 10:02:51.0710 AM
[ReportManager] Browser Action [navigateToURL] successfully performed. With the following test data [https://duckduckgo.com]. @29-04-2021 10:02:52.0085 A
[ReportManager] Target URL: [https://duckduckgo.com] @29-04-2021 10:02:52.0088 AM
[ReportManager] Initial URL: [https://duckduckgo.com] @29-04-2021 10:02:52.0149 AM
[ReportManager] Browser Action [navigateToURL] successfully performed. With the following test data [https://duckduckgo.com]. @29-04-2021 10:02:52.0470 AM
[ReportManager] Successfully created attachment [Selenium WebDriver Logs - server] @29-04-2021 10:02:52.0536 AM
[ReportManager] Successfully created attachment [Selenium WebDriver Logs - performance] @29-04-2021 10:02:52.0712 AM
[ReportManager] Successfully created attachment [Selenium WebDriver Logs - driver] @29-04-2021 10:02:52.0934 AM
[ReportManager] Browser Action [closeCurrentWindow] successfully performed. @29-04-2021 10:02:52.0991 AM
[ReportManager] Successfully created attachment [Browser Action Test Data - closeCurrentWindow - Actual Value] @29-04-2021 10:02:52.0991 A
[ReportManager] File Action [getAbsolutePath] successfully performed. With the following test data [Relative Folder Path: "target/downloadedFiles/"]. @29-04-2021 10:02:52.0995 AM
[ReportManager] Attempting to run remotely on: [Linux-64], [GoogleChrome], [http://localhost:4444/wd/hub], Headless Execution. @29-04-2021 10:02:52.0995 AM
[ReportManager] Successfully Opened [GoogleChrome]. @29-04-2021 10:02:53.0224 AM
[ReportManager] Target URL: [https://duckduckgo.com] @29-04-2021 10:02:53.0234 AM
[ReportManager] Initial URL: [data:,] @29-04-2021 10:02:53.0276 AM
[ReportManager] Browser Action [navigateToURL] successfully performed. With the following test data [https://duckduckgo.com]. @29-04-2021 10:02:53.0809 A

################################################################################################################################################
Starting Execution:	[127 out of 137] test cases in the current suite
Test Method:		[unitTests.tests_browserActions.navigateToURLWithRedirection]
################################################################################################################################################
[ReportManager] Target URL: [https://www.google.com/ncr], and after redirection: [https://www.google.com] @29-04-2021 10:02:53.0812 AM
[ReportManager] Initial URL: [https://duckduckgo.com] @29-04-2021 10:02:53.0874 AM
[ReportManager] Browser Action [navigateToURL] successfully performed. With the following test data [https://www.google.com/ncr]. @29-04-2021 10:02:54.0655 A
[ReportManager] Target URL: [https://duckduckgo.com] @29-04-2021 10:02:54.0659 AM
[ReportManager] Initial URL: [https://www.google.com] @29-04-2021 10:02:54.0732 AM
[ReportManager] Browser Action [navigateToURL] successfully performed. With the following test data [https://duckduckgo.com]. @29-04-2021 10:02:55.0242 AM
[ReportManager] Successfully created attachment [Selenium WebDriver Logs - server] @29-04-2021 10:02:55.0292 AM
[ReportManager] Successfully created attachment [Selenium WebDriver Logs - performance] @29-04-2021 10:02:55.0399 AM
[ReportManager] Successfully created attachment [Selenium WebDriver Logs - driver] @29-04-2021 10:02:55.0571 AM
[ReportManager] Browser Action [closeCurrentWindow] successfully performed. @29-04-2021 10:02:55.0627 AM
[ReportManager] Successfully created attachment [Browser Action Test Data - closeCurrentWindow - Actual Value] @29-04-2021 10:02:55.0628 A
[ReportManager] File Action [getAbsolutePath] successfully performed. With the following test data [Relative Folder Path: "target/downloadedFiles/"]. @29-04-2021 10:02:55.0631 AM
[ReportManager] Attempting to run remotely on: [Linux-64], [GoogleChrome], [http://localhost:4444/wd/hub], Headless Execution. @29-04-2021 10:02:55.0631 AM
[ReportManager] Successfully Opened [GoogleChrome]. @29-04-2021 10:02:55.0825 AM
[ReportManager] Target URL: [https://duckduckgo.com] @29-04-2021 10:02:55.0845 AM
[ReportManager] Initial URL: [data:,] @29-04-2021 10:02:55.0886 AM
[ReportManager] Browser Action [navigateToURL] successfully performed. With the following test data [https://duckduckgo.com]. @29-04-2021 10:02:56.0450 A

################################################################################################################################################
Starting Execution:	[128 out of 137] test cases in the current suite
Test Method:		[unitTests.tests_browserActions.refreshCurrentPage]
################################################################################################################################################
[ReportManager] Browser Action [refreshCurrentPage] successfully performed. @29-04-2021 10:02:56.0733 AM
[ReportManager] Successfully created attachment [Browser Action Test Data - refreshCurrentPage - Actual Value] @29-04-2021 10:02:56.0733 A
[ReportManager] Target URL: [https://duckduckgo.com] @29-04-2021 10:02:56.0735 AM
[ReportManager] Initial URL: [https://duckduckgo.com] @29-04-2021 10:02:56.0797 AM
[ReportManager] Browser Action [navigateToURL] successfully performed. With the following test data [https://duckduckgo.com]. @29-04-2021 10:02:57.0108 AM
[ReportManager] Successfully created attachment [Selenium WebDriver Logs - server] @29-04-2021 10:02:57.0158 AM
[ReportManager] Successfully created attachment [Selenium WebDriver Logs - performance] @29-04-2021 10:02:57.0327 AM
[ReportManager] Successfully created attachment [Selenium WebDriver Logs - driver] @29-04-2021 10:02:57.0525 AM
[ReportManager] Browser Action [closeCurrentWindow] successfully performed. @29-04-2021 10:02:57.0581 AM
[ReportManager] Successfully created attachment [Browser Action Test Data - closeCurrentWindow - Actual Value] @29-04-2021 10:02:57.0581 A
[ReportManager] File Action [getAbsolutePath] successfully performed. With the following test data [Relative Folder Path: "target/downloadedFiles/"]. @29-04-2021 10:02:57.0584 AM
[ReportManager] Attempting to run remotely on: [Linux-64], [GoogleChrome], [http://localhost:4444/wd/hub], Headless Execution. @29-04-2021 10:02:57.0584 AM
[ReportManager] Successfully Opened [GoogleChrome]. @29-04-2021 10:02:57.0811 AM
[ReportManager] Target URL: [https://duckduckgo.com] @29-04-2021 10:02:57.0831 AM
[ReportManager] Initial URL: [data:,] @29-04-2021 10:02:57.0872 AM
[ReportManager] Browser Action [navigateToURL] successfully performed. With the following test data [https://duckduckgo.com]. @29-04-2021 10:02:58.0466 A

################################################################################################################################################
Starting Execution:	[129 out of 137] test cases in the current suite
Test Method:		[unitTests.tests_browserActions.setWindowSize]
################################################################################################################################################
[ReportManager] Initial window size: (800, 600) @29-04-2021 10:02:58.0478 AM
[ReportManager] Window size after SWD: (1280, 720) @29-04-2021 10:02:58.0699 AM
[ReportManager] Browser Action [setWindowSize] successfully performed. With the following test data [New screen size is now: (1280, 720)]. @29-04-2021 10:02:58.0700 A
[ReportManager] Target URL: [https://duckduckgo.com] @29-04-2021 10:02:58.0701 AM
[ReportManager] Initial URL: [https://duckduckgo.com] @29-04-2021 10:02:58.0761 AM
[ReportManager] Browser Action [navigateToURL] successfully performed. With the following test data [https://duckduckgo.com]. @29-04-2021 10:02:59.0137 AM
[ReportManager] Successfully created attachment [Selenium WebDriver Logs - server] @29-04-2021 10:02:59.0191 AM
[ReportManager] Successfully created attachment [Selenium WebDriver Logs - performance] @29-04-2021 10:02:59.0301 AM
[ReportManager] Successfully created attachment [Selenium WebDriver Logs - driver] @29-04-2021 10:02:59.0441 AM
[ReportManager] Browser Action [closeCurrentWindow] successfully performed. @29-04-2021 10:02:59.0500 AM
[ReportManager] Successfully created attachment [Browser Action Test Data - closeCurrentWindow - Actual Value] @29-04-2021 10:02:59.0501 A
[ReportManager] File Action [getAbsolutePath] successfully performed. With the following test data [Relative Folder Path: "target/downloadedFiles/"]. @29-04-2021 10:02:59.0506 AM
[ReportManager] Attempting to run remotely on: [Linux-64], [GoogleChrome], [http://localhost:4444/wd/hub], Headless Execution. @29-04-2021 10:02:59.0506 AM
[ReportManager] Successfully Opened [GoogleChrome]. @29-04-2021 10:02:59.0715 A

################################################################################################################################################
Starting Execution:	[130 out of 137] test cases in the current suite
Test Method:		[unitTests.tests_element_elementActions.waitForElementToBePresent_false_expectedToFail]
################################################################################################################################################
[ReportManager] Target URL: [https://www.google.com/ncr], and after redirection: [www.google.com] @29-04-2021 10:02:59.0734 AM
[ReportManager] Initial URL: [data:,] @29-04-2021 10:02:59.0782 AM
[ReportManager] Browser Action [navigateToURL] successfully performed. With the following test data [https://www.google.com/ncr]. @29-04-2021 10:03:00.0610 AM
[ReportManager] Waiting for element to be present; elementLocator [By.xpath: //img[@id='hplogo' or @alt='Google']], numberOfTries[1], stateOfPresence[false]... @29-04-2021 10:03:00.0618 AM
[ReportManager] Element Action [waitForElementToBePresent] failed. With the following test data [waited for the element's state of presence to be (false). Element locator (By.xpath: //img[@id='hplogo' or @alt='Google'])]. @29-04-2021 10:03:00.0806 AM
[ReportManager] Successfully created attachment [Screenshot - 1619690580743_waitForElementToBePresent_false_expectedToFail_waitForElementToBePresent_failed] @29-04-2021 10:03:00.0813 A
[ReportManager] Successfully created attachment [Selenium WebDriver Logs - server] @29-04-2021 10:03:00.0896 AM
[ReportManager] Successfully created attachment [Selenium WebDriver Logs - performance] @29-04-2021 10:03:00.0929 AM
[ReportManager] Successfully created attachment [Selenium WebDriver Logs - driver] @29-04-2021 10:03:00.0995 AM
[ReportManager] Browser Action [closeCurrentWindow] successfully performed. @29-04-2021 10:03:01.0059 AM
[ReportManager] Successfully created attachment [Browser Action Test Data - closeCurrentWindow - Actual Value] @29-04-2021 10:03:01.0059 A
[ReportManager] File Action [getAbsolutePath] successfully performed. With the following test data [Relative Folder Path: "target/downloadedFiles/"]. @29-04-2021 10:03:01.0062 AM
[ReportManager] Attempting to run remotely on: [Linux-64], [GoogleChrome], [http://localhost:4444/wd/hub], Headless Execution. @29-04-2021 10:03:01.0062 AM
[ReportManager] Successfully Opened [GoogleChrome]. @29-04-2021 10:03:01.0277 A

################################################################################################################################################
Starting Execution:	[131 out of 137] test cases in the current suite
Test Method:		[unitTests.tests_element_elementActions.waitForElementToBePresent_false_expectedToPass]
################################################################################################################################################
[ReportManager] Target URL: [https://www.google.com/ncr], and after redirection: [www.google.com] @29-04-2021 10:03:01.0289 AM
[ReportManager] Initial URL: [data:,] @29-04-2021 10:03:01.0332 AM
[ReportManager] Browser Action [navigateToURL] successfully performed. With the following test data [https://www.google.com/ncr]. @29-04-2021 10:03:02.0184 AM
[ReportManager] Waiting for element to be present; elementLocator [By.id: bla], numberOfTries[1], stateOfPresence[false]... @29-04-2021 10:03:02.0184 AM
[ReportManager] Element Action [waitForElementToBePresent] successfully performed. With the following test data [waited for the element's state of presence to be (false). Element locator (By.id: bla)]. @29-04-2021 10:03:07.0318 A
[ReportManager] Successfully created attachment [Selenium WebDriver Logs - server] @29-04-2021 10:03:07.0426 AM
[ReportManager] Successfully created attachment [Selenium WebDriver Logs - performance] @29-04-2021 10:03:07.0458 AM
[ReportManager] Successfully created attachment [Selenium WebDriver Logs - driver] @29-04-2021 10:03:07.0534 AM
[ReportManager] Browser Action [closeCurrentWindow] successfully performed. @29-04-2021 10:03:07.0591 AM
[ReportManager] Successfully created attachment [Browser Action Test Data - closeCurrentWindow - Actual Value] @29-04-2021 10:03:07.0592 A
[ReportManager] File Action [getAbsolutePath] successfully performed. With the following test data [Relative Folder Path: "target/downloadedFiles/"]. @29-04-2021 10:03:07.0595 AM
[ReportManager] Attempting to run remotely on: [Linux-64], [GoogleChrome], [http://localhost:4444/wd/hub], Headless Execution. @29-04-2021 10:03:07.0595 AM
[ReportManager] Successfully Opened [GoogleChrome]. @29-04-2021 10:03:07.0819 A

################################################################################################################################################
Starting Execution:	[132 out of 137] test cases in the current suite
Test Method:		[unitTests.tests_element_elementActions.waitForElementToBePresent_moreThanOneElement_expectedToFail]
################################################################################################################################################
[ReportManager] Target URL: [https://www.google.com/ncr], and after redirection: [www.google.com] @29-04-2021 10:03:07.0837 AM
[ReportManager] Initial URL: [data:,] @29-04-2021 10:03:07.0877 AM
[ReportManager] Browser Action [navigateToURL] successfully performed. With the following test data [https://www.google.com/ncr]. @29-04-2021 10:03:08.0722 AM
[ReportManager] Waiting for element to be present; elementLocator [By.xpath: //*], numberOfTries[1], stateOfPresence[false]... @29-04-2021 10:03:08.0722 AM
[ReportManager] Element Action [waitForElementToBePresent] failed. With the following test data [waited for the element's state of presence to be (false). Element locator (By.xpath: //*)]. @29-04-2021 10:03:08.0945 AM
[ReportManager] Successfully created attachment [Screenshot - 1619690588875_waitForElementToBePresent_moreThanOneElement_expectedToFail_waitForElementToBePresent_failed] @29-04-2021 10:03:08.0945 A
[ReportManager] Successfully created attachment [Selenium WebDriver Logs - server] @29-04-2021 10:03:09.0027 AM
[ReportManager] Successfully created attachment [Selenium WebDriver Logs - performance] @29-04-2021 10:03:09.0059 AM
[ReportManager] Successfully created attachment [Selenium WebDriver Logs - driver] @29-04-2021 10:03:09.0127 AM
[ReportManager] Browser Action [closeCurrentWindow] successfully performed. @29-04-2021 10:03:09.0183 AM
[ReportManager] Successfully created attachment [Browser Action Test Data - closeCurrentWindow - Actual Value] @29-04-2021 10:03:09.0185 A
[ReportManager] File Action [getAbsolutePath] successfully performed. With the following test data [Relative Folder Path: "target/downloadedFiles/"]. @29-04-2021 10:03:09.0189 AM
[ReportManager] Attempting to run remotely on: [Linux-64], [GoogleChrome], [http://localhost:4444/wd/hub], Headless Execution. @29-04-2021 10:03:09.0189 AM
[ReportManager] Successfully Opened [GoogleChrome]. @29-04-2021 10:03:09.0424 A

################################################################################################################################################
Starting Execution:	[133 out of 137] test cases in the current suite
Test Method:		[unitTests.tests_element_elementActions.waitForElementToBePresent_true_expectedToFail]
################################################################################################################################################
[ReportManager] Target URL: [https://www.google.com/ncr], and after redirection: [www.google.com] @29-04-2021 10:03:09.0447 AM
[ReportManager] Initial URL: [data:,] @29-04-2021 10:03:09.0499 AM
[ReportManager] Browser Action [navigateToURL] successfully performed. With the following test data [https://www.google.com/ncr]. @29-04-2021 10:03:10.0408 AM
[ReportManager] Waiting for element to be present; elementLocator [By.id: bla], numberOfTries[1], stateOfPresence[true]... @29-04-2021 10:03:10.0408 AM
[ReportManager] Element Action [waitForElementToBePresent] failed. With the following test data [waited for the element's state of presence to be (true). Element locator (By.id: bla)]. @29-04-2021 10:03:15.0659 AM
[ReportManager] Successfully created attachment [Screenshot - 1619690595595_waitForElementToBePresent_true_expectedToFail_waitForElementToBePresent_failed] @29-04-2021 10:03:15.0660 A
[ReportManager] Successfully created attachment [Selenium WebDriver Logs - server] @29-04-2021 10:03:15.0744 AM
[ReportManager] Successfully created attachment [Selenium WebDriver Logs - performance] @29-04-2021 10:03:15.0779 AM
[ReportManager] Successfully created attachment [Selenium WebDriver Logs - driver] @29-04-2021 10:03:15.0853 AM
[ReportManager] Browser Action [closeCurrentWindow] successfully performed. @29-04-2021 10:03:15.0909 AM
[ReportManager] Successfully created attachment [Browser Action Test Data - closeCurrentWindow - Actual Value] @29-04-2021 10:03:15.0909 A
[ReportManager] File Action [getAbsolutePath] successfully performed. With the following test data [Relative Folder Path: "target/downloadedFiles/"]. @29-04-2021 10:03:15.0911 AM
[ReportManager] Attempting to run remotely on: [Linux-64], [GoogleChrome], [http://localhost:4444/wd/hub], Headless Execution. @29-04-2021 10:03:15.0912 AM
[ReportManager] Successfully Opened [GoogleChrome]. @29-04-2021 10:03:16.0141 A

################################################################################################################################################
Starting Execution:	[134 out of 137] test cases in the current suite
Test Method:		[unitTests.tests_element_elementActions.waitForElementToBePresent_true_expectedToPass]
################################################################################################################################################
[ReportManager] Target URL: [https://www.google.com/ncr], and after redirection: [www.google.com] @29-04-2021 10:03:16.0155 AM
[ReportManager] Initial URL: [data:,] @29-04-2021 10:03:16.0199 AM
[ReportManager] Browser Action [navigateToURL] successfully performed. With the following test data [https://www.google.com/ncr]. @29-04-2021 10:03:17.0076 AM
[ReportManager] Waiting for element to be present; elementLocator [By.xpath: //img[@id='hplogo' or @alt='Google']], numberOfTries[1], stateOfPresence[true]... @29-04-2021 10:03:17.0076 AM
[ReportManager] Element Action [waitForElementToBePresent] successfully performed. With the following test data [waited for the element's state of presence to be (true). Element locator (By.xpath: //img[@id='hplogo' or @alt='Google'])]. @29-04-2021 10:03:17.0131 AM
[ReportManager] Using Visual AI; OpenCV... @29-04-2021 10:03:17.0133 AM
[ReportManager] File Action [doesFileExist] successfully performed. With the following test data [File Path: "src/test/resources/DynamicObjectRepository/unitTests_tests_element_elementActions_waitForElementToBePresent_true_expectedToPass_By_xpath_img_id_hplogo_or_alt_Google.png"]. @29-04-2021 10:03:17.0134 AM
[ReportManager] File Action [doesFileExist] successfully performed. With the following test data [File Path: "src/test/resources/DynamicObjectRepository/unitTests_tests_element_elementActions_waitForElementToBePresent_true_expectedToPass_By_xpath_img_id_hplogo_or_alt_Google.png"]. @29-04-2021 10:03:17.0306 AM
[ReportManager] Passing the test and saving a reference image @29-04-2021 10:03:17.0306 AM
[ReportManager] File Action [getAbsolutePath] successfully performed. With the following test data [Relative File Path: "src/test/resources/DynamicObjectRepository/unitTests_tests_element_elementActions_waitForElementToBePresent_true_expectedToPass_By_xpath_img_id_hplogo_or_alt_Google.png"]. @29-04-2021 10:03:17.0306 AM
[ReportManager] File Action [writeToFile] successfully performed. With the following test data [Target File Path: "/home/runner/work/SHAFT_ENGINE/SHAFT_ENGINE/src/test/resources/DynamicObjectRepository/unitTests_tests_element_elementActions_waitForElementToBePresent_true_expectedToPass_By_xpath_img_id_hplogo_or_alt_Google.png"]. @29-04-2021 10:03:17.0309 AM
[ReportManager] AssertElementMatches PASSED; Expected [Element should match the reference screenshot] and Actual [TRUE]. Comparison Type [EXACT_OPENCV]. Validation Type [POSITIVE]. @29-04-2021 10:03:17.0309 AM
[ReportManager] Successfully created attachment [Validation Test Data - Actual Screenshot] @29-04-2021 10:03:17.0310 A
[ReportManager] Successfully created attachment [Selenium WebDriver Logs - server] @29-04-2021 10:03:17.0412 AM
[ReportManager] Successfully created attachment [Selenium WebDriver Logs - performance] @29-04-2021 10:03:17.0446 AM
[ReportManager] Successfully created attachment [Selenium WebDriver Logs - driver] @29-04-2021 10:03:17.0523 AM
[ReportManager] Browser Action [closeCurrentWindow] successfully performed. @29-04-2021 10:03:17.0580 AM
[ReportManager] Successfully created attachment [Browser Action Test Data - closeCurrentWindow - Actual Value] @29-04-2021 10:03:17.0581 A

################################################################################################################################################
Starting Execution:	[135 out of 137] test cases in the current suite
Test Method:		[unitTests.tests_restActions.getPostsAndAssertBodyForSpecificTitle]
################################################################################################################################################
[ReportManager] Response status code: [200], status line: [HTTP/1.1 200 OK] @29-04-2021 10:03:18.0731 AM
[ReportManager] Evaluating the actual response status code against the expected one...... @29-04-2021 10:03:18.0731 AM
[ReportManager] AssertEquals PASSED; Expected [200] and Actual [200]. Comparison Type [EQUALS]. Validation Type [POSITIVE]. @29-04-2021 10:03:18.0731 AM
[ReportManager] API Action [performRequest] successfully performed. With the following test data [Request Type: "GET" | Target Status Code: "200" | Service URL: "https://jsonplaceholder.typicode.com/posts" | Content Type: "*/*" | Response Time: "693ms"]. @29-04-2021 10:03:18.0935 AM
[ReportManager] Successfully created attachment [API Response - JSON Body] @29-04-2021 10:03:18.0939 AM
[ReportManager] API Action [getResponseJSONValueAsList] successfully performed. @29-04-2021 10:03:18.0973 AM
[ReportManager] API Action [getResponseJSONValue] successfully performed. With the following test data [title]. @29-04-2021 10:03:18.0996 AM
[ReportManager] API Action [getResponseJSONValue] successfully performed. With the following test data [title]. @29-04-2021 10:03:19.0018 AM
[ReportManager] API Action [getResponseJSONValue] successfully performed. With the following test data [body]. @29-04-2021 10:03:19.0040 AM
[ReportManager] AssertEquals PASSED; Expected [qui neque nisi nulla] and Actual [est rerum tempore vitae
sequi sint nihil reprehenderit dolor beatae ea dolores neque
fugiat blanditiis voluptate porro vel nihil molestiae ut reiciendis
qui aperiam non debitis possimus qui neque nisi nulla]. Comparison Type [CONTAINS]. Validation Type [POSITIVE]. @29-04-2021 10:03:19.0040 AM
[ReportManager] API Action [getResponseJSONValue] successfully performed. With the following test data [title]. @29-04-2021 10:03:19.0057 AM
[ReportManager] API Action [getResponseJSONValue] successfully performed. With the following test data [title]. @29-04-2021 10:03:19.0074 AM
[ReportManager] API Action [getResponseJSONValue] successfully performed. With the following test data [title]. @29-04-2021 10:03:19.0094 AM
[ReportManager] API Action [getResponseJSONValue] successfully performed. With the following test data [title]. @29-04-2021 10:03:19.0112 AM
[ReportManager] API Action [getResponseJSONValue] successfully performed. With the following test data [title]. @29-04-2021 10:03:19.0132 AM
[ReportManager] API Action [getResponseJSONValue] successfully performed. With the following test data [title]. @29-04-2021 10:03:19.0153 AM
[ReportManager] API Action [getResponseJSONValue] successfully performed. With the following test data [title]. @29-04-2021 10:03:19.0170 AM
[ReportManager] API Action [getResponseJSONValue] successfully performed. With the following test data [title]. @29-04-2021 10:03:19.0190 AM
[ReportManager] API Action [getResponseJSONValue] successfully performed. With the following test data [title]. @29-04-2021 10:03:19.0205 AM
[ReportManager] API Action [getResponseJSONValue] successfully performed. With the following test data [title]. @29-04-2021 10:03:19.0226 AM
[ReportManager] API Action [getResponseJSONValue] successfully performed. With the following test data [title]. @29-04-2021 10:03:19.0252 AM
[ReportManager] API Action [getResponseJSONValue] successfully performed. With the following test data [title]. @29-04-2021 10:03:19.0269 AM
[ReportManager] API Action [getResponseJSONValue] successfully performed. With the following test data [title]. @29-04-2021 10:03:19.0286 AM
[ReportManager] API Action [getResponseJSONValue] successfully performed. With the following test data [title]. @29-04-2021 10:03:19.0307 AM
[ReportManager] API Action [getResponseJSONValue] successfully performed. With the following test data [title]. @29-04-2021 10:03:19.0318 AM
[ReportManager] API Action [getResponseJSONValue] successfully performed. With the following test data [title]. @29-04-2021 10:03:19.0329 AM
[ReportManager] API Action [getResponseJSONValue] successfully performed. With the following test data [title]. @29-04-2021 10:03:19.0339 AM
[ReportManager] API Action [getResponseJSONValue] successfully performed. With the following test data [title]. @29-04-2021 10:03:19.0350 AM
[ReportManager] API Action [getResponseJSONValue] successfully performed. With the following test data [title]. @29-04-2021 10:03:19.0361 AM
[ReportManager] API Action [getResponseJSONValue] successfully performed. With the following test data [title]. @29-04-2021 10:03:19.0371 AM
[ReportManager] API Action [getResponseJSONValue] successfully performed. With the following test data [title]. @29-04-2021 10:03:19.0382 AM
[ReportManager] API Action [getResponseJSONValue] successfully performed. With the following test data [title]. @29-04-2021 10:03:19.0392 AM
[ReportManager] API Action [getResponseJSONValue] successfully performed. With the following test data [title]. @29-04-2021 10:03:19.0402 AM
[ReportManager] API Action [getResponseJSONValue] successfully performed. With the following test data [title]. @29-04-2021 10:03:19.0412 AM
[ReportManager] API Action [getResponseJSONValue] successfully performed. With the following test data [title]. @29-04-2021 10:03:19.0423 AM
[ReportManager] API Action [getResponseJSONValue] successfully performed. With the following test data [title]. @29-04-2021 10:03:19.0433 AM
[ReportManager] API Action [getResponseJSONValue] successfully performed. With the following test data [title]. @29-04-2021 10:03:19.0444 AM
[ReportManager] API Action [getResponseJSONValue] successfully performed. With the following test data [title]. @29-04-2021 10:03:19.0483 AM
[ReportManager] API Action [getResponseJSONValue] successfully performed. With the following test data [title]. @29-04-2021 10:03:19.0494 AM
[ReportManager] API Action [getResponseJSONValue] successfully performed. With the following test data [title]. @29-04-2021 10:03:19.0504 AM
[ReportManager] API Action [getResponseJSONValue] successfully performed. With the following test data [title]. @29-04-2021 10:03:19.0515 AM
[ReportManager] API Action [getResponseJSONValue] successfully performed. With the following test data [title]. @29-04-2021 10:03:19.0525 AM
[ReportManager] API Action [getResponseJSONValue] successfully performed. With the following test data [title]. @29-04-2021 10:03:19.0535 AM
[ReportManager] API Action [getResponseJSONValue] successfully performed. With the following test data [title]. @29-04-2021 10:03:19.0545 AM
[ReportManager] API Action [getResponseJSONValue] successfully performed. With the following test data [title]. @29-04-2021 10:03:19.0555 AM
[ReportManager] API Action [getResponseJSONValue] successfully performed. With the following test data [title]. @29-04-2021 10:03:19.0565 AM
[ReportManager] API Action [getResponseJSONValue] successfully performed. With the following test data [title]. @29-04-2021 10:03:19.0576 AM
[ReportManager] API Action [getResponseJSONValue] successfully performed. With the following test data [title]. @29-04-2021 10:03:19.0586 AM
[ReportManager] API Action [getResponseJSONValue] successfully performed. With the following test data [title]. @29-04-2021 10:03:19.0596 AM
[ReportManager] API Action [getResponseJSONValue] successfully performed. With the following test data [title]. @29-04-2021 10:03:19.0607 AM
[ReportManager] API Action [getResponseJSONValue] successfully performed. With the following test data [title]. @29-04-2021 10:03:19.0617 AM
[ReportManager] API Action [getResponseJSONValue] successfully performed. With the following test data [title]. @29-04-2021 10:03:19.0627 AM
[ReportManager] API Action [getResponseJSONValue] successfully performed. With the following test data [title]. @29-04-2021 10:03:19.0637 AM
[ReportManager] API Action [getResponseJSONValue] successfully performed. With the following test data [title]. @29-04-2021 10:03:19.0647 AM
[ReportManager] API Action [getResponseJSONValue] successfully performed. With the following test data [title]. @29-04-2021 10:03:19.0657 AM
[ReportManager] API Action [getResponseJSONValue] successfully performed. With the following test data [title]. @29-04-2021 10:03:19.0667 AM
[ReportManager] API Action [getResponseJSONValue] successfully performed. With the following test data [title]. @29-04-2021 10:03:19.0677 AM
[ReportManager] API Action [getResponseJSONValue] successfully performed. With the following test data [title]. @29-04-2021 10:03:19.0686 AM
[ReportManager] API Action [getResponseJSONValue] successfully performed. With the following test data [title]. @29-04-2021 10:03:19.0696 AM
[ReportManager] API Action [getResponseJSONValue] successfully performed. With the following test data [title]. @29-04-2021 10:03:19.0706 AM
[ReportManager] API Action [getResponseJSONValue] successfully performed. With the following test data [title]. @29-04-2021 10:03:19.0716 AM
[ReportManager] API Action [getResponseJSONValue] successfully performed. With the following test data [title]. @29-04-2021 10:03:19.0725 AM
[ReportManager] API Action [getResponseJSONValue] successfully performed. With the following test data [title]. @29-04-2021 10:03:19.0735 AM
[ReportManager] API Action [getResponseJSONValue] successfully performed. With the following test data [title]. @29-04-2021 10:03:19.0745 AM
[ReportManager] API Action [getResponseJSONValue] successfully performed. With the following test data [title]. @29-04-2021 10:03:19.0755 AM
[ReportManager] API Action [getResponseJSONValue] successfully performed. With the following test data [title]. @29-04-2021 10:03:19.0765 AM
[ReportManager] API Action [getResponseJSONValue] successfully performed. With the following test data [title]. @29-04-2021 10:03:19.0775 AM
[ReportManager] API Action [getResponseJSONValue] successfully performed. With the following test data [title]. @29-04-2021 10:03:19.0784 AM
[ReportManager] API Action [getResponseJSONValue] successfully performed. With the following test data [title]. @29-04-2021 10:03:19.0810 AM
[ReportManager] API Action [getResponseJSONValue] successfully performed. With the following test data [title]. @29-04-2021 10:03:19.0820 AM
[ReportManager] API Action [getResponseJSONValue] successfully performed. With the following test data [title]. @29-04-2021 10:03:19.0830 AM
[ReportManager] API Action [getResponseJSONValue] successfully performed. With the following test data [title]. @29-04-2021 10:03:19.0840 AM
[ReportManager] API Action [getResponseJSONValue] successfully performed. With the following test data [title]. @29-04-2021 10:03:19.0850 AM
[ReportManager] API Action [getResponseJSONValue] successfully performed. With the following test data [title]. @29-04-2021 10:03:19.0860 AM
[ReportManager] API Action [getResponseJSONValue] successfully performed. With the following test data [title]. @29-04-2021 10:03:19.0870 AM
[ReportManager] API Action [getResponseJSONValue] successfully performed. With the following test data [title]. @29-04-2021 10:03:19.0879 AM
[ReportManager] API Action [getResponseJSONValue] successfully performed. With the following test data [title]. @29-04-2021 10:03:19.0889 AM
[ReportManager] API Action [getResponseJSONValue] successfully performed. With the following test data [title]. @29-04-2021 10:03:19.0898 AM
[ReportManager] API Action [getResponseJSONValue] successfully performed. With the following test data [title]. @29-04-2021 10:03:19.0908 AM
[ReportManager] API Action [getResponseJSONValue] successfully performed. With the following test data [title]. @29-04-2021 10:03:19.0918 AM
[ReportManager] API Action [getResponseJSONValue] successfully performed. With the following test data [title]. @29-04-2021 10:03:19.0927 AM
[ReportManager] API Action [getResponseJSONValue] successfully performed. With the following test data [title]. @29-04-2021 10:03:19.0941 AM
[ReportManager] API Action [getResponseJSONValue] successfully performed. With the following test data [title]. @29-04-2021 10:03:19.0954 AM
[ReportManager] API Action [getResponseJSONValue] successfully performed. With the following test data [title]. @29-04-2021 10:03:19.0965 AM
[ReportManager] API Action [getResponseJSONValue] successfully performed. With the following test data [title]. @29-04-2021 10:03:19.0980 AM
[ReportManager] API Action [getResponseJSONValue] successfully performed. With the following test data [title]. @29-04-2021 10:03:19.0992 AM
[ReportManager] API Action [getResponseJSONValue] successfully performed. With the following test data [title]. @29-04-2021 10:03:20.0003 AM
[ReportManager] API Action [getResponseJSONValue] successfully performed. With the following test data [title]. @29-04-2021 10:03:20.0011 AM
[ReportManager] API Action [getResponseJSONValue] successfully performed. With the following test data [title]. @29-04-2021 10:03:20.0024 AM
[ReportManager] API Action [getResponseJSONValue] successfully performed. With the following test data [title]. @29-04-2021 10:03:20.0034 AM
[ReportManager] API Action [getResponseJSONValue] successfully performed. With the following test data [title]. @29-04-2021 10:03:20.0051 AM
[ReportManager] API Action [getResponseJSONValue] successfully performed. With the following test data [title]. @29-04-2021 10:03:20.0065 AM
[ReportManager] API Action [getResponseJSONValue] successfully performed. With the following test data [title]. @29-04-2021 10:03:20.0075 AM
[ReportManager] API Action [getResponseJSONValue] successfully performed. With the following test data [title]. @29-04-2021 10:03:20.0085 AM
[ReportManager] API Action [getResponseJSONValue] successfully performed. With the following test data [title]. @29-04-2021 10:03:20.0095 AM
[ReportManager] API Action [getResponseJSONValue] successfully performed. With the following test data [title]. @29-04-2021 10:03:20.0108 AM
[ReportManager] API Action [getResponseJSONValue] successfully performed. With the following test data [title]. @29-04-2021 10:03:20.0120 AM
[ReportManager] API Action [getResponseJSONValue] successfully performed. With the following test data [title]. @29-04-2021 10:03:20.0131 AM
[ReportManager] API Action [getResponseJSONValue] successfully performed. With the following test data [title]. @29-04-2021 10:03:20.0141 AM
[ReportManager] API Action [getResponseJSONValue] successfully performed. With the following test data [title]. @29-04-2021 10:03:20.0149 AM
[ReportManager] API Action [getResponseJSONValue] successfully performed. With the following test data [title]. @29-04-2021 10:03:20.0169 AM
[ReportManager] API Action [getResponseJSONValue] successfully performed. With the following test data [title]. @29-04-2021 10:03:20.0178 AM
[ReportManager] API Action [getResponseJSONValue] successfully performed. With the following test data [title]. @29-04-2021 10:03:20.0187 AM
[ReportManager] API Action [getResponseJSONValue] successfully performed. With the following test data [title]. @29-04-2021 10:03:20.0196 AM
[ReportManager] API Action [getResponseJSONValue] successfully performed. With the following test data [title]. @29-04-2021 10:03:20.0206 AM
[ReportManager] API Action [getResponseJSONValue] successfully performed. With the following test data [title]. @29-04-2021 10:03:20.0221 AM
[ReportManager] API Action [getResponseJSONValue] successfully performed. With the following test data [title]. @29-04-2021 10:03:20.0232 AM
[ReportManager] API Action [getResponseJSONValue] successfully performed. With the following test data [title]. @29-04-2021 10:03:20.0249 A

################################################################################################################################################
Starting Execution:	[136 out of 137] test cases in the current suite
Test Method:		[unitTests.tests_restActions.validateUserEmail]
################################################################################################################################################
[ReportManager] Response status code: [200], status line: [HTTP/1.1 200 OK] @29-04-2021 10:03:20.0353 AM
[ReportManager] Evaluating the actual response status code against the expected one...... @29-04-2021 10:03:20.0353 AM
[ReportManager] AssertEquals PASSED; Expected [200] and Actual [200]. Comparison Type [EQUALS]. Validation Type [POSITIVE]. @29-04-2021 10:03:20.0353 AM
[ReportManager] API Action [performRequest] successfully performed. With the following test data [Request Type: "GET" | Target Status Code: "200" | Service URL: "https://jsonplaceholder.typicode.com/users" | Content Type: "*/*" | Response Time: "70ms"]. @29-04-2021 10:03:20.0372 AM
[ReportManager] Successfully created attachment [API Response - JSON Body] @29-04-2021 10:03:20.0372 AM
[ReportManager] AssertEquals PASSED; Expected and Actual values are attached. Comparison Type [CONTAINS]. Validation Type [POSITIVE]. @29-04-2021 10:03:20.0372 AM
[ReportManager] Successfully created attachment [Validation Test Data - Expected Value] @29-04-2021 10:03:20.0373 AM
[ReportManager] Successfully created attachment [Validation Test Data - Actual Value] @29-04-2021 10:03:20.0373 AM
[ReportManager] API Action [getResponseJSONValueAsList] successfully performed. With the following test data [$]. @29-04-2021 10:03:20.0381 AM
[ReportManager] API Action [getResponseJSONValue] successfully performed. With the following test data [name]. @29-04-2021 10:03:20.0396 AM
[ReportManager] API Action [getResponseJSONValue] successfully performed. With the following test data [email]. @29-04-2021 10:03:20.0406 AM
[ReportManager] AssertEquals PASSED; Expected [Sincere@april.biz] and Actual [Sincere@april.biz]. Comparison Type [EQUALS]. Validation Type [POSITIVE]. @29-04-2021 10:03:20.0406 AM
[ReportManager] API Action [getResponseJSONValue] successfully performed. With the following test data [name]. @29-04-2021 10:03:20.0419 AM
[ReportManager] API Action [getResponseJSONValue] successfully performed. With the following test data [name]. @29-04-2021 10:03:20.0433 AM
[ReportManager] API Action [getResponseJSONValue] successfully performed. With the following test data [name]. @29-04-2021 10:03:20.0442 AM
[ReportManager] API Action [getResponseJSONValue] successfully performed. With the following test data [name]. @29-04-2021 10:03:20.0451 AM
[ReportManager] API Action [getResponseJSONValue] successfully performed. With the following test data [name]. @29-04-2021 10:03:20.0459 AM
[ReportManager] API Action [getResponseJSONValue] successfully performed. With the following test data [name]. @29-04-2021 10:03:20.0467 AM
[ReportManager] API Action [getResponseJSONValue] successfully performed. With the following test data [name]. @29-04-2021 10:03:20.0477 AM
[ReportManager] API Action [getResponseJSONValue] successfully performed. With the following test data [name]. @29-04-2021 10:03:20.0486 AM
[ReportManager] API Action [getResponseJSONValue] successfully performed. With the following test data [name]. @29-04-2021 10:03:20.0494 A
[ReportManager] Successfully loaded the following test data file [src/test/resources/TestDataFiles/testSuite01/TestData.xlsx]. @29-04-2021 10:03:20.0547 AM
[ReportManager] Successfully created attachment [Test Data - Excel] @29-04-2021 10:03:20.0548 A

################################################################################################################################################
Starting Execution:	[137 out of 137] test cases in the current suite
Test Method:		[unitTests.tests_io_excelFileManager.getCellData_rowName_expectedToPass]
################################################################################################################################################
[ReportManager] testRowData. @29-04-2021 10:03:20.0552 A

################################################################################################################################################
Test Closure Activities
################################################################################################################################################
[ReportManager] Successfully created attachment [SHAFT Engine Logs - Execution log] @29-04-2021 10:03:20.0582 AM

################################################################################################################################################
This test run was powered by SHAFT Engine Version: [SHAFT Engine v5.2.20210427]
SHAFT Engine is licensed under the MIT License: [https://github.com/MohabMohie/SHAFT_ENGINE/blob/master/LICENSE].
################################################################################################################################################