################################################################################################################################################
Detected SHAFT Engine Version: [SHAFT Engine v5.2.20210427]
################################################################################################################################################
[ReportManager] File Action [getAbsolutePath] successfully performed. With the following test data [Relative Folder Path: "target/downloadedFiles/"]. @28-04-2021 12:09:13.0228 PM
[ReportManager] Attempting to run remotely on: [Linux-64], [GoogleChrome], [http://localhost:4444/wd/hub], Headless Execution. @28-04-2021 12:09:13.0255 PM
[ReportManager] Successfully Opened [GoogleChrome]. @28-04-2021 12:09:14.0720 P

################################################################################################################################################
Starting Execution:	[1 out of 137] test cases in the current suite
Test Method:		[testPackage01.Test_assertEquals.test_assertElementAttribute]
################################################################################################################################################
[ReportManager] Target URL: [https://www.google.com/ncr], and after redirection: [https://www.google.com] @28-04-2021 12:09:14.0886 PM
[ReportManager] Initial URL: [data:,] @28-04-2021 12:09:14.0973 PM
[ReportManager] Browser Action [navigateToURL] successfully performed. With the following test data [https://www.google.com/ncr]. @28-04-2021 12:09:16.0143 PM
[ReportManager] Element Action [type] successfully performed. With the following test data [INC_004010050:Another SCHEDULER with the same name [Duplicate Job Name] already exists.]. @28-04-2021 12:09:18.0010 PM
[ReportManager] Element Action [getText] successfully performed. With the following test data [INC_004010050:Another SCHEDULER with the same name [Duplicate Job Name] already exists.]. @28-04-2021 12:09:18.0224 PM
[ReportManager] Loaded Shared OpenCV @28-04-2021 12:09:18.0888 PM
[ReportManager] AssertElementAttribute PASSED; Expected [Value Should be 'INC_004010050:Another SCHEDULER with the same name \[Duplicate Job Name\] already exists.' for the 'text' attribute, element locator 'By.name: q'] and Actual [INC_004010050:Another SCHEDULER with the same name [Duplicate Job Name] already exists.]. Comparison Type [MATCHES]. Validation Type [POSITIVE]. @28-04-2021 12:09:19.0179 PM
[ReportManager] Successfully created attachment [Screenshot - 1619611758449_test_assertElementAttribute_AssertElementAttribute_passed] @28-04-2021 12:09:19.0194 P
[ReportManager] Successfully created attachment [Selenium WebDriver Logs - server] @28-04-2021 12:09:19.0446 PM
[ReportManager] Successfully created attachment [Selenium WebDriver Logs - performance] @28-04-2021 12:09:19.0818 PM
[ReportManager] Successfully created attachment [Selenium WebDriver Logs - driver] @28-04-2021 12:09:20.0220 PM
[ReportManager] Browser Action [closeCurrentWindow] successfully performed. @28-04-2021 12:09:20.0292 PM
[ReportManager] Successfully created attachment [Browser Action Test Data - closeCurrentWindow - Actual Value] @28-04-2021 12:09:20.0300 P
[ReportManager] File Action [getAbsolutePath] successfully performed. With the following test data [Relative Folder Path: "target/downloadedFiles/"]. @28-04-2021 12:09:20.0307 PM
[ReportManager] Attempting to run remotely on: [Linux-64], [GoogleChrome], [http://localhost:4444/wd/hub], Headless Execution. @28-04-2021 12:09:20.0307 PM
[ReportManager] Successfully Opened [GoogleChrome]. @28-04-2021 12:09:20.0889 P

################################################################################################################################################
Starting Execution:	[2 out of 137] test cases in the current suite
Test Method:		[testPackage01.Test_dynamicLoading.dynamicLoading_elementIsHidden]
################################################################################################################################################
[ReportManager] Target URL: [https://the-internet.herokuapp.com/dynamic_loading/1] @28-04-2021 12:09:20.0926 PM
[ReportManager] Initial URL: [data:,] @28-04-2021 12:09:20.0999 PM
[ReportManager] Browser Action [navigateToURL] successfully performed. With the following test data [https://the-internet.herokuapp.com/dynamic_loading/1]. @28-04-2021 12:09:21.0525 PM
[ReportManager] Element Action [click] successfully performed. With the following test data [Start]. @28-04-2021 12:09:21.0979 PM
[ReportManager] Element Action [getText] successfully performed. With the following test data [
    Hello World!
  ]. @28-04-2021 12:09:22.0123 PM
[ReportManager] Loaded Shared OpenCV @28-04-2021 12:09:22.0309 PM
[ReportManager] AssertElementAttribute PASSED; Expected [Value Should be 'Hello World!' for the 'text' attribute, element locator 'By.id: finish'] and Actual [
    Hello World!
  ]. Comparison Type [CONTAINS]. Validation Type [POSITIVE]. @28-04-2021 12:09:22.0435 PM
[ReportManager] Successfully created attachment [Screenshot - 1619611762309_dynamicLoading_elementIsHidden_AssertElementAttribute_passed] @28-04-2021 12:09:22.0440 P
[ReportManager] Successfully created attachment [Selenium WebDriver Logs - server] @28-04-2021 12:09:22.0530 PM
[ReportManager] Successfully created attachment [Selenium WebDriver Logs - performance] @28-04-2021 12:09:22.0587 PM
[ReportManager] Successfully created attachment [Selenium WebDriver Logs - browser] @28-04-2021 12:09:22.0600 PM
[ReportManager] Successfully created attachment [Selenium WebDriver Logs - driver] @28-04-2021 12:09:22.0739 PM
[ReportManager] Browser Action [closeCurrentWindow] successfully performed. @28-04-2021 12:09:22.0801 PM
[ReportManager] Successfully created attachment [Browser Action Test Data - closeCurrentWindow - Actual Value] @28-04-2021 12:09:22.0801 P
[ReportManager] File Action [getAbsolutePath] successfully performed. With the following test data [Relative Folder Path: "target/downloadedFiles/"]. @28-04-2021 12:09:22.0804 PM
[ReportManager] Attempting to run remotely on: [Linux-64], [GoogleChrome], [http://localhost:4444/wd/hub], Headless Execution. @28-04-2021 12:09:22.0804 PM
[ReportManager] Successfully Opened [GoogleChrome]. @28-04-2021 12:09:23.0385 P

################################################################################################################################################
Starting Execution:	[3 out of 137] test cases in the current suite
Test Method:		[testPackage01.Test_dynamicLoading.dynamicLoading_elementIsRendered]
################################################################################################################################################
[ReportManager] Target URL: [https://the-internet.herokuapp.com/dynamic_loading/2] @28-04-2021 12:09:23.0415 PM
[ReportManager] Initial URL: [data:,] @28-04-2021 12:09:23.0479 PM
[ReportManager] Browser Action [navigateToURL] successfully performed. With the following test data [https://the-internet.herokuapp.com/dynamic_loading/2]. @28-04-2021 12:09:23.0989 PM
[ReportManager] Element Action [click] successfully performed. With the following test data [Start]. @28-04-2021 12:09:24.0429 PM
[ReportManager] Element Action [getText] successfully performed. With the following test data [Hello World!]. @28-04-2021 12:09:29.0631 PM
[ReportManager] Loaded Shared OpenCV @28-04-2021 12:09:29.0788 PM
[ReportManager] AssertElementAttribute PASSED; Expected [Value Should be 'Hello World!' for the 'text' attribute, element locator 'By.id: finish'] and Actual [Hello World!]. Comparison Type [CONTAINS]. Validation Type [POSITIVE]. @28-04-2021 12:09:29.0863 PM
[ReportManager] Successfully created attachment [Screenshot - 1619611769788_dynamicLoading_elementIsRendered_AssertElementAttribute_passed] @28-04-2021 12:09:29.0864 P
[ReportManager] Successfully created attachment [Selenium WebDriver Logs - server] @28-04-2021 12:09:29.0931 PM
[ReportManager] Successfully created attachment [Selenium WebDriver Logs - performance] @28-04-2021 12:09:29.0970 PM
[ReportManager] Successfully created attachment [Selenium WebDriver Logs - browser] @28-04-2021 12:09:29.0987 PM
[ReportManager] Successfully created attachment [Selenium WebDriver Logs - driver] @28-04-2021 12:09:30.0093 PM
[ReportManager] Browser Action [closeCurrentWindow] successfully performed. @28-04-2021 12:09:30.0154 PM
[ReportManager] Successfully created attachment [Browser Action Test Data - closeCurrentWindow - Actual Value] @28-04-2021 12:09:30.0155 P

################################################################################################################################################
Starting Execution:	[4 out of 137] test cases in the current suite
Test Method:		[testPackage01.Test_SelectedValue.multipleSelect]
################################################################################################################################################
[ReportManager] File Action [getAbsolutePath] successfully performed. With the following test data [Relative Folder Path: "target/downloadedFiles/"]. @28-04-2021 12:09:30.0164 PM
[ReportManager] Attempting to run remotely on: [Linux-64], [GoogleChrome], [http://localhost:4444/wd/hub], Headless Execution. @28-04-2021 12:09:30.0164 PM
[ReportManager] Successfully Opened [GoogleChrome]. @28-04-2021 12:09:30.0721 PM
[ReportManager] Target URL: [https://mdn.mozillademos.org/en-US/docs/Web/HTML/Element/select$samples/Advanced_select_with_multiple_features?revision=1612304] @28-04-2021 12:09:30.0746 PM
[ReportManager] Initial URL: [data:,] @28-04-2021 12:09:30.0816 PM
[ReportManager] Browser Action [navigateToURL] successfully performed. With the following test data [https://mdn.mozillademos.org/en-US/docs/Web/HTML/Element/select$samples/Advanced_select_with_multiple_features?revision=1612304]. @28-04-2021 12:09:31.0174 PM
[ReportManager] Element Action [select] successfully performed. With the following test data [Dog]. @28-04-2021 12:09:31.0446 PM
[ReportManager] Element Action [select] successfully performed. With the following test data [Cat]. @28-04-2021 12:09:31.0735 PM
[ReportManager] Element Action [getSelectedText] successfully performed. With the following test data [DogCat]. @28-04-2021 12:09:31.0929 PM
[ReportManager] DogCat @28-04-2021 12:09:31.0929 PM
[ReportManager] Element Action [getSelectedText] successfully performed. With the following test data [DogCat]. @28-04-2021 12:09:32.0092 PM
[ReportManager] Loaded Shared OpenCV @28-04-2021 12:09:32.0228 PM
[ReportManager] AssertElementAttribute PASSED; Expected [Value Should be 'DogCat' for the 'selectedText' attribute, element locator 'By.tagName: select'] and Actual [DogCat]. Comparison Type [EQUALS]. Validation Type [POSITIVE]. @28-04-2021 12:09:32.0293 PM
[ReportManager] Successfully created attachment [Screenshot - 1619611772228_multipleSelect_AssertElementAttribute_passed] @28-04-2021 12:09:32.0294 PM
[ReportManager] Successfully created attachment [Selenium WebDriver Logs - server] @28-04-2021 12:09:32.0356 PM
[ReportManager] Successfully created attachment [Selenium WebDriver Logs - performance] @28-04-2021 12:09:32.0373 PM
[ReportManager] Successfully created attachment [Selenium WebDriver Logs - driver] @28-04-2021 12:09:32.0477 PM
[ReportManager] Browser Action [closeCurrentWindow] successfully performed. @28-04-2021 12:09:32.0537 PM
[ReportManager] Successfully created attachment [Browser Action Test Data - closeCurrentWindow - Actual Value] @28-04-2021 12:09:32.0538 P

################################################################################################################################################
Starting Execution:	[5 out of 137] test cases in the current suite
Test Method:		[testPackage01.Test_SelectedValue.simpleSelect]
################################################################################################################################################
[ReportManager] File Action [getAbsolutePath] successfully performed. With the following test data [Relative Folder Path: "target/downloadedFiles/"]. @28-04-2021 12:09:32.0560 PM
[ReportManager] Attempting to run remotely on: [Linux-64], [GoogleChrome], [http://localhost:4444/wd/hub], Headless Execution. @28-04-2021 12:09:32.0560 PM
[ReportManager] Successfully Opened [GoogleChrome]. @28-04-2021 12:09:32.0801 PM
[ReportManager] Target URL: [https://mdn.mozillademos.org/en-US/docs/Web/HTML/Element/select$samples/Basic_select?revision=1612304] @28-04-2021 12:09:32.0816 PM
[ReportManager] Initial URL: [data:,] @28-04-2021 12:09:32.0869 PM
[ReportManager] Browser Action [navigateToURL] successfully performed. With the following test data [https://mdn.mozillademos.org/en-US/docs/Web/HTML/Element/select$samples/Basic_select?revision=1612304]. @28-04-2021 12:09:33.0103 PM
[ReportManager] Element Action [select] successfully performed. With the following test data [Third Value]. @28-04-2021 12:09:33.0413 PM
[ReportManager] Element Action [getSelectedText] successfully performed. With the following test data [Third Value]. @28-04-2021 12:09:33.0571 PM
[ReportManager] Third Value @28-04-2021 12:09:33.0572 PM
[ReportManager] Element Action [getSelectedText] successfully performed. With the following test data [Third Value]. @28-04-2021 12:09:33.0707 PM
[ReportManager] Loaded Shared OpenCV @28-04-2021 12:09:33.0840 PM
[ReportManager] AssertElementAttribute PASSED; Expected [Value Should be 'Third Value' for the 'selectedText' attribute, element locator 'By.tagName: select'] and Actual [Third Value]. Comparison Type [EQUALS]. Validation Type [POSITIVE]. @28-04-2021 12:09:33.0903 PM
[ReportManager] Successfully created attachment [Screenshot - 1619611773840_simpleSelect_AssertElementAttribute_passed] @28-04-2021 12:09:33.0904 PM
[ReportManager] Successfully created attachment [Selenium WebDriver Logs - server] @28-04-2021 12:09:33.0957 PM
[ReportManager] Successfully created attachment [Selenium WebDriver Logs - performance] @28-04-2021 12:09:33.0971 PM
[ReportManager] Successfully created attachment [Selenium WebDriver Logs - driver] @28-04-2021 12:09:34.0057 PM
[ReportManager] Browser Action [closeCurrentWindow] successfully performed. @28-04-2021 12:09:34.0115 PM
[ReportManager] Successfully created attachment [Browser Action Test Data - closeCurrentWindow - Actual Value] @28-04-2021 12:09:34.0116 P
[ReportManager] File Action [getAbsolutePath] successfully performed. With the following test data [Relative Folder Path: "target/downloadedFiles/"]. @28-04-2021 12:09:34.0132 PM
[ReportManager] Attempting to run remotely on: [Linux-64], [GoogleChrome], [http://localhost:4444/wd/hub], Headless Execution. @28-04-2021 12:09:34.0132 PM
[ReportManager] Successfully Opened [GoogleChrome]. @28-04-2021 12:09:34.0448 P

################################################################################################################################################
Starting Execution:	[6 out of 137] test cases in the current suite
Test Method:		[testPackage01.Test_IsElementClickable.testIsElementClickable]
################################################################################################################################################
[ReportManager] Target URL: [https://the-internet.herokuapp.com/] @28-04-2021 12:09:34.0471 PM
[ReportManager] Initial URL: [data:,] @28-04-2021 12:09:34.0519 PM
[ReportManager] Browser Action [navigateToURL] successfully performed. With the following test data [https://the-internet.herokuapp.com/]. @28-04-2021 12:09:34.0967 PM
[ReportManager] Element Action [isElementClickable] successfully performed. @28-04-2021 12:09:35.0171 PM
[ReportManager] AssertTrue PASSED; Expected [TRUE] and Actual [TRUE]. Validation Type [POSITIVE]. @28-04-2021 12:09:35.0171 P
[ReportManager] Successfully created attachment [Selenium WebDriver Logs - server] @28-04-2021 12:09:35.0256 PM
[ReportManager] Successfully created attachment [Selenium WebDriver Logs - performance] @28-04-2021 12:09:35.0277 PM
[ReportManager] Successfully created attachment [Selenium WebDriver Logs - browser] @28-04-2021 12:09:35.0283 PM
[ReportManager] Successfully created attachment [Selenium WebDriver Logs - driver] @28-04-2021 12:09:35.0334 PM
[ReportManager] Browser Action [closeCurrentWindow] successfully performed. @28-04-2021 12:09:35.0393 PM
[ReportManager] Successfully created attachment [Browser Action Test Data - closeCurrentWindow - Actual Value] @28-04-2021 12:09:35.0394 P
[ReportManager] File Action [getAbsolutePath] successfully performed. With the following test data [Relative Folder Path: "target/downloadedFiles/"]. @28-04-2021 12:09:35.0400 PM
[ReportManager] Attempting to run remotely on: [Linux-64], [GoogleChrome], [http://localhost:4444/wd/hub], Headless Execution. @28-04-2021 12:09:35.0401 PM
[ReportManager] Successfully Opened [GoogleChrome]. @28-04-2021 12:09:35.0659 P

################################################################################################################################################
Starting Execution:	[7 out of 137] test cases in the current suite
Test Method:		[testPackage01.Test_dragAndDrop.dragAndDrop]
Test Description:	[TC001 - Test Drag and Drop function.]
################################################################################################################################################
[ReportManager] Target URL: [http://the-internet.herokuapp.com/drag_and_drop] @28-04-2021 12:09:35.0695 PM
[ReportManager] Initial URL: [data:,] @28-04-2021 12:09:35.0744 PM
[ReportManager] Browser Action [navigateToURL] successfully performed. With the following test data [http://the-internet.herokuapp.com/drag_and_drop]. @28-04-2021 12:09:36.0150 PM
[ReportManager] Attempting Drag and Drop @28-04-2021 12:09:36.0150 PM
[ReportManager] Element Action [dragAndDrop] successfully performed. With the following test data [Start point: (32, 89), End point: (247, 89)]. @28-04-2021 12:09:37.0367 P
[ReportManager] Successfully created attachment [Selenium WebDriver Logs - server] @28-04-2021 12:09:37.0435 PM
[ReportManager] Successfully created attachment [Selenium WebDriver Logs - performance] @28-04-2021 12:09:37.0452 PM
[ReportManager] Successfully created attachment [Selenium WebDriver Logs - browser] @28-04-2021 12:09:37.0459 PM
[ReportManager] Successfully created attachment [Selenium WebDriver Logs - driver] @28-04-2021 12:09:37.0518 PM
[ReportManager] Browser Action [closeCurrentWindow] successfully performed. @28-04-2021 12:09:37.0575 PM
[ReportManager] Successfully created attachment [Browser Action Test Data - closeCurrentWindow - Actual Value] @28-04-2021 12:09:37.0576 P
[ReportManager] File Action [getAbsolutePath] successfully performed. With the following test data [Relative Folder Path: "target/downloadedFiles/"]. @28-04-2021 12:09:37.0578 PM
[ReportManager] Attempting to run remotely on: [Linux-64], [GoogleChrome], [http://localhost:4444/wd/hub], Headless Execution. @28-04-2021 12:09:37.0578 PM
[ReportManager] Successfully Opened [GoogleChrome]. @28-04-2021 12:09:37.0828 P

################################################################################################################################################
Starting Execution:	[8 out of 137] test cases in the current suite
Test Method:		[testPackage01.Test_dragAndDrop.dragAndDropByOffset]
Test Description:	[TC002 - Test Drag and Drop by offset function.]
################################################################################################################################################
[ReportManager] Target URL: [https://jqueryui.com/resources/demos/draggable/default.html] @28-04-2021 12:09:37.0852 PM
[ReportManager] Initial URL: [data:,] @28-04-2021 12:09:37.0943 PM
[ReportManager] Browser Action [navigateToURL] successfully performed. With the following test data [https://jqueryui.com/resources/demos/draggable/default.html]. @28-04-2021 12:09:38.0401 PM
[ReportManager] Element Action [dragAndDropByOffset] successfully performed. With the following test data [Start point: (8, 8), End point: (1008, 108)]. @28-04-2021 12:09:38.0591 P
[ReportManager] Successfully created attachment [Selenium WebDriver Logs - server] @28-04-2021 12:09:38.0658 PM
[ReportManager] Successfully created attachment [Selenium WebDriver Logs - performance] @28-04-2021 12:09:38.0676 PM
[ReportManager] Successfully created attachment [Selenium WebDriver Logs - driver] @28-04-2021 12:09:38.0750 PM
[ReportManager] Browser Action [closeCurrentWindow] successfully performed. @28-04-2021 12:09:38.0809 PM
[ReportManager] Successfully created attachment [Browser Action Test Data - closeCurrentWindow - Actual Value] @28-04-2021 12:09:38.0810 P
[ReportManager] File Action [getAbsolutePath] successfully performed. With the following test data [Relative Folder Path: "target/downloadedFiles/"]. @28-04-2021 12:09:38.0814 PM
[ReportManager] Attempting to run remotely on: [Linux-64], [GoogleChrome], [http://localhost:4444/wd/hub], Headless Execution. @28-04-2021 12:09:38.0815 PM
[ReportManager] Successfully Opened [GoogleChrome]. @28-04-2021 12:09:39.0157 P

################################################################################################################################################
Starting Execution:	[9 out of 137] test cases in the current suite
Test Method:		[testPackage01.Test_dragAndDrop.dragAndDropJquery]
################################################################################################################################################
[ReportManager] Target URL: [https://jqueryui.com/resources/demos/droppable/default.html] @28-04-2021 12:09:39.0189 PM
[ReportManager] Initial URL: [data:,] @28-04-2021 12:09:39.0237 PM
[ReportManager] Browser Action [navigateToURL] successfully performed. With the following test data [https://jqueryui.com/resources/demos/droppable/default.html]. @28-04-2021 12:09:39.0652 PM
[ReportManager] Element Action [getText] successfully performed. With the following test data [Drop here]. @28-04-2021 12:09:39.0756 PM
[ReportManager] Element Action [dragAndDrop] successfully performed. With the following test data [Start point: (8, 18), End point: (8, 18)]. @28-04-2021 12:09:41.0115 PM
[ReportManager] Element Action [getText] successfully performed. With the following test data [Dropped!]. @28-04-2021 12:09:41.0205 PM
[ReportManager] Checking to see if the text has changed after performing drag and drop... @28-04-2021 12:09:41.0205 PM
[ReportManager] AssertEquals PASSED; Expected [Drop here] and Actual [Dropped!]. Comparison Type [EQUALS]. Validation Type [NEGATIVE]. @28-04-2021 12:09:41.0206 P
[ReportManager] Successfully created attachment [Selenium WebDriver Logs - server] @28-04-2021 12:09:41.0279 PM
[ReportManager] Successfully created attachment [Selenium WebDriver Logs - performance] @28-04-2021 12:09:41.0292 PM
[ReportManager] Successfully created attachment [Selenium WebDriver Logs - driver] @28-04-2021 12:09:41.0360 PM
[ReportManager] Browser Action [closeCurrentWindow] successfully performed. @28-04-2021 12:09:41.0417 PM
[ReportManager] Successfully created attachment [Browser Action Test Data - closeCurrentWindow - Actual Value] @28-04-2021 12:09:41.0417 P

################################################################################################################################################
Starting Execution:	[10 out of 137] test cases in the current suite
Test Method:		[testPackage01.Test_SkipDueToIssue.doNotSkip]
################################################################################################################################################
[ReportManager] This should not be skipped. @28-04-2021 12:09:41.0425 P

################################################################################################################################################
Starting Execution:	[11 out of 137] test cases in the current suite
Test Method:		[testPackage01.Test_SkipDueToIssue.skip]
################################################################################################################################################
[ReportManager] This should be skipped. @28-04-2021 12:09:41.0441 P

################################################################################################################################################
Starting Execution:	[12 out of 137] test cases in the current suite
Test Method:		[testPackage01.Test_SkipDueToIssue.skip2]
################################################################################################################################################
[ReportManager] This should be skipped. @28-04-2021 12:09:41.0447 P

################################################################################################################################################
Starting Execution:	[13 out of 137] test cases in the current suite
Test Method:		[testPackage01.Test_chainableElementActions.chainElementActions]
################################################################################################################################################
[ReportManager] File Action [getAbsolutePath] successfully performed. With the following test data [Relative Folder Path: "target/downloadedFiles/"]. @28-04-2021 12:09:41.0451 PM
[ReportManager] Attempting to run remotely on: [Linux-64], [GoogleChrome], [http://localhost:4444/wd/hub], Headless Execution. @28-04-2021 12:09:41.0451 PM
[ReportManager] Successfully Opened [GoogleChrome]. @28-04-2021 12:09:41.0666 PM
[ReportManager] Target URL: [https://www.google.com/ncr], and after redirection: [https://www.google.com] @28-04-2021 12:09:41.0681 PM
[ReportManager] Initial URL: [data:,] @28-04-2021 12:09:41.0724 PM
[ReportManager] Browser Action [navigateToURL] successfully performed. With the following test data [https://www.google.com/ncr]. @28-04-2021 12:09:42.0497 PM
[ReportManager] Element Action [type] successfully performed. With the following test data [chained type 1]. @28-04-2021 12:09:43.0026 PM
[ReportManager] Element Action [type] successfully performed. With the following test data [chained type 2]. @28-04-2021 12:09:43.0537 PM
[ReportManager] Element Action [typeAppend] successfully performed. With the following test data [345]. @28-04-2021 12:09:43.0687 PM
[ReportManager] Element Action [getText] successfully performed. With the following test data [chained type 2345]. @28-04-2021 12:09:43.0836 PM
[ReportManager] Loaded Shared OpenCV @28-04-2021 12:09:43.0994 PM
[ReportManager] AssertElementAttribute PASSED; Expected [Value Should be 'chained type 2345' for the 'text' attribute, element locator 'By.name: q'] and Actual [chained type 2345]. Comparison Type [EQUALS]. Validation Type [POSITIVE]. @28-04-2021 12:09:44.0066 PM
[ReportManager] Successfully created attachment [Screenshot - 1619611783994_chainElementActions_AssertElementAttribute_passed] @28-04-2021 12:09:44.0068 PM
[ReportManager] Successfully created attachment [Selenium WebDriver Logs - server] @28-04-2021 12:09:44.0142 PM
[ReportManager] Successfully created attachment [Selenium WebDriver Logs - performance] @28-04-2021 12:09:44.0283 PM
[ReportManager] Successfully created attachment [Selenium WebDriver Logs - driver] @28-04-2021 12:09:44.0476 PM
[ReportManager] Browser Action [closeCurrentWindow] successfully performed. @28-04-2021 12:09:44.0534 PM
[ReportManager] Successfully created attachment [Browser Action Test Data - closeCurrentWindow - Actual Value] @28-04-2021 12:09:44.0536 P
[ReportManager] File Action [getAbsolutePath] successfully performed. With the following test data [Relative Folder Path: "target/downloadedFiles/"]. @28-04-2021 12:09:44.0545 PM
[ReportManager] Attempting to run remotely on: [Linux-64], [GoogleChrome], [http://localhost:4444/wd/hub], Headless Execution. @28-04-2021 12:09:44.0551 PM
[ReportManager] Successfully Opened [GoogleChrome]. @28-04-2021 12:09:44.0788 P

################################################################################################################################################
Starting Execution:	[14 out of 137] test cases in the current suite
Test Method:		[testPackage01.Test_clipboardActions.typeTextAndCopyPaste]
################################################################################################################################################
[ReportManager] Target URL: [https://www.google.com/ncr], and after redirection: [https://www.google.com] @28-04-2021 12:09:44.0805 PM
[ReportManager] Initial URL: [data:,] @28-04-2021 12:09:44.0863 PM
[ReportManager] Browser Action [navigateToURL] successfully performed. With the following test data [https://www.google.com/ncr]. @28-04-2021 12:09:45.0700 PM
[ReportManager] Element Action [type] successfully performed. With the following test data [FIRST]. @28-04-2021 12:09:46.0144 PM
[ReportManager] Element Action [clipboardActions] successfully performed. With the following test data [select all]. @28-04-2021 12:09:46.0226 PM
[ReportManager] Element Action [clipboardActions] successfully performed. With the following test data [copy]. @28-04-2021 12:09:46.0295 PM
[ReportManager] Element Action [clipboardActions] successfully performed. With the following test data [unselect]. @28-04-2021 12:09:46.0366 PM
[ReportManager] Element Action [clipboardActions] successfully performed. With the following test data [paste]. @28-04-2021 12:09:46.0455 PM
[ReportManager] Element Action [clipboardActions] successfully performed. With the following test data [select all]. @28-04-2021 12:09:46.0525 PM
[ReportManager] Element Action [clipboardActions] successfully performed. With the following test data [cut]. @28-04-2021 12:09:46.0620 PM
[ReportManager] Element Action [clipboardActions] successfully performed. With the following test data [paste]. @28-04-2021 12:09:46.0725 PM
[ReportManager] Element Action [clipboardActions] successfully performed. With the following test data [paste]. @28-04-2021 12:09:46.0804 P
[ReportManager] Successfully created attachment [Selenium WebDriver Logs - server] @28-04-2021 12:09:46.0891 PM
[ReportManager] Successfully created attachment [Selenium WebDriver Logs - performance] @28-04-2021 12:09:46.0958 PM
[ReportManager] Successfully created attachment [Selenium WebDriver Logs - driver] @28-04-2021 12:09:47.0132 PM
[ReportManager] Browser Action [closeCurrentWindow] successfully performed. @28-04-2021 12:09:47.0193 PM
[ReportManager] Successfully created attachment [Browser Action Test Data - closeCurrentWindow - Actual Value] @28-04-2021 12:09:47.0194 P
[ReportManager] File Action [getAbsolutePath] successfully performed. With the following test data [Relative Folder Path: "target/downloadedFiles/"]. @28-04-2021 12:09:47.0195 PM
[ReportManager] Attempting to run remotely on: [Linux-64], [GoogleChrome], [http://localhost:4444/wd/hub], Headless Execution. @28-04-2021 12:09:47.0196 PM
[ReportManager] Successfully Opened [GoogleChrome]. @28-04-2021 12:09:47.0423 P

################################################################################################################################################
Starting Execution:	[15 out of 137] test cases in the current suite
Test Method:		[testPackage01.Test_verifyEquals.test_assertElementAttribute]
################################################################################################################################################
[ReportManager] Target URL: [https://www.google.com/ncr], and after redirection: [https://www.google.com] @28-04-2021 12:09:47.0438 PM
[ReportManager] Initial URL: [data:,] @28-04-2021 12:09:47.0484 PM
[ReportManager] Browser Action [navigateToURL] successfully performed. With the following test data [https://www.google.com/ncr]. @28-04-2021 12:09:48.0254 PM
[ReportManager] Element Action [type] successfully performed. With the following test data [INC_004010050:Another SCHEDULER with the same name [Duplicate Job Name] already exists.]. @28-04-2021 12:09:49.0977 PM
[ReportManager] Element Action [getText] successfully performed. With the following test data [INC_004010050:Another SCHEDULER with the same name [Duplicate Job Name] already exists.]. @28-04-2021 12:09:50.0087 PM
[ReportManager] Loaded Shared OpenCV @28-04-2021 12:09:50.0225 PM
[ReportManager] VerifyElementAttribute PASSED; Expected [Value Should be 'INC_004010050:Another SCHEDULER with the same name \[Duplicate Job Name\] already exists.' for the 'text' attribute, element locator 'By.name: q'] and Actual [INC_004010050:Another SCHEDULER with the same name [Duplicate Job Name] already exists.]. Comparison Type [MATCHES]. Validation Type [POSITIVE]. @28-04-2021 12:09:50.0296 PM
[ReportManager] Successfully created attachment [Screenshot - 1619611790225_test_assertElementAttribute_VerifyElementAttribute_passed] @28-04-2021 12:09:50.0298 P
[ReportManager] Successfully created attachment [Selenium WebDriver Logs - server] @28-04-2021 12:09:50.0387 PM
[ReportManager] Successfully created attachment [Selenium WebDriver Logs - performance] @28-04-2021 12:09:50.0693 PM
[ReportManager] Successfully created attachment [Selenium WebDriver Logs - driver] @28-04-2021 12:09:50.0980 PM
[ReportManager] Browser Action [closeCurrentWindow] successfully performed. @28-04-2021 12:09:51.0038 PM
[ReportManager] Successfully created attachment [Browser Action Test Data - closeCurrentWindow - Actual Value] @28-04-2021 12:09:51.0039 P

################################################################################################################################################
Starting Execution:	[16 out of 137] test cases in the current suite
Test Method:		[testPackage01.Test_JSONFileManager.readStringFromJson]
################################################################################################################################################
[ReportManager] Successfully loaded the following test data file [src/test/resources/TestDataFiles/simpleJSON.json]. @28-04-2021 12:09:51.0046 PM
[ReportManager] Successfully created attachment [Test Data - JSON] @28-04-2021 12:09:51.0233 PM
[ReportManager] AssertEquals PASSED; Expected [Mohab Mohie] and Actual [Mohab Mohie]. Comparison Type [EQUALS]. Validation Type [POSITIVE]. @28-04-2021 12:09:52.0771 P
[ReportManager] File Action [getAbsolutePath] successfully performed. With the following test data [Relative Folder Path: "target/downloadedFiles/"]. @28-04-2021 12:09:52.0780 PM
[ReportManager] Attempting to run remotely on: [Linux-64], [GoogleChrome], [http://localhost:4444/wd/hub], Headless Execution. @28-04-2021 12:09:52.0781 PM
[ReportManager] Successfully Opened [GoogleChrome]. @28-04-2021 12:09:53.0244 P

################################################################################################################################################
Starting Execution:	[17 out of 137] test cases in the current suite
Test Method:		[testPackage01.Test_uploadFile.uploadFile_invisibleUploadInput]
################################################################################################################################################
[ReportManager] Target URL: [https://fineuploader.com/demos.html#gallery-view] @28-04-2021 12:09:53.0281 PM
[ReportManager] Initial URL: [data:,] @28-04-2021 12:09:53.0345 PM
[ReportManager] Browser Action [navigateToURL] successfully performed. With the following test data [https://fineuploader.com/demos.html#gallery-view]. @28-04-2021 12:09:55.0442 PM
[ReportManager] File Action [getAbsolutePath] successfully performed. With the following test data [Relative File Path: "src/main/resources/images/shaft.png"]. @28-04-2021 12:09:55.0442 PM
[ReportManager] Successfully created attachment [File Action Actual Result - Command Log] @28-04-2021 12:09:55.0443 PM
[ReportManager] Element Action [typeFileLocationForUpload] successfully performed. With the following test data [/home/runner/work/SHAFT_ENGINE/SHAFT_ENGINE/src/main/resources/images/shaft.png]. @28-04-2021 12:09:55.0646 PM
[ReportManager] Attempting to getAttribute [src] from elementLocator [By.xpath: //div[@id='fine-uploader-gallery']//div[@class='qq-thumbnail-wrapper']/img]. @28-04-2021 12:09:55.0647 PM
[ReportManager] Element Action [getAttribute] successfully performed. @28-04-2021 12:09:55.0773 PM
[ReportManager] Successfully created attachment [Element Action Test Data - getAttribute - Actual Value] @28-04-2021 12:09:55.0774 PM
[ReportManager] Loaded Shared OpenCV @28-04-2021 12:09:55.0928 PM
[ReportManager] AssertElementAttribute PASSED; Expected and Actual values are attached. Comparison Type [CONTAINS]. Validation Type [POSITIVE]. @28-04-2021 12:09:56.0018 PM
[ReportManager] Successfully created attachment [Validation Test Data - Expected Value] @28-04-2021 12:09:56.0018 PM
[ReportManager] Successfully created attachment [Validation Test Data - Actual Value] @28-04-2021 12:09:56.0019 PM
[ReportManager] Successfully created attachment [Screenshot - 1619611795928_uploadFile_invisibleUploadInput_AssertElementAttribute_passed] @28-04-2021 12:09:56.0020 P
[ReportManager] Successfully created attachment [Selenium WebDriver Logs - server] @28-04-2021 12:09:56.0114 PM
[ReportManager] Successfully created attachment [Selenium WebDriver Logs - performance] @28-04-2021 12:09:56.0193 PM
[ReportManager] Successfully created attachment [Selenium WebDriver Logs - browser] @28-04-2021 12:09:56.0204 PM
[ReportManager] Successfully created attachment [Selenium WebDriver Logs - driver] @28-04-2021 12:09:56.0352 PM
[ReportManager] Browser Action [closeCurrentWindow] successfully performed. @28-04-2021 12:09:56.0410 PM
[ReportManager] Successfully created attachment [Browser Action Test Data - closeCurrentWindow - Actual Value] @28-04-2021 12:09:56.0411 P
[ReportManager] File Action [getAbsolutePath] successfully performed. With the following test data [Relative Folder Path: "target/downloadedFiles/"]. @28-04-2021 12:09:56.0415 PM
[ReportManager] Attempting to run remotely on: [Linux-64], [GoogleChrome], [http://localhost:4444/wd/hub], Headless Execution. @28-04-2021 12:09:56.0415 PM
[ReportManager] Successfully Opened [GoogleChrome]. @28-04-2021 12:09:56.0632 P

################################################################################################################################################
Starting Execution:	[18 out of 137] test cases in the current suite
Test Method:		[testPackage01.Test_uploadFile.uploadFile_visibleUploadInput]
################################################################################################################################################
[ReportManager] Target URL: [http://demo.guru99.com/test/upload/] @28-04-2021 12:09:56.0655 PM
[ReportManager] Initial URL: [data:,] @28-04-2021 12:09:56.0703 PM
[ReportManager] Browser Action [navigateToURL] successfully performed. With the following test data [http://demo.guru99.com/test/upload/]. @28-04-2021 12:09:57.0566 PM
[ReportManager] File Action [getAbsolutePath] successfully performed. With the following test data [Relative File Path: "src/main/resources/images/shaft.png"]. @28-04-2021 12:09:57.0566 PM
[ReportManager] Successfully created attachment [File Action Actual Result - Command Log] @28-04-2021 12:09:57.0567 PM
[ReportManager] Element Action [typeFileLocationForUpload] successfully performed. With the following test data [/home/runner/work/SHAFT_ENGINE/SHAFT_ENGINE/src/main/resources/images/shaft.png]. @28-04-2021 12:09:57.0733 PM
[ReportManager] Element Action [click] successfully performed. With the following test data [on]. @28-04-2021 12:09:58.0041 PM
[ReportManager] Element Action [click] successfully performed. With the following test data [Submit File]. @28-04-2021 12:09:58.0337 PM
[ReportManager] Element Action [getText] successfully performed. With the following test data [1 file
has been successfully uploaded.]. @28-04-2021 12:09:58.0967 PM
[ReportManager] Loaded Shared OpenCV @28-04-2021 12:09:59.0101 PM
[ReportManager] AssertElementAttribute PASSED; Expected [Value Should be '1 file' for the 'Text' attribute, element locator 'By.id: res'] and Actual [1 file
has been successfully uploaded.]. Comparison Type [CONTAINS]. Validation Type [POSITIVE]. @28-04-2021 12:09:59.0170 PM
[ReportManager] Successfully created attachment [Screenshot - 1619611799101_uploadFile_visibleUploadInput_AssertElementAttribute_passed] @28-04-2021 12:09:59.0171 P
[ReportManager] Successfully created attachment [Selenium WebDriver Logs - server] @28-04-2021 12:09:59.0227 PM
[ReportManager] Successfully created attachment [Selenium WebDriver Logs - performance] @28-04-2021 12:09:59.0273 PM
[ReportManager] Successfully created attachment [Selenium WebDriver Logs - browser] @28-04-2021 12:09:59.0282 PM
[ReportManager] Successfully created attachment [Selenium WebDriver Logs - driver] @28-04-2021 12:09:59.0438 PM
[ReportManager] Browser Action [closeCurrentWindow] successfully performed. @28-04-2021 12:09:59.0498 PM
[ReportManager] Successfully created attachment [Browser Action Test Data - closeCurrentWindow - Actual Value] @28-04-2021 12:09:59.0499 P
[ReportManager] File Action [getAbsolutePath] successfully performed. With the following test data [Relative Folder Path: "target/downloadedFiles/"]. @28-04-2021 12:09:59.0504 PM
[ReportManager] Attempting to run remotely on: [Linux-64], [GoogleChrome], [http://localhost:4444/wd/hub], Headless Execution. @28-04-2021 12:09:59.0504 PM
[ReportManager] Successfully Opened [GoogleChrome]. @28-04-2021 12:09:59.0780 P

################################################################################################################################################
Starting Execution:	[19 out of 137] test cases in the current suite
Test Method:		[testPackage01.Test_ShadowDOM.shadowdom]
################################################################################################################################################
[ReportManager] Target URL: [https://mdn.github.io/web-components-examples/popup-info-box-web-component/] @28-04-2021 12:09:59.0806 PM
[ReportManager] Initial URL: [data:,] @28-04-2021 12:09:59.0844 PM
[ReportManager] Browser Action [navigateToURL] successfully performed. With the following test data [https://mdn.github.io/web-components-examples/popup-info-box-web-component/]. @28-04-2021 12:10:00.0045 PM
[ReportManager] Element Action [type] successfully performed. With the following test data [Typing into SHADOW DOM...]. @28-04-2021 12:10:00.0651 PM
[ReportManager] Element Action [getText] successfully performed. With the following test data [Typing into SHADOW DOM...]. @28-04-2021 12:10:00.0762 PM
[ReportManager] Loaded Shared OpenCV @28-04-2021 12:10:00.0877 PM
[ReportManager] AssertElementAttribute PASSED; Expected [Value Should be 'Typing into SHADOW DOM...' for the 'Text' attribute, element locator 'By.id: cvc'] and Actual [Typing into SHADOW DOM...]. Comparison Type [EQUALS]. Validation Type [POSITIVE]. @28-04-2021 12:10:00.0943 PM
[ReportManager] Successfully created attachment [Screenshot - 1619611800877_shadowdom_AssertElementAttribute_passed] @28-04-2021 12:10:00.0943 P
[ReportManager] Successfully created attachment [Selenium WebDriver Logs - server] @28-04-2021 12:10:00.0987 PM
[ReportManager] Successfully created attachment [Selenium WebDriver Logs - performance] @28-04-2021 12:10:00.0999 PM
[ReportManager] Successfully created attachment [Selenium WebDriver Logs - browser] @28-04-2021 12:10:01.0004 PM
[ReportManager] Successfully created attachment [Selenium WebDriver Logs - driver] @28-04-2021 12:10:01.0080 PM
[ReportManager] Browser Action [closeCurrentWindow] successfully performed. @28-04-2021 12:10:01.0136 PM
[ReportManager] Successfully created attachment [Browser Action Test Data - closeCurrentWindow - Actual Value] @28-04-2021 12:10:01.0136 P

################################################################################################################################################
Starting Execution:	[20 out of 137] test cases in the current suite
Test Method:		[testPackage01.Test_NewValidationHelper.f1]
################################################################################################################################################
[ReportManager] Checking valid user data... @28-04-2021 12:10:01.0147 PM
[ReportManager] AssertEquals PASSED; Expected and Actual values are attached. Comparison Type [EQUALS]. Validation Type [POSITIVE]. @28-04-2021 12:10:01.0147 PM
[ReportManager] Successfully created attachment [Validation Test Data - Expected Value] @28-04-2021 12:10:01.0148 PM
[ReportManager] Successfully created attachment [Validation Test Data - Actual Value] @28-04-2021 12:10:01.0148 P
[ReportManager] File Action [getAbsolutePath] successfully performed. With the following test data [Relative Folder Path: "target/downloadedFiles/"]. @28-04-2021 12:10:01.0153 PM
[ReportManager] Attempting to run remotely on: [Linux-64], [GoogleChrome], [http://localhost:4444/wd/hub], Headless Execution. @28-04-2021 12:10:01.0153 PM
[ReportManager] Successfully Opened [GoogleChrome]. @28-04-2021 12:10:01.0382 PM
[ReportManager] Target URL: [https://the-internet.herokuapp.com/] @28-04-2021 12:10:01.0404 PM
[ReportManager] Initial URL: [data:,] @28-04-2021 12:10:01.0442 PM
[ReportManager] Browser Action [navigateToURL] successfully performed. With the following test data [https://the-internet.herokuapp.com/]. @28-04-2021 12:10:01.0891 P

################################################################################################################################################
Starting Execution:	[21 out of 137] test cases in the current suite
Test Method:		[testPackage01.Test_NewValidationHelper.f10]
################################################################################################################################################
[ReportManager] AssertElementExists FAILED; Expected [Element Should Exist, locator 'By.tagName: div'] and Actual [Element Exists but is not unique]. Comparison Type [EQUALS]. Validation Type [POSITIVE]. @28-04-2021 12:10:02.0172 PM
[ReportManager] Successfully created attachment [Screenshot - 1619611802094_f10_AssertElementExists_failed] @28-04-2021 12:10:02.0173 P
[ReportManager] Successfully created attachment [Selenium WebDriver Logs - server] @28-04-2021 12:10:02.0187 PM
[ReportManager] Successfully created attachment [Selenium WebDriver Logs - performance] @28-04-2021 12:10:02.0211 PM
[ReportManager] Successfully created attachment [Selenium WebDriver Logs - browser] @28-04-2021 12:10:02.0217 PM
[ReportManager] Successfully created attachment [Selenium WebDriver Logs - driver] @28-04-2021 12:10:02.0271 PM
[ReportManager] Successfully Closed All Drivers. @28-04-2021 12:10:02.0346 P
[ReportManager] File Action [getAbsolutePath] successfully performed. With the following test data [Relative Folder Path: "target/downloadedFiles/"]. @28-04-2021 12:10:02.0348 PM
[ReportManager] Attempting to run remotely on: [Linux-64], [GoogleChrome], [http://localhost:4444/wd/hub], Headless Execution. @28-04-2021 12:10:02.0348 PM
[ReportManager] Successfully Opened [GoogleChrome]. @28-04-2021 12:10:02.0580 PM
[ReportManager] Target URL: [https://the-internet.herokuapp.com/] @28-04-2021 12:10:02.0591 PM
[ReportManager] Initial URL: [data:,] @28-04-2021 12:10:02.0647 PM
[ReportManager] Browser Action [navigateToURL] successfully performed. With the following test data [https://the-internet.herokuapp.com/]. @28-04-2021 12:10:03.0022 P

################################################################################################################################################
Starting Execution:	[22 out of 137] test cases in the current suite
Test Method:		[testPackage01.Test_NewValidationHelper.f11]
################################################################################################################################################
[ReportManager] Checking that false tag doesn't exist... @28-04-2021 12:10:03.0030 PM
[ReportManager] AssertElementExists PASSED; Expected [Element Should not Exist, locator 'By.tagName: h3'] and Actual [Element Doesn't Exists]. Comparison Type [EQUALS]. Validation Type [NEGATIVE]. @28-04-2021 12:10:13.0388 PM
[ReportManager] Successfully created attachment [Screenshot - 1619611813327_f11_AssertElementExists_passed] @28-04-2021 12:10:13.0388 P
[ReportManager] Successfully created attachment [Selenium WebDriver Logs - server] @28-04-2021 12:10:13.0404 PM
[ReportManager] Successfully created attachment [Selenium WebDriver Logs - performance] @28-04-2021 12:10:13.0423 PM
[ReportManager] Successfully created attachment [Selenium WebDriver Logs - browser] @28-04-2021 12:10:13.0432 PM
[ReportManager] Successfully created attachment [Selenium WebDriver Logs - driver] @28-04-2021 12:10:13.0491 PM
[ReportManager] Successfully Closed All Drivers. @28-04-2021 12:10:13.0562 P
[ReportManager] File Action [getAbsolutePath] successfully performed. With the following test data [Relative Folder Path: "target/downloadedFiles/"]. @28-04-2021 12:10:13.0564 PM
[ReportManager] Attempting to run remotely on: [Linux-64], [GoogleChrome], [http://localhost:4444/wd/hub], Headless Execution. @28-04-2021 12:10:13.0565 PM
[ReportManager] Successfully Opened [GoogleChrome]. @28-04-2021 12:10:13.0768 PM
[ReportManager] Target URL: [https://the-internet.herokuapp.com/] @28-04-2021 12:10:13.0787 PM
[ReportManager] Initial URL: [data:,] @28-04-2021 12:10:13.0824 PM
[ReportManager] Browser Action [navigateToURL] successfully performed. With the following test data [https://the-internet.herokuapp.com/]. @28-04-2021 12:10:14.0282 P

################################################################################################################################################
Starting Execution:	[23 out of 137] test cases in the current suite
Test Method:		[testPackage01.Test_NewValidationHelper.f12]
################################################################################################################################################
[ReportManager] Loaded Shared OpenCV @28-04-2021 12:10:14.0510 PM
[ReportManager] AssertElementExists FAILED; Expected [Element Should not Exist, locator 'By.tagName: h1'] and Actual [Element Exists]. Comparison Type [EQUALS]. Validation Type [NEGATIVE]. @28-04-2021 12:10:14.0588 PM
[ReportManager] Successfully created attachment [Screenshot - 1619611814510_f12_AssertElementExists_failed] @28-04-2021 12:10:14.0589 P
[ReportManager] Successfully created attachment [Selenium WebDriver Logs - server] @28-04-2021 12:10:14.0605 PM
[ReportManager] Successfully created attachment [Selenium WebDriver Logs - performance] @28-04-2021 12:10:14.0624 PM
[ReportManager] Successfully created attachment [Selenium WebDriver Logs - browser] @28-04-2021 12:10:14.0630 PM
[ReportManager] Successfully created attachment [Selenium WebDriver Logs - driver] @28-04-2021 12:10:14.0679 PM
[ReportManager] Successfully Closed All Drivers. @28-04-2021 12:10:14.0752 P
[ReportManager] File Action [getAbsolutePath] successfully performed. With the following test data [Relative Folder Path: "target/downloadedFiles/"]. @28-04-2021 12:10:14.0754 PM
[ReportManager] Attempting to run remotely on: [Linux-64], [GoogleChrome], [http://localhost:4444/wd/hub], Headless Execution. @28-04-2021 12:10:14.0754 PM
[ReportManager] Successfully Opened [GoogleChrome]. @28-04-2021 12:10:14.0965 PM
[ReportManager] Target URL: [https://the-internet.herokuapp.com/] @28-04-2021 12:10:14.0976 PM
[ReportManager] Initial URL: [data:,] @28-04-2021 12:10:15.0013 PM
[ReportManager] Browser Action [navigateToURL] successfully performed. With the following test data [https://the-internet.herokuapp.com/]. @28-04-2021 12:10:15.0448 P

################################################################################################################################################
Starting Execution:	[24 out of 137] test cases in the current suite
Test Method:		[testPackage01.Test_NewValidationHelper.f13]
################################################################################################################################################
[ReportManager] AssertElementExists FAILED; Expected [Element Should not Exist, locator 'By.tagName: div'] and Actual [Element Exists but is not unique]. Comparison Type [EQUALS]. Validation Type [NEGATIVE]. @28-04-2021 12:10:15.0708 PM
[ReportManager] Successfully created attachment [Screenshot - 1619611815648_f13_AssertElementExists_failed] @28-04-2021 12:10:15.0709 P
[ReportManager] Successfully created attachment [Selenium WebDriver Logs - server] @28-04-2021 12:10:15.0722 PM
[ReportManager] Successfully created attachment [Selenium WebDriver Logs - performance] @28-04-2021 12:10:15.0740 PM
[ReportManager] Successfully created attachment [Selenium WebDriver Logs - browser] @28-04-2021 12:10:15.0745 PM
[ReportManager] Successfully created attachment [Selenium WebDriver Logs - driver] @28-04-2021 12:10:15.0794 PM
[ReportManager] Successfully Closed All Drivers. @28-04-2021 12:10:15.0866 P
[ReportManager] File Action [getAbsolutePath] successfully performed. With the following test data [Relative Folder Path: "target/downloadedFiles/"]. @28-04-2021 12:10:15.0868 PM
[ReportManager] Attempting to run remotely on: [Linux-64], [GoogleChrome], [http://localhost:4444/wd/hub], Headless Execution. @28-04-2021 12:10:15.0868 PM
[ReportManager] Successfully Opened [GoogleChrome]. @28-04-2021 12:10:16.0093 PM
[ReportManager] Target URL: [https://the-internet.herokuapp.com/] @28-04-2021 12:10:16.0104 PM
[ReportManager] Initial URL: [data:,] @28-04-2021 12:10:16.0146 PM
[ReportManager] Browser Action [navigateToURL] successfully performed. With the following test data [https://the-internet.herokuapp.com/]. @28-04-2021 12:10:16.0551 P

################################################################################################################################################
Starting Execution:	[25 out of 137] test cases in the current suite
Test Method:		[testPackage01.Test_NewValidationHelper.f14]
################################################################################################################################################
[ReportManager] Asserting that the header text is correct... @28-04-2021 12:10:16.0558 PM
[ReportManager] Element Action [getText] successfully performed. With the following test data [Welcome to the-internet]. @28-04-2021 12:10:16.0636 PM
[ReportManager] Loaded Shared OpenCV @28-04-2021 12:10:16.0793 PM
[ReportManager] AssertElementAttribute PASSED; Expected [Value Should be 'Welcome to the-internet' for the 'text' attribute, element locator 'By.tagName: h1'] and Actual [Welcome to the-internet]. Comparison Type [EQUALS]. Validation Type [POSITIVE]. @28-04-2021 12:10:16.0867 PM
[ReportManager] Successfully created attachment [Screenshot - 1619611816792_f14_AssertElementAttribute_passed] @28-04-2021 12:10:16.0869 P
[ReportManager] Successfully created attachment [Selenium WebDriver Logs - server] @28-04-2021 12:10:16.0882 PM
[ReportManager] Successfully created attachment [Selenium WebDriver Logs - performance] @28-04-2021 12:10:16.0906 PM
[ReportManager] Successfully created attachment [Selenium WebDriver Logs - browser] @28-04-2021 12:10:16.0912 PM
[ReportManager] Successfully created attachment [Selenium WebDriver Logs - driver] @28-04-2021 12:10:16.0964 PM
[ReportManager] Successfully Closed All Drivers. @28-04-2021 12:10:17.0043 P
[ReportManager] File Action [getAbsolutePath] successfully performed. With the following test data [Relative Folder Path: "target/downloadedFiles/"]. @28-04-2021 12:10:17.0048 PM
[ReportManager] Attempting to run remotely on: [Linux-64], [GoogleChrome], [http://localhost:4444/wd/hub], Headless Execution. @28-04-2021 12:10:17.0048 PM
[ReportManager] Successfully Opened [GoogleChrome]. @28-04-2021 12:10:17.0236 PM
[ReportManager] Target URL: [https://the-internet.herokuapp.com/] @28-04-2021 12:10:17.0248 PM
[ReportManager] Initial URL: [data:,] @28-04-2021 12:10:17.0289 PM
[ReportManager] Browser Action [navigateToURL] successfully performed. With the following test data [https://the-internet.herokuapp.com/]. @28-04-2021 12:10:17.0702 P

################################################################################################################################################
Starting Execution:	[26 out of 137] test cases in the current suite
Test Method:		[testPackage01.Test_NewValidationHelper.f15]
################################################################################################################################################
[ReportManager] Element Action [getText] successfully performed. With the following test data [Welcome to the-internet]. @28-04-2021 12:10:17.0785 PM
[ReportManager] Loaded Shared OpenCV @28-04-2021 12:10:17.0928 PM
[ReportManager] AssertElementAttribute FAILED; Expected [Value Should not be 'Welcome' for the 'text' attribute, element locator 'By.tagName: h1'] and Actual [Welcome to the-internet]. Comparison Type [CONTAINS]. Validation Type [NEGATIVE]. @28-04-2021 12:10:18.0002 PM
[ReportManager] Successfully created attachment [Screenshot - 1619611817928_f15_AssertElementAttribute_failed] @28-04-2021 12:10:18.0003 P
[ReportManager] Successfully created attachment [Selenium WebDriver Logs - server] @28-04-2021 12:10:18.0014 PM
[ReportManager] Successfully created attachment [Selenium WebDriver Logs - performance] @28-04-2021 12:10:18.0033 PM
[ReportManager] Successfully created attachment [Selenium WebDriver Logs - browser] @28-04-2021 12:10:18.0041 PM
[ReportManager] Successfully created attachment [Selenium WebDriver Logs - driver] @28-04-2021 12:10:18.0094 PM
[ReportManager] Successfully Closed All Drivers. @28-04-2021 12:10:18.0170 P
[ReportManager] File Action [getAbsolutePath] successfully performed. With the following test data [Relative Folder Path: "target/downloadedFiles/"]. @28-04-2021 12:10:18.0172 PM
[ReportManager] Attempting to run remotely on: [Linux-64], [GoogleChrome], [http://localhost:4444/wd/hub], Headless Execution. @28-04-2021 12:10:18.0173 PM
[ReportManager] Successfully Opened [GoogleChrome]. @28-04-2021 12:10:18.0379 PM
[ReportManager] Target URL: [https://the-internet.herokuapp.com/] @28-04-2021 12:10:18.0402 PM
[ReportManager] Initial URL: [data:,] @28-04-2021 12:10:18.0444 PM
[ReportManager] Browser Action [navigateToURL] successfully performed. With the following test data [https://the-internet.herokuapp.com/]. @28-04-2021 12:10:18.0860 P

################################################################################################################################################
Starting Execution:	[27 out of 137] test cases in the current suite
Test Method:		[testPackage01.Test_NewValidationHelper.f16]
################################################################################################################################################
[ReportManager] Element Action [identifyUniqueElement] failed. With the following test data [zero elements found matching this locator "By.tagName: h3".]. @28-04-2021 12:10:44.0388 PM
[ReportManager] Successfully created attachment [Screenshot - 1619611844326_f16_identifyUniqueElement_failed] @28-04-2021 12:10:44.0388 PM
[ReportManager] AssertElementAttribute FAILED; Expected [Value Should not be 'Welcome' for the 'text' attribute, element locator 'By.tagName: h3'] and Actual [Failed to read the desired element attribute]. Comparison Type [CONTAINS]. Validation Type [NEGATIVE]. @28-04-2021 12:10:44.0389 P
[ReportManager] Successfully created attachment [Selenium WebDriver Logs - server] @28-04-2021 12:10:44.0402 PM
[ReportManager] Successfully created attachment [Selenium WebDriver Logs - performance] @28-04-2021 12:10:44.0420 PM
[ReportManager] Successfully created attachment [Selenium WebDriver Logs - browser] @28-04-2021 12:10:44.0431 PM
[ReportManager] Successfully created attachment [Selenium WebDriver Logs - driver] @28-04-2021 12:10:44.0498 PM
[ReportManager] Successfully Closed All Drivers. @28-04-2021 12:10:44.0574 P
[ReportManager] File Action [getAbsolutePath] successfully performed. With the following test data [Relative Folder Path: "target/downloadedFiles/"]. @28-04-2021 12:10:44.0577 PM
[ReportManager] Attempting to run remotely on: [Linux-64], [GoogleChrome], [http://localhost:4444/wd/hub], Headless Execution. @28-04-2021 12:10:44.0577 PM
[ReportManager] Successfully Opened [GoogleChrome]. @28-04-2021 12:10:44.0806 PM
[ReportManager] Target URL: [https://the-internet.herokuapp.com/] @28-04-2021 12:10:44.0822 PM
[ReportManager] Initial URL: [data:,] @28-04-2021 12:10:44.0859 PM
[ReportManager] Browser Action [navigateToURL] successfully performed. With the following test data [https://the-internet.herokuapp.com/]. @28-04-2021 12:10:45.0315 P

################################################################################################################################################
Starting Execution:	[28 out of 137] test cases in the current suite
Test Method:		[testPackage01.Test_NewValidationHelper.f17]
################################################################################################################################################
[ReportManager] Attempting to getAttribute [text2] from elementLocator [By.tagName: h1]. @28-04-2021 12:10:45.0322 PM
[ReportManager] Element Action [getAttribute] successfully performed. @28-04-2021 12:10:45.0417 PM
[ReportManager] Loaded Shared OpenCV @28-04-2021 12:10:45.0559 PM
[ReportManager] AssertElementAttribute PASSED; Expected [Value Should not be 'Welcome' for the 'text2' attribute, element locator 'By.tagName: h1'] and Actual [null]. Comparison Type [CONTAINS]. Validation Type [NEGATIVE]. @28-04-2021 12:10:45.0633 PM
[ReportManager] Successfully created attachment [Screenshot - 1619611845559_f17_AssertElementAttribute_passed] @28-04-2021 12:10:45.0636 P
[ReportManager] Successfully created attachment [Selenium WebDriver Logs - server] @28-04-2021 12:10:45.0650 PM
[ReportManager] Successfully created attachment [Selenium WebDriver Logs - performance] @28-04-2021 12:10:45.0670 PM
[ReportManager] Successfully created attachment [Selenium WebDriver Logs - browser] @28-04-2021 12:10:45.0676 PM
[ReportManager] Successfully created attachment [Selenium WebDriver Logs - driver] @28-04-2021 12:10:45.0732 PM
[ReportManager] Successfully Closed All Drivers. @28-04-2021 12:10:45.0810 P
[ReportManager] File Action [getAbsolutePath] successfully performed. With the following test data [Relative Folder Path: "target/downloadedFiles/"]. @28-04-2021 12:10:45.0813 PM
[ReportManager] Attempting to run remotely on: [Linux-64], [GoogleChrome], [http://localhost:4444/wd/hub], Headless Execution. @28-04-2021 12:10:45.0813 PM
[ReportManager] Successfully Opened [GoogleChrome]. @28-04-2021 12:10:46.0015 PM
[ReportManager] Target URL: [https://the-internet.herokuapp.com/] @28-04-2021 12:10:46.0028 PM
[ReportManager] Initial URL: [data:,] @28-04-2021 12:10:46.0072 PM
[ReportManager] Browser Action [navigateToURL] successfully performed. With the following test data [https://the-internet.herokuapp.com/]. @28-04-2021 12:10:46.0487 P

################################################################################################################################################
Starting Execution:	[29 out of 137] test cases in the current suite
Test Method:		[testPackage01.Test_NewValidationHelper.f18]
################################################################################################################################################
[ReportManager] Element Action [getText] successfully performed. With the following test data [Welcome to the-internet]. @28-04-2021 12:10:46.0607 PM
[ReportManager] Loaded Shared OpenCV @28-04-2021 12:10:46.0776 PM
[ReportManager] AssertElementAttribute PASSED; Expected [Value Should not be 'no' for the 'text' attribute, element locator 'By.tagName: h1'] and Actual [Welcome to the-internet]. Comparison Type [CONTAINS]. Validation Type [NEGATIVE]. @28-04-2021 12:10:46.0851 PM
[ReportManager] Successfully created attachment [Screenshot - 1619611846776_f18_AssertElementAttribute_passed] @28-04-2021 12:10:46.0852 P
[ReportManager] Successfully created attachment [Selenium WebDriver Logs - server] @28-04-2021 12:10:46.0864 PM
[ReportManager] Successfully created attachment [Selenium WebDriver Logs - performance] @28-04-2021 12:10:46.0887 PM
[ReportManager] Successfully created attachment [Selenium WebDriver Logs - browser] @28-04-2021 12:10:46.0894 PM
[ReportManager] Successfully created attachment [Selenium WebDriver Logs - driver] @28-04-2021 12:10:46.0949 PM
[ReportManager] Successfully Closed All Drivers. @28-04-2021 12:10:47.0022 P
[ReportManager] File Action [getAbsolutePath] successfully performed. With the following test data [Relative Folder Path: "target/downloadedFiles/"]. @28-04-2021 12:10:47.0024 PM
[ReportManager] Attempting to run remotely on: [Linux-64], [GoogleChrome], [http://localhost:4444/wd/hub], Headless Execution. @28-04-2021 12:10:47.0024 PM
[ReportManager] Successfully Opened [GoogleChrome]. @28-04-2021 12:10:47.0229 PM
[ReportManager] Target URL: [https://the-internet.herokuapp.com/] @28-04-2021 12:10:47.0239 PM
[ReportManager] Initial URL: [data:,] @28-04-2021 12:10:47.0282 PM
[ReportManager] Browser Action [navigateToURL] successfully performed. With the following test data [https://the-internet.herokuapp.com/]. @28-04-2021 12:10:47.0640 P

################################################################################################################################################
Starting Execution:	[30 out of 137] test cases in the current suite
Test Method:		[testPackage01.Test_NewValidationHelper.f19]
################################################################################################################################################
[ReportManager] Element Action [getTagName] successfully performed. With the following test data [h1]. @28-04-2021 12:10:47.0723 PM
[ReportManager] Loaded Shared OpenCV @28-04-2021 12:10:47.0858 PM
[ReportManager] AssertElementAttribute PASSED; Expected [Value Should be 'h' for the 'tagname' attribute, element locator 'By.tagName: h1'] and Actual [h1]. Comparison Type [CONTAINS]. Validation Type [POSITIVE]. @28-04-2021 12:10:47.0932 PM
[ReportManager] Successfully created attachment [Screenshot - 1619611847858_f19_AssertElementAttribute_passed] @28-04-2021 12:10:47.0933 P
[ReportManager] Successfully created attachment [Selenium WebDriver Logs - server] @28-04-2021 12:10:47.0952 PM
[ReportManager] Successfully created attachment [Selenium WebDriver Logs - performance] @28-04-2021 12:10:47.0970 PM
[ReportManager] Successfully created attachment [Selenium WebDriver Logs - browser] @28-04-2021 12:10:47.0976 PM
[ReportManager] Successfully created attachment [Selenium WebDriver Logs - driver] @28-04-2021 12:10:48.0028 PM
[ReportManager] Successfully Closed All Drivers. @28-04-2021 12:10:48.0102 P

################################################################################################################################################
Starting Execution:	[31 out of 137] test cases in the current suite
Test Method:		[testPackage01.Test_NewValidationHelper.f2]
################################################################################################################################################
[ReportManager] Checking valid user data... @28-04-2021 12:10:48.0105 PM
[ReportManager] AssertEquals FAILED; Expected [1] and Actual [2]. Comparison Type [EQUALS]. Validation Type [POSITIVE]. @28-04-2021 12:10:48.0106 P
[ReportManager] File Action [getAbsolutePath] successfully performed. With the following test data [Relative Folder Path: "target/downloadedFiles/"]. @28-04-2021 12:10:48.0109 PM
[ReportManager] Attempting to run remotely on: [Linux-64], [GoogleChrome], [http://localhost:4444/wd/hub], Headless Execution. @28-04-2021 12:10:48.0110 PM
[ReportManager] Successfully Opened [GoogleChrome]. @28-04-2021 12:10:48.0331 PM
[ReportManager] Target URL: [https://the-internet.herokuapp.com/] @28-04-2021 12:10:48.0348 PM
[ReportManager] Initial URL: [data:,] @28-04-2021 12:10:48.0385 PM
[ReportManager] Browser Action [navigateToURL] successfully performed. With the following test data [https://the-internet.herokuapp.com/]. @28-04-2021 12:10:48.0811 P

################################################################################################################################################
Starting Execution:	[32 out of 137] test cases in the current suite
Test Method:		[testPackage01.Test_NewValidationHelper.f20]
################################################################################################################################################
[ReportManager] Element Action [getSize] successfully performed. With the following test data [(755, 61)]. @28-04-2021 12:10:48.0880 PM
[ReportManager] Loaded Shared OpenCV @28-04-2021 12:10:49.0025 PM
[ReportManager] AssertElementAttribute PASSED; Expected [Value Should not be 'a' for the 'size' attribute, element locator 'By.tagName: h1'] and Actual [(755, 61)]. Comparison Type [CONTAINS]. Validation Type [NEGATIVE]. @28-04-2021 12:10:49.0099 PM
[ReportManager] Successfully created attachment [Screenshot - 1619611849025_f20_AssertElementAttribute_passed] @28-04-2021 12:10:49.0101 P
[ReportManager] Successfully created attachment [Selenium WebDriver Logs - server] @28-04-2021 12:10:49.0113 PM
[ReportManager] Successfully created attachment [Selenium WebDriver Logs - performance] @28-04-2021 12:10:49.0132 PM
[ReportManager] Successfully created attachment [Selenium WebDriver Logs - browser] @28-04-2021 12:10:49.0138 PM
[ReportManager] Successfully created attachment [Selenium WebDriver Logs - driver] @28-04-2021 12:10:49.0191 PM
[ReportManager] Successfully Closed All Drivers. @28-04-2021 12:10:49.0266 P
[ReportManager] File Action [getAbsolutePath] successfully performed. With the following test data [Relative Folder Path: "target/downloadedFiles/"]. @28-04-2021 12:10:49.0268 PM
[ReportManager] Attempting to run remotely on: [Linux-64], [GoogleChrome], [http://localhost:4444/wd/hub], Headless Execution. @28-04-2021 12:10:49.0268 PM
[ReportManager] Successfully Opened [GoogleChrome]. @28-04-2021 12:10:49.0469 PM
[ReportManager] Target URL: [https://the-internet.herokuapp.com/] @28-04-2021 12:10:49.0481 PM
[ReportManager] Initial URL: [data:,] @28-04-2021 12:10:49.0529 PM
[ReportManager] Browser Action [navigateToURL] successfully performed. With the following test data [https://the-internet.herokuapp.com/]. @28-04-2021 12:10:49.0973 P

################################################################################################################################################
Starting Execution:	[33 out of 137] test cases in the current suite
Test Method:		[testPackage01.Test_NewValidationHelper.f21]
################################################################################################################################################
[ReportManager] Element Action [identifyUniqueElement] failed. With the following test data [zero elements found matching this locator "By.tagName: h3".]. @28-04-2021 12:11:15.0485 PM
[ReportManager] Successfully created attachment [Screenshot - 1619611875424_f21_identifyUniqueElement_failed] @28-04-2021 12:11:15.0485 PM
[ReportManager] AssertElementAttribute FAILED; Expected [Value Should be 'Welcome' for the 'text' attribute, element locator 'By.tagName: h3'] and Actual [Failed to read the desired element attribute]. Comparison Type [CONTAINS]. Validation Type [POSITIVE]. @28-04-2021 12:11:15.0486 P
[ReportManager] Successfully created attachment [Selenium WebDriver Logs - server] @28-04-2021 12:11:15.0503 PM
[ReportManager] Successfully created attachment [Selenium WebDriver Logs - performance] @28-04-2021 12:11:15.0522 PM
[ReportManager] Successfully created attachment [Selenium WebDriver Logs - browser] @28-04-2021 12:11:15.0527 PM
[ReportManager] Successfully created attachment [Selenium WebDriver Logs - driver] @28-04-2021 12:11:15.0591 PM
[ReportManager] Successfully Closed All Drivers. @28-04-2021 12:11:15.0661 P
[ReportManager] File Action [getAbsolutePath] successfully performed. With the following test data [Relative Folder Path: "target/downloadedFiles/"]. @28-04-2021 12:11:15.0663 PM
[ReportManager] Attempting to run remotely on: [Linux-64], [GoogleChrome], [http://localhost:4444/wd/hub], Headless Execution. @28-04-2021 12:11:15.0663 PM
[ReportManager] Successfully Opened [GoogleChrome]. @28-04-2021 12:11:15.0862 PM
[ReportManager] Target URL: [https://the-internet.herokuapp.com/] @28-04-2021 12:11:15.0873 PM
[ReportManager] Initial URL: [data:,] @28-04-2021 12:11:15.0909 PM
[ReportManager] Browser Action [navigateToURL] successfully performed. With the following test data [https://the-internet.herokuapp.com/]. @28-04-2021 12:11:16.0370 P

################################################################################################################################################
Starting Execution:	[34 out of 137] test cases in the current suite
Test Method:		[testPackage01.Test_NewValidationHelper.f22]
################################################################################################################################################
[ReportManager] Element Action [getText] successfully performed. With the following test data [Welcome to the-internet]. @28-04-2021 12:11:16.0451 PM
[ReportManager] Loaded Shared OpenCV @28-04-2021 12:11:16.0634 PM
[ReportManager] AssertElementAttribute FAILED; Expected [Value Should be 'yyy' for the 'text' attribute, element locator 'By.tagName: h1'] and Actual [Welcome to the-internet]. Comparison Type [CONTAINS]. Validation Type [POSITIVE]. @28-04-2021 12:11:16.0717 PM
[ReportManager] Successfully created attachment [Screenshot - 1619611876634_f22_AssertElementAttribute_failed] @28-04-2021 12:11:16.0718 P
[ReportManager] Successfully created attachment [Selenium WebDriver Logs - server] @28-04-2021 12:11:16.0746 PM
[ReportManager] Successfully created attachment [Selenium WebDriver Logs - performance] @28-04-2021 12:11:16.0771 PM
[ReportManager] Successfully created attachment [Selenium WebDriver Logs - browser] @28-04-2021 12:11:16.0777 PM
[ReportManager] Successfully created attachment [Selenium WebDriver Logs - driver] @28-04-2021 12:11:16.0829 PM
[ReportManager] Successfully Closed All Drivers. @28-04-2021 12:11:16.0909 P

################################################################################################################################################
Starting Execution:	[35 out of 137] test cases in the current suite
Test Method:		[testPackage01.Test_NewValidationHelper.f23]
################################################################################################################################################
[ReportManager] confirming that the actual is greater than or equal to the expected... @28-04-2021 12:11:16.0920 PM
[ReportManager] AssertComparativeRelation PASSED; Expected [1] and Actual [1]. Comparison Type [GREATER_THAN_OR_EQUALS]. Validation Type [POSITIVE]. @28-04-2021 12:11:16.0920 P

################################################################################################################################################
Starting Execution:	[36 out of 137] test cases in the current suite
Test Method:		[testPackage01.Test_NewValidationHelper.f24]
################################################################################################################################################
[ReportManager] AssertComparativeRelation PASSED; Expected [1] and Actual [10]. Comparison Type [GREATER_THAN_OR_EQUALS]. Validation Type [POSITIVE]. @28-04-2021 12:11:16.0928 P

################################################################################################################################################
Starting Execution:	[37 out of 137] test cases in the current suite
Test Method:		[testPackage01.Test_NewValidationHelper.f25]
################################################################################################################################################
[ReportManager] AssertComparativeRelation PASSED; Expected [1] and Actual [1]. Comparison Type [EQUALS]. Validation Type [POSITIVE]. @28-04-2021 12:11:16.0933 P

################################################################################################################################################
Starting Execution:	[38 out of 137] test cases in the current suite
Test Method:		[testPackage01.Test_NewValidationHelper.f26]
################################################################################################################################################
[ReportManager] AssertComparativeRelation PASSED; Expected [1] and Actual [5]. Comparison Type [GREATER_THAN]. Validation Type [POSITIVE]. @28-04-2021 12:11:16.0940 P

################################################################################################################################################
Starting Execution:	[39 out of 137] test cases in the current suite
Test Method:		[testPackage01.Test_NewValidationHelper.f27]
################################################################################################################################################
[ReportManager] AssertComparativeRelation PASSED; Expected [11] and Actual [5]. Comparison Type [LESS_THAN]. Validation Type [POSITIVE]. @28-04-2021 12:11:16.0946 P

################################################################################################################################################
Starting Execution:	[40 out of 137] test cases in the current suite
Test Method:		[testPackage01.Test_NewValidationHelper.f28]
################################################################################################################################################
[ReportManager] AssertComparativeRelation PASSED; Expected [11] and Actual [5]. Comparison Type [LESS_THAN_OR_EQUALS]. Validation Type [POSITIVE]. @28-04-2021 12:11:16.0948 P

################################################################################################################################################
Starting Execution:	[41 out of 137] test cases in the current suite
Test Method:		[testPackage01.Test_NewValidationHelper.f29]
################################################################################################################################################
[ReportManager] AssertComparativeRelation PASSED; Expected [11] and Actual [11]. Comparison Type [LESS_THAN_OR_EQUALS]. Validation Type [POSITIVE]. @28-04-2021 12:11:16.0955 P

################################################################################################################################################
Starting Execution:	[42 out of 137] test cases in the current suite
Test Method:		[testPackage01.Test_NewValidationHelper.f3]
################################################################################################################################################
[ReportManager] AssertEquals PASSED; Expected [1] and Actual [2]. Comparison Type [EQUALS]. Validation Type [NEGATIVE]. @28-04-2021 12:11:16.0963 P

################################################################################################################################################
Starting Execution:	[43 out of 137] test cases in the current suite
Test Method:		[testPackage01.Test_NewValidationHelper.f30]
################################################################################################################################################
[ReportManager] AssertComparativeRelation FAILED; Expected [-9] and Actual [11]. Comparison Type [LESS_THAN_OR_EQUALS]. Validation Type [POSITIVE]. @28-04-2021 12:11:16.0988 P

################################################################################################################################################
Starting Execution:	[44 out of 137] test cases in the current suite
Test Method:		[testPackage01.Test_NewValidationHelper.f31]
################################################################################################################################################
[ReportManager] AssertTrue PASSED; Expected [TRUE] and Actual [TRUE]. Validation Type [POSITIVE]. @28-04-2021 12:11:16.0990 P

################################################################################################################################################
Starting Execution:	[45 out of 137] test cases in the current suite
Test Method:		[testPackage01.Test_NewValidationHelper.f32]
################################################################################################################################################
[ReportManager] AssertTrue PASSED; Expected [FALSE] and Actual [FALSE]. Validation Type [NEGATIVE]. @28-04-2021 12:11:17.0004 P

################################################################################################################################################
Starting Execution:	[46 out of 137] test cases in the current suite
Test Method:		[testPackage01.Test_NewValidationHelper.f33]
################################################################################################################################################
[ReportManager] AssertTrue FAILED; Expected [FALSE] and Actual [TRUE]. Validation Type [NEGATIVE]. @28-04-2021 12:11:17.0009 P

################################################################################################################################################
Starting Execution:	[47 out of 137] test cases in the current suite
Test Method:		[testPackage01.Test_NewValidationHelper.f34]
################################################################################################################################################
[ReportManager] AssertTrue FAILED; Expected [TRUE] and Actual [FALSE]. Validation Type [POSITIVE]. @28-04-2021 12:11:17.0015 P

################################################################################################################################################
Starting Execution:	[48 out of 137] test cases in the current suite
Test Method:		[testPackage01.Test_NewValidationHelper.f35]
################################################################################################################################################
[ReportManager] File Action [doesFileExist] successfully performed. With the following test data [File Path: "pom.xml"]. @28-04-2021 12:11:17.0018 PM
[ReportManager] AssertFileExists PASSED; Expected [File 'pom.xml' should exist, after up to '1' retries] and Actual [File exists]. Validation Type [POSITIVE]. @28-04-2021 12:11:17.0040 P

################################################################################################################################################
Starting Execution:	[49 out of 137] test cases in the current suite
Test Method:		[testPackage01.Test_NewValidationHelper.f36]
################################################################################################################################################
[ReportManager] File Action [doesFileExist] successfully performed. With the following test data [File Path: "src/test/java/testPackage01/Test_NewValidationHelper.java"]. @28-04-2021 12:11:17.0045 PM
[ReportManager] AssertFileExists PASSED; Expected [File 'src/test/java/testPackage01/Test_NewValidationHelper.java' should exist, after up to '1' retries] and Actual [File exists]. Validation Type [POSITIVE]. @28-04-2021 12:11:17.0045 P

################################################################################################################################################
Starting Execution:	[50 out of 137] test cases in the current suite
Test Method:		[testPackage01.Test_NewValidationHelper.f37]
################################################################################################################################################
[ReportManager] confirming that the file does't exist after 5 retries... @28-04-2021 12:11:17.0053 PM
[ReportManager] File Action [doesFileExist] successfully performed. With the following test data [File Path: "pom.xml"]. @28-04-2021 12:11:17.0054 PM
[ReportManager] AssertFileExists FAILED; Expected [File 'pom.xml' should not exist, after up to '5' retries] and Actual [File exists]. Validation Type [NEGATIVE]. @28-04-2021 12:11:17.0054 P

################################################################################################################################################
Starting Execution:	[51 out of 137] test cases in the current suite
Test Method:		[testPackage01.Test_NewValidationHelper.f3_1]
################################################################################################################################################
[ReportManager] Checking valid user data... @28-04-2021 12:11:17.0056 PM
[ReportManager] AssertEquals PASSED; Expected [null] and Actual [null]. Comparison Type [EQUALS]. Validation Type [POSITIVE]. @28-04-2021 12:11:17.0057 P

################################################################################################################################################
Starting Execution:	[52 out of 137] test cases in the current suite
Test Method:		[testPackage01.Test_NewValidationHelper.f4]
################################################################################################################################################
[ReportManager] AssertEquals PASSED; Expected [1] and Actual [123]. Comparison Type [CONTAINS]. Validation Type [POSITIVE]. @28-04-2021 12:11:17.0072 P

################################################################################################################################################
Starting Execution:	[53 out of 137] test cases in the current suite
Test Method:		[testPackage01.Test_NewValidationHelper.f5]
################################################################################################################################################
[ReportManager] AssertNull PASSED; Expected [NULL] and Actual [1]. Comparison Type [EQUALS]. Validation Type [NEGATIVE]. @28-04-2021 12:11:17.0074 P

################################################################################################################################################
Starting Execution:	[54 out of 137] test cases in the current suite
Test Method:		[testPackage01.Test_NewValidationHelper.f6]
################################################################################################################################################
[ReportManager] Making sure that null string is not equal to null object... @28-04-2021 12:11:17.0076 PM
[ReportManager] AssertNull FAILED; Expected [NULL] and Actual [NULL]. Comparison Type [EQUALS]. Validation Type [POSITIVE]. @28-04-2021 12:11:17.0076 P

################################################################################################################################################
Starting Execution:	[55 out of 137] test cases in the current suite
Test Method:		[testPackage01.Test_NewValidationHelper.f6_1]
################################################################################################################################################
[ReportManager] AssertNull FAILED; Expected [NULL] and Actual [NULL]. Comparison Type [EQUALS]. Validation Type [NEGATIVE]. @28-04-2021 12:11:17.0086 P

################################################################################################################################################
Starting Execution:	[56 out of 137] test cases in the current suite
Test Method:		[testPackage01.Test_NewValidationHelper.f6_2]
################################################################################################################################################
[ReportManager] Making sure that null string is not equal to null object... @28-04-2021 12:11:17.0090 PM
[ReportManager] AssertNull FAILED; Expected [NULL] and Actual [not null]. Comparison Type [EQUALS]. Validation Type [POSITIVE]. @28-04-2021 12:11:17.0090 P

################################################################################################################################################
Starting Execution:	[57 out of 137] test cases in the current suite
Test Method:		[testPackage01.Test_NewValidationHelper.f7]
################################################################################################################################################
[ReportManager] AssertNull PASSED; Expected [NULL] and Actual [NULL]. Comparison Type [EQUALS]. Validation Type [POSITIVE]. @28-04-2021 12:11:17.0097 P
[ReportManager] File Action [getAbsolutePath] successfully performed. With the following test data [Relative Folder Path: "target/downloadedFiles/"]. @28-04-2021 12:11:17.0101 PM
[ReportManager] Attempting to run remotely on: [Linux-64], [GoogleChrome], [http://localhost:4444/wd/hub], Headless Execution. @28-04-2021 12:11:17.0101 PM
[ReportManager] Successfully Opened [GoogleChrome]. @28-04-2021 12:11:17.0405 PM
[ReportManager] Target URL: [https://the-internet.herokuapp.com/] @28-04-2021 12:11:17.0424 PM
[ReportManager] Initial URL: [data:,] @28-04-2021 12:11:17.0470 PM
[ReportManager] Browser Action [navigateToURL] successfully performed. With the following test data [https://the-internet.herokuapp.com/]. @28-04-2021 12:11:17.0815 P

################################################################################################################################################
Starting Execution:	[58 out of 137] test cases in the current suite
Test Method:		[testPackage01.Test_NewValidationHelper.f8]
################################################################################################################################################
[ReportManager] Loaded Shared OpenCV @28-04-2021 12:11:18.0080 PM
[ReportManager] AssertElementExists PASSED; Expected [Element Should Exist, locator 'By.tagName: h1'] and Actual [Element Exists]. Comparison Type [EQUALS]. Validation Type [POSITIVE]. @28-04-2021 12:11:18.0154 PM
[ReportManager] Successfully created attachment [Screenshot - 1619611878080_f8_AssertElementExists_passed] @28-04-2021 12:11:18.0155 P
[ReportManager] Successfully created attachment [Selenium WebDriver Logs - server] @28-04-2021 12:11:18.0166 PM
[ReportManager] Successfully created attachment [Selenium WebDriver Logs - performance] @28-04-2021 12:11:18.0186 PM
[ReportManager] Successfully created attachment [Selenium WebDriver Logs - browser] @28-04-2021 12:11:18.0191 PM
[ReportManager] Successfully created attachment [Selenium WebDriver Logs - driver] @28-04-2021 12:11:18.0241 PM
[ReportManager] Successfully Closed All Drivers. @28-04-2021 12:11:18.0315 P
[ReportManager] File Action [getAbsolutePath] successfully performed. With the following test data [Relative Folder Path: "target/downloadedFiles/"]. @28-04-2021 12:11:18.0316 PM
[ReportManager] Attempting to run remotely on: [Linux-64], [GoogleChrome], [http://localhost:4444/wd/hub], Headless Execution. @28-04-2021 12:11:18.0317 PM
[ReportManager] Successfully Opened [GoogleChrome]. @28-04-2021 12:11:18.0508 PM
[ReportManager] Target URL: [https://the-internet.herokuapp.com/] @28-04-2021 12:11:18.0518 PM
[ReportManager] Initial URL: [data:,] @28-04-2021 12:11:18.0563 PM
[ReportManager] Browser Action [navigateToURL] successfully performed. With the following test data [https://the-internet.herokuapp.com/]. @28-04-2021 12:11:18.0943 P

################################################################################################################################################
Starting Execution:	[59 out of 137] test cases in the current suite
Test Method:		[testPackage01.Test_NewValidationHelper.f9]
################################################################################################################################################
[ReportManager] AssertElementExists FAILED; Expected [Element Should Exist, locator 'By.tagName: h3'] and Actual [Element Doesn't Exists]. Comparison Type [EQUALS]. Validation Type [POSITIVE]. @28-04-2021 12:11:49.0567 PM
[ReportManager] Successfully created attachment [Screenshot - 1619611909507_f9_AssertElementExists_failed] @28-04-2021 12:11:49.0567 P
[ReportManager] Successfully created attachment [Selenium WebDriver Logs - server] @28-04-2021 12:11:49.0584 PM
[ReportManager] Successfully created attachment [Selenium WebDriver Logs - performance] @28-04-2021 12:11:49.0602 PM
[ReportManager] Successfully created attachment [Selenium WebDriver Logs - browser] @28-04-2021 12:11:49.0608 PM
[ReportManager] Successfully created attachment [Selenium WebDriver Logs - driver] @28-04-2021 12:11:49.0673 PM
[ReportManager] Successfully Closed All Drivers. @28-04-2021 12:11:49.0754 P

################################################################################################################################################
Starting Execution:	[60 out of 137] test cases in the current suite
Test Method:		[testPackage01.Test_NewValidationHelper.forceFail]
################################################################################################################################################
[ReportManager] AssertFail FAILED; Expected [null] and Actual [null]. @28-04-2021 12:11:49.0758 P

################################################################################################################################################
Starting Execution:	[61 out of 137] test cases in the current suite
Test Method:		[testPackage01.Test_NewValidationHelper.forceFail2]
################################################################################################################################################
[ReportManager] Custom Message... @28-04-2021 12:11:49.0762 PM
[ReportManager] AssertFail FAILED; Expected [null] and Actual [null]. @28-04-2021 12:11:49.0762 P
[ReportManager] Successfully loaded the following test data file [src/test/resources/TestDataFiles/testSuite01/TestData.xlsx]. @28-04-2021 12:11:50.0523 PM
[ReportManager] Successfully created attachment [Test Data - Excel] @28-04-2021 12:11:50.0523 PM
[ReportManager] File Action [getAbsolutePath] successfully performed. With the following test data [Relative Folder Path: "target/downloadedFiles/"]. @28-04-2021 12:11:50.0523 PM
[ReportManager] Attempting to run remotely on: [Linux-64], [GoogleChrome], [http://localhost:4444/wd/hub], Headless Execution. @28-04-2021 12:11:50.0524 PM
[ReportManager] Successfully Opened [GoogleChrome]. @28-04-2021 12:11:50.0797 P

################################################################################################################################################
Starting Execution:	[62 out of 137] test cases in the current suite
Test Method:		[testPackage01.Test_google.navigateToURLandVerifyGoogleLogoIsDisplayed]
Test Description:	[TC001 - Navigate to URL and Verify Google Logo is Displayed]
################################################################################################################################################
[ReportManager] Target URL: [https://www.google.com/ncr], and after redirection: [https://www.google.com] @28-04-2021 12:11:50.0811 PM
[ReportManager] Initial URL: [data:,] @28-04-2021 12:11:50.0848 PM
[ReportManager] Browser Action [navigateToURL] successfully performed. With the following test data [https://www.google.com/ncr]. @28-04-2021 12:11:51.0607 PM
[ReportManager] Loaded Shared OpenCV @28-04-2021 12:11:51.0800 PM
[ReportManager] AssertElementExists PASSED; Expected [Element Should Exist, locator 'By.xpath: //img[@id='hplogo' or @alt='Google']'] and Actual [Element Exists]. Comparison Type [EQUALS]. Validation Type [POSITIVE]. @28-04-2021 12:11:51.0872 PM
[ReportManager] Successfully created attachment [Screenshot - 1619611911800_navigateToURLandVerifyGoogleLogoIsDisplayed_AssertElementExists_passed] @28-04-2021 12:11:51.0873 P

################################################################################################################################################
Starting Execution:	[63 out of 137] test cases in the current suite
Test Method:		[testPackage01.Test_google.searchForQueryandAssertResultsNumDisplayed]
Test Description:	[TC002 - Search for Query and Assert that the number of results is displayed]
################################################################################################################################################
[ReportManager] Element Action [type] successfully performed. With the following test data [SHAFT_Engine]. @28-04-2021 12:11:52.0419 PM
[ReportManager] Element Action [keyPress] successfully performed. With the following test data [Enter]. @28-04-2021 12:11:53.0596 PM
[ReportManager] Element Action [getText] successfully performed. With the following test data [About 633,000 results (0.97 seconds) ]. @28-04-2021 12:11:53.0735 PM
[ReportManager] Loaded Shared OpenCV @28-04-2021 12:11:54.0119 PM
[ReportManager] AssertElementAttribute PASSED; Expected [Value Should not be '' for the 'Text' attribute, element locator 'By.id: appbar'] and Actual [About 633,000 results (0.97 seconds) ]. Comparison Type [EQUALS]. Validation Type [NEGATIVE]. @28-04-2021 12:11:54.0204 PM
[ReportManager] Successfully created attachment [Screenshot - 1619611914119_searchForQueryandAssertResultsNumDisplayed_AssertElementAttribute_passed] @28-04-2021 12:11:54.0206 P

################################################################################################################################################
Starting Execution:	[64 out of 137] test cases in the current suite
Test Method:		[testPackage01.Test_google.clickNextThrice]
Test Description:	[TC003 - Clicks the next button to make sure that the framework can scroll element into view before clicking it]
################################################################################################################################################
[ReportManager] Element Action [click] successfully performed. With the following test data [Next]. @28-04-2021 12:11:55.0642 P
[ReportManager] Successfully created attachment [Selenium WebDriver Logs - server] @28-04-2021 12:11:55.0860 PM
[ReportManager] Successfully created attachment [Selenium WebDriver Logs - performance] @28-04-2021 12:11:56.0149 PM
[ReportManager] Successfully created attachment [Selenium WebDriver Logs - driver] @28-04-2021 12:11:56.0442 PM
[ReportManager] Browser Action [closeCurrentWindow] successfully performed. @28-04-2021 12:11:56.0515 PM
[ReportManager] Successfully created attachment [Browser Action Test Data - closeCurrentWindow - Actual Value] @28-04-2021 12:11:56.0517 P

################################################################################################################################################
Starting Execution:	[65 out of 137] test cases in the current suite
Test Method:		[testPackage01.Test_testData.f]
################################################################################################################################################
[ReportManager] Successfully loaded the following test data file [src/test/resources/TestDataFiles/testSuite01/TestData.xlsx]. @28-04-2021 12:11:56.0568 PM
[ReportManager] Successfully created attachment [Test Data - Excel] @28-04-2021 12:11:56.0568 PM
[ReportManager] Last Column Number is: [3]. Zero-based. @28-04-2021 12:11:56.0569 P

################################################################################################################################################
Starting Execution:	[66 out of 137] test cases in the current suite
Test Method:		[testPackage01.Test_JsonActions.f]
###############################################################################################################################################

################################################################################################################################################
Starting Execution:	[67 out of 137] test cases in the current suite
Test Method:		[testPackage01.Test_JsonActions.f2]
###############################################################################################################################################

################################################################################################################################################
Starting Execution:	[68 out of 137] test cases in the current suite
Test Method:		[testPackage01.Test_JsonCompareWithSpecialCharacters.specialCharacters]
################################################################################################################################################
[ReportManager] File Action [getAbsolutePath] successfully performed. With the following test data [Relative Folder Path: "src/test/resources/TestJsonFiles/specialCharacters.json"]. @28-04-2021 12:11:56.0686 PM
[ReportManager] File Action [readFromFile] successfully performed. With the following test data [File Path: "/home/runner/work/SHAFT_ENGINE/SHAFT_ENGINE/src/test/resources/TestJsonFiles/specialCharacters.json"]. @28-04-2021 12:11:56.0691 PM
[ReportManager] Successfully created attachment [File Action Actual Result - Command Log] @28-04-2021 12:11:56.0691 PM
[ReportManager] Comparing the provided API response with the file at this path "src/test/resources/TestJsonFiles/specialCharacters.json", comparison type "EQUALS" @28-04-2021 12:11:56.0846 PM
[ReportManager] API Action [compareJSON] successfully performed. With the following test data [src/test/resources/TestJsonFiles/specialCharacters.json]. @28-04-2021 12:11:56.0950 PM
[ReportManager] File Action [getAbsolutePath] successfully performed. With the following test data [Relative Folder Path: "src/test/resources/TestJsonFiles/specialCharacters.json"]. @28-04-2021 12:11:56.0950 PM
[ReportManager] File Action [readFromFile] successfully performed. With the following test data [File Path: "/home/runner/work/SHAFT_ENGINE/SHAFT_ENGINE/src/test/resources/TestJsonFiles/specialCharacters.json"]. @28-04-2021 12:11:56.0950 PM
[ReportManager] VerifyJSONFileContent PASSED; Expected [Response data should match the JSON File in this path 'src/test/resources/TestJsonFiles/specialCharacters.json'] and Actual [TRUE]. Comparison Type [EQUALS]. Validation Type [POSITIVE]. @28-04-2021 12:11:56.0965 PM
[ReportManager] Successfully created attachment [Validation Test Data - Expected JSON Value] @28-04-2021 12:11:56.0965 PM
[ReportManager] Successfully created attachment [Validation Test Data - Actual JSON Value] @28-04-2021 12:11:56.0966 P

################################################################################################################################################
Starting Execution:	[69 out of 137] test cases in the current suite
Test Method:		[testPackage01.Test_JsonCompareWithSpecialCharacters.specialCharacters_assertion]
################################################################################################################################################
[ReportManager] File Action [getAbsolutePath] successfully performed. With the following test data [Relative Folder Path: "src/test/resources/TestJsonFiles/specialCharacters.json"]. @28-04-2021 12:11:56.0974 PM
[ReportManager] File Action [readFromFile] successfully performed. With the following test data [File Path: "/home/runner/work/SHAFT_ENGINE/SHAFT_ENGINE/src/test/resources/TestJsonFiles/specialCharacters.json"]. @28-04-2021 12:11:56.0974 PM
[ReportManager] Successfully created attachment [File Action Actual Result - Command Log] @28-04-2021 12:11:56.0975 PM
[ReportManager] trying out the log message... @28-04-2021 12:11:56.0976 PM
[ReportManager] Comparing the provided API response with the file at this path "src/test/resources/TestJsonFiles/specialCharacters.json", comparison type "CONTAINS" @28-04-2021 12:11:56.0976 PM
[ReportManager] API Action [compareJSON] successfully performed. With the following test data [src/test/resources/TestJsonFiles/specialCharacters.json]. @28-04-2021 12:11:56.0992 PM
[ReportManager] File Action [getAbsolutePath] successfully performed. With the following test data [Relative Folder Path: "src/test/resources/TestJsonFiles/specialCharacters.json"]. @28-04-2021 12:11:56.0993 PM
[ReportManager] File Action [readFromFile] successfully performed. With the following test data [File Path: "/home/runner/work/SHAFT_ENGINE/SHAFT_ENGINE/src/test/resources/TestJsonFiles/specialCharacters.json"]. @28-04-2021 12:11:56.0993 PM
[ReportManager] AssertJSONFileContent PASSED; Expected [Response data should match the JSON File in this path 'src/test/resources/TestJsonFiles/specialCharacters.json'] and Actual [TRUE]. Comparison Type [CONTAINS]. Validation Type [POSITIVE]. @28-04-2021 12:11:56.0996 PM
[ReportManager] Successfully created attachment [Validation Test Data - Expected JSON Value] @28-04-2021 12:11:56.0997 PM
[ReportManager] Successfully created attachment [Validation Test Data - Actual JSON Value] @28-04-2021 12:11:56.0998 P

################################################################################################################################################
Starting Execution:	[70 out of 137] test cases in the current suite
Test Method:		[unitTests.tests_validations_assertions.assertComparativeRelation_greaterThanOrEquals_false_equals_expectedToFail]
################################################################################################################################################
[ReportManager] AssertComparativeRelation FAILED; Expected [1] and Actual [1]. Comparison Type [GREATER_THAN_OR_EQUALS]. Validation Type [NEGATIVE]. @28-04-2021 12:11:57.0005 P

################################################################################################################################################
Starting Execution:	[71 out of 137] test cases in the current suite
Test Method:		[unitTests.tests_validations_assertions.assertComparativeRelation_greaterThanOrEquals_false_equals_expectedToPass]
################################################################################################################################################
[ReportManager] AssertComparativeRelation PASSED; Expected [2] and Actual [1]. Comparison Type [GREATER_THAN_OR_EQUALS]. Validation Type [NEGATIVE]. @28-04-2021 12:11:57.0011 P

################################################################################################################################################
Starting Execution:	[72 out of 137] test cases in the current suite
Test Method:		[unitTests.tests_validations_assertions.assertComparativeRelation_greaterThanOrEquals_false_greaterThan_expectedToFail]
################################################################################################################################################
[ReportManager] AssertComparativeRelation FAILED; Expected [1] and Actual [2]. Comparison Type [GREATER_THAN_OR_EQUALS]. Validation Type [NEGATIVE]. @28-04-2021 12:11:57.0014 P

################################################################################################################################################
Starting Execution:	[73 out of 137] test cases in the current suite
Test Method:		[unitTests.tests_validations_assertions.assertComparativeRelation_greaterThanOrEquals_false_greaterThan_expectedToPass]
################################################################################################################################################
[ReportManager] AssertComparativeRelation PASSED; Expected [2] and Actual [1]. Comparison Type [GREATER_THAN_OR_EQUALS]. Validation Type [NEGATIVE]. @28-04-2021 12:11:57.0020 P

################################################################################################################################################
Starting Execution:	[74 out of 137] test cases in the current suite
Test Method:		[unitTests.tests_validations_assertions.assertComparativeRelation_greaterThanOrEquals_true_equals_expectedToFail]
################################################################################################################################################
[ReportManager] AssertComparativeRelation FAILED; Expected [1] and Actual [0]. Comparison Type [GREATER_THAN_OR_EQUALS]. Validation Type [POSITIVE]. @28-04-2021 12:11:57.0027 P

################################################################################################################################################
Starting Execution:	[75 out of 137] test cases in the current suite
Test Method:		[unitTests.tests_validations_assertions.assertComparativeRelation_greaterThanOrEquals_true_equals_expectedToPass]
################################################################################################################################################
[ReportManager] AssertComparativeRelation PASSED; Expected [1] and Actual [1]. Comparison Type [GREATER_THAN_OR_EQUALS]. Validation Type [POSITIVE]. @28-04-2021 12:11:57.0030 P

################################################################################################################################################
Starting Execution:	[76 out of 137] test cases in the current suite
Test Method:		[unitTests.tests_validations_assertions.assertComparativeRelation_greaterThanOrEquals_true_greaterThan_expectedToFail]
################################################################################################################################################
[ReportManager] AssertComparativeRelation FAILED; Expected [2] and Actual [1]. Comparison Type [GREATER_THAN_OR_EQUALS]. Validation Type [POSITIVE]. @28-04-2021 12:11:57.0033 P

################################################################################################################################################
Starting Execution:	[77 out of 137] test cases in the current suite
Test Method:		[unitTests.tests_validations_assertions.assertComparativeRelation_greaterThanOrEquals_true_greaterThan_expectedToPass]
################################################################################################################################################
[ReportManager] AssertComparativeRelation PASSED; Expected [1] and Actual [2]. Comparison Type [GREATER_THAN_OR_EQUALS]. Validation Type [POSITIVE]. @28-04-2021 12:11:57.0039 P
[ReportManager] File Action [getAbsolutePath] successfully performed. With the following test data [Relative Folder Path: "target/downloadedFiles/"]. @28-04-2021 12:11:57.0042 PM
[ReportManager] Attempting to run remotely on: [Linux-64], [GoogleChrome], [http://localhost:4444/wd/hub], Headless Execution. @28-04-2021 12:11:57.0044 PM
[ReportManager] Successfully Opened [GoogleChrome]. @28-04-2021 12:11:57.0350 PM
[ReportManager] Target URL: [https://www.google.com/ncr], and after redirection: [www.google.com] @28-04-2021 12:11:57.0371 PM
[ReportManager] Initial URL: [data:,] @28-04-2021 12:11:57.0425 PM
[ReportManager] Browser Action [navigateToURL] successfully performed. With the following test data [https://www.google.com/ncr]. @28-04-2021 12:11:58.0127 P

################################################################################################################################################
Starting Execution:	[78 out of 137] test cases in the current suite
Test Method:		[unitTests.tests_validations_assertions.assertElementAttribute_false_caseInsensitiveComparison_expectedToFail]
################################################################################################################################################
[ReportManager] Element Action [type] successfully performed. With the following test data [AUTOMATION]. @28-04-2021 12:11:58.0626 PM
[ReportManager] Element Action [getText] successfully performed. With the following test data [AUTOMATION]. @28-04-2021 12:11:58.0713 PM
[ReportManager] Loaded Shared OpenCV @28-04-2021 12:11:58.0852 PM
[ReportManager] AssertElementAttribute FAILED; Expected [Value Should not be 'AutomaTion' for the 'text' attribute, element locator 'By.name: q'] and Actual [AUTOMATION]. Comparison Type [CASE_INSENSITIVE]. Validation Type [NEGATIVE]. @28-04-2021 12:11:58.0923 PM
[ReportManager] Successfully created attachment [Screenshot - 1619611918852_assertElementAttribute_false_caseInsensitiveComparison_expectedToFail_AssertElementAttribute_failed] @28-04-2021 12:11:58.0924 P
[ReportManager] Successfully created attachment [Selenium WebDriver Logs - server] @28-04-2021 12:11:59.0003 PM
[ReportManager] Successfully created attachment [Selenium WebDriver Logs - performance] @28-04-2021 12:11:59.0073 PM
[ReportManager] Successfully created attachment [Selenium WebDriver Logs - driver] @28-04-2021 12:11:59.0185 PM
[ReportManager] Browser Action [closeCurrentWindow] successfully performed. @28-04-2021 12:11:59.0240 PM
[ReportManager] Successfully created attachment [Browser Action Test Data - closeCurrentWindow - Actual Value] @28-04-2021 12:11:59.0241 P
[ReportManager] File Action [getAbsolutePath] successfully performed. With the following test data [Relative Folder Path: "target/downloadedFiles/"]. @28-04-2021 12:11:59.0244 PM
[ReportManager] Attempting to run remotely on: [Linux-64], [GoogleChrome], [http://localhost:4444/wd/hub], Headless Execution. @28-04-2021 12:11:59.0244 PM
[ReportManager] Successfully Opened [GoogleChrome]. @28-04-2021 12:11:59.0452 PM
[ReportManager] Target URL: [https://www.google.com/ncr], and after redirection: [www.google.com] @28-04-2021 12:11:59.0476 PM
[ReportManager] Initial URL: [data:,] @28-04-2021 12:11:59.0514 PM
[ReportManager] Browser Action [navigateToURL] successfully performed. With the following test data [https://www.google.com/ncr]. @28-04-2021 12:12:00.0287 P

################################################################################################################################################
Starting Execution:	[79 out of 137] test cases in the current suite
Test Method:		[unitTests.tests_validations_assertions.assertElementAttribute_false_caseInsensitiveComparison_expectedToPass]
################################################################################################################################################
[ReportManager] Element Action [type] successfully performed. With the following test data [AUTOMATION]. @28-04-2021 12:12:00.0732 PM
[ReportManager] Element Action [getText] successfully performed. With the following test data [AUTOMATION]. @28-04-2021 12:12:00.0815 PM
[ReportManager] Loaded Shared OpenCV @28-04-2021 12:12:00.0956 PM
[ReportManager] AssertElementAttribute PASSED; Expected [Value Should not be 'AutomaTion123' for the 'text' attribute, element locator 'By.name: q'] and Actual [AUTOMATION]. Comparison Type [CASE_INSENSITIVE]. Validation Type [NEGATIVE]. @28-04-2021 12:12:01.0031 PM
[ReportManager] Successfully created attachment [Screenshot - 1619611920956_assertElementAttribute_false_caseInsensitiveComparison_expectedToPass_AssertElementAttribute_passed] @28-04-2021 12:12:01.0032 P
[ReportManager] Successfully created attachment [Selenium WebDriver Logs - server] @28-04-2021 12:12:01.0102 PM
[ReportManager] Successfully created attachment [Selenium WebDriver Logs - performance] @28-04-2021 12:12:01.0186 PM
[ReportManager] Successfully created attachment [Selenium WebDriver Logs - driver] @28-04-2021 12:12:01.0298 PM
[ReportManager] Browser Action [closeCurrentWindow] successfully performed. @28-04-2021 12:12:01.0357 PM
[ReportManager] Successfully created attachment [Browser Action Test Data - closeCurrentWindow - Actual Value] @28-04-2021 12:12:01.0359 P
[ReportManager] File Action [getAbsolutePath] successfully performed. With the following test data [Relative Folder Path: "target/downloadedFiles/"]. @28-04-2021 12:12:01.0361 PM
[ReportManager] Attempting to run remotely on: [Linux-64], [GoogleChrome], [http://localhost:4444/wd/hub], Headless Execution. @28-04-2021 12:12:01.0361 PM
[ReportManager] Successfully Opened [GoogleChrome]. @28-04-2021 12:12:01.0571 PM
[ReportManager] Target URL: [https://www.google.com/ncr], and after redirection: [www.google.com] @28-04-2021 12:12:01.0586 PM
[ReportManager] Initial URL: [data:,] @28-04-2021 12:12:01.0621 PM
[ReportManager] Browser Action [navigateToURL] successfully performed. With the following test data [https://www.google.com/ncr]. @28-04-2021 12:12:02.0364 P

################################################################################################################################################
Starting Execution:	[80 out of 137] test cases in the current suite
Test Method:		[unitTests.tests_validations_assertions.assertElementAttribute_false_containsComparison_expectedToFail]
################################################################################################################################################
[ReportManager] Element Action [type] successfully performed. With the following test data [Automation123]. @28-04-2021 12:12:02.0830 PM
[ReportManager] Element Action [getText] successfully performed. With the following test data [Automation123]. @28-04-2021 12:12:02.0913 PM
[ReportManager] Loaded Shared OpenCV @28-04-2021 12:12:03.0029 PM
[ReportManager] AssertElementAttribute FAILED; Expected [Value Should not be 'Automation' for the 'text' attribute, element locator 'By.name: q'] and Actual [Automation123]. Comparison Type [CONTAINS]. Validation Type [NEGATIVE]. @28-04-2021 12:12:03.0098 PM
[ReportManager] Successfully created attachment [Screenshot - 1619611923029_assertElementAttribute_false_containsComparison_expectedToFail_AssertElementAttribute_failed] @28-04-2021 12:12:03.0099 P
[ReportManager] Successfully created attachment [Selenium WebDriver Logs - server] @28-04-2021 12:12:03.0163 PM
[ReportManager] Successfully created attachment [Selenium WebDriver Logs - performance] @28-04-2021 12:12:03.0238 PM
[ReportManager] Successfully created attachment [Selenium WebDriver Logs - driver] @28-04-2021 12:12:03.0362 PM
[ReportManager] Browser Action [closeCurrentWindow] successfully performed. @28-04-2021 12:12:03.0418 PM
[ReportManager] Successfully created attachment [Browser Action Test Data - closeCurrentWindow - Actual Value] @28-04-2021 12:12:03.0419 P
[ReportManager] File Action [getAbsolutePath] successfully performed. With the following test data [Relative Folder Path: "target/downloadedFiles/"]. @28-04-2021 12:12:03.0424 PM
[ReportManager] Attempting to run remotely on: [Linux-64], [GoogleChrome], [http://localhost:4444/wd/hub], Headless Execution. @28-04-2021 12:12:03.0424 PM
[ReportManager] Successfully Opened [GoogleChrome]. @28-04-2021 12:12:03.0626 PM
[ReportManager] Target URL: [https://www.google.com/ncr], and after redirection: [www.google.com] @28-04-2021 12:12:03.0644 PM
[ReportManager] Initial URL: [data:,] @28-04-2021 12:12:03.0689 PM
[ReportManager] Browser Action [navigateToURL] successfully performed. With the following test data [https://www.google.com/ncr]. @28-04-2021 12:12:04.0444 P

################################################################################################################################################
Starting Execution:	[81 out of 137] test cases in the current suite
Test Method:		[unitTests.tests_validations_assertions.assertElementAttribute_false_containsComparison_expectedToPass]
################################################################################################################################################
[ReportManager] Element Action [type] successfully performed. With the following test data [Automation123]. @28-04-2021 12:12:04.0913 PM
[ReportManager] Element Action [getText] successfully performed. With the following test data [Automation123]. @28-04-2021 12:12:04.0995 PM
[ReportManager] Loaded Shared OpenCV @28-04-2021 12:12:05.0112 PM
[ReportManager] AssertElementAttribute PASSED; Expected [Value Should not be 'Automation1234' for the 'text' attribute, element locator 'By.name: q'] and Actual [Automation123]. Comparison Type [CONTAINS]. Validation Type [NEGATIVE]. @28-04-2021 12:12:05.0181 PM
[ReportManager] Successfully created attachment [Screenshot - 1619611925112_assertElementAttribute_false_containsComparison_expectedToPass_AssertElementAttribute_passed] @28-04-2021 12:12:05.0181 P
[ReportManager] Successfully created attachment [Selenium WebDriver Logs - server] @28-04-2021 12:12:05.0248 PM
[ReportManager] Successfully created attachment [Selenium WebDriver Logs - performance] @28-04-2021 12:12:05.0322 PM
[ReportManager] Successfully created attachment [Selenium WebDriver Logs - driver] @28-04-2021 12:12:05.0436 PM
[ReportManager] Browser Action [closeCurrentWindow] successfully performed. @28-04-2021 12:12:05.0493 PM
[ReportManager] Successfully created attachment [Browser Action Test Data - closeCurrentWindow - Actual Value] @28-04-2021 12:12:05.0493 P
[ReportManager] File Action [getAbsolutePath] successfully performed. With the following test data [Relative Folder Path: "target/downloadedFiles/"]. @28-04-2021 12:12:05.0497 PM
[ReportManager] Attempting to run remotely on: [Linux-64], [GoogleChrome], [http://localhost:4444/wd/hub], Headless Execution. @28-04-2021 12:12:05.0498 PM
[ReportManager] Successfully Opened [GoogleChrome]. @28-04-2021 12:12:05.0722 PM
[ReportManager] Target URL: [https://www.google.com/ncr], and after redirection: [www.google.com] @28-04-2021 12:12:05.0738 PM
[ReportManager] Initial URL: [data:,] @28-04-2021 12:12:05.0774 PM
[ReportManager] Browser Action [navigateToURL] successfully performed. With the following test data [https://www.google.com/ncr]. @28-04-2021 12:12:06.0501 P

################################################################################################################################################
Starting Execution:	[82 out of 137] test cases in the current suite
Test Method:		[unitTests.tests_validations_assertions.assertElementAttribute_false_literalComparison_expectedToFail]
################################################################################################################################################
[ReportManager] Element Action [type] successfully performed. With the following test data [Automation!@#$%^&*()_+{}[]\';/.,]. @28-04-2021 12:12:07.0506 PM
[ReportManager] Element Action [getText] successfully performed. With the following test data [Automation!@#$%^&*()_+{}[]\';/.,]. @28-04-2021 12:12:07.0594 PM
[ReportManager] Loaded Shared OpenCV @28-04-2021 12:12:07.0740 PM
[ReportManager] AssertElementAttribute PASSED; Expected [Value Should not be 'Automation!@#$%^&*()_+{}[]\\';/.,' for the 'text' attribute, element locator 'By.name: q'] and Actual [Automation!@#$%^&*()_+{}[]\';/.,]. Comparison Type [EQUALS]. Validation Type [NEGATIVE]. @28-04-2021 12:12:07.0812 PM
[ReportManager] Successfully created attachment [Screenshot - 1619611927740_assertElementAttribute_false_literalComparison_expectedToFail_AssertElementAttribute_passed] @28-04-2021 12:12:07.0813 P
[ReportManager] Successfully created attachment [Selenium WebDriver Logs - server] @28-04-2021 12:12:07.0885 PM
[ReportManager] Successfully created attachment [Selenium WebDriver Logs - performance] @28-04-2021 12:12:08.0024 PM
[ReportManager] Successfully created attachment [Selenium WebDriver Logs - driver] @28-04-2021 12:12:08.0179 PM
[ReportManager] Browser Action [closeCurrentWindow] successfully performed. @28-04-2021 12:12:08.0236 PM
[ReportManager] Successfully created attachment [Browser Action Test Data - closeCurrentWindow - Actual Value] @28-04-2021 12:12:08.0237 P
[ReportManager] File Action [getAbsolutePath] successfully performed. With the following test data [Relative Folder Path: "target/downloadedFiles/"]. @28-04-2021 12:12:08.0240 PM
[ReportManager] Attempting to run remotely on: [Linux-64], [GoogleChrome], [http://localhost:4444/wd/hub], Headless Execution. @28-04-2021 12:12:08.0240 PM
[ReportManager] Successfully Opened [GoogleChrome]. @28-04-2021 12:12:08.0459 PM
[ReportManager] Target URL: [https://www.google.com/ncr], and after redirection: [www.google.com] @28-04-2021 12:12:08.0470 PM
[ReportManager] Initial URL: [data:,] @28-04-2021 12:12:08.0516 PM
[ReportManager] Browser Action [navigateToURL] successfully performed. With the following test data [https://www.google.com/ncr]. @28-04-2021 12:12:09.0240 P

################################################################################################################################################
Starting Execution:	[83 out of 137] test cases in the current suite
Test Method:		[unitTests.tests_validations_assertions.assertElementAttribute_false_literalComparison_expectedToPass]
################################################################################################################################################
[ReportManager] Element Action [type] successfully performed. With the following test data [Automation!@#$%^&*()_+{}[]\';/.,]. @28-04-2021 12:12:10.0239 PM
[ReportManager] Element Action [getText] successfully performed. With the following test data [Automation!@#$%^&*()_+{}[]\';/.,]. @28-04-2021 12:12:10.0327 PM
[ReportManager] Loaded Shared OpenCV @28-04-2021 12:12:10.0453 PM
[ReportManager] AssertElementAttribute PASSED; Expected [Value Should not be 'Automation' for the 'text' attribute, element locator 'By.name: q'] and Actual [Automation!@#$%^&*()_+{}[]\';/.,]. Comparison Type [EQUALS]. Validation Type [NEGATIVE]. @28-04-2021 12:12:10.0526 PM
[ReportManager] Successfully created attachment [Screenshot - 1619611930453_assertElementAttribute_false_literalComparison_expectedToPass_AssertElementAttribute_passed] @28-04-2021 12:12:10.0526 P
[ReportManager] Successfully created attachment [Selenium WebDriver Logs - server] @28-04-2021 12:12:10.0597 PM
[ReportManager] Successfully created attachment [Selenium WebDriver Logs - performance] @28-04-2021 12:12:10.0737 PM
[ReportManager] Successfully created attachment [Selenium WebDriver Logs - driver] @28-04-2021 12:12:10.0897 PM
[ReportManager] Browser Action [closeCurrentWindow] successfully performed. @28-04-2021 12:12:10.0954 PM
[ReportManager] Successfully created attachment [Browser Action Test Data - closeCurrentWindow - Actual Value] @28-04-2021 12:12:10.0955 P
[ReportManager] File Action [getAbsolutePath] successfully performed. With the following test data [Relative Folder Path: "target/downloadedFiles/"]. @28-04-2021 12:12:10.0958 PM
[ReportManager] Attempting to run remotely on: [Linux-64], [GoogleChrome], [http://localhost:4444/wd/hub], Headless Execution. @28-04-2021 12:12:10.0958 PM
[ReportManager] Successfully Opened [GoogleChrome]. @28-04-2021 12:12:11.0173 PM
[ReportManager] Target URL: [https://www.google.com/ncr], and after redirection: [www.google.com] @28-04-2021 12:12:11.0182 PM
[ReportManager] Initial URL: [data:,] @28-04-2021 12:12:11.0216 PM
[ReportManager] Browser Action [navigateToURL] successfully performed. With the following test data [https://www.google.com/ncr]. @28-04-2021 12:12:11.0944 P

################################################################################################################################################
Starting Execution:	[84 out of 137] test cases in the current suite
Test Method:		[unitTests.tests_validations_assertions.assertElementAttribute_false_regexComparison_expectedToFail]
################################################################################################################################################
[ReportManager] Element Action [type] successfully performed. With the following test data [Automation123]. @28-04-2021 12:12:12.0415 PM
[ReportManager] Element Action [getText] successfully performed. With the following test data [Automation123]. @28-04-2021 12:12:12.0498 PM
[ReportManager] Loaded Shared OpenCV @28-04-2021 12:12:12.0629 PM
[ReportManager] AssertElementAttribute FAILED; Expected [Value Should not be 'Automation.*' for the 'text' attribute, element locator 'By.name: q'] and Actual [Automation123]. Comparison Type [MATCHES]. Validation Type [NEGATIVE]. @28-04-2021 12:12:12.0697 PM
[ReportManager] Successfully created attachment [Screenshot - 1619611932629_assertElementAttribute_false_regexComparison_expectedToFail_AssertElementAttribute_failed] @28-04-2021 12:12:12.0698 P
[ReportManager] Successfully created attachment [Selenium WebDriver Logs - server] @28-04-2021 12:12:12.0774 PM
[ReportManager] Successfully created attachment [Selenium WebDriver Logs - performance] @28-04-2021 12:12:12.0849 PM
[ReportManager] Successfully created attachment [Selenium WebDriver Logs - driver] @28-04-2021 12:12:12.0962 PM
[ReportManager] Browser Action [closeCurrentWindow] successfully performed. @28-04-2021 12:12:13.0019 PM
[ReportManager] Successfully created attachment [Browser Action Test Data - closeCurrentWindow - Actual Value] @28-04-2021 12:12:13.0020 P
[ReportManager] File Action [getAbsolutePath] successfully performed. With the following test data [Relative Folder Path: "target/downloadedFiles/"]. @28-04-2021 12:12:13.0022 PM
[ReportManager] Attempting to run remotely on: [Linux-64], [GoogleChrome], [http://localhost:4444/wd/hub], Headless Execution. @28-04-2021 12:12:13.0023 PM
[ReportManager] Successfully Opened [GoogleChrome]. @28-04-2021 12:12:13.0266 PM
[ReportManager] Target URL: [https://www.google.com/ncr], and after redirection: [www.google.com] @28-04-2021 12:12:13.0283 PM
[ReportManager] Initial URL: [data:,] @28-04-2021 12:12:13.0322 PM
[ReportManager] Browser Action [navigateToURL] successfully performed. With the following test data [https://www.google.com/ncr]. @28-04-2021 12:12:14.0034 P

################################################################################################################################################
Starting Execution:	[85 out of 137] test cases in the current suite
Test Method:		[unitTests.tests_validations_assertions.assertElementAttribute_false_regexComparison_expectedToPass]
################################################################################################################################################
[ReportManager] Element Action [type] successfully performed. With the following test data [Automation123]. @28-04-2021 12:12:14.0532 PM
[ReportManager] Element Action [getText] successfully performed. With the following test data [Automation123]. @28-04-2021 12:12:14.0626 PM
[ReportManager] Loaded Shared OpenCV @28-04-2021 12:12:14.0765 PM
[ReportManager] AssertElementAttribute PASSED; Expected [Value Should not be 'Automation' for the 'text' attribute, element locator 'By.name: q'] and Actual [Automation123]. Comparison Type [MATCHES]. Validation Type [NEGATIVE]. @28-04-2021 12:12:14.0834 PM
[ReportManager] Successfully created attachment [Screenshot - 1619611934765_assertElementAttribute_false_regexComparison_expectedToPass_AssertElementAttribute_passed] @28-04-2021 12:12:14.0834 P
[ReportManager] Successfully created attachment [Selenium WebDriver Logs - server] @28-04-2021 12:12:14.0901 PM
[ReportManager] Successfully created attachment [Selenium WebDriver Logs - performance] @28-04-2021 12:12:14.0979 PM
[ReportManager] Successfully created attachment [Selenium WebDriver Logs - driver] @28-04-2021 12:12:15.0104 PM
[ReportManager] Browser Action [closeCurrentWindow] successfully performed. @28-04-2021 12:12:15.0160 PM
[ReportManager] Successfully created attachment [Browser Action Test Data - closeCurrentWindow - Actual Value] @28-04-2021 12:12:15.0161 P
[ReportManager] File Action [getAbsolutePath] successfully performed. With the following test data [Relative Folder Path: "target/downloadedFiles/"]. @28-04-2021 12:12:15.0165 PM
[ReportManager] Attempting to run remotely on: [Linux-64], [GoogleChrome], [http://localhost:4444/wd/hub], Headless Execution. @28-04-2021 12:12:15.0165 PM
[ReportManager] Successfully Opened [GoogleChrome]. @28-04-2021 12:12:15.0380 PM
[ReportManager] Target URL: [https://www.google.com/ncr], and after redirection: [www.google.com] @28-04-2021 12:12:15.0389 PM
[ReportManager] Initial URL: [data:,] @28-04-2021 12:12:15.0423 PM
[ReportManager] Browser Action [navigateToURL] successfully performed. With the following test data [https://www.google.com/ncr]. @28-04-2021 12:12:16.0134 P

################################################################################################################################################
Starting Execution:	[86 out of 137] test cases in the current suite
Test Method:		[unitTests.tests_validations_assertions.assertElementAttribute_true_caseInsensitiveComparison_expectedToFail]
################################################################################################################################################
[ReportManager] Element Action [type] successfully performed. With the following test data [AUTOMATION]. @28-04-2021 12:12:16.0563 PM
[ReportManager] Element Action [getText] successfully performed. With the following test data [AUTOMATION]. @28-04-2021 12:12:16.0653 PM
[ReportManager] Loaded Shared OpenCV @28-04-2021 12:12:16.0770 PM
[ReportManager] AssertElementAttribute FAILED; Expected [Value Should be 'AutomaTion123' for the 'text' attribute, element locator 'By.name: q'] and Actual [AUTOMATION]. Comparison Type [CASE_INSENSITIVE]. Validation Type [POSITIVE]. @28-04-2021 12:12:16.0841 PM
[ReportManager] Successfully created attachment [Screenshot - 1619611936770_assertElementAttribute_true_caseInsensitiveComparison_expectedToFail_AssertElementAttribute_failed] @28-04-2021 12:12:16.0842 P
[ReportManager] Successfully created attachment [Selenium WebDriver Logs - server] @28-04-2021 12:12:16.0910 PM
[ReportManager] Successfully created attachment [Selenium WebDriver Logs - performance] @28-04-2021 12:12:16.0977 PM
[ReportManager] Successfully created attachment [Selenium WebDriver Logs - driver] @28-04-2021 12:12:17.0089 PM
[ReportManager] Browser Action [closeCurrentWindow] successfully performed. @28-04-2021 12:12:17.0153 PM
[ReportManager] Successfully created attachment [Browser Action Test Data - closeCurrentWindow - Actual Value] @28-04-2021 12:12:17.0154 P
[ReportManager] File Action [getAbsolutePath] successfully performed. With the following test data [Relative Folder Path: "target/downloadedFiles/"]. @28-04-2021 12:12:17.0156 PM
[ReportManager] Attempting to run remotely on: [Linux-64], [GoogleChrome], [http://localhost:4444/wd/hub], Headless Execution. @28-04-2021 12:12:17.0156 PM
[ReportManager] Successfully Opened [GoogleChrome]. @28-04-2021 12:12:17.0358 PM
[ReportManager] Target URL: [https://www.google.com/ncr], and after redirection: [www.google.com] @28-04-2021 12:12:17.0368 PM
[ReportManager] Initial URL: [data:,] @28-04-2021 12:12:17.0402 PM
[ReportManager] Browser Action [navigateToURL] successfully performed. With the following test data [https://www.google.com/ncr]. @28-04-2021 12:12:18.0096 P

################################################################################################################################################
Starting Execution:	[87 out of 137] test cases in the current suite
Test Method:		[unitTests.tests_validations_assertions.assertElementAttribute_true_caseInsensitiveComparison_expectedToPass]
################################################################################################################################################
[ReportManager] Element Action [type] successfully performed. With the following test data [AUTOMATION]. @28-04-2021 12:12:18.0534 PM
[ReportManager] Element Action [getText] successfully performed. With the following test data [AUTOMATION]. @28-04-2021 12:12:18.0643 PM
[ReportManager] Loaded Shared OpenCV @28-04-2021 12:12:18.0768 PM
[ReportManager] AssertElementAttribute PASSED; Expected [Value Should be 'AutomaTion' for the 'text' attribute, element locator 'By.name: q'] and Actual [AUTOMATION]. Comparison Type [CASE_INSENSITIVE]. Validation Type [POSITIVE]. @28-04-2021 12:12:18.0840 PM
[ReportManager] Successfully created attachment [Screenshot - 1619611938768_assertElementAttribute_true_caseInsensitiveComparison_expectedToPass_AssertElementAttribute_passed] @28-04-2021 12:12:18.0840 P
[ReportManager] Successfully created attachment [Selenium WebDriver Logs - server] @28-04-2021 12:12:18.0907 PM
[ReportManager] Successfully created attachment [Selenium WebDriver Logs - performance] @28-04-2021 12:12:18.0981 PM
[ReportManager] Successfully created attachment [Selenium WebDriver Logs - driver] @28-04-2021 12:12:19.0087 PM
[ReportManager] Browser Action [closeCurrentWindow] successfully performed. @28-04-2021 12:12:19.0144 PM
[ReportManager] Successfully created attachment [Browser Action Test Data - closeCurrentWindow - Actual Value] @28-04-2021 12:12:19.0145 P
[ReportManager] File Action [getAbsolutePath] successfully performed. With the following test data [Relative Folder Path: "target/downloadedFiles/"]. @28-04-2021 12:12:19.0148 PM
[ReportManager] Attempting to run remotely on: [Linux-64], [GoogleChrome], [http://localhost:4444/wd/hub], Headless Execution. @28-04-2021 12:12:19.0148 PM
[ReportManager] Successfully Opened [GoogleChrome]. @28-04-2021 12:12:19.0350 PM
[ReportManager] Target URL: [https://www.google.com/ncr], and after redirection: [www.google.com] @28-04-2021 12:12:19.0366 PM
[ReportManager] Initial URL: [data:,] @28-04-2021 12:12:19.0401 PM
[ReportManager] Browser Action [navigateToURL] successfully performed. With the following test data [https://www.google.com/ncr]. @28-04-2021 12:12:20.0110 P

################################################################################################################################################
Starting Execution:	[88 out of 137] test cases in the current suite
Test Method:		[unitTests.tests_validations_assertions.assertElementAttribute_true_containsComparison_expectedToFail]
################################################################################################################################################
[ReportManager] Element Action [type] successfully performed. With the following test data [Automation123]. @28-04-2021 12:12:20.0574 PM
[ReportManager] Element Action [getText] successfully performed. With the following test data [Automation123]. @28-04-2021 12:12:20.0669 PM
[ReportManager] Loaded Shared OpenCV @28-04-2021 12:12:20.0796 PM
[ReportManager] AssertElementAttribute FAILED; Expected [Value Should be 'Automation1234' for the 'text' attribute, element locator 'By.name: q'] and Actual [Automation123]. Comparison Type [CONTAINS]. Validation Type [POSITIVE]. @28-04-2021 12:12:20.0864 PM
[ReportManager] Successfully created attachment [Screenshot - 1619611940796_assertElementAttribute_true_containsComparison_expectedToFail_AssertElementAttribute_failed] @28-04-2021 12:12:20.0865 P
[ReportManager] Successfully created attachment [Selenium WebDriver Logs - server] @28-04-2021 12:12:20.0933 PM
[ReportManager] Successfully created attachment [Selenium WebDriver Logs - performance] @28-04-2021 12:12:21.0008 PM
[ReportManager] Successfully created attachment [Selenium WebDriver Logs - driver] @28-04-2021 12:12:21.0126 PM
[ReportManager] Browser Action [closeCurrentWindow] successfully performed. @28-04-2021 12:12:21.0144 PM
[ReportManager] Successfully created attachment [Browser Action Test Data - closeCurrentWindow - Actual Value] @28-04-2021 12:12:21.0145 P
[ReportManager] File Action [getAbsolutePath] successfully performed. With the following test data [Relative Folder Path: "target/downloadedFiles/"]. @28-04-2021 12:12:21.0147 PM
[ReportManager] Attempting to run remotely on: [Linux-64], [GoogleChrome], [http://localhost:4444/wd/hub], Headless Execution. @28-04-2021 12:12:21.0147 PM
[ReportManager] Successfully Opened [GoogleChrome]. @28-04-2021 12:12:21.0359 PM
[ReportManager] Target URL: [https://www.google.com/ncr], and after redirection: [www.google.com] @28-04-2021 12:12:21.0372 PM
[ReportManager] Initial URL: [data:,] @28-04-2021 12:12:21.0406 PM
[ReportManager] Browser Action [navigateToURL] successfully performed. With the following test data [https://www.google.com/ncr]. @28-04-2021 12:12:22.0113 P

################################################################################################################################################
Starting Execution:	[89 out of 137] test cases in the current suite
Test Method:		[unitTests.tests_validations_assertions.assertElementAttribute_true_containsComparison_expectedToPass]
################################################################################################################################################
[ReportManager] Element Action [type] successfully performed. With the following test data [Automation123]. @28-04-2021 12:12:22.0618 PM
[ReportManager] Element Action [getText] successfully performed. With the following test data [Automation123]. @28-04-2021 12:12:22.0701 PM
[ReportManager] Loaded Shared OpenCV @28-04-2021 12:12:22.0846 PM
[ReportManager] AssertElementAttribute PASSED; Expected [Value Should be 'Automation' for the 'text' attribute, element locator 'By.name: q'] and Actual [Automation123]. Comparison Type [CONTAINS]. Validation Type [POSITIVE]. @28-04-2021 12:12:22.0914 PM
[ReportManager] Successfully created attachment [Screenshot - 1619611942846_assertElementAttribute_true_containsComparison_expectedToPass_AssertElementAttribute_passed] @28-04-2021 12:12:22.0915 P
[ReportManager] Successfully created attachment [Selenium WebDriver Logs - server] @28-04-2021 12:12:22.0982 PM
[ReportManager] Successfully created attachment [Selenium WebDriver Logs - performance] @28-04-2021 12:12:23.0058 PM
[ReportManager] Successfully created attachment [Selenium WebDriver Logs - driver] @28-04-2021 12:12:23.0169 PM
[ReportManager] Browser Action [closeCurrentWindow] successfully performed. @28-04-2021 12:12:23.0225 PM
[ReportManager] Successfully created attachment [Browser Action Test Data - closeCurrentWindow - Actual Value] @28-04-2021 12:12:23.0226 P
[ReportManager] File Action [getAbsolutePath] successfully performed. With the following test data [Relative Folder Path: "target/downloadedFiles/"]. @28-04-2021 12:12:23.0228 PM
[ReportManager] Attempting to run remotely on: [Linux-64], [GoogleChrome], [http://localhost:4444/wd/hub], Headless Execution. @28-04-2021 12:12:23.0229 PM
[ReportManager] Successfully Opened [GoogleChrome]. @28-04-2021 12:12:23.0442 PM
[ReportManager] Target URL: [https://www.google.com/ncr], and after redirection: [www.google.com] @28-04-2021 12:12:23.0452 PM
[ReportManager] Initial URL: [data:,] @28-04-2021 12:12:23.0498 PM
[ReportManager] Browser Action [navigateToURL] successfully performed. With the following test data [https://www.google.com/ncr]. @28-04-2021 12:12:24.0230 P

################################################################################################################################################
Starting Execution:	[90 out of 137] test cases in the current suite
Test Method:		[unitTests.tests_validations_assertions.assertElementAttribute_true_literalComparison_expectedToFail]
################################################################################################################################################
[ReportManager] Element Action [type] successfully performed. With the following test data [Automation!@#$%^&*()_+{}[]\';/.,]. @28-04-2021 12:12:25.0228 PM
[ReportManager] Element Action [getText] successfully performed. With the following test data [Automation!@#$%^&*()_+{}[]\';/.,]. @28-04-2021 12:12:25.0311 PM
[ReportManager] Loaded Shared OpenCV @28-04-2021 12:12:25.0436 PM
[ReportManager] AssertElementAttribute FAILED; Expected [Value Should be 'Automation' for the 'text' attribute, element locator 'By.name: q'] and Actual [Automation!@#$%^&*()_+{}[]\';/.,]. Comparison Type [EQUALS]. Validation Type [POSITIVE]. @28-04-2021 12:12:25.0508 PM
[ReportManager] Successfully created attachment [Screenshot - 1619611945436_assertElementAttribute_true_literalComparison_expectedToFail_AssertElementAttribute_failed] @28-04-2021 12:12:25.0509 P
[ReportManager] Successfully created attachment [Selenium WebDriver Logs - server] @28-04-2021 12:12:25.0575 PM
[ReportManager] Successfully created attachment [Selenium WebDriver Logs - performance] @28-04-2021 12:12:25.0709 PM
[ReportManager] Successfully created attachment [Selenium WebDriver Logs - driver] @28-04-2021 12:12:25.0859 PM
[ReportManager] Browser Action [closeCurrentWindow] successfully performed. @28-04-2021 12:12:25.0915 PM
[ReportManager] Successfully created attachment [Browser Action Test Data - closeCurrentWindow - Actual Value] @28-04-2021 12:12:25.0916 P
[ReportManager] File Action [getAbsolutePath] successfully performed. With the following test data [Relative Folder Path: "target/downloadedFiles/"]. @28-04-2021 12:12:25.0918 PM
[ReportManager] Attempting to run remotely on: [Linux-64], [GoogleChrome], [http://localhost:4444/wd/hub], Headless Execution. @28-04-2021 12:12:25.0918 PM
[ReportManager] Successfully Opened [GoogleChrome]. @28-04-2021 12:12:26.0193 PM
[ReportManager] Target URL: [https://www.google.com/ncr], and after redirection: [www.google.com] @28-04-2021 12:12:26.0203 PM
[ReportManager] Initial URL: [data:,] @28-04-2021 12:12:26.0236 PM
[ReportManager] Browser Action [navigateToURL] successfully performed. With the following test data [https://www.google.com/ncr]. @28-04-2021 12:12:26.0989 P

################################################################################################################################################
Starting Execution:	[91 out of 137] test cases in the current suite
Test Method:		[unitTests.tests_validations_assertions.assertElementAttribute_true_literalComparison_expectedToPass]
################################################################################################################################################
[ReportManager] Element Action [type] successfully performed. With the following test data [Automation!@#$%^&*()_+{}[]\';/.,]. @28-04-2021 12:12:28.0005 PM
[ReportManager] Element Action [getText] successfully performed. With the following test data [Automation!@#$%^&*()_+{}[]\';/.,]. @28-04-2021 12:12:28.0091 PM
[ReportManager] Loaded Shared OpenCV @28-04-2021 12:12:28.0219 PM
[ReportManager] AssertElementAttribute PASSED; Expected [Value Should be 'Automation!@#$%^&*()_+{}[]\';/.,' for the 'text' attribute, element locator 'By.name: q'] and Actual [Automation!@#$%^&*()_+{}[]\';/.,]. Comparison Type [EQUALS]. Validation Type [POSITIVE]. @28-04-2021 12:12:28.0292 PM
[ReportManager] Successfully created attachment [Screenshot - 1619611948219_assertElementAttribute_true_literalComparison_expectedToPass_AssertElementAttribute_passed] @28-04-2021 12:12:28.0293 P
[ReportManager] Successfully created attachment [Selenium WebDriver Logs - server] @28-04-2021 12:12:28.0359 PM
[ReportManager] Successfully created attachment [Selenium WebDriver Logs - performance] @28-04-2021 12:12:28.0496 PM
[ReportManager] Successfully created attachment [Selenium WebDriver Logs - driver] @28-04-2021 12:12:28.0648 PM
[ReportManager] Browser Action [closeCurrentWindow] successfully performed. @28-04-2021 12:12:28.0708 PM
[ReportManager] Successfully created attachment [Browser Action Test Data - closeCurrentWindow - Actual Value] @28-04-2021 12:12:28.0711 P
[ReportManager] File Action [getAbsolutePath] successfully performed. With the following test data [Relative Folder Path: "target/downloadedFiles/"]. @28-04-2021 12:12:28.0715 PM
[ReportManager] Attempting to run remotely on: [Linux-64], [GoogleChrome], [http://localhost:4444/wd/hub], Headless Execution. @28-04-2021 12:12:28.0716 PM
[ReportManager] Successfully Opened [GoogleChrome]. @28-04-2021 12:12:28.0935 PM
[ReportManager] Target URL: [https://www.google.com/ncr], and after redirection: [www.google.com] @28-04-2021 12:12:28.0944 PM
[ReportManager] Initial URL: [data:,] @28-04-2021 12:12:28.0981 PM
[ReportManager] Browser Action [navigateToURL] successfully performed. With the following test data [https://www.google.com/ncr]. @28-04-2021 12:12:29.0710 P

################################################################################################################################################
Starting Execution:	[92 out of 137] test cases in the current suite
Test Method:		[unitTests.tests_validations_assertions.assertElementAttribute_true_regexComparison_expectedToFail]
################################################################################################################################################
[ReportManager] Element Action [type] successfully performed. With the following test data [Automation123]. @28-04-2021 12:12:30.0210 PM
[ReportManager] Element Action [getText] successfully performed. With the following test data [Automation123]. @28-04-2021 12:12:30.0298 PM
[ReportManager] Loaded Shared OpenCV @28-04-2021 12:12:30.0414 PM
[ReportManager] AssertElementAttribute FAILED; Expected [Value Should be 'Automation' for the 'text' attribute, element locator 'By.name: q'] and Actual [Automation123]. Comparison Type [MATCHES]. Validation Type [POSITIVE]. @28-04-2021 12:12:30.0482 PM
[ReportManager] Successfully created attachment [Screenshot - 1619611950414_assertElementAttribute_true_regexComparison_expectedToFail_AssertElementAttribute_failed] @28-04-2021 12:12:30.0483 P
[ReportManager] Successfully created attachment [Selenium WebDriver Logs - server] @28-04-2021 12:12:30.0553 PM
[ReportManager] Successfully created attachment [Selenium WebDriver Logs - performance] @28-04-2021 12:12:30.0635 PM
[ReportManager] Successfully created attachment [Selenium WebDriver Logs - driver] @28-04-2021 12:12:30.0751 PM
[ReportManager] Browser Action [closeCurrentWindow] successfully performed. @28-04-2021 12:12:30.0806 PM
[ReportManager] Successfully created attachment [Browser Action Test Data - closeCurrentWindow - Actual Value] @28-04-2021 12:12:30.0807 P
[ReportManager] File Action [getAbsolutePath] successfully performed. With the following test data [Relative Folder Path: "target/downloadedFiles/"]. @28-04-2021 12:12:30.0810 PM
[ReportManager] Attempting to run remotely on: [Linux-64], [GoogleChrome], [http://localhost:4444/wd/hub], Headless Execution. @28-04-2021 12:12:30.0810 PM
[ReportManager] Successfully Opened [GoogleChrome]. @28-04-2021 12:12:31.0030 PM
[ReportManager] Target URL: [https://www.google.com/ncr], and after redirection: [www.google.com] @28-04-2021 12:12:31.0039 PM
[ReportManager] Initial URL: [data:,] @28-04-2021 12:12:31.0076 PM
[ReportManager] Browser Action [navigateToURL] successfully performed. With the following test data [https://www.google.com/ncr]. @28-04-2021 12:12:31.0809 P

################################################################################################################################################
Starting Execution:	[93 out of 137] test cases in the current suite
Test Method:		[unitTests.tests_validations_assertions.assertElementAttribute_true_regexComparison_expectedToPass]
################################################################################################################################################
[ReportManager] Element Action [type] successfully performed. With the following test data [Automation123]. @28-04-2021 12:12:32.0296 PM
[ReportManager] Element Action [getText] successfully performed. With the following test data [Automation123]. @28-04-2021 12:12:32.0398 PM
[ReportManager] Loaded Shared OpenCV @28-04-2021 12:12:32.0546 PM
[ReportManager] AssertElementAttribute PASSED; Expected [Value Should be 'Automation.*' for the 'text' attribute, element locator 'By.name: q'] and Actual [Automation123]. Comparison Type [MATCHES]. Validation Type [POSITIVE]. @28-04-2021 12:12:32.0616 PM
[ReportManager] Successfully created attachment [Screenshot - 1619611952546_assertElementAttribute_true_regexComparison_expectedToPass_AssertElementAttribute_passed] @28-04-2021 12:12:32.0617 P
[ReportManager] Successfully created attachment [Selenium WebDriver Logs - server] @28-04-2021 12:12:32.0731 PM
[ReportManager] Successfully created attachment [Selenium WebDriver Logs - performance] @28-04-2021 12:12:32.0827 PM
[ReportManager] Successfully created attachment [Selenium WebDriver Logs - driver] @28-04-2021 12:12:32.0948 PM
[ReportManager] Browser Action [closeCurrentWindow] successfully performed. @28-04-2021 12:12:33.0004 PM
[ReportManager] Successfully created attachment [Browser Action Test Data - closeCurrentWindow - Actual Value] @28-04-2021 12:12:33.0005 P
[ReportManager] File Action [getAbsolutePath] successfully performed. With the following test data [Relative Folder Path: "target/downloadedFiles/"]. @28-04-2021 12:12:33.0007 PM
[ReportManager] Attempting to run remotely on: [Linux-64], [GoogleChrome], [http://localhost:4444/wd/hub], Headless Execution. @28-04-2021 12:12:33.0009 PM
[ReportManager] Successfully Opened [GoogleChrome]. @28-04-2021 12:12:33.0220 PM
[ReportManager] Target URL: [https://www.google.com/ncr], and after redirection: [www.google.com] @28-04-2021 12:12:33.0231 PM
[ReportManager] Initial URL: [data:,] @28-04-2021 12:12:33.0272 PM
[ReportManager] Browser Action [navigateToURL] successfully performed. With the following test data [https://www.google.com/ncr]. @28-04-2021 12:12:33.0969 P

################################################################################################################################################
Starting Execution:	[94 out of 137] test cases in the current suite
Test Method:		[unitTests.tests_validations_assertions.assertElementAttribute_type_true_literalComparison_expectedToPass]
################################################################################################################################################
[ReportManager] Element Action [type] successfully performed. With the following test data [Automation!@#$%^&*()_+{}[]\';/.,]. @28-04-2021 12:12:34.0979 PM
[ReportManager] Element Action [getText] successfully performed. With the following test data [Automation!@#$%^&*()_+{}[]\';/.,]. @28-04-2021 12:12:35.0073 PM
[ReportManager] Loaded Shared OpenCV @28-04-2021 12:12:35.0205 PM
[ReportManager] AssertElementAttribute PASSED; Expected [Value Should be 'Automation!@#$%^&*()_+{}[]\';/.,' for the 'text' attribute, element locator 'By.name: q'] and Actual [Automation!@#$%^&*()_+{}[]\';/.,]. Comparison Type [EQUALS]. Validation Type [POSITIVE]. @28-04-2021 12:12:35.0276 PM
[ReportManager] Successfully created attachment [Screenshot - 1619611955204_assertElementAttribute_type_true_literalComparison_expectedToPass_AssertElementAttribute_passed] @28-04-2021 12:12:35.0277 P
[ReportManager] Successfully created attachment [Selenium WebDriver Logs - server] @28-04-2021 12:12:35.0346 PM
[ReportManager] Successfully created attachment [Selenium WebDriver Logs - performance] @28-04-2021 12:12:35.0481 PM
[ReportManager] Successfully created attachment [Selenium WebDriver Logs - driver] @28-04-2021 12:12:35.0638 PM
[ReportManager] Browser Action [closeCurrentWindow] successfully performed. @28-04-2021 12:12:35.0701 PM
[ReportManager] Successfully created attachment [Browser Action Test Data - closeCurrentWindow - Actual Value] @28-04-2021 12:12:35.0702 P
[ReportManager] File Action [getAbsolutePath] successfully performed. With the following test data [Relative Folder Path: "target/downloadedFiles/"]. @28-04-2021 12:12:35.0704 PM
[ReportManager] Attempting to run remotely on: [Linux-64], [GoogleChrome], [http://localhost:4444/wd/hub], Headless Execution. @28-04-2021 12:12:35.0704 PM
[ReportManager] Successfully Opened [GoogleChrome]. @28-04-2021 12:12:35.0901 PM
[ReportManager] Target URL: [https://www.google.com/ncr], and after redirection: [www.google.com] @28-04-2021 12:12:35.0910 PM
[ReportManager] Initial URL: [data:,] @28-04-2021 12:12:35.0950 PM
[ReportManager] Browser Action [navigateToURL] successfully performed. With the following test data [https://www.google.com/ncr]. @28-04-2021 12:12:36.0680 P

################################################################################################################################################
Starting Execution:	[95 out of 137] test cases in the current suite
Test Method:		[unitTests.tests_validations_assertions.assertElementExists_false_expectedToFail]
################################################################################################################################################
[ReportManager] AssertElementExists PASSED; Expected [Element Should not Exist, locator 'By.id: hplogo'] and Actual [Element Doesn't Exists]. Comparison Type [EQUALS]. Validation Type [NEGATIVE]. @28-04-2021 12:12:47.0016 PM
[ReportManager] Successfully created attachment [Screenshot - 1619611966961_assertElementExists_false_expectedToFail_AssertElementExists_passed] @28-04-2021 12:12:47.0017 P
[ReportManager] Successfully created attachment [Selenium WebDriver Logs - server] @28-04-2021 12:12:47.0084 PM
[ReportManager] Successfully created attachment [Selenium WebDriver Logs - performance] @28-04-2021 12:12:47.0112 PM
[ReportManager] Successfully created attachment [Selenium WebDriver Logs - driver] @28-04-2021 12:12:47.0181 PM
[ReportManager] Browser Action [closeCurrentWindow] successfully performed. @28-04-2021 12:12:47.0240 PM
[ReportManager] Successfully created attachment [Browser Action Test Data - closeCurrentWindow - Actual Value] @28-04-2021 12:12:47.0241 P
[ReportManager] File Action [getAbsolutePath] successfully performed. With the following test data [Relative Folder Path: "target/downloadedFiles/"]. @28-04-2021 12:12:47.0243 PM
[ReportManager] Attempting to run remotely on: [Linux-64], [GoogleChrome], [http://localhost:4444/wd/hub], Headless Execution. @28-04-2021 12:12:47.0243 PM
[ReportManager] Successfully Opened [GoogleChrome]. @28-04-2021 12:12:47.0448 PM
[ReportManager] Target URL: [https://www.google.com/ncr], and after redirection: [www.google.com] @28-04-2021 12:12:47.0474 PM
[ReportManager] Initial URL: [data:,] @28-04-2021 12:12:47.0516 PM
[ReportManager] Browser Action [navigateToURL] successfully performed. With the following test data [https://www.google.com/ncr]. @28-04-2021 12:12:48.0228 P

################################################################################################################################################
Starting Execution:	[96 out of 137] test cases in the current suite
Test Method:		[unitTests.tests_validations_assertions.assertElementExists_false_expectedToPass]
################################################################################################################################################
[ReportManager] AssertElementExists PASSED; Expected [Element Should not Exist, locator 'By.id: fakeElement'] and Actual [Element Doesn't Exists]. Comparison Type [EQUALS]. Validation Type [NEGATIVE]. @28-04-2021 12:12:58.0549 PM
[ReportManager] Successfully created attachment [Screenshot - 1619611978494_assertElementExists_false_expectedToPass_AssertElementExists_passed] @28-04-2021 12:12:58.0550 P
[ReportManager] Successfully created attachment [Selenium WebDriver Logs - server] @28-04-2021 12:12:58.0621 PM
[ReportManager] Successfully created attachment [Selenium WebDriver Logs - performance] @28-04-2021 12:12:58.0649 PM
[ReportManager] Successfully created attachment [Selenium WebDriver Logs - driver] @28-04-2021 12:12:58.0717 PM
[ReportManager] Browser Action [closeCurrentWindow] successfully performed. @28-04-2021 12:12:58.0774 PM
[ReportManager] Successfully created attachment [Browser Action Test Data - closeCurrentWindow - Actual Value] @28-04-2021 12:12:58.0775 P
[ReportManager] File Action [getAbsolutePath] successfully performed. With the following test data [Relative Folder Path: "target/downloadedFiles/"]. @28-04-2021 12:12:58.0778 PM
[ReportManager] Attempting to run remotely on: [Linux-64], [GoogleChrome], [http://localhost:4444/wd/hub], Headless Execution. @28-04-2021 12:12:58.0779 PM
[ReportManager] Successfully Opened [GoogleChrome]. @28-04-2021 12:12:58.0982 PM
[ReportManager] Target URL: [https://www.google.com/ncr], and after redirection: [www.google.com] @28-04-2021 12:12:58.0992 PM
[ReportManager] Initial URL: [data:,] @28-04-2021 12:12:59.0025 PM
[ReportManager] Browser Action [navigateToURL] successfully performed. With the following test data [https://www.google.com/ncr]. @28-04-2021 12:12:59.0755 P

################################################################################################################################################
Starting Execution:	[97 out of 137] test cases in the current suite
Test Method:		[unitTests.tests_validations_assertions.assertElementExists_false_multipleElementsFound_expectedToFail]
################################################################################################################################################
[ReportManager] AssertElementExists FAILED; Expected [Element Should not Exist, locator 'By.xpath: //div'] and Actual [Element Exists but is not unique]. Comparison Type [EQUALS]. Validation Type [NEGATIVE]. @28-04-2021 12:12:59.0965 PM
[ReportManager] Successfully created attachment [Screenshot - 1619611979910_assertElementExists_false_multipleElementsFound_expectedToFail_AssertElementExists_failed] @28-04-2021 12:12:59.0965 P
[ReportManager] Successfully created attachment [Selenium WebDriver Logs - server] @28-04-2021 12:13:00.0030 PM
[ReportManager] Successfully created attachment [Selenium WebDriver Logs - performance] @28-04-2021 12:13:00.0061 PM
[ReportManager] Successfully created attachment [Selenium WebDriver Logs - driver] @28-04-2021 12:13:00.0128 PM
[ReportManager] Browser Action [closeCurrentWindow] successfully performed. @28-04-2021 12:13:00.0143 PM
[ReportManager] Successfully created attachment [Browser Action Test Data - closeCurrentWindow - Actual Value] @28-04-2021 12:13:00.0144 P
[ReportManager] File Action [getAbsolutePath] successfully performed. With the following test data [Relative Folder Path: "target/downloadedFiles/"]. @28-04-2021 12:13:00.0146 PM
[ReportManager] Attempting to run remotely on: [Linux-64], [GoogleChrome], [http://localhost:4444/wd/hub], Headless Execution. @28-04-2021 12:13:00.0147 PM
[ReportManager] Successfully Opened [GoogleChrome]. @28-04-2021 12:13:00.0335 PM
[ReportManager] Target URL: [https://www.google.com/ncr], and after redirection: [www.google.com] @28-04-2021 12:13:00.0348 PM
[ReportManager] Initial URL: [data:,] @28-04-2021 12:13:00.0383 PM
[ReportManager] Browser Action [navigateToURL] successfully performed. With the following test data [https://www.google.com/ncr]. @28-04-2021 12:13:01.0102 P

################################################################################################################################################
Starting Execution:	[98 out of 137] test cases in the current suite
Test Method:		[unitTests.tests_validations_assertions.assertElementExists_true_expectedToFail]
################################################################################################################################################
[ReportManager] AssertElementExists FAILED; Expected [Element Should Exist, locator 'By.id: fakeElement'] and Actual [Element Doesn't Exists]. Comparison Type [EQUALS]. Validation Type [POSITIVE]. @28-04-2021 12:13:31.0703 PM
[ReportManager] Successfully created attachment [Screenshot - 1619612011643_assertElementExists_true_expectedToFail_AssertElementExists_failed] @28-04-2021 12:13:31.0703 P
[ReportManager] Successfully created attachment [Selenium WebDriver Logs - server] @28-04-2021 12:13:31.0772 PM
[ReportManager] Successfully created attachment [Selenium WebDriver Logs - performance] @28-04-2021 12:13:31.0802 PM
[ReportManager] Successfully created attachment [Selenium WebDriver Logs - driver] @28-04-2021 12:13:31.0883 PM
[ReportManager] Browser Action [closeCurrentWindow] successfully performed. @28-04-2021 12:13:31.0941 PM
[ReportManager] Successfully created attachment [Browser Action Test Data - closeCurrentWindow - Actual Value] @28-04-2021 12:13:31.0942 P
[ReportManager] File Action [getAbsolutePath] successfully performed. With the following test data [Relative Folder Path: "target/downloadedFiles/"]. @28-04-2021 12:13:31.0944 PM
[ReportManager] Attempting to run remotely on: [Linux-64], [GoogleChrome], [http://localhost:4444/wd/hub], Headless Execution. @28-04-2021 12:13:31.0944 PM
[ReportManager] Successfully Opened [GoogleChrome]. @28-04-2021 12:13:32.0160 PM
[ReportManager] Target URL: [https://www.google.com/ncr], and after redirection: [www.google.com] @28-04-2021 12:13:32.0170 PM
[ReportManager] Initial URL: [data:,] @28-04-2021 12:13:32.0203 PM
[ReportManager] Browser Action [navigateToURL] successfully performed. With the following test data [https://www.google.com/ncr]. @28-04-2021 12:13:32.0959 P

################################################################################################################################################
Starting Execution:	[99 out of 137] test cases in the current suite
Test Method:		[unitTests.tests_validations_assertions.assertElementExists_true_expectedToPass]
################################################################################################################################################
[ReportManager] Loaded Shared OpenCV @28-04-2021 12:13:33.0125 PM
[ReportManager] AssertElementExists PASSED; Expected [Element Should Exist, locator 'By.xpath: //img[@id='hplogo' or @alt='Google']'] and Actual [Element Exists]. Comparison Type [EQUALS]. Validation Type [POSITIVE]. @28-04-2021 12:13:33.0193 PM
[ReportManager] Successfully created attachment [Screenshot - 1619612013125_assertElementExists_true_expectedToPass_AssertElementExists_passed] @28-04-2021 12:13:33.0194 P
[ReportManager] Successfully created attachment [Selenium WebDriver Logs - server] @28-04-2021 12:13:33.0263 PM
[ReportManager] Successfully created attachment [Selenium WebDriver Logs - performance] @28-04-2021 12:13:33.0292 PM
[ReportManager] Successfully created attachment [Selenium WebDriver Logs - driver] @28-04-2021 12:13:33.0357 PM
[ReportManager] Browser Action [closeCurrentWindow] successfully performed. @28-04-2021 12:13:33.0415 PM
[ReportManager] Successfully created attachment [Browser Action Test Data - closeCurrentWindow - Actual Value] @28-04-2021 12:13:33.0416 P
[ReportManager] File Action [getAbsolutePath] successfully performed. With the following test data [Relative Folder Path: "target/downloadedFiles/"]. @28-04-2021 12:13:33.0418 PM
[ReportManager] Attempting to run remotely on: [Linux-64], [GoogleChrome], [http://localhost:4444/wd/hub], Headless Execution. @28-04-2021 12:13:33.0418 PM
[ReportManager] Successfully Opened [GoogleChrome]. @28-04-2021 12:13:33.0618 PM
[ReportManager] Target URL: [https://www.google.com/ncr], and after redirection: [www.google.com] @28-04-2021 12:13:33.0633 PM
[ReportManager] Initial URL: [data:,] @28-04-2021 12:13:33.0667 PM
[ReportManager] Browser Action [navigateToURL] successfully performed. With the following test data [https://www.google.com/ncr]. @28-04-2021 12:13:34.0384 P

################################################################################################################################################
Starting Execution:	[100 out of 137] test cases in the current suite
Test Method:		[unitTests.tests_validations_assertions.assertElementExists_true_multipleElementsFound_expectedToFail]
################################################################################################################################################
[ReportManager] AssertElementExists FAILED; Expected [Element Should Exist, locator 'By.xpath: //div'] and Actual [Element Exists but is not unique]. Comparison Type [EQUALS]. Validation Type [POSITIVE]. @28-04-2021 12:13:34.0613 PM
[ReportManager] Successfully created attachment [Screenshot - 1619612014558_assertElementExists_true_multipleElementsFound_expectedToFail_AssertElementExists_failed] @28-04-2021 12:13:34.0614 P
[ReportManager] Successfully created attachment [Selenium WebDriver Logs - server] @28-04-2021 12:13:34.0680 PM
[ReportManager] Successfully created attachment [Selenium WebDriver Logs - performance] @28-04-2021 12:13:34.0712 PM
[ReportManager] Successfully created attachment [Selenium WebDriver Logs - driver] @28-04-2021 12:13:34.0776 PM
[ReportManager] Browser Action [closeCurrentWindow] successfully performed. @28-04-2021 12:13:34.0831 PM
[ReportManager] Successfully created attachment [Browser Action Test Data - closeCurrentWindow - Actual Value] @28-04-2021 12:13:34.0832 P

################################################################################################################################################
Starting Execution:	[101 out of 137] test cases in the current suite
Test Method:		[unitTests.tests_validations_assertions.assertEquals_false_expectedToFail]
################################################################################################################################################
[ReportManager] AssertEquals FAILED; Expected [1] and Actual [1]. Comparison Type [EQUALS]. Validation Type [NEGATIVE]. @28-04-2021 12:13:34.0840 P

################################################################################################################################################
Starting Execution:	[102 out of 137] test cases in the current suite
Test Method:		[unitTests.tests_validations_assertions.assertEquals_false_expectedToPass]
################################################################################################################################################
[ReportManager] AssertEquals PASSED; Expected [1] and Actual [2]. Comparison Type [EQUALS]. Validation Type [NEGATIVE]. @28-04-2021 12:13:34.0843 P

################################################################################################################################################
Starting Execution:	[103 out of 137] test cases in the current suite
Test Method:		[unitTests.tests_validations_assertions.assertEquals_longCharacters]
################################################################################################################################################
[ReportManager] VerifyEquals PASSED; Expected and Actual values are attached. Comparison Type [EQUALS]. Validation Type [POSITIVE]. @28-04-2021 12:13:34.0845 PM
[ReportManager] Successfully created attachment [Validation Test Data - Expected Value] @28-04-2021 12:13:34.0845 PM
[ReportManager] Successfully created attachment [Validation Test Data - Actual Value] @28-04-2021 12:13:34.0846 PM
[ReportManager] AssertEquals PASSED; Expected and Actual values are attached. Comparison Type [EQUALS]. Validation Type [POSITIVE]. @28-04-2021 12:13:34.0846 PM
[ReportManager] Successfully created attachment [Validation Test Data - Expected Value] @28-04-2021 12:13:34.0846 PM
[ReportManager] Successfully created attachment [Validation Test Data - Actual Value] @28-04-2021 12:13:34.0846 P

################################################################################################################################################
Starting Execution:	[104 out of 137] test cases in the current suite
Test Method:		[unitTests.tests_validations_assertions.assertEquals_longCharacters_Discreet]
################################################################################################################################################
[ReportManager] AssertEquals PASSED; Expected [1LH5pROcDBjjQk0t0mCr0lXuzQu9lcGj28kY8R1H81X67eVAQJgWQhILiRWVPUgZ6uCtK5cnBkF55Jr9vYngjGO1Iyf0Mktv6lruDlL9T8MAUPcUZJGHZtji6nIeadujDSNmWMj5d6C8zlFqw0CRqBU0hO5adIasHgBSNoLotAjce3NGXoDwAlp3rYreeV16VIyZXROQY] and Actual [1LH5pROcDBjjQk0t0mCr0lXuzQu9lcGj28kY8R1H81X67eVAQJgWQhILiRWVPUgZ6uCtK5cnBkF55Jr9vYngjGO1Iyf0Mktv6lruDlL9T8MAUPcUZJGHZtji6nIeadujDSNmWMj5d6C8zlFqw0CRqBU0hO5adIasHgBSNoLotAjce3NGXoDwAlp3rYreeV16VIyZXROQY]. Comparison Type [EQUALS]. Validation Type [POSITIVE]. @28-04-2021 12:13:34.0848 P

################################################################################################################################################
Starting Execution:	[105 out of 137] test cases in the current suite
Test Method:		[unitTests.tests_validations_assertions.assertEquals_true_expectedToFail]
################################################################################################################################################
[ReportManager] AssertEquals FAILED; Expected [1] and Actual [2]. Comparison Type [EQUALS]. Validation Type [POSITIVE]. @28-04-2021 12:13:34.0850 P

################################################################################################################################################
Starting Execution:	[106 out of 137] test cases in the current suite
Test Method:		[unitTests.tests_validations_assertions.assertEquals_true_expectedToPass]
Test Description:	[Assert that assertEquals works as expected when the two values are equal.]
################################################################################################################################################
[ReportManager] VerifyEquals PASSED; Expected [1] and Actual [1]. Comparison Type [EQUALS]. Validation Type [POSITIVE]. @28-04-2021 12:13:34.0852 PM
[ReportManager] AssertEquals PASSED; Expected [1] and Actual [1]. Comparison Type [EQUALS]. Validation Type [POSITIVE]. @28-04-2021 12:13:34.0853 P

################################################################################################################################################
Starting Execution:	[107 out of 137] test cases in the current suite
Test Method:		[unitTests.tests_validations_assertions.assertEquals_true_expectedToPass__]
################################################################################################################################################
[ReportManager] AssertEquals PASSED; Expected [1] and Actual [1]. Comparison Type [EQUALS]. Validation Type [POSITIVE]. @28-04-2021 12:13:34.0855 P

################################################################################################################################################
Starting Execution:	[108 out of 137] test cases in the current suite
Test Method:		[unitTests.tests_validations_assertions.assertFileExists_false_expectedToFail]
################################################################################################################################################
[ReportManager] File Action [doesFileExist] successfully performed. With the following test data [File Path: "src/main/java/com/shaft/gui/element/ElementActions.java"]. @28-04-2021 12:13:34.0869 PM
[ReportManager] AssertFileExists FAILED; Expected [File 'src/main/java/com/shaft/gui/element/ElementActions.java' should not exist, after up to '1' retries] and Actual [File exists]. Validation Type [NEGATIVE]. @28-04-2021 12:13:34.0869 P

################################################################################################################################################
Starting Execution:	[109 out of 137] test cases in the current suite
Test Method:		[unitTests.tests_validations_assertions.assertFileExists_false_expectedToPass]
################################################################################################################################################
[ReportManager] File Action [doesFileExist] successfully performed. With the following test data [File Path: "src/main/java/com/shaft/gui/element/ElementActions.java_fail"]. @28-04-2021 12:13:35.0372 PM
[ReportManager] AssertFileExists PASSED; Expected [File 'src/main/java/com/shaft/gui/element/ElementActions.java_fail' should not exist, after up to '1' retries] and Actual [File does not exist]. Validation Type [NEGATIVE]. @28-04-2021 12:13:35.0372 P

################################################################################################################################################
Starting Execution:	[110 out of 137] test cases in the current suite
Test Method:		[unitTests.tests_validations_assertions.assertFileExists_true_expectedToFail]
################################################################################################################################################
[ReportManager] File Action [doesFileExist] successfully performed. With the following test data [File Path: "src/main/java/com/shaft/gui/element/ElementActions.java_fail"]. @28-04-2021 12:13:35.0875 PM
[ReportManager] AssertFileExists FAILED; Expected [File 'src/main/java/com/shaft/gui/element/ElementActions.java_fail' should exist, after up to '1' retries] and Actual [File does not exist]. Validation Type [POSITIVE]. @28-04-2021 12:13:35.0875 P

################################################################################################################################################
Starting Execution:	[111 out of 137] test cases in the current suite
Test Method:		[unitTests.tests_validations_assertions.assertFileExists_true_expectedToPass]
################################################################################################################################################
[ReportManager] File Action [doesFileExist] successfully performed. With the following test data [File Path: "src/main/java/com/shaft/gui/element/ElementActions.java"]. @28-04-2021 12:13:35.0878 PM
[ReportManager] AssertFileExists PASSED; Expected [File 'src/main/java/com/shaft/gui/element/ElementActions.java' should exist, after up to '1' retries] and Actual [File exists]. Validation Type [POSITIVE]. @28-04-2021 12:13:35.0878 P

################################################################################################################################################
Starting Execution:	[112 out of 137] test cases in the current suite
Test Method:		[unitTests.tests_validations_assertions.assertNull_false_expectedToFail]
################################################################################################################################################
[ReportManager] AssertNull FAILED; Expected [NULL] and Actual [NULL]. Comparison Type [EQUALS]. Validation Type [NEGATIVE]. @28-04-2021 12:13:35.0880 P

################################################################################################################################################
Starting Execution:	[113 out of 137] test cases in the current suite
Test Method:		[unitTests.tests_validations_assertions.assertNull_false_expectedToPass]
################################################################################################################################################
[ReportManager] AssertNull PASSED; Expected [NULL] and Actual [1]. Comparison Type [EQUALS]. Validation Type [NEGATIVE]. @28-04-2021 12:13:35.0885 P

################################################################################################################################################
Starting Execution:	[114 out of 137] test cases in the current suite
Test Method:		[unitTests.tests_validations_assertions.assertNull_true_expectedToFail]
################################################################################################################################################
[ReportManager] AssertNull FAILED; Expected [NULL] and Actual [1]. Comparison Type [EQUALS]. Validation Type [POSITIVE]. @28-04-2021 12:13:35.0887 P

################################################################################################################################################
Starting Execution:	[115 out of 137] test cases in the current suite
Test Method:		[unitTests.tests_validations_assertions.assertNull_true_expectedToPass]
################################################################################################################################################
[ReportManager] AssertNull PASSED; Expected [NULL] and Actual [NULL]. Comparison Type [EQUALS]. Validation Type [POSITIVE]. @28-04-2021 12:13:35.0888 P
[ReportManager] File Action [getAbsolutePath] successfully performed. With the following test data [Relative Folder Path: "target/downloadedFiles/"]. @28-04-2021 12:13:35.0890 PM
[ReportManager] Attempting to run remotely on: [Linux-64], [GoogleChrome], [http://localhost:4444/wd/hub], Headless Execution. @28-04-2021 12:13:35.0890 PM
[ReportManager] Successfully Opened [GoogleChrome]. @28-04-2021 12:13:36.0096 PM
[ReportManager] Target URL: [https://duckduckgo.com] @28-04-2021 12:13:36.0105 PM
[ReportManager] Initial URL: [data:,] @28-04-2021 12:13:36.0138 PM
[ReportManager] Browser Action [navigateToURL] successfully performed. With the following test data [https://duckduckgo.com]. @28-04-2021 12:13:36.0621 P

################################################################################################################################################
Starting Execution:	[116 out of 137] test cases in the current suite
Test Method:		[unitTests.tests_browserActions.fullScreenWindow]
################################################################################################################################################
[ReportManager] Initial Windows Size: 800x600 @28-04-2021 12:13:36.0626 PM
[ReportManager] Initial window size: (800, 600) @28-04-2021 12:13:36.0628 PM
[ReportManager] Window size after Toolkit: (1920, 1080) @28-04-2021 12:13:36.0843 PM
[ReportManager] Browser Action [maximizeWindow] successfully performed. With the following test data [New screen size is now: (1920, 1080)]. @28-04-2021 12:13:36.0845 PM
[ReportManager] Current Windows Size after fullScreen: 1920x1080 @28-04-2021 12:13:36.0848 PM
[ReportManager] Browser Action [fullScreenWindow] successfully performed. @28-04-2021 12:13:36.0863 PM
[ReportManager] Successfully created attachment [Browser Action Test Data - fullScreenWindow - Actual Value] @28-04-2021 12:13:36.0865 P
[ReportManager] Target URL: [https://duckduckgo.com] @28-04-2021 12:13:36.0869 PM
[ReportManager] Initial URL: [https://duckduckgo.com] @28-04-2021 12:13:36.0926 PM
[ReportManager] Browser Action [navigateToURL] successfully performed. With the following test data [https://duckduckgo.com]. @28-04-2021 12:13:37.0249 PM
[ReportManager] Successfully created attachment [Selenium WebDriver Logs - server] @28-04-2021 12:13:37.0290 PM
[ReportManager] Successfully created attachment [Selenium WebDriver Logs - performance] @28-04-2021 12:13:37.0392 PM
[ReportManager] Successfully created attachment [Selenium WebDriver Logs - driver] @28-04-2021 12:13:37.0524 PM
[ReportManager] Browser Action [closeCurrentWindow] successfully performed. @28-04-2021 12:13:37.0582 PM
[ReportManager] Successfully created attachment [Browser Action Test Data - closeCurrentWindow - Actual Value] @28-04-2021 12:13:37.0582 P
[ReportManager] File Action [getAbsolutePath] successfully performed. With the following test data [Relative Folder Path: "target/downloadedFiles/"]. @28-04-2021 12:13:37.0584 PM
[ReportManager] Attempting to run remotely on: [Linux-64], [GoogleChrome], [http://localhost:4444/wd/hub], Headless Execution. @28-04-2021 12:13:37.0584 PM
[ReportManager] Successfully Opened [GoogleChrome]. @28-04-2021 12:13:37.0781 PM
[ReportManager] Target URL: [https://duckduckgo.com] @28-04-2021 12:13:37.0791 PM
[ReportManager] Initial URL: [data:,] @28-04-2021 12:13:37.0827 PM
[ReportManager] Browser Action [navigateToURL] successfully performed. With the following test data [https://duckduckgo.com]. @28-04-2021 12:13:38.0307 P

################################################################################################################################################
Starting Execution:	[117 out of 137] test cases in the current suite
Test Method:		[unitTests.tests_browserActions.getCurrentURL]
################################################################################################################################################
[ReportManager] Browser Action [getCurrentURL] successfully performed. With the following test data [https://duckduckgo.com/]. @28-04-2021 12:13:38.0338 P
[ReportManager] Target URL: [https://duckduckgo.com] @28-04-2021 12:13:38.0339 PM
[ReportManager] Initial URL: [https://duckduckgo.com] @28-04-2021 12:13:38.0383 PM
[ReportManager] Browser Action [navigateToURL] successfully performed. With the following test data [https://duckduckgo.com]. @28-04-2021 12:13:38.0693 PM
[ReportManager] Successfully created attachment [Selenium WebDriver Logs - server] @28-04-2021 12:13:38.0742 PM
[ReportManager] Successfully created attachment [Selenium WebDriver Logs - performance] @28-04-2021 12:13:38.0842 PM
[ReportManager] Successfully created attachment [Selenium WebDriver Logs - driver] @28-04-2021 12:13:38.0976 PM
[ReportManager] Browser Action [closeCurrentWindow] successfully performed. @28-04-2021 12:13:39.0042 PM
[ReportManager] Successfully created attachment [Browser Action Test Data - closeCurrentWindow - Actual Value] @28-04-2021 12:13:39.0043 P
[ReportManager] File Action [getAbsolutePath] successfully performed. With the following test data [Relative Folder Path: "target/downloadedFiles/"]. @28-04-2021 12:13:39.0045 PM
[ReportManager] Attempting to run remotely on: [Linux-64], [GoogleChrome], [http://localhost:4444/wd/hub], Headless Execution. @28-04-2021 12:13:39.0045 PM
[ReportManager] Successfully Opened [GoogleChrome]. @28-04-2021 12:13:39.0276 PM
[ReportManager] Target URL: [https://duckduckgo.com] @28-04-2021 12:13:39.0285 PM
[ReportManager] Initial URL: [data:,] @28-04-2021 12:13:39.0318 PM
[ReportManager] Browser Action [navigateToURL] successfully performed. With the following test data [https://duckduckgo.com]. @28-04-2021 12:13:39.0788 P

################################################################################################################################################
Starting Execution:	[118 out of 137] test cases in the current suite
Test Method:		[unitTests.tests_browserActions.getCurrentWindowTitle]
################################################################################################################################################
[ReportManager] Browser Action [getCurrentWindowTitle] successfully performed. With the following test data [DuckDuckGo  Privacy, simplified.]. @28-04-2021 12:13:39.0820 P
[ReportManager] Target URL: [https://duckduckgo.com] @28-04-2021 12:13:39.0822 PM
[ReportManager] Initial URL: [https://duckduckgo.com] @28-04-2021 12:13:39.0874 PM
[ReportManager] Browser Action [navigateToURL] successfully performed. With the following test data [https://duckduckgo.com]. @28-04-2021 12:13:40.0178 PM
[ReportManager] Successfully created attachment [Selenium WebDriver Logs - server] @28-04-2021 12:13:40.0220 PM
[ReportManager] Successfully created attachment [Selenium WebDriver Logs - performance] @28-04-2021 12:13:40.0318 PM
[ReportManager] Successfully created attachment [Selenium WebDriver Logs - driver] @28-04-2021 12:13:40.0459 PM
[ReportManager] Browser Action [closeCurrentWindow] successfully performed. @28-04-2021 12:13:40.0518 PM
[ReportManager] Successfully created attachment [Browser Action Test Data - closeCurrentWindow - Actual Value] @28-04-2021 12:13:40.0518 P
[ReportManager] File Action [getAbsolutePath] successfully performed. With the following test data [Relative Folder Path: "target/downloadedFiles/"]. @28-04-2021 12:13:40.0521 PM
[ReportManager] Attempting to run remotely on: [Linux-64], [GoogleChrome], [http://localhost:4444/wd/hub], Headless Execution. @28-04-2021 12:13:40.0521 PM
[ReportManager] Successfully Opened [GoogleChrome]. @28-04-2021 12:13:40.0708 PM
[ReportManager] Target URL: [https://duckduckgo.com] @28-04-2021 12:13:40.0717 PM
[ReportManager] Initial URL: [data:,] @28-04-2021 12:13:40.0764 PM
[ReportManager] Browser Action [navigateToURL] successfully performed. With the following test data [https://duckduckgo.com]. @28-04-2021 12:13:41.0256 P

################################################################################################################################################
Starting Execution:	[119 out of 137] test cases in the current suite
Test Method:		[unitTests.tests_browserActions.getPageSource]
################################################################################################################################################
[ReportManager] Browser Action [getPageSource] successfully performed. @28-04-2021 12:13:41.0303 PM
[ReportManager] Successfully created attachment [Browser Action Test Data - getPageSource - Actual Value] @28-04-2021 12:13:41.0303 P
[ReportManager] Target URL: [https://duckduckgo.com] @28-04-2021 12:13:41.0306 PM
[ReportManager] Initial URL: [https://duckduckgo.com] @28-04-2021 12:13:41.0352 PM
[ReportManager] Browser Action [navigateToURL] successfully performed. With the following test data [https://duckduckgo.com]. @28-04-2021 12:13:41.0668 PM
[ReportManager] Successfully created attachment [Selenium WebDriver Logs - server] @28-04-2021 12:13:41.0715 PM
[ReportManager] Successfully created attachment [Selenium WebDriver Logs - performance] @28-04-2021 12:13:41.0818 PM
[ReportManager] Successfully created attachment [Selenium WebDriver Logs - driver] @28-04-2021 12:13:41.0951 PM
[ReportManager] Browser Action [closeCurrentWindow] successfully performed. @28-04-2021 12:13:42.0007 PM
[ReportManager] Successfully created attachment [Browser Action Test Data - closeCurrentWindow - Actual Value] @28-04-2021 12:13:42.0007 P
[ReportManager] File Action [getAbsolutePath] successfully performed. With the following test data [Relative Folder Path: "target/downloadedFiles/"]. @28-04-2021 12:13:42.0009 PM
[ReportManager] Attempting to run remotely on: [Linux-64], [GoogleChrome], [http://localhost:4444/wd/hub], Headless Execution. @28-04-2021 12:13:42.0009 PM
[ReportManager] Successfully Opened [GoogleChrome]. @28-04-2021 12:13:42.0212 PM
[ReportManager] Target URL: [https://duckduckgo.com] @28-04-2021 12:13:42.0222 PM
[ReportManager] Initial URL: [data:,] @28-04-2021 12:13:42.0261 PM
[ReportManager] Browser Action [navigateToURL] successfully performed. With the following test data [https://duckduckgo.com]. @28-04-2021 12:13:42.0724 P

################################################################################################################################################
Starting Execution:	[120 out of 137] test cases in the current suite
Test Method:		[unitTests.tests_browserActions.getWindowHandle]
################################################################################################################################################
[ReportManager] Browser Action [getWindowHandle] successfully performed. With the following test data [CDwindow-DBB564209FB0E245062402A7ECE0DB2B]. @28-04-2021 12:13:42.0768 P
[ReportManager] Target URL: [https://duckduckgo.com] @28-04-2021 12:13:42.0771 PM
[ReportManager] Initial URL: [https://duckduckgo.com] @28-04-2021 12:13:42.0831 PM
[ReportManager] Browser Action [navigateToURL] successfully performed. With the following test data [https://duckduckgo.com]. @28-04-2021 12:13:43.0139 PM
[ReportManager] Successfully created attachment [Selenium WebDriver Logs - server] @28-04-2021 12:13:43.0185 PM
[ReportManager] Successfully created attachment [Selenium WebDriver Logs - performance] @28-04-2021 12:13:43.0284 PM
[ReportManager] Successfully created attachment [Selenium WebDriver Logs - driver] @28-04-2021 12:13:43.0418 PM
[ReportManager] Browser Action [closeCurrentWindow] successfully performed. @28-04-2021 12:13:43.0474 PM
[ReportManager] Successfully created attachment [Browser Action Test Data - closeCurrentWindow - Actual Value] @28-04-2021 12:13:43.0475 P
[ReportManager] File Action [getAbsolutePath] successfully performed. With the following test data [Relative Folder Path: "target/downloadedFiles/"]. @28-04-2021 12:13:43.0476 PM
[ReportManager] Attempting to run remotely on: [Linux-64], [GoogleChrome], [http://localhost:4444/wd/hub], Headless Execution. @28-04-2021 12:13:43.0477 PM
[ReportManager] Successfully Opened [GoogleChrome]. @28-04-2021 12:13:43.0689 PM
[ReportManager] Target URL: [https://duckduckgo.com] @28-04-2021 12:13:43.0698 PM
[ReportManager] Initial URL: [data:,] @28-04-2021 12:13:43.0731 PM
[ReportManager] Browser Action [navigateToURL] successfully performed. With the following test data [https://duckduckgo.com]. @28-04-2021 12:13:44.0196 P

################################################################################################################################################
Starting Execution:	[121 out of 137] test cases in the current suite
Test Method:		[unitTests.tests_browserActions.getWindowPosition]
################################################################################################################################################
[ReportManager] Browser Action [getWindowPosition] successfully performed. With the following test data [(0, 0)]. @28-04-2021 12:13:44.0229 P
[ReportManager] Target URL: [https://duckduckgo.com] @28-04-2021 12:13:44.0232 PM
[ReportManager] Initial URL: [https://duckduckgo.com] @28-04-2021 12:13:44.0276 PM
[ReportManager] Browser Action [navigateToURL] successfully performed. With the following test data [https://duckduckgo.com]. @28-04-2021 12:13:44.0598 PM
[ReportManager] Successfully created attachment [Selenium WebDriver Logs - server] @28-04-2021 12:13:44.0651 PM
[ReportManager] Successfully created attachment [Selenium WebDriver Logs - performance] @28-04-2021 12:13:44.0750 PM
[ReportManager] Successfully created attachment [Selenium WebDriver Logs - driver] @28-04-2021 12:13:44.0889 PM
[ReportManager] Browser Action [closeCurrentWindow] successfully performed. @28-04-2021 12:13:44.0951 PM
[ReportManager] Successfully created attachment [Browser Action Test Data - closeCurrentWindow - Actual Value] @28-04-2021 12:13:44.0952 P
[ReportManager] File Action [getAbsolutePath] successfully performed. With the following test data [Relative Folder Path: "target/downloadedFiles/"]. @28-04-2021 12:13:44.0954 PM
[ReportManager] Attempting to run remotely on: [Linux-64], [GoogleChrome], [http://localhost:4444/wd/hub], Headless Execution. @28-04-2021 12:13:44.0954 PM
[ReportManager] Successfully Opened [GoogleChrome]. @28-04-2021 12:13:45.0141 PM
[ReportManager] Target URL: [https://duckduckgo.com] @28-04-2021 12:13:45.0150 PM
[ReportManager] Initial URL: [data:,] @28-04-2021 12:13:45.0190 PM
[ReportManager] Browser Action [navigateToURL] successfully performed. With the following test data [https://duckduckgo.com]. @28-04-2021 12:13:45.0663 P

################################################################################################################################################
Starting Execution:	[122 out of 137] test cases in the current suite
Test Method:		[unitTests.tests_browserActions.getWindowSize]
################################################################################################################################################
[ReportManager] Browser Action [getWindowSize] successfully performed. With the following test data [(800, 600)]. @28-04-2021 12:13:45.0695 P
[ReportManager] Target URL: [https://duckduckgo.com] @28-04-2021 12:13:45.0696 PM
[ReportManager] Initial URL: [https://duckduckgo.com] @28-04-2021 12:13:45.0740 PM
[ReportManager] Browser Action [navigateToURL] successfully performed. With the following test data [https://duckduckgo.com]. @28-04-2021 12:13:46.0046 PM
[ReportManager] Successfully created attachment [Selenium WebDriver Logs - server] @28-04-2021 12:13:46.0091 PM
[ReportManager] Successfully created attachment [Selenium WebDriver Logs - performance] @28-04-2021 12:13:46.0193 PM
[ReportManager] Successfully created attachment [Selenium WebDriver Logs - driver] @28-04-2021 12:13:46.0321 PM
[ReportManager] Browser Action [closeCurrentWindow] successfully performed. @28-04-2021 12:13:46.0377 PM
[ReportManager] Successfully created attachment [Browser Action Test Data - closeCurrentWindow - Actual Value] @28-04-2021 12:13:46.0377 P
[ReportManager] File Action [getAbsolutePath] successfully performed. With the following test data [Relative Folder Path: "target/downloadedFiles/"]. @28-04-2021 12:13:46.0380 PM
[ReportManager] Attempting to run remotely on: [Linux-64], [GoogleChrome], [http://localhost:4444/wd/hub], Headless Execution. @28-04-2021 12:13:46.0380 PM
[ReportManager] Successfully Opened [GoogleChrome]. @28-04-2021 12:13:46.0588 PM
[ReportManager] Target URL: [https://duckduckgo.com] @28-04-2021 12:13:46.0598 PM
[ReportManager] Initial URL: [data:,] @28-04-2021 12:13:46.0644 PM
[ReportManager] Browser Action [navigateToURL] successfully performed. With the following test data [https://duckduckgo.com]. @28-04-2021 12:13:47.0104 P

################################################################################################################################################
Starting Execution:	[123 out of 137] test cases in the current suite
Test Method:		[unitTests.tests_browserActions.maximizeWindow]
################################################################################################################################################
[ReportManager] Initial window size: (800, 600) @28-04-2021 12:13:47.0110 PM
[ReportManager] Window size after Toolkit: (1920, 1080) @28-04-2021 12:13:47.0333 PM
[ReportManager] Browser Action [maximizeWindow] successfully performed. With the following test data [New screen size is now: (1920, 1080)]. @28-04-2021 12:13:47.0335 P
[ReportManager] Target URL: [https://duckduckgo.com] @28-04-2021 12:13:47.0340 PM
[ReportManager] Initial URL: [https://duckduckgo.com] @28-04-2021 12:13:47.0402 PM
[ReportManager] Browser Action [navigateToURL] successfully performed. With the following test data [https://duckduckgo.com]. @28-04-2021 12:13:47.0722 PM
[ReportManager] Successfully created attachment [Selenium WebDriver Logs - server] @28-04-2021 12:13:47.0770 PM
[ReportManager] Successfully created attachment [Selenium WebDriver Logs - performance] @28-04-2021 12:13:47.0883 PM
[ReportManager] Successfully created attachment [Selenium WebDriver Logs - driver] @28-04-2021 12:13:48.0023 PM
[ReportManager] Browser Action [closeCurrentWindow] successfully performed. @28-04-2021 12:13:48.0079 PM
[ReportManager] Successfully created attachment [Browser Action Test Data - closeCurrentWindow - Actual Value] @28-04-2021 12:13:48.0079 P
[ReportManager] File Action [getAbsolutePath] successfully performed. With the following test data [Relative Folder Path: "target/downloadedFiles/"]. @28-04-2021 12:13:48.0083 PM
[ReportManager] Attempting to run remotely on: [Linux-64], [GoogleChrome], [http://localhost:4444/wd/hub], Headless Execution. @28-04-2021 12:13:48.0083 PM
[ReportManager] Successfully Opened [GoogleChrome]. @28-04-2021 12:13:48.0293 PM
[ReportManager] Target URL: [https://duckduckgo.com] @28-04-2021 12:13:48.0302 PM
[ReportManager] Initial URL: [data:,] @28-04-2021 12:13:48.0335 PM
[ReportManager] Browser Action [navigateToURL] successfully performed. With the following test data [https://duckduckgo.com]. @28-04-2021 12:13:48.0818 P

################################################################################################################################################
Starting Execution:	[124 out of 137] test cases in the current suite
Test Method:		[unitTests.tests_browserActions.navigateBack]
################################################################################################################################################
[ReportManager] Target URL: [https://www.google.com/ncr], and after redirection: [https://www.google.com] @28-04-2021 12:13:48.0823 PM
[ReportManager] Initial URL: [https://duckduckgo.com] @28-04-2021 12:13:48.0867 PM
[ReportManager] Browser Action [navigateToURL] successfully performed. With the following test data [https://www.google.com/ncr]. @28-04-2021 12:13:49.0588 PM
[ReportManager] Browser Action [navigateBack] successfully performed. With the following test data [https://duckduckgo.com/]. @28-04-2021 12:13:49.0906 PM
[ReportManager] Confirming that navigating back was successful... @28-04-2021 12:13:49.0906 PM
[ReportManager] Browser Action [getCurrentURL] successfully performed. With the following test data [https://duckduckgo.com/]. @28-04-2021 12:13:49.0931 PM
[ReportManager] AssertBrowserAttribute PASSED; Expected [Value Should be 'https://duckduckgo.com' for the 'CurrentUrl' attribute] and Actual [https://duckduckgo.com/]. Comparison Type [CONTAINS]. Validation Type [POSITIVE]. @28-04-2021 12:13:49.0932 P
[ReportManager] Target URL: [https://duckduckgo.com] @28-04-2021 12:13:49.0933 PM
[ReportManager] Initial URL: [https://duckduckgo.com] @28-04-2021 12:13:49.0980 PM
[ReportManager] Browser Action [navigateToURL] successfully performed. With the following test data [https://duckduckgo.com]. @28-04-2021 12:13:50.0274 PM
[ReportManager] Successfully created attachment [Selenium WebDriver Logs - server] @28-04-2021 12:13:50.0318 PM
[ReportManager] Successfully created attachment [Selenium WebDriver Logs - performance] @28-04-2021 12:13:50.0474 PM
[ReportManager] Successfully created attachment [Selenium WebDriver Logs - driver] @28-04-2021 12:13:50.0707 PM
[ReportManager] Browser Action [closeCurrentWindow] successfully performed. @28-04-2021 12:13:50.0775 PM
[ReportManager] Successfully created attachment [Browser Action Test Data - closeCurrentWindow - Actual Value] @28-04-2021 12:13:50.0776 P
[ReportManager] File Action [getAbsolutePath] successfully performed. With the following test data [Relative Folder Path: "target/downloadedFiles/"]. @28-04-2021 12:13:50.0779 PM
[ReportManager] Attempting to run remotely on: [Linux-64], [GoogleChrome], [http://localhost:4444/wd/hub], Headless Execution. @28-04-2021 12:13:50.0779 PM
[ReportManager] Successfully Opened [GoogleChrome]. @28-04-2021 12:13:50.0997 PM
[ReportManager] Target URL: [https://duckduckgo.com] @28-04-2021 12:13:51.0008 PM
[ReportManager] Initial URL: [data:,] @28-04-2021 12:13:51.0044 PM
[ReportManager] Browser Action [navigateToURL] successfully performed. With the following test data [https://duckduckgo.com]. @28-04-2021 12:13:51.0526 P

################################################################################################################################################
Starting Execution:	[125 out of 137] test cases in the current suite
Test Method:		[unitTests.tests_browserActions.navigateForward]
################################################################################################################################################
[ReportManager] Target URL: [https://www.google.com/ncr], and after redirection: [https://www.google.com] @28-04-2021 12:13:51.0528 PM
[ReportManager] Initial URL: [https://duckduckgo.com] @28-04-2021 12:13:51.0586 PM
[ReportManager] Browser Action [navigateToURL] successfully performed. With the following test data [https://www.google.com/ncr]. @28-04-2021 12:13:52.0413 PM
[ReportManager] Browser Action [navigateBack] successfully performed. With the following test data [https://duckduckgo.com/]. @28-04-2021 12:13:52.0738 PM
[ReportManager] Browser Action [navigateForward] successfully performed. With the following test data [https://www.google.com/]. @28-04-2021 12:13:53.0096 P
[ReportManager] Target URL: [https://duckduckgo.com] @28-04-2021 12:13:53.0099 PM
[ReportManager] Initial URL: [https://www.google.com] @28-04-2021 12:13:53.0168 PM
[ReportManager] Browser Action [navigateToURL] successfully performed. With the following test data [https://duckduckgo.com]. @28-04-2021 12:13:53.0591 PM
[ReportManager] Successfully created attachment [Selenium WebDriver Logs - server] @28-04-2021 12:13:53.0640 PM
[ReportManager] Successfully created attachment [Selenium WebDriver Logs - performance] @28-04-2021 12:13:53.0797 PM
[ReportManager] Successfully created attachment [Selenium WebDriver Logs - driver] @28-04-2021 12:13:54.0042 PM
[ReportManager] Browser Action [closeCurrentWindow] successfully performed. @28-04-2021 12:13:54.0098 PM
[ReportManager] Successfully created attachment [Browser Action Test Data - closeCurrentWindow - Actual Value] @28-04-2021 12:13:54.0098 P
[ReportManager] File Action [getAbsolutePath] successfully performed. With the following test data [Relative Folder Path: "target/downloadedFiles/"]. @28-04-2021 12:13:54.0100 PM
[ReportManager] Attempting to run remotely on: [Linux-64], [GoogleChrome], [http://localhost:4444/wd/hub], Headless Execution. @28-04-2021 12:13:54.0100 PM
[ReportManager] Successfully Opened [GoogleChrome]. @28-04-2021 12:13:54.0301 PM
[ReportManager] Target URL: [https://duckduckgo.com] @28-04-2021 12:13:54.0313 PM
[ReportManager] Initial URL: [data:,] @28-04-2021 12:13:54.0348 PM
[ReportManager] Browser Action [navigateToURL] successfully performed. With the following test data [https://duckduckgo.com]. @28-04-2021 12:13:54.0837 P

################################################################################################################################################
Starting Execution:	[126 out of 137] test cases in the current suite
Test Method:		[unitTests.tests_browserActions.navigateToURL]
################################################################################################################################################
[ReportManager] Target URL: [https://duckduckgo.com] @28-04-2021 12:13:54.0848 PM
[ReportManager] Initial URL: [https://duckduckgo.com] @28-04-2021 12:13:54.0894 PM
[ReportManager] Browser Action [navigateToURL] successfully performed. With the following test data [https://duckduckgo.com]. @28-04-2021 12:13:55.0194 P
[ReportManager] Target URL: [https://duckduckgo.com] @28-04-2021 12:13:55.0196 PM
[ReportManager] Initial URL: [https://duckduckgo.com] @28-04-2021 12:13:55.0241 PM
[ReportManager] Browser Action [navigateToURL] successfully performed. With the following test data [https://duckduckgo.com]. @28-04-2021 12:13:55.0519 PM
[ReportManager] Successfully created attachment [Selenium WebDriver Logs - server] @28-04-2021 12:13:55.0564 PM
[ReportManager] Successfully created attachment [Selenium WebDriver Logs - performance] @28-04-2021 12:13:55.0728 PM
[ReportManager] Successfully created attachment [Selenium WebDriver Logs - driver] @28-04-2021 12:13:55.0922 PM
[ReportManager] Browser Action [closeCurrentWindow] successfully performed. @28-04-2021 12:13:55.0978 PM
[ReportManager] Successfully created attachment [Browser Action Test Data - closeCurrentWindow - Actual Value] @28-04-2021 12:13:55.0978 P
[ReportManager] File Action [getAbsolutePath] successfully performed. With the following test data [Relative Folder Path: "target/downloadedFiles/"]. @28-04-2021 12:13:55.0982 PM
[ReportManager] Attempting to run remotely on: [Linux-64], [GoogleChrome], [http://localhost:4444/wd/hub], Headless Execution. @28-04-2021 12:13:55.0982 PM
[ReportManager] Successfully Opened [GoogleChrome]. @28-04-2021 12:13:56.0176 PM
[ReportManager] Target URL: [https://duckduckgo.com] @28-04-2021 12:13:56.0185 PM
[ReportManager] Initial URL: [data:,] @28-04-2021 12:13:56.0220 PM
[ReportManager] Browser Action [navigateToURL] successfully performed. With the following test data [https://duckduckgo.com]. @28-04-2021 12:13:56.0683 P

################################################################################################################################################
Starting Execution:	[127 out of 137] test cases in the current suite
Test Method:		[unitTests.tests_browserActions.navigateToURLWithRedirection]
################################################################################################################################################
[ReportManager] Target URL: [https://www.google.com/ncr], and after redirection: [https://www.google.com] @28-04-2021 12:13:56.0690 PM
[ReportManager] Initial URL: [https://duckduckgo.com] @28-04-2021 12:13:56.0735 PM
[ReportManager] Browser Action [navigateToURL] successfully performed. With the following test data [https://www.google.com/ncr]. @28-04-2021 12:13:57.0462 P
[ReportManager] Target URL: [https://duckduckgo.com] @28-04-2021 12:13:57.0464 PM
[ReportManager] Initial URL: [https://www.google.com] @28-04-2021 12:13:57.0545 PM
[ReportManager] Browser Action [navigateToURL] successfully performed. With the following test data [https://duckduckgo.com]. @28-04-2021 12:13:57.0979 PM
[ReportManager] Successfully created attachment [Selenium WebDriver Logs - server] @28-04-2021 12:13:58.0025 PM
[ReportManager] Successfully created attachment [Selenium WebDriver Logs - performance] @28-04-2021 12:13:58.0124 PM
[ReportManager] Successfully created attachment [Selenium WebDriver Logs - driver] @28-04-2021 12:13:58.0286 PM
[ReportManager] Browser Action [closeCurrentWindow] successfully performed. @28-04-2021 12:13:58.0341 PM
[ReportManager] Successfully created attachment [Browser Action Test Data - closeCurrentWindow - Actual Value] @28-04-2021 12:13:58.0342 P
[ReportManager] File Action [getAbsolutePath] successfully performed. With the following test data [Relative Folder Path: "target/downloadedFiles/"]. @28-04-2021 12:13:58.0344 PM
[ReportManager] Attempting to run remotely on: [Linux-64], [GoogleChrome], [http://localhost:4444/wd/hub], Headless Execution. @28-04-2021 12:13:58.0344 PM
[ReportManager] Successfully Opened [GoogleChrome]. @28-04-2021 12:13:58.0536 PM
[ReportManager] Target URL: [https://duckduckgo.com] @28-04-2021 12:13:58.0551 PM
[ReportManager] Initial URL: [data:,] @28-04-2021 12:13:58.0587 PM
[ReportManager] Browser Action [navigateToURL] successfully performed. With the following test data [https://duckduckgo.com]. @28-04-2021 12:13:59.0060 P

################################################################################################################################################
Starting Execution:	[128 out of 137] test cases in the current suite
Test Method:		[unitTests.tests_browserActions.refreshCurrentPage]
################################################################################################################################################
[ReportManager] Browser Action [refreshCurrentPage] successfully performed. @28-04-2021 12:13:59.0298 PM
[ReportManager] Successfully created attachment [Browser Action Test Data - refreshCurrentPage - Actual Value] @28-04-2021 12:13:59.0298 P
[ReportManager] Target URL: [https://duckduckgo.com] @28-04-2021 12:13:59.0303 PM
[ReportManager] Initial URL: [https://duckduckgo.com] @28-04-2021 12:13:59.0352 PM
[ReportManager] Browser Action [navigateToURL] successfully performed. With the following test data [https://duckduckgo.com]. @28-04-2021 12:13:59.0632 PM
[ReportManager] Successfully created attachment [Selenium WebDriver Logs - server] @28-04-2021 12:13:59.0677 PM
[ReportManager] Successfully created attachment [Selenium WebDriver Logs - performance] @28-04-2021 12:13:59.0836 PM
[ReportManager] Successfully created attachment [Selenium WebDriver Logs - driver] @28-04-2021 12:14:00.0016 PM
[ReportManager] Browser Action [closeCurrentWindow] successfully performed. @28-04-2021 12:14:00.0075 PM
[ReportManager] Successfully created attachment [Browser Action Test Data - closeCurrentWindow - Actual Value] @28-04-2021 12:14:00.0076 P
[ReportManager] File Action [getAbsolutePath] successfully performed. With the following test data [Relative Folder Path: "target/downloadedFiles/"]. @28-04-2021 12:14:00.0078 PM
[ReportManager] Attempting to run remotely on: [Linux-64], [GoogleChrome], [http://localhost:4444/wd/hub], Headless Execution. @28-04-2021 12:14:00.0078 PM
[ReportManager] Successfully Opened [GoogleChrome]. @28-04-2021 12:14:00.0267 PM
[ReportManager] Target URL: [https://duckduckgo.com] @28-04-2021 12:14:00.0276 PM
[ReportManager] Initial URL: [data:,] @28-04-2021 12:14:00.0311 PM
[ReportManager] Browser Action [navigateToURL] successfully performed. With the following test data [https://duckduckgo.com]. @28-04-2021 12:14:00.0769 P

################################################################################################################################################
Starting Execution:	[129 out of 137] test cases in the current suite
Test Method:		[unitTests.tests_browserActions.setWindowSize]
################################################################################################################################################
[ReportManager] Initial window size: (800, 600) @28-04-2021 12:14:00.0781 PM
[ReportManager] Window size after SWD: (1280, 720) @28-04-2021 12:14:00.0999 PM
[ReportManager] Browser Action [setWindowSize] successfully performed. With the following test data [New screen size is now: (1280, 720)]. @28-04-2021 12:14:00.0999 P
[ReportManager] Target URL: [https://duckduckgo.com] @28-04-2021 12:14:01.0002 PM
[ReportManager] Initial URL: [https://duckduckgo.com] @28-04-2021 12:14:01.0062 PM
[ReportManager] Browser Action [navigateToURL] successfully performed. With the following test data [https://duckduckgo.com]. @28-04-2021 12:14:01.0365 PM
[ReportManager] Successfully created attachment [Selenium WebDriver Logs - server] @28-04-2021 12:14:01.0414 PM
[ReportManager] Successfully created attachment [Selenium WebDriver Logs - performance] @28-04-2021 12:14:01.0514 PM
[ReportManager] Successfully created attachment [Selenium WebDriver Logs - driver] @28-04-2021 12:14:01.0643 PM
[ReportManager] Browser Action [closeCurrentWindow] successfully performed. @28-04-2021 12:14:01.0701 PM
[ReportManager] Successfully created attachment [Browser Action Test Data - closeCurrentWindow - Actual Value] @28-04-2021 12:14:01.0701 P
[ReportManager] File Action [getAbsolutePath] successfully performed. With the following test data [Relative Folder Path: "target/downloadedFiles/"]. @28-04-2021 12:14:01.0703 PM
[ReportManager] Attempting to run remotely on: [Linux-64], [GoogleChrome], [http://localhost:4444/wd/hub], Headless Execution. @28-04-2021 12:14:01.0703 PM
[ReportManager] Successfully Opened [GoogleChrome]. @28-04-2021 12:14:01.0908 P

################################################################################################################################################
Starting Execution:	[130 out of 137] test cases in the current suite
Test Method:		[unitTests.tests_element_elementActions.waitForElementToBePresent_false_expectedToFail]
################################################################################################################################################
[ReportManager] Target URL: [https://www.google.com/ncr], and after redirection: [www.google.com] @28-04-2021 12:14:01.0920 PM
[ReportManager] Initial URL: [data:,] @28-04-2021 12:14:01.0957 PM
[ReportManager] Browser Action [navigateToURL] successfully performed. With the following test data [https://www.google.com/ncr]. @28-04-2021 12:14:02.0676 PM
[ReportManager] Waiting for element to be present; elementLocator [By.xpath: //img[@id='hplogo' or @alt='Google']], numberOfTries[1], stateOfPresence[false]... @28-04-2021 12:14:02.0681 PM
[ReportManager] Element Action [waitForElementToBePresent] failed. With the following test data [waited for the element's state of presence to be (false). Element locator (By.xpath: //img[@id='hplogo' or @alt='Google'])]. @28-04-2021 12:14:02.0848 PM
[ReportManager] Successfully created attachment [Screenshot - 1619612042791_waitForElementToBePresent_false_expectedToFail_waitForElementToBePresent_failed] @28-04-2021 12:14:02.0848 P
[ReportManager] Successfully created attachment [Selenium WebDriver Logs - server] @28-04-2021 12:14:02.0916 PM
[ReportManager] Successfully created attachment [Selenium WebDriver Logs - performance] @28-04-2021 12:14:02.0944 PM
[ReportManager] Successfully created attachment [Selenium WebDriver Logs - driver] @28-04-2021 12:14:03.0004 PM
[ReportManager] Browser Action [closeCurrentWindow] successfully performed. @28-04-2021 12:14:03.0060 PM
[ReportManager] Successfully created attachment [Browser Action Test Data - closeCurrentWindow - Actual Value] @28-04-2021 12:14:03.0060 P
[ReportManager] File Action [getAbsolutePath] successfully performed. With the following test data [Relative Folder Path: "target/downloadedFiles/"]. @28-04-2021 12:14:03.0063 PM
[ReportManager] Attempting to run remotely on: [Linux-64], [GoogleChrome], [http://localhost:4444/wd/hub], Headless Execution. @28-04-2021 12:14:03.0063 PM
[ReportManager] Successfully Opened [GoogleChrome]. @28-04-2021 12:14:03.0267 P

################################################################################################################################################
Starting Execution:	[131 out of 137] test cases in the current suite
Test Method:		[unitTests.tests_element_elementActions.waitForElementToBePresent_false_expectedToPass]
################################################################################################################################################
[ReportManager] Target URL: [https://www.google.com/ncr], and after redirection: [www.google.com] @28-04-2021 12:14:03.0280 PM
[ReportManager] Initial URL: [data:,] @28-04-2021 12:14:03.0319 PM
[ReportManager] Browser Action [navigateToURL] successfully performed. With the following test data [https://www.google.com/ncr]. @28-04-2021 12:14:04.0044 PM
[ReportManager] Waiting for element to be present; elementLocator [By.id: bla], numberOfTries[1], stateOfPresence[false]... @28-04-2021 12:14:04.0045 PM
[ReportManager] Element Action [waitForElementToBePresent] successfully performed. With the following test data [waited for the element's state of presence to be (false). Element locator (By.id: bla)]. @28-04-2021 12:14:09.0145 P
[ReportManager] Successfully created attachment [Selenium WebDriver Logs - server] @28-04-2021 12:14:09.0208 PM
[ReportManager] Successfully created attachment [Selenium WebDriver Logs - performance] @28-04-2021 12:14:09.0238 PM
[ReportManager] Successfully created attachment [Selenium WebDriver Logs - driver] @28-04-2021 12:14:09.0301 PM
[ReportManager] Browser Action [closeCurrentWindow] successfully performed. @28-04-2021 12:14:09.0356 PM
[ReportManager] Successfully created attachment [Browser Action Test Data - closeCurrentWindow - Actual Value] @28-04-2021 12:14:09.0357 P
[ReportManager] File Action [getAbsolutePath] successfully performed. With the following test data [Relative Folder Path: "target/downloadedFiles/"]. @28-04-2021 12:14:09.0359 PM
[ReportManager] Attempting to run remotely on: [Linux-64], [GoogleChrome], [http://localhost:4444/wd/hub], Headless Execution. @28-04-2021 12:14:09.0360 PM
[ReportManager] Successfully Opened [GoogleChrome]. @28-04-2021 12:14:09.0570 P

################################################################################################################################################
Starting Execution:	[132 out of 137] test cases in the current suite
Test Method:		[unitTests.tests_element_elementActions.waitForElementToBePresent_moreThanOneElement_expectedToFail]
################################################################################################################################################
[ReportManager] Target URL: [https://www.google.com/ncr], and after redirection: [www.google.com] @28-04-2021 12:14:09.0587 PM
[ReportManager] Initial URL: [data:,] @28-04-2021 12:14:09.0620 PM
[ReportManager] Browser Action [navigateToURL] successfully performed. With the following test data [https://www.google.com/ncr]. @28-04-2021 12:14:10.0378 PM
[ReportManager] Waiting for element to be present; elementLocator [By.xpath: //*], numberOfTries[1], stateOfPresence[false]... @28-04-2021 12:14:10.0378 PM
[ReportManager] Element Action [waitForElementToBePresent] failed. With the following test data [waited for the element's state of presence to be (false). Element locator (By.xpath: //*)]. @28-04-2021 12:14:10.0568 PM
[ReportManager] Successfully created attachment [Screenshot - 1619612050510_waitForElementToBePresent_moreThanOneElement_expectedToFail_waitForElementToBePresent_failed] @28-04-2021 12:14:10.0568 P
[ReportManager] Successfully created attachment [Selenium WebDriver Logs - server] @28-04-2021 12:14:10.0642 PM
[ReportManager] Successfully created attachment [Selenium WebDriver Logs - performance] @28-04-2021 12:14:10.0676 PM
[ReportManager] Successfully created attachment [Selenium WebDriver Logs - driver] @28-04-2021 12:14:10.0738 PM
[ReportManager] Browser Action [closeCurrentWindow] successfully performed. @28-04-2021 12:14:10.0793 PM
[ReportManager] Successfully created attachment [Browser Action Test Data - closeCurrentWindow - Actual Value] @28-04-2021 12:14:10.0794 P
[ReportManager] File Action [getAbsolutePath] successfully performed. With the following test data [Relative Folder Path: "target/downloadedFiles/"]. @28-04-2021 12:14:10.0797 PM
[ReportManager] Attempting to run remotely on: [Linux-64], [GoogleChrome], [http://localhost:4444/wd/hub], Headless Execution. @28-04-2021 12:14:10.0798 PM
[ReportManager] Successfully Opened [GoogleChrome]. @28-04-2021 12:14:11.0003 P

################################################################################################################################################
Starting Execution:	[133 out of 137] test cases in the current suite
Test Method:		[unitTests.tests_element_elementActions.waitForElementToBePresent_true_expectedToFail]
################################################################################################################################################
[ReportManager] Target URL: [https://www.google.com/ncr], and after redirection: [www.google.com] @28-04-2021 12:14:11.0014 PM
[ReportManager] Initial URL: [data:,] @28-04-2021 12:14:11.0047 PM
[ReportManager] Browser Action [navigateToURL] successfully performed. With the following test data [https://www.google.com/ncr]. @28-04-2021 12:14:11.0791 PM
[ReportManager] Waiting for element to be present; elementLocator [By.id: bla], numberOfTries[1], stateOfPresence[true]... @28-04-2021 12:14:11.0791 PM
[ReportManager] Element Action [waitForElementToBePresent] failed. With the following test data [waited for the element's state of presence to be (true). Element locator (By.id: bla)]. @28-04-2021 12:14:17.0012 PM
[ReportManager] Successfully created attachment [Screenshot - 1619612056957_waitForElementToBePresent_true_expectedToFail_waitForElementToBePresent_failed] @28-04-2021 12:14:17.0013 P
[ReportManager] Successfully created attachment [Selenium WebDriver Logs - server] @28-04-2021 12:14:17.0089 PM
[ReportManager] Successfully created attachment [Selenium WebDriver Logs - performance] @28-04-2021 12:14:17.0118 PM
[ReportManager] Successfully created attachment [Selenium WebDriver Logs - driver] @28-04-2021 12:14:17.0182 PM
[ReportManager] Browser Action [closeCurrentWindow] successfully performed. @28-04-2021 12:14:17.0237 PM
[ReportManager] Successfully created attachment [Browser Action Test Data - closeCurrentWindow - Actual Value] @28-04-2021 12:14:17.0238 P
[ReportManager] File Action [getAbsolutePath] successfully performed. With the following test data [Relative Folder Path: "target/downloadedFiles/"]. @28-04-2021 12:14:17.0241 PM
[ReportManager] Attempting to run remotely on: [Linux-64], [GoogleChrome], [http://localhost:4444/wd/hub], Headless Execution. @28-04-2021 12:14:17.0241 PM
[ReportManager] Successfully Opened [GoogleChrome]. @28-04-2021 12:14:17.0439 P

################################################################################################################################################
Starting Execution:	[134 out of 137] test cases in the current suite
Test Method:		[unitTests.tests_element_elementActions.waitForElementToBePresent_true_expectedToPass]
################################################################################################################################################
[ReportManager] Target URL: [https://www.google.com/ncr], and after redirection: [www.google.com] @28-04-2021 12:14:17.0456 PM
[ReportManager] Initial URL: [data:,] @28-04-2021 12:14:17.0489 PM
[ReportManager] Browser Action [navigateToURL] successfully performed. With the following test data [https://www.google.com/ncr]. @28-04-2021 12:14:18.0201 PM
[ReportManager] Waiting for element to be present; elementLocator [By.xpath: //img[@id='hplogo' or @alt='Google']], numberOfTries[1], stateOfPresence[true]... @28-04-2021 12:14:18.0201 PM
[ReportManager] Element Action [waitForElementToBePresent] successfully performed. With the following test data [waited for the element's state of presence to be (true). Element locator (By.xpath: //img[@id='hplogo' or @alt='Google'])]. @28-04-2021 12:14:18.0246 PM
[ReportManager] Using Visual AI; OpenCV... @28-04-2021 12:14:18.0248 PM
[ReportManager] File Action [doesFileExist] successfully performed. With the following test data [File Path: "src/test/resources/DynamicObjectRepository/unitTests_tests_element_elementActions_waitForElementToBePresent_true_expectedToPass_By_xpath_img_id_hplogo_or_alt_Google.png"]. @28-04-2021 12:14:18.0249 PM
[ReportManager] File Action [doesFileExist] successfully performed. With the following test data [File Path: "src/test/resources/DynamicObjectRepository/unitTests_tests_element_elementActions_waitForElementToBePresent_true_expectedToPass_By_xpath_img_id_hplogo_or_alt_Google.png"]. @28-04-2021 12:14:18.0396 PM
[ReportManager] Passing the test and saving a reference image @28-04-2021 12:14:18.0396 PM
[ReportManager] File Action [getAbsolutePath] successfully performed. With the following test data [Relative File Path: "src/test/resources/DynamicObjectRepository/unitTests_tests_element_elementActions_waitForElementToBePresent_true_expectedToPass_By_xpath_img_id_hplogo_or_alt_Google.png"]. @28-04-2021 12:14:18.0396 PM
[ReportManager] File Action [writeToFile] successfully performed. With the following test data [Target File Path: "/home/runner/work/SHAFT_ENGINE/SHAFT_ENGINE/src/test/resources/DynamicObjectRepository/unitTests_tests_element_elementActions_waitForElementToBePresent_true_expectedToPass_By_xpath_img_id_hplogo_or_alt_Google.png"]. @28-04-2021 12:14:18.0399 PM
[ReportManager] AssertElementMatches PASSED; Expected [Element should match the reference screenshot] and Actual [TRUE]. Comparison Type [EXACT_OPENCV]. Validation Type [POSITIVE]. @28-04-2021 12:14:18.0399 PM
[ReportManager] Successfully created attachment [Validation Test Data - Actual Screenshot] @28-04-2021 12:14:18.0400 P
[ReportManager] Successfully created attachment [Selenium WebDriver Logs - server] @28-04-2021 12:14:18.0508 PM
[ReportManager] Successfully created attachment [Selenium WebDriver Logs - performance] @28-04-2021 12:14:18.0538 PM
[ReportManager] Successfully created attachment [Selenium WebDriver Logs - driver] @28-04-2021 12:14:18.0608 PM
[ReportManager] Browser Action [closeCurrentWindow] successfully performed. @28-04-2021 12:14:18.0663 PM
[ReportManager] Successfully created attachment [Browser Action Test Data - closeCurrentWindow - Actual Value] @28-04-2021 12:14:18.0664 P

################################################################################################################################################
Starting Execution:	[135 out of 137] test cases in the current suite
Test Method:		[unitTests.tests_restActions.getPostsAndAssertBodyForSpecificTitle]
################################################################################################################################################
[ReportManager] Response status code: [200], status line: [HTTP/1.1 200 OK] @28-04-2021 12:14:19.0664 PM
[ReportManager] Evaluating the actual response status code against the expected one...... @28-04-2021 12:14:19.0664 PM
[ReportManager] AssertEquals PASSED; Expected [200] and Actual [200]. Comparison Type [EQUALS]. Validation Type [POSITIVE]. @28-04-2021 12:14:19.0664 PM
[ReportManager] API Action [performRequest] successfully performed. With the following test data [Request Type: "GET" | Target Status Code: "200" | Service URL: "https://jsonplaceholder.typicode.com/posts" | Content Type: "*/*" | Response Time: "678ms"]. @28-04-2021 12:14:19.0815 PM
[ReportManager] Successfully created attachment [API Response - JSON Body] @28-04-2021 12:14:19.0816 PM
[ReportManager] API Action [getResponseJSONValueAsList] successfully performed. @28-04-2021 12:14:19.0832 PM
[ReportManager] API Action [getResponseJSONValue] successfully performed. With the following test data [title]. @28-04-2021 12:14:19.0843 PM
[ReportManager] API Action [getResponseJSONValue] successfully performed. With the following test data [title]. @28-04-2021 12:14:19.0851 PM
[ReportManager] API Action [getResponseJSONValue] successfully performed. With the following test data [body]. @28-04-2021 12:14:19.0858 PM
[ReportManager] AssertEquals PASSED; Expected [qui neque nisi nulla] and Actual [est rerum tempore vitae
sequi sint nihil reprehenderit dolor beatae ea dolores neque
fugiat blanditiis voluptate porro vel nihil molestiae ut reiciendis
qui aperiam non debitis possimus qui neque nisi nulla]. Comparison Type [CONTAINS]. Validation Type [POSITIVE]. @28-04-2021 12:14:19.0859 PM
[ReportManager] API Action [getResponseJSONValue] successfully performed. With the following test data [title]. @28-04-2021 12:14:19.0866 PM
[ReportManager] API Action [getResponseJSONValue] successfully performed. With the following test data [title]. @28-04-2021 12:14:19.0872 PM
[ReportManager] API Action [getResponseJSONValue] successfully performed. With the following test data [title]. @28-04-2021 12:14:19.0879 PM
[ReportManager] API Action [getResponseJSONValue] successfully performed. With the following test data [title]. @28-04-2021 12:14:19.0886 PM
[ReportManager] API Action [getResponseJSONValue] successfully performed. With the following test data [title]. @28-04-2021 12:14:19.0893 PM
[ReportManager] API Action [getResponseJSONValue] successfully performed. With the following test data [title]. @28-04-2021 12:14:19.0900 PM
[ReportManager] API Action [getResponseJSONValue] successfully performed. With the following test data [title]. @28-04-2021 12:14:19.0906 PM
[ReportManager] API Action [getResponseJSONValue] successfully performed. With the following test data [title]. @28-04-2021 12:14:19.0913 PM
[ReportManager] API Action [getResponseJSONValue] successfully performed. With the following test data [title]. @28-04-2021 12:14:19.0920 PM
[ReportManager] API Action [getResponseJSONValue] successfully performed. With the following test data [title]. @28-04-2021 12:14:19.0927 PM
[ReportManager] API Action [getResponseJSONValue] successfully performed. With the following test data [title]. @28-04-2021 12:14:19.0935 PM
[ReportManager] API Action [getResponseJSONValue] successfully performed. With the following test data [title]. @28-04-2021 12:14:19.0941 PM
[ReportManager] API Action [getResponseJSONValue] successfully performed. With the following test data [title]. @28-04-2021 12:14:19.0948 PM
[ReportManager] API Action [getResponseJSONValue] successfully performed. With the following test data [title]. @28-04-2021 12:14:19.0954 PM
[ReportManager] API Action [getResponseJSONValue] successfully performed. With the following test data [title]. @28-04-2021 12:14:19.0961 PM
[ReportManager] API Action [getResponseJSONValue] successfully performed. With the following test data [title]. @28-04-2021 12:14:19.0967 PM
[ReportManager] API Action [getResponseJSONValue] successfully performed. With the following test data [title]. @28-04-2021 12:14:19.0974 PM
[ReportManager] API Action [getResponseJSONValue] successfully performed. With the following test data [title]. @28-04-2021 12:14:19.0980 PM
[ReportManager] API Action [getResponseJSONValue] successfully performed. With the following test data [title]. @28-04-2021 12:14:19.0987 PM
[ReportManager] API Action [getResponseJSONValue] successfully performed. With the following test data [title]. @28-04-2021 12:14:19.0993 PM
[ReportManager] API Action [getResponseJSONValue] successfully performed. With the following test data [title]. @28-04-2021 12:14:19.0999 PM
[ReportManager] API Action [getResponseJSONValue] successfully performed. With the following test data [title]. @28-04-2021 12:14:20.0005 PM
[ReportManager] API Action [getResponseJSONValue] successfully performed. With the following test data [title]. @28-04-2021 12:14:20.0011 PM
[ReportManager] API Action [getResponseJSONValue] successfully performed. With the following test data [title]. @28-04-2021 12:14:20.0018 PM
[ReportManager] API Action [getResponseJSONValue] successfully performed. With the following test data [title]. @28-04-2021 12:14:20.0024 PM
[ReportManager] API Action [getResponseJSONValue] successfully performed. With the following test data [title]. @28-04-2021 12:14:20.0030 PM
[ReportManager] API Action [getResponseJSONValue] successfully performed. With the following test data [title]. @28-04-2021 12:14:20.0037 PM
[ReportManager] API Action [getResponseJSONValue] successfully performed. With the following test data [title]. @28-04-2021 12:14:20.0043 PM
[ReportManager] API Action [getResponseJSONValue] successfully performed. With the following test data [title]. @28-04-2021 12:14:20.0049 PM
[ReportManager] API Action [getResponseJSONValue] successfully performed. With the following test data [title]. @28-04-2021 12:14:20.0055 PM
[ReportManager] API Action [getResponseJSONValue] successfully performed. With the following test data [title]. @28-04-2021 12:14:20.0061 PM
[ReportManager] API Action [getResponseJSONValue] successfully performed. With the following test data [title]. @28-04-2021 12:14:20.0066 PM
[ReportManager] API Action [getResponseJSONValue] successfully performed. With the following test data [title]. @28-04-2021 12:14:20.0072 PM
[ReportManager] API Action [getResponseJSONValue] successfully performed. With the following test data [title]. @28-04-2021 12:14:20.0078 PM
[ReportManager] API Action [getResponseJSONValue] successfully performed. With the following test data [title]. @28-04-2021 12:14:20.0084 PM
[ReportManager] API Action [getResponseJSONValue] successfully performed. With the following test data [title]. @28-04-2021 12:14:20.0094 PM
[ReportManager] API Action [getResponseJSONValue] successfully performed. With the following test data [title]. @28-04-2021 12:14:20.0103 PM
[ReportManager] API Action [getResponseJSONValue] successfully performed. With the following test data [title]. @28-04-2021 12:14:20.0120 PM
[ReportManager] API Action [getResponseJSONValue] successfully performed. With the following test data [title]. @28-04-2021 12:14:20.0126 PM
[ReportManager] API Action [getResponseJSONValue] successfully performed. With the following test data [title]. @28-04-2021 12:14:20.0134 PM
[ReportManager] API Action [getResponseJSONValue] successfully performed. With the following test data [title]. @28-04-2021 12:14:20.0141 PM
[ReportManager] API Action [getResponseJSONValue] successfully performed. With the following test data [title]. @28-04-2021 12:14:20.0150 PM
[ReportManager] API Action [getResponseJSONValue] successfully performed. With the following test data [title]. @28-04-2021 12:14:20.0163 PM
[ReportManager] API Action [getResponseJSONValue] successfully performed. With the following test data [title]. @28-04-2021 12:14:20.0171 PM
[ReportManager] API Action [getResponseJSONValue] successfully performed. With the following test data [title]. @28-04-2021 12:14:20.0180 PM
[ReportManager] API Action [getResponseJSONValue] successfully performed. With the following test data [title]. @28-04-2021 12:14:20.0192 PM
[ReportManager] API Action [getResponseJSONValue] successfully performed. With the following test data [title]. @28-04-2021 12:14:20.0203 PM
[ReportManager] API Action [getResponseJSONValue] successfully performed. With the following test data [title]. @28-04-2021 12:14:20.0209 PM
[ReportManager] API Action [getResponseJSONValue] successfully performed. With the following test data [title]. @28-04-2021 12:14:20.0219 PM
[ReportManager] API Action [getResponseJSONValue] successfully performed. With the following test data [title]. @28-04-2021 12:14:20.0229 PM
[ReportManager] API Action [getResponseJSONValue] successfully performed. With the following test data [title]. @28-04-2021 12:14:20.0237 PM
[ReportManager] API Action [getResponseJSONValue] successfully performed. With the following test data [title]. @28-04-2021 12:14:20.0248 PM
[ReportManager] API Action [getResponseJSONValue] successfully performed. With the following test data [title]. @28-04-2021 12:14:20.0254 PM
[ReportManager] API Action [getResponseJSONValue] successfully performed. With the following test data [title]. @28-04-2021 12:14:20.0260 PM
[ReportManager] API Action [getResponseJSONValue] successfully performed. With the following test data [title]. @28-04-2021 12:14:20.0266 PM
[ReportManager] API Action [getResponseJSONValue] successfully performed. With the following test data [title]. @28-04-2021 12:14:20.0271 PM
[ReportManager] API Action [getResponseJSONValue] successfully performed. With the following test data [title]. @28-04-2021 12:14:20.0277 PM
[ReportManager] API Action [getResponseJSONValue] successfully performed. With the following test data [title]. @28-04-2021 12:14:20.0283 PM
[ReportManager] API Action [getResponseJSONValue] successfully performed. With the following test data [title]. @28-04-2021 12:14:20.0303 PM
[ReportManager] API Action [getResponseJSONValue] successfully performed. With the following test data [title]. @28-04-2021 12:14:20.0309 PM
[ReportManager] API Action [getResponseJSONValue] successfully performed. With the following test data [title]. @28-04-2021 12:14:20.0315 PM
[ReportManager] API Action [getResponseJSONValue] successfully performed. With the following test data [title]. @28-04-2021 12:14:20.0321 PM
[ReportManager] API Action [getResponseJSONValue] successfully performed. With the following test data [title]. @28-04-2021 12:14:20.0326 PM
[ReportManager] API Action [getResponseJSONValue] successfully performed. With the following test data [title]. @28-04-2021 12:14:20.0332 PM
[ReportManager] API Action [getResponseJSONValue] successfully performed. With the following test data [title]. @28-04-2021 12:14:20.0337 PM
[ReportManager] API Action [getResponseJSONValue] successfully performed. With the following test data [title]. @28-04-2021 12:14:20.0343 PM
[ReportManager] API Action [getResponseJSONValue] successfully performed. With the following test data [title]. @28-04-2021 12:14:20.0348 PM
[ReportManager] API Action [getResponseJSONValue] successfully performed. With the following test data [title]. @28-04-2021 12:14:20.0354 PM
[ReportManager] API Action [getResponseJSONValue] successfully performed. With the following test data [title]. @28-04-2021 12:14:20.0359 PM
[ReportManager] API Action [getResponseJSONValue] successfully performed. With the following test data [title]. @28-04-2021 12:14:20.0364 PM
[ReportManager] API Action [getResponseJSONValue] successfully performed. With the following test data [title]. @28-04-2021 12:14:20.0370 PM
[ReportManager] API Action [getResponseJSONValue] successfully performed. With the following test data [title]. @28-04-2021 12:14:20.0375 PM
[ReportManager] API Action [getResponseJSONValue] successfully performed. With the following test data [title]. @28-04-2021 12:14:20.0381 PM
[ReportManager] API Action [getResponseJSONValue] successfully performed. With the following test data [title]. @28-04-2021 12:14:20.0386 PM
[ReportManager] API Action [getResponseJSONValue] successfully performed. With the following test data [title]. @28-04-2021 12:14:20.0392 PM
[ReportManager] API Action [getResponseJSONValue] successfully performed. With the following test data [title]. @28-04-2021 12:14:20.0397 PM
[ReportManager] API Action [getResponseJSONValue] successfully performed. With the following test data [title]. @28-04-2021 12:14:20.0402 PM
[ReportManager] API Action [getResponseJSONValue] successfully performed. With the following test data [title]. @28-04-2021 12:14:20.0408 PM
[ReportManager] API Action [getResponseJSONValue] successfully performed. With the following test data [title]. @28-04-2021 12:14:20.0413 PM
[ReportManager] API Action [getResponseJSONValue] successfully performed. With the following test data [title]. @28-04-2021 12:14:20.0419 PM
[ReportManager] API Action [getResponseJSONValue] successfully performed. With the following test data [title]. @28-04-2021 12:14:20.0424 PM
[ReportManager] API Action [getResponseJSONValue] successfully performed. With the following test data [title]. @28-04-2021 12:14:20.0430 PM
[ReportManager] API Action [getResponseJSONValue] successfully performed. With the following test data [title]. @28-04-2021 12:14:20.0435 PM
[ReportManager] API Action [getResponseJSONValue] successfully performed. With the following test data [title]. @28-04-2021 12:14:20.0441 PM
[ReportManager] API Action [getResponseJSONValue] successfully performed. With the following test data [title]. @28-04-2021 12:14:20.0446 PM
[ReportManager] API Action [getResponseJSONValue] successfully performed. With the following test data [title]. @28-04-2021 12:14:20.0451 PM
[ReportManager] API Action [getResponseJSONValue] successfully performed. With the following test data [title]. @28-04-2021 12:14:20.0467 PM
[ReportManager] API Action [getResponseJSONValue] successfully performed. With the following test data [title]. @28-04-2021 12:14:20.0472 PM
[ReportManager] API Action [getResponseJSONValue] successfully performed. With the following test data [title]. @28-04-2021 12:14:20.0477 PM
[ReportManager] API Action [getResponseJSONValue] successfully performed. With the following test data [title]. @28-04-2021 12:14:20.0483 PM
[ReportManager] API Action [getResponseJSONValue] successfully performed. With the following test data [title]. @28-04-2021 12:14:20.0488 PM
[ReportManager] API Action [getResponseJSONValue] successfully performed. With the following test data [title]. @28-04-2021 12:14:20.0493 PM
[ReportManager] API Action [getResponseJSONValue] successfully performed. With the following test data [title]. @28-04-2021 12:14:20.0499 PM
[ReportManager] API Action [getResponseJSONValue] successfully performed. With the following test data [title]. @28-04-2021 12:14:20.0504 PM
[ReportManager] API Action [getResponseJSONValue] successfully performed. With the following test data [title]. @28-04-2021 12:14:20.0509 PM
[ReportManager] API Action [getResponseJSONValue] successfully performed. With the following test data [title]. @28-04-2021 12:14:20.0514 PM
[ReportManager] API Action [getResponseJSONValue] successfully performed. With the following test data [title]. @28-04-2021 12:14:20.0520 PM
[ReportManager] API Action [getResponseJSONValue] successfully performed. With the following test data [title]. @28-04-2021 12:14:20.0526 P

################################################################################################################################################
Starting Execution:	[136 out of 137] test cases in the current suite
Test Method:		[unitTests.tests_restActions.validateUserEmail]
################################################################################################################################################
[ReportManager] Response status code: [200], status line: [HTTP/1.1 200 OK] @28-04-2021 12:14:20.0651 PM
[ReportManager] Evaluating the actual response status code against the expected one...... @28-04-2021 12:14:20.0651 PM
[ReportManager] AssertEquals PASSED; Expected [200] and Actual [200]. Comparison Type [EQUALS]. Validation Type [POSITIVE]. @28-04-2021 12:14:20.0651 PM
[ReportManager] API Action [performRequest] successfully performed. With the following test data [Request Type: "GET" | Target Status Code: "200" | Service URL: "https://jsonplaceholder.typicode.com/users" | Content Type: "*/*" | Response Time: "111ms"]. @28-04-2021 12:14:20.0664 PM
[ReportManager] Successfully created attachment [API Response - JSON Body] @28-04-2021 12:14:20.0665 PM
[ReportManager] AssertEquals PASSED; Expected and Actual values are attached. Comparison Type [CONTAINS]. Validation Type [POSITIVE]. @28-04-2021 12:14:20.0665 PM
[ReportManager] Successfully created attachment [Validation Test Data - Expected Value] @28-04-2021 12:14:20.0665 PM
[ReportManager] Successfully created attachment [Validation Test Data - Actual Value] @28-04-2021 12:14:20.0665 PM
[ReportManager] API Action [getResponseJSONValueAsList] successfully performed. With the following test data [$]. @28-04-2021 12:14:20.0668 PM
[ReportManager] API Action [getResponseJSONValue] successfully performed. With the following test data [name]. @28-04-2021 12:14:20.0675 PM
[ReportManager] API Action [getResponseJSONValue] successfully performed. With the following test data [email]. @28-04-2021 12:14:20.0681 PM
[ReportManager] AssertEquals PASSED; Expected [Sincere@april.biz] and Actual [Sincere@april.biz]. Comparison Type [EQUALS]. Validation Type [POSITIVE]. @28-04-2021 12:14:20.0681 PM
[ReportManager] API Action [getResponseJSONValue] successfully performed. With the following test data [name]. @28-04-2021 12:14:20.0686 PM
[ReportManager] API Action [getResponseJSONValue] successfully performed. With the following test data [name]. @28-04-2021 12:14:20.0692 PM
[ReportManager] API Action [getResponseJSONValue] successfully performed. With the following test data [name]. @28-04-2021 12:14:20.0697 PM
[ReportManager] API Action [getResponseJSONValue] successfully performed. With the following test data [name]. @28-04-2021 12:14:20.0702 PM
[ReportManager] API Action [getResponseJSONValue] successfully performed. With the following test data [name]. @28-04-2021 12:14:20.0708 PM
[ReportManager] API Action [getResponseJSONValue] successfully performed. With the following test data [name]. @28-04-2021 12:14:20.0713 PM
[ReportManager] API Action [getResponseJSONValue] successfully performed. With the following test data [name]. @28-04-2021 12:14:20.0718 PM
[ReportManager] API Action [getResponseJSONValue] successfully performed. With the following test data [name]. @28-04-2021 12:14:20.0724 PM
[ReportManager] API Action [getResponseJSONValue] successfully performed. With the following test data [name]. @28-04-2021 12:14:20.0729 P
[ReportManager] Successfully loaded the following test data file [src/test/resources/TestDataFiles/testSuite01/TestData.xlsx]. @28-04-2021 12:14:20.0771 PM
[ReportManager] Successfully created attachment [Test Data - Excel] @28-04-2021 12:14:20.0771 P

################################################################################################################################################
Starting Execution:	[137 out of 137] test cases in the current suite
Test Method:		[unitTests.tests_io_excelFileManager.getCellData_rowName_expectedToPass]
################################################################################################################################################
[ReportManager] testRowData. @28-04-2021 12:14:20.0776 P

################################################################################################################################################
Test Closure Activities
################################################################################################################################################
[ReportManager] Successfully created attachment [SHAFT Engine Logs - Execution log] @28-04-2021 12:14:20.0795 PM

################################################################################################################################################
This test run was powered by SHAFT Engine Version: [SHAFT Engine v5.2.20210427]
SHAFT Engine is licensed under the MIT License: [https://github.com/MohabMohie/SHAFT_ENGINE/blob/master/LICENSE].
################################################################################################################################################