################################################################################################################################################
Detected SHAFT Engine Version: [SHAFT Engine v5.2.20210427]
################################################################################################################################################
[ReportManager] File Action [getAbsolutePath] successfully performed. With the following test data [Relative Folder Path: "target/downloadedFiles/"]. @05-05-2021 01:53:12.0127 AM
[ReportManager] Attempting to run remotely on: [Linux-64], [GoogleChrome], [http://localhost:4444/wd/hub], Headless Execution. @05-05-2021 01:53:12.0152 AM
[ReportManager] Successfully Opened [GoogleChrome]. @05-05-2021 01:53:13.0579 A

################################################################################################################################################
Starting Execution:	[1 out of 137] test cases in the current suite
Test Method:		[testPackage01.Test_assertEquals.test_assertElementAttribute]
################################################################################################################################################
[ReportManager] Target URL: [https://www.google.com/ncr], and after redirection: [https://www.google.com] @05-05-2021 01:53:13.0742 AM
[ReportManager] Initial URL: [data:,] @05-05-2021 01:53:13.0865 AM
[ReportManager] Browser Action [navigateToURL] successfully performed. With the following test data [https://www.google.com/ncr]. @05-05-2021 01:53:15.0170 AM
[ReportManager] Element Action [type] successfully performed. With the following test data [INC_004010050:Another SCHEDULER with the same name [Duplicate Job Name] already exists.]. @05-05-2021 01:53:17.0360 AM
[ReportManager] Element Action [getText] successfully performed. With the following test data [INC_004010050:Another SCHEDULER with the same name [Duplicate Job Name] already exists.]. @05-05-2021 01:53:17.0547 AM
[ReportManager] Loaded Shared OpenCV @05-05-2021 01:53:18.0217 AM
[ReportManager] AssertElementAttribute PASSED; Expected [Value Should be 'INC_004010050:Another SCHEDULER with the same name \[Duplicate Job Name\] already exists.' for the 'text' attribute, element locator 'By.name: q'] and Actual [INC_004010050:Another SCHEDULER with the same name [Duplicate Job Name] already exists.]. Comparison Type [MATCHES]. Validation Type [POSITIVE]. @05-05-2021 01:53:18.0578 AM
[ReportManager] Successfully created attachment [Screenshot - 1620179597773_test_assertElementAttribute_AssertElementAttribute_passed] @05-05-2021 01:53:18.0628 A
[ReportManager] Successfully created attachment [Selenium WebDriver Logs - server] @05-05-2021 01:53:18.0846 AM
[ReportManager] Successfully created attachment [Selenium WebDriver Logs - performance] @05-05-2021 01:53:19.0350 AM
[ReportManager] Successfully created attachment [Selenium WebDriver Logs - driver] @05-05-2021 01:53:19.0745 AM
[ReportManager] Browser Action [closeCurrentWindow] successfully performed. @05-05-2021 01:53:19.0805 AM
[ReportManager] Successfully created attachment [Browser Action Test Data - closeCurrentWindow - Actual Value] @05-05-2021 01:53:19.0812 A
[ReportManager] File Action [getAbsolutePath] successfully performed. With the following test data [Relative Folder Path: "target/downloadedFiles/"]. @05-05-2021 01:53:19.0816 AM
[ReportManager] Attempting to run remotely on: [Linux-64], [GoogleChrome], [http://localhost:4444/wd/hub], Headless Execution. @05-05-2021 01:53:19.0817 AM
[ReportManager] Successfully Opened [GoogleChrome]. @05-05-2021 01:53:20.0399 A

################################################################################################################################################
Starting Execution:	[2 out of 137] test cases in the current suite
Test Method:		[testPackage01.Test_dynamicLoading.dynamicLoading_elementIsHidden]
################################################################################################################################################
[ReportManager] Target URL: [https://the-internet.herokuapp.com/dynamic_loading/1] @05-05-2021 01:53:20.0445 AM
[ReportManager] Initial URL: [data:,] @05-05-2021 01:53:20.0524 AM
[ReportManager] Browser Action [navigateToURL] successfully performed. With the following test data [https://the-internet.herokuapp.com/dynamic_loading/1]. @05-05-2021 01:53:22.0023 AM
[ReportManager] Element Action [click] successfully performed. With the following test data [Start]. @05-05-2021 01:53:22.0501 AM
[ReportManager] Element Action [getText] successfully performed. With the following test data [
    Hello World!
  ]. @05-05-2021 01:53:22.0654 AM
[ReportManager] Loaded Shared OpenCV @05-05-2021 01:53:22.0847 AM
[ReportManager] AssertElementAttribute PASSED; Expected [Value Should be 'Hello World!' for the 'text' attribute, element locator 'By.id: finish'] and Actual [
    Hello World!
  ]. Comparison Type [CONTAINS]. Validation Type [POSITIVE]. @05-05-2021 01:53:22.0974 AM
[ReportManager] Successfully created attachment [Screenshot - 1620179602847_dynamicLoading_elementIsHidden_AssertElementAttribute_passed] @05-05-2021 01:53:22.0978 A
[ReportManager] Successfully created attachment [Selenium WebDriver Logs - server] @05-05-2021 01:53:23.0072 AM
[ReportManager] Successfully created attachment [Selenium WebDriver Logs - performance] @05-05-2021 01:53:23.0111 AM
[ReportManager] Successfully created attachment [Selenium WebDriver Logs - browser] @05-05-2021 01:53:23.0127 AM
[ReportManager] Successfully created attachment [Selenium WebDriver Logs - driver] @05-05-2021 01:53:23.0255 AM
[ReportManager] Browser Action [closeCurrentWindow] successfully performed. @05-05-2021 01:53:23.0323 AM
[ReportManager] Successfully created attachment [Browser Action Test Data - closeCurrentWindow - Actual Value] @05-05-2021 01:53:23.0324 A
[ReportManager] File Action [getAbsolutePath] successfully performed. With the following test data [Relative Folder Path: "target/downloadedFiles/"]. @05-05-2021 01:53:23.0326 AM
[ReportManager] Attempting to run remotely on: [Linux-64], [GoogleChrome], [http://localhost:4444/wd/hub], Headless Execution. @05-05-2021 01:53:23.0336 AM
[ReportManager] Successfully Opened [GoogleChrome]. @05-05-2021 01:53:23.0966 A

################################################################################################################################################
Starting Execution:	[3 out of 137] test cases in the current suite
Test Method:		[testPackage01.Test_dynamicLoading.dynamicLoading_elementIsRendered]
################################################################################################################################################
[ReportManager] Target URL: [https://the-internet.herokuapp.com/dynamic_loading/2] @05-05-2021 01:53:23.0995 AM
[ReportManager] Initial URL: [data:,] @05-05-2021 01:53:24.0048 AM
[ReportManager] Browser Action [navigateToURL] successfully performed. With the following test data [https://the-internet.herokuapp.com/dynamic_loading/2]. @05-05-2021 01:53:25.0550 AM
[ReportManager] Element Action [click] successfully performed. With the following test data [Start]. @05-05-2021 01:53:25.0958 AM
[ReportManager] Element Action [getText] successfully performed. With the following test data [Hello World!]. @05-05-2021 01:53:31.0139 AM
[ReportManager] Loaded Shared OpenCV @05-05-2021 01:53:31.0316 AM
[ReportManager] AssertElementAttribute PASSED; Expected [Value Should be 'Hello World!' for the 'text' attribute, element locator 'By.id: finish'] and Actual [Hello World!]. Comparison Type [CONTAINS]. Validation Type [POSITIVE]. @05-05-2021 01:53:31.0387 AM
[ReportManager] Successfully created attachment [Screenshot - 1620179611316_dynamicLoading_elementIsRendered_AssertElementAttribute_passed] @05-05-2021 01:53:31.0389 A
[ReportManager] Successfully created attachment [Selenium WebDriver Logs - server] @05-05-2021 01:53:31.0463 AM
[ReportManager] Successfully created attachment [Selenium WebDriver Logs - performance] @05-05-2021 01:53:31.0487 AM
[ReportManager] Successfully created attachment [Selenium WebDriver Logs - browser] @05-05-2021 01:53:31.0504 AM
[ReportManager] Successfully created attachment [Selenium WebDriver Logs - driver] @05-05-2021 01:53:31.0622 AM
[ReportManager] Browser Action [closeCurrentWindow] successfully performed. @05-05-2021 01:53:31.0681 AM
[ReportManager] Successfully created attachment [Browser Action Test Data - closeCurrentWindow - Actual Value] @05-05-2021 01:53:31.0682 A

################################################################################################################################################
Starting Execution:	[4 out of 137] test cases in the current suite
Test Method:		[testPackage01.Test_SelectedValue.multipleSelect]
################################################################################################################################################
[ReportManager] File Action [getAbsolutePath] successfully performed. With the following test data [Relative Folder Path: "target/downloadedFiles/"]. @05-05-2021 01:53:31.0690 AM
[ReportManager] Attempting to run remotely on: [Linux-64], [GoogleChrome], [http://localhost:4444/wd/hub], Headless Execution. @05-05-2021 01:53:31.0692 AM
[ReportManager] Successfully Opened [GoogleChrome]. @05-05-2021 01:53:32.0308 AM
[ReportManager] Target URL: [https://mdn.mozillademos.org/en-US/docs/Web/HTML/Element/select$samples/Advanced_select_with_multiple_features?revision=1612304] @05-05-2021 01:53:32.0354 AM
[ReportManager] Initial URL: [data:,] @05-05-2021 01:53:32.0442 AM
[ReportManager] Browser Action [navigateToURL] successfully performed. With the following test data [https://mdn.mozillademos.org/en-US/docs/Web/HTML/Element/select$samples/Advanced_select_with_multiple_features?revision=1612304]. @05-05-2021 01:53:33.0306 AM
[ReportManager] Element Action [select] successfully performed. With the following test data [Dog]. @05-05-2021 01:53:33.0601 AM
[ReportManager] Element Action [select] successfully performed. With the following test data [Cat]. @05-05-2021 01:53:33.0894 AM
[ReportManager] Element Action [getSelectedText] successfully performed. With the following test data [DogCat]. @05-05-2021 01:53:34.0080 AM
[ReportManager] DogCat @05-05-2021 01:53:34.0080 AM
[ReportManager] Element Action [getSelectedText] successfully performed. With the following test data [DogCat]. @05-05-2021 01:53:34.0239 AM
[ReportManager] Loaded Shared OpenCV @05-05-2021 01:53:34.0381 AM
[ReportManager] AssertElementAttribute PASSED; Expected [Value Should be 'DogCat' for the 'selectedText' attribute, element locator 'By.tagName: select'] and Actual [DogCat]. Comparison Type [EQUALS]. Validation Type [POSITIVE]. @05-05-2021 01:53:34.0443 AM
[ReportManager] Successfully created attachment [Screenshot - 1620179614381_multipleSelect_AssertElementAttribute_passed] @05-05-2021 01:53:34.0444 AM
[ReportManager] Successfully created attachment [Selenium WebDriver Logs - server] @05-05-2021 01:53:34.0509 AM
[ReportManager] Successfully created attachment [Selenium WebDriver Logs - performance] @05-05-2021 01:53:34.0521 AM
[ReportManager] Successfully created attachment [Selenium WebDriver Logs - driver] @05-05-2021 01:53:34.0606 AM
[ReportManager] Browser Action [closeCurrentWindow] successfully performed. @05-05-2021 01:53:34.0664 AM
[ReportManager] Successfully created attachment [Browser Action Test Data - closeCurrentWindow - Actual Value] @05-05-2021 01:53:34.0665 A

################################################################################################################################################
Starting Execution:	[5 out of 137] test cases in the current suite
Test Method:		[testPackage01.Test_SelectedValue.simpleSelect]
################################################################################################################################################
[ReportManager] File Action [getAbsolutePath] successfully performed. With the following test data [Relative Folder Path: "target/downloadedFiles/"]. @05-05-2021 01:53:34.0677 AM
[ReportManager] Attempting to run remotely on: [Linux-64], [GoogleChrome], [http://localhost:4444/wd/hub], Headless Execution. @05-05-2021 01:53:34.0678 AM
[ReportManager] Successfully Opened [GoogleChrome]. @05-05-2021 01:53:34.0905 AM
[ReportManager] Target URL: [https://mdn.mozillademos.org/en-US/docs/Web/HTML/Element/select$samples/Basic_select?revision=1612304] @05-05-2021 01:53:34.0944 AM
[ReportManager] Initial URL: [data:,] @05-05-2021 01:53:35.0013 AM
[ReportManager] Browser Action [navigateToURL] successfully performed. With the following test data [https://mdn.mozillademos.org/en-US/docs/Web/HTML/Element/select$samples/Basic_select?revision=1612304]. @05-05-2021 01:53:35.0681 AM
[ReportManager] Element Action [select] successfully performed. With the following test data [Third Value]. @05-05-2021 01:53:36.0006 AM
[ReportManager] Element Action [getSelectedText] successfully performed. With the following test data [Third Value]. @05-05-2021 01:53:36.0132 AM
[ReportManager] Third Value @05-05-2021 01:53:36.0132 AM
[ReportManager] Element Action [getSelectedText] successfully performed. With the following test data [Third Value]. @05-05-2021 01:53:36.0242 AM
[ReportManager] Loaded Shared OpenCV @05-05-2021 01:53:36.0375 AM
[ReportManager] AssertElementAttribute PASSED; Expected [Value Should be 'Third Value' for the 'selectedText' attribute, element locator 'By.tagName: select'] and Actual [Third Value]. Comparison Type [EQUALS]. Validation Type [POSITIVE]. @05-05-2021 01:53:36.0443 AM
[ReportManager] Successfully created attachment [Screenshot - 1620179616375_simpleSelect_AssertElementAttribute_passed] @05-05-2021 01:53:36.0444 AM
[ReportManager] Successfully created attachment [Selenium WebDriver Logs - server] @05-05-2021 01:53:36.0487 AM
[ReportManager] Successfully created attachment [Selenium WebDriver Logs - performance] @05-05-2021 01:53:36.0496 AM
[ReportManager] Successfully created attachment [Selenium WebDriver Logs - driver] @05-05-2021 01:53:36.0566 AM
[ReportManager] Browser Action [closeCurrentWindow] successfully performed. @05-05-2021 01:53:36.0628 AM
[ReportManager] Successfully created attachment [Browser Action Test Data - closeCurrentWindow - Actual Value] @05-05-2021 01:53:36.0628 A
[ReportManager] File Action [getAbsolutePath] successfully performed. With the following test data [Relative Folder Path: "target/downloadedFiles/"]. @05-05-2021 01:53:36.0640 AM
[ReportManager] Attempting to run remotely on: [Linux-64], [GoogleChrome], [http://localhost:4444/wd/hub], Headless Execution. @05-05-2021 01:53:36.0641 AM
[ReportManager] Successfully Opened [GoogleChrome]. @05-05-2021 01:53:36.0919 A

################################################################################################################################################
Starting Execution:	[6 out of 137] test cases in the current suite
Test Method:		[testPackage01.Test_IsElementClickable.testIsElementClickable]
################################################################################################################################################
[ReportManager] Target URL: [https://the-internet.herokuapp.com/] @05-05-2021 01:53:36.0947 AM
[ReportManager] Initial URL: [data:,] @05-05-2021 01:53:37.0000 AM
[ReportManager] Browser Action [navigateToURL] successfully performed. With the following test data [https://the-internet.herokuapp.com/]. @05-05-2021 01:53:38.0469 AM
[ReportManager] Element Action [isElementClickable] successfully performed. @05-05-2021 01:53:38.0612 AM
[ReportManager] AssertTrue PASSED; Expected [TRUE] and Actual [TRUE]. Validation Type [POSITIVE]. @05-05-2021 01:53:38.0613 A
[ReportManager] Successfully created attachment [Selenium WebDriver Logs - server] @05-05-2021 01:53:38.0697 AM
[ReportManager] Successfully created attachment [Selenium WebDriver Logs - performance] @05-05-2021 01:53:38.0716 AM
[ReportManager] Successfully created attachment [Selenium WebDriver Logs - browser] @05-05-2021 01:53:38.0722 AM
[ReportManager] Successfully created attachment [Selenium WebDriver Logs - driver] @05-05-2021 01:53:38.0773 AM
[ReportManager] Browser Action [closeCurrentWindow] successfully performed. @05-05-2021 01:53:38.0835 AM
[ReportManager] Successfully created attachment [Browser Action Test Data - closeCurrentWindow - Actual Value] @05-05-2021 01:53:38.0836 A
[ReportManager] File Action [getAbsolutePath] successfully performed. With the following test data [Relative Folder Path: "target/downloadedFiles/"]. @05-05-2021 01:53:38.0841 AM
[ReportManager] Attempting to run remotely on: [Linux-64], [GoogleChrome], [http://localhost:4444/wd/hub], Headless Execution. @05-05-2021 01:53:38.0842 AM
[ReportManager] Successfully Opened [GoogleChrome]. @05-05-2021 01:53:39.0079 A

################################################################################################################################################
Starting Execution:	[7 out of 137] test cases in the current suite
Test Method:		[testPackage01.Test_dragAndDrop.dragAndDrop]
Test Description:	[TC001 - Test Drag and Drop function.]
################################################################################################################################################
[ReportManager] Target URL: [http://the-internet.herokuapp.com/drag_and_drop] @05-05-2021 01:53:39.0107 AM
[ReportManager] Initial URL: [data:,] @05-05-2021 01:53:39.0155 AM
[ReportManager] Browser Action [navigateToURL] successfully performed. With the following test data [http://the-internet.herokuapp.com/drag_and_drop]. @05-05-2021 01:53:39.0758 AM
[ReportManager] Attempting Drag and Drop @05-05-2021 01:53:39.0758 AM
[ReportManager] Element Action [dragAndDrop] successfully performed. With the following test data [Start point: (32, 89), End point: (247, 89)]. @05-05-2021 01:53:40.0975 A
[ReportManager] Successfully created attachment [Selenium WebDriver Logs - server] @05-05-2021 01:53:41.0058 AM
[ReportManager] Successfully created attachment [Selenium WebDriver Logs - performance] @05-05-2021 01:53:41.0079 AM
[ReportManager] Successfully created attachment [Selenium WebDriver Logs - browser] @05-05-2021 01:53:41.0087 AM
[ReportManager] Successfully created attachment [Selenium WebDriver Logs - driver] @05-05-2021 01:53:41.0143 AM
[ReportManager] Browser Action [closeCurrentWindow] successfully performed. @05-05-2021 01:53:41.0200 AM
[ReportManager] Successfully created attachment [Browser Action Test Data - closeCurrentWindow - Actual Value] @05-05-2021 01:53:41.0201 A
[ReportManager] File Action [getAbsolutePath] successfully performed. With the following test data [Relative Folder Path: "target/downloadedFiles/"]. @05-05-2021 01:53:41.0204 AM
[ReportManager] Attempting to run remotely on: [Linux-64], [GoogleChrome], [http://localhost:4444/wd/hub], Headless Execution. @05-05-2021 01:53:41.0204 AM
[ReportManager] Successfully Opened [GoogleChrome]. @05-05-2021 01:53:41.0449 A

################################################################################################################################################
Starting Execution:	[8 out of 137] test cases in the current suite
Test Method:		[testPackage01.Test_dragAndDrop.dragAndDropByOffset]
Test Description:	[TC002 - Test Drag and Drop by offset function.]
################################################################################################################################################
[ReportManager] Target URL: [https://jqueryui.com/resources/demos/draggable/default.html] @05-05-2021 01:53:41.0497 AM
[ReportManager] Initial URL: [data:,] @05-05-2021 01:53:41.0543 AM
[ReportManager] Browser Action [navigateToURL] successfully performed. With the following test data [https://jqueryui.com/resources/demos/draggable/default.html]. @05-05-2021 01:53:42.0128 AM
[ReportManager] Element Action [dragAndDropByOffset] successfully performed. With the following test data [Start point: (8, 8), End point: (1008, 108)]. @05-05-2021 01:53:42.0342 A
[ReportManager] Successfully created attachment [Selenium WebDriver Logs - server] @05-05-2021 01:53:42.0407 AM
[ReportManager] Successfully created attachment [Selenium WebDriver Logs - performance] @05-05-2021 01:53:42.0420 AM
[ReportManager] Successfully created attachment [Selenium WebDriver Logs - driver] @05-05-2021 01:53:42.0481 AM
[ReportManager] Browser Action [closeCurrentWindow] successfully performed. @05-05-2021 01:53:42.0539 AM
[ReportManager] Successfully created attachment [Browser Action Test Data - closeCurrentWindow - Actual Value] @05-05-2021 01:53:42.0540 A
[ReportManager] File Action [getAbsolutePath] successfully performed. With the following test data [Relative Folder Path: "target/downloadedFiles/"]. @05-05-2021 01:53:42.0541 AM
[ReportManager] Attempting to run remotely on: [Linux-64], [GoogleChrome], [http://localhost:4444/wd/hub], Headless Execution. @05-05-2021 01:53:42.0542 AM
[ReportManager] Successfully Opened [GoogleChrome]. @05-05-2021 01:53:42.0757 A

################################################################################################################################################
Starting Execution:	[9 out of 137] test cases in the current suite
Test Method:		[testPackage01.Test_dragAndDrop.dragAndDropJquery]
################################################################################################################################################
[ReportManager] Target URL: [https://jqueryui.com/resources/demos/droppable/default.html] @05-05-2021 01:53:42.0783 AM
[ReportManager] Initial URL: [data:,] @05-05-2021 01:53:42.0829 AM
[ReportManager] Browser Action [navigateToURL] successfully performed. With the following test data [https://jqueryui.com/resources/demos/droppable/default.html]. @05-05-2021 01:53:43.0333 AM
[ReportManager] Element Action [getText] successfully performed. With the following test data [Drop here]. @05-05-2021 01:53:43.0437 AM
[ReportManager] Element Action [dragAndDrop] successfully performed. With the following test data [Start point: (8, 18), End point: (8, 18)]. @05-05-2021 01:53:44.0781 AM
[ReportManager] Element Action [getText] successfully performed. With the following test data [Dropped!]. @05-05-2021 01:53:44.0864 AM
[ReportManager] Checking to see if the text has changed after performing drag and drop... @05-05-2021 01:53:44.0865 AM
[ReportManager] AssertEquals PASSED; Expected [Drop here] and Actual [Dropped!]. Comparison Type [EQUALS]. Validation Type [NEGATIVE]. @05-05-2021 01:53:44.0865 A
[ReportManager] Successfully created attachment [Selenium WebDriver Logs - server] @05-05-2021 01:53:44.0966 AM
[ReportManager] Successfully created attachment [Selenium WebDriver Logs - performance] @05-05-2021 01:53:44.0989 AM
[ReportManager] Successfully created attachment [Selenium WebDriver Logs - driver] @05-05-2021 01:53:45.0059 AM
[ReportManager] Browser Action [closeCurrentWindow] successfully performed. @05-05-2021 01:53:45.0120 AM
[ReportManager] Successfully created attachment [Browser Action Test Data - closeCurrentWindow - Actual Value] @05-05-2021 01:53:45.0120 A

################################################################################################################################################
Starting Execution:	[10 out of 137] test cases in the current suite
Test Method:		[testPackage01.Test_SkipDueToIssue.doNotSkip]
################################################################################################################################################
[ReportManager] This should not be skipped. @05-05-2021 01:53:45.0128 A

################################################################################################################################################
Starting Execution:	[11 out of 137] test cases in the current suite
Test Method:		[testPackage01.Test_SkipDueToIssue.skip]
################################################################################################################################################
[ReportManager] This should be skipped. @05-05-2021 01:53:45.0146 A

################################################################################################################################################
Starting Execution:	[12 out of 137] test cases in the current suite
Test Method:		[testPackage01.Test_SkipDueToIssue.skip2]
################################################################################################################################################
[ReportManager] This should be skipped. @05-05-2021 01:53:45.0154 A

################################################################################################################################################
Starting Execution:	[13 out of 137] test cases in the current suite
Test Method:		[testPackage01.Test_chainableElementActions.chainElementActions]
################################################################################################################################################
[ReportManager] File Action [getAbsolutePath] successfully performed. With the following test data [Relative Folder Path: "target/downloadedFiles/"]. @05-05-2021 01:53:45.0161 AM
[ReportManager] Attempting to run remotely on: [Linux-64], [GoogleChrome], [http://localhost:4444/wd/hub], Headless Execution. @05-05-2021 01:53:45.0161 AM
[ReportManager] Successfully Opened [GoogleChrome]. @05-05-2021 01:53:45.0364 AM
[ReportManager] Target URL: [https://www.google.com/ncr], and after redirection: [https://www.google.com] @05-05-2021 01:53:45.0377 AM
[ReportManager] Initial URL: [data:,] @05-05-2021 01:53:45.0434 AM
[ReportManager] Browser Action [navigateToURL] successfully performed. With the following test data [https://www.google.com/ncr]. @05-05-2021 01:53:46.0504 AM
[ReportManager] Element Action [type] successfully performed. With the following test data [chained type 1]. @05-05-2021 01:53:47.0079 AM
[ReportManager] Element Action [type] successfully performed. With the following test data [chained type 2]. @05-05-2021 01:53:47.0587 AM
[ReportManager] Element Action [typeAppend] successfully performed. With the following test data [345]. @05-05-2021 01:53:47.0731 AM
[ReportManager] Element Action [getText] successfully performed. With the following test data [chained type 2345]. @05-05-2021 01:53:47.0847 AM
[ReportManager] Loaded Shared OpenCV @05-05-2021 01:53:48.0021 AM
[ReportManager] AssertElementAttribute PASSED; Expected [Value Should be 'chained type 2345' for the 'text' attribute, element locator 'By.name: q'] and Actual [chained type 2345]. Comparison Type [EQUALS]. Validation Type [POSITIVE]. @05-05-2021 01:53:48.0094 AM
[ReportManager] Successfully created attachment [Screenshot - 1620179628021_chainElementActions_AssertElementAttribute_passed] @05-05-2021 01:53:48.0095 AM
[ReportManager] Successfully created attachment [Selenium WebDriver Logs - server] @05-05-2021 01:53:48.0180 AM
[ReportManager] Successfully created attachment [Selenium WebDriver Logs - performance] @05-05-2021 01:53:48.0358 AM
[ReportManager] Successfully created attachment [Selenium WebDriver Logs - driver] @05-05-2021 01:53:48.0531 AM
[ReportManager] Browser Action [closeCurrentWindow] successfully performed. @05-05-2021 01:53:48.0590 AM
[ReportManager] Successfully created attachment [Browser Action Test Data - closeCurrentWindow - Actual Value] @05-05-2021 01:53:48.0591 A
[ReportManager] File Action [getAbsolutePath] successfully performed. With the following test data [Relative Folder Path: "target/downloadedFiles/"]. @05-05-2021 01:53:48.0614 AM
[ReportManager] Attempting to run remotely on: [Linux-64], [GoogleChrome], [http://localhost:4444/wd/hub], Headless Execution. @05-05-2021 01:53:48.0614 AM
[ReportManager] Successfully Opened [GoogleChrome]. @05-05-2021 01:53:48.0864 A

################################################################################################################################################
Starting Execution:	[14 out of 137] test cases in the current suite
Test Method:		[testPackage01.Test_clipboardActions.typeTextAndCopyPaste]
################################################################################################################################################
[ReportManager] Target URL: [https://www.google.com/ncr], and after redirection: [https://www.google.com] @05-05-2021 01:53:48.0879 AM
[ReportManager] Initial URL: [data:,] @05-05-2021 01:53:48.0922 AM
[ReportManager] Browser Action [navigateToURL] successfully performed. With the following test data [https://www.google.com/ncr]. @05-05-2021 01:53:49.0770 AM
[ReportManager] Element Action [type] successfully performed. With the following test data [FIRST]. @05-05-2021 01:53:50.0202 AM
[ReportManager] Element Action [clipboardActions] successfully performed. With the following test data [select all]. @05-05-2021 01:53:50.0287 AM
[ReportManager] Element Action [clipboardActions] successfully performed. With the following test data [copy]. @05-05-2021 01:53:50.0361 AM
[ReportManager] Element Action [clipboardActions] successfully performed. With the following test data [unselect]. @05-05-2021 01:53:50.0427 AM
[ReportManager] Element Action [clipboardActions] successfully performed. With the following test data [paste]. @05-05-2021 01:53:50.0499 AM
[ReportManager] Element Action [clipboardActions] successfully performed. With the following test data [select all]. @05-05-2021 01:53:50.0569 AM
[ReportManager] Element Action [clipboardActions] successfully performed. With the following test data [cut]. @05-05-2021 01:53:50.0668 AM
[ReportManager] Element Action [clipboardActions] successfully performed. With the following test data [paste]. @05-05-2021 01:53:50.0758 AM
[ReportManager] Element Action [clipboardActions] successfully performed. With the following test data [paste]. @05-05-2021 01:53:50.0845 A
[ReportManager] Successfully created attachment [Selenium WebDriver Logs - server] @05-05-2021 01:53:50.0957 AM
[ReportManager] Successfully created attachment [Selenium WebDriver Logs - performance] @05-05-2021 01:53:51.0018 AM
[ReportManager] Successfully created attachment [Selenium WebDriver Logs - driver] @05-05-2021 01:53:51.0197 AM
[ReportManager] Browser Action [closeCurrentWindow] successfully performed. @05-05-2021 01:53:51.0254 AM
[ReportManager] Successfully created attachment [Browser Action Test Data - closeCurrentWindow - Actual Value] @05-05-2021 01:53:51.0255 A
[ReportManager] File Action [getAbsolutePath] successfully performed. With the following test data [Relative Folder Path: "target/downloadedFiles/"]. @05-05-2021 01:53:51.0260 AM
[ReportManager] Attempting to run remotely on: [Linux-64], [GoogleChrome], [http://localhost:4444/wd/hub], Headless Execution. @05-05-2021 01:53:51.0261 AM
[ReportManager] Successfully Opened [GoogleChrome]. @05-05-2021 01:53:51.0474 A

################################################################################################################################################
Starting Execution:	[15 out of 137] test cases in the current suite
Test Method:		[testPackage01.Test_verifyEquals.test_assertElementAttribute]
################################################################################################################################################
[ReportManager] Target URL: [https://www.google.com/ncr], and after redirection: [https://www.google.com] @05-05-2021 01:53:51.0496 AM
[ReportManager] Initial URL: [data:,] @05-05-2021 01:53:51.0538 AM
[ReportManager] Browser Action [navigateToURL] successfully performed. With the following test data [https://www.google.com/ncr]. @05-05-2021 01:53:52.0446 AM
[ReportManager] Element Action [type] successfully performed. With the following test data [INC_004010050:Another SCHEDULER with the same name [Duplicate Job Name] already exists.]. @05-05-2021 01:53:54.0585 AM
[ReportManager] Element Action [getText] successfully performed. With the following test data [INC_004010050:Another SCHEDULER with the same name [Duplicate Job Name] already exists.]. @05-05-2021 01:53:54.0700 AM
[ReportManager] Loaded Shared OpenCV @05-05-2021 01:53:54.0863 AM
[ReportManager] VerifyElementAttribute PASSED; Expected [Value Should be 'INC_004010050:Another SCHEDULER with the same name \[Duplicate Job Name\] already exists.' for the 'text' attribute, element locator 'By.name: q'] and Actual [INC_004010050:Another SCHEDULER with the same name [Duplicate Job Name] already exists.]. Comparison Type [MATCHES]. Validation Type [POSITIVE]. @05-05-2021 01:53:54.0941 AM
[ReportManager] Successfully created attachment [Screenshot - 1620179634863_test_assertElementAttribute_VerifyElementAttribute_passed] @05-05-2021 01:53:54.0942 A
[ReportManager] Successfully created attachment [Selenium WebDriver Logs - server] @05-05-2021 01:53:55.0048 AM
[ReportManager] Successfully created attachment [Selenium WebDriver Logs - performance] @05-05-2021 01:53:55.0349 AM
[ReportManager] Successfully created attachment [Selenium WebDriver Logs - driver] @05-05-2021 01:53:55.0624 AM
[ReportManager] Browser Action [closeCurrentWindow] successfully performed. @05-05-2021 01:53:55.0688 AM
[ReportManager] Successfully created attachment [Browser Action Test Data - closeCurrentWindow - Actual Value] @05-05-2021 01:53:55.0688 A

################################################################################################################################################
Starting Execution:	[16 out of 137] test cases in the current suite
Test Method:		[testPackage01.Test_JSONFileManager.readStringFromJson]
################################################################################################################################################
[ReportManager] Successfully loaded the following test data file [src/test/resources/TestDataFiles/simpleJSON.json]. @05-05-2021 01:53:55.0698 AM
[ReportManager] Successfully created attachment [Test Data - JSON] @05-05-2021 01:53:55.0920 AM
[ReportManager] AssertEquals PASSED; Expected [Mohab Mohie] and Actual [Mohab Mohie]. Comparison Type [EQUALS]. Validation Type [POSITIVE]. @05-05-2021 01:53:57.0474 A
[ReportManager] File Action [getAbsolutePath] successfully performed. With the following test data [Relative Folder Path: "target/downloadedFiles/"]. @05-05-2021 01:53:57.0498 AM
[ReportManager] Attempting to run remotely on: [Linux-64], [GoogleChrome], [http://localhost:4444/wd/hub], Headless Execution. @05-05-2021 01:53:57.0498 AM
[ReportManager] Successfully Opened [GoogleChrome]. @05-05-2021 01:53:57.0843 A

################################################################################################################################################
Starting Execution:	[17 out of 137] test cases in the current suite
Test Method:		[testPackage01.Test_uploadFile.uploadFile_invisibleUploadInput]
################################################################################################################################################
[ReportManager] Target URL: [https://fineuploader.com/demos.html#gallery-view] @05-05-2021 01:53:57.0857 AM
[ReportManager] Initial URL: [data:,] @05-05-2021 01:53:57.0930 AM
[ReportManager] Browser Action [navigateToURL] successfully performed. With the following test data [https://fineuploader.com/demos.html#gallery-view]. @05-05-2021 01:54:00.0044 AM
[ReportManager] File Action [getAbsolutePath] successfully performed. With the following test data [Relative File Path: "src/main/resources/images/shaft.png"]. @05-05-2021 01:54:00.0045 AM
[ReportManager] Successfully created attachment [File Action Actual Result - Command Log] @05-05-2021 01:54:00.0045 AM
[ReportManager] Element Action [typeFileLocationForUpload] successfully performed. With the following test data [/home/runner/work/SHAFT_ENGINE/SHAFT_ENGINE/src/main/resources/images/shaft.png]. @05-05-2021 01:54:00.0256 AM
[ReportManager] Attempting to getAttribute [src] from elementLocator [By.xpath: //div[@id='fine-uploader-gallery']//div[@class='qq-thumbnail-wrapper']/img]. @05-05-2021 01:54:00.0257 AM
[ReportManager] Element Action [getAttribute] successfully performed. @05-05-2021 01:54:00.0378 AM
[ReportManager] Successfully created attachment [Element Action Test Data - getAttribute - Actual Value] @05-05-2021 01:54:00.0379 AM
[ReportManager] Loaded Shared OpenCV @05-05-2021 01:54:00.0563 AM
[ReportManager] AssertElementAttribute PASSED; Expected and Actual values are attached. Comparison Type [CONTAINS]. Validation Type [POSITIVE]. @05-05-2021 01:54:00.0664 AM
[ReportManager] Successfully created attachment [Validation Test Data - Expected Value] @05-05-2021 01:54:00.0665 AM
[ReportManager] Successfully created attachment [Validation Test Data - Actual Value] @05-05-2021 01:54:00.0665 AM
[ReportManager] Successfully created attachment [Screenshot - 1620179640563_uploadFile_invisibleUploadInput_AssertElementAttribute_passed] @05-05-2021 01:54:00.0666 A
[ReportManager] Successfully created attachment [Selenium WebDriver Logs - server] @05-05-2021 01:54:00.0776 AM
[ReportManager] Successfully created attachment [Selenium WebDriver Logs - performance] @05-05-2021 01:54:00.0870 AM
[ReportManager] Successfully created attachment [Selenium WebDriver Logs - browser] @05-05-2021 01:54:00.0881 AM
[ReportManager] Successfully created attachment [Selenium WebDriver Logs - driver] @05-05-2021 01:54:01.0043 AM
[ReportManager] Browser Action [closeCurrentWindow] successfully performed. @05-05-2021 01:54:01.0106 AM
[ReportManager] Successfully created attachment [Browser Action Test Data - closeCurrentWindow - Actual Value] @05-05-2021 01:54:01.0106 A
[ReportManager] File Action [getAbsolutePath] successfully performed. With the following test data [Relative Folder Path: "target/downloadedFiles/"]. @05-05-2021 01:54:01.0109 AM
[ReportManager] Attempting to run remotely on: [Linux-64], [GoogleChrome], [http://localhost:4444/wd/hub], Headless Execution. @05-05-2021 01:54:01.0109 AM
[ReportManager] Successfully Opened [GoogleChrome]. @05-05-2021 01:54:01.0438 A

################################################################################################################################################
Starting Execution:	[18 out of 137] test cases in the current suite
Test Method:		[testPackage01.Test_uploadFile.uploadFile_visibleUploadInput]
################################################################################################################################################
[ReportManager] Target URL: [http://demo.guru99.com/test/upload/] @05-05-2021 01:54:01.0456 AM
[ReportManager] Initial URL: [data:,] @05-05-2021 01:54:01.0512 AM
[ReportManager] Browser Action [navigateToURL] successfully performed. With the following test data [http://demo.guru99.com/test/upload/]. @05-05-2021 01:54:02.0528 AM
[ReportManager] File Action [getAbsolutePath] successfully performed. With the following test data [Relative File Path: "src/main/resources/images/shaft.png"]. @05-05-2021 01:54:02.0528 AM
[ReportManager] Successfully created attachment [File Action Actual Result - Command Log] @05-05-2021 01:54:02.0528 AM
[ReportManager] Element Action [typeFileLocationForUpload] successfully performed. With the following test data [/home/runner/work/SHAFT_ENGINE/SHAFT_ENGINE/src/main/resources/images/shaft.png]. @05-05-2021 01:54:02.0685 AM
[ReportManager] Element Action [click] successfully performed. With the following test data [on]. @05-05-2021 01:54:03.0015 AM
[ReportManager] Element Action [click] successfully performed. With the following test data [Submit File]. @05-05-2021 01:54:03.0320 AM
[ReportManager] Element Action [getText] successfully performed. With the following test data [1 file
has been successfully uploaded.]. @05-05-2021 01:54:03.0938 AM
[ReportManager] Loaded Shared OpenCV @05-05-2021 01:54:04.0065 AM
[ReportManager] AssertElementAttribute PASSED; Expected [Value Should be '1 file' for the 'Text' attribute, element locator 'By.id: res'] and Actual [1 file
has been successfully uploaded.]. Comparison Type [CONTAINS]. Validation Type [POSITIVE]. @05-05-2021 01:54:04.0130 AM
[ReportManager] Successfully created attachment [Screenshot - 1620179644065_uploadFile_visibleUploadInput_AssertElementAttribute_passed] @05-05-2021 01:54:04.0130 A
[ReportManager] Successfully created attachment [Selenium WebDriver Logs - server] @05-05-2021 01:54:04.0203 AM
[ReportManager] Successfully created attachment [Selenium WebDriver Logs - performance] @05-05-2021 01:54:04.0250 AM
[ReportManager] Successfully created attachment [Selenium WebDriver Logs - browser] @05-05-2021 01:54:04.0257 AM
[ReportManager] Successfully created attachment [Selenium WebDriver Logs - driver] @05-05-2021 01:54:04.0386 AM
[ReportManager] Browser Action [closeCurrentWindow] successfully performed. @05-05-2021 01:54:04.0444 AM
[ReportManager] Successfully created attachment [Browser Action Test Data - closeCurrentWindow - Actual Value] @05-05-2021 01:54:04.0445 A
[ReportManager] File Action [getAbsolutePath] successfully performed. With the following test data [Relative Folder Path: "target/downloadedFiles/"]. @05-05-2021 01:54:04.0449 AM
[ReportManager] Attempting to run remotely on: [Linux-64], [GoogleChrome], [http://localhost:4444/wd/hub], Headless Execution. @05-05-2021 01:54:04.0450 AM
[ReportManager] Successfully Opened [GoogleChrome]. @05-05-2021 01:54:04.0690 A

################################################################################################################################################
Starting Execution:	[19 out of 137] test cases in the current suite
Test Method:		[testPackage01.Test_ShadowDOM.shadowdom]
################################################################################################################################################
[ReportManager] Target URL: [https://mdn.github.io/web-components-examples/popup-info-box-web-component/] @05-05-2021 01:54:04.0706 AM
[ReportManager] Initial URL: [data:,] @05-05-2021 01:54:04.0745 AM
[ReportManager] Browser Action [navigateToURL] successfully performed. With the following test data [https://mdn.github.io/web-components-examples/popup-info-box-web-component/]. @05-05-2021 01:54:05.0116 AM
[ReportManager] Element Action [type] successfully performed. With the following test data [Typing into SHADOW DOM...]. @05-05-2021 01:54:05.0778 AM
[ReportManager] Element Action [getText] successfully performed. With the following test data [Typing into SHADOW DOM...]. @05-05-2021 01:54:05.0889 AM
[ReportManager] Loaded Shared OpenCV @05-05-2021 01:54:06.0009 AM
[ReportManager] AssertElementAttribute PASSED; Expected [Value Should be 'Typing into SHADOW DOM...' for the 'Text' attribute, element locator 'By.id: cvc'] and Actual [Typing into SHADOW DOM...]. Comparison Type [EQUALS]. Validation Type [POSITIVE]. @05-05-2021 01:54:06.0069 AM
[ReportManager] Successfully created attachment [Screenshot - 1620179646009_shadowdom_AssertElementAttribute_passed] @05-05-2021 01:54:06.0070 A
[ReportManager] Successfully created attachment [Selenium WebDriver Logs - server] @05-05-2021 01:54:06.0131 AM
[ReportManager] Successfully created attachment [Selenium WebDriver Logs - performance] @05-05-2021 01:54:06.0144 AM
[ReportManager] Successfully created attachment [Selenium WebDriver Logs - browser] @05-05-2021 01:54:06.0162 AM
[ReportManager] Successfully created attachment [Selenium WebDriver Logs - driver] @05-05-2021 01:54:06.0263 AM
[ReportManager] Browser Action [closeCurrentWindow] successfully performed. @05-05-2021 01:54:06.0320 AM
[ReportManager] Successfully created attachment [Browser Action Test Data - closeCurrentWindow - Actual Value] @05-05-2021 01:54:06.0321 A

################################################################################################################################################
Starting Execution:	[20 out of 137] test cases in the current suite
Test Method:		[testPackage01.Test_NewValidationHelper.f1]
################################################################################################################################################
[ReportManager] Checking valid user data... @05-05-2021 01:54:06.0327 AM
[ReportManager] AssertEquals PASSED; Expected and Actual values are attached. Comparison Type [EQUALS]. Validation Type [POSITIVE]. @05-05-2021 01:54:06.0328 AM
[ReportManager] Successfully created attachment [Validation Test Data - Expected Value] @05-05-2021 01:54:06.0328 AM
[ReportManager] Successfully created attachment [Validation Test Data - Actual Value] @05-05-2021 01:54:06.0329 A
[ReportManager] File Action [getAbsolutePath] successfully performed. With the following test data [Relative Folder Path: "target/downloadedFiles/"]. @05-05-2021 01:54:06.0331 AM
[ReportManager] Attempting to run remotely on: [Linux-64], [GoogleChrome], [http://localhost:4444/wd/hub], Headless Execution. @05-05-2021 01:54:06.0332 AM
[ReportManager] Successfully Opened [GoogleChrome]. @05-05-2021 01:54:06.0572 AM
[ReportManager] Target URL: [https://the-internet.herokuapp.com/] @05-05-2021 01:54:06.0588 AM
[ReportManager] Initial URL: [data:,] @05-05-2021 01:54:06.0635 AM
[ReportManager] Browser Action [navigateToURL] successfully performed. With the following test data [https://the-internet.herokuapp.com/]. @05-05-2021 01:54:08.0060 A

################################################################################################################################################
Starting Execution:	[21 out of 137] test cases in the current suite
Test Method:		[testPackage01.Test_NewValidationHelper.f10]
################################################################################################################################################
[ReportManager] AssertElementExists FAILED; Expected [Element Should Exist, locator 'By.tagName: div'] and Actual [Element Exists but is not unique]. Comparison Type [EQUALS]. Validation Type [POSITIVE]. @05-05-2021 01:54:08.0337 AM
[ReportManager] Successfully created attachment [Screenshot - 1620179648266_f10_AssertElementExists_failed] @05-05-2021 01:54:08.0338 A
[ReportManager] Successfully created attachment [Selenium WebDriver Logs - server] @05-05-2021 01:54:08.0364 AM
[ReportManager] Successfully created attachment [Selenium WebDriver Logs - performance] @05-05-2021 01:54:08.0417 AM
[ReportManager] Successfully created attachment [Selenium WebDriver Logs - browser] @05-05-2021 01:54:08.0424 AM
[ReportManager] Successfully created attachment [Selenium WebDriver Logs - driver] @05-05-2021 01:54:08.0473 AM
[ReportManager] Successfully Closed All Drivers. @05-05-2021 01:54:08.0550 A
[ReportManager] File Action [getAbsolutePath] successfully performed. With the following test data [Relative Folder Path: "target/downloadedFiles/"]. @05-05-2021 01:54:08.0554 AM
[ReportManager] Attempting to run remotely on: [Linux-64], [GoogleChrome], [http://localhost:4444/wd/hub], Headless Execution. @05-05-2021 01:54:08.0555 AM
[ReportManager] Successfully Opened [GoogleChrome]. @05-05-2021 01:54:08.0794 AM
[ReportManager] Target URL: [https://the-internet.herokuapp.com/] @05-05-2021 01:54:08.0804 AM
[ReportManager] Initial URL: [data:,] @05-05-2021 01:54:08.0850 AM
[ReportManager] Browser Action [navigateToURL] successfully performed. With the following test data [https://the-internet.herokuapp.com/]. @05-05-2021 01:54:09.0655 A

################################################################################################################################################
Starting Execution:	[22 out of 137] test cases in the current suite
Test Method:		[testPackage01.Test_NewValidationHelper.f11]
################################################################################################################################################
[ReportManager] Checking that false tag doesn't exist... @05-05-2021 01:54:09.0657 AM
[ReportManager] AssertElementExists PASSED; Expected [Element Should not Exist, locator 'By.tagName: h3'] and Actual [Element Doesn't Exists]. Comparison Type [EQUALS]. Validation Type [NEGATIVE]. @05-05-2021 01:54:20.0014 AM
[ReportManager] Successfully created attachment [Screenshot - 1620179659963_f11_AssertElementExists_passed] @05-05-2021 01:54:20.0015 A
[ReportManager] Successfully created attachment [Selenium WebDriver Logs - server] @05-05-2021 01:54:20.0026 AM
[ReportManager] Successfully created attachment [Selenium WebDriver Logs - performance] @05-05-2021 01:54:20.0044 AM
[ReportManager] Successfully created attachment [Selenium WebDriver Logs - browser] @05-05-2021 01:54:20.0051 AM
[ReportManager] Successfully created attachment [Selenium WebDriver Logs - driver] @05-05-2021 01:54:20.0104 AM
[ReportManager] Successfully Closed All Drivers. @05-05-2021 01:54:20.0192 A
[ReportManager] File Action [getAbsolutePath] successfully performed. With the following test data [Relative Folder Path: "target/downloadedFiles/"]. @05-05-2021 01:54:20.0194 AM
[ReportManager] Attempting to run remotely on: [Linux-64], [GoogleChrome], [http://localhost:4444/wd/hub], Headless Execution. @05-05-2021 01:54:20.0195 AM
[ReportManager] Successfully Opened [GoogleChrome]. @05-05-2021 01:54:20.0426 AM
[ReportManager] Target URL: [https://the-internet.herokuapp.com/] @05-05-2021 01:54:20.0435 AM
[ReportManager] Initial URL: [data:,] @05-05-2021 01:54:20.0471 AM
[ReportManager] Browser Action [navigateToURL] successfully performed. With the following test data [https://the-internet.herokuapp.com/]. @05-05-2021 01:54:21.0904 A

################################################################################################################################################
Starting Execution:	[23 out of 137] test cases in the current suite
Test Method:		[testPackage01.Test_NewValidationHelper.f12]
################################################################################################################################################
[ReportManager] Loaded Shared OpenCV @05-05-2021 01:54:22.0121 AM
[ReportManager] AssertElementExists FAILED; Expected [Element Should not Exist, locator 'By.tagName: h1'] and Actual [Element Exists]. Comparison Type [EQUALS]. Validation Type [NEGATIVE]. @05-05-2021 01:54:22.0188 AM
[ReportManager] Successfully created attachment [Screenshot - 1620179662121_f12_AssertElementExists_failed] @05-05-2021 01:54:22.0189 A
[ReportManager] Successfully created attachment [Selenium WebDriver Logs - server] @05-05-2021 01:54:22.0212 AM
[ReportManager] Successfully created attachment [Selenium WebDriver Logs - performance] @05-05-2021 01:54:22.0238 AM
[ReportManager] Successfully created attachment [Selenium WebDriver Logs - browser] @05-05-2021 01:54:22.0244 AM
[ReportManager] Successfully created attachment [Selenium WebDriver Logs - driver] @05-05-2021 01:54:22.0293 AM
[ReportManager] Successfully Closed All Drivers. @05-05-2021 01:54:22.0369 A
[ReportManager] File Action [getAbsolutePath] successfully performed. With the following test data [Relative Folder Path: "target/downloadedFiles/"]. @05-05-2021 01:54:22.0376 AM
[ReportManager] Attempting to run remotely on: [Linux-64], [GoogleChrome], [http://localhost:4444/wd/hub], Headless Execution. @05-05-2021 01:54:22.0376 AM
[ReportManager] Successfully Opened [GoogleChrome]. @05-05-2021 01:54:22.0589 AM
[ReportManager] Target URL: [https://the-internet.herokuapp.com/] @05-05-2021 01:54:22.0601 AM
[ReportManager] Initial URL: [data:,] @05-05-2021 01:54:22.0640 AM
[ReportManager] Browser Action [navigateToURL] successfully performed. With the following test data [https://the-internet.herokuapp.com/]. @05-05-2021 01:54:23.0822 A

################################################################################################################################################
Starting Execution:	[24 out of 137] test cases in the current suite
Test Method:		[testPackage01.Test_NewValidationHelper.f13]
################################################################################################################################################
[ReportManager] AssertElementExists FAILED; Expected [Element Should not Exist, locator 'By.tagName: div'] and Actual [Element Exists but is not unique]. Comparison Type [EQUALS]. Validation Type [NEGATIVE]. @05-05-2021 01:54:24.0083 AM
[ReportManager] Successfully created attachment [Screenshot - 1620179664027_f13_AssertElementExists_failed] @05-05-2021 01:54:24.0084 A
[ReportManager] Successfully created attachment [Selenium WebDriver Logs - server] @05-05-2021 01:54:24.0096 AM
[ReportManager] Successfully created attachment [Selenium WebDriver Logs - performance] @05-05-2021 01:54:24.0115 AM
[ReportManager] Successfully created attachment [Selenium WebDriver Logs - browser] @05-05-2021 01:54:24.0122 AM
[ReportManager] Successfully created attachment [Selenium WebDriver Logs - driver] @05-05-2021 01:54:24.0172 AM
[ReportManager] Successfully Closed All Drivers. @05-05-2021 01:54:24.0246 A
[ReportManager] File Action [getAbsolutePath] successfully performed. With the following test data [Relative Folder Path: "target/downloadedFiles/"]. @05-05-2021 01:54:24.0248 AM
[ReportManager] Attempting to run remotely on: [Linux-64], [GoogleChrome], [http://localhost:4444/wd/hub], Headless Execution. @05-05-2021 01:54:24.0249 AM
[ReportManager] Successfully Opened [GoogleChrome]. @05-05-2021 01:54:24.0494 AM
[ReportManager] Target URL: [https://the-internet.herokuapp.com/] @05-05-2021 01:54:24.0506 AM
[ReportManager] Initial URL: [data:,] @05-05-2021 01:54:24.0548 AM
[ReportManager] Browser Action [navigateToURL] successfully performed. With the following test data [https://the-internet.herokuapp.com/]. @05-05-2021 01:54:26.0133 A

################################################################################################################################################
Starting Execution:	[25 out of 137] test cases in the current suite
Test Method:		[testPackage01.Test_NewValidationHelper.f14]
################################################################################################################################################
[ReportManager] Asserting that the header text is correct... @05-05-2021 01:54:26.0135 AM
[ReportManager] Element Action [getText] successfully performed. With the following test data [Welcome to the-internet]. @05-05-2021 01:54:26.0212 AM
[ReportManager] Loaded Shared OpenCV @05-05-2021 01:54:26.0359 AM
[ReportManager] AssertElementAttribute PASSED; Expected [Value Should be 'Welcome to the-internet' for the 'text' attribute, element locator 'By.tagName: h1'] and Actual [Welcome to the-internet]. Comparison Type [EQUALS]. Validation Type [POSITIVE]. @05-05-2021 01:54:26.0422 AM
[ReportManager] Successfully created attachment [Screenshot - 1620179666359_f14_AssertElementAttribute_passed] @05-05-2021 01:54:26.0423 A
[ReportManager] Successfully created attachment [Selenium WebDriver Logs - server] @05-05-2021 01:54:26.0434 AM
[ReportManager] Successfully created attachment [Selenium WebDriver Logs - performance] @05-05-2021 01:54:26.0450 AM
[ReportManager] Successfully created attachment [Selenium WebDriver Logs - browser] @05-05-2021 01:54:26.0456 AM
[ReportManager] Successfully created attachment [Selenium WebDriver Logs - driver] @05-05-2021 01:54:26.0504 AM
[ReportManager] Successfully Closed All Drivers. @05-05-2021 01:54:26.0584 A
[ReportManager] File Action [getAbsolutePath] successfully performed. With the following test data [Relative Folder Path: "target/downloadedFiles/"]. @05-05-2021 01:54:26.0587 AM
[ReportManager] Attempting to run remotely on: [Linux-64], [GoogleChrome], [http://localhost:4444/wd/hub], Headless Execution. @05-05-2021 01:54:26.0587 AM
[ReportManager] Successfully Opened [GoogleChrome]. @05-05-2021 01:54:26.0778 AM
[ReportManager] Target URL: [https://the-internet.herokuapp.com/] @05-05-2021 01:54:26.0789 AM
[ReportManager] Initial URL: [data:,] @05-05-2021 01:54:26.0832 AM
[ReportManager] Browser Action [navigateToURL] successfully performed. With the following test data [https://the-internet.herokuapp.com/]. @05-05-2021 01:54:28.0262 A

################################################################################################################################################
Starting Execution:	[26 out of 137] test cases in the current suite
Test Method:		[testPackage01.Test_NewValidationHelper.f15]
################################################################################################################################################
[ReportManager] Element Action [getText] successfully performed. With the following test data [Welcome to the-internet]. @05-05-2021 01:54:28.0337 AM
[ReportManager] Loaded Shared OpenCV @05-05-2021 01:54:28.0495 AM
[ReportManager] AssertElementAttribute FAILED; Expected [Value Should not be 'Welcome' for the 'text' attribute, element locator 'By.tagName: h1'] and Actual [Welcome to the-internet]. Comparison Type [CONTAINS]. Validation Type [NEGATIVE]. @05-05-2021 01:54:28.0567 AM
[ReportManager] Successfully created attachment [Screenshot - 1620179668495_f15_AssertElementAttribute_failed] @05-05-2021 01:54:28.0568 A
[ReportManager] Successfully created attachment [Selenium WebDriver Logs - server] @05-05-2021 01:54:28.0577 AM
[ReportManager] Successfully created attachment [Selenium WebDriver Logs - performance] @05-05-2021 01:54:28.0596 AM
[ReportManager] Successfully created attachment [Selenium WebDriver Logs - browser] @05-05-2021 01:54:28.0602 AM
[ReportManager] Successfully created attachment [Selenium WebDriver Logs - driver] @05-05-2021 01:54:28.0655 AM
[ReportManager] Successfully Closed All Drivers. @05-05-2021 01:54:28.0731 A
[ReportManager] File Action [getAbsolutePath] successfully performed. With the following test data [Relative Folder Path: "target/downloadedFiles/"]. @05-05-2021 01:54:28.0733 AM
[ReportManager] Attempting to run remotely on: [Linux-64], [GoogleChrome], [http://localhost:4444/wd/hub], Headless Execution. @05-05-2021 01:54:28.0734 AM
[ReportManager] Successfully Opened [GoogleChrome]. @05-05-2021 01:54:28.0941 AM
[ReportManager] Target URL: [https://the-internet.herokuapp.com/] @05-05-2021 01:54:28.0968 AM
[ReportManager] Initial URL: [data:,] @05-05-2021 01:54:29.0010 AM
[ReportManager] Browser Action [navigateToURL] successfully performed. With the following test data [https://the-internet.herokuapp.com/]. @05-05-2021 01:54:29.0813 A

################################################################################################################################################
Starting Execution:	[27 out of 137] test cases in the current suite
Test Method:		[testPackage01.Test_NewValidationHelper.f16]
################################################################################################################################################
[ReportManager] Element Action [identifyUniqueElement] failed. With the following test data [zero elements found matching this locator "By.tagName: h3".]. @05-05-2021 01:54:55.0315 AM
[ReportManager] Successfully created attachment [Screenshot - 1620179695255_f16_identifyUniqueElement_failed] @05-05-2021 01:54:55.0316 AM
[ReportManager] AssertElementAttribute FAILED; Expected [Value Should not be 'Welcome' for the 'text' attribute, element locator 'By.tagName: h3'] and Actual [Failed to read the desired element attribute]. Comparison Type [CONTAINS]. Validation Type [NEGATIVE]. @05-05-2021 01:54:55.0316 A
[ReportManager] Successfully created attachment [Selenium WebDriver Logs - server] @05-05-2021 01:54:55.0329 AM
[ReportManager] Successfully created attachment [Selenium WebDriver Logs - performance] @05-05-2021 01:54:55.0345 AM
[ReportManager] Successfully created attachment [Selenium WebDriver Logs - browser] @05-05-2021 01:54:55.0351 AM
[ReportManager] Successfully created attachment [Selenium WebDriver Logs - driver] @05-05-2021 01:54:55.0429 AM
[ReportManager] Successfully Closed All Drivers. @05-05-2021 01:54:55.0501 A
[ReportManager] File Action [getAbsolutePath] successfully performed. With the following test data [Relative Folder Path: "target/downloadedFiles/"]. @05-05-2021 01:54:55.0503 AM
[ReportManager] Attempting to run remotely on: [Linux-64], [GoogleChrome], [http://localhost:4444/wd/hub], Headless Execution. @05-05-2021 01:54:55.0504 AM
[ReportManager] Successfully Opened [GoogleChrome]. @05-05-2021 01:54:55.0715 AM
[ReportManager] Target URL: [https://the-internet.herokuapp.com/] @05-05-2021 01:54:55.0725 AM
[ReportManager] Initial URL: [data:,] @05-05-2021 01:54:55.0768 AM
[ReportManager] Browser Action [navigateToURL] successfully performed. With the following test data [https://the-internet.herokuapp.com/]. @05-05-2021 01:54:57.0175 A

################################################################################################################################################
Starting Execution:	[28 out of 137] test cases in the current suite
Test Method:		[testPackage01.Test_NewValidationHelper.f17]
################################################################################################################################################
[ReportManager] Attempting to getAttribute [text2] from elementLocator [By.tagName: h1]. @05-05-2021 01:54:57.0177 AM
[ReportManager] Element Action [getAttribute] successfully performed. @05-05-2021 01:54:57.0261 AM
[ReportManager] Loaded Shared OpenCV @05-05-2021 01:54:57.0425 AM
[ReportManager] AssertElementAttribute PASSED; Expected [Value Should not be 'Welcome' for the 'text2' attribute, element locator 'By.tagName: h1'] and Actual [null]. Comparison Type [CONTAINS]. Validation Type [NEGATIVE]. @05-05-2021 01:54:57.0491 AM
[ReportManager] Successfully created attachment [Screenshot - 1620179697424_f17_AssertElementAttribute_passed] @05-05-2021 01:54:57.0493 A
[ReportManager] Successfully created attachment [Selenium WebDriver Logs - server] @05-05-2021 01:54:57.0513 AM
[ReportManager] Successfully created attachment [Selenium WebDriver Logs - performance] @05-05-2021 01:54:57.0531 AM
[ReportManager] Successfully created attachment [Selenium WebDriver Logs - browser] @05-05-2021 01:54:57.0538 AM
[ReportManager] Successfully created attachment [Selenium WebDriver Logs - driver] @05-05-2021 01:54:57.0595 AM
[ReportManager] Successfully Closed All Drivers. @05-05-2021 01:54:57.0676 A
[ReportManager] File Action [getAbsolutePath] successfully performed. With the following test data [Relative Folder Path: "target/downloadedFiles/"]. @05-05-2021 01:54:57.0678 AM
[ReportManager] Attempting to run remotely on: [Linux-64], [GoogleChrome], [http://localhost:4444/wd/hub], Headless Execution. @05-05-2021 01:54:57.0678 AM
[ReportManager] Successfully Opened [GoogleChrome]. @05-05-2021 01:54:57.0984 AM
[ReportManager] Target URL: [https://the-internet.herokuapp.com/] @05-05-2021 01:54:57.0998 AM
[ReportManager] Initial URL: [data:,] @05-05-2021 01:54:58.0049 AM
[ReportManager] Browser Action [navigateToURL] successfully performed. With the following test data [https://the-internet.herokuapp.com/]. @05-05-2021 01:54:59.0487 A

################################################################################################################################################
Starting Execution:	[29 out of 137] test cases in the current suite
Test Method:		[testPackage01.Test_NewValidationHelper.f18]
################################################################################################################################################
[ReportManager] Element Action [getText] successfully performed. With the following test data [Welcome to the-internet]. @05-05-2021 01:54:59.0566 AM
[ReportManager] Loaded Shared OpenCV @05-05-2021 01:54:59.0703 AM
[ReportManager] AssertElementAttribute PASSED; Expected [Value Should not be 'no' for the 'text' attribute, element locator 'By.tagName: h1'] and Actual [Welcome to the-internet]. Comparison Type [CONTAINS]. Validation Type [NEGATIVE]. @05-05-2021 01:54:59.0771 AM
[ReportManager] Successfully created attachment [Screenshot - 1620179699703_f18_AssertElementAttribute_passed] @05-05-2021 01:54:59.0772 A
[ReportManager] Successfully created attachment [Selenium WebDriver Logs - server] @05-05-2021 01:54:59.0797 AM
[ReportManager] Successfully created attachment [Selenium WebDriver Logs - performance] @05-05-2021 01:54:59.0831 AM
[ReportManager] Successfully created attachment [Selenium WebDriver Logs - browser] @05-05-2021 01:54:59.0838 AM
[ReportManager] Successfully created attachment [Selenium WebDriver Logs - driver] @05-05-2021 01:54:59.0891 AM
[ReportManager] Successfully Closed All Drivers. @05-05-2021 01:54:59.0965 A
[ReportManager] File Action [getAbsolutePath] successfully performed. With the following test data [Relative Folder Path: "target/downloadedFiles/"]. @05-05-2021 01:54:59.0967 AM
[ReportManager] Attempting to run remotely on: [Linux-64], [GoogleChrome], [http://localhost:4444/wd/hub], Headless Execution. @05-05-2021 01:54:59.0967 AM
[ReportManager] Successfully Opened [GoogleChrome]. @05-05-2021 01:55:00.0159 AM
[ReportManager] Target URL: [https://the-internet.herokuapp.com/] @05-05-2021 01:55:00.0169 AM
[ReportManager] Initial URL: [data:,] @05-05-2021 01:55:00.0204 AM
[ReportManager] Browser Action [navigateToURL] successfully performed. With the following test data [https://the-internet.herokuapp.com/]. @05-05-2021 01:55:01.0647 A

################################################################################################################################################
Starting Execution:	[30 out of 137] test cases in the current suite
Test Method:		[testPackage01.Test_NewValidationHelper.f19]
################################################################################################################################################
[ReportManager] Element Action [getTagName] successfully performed. With the following test data [h1]. @05-05-2021 01:55:01.0725 AM
[ReportManager] Loaded Shared OpenCV @05-05-2021 01:55:01.0873 AM
[ReportManager] AssertElementAttribute PASSED; Expected [Value Should be 'h' for the 'tagname' attribute, element locator 'By.tagName: h1'] and Actual [h1]. Comparison Type [CONTAINS]. Validation Type [POSITIVE]. @05-05-2021 01:55:01.0936 AM
[ReportManager] Successfully created attachment [Screenshot - 1620179701873_f19_AssertElementAttribute_passed] @05-05-2021 01:55:01.0937 A
[ReportManager] Successfully created attachment [Selenium WebDriver Logs - server] @05-05-2021 01:55:01.0952 AM
[ReportManager] Successfully created attachment [Selenium WebDriver Logs - performance] @05-05-2021 01:55:01.0969 AM
[ReportManager] Successfully created attachment [Selenium WebDriver Logs - browser] @05-05-2021 01:55:01.0975 AM
[ReportManager] Successfully created attachment [Selenium WebDriver Logs - driver] @05-05-2021 01:55:02.0025 AM
[ReportManager] Successfully Closed All Drivers. @05-05-2021 01:55:02.0096 A

################################################################################################################################################
Starting Execution:	[31 out of 137] test cases in the current suite
Test Method:		[testPackage01.Test_NewValidationHelper.f2]
################################################################################################################################################
[ReportManager] Checking valid user data... @05-05-2021 01:55:02.0105 AM
[ReportManager] AssertEquals FAILED; Expected [1] and Actual [2]. Comparison Type [EQUALS]. Validation Type [POSITIVE]. @05-05-2021 01:55:02.0105 A
[ReportManager] File Action [getAbsolutePath] successfully performed. With the following test data [Relative Folder Path: "target/downloadedFiles/"]. @05-05-2021 01:55:02.0108 AM
[ReportManager] Attempting to run remotely on: [Linux-64], [GoogleChrome], [http://localhost:4444/wd/hub], Headless Execution. @05-05-2021 01:55:02.0109 AM
[ReportManager] Successfully Opened [GoogleChrome]. @05-05-2021 01:55:02.0300 AM
[ReportManager] Target URL: [https://the-internet.herokuapp.com/] @05-05-2021 01:55:02.0312 AM
[ReportManager] Initial URL: [data:,] @05-05-2021 01:55:02.0357 AM
[ReportManager] Browser Action [navigateToURL] successfully performed. With the following test data [https://the-internet.herokuapp.com/]. @05-05-2021 01:55:03.0756 A

################################################################################################################################################
Starting Execution:	[32 out of 137] test cases in the current suite
Test Method:		[testPackage01.Test_NewValidationHelper.f20]
################################################################################################################################################
[ReportManager] Element Action [getSize] successfully performed. With the following test data [(755, 61)]. @05-05-2021 01:55:03.0840 AM
[ReportManager] Loaded Shared OpenCV @05-05-2021 01:55:03.0975 AM
[ReportManager] AssertElementAttribute PASSED; Expected [Value Should not be 'a' for the 'size' attribute, element locator 'By.tagName: h1'] and Actual [(755, 61)]. Comparison Type [CONTAINS]. Validation Type [NEGATIVE]. @05-05-2021 01:55:04.0039 AM
[ReportManager] Successfully created attachment [Screenshot - 1620179703975_f20_AssertElementAttribute_passed] @05-05-2021 01:55:04.0040 A
[ReportManager] Successfully created attachment [Selenium WebDriver Logs - server] @05-05-2021 01:55:04.0057 AM
[ReportManager] Successfully created attachment [Selenium WebDriver Logs - performance] @05-05-2021 01:55:04.0076 AM
[ReportManager] Successfully created attachment [Selenium WebDriver Logs - browser] @05-05-2021 01:55:04.0082 AM
[ReportManager] Successfully created attachment [Selenium WebDriver Logs - driver] @05-05-2021 01:55:04.0136 AM
[ReportManager] Successfully Closed All Drivers. @05-05-2021 01:55:04.0217 A
[ReportManager] File Action [getAbsolutePath] successfully performed. With the following test data [Relative Folder Path: "target/downloadedFiles/"]. @05-05-2021 01:55:04.0220 AM
[ReportManager] Attempting to run remotely on: [Linux-64], [GoogleChrome], [http://localhost:4444/wd/hub], Headless Execution. @05-05-2021 01:55:04.0220 AM
[ReportManager] Successfully Opened [GoogleChrome]. @05-05-2021 01:55:04.0522 AM
[ReportManager] Target URL: [https://the-internet.herokuapp.com/] @05-05-2021 01:55:04.0534 AM
[ReportManager] Initial URL: [data:,] @05-05-2021 01:55:04.0603 AM
[ReportManager] Browser Action [navigateToURL] successfully performed. With the following test data [https://the-internet.herokuapp.com/]. @05-05-2021 01:55:06.0015 A

################################################################################################################################################
Starting Execution:	[33 out of 137] test cases in the current suite
Test Method:		[testPackage01.Test_NewValidationHelper.f21]
################################################################################################################################################
[ReportManager] Element Action [identifyUniqueElement] failed. With the following test data [zero elements found matching this locator "By.tagName: h3".]. @05-05-2021 01:55:31.0536 AM
[ReportManager] Successfully created attachment [Screenshot - 1620179731474_f21_identifyUniqueElement_failed] @05-05-2021 01:55:31.0536 AM
[ReportManager] AssertElementAttribute FAILED; Expected [Value Should be 'Welcome' for the 'text' attribute, element locator 'By.tagName: h3'] and Actual [Failed to read the desired element attribute]. Comparison Type [CONTAINS]. Validation Type [POSITIVE]. @05-05-2021 01:55:31.0537 A
[ReportManager] Successfully created attachment [Selenium WebDriver Logs - server] @05-05-2021 01:55:31.0554 AM
[ReportManager] Successfully created attachment [Selenium WebDriver Logs - performance] @05-05-2021 01:55:31.0575 AM
[ReportManager] Successfully created attachment [Selenium WebDriver Logs - browser] @05-05-2021 01:55:31.0580 AM
[ReportManager] Successfully created attachment [Selenium WebDriver Logs - driver] @05-05-2021 01:55:31.0645 AM
[ReportManager] Successfully Closed All Drivers. @05-05-2021 01:55:31.0718 A
[ReportManager] File Action [getAbsolutePath] successfully performed. With the following test data [Relative Folder Path: "target/downloadedFiles/"]. @05-05-2021 01:55:31.0721 AM
[ReportManager] Attempting to run remotely on: [Linux-64], [GoogleChrome], [http://localhost:4444/wd/hub], Headless Execution. @05-05-2021 01:55:31.0721 AM
[ReportManager] Successfully Opened [GoogleChrome]. @05-05-2021 01:55:31.0938 AM
[ReportManager] Target URL: [https://the-internet.herokuapp.com/] @05-05-2021 01:55:31.0949 AM
[ReportManager] Initial URL: [data:,] @05-05-2021 01:55:31.0995 AM
[ReportManager] Browser Action [navigateToURL] successfully performed. With the following test data [https://the-internet.herokuapp.com/]. @05-05-2021 01:55:33.0412 A

################################################################################################################################################
Starting Execution:	[34 out of 137] test cases in the current suite
Test Method:		[testPackage01.Test_NewValidationHelper.f22]
################################################################################################################################################
[ReportManager] Element Action [getText] successfully performed. With the following test data [Welcome to the-internet]. @05-05-2021 01:55:33.0508 AM
[ReportManager] Loaded Shared OpenCV @05-05-2021 01:55:33.0663 AM
[ReportManager] AssertElementAttribute FAILED; Expected [Value Should be 'yyy' for the 'text' attribute, element locator 'By.tagName: h1'] and Actual [Welcome to the-internet]. Comparison Type [CONTAINS]. Validation Type [POSITIVE]. @05-05-2021 01:55:33.0733 AM
[ReportManager] Successfully created attachment [Screenshot - 1620179733663_f22_AssertElementAttribute_failed] @05-05-2021 01:55:33.0734 A
[ReportManager] Successfully created attachment [Selenium WebDriver Logs - server] @05-05-2021 01:55:33.0747 AM
[ReportManager] Successfully created attachment [Selenium WebDriver Logs - performance] @05-05-2021 01:55:33.0765 AM
[ReportManager] Successfully created attachment [Selenium WebDriver Logs - browser] @05-05-2021 01:55:33.0771 AM
[ReportManager] Successfully created attachment [Selenium WebDriver Logs - driver] @05-05-2021 01:55:33.0818 AM
[ReportManager] Successfully Closed All Drivers. @05-05-2021 01:55:33.0895 A

################################################################################################################################################
Starting Execution:	[35 out of 137] test cases in the current suite
Test Method:		[testPackage01.Test_NewValidationHelper.f23]
################################################################################################################################################
[ReportManager] confirming that the actual is greater than or equal to the expected... @05-05-2021 01:55:33.0903 AM
[ReportManager] AssertComparativeRelation PASSED; Expected [1] and Actual [1]. Comparison Type [GREATER_THAN_OR_EQUALS]. Validation Type [POSITIVE]. @05-05-2021 01:55:33.0903 A

################################################################################################################################################
Starting Execution:	[36 out of 137] test cases in the current suite
Test Method:		[testPackage01.Test_NewValidationHelper.f24]
################################################################################################################################################
[ReportManager] AssertComparativeRelation PASSED; Expected [1] and Actual [10]. Comparison Type [GREATER_THAN_OR_EQUALS]. Validation Type [POSITIVE]. @05-05-2021 01:55:33.0906 A

################################################################################################################################################
Starting Execution:	[37 out of 137] test cases in the current suite
Test Method:		[testPackage01.Test_NewValidationHelper.f25]
################################################################################################################################################
[ReportManager] AssertComparativeRelation PASSED; Expected [1] and Actual [1]. Comparison Type [EQUALS]. Validation Type [POSITIVE]. @05-05-2021 01:55:33.0909 A

################################################################################################################################################
Starting Execution:	[38 out of 137] test cases in the current suite
Test Method:		[testPackage01.Test_NewValidationHelper.f26]
################################################################################################################################################
[ReportManager] AssertComparativeRelation PASSED; Expected [1] and Actual [5]. Comparison Type [GREATER_THAN]. Validation Type [POSITIVE]. @05-05-2021 01:55:33.0915 A

################################################################################################################################################
Starting Execution:	[39 out of 137] test cases in the current suite
Test Method:		[testPackage01.Test_NewValidationHelper.f27]
################################################################################################################################################
[ReportManager] AssertComparativeRelation PASSED; Expected [11] and Actual [5]. Comparison Type [LESS_THAN]. Validation Type [POSITIVE]. @05-05-2021 01:55:33.0925 A

################################################################################################################################################
Starting Execution:	[40 out of 137] test cases in the current suite
Test Method:		[testPackage01.Test_NewValidationHelper.f28]
################################################################################################################################################
[ReportManager] AssertComparativeRelation PASSED; Expected [11] and Actual [5]. Comparison Type [LESS_THAN_OR_EQUALS]. Validation Type [POSITIVE]. @05-05-2021 01:55:33.0930 A

################################################################################################################################################
Starting Execution:	[41 out of 137] test cases in the current suite
Test Method:		[testPackage01.Test_NewValidationHelper.f29]
################################################################################################################################################
[ReportManager] AssertComparativeRelation PASSED; Expected [11] and Actual [11]. Comparison Type [LESS_THAN_OR_EQUALS]. Validation Type [POSITIVE]. @05-05-2021 01:55:33.0934 A

################################################################################################################################################
Starting Execution:	[42 out of 137] test cases in the current suite
Test Method:		[testPackage01.Test_NewValidationHelper.f3]
################################################################################################################################################
[ReportManager] AssertEquals PASSED; Expected [1] and Actual [2]. Comparison Type [EQUALS]. Validation Type [NEGATIVE]. @05-05-2021 01:55:33.0936 A

################################################################################################################################################
Starting Execution:	[43 out of 137] test cases in the current suite
Test Method:		[testPackage01.Test_NewValidationHelper.f30]
################################################################################################################################################
[ReportManager] AssertComparativeRelation FAILED; Expected [-9] and Actual [11]. Comparison Type [LESS_THAN_OR_EQUALS]. Validation Type [POSITIVE]. @05-05-2021 01:55:33.0938 A

################################################################################################################################################
Starting Execution:	[44 out of 137] test cases in the current suite
Test Method:		[testPackage01.Test_NewValidationHelper.f31]
################################################################################################################################################
[ReportManager] AssertTrue PASSED; Expected [TRUE] and Actual [TRUE]. Validation Type [POSITIVE]. @05-05-2021 01:55:33.0939 A

################################################################################################################################################
Starting Execution:	[45 out of 137] test cases in the current suite
Test Method:		[testPackage01.Test_NewValidationHelper.f32]
################################################################################################################################################
[ReportManager] AssertTrue PASSED; Expected [FALSE] and Actual [FALSE]. Validation Type [NEGATIVE]. @05-05-2021 01:55:33.0941 A

################################################################################################################################################
Starting Execution:	[46 out of 137] test cases in the current suite
Test Method:		[testPackage01.Test_NewValidationHelper.f33]
################################################################################################################################################
[ReportManager] AssertTrue FAILED; Expected [FALSE] and Actual [TRUE]. Validation Type [NEGATIVE]. @05-05-2021 01:55:33.0948 A

################################################################################################################################################
Starting Execution:	[47 out of 137] test cases in the current suite
Test Method:		[testPackage01.Test_NewValidationHelper.f34]
################################################################################################################################################
[ReportManager] AssertTrue FAILED; Expected [TRUE] and Actual [FALSE]. Validation Type [POSITIVE]. @05-05-2021 01:55:33.0954 A

################################################################################################################################################
Starting Execution:	[48 out of 137] test cases in the current suite
Test Method:		[testPackage01.Test_NewValidationHelper.f35]
################################################################################################################################################
[ReportManager] File Action [doesFileExist] successfully performed. With the following test data [File Path: "pom.xml"]. @05-05-2021 01:55:33.0958 AM
[ReportManager] AssertFileExists PASSED; Expected [File 'pom.xml' should exist, after up to '1' retries] and Actual [File exists]. Validation Type [POSITIVE]. @05-05-2021 01:55:33.0963 A

################################################################################################################################################
Starting Execution:	[49 out of 137] test cases in the current suite
Test Method:		[testPackage01.Test_NewValidationHelper.f36]
################################################################################################################################################
[ReportManager] File Action [doesFileExist] successfully performed. With the following test data [File Path: "src/test/java/testPackage01/Test_NewValidationHelper.java"]. @05-05-2021 01:55:33.0966 AM
[ReportManager] AssertFileExists PASSED; Expected [File 'src/test/java/testPackage01/Test_NewValidationHelper.java' should exist, after up to '1' retries] and Actual [File exists]. Validation Type [POSITIVE]. @05-05-2021 01:55:33.0967 A

################################################################################################################################################
Starting Execution:	[50 out of 137] test cases in the current suite
Test Method:		[testPackage01.Test_NewValidationHelper.f37]
################################################################################################################################################
[ReportManager] confirming that the file does't exist after 5 retries... @05-05-2021 01:55:33.0971 AM
[ReportManager] File Action [doesFileExist] successfully performed. With the following test data [File Path: "pom.xml"]. @05-05-2021 01:55:33.0971 AM
[ReportManager] AssertFileExists FAILED; Expected [File 'pom.xml' should not exist, after up to '5' retries] and Actual [File exists]. Validation Type [NEGATIVE]. @05-05-2021 01:55:33.0972 A

################################################################################################################################################
Starting Execution:	[51 out of 137] test cases in the current suite
Test Method:		[testPackage01.Test_NewValidationHelper.f3_1]
################################################################################################################################################
[ReportManager] Checking valid user data... @05-05-2021 01:55:33.0976 AM
[ReportManager] AssertEquals PASSED; Expected [null] and Actual [null]. Comparison Type [EQUALS]. Validation Type [POSITIVE]. @05-05-2021 01:55:33.0976 A

################################################################################################################################################
Starting Execution:	[52 out of 137] test cases in the current suite
Test Method:		[testPackage01.Test_NewValidationHelper.f4]
################################################################################################################################################
[ReportManager] AssertEquals PASSED; Expected [1] and Actual [123]. Comparison Type [CONTAINS]. Validation Type [POSITIVE]. @05-05-2021 01:55:33.0979 A

################################################################################################################################################
Starting Execution:	[53 out of 137] test cases in the current suite
Test Method:		[testPackage01.Test_NewValidationHelper.f5]
################################################################################################################################################
[ReportManager] AssertNull PASSED; Expected [NULL] and Actual [1]. Comparison Type [EQUALS]. Validation Type [NEGATIVE]. @05-05-2021 01:55:33.0985 A

################################################################################################################################################
Starting Execution:	[54 out of 137] test cases in the current suite
Test Method:		[testPackage01.Test_NewValidationHelper.f6]
################################################################################################################################################
[ReportManager] Making sure that null string is not equal to null object... @05-05-2021 01:55:33.0986 AM
[ReportManager] AssertNull FAILED; Expected [NULL] and Actual [NULL]. Comparison Type [EQUALS]. Validation Type [POSITIVE]. @05-05-2021 01:55:33.0987 A

################################################################################################################################################
Starting Execution:	[55 out of 137] test cases in the current suite
Test Method:		[testPackage01.Test_NewValidationHelper.f6_1]
################################################################################################################################################
[ReportManager] AssertNull FAILED; Expected [NULL] and Actual [NULL]. Comparison Type [EQUALS]. Validation Type [NEGATIVE]. @05-05-2021 01:55:33.0990 A

################################################################################################################################################
Starting Execution:	[56 out of 137] test cases in the current suite
Test Method:		[testPackage01.Test_NewValidationHelper.f6_2]
################################################################################################################################################
[ReportManager] Making sure that null string is not equal to null object... @05-05-2021 01:55:33.0994 AM
[ReportManager] AssertNull FAILED; Expected [NULL] and Actual [not null]. Comparison Type [EQUALS]. Validation Type [POSITIVE]. @05-05-2021 01:55:33.0995 A

################################################################################################################################################
Starting Execution:	[57 out of 137] test cases in the current suite
Test Method:		[testPackage01.Test_NewValidationHelper.f7]
################################################################################################################################################
[ReportManager] AssertNull PASSED; Expected [NULL] and Actual [NULL]. Comparison Type [EQUALS]. Validation Type [POSITIVE]. @05-05-2021 01:55:33.0998 A
[ReportManager] File Action [getAbsolutePath] successfully performed. With the following test data [Relative Folder Path: "target/downloadedFiles/"]. @05-05-2021 01:55:34.0000 AM
[ReportManager] Attempting to run remotely on: [Linux-64], [GoogleChrome], [http://localhost:4444/wd/hub], Headless Execution. @05-05-2021 01:55:34.0000 AM
[ReportManager] Successfully Opened [GoogleChrome]. @05-05-2021 01:55:34.0218 AM
[ReportManager] Target URL: [https://the-internet.herokuapp.com/] @05-05-2021 01:55:34.0229 AM
[ReportManager] Initial URL: [data:,] @05-05-2021 01:55:34.0268 AM
[ReportManager] Browser Action [navigateToURL] successfully performed. With the following test data [https://the-internet.herokuapp.com/]. @05-05-2021 01:55:35.0677 A

################################################################################################################################################
Starting Execution:	[58 out of 137] test cases in the current suite
Test Method:		[testPackage01.Test_NewValidationHelper.f8]
################################################################################################################################################
[ReportManager] Loaded Shared OpenCV @05-05-2021 01:55:35.0886 AM
[ReportManager] AssertElementExists PASSED; Expected [Element Should Exist, locator 'By.tagName: h1'] and Actual [Element Exists]. Comparison Type [EQUALS]. Validation Type [POSITIVE]. @05-05-2021 01:55:35.0948 AM
[ReportManager] Successfully created attachment [Screenshot - 1620179735885_f8_AssertElementExists_passed] @05-05-2021 01:55:35.0949 A
[ReportManager] Successfully created attachment [Selenium WebDriver Logs - server] @05-05-2021 01:55:35.0963 AM
[ReportManager] Successfully created attachment [Selenium WebDriver Logs - performance] @05-05-2021 01:55:35.0982 AM
[ReportManager] Successfully created attachment [Selenium WebDriver Logs - browser] @05-05-2021 01:55:35.0988 AM
[ReportManager] Successfully created attachment [Selenium WebDriver Logs - driver] @05-05-2021 01:55:36.0036 AM
[ReportManager] Successfully Closed All Drivers. @05-05-2021 01:55:36.0111 A
[ReportManager] File Action [getAbsolutePath] successfully performed. With the following test data [Relative Folder Path: "target/downloadedFiles/"]. @05-05-2021 01:55:36.0113 AM
[ReportManager] Attempting to run remotely on: [Linux-64], [GoogleChrome], [http://localhost:4444/wd/hub], Headless Execution. @05-05-2021 01:55:36.0113 AM
[ReportManager] Successfully Opened [GoogleChrome]. @05-05-2021 01:55:36.0347 AM
[ReportManager] Target URL: [https://the-internet.herokuapp.com/] @05-05-2021 01:55:36.0357 AM
[ReportManager] Initial URL: [data:,] @05-05-2021 01:55:36.0400 AM
[ReportManager] Browser Action [navigateToURL] successfully performed. With the following test data [https://the-internet.herokuapp.com/]. @05-05-2021 01:55:37.0781 A

################################################################################################################################################
Starting Execution:	[59 out of 137] test cases in the current suite
Test Method:		[testPackage01.Test_NewValidationHelper.f9]
################################################################################################################################################
[ReportManager] AssertElementExists FAILED; Expected [Element Should Exist, locator 'By.tagName: h3'] and Actual [Element Doesn't Exists]. Comparison Type [EQUALS]. Validation Type [POSITIVE]. @05-05-2021 01:56:08.0393 AM
[ReportManager] Successfully created attachment [Screenshot - 1620179768339_f9_AssertElementExists_failed] @05-05-2021 01:56:08.0394 A
[ReportManager] Successfully created attachment [Selenium WebDriver Logs - server] @05-05-2021 01:56:08.0404 AM
[ReportManager] Successfully created attachment [Selenium WebDriver Logs - performance] @05-05-2021 01:56:08.0423 AM
[ReportManager] Successfully created attachment [Selenium WebDriver Logs - browser] @05-05-2021 01:56:08.0429 AM
[ReportManager] Successfully created attachment [Selenium WebDriver Logs - driver] @05-05-2021 01:56:08.0520 AM
[ReportManager] Successfully Closed All Drivers. @05-05-2021 01:56:08.0593 A

################################################################################################################################################
Starting Execution:	[60 out of 137] test cases in the current suite
Test Method:		[testPackage01.Test_NewValidationHelper.forceFail]
################################################################################################################################################
[ReportManager] AssertFail FAILED; Expected [null] and Actual [null]. @05-05-2021 01:56:08.0597 A

################################################################################################################################################
Starting Execution:	[61 out of 137] test cases in the current suite
Test Method:		[testPackage01.Test_NewValidationHelper.forceFail2]
################################################################################################################################################
[ReportManager] Custom Message... @05-05-2021 01:56:08.0601 AM
[ReportManager] AssertFail FAILED; Expected [null] and Actual [null]. @05-05-2021 01:56:08.0601 A
[ReportManager] Successfully loaded the following test data file [src/test/resources/TestDataFiles/testSuite01/TestData.xlsx]. @05-05-2021 01:56:09.0222 AM
[ReportManager] Successfully created attachment [Test Data - Excel] @05-05-2021 01:56:09.0223 AM
[ReportManager] File Action [getAbsolutePath] successfully performed. With the following test data [Relative Folder Path: "target/downloadedFiles/"]. @05-05-2021 01:56:09.0223 AM
[ReportManager] Attempting to run remotely on: [Linux-64], [GoogleChrome], [http://localhost:4444/wd/hub], Headless Execution. @05-05-2021 01:56:09.0223 AM
[ReportManager] Successfully Opened [GoogleChrome]. @05-05-2021 01:56:09.0643 A

################################################################################################################################################
Starting Execution:	[62 out of 137] test cases in the current suite
Test Method:		[testPackage01.Test_google.navigateToURLandVerifyGoogleLogoIsDisplayed]
Test Description:	[TC001 - Navigate to URL and Verify Google Logo is Displayed]
################################################################################################################################################
[ReportManager] Target URL: [https://www.google.com/ncr], and after redirection: [https://www.google.com] @05-05-2021 01:56:09.0680 AM
[ReportManager] Initial URL: [data:,] @05-05-2021 01:56:09.0725 AM
[ReportManager] Browser Action [navigateToURL] successfully performed. With the following test data [https://www.google.com/ncr]. @05-05-2021 01:56:10.0724 AM
[ReportManager] Loaded Shared OpenCV @05-05-2021 01:56:10.0938 AM
[ReportManager] AssertElementExists PASSED; Expected [Element Should Exist, locator 'By.xpath: //img[@id='hplogo' or @alt='Google']'] and Actual [Element Exists]. Comparison Type [EQUALS]. Validation Type [POSITIVE]. @05-05-2021 01:56:11.0005 AM
[ReportManager] Successfully created attachment [Screenshot - 1620179770938_navigateToURLandVerifyGoogleLogoIsDisplayed_AssertElementExists_passed] @05-05-2021 01:56:11.0006 A

################################################################################################################################################
Starting Execution:	[63 out of 137] test cases in the current suite
Test Method:		[testPackage01.Test_google.searchForQueryandAssertResultsNumDisplayed]
Test Description:	[TC002 - Search for Query and Assert that the number of results is displayed]
################################################################################################################################################
[ReportManager] Element Action [type] successfully performed. With the following test data [SHAFT_Engine]. @05-05-2021 01:56:11.0603 AM
[ReportManager] Element Action [keyPress] successfully performed. With the following test data [Enter]. @05-05-2021 01:56:13.0145 AM
[ReportManager] Element Action [getText] successfully performed. With the following test data [About 696,000 results (0.64 seconds) ]. @05-05-2021 01:56:13.0218 AM
[ReportManager] Loaded Shared OpenCV @05-05-2021 01:56:13.0365 AM
[ReportManager] AssertElementAttribute PASSED; Expected [Value Should not be '' for the 'Text' attribute, element locator 'By.id: appbar'] and Actual [About 696,000 results (0.64 seconds) ]. Comparison Type [EQUALS]. Validation Type [NEGATIVE]. @05-05-2021 01:56:13.0440 AM
[ReportManager] Successfully created attachment [Screenshot - 1620179773365_searchForQueryandAssertResultsNumDisplayed_AssertElementAttribute_passed] @05-05-2021 01:56:13.0442 A

################################################################################################################################################
Starting Execution:	[64 out of 137] test cases in the current suite
Test Method:		[testPackage01.Test_google.clickNextThrice]
Test Description:	[TC003 - Clicks the next button to make sure that the framework can scroll element into view before clicking it]
################################################################################################################################################
[ReportManager] Element Action [click] successfully performed. With the following test data [Next]. @05-05-2021 01:56:15.0096 A
[ReportManager] Successfully created attachment [Selenium WebDriver Logs - server] @05-05-2021 01:56:15.0270 AM
[ReportManager] Successfully created attachment [Selenium WebDriver Logs - performance] @05-05-2021 01:56:15.0502 AM
[ReportManager] Successfully created attachment [Selenium WebDriver Logs - driver] @05-05-2021 01:56:15.0806 AM
[ReportManager] Browser Action [closeCurrentWindow] successfully performed. @05-05-2021 01:56:15.0866 AM
[ReportManager] Successfully created attachment [Browser Action Test Data - closeCurrentWindow - Actual Value] @05-05-2021 01:56:15.0868 A

################################################################################################################################################
Starting Execution:	[65 out of 137] test cases in the current suite
Test Method:		[testPackage01.Test_testData.f]
################################################################################################################################################
[ReportManager] Successfully loaded the following test data file [src/test/resources/TestDataFiles/testSuite01/TestData.xlsx]. @05-05-2021 01:56:15.0954 AM
[ReportManager] Successfully created attachment [Test Data - Excel] @05-05-2021 01:56:15.0954 AM
[ReportManager] Last Column Number is: [3]. Zero-based. @05-05-2021 01:56:15.0959 A

################################################################################################################################################
Starting Execution:	[66 out of 137] test cases in the current suite
Test Method:		[testPackage01.Test_JsonActions.f]
###############################################################################################################################################

################################################################################################################################################
Starting Execution:	[67 out of 137] test cases in the current suite
Test Method:		[testPackage01.Test_JsonActions.f2]
###############################################################################################################################################

################################################################################################################################################
Starting Execution:	[68 out of 137] test cases in the current suite
Test Method:		[testPackage01.Test_JsonCompareWithSpecialCharacters.specialCharacters]
################################################################################################################################################
[ReportManager] File Action [getAbsolutePath] successfully performed. With the following test data [Relative Folder Path: "src/test/resources/TestJsonFiles/specialCharacters.json"]. @05-05-2021 01:56:16.0086 AM
[ReportManager] File Action [readFromFile] successfully performed. With the following test data [File Path: "/home/runner/work/SHAFT_ENGINE/SHAFT_ENGINE/src/test/resources/TestJsonFiles/specialCharacters.json"]. @05-05-2021 01:56:16.0092 AM
[ReportManager] Successfully created attachment [File Action Actual Result - Command Log] @05-05-2021 01:56:16.0092 AM
[ReportManager] Comparing the provided API response with the file at this path "src/test/resources/TestJsonFiles/specialCharacters.json", comparison type "EQUALS" @05-05-2021 01:56:16.0186 AM
[ReportManager] API Action [compareJSON] successfully performed. With the following test data [src/test/resources/TestJsonFiles/specialCharacters.json]. @05-05-2021 01:56:16.0287 AM
[ReportManager] File Action [getAbsolutePath] successfully performed. With the following test data [Relative Folder Path: "src/test/resources/TestJsonFiles/specialCharacters.json"]. @05-05-2021 01:56:16.0288 AM
[ReportManager] File Action [readFromFile] successfully performed. With the following test data [File Path: "/home/runner/work/SHAFT_ENGINE/SHAFT_ENGINE/src/test/resources/TestJsonFiles/specialCharacters.json"]. @05-05-2021 01:56:16.0288 AM
[ReportManager] VerifyJSONFileContent PASSED; Expected [Response data should match the JSON File in this path 'src/test/resources/TestJsonFiles/specialCharacters.json'] and Actual [TRUE]. Comparison Type [EQUALS]. Validation Type [POSITIVE]. @05-05-2021 01:56:16.0295 AM
[ReportManager] Successfully created attachment [Validation Test Data - Expected JSON Value] @05-05-2021 01:56:16.0296 AM
[ReportManager] Successfully created attachment [Validation Test Data - Actual JSON Value] @05-05-2021 01:56:16.0296 A

################################################################################################################################################
Starting Execution:	[69 out of 137] test cases in the current suite
Test Method:		[testPackage01.Test_JsonCompareWithSpecialCharacters.specialCharacters_assertion]
################################################################################################################################################
[ReportManager] File Action [getAbsolutePath] successfully performed. With the following test data [Relative Folder Path: "src/test/resources/TestJsonFiles/specialCharacters.json"]. @05-05-2021 01:56:16.0307 AM
[ReportManager] File Action [readFromFile] successfully performed. With the following test data [File Path: "/home/runner/work/SHAFT_ENGINE/SHAFT_ENGINE/src/test/resources/TestJsonFiles/specialCharacters.json"]. @05-05-2021 01:56:16.0307 AM
[ReportManager] Successfully created attachment [File Action Actual Result - Command Log] @05-05-2021 01:56:16.0307 AM
[ReportManager] trying out the log message... @05-05-2021 01:56:16.0308 AM
[ReportManager] Comparing the provided API response with the file at this path "src/test/resources/TestJsonFiles/specialCharacters.json", comparison type "CONTAINS" @05-05-2021 01:56:16.0308 AM
[ReportManager] API Action [compareJSON] successfully performed. With the following test data [src/test/resources/TestJsonFiles/specialCharacters.json]. @05-05-2021 01:56:16.0325 AM
[ReportManager] File Action [getAbsolutePath] successfully performed. With the following test data [Relative Folder Path: "src/test/resources/TestJsonFiles/specialCharacters.json"]. @05-05-2021 01:56:16.0326 AM
[ReportManager] File Action [readFromFile] successfully performed. With the following test data [File Path: "/home/runner/work/SHAFT_ENGINE/SHAFT_ENGINE/src/test/resources/TestJsonFiles/specialCharacters.json"]. @05-05-2021 01:56:16.0326 AM
[ReportManager] AssertJSONFileContent PASSED; Expected [Response data should match the JSON File in this path 'src/test/resources/TestJsonFiles/specialCharacters.json'] and Actual [TRUE]. Comparison Type [CONTAINS]. Validation Type [POSITIVE]. @05-05-2021 01:56:16.0337 AM
[ReportManager] Successfully created attachment [Validation Test Data - Expected JSON Value] @05-05-2021 01:56:16.0337 AM
[ReportManager] Successfully created attachment [Validation Test Data - Actual JSON Value] @05-05-2021 01:56:16.0338 A

################################################################################################################################################
Starting Execution:	[70 out of 137] test cases in the current suite
Test Method:		[unitTests.tests_validations_assertions.assertComparativeRelation_greaterThanOrEquals_false_equals_expectedToFail]
################################################################################################################################################
[ReportManager] AssertComparativeRelation FAILED; Expected [1] and Actual [1]. Comparison Type [GREATER_THAN_OR_EQUALS]. Validation Type [NEGATIVE]. @05-05-2021 01:56:16.0343 A

################################################################################################################################################
Starting Execution:	[71 out of 137] test cases in the current suite
Test Method:		[unitTests.tests_validations_assertions.assertComparativeRelation_greaterThanOrEquals_false_equals_expectedToPass]
################################################################################################################################################
[ReportManager] AssertComparativeRelation PASSED; Expected [2] and Actual [1]. Comparison Type [GREATER_THAN_OR_EQUALS]. Validation Type [NEGATIVE]. @05-05-2021 01:56:16.0348 A

################################################################################################################################################
Starting Execution:	[72 out of 137] test cases in the current suite
Test Method:		[unitTests.tests_validations_assertions.assertComparativeRelation_greaterThanOrEquals_false_greaterThan_expectedToFail]
################################################################################################################################################
[ReportManager] AssertComparativeRelation FAILED; Expected [1] and Actual [2]. Comparison Type [GREATER_THAN_OR_EQUALS]. Validation Type [NEGATIVE]. @05-05-2021 01:56:16.0350 A

################################################################################################################################################
Starting Execution:	[73 out of 137] test cases in the current suite
Test Method:		[unitTests.tests_validations_assertions.assertComparativeRelation_greaterThanOrEquals_false_greaterThan_expectedToPass]
################################################################################################################################################
[ReportManager] AssertComparativeRelation PASSED; Expected [2] and Actual [1]. Comparison Type [GREATER_THAN_OR_EQUALS]. Validation Type [NEGATIVE]. @05-05-2021 01:56:16.0355 A

################################################################################################################################################
Starting Execution:	[74 out of 137] test cases in the current suite
Test Method:		[unitTests.tests_validations_assertions.assertComparativeRelation_greaterThanOrEquals_true_equals_expectedToFail]
################################################################################################################################################
[ReportManager] AssertComparativeRelation FAILED; Expected [1] and Actual [0]. Comparison Type [GREATER_THAN_OR_EQUALS]. Validation Type [POSITIVE]. @05-05-2021 01:56:16.0363 A

################################################################################################################################################
Starting Execution:	[75 out of 137] test cases in the current suite
Test Method:		[unitTests.tests_validations_assertions.assertComparativeRelation_greaterThanOrEquals_true_equals_expectedToPass]
################################################################################################################################################
[ReportManager] AssertComparativeRelation PASSED; Expected [1] and Actual [1]. Comparison Type [GREATER_THAN_OR_EQUALS]. Validation Type [POSITIVE]. @05-05-2021 01:56:16.0366 A

################################################################################################################################################
Starting Execution:	[76 out of 137] test cases in the current suite
Test Method:		[unitTests.tests_validations_assertions.assertComparativeRelation_greaterThanOrEquals_true_greaterThan_expectedToFail]
################################################################################################################################################
[ReportManager] AssertComparativeRelation FAILED; Expected [2] and Actual [1]. Comparison Type [GREATER_THAN_OR_EQUALS]. Validation Type [POSITIVE]. @05-05-2021 01:56:16.0370 A

################################################################################################################################################
Starting Execution:	[77 out of 137] test cases in the current suite
Test Method:		[unitTests.tests_validations_assertions.assertComparativeRelation_greaterThanOrEquals_true_greaterThan_expectedToPass]
################################################################################################################################################
[ReportManager] AssertComparativeRelation PASSED; Expected [1] and Actual [2]. Comparison Type [GREATER_THAN_OR_EQUALS]. Validation Type [POSITIVE]. @05-05-2021 01:56:16.0376 A
[ReportManager] File Action [getAbsolutePath] successfully performed. With the following test data [Relative Folder Path: "target/downloadedFiles/"]. @05-05-2021 01:56:16.0379 AM
[ReportManager] Attempting to run remotely on: [Linux-64], [GoogleChrome], [http://localhost:4444/wd/hub], Headless Execution. @05-05-2021 01:56:16.0381 AM
[ReportManager] Successfully Opened [GoogleChrome]. @05-05-2021 01:56:16.0699 AM
[ReportManager] Target URL: [https://www.google.com/ncr], and after redirection: [www.google.com] @05-05-2021 01:56:16.0709 AM
[ReportManager] Initial URL: [data:,] @05-05-2021 01:56:16.0764 AM
[ReportManager] Browser Action [navigateToURL] successfully performed. With the following test data [https://www.google.com/ncr]. @05-05-2021 01:56:17.0584 A

################################################################################################################################################
Starting Execution:	[78 out of 137] test cases in the current suite
Test Method:		[unitTests.tests_validations_assertions.assertElementAttribute_false_caseInsensitiveComparison_expectedToFail]
################################################################################################################################################
[ReportManager] Element Action [type] successfully performed. With the following test data [AUTOMATION]. @05-05-2021 01:56:18.0133 AM
[ReportManager] Element Action [getText] successfully performed. With the following test data [AUTOMATION]. @05-05-2021 01:56:18.0220 AM
[ReportManager] Loaded Shared OpenCV @05-05-2021 01:56:18.0382 AM
[ReportManager] AssertElementAttribute FAILED; Expected [Value Should not be 'AutomaTion' for the 'text' attribute, element locator 'By.name: q'] and Actual [AUTOMATION]. Comparison Type [CASE_INSENSITIVE]. Validation Type [NEGATIVE]. @05-05-2021 01:56:18.0452 AM
[ReportManager] Successfully created attachment [Screenshot - 1620179778382_assertElementAttribute_false_caseInsensitiveComparison_expectedToFail_AssertElementAttribute_failed] @05-05-2021 01:56:18.0453 A
[ReportManager] Successfully created attachment [Selenium WebDriver Logs - server] @05-05-2021 01:56:18.0551 AM
[ReportManager] Successfully created attachment [Selenium WebDriver Logs - performance] @05-05-2021 01:56:18.0620 AM
[ReportManager] Successfully created attachment [Selenium WebDriver Logs - driver] @05-05-2021 01:56:18.0755 AM
[ReportManager] Browser Action [closeCurrentWindow] successfully performed. @05-05-2021 01:56:18.0818 AM
[ReportManager] Successfully created attachment [Browser Action Test Data - closeCurrentWindow - Actual Value] @05-05-2021 01:56:18.0818 A
[ReportManager] File Action [getAbsolutePath] successfully performed. With the following test data [Relative Folder Path: "target/downloadedFiles/"]. @05-05-2021 01:56:18.0820 AM
[ReportManager] Attempting to run remotely on: [Linux-64], [GoogleChrome], [http://localhost:4444/wd/hub], Headless Execution. @05-05-2021 01:56:18.0821 AM
[ReportManager] Successfully Opened [GoogleChrome]. @05-05-2021 01:56:19.0060 AM
[ReportManager] Target URL: [https://www.google.com/ncr], and after redirection: [www.google.com] @05-05-2021 01:56:19.0070 AM
[ReportManager] Initial URL: [data:,] @05-05-2021 01:56:19.0108 AM
[ReportManager] Browser Action [navigateToURL] successfully performed. With the following test data [https://www.google.com/ncr]. @05-05-2021 01:56:20.0104 A

################################################################################################################################################
Starting Execution:	[79 out of 137] test cases in the current suite
Test Method:		[unitTests.tests_validations_assertions.assertElementAttribute_false_caseInsensitiveComparison_expectedToPass]
################################################################################################################################################
[ReportManager] Element Action [type] successfully performed. With the following test data [AUTOMATION]. @05-05-2021 01:56:20.0600 AM
[ReportManager] Element Action [getText] successfully performed. With the following test data [AUTOMATION]. @05-05-2021 01:56:20.0694 AM
[ReportManager] Loaded Shared OpenCV @05-05-2021 01:56:20.0864 AM
[ReportManager] AssertElementAttribute PASSED; Expected [Value Should not be 'AutomaTion123' for the 'text' attribute, element locator 'By.name: q'] and Actual [AUTOMATION]. Comparison Type [CASE_INSENSITIVE]. Validation Type [NEGATIVE]. @05-05-2021 01:56:20.0935 AM
[ReportManager] Successfully created attachment [Screenshot - 1620179780863_assertElementAttribute_false_caseInsensitiveComparison_expectedToPass_AssertElementAttribute_passed] @05-05-2021 01:56:20.0936 A
[ReportManager] Successfully created attachment [Selenium WebDriver Logs - server] @05-05-2021 01:56:21.0011 AM
[ReportManager] Successfully created attachment [Selenium WebDriver Logs - performance] @05-05-2021 01:56:21.0085 AM
[ReportManager] Successfully created attachment [Selenium WebDriver Logs - driver] @05-05-2021 01:56:21.0237 AM
[ReportManager] Browser Action [closeCurrentWindow] successfully performed. @05-05-2021 01:56:21.0301 AM
[ReportManager] Successfully created attachment [Browser Action Test Data - closeCurrentWindow - Actual Value] @05-05-2021 01:56:21.0302 A
[ReportManager] File Action [getAbsolutePath] successfully performed. With the following test data [Relative Folder Path: "target/downloadedFiles/"]. @05-05-2021 01:56:21.0304 AM
[ReportManager] Attempting to run remotely on: [Linux-64], [GoogleChrome], [http://localhost:4444/wd/hub], Headless Execution. @05-05-2021 01:56:21.0304 AM
[ReportManager] Successfully Opened [GoogleChrome]. @05-05-2021 01:56:21.0529 AM
[ReportManager] Target URL: [https://www.google.com/ncr], and after redirection: [www.google.com] @05-05-2021 01:56:21.0541 AM
[ReportManager] Initial URL: [data:,] @05-05-2021 01:56:21.0577 AM
[ReportManager] Browser Action [navigateToURL] successfully performed. With the following test data [https://www.google.com/ncr]. @05-05-2021 01:56:22.0396 A

################################################################################################################################################
Starting Execution:	[80 out of 137] test cases in the current suite
Test Method:		[unitTests.tests_validations_assertions.assertElementAttribute_false_containsComparison_expectedToFail]
################################################################################################################################################
[ReportManager] Element Action [type] successfully performed. With the following test data [Automation123]. @05-05-2021 01:56:22.0959 AM
[ReportManager] Element Action [getText] successfully performed. With the following test data [Automation123]. @05-05-2021 01:56:23.0055 AM
[ReportManager] Loaded Shared OpenCV @05-05-2021 01:56:23.0203 AM
[ReportManager] AssertElementAttribute FAILED; Expected [Value Should not be 'Automation' for the 'text' attribute, element locator 'By.name: q'] and Actual [Automation123]. Comparison Type [CONTAINS]. Validation Type [NEGATIVE]. @05-05-2021 01:56:23.0276 AM
[ReportManager] Successfully created attachment [Screenshot - 1620179783203_assertElementAttribute_false_containsComparison_expectedToFail_AssertElementAttribute_failed] @05-05-2021 01:56:23.0277 A
[ReportManager] Successfully created attachment [Selenium WebDriver Logs - server] @05-05-2021 01:56:23.0343 AM
[ReportManager] Successfully created attachment [Selenium WebDriver Logs - performance] @05-05-2021 01:56:23.0417 AM
[ReportManager] Successfully created attachment [Selenium WebDriver Logs - driver] @05-05-2021 01:56:23.0542 AM
[ReportManager] Browser Action [closeCurrentWindow] successfully performed. @05-05-2021 01:56:23.0598 AM
[ReportManager] Successfully created attachment [Browser Action Test Data - closeCurrentWindow - Actual Value] @05-05-2021 01:56:23.0599 A
[ReportManager] File Action [getAbsolutePath] successfully performed. With the following test data [Relative Folder Path: "target/downloadedFiles/"]. @05-05-2021 01:56:23.0601 AM
[ReportManager] Attempting to run remotely on: [Linux-64], [GoogleChrome], [http://localhost:4444/wd/hub], Headless Execution. @05-05-2021 01:56:23.0601 AM
[ReportManager] Successfully Opened [GoogleChrome]. @05-05-2021 01:56:23.0812 AM
[ReportManager] Target URL: [https://www.google.com/ncr], and after redirection: [www.google.com] @05-05-2021 01:56:23.0826 AM
[ReportManager] Initial URL: [data:,] @05-05-2021 01:56:23.0865 AM
[ReportManager] Browser Action [navigateToURL] successfully performed. With the following test data [https://www.google.com/ncr]. @05-05-2021 01:56:24.0717 A

################################################################################################################################################
Starting Execution:	[81 out of 137] test cases in the current suite
Test Method:		[unitTests.tests_validations_assertions.assertElementAttribute_false_containsComparison_expectedToPass]
################################################################################################################################################
[ReportManager] Element Action [type] successfully performed. With the following test data [Automation123]. @05-05-2021 01:56:25.0235 AM
[ReportManager] Element Action [getText] successfully performed. With the following test data [Automation123]. @05-05-2021 01:56:25.0320 AM
[ReportManager] Loaded Shared OpenCV @05-05-2021 01:56:25.0472 AM
[ReportManager] AssertElementAttribute PASSED; Expected [Value Should not be 'Automation1234' for the 'text' attribute, element locator 'By.name: q'] and Actual [Automation123]. Comparison Type [CONTAINS]. Validation Type [NEGATIVE]. @05-05-2021 01:56:25.0531 AM
[ReportManager] Successfully created attachment [Screenshot - 1620179785472_assertElementAttribute_false_containsComparison_expectedToPass_AssertElementAttribute_passed] @05-05-2021 01:56:25.0533 A
[ReportManager] Successfully created attachment [Selenium WebDriver Logs - server] @05-05-2021 01:56:25.0600 AM
[ReportManager] Successfully created attachment [Selenium WebDriver Logs - performance] @05-05-2021 01:56:25.0674 AM
[ReportManager] Successfully created attachment [Selenium WebDriver Logs - driver] @05-05-2021 01:56:25.0794 AM
[ReportManager] Browser Action [closeCurrentWindow] successfully performed. @05-05-2021 01:56:25.0814 AM
[ReportManager] Successfully created attachment [Browser Action Test Data - closeCurrentWindow - Actual Value] @05-05-2021 01:56:25.0815 A
[ReportManager] File Action [getAbsolutePath] successfully performed. With the following test data [Relative Folder Path: "target/downloadedFiles/"]. @05-05-2021 01:56:25.0823 AM
[ReportManager] Attempting to run remotely on: [Linux-64], [GoogleChrome], [http://localhost:4444/wd/hub], Headless Execution. @05-05-2021 01:56:25.0823 AM
[ReportManager] Successfully Opened [GoogleChrome]. @05-05-2021 01:56:26.0129 AM
[ReportManager] Target URL: [https://www.google.com/ncr], and after redirection: [www.google.com] @05-05-2021 01:56:26.0145 AM
[ReportManager] Initial URL: [data:,] @05-05-2021 01:56:26.0184 AM
[ReportManager] Browser Action [navigateToURL] successfully performed. With the following test data [https://www.google.com/ncr]. @05-05-2021 01:56:27.0019 A

################################################################################################################################################
Starting Execution:	[82 out of 137] test cases in the current suite
Test Method:		[unitTests.tests_validations_assertions.assertElementAttribute_false_literalComparison_expectedToFail]
################################################################################################################################################
[ReportManager] Element Action [type] successfully performed. With the following test data [Automation!@#$%^&*()_+{}[]\';/.,]. @05-05-2021 01:56:28.0264 AM
[ReportManager] Element Action [getText] successfully performed. With the following test data [Automation!@#$%^&*()_+{}[]\';/.,]. @05-05-2021 01:56:28.0364 AM
[ReportManager] Loaded Shared OpenCV @05-05-2021 01:56:28.0524 AM
[ReportManager] AssertElementAttribute PASSED; Expected [Value Should not be 'Automation!@#$%^&*()_+{}[]\\';/.,' for the 'text' attribute, element locator 'By.name: q'] and Actual [Automation!@#$%^&*()_+{}[]\';/.,]. Comparison Type [EQUALS]. Validation Type [NEGATIVE]. @05-05-2021 01:56:28.0594 AM
[ReportManager] Successfully created attachment [Screenshot - 1620179788524_assertElementAttribute_false_literalComparison_expectedToFail_AssertElementAttribute_passed] @05-05-2021 01:56:28.0595 A
[ReportManager] Successfully created attachment [Selenium WebDriver Logs - server] @05-05-2021 01:56:28.0662 AM
[ReportManager] Successfully created attachment [Selenium WebDriver Logs - performance] @05-05-2021 01:56:28.0793 AM
[ReportManager] Successfully created attachment [Selenium WebDriver Logs - driver] @05-05-2021 01:56:28.0944 AM
[ReportManager] Browser Action [closeCurrentWindow] successfully performed. @05-05-2021 01:56:29.0003 AM
[ReportManager] Successfully created attachment [Browser Action Test Data - closeCurrentWindow - Actual Value] @05-05-2021 01:56:29.0003 A
[ReportManager] File Action [getAbsolutePath] successfully performed. With the following test data [Relative Folder Path: "target/downloadedFiles/"]. @05-05-2021 01:56:29.0006 AM
[ReportManager] Attempting to run remotely on: [Linux-64], [GoogleChrome], [http://localhost:4444/wd/hub], Headless Execution. @05-05-2021 01:56:29.0006 AM
[ReportManager] Successfully Opened [GoogleChrome]. @05-05-2021 01:56:29.0241 AM
[ReportManager] Target URL: [https://www.google.com/ncr], and after redirection: [www.google.com] @05-05-2021 01:56:29.0252 AM
[ReportManager] Initial URL: [data:,] @05-05-2021 01:56:29.0287 AM
[ReportManager] Browser Action [navigateToURL] successfully performed. With the following test data [https://www.google.com/ncr]. @05-05-2021 01:56:30.0079 A

################################################################################################################################################
Starting Execution:	[83 out of 137] test cases in the current suite
Test Method:		[unitTests.tests_validations_assertions.assertElementAttribute_false_literalComparison_expectedToPass]
################################################################################################################################################
[ReportManager] Element Action [type] successfully performed. With the following test data [Automation!@#$%^&*()_+{}[]\';/.,]. @05-05-2021 01:56:31.0261 AM
[ReportManager] Element Action [getText] successfully performed. With the following test data [Automation!@#$%^&*()_+{}[]\';/.,]. @05-05-2021 01:56:31.0351 AM
[ReportManager] Loaded Shared OpenCV @05-05-2021 01:56:31.0519 AM
[ReportManager] AssertElementAttribute PASSED; Expected [Value Should not be 'Automation' for the 'text' attribute, element locator 'By.name: q'] and Actual [Automation!@#$%^&*()_+{}[]\';/.,]. Comparison Type [EQUALS]. Validation Type [NEGATIVE]. @05-05-2021 01:56:31.0587 AM
[ReportManager] Successfully created attachment [Screenshot - 1620179791519_assertElementAttribute_false_literalComparison_expectedToPass_AssertElementAttribute_passed] @05-05-2021 01:56:31.0588 A
[ReportManager] Successfully created attachment [Selenium WebDriver Logs - server] @05-05-2021 01:56:31.0656 AM
[ReportManager] Successfully created attachment [Selenium WebDriver Logs - performance] @05-05-2021 01:56:31.0777 AM
[ReportManager] Successfully created attachment [Selenium WebDriver Logs - driver] @05-05-2021 01:56:31.0921 AM
[ReportManager] Browser Action [closeCurrentWindow] successfully performed. @05-05-2021 01:56:31.0978 AM
[ReportManager] Successfully created attachment [Browser Action Test Data - closeCurrentWindow - Actual Value] @05-05-2021 01:56:31.0978 A
[ReportManager] File Action [getAbsolutePath] successfully performed. With the following test data [Relative Folder Path: "target/downloadedFiles/"]. @05-05-2021 01:56:31.0980 AM
[ReportManager] Attempting to run remotely on: [Linux-64], [GoogleChrome], [http://localhost:4444/wd/hub], Headless Execution. @05-05-2021 01:56:31.0985 AM
[ReportManager] Successfully Opened [GoogleChrome]. @05-05-2021 01:56:32.0237 AM
[ReportManager] Target URL: [https://www.google.com/ncr], and after redirection: [www.google.com] @05-05-2021 01:56:32.0246 AM
[ReportManager] Initial URL: [data:,] @05-05-2021 01:56:32.0286 AM
[ReportManager] Browser Action [navigateToURL] successfully performed. With the following test data [https://www.google.com/ncr]. @05-05-2021 01:56:33.0134 A

################################################################################################################################################
Starting Execution:	[84 out of 137] test cases in the current suite
Test Method:		[unitTests.tests_validations_assertions.assertElementAttribute_false_regexComparison_expectedToFail]
################################################################################################################################################
[ReportManager] Element Action [type] successfully performed. With the following test data [Automation123]. @05-05-2021 01:56:33.0673 AM
[ReportManager] Element Action [getText] successfully performed. With the following test data [Automation123]. @05-05-2021 01:56:33.0760 AM
[ReportManager] Loaded Shared OpenCV @05-05-2021 01:56:33.0916 AM
[ReportManager] AssertElementAttribute FAILED; Expected [Value Should not be 'Automation.*' for the 'text' attribute, element locator 'By.name: q'] and Actual [Automation123]. Comparison Type [MATCHES]. Validation Type [NEGATIVE]. @05-05-2021 01:56:33.0981 AM
[ReportManager] Successfully created attachment [Screenshot - 1620179793916_assertElementAttribute_false_regexComparison_expectedToFail_AssertElementAttribute_failed] @05-05-2021 01:56:33.0982 A
[ReportManager] Successfully created attachment [Selenium WebDriver Logs - server] @05-05-2021 01:56:34.0055 AM
[ReportManager] Successfully created attachment [Selenium WebDriver Logs - performance] @05-05-2021 01:56:34.0135 AM
[ReportManager] Successfully created attachment [Selenium WebDriver Logs - driver] @05-05-2021 01:56:34.0255 AM
[ReportManager] Browser Action [closeCurrentWindow] successfully performed. @05-05-2021 01:56:34.0312 AM
[ReportManager] Successfully created attachment [Browser Action Test Data - closeCurrentWindow - Actual Value] @05-05-2021 01:56:34.0313 A
[ReportManager] File Action [getAbsolutePath] successfully performed. With the following test data [Relative Folder Path: "target/downloadedFiles/"]. @05-05-2021 01:56:34.0317 AM
[ReportManager] Attempting to run remotely on: [Linux-64], [GoogleChrome], [http://localhost:4444/wd/hub], Headless Execution. @05-05-2021 01:56:34.0317 AM
[ReportManager] Successfully Opened [GoogleChrome]. @05-05-2021 01:56:34.0538 AM
[ReportManager] Target URL: [https://www.google.com/ncr], and after redirection: [www.google.com] @05-05-2021 01:56:34.0551 AM
[ReportManager] Initial URL: [data:,] @05-05-2021 01:56:34.0590 AM
[ReportManager] Browser Action [navigateToURL] successfully performed. With the following test data [https://www.google.com/ncr]. @05-05-2021 01:56:35.0405 A

################################################################################################################################################
Starting Execution:	[85 out of 137] test cases in the current suite
Test Method:		[unitTests.tests_validations_assertions.assertElementAttribute_false_regexComparison_expectedToPass]
################################################################################################################################################
[ReportManager] Element Action [type] successfully performed. With the following test data [Automation123]. @05-05-2021 01:56:35.0972 AM
[ReportManager] Element Action [getText] successfully performed. With the following test data [Automation123]. @05-05-2021 01:56:36.0075 AM
[ReportManager] Loaded Shared OpenCV @05-05-2021 01:56:36.0230 AM
[ReportManager] AssertElementAttribute PASSED; Expected [Value Should not be 'Automation' for the 'text' attribute, element locator 'By.name: q'] and Actual [Automation123]. Comparison Type [MATCHES]. Validation Type [NEGATIVE]. @05-05-2021 01:56:36.0301 AM
[ReportManager] Successfully created attachment [Screenshot - 1620179796230_assertElementAttribute_false_regexComparison_expectedToPass_AssertElementAttribute_passed] @05-05-2021 01:56:36.0303 A
[ReportManager] Successfully created attachment [Selenium WebDriver Logs - server] @05-05-2021 01:56:36.0380 AM
[ReportManager] Successfully created attachment [Selenium WebDriver Logs - performance] @05-05-2021 01:56:36.0469 AM
[ReportManager] Successfully created attachment [Selenium WebDriver Logs - driver] @05-05-2021 01:56:36.0594 AM
[ReportManager] Browser Action [closeCurrentWindow] successfully performed. @05-05-2021 01:56:36.0650 AM
[ReportManager] Successfully created attachment [Browser Action Test Data - closeCurrentWindow - Actual Value] @05-05-2021 01:56:36.0651 A
[ReportManager] File Action [getAbsolutePath] successfully performed. With the following test data [Relative Folder Path: "target/downloadedFiles/"]. @05-05-2021 01:56:36.0655 AM
[ReportManager] Attempting to run remotely on: [Linux-64], [GoogleChrome], [http://localhost:4444/wd/hub], Headless Execution. @05-05-2021 01:56:36.0656 AM
[ReportManager] Successfully Opened [GoogleChrome]. @05-05-2021 01:56:36.0876 AM
[ReportManager] Target URL: [https://www.google.com/ncr], and after redirection: [www.google.com] @05-05-2021 01:56:36.0886 AM
[ReportManager] Initial URL: [data:,] @05-05-2021 01:56:36.0930 AM
[ReportManager] Browser Action [navigateToURL] successfully performed. With the following test data [https://www.google.com/ncr]. @05-05-2021 01:56:37.0844 A

################################################################################################################################################
Starting Execution:	[86 out of 137] test cases in the current suite
Test Method:		[unitTests.tests_validations_assertions.assertElementAttribute_true_caseInsensitiveComparison_expectedToFail]
################################################################################################################################################
[ReportManager] Element Action [type] successfully performed. With the following test data [AUTOMATION]. @05-05-2021 01:56:38.0374 AM
[ReportManager] Element Action [getText] successfully performed. With the following test data [AUTOMATION]. @05-05-2021 01:56:38.0483 AM
[ReportManager] Loaded Shared OpenCV @05-05-2021 01:56:38.0657 AM
[ReportManager] AssertElementAttribute FAILED; Expected [Value Should be 'AutomaTion123' for the 'text' attribute, element locator 'By.name: q'] and Actual [AUTOMATION]. Comparison Type [CASE_INSENSITIVE]. Validation Type [POSITIVE]. @05-05-2021 01:56:38.0736 AM
[ReportManager] Successfully created attachment [Screenshot - 1620179798657_assertElementAttribute_true_caseInsensitiveComparison_expectedToFail_AssertElementAttribute_failed] @05-05-2021 01:56:38.0738 A
[ReportManager] Successfully created attachment [Selenium WebDriver Logs - server] @05-05-2021 01:56:38.0816 AM
[ReportManager] Successfully created attachment [Selenium WebDriver Logs - performance] @05-05-2021 01:56:38.0884 AM
[ReportManager] Successfully created attachment [Selenium WebDriver Logs - driver] @05-05-2021 01:56:38.0995 AM
[ReportManager] Browser Action [closeCurrentWindow] successfully performed. @05-05-2021 01:56:39.0053 AM
[ReportManager] Successfully created attachment [Browser Action Test Data - closeCurrentWindow - Actual Value] @05-05-2021 01:56:39.0053 A
[ReportManager] File Action [getAbsolutePath] successfully performed. With the following test data [Relative Folder Path: "target/downloadedFiles/"]. @05-05-2021 01:56:39.0057 AM
[ReportManager] Attempting to run remotely on: [Linux-64], [GoogleChrome], [http://localhost:4444/wd/hub], Headless Execution. @05-05-2021 01:56:39.0057 AM
[ReportManager] Successfully Opened [GoogleChrome]. @05-05-2021 01:56:39.0256 AM
[ReportManager] Target URL: [https://www.google.com/ncr], and after redirection: [www.google.com] @05-05-2021 01:56:39.0277 AM
[ReportManager] Initial URL: [data:,] @05-05-2021 01:56:39.0318 AM
[ReportManager] Browser Action [navigateToURL] successfully performed. With the following test data [https://www.google.com/ncr]. @05-05-2021 01:56:40.0199 A

################################################################################################################################################
Starting Execution:	[87 out of 137] test cases in the current suite
Test Method:		[unitTests.tests_validations_assertions.assertElementAttribute_true_caseInsensitiveComparison_expectedToPass]
################################################################################################################################################
[ReportManager] Element Action [type] successfully performed. With the following test data [AUTOMATION]. @05-05-2021 01:56:40.0724 AM
[ReportManager] Element Action [getText] successfully performed. With the following test data [AUTOMATION]. @05-05-2021 01:56:40.0819 AM
[ReportManager] Loaded Shared OpenCV @05-05-2021 01:56:40.0993 AM
[ReportManager] AssertElementAttribute PASSED; Expected [Value Should be 'AutomaTion' for the 'text' attribute, element locator 'By.name: q'] and Actual [AUTOMATION]. Comparison Type [CASE_INSENSITIVE]. Validation Type [POSITIVE]. @05-05-2021 01:56:41.0068 AM
[ReportManager] Successfully created attachment [Screenshot - 1620179800993_assertElementAttribute_true_caseInsensitiveComparison_expectedToPass_AssertElementAttribute_passed] @05-05-2021 01:56:41.0069 A
[ReportManager] Successfully created attachment [Selenium WebDriver Logs - server] @05-05-2021 01:56:41.0147 AM
[ReportManager] Successfully created attachment [Selenium WebDriver Logs - performance] @05-05-2021 01:56:41.0212 AM
[ReportManager] Successfully created attachment [Selenium WebDriver Logs - driver] @05-05-2021 01:56:41.0326 AM
[ReportManager] Browser Action [closeCurrentWindow] successfully performed. @05-05-2021 01:56:41.0381 AM
[ReportManager] Successfully created attachment [Browser Action Test Data - closeCurrentWindow - Actual Value] @05-05-2021 01:56:41.0382 A
[ReportManager] File Action [getAbsolutePath] successfully performed. With the following test data [Relative Folder Path: "target/downloadedFiles/"]. @05-05-2021 01:56:41.0385 AM
[ReportManager] Attempting to run remotely on: [Linux-64], [GoogleChrome], [http://localhost:4444/wd/hub], Headless Execution. @05-05-2021 01:56:41.0385 AM
[ReportManager] Successfully Opened [GoogleChrome]. @05-05-2021 01:56:41.0590 AM
[ReportManager] Target URL: [https://www.google.com/ncr], and after redirection: [www.google.com] @05-05-2021 01:56:41.0600 AM
[ReportManager] Initial URL: [data:,] @05-05-2021 01:56:41.0637 AM
[ReportManager] Browser Action [navigateToURL] successfully performed. With the following test data [https://www.google.com/ncr]. @05-05-2021 01:56:42.0431 A

################################################################################################################################################
Starting Execution:	[88 out of 137] test cases in the current suite
Test Method:		[unitTests.tests_validations_assertions.assertElementAttribute_true_containsComparison_expectedToFail]
################################################################################################################################################
[ReportManager] Element Action [type] successfully performed. With the following test data [Automation123]. @05-05-2021 01:56:42.0988 AM
[ReportManager] Element Action [getText] successfully performed. With the following test data [Automation123]. @05-05-2021 01:56:43.0081 AM
[ReportManager] Loaded Shared OpenCV @05-05-2021 01:56:43.0236 AM
[ReportManager] AssertElementAttribute FAILED; Expected [Value Should be 'Automation1234' for the 'text' attribute, element locator 'By.name: q'] and Actual [Automation123]. Comparison Type [CONTAINS]. Validation Type [POSITIVE]. @05-05-2021 01:56:43.0311 AM
[ReportManager] Successfully created attachment [Screenshot - 1620179803236_assertElementAttribute_true_containsComparison_expectedToFail_AssertElementAttribute_failed] @05-05-2021 01:56:43.0312 A
[ReportManager] Successfully created attachment [Selenium WebDriver Logs - server] @05-05-2021 01:56:43.0380 AM
[ReportManager] Successfully created attachment [Selenium WebDriver Logs - performance] @05-05-2021 01:56:43.0455 AM
[ReportManager] Successfully created attachment [Selenium WebDriver Logs - driver] @05-05-2021 01:56:43.0568 AM
[ReportManager] Browser Action [closeCurrentWindow] successfully performed. @05-05-2021 01:56:43.0624 AM
[ReportManager] Successfully created attachment [Browser Action Test Data - closeCurrentWindow - Actual Value] @05-05-2021 01:56:43.0627 A
[ReportManager] File Action [getAbsolutePath] successfully performed. With the following test data [Relative Folder Path: "target/downloadedFiles/"]. @05-05-2021 01:56:43.0629 AM
[ReportManager] Attempting to run remotely on: [Linux-64], [GoogleChrome], [http://localhost:4444/wd/hub], Headless Execution. @05-05-2021 01:56:43.0629 AM
[ReportManager] Successfully Opened [GoogleChrome]. @05-05-2021 01:56:43.0852 AM
[ReportManager] Target URL: [https://www.google.com/ncr], and after redirection: [www.google.com] @05-05-2021 01:56:43.0871 AM
[ReportManager] Initial URL: [data:,] @05-05-2021 01:56:43.0916 AM
[ReportManager] Browser Action [navigateToURL] successfully performed. With the following test data [https://www.google.com/ncr]. @05-05-2021 01:56:44.0762 A

################################################################################################################################################
Starting Execution:	[89 out of 137] test cases in the current suite
Test Method:		[unitTests.tests_validations_assertions.assertElementAttribute_true_containsComparison_expectedToPass]
################################################################################################################################################
[ReportManager] Element Action [type] successfully performed. With the following test data [Automation123]. @05-05-2021 01:56:45.0301 AM
[ReportManager] Element Action [getText] successfully performed. With the following test data [Automation123]. @05-05-2021 01:56:45.0389 AM
[ReportManager] Loaded Shared OpenCV @05-05-2021 01:56:45.0548 AM
[ReportManager] AssertElementAttribute PASSED; Expected [Value Should be 'Automation' for the 'text' attribute, element locator 'By.name: q'] and Actual [Automation123]. Comparison Type [CONTAINS]. Validation Type [POSITIVE]. @05-05-2021 01:56:45.0609 AM
[ReportManager] Successfully created attachment [Screenshot - 1620179805548_assertElementAttribute_true_containsComparison_expectedToPass_AssertElementAttribute_passed] @05-05-2021 01:56:45.0610 A
[ReportManager] Successfully created attachment [Selenium WebDriver Logs - server] @05-05-2021 01:56:45.0672 AM
[ReportManager] Successfully created attachment [Selenium WebDriver Logs - performance] @05-05-2021 01:56:45.0741 AM
[ReportManager] Successfully created attachment [Selenium WebDriver Logs - driver] @05-05-2021 01:56:45.0854 AM
[ReportManager] Browser Action [closeCurrentWindow] successfully performed. @05-05-2021 01:56:45.0911 AM
[ReportManager] Successfully created attachment [Browser Action Test Data - closeCurrentWindow - Actual Value] @05-05-2021 01:56:45.0912 A
[ReportManager] File Action [getAbsolutePath] successfully performed. With the following test data [Relative Folder Path: "target/downloadedFiles/"]. @05-05-2021 01:56:45.0916 AM
[ReportManager] Attempting to run remotely on: [Linux-64], [GoogleChrome], [http://localhost:4444/wd/hub], Headless Execution. @05-05-2021 01:56:45.0916 AM
[ReportManager] Successfully Opened [GoogleChrome]. @05-05-2021 01:56:46.0132 AM
[ReportManager] Target URL: [https://www.google.com/ncr], and after redirection: [www.google.com] @05-05-2021 01:56:46.0143 AM
[ReportManager] Initial URL: [data:,] @05-05-2021 01:56:46.0196 AM
[ReportManager] Browser Action [navigateToURL] successfully performed. With the following test data [https://www.google.com/ncr]. @05-05-2021 01:56:46.0988 A

################################################################################################################################################
Starting Execution:	[90 out of 137] test cases in the current suite
Test Method:		[unitTests.tests_validations_assertions.assertElementAttribute_true_literalComparison_expectedToFail]
################################################################################################################################################
[ReportManager] Element Action [type] successfully performed. With the following test data [Automation!@#$%^&*()_+{}[]\';/.,]. @05-05-2021 01:56:48.0120 AM
[ReportManager] Element Action [getText] successfully performed. With the following test data [Automation!@#$%^&*()_+{}[]\';/.,]. @05-05-2021 01:56:48.0206 AM
[ReportManager] Loaded Shared OpenCV @05-05-2021 01:56:48.0361 AM
[ReportManager] AssertElementAttribute FAILED; Expected [Value Should be 'Automation' for the 'text' attribute, element locator 'By.name: q'] and Actual [Automation!@#$%^&*()_+{}[]\';/.,]. Comparison Type [EQUALS]. Validation Type [POSITIVE]. @05-05-2021 01:56:48.0425 AM
[ReportManager] Successfully created attachment [Screenshot - 1620179808361_assertElementAttribute_true_literalComparison_expectedToFail_AssertElementAttribute_failed] @05-05-2021 01:56:48.0426 A
[ReportManager] Successfully created attachment [Selenium WebDriver Logs - server] @05-05-2021 01:56:48.0497 AM
[ReportManager] Successfully created attachment [Selenium WebDriver Logs - performance] @05-05-2021 01:56:48.0628 AM
[ReportManager] Successfully created attachment [Selenium WebDriver Logs - driver] @05-05-2021 01:56:48.0786 AM
[ReportManager] Browser Action [closeCurrentWindow] successfully performed. @05-05-2021 01:56:48.0849 AM
[ReportManager] Successfully created attachment [Browser Action Test Data - closeCurrentWindow - Actual Value] @05-05-2021 01:56:48.0850 A
[ReportManager] File Action [getAbsolutePath] successfully performed. With the following test data [Relative Folder Path: "target/downloadedFiles/"]. @05-05-2021 01:56:48.0852 AM
[ReportManager] Attempting to run remotely on: [Linux-64], [GoogleChrome], [http://localhost:4444/wd/hub], Headless Execution. @05-05-2021 01:56:48.0852 AM
[ReportManager] Successfully Opened [GoogleChrome]. @05-05-2021 01:56:49.0131 AM
[ReportManager] Target URL: [https://www.google.com/ncr], and after redirection: [www.google.com] @05-05-2021 01:56:49.0142 AM
[ReportManager] Initial URL: [data:,] @05-05-2021 01:56:49.0184 AM
[ReportManager] Browser Action [navigateToURL] successfully performed. With the following test data [https://www.google.com/ncr]. @05-05-2021 01:56:50.0036 A

################################################################################################################################################
Starting Execution:	[91 out of 137] test cases in the current suite
Test Method:		[unitTests.tests_validations_assertions.assertElementAttribute_true_literalComparison_expectedToPass]
################################################################################################################################################
[ReportManager] Element Action [type] successfully performed. With the following test data [Automation!@#$%^&*()_+{}[]\';/.,]. @05-05-2021 01:56:51.0145 AM
[ReportManager] Element Action [getText] successfully performed. With the following test data [Automation!@#$%^&*()_+{}[]\';/.,]. @05-05-2021 01:56:51.0237 AM
[ReportManager] Loaded Shared OpenCV @05-05-2021 01:56:51.0396 AM
[ReportManager] AssertElementAttribute PASSED; Expected [Value Should be 'Automation!@#$%^&*()_+{}[]\';/.,' for the 'text' attribute, element locator 'By.name: q'] and Actual [Automation!@#$%^&*()_+{}[]\';/.,]. Comparison Type [EQUALS]. Validation Type [POSITIVE]. @05-05-2021 01:56:51.0465 AM
[ReportManager] Successfully created attachment [Screenshot - 1620179811396_assertElementAttribute_true_literalComparison_expectedToPass_AssertElementAttribute_passed] @05-05-2021 01:56:51.0466 A
[ReportManager] Successfully created attachment [Selenium WebDriver Logs - server] @05-05-2021 01:56:51.0536 AM
[ReportManager] Successfully created attachment [Selenium WebDriver Logs - performance] @05-05-2021 01:56:51.0669 AM
[ReportManager] Successfully created attachment [Selenium WebDriver Logs - driver] @05-05-2021 01:56:51.0812 AM
[ReportManager] Browser Action [closeCurrentWindow] successfully performed. @05-05-2021 01:56:51.0869 AM
[ReportManager] Successfully created attachment [Browser Action Test Data - closeCurrentWindow - Actual Value] @05-05-2021 01:56:51.0870 A
[ReportManager] File Action [getAbsolutePath] successfully performed. With the following test data [Relative Folder Path: "target/downloadedFiles/"]. @05-05-2021 01:56:51.0877 AM
[ReportManager] Attempting to run remotely on: [Linux-64], [GoogleChrome], [http://localhost:4444/wd/hub], Headless Execution. @05-05-2021 01:56:51.0877 AM
[ReportManager] Successfully Opened [GoogleChrome]. @05-05-2021 01:56:52.0203 AM
[ReportManager] Target URL: [https://www.google.com/ncr], and after redirection: [www.google.com] @05-05-2021 01:56:52.0215 AM
[ReportManager] Initial URL: [data:,] @05-05-2021 01:56:52.0251 AM
[ReportManager] Browser Action [navigateToURL] successfully performed. With the following test data [https://www.google.com/ncr]. @05-05-2021 01:56:53.0061 A

################################################################################################################################################
Starting Execution:	[92 out of 137] test cases in the current suite
Test Method:		[unitTests.tests_validations_assertions.assertElementAttribute_true_regexComparison_expectedToFail]
################################################################################################################################################
[ReportManager] Element Action [type] successfully performed. With the following test data [Automation123]. @05-05-2021 01:56:53.0656 AM
[ReportManager] Element Action [getText] successfully performed. With the following test data [Automation123]. @05-05-2021 01:56:53.0760 AM
[ReportManager] Loaded Shared OpenCV @05-05-2021 01:56:53.0907 AM
[ReportManager] AssertElementAttribute FAILED; Expected [Value Should be 'Automation' for the 'text' attribute, element locator 'By.name: q'] and Actual [Automation123]. Comparison Type [MATCHES]. Validation Type [POSITIVE]. @05-05-2021 01:56:53.0978 AM
[ReportManager] Successfully created attachment [Screenshot - 1620179813907_assertElementAttribute_true_regexComparison_expectedToFail_AssertElementAttribute_failed] @05-05-2021 01:56:53.0979 A
[ReportManager] Successfully created attachment [Selenium WebDriver Logs - server] @05-05-2021 01:56:54.0054 AM
[ReportManager] Successfully created attachment [Selenium WebDriver Logs - performance] @05-05-2021 01:56:54.0184 AM
[ReportManager] Successfully created attachment [Selenium WebDriver Logs - driver] @05-05-2021 01:56:54.0296 AM
[ReportManager] Browser Action [closeCurrentWindow] successfully performed. @05-05-2021 01:56:54.0355 AM
[ReportManager] Successfully created attachment [Browser Action Test Data - closeCurrentWindow - Actual Value] @05-05-2021 01:56:54.0356 A
[ReportManager] File Action [getAbsolutePath] successfully performed. With the following test data [Relative Folder Path: "target/downloadedFiles/"]. @05-05-2021 01:56:54.0359 AM
[ReportManager] Attempting to run remotely on: [Linux-64], [GoogleChrome], [http://localhost:4444/wd/hub], Headless Execution. @05-05-2021 01:56:54.0359 AM
[ReportManager] Successfully Opened [GoogleChrome]. @05-05-2021 01:56:54.0607 AM
[ReportManager] Target URL: [https://www.google.com/ncr], and after redirection: [www.google.com] @05-05-2021 01:56:54.0628 AM
[ReportManager] Initial URL: [data:,] @05-05-2021 01:56:54.0667 AM
[ReportManager] Browser Action [navigateToURL] successfully performed. With the following test data [https://www.google.com/ncr]. @05-05-2021 01:56:55.0496 A

################################################################################################################################################
Starting Execution:	[93 out of 137] test cases in the current suite
Test Method:		[unitTests.tests_validations_assertions.assertElementAttribute_true_regexComparison_expectedToPass]
################################################################################################################################################
[ReportManager] Element Action [type] successfully performed. With the following test data [Automation123]. @05-05-2021 01:56:56.0034 AM
[ReportManager] Element Action [getText] successfully performed. With the following test data [Automation123]. @05-05-2021 01:56:56.0147 AM
[ReportManager] Loaded Shared OpenCV @05-05-2021 01:56:56.0330 AM
[ReportManager] AssertElementAttribute PASSED; Expected [Value Should be 'Automation.*' for the 'text' attribute, element locator 'By.name: q'] and Actual [Automation123]. Comparison Type [MATCHES]. Validation Type [POSITIVE]. @05-05-2021 01:56:56.0414 AM
[ReportManager] Successfully created attachment [Screenshot - 1620179816330_assertElementAttribute_true_regexComparison_expectedToPass_AssertElementAttribute_passed] @05-05-2021 01:56:56.0415 A
[ReportManager] Successfully created attachment [Selenium WebDriver Logs - server] @05-05-2021 01:56:56.0499 AM
[ReportManager] Successfully created attachment [Selenium WebDriver Logs - performance] @05-05-2021 01:56:56.0584 AM
[ReportManager] Successfully created attachment [Selenium WebDriver Logs - driver] @05-05-2021 01:56:56.0709 AM
[ReportManager] Browser Action [closeCurrentWindow] successfully performed. @05-05-2021 01:56:56.0765 AM
[ReportManager] Successfully created attachment [Browser Action Test Data - closeCurrentWindow - Actual Value] @05-05-2021 01:56:56.0766 A
[ReportManager] File Action [getAbsolutePath] successfully performed. With the following test data [Relative Folder Path: "target/downloadedFiles/"]. @05-05-2021 01:56:56.0767 AM
[ReportManager] Attempting to run remotely on: [Linux-64], [GoogleChrome], [http://localhost:4444/wd/hub], Headless Execution. @05-05-2021 01:56:56.0767 AM
[ReportManager] Successfully Opened [GoogleChrome]. @05-05-2021 01:56:56.0989 AM
[ReportManager] Target URL: [https://www.google.com/ncr], and after redirection: [www.google.com] @05-05-2021 01:56:57.0005 AM
[ReportManager] Initial URL: [data:,] @05-05-2021 01:56:57.0042 AM
[ReportManager] Browser Action [navigateToURL] successfully performed. With the following test data [https://www.google.com/ncr]. @05-05-2021 01:56:57.0949 A

################################################################################################################################################
Starting Execution:	[94 out of 137] test cases in the current suite
Test Method:		[unitTests.tests_validations_assertions.assertElementAttribute_type_true_literalComparison_expectedToPass]
################################################################################################################################################
[ReportManager] Element Action [type] successfully performed. With the following test data [Automation!@#$%^&*()_+{}[]\';/.,]. @05-05-2021 01:56:59.0148 AM
[ReportManager] Element Action [getText] successfully performed. With the following test data [Automation!@#$%^&*()_+{}[]\';/.,]. @05-05-2021 01:56:59.0244 AM
[ReportManager] Loaded Shared OpenCV @05-05-2021 01:56:59.0386 AM
[ReportManager] AssertElementAttribute PASSED; Expected [Value Should be 'Automation!@#$%^&*()_+{}[]\';/.,' for the 'text' attribute, element locator 'By.name: q'] and Actual [Automation!@#$%^&*()_+{}[]\';/.,]. Comparison Type [EQUALS]. Validation Type [POSITIVE]. @05-05-2021 01:56:59.0450 AM
[ReportManager] Successfully created attachment [Screenshot - 1620179819386_assertElementAttribute_type_true_literalComparison_expectedToPass_AssertElementAttribute_passed] @05-05-2021 01:56:59.0451 A
[ReportManager] Successfully created attachment [Selenium WebDriver Logs - server] @05-05-2021 01:56:59.0517 AM
[ReportManager] Successfully created attachment [Selenium WebDriver Logs - performance] @05-05-2021 01:56:59.0650 AM
[ReportManager] Successfully created attachment [Selenium WebDriver Logs - driver] @05-05-2021 01:56:59.0790 AM
[ReportManager] Browser Action [closeCurrentWindow] successfully performed. @05-05-2021 01:56:59.0846 AM
[ReportManager] Successfully created attachment [Browser Action Test Data - closeCurrentWindow - Actual Value] @05-05-2021 01:56:59.0847 A
[ReportManager] File Action [getAbsolutePath] successfully performed. With the following test data [Relative Folder Path: "target/downloadedFiles/"]. @05-05-2021 01:56:59.0849 AM
[ReportManager] Attempting to run remotely on: [Linux-64], [GoogleChrome], [http://localhost:4444/wd/hub], Headless Execution. @05-05-2021 01:56:59.0849 AM
[ReportManager] Successfully Opened [GoogleChrome]. @05-05-2021 01:57:00.0041 AM
[ReportManager] Target URL: [https://www.google.com/ncr], and after redirection: [www.google.com] @05-05-2021 01:57:00.0051 AM
[ReportManager] Initial URL: [data:,] @05-05-2021 01:57:00.0085 AM
[ReportManager] Browser Action [navigateToURL] successfully performed. With the following test data [https://www.google.com/ncr]. @05-05-2021 01:57:00.0989 A

################################################################################################################################################
Starting Execution:	[95 out of 137] test cases in the current suite
Test Method:		[unitTests.tests_validations_assertions.assertElementExists_false_expectedToFail]
################################################################################################################################################
[ReportManager] Loaded Shared OpenCV @05-05-2021 01:57:01.0199 AM
[ReportManager] AssertElementExists FAILED; Expected [Element Should not Exist, locator 'By.id: hplogo'] and Actual [Element Exists]. Comparison Type [EQUALS]. Validation Type [NEGATIVE]. @05-05-2021 01:57:01.0266 AM
[ReportManager] Successfully created attachment [Screenshot - 1620179821199_assertElementExists_false_expectedToFail_AssertElementExists_failed] @05-05-2021 01:57:01.0267 A
[ReportManager] Successfully created attachment [Selenium WebDriver Logs - server] @05-05-2021 01:57:01.0345 AM
[ReportManager] Successfully created attachment [Selenium WebDriver Logs - performance] @05-05-2021 01:57:01.0382 AM
[ReportManager] Successfully created attachment [Selenium WebDriver Logs - driver] @05-05-2021 01:57:01.0460 AM
[ReportManager] Browser Action [closeCurrentWindow] successfully performed. @05-05-2021 01:57:01.0515 AM
[ReportManager] Successfully created attachment [Browser Action Test Data - closeCurrentWindow - Actual Value] @05-05-2021 01:57:01.0516 A
[ReportManager] File Action [getAbsolutePath] successfully performed. With the following test data [Relative Folder Path: "target/downloadedFiles/"]. @05-05-2021 01:57:01.0518 AM
[ReportManager] Attempting to run remotely on: [Linux-64], [GoogleChrome], [http://localhost:4444/wd/hub], Headless Execution. @05-05-2021 01:57:01.0519 AM
[ReportManager] Successfully Opened [GoogleChrome]. @05-05-2021 01:57:01.0723 AM
[ReportManager] Target URL: [https://www.google.com/ncr], and after redirection: [www.google.com] @05-05-2021 01:57:01.0741 AM
[ReportManager] Initial URL: [data:,] @05-05-2021 01:57:01.0780 AM
[ReportManager] Browser Action [navigateToURL] successfully performed. With the following test data [https://www.google.com/ncr]. @05-05-2021 01:57:02.0584 A

################################################################################################################################################
Starting Execution:	[96 out of 137] test cases in the current suite
Test Method:		[unitTests.tests_validations_assertions.assertElementExists_false_expectedToPass]
################################################################################################################################################
[ReportManager] AssertElementExists PASSED; Expected [Element Should not Exist, locator 'By.id: fakeElement'] and Actual [Element Doesn't Exists]. Comparison Type [EQUALS]. Validation Type [NEGATIVE]. @05-05-2021 01:57:12.0920 AM
[ReportManager] Successfully created attachment [Screenshot - 1620179832867_assertElementExists_false_expectedToPass_AssertElementExists_passed] @05-05-2021 01:57:12.0920 A
[ReportManager] Successfully created attachment [Selenium WebDriver Logs - server] @05-05-2021 01:57:12.0986 AM
[ReportManager] Successfully created attachment [Selenium WebDriver Logs - performance] @05-05-2021 01:57:13.0022 AM
[ReportManager] Successfully created attachment [Selenium WebDriver Logs - driver] @05-05-2021 01:57:13.0091 AM
[ReportManager] Browser Action [closeCurrentWindow] successfully performed. @05-05-2021 01:57:13.0150 AM
[ReportManager] Successfully created attachment [Browser Action Test Data - closeCurrentWindow - Actual Value] @05-05-2021 01:57:13.0151 A
[ReportManager] File Action [getAbsolutePath] successfully performed. With the following test data [Relative Folder Path: "target/downloadedFiles/"]. @05-05-2021 01:57:13.0153 AM
[ReportManager] Attempting to run remotely on: [Linux-64], [GoogleChrome], [http://localhost:4444/wd/hub], Headless Execution. @05-05-2021 01:57:13.0153 AM
[ReportManager] Successfully Opened [GoogleChrome]. @05-05-2021 01:57:13.0348 AM
[ReportManager] Target URL: [https://www.google.com/ncr], and after redirection: [www.google.com] @05-05-2021 01:57:13.0360 AM
[ReportManager] Initial URL: [data:,] @05-05-2021 01:57:13.0396 AM
[ReportManager] Browser Action [navigateToURL] successfully performed. With the following test data [https://www.google.com/ncr]. @05-05-2021 01:57:14.0212 A

################################################################################################################################################
Starting Execution:	[97 out of 137] test cases in the current suite
Test Method:		[unitTests.tests_validations_assertions.assertElementExists_false_multipleElementsFound_expectedToFail]
################################################################################################################################################
[ReportManager] AssertElementExists FAILED; Expected [Element Should not Exist, locator 'By.xpath: //div'] and Actual [Element Exists but is not unique]. Comparison Type [EQUALS]. Validation Type [NEGATIVE]. @05-05-2021 01:57:14.0431 AM
[ReportManager] Successfully created attachment [Screenshot - 1620179834379_assertElementExists_false_multipleElementsFound_expectedToFail_AssertElementExists_failed] @05-05-2021 01:57:14.0431 A
[ReportManager] Successfully created attachment [Selenium WebDriver Logs - server] @05-05-2021 01:57:14.0499 AM
[ReportManager] Successfully created attachment [Selenium WebDriver Logs - performance] @05-05-2021 01:57:14.0529 AM
[ReportManager] Successfully created attachment [Selenium WebDriver Logs - driver] @05-05-2021 01:57:14.0603 AM
[ReportManager] Browser Action [closeCurrentWindow] successfully performed. @05-05-2021 01:57:14.0660 AM
[ReportManager] Successfully created attachment [Browser Action Test Data - closeCurrentWindow - Actual Value] @05-05-2021 01:57:14.0660 A
[ReportManager] File Action [getAbsolutePath] successfully performed. With the following test data [Relative Folder Path: "target/downloadedFiles/"]. @05-05-2021 01:57:14.0664 AM
[ReportManager] Attempting to run remotely on: [Linux-64], [GoogleChrome], [http://localhost:4444/wd/hub], Headless Execution. @05-05-2021 01:57:14.0664 AM
[ReportManager] Successfully Opened [GoogleChrome]. @05-05-2021 01:57:14.0862 AM
[ReportManager] Target URL: [https://www.google.com/ncr], and after redirection: [www.google.com] @05-05-2021 01:57:14.0872 AM
[ReportManager] Initial URL: [data:,] @05-05-2021 01:57:14.0909 AM
[ReportManager] Browser Action [navigateToURL] successfully performed. With the following test data [https://www.google.com/ncr]. @05-05-2021 01:57:15.0777 A

################################################################################################################################################
Starting Execution:	[98 out of 137] test cases in the current suite
Test Method:		[unitTests.tests_validations_assertions.assertElementExists_true_expectedToFail]
################################################################################################################################################
[ReportManager] AssertElementExists FAILED; Expected [Element Should Exist, locator 'By.id: fakeElement'] and Actual [Element Doesn't Exists]. Comparison Type [EQUALS]. Validation Type [POSITIVE]. @05-05-2021 01:57:46.0382 AM
[ReportManager] Successfully created attachment [Screenshot - 1620179866328_assertElementExists_true_expectedToFail_AssertElementExists_failed] @05-05-2021 01:57:46.0383 A
[ReportManager] Successfully created attachment [Selenium WebDriver Logs - server] @05-05-2021 01:57:46.0452 AM
[ReportManager] Successfully created attachment [Selenium WebDriver Logs - performance] @05-05-2021 01:57:46.0482 AM
[ReportManager] Successfully created attachment [Selenium WebDriver Logs - driver] @05-05-2021 01:57:46.0565 AM
[ReportManager] Browser Action [closeCurrentWindow] successfully performed. @05-05-2021 01:57:46.0622 AM
[ReportManager] Successfully created attachment [Browser Action Test Data - closeCurrentWindow - Actual Value] @05-05-2021 01:57:46.0622 A
[ReportManager] File Action [getAbsolutePath] successfully performed. With the following test data [Relative Folder Path: "target/downloadedFiles/"]. @05-05-2021 01:57:46.0625 AM
[ReportManager] Attempting to run remotely on: [Linux-64], [GoogleChrome], [http://localhost:4444/wd/hub], Headless Execution. @05-05-2021 01:57:46.0625 AM
[ReportManager] Successfully Opened [GoogleChrome]. @05-05-2021 01:57:46.0823 AM
[ReportManager] Target URL: [https://www.google.com/ncr], and after redirection: [www.google.com] @05-05-2021 01:57:46.0832 AM
[ReportManager] Initial URL: [data:,] @05-05-2021 01:57:46.0866 AM
[ReportManager] Browser Action [navigateToURL] successfully performed. With the following test data [https://www.google.com/ncr]. @05-05-2021 01:57:47.0702 A

################################################################################################################################################
Starting Execution:	[99 out of 137] test cases in the current suite
Test Method:		[unitTests.tests_validations_assertions.assertElementExists_true_expectedToPass]
################################################################################################################################################
[ReportManager] Loaded Shared OpenCV @05-05-2021 01:57:47.0906 AM
[ReportManager] AssertElementExists PASSED; Expected [Element Should Exist, locator 'By.xpath: //img[@id='hplogo' or @alt='Google']'] and Actual [Element Exists]. Comparison Type [EQUALS]. Validation Type [POSITIVE]. @05-05-2021 01:57:47.0977 AM
[ReportManager] Successfully created attachment [Screenshot - 1620179867906_assertElementExists_true_expectedToPass_AssertElementExists_passed] @05-05-2021 01:57:47.0978 A
[ReportManager] Successfully created attachment [Selenium WebDriver Logs - server] @05-05-2021 01:57:48.0040 AM
[ReportManager] Successfully created attachment [Selenium WebDriver Logs - performance] @05-05-2021 01:57:48.0073 AM
[ReportManager] Successfully created attachment [Selenium WebDriver Logs - driver] @05-05-2021 01:57:48.0143 AM
[ReportManager] Browser Action [closeCurrentWindow] successfully performed. @05-05-2021 01:57:48.0202 AM
[ReportManager] Successfully created attachment [Browser Action Test Data - closeCurrentWindow - Actual Value] @05-05-2021 01:57:48.0203 A
[ReportManager] File Action [getAbsolutePath] successfully performed. With the following test data [Relative Folder Path: "target/downloadedFiles/"]. @05-05-2021 01:57:48.0205 AM
[ReportManager] Attempting to run remotely on: [Linux-64], [GoogleChrome], [http://localhost:4444/wd/hub], Headless Execution. @05-05-2021 01:57:48.0205 AM
[ReportManager] Successfully Opened [GoogleChrome]. @05-05-2021 01:57:48.0405 AM
[ReportManager] Target URL: [https://www.google.com/ncr], and after redirection: [www.google.com] @05-05-2021 01:57:48.0417 AM
[ReportManager] Initial URL: [data:,] @05-05-2021 01:57:48.0452 AM
[ReportManager] Browser Action [navigateToURL] successfully performed. With the following test data [https://www.google.com/ncr]. @05-05-2021 01:57:49.0264 A

################################################################################################################################################
Starting Execution:	[100 out of 137] test cases in the current suite
Test Method:		[unitTests.tests_validations_assertions.assertElementExists_true_multipleElementsFound_expectedToFail]
################################################################################################################################################
[ReportManager] AssertElementExists FAILED; Expected [Element Should Exist, locator 'By.xpath: //div'] and Actual [Element Exists but is not unique]. Comparison Type [EQUALS]. Validation Type [POSITIVE]. @05-05-2021 01:57:49.0520 AM
[ReportManager] Successfully created attachment [Screenshot - 1620179869464_assertElementExists_true_multipleElementsFound_expectedToFail_AssertElementExists_failed] @05-05-2021 01:57:49.0521 A
[ReportManager] Successfully created attachment [Selenium WebDriver Logs - server] @05-05-2021 01:57:49.0595 AM
[ReportManager] Successfully created attachment [Selenium WebDriver Logs - performance] @05-05-2021 01:57:49.0628 AM
[ReportManager] Successfully created attachment [Selenium WebDriver Logs - driver] @05-05-2021 01:57:49.0705 AM
[ReportManager] Browser Action [closeCurrentWindow] successfully performed. @05-05-2021 01:57:49.0761 AM
[ReportManager] Successfully created attachment [Browser Action Test Data - closeCurrentWindow - Actual Value] @05-05-2021 01:57:49.0762 A

################################################################################################################################################
Starting Execution:	[101 out of 137] test cases in the current suite
Test Method:		[unitTests.tests_validations_assertions.assertEquals_false_expectedToFail]
################################################################################################################################################
[ReportManager] AssertEquals FAILED; Expected [1] and Actual [1]. Comparison Type [EQUALS]. Validation Type [NEGATIVE]. @05-05-2021 01:57:49.0769 A

################################################################################################################################################
Starting Execution:	[102 out of 137] test cases in the current suite
Test Method:		[unitTests.tests_validations_assertions.assertEquals_false_expectedToPass]
################################################################################################################################################
[ReportManager] AssertEquals PASSED; Expected [1] and Actual [2]. Comparison Type [EQUALS]. Validation Type [NEGATIVE]. @05-05-2021 01:57:49.0778 A

################################################################################################################################################
Starting Execution:	[103 out of 137] test cases in the current suite
Test Method:		[unitTests.tests_validations_assertions.assertEquals_longCharacters]
################################################################################################################################################
[ReportManager] VerifyEquals PASSED; Expected and Actual values are attached. Comparison Type [EQUALS]. Validation Type [POSITIVE]. @05-05-2021 01:57:49.0780 AM
[ReportManager] Successfully created attachment [Validation Test Data - Expected Value] @05-05-2021 01:57:49.0780 AM
[ReportManager] Successfully created attachment [Validation Test Data - Actual Value] @05-05-2021 01:57:49.0780 AM
[ReportManager] AssertEquals PASSED; Expected and Actual values are attached. Comparison Type [EQUALS]. Validation Type [POSITIVE]. @05-05-2021 01:57:49.0780 AM
[ReportManager] Successfully created attachment [Validation Test Data - Expected Value] @05-05-2021 01:57:49.0781 AM
[ReportManager] Successfully created attachment [Validation Test Data - Actual Value] @05-05-2021 01:57:49.0781 A

################################################################################################################################################
Starting Execution:	[104 out of 137] test cases in the current suite
Test Method:		[unitTests.tests_validations_assertions.assertEquals_longCharacters_Discreet]
################################################################################################################################################
[ReportManager] AssertEquals PASSED; Expected [1LH5pROcDBjjQk0t0mCr0lXuzQu9lcGj28kY8R1H81X67eVAQJgWQhILiRWVPUgZ6uCtK5cnBkF55Jr9vYngjGO1Iyf0Mktv6lruDlL9T8MAUPcUZJGHZtji6nIeadujDSNmWMj5d6C8zlFqw0CRqBU0hO5adIasHgBSNoLotAjce3NGXoDwAlp3rYreeV16VIyZXROQY] and Actual [1LH5pROcDBjjQk0t0mCr0lXuzQu9lcGj28kY8R1H81X67eVAQJgWQhILiRWVPUgZ6uCtK5cnBkF55Jr9vYngjGO1Iyf0Mktv6lruDlL9T8MAUPcUZJGHZtji6nIeadujDSNmWMj5d6C8zlFqw0CRqBU0hO5adIasHgBSNoLotAjce3NGXoDwAlp3rYreeV16VIyZXROQY]. Comparison Type [EQUALS]. Validation Type [POSITIVE]. @05-05-2021 01:57:49.0784 A

################################################################################################################################################
Starting Execution:	[105 out of 137] test cases in the current suite
Test Method:		[unitTests.tests_validations_assertions.assertEquals_true_expectedToFail]
################################################################################################################################################
[ReportManager] AssertEquals FAILED; Expected [1] and Actual [2]. Comparison Type [EQUALS]. Validation Type [POSITIVE]. @05-05-2021 01:57:49.0787 A

################################################################################################################################################
Starting Execution:	[106 out of 137] test cases in the current suite
Test Method:		[unitTests.tests_validations_assertions.assertEquals_true_expectedToPass]
Test Description:	[Assert that assertEquals works as expected when the two values are equal.]
################################################################################################################################################
[ReportManager] VerifyEquals PASSED; Expected [1] and Actual [1]. Comparison Type [EQUALS]. Validation Type [POSITIVE]. @05-05-2021 01:57:49.0790 AM
[ReportManager] AssertEquals PASSED; Expected [1] and Actual [1]. Comparison Type [EQUALS]. Validation Type [POSITIVE]. @05-05-2021 01:57:49.0790 A

################################################################################################################################################
Starting Execution:	[107 out of 137] test cases in the current suite
Test Method:		[unitTests.tests_validations_assertions.assertEquals_true_expectedToPass__]
################################################################################################################################################
[ReportManager] AssertEquals PASSED; Expected [1] and Actual [1]. Comparison Type [EQUALS]. Validation Type [POSITIVE]. @05-05-2021 01:57:49.0793 A

################################################################################################################################################
Starting Execution:	[108 out of 137] test cases in the current suite
Test Method:		[unitTests.tests_validations_assertions.assertFileExists_false_expectedToFail]
################################################################################################################################################
[ReportManager] File Action [doesFileExist] successfully performed. With the following test data [File Path: "src/main/java/com/shaft/gui/element/ElementActions.java"]. @05-05-2021 01:57:49.0795 AM
[ReportManager] AssertFileExists FAILED; Expected [File 'src/main/java/com/shaft/gui/element/ElementActions.java' should not exist, after up to '1' retries] and Actual [File exists]. Validation Type [NEGATIVE]. @05-05-2021 01:57:49.0795 A

################################################################################################################################################
Starting Execution:	[109 out of 137] test cases in the current suite
Test Method:		[unitTests.tests_validations_assertions.assertFileExists_false_expectedToPass]
################################################################################################################################################
[ReportManager] File Action [doesFileExist] successfully performed. With the following test data [File Path: "src/main/java/com/shaft/gui/element/ElementActions.java_fail"]. @05-05-2021 01:57:50.0299 AM
[ReportManager] AssertFileExists PASSED; Expected [File 'src/main/java/com/shaft/gui/element/ElementActions.java_fail' should not exist, after up to '1' retries] and Actual [File does not exist]. Validation Type [NEGATIVE]. @05-05-2021 01:57:50.0299 A

################################################################################################################################################
Starting Execution:	[110 out of 137] test cases in the current suite
Test Method:		[unitTests.tests_validations_assertions.assertFileExists_true_expectedToFail]
################################################################################################################################################
[ReportManager] File Action [doesFileExist] successfully performed. With the following test data [File Path: "src/main/java/com/shaft/gui/element/ElementActions.java_fail"]. @05-05-2021 01:57:50.0805 AM
[ReportManager] AssertFileExists FAILED; Expected [File 'src/main/java/com/shaft/gui/element/ElementActions.java_fail' should exist, after up to '1' retries] and Actual [File does not exist]. Validation Type [POSITIVE]. @05-05-2021 01:57:50.0805 A

################################################################################################################################################
Starting Execution:	[111 out of 137] test cases in the current suite
Test Method:		[unitTests.tests_validations_assertions.assertFileExists_true_expectedToPass]
################################################################################################################################################
[ReportManager] File Action [doesFileExist] successfully performed. With the following test data [File Path: "src/main/java/com/shaft/gui/element/ElementActions.java"]. @05-05-2021 01:57:50.0809 AM
[ReportManager] AssertFileExists PASSED; Expected [File 'src/main/java/com/shaft/gui/element/ElementActions.java' should exist, after up to '1' retries] and Actual [File exists]. Validation Type [POSITIVE]. @05-05-2021 01:57:50.0809 A

################################################################################################################################################
Starting Execution:	[112 out of 137] test cases in the current suite
Test Method:		[unitTests.tests_validations_assertions.assertNull_false_expectedToFail]
################################################################################################################################################
[ReportManager] AssertNull FAILED; Expected [NULL] and Actual [NULL]. Comparison Type [EQUALS]. Validation Type [NEGATIVE]. @05-05-2021 01:57:50.0812 A

################################################################################################################################################
Starting Execution:	[113 out of 137] test cases in the current suite
Test Method:		[unitTests.tests_validations_assertions.assertNull_false_expectedToPass]
################################################################################################################################################
[ReportManager] AssertNull PASSED; Expected [NULL] and Actual [1]. Comparison Type [EQUALS]. Validation Type [NEGATIVE]. @05-05-2021 01:57:50.0814 A

################################################################################################################################################
Starting Execution:	[114 out of 137] test cases in the current suite
Test Method:		[unitTests.tests_validations_assertions.assertNull_true_expectedToFail]
################################################################################################################################################
[ReportManager] AssertNull FAILED; Expected [NULL] and Actual [1]. Comparison Type [EQUALS]. Validation Type [POSITIVE]. @05-05-2021 01:57:50.0817 A

################################################################################################################################################
Starting Execution:	[115 out of 137] test cases in the current suite
Test Method:		[unitTests.tests_validations_assertions.assertNull_true_expectedToPass]
################################################################################################################################################
[ReportManager] AssertNull PASSED; Expected [NULL] and Actual [NULL]. Comparison Type [EQUALS]. Validation Type [POSITIVE]. @05-05-2021 01:57:50.0820 A
[ReportManager] File Action [getAbsolutePath] successfully performed. With the following test data [Relative Folder Path: "target/downloadedFiles/"]. @05-05-2021 01:57:50.0822 AM
[ReportManager] Attempting to run remotely on: [Linux-64], [GoogleChrome], [http://localhost:4444/wd/hub], Headless Execution. @05-05-2021 01:57:50.0822 AM
[ReportManager] Successfully Opened [GoogleChrome]. @05-05-2021 01:57:51.0020 AM
[ReportManager] Target URL: [https://duckduckgo.com] @05-05-2021 01:57:51.0029 AM
[ReportManager] Initial URL: [data:,] @05-05-2021 01:57:51.0072 AM
[ReportManager] Browser Action [navigateToURL] successfully performed. With the following test data [https://duckduckgo.com]. @05-05-2021 01:57:51.0707 A

################################################################################################################################################
Starting Execution:	[116 out of 137] test cases in the current suite
Test Method:		[unitTests.tests_browserActions.fullScreenWindow]
################################################################################################################################################
[ReportManager] Initial Windows Size: 800x600 @05-05-2021 01:57:51.0714 AM
[ReportManager] Initial window size: (800, 600) @05-05-2021 01:57:51.0717 AM
[ReportManager] Window size after Toolkit: (1920, 1080) @05-05-2021 01:57:51.0932 AM
[ReportManager] Browser Action [maximizeWindow] successfully performed. With the following test data [New screen size is now: (1920, 1080)]. @05-05-2021 01:57:51.0935 AM
[ReportManager] Current Windows Size after fullScreen: 1920x1080 @05-05-2021 01:57:51.0938 AM
[ReportManager] Browser Action [fullScreenWindow] successfully performed. @05-05-2021 01:57:51.0952 AM
[ReportManager] Successfully created attachment [Browser Action Test Data - fullScreenWindow - Actual Value] @05-05-2021 01:57:51.0952 A
[ReportManager] Target URL: [https://duckduckgo.com] @05-05-2021 01:57:51.0954 AM
[ReportManager] Initial URL: [https://duckduckgo.com] @05-05-2021 01:57:52.0021 AM
[ReportManager] Browser Action [navigateToURL] successfully performed. With the following test data [https://duckduckgo.com]. @05-05-2021 01:57:52.0353 AM
[ReportManager] Successfully created attachment [Selenium WebDriver Logs - server] @05-05-2021 01:57:52.0407 AM
[ReportManager] Successfully created attachment [Selenium WebDriver Logs - performance] @05-05-2021 01:57:52.0499 AM
[ReportManager] Successfully created attachment [Selenium WebDriver Logs - driver] @05-05-2021 01:57:52.0622 AM
[ReportManager] Browser Action [closeCurrentWindow] successfully performed. @05-05-2021 01:57:52.0678 AM
[ReportManager] Successfully created attachment [Browser Action Test Data - closeCurrentWindow - Actual Value] @05-05-2021 01:57:52.0678 A
[ReportManager] File Action [getAbsolutePath] successfully performed. With the following test data [Relative Folder Path: "target/downloadedFiles/"]. @05-05-2021 01:57:52.0682 AM
[ReportManager] Attempting to run remotely on: [Linux-64], [GoogleChrome], [http://localhost:4444/wd/hub], Headless Execution. @05-05-2021 01:57:52.0682 AM
[ReportManager] Successfully Opened [GoogleChrome]. @05-05-2021 01:57:52.0897 AM
[ReportManager] Target URL: [https://duckduckgo.com] @05-05-2021 01:57:52.0912 AM
[ReportManager] Initial URL: [data:,] @05-05-2021 01:57:52.0953 AM
[ReportManager] Browser Action [navigateToURL] successfully performed. With the following test data [https://duckduckgo.com]. @05-05-2021 01:57:53.0561 A

################################################################################################################################################
Starting Execution:	[117 out of 137] test cases in the current suite
Test Method:		[unitTests.tests_browserActions.getCurrentURL]
################################################################################################################################################
[ReportManager] Browser Action [getCurrentURL] successfully performed. With the following test data [https://duckduckgo.com/]. @05-05-2021 01:57:53.0601 A
[ReportManager] Target URL: [https://duckduckgo.com] @05-05-2021 01:57:53.0602 AM
[ReportManager] Initial URL: [https://duckduckgo.com] @05-05-2021 01:57:53.0650 AM
[ReportManager] Browser Action [navigateToURL] successfully performed. With the following test data [https://duckduckgo.com]. @05-05-2021 01:57:53.0992 AM
[ReportManager] Successfully created attachment [Selenium WebDriver Logs - server] @05-05-2021 01:57:54.0037 AM
[ReportManager] Successfully created attachment [Selenium WebDriver Logs - performance] @05-05-2021 01:57:54.0176 AM
[ReportManager] Successfully created attachment [Selenium WebDriver Logs - driver] @05-05-2021 01:57:54.0327 AM
[ReportManager] Browser Action [closeCurrentWindow] successfully performed. @05-05-2021 01:57:54.0398 AM
[ReportManager] Successfully created attachment [Browser Action Test Data - closeCurrentWindow - Actual Value] @05-05-2021 01:57:54.0399 A
[ReportManager] File Action [getAbsolutePath] successfully performed. With the following test data [Relative Folder Path: "target/downloadedFiles/"]. @05-05-2021 01:57:54.0404 AM
[ReportManager] Attempting to run remotely on: [Linux-64], [GoogleChrome], [http://localhost:4444/wd/hub], Headless Execution. @05-05-2021 01:57:54.0404 AM
[ReportManager] Successfully Opened [GoogleChrome]. @05-05-2021 01:57:54.0612 AM
[ReportManager] Target URL: [https://duckduckgo.com] @05-05-2021 01:57:54.0625 AM
[ReportManager] Initial URL: [data:,] @05-05-2021 01:57:54.0660 AM
[ReportManager] Browser Action [navigateToURL] successfully performed. With the following test data [https://duckduckgo.com]. @05-05-2021 01:57:55.0282 A

################################################################################################################################################
Starting Execution:	[118 out of 137] test cases in the current suite
Test Method:		[unitTests.tests_browserActions.getCurrentWindowTitle]
################################################################################################################################################
[ReportManager] Browser Action [getCurrentWindowTitle] successfully performed. With the following test data [DuckDuckGo  Privacy, simplified.]. @05-05-2021 01:57:55.0318 A
[ReportManager] Target URL: [https://duckduckgo.com] @05-05-2021 01:57:55.0324 AM
[ReportManager] Initial URL: [https://duckduckgo.com] @05-05-2021 01:57:55.0369 AM
[ReportManager] Browser Action [navigateToURL] successfully performed. With the following test data [https://duckduckgo.com]. @05-05-2021 01:57:55.0704 AM
[ReportManager] Successfully created attachment [Selenium WebDriver Logs - server] @05-05-2021 01:57:55.0747 AM
[ReportManager] Successfully created attachment [Selenium WebDriver Logs - performance] @05-05-2021 01:57:55.0851 AM
[ReportManager] Successfully created attachment [Selenium WebDriver Logs - driver] @05-05-2021 01:57:56.0004 AM
[ReportManager] Browser Action [closeCurrentWindow] successfully performed. @05-05-2021 01:57:56.0064 AM
[ReportManager] Successfully created attachment [Browser Action Test Data - closeCurrentWindow - Actual Value] @05-05-2021 01:57:56.0065 A
[ReportManager] File Action [getAbsolutePath] successfully performed. With the following test data [Relative Folder Path: "target/downloadedFiles/"]. @05-05-2021 01:57:56.0066 AM
[ReportManager] Attempting to run remotely on: [Linux-64], [GoogleChrome], [http://localhost:4444/wd/hub], Headless Execution. @05-05-2021 01:57:56.0067 AM
[ReportManager] Successfully Opened [GoogleChrome]. @05-05-2021 01:57:56.0263 AM
[ReportManager] Target URL: [https://duckduckgo.com] @05-05-2021 01:57:56.0273 AM
[ReportManager] Initial URL: [data:,] @05-05-2021 01:57:56.0312 AM
[ReportManager] Browser Action [navigateToURL] successfully performed. With the following test data [https://duckduckgo.com]. @05-05-2021 01:57:56.0912 A

################################################################################################################################################
Starting Execution:	[119 out of 137] test cases in the current suite
Test Method:		[unitTests.tests_browserActions.getPageSource]
################################################################################################################################################
[ReportManager] Browser Action [getPageSource] successfully performed. @05-05-2021 01:57:56.0962 AM
[ReportManager] Successfully created attachment [Browser Action Test Data - getPageSource - Actual Value] @05-05-2021 01:57:56.0963 A
[ReportManager] Target URL: [https://duckduckgo.com] @05-05-2021 01:57:56.0967 AM
[ReportManager] Initial URL: [https://duckduckgo.com] @05-05-2021 01:57:57.0023 AM
[ReportManager] Browser Action [navigateToURL] successfully performed. With the following test data [https://duckduckgo.com]. @05-05-2021 01:57:57.0359 AM
[ReportManager] Successfully created attachment [Selenium WebDriver Logs - server] @05-05-2021 01:57:57.0405 AM
[ReportManager] Successfully created attachment [Selenium WebDriver Logs - performance] @05-05-2021 01:57:57.0503 AM
[ReportManager] Successfully created attachment [Selenium WebDriver Logs - driver] @05-05-2021 01:57:57.0643 AM
[ReportManager] Browser Action [closeCurrentWindow] successfully performed. @05-05-2021 01:57:57.0701 AM
[ReportManager] Successfully created attachment [Browser Action Test Data - closeCurrentWindow - Actual Value] @05-05-2021 01:57:57.0701 A
[ReportManager] File Action [getAbsolutePath] successfully performed. With the following test data [Relative Folder Path: "target/downloadedFiles/"]. @05-05-2021 01:57:57.0703 AM
[ReportManager] Attempting to run remotely on: [Linux-64], [GoogleChrome], [http://localhost:4444/wd/hub], Headless Execution. @05-05-2021 01:57:57.0703 AM
[ReportManager] Successfully Opened [GoogleChrome]. @05-05-2021 01:57:57.0893 AM
[ReportManager] Target URL: [https://duckduckgo.com] @05-05-2021 01:57:57.0904 AM
[ReportManager] Initial URL: [data:,] @05-05-2021 01:57:57.0941 AM
[ReportManager] Browser Action [navigateToURL] successfully performed. With the following test data [https://duckduckgo.com]. @05-05-2021 01:57:58.0567 A

################################################################################################################################################
Starting Execution:	[120 out of 137] test cases in the current suite
Test Method:		[unitTests.tests_browserActions.getWindowHandle]
################################################################################################################################################
[ReportManager] Browser Action [getWindowHandle] successfully performed. With the following test data [CDwindow-F05D1AE7530087BCA8BB8CA8EB8343EE]. @05-05-2021 01:57:58.0614 A
[ReportManager] Target URL: [https://duckduckgo.com] @05-05-2021 01:57:58.0617 AM
[ReportManager] Initial URL: [https://duckduckgo.com] @05-05-2021 01:57:58.0697 AM
[ReportManager] Browser Action [navigateToURL] successfully performed. With the following test data [https://duckduckgo.com]. @05-05-2021 01:57:59.0053 AM
[ReportManager] Successfully created attachment [Selenium WebDriver Logs - server] @05-05-2021 01:57:59.0099 AM
[ReportManager] Successfully created attachment [Selenium WebDriver Logs - performance] @05-05-2021 01:57:59.0205 AM
[ReportManager] Successfully created attachment [Selenium WebDriver Logs - driver] @05-05-2021 01:57:59.0358 AM
[ReportManager] Browser Action [closeCurrentWindow] successfully performed. @05-05-2021 01:57:59.0419 AM
[ReportManager] Successfully created attachment [Browser Action Test Data - closeCurrentWindow - Actual Value] @05-05-2021 01:57:59.0419 A
[ReportManager] File Action [getAbsolutePath] successfully performed. With the following test data [Relative Folder Path: "target/downloadedFiles/"]. @05-05-2021 01:57:59.0420 AM
[ReportManager] Attempting to run remotely on: [Linux-64], [GoogleChrome], [http://localhost:4444/wd/hub], Headless Execution. @05-05-2021 01:57:59.0421 AM
[ReportManager] Successfully Opened [GoogleChrome]. @05-05-2021 01:57:59.0667 AM
[ReportManager] Target URL: [https://duckduckgo.com] @05-05-2021 01:57:59.0676 AM
[ReportManager] Initial URL: [data:,] @05-05-2021 01:57:59.0711 AM
[ReportManager] Browser Action [navigateToURL] successfully performed. With the following test data [https://duckduckgo.com]. @05-05-2021 01:58:00.0299 A

################################################################################################################################################
Starting Execution:	[121 out of 137] test cases in the current suite
Test Method:		[unitTests.tests_browserActions.getWindowPosition]
################################################################################################################################################
[ReportManager] Browser Action [getWindowPosition] successfully performed. With the following test data [(0, 0)]. @05-05-2021 01:58:00.0337 A
[ReportManager] Target URL: [https://duckduckgo.com] @05-05-2021 01:58:00.0340 AM
[ReportManager] Initial URL: [https://duckduckgo.com] @05-05-2021 01:58:00.0392 AM
[ReportManager] Browser Action [navigateToURL] successfully performed. With the following test data [https://duckduckgo.com]. @05-05-2021 01:58:00.0738 AM
[ReportManager] Successfully created attachment [Selenium WebDriver Logs - server] @05-05-2021 01:58:00.0780 AM
[ReportManager] Successfully created attachment [Selenium WebDriver Logs - performance] @05-05-2021 01:58:00.0867 AM
[ReportManager] Successfully created attachment [Selenium WebDriver Logs - driver] @05-05-2021 01:58:00.0996 AM
[ReportManager] Browser Action [closeCurrentWindow] successfully performed. @05-05-2021 01:58:01.0054 AM
[ReportManager] Successfully created attachment [Browser Action Test Data - closeCurrentWindow - Actual Value] @05-05-2021 01:58:01.0054 A
[ReportManager] File Action [getAbsolutePath] successfully performed. With the following test data [Relative Folder Path: "target/downloadedFiles/"]. @05-05-2021 01:58:01.0056 AM
[ReportManager] Attempting to run remotely on: [Linux-64], [GoogleChrome], [http://localhost:4444/wd/hub], Headless Execution. @05-05-2021 01:58:01.0056 AM
[ReportManager] Successfully Opened [GoogleChrome]. @05-05-2021 01:58:01.0295 AM
[ReportManager] Target URL: [https://duckduckgo.com] @05-05-2021 01:58:01.0304 AM
[ReportManager] Initial URL: [data:,] @05-05-2021 01:58:01.0340 AM
[ReportManager] Browser Action [navigateToURL] successfully performed. With the following test data [https://duckduckgo.com]. @05-05-2021 01:58:01.0971 A

################################################################################################################################################
Starting Execution:	[122 out of 137] test cases in the current suite
Test Method:		[unitTests.tests_browserActions.getWindowSize]
################################################################################################################################################
[ReportManager] Browser Action [getWindowSize] successfully performed. With the following test data [(800, 600)]. @05-05-2021 01:58:02.0022 A
[ReportManager] Target URL: [https://duckduckgo.com] @05-05-2021 01:58:02.0027 AM
[ReportManager] Initial URL: [https://duckduckgo.com] @05-05-2021 01:58:02.0072 AM
[ReportManager] Browser Action [navigateToURL] successfully performed. With the following test data [https://duckduckgo.com]. @05-05-2021 01:58:02.0401 AM
[ReportManager] Successfully created attachment [Selenium WebDriver Logs - server] @05-05-2021 01:58:02.0447 AM
[ReportManager] Successfully created attachment [Selenium WebDriver Logs - performance] @05-05-2021 01:58:02.0542 AM
[ReportManager] Successfully created attachment [Selenium WebDriver Logs - driver] @05-05-2021 01:58:02.0665 AM
[ReportManager] Browser Action [closeCurrentWindow] successfully performed. @05-05-2021 01:58:02.0722 AM
[ReportManager] Successfully created attachment [Browser Action Test Data - closeCurrentWindow - Actual Value] @05-05-2021 01:58:02.0722 A
[ReportManager] File Action [getAbsolutePath] successfully performed. With the following test data [Relative Folder Path: "target/downloadedFiles/"]. @05-05-2021 01:58:02.0724 AM
[ReportManager] Attempting to run remotely on: [Linux-64], [GoogleChrome], [http://localhost:4444/wd/hub], Headless Execution. @05-05-2021 01:58:02.0724 AM
[ReportManager] Successfully Opened [GoogleChrome]. @05-05-2021 01:58:02.0953 AM
[ReportManager] Target URL: [https://duckduckgo.com] @05-05-2021 01:58:02.0970 AM
[ReportManager] Initial URL: [data:,] @05-05-2021 01:58:03.0004 AM
[ReportManager] Browser Action [navigateToURL] successfully performed. With the following test data [https://duckduckgo.com]. @05-05-2021 01:58:03.0623 A

################################################################################################################################################
Starting Execution:	[123 out of 137] test cases in the current suite
Test Method:		[unitTests.tests_browserActions.maximizeWindow]
################################################################################################################################################
[ReportManager] Initial window size: (800, 600) @05-05-2021 01:58:03.0639 AM
[ReportManager] Window size after Toolkit: (1920, 1080) @05-05-2021 01:58:03.0854 AM
[ReportManager] Browser Action [maximizeWindow] successfully performed. With the following test data [New screen size is now: (1920, 1080)]. @05-05-2021 01:58:03.0857 A
[ReportManager] Target URL: [https://duckduckgo.com] @05-05-2021 01:58:03.0860 AM
[ReportManager] Initial URL: [https://duckduckgo.com] @05-05-2021 01:58:03.0922 AM
[ReportManager] Browser Action [navigateToURL] successfully performed. With the following test data [https://duckduckgo.com]. @05-05-2021 01:58:04.0258 AM
[ReportManager] Successfully created attachment [Selenium WebDriver Logs - server] @05-05-2021 01:58:04.0318 AM
[ReportManager] Successfully created attachment [Selenium WebDriver Logs - performance] @05-05-2021 01:58:04.0421 AM
[ReportManager] Successfully created attachment [Selenium WebDriver Logs - driver] @05-05-2021 01:58:04.0580 AM
[ReportManager] Browser Action [closeCurrentWindow] successfully performed. @05-05-2021 01:58:04.0638 AM
[ReportManager] Successfully created attachment [Browser Action Test Data - closeCurrentWindow - Actual Value] @05-05-2021 01:58:04.0639 A
[ReportManager] File Action [getAbsolutePath] successfully performed. With the following test data [Relative Folder Path: "target/downloadedFiles/"]. @05-05-2021 01:58:04.0643 AM
[ReportManager] Attempting to run remotely on: [Linux-64], [GoogleChrome], [http://localhost:4444/wd/hub], Headless Execution. @05-05-2021 01:58:04.0643 AM
[ReportManager] Successfully Opened [GoogleChrome]. @05-05-2021 01:58:04.0846 AM
[ReportManager] Target URL: [https://duckduckgo.com] @05-05-2021 01:58:04.0855 AM
[ReportManager] Initial URL: [data:,] @05-05-2021 01:58:04.0905 AM
[ReportManager] Browser Action [navigateToURL] successfully performed. With the following test data [https://duckduckgo.com]. @05-05-2021 01:58:05.0515 A

################################################################################################################################################
Starting Execution:	[124 out of 137] test cases in the current suite
Test Method:		[unitTests.tests_browserActions.navigateBack]
################################################################################################################################################
[ReportManager] Target URL: [https://www.google.com/ncr], and after redirection: [https://www.google.com] @05-05-2021 01:58:05.0520 AM
[ReportManager] Initial URL: [https://duckduckgo.com] @05-05-2021 01:58:05.0582 AM
[ReportManager] Browser Action [navigateToURL] successfully performed. With the following test data [https://www.google.com/ncr]. @05-05-2021 01:58:06.0419 AM
[ReportManager] Browser Action [navigateBack] successfully performed. With the following test data [https://duckduckgo.com/]. @05-05-2021 01:58:06.0752 AM
[ReportManager] Confirming that navigating back was successful... @05-05-2021 01:58:06.0752 AM
[ReportManager] Browser Action [getCurrentURL] successfully performed. With the following test data [https://duckduckgo.com/]. @05-05-2021 01:58:06.0778 AM
[ReportManager] AssertBrowserAttribute PASSED; Expected [Value Should be 'https://duckduckgo.com' for the 'CurrentUrl' attribute] and Actual [https://duckduckgo.com/]. Comparison Type [CONTAINS]. Validation Type [POSITIVE]. @05-05-2021 01:58:06.0778 A
[ReportManager] Target URL: [https://duckduckgo.com] @05-05-2021 01:58:06.0779 AM
[ReportManager] Initial URL: [https://duckduckgo.com] @05-05-2021 01:58:06.0828 AM
[ReportManager] Browser Action [navigateToURL] successfully performed. With the following test data [https://duckduckgo.com]. @05-05-2021 01:58:07.0152 AM
[ReportManager] Successfully created attachment [Selenium WebDriver Logs - server] @05-05-2021 01:58:07.0194 AM
[ReportManager] Successfully created attachment [Selenium WebDriver Logs - performance] @05-05-2021 01:58:07.0337 AM
[ReportManager] Successfully created attachment [Selenium WebDriver Logs - driver] @05-05-2021 01:58:07.0549 AM
[ReportManager] Browser Action [closeCurrentWindow] successfully performed. @05-05-2021 01:58:07.0607 AM
[ReportManager] Successfully created attachment [Browser Action Test Data - closeCurrentWindow - Actual Value] @05-05-2021 01:58:07.0608 A
[ReportManager] File Action [getAbsolutePath] successfully performed. With the following test data [Relative Folder Path: "target/downloadedFiles/"]. @05-05-2021 01:58:07.0609 AM
[ReportManager] Attempting to run remotely on: [Linux-64], [GoogleChrome], [http://localhost:4444/wd/hub], Headless Execution. @05-05-2021 01:58:07.0610 AM
[ReportManager] Successfully Opened [GoogleChrome]. @05-05-2021 01:58:07.0842 AM
[ReportManager] Target URL: [https://duckduckgo.com] @05-05-2021 01:58:07.0855 AM
[ReportManager] Initial URL: [data:,] @05-05-2021 01:58:07.0889 AM
[ReportManager] Browser Action [navigateToURL] successfully performed. With the following test data [https://duckduckgo.com]. @05-05-2021 01:58:08.0508 A

################################################################################################################################################
Starting Execution:	[125 out of 137] test cases in the current suite
Test Method:		[unitTests.tests_browserActions.navigateForward]
################################################################################################################################################
[ReportManager] Target URL: [https://www.google.com/ncr], and after redirection: [https://www.google.com] @05-05-2021 01:58:08.0517 AM
[ReportManager] Initial URL: [https://duckduckgo.com] @05-05-2021 01:58:08.0573 AM
[ReportManager] Browser Action [navigateToURL] successfully performed. With the following test data [https://www.google.com/ncr]. @05-05-2021 01:58:09.0404 AM
[ReportManager] Browser Action [navigateBack] successfully performed. With the following test data [https://duckduckgo.com/]. @05-05-2021 01:58:09.0789 AM
[ReportManager] Browser Action [navigateForward] successfully performed. With the following test data [https://www.google.com/]. @05-05-2021 01:58:10.0184 A
[ReportManager] Target URL: [https://duckduckgo.com] @05-05-2021 01:58:10.0185 AM
[ReportManager] Initial URL: [https://www.google.com] @05-05-2021 01:58:10.0257 AM
[ReportManager] Browser Action [navigateToURL] successfully performed. With the following test data [https://duckduckgo.com]. @05-05-2021 01:58:10.0708 AM
[ReportManager] Successfully created attachment [Selenium WebDriver Logs - server] @05-05-2021 01:58:10.0759 AM
[ReportManager] Successfully created attachment [Selenium WebDriver Logs - performance] @05-05-2021 01:58:10.0912 AM
[ReportManager] Successfully created attachment [Selenium WebDriver Logs - driver] @05-05-2021 01:58:11.0138 AM
[ReportManager] Browser Action [closeCurrentWindow] successfully performed. @05-05-2021 01:58:11.0196 AM
[ReportManager] Successfully created attachment [Browser Action Test Data - closeCurrentWindow - Actual Value] @05-05-2021 01:58:11.0197 A
[ReportManager] File Action [getAbsolutePath] successfully performed. With the following test data [Relative Folder Path: "target/downloadedFiles/"]. @05-05-2021 01:58:11.0199 AM
[ReportManager] Attempting to run remotely on: [Linux-64], [GoogleChrome], [http://localhost:4444/wd/hub], Headless Execution. @05-05-2021 01:58:11.0204 AM
[ReportManager] Successfully Opened [GoogleChrome]. @05-05-2021 01:58:11.0443 AM
[ReportManager] Target URL: [https://duckduckgo.com] @05-05-2021 01:58:11.0452 AM
[ReportManager] Initial URL: [data:,] @05-05-2021 01:58:11.0494 AM
[ReportManager] Browser Action [navigateToURL] successfully performed. With the following test data [https://duckduckgo.com]. @05-05-2021 01:58:12.0100 A

################################################################################################################################################
Starting Execution:	[126 out of 137] test cases in the current suite
Test Method:		[unitTests.tests_browserActions.navigateToURL]
################################################################################################################################################
[ReportManager] Target URL: [https://duckduckgo.com] @05-05-2021 01:58:12.0113 AM
[ReportManager] Initial URL: [https://duckduckgo.com] @05-05-2021 01:58:12.0163 AM
[ReportManager] Browser Action [navigateToURL] successfully performed. With the following test data [https://duckduckgo.com]. @05-05-2021 01:58:12.0495 A
[ReportManager] Target URL: [https://duckduckgo.com] @05-05-2021 01:58:12.0497 AM
[ReportManager] Initial URL: [https://duckduckgo.com] @05-05-2021 01:58:12.0547 AM
[ReportManager] Browser Action [navigateToURL] successfully performed. With the following test data [https://duckduckgo.com]. @05-05-2021 01:58:12.0851 AM
[ReportManager] Successfully created attachment [Selenium WebDriver Logs - server] @05-05-2021 01:58:12.0897 AM
[ReportManager] Successfully created attachment [Selenium WebDriver Logs - performance] @05-05-2021 01:58:13.0041 AM
[ReportManager] Successfully created attachment [Selenium WebDriver Logs - driver] @05-05-2021 01:58:13.0218 AM
[ReportManager] Browser Action [closeCurrentWindow] successfully performed. @05-05-2021 01:58:13.0274 AM
[ReportManager] Successfully created attachment [Browser Action Test Data - closeCurrentWindow - Actual Value] @05-05-2021 01:58:13.0274 A
[ReportManager] File Action [getAbsolutePath] successfully performed. With the following test data [Relative Folder Path: "target/downloadedFiles/"]. @05-05-2021 01:58:13.0275 AM
[ReportManager] Attempting to run remotely on: [Linux-64], [GoogleChrome], [http://localhost:4444/wd/hub], Headless Execution. @05-05-2021 01:58:13.0276 AM
[ReportManager] Successfully Opened [GoogleChrome]. @05-05-2021 01:58:13.0471 AM
[ReportManager] Target URL: [https://duckduckgo.com] @05-05-2021 01:58:13.0479 AM
[ReportManager] Initial URL: [data:,] @05-05-2021 01:58:13.0520 AM
[ReportManager] Browser Action [navigateToURL] successfully performed. With the following test data [https://duckduckgo.com]. @05-05-2021 01:58:14.0121 A

################################################################################################################################################
Starting Execution:	[127 out of 137] test cases in the current suite
Test Method:		[unitTests.tests_browserActions.navigateToURLWithRedirection]
################################################################################################################################################
[ReportManager] Target URL: [https://www.google.com/ncr], and after redirection: [https://www.google.com] @05-05-2021 01:58:14.0130 AM
[ReportManager] Initial URL: [https://duckduckgo.com] @05-05-2021 01:58:14.0182 AM
[ReportManager] Browser Action [navigateToURL] successfully performed. With the following test data [https://www.google.com/ncr]. @05-05-2021 01:58:15.0002 A
[ReportManager] Target URL: [https://duckduckgo.com] @05-05-2021 01:58:15.0005 AM
[ReportManager] Initial URL: [https://www.google.com] @05-05-2021 01:58:15.0068 AM
[ReportManager] Browser Action [navigateToURL] successfully performed. With the following test data [https://duckduckgo.com]. @05-05-2021 01:58:15.0525 AM
[ReportManager] Successfully created attachment [Selenium WebDriver Logs - server] @05-05-2021 01:58:15.0567 AM
[ReportManager] Successfully created attachment [Selenium WebDriver Logs - performance] @05-05-2021 01:58:15.0662 AM
[ReportManager] Successfully created attachment [Selenium WebDriver Logs - driver] @05-05-2021 01:58:15.0812 AM
[ReportManager] Browser Action [closeCurrentWindow] successfully performed. @05-05-2021 01:58:15.0868 AM
[ReportManager] Successfully created attachment [Browser Action Test Data - closeCurrentWindow - Actual Value] @05-05-2021 01:58:15.0868 A
[ReportManager] File Action [getAbsolutePath] successfully performed. With the following test data [Relative Folder Path: "target/downloadedFiles/"]. @05-05-2021 01:58:15.0877 AM
[ReportManager] Attempting to run remotely on: [Linux-64], [GoogleChrome], [http://localhost:4444/wd/hub], Headless Execution. @05-05-2021 01:58:15.0877 AM
[ReportManager] Successfully Opened [GoogleChrome]. @05-05-2021 01:58:16.0049 AM
[ReportManager] Target URL: [https://duckduckgo.com] @05-05-2021 01:58:16.0060 AM
[ReportManager] Initial URL: [data:,] @05-05-2021 01:58:16.0099 AM
[ReportManager] Browser Action [navigateToURL] successfully performed. With the following test data [https://duckduckgo.com]. @05-05-2021 01:58:16.0683 A

################################################################################################################################################
Starting Execution:	[128 out of 137] test cases in the current suite
Test Method:		[unitTests.tests_browserActions.refreshCurrentPage]
################################################################################################################################################
[ReportManager] Browser Action [refreshCurrentPage] successfully performed. @05-05-2021 01:58:16.0949 AM
[ReportManager] Successfully created attachment [Browser Action Test Data - refreshCurrentPage - Actual Value] @05-05-2021 01:58:16.0949 A
[ReportManager] Target URL: [https://duckduckgo.com] @05-05-2021 01:58:16.0951 AM
[ReportManager] Initial URL: [https://duckduckgo.com] @05-05-2021 01:58:17.0005 AM
[ReportManager] Browser Action [navigateToURL] successfully performed. With the following test data [https://duckduckgo.com]. @05-05-2021 01:58:17.0307 AM
[ReportManager] Successfully created attachment [Selenium WebDriver Logs - server] @05-05-2021 01:58:17.0349 AM
[ReportManager] Successfully created attachment [Selenium WebDriver Logs - performance] @05-05-2021 01:58:17.0491 AM
[ReportManager] Successfully created attachment [Selenium WebDriver Logs - driver] @05-05-2021 01:58:17.0669 AM
[ReportManager] Browser Action [closeCurrentWindow] successfully performed. @05-05-2021 01:58:17.0725 AM
[ReportManager] Successfully created attachment [Browser Action Test Data - closeCurrentWindow - Actual Value] @05-05-2021 01:58:17.0726 A
[ReportManager] File Action [getAbsolutePath] successfully performed. With the following test data [Relative Folder Path: "target/downloadedFiles/"]. @05-05-2021 01:58:17.0731 AM
[ReportManager] Attempting to run remotely on: [Linux-64], [GoogleChrome], [http://localhost:4444/wd/hub], Headless Execution. @05-05-2021 01:58:17.0731 AM
[ReportManager] Successfully Opened [GoogleChrome]. @05-05-2021 01:58:17.0930 AM
[ReportManager] Target URL: [https://duckduckgo.com] @05-05-2021 01:58:17.0940 AM
[ReportManager] Initial URL: [data:,] @05-05-2021 01:58:17.0976 AM
[ReportManager] Browser Action [navigateToURL] successfully performed. With the following test data [https://duckduckgo.com]. @05-05-2021 01:58:18.0602 A

################################################################################################################################################
Starting Execution:	[129 out of 137] test cases in the current suite
Test Method:		[unitTests.tests_browserActions.setWindowSize]
################################################################################################################################################
[ReportManager] Initial window size: (800, 600) @05-05-2021 01:58:18.0613 AM
[ReportManager] Window size after SWD: (1280, 720) @05-05-2021 01:58:18.0828 AM
[ReportManager] Browser Action [setWindowSize] successfully performed. With the following test data [New screen size is now: (1280, 720)]. @05-05-2021 01:58:18.0828 A
[ReportManager] Target URL: [https://duckduckgo.com] @05-05-2021 01:58:18.0831 AM
[ReportManager] Initial URL: [https://duckduckgo.com] @05-05-2021 01:58:18.0892 AM
[ReportManager] Browser Action [navigateToURL] successfully performed. With the following test data [https://duckduckgo.com]. @05-05-2021 01:58:19.0229 AM
[ReportManager] Successfully created attachment [Selenium WebDriver Logs - server] @05-05-2021 01:58:19.0275 AM
[ReportManager] Successfully created attachment [Selenium WebDriver Logs - performance] @05-05-2021 01:58:19.0365 AM
[ReportManager] Successfully created attachment [Selenium WebDriver Logs - driver] @05-05-2021 01:58:19.0490 AM
[ReportManager] Browser Action [closeCurrentWindow] successfully performed. @05-05-2021 01:58:19.0549 AM
[ReportManager] Successfully created attachment [Browser Action Test Data - closeCurrentWindow - Actual Value] @05-05-2021 01:58:19.0549 A
[ReportManager] File Action [getAbsolutePath] successfully performed. With the following test data [Relative Folder Path: "target/downloadedFiles/"]. @05-05-2021 01:58:19.0551 AM
[ReportManager] Attempting to run remotely on: [Linux-64], [GoogleChrome], [http://localhost:4444/wd/hub], Headless Execution. @05-05-2021 01:58:19.0551 AM
[ReportManager] Successfully Opened [GoogleChrome]. @05-05-2021 01:58:19.0725 A

################################################################################################################################################
Starting Execution:	[130 out of 137] test cases in the current suite
Test Method:		[unitTests.tests_element_elementActions.waitForElementToBePresent_false_expectedToFail]
################################################################################################################################################
[ReportManager] Target URL: [https://www.google.com/ncr], and after redirection: [www.google.com] @05-05-2021 01:58:19.0740 AM
[ReportManager] Initial URL: [data:,] @05-05-2021 01:58:19.0775 AM
[ReportManager] Browser Action [navigateToURL] successfully performed. With the following test data [https://www.google.com/ncr]. @05-05-2021 01:58:20.0648 AM
[ReportManager] Waiting for element to be present; elementLocator [By.xpath: //img[@id='hplogo' or @alt='Google']], numberOfTries[1], stateOfPresence[false]... @05-05-2021 01:58:20.0651 AM
[ReportManager] Element Action [waitForElementToBePresent] failed. With the following test data [waited for the element's state of presence to be (false). Element locator (By.xpath: //img[@id='hplogo' or @alt='Google'])]. @05-05-2021 01:58:20.0847 AM
[ReportManager] Successfully created attachment [Screenshot - 1620179900793_waitForElementToBePresent_false_expectedToFail_waitForElementToBePresent_failed] @05-05-2021 01:58:20.0847 A
[ReportManager] Successfully created attachment [Selenium WebDriver Logs - server] @05-05-2021 01:58:20.0918 AM
[ReportManager] Successfully created attachment [Selenium WebDriver Logs - performance] @05-05-2021 01:58:20.0950 AM
[ReportManager] Successfully created attachment [Selenium WebDriver Logs - driver] @05-05-2021 01:58:21.0010 AM
[ReportManager] Browser Action [closeCurrentWindow] successfully performed. @05-05-2021 01:58:21.0066 AM
[ReportManager] Successfully created attachment [Browser Action Test Data - closeCurrentWindow - Actual Value] @05-05-2021 01:58:21.0067 A
[ReportManager] File Action [getAbsolutePath] successfully performed. With the following test data [Relative Folder Path: "target/downloadedFiles/"]. @05-05-2021 01:58:21.0068 AM
[ReportManager] Attempting to run remotely on: [Linux-64], [GoogleChrome], [http://localhost:4444/wd/hub], Headless Execution. @05-05-2021 01:58:21.0068 AM
[ReportManager] Successfully Opened [GoogleChrome]. @05-05-2021 01:58:21.0282 A

################################################################################################################################################
Starting Execution:	[131 out of 137] test cases in the current suite
Test Method:		[unitTests.tests_element_elementActions.waitForElementToBePresent_false_expectedToPass]
################################################################################################################################################
[ReportManager] Target URL: [https://www.google.com/ncr], and after redirection: [www.google.com] @05-05-2021 01:58:21.0293 AM
[ReportManager] Initial URL: [data:,] @05-05-2021 01:58:21.0332 AM
[ReportManager] Browser Action [navigateToURL] successfully performed. With the following test data [https://www.google.com/ncr]. @05-05-2021 01:58:22.0182 AM
[ReportManager] Waiting for element to be present; elementLocator [By.id: bla], numberOfTries[1], stateOfPresence[false]... @05-05-2021 01:58:22.0182 AM
[ReportManager] Element Action [waitForElementToBePresent] successfully performed. With the following test data [waited for the element's state of presence to be (false). Element locator (By.id: bla)]. @05-05-2021 01:58:27.0289 A
[ReportManager] Successfully created attachment [Selenium WebDriver Logs - server] @05-05-2021 01:58:27.0362 AM
[ReportManager] Successfully created attachment [Selenium WebDriver Logs - performance] @05-05-2021 01:58:27.0392 AM
[ReportManager] Successfully created attachment [Selenium WebDriver Logs - driver] @05-05-2021 01:58:27.0451 AM
[ReportManager] Browser Action [closeCurrentWindow] successfully performed. @05-05-2021 01:58:27.0507 AM
[ReportManager] Successfully created attachment [Browser Action Test Data - closeCurrentWindow - Actual Value] @05-05-2021 01:58:27.0508 A
[ReportManager] File Action [getAbsolutePath] successfully performed. With the following test data [Relative Folder Path: "target/downloadedFiles/"]. @05-05-2021 01:58:27.0510 AM
[ReportManager] Attempting to run remotely on: [Linux-64], [GoogleChrome], [http://localhost:4444/wd/hub], Headless Execution. @05-05-2021 01:58:27.0510 AM
[ReportManager] Successfully Opened [GoogleChrome]. @05-05-2021 01:58:27.0702 A

################################################################################################################################################
Starting Execution:	[132 out of 137] test cases in the current suite
Test Method:		[unitTests.tests_element_elementActions.waitForElementToBePresent_moreThanOneElement_expectedToFail]
################################################################################################################################################
[ReportManager] Target URL: [https://www.google.com/ncr], and after redirection: [www.google.com] @05-05-2021 01:58:27.0718 AM
[ReportManager] Initial URL: [data:,] @05-05-2021 01:58:27.0774 AM
[ReportManager] Browser Action [navigateToURL] successfully performed. With the following test data [https://www.google.com/ncr]. @05-05-2021 01:58:28.0592 AM
[ReportManager] Waiting for element to be present; elementLocator [By.xpath: //*], numberOfTries[1], stateOfPresence[false]... @05-05-2021 01:58:28.0592 AM
[ReportManager] Element Action [waitForElementToBePresent] failed. With the following test data [waited for the element's state of presence to be (false). Element locator (By.xpath: //*)]. @05-05-2021 01:58:28.0808 AM
[ReportManager] Successfully created attachment [Screenshot - 1620179908752_waitForElementToBePresent_moreThanOneElement_expectedToFail_waitForElementToBePresent_failed] @05-05-2021 01:58:28.0809 A
[ReportManager] Successfully created attachment [Selenium WebDriver Logs - server] @05-05-2021 01:58:28.0875 AM
[ReportManager] Successfully created attachment [Selenium WebDriver Logs - performance] @05-05-2021 01:58:28.0906 AM
[ReportManager] Successfully created attachment [Selenium WebDriver Logs - driver] @05-05-2021 01:58:28.0984 AM
[ReportManager] Browser Action [closeCurrentWindow] successfully performed. @05-05-2021 01:58:29.0039 AM
[ReportManager] Successfully created attachment [Browser Action Test Data - closeCurrentWindow - Actual Value] @05-05-2021 01:58:29.0039 A
[ReportManager] File Action [getAbsolutePath] successfully performed. With the following test data [Relative Folder Path: "target/downloadedFiles/"]. @05-05-2021 01:58:29.0041 AM
[ReportManager] Attempting to run remotely on: [Linux-64], [GoogleChrome], [http://localhost:4444/wd/hub], Headless Execution. @05-05-2021 01:58:29.0041 AM
[ReportManager] Successfully Opened [GoogleChrome]. @05-05-2021 01:58:29.0232 A

################################################################################################################################################
Starting Execution:	[133 out of 137] test cases in the current suite
Test Method:		[unitTests.tests_element_elementActions.waitForElementToBePresent_true_expectedToFail]
################################################################################################################################################
[ReportManager] Target URL: [https://www.google.com/ncr], and after redirection: [www.google.com] @05-05-2021 01:58:29.0258 AM
[ReportManager] Initial URL: [data:,] @05-05-2021 01:58:29.0306 AM
[ReportManager] Browser Action [navigateToURL] successfully performed. With the following test data [https://www.google.com/ncr]. @05-05-2021 01:58:30.0195 AM
[ReportManager] Waiting for element to be present; elementLocator [By.id: bla], numberOfTries[1], stateOfPresence[true]... @05-05-2021 01:58:30.0195 AM
[ReportManager] Element Action [waitForElementToBePresent] failed. With the following test data [waited for the element's state of presence to be (true). Element locator (By.id: bla)]. @05-05-2021 01:58:35.0442 AM
[ReportManager] Successfully created attachment [Screenshot - 1620179915382_waitForElementToBePresent_true_expectedToFail_waitForElementToBePresent_failed] @05-05-2021 01:58:35.0442 A
[ReportManager] Successfully created attachment [Selenium WebDriver Logs - server] @05-05-2021 01:58:35.0506 AM
[ReportManager] Successfully created attachment [Selenium WebDriver Logs - performance] @05-05-2021 01:58:35.0535 AM
[ReportManager] Successfully created attachment [Selenium WebDriver Logs - driver] @05-05-2021 01:58:35.0596 AM
[ReportManager] Browser Action [closeCurrentWindow] successfully performed. @05-05-2021 01:58:35.0652 AM
[ReportManager] Successfully created attachment [Browser Action Test Data - closeCurrentWindow - Actual Value] @05-05-2021 01:58:35.0653 A
[ReportManager] File Action [getAbsolutePath] successfully performed. With the following test data [Relative Folder Path: "target/downloadedFiles/"]. @05-05-2021 01:58:35.0655 AM
[ReportManager] Attempting to run remotely on: [Linux-64], [GoogleChrome], [http://localhost:4444/wd/hub], Headless Execution. @05-05-2021 01:58:35.0655 AM
[ReportManager] Successfully Opened [GoogleChrome]. @05-05-2021 01:58:35.0833 A

################################################################################################################################################
Starting Execution:	[134 out of 137] test cases in the current suite
Test Method:		[unitTests.tests_element_elementActions.waitForElementToBePresent_true_expectedToPass]
################################################################################################################################################
[ReportManager] Target URL: [https://www.google.com/ncr], and after redirection: [www.google.com] @05-05-2021 01:58:35.0845 AM
[ReportManager] Initial URL: [data:,] @05-05-2021 01:58:35.0888 AM
[ReportManager] Browser Action [navigateToURL] successfully performed. With the following test data [https://www.google.com/ncr]. @05-05-2021 01:58:36.0736 AM
[ReportManager] Waiting for element to be present; elementLocator [By.xpath: //img[@id='hplogo' or @alt='Google']], numberOfTries[1], stateOfPresence[true]... @05-05-2021 01:58:36.0737 AM
[ReportManager] Element Action [waitForElementToBePresent] successfully performed. With the following test data [waited for the element's state of presence to be (true). Element locator (By.xpath: //img[@id='hplogo' or @alt='Google'])]. @05-05-2021 01:58:36.0783 AM
[ReportManager] Using Visual AI; OpenCV... @05-05-2021 01:58:36.0788 AM
[ReportManager] File Action [doesFileExist] successfully performed. With the following test data [File Path: "src/test/resources/DynamicObjectRepository/unitTests_tests_element_elementActions_waitForElementToBePresent_true_expectedToPass_By_xpath_img_id_hplogo_or_alt_Google.png"]. @05-05-2021 01:58:36.0789 AM
[ReportManager] File Action [doesFileExist] successfully performed. With the following test data [File Path: "src/test/resources/DynamicObjectRepository/unitTests_tests_element_elementActions_waitForElementToBePresent_true_expectedToPass_By_xpath_img_id_hplogo_or_alt_Google.png"]. @05-05-2021 01:58:36.0982 AM
[ReportManager] Passing the test and saving a reference image @05-05-2021 01:58:36.0982 AM
[ReportManager] File Action [getAbsolutePath] successfully performed. With the following test data [Relative File Path: "src/test/resources/DynamicObjectRepository/unitTests_tests_element_elementActions_waitForElementToBePresent_true_expectedToPass_By_xpath_img_id_hplogo_or_alt_Google.png"]. @05-05-2021 01:58:36.0982 AM
[ReportManager] File Action [writeToFile] successfully performed. With the following test data [Target File Path: "/home/runner/work/SHAFT_ENGINE/SHAFT_ENGINE/src/test/resources/DynamicObjectRepository/unitTests_tests_element_elementActions_waitForElementToBePresent_true_expectedToPass_By_xpath_img_id_hplogo_or_alt_Google.png"]. @05-05-2021 01:58:37.0001 AM
[ReportManager] AssertElementMatches PASSED; Expected [Element should match the reference screenshot] and Actual [TRUE]. Comparison Type [EXACT_OPENCV]. Validation Type [POSITIVE]. @05-05-2021 01:58:37.0001 AM
[ReportManager] Successfully created attachment [Validation Test Data - Actual Screenshot] @05-05-2021 01:58:37.0001 A
[ReportManager] Successfully created attachment [Selenium WebDriver Logs - server] @05-05-2021 01:58:37.0084 AM
[ReportManager] Successfully created attachment [Selenium WebDriver Logs - performance] @05-05-2021 01:58:37.0124 AM
[ReportManager] Successfully created attachment [Selenium WebDriver Logs - driver] @05-05-2021 01:58:37.0215 AM
[ReportManager] Browser Action [closeCurrentWindow] successfully performed. @05-05-2021 01:58:37.0270 AM
[ReportManager] Successfully created attachment [Browser Action Test Data - closeCurrentWindow - Actual Value] @05-05-2021 01:58:37.0271 A

################################################################################################################################################
Starting Execution:	[135 out of 137] test cases in the current suite
Test Method:		[unitTests.tests_restActions.getPostsAndAssertBodyForSpecificTitle]
################################################################################################################################################
[ReportManager] Response status code: [200], status line: [HTTP/1.1 200 OK] @05-05-2021 01:58:38.0311 AM
[ReportManager] Evaluating the actual response status code against the expected one...... @05-05-2021 01:58:38.0311 AM
[ReportManager] AssertEquals PASSED; Expected [200] and Actual [200]. Comparison Type [EQUALS]. Validation Type [POSITIVE]. @05-05-2021 01:58:38.0311 AM
[ReportManager] API Action [performRequest] successfully performed. With the following test data [Request Type: "GET" | Target Status Code: "200" | Service URL: "https://jsonplaceholder.typicode.com/posts" | Content Type: "*/*" | Response Time: "632ms"]. @05-05-2021 01:58:38.0466 AM
[ReportManager] Successfully created attachment [API Response - JSON Body] @05-05-2021 01:58:38.0468 AM
[ReportManager] API Action [getResponseJSONValueAsList] successfully performed. @05-05-2021 01:58:38.0491 AM
[ReportManager] API Action [getResponseJSONValue] successfully performed. With the following test data [title]. @05-05-2021 01:58:38.0508 AM
[ReportManager] API Action [getResponseJSONValue] successfully performed. With the following test data [title]. @05-05-2021 01:58:38.0527 AM
[ReportManager] API Action [getResponseJSONValue] successfully performed. With the following test data [body]. @05-05-2021 01:58:38.0543 AM
[ReportManager] AssertEquals PASSED; Expected [qui neque nisi nulla] and Actual [est rerum tempore vitae
sequi sint nihil reprehenderit dolor beatae ea dolores neque
fugiat blanditiis voluptate porro vel nihil molestiae ut reiciendis
qui aperiam non debitis possimus qui neque nisi nulla]. Comparison Type [CONTAINS]. Validation Type [POSITIVE]. @05-05-2021 01:58:38.0543 AM
[ReportManager] API Action [getResponseJSONValue] successfully performed. With the following test data [title]. @05-05-2021 01:58:38.0556 AM
[ReportManager] API Action [getResponseJSONValue] successfully performed. With the following test data [title]. @05-05-2021 01:58:38.0575 AM
[ReportManager] API Action [getResponseJSONValue] successfully performed. With the following test data [title]. @05-05-2021 01:58:38.0591 AM
[ReportManager] API Action [getResponseJSONValue] successfully performed. With the following test data [title]. @05-05-2021 01:58:38.0605 AM
[ReportManager] API Action [getResponseJSONValue] successfully performed. With the following test data [title]. @05-05-2021 01:58:38.0624 AM
[ReportManager] API Action [getResponseJSONValue] successfully performed. With the following test data [title]. @05-05-2021 01:58:38.0657 AM
[ReportManager] API Action [getResponseJSONValue] successfully performed. With the following test data [title]. @05-05-2021 01:58:38.0667 AM
[ReportManager] API Action [getResponseJSONValue] successfully performed. With the following test data [title]. @05-05-2021 01:58:38.0676 AM
[ReportManager] API Action [getResponseJSONValue] successfully performed. With the following test data [title]. @05-05-2021 01:58:38.0684 AM
[ReportManager] API Action [getResponseJSONValue] successfully performed. With the following test data [title]. @05-05-2021 01:58:38.0695 AM
[ReportManager] API Action [getResponseJSONValue] successfully performed. With the following test data [title]. @05-05-2021 01:58:38.0705 AM
[ReportManager] API Action [getResponseJSONValue] successfully performed. With the following test data [title]. @05-05-2021 01:58:38.0714 AM
[ReportManager] API Action [getResponseJSONValue] successfully performed. With the following test data [title]. @05-05-2021 01:58:38.0722 AM
[ReportManager] API Action [getResponseJSONValue] successfully performed. With the following test data [title]. @05-05-2021 01:58:38.0730 AM
[ReportManager] API Action [getResponseJSONValue] successfully performed. With the following test data [title]. @05-05-2021 01:58:38.0738 AM
[ReportManager] API Action [getResponseJSONValue] successfully performed. With the following test data [title]. @05-05-2021 01:58:38.0745 AM
[ReportManager] API Action [getResponseJSONValue] successfully performed. With the following test data [title]. @05-05-2021 01:58:38.0759 AM
[ReportManager] API Action [getResponseJSONValue] successfully performed. With the following test data [title]. @05-05-2021 01:58:38.0771 AM
[ReportManager] API Action [getResponseJSONValue] successfully performed. With the following test data [title]. @05-05-2021 01:58:38.0791 AM
[ReportManager] API Action [getResponseJSONValue] successfully performed. With the following test data [title]. @05-05-2021 01:58:38.0811 AM
[ReportManager] API Action [getResponseJSONValue] successfully performed. With the following test data [title]. @05-05-2021 01:58:38.0825 AM
[ReportManager] API Action [getResponseJSONValue] successfully performed. With the following test data [title]. @05-05-2021 01:58:38.0839 AM
[ReportManager] API Action [getResponseJSONValue] successfully performed. With the following test data [title]. @05-05-2021 01:58:38.0851 AM
[ReportManager] API Action [getResponseJSONValue] successfully performed. With the following test data [title]. @05-05-2021 01:58:38.0859 AM
[ReportManager] API Action [getResponseJSONValue] successfully performed. With the following test data [title]. @05-05-2021 01:58:38.0869 AM
[ReportManager] API Action [getResponseJSONValue] successfully performed. With the following test data [title]. @05-05-2021 01:58:38.0879 AM
[ReportManager] API Action [getResponseJSONValue] successfully performed. With the following test data [title]. @05-05-2021 01:58:38.0887 AM
[ReportManager] API Action [getResponseJSONValue] successfully performed. With the following test data [title]. @05-05-2021 01:58:38.0895 AM
[ReportManager] API Action [getResponseJSONValue] successfully performed. With the following test data [title]. @05-05-2021 01:58:38.0901 AM
[ReportManager] API Action [getResponseJSONValue] successfully performed. With the following test data [title]. @05-05-2021 01:58:38.0909 AM
[ReportManager] API Action [getResponseJSONValue] successfully performed. With the following test data [title]. @05-05-2021 01:58:38.0916 AM
[ReportManager] API Action [getResponseJSONValue] successfully performed. With the following test data [title]. @05-05-2021 01:58:38.0925 AM
[ReportManager] API Action [getResponseJSONValue] successfully performed. With the following test data [title]. @05-05-2021 01:58:38.0934 AM
[ReportManager] API Action [getResponseJSONValue] successfully performed. With the following test data [title]. @05-05-2021 01:58:38.0942 AM
[ReportManager] API Action [getResponseJSONValue] successfully performed. With the following test data [title]. @05-05-2021 01:58:38.0950 AM
[ReportManager] API Action [getResponseJSONValue] successfully performed. With the following test data [title]. @05-05-2021 01:58:38.0958 AM
[ReportManager] API Action [getResponseJSONValue] successfully performed. With the following test data [title]. @05-05-2021 01:58:38.0967 AM
[ReportManager] API Action [getResponseJSONValue] successfully performed. With the following test data [title]. @05-05-2021 01:58:38.0975 AM
[ReportManager] API Action [getResponseJSONValue] successfully performed. With the following test data [title]. @05-05-2021 01:58:38.0983 AM
[ReportManager] API Action [getResponseJSONValue] successfully performed. With the following test data [title]. @05-05-2021 01:58:38.0991 AM
[ReportManager] API Action [getResponseJSONValue] successfully performed. With the following test data [title]. @05-05-2021 01:58:38.0998 AM
[ReportManager] API Action [getResponseJSONValue] successfully performed. With the following test data [title]. @05-05-2021 01:58:39.0007 AM
[ReportManager] API Action [getResponseJSONValue] successfully performed. With the following test data [title]. @05-05-2021 01:58:39.0016 AM
[ReportManager] API Action [getResponseJSONValue] successfully performed. With the following test data [title]. @05-05-2021 01:58:39.0023 AM
[ReportManager] API Action [getResponseJSONValue] successfully performed. With the following test data [title]. @05-05-2021 01:58:39.0030 AM
[ReportManager] API Action [getResponseJSONValue] successfully performed. With the following test data [title]. @05-05-2021 01:58:39.0037 AM
[ReportManager] API Action [getResponseJSONValue] successfully performed. With the following test data [title]. @05-05-2021 01:58:39.0044 AM
[ReportManager] API Action [getResponseJSONValue] successfully performed. With the following test data [title]. @05-05-2021 01:58:39.0052 AM
[ReportManager] API Action [getResponseJSONValue] successfully performed. With the following test data [title]. @05-05-2021 01:58:39.0058 AM
[ReportManager] API Action [getResponseJSONValue] successfully performed. With the following test data [title]. @05-05-2021 01:58:39.0065 AM
[ReportManager] API Action [getResponseJSONValue] successfully performed. With the following test data [title]. @05-05-2021 01:58:39.0072 AM
[ReportManager] API Action [getResponseJSONValue] successfully performed. With the following test data [title]. @05-05-2021 01:58:39.0079 AM
[ReportManager] API Action [getResponseJSONValue] successfully performed. With the following test data [title]. @05-05-2021 01:58:39.0086 AM
[ReportManager] API Action [getResponseJSONValue] successfully performed. With the following test data [title]. @05-05-2021 01:58:39.0093 AM
[ReportManager] API Action [getResponseJSONValue] successfully performed. With the following test data [title]. @05-05-2021 01:58:39.0100 AM
[ReportManager] API Action [getResponseJSONValue] successfully performed. With the following test data [title]. @05-05-2021 01:58:39.0107 AM
[ReportManager] API Action [getResponseJSONValue] successfully performed. With the following test data [title]. @05-05-2021 01:58:39.0115 AM
[ReportManager] API Action [getResponseJSONValue] successfully performed. With the following test data [title]. @05-05-2021 01:58:39.0123 AM
[ReportManager] API Action [getResponseJSONValue] successfully performed. With the following test data [title]. @05-05-2021 01:58:39.0146 AM
[ReportManager] API Action [getResponseJSONValue] successfully performed. With the following test data [title]. @05-05-2021 01:58:39.0154 AM
[ReportManager] API Action [getResponseJSONValue] successfully performed. With the following test data [title]. @05-05-2021 01:58:39.0160 AM
[ReportManager] API Action [getResponseJSONValue] successfully performed. With the following test data [title]. @05-05-2021 01:58:39.0167 AM
[ReportManager] API Action [getResponseJSONValue] successfully performed. With the following test data [title]. @05-05-2021 01:58:39.0175 AM
[ReportManager] API Action [getResponseJSONValue] successfully performed. With the following test data [title]. @05-05-2021 01:58:39.0181 AM
[ReportManager] API Action [getResponseJSONValue] successfully performed. With the following test data [title]. @05-05-2021 01:58:39.0188 AM
[ReportManager] API Action [getResponseJSONValue] successfully performed. With the following test data [title]. @05-05-2021 01:58:39.0194 AM
[ReportManager] API Action [getResponseJSONValue] successfully performed. With the following test data [title]. @05-05-2021 01:58:39.0200 AM
[ReportManager] API Action [getResponseJSONValue] successfully performed. With the following test data [title]. @05-05-2021 01:58:39.0207 AM
[ReportManager] API Action [getResponseJSONValue] successfully performed. With the following test data [title]. @05-05-2021 01:58:39.0215 AM
[ReportManager] API Action [getResponseJSONValue] successfully performed. With the following test data [title]. @05-05-2021 01:58:39.0221 AM
[ReportManager] API Action [getResponseJSONValue] successfully performed. With the following test data [title]. @05-05-2021 01:58:39.0227 AM
[ReportManager] API Action [getResponseJSONValue] successfully performed. With the following test data [title]. @05-05-2021 01:58:39.0234 AM
[ReportManager] API Action [getResponseJSONValue] successfully performed. With the following test data [title]. @05-05-2021 01:58:39.0240 AM
[ReportManager] API Action [getResponseJSONValue] successfully performed. With the following test data [title]. @05-05-2021 01:58:39.0246 AM
[ReportManager] API Action [getResponseJSONValue] successfully performed. With the following test data [title]. @05-05-2021 01:58:39.0253 AM
[ReportManager] API Action [getResponseJSONValue] successfully performed. With the following test data [title]. @05-05-2021 01:58:39.0259 AM
[ReportManager] API Action [getResponseJSONValue] successfully performed. With the following test data [title]. @05-05-2021 01:58:39.0265 AM
[ReportManager] API Action [getResponseJSONValue] successfully performed. With the following test data [title]. @05-05-2021 01:58:39.0271 AM
[ReportManager] API Action [getResponseJSONValue] successfully performed. With the following test data [title]. @05-05-2021 01:58:39.0279 AM
[ReportManager] API Action [getResponseJSONValue] successfully performed. With the following test data [title]. @05-05-2021 01:58:39.0285 AM
[ReportManager] API Action [getResponseJSONValue] successfully performed. With the following test data [title]. @05-05-2021 01:58:39.0291 AM
[ReportManager] API Action [getResponseJSONValue] successfully performed. With the following test data [title]. @05-05-2021 01:58:39.0298 AM
[ReportManager] API Action [getResponseJSONValue] successfully performed. With the following test data [title]. @05-05-2021 01:58:39.0304 AM
[ReportManager] API Action [getResponseJSONValue] successfully performed. With the following test data [title]. @05-05-2021 01:58:39.0310 AM
[ReportManager] API Action [getResponseJSONValue] successfully performed. With the following test data [title]. @05-05-2021 01:58:39.0317 AM
[ReportManager] API Action [getResponseJSONValue] successfully performed. With the following test data [title]. @05-05-2021 01:58:39.0323 AM
[ReportManager] API Action [getResponseJSONValue] successfully performed. With the following test data [title]. @05-05-2021 01:58:39.0329 AM
[ReportManager] API Action [getResponseJSONValue] successfully performed. With the following test data [title]. @05-05-2021 01:58:39.0336 AM
[ReportManager] API Action [getResponseJSONValue] successfully performed. With the following test data [title]. @05-05-2021 01:58:39.0342 AM
[ReportManager] API Action [getResponseJSONValue] successfully performed. With the following test data [title]. @05-05-2021 01:58:39.0349 AM
[ReportManager] API Action [getResponseJSONValue] successfully performed. With the following test data [title]. @05-05-2021 01:58:39.0355 AM
[ReportManager] API Action [getResponseJSONValue] successfully performed. With the following test data [title]. @05-05-2021 01:58:39.0361 AM
[ReportManager] API Action [getResponseJSONValue] successfully performed. With the following test data [title]. @05-05-2021 01:58:39.0367 AM
[ReportManager] API Action [getResponseJSONValue] successfully performed. With the following test data [title]. @05-05-2021 01:58:39.0373 AM
[ReportManager] API Action [getResponseJSONValue] successfully performed. With the following test data [title]. @05-05-2021 01:58:39.0381 AM
[ReportManager] API Action [getResponseJSONValue] successfully performed. With the following test data [title]. @05-05-2021 01:58:39.0387 AM
[ReportManager] API Action [getResponseJSONValue] successfully performed. With the following test data [title]. @05-05-2021 01:58:39.0394 AM
[ReportManager] API Action [getResponseJSONValue] successfully performed. With the following test data [title]. @05-05-2021 01:58:39.0400 A

################################################################################################################################################
Starting Execution:	[136 out of 137] test cases in the current suite
Test Method:		[unitTests.tests_restActions.validateUserEmail]
################################################################################################################################################
[ReportManager] Response status code: [200], status line: [HTTP/1.1 200 OK] @05-05-2021 01:58:39.0876 AM
[ReportManager] Evaluating the actual response status code against the expected one...... @05-05-2021 01:58:39.0876 AM
[ReportManager] AssertEquals PASSED; Expected [200] and Actual [200]. Comparison Type [EQUALS]. Validation Type [POSITIVE]. @05-05-2021 01:58:39.0876 AM
[ReportManager] API Action [performRequest] successfully performed. With the following test data [Request Type: "GET" | Target Status Code: "200" | Service URL: "https://jsonplaceholder.typicode.com/users" | Content Type: "*/*" | Response Time: "451ms"]. @05-05-2021 01:58:39.0911 AM
[ReportManager] Successfully created attachment [API Response - JSON Body] @05-05-2021 01:58:39.0911 AM
[ReportManager] AssertEquals PASSED; Expected and Actual values are attached. Comparison Type [CONTAINS]. Validation Type [POSITIVE]. @05-05-2021 01:58:39.0912 AM
[ReportManager] Successfully created attachment [Validation Test Data - Expected Value] @05-05-2021 01:58:39.0912 AM
[ReportManager] Successfully created attachment [Validation Test Data - Actual Value] @05-05-2021 01:58:39.0912 AM
[ReportManager] API Action [getResponseJSONValueAsList] successfully performed. With the following test data [$]. @05-05-2021 01:58:39.0916 AM
[ReportManager] API Action [getResponseJSONValue] successfully performed. With the following test data [name]. @05-05-2021 01:58:39.0927 AM
[ReportManager] API Action [getResponseJSONValue] successfully performed. With the following test data [email]. @05-05-2021 01:58:39.0935 AM
[ReportManager] AssertEquals PASSED; Expected [Sincere@april.biz] and Actual [Sincere@april.biz]. Comparison Type [EQUALS]. Validation Type [POSITIVE]. @05-05-2021 01:58:39.0935 AM
[ReportManager] API Action [getResponseJSONValue] successfully performed. With the following test data [name]. @05-05-2021 01:58:39.0947 AM
[ReportManager] API Action [getResponseJSONValue] successfully performed. With the following test data [name]. @05-05-2021 01:58:39.0959 AM
[ReportManager] API Action [getResponseJSONValue] successfully performed. With the following test data [name]. @05-05-2021 01:58:39.0970 AM
[ReportManager] API Action [getResponseJSONValue] successfully performed. With the following test data [name]. @05-05-2021 01:58:39.0977 AM
[ReportManager] API Action [getResponseJSONValue] successfully performed. With the following test data [name]. @05-05-2021 01:58:39.0985 AM
[ReportManager] API Action [getResponseJSONValue] successfully performed. With the following test data [name]. @05-05-2021 01:58:39.0992 AM
[ReportManager] API Action [getResponseJSONValue] successfully performed. With the following test data [name]. @05-05-2021 01:58:39.0999 AM
[ReportManager] API Action [getResponseJSONValue] successfully performed. With the following test data [name]. @05-05-2021 01:58:40.0005 AM
[ReportManager] API Action [getResponseJSONValue] successfully performed. With the following test data [name]. @05-05-2021 01:58:40.0012 A
[ReportManager] Successfully loaded the following test data file [src/test/resources/TestDataFiles/testSuite01/TestData.xlsx]. @05-05-2021 01:58:40.0091 AM
[ReportManager] Successfully created attachment [Test Data - Excel] @05-05-2021 01:58:40.0092 A

################################################################################################################################################
Starting Execution:	[137 out of 137] test cases in the current suite
Test Method:		[unitTests.tests_io_excelFileManager.getCellData_rowName_expectedToPass]
################################################################################################################################################
[ReportManager] testRowData. @05-05-2021 01:58:40.0097 A

################################################################################################################################################
Test Closure Activities
################################################################################################################################################
[ReportManager] Successfully created attachment [SHAFT Engine Logs - Execution log] @05-05-2021 01:58:40.0124 AM

################################################################################################################################################
This test run was powered by SHAFT Engine Version: [SHAFT Engine v5.2.20210427]
SHAFT Engine is licensed under the MIT License: [https://github.com/MohabMohie/SHAFT_ENGINE/blob/master/LICENSE].
################################################################################################################################################