################################################################################################################################################
Detected SHAFT Engine Version: [SHAFT Engine v5.2.20210427]
################################################################################################################################################
[ReportManager] File Action [getAbsolutePath] successfully performed. With the following test data [Relative Folder Path: "target/downloadedFiles/"]. @29-04-2021 01:26:23.0446 AM
[ReportManager] Attempting to run remotely on: [Linux-64], [GoogleChrome], [http://localhost:4444/wd/hub], Headless Execution. @29-04-2021 01:26:23.0482 AM
[ReportManager] Successfully Opened [GoogleChrome]. @29-04-2021 01:26:24.0987 A

################################################################################################################################################
Starting Execution:	[1 out of 137] test cases in the current suite
Test Method:		[testPackage01.Test_assertEquals.test_assertElementAttribute]
################################################################################################################################################
[ReportManager] Target URL: [https://www.google.com/ncr], and after redirection: [https://www.google.com] @29-04-2021 01:26:25.0168 AM
[ReportManager] Initial URL: [data:,] @29-04-2021 01:26:25.0280 AM
[ReportManager] Browser Action [navigateToURL] successfully performed. With the following test data [https://www.google.com/ncr]. @29-04-2021 01:26:26.0624 AM
[ReportManager] Element Action [type] successfully performed. With the following test data [INC_004010050:Another SCHEDULER with the same name [Duplicate Job Name] already exists.]. @29-04-2021 01:26:29.0005 AM
[ReportManager] Element Action [getText] successfully performed. With the following test data [INC_004010050:Another SCHEDULER with the same name [Duplicate Job Name] already exists.]. @29-04-2021 01:26:29.0230 AM
[ReportManager] Loaded Shared OpenCV @29-04-2021 01:26:29.0922 AM
[ReportManager] AssertElementAttribute PASSED; Expected [Value Should be 'INC_004010050:Another SCHEDULER with the same name \[Duplicate Job Name\] already exists.' for the 'text' attribute, element locator 'By.name: q'] and Actual [INC_004010050:Another SCHEDULER with the same name [Duplicate Job Name] already exists.]. Comparison Type [MATCHES]. Validation Type [POSITIVE]. @29-04-2021 01:26:30.0239 AM
[ReportManager] Successfully created attachment [Screenshot - 1619659589458_test_assertElementAttribute_AssertElementAttribute_passed] @29-04-2021 01:26:30.0257 A
[ReportManager] Successfully created attachment [Selenium WebDriver Logs - server] @29-04-2021 01:26:30.0503 AM
[ReportManager] Successfully created attachment [Selenium WebDriver Logs - performance] @29-04-2021 01:26:31.0001 AM
[ReportManager] Successfully created attachment [Selenium WebDriver Logs - driver] @29-04-2021 01:26:31.0365 AM
[ReportManager] Browser Action [closeCurrentWindow] successfully performed. @29-04-2021 01:26:31.0431 AM
[ReportManager] Successfully created attachment [Browser Action Test Data - closeCurrentWindow - Actual Value] @29-04-2021 01:26:31.0439 A
[ReportManager] File Action [getAbsolutePath] successfully performed. With the following test data [Relative Folder Path: "target/downloadedFiles/"]. @29-04-2021 01:26:31.0446 AM
[ReportManager] Attempting to run remotely on: [Linux-64], [GoogleChrome], [http://localhost:4444/wd/hub], Headless Execution. @29-04-2021 01:26:31.0447 AM
[ReportManager] Successfully Opened [GoogleChrome]. @29-04-2021 01:26:32.0157 A

################################################################################################################################################
Starting Execution:	[2 out of 137] test cases in the current suite
Test Method:		[testPackage01.Test_dynamicLoading.dynamicLoading_elementIsHidden]
################################################################################################################################################
[ReportManager] Target URL: [https://the-internet.herokuapp.com/dynamic_loading/1] @29-04-2021 01:26:32.0209 AM
[ReportManager] Initial URL: [data:,] @29-04-2021 01:26:32.0279 AM
[ReportManager] Browser Action [navigateToURL] successfully performed. With the following test data [https://the-internet.herokuapp.com/dynamic_loading/1]. @29-04-2021 01:26:33.0826 AM
[ReportManager] Element Action [click] successfully performed. With the following test data [Start]. @29-04-2021 01:26:34.0323 AM
[ReportManager] Element Action [getText] successfully performed. With the following test data [
    Hello World!
  ]. @29-04-2021 01:26:34.0495 AM
[ReportManager] Loaded Shared OpenCV @29-04-2021 01:26:34.0689 AM
[ReportManager] AssertElementAttribute PASSED; Expected [Value Should be 'Hello World!' for the 'text' attribute, element locator 'By.id: finish'] and Actual [
    Hello World!
  ]. Comparison Type [CONTAINS]. Validation Type [POSITIVE]. @29-04-2021 01:26:34.0809 AM
[ReportManager] Successfully created attachment [Screenshot - 1619659594689_dynamicLoading_elementIsHidden_AssertElementAttribute_passed] @29-04-2021 01:26:34.0813 A
[ReportManager] Successfully created attachment [Selenium WebDriver Logs - server] @29-04-2021 01:26:34.0908 AM
[ReportManager] Successfully created attachment [Selenium WebDriver Logs - performance] @29-04-2021 01:26:34.0939 AM
[ReportManager] Successfully created attachment [Selenium WebDriver Logs - browser] @29-04-2021 01:26:34.0952 AM
[ReportManager] Successfully created attachment [Selenium WebDriver Logs - driver] @29-04-2021 01:26:35.0078 AM
[ReportManager] Browser Action [closeCurrentWindow] successfully performed. @29-04-2021 01:26:35.0144 AM
[ReportManager] Successfully created attachment [Browser Action Test Data - closeCurrentWindow - Actual Value] @29-04-2021 01:26:35.0144 A
[ReportManager] File Action [getAbsolutePath] successfully performed. With the following test data [Relative Folder Path: "target/downloadedFiles/"]. @29-04-2021 01:26:35.0148 AM
[ReportManager] Attempting to run remotely on: [Linux-64], [GoogleChrome], [http://localhost:4444/wd/hub], Headless Execution. @29-04-2021 01:26:35.0149 AM
[ReportManager] Successfully Opened [GoogleChrome]. @29-04-2021 01:26:35.0787 A

################################################################################################################################################
Starting Execution:	[3 out of 137] test cases in the current suite
Test Method:		[testPackage01.Test_dynamicLoading.dynamicLoading_elementIsRendered]
################################################################################################################################################
[ReportManager] Target URL: [https://the-internet.herokuapp.com/dynamic_loading/2] @29-04-2021 01:26:35.0830 AM
[ReportManager] Initial URL: [data:,] @29-04-2021 01:26:35.0906 AM
[ReportManager] Browser Action [navigateToURL] successfully performed. With the following test data [https://the-internet.herokuapp.com/dynamic_loading/2]. @29-04-2021 01:26:37.0263 AM
[ReportManager] Element Action [click] successfully performed. With the following test data [Start]. @29-04-2021 01:26:37.0745 AM
[ReportManager] Element Action [getText] successfully performed. With the following test data [Hello World!]. @29-04-2021 01:26:42.0965 AM
[ReportManager] Loaded Shared OpenCV @29-04-2021 01:26:43.0179 AM
[ReportManager] AssertElementAttribute PASSED; Expected [Value Should be 'Hello World!' for the 'text' attribute, element locator 'By.id: finish'] and Actual [Hello World!]. Comparison Type [CONTAINS]. Validation Type [POSITIVE]. @29-04-2021 01:26:43.0251 AM
[ReportManager] Successfully created attachment [Screenshot - 1619659603179_dynamicLoading_elementIsRendered_AssertElementAttribute_passed] @29-04-2021 01:26:43.0253 A
[ReportManager] Successfully created attachment [Selenium WebDriver Logs - server] @29-04-2021 01:26:43.0328 AM
[ReportManager] Successfully created attachment [Selenium WebDriver Logs - performance] @29-04-2021 01:26:43.0357 AM
[ReportManager] Successfully created attachment [Selenium WebDriver Logs - browser] @29-04-2021 01:26:43.0376 AM
[ReportManager] Successfully created attachment [Selenium WebDriver Logs - driver] @29-04-2021 01:26:43.0474 AM
[ReportManager] Browser Action [closeCurrentWindow] successfully performed. @29-04-2021 01:26:43.0535 AM
[ReportManager] Successfully created attachment [Browser Action Test Data - closeCurrentWindow - Actual Value] @29-04-2021 01:26:43.0535 A

################################################################################################################################################
Starting Execution:	[4 out of 137] test cases in the current suite
Test Method:		[testPackage01.Test_SelectedValue.multipleSelect]
################################################################################################################################################
[ReportManager] File Action [getAbsolutePath] successfully performed. With the following test data [Relative Folder Path: "target/downloadedFiles/"]. @29-04-2021 01:26:43.0553 AM
[ReportManager] Attempting to run remotely on: [Linux-64], [GoogleChrome], [http://localhost:4444/wd/hub], Headless Execution. @29-04-2021 01:26:43.0554 AM
[ReportManager] Successfully Opened [GoogleChrome]. @29-04-2021 01:26:44.0213 AM
[ReportManager] Target URL: [https://mdn.mozillademos.org/en-US/docs/Web/HTML/Element/select$samples/Advanced_select_with_multiple_features?revision=1612304] @29-04-2021 01:26:44.0247 AM
[ReportManager] Initial URL: [data:,] @29-04-2021 01:26:44.0322 AM
[ReportManager] Browser Action [navigateToURL] successfully performed. With the following test data [https://mdn.mozillademos.org/en-US/docs/Web/HTML/Element/select$samples/Advanced_select_with_multiple_features?revision=1612304]. @29-04-2021 01:26:44.0842 AM
[ReportManager] Element Action [select] successfully performed. With the following test data [Dog]. @29-04-2021 01:26:45.0148 AM
[ReportManager] Element Action [select] successfully performed. With the following test data [Cat]. @29-04-2021 01:26:45.0436 AM
[ReportManager] Element Action [getSelectedText] successfully performed. With the following test data [DogCat]. @29-04-2021 01:26:45.0654 AM
[ReportManager] DogCat @29-04-2021 01:26:45.0655 AM
[ReportManager] Element Action [getSelectedText] successfully performed. With the following test data [DogCat]. @29-04-2021 01:26:45.0838 AM
[ReportManager] Loaded Shared OpenCV @29-04-2021 01:26:45.0996 AM
[ReportManager] AssertElementAttribute PASSED; Expected [Value Should be 'DogCat' for the 'selectedText' attribute, element locator 'By.tagName: select'] and Actual [DogCat]. Comparison Type [EQUALS]. Validation Type [POSITIVE]. @29-04-2021 01:26:46.0078 AM
[ReportManager] Successfully created attachment [Screenshot - 1619659605996_multipleSelect_AssertElementAttribute_passed] @29-04-2021 01:26:46.0079 AM
[ReportManager] Successfully created attachment [Selenium WebDriver Logs - server] @29-04-2021 01:26:46.0154 AM
[ReportManager] Successfully created attachment [Selenium WebDriver Logs - performance] @29-04-2021 01:26:46.0168 AM
[ReportManager] Successfully created attachment [Selenium WebDriver Logs - driver] @29-04-2021 01:26:46.0300 AM
[ReportManager] Browser Action [closeCurrentWindow] successfully performed. @29-04-2021 01:26:46.0359 AM
[ReportManager] Successfully created attachment [Browser Action Test Data - closeCurrentWindow - Actual Value] @29-04-2021 01:26:46.0359 A

################################################################################################################################################
Starting Execution:	[5 out of 137] test cases in the current suite
Test Method:		[testPackage01.Test_SelectedValue.simpleSelect]
################################################################################################################################################
[ReportManager] File Action [getAbsolutePath] successfully performed. With the following test data [Relative Folder Path: "target/downloadedFiles/"]. @29-04-2021 01:26:46.0371 AM
[ReportManager] Attempting to run remotely on: [Linux-64], [GoogleChrome], [http://localhost:4444/wd/hub], Headless Execution. @29-04-2021 01:26:46.0371 AM
[ReportManager] Successfully Opened [GoogleChrome]. @29-04-2021 01:26:46.0634 AM
[ReportManager] Target URL: [https://mdn.mozillademos.org/en-US/docs/Web/HTML/Element/select$samples/Basic_select?revision=1612304] @29-04-2021 01:26:46.0672 AM
[ReportManager] Initial URL: [data:,] @29-04-2021 01:26:46.0734 AM
[ReportManager] Browser Action [navigateToURL] successfully performed. With the following test data [https://mdn.mozillademos.org/en-US/docs/Web/HTML/Element/select$samples/Basic_select?revision=1612304]. @29-04-2021 01:26:47.0472 AM
[ReportManager] Element Action [select] successfully performed. With the following test data [Third Value]. @29-04-2021 01:26:47.0836 AM
[ReportManager] Element Action [getSelectedText] successfully performed. With the following test data [Third Value]. @29-04-2021 01:26:48.0020 AM
[ReportManager] Third Value @29-04-2021 01:26:48.0020 AM
[ReportManager] Element Action [getSelectedText] successfully performed. With the following test data [Third Value]. @29-04-2021 01:26:48.0176 AM
[ReportManager] Loaded Shared OpenCV @29-04-2021 01:26:48.0335 AM
[ReportManager] AssertElementAttribute PASSED; Expected [Value Should be 'Third Value' for the 'selectedText' attribute, element locator 'By.tagName: select'] and Actual [Third Value]. Comparison Type [EQUALS]. Validation Type [POSITIVE]. @29-04-2021 01:26:48.0402 AM
[ReportManager] Successfully created attachment [Screenshot - 1619659608335_simpleSelect_AssertElementAttribute_passed] @29-04-2021 01:26:48.0402 AM
[ReportManager] Successfully created attachment [Selenium WebDriver Logs - server] @29-04-2021 01:26:48.0451 AM
[ReportManager] Successfully created attachment [Selenium WebDriver Logs - performance] @29-04-2021 01:26:48.0460 AM
[ReportManager] Successfully created attachment [Selenium WebDriver Logs - driver] @29-04-2021 01:26:48.0546 AM
[ReportManager] Browser Action [closeCurrentWindow] successfully performed. @29-04-2021 01:26:48.0607 AM
[ReportManager] Successfully created attachment [Browser Action Test Data - closeCurrentWindow - Actual Value] @29-04-2021 01:26:48.0607 A
[ReportManager] File Action [getAbsolutePath] successfully performed. With the following test data [Relative Folder Path: "target/downloadedFiles/"]. @29-04-2021 01:26:48.0611 AM
[ReportManager] Attempting to run remotely on: [Linux-64], [GoogleChrome], [http://localhost:4444/wd/hub], Headless Execution. @29-04-2021 01:26:48.0612 AM
[ReportManager] Successfully Opened [GoogleChrome]. @29-04-2021 01:26:48.0880 A

################################################################################################################################################
Starting Execution:	[6 out of 137] test cases in the current suite
Test Method:		[testPackage01.Test_IsElementClickable.testIsElementClickable]
################################################################################################################################################
[ReportManager] Target URL: [https://the-internet.herokuapp.com/] @29-04-2021 01:26:48.0901 AM
[ReportManager] Initial URL: [data:,] @29-04-2021 01:26:48.0948 AM
[ReportManager] Browser Action [navigateToURL] successfully performed. With the following test data [https://the-internet.herokuapp.com/]. @29-04-2021 01:26:50.0403 AM
[ReportManager] Element Action [isElementClickable] successfully performed. @29-04-2021 01:26:50.0577 AM
[ReportManager] AssertTrue PASSED; Expected [TRUE] and Actual [TRUE]. Validation Type [POSITIVE]. @29-04-2021 01:26:50.0578 A
[ReportManager] Successfully created attachment [Selenium WebDriver Logs - server] @29-04-2021 01:26:50.0666 AM
[ReportManager] Successfully created attachment [Selenium WebDriver Logs - performance] @29-04-2021 01:26:50.0691 AM
[ReportManager] Successfully created attachment [Selenium WebDriver Logs - browser] @29-04-2021 01:26:50.0698 AM
[ReportManager] Successfully created attachment [Selenium WebDriver Logs - driver] @29-04-2021 01:26:50.0764 AM
[ReportManager] Browser Action [closeCurrentWindow] successfully performed. @29-04-2021 01:26:50.0822 AM
[ReportManager] Successfully created attachment [Browser Action Test Data - closeCurrentWindow - Actual Value] @29-04-2021 01:26:50.0822 A
[ReportManager] File Action [getAbsolutePath] successfully performed. With the following test data [Relative Folder Path: "target/downloadedFiles/"]. @29-04-2021 01:26:50.0825 AM
[ReportManager] Attempting to run remotely on: [Linux-64], [GoogleChrome], [http://localhost:4444/wd/hub], Headless Execution. @29-04-2021 01:26:50.0825 AM
[ReportManager] Successfully Opened [GoogleChrome]. @29-04-2021 01:26:51.0067 A

################################################################################################################################################
Starting Execution:	[7 out of 137] test cases in the current suite
Test Method:		[testPackage01.Test_dragAndDrop.dragAndDrop]
Test Description:	[TC001 - Test Drag and Drop function.]
################################################################################################################################################
[ReportManager] Target URL: [http://the-internet.herokuapp.com/drag_and_drop] @29-04-2021 01:26:51.0099 AM
[ReportManager] Initial URL: [data:,] @29-04-2021 01:26:51.0158 AM
[ReportManager] Browser Action [navigateToURL] successfully performed. With the following test data [http://the-internet.herokuapp.com/drag_and_drop]. @29-04-2021 01:26:51.0768 AM
[ReportManager] Attempting Drag and Drop @29-04-2021 01:26:51.0768 AM
[ReportManager] Element Action [dragAndDrop] successfully performed. With the following test data [Start point: (32, 89), End point: (247, 89)]. @29-04-2021 01:26:52.0997 A
[ReportManager] Successfully created attachment [Selenium WebDriver Logs - server] @29-04-2021 01:26:53.0117 AM
[ReportManager] Successfully created attachment [Selenium WebDriver Logs - performance] @29-04-2021 01:26:53.0145 AM
[ReportManager] Successfully created attachment [Selenium WebDriver Logs - browser] @29-04-2021 01:26:53.0161 AM
[ReportManager] Successfully created attachment [Selenium WebDriver Logs - driver] @29-04-2021 01:26:53.0237 AM
[ReportManager] Browser Action [closeCurrentWindow] successfully performed. @29-04-2021 01:26:53.0297 AM
[ReportManager] Successfully created attachment [Browser Action Test Data - closeCurrentWindow - Actual Value] @29-04-2021 01:26:53.0298 A
[ReportManager] File Action [getAbsolutePath] successfully performed. With the following test data [Relative Folder Path: "target/downloadedFiles/"]. @29-04-2021 01:26:53.0301 AM
[ReportManager] Attempting to run remotely on: [Linux-64], [GoogleChrome], [http://localhost:4444/wd/hub], Headless Execution. @29-04-2021 01:26:53.0301 AM
[ReportManager] Successfully Opened [GoogleChrome]. @29-04-2021 01:26:53.0578 A

################################################################################################################################################
Starting Execution:	[8 out of 137] test cases in the current suite
Test Method:		[testPackage01.Test_dragAndDrop.dragAndDropByOffset]
Test Description:	[TC002 - Test Drag and Drop by offset function.]
################################################################################################################################################
[ReportManager] Target URL: [https://jqueryui.com/resources/demos/draggable/default.html] @29-04-2021 01:26:53.0612 AM
[ReportManager] Initial URL: [data:,] @29-04-2021 01:26:53.0666 AM
[ReportManager] Browser Action [navigateToURL] successfully performed. With the following test data [https://jqueryui.com/resources/demos/draggable/default.html]. @29-04-2021 01:26:54.0254 AM
[ReportManager] Element Action [dragAndDropByOffset] successfully performed. With the following test data [Start point: (8, 8), End point: (1008, 108)]. @29-04-2021 01:26:54.0441 A
[ReportManager] Successfully created attachment [Selenium WebDriver Logs - server] @29-04-2021 01:26:54.0510 AM
[ReportManager] Successfully created attachment [Selenium WebDriver Logs - performance] @29-04-2021 01:26:54.0524 AM
[ReportManager] Successfully created attachment [Selenium WebDriver Logs - driver] @29-04-2021 01:26:54.0584 AM
[ReportManager] Browser Action [closeCurrentWindow] successfully performed. @29-04-2021 01:26:54.0653 AM
[ReportManager] Successfully created attachment [Browser Action Test Data - closeCurrentWindow - Actual Value] @29-04-2021 01:26:54.0654 A
[ReportManager] File Action [getAbsolutePath] successfully performed. With the following test data [Relative Folder Path: "target/downloadedFiles/"]. @29-04-2021 01:26:54.0656 AM
[ReportManager] Attempting to run remotely on: [Linux-64], [GoogleChrome], [http://localhost:4444/wd/hub], Headless Execution. @29-04-2021 01:26:54.0656 AM
[ReportManager] Successfully Opened [GoogleChrome]. @29-04-2021 01:26:54.0905 A

################################################################################################################################################
Starting Execution:	[9 out of 137] test cases in the current suite
Test Method:		[testPackage01.Test_dragAndDrop.dragAndDropJquery]
################################################################################################################################################
[ReportManager] Target URL: [https://jqueryui.com/resources/demos/droppable/default.html] @29-04-2021 01:26:54.0935 AM
[ReportManager] Initial URL: [data:,] @29-04-2021 01:26:54.0984 AM
[ReportManager] Browser Action [navigateToURL] successfully performed. With the following test data [https://jqueryui.com/resources/demos/droppable/default.html]. @29-04-2021 01:26:55.0504 AM
[ReportManager] Element Action [getText] successfully performed. With the following test data [Drop here]. @29-04-2021 01:26:55.0599 AM
[ReportManager] Element Action [dragAndDrop] successfully performed. With the following test data [Start point: (8, 18), End point: (8, 18)]. @29-04-2021 01:26:56.0974 AM
[ReportManager] Element Action [getText] successfully performed. With the following test data [Dropped!]. @29-04-2021 01:26:57.0062 AM
[ReportManager] Checking to see if the text has changed after performing drag and drop... @29-04-2021 01:26:57.0062 AM
[ReportManager] AssertEquals PASSED; Expected [Drop here] and Actual [Dropped!]. Comparison Type [EQUALS]. Validation Type [NEGATIVE]. @29-04-2021 01:26:57.0063 A
[ReportManager] Successfully created attachment [Selenium WebDriver Logs - server] @29-04-2021 01:26:57.0152 AM
[ReportManager] Successfully created attachment [Selenium WebDriver Logs - performance] @29-04-2021 01:26:57.0169 AM
[ReportManager] Successfully created attachment [Selenium WebDriver Logs - driver] @29-04-2021 01:26:57.0246 AM
[ReportManager] Browser Action [closeCurrentWindow] successfully performed. @29-04-2021 01:26:57.0305 AM
[ReportManager] Successfully created attachment [Browser Action Test Data - closeCurrentWindow - Actual Value] @29-04-2021 01:26:57.0305 A

################################################################################################################################################
Starting Execution:	[10 out of 137] test cases in the current suite
Test Method:		[testPackage01.Test_SkipDueToIssue.doNotSkip]
################################################################################################################################################
[ReportManager] This should not be skipped. @29-04-2021 01:26:57.0313 A

################################################################################################################################################
Starting Execution:	[11 out of 137] test cases in the current suite
Test Method:		[testPackage01.Test_SkipDueToIssue.skip]
################################################################################################################################################
[ReportManager] This should be skipped. @29-04-2021 01:26:57.0323 A

################################################################################################################################################
Starting Execution:	[12 out of 137] test cases in the current suite
Test Method:		[testPackage01.Test_SkipDueToIssue.skip2]
################################################################################################################################################
[ReportManager] This should be skipped. @29-04-2021 01:26:57.0339 A

################################################################################################################################################
Starting Execution:	[13 out of 137] test cases in the current suite
Test Method:		[testPackage01.Test_chainableElementActions.chainElementActions]
################################################################################################################################################
[ReportManager] File Action [getAbsolutePath] successfully performed. With the following test data [Relative Folder Path: "target/downloadedFiles/"]. @29-04-2021 01:26:57.0347 AM
[ReportManager] Attempting to run remotely on: [Linux-64], [GoogleChrome], [http://localhost:4444/wd/hub], Headless Execution. @29-04-2021 01:26:57.0348 AM
[ReportManager] Successfully Opened [GoogleChrome]. @29-04-2021 01:26:57.0618 AM
[ReportManager] Target URL: [https://www.google.com/ncr], and after redirection: [https://www.google.com] @29-04-2021 01:26:57.0630 AM
[ReportManager] Initial URL: [data:,] @29-04-2021 01:26:57.0683 AM
[ReportManager] Browser Action [navigateToURL] successfully performed. With the following test data [https://www.google.com/ncr]. @29-04-2021 01:26:58.0596 AM
[ReportManager] Element Action [type] successfully performed. With the following test data [chained type 1]. @29-04-2021 01:26:59.0250 AM
[ReportManager] Element Action [type] successfully performed. With the following test data [chained type 2]. @29-04-2021 01:26:59.0833 AM
[ReportManager] Element Action [typeAppend] successfully performed. With the following test data [345]. @29-04-2021 01:26:59.0984 AM
[ReportManager] Element Action [getText] successfully performed. With the following test data [chained type 2345]. @29-04-2021 01:27:00.0123 AM
[ReportManager] Loaded Shared OpenCV @29-04-2021 01:27:00.0286 AM
[ReportManager] AssertElementAttribute PASSED; Expected [Value Should be 'chained type 2345' for the 'text' attribute, element locator 'By.name: q'] and Actual [chained type 2345]. Comparison Type [EQUALS]. Validation Type [POSITIVE]. @29-04-2021 01:27:00.0362 AM
[ReportManager] Successfully created attachment [Screenshot - 1619659620286_chainElementActions_AssertElementAttribute_passed] @29-04-2021 01:27:00.0364 AM
[ReportManager] Successfully created attachment [Selenium WebDriver Logs - server] @29-04-2021 01:27:00.0462 AM
[ReportManager] Successfully created attachment [Selenium WebDriver Logs - performance] @29-04-2021 01:27:00.0644 AM
[ReportManager] Successfully created attachment [Selenium WebDriver Logs - driver] @29-04-2021 01:27:00.0825 AM
[ReportManager] Browser Action [closeCurrentWindow] successfully performed. @29-04-2021 01:27:00.0883 AM
[ReportManager] Successfully created attachment [Browser Action Test Data - closeCurrentWindow - Actual Value] @29-04-2021 01:27:00.0886 A
[ReportManager] File Action [getAbsolutePath] successfully performed. With the following test data [Relative Folder Path: "target/downloadedFiles/"]. @29-04-2021 01:27:00.0912 AM
[ReportManager] Attempting to run remotely on: [Linux-64], [GoogleChrome], [http://localhost:4444/wd/hub], Headless Execution. @29-04-2021 01:27:00.0912 AM
[ReportManager] Successfully Opened [GoogleChrome]. @29-04-2021 01:27:01.0171 A

################################################################################################################################################
Starting Execution:	[14 out of 137] test cases in the current suite
Test Method:		[testPackage01.Test_clipboardActions.typeTextAndCopyPaste]
################################################################################################################################################
[ReportManager] Target URL: [https://www.google.com/ncr], and after redirection: [https://www.google.com] @29-04-2021 01:27:01.0192 AM
[ReportManager] Initial URL: [data:,] @29-04-2021 01:27:01.0247 AM
[ReportManager] Browser Action [navigateToURL] successfully performed. With the following test data [https://www.google.com/ncr]. @29-04-2021 01:27:02.0165 AM
[ReportManager] Element Action [type] successfully performed. With the following test data [FIRST]. @29-04-2021 01:27:02.0686 AM
[ReportManager] Element Action [clipboardActions] successfully performed. With the following test data [select all]. @29-04-2021 01:27:02.0770 AM
[ReportManager] Element Action [clipboardActions] successfully performed. With the following test data [copy]. @29-04-2021 01:27:02.0866 AM
[ReportManager] Element Action [clipboardActions] successfully performed. With the following test data [unselect]. @29-04-2021 01:27:02.0945 AM
[ReportManager] Element Action [clipboardActions] successfully performed. With the following test data [paste]. @29-04-2021 01:27:03.0043 AM
[ReportManager] Element Action [clipboardActions] successfully performed. With the following test data [select all]. @29-04-2021 01:27:03.0147 AM
[ReportManager] Element Action [clipboardActions] successfully performed. With the following test data [cut]. @29-04-2021 01:27:03.0263 AM
[ReportManager] Element Action [clipboardActions] successfully performed. With the following test data [paste]. @29-04-2021 01:27:03.0367 AM
[ReportManager] Element Action [clipboardActions] successfully performed. With the following test data [paste]. @29-04-2021 01:27:03.0459 A
[ReportManager] Successfully created attachment [Selenium WebDriver Logs - server] @29-04-2021 01:27:03.0554 AM
[ReportManager] Successfully created attachment [Selenium WebDriver Logs - performance] @29-04-2021 01:27:03.0623 AM
[ReportManager] Successfully created attachment [Selenium WebDriver Logs - driver] @29-04-2021 01:27:03.0815 AM
[ReportManager] Browser Action [closeCurrentWindow] successfully performed. @29-04-2021 01:27:03.0872 AM
[ReportManager] Successfully created attachment [Browser Action Test Data - closeCurrentWindow - Actual Value] @29-04-2021 01:27:03.0874 A
[ReportManager] File Action [getAbsolutePath] successfully performed. With the following test data [Relative Folder Path: "target/downloadedFiles/"]. @29-04-2021 01:27:03.0876 AM
[ReportManager] Attempting to run remotely on: [Linux-64], [GoogleChrome], [http://localhost:4444/wd/hub], Headless Execution. @29-04-2021 01:27:03.0876 AM
[ReportManager] Successfully Opened [GoogleChrome]. @29-04-2021 01:27:04.0129 A

################################################################################################################################################
Starting Execution:	[15 out of 137] test cases in the current suite
Test Method:		[testPackage01.Test_verifyEquals.test_assertElementAttribute]
################################################################################################################################################
[ReportManager] Target URL: [https://www.google.com/ncr], and after redirection: [https://www.google.com] @29-04-2021 01:27:04.0158 AM
[ReportManager] Initial URL: [data:,] @29-04-2021 01:27:04.0198 AM
[ReportManager] Browser Action [navigateToURL] successfully performed. With the following test data [https://www.google.com/ncr]. @29-04-2021 01:27:05.0122 AM
[ReportManager] Element Action [type] successfully performed. With the following test data [INC_004010050:Another SCHEDULER with the same name [Duplicate Job Name] already exists.]. @29-04-2021 01:27:07.0330 AM
[ReportManager] Element Action [getText] successfully performed. With the following test data [INC_004010050:Another SCHEDULER with the same name [Duplicate Job Name] already exists.]. @29-04-2021 01:27:07.0447 AM
[ReportManager] Loaded Shared OpenCV @29-04-2021 01:27:07.0607 AM
[ReportManager] VerifyElementAttribute PASSED; Expected [Value Should be 'INC_004010050:Another SCHEDULER with the same name \[Duplicate Job Name\] already exists.' for the 'text' attribute, element locator 'By.name: q'] and Actual [INC_004010050:Another SCHEDULER with the same name [Duplicate Job Name] already exists.]. Comparison Type [MATCHES]. Validation Type [POSITIVE]. @29-04-2021 01:27:07.0677 AM
[ReportManager] Successfully created attachment [Screenshot - 1619659627607_test_assertElementAttribute_VerifyElementAttribute_passed] @29-04-2021 01:27:07.0679 A
[ReportManager] Successfully created attachment [Selenium WebDriver Logs - server] @29-04-2021 01:27:07.0793 AM
[ReportManager] Successfully created attachment [Selenium WebDriver Logs - performance] @29-04-2021 01:27:08.0153 AM
[ReportManager] Successfully created attachment [Selenium WebDriver Logs - driver] @29-04-2021 01:27:08.0433 AM
[ReportManager] Browser Action [closeCurrentWindow] successfully performed. @29-04-2021 01:27:08.0492 AM
[ReportManager] Successfully created attachment [Browser Action Test Data - closeCurrentWindow - Actual Value] @29-04-2021 01:27:08.0492 A

################################################################################################################################################
Starting Execution:	[16 out of 137] test cases in the current suite
Test Method:		[testPackage01.Test_JSONFileManager.readStringFromJson]
################################################################################################################################################
[ReportManager] Successfully loaded the following test data file [src/test/resources/TestDataFiles/simpleJSON.json]. @29-04-2021 01:27:08.0510 AM
[ReportManager] Successfully created attachment [Test Data - JSON] @29-04-2021 01:27:08.0763 AM
[ReportManager] AssertEquals PASSED; Expected [Mohab Mohie] and Actual [Mohab Mohie]. Comparison Type [EQUALS]. Validation Type [POSITIVE]. @29-04-2021 01:27:10.0428 A
[ReportManager] File Action [getAbsolutePath] successfully performed. With the following test data [Relative Folder Path: "target/downloadedFiles/"]. @29-04-2021 01:27:10.0456 AM
[ReportManager] Attempting to run remotely on: [Linux-64], [GoogleChrome], [http://localhost:4444/wd/hub], Headless Execution. @29-04-2021 01:27:10.0456 AM
[ReportManager] Successfully Opened [GoogleChrome]. @29-04-2021 01:27:11.0023 A

################################################################################################################################################
Starting Execution:	[17 out of 137] test cases in the current suite
Test Method:		[testPackage01.Test_uploadFile.uploadFile_invisibleUploadInput]
################################################################################################################################################
[ReportManager] Target URL: [https://fineuploader.com/demos.html#gallery-view] @29-04-2021 01:27:11.0064 AM
[ReportManager] Initial URL: [data:,] @29-04-2021 01:27:11.0108 AM
[ReportManager] Browser Action [navigateToURL] successfully performed. With the following test data [https://fineuploader.com/demos.html#gallery-view]. @29-04-2021 01:27:13.0420 AM
[ReportManager] File Action [getAbsolutePath] successfully performed. With the following test data [Relative File Path: "src/main/resources/images/shaft.png"]. @29-04-2021 01:27:13.0420 AM
[ReportManager] Successfully created attachment [File Action Actual Result - Command Log] @29-04-2021 01:27:13.0421 AM
[ReportManager] Element Action [typeFileLocationForUpload] successfully performed. With the following test data [/home/runner/work/SHAFT_ENGINE/SHAFT_ENGINE/src/main/resources/images/shaft.png]. @29-04-2021 01:27:13.0625 AM
[ReportManager] Attempting to getAttribute [src] from elementLocator [By.xpath: //div[@id='fine-uploader-gallery']//div[@class='qq-thumbnail-wrapper']/img]. @29-04-2021 01:27:13.0627 AM
[ReportManager] Element Action [getAttribute] successfully performed. @29-04-2021 01:27:13.0759 AM
[ReportManager] Successfully created attachment [Element Action Test Data - getAttribute - Actual Value] @29-04-2021 01:27:13.0759 AM
[ReportManager] Loaded Shared OpenCV @29-04-2021 01:27:13.0941 AM
[ReportManager] AssertElementAttribute PASSED; Expected and Actual values are attached. Comparison Type [CONTAINS]. Validation Type [POSITIVE]. @29-04-2021 01:27:14.0022 AM
[ReportManager] Successfully created attachment [Validation Test Data - Expected Value] @29-04-2021 01:27:14.0023 AM
[ReportManager] Successfully created attachment [Validation Test Data - Actual Value] @29-04-2021 01:27:14.0023 AM
[ReportManager] Successfully created attachment [Screenshot - 1619659633941_uploadFile_invisibleUploadInput_AssertElementAttribute_passed] @29-04-2021 01:27:14.0024 A
[ReportManager] Successfully created attachment [Selenium WebDriver Logs - server] @29-04-2021 01:27:14.0153 AM
[ReportManager] Successfully created attachment [Selenium WebDriver Logs - performance] @29-04-2021 01:27:14.0263 AM
[ReportManager] Successfully created attachment [Selenium WebDriver Logs - browser] @29-04-2021 01:27:14.0275 AM
[ReportManager] Successfully created attachment [Selenium WebDriver Logs - driver] @29-04-2021 01:27:14.0486 AM
[ReportManager] Browser Action [closeCurrentWindow] successfully performed. @29-04-2021 01:27:14.0546 AM
[ReportManager] Successfully created attachment [Browser Action Test Data - closeCurrentWindow - Actual Value] @29-04-2021 01:27:14.0547 A
[ReportManager] File Action [getAbsolutePath] successfully performed. With the following test data [Relative Folder Path: "target/downloadedFiles/"]. @29-04-2021 01:27:14.0556 AM
[ReportManager] Attempting to run remotely on: [Linux-64], [GoogleChrome], [http://localhost:4444/wd/hub], Headless Execution. @29-04-2021 01:27:14.0556 AM
[ReportManager] Successfully Opened [GoogleChrome]. @29-04-2021 01:27:14.0798 A

################################################################################################################################################
Starting Execution:	[18 out of 137] test cases in the current suite
Test Method:		[testPackage01.Test_uploadFile.uploadFile_visibleUploadInput]
################################################################################################################################################
[ReportManager] Target URL: [http://demo.guru99.com/test/upload/] @29-04-2021 01:27:14.0820 AM
[ReportManager] Initial URL: [data:,] @29-04-2021 01:27:14.0874 AM
[ReportManager] Browser Action [navigateToURL] successfully performed. With the following test data [http://demo.guru99.com/test/upload/]. @29-04-2021 01:27:15.0890 AM
[ReportManager] File Action [getAbsolutePath] successfully performed. With the following test data [Relative File Path: "src/main/resources/images/shaft.png"]. @29-04-2021 01:27:15.0890 AM
[ReportManager] Successfully created attachment [File Action Actual Result - Command Log] @29-04-2021 01:27:15.0891 AM
[ReportManager] Element Action [typeFileLocationForUpload] successfully performed. With the following test data [/home/runner/work/SHAFT_ENGINE/SHAFT_ENGINE/src/main/resources/images/shaft.png]. @29-04-2021 01:27:16.0083 AM
[ReportManager] Element Action [click] successfully performed. With the following test data [on]. @29-04-2021 01:27:16.0422 AM
[ReportManager] Element Action [click] successfully performed. With the following test data [Submit File]. @29-04-2021 01:27:16.0761 AM
[ReportManager] Element Action [getText] successfully performed. With the following test data [1 file
has been successfully uploaded.]. @29-04-2021 01:27:17.0398 AM
[ReportManager] Loaded Shared OpenCV @29-04-2021 01:27:17.0565 AM
[ReportManager] AssertElementAttribute PASSED; Expected [Value Should be '1 file' for the 'Text' attribute, element locator 'By.id: res'] and Actual [1 file
has been successfully uploaded.]. Comparison Type [CONTAINS]. Validation Type [POSITIVE]. @29-04-2021 01:27:17.0637 AM
[ReportManager] Successfully created attachment [Screenshot - 1619659637565_uploadFile_visibleUploadInput_AssertElementAttribute_passed] @29-04-2021 01:27:17.0638 A
[ReportManager] Successfully created attachment [Selenium WebDriver Logs - server] @29-04-2021 01:27:17.0725 AM
[ReportManager] Successfully created attachment [Selenium WebDriver Logs - performance] @29-04-2021 01:27:17.0803 AM
[ReportManager] Successfully created attachment [Selenium WebDriver Logs - browser] @29-04-2021 01:27:17.0811 AM
[ReportManager] Successfully created attachment [Selenium WebDriver Logs - driver] @29-04-2021 01:27:17.0981 AM
[ReportManager] Browser Action [closeCurrentWindow] successfully performed. @29-04-2021 01:27:18.0038 AM
[ReportManager] Successfully created attachment [Browser Action Test Data - closeCurrentWindow - Actual Value] @29-04-2021 01:27:18.0038 A
[ReportManager] File Action [getAbsolutePath] successfully performed. With the following test data [Relative Folder Path: "target/downloadedFiles/"]. @29-04-2021 01:27:18.0042 AM
[ReportManager] Attempting to run remotely on: [Linux-64], [GoogleChrome], [http://localhost:4444/wd/hub], Headless Execution. @29-04-2021 01:27:18.0042 AM
[ReportManager] Successfully Opened [GoogleChrome]. @29-04-2021 01:27:18.0308 A

################################################################################################################################################
Starting Execution:	[19 out of 137] test cases in the current suite
Test Method:		[testPackage01.Test_ShadowDOM.shadowdom]
################################################################################################################################################
[ReportManager] Target URL: [https://mdn.github.io/web-components-examples/popup-info-box-web-component/] @29-04-2021 01:27:18.0323 AM
[ReportManager] Initial URL: [data:,] @29-04-2021 01:27:18.0373 AM
[ReportManager] Browser Action [navigateToURL] successfully performed. With the following test data [https://mdn.github.io/web-components-examples/popup-info-box-web-component/]. @29-04-2021 01:27:18.0741 AM
[ReportManager] Element Action [type] successfully performed. With the following test data [Typing into SHADOW DOM...]. @29-04-2021 01:27:19.0505 AM
[ReportManager] Element Action [getText] successfully performed. With the following test data [Typing into SHADOW DOM...]. @29-04-2021 01:27:19.0622 AM
[ReportManager] Loaded Shared OpenCV @29-04-2021 01:27:19.0755 AM
[ReportManager] AssertElementAttribute PASSED; Expected [Value Should be 'Typing into SHADOW DOM...' for the 'Text' attribute, element locator 'By.id: cvc'] and Actual [Typing into SHADOW DOM...]. Comparison Type [EQUALS]. Validation Type [POSITIVE]. @29-04-2021 01:27:19.0817 AM
[ReportManager] Successfully created attachment [Screenshot - 1619659639755_shadowdom_AssertElementAttribute_passed] @29-04-2021 01:27:19.0818 A
[ReportManager] Successfully created attachment [Selenium WebDriver Logs - server] @29-04-2021 01:27:19.0861 AM
[ReportManager] Successfully created attachment [Selenium WebDriver Logs - performance] @29-04-2021 01:27:19.0871 AM
[ReportManager] Successfully created attachment [Selenium WebDriver Logs - browser] @29-04-2021 01:27:19.0877 AM
[ReportManager] Successfully created attachment [Selenium WebDriver Logs - driver] @29-04-2021 01:27:19.0953 AM
[ReportManager] Browser Action [closeCurrentWindow] successfully performed. @29-04-2021 01:27:20.0015 AM
[ReportManager] Successfully created attachment [Browser Action Test Data - closeCurrentWindow - Actual Value] @29-04-2021 01:27:20.0015 A

################################################################################################################################################
Starting Execution:	[20 out of 137] test cases in the current suite
Test Method:		[testPackage01.Test_NewValidationHelper.f1]
################################################################################################################################################
[ReportManager] Checking valid user data... @29-04-2021 01:27:20.0022 AM
[ReportManager] AssertEquals PASSED; Expected and Actual values are attached. Comparison Type [EQUALS]. Validation Type [POSITIVE]. @29-04-2021 01:27:20.0023 AM
[ReportManager] Successfully created attachment [Validation Test Data - Expected Value] @29-04-2021 01:27:20.0023 AM
[ReportManager] Successfully created attachment [Validation Test Data - Actual Value] @29-04-2021 01:27:20.0025 A
[ReportManager] File Action [getAbsolutePath] successfully performed. With the following test data [Relative Folder Path: "target/downloadedFiles/"]. @29-04-2021 01:27:20.0030 AM
[ReportManager] Attempting to run remotely on: [Linux-64], [GoogleChrome], [http://localhost:4444/wd/hub], Headless Execution. @29-04-2021 01:27:20.0030 AM
[ReportManager] Successfully Opened [GoogleChrome]. @29-04-2021 01:27:20.0321 AM
[ReportManager] Target URL: [https://the-internet.herokuapp.com/] @29-04-2021 01:27:20.0338 AM
[ReportManager] Initial URL: [data:,] @29-04-2021 01:27:20.0386 AM
[ReportManager] Browser Action [navigateToURL] successfully performed. With the following test data [https://the-internet.herokuapp.com/]. @29-04-2021 01:27:21.0844 A

################################################################################################################################################
Starting Execution:	[21 out of 137] test cases in the current suite
Test Method:		[testPackage01.Test_NewValidationHelper.f10]
################################################################################################################################################
[ReportManager] AssertElementExists FAILED; Expected [Element Should Exist, locator 'By.tagName: div'] and Actual [Element Exists but is not unique]. Comparison Type [EQUALS]. Validation Type [POSITIVE]. @29-04-2021 01:27:22.0179 AM
[ReportManager] Successfully created attachment [Screenshot - 1619659642084_f10_AssertElementExists_failed] @29-04-2021 01:27:22.0179 A
[ReportManager] Successfully created attachment [Selenium WebDriver Logs - server] @29-04-2021 01:27:22.0197 AM
[ReportManager] Successfully created attachment [Selenium WebDriver Logs - performance] @29-04-2021 01:27:22.0222 AM
[ReportManager] Successfully created attachment [Selenium WebDriver Logs - browser] @29-04-2021 01:27:22.0228 AM
[ReportManager] Successfully created attachment [Selenium WebDriver Logs - driver] @29-04-2021 01:27:22.0287 AM
[ReportManager] Successfully Closed All Drivers. @29-04-2021 01:27:22.0363 A
[ReportManager] File Action [getAbsolutePath] successfully performed. With the following test data [Relative Folder Path: "target/downloadedFiles/"]. @29-04-2021 01:27:22.0365 AM
[ReportManager] Attempting to run remotely on: [Linux-64], [GoogleChrome], [http://localhost:4444/wd/hub], Headless Execution. @29-04-2021 01:27:22.0365 AM
[ReportManager] Successfully Opened [GoogleChrome]. @29-04-2021 01:27:22.0604 AM
[ReportManager] Target URL: [https://the-internet.herokuapp.com/] @29-04-2021 01:27:22.0616 AM
[ReportManager] Initial URL: [data:,] @29-04-2021 01:27:22.0655 AM
[ReportManager] Browser Action [navigateToURL] successfully performed. With the following test data [https://the-internet.herokuapp.com/]. @29-04-2021 01:27:24.0038 A

################################################################################################################################################
Starting Execution:	[22 out of 137] test cases in the current suite
Test Method:		[testPackage01.Test_NewValidationHelper.f11]
################################################################################################################################################
[ReportManager] Checking that false tag doesn't exist... @29-04-2021 01:27:24.0045 AM
[ReportManager] AssertElementExists PASSED; Expected [Element Should not Exist, locator 'By.tagName: h3'] and Actual [Element Doesn't Exists]. Comparison Type [EQUALS]. Validation Type [NEGATIVE]. @29-04-2021 01:27:34.0435 AM
[ReportManager] Successfully created attachment [Screenshot - 1619659654375_f11_AssertElementExists_passed] @29-04-2021 01:27:34.0436 A
[ReportManager] Successfully created attachment [Selenium WebDriver Logs - server] @29-04-2021 01:27:34.0452 AM
[ReportManager] Successfully created attachment [Selenium WebDriver Logs - performance] @29-04-2021 01:27:34.0476 AM
[ReportManager] Successfully created attachment [Selenium WebDriver Logs - browser] @29-04-2021 01:27:34.0485 AM
[ReportManager] Successfully created attachment [Selenium WebDriver Logs - driver] @29-04-2021 01:27:34.0556 AM
[ReportManager] Successfully Closed All Drivers. @29-04-2021 01:27:34.0635 A
[ReportManager] File Action [getAbsolutePath] successfully performed. With the following test data [Relative Folder Path: "target/downloadedFiles/"]. @29-04-2021 01:27:34.0639 AM
[ReportManager] Attempting to run remotely on: [Linux-64], [GoogleChrome], [http://localhost:4444/wd/hub], Headless Execution. @29-04-2021 01:27:34.0639 AM
[ReportManager] Successfully Opened [GoogleChrome]. @29-04-2021 01:27:34.0882 AM
[ReportManager] Target URL: [https://the-internet.herokuapp.com/] @29-04-2021 01:27:34.0893 AM
[ReportManager] Initial URL: [data:,] @29-04-2021 01:27:34.0940 AM
[ReportManager] Browser Action [navigateToURL] successfully performed. With the following test data [https://the-internet.herokuapp.com/]. @29-04-2021 01:27:36.0357 A

################################################################################################################################################
Starting Execution:	[23 out of 137] test cases in the current suite
Test Method:		[testPackage01.Test_NewValidationHelper.f12]
################################################################################################################################################
[ReportManager] Loaded Shared OpenCV @29-04-2021 01:27:36.0592 AM
[ReportManager] AssertElementExists FAILED; Expected [Element Should not Exist, locator 'By.tagName: h1'] and Actual [Element Exists]. Comparison Type [EQUALS]. Validation Type [NEGATIVE]. @29-04-2021 01:27:36.0669 AM
[ReportManager] Successfully created attachment [Screenshot - 1619659656592_f12_AssertElementExists_failed] @29-04-2021 01:27:36.0670 A
[ReportManager] Successfully created attachment [Selenium WebDriver Logs - server] @29-04-2021 01:27:36.0683 AM
[ReportManager] Successfully created attachment [Selenium WebDriver Logs - performance] @29-04-2021 01:27:36.0708 AM
[ReportManager] Successfully created attachment [Selenium WebDriver Logs - browser] @29-04-2021 01:27:36.0715 AM
[ReportManager] Successfully created attachment [Selenium WebDriver Logs - driver] @29-04-2021 01:27:36.0766 AM
[ReportManager] Successfully Closed All Drivers. @29-04-2021 01:27:36.0846 A
[ReportManager] File Action [getAbsolutePath] successfully performed. With the following test data [Relative Folder Path: "target/downloadedFiles/"]. @29-04-2021 01:27:36.0850 AM
[ReportManager] Attempting to run remotely on: [Linux-64], [GoogleChrome], [http://localhost:4444/wd/hub], Headless Execution. @29-04-2021 01:27:36.0850 AM
[ReportManager] Successfully Opened [GoogleChrome]. @29-04-2021 01:27:37.0087 AM
[ReportManager] Target URL: [https://the-internet.herokuapp.com/] @29-04-2021 01:27:37.0098 AM
[ReportManager] Initial URL: [data:,] @29-04-2021 01:27:37.0138 AM
[ReportManager] Browser Action [navigateToURL] successfully performed. With the following test data [https://the-internet.herokuapp.com/]. @29-04-2021 01:27:38.0519 A

################################################################################################################################################
Starting Execution:	[24 out of 137] test cases in the current suite
Test Method:		[testPackage01.Test_NewValidationHelper.f13]
################################################################################################################################################
[ReportManager] AssertElementExists FAILED; Expected [Element Should not Exist, locator 'By.tagName: div'] and Actual [Element Exists but is not unique]. Comparison Type [EQUALS]. Validation Type [NEGATIVE]. @29-04-2021 01:27:38.0802 AM
[ReportManager] Successfully created attachment [Screenshot - 1619659658742_f13_AssertElementExists_failed] @29-04-2021 01:27:38.0802 A
[ReportManager] Successfully created attachment [Selenium WebDriver Logs - server] @29-04-2021 01:27:38.0815 AM
[ReportManager] Successfully created attachment [Selenium WebDriver Logs - performance] @29-04-2021 01:27:38.0833 AM
[ReportManager] Successfully created attachment [Selenium WebDriver Logs - browser] @29-04-2021 01:27:38.0838 AM
[ReportManager] Successfully created attachment [Selenium WebDriver Logs - driver] @29-04-2021 01:27:38.0894 AM
[ReportManager] Successfully Closed All Drivers. @29-04-2021 01:27:38.0970 A
[ReportManager] File Action [getAbsolutePath] successfully performed. With the following test data [Relative Folder Path: "target/downloadedFiles/"]. @29-04-2021 01:27:38.0972 AM
[ReportManager] Attempting to run remotely on: [Linux-64], [GoogleChrome], [http://localhost:4444/wd/hub], Headless Execution. @29-04-2021 01:27:38.0972 AM
[ReportManager] Successfully Opened [GoogleChrome]. @29-04-2021 01:27:39.0216 AM
[ReportManager] Target URL: [https://the-internet.herokuapp.com/] @29-04-2021 01:27:39.0226 AM
[ReportManager] Initial URL: [data:,] @29-04-2021 01:27:39.0267 AM
[ReportManager] Browser Action [navigateToURL] successfully performed. With the following test data [https://the-internet.herokuapp.com/]. @29-04-2021 01:27:40.0482 A

################################################################################################################################################
Starting Execution:	[25 out of 137] test cases in the current suite
Test Method:		[testPackage01.Test_NewValidationHelper.f14]
################################################################################################################################################
[ReportManager] Asserting that the header text is correct... @29-04-2021 01:27:40.0489 AM
[ReportManager] Element Action [getText] successfully performed. With the following test data [Welcome to the-internet]. @29-04-2021 01:27:40.0584 AM
[ReportManager] Loaded Shared OpenCV @29-04-2021 01:27:40.0775 AM
[ReportManager] AssertElementAttribute PASSED; Expected [Value Should be 'Welcome to the-internet' for the 'text' attribute, element locator 'By.tagName: h1'] and Actual [Welcome to the-internet]. Comparison Type [EQUALS]. Validation Type [POSITIVE]. @29-04-2021 01:27:40.0850 AM
[ReportManager] Successfully created attachment [Screenshot - 1619659660775_f14_AssertElementAttribute_passed] @29-04-2021 01:27:40.0851 A
[ReportManager] Successfully created attachment [Selenium WebDriver Logs - server] @29-04-2021 01:27:40.0866 AM
[ReportManager] Successfully created attachment [Selenium WebDriver Logs - performance] @29-04-2021 01:27:40.0886 AM
[ReportManager] Successfully created attachment [Selenium WebDriver Logs - browser] @29-04-2021 01:27:40.0892 AM
[ReportManager] Successfully created attachment [Selenium WebDriver Logs - driver] @29-04-2021 01:27:40.0970 AM
[ReportManager] Successfully Closed All Drivers. @29-04-2021 01:27:41.0053 A
[ReportManager] File Action [getAbsolutePath] successfully performed. With the following test data [Relative Folder Path: "target/downloadedFiles/"]. @29-04-2021 01:27:41.0058 AM
[ReportManager] Attempting to run remotely on: [Linux-64], [GoogleChrome], [http://localhost:4444/wd/hub], Headless Execution. @29-04-2021 01:27:41.0058 AM
[ReportManager] Successfully Opened [GoogleChrome]. @29-04-2021 01:27:41.0289 AM
[ReportManager] Target URL: [https://the-internet.herokuapp.com/] @29-04-2021 01:27:41.0299 AM
[ReportManager] Initial URL: [data:,] @29-04-2021 01:27:41.0347 AM
[ReportManager] Browser Action [navigateToURL] successfully performed. With the following test data [https://the-internet.herokuapp.com/]. @29-04-2021 01:27:42.0804 A

################################################################################################################################################
Starting Execution:	[26 out of 137] test cases in the current suite
Test Method:		[testPackage01.Test_NewValidationHelper.f15]
################################################################################################################################################
[ReportManager] Element Action [getText] successfully performed. With the following test data [Welcome to the-internet]. @29-04-2021 01:27:42.0914 AM
[ReportManager] Loaded Shared OpenCV @29-04-2021 01:27:43.0079 AM
[ReportManager] AssertElementAttribute FAILED; Expected [Value Should not be 'Welcome' for the 'text' attribute, element locator 'By.tagName: h1'] and Actual [Welcome to the-internet]. Comparison Type [CONTAINS]. Validation Type [NEGATIVE]. @29-04-2021 01:27:43.0152 AM
[ReportManager] Successfully created attachment [Screenshot - 1619659663079_f15_AssertElementAttribute_failed] @29-04-2021 01:27:43.0153 A
[ReportManager] Successfully created attachment [Selenium WebDriver Logs - server] @29-04-2021 01:27:43.0166 AM
[ReportManager] Successfully created attachment [Selenium WebDriver Logs - performance] @29-04-2021 01:27:43.0192 AM
[ReportManager] Successfully created attachment [Selenium WebDriver Logs - browser] @29-04-2021 01:27:43.0201 AM
[ReportManager] Successfully created attachment [Selenium WebDriver Logs - driver] @29-04-2021 01:27:43.0259 AM
[ReportManager] Successfully Closed All Drivers. @29-04-2021 01:27:43.0334 A
[ReportManager] File Action [getAbsolutePath] successfully performed. With the following test data [Relative Folder Path: "target/downloadedFiles/"]. @29-04-2021 01:27:43.0337 AM
[ReportManager] Attempting to run remotely on: [Linux-64], [GoogleChrome], [http://localhost:4444/wd/hub], Headless Execution. @29-04-2021 01:27:43.0339 AM
[ReportManager] Successfully Opened [GoogleChrome]. @29-04-2021 01:27:43.0570 AM
[ReportManager] Target URL: [https://the-internet.herokuapp.com/] @29-04-2021 01:27:43.0582 AM
[ReportManager] Initial URL: [data:,] @29-04-2021 01:27:43.0630 AM
[ReportManager] Browser Action [navigateToURL] successfully performed. With the following test data [https://the-internet.herokuapp.com/]. @29-04-2021 01:27:44.0360 A

################################################################################################################################################
Starting Execution:	[27 out of 137] test cases in the current suite
Test Method:		[testPackage01.Test_NewValidationHelper.f16]
################################################################################################################################################
[ReportManager] Element Action [identifyUniqueElement] failed. With the following test data [zero elements found matching this locator "By.tagName: h3".]. @29-04-2021 01:28:09.0917 AM
[ReportManager] Successfully created attachment [Screenshot - 1619659689857_f16_identifyUniqueElement_failed] @29-04-2021 01:28:09.0918 AM
[ReportManager] AssertElementAttribute FAILED; Expected [Value Should not be 'Welcome' for the 'text' attribute, element locator 'By.tagName: h3'] and Actual [Failed to read the desired element attribute]. Comparison Type [CONTAINS]. Validation Type [NEGATIVE]. @29-04-2021 01:28:09.0918 A
[ReportManager] Successfully created attachment [Selenium WebDriver Logs - server] @29-04-2021 01:28:09.0929 AM
[ReportManager] Successfully created attachment [Selenium WebDriver Logs - performance] @29-04-2021 01:28:09.0948 AM
[ReportManager] Successfully created attachment [Selenium WebDriver Logs - browser] @29-04-2021 01:28:09.0957 AM
[ReportManager] Successfully created attachment [Selenium WebDriver Logs - driver] @29-04-2021 01:28:10.0036 AM
[ReportManager] Successfully Closed All Drivers. @29-04-2021 01:28:10.0109 A
[ReportManager] File Action [getAbsolutePath] successfully performed. With the following test data [Relative Folder Path: "target/downloadedFiles/"]. @29-04-2021 01:28:10.0111 AM
[ReportManager] Attempting to run remotely on: [Linux-64], [GoogleChrome], [http://localhost:4444/wd/hub], Headless Execution. @29-04-2021 01:28:10.0111 AM
[ReportManager] Successfully Opened [GoogleChrome]. @29-04-2021 01:28:10.0350 AM
[ReportManager] Target URL: [https://the-internet.herokuapp.com/] @29-04-2021 01:28:10.0363 AM
[ReportManager] Initial URL: [data:,] @29-04-2021 01:28:10.0423 AM
[ReportManager] Browser Action [navigateToURL] successfully performed. With the following test data [https://the-internet.herokuapp.com/]. @29-04-2021 01:28:11.0864 A

################################################################################################################################################
Starting Execution:	[28 out of 137] test cases in the current suite
Test Method:		[testPackage01.Test_NewValidationHelper.f17]
################################################################################################################################################
[ReportManager] Attempting to getAttribute [text2] from elementLocator [By.tagName: h1]. @29-04-2021 01:28:11.0870 AM
[ReportManager] Element Action [getAttribute] successfully performed. @29-04-2021 01:28:11.0951 AM
[ReportManager] Loaded Shared OpenCV @29-04-2021 01:28:12.0126 AM
[ReportManager] AssertElementAttribute PASSED; Expected [Value Should not be 'Welcome' for the 'text2' attribute, element locator 'By.tagName: h1'] and Actual [null]. Comparison Type [CONTAINS]. Validation Type [NEGATIVE]. @29-04-2021 01:28:12.0202 AM
[ReportManager] Successfully created attachment [Screenshot - 1619659692126_f17_AssertElementAttribute_passed] @29-04-2021 01:28:12.0203 A
[ReportManager] Successfully created attachment [Selenium WebDriver Logs - server] @29-04-2021 01:28:12.0216 AM
[ReportManager] Successfully created attachment [Selenium WebDriver Logs - performance] @29-04-2021 01:28:12.0249 AM
[ReportManager] Successfully created attachment [Selenium WebDriver Logs - browser] @29-04-2021 01:28:12.0256 AM
[ReportManager] Successfully created attachment [Selenium WebDriver Logs - driver] @29-04-2021 01:28:12.0320 AM
[ReportManager] Successfully Closed All Drivers. @29-04-2021 01:28:12.0406 A
[ReportManager] File Action [getAbsolutePath] successfully performed. With the following test data [Relative Folder Path: "target/downloadedFiles/"]. @29-04-2021 01:28:12.0410 AM
[ReportManager] Attempting to run remotely on: [Linux-64], [GoogleChrome], [http://localhost:4444/wd/hub], Headless Execution. @29-04-2021 01:28:12.0410 AM
[ReportManager] Successfully Opened [GoogleChrome]. @29-04-2021 01:28:12.0721 AM
[ReportManager] Target URL: [https://the-internet.herokuapp.com/] @29-04-2021 01:28:12.0737 AM
[ReportManager] Initial URL: [data:,] @29-04-2021 01:28:12.0794 AM
[ReportManager] Browser Action [navigateToURL] successfully performed. With the following test data [https://the-internet.herokuapp.com/]. @29-04-2021 01:28:14.0092 A

################################################################################################################################################
Starting Execution:	[29 out of 137] test cases in the current suite
Test Method:		[testPackage01.Test_NewValidationHelper.f18]
################################################################################################################################################
[ReportManager] Element Action [getText] successfully performed. With the following test data [Welcome to the-internet]. @29-04-2021 01:28:14.0202 AM
[ReportManager] Loaded Shared OpenCV @29-04-2021 01:28:14.0396 AM
[ReportManager] AssertElementAttribute PASSED; Expected [Value Should not be 'no' for the 'text' attribute, element locator 'By.tagName: h1'] and Actual [Welcome to the-internet]. Comparison Type [CONTAINS]. Validation Type [NEGATIVE]. @29-04-2021 01:28:14.0476 AM
[ReportManager] Successfully created attachment [Screenshot - 1619659694396_f18_AssertElementAttribute_passed] @29-04-2021 01:28:14.0477 A
[ReportManager] Successfully created attachment [Selenium WebDriver Logs - server] @29-04-2021 01:28:14.0492 AM
[ReportManager] Successfully created attachment [Selenium WebDriver Logs - performance] @29-04-2021 01:28:14.0516 AM
[ReportManager] Successfully created attachment [Selenium WebDriver Logs - browser] @29-04-2021 01:28:14.0523 AM
[ReportManager] Successfully created attachment [Selenium WebDriver Logs - driver] @29-04-2021 01:28:14.0587 AM
[ReportManager] Successfully Closed All Drivers. @29-04-2021 01:28:14.0664 A
[ReportManager] File Action [getAbsolutePath] successfully performed. With the following test data [Relative Folder Path: "target/downloadedFiles/"]. @29-04-2021 01:28:14.0669 AM
[ReportManager] Attempting to run remotely on: [Linux-64], [GoogleChrome], [http://localhost:4444/wd/hub], Headless Execution. @29-04-2021 01:28:14.0669 AM
[ReportManager] Successfully Opened [GoogleChrome]. @29-04-2021 01:28:14.0900 AM
[ReportManager] Target URL: [https://the-internet.herokuapp.com/] @29-04-2021 01:28:14.0911 AM
[ReportManager] Initial URL: [data:,] @29-04-2021 01:28:14.0952 AM
[ReportManager] Browser Action [navigateToURL] successfully performed. With the following test data [https://the-internet.herokuapp.com/]. @29-04-2021 01:28:16.0367 A

################################################################################################################################################
Starting Execution:	[30 out of 137] test cases in the current suite
Test Method:		[testPackage01.Test_NewValidationHelper.f19]
################################################################################################################################################
[ReportManager] Element Action [getTagName] successfully performed. With the following test data [h1]. @29-04-2021 01:28:16.0456 AM
[ReportManager] Loaded Shared OpenCV @29-04-2021 01:28:16.0620 AM
[ReportManager] AssertElementAttribute PASSED; Expected [Value Should be 'h' for the 'tagname' attribute, element locator 'By.tagName: h1'] and Actual [h1]. Comparison Type [CONTAINS]. Validation Type [POSITIVE]. @29-04-2021 01:28:16.0695 AM
[ReportManager] Successfully created attachment [Screenshot - 1619659696619_f19_AssertElementAttribute_passed] @29-04-2021 01:28:16.0696 A
[ReportManager] Successfully created attachment [Selenium WebDriver Logs - server] @29-04-2021 01:28:16.0712 AM
[ReportManager] Successfully created attachment [Selenium WebDriver Logs - performance] @29-04-2021 01:28:16.0733 AM
[ReportManager] Successfully created attachment [Selenium WebDriver Logs - browser] @29-04-2021 01:28:16.0739 AM
[ReportManager] Successfully created attachment [Selenium WebDriver Logs - driver] @29-04-2021 01:28:16.0801 AM
[ReportManager] Successfully Closed All Drivers. @29-04-2021 01:28:16.0885 A

################################################################################################################################################
Starting Execution:	[31 out of 137] test cases in the current suite
Test Method:		[testPackage01.Test_NewValidationHelper.f2]
################################################################################################################################################
[ReportManager] Checking valid user data... @29-04-2021 01:28:16.0890 AM
[ReportManager] AssertEquals FAILED; Expected [1] and Actual [2]. Comparison Type [EQUALS]. Validation Type [POSITIVE]. @29-04-2021 01:28:16.0890 A
[ReportManager] File Action [getAbsolutePath] successfully performed. With the following test data [Relative Folder Path: "target/downloadedFiles/"]. @29-04-2021 01:28:16.0896 AM
[ReportManager] Attempting to run remotely on: [Linux-64], [GoogleChrome], [http://localhost:4444/wd/hub], Headless Execution. @29-04-2021 01:28:16.0897 AM
[ReportManager] Successfully Opened [GoogleChrome]. @29-04-2021 01:28:17.0121 AM
[ReportManager] Target URL: [https://the-internet.herokuapp.com/] @29-04-2021 01:28:17.0131 AM
[ReportManager] Initial URL: [data:,] @29-04-2021 01:28:17.0178 AM
[ReportManager] Browser Action [navigateToURL] successfully performed. With the following test data [https://the-internet.herokuapp.com/]. @29-04-2021 01:28:18.0493 A

################################################################################################################################################
Starting Execution:	[32 out of 137] test cases in the current suite
Test Method:		[testPackage01.Test_NewValidationHelper.f20]
################################################################################################################################################
[ReportManager] Element Action [getSize] successfully performed. With the following test data [(755, 61)]. @29-04-2021 01:28:18.0568 AM
[ReportManager] Loaded Shared OpenCV @29-04-2021 01:28:18.0724 AM
[ReportManager] AssertElementAttribute PASSED; Expected [Value Should not be 'a' for the 'size' attribute, element locator 'By.tagName: h1'] and Actual [(755, 61)]. Comparison Type [CONTAINS]. Validation Type [NEGATIVE]. @29-04-2021 01:28:18.0797 AM
[ReportManager] Successfully created attachment [Screenshot - 1619659698724_f20_AssertElementAttribute_passed] @29-04-2021 01:28:18.0798 A
[ReportManager] Successfully created attachment [Selenium WebDriver Logs - server] @29-04-2021 01:28:18.0810 AM
[ReportManager] Successfully created attachment [Selenium WebDriver Logs - performance] @29-04-2021 01:28:18.0829 AM
[ReportManager] Successfully created attachment [Selenium WebDriver Logs - browser] @29-04-2021 01:28:18.0834 AM
[ReportManager] Successfully created attachment [Selenium WebDriver Logs - driver] @29-04-2021 01:28:18.0905 AM
[ReportManager] Successfully Closed All Drivers. @29-04-2021 01:28:18.0981 A
[ReportManager] File Action [getAbsolutePath] successfully performed. With the following test data [Relative Folder Path: "target/downloadedFiles/"]. @29-04-2021 01:28:18.0984 AM
[ReportManager] Attempting to run remotely on: [Linux-64], [GoogleChrome], [http://localhost:4444/wd/hub], Headless Execution. @29-04-2021 01:28:18.0984 AM
[ReportManager] Successfully Opened [GoogleChrome]. @29-04-2021 01:28:19.0206 AM
[ReportManager] Target URL: [https://the-internet.herokuapp.com/] @29-04-2021 01:28:19.0220 AM
[ReportManager] Initial URL: [data:,] @29-04-2021 01:28:19.0265 AM
[ReportManager] Browser Action [navigateToURL] successfully performed. With the following test data [https://the-internet.herokuapp.com/]. @29-04-2021 01:28:20.0686 A

################################################################################################################################################
Starting Execution:	[33 out of 137] test cases in the current suite
Test Method:		[testPackage01.Test_NewValidationHelper.f21]
################################################################################################################################################
[ReportManager] Element Action [identifyUniqueElement] failed. With the following test data [zero elements found matching this locator "By.tagName: h3".]. @29-04-2021 01:28:46.0277 AM
[ReportManager] Successfully created attachment [Screenshot - 1619659726218_f21_identifyUniqueElement_failed] @29-04-2021 01:28:46.0278 AM
[ReportManager] AssertElementAttribute FAILED; Expected [Value Should be 'Welcome' for the 'text' attribute, element locator 'By.tagName: h3'] and Actual [Failed to read the desired element attribute]. Comparison Type [CONTAINS]. Validation Type [POSITIVE]. @29-04-2021 01:28:46.0279 A
[ReportManager] Successfully created attachment [Selenium WebDriver Logs - server] @29-04-2021 01:28:46.0294 AM
[ReportManager] Successfully created attachment [Selenium WebDriver Logs - performance] @29-04-2021 01:28:46.0322 AM
[ReportManager] Successfully created attachment [Selenium WebDriver Logs - browser] @29-04-2021 01:28:46.0329 AM
[ReportManager] Successfully created attachment [Selenium WebDriver Logs - driver] @29-04-2021 01:28:46.0397 AM
[ReportManager] Successfully Closed All Drivers. @29-04-2021 01:28:46.0471 A
[ReportManager] File Action [getAbsolutePath] successfully performed. With the following test data [Relative Folder Path: "target/downloadedFiles/"]. @29-04-2021 01:28:46.0474 AM
[ReportManager] Attempting to run remotely on: [Linux-64], [GoogleChrome], [http://localhost:4444/wd/hub], Headless Execution. @29-04-2021 01:28:46.0474 AM
[ReportManager] Successfully Opened [GoogleChrome]. @29-04-2021 01:28:46.0679 AM
[ReportManager] Target URL: [https://the-internet.herokuapp.com/] @29-04-2021 01:28:46.0689 AM
[ReportManager] Initial URL: [data:,] @29-04-2021 01:28:46.0731 AM
[ReportManager] Browser Action [navigateToURL] successfully performed. With the following test data [https://the-internet.herokuapp.com/]. @29-04-2021 01:28:47.0617 A

################################################################################################################################################
Starting Execution:	[34 out of 137] test cases in the current suite
Test Method:		[testPackage01.Test_NewValidationHelper.f22]
################################################################################################################################################
[ReportManager] Element Action [getText] successfully performed. With the following test data [Welcome to the-internet]. @29-04-2021 01:28:47.0708 AM
[ReportManager] Loaded Shared OpenCV @29-04-2021 01:28:47.0897 AM
[ReportManager] AssertElementAttribute FAILED; Expected [Value Should be 'yyy' for the 'text' attribute, element locator 'By.tagName: h1'] and Actual [Welcome to the-internet]. Comparison Type [CONTAINS]. Validation Type [POSITIVE]. @29-04-2021 01:28:48.0008 AM
[ReportManager] Successfully created attachment [Screenshot - 1619659727897_f22_AssertElementAttribute_failed] @29-04-2021 01:28:48.0009 A
[ReportManager] Successfully created attachment [Selenium WebDriver Logs - server] @29-04-2021 01:28:48.0029 AM
[ReportManager] Successfully created attachment [Selenium WebDriver Logs - performance] @29-04-2021 01:28:48.0060 AM
[ReportManager] Successfully created attachment [Selenium WebDriver Logs - browser] @29-04-2021 01:28:48.0067 AM
[ReportManager] Successfully created attachment [Selenium WebDriver Logs - driver] @29-04-2021 01:28:48.0125 AM
[ReportManager] Successfully Closed All Drivers. @29-04-2021 01:28:48.0208 A

################################################################################################################################################
Starting Execution:	[35 out of 137] test cases in the current suite
Test Method:		[testPackage01.Test_NewValidationHelper.f23]
################################################################################################################################################
[ReportManager] confirming that the actual is greater than or equal to the expected... @29-04-2021 01:28:48.0222 AM
[ReportManager] AssertComparativeRelation PASSED; Expected [1] and Actual [1]. Comparison Type [GREATER_THAN_OR_EQUALS]. Validation Type [POSITIVE]. @29-04-2021 01:28:48.0226 A

################################################################################################################################################
Starting Execution:	[36 out of 137] test cases in the current suite
Test Method:		[testPackage01.Test_NewValidationHelper.f24]
################################################################################################################################################
[ReportManager] AssertComparativeRelation PASSED; Expected [1] and Actual [10]. Comparison Type [GREATER_THAN_OR_EQUALS]. Validation Type [POSITIVE]. @29-04-2021 01:28:48.0231 A

################################################################################################################################################
Starting Execution:	[37 out of 137] test cases in the current suite
Test Method:		[testPackage01.Test_NewValidationHelper.f25]
################################################################################################################################################
[ReportManager] AssertComparativeRelation PASSED; Expected [1] and Actual [1]. Comparison Type [EQUALS]. Validation Type [POSITIVE]. @29-04-2021 01:28:48.0242 A

################################################################################################################################################
Starting Execution:	[38 out of 137] test cases in the current suite
Test Method:		[testPackage01.Test_NewValidationHelper.f26]
################################################################################################################################################
[ReportManager] AssertComparativeRelation PASSED; Expected [1] and Actual [5]. Comparison Type [GREATER_THAN]. Validation Type [POSITIVE]. @29-04-2021 01:28:48.0248 A

################################################################################################################################################
Starting Execution:	[39 out of 137] test cases in the current suite
Test Method:		[testPackage01.Test_NewValidationHelper.f27]
################################################################################################################################################
[ReportManager] AssertComparativeRelation PASSED; Expected [11] and Actual [5]. Comparison Type [LESS_THAN]. Validation Type [POSITIVE]. @29-04-2021 01:28:48.0255 A

################################################################################################################################################
Starting Execution:	[40 out of 137] test cases in the current suite
Test Method:		[testPackage01.Test_NewValidationHelper.f28]
################################################################################################################################################
[ReportManager] AssertComparativeRelation PASSED; Expected [11] and Actual [5]. Comparison Type [LESS_THAN_OR_EQUALS]. Validation Type [POSITIVE]. @29-04-2021 01:28:48.0257 A

################################################################################################################################################
Starting Execution:	[41 out of 137] test cases in the current suite
Test Method:		[testPackage01.Test_NewValidationHelper.f29]
################################################################################################################################################
[ReportManager] AssertComparativeRelation PASSED; Expected [11] and Actual [11]. Comparison Type [LESS_THAN_OR_EQUALS]. Validation Type [POSITIVE]. @29-04-2021 01:28:48.0261 A

################################################################################################################################################
Starting Execution:	[42 out of 137] test cases in the current suite
Test Method:		[testPackage01.Test_NewValidationHelper.f3]
################################################################################################################################################
[ReportManager] AssertEquals PASSED; Expected [1] and Actual [2]. Comparison Type [EQUALS]. Validation Type [NEGATIVE]. @29-04-2021 01:28:48.0273 A

################################################################################################################################################
Starting Execution:	[43 out of 137] test cases in the current suite
Test Method:		[testPackage01.Test_NewValidationHelper.f30]
################################################################################################################################################
[ReportManager] AssertComparativeRelation FAILED; Expected [-9] and Actual [11]. Comparison Type [LESS_THAN_OR_EQUALS]. Validation Type [POSITIVE]. @29-04-2021 01:28:48.0279 A

################################################################################################################################################
Starting Execution:	[44 out of 137] test cases in the current suite
Test Method:		[testPackage01.Test_NewValidationHelper.f31]
################################################################################################################################################
[ReportManager] AssertTrue PASSED; Expected [TRUE] and Actual [TRUE]. Validation Type [POSITIVE]. @29-04-2021 01:28:48.0291 A

################################################################################################################################################
Starting Execution:	[45 out of 137] test cases in the current suite
Test Method:		[testPackage01.Test_NewValidationHelper.f32]
################################################################################################################################################
[ReportManager] AssertTrue PASSED; Expected [FALSE] and Actual [FALSE]. Validation Type [NEGATIVE]. @29-04-2021 01:28:48.0295 A

################################################################################################################################################
Starting Execution:	[46 out of 137] test cases in the current suite
Test Method:		[testPackage01.Test_NewValidationHelper.f33]
################################################################################################################################################
[ReportManager] AssertTrue FAILED; Expected [FALSE] and Actual [TRUE]. Validation Type [NEGATIVE]. @29-04-2021 01:28:48.0299 A

################################################################################################################################################
Starting Execution:	[47 out of 137] test cases in the current suite
Test Method:		[testPackage01.Test_NewValidationHelper.f34]
################################################################################################################################################
[ReportManager] AssertTrue FAILED; Expected [TRUE] and Actual [FALSE]. Validation Type [POSITIVE]. @29-04-2021 01:28:48.0310 A

################################################################################################################################################
Starting Execution:	[48 out of 137] test cases in the current suite
Test Method:		[testPackage01.Test_NewValidationHelper.f35]
################################################################################################################################################
[ReportManager] File Action [doesFileExist] successfully performed. With the following test data [File Path: "pom.xml"]. @29-04-2021 01:28:48.0317 AM
[ReportManager] AssertFileExists PASSED; Expected [File 'pom.xml' should exist, after up to '1' retries] and Actual [File exists]. Validation Type [POSITIVE]. @29-04-2021 01:28:48.0335 A

################################################################################################################################################
Starting Execution:	[49 out of 137] test cases in the current suite
Test Method:		[testPackage01.Test_NewValidationHelper.f36]
################################################################################################################################################
[ReportManager] File Action [doesFileExist] successfully performed. With the following test data [File Path: "src/test/java/testPackage01/Test_NewValidationHelper.java"]. @29-04-2021 01:28:48.0345 AM
[ReportManager] AssertFileExists PASSED; Expected [File 'src/test/java/testPackage01/Test_NewValidationHelper.java' should exist, after up to '1' retries] and Actual [File exists]. Validation Type [POSITIVE]. @29-04-2021 01:28:48.0345 A

################################################################################################################################################
Starting Execution:	[50 out of 137] test cases in the current suite
Test Method:		[testPackage01.Test_NewValidationHelper.f37]
################################################################################################################################################
[ReportManager] confirming that the file does't exist after 5 retries... @29-04-2021 01:28:48.0353 AM
[ReportManager] File Action [doesFileExist] successfully performed. With the following test data [File Path: "pom.xml"]. @29-04-2021 01:28:48.0353 AM
[ReportManager] AssertFileExists FAILED; Expected [File 'pom.xml' should not exist, after up to '5' retries] and Actual [File exists]. Validation Type [NEGATIVE]. @29-04-2021 01:28:48.0355 A

################################################################################################################################################
Starting Execution:	[51 out of 137] test cases in the current suite
Test Method:		[testPackage01.Test_NewValidationHelper.f3_1]
################################################################################################################################################
[ReportManager] Checking valid user data... @29-04-2021 01:28:48.0362 AM
[ReportManager] AssertEquals PASSED; Expected [null] and Actual [null]. Comparison Type [EQUALS]. Validation Type [POSITIVE]. @29-04-2021 01:28:48.0362 A

################################################################################################################################################
Starting Execution:	[52 out of 137] test cases in the current suite
Test Method:		[testPackage01.Test_NewValidationHelper.f4]
################################################################################################################################################
[ReportManager] AssertEquals PASSED; Expected [1] and Actual [123]. Comparison Type [CONTAINS]. Validation Type [POSITIVE]. @29-04-2021 01:28:48.0369 A

################################################################################################################################################
Starting Execution:	[53 out of 137] test cases in the current suite
Test Method:		[testPackage01.Test_NewValidationHelper.f5]
################################################################################################################################################
[ReportManager] AssertNull PASSED; Expected [NULL] and Actual [1]. Comparison Type [EQUALS]. Validation Type [NEGATIVE]. @29-04-2021 01:28:48.0374 A

################################################################################################################################################
Starting Execution:	[54 out of 137] test cases in the current suite
Test Method:		[testPackage01.Test_NewValidationHelper.f6]
################################################################################################################################################
[ReportManager] Making sure that null string is not equal to null object... @29-04-2021 01:28:48.0378 AM
[ReportManager] AssertNull FAILED; Expected [NULL] and Actual [NULL]. Comparison Type [EQUALS]. Validation Type [POSITIVE]. @29-04-2021 01:28:48.0378 A

################################################################################################################################################
Starting Execution:	[55 out of 137] test cases in the current suite
Test Method:		[testPackage01.Test_NewValidationHelper.f6_1]
################################################################################################################################################
[ReportManager] AssertNull FAILED; Expected [NULL] and Actual [NULL]. Comparison Type [EQUALS]. Validation Type [NEGATIVE]. @29-04-2021 01:28:48.0386 A

################################################################################################################################################
Starting Execution:	[56 out of 137] test cases in the current suite
Test Method:		[testPackage01.Test_NewValidationHelper.f6_2]
################################################################################################################################################
[ReportManager] Making sure that null string is not equal to null object... @29-04-2021 01:28:48.0394 AM
[ReportManager] AssertNull FAILED; Expected [NULL] and Actual [not null]. Comparison Type [EQUALS]. Validation Type [POSITIVE]. @29-04-2021 01:28:48.0394 A

################################################################################################################################################
Starting Execution:	[57 out of 137] test cases in the current suite
Test Method:		[testPackage01.Test_NewValidationHelper.f7]
################################################################################################################################################
[ReportManager] AssertNull PASSED; Expected [NULL] and Actual [NULL]. Comparison Type [EQUALS]. Validation Type [POSITIVE]. @29-04-2021 01:28:48.0402 A
[ReportManager] File Action [getAbsolutePath] successfully performed. With the following test data [Relative Folder Path: "target/downloadedFiles/"]. @29-04-2021 01:28:48.0406 AM
[ReportManager] Attempting to run remotely on: [Linux-64], [GoogleChrome], [http://localhost:4444/wd/hub], Headless Execution. @29-04-2021 01:28:48.0407 AM
[ReportManager] Successfully Opened [GoogleChrome]. @29-04-2021 01:28:48.0756 AM
[ReportManager] Target URL: [https://the-internet.herokuapp.com/] @29-04-2021 01:28:48.0790 AM
[ReportManager] Initial URL: [data:,] @29-04-2021 01:28:48.0836 AM
[ReportManager] Browser Action [navigateToURL] successfully performed. With the following test data [https://the-internet.herokuapp.com/]. @29-04-2021 01:28:50.0267 A

################################################################################################################################################
Starting Execution:	[58 out of 137] test cases in the current suite
Test Method:		[testPackage01.Test_NewValidationHelper.f8]
################################################################################################################################################
[ReportManager] Loaded Shared OpenCV @29-04-2021 01:28:50.0507 AM
[ReportManager] AssertElementExists PASSED; Expected [Element Should Exist, locator 'By.tagName: h1'] and Actual [Element Exists]. Comparison Type [EQUALS]. Validation Type [POSITIVE]. @29-04-2021 01:28:50.0581 AM
[ReportManager] Successfully created attachment [Screenshot - 1619659730506_f8_AssertElementExists_passed] @29-04-2021 01:28:50.0582 A
[ReportManager] Successfully created attachment [Selenium WebDriver Logs - server] @29-04-2021 01:28:50.0597 AM
[ReportManager] Successfully created attachment [Selenium WebDriver Logs - performance] @29-04-2021 01:28:50.0620 AM
[ReportManager] Successfully created attachment [Selenium WebDriver Logs - browser] @29-04-2021 01:28:50.0626 AM
[ReportManager] Successfully created attachment [Selenium WebDriver Logs - driver] @29-04-2021 01:28:50.0695 AM
[ReportManager] Successfully Closed All Drivers. @29-04-2021 01:28:50.0781 A
[ReportManager] File Action [getAbsolutePath] successfully performed. With the following test data [Relative Folder Path: "target/downloadedFiles/"]. @29-04-2021 01:28:50.0783 AM
[ReportManager] Attempting to run remotely on: [Linux-64], [GoogleChrome], [http://localhost:4444/wd/hub], Headless Execution. @29-04-2021 01:28:50.0783 AM
[ReportManager] Successfully Opened [GoogleChrome]. @29-04-2021 01:28:51.0032 AM
[ReportManager] Target URL: [https://the-internet.herokuapp.com/] @29-04-2021 01:28:51.0043 AM
[ReportManager] Initial URL: [data:,] @29-04-2021 01:28:51.0088 AM
[ReportManager] Browser Action [navigateToURL] successfully performed. With the following test data [https://the-internet.herokuapp.com/]. @29-04-2021 01:28:52.0504 A

################################################################################################################################################
Starting Execution:	[59 out of 137] test cases in the current suite
Test Method:		[testPackage01.Test_NewValidationHelper.f9]
################################################################################################################################################
[ReportManager] AssertElementExists FAILED; Expected [Element Should Exist, locator 'By.tagName: h3'] and Actual [Element Doesn't Exists]. Comparison Type [EQUALS]. Validation Type [POSITIVE]. @29-04-2021 01:29:23.0186 AM
[ReportManager] Successfully created attachment [Screenshot - 1619659763129_f9_AssertElementExists_failed] @29-04-2021 01:29:23.0187 A
[ReportManager] Successfully created attachment [Selenium WebDriver Logs - server] @29-04-2021 01:29:23.0200 AM
[ReportManager] Successfully created attachment [Selenium WebDriver Logs - performance] @29-04-2021 01:29:23.0223 AM
[ReportManager] Successfully created attachment [Selenium WebDriver Logs - browser] @29-04-2021 01:29:23.0228 AM
[ReportManager] Successfully created attachment [Selenium WebDriver Logs - driver] @29-04-2021 01:29:23.0306 AM
[ReportManager] Successfully Closed All Drivers. @29-04-2021 01:29:23.0382 A

################################################################################################################################################
Starting Execution:	[60 out of 137] test cases in the current suite
Test Method:		[testPackage01.Test_NewValidationHelper.forceFail]
################################################################################################################################################
[ReportManager] AssertFail FAILED; Expected [null] and Actual [null]. @29-04-2021 01:29:23.0387 A

################################################################################################################################################
Starting Execution:	[61 out of 137] test cases in the current suite
Test Method:		[testPackage01.Test_NewValidationHelper.forceFail2]
################################################################################################################################################
[ReportManager] Custom Message... @29-04-2021 01:29:23.0393 AM
[ReportManager] AssertFail FAILED; Expected [null] and Actual [null]. @29-04-2021 01:29:23.0393 A
[ReportManager] Successfully loaded the following test data file [src/test/resources/TestDataFiles/testSuite01/TestData.xlsx]. @29-04-2021 01:29:24.0231 AM
[ReportManager] Successfully created attachment [Test Data - Excel] @29-04-2021 01:29:24.0232 AM
[ReportManager] File Action [getAbsolutePath] successfully performed. With the following test data [Relative Folder Path: "target/downloadedFiles/"]. @29-04-2021 01:29:24.0232 AM
[ReportManager] Attempting to run remotely on: [Linux-64], [GoogleChrome], [http://localhost:4444/wd/hub], Headless Execution. @29-04-2021 01:29:24.0232 AM
[ReportManager] Successfully Opened [GoogleChrome]. @29-04-2021 01:29:24.0535 A

################################################################################################################################################
Starting Execution:	[62 out of 137] test cases in the current suite
Test Method:		[testPackage01.Test_google.navigateToURLandVerifyGoogleLogoIsDisplayed]
Test Description:	[TC001 - Navigate to URL and Verify Google Logo is Displayed]
################################################################################################################################################
[ReportManager] Target URL: [https://www.google.com/ncr], and after redirection: [https://www.google.com] @29-04-2021 01:29:24.0558 AM
[ReportManager] Initial URL: [data:,] @29-04-2021 01:29:24.0636 AM
[ReportManager] Browser Action [navigateToURL] successfully performed. With the following test data [https://www.google.com/ncr]. @29-04-2021 01:29:25.0697 AM
[ReportManager] Loaded Shared OpenCV @29-04-2021 01:29:25.0891 AM
[ReportManager] AssertElementExists PASSED; Expected [Element Should Exist, locator 'By.xpath: //img[@id='hplogo' or @alt='Google']'] and Actual [Element Exists]. Comparison Type [EQUALS]. Validation Type [POSITIVE]. @29-04-2021 01:29:25.0971 AM
[ReportManager] Successfully created attachment [Screenshot - 1619659765891_navigateToURLandVerifyGoogleLogoIsDisplayed_AssertElementExists_passed] @29-04-2021 01:29:25.0971 A

################################################################################################################################################
Starting Execution:	[63 out of 137] test cases in the current suite
Test Method:		[testPackage01.Test_google.searchForQueryandAssertResultsNumDisplayed]
Test Description:	[TC002 - Search for Query and Assert that the number of results is displayed]
################################################################################################################################################
[ReportManager] Element Action [type] successfully performed. With the following test data [SHAFT_Engine]. @29-04-2021 01:29:26.0629 AM
[ReportManager] Element Action [keyPress] successfully performed. With the following test data [Enter]. @29-04-2021 01:29:28.0388 AM
[ReportManager] Element Action [getText] successfully performed. With the following test data [About 3,910,000 results (0.83 seconds) ]. @29-04-2021 01:29:28.0482 AM
[ReportManager] Loaded Shared OpenCV @29-04-2021 01:29:28.0654 AM
[ReportManager] AssertElementAttribute PASSED; Expected [Value Should not be '' for the 'Text' attribute, element locator 'By.id: appbar'] and Actual [About 3,910,000 results (0.83 seconds) ]. Comparison Type [EQUALS]. Validation Type [NEGATIVE]. @29-04-2021 01:29:28.0732 AM
[ReportManager] Successfully created attachment [Screenshot - 1619659768652_searchForQueryandAssertResultsNumDisplayed_AssertElementAttribute_passed] @29-04-2021 01:29:28.0734 A

################################################################################################################################################
Starting Execution:	[64 out of 137] test cases in the current suite
Test Method:		[testPackage01.Test_google.clickNextThrice]
Test Description:	[TC003 - Clicks the next button to make sure that the framework can scroll element into view before clicking it]
################################################################################################################################################
[ReportManager] Element Action [click] successfully performed. With the following test data [Next]. @29-04-2021 01:29:30.0615 A
[ReportManager] Successfully created attachment [Selenium WebDriver Logs - server] @29-04-2021 01:29:30.0785 AM
[ReportManager] Successfully created attachment [Selenium WebDriver Logs - performance] @29-04-2021 01:29:31.0040 AM
[ReportManager] Successfully created attachment [Selenium WebDriver Logs - driver] @29-04-2021 01:29:31.0513 AM
[ReportManager] Browser Action [closeCurrentWindow] successfully performed. @29-04-2021 01:29:31.0577 AM
[ReportManager] Successfully created attachment [Browser Action Test Data - closeCurrentWindow - Actual Value] @29-04-2021 01:29:31.0578 A

################################################################################################################################################
Starting Execution:	[65 out of 137] test cases in the current suite
Test Method:		[testPackage01.Test_testData.f]
################################################################################################################################################
[ReportManager] Successfully loaded the following test data file [src/test/resources/TestDataFiles/testSuite01/TestData.xlsx]. @29-04-2021 01:29:31.0613 AM
[ReportManager] Successfully created attachment [Test Data - Excel] @29-04-2021 01:29:31.0613 AM
[ReportManager] Last Column Number is: [3]. Zero-based. @29-04-2021 01:29:31.0614 A

################################################################################################################################################
Starting Execution:	[66 out of 137] test cases in the current suite
Test Method:		[testPackage01.Test_JsonActions.f]
###############################################################################################################################################

################################################################################################################################################
Starting Execution:	[67 out of 137] test cases in the current suite
Test Method:		[testPackage01.Test_JsonActions.f2]
###############################################################################################################################################

################################################################################################################################################
Starting Execution:	[68 out of 137] test cases in the current suite
Test Method:		[testPackage01.Test_JsonCompareWithSpecialCharacters.specialCharacters]
################################################################################################################################################
[ReportManager] File Action [getAbsolutePath] successfully performed. With the following test data [Relative Folder Path: "src/test/resources/TestJsonFiles/specialCharacters.json"]. @29-04-2021 01:29:31.0715 AM
[ReportManager] File Action [readFromFile] successfully performed. With the following test data [File Path: "/home/runner/work/SHAFT_ENGINE/SHAFT_ENGINE/src/test/resources/TestJsonFiles/specialCharacters.json"]. @29-04-2021 01:29:31.0720 AM
[ReportManager] Successfully created attachment [File Action Actual Result - Command Log] @29-04-2021 01:29:31.0721 AM
[ReportManager] Comparing the provided API response with the file at this path "src/test/resources/TestJsonFiles/specialCharacters.json", comparison type "EQUALS" @29-04-2021 01:29:31.0801 AM
[ReportManager] API Action [compareJSON] successfully performed. With the following test data [src/test/resources/TestJsonFiles/specialCharacters.json]. @29-04-2021 01:29:31.0882 AM
[ReportManager] File Action [getAbsolutePath] successfully performed. With the following test data [Relative Folder Path: "src/test/resources/TestJsonFiles/specialCharacters.json"]. @29-04-2021 01:29:31.0882 AM
[ReportManager] File Action [readFromFile] successfully performed. With the following test data [File Path: "/home/runner/work/SHAFT_ENGINE/SHAFT_ENGINE/src/test/resources/TestJsonFiles/specialCharacters.json"]. @29-04-2021 01:29:31.0882 AM
[ReportManager] VerifyJSONFileContent PASSED; Expected [Response data should match the JSON File in this path 'src/test/resources/TestJsonFiles/specialCharacters.json'] and Actual [TRUE]. Comparison Type [EQUALS]. Validation Type [POSITIVE]. @29-04-2021 01:29:31.0889 AM
[ReportManager] Successfully created attachment [Validation Test Data - Expected JSON Value] @29-04-2021 01:29:31.0890 AM
[ReportManager] Successfully created attachment [Validation Test Data - Actual JSON Value] @29-04-2021 01:29:31.0890 A

################################################################################################################################################
Starting Execution:	[69 out of 137] test cases in the current suite
Test Method:		[testPackage01.Test_JsonCompareWithSpecialCharacters.specialCharacters_assertion]
################################################################################################################################################
[ReportManager] File Action [getAbsolutePath] successfully performed. With the following test data [Relative Folder Path: "src/test/resources/TestJsonFiles/specialCharacters.json"]. @29-04-2021 01:29:31.0902 AM
[ReportManager] File Action [readFromFile] successfully performed. With the following test data [File Path: "/home/runner/work/SHAFT_ENGINE/SHAFT_ENGINE/src/test/resources/TestJsonFiles/specialCharacters.json"]. @29-04-2021 01:29:31.0902 AM
[ReportManager] Successfully created attachment [File Action Actual Result - Command Log] @29-04-2021 01:29:31.0903 AM
[ReportManager] trying out the log message... @29-04-2021 01:29:31.0903 AM
[ReportManager] Comparing the provided API response with the file at this path "src/test/resources/TestJsonFiles/specialCharacters.json", comparison type "CONTAINS" @29-04-2021 01:29:31.0903 AM
[ReportManager] API Action [compareJSON] successfully performed. With the following test data [src/test/resources/TestJsonFiles/specialCharacters.json]. @29-04-2021 01:29:31.0913 AM
[ReportManager] File Action [getAbsolutePath] successfully performed. With the following test data [Relative Folder Path: "src/test/resources/TestJsonFiles/specialCharacters.json"]. @29-04-2021 01:29:31.0913 AM
[ReportManager] File Action [readFromFile] successfully performed. With the following test data [File Path: "/home/runner/work/SHAFT_ENGINE/SHAFT_ENGINE/src/test/resources/TestJsonFiles/specialCharacters.json"]. @29-04-2021 01:29:31.0914 AM
[ReportManager] AssertJSONFileContent PASSED; Expected [Response data should match the JSON File in this path 'src/test/resources/TestJsonFiles/specialCharacters.json'] and Actual [TRUE]. Comparison Type [CONTAINS]. Validation Type [POSITIVE]. @29-04-2021 01:29:31.0918 AM
[ReportManager] Successfully created attachment [Validation Test Data - Expected JSON Value] @29-04-2021 01:29:31.0918 AM
[ReportManager] Successfully created attachment [Validation Test Data - Actual JSON Value] @29-04-2021 01:29:31.0919 A

################################################################################################################################################
Starting Execution:	[70 out of 137] test cases in the current suite
Test Method:		[unitTests.tests_validations_assertions.assertComparativeRelation_greaterThanOrEquals_false_equals_expectedToFail]
################################################################################################################################################
[ReportManager] AssertComparativeRelation FAILED; Expected [1] and Actual [1]. Comparison Type [GREATER_THAN_OR_EQUALS]. Validation Type [NEGATIVE]. @29-04-2021 01:29:31.0929 A

################################################################################################################################################
Starting Execution:	[71 out of 137] test cases in the current suite
Test Method:		[unitTests.tests_validations_assertions.assertComparativeRelation_greaterThanOrEquals_false_equals_expectedToPass]
################################################################################################################################################
[ReportManager] AssertComparativeRelation PASSED; Expected [2] and Actual [1]. Comparison Type [GREATER_THAN_OR_EQUALS]. Validation Type [NEGATIVE]. @29-04-2021 01:29:31.0932 A

################################################################################################################################################
Starting Execution:	[72 out of 137] test cases in the current suite
Test Method:		[unitTests.tests_validations_assertions.assertComparativeRelation_greaterThanOrEquals_false_greaterThan_expectedToFail]
################################################################################################################################################
[ReportManager] AssertComparativeRelation FAILED; Expected [1] and Actual [2]. Comparison Type [GREATER_THAN_OR_EQUALS]. Validation Type [NEGATIVE]. @29-04-2021 01:29:31.0936 A

################################################################################################################################################
Starting Execution:	[73 out of 137] test cases in the current suite
Test Method:		[unitTests.tests_validations_assertions.assertComparativeRelation_greaterThanOrEquals_false_greaterThan_expectedToPass]
################################################################################################################################################
[ReportManager] AssertComparativeRelation PASSED; Expected [2] and Actual [1]. Comparison Type [GREATER_THAN_OR_EQUALS]. Validation Type [NEGATIVE]. @29-04-2021 01:29:31.0941 A

################################################################################################################################################
Starting Execution:	[74 out of 137] test cases in the current suite
Test Method:		[unitTests.tests_validations_assertions.assertComparativeRelation_greaterThanOrEquals_true_equals_expectedToFail]
################################################################################################################################################
[ReportManager] AssertComparativeRelation FAILED; Expected [1] and Actual [0]. Comparison Type [GREATER_THAN_OR_EQUALS]. Validation Type [POSITIVE]. @29-04-2021 01:29:31.0945 A

################################################################################################################################################
Starting Execution:	[75 out of 137] test cases in the current suite
Test Method:		[unitTests.tests_validations_assertions.assertComparativeRelation_greaterThanOrEquals_true_equals_expectedToPass]
################################################################################################################################################
[ReportManager] AssertComparativeRelation PASSED; Expected [1] and Actual [1]. Comparison Type [GREATER_THAN_OR_EQUALS]. Validation Type [POSITIVE]. @29-04-2021 01:29:31.0950 A

################################################################################################################################################
Starting Execution:	[76 out of 137] test cases in the current suite
Test Method:		[unitTests.tests_validations_assertions.assertComparativeRelation_greaterThanOrEquals_true_greaterThan_expectedToFail]
################################################################################################################################################
[ReportManager] AssertComparativeRelation FAILED; Expected [2] and Actual [1]. Comparison Type [GREATER_THAN_OR_EQUALS]. Validation Type [POSITIVE]. @29-04-2021 01:29:31.0954 A

################################################################################################################################################
Starting Execution:	[77 out of 137] test cases in the current suite
Test Method:		[unitTests.tests_validations_assertions.assertComparativeRelation_greaterThanOrEquals_true_greaterThan_expectedToPass]
################################################################################################################################################
[ReportManager] AssertComparativeRelation PASSED; Expected [1] and Actual [2]. Comparison Type [GREATER_THAN_OR_EQUALS]. Validation Type [POSITIVE]. @29-04-2021 01:29:31.0958 A
[ReportManager] File Action [getAbsolutePath] successfully performed. With the following test data [Relative Folder Path: "target/downloadedFiles/"]. @29-04-2021 01:29:31.0962 AM
[ReportManager] Attempting to run remotely on: [Linux-64], [GoogleChrome], [http://localhost:4444/wd/hub], Headless Execution. @29-04-2021 01:29:31.0962 AM
[ReportManager] Successfully Opened [GoogleChrome]. @29-04-2021 01:29:32.0231 AM
[ReportManager] Target URL: [https://www.google.com/ncr], and after redirection: [www.google.com] @29-04-2021 01:29:32.0243 AM
[ReportManager] Initial URL: [data:,] @29-04-2021 01:29:32.0301 AM
[ReportManager] Browser Action [navigateToURL] successfully performed. With the following test data [https://www.google.com/ncr]. @29-04-2021 01:29:33.0214 A

################################################################################################################################################
Starting Execution:	[78 out of 137] test cases in the current suite
Test Method:		[unitTests.tests_validations_assertions.assertElementAttribute_false_caseInsensitiveComparison_expectedToFail]
################################################################################################################################################
[ReportManager] Element Action [type] successfully performed. With the following test data [AUTOMATION]. @29-04-2021 01:29:33.0804 AM
[ReportManager] Element Action [getText] successfully performed. With the following test data [AUTOMATION]. @29-04-2021 01:29:33.0920 AM
[ReportManager] Loaded Shared OpenCV @29-04-2021 01:29:34.0069 AM
[ReportManager] AssertElementAttribute FAILED; Expected [Value Should not be 'AutomaTion' for the 'text' attribute, element locator 'By.name: q'] and Actual [AUTOMATION]. Comparison Type [CASE_INSENSITIVE]. Validation Type [NEGATIVE]. @29-04-2021 01:29:34.0135 AM
[ReportManager] Successfully created attachment [Screenshot - 1619659774069_assertElementAttribute_false_caseInsensitiveComparison_expectedToFail_AssertElementAttribute_failed] @29-04-2021 01:29:34.0136 A
[ReportManager] Successfully created attachment [Selenium WebDriver Logs - server] @29-04-2021 01:29:34.0211 AM
[ReportManager] Successfully created attachment [Selenium WebDriver Logs - performance] @29-04-2021 01:29:34.0302 AM
[ReportManager] Successfully created attachment [Selenium WebDriver Logs - driver] @29-04-2021 01:29:34.0428 AM
[ReportManager] Browser Action [closeCurrentWindow] successfully performed. @29-04-2021 01:29:34.0485 AM
[ReportManager] Successfully created attachment [Browser Action Test Data - closeCurrentWindow - Actual Value] @29-04-2021 01:29:34.0486 A
[ReportManager] File Action [getAbsolutePath] successfully performed. With the following test data [Relative Folder Path: "target/downloadedFiles/"]. @29-04-2021 01:29:34.0489 AM
[ReportManager] Attempting to run remotely on: [Linux-64], [GoogleChrome], [http://localhost:4444/wd/hub], Headless Execution. @29-04-2021 01:29:34.0489 AM
[ReportManager] Successfully Opened [GoogleChrome]. @29-04-2021 01:29:34.0749 AM
[ReportManager] Target URL: [https://www.google.com/ncr], and after redirection: [www.google.com] @29-04-2021 01:29:34.0767 AM
[ReportManager] Initial URL: [data:,] @29-04-2021 01:29:34.0805 AM
[ReportManager] Browser Action [navigateToURL] successfully performed. With the following test data [https://www.google.com/ncr]. @29-04-2021 01:29:35.0715 A

################################################################################################################################################
Starting Execution:	[79 out of 137] test cases in the current suite
Test Method:		[unitTests.tests_validations_assertions.assertElementAttribute_false_caseInsensitiveComparison_expectedToPass]
################################################################################################################################################
[ReportManager] Element Action [type] successfully performed. With the following test data [AUTOMATION]. @29-04-2021 01:29:36.0327 AM
[ReportManager] Element Action [getText] successfully performed. With the following test data [AUTOMATION]. @29-04-2021 01:29:36.0437 AM
[ReportManager] Loaded Shared OpenCV @29-04-2021 01:29:36.0585 AM
[ReportManager] AssertElementAttribute PASSED; Expected [Value Should not be 'AutomaTion123' for the 'text' attribute, element locator 'By.name: q'] and Actual [AUTOMATION]. Comparison Type [CASE_INSENSITIVE]. Validation Type [NEGATIVE]. @29-04-2021 01:29:36.0656 AM
[ReportManager] Successfully created attachment [Screenshot - 1619659776585_assertElementAttribute_false_caseInsensitiveComparison_expectedToPass_AssertElementAttribute_passed] @29-04-2021 01:29:36.0657 A
[ReportManager] Successfully created attachment [Selenium WebDriver Logs - server] @29-04-2021 01:29:36.0733 AM
[ReportManager] Successfully created attachment [Selenium WebDriver Logs - performance] @29-04-2021 01:29:36.0828 AM
[ReportManager] Successfully created attachment [Selenium WebDriver Logs - driver] @29-04-2021 01:29:36.0995 AM
[ReportManager] Browser Action [closeCurrentWindow] successfully performed. @29-04-2021 01:29:37.0053 AM
[ReportManager] Successfully created attachment [Browser Action Test Data - closeCurrentWindow - Actual Value] @29-04-2021 01:29:37.0053 A
[ReportManager] File Action [getAbsolutePath] successfully performed. With the following test data [Relative Folder Path: "target/downloadedFiles/"]. @29-04-2021 01:29:37.0056 AM
[ReportManager] Attempting to run remotely on: [Linux-64], [GoogleChrome], [http://localhost:4444/wd/hub], Headless Execution. @29-04-2021 01:29:37.0056 AM
[ReportManager] Successfully Opened [GoogleChrome]. @29-04-2021 01:29:37.0296 AM
[ReportManager] Target URL: [https://www.google.com/ncr], and after redirection: [www.google.com] @29-04-2021 01:29:37.0306 AM
[ReportManager] Initial URL: [data:,] @29-04-2021 01:29:37.0348 AM
[ReportManager] Browser Action [navigateToURL] successfully performed. With the following test data [https://www.google.com/ncr]. @29-04-2021 01:29:38.0227 A

################################################################################################################################################
Starting Execution:	[80 out of 137] test cases in the current suite
Test Method:		[unitTests.tests_validations_assertions.assertElementAttribute_false_containsComparison_expectedToFail]
################################################################################################################################################
[ReportManager] Element Action [type] successfully performed. With the following test data [Automation123]. @29-04-2021 01:29:38.0805 AM
[ReportManager] Element Action [getText] successfully performed. With the following test data [Automation123]. @29-04-2021 01:29:38.0896 AM
[ReportManager] Loaded Shared OpenCV @29-04-2021 01:29:39.0041 AM
[ReportManager] AssertElementAttribute FAILED; Expected [Value Should not be 'Automation' for the 'text' attribute, element locator 'By.name: q'] and Actual [Automation123]. Comparison Type [CONTAINS]. Validation Type [NEGATIVE]. @29-04-2021 01:29:39.0123 AM
[ReportManager] Successfully created attachment [Screenshot - 1619659779041_assertElementAttribute_false_containsComparison_expectedToFail_AssertElementAttribute_failed] @29-04-2021 01:29:39.0125 A
[ReportManager] Successfully created attachment [Selenium WebDriver Logs - server] @29-04-2021 01:29:39.0206 AM
[ReportManager] Successfully created attachment [Selenium WebDriver Logs - performance] @29-04-2021 01:29:39.0302 AM
[ReportManager] Successfully created attachment [Selenium WebDriver Logs - driver] @29-04-2021 01:29:39.0423 AM
[ReportManager] Browser Action [closeCurrentWindow] successfully performed. @29-04-2021 01:29:39.0480 AM
[ReportManager] Successfully created attachment [Browser Action Test Data - closeCurrentWindow - Actual Value] @29-04-2021 01:29:39.0480 A
[ReportManager] File Action [getAbsolutePath] successfully performed. With the following test data [Relative Folder Path: "target/downloadedFiles/"]. @29-04-2021 01:29:39.0483 AM
[ReportManager] Attempting to run remotely on: [Linux-64], [GoogleChrome], [http://localhost:4444/wd/hub], Headless Execution. @29-04-2021 01:29:39.0483 AM
[ReportManager] Successfully Opened [GoogleChrome]. @29-04-2021 01:29:39.0734 AM
[ReportManager] Target URL: [https://www.google.com/ncr], and after redirection: [www.google.com] @29-04-2021 01:29:39.0747 AM
[ReportManager] Initial URL: [data:,] @29-04-2021 01:29:39.0792 AM
[ReportManager] Browser Action [navigateToURL] successfully performed. With the following test data [https://www.google.com/ncr]. @29-04-2021 01:29:40.0686 A

################################################################################################################################################
Starting Execution:	[81 out of 137] test cases in the current suite
Test Method:		[unitTests.tests_validations_assertions.assertElementAttribute_false_containsComparison_expectedToPass]
################################################################################################################################################
[ReportManager] Element Action [type] successfully performed. With the following test data [Automation123]. @29-04-2021 01:29:41.0279 AM
[ReportManager] Element Action [getText] successfully performed. With the following test data [Automation123]. @29-04-2021 01:29:41.0419 AM
[ReportManager] Loaded Shared OpenCV @29-04-2021 01:29:41.0561 AM
[ReportManager] AssertElementAttribute PASSED; Expected [Value Should not be 'Automation1234' for the 'text' attribute, element locator 'By.name: q'] and Actual [Automation123]. Comparison Type [CONTAINS]. Validation Type [NEGATIVE]. @29-04-2021 01:29:41.0630 AM
[ReportManager] Successfully created attachment [Screenshot - 1619659781561_assertElementAttribute_false_containsComparison_expectedToPass_AssertElementAttribute_passed] @29-04-2021 01:29:41.0631 A
[ReportManager] Successfully created attachment [Selenium WebDriver Logs - server] @29-04-2021 01:29:41.0705 AM
[ReportManager] Successfully created attachment [Selenium WebDriver Logs - performance] @29-04-2021 01:29:41.0798 AM
[ReportManager] Successfully created attachment [Selenium WebDriver Logs - driver] @29-04-2021 01:29:41.0922 AM
[ReportManager] Browser Action [closeCurrentWindow] successfully performed. @29-04-2021 01:29:41.0980 AM
[ReportManager] Successfully created attachment [Browser Action Test Data - closeCurrentWindow - Actual Value] @29-04-2021 01:29:41.0980 A
[ReportManager] File Action [getAbsolutePath] successfully performed. With the following test data [Relative Folder Path: "target/downloadedFiles/"]. @29-04-2021 01:29:41.0983 AM
[ReportManager] Attempting to run remotely on: [Linux-64], [GoogleChrome], [http://localhost:4444/wd/hub], Headless Execution. @29-04-2021 01:29:41.0984 AM
[ReportManager] Successfully Opened [GoogleChrome]. @29-04-2021 01:29:42.0192 AM
[ReportManager] Target URL: [https://www.google.com/ncr], and after redirection: [www.google.com] @29-04-2021 01:29:42.0236 AM
[ReportManager] Initial URL: [data:,] @29-04-2021 01:29:42.0308 AM
[ReportManager] Browser Action [navigateToURL] successfully performed. With the following test data [https://www.google.com/ncr]. @29-04-2021 01:29:43.0174 A

################################################################################################################################################
Starting Execution:	[82 out of 137] test cases in the current suite
Test Method:		[unitTests.tests_validations_assertions.assertElementAttribute_false_literalComparison_expectedToFail]
################################################################################################################################################
[ReportManager] Element Action [type] successfully performed. With the following test data [Automation!@#$%^&*()_+{}[]\';/.,]. @29-04-2021 01:29:44.0510 AM
[ReportManager] Element Action [getText] successfully performed. With the following test data [Automation!@#$%^&*()_+{}[]\';/.,]. @29-04-2021 01:29:44.0632 AM
[ReportManager] Loaded Shared OpenCV @29-04-2021 01:29:44.0792 AM
[ReportManager] AssertElementAttribute PASSED; Expected [Value Should not be 'Automation!@#$%^&*()_+{}[]\\';/.,' for the 'text' attribute, element locator 'By.name: q'] and Actual [Automation!@#$%^&*()_+{}[]\';/.,]. Comparison Type [EQUALS]. Validation Type [NEGATIVE]. @29-04-2021 01:29:44.0872 AM
[ReportManager] Successfully created attachment [Screenshot - 1619659784792_assertElementAttribute_false_literalComparison_expectedToFail_AssertElementAttribute_passed] @29-04-2021 01:29:44.0873 A
[ReportManager] Successfully created attachment [Selenium WebDriver Logs - server] @29-04-2021 01:29:44.0955 AM
[ReportManager] Successfully created attachment [Selenium WebDriver Logs - performance] @29-04-2021 01:29:45.0116 AM
[ReportManager] Successfully created attachment [Selenium WebDriver Logs - driver] @29-04-2021 01:29:45.0274 AM
[ReportManager] Browser Action [closeCurrentWindow] successfully performed. @29-04-2021 01:29:45.0332 AM
[ReportManager] Successfully created attachment [Browser Action Test Data - closeCurrentWindow - Actual Value] @29-04-2021 01:29:45.0333 A
[ReportManager] File Action [getAbsolutePath] successfully performed. With the following test data [Relative Folder Path: "target/downloadedFiles/"]. @29-04-2021 01:29:45.0336 AM
[ReportManager] Attempting to run remotely on: [Linux-64], [GoogleChrome], [http://localhost:4444/wd/hub], Headless Execution. @29-04-2021 01:29:45.0336 AM
[ReportManager] Successfully Opened [GoogleChrome]. @29-04-2021 01:29:45.0544 AM
[ReportManager] Target URL: [https://www.google.com/ncr], and after redirection: [www.google.com] @29-04-2021 01:29:45.0558 AM
[ReportManager] Initial URL: [data:,] @29-04-2021 01:29:45.0603 AM
[ReportManager] Browser Action [navigateToURL] successfully performed. With the following test data [https://www.google.com/ncr]. @29-04-2021 01:29:46.0503 A

################################################################################################################################################
Starting Execution:	[83 out of 137] test cases in the current suite
Test Method:		[unitTests.tests_validations_assertions.assertElementAttribute_false_literalComparison_expectedToPass]
################################################################################################################################################
[ReportManager] Element Action [type] successfully performed. With the following test data [Automation!@#$%^&*()_+{}[]\';/.,]. @29-04-2021 01:29:47.0812 AM
[ReportManager] Element Action [getText] successfully performed. With the following test data [Automation!@#$%^&*()_+{}[]\';/.,]. @29-04-2021 01:29:47.0903 AM
[ReportManager] Loaded Shared OpenCV @29-04-2021 01:29:48.0064 AM
[ReportManager] AssertElementAttribute PASSED; Expected [Value Should not be 'Automation' for the 'text' attribute, element locator 'By.name: q'] and Actual [Automation!@#$%^&*()_+{}[]\';/.,]. Comparison Type [EQUALS]. Validation Type [NEGATIVE]. @29-04-2021 01:29:48.0140 AM
[ReportManager] Successfully created attachment [Screenshot - 1619659788064_assertElementAttribute_false_literalComparison_expectedToPass_AssertElementAttribute_passed] @29-04-2021 01:29:48.0141 A
[ReportManager] Successfully created attachment [Selenium WebDriver Logs - server] @29-04-2021 01:29:48.0226 AM
[ReportManager] Successfully created attachment [Selenium WebDriver Logs - performance] @29-04-2021 01:29:48.0408 AM
[ReportManager] Successfully created attachment [Selenium WebDriver Logs - driver] @29-04-2021 01:29:48.0571 AM
[ReportManager] Browser Action [closeCurrentWindow] successfully performed. @29-04-2021 01:29:48.0627 AM
[ReportManager] Successfully created attachment [Browser Action Test Data - closeCurrentWindow - Actual Value] @29-04-2021 01:29:48.0627 A
[ReportManager] File Action [getAbsolutePath] successfully performed. With the following test data [Relative Folder Path: "target/downloadedFiles/"]. @29-04-2021 01:29:48.0631 AM
[ReportManager] Attempting to run remotely on: [Linux-64], [GoogleChrome], [http://localhost:4444/wd/hub], Headless Execution. @29-04-2021 01:29:48.0631 AM
[ReportManager] Successfully Opened [GoogleChrome]. @29-04-2021 01:29:48.0865 AM
[ReportManager] Target URL: [https://www.google.com/ncr], and after redirection: [www.google.com] @29-04-2021 01:29:48.0875 AM
[ReportManager] Initial URL: [data:,] @29-04-2021 01:29:48.0923 AM
[ReportManager] Browser Action [navigateToURL] successfully performed. With the following test data [https://www.google.com/ncr]. @29-04-2021 01:29:49.0798 A

################################################################################################################################################
Starting Execution:	[84 out of 137] test cases in the current suite
Test Method:		[unitTests.tests_validations_assertions.assertElementAttribute_false_regexComparison_expectedToFail]
################################################################################################################################################
[ReportManager] Element Action [type] successfully performed. With the following test data [Automation123]. @29-04-2021 01:29:50.0373 AM
[ReportManager] Element Action [getText] successfully performed. With the following test data [Automation123]. @29-04-2021 01:29:50.0470 AM
[ReportManager] Loaded Shared OpenCV @29-04-2021 01:29:50.0611 AM
[ReportManager] AssertElementAttribute FAILED; Expected [Value Should not be 'Automation.*' for the 'text' attribute, element locator 'By.name: q'] and Actual [Automation123]. Comparison Type [MATCHES]. Validation Type [NEGATIVE]. @29-04-2021 01:29:50.0680 AM
[ReportManager] Successfully created attachment [Screenshot - 1619659790611_assertElementAttribute_false_regexComparison_expectedToFail_AssertElementAttribute_failed] @29-04-2021 01:29:50.0684 A
[ReportManager] Successfully created attachment [Selenium WebDriver Logs - server] @29-04-2021 01:29:50.0759 AM
[ReportManager] Successfully created attachment [Selenium WebDriver Logs - performance] @29-04-2021 01:29:50.0860 AM
[ReportManager] Successfully created attachment [Selenium WebDriver Logs - driver] @29-04-2021 01:29:50.0988 AM
[ReportManager] Browser Action [closeCurrentWindow] successfully performed. @29-04-2021 01:29:51.0045 AM
[ReportManager] Successfully created attachment [Browser Action Test Data - closeCurrentWindow - Actual Value] @29-04-2021 01:29:51.0046 A
[ReportManager] File Action [getAbsolutePath] successfully performed. With the following test data [Relative Folder Path: "target/downloadedFiles/"]. @29-04-2021 01:29:51.0048 AM
[ReportManager] Attempting to run remotely on: [Linux-64], [GoogleChrome], [http://localhost:4444/wd/hub], Headless Execution. @29-04-2021 01:29:51.0049 AM
[ReportManager] Successfully Opened [GoogleChrome]. @29-04-2021 01:29:51.0286 AM
[ReportManager] Target URL: [https://www.google.com/ncr], and after redirection: [www.google.com] @29-04-2021 01:29:51.0297 AM
[ReportManager] Initial URL: [data:,] @29-04-2021 01:29:51.0355 AM
[ReportManager] Browser Action [navigateToURL] successfully performed. With the following test data [https://www.google.com/ncr]. @29-04-2021 01:29:52.0232 A

################################################################################################################################################
Starting Execution:	[85 out of 137] test cases in the current suite
Test Method:		[unitTests.tests_validations_assertions.assertElementAttribute_false_regexComparison_expectedToPass]
################################################################################################################################################
[ReportManager] Element Action [type] successfully performed. With the following test data [Automation123]. @29-04-2021 01:29:52.0836 AM
[ReportManager] Element Action [getText] successfully performed. With the following test data [Automation123]. @29-04-2021 01:29:52.0957 AM
[ReportManager] Loaded Shared OpenCV @29-04-2021 01:29:53.0090 AM
[ReportManager] AssertElementAttribute PASSED; Expected [Value Should not be 'Automation' for the 'text' attribute, element locator 'By.name: q'] and Actual [Automation123]. Comparison Type [MATCHES]. Validation Type [NEGATIVE]. @29-04-2021 01:29:53.0173 AM
[ReportManager] Successfully created attachment [Screenshot - 1619659793090_assertElementAttribute_false_regexComparison_expectedToPass_AssertElementAttribute_passed] @29-04-2021 01:29:53.0173 A
[ReportManager] Successfully created attachment [Selenium WebDriver Logs - server] @29-04-2021 01:29:53.0254 AM
[ReportManager] Successfully created attachment [Selenium WebDriver Logs - performance] @29-04-2021 01:29:53.0342 AM
[ReportManager] Successfully created attachment [Selenium WebDriver Logs - driver] @29-04-2021 01:29:53.0482 AM
[ReportManager] Browser Action [closeCurrentWindow] successfully performed. @29-04-2021 01:29:53.0538 AM
[ReportManager] Successfully created attachment [Browser Action Test Data - closeCurrentWindow - Actual Value] @29-04-2021 01:29:53.0539 A
[ReportManager] File Action [getAbsolutePath] successfully performed. With the following test data [Relative Folder Path: "target/downloadedFiles/"]. @29-04-2021 01:29:53.0541 AM
[ReportManager] Attempting to run remotely on: [Linux-64], [GoogleChrome], [http://localhost:4444/wd/hub], Headless Execution. @29-04-2021 01:29:53.0541 AM
[ReportManager] Successfully Opened [GoogleChrome]. @29-04-2021 01:29:53.0790 AM
[ReportManager] Target URL: [https://www.google.com/ncr], and after redirection: [www.google.com] @29-04-2021 01:29:53.0800 AM
[ReportManager] Initial URL: [data:,] @29-04-2021 01:29:53.0844 AM
[ReportManager] Browser Action [navigateToURL] successfully performed. With the following test data [https://www.google.com/ncr]. @29-04-2021 01:29:54.0722 A

################################################################################################################################################
Starting Execution:	[86 out of 137] test cases in the current suite
Test Method:		[unitTests.tests_validations_assertions.assertElementAttribute_true_caseInsensitiveComparison_expectedToFail]
################################################################################################################################################
[ReportManager] Element Action [type] successfully performed. With the following test data [AUTOMATION]. @29-04-2021 01:29:55.0271 AM
[ReportManager] Element Action [getText] successfully performed. With the following test data [AUTOMATION]. @29-04-2021 01:29:55.0392 AM
[ReportManager] Loaded Shared OpenCV @29-04-2021 01:29:55.0535 AM
[ReportManager] AssertElementAttribute FAILED; Expected [Value Should be 'AutomaTion123' for the 'text' attribute, element locator 'By.name: q'] and Actual [AUTOMATION]. Comparison Type [CASE_INSENSITIVE]. Validation Type [POSITIVE]. @29-04-2021 01:29:55.0602 AM
[ReportManager] Successfully created attachment [Screenshot - 1619659795535_assertElementAttribute_true_caseInsensitiveComparison_expectedToFail_AssertElementAttribute_failed] @29-04-2021 01:29:55.0603 A
[ReportManager] Successfully created attachment [Selenium WebDriver Logs - server] @29-04-2021 01:29:55.0690 AM
[ReportManager] Successfully created attachment [Selenium WebDriver Logs - performance] @29-04-2021 01:29:55.0769 AM
[ReportManager] Successfully created attachment [Selenium WebDriver Logs - driver] @29-04-2021 01:29:55.0893 AM
[ReportManager] Browser Action [closeCurrentWindow] successfully performed. @29-04-2021 01:29:55.0951 AM
[ReportManager] Successfully created attachment [Browser Action Test Data - closeCurrentWindow - Actual Value] @29-04-2021 01:29:55.0952 A
[ReportManager] File Action [getAbsolutePath] successfully performed. With the following test data [Relative Folder Path: "target/downloadedFiles/"]. @29-04-2021 01:29:55.0955 AM
[ReportManager] Attempting to run remotely on: [Linux-64], [GoogleChrome], [http://localhost:4444/wd/hub], Headless Execution. @29-04-2021 01:29:55.0955 AM
[ReportManager] Successfully Opened [GoogleChrome]. @29-04-2021 01:29:56.0188 AM
[ReportManager] Target URL: [https://www.google.com/ncr], and after redirection: [www.google.com] @29-04-2021 01:29:56.0197 AM
[ReportManager] Initial URL: [data:,] @29-04-2021 01:29:56.0239 AM
[ReportManager] Browser Action [navigateToURL] successfully performed. With the following test data [https://www.google.com/ncr]. @29-04-2021 01:29:57.0111 A

################################################################################################################################################
Starting Execution:	[87 out of 137] test cases in the current suite
Test Method:		[unitTests.tests_validations_assertions.assertElementAttribute_true_caseInsensitiveComparison_expectedToPass]
################################################################################################################################################
[ReportManager] Element Action [type] successfully performed. With the following test data [AUTOMATION]. @29-04-2021 01:29:57.0722 AM
[ReportManager] Element Action [getText] successfully performed. With the following test data [AUTOMATION]. @29-04-2021 01:29:57.0841 AM
[ReportManager] Loaded Shared OpenCV @29-04-2021 01:29:58.0011 AM
[ReportManager] AssertElementAttribute PASSED; Expected [Value Should be 'AutomaTion' for the 'text' attribute, element locator 'By.name: q'] and Actual [AUTOMATION]. Comparison Type [CASE_INSENSITIVE]. Validation Type [POSITIVE]. @29-04-2021 01:29:58.0086 AM
[ReportManager] Successfully created attachment [Screenshot - 1619659798011_assertElementAttribute_true_caseInsensitiveComparison_expectedToPass_AssertElementAttribute_passed] @29-04-2021 01:29:58.0087 A
[ReportManager] Successfully created attachment [Selenium WebDriver Logs - server] @29-04-2021 01:29:58.0177 AM
[ReportManager] Successfully created attachment [Selenium WebDriver Logs - performance] @29-04-2021 01:29:58.0276 AM
[ReportManager] Successfully created attachment [Selenium WebDriver Logs - driver] @29-04-2021 01:29:58.0401 AM
[ReportManager] Browser Action [closeCurrentWindow] successfully performed. @29-04-2021 01:29:58.0457 AM
[ReportManager] Successfully created attachment [Browser Action Test Data - closeCurrentWindow - Actual Value] @29-04-2021 01:29:58.0457 A
[ReportManager] File Action [getAbsolutePath] successfully performed. With the following test data [Relative Folder Path: "target/downloadedFiles/"]. @29-04-2021 01:29:58.0460 AM
[ReportManager] Attempting to run remotely on: [Linux-64], [GoogleChrome], [http://localhost:4444/wd/hub], Headless Execution. @29-04-2021 01:29:58.0461 AM
[ReportManager] Successfully Opened [GoogleChrome]. @29-04-2021 01:29:58.0717 AM
[ReportManager] Target URL: [https://www.google.com/ncr], and after redirection: [www.google.com] @29-04-2021 01:29:58.0727 AM
[ReportManager] Initial URL: [data:,] @29-04-2021 01:29:58.0778 AM
[ReportManager] Browser Action [navigateToURL] successfully performed. With the following test data [https://www.google.com/ncr]. @29-04-2021 01:29:59.0751 A

################################################################################################################################################
Starting Execution:	[88 out of 137] test cases in the current suite
Test Method:		[unitTests.tests_validations_assertions.assertElementAttribute_true_containsComparison_expectedToFail]
################################################################################################################################################
[ReportManager] Element Action [type] successfully performed. With the following test data [Automation123]. @29-04-2021 01:30:00.0356 AM
[ReportManager] Element Action [getText] successfully performed. With the following test data [Automation123]. @29-04-2021 01:30:00.0464 AM
[ReportManager] Loaded Shared OpenCV @29-04-2021 01:30:00.0636 AM
[ReportManager] AssertElementAttribute FAILED; Expected [Value Should be 'Automation1234' for the 'text' attribute, element locator 'By.name: q'] and Actual [Automation123]. Comparison Type [CONTAINS]. Validation Type [POSITIVE]. @29-04-2021 01:30:00.0710 AM
[ReportManager] Successfully created attachment [Screenshot - 1619659800636_assertElementAttribute_true_containsComparison_expectedToFail_AssertElementAttribute_failed] @29-04-2021 01:30:00.0711 A
[ReportManager] Successfully created attachment [Selenium WebDriver Logs - server] @29-04-2021 01:30:00.0791 AM
[ReportManager] Successfully created attachment [Selenium WebDriver Logs - performance] @29-04-2021 01:30:00.0882 AM
[ReportManager] Successfully created attachment [Selenium WebDriver Logs - driver] @29-04-2021 01:30:01.0010 AM
[ReportManager] Browser Action [closeCurrentWindow] successfully performed. @29-04-2021 01:30:01.0067 AM
[ReportManager] Successfully created attachment [Browser Action Test Data - closeCurrentWindow - Actual Value] @29-04-2021 01:30:01.0068 A
[ReportManager] File Action [getAbsolutePath] successfully performed. With the following test data [Relative Folder Path: "target/downloadedFiles/"]. @29-04-2021 01:30:01.0072 AM
[ReportManager] Attempting to run remotely on: [Linux-64], [GoogleChrome], [http://localhost:4444/wd/hub], Headless Execution. @29-04-2021 01:30:01.0073 AM
[ReportManager] Successfully Opened [GoogleChrome]. @29-04-2021 01:30:01.0337 AM
[ReportManager] Target URL: [https://www.google.com/ncr], and after redirection: [www.google.com] @29-04-2021 01:30:01.0351 AM
[ReportManager] Initial URL: [data:,] @29-04-2021 01:30:01.0396 AM
[ReportManager] Browser Action [navigateToURL] successfully performed. With the following test data [https://www.google.com/ncr]. @29-04-2021 01:30:02.0373 A

################################################################################################################################################
Starting Execution:	[89 out of 137] test cases in the current suite
Test Method:		[unitTests.tests_validations_assertions.assertElementAttribute_true_containsComparison_expectedToPass]
################################################################################################################################################
[ReportManager] Element Action [type] successfully performed. With the following test data [Automation123]. @29-04-2021 01:30:02.0966 AM
[ReportManager] Element Action [getText] successfully performed. With the following test data [Automation123]. @29-04-2021 01:30:03.0068 AM
[ReportManager] Loaded Shared OpenCV @29-04-2021 01:30:03.0208 AM
[ReportManager] AssertElementAttribute PASSED; Expected [Value Should be 'Automation' for the 'text' attribute, element locator 'By.name: q'] and Actual [Automation123]. Comparison Type [CONTAINS]. Validation Type [POSITIVE]. @29-04-2021 01:30:03.0282 AM
[ReportManager] Successfully created attachment [Screenshot - 1619659803208_assertElementAttribute_true_containsComparison_expectedToPass_AssertElementAttribute_passed] @29-04-2021 01:30:03.0283 A
[ReportManager] Successfully created attachment [Selenium WebDriver Logs - server] @29-04-2021 01:30:03.0368 AM
[ReportManager] Successfully created attachment [Selenium WebDriver Logs - performance] @29-04-2021 01:30:03.0468 AM
[ReportManager] Successfully created attachment [Selenium WebDriver Logs - driver] @29-04-2021 01:30:03.0597 AM
[ReportManager] Browser Action [closeCurrentWindow] successfully performed. @29-04-2021 01:30:03.0653 AM
[ReportManager] Successfully created attachment [Browser Action Test Data - closeCurrentWindow - Actual Value] @29-04-2021 01:30:03.0653 A
[ReportManager] File Action [getAbsolutePath] successfully performed. With the following test data [Relative Folder Path: "target/downloadedFiles/"]. @29-04-2021 01:30:03.0658 AM
[ReportManager] Attempting to run remotely on: [Linux-64], [GoogleChrome], [http://localhost:4444/wd/hub], Headless Execution. @29-04-2021 01:30:03.0658 AM
[ReportManager] Successfully Opened [GoogleChrome]. @29-04-2021 01:30:03.0881 AM
[ReportManager] Target URL: [https://www.google.com/ncr], and after redirection: [www.google.com] @29-04-2021 01:30:03.0895 AM
[ReportManager] Initial URL: [data:,] @29-04-2021 01:30:03.0947 AM
[ReportManager] Browser Action [navigateToURL] successfully performed. With the following test data [https://www.google.com/ncr]. @29-04-2021 01:30:04.0938 A

################################################################################################################################################
Starting Execution:	[90 out of 137] test cases in the current suite
Test Method:		[unitTests.tests_validations_assertions.assertElementAttribute_true_literalComparison_expectedToFail]
################################################################################################################################################
[ReportManager] Element Action [type] successfully performed. With the following test data [Automation!@#$%^&*()_+{}[]\';/.,]. @29-04-2021 01:30:06.0254 AM
[ReportManager] Element Action [getText] successfully performed. With the following test data [Automation!@#$%^&*()_+{}[]\';/.,]. @29-04-2021 01:30:06.0342 AM
[ReportManager] Loaded Shared OpenCV @29-04-2021 01:30:06.0477 AM
[ReportManager] AssertElementAttribute FAILED; Expected [Value Should be 'Automation' for the 'text' attribute, element locator 'By.name: q'] and Actual [Automation!@#$%^&*()_+{}[]\';/.,]. Comparison Type [EQUALS]. Validation Type [POSITIVE]. @29-04-2021 01:30:06.0546 AM
[ReportManager] Successfully created attachment [Screenshot - 1619659806477_assertElementAttribute_true_literalComparison_expectedToFail_AssertElementAttribute_failed] @29-04-2021 01:30:06.0547 A
[ReportManager] Successfully created attachment [Selenium WebDriver Logs - server] @29-04-2021 01:30:06.0625 AM
[ReportManager] Successfully created attachment [Selenium WebDriver Logs - performance] @29-04-2021 01:30:06.0778 AM
[ReportManager] Successfully created attachment [Selenium WebDriver Logs - driver] @29-04-2021 01:30:06.0942 AM
[ReportManager] Browser Action [closeCurrentWindow] successfully performed. @29-04-2021 01:30:06.0998 AM
[ReportManager] Successfully created attachment [Browser Action Test Data - closeCurrentWindow - Actual Value] @29-04-2021 01:30:06.0999 A
[ReportManager] File Action [getAbsolutePath] successfully performed. With the following test data [Relative Folder Path: "target/downloadedFiles/"]. @29-04-2021 01:30:07.0004 AM
[ReportManager] Attempting to run remotely on: [Linux-64], [GoogleChrome], [http://localhost:4444/wd/hub], Headless Execution. @29-04-2021 01:30:07.0004 AM
[ReportManager] Successfully Opened [GoogleChrome]. @29-04-2021 01:30:07.0250 AM
[ReportManager] Target URL: [https://www.google.com/ncr], and after redirection: [www.google.com] @29-04-2021 01:30:07.0260 AM
[ReportManager] Initial URL: [data:,] @29-04-2021 01:30:07.0301 AM
[ReportManager] Browser Action [navigateToURL] successfully performed. With the following test data [https://www.google.com/ncr]. @29-04-2021 01:30:08.0293 A

################################################################################################################################################
Starting Execution:	[91 out of 137] test cases in the current suite
Test Method:		[unitTests.tests_validations_assertions.assertElementAttribute_true_literalComparison_expectedToPass]
################################################################################################################################################
[ReportManager] Element Action [type] successfully performed. With the following test data [Automation!@#$%^&*()_+{}[]\';/.,]. @29-04-2021 01:30:09.0579 AM
[ReportManager] Element Action [getText] successfully performed. With the following test data [Automation!@#$%^&*()_+{}[]\';/.,]. @29-04-2021 01:30:09.0689 AM
[ReportManager] Loaded Shared OpenCV @29-04-2021 01:30:09.0838 AM
[ReportManager] AssertElementAttribute PASSED; Expected [Value Should be 'Automation!@#$%^&*()_+{}[]\';/.,' for the 'text' attribute, element locator 'By.name: q'] and Actual [Automation!@#$%^&*()_+{}[]\';/.,]. Comparison Type [EQUALS]. Validation Type [POSITIVE]. @29-04-2021 01:30:09.0914 AM
[ReportManager] Successfully created attachment [Screenshot - 1619659809837_assertElementAttribute_true_literalComparison_expectedToPass_AssertElementAttribute_passed] @29-04-2021 01:30:09.0915 A
[ReportManager] Successfully created attachment [Selenium WebDriver Logs - server] @29-04-2021 01:30:09.0993 AM
[ReportManager] Successfully created attachment [Selenium WebDriver Logs - performance] @29-04-2021 01:30:10.0165 AM
[ReportManager] Successfully created attachment [Selenium WebDriver Logs - driver] @29-04-2021 01:30:10.0342 AM
[ReportManager] Browser Action [closeCurrentWindow] successfully performed. @29-04-2021 01:30:10.0398 AM
[ReportManager] Successfully created attachment [Browser Action Test Data - closeCurrentWindow - Actual Value] @29-04-2021 01:30:10.0398 A
[ReportManager] File Action [getAbsolutePath] successfully performed. With the following test data [Relative Folder Path: "target/downloadedFiles/"]. @29-04-2021 01:30:10.0401 AM
[ReportManager] Attempting to run remotely on: [Linux-64], [GoogleChrome], [http://localhost:4444/wd/hub], Headless Execution. @29-04-2021 01:30:10.0401 AM
[ReportManager] Successfully Opened [GoogleChrome]. @29-04-2021 01:30:10.0625 AM
[ReportManager] Target URL: [https://www.google.com/ncr], and after redirection: [www.google.com] @29-04-2021 01:30:10.0641 AM
[ReportManager] Initial URL: [data:,] @29-04-2021 01:30:10.0683 AM
[ReportManager] Browser Action [navigateToURL] successfully performed. With the following test data [https://www.google.com/ncr]. @29-04-2021 01:30:11.0583 A

################################################################################################################################################
Starting Execution:	[92 out of 137] test cases in the current suite
Test Method:		[unitTests.tests_validations_assertions.assertElementAttribute_true_regexComparison_expectedToFail]
################################################################################################################################################
[ReportManager] Element Action [type] successfully performed. With the following test data [Automation123]. @29-04-2021 01:30:12.0175 AM
[ReportManager] Element Action [getText] successfully performed. With the following test data [Automation123]. @29-04-2021 01:30:12.0295 AM
[ReportManager] Loaded Shared OpenCV @29-04-2021 01:30:12.0448 AM
[ReportManager] AssertElementAttribute FAILED; Expected [Value Should be 'Automation' for the 'text' attribute, element locator 'By.name: q'] and Actual [Automation123]. Comparison Type [MATCHES]. Validation Type [POSITIVE]. @29-04-2021 01:30:12.0515 AM
[ReportManager] Successfully created attachment [Screenshot - 1619659812448_assertElementAttribute_true_regexComparison_expectedToFail_AssertElementAttribute_failed] @29-04-2021 01:30:12.0516 A
[ReportManager] Successfully created attachment [Selenium WebDriver Logs - server] @29-04-2021 01:30:12.0595 AM
[ReportManager] Successfully created attachment [Selenium WebDriver Logs - performance] @29-04-2021 01:30:12.0684 AM
[ReportManager] Successfully created attachment [Selenium WebDriver Logs - driver] @29-04-2021 01:30:12.0814 AM
[ReportManager] Browser Action [closeCurrentWindow] successfully performed. @29-04-2021 01:30:12.0870 AM
[ReportManager] Successfully created attachment [Browser Action Test Data - closeCurrentWindow - Actual Value] @29-04-2021 01:30:12.0871 A
[ReportManager] File Action [getAbsolutePath] successfully performed. With the following test data [Relative Folder Path: "target/downloadedFiles/"]. @29-04-2021 01:30:12.0874 AM
[ReportManager] Attempting to run remotely on: [Linux-64], [GoogleChrome], [http://localhost:4444/wd/hub], Headless Execution. @29-04-2021 01:30:12.0875 AM
[ReportManager] Successfully Opened [GoogleChrome]. @29-04-2021 01:30:13.0114 AM
[ReportManager] Target URL: [https://www.google.com/ncr], and after redirection: [www.google.com] @29-04-2021 01:30:13.0124 AM
[ReportManager] Initial URL: [data:,] @29-04-2021 01:30:13.0166 AM
[ReportManager] Browser Action [navigateToURL] successfully performed. With the following test data [https://www.google.com/ncr]. @29-04-2021 01:30:14.0109 A

################################################################################################################################################
Starting Execution:	[93 out of 137] test cases in the current suite
Test Method:		[unitTests.tests_validations_assertions.assertElementAttribute_true_regexComparison_expectedToPass]
################################################################################################################################################
[ReportManager] Element Action [type] successfully performed. With the following test data [Automation123]. @29-04-2021 01:30:14.0694 AM
[ReportManager] Element Action [getText] successfully performed. With the following test data [Automation123]. @29-04-2021 01:30:14.0808 AM
[ReportManager] Loaded Shared OpenCV @29-04-2021 01:30:14.0995 AM
[ReportManager] AssertElementAttribute PASSED; Expected [Value Should be 'Automation.*' for the 'text' attribute, element locator 'By.name: q'] and Actual [Automation123]. Comparison Type [MATCHES]. Validation Type [POSITIVE]. @29-04-2021 01:30:15.0074 AM
[ReportManager] Successfully created attachment [Screenshot - 1619659814995_assertElementAttribute_true_regexComparison_expectedToPass_AssertElementAttribute_passed] @29-04-2021 01:30:15.0075 A
[ReportManager] Successfully created attachment [Selenium WebDriver Logs - server] @29-04-2021 01:30:15.0156 AM
[ReportManager] Successfully created attachment [Selenium WebDriver Logs - performance] @29-04-2021 01:30:15.0305 AM
[ReportManager] Successfully created attachment [Selenium WebDriver Logs - driver] @29-04-2021 01:30:15.0440 AM
[ReportManager] Browser Action [closeCurrentWindow] successfully performed. @29-04-2021 01:30:15.0497 AM
[ReportManager] Successfully created attachment [Browser Action Test Data - closeCurrentWindow - Actual Value] @29-04-2021 01:30:15.0498 A
[ReportManager] File Action [getAbsolutePath] successfully performed. With the following test data [Relative Folder Path: "target/downloadedFiles/"]. @29-04-2021 01:30:15.0501 AM
[ReportManager] Attempting to run remotely on: [Linux-64], [GoogleChrome], [http://localhost:4444/wd/hub], Headless Execution. @29-04-2021 01:30:15.0501 AM
[ReportManager] Successfully Opened [GoogleChrome]. @29-04-2021 01:30:15.0764 AM
[ReportManager] Target URL: [https://www.google.com/ncr], and after redirection: [www.google.com] @29-04-2021 01:30:15.0773 AM
[ReportManager] Initial URL: [data:,] @29-04-2021 01:30:15.0816 AM
[ReportManager] Browser Action [navigateToURL] successfully performed. With the following test data [https://www.google.com/ncr]. @29-04-2021 01:30:16.0668 A

################################################################################################################################################
Starting Execution:	[94 out of 137] test cases in the current suite
Test Method:		[unitTests.tests_validations_assertions.assertElementAttribute_type_true_literalComparison_expectedToPass]
################################################################################################################################################
[ReportManager] Element Action [type] successfully performed. With the following test data [Automation!@#$%^&*()_+{}[]\';/.,]. @29-04-2021 01:30:18.0041 AM
[ReportManager] Element Action [getText] successfully performed. With the following test data [Automation!@#$%^&*()_+{}[]\';/.,]. @29-04-2021 01:30:18.0156 AM
[ReportManager] Loaded Shared OpenCV @29-04-2021 01:30:18.0301 AM
[ReportManager] AssertElementAttribute PASSED; Expected [Value Should be 'Automation!@#$%^&*()_+{}[]\';/.,' for the 'text' attribute, element locator 'By.name: q'] and Actual [Automation!@#$%^&*()_+{}[]\';/.,]. Comparison Type [EQUALS]. Validation Type [POSITIVE]. @29-04-2021 01:30:18.0389 AM
[ReportManager] Successfully created attachment [Screenshot - 1619659818301_assertElementAttribute_type_true_literalComparison_expectedToPass_AssertElementAttribute_passed] @29-04-2021 01:30:18.0390 A
[ReportManager] Successfully created attachment [Selenium WebDriver Logs - server] @29-04-2021 01:30:18.0464 AM
[ReportManager] Successfully created attachment [Selenium WebDriver Logs - performance] @29-04-2021 01:30:18.0612 AM
[ReportManager] Successfully created attachment [Selenium WebDriver Logs - driver] @29-04-2021 01:30:18.0780 AM
[ReportManager] Browser Action [closeCurrentWindow] successfully performed. @29-04-2021 01:30:18.0837 AM
[ReportManager] Successfully created attachment [Browser Action Test Data - closeCurrentWindow - Actual Value] @29-04-2021 01:30:18.0837 A
[ReportManager] File Action [getAbsolutePath] successfully performed. With the following test data [Relative Folder Path: "target/downloadedFiles/"]. @29-04-2021 01:30:18.0844 AM
[ReportManager] Attempting to run remotely on: [Linux-64], [GoogleChrome], [http://localhost:4444/wd/hub], Headless Execution. @29-04-2021 01:30:18.0844 AM
[ReportManager] Successfully Opened [GoogleChrome]. @29-04-2021 01:30:19.0095 AM
[ReportManager] Target URL: [https://www.google.com/ncr], and after redirection: [www.google.com] @29-04-2021 01:30:19.0105 AM
[ReportManager] Initial URL: [data:,] @29-04-2021 01:30:19.0158 AM
[ReportManager] Browser Action [navigateToURL] successfully performed. With the following test data [https://www.google.com/ncr]. @29-04-2021 01:30:20.0091 A

################################################################################################################################################
Starting Execution:	[95 out of 137] test cases in the current suite
Test Method:		[unitTests.tests_validations_assertions.assertElementExists_false_expectedToFail]
################################################################################################################################################
[ReportManager] AssertElementExists PASSED; Expected [Element Should not Exist, locator 'By.id: hplogo'] and Actual [Element Doesn't Exists]. Comparison Type [EQUALS]. Validation Type [NEGATIVE]. @29-04-2021 01:30:30.0452 AM
[ReportManager] Successfully created attachment [Screenshot - 1619659830392_assertElementExists_false_expectedToFail_AssertElementExists_passed] @29-04-2021 01:30:30.0453 A
[ReportManager] Successfully created attachment [Selenium WebDriver Logs - server] @29-04-2021 01:30:30.0531 AM
[ReportManager] Successfully created attachment [Selenium WebDriver Logs - performance] @29-04-2021 01:30:30.0563 AM
[ReportManager] Successfully created attachment [Selenium WebDriver Logs - driver] @29-04-2021 01:30:30.0636 AM
[ReportManager] Browser Action [closeCurrentWindow] successfully performed. @29-04-2021 01:30:30.0651 AM
[ReportManager] Successfully created attachment [Browser Action Test Data - closeCurrentWindow - Actual Value] @29-04-2021 01:30:30.0652 A
[ReportManager] File Action [getAbsolutePath] successfully performed. With the following test data [Relative Folder Path: "target/downloadedFiles/"]. @29-04-2021 01:30:30.0654 AM
[ReportManager] Attempting to run remotely on: [Linux-64], [GoogleChrome], [http://localhost:4444/wd/hub], Headless Execution. @29-04-2021 01:30:30.0654 AM
[ReportManager] Successfully Opened [GoogleChrome]. @29-04-2021 01:30:30.0878 AM
[ReportManager] Target URL: [https://www.google.com/ncr], and after redirection: [www.google.com] @29-04-2021 01:30:30.0896 AM
[ReportManager] Initial URL: [data:,] @29-04-2021 01:30:30.0937 AM
[ReportManager] Browser Action [navigateToURL] successfully performed. With the following test data [https://www.google.com/ncr]. @29-04-2021 01:30:31.0821 A

################################################################################################################################################
Starting Execution:	[96 out of 137] test cases in the current suite
Test Method:		[unitTests.tests_validations_assertions.assertElementExists_false_expectedToPass]
################################################################################################################################################
[ReportManager] AssertElementExists PASSED; Expected [Element Should not Exist, locator 'By.id: fakeElement'] and Actual [Element Doesn't Exists]. Comparison Type [EQUALS]. Validation Type [NEGATIVE]. @29-04-2021 01:30:42.0157 AM
[ReportManager] Successfully created attachment [Screenshot - 1619659842107_assertElementExists_false_expectedToPass_AssertElementExists_passed] @29-04-2021 01:30:42.0157 A
[ReportManager] Successfully created attachment [Selenium WebDriver Logs - server] @29-04-2021 01:30:42.0236 AM
[ReportManager] Successfully created attachment [Selenium WebDriver Logs - performance] @29-04-2021 01:30:42.0271 AM
[ReportManager] Successfully created attachment [Selenium WebDriver Logs - driver] @29-04-2021 01:30:42.0344 AM
[ReportManager] Browser Action [closeCurrentWindow] successfully performed. @29-04-2021 01:30:42.0400 AM
[ReportManager] Successfully created attachment [Browser Action Test Data - closeCurrentWindow - Actual Value] @29-04-2021 01:30:42.0401 A
[ReportManager] File Action [getAbsolutePath] successfully performed. With the following test data [Relative Folder Path: "target/downloadedFiles/"]. @29-04-2021 01:30:42.0409 AM
[ReportManager] Attempting to run remotely on: [Linux-64], [GoogleChrome], [http://localhost:4444/wd/hub], Headless Execution. @29-04-2021 01:30:42.0409 AM
[ReportManager] Successfully Opened [GoogleChrome]. @29-04-2021 01:30:42.0611 AM
[ReportManager] Target URL: [https://www.google.com/ncr], and after redirection: [www.google.com] @29-04-2021 01:30:42.0622 AM
[ReportManager] Initial URL: [data:,] @29-04-2021 01:30:42.0664 AM
[ReportManager] Browser Action [navigateToURL] successfully performed. With the following test data [https://www.google.com/ncr]. @29-04-2021 01:30:43.0560 A

################################################################################################################################################
Starting Execution:	[97 out of 137] test cases in the current suite
Test Method:		[unitTests.tests_validations_assertions.assertElementExists_false_multipleElementsFound_expectedToFail]
################################################################################################################################################
[ReportManager] AssertElementExists FAILED; Expected [Element Should not Exist, locator 'By.xpath: //div'] and Actual [Element Exists but is not unique]. Comparison Type [EQUALS]. Validation Type [NEGATIVE]. @29-04-2021 01:30:43.0789 AM
[ReportManager] Successfully created attachment [Screenshot - 1619659843739_assertElementExists_false_multipleElementsFound_expectedToFail_AssertElementExists_failed] @29-04-2021 01:30:43.0790 A
[ReportManager] Successfully created attachment [Selenium WebDriver Logs - server] @29-04-2021 01:30:43.0865 AM
[ReportManager] Successfully created attachment [Selenium WebDriver Logs - performance] @29-04-2021 01:30:43.0900 AM
[ReportManager] Successfully created attachment [Selenium WebDriver Logs - driver] @29-04-2021 01:30:43.0970 AM
[ReportManager] Browser Action [closeCurrentWindow] successfully performed. @29-04-2021 01:30:44.0026 AM
[ReportManager] Successfully created attachment [Browser Action Test Data - closeCurrentWindow - Actual Value] @29-04-2021 01:30:44.0027 A
[ReportManager] File Action [getAbsolutePath] successfully performed. With the following test data [Relative Folder Path: "target/downloadedFiles/"]. @29-04-2021 01:30:44.0032 AM
[ReportManager] Attempting to run remotely on: [Linux-64], [GoogleChrome], [http://localhost:4444/wd/hub], Headless Execution. @29-04-2021 01:30:44.0032 AM
[ReportManager] Successfully Opened [GoogleChrome]. @29-04-2021 01:30:44.0260 AM
[ReportManager] Target URL: [https://www.google.com/ncr], and after redirection: [www.google.com] @29-04-2021 01:30:44.0278 AM
[ReportManager] Initial URL: [data:,] @29-04-2021 01:30:44.0314 AM
[ReportManager] Browser Action [navigateToURL] successfully performed. With the following test data [https://www.google.com/ncr]. @29-04-2021 01:30:45.0214 A

################################################################################################################################################
Starting Execution:	[98 out of 137] test cases in the current suite
Test Method:		[unitTests.tests_validations_assertions.assertElementExists_true_expectedToFail]
################################################################################################################################################
[ReportManager] AssertElementExists FAILED; Expected [Element Should Exist, locator 'By.id: fakeElement'] and Actual [Element Doesn't Exists]. Comparison Type [EQUALS]. Validation Type [POSITIVE]. @29-04-2021 01:31:15.0873 AM
[ReportManager] Successfully created attachment [Screenshot - 1619659875811_assertElementExists_true_expectedToFail_AssertElementExists_failed] @29-04-2021 01:31:15.0874 A
[ReportManager] Successfully created attachment [Selenium WebDriver Logs - server] @29-04-2021 01:31:15.0954 AM
[ReportManager] Successfully created attachment [Selenium WebDriver Logs - performance] @29-04-2021 01:31:15.0991 AM
[ReportManager] Successfully created attachment [Selenium WebDriver Logs - driver] @29-04-2021 01:31:16.0103 AM
[ReportManager] Browser Action [closeCurrentWindow] successfully performed. @29-04-2021 01:31:16.0159 AM
[ReportManager] Successfully created attachment [Browser Action Test Data - closeCurrentWindow - Actual Value] @29-04-2021 01:31:16.0160 A
[ReportManager] File Action [getAbsolutePath] successfully performed. With the following test data [Relative Folder Path: "target/downloadedFiles/"]. @29-04-2021 01:31:16.0162 AM
[ReportManager] Attempting to run remotely on: [Linux-64], [GoogleChrome], [http://localhost:4444/wd/hub], Headless Execution. @29-04-2021 01:31:16.0162 AM
[ReportManager] Successfully Opened [GoogleChrome]. @29-04-2021 01:31:16.0391 AM
[ReportManager] Target URL: [https://www.google.com/ncr], and after redirection: [www.google.com] @29-04-2021 01:31:16.0401 AM
[ReportManager] Initial URL: [data:,] @29-04-2021 01:31:16.0445 AM
[ReportManager] Browser Action [navigateToURL] successfully performed. With the following test data [https://www.google.com/ncr]. @29-04-2021 01:31:17.0340 A

################################################################################################################################################
Starting Execution:	[99 out of 137] test cases in the current suite
Test Method:		[unitTests.tests_validations_assertions.assertElementExists_true_expectedToPass]
################################################################################################################################################
[ReportManager] Loaded Shared OpenCV @29-04-2021 01:31:17.0540 AM
[ReportManager] AssertElementExists PASSED; Expected [Element Should Exist, locator 'By.xpath: //img[@id='hplogo' or @alt='Google']'] and Actual [Element Exists]. Comparison Type [EQUALS]. Validation Type [POSITIVE]. @29-04-2021 01:31:17.0609 AM
[ReportManager] Successfully created attachment [Screenshot - 1619659877539_assertElementExists_true_expectedToPass_AssertElementExists_passed] @29-04-2021 01:31:17.0610 A
[ReportManager] Successfully created attachment [Selenium WebDriver Logs - server] @29-04-2021 01:31:17.0695 AM
[ReportManager] Successfully created attachment [Selenium WebDriver Logs - performance] @29-04-2021 01:31:17.0734 AM
[ReportManager] Successfully created attachment [Selenium WebDriver Logs - driver] @29-04-2021 01:31:17.0825 AM
[ReportManager] Browser Action [closeCurrentWindow] successfully performed. @29-04-2021 01:31:17.0882 AM
[ReportManager] Successfully created attachment [Browser Action Test Data - closeCurrentWindow - Actual Value] @29-04-2021 01:31:17.0883 A
[ReportManager] File Action [getAbsolutePath] successfully performed. With the following test data [Relative Folder Path: "target/downloadedFiles/"]. @29-04-2021 01:31:17.0885 AM
[ReportManager] Attempting to run remotely on: [Linux-64], [GoogleChrome], [http://localhost:4444/wd/hub], Headless Execution. @29-04-2021 01:31:17.0885 AM
[ReportManager] Successfully Opened [GoogleChrome]. @29-04-2021 01:31:18.0120 AM
[ReportManager] Target URL: [https://www.google.com/ncr], and after redirection: [www.google.com] @29-04-2021 01:31:18.0135 AM
[ReportManager] Initial URL: [data:,] @29-04-2021 01:31:18.0182 AM
[ReportManager] Browser Action [navigateToURL] successfully performed. With the following test data [https://www.google.com/ncr]. @29-04-2021 01:31:19.0127 A

################################################################################################################################################
Starting Execution:	[100 out of 137] test cases in the current suite
Test Method:		[unitTests.tests_validations_assertions.assertElementExists_true_multipleElementsFound_expectedToFail]
################################################################################################################################################
[ReportManager] AssertElementExists FAILED; Expected [Element Should Exist, locator 'By.xpath: //div'] and Actual [Element Exists but is not unique]. Comparison Type [EQUALS]. Validation Type [POSITIVE]. @29-04-2021 01:31:19.0383 AM
[ReportManager] Successfully created attachment [Screenshot - 1619659879324_assertElementExists_true_multipleElementsFound_expectedToFail_AssertElementExists_failed] @29-04-2021 01:31:19.0384 A
[ReportManager] Successfully created attachment [Selenium WebDriver Logs - server] @29-04-2021 01:31:19.0465 AM
[ReportManager] Successfully created attachment [Selenium WebDriver Logs - performance] @29-04-2021 01:31:19.0497 AM
[ReportManager] Successfully created attachment [Selenium WebDriver Logs - driver] @29-04-2021 01:31:19.0573 AM
[ReportManager] Browser Action [closeCurrentWindow] successfully performed. @29-04-2021 01:31:19.0632 AM
[ReportManager] Successfully created attachment [Browser Action Test Data - closeCurrentWindow - Actual Value] @29-04-2021 01:31:19.0632 A

################################################################################################################################################
Starting Execution:	[101 out of 137] test cases in the current suite
Test Method:		[unitTests.tests_validations_assertions.assertEquals_false_expectedToFail]
################################################################################################################################################
[ReportManager] AssertEquals FAILED; Expected [1] and Actual [1]. Comparison Type [EQUALS]. Validation Type [NEGATIVE]. @29-04-2021 01:31:19.0642 A

################################################################################################################################################
Starting Execution:	[102 out of 137] test cases in the current suite
Test Method:		[unitTests.tests_validations_assertions.assertEquals_false_expectedToPass]
################################################################################################################################################
[ReportManager] AssertEquals PASSED; Expected [1] and Actual [2]. Comparison Type [EQUALS]. Validation Type [NEGATIVE]. @29-04-2021 01:31:19.0644 A

################################################################################################################################################
Starting Execution:	[103 out of 137] test cases in the current suite
Test Method:		[unitTests.tests_validations_assertions.assertEquals_longCharacters]
################################################################################################################################################
[ReportManager] VerifyEquals PASSED; Expected and Actual values are attached. Comparison Type [EQUALS]. Validation Type [POSITIVE]. @29-04-2021 01:31:19.0647 AM
[ReportManager] Successfully created attachment [Validation Test Data - Expected Value] @29-04-2021 01:31:19.0648 AM
[ReportManager] Successfully created attachment [Validation Test Data - Actual Value] @29-04-2021 01:31:19.0648 AM
[ReportManager] AssertEquals PASSED; Expected and Actual values are attached. Comparison Type [EQUALS]. Validation Type [POSITIVE]. @29-04-2021 01:31:19.0648 AM
[ReportManager] Successfully created attachment [Validation Test Data - Expected Value] @29-04-2021 01:31:19.0648 AM
[ReportManager] Successfully created attachment [Validation Test Data - Actual Value] @29-04-2021 01:31:19.0648 A

################################################################################################################################################
Starting Execution:	[104 out of 137] test cases in the current suite
Test Method:		[unitTests.tests_validations_assertions.assertEquals_longCharacters_Discreet]
################################################################################################################################################
[ReportManager] AssertEquals PASSED; Expected [1LH5pROcDBjjQk0t0mCr0lXuzQu9lcGj28kY8R1H81X67eVAQJgWQhILiRWVPUgZ6uCtK5cnBkF55Jr9vYngjGO1Iyf0Mktv6lruDlL9T8MAUPcUZJGHZtji6nIeadujDSNmWMj5d6C8zlFqw0CRqBU0hO5adIasHgBSNoLotAjce3NGXoDwAlp3rYreeV16VIyZXROQY] and Actual [1LH5pROcDBjjQk0t0mCr0lXuzQu9lcGj28kY8R1H81X67eVAQJgWQhILiRWVPUgZ6uCtK5cnBkF55Jr9vYngjGO1Iyf0Mktv6lruDlL9T8MAUPcUZJGHZtji6nIeadujDSNmWMj5d6C8zlFqw0CRqBU0hO5adIasHgBSNoLotAjce3NGXoDwAlp3rYreeV16VIyZXROQY]. Comparison Type [EQUALS]. Validation Type [POSITIVE]. @29-04-2021 01:31:19.0650 A

################################################################################################################################################
Starting Execution:	[105 out of 137] test cases in the current suite
Test Method:		[unitTests.tests_validations_assertions.assertEquals_true_expectedToFail]
################################################################################################################################################
[ReportManager] AssertEquals FAILED; Expected [1] and Actual [2]. Comparison Type [EQUALS]. Validation Type [POSITIVE]. @29-04-2021 01:31:19.0653 A

################################################################################################################################################
Starting Execution:	[106 out of 137] test cases in the current suite
Test Method:		[unitTests.tests_validations_assertions.assertEquals_true_expectedToPass]
Test Description:	[Assert that assertEquals works as expected when the two values are equal.]
################################################################################################################################################
[ReportManager] VerifyEquals PASSED; Expected [1] and Actual [1]. Comparison Type [EQUALS]. Validation Type [POSITIVE]. @29-04-2021 01:31:19.0656 AM
[ReportManager] AssertEquals PASSED; Expected [1] and Actual [1]. Comparison Type [EQUALS]. Validation Type [POSITIVE]. @29-04-2021 01:31:19.0656 A

################################################################################################################################################
Starting Execution:	[107 out of 137] test cases in the current suite
Test Method:		[unitTests.tests_validations_assertions.assertEquals_true_expectedToPass__]
################################################################################################################################################
[ReportManager] AssertEquals PASSED; Expected [1] and Actual [1]. Comparison Type [EQUALS]. Validation Type [POSITIVE]. @29-04-2021 01:31:19.0659 A

################################################################################################################################################
Starting Execution:	[108 out of 137] test cases in the current suite
Test Method:		[unitTests.tests_validations_assertions.assertFileExists_false_expectedToFail]
################################################################################################################################################
[ReportManager] File Action [doesFileExist] successfully performed. With the following test data [File Path: "src/main/java/com/shaft/gui/element/ElementActions.java"]. @29-04-2021 01:31:19.0676 AM
[ReportManager] AssertFileExists FAILED; Expected [File 'src/main/java/com/shaft/gui/element/ElementActions.java' should not exist, after up to '1' retries] and Actual [File exists]. Validation Type [NEGATIVE]. @29-04-2021 01:31:19.0677 A

################################################################################################################################################
Starting Execution:	[109 out of 137] test cases in the current suite
Test Method:		[unitTests.tests_validations_assertions.assertFileExists_false_expectedToPass]
################################################################################################################################################
[ReportManager] File Action [doesFileExist] successfully performed. With the following test data [File Path: "src/main/java/com/shaft/gui/element/ElementActions.java_fail"]. @29-04-2021 01:31:20.0181 AM
[ReportManager] AssertFileExists PASSED; Expected [File 'src/main/java/com/shaft/gui/element/ElementActions.java_fail' should not exist, after up to '1' retries] and Actual [File does not exist]. Validation Type [NEGATIVE]. @29-04-2021 01:31:20.0181 A

################################################################################################################################################
Starting Execution:	[110 out of 137] test cases in the current suite
Test Method:		[unitTests.tests_validations_assertions.assertFileExists_true_expectedToFail]
################################################################################################################################################
[ReportManager] File Action [doesFileExist] successfully performed. With the following test data [File Path: "src/main/java/com/shaft/gui/element/ElementActions.java_fail"]. @29-04-2021 01:31:20.0685 AM
[ReportManager] AssertFileExists FAILED; Expected [File 'src/main/java/com/shaft/gui/element/ElementActions.java_fail' should exist, after up to '1' retries] and Actual [File does not exist]. Validation Type [POSITIVE]. @29-04-2021 01:31:20.0685 A

################################################################################################################################################
Starting Execution:	[111 out of 137] test cases in the current suite
Test Method:		[unitTests.tests_validations_assertions.assertFileExists_true_expectedToPass]
################################################################################################################################################
[ReportManager] File Action [doesFileExist] successfully performed. With the following test data [File Path: "src/main/java/com/shaft/gui/element/ElementActions.java"]. @29-04-2021 01:31:20.0691 AM
[ReportManager] AssertFileExists PASSED; Expected [File 'src/main/java/com/shaft/gui/element/ElementActions.java' should exist, after up to '1' retries] and Actual [File exists]. Validation Type [POSITIVE]. @29-04-2021 01:31:20.0691 A

################################################################################################################################################
Starting Execution:	[112 out of 137] test cases in the current suite
Test Method:		[unitTests.tests_validations_assertions.assertNull_false_expectedToFail]
################################################################################################################################################
[ReportManager] AssertNull FAILED; Expected [NULL] and Actual [NULL]. Comparison Type [EQUALS]. Validation Type [NEGATIVE]. @29-04-2021 01:31:20.0695 A

################################################################################################################################################
Starting Execution:	[113 out of 137] test cases in the current suite
Test Method:		[unitTests.tests_validations_assertions.assertNull_false_expectedToPass]
################################################################################################################################################
[ReportManager] AssertNull PASSED; Expected [NULL] and Actual [1]. Comparison Type [EQUALS]. Validation Type [NEGATIVE]. @29-04-2021 01:31:20.0698 A

################################################################################################################################################
Starting Execution:	[114 out of 137] test cases in the current suite
Test Method:		[unitTests.tests_validations_assertions.assertNull_true_expectedToFail]
################################################################################################################################################
[ReportManager] AssertNull FAILED; Expected [NULL] and Actual [1]. Comparison Type [EQUALS]. Validation Type [POSITIVE]. @29-04-2021 01:31:20.0700 A

################################################################################################################################################
Starting Execution:	[115 out of 137] test cases in the current suite
Test Method:		[unitTests.tests_validations_assertions.assertNull_true_expectedToPass]
################################################################################################################################################
[ReportManager] AssertNull PASSED; Expected [NULL] and Actual [NULL]. Comparison Type [EQUALS]. Validation Type [POSITIVE]. @29-04-2021 01:31:20.0702 A
[ReportManager] File Action [getAbsolutePath] successfully performed. With the following test data [Relative Folder Path: "target/downloadedFiles/"]. @29-04-2021 01:31:20.0704 AM
[ReportManager] Attempting to run remotely on: [Linux-64], [GoogleChrome], [http://localhost:4444/wd/hub], Headless Execution. @29-04-2021 01:31:20.0704 AM
[ReportManager] Successfully Opened [GoogleChrome]. @29-04-2021 01:31:20.0927 AM
[ReportManager] Target URL: [https://duckduckgo.com] @29-04-2021 01:31:20.0942 AM
[ReportManager] Initial URL: [data:,] @29-04-2021 01:31:20.0982 AM
[ReportManager] Browser Action [navigateToURL] successfully performed. With the following test data [https://duckduckgo.com]. @29-04-2021 01:31:21.0689 A

################################################################################################################################################
Starting Execution:	[116 out of 137] test cases in the current suite
Test Method:		[unitTests.tests_browserActions.fullScreenWindow]
################################################################################################################################################
[ReportManager] Initial Windows Size: 800x600 @29-04-2021 01:31:21.0699 AM
[ReportManager] Initial window size: (800, 600) @29-04-2021 01:31:21.0701 AM
[ReportManager] Window size after Toolkit: (1920, 1080) @29-04-2021 01:31:21.0933 AM
[ReportManager] Browser Action [maximizeWindow] successfully performed. With the following test data [New screen size is now: (1920, 1080)]. @29-04-2021 01:31:21.0937 AM
[ReportManager] Current Windows Size after fullScreen: 1920x1080 @29-04-2021 01:31:21.0942 AM
[ReportManager] Browser Action [fullScreenWindow] successfully performed. @29-04-2021 01:31:21.0965 AM
[ReportManager] Successfully created attachment [Browser Action Test Data - fullScreenWindow - Actual Value] @29-04-2021 01:31:21.0966 A
[ReportManager] Target URL: [https://duckduckgo.com] @29-04-2021 01:31:21.0974 AM
[ReportManager] Initial URL: [https://duckduckgo.com] @29-04-2021 01:31:22.0027 AM
[ReportManager] Browser Action [navigateToURL] successfully performed. With the following test data [https://duckduckgo.com]. @29-04-2021 01:31:22.0430 AM
[ReportManager] Successfully created attachment [Selenium WebDriver Logs - server] @29-04-2021 01:31:22.0479 AM
[ReportManager] Successfully created attachment [Selenium WebDriver Logs - performance] @29-04-2021 01:31:22.0597 AM
[ReportManager] Successfully created attachment [Selenium WebDriver Logs - driver] @29-04-2021 01:31:22.0743 AM
[ReportManager] Browser Action [closeCurrentWindow] successfully performed. @29-04-2021 01:31:22.0799 AM
[ReportManager] Successfully created attachment [Browser Action Test Data - closeCurrentWindow - Actual Value] @29-04-2021 01:31:22.0800 A
[ReportManager] File Action [getAbsolutePath] successfully performed. With the following test data [Relative Folder Path: "target/downloadedFiles/"]. @29-04-2021 01:31:22.0810 AM
[ReportManager] Attempting to run remotely on: [Linux-64], [GoogleChrome], [http://localhost:4444/wd/hub], Headless Execution. @29-04-2021 01:31:22.0811 AM
[ReportManager] Successfully Opened [GoogleChrome]. @29-04-2021 01:31:23.0049 AM
[ReportManager] Target URL: [https://duckduckgo.com] @29-04-2021 01:31:23.0058 AM
[ReportManager] Initial URL: [data:,] @29-04-2021 01:31:23.0100 AM
[ReportManager] Browser Action [navigateToURL] successfully performed. With the following test data [https://duckduckgo.com]. @29-04-2021 01:31:23.0768 A

################################################################################################################################################
Starting Execution:	[117 out of 137] test cases in the current suite
Test Method:		[unitTests.tests_browserActions.getCurrentURL]
################################################################################################################################################
[ReportManager] Browser Action [getCurrentURL] successfully performed. With the following test data [https://duckduckgo.com/]. @29-04-2021 01:31:23.0809 A
[ReportManager] Target URL: [https://duckduckgo.com] @29-04-2021 01:31:23.0815 AM
[ReportManager] Initial URL: [https://duckduckgo.com] @29-04-2021 01:31:23.0882 AM
[ReportManager] Browser Action [navigateToURL] successfully performed. With the following test data [https://duckduckgo.com]. @29-04-2021 01:31:24.0258 AM
[ReportManager] Successfully created attachment [Selenium WebDriver Logs - server] @29-04-2021 01:31:24.0308 AM
[ReportManager] Successfully created attachment [Selenium WebDriver Logs - performance] @29-04-2021 01:31:24.0424 AM
[ReportManager] Successfully created attachment [Selenium WebDriver Logs - driver] @29-04-2021 01:31:24.0561 AM
[ReportManager] Browser Action [closeCurrentWindow] successfully performed. @29-04-2021 01:31:24.0622 AM
[ReportManager] Successfully created attachment [Browser Action Test Data - closeCurrentWindow - Actual Value] @29-04-2021 01:31:24.0622 A
[ReportManager] File Action [getAbsolutePath] successfully performed. With the following test data [Relative Folder Path: "target/downloadedFiles/"]. @29-04-2021 01:31:24.0624 AM
[ReportManager] Attempting to run remotely on: [Linux-64], [GoogleChrome], [http://localhost:4444/wd/hub], Headless Execution. @29-04-2021 01:31:24.0625 AM
[ReportManager] Successfully Opened [GoogleChrome]. @29-04-2021 01:31:24.0861 AM
[ReportManager] Target URL: [https://duckduckgo.com] @29-04-2021 01:31:24.0872 AM
[ReportManager] Initial URL: [data:,] @29-04-2021 01:31:24.0911 AM
[ReportManager] Browser Action [navigateToURL] successfully performed. With the following test data [https://duckduckgo.com]. @29-04-2021 01:31:25.0590 A

################################################################################################################################################
Starting Execution:	[118 out of 137] test cases in the current suite
Test Method:		[unitTests.tests_browserActions.getCurrentWindowTitle]
################################################################################################################################################
[ReportManager] Browser Action [getCurrentWindowTitle] successfully performed. With the following test data [DuckDuckGo  Privacy, simplified.]. @29-04-2021 01:31:25.0638 A
[ReportManager] Target URL: [https://duckduckgo.com] @29-04-2021 01:31:25.0640 AM
[ReportManager] Initial URL: [https://duckduckgo.com] @29-04-2021 01:31:25.0701 AM
[ReportManager] Browser Action [navigateToURL] successfully performed. With the following test data [https://duckduckgo.com]. @29-04-2021 01:31:26.0076 AM
[ReportManager] Successfully created attachment [Selenium WebDriver Logs - server] @29-04-2021 01:31:26.0126 AM
[ReportManager] Successfully created attachment [Selenium WebDriver Logs - performance] @29-04-2021 01:31:26.0237 AM
[ReportManager] Successfully created attachment [Selenium WebDriver Logs - driver] @29-04-2021 01:31:26.0390 AM
[ReportManager] Browser Action [closeCurrentWindow] successfully performed. @29-04-2021 01:31:26.0450 AM
[ReportManager] Successfully created attachment [Browser Action Test Data - closeCurrentWindow - Actual Value] @29-04-2021 01:31:26.0450 A
[ReportManager] File Action [getAbsolutePath] successfully performed. With the following test data [Relative Folder Path: "target/downloadedFiles/"]. @29-04-2021 01:31:26.0452 AM
[ReportManager] Attempting to run remotely on: [Linux-64], [GoogleChrome], [http://localhost:4444/wd/hub], Headless Execution. @29-04-2021 01:31:26.0452 AM
[ReportManager] Successfully Opened [GoogleChrome]. @29-04-2021 01:31:26.0793 AM
[ReportManager] Target URL: [https://duckduckgo.com] @29-04-2021 01:31:26.0805 AM
[ReportManager] Initial URL: [data:,] @29-04-2021 01:31:26.0853 AM
[ReportManager] Browser Action [navigateToURL] successfully performed. With the following test data [https://duckduckgo.com]. @29-04-2021 01:31:27.0528 A

################################################################################################################################################
Starting Execution:	[119 out of 137] test cases in the current suite
Test Method:		[unitTests.tests_browserActions.getPageSource]
################################################################################################################################################
[ReportManager] Browser Action [getPageSource] successfully performed. @29-04-2021 01:31:27.0578 AM
[ReportManager] Successfully created attachment [Browser Action Test Data - getPageSource - Actual Value] @29-04-2021 01:31:27.0579 A
[ReportManager] Target URL: [https://duckduckgo.com] @29-04-2021 01:31:27.0581 AM
[ReportManager] Initial URL: [https://duckduckgo.com] @29-04-2021 01:31:27.0630 AM
[ReportManager] Browser Action [navigateToURL] successfully performed. With the following test data [https://duckduckgo.com]. @29-04-2021 01:31:28.0015 AM
[ReportManager] Successfully created attachment [Selenium WebDriver Logs - server] @29-04-2021 01:31:28.0066 AM
[ReportManager] Successfully created attachment [Selenium WebDriver Logs - performance] @29-04-2021 01:31:28.0165 AM
[ReportManager] Successfully created attachment [Selenium WebDriver Logs - driver] @29-04-2021 01:31:28.0301 AM
[ReportManager] Browser Action [closeCurrentWindow] successfully performed. @29-04-2021 01:31:28.0359 AM
[ReportManager] Successfully created attachment [Browser Action Test Data - closeCurrentWindow - Actual Value] @29-04-2021 01:31:28.0359 A
[ReportManager] File Action [getAbsolutePath] successfully performed. With the following test data [Relative Folder Path: "target/downloadedFiles/"]. @29-04-2021 01:31:28.0361 AM
[ReportManager] Attempting to run remotely on: [Linux-64], [GoogleChrome], [http://localhost:4444/wd/hub], Headless Execution. @29-04-2021 01:31:28.0361 AM
[ReportManager] Successfully Opened [GoogleChrome]. @29-04-2021 01:31:28.0581 AM
[ReportManager] Target URL: [https://duckduckgo.com] @29-04-2021 01:31:28.0591 AM
[ReportManager] Initial URL: [data:,] @29-04-2021 01:31:28.0633 AM
[ReportManager] Browser Action [navigateToURL] successfully performed. With the following test data [https://duckduckgo.com]. @29-04-2021 01:31:29.0294 A

################################################################################################################################################
Starting Execution:	[120 out of 137] test cases in the current suite
Test Method:		[unitTests.tests_browserActions.getWindowHandle]
################################################################################################################################################
[ReportManager] Browser Action [getWindowHandle] successfully performed. With the following test data [CDwindow-472E28697D48B051ED051A43E1C4376F]. @29-04-2021 01:31:29.0338 A
[ReportManager] Target URL: [https://duckduckgo.com] @29-04-2021 01:31:29.0339 AM
[ReportManager] Initial URL: [https://duckduckgo.com] @29-04-2021 01:31:29.0396 AM
[ReportManager] Browser Action [navigateToURL] successfully performed. With the following test data [https://duckduckgo.com]. @29-04-2021 01:31:29.0773 AM
[ReportManager] Successfully created attachment [Selenium WebDriver Logs - server] @29-04-2021 01:31:29.0827 AM
[ReportManager] Successfully created attachment [Selenium WebDriver Logs - performance] @29-04-2021 01:31:29.0942 AM
[ReportManager] Successfully created attachment [Selenium WebDriver Logs - driver] @29-04-2021 01:31:30.0099 AM
[ReportManager] Browser Action [closeCurrentWindow] successfully performed. @29-04-2021 01:31:30.0113 AM
[ReportManager] Successfully created attachment [Browser Action Test Data - closeCurrentWindow - Actual Value] @29-04-2021 01:31:30.0114 A
[ReportManager] File Action [getAbsolutePath] successfully performed. With the following test data [Relative Folder Path: "target/downloadedFiles/"]. @29-04-2021 01:31:30.0116 AM
[ReportManager] Attempting to run remotely on: [Linux-64], [GoogleChrome], [http://localhost:4444/wd/hub], Headless Execution. @29-04-2021 01:31:30.0117 AM
[ReportManager] Successfully Opened [GoogleChrome]. @29-04-2021 01:31:30.0390 AM
[ReportManager] Target URL: [https://duckduckgo.com] @29-04-2021 01:31:30.0401 AM
[ReportManager] Initial URL: [data:,] @29-04-2021 01:31:30.0442 AM
[ReportManager] Browser Action [navigateToURL] successfully performed. With the following test data [https://duckduckgo.com]. @29-04-2021 01:31:31.0138 A

################################################################################################################################################
Starting Execution:	[121 out of 137] test cases in the current suite
Test Method:		[unitTests.tests_browserActions.getWindowPosition]
################################################################################################################################################
[ReportManager] Browser Action [getWindowPosition] successfully performed. With the following test data [(0, 0)]. @29-04-2021 01:31:31.0173 A
[ReportManager] Target URL: [https://duckduckgo.com] @29-04-2021 01:31:31.0175 AM
[ReportManager] Initial URL: [https://duckduckgo.com] @29-04-2021 01:31:31.0231 AM
[ReportManager] Browser Action [navigateToURL] successfully performed. With the following test data [https://duckduckgo.com]. @29-04-2021 01:31:31.0641 AM
[ReportManager] Successfully created attachment [Selenium WebDriver Logs - server] @29-04-2021 01:31:31.0687 AM
[ReportManager] Successfully created attachment [Selenium WebDriver Logs - performance] @29-04-2021 01:31:31.0788 AM
[ReportManager] Successfully created attachment [Selenium WebDriver Logs - driver] @29-04-2021 01:31:31.0937 AM
[ReportManager] Browser Action [closeCurrentWindow] successfully performed. @29-04-2021 01:31:31.0993 AM
[ReportManager] Successfully created attachment [Browser Action Test Data - closeCurrentWindow - Actual Value] @29-04-2021 01:31:31.0995 A
[ReportManager] File Action [getAbsolutePath] successfully performed. With the following test data [Relative Folder Path: "target/downloadedFiles/"]. @29-04-2021 01:31:31.0997 AM
[ReportManager] Attempting to run remotely on: [Linux-64], [GoogleChrome], [http://localhost:4444/wd/hub], Headless Execution. @29-04-2021 01:31:31.0997 AM
[ReportManager] Successfully Opened [GoogleChrome]. @29-04-2021 01:31:32.0231 AM
[ReportManager] Target URL: [https://duckduckgo.com] @29-04-2021 01:31:32.0240 AM
[ReportManager] Initial URL: [data:,] @29-04-2021 01:31:32.0291 AM
[ReportManager] Browser Action [navigateToURL] successfully performed. With the following test data [https://duckduckgo.com]. @29-04-2021 01:31:33.0007 A

################################################################################################################################################
Starting Execution:	[122 out of 137] test cases in the current suite
Test Method:		[unitTests.tests_browserActions.getWindowSize]
################################################################################################################################################
[ReportManager] Browser Action [getWindowSize] successfully performed. With the following test data [(800, 600)]. @29-04-2021 01:31:33.0042 A
[ReportManager] Target URL: [https://duckduckgo.com] @29-04-2021 01:31:33.0043 AM
[ReportManager] Initial URL: [https://duckduckgo.com] @29-04-2021 01:31:33.0102 AM
[ReportManager] Browser Action [navigateToURL] successfully performed. With the following test data [https://duckduckgo.com]. @29-04-2021 01:31:33.0490 AM
[ReportManager] Successfully created attachment [Selenium WebDriver Logs - server] @29-04-2021 01:31:33.0544 AM
[ReportManager] Successfully created attachment [Selenium WebDriver Logs - performance] @29-04-2021 01:31:33.0650 AM
[ReportManager] Successfully created attachment [Selenium WebDriver Logs - driver] @29-04-2021 01:31:33.0802 AM
[ReportManager] Browser Action [closeCurrentWindow] successfully performed. @29-04-2021 01:31:33.0858 AM
[ReportManager] Successfully created attachment [Browser Action Test Data - closeCurrentWindow - Actual Value] @29-04-2021 01:31:33.0859 A
[ReportManager] File Action [getAbsolutePath] successfully performed. With the following test data [Relative Folder Path: "target/downloadedFiles/"]. @29-04-2021 01:31:33.0861 AM
[ReportManager] Attempting to run remotely on: [Linux-64], [GoogleChrome], [http://localhost:4444/wd/hub], Headless Execution. @29-04-2021 01:31:33.0861 AM
[ReportManager] Successfully Opened [GoogleChrome]. @29-04-2021 01:31:34.0074 AM
[ReportManager] Target URL: [https://duckduckgo.com] @29-04-2021 01:31:34.0087 AM
[ReportManager] Initial URL: [data:,] @29-04-2021 01:31:34.0131 AM
[ReportManager] Browser Action [navigateToURL] successfully performed. With the following test data [https://duckduckgo.com]. @29-04-2021 01:31:34.0855 A

################################################################################################################################################
Starting Execution:	[123 out of 137] test cases in the current suite
Test Method:		[unitTests.tests_browserActions.maximizeWindow]
################################################################################################################################################
[ReportManager] Initial window size: (800, 600) @29-04-2021 01:31:34.0865 AM
[ReportManager] Window size after Toolkit: (1920, 1080) @29-04-2021 01:31:35.0083 AM
[ReportManager] Browser Action [maximizeWindow] successfully performed. With the following test data [New screen size is now: (1920, 1080)]. @29-04-2021 01:31:35.0085 A
[ReportManager] Target URL: [https://duckduckgo.com] @29-04-2021 01:31:35.0089 AM
[ReportManager] Initial URL: [https://duckduckgo.com] @29-04-2021 01:31:35.0175 AM
[ReportManager] Browser Action [navigateToURL] successfully performed. With the following test data [https://duckduckgo.com]. @29-04-2021 01:31:35.0563 AM
[ReportManager] Successfully created attachment [Selenium WebDriver Logs - server] @29-04-2021 01:31:35.0617 AM
[ReportManager] Successfully created attachment [Selenium WebDriver Logs - performance] @29-04-2021 01:31:35.0740 AM
[ReportManager] Successfully created attachment [Selenium WebDriver Logs - driver] @29-04-2021 01:31:35.0886 AM
[ReportManager] Browser Action [closeCurrentWindow] successfully performed. @29-04-2021 01:31:35.0942 AM
[ReportManager] Successfully created attachment [Browser Action Test Data - closeCurrentWindow - Actual Value] @29-04-2021 01:31:35.0943 A
[ReportManager] File Action [getAbsolutePath] successfully performed. With the following test data [Relative Folder Path: "target/downloadedFiles/"]. @29-04-2021 01:31:35.0947 AM
[ReportManager] Attempting to run remotely on: [Linux-64], [GoogleChrome], [http://localhost:4444/wd/hub], Headless Execution. @29-04-2021 01:31:35.0948 AM
[ReportManager] Successfully Opened [GoogleChrome]. @29-04-2021 01:31:36.0174 AM
[ReportManager] Target URL: [https://duckduckgo.com] @29-04-2021 01:31:36.0184 AM
[ReportManager] Initial URL: [data:,] @29-04-2021 01:31:36.0231 AM
[ReportManager] Browser Action [navigateToURL] successfully performed. With the following test data [https://duckduckgo.com]. @29-04-2021 01:31:36.0864 A

################################################################################################################################################
Starting Execution:	[124 out of 137] test cases in the current suite
Test Method:		[unitTests.tests_browserActions.navigateBack]
################################################################################################################################################
[ReportManager] Target URL: [https://www.google.com/ncr], and after redirection: [https://www.google.com] @29-04-2021 01:31:36.0867 AM
[ReportManager] Initial URL: [https://duckduckgo.com] @29-04-2021 01:31:36.0928 AM
[ReportManager] Browser Action [navigateToURL] successfully performed. With the following test data [https://www.google.com/ncr]. @29-04-2021 01:31:37.0827 AM
[ReportManager] Browser Action [navigateBack] successfully performed. With the following test data [https://duckduckgo.com/]. @29-04-2021 01:31:38.0186 AM
[ReportManager] Confirming that navigating back was successful... @29-04-2021 01:31:38.0186 AM
[ReportManager] Browser Action [getCurrentURL] successfully performed. With the following test data [https://duckduckgo.com/]. @29-04-2021 01:31:38.0213 AM
[ReportManager] AssertBrowserAttribute PASSED; Expected [Value Should be 'https://duckduckgo.com' for the 'CurrentUrl' attribute] and Actual [https://duckduckgo.com/]. Comparison Type [CONTAINS]. Validation Type [POSITIVE]. @29-04-2021 01:31:38.0213 A
[ReportManager] Target URL: [https://duckduckgo.com] @29-04-2021 01:31:38.0218 AM
[ReportManager] Initial URL: [https://duckduckgo.com] @29-04-2021 01:31:38.0269 AM
[ReportManager] Browser Action [navigateToURL] successfully performed. With the following test data [https://duckduckgo.com]. @29-04-2021 01:31:38.0613 AM
[ReportManager] Successfully created attachment [Selenium WebDriver Logs - server] @29-04-2021 01:31:38.0662 AM
[ReportManager] Successfully created attachment [Selenium WebDriver Logs - performance] @29-04-2021 01:31:38.0834 AM
[ReportManager] Successfully created attachment [Selenium WebDriver Logs - driver] @29-04-2021 01:31:39.0073 AM
[ReportManager] Browser Action [closeCurrentWindow] successfully performed. @29-04-2021 01:31:39.0132 AM
[ReportManager] Successfully created attachment [Browser Action Test Data - closeCurrentWindow - Actual Value] @29-04-2021 01:31:39.0132 A
[ReportManager] File Action [getAbsolutePath] successfully performed. With the following test data [Relative Folder Path: "target/downloadedFiles/"]. @29-04-2021 01:31:39.0134 AM
[ReportManager] Attempting to run remotely on: [Linux-64], [GoogleChrome], [http://localhost:4444/wd/hub], Headless Execution. @29-04-2021 01:31:39.0135 AM
[ReportManager] Successfully Opened [GoogleChrome]. @29-04-2021 01:31:39.0385 AM
[ReportManager] Target URL: [https://duckduckgo.com] @29-04-2021 01:31:39.0403 AM
[ReportManager] Initial URL: [data:,] @29-04-2021 01:31:39.0455 AM
[ReportManager] Browser Action [navigateToURL] successfully performed. With the following test data [https://duckduckgo.com]. @29-04-2021 01:31:40.0125 A

################################################################################################################################################
Starting Execution:	[125 out of 137] test cases in the current suite
Test Method:		[unitTests.tests_browserActions.navigateForward]
################################################################################################################################################
[ReportManager] Target URL: [https://www.google.com/ncr], and after redirection: [https://www.google.com] @29-04-2021 01:31:40.0127 AM
[ReportManager] Initial URL: [https://duckduckgo.com] @29-04-2021 01:31:40.0188 AM
[ReportManager] Browser Action [navigateToURL] successfully performed. With the following test data [https://www.google.com/ncr]. @29-04-2021 01:31:41.0116 AM
[ReportManager] Browser Action [navigateBack] successfully performed. With the following test data [https://duckduckgo.com/]. @29-04-2021 01:31:41.0478 AM
[ReportManager] Browser Action [navigateForward] successfully performed. With the following test data [https://www.google.com/]. @29-04-2021 01:31:41.0885 A
[ReportManager] Target URL: [https://duckduckgo.com] @29-04-2021 01:31:41.0888 AM
[ReportManager] Initial URL: [https://www.google.com] @29-04-2021 01:31:41.0971 AM
[ReportManager] Browser Action [navigateToURL] successfully performed. With the following test data [https://duckduckgo.com]. @29-04-2021 01:31:42.0486 AM
[ReportManager] Successfully created attachment [Selenium WebDriver Logs - server] @29-04-2021 01:31:42.0536 AM
[ReportManager] Successfully created attachment [Selenium WebDriver Logs - performance] @29-04-2021 01:31:42.0706 AM
[ReportManager] Successfully created attachment [Selenium WebDriver Logs - driver] @29-04-2021 01:31:42.0998 AM
[ReportManager] Browser Action [closeCurrentWindow] successfully performed. @29-04-2021 01:31:43.0067 AM
[ReportManager] Successfully created attachment [Browser Action Test Data - closeCurrentWindow - Actual Value] @29-04-2021 01:31:43.0067 A
[ReportManager] File Action [getAbsolutePath] successfully performed. With the following test data [Relative Folder Path: "target/downloadedFiles/"]. @29-04-2021 01:31:43.0075 AM
[ReportManager] Attempting to run remotely on: [Linux-64], [GoogleChrome], [http://localhost:4444/wd/hub], Headless Execution. @29-04-2021 01:31:43.0075 AM
[ReportManager] Successfully Opened [GoogleChrome]. @29-04-2021 01:31:43.0311 AM
[ReportManager] Target URL: [https://duckduckgo.com] @29-04-2021 01:31:43.0329 AM
[ReportManager] Initial URL: [data:,] @29-04-2021 01:31:43.0366 AM
[ReportManager] Browser Action [navigateToURL] successfully performed. With the following test data [https://duckduckgo.com]. @29-04-2021 01:31:44.0066 A

################################################################################################################################################
Starting Execution:	[126 out of 137] test cases in the current suite
Test Method:		[unitTests.tests_browserActions.navigateToURL]
################################################################################################################################################
[ReportManager] Target URL: [https://duckduckgo.com] @29-04-2021 01:31:44.0074 AM
[ReportManager] Initial URL: [https://duckduckgo.com] @29-04-2021 01:31:44.0134 AM
[ReportManager] Browser Action [navigateToURL] successfully performed. With the following test data [https://duckduckgo.com]. @29-04-2021 01:31:44.0507 A
[ReportManager] Target URL: [https://duckduckgo.com] @29-04-2021 01:31:44.0511 AM
[ReportManager] Initial URL: [https://duckduckgo.com] @29-04-2021 01:31:44.0568 AM
[ReportManager] Browser Action [navigateToURL] successfully performed. With the following test data [https://duckduckgo.com]. @29-04-2021 01:31:44.0895 AM
[ReportManager] Successfully created attachment [Selenium WebDriver Logs - server] @29-04-2021 01:31:44.0949 AM
[ReportManager] Successfully created attachment [Selenium WebDriver Logs - performance] @29-04-2021 01:31:45.0134 AM
[ReportManager] Successfully created attachment [Selenium WebDriver Logs - driver] @29-04-2021 01:31:45.0334 AM
[ReportManager] Browser Action [closeCurrentWindow] successfully performed. @29-04-2021 01:31:45.0390 AM
[ReportManager] Successfully created attachment [Browser Action Test Data - closeCurrentWindow - Actual Value] @29-04-2021 01:31:45.0390 A
[ReportManager] File Action [getAbsolutePath] successfully performed. With the following test data [Relative Folder Path: "target/downloadedFiles/"]. @29-04-2021 01:31:45.0393 AM
[ReportManager] Attempting to run remotely on: [Linux-64], [GoogleChrome], [http://localhost:4444/wd/hub], Headless Execution. @29-04-2021 01:31:45.0393 AM
[ReportManager] Successfully Opened [GoogleChrome]. @29-04-2021 01:31:45.0616 AM
[ReportManager] Target URL: [https://duckduckgo.com] @29-04-2021 01:31:45.0626 AM
[ReportManager] Initial URL: [data:,] @29-04-2021 01:31:45.0666 AM
[ReportManager] Browser Action [navigateToURL] successfully performed. With the following test data [https://duckduckgo.com]. @29-04-2021 01:31:46.0398 A

################################################################################################################################################
Starting Execution:	[127 out of 137] test cases in the current suite
Test Method:		[unitTests.tests_browserActions.navigateToURLWithRedirection]
################################################################################################################################################
[ReportManager] Target URL: [https://www.google.com/ncr], and after redirection: [https://www.google.com] @29-04-2021 01:31:46.0408 AM
[ReportManager] Initial URL: [https://duckduckgo.com] @29-04-2021 01:31:46.0465 AM
[ReportManager] Browser Action [navigateToURL] successfully performed. With the following test data [https://www.google.com/ncr]. @29-04-2021 01:31:47.0297 A
[ReportManager] Target URL: [https://duckduckgo.com] @29-04-2021 01:31:47.0301 AM
[ReportManager] Initial URL: [https://www.google.com] @29-04-2021 01:31:47.0380 AM
[ReportManager] Browser Action [navigateToURL] successfully performed. With the following test data [https://duckduckgo.com]. @29-04-2021 01:31:47.0945 AM
[ReportManager] Successfully created attachment [Selenium WebDriver Logs - server] @29-04-2021 01:31:48.0008 AM
[ReportManager] Successfully created attachment [Selenium WebDriver Logs - performance] @29-04-2021 01:31:48.0131 AM
[ReportManager] Successfully created attachment [Selenium WebDriver Logs - driver] @29-04-2021 01:31:48.0297 AM
[ReportManager] Browser Action [closeCurrentWindow] successfully performed. @29-04-2021 01:31:48.0353 AM
[ReportManager] Successfully created attachment [Browser Action Test Data - closeCurrentWindow - Actual Value] @29-04-2021 01:31:48.0353 A
[ReportManager] File Action [getAbsolutePath] successfully performed. With the following test data [Relative Folder Path: "target/downloadedFiles/"]. @29-04-2021 01:31:48.0356 AM
[ReportManager] Attempting to run remotely on: [Linux-64], [GoogleChrome], [http://localhost:4444/wd/hub], Headless Execution. @29-04-2021 01:31:48.0357 AM
[ReportManager] Successfully Opened [GoogleChrome]. @29-04-2021 01:31:48.0563 AM
[ReportManager] Target URL: [https://duckduckgo.com] @29-04-2021 01:31:48.0572 AM
[ReportManager] Initial URL: [data:,] @29-04-2021 01:31:48.0609 AM
[ReportManager] Browser Action [navigateToURL] successfully performed. With the following test data [https://duckduckgo.com]. @29-04-2021 01:31:49.0308 A

################################################################################################################################################
Starting Execution:	[128 out of 137] test cases in the current suite
Test Method:		[unitTests.tests_browserActions.refreshCurrentPage]
################################################################################################################################################
[ReportManager] Browser Action [refreshCurrentPage] successfully performed. @29-04-2021 01:31:49.0614 AM
[ReportManager] Successfully created attachment [Browser Action Test Data - refreshCurrentPage - Actual Value] @29-04-2021 01:31:49.0616 A
[ReportManager] Target URL: [https://duckduckgo.com] @29-04-2021 01:31:49.0624 AM
[ReportManager] Initial URL: [https://duckduckgo.com] @29-04-2021 01:31:49.0680 AM
[ReportManager] Browser Action [navigateToURL] successfully performed. With the following test data [https://duckduckgo.com]. @29-04-2021 01:31:50.0030 AM
[ReportManager] Successfully created attachment [Selenium WebDriver Logs - server] @29-04-2021 01:31:50.0082 AM
[ReportManager] Successfully created attachment [Selenium WebDriver Logs - performance] @29-04-2021 01:31:50.0241 AM
[ReportManager] Successfully created attachment [Selenium WebDriver Logs - driver] @29-04-2021 01:31:50.0438 AM
[ReportManager] Browser Action [closeCurrentWindow] successfully performed. @29-04-2021 01:31:50.0494 AM
[ReportManager] Successfully created attachment [Browser Action Test Data - closeCurrentWindow - Actual Value] @29-04-2021 01:31:50.0494 A
[ReportManager] File Action [getAbsolutePath] successfully performed. With the following test data [Relative Folder Path: "target/downloadedFiles/"]. @29-04-2021 01:31:50.0497 AM
[ReportManager] Attempting to run remotely on: [Linux-64], [GoogleChrome], [http://localhost:4444/wd/hub], Headless Execution. @29-04-2021 01:31:50.0497 AM
[ReportManager] Successfully Opened [GoogleChrome]. @29-04-2021 01:31:50.0697 AM
[ReportManager] Target URL: [https://duckduckgo.com] @29-04-2021 01:31:50.0709 AM
[ReportManager] Initial URL: [data:,] @29-04-2021 01:31:50.0748 AM
[ReportManager] Browser Action [navigateToURL] successfully performed. With the following test data [https://duckduckgo.com]. @29-04-2021 01:31:51.0429 A

################################################################################################################################################
Starting Execution:	[129 out of 137] test cases in the current suite
Test Method:		[unitTests.tests_browserActions.setWindowSize]
################################################################################################################################################
[ReportManager] Initial window size: (800, 600) @29-04-2021 01:31:51.0449 AM
[ReportManager] Window size after SWD: (1280, 720) @29-04-2021 01:31:51.0674 AM
[ReportManager] Browser Action [setWindowSize] successfully performed. With the following test data [New screen size is now: (1280, 720)]. @29-04-2021 01:31:51.0674 A
[ReportManager] Target URL: [https://duckduckgo.com] @29-04-2021 01:31:51.0678 AM
[ReportManager] Initial URL: [https://duckduckgo.com] @29-04-2021 01:31:51.0732 AM
[ReportManager] Browser Action [navigateToURL] successfully performed. With the following test data [https://duckduckgo.com]. @29-04-2021 01:31:52.0102 AM
[ReportManager] Successfully created attachment [Selenium WebDriver Logs - server] @29-04-2021 01:31:52.0148 AM
[ReportManager] Successfully created attachment [Selenium WebDriver Logs - performance] @29-04-2021 01:31:52.0255 AM
[ReportManager] Successfully created attachment [Selenium WebDriver Logs - driver] @29-04-2021 01:31:52.0407 AM
[ReportManager] Browser Action [closeCurrentWindow] successfully performed. @29-04-2021 01:31:52.0469 AM
[ReportManager] Successfully created attachment [Browser Action Test Data - closeCurrentWindow - Actual Value] @29-04-2021 01:31:52.0469 A
[ReportManager] File Action [getAbsolutePath] successfully performed. With the following test data [Relative Folder Path: "target/downloadedFiles/"]. @29-04-2021 01:31:52.0472 AM
[ReportManager] Attempting to run remotely on: [Linux-64], [GoogleChrome], [http://localhost:4444/wd/hub], Headless Execution. @29-04-2021 01:31:52.0472 AM
[ReportManager] Successfully Opened [GoogleChrome]. @29-04-2021 01:31:52.0699 A

################################################################################################################################################
Starting Execution:	[130 out of 137] test cases in the current suite
Test Method:		[unitTests.tests_element_elementActions.waitForElementToBePresent_false_expectedToFail]
################################################################################################################################################
[ReportManager] Target URL: [https://www.google.com/ncr], and after redirection: [www.google.com] @29-04-2021 01:31:52.0718 AM
[ReportManager] Initial URL: [data:,] @29-04-2021 01:31:52.0756 AM
[ReportManager] Browser Action [navigateToURL] successfully performed. With the following test data [https://www.google.com/ncr]. @29-04-2021 01:31:53.0606 AM
[ReportManager] Waiting for element to be present; elementLocator [By.xpath: //img[@id='hplogo' or @alt='Google']], numberOfTries[1], stateOfPresence[false]... @29-04-2021 01:31:53.0609 AM
[ReportManager] Element Action [waitForElementToBePresent] failed. With the following test data [waited for the element's state of presence to be (false). Element locator (By.xpath: //img[@id='hplogo' or @alt='Google'])]. @29-04-2021 01:31:53.0795 AM
[ReportManager] Successfully created attachment [Screenshot - 1619659913737_waitForElementToBePresent_false_expectedToFail_waitForElementToBePresent_failed] @29-04-2021 01:31:53.0796 A
[ReportManager] Successfully created attachment [Selenium WebDriver Logs - server] @29-04-2021 01:31:53.0871 AM
[ReportManager] Successfully created attachment [Selenium WebDriver Logs - performance] @29-04-2021 01:31:53.0905 AM
[ReportManager] Successfully created attachment [Selenium WebDriver Logs - driver] @29-04-2021 01:31:53.0973 AM
[ReportManager] Browser Action [closeCurrentWindow] successfully performed. @29-04-2021 01:31:54.0029 AM
[ReportManager] Successfully created attachment [Browser Action Test Data - closeCurrentWindow - Actual Value] @29-04-2021 01:31:54.0030 A
[ReportManager] File Action [getAbsolutePath] successfully performed. With the following test data [Relative Folder Path: "target/downloadedFiles/"]. @29-04-2021 01:31:54.0033 AM
[ReportManager] Attempting to run remotely on: [Linux-64], [GoogleChrome], [http://localhost:4444/wd/hub], Headless Execution. @29-04-2021 01:31:54.0033 AM
[ReportManager] Successfully Opened [GoogleChrome]. @29-04-2021 01:31:54.0279 A

################################################################################################################################################
Starting Execution:	[131 out of 137] test cases in the current suite
Test Method:		[unitTests.tests_element_elementActions.waitForElementToBePresent_false_expectedToPass]
################################################################################################################################################
[ReportManager] Target URL: [https://www.google.com/ncr], and after redirection: [www.google.com] @29-04-2021 01:31:54.0298 AM
[ReportManager] Initial URL: [data:,] @29-04-2021 01:31:54.0338 AM
[ReportManager] Browser Action [navigateToURL] successfully performed. With the following test data [https://www.google.com/ncr]. @29-04-2021 01:31:55.0231 AM
[ReportManager] Waiting for element to be present; elementLocator [By.id: bla], numberOfTries[1], stateOfPresence[false]... @29-04-2021 01:31:55.0232 AM
[ReportManager] Element Action [waitForElementToBePresent] successfully performed. With the following test data [waited for the element's state of presence to be (false). Element locator (By.id: bla)]. @29-04-2021 01:32:00.0349 A
[ReportManager] Successfully created attachment [Selenium WebDriver Logs - server] @29-04-2021 01:32:00.0433 AM
[ReportManager] Successfully created attachment [Selenium WebDriver Logs - performance] @29-04-2021 01:32:00.0467 AM
[ReportManager] Successfully created attachment [Selenium WebDriver Logs - driver] @29-04-2021 01:32:00.0533 AM
[ReportManager] Browser Action [closeCurrentWindow] successfully performed. @29-04-2021 01:32:00.0588 AM
[ReportManager] Successfully created attachment [Browser Action Test Data - closeCurrentWindow - Actual Value] @29-04-2021 01:32:00.0589 A
[ReportManager] File Action [getAbsolutePath] successfully performed. With the following test data [Relative Folder Path: "target/downloadedFiles/"]. @29-04-2021 01:32:00.0592 AM
[ReportManager] Attempting to run remotely on: [Linux-64], [GoogleChrome], [http://localhost:4444/wd/hub], Headless Execution. @29-04-2021 01:32:00.0592 AM
[ReportManager] Successfully Opened [GoogleChrome]. @29-04-2021 01:32:00.0805 A

################################################################################################################################################
Starting Execution:	[132 out of 137] test cases in the current suite
Test Method:		[unitTests.tests_element_elementActions.waitForElementToBePresent_moreThanOneElement_expectedToFail]
################################################################################################################################################
[ReportManager] Target URL: [https://www.google.com/ncr], and after redirection: [www.google.com] @29-04-2021 01:32:00.0822 AM
[ReportManager] Initial URL: [data:,] @29-04-2021 01:32:00.0865 AM
[ReportManager] Browser Action [navigateToURL] successfully performed. With the following test data [https://www.google.com/ncr]. @29-04-2021 01:32:01.0745 AM
[ReportManager] Waiting for element to be present; elementLocator [By.xpath: //*], numberOfTries[1], stateOfPresence[false]... @29-04-2021 01:32:01.0745 AM
[ReportManager] Element Action [waitForElementToBePresent] failed. With the following test data [waited for the element's state of presence to be (false). Element locator (By.xpath: //*)]. @29-04-2021 01:32:01.0943 AM
[ReportManager] Successfully created attachment [Screenshot - 1619659921885_waitForElementToBePresent_moreThanOneElement_expectedToFail_waitForElementToBePresent_failed] @29-04-2021 01:32:01.0944 A
[ReportManager] Successfully created attachment [Selenium WebDriver Logs - server] @29-04-2021 01:32:02.0019 AM
[ReportManager] Successfully created attachment [Selenium WebDriver Logs - performance] @29-04-2021 01:32:02.0054 AM
[ReportManager] Successfully created attachment [Selenium WebDriver Logs - driver] @29-04-2021 01:32:02.0126 AM
[ReportManager] Browser Action [closeCurrentWindow] successfully performed. @29-04-2021 01:32:02.0182 AM
[ReportManager] Successfully created attachment [Browser Action Test Data - closeCurrentWindow - Actual Value] @29-04-2021 01:32:02.0183 A
[ReportManager] File Action [getAbsolutePath] successfully performed. With the following test data [Relative Folder Path: "target/downloadedFiles/"]. @29-04-2021 01:32:02.0191 AM
[ReportManager] Attempting to run remotely on: [Linux-64], [GoogleChrome], [http://localhost:4444/wd/hub], Headless Execution. @29-04-2021 01:32:02.0191 AM
[ReportManager] Successfully Opened [GoogleChrome]. @29-04-2021 01:32:02.0427 A

################################################################################################################################################
Starting Execution:	[133 out of 137] test cases in the current suite
Test Method:		[unitTests.tests_element_elementActions.waitForElementToBePresent_true_expectedToFail]
################################################################################################################################################
[ReportManager] Target URL: [https://www.google.com/ncr], and after redirection: [www.google.com] @29-04-2021 01:32:02.0442 AM
[ReportManager] Initial URL: [data:,] @29-04-2021 01:32:02.0482 AM
[ReportManager] Browser Action [navigateToURL] successfully performed. With the following test data [https://www.google.com/ncr]. @29-04-2021 01:32:03.0433 AM
[ReportManager] Waiting for element to be present; elementLocator [By.id: bla], numberOfTries[1], stateOfPresence[true]... @29-04-2021 01:32:03.0434 AM
[ReportManager] Element Action [waitForElementToBePresent] failed. With the following test data [waited for the element's state of presence to be (true). Element locator (By.id: bla)]. @29-04-2021 01:32:08.0674 AM
[ReportManager] Successfully created attachment [Screenshot - 1619659928620_waitForElementToBePresent_true_expectedToFail_waitForElementToBePresent_failed] @29-04-2021 01:32:08.0674 A
[ReportManager] Successfully created attachment [Selenium WebDriver Logs - server] @29-04-2021 01:32:08.0754 AM
[ReportManager] Successfully created attachment [Selenium WebDriver Logs - performance] @29-04-2021 01:32:08.0785 AM
[ReportManager] Successfully created attachment [Selenium WebDriver Logs - driver] @29-04-2021 01:32:08.0857 AM
[ReportManager] Browser Action [closeCurrentWindow] successfully performed. @29-04-2021 01:32:08.0873 AM
[ReportManager] Successfully created attachment [Browser Action Test Data - closeCurrentWindow - Actual Value] @29-04-2021 01:32:08.0874 A
[ReportManager] File Action [getAbsolutePath] successfully performed. With the following test data [Relative Folder Path: "target/downloadedFiles/"]. @29-04-2021 01:32:08.0876 AM
[ReportManager] Attempting to run remotely on: [Linux-64], [GoogleChrome], [http://localhost:4444/wd/hub], Headless Execution. @29-04-2021 01:32:08.0876 AM
[ReportManager] Successfully Opened [GoogleChrome]. @29-04-2021 01:32:09.0098 A

################################################################################################################################################
Starting Execution:	[134 out of 137] test cases in the current suite
Test Method:		[unitTests.tests_element_elementActions.waitForElementToBePresent_true_expectedToPass]
################################################################################################################################################
[ReportManager] Target URL: [https://www.google.com/ncr], and after redirection: [www.google.com] @29-04-2021 01:32:09.0109 AM
[ReportManager] Initial URL: [data:,] @29-04-2021 01:32:09.0148 AM
[ReportManager] Browser Action [navigateToURL] successfully performed. With the following test data [https://www.google.com/ncr]. @29-04-2021 01:32:10.0051 AM
[ReportManager] Waiting for element to be present; elementLocator [By.xpath: //img[@id='hplogo' or @alt='Google']], numberOfTries[1], stateOfPresence[true]... @29-04-2021 01:32:10.0051 AM
[ReportManager] Element Action [waitForElementToBePresent] successfully performed. With the following test data [waited for the element's state of presence to be (true). Element locator (By.xpath: //img[@id='hplogo' or @alt='Google'])]. @29-04-2021 01:32:10.0107 AM
[ReportManager] Using Visual AI; OpenCV... @29-04-2021 01:32:10.0109 AM
[ReportManager] File Action [doesFileExist] successfully performed. With the following test data [File Path: "src/test/resources/DynamicObjectRepository/unitTests_tests_element_elementActions_waitForElementToBePresent_true_expectedToPass_By_xpath_img_id_hplogo_or_alt_Google.png"]. @29-04-2021 01:32:10.0110 AM
[ReportManager] File Action [doesFileExist] successfully performed. With the following test data [File Path: "src/test/resources/DynamicObjectRepository/unitTests_tests_element_elementActions_waitForElementToBePresent_true_expectedToPass_By_xpath_img_id_hplogo_or_alt_Google.png"]. @29-04-2021 01:32:10.0269 AM
[ReportManager] Passing the test and saving a reference image @29-04-2021 01:32:10.0269 AM
[ReportManager] File Action [getAbsolutePath] successfully performed. With the following test data [Relative File Path: "src/test/resources/DynamicObjectRepository/unitTests_tests_element_elementActions_waitForElementToBePresent_true_expectedToPass_By_xpath_img_id_hplogo_or_alt_Google.png"]. @29-04-2021 01:32:10.0269 AM
[ReportManager] File Action [writeToFile] successfully performed. With the following test data [Target File Path: "/home/runner/work/SHAFT_ENGINE/SHAFT_ENGINE/src/test/resources/DynamicObjectRepository/unitTests_tests_element_elementActions_waitForElementToBePresent_true_expectedToPass_By_xpath_img_id_hplogo_or_alt_Google.png"]. @29-04-2021 01:32:10.0271 AM
[ReportManager] AssertElementMatches PASSED; Expected [Element should match the reference screenshot] and Actual [TRUE]. Comparison Type [EXACT_OPENCV]. Validation Type [POSITIVE]. @29-04-2021 01:32:10.0271 AM
[ReportManager] Successfully created attachment [Validation Test Data - Actual Screenshot] @29-04-2021 01:32:10.0271 A
[ReportManager] Successfully created attachment [Selenium WebDriver Logs - server] @29-04-2021 01:32:10.0393 AM
[ReportManager] Successfully created attachment [Selenium WebDriver Logs - performance] @29-04-2021 01:32:10.0428 AM
[ReportManager] Successfully created attachment [Selenium WebDriver Logs - driver] @29-04-2021 01:32:10.0504 AM
[ReportManager] Browser Action [closeCurrentWindow] successfully performed. @29-04-2021 01:32:10.0560 AM
[ReportManager] Successfully created attachment [Browser Action Test Data - closeCurrentWindow - Actual Value] @29-04-2021 01:32:10.0560 A

################################################################################################################################################
Starting Execution:	[135 out of 137] test cases in the current suite
Test Method:		[unitTests.tests_restActions.getPostsAndAssertBodyForSpecificTitle]
################################################################################################################################################
[ReportManager] Response status code: [200], status line: [HTTP/1.1 200 OK] @29-04-2021 01:32:11.0908 AM
[ReportManager] Evaluating the actual response status code against the expected one...... @29-04-2021 01:32:11.0908 AM
[ReportManager] AssertEquals PASSED; Expected [200] and Actual [200]. Comparison Type [EQUALS]. Validation Type [POSITIVE]. @29-04-2021 01:32:11.0908 AM
[ReportManager] API Action [performRequest] successfully performed. With the following test data [Request Type: "GET" | Target Status Code: "200" | Service URL: "https://jsonplaceholder.typicode.com/posts" | Content Type: "*/*" | Response Time: "860ms"]. @29-04-2021 01:32:12.0099 AM
[ReportManager] Successfully created attachment [API Response - JSON Body] @29-04-2021 01:32:12.0100 AM
[ReportManager] API Action [getResponseJSONValueAsList] successfully performed. @29-04-2021 01:32:12.0129 AM
[ReportManager] API Action [getResponseJSONValue] successfully performed. With the following test data [title]. @29-04-2021 01:32:12.0152 AM
[ReportManager] API Action [getResponseJSONValue] successfully performed. With the following test data [title]. @29-04-2021 01:32:12.0176 AM
[ReportManager] API Action [getResponseJSONValue] successfully performed. With the following test data [body]. @29-04-2021 01:32:12.0194 AM
[ReportManager] AssertEquals PASSED; Expected [qui neque nisi nulla] and Actual [est rerum tempore vitae
sequi sint nihil reprehenderit dolor beatae ea dolores neque
fugiat blanditiis voluptate porro vel nihil molestiae ut reiciendis
qui aperiam non debitis possimus qui neque nisi nulla]. Comparison Type [CONTAINS]. Validation Type [POSITIVE]. @29-04-2021 01:32:12.0194 AM
[ReportManager] API Action [getResponseJSONValue] successfully performed. With the following test data [title]. @29-04-2021 01:32:12.0209 AM
[ReportManager] API Action [getResponseJSONValue] successfully performed. With the following test data [title]. @29-04-2021 01:32:12.0225 AM
[ReportManager] API Action [getResponseJSONValue] successfully performed. With the following test data [title]. @29-04-2021 01:32:12.0241 AM
[ReportManager] API Action [getResponseJSONValue] successfully performed. With the following test data [title]. @29-04-2021 01:32:12.0259 AM
[ReportManager] API Action [getResponseJSONValue] successfully performed. With the following test data [title]. @29-04-2021 01:32:12.0279 AM
[ReportManager] API Action [getResponseJSONValue] successfully performed. With the following test data [title]. @29-04-2021 01:32:12.0295 AM
[ReportManager] API Action [getResponseJSONValue] successfully performed. With the following test data [title]. @29-04-2021 01:32:12.0309 AM
[ReportManager] API Action [getResponseJSONValue] successfully performed. With the following test data [title]. @29-04-2021 01:32:12.0325 AM
[ReportManager] API Action [getResponseJSONValue] successfully performed. With the following test data [title]. @29-04-2021 01:32:12.0341 AM
[ReportManager] API Action [getResponseJSONValue] successfully performed. With the following test data [title]. @29-04-2021 01:32:12.0360 AM
[ReportManager] API Action [getResponseJSONValue] successfully performed. With the following test data [title]. @29-04-2021 01:32:12.0385 AM
[ReportManager] API Action [getResponseJSONValue] successfully performed. With the following test data [title]. @29-04-2021 01:32:12.0397 AM
[ReportManager] API Action [getResponseJSONValue] successfully performed. With the following test data [title]. @29-04-2021 01:32:12.0414 AM
[ReportManager] API Action [getResponseJSONValue] successfully performed. With the following test data [title]. @29-04-2021 01:32:12.0440 AM
[ReportManager] API Action [getResponseJSONValue] successfully performed. With the following test data [title]. @29-04-2021 01:32:12.0460 AM
[ReportManager] API Action [getResponseJSONValue] successfully performed. With the following test data [title]. @29-04-2021 01:32:12.0475 AM
[ReportManager] API Action [getResponseJSONValue] successfully performed. With the following test data [title]. @29-04-2021 01:32:12.0494 AM
[ReportManager] API Action [getResponseJSONValue] successfully performed. With the following test data [title]. @29-04-2021 01:32:12.0506 AM
[ReportManager] API Action [getResponseJSONValue] successfully performed. With the following test data [title]. @29-04-2021 01:32:12.0523 AM
[ReportManager] API Action [getResponseJSONValue] successfully performed. With the following test data [title]. @29-04-2021 01:32:12.0540 AM
[ReportManager] API Action [getResponseJSONValue] successfully performed. With the following test data [title]. @29-04-2021 01:32:12.0562 AM
[ReportManager] API Action [getResponseJSONValue] successfully performed. With the following test data [title]. @29-04-2021 01:32:12.0577 AM
[ReportManager] API Action [getResponseJSONValue] successfully performed. With the following test data [title]. @29-04-2021 01:32:12.0592 AM
[ReportManager] API Action [getResponseJSONValue] successfully performed. With the following test data [title]. @29-04-2021 01:32:12.0604 AM
[ReportManager] API Action [getResponseJSONValue] successfully performed. With the following test data [title]. @29-04-2021 01:32:12.0614 AM
[ReportManager] API Action [getResponseJSONValue] successfully performed. With the following test data [title]. @29-04-2021 01:32:12.0627 AM
[ReportManager] API Action [getResponseJSONValue] successfully performed. With the following test data [title]. @29-04-2021 01:32:12.0644 AM
[ReportManager] API Action [getResponseJSONValue] successfully performed. With the following test data [title]. @29-04-2021 01:32:12.0654 AM
[ReportManager] API Action [getResponseJSONValue] successfully performed. With the following test data [title]. @29-04-2021 01:32:12.0661 AM
[ReportManager] API Action [getResponseJSONValue] successfully performed. With the following test data [title]. @29-04-2021 01:32:12.0669 AM
[ReportManager] API Action [getResponseJSONValue] successfully performed. With the following test data [title]. @29-04-2021 01:32:12.0677 AM
[ReportManager] API Action [getResponseJSONValue] successfully performed. With the following test data [title]. @29-04-2021 01:32:12.0684 AM
[ReportManager] API Action [getResponseJSONValue] successfully performed. With the following test data [title]. @29-04-2021 01:32:12.0692 AM
[ReportManager] API Action [getResponseJSONValue] successfully performed. With the following test data [title]. @29-04-2021 01:32:12.0699 AM
[ReportManager] API Action [getResponseJSONValue] successfully performed. With the following test data [title]. @29-04-2021 01:32:12.0708 AM
[ReportManager] API Action [getResponseJSONValue] successfully performed. With the following test data [title]. @29-04-2021 01:32:12.0716 AM
[ReportManager] API Action [getResponseJSONValue] successfully performed. With the following test data [title]. @29-04-2021 01:32:12.0725 AM
[ReportManager] API Action [getResponseJSONValue] successfully performed. With the following test data [title]. @29-04-2021 01:32:12.0733 AM
[ReportManager] API Action [getResponseJSONValue] successfully performed. With the following test data [title]. @29-04-2021 01:32:12.0740 AM
[ReportManager] API Action [getResponseJSONValue] successfully performed. With the following test data [title]. @29-04-2021 01:32:12.0749 AM
[ReportManager] API Action [getResponseJSONValue] successfully performed. With the following test data [title]. @29-04-2021 01:32:12.0757 AM
[ReportManager] API Action [getResponseJSONValue] successfully performed. With the following test data [title]. @29-04-2021 01:32:12.0766 AM
[ReportManager] API Action [getResponseJSONValue] successfully performed. With the following test data [title]. @29-04-2021 01:32:12.0773 AM
[ReportManager] API Action [getResponseJSONValue] successfully performed. With the following test data [title]. @29-04-2021 01:32:12.0780 AM
[ReportManager] API Action [getResponseJSONValue] successfully performed. With the following test data [title]. @29-04-2021 01:32:12.0789 AM
[ReportManager] API Action [getResponseJSONValue] successfully performed. With the following test data [title]. @29-04-2021 01:32:12.0796 AM
[ReportManager] API Action [getResponseJSONValue] successfully performed. With the following test data [title]. @29-04-2021 01:32:12.0805 AM
[ReportManager] API Action [getResponseJSONValue] successfully performed. With the following test data [title]. @29-04-2021 01:32:12.0812 AM
[ReportManager] API Action [getResponseJSONValue] successfully performed. With the following test data [title]. @29-04-2021 01:32:12.0821 AM
[ReportManager] API Action [getResponseJSONValue] successfully performed. With the following test data [title]. @29-04-2021 01:32:12.0830 AM
[ReportManager] API Action [getResponseJSONValue] successfully performed. With the following test data [title]. @29-04-2021 01:32:12.0838 AM
[ReportManager] API Action [getResponseJSONValue] successfully performed. With the following test data [title]. @29-04-2021 01:32:12.0845 AM
[ReportManager] API Action [getResponseJSONValue] successfully performed. With the following test data [title]. @29-04-2021 01:32:12.0853 AM
[ReportManager] API Action [getResponseJSONValue] successfully performed. With the following test data [title]. @29-04-2021 01:32:12.0863 AM
[ReportManager] API Action [getResponseJSONValue] successfully performed. With the following test data [title]. @29-04-2021 01:32:12.0871 AM
[ReportManager] API Action [getResponseJSONValue] successfully performed. With the following test data [title]. @29-04-2021 01:32:12.0878 AM
[ReportManager] API Action [getResponseJSONValue] successfully performed. With the following test data [title]. @29-04-2021 01:32:12.0885 AM
[ReportManager] API Action [getResponseJSONValue] successfully performed. With the following test data [title]. @29-04-2021 01:32:12.0900 AM
[ReportManager] API Action [getResponseJSONValue] successfully performed. With the following test data [title]. @29-04-2021 01:32:12.0923 AM
[ReportManager] API Action [getResponseJSONValue] successfully performed. With the following test data [title]. @29-04-2021 01:32:12.0934 AM
[ReportManager] API Action [getResponseJSONValue] successfully performed. With the following test data [title]. @29-04-2021 01:32:12.0943 AM
[ReportManager] API Action [getResponseJSONValue] successfully performed. With the following test data [title]. @29-04-2021 01:32:12.0951 AM
[ReportManager] API Action [getResponseJSONValue] successfully performed. With the following test data [title]. @29-04-2021 01:32:12.0958 AM
[ReportManager] API Action [getResponseJSONValue] successfully performed. With the following test data [title]. @29-04-2021 01:32:12.0970 AM
[ReportManager] API Action [getResponseJSONValue] successfully performed. With the following test data [title]. @29-04-2021 01:32:12.0978 AM
[ReportManager] API Action [getResponseJSONValue] successfully performed. With the following test data [title]. @29-04-2021 01:32:12.0985 AM
[ReportManager] API Action [getResponseJSONValue] successfully performed. With the following test data [title]. @29-04-2021 01:32:12.0992 AM
[ReportManager] API Action [getResponseJSONValue] successfully performed. With the following test data [title]. @29-04-2021 01:32:13.0000 AM
[ReportManager] API Action [getResponseJSONValue] successfully performed. With the following test data [title]. @29-04-2021 01:32:13.0008 AM
[ReportManager] API Action [getResponseJSONValue] successfully performed. With the following test data [title]. @29-04-2021 01:32:13.0017 AM
[ReportManager] API Action [getResponseJSONValue] successfully performed. With the following test data [title]. @29-04-2021 01:32:13.0023 AM
[ReportManager] API Action [getResponseJSONValue] successfully performed. With the following test data [title]. @29-04-2021 01:32:13.0033 AM
[ReportManager] API Action [getResponseJSONValue] successfully performed. With the following test data [title]. @29-04-2021 01:32:13.0040 AM
[ReportManager] API Action [getResponseJSONValue] successfully performed. With the following test data [title]. @29-04-2021 01:32:13.0048 AM
[ReportManager] API Action [getResponseJSONValue] successfully performed. With the following test data [title]. @29-04-2021 01:32:13.0058 AM
[ReportManager] API Action [getResponseJSONValue] successfully performed. With the following test data [title]. @29-04-2021 01:32:13.0067 AM
[ReportManager] API Action [getResponseJSONValue] successfully performed. With the following test data [title]. @29-04-2021 01:32:13.0074 AM
[ReportManager] API Action [getResponseJSONValue] successfully performed. With the following test data [title]. @29-04-2021 01:32:13.0081 AM
[ReportManager] API Action [getResponseJSONValue] successfully performed. With the following test data [title]. @29-04-2021 01:32:13.0088 AM
[ReportManager] API Action [getResponseJSONValue] successfully performed. With the following test data [title]. @29-04-2021 01:32:13.0095 AM
[ReportManager] API Action [getResponseJSONValue] successfully performed. With the following test data [title]. @29-04-2021 01:32:13.0102 AM
[ReportManager] API Action [getResponseJSONValue] successfully performed. With the following test data [title]. @29-04-2021 01:32:13.0110 AM
[ReportManager] API Action [getResponseJSONValue] successfully performed. With the following test data [title]. @29-04-2021 01:32:13.0118 AM
[ReportManager] API Action [getResponseJSONValue] successfully performed. With the following test data [title]. @29-04-2021 01:32:13.0125 AM
[ReportManager] API Action [getResponseJSONValue] successfully performed. With the following test data [title]. @29-04-2021 01:32:13.0134 AM
[ReportManager] API Action [getResponseJSONValue] successfully performed. With the following test data [title]. @29-04-2021 01:32:13.0141 AM
[ReportManager] API Action [getResponseJSONValue] successfully performed. With the following test data [title]. @29-04-2021 01:32:13.0149 AM
[ReportManager] API Action [getResponseJSONValue] successfully performed. With the following test data [title]. @29-04-2021 01:32:13.0157 AM
[ReportManager] API Action [getResponseJSONValue] successfully performed. With the following test data [title]. @29-04-2021 01:32:13.0164 AM
[ReportManager] API Action [getResponseJSONValue] successfully performed. With the following test data [title]. @29-04-2021 01:32:13.0173 AM
[ReportManager] API Action [getResponseJSONValue] successfully performed. With the following test data [title]. @29-04-2021 01:32:13.0179 AM
[ReportManager] API Action [getResponseJSONValue] successfully performed. With the following test data [title]. @29-04-2021 01:32:13.0187 AM
[ReportManager] API Action [getResponseJSONValue] successfully performed. With the following test data [title]. @29-04-2021 01:32:13.0194 AM
[ReportManager] API Action [getResponseJSONValue] successfully performed. With the following test data [title]. @29-04-2021 01:32:13.0202 AM
[ReportManager] API Action [getResponseJSONValue] successfully performed. With the following test data [title]. @29-04-2021 01:32:13.0218 AM
[ReportManager] API Action [getResponseJSONValue] successfully performed. With the following test data [title]. @29-04-2021 01:32:13.0232 AM
[ReportManager] API Action [getResponseJSONValue] successfully performed. With the following test data [title]. @29-04-2021 01:32:13.0242 AM
[ReportManager] API Action [getResponseJSONValue] successfully performed. With the following test data [title]. @29-04-2021 01:32:13.0284 A

################################################################################################################################################
Starting Execution:	[136 out of 137] test cases in the current suite
Test Method:		[unitTests.tests_restActions.validateUserEmail]
################################################################################################################################################
[ReportManager] Response status code: [200], status line: [HTTP/1.1 200 OK] @29-04-2021 01:32:13.0793 AM
[ReportManager] Evaluating the actual response status code against the expected one...... @29-04-2021 01:32:13.0793 AM
[ReportManager] AssertEquals PASSED; Expected [200] and Actual [200]. Comparison Type [EQUALS]. Validation Type [POSITIVE]. @29-04-2021 01:32:13.0793 AM
[ReportManager] API Action [performRequest] successfully performed. With the following test data [Request Type: "GET" | Target Status Code: "200" | Service URL: "https://jsonplaceholder.typicode.com/users" | Content Type: "*/*" | Response Time: "478ms"]. @29-04-2021 01:32:13.0815 AM
[ReportManager] Successfully created attachment [API Response - JSON Body] @29-04-2021 01:32:13.0815 AM
[ReportManager] AssertEquals PASSED; Expected and Actual values are attached. Comparison Type [CONTAINS]. Validation Type [POSITIVE]. @29-04-2021 01:32:13.0818 AM
[ReportManager] Successfully created attachment [Validation Test Data - Expected Value] @29-04-2021 01:32:13.0818 AM
[ReportManager] Successfully created attachment [Validation Test Data - Actual Value] @29-04-2021 01:32:13.0818 AM
[ReportManager] API Action [getResponseJSONValueAsList] successfully performed. With the following test data [$]. @29-04-2021 01:32:13.0823 AM
[ReportManager] API Action [getResponseJSONValue] successfully performed. With the following test data [name]. @29-04-2021 01:32:13.0836 AM
[ReportManager] API Action [getResponseJSONValue] successfully performed. With the following test data [email]. @29-04-2021 01:32:13.0846 AM
[ReportManager] AssertEquals PASSED; Expected [Sincere@april.biz] and Actual [Sincere@april.biz]. Comparison Type [EQUALS]. Validation Type [POSITIVE]. @29-04-2021 01:32:13.0846 AM
[ReportManager] API Action [getResponseJSONValue] successfully performed. With the following test data [name]. @29-04-2021 01:32:13.0859 AM
[ReportManager] API Action [getResponseJSONValue] successfully performed. With the following test data [name]. @29-04-2021 01:32:13.0872 AM
[ReportManager] API Action [getResponseJSONValue] successfully performed. With the following test data [name]. @29-04-2021 01:32:13.0882 AM
[ReportManager] API Action [getResponseJSONValue] successfully performed. With the following test data [name]. @29-04-2021 01:32:13.0890 AM
[ReportManager] API Action [getResponseJSONValue] successfully performed. With the following test data [name]. @29-04-2021 01:32:13.0898 AM
[ReportManager] API Action [getResponseJSONValue] successfully performed. With the following test data [name]. @29-04-2021 01:32:13.0908 AM
[ReportManager] API Action [getResponseJSONValue] successfully performed. With the following test data [name]. @29-04-2021 01:32:13.0918 AM
[ReportManager] API Action [getResponseJSONValue] successfully performed. With the following test data [name]. @29-04-2021 01:32:13.0927 AM
[ReportManager] API Action [getResponseJSONValue] successfully performed. With the following test data [name]. @29-04-2021 01:32:13.0936 A
[ReportManager] Successfully loaded the following test data file [src/test/resources/TestDataFiles/testSuite01/TestData.xlsx]. @29-04-2021 01:32:13.0980 AM
[ReportManager] Successfully created attachment [Test Data - Excel] @29-04-2021 01:32:13.0981 A

################################################################################################################################################
Starting Execution:	[137 out of 137] test cases in the current suite
Test Method:		[unitTests.tests_io_excelFileManager.getCellData_rowName_expectedToPass]
################################################################################################################################################
[ReportManager] testRowData. @29-04-2021 01:32:13.0983 A

################################################################################################################################################
Test Closure Activities
################################################################################################################################################
[ReportManager] Successfully created attachment [SHAFT Engine Logs - Execution log] @29-04-2021 01:32:14.0002 AM

################################################################################################################################################
This test run was powered by SHAFT Engine Version: [SHAFT Engine v5.2.20210427]
SHAFT Engine is licensed under the MIT License: [https://github.com/MohabMohie/SHAFT_ENGINE/blob/master/LICENSE].
################################################################################################################################################