################################################################################################################################################
Detected SHAFT Engine Version: [SHAFT Engine v5.1]
################################################################################################################################################
[ReportManager] File Action [getAbsolutePath] successfully performed. With the following test data [Relative Folder Path: "target/downloadedFiles/"]. @12-02-2021 01:30:02.0011 AM
[ReportManager] Attempting to run remotely on: [Linux-64], [GoogleChrome], [http://localhost:4444/wd/hub], Headless Execution. @12-02-2021 01:30:02.0067 AM
[ReportManager] Successfully Opened [GoogleChrome]. @12-02-2021 01:30:03.0707 A

################################################################################################################################################
Starting Execution:	[1 out of 134] test cases in the current suite
Test Method:		[unitTests.tests_element_elementActions.waitForElementToBePresent_false_expectedToFail]
################################################################################################################################################
[ReportManager] Target URL: [https://www.google.com/ncr], and after redirection: [www.google.com] @12-02-2021 01:30:03.0999 AM
[ReportManager] Initial URL: [data:,] @12-02-2021 01:30:04.0089 AM
[ReportManager] Browser Action [navigateToURL] successfully performed. With the following test data [https://www.google.com/ncr]. @12-02-2021 01:30:05.0404 AM
[ReportManager] Waiting for element to be present; elementLocator [By.id: hplogo], numberOfTries[1], stateOfPresence[false]... @12-02-2021 01:30:05.0412 AM
[ReportManager] Element Action [waitForElementToBePresent] failed. With the following test data [waited up to (5) seconds, for the element's state of presence to be (false). Element locator (By.id: hplogo)]. @12-02-2021 01:30:05.0947 AM
[ReportManager] Successfully created attachment [Screenshot - 1613093405598_waitForElementToBePresent_false_expectedToFail_waitForElementToBePresent_failed] @12-02-2021 01:30:05.0948 A
[ReportManager] Successfully created attachment [Selenium WebDriver Logs - server] @12-02-2021 01:30:06.0103 AM
[ReportManager] Successfully created attachment [Selenium WebDriver Logs - performance] @12-02-2021 01:30:06.0183 AM
[ReportManager] Successfully created attachment [Selenium WebDriver Logs - driver] @12-02-2021 01:30:06.0373 AM
[ReportManager] Browser Action [closeCurrentWindow] successfully performed. @12-02-2021 01:30:06.0434 AM
[ReportManager] Successfully created attachment [Browser Action Test Data - closeCurrentWindow - Actual Value] @12-02-2021 01:30:06.0438 A
[ReportManager] File Action [getAbsolutePath] successfully performed. With the following test data [Relative Folder Path: "target/downloadedFiles/"]. @12-02-2021 01:30:06.0455 AM
[ReportManager] Attempting to run remotely on: [Linux-64], [GoogleChrome], [http://localhost:4444/wd/hub], Headless Execution. @12-02-2021 01:30:06.0455 AM
[ReportManager] Successfully Opened [GoogleChrome]. @12-02-2021 01:30:07.0110 A

################################################################################################################################################
Starting Execution:	[2 out of 134] test cases in the current suite
Test Method:		[unitTests.tests_element_elementActions.waitForElementToBePresent_false_expectedToPass]
################################################################################################################################################
[ReportManager] Target URL: [https://www.google.com/ncr], and after redirection: [www.google.com] @12-02-2021 01:30:07.0169 AM
[ReportManager] Initial URL: [data:,] @12-02-2021 01:30:07.0234 AM
[ReportManager] Browser Action [navigateToURL] successfully performed. With the following test data [https://www.google.com/ncr]. @12-02-2021 01:30:08.0065 AM
[ReportManager] Waiting for element to be present; elementLocator [By.id: bla], numberOfTries[1], stateOfPresence[false]... @12-02-2021 01:30:08.0065 AM
[ReportManager] Element Action [waitForElementToBePresent] successfully performed. With the following test data [waited up to (5) seconds, for the element's state of presence to be (false). Element locator (By.id: bla)]. @12-02-2021 01:30:08.0116 A
[ReportManager] Successfully created attachment [Selenium WebDriver Logs - server] @12-02-2021 01:30:08.0229 AM
[ReportManager] Successfully created attachment [Selenium WebDriver Logs - performance] @12-02-2021 01:30:08.0264 AM
[ReportManager] Successfully created attachment [Selenium WebDriver Logs - driver] @12-02-2021 01:30:08.0385 AM
[ReportManager] Browser Action [closeCurrentWindow] successfully performed. @12-02-2021 01:30:08.0446 AM
[ReportManager] Successfully created attachment [Browser Action Test Data - closeCurrentWindow - Actual Value] @12-02-2021 01:30:08.0447 A
[ReportManager] File Action [getAbsolutePath] successfully performed. With the following test data [Relative Folder Path: "target/downloadedFiles/"]. @12-02-2021 01:30:08.0460 AM
[ReportManager] Attempting to run remotely on: [Linux-64], [GoogleChrome], [http://localhost:4444/wd/hub], Headless Execution. @12-02-2021 01:30:08.0460 AM
[ReportManager] Successfully Opened [GoogleChrome]. @12-02-2021 01:30:09.0039 A

################################################################################################################################################
Starting Execution:	[3 out of 134] test cases in the current suite
Test Method:		[unitTests.tests_element_elementActions.waitForElementToBePresent_moreThanOneElement_expectedToFail]
################################################################################################################################################
[ReportManager] Target URL: [https://www.google.com/ncr], and after redirection: [www.google.com] @12-02-2021 01:30:09.0065 AM
[ReportManager] Initial URL: [data:,] @12-02-2021 01:30:09.0140 AM
[ReportManager] Browser Action [navigateToURL] successfully performed. With the following test data [https://www.google.com/ncr]. @12-02-2021 01:30:09.0941 AM
[ReportManager] Waiting for element to be present; elementLocator [By.xpath: //*], numberOfTries[1], stateOfPresence[false]... @12-02-2021 01:30:09.0942 AM
[ReportManager] Element Action [waitForElementToBePresent] failed. With the following test data [waited up to (5) seconds, for the element's state of presence to be (false). Element locator (By.xpath: //*)]. @12-02-2021 01:30:10.0210 AM
[ReportManager] Successfully created attachment [Screenshot - 1613093410100_waitForElementToBePresent_moreThanOneElement_expectedToFail_waitForElementToBePresent_failed] @12-02-2021 01:30:10.0211 A
[ReportManager] Successfully created attachment [Selenium WebDriver Logs - server] @12-02-2021 01:30:10.0321 AM
[ReportManager] Successfully created attachment [Selenium WebDriver Logs - performance] @12-02-2021 01:30:10.0359 AM
[ReportManager] Successfully created attachment [Selenium WebDriver Logs - driver] @12-02-2021 01:30:10.0460 AM
[ReportManager] Browser Action [closeCurrentWindow] successfully performed. @12-02-2021 01:30:10.0526 AM
[ReportManager] Successfully created attachment [Browser Action Test Data - closeCurrentWindow - Actual Value] @12-02-2021 01:30:10.0528 A
[ReportManager] File Action [getAbsolutePath] successfully performed. With the following test data [Relative Folder Path: "target/downloadedFiles/"]. @12-02-2021 01:30:10.0532 AM
[ReportManager] Attempting to run remotely on: [Linux-64], [GoogleChrome], [http://localhost:4444/wd/hub], Headless Execution. @12-02-2021 01:30:10.0532 AM
[ReportManager] Successfully Opened [GoogleChrome]. @12-02-2021 01:30:11.0123 A

################################################################################################################################################
Starting Execution:	[4 out of 134] test cases in the current suite
Test Method:		[unitTests.tests_element_elementActions.waitForElementToBePresent_true_expectedToFail]
################################################################################################################################################
[ReportManager] Target URL: [https://www.google.com/ncr], and after redirection: [www.google.com] @12-02-2021 01:30:11.0148 AM
[ReportManager] Initial URL: [data:,] @12-02-2021 01:30:11.0231 AM
[ReportManager] Browser Action [navigateToURL] successfully performed. With the following test data [https://www.google.com/ncr]. @12-02-2021 01:30:12.0120 AM
[ReportManager] Waiting for element to be present; elementLocator [By.id: bla], numberOfTries[1], stateOfPresence[true]... @12-02-2021 01:30:12.0120 AM
[ReportManager] Element Action [waitForElementToBePresent] failed. With the following test data [waited up to (5) seconds, for the element's state of presence to be (true). Element locator (By.id: bla)]. @12-02-2021 01:30:12.0312 AM
[ReportManager] Successfully created attachment [Screenshot - 1613093412262_waitForElementToBePresent_true_expectedToFail_waitForElementToBePresent_failed] @12-02-2021 01:30:12.0313 A
[ReportManager] Successfully created attachment [Selenium WebDriver Logs - server] @12-02-2021 01:30:12.0409 AM
[ReportManager] Successfully created attachment [Selenium WebDriver Logs - performance] @12-02-2021 01:30:12.0452 AM
[ReportManager] Successfully created attachment [Selenium WebDriver Logs - driver] @12-02-2021 01:30:12.0537 AM
[ReportManager] Browser Action [closeCurrentWindow] successfully performed. @12-02-2021 01:30:12.0596 AM
[ReportManager] Successfully created attachment [Browser Action Test Data - closeCurrentWindow - Actual Value] @12-02-2021 01:30:12.0597 A
[ReportManager] File Action [getAbsolutePath] successfully performed. With the following test data [Relative Folder Path: "target/downloadedFiles/"]. @12-02-2021 01:30:12.0601 AM
[ReportManager] Attempting to run remotely on: [Linux-64], [GoogleChrome], [http://localhost:4444/wd/hub], Headless Execution. @12-02-2021 01:30:12.0601 AM
[ReportManager] Successfully Opened [GoogleChrome]. @12-02-2021 01:30:12.0839 A

################################################################################################################################################
Starting Execution:	[5 out of 134] test cases in the current suite
Test Method:		[unitTests.tests_element_elementActions.waitForElementToBePresent_true_expectedToPass]
################################################################################################################################################
[ReportManager] Target URL: [https://www.google.com/ncr], and after redirection: [www.google.com] @12-02-2021 01:30:12.0869 AM
[ReportManager] Initial URL: [data:,] @12-02-2021 01:30:12.0919 AM
[ReportManager] Browser Action [navigateToURL] successfully performed. With the following test data [https://www.google.com/ncr]. @12-02-2021 01:30:13.0752 AM
[ReportManager] Waiting for element to be present; elementLocator [By.id: hplogo], numberOfTries[1], stateOfPresence[true]... @12-02-2021 01:30:13.0752 AM
[ReportManager] Element Action [waitForElementToBePresent] successfully performed. With the following test data [waited up to (5) seconds, for the element's state of presence to be (true). Element locator (By.id: hplogo)]. @12-02-2021 01:30:13.0803 AM
[ReportManager] Using Visual AI; OpenCV... @12-02-2021 01:30:13.0808 AM
[ReportManager] File Action [doesFileExist] successfully performed. With the following test data [File Path: "src/test/resources/DynamicObjectRepository/unitTests_tests_element_elementActions_waitForElementToBePresent_true_expectedToPass_By_id_hplogo.png"]. @12-02-2021 01:30:13.0823 AM
[ReportManager] File Action [doesFileExist] successfully performed. With the following test data [File Path: "src/test/resources/DynamicObjectRepository/unitTests_tests_element_elementActions_waitForElementToBePresent_true_expectedToPass_By_id_hplogo.png"]. @12-02-2021 01:30:14.0003 AM
[ReportManager] Passing the test and saving a reference image @12-02-2021 01:30:14.0003 AM
[ReportManager] File Action [getAbsolutePath] successfully performed. With the following test data [Relative File Path: "src/test/resources/DynamicObjectRepository/unitTests_tests_element_elementActions_waitForElementToBePresent_true_expectedToPass_By_id_hplogo.png"]. @12-02-2021 01:30:14.0003 AM
[ReportManager] File Action [writeToFile] successfully performed. With the following test data [Target File Path: "/home/runner/work/SHAFT_ENGINE/SHAFT_ENGINE/src/test/resources/DynamicObjectRepository/unitTests_tests_element_elementActions_waitForElementToBePresent_true_expectedToPass_By_id_hplogo.png"]. @12-02-2021 01:30:14.0006 AM
[ReportManager] AssertElementMatches PASSED; Expected [Element should match the reference screenshot] and Actual [TRUE]. Comparison Type [EXACT_OPENCV]. Validation Type [POSITIVE]. @12-02-2021 01:30:14.0007 AM
[ReportManager] Successfully created attachment [Validation Test Data - Actual Screenshot] @12-02-2021 01:30:14.0008 A
[ReportManager] Successfully created attachment [Selenium WebDriver Logs - server] @12-02-2021 01:30:14.0102 AM
[ReportManager] Successfully created attachment [Selenium WebDriver Logs - performance] @12-02-2021 01:30:14.0136 AM
[ReportManager] Successfully created attachment [Selenium WebDriver Logs - driver] @12-02-2021 01:30:14.0221 AM
[ReportManager] Browser Action [closeCurrentWindow] successfully performed. @12-02-2021 01:30:14.0285 AM
[ReportManager] Successfully created attachment [Browser Action Test Data - closeCurrentWindow - Actual Value] @12-02-2021 01:30:14.0286 A
[ReportManager] File Action [getAbsolutePath] successfully performed. With the following test data [Relative Folder Path: "target/downloadedFiles/"]. @12-02-2021 01:30:14.0291 AM
[ReportManager] Attempting to run remotely on: [Linux-64], [GoogleChrome], [http://localhost:4444/wd/hub], Headless Execution. @12-02-2021 01:30:14.0292 AM
[ReportManager] Successfully Opened [GoogleChrome]. @12-02-2021 01:30:14.0576 AM
[ReportManager] Target URL: [https://duckduckgo.com] @12-02-2021 01:30:14.0589 AM
[ReportManager] Initial URL: [data:,] @12-02-2021 01:30:14.0647 AM
[ReportManager] Browser Action [navigateToURL] successfully performed. With the following test data [https://duckduckgo.com]. @12-02-2021 01:30:15.0458 A

################################################################################################################################################
Starting Execution:	[6 out of 134] test cases in the current suite
Test Method:		[unitTests.tests_browserActions.fullScreenWindow]
################################################################################################################################################
[ReportManager] Initial Windows Size: 800x600 @12-02-2021 01:30:15.0539 AM
[ReportManager] Initial window size: (800, 600) @12-02-2021 01:30:15.0546 AM
[ReportManager] Window size after Toolkit: (1920, 1080) @12-02-2021 01:30:15.0777 AM
[ReportManager] Browser Action [maximizeWindow] successfully performed. With the following test data [New screen size is now: (1920, 1080)]. @12-02-2021 01:30:15.0781 AM
[ReportManager] Current Windows Size after fullScreen: 1920x1080 @12-02-2021 01:30:15.0788 AM
[ReportManager] Browser Action [fullScreenWindow] successfully performed. @12-02-2021 01:30:15.0807 AM
[ReportManager] Successfully created attachment [Browser Action Test Data - fullScreenWindow - Actual Value] @12-02-2021 01:30:15.0809 A
[ReportManager] Target URL: [https://duckduckgo.com] @12-02-2021 01:30:15.0815 AM
[ReportManager] Initial URL: [https://duckduckgo.com] @12-02-2021 01:30:15.0909 AM
[ReportManager] Browser Action [navigateToURL] successfully performed. With the following test data [https://duckduckgo.com]. @12-02-2021 01:30:16.0356 AM
[ReportManager] Successfully created attachment [Selenium WebDriver Logs - server] @12-02-2021 01:30:16.0443 AM
[ReportManager] Successfully created attachment [Selenium WebDriver Logs - performance] @12-02-2021 01:30:16.0543 AM
[ReportManager] Successfully created attachment [Selenium WebDriver Logs - driver] @12-02-2021 01:30:16.0702 AM
[ReportManager] Browser Action [closeCurrentWindow] successfully performed. @12-02-2021 01:30:16.0762 AM
[ReportManager] Successfully created attachment [Browser Action Test Data - closeCurrentWindow - Actual Value] @12-02-2021 01:30:16.0764 A
[ReportManager] File Action [getAbsolutePath] successfully performed. With the following test data [Relative Folder Path: "target/downloadedFiles/"]. @12-02-2021 01:30:16.0766 AM
[ReportManager] Attempting to run remotely on: [Linux-64], [GoogleChrome], [http://localhost:4444/wd/hub], Headless Execution. @12-02-2021 01:30:16.0766 AM
[ReportManager] Successfully Opened [GoogleChrome]. @12-02-2021 01:30:16.0999 AM
[ReportManager] Target URL: [https://duckduckgo.com] @12-02-2021 01:30:17.0027 AM
[ReportManager] Initial URL: [data:,] @12-02-2021 01:30:17.0077 AM
[ReportManager] Browser Action [navigateToURL] successfully performed. With the following test data [https://duckduckgo.com]. @12-02-2021 01:30:18.0257 A

################################################################################################################################################
Starting Execution:	[7 out of 134] test cases in the current suite
Test Method:		[unitTests.tests_browserActions.getCurrentURL]
################################################################################################################################################
[ReportManager] Browser Action [getCurrentURL] successfully performed. With the following test data [https://duckduckgo.com/]. @12-02-2021 01:30:18.0309 A
[ReportManager] Target URL: [https://duckduckgo.com] @12-02-2021 01:30:18.0311 AM
[ReportManager] Initial URL: [https://duckduckgo.com] @12-02-2021 01:30:18.0380 AM
[ReportManager] Browser Action [navigateToURL] successfully performed. With the following test data [https://duckduckgo.com]. @12-02-2021 01:30:18.0917 AM
[ReportManager] Successfully created attachment [Selenium WebDriver Logs - server] @12-02-2021 01:30:18.0982 AM
[ReportManager] Successfully created attachment [Selenium WebDriver Logs - performance] @12-02-2021 01:30:19.0087 AM
[ReportManager] Successfully created attachment [Selenium WebDriver Logs - driver] @12-02-2021 01:30:19.0229 AM
[ReportManager] Browser Action [closeCurrentWindow] successfully performed. @12-02-2021 01:30:19.0295 AM
[ReportManager] Successfully created attachment [Browser Action Test Data - closeCurrentWindow - Actual Value] @12-02-2021 01:30:19.0296 A
[ReportManager] File Action [getAbsolutePath] successfully performed. With the following test data [Relative Folder Path: "target/downloadedFiles/"]. @12-02-2021 01:30:19.0299 AM
[ReportManager] Attempting to run remotely on: [Linux-64], [GoogleChrome], [http://localhost:4444/wd/hub], Headless Execution. @12-02-2021 01:30:19.0300 AM
[ReportManager] Successfully Opened [GoogleChrome]. @12-02-2021 01:30:19.0584 AM
[ReportManager] Target URL: [https://duckduckgo.com] @12-02-2021 01:30:19.0605 AM
[ReportManager] Initial URL: [data:,] @12-02-2021 01:30:19.0653 AM
[ReportManager] Browser Action [navigateToURL] successfully performed. With the following test data [https://duckduckgo.com]. @12-02-2021 01:30:20.0748 A

################################################################################################################################################
Starting Execution:	[8 out of 134] test cases in the current suite
Test Method:		[unitTests.tests_browserActions.getCurrentWindowTitle]
################################################################################################################################################
[ReportManager] Browser Action [getCurrentWindowTitle] successfully performed. With the following test data [DuckDuckGo â€” Privacy, simplified.]. @12-02-2021 01:30:20.0800 A
[ReportManager] Target URL: [https://duckduckgo.com] @12-02-2021 01:30:20.0815 AM
[ReportManager] Initial URL: [https://duckduckgo.com] @12-02-2021 01:30:20.0913 AM
[ReportManager] Browser Action [navigateToURL] successfully performed. With the following test data [https://duckduckgo.com]. @12-02-2021 01:30:21.0411 AM
[ReportManager] Successfully created attachment [Selenium WebDriver Logs - server] @12-02-2021 01:30:21.0468 AM
[ReportManager] Successfully created attachment [Selenium WebDriver Logs - performance] @12-02-2021 01:30:21.0554 AM
[ReportManager] Successfully created attachment [Selenium WebDriver Logs - driver] @12-02-2021 01:30:21.0719 AM
[ReportManager] Browser Action [closeCurrentWindow] successfully performed. @12-02-2021 01:30:21.0779 AM
[ReportManager] Successfully created attachment [Browser Action Test Data - closeCurrentWindow - Actual Value] @12-02-2021 01:30:21.0781 A
[ReportManager] File Action [getAbsolutePath] successfully performed. With the following test data [Relative Folder Path: "target/downloadedFiles/"]. @12-02-2021 01:30:21.0793 AM
[ReportManager] Attempting to run remotely on: [Linux-64], [GoogleChrome], [http://localhost:4444/wd/hub], Headless Execution. @12-02-2021 01:30:21.0793 AM
[ReportManager] Successfully Opened [GoogleChrome]. @12-02-2021 01:30:22.0028 AM
[ReportManager] Target URL: [https://duckduckgo.com] @12-02-2021 01:30:22.0040 AM
[ReportManager] Initial URL: [data:,] @12-02-2021 01:30:22.0090 AM
[ReportManager] Browser Action [navigateToURL] successfully performed. With the following test data [https://duckduckgo.com]. @12-02-2021 01:30:23.0171 A

################################################################################################################################################
Starting Execution:	[9 out of 134] test cases in the current suite
Test Method:		[unitTests.tests_browserActions.getPageSource]
################################################################################################################################################
[ReportManager] Browser Action [getPageSource] successfully performed. @12-02-2021 01:30:23.0232 AM
[ReportManager] Successfully created attachment [Browser Action Test Data - getPageSource - Actual Value] @12-02-2021 01:30:23.0232 A
[ReportManager] Target URL: [https://duckduckgo.com] @12-02-2021 01:30:23.0234 AM
[ReportManager] Initial URL: [https://duckduckgo.com] @12-02-2021 01:30:23.0307 AM
[ReportManager] Browser Action [navigateToURL] successfully performed. With the following test data [https://duckduckgo.com]. @12-02-2021 01:30:23.0805 AM
[ReportManager] Successfully created attachment [Selenium WebDriver Logs - server] @12-02-2021 01:30:23.0862 AM
[ReportManager] Successfully created attachment [Selenium WebDriver Logs - performance] @12-02-2021 01:30:23.0955 AM
[ReportManager] Successfully created attachment [Selenium WebDriver Logs - driver] @12-02-2021 01:30:24.0108 AM
[ReportManager] Browser Action [closeCurrentWindow] successfully performed. @12-02-2021 01:30:24.0167 AM
[ReportManager] Successfully created attachment [Browser Action Test Data - closeCurrentWindow - Actual Value] @12-02-2021 01:30:24.0167 A
[ReportManager] File Action [getAbsolutePath] successfully performed. With the following test data [Relative Folder Path: "target/downloadedFiles/"]. @12-02-2021 01:30:24.0170 AM
[ReportManager] Attempting to run remotely on: [Linux-64], [GoogleChrome], [http://localhost:4444/wd/hub], Headless Execution. @12-02-2021 01:30:24.0174 AM
[ReportManager] Successfully Opened [GoogleChrome]. @12-02-2021 01:30:24.0417 AM
[ReportManager] Target URL: [https://duckduckgo.com] @12-02-2021 01:30:24.0429 AM
[ReportManager] Initial URL: [data:,] @12-02-2021 01:30:24.0481 AM
[ReportManager] Browser Action [navigateToURL] successfully performed. With the following test data [https://duckduckgo.com]. @12-02-2021 01:30:25.0654 A

################################################################################################################################################
Starting Execution:	[10 out of 134] test cases in the current suite
Test Method:		[unitTests.tests_browserActions.getWindowHandle]
################################################################################################################################################
[ReportManager] Browser Action [getWindowHandle] successfully performed. With the following test data [CDwindow-6CB506ECD391BD1F6A18B2E2369263ED]. @12-02-2021 01:30:25.0720 A
[ReportManager] Target URL: [https://duckduckgo.com] @12-02-2021 01:30:25.0724 AM
[ReportManager] Initial URL: [https://duckduckgo.com] @12-02-2021 01:30:25.0803 AM
[ReportManager] Browser Action [navigateToURL] successfully performed. With the following test data [https://duckduckgo.com]. @12-02-2021 01:30:26.0289 AM
[ReportManager] Successfully created attachment [Selenium WebDriver Logs - server] @12-02-2021 01:30:26.0362 AM
[ReportManager] Successfully created attachment [Selenium WebDriver Logs - performance] @12-02-2021 01:30:26.0445 AM
[ReportManager] Successfully created attachment [Selenium WebDriver Logs - driver] @12-02-2021 01:30:26.0569 AM
[ReportManager] Browser Action [closeCurrentWindow] successfully performed. @12-02-2021 01:30:26.0631 AM
[ReportManager] Successfully created attachment [Browser Action Test Data - closeCurrentWindow - Actual Value] @12-02-2021 01:30:26.0631 A
[ReportManager] File Action [getAbsolutePath] successfully performed. With the following test data [Relative Folder Path: "target/downloadedFiles/"]. @12-02-2021 01:30:26.0634 AM
[ReportManager] Attempting to run remotely on: [Linux-64], [GoogleChrome], [http://localhost:4444/wd/hub], Headless Execution. @12-02-2021 01:30:26.0635 AM
[ReportManager] Successfully Opened [GoogleChrome]. @12-02-2021 01:30:26.0854 AM
[ReportManager] Target URL: [https://duckduckgo.com] @12-02-2021 01:30:26.0866 AM
[ReportManager] Initial URL: [data:,] @12-02-2021 01:30:26.0907 AM
[ReportManager] Browser Action [navigateToURL] successfully performed. With the following test data [https://duckduckgo.com]. @12-02-2021 01:30:27.0963 A

################################################################################################################################################
Starting Execution:	[11 out of 134] test cases in the current suite
Test Method:		[unitTests.tests_browserActions.getWindowPosition]
################################################################################################################################################
[ReportManager] Browser Action [getWindowPosition] successfully performed. With the following test data [(0, 0)]. @12-02-2021 01:30:28.0018 A
[ReportManager] Target URL: [https://duckduckgo.com] @12-02-2021 01:30:28.0020 AM
[ReportManager] Initial URL: [https://duckduckgo.com] @12-02-2021 01:30:28.0096 AM
[ReportManager] Browser Action [navigateToURL] successfully performed. With the following test data [https://duckduckgo.com]. @12-02-2021 01:30:28.0569 AM
[ReportManager] Successfully created attachment [Selenium WebDriver Logs - server] @12-02-2021 01:30:28.0634 AM
[ReportManager] Successfully created attachment [Selenium WebDriver Logs - performance] @12-02-2021 01:30:28.0728 AM
[ReportManager] Successfully created attachment [Selenium WebDriver Logs - driver] @12-02-2021 01:30:28.0859 AM
[ReportManager] Browser Action [closeCurrentWindow] successfully performed. @12-02-2021 01:30:28.0917 AM
[ReportManager] Successfully created attachment [Browser Action Test Data - closeCurrentWindow - Actual Value] @12-02-2021 01:30:28.0917 A
[ReportManager] File Action [getAbsolutePath] successfully performed. With the following test data [Relative Folder Path: "target/downloadedFiles/"]. @12-02-2021 01:30:28.0919 AM
[ReportManager] Attempting to run remotely on: [Linux-64], [GoogleChrome], [http://localhost:4444/wd/hub], Headless Execution. @12-02-2021 01:30:28.0919 AM
[ReportManager] Successfully Opened [GoogleChrome]. @12-02-2021 01:30:29.0159 AM
[ReportManager] Target URL: [https://duckduckgo.com] @12-02-2021 01:30:29.0171 AM
[ReportManager] Initial URL: [data:,] @12-02-2021 01:30:29.0216 AM
[ReportManager] Browser Action [navigateToURL] successfully performed. With the following test data [https://duckduckgo.com]. @12-02-2021 01:30:30.0287 A

################################################################################################################################################
Starting Execution:	[12 out of 134] test cases in the current suite
Test Method:		[unitTests.tests_browserActions.getWindowSize]
################################################################################################################################################
[ReportManager] Browser Action [getWindowSize] successfully performed. With the following test data [(800, 600)]. @12-02-2021 01:30:30.0347 A
[ReportManager] Target URL: [https://duckduckgo.com] @12-02-2021 01:30:30.0350 AM
[ReportManager] Initial URL: [https://duckduckgo.com] @12-02-2021 01:30:30.0415 AM
[ReportManager] Browser Action [navigateToURL] successfully performed. With the following test data [https://duckduckgo.com]. @12-02-2021 01:30:30.0885 AM
[ReportManager] Successfully created attachment [Selenium WebDriver Logs - server] @12-02-2021 01:30:30.0960 AM
[ReportManager] Successfully created attachment [Selenium WebDriver Logs - performance] @12-02-2021 01:30:31.0048 AM
[ReportManager] Successfully created attachment [Selenium WebDriver Logs - driver] @12-02-2021 01:30:31.0175 AM
[ReportManager] Browser Action [closeCurrentWindow] successfully performed. @12-02-2021 01:30:31.0233 AM
[ReportManager] Successfully created attachment [Browser Action Test Data - closeCurrentWindow - Actual Value] @12-02-2021 01:30:31.0242 A
[ReportManager] File Action [getAbsolutePath] successfully performed. With the following test data [Relative Folder Path: "target/downloadedFiles/"]. @12-02-2021 01:30:31.0249 AM
[ReportManager] Attempting to run remotely on: [Linux-64], [GoogleChrome], [http://localhost:4444/wd/hub], Headless Execution. @12-02-2021 01:30:31.0250 AM
[ReportManager] Successfully Opened [GoogleChrome]. @12-02-2021 01:30:31.0504 AM
[ReportManager] Target URL: [https://duckduckgo.com] @12-02-2021 01:30:31.0518 AM
[ReportManager] Initial URL: [data:,] @12-02-2021 01:30:31.0564 AM
[ReportManager] Browser Action [navigateToURL] successfully performed. With the following test data [https://duckduckgo.com]. @12-02-2021 01:30:32.0641 A

################################################################################################################################################
Starting Execution:	[13 out of 134] test cases in the current suite
Test Method:		[unitTests.tests_browserActions.maximizeWindow]
################################################################################################################################################
[ReportManager] Initial window size: (800, 600) @12-02-2021 01:30:32.0652 AM
[ReportManager] Window size after Toolkit: (1920, 1080) @12-02-2021 01:30:32.0874 AM
[ReportManager] Browser Action [maximizeWindow] successfully performed. With the following test data [New screen size is now: (1920, 1080)]. @12-02-2021 01:30:32.0883 A
[ReportManager] Target URL: [https://duckduckgo.com] @12-02-2021 01:30:32.0885 AM
[ReportManager] Initial URL: [https://duckduckgo.com] @12-02-2021 01:30:32.0959 AM
[ReportManager] Browser Action [navigateToURL] successfully performed. With the following test data [https://duckduckgo.com]. @12-02-2021 01:30:33.0412 AM
[ReportManager] Successfully created attachment [Selenium WebDriver Logs - server] @12-02-2021 01:30:33.0467 AM
[ReportManager] Successfully created attachment [Selenium WebDriver Logs - performance] @12-02-2021 01:30:33.0555 AM
[ReportManager] Successfully created attachment [Selenium WebDriver Logs - driver] @12-02-2021 01:30:33.0679 AM
[ReportManager] Browser Action [closeCurrentWindow] successfully performed. @12-02-2021 01:30:33.0736 AM
[ReportManager] Successfully created attachment [Browser Action Test Data - closeCurrentWindow - Actual Value] @12-02-2021 01:30:33.0737 A
[ReportManager] File Action [getAbsolutePath] successfully performed. With the following test data [Relative Folder Path: "target/downloadedFiles/"]. @12-02-2021 01:30:33.0739 AM
[ReportManager] Attempting to run remotely on: [Linux-64], [GoogleChrome], [http://localhost:4444/wd/hub], Headless Execution. @12-02-2021 01:30:33.0740 AM
[ReportManager] Successfully Opened [GoogleChrome]. @12-02-2021 01:30:33.0938 AM
[ReportManager] Target URL: [https://duckduckgo.com] @12-02-2021 01:30:33.0959 AM
[ReportManager] Initial URL: [data:,] @12-02-2021 01:30:34.0002 AM
[ReportManager] Browser Action [navigateToURL] successfully performed. With the following test data [https://duckduckgo.com]. @12-02-2021 01:30:35.0121 A

################################################################################################################################################
Starting Execution:	[14 out of 134] test cases in the current suite
Test Method:		[unitTests.tests_browserActions.navigateBack]
################################################################################################################################################
[ReportManager] Target URL: [https://www.google.com/ncr], and after redirection: [https://www.google.com] @12-02-2021 01:30:35.0125 AM
[ReportManager] Initial URL: [https://duckduckgo.com] @12-02-2021 01:30:35.0192 AM
[ReportManager] Browser Action [navigateToURL] successfully performed. With the following test data [https://www.google.com/ncr]. @12-02-2021 01:30:35.0945 AM
[ReportManager] Browser Action [navigateBack] successfully performed. With the following test data [https://duckduckgo.com/]. @12-02-2021 01:30:36.0347 AM
[ReportManager] Confirming that navigating back was successful... @12-02-2021 01:30:36.0349 AM
[ReportManager] Browser Action [getCurrentURL] successfully performed. With the following test data [https://duckduckgo.com/]. @12-02-2021 01:30:36.0394 AM
[ReportManager] AssertBrowserAttribute PASSED; Expected [Value Should be 'https://duckduckgo.com' for the 'CurrentUrl' attribute] and Actual [https://duckduckgo.com/]. Comparison Type [CONTAINS]. Validation Type [POSITIVE]. @12-02-2021 01:30:36.0395 A
[ReportManager] Target URL: [https://duckduckgo.com] @12-02-2021 01:30:36.0397 AM
[ReportManager] Initial URL: [https://duckduckgo.com] @12-02-2021 01:30:36.0453 AM
[ReportManager] Browser Action [navigateToURL] successfully performed. With the following test data [https://duckduckgo.com]. @12-02-2021 01:30:36.0909 AM
[ReportManager] Successfully created attachment [Selenium WebDriver Logs - server] @12-02-2021 01:30:36.0972 AM
[ReportManager] Successfully created attachment [Selenium WebDriver Logs - performance] @12-02-2021 01:30:37.0126 AM
[ReportManager] Successfully created attachment [Selenium WebDriver Logs - driver] @12-02-2021 01:30:37.0347 AM
[ReportManager] Browser Action [closeCurrentWindow] successfully performed. @12-02-2021 01:30:37.0409 AM
[ReportManager] Successfully created attachment [Browser Action Test Data - closeCurrentWindow - Actual Value] @12-02-2021 01:30:37.0410 A
[ReportManager] File Action [getAbsolutePath] successfully performed. With the following test data [Relative Folder Path: "target/downloadedFiles/"]. @12-02-2021 01:30:37.0412 AM
[ReportManager] Attempting to run remotely on: [Linux-64], [GoogleChrome], [http://localhost:4444/wd/hub], Headless Execution. @12-02-2021 01:30:37.0412 AM
[ReportManager] Successfully Opened [GoogleChrome]. @12-02-2021 01:30:37.0651 AM
[ReportManager] Target URL: [https://duckduckgo.com] @12-02-2021 01:30:37.0662 AM
[ReportManager] Initial URL: [data:,] @12-02-2021 01:30:37.0706 AM
[ReportManager] Browser Action [navigateToURL] successfully performed. With the following test data [https://duckduckgo.com]. @12-02-2021 01:30:38.0849 A

################################################################################################################################################
Starting Execution:	[15 out of 134] test cases in the current suite
Test Method:		[unitTests.tests_browserActions.navigateForward]
################################################################################################################################################
[ReportManager] Target URL: [https://www.google.com/ncr], and after redirection: [https://www.google.com] @12-02-2021 01:30:38.0851 AM
[ReportManager] Initial URL: [https://duckduckgo.com] @12-02-2021 01:30:38.0912 AM
[ReportManager] Browser Action [navigateToURL] successfully performed. With the following test data [https://www.google.com/ncr]. @12-02-2021 01:30:39.0681 AM
[ReportManager] Browser Action [navigateBack] successfully performed. With the following test data [https://duckduckgo.com/]. @12-02-2021 01:30:40.0082 AM
[ReportManager] Browser Action [navigateForward] successfully performed. With the following test data [https://www.google.com/]. @12-02-2021 01:30:40.0449 A
[ReportManager] Target URL: [https://duckduckgo.com] @12-02-2021 01:30:40.0452 AM
[ReportManager] Initial URL: [https://www.google.com] @12-02-2021 01:30:40.0531 AM
[ReportManager] Browser Action [navigateToURL] successfully performed. With the following test data [https://duckduckgo.com]. @12-02-2021 01:30:41.0092 AM
[ReportManager] Successfully created attachment [Selenium WebDriver Logs - server] @12-02-2021 01:30:41.0153 AM
[ReportManager] Successfully created attachment [Selenium WebDriver Logs - performance] @12-02-2021 01:30:41.0305 AM
[ReportManager] Successfully created attachment [Selenium WebDriver Logs - driver] @12-02-2021 01:30:41.0553 AM
[ReportManager] Browser Action [closeCurrentWindow] successfully performed. @12-02-2021 01:30:41.0622 AM
[ReportManager] Successfully created attachment [Browser Action Test Data - closeCurrentWindow - Actual Value] @12-02-2021 01:30:41.0623 A
[ReportManager] File Action [getAbsolutePath] successfully performed. With the following test data [Relative Folder Path: "target/downloadedFiles/"]. @12-02-2021 01:30:41.0630 AM
[ReportManager] Attempting to run remotely on: [Linux-64], [GoogleChrome], [http://localhost:4444/wd/hub], Headless Execution. @12-02-2021 01:30:41.0631 AM
[ReportManager] Successfully Opened [GoogleChrome]. @12-02-2021 01:30:41.0874 AM
[ReportManager] Target URL: [https://duckduckgo.com] @12-02-2021 01:30:41.0886 AM
[ReportManager] Initial URL: [data:,] @12-02-2021 01:30:41.0942 AM
[ReportManager] Browser Action [navigateToURL] successfully performed. With the following test data [https://duckduckgo.com]. @12-02-2021 01:30:43.0012 A

################################################################################################################################################
Starting Execution:	[16 out of 134] test cases in the current suite
Test Method:		[unitTests.tests_browserActions.navigateToURL]
################################################################################################################################################
[ReportManager] Target URL: [https://duckduckgo.com] @12-02-2021 01:30:43.0019 AM
[ReportManager] Initial URL: [https://duckduckgo.com] @12-02-2021 01:30:43.0076 AM
[ReportManager] Browser Action [navigateToURL] successfully performed. With the following test data [https://duckduckgo.com]. @12-02-2021 01:30:43.0530 A
[ReportManager] Target URL: [https://duckduckgo.com] @12-02-2021 01:30:43.0536 AM
[ReportManager] Initial URL: [https://duckduckgo.com] @12-02-2021 01:30:43.0606 AM
[ReportManager] Browser Action [navigateToURL] successfully performed. With the following test data [https://duckduckgo.com]. @12-02-2021 01:30:44.0006 AM
[ReportManager] Successfully created attachment [Selenium WebDriver Logs - server] @12-02-2021 01:30:44.0078 AM
[ReportManager] Successfully created attachment [Selenium WebDriver Logs - performance] @12-02-2021 01:30:44.0226 AM
[ReportManager] Successfully created attachment [Selenium WebDriver Logs - driver] @12-02-2021 01:30:44.0415 AM
[ReportManager] Browser Action [closeCurrentWindow] successfully performed. @12-02-2021 01:30:44.0473 AM
[ReportManager] Successfully created attachment [Browser Action Test Data - closeCurrentWindow - Actual Value] @12-02-2021 01:30:44.0474 A
[ReportManager] File Action [getAbsolutePath] successfully performed. With the following test data [Relative Folder Path: "target/downloadedFiles/"]. @12-02-2021 01:30:44.0476 AM
[ReportManager] Attempting to run remotely on: [Linux-64], [GoogleChrome], [http://localhost:4444/wd/hub], Headless Execution. @12-02-2021 01:30:44.0477 AM
[ReportManager] Successfully Opened [GoogleChrome]. @12-02-2021 01:30:44.0702 AM
[ReportManager] Target URL: [https://duckduckgo.com] @12-02-2021 01:30:44.0718 AM
[ReportManager] Initial URL: [data:,] @12-02-2021 01:30:44.0767 AM
[ReportManager] Browser Action [navigateToURL] successfully performed. With the following test data [https://duckduckgo.com]. @12-02-2021 01:30:45.0859 A

################################################################################################################################################
Starting Execution:	[17 out of 134] test cases in the current suite
Test Method:		[unitTests.tests_browserActions.navigateToURLWithRedirection]
################################################################################################################################################
[ReportManager] Target URL: [https://www.google.com/ncr], and after redirection: [https://www.google.com] @12-02-2021 01:30:45.0861 AM
[ReportManager] Initial URL: [https://duckduckgo.com] @12-02-2021 01:30:45.0957 AM
[ReportManager] Browser Action [navigateToURL] successfully performed. With the following test data [https://www.google.com/ncr]. @12-02-2021 01:30:46.0745 A
[ReportManager] Target URL: [https://duckduckgo.com] @12-02-2021 01:30:46.0747 AM
[ReportManager] Initial URL: [https://www.google.com] @12-02-2021 01:30:46.0839 AM
[ReportManager] Browser Action [navigateToURL] successfully performed. With the following test data [https://duckduckgo.com]. @12-02-2021 01:30:47.0436 AM
[ReportManager] Successfully created attachment [Selenium WebDriver Logs - server] @12-02-2021 01:30:47.0487 AM
[ReportManager] Successfully created attachment [Selenium WebDriver Logs - performance] @12-02-2021 01:30:47.0599 AM
[ReportManager] Successfully created attachment [Selenium WebDriver Logs - driver] @12-02-2021 01:30:47.0762 AM
[ReportManager] Browser Action [closeCurrentWindow] successfully performed. @12-02-2021 01:30:47.0820 AM
[ReportManager] Successfully created attachment [Browser Action Test Data - closeCurrentWindow - Actual Value] @12-02-2021 01:30:47.0821 A
[ReportManager] File Action [getAbsolutePath] successfully performed. With the following test data [Relative Folder Path: "target/downloadedFiles/"]. @12-02-2021 01:30:47.0827 AM
[ReportManager] Attempting to run remotely on: [Linux-64], [GoogleChrome], [http://localhost:4444/wd/hub], Headless Execution. @12-02-2021 01:30:47.0827 AM
[ReportManager] Successfully Opened [GoogleChrome]. @12-02-2021 01:30:48.0047 AM
[ReportManager] Target URL: [https://duckduckgo.com] @12-02-2021 01:30:48.0057 AM
[ReportManager] Initial URL: [data:,] @12-02-2021 01:30:48.0099 AM
[ReportManager] Browser Action [navigateToURL] successfully performed. With the following test data [https://duckduckgo.com]. @12-02-2021 01:30:49.0242 A

################################################################################################################################################
Starting Execution:	[18 out of 134] test cases in the current suite
Test Method:		[unitTests.tests_browserActions.refreshCurrentPage]
################################################################################################################################################
[ReportManager] Browser Action [refreshCurrentPage] successfully performed. @12-02-2021 01:30:49.0604 AM
[ReportManager] Successfully created attachment [Browser Action Test Data - refreshCurrentPage - Actual Value] @12-02-2021 01:30:49.0604 A
[ReportManager] Target URL: [https://duckduckgo.com] @12-02-2021 01:30:49.0608 AM
[ReportManager] Initial URL: [https://duckduckgo.com] @12-02-2021 01:30:49.0657 AM
[ReportManager] Browser Action [navigateToURL] successfully performed. With the following test data [https://duckduckgo.com]. @12-02-2021 01:30:50.0067 AM
[ReportManager] Successfully created attachment [Selenium WebDriver Logs - server] @12-02-2021 01:30:50.0129 AM
[ReportManager] Successfully created attachment [Selenium WebDriver Logs - performance] @12-02-2021 01:30:50.0266 AM
[ReportManager] Successfully created attachment [Selenium WebDriver Logs - driver] @12-02-2021 01:30:50.0430 AM
[ReportManager] Browser Action [closeCurrentWindow] successfully performed. @12-02-2021 01:30:50.0489 AM
[ReportManager] Successfully created attachment [Browser Action Test Data - closeCurrentWindow - Actual Value] @12-02-2021 01:30:50.0489 A
[ReportManager] File Action [getAbsolutePath] successfully performed. With the following test data [Relative Folder Path: "target/downloadedFiles/"]. @12-02-2021 01:30:50.0491 AM
[ReportManager] Attempting to run remotely on: [Linux-64], [GoogleChrome], [http://localhost:4444/wd/hub], Headless Execution. @12-02-2021 01:30:50.0491 AM
[ReportManager] Successfully Opened [GoogleChrome]. @12-02-2021 01:30:50.0699 AM
[ReportManager] Target URL: [https://duckduckgo.com] @12-02-2021 01:30:50.0711 AM
[ReportManager] Initial URL: [data:,] @12-02-2021 01:30:50.0754 AM
[ReportManager] Browser Action [navigateToURL] successfully performed. With the following test data [https://duckduckgo.com]. @12-02-2021 01:30:51.0837 A

################################################################################################################################################
Starting Execution:	[19 out of 134] test cases in the current suite
Test Method:		[unitTests.tests_browserActions.setWindowSize]
################################################################################################################################################
[ReportManager] Initial window size: (800, 600) @12-02-2021 01:30:51.0847 AM
[ReportManager] Window size after SWD: (1280, 720) @12-02-2021 01:30:52.0066 AM
[ReportManager] Browser Action [setWindowSize] successfully performed. With the following test data [New screen size is now: (1280, 720)]. @12-02-2021 01:30:52.0066 A
[ReportManager] Target URL: [https://duckduckgo.com] @12-02-2021 01:30:52.0071 AM
[ReportManager] Initial URL: [https://duckduckgo.com] @12-02-2021 01:30:52.0134 AM
[ReportManager] Browser Action [navigateToURL] successfully performed. With the following test data [https://duckduckgo.com]. @12-02-2021 01:30:52.0569 AM
[ReportManager] Successfully created attachment [Selenium WebDriver Logs - server] @12-02-2021 01:30:52.0621 AM
[ReportManager] Successfully created attachment [Selenium WebDriver Logs - performance] @12-02-2021 01:30:52.0714 AM
[ReportManager] Successfully created attachment [Selenium WebDriver Logs - driver] @12-02-2021 01:30:52.0843 AM
[ReportManager] Browser Action [closeCurrentWindow] successfully performed. @12-02-2021 01:30:52.0899 AM
[ReportManager] Successfully created attachment [Browser Action Test Data - closeCurrentWindow - Actual Value] @12-02-2021 01:30:52.0900 A

################################################################################################################################################
Starting Execution:	[20 out of 134] test cases in the current suite
Test Method:		[unitTests.tests_restActions.getPostsAndAssertBodyForSpecificTitle]
################################################################################################################################################
[ReportManager] Response status code: [200], status line: [HTTP/1.1 200 OK] @12-02-2021 01:30:55.0081 AM
[ReportManager] Evaluating the actual response status code against the expected one...... @12-02-2021 01:30:55.0081 AM
[ReportManager] AssertEquals PASSED; Expected [200] and Actual [200]. Comparison Type [EQUALS]. Validation Type [POSITIVE]. @12-02-2021 01:30:55.0082 AM
[ReportManager] API Action [performRequest] successfully performed. With the following test data [Request Type: "GET" | Target Status Code: "200" | Service URL: "https://jsonplaceholder.typicode.com/posts" | Content Type: "*/*" | Response Time: "751ms"]. @12-02-2021 01:30:55.0934 AM
[ReportManager] Successfully created attachment [API Response - JSON Body] @12-02-2021 01:30:55.0934 AM
[ReportManager] API Action [getResponseJSONValueAsList] successfully performed. @12-02-2021 01:30:55.0966 AM
[ReportManager] API Action [getResponseJSONValue] successfully performed. With the following test data [title]. @12-02-2021 01:30:56.0008 AM
[ReportManager] API Action [getResponseJSONValue] successfully performed. With the following test data [title]. @12-02-2021 01:30:56.0027 AM
[ReportManager] API Action [getResponseJSONValue] successfully performed. With the following test data [body]. @12-02-2021 01:30:56.0036 AM
[ReportManager] AssertEquals PASSED; Expected [qui neque nisi nulla] and Actual [est rerum tempore vitae
sequi sint nihil reprehenderit dolor beatae ea dolores neque
fugiat blanditiis voluptate porro vel nihil molestiae ut reiciendis
qui aperiam non debitis possimus qui neque nisi nulla]. Comparison Type [CONTAINS]. Validation Type [POSITIVE]. @12-02-2021 01:30:56.0036 AM
[ReportManager] API Action [getResponseJSONValue] successfully performed. With the following test data [title]. @12-02-2021 01:30:56.0046 AM
[ReportManager] API Action [getResponseJSONValue] successfully performed. With the following test data [title]. @12-02-2021 01:30:56.0054 AM
[ReportManager] API Action [getResponseJSONValue] successfully performed. With the following test data [title]. @12-02-2021 01:30:56.0063 AM
[ReportManager] API Action [getResponseJSONValue] successfully performed. With the following test data [title]. @12-02-2021 01:30:56.0071 AM
[ReportManager] API Action [getResponseJSONValue] successfully performed. With the following test data [title]. @12-02-2021 01:30:56.0079 AM
[ReportManager] API Action [getResponseJSONValue] successfully performed. With the following test data [title]. @12-02-2021 01:30:56.0087 AM
[ReportManager] API Action [getResponseJSONValue] successfully performed. With the following test data [title]. @12-02-2021 01:30:56.0095 AM
[ReportManager] API Action [getResponseJSONValue] successfully performed. With the following test data [title]. @12-02-2021 01:30:56.0102 AM
[ReportManager] API Action [getResponseJSONValue] successfully performed. With the following test data [title]. @12-02-2021 01:30:56.0115 AM
[ReportManager] API Action [getResponseJSONValue] successfully performed. With the following test data [title]. @12-02-2021 01:30:56.0123 AM
[ReportManager] API Action [getResponseJSONValue] successfully performed. With the following test data [title]. @12-02-2021 01:30:56.0132 AM
[ReportManager] API Action [getResponseJSONValue] successfully performed. With the following test data [title]. @12-02-2021 01:30:56.0145 AM
[ReportManager] API Action [getResponseJSONValue] successfully performed. With the following test data [title]. @12-02-2021 01:30:56.0156 AM
[ReportManager] API Action [getResponseJSONValue] successfully performed. With the following test data [title]. @12-02-2021 01:30:56.0164 AM
[ReportManager] API Action [getResponseJSONValue] successfully performed. With the following test data [title]. @12-02-2021 01:30:56.0172 AM
[ReportManager] API Action [getResponseJSONValue] successfully performed. With the following test data [title]. @12-02-2021 01:30:56.0180 AM
[ReportManager] API Action [getResponseJSONValue] successfully performed. With the following test data [title]. @12-02-2021 01:30:56.0188 AM
[ReportManager] API Action [getResponseJSONValue] successfully performed. With the following test data [title]. @12-02-2021 01:30:56.0196 AM
[ReportManager] API Action [getResponseJSONValue] successfully performed. With the following test data [title]. @12-02-2021 01:30:56.0203 AM
[ReportManager] API Action [getResponseJSONValue] successfully performed. With the following test data [title]. @12-02-2021 01:30:56.0210 AM
[ReportManager] API Action [getResponseJSONValue] successfully performed. With the following test data [title]. @12-02-2021 01:30:56.0218 AM
[ReportManager] API Action [getResponseJSONValue] successfully performed. With the following test data [title]. @12-02-2021 01:30:56.0225 AM
[ReportManager] API Action [getResponseJSONValue] successfully performed. With the following test data [title]. @12-02-2021 01:30:56.0263 AM
[ReportManager] API Action [getResponseJSONValue] successfully performed. With the following test data [title]. @12-02-2021 01:30:56.0270 AM
[ReportManager] API Action [getResponseJSONValue] successfully performed. With the following test data [title]. @12-02-2021 01:30:56.0278 AM
[ReportManager] API Action [getResponseJSONValue] successfully performed. With the following test data [title]. @12-02-2021 01:30:56.0286 AM
[ReportManager] API Action [getResponseJSONValue] successfully performed. With the following test data [title]. @12-02-2021 01:30:56.0294 AM
[ReportManager] API Action [getResponseJSONValue] successfully performed. With the following test data [title]. @12-02-2021 01:30:56.0302 AM
[ReportManager] API Action [getResponseJSONValue] successfully performed. With the following test data [title]. @12-02-2021 01:30:56.0310 AM
[ReportManager] API Action [getResponseJSONValue] successfully performed. With the following test data [title]. @12-02-2021 01:30:56.0318 AM
[ReportManager] API Action [getResponseJSONValue] successfully performed. With the following test data [title]. @12-02-2021 01:30:56.0338 AM
[ReportManager] API Action [getResponseJSONValue] successfully performed. With the following test data [title]. @12-02-2021 01:30:56.0354 AM
[ReportManager] API Action [getResponseJSONValue] successfully performed. With the following test data [title]. @12-02-2021 01:30:56.0362 AM
[ReportManager] API Action [getResponseJSONValue] successfully performed. With the following test data [title]. @12-02-2021 01:30:56.0373 AM
[ReportManager] API Action [getResponseJSONValue] successfully performed. With the following test data [title]. @12-02-2021 01:30:56.0382 AM
[ReportManager] API Action [getResponseJSONValue] successfully performed. With the following test data [title]. @12-02-2021 01:30:56.0390 AM
[ReportManager] API Action [getResponseJSONValue] successfully performed. With the following test data [title]. @12-02-2021 01:30:56.0397 AM
[ReportManager] API Action [getResponseJSONValue] successfully performed. With the following test data [title]. @12-02-2021 01:30:56.0405 AM
[ReportManager] API Action [getResponseJSONValue] successfully performed. With the following test data [title]. @12-02-2021 01:30:56.0413 AM
[ReportManager] API Action [getResponseJSONValue] successfully performed. With the following test data [title]. @12-02-2021 01:30:56.0420 AM
[ReportManager] API Action [getResponseJSONValue] successfully performed. With the following test data [title]. @12-02-2021 01:30:56.0426 AM
[ReportManager] API Action [getResponseJSONValue] successfully performed. With the following test data [title]. @12-02-2021 01:30:56.0434 AM
[ReportManager] API Action [getResponseJSONValue] successfully performed. With the following test data [title]. @12-02-2021 01:30:56.0440 AM
[ReportManager] API Action [getResponseJSONValue] successfully performed. With the following test data [title]. @12-02-2021 01:30:56.0447 AM
[ReportManager] API Action [getResponseJSONValue] successfully performed. With the following test data [title]. @12-02-2021 01:30:56.0455 AM
[ReportManager] API Action [getResponseJSONValue] successfully performed. With the following test data [title]. @12-02-2021 01:30:56.0463 AM
[ReportManager] API Action [getResponseJSONValue] successfully performed. With the following test data [title]. @12-02-2021 01:30:56.0469 AM
[ReportManager] API Action [getResponseJSONValue] successfully performed. With the following test data [title]. @12-02-2021 01:30:56.0477 AM
[ReportManager] API Action [getResponseJSONValue] successfully performed. With the following test data [title]. @12-02-2021 01:30:56.0484 AM
[ReportManager] API Action [getResponseJSONValue] successfully performed. With the following test data [title]. @12-02-2021 01:30:56.0490 AM
[ReportManager] API Action [getResponseJSONValue] successfully performed. With the following test data [title]. @12-02-2021 01:30:56.0497 AM
[ReportManager] API Action [getResponseJSONValue] successfully performed. With the following test data [title]. @12-02-2021 01:30:56.0503 AM
[ReportManager] API Action [getResponseJSONValue] successfully performed. With the following test data [title]. @12-02-2021 01:30:56.0512 AM
[ReportManager] API Action [getResponseJSONValue] successfully performed. With the following test data [title]. @12-02-2021 01:30:56.0519 AM
[ReportManager] API Action [getResponseJSONValue] successfully performed. With the following test data [title]. @12-02-2021 01:30:56.0526 AM
[ReportManager] API Action [getResponseJSONValue] successfully performed. With the following test data [title]. @12-02-2021 01:30:56.0533 AM
[ReportManager] API Action [getResponseJSONValue] successfully performed. With the following test data [title]. @12-02-2021 01:30:56.0539 AM
[ReportManager] API Action [getResponseJSONValue] successfully performed. With the following test data [title]. @12-02-2021 01:30:56.0547 AM
[ReportManager] API Action [getResponseJSONValue] successfully performed. With the following test data [title]. @12-02-2021 01:30:56.0553 AM
[ReportManager] API Action [getResponseJSONValue] successfully performed. With the following test data [title]. @12-02-2021 01:30:56.0579 AM
[ReportManager] API Action [getResponseJSONValue] successfully performed. With the following test data [title]. @12-02-2021 01:30:56.0586 AM
[ReportManager] API Action [getResponseJSONValue] successfully performed. With the following test data [title]. @12-02-2021 01:30:56.0593 AM
[ReportManager] API Action [getResponseJSONValue] successfully performed. With the following test data [title]. @12-02-2021 01:30:56.0599 AM
[ReportManager] API Action [getResponseJSONValue] successfully performed. With the following test data [title]. @12-02-2021 01:30:56.0606 AM
[ReportManager] API Action [getResponseJSONValue] successfully performed. With the following test data [title]. @12-02-2021 01:30:56.0614 AM
[ReportManager] API Action [getResponseJSONValue] successfully performed. With the following test data [title]. @12-02-2021 01:30:56.0623 AM
[ReportManager] API Action [getResponseJSONValue] successfully performed. With the following test data [title]. @12-02-2021 01:30:56.0631 AM
[ReportManager] API Action [getResponseJSONValue] successfully performed. With the following test data [title]. @12-02-2021 01:30:56.0640 AM
[ReportManager] API Action [getResponseJSONValue] successfully performed. With the following test data [title]. @12-02-2021 01:30:56.0654 AM
[ReportManager] API Action [getResponseJSONValue] successfully performed. With the following test data [title]. @12-02-2021 01:30:56.0662 AM
[ReportManager] API Action [getResponseJSONValue] successfully performed. With the following test data [title]. @12-02-2021 01:30:56.0669 AM
[ReportManager] API Action [getResponseJSONValue] successfully performed. With the following test data [title]. @12-02-2021 01:30:56.0682 AM
[ReportManager] API Action [getResponseJSONValue] successfully performed. With the following test data [title]. @12-02-2021 01:30:56.0688 AM
[ReportManager] API Action [getResponseJSONValue] successfully performed. With the following test data [title]. @12-02-2021 01:30:56.0694 AM
[ReportManager] API Action [getResponseJSONValue] successfully performed. With the following test data [title]. @12-02-2021 01:30:56.0701 AM
[ReportManager] API Action [getResponseJSONValue] successfully performed. With the following test data [title]. @12-02-2021 01:30:56.0707 AM
[ReportManager] API Action [getResponseJSONValue] successfully performed. With the following test data [title]. @12-02-2021 01:30:56.0723 AM
[ReportManager] API Action [getResponseJSONValue] successfully performed. With the following test data [title]. @12-02-2021 01:30:56.0730 AM
[ReportManager] API Action [getResponseJSONValue] successfully performed. With the following test data [title]. @12-02-2021 01:30:56.0737 AM
[ReportManager] API Action [getResponseJSONValue] successfully performed. With the following test data [title]. @12-02-2021 01:30:56.0752 AM
[ReportManager] API Action [getResponseJSONValue] successfully performed. With the following test data [title]. @12-02-2021 01:30:56.0767 AM
[ReportManager] API Action [getResponseJSONValue] successfully performed. With the following test data [title]. @12-02-2021 01:30:56.0774 AM
[ReportManager] API Action [getResponseJSONValue] successfully performed. With the following test data [title]. @12-02-2021 01:30:56.0783 AM
[ReportManager] API Action [getResponseJSONValue] successfully performed. With the following test data [title]. @12-02-2021 01:30:56.0789 AM
[ReportManager] API Action [getResponseJSONValue] successfully performed. With the following test data [title]. @12-02-2021 01:30:56.0797 AM
[ReportManager] API Action [getResponseJSONValue] successfully performed. With the following test data [title]. @12-02-2021 01:30:56.0803 AM
[ReportManager] API Action [getResponseJSONValue] successfully performed. With the following test data [title]. @12-02-2021 01:30:56.0810 AM
[ReportManager] API Action [getResponseJSONValue] successfully performed. With the following test data [title]. @12-02-2021 01:30:56.0822 AM
[ReportManager] API Action [getResponseJSONValue] successfully performed. With the following test data [title]. @12-02-2021 01:30:56.0831 AM
[ReportManager] API Action [getResponseJSONValue] successfully performed. With the following test data [title]. @12-02-2021 01:30:56.0840 AM
[ReportManager] API Action [getResponseJSONValue] successfully performed. With the following test data [title]. @12-02-2021 01:30:56.0849 AM
[ReportManager] API Action [getResponseJSONValue] successfully performed. With the following test data [title]. @12-02-2021 01:30:56.0862 AM
[ReportManager] API Action [getResponseJSONValue] successfully performed. With the following test data [title]. @12-02-2021 01:30:56.0873 AM
[ReportManager] API Action [getResponseJSONValue] successfully performed. With the following test data [title]. @12-02-2021 01:30:56.0882 AM
[ReportManager] API Action [getResponseJSONValue] successfully performed. With the following test data [title]. @12-02-2021 01:30:56.0890 AM
[ReportManager] API Action [getResponseJSONValue] successfully performed. With the following test data [title]. @12-02-2021 01:30:56.0898 AM
[ReportManager] API Action [getResponseJSONValue] successfully performed. With the following test data [title]. @12-02-2021 01:30:56.0907 AM
[ReportManager] API Action [getResponseJSONValue] successfully performed. With the following test data [title]. @12-02-2021 01:30:56.0916 A

################################################################################################################################################
Starting Execution:	[21 out of 134] test cases in the current suite
Test Method:		[unitTests.tests_restActions.validateUserEmail]
################################################################################################################################################
[ReportManager] Response status code: [200], status line: [HTTP/1.1 200 OK] @12-02-2021 01:30:57.0063 AM
[ReportManager] Evaluating the actual response status code against the expected one...... @12-02-2021 01:30:57.0063 AM
[ReportManager] AssertEquals PASSED; Expected [200] and Actual [200]. Comparison Type [EQUALS]. Validation Type [POSITIVE]. @12-02-2021 01:30:57.0064 AM
[ReportManager] API Action [performRequest] successfully performed. With the following test data [Request Type: "GET" | Target Status Code: "200" | Service URL: "https://jsonplaceholder.typicode.com/users" | Content Type: "*/*" | Response Time: "94ms"]. @12-02-2021 01:30:57.0091 AM
[ReportManager] Successfully created attachment [API Response - JSON Body] @12-02-2021 01:30:57.0092 AM
[ReportManager] AssertEquals PASSED; Expected and Actual values are attached. Comparison Type [CONTAINS]. Validation Type [POSITIVE]. @12-02-2021 01:30:57.0092 AM
[ReportManager] Successfully created attachment [Validation Test Data - Expected Value] @12-02-2021 01:30:57.0098 AM
[ReportManager] Successfully created attachment [Validation Test Data - Actual Value] @12-02-2021 01:30:57.0098 AM
[ReportManager] API Action [getResponseJSONValueAsList] successfully performed. With the following test data [$]. @12-02-2021 01:30:57.0104 AM
[ReportManager] API Action [getResponseJSONValue] successfully performed. With the following test data [name]. @12-02-2021 01:30:57.0112 AM
[ReportManager] API Action [getResponseJSONValue] successfully performed. With the following test data [email]. @12-02-2021 01:30:57.0120 AM
[ReportManager] AssertEquals PASSED; Expected [Sincere@april.biz] and Actual [Sincere@april.biz]. Comparison Type [EQUALS]. Validation Type [POSITIVE]. @12-02-2021 01:30:57.0120 AM
[ReportManager] API Action [getResponseJSONValue] successfully performed. With the following test data [name]. @12-02-2021 01:30:57.0127 AM
[ReportManager] API Action [getResponseJSONValue] successfully performed. With the following test data [name]. @12-02-2021 01:30:57.0133 AM
[ReportManager] API Action [getResponseJSONValue] successfully performed. With the following test data [name]. @12-02-2021 01:30:57.0139 AM
[ReportManager] API Action [getResponseJSONValue] successfully performed. With the following test data [name]. @12-02-2021 01:30:57.0146 AM
[ReportManager] API Action [getResponseJSONValue] successfully performed. With the following test data [name]. @12-02-2021 01:30:57.0152 AM
[ReportManager] API Action [getResponseJSONValue] successfully performed. With the following test data [name]. @12-02-2021 01:30:57.0158 AM
[ReportManager] API Action [getResponseJSONValue] successfully performed. With the following test data [name]. @12-02-2021 01:30:57.0165 AM
[ReportManager] API Action [getResponseJSONValue] successfully performed. With the following test data [name]. @12-02-2021 01:30:57.0172 AM
[ReportManager] API Action [getResponseJSONValue] successfully performed. With the following test data [name]. @12-02-2021 01:30:57.0180 A
[ReportManager] Successfully loaded the following test data file [src/test/resources/TestDataFiles/testSuite01/TestData.xlsx]. @12-02-2021 01:30:58.0047 AM
[ReportManager] Successfully created attachment [Test Data - Excel] @12-02-2021 01:30:58.0048 A

################################################################################################################################################
Starting Execution:	[22 out of 134] test cases in the current suite
Test Method:		[unitTests.tests_io_excelFileManager.getCellData_rowName_expectedToPass]
################################################################################################################################################
[ReportManager] testRowData. @12-02-2021 01:30:58.0063 A

################################################################################################################################################
Starting Execution:	[23 out of 134] test cases in the current suite
Test Method:		[unitTests.tests_validations_assertions.assertComparativeRelation_greaterThanOrEquals_false_equals_expectedToFail]
################################################################################################################################################
[ReportManager] AssertComparativeRelation FAILED; Expected [1] and Actual [1]. Comparison Type [GREATER_THAN_OR_EQUALS]. Validation Type [NEGATIVE]. @12-02-2021 01:30:58.0069 A

################################################################################################################################################
Starting Execution:	[24 out of 134] test cases in the current suite
Test Method:		[unitTests.tests_validations_assertions.assertComparativeRelation_greaterThanOrEquals_false_equals_expectedToPass]
################################################################################################################################################
[ReportManager] AssertComparativeRelation PASSED; Expected [2] and Actual [1]. Comparison Type [GREATER_THAN_OR_EQUALS]. Validation Type [NEGATIVE]. @12-02-2021 01:30:58.0074 A

################################################################################################################################################
Starting Execution:	[25 out of 134] test cases in the current suite
Test Method:		[unitTests.tests_validations_assertions.assertComparativeRelation_greaterThanOrEquals_false_greaterThan_expectedToFail]
################################################################################################################################################
[ReportManager] AssertComparativeRelation FAILED; Expected [1] and Actual [2]. Comparison Type [GREATER_THAN_OR_EQUALS]. Validation Type [NEGATIVE]. @12-02-2021 01:30:58.0078 A

################################################################################################################################################
Starting Execution:	[26 out of 134] test cases in the current suite
Test Method:		[unitTests.tests_validations_assertions.assertComparativeRelation_greaterThanOrEquals_false_greaterThan_expectedToPass]
################################################################################################################################################
[ReportManager] AssertComparativeRelation PASSED; Expected [2] and Actual [1]. Comparison Type [GREATER_THAN_OR_EQUALS]. Validation Type [NEGATIVE]. @12-02-2021 01:30:58.0085 A

################################################################################################################################################
Starting Execution:	[27 out of 134] test cases in the current suite
Test Method:		[unitTests.tests_validations_assertions.assertComparativeRelation_greaterThanOrEquals_true_equals_expectedToFail]
################################################################################################################################################
[ReportManager] AssertComparativeRelation FAILED; Expected [1] and Actual [0]. Comparison Type [GREATER_THAN_OR_EQUALS]. Validation Type [POSITIVE]. @12-02-2021 01:30:58.0092 A

################################################################################################################################################
Starting Execution:	[28 out of 134] test cases in the current suite
Test Method:		[unitTests.tests_validations_assertions.assertComparativeRelation_greaterThanOrEquals_true_equals_expectedToPass]
################################################################################################################################################
[ReportManager] AssertComparativeRelation PASSED; Expected [1] and Actual [1]. Comparison Type [GREATER_THAN_OR_EQUALS]. Validation Type [POSITIVE]. @12-02-2021 01:30:58.0097 A

################################################################################################################################################
Starting Execution:	[29 out of 134] test cases in the current suite
Test Method:		[unitTests.tests_validations_assertions.assertComparativeRelation_greaterThanOrEquals_true_greaterThan_expectedToFail]
################################################################################################################################################
[ReportManager] AssertComparativeRelation FAILED; Expected [2] and Actual [1]. Comparison Type [GREATER_THAN_OR_EQUALS]. Validation Type [POSITIVE]. @12-02-2021 01:30:58.0103 A

################################################################################################################################################
Starting Execution:	[30 out of 134] test cases in the current suite
Test Method:		[unitTests.tests_validations_assertions.assertComparativeRelation_greaterThanOrEquals_true_greaterThan_expectedToPass]
################################################################################################################################################
[ReportManager] AssertComparativeRelation PASSED; Expected [1] and Actual [2]. Comparison Type [GREATER_THAN_OR_EQUALS]. Validation Type [POSITIVE]. @12-02-2021 01:30:58.0107 A
[ReportManager] File Action [getAbsolutePath] successfully performed. With the following test data [Relative Folder Path: "target/downloadedFiles/"]. @12-02-2021 01:30:58.0113 AM
[ReportManager] Attempting to run remotely on: [Linux-64], [GoogleChrome], [http://localhost:4444/wd/hub], Headless Execution. @12-02-2021 01:30:58.0114 AM
[ReportManager] Successfully Opened [GoogleChrome]. @12-02-2021 01:30:58.0485 AM
[ReportManager] Target URL: [https://www.google.com/ncr], and after redirection: [www.google.com] @12-02-2021 01:30:58.0511 AM
[ReportManager] Initial URL: [data:,] @12-02-2021 01:30:58.0571 AM
[ReportManager] Browser Action [navigateToURL] successfully performed. With the following test data [https://www.google.com/ncr]. @12-02-2021 01:30:59.0352 A

################################################################################################################################################
Starting Execution:	[31 out of 134] test cases in the current suite
Test Method:		[unitTests.tests_validations_assertions.assertElementAttribute_false_caseInsensitiveComparison_expectedToFail]
################################################################################################################################################
[ReportManager] Element Action [type] successfully performed. With the following test data [AUTOMATION]. @12-02-2021 01:30:59.0929 AM
[ReportManager] Element Action [getText] successfully performed. With the following test data [AUTOMATION]. @12-02-2021 01:31:00.0035 AM
[ReportManager] Loaded Shared OpenCV @12-02-2021 01:31:00.0639 AM
[ReportManager] AssertElementAttribute FAILED; Expected [Value Should not be 'AutomaTion' for the 'text' attribute, element locator 'By.name: q'] and Actual [AUTOMATION]. Comparison Type [CASE_INSENSITIVE]. Validation Type [NEGATIVE]. @12-02-2021 01:31:00.0855 AM
[ReportManager] Successfully created attachment [Screenshot - 1613093460231_assertElementAttribute_false_caseInsensitiveComparison_expectedToFail_AssertElementAttribute_failed] @12-02-2021 01:31:00.0856 A
[ReportManager] Successfully created attachment [Selenium WebDriver Logs - server] @12-02-2021 01:31:00.0971 AM
[ReportManager] Successfully created attachment [Selenium WebDriver Logs - performance] @12-02-2021 01:31:01.0065 AM
[ReportManager] Successfully created attachment [Selenium WebDriver Logs - driver] @12-02-2021 01:31:01.0238 AM
[ReportManager] Browser Action [closeCurrentWindow] successfully performed. @12-02-2021 01:31:01.0308 AM
[ReportManager] Successfully created attachment [Browser Action Test Data - closeCurrentWindow - Actual Value] @12-02-2021 01:31:01.0310 A
[ReportManager] File Action [getAbsolutePath] successfully performed. With the following test data [Relative Folder Path: "target/downloadedFiles/"]. @12-02-2021 01:31:01.0314 AM
[ReportManager] Attempting to run remotely on: [Linux-64], [GoogleChrome], [http://localhost:4444/wd/hub], Headless Execution. @12-02-2021 01:31:01.0314 AM
[ReportManager] Successfully Opened [GoogleChrome]. @12-02-2021 01:31:01.0567 AM
[ReportManager] Target URL: [https://www.google.com/ncr], and after redirection: [www.google.com] @12-02-2021 01:31:01.0578 AM
[ReportManager] Initial URL: [data:,] @12-02-2021 01:31:01.0617 AM
[ReportManager] Browser Action [navigateToURL] successfully performed. With the following test data [https://www.google.com/ncr]. @12-02-2021 01:31:02.0396 A

################################################################################################################################################
Starting Execution:	[32 out of 134] test cases in the current suite
Test Method:		[unitTests.tests_validations_assertions.assertElementAttribute_false_caseInsensitiveComparison_expectedToPass]
################################################################################################################################################
[ReportManager] Element Action [type] successfully performed. With the following test data [AUTOMATION]. @12-02-2021 01:31:02.0953 AM
[ReportManager] Element Action [getText] successfully performed. With the following test data [AUTOMATION]. @12-02-2021 01:31:03.0096 AM
[ReportManager] Loaded Shared OpenCV @12-02-2021 01:31:03.0250 AM
[ReportManager] AssertElementAttribute PASSED; Expected [Value Should not be 'AutomaTion123' for the 'text' attribute, element locator 'By.name: q'] and Actual [AUTOMATION]. Comparison Type [CASE_INSENSITIVE]. Validation Type [NEGATIVE]. @12-02-2021 01:31:03.0322 AM
[ReportManager] Successfully created attachment [Screenshot - 1613093463250_assertElementAttribute_false_caseInsensitiveComparison_expectedToPass_AssertElementAttribute_passed] @12-02-2021 01:31:03.0322 A
[ReportManager] Successfully created attachment [Selenium WebDriver Logs - server] @12-02-2021 01:31:03.0414 AM
[ReportManager] Successfully created attachment [Selenium WebDriver Logs - performance] @12-02-2021 01:31:03.0492 AM
[ReportManager] Successfully created attachment [Selenium WebDriver Logs - driver] @12-02-2021 01:31:03.0623 AM
[ReportManager] Browser Action [closeCurrentWindow] successfully performed. @12-02-2021 01:31:03.0681 AM
[ReportManager] Successfully created attachment [Browser Action Test Data - closeCurrentWindow - Actual Value] @12-02-2021 01:31:03.0682 A
[ReportManager] File Action [getAbsolutePath] successfully performed. With the following test data [Relative Folder Path: "target/downloadedFiles/"]. @12-02-2021 01:31:03.0684 AM
[ReportManager] Attempting to run remotely on: [Linux-64], [GoogleChrome], [http://localhost:4444/wd/hub], Headless Execution. @12-02-2021 01:31:03.0684 AM
[ReportManager] Successfully Opened [GoogleChrome]. @12-02-2021 01:31:03.0906 AM
[ReportManager] Target URL: [https://www.google.com/ncr], and after redirection: [www.google.com] @12-02-2021 01:31:03.0933 AM
[ReportManager] Initial URL: [data:,] @12-02-2021 01:31:03.0973 AM
[ReportManager] Browser Action [navigateToURL] successfully performed. With the following test data [https://www.google.com/ncr]. @12-02-2021 01:31:04.0722 A

################################################################################################################################################
Starting Execution:	[33 out of 134] test cases in the current suite
Test Method:		[unitTests.tests_validations_assertions.assertElementAttribute_false_containsComparison_expectedToFail]
################################################################################################################################################
[ReportManager] Element Action [type] successfully performed. With the following test data [Automation123]. @12-02-2021 01:31:05.0305 AM
[ReportManager] Element Action [getText] successfully performed. With the following test data [Automation123]. @12-02-2021 01:31:05.0428 AM
[ReportManager] Loaded Shared OpenCV @12-02-2021 01:31:05.0560 AM
[ReportManager] AssertElementAttribute FAILED; Expected [Value Should not be 'Automation' for the 'text' attribute, element locator 'By.name: q'] and Actual [Automation123]. Comparison Type [CONTAINS]. Validation Type [NEGATIVE]. @12-02-2021 01:31:05.0627 AM
[ReportManager] Successfully created attachment [Screenshot - 1613093465560_assertElementAttribute_false_containsComparison_expectedToFail_AssertElementAttribute_failed] @12-02-2021 01:31:05.0627 A
[ReportManager] Successfully created attachment [Selenium WebDriver Logs - server] @12-02-2021 01:31:05.0704 AM
[ReportManager] Successfully created attachment [Selenium WebDriver Logs - performance] @12-02-2021 01:31:05.0785 AM
[ReportManager] Successfully created attachment [Selenium WebDriver Logs - driver] @12-02-2021 01:31:05.0902 AM
[ReportManager] Browser Action [closeCurrentWindow] successfully performed. @12-02-2021 01:31:05.0958 AM
[ReportManager] Successfully created attachment [Browser Action Test Data - closeCurrentWindow - Actual Value] @12-02-2021 01:31:05.0959 A
[ReportManager] File Action [getAbsolutePath] successfully performed. With the following test data [Relative Folder Path: "target/downloadedFiles/"]. @12-02-2021 01:31:05.0961 AM
[ReportManager] Attempting to run remotely on: [Linux-64], [GoogleChrome], [http://localhost:4444/wd/hub], Headless Execution. @12-02-2021 01:31:05.0961 AM
[ReportManager] Successfully Opened [GoogleChrome]. @12-02-2021 01:31:06.0201 AM
[ReportManager] Target URL: [https://www.google.com/ncr], and after redirection: [www.google.com] @12-02-2021 01:31:06.0215 AM
[ReportManager] Initial URL: [data:,] @12-02-2021 01:31:06.0257 AM
[ReportManager] Browser Action [navigateToURL] successfully performed. With the following test data [https://www.google.com/ncr]. @12-02-2021 01:31:07.0061 A

################################################################################################################################################
Starting Execution:	[34 out of 134] test cases in the current suite
Test Method:		[unitTests.tests_validations_assertions.assertElementAttribute_false_containsComparison_expectedToPass]
################################################################################################################################################
[ReportManager] Element Action [type] successfully performed. With the following test data [Automation123]. @12-02-2021 01:31:07.0614 AM
[ReportManager] Element Action [getText] successfully performed. With the following test data [Automation123]. @12-02-2021 01:31:07.0723 AM
[ReportManager] Loaded Shared OpenCV @12-02-2021 01:31:07.0857 AM
[ReportManager] AssertElementAttribute PASSED; Expected [Value Should not be 'Automation1234' for the 'text' attribute, element locator 'By.name: q'] and Actual [Automation123]. Comparison Type [CONTAINS]. Validation Type [NEGATIVE]. @12-02-2021 01:31:07.0954 AM
[ReportManager] Successfully created attachment [Screenshot - 1613093467857_assertElementAttribute_false_containsComparison_expectedToPass_AssertElementAttribute_passed] @12-02-2021 01:31:07.0954 A
[ReportManager] Successfully created attachment [Selenium WebDriver Logs - server] @12-02-2021 01:31:08.0061 AM
[ReportManager] Successfully created attachment [Selenium WebDriver Logs - performance] @12-02-2021 01:31:08.0146 AM
[ReportManager] Successfully created attachment [Selenium WebDriver Logs - driver] @12-02-2021 01:31:08.0265 AM
[ReportManager] Browser Action [closeCurrentWindow] successfully performed. @12-02-2021 01:31:08.0321 AM
[ReportManager] Successfully created attachment [Browser Action Test Data - closeCurrentWindow - Actual Value] @12-02-2021 01:31:08.0324 A
[ReportManager] File Action [getAbsolutePath] successfully performed. With the following test data [Relative Folder Path: "target/downloadedFiles/"]. @12-02-2021 01:31:08.0326 AM
[ReportManager] Attempting to run remotely on: [Linux-64], [GoogleChrome], [http://localhost:4444/wd/hub], Headless Execution. @12-02-2021 01:31:08.0327 AM
[ReportManager] Successfully Opened [GoogleChrome]. @12-02-2021 01:31:08.0553 AM
[ReportManager] Target URL: [https://www.google.com/ncr], and after redirection: [www.google.com] @12-02-2021 01:31:08.0565 AM
[ReportManager] Initial URL: [data:,] @12-02-2021 01:31:08.0607 AM
[ReportManager] Browser Action [navigateToURL] successfully performed. With the following test data [https://www.google.com/ncr]. @12-02-2021 01:31:09.0321 A

################################################################################################################################################
Starting Execution:	[35 out of 134] test cases in the current suite
Test Method:		[unitTests.tests_validations_assertions.assertElementAttribute_false_literalComparison_expectedToFail]
################################################################################################################################################
[ReportManager] Element Action [type] successfully performed. With the following test data [Automation!@#$%^&*()_+{}[]\';/.,]. @12-02-2021 01:31:10.0567 AM
[ReportManager] Element Action [getText] successfully performed. With the following test data [Automation!@#$%^&*()_+{}[]\';/.,]. @12-02-2021 01:31:10.0679 AM
[ReportManager] Loaded Shared OpenCV @12-02-2021 01:31:10.0831 AM
[ReportManager] AssertElementAttribute PASSED; Expected [Value Should not be 'Automation!@#$%^&*()_+{}[]\\';/.,' for the 'text' attribute, element locator 'By.name: q'] and Actual [Automation!@#$%^&*()_+{}[]\';/.,]. Comparison Type [EQUALS]. Validation Type [NEGATIVE]. @12-02-2021 01:31:10.0910 AM
[ReportManager] Successfully created attachment [Screenshot - 1613093470831_assertElementAttribute_false_literalComparison_expectedToFail_AssertElementAttribute_passed] @12-02-2021 01:31:10.0910 A
[ReportManager] Successfully created attachment [Selenium WebDriver Logs - server] @12-02-2021 01:31:10.0991 AM
[ReportManager] Successfully created attachment [Selenium WebDriver Logs - performance] @12-02-2021 01:31:11.0141 AM
[ReportManager] Successfully created attachment [Selenium WebDriver Logs - driver] @12-02-2021 01:31:11.0331 AM
[ReportManager] Browser Action [closeCurrentWindow] successfully performed. @12-02-2021 01:31:11.0382 AM
[ReportManager] Successfully created attachment [Browser Action Test Data - closeCurrentWindow - Actual Value] @12-02-2021 01:31:11.0384 A
[ReportManager] File Action [getAbsolutePath] successfully performed. With the following test data [Relative Folder Path: "target/downloadedFiles/"]. @12-02-2021 01:31:11.0386 AM
[ReportManager] Attempting to run remotely on: [Linux-64], [GoogleChrome], [http://localhost:4444/wd/hub], Headless Execution. @12-02-2021 01:31:11.0386 AM
[ReportManager] Successfully Opened [GoogleChrome]. @12-02-2021 01:31:11.0645 AM
[ReportManager] Target URL: [https://www.google.com/ncr], and after redirection: [www.google.com] @12-02-2021 01:31:11.0661 AM
[ReportManager] Initial URL: [data:,] @12-02-2021 01:31:11.0710 AM
[ReportManager] Browser Action [navigateToURL] successfully performed. With the following test data [https://www.google.com/ncr]. @12-02-2021 01:31:12.0473 A

################################################################################################################################################
Starting Execution:	[36 out of 134] test cases in the current suite
Test Method:		[unitTests.tests_validations_assertions.assertElementAttribute_false_literalComparison_expectedToPass]
################################################################################################################################################
[ReportManager] Element Action [type] successfully performed. With the following test data [Automation!@#$%^&*()_+{}[]\';/.,]. @12-02-2021 01:31:13.0789 AM
[ReportManager] Element Action [getText] successfully performed. With the following test data [Automation!@#$%^&*()_+{}[]\';/.,]. @12-02-2021 01:31:13.0899 AM
[ReportManager] Loaded Shared OpenCV @12-02-2021 01:31:14.0047 AM
[ReportManager] AssertElementAttribute PASSED; Expected [Value Should not be 'Automation' for the 'text' attribute, element locator 'By.name: q'] and Actual [Automation!@#$%^&*()_+{}[]\';/.,]. Comparison Type [EQUALS]. Validation Type [NEGATIVE]. @12-02-2021 01:31:14.0131 AM
[ReportManager] Successfully created attachment [Screenshot - 1613093474047_assertElementAttribute_false_literalComparison_expectedToPass_AssertElementAttribute_passed] @12-02-2021 01:31:14.0131 A
[ReportManager] Successfully created attachment [Selenium WebDriver Logs - server] @12-02-2021 01:31:14.0284 AM
[ReportManager] Successfully created attachment [Selenium WebDriver Logs - performance] @12-02-2021 01:31:14.0439 AM
[ReportManager] Successfully created attachment [Selenium WebDriver Logs - driver] @12-02-2021 01:31:14.0640 AM
[ReportManager] Browser Action [closeCurrentWindow] successfully performed. @12-02-2021 01:31:14.0699 AM
[ReportManager] Successfully created attachment [Browser Action Test Data - closeCurrentWindow - Actual Value] @12-02-2021 01:31:14.0700 A
[ReportManager] File Action [getAbsolutePath] successfully performed. With the following test data [Relative Folder Path: "target/downloadedFiles/"]. @12-02-2021 01:31:14.0707 AM
[ReportManager] Attempting to run remotely on: [Linux-64], [GoogleChrome], [http://localhost:4444/wd/hub], Headless Execution. @12-02-2021 01:31:14.0707 AM
[ReportManager] Successfully Opened [GoogleChrome]. @12-02-2021 01:31:14.0973 AM
[ReportManager] Target URL: [https://www.google.com/ncr], and after redirection: [www.google.com] @12-02-2021 01:31:14.0992 AM
[ReportManager] Initial URL: [data:,] @12-02-2021 01:31:15.0044 AM
[ReportManager] Browser Action [navigateToURL] successfully performed. With the following test data [https://www.google.com/ncr]. @12-02-2021 01:31:15.0921 A

################################################################################################################################################
Starting Execution:	[37 out of 134] test cases in the current suite
Test Method:		[unitTests.tests_validations_assertions.assertElementAttribute_false_regexComparison_expectedToFail]
################################################################################################################################################
[ReportManager] Element Action [type] successfully performed. With the following test data [Automation123]. @12-02-2021 01:31:16.0536 AM
[ReportManager] Element Action [getText] successfully performed. With the following test data [Automation123]. @12-02-2021 01:31:16.0643 AM
[ReportManager] Loaded Shared OpenCV @12-02-2021 01:31:16.0800 AM
[ReportManager] AssertElementAttribute FAILED; Expected [Value Should not be 'Automation.*' for the 'text' attribute, element locator 'By.name: q'] and Actual [Automation123]. Comparison Type [MATCHES]. Validation Type [NEGATIVE]. @12-02-2021 01:31:16.0874 AM
[ReportManager] Successfully created attachment [Screenshot - 1613093476800_assertElementAttribute_false_regexComparison_expectedToFail_AssertElementAttribute_failed] @12-02-2021 01:31:16.0874 A
[ReportManager] Successfully created attachment [Selenium WebDriver Logs - server] @12-02-2021 01:31:16.0950 AM
[ReportManager] Successfully created attachment [Selenium WebDriver Logs - performance] @12-02-2021 01:31:17.0034 AM
[ReportManager] Successfully created attachment [Selenium WebDriver Logs - driver] @12-02-2021 01:31:17.0149 AM
[ReportManager] Browser Action [closeCurrentWindow] successfully performed. @12-02-2021 01:31:17.0206 AM
[ReportManager] Successfully created attachment [Browser Action Test Data - closeCurrentWindow - Actual Value] @12-02-2021 01:31:17.0207 A
[ReportManager] File Action [getAbsolutePath] successfully performed. With the following test data [Relative Folder Path: "target/downloadedFiles/"]. @12-02-2021 01:31:17.0209 AM
[ReportManager] Attempting to run remotely on: [Linux-64], [GoogleChrome], [http://localhost:4444/wd/hub], Headless Execution. @12-02-2021 01:31:17.0209 AM
[ReportManager] Successfully Opened [GoogleChrome]. @12-02-2021 01:31:17.0426 AM
[ReportManager] Target URL: [https://www.google.com/ncr], and after redirection: [www.google.com] @12-02-2021 01:31:17.0436 AM
[ReportManager] Initial URL: [data:,] @12-02-2021 01:31:17.0474 AM
[ReportManager] Browser Action [navigateToURL] successfully performed. With the following test data [https://www.google.com/ncr]. @12-02-2021 01:31:18.0247 A

################################################################################################################################################
Starting Execution:	[38 out of 134] test cases in the current suite
Test Method:		[unitTests.tests_validations_assertions.assertElementAttribute_false_regexComparison_expectedToPass]
################################################################################################################################################
[ReportManager] Element Action [type] successfully performed. With the following test data [Automation123]. @12-02-2021 01:31:18.0800 AM
[ReportManager] Element Action [getText] successfully performed. With the following test data [Automation123]. @12-02-2021 01:31:18.0934 AM
[ReportManager] Loaded Shared OpenCV @12-02-2021 01:31:19.0105 AM
[ReportManager] AssertElementAttribute PASSED; Expected [Value Should not be 'Automation' for the 'text' attribute, element locator 'By.name: q'] and Actual [Automation123]. Comparison Type [MATCHES]. Validation Type [NEGATIVE]. @12-02-2021 01:31:19.0204 AM
[ReportManager] Successfully created attachment [Screenshot - 1613093479105_assertElementAttribute_false_regexComparison_expectedToPass_AssertElementAttribute_passed] @12-02-2021 01:31:19.0205 A
[ReportManager] Successfully created attachment [Selenium WebDriver Logs - server] @12-02-2021 01:31:19.0313 AM
[ReportManager] Successfully created attachment [Selenium WebDriver Logs - performance] @12-02-2021 01:31:19.0398 AM
[ReportManager] Successfully created attachment [Selenium WebDriver Logs - driver] @12-02-2021 01:31:19.0518 AM
[ReportManager] Browser Action [closeCurrentWindow] successfully performed. @12-02-2021 01:31:19.0575 AM
[ReportManager] Successfully created attachment [Browser Action Test Data - closeCurrentWindow - Actual Value] @12-02-2021 01:31:19.0579 A
[ReportManager] File Action [getAbsolutePath] successfully performed. With the following test data [Relative Folder Path: "target/downloadedFiles/"]. @12-02-2021 01:31:19.0586 AM
[ReportManager] Attempting to run remotely on: [Linux-64], [GoogleChrome], [http://localhost:4444/wd/hub], Headless Execution. @12-02-2021 01:31:19.0586 AM
[ReportManager] Successfully Opened [GoogleChrome]. @12-02-2021 01:31:19.0804 AM
[ReportManager] Target URL: [https://www.google.com/ncr], and after redirection: [www.google.com] @12-02-2021 01:31:19.0814 AM
[ReportManager] Initial URL: [data:,] @12-02-2021 01:31:19.0867 AM
[ReportManager] Browser Action [navigateToURL] successfully performed. With the following test data [https://www.google.com/ncr]. @12-02-2021 01:31:20.0583 A

################################################################################################################################################
Starting Execution:	[39 out of 134] test cases in the current suite
Test Method:		[unitTests.tests_validations_assertions.assertElementAttribute_true_caseInsensitiveComparison_expectedToFail]
################################################################################################################################################
[ReportManager] Element Action [type] successfully performed. With the following test data [AUTOMATION]. @12-02-2021 01:31:21.0118 AM
[ReportManager] Element Action [getText] successfully performed. With the following test data [AUTOMATION]. @12-02-2021 01:31:21.0219 AM
[ReportManager] Loaded Shared OpenCV @12-02-2021 01:31:21.0358 AM
[ReportManager] AssertElementAttribute FAILED; Expected [Value Should be 'AutomaTion123' for the 'text' attribute, element locator 'By.name: q'] and Actual [AUTOMATION]. Comparison Type [CASE_INSENSITIVE]. Validation Type [POSITIVE]. @12-02-2021 01:31:21.0442 AM
[ReportManager] Successfully created attachment [Screenshot - 1613093481358_assertElementAttribute_true_caseInsensitiveComparison_expectedToFail_AssertElementAttribute_failed] @12-02-2021 01:31:21.0442 A
[ReportManager] Successfully created attachment [Selenium WebDriver Logs - server] @12-02-2021 01:31:21.0514 AM
[ReportManager] Successfully created attachment [Selenium WebDriver Logs - performance] @12-02-2021 01:31:21.0593 AM
[ReportManager] Successfully created attachment [Selenium WebDriver Logs - driver] @12-02-2021 01:31:21.0708 AM
[ReportManager] Browser Action [closeCurrentWindow] successfully performed. @12-02-2021 01:31:21.0767 AM
[ReportManager] Successfully created attachment [Browser Action Test Data - closeCurrentWindow - Actual Value] @12-02-2021 01:31:21.0768 A
[ReportManager] File Action [getAbsolutePath] successfully performed. With the following test data [Relative Folder Path: "target/downloadedFiles/"]. @12-02-2021 01:31:21.0770 AM
[ReportManager] Attempting to run remotely on: [Linux-64], [GoogleChrome], [http://localhost:4444/wd/hub], Headless Execution. @12-02-2021 01:31:21.0770 AM
[ReportManager] Successfully Opened [GoogleChrome]. @12-02-2021 01:31:21.0980 AM
[ReportManager] Target URL: [https://www.google.com/ncr], and after redirection: [www.google.com] @12-02-2021 01:31:21.0990 AM
[ReportManager] Initial URL: [data:,] @12-02-2021 01:31:22.0035 AM
[ReportManager] Browser Action [navigateToURL] successfully performed. With the following test data [https://www.google.com/ncr]. @12-02-2021 01:31:22.0768 A

################################################################################################################################################
Starting Execution:	[40 out of 134] test cases in the current suite
Test Method:		[unitTests.tests_validations_assertions.assertElementAttribute_true_caseInsensitiveComparison_expectedToPass]
################################################################################################################################################
[ReportManager] Element Action [type] successfully performed. With the following test data [AUTOMATION]. @12-02-2021 01:31:23.0338 AM
[ReportManager] Element Action [getText] successfully performed. With the following test data [AUTOMATION]. @12-02-2021 01:31:23.0443 AM
[ReportManager] Loaded Shared OpenCV @12-02-2021 01:31:23.0584 AM
[ReportManager] AssertElementAttribute PASSED; Expected [Value Should be 'AutomaTion' for the 'text' attribute, element locator 'By.name: q'] and Actual [AUTOMATION]. Comparison Type [CASE_INSENSITIVE]. Validation Type [POSITIVE]. @12-02-2021 01:31:23.0651 AM
[ReportManager] Successfully created attachment [Screenshot - 1613093483584_assertElementAttribute_true_caseInsensitiveComparison_expectedToPass_AssertElementAttribute_passed] @12-02-2021 01:31:23.0651 A
[ReportManager] Successfully created attachment [Selenium WebDriver Logs - server] @12-02-2021 01:31:23.0731 AM
[ReportManager] Successfully created attachment [Selenium WebDriver Logs - performance] @12-02-2021 01:31:23.0804 AM
[ReportManager] Successfully created attachment [Selenium WebDriver Logs - driver] @12-02-2021 01:31:23.0918 AM
[ReportManager] Browser Action [closeCurrentWindow] successfully performed. @12-02-2021 01:31:23.0974 AM
[ReportManager] Successfully created attachment [Browser Action Test Data - closeCurrentWindow - Actual Value] @12-02-2021 01:31:23.0975 A
[ReportManager] File Action [getAbsolutePath] successfully performed. With the following test data [Relative Folder Path: "target/downloadedFiles/"]. @12-02-2021 01:31:23.0977 AM
[ReportManager] Attempting to run remotely on: [Linux-64], [GoogleChrome], [http://localhost:4444/wd/hub], Headless Execution. @12-02-2021 01:31:23.0977 AM
[ReportManager] Successfully Opened [GoogleChrome]. @12-02-2021 01:31:24.0182 AM
[ReportManager] Target URL: [https://www.google.com/ncr], and after redirection: [www.google.com] @12-02-2021 01:31:24.0196 AM
[ReportManager] Initial URL: [data:,] @12-02-2021 01:31:24.0247 AM
[ReportManager] Browser Action [navigateToURL] successfully performed. With the following test data [https://www.google.com/ncr]. @12-02-2021 01:31:25.0069 A

################################################################################################################################################
Starting Execution:	[41 out of 134] test cases in the current suite
Test Method:		[unitTests.tests_validations_assertions.assertElementAttribute_true_containsComparison_expectedToFail]
################################################################################################################################################
[ReportManager] Element Action [type] successfully performed. With the following test data [Automation123]. @12-02-2021 01:31:25.0621 AM
[ReportManager] Element Action [getText] successfully performed. With the following test data [Automation123]. @12-02-2021 01:31:25.0726 AM
[ReportManager] Loaded Shared OpenCV @12-02-2021 01:31:25.0877 AM
[ReportManager] AssertElementAttribute FAILED; Expected [Value Should be 'Automation1234' for the 'text' attribute, element locator 'By.name: q'] and Actual [Automation123]. Comparison Type [CONTAINS]. Validation Type [POSITIVE]. @12-02-2021 01:31:25.0938 AM
[ReportManager] Successfully created attachment [Screenshot - 1613093485877_assertElementAttribute_true_containsComparison_expectedToFail_AssertElementAttribute_failed] @12-02-2021 01:31:25.0938 A
[ReportManager] Successfully created attachment [Selenium WebDriver Logs - server] @12-02-2021 01:31:26.0005 AM
[ReportManager] Successfully created attachment [Selenium WebDriver Logs - performance] @12-02-2021 01:31:26.0093 AM
[ReportManager] Successfully created attachment [Selenium WebDriver Logs - driver] @12-02-2021 01:31:26.0209 AM
[ReportManager] Browser Action [closeCurrentWindow] successfully performed. @12-02-2021 01:31:26.0265 AM
[ReportManager] Successfully created attachment [Browser Action Test Data - closeCurrentWindow - Actual Value] @12-02-2021 01:31:26.0266 A
[ReportManager] File Action [getAbsolutePath] successfully performed. With the following test data [Relative Folder Path: "target/downloadedFiles/"]. @12-02-2021 01:31:26.0268 AM
[ReportManager] Attempting to run remotely on: [Linux-64], [GoogleChrome], [http://localhost:4444/wd/hub], Headless Execution. @12-02-2021 01:31:26.0268 AM
[ReportManager] Successfully Opened [GoogleChrome]. @12-02-2021 01:31:26.0496 AM
[ReportManager] Target URL: [https://www.google.com/ncr], and after redirection: [www.google.com] @12-02-2021 01:31:26.0507 AM
[ReportManager] Initial URL: [data:,] @12-02-2021 01:31:26.0544 AM
[ReportManager] Browser Action [navigateToURL] successfully performed. With the following test data [https://www.google.com/ncr]. @12-02-2021 01:31:27.0332 A

################################################################################################################################################
Starting Execution:	[42 out of 134] test cases in the current suite
Test Method:		[unitTests.tests_validations_assertions.assertElementAttribute_true_containsComparison_expectedToPass]
################################################################################################################################################
[ReportManager] Element Action [type] successfully performed. With the following test data [Automation123]. @12-02-2021 01:31:27.0895 AM
[ReportManager] Element Action [getText] successfully performed. With the following test data [Automation123]. @12-02-2021 01:31:27.0995 AM
[ReportManager] Loaded Shared OpenCV @12-02-2021 01:31:28.0125 AM
[ReportManager] AssertElementAttribute PASSED; Expected [Value Should be 'Automation' for the 'text' attribute, element locator 'By.name: q'] and Actual [Automation123]. Comparison Type [CONTAINS]. Validation Type [POSITIVE]. @12-02-2021 01:31:28.0190 AM
[ReportManager] Successfully created attachment [Screenshot - 1613093488125_assertElementAttribute_true_containsComparison_expectedToPass_AssertElementAttribute_passed] @12-02-2021 01:31:28.0190 A
[ReportManager] Successfully created attachment [Selenium WebDriver Logs - server] @12-02-2021 01:31:28.0272 AM
[ReportManager] Successfully created attachment [Selenium WebDriver Logs - performance] @12-02-2021 01:31:28.0361 AM
[ReportManager] Successfully created attachment [Selenium WebDriver Logs - driver] @12-02-2021 01:31:28.0476 AM
[ReportManager] Browser Action [closeCurrentWindow] successfully performed. @12-02-2021 01:31:28.0534 AM
[ReportManager] Successfully created attachment [Browser Action Test Data - closeCurrentWindow - Actual Value] @12-02-2021 01:31:28.0535 A
[ReportManager] File Action [getAbsolutePath] successfully performed. With the following test data [Relative Folder Path: "target/downloadedFiles/"]. @12-02-2021 01:31:28.0537 AM
[ReportManager] Attempting to run remotely on: [Linux-64], [GoogleChrome], [http://localhost:4444/wd/hub], Headless Execution. @12-02-2021 01:31:28.0537 AM
[ReportManager] Successfully Opened [GoogleChrome]. @12-02-2021 01:31:28.0723 AM
[ReportManager] Target URL: [https://www.google.com/ncr], and after redirection: [www.google.com] @12-02-2021 01:31:28.0733 AM
[ReportManager] Initial URL: [data:,] @12-02-2021 01:31:28.0770 AM
[ReportManager] Browser Action [navigateToURL] successfully performed. With the following test data [https://www.google.com/ncr]. @12-02-2021 01:31:29.0514 A

################################################################################################################################################
Starting Execution:	[43 out of 134] test cases in the current suite
Test Method:		[unitTests.tests_validations_assertions.assertElementAttribute_true_literalComparison_expectedToFail]
################################################################################################################################################
[ReportManager] Element Action [type] successfully performed. With the following test data [Automation!@#$%^&*()_+{}[]\';/.,]. @12-02-2021 01:31:30.0767 AM
[ReportManager] Element Action [getText] successfully performed. With the following test data [Automation!@#$%^&*()_+{}[]\';/.,]. @12-02-2021 01:31:30.0883 AM
[ReportManager] Loaded Shared OpenCV @12-02-2021 01:31:31.0028 AM
[ReportManager] AssertElementAttribute FAILED; Expected [Value Should be 'Automation' for the 'text' attribute, element locator 'By.name: q'] and Actual [Automation!@#$%^&*()_+{}[]\';/.,]. Comparison Type [EQUALS]. Validation Type [POSITIVE]. @12-02-2021 01:31:31.0097 AM
[ReportManager] Successfully created attachment [Screenshot - 1613093491028_assertElementAttribute_true_literalComparison_expectedToFail_AssertElementAttribute_failed] @12-02-2021 01:31:31.0097 A
[ReportManager] Successfully created attachment [Selenium WebDriver Logs - server] @12-02-2021 01:31:31.0167 AM
[ReportManager] Successfully created attachment [Selenium WebDriver Logs - performance] @12-02-2021 01:31:31.0317 AM
[ReportManager] Successfully created attachment [Selenium WebDriver Logs - driver] @12-02-2021 01:31:31.0483 AM
[ReportManager] Browser Action [closeCurrentWindow] successfully performed. @12-02-2021 01:31:31.0543 AM
[ReportManager] Successfully created attachment [Browser Action Test Data - closeCurrentWindow - Actual Value] @12-02-2021 01:31:31.0543 A
[ReportManager] File Action [getAbsolutePath] successfully performed. With the following test data [Relative Folder Path: "target/downloadedFiles/"]. @12-02-2021 01:31:31.0545 AM
[ReportManager] Attempting to run remotely on: [Linux-64], [GoogleChrome], [http://localhost:4444/wd/hub], Headless Execution. @12-02-2021 01:31:31.0545 AM
[ReportManager] Successfully Opened [GoogleChrome]. @12-02-2021 01:31:31.0812 AM
[ReportManager] Target URL: [https://www.google.com/ncr], and after redirection: [www.google.com] @12-02-2021 01:31:31.0822 AM
[ReportManager] Initial URL: [data:,] @12-02-2021 01:31:31.0870 AM
[ReportManager] Browser Action [navigateToURL] successfully performed. With the following test data [https://www.google.com/ncr]. @12-02-2021 01:31:32.0568 A

################################################################################################################################################
Starting Execution:	[44 out of 134] test cases in the current suite
Test Method:		[unitTests.tests_validations_assertions.assertElementAttribute_true_literalComparison_expectedToPass]
################################################################################################################################################
[ReportManager] Element Action [type] successfully performed. With the following test data [Automation!@#$%^&*()_+{}[]\';/.,]. @12-02-2021 01:31:33.0842 AM
[ReportManager] Element Action [getText] successfully performed. With the following test data [Automation!@#$%^&*()_+{}[]\';/.,]. @12-02-2021 01:31:33.0940 AM
[ReportManager] Loaded Shared OpenCV @12-02-2021 01:31:34.0080 AM
[ReportManager] AssertElementAttribute PASSED; Expected [Value Should be 'Automation!@#$%^&*()_+{}[]\';/.,' for the 'text' attribute, element locator 'By.name: q'] and Actual [Automation!@#$%^&*()_+{}[]\';/.,]. Comparison Type [EQUALS]. Validation Type [POSITIVE]. @12-02-2021 01:31:34.0143 AM
[ReportManager] Successfully created attachment [Screenshot - 1613093494080_assertElementAttribute_true_literalComparison_expectedToPass_AssertElementAttribute_passed] @12-02-2021 01:31:34.0143 A
[ReportManager] Successfully created attachment [Selenium WebDriver Logs - server] @12-02-2021 01:31:34.0209 AM
[ReportManager] Successfully created attachment [Selenium WebDriver Logs - performance] @12-02-2021 01:31:34.0348 AM
[ReportManager] Successfully created attachment [Selenium WebDriver Logs - driver] @12-02-2021 01:31:34.0521 AM
[ReportManager] Browser Action [closeCurrentWindow] successfully performed. @12-02-2021 01:31:34.0585 AM
[ReportManager] Successfully created attachment [Browser Action Test Data - closeCurrentWindow - Actual Value] @12-02-2021 01:31:34.0586 A
[ReportManager] File Action [getAbsolutePath] successfully performed. With the following test data [Relative Folder Path: "target/downloadedFiles/"]. @12-02-2021 01:31:34.0597 AM
[ReportManager] Attempting to run remotely on: [Linux-64], [GoogleChrome], [http://localhost:4444/wd/hub], Headless Execution. @12-02-2021 01:31:34.0598 AM
[ReportManager] Successfully Opened [GoogleChrome]. @12-02-2021 01:31:34.0803 AM
[ReportManager] Target URL: [https://www.google.com/ncr], and after redirection: [www.google.com] @12-02-2021 01:31:34.0815 AM
[ReportManager] Initial URL: [data:,] @12-02-2021 01:31:34.0857 AM
[ReportManager] Browser Action [navigateToURL] successfully performed. With the following test data [https://www.google.com/ncr]. @12-02-2021 01:31:35.0553 A

################################################################################################################################################
Starting Execution:	[45 out of 134] test cases in the current suite
Test Method:		[unitTests.tests_validations_assertions.assertElementAttribute_true_regexComparison_expectedToFail]
################################################################################################################################################
[ReportManager] Element Action [type] successfully performed. With the following test data [Automation123]. @12-02-2021 01:31:36.0133 AM
[ReportManager] Element Action [getText] successfully performed. With the following test data [Automation123]. @12-02-2021 01:31:36.0237 AM
[ReportManager] Loaded Shared OpenCV @12-02-2021 01:31:36.0372 AM
[ReportManager] AssertElementAttribute FAILED; Expected [Value Should be 'Automation' for the 'text' attribute, element locator 'By.name: q'] and Actual [Automation123]. Comparison Type [MATCHES]. Validation Type [POSITIVE]. @12-02-2021 01:31:36.0436 AM
[ReportManager] Successfully created attachment [Screenshot - 1613093496372_assertElementAttribute_true_regexComparison_expectedToFail_AssertElementAttribute_failed] @12-02-2021 01:31:36.0437 A
[ReportManager] Successfully created attachment [Selenium WebDriver Logs - server] @12-02-2021 01:31:36.0541 AM
[ReportManager] Successfully created attachment [Selenium WebDriver Logs - performance] @12-02-2021 01:31:36.0621 AM
[ReportManager] Successfully created attachment [Selenium WebDriver Logs - driver] @12-02-2021 01:31:36.0726 AM
[ReportManager] Browser Action [closeCurrentWindow] successfully performed. @12-02-2021 01:31:36.0784 AM
[ReportManager] Successfully created attachment [Browser Action Test Data - closeCurrentWindow - Actual Value] @12-02-2021 01:31:36.0785 A
[ReportManager] File Action [getAbsolutePath] successfully performed. With the following test data [Relative Folder Path: "target/downloadedFiles/"]. @12-02-2021 01:31:36.0787 AM
[ReportManager] Attempting to run remotely on: [Linux-64], [GoogleChrome], [http://localhost:4444/wd/hub], Headless Execution. @12-02-2021 01:31:36.0787 AM
[ReportManager] Successfully Opened [GoogleChrome]. @12-02-2021 01:31:37.0060 AM
[ReportManager] Target URL: [https://www.google.com/ncr], and after redirection: [www.google.com] @12-02-2021 01:31:37.0070 AM
[ReportManager] Initial URL: [data:,] @12-02-2021 01:31:37.0108 AM
[ReportManager] Browser Action [navigateToURL] successfully performed. With the following test data [https://www.google.com/ncr]. @12-02-2021 01:31:37.0830 A

################################################################################################################################################
Starting Execution:	[46 out of 134] test cases in the current suite
Test Method:		[unitTests.tests_validations_assertions.assertElementAttribute_true_regexComparison_expectedToPass]
################################################################################################################################################
[ReportManager] Element Action [type] successfully performed. With the following test data [Automation123]. @12-02-2021 01:31:38.0496 AM
[ReportManager] Element Action [getText] successfully performed. With the following test data [Automation123]. @12-02-2021 01:31:38.0602 AM
[ReportManager] Loaded Shared OpenCV @12-02-2021 01:31:38.0727 AM
[ReportManager] AssertElementAttribute PASSED; Expected [Value Should be 'Automation.*' for the 'text' attribute, element locator 'By.name: q'] and Actual [Automation123]. Comparison Type [MATCHES]. Validation Type [POSITIVE]. @12-02-2021 01:31:38.0792 AM
[ReportManager] Successfully created attachment [Screenshot - 1613093498727_assertElementAttribute_true_regexComparison_expectedToPass_AssertElementAttribute_passed] @12-02-2021 01:31:38.0799 A
[ReportManager] Successfully created attachment [Selenium WebDriver Logs - server] @12-02-2021 01:31:38.0865 AM
[ReportManager] Successfully created attachment [Selenium WebDriver Logs - performance] @12-02-2021 01:31:38.0952 AM
[ReportManager] Successfully created attachment [Selenium WebDriver Logs - driver] @12-02-2021 01:31:39.0070 AM
[ReportManager] Browser Action [closeCurrentWindow] successfully performed. @12-02-2021 01:31:39.0126 AM
[ReportManager] Successfully created attachment [Browser Action Test Data - closeCurrentWindow - Actual Value] @12-02-2021 01:31:39.0127 A
[ReportManager] File Action [getAbsolutePath] successfully performed. With the following test data [Relative Folder Path: "target/downloadedFiles/"]. @12-02-2021 01:31:39.0130 AM
[ReportManager] Attempting to run remotely on: [Linux-64], [GoogleChrome], [http://localhost:4444/wd/hub], Headless Execution. @12-02-2021 01:31:39.0130 AM
[ReportManager] Successfully Opened [GoogleChrome]. @12-02-2021 01:31:39.0346 AM
[ReportManager] Target URL: [https://www.google.com/ncr], and after redirection: [www.google.com] @12-02-2021 01:31:39.0358 AM
[ReportManager] Initial URL: [data:,] @12-02-2021 01:31:39.0398 AM
[ReportManager] Browser Action [navigateToURL] successfully performed. With the following test data [https://www.google.com/ncr]. @12-02-2021 01:31:40.0132 A

################################################################################################################################################
Starting Execution:	[47 out of 134] test cases in the current suite
Test Method:		[unitTests.tests_validations_assertions.assertElementExists_false_expectedToFail]
################################################################################################################################################
[ReportManager] Loaded Shared OpenCV @12-02-2021 01:31:40.0300 AM
[ReportManager] AssertElementExists FAILED; Expected [Element Should not Exist, locator 'By.id: hplogo'] and Actual [Element Exists]. Comparison Type [EQUALS]. Validation Type [NEGATIVE]. @12-02-2021 01:31:40.0357 AM
[ReportManager] Successfully created attachment [Screenshot - 1613093500300_assertElementExists_false_expectedToFail_AssertElementExists_failed] @12-02-2021 01:31:40.0357 A
[ReportManager] Successfully created attachment [Selenium WebDriver Logs - server] @12-02-2021 01:31:40.0438 AM
[ReportManager] Successfully created attachment [Selenium WebDriver Logs - performance] @12-02-2021 01:31:40.0467 AM
[ReportManager] Successfully created attachment [Selenium WebDriver Logs - driver] @12-02-2021 01:31:40.0529 AM
[ReportManager] Browser Action [closeCurrentWindow] successfully performed. @12-02-2021 01:31:40.0585 AM
[ReportManager] Successfully created attachment [Browser Action Test Data - closeCurrentWindow - Actual Value] @12-02-2021 01:31:40.0586 A
[ReportManager] File Action [getAbsolutePath] successfully performed. With the following test data [Relative Folder Path: "target/downloadedFiles/"]. @12-02-2021 01:31:40.0588 AM
[ReportManager] Attempting to run remotely on: [Linux-64], [GoogleChrome], [http://localhost:4444/wd/hub], Headless Execution. @12-02-2021 01:31:40.0588 AM
[ReportManager] Successfully Opened [GoogleChrome]. @12-02-2021 01:31:40.0783 AM
[ReportManager] Target URL: [https://www.google.com/ncr], and after redirection: [www.google.com] @12-02-2021 01:31:40.0798 AM
[ReportManager] Initial URL: [data:,] @12-02-2021 01:31:40.0835 AM
[ReportManager] Browser Action [navigateToURL] successfully performed. With the following test data [https://www.google.com/ncr]. @12-02-2021 01:31:41.0573 A

################################################################################################################################################
Starting Execution:	[48 out of 134] test cases in the current suite
Test Method:		[unitTests.tests_validations_assertions.assertElementExists_false_expectedToPass]
################################################################################################################################################
[ReportManager] AssertElementExists PASSED; Expected [Element Should not Exist, locator 'By.id: fakeElement'] and Actual [Element Doesn't Exists]. Comparison Type [EQUALS]. Validation Type [NEGATIVE]. @12-02-2021 01:31:41.0805 AM
[ReportManager] Successfully created attachment [Screenshot - 1613093501744_assertElementExists_false_expectedToPass_AssertElementExists_passed] @12-02-2021 01:31:41.0805 A
[ReportManager] Successfully created attachment [Selenium WebDriver Logs - server] @12-02-2021 01:31:41.0881 AM
[ReportManager] Successfully created attachment [Selenium WebDriver Logs - performance] @12-02-2021 01:31:41.0911 AM
[ReportManager] Successfully created attachment [Selenium WebDriver Logs - driver] @12-02-2021 01:31:41.0973 AM
[ReportManager] Browser Action [closeCurrentWindow] successfully performed. @12-02-2021 01:31:42.0028 AM
[ReportManager] Successfully created attachment [Browser Action Test Data - closeCurrentWindow - Actual Value] @12-02-2021 01:31:42.0029 A
[ReportManager] File Action [getAbsolutePath] successfully performed. With the following test data [Relative Folder Path: "target/downloadedFiles/"]. @12-02-2021 01:31:42.0031 AM
[ReportManager] Attempting to run remotely on: [Linux-64], [GoogleChrome], [http://localhost:4444/wd/hub], Headless Execution. @12-02-2021 01:31:42.0031 AM
[ReportManager] Successfully Opened [GoogleChrome]. @12-02-2021 01:31:42.0237 AM
[ReportManager] Target URL: [https://www.google.com/ncr], and after redirection: [www.google.com] @12-02-2021 01:31:42.0246 AM
[ReportManager] Initial URL: [data:,] @12-02-2021 01:31:42.0295 AM
[ReportManager] Browser Action [navigateToURL] successfully performed. With the following test data [https://www.google.com/ncr]. @12-02-2021 01:31:42.0994 A

################################################################################################################################################
Starting Execution:	[49 out of 134] test cases in the current suite
Test Method:		[unitTests.tests_validations_assertions.assertElementExists_false_multipleElementsFound_expectedToFail]
################################################################################################################################################
[ReportManager] AssertElementExists FAILED; Expected [Element Should not Exist, locator 'By.xpath: //div'] and Actual [Element Exists but is not unique]. Comparison Type [EQUALS]. Validation Type [NEGATIVE]. @12-02-2021 01:31:43.0201 AM
[ReportManager] Successfully created attachment [Screenshot - 1613093503154_assertElementExists_false_multipleElementsFound_expectedToFail_AssertElementExists_failed] @12-02-2021 01:31:43.0202 A
[ReportManager] Successfully created attachment [Selenium WebDriver Logs - server] @12-02-2021 01:31:43.0262 AM
[ReportManager] Successfully created attachment [Selenium WebDriver Logs - performance] @12-02-2021 01:31:43.0296 AM
[ReportManager] Successfully created attachment [Selenium WebDriver Logs - driver] @12-02-2021 01:31:43.0351 AM
[ReportManager] Browser Action [closeCurrentWindow] successfully performed. @12-02-2021 01:31:43.0408 AM
[ReportManager] Successfully created attachment [Browser Action Test Data - closeCurrentWindow - Actual Value] @12-02-2021 01:31:43.0409 A
[ReportManager] File Action [getAbsolutePath] successfully performed. With the following test data [Relative Folder Path: "target/downloadedFiles/"]. @12-02-2021 01:31:43.0412 AM
[ReportManager] Attempting to run remotely on: [Linux-64], [GoogleChrome], [http://localhost:4444/wd/hub], Headless Execution. @12-02-2021 01:31:43.0413 AM
[ReportManager] Successfully Opened [GoogleChrome]. @12-02-2021 01:31:43.0649 AM
[ReportManager] Target URL: [https://www.google.com/ncr], and after redirection: [www.google.com] @12-02-2021 01:31:43.0658 AM
[ReportManager] Initial URL: [data:,] @12-02-2021 01:31:43.0692 AM
[ReportManager] Browser Action [navigateToURL] successfully performed. With the following test data [https://www.google.com/ncr]. @12-02-2021 01:31:44.0744 A

################################################################################################################################################
Starting Execution:	[50 out of 134] test cases in the current suite
Test Method:		[unitTests.tests_validations_assertions.assertElementExists_true_expectedToFail]
################################################################################################################################################
[ReportManager] AssertElementExists FAILED; Expected [Element Should Exist, locator 'By.id: fakeElement'] and Actual [Element Doesn't Exists]. Comparison Type [EQUALS]. Validation Type [POSITIVE]. @12-02-2021 01:31:44.0952 AM
[ReportManager] Successfully created attachment [Screenshot - 1613093504904_assertElementExists_true_expectedToFail_AssertElementExists_failed] @12-02-2021 01:31:44.0953 A
[ReportManager] Successfully created attachment [Selenium WebDriver Logs - server] @12-02-2021 01:31:45.0024 AM
[ReportManager] Successfully created attachment [Selenium WebDriver Logs - performance] @12-02-2021 01:31:45.0052 AM
[ReportManager] Successfully created attachment [Selenium WebDriver Logs - driver] @12-02-2021 01:31:45.0114 AM
[ReportManager] Browser Action [closeCurrentWindow] successfully performed. @12-02-2021 01:31:45.0171 AM
[ReportManager] Successfully created attachment [Browser Action Test Data - closeCurrentWindow - Actual Value] @12-02-2021 01:31:45.0172 A
[ReportManager] File Action [getAbsolutePath] successfully performed. With the following test data [Relative Folder Path: "target/downloadedFiles/"]. @12-02-2021 01:31:45.0174 AM
[ReportManager] Attempting to run remotely on: [Linux-64], [GoogleChrome], [http://localhost:4444/wd/hub], Headless Execution. @12-02-2021 01:31:45.0174 AM
[ReportManager] Successfully Opened [GoogleChrome]. @12-02-2021 01:31:45.0383 AM
[ReportManager] Target URL: [https://www.google.com/ncr], and after redirection: [www.google.com] @12-02-2021 01:31:45.0393 AM
[ReportManager] Initial URL: [data:,] @12-02-2021 01:31:45.0434 AM
[ReportManager] Browser Action [navigateToURL] successfully performed. With the following test data [https://www.google.com/ncr]. @12-02-2021 01:31:46.0160 A

################################################################################################################################################
Starting Execution:	[51 out of 134] test cases in the current suite
Test Method:		[unitTests.tests_validations_assertions.assertElementExists_true_expectedToPass]
################################################################################################################################################
[ReportManager] Loaded Shared OpenCV @12-02-2021 01:31:46.0341 AM
[ReportManager] AssertElementExists PASSED; Expected [Element Should Exist, locator 'By.id: hplogo'] and Actual [Element Exists]. Comparison Type [EQUALS]. Validation Type [POSITIVE]. @12-02-2021 01:31:46.0401 AM
[ReportManager] Successfully created attachment [Screenshot - 1613093506341_assertElementExists_true_expectedToPass_AssertElementExists_passed] @12-02-2021 01:31:46.0402 A
[ReportManager] Successfully created attachment [Selenium WebDriver Logs - server] @12-02-2021 01:31:46.0472 AM
[ReportManager] Successfully created attachment [Selenium WebDriver Logs - performance] @12-02-2021 01:31:46.0501 AM
[ReportManager] Successfully created attachment [Selenium WebDriver Logs - driver] @12-02-2021 01:31:46.0563 AM
[ReportManager] Browser Action [closeCurrentWindow] successfully performed. @12-02-2021 01:31:46.0618 AM
[ReportManager] Successfully created attachment [Browser Action Test Data - closeCurrentWindow - Actual Value] @12-02-2021 01:31:46.0619 A
[ReportManager] File Action [getAbsolutePath] successfully performed. With the following test data [Relative Folder Path: "target/downloadedFiles/"]. @12-02-2021 01:31:46.0621 AM
[ReportManager] Attempting to run remotely on: [Linux-64], [GoogleChrome], [http://localhost:4444/wd/hub], Headless Execution. @12-02-2021 01:31:46.0622 AM
[ReportManager] Successfully Opened [GoogleChrome]. @12-02-2021 01:31:46.0857 AM
[ReportManager] Target URL: [https://www.google.com/ncr], and after redirection: [www.google.com] @12-02-2021 01:31:46.0870 AM
[ReportManager] Initial URL: [data:,] @12-02-2021 01:31:46.0913 AM
[ReportManager] Browser Action [navigateToURL] successfully performed. With the following test data [https://www.google.com/ncr]. @12-02-2021 01:31:47.0682 A

################################################################################################################################################
Starting Execution:	[52 out of 134] test cases in the current suite
Test Method:		[unitTests.tests_validations_assertions.assertElementExists_true_multipleElementsFound_expectedToFail]
################################################################################################################################################
[ReportManager] AssertElementExists FAILED; Expected [Element Should Exist, locator 'By.xpath: //div'] and Actual [Element Exists but is not unique]. Comparison Type [EQUALS]. Validation Type [POSITIVE]. @12-02-2021 01:31:47.0973 AM
[ReportManager] Successfully created attachment [Screenshot - 1613093507909_assertElementExists_true_multipleElementsFound_expectedToFail_AssertElementExists_failed] @12-02-2021 01:31:47.0973 A
[ReportManager] Successfully created attachment [Selenium WebDriver Logs - server] @12-02-2021 01:31:48.0050 AM
[ReportManager] Successfully created attachment [Selenium WebDriver Logs - performance] @12-02-2021 01:31:48.0081 AM
[ReportManager] Successfully created attachment [Selenium WebDriver Logs - driver] @12-02-2021 01:31:48.0150 AM
[ReportManager] Browser Action [closeCurrentWindow] successfully performed. @12-02-2021 01:31:48.0206 AM
[ReportManager] Successfully created attachment [Browser Action Test Data - closeCurrentWindow - Actual Value] @12-02-2021 01:31:48.0206 A

################################################################################################################################################
Starting Execution:	[53 out of 134] test cases in the current suite
Test Method:		[unitTests.tests_validations_assertions.assertEquals_false_expectedToFail]
################################################################################################################################################
[ReportManager] AssertEquals FAILED; Expected [1] and Actual [1]. Comparison Type [EQUALS]. Validation Type [NEGATIVE]. @12-02-2021 01:31:48.0211 A

################################################################################################################################################
Starting Execution:	[54 out of 134] test cases in the current suite
Test Method:		[unitTests.tests_validations_assertions.assertEquals_false_expectedToPass]
################################################################################################################################################
[ReportManager] AssertEquals PASSED; Expected [1] and Actual [2]. Comparison Type [EQUALS]. Validation Type [NEGATIVE]. @12-02-2021 01:31:48.0215 A

################################################################################################################################################
Starting Execution:	[55 out of 134] test cases in the current suite
Test Method:		[unitTests.tests_validations_assertions.assertEquals_longCharacters]
################################################################################################################################################
[ReportManager] VerifyEquals PASSED; Expected and Actual values are attached. Comparison Type [EQUALS]. Validation Type [POSITIVE]. @12-02-2021 01:31:48.0218 AM
[ReportManager] Successfully created attachment [Validation Test Data - Expected Value] @12-02-2021 01:31:48.0219 AM
[ReportManager] Successfully created attachment [Validation Test Data - Actual Value] @12-02-2021 01:31:48.0219 AM
[ReportManager] AssertEquals PASSED; Expected and Actual values are attached. Comparison Type [EQUALS]. Validation Type [POSITIVE]. @12-02-2021 01:31:48.0219 AM
[ReportManager] Successfully created attachment [Validation Test Data - Expected Value] @12-02-2021 01:31:48.0219 AM
[ReportManager] Successfully created attachment [Validation Test Data - Actual Value] @12-02-2021 01:31:48.0219 A

################################################################################################################################################
Starting Execution:	[56 out of 134] test cases in the current suite
Test Method:		[unitTests.tests_validations_assertions.assertEquals_longCharacters_Discreet]
################################################################################################################################################
[ReportManager] AssertEquals PASSED; Expected [1LH5pROcDBjjQk0t0mCr0lXuzQu9lcGj28kY8R1H81X67eVAQJgWQhILiRWVPUgZ6uCtK5cnBkF55Jr9vYngjGO1Iyf0Mktv6lruDlL9T8MAUPcUZJGHZtji6nIeadujDSNmWMj5d6C8zlFqw0CRqBU0hO5adIasHgBSNoLotAjce3NGXoDwAlp3rYreeV16VIyZXROQY] and Actual [1LH5pROcDBjjQk0t0mCr0lXuzQu9lcGj28kY8R1H81X67eVAQJgWQhILiRWVPUgZ6uCtK5cnBkF55Jr9vYngjGO1Iyf0Mktv6lruDlL9T8MAUPcUZJGHZtji6nIeadujDSNmWMj5d6C8zlFqw0CRqBU0hO5adIasHgBSNoLotAjce3NGXoDwAlp3rYreeV16VIyZXROQY]. Comparison Type [EQUALS]. Validation Type [POSITIVE]. @12-02-2021 01:31:48.0221 A

################################################################################################################################################
Starting Execution:	[57 out of 134] test cases in the current suite
Test Method:		[unitTests.tests_validations_assertions.assertEquals_true_expectedToFail]
################################################################################################################################################
[ReportManager] AssertEquals FAILED; Expected [1] and Actual [2]. Comparison Type [EQUALS]. Validation Type [POSITIVE]. @12-02-2021 01:31:48.0223 A

################################################################################################################################################
Starting Execution:	[58 out of 134] test cases in the current suite
Test Method:		[unitTests.tests_validations_assertions.assertEquals_true_expectedToPass]
Test Description:	[Assert that assertEquals works as expected when the two values are equal.]
################################################################################################################################################
[ReportManager] VerifyEquals PASSED; Expected [1] and Actual [1]. Comparison Type [EQUALS]. Validation Type [POSITIVE]. @12-02-2021 01:31:48.0239 AM
[ReportManager] AssertEquals PASSED; Expected [1] and Actual [1]. Comparison Type [EQUALS]. Validation Type [POSITIVE]. @12-02-2021 01:31:48.0239 A

################################################################################################################################################
Starting Execution:	[59 out of 134] test cases in the current suite
Test Method:		[unitTests.tests_validations_assertions.assertEquals_true_expectedToPass__]
################################################################################################################################################
[ReportManager] AssertEquals PASSED; Expected [1] and Actual [1]. Comparison Type [EQUALS]. Validation Type [POSITIVE]. @12-02-2021 01:31:48.0242 A

################################################################################################################################################
Starting Execution:	[60 out of 134] test cases in the current suite
Test Method:		[unitTests.tests_validations_assertions.assertFileExists_false_expectedToFail]
################################################################################################################################################
[ReportManager] File Action [doesFileExist] successfully performed. With the following test data [File Path: "src/main/java/com/shaft/gui/element/ElementActions.java"]. @12-02-2021 01:31:48.0245 AM
[ReportManager] AssertFileExists FAILED; Expected [File 'src/main/java/com/shaft/gui/element/ElementActions.java' should not exist, after up to '1' retries] and Actual [File exists]. Validation Type [NEGATIVE]. @12-02-2021 01:31:48.0253 A

################################################################################################################################################
Starting Execution:	[61 out of 134] test cases in the current suite
Test Method:		[unitTests.tests_validations_assertions.assertFileExists_false_expectedToPass]
################################################################################################################################################
[ReportManager] File Action [doesFileExist] successfully performed. With the following test data [File Path: "src/main/java/com/shaft/gui/element/ElementActions.java_fail"]. @12-02-2021 01:31:48.0757 AM
[ReportManager] AssertFileExists PASSED; Expected [File 'src/main/java/com/shaft/gui/element/ElementActions.java_fail' should not exist, after up to '1' retries] and Actual [File does not exist]. Validation Type [NEGATIVE]. @12-02-2021 01:31:48.0757 A

################################################################################################################################################
Starting Execution:	[62 out of 134] test cases in the current suite
Test Method:		[unitTests.tests_validations_assertions.assertFileExists_true_expectedToFail]
################################################################################################################################################
[ReportManager] File Action [doesFileExist] successfully performed. With the following test data [File Path: "src/main/java/com/shaft/gui/element/ElementActions.java_fail"]. @12-02-2021 01:31:49.0262 AM
[ReportManager] AssertFileExists FAILED; Expected [File 'src/main/java/com/shaft/gui/element/ElementActions.java_fail' should exist, after up to '1' retries] and Actual [File does not exist]. Validation Type [POSITIVE]. @12-02-2021 01:31:49.0262 A

################################################################################################################################################
Starting Execution:	[63 out of 134] test cases in the current suite
Test Method:		[unitTests.tests_validations_assertions.assertFileExists_true_expectedToPass]
################################################################################################################################################
[ReportManager] File Action [doesFileExist] successfully performed. With the following test data [File Path: "src/main/java/com/shaft/gui/element/ElementActions.java"]. @12-02-2021 01:31:49.0264 AM
[ReportManager] AssertFileExists PASSED; Expected [File 'src/main/java/com/shaft/gui/element/ElementActions.java' should exist, after up to '1' retries] and Actual [File exists]. Validation Type [POSITIVE]. @12-02-2021 01:31:49.0264 A

################################################################################################################################################
Starting Execution:	[64 out of 134] test cases in the current suite
Test Method:		[unitTests.tests_validations_assertions.assertNull_false_expectedToFail]
################################################################################################################################################
[ReportManager] AssertNull FAILED; Expected [NULL] and Actual [NULL]. Comparison Type [EQUALS]. Validation Type [NEGATIVE]. @12-02-2021 01:31:49.0268 A

################################################################################################################################################
Starting Execution:	[65 out of 134] test cases in the current suite
Test Method:		[unitTests.tests_validations_assertions.assertNull_false_expectedToPass]
################################################################################################################################################
[ReportManager] AssertNull PASSED; Expected [NULL] and Actual [1]. Comparison Type [EQUALS]. Validation Type [NEGATIVE]. @12-02-2021 01:31:49.0272 A

################################################################################################################################################
Starting Execution:	[66 out of 134] test cases in the current suite
Test Method:		[unitTests.tests_validations_assertions.assertNull_true_expectedToFail]
################################################################################################################################################
[ReportManager] AssertNull FAILED; Expected [NULL] and Actual [1]. Comparison Type [EQUALS]. Validation Type [POSITIVE]. @12-02-2021 01:31:49.0274 A

################################################################################################################################################
Starting Execution:	[67 out of 134] test cases in the current suite
Test Method:		[unitTests.tests_validations_assertions.assertNull_true_expectedToPass]
################################################################################################################################################
[ReportManager] AssertNull PASSED; Expected [NULL] and Actual [NULL]. Comparison Type [EQUALS]. Validation Type [POSITIVE]. @12-02-2021 01:31:49.0279 A
[ReportManager] File Action [getAbsolutePath] successfully performed. With the following test data [Relative Folder Path: "target/downloadedFiles/"]. @12-02-2021 01:31:49.0280 AM
[ReportManager] Attempting to run remotely on: [Linux-64], [GoogleChrome], [http://localhost:4444/wd/hub], Headless Execution. @12-02-2021 01:31:49.0281 AM
[ReportManager] Successfully Opened [GoogleChrome]. @12-02-2021 01:31:49.0528 A

################################################################################################################################################
Starting Execution:	[68 out of 134] test cases in the current suite
Test Method:		[testPackage01.Test_IsElementClickable.testIsElementClickable]
################################################################################################################################################
[ReportManager] Target URL: [https://the-internet.herokuapp.com/] @12-02-2021 01:31:49.0541 AM
[ReportManager] Initial URL: [data:,] @12-02-2021 01:31:49.0580 AM
[ReportManager] Browser Action [navigateToURL] successfully performed. With the following test data [https://the-internet.herokuapp.com/]. @12-02-2021 01:31:49.0906 AM
[ReportManager] Element Action [isElementClickable] successfully performed. @12-02-2021 01:31:50.0076 AM
[ReportManager] AssertTrue PASSED; Expected [TRUE] and Actual [TRUE]. Validation Type [POSITIVE]. @12-02-2021 01:31:50.0077 A
[ReportManager] Successfully created attachment [Selenium WebDriver Logs - server] @12-02-2021 01:31:50.0127 AM
[ReportManager] Successfully created attachment [Selenium WebDriver Logs - performance] @12-02-2021 01:31:50.0146 AM
[ReportManager] Successfully created attachment [Selenium WebDriver Logs - browser] @12-02-2021 01:31:50.0152 AM
[ReportManager] Successfully created attachment [Selenium WebDriver Logs - driver] @12-02-2021 01:31:50.0200 AM
[ReportManager] Browser Action [closeCurrentWindow] successfully performed. @12-02-2021 01:31:50.0255 AM
[ReportManager] Successfully created attachment [Browser Action Test Data - closeCurrentWindow - Actual Value] @12-02-2021 01:31:50.0255 A

################################################################################################################################################
Starting Execution:	[69 out of 134] test cases in the current suite
Test Method:		[testPackage01.Test_JsonActions.f]
###############################################################################################################################################

################################################################################################################################################
Starting Execution:	[70 out of 134] test cases in the current suite
Test Method:		[testPackage01.Test_JsonActions.f2]
###############################################################################################################################################

################################################################################################################################################
Starting Execution:	[71 out of 134] test cases in the current suite
Test Method:		[testPackage01.Test_SkipDueToIssue.doNotSkip]
################################################################################################################################################
[ReportManager] This should not be skipped. @12-02-2021 01:31:50.0276 A

################################################################################################################################################
Starting Execution:	[72 out of 134] test cases in the current suite
Test Method:		[testPackage01.Test_SkipDueToIssue.skip]
################################################################################################################################################
[ReportManager] This should be skipped. @12-02-2021 01:31:50.0280 A

################################################################################################################################################
Starting Execution:	[73 out of 134] test cases in the current suite
Test Method:		[testPackage01.Test_SkipDueToIssue.skip2]
################################################################################################################################################
[ReportManager] This should be skipped. @12-02-2021 01:31:50.0283 A

################################################################################################################################################
Starting Execution:	[74 out of 134] test cases in the current suite
Test Method:		[testPackage01.Test_testData.f]
################################################################################################################################################
[ReportManager] Successfully loaded the following test data file [src/test/resources/TestDataFiles/testSuite01/TestData.xlsx]. @12-02-2021 01:31:50.0325 AM
[ReportManager] Successfully created attachment [Test Data - Excel] @12-02-2021 01:31:50.0325 AM
[ReportManager] Last Column Number is: [3]. Zero-based. @12-02-2021 01:31:50.0325 A
[ReportManager] File Action [getAbsolutePath] successfully performed. With the following test data [Relative Folder Path: "target/downloadedFiles/"]. @12-02-2021 01:31:50.0328 AM
[ReportManager] Attempting to run remotely on: [Linux-64], [GoogleChrome], [http://localhost:4444/wd/hub], Headless Execution. @12-02-2021 01:31:50.0328 AM
[ReportManager] Successfully Opened [GoogleChrome]. @12-02-2021 01:31:50.0527 A

################################################################################################################################################
Starting Execution:	[75 out of 134] test cases in the current suite
Test Method:		[testPackage01.Test_assertEquals.test_assertElementAttribute]
################################################################################################################################################
[ReportManager] Target URL: [https://www.google.com/ncr], and after redirection: [https://www.google.com] @12-02-2021 01:31:50.0538 AM
[ReportManager] Initial URL: [data:,] @12-02-2021 01:31:50.0582 AM
[ReportManager] Browser Action [navigateToURL] successfully performed. With the following test data [https://www.google.com/ncr]. @12-02-2021 01:31:51.0273 AM
[ReportManager] Element Action [type] successfully performed. With the following test data [INC_004010050:Another SCHEDULER with the same name [Duplicate Job Name] already exists.]. @12-02-2021 01:31:53.0470 AM
[ReportManager] Element Action [getText] successfully performed. With the following test data [INC_004010050:Another SCHEDULER with the same name [Duplicate Job Name] already exists.]. @12-02-2021 01:31:53.0567 AM
[ReportManager] Loaded Shared OpenCV @12-02-2021 01:31:53.0685 AM
[ReportManager] AssertElementAttribute PASSED; Expected [Value Should be 'INC_004010050:Another SCHEDULER with the same name \[Duplicate Job Name\] already exists.' for the 'text' attribute, element locator 'By.name: q'] and Actual [INC_004010050:Another SCHEDULER with the same name [Duplicate Job Name] already exists.]. Comparison Type [MATCHES]. Validation Type [POSITIVE]. @12-02-2021 01:31:53.0743 AM
[ReportManager] Successfully created attachment [Screenshot - 1613093513685_test_assertElementAttribute_AssertElementAttribute_passed] @12-02-2021 01:31:53.0744 A
[ReportManager] Successfully created attachment [Selenium WebDriver Logs - server] @12-02-2021 01:31:53.0811 AM
[ReportManager] Successfully created attachment [Selenium WebDriver Logs - performance] @12-02-2021 01:31:54.0125 AM
[ReportManager] Successfully created attachment [Selenium WebDriver Logs - driver] @12-02-2021 01:31:54.0474 AM
[ReportManager] Browser Action [closeCurrentWindow] successfully performed. @12-02-2021 01:31:54.0538 AM
[ReportManager] Successfully created attachment [Browser Action Test Data - closeCurrentWindow - Actual Value] @12-02-2021 01:31:54.0539 A

################################################################################################################################################
Starting Execution:	[76 out of 134] test cases in the current suite
Test Method:		[testPackage01.Test_JsonCompareWithSpecialCharacters.specialCharacters]
################################################################################################################################################
[ReportManager] File Action [getAbsolutePath] successfully performed. With the following test data [Relative Folder Path: "src/test/resources/TestJsonFiles/specialCharacters.json"]. @12-02-2021 01:31:54.0550 AM
[ReportManager] File Action [readFromFile] successfully performed. With the following test data [File Path: "/home/runner/work/SHAFT_ENGINE/SHAFT_ENGINE/src/test/resources/TestJsonFiles/specialCharacters.json"]. @12-02-2021 01:31:54.0560 AM
[ReportManager] Successfully created attachment [File Action Actual Result - Command Log] @12-02-2021 01:31:54.0560 AM
[ReportManager] Comparing the provided API response with the file at this path "src/test/resources/TestJsonFiles/specialCharacters.json", comparison type "EQUALS" @12-02-2021 01:31:54.0561 AM
[ReportManager] API Action [compareJSON] successfully performed. With the following test data [src/test/resources/TestJsonFiles/specialCharacters.json]. @12-02-2021 01:31:54.0584 AM
[ReportManager] File Action [getAbsolutePath] successfully performed. With the following test data [Relative Folder Path: "src/test/resources/TestJsonFiles/specialCharacters.json"]. @12-02-2021 01:31:54.0584 AM
[ReportManager] File Action [readFromFile] successfully performed. With the following test data [File Path: "/home/runner/work/SHAFT_ENGINE/SHAFT_ENGINE/src/test/resources/TestJsonFiles/specialCharacters.json"]. @12-02-2021 01:31:54.0585 AM
[ReportManager] VerifyJSONFileContent PASSED; Expected [Response data should match the JSON File in this path 'src/test/resources/TestJsonFiles/specialCharacters.json'] and Actual [TRUE]. Comparison Type [EQUALS]. Validation Type [POSITIVE]. @12-02-2021 01:31:54.0590 AM
[ReportManager] Successfully created attachment [Validation Test Data - Expected JSON Value] @12-02-2021 01:31:54.0590 AM
[ReportManager] Successfully created attachment [Validation Test Data - Actual JSON Value] @12-02-2021 01:31:54.0590 A

################################################################################################################################################
Starting Execution:	[77 out of 134] test cases in the current suite
Test Method:		[testPackage01.Test_JsonCompareWithSpecialCharacters.specialCharacters_assertion]
################################################################################################################################################
[ReportManager] File Action [getAbsolutePath] successfully performed. With the following test data [Relative Folder Path: "src/test/resources/TestJsonFiles/specialCharacters.json"]. @12-02-2021 01:31:54.0611 AM
[ReportManager] File Action [readFromFile] successfully performed. With the following test data [File Path: "/home/runner/work/SHAFT_ENGINE/SHAFT_ENGINE/src/test/resources/TestJsonFiles/specialCharacters.json"]. @12-02-2021 01:31:54.0612 AM
[ReportManager] Successfully created attachment [File Action Actual Result - Command Log] @12-02-2021 01:31:54.0612 AM
[ReportManager] trying out the log message... @12-02-2021 01:31:54.0612 AM
[ReportManager] Comparing the provided API response with the file at this path "src/test/resources/TestJsonFiles/specialCharacters.json", comparison type "CONTAINS" @12-02-2021 01:31:54.0612 AM
[ReportManager] API Action [compareJSON] successfully performed. With the following test data [src/test/resources/TestJsonFiles/specialCharacters.json]. @12-02-2021 01:31:54.0622 AM
[ReportManager] File Action [getAbsolutePath] successfully performed. With the following test data [Relative Folder Path: "src/test/resources/TestJsonFiles/specialCharacters.json"]. @12-02-2021 01:31:54.0622 AM
[ReportManager] File Action [readFromFile] successfully performed. With the following test data [File Path: "/home/runner/work/SHAFT_ENGINE/SHAFT_ENGINE/src/test/resources/TestJsonFiles/specialCharacters.json"]. @12-02-2021 01:31:54.0626 AM
[ReportManager] AssertJSONFileContent PASSED; Expected [Response data should match the JSON File in this path 'src/test/resources/TestJsonFiles/specialCharacters.json'] and Actual [TRUE]. Comparison Type [CONTAINS]. Validation Type [POSITIVE]. @12-02-2021 01:31:54.0632 AM
[ReportManager] Successfully created attachment [Validation Test Data - Expected JSON Value] @12-02-2021 01:31:54.0633 AM
[ReportManager] Successfully created attachment [Validation Test Data - Actual JSON Value] @12-02-2021 01:31:54.0633 A

################################################################################################################################################
Starting Execution:	[78 out of 134] test cases in the current suite
Test Method:		[testPackage01.Test_JSONFileManager.readStringFromJson]
################################################################################################################################################
[ReportManager] Successfully loaded the following test data file [src/test/resources/TestDataFiles/simpleJSON.json]. @12-02-2021 01:31:54.0650 AM
[ReportManager] Successfully created attachment [Test Data - JSON] @12-02-2021 01:31:54.0651 AM
[ReportManager] AssertEquals PASSED; Expected [Mohab Mohie] and Actual [Mohab Mohie]. Comparison Type [EQUALS]. Validation Type [POSITIVE]. @12-02-2021 01:31:54.0670 A
[ReportManager] Successfully loaded the following test data file [src/test/resources/TestDataFiles/testSuite01/TestData.xlsx]. @12-02-2021 01:31:54.0715 AM
[ReportManager] Successfully created attachment [Test Data - Excel] @12-02-2021 01:31:54.0716 AM
[ReportManager] File Action [getAbsolutePath] successfully performed. With the following test data [Relative Folder Path: "target/downloadedFiles/"]. @12-02-2021 01:31:54.0716 AM
[ReportManager] Attempting to run remotely on: [Linux-64], [GoogleChrome], [http://localhost:4444/wd/hub], Headless Execution. @12-02-2021 01:31:54.0716 AM
[ReportManager] Successfully Opened [GoogleChrome]. @12-02-2021 01:31:54.0906 A

################################################################################################################################################
Starting Execution:	[79 out of 134] test cases in the current suite
Test Method:		[testPackage01.Test_google.navigateToURLandVerifyGoogleLogoIsDisplayed]
Test Description:	[TC001 - Navigate to URL and Verify Google Logo is Displayed]
################################################################################################################################################
[ReportManager] Target URL: [https://www.google.com/ncr], and after redirection: [https://www.google.com] @12-02-2021 01:31:54.0922 AM
[ReportManager] Initial URL: [data:,] @12-02-2021 01:31:54.0958 AM
[ReportManager] Browser Action [navigateToURL] successfully performed. With the following test data [https://www.google.com/ncr]. @12-02-2021 01:31:55.0788 AM
[ReportManager] Loaded Shared OpenCV @12-02-2021 01:31:55.0967 AM
[ReportManager] AssertElementExists PASSED; Expected [Element Should Exist, locator 'By.id: hplogo'] and Actual [Element Exists]. Comparison Type [EQUALS]. Validation Type [POSITIVE]. @12-02-2021 01:31:56.0024 AM
[ReportManager] Successfully created attachment [Screenshot - 1613093515967_navigateToURLandVerifyGoogleLogoIsDisplayed_AssertElementExists_passed] @12-02-2021 01:31:56.0024 A

################################################################################################################################################
Starting Execution:	[80 out of 134] test cases in the current suite
Test Method:		[testPackage01.Test_google.searchForQueryandAssertResultsNumDisplayed]
Test Description:	[TC002 - Search for Query and Assert that the number of results is displayed]
################################################################################################################################################
[ReportManager] Element Action [type] successfully performed. With the following test data [SHAFT_Engine]. @12-02-2021 01:31:56.0649 AM
[ReportManager] Element Action [keyPress] successfully performed. With the following test data [Enter]. @12-02-2021 01:31:57.0930 AM
[ReportManager] Element Action [getText] successfully performed. With the following test data [About 815,000 results (0.63 seconds) ]. @12-02-2021 01:31:58.0009 AM
[ReportManager] Loaded Shared OpenCV @12-02-2021 01:31:58.0137 AM
[ReportManager] AssertElementAttribute PASSED; Expected [Value Should not be '' for the 'Text' attribute, element locator 'By.id: appbar'] and Actual [About 815,000 results (0.63 seconds) ]. Comparison Type [EQUALS]. Validation Type [NEGATIVE]. @12-02-2021 01:31:58.0207 AM
[ReportManager] Successfully created attachment [Screenshot - 1613093518137_searchForQueryandAssertResultsNumDisplayed_AssertElementAttribute_passed] @12-02-2021 01:31:58.0207 A

################################################################################################################################################
Starting Execution:	[81 out of 134] test cases in the current suite
Test Method:		[testPackage01.Test_google.clickNextThrice]
Test Description:	[TC003 - Clicks the next button to make sure that the framework can scroll element into view before clicking it]
################################################################################################################################################
[ReportManager] Element Action [click] successfully performed. With the following test data [Next]. @12-02-2021 01:31:59.0493 A
[ReportManager] Successfully created attachment [Selenium WebDriver Logs - server] @12-02-2021 01:31:59.0627 AM
[ReportManager] Successfully created attachment [Selenium WebDriver Logs - performance] @12-02-2021 01:31:59.0823 AM
[ReportManager] Successfully created attachment [Selenium WebDriver Logs - driver] @12-02-2021 01:32:00.0135 AM
[ReportManager] Browser Action [closeCurrentWindow] successfully performed. @12-02-2021 01:32:00.0201 AM
[ReportManager] Successfully created attachment [Browser Action Test Data - closeCurrentWindow - Actual Value] @12-02-2021 01:32:00.0229 A
[ReportManager] File Action [getAbsolutePath] successfully performed. With the following test data [Relative Folder Path: "target/downloadedFiles/"]. @12-02-2021 01:32:00.0231 AM
[ReportManager] Attempting to run remotely on: [Linux-64], [GoogleChrome], [http://localhost:4444/wd/hub], Headless Execution. @12-02-2021 01:32:00.0231 AM
[ReportManager] Successfully Opened [GoogleChrome]. @12-02-2021 01:32:00.0415 A

################################################################################################################################################
Starting Execution:	[82 out of 134] test cases in the current suite
Test Method:		[testPackage01.Test_dragAndDrop.dragAndDropJquery]
################################################################################################################################################
[ReportManager] Target URL: [https://jqueryui.com/resources/demos/droppable/default.html] @12-02-2021 01:32:00.0436 AM
[ReportManager] Initial URL: [data:,] @12-02-2021 01:32:00.0488 AM
[ReportManager] Browser Action [navigateToURL] successfully performed. With the following test data [https://jqueryui.com/resources/demos/droppable/default.html]. @12-02-2021 01:32:00.0800 AM
[ReportManager] Element Action [getText] successfully performed. With the following test data [Drop here]. @12-02-2021 01:32:00.0897 AM
[ReportManager] Element Action [dragAndDrop] successfully performed. With the following test data [Start point: (8, 18), End point: (8, 18)]. @12-02-2021 01:32:02.0213 AM
[ReportManager] Element Action [getText] successfully performed. With the following test data [Dropped!]. @12-02-2021 01:32:02.0309 AM
[ReportManager] Checking to see if the text has changed after performing drag and drop... @12-02-2021 01:32:02.0310 AM
[ReportManager] AssertEquals PASSED; Expected [Drop here] and Actual [Dropped!]. Comparison Type [EQUALS]. Validation Type [NEGATIVE]. @12-02-2021 01:32:02.0310 A
[ReportManager] Successfully created attachment [Selenium WebDriver Logs - server] @12-02-2021 01:32:02.0385 AM
[ReportManager] Successfully created attachment [Selenium WebDriver Logs - performance] @12-02-2021 01:32:02.0399 AM
[ReportManager] Successfully created attachment [Selenium WebDriver Logs - driver] @12-02-2021 01:32:02.0480 AM
[ReportManager] Browser Action [closeCurrentWindow] successfully performed. @12-02-2021 01:32:02.0536 AM
[ReportManager] Successfully created attachment [Browser Action Test Data - closeCurrentWindow - Actual Value] @12-02-2021 01:32:02.0536 A
[ReportManager] File Action [getAbsolutePath] successfully performed. With the following test data [Relative Folder Path: "target/downloadedFiles/"]. @12-02-2021 01:32:02.0537 AM
[ReportManager] Attempting to run remotely on: [Linux-64], [GoogleChrome], [http://localhost:4444/wd/hub], Headless Execution. @12-02-2021 01:32:02.0538 AM
[ReportManager] Successfully Opened [GoogleChrome]. @12-02-2021 01:32:02.0754 A

################################################################################################################################################
Starting Execution:	[83 out of 134] test cases in the current suite
Test Method:		[testPackage01.Test_dragAndDrop.dragAndDrop]
Test Description:	[TC001 - Test Drag and Drop function.]
################################################################################################################################################
[ReportManager] Target URL: [http://the-internet.herokuapp.com/drag_and_drop] @12-02-2021 01:32:02.0781 AM
[ReportManager] Initial URL: [data:,] @12-02-2021 01:32:02.0819 AM
[ReportManager] Browser Action [navigateToURL] successfully performed. With the following test data [http://the-internet.herokuapp.com/drag_and_drop]. @12-02-2021 01:32:03.0121 AM
[ReportManager] Attempting Drag and Drop @12-02-2021 01:32:03.0121 AM
[ReportManager] Element Action [dragAndDrop] successfully performed. With the following test data [Start point: (32, 89), End point: (247, 89)]. @12-02-2021 01:32:04.0332 A
[ReportManager] Successfully created attachment [Selenium WebDriver Logs - server] @12-02-2021 01:32:04.0377 AM
[ReportManager] Successfully created attachment [Selenium WebDriver Logs - performance] @12-02-2021 01:32:04.0396 AM
[ReportManager] Successfully created attachment [Selenium WebDriver Logs - browser] @12-02-2021 01:32:04.0401 AM
[ReportManager] Successfully created attachment [Selenium WebDriver Logs - driver] @12-02-2021 01:32:04.0455 AM
[ReportManager] Browser Action [closeCurrentWindow] successfully performed. @12-02-2021 01:32:04.0511 AM
[ReportManager] Successfully created attachment [Browser Action Test Data - closeCurrentWindow - Actual Value] @12-02-2021 01:32:04.0511 A
[ReportManager] File Action [getAbsolutePath] successfully performed. With the following test data [Relative Folder Path: "target/downloadedFiles/"]. @12-02-2021 01:32:04.0513 AM
[ReportManager] Attempting to run remotely on: [Linux-64], [GoogleChrome], [http://localhost:4444/wd/hub], Headless Execution. @12-02-2021 01:32:04.0513 AM
[ReportManager] Successfully Opened [GoogleChrome]. @12-02-2021 01:32:04.0736 A

################################################################################################################################################
Starting Execution:	[84 out of 134] test cases in the current suite
Test Method:		[testPackage01.Test_dragAndDrop.dragAndDropByOffset]
Test Description:	[TC002 - Test Drag and Drop by offset function.]
################################################################################################################################################
[ReportManager] Target URL: [https://jqueryui.com/resources/demos/draggable/default.html] @12-02-2021 01:32:04.0749 AM
[ReportManager] Initial URL: [data:,] @12-02-2021 01:32:04.0797 AM
[ReportManager] Browser Action [navigateToURL] successfully performed. With the following test data [https://jqueryui.com/resources/demos/draggable/default.html]. @12-02-2021 01:32:05.0234 AM
[ReportManager] Element Action [dragAndDropByOffset] successfully performed. With the following test data [Start point: (8, 8), End point: (1008, 108)]. @12-02-2021 01:32:05.0401 A
[ReportManager] Successfully created attachment [Selenium WebDriver Logs - server] @12-02-2021 01:32:05.0446 AM
[ReportManager] Successfully created attachment [Selenium WebDriver Logs - performance] @12-02-2021 01:32:05.0459 AM
[ReportManager] Successfully created attachment [Selenium WebDriver Logs - driver] @12-02-2021 01:32:05.0510 AM
[ReportManager] Browser Action [closeCurrentWindow] successfully performed. @12-02-2021 01:32:05.0565 AM
[ReportManager] Successfully created attachment [Browser Action Test Data - closeCurrentWindow - Actual Value] @12-02-2021 01:32:05.0565 A
[ReportManager] File Action [getAbsolutePath] successfully performed. With the following test data [Relative Folder Path: "target/downloadedFiles/"]. @12-02-2021 01:32:05.0569 AM
[ReportManager] Attempting to run remotely on: [Linux-64], [GoogleChrome], [http://localhost:4444/wd/hub], Headless Execution. @12-02-2021 01:32:05.0569 AM
[ReportManager] Successfully Opened [GoogleChrome]. @12-02-2021 01:32:05.0798 A

################################################################################################################################################
Starting Execution:	[85 out of 134] test cases in the current suite
Test Method:		[testPackage01.Test_verifyEquals.test_assertElementAttribute]
################################################################################################################################################
[ReportManager] Target URL: [https://www.google.com/ncr], and after redirection: [https://www.google.com] @12-02-2021 01:32:05.0814 AM
[ReportManager] Initial URL: [data:,] @12-02-2021 01:32:05.0861 AM
[ReportManager] Browser Action [navigateToURL] successfully performed. With the following test data [https://www.google.com/ncr]. @12-02-2021 01:32:06.0652 AM
[ReportManager] Element Action [type] successfully performed. With the following test data [INC_004010050:Another SCHEDULER with the same name [Duplicate Job Name] already exists.]. @12-02-2021 01:32:08.0759 AM
[ReportManager] Element Action [getText] successfully performed. With the following test data [INC_004010050:Another SCHEDULER with the same name [Duplicate Job Name] already exists.]. @12-02-2021 01:32:08.0896 AM
[ReportManager] Loaded Shared OpenCV @12-02-2021 01:32:09.0046 AM
[ReportManager] VerifyElementAttribute PASSED; Expected [Value Should be 'INC_004010050:Another SCHEDULER with the same name \[Duplicate Job Name\] already exists.' for the 'text' attribute, element locator 'By.name: q'] and Actual [INC_004010050:Another SCHEDULER with the same name [Duplicate Job Name] already exists.]. Comparison Type [MATCHES]. Validation Type [POSITIVE]. @12-02-2021 01:32:09.0115 AM
[ReportManager] Successfully created attachment [Screenshot - 1613093529046_test_assertElementAttribute_VerifyElementAttribute_passed] @12-02-2021 01:32:09.0116 A
[ReportManager] Successfully created attachment [Selenium WebDriver Logs - server] @12-02-2021 01:32:09.0199 AM
[ReportManager] Successfully created attachment [Selenium WebDriver Logs - performance] @12-02-2021 01:32:09.0506 AM
[ReportManager] Successfully created attachment [Selenium WebDriver Logs - driver] @12-02-2021 01:32:09.0829 AM
[ReportManager] Browser Action [closeCurrentWindow] successfully performed. @12-02-2021 01:32:09.0886 AM
[ReportManager] Successfully created attachment [Browser Action Test Data - closeCurrentWindow - Actual Value] @12-02-2021 01:32:09.0886 A

################################################################################################################################################
Starting Execution:	[86 out of 134] test cases in the current suite
Test Method:		[testPackage01.Test_NewValidationActions.f1]
################################################################################################################################################
[ReportManager] Checking valid user data... @12-02-2021 01:32:09.0888 AM
[ReportManager] AssertEquals PASSED; Expected and Actual values are attached. Comparison Type [EQUALS]. Validation Type [POSITIVE]. @12-02-2021 01:32:09.0889 AM
[ReportManager] Successfully created attachment [Validation Test Data - Expected Value] @12-02-2021 01:32:09.0889 AM
[ReportManager] Successfully created attachment [Validation Test Data - Actual Value] @12-02-2021 01:32:09.0889 A
[ReportManager] File Action [getAbsolutePath] successfully performed. With the following test data [Relative Folder Path: "target/downloadedFiles/"]. @12-02-2021 01:32:09.0893 AM
[ReportManager] Attempting to run remotely on: [Linux-64], [GoogleChrome], [http://localhost:4444/wd/hub], Headless Execution. @12-02-2021 01:32:09.0893 AM
[ReportManager] Successfully Opened [GoogleChrome]. @12-02-2021 01:32:10.0112 AM
[ReportManager] Target URL: [https://the-internet.herokuapp.com/] @12-02-2021 01:32:10.0147 AM
[ReportManager] Initial URL: [data:,] @12-02-2021 01:32:10.0186 AM
[ReportManager] Browser Action [navigateToURL] successfully performed. With the following test data [https://the-internet.herokuapp.com/]. @12-02-2021 01:32:10.0499 A

################################################################################################################################################
Starting Execution:	[87 out of 134] test cases in the current suite
Test Method:		[testPackage01.Test_NewValidationActions.f10]
################################################################################################################################################
[ReportManager] AssertElementExists FAILED; Expected [Element Should Exist, locator 'By.tagName: div'] and Actual [Element Exists but is not unique]. Comparison Type [EQUALS]. Validation Type [POSITIVE]. @12-02-2021 01:32:10.0728 AM
[ReportManager] Successfully created attachment [Screenshot - 1613093530673_f10_AssertElementExists_failed] @12-02-2021 01:32:10.0728 A
[ReportManager] Successfully created attachment [Selenium WebDriver Logs - server] @12-02-2021 01:32:10.0739 AM
[ReportManager] Successfully created attachment [Selenium WebDriver Logs - performance] @12-02-2021 01:32:10.0755 AM
[ReportManager] Successfully created attachment [Selenium WebDriver Logs - browser] @12-02-2021 01:32:10.0760 AM
[ReportManager] Successfully created attachment [Selenium WebDriver Logs - driver] @12-02-2021 01:32:10.0803 AM
[ReportManager] Successfully Closed All Browsers. @12-02-2021 01:32:10.0877 A
[ReportManager] File Action [getAbsolutePath] successfully performed. With the following test data [Relative Folder Path: "target/downloadedFiles/"]. @12-02-2021 01:32:10.0880 AM
[ReportManager] Attempting to run remotely on: [Linux-64], [GoogleChrome], [http://localhost:4444/wd/hub], Headless Execution. @12-02-2021 01:32:10.0880 AM
[ReportManager] Successfully Opened [GoogleChrome]. @12-02-2021 01:32:11.0085 AM
[ReportManager] Target URL: [https://the-internet.herokuapp.com/] @12-02-2021 01:32:11.0107 AM
[ReportManager] Initial URL: [data:,] @12-02-2021 01:32:11.0170 AM
[ReportManager] Browser Action [navigateToURL] successfully performed. With the following test data [https://the-internet.herokuapp.com/]. @12-02-2021 01:32:11.0489 A

################################################################################################################################################
Starting Execution:	[88 out of 134] test cases in the current suite
Test Method:		[testPackage01.Test_NewValidationActions.f11]
################################################################################################################################################
[ReportManager] Checking that false tag doesn't exist... @12-02-2021 01:32:11.0569 AM
[ReportManager] AssertElementExists PASSED; Expected [Element Should not Exist, locator 'By.tagName: h3'] and Actual [Element Doesn't Exists]. Comparison Type [EQUALS]. Validation Type [NEGATIVE]. @12-02-2021 01:32:11.0793 AM
[ReportManager] Successfully created attachment [Screenshot - 1613093531739_f11_AssertElementExists_passed] @12-02-2021 01:32:11.0793 A
[ReportManager] Successfully created attachment [Selenium WebDriver Logs - server] @12-02-2021 01:32:11.0802 AM
[ReportManager] Successfully created attachment [Selenium WebDriver Logs - performance] @12-02-2021 01:32:11.0818 AM
[ReportManager] Successfully created attachment [Selenium WebDriver Logs - browser] @12-02-2021 01:32:11.0823 AM
[ReportManager] Successfully created attachment [Selenium WebDriver Logs - driver] @12-02-2021 01:32:11.0864 AM
[ReportManager] Successfully Closed All Browsers. @12-02-2021 01:32:11.0941 A
[ReportManager] File Action [getAbsolutePath] successfully performed. With the following test data [Relative Folder Path: "target/downloadedFiles/"]. @12-02-2021 01:32:11.0942 AM
[ReportManager] Attempting to run remotely on: [Linux-64], [GoogleChrome], [http://localhost:4444/wd/hub], Headless Execution. @12-02-2021 01:32:11.0942 AM
[ReportManager] Successfully Opened [GoogleChrome]. @12-02-2021 01:32:12.0135 AM
[ReportManager] Target URL: [https://the-internet.herokuapp.com/] @12-02-2021 01:32:12.0144 AM
[ReportManager] Initial URL: [data:,] @12-02-2021 01:32:12.0177 AM
[ReportManager] Browser Action [navigateToURL] successfully performed. With the following test data [https://the-internet.herokuapp.com/]. @12-02-2021 01:32:12.0479 A

################################################################################################################################################
Starting Execution:	[89 out of 134] test cases in the current suite
Test Method:		[testPackage01.Test_NewValidationActions.f12]
################################################################################################################################################
[ReportManager] Loaded Shared OpenCV @12-02-2021 01:32:12.0654 AM
[ReportManager] AssertElementExists FAILED; Expected [Element Should not Exist, locator 'By.tagName: h1'] and Actual [Element Exists]. Comparison Type [EQUALS]. Validation Type [NEGATIVE]. @12-02-2021 01:32:12.0720 AM
[ReportManager] Successfully created attachment [Screenshot - 1613093532654_f12_AssertElementExists_failed] @12-02-2021 01:32:12.0720 A
[ReportManager] Successfully created attachment [Selenium WebDriver Logs - server] @12-02-2021 01:32:12.0730 AM
[ReportManager] Successfully created attachment [Selenium WebDriver Logs - performance] @12-02-2021 01:32:12.0747 AM
[ReportManager] Successfully created attachment [Selenium WebDriver Logs - browser] @12-02-2021 01:32:12.0751 AM
[ReportManager] Successfully created attachment [Selenium WebDriver Logs - driver] @12-02-2021 01:32:12.0792 AM
[ReportManager] Successfully Closed All Browsers. @12-02-2021 01:32:12.0871 A
[ReportManager] File Action [getAbsolutePath] successfully performed. With the following test data [Relative Folder Path: "target/downloadedFiles/"]. @12-02-2021 01:32:12.0873 AM
[ReportManager] Attempting to run remotely on: [Linux-64], [GoogleChrome], [http://localhost:4444/wd/hub], Headless Execution. @12-02-2021 01:32:12.0873 AM
[ReportManager] Successfully Opened [GoogleChrome]. @12-02-2021 01:32:13.0044 AM
[ReportManager] Target URL: [https://the-internet.herokuapp.com/] @12-02-2021 01:32:13.0052 AM
[ReportManager] Initial URL: [data:,] @12-02-2021 01:32:13.0093 AM
[ReportManager] Browser Action [navigateToURL] successfully performed. With the following test data [https://the-internet.herokuapp.com/]. @12-02-2021 01:32:13.0410 A

################################################################################################################################################
Starting Execution:	[90 out of 134] test cases in the current suite
Test Method:		[testPackage01.Test_NewValidationActions.f13]
################################################################################################################################################
[ReportManager] AssertElementExists FAILED; Expected [Element Should not Exist, locator 'By.tagName: div'] and Actual [Element Exists but is not unique]. Comparison Type [EQUALS]. Validation Type [NEGATIVE]. @12-02-2021 01:32:13.0632 AM
[ReportManager] Successfully created attachment [Screenshot - 1613093533575_f13_AssertElementExists_failed] @12-02-2021 01:32:13.0632 A
[ReportManager] Successfully created attachment [Selenium WebDriver Logs - server] @12-02-2021 01:32:13.0651 AM
[ReportManager] Successfully created attachment [Selenium WebDriver Logs - performance] @12-02-2021 01:32:13.0671 AM
[ReportManager] Successfully created attachment [Selenium WebDriver Logs - browser] @12-02-2021 01:32:13.0677 AM
[ReportManager] Successfully created attachment [Selenium WebDriver Logs - driver] @12-02-2021 01:32:13.0723 AM
[ReportManager] Successfully Closed All Browsers. @12-02-2021 01:32:13.0796 A
[ReportManager] File Action [getAbsolutePath] successfully performed. With the following test data [Relative Folder Path: "target/downloadedFiles/"]. @12-02-2021 01:32:13.0798 AM
[ReportManager] Attempting to run remotely on: [Linux-64], [GoogleChrome], [http://localhost:4444/wd/hub], Headless Execution. @12-02-2021 01:32:13.0798 AM
[ReportManager] Successfully Opened [GoogleChrome]. @12-02-2021 01:32:13.0997 AM
[ReportManager] Target URL: [https://the-internet.herokuapp.com/] @12-02-2021 01:32:14.0010 AM
[ReportManager] Initial URL: [data:,] @12-02-2021 01:32:14.0050 AM
[ReportManager] Browser Action [navigateToURL] successfully performed. With the following test data [https://the-internet.herokuapp.com/]. @12-02-2021 01:32:14.0368 A

################################################################################################################################################
Starting Execution:	[91 out of 134] test cases in the current suite
Test Method:		[testPackage01.Test_NewValidationActions.f14]
################################################################################################################################################
[ReportManager] Asserting that the header text is correct... @12-02-2021 01:32:14.0371 AM
[ReportManager] Element Action [getText] successfully performed. With the following test data [Welcome to the-internet]. @12-02-2021 01:32:14.0459 AM
[ReportManager] Loaded Shared OpenCV @12-02-2021 01:32:14.0600 AM
[ReportManager] AssertElementAttribute PASSED; Expected [Value Should be 'Welcome to the-internet' for the 'text' attribute, element locator 'By.tagName: h1'] and Actual [Welcome to the-internet]. Comparison Type [EQUALS]. Validation Type [POSITIVE]. @12-02-2021 01:32:14.0671 AM
[ReportManager] Successfully created attachment [Screenshot - 1613093534600_f14_AssertElementAttribute_passed] @12-02-2021 01:32:14.0672 A
[ReportManager] Successfully created attachment [Selenium WebDriver Logs - server] @12-02-2021 01:32:14.0682 AM
[ReportManager] Successfully created attachment [Selenium WebDriver Logs - performance] @12-02-2021 01:32:14.0697 AM
[ReportManager] Successfully created attachment [Selenium WebDriver Logs - browser] @12-02-2021 01:32:14.0702 AM
[ReportManager] Successfully created attachment [Selenium WebDriver Logs - driver] @12-02-2021 01:32:14.0753 AM
[ReportManager] Successfully Closed All Browsers. @12-02-2021 01:32:14.0831 A
[ReportManager] File Action [getAbsolutePath] successfully performed. With the following test data [Relative Folder Path: "target/downloadedFiles/"]. @12-02-2021 01:32:14.0834 AM
[ReportManager] Attempting to run remotely on: [Linux-64], [GoogleChrome], [http://localhost:4444/wd/hub], Headless Execution. @12-02-2021 01:32:14.0834 AM
[ReportManager] Successfully Opened [GoogleChrome]. @12-02-2021 01:32:15.0013 AM
[ReportManager] Target URL: [https://the-internet.herokuapp.com/] @12-02-2021 01:32:15.0023 AM
[ReportManager] Initial URL: [data:,] @12-02-2021 01:32:15.0062 AM
[ReportManager] Browser Action [navigateToURL] successfully performed. With the following test data [https://the-internet.herokuapp.com/]. @12-02-2021 01:32:15.0374 A

################################################################################################################################################
Starting Execution:	[92 out of 134] test cases in the current suite
Test Method:		[testPackage01.Test_NewValidationActions.f15]
################################################################################################################################################
[ReportManager] Element Action [getText] successfully performed. With the following test data [Welcome to the-internet]. @12-02-2021 01:32:15.0454 AM
[ReportManager] Loaded Shared OpenCV @12-02-2021 01:32:15.0583 AM
[ReportManager] AssertElementAttribute FAILED; Expected [Value Should not be 'Welcome' for the 'text' attribute, element locator 'By.tagName: h1'] and Actual [Welcome to the-internet]. Comparison Type [CONTAINS]. Validation Type [NEGATIVE]. @12-02-2021 01:32:15.0650 AM
[ReportManager] Successfully created attachment [Screenshot - 1613093535583_f15_AssertElementAttribute_failed] @12-02-2021 01:32:15.0651 A
[ReportManager] Successfully created attachment [Selenium WebDriver Logs - server] @12-02-2021 01:32:15.0660 AM
[ReportManager] Successfully created attachment [Selenium WebDriver Logs - performance] @12-02-2021 01:32:15.0686 AM
[ReportManager] Successfully created attachment [Selenium WebDriver Logs - browser] @12-02-2021 01:32:15.0691 AM
[ReportManager] Successfully created attachment [Selenium WebDriver Logs - driver] @12-02-2021 01:32:15.0736 AM
[ReportManager] Successfully Closed All Browsers. @12-02-2021 01:32:15.0809 A
[ReportManager] File Action [getAbsolutePath] successfully performed. With the following test data [Relative Folder Path: "target/downloadedFiles/"]. @12-02-2021 01:32:15.0811 AM
[ReportManager] Attempting to run remotely on: [Linux-64], [GoogleChrome], [http://localhost:4444/wd/hub], Headless Execution. @12-02-2021 01:32:15.0811 AM
[ReportManager] Successfully Opened [GoogleChrome]. @12-02-2021 01:32:15.0998 AM
[ReportManager] Target URL: [https://the-internet.herokuapp.com/] @12-02-2021 01:32:16.0010 AM
[ReportManager] Initial URL: [data:,] @12-02-2021 01:32:16.0051 AM
[ReportManager] Browser Action [navigateToURL] successfully performed. With the following test data [https://the-internet.herokuapp.com/]. @12-02-2021 01:32:16.0367 A

################################################################################################################################################
Starting Execution:	[93 out of 134] test cases in the current suite
Test Method:		[testPackage01.Test_NewValidationActions.f16]
################################################################################################################################################
[ReportManager] Element Action [identifyUniqueElement] failed. With the following test data [zero elements found matching this locator "By.tagName: h3".]. @12-02-2021 01:32:16.0551 AM
[ReportManager] Successfully created attachment [Screenshot - 1613093536499_f16_identifyUniqueElement_failed] @12-02-2021 01:32:16.0551 AM
[ReportManager] AssertElementAttribute FAILED; Expected [Value Should not be 'Welcome' for the 'text' attribute, element locator 'By.tagName: h3'] and Actual [Failed to read the desired element attribute]. Comparison Type [CONTAINS]. Validation Type [NEGATIVE]. @12-02-2021 01:32:16.0551 A
[ReportManager] Successfully created attachment [Selenium WebDriver Logs - server] @12-02-2021 01:32:16.0561 AM
[ReportManager] Successfully created attachment [Selenium WebDriver Logs - performance] @12-02-2021 01:32:16.0577 AM
[ReportManager] Successfully created attachment [Selenium WebDriver Logs - browser] @12-02-2021 01:32:16.0583 AM
[ReportManager] Successfully created attachment [Selenium WebDriver Logs - driver] @12-02-2021 01:32:16.0626 AM
[ReportManager] Successfully Closed All Browsers. @12-02-2021 01:32:16.0707 A
[ReportManager] File Action [getAbsolutePath] successfully performed. With the following test data [Relative Folder Path: "target/downloadedFiles/"]. @12-02-2021 01:32:16.0708 AM
[ReportManager] Attempting to run remotely on: [Linux-64], [GoogleChrome], [http://localhost:4444/wd/hub], Headless Execution. @12-02-2021 01:32:16.0708 AM
[ReportManager] Successfully Opened [GoogleChrome]. @12-02-2021 01:32:16.0922 AM
[ReportManager] Target URL: [https://the-internet.herokuapp.com/] @12-02-2021 01:32:16.0939 AM
[ReportManager] Initial URL: [data:,] @12-02-2021 01:32:16.0979 AM
[ReportManager] Browser Action [navigateToURL] successfully performed. With the following test data [https://the-internet.herokuapp.com/]. @12-02-2021 01:32:17.0291 A

################################################################################################################################################
Starting Execution:	[94 out of 134] test cases in the current suite
Test Method:		[testPackage01.Test_NewValidationActions.f17]
################################################################################################################################################
[ReportManager] Attempting to getAttribute [text2] from elementLocator [By.tagName: h1]. @12-02-2021 01:32:17.0311 AM
[ReportManager] Element Action [getAttribute] successfully performed. @12-02-2021 01:32:17.0394 AM
[ReportManager] Loaded Shared OpenCV @12-02-2021 01:32:17.0536 AM
[ReportManager] AssertElementAttribute PASSED; Expected [Value Should not be 'Welcome' for the 'text2' attribute, element locator 'By.tagName: h1'] and Actual [null]. Comparison Type [CONTAINS]. Validation Type [NEGATIVE]. @12-02-2021 01:32:17.0600 AM
[ReportManager] Successfully created attachment [Screenshot - 1613093537536_f17_AssertElementAttribute_passed] @12-02-2021 01:32:17.0600 A
[ReportManager] Successfully created attachment [Selenium WebDriver Logs - server] @12-02-2021 01:32:17.0613 AM
[ReportManager] Successfully created attachment [Selenium WebDriver Logs - performance] @12-02-2021 01:32:17.0628 AM
[ReportManager] Successfully created attachment [Selenium WebDriver Logs - browser] @12-02-2021 01:32:17.0632 AM
[ReportManager] Successfully created attachment [Selenium WebDriver Logs - driver] @12-02-2021 01:32:17.0676 AM
[ReportManager] Successfully Closed All Browsers. @12-02-2021 01:32:17.0748 A
[ReportManager] File Action [getAbsolutePath] successfully performed. With the following test data [Relative Folder Path: "target/downloadedFiles/"]. @12-02-2021 01:32:17.0750 AM
[ReportManager] Attempting to run remotely on: [Linux-64], [GoogleChrome], [http://localhost:4444/wd/hub], Headless Execution. @12-02-2021 01:32:17.0750 AM
[ReportManager] Successfully Opened [GoogleChrome]. @12-02-2021 01:32:17.0930 AM
[ReportManager] Target URL: [https://the-internet.herokuapp.com/] @12-02-2021 01:32:17.0939 AM
[ReportManager] Initial URL: [data:,] @12-02-2021 01:32:17.0977 AM
[ReportManager] Browser Action [navigateToURL] successfully performed. With the following test data [https://the-internet.herokuapp.com/]. @12-02-2021 01:32:18.0303 A

################################################################################################################################################
Starting Execution:	[95 out of 134] test cases in the current suite
Test Method:		[testPackage01.Test_NewValidationActions.f18]
################################################################################################################################################
[ReportManager] Element Action [getText] successfully performed. With the following test data [Welcome to the-internet]. @12-02-2021 01:32:18.0385 AM
[ReportManager] Loaded Shared OpenCV @12-02-2021 01:32:18.0502 AM
[ReportManager] AssertElementAttribute PASSED; Expected [Value Should not be 'no' for the 'text' attribute, element locator 'By.tagName: h1'] and Actual [Welcome to the-internet]. Comparison Type [CONTAINS]. Validation Type [NEGATIVE]. @12-02-2021 01:32:18.0563 AM
[ReportManager] Successfully created attachment [Screenshot - 1613093538502_f18_AssertElementAttribute_passed] @12-02-2021 01:32:18.0563 A
[ReportManager] Successfully created attachment [Selenium WebDriver Logs - server] @12-02-2021 01:32:18.0574 AM
[ReportManager] Successfully created attachment [Selenium WebDriver Logs - performance] @12-02-2021 01:32:18.0592 AM
[ReportManager] Successfully created attachment [Selenium WebDriver Logs - browser] @12-02-2021 01:32:18.0597 AM
[ReportManager] Successfully created attachment [Selenium WebDriver Logs - driver] @12-02-2021 01:32:18.0640 AM
[ReportManager] Successfully Closed All Browsers. @12-02-2021 01:32:18.0711 A
[ReportManager] File Action [getAbsolutePath] successfully performed. With the following test data [Relative Folder Path: "target/downloadedFiles/"]. @12-02-2021 01:32:18.0715 AM
[ReportManager] Attempting to run remotely on: [Linux-64], [GoogleChrome], [http://localhost:4444/wd/hub], Headless Execution. @12-02-2021 01:32:18.0715 AM
[ReportManager] Successfully Opened [GoogleChrome]. @12-02-2021 01:32:18.0914 AM
[ReportManager] Target URL: [https://the-internet.herokuapp.com/] @12-02-2021 01:32:18.0927 AM
[ReportManager] Initial URL: [data:,] @12-02-2021 01:32:18.0988 AM
[ReportManager] Browser Action [navigateToURL] successfully performed. With the following test data [https://the-internet.herokuapp.com/]. @12-02-2021 01:32:19.0405 A

################################################################################################################################################
Starting Execution:	[96 out of 134] test cases in the current suite
Test Method:		[testPackage01.Test_NewValidationActions.f19]
################################################################################################################################################
[ReportManager] Element Action [getTagName] successfully performed. With the following test data [h1]. @12-02-2021 01:32:19.0496 AM
[ReportManager] Loaded Shared OpenCV @12-02-2021 01:32:19.0638 AM
[ReportManager] AssertElementAttribute PASSED; Expected [Value Should be 'h' for the 'tagname' attribute, element locator 'By.tagName: h1'] and Actual [h1]. Comparison Type [CONTAINS]. Validation Type [POSITIVE]. @12-02-2021 01:32:19.0708 AM
[ReportManager] Successfully created attachment [Screenshot - 1613093539638_f19_AssertElementAttribute_passed] @12-02-2021 01:32:19.0709 A
[ReportManager] Successfully created attachment [Selenium WebDriver Logs - server] @12-02-2021 01:32:19.0719 AM
[ReportManager] Successfully created attachment [Selenium WebDriver Logs - performance] @12-02-2021 01:32:19.0738 AM
[ReportManager] Successfully created attachment [Selenium WebDriver Logs - browser] @12-02-2021 01:32:19.0744 AM
[ReportManager] Successfully created attachment [Selenium WebDriver Logs - driver] @12-02-2021 01:32:19.0802 AM
[ReportManager] Successfully Closed All Browsers. @12-02-2021 01:32:19.0885 A

################################################################################################################################################
Starting Execution:	[97 out of 134] test cases in the current suite
Test Method:		[testPackage01.Test_NewValidationActions.f2]
################################################################################################################################################
[ReportManager] Checking valid user data... @12-02-2021 01:32:19.0887 AM
[ReportManager] AssertEquals FAILED; Expected [1] and Actual [2]. Comparison Type [EQUALS]. Validation Type [POSITIVE]. @12-02-2021 01:32:19.0887 A
[ReportManager] File Action [getAbsolutePath] successfully performed. With the following test data [Relative Folder Path: "target/downloadedFiles/"]. @12-02-2021 01:32:19.0889 AM
[ReportManager] Attempting to run remotely on: [Linux-64], [GoogleChrome], [http://localhost:4444/wd/hub], Headless Execution. @12-02-2021 01:32:19.0889 AM
[ReportManager] Successfully Opened [GoogleChrome]. @12-02-2021 01:32:20.0081 AM
[ReportManager] Target URL: [https://the-internet.herokuapp.com/] @12-02-2021 01:32:20.0094 AM
[ReportManager] Initial URL: [data:,] @12-02-2021 01:32:20.0131 AM
[ReportManager] Browser Action [navigateToURL] successfully performed. With the following test data [https://the-internet.herokuapp.com/]. @12-02-2021 01:32:20.0466 A

################################################################################################################################################
Starting Execution:	[98 out of 134] test cases in the current suite
Test Method:		[testPackage01.Test_NewValidationActions.f20]
################################################################################################################################################
[ReportManager] Element Action [getSize] successfully performed. With the following test data [(755, 61)]. @12-02-2021 01:32:20.0562 AM
[ReportManager] Loaded Shared OpenCV @12-02-2021 01:32:20.0683 AM
[ReportManager] AssertElementAttribute PASSED; Expected [Value Should not be 'a' for the 'size' attribute, element locator 'By.tagName: h1'] and Actual [(755, 61)]. Comparison Type [CONTAINS]. Validation Type [NEGATIVE]. @12-02-2021 01:32:20.0748 AM
[ReportManager] Successfully created attachment [Screenshot - 1613093540683_f20_AssertElementAttribute_passed] @12-02-2021 01:32:20.0749 A
[ReportManager] Successfully created attachment [Selenium WebDriver Logs - server] @12-02-2021 01:32:20.0758 AM
[ReportManager] Successfully created attachment [Selenium WebDriver Logs - performance] @12-02-2021 01:32:20.0774 AM
[ReportManager] Successfully created attachment [Selenium WebDriver Logs - browser] @12-02-2021 01:32:20.0779 AM
[ReportManager] Successfully created attachment [Selenium WebDriver Logs - driver] @12-02-2021 01:32:20.0820 AM
[ReportManager] Successfully Closed All Browsers. @12-02-2021 01:32:20.0892 A
[ReportManager] File Action [getAbsolutePath] successfully performed. With the following test data [Relative Folder Path: "target/downloadedFiles/"]. @12-02-2021 01:32:20.0894 AM
[ReportManager] Attempting to run remotely on: [Linux-64], [GoogleChrome], [http://localhost:4444/wd/hub], Headless Execution. @12-02-2021 01:32:20.0894 AM
[ReportManager] Successfully Opened [GoogleChrome]. @12-02-2021 01:32:21.0073 AM
[ReportManager] Target URL: [https://the-internet.herokuapp.com/] @12-02-2021 01:32:21.0082 AM
[ReportManager] Initial URL: [data:,] @12-02-2021 01:32:21.0119 AM
[ReportManager] Browser Action [navigateToURL] successfully performed. With the following test data [https://the-internet.herokuapp.com/]. @12-02-2021 01:32:21.0418 A

################################################################################################################################################
Starting Execution:	[99 out of 134] test cases in the current suite
Test Method:		[testPackage01.Test_NewValidationActions.f21]
################################################################################################################################################
[ReportManager] Element Action [identifyUniqueElement] failed. With the following test data [zero elements found matching this locator "By.tagName: h3".]. @12-02-2021 01:32:21.0600 AM
[ReportManager] Successfully created attachment [Screenshot - 1613093541536_f21_identifyUniqueElement_failed] @12-02-2021 01:32:21.0600 AM
[ReportManager] AssertElementAttribute FAILED; Expected [Value Should be 'Welcome' for the 'text' attribute, element locator 'By.tagName: h3'] and Actual [Failed to read the desired element attribute]. Comparison Type [CONTAINS]. Validation Type [POSITIVE]. @12-02-2021 01:32:21.0601 A
[ReportManager] Successfully created attachment [Selenium WebDriver Logs - server] @12-02-2021 01:32:21.0612 AM
[ReportManager] Successfully created attachment [Selenium WebDriver Logs - performance] @12-02-2021 01:32:21.0631 AM
[ReportManager] Successfully created attachment [Selenium WebDriver Logs - browser] @12-02-2021 01:32:21.0637 AM
[ReportManager] Successfully created attachment [Selenium WebDriver Logs - driver] @12-02-2021 01:32:21.0681 AM
[ReportManager] Successfully Closed All Browsers. @12-02-2021 01:32:21.0768 A
[ReportManager] File Action [getAbsolutePath] successfully performed. With the following test data [Relative Folder Path: "target/downloadedFiles/"]. @12-02-2021 01:32:21.0770 AM
[ReportManager] Attempting to run remotely on: [Linux-64], [GoogleChrome], [http://localhost:4444/wd/hub], Headless Execution. @12-02-2021 01:32:21.0770 AM
[ReportManager] Successfully Opened [GoogleChrome]. @12-02-2021 01:32:21.0987 AM
[ReportManager] Target URL: [https://the-internet.herokuapp.com/] @12-02-2021 01:32:21.0996 AM
[ReportManager] Initial URL: [data:,] @12-02-2021 01:32:22.0031 AM
[ReportManager] Browser Action [navigateToURL] successfully performed. With the following test data [https://the-internet.herokuapp.com/]. @12-02-2021 01:32:22.0336 A

################################################################################################################################################
Starting Execution:	[100 out of 134] test cases in the current suite
Test Method:		[testPackage01.Test_NewValidationActions.f22]
################################################################################################################################################
[ReportManager] Element Action [getText] successfully performed. With the following test data [Welcome to the-internet]. @12-02-2021 01:32:22.0437 AM
[ReportManager] Loaded Shared OpenCV @12-02-2021 01:32:22.0568 AM
[ReportManager] AssertElementAttribute FAILED; Expected [Value Should be 'yyy' for the 'text' attribute, element locator 'By.tagName: h1'] and Actual [Welcome to the-internet]. Comparison Type [CONTAINS]. Validation Type [POSITIVE]. @12-02-2021 01:32:22.0634 AM
[ReportManager] Successfully created attachment [Screenshot - 1613093542568_f22_AssertElementAttribute_failed] @12-02-2021 01:32:22.0635 A
[ReportManager] Successfully created attachment [Selenium WebDriver Logs - server] @12-02-2021 01:32:22.0646 AM
[ReportManager] Successfully created attachment [Selenium WebDriver Logs - performance] @12-02-2021 01:32:22.0661 AM
[ReportManager] Successfully created attachment [Selenium WebDriver Logs - browser] @12-02-2021 01:32:22.0667 AM
[ReportManager] Successfully created attachment [Selenium WebDriver Logs - driver] @12-02-2021 01:32:22.0712 AM
[ReportManager] Successfully Closed All Browsers. @12-02-2021 01:32:22.0786 A

################################################################################################################################################
Starting Execution:	[101 out of 134] test cases in the current suite
Test Method:		[testPackage01.Test_NewValidationActions.f23]
################################################################################################################################################
[ReportManager] confirming that the actual is greater than or equal to the expected... @12-02-2021 01:32:22.0789 AM
[ReportManager] AssertComparativeRelation PASSED; Expected [1] and Actual [1]. Comparison Type [GREATER_THAN_OR_EQUALS]. Validation Type [POSITIVE]. @12-02-2021 01:32:22.0789 A

################################################################################################################################################
Starting Execution:	[102 out of 134] test cases in the current suite
Test Method:		[testPackage01.Test_NewValidationActions.f24]
################################################################################################################################################
[ReportManager] AssertComparativeRelation PASSED; Expected [1] and Actual [10]. Comparison Type [GREATER_THAN_OR_EQUALS]. Validation Type [POSITIVE]. @12-02-2021 01:32:22.0791 A

################################################################################################################################################
Starting Execution:	[103 out of 134] test cases in the current suite
Test Method:		[testPackage01.Test_NewValidationActions.f25]
################################################################################################################################################
[ReportManager] AssertComparativeRelation PASSED; Expected [1] and Actual [1]. Comparison Type [EQUALS]. Validation Type [POSITIVE]. @12-02-2021 01:32:22.0792 A

################################################################################################################################################
Starting Execution:	[104 out of 134] test cases in the current suite
Test Method:		[testPackage01.Test_NewValidationActions.f26]
################################################################################################################################################
[ReportManager] AssertComparativeRelation PASSED; Expected [1] and Actual [5]. Comparison Type [GREATER_THAN]. Validation Type [POSITIVE]. @12-02-2021 01:32:22.0794 A

################################################################################################################################################
Starting Execution:	[105 out of 134] test cases in the current suite
Test Method:		[testPackage01.Test_NewValidationActions.f27]
################################################################################################################################################
[ReportManager] AssertComparativeRelation PASSED; Expected [11] and Actual [5]. Comparison Type [LESS_THAN]. Validation Type [POSITIVE]. @12-02-2021 01:32:22.0801 A

################################################################################################################################################
Starting Execution:	[106 out of 134] test cases in the current suite
Test Method:		[testPackage01.Test_NewValidationActions.f28]
################################################################################################################################################
[ReportManager] AssertComparativeRelation PASSED; Expected [11] and Actual [5]. Comparison Type [LESS_THAN_OR_EQUALS]. Validation Type [POSITIVE]. @12-02-2021 01:32:22.0803 A

################################################################################################################################################
Starting Execution:	[107 out of 134] test cases in the current suite
Test Method:		[testPackage01.Test_NewValidationActions.f29]
################################################################################################################################################
[ReportManager] AssertComparativeRelation PASSED; Expected [11] and Actual [11]. Comparison Type [LESS_THAN_OR_EQUALS]. Validation Type [POSITIVE]. @12-02-2021 01:32:22.0805 A

################################################################################################################################################
Starting Execution:	[108 out of 134] test cases in the current suite
Test Method:		[testPackage01.Test_NewValidationActions.f3]
################################################################################################################################################
[ReportManager] AssertEquals PASSED; Expected [1] and Actual [2]. Comparison Type [EQUALS]. Validation Type [NEGATIVE]. @12-02-2021 01:32:22.0807 A

################################################################################################################################################
Starting Execution:	[109 out of 134] test cases in the current suite
Test Method:		[testPackage01.Test_NewValidationActions.f30]
################################################################################################################################################
[ReportManager] AssertComparativeRelation FAILED; Expected [-9] and Actual [11]. Comparison Type [LESS_THAN_OR_EQUALS]. Validation Type [POSITIVE]. @12-02-2021 01:32:22.0809 A

################################################################################################################################################
Starting Execution:	[110 out of 134] test cases in the current suite
Test Method:		[testPackage01.Test_NewValidationActions.f31]
################################################################################################################################################
[ReportManager] AssertTrue PASSED; Expected [TRUE] and Actual [TRUE]. Validation Type [POSITIVE]. @12-02-2021 01:32:22.0811 A

################################################################################################################################################
Starting Execution:	[111 out of 134] test cases in the current suite
Test Method:		[testPackage01.Test_NewValidationActions.f32]
################################################################################################################################################
[ReportManager] AssertTrue PASSED; Expected [FALSE] and Actual [FALSE]. Validation Type [NEGATIVE]. @12-02-2021 01:32:22.0812 A

################################################################################################################################################
Starting Execution:	[112 out of 134] test cases in the current suite
Test Method:		[testPackage01.Test_NewValidationActions.f33]
################################################################################################################################################
[ReportManager] AssertTrue FAILED; Expected [FALSE] and Actual [TRUE]. Validation Type [NEGATIVE]. @12-02-2021 01:32:22.0815 A

################################################################################################################################################
Starting Execution:	[113 out of 134] test cases in the current suite
Test Method:		[testPackage01.Test_NewValidationActions.f34]
################################################################################################################################################
[ReportManager] AssertTrue FAILED; Expected [TRUE] and Actual [FALSE]. Validation Type [POSITIVE]. @12-02-2021 01:32:22.0827 A

################################################################################################################################################
Starting Execution:	[114 out of 134] test cases in the current suite
Test Method:		[testPackage01.Test_NewValidationActions.f35]
################################################################################################################################################
[ReportManager] File Action [doesFileExist] successfully performed. With the following test data [File Path: "pom.xml"]. @12-02-2021 01:32:22.0828 AM
[ReportManager] AssertFileExists PASSED; Expected [File 'pom.xml' should exist, after up to '1' retries] and Actual [File exists]. Validation Type [POSITIVE]. @12-02-2021 01:32:22.0828 A

################################################################################################################################################
Starting Execution:	[115 out of 134] test cases in the current suite
Test Method:		[testPackage01.Test_NewValidationActions.f36]
################################################################################################################################################
[ReportManager] File Action [doesFileExist] successfully performed. With the following test data [File Path: "src/test/java/testPackage01/Test_NewValidationActions.java"]. @12-02-2021 01:32:22.0830 AM
[ReportManager] AssertFileExists PASSED; Expected [File 'src/test/java/testPackage01/Test_NewValidationActions.java' should exist, after up to '1' retries] and Actual [File exists]. Validation Type [POSITIVE]. @12-02-2021 01:32:22.0836 A

################################################################################################################################################
Starting Execution:	[116 out of 134] test cases in the current suite
Test Method:		[testPackage01.Test_NewValidationActions.f37]
################################################################################################################################################
[ReportManager] confirming that the file does't exist after 5 retries... @12-02-2021 01:32:22.0838 AM
[ReportManager] File Action [doesFileExist] successfully performed. With the following test data [File Path: "pom.xml"]. @12-02-2021 01:32:22.0839 AM
[ReportManager] AssertFileExists FAILED; Expected [File 'pom.xml' should not exist, after up to '5' retries] and Actual [File exists]. Validation Type [NEGATIVE]. @12-02-2021 01:32:22.0839 A

################################################################################################################################################
Starting Execution:	[117 out of 134] test cases in the current suite
Test Method:		[testPackage01.Test_NewValidationActions.f3_1]
################################################################################################################################################
[ReportManager] Checking valid user data... @12-02-2021 01:32:22.0843 AM
[ReportManager] AssertEquals PASSED; Expected [null] and Actual [null]. Comparison Type [EQUALS]. Validation Type [POSITIVE]. @12-02-2021 01:32:22.0843 A

################################################################################################################################################
Starting Execution:	[118 out of 134] test cases in the current suite
Test Method:		[testPackage01.Test_NewValidationActions.f4]
################################################################################################################################################
[ReportManager] AssertEquals PASSED; Expected [1] and Actual [123]. Comparison Type [CONTAINS]. Validation Type [POSITIVE]. @12-02-2021 01:32:22.0846 A

################################################################################################################################################
Starting Execution:	[119 out of 134] test cases in the current suite
Test Method:		[testPackage01.Test_NewValidationActions.f5]
################################################################################################################################################
[ReportManager] AssertNull PASSED; Expected [NULL] and Actual [1]. Comparison Type [EQUALS]. Validation Type [NEGATIVE]. @12-02-2021 01:32:22.0850 A

################################################################################################################################################
Starting Execution:	[120 out of 134] test cases in the current suite
Test Method:		[testPackage01.Test_NewValidationActions.f6]
################################################################################################################################################
[ReportManager] Making sure that null string is not equal to null object... @12-02-2021 01:32:22.0852 AM
[ReportManager] AssertNull FAILED; Expected [NULL] and Actual [NULL]. Comparison Type [EQUALS]. Validation Type [POSITIVE]. @12-02-2021 01:32:22.0853 A

################################################################################################################################################
Starting Execution:	[121 out of 134] test cases in the current suite
Test Method:		[testPackage01.Test_NewValidationActions.f6_1]
################################################################################################################################################
[ReportManager] AssertNull FAILED; Expected [NULL] and Actual [NULL]. Comparison Type [EQUALS]. Validation Type [NEGATIVE]. @12-02-2021 01:32:22.0858 A

################################################################################################################################################
Starting Execution:	[122 out of 134] test cases in the current suite
Test Method:		[testPackage01.Test_NewValidationActions.f6_2]
################################################################################################################################################
[ReportManager] Making sure that null string is not equal to null object... @12-02-2021 01:32:22.0860 AM
[ReportManager] AssertNull FAILED; Expected [NULL] and Actual [not null]. Comparison Type [EQUALS]. Validation Type [POSITIVE]. @12-02-2021 01:32:22.0860 A

################################################################################################################################################
Starting Execution:	[123 out of 134] test cases in the current suite
Test Method:		[testPackage01.Test_NewValidationActions.f7]
################################################################################################################################################
[ReportManager] AssertNull PASSED; Expected [NULL] and Actual [NULL]. Comparison Type [EQUALS]. Validation Type [POSITIVE]. @12-02-2021 01:32:22.0863 A
[ReportManager] File Action [getAbsolutePath] successfully performed. With the following test data [Relative Folder Path: "target/downloadedFiles/"]. @12-02-2021 01:32:22.0864 AM
[ReportManager] Attempting to run remotely on: [Linux-64], [GoogleChrome], [http://localhost:4444/wd/hub], Headless Execution. @12-02-2021 01:32:22.0864 AM
[ReportManager] Successfully Opened [GoogleChrome]. @12-02-2021 01:32:23.0067 AM
[ReportManager] Target URL: [https://the-internet.herokuapp.com/] @12-02-2021 01:32:23.0083 AM
[ReportManager] Initial URL: [data:,] @12-02-2021 01:32:23.0119 AM
[ReportManager] Browser Action [navigateToURL] successfully performed. With the following test data [https://the-internet.herokuapp.com/]. @12-02-2021 01:32:23.0433 A

################################################################################################################################################
Starting Execution:	[124 out of 134] test cases in the current suite
Test Method:		[testPackage01.Test_NewValidationActions.f8]
################################################################################################################################################
[ReportManager] Loaded Shared OpenCV @12-02-2021 01:32:23.0601 AM
[ReportManager] AssertElementExists PASSED; Expected [Element Should Exist, locator 'By.tagName: h1'] and Actual [Element Exists]. Comparison Type [EQUALS]. Validation Type [POSITIVE]. @12-02-2021 01:32:23.0664 AM
[ReportManager] Successfully created attachment [Screenshot - 1613093543601_f8_AssertElementExists_passed] @12-02-2021 01:32:23.0664 A
[ReportManager] Successfully created attachment [Selenium WebDriver Logs - server] @12-02-2021 01:32:23.0676 AM
[ReportManager] Successfully created attachment [Selenium WebDriver Logs - performance] @12-02-2021 01:32:23.0692 AM
[ReportManager] Successfully created attachment [Selenium WebDriver Logs - browser] @12-02-2021 01:32:23.0697 AM
[ReportManager] Successfully created attachment [Selenium WebDriver Logs - driver] @12-02-2021 01:32:23.0742 AM
[ReportManager] Successfully Closed All Browsers. @12-02-2021 01:32:23.0823 A
[ReportManager] File Action [getAbsolutePath] successfully performed. With the following test data [Relative Folder Path: "target/downloadedFiles/"]. @12-02-2021 01:32:23.0824 AM
[ReportManager] Attempting to run remotely on: [Linux-64], [GoogleChrome], [http://localhost:4444/wd/hub], Headless Execution. @12-02-2021 01:32:23.0824 AM
[ReportManager] Successfully Opened [GoogleChrome]. @12-02-2021 01:32:24.0001 AM
[ReportManager] Target URL: [https://the-internet.herokuapp.com/] @12-02-2021 01:32:24.0010 AM
[ReportManager] Initial URL: [data:,] @12-02-2021 01:32:24.0054 AM
[ReportManager] Browser Action [navigateToURL] successfully performed. With the following test data [https://the-internet.herokuapp.com/]. @12-02-2021 01:32:24.0355 A

################################################################################################################################################
Starting Execution:	[125 out of 134] test cases in the current suite
Test Method:		[testPackage01.Test_NewValidationActions.f9]
################################################################################################################################################
[ReportManager] AssertElementExists FAILED; Expected [Element Should Exist, locator 'By.tagName: h3'] and Actual [Element Doesn't Exists]. Comparison Type [EQUALS]. Validation Type [POSITIVE]. @12-02-2021 01:32:24.0569 AM
[ReportManager] Successfully created attachment [Screenshot - 1613093544518_f9_AssertElementExists_failed] @12-02-2021 01:32:24.0570 A
[ReportManager] Successfully created attachment [Selenium WebDriver Logs - server] @12-02-2021 01:32:24.0580 AM
[ReportManager] Successfully created attachment [Selenium WebDriver Logs - performance] @12-02-2021 01:32:24.0594 AM
[ReportManager] Successfully created attachment [Selenium WebDriver Logs - browser] @12-02-2021 01:32:24.0599 AM
[ReportManager] Successfully created attachment [Selenium WebDriver Logs - driver] @12-02-2021 01:32:24.0637 AM
[ReportManager] Successfully Closed All Browsers. @12-02-2021 01:32:24.0716 A

################################################################################################################################################
Starting Execution:	[126 out of 134] test cases in the current suite
Test Method:		[testPackage01.Test_NewValidationActions.forceFail]
################################################################################################################################################
[ReportManager] AssertFail FAILED; Expected [null] and Actual [null]. @12-02-2021 01:32:24.0721 A

################################################################################################################################################
Starting Execution:	[127 out of 134] test cases in the current suite
Test Method:		[testPackage01.Test_NewValidationActions.forceFail2]
################################################################################################################################################
[ReportManager] Custom Message... @12-02-2021 01:32:24.0728 AM
[ReportManager] AssertFail FAILED; Expected [null] and Actual [null]. @12-02-2021 01:32:24.0728 A
[ReportManager] File Action [getAbsolutePath] successfully performed. With the following test data [Relative Folder Path: "target/downloadedFiles/"]. @12-02-2021 01:32:24.0735 AM
[ReportManager] Attempting to run remotely on: [Linux-64], [GoogleChrome], [http://localhost:4444/wd/hub], Headless Execution. @12-02-2021 01:32:24.0735 AM
[ReportManager] Successfully Opened [GoogleChrome]. @12-02-2021 01:32:25.0009 A

################################################################################################################################################
Starting Execution:	[128 out of 134] test cases in the current suite
Test Method:		[testPackage01.Test_ShadowDOM.shadowdom]
################################################################################################################################################
[ReportManager] Target URL: [https://mdn.github.io/web-components-examples/popup-info-box-web-component/] @12-02-2021 01:32:25.0025 AM
[ReportManager] Initial URL: [data:,] @12-02-2021 01:32:25.0076 AM
[ReportManager] Browser Action [navigateToURL] successfully performed. With the following test data [https://mdn.github.io/web-components-examples/popup-info-box-web-component/]. @12-02-2021 01:32:25.0244 AM
[ReportManager] Element Action [type] successfully performed. With the following test data [Typing into SHADOW DOM...]. @12-02-2021 01:32:25.0912 AM
[ReportManager] Element Action [getText] successfully performed. With the following test data [Typing into SHADOW DOM...]. @12-02-2021 01:32:26.0000 AM
[ReportManager] Loaded Shared OpenCV @12-02-2021 01:32:26.0105 AM
[ReportManager] AssertElementAttribute PASSED; Expected [Value Should be 'Typing into SHADOW DOM...' for the 'Text' attribute, element locator 'By.id: cvc'] and Actual [Typing into SHADOW DOM...]. Comparison Type [EQUALS]. Validation Type [POSITIVE]. @12-02-2021 01:32:26.0159 AM
[ReportManager] Successfully created attachment [Screenshot - 1613093546105_shadowdom_AssertElementAttribute_passed] @12-02-2021 01:32:26.0159 A
[ReportManager] Successfully created attachment [Selenium WebDriver Logs - server] @12-02-2021 01:32:26.0200 AM
[ReportManager] Successfully created attachment [Selenium WebDriver Logs - performance] @12-02-2021 01:32:26.0208 AM
[ReportManager] Successfully created attachment [Selenium WebDriver Logs - browser] @12-02-2021 01:32:26.0212 AM
[ReportManager] Successfully created attachment [Selenium WebDriver Logs - driver] @12-02-2021 01:32:26.0272 AM
[ReportManager] Browser Action [closeCurrentWindow] successfully performed. @12-02-2021 01:32:26.0331 AM
[ReportManager] Successfully created attachment [Browser Action Test Data - closeCurrentWindow - Actual Value] @12-02-2021 01:32:26.0332 A

################################################################################################################################################
Starting Execution:	[129 out of 134] test cases in the current suite
Test Method:		[testPackage01.Test_chainableElementActions.chainElementActions]
################################################################################################################################################
[ReportManager] File Action [getAbsolutePath] successfully performed. With the following test data [Relative Folder Path: "target/downloadedFiles/"]. @12-02-2021 01:32:26.0335 AM
[ReportManager] Attempting to run remotely on: [Linux-64], [GoogleChrome], [http://localhost:4444/wd/hub], Headless Execution. @12-02-2021 01:32:26.0335 AM
[ReportManager] Successfully Opened [GoogleChrome]. @12-02-2021 01:32:26.0516 AM
[ReportManager] Target URL: [https://www.google.com/ncr], and after redirection: [https://www.google.com] @12-02-2021 01:32:26.0525 AM
[ReportManager] Initial URL: [data:,] @12-02-2021 01:32:26.0560 AM
[ReportManager] Browser Action [navigateToURL] successfully performed. With the following test data [https://www.google.com/ncr]. @12-02-2021 01:32:27.0288 AM
[ReportManager] Element Action [type] successfully performed. With the following test data [chained type 1]. @12-02-2021 01:32:27.0791 AM
[ReportManager] Element Action [type] successfully performed. With the following test data [chained type 2]. @12-02-2021 01:32:28.0305 AM
[ReportManager] Element Action [typeAppend] successfully performed. With the following test data [345]. @12-02-2021 01:32:28.0456 AM
[ReportManager] Element Action [getText] successfully performed. With the following test data [chained type 2345]. @12-02-2021 01:32:28.0561 AM
[ReportManager] Loaded Shared OpenCV @12-02-2021 01:32:28.0688 AM
[ReportManager] AssertElementAttribute PASSED; Expected [Value Should be 'chained type 2345' for the 'text' attribute, element locator 'By.name: q'] and Actual [chained type 2345]. Comparison Type [EQUALS]. Validation Type [POSITIVE]. @12-02-2021 01:32:28.0748 AM
[ReportManager] Successfully created attachment [Screenshot - 1613093548688_chainElementActions_AssertElementAttribute_passed] @12-02-2021 01:32:28.0748 AM
[ReportManager] Successfully created attachment [Selenium WebDriver Logs - server] @12-02-2021 01:32:28.0811 AM
[ReportManager] Successfully created attachment [Selenium WebDriver Logs - performance] @12-02-2021 01:32:28.0938 AM
[ReportManager] Successfully created attachment [Selenium WebDriver Logs - driver] @12-02-2021 01:32:29.0115 AM
[ReportManager] Browser Action [closeCurrentWindow] successfully performed. @12-02-2021 01:32:29.0171 AM
[ReportManager] Successfully created attachment [Browser Action Test Data - closeCurrentWindow - Actual Value] @12-02-2021 01:32:29.0172 A

################################################################################################################################################
Starting Execution:	[130 out of 134] test cases in the current suite
Test Method:		[testPackage01.Test_SelectedValue.multipleSelect]
################################################################################################################################################
[ReportManager] File Action [getAbsolutePath] successfully performed. With the following test data [Relative Folder Path: "target/downloadedFiles/"]. @12-02-2021 01:32:29.0181 AM
[ReportManager] Attempting to run remotely on: [Linux-64], [GoogleChrome], [http://localhost:4444/wd/hub], Headless Execution. @12-02-2021 01:32:29.0182 AM
[ReportManager] Successfully Opened [GoogleChrome]. @12-02-2021 01:32:29.0368 AM
[ReportManager] Target URL: [https://mdn.mozillademos.org/en-US/docs/Web/HTML/Element/select$samples/Advanced_select_with_multiple_features?revision=1612304] @12-02-2021 01:32:29.0378 AM
[ReportManager] Initial URL: [data:,] @12-02-2021 01:32:29.0412 AM
[ReportManager] Browser Action [navigateToURL] successfully performed. With the following test data [https://mdn.mozillademos.org/en-US/docs/Web/HTML/Element/select$samples/Advanced_select_with_multiple_features?revision=1612304]. @12-02-2021 01:32:30.0003 AM
[ReportManager] Element Action [select] successfully performed. With the following test data [Dog]. @12-02-2021 01:32:30.0215 AM
[ReportManager] Element Action [select] successfully performed. With the following test data [Cat]. @12-02-2021 01:32:30.0414 AM
[ReportManager] Element Action [getSelectedText] successfully performed. With the following test data [DogCat]. @12-02-2021 01:32:30.0563 AM
[ReportManager] DogCat @12-02-2021 01:32:30.0563 AM
[ReportManager] Element Action [getSelectedText] successfully performed. With the following test data [DogCat]. @12-02-2021 01:32:30.0714 AM
[ReportManager] Loaded Shared OpenCV @12-02-2021 01:32:30.0813 AM
[ReportManager] AssertElementAttribute PASSED; Expected [Value Should be 'DogCat' for the 'selectedText' attribute, element locator 'By.tagName: select'] and Actual [DogCat]. Comparison Type [EQUALS]. Validation Type [POSITIVE]. @12-02-2021 01:32:30.0865 AM
[ReportManager] Successfully created attachment [Screenshot - 1613093550813_multipleSelect_AssertElementAttribute_passed] @12-02-2021 01:32:30.0865 AM
[ReportManager] Successfully created attachment [Selenium WebDriver Logs - server] @12-02-2021 01:32:30.0907 AM
[ReportManager] Successfully created attachment [Selenium WebDriver Logs - performance] @12-02-2021 01:32:30.0915 AM
[ReportManager] Successfully created attachment [Selenium WebDriver Logs - driver] @12-02-2021 01:32:30.0993 AM
[ReportManager] Browser Action [closeCurrentWindow] successfully performed. @12-02-2021 01:32:31.0050 AM
[ReportManager] Successfully created attachment [Browser Action Test Data - closeCurrentWindow - Actual Value] @12-02-2021 01:32:31.0050 A

################################################################################################################################################
Starting Execution:	[131 out of 134] test cases in the current suite
Test Method:		[testPackage01.Test_SelectedValue.simpleSelect]
################################################################################################################################################
[ReportManager] File Action [getAbsolutePath] successfully performed. With the following test data [Relative Folder Path: "target/downloadedFiles/"]. @12-02-2021 01:32:31.0053 AM
[ReportManager] Attempting to run remotely on: [Linux-64], [GoogleChrome], [http://localhost:4444/wd/hub], Headless Execution. @12-02-2021 01:32:31.0053 AM
[ReportManager] Successfully Opened [GoogleChrome]. @12-02-2021 01:32:31.0232 AM
[ReportManager] Target URL: [https://mdn.mozillademos.org/en-US/docs/Web/HTML/Element/select$samples/Basic_select?revision=1612304] @12-02-2021 01:32:31.0241 AM
[ReportManager] Initial URL: [data:,] @12-02-2021 01:32:31.0279 AM
[ReportManager] Browser Action [navigateToURL] successfully performed. With the following test data [https://mdn.mozillademos.org/en-US/docs/Web/HTML/Element/select$samples/Basic_select?revision=1612304]. @12-02-2021 01:32:31.0460 AM
[ReportManager] Element Action [select] successfully performed. With the following test data [Third Value]. @12-02-2021 01:32:31.0720 AM
[ReportManager] Element Action [getSelectedText] successfully performed. With the following test data [Third Value]. @12-02-2021 01:32:31.0846 AM
[ReportManager] Third Value @12-02-2021 01:32:31.0847 AM
[ReportManager] Element Action [getSelectedText] successfully performed. With the following test data [Third Value]. @12-02-2021 01:32:31.0948 AM
[ReportManager] Loaded Shared OpenCV @12-02-2021 01:32:32.0046 AM
[ReportManager] AssertElementAttribute PASSED; Expected [Value Should be 'Third Value' for the 'selectedText' attribute, element locator 'By.tagName: select'] and Actual [Third Value]. Comparison Type [EQUALS]. Validation Type [POSITIVE]. @12-02-2021 01:32:32.0102 AM
[ReportManager] Successfully created attachment [Screenshot - 1613093552046_simpleSelect_AssertElementAttribute_passed] @12-02-2021 01:32:32.0102 AM
[ReportManager] Successfully created attachment [Selenium WebDriver Logs - server] @12-02-2021 01:32:32.0132 AM
[ReportManager] Successfully created attachment [Selenium WebDriver Logs - performance] @12-02-2021 01:32:32.0138 AM
[ReportManager] Successfully created attachment [Selenium WebDriver Logs - driver] @12-02-2021 01:32:32.0210 AM
[ReportManager] Browser Action [closeCurrentWindow] successfully performed. @12-02-2021 01:32:32.0267 AM
[ReportManager] Successfully created attachment [Browser Action Test Data - closeCurrentWindow - Actual Value] @12-02-2021 01:32:32.0267 A
[ReportManager] File Action [getAbsolutePath] successfully performed. With the following test data [Relative Folder Path: "target/downloadedFiles/"]. @12-02-2021 01:32:32.0269 AM
[ReportManager] Attempting to run remotely on: [Linux-64], [GoogleChrome], [http://localhost:4444/wd/hub], Headless Execution. @12-02-2021 01:32:32.0269 AM
[ReportManager] Successfully Opened [GoogleChrome]. @12-02-2021 01:32:32.0535 A

################################################################################################################################################
Starting Execution:	[132 out of 134] test cases in the current suite
Test Method:		[testPackage01.Test_clipboardActions.typeTextAndCopyPaste]
################################################################################################################################################
[ReportManager] Target URL: [https://www.google.com/ncr], and after redirection: [https://www.google.com] @12-02-2021 01:32:32.0553 AM
[ReportManager] Initial URL: [data:,] @12-02-2021 01:32:32.0597 AM
[ReportManager] Browser Action [navigateToURL] successfully performed. With the following test data [https://www.google.com/ncr]. @12-02-2021 01:32:33.0341 AM
[ReportManager] Element Action [type] successfully performed. With the following test data [FIRST]. @12-02-2021 01:32:33.0780 AM
[ReportManager] Element Action [clipboardActions] successfully performed. With the following test data [select all]. @12-02-2021 01:32:33.0857 AM
[ReportManager] Element Action [clipboardActions] successfully performed. With the following test data [copy]. @12-02-2021 01:32:33.0930 AM
[ReportManager] Element Action [clipboardActions] successfully performed. With the following test data [unselect]. @12-02-2021 01:32:33.0988 AM
[ReportManager] Element Action [clipboardActions] successfully performed. With the following test data [paste]. @12-02-2021 01:32:34.0070 AM
[ReportManager] Element Action [clipboardActions] successfully performed. With the following test data [select all]. @12-02-2021 01:32:34.0139 AM
[ReportManager] Element Action [clipboardActions] successfully performed. With the following test data [cut]. @12-02-2021 01:32:34.0220 AM
[ReportManager] Element Action [clipboardActions] successfully performed. With the following test data [paste]. @12-02-2021 01:32:34.0306 AM
[ReportManager] Element Action [clipboardActions] successfully performed. With the following test data [paste]. @12-02-2021 01:32:34.0385 A
[ReportManager] Successfully created attachment [Selenium WebDriver Logs - server] @12-02-2021 01:32:34.0469 AM
[ReportManager] Successfully created attachment [Selenium WebDriver Logs - performance] @12-02-2021 01:32:34.0531 AM
[ReportManager] Successfully created attachment [Selenium WebDriver Logs - driver] @12-02-2021 01:32:34.0662 AM
[ReportManager] Browser Action [closeCurrentWindow] successfully performed. @12-02-2021 01:32:34.0719 AM
[ReportManager] Successfully created attachment [Browser Action Test Data - closeCurrentWindow - Actual Value] @12-02-2021 01:32:34.0719 A
[ReportManager] File Action [getAbsolutePath] successfully performed. With the following test data [Relative Folder Path: "target/downloadedFiles/"]. @12-02-2021 01:32:34.0721 AM
[ReportManager] Attempting to run remotely on: [Linux-64], [GoogleChrome], [http://localhost:4444/wd/hub], Headless Execution. @12-02-2021 01:32:34.0721 AM
[ReportManager] Successfully Opened [GoogleChrome]. @12-02-2021 01:32:34.0893 A

################################################################################################################################################
Starting Execution:	[133 out of 134] test cases in the current suite
Test Method:		[testPackage01.Test_uploadFile.uploadFile_invisibleUploadInput]
################################################################################################################################################
[ReportManager] Target URL: [https://fineuploader.com/demos.html#gallery-view] @12-02-2021 01:32:34.0974 AM
[ReportManager] Initial URL: [data:,] @12-02-2021 01:32:35.0013 AM
[ReportManager] Browser Action [navigateToURL] successfully performed. With the following test data [https://fineuploader.com/demos.html#gallery-view]. @12-02-2021 01:32:36.0769 AM
[ReportManager] File Action [getAbsolutePath] successfully performed. With the following test data [Relative File Path: "src/main/resources/images/shaft.png"]. @12-02-2021 01:32:36.0769 AM
[ReportManager] Successfully created attachment [File Action Actual Result - Command Log] @12-02-2021 01:32:36.0769 AM
[ReportManager] Element Action [typeFileLocationForUpload] successfully performed. With the following test data [/home/runner/work/SHAFT_ENGINE/SHAFT_ENGINE/src/main/resources/images/shaft.png]. @12-02-2021 01:32:36.0942 AM
[ReportManager] Attempting to getAttribute [src] from elementLocator [By.xpath: //div[@id='fine-uploader-gallery']//div[@class='qq-thumbnail-wrapper']/img]. @12-02-2021 01:32:36.0943 AM
[ReportManager] Element Action [getAttribute] successfully performed. @12-02-2021 01:32:37.0064 AM
[ReportManager] Successfully created attachment [Element Action Test Data - getAttribute - Actual Value] @12-02-2021 01:32:37.0064 AM
[ReportManager] Loaded Shared OpenCV @12-02-2021 01:32:37.0204 AM
[ReportManager] AssertElementAttribute PASSED; Expected and Actual values are attached. Comparison Type [CONTAINS]. Validation Type [POSITIVE]. @12-02-2021 01:32:37.0268 AM
[ReportManager] Successfully created attachment [Validation Test Data - Expected Value] @12-02-2021 01:32:37.0268 AM
[ReportManager] Successfully created attachment [Validation Test Data - Actual Value] @12-02-2021 01:32:37.0268 AM
[ReportManager] Successfully created attachment [Screenshot - 1613093557204_uploadFile_invisibleUploadInput_AssertElementAttribute_passed] @12-02-2021 01:32:37.0268 A
[ReportManager] Successfully created attachment [Selenium WebDriver Logs - server] @12-02-2021 01:32:37.0348 AM
[ReportManager] Successfully created attachment [Selenium WebDriver Logs - performance] @12-02-2021 01:32:37.0413 AM
[ReportManager] Successfully created attachment [Selenium WebDriver Logs - browser] @12-02-2021 01:32:37.0421 AM
[ReportManager] Successfully created attachment [Selenium WebDriver Logs - driver] @12-02-2021 01:32:37.0548 AM
[ReportManager] Browser Action [closeCurrentWindow] successfully performed. @12-02-2021 01:32:37.0604 AM
[ReportManager] Successfully created attachment [Browser Action Test Data - closeCurrentWindow - Actual Value] @12-02-2021 01:32:37.0604 A
[ReportManager] File Action [getAbsolutePath] successfully performed. With the following test data [Relative Folder Path: "target/downloadedFiles/"]. @12-02-2021 01:32:37.0608 AM
[ReportManager] Attempting to run remotely on: [Linux-64], [GoogleChrome], [http://localhost:4444/wd/hub], Headless Execution. @12-02-2021 01:32:37.0608 AM
[ReportManager] Successfully Opened [GoogleChrome]. @12-02-2021 01:32:37.0831 A

################################################################################################################################################
Starting Execution:	[134 out of 134] test cases in the current suite
Test Method:		[testPackage01.Test_uploadFile.uploadFile_visibleUploadInput]
################################################################################################################################################
[ReportManager] Target URL: [http://demo.guru99.com/test/upload/] @12-02-2021 01:32:37.0849 AM
[ReportManager] Initial URL: [data:,] @12-02-2021 01:32:37.0891 AM
[ReportManager] Browser Action [navigateToURL] successfully performed. With the following test data [http://demo.guru99.com/test/upload/]. @12-02-2021 01:32:39.0021 AM
[ReportManager] File Action [getAbsolutePath] successfully performed. With the following test data [Relative File Path: "src/main/resources/images/shaft.png"]. @12-02-2021 01:32:39.0021 AM
[ReportManager] Successfully created attachment [File Action Actual Result - Command Log] @12-02-2021 01:32:39.0021 AM
[ReportManager] Element Action [typeFileLocationForUpload] successfully performed. With the following test data [/home/runner/work/SHAFT_ENGINE/SHAFT_ENGINE/src/main/resources/images/shaft.png]. @12-02-2021 01:32:39.0161 AM
[ReportManager] Element Action [click] successfully performed. With the following test data [on]. @12-02-2021 01:32:39.0468 AM
[ReportManager] Element Action [click] successfully performed. With the following test data [Submit File]. @12-02-2021 01:32:39.0760 AM
[ReportManager] Element Action [getText] successfully performed. With the following test data [1 file
has been successfully uploaded.]. @12-02-2021 01:32:40.0391 AM
[ReportManager] Loaded Shared OpenCV @12-02-2021 01:32:40.0508 AM
[ReportManager] AssertElementAttribute PASSED; Expected [Value Should be '1 file' for the 'Text' attribute, element locator 'By.id: res'] and Actual [1 file
has been successfully uploaded.]. Comparison Type [CONTAINS]. Validation Type [POSITIVE]. @12-02-2021 01:32:40.0582 AM
[ReportManager] Successfully created attachment [Screenshot - 1613093560508_uploadFile_visibleUploadInput_AssertElementAttribute_passed] @12-02-2021 01:32:40.0582 A
[ReportManager] Successfully created attachment [Selenium WebDriver Logs - server] @12-02-2021 01:32:40.0639 AM
[ReportManager] Successfully created attachment [Selenium WebDriver Logs - performance] @12-02-2021 01:32:40.0701 AM
[ReportManager] Successfully created attachment [Selenium WebDriver Logs - browser] @12-02-2021 01:32:40.0707 AM
[ReportManager] Successfully created attachment [Selenium WebDriver Logs - driver] @12-02-2021 01:32:40.0862 AM
[ReportManager] Browser Action [closeCurrentWindow] successfully performed. @12-02-2021 01:32:40.0917 AM
[ReportManager] Successfully created attachment [Browser Action Test Data - closeCurrentWindow - Actual Value] @12-02-2021 01:32:40.0917 A

################################################################################################################################################
Test Closure Activities
################################################################################################################################################
[ReportManager] Successfully created attachment [SHAFT Engine Logs - Execution log] @12-02-2021 01:32:40.0944 AM

################################################################################################################################################
This test run was powered by SHAFT Engine Version: [SHAFT Engine v5.1]
SHAFT Engine is licensed under the MIT License: [https://github.com/MohabMohie/SHAFT_ENGINE/blob/master/LICENSE].
################################################################################################################################################