################################################################################################################################################
Detected SHAFT Engine Version: [SHAFT Engine v5.2.20210427]
################################################################################################################################################
[ReportManager] File Action [getAbsolutePath] successfully performed. With the following test data [Relative Folder Path: "target/downloadedFiles/"]. @06-05-2021 01:53:11.0523 AM
[ReportManager] Attempting to run remotely on: [Linux-64], [GoogleChrome], [http://localhost:4444/wd/hub], Headless Execution. @06-05-2021 01:53:11.0553 AM
[ReportManager] Successfully Opened [GoogleChrome]. @06-05-2021 01:53:13.0227 A

################################################################################################################################################
Starting Execution:	[1 out of 137] test cases in the current suite
Test Method:		[testPackage01.Test_assertEquals.test_assertElementAttribute]
################################################################################################################################################
[ReportManager] Target URL: [https://www.google.com/ncr], and after redirection: [https://www.google.com] @06-05-2021 01:53:13.0418 AM
[ReportManager] Initial URL: [data:,] @06-05-2021 01:53:13.0531 AM
[ReportManager] Browser Action [navigateToURL] successfully performed. With the following test data [https://www.google.com/ncr]. @06-05-2021 01:53:15.0116 AM
[ReportManager] Element Action [type] successfully performed. With the following test data [INC_004010050:Another SCHEDULER with the same name [Duplicate Job Name] already exists.]. @06-05-2021 01:53:17.0576 AM
[ReportManager] Element Action [getText] successfully performed. With the following test data [INC_004010050:Another SCHEDULER with the same name [Duplicate Job Name] already exists.]. @06-05-2021 01:53:17.0802 AM
[ReportManager] Loaded Shared OpenCV @06-05-2021 01:53:18.0543 AM
[ReportManager] AssertElementAttribute PASSED; Expected [Value Should be 'INC_004010050:Another SCHEDULER with the same name \[Duplicate Job Name\] already exists.' for the 'text' attribute, element locator 'By.name: q'] and Actual [INC_004010050:Another SCHEDULER with the same name [Duplicate Job Name] already exists.]. Comparison Type [MATCHES]. Validation Type [POSITIVE]. @06-05-2021 01:53:18.0862 AM
[ReportManager] Successfully created attachment [Screenshot - 1620265998087_test_assertElementAttribute_AssertElementAttribute_passed] @06-05-2021 01:53:18.0879 A
[ReportManager] Successfully created attachment [Selenium WebDriver Logs - server] @06-05-2021 01:53:19.0102 AM
[ReportManager] Successfully created attachment [Selenium WebDriver Logs - performance] @06-05-2021 01:53:19.0575 AM
[ReportManager] Successfully created attachment [Selenium WebDriver Logs - driver] @06-05-2021 01:53:20.0107 AM
[ReportManager] Browser Action [closeCurrentWindow] successfully performed. @06-05-2021 01:53:20.0175 AM
[ReportManager] Successfully created attachment [Browser Action Test Data - closeCurrentWindow - Actual Value] @06-05-2021 01:53:20.0182 A
[ReportManager] File Action [getAbsolutePath] successfully performed. With the following test data [Relative Folder Path: "target/downloadedFiles/"]. @06-05-2021 01:53:20.0188 AM
[ReportManager] Attempting to run remotely on: [Linux-64], [GoogleChrome], [http://localhost:4444/wd/hub], Headless Execution. @06-05-2021 01:53:20.0188 AM
[ReportManager] Successfully Opened [GoogleChrome]. @06-05-2021 01:53:20.0857 A

################################################################################################################################################
Starting Execution:	[2 out of 137] test cases in the current suite
Test Method:		[testPackage01.Test_dynamicLoading.dynamicLoading_elementIsHidden]
################################################################################################################################################
[ReportManager] Target URL: [https://the-internet.herokuapp.com/dynamic_loading/1] @06-05-2021 01:53:20.0917 AM
[ReportManager] Initial URL: [data:,] @06-05-2021 01:53:21.0021 AM
[ReportManager] Browser Action [navigateToURL] successfully performed. With the following test data [https://the-internet.herokuapp.com/dynamic_loading/1]. @06-05-2021 01:53:23.0536 AM
[ReportManager] Element Action [click] successfully performed. With the following test data [Start]. @06-05-2021 01:53:24.0056 AM
[ReportManager] Element Action [getText] successfully performed. With the following test data [
    Hello World!
  ]. @06-05-2021 01:53:24.0244 AM
[ReportManager] Loaded Shared OpenCV @06-05-2021 01:53:24.0439 AM
[ReportManager] AssertElementAttribute PASSED; Expected [Value Should be 'Hello World!' for the 'text' attribute, element locator 'By.id: finish'] and Actual [
    Hello World!
  ]. Comparison Type [CONTAINS]. Validation Type [POSITIVE]. @06-05-2021 01:53:24.0562 AM
[ReportManager] Successfully created attachment [Screenshot - 1620266004439_dynamicLoading_elementIsHidden_AssertElementAttribute_passed] @06-05-2021 01:53:24.0577 A
[ReportManager] Successfully created attachment [Selenium WebDriver Logs - server] @06-05-2021 01:53:24.0672 AM
[ReportManager] Successfully created attachment [Selenium WebDriver Logs - performance] @06-05-2021 01:53:24.0704 AM
[ReportManager] Successfully created attachment [Selenium WebDriver Logs - browser] @06-05-2021 01:53:24.0722 AM
[ReportManager] Successfully created attachment [Selenium WebDriver Logs - driver] @06-05-2021 01:53:24.0866 AM
[ReportManager] Browser Action [closeCurrentWindow] successfully performed. @06-05-2021 01:53:24.0931 AM
[ReportManager] Successfully created attachment [Browser Action Test Data - closeCurrentWindow - Actual Value] @06-05-2021 01:53:24.0932 A
[ReportManager] File Action [getAbsolutePath] successfully performed. With the following test data [Relative Folder Path: "target/downloadedFiles/"]. @06-05-2021 01:53:24.0935 AM
[ReportManager] Attempting to run remotely on: [Linux-64], [GoogleChrome], [http://localhost:4444/wd/hub], Headless Execution. @06-05-2021 01:53:24.0936 AM
[ReportManager] Successfully Opened [GoogleChrome]. @06-05-2021 01:53:25.0667 A

################################################################################################################################################
Starting Execution:	[3 out of 137] test cases in the current suite
Test Method:		[testPackage01.Test_dynamicLoading.dynamicLoading_elementIsRendered]
################################################################################################################################################
[ReportManager] Target URL: [https://the-internet.herokuapp.com/dynamic_loading/2] @06-05-2021 01:53:25.0708 AM
[ReportManager] Initial URL: [data:,] @06-05-2021 01:53:25.0771 AM
[ReportManager] Browser Action [navigateToURL] successfully performed. With the following test data [https://the-internet.herokuapp.com/dynamic_loading/2]. @06-05-2021 01:53:28.0251 AM
[ReportManager] Element Action [click] successfully performed. With the following test data [Start]. @06-05-2021 01:53:28.0686 AM
[ReportManager] Element Action [getText] successfully performed. With the following test data [Hello World!]. @06-05-2021 01:53:33.0906 AM
[ReportManager] Loaded Shared OpenCV @06-05-2021 01:53:34.0102 AM
[ReportManager] AssertElementAttribute PASSED; Expected [Value Should be 'Hello World!' for the 'text' attribute, element locator 'By.id: finish'] and Actual [Hello World!]. Comparison Type [CONTAINS]. Validation Type [POSITIVE]. @06-05-2021 01:53:34.0173 AM
[ReportManager] Successfully created attachment [Screenshot - 1620266014102_dynamicLoading_elementIsRendered_AssertElementAttribute_passed] @06-05-2021 01:53:34.0175 A
[ReportManager] Successfully created attachment [Selenium WebDriver Logs - server] @06-05-2021 01:53:34.0239 AM
[ReportManager] Successfully created attachment [Selenium WebDriver Logs - performance] @06-05-2021 01:53:34.0285 AM
[ReportManager] Successfully created attachment [Selenium WebDriver Logs - browser] @06-05-2021 01:53:34.0300 AM
[ReportManager] Successfully created attachment [Selenium WebDriver Logs - driver] @06-05-2021 01:53:34.0443 AM
[ReportManager] Browser Action [closeCurrentWindow] successfully performed. @06-05-2021 01:53:34.0506 AM
[ReportManager] Successfully created attachment [Browser Action Test Data - closeCurrentWindow - Actual Value] @06-05-2021 01:53:34.0506 A

################################################################################################################################################
Starting Execution:	[4 out of 137] test cases in the current suite
Test Method:		[testPackage01.Test_SelectedValue.multipleSelect]
################################################################################################################################################
[ReportManager] File Action [getAbsolutePath] successfully performed. With the following test data [Relative Folder Path: "target/downloadedFiles/"]. @06-05-2021 01:53:34.0527 AM
[ReportManager] Attempting to run remotely on: [Linux-64], [GoogleChrome], [http://localhost:4444/wd/hub], Headless Execution. @06-05-2021 01:53:34.0527 AM
[ReportManager] Successfully Opened [GoogleChrome]. @06-05-2021 01:53:35.0189 AM
[ReportManager] Target URL: [https://mdn.mozillademos.org/en-US/docs/Web/HTML/Element/select$samples/Advanced_select_with_multiple_features?revision=1612304] @06-05-2021 01:53:35.0214 AM
[ReportManager] Initial URL: [data:,] @06-05-2021 01:53:35.0283 AM
[ReportManager] Browser Action [navigateToURL] successfully performed. With the following test data [https://mdn.mozillademos.org/en-US/docs/Web/HTML/Element/select$samples/Advanced_select_with_multiple_features?revision=1612304]. @06-05-2021 01:53:35.0835 AM
[ReportManager] Element Action [select] successfully performed. With the following test data [Dog]. @06-05-2021 01:53:36.0198 AM
[ReportManager] Element Action [select] successfully performed. With the following test data [Cat]. @06-05-2021 01:53:36.0510 AM
[ReportManager] Element Action [getSelectedText] successfully performed. With the following test data [DogCat]. @06-05-2021 01:53:36.0700 AM
[ReportManager] DogCat @06-05-2021 01:53:36.0700 AM
[ReportManager] Element Action [getSelectedText] successfully performed. With the following test data [DogCat]. @06-05-2021 01:53:36.0893 AM
[ReportManager] Loaded Shared OpenCV @06-05-2021 01:53:37.0055 AM
[ReportManager] AssertElementAttribute PASSED; Expected [Value Should be 'DogCat' for the 'selectedText' attribute, element locator 'By.tagName: select'] and Actual [DogCat]. Comparison Type [EQUALS]. Validation Type [POSITIVE]. @06-05-2021 01:53:37.0122 AM
[ReportManager] Successfully created attachment [Screenshot - 1620266017055_multipleSelect_AssertElementAttribute_passed] @06-05-2021 01:53:37.0123 AM
[ReportManager] Successfully created attachment [Selenium WebDriver Logs - server] @06-05-2021 01:53:37.0192 AM
[ReportManager] Successfully created attachment [Selenium WebDriver Logs - performance] @06-05-2021 01:53:37.0202 AM
[ReportManager] Successfully created attachment [Selenium WebDriver Logs - driver] @06-05-2021 01:53:37.0337 AM
[ReportManager] Browser Action [closeCurrentWindow] successfully performed. @06-05-2021 01:53:37.0397 AM
[ReportManager] Successfully created attachment [Browser Action Test Data - closeCurrentWindow - Actual Value] @06-05-2021 01:53:37.0398 A

################################################################################################################################################
Starting Execution:	[5 out of 137] test cases in the current suite
Test Method:		[testPackage01.Test_SelectedValue.simpleSelect]
################################################################################################################################################
[ReportManager] File Action [getAbsolutePath] successfully performed. With the following test data [Relative Folder Path: "target/downloadedFiles/"]. @06-05-2021 01:53:37.0413 AM
[ReportManager] Attempting to run remotely on: [Linux-64], [GoogleChrome], [http://localhost:4444/wd/hub], Headless Execution. @06-05-2021 01:53:37.0413 AM
[ReportManager] Successfully Opened [GoogleChrome]. @06-05-2021 01:53:37.0680 AM
[ReportManager] Target URL: [https://mdn.mozillademos.org/en-US/docs/Web/HTML/Element/select$samples/Basic_select?revision=1612304] @06-05-2021 01:53:37.0700 AM
[ReportManager] Initial URL: [data:,] @06-05-2021 01:53:37.0762 AM
[ReportManager] Browser Action [navigateToURL] successfully performed. With the following test data [https://mdn.mozillademos.org/en-US/docs/Web/HTML/Element/select$samples/Basic_select?revision=1612304]. @06-05-2021 01:53:38.0333 AM
[ReportManager] Element Action [select] successfully performed. With the following test data [Third Value]. @06-05-2021 01:53:38.0709 AM
[ReportManager] Element Action [getSelectedText] successfully performed. With the following test data [Third Value]. @06-05-2021 01:53:38.0850 AM
[ReportManager] Third Value @06-05-2021 01:53:38.0850 AM
[ReportManager] Element Action [getSelectedText] successfully performed. With the following test data [Third Value]. @06-05-2021 01:53:38.0986 AM
[ReportManager] Loaded Shared OpenCV @06-05-2021 01:53:39.0119 AM
[ReportManager] AssertElementAttribute PASSED; Expected [Value Should be 'Third Value' for the 'selectedText' attribute, element locator 'By.tagName: select'] and Actual [Third Value]. Comparison Type [EQUALS]. Validation Type [POSITIVE]. @06-05-2021 01:53:39.0180 AM
[ReportManager] Successfully created attachment [Screenshot - 1620266019119_simpleSelect_AssertElementAttribute_passed] @06-05-2021 01:53:39.0181 AM
[ReportManager] Successfully created attachment [Selenium WebDriver Logs - server] @06-05-2021 01:53:39.0230 AM
[ReportManager] Successfully created attachment [Selenium WebDriver Logs - performance] @06-05-2021 01:53:39.0240 AM
[ReportManager] Successfully created attachment [Selenium WebDriver Logs - driver] @06-05-2021 01:53:39.0323 AM
[ReportManager] Browser Action [closeCurrentWindow] successfully performed. @06-05-2021 01:53:39.0383 AM
[ReportManager] Successfully created attachment [Browser Action Test Data - closeCurrentWindow - Actual Value] @06-05-2021 01:53:39.0383 A
[ReportManager] File Action [getAbsolutePath] successfully performed. With the following test data [Relative Folder Path: "target/downloadedFiles/"]. @06-05-2021 01:53:39.0386 AM
[ReportManager] Attempting to run remotely on: [Linux-64], [GoogleChrome], [http://localhost:4444/wd/hub], Headless Execution. @06-05-2021 01:53:39.0387 AM
[ReportManager] Successfully Opened [GoogleChrome]. @06-05-2021 01:53:39.0677 A

################################################################################################################################################
Starting Execution:	[6 out of 137] test cases in the current suite
Test Method:		[testPackage01.Test_IsElementClickable.testIsElementClickable]
################################################################################################################################################
[ReportManager] Target URL: [https://the-internet.herokuapp.com/] @06-05-2021 01:53:39.0706 AM
[ReportManager] Initial URL: [data:,] @06-05-2021 01:53:39.0757 AM
[ReportManager] Browser Action [navigateToURL] successfully performed. With the following test data [https://the-internet.herokuapp.com/]. @06-05-2021 01:53:41.0958 AM
[ReportManager] Element Action [isElementClickable] successfully performed. @06-05-2021 01:53:42.0183 AM
[ReportManager] AssertTrue PASSED; Expected [TRUE] and Actual [TRUE]. Validation Type [POSITIVE]. @06-05-2021 01:53:42.0188 A
[ReportManager] Successfully created attachment [Selenium WebDriver Logs - server] @06-05-2021 01:53:42.0269 AM
[ReportManager] Successfully created attachment [Selenium WebDriver Logs - performance] @06-05-2021 01:53:42.0292 AM
[ReportManager] Successfully created attachment [Selenium WebDriver Logs - browser] @06-05-2021 01:53:42.0302 AM
[ReportManager] Successfully created attachment [Selenium WebDriver Logs - driver] @06-05-2021 01:53:42.0373 AM
[ReportManager] Browser Action [closeCurrentWindow] successfully performed. @06-05-2021 01:53:42.0437 AM
[ReportManager] Successfully created attachment [Browser Action Test Data - closeCurrentWindow - Actual Value] @06-05-2021 01:53:42.0438 A
[ReportManager] File Action [getAbsolutePath] successfully performed. With the following test data [Relative Folder Path: "target/downloadedFiles/"]. @06-05-2021 01:53:42.0440 AM
[ReportManager] Attempting to run remotely on: [Linux-64], [GoogleChrome], [http://localhost:4444/wd/hub], Headless Execution. @06-05-2021 01:53:42.0441 AM
[ReportManager] Successfully Opened [GoogleChrome]. @06-05-2021 01:53:42.0735 A

################################################################################################################################################
Starting Execution:	[7 out of 137] test cases in the current suite
Test Method:		[testPackage01.Test_dragAndDrop.dragAndDrop]
Test Description:	[TC001 - Test Drag and Drop function.]
################################################################################################################################################
[ReportManager] Target URL: [http://the-internet.herokuapp.com/drag_and_drop] @06-05-2021 01:53:42.0779 AM
[ReportManager] Initial URL: [data:,] @06-05-2021 01:53:42.0836 AM
[ReportManager] Browser Action [navigateToURL] successfully performed. With the following test data [http://the-internet.herokuapp.com/drag_and_drop]. @06-05-2021 01:53:43.0861 AM
[ReportManager] Attempting Drag and Drop @06-05-2021 01:53:43.0861 AM
[ReportManager] Element Action [dragAndDrop] successfully performed. With the following test data [Start point: (32, 89), End point: (247, 89)]. @06-05-2021 01:53:45.0103 A
[ReportManager] Successfully created attachment [Selenium WebDriver Logs - server] @06-05-2021 01:53:45.0199 AM
[ReportManager] Successfully created attachment [Selenium WebDriver Logs - performance] @06-05-2021 01:53:45.0220 AM
[ReportManager] Successfully created attachment [Selenium WebDriver Logs - browser] @06-05-2021 01:53:45.0233 AM
[ReportManager] Successfully created attachment [Selenium WebDriver Logs - driver] @06-05-2021 01:53:45.0295 AM
[ReportManager] Browser Action [closeCurrentWindow] successfully performed. @06-05-2021 01:53:45.0356 AM
[ReportManager] Successfully created attachment [Browser Action Test Data - closeCurrentWindow - Actual Value] @06-05-2021 01:53:45.0356 A
[ReportManager] File Action [getAbsolutePath] successfully performed. With the following test data [Relative Folder Path: "target/downloadedFiles/"]. @06-05-2021 01:53:45.0359 AM
[ReportManager] Attempting to run remotely on: [Linux-64], [GoogleChrome], [http://localhost:4444/wd/hub], Headless Execution. @06-05-2021 01:53:45.0359 AM
[ReportManager] Successfully Opened [GoogleChrome]. @06-05-2021 01:53:45.0662 A

################################################################################################################################################
Starting Execution:	[8 out of 137] test cases in the current suite
Test Method:		[testPackage01.Test_dragAndDrop.dragAndDropByOffset]
Test Description:	[TC002 - Test Drag and Drop by offset function.]
################################################################################################################################################
[ReportManager] Target URL: [https://jqueryui.com/resources/demos/draggable/default.html] @06-05-2021 01:53:45.0718 AM
[ReportManager] Initial URL: [data:,] @06-05-2021 01:53:45.0767 AM
[ReportManager] Browser Action [navigateToURL] successfully performed. With the following test data [https://jqueryui.com/resources/demos/draggable/default.html]. @06-05-2021 01:53:46.0487 AM
[ReportManager] Element Action [dragAndDropByOffset] successfully performed. With the following test data [Start point: (8, 8), End point: (1008, 108)]. @06-05-2021 01:53:46.0681 A
[ReportManager] Successfully created attachment [Selenium WebDriver Logs - server] @06-05-2021 01:53:46.0748 AM
[ReportManager] Successfully created attachment [Selenium WebDriver Logs - performance] @06-05-2021 01:53:46.0764 AM
[ReportManager] Successfully created attachment [Selenium WebDriver Logs - driver] @06-05-2021 01:53:46.0833 AM
[ReportManager] Browser Action [closeCurrentWindow] successfully performed. @06-05-2021 01:53:46.0891 AM
[ReportManager] Successfully created attachment [Browser Action Test Data - closeCurrentWindow - Actual Value] @06-05-2021 01:53:46.0892 A
[ReportManager] File Action [getAbsolutePath] successfully performed. With the following test data [Relative Folder Path: "target/downloadedFiles/"]. @06-05-2021 01:53:46.0894 AM
[ReportManager] Attempting to run remotely on: [Linux-64], [GoogleChrome], [http://localhost:4444/wd/hub], Headless Execution. @06-05-2021 01:53:46.0894 AM
[ReportManager] Successfully Opened [GoogleChrome]. @06-05-2021 01:53:47.0164 A

################################################################################################################################################
Starting Execution:	[9 out of 137] test cases in the current suite
Test Method:		[testPackage01.Test_dragAndDrop.dragAndDropJquery]
################################################################################################################################################
[ReportManager] Target URL: [https://jqueryui.com/resources/demos/droppable/default.html] @06-05-2021 01:53:47.0185 AM
[ReportManager] Initial URL: [data:,] @06-05-2021 01:53:47.0242 AM
[ReportManager] Browser Action [navigateToURL] successfully performed. With the following test data [https://jqueryui.com/resources/demos/droppable/default.html]. @06-05-2021 01:53:47.0905 AM
[ReportManager] Element Action [getText] successfully performed. With the following test data [Drop here]. @06-05-2021 01:53:48.0018 AM
[ReportManager] Element Action [dragAndDrop] successfully performed. With the following test data [Start point: (8, 18), End point: (8, 18)]. @06-05-2021 01:53:49.0422 AM
[ReportManager] Element Action [getText] successfully performed. With the following test data [Dropped!]. @06-05-2021 01:53:49.0512 AM
[ReportManager] Checking to see if the text has changed after performing drag and drop... @06-05-2021 01:53:49.0513 AM
[ReportManager] AssertEquals PASSED; Expected [Drop here] and Actual [Dropped!]. Comparison Type [EQUALS]. Validation Type [NEGATIVE]. @06-05-2021 01:53:49.0514 A
[ReportManager] Successfully created attachment [Selenium WebDriver Logs - server] @06-05-2021 01:53:49.0591 AM
[ReportManager] Successfully created attachment [Selenium WebDriver Logs - performance] @06-05-2021 01:53:49.0608 AM
[ReportManager] Successfully created attachment [Selenium WebDriver Logs - driver] @06-05-2021 01:53:49.0698 AM
[ReportManager] Browser Action [closeCurrentWindow] successfully performed. @06-05-2021 01:53:49.0755 AM
[ReportManager] Successfully created attachment [Browser Action Test Data - closeCurrentWindow - Actual Value] @06-05-2021 01:53:49.0756 A

################################################################################################################################################
Starting Execution:	[10 out of 137] test cases in the current suite
Test Method:		[testPackage01.Test_SkipDueToIssue.doNotSkip]
################################################################################################################################################
[ReportManager] This should not be skipped. @06-05-2021 01:53:49.0766 A

################################################################################################################################################
Starting Execution:	[11 out of 137] test cases in the current suite
Test Method:		[testPackage01.Test_SkipDueToIssue.skip]
################################################################################################################################################
[ReportManager] This should be skipped. @06-05-2021 01:53:49.0774 A

################################################################################################################################################
Starting Execution:	[12 out of 137] test cases in the current suite
Test Method:		[testPackage01.Test_SkipDueToIssue.skip2]
################################################################################################################################################
[ReportManager] This should be skipped. @06-05-2021 01:53:49.0779 A

################################################################################################################################################
Starting Execution:	[13 out of 137] test cases in the current suite
Test Method:		[testPackage01.Test_chainableElementActions.chainElementActions]
################################################################################################################################################
[ReportManager] File Action [getAbsolutePath] successfully performed. With the following test data [Relative Folder Path: "target/downloadedFiles/"]. @06-05-2021 01:53:49.0783 AM
[ReportManager] Attempting to run remotely on: [Linux-64], [GoogleChrome], [http://localhost:4444/wd/hub], Headless Execution. @06-05-2021 01:53:49.0783 AM
[ReportManager] Successfully Opened [GoogleChrome]. @06-05-2021 01:53:50.0068 AM
[ReportManager] Target URL: [https://www.google.com/ncr], and after redirection: [https://www.google.com] @06-05-2021 01:53:50.0087 AM
[ReportManager] Initial URL: [data:,] @06-05-2021 01:53:50.0137 AM
[ReportManager] Browser Action [navigateToURL] successfully performed. With the following test data [https://www.google.com/ncr]. @06-05-2021 01:53:51.0143 AM
[ReportManager] Element Action [type] successfully performed. With the following test data [chained type 1]. @06-05-2021 01:53:51.0777 AM
[ReportManager] Element Action [type] successfully performed. With the following test data [chained type 2]. @06-05-2021 01:53:52.0351 AM
[ReportManager] Element Action [typeAppend] successfully performed. With the following test data [345]. @06-05-2021 01:53:52.0500 AM
[ReportManager] Element Action [getText] successfully performed. With the following test data [chained type 2345]. @06-05-2021 01:53:52.0648 AM
[ReportManager] Loaded Shared OpenCV @06-05-2021 01:53:52.0820 AM
[ReportManager] AssertElementAttribute PASSED; Expected [Value Should be 'chained type 2345' for the 'text' attribute, element locator 'By.name: q'] and Actual [chained type 2345]. Comparison Type [EQUALS]. Validation Type [POSITIVE]. @06-05-2021 01:53:52.0893 AM
[ReportManager] Successfully created attachment [Screenshot - 1620266032820_chainElementActions_AssertElementAttribute_passed] @06-05-2021 01:53:52.0895 AM
[ReportManager] Successfully created attachment [Selenium WebDriver Logs - server] @06-05-2021 01:53:53.0005 AM
[ReportManager] Successfully created attachment [Selenium WebDriver Logs - performance] @06-05-2021 01:53:53.0162 AM
[ReportManager] Successfully created attachment [Selenium WebDriver Logs - driver] @06-05-2021 01:53:53.0391 AM
[ReportManager] Browser Action [closeCurrentWindow] successfully performed. @06-05-2021 01:53:53.0452 AM
[ReportManager] Successfully created attachment [Browser Action Test Data - closeCurrentWindow - Actual Value] @06-05-2021 01:53:53.0453 A
[ReportManager] File Action [getAbsolutePath] successfully performed. With the following test data [Relative Folder Path: "target/downloadedFiles/"]. @06-05-2021 01:53:53.0481 AM
[ReportManager] Attempting to run remotely on: [Linux-64], [GoogleChrome], [http://localhost:4444/wd/hub], Headless Execution. @06-05-2021 01:53:53.0481 AM
[ReportManager] Successfully Opened [GoogleChrome]. @06-05-2021 01:53:53.0752 A

################################################################################################################################################
Starting Execution:	[14 out of 137] test cases in the current suite
Test Method:		[testPackage01.Test_clipboardActions.typeTextAndCopyPaste]
################################################################################################################################################
[ReportManager] Target URL: [https://www.google.com/ncr], and after redirection: [https://www.google.com] @06-05-2021 01:53:53.0773 AM
[ReportManager] Initial URL: [data:,] @06-05-2021 01:53:53.0830 AM
[ReportManager] Browser Action [navigateToURL] successfully performed. With the following test data [https://www.google.com/ncr]. @06-05-2021 01:53:54.0777 AM
[ReportManager] Element Action [type] successfully performed. With the following test data [FIRST]. @06-05-2021 01:53:55.0250 AM
[ReportManager] Element Action [clipboardActions] successfully performed. With the following test data [select all]. @06-05-2021 01:53:55.0340 AM
[ReportManager] Element Action [clipboardActions] successfully performed. With the following test data [copy]. @06-05-2021 01:53:55.0423 AM
[ReportManager] Element Action [clipboardActions] successfully performed. With the following test data [unselect]. @06-05-2021 01:53:55.0495 AM
[ReportManager] Element Action [clipboardActions] successfully performed. With the following test data [paste]. @06-05-2021 01:53:55.0576 AM
[ReportManager] Element Action [clipboardActions] successfully performed. With the following test data [select all]. @06-05-2021 01:53:55.0661 AM
[ReportManager] Element Action [clipboardActions] successfully performed. With the following test data [cut]. @06-05-2021 01:53:55.0785 AM
[ReportManager] Element Action [clipboardActions] successfully performed. With the following test data [paste]. @06-05-2021 01:53:55.0891 AM
[ReportManager] Element Action [clipboardActions] successfully performed. With the following test data [paste]. @06-05-2021 01:53:55.0982 A
[ReportManager] Successfully created attachment [Selenium WebDriver Logs - server] @06-05-2021 01:53:56.0098 AM
[ReportManager] Successfully created attachment [Selenium WebDriver Logs - performance] @06-05-2021 01:53:56.0184 AM
[ReportManager] Successfully created attachment [Selenium WebDriver Logs - driver] @06-05-2021 01:53:56.0385 AM
[ReportManager] Browser Action [closeCurrentWindow] successfully performed. @06-05-2021 01:53:56.0446 AM
[ReportManager] Successfully created attachment [Browser Action Test Data - closeCurrentWindow - Actual Value] @06-05-2021 01:53:56.0447 A
[ReportManager] File Action [getAbsolutePath] successfully performed. With the following test data [Relative Folder Path: "target/downloadedFiles/"]. @06-05-2021 01:53:56.0449 AM
[ReportManager] Attempting to run remotely on: [Linux-64], [GoogleChrome], [http://localhost:4444/wd/hub], Headless Execution. @06-05-2021 01:53:56.0449 AM
[ReportManager] Successfully Opened [GoogleChrome]. @06-05-2021 01:53:56.0732 A

################################################################################################################################################
Starting Execution:	[15 out of 137] test cases in the current suite
Test Method:		[testPackage01.Test_verifyEquals.test_assertElementAttribute]
################################################################################################################################################
[ReportManager] Target URL: [https://www.google.com/ncr], and after redirection: [https://www.google.com] @06-05-2021 01:53:56.0748 AM
[ReportManager] Initial URL: [data:,] @06-05-2021 01:53:56.0821 AM
[ReportManager] Browser Action [navigateToURL] successfully performed. With the following test data [https://www.google.com/ncr]. @06-05-2021 01:53:57.0764 AM
[ReportManager] Element Action [type] successfully performed. With the following test data [INC_004010050:Another SCHEDULER with the same name [Duplicate Job Name] already exists.]. @06-05-2021 01:53:59.0950 AM
[ReportManager] Element Action [getText] successfully performed. With the following test data [INC_004010050:Another SCHEDULER with the same name [Duplicate Job Name] already exists.]. @06-05-2021 01:54:00.0096 AM
[ReportManager] Loaded Shared OpenCV @06-05-2021 01:54:00.0273 AM
[ReportManager] VerifyElementAttribute PASSED; Expected [Value Should be 'INC_004010050:Another SCHEDULER with the same name \[Duplicate Job Name\] already exists.' for the 'text' attribute, element locator 'By.name: q'] and Actual [INC_004010050:Another SCHEDULER with the same name [Duplicate Job Name] already exists.]. Comparison Type [MATCHES]. Validation Type [POSITIVE]. @06-05-2021 01:54:00.0346 AM
[ReportManager] Successfully created attachment [Screenshot - 1620266040272_test_assertElementAttribute_VerifyElementAttribute_passed] @06-05-2021 01:54:00.0348 A
[ReportManager] Successfully created attachment [Selenium WebDriver Logs - server] @06-05-2021 01:54:00.0444 AM
[ReportManager] Successfully created attachment [Selenium WebDriver Logs - performance] @06-05-2021 01:54:00.0824 AM
[ReportManager] Successfully created attachment [Selenium WebDriver Logs - driver] @06-05-2021 01:54:01.0197 AM
[ReportManager] Browser Action [closeCurrentWindow] successfully performed. @06-05-2021 01:54:01.0258 AM
[ReportManager] Successfully created attachment [Browser Action Test Data - closeCurrentWindow - Actual Value] @06-05-2021 01:54:01.0259 A

################################################################################################################################################
Starting Execution:	[16 out of 137] test cases in the current suite
Test Method:		[testPackage01.Test_JSONFileManager.readStringFromJson]
################################################################################################################################################
[ReportManager] Successfully loaded the following test data file [src/test/resources/TestDataFiles/simpleJSON.json]. @06-05-2021 01:54:01.0274 AM
[ReportManager] Successfully created attachment [Test Data - JSON] @06-05-2021 01:54:01.0503 AM
[ReportManager] AssertEquals PASSED; Expected [Mohab Mohie] and Actual [Mohab Mohie]. Comparison Type [EQUALS]. Validation Type [POSITIVE]. @06-05-2021 01:54:03.0376 A
[ReportManager] File Action [getAbsolutePath] successfully performed. With the following test data [Relative Folder Path: "target/downloadedFiles/"]. @06-05-2021 01:54:03.0386 AM
[ReportManager] Attempting to run remotely on: [Linux-64], [GoogleChrome], [http://localhost:4444/wd/hub], Headless Execution. @06-05-2021 01:54:03.0387 AM
[ReportManager] Successfully Opened [GoogleChrome]. @06-05-2021 01:54:03.0790 A

################################################################################################################################################
Starting Execution:	[17 out of 137] test cases in the current suite
Test Method:		[testPackage01.Test_uploadFile.uploadFile_invisibleUploadInput]
################################################################################################################################################
[ReportManager] Target URL: [https://fineuploader.com/demos.html#gallery-view] @06-05-2021 01:54:03.0810 AM
[ReportManager] Initial URL: [data:,] @06-05-2021 01:54:03.0872 AM
[ReportManager] Browser Action [navigateToURL] successfully performed. With the following test data [https://fineuploader.com/demos.html#gallery-view]. @06-05-2021 01:54:06.0308 AM
[ReportManager] File Action [getAbsolutePath] successfully performed. With the following test data [Relative File Path: "src/main/resources/images/shaft.png"]. @06-05-2021 01:54:06.0310 AM
[ReportManager] Successfully created attachment [File Action Actual Result - Command Log] @06-05-2021 01:54:06.0310 AM
[ReportManager] Element Action [typeFileLocationForUpload] successfully performed. With the following test data [/home/runner/work/SHAFT_ENGINE/SHAFT_ENGINE/src/main/resources/images/shaft.png]. @06-05-2021 01:54:06.0533 AM
[ReportManager] Attempting to getAttribute [src] from elementLocator [By.xpath: //div[@id='fine-uploader-gallery']//div[@class='qq-thumbnail-wrapper']/img]. @06-05-2021 01:54:06.0533 AM
[ReportManager] Element Action [getAttribute] successfully performed. @06-05-2021 01:54:06.0677 AM
[ReportManager] Successfully created attachment [Element Action Test Data - getAttribute - Actual Value] @06-05-2021 01:54:06.0678 AM
[ReportManager] Loaded Shared OpenCV @06-05-2021 01:54:06.0857 AM
[ReportManager] AssertElementAttribute PASSED; Expected and Actual values are attached. Comparison Type [CONTAINS]. Validation Type [POSITIVE]. @06-05-2021 01:54:06.0964 AM
[ReportManager] Successfully created attachment [Validation Test Data - Expected Value] @06-05-2021 01:54:06.0965 AM
[ReportManager] Successfully created attachment [Validation Test Data - Actual Value] @06-05-2021 01:54:06.0965 AM
[ReportManager] Successfully created attachment [Screenshot - 1620266046857_uploadFile_invisibleUploadInput_AssertElementAttribute_passed] @06-05-2021 01:54:06.0967 A
[ReportManager] Successfully created attachment [Selenium WebDriver Logs - server] @06-05-2021 01:54:07.0107 AM
[ReportManager] Successfully created attachment [Selenium WebDriver Logs - performance] @06-05-2021 01:54:07.0234 AM
[ReportManager] Successfully created attachment [Selenium WebDriver Logs - browser] @06-05-2021 01:54:07.0248 AM
[ReportManager] Successfully created attachment [Selenium WebDriver Logs - driver] @06-05-2021 01:54:07.0425 AM
[ReportManager] Browser Action [closeCurrentWindow] successfully performed. @06-05-2021 01:54:07.0494 AM
[ReportManager] Successfully created attachment [Browser Action Test Data - closeCurrentWindow - Actual Value] @06-05-2021 01:54:07.0495 A
[ReportManager] File Action [getAbsolutePath] successfully performed. With the following test data [Relative Folder Path: "target/downloadedFiles/"]. @06-05-2021 01:54:07.0497 AM
[ReportManager] Attempting to run remotely on: [Linux-64], [GoogleChrome], [http://localhost:4444/wd/hub], Headless Execution. @06-05-2021 01:54:07.0498 AM
[ReportManager] Successfully Opened [GoogleChrome]. @06-05-2021 01:54:07.0759 A

################################################################################################################################################
Starting Execution:	[18 out of 137] test cases in the current suite
Test Method:		[testPackage01.Test_uploadFile.uploadFile_visibleUploadInput]
################################################################################################################################################
[ReportManager] Target URL: [http://demo.guru99.com/test/upload/] @06-05-2021 01:54:07.0780 AM
[ReportManager] Initial URL: [data:,] @06-05-2021 01:54:07.0836 AM
[ReportManager] Browser Action [navigateToURL] successfully performed. With the following test data [http://demo.guru99.com/test/upload/]. @06-05-2021 01:54:09.0636 AM
[ReportManager] File Action [getAbsolutePath] successfully performed. With the following test data [Relative File Path: "src/main/resources/images/shaft.png"]. @06-05-2021 01:54:09.0636 AM
[ReportManager] Successfully created attachment [File Action Actual Result - Command Log] @06-05-2021 01:54:09.0636 AM
[ReportManager] Element Action [typeFileLocationForUpload] successfully performed. With the following test data [/home/runner/work/SHAFT_ENGINE/SHAFT_ENGINE/src/main/resources/images/shaft.png]. @06-05-2021 01:54:09.0843 AM
[ReportManager] Element Action [click] successfully performed. With the following test data [on]. @06-05-2021 01:54:10.0207 AM
[ReportManager] Element Action [click] successfully performed. With the following test data [Submit File]. @06-05-2021 01:54:10.0556 AM
[ReportManager] Element Action [getText] successfully performed. With the following test data [1 file
has been successfully uploaded.]. @06-05-2021 01:54:11.0202 AM
[ReportManager] Loaded Shared OpenCV @06-05-2021 01:54:11.0349 AM
[ReportManager] AssertElementAttribute PASSED; Expected [Value Should be '1 file' for the 'Text' attribute, element locator 'By.id: res'] and Actual [1 file
has been successfully uploaded.]. Comparison Type [CONTAINS]. Validation Type [POSITIVE]. @06-05-2021 01:54:11.0446 AM
[ReportManager] Successfully created attachment [Screenshot - 1620266051349_uploadFile_visibleUploadInput_AssertElementAttribute_passed] @06-05-2021 01:54:11.0447 A
[ReportManager] Successfully created attachment [Selenium WebDriver Logs - server] @06-05-2021 01:54:11.0560 AM
[ReportManager] Successfully created attachment [Selenium WebDriver Logs - performance] @06-05-2021 01:54:11.0636 AM
[ReportManager] Successfully created attachment [Selenium WebDriver Logs - browser] @06-05-2021 01:54:11.0646 AM
[ReportManager] Successfully created attachment [Selenium WebDriver Logs - driver] @06-05-2021 01:54:11.0864 AM
[ReportManager] Browser Action [closeCurrentWindow] successfully performed. @06-05-2021 01:54:11.0925 AM
[ReportManager] Successfully created attachment [Browser Action Test Data - closeCurrentWindow - Actual Value] @06-05-2021 01:54:11.0926 A
[ReportManager] File Action [getAbsolutePath] successfully performed. With the following test data [Relative Folder Path: "target/downloadedFiles/"]. @06-05-2021 01:54:11.0930 AM
[ReportManager] Attempting to run remotely on: [Linux-64], [GoogleChrome], [http://localhost:4444/wd/hub], Headless Execution. @06-05-2021 01:54:11.0931 AM
[ReportManager] Successfully Opened [GoogleChrome]. @06-05-2021 01:54:12.0240 A

################################################################################################################################################
Starting Execution:	[19 out of 137] test cases in the current suite
Test Method:		[testPackage01.Test_ShadowDOM.shadowdom]
################################################################################################################################################
[ReportManager] Target URL: [https://mdn.github.io/web-components-examples/popup-info-box-web-component/] @06-05-2021 01:54:12.0277 AM
[ReportManager] Initial URL: [data:,] @06-05-2021 01:54:12.0322 AM
[ReportManager] Browser Action [navigateToURL] successfully performed. With the following test data [https://mdn.github.io/web-components-examples/popup-info-box-web-component/]. @06-05-2021 01:54:12.0578 AM
[ReportManager] Element Action [type] successfully performed. With the following test data [Typing into SHADOW DOM...]. @06-05-2021 01:54:13.0382 AM
[ReportManager] Element Action [getText] successfully performed. With the following test data [Typing into SHADOW DOM...]. @06-05-2021 01:54:13.0527 AM
[ReportManager] Loaded Shared OpenCV @06-05-2021 01:54:13.0676 AM
[ReportManager] AssertElementAttribute PASSED; Expected [Value Should be 'Typing into SHADOW DOM...' for the 'Text' attribute, element locator 'By.id: cvc'] and Actual [Typing into SHADOW DOM...]. Comparison Type [EQUALS]. Validation Type [POSITIVE]. @06-05-2021 01:54:13.0753 AM
[ReportManager] Successfully created attachment [Screenshot - 1620266053676_shadowdom_AssertElementAttribute_passed] @06-05-2021 01:54:13.0754 A
[ReportManager] Successfully created attachment [Selenium WebDriver Logs - server] @06-05-2021 01:54:13.0809 AM
[ReportManager] Successfully created attachment [Selenium WebDriver Logs - performance] @06-05-2021 01:54:13.0823 AM
[ReportManager] Successfully created attachment [Selenium WebDriver Logs - browser] @06-05-2021 01:54:13.0830 AM
[ReportManager] Successfully created attachment [Selenium WebDriver Logs - driver] @06-05-2021 01:54:13.0916 AM
[ReportManager] Browser Action [closeCurrentWindow] successfully performed. @06-05-2021 01:54:13.0973 AM
[ReportManager] Successfully created attachment [Browser Action Test Data - closeCurrentWindow - Actual Value] @06-05-2021 01:54:13.0973 A

################################################################################################################################################
Starting Execution:	[20 out of 137] test cases in the current suite
Test Method:		[testPackage01.Test_NewValidationHelper.f1]
################################################################################################################################################
[ReportManager] Checking valid user data... @06-05-2021 01:54:13.0982 AM
[ReportManager] AssertEquals PASSED; Expected and Actual values are attached. Comparison Type [EQUALS]. Validation Type [POSITIVE]. @06-05-2021 01:54:13.0982 AM
[ReportManager] Successfully created attachment [Validation Test Data - Expected Value] @06-05-2021 01:54:13.0983 AM
[ReportManager] Successfully created attachment [Validation Test Data - Actual Value] @06-05-2021 01:54:13.0983 A
[ReportManager] File Action [getAbsolutePath] successfully performed. With the following test data [Relative Folder Path: "target/downloadedFiles/"]. @06-05-2021 01:54:13.0990 AM
[ReportManager] Attempting to run remotely on: [Linux-64], [GoogleChrome], [http://localhost:4444/wd/hub], Headless Execution. @06-05-2021 01:54:13.0990 AM
[ReportManager] Successfully Opened [GoogleChrome]. @06-05-2021 01:54:14.0262 AM
[ReportManager] Target URL: [https://the-internet.herokuapp.com/] @06-05-2021 01:54:14.0277 AM
[ReportManager] Initial URL: [data:,] @06-05-2021 01:54:14.0326 AM
[ReportManager] Browser Action [navigateToURL] successfully performed. With the following test data [https://the-internet.herokuapp.com/]. @06-05-2021 01:54:16.0511 A

################################################################################################################################################
Starting Execution:	[21 out of 137] test cases in the current suite
Test Method:		[testPackage01.Test_NewValidationHelper.f10]
################################################################################################################################################
[ReportManager] AssertElementExists FAILED; Expected [Element Should Exist, locator 'By.tagName: div'] and Actual [Element Exists but is not unique]. Comparison Type [EQUALS]. Validation Type [POSITIVE]. @06-05-2021 01:54:16.0840 AM
[ReportManager] Successfully created attachment [Screenshot - 1620266056748_f10_AssertElementExists_failed] @06-05-2021 01:54:16.0840 A
[ReportManager] Successfully created attachment [Selenium WebDriver Logs - server] @06-05-2021 01:54:16.0856 AM
[ReportManager] Successfully created attachment [Selenium WebDriver Logs - performance] @06-05-2021 01:54:16.0887 AM
[ReportManager] Successfully created attachment [Selenium WebDriver Logs - browser] @06-05-2021 01:54:16.0895 AM
[ReportManager] Successfully created attachment [Selenium WebDriver Logs - driver] @06-05-2021 01:54:16.0971 AM
[ReportManager] Successfully Closed All Drivers. @06-05-2021 01:54:17.0054 A
[ReportManager] File Action [getAbsolutePath] successfully performed. With the following test data [Relative Folder Path: "target/downloadedFiles/"]. @06-05-2021 01:54:17.0056 AM
[ReportManager] Attempting to run remotely on: [Linux-64], [GoogleChrome], [http://localhost:4444/wd/hub], Headless Execution. @06-05-2021 01:54:17.0057 AM
[ReportManager] Successfully Opened [GoogleChrome]. @06-05-2021 01:54:17.0321 AM
[ReportManager] Target URL: [https://the-internet.herokuapp.com/] @06-05-2021 01:54:17.0340 AM
[ReportManager] Initial URL: [data:,] @06-05-2021 01:54:17.0412 AM
[ReportManager] Browser Action [navigateToURL] successfully performed. With the following test data [https://the-internet.herokuapp.com/]. @06-05-2021 01:54:19.0632 A

################################################################################################################################################
Starting Execution:	[22 out of 137] test cases in the current suite
Test Method:		[testPackage01.Test_NewValidationHelper.f11]
################################################################################################################################################
[ReportManager] Checking that false tag doesn't exist... @06-05-2021 01:54:19.0640 AM
[ReportManager] AssertElementExists PASSED; Expected [Element Should not Exist, locator 'By.tagName: h3'] and Actual [Element Doesn't Exists]. Comparison Type [EQUALS]. Validation Type [NEGATIVE]. @06-05-2021 01:54:30.0062 AM
[ReportManager] Successfully created attachment [Screenshot - 1620266069993_f11_AssertElementExists_passed] @06-05-2021 01:54:30.0063 A
[ReportManager] Successfully created attachment [Selenium WebDriver Logs - server] @06-05-2021 01:54:30.0077 AM
[ReportManager] Successfully created attachment [Selenium WebDriver Logs - performance] @06-05-2021 01:54:30.0097 AM
[ReportManager] Successfully created attachment [Selenium WebDriver Logs - browser] @06-05-2021 01:54:30.0106 AM
[ReportManager] Successfully created attachment [Selenium WebDriver Logs - driver] @06-05-2021 01:54:30.0177 AM
[ReportManager] Successfully Closed All Drivers. @06-05-2021 01:54:30.0254 A
[ReportManager] File Action [getAbsolutePath] successfully performed. With the following test data [Relative Folder Path: "target/downloadedFiles/"]. @06-05-2021 01:54:30.0256 AM
[ReportManager] Attempting to run remotely on: [Linux-64], [GoogleChrome], [http://localhost:4444/wd/hub], Headless Execution. @06-05-2021 01:54:30.0256 AM
[ReportManager] Successfully Opened [GoogleChrome]. @06-05-2021 01:54:30.0563 AM
[ReportManager] Target URL: [https://the-internet.herokuapp.com/] @06-05-2021 01:54:30.0582 AM
[ReportManager] Initial URL: [data:,] @06-05-2021 01:54:30.0631 AM
[ReportManager] Browser Action [navigateToURL] successfully performed. With the following test data [https://the-internet.herokuapp.com/]. @06-05-2021 01:54:33.0145 A

################################################################################################################################################
Starting Execution:	[23 out of 137] test cases in the current suite
Test Method:		[testPackage01.Test_NewValidationHelper.f12]
################################################################################################################################################
[ReportManager] Loaded Shared OpenCV @06-05-2021 01:54:33.0393 AM
[ReportManager] AssertElementExists FAILED; Expected [Element Should not Exist, locator 'By.tagName: h1'] and Actual [Element Exists]. Comparison Type [EQUALS]. Validation Type [NEGATIVE]. @06-05-2021 01:54:33.0475 AM
[ReportManager] Successfully created attachment [Screenshot - 1620266073393_f12_AssertElementExists_failed] @06-05-2021 01:54:33.0476 A
[ReportManager] Successfully created attachment [Selenium WebDriver Logs - server] @06-05-2021 01:54:33.0492 AM
[ReportManager] Successfully created attachment [Selenium WebDriver Logs - performance] @06-05-2021 01:54:33.0520 AM
[ReportManager] Successfully created attachment [Selenium WebDriver Logs - browser] @06-05-2021 01:54:33.0528 AM
[ReportManager] Successfully created attachment [Selenium WebDriver Logs - driver] @06-05-2021 01:54:33.0593 AM
[ReportManager] Successfully Closed All Drivers. @06-05-2021 01:54:33.0668 A
[ReportManager] File Action [getAbsolutePath] successfully performed. With the following test data [Relative Folder Path: "target/downloadedFiles/"]. @06-05-2021 01:54:33.0671 AM
[ReportManager] Attempting to run remotely on: [Linux-64], [GoogleChrome], [http://localhost:4444/wd/hub], Headless Execution. @06-05-2021 01:54:33.0671 AM
[ReportManager] Successfully Opened [GoogleChrome]. @06-05-2021 01:54:33.0930 AM
[ReportManager] Target URL: [https://the-internet.herokuapp.com/] @06-05-2021 01:54:33.0943 AM
[ReportManager] Initial URL: [data:,] @06-05-2021 01:54:33.0988 AM
[ReportManager] Browser Action [navigateToURL] successfully performed. With the following test data [https://the-internet.herokuapp.com/]. @06-05-2021 01:54:36.0554 A

################################################################################################################################################
Starting Execution:	[24 out of 137] test cases in the current suite
Test Method:		[testPackage01.Test_NewValidationHelper.f13]
################################################################################################################################################
[ReportManager] AssertElementExists FAILED; Expected [Element Should not Exist, locator 'By.tagName: div'] and Actual [Element Exists but is not unique]. Comparison Type [EQUALS]. Validation Type [NEGATIVE]. @06-05-2021 01:54:36.0844 AM
[ReportManager] Successfully created attachment [Screenshot - 1620266076777_f13_AssertElementExists_failed] @06-05-2021 01:54:36.0845 A
[ReportManager] Successfully created attachment [Selenium WebDriver Logs - server] @06-05-2021 01:54:36.0860 AM
[ReportManager] Successfully created attachment [Selenium WebDriver Logs - performance] @06-05-2021 01:54:36.0890 AM
[ReportManager] Successfully created attachment [Selenium WebDriver Logs - browser] @06-05-2021 01:54:36.0897 AM
[ReportManager] Successfully created attachment [Selenium WebDriver Logs - driver] @06-05-2021 01:54:36.0958 AM
[ReportManager] Successfully Closed All Drivers. @06-05-2021 01:54:37.0035 A
[ReportManager] File Action [getAbsolutePath] successfully performed. With the following test data [Relative Folder Path: "target/downloadedFiles/"]. @06-05-2021 01:54:37.0042 AM
[ReportManager] Attempting to run remotely on: [Linux-64], [GoogleChrome], [http://localhost:4444/wd/hub], Headless Execution. @06-05-2021 01:54:37.0043 AM
[ReportManager] Successfully Opened [GoogleChrome]. @06-05-2021 01:54:37.0331 AM
[ReportManager] Target URL: [https://the-internet.herokuapp.com/] @06-05-2021 01:54:37.0345 AM
[ReportManager] Initial URL: [data:,] @06-05-2021 01:54:37.0393 AM
[ReportManager] Browser Action [navigateToURL] successfully performed. With the following test data [https://the-internet.herokuapp.com/]. @06-05-2021 01:54:40.0033 A

################################################################################################################################################
Starting Execution:	[25 out of 137] test cases in the current suite
Test Method:		[testPackage01.Test_NewValidationHelper.f14]
################################################################################################################################################
[ReportManager] Asserting that the header text is correct... @06-05-2021 01:54:40.0036 AM
[ReportManager] Element Action [getText] successfully performed. With the following test data [Welcome to the-internet]. @06-05-2021 01:54:40.0136 AM
[ReportManager] Loaded Shared OpenCV @06-05-2021 01:54:40.0312 AM
[ReportManager] AssertElementAttribute PASSED; Expected [Value Should be 'Welcome to the-internet' for the 'text' attribute, element locator 'By.tagName: h1'] and Actual [Welcome to the-internet]. Comparison Type [EQUALS]. Validation Type [POSITIVE]. @06-05-2021 01:54:40.0387 AM
[ReportManager] Successfully created attachment [Screenshot - 1620266080312_f14_AssertElementAttribute_passed] @06-05-2021 01:54:40.0389 A
[ReportManager] Successfully created attachment [Selenium WebDriver Logs - server] @06-05-2021 01:54:40.0401 AM
[ReportManager] Successfully created attachment [Selenium WebDriver Logs - performance] @06-05-2021 01:54:40.0421 AM
[ReportManager] Successfully created attachment [Selenium WebDriver Logs - browser] @06-05-2021 01:54:40.0427 AM
[ReportManager] Successfully created attachment [Selenium WebDriver Logs - driver] @06-05-2021 01:54:40.0491 AM
[ReportManager] Successfully Closed All Drivers. @06-05-2021 01:54:40.0569 A
[ReportManager] File Action [getAbsolutePath] successfully performed. With the following test data [Relative Folder Path: "target/downloadedFiles/"]. @06-05-2021 01:54:40.0572 AM
[ReportManager] Attempting to run remotely on: [Linux-64], [GoogleChrome], [http://localhost:4444/wd/hub], Headless Execution. @06-05-2021 01:54:40.0572 AM
[ReportManager] Successfully Opened [GoogleChrome]. @06-05-2021 01:54:40.0814 AM
[ReportManager] Target URL: [https://the-internet.herokuapp.com/] @06-05-2021 01:54:40.0828 AM
[ReportManager] Initial URL: [data:,] @06-05-2021 01:54:40.0872 AM
[ReportManager] Browser Action [navigateToURL] successfully performed. With the following test data [https://the-internet.herokuapp.com/]. @06-05-2021 01:54:43.0128 A

################################################################################################################################################
Starting Execution:	[26 out of 137] test cases in the current suite
Test Method:		[testPackage01.Test_NewValidationHelper.f15]
################################################################################################################################################
[ReportManager] Element Action [getText] successfully performed. With the following test data [Welcome to the-internet]. @06-05-2021 01:54:43.0229 AM
[ReportManager] Loaded Shared OpenCV @06-05-2021 01:54:43.0396 AM
[ReportManager] AssertElementAttribute FAILED; Expected [Value Should not be 'Welcome' for the 'text' attribute, element locator 'By.tagName: h1'] and Actual [Welcome to the-internet]. Comparison Type [CONTAINS]. Validation Type [NEGATIVE]. @06-05-2021 01:54:43.0474 AM
[ReportManager] Successfully created attachment [Screenshot - 1620266083396_f15_AssertElementAttribute_failed] @06-05-2021 01:54:43.0476 A
[ReportManager] Successfully created attachment [Selenium WebDriver Logs - server] @06-05-2021 01:54:43.0493 AM
[ReportManager] Successfully created attachment [Selenium WebDriver Logs - performance] @06-05-2021 01:54:43.0514 AM
[ReportManager] Successfully created attachment [Selenium WebDriver Logs - browser] @06-05-2021 01:54:43.0520 AM
[ReportManager] Successfully created attachment [Selenium WebDriver Logs - driver] @06-05-2021 01:54:43.0582 AM
[ReportManager] Successfully Closed All Drivers. @06-05-2021 01:54:43.0656 A
[ReportManager] File Action [getAbsolutePath] successfully performed. With the following test data [Relative Folder Path: "target/downloadedFiles/"]. @06-05-2021 01:54:43.0658 AM
[ReportManager] Attempting to run remotely on: [Linux-64], [GoogleChrome], [http://localhost:4444/wd/hub], Headless Execution. @06-05-2021 01:54:43.0658 AM
[ReportManager] Successfully Opened [GoogleChrome]. @06-05-2021 01:54:43.0927 AM
[ReportManager] Target URL: [https://the-internet.herokuapp.com/] @06-05-2021 01:54:43.0938 AM
[ReportManager] Initial URL: [data:,] @06-05-2021 01:54:43.0978 AM
[ReportManager] Browser Action [navigateToURL] successfully performed. With the following test data [https://the-internet.herokuapp.com/]. @06-05-2021 01:54:46.0617 A

################################################################################################################################################
Starting Execution:	[27 out of 137] test cases in the current suite
Test Method:		[testPackage01.Test_NewValidationHelper.f16]
################################################################################################################################################
[ReportManager] Element Action [identifyUniqueElement] failed. With the following test data [zero elements found matching this locator "By.tagName: h3".]. @06-05-2021 01:55:12.0219 AM
[ReportManager] Successfully created attachment [Screenshot - 1620266112142_f16_identifyUniqueElement_failed] @06-05-2021 01:55:12.0219 AM
[ReportManager] AssertElementAttribute FAILED; Expected [Value Should not be 'Welcome' for the 'text' attribute, element locator 'By.tagName: h3'] and Actual [Failed to read the desired element attribute]. Comparison Type [CONTAINS]. Validation Type [NEGATIVE]. @06-05-2021 01:55:12.0220 A
[ReportManager] Successfully created attachment [Selenium WebDriver Logs - server] @06-05-2021 01:55:12.0234 AM
[ReportManager] Successfully created attachment [Selenium WebDriver Logs - performance] @06-05-2021 01:55:12.0257 AM
[ReportManager] Successfully created attachment [Selenium WebDriver Logs - browser] @06-05-2021 01:55:12.0264 AM
[ReportManager] Successfully created attachment [Selenium WebDriver Logs - driver] @06-05-2021 01:55:12.0349 AM
[ReportManager] Successfully Closed All Drivers. @06-05-2021 01:55:12.0426 A
[ReportManager] File Action [getAbsolutePath] successfully performed. With the following test data [Relative Folder Path: "target/downloadedFiles/"]. @06-05-2021 01:55:12.0430 AM
[ReportManager] Attempting to run remotely on: [Linux-64], [GoogleChrome], [http://localhost:4444/wd/hub], Headless Execution. @06-05-2021 01:55:12.0430 AM
[ReportManager] Successfully Opened [GoogleChrome]. @06-05-2021 01:55:12.0680 AM
[ReportManager] Target URL: [https://the-internet.herokuapp.com/] @06-05-2021 01:55:12.0692 AM
[ReportManager] Initial URL: [data:,] @06-05-2021 01:55:12.0736 AM
[ReportManager] Browser Action [navigateToURL] successfully performed. With the following test data [https://the-internet.herokuapp.com/]. @06-05-2021 01:55:15.0340 A

################################################################################################################################################
Starting Execution:	[28 out of 137] test cases in the current suite
Test Method:		[testPackage01.Test_NewValidationHelper.f17]
################################################################################################################################################
[ReportManager] Attempting to getAttribute [text2] from elementLocator [By.tagName: h1]. @06-05-2021 01:55:15.0342 AM
[ReportManager] Element Action [getAttribute] successfully performed. @06-05-2021 01:55:15.0426 AM
[ReportManager] Loaded Shared OpenCV @06-05-2021 01:55:15.0608 AM
[ReportManager] AssertElementAttribute PASSED; Expected [Value Should not be 'Welcome' for the 'text2' attribute, element locator 'By.tagName: h1'] and Actual [null]. Comparison Type [CONTAINS]. Validation Type [NEGATIVE]. @06-05-2021 01:55:15.0687 AM
[ReportManager] Successfully created attachment [Screenshot - 1620266115608_f17_AssertElementAttribute_passed] @06-05-2021 01:55:15.0688 A
[ReportManager] Successfully created attachment [Selenium WebDriver Logs - server] @06-05-2021 01:55:15.0704 AM
[ReportManager] Successfully created attachment [Selenium WebDriver Logs - performance] @06-05-2021 01:55:15.0727 AM
[ReportManager] Successfully created attachment [Selenium WebDriver Logs - browser] @06-05-2021 01:55:15.0738 AM
[ReportManager] Successfully created attachment [Selenium WebDriver Logs - driver] @06-05-2021 01:55:15.0810 AM
[ReportManager] Successfully Closed All Drivers. @06-05-2021 01:55:15.0895 A
[ReportManager] File Action [getAbsolutePath] successfully performed. With the following test data [Relative Folder Path: "target/downloadedFiles/"]. @06-05-2021 01:55:15.0897 AM
[ReportManager] Attempting to run remotely on: [Linux-64], [GoogleChrome], [http://localhost:4444/wd/hub], Headless Execution. @06-05-2021 01:55:15.0897 AM
[ReportManager] Successfully Opened [GoogleChrome]. @06-05-2021 01:55:16.0215 AM
[ReportManager] Target URL: [https://the-internet.herokuapp.com/] @06-05-2021 01:55:16.0226 AM
[ReportManager] Initial URL: [data:,] @06-05-2021 01:55:16.0276 AM
[ReportManager] Browser Action [navigateToURL] successfully performed. With the following test data [https://the-internet.herokuapp.com/]. @06-05-2021 01:55:18.0694 A

################################################################################################################################################
Starting Execution:	[29 out of 137] test cases in the current suite
Test Method:		[testPackage01.Test_NewValidationHelper.f18]
################################################################################################################################################
[ReportManager] Element Action [getText] successfully performed. With the following test data [Welcome to the-internet]. @06-05-2021 01:55:18.0829 AM
[ReportManager] Loaded Shared OpenCV @06-05-2021 01:55:18.0993 AM
[ReportManager] AssertElementAttribute PASSED; Expected [Value Should not be 'no' for the 'text' attribute, element locator 'By.tagName: h1'] and Actual [Welcome to the-internet]. Comparison Type [CONTAINS]. Validation Type [NEGATIVE]. @06-05-2021 01:55:19.0075 AM
[ReportManager] Successfully created attachment [Screenshot - 1620266118993_f18_AssertElementAttribute_passed] @06-05-2021 01:55:19.0076 A
[ReportManager] Successfully created attachment [Selenium WebDriver Logs - server] @06-05-2021 01:55:19.0090 AM
[ReportManager] Successfully created attachment [Selenium WebDriver Logs - performance] @06-05-2021 01:55:19.0122 AM
[ReportManager] Successfully created attachment [Selenium WebDriver Logs - browser] @06-05-2021 01:55:19.0132 AM
[ReportManager] Successfully created attachment [Selenium WebDriver Logs - driver] @06-05-2021 01:55:19.0196 AM
[ReportManager] Successfully Closed All Drivers. @06-05-2021 01:55:19.0273 A
[ReportManager] File Action [getAbsolutePath] successfully performed. With the following test data [Relative Folder Path: "target/downloadedFiles/"]. @06-05-2021 01:55:19.0275 AM
[ReportManager] Attempting to run remotely on: [Linux-64], [GoogleChrome], [http://localhost:4444/wd/hub], Headless Execution. @06-05-2021 01:55:19.0275 AM
[ReportManager] Successfully Opened [GoogleChrome]. @06-05-2021 01:55:19.0591 AM
[ReportManager] Target URL: [https://the-internet.herokuapp.com/] @06-05-2021 01:55:19.0601 AM
[ReportManager] Initial URL: [data:,] @06-05-2021 01:55:19.0645 AM
[ReportManager] Browser Action [navigateToURL] successfully performed. With the following test data [https://the-internet.herokuapp.com/]. @06-05-2021 01:55:22.0248 A

################################################################################################################################################
Starting Execution:	[30 out of 137] test cases in the current suite
Test Method:		[testPackage01.Test_NewValidationHelper.f19]
################################################################################################################################################
[ReportManager] Element Action [getTagName] successfully performed. With the following test data [h1]. @06-05-2021 01:55:22.0331 AM
[ReportManager] Loaded Shared OpenCV @06-05-2021 01:55:22.0490 AM
[ReportManager] AssertElementAttribute PASSED; Expected [Value Should be 'h' for the 'tagname' attribute, element locator 'By.tagName: h1'] and Actual [h1]. Comparison Type [CONTAINS]. Validation Type [POSITIVE]. @06-05-2021 01:55:22.0569 AM
[ReportManager] Successfully created attachment [Screenshot - 1620266122489_f19_AssertElementAttribute_passed] @06-05-2021 01:55:22.0570 A
[ReportManager] Successfully created attachment [Selenium WebDriver Logs - server] @06-05-2021 01:55:22.0584 AM
[ReportManager] Successfully created attachment [Selenium WebDriver Logs - performance] @06-05-2021 01:55:22.0610 AM
[ReportManager] Successfully created attachment [Selenium WebDriver Logs - browser] @06-05-2021 01:55:22.0619 AM
[ReportManager] Successfully created attachment [Selenium WebDriver Logs - driver] @06-05-2021 01:55:22.0682 AM
[ReportManager] Successfully Closed All Drivers. @06-05-2021 01:55:22.0758 A

################################################################################################################################################
Starting Execution:	[31 out of 137] test cases in the current suite
Test Method:		[testPackage01.Test_NewValidationHelper.f2]
################################################################################################################################################
[ReportManager] Checking valid user data... @06-05-2021 01:55:22.0762 AM
[ReportManager] AssertEquals FAILED; Expected [1] and Actual [2]. Comparison Type [EQUALS]. Validation Type [POSITIVE]. @06-05-2021 01:55:22.0763 A
[ReportManager] File Action [getAbsolutePath] successfully performed. With the following test data [Relative Folder Path: "target/downloadedFiles/"]. @06-05-2021 01:55:22.0766 AM
[ReportManager] Attempting to run remotely on: [Linux-64], [GoogleChrome], [http://localhost:4444/wd/hub], Headless Execution. @06-05-2021 01:55:22.0766 AM
[ReportManager] Successfully Opened [GoogleChrome]. @06-05-2021 01:55:23.0024 AM
[ReportManager] Target URL: [https://the-internet.herokuapp.com/] @06-05-2021 01:55:23.0035 AM
[ReportManager] Initial URL: [data:,] @06-05-2021 01:55:23.0083 AM
[ReportManager] Browser Action [navigateToURL] successfully performed. With the following test data [https://the-internet.herokuapp.com/]. @06-05-2021 01:55:25.0668 A

################################################################################################################################################
Starting Execution:	[32 out of 137] test cases in the current suite
Test Method:		[testPackage01.Test_NewValidationHelper.f20]
################################################################################################################################################
[ReportManager] Element Action [getSize] successfully performed. With the following test data [(755, 61)]. @06-05-2021 01:55:25.0745 AM
[ReportManager] Loaded Shared OpenCV @06-05-2021 01:55:25.0904 AM
[ReportManager] AssertElementAttribute PASSED; Expected [Value Should not be 'a' for the 'size' attribute, element locator 'By.tagName: h1'] and Actual [(755, 61)]. Comparison Type [CONTAINS]. Validation Type [NEGATIVE]. @06-05-2021 01:55:25.0980 AM
[ReportManager] Successfully created attachment [Screenshot - 1620266125904_f20_AssertElementAttribute_passed] @06-05-2021 01:55:25.0981 A
[ReportManager] Successfully created attachment [Selenium WebDriver Logs - server] @06-05-2021 01:55:25.0998 AM
[ReportManager] Successfully created attachment [Selenium WebDriver Logs - performance] @06-05-2021 01:55:26.0021 AM
[ReportManager] Successfully created attachment [Selenium WebDriver Logs - browser] @06-05-2021 01:55:26.0028 AM
[ReportManager] Successfully created attachment [Selenium WebDriver Logs - driver] @06-05-2021 01:55:26.0099 AM
[ReportManager] Successfully Closed All Drivers. @06-05-2021 01:55:26.0174 A
[ReportManager] File Action [getAbsolutePath] successfully performed. With the following test data [Relative Folder Path: "target/downloadedFiles/"]. @06-05-2021 01:55:26.0176 AM
[ReportManager] Attempting to run remotely on: [Linux-64], [GoogleChrome], [http://localhost:4444/wd/hub], Headless Execution. @06-05-2021 01:55:26.0176 AM
[ReportManager] Successfully Opened [GoogleChrome]. @06-05-2021 01:55:26.0426 AM
[ReportManager] Target URL: [https://the-internet.herokuapp.com/] @06-05-2021 01:55:26.0438 AM
[ReportManager] Initial URL: [data:,] @06-05-2021 01:55:26.0521 AM
[ReportManager] Browser Action [navigateToURL] successfully performed. With the following test data [https://the-internet.herokuapp.com/]. @06-05-2021 01:55:28.0722 A

################################################################################################################################################
Starting Execution:	[33 out of 137] test cases in the current suite
Test Method:		[testPackage01.Test_NewValidationHelper.f21]
################################################################################################################################################
[ReportManager] Element Action [identifyUniqueElement] failed. With the following test data [zero elements found matching this locator "By.tagName: h3".]. @06-05-2021 01:55:54.0296 AM
[ReportManager] Successfully created attachment [Screenshot - 1620266154236_f21_identifyUniqueElement_failed] @06-05-2021 01:55:54.0296 AM
[ReportManager] AssertElementAttribute FAILED; Expected [Value Should be 'Welcome' for the 'text' attribute, element locator 'By.tagName: h3'] and Actual [Failed to read the desired element attribute]. Comparison Type [CONTAINS]. Validation Type [POSITIVE]. @06-05-2021 01:55:54.0297 A
[ReportManager] Successfully created attachment [Selenium WebDriver Logs - server] @06-05-2021 01:55:54.0312 AM
[ReportManager] Successfully created attachment [Selenium WebDriver Logs - performance] @06-05-2021 01:55:54.0338 AM
[ReportManager] Successfully created attachment [Selenium WebDriver Logs - browser] @06-05-2021 01:55:54.0345 AM
[ReportManager] Successfully created attachment [Selenium WebDriver Logs - driver] @06-05-2021 01:55:54.0415 AM
[ReportManager] Successfully Closed All Drivers. @06-05-2021 01:55:54.0491 A
[ReportManager] File Action [getAbsolutePath] successfully performed. With the following test data [Relative Folder Path: "target/downloadedFiles/"]. @06-05-2021 01:55:54.0493 AM
[ReportManager] Attempting to run remotely on: [Linux-64], [GoogleChrome], [http://localhost:4444/wd/hub], Headless Execution. @06-05-2021 01:55:54.0493 AM
[ReportManager] Successfully Opened [GoogleChrome]. @06-05-2021 01:55:54.0716 AM
[ReportManager] Target URL: [https://the-internet.herokuapp.com/] @06-05-2021 01:55:54.0728 AM
[ReportManager] Initial URL: [data:,] @06-05-2021 01:55:54.0775 AM
[ReportManager] Browser Action [navigateToURL] successfully performed. With the following test data [https://the-internet.herokuapp.com/]. @06-05-2021 01:55:57.0305 A

################################################################################################################################################
Starting Execution:	[34 out of 137] test cases in the current suite
Test Method:		[testPackage01.Test_NewValidationHelper.f22]
################################################################################################################################################
[ReportManager] Element Action [getText] successfully performed. With the following test data [Welcome to the-internet]. @06-05-2021 01:55:57.0409 AM
[ReportManager] Loaded Shared OpenCV @06-05-2021 01:55:57.0624 AM
[ReportManager] AssertElementAttribute FAILED; Expected [Value Should be 'yyy' for the 'text' attribute, element locator 'By.tagName: h1'] and Actual [Welcome to the-internet]. Comparison Type [CONTAINS]. Validation Type [POSITIVE]. @06-05-2021 01:55:57.0735 AM
[ReportManager] Successfully created attachment [Screenshot - 1620266157623_f22_AssertElementAttribute_failed] @06-05-2021 01:55:57.0736 A
[ReportManager] Successfully created attachment [Selenium WebDriver Logs - server] @06-05-2021 01:55:57.0768 AM
[ReportManager] Successfully created attachment [Selenium WebDriver Logs - performance] @06-05-2021 01:55:57.0794 AM
[ReportManager] Successfully created attachment [Selenium WebDriver Logs - browser] @06-05-2021 01:55:57.0801 AM
[ReportManager] Successfully created attachment [Selenium WebDriver Logs - driver] @06-05-2021 01:55:57.0863 AM
[ReportManager] Successfully Closed All Drivers. @06-05-2021 01:55:57.0951 A

################################################################################################################################################
Starting Execution:	[35 out of 137] test cases in the current suite
Test Method:		[testPackage01.Test_NewValidationHelper.f23]
################################################################################################################################################
[ReportManager] confirming that the actual is greater than or equal to the expected... @06-05-2021 01:55:57.0970 AM
[ReportManager] AssertComparativeRelation PASSED; Expected [1] and Actual [1]. Comparison Type [GREATER_THAN_OR_EQUALS]. Validation Type [POSITIVE]. @06-05-2021 01:55:57.0972 A

################################################################################################################################################
Starting Execution:	[36 out of 137] test cases in the current suite
Test Method:		[testPackage01.Test_NewValidationHelper.f24]
################################################################################################################################################
[ReportManager] AssertComparativeRelation PASSED; Expected [1] and Actual [10]. Comparison Type [GREATER_THAN_OR_EQUALS]. Validation Type [POSITIVE]. @06-05-2021 01:55:57.0979 A

################################################################################################################################################
Starting Execution:	[37 out of 137] test cases in the current suite
Test Method:		[testPackage01.Test_NewValidationHelper.f25]
################################################################################################################################################
[ReportManager] AssertComparativeRelation PASSED; Expected [1] and Actual [1]. Comparison Type [EQUALS]. Validation Type [POSITIVE]. @06-05-2021 01:55:57.0988 A

################################################################################################################################################
Starting Execution:	[38 out of 137] test cases in the current suite
Test Method:		[testPackage01.Test_NewValidationHelper.f26]
################################################################################################################################################
[ReportManager] AssertComparativeRelation PASSED; Expected [1] and Actual [5]. Comparison Type [GREATER_THAN]. Validation Type [POSITIVE]. @06-05-2021 01:55:57.0991 A

################################################################################################################################################
Starting Execution:	[39 out of 137] test cases in the current suite
Test Method:		[testPackage01.Test_NewValidationHelper.f27]
################################################################################################################################################
[ReportManager] AssertComparativeRelation PASSED; Expected [11] and Actual [5]. Comparison Type [LESS_THAN]. Validation Type [POSITIVE]. @06-05-2021 01:55:58.0001 A

################################################################################################################################################
Starting Execution:	[40 out of 137] test cases in the current suite
Test Method:		[testPackage01.Test_NewValidationHelper.f28]
################################################################################################################################################
[ReportManager] AssertComparativeRelation PASSED; Expected [11] and Actual [5]. Comparison Type [LESS_THAN_OR_EQUALS]. Validation Type [POSITIVE]. @06-05-2021 01:55:58.0007 A

################################################################################################################################################
Starting Execution:	[41 out of 137] test cases in the current suite
Test Method:		[testPackage01.Test_NewValidationHelper.f29]
################################################################################################################################################
[ReportManager] AssertComparativeRelation PASSED; Expected [11] and Actual [11]. Comparison Type [LESS_THAN_OR_EQUALS]. Validation Type [POSITIVE]. @06-05-2021 01:55:58.0026 A

################################################################################################################################################
Starting Execution:	[42 out of 137] test cases in the current suite
Test Method:		[testPackage01.Test_NewValidationHelper.f3]
################################################################################################################################################
[ReportManager] AssertEquals PASSED; Expected [1] and Actual [2]. Comparison Type [EQUALS]. Validation Type [NEGATIVE]. @06-05-2021 01:55:58.0033 A

################################################################################################################################################
Starting Execution:	[43 out of 137] test cases in the current suite
Test Method:		[testPackage01.Test_NewValidationHelper.f30]
################################################################################################################################################
[ReportManager] AssertComparativeRelation FAILED; Expected [-9] and Actual [11]. Comparison Type [LESS_THAN_OR_EQUALS]. Validation Type [POSITIVE]. @06-05-2021 01:55:58.0047 A

################################################################################################################################################
Starting Execution:	[44 out of 137] test cases in the current suite
Test Method:		[testPackage01.Test_NewValidationHelper.f31]
################################################################################################################################################
[ReportManager] AssertTrue PASSED; Expected [TRUE] and Actual [TRUE]. Validation Type [POSITIVE]. @06-05-2021 01:55:58.0053 A

################################################################################################################################################
Starting Execution:	[45 out of 137] test cases in the current suite
Test Method:		[testPackage01.Test_NewValidationHelper.f32]
################################################################################################################################################
[ReportManager] AssertTrue PASSED; Expected [FALSE] and Actual [FALSE]. Validation Type [NEGATIVE]. @06-05-2021 01:55:58.0061 A

################################################################################################################################################
Starting Execution:	[46 out of 137] test cases in the current suite
Test Method:		[testPackage01.Test_NewValidationHelper.f33]
################################################################################################################################################
[ReportManager] AssertTrue FAILED; Expected [FALSE] and Actual [TRUE]. Validation Type [NEGATIVE]. @06-05-2021 01:55:58.0068 A

################################################################################################################################################
Starting Execution:	[47 out of 137] test cases in the current suite
Test Method:		[testPackage01.Test_NewValidationHelper.f34]
################################################################################################################################################
[ReportManager] AssertTrue FAILED; Expected [TRUE] and Actual [FALSE]. Validation Type [POSITIVE]. @06-05-2021 01:55:58.0075 A

################################################################################################################################################
Starting Execution:	[48 out of 137] test cases in the current suite
Test Method:		[testPackage01.Test_NewValidationHelper.f35]
################################################################################################################################################
[ReportManager] File Action [doesFileExist] successfully performed. With the following test data [File Path: "pom.xml"]. @06-05-2021 01:55:58.0085 AM
[ReportManager] AssertFileExists PASSED; Expected [File 'pom.xml' should exist, after up to '1' retries] and Actual [File exists]. Validation Type [POSITIVE]. @06-05-2021 01:55:58.0103 A

################################################################################################################################################
Starting Execution:	[49 out of 137] test cases in the current suite
Test Method:		[testPackage01.Test_NewValidationHelper.f36]
################################################################################################################################################
[ReportManager] File Action [doesFileExist] successfully performed. With the following test data [File Path: "src/test/java/testPackage01/Test_NewValidationHelper.java"]. @06-05-2021 01:55:58.0108 AM
[ReportManager] AssertFileExists PASSED; Expected [File 'src/test/java/testPackage01/Test_NewValidationHelper.java' should exist, after up to '1' retries] and Actual [File exists]. Validation Type [POSITIVE]. @06-05-2021 01:55:58.0108 A

################################################################################################################################################
Starting Execution:	[50 out of 137] test cases in the current suite
Test Method:		[testPackage01.Test_NewValidationHelper.f37]
################################################################################################################################################
[ReportManager] confirming that the file does't exist after 5 retries... @06-05-2021 01:55:58.0115 AM
[ReportManager] File Action [doesFileExist] successfully performed. With the following test data [File Path: "pom.xml"]. @06-05-2021 01:55:58.0115 AM
[ReportManager] AssertFileExists FAILED; Expected [File 'pom.xml' should not exist, after up to '5' retries] and Actual [File exists]. Validation Type [NEGATIVE]. @06-05-2021 01:55:58.0115 A

################################################################################################################################################
Starting Execution:	[51 out of 137] test cases in the current suite
Test Method:		[testPackage01.Test_NewValidationHelper.f3_1]
################################################################################################################################################
[ReportManager] Checking valid user data... @06-05-2021 01:55:58.0123 AM
[ReportManager] AssertEquals PASSED; Expected [null] and Actual [null]. Comparison Type [EQUALS]. Validation Type [POSITIVE]. @06-05-2021 01:55:58.0123 A

################################################################################################################################################
Starting Execution:	[52 out of 137] test cases in the current suite
Test Method:		[testPackage01.Test_NewValidationHelper.f4]
################################################################################################################################################
[ReportManager] AssertEquals PASSED; Expected [1] and Actual [123]. Comparison Type [CONTAINS]. Validation Type [POSITIVE]. @06-05-2021 01:55:58.0130 A

################################################################################################################################################
Starting Execution:	[53 out of 137] test cases in the current suite
Test Method:		[testPackage01.Test_NewValidationHelper.f5]
################################################################################################################################################
[ReportManager] AssertNull PASSED; Expected [NULL] and Actual [1]. Comparison Type [EQUALS]. Validation Type [NEGATIVE]. @06-05-2021 01:55:58.0135 A

################################################################################################################################################
Starting Execution:	[54 out of 137] test cases in the current suite
Test Method:		[testPackage01.Test_NewValidationHelper.f6]
################################################################################################################################################
[ReportManager] Making sure that null string is not equal to null object... @06-05-2021 01:55:58.0138 AM
[ReportManager] AssertNull FAILED; Expected [NULL] and Actual [NULL]. Comparison Type [EQUALS]. Validation Type [POSITIVE]. @06-05-2021 01:55:58.0138 A

################################################################################################################################################
Starting Execution:	[55 out of 137] test cases in the current suite
Test Method:		[testPackage01.Test_NewValidationHelper.f6_1]
################################################################################################################################################
[ReportManager] AssertNull FAILED; Expected [NULL] and Actual [NULL]. Comparison Type [EQUALS]. Validation Type [NEGATIVE]. @06-05-2021 01:55:58.0144 A

################################################################################################################################################
Starting Execution:	[56 out of 137] test cases in the current suite
Test Method:		[testPackage01.Test_NewValidationHelper.f6_2]
################################################################################################################################################
[ReportManager] Making sure that null string is not equal to null object... @06-05-2021 01:55:58.0150 AM
[ReportManager] AssertNull FAILED; Expected [NULL] and Actual [not null]. Comparison Type [EQUALS]. Validation Type [POSITIVE]. @06-05-2021 01:55:58.0150 A

################################################################################################################################################
Starting Execution:	[57 out of 137] test cases in the current suite
Test Method:		[testPackage01.Test_NewValidationHelper.f7]
################################################################################################################################################
[ReportManager] AssertNull PASSED; Expected [NULL] and Actual [NULL]. Comparison Type [EQUALS]. Validation Type [POSITIVE]. @06-05-2021 01:55:58.0157 A
[ReportManager] File Action [getAbsolutePath] successfully performed. With the following test data [Relative Folder Path: "target/downloadedFiles/"]. @06-05-2021 01:55:58.0160 AM
[ReportManager] Attempting to run remotely on: [Linux-64], [GoogleChrome], [http://localhost:4444/wd/hub], Headless Execution. @06-05-2021 01:55:58.0161 AM
[ReportManager] Successfully Opened [GoogleChrome]. @06-05-2021 01:55:58.0557 AM
[ReportManager] Target URL: [https://the-internet.herokuapp.com/] @06-05-2021 01:55:58.0568 AM
[ReportManager] Initial URL: [data:,] @06-05-2021 01:55:58.0609 AM
[ReportManager] Browser Action [navigateToURL] successfully performed. With the following test data [https://the-internet.herokuapp.com/]. @06-05-2021 01:56:01.0221 A

################################################################################################################################################
Starting Execution:	[58 out of 137] test cases in the current suite
Test Method:		[testPackage01.Test_NewValidationHelper.f8]
################################################################################################################################################
[ReportManager] Loaded Shared OpenCV @06-05-2021 01:56:01.0457 AM
[ReportManager] AssertElementExists PASSED; Expected [Element Should Exist, locator 'By.tagName: h1'] and Actual [Element Exists]. Comparison Type [EQUALS]. Validation Type [POSITIVE]. @06-05-2021 01:56:01.0532 AM
[ReportManager] Successfully created attachment [Screenshot - 1620266161457_f8_AssertElementExists_passed] @06-05-2021 01:56:01.0533 A
[ReportManager] Successfully created attachment [Selenium WebDriver Logs - server] @06-05-2021 01:56:01.0546 AM
[ReportManager] Successfully created attachment [Selenium WebDriver Logs - performance] @06-05-2021 01:56:01.0573 AM
[ReportManager] Successfully created attachment [Selenium WebDriver Logs - browser] @06-05-2021 01:56:01.0580 AM
[ReportManager] Successfully created attachment [Selenium WebDriver Logs - driver] @06-05-2021 01:56:01.0638 AM
[ReportManager] Successfully Closed All Drivers. @06-05-2021 01:56:01.0713 A
[ReportManager] File Action [getAbsolutePath] successfully performed. With the following test data [Relative Folder Path: "target/downloadedFiles/"]. @06-05-2021 01:56:01.0717 AM
[ReportManager] Attempting to run remotely on: [Linux-64], [GoogleChrome], [http://localhost:4444/wd/hub], Headless Execution. @06-05-2021 01:56:01.0717 AM
[ReportManager] Successfully Opened [GoogleChrome]. @06-05-2021 01:56:02.0012 AM
[ReportManager] Target URL: [https://the-internet.herokuapp.com/] @06-05-2021 01:56:02.0023 AM
[ReportManager] Initial URL: [data:,] @06-05-2021 01:56:02.0072 AM
[ReportManager] Browser Action [navigateToURL] successfully performed. With the following test data [https://the-internet.herokuapp.com/]. @06-05-2021 01:56:04.0606 A

################################################################################################################################################
Starting Execution:	[59 out of 137] test cases in the current suite
Test Method:		[testPackage01.Test_NewValidationHelper.f9]
################################################################################################################################################
[ReportManager] AssertElementExists FAILED; Expected [Element Should Exist, locator 'By.tagName: h3'] and Actual [Element Doesn't Exists]. Comparison Type [EQUALS]. Validation Type [POSITIVE]. @06-05-2021 01:56:35.0315 AM
[ReportManager] Successfully created attachment [Screenshot - 1620266195254_f9_AssertElementExists_failed] @06-05-2021 01:56:35.0316 A
[ReportManager] Successfully created attachment [Selenium WebDriver Logs - server] @06-05-2021 01:56:35.0329 AM
[ReportManager] Successfully created attachment [Selenium WebDriver Logs - performance] @06-05-2021 01:56:35.0350 AM
[ReportManager] Successfully created attachment [Selenium WebDriver Logs - browser] @06-05-2021 01:56:35.0357 AM
[ReportManager] Successfully created attachment [Selenium WebDriver Logs - driver] @06-05-2021 01:56:35.0438 AM
[ReportManager] Successfully Closed All Drivers. @06-05-2021 01:56:35.0514 A

################################################################################################################################################
Starting Execution:	[60 out of 137] test cases in the current suite
Test Method:		[testPackage01.Test_NewValidationHelper.forceFail]
################################################################################################################################################
[ReportManager] AssertFail FAILED; Expected [null] and Actual [null]. @06-05-2021 01:56:35.0518 A

################################################################################################################################################
Starting Execution:	[61 out of 137] test cases in the current suite
Test Method:		[testPackage01.Test_NewValidationHelper.forceFail2]
################################################################################################################################################
[ReportManager] Custom Message... @06-05-2021 01:56:35.0524 AM
[ReportManager] AssertFail FAILED; Expected [null] and Actual [null]. @06-05-2021 01:56:35.0524 A
[ReportManager] Successfully loaded the following test data file [src/test/resources/TestDataFiles/testSuite01/TestData.xlsx]. @06-05-2021 01:56:36.0428 AM
[ReportManager] Successfully created attachment [Test Data - Excel] @06-05-2021 01:56:36.0429 AM
[ReportManager] File Action [getAbsolutePath] successfully performed. With the following test data [Relative Folder Path: "target/downloadedFiles/"]. @06-05-2021 01:56:36.0429 AM
[ReportManager] Attempting to run remotely on: [Linux-64], [GoogleChrome], [http://localhost:4444/wd/hub], Headless Execution. @06-05-2021 01:56:36.0429 AM
[ReportManager] Successfully Opened [GoogleChrome]. @06-05-2021 01:56:36.0807 A

################################################################################################################################################
Starting Execution:	[62 out of 137] test cases in the current suite
Test Method:		[testPackage01.Test_google.navigateToURLandVerifyGoogleLogoIsDisplayed]
Test Description:	[TC001 - Navigate to URL and Verify Google Logo is Displayed]
################################################################################################################################################
[ReportManager] Target URL: [https://www.google.com/ncr], and after redirection: [https://www.google.com] @06-05-2021 01:56:36.0826 AM
[ReportManager] Initial URL: [data:,] @06-05-2021 01:56:36.0874 AM
[ReportManager] Browser Action [navigateToURL] successfully performed. With the following test data [https://www.google.com/ncr]. @06-05-2021 01:56:37.0811 AM
[ReportManager] Loaded Shared OpenCV @06-05-2021 01:56:38.0027 AM
[ReportManager] AssertElementExists PASSED; Expected [Element Should Exist, locator 'By.xpath: //img[@id='hplogo' or @alt='Google']'] and Actual [Element Exists]. Comparison Type [EQUALS]. Validation Type [POSITIVE]. @06-05-2021 01:56:38.0101 AM
[ReportManager] Successfully created attachment [Screenshot - 1620266198027_navigateToURLandVerifyGoogleLogoIsDisplayed_AssertElementExists_passed] @06-05-2021 01:56:38.0102 A

################################################################################################################################################
Starting Execution:	[63 out of 137] test cases in the current suite
Test Method:		[testPackage01.Test_google.searchForQueryandAssertResultsNumDisplayed]
Test Description:	[TC002 - Search for Query and Assert that the number of results is displayed]
################################################################################################################################################
[ReportManager] Element Action [type] successfully performed. With the following test data [SHAFT_Engine]. @06-05-2021 01:56:38.0770 AM
[ReportManager] Element Action [keyPress] successfully performed. With the following test data [Enter]. @06-05-2021 01:56:40.0243 AM
[ReportManager] Element Action [getText] successfully performed. With the following test data [About 526,000 results (0.82 seconds) ]. @06-05-2021 01:56:40.0327 AM
[ReportManager] Loaded Shared OpenCV @06-05-2021 01:56:40.0485 AM
[ReportManager] AssertElementAttribute PASSED; Expected [Value Should not be '' for the 'Text' attribute, element locator 'By.id: appbar'] and Actual [About 526,000 results (0.82 seconds) ]. Comparison Type [EQUALS]. Validation Type [NEGATIVE]. @06-05-2021 01:56:40.0574 AM
[ReportManager] Successfully created attachment [Screenshot - 1620266200485_searchForQueryandAssertResultsNumDisplayed_AssertElementAttribute_passed] @06-05-2021 01:56:40.0575 A

################################################################################################################################################
Starting Execution:	[64 out of 137] test cases in the current suite
Test Method:		[testPackage01.Test_google.clickNextThrice]
Test Description:	[TC003 - Clicks the next button to make sure that the framework can scroll element into view before clicking it]
################################################################################################################################################
[ReportManager] Element Action [click] successfully performed. With the following test data [Next]. @06-05-2021 01:56:42.0157 A
[ReportManager] Successfully created attachment [Selenium WebDriver Logs - server] @06-05-2021 01:56:42.0347 AM
[ReportManager] Successfully created attachment [Selenium WebDriver Logs - performance] @06-05-2021 01:56:42.0547 AM
[ReportManager] Successfully created attachment [Selenium WebDriver Logs - driver] @06-05-2021 01:56:42.0873 AM
[ReportManager] Browser Action [closeCurrentWindow] successfully performed. @06-05-2021 01:56:42.0940 AM
[ReportManager] Successfully created attachment [Browser Action Test Data - closeCurrentWindow - Actual Value] @06-05-2021 01:56:42.0945 A

################################################################################################################################################
Starting Execution:	[65 out of 137] test cases in the current suite
Test Method:		[testPackage01.Test_testData.f]
################################################################################################################################################
[ReportManager] Successfully loaded the following test data file [src/test/resources/TestDataFiles/testSuite01/TestData.xlsx]. @06-05-2021 01:56:43.0017 AM
[ReportManager] Successfully created attachment [Test Data - Excel] @06-05-2021 01:56:43.0017 AM
[ReportManager] Last Column Number is: [3]. Zero-based. @06-05-2021 01:56:43.0018 A

################################################################################################################################################
Starting Execution:	[66 out of 137] test cases in the current suite
Test Method:		[testPackage01.Test_JsonActions.f]
###############################################################################################################################################

################################################################################################################################################
Starting Execution:	[67 out of 137] test cases in the current suite
Test Method:		[testPackage01.Test_JsonActions.f2]
###############################################################################################################################################

################################################################################################################################################
Starting Execution:	[68 out of 137] test cases in the current suite
Test Method:		[testPackage01.Test_JsonCompareWithSpecialCharacters.specialCharacters]
################################################################################################################################################
[ReportManager] File Action [getAbsolutePath] successfully performed. With the following test data [Relative Folder Path: "src/test/resources/TestJsonFiles/specialCharacters.json"]. @06-05-2021 01:56:43.0131 AM
[ReportManager] File Action [readFromFile] successfully performed. With the following test data [File Path: "/home/runner/work/SHAFT_ENGINE/SHAFT_ENGINE/src/test/resources/TestJsonFiles/specialCharacters.json"]. @06-05-2021 01:56:43.0137 AM
[ReportManager] Successfully created attachment [File Action Actual Result - Command Log] @06-05-2021 01:56:43.0137 AM
[ReportManager] Comparing the provided API response with the file at this path "src/test/resources/TestJsonFiles/specialCharacters.json", comparison type "EQUALS" @06-05-2021 01:56:43.0222 AM
[ReportManager] API Action [compareJSON] successfully performed. With the following test data [src/test/resources/TestJsonFiles/specialCharacters.json]. @06-05-2021 01:56:43.0318 AM
[ReportManager] File Action [getAbsolutePath] successfully performed. With the following test data [Relative Folder Path: "src/test/resources/TestJsonFiles/specialCharacters.json"]. @06-05-2021 01:56:43.0319 AM
[ReportManager] File Action [readFromFile] successfully performed. With the following test data [File Path: "/home/runner/work/SHAFT_ENGINE/SHAFT_ENGINE/src/test/resources/TestJsonFiles/specialCharacters.json"]. @06-05-2021 01:56:43.0319 AM
[ReportManager] VerifyJSONFileContent PASSED; Expected [Response data should match the JSON File in this path 'src/test/resources/TestJsonFiles/specialCharacters.json'] and Actual [TRUE]. Comparison Type [EQUALS]. Validation Type [POSITIVE]. @06-05-2021 01:56:43.0327 AM
[ReportManager] Successfully created attachment [Validation Test Data - Expected JSON Value] @06-05-2021 01:56:43.0328 AM
[ReportManager] Successfully created attachment [Validation Test Data - Actual JSON Value] @06-05-2021 01:56:43.0328 A

################################################################################################################################################
Starting Execution:	[69 out of 137] test cases in the current suite
Test Method:		[testPackage01.Test_JsonCompareWithSpecialCharacters.specialCharacters_assertion]
################################################################################################################################################
[ReportManager] File Action [getAbsolutePath] successfully performed. With the following test data [Relative Folder Path: "src/test/resources/TestJsonFiles/specialCharacters.json"]. @06-05-2021 01:56:43.0339 AM
[ReportManager] File Action [readFromFile] successfully performed. With the following test data [File Path: "/home/runner/work/SHAFT_ENGINE/SHAFT_ENGINE/src/test/resources/TestJsonFiles/specialCharacters.json"]. @06-05-2021 01:56:43.0340 AM
[ReportManager] Successfully created attachment [File Action Actual Result - Command Log] @06-05-2021 01:56:43.0340 AM
[ReportManager] trying out the log message... @06-05-2021 01:56:43.0340 AM
[ReportManager] Comparing the provided API response with the file at this path "src/test/resources/TestJsonFiles/specialCharacters.json", comparison type "CONTAINS" @06-05-2021 01:56:43.0341 AM
[ReportManager] API Action [compareJSON] successfully performed. With the following test data [src/test/resources/TestJsonFiles/specialCharacters.json]. @06-05-2021 01:56:43.0352 AM
[ReportManager] File Action [getAbsolutePath] successfully performed. With the following test data [Relative Folder Path: "src/test/resources/TestJsonFiles/specialCharacters.json"]. @06-05-2021 01:56:43.0352 AM
[ReportManager] File Action [readFromFile] successfully performed. With the following test data [File Path: "/home/runner/work/SHAFT_ENGINE/SHAFT_ENGINE/src/test/resources/TestJsonFiles/specialCharacters.json"]. @06-05-2021 01:56:43.0353 AM
[ReportManager] AssertJSONFileContent PASSED; Expected [Response data should match the JSON File in this path 'src/test/resources/TestJsonFiles/specialCharacters.json'] and Actual [TRUE]. Comparison Type [CONTAINS]. Validation Type [POSITIVE]. @06-05-2021 01:56:43.0358 AM
[ReportManager] Successfully created attachment [Validation Test Data - Expected JSON Value] @06-05-2021 01:56:43.0358 AM
[ReportManager] Successfully created attachment [Validation Test Data - Actual JSON Value] @06-05-2021 01:56:43.0359 A

################################################################################################################################################
Starting Execution:	[70 out of 137] test cases in the current suite
Test Method:		[unitTests.tests_validations_assertions.assertComparativeRelation_greaterThanOrEquals_false_equals_expectedToFail]
################################################################################################################################################
[ReportManager] AssertComparativeRelation FAILED; Expected [1] and Actual [1]. Comparison Type [GREATER_THAN_OR_EQUALS]. Validation Type [NEGATIVE]. @06-05-2021 01:56:43.0370 A

################################################################################################################################################
Starting Execution:	[71 out of 137] test cases in the current suite
Test Method:		[unitTests.tests_validations_assertions.assertComparativeRelation_greaterThanOrEquals_false_equals_expectedToPass]
################################################################################################################################################
[ReportManager] AssertComparativeRelation PASSED; Expected [2] and Actual [1]. Comparison Type [GREATER_THAN_OR_EQUALS]. Validation Type [NEGATIVE]. @06-05-2021 01:56:43.0376 A

################################################################################################################################################
Starting Execution:	[72 out of 137] test cases in the current suite
Test Method:		[unitTests.tests_validations_assertions.assertComparativeRelation_greaterThanOrEquals_false_greaterThan_expectedToFail]
################################################################################################################################################
[ReportManager] AssertComparativeRelation FAILED; Expected [1] and Actual [2]. Comparison Type [GREATER_THAN_OR_EQUALS]. Validation Type [NEGATIVE]. @06-05-2021 01:56:43.0380 A

################################################################################################################################################
Starting Execution:	[73 out of 137] test cases in the current suite
Test Method:		[unitTests.tests_validations_assertions.assertComparativeRelation_greaterThanOrEquals_false_greaterThan_expectedToPass]
################################################################################################################################################
[ReportManager] AssertComparativeRelation PASSED; Expected [2] and Actual [1]. Comparison Type [GREATER_THAN_OR_EQUALS]. Validation Type [NEGATIVE]. @06-05-2021 01:56:43.0385 A

################################################################################################################################################
Starting Execution:	[74 out of 137] test cases in the current suite
Test Method:		[unitTests.tests_validations_assertions.assertComparativeRelation_greaterThanOrEquals_true_equals_expectedToFail]
################################################################################################################################################
[ReportManager] AssertComparativeRelation FAILED; Expected [1] and Actual [0]. Comparison Type [GREATER_THAN_OR_EQUALS]. Validation Type [POSITIVE]. @06-05-2021 01:56:43.0389 A

################################################################################################################################################
Starting Execution:	[75 out of 137] test cases in the current suite
Test Method:		[unitTests.tests_validations_assertions.assertComparativeRelation_greaterThanOrEquals_true_equals_expectedToPass]
################################################################################################################################################
[ReportManager] AssertComparativeRelation PASSED; Expected [1] and Actual [1]. Comparison Type [GREATER_THAN_OR_EQUALS]. Validation Type [POSITIVE]. @06-05-2021 01:56:43.0394 A

################################################################################################################################################
Starting Execution:	[76 out of 137] test cases in the current suite
Test Method:		[unitTests.tests_validations_assertions.assertComparativeRelation_greaterThanOrEquals_true_greaterThan_expectedToFail]
################################################################################################################################################
[ReportManager] AssertComparativeRelation FAILED; Expected [2] and Actual [1]. Comparison Type [GREATER_THAN_OR_EQUALS]. Validation Type [POSITIVE]. @06-05-2021 01:56:43.0399 A

################################################################################################################################################
Starting Execution:	[77 out of 137] test cases in the current suite
Test Method:		[unitTests.tests_validations_assertions.assertComparativeRelation_greaterThanOrEquals_true_greaterThan_expectedToPass]
################################################################################################################################################
[ReportManager] AssertComparativeRelation PASSED; Expected [1] and Actual [2]. Comparison Type [GREATER_THAN_OR_EQUALS]. Validation Type [POSITIVE]. @06-05-2021 01:56:43.0403 A
[ReportManager] File Action [getAbsolutePath] successfully performed. With the following test data [Relative Folder Path: "target/downloadedFiles/"]. @06-05-2021 01:56:43.0407 AM
[ReportManager] Attempting to run remotely on: [Linux-64], [GoogleChrome], [http://localhost:4444/wd/hub], Headless Execution. @06-05-2021 01:56:43.0408 AM
[ReportManager] Successfully Opened [GoogleChrome]. @06-05-2021 01:56:43.0662 AM
[ReportManager] Target URL: [https://www.google.com/ncr], and after redirection: [www.google.com] @06-05-2021 01:56:43.0681 AM
[ReportManager] Initial URL: [data:,] @06-05-2021 01:56:43.0721 AM
[ReportManager] Browser Action [navigateToURL] successfully performed. With the following test data [https://www.google.com/ncr]. @06-05-2021 01:56:44.0614 A

################################################################################################################################################
Starting Execution:	[78 out of 137] test cases in the current suite
Test Method:		[unitTests.tests_validations_assertions.assertElementAttribute_false_caseInsensitiveComparison_expectedToFail]
################################################################################################################################################
[ReportManager] Element Action [type] successfully performed. With the following test data [AUTOMATION]. @06-05-2021 01:56:45.0166 AM
[ReportManager] Element Action [getText] successfully performed. With the following test data [AUTOMATION]. @06-05-2021 01:56:45.0288 AM
[ReportManager] Loaded Shared OpenCV @06-05-2021 01:56:45.0439 AM
[ReportManager] AssertElementAttribute FAILED; Expected [Value Should not be 'AutomaTion' for the 'text' attribute, element locator 'By.name: q'] and Actual [AUTOMATION]. Comparison Type [CASE_INSENSITIVE]. Validation Type [NEGATIVE]. @06-05-2021 01:56:45.0510 AM
[ReportManager] Successfully created attachment [Screenshot - 1620266205439_assertElementAttribute_false_caseInsensitiveComparison_expectedToFail_AssertElementAttribute_failed] @06-05-2021 01:56:45.0511 A
[ReportManager] Successfully created attachment [Selenium WebDriver Logs - server] @06-05-2021 01:56:45.0595 AM
[ReportManager] Successfully created attachment [Selenium WebDriver Logs - performance] @06-05-2021 01:56:45.0679 AM
[ReportManager] Successfully created attachment [Selenium WebDriver Logs - driver] @06-05-2021 01:56:45.0827 AM
[ReportManager] Browser Action [closeCurrentWindow] successfully performed. @06-05-2021 01:56:45.0883 AM
[ReportManager] Successfully created attachment [Browser Action Test Data - closeCurrentWindow - Actual Value] @06-05-2021 01:56:45.0884 A
[ReportManager] File Action [getAbsolutePath] successfully performed. With the following test data [Relative Folder Path: "target/downloadedFiles/"]. @06-05-2021 01:56:45.0886 AM
[ReportManager] Attempting to run remotely on: [Linux-64], [GoogleChrome], [http://localhost:4444/wd/hub], Headless Execution. @06-05-2021 01:56:45.0887 AM
[ReportManager] Successfully Opened [GoogleChrome]. @06-05-2021 01:56:46.0114 AM
[ReportManager] Target URL: [https://www.google.com/ncr], and after redirection: [www.google.com] @06-05-2021 01:56:46.0128 AM
[ReportManager] Initial URL: [data:,] @06-05-2021 01:56:46.0179 AM
[ReportManager] Browser Action [navigateToURL] successfully performed. With the following test data [https://www.google.com/ncr]. @06-05-2021 01:56:47.0074 A

################################################################################################################################################
Starting Execution:	[79 out of 137] test cases in the current suite
Test Method:		[unitTests.tests_validations_assertions.assertElementAttribute_false_caseInsensitiveComparison_expectedToPass]
################################################################################################################################################
[ReportManager] Element Action [type] successfully performed. With the following test data [AUTOMATION]. @06-05-2021 01:56:47.0666 AM
[ReportManager] Element Action [getText] successfully performed. With the following test data [AUTOMATION]. @06-05-2021 01:56:47.0773 AM
[ReportManager] Loaded Shared OpenCV @06-05-2021 01:56:47.0935 AM
[ReportManager] AssertElementAttribute PASSED; Expected [Value Should not be 'AutomaTion123' for the 'text' attribute, element locator 'By.name: q'] and Actual [AUTOMATION]. Comparison Type [CASE_INSENSITIVE]. Validation Type [NEGATIVE]. @06-05-2021 01:56:48.0010 AM
[ReportManager] Successfully created attachment [Screenshot - 1620266207935_assertElementAttribute_false_caseInsensitiveComparison_expectedToPass_AssertElementAttribute_passed] @06-05-2021 01:56:48.0011 A
[ReportManager] Successfully created attachment [Selenium WebDriver Logs - server] @06-05-2021 01:56:48.0095 AM
[ReportManager] Successfully created attachment [Selenium WebDriver Logs - performance] @06-05-2021 01:56:48.0180 AM
[ReportManager] Successfully created attachment [Selenium WebDriver Logs - driver] @06-05-2021 01:56:48.0304 AM
[ReportManager] Browser Action [closeCurrentWindow] successfully performed. @06-05-2021 01:56:48.0361 AM
[ReportManager] Successfully created attachment [Browser Action Test Data - closeCurrentWindow - Actual Value] @06-05-2021 01:56:48.0362 A
[ReportManager] File Action [getAbsolutePath] successfully performed. With the following test data [Relative Folder Path: "target/downloadedFiles/"]. @06-05-2021 01:56:48.0364 AM
[ReportManager] Attempting to run remotely on: [Linux-64], [GoogleChrome], [http://localhost:4444/wd/hub], Headless Execution. @06-05-2021 01:56:48.0364 AM
[ReportManager] Successfully Opened [GoogleChrome]. @06-05-2021 01:56:48.0616 AM
[ReportManager] Target URL: [https://www.google.com/ncr], and after redirection: [www.google.com] @06-05-2021 01:56:48.0629 AM
[ReportManager] Initial URL: [data:,] @06-05-2021 01:56:48.0668 AM
[ReportManager] Browser Action [navigateToURL] successfully performed. With the following test data [https://www.google.com/ncr]. @06-05-2021 01:56:49.0544 A

################################################################################################################################################
Starting Execution:	[80 out of 137] test cases in the current suite
Test Method:		[unitTests.tests_validations_assertions.assertElementAttribute_false_containsComparison_expectedToFail]
################################################################################################################################################
[ReportManager] Element Action [type] successfully performed. With the following test data [Automation123]. @06-05-2021 01:56:50.0127 AM
[ReportManager] Element Action [getText] successfully performed. With the following test data [Automation123]. @06-05-2021 01:56:50.0228 AM
[ReportManager] Loaded Shared OpenCV @06-05-2021 01:56:50.0375 AM
[ReportManager] AssertElementAttribute FAILED; Expected [Value Should not be 'Automation' for the 'text' attribute, element locator 'By.name: q'] and Actual [Automation123]. Comparison Type [CONTAINS]. Validation Type [NEGATIVE]. @06-05-2021 01:56:50.0444 AM
[ReportManager] Successfully created attachment [Screenshot - 1620266210375_assertElementAttribute_false_containsComparison_expectedToFail_AssertElementAttribute_failed] @06-05-2021 01:56:50.0446 A
[ReportManager] Successfully created attachment [Selenium WebDriver Logs - server] @06-05-2021 01:56:50.0530 AM
[ReportManager] Successfully created attachment [Selenium WebDriver Logs - performance] @06-05-2021 01:56:50.0616 AM
[ReportManager] Successfully created attachment [Selenium WebDriver Logs - driver] @06-05-2021 01:56:50.0749 AM
[ReportManager] Browser Action [closeCurrentWindow] successfully performed. @06-05-2021 01:56:50.0807 AM
[ReportManager] Successfully created attachment [Browser Action Test Data - closeCurrentWindow - Actual Value] @06-05-2021 01:56:50.0808 A
[ReportManager] File Action [getAbsolutePath] successfully performed. With the following test data [Relative Folder Path: "target/downloadedFiles/"]. @06-05-2021 01:56:50.0812 AM
[ReportManager] Attempting to run remotely on: [Linux-64], [GoogleChrome], [http://localhost:4444/wd/hub], Headless Execution. @06-05-2021 01:56:50.0813 AM
[ReportManager] Successfully Opened [GoogleChrome]. @06-05-2021 01:56:51.0063 AM
[ReportManager] Target URL: [https://www.google.com/ncr], and after redirection: [www.google.com] @06-05-2021 01:56:51.0074 AM
[ReportManager] Initial URL: [data:,] @06-05-2021 01:56:51.0117 AM
[ReportManager] Browser Action [navigateToURL] successfully performed. With the following test data [https://www.google.com/ncr]. @06-05-2021 01:56:51.0961 A

################################################################################################################################################
Starting Execution:	[81 out of 137] test cases in the current suite
Test Method:		[unitTests.tests_validations_assertions.assertElementAttribute_false_containsComparison_expectedToPass]
################################################################################################################################################
[ReportManager] Element Action [type] successfully performed. With the following test data [Automation123]. @06-05-2021 01:56:52.0528 AM
[ReportManager] Element Action [getText] successfully performed. With the following test data [Automation123]. @06-05-2021 01:56:52.0619 AM
[ReportManager] Loaded Shared OpenCV @06-05-2021 01:56:52.0759 AM
[ReportManager] AssertElementAttribute PASSED; Expected [Value Should not be 'Automation1234' for the 'text' attribute, element locator 'By.name: q'] and Actual [Automation123]. Comparison Type [CONTAINS]. Validation Type [NEGATIVE]. @06-05-2021 01:56:52.0831 AM
[ReportManager] Successfully created attachment [Screenshot - 1620266212759_assertElementAttribute_false_containsComparison_expectedToPass_AssertElementAttribute_passed] @06-05-2021 01:56:52.0832 A
[ReportManager] Successfully created attachment [Selenium WebDriver Logs - server] @06-05-2021 01:56:52.0908 AM
[ReportManager] Successfully created attachment [Selenium WebDriver Logs - performance] @06-05-2021 01:56:53.0002 AM
[ReportManager] Successfully created attachment [Selenium WebDriver Logs - driver] @06-05-2021 01:56:53.0137 AM
[ReportManager] Browser Action [closeCurrentWindow] successfully performed. @06-05-2021 01:56:53.0208 AM
[ReportManager] Successfully created attachment [Browser Action Test Data - closeCurrentWindow - Actual Value] @06-05-2021 01:56:53.0209 A
[ReportManager] File Action [getAbsolutePath] successfully performed. With the following test data [Relative Folder Path: "target/downloadedFiles/"]. @06-05-2021 01:56:53.0213 AM
[ReportManager] Attempting to run remotely on: [Linux-64], [GoogleChrome], [http://localhost:4444/wd/hub], Headless Execution. @06-05-2021 01:56:53.0213 AM
[ReportManager] Successfully Opened [GoogleChrome]. @06-05-2021 01:56:53.0485 AM
[ReportManager] Target URL: [https://www.google.com/ncr], and after redirection: [www.google.com] @06-05-2021 01:56:53.0502 AM
[ReportManager] Initial URL: [data:,] @06-05-2021 01:56:53.0552 AM
[ReportManager] Browser Action [navigateToURL] successfully performed. With the following test data [https://www.google.com/ncr]. @06-05-2021 01:56:54.0418 A

################################################################################################################################################
Starting Execution:	[82 out of 137] test cases in the current suite
Test Method:		[unitTests.tests_validations_assertions.assertElementAttribute_false_literalComparison_expectedToFail]
################################################################################################################################################
[ReportManager] Element Action [type] successfully performed. With the following test data [Automation!@#$%^&*()_+{}[]\';/.,]. @06-05-2021 01:56:55.0753 AM
[ReportManager] Element Action [getText] successfully performed. With the following test data [Automation!@#$%^&*()_+{}[]\';/.,]. @06-05-2021 01:56:55.0862 AM
[ReportManager] Loaded Shared OpenCV @06-05-2021 01:56:56.0038 AM
[ReportManager] AssertElementAttribute PASSED; Expected [Value Should not be 'Automation!@#$%^&*()_+{}[]\\';/.,' for the 'text' attribute, element locator 'By.name: q'] and Actual [Automation!@#$%^&*()_+{}[]\';/.,]. Comparison Type [EQUALS]. Validation Type [NEGATIVE]. @06-05-2021 01:56:56.0117 AM
[ReportManager] Successfully created attachment [Screenshot - 1620266216038_assertElementAttribute_false_literalComparison_expectedToFail_AssertElementAttribute_passed] @06-05-2021 01:56:56.0118 A
[ReportManager] Successfully created attachment [Selenium WebDriver Logs - server] @06-05-2021 01:56:56.0198 AM
[ReportManager] Successfully created attachment [Selenium WebDriver Logs - performance] @06-05-2021 01:56:56.0367 AM
[ReportManager] Successfully created attachment [Selenium WebDriver Logs - driver] @06-05-2021 01:56:56.0554 AM
[ReportManager] Browser Action [closeCurrentWindow] successfully performed. @06-05-2021 01:56:56.0611 AM
[ReportManager] Successfully created attachment [Browser Action Test Data - closeCurrentWindow - Actual Value] @06-05-2021 01:56:56.0624 A
[ReportManager] File Action [getAbsolutePath] successfully performed. With the following test data [Relative Folder Path: "target/downloadedFiles/"]. @06-05-2021 01:56:56.0628 AM
[ReportManager] Attempting to run remotely on: [Linux-64], [GoogleChrome], [http://localhost:4444/wd/hub], Headless Execution. @06-05-2021 01:56:56.0630 AM
[ReportManager] Successfully Opened [GoogleChrome]. @06-05-2021 01:56:56.0888 AM
[ReportManager] Target URL: [https://www.google.com/ncr], and after redirection: [www.google.com] @06-05-2021 01:56:56.0899 AM
[ReportManager] Initial URL: [data:,] @06-05-2021 01:56:56.0937 AM
[ReportManager] Browser Action [navigateToURL] successfully performed. With the following test data [https://www.google.com/ncr]. @06-05-2021 01:56:57.0792 A

################################################################################################################################################
Starting Execution:	[83 out of 137] test cases in the current suite
Test Method:		[unitTests.tests_validations_assertions.assertElementAttribute_false_literalComparison_expectedToPass]
################################################################################################################################################
[ReportManager] Element Action [type] successfully performed. With the following test data [Automation!@#$%^&*()_+{}[]\';/.,]. @06-05-2021 01:56:59.0082 AM
[ReportManager] Element Action [getText] successfully performed. With the following test data [Automation!@#$%^&*()_+{}[]\';/.,]. @06-05-2021 01:56:59.0187 AM
[ReportManager] Loaded Shared OpenCV @06-05-2021 01:56:59.0333 AM
[ReportManager] AssertElementAttribute PASSED; Expected [Value Should not be 'Automation' for the 'text' attribute, element locator 'By.name: q'] and Actual [Automation!@#$%^&*()_+{}[]\';/.,]. Comparison Type [EQUALS]. Validation Type [NEGATIVE]. @06-05-2021 01:56:59.0406 AM
[ReportManager] Successfully created attachment [Screenshot - 1620266219333_assertElementAttribute_false_literalComparison_expectedToPass_AssertElementAttribute_passed] @06-05-2021 01:56:59.0407 A
[ReportManager] Successfully created attachment [Selenium WebDriver Logs - server] @06-05-2021 01:56:59.0488 AM
[ReportManager] Successfully created attachment [Selenium WebDriver Logs - performance] @06-05-2021 01:56:59.0634 AM
[ReportManager] Successfully created attachment [Selenium WebDriver Logs - driver] @06-05-2021 01:56:59.0810 AM
[ReportManager] Browser Action [closeCurrentWindow] successfully performed. @06-05-2021 01:56:59.0868 AM
[ReportManager] Successfully created attachment [Browser Action Test Data - closeCurrentWindow - Actual Value] @06-05-2021 01:56:59.0869 A
[ReportManager] File Action [getAbsolutePath] successfully performed. With the following test data [Relative Folder Path: "target/downloadedFiles/"]. @06-05-2021 01:56:59.0871 AM
[ReportManager] Attempting to run remotely on: [Linux-64], [GoogleChrome], [http://localhost:4444/wd/hub], Headless Execution. @06-05-2021 01:56:59.0871 AM
[ReportManager] Successfully Opened [GoogleChrome]. @06-05-2021 01:57:00.0103 AM
[ReportManager] Target URL: [https://www.google.com/ncr], and after redirection: [www.google.com] @06-05-2021 01:57:00.0113 AM
[ReportManager] Initial URL: [data:,] @06-05-2021 01:57:00.0154 AM
[ReportManager] Browser Action [navigateToURL] successfully performed. With the following test data [https://www.google.com/ncr]. @06-05-2021 01:57:01.0037 A

################################################################################################################################################
Starting Execution:	[84 out of 137] test cases in the current suite
Test Method:		[unitTests.tests_validations_assertions.assertElementAttribute_false_regexComparison_expectedToFail]
################################################################################################################################################
[ReportManager] Element Action [type] successfully performed. With the following test data [Automation123]. @06-05-2021 01:57:01.0624 AM
[ReportManager] Element Action [getText] successfully performed. With the following test data [Automation123]. @06-05-2021 01:57:01.0741 AM
[ReportManager] Loaded Shared OpenCV @06-05-2021 01:57:01.0875 AM
[ReportManager] AssertElementAttribute FAILED; Expected [Value Should not be 'Automation.*' for the 'text' attribute, element locator 'By.name: q'] and Actual [Automation123]. Comparison Type [MATCHES]. Validation Type [NEGATIVE]. @06-05-2021 01:57:01.0944 AM
[ReportManager] Successfully created attachment [Screenshot - 1620266221875_assertElementAttribute_false_regexComparison_expectedToFail_AssertElementAttribute_failed] @06-05-2021 01:57:01.0945 A
[ReportManager] Successfully created attachment [Selenium WebDriver Logs - server] @06-05-2021 01:57:02.0019 AM
[ReportManager] Successfully created attachment [Selenium WebDriver Logs - performance] @06-05-2021 01:57:02.0106 AM
[ReportManager] Successfully created attachment [Selenium WebDriver Logs - driver] @06-05-2021 01:57:02.0256 AM
[ReportManager] Browser Action [closeCurrentWindow] successfully performed. @06-05-2021 01:57:02.0322 AM
[ReportManager] Successfully created attachment [Browser Action Test Data - closeCurrentWindow - Actual Value] @06-05-2021 01:57:02.0323 A
[ReportManager] File Action [getAbsolutePath] successfully performed. With the following test data [Relative Folder Path: "target/downloadedFiles/"]. @06-05-2021 01:57:02.0327 AM
[ReportManager] Attempting to run remotely on: [Linux-64], [GoogleChrome], [http://localhost:4444/wd/hub], Headless Execution. @06-05-2021 01:57:02.0327 AM
[ReportManager] Successfully Opened [GoogleChrome]. @06-05-2021 01:57:02.0555 AM
[ReportManager] Target URL: [https://www.google.com/ncr], and after redirection: [www.google.com] @06-05-2021 01:57:02.0588 AM
[ReportManager] Initial URL: [data:,] @06-05-2021 01:57:02.0628 AM
[ReportManager] Browser Action [navigateToURL] successfully performed. With the following test data [https://www.google.com/ncr]. @06-05-2021 01:57:03.0502 A

################################################################################################################################################
Starting Execution:	[85 out of 137] test cases in the current suite
Test Method:		[unitTests.tests_validations_assertions.assertElementAttribute_false_regexComparison_expectedToPass]
################################################################################################################################################
[ReportManager] Element Action [type] successfully performed. With the following test data [Automation123]. @06-05-2021 01:57:04.0094 AM
[ReportManager] Element Action [getText] successfully performed. With the following test data [Automation123]. @06-05-2021 01:57:04.0198 AM
[ReportManager] Loaded Shared OpenCV @06-05-2021 01:57:04.0343 AM
[ReportManager] AssertElementAttribute PASSED; Expected [Value Should not be 'Automation' for the 'text' attribute, element locator 'By.name: q'] and Actual [Automation123]. Comparison Type [MATCHES]. Validation Type [NEGATIVE]. @06-05-2021 01:57:04.0417 AM
[ReportManager] Successfully created attachment [Screenshot - 1620266224343_assertElementAttribute_false_regexComparison_expectedToPass_AssertElementAttribute_passed] @06-05-2021 01:57:04.0418 A
[ReportManager] Successfully created attachment [Selenium WebDriver Logs - server] @06-05-2021 01:57:04.0500 AM
[ReportManager] Successfully created attachment [Selenium WebDriver Logs - performance] @06-05-2021 01:57:04.0593 AM
[ReportManager] Successfully created attachment [Selenium WebDriver Logs - driver] @06-05-2021 01:57:04.0749 AM
[ReportManager] Browser Action [closeCurrentWindow] successfully performed. @06-05-2021 01:57:04.0807 AM
[ReportManager] Successfully created attachment [Browser Action Test Data - closeCurrentWindow - Actual Value] @06-05-2021 01:57:04.0808 A
[ReportManager] File Action [getAbsolutePath] successfully performed. With the following test data [Relative Folder Path: "target/downloadedFiles/"]. @06-05-2021 01:57:04.0813 AM
[ReportManager] Attempting to run remotely on: [Linux-64], [GoogleChrome], [http://localhost:4444/wd/hub], Headless Execution. @06-05-2021 01:57:04.0814 AM
[ReportManager] Successfully Opened [GoogleChrome]. @06-05-2021 01:57:05.0047 AM
[ReportManager] Target URL: [https://www.google.com/ncr], and after redirection: [www.google.com] @06-05-2021 01:57:05.0058 AM
[ReportManager] Initial URL: [data:,] @06-05-2021 01:57:05.0098 AM
[ReportManager] Browser Action [navigateToURL] successfully performed. With the following test data [https://www.google.com/ncr]. @06-05-2021 01:57:05.0989 A

################################################################################################################################################
Starting Execution:	[86 out of 137] test cases in the current suite
Test Method:		[unitTests.tests_validations_assertions.assertElementAttribute_true_caseInsensitiveComparison_expectedToFail]
################################################################################################################################################
[ReportManager] Element Action [type] successfully performed. With the following test data [AUTOMATION]. @06-05-2021 01:57:06.0526 AM
[ReportManager] Element Action [getText] successfully performed. With the following test data [AUTOMATION]. @06-05-2021 01:57:06.0630 AM
[ReportManager] Loaded Shared OpenCV @06-05-2021 01:57:06.0784 AM
[ReportManager] AssertElementAttribute FAILED; Expected [Value Should be 'AutomaTion123' for the 'text' attribute, element locator 'By.name: q'] and Actual [AUTOMATION]. Comparison Type [CASE_INSENSITIVE]. Validation Type [POSITIVE]. @06-05-2021 01:57:06.0858 AM
[ReportManager] Successfully created attachment [Screenshot - 1620266226784_assertElementAttribute_true_caseInsensitiveComparison_expectedToFail_AssertElementAttribute_failed] @06-05-2021 01:57:06.0859 A
[ReportManager] Successfully created attachment [Selenium WebDriver Logs - server] @06-05-2021 01:57:06.0946 AM
[ReportManager] Successfully created attachment [Selenium WebDriver Logs - performance] @06-05-2021 01:57:07.0023 AM
[ReportManager] Successfully created attachment [Selenium WebDriver Logs - driver] @06-05-2021 01:57:07.0149 AM
[ReportManager] Browser Action [closeCurrentWindow] successfully performed. @06-05-2021 01:57:07.0208 AM
[ReportManager] Successfully created attachment [Browser Action Test Data - closeCurrentWindow - Actual Value] @06-05-2021 01:57:07.0209 A
[ReportManager] File Action [getAbsolutePath] successfully performed. With the following test data [Relative Folder Path: "target/downloadedFiles/"]. @06-05-2021 01:57:07.0212 AM
[ReportManager] Attempting to run remotely on: [Linux-64], [GoogleChrome], [http://localhost:4444/wd/hub], Headless Execution. @06-05-2021 01:57:07.0212 AM
[ReportManager] Successfully Opened [GoogleChrome]. @06-05-2021 01:57:07.0445 AM
[ReportManager] Target URL: [https://www.google.com/ncr], and after redirection: [www.google.com] @06-05-2021 01:57:07.0455 AM
[ReportManager] Initial URL: [data:,] @06-05-2021 01:57:07.0493 AM
[ReportManager] Browser Action [navigateToURL] successfully performed. With the following test data [https://www.google.com/ncr]. @06-05-2021 01:57:08.0406 A

################################################################################################################################################
Starting Execution:	[87 out of 137] test cases in the current suite
Test Method:		[unitTests.tests_validations_assertions.assertElementAttribute_true_caseInsensitiveComparison_expectedToPass]
################################################################################################################################################
[ReportManager] Element Action [type] successfully performed. With the following test data [AUTOMATION]. @06-05-2021 01:57:08.0954 AM
[ReportManager] Element Action [getText] successfully performed. With the following test data [AUTOMATION]. @06-05-2021 01:57:09.0057 AM
[ReportManager] Loaded Shared OpenCV @06-05-2021 01:57:09.0218 AM
[ReportManager] AssertElementAttribute PASSED; Expected [Value Should be 'AutomaTion' for the 'text' attribute, element locator 'By.name: q'] and Actual [AUTOMATION]. Comparison Type [CASE_INSENSITIVE]. Validation Type [POSITIVE]. @06-05-2021 01:57:09.0292 AM
[ReportManager] Successfully created attachment [Screenshot - 1620266229218_assertElementAttribute_true_caseInsensitiveComparison_expectedToPass_AssertElementAttribute_passed] @06-05-2021 01:57:09.0294 A
[ReportManager] Successfully created attachment [Selenium WebDriver Logs - server] @06-05-2021 01:57:09.0381 AM
[ReportManager] Successfully created attachment [Selenium WebDriver Logs - performance] @06-05-2021 01:57:09.0466 AM
[ReportManager] Successfully created attachment [Selenium WebDriver Logs - driver] @06-05-2021 01:57:09.0596 AM
[ReportManager] Browser Action [closeCurrentWindow] successfully performed. @06-05-2021 01:57:09.0660 AM
[ReportManager] Successfully created attachment [Browser Action Test Data - closeCurrentWindow - Actual Value] @06-05-2021 01:57:09.0661 A
[ReportManager] File Action [getAbsolutePath] successfully performed. With the following test data [Relative Folder Path: "target/downloadedFiles/"]. @06-05-2021 01:57:09.0663 AM
[ReportManager] Attempting to run remotely on: [Linux-64], [GoogleChrome], [http://localhost:4444/wd/hub], Headless Execution. @06-05-2021 01:57:09.0663 AM
[ReportManager] Successfully Opened [GoogleChrome]. @06-05-2021 01:57:09.0900 AM
[ReportManager] Target URL: [https://www.google.com/ncr], and after redirection: [www.google.com] @06-05-2021 01:57:09.0910 AM
[ReportManager] Initial URL: [data:,] @06-05-2021 01:57:09.0949 AM
[ReportManager] Browser Action [navigateToURL] successfully performed. With the following test data [https://www.google.com/ncr]. @06-05-2021 01:57:10.0793 A

################################################################################################################################################
Starting Execution:	[88 out of 137] test cases in the current suite
Test Method:		[unitTests.tests_validations_assertions.assertElementAttribute_true_containsComparison_expectedToFail]
################################################################################################################################################
[ReportManager] Element Action [type] successfully performed. With the following test data [Automation123]. @06-05-2021 01:57:11.0438 AM
[ReportManager] Element Action [getText] successfully performed. With the following test data [Automation123]. @06-05-2021 01:57:11.0534 AM
[ReportManager] Loaded Shared OpenCV @06-05-2021 01:57:11.0702 AM
[ReportManager] AssertElementAttribute FAILED; Expected [Value Should be 'Automation1234' for the 'text' attribute, element locator 'By.name: q'] and Actual [Automation123]. Comparison Type [CONTAINS]. Validation Type [POSITIVE]. @06-05-2021 01:57:11.0773 AM
[ReportManager] Successfully created attachment [Screenshot - 1620266231701_assertElementAttribute_true_containsComparison_expectedToFail_AssertElementAttribute_failed] @06-05-2021 01:57:11.0774 A
[ReportManager] Successfully created attachment [Selenium WebDriver Logs - server] @06-05-2021 01:57:11.0856 AM
[ReportManager] Successfully created attachment [Selenium WebDriver Logs - performance] @06-05-2021 01:57:11.0945 AM
[ReportManager] Successfully created attachment [Selenium WebDriver Logs - driver] @06-05-2021 01:57:12.0078 AM
[ReportManager] Browser Action [closeCurrentWindow] successfully performed. @06-05-2021 01:57:12.0135 AM
[ReportManager] Successfully created attachment [Browser Action Test Data - closeCurrentWindow - Actual Value] @06-05-2021 01:57:12.0135 A
[ReportManager] File Action [getAbsolutePath] successfully performed. With the following test data [Relative Folder Path: "target/downloadedFiles/"]. @06-05-2021 01:57:12.0138 AM
[ReportManager] Attempting to run remotely on: [Linux-64], [GoogleChrome], [http://localhost:4444/wd/hub], Headless Execution. @06-05-2021 01:57:12.0138 AM
[ReportManager] Successfully Opened [GoogleChrome]. @06-05-2021 01:57:12.0354 AM
[ReportManager] Target URL: [https://www.google.com/ncr], and after redirection: [www.google.com] @06-05-2021 01:57:12.0365 AM
[ReportManager] Initial URL: [data:,] @06-05-2021 01:57:12.0480 AM
[ReportManager] Browser Action [navigateToURL] successfully performed. With the following test data [https://www.google.com/ncr]. @06-05-2021 01:57:13.0371 A

################################################################################################################################################
Starting Execution:	[89 out of 137] test cases in the current suite
Test Method:		[unitTests.tests_validations_assertions.assertElementAttribute_true_containsComparison_expectedToPass]
################################################################################################################################################
[ReportManager] Element Action [type] successfully performed. With the following test data [Automation123]. @06-05-2021 01:57:13.0990 AM
[ReportManager] Element Action [getText] successfully performed. With the following test data [Automation123]. @06-05-2021 01:57:14.0108 AM
[ReportManager] Loaded Shared OpenCV @06-05-2021 01:57:14.0260 AM
[ReportManager] AssertElementAttribute PASSED; Expected [Value Should be 'Automation' for the 'text' attribute, element locator 'By.name: q'] and Actual [Automation123]. Comparison Type [CONTAINS]. Validation Type [POSITIVE]. @06-05-2021 01:57:14.0336 AM
[ReportManager] Successfully created attachment [Screenshot - 1620266234260_assertElementAttribute_true_containsComparison_expectedToPass_AssertElementAttribute_passed] @06-05-2021 01:57:14.0337 A
[ReportManager] Successfully created attachment [Selenium WebDriver Logs - server] @06-05-2021 01:57:14.0432 AM
[ReportManager] Successfully created attachment [Selenium WebDriver Logs - performance] @06-05-2021 01:57:14.0519 AM
[ReportManager] Successfully created attachment [Selenium WebDriver Logs - driver] @06-05-2021 01:57:14.0643 AM
[ReportManager] Browser Action [closeCurrentWindow] successfully performed. @06-05-2021 01:57:14.0700 AM
[ReportManager] Successfully created attachment [Browser Action Test Data - closeCurrentWindow - Actual Value] @06-05-2021 01:57:14.0701 A
[ReportManager] File Action [getAbsolutePath] successfully performed. With the following test data [Relative Folder Path: "target/downloadedFiles/"]. @06-05-2021 01:57:14.0704 AM
[ReportManager] Attempting to run remotely on: [Linux-64], [GoogleChrome], [http://localhost:4444/wd/hub], Headless Execution. @06-05-2021 01:57:14.0705 AM
[ReportManager] Successfully Opened [GoogleChrome]. @06-05-2021 01:57:14.0952 AM
[ReportManager] Target URL: [https://www.google.com/ncr], and after redirection: [www.google.com] @06-05-2021 01:57:14.0963 AM
[ReportManager] Initial URL: [data:,] @06-05-2021 01:57:15.0002 AM
[ReportManager] Browser Action [navigateToURL] successfully performed. With the following test data [https://www.google.com/ncr]. @06-05-2021 01:57:15.0908 A

################################################################################################################################################
Starting Execution:	[90 out of 137] test cases in the current suite
Test Method:		[unitTests.tests_validations_assertions.assertElementAttribute_true_literalComparison_expectedToFail]
################################################################################################################################################
[ReportManager] Element Action [type] successfully performed. With the following test data [Automation!@#$%^&*()_+{}[]\';/.,]. @06-05-2021 01:57:17.0236 AM
[ReportManager] Element Action [getText] successfully performed. With the following test data [Automation!@#$%^&*()_+{}[]\';/.,]. @06-05-2021 01:57:17.0338 AM
[ReportManager] Loaded Shared OpenCV @06-05-2021 01:57:17.0483 AM
[ReportManager] AssertElementAttribute FAILED; Expected [Value Should be 'Automation' for the 'text' attribute, element locator 'By.name: q'] and Actual [Automation!@#$%^&*()_+{}[]\';/.,]. Comparison Type [EQUALS]. Validation Type [POSITIVE]. @06-05-2021 01:57:17.0557 AM
[ReportManager] Successfully created attachment [Screenshot - 1620266237483_assertElementAttribute_true_literalComparison_expectedToFail_AssertElementAttribute_failed] @06-05-2021 01:57:17.0558 A
[ReportManager] Successfully created attachment [Selenium WebDriver Logs - server] @06-05-2021 01:57:17.0645 AM
[ReportManager] Successfully created attachment [Selenium WebDriver Logs - performance] @06-05-2021 01:57:17.0808 AM
[ReportManager] Successfully created attachment [Selenium WebDriver Logs - driver] @06-05-2021 01:57:17.0981 AM
[ReportManager] Browser Action [closeCurrentWindow] successfully performed. @06-05-2021 01:57:18.0041 AM
[ReportManager] Successfully created attachment [Browser Action Test Data - closeCurrentWindow - Actual Value] @06-05-2021 01:57:18.0042 A
[ReportManager] File Action [getAbsolutePath] successfully performed. With the following test data [Relative Folder Path: "target/downloadedFiles/"]. @06-05-2021 01:57:18.0044 AM
[ReportManager] Attempting to run remotely on: [Linux-64], [GoogleChrome], [http://localhost:4444/wd/hub], Headless Execution. @06-05-2021 01:57:18.0045 AM
[ReportManager] Successfully Opened [GoogleChrome]. @06-05-2021 01:57:18.0312 AM
[ReportManager] Target URL: [https://www.google.com/ncr], and after redirection: [www.google.com] @06-05-2021 01:57:18.0322 AM
[ReportManager] Initial URL: [data:,] @06-05-2021 01:57:18.0367 AM
[ReportManager] Browser Action [navigateToURL] successfully performed. With the following test data [https://www.google.com/ncr]. @06-05-2021 01:57:19.0353 A

################################################################################################################################################
Starting Execution:	[91 out of 137] test cases in the current suite
Test Method:		[unitTests.tests_validations_assertions.assertElementAttribute_true_literalComparison_expectedToPass]
################################################################################################################################################
[ReportManager] Element Action [type] successfully performed. With the following test data [Automation!@#$%^&*()_+{}[]\';/.,]. @06-05-2021 01:57:20.0686 AM
[ReportManager] Element Action [getText] successfully performed. With the following test data [Automation!@#$%^&*()_+{}[]\';/.,]. @06-05-2021 01:57:20.0797 AM
[ReportManager] Loaded Shared OpenCV @06-05-2021 01:57:20.0954 AM
[ReportManager] AssertElementAttribute PASSED; Expected [Value Should be 'Automation!@#$%^&*()_+{}[]\';/.,' for the 'text' attribute, element locator 'By.name: q'] and Actual [Automation!@#$%^&*()_+{}[]\';/.,]. Comparison Type [EQUALS]. Validation Type [POSITIVE]. @06-05-2021 01:57:21.0032 AM
[ReportManager] Successfully created attachment [Screenshot - 1620266240954_assertElementAttribute_true_literalComparison_expectedToPass_AssertElementAttribute_passed] @06-05-2021 01:57:21.0033 A
[ReportManager] Successfully created attachment [Selenium WebDriver Logs - server] @06-05-2021 01:57:21.0122 AM
[ReportManager] Successfully created attachment [Selenium WebDriver Logs - performance] @06-05-2021 01:57:21.0295 AM
[ReportManager] Successfully created attachment [Selenium WebDriver Logs - driver] @06-05-2021 01:57:21.0497 AM
[ReportManager] Browser Action [closeCurrentWindow] successfully performed. @06-05-2021 01:57:21.0556 AM
[ReportManager] Successfully created attachment [Browser Action Test Data - closeCurrentWindow - Actual Value] @06-05-2021 01:57:21.0562 A
[ReportManager] File Action [getAbsolutePath] successfully performed. With the following test data [Relative Folder Path: "target/downloadedFiles/"]. @06-05-2021 01:57:21.0567 AM
[ReportManager] Attempting to run remotely on: [Linux-64], [GoogleChrome], [http://localhost:4444/wd/hub], Headless Execution. @06-05-2021 01:57:21.0567 AM
[ReportManager] Successfully Opened [GoogleChrome]. @06-05-2021 01:57:21.0818 AM
[ReportManager] Target URL: [https://www.google.com/ncr], and after redirection: [www.google.com] @06-05-2021 01:57:21.0830 AM
[ReportManager] Initial URL: [data:,] @06-05-2021 01:57:21.0871 AM
[ReportManager] Browser Action [navigateToURL] successfully performed. With the following test data [https://www.google.com/ncr]. @06-05-2021 01:57:22.0793 A

################################################################################################################################################
Starting Execution:	[92 out of 137] test cases in the current suite
Test Method:		[unitTests.tests_validations_assertions.assertElementAttribute_true_regexComparison_expectedToFail]
################################################################################################################################################
[ReportManager] Element Action [type] successfully performed. With the following test data [Automation123]. @06-05-2021 01:57:23.0397 AM
[ReportManager] Element Action [getText] successfully performed. With the following test data [Automation123]. @06-05-2021 01:57:23.0496 AM
[ReportManager] Loaded Shared OpenCV @06-05-2021 01:57:23.0641 AM
[ReportManager] AssertElementAttribute FAILED; Expected [Value Should be 'Automation' for the 'text' attribute, element locator 'By.name: q'] and Actual [Automation123]. Comparison Type [MATCHES]. Validation Type [POSITIVE]. @06-05-2021 01:57:23.0709 AM
[ReportManager] Successfully created attachment [Screenshot - 1620266243641_assertElementAttribute_true_regexComparison_expectedToFail_AssertElementAttribute_failed] @06-05-2021 01:57:23.0710 A
[ReportManager] Successfully created attachment [Selenium WebDriver Logs - server] @06-05-2021 01:57:23.0787 AM
[ReportManager] Successfully created attachment [Selenium WebDriver Logs - performance] @06-05-2021 01:57:23.0881 AM
[ReportManager] Successfully created attachment [Selenium WebDriver Logs - driver] @06-05-2021 01:57:24.0011 AM
[ReportManager] Browser Action [closeCurrentWindow] successfully performed. @06-05-2021 01:57:24.0067 AM
[ReportManager] Successfully created attachment [Browser Action Test Data - closeCurrentWindow - Actual Value] @06-05-2021 01:57:24.0068 A
[ReportManager] File Action [getAbsolutePath] successfully performed. With the following test data [Relative Folder Path: "target/downloadedFiles/"]. @06-05-2021 01:57:24.0071 AM
[ReportManager] Attempting to run remotely on: [Linux-64], [GoogleChrome], [http://localhost:4444/wd/hub], Headless Execution. @06-05-2021 01:57:24.0071 AM
[ReportManager] Successfully Opened [GoogleChrome]. @06-05-2021 01:57:24.0328 AM
[ReportManager] Target URL: [https://www.google.com/ncr], and after redirection: [www.google.com] @06-05-2021 01:57:24.0341 AM
[ReportManager] Initial URL: [data:,] @06-05-2021 01:57:24.0383 AM
[ReportManager] Browser Action [navigateToURL] successfully performed. With the following test data [https://www.google.com/ncr]. @06-05-2021 01:57:25.0292 A

################################################################################################################################################
Starting Execution:	[93 out of 137] test cases in the current suite
Test Method:		[unitTests.tests_validations_assertions.assertElementAttribute_true_regexComparison_expectedToPass]
################################################################################################################################################
[ReportManager] Element Action [type] successfully performed. With the following test data [Automation123]. @06-05-2021 01:57:25.0867 AM
[ReportManager] Element Action [getText] successfully performed. With the following test data [Automation123]. @06-05-2021 01:57:25.0979 AM
[ReportManager] Loaded Shared OpenCV @06-05-2021 01:57:26.0124 AM
[ReportManager] AssertElementAttribute PASSED; Expected [Value Should be 'Automation.*' for the 'text' attribute, element locator 'By.name: q'] and Actual [Automation123]. Comparison Type [MATCHES]. Validation Type [POSITIVE]. @06-05-2021 01:57:26.0193 AM
[ReportManager] Successfully created attachment [Screenshot - 1620266246124_assertElementAttribute_true_regexComparison_expectedToPass_AssertElementAttribute_passed] @06-05-2021 01:57:26.0194 A
[ReportManager] Successfully created attachment [Selenium WebDriver Logs - server] @06-05-2021 01:57:26.0283 AM
[ReportManager] Successfully created attachment [Selenium WebDriver Logs - performance] @06-05-2021 01:57:26.0383 AM
[ReportManager] Successfully created attachment [Selenium WebDriver Logs - driver] @06-05-2021 01:57:26.0515 AM
[ReportManager] Browser Action [closeCurrentWindow] successfully performed. @06-05-2021 01:57:26.0572 AM
[ReportManager] Successfully created attachment [Browser Action Test Data - closeCurrentWindow - Actual Value] @06-05-2021 01:57:26.0573 A
[ReportManager] File Action [getAbsolutePath] successfully performed. With the following test data [Relative Folder Path: "target/downloadedFiles/"]. @06-05-2021 01:57:26.0576 AM
[ReportManager] Attempting to run remotely on: [Linux-64], [GoogleChrome], [http://localhost:4444/wd/hub], Headless Execution. @06-05-2021 01:57:26.0576 AM
[ReportManager] Successfully Opened [GoogleChrome]. @06-05-2021 01:57:26.0847 AM
[ReportManager] Target URL: [https://www.google.com/ncr], and after redirection: [www.google.com] @06-05-2021 01:57:26.0861 AM
[ReportManager] Initial URL: [data:,] @06-05-2021 01:57:26.0904 AM
[ReportManager] Browser Action [navigateToURL] successfully performed. With the following test data [https://www.google.com/ncr]. @06-05-2021 01:57:27.0841 A

################################################################################################################################################
Starting Execution:	[94 out of 137] test cases in the current suite
Test Method:		[unitTests.tests_validations_assertions.assertElementAttribute_type_true_literalComparison_expectedToPass]
################################################################################################################################################
[ReportManager] Element Action [type] successfully performed. With the following test data [Automation!@#$%^&*()_+{}[]\';/.,]. @06-05-2021 01:57:29.0181 AM
[ReportManager] Element Action [getText] successfully performed. With the following test data [Automation!@#$%^&*()_+{}[]\';/.,]. @06-05-2021 01:57:29.0294 AM
[ReportManager] Loaded Shared OpenCV @06-05-2021 01:57:29.0433 AM
[ReportManager] AssertElementAttribute PASSED; Expected [Value Should be 'Automation!@#$%^&*()_+{}[]\';/.,' for the 'text' attribute, element locator 'By.name: q'] and Actual [Automation!@#$%^&*()_+{}[]\';/.,]. Comparison Type [EQUALS]. Validation Type [POSITIVE]. @06-05-2021 01:57:29.0513 AM
[ReportManager] Successfully created attachment [Screenshot - 1620266249433_assertElementAttribute_type_true_literalComparison_expectedToPass_AssertElementAttribute_passed] @06-05-2021 01:57:29.0514 A
[ReportManager] Successfully created attachment [Selenium WebDriver Logs - server] @06-05-2021 01:57:29.0593 AM
[ReportManager] Successfully created attachment [Selenium WebDriver Logs - performance] @06-05-2021 01:57:29.0753 AM
[ReportManager] Successfully created attachment [Selenium WebDriver Logs - driver] @06-05-2021 01:57:29.0938 AM
[ReportManager] Browser Action [closeCurrentWindow] successfully performed. @06-05-2021 01:57:29.0995 AM
[ReportManager] Successfully created attachment [Browser Action Test Data - closeCurrentWindow - Actual Value] @06-05-2021 01:57:29.0995 A
[ReportManager] File Action [getAbsolutePath] successfully performed. With the following test data [Relative Folder Path: "target/downloadedFiles/"]. @06-05-2021 01:57:29.0998 AM
[ReportManager] Attempting to run remotely on: [Linux-64], [GoogleChrome], [http://localhost:4444/wd/hub], Headless Execution. @06-05-2021 01:57:29.0998 AM
[ReportManager] Successfully Opened [GoogleChrome]. @06-05-2021 01:57:30.0227 AM
[ReportManager] Target URL: [https://www.google.com/ncr], and after redirection: [www.google.com] @06-05-2021 01:57:30.0238 AM
[ReportManager] Initial URL: [data:,] @06-05-2021 01:57:30.0280 AM
[ReportManager] Browser Action [navigateToURL] successfully performed. With the following test data [https://www.google.com/ncr]. @06-05-2021 01:57:31.0207 A

################################################################################################################################################
Starting Execution:	[95 out of 137] test cases in the current suite
Test Method:		[unitTests.tests_validations_assertions.assertElementExists_false_expectedToFail]
################################################################################################################################################
[ReportManager] AssertElementExists PASSED; Expected [Element Should not Exist, locator 'By.id: hplogo'] and Actual [Element Doesn't Exists]. Comparison Type [EQUALS]. Validation Type [NEGATIVE]. @06-05-2021 01:57:41.0576 AM
[ReportManager] Successfully created attachment [Screenshot - 1620266261520_assertElementExists_false_expectedToFail_AssertElementExists_passed] @06-05-2021 01:57:41.0577 A
[ReportManager] Successfully created attachment [Selenium WebDriver Logs - server] @06-05-2021 01:57:41.0658 AM
[ReportManager] Successfully created attachment [Selenium WebDriver Logs - performance] @06-05-2021 01:57:41.0694 AM
[ReportManager] Successfully created attachment [Selenium WebDriver Logs - driver] @06-05-2021 01:57:41.0777 AM
[ReportManager] Browser Action [closeCurrentWindow] successfully performed. @06-05-2021 01:57:41.0835 AM
[ReportManager] Successfully created attachment [Browser Action Test Data - closeCurrentWindow - Actual Value] @06-05-2021 01:57:41.0835 A
[ReportManager] File Action [getAbsolutePath] successfully performed. With the following test data [Relative Folder Path: "target/downloadedFiles/"]. @06-05-2021 01:57:41.0839 AM
[ReportManager] Attempting to run remotely on: [Linux-64], [GoogleChrome], [http://localhost:4444/wd/hub], Headless Execution. @06-05-2021 01:57:41.0839 AM
[ReportManager] Successfully Opened [GoogleChrome]. @06-05-2021 01:57:42.0088 AM
[ReportManager] Target URL: [https://www.google.com/ncr], and after redirection: [www.google.com] @06-05-2021 01:57:42.0116 AM
[ReportManager] Initial URL: [data:,] @06-05-2021 01:57:42.0155 AM
[ReportManager] Browser Action [navigateToURL] successfully performed. With the following test data [https://www.google.com/ncr]. @06-05-2021 01:57:43.0046 A

################################################################################################################################################
Starting Execution:	[96 out of 137] test cases in the current suite
Test Method:		[unitTests.tests_validations_assertions.assertElementExists_false_expectedToPass]
################################################################################################################################################
[ReportManager] AssertElementExists PASSED; Expected [Element Should not Exist, locator 'By.id: fakeElement'] and Actual [Element Doesn't Exists]. Comparison Type [EQUALS]. Validation Type [NEGATIVE]. @06-05-2021 01:57:53.0401 AM
[ReportManager] Successfully created attachment [Screenshot - 1620266273340_assertElementExists_false_expectedToPass_AssertElementExists_passed] @06-05-2021 01:57:53.0401 A
[ReportManager] Successfully created attachment [Selenium WebDriver Logs - server] @06-05-2021 01:57:53.0486 AM
[ReportManager] Successfully created attachment [Selenium WebDriver Logs - performance] @06-05-2021 01:57:53.0524 AM
[ReportManager] Successfully created attachment [Selenium WebDriver Logs - driver] @06-05-2021 01:57:53.0607 AM
[ReportManager] Browser Action [closeCurrentWindow] successfully performed. @06-05-2021 01:57:53.0664 AM
[ReportManager] Successfully created attachment [Browser Action Test Data - closeCurrentWindow - Actual Value] @06-05-2021 01:57:53.0665 A
[ReportManager] File Action [getAbsolutePath] successfully performed. With the following test data [Relative Folder Path: "target/downloadedFiles/"]. @06-05-2021 01:57:53.0667 AM
[ReportManager] Attempting to run remotely on: [Linux-64], [GoogleChrome], [http://localhost:4444/wd/hub], Headless Execution. @06-05-2021 01:57:53.0667 AM
[ReportManager] Successfully Opened [GoogleChrome]. @06-05-2021 01:57:53.0911 AM
[ReportManager] Target URL: [https://www.google.com/ncr], and after redirection: [www.google.com] @06-05-2021 01:57:53.0922 AM
[ReportManager] Initial URL: [data:,] @06-05-2021 01:57:53.0968 AM
[ReportManager] Browser Action [navigateToURL] successfully performed. With the following test data [https://www.google.com/ncr]. @06-05-2021 01:57:54.0826 A

################################################################################################################################################
Starting Execution:	[97 out of 137] test cases in the current suite
Test Method:		[unitTests.tests_validations_assertions.assertElementExists_false_multipleElementsFound_expectedToFail]
################################################################################################################################################
[ReportManager] AssertElementExists FAILED; Expected [Element Should not Exist, locator 'By.xpath: //div'] and Actual [Element Exists but is not unique]. Comparison Type [EQUALS]. Validation Type [NEGATIVE]. @06-05-2021 01:57:55.0062 AM
[ReportManager] Successfully created attachment [Screenshot - 1620266275005_assertElementExists_false_multipleElementsFound_expectedToFail_AssertElementExists_failed] @06-05-2021 01:57:55.0063 A
[ReportManager] Successfully created attachment [Selenium WebDriver Logs - server] @06-05-2021 01:57:55.0146 AM
[ReportManager] Successfully created attachment [Selenium WebDriver Logs - performance] @06-05-2021 01:57:55.0183 AM
[ReportManager] Successfully created attachment [Selenium WebDriver Logs - driver] @06-05-2021 01:57:55.0260 AM
[ReportManager] Browser Action [closeCurrentWindow] successfully performed. @06-05-2021 01:57:55.0317 AM
[ReportManager] Successfully created attachment [Browser Action Test Data - closeCurrentWindow - Actual Value] @06-05-2021 01:57:55.0317 A
[ReportManager] File Action [getAbsolutePath] successfully performed. With the following test data [Relative Folder Path: "target/downloadedFiles/"]. @06-05-2021 01:57:55.0322 AM
[ReportManager] Attempting to run remotely on: [Linux-64], [GoogleChrome], [http://localhost:4444/wd/hub], Headless Execution. @06-05-2021 01:57:55.0322 AM
[ReportManager] Successfully Opened [GoogleChrome]. @06-05-2021 01:57:55.0551 AM
[ReportManager] Target URL: [https://www.google.com/ncr], and after redirection: [www.google.com] @06-05-2021 01:57:55.0561 AM
[ReportManager] Initial URL: [data:,] @06-05-2021 01:57:55.0601 AM
[ReportManager] Browser Action [navigateToURL] successfully performed. With the following test data [https://www.google.com/ncr]. @06-05-2021 01:57:56.0449 A

################################################################################################################################################
Starting Execution:	[98 out of 137] test cases in the current suite
Test Method:		[unitTests.tests_validations_assertions.assertElementExists_true_expectedToFail]
################################################################################################################################################
[ReportManager] AssertElementExists FAILED; Expected [Element Should Exist, locator 'By.id: fakeElement'] and Actual [Element Doesn't Exists]. Comparison Type [EQUALS]. Validation Type [POSITIVE]. @06-05-2021 01:58:27.0107 AM
[ReportManager] Successfully created attachment [Screenshot - 1620266307053_assertElementExists_true_expectedToFail_AssertElementExists_failed] @06-05-2021 01:58:27.0108 A
[ReportManager] Successfully created attachment [Selenium WebDriver Logs - server] @06-05-2021 01:58:27.0183 AM
[ReportManager] Successfully created attachment [Selenium WebDriver Logs - performance] @06-05-2021 01:58:27.0218 AM
[ReportManager] Successfully created attachment [Selenium WebDriver Logs - driver] @06-05-2021 01:58:27.0326 AM
[ReportManager] Browser Action [closeCurrentWindow] successfully performed. @06-05-2021 01:58:27.0385 AM
[ReportManager] Successfully created attachment [Browser Action Test Data - closeCurrentWindow - Actual Value] @06-05-2021 01:58:27.0385 A
[ReportManager] File Action [getAbsolutePath] successfully performed. With the following test data [Relative Folder Path: "target/downloadedFiles/"]. @06-05-2021 01:58:27.0388 AM
[ReportManager] Attempting to run remotely on: [Linux-64], [GoogleChrome], [http://localhost:4444/wd/hub], Headless Execution. @06-05-2021 01:58:27.0388 AM
[ReportManager] Successfully Opened [GoogleChrome]. @06-05-2021 01:58:27.0630 AM
[ReportManager] Target URL: [https://www.google.com/ncr], and after redirection: [www.google.com] @06-05-2021 01:58:27.0642 AM
[ReportManager] Initial URL: [data:,] @06-05-2021 01:58:27.0685 AM
[ReportManager] Browser Action [navigateToURL] successfully performed. With the following test data [https://www.google.com/ncr]. @06-05-2021 01:58:28.0561 A

################################################################################################################################################
Starting Execution:	[99 out of 137] test cases in the current suite
Test Method:		[unitTests.tests_validations_assertions.assertElementExists_true_expectedToPass]
################################################################################################################################################
[ReportManager] Loaded Shared OpenCV @06-05-2021 01:58:28.0753 AM
[ReportManager] AssertElementExists PASSED; Expected [Element Should Exist, locator 'By.xpath: //img[@id='hplogo' or @alt='Google']'] and Actual [Element Exists]. Comparison Type [EQUALS]. Validation Type [POSITIVE]. @06-05-2021 01:58:28.0823 AM
[ReportManager] Successfully created attachment [Screenshot - 1620266308753_assertElementExists_true_expectedToPass_AssertElementExists_passed] @06-05-2021 01:58:28.0824 A
[ReportManager] Successfully created attachment [Selenium WebDriver Logs - server] @06-05-2021 01:58:28.0906 AM
[ReportManager] Successfully created attachment [Selenium WebDriver Logs - performance] @06-05-2021 01:58:28.0943 AM
[ReportManager] Successfully created attachment [Selenium WebDriver Logs - driver] @06-05-2021 01:58:29.0019 AM
[ReportManager] Browser Action [closeCurrentWindow] successfully performed. @06-05-2021 01:58:29.0075 AM
[ReportManager] Successfully created attachment [Browser Action Test Data - closeCurrentWindow - Actual Value] @06-05-2021 01:58:29.0076 A
[ReportManager] File Action [getAbsolutePath] successfully performed. With the following test data [Relative Folder Path: "target/downloadedFiles/"]. @06-05-2021 01:58:29.0079 AM
[ReportManager] Attempting to run remotely on: [Linux-64], [GoogleChrome], [http://localhost:4444/wd/hub], Headless Execution. @06-05-2021 01:58:29.0081 AM
[ReportManager] Successfully Opened [GoogleChrome]. @06-05-2021 01:58:29.0318 AM
[ReportManager] Target URL: [https://www.google.com/ncr], and after redirection: [www.google.com] @06-05-2021 01:58:29.0337 AM
[ReportManager] Initial URL: [data:,] @06-05-2021 01:58:29.0378 AM
[ReportManager] Browser Action [navigateToURL] successfully performed. With the following test data [https://www.google.com/ncr]. @06-05-2021 01:58:30.0246 A

################################################################################################################################################
Starting Execution:	[100 out of 137] test cases in the current suite
Test Method:		[unitTests.tests_validations_assertions.assertElementExists_true_multipleElementsFound_expectedToFail]
################################################################################################################################################
[ReportManager] AssertElementExists FAILED; Expected [Element Should Exist, locator 'By.xpath: //div'] and Actual [Element Exists but is not unique]. Comparison Type [EQUALS]. Validation Type [POSITIVE]. @06-05-2021 01:58:30.0471 AM
[ReportManager] Successfully created attachment [Screenshot - 1620266310418_assertElementExists_true_multipleElementsFound_expectedToFail_AssertElementExists_failed] @06-05-2021 01:58:30.0472 A
[ReportManager] Successfully created attachment [Selenium WebDriver Logs - server] @06-05-2021 01:58:30.0548 AM
[ReportManager] Successfully created attachment [Selenium WebDriver Logs - performance] @06-05-2021 01:58:30.0584 AM
[ReportManager] Successfully created attachment [Selenium WebDriver Logs - driver] @06-05-2021 01:58:30.0662 AM
[ReportManager] Browser Action [closeCurrentWindow] successfully performed. @06-05-2021 01:58:30.0719 AM
[ReportManager] Successfully created attachment [Browser Action Test Data - closeCurrentWindow - Actual Value] @06-05-2021 01:58:30.0720 A

################################################################################################################################################
Starting Execution:	[101 out of 137] test cases in the current suite
Test Method:		[unitTests.tests_validations_assertions.assertEquals_false_expectedToFail]
################################################################################################################################################
[ReportManager] AssertEquals FAILED; Expected [1] and Actual [1]. Comparison Type [EQUALS]. Validation Type [NEGATIVE]. @06-05-2021 01:58:30.0723 A

################################################################################################################################################
Starting Execution:	[102 out of 137] test cases in the current suite
Test Method:		[unitTests.tests_validations_assertions.assertEquals_false_expectedToPass]
################################################################################################################################################
[ReportManager] AssertEquals PASSED; Expected [1] and Actual [2]. Comparison Type [EQUALS]. Validation Type [NEGATIVE]. @06-05-2021 01:58:30.0730 A

################################################################################################################################################
Starting Execution:	[103 out of 137] test cases in the current suite
Test Method:		[unitTests.tests_validations_assertions.assertEquals_longCharacters]
################################################################################################################################################
[ReportManager] VerifyEquals PASSED; Expected and Actual values are attached. Comparison Type [EQUALS]. Validation Type [POSITIVE]. @06-05-2021 01:58:30.0737 AM
[ReportManager] Successfully created attachment [Validation Test Data - Expected Value] @06-05-2021 01:58:30.0737 AM
[ReportManager] Successfully created attachment [Validation Test Data - Actual Value] @06-05-2021 01:58:30.0737 AM
[ReportManager] AssertEquals PASSED; Expected and Actual values are attached. Comparison Type [EQUALS]. Validation Type [POSITIVE]. @06-05-2021 01:58:30.0738 AM
[ReportManager] Successfully created attachment [Validation Test Data - Expected Value] @06-05-2021 01:58:30.0738 AM
[ReportManager] Successfully created attachment [Validation Test Data - Actual Value] @06-05-2021 01:58:30.0738 A

################################################################################################################################################
Starting Execution:	[104 out of 137] test cases in the current suite
Test Method:		[unitTests.tests_validations_assertions.assertEquals_longCharacters_Discreet]
################################################################################################################################################
[ReportManager] AssertEquals PASSED; Expected [1LH5pROcDBjjQk0t0mCr0lXuzQu9lcGj28kY8R1H81X67eVAQJgWQhILiRWVPUgZ6uCtK5cnBkF55Jr9vYngjGO1Iyf0Mktv6lruDlL9T8MAUPcUZJGHZtji6nIeadujDSNmWMj5d6C8zlFqw0CRqBU0hO5adIasHgBSNoLotAjce3NGXoDwAlp3rYreeV16VIyZXROQY] and Actual [1LH5pROcDBjjQk0t0mCr0lXuzQu9lcGj28kY8R1H81X67eVAQJgWQhILiRWVPUgZ6uCtK5cnBkF55Jr9vYngjGO1Iyf0Mktv6lruDlL9T8MAUPcUZJGHZtji6nIeadujDSNmWMj5d6C8zlFqw0CRqBU0hO5adIasHgBSNoLotAjce3NGXoDwAlp3rYreeV16VIyZXROQY]. Comparison Type [EQUALS]. Validation Type [POSITIVE]. @06-05-2021 01:58:30.0742 A

################################################################################################################################################
Starting Execution:	[105 out of 137] test cases in the current suite
Test Method:		[unitTests.tests_validations_assertions.assertEquals_true_expectedToFail]
################################################################################################################################################
[ReportManager] AssertEquals FAILED; Expected [1] and Actual [2]. Comparison Type [EQUALS]. Validation Type [POSITIVE]. @06-05-2021 01:58:30.0745 A

################################################################################################################################################
Starting Execution:	[106 out of 137] test cases in the current suite
Test Method:		[unitTests.tests_validations_assertions.assertEquals_true_expectedToPass]
Test Description:	[Assert that assertEquals works as expected when the two values are equal.]
################################################################################################################################################
[ReportManager] VerifyEquals PASSED; Expected [1] and Actual [1]. Comparison Type [EQUALS]. Validation Type [POSITIVE]. @06-05-2021 01:58:30.0749 AM
[ReportManager] AssertEquals PASSED; Expected [1] and Actual [1]. Comparison Type [EQUALS]. Validation Type [POSITIVE]. @06-05-2021 01:58:30.0749 A

################################################################################################################################################
Starting Execution:	[107 out of 137] test cases in the current suite
Test Method:		[unitTests.tests_validations_assertions.assertEquals_true_expectedToPass__]
################################################################################################################################################
[ReportManager] AssertEquals PASSED; Expected [1] and Actual [1]. Comparison Type [EQUALS]. Validation Type [POSITIVE]. @06-05-2021 01:58:30.0752 A

################################################################################################################################################
Starting Execution:	[108 out of 137] test cases in the current suite
Test Method:		[unitTests.tests_validations_assertions.assertFileExists_false_expectedToFail]
################################################################################################################################################
[ReportManager] File Action [doesFileExist] successfully performed. With the following test data [File Path: "src/main/java/com/shaft/gui/element/ElementActions.java"]. @06-05-2021 01:58:30.0757 AM
[ReportManager] AssertFileExists FAILED; Expected [File 'src/main/java/com/shaft/gui/element/ElementActions.java' should not exist, after up to '1' retries] and Actual [File exists]. Validation Type [NEGATIVE]. @06-05-2021 01:58:30.0757 A

################################################################################################################################################
Starting Execution:	[109 out of 137] test cases in the current suite
Test Method:		[unitTests.tests_validations_assertions.assertFileExists_false_expectedToPass]
################################################################################################################################################
[ReportManager] File Action [doesFileExist] successfully performed. With the following test data [File Path: "src/main/java/com/shaft/gui/element/ElementActions.java_fail"]. @06-05-2021 01:58:31.0261 AM
[ReportManager] AssertFileExists PASSED; Expected [File 'src/main/java/com/shaft/gui/element/ElementActions.java_fail' should not exist, after up to '1' retries] and Actual [File does not exist]. Validation Type [NEGATIVE]. @06-05-2021 01:58:31.0261 A

################################################################################################################################################
Starting Execution:	[110 out of 137] test cases in the current suite
Test Method:		[unitTests.tests_validations_assertions.assertFileExists_true_expectedToFail]
################################################################################################################################################
[ReportManager] File Action [doesFileExist] successfully performed. With the following test data [File Path: "src/main/java/com/shaft/gui/element/ElementActions.java_fail"]. @06-05-2021 01:58:31.0764 AM
[ReportManager] AssertFileExists FAILED; Expected [File 'src/main/java/com/shaft/gui/element/ElementActions.java_fail' should exist, after up to '1' retries] and Actual [File does not exist]. Validation Type [POSITIVE]. @06-05-2021 01:58:31.0765 A

################################################################################################################################################
Starting Execution:	[111 out of 137] test cases in the current suite
Test Method:		[unitTests.tests_validations_assertions.assertFileExists_true_expectedToPass]
################################################################################################################################################
[ReportManager] File Action [doesFileExist] successfully performed. With the following test data [File Path: "src/main/java/com/shaft/gui/element/ElementActions.java"]. @06-05-2021 01:58:31.0768 AM
[ReportManager] AssertFileExists PASSED; Expected [File 'src/main/java/com/shaft/gui/element/ElementActions.java' should exist, after up to '1' retries] and Actual [File exists]. Validation Type [POSITIVE]. @06-05-2021 01:58:31.0770 A

################################################################################################################################################
Starting Execution:	[112 out of 137] test cases in the current suite
Test Method:		[unitTests.tests_validations_assertions.assertNull_false_expectedToFail]
################################################################################################################################################
[ReportManager] AssertNull FAILED; Expected [NULL] and Actual [NULL]. Comparison Type [EQUALS]. Validation Type [NEGATIVE]. @06-05-2021 01:58:31.0772 A

################################################################################################################################################
Starting Execution:	[113 out of 137] test cases in the current suite
Test Method:		[unitTests.tests_validations_assertions.assertNull_false_expectedToPass]
################################################################################################################################################
[ReportManager] AssertNull PASSED; Expected [NULL] and Actual [1]. Comparison Type [EQUALS]. Validation Type [NEGATIVE]. @06-05-2021 01:58:31.0775 A

################################################################################################################################################
Starting Execution:	[114 out of 137] test cases in the current suite
Test Method:		[unitTests.tests_validations_assertions.assertNull_true_expectedToFail]
################################################################################################################################################
[ReportManager] AssertNull FAILED; Expected [NULL] and Actual [1]. Comparison Type [EQUALS]. Validation Type [POSITIVE]. @06-05-2021 01:58:31.0777 A

################################################################################################################################################
Starting Execution:	[115 out of 137] test cases in the current suite
Test Method:		[unitTests.tests_validations_assertions.assertNull_true_expectedToPass]
################################################################################################################################################
[ReportManager] AssertNull PASSED; Expected [NULL] and Actual [NULL]. Comparison Type [EQUALS]. Validation Type [POSITIVE]. @06-05-2021 01:58:31.0779 A
[ReportManager] File Action [getAbsolutePath] successfully performed. With the following test data [Relative Folder Path: "target/downloadedFiles/"]. @06-05-2021 01:58:31.0781 AM
[ReportManager] Attempting to run remotely on: [Linux-64], [GoogleChrome], [http://localhost:4444/wd/hub], Headless Execution. @06-05-2021 01:58:31.0781 AM
[ReportManager] Successfully Opened [GoogleChrome]. @06-05-2021 01:58:32.0017 AM
[ReportManager] Target URL: [https://duckduckgo.com] @06-05-2021 01:58:32.0029 AM
[ReportManager] Initial URL: [data:,] @06-05-2021 01:58:32.0069 AM
[ReportManager] Browser Action [navigateToURL] successfully performed. With the following test data [https://duckduckgo.com]. @06-05-2021 01:58:34.0011 A

################################################################################################################################################
Starting Execution:	[116 out of 137] test cases in the current suite
Test Method:		[unitTests.tests_browserActions.fullScreenWindow]
################################################################################################################################################
[ReportManager] Initial Windows Size: 800x600 @06-05-2021 01:58:34.0020 AM
[ReportManager] Initial window size: (800, 600) @06-05-2021 01:58:34.0022 AM
[ReportManager] Window size after Toolkit: (1920, 1080) @06-05-2021 01:58:34.0240 AM
[ReportManager] Browser Action [maximizeWindow] successfully performed. With the following test data [New screen size is now: (1920, 1080)]. @06-05-2021 01:58:34.0243 AM
[ReportManager] Current Windows Size after fullScreen: 1920x1080 @06-05-2021 01:58:34.0248 AM
[ReportManager] Browser Action [fullScreenWindow] successfully performed. @06-05-2021 01:58:34.0265 AM
[ReportManager] Successfully created attachment [Browser Action Test Data - fullScreenWindow - Actual Value] @06-05-2021 01:58:34.0266 A
[ReportManager] Target URL: [https://duckduckgo.com] @06-05-2021 01:58:34.0270 AM
[ReportManager] Initial URL: [https://duckduckgo.com] @06-05-2021 01:58:34.0335 AM
[ReportManager] Browser Action [navigateToURL] successfully performed. With the following test data [https://duckduckgo.com]. @06-05-2021 01:58:34.0878 AM
[ReportManager] Successfully created attachment [Selenium WebDriver Logs - server] @06-05-2021 01:58:34.0929 AM
[ReportManager] Successfully created attachment [Selenium WebDriver Logs - performance] @06-05-2021 01:58:35.0056 AM
[ReportManager] Successfully created attachment [Selenium WebDriver Logs - driver] @06-05-2021 01:58:35.0228 AM
[ReportManager] Browser Action [closeCurrentWindow] successfully performed. @06-05-2021 01:58:35.0286 AM
[ReportManager] Successfully created attachment [Browser Action Test Data - closeCurrentWindow - Actual Value] @06-05-2021 01:58:35.0286 A
[ReportManager] File Action [getAbsolutePath] successfully performed. With the following test data [Relative Folder Path: "target/downloadedFiles/"]. @06-05-2021 01:58:35.0290 AM
[ReportManager] Attempting to run remotely on: [Linux-64], [GoogleChrome], [http://localhost:4444/wd/hub], Headless Execution. @06-05-2021 01:58:35.0290 AM
[ReportManager] Successfully Opened [GoogleChrome]. @06-05-2021 01:58:35.0516 AM
[ReportManager] Target URL: [https://duckduckgo.com] @06-05-2021 01:58:35.0526 AM
[ReportManager] Initial URL: [data:,] @06-05-2021 01:58:35.0571 AM
[ReportManager] Browser Action [navigateToURL] successfully performed. With the following test data [https://duckduckgo.com]. @06-05-2021 01:58:36.0160 A

################################################################################################################################################
Starting Execution:	[117 out of 137] test cases in the current suite
Test Method:		[unitTests.tests_browserActions.getCurrentURL]
################################################################################################################################################
[ReportManager] Browser Action [getCurrentURL] successfully performed. With the following test data [https://duckduckgo.com/]. @06-05-2021 01:58:36.0218 A
[ReportManager] Target URL: [https://duckduckgo.com] @06-05-2021 01:58:36.0220 AM
[ReportManager] Initial URL: [https://duckduckgo.com] @06-05-2021 01:58:36.0281 AM
[ReportManager] Browser Action [navigateToURL] successfully performed. With the following test data [https://duckduckgo.com]. @06-05-2021 01:58:36.0659 AM
[ReportManager] Successfully created attachment [Selenium WebDriver Logs - server] @06-05-2021 01:58:36.0713 AM
[ReportManager] Successfully created attachment [Selenium WebDriver Logs - performance] @06-05-2021 01:58:36.0836 AM
[ReportManager] Successfully created attachment [Selenium WebDriver Logs - driver] @06-05-2021 01:58:36.0995 AM
[ReportManager] Browser Action [closeCurrentWindow] successfully performed. @06-05-2021 01:58:37.0051 AM
[ReportManager] Successfully created attachment [Browser Action Test Data - closeCurrentWindow - Actual Value] @06-05-2021 01:58:37.0052 A
[ReportManager] File Action [getAbsolutePath] successfully performed. With the following test data [Relative Folder Path: "target/downloadedFiles/"]. @06-05-2021 01:58:37.0056 AM
[ReportManager] Attempting to run remotely on: [Linux-64], [GoogleChrome], [http://localhost:4444/wd/hub], Headless Execution. @06-05-2021 01:58:37.0056 AM
[ReportManager] Successfully Opened [GoogleChrome]. @06-05-2021 01:58:37.0305 AM
[ReportManager] Target URL: [https://duckduckgo.com] @06-05-2021 01:58:37.0315 AM
[ReportManager] Initial URL: [data:,] @06-05-2021 01:58:37.0353 AM
[ReportManager] Browser Action [navigateToURL] successfully performed. With the following test data [https://duckduckgo.com]. @06-05-2021 01:58:37.0902 A

################################################################################################################################################
Starting Execution:	[118 out of 137] test cases in the current suite
Test Method:		[unitTests.tests_browserActions.getCurrentWindowTitle]
################################################################################################################################################
[ReportManager] Browser Action [getCurrentWindowTitle] successfully performed. With the following test data [DuckDuckGo  Privacy, simplified.]. @06-05-2021 01:58:37.0938 A
[ReportManager] Target URL: [https://duckduckgo.com] @06-05-2021 01:58:37.0940 AM
[ReportManager] Initial URL: [https://duckduckgo.com] @06-05-2021 01:58:38.0009 AM
[ReportManager] Browser Action [navigateToURL] successfully performed. With the following test data [https://duckduckgo.com]. @06-05-2021 01:58:38.0372 AM
[ReportManager] Successfully created attachment [Selenium WebDriver Logs - server] @06-05-2021 01:58:38.0423 AM
[ReportManager] Successfully created attachment [Selenium WebDriver Logs - performance] @06-05-2021 01:58:38.0543 AM
[ReportManager] Successfully created attachment [Selenium WebDriver Logs - driver] @06-05-2021 01:58:38.0712 AM
[ReportManager] Browser Action [closeCurrentWindow] successfully performed. @06-05-2021 01:58:38.0768 AM
[ReportManager] Successfully created attachment [Browser Action Test Data - closeCurrentWindow - Actual Value] @06-05-2021 01:58:38.0768 A
[ReportManager] File Action [getAbsolutePath] successfully performed. With the following test data [Relative Folder Path: "target/downloadedFiles/"]. @06-05-2021 01:58:38.0770 AM
[ReportManager] Attempting to run remotely on: [Linux-64], [GoogleChrome], [http://localhost:4444/wd/hub], Headless Execution. @06-05-2021 01:58:38.0770 AM
[ReportManager] Successfully Opened [GoogleChrome]. @06-05-2021 01:58:39.0006 AM
[ReportManager] Target URL: [https://duckduckgo.com] @06-05-2021 01:58:39.0016 AM
[ReportManager] Initial URL: [data:,] @06-05-2021 01:58:39.0054 AM
[ReportManager] Browser Action [navigateToURL] successfully performed. With the following test data [https://duckduckgo.com]. @06-05-2021 01:58:39.0600 A

################################################################################################################################################
Starting Execution:	[119 out of 137] test cases in the current suite
Test Method:		[unitTests.tests_browserActions.getPageSource]
################################################################################################################################################
[ReportManager] Browser Action [getPageSource] successfully performed. @06-05-2021 01:58:39.0665 AM
[ReportManager] Successfully created attachment [Browser Action Test Data - getPageSource - Actual Value] @06-05-2021 01:58:39.0666 A
[ReportManager] Target URL: [https://duckduckgo.com] @06-05-2021 01:58:39.0669 AM
[ReportManager] Initial URL: [https://duckduckgo.com] @06-05-2021 01:58:39.0736 AM
[ReportManager] Browser Action [navigateToURL] successfully performed. With the following test data [https://duckduckgo.com]. @06-05-2021 01:58:40.0101 AM
[ReportManager] Successfully created attachment [Selenium WebDriver Logs - server] @06-05-2021 01:58:40.0153 AM
[ReportManager] Successfully created attachment [Selenium WebDriver Logs - performance] @06-05-2021 01:58:40.0273 AM
[ReportManager] Successfully created attachment [Selenium WebDriver Logs - driver] @06-05-2021 01:58:40.0438 AM
[ReportManager] Browser Action [closeCurrentWindow] successfully performed. @06-05-2021 01:58:40.0495 AM
[ReportManager] Successfully created attachment [Browser Action Test Data - closeCurrentWindow - Actual Value] @06-05-2021 01:58:40.0495 A
[ReportManager] File Action [getAbsolutePath] successfully performed. With the following test data [Relative Folder Path: "target/downloadedFiles/"]. @06-05-2021 01:58:40.0497 AM
[ReportManager] Attempting to run remotely on: [Linux-64], [GoogleChrome], [http://localhost:4444/wd/hub], Headless Execution. @06-05-2021 01:58:40.0497 AM
[ReportManager] Successfully Opened [GoogleChrome]. @06-05-2021 01:58:40.0771 AM
[ReportManager] Target URL: [https://duckduckgo.com] @06-05-2021 01:58:40.0781 AM
[ReportManager] Initial URL: [data:,] @06-05-2021 01:58:40.0827 AM
[ReportManager] Browser Action [navigateToURL] successfully performed. With the following test data [https://duckduckgo.com]. @06-05-2021 01:58:41.0391 A

################################################################################################################################################
Starting Execution:	[120 out of 137] test cases in the current suite
Test Method:		[unitTests.tests_browserActions.getWindowHandle]
################################################################################################################################################
[ReportManager] Browser Action [getWindowHandle] successfully performed. With the following test data [CDwindow-974BF2B878DFA939CFFA30A1F7DB9814]. @06-05-2021 01:58:41.0448 A
[ReportManager] Target URL: [https://duckduckgo.com] @06-05-2021 01:58:41.0452 AM
[ReportManager] Initial URL: [https://duckduckgo.com] @06-05-2021 01:58:41.0503 AM
[ReportManager] Browser Action [navigateToURL] successfully performed. With the following test data [https://duckduckgo.com]. @06-05-2021 01:58:41.0901 AM
[ReportManager] Successfully created attachment [Selenium WebDriver Logs - server] @06-05-2021 01:58:41.0961 AM
[ReportManager] Successfully created attachment [Selenium WebDriver Logs - performance] @06-05-2021 01:58:42.0099 AM
[ReportManager] Successfully created attachment [Selenium WebDriver Logs - driver] @06-05-2021 01:58:42.0266 AM
[ReportManager] Browser Action [closeCurrentWindow] successfully performed. @06-05-2021 01:58:42.0326 AM
[ReportManager] Successfully created attachment [Browser Action Test Data - closeCurrentWindow - Actual Value] @06-05-2021 01:58:42.0326 A
[ReportManager] File Action [getAbsolutePath] successfully performed. With the following test data [Relative Folder Path: "target/downloadedFiles/"]. @06-05-2021 01:58:42.0328 AM
[ReportManager] Attempting to run remotely on: [Linux-64], [GoogleChrome], [http://localhost:4444/wd/hub], Headless Execution. @06-05-2021 01:58:42.0328 AM
[ReportManager] Successfully Opened [GoogleChrome]. @06-05-2021 01:58:42.0565 AM
[ReportManager] Target URL: [https://duckduckgo.com] @06-05-2021 01:58:42.0575 AM
[ReportManager] Initial URL: [data:,] @06-05-2021 01:58:42.0612 AM
[ReportManager] Browser Action [navigateToURL] successfully performed. With the following test data [https://duckduckgo.com]. @06-05-2021 01:58:43.0142 A

################################################################################################################################################
Starting Execution:	[121 out of 137] test cases in the current suite
Test Method:		[unitTests.tests_browserActions.getWindowPosition]
################################################################################################################################################
[ReportManager] Browser Action [getWindowPosition] successfully performed. With the following test data [(0, 0)]. @06-05-2021 01:58:43.0177 A
[ReportManager] Target URL: [https://duckduckgo.com] @06-05-2021 01:58:43.0180 AM
[ReportManager] Initial URL: [https://duckduckgo.com] @06-05-2021 01:58:43.0232 AM
[ReportManager] Browser Action [navigateToURL] successfully performed. With the following test data [https://duckduckgo.com]. @06-05-2021 01:58:43.0583 AM
[ReportManager] Successfully created attachment [Selenium WebDriver Logs - server] @06-05-2021 01:58:43.0630 AM
[ReportManager] Successfully created attachment [Selenium WebDriver Logs - performance] @06-05-2021 01:58:43.0744 AM
[ReportManager] Successfully created attachment [Selenium WebDriver Logs - driver] @06-05-2021 01:58:43.0892 AM
[ReportManager] Browser Action [closeCurrentWindow] successfully performed. @06-05-2021 01:58:43.0949 AM
[ReportManager] Successfully created attachment [Browser Action Test Data - closeCurrentWindow - Actual Value] @06-05-2021 01:58:43.0949 A
[ReportManager] File Action [getAbsolutePath] successfully performed. With the following test data [Relative Folder Path: "target/downloadedFiles/"]. @06-05-2021 01:58:43.0952 AM
[ReportManager] Attempting to run remotely on: [Linux-64], [GoogleChrome], [http://localhost:4444/wd/hub], Headless Execution. @06-05-2021 01:58:43.0952 AM
[ReportManager] Successfully Opened [GoogleChrome]. @06-05-2021 01:58:44.0176 AM
[ReportManager] Target URL: [https://duckduckgo.com] @06-05-2021 01:58:44.0189 AM
[ReportManager] Initial URL: [data:,] @06-05-2021 01:58:44.0228 AM
[ReportManager] Browser Action [navigateToURL] successfully performed. With the following test data [https://duckduckgo.com]. @06-05-2021 01:58:44.0780 A

################################################################################################################################################
Starting Execution:	[122 out of 137] test cases in the current suite
Test Method:		[unitTests.tests_browserActions.getWindowSize]
################################################################################################################################################
[ReportManager] Browser Action [getWindowSize] successfully performed. With the following test data [(800, 600)]. @06-05-2021 01:58:44.0814 A
[ReportManager] Target URL: [https://duckduckgo.com] @06-05-2021 01:58:44.0817 AM
[ReportManager] Initial URL: [https://duckduckgo.com] @06-05-2021 01:58:44.0869 AM
[ReportManager] Browser Action [navigateToURL] successfully performed. With the following test data [https://duckduckgo.com]. @06-05-2021 01:58:45.0224 AM
[ReportManager] Successfully created attachment [Selenium WebDriver Logs - server] @06-05-2021 01:58:45.0276 AM
[ReportManager] Successfully created attachment [Selenium WebDriver Logs - performance] @06-05-2021 01:58:45.0387 AM
[ReportManager] Successfully created attachment [Selenium WebDriver Logs - driver] @06-05-2021 01:58:45.0532 AM
[ReportManager] Browser Action [closeCurrentWindow] successfully performed. @06-05-2021 01:58:45.0588 AM
[ReportManager] Successfully created attachment [Browser Action Test Data - closeCurrentWindow - Actual Value] @06-05-2021 01:58:45.0589 A
[ReportManager] File Action [getAbsolutePath] successfully performed. With the following test data [Relative Folder Path: "target/downloadedFiles/"]. @06-05-2021 01:58:45.0591 AM
[ReportManager] Attempting to run remotely on: [Linux-64], [GoogleChrome], [http://localhost:4444/wd/hub], Headless Execution. @06-05-2021 01:58:45.0591 AM
[ReportManager] Successfully Opened [GoogleChrome]. @06-05-2021 01:58:45.0812 AM
[ReportManager] Target URL: [https://duckduckgo.com] @06-05-2021 01:58:45.0830 AM
[ReportManager] Initial URL: [data:,] @06-05-2021 01:58:45.0876 AM
[ReportManager] Browser Action [navigateToURL] successfully performed. With the following test data [https://duckduckgo.com]. @06-05-2021 01:58:46.0401 A

################################################################################################################################################
Starting Execution:	[123 out of 137] test cases in the current suite
Test Method:		[unitTests.tests_browserActions.maximizeWindow]
################################################################################################################################################
[ReportManager] Initial window size: (800, 600) @06-05-2021 01:58:46.0416 AM
[ReportManager] Window size after Toolkit: (1920, 1080) @06-05-2021 01:58:46.0644 AM
[ReportManager] Browser Action [maximizeWindow] successfully performed. With the following test data [New screen size is now: (1920, 1080)]. @06-05-2021 01:58:46.0647 A
[ReportManager] Target URL: [https://duckduckgo.com] @06-05-2021 01:58:46.0650 AM
[ReportManager] Initial URL: [https://duckduckgo.com] @06-05-2021 01:58:46.0724 AM
[ReportManager] Browser Action [navigateToURL] successfully performed. With the following test data [https://duckduckgo.com]. @06-05-2021 01:58:47.0093 AM
[ReportManager] Successfully created attachment [Selenium WebDriver Logs - server] @06-05-2021 01:58:47.0152 AM
[ReportManager] Successfully created attachment [Selenium WebDriver Logs - performance] @06-05-2021 01:58:47.0275 AM
[ReportManager] Successfully created attachment [Selenium WebDriver Logs - driver] @06-05-2021 01:58:47.0449 AM
[ReportManager] Browser Action [closeCurrentWindow] successfully performed. @06-05-2021 01:58:47.0506 AM
[ReportManager] Successfully created attachment [Browser Action Test Data - closeCurrentWindow - Actual Value] @06-05-2021 01:58:47.0506 A
[ReportManager] File Action [getAbsolutePath] successfully performed. With the following test data [Relative Folder Path: "target/downloadedFiles/"]. @06-05-2021 01:58:47.0508 AM
[ReportManager] Attempting to run remotely on: [Linux-64], [GoogleChrome], [http://localhost:4444/wd/hub], Headless Execution. @06-05-2021 01:58:47.0509 AM
[ReportManager] Successfully Opened [GoogleChrome]. @06-05-2021 01:58:47.0740 AM
[ReportManager] Target URL: [https://duckduckgo.com] @06-05-2021 01:58:47.0754 AM
[ReportManager] Initial URL: [data:,] @06-05-2021 01:58:47.0798 AM
[ReportManager] Browser Action [navigateToURL] successfully performed. With the following test data [https://duckduckgo.com]. @06-05-2021 01:58:48.0328 A

################################################################################################################################################
Starting Execution:	[124 out of 137] test cases in the current suite
Test Method:		[unitTests.tests_browserActions.navigateBack]
################################################################################################################################################
[ReportManager] Target URL: [https://www.google.com/ncr], and after redirection: [https://www.google.com] @06-05-2021 01:58:48.0336 AM
[ReportManager] Initial URL: [https://duckduckgo.com] @06-05-2021 01:58:48.0393 AM
[ReportManager] Browser Action [navigateToURL] successfully performed. With the following test data [https://www.google.com/ncr]. @06-05-2021 01:58:49.0259 AM
[ReportManager] Browser Action [navigateBack] successfully performed. With the following test data [https://duckduckgo.com/]. @06-05-2021 01:58:49.0635 AM
[ReportManager] Confirming that navigating back was successful... @06-05-2021 01:58:49.0636 AM
[ReportManager] Browser Action [getCurrentURL] successfully performed. With the following test data [https://duckduckgo.com/]. @06-05-2021 01:58:49.0665 AM
[ReportManager] AssertBrowserAttribute PASSED; Expected [Value Should be 'https://duckduckgo.com' for the 'CurrentUrl' attribute] and Actual [https://duckduckgo.com/]. Comparison Type [CONTAINS]. Validation Type [POSITIVE]. @06-05-2021 01:58:49.0665 A
[ReportManager] Target URL: [https://duckduckgo.com] @06-05-2021 01:58:49.0667 AM
[ReportManager] Initial URL: [https://duckduckgo.com] @06-05-2021 01:58:49.0738 AM
[ReportManager] Browser Action [navigateToURL] successfully performed. With the following test data [https://duckduckgo.com]. @06-05-2021 01:58:50.0081 AM
[ReportManager] Successfully created attachment [Selenium WebDriver Logs - server] @06-05-2021 01:58:50.0136 AM
[ReportManager] Successfully created attachment [Selenium WebDriver Logs - performance] @06-05-2021 01:58:50.0320 AM
[ReportManager] Successfully created attachment [Selenium WebDriver Logs - driver] @06-05-2021 01:58:50.0592 AM
[ReportManager] Browser Action [closeCurrentWindow] successfully performed. @06-05-2021 01:58:50.0649 AM
[ReportManager] Successfully created attachment [Browser Action Test Data - closeCurrentWindow - Actual Value] @06-05-2021 01:58:50.0649 A
[ReportManager] File Action [getAbsolutePath] successfully performed. With the following test data [Relative Folder Path: "target/downloadedFiles/"]. @06-05-2021 01:58:50.0651 AM
[ReportManager] Attempting to run remotely on: [Linux-64], [GoogleChrome], [http://localhost:4444/wd/hub], Headless Execution. @06-05-2021 01:58:50.0651 AM
[ReportManager] Successfully Opened [GoogleChrome]. @06-05-2021 01:58:50.0880 AM
[ReportManager] Target URL: [https://duckduckgo.com] @06-05-2021 01:58:50.0893 AM
[ReportManager] Initial URL: [data:,] @06-05-2021 01:58:50.0935 AM
[ReportManager] Browser Action [navigateToURL] successfully performed. With the following test data [https://duckduckgo.com]. @06-05-2021 01:58:51.0503 A

################################################################################################################################################
Starting Execution:	[125 out of 137] test cases in the current suite
Test Method:		[unitTests.tests_browserActions.navigateForward]
################################################################################################################################################
[ReportManager] Target URL: [https://www.google.com/ncr], and after redirection: [https://www.google.com] @06-05-2021 01:58:51.0509 AM
[ReportManager] Initial URL: [https://duckduckgo.com] @06-05-2021 01:58:51.0574 AM
[ReportManager] Browser Action [navigateToURL] successfully performed. With the following test data [https://www.google.com/ncr]. @06-05-2021 01:58:52.0505 AM
[ReportManager] Browser Action [navigateBack] successfully performed. With the following test data [https://duckduckgo.com/]. @06-05-2021 01:58:52.0897 AM
[ReportManager] Browser Action [navigateForward] successfully performed. With the following test data [https://www.google.com/]. @06-05-2021 01:58:53.0333 A
[ReportManager] Target URL: [https://duckduckgo.com] @06-05-2021 01:58:53.0334 AM
[ReportManager] Initial URL: [https://www.google.com] @06-05-2021 01:58:53.0415 AM
[ReportManager] Browser Action [navigateToURL] successfully performed. With the following test data [https://duckduckgo.com]. @06-05-2021 01:58:53.0942 AM
[ReportManager] Successfully created attachment [Selenium WebDriver Logs - server] @06-05-2021 01:58:53.0997 AM
[ReportManager] Successfully created attachment [Selenium WebDriver Logs - performance] @06-05-2021 01:58:54.0181 AM
[ReportManager] Successfully created attachment [Selenium WebDriver Logs - driver] @06-05-2021 01:58:54.0471 AM
[ReportManager] Browser Action [closeCurrentWindow] successfully performed. @06-05-2021 01:58:54.0527 AM
[ReportManager] Successfully created attachment [Browser Action Test Data - closeCurrentWindow - Actual Value] @06-05-2021 01:58:54.0528 A
[ReportManager] File Action [getAbsolutePath] successfully performed. With the following test data [Relative Folder Path: "target/downloadedFiles/"]. @06-05-2021 01:58:54.0530 AM
[ReportManager] Attempting to run remotely on: [Linux-64], [GoogleChrome], [http://localhost:4444/wd/hub], Headless Execution. @06-05-2021 01:58:54.0530 AM
[ReportManager] Successfully Opened [GoogleChrome]. @06-05-2021 01:58:54.0792 AM
[ReportManager] Target URL: [https://duckduckgo.com] @06-05-2021 01:58:54.0802 AM
[ReportManager] Initial URL: [data:,] @06-05-2021 01:58:54.0845 AM
[ReportManager] Browser Action [navigateToURL] successfully performed. With the following test data [https://duckduckgo.com]. @06-05-2021 01:58:55.0401 A

################################################################################################################################################
Starting Execution:	[126 out of 137] test cases in the current suite
Test Method:		[unitTests.tests_browserActions.navigateToURL]
################################################################################################################################################
[ReportManager] Target URL: [https://duckduckgo.com] @06-05-2021 01:58:55.0404 AM
[ReportManager] Initial URL: [https://duckduckgo.com] @06-05-2021 01:58:55.0461 AM
[ReportManager] Browser Action [navigateToURL] successfully performed. With the following test data [https://duckduckgo.com]. @06-05-2021 01:58:55.0823 A
[ReportManager] Target URL: [https://duckduckgo.com] @06-05-2021 01:58:55.0827 AM
[ReportManager] Initial URL: [https://duckduckgo.com] @06-05-2021 01:58:55.0879 AM
[ReportManager] Browser Action [navigateToURL] successfully performed. With the following test data [https://duckduckgo.com]. @06-05-2021 01:58:56.0216 AM
[ReportManager] Successfully created attachment [Selenium WebDriver Logs - server] @06-05-2021 01:58:56.0275 AM
[ReportManager] Successfully created attachment [Selenium WebDriver Logs - performance] @06-05-2021 01:58:56.0472 AM
[ReportManager] Successfully created attachment [Selenium WebDriver Logs - driver] @06-05-2021 01:58:56.0708 AM
[ReportManager] Browser Action [closeCurrentWindow] successfully performed. @06-05-2021 01:58:56.0764 AM
[ReportManager] Successfully created attachment [Browser Action Test Data - closeCurrentWindow - Actual Value] @06-05-2021 01:58:56.0765 A
[ReportManager] File Action [getAbsolutePath] successfully performed. With the following test data [Relative Folder Path: "target/downloadedFiles/"]. @06-05-2021 01:58:56.0767 AM
[ReportManager] Attempting to run remotely on: [Linux-64], [GoogleChrome], [http://localhost:4444/wd/hub], Headless Execution. @06-05-2021 01:58:56.0767 AM
[ReportManager] Successfully Opened [GoogleChrome]. @06-05-2021 01:58:57.0010 AM
[ReportManager] Target URL: [https://duckduckgo.com] @06-05-2021 01:58:57.0020 AM
[ReportManager] Initial URL: [data:,] @06-05-2021 01:58:57.0063 AM
[ReportManager] Browser Action [navigateToURL] successfully performed. With the following test data [https://duckduckgo.com]. @06-05-2021 01:58:57.0587 A

################################################################################################################################################
Starting Execution:	[127 out of 137] test cases in the current suite
Test Method:		[unitTests.tests_browserActions.navigateToURLWithRedirection]
################################################################################################################################################
[ReportManager] Target URL: [https://www.google.com/ncr], and after redirection: [https://www.google.com] @06-05-2021 01:58:57.0595 AM
[ReportManager] Initial URL: [https://duckduckgo.com] @06-05-2021 01:58:57.0656 AM
[ReportManager] Browser Action [navigateToURL] successfully performed. With the following test data [https://www.google.com/ncr]. @06-05-2021 01:58:58.0556 A
[ReportManager] Target URL: [https://duckduckgo.com] @06-05-2021 01:58:58.0557 AM
[ReportManager] Initial URL: [https://www.google.com] @06-05-2021 01:58:58.0643 AM
[ReportManager] Browser Action [navigateToURL] successfully performed. With the following test data [https://duckduckgo.com]. @06-05-2021 01:58:59.0196 AM
[ReportManager] Successfully created attachment [Selenium WebDriver Logs - server] @06-05-2021 01:58:59.0252 AM
[ReportManager] Successfully created attachment [Selenium WebDriver Logs - performance] @06-05-2021 01:58:59.0392 AM
[ReportManager] Successfully created attachment [Selenium WebDriver Logs - driver] @06-05-2021 01:58:59.0581 AM
[ReportManager] Browser Action [closeCurrentWindow] successfully performed. @06-05-2021 01:58:59.0637 AM
[ReportManager] Successfully created attachment [Browser Action Test Data - closeCurrentWindow - Actual Value] @06-05-2021 01:58:59.0638 A
[ReportManager] File Action [getAbsolutePath] successfully performed. With the following test data [Relative Folder Path: "target/downloadedFiles/"]. @06-05-2021 01:58:59.0640 AM
[ReportManager] Attempting to run remotely on: [Linux-64], [GoogleChrome], [http://localhost:4444/wd/hub], Headless Execution. @06-05-2021 01:58:59.0641 AM
[ReportManager] Successfully Opened [GoogleChrome]. @06-05-2021 01:58:59.0862 AM
[ReportManager] Target URL: [https://duckduckgo.com] @06-05-2021 01:58:59.0873 AM
[ReportManager] Initial URL: [data:,] @06-05-2021 01:58:59.0920 AM
[ReportManager] Browser Action [navigateToURL] successfully performed. With the following test data [https://duckduckgo.com]. @06-05-2021 01:59:00.0479 A

################################################################################################################################################
Starting Execution:	[128 out of 137] test cases in the current suite
Test Method:		[unitTests.tests_browserActions.refreshCurrentPage]
################################################################################################################################################
[ReportManager] Browser Action [refreshCurrentPage] successfully performed. @06-05-2021 01:59:00.0758 AM
[ReportManager] Successfully created attachment [Browser Action Test Data - refreshCurrentPage - Actual Value] @06-05-2021 01:59:00.0759 A
[ReportManager] Target URL: [https://duckduckgo.com] @06-05-2021 01:59:00.0763 AM
[ReportManager] Initial URL: [https://duckduckgo.com] @06-05-2021 01:59:00.0831 AM
[ReportManager] Browser Action [navigateToURL] successfully performed. With the following test data [https://duckduckgo.com]. @06-05-2021 01:59:01.0157 AM
[ReportManager] Successfully created attachment [Selenium WebDriver Logs - server] @06-05-2021 01:59:01.0206 AM
[ReportManager] Successfully created attachment [Selenium WebDriver Logs - performance] @06-05-2021 01:59:01.0395 AM
[ReportManager] Successfully created attachment [Selenium WebDriver Logs - driver] @06-05-2021 01:59:01.0626 AM
[ReportManager] Browser Action [closeCurrentWindow] successfully performed. @06-05-2021 01:59:01.0682 AM
[ReportManager] Successfully created attachment [Browser Action Test Data - closeCurrentWindow - Actual Value] @06-05-2021 01:59:01.0682 A
[ReportManager] File Action [getAbsolutePath] successfully performed. With the following test data [Relative Folder Path: "target/downloadedFiles/"]. @06-05-2021 01:59:01.0684 AM
[ReportManager] Attempting to run remotely on: [Linux-64], [GoogleChrome], [http://localhost:4444/wd/hub], Headless Execution. @06-05-2021 01:59:01.0684 AM
[ReportManager] Successfully Opened [GoogleChrome]. @06-05-2021 01:59:01.0901 AM
[ReportManager] Target URL: [https://duckduckgo.com] @06-05-2021 01:59:01.0913 AM
[ReportManager] Initial URL: [data:,] @06-05-2021 01:59:01.0956 AM
[ReportManager] Browser Action [navigateToURL] successfully performed. With the following test data [https://duckduckgo.com]. @06-05-2021 01:59:02.0499 A

################################################################################################################################################
Starting Execution:	[129 out of 137] test cases in the current suite
Test Method:		[unitTests.tests_browserActions.setWindowSize]
################################################################################################################################################
[ReportManager] Initial window size: (800, 600) @06-05-2021 01:59:02.0508 AM
[ReportManager] Window size after SWD: (1280, 720) @06-05-2021 01:59:02.0732 AM
[ReportManager] Browser Action [setWindowSize] successfully performed. With the following test data [New screen size is now: (1280, 720)]. @06-05-2021 01:59:02.0732 A
[ReportManager] Target URL: [https://duckduckgo.com] @06-05-2021 01:59:02.0734 AM
[ReportManager] Initial URL: [https://duckduckgo.com] @06-05-2021 01:59:02.0795 AM
[ReportManager] Browser Action [navigateToURL] successfully performed. With the following test data [https://duckduckgo.com]. @06-05-2021 01:59:03.0163 AM
[ReportManager] Successfully created attachment [Selenium WebDriver Logs - server] @06-05-2021 01:59:03.0213 AM
[ReportManager] Successfully created attachment [Selenium WebDriver Logs - performance] @06-05-2021 01:59:03.0345 AM
[ReportManager] Successfully created attachment [Selenium WebDriver Logs - driver] @06-05-2021 01:59:03.0494 AM
[ReportManager] Browser Action [closeCurrentWindow] successfully performed. @06-05-2021 01:59:03.0550 AM
[ReportManager] Successfully created attachment [Browser Action Test Data - closeCurrentWindow - Actual Value] @06-05-2021 01:59:03.0550 A
[ReportManager] File Action [getAbsolutePath] successfully performed. With the following test data [Relative Folder Path: "target/downloadedFiles/"]. @06-05-2021 01:59:03.0553 AM
[ReportManager] Attempting to run remotely on: [Linux-64], [GoogleChrome], [http://localhost:4444/wd/hub], Headless Execution. @06-05-2021 01:59:03.0553 AM
[ReportManager] Successfully Opened [GoogleChrome]. @06-05-2021 01:59:03.0773 A

################################################################################################################################################
Starting Execution:	[130 out of 137] test cases in the current suite
Test Method:		[unitTests.tests_element_elementActions.waitForElementToBePresent_false_expectedToFail]
################################################################################################################################################
[ReportManager] Target URL: [https://www.google.com/ncr], and after redirection: [www.google.com] @06-05-2021 01:59:03.0800 AM
[ReportManager] Initial URL: [data:,] @06-05-2021 01:59:03.0843 AM
[ReportManager] Browser Action [navigateToURL] successfully performed. With the following test data [https://www.google.com/ncr]. @06-05-2021 01:59:04.0718 AM
[ReportManager] Waiting for element to be present; elementLocator [By.xpath: //img[@id='hplogo' or @alt='Google']], numberOfTries[1], stateOfPresence[false]... @06-05-2021 01:59:04.0721 AM
[ReportManager] Element Action [waitForElementToBePresent] failed. With the following test data [waited for the element's state of presence to be (false). Element locator (By.xpath: //img[@id='hplogo' or @alt='Google'])]. @06-05-2021 01:59:04.0909 AM
[ReportManager] Successfully created attachment [Screenshot - 1620266344852_waitForElementToBePresent_false_expectedToFail_waitForElementToBePresent_failed] @06-05-2021 01:59:04.0909 A
[ReportManager] Successfully created attachment [Selenium WebDriver Logs - server] @06-05-2021 01:59:04.0985 AM
[ReportManager] Successfully created attachment [Selenium WebDriver Logs - performance] @06-05-2021 01:59:05.0018 AM
[ReportManager] Successfully created attachment [Selenium WebDriver Logs - driver] @06-05-2021 01:59:05.0092 AM
[ReportManager] Browser Action [closeCurrentWindow] successfully performed. @06-05-2021 01:59:05.0148 AM
[ReportManager] Successfully created attachment [Browser Action Test Data - closeCurrentWindow - Actual Value] @06-05-2021 01:59:05.0149 A
[ReportManager] File Action [getAbsolutePath] successfully performed. With the following test data [Relative Folder Path: "target/downloadedFiles/"]. @06-05-2021 01:59:05.0151 AM
[ReportManager] Attempting to run remotely on: [Linux-64], [GoogleChrome], [http://localhost:4444/wd/hub], Headless Execution. @06-05-2021 01:59:05.0151 AM
[ReportManager] Successfully Opened [GoogleChrome]. @06-05-2021 01:59:05.0378 A

################################################################################################################################################
Starting Execution:	[131 out of 137] test cases in the current suite
Test Method:		[unitTests.tests_element_elementActions.waitForElementToBePresent_false_expectedToPass]
################################################################################################################################################
[ReportManager] Target URL: [https://www.google.com/ncr], and after redirection: [www.google.com] @06-05-2021 01:59:05.0400 AM
[ReportManager] Initial URL: [data:,] @06-05-2021 01:59:05.0445 AM
[ReportManager] Browser Action [navigateToURL] successfully performed. With the following test data [https://www.google.com/ncr]. @06-05-2021 01:59:06.0361 AM
[ReportManager] Waiting for element to be present; elementLocator [By.id: bla], numberOfTries[1], stateOfPresence[false]... @06-05-2021 01:59:06.0361 AM
[ReportManager] Element Action [waitForElementToBePresent] successfully performed. With the following test data [waited for the element's state of presence to be (false). Element locator (By.id: bla)]. @06-05-2021 01:59:11.0470 A
[ReportManager] Successfully created attachment [Selenium WebDriver Logs - server] @06-05-2021 01:59:11.0555 AM
[ReportManager] Successfully created attachment [Selenium WebDriver Logs - performance] @06-05-2021 01:59:11.0590 AM
[ReportManager] Successfully created attachment [Selenium WebDriver Logs - driver] @06-05-2021 01:59:11.0673 AM
[ReportManager] Browser Action [closeCurrentWindow] successfully performed. @06-05-2021 01:59:11.0729 AM
[ReportManager] Successfully created attachment [Browser Action Test Data - closeCurrentWindow - Actual Value] @06-05-2021 01:59:11.0730 A
[ReportManager] File Action [getAbsolutePath] successfully performed. With the following test data [Relative Folder Path: "target/downloadedFiles/"]. @06-05-2021 01:59:11.0733 AM
[ReportManager] Attempting to run remotely on: [Linux-64], [GoogleChrome], [http://localhost:4444/wd/hub], Headless Execution. @06-05-2021 01:59:11.0733 AM
[ReportManager] Successfully Opened [GoogleChrome]. @06-05-2021 01:59:11.0956 A

################################################################################################################################################
Starting Execution:	[132 out of 137] test cases in the current suite
Test Method:		[unitTests.tests_element_elementActions.waitForElementToBePresent_moreThanOneElement_expectedToFail]
################################################################################################################################################
[ReportManager] Target URL: [https://www.google.com/ncr], and after redirection: [www.google.com] @06-05-2021 01:59:11.0972 AM
[ReportManager] Initial URL: [data:,] @06-05-2021 01:59:12.0016 AM
[ReportManager] Browser Action [navigateToURL] successfully performed. With the following test data [https://www.google.com/ncr]. @06-05-2021 01:59:12.0928 AM
[ReportManager] Waiting for element to be present; elementLocator [By.xpath: //*], numberOfTries[1], stateOfPresence[false]... @06-05-2021 01:59:12.0928 AM
[ReportManager] Element Action [waitForElementToBePresent] failed. With the following test data [waited for the element's state of presence to be (false). Element locator (By.xpath: //*)]. @06-05-2021 01:59:13.0125 AM
[ReportManager] Successfully created attachment [Screenshot - 1620266353069_waitForElementToBePresent_moreThanOneElement_expectedToFail_waitForElementToBePresent_failed] @06-05-2021 01:59:13.0126 A
[ReportManager] Successfully created attachment [Selenium WebDriver Logs - server] @06-05-2021 01:59:13.0205 AM
[ReportManager] Successfully created attachment [Selenium WebDriver Logs - performance] @06-05-2021 01:59:13.0237 AM
[ReportManager] Successfully created attachment [Selenium WebDriver Logs - driver] @06-05-2021 01:59:13.0312 AM
[ReportManager] Browser Action [closeCurrentWindow] successfully performed. @06-05-2021 01:59:13.0368 AM
[ReportManager] Successfully created attachment [Browser Action Test Data - closeCurrentWindow - Actual Value] @06-05-2021 01:59:13.0369 A
[ReportManager] File Action [getAbsolutePath] successfully performed. With the following test data [Relative Folder Path: "target/downloadedFiles/"]. @06-05-2021 01:59:13.0372 AM
[ReportManager] Attempting to run remotely on: [Linux-64], [GoogleChrome], [http://localhost:4444/wd/hub], Headless Execution. @06-05-2021 01:59:13.0373 AM
[ReportManager] Successfully Opened [GoogleChrome]. @06-05-2021 01:59:13.0621 A

################################################################################################################################################
Starting Execution:	[133 out of 137] test cases in the current suite
Test Method:		[unitTests.tests_element_elementActions.waitForElementToBePresent_true_expectedToFail]
################################################################################################################################################
[ReportManager] Target URL: [https://www.google.com/ncr], and after redirection: [www.google.com] @06-05-2021 01:59:13.0639 AM
[ReportManager] Initial URL: [data:,] @06-05-2021 01:59:13.0679 AM
[ReportManager] Browser Action [navigateToURL] successfully performed. With the following test data [https://www.google.com/ncr]. @06-05-2021 01:59:14.0660 AM
[ReportManager] Waiting for element to be present; elementLocator [By.id: bla], numberOfTries[1], stateOfPresence[true]... @06-05-2021 01:59:14.0660 AM
[ReportManager] Element Action [waitForElementToBePresent] failed. With the following test data [waited for the element's state of presence to be (true). Element locator (By.id: bla)]. @06-05-2021 01:59:19.0909 AM
[ReportManager] Successfully created attachment [Screenshot - 1620266359853_waitForElementToBePresent_true_expectedToFail_waitForElementToBePresent_failed] @06-05-2021 01:59:19.0910 A
[ReportManager] Successfully created attachment [Selenium WebDriver Logs - server] @06-05-2021 01:59:19.0992 AM
[ReportManager] Successfully created attachment [Selenium WebDriver Logs - performance] @06-05-2021 01:59:20.0032 AM
[ReportManager] Successfully created attachment [Selenium WebDriver Logs - driver] @06-05-2021 01:59:20.0109 AM
[ReportManager] Browser Action [closeCurrentWindow] successfully performed. @06-05-2021 01:59:20.0166 AM
[ReportManager] Successfully created attachment [Browser Action Test Data - closeCurrentWindow - Actual Value] @06-05-2021 01:59:20.0166 A
[ReportManager] File Action [getAbsolutePath] successfully performed. With the following test data [Relative Folder Path: "target/downloadedFiles/"]. @06-05-2021 01:59:20.0169 AM
[ReportManager] Attempting to run remotely on: [Linux-64], [GoogleChrome], [http://localhost:4444/wd/hub], Headless Execution. @06-05-2021 01:59:20.0169 AM
[ReportManager] Successfully Opened [GoogleChrome]. @06-05-2021 01:59:20.0403 A

################################################################################################################################################
Starting Execution:	[134 out of 137] test cases in the current suite
Test Method:		[unitTests.tests_element_elementActions.waitForElementToBePresent_true_expectedToPass]
################################################################################################################################################
[ReportManager] Target URL: [https://www.google.com/ncr], and after redirection: [www.google.com] @06-05-2021 01:59:20.0416 AM
[ReportManager] Initial URL: [data:,] @06-05-2021 01:59:20.0460 AM
[ReportManager] Browser Action [navigateToURL] successfully performed. With the following test data [https://www.google.com/ncr]. @06-05-2021 01:59:21.0389 AM
[ReportManager] Waiting for element to be present; elementLocator [By.xpath: //img[@id='hplogo' or @alt='Google']], numberOfTries[1], stateOfPresence[true]... @06-05-2021 01:59:21.0389 AM
[ReportManager] Element Action [waitForElementToBePresent] successfully performed. With the following test data [waited for the element's state of presence to be (true). Element locator (By.xpath: //img[@id='hplogo' or @alt='Google'])]. @06-05-2021 01:59:21.0463 AM
[ReportManager] Using Visual AI; OpenCV... @06-05-2021 01:59:21.0465 AM
[ReportManager] File Action [doesFileExist] successfully performed. With the following test data [File Path: "src/test/resources/DynamicObjectRepository/unitTests_tests_element_elementActions_waitForElementToBePresent_true_expectedToPass_By_xpath_img_id_hplogo_or_alt_Google.png"]. @06-05-2021 01:59:21.0466 AM
[ReportManager] File Action [doesFileExist] successfully performed. With the following test data [File Path: "src/test/resources/DynamicObjectRepository/unitTests_tests_element_elementActions_waitForElementToBePresent_true_expectedToPass_By_xpath_img_id_hplogo_or_alt_Google.png"]. @06-05-2021 01:59:21.0671 AM
[ReportManager] Passing the test and saving a reference image @06-05-2021 01:59:21.0671 AM
[ReportManager] File Action [getAbsolutePath] successfully performed. With the following test data [Relative File Path: "src/test/resources/DynamicObjectRepository/unitTests_tests_element_elementActions_waitForElementToBePresent_true_expectedToPass_By_xpath_img_id_hplogo_or_alt_Google.png"]. @06-05-2021 01:59:21.0671 AM
[ReportManager] File Action [writeToFile] successfully performed. With the following test data [Target File Path: "/home/runner/work/SHAFT_ENGINE/SHAFT_ENGINE/src/test/resources/DynamicObjectRepository/unitTests_tests_element_elementActions_waitForElementToBePresent_true_expectedToPass_By_xpath_img_id_hplogo_or_alt_Google.png"]. @06-05-2021 01:59:21.0676 AM
[ReportManager] AssertElementMatches PASSED; Expected [Element should match the reference screenshot] and Actual [TRUE]. Comparison Type [EXACT_OPENCV]. Validation Type [POSITIVE]. @06-05-2021 01:59:21.0676 AM
[ReportManager] Successfully created attachment [Validation Test Data - Actual Screenshot] @06-05-2021 01:59:21.0677 A
[ReportManager] Successfully created attachment [Selenium WebDriver Logs - server] @06-05-2021 01:59:21.0761 AM
[ReportManager] Successfully created attachment [Selenium WebDriver Logs - performance] @06-05-2021 01:59:21.0801 AM
[ReportManager] Successfully created attachment [Selenium WebDriver Logs - driver] @06-05-2021 01:59:21.0881 AM
[ReportManager] Browser Action [closeCurrentWindow] successfully performed. @06-05-2021 01:59:21.0937 AM
[ReportManager] Successfully created attachment [Browser Action Test Data - closeCurrentWindow - Actual Value] @06-05-2021 01:59:21.0938 A

################################################################################################################################################
Starting Execution:	[135 out of 137] test cases in the current suite
Test Method:		[unitTests.tests_restActions.getPostsAndAssertBodyForSpecificTitle]
################################################################################################################################################
[ReportManager] Response status code: [200], status line: [HTTP/1.1 200 OK] @06-05-2021 01:59:23.0362 AM
[ReportManager] Evaluating the actual response status code against the expected one...... @06-05-2021 01:59:23.0362 AM
[ReportManager] AssertEquals PASSED; Expected [200] and Actual [200]. Comparison Type [EQUALS]. Validation Type [POSITIVE]. @06-05-2021 01:59:23.0362 AM
[ReportManager] API Action [performRequest] successfully performed. With the following test data [Request Type: "GET" | Target Status Code: "200" | Service URL: "https://jsonplaceholder.typicode.com/posts" | Content Type: "*/*" | Response Time: "886ms"]. @06-05-2021 01:59:23.0559 AM
[ReportManager] Successfully created attachment [API Response - JSON Body] @06-05-2021 01:59:23.0561 AM
[ReportManager] API Action [getResponseJSONValueAsList] successfully performed. @06-05-2021 01:59:23.0591 AM
[ReportManager] API Action [getResponseJSONValue] successfully performed. With the following test data [title]. @06-05-2021 01:59:23.0613 AM
[ReportManager] API Action [getResponseJSONValue] successfully performed. With the following test data [title]. @06-05-2021 01:59:23.0632 AM
[ReportManager] API Action [getResponseJSONValue] successfully performed. With the following test data [body]. @06-05-2021 01:59:23.0652 AM
[ReportManager] AssertEquals PASSED; Expected [qui neque nisi nulla] and Actual [est rerum tempore vitae
sequi sint nihil reprehenderit dolor beatae ea dolores neque
fugiat blanditiis voluptate porro vel nihil molestiae ut reiciendis
qui aperiam non debitis possimus qui neque nisi nulla]. Comparison Type [CONTAINS]. Validation Type [POSITIVE]. @06-05-2021 01:59:23.0652 AM
[ReportManager] API Action [getResponseJSONValue] successfully performed. With the following test data [title]. @06-05-2021 01:59:23.0667 AM
[ReportManager] API Action [getResponseJSONValue] successfully performed. With the following test data [title]. @06-05-2021 01:59:23.0683 AM
[ReportManager] API Action [getResponseJSONValue] successfully performed. With the following test data [title]. @06-05-2021 01:59:23.0699 AM
[ReportManager] API Action [getResponseJSONValue] successfully performed. With the following test data [title]. @06-05-2021 01:59:23.0716 AM
[ReportManager] API Action [getResponseJSONValue] successfully performed. With the following test data [title]. @06-05-2021 01:59:23.0736 AM
[ReportManager] API Action [getResponseJSONValue] successfully performed. With the following test data [title]. @06-05-2021 01:59:23.0751 AM
[ReportManager] API Action [getResponseJSONValue] successfully performed. With the following test data [title]. @06-05-2021 01:59:23.0768 AM
[ReportManager] API Action [getResponseJSONValue] successfully performed. With the following test data [title]. @06-05-2021 01:59:23.0781 AM
[ReportManager] API Action [getResponseJSONValue] successfully performed. With the following test data [title]. @06-05-2021 01:59:23.0794 AM
[ReportManager] API Action [getResponseJSONValue] successfully performed. With the following test data [title]. @06-05-2021 01:59:23.0819 AM
[ReportManager] API Action [getResponseJSONValue] successfully performed. With the following test data [title]. @06-05-2021 01:59:23.0839 AM
[ReportManager] API Action [getResponseJSONValue] successfully performed. With the following test data [title]. @06-05-2021 01:59:23.0848 AM
[ReportManager] API Action [getResponseJSONValue] successfully performed. With the following test data [title]. @06-05-2021 01:59:23.0860 AM
[ReportManager] API Action [getResponseJSONValue] successfully performed. With the following test data [title]. @06-05-2021 01:59:23.0869 AM
[ReportManager] API Action [getResponseJSONValue] successfully performed. With the following test data [title]. @06-05-2021 01:59:23.0879 AM
[ReportManager] API Action [getResponseJSONValue] successfully performed. With the following test data [title]. @06-05-2021 01:59:23.0888 AM
[ReportManager] API Action [getResponseJSONValue] successfully performed. With the following test data [title]. @06-05-2021 01:59:23.0897 AM
[ReportManager] API Action [getResponseJSONValue] successfully performed. With the following test data [title]. @06-05-2021 01:59:23.0909 AM
[ReportManager] API Action [getResponseJSONValue] successfully performed. With the following test data [title]. @06-05-2021 01:59:23.0929 AM
[ReportManager] API Action [getResponseJSONValue] successfully performed. With the following test data [title]. @06-05-2021 01:59:23.0943 AM
[ReportManager] API Action [getResponseJSONValue] successfully performed. With the following test data [title]. @06-05-2021 01:59:23.0958 AM
[ReportManager] API Action [getResponseJSONValue] successfully performed. With the following test data [title]. @06-05-2021 01:59:23.0973 AM
[ReportManager] API Action [getResponseJSONValue] successfully performed. With the following test data [title]. @06-05-2021 01:59:23.0985 AM
[ReportManager] API Action [getResponseJSONValue] successfully performed. With the following test data [title]. @06-05-2021 01:59:24.0001 AM
[ReportManager] API Action [getResponseJSONValue] successfully performed. With the following test data [title]. @06-05-2021 01:59:24.0009 AM
[ReportManager] API Action [getResponseJSONValue] successfully performed. With the following test data [title]. @06-05-2021 01:59:24.0018 AM
[ReportManager] API Action [getResponseJSONValue] successfully performed. With the following test data [title]. @06-05-2021 01:59:24.0034 AM
[ReportManager] API Action [getResponseJSONValue] successfully performed. With the following test data [title]. @06-05-2021 01:59:24.0042 AM
[ReportManager] API Action [getResponseJSONValue] successfully performed. With the following test data [title]. @06-05-2021 01:59:24.0050 AM
[ReportManager] API Action [getResponseJSONValue] successfully performed. With the following test data [title]. @06-05-2021 01:59:24.0059 AM
[ReportManager] API Action [getResponseJSONValue] successfully performed. With the following test data [title]. @06-05-2021 01:59:24.0068 AM
[ReportManager] API Action [getResponseJSONValue] successfully performed. With the following test data [title]. @06-05-2021 01:59:24.0076 AM
[ReportManager] API Action [getResponseJSONValue] successfully performed. With the following test data [title]. @06-05-2021 01:59:24.0084 AM
[ReportManager] API Action [getResponseJSONValue] successfully performed. With the following test data [title]. @06-05-2021 01:59:24.0092 AM
[ReportManager] API Action [getResponseJSONValue] successfully performed. With the following test data [title]. @06-05-2021 01:59:24.0100 AM
[ReportManager] API Action [getResponseJSONValue] successfully performed. With the following test data [title]. @06-05-2021 01:59:24.0108 AM
[ReportManager] API Action [getResponseJSONValue] successfully performed. With the following test data [title]. @06-05-2021 01:59:24.0117 AM
[ReportManager] API Action [getResponseJSONValue] successfully performed. With the following test data [title]. @06-05-2021 01:59:24.0125 AM
[ReportManager] API Action [getResponseJSONValue] successfully performed. With the following test data [title]. @06-05-2021 01:59:24.0133 AM
[ReportManager] API Action [getResponseJSONValue] successfully performed. With the following test data [title]. @06-05-2021 01:59:24.0141 AM
[ReportManager] API Action [getResponseJSONValue] successfully performed. With the following test data [title]. @06-05-2021 01:59:24.0149 AM
[ReportManager] API Action [getResponseJSONValue] successfully performed. With the following test data [title]. @06-05-2021 01:59:24.0157 AM
[ReportManager] API Action [getResponseJSONValue] successfully performed. With the following test data [title]. @06-05-2021 01:59:24.0165 AM
[ReportManager] API Action [getResponseJSONValue] successfully performed. With the following test data [title]. @06-05-2021 01:59:24.0173 AM
[ReportManager] API Action [getResponseJSONValue] successfully performed. With the following test data [title]. @06-05-2021 01:59:24.0181 AM
[ReportManager] API Action [getResponseJSONValue] successfully performed. With the following test data [title]. @06-05-2021 01:59:24.0189 AM
[ReportManager] API Action [getResponseJSONValue] successfully performed. With the following test data [title]. @06-05-2021 01:59:24.0197 AM
[ReportManager] API Action [getResponseJSONValue] successfully performed. With the following test data [title]. @06-05-2021 01:59:24.0205 AM
[ReportManager] API Action [getResponseJSONValue] successfully performed. With the following test data [title]. @06-05-2021 01:59:24.0213 AM
[ReportManager] API Action [getResponseJSONValue] successfully performed. With the following test data [title]. @06-05-2021 01:59:24.0221 AM
[ReportManager] API Action [getResponseJSONValue] successfully performed. With the following test data [title]. @06-05-2021 01:59:24.0229 AM
[ReportManager] API Action [getResponseJSONValue] successfully performed. With the following test data [title]. @06-05-2021 01:59:24.0238 AM
[ReportManager] API Action [getResponseJSONValue] successfully performed. With the following test data [title]. @06-05-2021 01:59:24.0246 AM
[ReportManager] API Action [getResponseJSONValue] successfully performed. With the following test data [title]. @06-05-2021 01:59:24.0254 AM
[ReportManager] API Action [getResponseJSONValue] successfully performed. With the following test data [title]. @06-05-2021 01:59:24.0263 AM
[ReportManager] API Action [getResponseJSONValue] successfully performed. With the following test data [title]. @06-05-2021 01:59:24.0282 AM
[ReportManager] API Action [getResponseJSONValue] successfully performed. With the following test data [title]. @06-05-2021 01:59:24.0300 AM
[ReportManager] API Action [getResponseJSONValue] successfully performed. With the following test data [title]. @06-05-2021 01:59:24.0308 AM
[ReportManager] API Action [getResponseJSONValue] successfully performed. With the following test data [title]. @06-05-2021 01:59:24.0342 AM
[ReportManager] API Action [getResponseJSONValue] successfully performed. With the following test data [title]. @06-05-2021 01:59:24.0352 AM
[ReportManager] API Action [getResponseJSONValue] successfully performed. With the following test data [title]. @06-05-2021 01:59:24.0362 AM
[ReportManager] API Action [getResponseJSONValue] successfully performed. With the following test data [title]. @06-05-2021 01:59:24.0377 AM
[ReportManager] API Action [getResponseJSONValue] successfully performed. With the following test data [title]. @06-05-2021 01:59:24.0387 AM
[ReportManager] API Action [getResponseJSONValue] successfully performed. With the following test data [title]. @06-05-2021 01:59:24.0398 AM
[ReportManager] API Action [getResponseJSONValue] successfully performed. With the following test data [title]. @06-05-2021 01:59:24.0412 AM
[ReportManager] API Action [getResponseJSONValue] successfully performed. With the following test data [title]. @06-05-2021 01:59:24.0420 AM
[ReportManager] API Action [getResponseJSONValue] successfully performed. With the following test data [title]. @06-05-2021 01:59:24.0428 AM
[ReportManager] API Action [getResponseJSONValue] successfully performed. With the following test data [title]. @06-05-2021 01:59:24.0435 AM
[ReportManager] API Action [getResponseJSONValue] successfully performed. With the following test data [title]. @06-05-2021 01:59:24.0443 AM
[ReportManager] API Action [getResponseJSONValue] successfully performed. With the following test data [title]. @06-05-2021 01:59:24.0450 AM
[ReportManager] API Action [getResponseJSONValue] successfully performed. With the following test data [title]. @06-05-2021 01:59:24.0458 AM
[ReportManager] API Action [getResponseJSONValue] successfully performed. With the following test data [title]. @06-05-2021 01:59:24.0466 AM
[ReportManager] API Action [getResponseJSONValue] successfully performed. With the following test data [title]. @06-05-2021 01:59:24.0474 AM
[ReportManager] API Action [getResponseJSONValue] successfully performed. With the following test data [title]. @06-05-2021 01:59:24.0482 AM
[ReportManager] API Action [getResponseJSONValue] successfully performed. With the following test data [title]. @06-05-2021 01:59:24.0489 AM
[ReportManager] API Action [getResponseJSONValue] successfully performed. With the following test data [title]. @06-05-2021 01:59:24.0497 AM
[ReportManager] API Action [getResponseJSONValue] successfully performed. With the following test data [title]. @06-05-2021 01:59:24.0505 AM
[ReportManager] API Action [getResponseJSONValue] successfully performed. With the following test data [title]. @06-05-2021 01:59:24.0512 AM
[ReportManager] API Action [getResponseJSONValue] successfully performed. With the following test data [title]. @06-05-2021 01:59:24.0520 AM
[ReportManager] API Action [getResponseJSONValue] successfully performed. With the following test data [title]. @06-05-2021 01:59:24.0528 AM
[ReportManager] API Action [getResponseJSONValue] successfully performed. With the following test data [title]. @06-05-2021 01:59:24.0536 AM
[ReportManager] API Action [getResponseJSONValue] successfully performed. With the following test data [title]. @06-05-2021 01:59:24.0544 AM
[ReportManager] API Action [getResponseJSONValue] successfully performed. With the following test data [title]. @06-05-2021 01:59:24.0552 AM
[ReportManager] API Action [getResponseJSONValue] successfully performed. With the following test data [title]. @06-05-2021 01:59:24.0560 AM
[ReportManager] API Action [getResponseJSONValue] successfully performed. With the following test data [title]. @06-05-2021 01:59:24.0567 AM
[ReportManager] API Action [getResponseJSONValue] successfully performed. With the following test data [title]. @06-05-2021 01:59:24.0575 AM
[ReportManager] API Action [getResponseJSONValue] successfully performed. With the following test data [title]. @06-05-2021 01:59:24.0582 AM
[ReportManager] API Action [getResponseJSONValue] successfully performed. With the following test data [title]. @06-05-2021 01:59:24.0590 AM
[ReportManager] API Action [getResponseJSONValue] successfully performed. With the following test data [title]. @06-05-2021 01:59:24.0598 AM
[ReportManager] API Action [getResponseJSONValue] successfully performed. With the following test data [title]. @06-05-2021 01:59:24.0605 AM
[ReportManager] API Action [getResponseJSONValue] successfully performed. With the following test data [title]. @06-05-2021 01:59:24.0613 AM
[ReportManager] API Action [getResponseJSONValue] successfully performed. With the following test data [title]. @06-05-2021 01:59:24.0621 AM
[ReportManager] API Action [getResponseJSONValue] successfully performed. With the following test data [title]. @06-05-2021 01:59:24.0628 AM
[ReportManager] API Action [getResponseJSONValue] successfully performed. With the following test data [title]. @06-05-2021 01:59:24.0635 AM
[ReportManager] API Action [getResponseJSONValue] successfully performed. With the following test data [title]. @06-05-2021 01:59:24.0643 AM
[ReportManager] API Action [getResponseJSONValue] successfully performed. With the following test data [title]. @06-05-2021 01:59:24.0650 AM
[ReportManager] API Action [getResponseJSONValue] successfully performed. With the following test data [title]. @06-05-2021 01:59:24.0658 AM
[ReportManager] API Action [getResponseJSONValue] successfully performed. With the following test data [title]. @06-05-2021 01:59:24.0665 A

################################################################################################################################################
Starting Execution:	[136 out of 137] test cases in the current suite
Test Method:		[unitTests.tests_restActions.validateUserEmail]
################################################################################################################################################
[ReportManager] Response status code: [200], status line: [HTTP/1.1 200 OK] @06-05-2021 01:59:24.0807 AM
[ReportManager] Evaluating the actual response status code against the expected one...... @06-05-2021 01:59:24.0807 AM
[ReportManager] AssertEquals PASSED; Expected [200] and Actual [200]. Comparison Type [EQUALS]. Validation Type [POSITIVE]. @06-05-2021 01:59:24.0807 AM
[ReportManager] API Action [performRequest] successfully performed. With the following test data [Request Type: "GET" | Target Status Code: "200" | Service URL: "https://jsonplaceholder.typicode.com/users" | Content Type: "*/*" | Response Time: "121ms"]. @06-05-2021 01:59:24.0824 AM
[ReportManager] Successfully created attachment [API Response - JSON Body] @06-05-2021 01:59:24.0825 AM
[ReportManager] AssertEquals PASSED; Expected and Actual values are attached. Comparison Type [CONTAINS]. Validation Type [POSITIVE]. @06-05-2021 01:59:24.0825 AM
[ReportManager] Successfully created attachment [Validation Test Data - Expected Value] @06-05-2021 01:59:24.0825 AM
[ReportManager] Successfully created attachment [Validation Test Data - Actual Value] @06-05-2021 01:59:24.0826 AM
[ReportManager] API Action [getResponseJSONValueAsList] successfully performed. With the following test data [$]. @06-05-2021 01:59:24.0830 AM
[ReportManager] API Action [getResponseJSONValue] successfully performed. With the following test data [name]. @06-05-2021 01:59:24.0837 AM
[ReportManager] API Action [getResponseJSONValue] successfully performed. With the following test data [email]. @06-05-2021 01:59:24.0845 AM
[ReportManager] AssertEquals PASSED; Expected [Sincere@april.biz] and Actual [Sincere@april.biz]. Comparison Type [EQUALS]. Validation Type [POSITIVE]. @06-05-2021 01:59:24.0845 AM
[ReportManager] API Action [getResponseJSONValue] successfully performed. With the following test data [name]. @06-05-2021 01:59:24.0862 AM
[ReportManager] API Action [getResponseJSONValue] successfully performed. With the following test data [name]. @06-05-2021 01:59:24.0871 AM
[ReportManager] API Action [getResponseJSONValue] successfully performed. With the following test data [name]. @06-05-2021 01:59:24.0879 AM
[ReportManager] API Action [getResponseJSONValue] successfully performed. With the following test data [name]. @06-05-2021 01:59:24.0887 AM
[ReportManager] API Action [getResponseJSONValue] successfully performed. With the following test data [name]. @06-05-2021 01:59:24.0895 AM
[ReportManager] API Action [getResponseJSONValue] successfully performed. With the following test data [name]. @06-05-2021 01:59:24.0902 AM
[ReportManager] API Action [getResponseJSONValue] successfully performed. With the following test data [name]. @06-05-2021 01:59:24.0910 AM
[ReportManager] API Action [getResponseJSONValue] successfully performed. With the following test data [name]. @06-05-2021 01:59:24.0918 AM
[ReportManager] API Action [getResponseJSONValue] successfully performed. With the following test data [name]. @06-05-2021 01:59:24.0926 A
[ReportManager] Successfully loaded the following test data file [src/test/resources/TestDataFiles/testSuite01/TestData.xlsx]. @06-05-2021 01:59:24.0978 AM
[ReportManager] Successfully created attachment [Test Data - Excel] @06-05-2021 01:59:24.0978 A

################################################################################################################################################
Starting Execution:	[137 out of 137] test cases in the current suite
Test Method:		[unitTests.tests_io_excelFileManager.getCellData_rowName_expectedToPass]
################################################################################################################################################
[ReportManager] testRowData. @06-05-2021 01:59:24.0983 A

################################################################################################################################################
Test Closure Activities
################################################################################################################################################
[ReportManager] Successfully created attachment [SHAFT Engine Logs - Execution log] @06-05-2021 01:59:25.0007 AM

################################################################################################################################################
This test run was powered by SHAFT Engine Version: [SHAFT Engine v5.2.20210427]
SHAFT Engine is licensed under the MIT License: [https://github.com/MohabMohie/SHAFT_ENGINE/blob/master/LICENSE].
################################################################################################################################################