################################################################################################################################################
Detected SHAFT Engine Version: [SHAFT Engine v5.2.20210427]
################################################################################################################################################
[ReportManager] File Action [getAbsolutePath] successfully performed. With the following test data [Relative Folder Path: "target/downloadedFiles/"]. @04-05-2021 11:07:23.0318 AM
[ReportManager] Attempting to run remotely on: [Linux-64], [GoogleChrome], [http://localhost:4444/wd/hub], Headless Execution. @04-05-2021 11:07:23.0346 AM
[ReportManager] Successfully Opened [GoogleChrome]. @04-05-2021 11:07:24.0930 A

################################################################################################################################################
Starting Execution:	[1 out of 137] test cases in the current suite
Test Method:		[testPackage01.Test_assertEquals.test_assertElementAttribute]
################################################################################################################################################
[ReportManager] Target URL: [https://www.google.com/ncr], and after redirection: [https://www.google.com] @04-05-2021 11:07:25.0083 AM
[ReportManager] Initial URL: [data:,] @04-05-2021 11:07:25.0213 AM
[ReportManager] Browser Action [navigateToURL] successfully performed. With the following test data [https://www.google.com/ncr]. @04-05-2021 11:07:26.0665 AM
[ReportManager] Element Action [type] successfully performed. With the following test data [INC_004010050:Another SCHEDULER with the same name [Duplicate Job Name] already exists.]. @04-05-2021 11:07:29.0124 AM
[ReportManager] Element Action [getText] successfully performed. With the following test data [INC_004010050:Another SCHEDULER with the same name [Duplicate Job Name] already exists.]. @04-05-2021 11:07:29.0279 AM
[ReportManager] Loaded Shared OpenCV @04-05-2021 11:07:29.0955 AM
[ReportManager] AssertElementAttribute PASSED; Expected [Value Should be 'INC_004010050:Another SCHEDULER with the same name \[Duplicate Job Name\] already exists.' for the 'text' attribute, element locator 'By.name: q'] and Actual [INC_004010050:Another SCHEDULER with the same name [Duplicate Job Name] already exists.]. Comparison Type [MATCHES]. Validation Type [POSITIVE]. @04-05-2021 11:07:30.0310 AM
[ReportManager] Successfully created attachment [Screenshot - 1620126449502_test_assertElementAttribute_AssertElementAttribute_passed] @04-05-2021 11:07:30.0330 A
[ReportManager] Successfully created attachment [Selenium WebDriver Logs - server] @04-05-2021 11:07:30.0602 AM
[ReportManager] Successfully created attachment [Selenium WebDriver Logs - performance] @04-05-2021 11:07:31.0064 AM
[ReportManager] Successfully created attachment [Selenium WebDriver Logs - driver] @04-05-2021 11:07:31.0555 AM
[ReportManager] Browser Action [closeCurrentWindow] successfully performed. @04-05-2021 11:07:31.0621 AM
[ReportManager] Successfully created attachment [Browser Action Test Data - closeCurrentWindow - Actual Value] @04-05-2021 11:07:31.0627 A
[ReportManager] File Action [getAbsolutePath] successfully performed. With the following test data [Relative Folder Path: "target/downloadedFiles/"]. @04-05-2021 11:07:31.0631 AM
[ReportManager] Attempting to run remotely on: [Linux-64], [GoogleChrome], [http://localhost:4444/wd/hub], Headless Execution. @04-05-2021 11:07:31.0632 AM
[ReportManager] Successfully Opened [GoogleChrome]. @04-05-2021 11:07:32.0293 A

################################################################################################################################################
Starting Execution:	[2 out of 137] test cases in the current suite
Test Method:		[testPackage01.Test_dynamicLoading.dynamicLoading_elementIsHidden]
################################################################################################################################################
[ReportManager] Target URL: [https://the-internet.herokuapp.com/dynamic_loading/1] @04-05-2021 11:07:32.0333 AM
[ReportManager] Initial URL: [data:,] @04-05-2021 11:07:32.0421 AM
[ReportManager] Browser Action [navigateToURL] successfully performed. With the following test data [https://the-internet.herokuapp.com/dynamic_loading/1]. @04-05-2021 11:07:32.0994 AM
[ReportManager] Element Action [click] successfully performed. With the following test data [Start]. @04-05-2021 11:07:33.0600 AM
[ReportManager] Element Action [getText] successfully performed. With the following test data [
    Hello World!
  ]. @04-05-2021 11:07:33.0775 AM
[ReportManager] Loaded Shared OpenCV @04-05-2021 11:07:34.0001 AM
[ReportManager] AssertElementAttribute PASSED; Expected [Value Should be 'Hello World!' for the 'text' attribute, element locator 'By.id: finish'] and Actual [
    Hello World!
  ]. Comparison Type [CONTAINS]. Validation Type [POSITIVE]. @04-05-2021 11:07:34.0150 AM
[ReportManager] Successfully created attachment [Screenshot - 1620126454001_dynamicLoading_elementIsHidden_AssertElementAttribute_passed] @04-05-2021 11:07:34.0153 A
[ReportManager] Successfully created attachment [Selenium WebDriver Logs - server] @04-05-2021 11:07:34.0227 AM
[ReportManager] Successfully created attachment [Selenium WebDriver Logs - performance] @04-05-2021 11:07:34.0278 AM
[ReportManager] Successfully created attachment [Selenium WebDriver Logs - browser] @04-05-2021 11:07:34.0299 AM
[ReportManager] Successfully created attachment [Selenium WebDriver Logs - driver] @04-05-2021 11:07:34.0417 AM
[ReportManager] Browser Action [closeCurrentWindow] successfully performed. @04-05-2021 11:07:34.0481 AM
[ReportManager] Successfully created attachment [Browser Action Test Data - closeCurrentWindow - Actual Value] @04-05-2021 11:07:34.0481 A
[ReportManager] File Action [getAbsolutePath] successfully performed. With the following test data [Relative Folder Path: "target/downloadedFiles/"]. @04-05-2021 11:07:34.0498 AM
[ReportManager] Attempting to run remotely on: [Linux-64], [GoogleChrome], [http://localhost:4444/wd/hub], Headless Execution. @04-05-2021 11:07:34.0500 AM
[ReportManager] Successfully Opened [GoogleChrome]. @04-05-2021 11:07:35.0114 A

################################################################################################################################################
Starting Execution:	[3 out of 137] test cases in the current suite
Test Method:		[testPackage01.Test_dynamicLoading.dynamicLoading_elementIsRendered]
################################################################################################################################################
[ReportManager] Target URL: [https://the-internet.herokuapp.com/dynamic_loading/2] @04-05-2021 11:07:35.0165 AM
[ReportManager] Initial URL: [data:,] @04-05-2021 11:07:35.0228 AM
[ReportManager] Browser Action [navigateToURL] successfully performed. With the following test data [https://the-internet.herokuapp.com/dynamic_loading/2]. @04-05-2021 11:07:35.0753 AM
[ReportManager] Element Action [click] successfully performed. With the following test data [Start]. @04-05-2021 11:07:36.0157 AM
[ReportManager] Element Action [getText] successfully performed. With the following test data [Hello World!]. @04-05-2021 11:07:41.0407 AM
[ReportManager] Loaded Shared OpenCV @04-05-2021 11:07:41.0568 AM
[ReportManager] AssertElementAttribute PASSED; Expected [Value Should be 'Hello World!' for the 'text' attribute, element locator 'By.id: finish'] and Actual [Hello World!]. Comparison Type [CONTAINS]. Validation Type [POSITIVE]. @04-05-2021 11:07:41.0636 AM
[ReportManager] Successfully created attachment [Screenshot - 1620126461568_dynamicLoading_elementIsRendered_AssertElementAttribute_passed] @04-05-2021 11:07:41.0637 A
[ReportManager] Successfully created attachment [Selenium WebDriver Logs - server] @04-05-2021 11:07:41.0714 AM
[ReportManager] Successfully created attachment [Selenium WebDriver Logs - performance] @04-05-2021 11:07:41.0757 AM
[ReportManager] Successfully created attachment [Selenium WebDriver Logs - browser] @04-05-2021 11:07:41.0775 AM
[ReportManager] Successfully created attachment [Selenium WebDriver Logs - driver] @04-05-2021 11:07:41.0908 AM
[ReportManager] Browser Action [closeCurrentWindow] successfully performed. @04-05-2021 11:07:41.0972 AM
[ReportManager] Successfully created attachment [Browser Action Test Data - closeCurrentWindow - Actual Value] @04-05-2021 11:07:41.0973 A

################################################################################################################################################
Starting Execution:	[4 out of 137] test cases in the current suite
Test Method:		[testPackage01.Test_SelectedValue.multipleSelect]
################################################################################################################################################
[ReportManager] File Action [getAbsolutePath] successfully performed. With the following test data [Relative Folder Path: "target/downloadedFiles/"]. @04-05-2021 11:07:41.0987 AM
[ReportManager] Attempting to run remotely on: [Linux-64], [GoogleChrome], [http://localhost:4444/wd/hub], Headless Execution. @04-05-2021 11:07:41.0987 AM
[ReportManager] Successfully Opened [GoogleChrome]. @04-05-2021 11:07:42.0656 AM
[ReportManager] Target URL: [https://mdn.mozillademos.org/en-US/docs/Web/HTML/Element/select$samples/Advanced_select_with_multiple_features?revision=1612304] @04-05-2021 11:07:42.0679 AM
[ReportManager] Initial URL: [data:,] @04-05-2021 11:07:42.0747 AM
[ReportManager] Browser Action [navigateToURL] successfully performed. With the following test data [https://mdn.mozillademos.org/en-US/docs/Web/HTML/Element/select$samples/Advanced_select_with_multiple_features?revision=1612304]. @04-05-2021 11:07:43.0600 AM
[ReportManager] Element Action [select] successfully performed. With the following test data [Dog]. @04-05-2021 11:07:43.0892 AM
[ReportManager] Element Action [select] successfully performed. With the following test data [Cat]. @04-05-2021 11:07:44.0235 AM
[ReportManager] Element Action [getSelectedText] successfully performed. With the following test data [DogCat]. @04-05-2021 11:07:44.0461 AM
[ReportManager] DogCat @04-05-2021 11:07:44.0462 AM
[ReportManager] Element Action [getSelectedText] successfully performed. With the following test data [DogCat]. @04-05-2021 11:07:44.0667 AM
[ReportManager] Loaded Shared OpenCV @04-05-2021 11:07:44.0824 AM
[ReportManager] AssertElementAttribute PASSED; Expected [Value Should be 'DogCat' for the 'selectedText' attribute, element locator 'By.tagName: select'] and Actual [DogCat]. Comparison Type [EQUALS]. Validation Type [POSITIVE]. @04-05-2021 11:07:44.0885 AM
[ReportManager] Successfully created attachment [Screenshot - 1620126464824_multipleSelect_AssertElementAttribute_passed] @04-05-2021 11:07:44.0886 AM
[ReportManager] Successfully created attachment [Selenium WebDriver Logs - server] @04-05-2021 11:07:44.0952 AM
[ReportManager] Successfully created attachment [Selenium WebDriver Logs - performance] @04-05-2021 11:07:44.0968 AM
[ReportManager] Successfully created attachment [Selenium WebDriver Logs - driver] @04-05-2021 11:07:45.0082 AM
[ReportManager] Browser Action [closeCurrentWindow] successfully performed. @04-05-2021 11:07:45.0141 AM
[ReportManager] Successfully created attachment [Browser Action Test Data - closeCurrentWindow - Actual Value] @04-05-2021 11:07:45.0142 A

################################################################################################################################################
Starting Execution:	[5 out of 137] test cases in the current suite
Test Method:		[testPackage01.Test_SelectedValue.simpleSelect]
################################################################################################################################################
[ReportManager] File Action [getAbsolutePath] successfully performed. With the following test data [Relative Folder Path: "target/downloadedFiles/"]. @04-05-2021 11:07:45.0158 AM
[ReportManager] Attempting to run remotely on: [Linux-64], [GoogleChrome], [http://localhost:4444/wd/hub], Headless Execution. @04-05-2021 11:07:45.0158 AM
[ReportManager] Successfully Opened [GoogleChrome]. @04-05-2021 11:07:45.0423 AM
[ReportManager] Target URL: [https://mdn.mozillademos.org/en-US/docs/Web/HTML/Element/select$samples/Basic_select?revision=1612304] @04-05-2021 11:07:45.0439 AM
[ReportManager] Initial URL: [data:,] @04-05-2021 11:07:45.0493 AM
[ReportManager] Browser Action [navigateToURL] successfully performed. With the following test data [https://mdn.mozillademos.org/en-US/docs/Web/HTML/Element/select$samples/Basic_select?revision=1612304]. @04-05-2021 11:07:45.0758 AM
[ReportManager] Element Action [select] successfully performed. With the following test data [Third Value]. @04-05-2021 11:07:46.0130 AM
[ReportManager] Element Action [getSelectedText] successfully performed. With the following test data [Third Value]. @04-05-2021 11:07:46.0289 AM
[ReportManager] Third Value @04-05-2021 11:07:46.0290 AM
[ReportManager] Element Action [getSelectedText] successfully performed. With the following test data [Third Value]. @04-05-2021 11:07:46.0445 AM
[ReportManager] Loaded Shared OpenCV @04-05-2021 11:07:46.0586 AM
[ReportManager] AssertElementAttribute PASSED; Expected [Value Should be 'Third Value' for the 'selectedText' attribute, element locator 'By.tagName: select'] and Actual [Third Value]. Comparison Type [EQUALS]. Validation Type [POSITIVE]. @04-05-2021 11:07:46.0647 AM
[ReportManager] Successfully created attachment [Screenshot - 1620126466585_simpleSelect_AssertElementAttribute_passed] @04-05-2021 11:07:46.0647 AM
[ReportManager] Successfully created attachment [Selenium WebDriver Logs - server] @04-05-2021 11:07:46.0698 AM
[ReportManager] Successfully created attachment [Selenium WebDriver Logs - performance] @04-05-2021 11:07:46.0708 AM
[ReportManager] Successfully created attachment [Selenium WebDriver Logs - driver] @04-05-2021 11:07:46.0807 AM
[ReportManager] Browser Action [closeCurrentWindow] successfully performed. @04-05-2021 11:07:46.0871 AM
[ReportManager] Successfully created attachment [Browser Action Test Data - closeCurrentWindow - Actual Value] @04-05-2021 11:07:46.0872 A
[ReportManager] File Action [getAbsolutePath] successfully performed. With the following test data [Relative Folder Path: "target/downloadedFiles/"]. @04-05-2021 11:07:46.0892 AM
[ReportManager] Attempting to run remotely on: [Linux-64], [GoogleChrome], [http://localhost:4444/wd/hub], Headless Execution. @04-05-2021 11:07:46.0892 AM
[ReportManager] Successfully Opened [GoogleChrome]. @04-05-2021 11:07:47.0165 A

################################################################################################################################################
Starting Execution:	[6 out of 137] test cases in the current suite
Test Method:		[testPackage01.Test_IsElementClickable.testIsElementClickable]
################################################################################################################################################
[ReportManager] Target URL: [https://the-internet.herokuapp.com/] @04-05-2021 11:07:47.0194 AM
[ReportManager] Initial URL: [data:,] @04-05-2021 11:07:47.0255 AM
[ReportManager] Browser Action [navigateToURL] successfully performed. With the following test data [https://the-internet.herokuapp.com/]. @04-05-2021 11:07:47.0755 AM
[ReportManager] Element Action [isElementClickable] successfully performed. @04-05-2021 11:07:47.0954 AM
[ReportManager] AssertTrue PASSED; Expected [TRUE] and Actual [TRUE]. Validation Type [POSITIVE]. @04-05-2021 11:07:47.0955 A
[ReportManager] Successfully created attachment [Selenium WebDriver Logs - server] @04-05-2021 11:07:48.0082 AM
[ReportManager] Successfully created attachment [Selenium WebDriver Logs - performance] @04-05-2021 11:07:48.0109 AM
[ReportManager] Successfully created attachment [Selenium WebDriver Logs - browser] @04-05-2021 11:07:48.0129 AM
[ReportManager] Successfully created attachment [Selenium WebDriver Logs - driver] @04-05-2021 11:07:48.0197 AM
[ReportManager] Browser Action [closeCurrentWindow] successfully performed. @04-05-2021 11:07:48.0254 AM
[ReportManager] Successfully created attachment [Browser Action Test Data - closeCurrentWindow - Actual Value] @04-05-2021 11:07:48.0255 A
[ReportManager] File Action [getAbsolutePath] successfully performed. With the following test data [Relative Folder Path: "target/downloadedFiles/"]. @04-05-2021 11:07:48.0261 AM
[ReportManager] Attempting to run remotely on: [Linux-64], [GoogleChrome], [http://localhost:4444/wd/hub], Headless Execution. @04-05-2021 11:07:48.0262 AM
[ReportManager] Successfully Opened [GoogleChrome]. @04-05-2021 11:07:48.0533 A

################################################################################################################################################
Starting Execution:	[7 out of 137] test cases in the current suite
Test Method:		[testPackage01.Test_dragAndDrop.dragAndDrop]
Test Description:	[TC001 - Test Drag and Drop function.]
################################################################################################################################################
[ReportManager] Target URL: [http://the-internet.herokuapp.com/drag_and_drop] @04-05-2021 11:07:48.0574 AM
[ReportManager] Initial URL: [data:,] @04-05-2021 11:07:48.0642 AM
[ReportManager] Browser Action [navigateToURL] successfully performed. With the following test data [http://the-internet.herokuapp.com/drag_and_drop]. @04-05-2021 11:07:49.0090 AM
[ReportManager] Attempting Drag and Drop @04-05-2021 11:07:49.0090 AM
[ReportManager] Element Action [dragAndDrop] successfully performed. With the following test data [Start point: (32, 89), End point: (247, 89)]. @04-05-2021 11:07:50.0327 A
[ReportManager] Successfully created attachment [Selenium WebDriver Logs - server] @04-05-2021 11:07:50.0405 AM
[ReportManager] Successfully created attachment [Selenium WebDriver Logs - performance] @04-05-2021 11:07:50.0424 AM
[ReportManager] Successfully created attachment [Selenium WebDriver Logs - browser] @04-05-2021 11:07:50.0436 AM
[ReportManager] Successfully created attachment [Selenium WebDriver Logs - driver] @04-05-2021 11:07:50.0492 AM
[ReportManager] Browser Action [closeCurrentWindow] successfully performed. @04-05-2021 11:07:50.0549 AM
[ReportManager] Successfully created attachment [Browser Action Test Data - closeCurrentWindow - Actual Value] @04-05-2021 11:07:50.0550 A
[ReportManager] File Action [getAbsolutePath] successfully performed. With the following test data [Relative Folder Path: "target/downloadedFiles/"]. @04-05-2021 11:07:50.0555 AM
[ReportManager] Attempting to run remotely on: [Linux-64], [GoogleChrome], [http://localhost:4444/wd/hub], Headless Execution. @04-05-2021 11:07:50.0555 AM
[ReportManager] Successfully Opened [GoogleChrome]. @04-05-2021 11:07:50.0808 A

################################################################################################################################################
Starting Execution:	[8 out of 137] test cases in the current suite
Test Method:		[testPackage01.Test_dragAndDrop.dragAndDropByOffset]
Test Description:	[TC002 - Test Drag and Drop by offset function.]
################################################################################################################################################
[ReportManager] Target URL: [https://jqueryui.com/resources/demos/draggable/default.html] @04-05-2021 11:07:50.0866 AM
[ReportManager] Initial URL: [data:,] @04-05-2021 11:07:50.0953 AM
[ReportManager] Browser Action [navigateToURL] successfully performed. With the following test data [https://jqueryui.com/resources/demos/draggable/default.html]. @04-05-2021 11:07:51.0390 AM
[ReportManager] Element Action [dragAndDropByOffset] successfully performed. With the following test data [Start point: (8, 8), End point: (1008, 108)]. @04-05-2021 11:07:51.0590 A
[ReportManager] Successfully created attachment [Selenium WebDriver Logs - server] @04-05-2021 11:07:51.0650 AM
[ReportManager] Successfully created attachment [Selenium WebDriver Logs - performance] @04-05-2021 11:07:51.0664 AM
[ReportManager] Successfully created attachment [Selenium WebDriver Logs - driver] @04-05-2021 11:07:51.0717 AM
[ReportManager] Browser Action [closeCurrentWindow] successfully performed. @04-05-2021 11:07:51.0776 AM
[ReportManager] Successfully created attachment [Browser Action Test Data - closeCurrentWindow - Actual Value] @04-05-2021 11:07:51.0776 A
[ReportManager] File Action [getAbsolutePath] successfully performed. With the following test data [Relative Folder Path: "target/downloadedFiles/"]. @04-05-2021 11:07:51.0779 AM
[ReportManager] Attempting to run remotely on: [Linux-64], [GoogleChrome], [http://localhost:4444/wd/hub], Headless Execution. @04-05-2021 11:07:51.0783 AM
[ReportManager] Successfully Opened [GoogleChrome]. @04-05-2021 11:07:52.0043 A

################################################################################################################################################
Starting Execution:	[9 out of 137] test cases in the current suite
Test Method:		[testPackage01.Test_dragAndDrop.dragAndDropJquery]
################################################################################################################################################
[ReportManager] Target URL: [https://jqueryui.com/resources/demos/droppable/default.html] @04-05-2021 11:07:52.0087 AM
[ReportManager] Initial URL: [data:,] @04-05-2021 11:07:52.0137 AM
[ReportManager] Browser Action [navigateToURL] successfully performed. With the following test data [https://jqueryui.com/resources/demos/droppable/default.html]. @04-05-2021 11:07:52.0528 AM
[ReportManager] Element Action [getText] successfully performed. With the following test data [Drop here]. @04-05-2021 11:07:52.0620 AM
[ReportManager] Element Action [dragAndDrop] successfully performed. With the following test data [Start point: (8, 18), End point: (8, 18)]. @04-05-2021 11:07:53.0999 AM
[ReportManager] Element Action [getText] successfully performed. With the following test data [Dropped!]. @04-05-2021 11:07:54.0088 AM
[ReportManager] Checking to see if the text has changed after performing drag and drop... @04-05-2021 11:07:54.0088 AM
[ReportManager] AssertEquals PASSED; Expected [Drop here] and Actual [Dropped!]. Comparison Type [EQUALS]. Validation Type [NEGATIVE]. @04-05-2021 11:07:54.0089 A
[ReportManager] Successfully created attachment [Selenium WebDriver Logs - server] @04-05-2021 11:07:54.0182 AM
[ReportManager] Successfully created attachment [Selenium WebDriver Logs - performance] @04-05-2021 11:07:54.0200 AM
[ReportManager] Successfully created attachment [Selenium WebDriver Logs - driver] @04-05-2021 11:07:54.0277 AM
[ReportManager] Browser Action [closeCurrentWindow] successfully performed. @04-05-2021 11:07:54.0336 AM
[ReportManager] Successfully created attachment [Browser Action Test Data - closeCurrentWindow - Actual Value] @04-05-2021 11:07:54.0336 A

################################################################################################################################################
Starting Execution:	[10 out of 137] test cases in the current suite
Test Method:		[testPackage01.Test_SkipDueToIssue.doNotSkip]
################################################################################################################################################
[ReportManager] This should not be skipped. @04-05-2021 11:07:54.0340 A

################################################################################################################################################
Starting Execution:	[11 out of 137] test cases in the current suite
Test Method:		[testPackage01.Test_SkipDueToIssue.skip]
################################################################################################################################################
[ReportManager] This should be skipped. @04-05-2021 11:07:54.0347 A

################################################################################################################################################
Starting Execution:	[12 out of 137] test cases in the current suite
Test Method:		[testPackage01.Test_SkipDueToIssue.skip2]
################################################################################################################################################
[ReportManager] This should be skipped. @04-05-2021 11:07:54.0351 A

################################################################################################################################################
Starting Execution:	[13 out of 137] test cases in the current suite
Test Method:		[testPackage01.Test_chainableElementActions.chainElementActions]
################################################################################################################################################
[ReportManager] File Action [getAbsolutePath] successfully performed. With the following test data [Relative Folder Path: "target/downloadedFiles/"]. @04-05-2021 11:07:54.0355 AM
[ReportManager] Attempting to run remotely on: [Linux-64], [GoogleChrome], [http://localhost:4444/wd/hub], Headless Execution. @04-05-2021 11:07:54.0355 AM
[ReportManager] Successfully Opened [GoogleChrome]. @04-05-2021 11:07:54.0591 AM
[ReportManager] Target URL: [https://www.google.com/ncr], and after redirection: [https://www.google.com] @04-05-2021 11:07:54.0605 AM
[ReportManager] Initial URL: [data:,] @04-05-2021 11:07:54.0651 AM
[ReportManager] Browser Action [navigateToURL] successfully performed. With the following test data [https://www.google.com/ncr]. @04-05-2021 11:07:55.0504 AM
[ReportManager] Element Action [type] successfully performed. With the following test data [chained type 1]. @04-05-2021 11:07:56.0127 AM
[ReportManager] Element Action [type] successfully performed. With the following test data [chained type 2]. @04-05-2021 11:07:56.0730 AM
[ReportManager] Element Action [typeAppend] successfully performed. With the following test data [345]. @04-05-2021 11:07:56.0883 AM
[ReportManager] Element Action [getText] successfully performed. With the following test data [chained type 2345]. @04-05-2021 11:07:57.0010 AM
[ReportManager] Loaded Shared OpenCV @04-05-2021 11:07:57.0224 AM
[ReportManager] AssertElementAttribute PASSED; Expected [Value Should be 'chained type 2345' for the 'text' attribute, element locator 'By.name: q'] and Actual [chained type 2345]. Comparison Type [EQUALS]. Validation Type [POSITIVE]. @04-05-2021 11:07:57.0302 AM
[ReportManager] Successfully created attachment [Screenshot - 1620126477224_chainElementActions_AssertElementAttribute_passed] @04-05-2021 11:07:57.0304 AM
[ReportManager] Successfully created attachment [Selenium WebDriver Logs - server] @04-05-2021 11:07:57.0402 AM
[ReportManager] Successfully created attachment [Selenium WebDriver Logs - performance] @04-05-2021 11:07:57.0557 AM
[ReportManager] Successfully created attachment [Selenium WebDriver Logs - driver] @04-05-2021 11:07:57.0744 AM
[ReportManager] Browser Action [closeCurrentWindow] successfully performed. @04-05-2021 11:07:57.0802 AM
[ReportManager] Successfully created attachment [Browser Action Test Data - closeCurrentWindow - Actual Value] @04-05-2021 11:07:57.0803 A
[ReportManager] File Action [getAbsolutePath] successfully performed. With the following test data [Relative Folder Path: "target/downloadedFiles/"]. @04-05-2021 11:07:57.0830 AM
[ReportManager] Attempting to run remotely on: [Linux-64], [GoogleChrome], [http://localhost:4444/wd/hub], Headless Execution. @04-05-2021 11:07:57.0830 AM
[ReportManager] Successfully Opened [GoogleChrome]. @04-05-2021 11:07:58.0056 A

################################################################################################################################################
Starting Execution:	[14 out of 137] test cases in the current suite
Test Method:		[testPackage01.Test_clipboardActions.typeTextAndCopyPaste]
################################################################################################################################################
[ReportManager] Target URL: [https://www.google.com/ncr], and after redirection: [https://www.google.com] @04-05-2021 11:07:58.0078 AM
[ReportManager] Initial URL: [data:,] @04-05-2021 11:07:58.0138 AM
[ReportManager] Browser Action [navigateToURL] successfully performed. With the following test data [https://www.google.com/ncr]. @04-05-2021 11:07:59.0002 AM
[ReportManager] Element Action [type] successfully performed. With the following test data [FIRST]. @04-05-2021 11:07:59.0488 AM
[ReportManager] Element Action [clipboardActions] successfully performed. With the following test data [select all]. @04-05-2021 11:07:59.0593 AM
[ReportManager] Element Action [clipboardActions] successfully performed. With the following test data [copy]. @04-05-2021 11:07:59.0670 AM
[ReportManager] Element Action [clipboardActions] successfully performed. With the following test data [unselect]. @04-05-2021 11:07:59.0742 AM
[ReportManager] Element Action [clipboardActions] successfully performed. With the following test data [paste]. @04-05-2021 11:07:59.0851 AM
[ReportManager] Element Action [clipboardActions] successfully performed. With the following test data [select all]. @04-05-2021 11:07:59.0939 AM
[ReportManager] Element Action [clipboardActions] successfully performed. With the following test data [cut]. @04-05-2021 11:08:00.0047 AM
[ReportManager] Element Action [clipboardActions] successfully performed. With the following test data [paste]. @04-05-2021 11:08:00.0152 AM
[ReportManager] Element Action [clipboardActions] successfully performed. With the following test data [paste]. @04-05-2021 11:08:00.0245 A
[ReportManager] Successfully created attachment [Selenium WebDriver Logs - server] @04-05-2021 11:08:00.0363 AM
[ReportManager] Successfully created attachment [Selenium WebDriver Logs - performance] @04-05-2021 11:08:00.0449 AM
[ReportManager] Successfully created attachment [Selenium WebDriver Logs - driver] @04-05-2021 11:08:00.0640 AM
[ReportManager] Browser Action [closeCurrentWindow] successfully performed. @04-05-2021 11:08:00.0698 AM
[ReportManager] Successfully created attachment [Browser Action Test Data - closeCurrentWindow - Actual Value] @04-05-2021 11:08:00.0699 A
[ReportManager] File Action [getAbsolutePath] successfully performed. With the following test data [Relative Folder Path: "target/downloadedFiles/"]. @04-05-2021 11:08:00.0701 AM
[ReportManager] Attempting to run remotely on: [Linux-64], [GoogleChrome], [http://localhost:4444/wd/hub], Headless Execution. @04-05-2021 11:08:00.0701 AM
[ReportManager] Successfully Opened [GoogleChrome]. @04-05-2021 11:08:00.0953 A

################################################################################################################################################
Starting Execution:	[15 out of 137] test cases in the current suite
Test Method:		[testPackage01.Test_verifyEquals.test_assertElementAttribute]
################################################################################################################################################
[ReportManager] Target URL: [https://www.google.com/ncr], and after redirection: [https://www.google.com] @04-05-2021 11:08:00.0967 AM
[ReportManager] Initial URL: [data:,] @04-05-2021 11:08:01.0032 AM
[ReportManager] Browser Action [navigateToURL] successfully performed. With the following test data [https://www.google.com/ncr]. @04-05-2021 11:08:01.0914 AM
[ReportManager] Element Action [type] successfully performed. With the following test data [INC_004010050:Another SCHEDULER with the same name [Duplicate Job Name] already exists.]. @04-05-2021 11:08:04.0275 AM
[ReportManager] Element Action [getText] successfully performed. With the following test data [INC_004010050:Another SCHEDULER with the same name [Duplicate Job Name] already exists.]. @04-05-2021 11:08:04.0385 AM
[ReportManager] Loaded Shared OpenCV @04-05-2021 11:08:04.0560 AM
[ReportManager] VerifyElementAttribute PASSED; Expected [Value Should be 'INC_004010050:Another SCHEDULER with the same name \[Duplicate Job Name\] already exists.' for the 'text' attribute, element locator 'By.name: q'] and Actual [INC_004010050:Another SCHEDULER with the same name [Duplicate Job Name] already exists.]. Comparison Type [MATCHES]. Validation Type [POSITIVE]. @04-05-2021 11:08:04.0634 AM
[ReportManager] Successfully created attachment [Screenshot - 1620126484560_test_assertElementAttribute_VerifyElementAttribute_passed] @04-05-2021 11:08:04.0635 A
[ReportManager] Successfully created attachment [Selenium WebDriver Logs - server] @04-05-2021 11:08:04.0730 AM
[ReportManager] Successfully created attachment [Selenium WebDriver Logs - performance] @04-05-2021 11:08:05.0117 AM
[ReportManager] Successfully created attachment [Selenium WebDriver Logs - driver] @04-05-2021 11:08:05.0435 AM
[ReportManager] Browser Action [closeCurrentWindow] successfully performed. @04-05-2021 11:08:05.0492 AM
[ReportManager] Successfully created attachment [Browser Action Test Data - closeCurrentWindow - Actual Value] @04-05-2021 11:08:05.0493 A

################################################################################################################################################
Starting Execution:	[16 out of 137] test cases in the current suite
Test Method:		[testPackage01.Test_JSONFileManager.readStringFromJson]
################################################################################################################################################
[ReportManager] Successfully loaded the following test data file [src/test/resources/TestDataFiles/simpleJSON.json]. @04-05-2021 11:08:05.0500 AM
[ReportManager] Successfully created attachment [Test Data - JSON] @04-05-2021 11:08:05.0721 AM
[ReportManager] AssertEquals PASSED; Expected [Mohab Mohie] and Actual [Mohab Mohie]. Comparison Type [EQUALS]. Validation Type [POSITIVE]. @04-05-2021 11:08:07.0510 A
[ReportManager] File Action [getAbsolutePath] successfully performed. With the following test data [Relative Folder Path: "target/downloadedFiles/"]. @04-05-2021 11:08:07.0536 AM
[ReportManager] Attempting to run remotely on: [Linux-64], [GoogleChrome], [http://localhost:4444/wd/hub], Headless Execution. @04-05-2021 11:08:07.0536 AM
[ReportManager] Successfully Opened [GoogleChrome]. @04-05-2021 11:08:07.0966 A

################################################################################################################################################
Starting Execution:	[17 out of 137] test cases in the current suite
Test Method:		[testPackage01.Test_uploadFile.uploadFile_invisibleUploadInput]
################################################################################################################################################
[ReportManager] Target URL: [https://fineuploader.com/demos.html#gallery-view] @04-05-2021 11:08:08.0000 AM
[ReportManager] Initial URL: [data:,] @04-05-2021 11:08:08.0072 AM
[ReportManager] Browser Action [navigateToURL] successfully performed. With the following test data [https://fineuploader.com/demos.html#gallery-view]. @04-05-2021 11:08:09.0864 AM
[ReportManager] File Action [getAbsolutePath] successfully performed. With the following test data [Relative File Path: "src/main/resources/images/shaft.png"]. @04-05-2021 11:08:09.0864 AM
[ReportManager] Successfully created attachment [File Action Actual Result - Command Log] @04-05-2021 11:08:09.0864 AM
[ReportManager] Element Action [typeFileLocationForUpload] successfully performed. With the following test data [/home/runner/work/SHAFT_ENGINE/SHAFT_ENGINE/src/main/resources/images/shaft.png]. @04-05-2021 11:08:10.0055 AM
[ReportManager] Attempting to getAttribute [src] from elementLocator [By.xpath: //div[@id='fine-uploader-gallery']//div[@class='qq-thumbnail-wrapper']/img]. @04-05-2021 11:08:10.0055 AM
[ReportManager] Element Action [getAttribute] successfully performed. @04-05-2021 11:08:10.0166 AM
[ReportManager] Successfully created attachment [Element Action Test Data - getAttribute - Actual Value] @04-05-2021 11:08:10.0167 AM
[ReportManager] Loaded Shared OpenCV @04-05-2021 11:08:10.0354 AM
[ReportManager] AssertElementAttribute PASSED; Expected and Actual values are attached. Comparison Type [CONTAINS]. Validation Type [POSITIVE]. @04-05-2021 11:08:10.0428 AM
[ReportManager] Successfully created attachment [Validation Test Data - Expected Value] @04-05-2021 11:08:10.0428 AM
[ReportManager] Successfully created attachment [Validation Test Data - Actual Value] @04-05-2021 11:08:10.0428 AM
[ReportManager] Successfully created attachment [Screenshot - 1620126490354_uploadFile_invisibleUploadInput_AssertElementAttribute_passed] @04-05-2021 11:08:10.0429 A
[ReportManager] Successfully created attachment [Selenium WebDriver Logs - server] @04-05-2021 11:08:10.0554 AM
[ReportManager] Successfully created attachment [Selenium WebDriver Logs - performance] @04-05-2021 11:08:10.0640 AM
[ReportManager] Successfully created attachment [Selenium WebDriver Logs - browser] @04-05-2021 11:08:10.0653 AM
[ReportManager] Successfully created attachment [Selenium WebDriver Logs - driver] @04-05-2021 11:08:10.0807 AM
[ReportManager] Browser Action [closeCurrentWindow] successfully performed. @04-05-2021 11:08:10.0872 AM
[ReportManager] Successfully created attachment [Browser Action Test Data - closeCurrentWindow - Actual Value] @04-05-2021 11:08:10.0873 A
[ReportManager] File Action [getAbsolutePath] successfully performed. With the following test data [Relative Folder Path: "target/downloadedFiles/"]. @04-05-2021 11:08:10.0875 AM
[ReportManager] Attempting to run remotely on: [Linux-64], [GoogleChrome], [http://localhost:4444/wd/hub], Headless Execution. @04-05-2021 11:08:10.0875 AM
[ReportManager] Successfully Opened [GoogleChrome]. @04-05-2021 11:08:11.0137 A

################################################################################################################################################
Starting Execution:	[18 out of 137] test cases in the current suite
Test Method:		[testPackage01.Test_uploadFile.uploadFile_visibleUploadInput]
################################################################################################################################################
[ReportManager] Target URL: [http://demo.guru99.com/test/upload/] @04-05-2021 11:08:11.0164 AM
[ReportManager] Initial URL: [data:,] @04-05-2021 11:08:11.0212 AM
[ReportManager] Browser Action [navigateToURL] successfully performed. With the following test data [http://demo.guru99.com/test/upload/]. @04-05-2021 11:08:12.0013 AM
[ReportManager] File Action [getAbsolutePath] successfully performed. With the following test data [Relative File Path: "src/main/resources/images/shaft.png"]. @04-05-2021 11:08:12.0013 AM
[ReportManager] Successfully created attachment [File Action Actual Result - Command Log] @04-05-2021 11:08:12.0013 AM
[ReportManager] Element Action [typeFileLocationForUpload] successfully performed. With the following test data [/home/runner/work/SHAFT_ENGINE/SHAFT_ENGINE/src/main/resources/images/shaft.png]. @04-05-2021 11:08:12.0182 AM
[ReportManager] Element Action [click] successfully performed. With the following test data [on]. @04-05-2021 11:08:12.0564 AM
[ReportManager] Element Action [click] successfully performed. With the following test data [Submit File]. @04-05-2021 11:08:12.0896 AM
[ReportManager] Element Action [getText] successfully performed. With the following test data [1 file
has been successfully uploaded.]. @04-05-2021 11:08:13.0532 AM
[ReportManager] Loaded Shared OpenCV @04-05-2021 11:08:13.0679 AM
[ReportManager] AssertElementAttribute PASSED; Expected [Value Should be '1 file' for the 'Text' attribute, element locator 'By.id: res'] and Actual [1 file
has been successfully uploaded.]. Comparison Type [CONTAINS]. Validation Type [POSITIVE]. @04-05-2021 11:08:13.0754 AM
[ReportManager] Successfully created attachment [Screenshot - 1620126493679_uploadFile_visibleUploadInput_AssertElementAttribute_passed] @04-05-2021 11:08:13.0755 A
[ReportManager] Successfully created attachment [Selenium WebDriver Logs - server] @04-05-2021 11:08:13.0824 AM
[ReportManager] Successfully created attachment [Selenium WebDriver Logs - performance] @04-05-2021 11:08:13.0873 AM
[ReportManager] Successfully created attachment [Selenium WebDriver Logs - browser] @04-05-2021 11:08:13.0887 AM
[ReportManager] Successfully created attachment [Selenium WebDriver Logs - driver] @04-05-2021 11:08:14.0047 AM
[ReportManager] Browser Action [closeCurrentWindow] successfully performed. @04-05-2021 11:08:14.0110 AM
[ReportManager] Successfully created attachment [Browser Action Test Data - closeCurrentWindow - Actual Value] @04-05-2021 11:08:14.0111 A
[ReportManager] File Action [getAbsolutePath] successfully performed. With the following test data [Relative Folder Path: "target/downloadedFiles/"]. @04-05-2021 11:08:14.0124 AM
[ReportManager] Attempting to run remotely on: [Linux-64], [GoogleChrome], [http://localhost:4444/wd/hub], Headless Execution. @04-05-2021 11:08:14.0124 AM
[ReportManager] Successfully Opened [GoogleChrome]. @04-05-2021 11:08:14.0379 A

################################################################################################################################################
Starting Execution:	[19 out of 137] test cases in the current suite
Test Method:		[testPackage01.Test_ShadowDOM.shadowdom]
################################################################################################################################################
[ReportManager] Target URL: [https://mdn.github.io/web-components-examples/popup-info-box-web-component/] @04-05-2021 11:08:14.0404 AM
[ReportManager] Initial URL: [data:,] @04-05-2021 11:08:14.0455 AM
[ReportManager] Browser Action [navigateToURL] successfully performed. With the following test data [https://mdn.github.io/web-components-examples/popup-info-box-web-component/]. @04-05-2021 11:08:14.0691 AM
[ReportManager] Element Action [type] successfully performed. With the following test data [Typing into SHADOW DOM...]. @04-05-2021 11:08:15.0460 AM
[ReportManager] Element Action [getText] successfully performed. With the following test data [Typing into SHADOW DOM...]. @04-05-2021 11:08:15.0571 AM
[ReportManager] Loaded Shared OpenCV @04-05-2021 11:08:15.0691 AM
[ReportManager] AssertElementAttribute PASSED; Expected [Value Should be 'Typing into SHADOW DOM...' for the 'Text' attribute, element locator 'By.id: cvc'] and Actual [Typing into SHADOW DOM...]. Comparison Type [EQUALS]. Validation Type [POSITIVE]. @04-05-2021 11:08:15.0758 AM
[ReportManager] Successfully created attachment [Screenshot - 1620126495691_shadowdom_AssertElementAttribute_passed] @04-05-2021 11:08:15.0758 A
[ReportManager] Successfully created attachment [Selenium WebDriver Logs - server] @04-05-2021 11:08:15.0808 AM
[ReportManager] Successfully created attachment [Selenium WebDriver Logs - performance] @04-05-2021 11:08:15.0838 AM
[ReportManager] Successfully created attachment [Selenium WebDriver Logs - browser] @04-05-2021 11:08:15.0870 AM
[ReportManager] Successfully created attachment [Selenium WebDriver Logs - driver] @04-05-2021 11:08:15.0983 AM
[ReportManager] Browser Action [closeCurrentWindow] successfully performed. @04-05-2021 11:08:16.0040 AM
[ReportManager] Successfully created attachment [Browser Action Test Data - closeCurrentWindow - Actual Value] @04-05-2021 11:08:16.0040 A

################################################################################################################################################
Starting Execution:	[20 out of 137] test cases in the current suite
Test Method:		[testPackage01.Test_NewValidationHelper.f1]
################################################################################################################################################
[ReportManager] Checking valid user data... @04-05-2021 11:08:16.0049 AM
[ReportManager] AssertEquals PASSED; Expected and Actual values are attached. Comparison Type [EQUALS]. Validation Type [POSITIVE]. @04-05-2021 11:08:16.0049 AM
[ReportManager] Successfully created attachment [Validation Test Data - Expected Value] @04-05-2021 11:08:16.0049 AM
[ReportManager] Successfully created attachment [Validation Test Data - Actual Value] @04-05-2021 11:08:16.0050 A
[ReportManager] File Action [getAbsolutePath] successfully performed. With the following test data [Relative Folder Path: "target/downloadedFiles/"]. @04-05-2021 11:08:16.0053 AM
[ReportManager] Attempting to run remotely on: [Linux-64], [GoogleChrome], [http://localhost:4444/wd/hub], Headless Execution. @04-05-2021 11:08:16.0053 AM
[ReportManager] Successfully Opened [GoogleChrome]. @04-05-2021 11:08:16.0321 AM
[ReportManager] Target URL: [https://the-internet.herokuapp.com/] @04-05-2021 11:08:16.0339 AM
[ReportManager] Initial URL: [data:,] @04-05-2021 11:08:16.0389 AM
[ReportManager] Browser Action [navigateToURL] successfully performed. With the following test data [https://the-internet.herokuapp.com/]. @04-05-2021 11:08:16.0888 A

################################################################################################################################################
Starting Execution:	[21 out of 137] test cases in the current suite
Test Method:		[testPackage01.Test_NewValidationHelper.f10]
################################################################################################################################################
[ReportManager] AssertElementExists FAILED; Expected [Element Should Exist, locator 'By.tagName: div'] and Actual [Element Exists but is not unique]. Comparison Type [EQUALS]. Validation Type [POSITIVE]. @04-05-2021 11:08:17.0284 AM
[ReportManager] Successfully created attachment [Screenshot - 1620126497118_f10_AssertElementExists_failed] @04-05-2021 11:08:17.0285 A
[ReportManager] Successfully created attachment [Selenium WebDriver Logs - server] @04-05-2021 11:08:17.0303 AM
[ReportManager] Successfully created attachment [Selenium WebDriver Logs - performance] @04-05-2021 11:08:17.0325 AM
[ReportManager] Successfully created attachment [Selenium WebDriver Logs - browser] @04-05-2021 11:08:17.0334 AM
[ReportManager] Successfully created attachment [Selenium WebDriver Logs - driver] @04-05-2021 11:08:17.0395 AM
[ReportManager] Successfully Closed All Drivers. @04-05-2021 11:08:17.0478 A
[ReportManager] File Action [getAbsolutePath] successfully performed. With the following test data [Relative Folder Path: "target/downloadedFiles/"]. @04-05-2021 11:08:17.0481 AM
[ReportManager] Attempting to run remotely on: [Linux-64], [GoogleChrome], [http://localhost:4444/wd/hub], Headless Execution. @04-05-2021 11:08:17.0481 AM
[ReportManager] Successfully Opened [GoogleChrome]. @04-05-2021 11:08:17.0720 AM
[ReportManager] Target URL: [https://the-internet.herokuapp.com/] @04-05-2021 11:08:17.0731 AM
[ReportManager] Initial URL: [data:,] @04-05-2021 11:08:17.0783 AM
[ReportManager] Browser Action [navigateToURL] successfully performed. With the following test data [https://the-internet.herokuapp.com/]. @04-05-2021 11:08:18.0278 A

################################################################################################################################################
Starting Execution:	[22 out of 137] test cases in the current suite
Test Method:		[testPackage01.Test_NewValidationHelper.f11]
################################################################################################################################################
[ReportManager] Checking that false tag doesn't exist... @04-05-2021 11:08:18.0286 AM
[ReportManager] AssertElementExists PASSED; Expected [Element Should not Exist, locator 'By.tagName: h3'] and Actual [Element Doesn't Exists]. Comparison Type [EQUALS]. Validation Type [NEGATIVE]. @04-05-2021 11:08:28.0704 AM
[ReportManager] Successfully created attachment [Screenshot - 1620126508643_f11_AssertElementExists_passed] @04-05-2021 11:08:28.0705 A
[ReportManager] Successfully created attachment [Selenium WebDriver Logs - server] @04-05-2021 11:08:28.0720 AM
[ReportManager] Successfully created attachment [Selenium WebDriver Logs - performance] @04-05-2021 11:08:28.0743 AM
[ReportManager] Successfully created attachment [Selenium WebDriver Logs - browser] @04-05-2021 11:08:28.0751 AM
[ReportManager] Successfully created attachment [Selenium WebDriver Logs - driver] @04-05-2021 11:08:28.0812 AM
[ReportManager] Successfully Closed All Drivers. @04-05-2021 11:08:28.0885 A
[ReportManager] File Action [getAbsolutePath] successfully performed. With the following test data [Relative Folder Path: "target/downloadedFiles/"]. @04-05-2021 11:08:28.0887 AM
[ReportManager] Attempting to run remotely on: [Linux-64], [GoogleChrome], [http://localhost:4444/wd/hub], Headless Execution. @04-05-2021 11:08:28.0887 AM
[ReportManager] Successfully Opened [GoogleChrome]. @04-05-2021 11:08:29.0129 AM
[ReportManager] Target URL: [https://the-internet.herokuapp.com/] @04-05-2021 11:08:29.0144 AM
[ReportManager] Initial URL: [data:,] @04-05-2021 11:08:29.0186 AM
[ReportManager] Browser Action [navigateToURL] successfully performed. With the following test data [https://the-internet.herokuapp.com/]. @04-05-2021 11:08:29.0667 A

################################################################################################################################################
Starting Execution:	[23 out of 137] test cases in the current suite
Test Method:		[testPackage01.Test_NewValidationHelper.f12]
################################################################################################################################################
[ReportManager] Loaded Shared OpenCV @04-05-2021 11:08:29.0905 AM
[ReportManager] AssertElementExists FAILED; Expected [Element Should not Exist, locator 'By.tagName: h1'] and Actual [Element Exists]. Comparison Type [EQUALS]. Validation Type [NEGATIVE]. @04-05-2021 11:08:29.0997 AM
[ReportManager] Successfully created attachment [Screenshot - 1620126509904_f12_AssertElementExists_failed] @04-05-2021 11:08:29.0998 A
[ReportManager] Successfully created attachment [Selenium WebDriver Logs - server] @04-05-2021 11:08:30.0022 AM
[ReportManager] Successfully created attachment [Selenium WebDriver Logs - performance] @04-05-2021 11:08:30.0048 AM
[ReportManager] Successfully created attachment [Selenium WebDriver Logs - browser] @04-05-2021 11:08:30.0055 AM
[ReportManager] Successfully created attachment [Selenium WebDriver Logs - driver] @04-05-2021 11:08:30.0171 AM
[ReportManager] Successfully Closed All Drivers. @04-05-2021 11:08:30.0253 A
[ReportManager] File Action [getAbsolutePath] successfully performed. With the following test data [Relative Folder Path: "target/downloadedFiles/"]. @04-05-2021 11:08:30.0263 AM
[ReportManager] Attempting to run remotely on: [Linux-64], [GoogleChrome], [http://localhost:4444/wd/hub], Headless Execution. @04-05-2021 11:08:30.0263 AM
[ReportManager] Successfully Opened [GoogleChrome]. @04-05-2021 11:08:30.0493 AM
[ReportManager] Target URL: [https://the-internet.herokuapp.com/] @04-05-2021 11:08:30.0504 AM
[ReportManager] Initial URL: [data:,] @04-05-2021 11:08:30.0548 AM
[ReportManager] Browser Action [navigateToURL] successfully performed. With the following test data [https://the-internet.herokuapp.com/]. @04-05-2021 11:08:31.0004 A

################################################################################################################################################
Starting Execution:	[24 out of 137] test cases in the current suite
Test Method:		[testPackage01.Test_NewValidationHelper.f13]
################################################################################################################################################
[ReportManager] AssertElementExists FAILED; Expected [Element Should not Exist, locator 'By.tagName: div'] and Actual [Element Exists but is not unique]. Comparison Type [EQUALS]. Validation Type [NEGATIVE]. @04-05-2021 11:08:31.0288 AM
[ReportManager] Successfully created attachment [Screenshot - 1620126511227_f13_AssertElementExists_failed] @04-05-2021 11:08:31.0289 A
[ReportManager] Successfully created attachment [Selenium WebDriver Logs - server] @04-05-2021 11:08:31.0304 AM
[ReportManager] Successfully created attachment [Selenium WebDriver Logs - performance] @04-05-2021 11:08:31.0326 AM
[ReportManager] Successfully created attachment [Selenium WebDriver Logs - browser] @04-05-2021 11:08:31.0334 AM
[ReportManager] Successfully created attachment [Selenium WebDriver Logs - driver] @04-05-2021 11:08:31.0396 AM
[ReportManager] Successfully Closed All Drivers. @04-05-2021 11:08:31.0472 A
[ReportManager] File Action [getAbsolutePath] successfully performed. With the following test data [Relative Folder Path: "target/downloadedFiles/"]. @04-05-2021 11:08:31.0476 AM
[ReportManager] Attempting to run remotely on: [Linux-64], [GoogleChrome], [http://localhost:4444/wd/hub], Headless Execution. @04-05-2021 11:08:31.0476 AM
[ReportManager] Successfully Opened [GoogleChrome]. @04-05-2021 11:08:31.0710 AM
[ReportManager] Target URL: [https://the-internet.herokuapp.com/] @04-05-2021 11:08:31.0722 AM
[ReportManager] Initial URL: [data:,] @04-05-2021 11:08:31.0767 AM
[ReportManager] Browser Action [navigateToURL] successfully performed. With the following test data [https://the-internet.herokuapp.com/]. @04-05-2021 11:08:32.0167 A

################################################################################################################################################
Starting Execution:	[25 out of 137] test cases in the current suite
Test Method:		[testPackage01.Test_NewValidationHelper.f14]
################################################################################################################################################
[ReportManager] Asserting that the header text is correct... @04-05-2021 11:08:32.0169 AM
[ReportManager] Element Action [getText] successfully performed. With the following test data [Welcome to the-internet]. @04-05-2021 11:08:32.0269 AM
[ReportManager] Loaded Shared OpenCV @04-05-2021 11:08:32.0426 AM
[ReportManager] AssertElementAttribute PASSED; Expected [Value Should be 'Welcome to the-internet' for the 'text' attribute, element locator 'By.tagName: h1'] and Actual [Welcome to the-internet]. Comparison Type [EQUALS]. Validation Type [POSITIVE]. @04-05-2021 11:08:32.0504 AM
[ReportManager] Successfully created attachment [Screenshot - 1620126512426_f14_AssertElementAttribute_passed] @04-05-2021 11:08:32.0505 A
[ReportManager] Successfully created attachment [Selenium WebDriver Logs - server] @04-05-2021 11:08:32.0520 AM
[ReportManager] Successfully created attachment [Selenium WebDriver Logs - performance] @04-05-2021 11:08:32.0540 AM
[ReportManager] Successfully created attachment [Selenium WebDriver Logs - browser] @04-05-2021 11:08:32.0547 AM
[ReportManager] Successfully created attachment [Selenium WebDriver Logs - driver] @04-05-2021 11:08:32.0603 AM
[ReportManager] Successfully Closed All Drivers. @04-05-2021 11:08:32.0685 A
[ReportManager] File Action [getAbsolutePath] successfully performed. With the following test data [Relative Folder Path: "target/downloadedFiles/"]. @04-05-2021 11:08:32.0687 AM
[ReportManager] Attempting to run remotely on: [Linux-64], [GoogleChrome], [http://localhost:4444/wd/hub], Headless Execution. @04-05-2021 11:08:32.0687 AM
[ReportManager] Successfully Opened [GoogleChrome]. @04-05-2021 11:08:32.0930 AM
[ReportManager] Target URL: [https://the-internet.herokuapp.com/] @04-05-2021 11:08:32.0940 AM
[ReportManager] Initial URL: [data:,] @04-05-2021 11:08:32.0986 AM
[ReportManager] Browser Action [navigateToURL] successfully performed. With the following test data [https://the-internet.herokuapp.com/]. @04-05-2021 11:08:33.0459 A

################################################################################################################################################
Starting Execution:	[26 out of 137] test cases in the current suite
Test Method:		[testPackage01.Test_NewValidationHelper.f15]
################################################################################################################################################
[ReportManager] Element Action [getText] successfully performed. With the following test data [Welcome to the-internet]. @04-05-2021 11:08:33.0561 AM
[ReportManager] Loaded Shared OpenCV @04-05-2021 11:08:33.0748 AM
[ReportManager] AssertElementAttribute FAILED; Expected [Value Should not be 'Welcome' for the 'text' attribute, element locator 'By.tagName: h1'] and Actual [Welcome to the-internet]. Comparison Type [CONTAINS]. Validation Type [NEGATIVE]. @04-05-2021 11:08:33.0822 AM
[ReportManager] Successfully created attachment [Screenshot - 1620126513748_f15_AssertElementAttribute_failed] @04-05-2021 11:08:33.0823 A
[ReportManager] Successfully created attachment [Selenium WebDriver Logs - server] @04-05-2021 11:08:33.0848 AM
[ReportManager] Successfully created attachment [Selenium WebDriver Logs - performance] @04-05-2021 11:08:33.0868 AM
[ReportManager] Successfully created attachment [Selenium WebDriver Logs - browser] @04-05-2021 11:08:33.0875 AM
[ReportManager] Successfully created attachment [Selenium WebDriver Logs - driver] @04-05-2021 11:08:33.0931 AM
[ReportManager] Successfully Closed All Drivers. @04-05-2021 11:08:34.0008 A
[ReportManager] File Action [getAbsolutePath] successfully performed. With the following test data [Relative Folder Path: "target/downloadedFiles/"]. @04-05-2021 11:08:34.0011 AM
[ReportManager] Attempting to run remotely on: [Linux-64], [GoogleChrome], [http://localhost:4444/wd/hub], Headless Execution. @04-05-2021 11:08:34.0011 AM
[ReportManager] Successfully Opened [GoogleChrome]. @04-05-2021 11:08:34.0254 AM
[ReportManager] Target URL: [https://the-internet.herokuapp.com/] @04-05-2021 11:08:34.0266 AM
[ReportManager] Initial URL: [data:,] @04-05-2021 11:08:34.0306 AM
[ReportManager] Browser Action [navigateToURL] successfully performed. With the following test data [https://the-internet.herokuapp.com/]. @04-05-2021 11:08:34.0762 A

################################################################################################################################################
Starting Execution:	[27 out of 137] test cases in the current suite
Test Method:		[testPackage01.Test_NewValidationHelper.f16]
################################################################################################################################################
[ReportManager] Element Action [identifyUniqueElement] failed. With the following test data [zero elements found matching this locator "By.tagName: h3".]. @04-05-2021 11:09:00.0418 AM
[ReportManager] Successfully created attachment [Screenshot - 1620126540358_f16_identifyUniqueElement_failed] @04-05-2021 11:09:00.0419 AM
[ReportManager] AssertElementAttribute FAILED; Expected [Value Should not be 'Welcome' for the 'text' attribute, element locator 'By.tagName: h3'] and Actual [Failed to read the desired element attribute]. Comparison Type [CONTAINS]. Validation Type [NEGATIVE]. @04-05-2021 11:09:00.0420 A
[ReportManager] Successfully created attachment [Selenium WebDriver Logs - server] @04-05-2021 11:09:00.0431 AM
[ReportManager] Successfully created attachment [Selenium WebDriver Logs - performance] @04-05-2021 11:09:00.0451 AM
[ReportManager] Successfully created attachment [Selenium WebDriver Logs - browser] @04-05-2021 11:09:00.0458 AM
[ReportManager] Successfully created attachment [Selenium WebDriver Logs - driver] @04-05-2021 11:09:00.0527 AM
[ReportManager] Successfully Closed All Drivers. @04-05-2021 11:09:00.0602 A
[ReportManager] File Action [getAbsolutePath] successfully performed. With the following test data [Relative Folder Path: "target/downloadedFiles/"]. @04-05-2021 11:09:00.0611 AM
[ReportManager] Attempting to run remotely on: [Linux-64], [GoogleChrome], [http://localhost:4444/wd/hub], Headless Execution. @04-05-2021 11:09:00.0611 AM
[ReportManager] Successfully Opened [GoogleChrome]. @04-05-2021 11:09:00.0846 AM
[ReportManager] Target URL: [https://the-internet.herokuapp.com/] @04-05-2021 11:09:00.0859 AM
[ReportManager] Initial URL: [data:,] @04-05-2021 11:09:00.0907 AM
[ReportManager] Browser Action [navigateToURL] successfully performed. With the following test data [https://the-internet.herokuapp.com/]. @04-05-2021 11:09:01.0381 A

################################################################################################################################################
Starting Execution:	[28 out of 137] test cases in the current suite
Test Method:		[testPackage01.Test_NewValidationHelper.f17]
################################################################################################################################################
[ReportManager] Attempting to getAttribute [text2] from elementLocator [By.tagName: h1]. @04-05-2021 11:09:01.0389 AM
[ReportManager] Element Action [getAttribute] successfully performed. @04-05-2021 11:09:01.0497 AM
[ReportManager] Loaded Shared OpenCV @04-05-2021 11:09:01.0661 AM
[ReportManager] AssertElementAttribute PASSED; Expected [Value Should not be 'Welcome' for the 'text2' attribute, element locator 'By.tagName: h1'] and Actual [null]. Comparison Type [CONTAINS]. Validation Type [NEGATIVE]. @04-05-2021 11:09:01.0736 AM
[ReportManager] Successfully created attachment [Screenshot - 1620126541661_f17_AssertElementAttribute_passed] @04-05-2021 11:09:01.0737 A
[ReportManager] Successfully created attachment [Selenium WebDriver Logs - server] @04-05-2021 11:09:01.0751 AM
[ReportManager] Successfully created attachment [Selenium WebDriver Logs - performance] @04-05-2021 11:09:01.0770 AM
[ReportManager] Successfully created attachment [Selenium WebDriver Logs - browser] @04-05-2021 11:09:01.0784 AM
[ReportManager] Successfully created attachment [Selenium WebDriver Logs - driver] @04-05-2021 11:09:01.0844 AM
[ReportManager] Successfully Closed All Drivers. @04-05-2021 11:09:01.0921 A
[ReportManager] File Action [getAbsolutePath] successfully performed. With the following test data [Relative Folder Path: "target/downloadedFiles/"]. @04-05-2021 11:09:01.0923 AM
[ReportManager] Attempting to run remotely on: [Linux-64], [GoogleChrome], [http://localhost:4444/wd/hub], Headless Execution. @04-05-2021 11:09:01.0923 AM
[ReportManager] Successfully Opened [GoogleChrome]. @04-05-2021 11:09:02.0140 AM
[ReportManager] Target URL: [https://the-internet.herokuapp.com/] @04-05-2021 11:09:02.0156 AM
[ReportManager] Initial URL: [data:,] @04-05-2021 11:09:02.0199 AM
[ReportManager] Browser Action [navigateToURL] successfully performed. With the following test data [https://the-internet.herokuapp.com/]. @04-05-2021 11:09:02.0633 A

################################################################################################################################################
Starting Execution:	[29 out of 137] test cases in the current suite
Test Method:		[testPackage01.Test_NewValidationHelper.f18]
################################################################################################################################################
[ReportManager] Element Action [getText] successfully performed. With the following test data [Welcome to the-internet]. @04-05-2021 11:09:02.0740 AM
[ReportManager] Loaded Shared OpenCV @04-05-2021 11:09:02.0909 AM
[ReportManager] AssertElementAttribute PASSED; Expected [Value Should not be 'no' for the 'text' attribute, element locator 'By.tagName: h1'] and Actual [Welcome to the-internet]. Comparison Type [CONTAINS]. Validation Type [NEGATIVE]. @04-05-2021 11:09:02.0987 AM
[ReportManager] Successfully created attachment [Screenshot - 1620126542909_f18_AssertElementAttribute_passed] @04-05-2021 11:09:02.0988 A
[ReportManager] Successfully created attachment [Selenium WebDriver Logs - server] @04-05-2021 11:09:03.0013 AM
[ReportManager] Successfully created attachment [Selenium WebDriver Logs - performance] @04-05-2021 11:09:03.0039 AM
[ReportManager] Successfully created attachment [Selenium WebDriver Logs - browser] @04-05-2021 11:09:03.0046 AM
[ReportManager] Successfully created attachment [Selenium WebDriver Logs - driver] @04-05-2021 11:09:03.0111 AM
[ReportManager] Successfully Closed All Drivers. @04-05-2021 11:09:03.0193 A
[ReportManager] File Action [getAbsolutePath] successfully performed. With the following test data [Relative Folder Path: "target/downloadedFiles/"]. @04-05-2021 11:09:03.0199 AM
[ReportManager] Attempting to run remotely on: [Linux-64], [GoogleChrome], [http://localhost:4444/wd/hub], Headless Execution. @04-05-2021 11:09:03.0199 AM
[ReportManager] Successfully Opened [GoogleChrome]. @04-05-2021 11:09:03.0435 AM
[ReportManager] Target URL: [https://the-internet.herokuapp.com/] @04-05-2021 11:09:03.0446 AM
[ReportManager] Initial URL: [data:,] @04-05-2021 11:09:03.0485 AM
[ReportManager] Browser Action [navigateToURL] successfully performed. With the following test data [https://the-internet.herokuapp.com/]. @04-05-2021 11:09:03.0855 A

################################################################################################################################################
Starting Execution:	[30 out of 137] test cases in the current suite
Test Method:		[testPackage01.Test_NewValidationHelper.f19]
################################################################################################################################################
[ReportManager] Element Action [getTagName] successfully performed. With the following test data [h1]. @04-05-2021 11:09:03.0974 AM
[ReportManager] Loaded Shared OpenCV @04-05-2021 11:09:04.0144 AM
[ReportManager] AssertElementAttribute PASSED; Expected [Value Should be 'h' for the 'tagname' attribute, element locator 'By.tagName: h1'] and Actual [h1]. Comparison Type [CONTAINS]. Validation Type [POSITIVE]. @04-05-2021 11:09:04.0218 AM
[ReportManager] Successfully created attachment [Screenshot - 1620126544143_f19_AssertElementAttribute_passed] @04-05-2021 11:09:04.0224 A
[ReportManager] Successfully created attachment [Selenium WebDriver Logs - server] @04-05-2021 11:09:04.0268 AM
[ReportManager] Successfully created attachment [Selenium WebDriver Logs - performance] @04-05-2021 11:09:04.0304 AM
[ReportManager] Successfully created attachment [Selenium WebDriver Logs - browser] @04-05-2021 11:09:04.0315 AM
[ReportManager] Successfully created attachment [Selenium WebDriver Logs - driver] @04-05-2021 11:09:04.0368 AM
[ReportManager] Successfully Closed All Drivers. @04-05-2021 11:09:04.0443 A

################################################################################################################################################
Starting Execution:	[31 out of 137] test cases in the current suite
Test Method:		[testPackage01.Test_NewValidationHelper.f2]
################################################################################################################################################
[ReportManager] Checking valid user data... @04-05-2021 11:09:04.0454 AM
[ReportManager] AssertEquals FAILED; Expected [1] and Actual [2]. Comparison Type [EQUALS]. Validation Type [POSITIVE]. @04-05-2021 11:09:04.0454 A
[ReportManager] File Action [getAbsolutePath] successfully performed. With the following test data [Relative Folder Path: "target/downloadedFiles/"]. @04-05-2021 11:09:04.0457 AM
[ReportManager] Attempting to run remotely on: [Linux-64], [GoogleChrome], [http://localhost:4444/wd/hub], Headless Execution. @04-05-2021 11:09:04.0457 AM
[ReportManager] Successfully Opened [GoogleChrome]. @04-05-2021 11:09:04.0674 AM
[ReportManager] Target URL: [https://the-internet.herokuapp.com/] @04-05-2021 11:09:04.0686 AM
[ReportManager] Initial URL: [data:,] @04-05-2021 11:09:04.0730 AM
[ReportManager] Browser Action [navigateToURL] successfully performed. With the following test data [https://the-internet.herokuapp.com/]. @04-05-2021 11:09:05.0192 A

################################################################################################################################################
Starting Execution:	[32 out of 137] test cases in the current suite
Test Method:		[testPackage01.Test_NewValidationHelper.f20]
################################################################################################################################################
[ReportManager] Element Action [getSize] successfully performed. With the following test data [(755, 61)]. @04-05-2021 11:09:05.0292 AM
[ReportManager] Loaded Shared OpenCV @04-05-2021 11:09:05.0438 AM
[ReportManager] AssertElementAttribute PASSED; Expected [Value Should not be 'a' for the 'size' attribute, element locator 'By.tagName: h1'] and Actual [(755, 61)]. Comparison Type [CONTAINS]. Validation Type [NEGATIVE]. @04-05-2021 11:09:05.0526 AM
[ReportManager] Successfully created attachment [Screenshot - 1620126545438_f20_AssertElementAttribute_passed] @04-05-2021 11:09:05.0527 A
[ReportManager] Successfully created attachment [Selenium WebDriver Logs - server] @04-05-2021 11:09:05.0545 AM
[ReportManager] Successfully created attachment [Selenium WebDriver Logs - performance] @04-05-2021 11:09:05.0567 AM
[ReportManager] Successfully created attachment [Selenium WebDriver Logs - browser] @04-05-2021 11:09:05.0574 AM
[ReportManager] Successfully created attachment [Selenium WebDriver Logs - driver] @04-05-2021 11:09:05.0634 AM
[ReportManager] Successfully Closed All Drivers. @04-05-2021 11:09:05.0723 A
[ReportManager] File Action [getAbsolutePath] successfully performed. With the following test data [Relative Folder Path: "target/downloadedFiles/"]. @04-05-2021 11:09:05.0728 AM
[ReportManager] Attempting to run remotely on: [Linux-64], [GoogleChrome], [http://localhost:4444/wd/hub], Headless Execution. @04-05-2021 11:09:05.0728 AM
[ReportManager] Successfully Opened [GoogleChrome]. @04-05-2021 11:09:06.0049 AM
[ReportManager] Target URL: [https://the-internet.herokuapp.com/] @04-05-2021 11:09:06.0059 AM
[ReportManager] Initial URL: [data:,] @04-05-2021 11:09:06.0102 AM
[ReportManager] Browser Action [navigateToURL] successfully performed. With the following test data [https://the-internet.herokuapp.com/]. @04-05-2021 11:09:06.0556 A

################################################################################################################################################
Starting Execution:	[33 out of 137] test cases in the current suite
Test Method:		[testPackage01.Test_NewValidationHelper.f21]
################################################################################################################################################
[ReportManager] Element Action [identifyUniqueElement] failed. With the following test data [zero elements found matching this locator "By.tagName: h3".]. @04-05-2021 11:09:32.0159 AM
[ReportManager] Successfully created attachment [Screenshot - 1620126572101_f21_identifyUniqueElement_failed] @04-05-2021 11:09:32.0159 AM
[ReportManager] AssertElementAttribute FAILED; Expected [Value Should be 'Welcome' for the 'text' attribute, element locator 'By.tagName: h3'] and Actual [Failed to read the desired element attribute]. Comparison Type [CONTAINS]. Validation Type [POSITIVE]. @04-05-2021 11:09:32.0160 A
[ReportManager] Successfully created attachment [Selenium WebDriver Logs - server] @04-05-2021 11:09:32.0175 AM
[ReportManager] Successfully created attachment [Selenium WebDriver Logs - performance] @04-05-2021 11:09:32.0196 AM
[ReportManager] Successfully created attachment [Selenium WebDriver Logs - browser] @04-05-2021 11:09:32.0203 AM
[ReportManager] Successfully created attachment [Selenium WebDriver Logs - driver] @04-05-2021 11:09:32.0274 AM
[ReportManager] Successfully Closed All Drivers. @04-05-2021 11:09:32.0352 A
[ReportManager] File Action [getAbsolutePath] successfully performed. With the following test data [Relative Folder Path: "target/downloadedFiles/"]. @04-05-2021 11:09:32.0354 AM
[ReportManager] Attempting to run remotely on: [Linux-64], [GoogleChrome], [http://localhost:4444/wd/hub], Headless Execution. @04-05-2021 11:09:32.0354 AM
[ReportManager] Successfully Opened [GoogleChrome]. @04-05-2021 11:09:32.0639 AM
[ReportManager] Target URL: [https://the-internet.herokuapp.com/] @04-05-2021 11:09:32.0650 AM
[ReportManager] Initial URL: [data:,] @04-05-2021 11:09:32.0695 AM
[ReportManager] Browser Action [navigateToURL] successfully performed. With the following test data [https://the-internet.herokuapp.com/]. @04-05-2021 11:09:33.0216 A

################################################################################################################################################
Starting Execution:	[34 out of 137] test cases in the current suite
Test Method:		[testPackage01.Test_NewValidationHelper.f22]
################################################################################################################################################
[ReportManager] Element Action [getText] successfully performed. With the following test data [Welcome to the-internet]. @04-05-2021 11:09:33.0326 AM
[ReportManager] Loaded Shared OpenCV @04-05-2021 11:09:33.0493 AM
[ReportManager] AssertElementAttribute FAILED; Expected [Value Should be 'yyy' for the 'text' attribute, element locator 'By.tagName: h1'] and Actual [Welcome to the-internet]. Comparison Type [CONTAINS]. Validation Type [POSITIVE]. @04-05-2021 11:09:33.0579 AM
[ReportManager] Successfully created attachment [Screenshot - 1620126573493_f22_AssertElementAttribute_failed] @04-05-2021 11:09:33.0580 A
[ReportManager] Successfully created attachment [Selenium WebDriver Logs - server] @04-05-2021 11:09:33.0594 AM
[ReportManager] Successfully created attachment [Selenium WebDriver Logs - performance] @04-05-2021 11:09:33.0615 AM
[ReportManager] Successfully created attachment [Selenium WebDriver Logs - browser] @04-05-2021 11:09:33.0622 AM
[ReportManager] Successfully created attachment [Selenium WebDriver Logs - driver] @04-05-2021 11:09:33.0679 AM
[ReportManager] Successfully Closed All Drivers. @04-05-2021 11:09:33.0759 A

################################################################################################################################################
Starting Execution:	[35 out of 137] test cases in the current suite
Test Method:		[testPackage01.Test_NewValidationHelper.f23]
################################################################################################################################################
[ReportManager] confirming that the actual is greater than or equal to the expected... @04-05-2021 11:09:33.0771 AM
[ReportManager] AssertComparativeRelation PASSED; Expected [1] and Actual [1]. Comparison Type [GREATER_THAN_OR_EQUALS]. Validation Type [POSITIVE]. @04-05-2021 11:09:33.0774 A

################################################################################################################################################
Starting Execution:	[36 out of 137] test cases in the current suite
Test Method:		[testPackage01.Test_NewValidationHelper.f24]
################################################################################################################################################
[ReportManager] AssertComparativeRelation PASSED; Expected [1] and Actual [10]. Comparison Type [GREATER_THAN_OR_EQUALS]. Validation Type [POSITIVE]. @04-05-2021 11:09:33.0778 A

################################################################################################################################################
Starting Execution:	[37 out of 137] test cases in the current suite
Test Method:		[testPackage01.Test_NewValidationHelper.f25]
################################################################################################################################################
[ReportManager] AssertComparativeRelation PASSED; Expected [1] and Actual [1]. Comparison Type [EQUALS]. Validation Type [POSITIVE]. @04-05-2021 11:09:33.0784 A

################################################################################################################################################
Starting Execution:	[38 out of 137] test cases in the current suite
Test Method:		[testPackage01.Test_NewValidationHelper.f26]
################################################################################################################################################
[ReportManager] AssertComparativeRelation PASSED; Expected [1] and Actual [5]. Comparison Type [GREATER_THAN]. Validation Type [POSITIVE]. @04-05-2021 11:09:33.0787 A

################################################################################################################################################
Starting Execution:	[39 out of 137] test cases in the current suite
Test Method:		[testPackage01.Test_NewValidationHelper.f27]
################################################################################################################################################
[ReportManager] AssertComparativeRelation PASSED; Expected [11] and Actual [5]. Comparison Type [LESS_THAN]. Validation Type [POSITIVE]. @04-05-2021 11:09:33.0790 A

################################################################################################################################################
Starting Execution:	[40 out of 137] test cases in the current suite
Test Method:		[testPackage01.Test_NewValidationHelper.f28]
################################################################################################################################################
[ReportManager] AssertComparativeRelation PASSED; Expected [11] and Actual [5]. Comparison Type [LESS_THAN_OR_EQUALS]. Validation Type [POSITIVE]. @04-05-2021 11:09:33.0792 A

################################################################################################################################################
Starting Execution:	[41 out of 137] test cases in the current suite
Test Method:		[testPackage01.Test_NewValidationHelper.f29]
################################################################################################################################################
[ReportManager] AssertComparativeRelation PASSED; Expected [11] and Actual [11]. Comparison Type [LESS_THAN_OR_EQUALS]. Validation Type [POSITIVE]. @04-05-2021 11:09:33.0796 A

################################################################################################################################################
Starting Execution:	[42 out of 137] test cases in the current suite
Test Method:		[testPackage01.Test_NewValidationHelper.f3]
################################################################################################################################################
[ReportManager] AssertEquals PASSED; Expected [1] and Actual [2]. Comparison Type [EQUALS]. Validation Type [NEGATIVE]. @04-05-2021 11:09:33.0804 A

################################################################################################################################################
Starting Execution:	[43 out of 137] test cases in the current suite
Test Method:		[testPackage01.Test_NewValidationHelper.f30]
################################################################################################################################################
[ReportManager] AssertComparativeRelation FAILED; Expected [-9] and Actual [11]. Comparison Type [LESS_THAN_OR_EQUALS]. Validation Type [POSITIVE]. @04-05-2021 11:09:33.0808 A

################################################################################################################################################
Starting Execution:	[44 out of 137] test cases in the current suite
Test Method:		[testPackage01.Test_NewValidationHelper.f31]
################################################################################################################################################
[ReportManager] AssertTrue PASSED; Expected [TRUE] and Actual [TRUE]. Validation Type [POSITIVE]. @04-05-2021 11:09:33.0810 A

################################################################################################################################################
Starting Execution:	[45 out of 137] test cases in the current suite
Test Method:		[testPackage01.Test_NewValidationHelper.f32]
################################################################################################################################################
[ReportManager] AssertTrue PASSED; Expected [FALSE] and Actual [FALSE]. Validation Type [NEGATIVE]. @04-05-2021 11:09:33.0812 A

################################################################################################################################################
Starting Execution:	[46 out of 137] test cases in the current suite
Test Method:		[testPackage01.Test_NewValidationHelper.f33]
################################################################################################################################################
[ReportManager] AssertTrue FAILED; Expected [FALSE] and Actual [TRUE]. Validation Type [NEGATIVE]. @04-05-2021 11:09:33.0814 A

################################################################################################################################################
Starting Execution:	[47 out of 137] test cases in the current suite
Test Method:		[testPackage01.Test_NewValidationHelper.f34]
################################################################################################################################################
[ReportManager] AssertTrue FAILED; Expected [TRUE] and Actual [FALSE]. Validation Type [POSITIVE]. @04-05-2021 11:09:33.0817 A

################################################################################################################################################
Starting Execution:	[48 out of 137] test cases in the current suite
Test Method:		[testPackage01.Test_NewValidationHelper.f35]
################################################################################################################################################
[ReportManager] File Action [doesFileExist] successfully performed. With the following test data [File Path: "pom.xml"]. @04-05-2021 11:09:33.0820 AM
[ReportManager] AssertFileExists PASSED; Expected [File 'pom.xml' should exist, after up to '1' retries] and Actual [File exists]. Validation Type [POSITIVE]. @04-05-2021 11:09:33.0829 A

################################################################################################################################################
Starting Execution:	[49 out of 137] test cases in the current suite
Test Method:		[testPackage01.Test_NewValidationHelper.f36]
################################################################################################################################################
[ReportManager] File Action [doesFileExist] successfully performed. With the following test data [File Path: "src/test/java/testPackage01/Test_NewValidationHelper.java"]. @04-05-2021 11:09:33.0832 AM
[ReportManager] AssertFileExists PASSED; Expected [File 'src/test/java/testPackage01/Test_NewValidationHelper.java' should exist, after up to '1' retries] and Actual [File exists]. Validation Type [POSITIVE]. @04-05-2021 11:09:33.0832 A

################################################################################################################################################
Starting Execution:	[50 out of 137] test cases in the current suite
Test Method:		[testPackage01.Test_NewValidationHelper.f37]
################################################################################################################################################
[ReportManager] confirming that the file does't exist after 5 retries... @04-05-2021 11:09:33.0835 AM
[ReportManager] File Action [doesFileExist] successfully performed. With the following test data [File Path: "pom.xml"]. @04-05-2021 11:09:33.0836 AM
[ReportManager] AssertFileExists FAILED; Expected [File 'pom.xml' should not exist, after up to '5' retries] and Actual [File exists]. Validation Type [NEGATIVE]. @04-05-2021 11:09:33.0836 A

################################################################################################################################################
Starting Execution:	[51 out of 137] test cases in the current suite
Test Method:		[testPackage01.Test_NewValidationHelper.f3_1]
################################################################################################################################################
[ReportManager] Checking valid user data... @04-05-2021 11:09:33.0839 AM
[ReportManager] AssertEquals PASSED; Expected [null] and Actual [null]. Comparison Type [EQUALS]. Validation Type [POSITIVE]. @04-05-2021 11:09:33.0839 A

################################################################################################################################################
Starting Execution:	[52 out of 137] test cases in the current suite
Test Method:		[testPackage01.Test_NewValidationHelper.f4]
################################################################################################################################################
[ReportManager] AssertEquals PASSED; Expected [1] and Actual [123]. Comparison Type [CONTAINS]. Validation Type [POSITIVE]. @04-05-2021 11:09:33.0846 A

################################################################################################################################################
Starting Execution:	[53 out of 137] test cases in the current suite
Test Method:		[testPackage01.Test_NewValidationHelper.f5]
################################################################################################################################################
[ReportManager] AssertNull PASSED; Expected [NULL] and Actual [1]. Comparison Type [EQUALS]. Validation Type [NEGATIVE]. @04-05-2021 11:09:33.0849 A

################################################################################################################################################
Starting Execution:	[54 out of 137] test cases in the current suite
Test Method:		[testPackage01.Test_NewValidationHelper.f6]
################################################################################################################################################
[ReportManager] Making sure that null string is not equal to null object... @04-05-2021 11:09:33.0851 AM
[ReportManager] AssertNull FAILED; Expected [NULL] and Actual [NULL]. Comparison Type [EQUALS]. Validation Type [POSITIVE]. @04-05-2021 11:09:33.0851 A

################################################################################################################################################
Starting Execution:	[55 out of 137] test cases in the current suite
Test Method:		[testPackage01.Test_NewValidationHelper.f6_1]
################################################################################################################################################
[ReportManager] AssertNull FAILED; Expected [NULL] and Actual [NULL]. Comparison Type [EQUALS]. Validation Type [NEGATIVE]. @04-05-2021 11:09:33.0856 A

################################################################################################################################################
Starting Execution:	[56 out of 137] test cases in the current suite
Test Method:		[testPackage01.Test_NewValidationHelper.f6_2]
################################################################################################################################################
[ReportManager] Making sure that null string is not equal to null object... @04-05-2021 11:09:33.0860 AM
[ReportManager] AssertNull FAILED; Expected [NULL] and Actual [not null]. Comparison Type [EQUALS]. Validation Type [POSITIVE]. @04-05-2021 11:09:33.0861 A

################################################################################################################################################
Starting Execution:	[57 out of 137] test cases in the current suite
Test Method:		[testPackage01.Test_NewValidationHelper.f7]
################################################################################################################################################
[ReportManager] AssertNull PASSED; Expected [NULL] and Actual [NULL]. Comparison Type [EQUALS]. Validation Type [POSITIVE]. @04-05-2021 11:09:33.0867 A
[ReportManager] File Action [getAbsolutePath] successfully performed. With the following test data [Relative Folder Path: "target/downloadedFiles/"]. @04-05-2021 11:09:33.0869 AM
[ReportManager] Attempting to run remotely on: [Linux-64], [GoogleChrome], [http://localhost:4444/wd/hub], Headless Execution. @04-05-2021 11:09:33.0869 AM
[ReportManager] Successfully Opened [GoogleChrome]. @04-05-2021 11:09:34.0144 AM
[ReportManager] Target URL: [https://the-internet.herokuapp.com/] @04-05-2021 11:09:34.0154 AM
[ReportManager] Initial URL: [data:,] @04-05-2021 11:09:34.0212 AM
[ReportManager] Browser Action [navigateToURL] successfully performed. With the following test data [https://the-internet.herokuapp.com/]. @04-05-2021 11:09:34.0669 A

################################################################################################################################################
Starting Execution:	[58 out of 137] test cases in the current suite
Test Method:		[testPackage01.Test_NewValidationHelper.f8]
################################################################################################################################################
[ReportManager] Loaded Shared OpenCV @04-05-2021 11:09:34.0886 AM
[ReportManager] AssertElementExists PASSED; Expected [Element Should Exist, locator 'By.tagName: h1'] and Actual [Element Exists]. Comparison Type [EQUALS]. Validation Type [POSITIVE]. @04-05-2021 11:09:34.0957 AM
[ReportManager] Successfully created attachment [Screenshot - 1620126574886_f8_AssertElementExists_passed] @04-05-2021 11:09:34.0958 A
[ReportManager] Successfully created attachment [Selenium WebDriver Logs - server] @04-05-2021 11:09:34.0972 AM
[ReportManager] Successfully created attachment [Selenium WebDriver Logs - performance] @04-05-2021 11:09:34.0991 AM
[ReportManager] Successfully created attachment [Selenium WebDriver Logs - browser] @04-05-2021 11:09:34.0997 AM
[ReportManager] Successfully created attachment [Selenium WebDriver Logs - driver] @04-05-2021 11:09:35.0053 AM
[ReportManager] Successfully Closed All Drivers. @04-05-2021 11:09:35.0127 A
[ReportManager] File Action [getAbsolutePath] successfully performed. With the following test data [Relative Folder Path: "target/downloadedFiles/"]. @04-05-2021 11:09:35.0129 AM
[ReportManager] Attempting to run remotely on: [Linux-64], [GoogleChrome], [http://localhost:4444/wd/hub], Headless Execution. @04-05-2021 11:09:35.0129 AM
[ReportManager] Successfully Opened [GoogleChrome]. @04-05-2021 11:09:35.0370 AM
[ReportManager] Target URL: [https://the-internet.herokuapp.com/] @04-05-2021 11:09:35.0381 AM
[ReportManager] Initial URL: [data:,] @04-05-2021 11:09:35.0425 AM
[ReportManager] Browser Action [navigateToURL] successfully performed. With the following test data [https://the-internet.herokuapp.com/]. @04-05-2021 11:09:35.0897 A

################################################################################################################################################
Starting Execution:	[59 out of 137] test cases in the current suite
Test Method:		[testPackage01.Test_NewValidationHelper.f9]
################################################################################################################################################
[ReportManager] AssertElementExists FAILED; Expected [Element Should Exist, locator 'By.tagName: h3'] and Actual [Element Doesn't Exists]. Comparison Type [EQUALS]. Validation Type [POSITIVE]. @04-05-2021 11:10:06.0635 AM
[ReportManager] Successfully created attachment [Screenshot - 1620126606574_f9_AssertElementExists_failed] @04-05-2021 11:10:06.0635 A
[ReportManager] Successfully created attachment [Selenium WebDriver Logs - server] @04-05-2021 11:10:06.0649 AM
[ReportManager] Successfully created attachment [Selenium WebDriver Logs - performance] @04-05-2021 11:10:06.0668 AM
[ReportManager] Successfully created attachment [Selenium WebDriver Logs - browser] @04-05-2021 11:10:06.0675 AM
[ReportManager] Successfully created attachment [Selenium WebDriver Logs - driver] @04-05-2021 11:10:06.0769 AM
[ReportManager] Successfully Closed All Drivers. @04-05-2021 11:10:06.0843 A

################################################################################################################################################
Starting Execution:	[60 out of 137] test cases in the current suite
Test Method:		[testPackage01.Test_NewValidationHelper.forceFail]
################################################################################################################################################
[ReportManager] AssertFail FAILED; Expected [null] and Actual [null]. @04-05-2021 11:10:06.0846 A

################################################################################################################################################
Starting Execution:	[61 out of 137] test cases in the current suite
Test Method:		[testPackage01.Test_NewValidationHelper.forceFail2]
################################################################################################################################################
[ReportManager] Custom Message... @04-05-2021 11:10:06.0852 AM
[ReportManager] AssertFail FAILED; Expected [null] and Actual [null]. @04-05-2021 11:10:06.0852 A
[ReportManager] Successfully loaded the following test data file [src/test/resources/TestDataFiles/testSuite01/TestData.xlsx]. @04-05-2021 11:10:07.0554 AM
[ReportManager] Successfully created attachment [Test Data - Excel] @04-05-2021 11:10:07.0559 AM
[ReportManager] File Action [getAbsolutePath] successfully performed. With the following test data [Relative Folder Path: "target/downloadedFiles/"]. @04-05-2021 11:10:07.0559 AM
[ReportManager] Attempting to run remotely on: [Linux-64], [GoogleChrome], [http://localhost:4444/wd/hub], Headless Execution. @04-05-2021 11:10:07.0559 AM
[ReportManager] Successfully Opened [GoogleChrome]. @04-05-2021 11:10:07.0921 A

################################################################################################################################################
Starting Execution:	[62 out of 137] test cases in the current suite
Test Method:		[testPackage01.Test_google.navigateToURLandVerifyGoogleLogoIsDisplayed]
Test Description:	[TC001 - Navigate to URL and Verify Google Logo is Displayed]
################################################################################################################################################
[ReportManager] Target URL: [https://www.google.com/ncr], and after redirection: [https://www.google.com] @04-05-2021 11:10:07.0957 AM
[ReportManager] Initial URL: [data:,] @04-05-2021 11:10:08.0033 AM
[ReportManager] Browser Action [navigateToURL] successfully performed. With the following test data [https://www.google.com/ncr]. @04-05-2021 11:10:09.0065 AM
[ReportManager] Loaded Shared OpenCV @04-05-2021 11:10:09.0324 AM
[ReportManager] AssertElementExists PASSED; Expected [Element Should Exist, locator 'By.xpath: //img[@id='hplogo' or @alt='Google']'] and Actual [Element Exists]. Comparison Type [EQUALS]. Validation Type [POSITIVE]. @04-05-2021 11:10:09.0411 AM
[ReportManager] Successfully created attachment [Screenshot - 1620126609324_navigateToURLandVerifyGoogleLogoIsDisplayed_AssertElementExists_passed] @04-05-2021 11:10:09.0412 A

################################################################################################################################################
Starting Execution:	[63 out of 137] test cases in the current suite
Test Method:		[testPackage01.Test_google.searchForQueryandAssertResultsNumDisplayed]
Test Description:	[TC002 - Search for Query and Assert that the number of results is displayed]
################################################################################################################################################
[ReportManager] Element Action [type] successfully performed. With the following test data [SHAFT_Engine]. @04-05-2021 11:10:10.0293 AM
[ReportManager] Element Action [keyPress] successfully performed. With the following test data [Enter]. @04-05-2021 11:10:11.0102 AM
[ReportManager] Element Action [getText] successfully performed. With the following test data [About 693,000 results (0.57 seconds) ]. @04-05-2021 11:10:11.0356 AM
[ReportManager] Loaded Shared OpenCV @04-05-2021 11:10:11.0685 AM
[ReportManager] AssertElementAttribute PASSED; Expected [Value Should not be '' for the 'Text' attribute, element locator 'By.id: appbar'] and Actual [About 693,000 results (0.57 seconds) ]. Comparison Type [EQUALS]. Validation Type [NEGATIVE]. @04-05-2021 11:10:11.0775 AM
[ReportManager] Successfully created attachment [Screenshot - 1620126611685_searchForQueryandAssertResultsNumDisplayed_AssertElementAttribute_passed] @04-05-2021 11:10:11.0776 A

################################################################################################################################################
Starting Execution:	[64 out of 137] test cases in the current suite
Test Method:		[testPackage01.Test_google.clickNextThrice]
Test Description:	[TC003 - Clicks the next button to make sure that the framework can scroll element into view before clicking it]
################################################################################################################################################
[ReportManager] Element Action [click] successfully performed. With the following test data [Next]. @04-05-2021 11:10:12.0899 A
[ReportManager] Successfully created attachment [Selenium WebDriver Logs - server] @04-05-2021 11:10:13.0073 AM
[ReportManager] Successfully created attachment [Selenium WebDriver Logs - performance] @04-05-2021 11:10:13.0565 AM
[ReportManager] Successfully created attachment [Selenium WebDriver Logs - driver] @04-05-2021 11:10:13.0928 AM
[ReportManager] Browser Action [closeCurrentWindow] successfully performed. @04-05-2021 11:10:13.0993 AM
[ReportManager] Successfully created attachment [Browser Action Test Data - closeCurrentWindow - Actual Value] @04-05-2021 11:10:13.0997 A

################################################################################################################################################
Starting Execution:	[65 out of 137] test cases in the current suite
Test Method:		[testPackage01.Test_testData.f]
################################################################################################################################################
[ReportManager] Successfully loaded the following test data file [src/test/resources/TestDataFiles/testSuite01/TestData.xlsx]. @04-05-2021 11:10:14.0034 AM
[ReportManager] Successfully created attachment [Test Data - Excel] @04-05-2021 11:10:14.0034 AM
[ReportManager] Last Column Number is: [3]. Zero-based. @04-05-2021 11:10:14.0035 A

################################################################################################################################################
Starting Execution:	[66 out of 137] test cases in the current suite
Test Method:		[testPackage01.Test_JsonActions.f]
###############################################################################################################################################

################################################################################################################################################
Starting Execution:	[67 out of 137] test cases in the current suite
Test Method:		[testPackage01.Test_JsonActions.f2]
###############################################################################################################################################

################################################################################################################################################
Starting Execution:	[68 out of 137] test cases in the current suite
Test Method:		[testPackage01.Test_JsonCompareWithSpecialCharacters.specialCharacters]
################################################################################################################################################
[ReportManager] File Action [getAbsolutePath] successfully performed. With the following test data [Relative Folder Path: "src/test/resources/TestJsonFiles/specialCharacters.json"]. @04-05-2021 11:10:14.0173 AM
[ReportManager] File Action [readFromFile] successfully performed. With the following test data [File Path: "/home/runner/work/SHAFT_ENGINE/SHAFT_ENGINE/src/test/resources/TestJsonFiles/specialCharacters.json"]. @04-05-2021 11:10:14.0180 AM
[ReportManager] Successfully created attachment [File Action Actual Result - Command Log] @04-05-2021 11:10:14.0181 AM
[ReportManager] Comparing the provided API response with the file at this path "src/test/resources/TestJsonFiles/specialCharacters.json", comparison type "EQUALS" @04-05-2021 11:10:14.0279 AM
[ReportManager] API Action [compareJSON] successfully performed. With the following test data [src/test/resources/TestJsonFiles/specialCharacters.json]. @04-05-2021 11:10:14.0394 AM
[ReportManager] File Action [getAbsolutePath] successfully performed. With the following test data [Relative Folder Path: "src/test/resources/TestJsonFiles/specialCharacters.json"]. @04-05-2021 11:10:14.0394 AM
[ReportManager] File Action [readFromFile] successfully performed. With the following test data [File Path: "/home/runner/work/SHAFT_ENGINE/SHAFT_ENGINE/src/test/resources/TestJsonFiles/specialCharacters.json"]. @04-05-2021 11:10:14.0397 AM
[ReportManager] VerifyJSONFileContent PASSED; Expected [Response data should match the JSON File in this path 'src/test/resources/TestJsonFiles/specialCharacters.json'] and Actual [TRUE]. Comparison Type [EQUALS]. Validation Type [POSITIVE]. @04-05-2021 11:10:14.0427 AM
[ReportManager] Successfully created attachment [Validation Test Data - Expected JSON Value] @04-05-2021 11:10:14.0427 AM
[ReportManager] Successfully created attachment [Validation Test Data - Actual JSON Value] @04-05-2021 11:10:14.0428 A

################################################################################################################################################
Starting Execution:	[69 out of 137] test cases in the current suite
Test Method:		[testPackage01.Test_JsonCompareWithSpecialCharacters.specialCharacters_assertion]
################################################################################################################################################
[ReportManager] File Action [getAbsolutePath] successfully performed. With the following test data [Relative Folder Path: "src/test/resources/TestJsonFiles/specialCharacters.json"]. @04-05-2021 11:10:14.0440 AM
[ReportManager] File Action [readFromFile] successfully performed. With the following test data [File Path: "/home/runner/work/SHAFT_ENGINE/SHAFT_ENGINE/src/test/resources/TestJsonFiles/specialCharacters.json"]. @04-05-2021 11:10:14.0441 AM
[ReportManager] Successfully created attachment [File Action Actual Result - Command Log] @04-05-2021 11:10:14.0441 AM
[ReportManager] trying out the log message... @04-05-2021 11:10:14.0442 AM
[ReportManager] Comparing the provided API response with the file at this path "src/test/resources/TestJsonFiles/specialCharacters.json", comparison type "CONTAINS" @04-05-2021 11:10:14.0442 AM
[ReportManager] API Action [compareJSON] successfully performed. With the following test data [src/test/resources/TestJsonFiles/specialCharacters.json]. @04-05-2021 11:10:14.0458 AM
[ReportManager] File Action [getAbsolutePath] successfully performed. With the following test data [Relative Folder Path: "src/test/resources/TestJsonFiles/specialCharacters.json"]. @04-05-2021 11:10:14.0458 AM
[ReportManager] File Action [readFromFile] successfully performed. With the following test data [File Path: "/home/runner/work/SHAFT_ENGINE/SHAFT_ENGINE/src/test/resources/TestJsonFiles/specialCharacters.json"]. @04-05-2021 11:10:14.0459 AM
[ReportManager] AssertJSONFileContent PASSED; Expected [Response data should match the JSON File in this path 'src/test/resources/TestJsonFiles/specialCharacters.json'] and Actual [TRUE]. Comparison Type [CONTAINS]. Validation Type [POSITIVE]. @04-05-2021 11:10:14.0466 AM
[ReportManager] Successfully created attachment [Validation Test Data - Expected JSON Value] @04-05-2021 11:10:14.0467 AM
[ReportManager] Successfully created attachment [Validation Test Data - Actual JSON Value] @04-05-2021 11:10:14.0467 A

################################################################################################################################################
Starting Execution:	[70 out of 137] test cases in the current suite
Test Method:		[unitTests.tests_validations_assertions.assertComparativeRelation_greaterThanOrEquals_false_equals_expectedToFail]
################################################################################################################################################
[ReportManager] AssertComparativeRelation FAILED; Expected [1] and Actual [1]. Comparison Type [GREATER_THAN_OR_EQUALS]. Validation Type [NEGATIVE]. @04-05-2021 11:10:14.0477 A

################################################################################################################################################
Starting Execution:	[71 out of 137] test cases in the current suite
Test Method:		[unitTests.tests_validations_assertions.assertComparativeRelation_greaterThanOrEquals_false_equals_expectedToPass]
################################################################################################################################################
[ReportManager] AssertComparativeRelation PASSED; Expected [2] and Actual [1]. Comparison Type [GREATER_THAN_OR_EQUALS]. Validation Type [NEGATIVE]. @04-05-2021 11:10:14.0479 A

################################################################################################################################################
Starting Execution:	[72 out of 137] test cases in the current suite
Test Method:		[unitTests.tests_validations_assertions.assertComparativeRelation_greaterThanOrEquals_false_greaterThan_expectedToFail]
################################################################################################################################################
[ReportManager] AssertComparativeRelation FAILED; Expected [1] and Actual [2]. Comparison Type [GREATER_THAN_OR_EQUALS]. Validation Type [NEGATIVE]. @04-05-2021 11:10:14.0482 A

################################################################################################################################################
Starting Execution:	[73 out of 137] test cases in the current suite
Test Method:		[unitTests.tests_validations_assertions.assertComparativeRelation_greaterThanOrEquals_false_greaterThan_expectedToPass]
################################################################################################################################################
[ReportManager] AssertComparativeRelation PASSED; Expected [2] and Actual [1]. Comparison Type [GREATER_THAN_OR_EQUALS]. Validation Type [NEGATIVE]. @04-05-2021 11:10:14.0487 A

################################################################################################################################################
Starting Execution:	[74 out of 137] test cases in the current suite
Test Method:		[unitTests.tests_validations_assertions.assertComparativeRelation_greaterThanOrEquals_true_equals_expectedToFail]
################################################################################################################################################
[ReportManager] AssertComparativeRelation FAILED; Expected [1] and Actual [0]. Comparison Type [GREATER_THAN_OR_EQUALS]. Validation Type [POSITIVE]. @04-05-2021 11:10:14.0496 A

################################################################################################################################################
Starting Execution:	[75 out of 137] test cases in the current suite
Test Method:		[unitTests.tests_validations_assertions.assertComparativeRelation_greaterThanOrEquals_true_equals_expectedToPass]
################################################################################################################################################
[ReportManager] AssertComparativeRelation PASSED; Expected [1] and Actual [1]. Comparison Type [GREATER_THAN_OR_EQUALS]. Validation Type [POSITIVE]. @04-05-2021 11:10:14.0500 A

################################################################################################################################################
Starting Execution:	[76 out of 137] test cases in the current suite
Test Method:		[unitTests.tests_validations_assertions.assertComparativeRelation_greaterThanOrEquals_true_greaterThan_expectedToFail]
################################################################################################################################################
[ReportManager] AssertComparativeRelation FAILED; Expected [2] and Actual [1]. Comparison Type [GREATER_THAN_OR_EQUALS]. Validation Type [POSITIVE]. @04-05-2021 11:10:14.0503 A

################################################################################################################################################
Starting Execution:	[77 out of 137] test cases in the current suite
Test Method:		[unitTests.tests_validations_assertions.assertComparativeRelation_greaterThanOrEquals_true_greaterThan_expectedToPass]
################################################################################################################################################
[ReportManager] AssertComparativeRelation PASSED; Expected [1] and Actual [2]. Comparison Type [GREATER_THAN_OR_EQUALS]. Validation Type [POSITIVE]. @04-05-2021 11:10:14.0513 A
[ReportManager] File Action [getAbsolutePath] successfully performed. With the following test data [Relative Folder Path: "target/downloadedFiles/"]. @04-05-2021 11:10:14.0515 AM
[ReportManager] Attempting to run remotely on: [Linux-64], [GoogleChrome], [http://localhost:4444/wd/hub], Headless Execution. @04-05-2021 11:10:14.0517 AM
[ReportManager] Successfully Opened [GoogleChrome]. @04-05-2021 11:10:14.0826 AM
[ReportManager] Target URL: [https://www.google.com/ncr], and after redirection: [www.google.com] @04-05-2021 11:10:14.0843 AM
[ReportManager] Initial URL: [data:,] @04-05-2021 11:10:14.0898 AM
[ReportManager] Browser Action [navigateToURL] successfully performed. With the following test data [https://www.google.com/ncr]. @04-05-2021 11:10:15.0756 A

################################################################################################################################################
Starting Execution:	[78 out of 137] test cases in the current suite
Test Method:		[unitTests.tests_validations_assertions.assertElementAttribute_false_caseInsensitiveComparison_expectedToFail]
################################################################################################################################################
[ReportManager] Element Action [type] successfully performed. With the following test data [AUTOMATION]. @04-05-2021 11:10:16.0360 AM
[ReportManager] Element Action [getText] successfully performed. With the following test data [AUTOMATION]. @04-05-2021 11:10:16.0466 AM
[ReportManager] Loaded Shared OpenCV @04-05-2021 11:10:16.0668 AM
[ReportManager] AssertElementAttribute FAILED; Expected [Value Should not be 'AutomaTion' for the 'text' attribute, element locator 'By.name: q'] and Actual [AUTOMATION]. Comparison Type [CASE_INSENSITIVE]. Validation Type [NEGATIVE]. @04-05-2021 11:10:16.0743 AM
[ReportManager] Successfully created attachment [Screenshot - 1620126616668_assertElementAttribute_false_caseInsensitiveComparison_expectedToFail_AssertElementAttribute_failed] @04-05-2021 11:10:16.0744 A
[ReportManager] Successfully created attachment [Selenium WebDriver Logs - server] @04-05-2021 11:10:16.0829 AM
[ReportManager] Successfully created attachment [Selenium WebDriver Logs - performance] @04-05-2021 11:10:16.0921 AM
[ReportManager] Successfully created attachment [Selenium WebDriver Logs - driver] @04-05-2021 11:10:17.0049 AM
[ReportManager] Browser Action [closeCurrentWindow] successfully performed. @04-05-2021 11:10:17.0129 AM
[ReportManager] Successfully created attachment [Browser Action Test Data - closeCurrentWindow - Actual Value] @04-05-2021 11:10:17.0130 A
[ReportManager] File Action [getAbsolutePath] successfully performed. With the following test data [Relative Folder Path: "target/downloadedFiles/"]. @04-05-2021 11:10:17.0133 AM
[ReportManager] Attempting to run remotely on: [Linux-64], [GoogleChrome], [http://localhost:4444/wd/hub], Headless Execution. @04-05-2021 11:10:17.0133 AM
[ReportManager] Successfully Opened [GoogleChrome]. @04-05-2021 11:10:17.0387 AM
[ReportManager] Target URL: [https://www.google.com/ncr], and after redirection: [www.google.com] @04-05-2021 11:10:17.0396 AM
[ReportManager] Initial URL: [data:,] @04-05-2021 11:10:17.0434 AM
[ReportManager] Browser Action [navigateToURL] successfully performed. With the following test data [https://www.google.com/ncr]. @04-05-2021 11:10:18.0296 A

################################################################################################################################################
Starting Execution:	[79 out of 137] test cases in the current suite
Test Method:		[unitTests.tests_validations_assertions.assertElementAttribute_false_caseInsensitiveComparison_expectedToPass]
################################################################################################################################################
[ReportManager] Element Action [type] successfully performed. With the following test data [AUTOMATION]. @04-05-2021 11:10:18.0938 AM
[ReportManager] Element Action [getText] successfully performed. With the following test data [AUTOMATION]. @04-05-2021 11:10:19.0043 AM
[ReportManager] Loaded Shared OpenCV @04-05-2021 11:10:19.0212 AM
[ReportManager] AssertElementAttribute PASSED; Expected [Value Should not be 'AutomaTion123' for the 'text' attribute, element locator 'By.name: q'] and Actual [AUTOMATION]. Comparison Type [CASE_INSENSITIVE]. Validation Type [NEGATIVE]. @04-05-2021 11:10:19.0283 AM
[ReportManager] Successfully created attachment [Screenshot - 1620126619212_assertElementAttribute_false_caseInsensitiveComparison_expectedToPass_AssertElementAttribute_passed] @04-05-2021 11:10:19.0284 A
[ReportManager] Successfully created attachment [Selenium WebDriver Logs - server] @04-05-2021 11:10:19.0362 AM
[ReportManager] Successfully created attachment [Selenium WebDriver Logs - performance] @04-05-2021 11:10:19.0456 AM
[ReportManager] Successfully created attachment [Selenium WebDriver Logs - driver] @04-05-2021 11:10:19.0601 AM
[ReportManager] Browser Action [closeCurrentWindow] successfully performed. @04-05-2021 11:10:19.0661 AM
[ReportManager] Successfully created attachment [Browser Action Test Data - closeCurrentWindow - Actual Value] @04-05-2021 11:10:19.0661 A
[ReportManager] File Action [getAbsolutePath] successfully performed. With the following test data [Relative Folder Path: "target/downloadedFiles/"]. @04-05-2021 11:10:19.0664 AM
[ReportManager] Attempting to run remotely on: [Linux-64], [GoogleChrome], [http://localhost:4444/wd/hub], Headless Execution. @04-05-2021 11:10:19.0664 AM
[ReportManager] Successfully Opened [GoogleChrome]. @04-05-2021 11:10:19.0898 AM
[ReportManager] Target URL: [https://www.google.com/ncr], and after redirection: [www.google.com] @04-05-2021 11:10:19.0908 AM
[ReportManager] Initial URL: [data:,] @04-05-2021 11:10:19.0957 AM
[ReportManager] Browser Action [navigateToURL] successfully performed. With the following test data [https://www.google.com/ncr]. @04-05-2021 11:10:20.0867 A

################################################################################################################################################
Starting Execution:	[80 out of 137] test cases in the current suite
Test Method:		[unitTests.tests_validations_assertions.assertElementAttribute_false_containsComparison_expectedToFail]
################################################################################################################################################
[ReportManager] Element Action [type] successfully performed. With the following test data [Automation123]. @04-05-2021 11:10:21.0485 AM
[ReportManager] Element Action [getText] successfully performed. With the following test data [Automation123]. @04-05-2021 11:10:21.0579 AM
[ReportManager] Loaded Shared OpenCV @04-05-2021 11:10:21.0739 AM
[ReportManager] AssertElementAttribute FAILED; Expected [Value Should not be 'Automation' for the 'text' attribute, element locator 'By.name: q'] and Actual [Automation123]. Comparison Type [CONTAINS]. Validation Type [NEGATIVE]. @04-05-2021 11:10:21.0812 AM
[ReportManager] Successfully created attachment [Screenshot - 1620126621739_assertElementAttribute_false_containsComparison_expectedToFail_AssertElementAttribute_failed] @04-05-2021 11:10:21.0813 A
[ReportManager] Successfully created attachment [Selenium WebDriver Logs - server] @04-05-2021 11:10:21.0892 AM
[ReportManager] Successfully created attachment [Selenium WebDriver Logs - performance] @04-05-2021 11:10:21.0984 AM
[ReportManager] Successfully created attachment [Selenium WebDriver Logs - driver] @04-05-2021 11:10:22.0130 AM
[ReportManager] Browser Action [closeCurrentWindow] successfully performed. @04-05-2021 11:10:22.0189 AM
[ReportManager] Successfully created attachment [Browser Action Test Data - closeCurrentWindow - Actual Value] @04-05-2021 11:10:22.0190 A
[ReportManager] File Action [getAbsolutePath] successfully performed. With the following test data [Relative Folder Path: "target/downloadedFiles/"]. @04-05-2021 11:10:22.0193 AM
[ReportManager] Attempting to run remotely on: [Linux-64], [GoogleChrome], [http://localhost:4444/wd/hub], Headless Execution. @04-05-2021 11:10:22.0193 AM
[ReportManager] Successfully Opened [GoogleChrome]. @04-05-2021 11:10:22.0433 AM
[ReportManager] Target URL: [https://www.google.com/ncr], and after redirection: [www.google.com] @04-05-2021 11:10:22.0443 AM
[ReportManager] Initial URL: [data:,] @04-05-2021 11:10:22.0479 AM
[ReportManager] Browser Action [navigateToURL] successfully performed. With the following test data [https://www.google.com/ncr]. @04-05-2021 11:10:23.0324 A

################################################################################################################################################
Starting Execution:	[81 out of 137] test cases in the current suite
Test Method:		[unitTests.tests_validations_assertions.assertElementAttribute_false_containsComparison_expectedToPass]
################################################################################################################################################
[ReportManager] Element Action [type] successfully performed. With the following test data [Automation123]. @04-05-2021 11:10:23.0896 AM
[ReportManager] Element Action [getText] successfully performed. With the following test data [Automation123]. @04-05-2021 11:10:23.0992 AM
[ReportManager] Loaded Shared OpenCV @04-05-2021 11:10:24.0152 AM
[ReportManager] AssertElementAttribute PASSED; Expected [Value Should not be 'Automation1234' for the 'text' attribute, element locator 'By.name: q'] and Actual [Automation123]. Comparison Type [CONTAINS]. Validation Type [NEGATIVE]. @04-05-2021 11:10:24.0226 AM
[ReportManager] Successfully created attachment [Screenshot - 1620126624152_assertElementAttribute_false_containsComparison_expectedToPass_AssertElementAttribute_passed] @04-05-2021 11:10:24.0227 A
[ReportManager] Successfully created attachment [Selenium WebDriver Logs - server] @04-05-2021 11:10:24.0303 AM
[ReportManager] Successfully created attachment [Selenium WebDriver Logs - performance] @04-05-2021 11:10:24.0396 AM
[ReportManager] Successfully created attachment [Selenium WebDriver Logs - driver] @04-05-2021 11:10:24.0516 AM
[ReportManager] Browser Action [closeCurrentWindow] successfully performed. @04-05-2021 11:10:24.0584 AM
[ReportManager] Successfully created attachment [Browser Action Test Data - closeCurrentWindow - Actual Value] @04-05-2021 11:10:24.0584 A
[ReportManager] File Action [getAbsolutePath] successfully performed. With the following test data [Relative Folder Path: "target/downloadedFiles/"]. @04-05-2021 11:10:24.0592 AM
[ReportManager] Attempting to run remotely on: [Linux-64], [GoogleChrome], [http://localhost:4444/wd/hub], Headless Execution. @04-05-2021 11:10:24.0593 AM
[ReportManager] Successfully Opened [GoogleChrome]. @04-05-2021 11:10:24.0841 AM
[ReportManager] Target URL: [https://www.google.com/ncr], and after redirection: [www.google.com] @04-05-2021 11:10:24.0855 AM
[ReportManager] Initial URL: [data:,] @04-05-2021 11:10:24.0904 AM
[ReportManager] Browser Action [navigateToURL] successfully performed. With the following test data [https://www.google.com/ncr]. @04-05-2021 11:10:25.0786 A

################################################################################################################################################
Starting Execution:	[82 out of 137] test cases in the current suite
Test Method:		[unitTests.tests_validations_assertions.assertElementAttribute_false_literalComparison_expectedToFail]
################################################################################################################################################
[ReportManager] Element Action [type] successfully performed. With the following test data [Automation!@#$%^&*()_+{}[]\';/.,]. @04-05-2021 11:10:27.0203 AM
[ReportManager] Element Action [getText] successfully performed. With the following test data [Automation!@#$%^&*()_+{}[]\';/.,]. @04-05-2021 11:10:27.0307 AM
[ReportManager] Loaded Shared OpenCV @04-05-2021 11:10:27.0530 AM
[ReportManager] AssertElementAttribute PASSED; Expected [Value Should not be 'Automation!@#$%^&*()_+{}[]\\';/.,' for the 'text' attribute, element locator 'By.name: q'] and Actual [Automation!@#$%^&*()_+{}[]\';/.,]. Comparison Type [EQUALS]. Validation Type [NEGATIVE]. @04-05-2021 11:10:27.0610 AM
[ReportManager] Successfully created attachment [Screenshot - 1620126627530_assertElementAttribute_false_literalComparison_expectedToFail_AssertElementAttribute_passed] @04-05-2021 11:10:27.0612 A
[ReportManager] Successfully created attachment [Selenium WebDriver Logs - server] @04-05-2021 11:10:27.0704 AM
[ReportManager] Successfully created attachment [Selenium WebDriver Logs - performance] @04-05-2021 11:10:27.0872 AM
[ReportManager] Successfully created attachment [Selenium WebDriver Logs - driver] @04-05-2021 11:10:28.0038 AM
[ReportManager] Browser Action [closeCurrentWindow] successfully performed. @04-05-2021 11:10:28.0094 AM
[ReportManager] Successfully created attachment [Browser Action Test Data - closeCurrentWindow - Actual Value] @04-05-2021 11:10:28.0095 A
[ReportManager] File Action [getAbsolutePath] successfully performed. With the following test data [Relative Folder Path: "target/downloadedFiles/"]. @04-05-2021 11:10:28.0097 AM
[ReportManager] Attempting to run remotely on: [Linux-64], [GoogleChrome], [http://localhost:4444/wd/hub], Headless Execution. @04-05-2021 11:10:28.0098 AM
[ReportManager] Successfully Opened [GoogleChrome]. @04-05-2021 11:10:28.0315 AM
[ReportManager] Target URL: [https://www.google.com/ncr], and after redirection: [www.google.com] @04-05-2021 11:10:28.0325 AM
[ReportManager] Initial URL: [data:,] @04-05-2021 11:10:28.0366 AM
[ReportManager] Browser Action [navigateToURL] successfully performed. With the following test data [https://www.google.com/ncr]. @04-05-2021 11:10:29.0217 A

################################################################################################################################################
Starting Execution:	[83 out of 137] test cases in the current suite
Test Method:		[unitTests.tests_validations_assertions.assertElementAttribute_false_literalComparison_expectedToPass]
################################################################################################################################################
[ReportManager] Element Action [type] successfully performed. With the following test data [Automation!@#$%^&*()_+{}[]\';/.,]. @04-05-2021 11:10:30.0498 AM
[ReportManager] Element Action [getText] successfully performed. With the following test data [Automation!@#$%^&*()_+{}[]\';/.,]. @04-05-2021 11:10:30.0595 AM
[ReportManager] Loaded Shared OpenCV @04-05-2021 11:10:30.0756 AM
[ReportManager] AssertElementAttribute PASSED; Expected [Value Should not be 'Automation' for the 'text' attribute, element locator 'By.name: q'] and Actual [Automation!@#$%^&*()_+{}[]\';/.,]. Comparison Type [EQUALS]. Validation Type [NEGATIVE]. @04-05-2021 11:10:30.0827 AM
[ReportManager] Successfully created attachment [Screenshot - 1620126630756_assertElementAttribute_false_literalComparison_expectedToPass_AssertElementAttribute_passed] @04-05-2021 11:10:30.0828 A
[ReportManager] Successfully created attachment [Selenium WebDriver Logs - server] @04-05-2021 11:10:30.0904 AM
[ReportManager] Successfully created attachment [Selenium WebDriver Logs - performance] @04-05-2021 11:10:31.0059 AM
[ReportManager] Successfully created attachment [Selenium WebDriver Logs - driver] @04-05-2021 11:10:31.0219 AM
[ReportManager] Browser Action [closeCurrentWindow] successfully performed. @04-05-2021 11:10:31.0278 AM
[ReportManager] Successfully created attachment [Browser Action Test Data - closeCurrentWindow - Actual Value] @04-05-2021 11:10:31.0279 A
[ReportManager] File Action [getAbsolutePath] successfully performed. With the following test data [Relative Folder Path: "target/downloadedFiles/"]. @04-05-2021 11:10:31.0281 AM
[ReportManager] Attempting to run remotely on: [Linux-64], [GoogleChrome], [http://localhost:4444/wd/hub], Headless Execution. @04-05-2021 11:10:31.0281 AM
[ReportManager] Successfully Opened [GoogleChrome]. @04-05-2021 11:10:31.0512 AM
[ReportManager] Target URL: [https://www.google.com/ncr], and after redirection: [www.google.com] @04-05-2021 11:10:31.0524 AM
[ReportManager] Initial URL: [data:,] @04-05-2021 11:10:31.0569 AM
[ReportManager] Browser Action [navigateToURL] successfully performed. With the following test data [https://www.google.com/ncr]. @04-05-2021 11:10:32.0455 A

################################################################################################################################################
Starting Execution:	[84 out of 137] test cases in the current suite
Test Method:		[unitTests.tests_validations_assertions.assertElementAttribute_false_regexComparison_expectedToFail]
################################################################################################################################################
[ReportManager] Element Action [type] successfully performed. With the following test data [Automation123]. @04-05-2021 11:10:33.0050 AM
[ReportManager] Element Action [getText] successfully performed. With the following test data [Automation123]. @04-05-2021 11:10:33.0147 AM
[ReportManager] Loaded Shared OpenCV @04-05-2021 11:10:33.0318 AM
[ReportManager] AssertElementAttribute FAILED; Expected [Value Should not be 'Automation.*' for the 'text' attribute, element locator 'By.name: q'] and Actual [Automation123]. Comparison Type [MATCHES]. Validation Type [NEGATIVE]. @04-05-2021 11:10:33.0389 AM
[ReportManager] Successfully created attachment [Screenshot - 1620126633318_assertElementAttribute_false_regexComparison_expectedToFail_AssertElementAttribute_failed] @04-05-2021 11:10:33.0390 A
[ReportManager] Successfully created attachment [Selenium WebDriver Logs - server] @04-05-2021 11:10:33.0464 AM
[ReportManager] Successfully created attachment [Selenium WebDriver Logs - performance] @04-05-2021 11:10:33.0554 AM
[ReportManager] Successfully created attachment [Selenium WebDriver Logs - driver] @04-05-2021 11:10:33.0682 AM
[ReportManager] Browser Action [closeCurrentWindow] successfully performed. @04-05-2021 11:10:33.0740 AM
[ReportManager] Successfully created attachment [Browser Action Test Data - closeCurrentWindow - Actual Value] @04-05-2021 11:10:33.0740 A
[ReportManager] File Action [getAbsolutePath] successfully performed. With the following test data [Relative Folder Path: "target/downloadedFiles/"]. @04-05-2021 11:10:33.0743 AM
[ReportManager] Attempting to run remotely on: [Linux-64], [GoogleChrome], [http://localhost:4444/wd/hub], Headless Execution. @04-05-2021 11:10:33.0743 AM
[ReportManager] Successfully Opened [GoogleChrome]. @04-05-2021 11:10:34.0018 AM
[ReportManager] Target URL: [https://www.google.com/ncr], and after redirection: [www.google.com] @04-05-2021 11:10:34.0031 AM
[ReportManager] Initial URL: [data:,] @04-05-2021 11:10:34.0077 AM
[ReportManager] Browser Action [navigateToURL] successfully performed. With the following test data [https://www.google.com/ncr]. @04-05-2021 11:10:34.0890 A

################################################################################################################################################
Starting Execution:	[85 out of 137] test cases in the current suite
Test Method:		[unitTests.tests_validations_assertions.assertElementAttribute_false_regexComparison_expectedToPass]
################################################################################################################################################
[ReportManager] Element Action [type] successfully performed. With the following test data [Automation123]. @04-05-2021 11:10:35.0517 AM
[ReportManager] Element Action [getText] successfully performed. With the following test data [Automation123]. @04-05-2021 11:10:35.0621 AM
[ReportManager] Loaded Shared OpenCV @04-05-2021 11:10:35.0774 AM
[ReportManager] AssertElementAttribute PASSED; Expected [Value Should not be 'Automation' for the 'text' attribute, element locator 'By.name: q'] and Actual [Automation123]. Comparison Type [MATCHES]. Validation Type [NEGATIVE]. @04-05-2021 11:10:35.0843 AM
[ReportManager] Successfully created attachment [Screenshot - 1620126635773_assertElementAttribute_false_regexComparison_expectedToPass_AssertElementAttribute_passed] @04-05-2021 11:10:35.0844 A
[ReportManager] Successfully created attachment [Selenium WebDriver Logs - server] @04-05-2021 11:10:35.0915 AM
[ReportManager] Successfully created attachment [Selenium WebDriver Logs - performance] @04-05-2021 11:10:36.0007 AM
[ReportManager] Successfully created attachment [Selenium WebDriver Logs - driver] @04-05-2021 11:10:36.0130 AM
[ReportManager] Browser Action [closeCurrentWindow] successfully performed. @04-05-2021 11:10:36.0186 AM
[ReportManager] Successfully created attachment [Browser Action Test Data - closeCurrentWindow - Actual Value] @04-05-2021 11:10:36.0187 A
[ReportManager] File Action [getAbsolutePath] successfully performed. With the following test data [Relative Folder Path: "target/downloadedFiles/"]. @04-05-2021 11:10:36.0193 AM
[ReportManager] Attempting to run remotely on: [Linux-64], [GoogleChrome], [http://localhost:4444/wd/hub], Headless Execution. @04-05-2021 11:10:36.0194 AM
[ReportManager] Successfully Opened [GoogleChrome]. @04-05-2021 11:10:36.0409 AM
[ReportManager] Target URL: [https://www.google.com/ncr], and after redirection: [www.google.com] @04-05-2021 11:10:36.0426 AM
[ReportManager] Initial URL: [data:,] @04-05-2021 11:10:36.0468 AM
[ReportManager] Browser Action [navigateToURL] successfully performed. With the following test data [https://www.google.com/ncr]. @04-05-2021 11:10:37.0299 A

################################################################################################################################################
Starting Execution:	[86 out of 137] test cases in the current suite
Test Method:		[unitTests.tests_validations_assertions.assertElementAttribute_true_caseInsensitiveComparison_expectedToFail]
################################################################################################################################################
[ReportManager] Element Action [type] successfully performed. With the following test data [AUTOMATION]. @04-05-2021 11:10:37.0851 AM
[ReportManager] Element Action [getText] successfully performed. With the following test data [AUTOMATION]. @04-05-2021 11:10:37.0945 AM
[ReportManager] Loaded Shared OpenCV @04-05-2021 11:10:38.0106 AM
[ReportManager] AssertElementAttribute FAILED; Expected [Value Should be 'AutomaTion123' for the 'text' attribute, element locator 'By.name: q'] and Actual [AUTOMATION]. Comparison Type [CASE_INSENSITIVE]. Validation Type [POSITIVE]. @04-05-2021 11:10:38.0178 AM
[ReportManager] Successfully created attachment [Screenshot - 1620126638106_assertElementAttribute_true_caseInsensitiveComparison_expectedToFail_AssertElementAttribute_failed] @04-05-2021 11:10:38.0179 A
[ReportManager] Successfully created attachment [Selenium WebDriver Logs - server] @04-05-2021 11:10:38.0258 AM
[ReportManager] Successfully created attachment [Selenium WebDriver Logs - performance] @04-05-2021 11:10:38.0342 AM
[ReportManager] Successfully created attachment [Selenium WebDriver Logs - driver] @04-05-2021 11:10:38.0457 AM
[ReportManager] Browser Action [closeCurrentWindow] successfully performed. @04-05-2021 11:10:38.0513 AM
[ReportManager] Successfully created attachment [Browser Action Test Data - closeCurrentWindow - Actual Value] @04-05-2021 11:10:38.0514 A
[ReportManager] File Action [getAbsolutePath] successfully performed. With the following test data [Relative Folder Path: "target/downloadedFiles/"]. @04-05-2021 11:10:38.0517 AM
[ReportManager] Attempting to run remotely on: [Linux-64], [GoogleChrome], [http://localhost:4444/wd/hub], Headless Execution. @04-05-2021 11:10:38.0517 AM
[ReportManager] Successfully Opened [GoogleChrome]. @04-05-2021 11:10:38.0722 AM
[ReportManager] Target URL: [https://www.google.com/ncr], and after redirection: [www.google.com] @04-05-2021 11:10:38.0731 AM
[ReportManager] Initial URL: [data:,] @04-05-2021 11:10:38.0770 AM
[ReportManager] Browser Action [navigateToURL] successfully performed. With the following test data [https://www.google.com/ncr]. @04-05-2021 11:10:39.0605 A

################################################################################################################################################
Starting Execution:	[87 out of 137] test cases in the current suite
Test Method:		[unitTests.tests_validations_assertions.assertElementAttribute_true_caseInsensitiveComparison_expectedToPass]
################################################################################################################################################
[ReportManager] Element Action [type] successfully performed. With the following test data [AUTOMATION]. @04-05-2021 11:10:40.0157 AM
[ReportManager] Element Action [getText] successfully performed. With the following test data [AUTOMATION]. @04-05-2021 11:10:40.0251 AM
[ReportManager] Loaded Shared OpenCV @04-05-2021 11:10:40.0406 AM
[ReportManager] AssertElementAttribute PASSED; Expected [Value Should be 'AutomaTion' for the 'text' attribute, element locator 'By.name: q'] and Actual [AUTOMATION]. Comparison Type [CASE_INSENSITIVE]. Validation Type [POSITIVE]. @04-05-2021 11:10:40.0477 AM
[ReportManager] Successfully created attachment [Screenshot - 1620126640406_assertElementAttribute_true_caseInsensitiveComparison_expectedToPass_AssertElementAttribute_passed] @04-05-2021 11:10:40.0478 A
[ReportManager] Successfully created attachment [Selenium WebDriver Logs - server] @04-05-2021 11:10:40.0562 AM
[ReportManager] Successfully created attachment [Selenium WebDriver Logs - performance] @04-05-2021 11:10:40.0637 AM
[ReportManager] Successfully created attachment [Selenium WebDriver Logs - driver] @04-05-2021 11:10:40.0759 AM
[ReportManager] Browser Action [closeCurrentWindow] successfully performed. @04-05-2021 11:10:40.0830 AM
[ReportManager] Successfully created attachment [Browser Action Test Data - closeCurrentWindow - Actual Value] @04-05-2021 11:10:40.0831 A
[ReportManager] File Action [getAbsolutePath] successfully performed. With the following test data [Relative Folder Path: "target/downloadedFiles/"]. @04-05-2021 11:10:40.0834 AM
[ReportManager] Attempting to run remotely on: [Linux-64], [GoogleChrome], [http://localhost:4444/wd/hub], Headless Execution. @04-05-2021 11:10:40.0834 AM
[ReportManager] Successfully Opened [GoogleChrome]. @04-05-2021 11:10:41.0040 AM
[ReportManager] Target URL: [https://www.google.com/ncr], and after redirection: [www.google.com] @04-05-2021 11:10:41.0050 AM
[ReportManager] Initial URL: [data:,] @04-05-2021 11:10:41.0093 AM
[ReportManager] Browser Action [navigateToURL] successfully performed. With the following test data [https://www.google.com/ncr]. @04-05-2021 11:10:42.0009 A

################################################################################################################################################
Starting Execution:	[88 out of 137] test cases in the current suite
Test Method:		[unitTests.tests_validations_assertions.assertElementAttribute_true_containsComparison_expectedToFail]
################################################################################################################################################
[ReportManager] Element Action [type] successfully performed. With the following test data [Automation123]. @04-05-2021 11:10:42.0637 AM
[ReportManager] Element Action [getText] successfully performed. With the following test data [Automation123]. @04-05-2021 11:10:42.0756 AM
[ReportManager] Loaded Shared OpenCV @04-05-2021 11:10:42.0921 AM
[ReportManager] AssertElementAttribute FAILED; Expected [Value Should be 'Automation1234' for the 'text' attribute, element locator 'By.name: q'] and Actual [Automation123]. Comparison Type [CONTAINS]. Validation Type [POSITIVE]. @04-05-2021 11:10:42.0994 AM
[ReportManager] Successfully created attachment [Screenshot - 1620126642921_assertElementAttribute_true_containsComparison_expectedToFail_AssertElementAttribute_failed] @04-05-2021 11:10:42.0995 A
[ReportManager] Successfully created attachment [Selenium WebDriver Logs - server] @04-05-2021 11:10:43.0071 AM
[ReportManager] Successfully created attachment [Selenium WebDriver Logs - performance] @04-05-2021 11:10:43.0168 AM
[ReportManager] Successfully created attachment [Selenium WebDriver Logs - driver] @04-05-2021 11:10:43.0286 AM
[ReportManager] Browser Action [closeCurrentWindow] successfully performed. @04-05-2021 11:10:43.0342 AM
[ReportManager] Successfully created attachment [Browser Action Test Data - closeCurrentWindow - Actual Value] @04-05-2021 11:10:43.0343 A
[ReportManager] File Action [getAbsolutePath] successfully performed. With the following test data [Relative Folder Path: "target/downloadedFiles/"]. @04-05-2021 11:10:43.0349 AM
[ReportManager] Attempting to run remotely on: [Linux-64], [GoogleChrome], [http://localhost:4444/wd/hub], Headless Execution. @04-05-2021 11:10:43.0349 AM
[ReportManager] Successfully Opened [GoogleChrome]. @04-05-2021 11:10:43.0561 AM
[ReportManager] Target URL: [https://www.google.com/ncr], and after redirection: [www.google.com] @04-05-2021 11:10:43.0580 AM
[ReportManager] Initial URL: [data:,] @04-05-2021 11:10:43.0623 AM
[ReportManager] Browser Action [navigateToURL] successfully performed. With the following test data [https://www.google.com/ncr]. @04-05-2021 11:10:44.0482 A

################################################################################################################################################
Starting Execution:	[89 out of 137] test cases in the current suite
Test Method:		[unitTests.tests_validations_assertions.assertElementAttribute_true_containsComparison_expectedToPass]
################################################################################################################################################
[ReportManager] Element Action [type] successfully performed. With the following test data [Automation123]. @04-05-2021 11:10:45.0050 AM
[ReportManager] Element Action [getText] successfully performed. With the following test data [Automation123]. @04-05-2021 11:10:45.0156 AM
[ReportManager] Loaded Shared OpenCV @04-05-2021 11:10:45.0316 AM
[ReportManager] AssertElementAttribute PASSED; Expected [Value Should be 'Automation' for the 'text' attribute, element locator 'By.name: q'] and Actual [Automation123]. Comparison Type [CONTAINS]. Validation Type [POSITIVE]. @04-05-2021 11:10:45.0387 AM
[ReportManager] Successfully created attachment [Screenshot - 1620126645316_assertElementAttribute_true_containsComparison_expectedToPass_AssertElementAttribute_passed] @04-05-2021 11:10:45.0388 A
[ReportManager] Successfully created attachment [Selenium WebDriver Logs - server] @04-05-2021 11:10:45.0473 AM
[ReportManager] Successfully created attachment [Selenium WebDriver Logs - performance] @04-05-2021 11:10:45.0560 AM
[ReportManager] Successfully created attachment [Selenium WebDriver Logs - driver] @04-05-2021 11:10:45.0684 AM
[ReportManager] Browser Action [closeCurrentWindow] successfully performed. @04-05-2021 11:10:45.0740 AM
[ReportManager] Successfully created attachment [Browser Action Test Data - closeCurrentWindow - Actual Value] @04-05-2021 11:10:45.0742 A
[ReportManager] File Action [getAbsolutePath] successfully performed. With the following test data [Relative Folder Path: "target/downloadedFiles/"]. @04-05-2021 11:10:45.0744 AM
[ReportManager] Attempting to run remotely on: [Linux-64], [GoogleChrome], [http://localhost:4444/wd/hub], Headless Execution. @04-05-2021 11:10:45.0744 AM
[ReportManager] Successfully Opened [GoogleChrome]. @04-05-2021 11:10:45.0976 AM
[ReportManager] Target URL: [https://www.google.com/ncr], and after redirection: [www.google.com] @04-05-2021 11:10:45.0985 AM
[ReportManager] Initial URL: [data:,] @04-05-2021 11:10:46.0038 AM
[ReportManager] Browser Action [navigateToURL] successfully performed. With the following test data [https://www.google.com/ncr]. @04-05-2021 11:10:46.0849 A

################################################################################################################################################
Starting Execution:	[90 out of 137] test cases in the current suite
Test Method:		[unitTests.tests_validations_assertions.assertElementAttribute_true_literalComparison_expectedToFail]
################################################################################################################################################
[ReportManager] Element Action [type] successfully performed. With the following test data [Automation!@#$%^&*()_+{}[]\';/.,]. @04-05-2021 11:10:48.0261 AM
[ReportManager] Element Action [getText] successfully performed. With the following test data [Automation!@#$%^&*()_+{}[]\';/.,]. @04-05-2021 11:10:48.0372 AM
[ReportManager] Loaded Shared OpenCV @04-05-2021 11:10:48.0539 AM
[ReportManager] AssertElementAttribute FAILED; Expected [Value Should be 'Automation' for the 'text' attribute, element locator 'By.name: q'] and Actual [Automation!@#$%^&*()_+{}[]\';/.,]. Comparison Type [EQUALS]. Validation Type [POSITIVE]. @04-05-2021 11:10:48.0610 AM
[ReportManager] Successfully created attachment [Screenshot - 1620126648539_assertElementAttribute_true_literalComparison_expectedToFail_AssertElementAttribute_failed] @04-05-2021 11:10:48.0611 A
[ReportManager] Successfully created attachment [Selenium WebDriver Logs - server] @04-05-2021 11:10:48.0687 AM
[ReportManager] Successfully created attachment [Selenium WebDriver Logs - performance] @04-05-2021 11:10:48.0835 AM
[ReportManager] Successfully created attachment [Selenium WebDriver Logs - driver] @04-05-2021 11:10:49.0002 AM
[ReportManager] Browser Action [closeCurrentWindow] successfully performed. @04-05-2021 11:10:49.0061 AM
[ReportManager] Successfully created attachment [Browser Action Test Data - closeCurrentWindow - Actual Value] @04-05-2021 11:10:49.0062 A
[ReportManager] File Action [getAbsolutePath] successfully performed. With the following test data [Relative Folder Path: "target/downloadedFiles/"]. @04-05-2021 11:10:49.0065 AM
[ReportManager] Attempting to run remotely on: [Linux-64], [GoogleChrome], [http://localhost:4444/wd/hub], Headless Execution. @04-05-2021 11:10:49.0065 AM
[ReportManager] Successfully Opened [GoogleChrome]. @04-05-2021 11:10:49.0352 AM
[ReportManager] Target URL: [https://www.google.com/ncr], and after redirection: [www.google.com] @04-05-2021 11:10:49.0365 AM
[ReportManager] Initial URL: [data:,] @04-05-2021 11:10:49.0400 AM
[ReportManager] Browser Action [navigateToURL] successfully performed. With the following test data [https://www.google.com/ncr]. @04-05-2021 11:10:50.0363 A

################################################################################################################################################
Starting Execution:	[91 out of 137] test cases in the current suite
Test Method:		[unitTests.tests_validations_assertions.assertElementAttribute_true_literalComparison_expectedToPass]
################################################################################################################################################
[ReportManager] Element Action [type] successfully performed. With the following test data [Automation!@#$%^&*()_+{}[]\';/.,]. @04-05-2021 11:10:51.0747 AM
[ReportManager] Element Action [getText] successfully performed. With the following test data [Automation!@#$%^&*()_+{}[]\';/.,]. @04-05-2021 11:10:51.0840 AM
[ReportManager] Loaded Shared OpenCV @04-05-2021 11:10:52.0025 AM
[ReportManager] AssertElementAttribute PASSED; Expected [Value Should be 'Automation!@#$%^&*()_+{}[]\';/.,' for the 'text' attribute, element locator 'By.name: q'] and Actual [Automation!@#$%^&*()_+{}[]\';/.,]. Comparison Type [EQUALS]. Validation Type [POSITIVE]. @04-05-2021 11:10:52.0100 AM
[ReportManager] Successfully created attachment [Screenshot - 1620126652025_assertElementAttribute_true_literalComparison_expectedToPass_AssertElementAttribute_passed] @04-05-2021 11:10:52.0101 A
[ReportManager] Successfully created attachment [Selenium WebDriver Logs - server] @04-05-2021 11:10:52.0183 AM
[ReportManager] Successfully created attachment [Selenium WebDriver Logs - performance] @04-05-2021 11:10:52.0338 AM
[ReportManager] Successfully created attachment [Selenium WebDriver Logs - driver] @04-05-2021 11:10:52.0512 AM
[ReportManager] Browser Action [closeCurrentWindow] successfully performed. @04-05-2021 11:10:52.0568 AM
[ReportManager] Successfully created attachment [Browser Action Test Data - closeCurrentWindow - Actual Value] @04-05-2021 11:10:52.0568 A
[ReportManager] File Action [getAbsolutePath] successfully performed. With the following test data [Relative Folder Path: "target/downloadedFiles/"]. @04-05-2021 11:10:52.0576 AM
[ReportManager] Attempting to run remotely on: [Linux-64], [GoogleChrome], [http://localhost:4444/wd/hub], Headless Execution. @04-05-2021 11:10:52.0576 AM
[ReportManager] Successfully Opened [GoogleChrome]. @04-05-2021 11:10:52.0830 AM
[ReportManager] Target URL: [https://www.google.com/ncr], and after redirection: [www.google.com] @04-05-2021 11:10:52.0840 AM
[ReportManager] Initial URL: [data:,] @04-05-2021 11:10:52.0879 AM
[ReportManager] Browser Action [navigateToURL] successfully performed. With the following test data [https://www.google.com/ncr]. @04-05-2021 11:10:53.0693 A

################################################################################################################################################
Starting Execution:	[92 out of 137] test cases in the current suite
Test Method:		[unitTests.tests_validations_assertions.assertElementAttribute_true_regexComparison_expectedToFail]
################################################################################################################################################
[ReportManager] Element Action [type] successfully performed. With the following test data [Automation123]. @04-05-2021 11:10:54.0259 AM
[ReportManager] Element Action [getText] successfully performed. With the following test data [Automation123]. @04-05-2021 11:10:54.0366 AM
[ReportManager] Loaded Shared OpenCV @04-05-2021 11:10:54.0515 AM
[ReportManager] AssertElementAttribute FAILED; Expected [Value Should be 'Automation' for the 'text' attribute, element locator 'By.name: q'] and Actual [Automation123]. Comparison Type [MATCHES]. Validation Type [POSITIVE]. @04-05-2021 11:10:54.0584 AM
[ReportManager] Successfully created attachment [Screenshot - 1620126654515_assertElementAttribute_true_regexComparison_expectedToFail_AssertElementAttribute_failed] @04-05-2021 11:10:54.0585 A
[ReportManager] Successfully created attachment [Selenium WebDriver Logs - server] @04-05-2021 11:10:54.0660 AM
[ReportManager] Successfully created attachment [Selenium WebDriver Logs - performance] @04-05-2021 11:10:54.0752 AM
[ReportManager] Successfully created attachment [Selenium WebDriver Logs - driver] @04-05-2021 11:10:54.0880 AM
[ReportManager] Browser Action [closeCurrentWindow] successfully performed. @04-05-2021 11:10:54.0936 AM
[ReportManager] Successfully created attachment [Browser Action Test Data - closeCurrentWindow - Actual Value] @04-05-2021 11:10:54.0937 A
[ReportManager] File Action [getAbsolutePath] successfully performed. With the following test data [Relative Folder Path: "target/downloadedFiles/"]. @04-05-2021 11:10:54.0939 AM
[ReportManager] Attempting to run remotely on: [Linux-64], [GoogleChrome], [http://localhost:4444/wd/hub], Headless Execution. @04-05-2021 11:10:54.0939 AM
[ReportManager] Successfully Opened [GoogleChrome]. @04-05-2021 11:10:55.0141 AM
[ReportManager] Target URL: [https://www.google.com/ncr], and after redirection: [www.google.com] @04-05-2021 11:10:55.0164 AM
[ReportManager] Initial URL: [data:,] @04-05-2021 11:10:55.0205 AM
[ReportManager] Browser Action [navigateToURL] successfully performed. With the following test data [https://www.google.com/ncr]. @04-05-2021 11:10:55.0996 A

################################################################################################################################################
Starting Execution:	[93 out of 137] test cases in the current suite
Test Method:		[unitTests.tests_validations_assertions.assertElementAttribute_true_regexComparison_expectedToPass]
################################################################################################################################################
[ReportManager] Element Action [type] successfully performed. With the following test data [Automation123]. @04-05-2021 11:10:56.0592 AM
[ReportManager] Element Action [getText] successfully performed. With the following test data [Automation123]. @04-05-2021 11:10:56.0713 AM
[ReportManager] Loaded Shared OpenCV @04-05-2021 11:10:56.0881 AM
[ReportManager] AssertElementAttribute PASSED; Expected [Value Should be 'Automation.*' for the 'text' attribute, element locator 'By.name: q'] and Actual [Automation123]. Comparison Type [MATCHES]. Validation Type [POSITIVE]. @04-05-2021 11:10:56.0953 AM
[ReportManager] Successfully created attachment [Screenshot - 1620126656881_assertElementAttribute_true_regexComparison_expectedToPass_AssertElementAttribute_passed] @04-05-2021 11:10:56.0954 A
[ReportManager] Successfully created attachment [Selenium WebDriver Logs - server] @04-05-2021 11:10:57.0032 AM
[ReportManager] Successfully created attachment [Selenium WebDriver Logs - performance] @04-05-2021 11:10:57.0122 AM
[ReportManager] Successfully created attachment [Selenium WebDriver Logs - driver] @04-05-2021 11:10:57.0244 AM
[ReportManager] Browser Action [closeCurrentWindow] successfully performed. @04-05-2021 11:10:57.0300 AM
[ReportManager] Successfully created attachment [Browser Action Test Data - closeCurrentWindow - Actual Value] @04-05-2021 11:10:57.0301 A
[ReportManager] File Action [getAbsolutePath] successfully performed. With the following test data [Relative Folder Path: "target/downloadedFiles/"]. @04-05-2021 11:10:57.0303 AM
[ReportManager] Attempting to run remotely on: [Linux-64], [GoogleChrome], [http://localhost:4444/wd/hub], Headless Execution. @04-05-2021 11:10:57.0303 AM
[ReportManager] Successfully Opened [GoogleChrome]. @04-05-2021 11:10:57.0538 AM
[ReportManager] Target URL: [https://www.google.com/ncr], and after redirection: [www.google.com] @04-05-2021 11:10:57.0554 AM
[ReportManager] Initial URL: [data:,] @04-05-2021 11:10:57.0596 AM
[ReportManager] Browser Action [navigateToURL] successfully performed. With the following test data [https://www.google.com/ncr]. @04-05-2021 11:10:58.0418 A

################################################################################################################################################
Starting Execution:	[94 out of 137] test cases in the current suite
Test Method:		[unitTests.tests_validations_assertions.assertElementAttribute_type_true_literalComparison_expectedToPass]
################################################################################################################################################
[ReportManager] Element Action [type] successfully performed. With the following test data [Automation!@#$%^&*()_+{}[]\';/.,]. @04-05-2021 11:10:59.0700 AM
[ReportManager] Element Action [getText] successfully performed. With the following test data [Automation!@#$%^&*()_+{}[]\';/.,]. @04-05-2021 11:10:59.0791 AM
[ReportManager] Loaded Shared OpenCV @04-05-2021 11:10:59.0954 AM
[ReportManager] AssertElementAttribute PASSED; Expected [Value Should be 'Automation!@#$%^&*()_+{}[]\';/.,' for the 'text' attribute, element locator 'By.name: q'] and Actual [Automation!@#$%^&*()_+{}[]\';/.,]. Comparison Type [EQUALS]. Validation Type [POSITIVE]. @04-05-2021 11:11:00.0026 AM
[ReportManager] Successfully created attachment [Screenshot - 1620126659953_assertElementAttribute_type_true_literalComparison_expectedToPass_AssertElementAttribute_passed] @04-05-2021 11:11:00.0027 A
[ReportManager] Successfully created attachment [Selenium WebDriver Logs - server] @04-05-2021 11:11:00.0100 AM
[ReportManager] Successfully created attachment [Selenium WebDriver Logs - performance] @04-05-2021 11:11:00.0253 AM
[ReportManager] Successfully created attachment [Selenium WebDriver Logs - driver] @04-05-2021 11:11:00.0430 AM
[ReportManager] Browser Action [closeCurrentWindow] successfully performed. @04-05-2021 11:11:00.0495 AM
[ReportManager] Successfully created attachment [Browser Action Test Data - closeCurrentWindow - Actual Value] @04-05-2021 11:11:00.0496 A
[ReportManager] File Action [getAbsolutePath] successfully performed. With the following test data [Relative Folder Path: "target/downloadedFiles/"]. @04-05-2021 11:11:00.0498 AM
[ReportManager] Attempting to run remotely on: [Linux-64], [GoogleChrome], [http://localhost:4444/wd/hub], Headless Execution. @04-05-2021 11:11:00.0498 AM
[ReportManager] Successfully Opened [GoogleChrome]. @04-05-2021 11:11:00.0728 AM
[ReportManager] Target URL: [https://www.google.com/ncr], and after redirection: [www.google.com] @04-05-2021 11:11:00.0743 AM
[ReportManager] Initial URL: [data:,] @04-05-2021 11:11:00.0792 AM
[ReportManager] Browser Action [navigateToURL] successfully performed. With the following test data [https://www.google.com/ncr]. @04-05-2021 11:11:01.0749 A

################################################################################################################################################
Starting Execution:	[95 out of 137] test cases in the current suite
Test Method:		[unitTests.tests_validations_assertions.assertElementExists_false_expectedToFail]
################################################################################################################################################
[ReportManager] Loaded Shared OpenCV @04-05-2021 11:11:01.0987 AM
[ReportManager] AssertElementExists FAILED; Expected [Element Should not Exist, locator 'By.id: hplogo'] and Actual [Element Exists]. Comparison Type [EQUALS]. Validation Type [NEGATIVE]. @04-05-2021 11:11:02.0067 AM
[ReportManager] Successfully created attachment [Screenshot - 1620126661987_assertElementExists_false_expectedToFail_AssertElementExists_failed] @04-05-2021 11:11:02.0068 A
[ReportManager] Successfully created attachment [Selenium WebDriver Logs - server] @04-05-2021 11:11:02.0152 AM
[ReportManager] Successfully created attachment [Selenium WebDriver Logs - performance] @04-05-2021 11:11:02.0193 AM
[ReportManager] Successfully created attachment [Selenium WebDriver Logs - driver] @04-05-2021 11:11:02.0278 AM
[ReportManager] Browser Action [closeCurrentWindow] successfully performed. @04-05-2021 11:11:02.0334 AM
[ReportManager] Successfully created attachment [Browser Action Test Data - closeCurrentWindow - Actual Value] @04-05-2021 11:11:02.0335 A
[ReportManager] File Action [getAbsolutePath] successfully performed. With the following test data [Relative Folder Path: "target/downloadedFiles/"]. @04-05-2021 11:11:02.0337 AM
[ReportManager] Attempting to run remotely on: [Linux-64], [GoogleChrome], [http://localhost:4444/wd/hub], Headless Execution. @04-05-2021 11:11:02.0337 AM
[ReportManager] Successfully Opened [GoogleChrome]. @04-05-2021 11:11:02.0581 AM
[ReportManager] Target URL: [https://www.google.com/ncr], and after redirection: [www.google.com] @04-05-2021 11:11:02.0600 AM
[ReportManager] Initial URL: [data:,] @04-05-2021 11:11:02.0641 AM
[ReportManager] Browser Action [navigateToURL] successfully performed. With the following test data [https://www.google.com/ncr]. @04-05-2021 11:11:03.0518 A

################################################################################################################################################
Starting Execution:	[96 out of 137] test cases in the current suite
Test Method:		[unitTests.tests_validations_assertions.assertElementExists_false_expectedToPass]
################################################################################################################################################
[ReportManager] AssertElementExists PASSED; Expected [Element Should not Exist, locator 'By.id: fakeElement'] and Actual [Element Doesn't Exists]. Comparison Type [EQUALS]. Validation Type [NEGATIVE]. @04-05-2021 11:11:13.0903 AM
[ReportManager] Successfully created attachment [Screenshot - 1620126673836_assertElementExists_false_expectedToPass_AssertElementExists_passed] @04-05-2021 11:11:13.0904 A
[ReportManager] Successfully created attachment [Selenium WebDriver Logs - server] @04-05-2021 11:11:13.0978 AM
[ReportManager] Successfully created attachment [Selenium WebDriver Logs - performance] @04-05-2021 11:11:14.0013 AM
[ReportManager] Successfully created attachment [Selenium WebDriver Logs - driver] @04-05-2021 11:11:14.0091 AM
[ReportManager] Browser Action [closeCurrentWindow] successfully performed. @04-05-2021 11:11:14.0147 AM
[ReportManager] Successfully created attachment [Browser Action Test Data - closeCurrentWindow - Actual Value] @04-05-2021 11:11:14.0148 A
[ReportManager] File Action [getAbsolutePath] successfully performed. With the following test data [Relative Folder Path: "target/downloadedFiles/"]. @04-05-2021 11:11:14.0150 AM
[ReportManager] Attempting to run remotely on: [Linux-64], [GoogleChrome], [http://localhost:4444/wd/hub], Headless Execution. @04-05-2021 11:11:14.0150 AM
[ReportManager] Successfully Opened [GoogleChrome]. @04-05-2021 11:11:14.0363 AM
[ReportManager] Target URL: [https://www.google.com/ncr], and after redirection: [www.google.com] @04-05-2021 11:11:14.0373 AM
[ReportManager] Initial URL: [data:,] @04-05-2021 11:11:14.0413 AM
[ReportManager] Browser Action [navigateToURL] successfully performed. With the following test data [https://www.google.com/ncr]. @04-05-2021 11:11:15.0230 A

################################################################################################################################################
Starting Execution:	[97 out of 137] test cases in the current suite
Test Method:		[unitTests.tests_validations_assertions.assertElementExists_false_multipleElementsFound_expectedToFail]
################################################################################################################################################
[ReportManager] AssertElementExists FAILED; Expected [Element Should not Exist, locator 'By.xpath: //div'] and Actual [Element Exists but is not unique]. Comparison Type [EQUALS]. Validation Type [NEGATIVE]. @04-05-2021 11:11:15.0479 AM
[ReportManager] Successfully created attachment [Screenshot - 1620126675417_assertElementExists_false_multipleElementsFound_expectedToFail_AssertElementExists_failed] @04-05-2021 11:11:15.0481 A
[ReportManager] Successfully created attachment [Selenium WebDriver Logs - server] @04-05-2021 11:11:15.0552 AM
[ReportManager] Successfully created attachment [Selenium WebDriver Logs - performance] @04-05-2021 11:11:15.0589 AM
[ReportManager] Successfully created attachment [Selenium WebDriver Logs - driver] @04-05-2021 11:11:15.0658 AM
[ReportManager] Browser Action [closeCurrentWindow] successfully performed. @04-05-2021 11:11:15.0715 AM
[ReportManager] Successfully created attachment [Browser Action Test Data - closeCurrentWindow - Actual Value] @04-05-2021 11:11:15.0715 A
[ReportManager] File Action [getAbsolutePath] successfully performed. With the following test data [Relative Folder Path: "target/downloadedFiles/"]. @04-05-2021 11:11:15.0718 AM
[ReportManager] Attempting to run remotely on: [Linux-64], [GoogleChrome], [http://localhost:4444/wd/hub], Headless Execution. @04-05-2021 11:11:15.0718 AM
[ReportManager] Successfully Opened [GoogleChrome]. @04-05-2021 11:11:15.0919 AM
[ReportManager] Target URL: [https://www.google.com/ncr], and after redirection: [www.google.com] @04-05-2021 11:11:15.0930 AM
[ReportManager] Initial URL: [data:,] @04-05-2021 11:11:15.0969 AM
[ReportManager] Browser Action [navigateToURL] successfully performed. With the following test data [https://www.google.com/ncr]. @04-05-2021 11:11:16.0778 A

################################################################################################################################################
Starting Execution:	[98 out of 137] test cases in the current suite
Test Method:		[unitTests.tests_validations_assertions.assertElementExists_true_expectedToFail]
################################################################################################################################################
[ReportManager] AssertElementExists FAILED; Expected [Element Should Exist, locator 'By.id: fakeElement'] and Actual [Element Doesn't Exists]. Comparison Type [EQUALS]. Validation Type [POSITIVE]. @04-05-2021 11:11:47.0484 AM
[ReportManager] Successfully created attachment [Screenshot - 1620126707425_assertElementExists_true_expectedToFail_AssertElementExists_failed] @04-05-2021 11:11:47.0484 A
[ReportManager] Successfully created attachment [Selenium WebDriver Logs - server] @04-05-2021 11:11:47.0561 AM
[ReportManager] Successfully created attachment [Selenium WebDriver Logs - performance] @04-05-2021 11:11:47.0599 AM
[ReportManager] Successfully created attachment [Selenium WebDriver Logs - driver] @04-05-2021 11:11:47.0694 AM
[ReportManager] Browser Action [closeCurrentWindow] successfully performed. @04-05-2021 11:11:47.0752 AM
[ReportManager] Successfully created attachment [Browser Action Test Data - closeCurrentWindow - Actual Value] @04-05-2021 11:11:47.0753 A
[ReportManager] File Action [getAbsolutePath] successfully performed. With the following test data [Relative Folder Path: "target/downloadedFiles/"]. @04-05-2021 11:11:47.0757 AM
[ReportManager] Attempting to run remotely on: [Linux-64], [GoogleChrome], [http://localhost:4444/wd/hub], Headless Execution. @04-05-2021 11:11:47.0757 AM
[ReportManager] Successfully Opened [GoogleChrome]. @04-05-2021 11:11:47.0985 AM
[ReportManager] Target URL: [https://www.google.com/ncr], and after redirection: [www.google.com] @04-05-2021 11:11:47.0994 AM
[ReportManager] Initial URL: [data:,] @04-05-2021 11:11:48.0030 AM
[ReportManager] Browser Action [navigateToURL] successfully performed. With the following test data [https://www.google.com/ncr]. @04-05-2021 11:11:48.0901 A

################################################################################################################################################
Starting Execution:	[99 out of 137] test cases in the current suite
Test Method:		[unitTests.tests_validations_assertions.assertElementExists_true_expectedToPass]
################################################################################################################################################
[ReportManager] Loaded Shared OpenCV @04-05-2021 11:11:49.0120 AM
[ReportManager] AssertElementExists PASSED; Expected [Element Should Exist, locator 'By.xpath: //img[@id='hplogo' or @alt='Google']'] and Actual [Element Exists]. Comparison Type [EQUALS]. Validation Type [POSITIVE]. @04-05-2021 11:11:49.0192 AM
[ReportManager] Successfully created attachment [Screenshot - 1620126709119_assertElementExists_true_expectedToPass_AssertElementExists_passed] @04-05-2021 11:11:49.0193 A
[ReportManager] Successfully created attachment [Selenium WebDriver Logs - server] @04-05-2021 11:11:49.0269 AM
[ReportManager] Successfully created attachment [Selenium WebDriver Logs - performance] @04-05-2021 11:11:49.0308 AM
[ReportManager] Successfully created attachment [Selenium WebDriver Logs - driver] @04-05-2021 11:11:49.0382 AM
[ReportManager] Browser Action [closeCurrentWindow] successfully performed. @04-05-2021 11:11:49.0438 AM
[ReportManager] Successfully created attachment [Browser Action Test Data - closeCurrentWindow - Actual Value] @04-05-2021 11:11:49.0439 A
[ReportManager] File Action [getAbsolutePath] successfully performed. With the following test data [Relative Folder Path: "target/downloadedFiles/"]. @04-05-2021 11:11:49.0441 AM
[ReportManager] Attempting to run remotely on: [Linux-64], [GoogleChrome], [http://localhost:4444/wd/hub], Headless Execution. @04-05-2021 11:11:49.0441 AM
[ReportManager] Successfully Opened [GoogleChrome]. @04-05-2021 11:11:49.0653 AM
[ReportManager] Target URL: [https://www.google.com/ncr], and after redirection: [www.google.com] @04-05-2021 11:11:49.0669 AM
[ReportManager] Initial URL: [data:,] @04-05-2021 11:11:49.0705 AM
[ReportManager] Browser Action [navigateToURL] successfully performed. With the following test data [https://www.google.com/ncr]. @04-05-2021 11:11:50.0527 A

################################################################################################################################################
Starting Execution:	[100 out of 137] test cases in the current suite
Test Method:		[unitTests.tests_validations_assertions.assertElementExists_true_multipleElementsFound_expectedToFail]
################################################################################################################################################
[ReportManager] AssertElementExists FAILED; Expected [Element Should Exist, locator 'By.xpath: //div'] and Actual [Element Exists but is not unique]. Comparison Type [EQUALS]. Validation Type [POSITIVE]. @04-05-2021 11:11:50.0817 AM
[ReportManager] Successfully created attachment [Screenshot - 1620126710751_assertElementExists_true_multipleElementsFound_expectedToFail_AssertElementExists_failed] @04-05-2021 11:11:50.0818 A
[ReportManager] Successfully created attachment [Selenium WebDriver Logs - server] @04-05-2021 11:11:50.0894 AM
[ReportManager] Successfully created attachment [Selenium WebDriver Logs - performance] @04-05-2021 11:11:50.0932 AM
[ReportManager] Successfully created attachment [Selenium WebDriver Logs - driver] @04-05-2021 11:11:51.0009 AM
[ReportManager] Browser Action [closeCurrentWindow] successfully performed. @04-05-2021 11:11:51.0068 AM
[ReportManager] Successfully created attachment [Browser Action Test Data - closeCurrentWindow - Actual Value] @04-05-2021 11:11:51.0069 A

################################################################################################################################################
Starting Execution:	[101 out of 137] test cases in the current suite
Test Method:		[unitTests.tests_validations_assertions.assertEquals_false_expectedToFail]
################################################################################################################################################
[ReportManager] AssertEquals FAILED; Expected [1] and Actual [1]. Comparison Type [EQUALS]. Validation Type [NEGATIVE]. @04-05-2021 11:11:51.0075 A

################################################################################################################################################
Starting Execution:	[102 out of 137] test cases in the current suite
Test Method:		[unitTests.tests_validations_assertions.assertEquals_false_expectedToPass]
################################################################################################################################################
[ReportManager] AssertEquals PASSED; Expected [1] and Actual [2]. Comparison Type [EQUALS]. Validation Type [NEGATIVE]. @04-05-2021 11:11:51.0077 A

################################################################################################################################################
Starting Execution:	[103 out of 137] test cases in the current suite
Test Method:		[unitTests.tests_validations_assertions.assertEquals_longCharacters]
################################################################################################################################################
[ReportManager] VerifyEquals PASSED; Expected and Actual values are attached. Comparison Type [EQUALS]. Validation Type [POSITIVE]. @04-05-2021 11:11:51.0079 AM
[ReportManager] Successfully created attachment [Validation Test Data - Expected Value] @04-05-2021 11:11:51.0079 AM
[ReportManager] Successfully created attachment [Validation Test Data - Actual Value] @04-05-2021 11:11:51.0079 AM
[ReportManager] AssertEquals PASSED; Expected and Actual values are attached. Comparison Type [EQUALS]. Validation Type [POSITIVE]. @04-05-2021 11:11:51.0079 AM
[ReportManager] Successfully created attachment [Validation Test Data - Expected Value] @04-05-2021 11:11:51.0080 AM
[ReportManager] Successfully created attachment [Validation Test Data - Actual Value] @04-05-2021 11:11:51.0080 A

################################################################################################################################################
Starting Execution:	[104 out of 137] test cases in the current suite
Test Method:		[unitTests.tests_validations_assertions.assertEquals_longCharacters_Discreet]
################################################################################################################################################
[ReportManager] AssertEquals PASSED; Expected [1LH5pROcDBjjQk0t0mCr0lXuzQu9lcGj28kY8R1H81X67eVAQJgWQhILiRWVPUgZ6uCtK5cnBkF55Jr9vYngjGO1Iyf0Mktv6lruDlL9T8MAUPcUZJGHZtji6nIeadujDSNmWMj5d6C8zlFqw0CRqBU0hO5adIasHgBSNoLotAjce3NGXoDwAlp3rYreeV16VIyZXROQY] and Actual [1LH5pROcDBjjQk0t0mCr0lXuzQu9lcGj28kY8R1H81X67eVAQJgWQhILiRWVPUgZ6uCtK5cnBkF55Jr9vYngjGO1Iyf0Mktv6lruDlL9T8MAUPcUZJGHZtji6nIeadujDSNmWMj5d6C8zlFqw0CRqBU0hO5adIasHgBSNoLotAjce3NGXoDwAlp3rYreeV16VIyZXROQY]. Comparison Type [EQUALS]. Validation Type [POSITIVE]. @04-05-2021 11:11:51.0082 A

################################################################################################################################################
Starting Execution:	[105 out of 137] test cases in the current suite
Test Method:		[unitTests.tests_validations_assertions.assertEquals_true_expectedToFail]
################################################################################################################################################
[ReportManager] AssertEquals FAILED; Expected [1] and Actual [2]. Comparison Type [EQUALS]. Validation Type [POSITIVE]. @04-05-2021 11:11:51.0084 A

################################################################################################################################################
Starting Execution:	[106 out of 137] test cases in the current suite
Test Method:		[unitTests.tests_validations_assertions.assertEquals_true_expectedToPass]
Test Description:	[Assert that assertEquals works as expected when the two values are equal.]
################################################################################################################################################
[ReportManager] VerifyEquals PASSED; Expected [1] and Actual [1]. Comparison Type [EQUALS]. Validation Type [POSITIVE]. @04-05-2021 11:11:51.0086 AM
[ReportManager] AssertEquals PASSED; Expected [1] and Actual [1]. Comparison Type [EQUALS]. Validation Type [POSITIVE]. @04-05-2021 11:11:51.0086 A

################################################################################################################################################
Starting Execution:	[107 out of 137] test cases in the current suite
Test Method:		[unitTests.tests_validations_assertions.assertEquals_true_expectedToPass__]
################################################################################################################################################
[ReportManager] AssertEquals PASSED; Expected [1] and Actual [1]. Comparison Type [EQUALS]. Validation Type [POSITIVE]. @04-05-2021 11:11:51.0088 A

################################################################################################################################################
Starting Execution:	[108 out of 137] test cases in the current suite
Test Method:		[unitTests.tests_validations_assertions.assertFileExists_false_expectedToFail]
################################################################################################################################################
[ReportManager] File Action [doesFileExist] successfully performed. With the following test data [File Path: "src/main/java/com/shaft/gui/element/ElementActions.java"]. @04-05-2021 11:11:51.0095 AM
[ReportManager] AssertFileExists FAILED; Expected [File 'src/main/java/com/shaft/gui/element/ElementActions.java' should not exist, after up to '1' retries] and Actual [File exists]. Validation Type [NEGATIVE]. @04-05-2021 11:11:51.0095 A

################################################################################################################################################
Starting Execution:	[109 out of 137] test cases in the current suite
Test Method:		[unitTests.tests_validations_assertions.assertFileExists_false_expectedToPass]
################################################################################################################################################
[ReportManager] File Action [doesFileExist] successfully performed. With the following test data [File Path: "src/main/java/com/shaft/gui/element/ElementActions.java_fail"]. @04-05-2021 11:11:51.0599 AM
[ReportManager] AssertFileExists PASSED; Expected [File 'src/main/java/com/shaft/gui/element/ElementActions.java_fail' should not exist, after up to '1' retries] and Actual [File does not exist]. Validation Type [NEGATIVE]. @04-05-2021 11:11:51.0600 A

################################################################################################################################################
Starting Execution:	[110 out of 137] test cases in the current suite
Test Method:		[unitTests.tests_validations_assertions.assertFileExists_true_expectedToFail]
################################################################################################################################################
[ReportManager] File Action [doesFileExist] successfully performed. With the following test data [File Path: "src/main/java/com/shaft/gui/element/ElementActions.java_fail"]. @04-05-2021 11:11:52.0103 AM
[ReportManager] AssertFileExists FAILED; Expected [File 'src/main/java/com/shaft/gui/element/ElementActions.java_fail' should exist, after up to '1' retries] and Actual [File does not exist]. Validation Type [POSITIVE]. @04-05-2021 11:11:52.0103 A

################################################################################################################################################
Starting Execution:	[111 out of 137] test cases in the current suite
Test Method:		[unitTests.tests_validations_assertions.assertFileExists_true_expectedToPass]
################################################################################################################################################
[ReportManager] File Action [doesFileExist] successfully performed. With the following test data [File Path: "src/main/java/com/shaft/gui/element/ElementActions.java"]. @04-05-2021 11:11:52.0107 AM
[ReportManager] AssertFileExists PASSED; Expected [File 'src/main/java/com/shaft/gui/element/ElementActions.java' should exist, after up to '1' retries] and Actual [File exists]. Validation Type [POSITIVE]. @04-05-2021 11:11:52.0107 A

################################################################################################################################################
Starting Execution:	[112 out of 137] test cases in the current suite
Test Method:		[unitTests.tests_validations_assertions.assertNull_false_expectedToFail]
################################################################################################################################################
[ReportManager] AssertNull FAILED; Expected [NULL] and Actual [NULL]. Comparison Type [EQUALS]. Validation Type [NEGATIVE]. @04-05-2021 11:11:52.0109 A

################################################################################################################################################
Starting Execution:	[113 out of 137] test cases in the current suite
Test Method:		[unitTests.tests_validations_assertions.assertNull_false_expectedToPass]
################################################################################################################################################
[ReportManager] AssertNull PASSED; Expected [NULL] and Actual [1]. Comparison Type [EQUALS]. Validation Type [NEGATIVE]. @04-05-2021 11:11:52.0111 A

################################################################################################################################################
Starting Execution:	[114 out of 137] test cases in the current suite
Test Method:		[unitTests.tests_validations_assertions.assertNull_true_expectedToFail]
################################################################################################################################################
[ReportManager] AssertNull FAILED; Expected [NULL] and Actual [1]. Comparison Type [EQUALS]. Validation Type [POSITIVE]. @04-05-2021 11:11:52.0113 A

################################################################################################################################################
Starting Execution:	[115 out of 137] test cases in the current suite
Test Method:		[unitTests.tests_validations_assertions.assertNull_true_expectedToPass]
################################################################################################################################################
[ReportManager] AssertNull PASSED; Expected [NULL] and Actual [NULL]. Comparison Type [EQUALS]. Validation Type [POSITIVE]. @04-05-2021 11:11:52.0115 A
[ReportManager] File Action [getAbsolutePath] successfully performed. With the following test data [Relative Folder Path: "target/downloadedFiles/"]. @04-05-2021 11:11:52.0117 AM
[ReportManager] Attempting to run remotely on: [Linux-64], [GoogleChrome], [http://localhost:4444/wd/hub], Headless Execution. @04-05-2021 11:11:52.0117 AM
[ReportManager] Successfully Opened [GoogleChrome]. @04-05-2021 11:11:52.0327 AM
[ReportManager] Target URL: [https://duckduckgo.com] @04-05-2021 11:11:52.0336 AM
[ReportManager] Initial URL: [data:,] @04-05-2021 11:11:52.0374 AM
[ReportManager] Browser Action [navigateToURL] successfully performed. With the following test data [https://duckduckgo.com]. @04-05-2021 11:11:52.0917 A

################################################################################################################################################
Starting Execution:	[116 out of 137] test cases in the current suite
Test Method:		[unitTests.tests_browserActions.fullScreenWindow]
################################################################################################################################################
[ReportManager] Initial Windows Size: 800x600 @04-05-2021 11:11:52.0925 AM
[ReportManager] Initial window size: (800, 600) @04-05-2021 11:11:52.0927 AM
[ReportManager] Window size after Toolkit: (1920, 1080) @04-05-2021 11:11:53.0159 AM
[ReportManager] Browser Action [maximizeWindow] successfully performed. With the following test data [New screen size is now: (1920, 1080)]. @04-05-2021 11:11:53.0161 AM
[ReportManager] Current Windows Size after fullScreen: 1920x1080 @04-05-2021 11:11:53.0165 AM
[ReportManager] Browser Action [fullScreenWindow] successfully performed. @04-05-2021 11:11:53.0181 AM
[ReportManager] Successfully created attachment [Browser Action Test Data - fullScreenWindow - Actual Value] @04-05-2021 11:11:53.0181 A
[ReportManager] Target URL: [https://duckduckgo.com] @04-05-2021 11:11:53.0183 AM
[ReportManager] Initial URL: [https://duckduckgo.com] @04-05-2021 11:11:53.0248 AM
[ReportManager] Browser Action [navigateToURL] successfully performed. With the following test data [https://duckduckgo.com]. @04-05-2021 11:11:53.0575 AM
[ReportManager] Successfully created attachment [Selenium WebDriver Logs - server] @04-05-2021 11:11:53.0621 AM
[ReportManager] Successfully created attachment [Selenium WebDriver Logs - performance] @04-05-2021 11:11:53.0729 AM
[ReportManager] Successfully created attachment [Selenium WebDriver Logs - driver] @04-05-2021 11:11:53.0883 AM
[ReportManager] Browser Action [closeCurrentWindow] successfully performed. @04-05-2021 11:11:53.0945 AM
[ReportManager] Successfully created attachment [Browser Action Test Data - closeCurrentWindow - Actual Value] @04-05-2021 11:11:53.0946 A
[ReportManager] File Action [getAbsolutePath] successfully performed. With the following test data [Relative Folder Path: "target/downloadedFiles/"]. @04-05-2021 11:11:53.0947 AM
[ReportManager] Attempting to run remotely on: [Linux-64], [GoogleChrome], [http://localhost:4444/wd/hub], Headless Execution. @04-05-2021 11:11:53.0947 AM
[ReportManager] Successfully Opened [GoogleChrome]. @04-05-2021 11:11:54.0174 AM
[ReportManager] Target URL: [https://duckduckgo.com] @04-05-2021 11:11:54.0190 AM
[ReportManager] Initial URL: [data:,] @04-05-2021 11:11:54.0232 AM
[ReportManager] Browser Action [navigateToURL] successfully performed. With the following test data [https://duckduckgo.com]. @04-05-2021 11:11:54.0818 A

################################################################################################################################################
Starting Execution:	[117 out of 137] test cases in the current suite
Test Method:		[unitTests.tests_browserActions.getCurrentURL]
################################################################################################################################################
[ReportManager] Browser Action [getCurrentURL] successfully performed. With the following test data [https://duckduckgo.com/]. @04-05-2021 11:11:54.0861 A
[ReportManager] Target URL: [https://duckduckgo.com] @04-05-2021 11:11:54.0866 AM
[ReportManager] Initial URL: [https://duckduckgo.com] @04-05-2021 11:11:54.0925 AM
[ReportManager] Browser Action [navigateToURL] successfully performed. With the following test data [https://duckduckgo.com]. @04-05-2021 11:11:55.0288 AM
[ReportManager] Successfully created attachment [Selenium WebDriver Logs - server] @04-05-2021 11:11:55.0336 AM
[ReportManager] Successfully created attachment [Selenium WebDriver Logs - performance] @04-05-2021 11:11:55.0440 AM
[ReportManager] Successfully created attachment [Selenium WebDriver Logs - driver] @04-05-2021 11:11:55.0589 AM
[ReportManager] Browser Action [closeCurrentWindow] successfully performed. @04-05-2021 11:11:55.0650 AM
[ReportManager] Successfully created attachment [Browser Action Test Data - closeCurrentWindow - Actual Value] @04-05-2021 11:11:55.0650 A
[ReportManager] File Action [getAbsolutePath] successfully performed. With the following test data [Relative Folder Path: "target/downloadedFiles/"]. @04-05-2021 11:11:55.0652 AM
[ReportManager] Attempting to run remotely on: [Linux-64], [GoogleChrome], [http://localhost:4444/wd/hub], Headless Execution. @04-05-2021 11:11:55.0652 AM
[ReportManager] Successfully Opened [GoogleChrome]. @04-05-2021 11:11:55.0863 AM
[ReportManager] Target URL: [https://duckduckgo.com] @04-05-2021 11:11:55.0871 AM
[ReportManager] Initial URL: [data:,] @04-05-2021 11:11:55.0907 AM
[ReportManager] Browser Action [navigateToURL] successfully performed. With the following test data [https://duckduckgo.com]. @04-05-2021 11:11:56.0459 A

################################################################################################################################################
Starting Execution:	[118 out of 137] test cases in the current suite
Test Method:		[unitTests.tests_browserActions.getCurrentWindowTitle]
################################################################################################################################################
[ReportManager] Browser Action [getCurrentWindowTitle] successfully performed. With the following test data [DuckDuckGo  Privacy, simplified.]. @04-05-2021 11:11:56.0496 A
[ReportManager] Target URL: [https://duckduckgo.com] @04-05-2021 11:11:56.0500 AM
[ReportManager] Initial URL: [https://duckduckgo.com] @04-05-2021 11:11:56.0557 AM
[ReportManager] Browser Action [navigateToURL] successfully performed. With the following test data [https://duckduckgo.com]. @04-05-2021 11:11:56.0894 AM
[ReportManager] Successfully created attachment [Selenium WebDriver Logs - server] @04-05-2021 11:11:56.0939 AM
[ReportManager] Successfully created attachment [Selenium WebDriver Logs - performance] @04-05-2021 11:11:57.0054 AM
[ReportManager] Successfully created attachment [Selenium WebDriver Logs - driver] @04-05-2021 11:11:57.0201 AM
[ReportManager] Browser Action [closeCurrentWindow] successfully performed. @04-05-2021 11:11:57.0263 AM
[ReportManager] Successfully created attachment [Browser Action Test Data - closeCurrentWindow - Actual Value] @04-05-2021 11:11:57.0264 A
[ReportManager] File Action [getAbsolutePath] successfully performed. With the following test data [Relative Folder Path: "target/downloadedFiles/"]. @04-05-2021 11:11:57.0266 AM
[ReportManager] Attempting to run remotely on: [Linux-64], [GoogleChrome], [http://localhost:4444/wd/hub], Headless Execution. @04-05-2021 11:11:57.0266 AM
[ReportManager] Successfully Opened [GoogleChrome]. @04-05-2021 11:11:57.0498 AM
[ReportManager] Target URL: [https://duckduckgo.com] @04-05-2021 11:11:57.0508 AM
[ReportManager] Initial URL: [data:,] @04-05-2021 11:11:57.0549 AM
[ReportManager] Browser Action [navigateToURL] successfully performed. With the following test data [https://duckduckgo.com]. @04-05-2021 11:11:58.0133 A

################################################################################################################################################
Starting Execution:	[119 out of 137] test cases in the current suite
Test Method:		[unitTests.tests_browserActions.getPageSource]
################################################################################################################################################
[ReportManager] Browser Action [getPageSource] successfully performed. @04-05-2021 11:11:58.0184 AM
[ReportManager] Successfully created attachment [Browser Action Test Data - getPageSource - Actual Value] @04-05-2021 11:11:58.0185 A
[ReportManager] Target URL: [https://duckduckgo.com] @04-05-2021 11:11:58.0188 AM
[ReportManager] Initial URL: [https://duckduckgo.com] @04-05-2021 11:11:58.0237 AM
[ReportManager] Browser Action [navigateToURL] successfully performed. With the following test data [https://duckduckgo.com]. @04-05-2021 11:11:58.0605 AM
[ReportManager] Successfully created attachment [Selenium WebDriver Logs - server] @04-05-2021 11:11:58.0658 AM
[ReportManager] Successfully created attachment [Selenium WebDriver Logs - performance] @04-05-2021 11:11:58.0759 AM
[ReportManager] Successfully created attachment [Selenium WebDriver Logs - driver] @04-05-2021 11:11:58.0891 AM
[ReportManager] Browser Action [closeCurrentWindow] successfully performed. @04-05-2021 11:11:58.0947 AM
[ReportManager] Successfully created attachment [Browser Action Test Data - closeCurrentWindow - Actual Value] @04-05-2021 11:11:58.0948 A
[ReportManager] File Action [getAbsolutePath] successfully performed. With the following test data [Relative Folder Path: "target/downloadedFiles/"]. @04-05-2021 11:11:58.0950 AM
[ReportManager] Attempting to run remotely on: [Linux-64], [GoogleChrome], [http://localhost:4444/wd/hub], Headless Execution. @04-05-2021 11:11:58.0950 AM
[ReportManager] Successfully Opened [GoogleChrome]. @04-05-2021 11:11:59.0200 AM
[ReportManager] Target URL: [https://duckduckgo.com] @04-05-2021 11:11:59.0210 AM
[ReportManager] Initial URL: [data:,] @04-05-2021 11:11:59.0250 AM
[ReportManager] Browser Action [navigateToURL] successfully performed. With the following test data [https://duckduckgo.com]. @04-05-2021 11:11:59.0819 A

################################################################################################################################################
Starting Execution:	[120 out of 137] test cases in the current suite
Test Method:		[unitTests.tests_browserActions.getWindowHandle]
################################################################################################################################################
[ReportManager] Browser Action [getWindowHandle] successfully performed. With the following test data [CDwindow-6BE0D2CEB4080FA3FB5D9CCCB8753631]. @04-05-2021 11:11:59.0866 A
[ReportManager] Target URL: [https://duckduckgo.com] @04-05-2021 11:11:59.0868 AM
[ReportManager] Initial URL: [https://duckduckgo.com] @04-05-2021 11:11:59.0925 AM
[ReportManager] Browser Action [navigateToURL] successfully performed. With the following test data [https://duckduckgo.com]. @04-05-2021 11:12:00.0276 AM
[ReportManager] Successfully created attachment [Selenium WebDriver Logs - server] @04-05-2021 11:12:00.0332 AM
[ReportManager] Successfully created attachment [Selenium WebDriver Logs - performance] @04-05-2021 11:12:00.0437 AM
[ReportManager] Successfully created attachment [Selenium WebDriver Logs - driver] @04-05-2021 11:12:00.0581 AM
[ReportManager] Browser Action [closeCurrentWindow] successfully performed. @04-05-2021 11:12:00.0638 AM
[ReportManager] Successfully created attachment [Browser Action Test Data - closeCurrentWindow - Actual Value] @04-05-2021 11:12:00.0638 A
[ReportManager] File Action [getAbsolutePath] successfully performed. With the following test data [Relative Folder Path: "target/downloadedFiles/"]. @04-05-2021 11:12:00.0642 AM
[ReportManager] Attempting to run remotely on: [Linux-64], [GoogleChrome], [http://localhost:4444/wd/hub], Headless Execution. @04-05-2021 11:12:00.0642 AM
[ReportManager] Successfully Opened [GoogleChrome]. @04-05-2021 11:12:00.0869 AM
[ReportManager] Target URL: [https://duckduckgo.com] @04-05-2021 11:12:00.0881 AM
[ReportManager] Initial URL: [data:,] @04-05-2021 11:12:00.0920 AM
[ReportManager] Browser Action [navigateToURL] successfully performed. With the following test data [https://duckduckgo.com]. @04-05-2021 11:12:01.0455 A

################################################################################################################################################
Starting Execution:	[121 out of 137] test cases in the current suite
Test Method:		[unitTests.tests_browserActions.getWindowPosition]
################################################################################################################################################
[ReportManager] Browser Action [getWindowPosition] successfully performed. With the following test data [(0, 0)]. @04-05-2021 11:12:01.0496 A
[ReportManager] Target URL: [https://duckduckgo.com] @04-05-2021 11:12:01.0499 AM
[ReportManager] Initial URL: [https://duckduckgo.com] @04-05-2021 11:12:01.0556 AM
[ReportManager] Browser Action [navigateToURL] successfully performed. With the following test data [https://duckduckgo.com]. @04-05-2021 11:12:01.0922 AM
[ReportManager] Successfully created attachment [Selenium WebDriver Logs - server] @04-05-2021 11:12:01.0982 AM
[ReportManager] Successfully created attachment [Selenium WebDriver Logs - performance] @04-05-2021 11:12:02.0099 AM
[ReportManager] Successfully created attachment [Selenium WebDriver Logs - driver] @04-05-2021 11:12:02.0250 AM
[ReportManager] Browser Action [closeCurrentWindow] successfully performed. @04-05-2021 11:12:02.0306 AM
[ReportManager] Successfully created attachment [Browser Action Test Data - closeCurrentWindow - Actual Value] @04-05-2021 11:12:02.0307 A
[ReportManager] File Action [getAbsolutePath] successfully performed. With the following test data [Relative Folder Path: "target/downloadedFiles/"]. @04-05-2021 11:12:02.0308 AM
[ReportManager] Attempting to run remotely on: [Linux-64], [GoogleChrome], [http://localhost:4444/wd/hub], Headless Execution. @04-05-2021 11:12:02.0308 AM
[ReportManager] Successfully Opened [GoogleChrome]. @04-05-2021 11:12:02.0538 AM
[ReportManager] Target URL: [https://duckduckgo.com] @04-05-2021 11:12:02.0548 AM
[ReportManager] Initial URL: [data:,] @04-05-2021 11:12:02.0591 AM
[ReportManager] Browser Action [navigateToURL] successfully performed. With the following test data [https://duckduckgo.com]. @04-05-2021 11:12:03.0162 A

################################################################################################################################################
Starting Execution:	[122 out of 137] test cases in the current suite
Test Method:		[unitTests.tests_browserActions.getWindowSize]
################################################################################################################################################
[ReportManager] Browser Action [getWindowSize] successfully performed. With the following test data [(800, 600)]. @04-05-2021 11:12:03.0218 A
[ReportManager] Target URL: [https://duckduckgo.com] @04-05-2021 11:12:03.0219 AM
[ReportManager] Initial URL: [https://duckduckgo.com] @04-05-2021 11:12:03.0271 AM
[ReportManager] Browser Action [navigateToURL] successfully performed. With the following test data [https://duckduckgo.com]. @04-05-2021 11:12:03.0620 AM
[ReportManager] Successfully created attachment [Selenium WebDriver Logs - server] @04-05-2021 11:12:03.0677 AM
[ReportManager] Successfully created attachment [Selenium WebDriver Logs - performance] @04-05-2021 11:12:03.0790 AM
[ReportManager] Successfully created attachment [Selenium WebDriver Logs - driver] @04-05-2021 11:12:03.0928 AM
[ReportManager] Browser Action [closeCurrentWindow] successfully performed. @04-05-2021 11:12:03.0987 AM
[ReportManager] Successfully created attachment [Browser Action Test Data - closeCurrentWindow - Actual Value] @04-05-2021 11:12:03.0987 A
[ReportManager] File Action [getAbsolutePath] successfully performed. With the following test data [Relative Folder Path: "target/downloadedFiles/"]. @04-05-2021 11:12:03.0989 AM
[ReportManager] Attempting to run remotely on: [Linux-64], [GoogleChrome], [http://localhost:4444/wd/hub], Headless Execution. @04-05-2021 11:12:03.0989 AM
[ReportManager] Successfully Opened [GoogleChrome]. @04-05-2021 11:12:04.0203 AM
[ReportManager] Target URL: [https://duckduckgo.com] @04-05-2021 11:12:04.0212 AM
[ReportManager] Initial URL: [data:,] @04-05-2021 11:12:04.0249 AM
[ReportManager] Browser Action [navigateToURL] successfully performed. With the following test data [https://duckduckgo.com]. @04-05-2021 11:12:04.0791 A

################################################################################################################################################
Starting Execution:	[123 out of 137] test cases in the current suite
Test Method:		[unitTests.tests_browserActions.maximizeWindow]
################################################################################################################################################
[ReportManager] Initial window size: (800, 600) @04-05-2021 11:12:04.0803 AM
[ReportManager] Window size after Toolkit: (1920, 1080) @04-05-2021 11:12:05.0027 AM
[ReportManager] Browser Action [maximizeWindow] successfully performed. With the following test data [New screen size is now: (1920, 1080)]. @04-05-2021 11:12:05.0029 A
[ReportManager] Target URL: [https://duckduckgo.com] @04-05-2021 11:12:05.0038 AM
[ReportManager] Initial URL: [https://duckduckgo.com] @04-05-2021 11:12:05.0104 AM
[ReportManager] Browser Action [navigateToURL] successfully performed. With the following test data [https://duckduckgo.com]. @04-05-2021 11:12:05.0476 AM
[ReportManager] Successfully created attachment [Selenium WebDriver Logs - server] @04-05-2021 11:12:05.0529 AM
[ReportManager] Successfully created attachment [Selenium WebDriver Logs - performance] @04-05-2021 11:12:05.0649 AM
[ReportManager] Successfully created attachment [Selenium WebDriver Logs - driver] @04-05-2021 11:12:05.0806 AM
[ReportManager] Browser Action [closeCurrentWindow] successfully performed. @04-05-2021 11:12:05.0862 AM
[ReportManager] Successfully created attachment [Browser Action Test Data - closeCurrentWindow - Actual Value] @04-05-2021 11:12:05.0862 A
[ReportManager] File Action [getAbsolutePath] successfully performed. With the following test data [Relative Folder Path: "target/downloadedFiles/"]. @04-05-2021 11:12:05.0866 AM
[ReportManager] Attempting to run remotely on: [Linux-64], [GoogleChrome], [http://localhost:4444/wd/hub], Headless Execution. @04-05-2021 11:12:05.0866 AM
[ReportManager] Successfully Opened [GoogleChrome]. @04-05-2021 11:12:06.0101 AM
[ReportManager] Target URL: [https://duckduckgo.com] @04-05-2021 11:12:06.0119 AM
[ReportManager] Initial URL: [data:,] @04-05-2021 11:12:06.0189 AM
[ReportManager] Browser Action [navigateToURL] successfully performed. With the following test data [https://duckduckgo.com]. @04-05-2021 11:12:06.0733 A

################################################################################################################################################
Starting Execution:	[124 out of 137] test cases in the current suite
Test Method:		[unitTests.tests_browserActions.navigateBack]
################################################################################################################################################
[ReportManager] Target URL: [https://www.google.com/ncr], and after redirection: [https://www.google.com] @04-05-2021 11:12:06.0735 AM
[ReportManager] Initial URL: [https://duckduckgo.com] @04-05-2021 11:12:06.0790 AM
[ReportManager] Browser Action [navigateToURL] successfully performed. With the following test data [https://www.google.com/ncr]. @04-05-2021 11:12:07.0583 AM
[ReportManager] Browser Action [navigateBack] successfully performed. With the following test data [https://duckduckgo.com/]. @04-05-2021 11:12:07.0964 AM
[ReportManager] Confirming that navigating back was successful... @04-05-2021 11:12:07.0965 AM
[ReportManager] Browser Action [getCurrentURL] successfully performed. With the following test data [https://duckduckgo.com/]. @04-05-2021 11:12:07.0999 AM
[ReportManager] AssertBrowserAttribute PASSED; Expected [Value Should be 'https://duckduckgo.com' for the 'CurrentUrl' attribute] and Actual [https://duckduckgo.com/]. Comparison Type [CONTAINS]. Validation Type [POSITIVE]. @04-05-2021 11:12:07.0999 A
[ReportManager] Target URL: [https://duckduckgo.com] @04-05-2021 11:12:08.0004 AM
[ReportManager] Initial URL: [https://duckduckgo.com] @04-05-2021 11:12:08.0079 AM
[ReportManager] Browser Action [navigateToURL] successfully performed. With the following test data [https://duckduckgo.com]. @04-05-2021 11:12:08.0531 AM
[ReportManager] Successfully created attachment [Selenium WebDriver Logs - server] @04-05-2021 11:12:08.0582 AM
[ReportManager] Successfully created attachment [Selenium WebDriver Logs - performance] @04-05-2021 11:12:08.0772 AM
[ReportManager] Successfully created attachment [Selenium WebDriver Logs - driver] @04-05-2021 11:12:09.0044 AM
[ReportManager] Browser Action [closeCurrentWindow] successfully performed. @04-05-2021 11:12:09.0113 AM
[ReportManager] Successfully created attachment [Browser Action Test Data - closeCurrentWindow - Actual Value] @04-05-2021 11:12:09.0114 A
[ReportManager] File Action [getAbsolutePath] successfully performed. With the following test data [Relative Folder Path: "target/downloadedFiles/"]. @04-05-2021 11:12:09.0116 AM
[ReportManager] Attempting to run remotely on: [Linux-64], [GoogleChrome], [http://localhost:4444/wd/hub], Headless Execution. @04-05-2021 11:12:09.0116 AM
[ReportManager] Successfully Opened [GoogleChrome]. @04-05-2021 11:12:09.0348 AM
[ReportManager] Target URL: [https://duckduckgo.com] @04-05-2021 11:12:09.0359 AM
[ReportManager] Initial URL: [data:,] @04-05-2021 11:12:09.0403 AM
[ReportManager] Browser Action [navigateToURL] successfully performed. With the following test data [https://duckduckgo.com]. @04-05-2021 11:12:09.0967 A

################################################################################################################################################
Starting Execution:	[125 out of 137] test cases in the current suite
Test Method:		[unitTests.tests_browserActions.navigateForward]
################################################################################################################################################
[ReportManager] Target URL: [https://www.google.com/ncr], and after redirection: [https://www.google.com] @04-05-2021 11:12:09.0971 AM
[ReportManager] Initial URL: [https://duckduckgo.com] @04-05-2021 11:12:10.0028 AM
[ReportManager] Browser Action [navigateToURL] successfully performed. With the following test data [https://www.google.com/ncr]. @04-05-2021 11:12:10.0969 AM
[ReportManager] Browser Action [navigateBack] successfully performed. With the following test data [https://duckduckgo.com/]. @04-05-2021 11:12:11.0388 AM
[ReportManager] Browser Action [navigateForward] successfully performed. With the following test data [https://www.google.com/]. @04-05-2021 11:12:11.0874 A
[ReportManager] Target URL: [https://duckduckgo.com] @04-05-2021 11:12:11.0878 AM
[ReportManager] Initial URL: [https://www.google.com] @04-05-2021 11:12:11.0974 AM
[ReportManager] Browser Action [navigateToURL] successfully performed. With the following test data [https://duckduckgo.com]. @04-05-2021 11:12:12.0492 AM
[ReportManager] Successfully created attachment [Selenium WebDriver Logs - server] @04-05-2021 11:12:12.0546 AM
[ReportManager] Successfully created attachment [Selenium WebDriver Logs - performance] @04-05-2021 11:12:12.0751 AM
[ReportManager] Successfully created attachment [Selenium WebDriver Logs - driver] @04-05-2021 11:12:13.0031 AM
[ReportManager] Browser Action [closeCurrentWindow] successfully performed. @04-05-2021 11:12:13.0087 AM
[ReportManager] Successfully created attachment [Browser Action Test Data - closeCurrentWindow - Actual Value] @04-05-2021 11:12:13.0087 A
[ReportManager] File Action [getAbsolutePath] successfully performed. With the following test data [Relative Folder Path: "target/downloadedFiles/"]. @04-05-2021 11:12:13.0089 AM
[ReportManager] Attempting to run remotely on: [Linux-64], [GoogleChrome], [http://localhost:4444/wd/hub], Headless Execution. @04-05-2021 11:12:13.0090 AM
[ReportManager] Successfully Opened [GoogleChrome]. @04-05-2021 11:12:13.0307 AM
[ReportManager] Target URL: [https://duckduckgo.com] @04-05-2021 11:12:13.0316 AM
[ReportManager] Initial URL: [data:,] @04-05-2021 11:12:13.0361 AM
[ReportManager] Browser Action [navigateToURL] successfully performed. With the following test data [https://duckduckgo.com]. @04-05-2021 11:12:13.0916 A

################################################################################################################################################
Starting Execution:	[126 out of 137] test cases in the current suite
Test Method:		[unitTests.tests_browserActions.navigateToURL]
################################################################################################################################################
[ReportManager] Target URL: [https://duckduckgo.com] @04-05-2021 11:12:13.0924 AM
[ReportManager] Initial URL: [https://duckduckgo.com] @04-05-2021 11:12:13.0976 AM
[ReportManager] Browser Action [navigateToURL] successfully performed. With the following test data [https://duckduckgo.com]. @04-05-2021 11:12:14.0297 A
[ReportManager] Target URL: [https://duckduckgo.com] @04-05-2021 11:12:14.0299 AM
[ReportManager] Initial URL: [https://duckduckgo.com] @04-05-2021 11:12:14.0349 AM
[ReportManager] Browser Action [navigateToURL] successfully performed. With the following test data [https://duckduckgo.com]. @04-05-2021 11:12:14.0633 AM
[ReportManager] Successfully created attachment [Selenium WebDriver Logs - server] @04-05-2021 11:12:14.0678 AM
[ReportManager] Successfully created attachment [Selenium WebDriver Logs - performance] @04-05-2021 11:12:14.0842 AM
[ReportManager] Successfully created attachment [Selenium WebDriver Logs - driver] @04-05-2021 11:12:15.0044 AM
[ReportManager] Browser Action [closeCurrentWindow] successfully performed. @04-05-2021 11:12:15.0103 AM
[ReportManager] Successfully created attachment [Browser Action Test Data - closeCurrentWindow - Actual Value] @04-05-2021 11:12:15.0103 A
[ReportManager] File Action [getAbsolutePath] successfully performed. With the following test data [Relative Folder Path: "target/downloadedFiles/"]. @04-05-2021 11:12:15.0105 AM
[ReportManager] Attempting to run remotely on: [Linux-64], [GoogleChrome], [http://localhost:4444/wd/hub], Headless Execution. @04-05-2021 11:12:15.0106 AM
[ReportManager] Successfully Opened [GoogleChrome]. @04-05-2021 11:12:15.0312 AM
[ReportManager] Target URL: [https://duckduckgo.com] @04-05-2021 11:12:15.0321 AM
[ReportManager] Initial URL: [data:,] @04-05-2021 11:12:15.0357 AM
[ReportManager] Browser Action [navigateToURL] successfully performed. With the following test data [https://duckduckgo.com]. @04-05-2021 11:12:15.0904 A

################################################################################################################################################
Starting Execution:	[127 out of 137] test cases in the current suite
Test Method:		[unitTests.tests_browserActions.navigateToURLWithRedirection]
################################################################################################################################################
[ReportManager] Target URL: [https://www.google.com/ncr], and after redirection: [https://www.google.com] @04-05-2021 11:12:15.0906 AM
[ReportManager] Initial URL: [https://duckduckgo.com] @04-05-2021 11:12:15.0965 AM
[ReportManager] Browser Action [navigateToURL] successfully performed. With the following test data [https://www.google.com/ncr]. @04-05-2021 11:12:16.0788 A
[ReportManager] Target URL: [https://duckduckgo.com] @04-05-2021 11:12:16.0793 AM
[ReportManager] Initial URL: [https://www.google.com] @04-05-2021 11:12:16.0874 AM
[ReportManager] Browser Action [navigateToURL] successfully performed. With the following test data [https://duckduckgo.com]. @04-05-2021 11:12:17.0414 AM
[ReportManager] Successfully created attachment [Selenium WebDriver Logs - server] @04-05-2021 11:12:17.0465 AM
[ReportManager] Successfully created attachment [Selenium WebDriver Logs - performance] @04-05-2021 11:12:17.0577 AM
[ReportManager] Successfully created attachment [Selenium WebDriver Logs - driver] @04-05-2021 11:12:17.0740 AM
[ReportManager] Browser Action [closeCurrentWindow] successfully performed. @04-05-2021 11:12:17.0799 AM
[ReportManager] Successfully created attachment [Browser Action Test Data - closeCurrentWindow - Actual Value] @04-05-2021 11:12:17.0800 A
[ReportManager] File Action [getAbsolutePath] successfully performed. With the following test data [Relative Folder Path: "target/downloadedFiles/"]. @04-05-2021 11:12:17.0801 AM
[ReportManager] Attempting to run remotely on: [Linux-64], [GoogleChrome], [http://localhost:4444/wd/hub], Headless Execution. @04-05-2021 11:12:17.0801 AM
[ReportManager] Successfully Opened [GoogleChrome]. @04-05-2021 11:12:18.0021 AM
[ReportManager] Target URL: [https://duckduckgo.com] @04-05-2021 11:12:18.0029 AM
[ReportManager] Initial URL: [data:,] @04-05-2021 11:12:18.0066 AM
[ReportManager] Browser Action [navigateToURL] successfully performed. With the following test data [https://duckduckgo.com]. @04-05-2021 11:12:18.0610 A

################################################################################################################################################
Starting Execution:	[128 out of 137] test cases in the current suite
Test Method:		[unitTests.tests_browserActions.refreshCurrentPage]
################################################################################################################################################
[ReportManager] Browser Action [refreshCurrentPage] successfully performed. @04-05-2021 11:12:18.0900 AM
[ReportManager] Successfully created attachment [Browser Action Test Data - refreshCurrentPage - Actual Value] @04-05-2021 11:12:18.0900 A
[ReportManager] Target URL: [https://duckduckgo.com] @04-05-2021 11:12:18.0902 AM
[ReportManager] Initial URL: [https://duckduckgo.com] @04-05-2021 11:12:18.0954 AM
[ReportManager] Browser Action [navigateToURL] successfully performed. With the following test data [https://duckduckgo.com]. @04-05-2021 11:12:19.0251 AM
[ReportManager] Successfully created attachment [Selenium WebDriver Logs - server] @04-05-2021 11:12:19.0299 AM
[ReportManager] Successfully created attachment [Selenium WebDriver Logs - performance] @04-05-2021 11:12:19.0466 AM
[ReportManager] Successfully created attachment [Selenium WebDriver Logs - driver] @04-05-2021 11:12:19.0652 AM
[ReportManager] Browser Action [closeCurrentWindow] successfully performed. @04-05-2021 11:12:19.0708 AM
[ReportManager] Successfully created attachment [Browser Action Test Data - closeCurrentWindow - Actual Value] @04-05-2021 11:12:19.0708 A
[ReportManager] File Action [getAbsolutePath] successfully performed. With the following test data [Relative Folder Path: "target/downloadedFiles/"]. @04-05-2021 11:12:19.0714 AM
[ReportManager] Attempting to run remotely on: [Linux-64], [GoogleChrome], [http://localhost:4444/wd/hub], Headless Execution. @04-05-2021 11:12:19.0714 AM
[ReportManager] Successfully Opened [GoogleChrome]. @04-05-2021 11:12:19.0909 AM
[ReportManager] Target URL: [https://duckduckgo.com] @04-05-2021 11:12:19.0922 AM
[ReportManager] Initial URL: [data:,] @04-05-2021 11:12:19.0965 AM
[ReportManager] Browser Action [navigateToURL] successfully performed. With the following test data [https://duckduckgo.com]. @04-05-2021 11:12:20.0538 A

################################################################################################################################################
Starting Execution:	[129 out of 137] test cases in the current suite
Test Method:		[unitTests.tests_browserActions.setWindowSize]
################################################################################################################################################
[ReportManager] Initial window size: (800, 600) @04-05-2021 11:12:20.0550 AM
[ReportManager] Window size after SWD: (1280, 720) @04-05-2021 11:12:20.0769 AM
[ReportManager] Browser Action [setWindowSize] successfully performed. With the following test data [New screen size is now: (1280, 720)]. @04-05-2021 11:12:20.0769 A
[ReportManager] Target URL: [https://duckduckgo.com] @04-05-2021 11:12:20.0770 AM
[ReportManager] Initial URL: [https://duckduckgo.com] @04-05-2021 11:12:20.0830 AM
[ReportManager] Browser Action [navigateToURL] successfully performed. With the following test data [https://duckduckgo.com]. @04-05-2021 11:12:21.0197 AM
[ReportManager] Successfully created attachment [Selenium WebDriver Logs - server] @04-05-2021 11:12:21.0252 AM
[ReportManager] Successfully created attachment [Selenium WebDriver Logs - performance] @04-05-2021 11:12:21.0373 AM
[ReportManager] Successfully created attachment [Selenium WebDriver Logs - driver] @04-05-2021 11:12:21.0528 AM
[ReportManager] Browser Action [closeCurrentWindow] successfully performed. @04-05-2021 11:12:21.0544 AM
[ReportManager] Successfully created attachment [Browser Action Test Data - closeCurrentWindow - Actual Value] @04-05-2021 11:12:21.0544 A
[ReportManager] File Action [getAbsolutePath] successfully performed. With the following test data [Relative Folder Path: "target/downloadedFiles/"]. @04-05-2021 11:12:21.0553 AM
[ReportManager] Attempting to run remotely on: [Linux-64], [GoogleChrome], [http://localhost:4444/wd/hub], Headless Execution. @04-05-2021 11:12:21.0553 AM
[ReportManager] Successfully Opened [GoogleChrome]. @04-05-2021 11:12:21.0797 A

################################################################################################################################################
Starting Execution:	[130 out of 137] test cases in the current suite
Test Method:		[unitTests.tests_element_elementActions.waitForElementToBePresent_false_expectedToFail]
################################################################################################################################################
[ReportManager] Target URL: [https://www.google.com/ncr], and after redirection: [www.google.com] @04-05-2021 11:12:21.0808 AM
[ReportManager] Initial URL: [data:,] @04-05-2021 11:12:21.0857 AM
[ReportManager] Browser Action [navigateToURL] successfully performed. With the following test data [https://www.google.com/ncr]. @04-05-2021 11:12:22.0693 AM
[ReportManager] Waiting for element to be present; elementLocator [By.xpath: //img[@id='hplogo' or @alt='Google']], numberOfTries[1], stateOfPresence[false]... @04-05-2021 11:12:22.0695 AM
[ReportManager] Element Action [waitForElementToBePresent] failed. With the following test data [waited for the element's state of presence to be (false). Element locator (By.xpath: //img[@id='hplogo' or @alt='Google'])]. @04-05-2021 11:12:22.0905 AM
[ReportManager] Successfully created attachment [Screenshot - 1620126742847_waitForElementToBePresent_false_expectedToFail_waitForElementToBePresent_failed] @04-05-2021 11:12:22.0906 A
[ReportManager] Successfully created attachment [Selenium WebDriver Logs - server] @04-05-2021 11:12:22.0977 AM
[ReportManager] Successfully created attachment [Selenium WebDriver Logs - performance] @04-05-2021 11:12:23.0016 AM
[ReportManager] Successfully created attachment [Selenium WebDriver Logs - driver] @04-05-2021 11:12:23.0083 AM
[ReportManager] Browser Action [closeCurrentWindow] successfully performed. @04-05-2021 11:12:23.0139 AM
[ReportManager] Successfully created attachment [Browser Action Test Data - closeCurrentWindow - Actual Value] @04-05-2021 11:12:23.0140 A
[ReportManager] File Action [getAbsolutePath] successfully performed. With the following test data [Relative Folder Path: "target/downloadedFiles/"]. @04-05-2021 11:12:23.0142 AM
[ReportManager] Attempting to run remotely on: [Linux-64], [GoogleChrome], [http://localhost:4444/wd/hub], Headless Execution. @04-05-2021 11:12:23.0142 AM
[ReportManager] Successfully Opened [GoogleChrome]. @04-05-2021 11:12:23.0361 A

################################################################################################################################################
Starting Execution:	[131 out of 137] test cases in the current suite
Test Method:		[unitTests.tests_element_elementActions.waitForElementToBePresent_false_expectedToPass]
################################################################################################################################################
[ReportManager] Target URL: [https://www.google.com/ncr], and after redirection: [www.google.com] @04-05-2021 11:12:23.0372 AM
[ReportManager] Initial URL: [data:,] @04-05-2021 11:12:23.0422 AM
[ReportManager] Browser Action [navigateToURL] successfully performed. With the following test data [https://www.google.com/ncr]. @04-05-2021 11:12:24.0215 AM
[ReportManager] Waiting for element to be present; elementLocator [By.id: bla], numberOfTries[1], stateOfPresence[false]... @04-05-2021 11:12:24.0215 AM
[ReportManager] Element Action [waitForElementToBePresent] successfully performed. With the following test data [waited for the element's state of presence to be (false). Element locator (By.id: bla)]. @04-05-2021 11:12:29.0330 A
[ReportManager] Successfully created attachment [Selenium WebDriver Logs - server] @04-05-2021 11:12:29.0420 AM
[ReportManager] Successfully created attachment [Selenium WebDriver Logs - performance] @04-05-2021 11:12:29.0457 AM
[ReportManager] Successfully created attachment [Selenium WebDriver Logs - driver] @04-05-2021 11:12:29.0528 AM
[ReportManager] Browser Action [closeCurrentWindow] successfully performed. @04-05-2021 11:12:29.0584 AM
[ReportManager] Successfully created attachment [Browser Action Test Data - closeCurrentWindow - Actual Value] @04-05-2021 11:12:29.0584 A
[ReportManager] File Action [getAbsolutePath] successfully performed. With the following test data [Relative Folder Path: "target/downloadedFiles/"]. @04-05-2021 11:12:29.0587 AM
[ReportManager] Attempting to run remotely on: [Linux-64], [GoogleChrome], [http://localhost:4444/wd/hub], Headless Execution. @04-05-2021 11:12:29.0587 AM
[ReportManager] Successfully Opened [GoogleChrome]. @04-05-2021 11:12:29.0803 A

################################################################################################################################################
Starting Execution:	[132 out of 137] test cases in the current suite
Test Method:		[unitTests.tests_element_elementActions.waitForElementToBePresent_moreThanOneElement_expectedToFail]
################################################################################################################################################
[ReportManager] Target URL: [https://www.google.com/ncr], and after redirection: [www.google.com] @04-05-2021 11:12:29.0819 AM
[ReportManager] Initial URL: [data:,] @04-05-2021 11:12:29.0859 AM
[ReportManager] Browser Action [navigateToURL] successfully performed. With the following test data [https://www.google.com/ncr]. @04-05-2021 11:12:30.0763 AM
[ReportManager] Waiting for element to be present; elementLocator [By.xpath: //*], numberOfTries[1], stateOfPresence[false]... @04-05-2021 11:12:30.0763 AM
[ReportManager] Element Action [waitForElementToBePresent] failed. With the following test data [waited for the element's state of presence to be (false). Element locator (By.xpath: //*)]. @04-05-2021 11:12:31.0001 AM
[ReportManager] Successfully created attachment [Screenshot - 1620126750935_waitForElementToBePresent_moreThanOneElement_expectedToFail_waitForElementToBePresent_failed] @04-05-2021 11:12:31.0001 A
[ReportManager] Successfully created attachment [Selenium WebDriver Logs - server] @04-05-2021 11:12:31.0089 AM
[ReportManager] Successfully created attachment [Selenium WebDriver Logs - performance] @04-05-2021 11:12:31.0130 AM
[ReportManager] Successfully created attachment [Selenium WebDriver Logs - driver] @04-05-2021 11:12:31.0216 AM
[ReportManager] Browser Action [closeCurrentWindow] successfully performed. @04-05-2021 11:12:31.0275 AM
[ReportManager] Successfully created attachment [Browser Action Test Data - closeCurrentWindow - Actual Value] @04-05-2021 11:12:31.0275 A
[ReportManager] File Action [getAbsolutePath] successfully performed. With the following test data [Relative Folder Path: "target/downloadedFiles/"]. @04-05-2021 11:12:31.0278 AM
[ReportManager] Attempting to run remotely on: [Linux-64], [GoogleChrome], [http://localhost:4444/wd/hub], Headless Execution. @04-05-2021 11:12:31.0278 AM
[ReportManager] Successfully Opened [GoogleChrome]. @04-05-2021 11:12:31.0502 A

################################################################################################################################################
Starting Execution:	[133 out of 137] test cases in the current suite
Test Method:		[unitTests.tests_element_elementActions.waitForElementToBePresent_true_expectedToFail]
################################################################################################################################################
[ReportManager] Target URL: [https://www.google.com/ncr], and after redirection: [www.google.com] @04-05-2021 11:12:31.0519 AM
[ReportManager] Initial URL: [data:,] @04-05-2021 11:12:31.0573 AM
[ReportManager] Browser Action [navigateToURL] successfully performed. With the following test data [https://www.google.com/ncr]. @04-05-2021 11:12:32.0546 AM
[ReportManager] Waiting for element to be present; elementLocator [By.id: bla], numberOfTries[1], stateOfPresence[true]... @04-05-2021 11:12:32.0547 AM
[ReportManager] Element Action [waitForElementToBePresent] failed. With the following test data [waited for the element's state of presence to be (true). Element locator (By.id: bla)]. @04-05-2021 11:12:37.0852 AM
[ReportManager] Successfully created attachment [Screenshot - 1620126757785_waitForElementToBePresent_true_expectedToFail_waitForElementToBePresent_failed] @04-05-2021 11:12:37.0853 A
[ReportManager] Successfully created attachment [Selenium WebDriver Logs - server] @04-05-2021 11:12:37.0933 AM
[ReportManager] Successfully created attachment [Selenium WebDriver Logs - performance] @04-05-2021 11:12:37.0972 AM
[ReportManager] Successfully created attachment [Selenium WebDriver Logs - driver] @04-05-2021 11:12:38.0049 AM
[ReportManager] Browser Action [closeCurrentWindow] successfully performed. @04-05-2021 11:12:38.0105 AM
[ReportManager] Successfully created attachment [Browser Action Test Data - closeCurrentWindow - Actual Value] @04-05-2021 11:12:38.0106 A
[ReportManager] File Action [getAbsolutePath] successfully performed. With the following test data [Relative Folder Path: "target/downloadedFiles/"]. @04-05-2021 11:12:38.0109 AM
[ReportManager] Attempting to run remotely on: [Linux-64], [GoogleChrome], [http://localhost:4444/wd/hub], Headless Execution. @04-05-2021 11:12:38.0109 AM
[ReportManager] Successfully Opened [GoogleChrome]. @04-05-2021 11:12:38.0307 A

################################################################################################################################################
Starting Execution:	[134 out of 137] test cases in the current suite
Test Method:		[unitTests.tests_element_elementActions.waitForElementToBePresent_true_expectedToPass]
################################################################################################################################################
[ReportManager] Target URL: [https://www.google.com/ncr], and after redirection: [www.google.com] @04-05-2021 11:12:38.0318 AM
[ReportManager] Initial URL: [data:,] @04-05-2021 11:12:38.0363 AM
[ReportManager] Browser Action [navigateToURL] successfully performed. With the following test data [https://www.google.com/ncr]. @04-05-2021 11:12:39.0242 AM
[ReportManager] Waiting for element to be present; elementLocator [By.xpath: //img[@id='hplogo' or @alt='Google']], numberOfTries[1], stateOfPresence[true]... @04-05-2021 11:12:39.0242 AM
[ReportManager] Element Action [waitForElementToBePresent] successfully performed. With the following test data [waited for the element's state of presence to be (true). Element locator (By.xpath: //img[@id='hplogo' or @alt='Google'])]. @04-05-2021 11:12:39.0298 AM
[ReportManager] Using Visual AI; OpenCV... @04-05-2021 11:12:39.0300 AM
[ReportManager] File Action [doesFileExist] successfully performed. With the following test data [File Path: "src/test/resources/DynamicObjectRepository/unitTests_tests_element_elementActions_waitForElementToBePresent_true_expectedToPass_By_xpath_img_id_hplogo_or_alt_Google.png"]. @04-05-2021 11:12:39.0301 AM
[ReportManager] File Action [doesFileExist] successfully performed. With the following test data [File Path: "src/test/resources/DynamicObjectRepository/unitTests_tests_element_elementActions_waitForElementToBePresent_true_expectedToPass_By_xpath_img_id_hplogo_or_alt_Google.png"]. @04-05-2021 11:12:39.0579 AM
[ReportManager] Passing the test and saving a reference image @04-05-2021 11:12:39.0579 AM
[ReportManager] File Action [getAbsolutePath] successfully performed. With the following test data [Relative File Path: "src/test/resources/DynamicObjectRepository/unitTests_tests_element_elementActions_waitForElementToBePresent_true_expectedToPass_By_xpath_img_id_hplogo_or_alt_Google.png"]. @04-05-2021 11:12:39.0579 AM
[ReportManager] File Action [writeToFile] successfully performed. With the following test data [Target File Path: "/home/runner/work/SHAFT_ENGINE/SHAFT_ENGINE/src/test/resources/DynamicObjectRepository/unitTests_tests_element_elementActions_waitForElementToBePresent_true_expectedToPass_By_xpath_img_id_hplogo_or_alt_Google.png"]. @04-05-2021 11:12:39.0588 AM
[ReportManager] AssertElementMatches PASSED; Expected [Element should match the reference screenshot] and Actual [TRUE]. Comparison Type [EXACT_OPENCV]. Validation Type [POSITIVE]. @04-05-2021 11:12:39.0588 AM
[ReportManager] Successfully created attachment [Validation Test Data - Actual Screenshot] @04-05-2021 11:12:39.0588 A
[ReportManager] Successfully created attachment [Selenium WebDriver Logs - server] @04-05-2021 11:12:39.0672 AM
[ReportManager] Successfully created attachment [Selenium WebDriver Logs - performance] @04-05-2021 11:12:39.0708 AM
[ReportManager] Successfully created attachment [Selenium WebDriver Logs - driver] @04-05-2021 11:12:39.0785 AM
[ReportManager] Browser Action [closeCurrentWindow] successfully performed. @04-05-2021 11:12:39.0842 AM
[ReportManager] Successfully created attachment [Browser Action Test Data - closeCurrentWindow - Actual Value] @04-05-2021 11:12:39.0842 A

################################################################################################################################################
Starting Execution:	[135 out of 137] test cases in the current suite
Test Method:		[unitTests.tests_restActions.getPostsAndAssertBodyForSpecificTitle]
################################################################################################################################################
[ReportManager] Response status code: [200], status line: [HTTP/1.1 200 OK] @04-05-2021 11:12:41.0013 AM
[ReportManager] Evaluating the actual response status code against the expected one...... @04-05-2021 11:12:41.0013 AM
[ReportManager] AssertEquals PASSED; Expected [200] and Actual [200]. Comparison Type [EQUALS]. Validation Type [POSITIVE]. @04-05-2021 11:12:41.0013 AM
[ReportManager] API Action [performRequest] successfully performed. With the following test data [Request Type: "GET" | Target Status Code: "200" | Service URL: "https://jsonplaceholder.typicode.com/posts" | Content Type: "*/*" | Response Time: "784ms"]. @04-05-2021 11:12:41.0198 AM
[ReportManager] Successfully created attachment [API Response - JSON Body] @04-05-2021 11:12:41.0199 AM
[ReportManager] API Action [getResponseJSONValueAsList] successfully performed. @04-05-2021 11:12:41.0245 AM
[ReportManager] API Action [getResponseJSONValue] successfully performed. With the following test data [title]. @04-05-2021 11:12:41.0268 AM
[ReportManager] API Action [getResponseJSONValue] successfully performed. With the following test data [title]. @04-05-2021 11:12:41.0286 AM
[ReportManager] API Action [getResponseJSONValue] successfully performed. With the following test data [body]. @04-05-2021 11:12:41.0304 AM
[ReportManager] AssertEquals PASSED; Expected [qui neque nisi nulla] and Actual [est rerum tempore vitae
sequi sint nihil reprehenderit dolor beatae ea dolores neque
fugiat blanditiis voluptate porro vel nihil molestiae ut reiciendis
qui aperiam non debitis possimus qui neque nisi nulla]. Comparison Type [CONTAINS]. Validation Type [POSITIVE]. @04-05-2021 11:12:41.0304 AM
[ReportManager] API Action [getResponseJSONValue] successfully performed. With the following test data [title]. @04-05-2021 11:12:41.0322 AM
[ReportManager] API Action [getResponseJSONValue] successfully performed. With the following test data [title]. @04-05-2021 11:12:41.0331 AM
[ReportManager] API Action [getResponseJSONValue] successfully performed. With the following test data [title]. @04-05-2021 11:12:41.0339 AM
[ReportManager] API Action [getResponseJSONValue] successfully performed. With the following test data [title]. @04-05-2021 11:12:41.0349 AM
[ReportManager] API Action [getResponseJSONValue] successfully performed. With the following test data [title]. @04-05-2021 11:12:41.0358 AM
[ReportManager] API Action [getResponseJSONValue] successfully performed. With the following test data [title]. @04-05-2021 11:12:41.0368 AM
[ReportManager] API Action [getResponseJSONValue] successfully performed. With the following test data [title]. @04-05-2021 11:12:41.0376 AM
[ReportManager] API Action [getResponseJSONValue] successfully performed. With the following test data [title]. @04-05-2021 11:12:41.0385 AM
[ReportManager] API Action [getResponseJSONValue] successfully performed. With the following test data [title]. @04-05-2021 11:12:41.0394 AM
[ReportManager] API Action [getResponseJSONValue] successfully performed. With the following test data [title]. @04-05-2021 11:12:41.0404 AM
[ReportManager] API Action [getResponseJSONValue] successfully performed. With the following test data [title]. @04-05-2021 11:12:41.0413 AM
[ReportManager] API Action [getResponseJSONValue] successfully performed. With the following test data [title]. @04-05-2021 11:12:41.0421 AM
[ReportManager] API Action [getResponseJSONValue] successfully performed. With the following test data [title]. @04-05-2021 11:12:41.0429 AM
[ReportManager] API Action [getResponseJSONValue] successfully performed. With the following test data [title]. @04-05-2021 11:12:41.0437 AM
[ReportManager] API Action [getResponseJSONValue] successfully performed. With the following test data [title]. @04-05-2021 11:12:41.0446 AM
[ReportManager] API Action [getResponseJSONValue] successfully performed. With the following test data [title]. @04-05-2021 11:12:41.0453 AM
[ReportManager] API Action [getResponseJSONValue] successfully performed. With the following test data [title]. @04-05-2021 11:12:41.0462 AM
[ReportManager] API Action [getResponseJSONValue] successfully performed. With the following test data [title]. @04-05-2021 11:12:41.0469 AM
[ReportManager] API Action [getResponseJSONValue] successfully performed. With the following test data [title]. @04-05-2021 11:12:41.0477 AM
[ReportManager] API Action [getResponseJSONValue] successfully performed. With the following test data [title]. @04-05-2021 11:12:41.0488 AM
[ReportManager] API Action [getResponseJSONValue] successfully performed. With the following test data [title]. @04-05-2021 11:12:41.0499 AM
[ReportManager] API Action [getResponseJSONValue] successfully performed. With the following test data [title]. @04-05-2021 11:12:41.0514 AM
[ReportManager] API Action [getResponseJSONValue] successfully performed. With the following test data [title]. @04-05-2021 11:12:41.0523 AM
[ReportManager] API Action [getResponseJSONValue] successfully performed. With the following test data [title]. @04-05-2021 11:12:41.0532 AM
[ReportManager] API Action [getResponseJSONValue] successfully performed. With the following test data [title]. @04-05-2021 11:12:41.0539 AM
[ReportManager] API Action [getResponseJSONValue] successfully performed. With the following test data [title]. @04-05-2021 11:12:41.0547 AM
[ReportManager] API Action [getResponseJSONValue] successfully performed. With the following test data [title]. @04-05-2021 11:12:41.0555 AM
[ReportManager] API Action [getResponseJSONValue] successfully performed. With the following test data [title]. @04-05-2021 11:12:41.0562 AM
[ReportManager] API Action [getResponseJSONValue] successfully performed. With the following test data [title]. @04-05-2021 11:12:41.0569 AM
[ReportManager] API Action [getResponseJSONValue] successfully performed. With the following test data [title]. @04-05-2021 11:12:41.0577 AM
[ReportManager] API Action [getResponseJSONValue] successfully performed. With the following test data [title]. @04-05-2021 11:12:41.0584 AM
[ReportManager] API Action [getResponseJSONValue] successfully performed. With the following test data [title]. @04-05-2021 11:12:41.0592 AM
[ReportManager] API Action [getResponseJSONValue] successfully performed. With the following test data [title]. @04-05-2021 11:12:41.0599 AM
[ReportManager] API Action [getResponseJSONValue] successfully performed. With the following test data [title]. @04-05-2021 11:12:41.0609 AM
[ReportManager] API Action [getResponseJSONValue] successfully performed. With the following test data [title]. @04-05-2021 11:12:41.0617 AM
[ReportManager] API Action [getResponseJSONValue] successfully performed. With the following test data [title]. @04-05-2021 11:12:41.0625 AM
[ReportManager] API Action [getResponseJSONValue] successfully performed. With the following test data [title]. @04-05-2021 11:12:41.0633 AM
[ReportManager] API Action [getResponseJSONValue] successfully performed. With the following test data [title]. @04-05-2021 11:12:41.0641 AM
[ReportManager] API Action [getResponseJSONValue] successfully performed. With the following test data [title]. @04-05-2021 11:12:41.0649 AM
[ReportManager] API Action [getResponseJSONValue] successfully performed. With the following test data [title]. @04-05-2021 11:12:41.0657 AM
[ReportManager] API Action [getResponseJSONValue] successfully performed. With the following test data [title]. @04-05-2021 11:12:41.0665 AM
[ReportManager] API Action [getResponseJSONValue] successfully performed. With the following test data [title]. @04-05-2021 11:12:41.0672 AM
[ReportManager] API Action [getResponseJSONValue] successfully performed. With the following test data [title]. @04-05-2021 11:12:41.0680 AM
[ReportManager] API Action [getResponseJSONValue] successfully performed. With the following test data [title]. @04-05-2021 11:12:41.0687 AM
[ReportManager] API Action [getResponseJSONValue] successfully performed. With the following test data [title]. @04-05-2021 11:12:41.0695 AM
[ReportManager] API Action [getResponseJSONValue] successfully performed. With the following test data [title]. @04-05-2021 11:12:41.0702 AM
[ReportManager] API Action [getResponseJSONValue] successfully performed. With the following test data [title]. @04-05-2021 11:12:41.0709 AM
[ReportManager] API Action [getResponseJSONValue] successfully performed. With the following test data [title]. @04-05-2021 11:12:41.0716 AM
[ReportManager] API Action [getResponseJSONValue] successfully performed. With the following test data [title]. @04-05-2021 11:12:41.0723 AM
[ReportManager] API Action [getResponseJSONValue] successfully performed. With the following test data [title]. @04-05-2021 11:12:41.0731 AM
[ReportManager] API Action [getResponseJSONValue] successfully performed. With the following test data [title]. @04-05-2021 11:12:41.0742 AM
[ReportManager] API Action [getResponseJSONValue] successfully performed. With the following test data [title]. @04-05-2021 11:12:41.0750 AM
[ReportManager] API Action [getResponseJSONValue] successfully performed. With the following test data [title]. @04-05-2021 11:12:41.0757 AM
[ReportManager] API Action [getResponseJSONValue] successfully performed. With the following test data [title]. @04-05-2021 11:12:41.0764 AM
[ReportManager] API Action [getResponseJSONValue] successfully performed. With the following test data [title]. @04-05-2021 11:12:41.0772 AM
[ReportManager] API Action [getResponseJSONValue] successfully performed. With the following test data [title]. @04-05-2021 11:12:41.0779 AM
[ReportManager] API Action [getResponseJSONValue] successfully performed. With the following test data [title]. @04-05-2021 11:12:41.0786 AM
[ReportManager] API Action [getResponseJSONValue] successfully performed. With the following test data [title]. @04-05-2021 11:12:41.0794 AM
[ReportManager] API Action [getResponseJSONValue] successfully performed. With the following test data [title]. @04-05-2021 11:12:41.0820 AM
[ReportManager] API Action [getResponseJSONValue] successfully performed. With the following test data [title]. @04-05-2021 11:12:41.0828 AM
[ReportManager] API Action [getResponseJSONValue] successfully performed. With the following test data [title]. @04-05-2021 11:12:41.0835 AM
[ReportManager] API Action [getResponseJSONValue] successfully performed. With the following test data [title]. @04-05-2021 11:12:41.0842 AM
[ReportManager] API Action [getResponseJSONValue] successfully performed. With the following test data [title]. @04-05-2021 11:12:41.0849 AM
[ReportManager] API Action [getResponseJSONValue] successfully performed. With the following test data [title]. @04-05-2021 11:12:41.0857 AM
[ReportManager] API Action [getResponseJSONValue] successfully performed. With the following test data [title]. @04-05-2021 11:12:41.0864 AM
[ReportManager] API Action [getResponseJSONValue] successfully performed. With the following test data [title]. @04-05-2021 11:12:41.0872 AM
[ReportManager] API Action [getResponseJSONValue] successfully performed. With the following test data [title]. @04-05-2021 11:12:41.0880 AM
[ReportManager] API Action [getResponseJSONValue] successfully performed. With the following test data [title]. @04-05-2021 11:12:41.0887 AM
[ReportManager] API Action [getResponseJSONValue] successfully performed. With the following test data [title]. @04-05-2021 11:12:41.0895 AM
[ReportManager] API Action [getResponseJSONValue] successfully performed. With the following test data [title]. @04-05-2021 11:12:41.0902 AM
[ReportManager] API Action [getResponseJSONValue] successfully performed. With the following test data [title]. @04-05-2021 11:12:41.0910 AM
[ReportManager] API Action [getResponseJSONValue] successfully performed. With the following test data [title]. @04-05-2021 11:12:41.0917 AM
[ReportManager] API Action [getResponseJSONValue] successfully performed. With the following test data [title]. @04-05-2021 11:12:41.0925 AM
[ReportManager] API Action [getResponseJSONValue] successfully performed. With the following test data [title]. @04-05-2021 11:12:41.0933 AM
[ReportManager] API Action [getResponseJSONValue] successfully performed. With the following test data [title]. @04-05-2021 11:12:41.0941 AM
[ReportManager] API Action [getResponseJSONValue] successfully performed. With the following test data [title]. @04-05-2021 11:12:41.0950 AM
[ReportManager] API Action [getResponseJSONValue] successfully performed. With the following test data [title]. @04-05-2021 11:12:41.0958 AM
[ReportManager] API Action [getResponseJSONValue] successfully performed. With the following test data [title]. @04-05-2021 11:12:41.0965 AM
[ReportManager] API Action [getResponseJSONValue] successfully performed. With the following test data [title]. @04-05-2021 11:12:41.0972 AM
[ReportManager] API Action [getResponseJSONValue] successfully performed. With the following test data [title]. @04-05-2021 11:12:41.0980 AM
[ReportManager] API Action [getResponseJSONValue] successfully performed. With the following test data [title]. @04-05-2021 11:12:41.0987 AM
[ReportManager] API Action [getResponseJSONValue] successfully performed. With the following test data [title]. @04-05-2021 11:12:41.0994 AM
[ReportManager] API Action [getResponseJSONValue] successfully performed. With the following test data [title]. @04-05-2021 11:12:42.0001 AM
[ReportManager] API Action [getResponseJSONValue] successfully performed. With the following test data [title]. @04-05-2021 11:12:42.0009 AM
[ReportManager] API Action [getResponseJSONValue] successfully performed. With the following test data [title]. @04-05-2021 11:12:42.0016 AM
[ReportManager] API Action [getResponseJSONValue] successfully performed. With the following test data [title]. @04-05-2021 11:12:42.0023 AM
[ReportManager] API Action [getResponseJSONValue] successfully performed. With the following test data [title]. @04-05-2021 11:12:42.0031 AM
[ReportManager] API Action [getResponseJSONValue] successfully performed. With the following test data [title]. @04-05-2021 11:12:42.0039 AM
[ReportManager] API Action [getResponseJSONValue] successfully performed. With the following test data [title]. @04-05-2021 11:12:42.0050 AM
[ReportManager] API Action [getResponseJSONValue] successfully performed. With the following test data [title]. @04-05-2021 11:12:42.0058 AM
[ReportManager] API Action [getResponseJSONValue] successfully performed. With the following test data [title]. @04-05-2021 11:12:42.0066 AM
[ReportManager] API Action [getResponseJSONValue] successfully performed. With the following test data [title]. @04-05-2021 11:12:42.0074 AM
[ReportManager] API Action [getResponseJSONValue] successfully performed. With the following test data [title]. @04-05-2021 11:12:42.0082 AM
[ReportManager] API Action [getResponseJSONValue] successfully performed. With the following test data [title]. @04-05-2021 11:12:42.0089 AM
[ReportManager] API Action [getResponseJSONValue] successfully performed. With the following test data [title]. @04-05-2021 11:12:42.0097 AM
[ReportManager] API Action [getResponseJSONValue] successfully performed. With the following test data [title]. @04-05-2021 11:12:42.0104 AM
[ReportManager] API Action [getResponseJSONValue] successfully performed. With the following test data [title]. @04-05-2021 11:12:42.0111 AM
[ReportManager] API Action [getResponseJSONValue] successfully performed. With the following test data [title]. @04-05-2021 11:12:42.0119 A

################################################################################################################################################
Starting Execution:	[136 out of 137] test cases in the current suite
Test Method:		[unitTests.tests_restActions.validateUserEmail]
################################################################################################################################################
[ReportManager] Response status code: [200], status line: [HTTP/1.1 200 OK] @04-05-2021 11:12:42.0259 AM
[ReportManager] Evaluating the actual response status code against the expected one...... @04-05-2021 11:12:42.0259 AM
[ReportManager] AssertEquals PASSED; Expected [200] and Actual [200]. Comparison Type [EQUALS]. Validation Type [POSITIVE]. @04-05-2021 11:12:42.0259 AM
[ReportManager] API Action [performRequest] successfully performed. With the following test data [Request Type: "GET" | Target Status Code: "200" | Service URL: "https://jsonplaceholder.typicode.com/users" | Content Type: "*/*" | Response Time: "116ms"]. @04-05-2021 11:12:42.0278 AM
[ReportManager] Successfully created attachment [API Response - JSON Body] @04-05-2021 11:12:42.0278 AM
[ReportManager] AssertEquals PASSED; Expected and Actual values are attached. Comparison Type [CONTAINS]. Validation Type [POSITIVE]. @04-05-2021 11:12:42.0279 AM
[ReportManager] Successfully created attachment [Validation Test Data - Expected Value] @04-05-2021 11:12:42.0279 AM
[ReportManager] Successfully created attachment [Validation Test Data - Actual Value] @04-05-2021 11:12:42.0279 AM
[ReportManager] API Action [getResponseJSONValueAsList] successfully performed. With the following test data [$]. @04-05-2021 11:12:42.0283 AM
[ReportManager] API Action [getResponseJSONValue] successfully performed. With the following test data [name]. @04-05-2021 11:12:42.0295 AM
[ReportManager] API Action [getResponseJSONValue] successfully performed. With the following test data [email]. @04-05-2021 11:12:42.0306 AM
[ReportManager] AssertEquals PASSED; Expected [Sincere@april.biz] and Actual [Sincere@april.biz]. Comparison Type [EQUALS]. Validation Type [POSITIVE]. @04-05-2021 11:12:42.0306 AM
[ReportManager] API Action [getResponseJSONValue] successfully performed. With the following test data [name]. @04-05-2021 11:12:42.0320 AM
[ReportManager] API Action [getResponseJSONValue] successfully performed. With the following test data [name]. @04-05-2021 11:12:42.0333 AM
[ReportManager] API Action [getResponseJSONValue] successfully performed. With the following test data [name]. @04-05-2021 11:12:42.0342 AM
[ReportManager] API Action [getResponseJSONValue] successfully performed. With the following test data [name]. @04-05-2021 11:12:42.0350 AM
[ReportManager] API Action [getResponseJSONValue] successfully performed. With the following test data [name]. @04-05-2021 11:12:42.0358 AM
[ReportManager] API Action [getResponseJSONValue] successfully performed. With the following test data [name]. @04-05-2021 11:12:42.0365 AM
[ReportManager] API Action [getResponseJSONValue] successfully performed. With the following test data [name]. @04-05-2021 11:12:42.0373 AM
[ReportManager] API Action [getResponseJSONValue] successfully performed. With the following test data [name]. @04-05-2021 11:12:42.0380 AM
[ReportManager] API Action [getResponseJSONValue] successfully performed. With the following test data [name]. @04-05-2021 11:12:42.0387 A
[ReportManager] Successfully loaded the following test data file [src/test/resources/TestDataFiles/testSuite01/TestData.xlsx]. @04-05-2021 11:12:42.0452 AM
[ReportManager] Successfully created attachment [Test Data - Excel] @04-05-2021 11:12:42.0452 A

################################################################################################################################################
Starting Execution:	[137 out of 137] test cases in the current suite
Test Method:		[unitTests.tests_io_excelFileManager.getCellData_rowName_expectedToPass]
################################################################################################################################################
[ReportManager] testRowData. @04-05-2021 11:12:42.0459 A

################################################################################################################################################
Test Closure Activities
################################################################################################################################################
[ReportManager] Successfully created attachment [SHAFT Engine Logs - Execution log] @04-05-2021 11:12:42.0484 AM

################################################################################################################################################
This test run was powered by SHAFT Engine Version: [SHAFT Engine v5.2.20210427]
SHAFT Engine is licensed under the MIT License: [https://github.com/MohabMohie/SHAFT_ENGINE/blob/master/LICENSE].
################################################################################################################################################