################################################################################################################################################
Detected SHAFT Engine Version: [SHAFT Engine v5.2.20210427]
################################################################################################################################################
[ReportManager] File Action [getAbsolutePath] successfully performed. With the following test data [Relative Folder Path: "target/downloadedFiles/"]. @04-05-2021 12:59:54.0661 PM
[ReportManager] Attempting to run remotely on: [Linux-64], [GoogleChrome], [http://localhost:4444/wd/hub], Headless Execution. @04-05-2021 12:59:54.0691 PM
[ReportManager] Successfully Opened [GoogleChrome]. @04-05-2021 12:59:56.0199 P

################################################################################################################################################
Starting Execution:	[1 out of 137] test cases in the current suite
Test Method:		[testPackage01.Test_assertEquals.test_assertElementAttribute]
################################################################################################################################################
[ReportManager] Target URL: [https://www.google.com/ncr], and after redirection: [https://www.google.com] @04-05-2021 12:59:56.0323 PM
[ReportManager] Initial URL: [data:,] @04-05-2021 12:59:56.0416 PM
[ReportManager] Browser Action [navigateToURL] successfully performed. With the following test data [https://www.google.com/ncr]. @04-05-2021 12:59:57.0731 PM
[ReportManager] Element Action [type] successfully performed. With the following test data [INC_004010050:Another SCHEDULER with the same name [Duplicate Job Name] already exists.]. @04-05-2021 13:00:00.0138 PM
[ReportManager] Element Action [getText] successfully performed. With the following test data [INC_004010050:Another SCHEDULER with the same name [Duplicate Job Name] already exists.]. @04-05-2021 13:00:00.0320 PM
[ReportManager] Loaded Shared OpenCV @04-05-2021 13:00:01.0016 PM
[ReportManager] AssertElementAttribute PASSED; Expected [Value Should be 'INC_004010050:Another SCHEDULER with the same name \[Duplicate Job Name\] already exists.' for the 'text' attribute, element locator 'By.name: q'] and Actual [INC_004010050:Another SCHEDULER with the same name [Duplicate Job Name] already exists.]. Comparison Type [MATCHES]. Validation Type [POSITIVE]. @04-05-2021 13:00:01.0304 PM
[ReportManager] Successfully created attachment [Screenshot - 1620133200561_test_assertElementAttribute_AssertElementAttribute_passed] @04-05-2021 13:00:01.0321 P
[ReportManager] Successfully created attachment [Selenium WebDriver Logs - server] @04-05-2021 13:00:01.0531 PM
[ReportManager] Successfully created attachment [Selenium WebDriver Logs - performance] @04-05-2021 13:00:01.0973 PM
[ReportManager] Successfully created attachment [Selenium WebDriver Logs - driver] @04-05-2021 13:00:02.0381 PM
[ReportManager] Browser Action [closeCurrentWindow] successfully performed. @04-05-2021 13:00:02.0449 PM
[ReportManager] Successfully created attachment [Browser Action Test Data - closeCurrentWindow - Actual Value] @04-05-2021 13:00:02.0457 P
[ReportManager] File Action [getAbsolutePath] successfully performed. With the following test data [Relative Folder Path: "target/downloadedFiles/"]. @04-05-2021 13:00:02.0471 PM
[ReportManager] Attempting to run remotely on: [Linux-64], [GoogleChrome], [http://localhost:4444/wd/hub], Headless Execution. @04-05-2021 13:00:02.0471 PM
[ReportManager] Successfully Opened [GoogleChrome]. @04-05-2021 13:00:03.0095 P

################################################################################################################################################
Starting Execution:	[2 out of 137] test cases in the current suite
Test Method:		[testPackage01.Test_dynamicLoading.dynamicLoading_elementIsHidden]
################################################################################################################################################
[ReportManager] Target URL: [https://the-internet.herokuapp.com/dynamic_loading/1] @04-05-2021 13:00:03.0152 PM
[ReportManager] Initial URL: [data:,] @04-05-2021 13:00:03.0223 PM
[ReportManager] Browser Action [navigateToURL] successfully performed. With the following test data [https://the-internet.herokuapp.com/dynamic_loading/1]. @04-05-2021 13:00:04.0748 PM
[ReportManager] Element Action [click] successfully performed. With the following test data [Start]. @04-05-2021 13:00:05.0248 PM
[ReportManager] Element Action [getText] successfully performed. With the following test data [
    Hello World!
  ]. @04-05-2021 13:00:05.0418 PM
[ReportManager] Loaded Shared OpenCV @04-05-2021 13:00:05.0616 PM
[ReportManager] AssertElementAttribute PASSED; Expected [Value Should be 'Hello World!' for the 'text' attribute, element locator 'By.id: finish'] and Actual [
    Hello World!
  ]. Comparison Type [CONTAINS]. Validation Type [POSITIVE]. @04-05-2021 13:00:05.0742 PM
[ReportManager] Successfully created attachment [Screenshot - 1620133205616_dynamicLoading_elementIsHidden_AssertElementAttribute_passed] @04-05-2021 13:00:05.0745 P
[ReportManager] Successfully created attachment [Selenium WebDriver Logs - server] @04-05-2021 13:00:05.0819 PM
[ReportManager] Successfully created attachment [Selenium WebDriver Logs - performance] @04-05-2021 13:00:05.0854 PM
[ReportManager] Successfully created attachment [Selenium WebDriver Logs - browser] @04-05-2021 13:00:05.0872 PM
[ReportManager] Successfully created attachment [Selenium WebDriver Logs - driver] @04-05-2021 13:00:06.0000 PM
[ReportManager] Browser Action [closeCurrentWindow] successfully performed. @04-05-2021 13:00:06.0063 PM
[ReportManager] Successfully created attachment [Browser Action Test Data - closeCurrentWindow - Actual Value] @04-05-2021 13:00:06.0063 P
[ReportManager] File Action [getAbsolutePath] successfully performed. With the following test data [Relative Folder Path: "target/downloadedFiles/"]. @04-05-2021 13:00:06.0066 PM
[ReportManager] Attempting to run remotely on: [Linux-64], [GoogleChrome], [http://localhost:4444/wd/hub], Headless Execution. @04-05-2021 13:00:06.0067 PM
[ReportManager] Successfully Opened [GoogleChrome]. @04-05-2021 13:00:06.0715 P

################################################################################################################################################
Starting Execution:	[3 out of 137] test cases in the current suite
Test Method:		[testPackage01.Test_dynamicLoading.dynamicLoading_elementIsRendered]
################################################################################################################################################
[ReportManager] Target URL: [https://the-internet.herokuapp.com/dynamic_loading/2] @04-05-2021 13:00:06.0756 PM
[ReportManager] Initial URL: [data:,] @04-05-2021 13:00:06.0814 PM
[ReportManager] Browser Action [navigateToURL] successfully performed. With the following test data [https://the-internet.herokuapp.com/dynamic_loading/2]. @04-05-2021 13:00:08.0278 PM
[ReportManager] Element Action [click] successfully performed. With the following test data [Start]. @04-05-2021 13:00:08.0693 PM
[ReportManager] Element Action [getText] successfully performed. With the following test data [Hello World!]. @04-05-2021 13:00:13.0933 PM
[ReportManager] Loaded Shared OpenCV @04-05-2021 13:00:14.0117 PM
[ReportManager] AssertElementAttribute PASSED; Expected [Value Should be 'Hello World!' for the 'text' attribute, element locator 'By.id: finish'] and Actual [Hello World!]. Comparison Type [CONTAINS]. Validation Type [POSITIVE]. @04-05-2021 13:00:14.0193 PM
[ReportManager] Successfully created attachment [Screenshot - 1620133214117_dynamicLoading_elementIsRendered_AssertElementAttribute_passed] @04-05-2021 13:00:14.0194 P
[ReportManager] Successfully created attachment [Selenium WebDriver Logs - server] @04-05-2021 13:00:14.0293 PM
[ReportManager] Successfully created attachment [Selenium WebDriver Logs - performance] @04-05-2021 13:00:14.0341 PM
[ReportManager] Successfully created attachment [Selenium WebDriver Logs - browser] @04-05-2021 13:00:14.0353 PM
[ReportManager] Successfully created attachment [Selenium WebDriver Logs - driver] @04-05-2021 13:00:14.0457 PM
[ReportManager] Browser Action [closeCurrentWindow] successfully performed. @04-05-2021 13:00:14.0522 PM
[ReportManager] Successfully created attachment [Browser Action Test Data - closeCurrentWindow - Actual Value] @04-05-2021 13:00:14.0523 P

################################################################################################################################################
Starting Execution:	[4 out of 137] test cases in the current suite
Test Method:		[testPackage01.Test_SelectedValue.multipleSelect]
################################################################################################################################################
[ReportManager] File Action [getAbsolutePath] successfully performed. With the following test data [Relative Folder Path: "target/downloadedFiles/"]. @04-05-2021 13:00:14.0531 PM
[ReportManager] Attempting to run remotely on: [Linux-64], [GoogleChrome], [http://localhost:4444/wd/hub], Headless Execution. @04-05-2021 13:00:14.0531 PM
[ReportManager] Successfully Opened [GoogleChrome]. @04-05-2021 13:00:15.0245 PM
[ReportManager] Target URL: [https://mdn.mozillademos.org/en-US/docs/Web/HTML/Element/select$samples/Advanced_select_with_multiple_features?revision=1612304] @04-05-2021 13:00:15.0282 PM
[ReportManager] Initial URL: [data:,] @04-05-2021 13:00:15.0346 PM
[ReportManager] Browser Action [navigateToURL] successfully performed. With the following test data [https://mdn.mozillademos.org/en-US/docs/Web/HTML/Element/select$samples/Advanced_select_with_multiple_features?revision=1612304]. @04-05-2021 13:00:16.0147 PM
[ReportManager] Element Action [select] successfully performed. With the following test data [Dog]. @04-05-2021 13:00:16.0480 PM
[ReportManager] Element Action [select] successfully performed. With the following test data [Cat]. @04-05-2021 13:00:16.0788 PM
[ReportManager] Element Action [getSelectedText] successfully performed. With the following test data [DogCat]. @04-05-2021 13:00:16.0980 PM
[ReportManager] DogCat @04-05-2021 13:00:16.0981 PM
[ReportManager] Element Action [getSelectedText] successfully performed. With the following test data [DogCat]. @04-05-2021 13:00:17.0137 PM
[ReportManager] Loaded Shared OpenCV @04-05-2021 13:00:17.0281 PM
[ReportManager] AssertElementAttribute PASSED; Expected [Value Should be 'DogCat' for the 'selectedText' attribute, element locator 'By.tagName: select'] and Actual [DogCat]. Comparison Type [EQUALS]. Validation Type [POSITIVE]. @04-05-2021 13:00:17.0364 PM
[ReportManager] Successfully created attachment [Screenshot - 1620133217280_multipleSelect_AssertElementAttribute_passed] @04-05-2021 13:00:17.0365 PM
[ReportManager] Successfully created attachment [Selenium WebDriver Logs - server] @04-05-2021 13:00:17.0423 PM
[ReportManager] Successfully created attachment [Selenium WebDriver Logs - performance] @04-05-2021 13:00:17.0433 PM
[ReportManager] Successfully created attachment [Selenium WebDriver Logs - driver] @04-05-2021 13:00:17.0530 PM
[ReportManager] Browser Action [closeCurrentWindow] successfully performed. @04-05-2021 13:00:17.0595 PM
[ReportManager] Successfully created attachment [Browser Action Test Data - closeCurrentWindow - Actual Value] @04-05-2021 13:00:17.0595 P

################################################################################################################################################
Starting Execution:	[5 out of 137] test cases in the current suite
Test Method:		[testPackage01.Test_SelectedValue.simpleSelect]
################################################################################################################################################
[ReportManager] File Action [getAbsolutePath] successfully performed. With the following test data [Relative Folder Path: "target/downloadedFiles/"]. @04-05-2021 13:00:17.0610 PM
[ReportManager] Attempting to run remotely on: [Linux-64], [GoogleChrome], [http://localhost:4444/wd/hub], Headless Execution. @04-05-2021 13:00:17.0610 PM
[ReportManager] Successfully Opened [GoogleChrome]. @04-05-2021 13:00:17.0869 PM
[ReportManager] Target URL: [https://mdn.mozillademos.org/en-US/docs/Web/HTML/Element/select$samples/Basic_select?revision=1612304] @04-05-2021 13:00:17.0894 PM
[ReportManager] Initial URL: [data:,] @04-05-2021 13:00:17.0966 PM
[ReportManager] Browser Action [navigateToURL] successfully performed. With the following test data [https://mdn.mozillademos.org/en-US/docs/Web/HTML/Element/select$samples/Basic_select?revision=1612304]. @04-05-2021 13:00:18.0712 PM
[ReportManager] Element Action [select] successfully performed. With the following test data [Third Value]. @04-05-2021 13:00:19.0074 PM
[ReportManager] Element Action [getSelectedText] successfully performed. With the following test data [Third Value]. @04-05-2021 13:00:19.0204 PM
[ReportManager] Third Value @04-05-2021 13:00:19.0204 PM
[ReportManager] Element Action [getSelectedText] successfully performed. With the following test data [Third Value]. @04-05-2021 13:00:19.0363 PM
[ReportManager] Loaded Shared OpenCV @04-05-2021 13:00:19.0497 PM
[ReportManager] AssertElementAttribute PASSED; Expected [Value Should be 'Third Value' for the 'selectedText' attribute, element locator 'By.tagName: select'] and Actual [Third Value]. Comparison Type [EQUALS]. Validation Type [POSITIVE]. @04-05-2021 13:00:19.0559 PM
[ReportManager] Successfully created attachment [Screenshot - 1620133219496_simpleSelect_AssertElementAttribute_passed] @04-05-2021 13:00:19.0560 PM
[ReportManager] Successfully created attachment [Selenium WebDriver Logs - server] @04-05-2021 13:00:19.0598 PM
[ReportManager] Successfully created attachment [Selenium WebDriver Logs - performance] @04-05-2021 13:00:19.0607 PM
[ReportManager] Successfully created attachment [Selenium WebDriver Logs - driver] @04-05-2021 13:00:19.0680 PM
[ReportManager] Browser Action [closeCurrentWindow] successfully performed. @04-05-2021 13:00:19.0742 PM
[ReportManager] Successfully created attachment [Browser Action Test Data - closeCurrentWindow - Actual Value] @04-05-2021 13:00:19.0742 P
[ReportManager] File Action [getAbsolutePath] successfully performed. With the following test data [Relative Folder Path: "target/downloadedFiles/"]. @04-05-2021 13:00:19.0746 PM
[ReportManager] Attempting to run remotely on: [Linux-64], [GoogleChrome], [http://localhost:4444/wd/hub], Headless Execution. @04-05-2021 13:00:19.0746 PM
[ReportManager] Successfully Opened [GoogleChrome]. @04-05-2021 13:00:19.0977 P

################################################################################################################################################
Starting Execution:	[6 out of 137] test cases in the current suite
Test Method:		[testPackage01.Test_IsElementClickable.testIsElementClickable]
################################################################################################################################################
[ReportManager] Target URL: [https://the-internet.herokuapp.com/] @04-05-2021 13:00:19.0994 PM
[ReportManager] Initial URL: [data:,] @04-05-2021 13:00:20.0041 PM
[ReportManager] Browser Action [navigateToURL] successfully performed. With the following test data [https://the-internet.herokuapp.com/]. @04-05-2021 13:00:21.0536 PM
[ReportManager] Element Action [isElementClickable] successfully performed. @04-05-2021 13:00:21.0700 PM
[ReportManager] AssertTrue PASSED; Expected [TRUE] and Actual [TRUE]. Validation Type [POSITIVE]. @04-05-2021 13:00:21.0700 P
[ReportManager] Successfully created attachment [Selenium WebDriver Logs - server] @04-05-2021 13:00:21.0841 PM
[ReportManager] Successfully created attachment [Selenium WebDriver Logs - performance] @04-05-2021 13:00:21.0872 PM
[ReportManager] Successfully created attachment [Selenium WebDriver Logs - browser] @04-05-2021 13:00:21.0884 PM
[ReportManager] Successfully created attachment [Selenium WebDriver Logs - driver] @04-05-2021 13:00:21.0950 PM
[ReportManager] Browser Action [closeCurrentWindow] successfully performed. @04-05-2021 13:00:22.0019 PM
[ReportManager] Successfully created attachment [Browser Action Test Data - closeCurrentWindow - Actual Value] @04-05-2021 13:00:22.0019 P
[ReportManager] File Action [getAbsolutePath] successfully performed. With the following test data [Relative Folder Path: "target/downloadedFiles/"]. @04-05-2021 13:00:22.0022 PM
[ReportManager] Attempting to run remotely on: [Linux-64], [GoogleChrome], [http://localhost:4444/wd/hub], Headless Execution. @04-05-2021 13:00:22.0025 PM
[ReportManager] Successfully Opened [GoogleChrome]. @04-05-2021 13:00:22.0285 P

################################################################################################################################################
Starting Execution:	[7 out of 137] test cases in the current suite
Test Method:		[testPackage01.Test_dragAndDrop.dragAndDrop]
Test Description:	[TC001 - Test Drag and Drop function.]
################################################################################################################################################
[ReportManager] Target URL: [http://the-internet.herokuapp.com/drag_and_drop] @04-05-2021 13:00:22.0313 PM
[ReportManager] Initial URL: [data:,] @04-05-2021 13:00:22.0364 PM
[ReportManager] Browser Action [navigateToURL] successfully performed. With the following test data [http://the-internet.herokuapp.com/drag_and_drop]. @04-05-2021 13:00:23.0008 PM
[ReportManager] Attempting Drag and Drop @04-05-2021 13:00:23.0009 PM
[ReportManager] Element Action [dragAndDrop] successfully performed. With the following test data [Start point: (32, 89), End point: (247, 89)]. @04-05-2021 13:00:24.0293 P
[ReportManager] Successfully created attachment [Selenium WebDriver Logs - server] @04-05-2021 13:00:24.0375 PM
[ReportManager] Successfully created attachment [Selenium WebDriver Logs - performance] @04-05-2021 13:00:24.0398 PM
[ReportManager] Successfully created attachment [Selenium WebDriver Logs - browser] @04-05-2021 13:00:24.0415 PM
[ReportManager] Successfully created attachment [Selenium WebDriver Logs - driver] @04-05-2021 13:00:24.0487 PM
[ReportManager] Browser Action [closeCurrentWindow] successfully performed. @04-05-2021 13:00:24.0545 PM
[ReportManager] Successfully created attachment [Browser Action Test Data - closeCurrentWindow - Actual Value] @04-05-2021 13:00:24.0545 P
[ReportManager] File Action [getAbsolutePath] successfully performed. With the following test data [Relative Folder Path: "target/downloadedFiles/"]. @04-05-2021 13:00:24.0548 PM
[ReportManager] Attempting to run remotely on: [Linux-64], [GoogleChrome], [http://localhost:4444/wd/hub], Headless Execution. @04-05-2021 13:00:24.0549 PM
[ReportManager] Successfully Opened [GoogleChrome]. @04-05-2021 13:00:24.0888 P

################################################################################################################################################
Starting Execution:	[8 out of 137] test cases in the current suite
Test Method:		[testPackage01.Test_dragAndDrop.dragAndDropByOffset]
Test Description:	[TC002 - Test Drag and Drop by offset function.]
################################################################################################################################################
[ReportManager] Target URL: [https://jqueryui.com/resources/demos/draggable/default.html] @04-05-2021 13:00:24.0915 PM
[ReportManager] Initial URL: [data:,] @04-05-2021 13:00:25.0002 PM
[ReportManager] Browser Action [navigateToURL] successfully performed. With the following test data [https://jqueryui.com/resources/demos/draggable/default.html]. @04-05-2021 13:00:25.0623 PM
[ReportManager] Element Action [dragAndDropByOffset] successfully performed. With the following test data [Start point: (8, 8), End point: (1008, 108)]. @04-05-2021 13:00:25.0864 P
[ReportManager] Successfully created attachment [Selenium WebDriver Logs - server] @04-05-2021 13:00:25.0927 PM
[ReportManager] Successfully created attachment [Selenium WebDriver Logs - performance] @04-05-2021 13:00:25.0943 PM
[ReportManager] Successfully created attachment [Selenium WebDriver Logs - driver] @04-05-2021 13:00:26.0015 PM
[ReportManager] Browser Action [closeCurrentWindow] successfully performed. @04-05-2021 13:00:26.0074 PM
[ReportManager] Successfully created attachment [Browser Action Test Data - closeCurrentWindow - Actual Value] @04-05-2021 13:00:26.0075 P
[ReportManager] File Action [getAbsolutePath] successfully performed. With the following test data [Relative Folder Path: "target/downloadedFiles/"]. @04-05-2021 13:00:26.0077 PM
[ReportManager] Attempting to run remotely on: [Linux-64], [GoogleChrome], [http://localhost:4444/wd/hub], Headless Execution. @04-05-2021 13:00:26.0077 PM
[ReportManager] Successfully Opened [GoogleChrome]. @04-05-2021 13:00:26.0350 P

################################################################################################################################################
Starting Execution:	[9 out of 137] test cases in the current suite
Test Method:		[testPackage01.Test_dragAndDrop.dragAndDropJquery]
################################################################################################################################################
[ReportManager] Target URL: [https://jqueryui.com/resources/demos/droppable/default.html] @04-05-2021 13:00:26.0382 PM
[ReportManager] Initial URL: [data:,] @04-05-2021 13:00:26.0436 PM
[ReportManager] Browser Action [navigateToURL] successfully performed. With the following test data [https://jqueryui.com/resources/demos/droppable/default.html]. @04-05-2021 13:00:26.0971 PM
[ReportManager] Element Action [getText] successfully performed. With the following test data [Drop here]. @04-05-2021 13:00:27.0070 PM
[ReportManager] Element Action [dragAndDrop] successfully performed. With the following test data [Start point: (8, 18), End point: (8, 18)]. @04-05-2021 13:00:28.0472 PM
[ReportManager] Element Action [getText] successfully performed. With the following test data [Dropped!]. @04-05-2021 13:00:28.0560 PM
[ReportManager] Checking to see if the text has changed after performing drag and drop... @04-05-2021 13:00:28.0561 PM
[ReportManager] AssertEquals PASSED; Expected [Drop here] and Actual [Dropped!]. Comparison Type [EQUALS]. Validation Type [NEGATIVE]. @04-05-2021 13:00:28.0561 P
[ReportManager] Successfully created attachment [Selenium WebDriver Logs - server] @04-05-2021 13:00:28.0654 PM
[ReportManager] Successfully created attachment [Selenium WebDriver Logs - performance] @04-05-2021 13:00:28.0673 PM
[ReportManager] Successfully created attachment [Selenium WebDriver Logs - driver] @04-05-2021 13:00:28.0756 PM
[ReportManager] Browser Action [closeCurrentWindow] successfully performed. @04-05-2021 13:00:28.0814 PM
[ReportManager] Successfully created attachment [Browser Action Test Data - closeCurrentWindow - Actual Value] @04-05-2021 13:00:28.0814 P

################################################################################################################################################
Starting Execution:	[10 out of 137] test cases in the current suite
Test Method:		[testPackage01.Test_SkipDueToIssue.doNotSkip]
################################################################################################################################################
[ReportManager] This should not be skipped. @04-05-2021 13:00:28.0831 P

################################################################################################################################################
Starting Execution:	[11 out of 137] test cases in the current suite
Test Method:		[testPackage01.Test_SkipDueToIssue.skip]
################################################################################################################################################
[ReportManager] This should be skipped. @04-05-2021 13:00:28.0839 P

################################################################################################################################################
Starting Execution:	[12 out of 137] test cases in the current suite
Test Method:		[testPackage01.Test_SkipDueToIssue.skip2]
################################################################################################################################################
[ReportManager] This should be skipped. @04-05-2021 13:00:28.0844 P

################################################################################################################################################
Starting Execution:	[13 out of 137] test cases in the current suite
Test Method:		[testPackage01.Test_chainableElementActions.chainElementActions]
################################################################################################################################################
[ReportManager] File Action [getAbsolutePath] successfully performed. With the following test data [Relative Folder Path: "target/downloadedFiles/"]. @04-05-2021 13:00:28.0869 PM
[ReportManager] Attempting to run remotely on: [Linux-64], [GoogleChrome], [http://localhost:4444/wd/hub], Headless Execution. @04-05-2021 13:00:28.0870 PM
[ReportManager] Successfully Opened [GoogleChrome]. @04-05-2021 13:00:29.0114 PM
[ReportManager] Target URL: [https://www.google.com/ncr], and after redirection: [https://www.google.com] @04-05-2021 13:00:29.0132 PM
[ReportManager] Initial URL: [data:,] @04-05-2021 13:00:29.0172 PM
[ReportManager] Browser Action [navigateToURL] successfully performed. With the following test data [https://www.google.com/ncr]. @04-05-2021 13:00:30.0040 PM
[ReportManager] Element Action [type] successfully performed. With the following test data [chained type 1]. @04-05-2021 13:00:30.0606 PM
[ReportManager] Element Action [type] successfully performed. With the following test data [chained type 2]. @04-05-2021 13:00:31.0156 PM
[ReportManager] Element Action [typeAppend] successfully performed. With the following test data [345]. @04-05-2021 13:00:31.0321 PM
[ReportManager] Element Action [getText] successfully performed. With the following test data [chained type 2345]. @04-05-2021 13:00:31.0443 PM
[ReportManager] Loaded Shared OpenCV @04-05-2021 13:00:31.0619 PM
[ReportManager] AssertElementAttribute PASSED; Expected [Value Should be 'chained type 2345' for the 'text' attribute, element locator 'By.name: q'] and Actual [chained type 2345]. Comparison Type [EQUALS]. Validation Type [POSITIVE]. @04-05-2021 13:00:31.0694 PM
[ReportManager] Successfully created attachment [Screenshot - 1620133231619_chainElementActions_AssertElementAttribute_passed] @04-05-2021 13:00:31.0695 PM
[ReportManager] Successfully created attachment [Selenium WebDriver Logs - server] @04-05-2021 13:00:31.0769 PM
[ReportManager] Successfully created attachment [Selenium WebDriver Logs - performance] @04-05-2021 13:00:31.0914 PM
[ReportManager] Successfully created attachment [Selenium WebDriver Logs - driver] @04-05-2021 13:00:32.0119 PM
[ReportManager] Browser Action [closeCurrentWindow] successfully performed. @04-05-2021 13:00:32.0179 PM
[ReportManager] Successfully created attachment [Browser Action Test Data - closeCurrentWindow - Actual Value] @04-05-2021 13:00:32.0180 P
[ReportManager] File Action [getAbsolutePath] successfully performed. With the following test data [Relative Folder Path: "target/downloadedFiles/"]. @04-05-2021 13:00:32.0213 PM
[ReportManager] Attempting to run remotely on: [Linux-64], [GoogleChrome], [http://localhost:4444/wd/hub], Headless Execution. @04-05-2021 13:00:32.0214 PM
[ReportManager] Successfully Opened [GoogleChrome]. @04-05-2021 13:00:32.0476 P

################################################################################################################################################
Starting Execution:	[14 out of 137] test cases in the current suite
Test Method:		[testPackage01.Test_clipboardActions.typeTextAndCopyPaste]
################################################################################################################################################
[ReportManager] Target URL: [https://www.google.com/ncr], and after redirection: [https://www.google.com] @04-05-2021 13:00:32.0494 PM
[ReportManager] Initial URL: [data:,] @04-05-2021 13:00:32.0546 PM
[ReportManager] Browser Action [navigateToURL] successfully performed. With the following test data [https://www.google.com/ncr]. @04-05-2021 13:00:33.0525 PM
[ReportManager] Element Action [type] successfully performed. With the following test data [FIRST]. @04-05-2021 13:00:34.0043 PM
[ReportManager] Element Action [clipboardActions] successfully performed. With the following test data [select all]. @04-05-2021 13:00:34.0153 PM
[ReportManager] Element Action [clipboardActions] successfully performed. With the following test data [copy]. @04-05-2021 13:00:34.0233 PM
[ReportManager] Element Action [clipboardActions] successfully performed. With the following test data [unselect]. @04-05-2021 13:00:34.0327 PM
[ReportManager] Element Action [clipboardActions] successfully performed. With the following test data [paste]. @04-05-2021 13:00:34.0427 PM
[ReportManager] Element Action [clipboardActions] successfully performed. With the following test data [select all]. @04-05-2021 13:00:34.0510 PM
[ReportManager] Element Action [clipboardActions] successfully performed. With the following test data [cut]. @04-05-2021 13:00:34.0621 PM
[ReportManager] Element Action [clipboardActions] successfully performed. With the following test data [paste]. @04-05-2021 13:00:34.0740 PM
[ReportManager] Element Action [clipboardActions] successfully performed. With the following test data [paste]. @04-05-2021 13:00:34.0833 P
[ReportManager] Successfully created attachment [Selenium WebDriver Logs - server] @04-05-2021 13:00:34.0931 PM
[ReportManager] Successfully created attachment [Selenium WebDriver Logs - performance] @04-05-2021 13:00:34.0998 PM
[ReportManager] Successfully created attachment [Selenium WebDriver Logs - driver] @04-05-2021 13:00:35.0224 PM
[ReportManager] Browser Action [closeCurrentWindow] successfully performed. @04-05-2021 13:00:35.0286 PM
[ReportManager] Successfully created attachment [Browser Action Test Data - closeCurrentWindow - Actual Value] @04-05-2021 13:00:35.0286 P
[ReportManager] File Action [getAbsolutePath] successfully performed. With the following test data [Relative Folder Path: "target/downloadedFiles/"]. @04-05-2021 13:00:35.0288 PM
[ReportManager] Attempting to run remotely on: [Linux-64], [GoogleChrome], [http://localhost:4444/wd/hub], Headless Execution. @04-05-2021 13:00:35.0288 PM
[ReportManager] Successfully Opened [GoogleChrome]. @04-05-2021 13:00:35.0535 P

################################################################################################################################################
Starting Execution:	[15 out of 137] test cases in the current suite
Test Method:		[testPackage01.Test_verifyEquals.test_assertElementAttribute]
################################################################################################################################################
[ReportManager] Target URL: [https://www.google.com/ncr], and after redirection: [https://www.google.com] @04-05-2021 13:00:35.0554 PM
[ReportManager] Initial URL: [data:,] @04-05-2021 13:00:35.0610 PM
[ReportManager] Browser Action [navigateToURL] successfully performed. With the following test data [https://www.google.com/ncr]. @04-05-2021 13:00:36.0526 PM
[ReportManager] Element Action [type] successfully performed. With the following test data [INC_004010050:Another SCHEDULER with the same name [Duplicate Job Name] already exists.]. @04-05-2021 13:00:38.0860 PM
[ReportManager] Element Action [getText] successfully performed. With the following test data [INC_004010050:Another SCHEDULER with the same name [Duplicate Job Name] already exists.]. @04-05-2021 13:00:38.0987 PM
[ReportManager] Loaded Shared OpenCV @04-05-2021 13:00:39.0184 PM
[ReportManager] VerifyElementAttribute PASSED; Expected [Value Should be 'INC_004010050:Another SCHEDULER with the same name \[Duplicate Job Name\] already exists.' for the 'text' attribute, element locator 'By.name: q'] and Actual [INC_004010050:Another SCHEDULER with the same name [Duplicate Job Name] already exists.]. Comparison Type [MATCHES]. Validation Type [POSITIVE]. @04-05-2021 13:00:39.0264 PM
[ReportManager] Successfully created attachment [Screenshot - 1620133239184_test_assertElementAttribute_VerifyElementAttribute_passed] @04-05-2021 13:00:39.0266 P
[ReportManager] Successfully created attachment [Selenium WebDriver Logs - server] @04-05-2021 13:00:39.0368 PM
[ReportManager] Successfully created attachment [Selenium WebDriver Logs - performance] @04-05-2021 13:00:39.0719 PM
[ReportManager] Successfully created attachment [Selenium WebDriver Logs - driver] @04-05-2021 13:00:40.0044 PM
[ReportManager] Browser Action [closeCurrentWindow] successfully performed. @04-05-2021 13:00:40.0103 PM
[ReportManager] Successfully created attachment [Browser Action Test Data - closeCurrentWindow - Actual Value] @04-05-2021 13:00:40.0105 P

################################################################################################################################################
Starting Execution:	[16 out of 137] test cases in the current suite
Test Method:		[testPackage01.Test_JSONFileManager.readStringFromJson]
################################################################################################################################################
[ReportManager] Successfully loaded the following test data file [src/test/resources/TestDataFiles/simpleJSON.json]. @04-05-2021 13:00:40.0114 PM
[ReportManager] Successfully created attachment [Test Data - JSON] @04-05-2021 13:00:40.0338 PM
[ReportManager] AssertEquals PASSED; Expected [Mohab Mohie] and Actual [Mohab Mohie]. Comparison Type [EQUALS]. Validation Type [POSITIVE]. @04-05-2021 13:00:42.0213 P
[ReportManager] File Action [getAbsolutePath] successfully performed. With the following test data [Relative Folder Path: "target/downloadedFiles/"]. @04-05-2021 13:00:42.0222 PM
[ReportManager] Attempting to run remotely on: [Linux-64], [GoogleChrome], [http://localhost:4444/wd/hub], Headless Execution. @04-05-2021 13:00:42.0223 PM
[ReportManager] Successfully Opened [GoogleChrome]. @04-05-2021 13:00:42.0647 P

################################################################################################################################################
Starting Execution:	[17 out of 137] test cases in the current suite
Test Method:		[testPackage01.Test_uploadFile.uploadFile_invisibleUploadInput]
################################################################################################################################################
[ReportManager] Target URL: [https://fineuploader.com/demos.html#gallery-view] @04-05-2021 13:00:42.0706 PM
[ReportManager] Initial URL: [data:,] @04-05-2021 13:00:42.0757 PM
[ReportManager] Browser Action [navigateToURL] successfully performed. With the following test data [https://fineuploader.com/demos.html#gallery-view]. @04-05-2021 13:00:44.0450 PM
[ReportManager] File Action [getAbsolutePath] successfully performed. With the following test data [Relative File Path: "src/main/resources/images/shaft.png"]. @04-05-2021 13:00:44.0451 PM
[ReportManager] Successfully created attachment [File Action Actual Result - Command Log] @04-05-2021 13:00:44.0452 PM
[ReportManager] Element Action [typeFileLocationForUpload] successfully performed. With the following test data [/home/runner/work/SHAFT_ENGINE/SHAFT_ENGINE/src/main/resources/images/shaft.png]. @04-05-2021 13:00:44.0648 PM
[ReportManager] Attempting to getAttribute [src] from elementLocator [By.xpath: //div[@id='fine-uploader-gallery']//div[@class='qq-thumbnail-wrapper']/img]. @04-05-2021 13:00:44.0649 PM
[ReportManager] Element Action [getAttribute] successfully performed. @04-05-2021 13:00:44.0782 PM
[ReportManager] Successfully created attachment [Element Action Test Data - getAttribute - Actual Value] @04-05-2021 13:00:44.0783 PM
[ReportManager] Loaded Shared OpenCV @04-05-2021 13:00:44.0926 PM
[ReportManager] AssertElementAttribute PASSED; Expected and Actual values are attached. Comparison Type [CONTAINS]. Validation Type [POSITIVE]. @04-05-2021 13:00:44.0996 PM
[ReportManager] Successfully created attachment [Validation Test Data - Expected Value] @04-05-2021 13:00:44.0997 PM
[ReportManager] Successfully created attachment [Validation Test Data - Actual Value] @04-05-2021 13:00:44.0997 PM
[ReportManager] Successfully created attachment [Screenshot - 1620133244926_uploadFile_invisibleUploadInput_AssertElementAttribute_passed] @04-05-2021 13:00:44.0998 P
[ReportManager] Successfully created attachment [Selenium WebDriver Logs - server] @04-05-2021 13:00:45.0097 PM
[ReportManager] Successfully created attachment [Selenium WebDriver Logs - performance] @04-05-2021 13:00:45.0187 PM
[ReportManager] Successfully created attachment [Selenium WebDriver Logs - browser] @04-05-2021 13:00:45.0198 PM
[ReportManager] Successfully created attachment [Selenium WebDriver Logs - driver] @04-05-2021 13:00:45.0346 PM
[ReportManager] Browser Action [closeCurrentWindow] successfully performed. @04-05-2021 13:00:45.0403 PM
[ReportManager] Successfully created attachment [Browser Action Test Data - closeCurrentWindow - Actual Value] @04-05-2021 13:00:45.0404 P
[ReportManager] File Action [getAbsolutePath] successfully performed. With the following test data [Relative Folder Path: "target/downloadedFiles/"]. @04-05-2021 13:00:45.0406 PM
[ReportManager] Attempting to run remotely on: [Linux-64], [GoogleChrome], [http://localhost:4444/wd/hub], Headless Execution. @04-05-2021 13:00:45.0406 PM
[ReportManager] Successfully Opened [GoogleChrome]. @04-05-2021 13:00:45.0651 P

################################################################################################################################################
Starting Execution:	[18 out of 137] test cases in the current suite
Test Method:		[testPackage01.Test_uploadFile.uploadFile_visibleUploadInput]
################################################################################################################################################
[ReportManager] Target URL: [http://demo.guru99.com/test/upload/] @04-05-2021 13:00:45.0667 PM
[ReportManager] Initial URL: [data:,] @04-05-2021 13:00:45.0725 PM
[ReportManager] Browser Action [navigateToURL] successfully performed. With the following test data [http://demo.guru99.com/test/upload/]. @04-05-2021 13:00:46.0741 PM
[ReportManager] File Action [getAbsolutePath] successfully performed. With the following test data [Relative File Path: "src/main/resources/images/shaft.png"]. @04-05-2021 13:00:46.0741 PM
[ReportManager] Successfully created attachment [File Action Actual Result - Command Log] @04-05-2021 13:00:46.0741 PM
[ReportManager] Element Action [typeFileLocationForUpload] successfully performed. With the following test data [/home/runner/work/SHAFT_ENGINE/SHAFT_ENGINE/src/main/resources/images/shaft.png]. @04-05-2021 13:00:46.0917 PM
[ReportManager] Element Action [click] successfully performed. With the following test data [on]. @04-05-2021 13:00:47.0227 PM
[ReportManager] Element Action [click] successfully performed. With the following test data [Submit File]. @04-05-2021 13:00:47.0533 PM
[ReportManager] Element Action [getText] successfully performed. With the following test data [1 file
has been successfully uploaded.]. @04-05-2021 13:00:48.0167 PM
[ReportManager] Loaded Shared OpenCV @04-05-2021 13:00:48.0325 PM
[ReportManager] AssertElementAttribute PASSED; Expected [Value Should be '1 file' for the 'Text' attribute, element locator 'By.id: res'] and Actual [1 file
has been successfully uploaded.]. Comparison Type [CONTAINS]. Validation Type [POSITIVE]. @04-05-2021 13:00:48.0405 PM
[ReportManager] Successfully created attachment [Screenshot - 1620133248325_uploadFile_visibleUploadInput_AssertElementAttribute_passed] @04-05-2021 13:00:48.0406 P
[ReportManager] Successfully created attachment [Selenium WebDriver Logs - server] @04-05-2021 13:00:48.0478 PM
[ReportManager] Successfully created attachment [Selenium WebDriver Logs - performance] @04-05-2021 13:00:48.0530 PM
[ReportManager] Successfully created attachment [Selenium WebDriver Logs - browser] @04-05-2021 13:00:48.0539 PM
[ReportManager] Successfully created attachment [Selenium WebDriver Logs - driver] @04-05-2021 13:00:48.0724 PM
[ReportManager] Browser Action [closeCurrentWindow] successfully performed. @04-05-2021 13:00:48.0783 PM
[ReportManager] Successfully created attachment [Browser Action Test Data - closeCurrentWindow - Actual Value] @04-05-2021 13:00:48.0784 P
[ReportManager] File Action [getAbsolutePath] successfully performed. With the following test data [Relative Folder Path: "target/downloadedFiles/"]. @04-05-2021 13:00:48.0795 PM
[ReportManager] Attempting to run remotely on: [Linux-64], [GoogleChrome], [http://localhost:4444/wd/hub], Headless Execution. @04-05-2021 13:00:48.0795 PM
[ReportManager] Successfully Opened [GoogleChrome]. @04-05-2021 13:00:49.0082 P

################################################################################################################################################
Starting Execution:	[19 out of 137] test cases in the current suite
Test Method:		[testPackage01.Test_ShadowDOM.shadowdom]
################################################################################################################################################
[ReportManager] Target URL: [https://mdn.github.io/web-components-examples/popup-info-box-web-component/] @04-05-2021 13:00:49.0104 PM
[ReportManager] Initial URL: [data:,] @04-05-2021 13:00:49.0149 PM
[ReportManager] Browser Action [navigateToURL] successfully performed. With the following test data [https://mdn.github.io/web-components-examples/popup-info-box-web-component/]. @04-05-2021 13:00:49.0524 PM
[ReportManager] Element Action [type] successfully performed. With the following test data [Typing into SHADOW DOM...]. @04-05-2021 13:00:50.0234 PM
[ReportManager] Element Action [getText] successfully performed. With the following test data [Typing into SHADOW DOM...]. @04-05-2021 13:00:50.0344 PM
[ReportManager] Loaded Shared OpenCV @04-05-2021 13:00:50.0476 PM
[ReportManager] AssertElementAttribute PASSED; Expected [Value Should be 'Typing into SHADOW DOM...' for the 'Text' attribute, element locator 'By.id: cvc'] and Actual [Typing into SHADOW DOM...]. Comparison Type [EQUALS]. Validation Type [POSITIVE]. @04-05-2021 13:00:50.0561 PM
[ReportManager] Successfully created attachment [Screenshot - 1620133250476_shadowdom_AssertElementAttribute_passed] @04-05-2021 13:00:50.0562 P
[ReportManager] Successfully created attachment [Selenium WebDriver Logs - server] @04-05-2021 13:00:50.0623 PM
[ReportManager] Successfully created attachment [Selenium WebDriver Logs - performance] @04-05-2021 13:00:50.0632 PM
[ReportManager] Successfully created attachment [Selenium WebDriver Logs - browser] @04-05-2021 13:00:50.0638 PM
[ReportManager] Successfully created attachment [Selenium WebDriver Logs - driver] @04-05-2021 13:00:50.0729 PM
[ReportManager] Browser Action [closeCurrentWindow] successfully performed. @04-05-2021 13:00:50.0786 PM
[ReportManager] Successfully created attachment [Browser Action Test Data - closeCurrentWindow - Actual Value] @04-05-2021 13:00:50.0786 P

################################################################################################################################################
Starting Execution:	[20 out of 137] test cases in the current suite
Test Method:		[testPackage01.Test_NewValidationHelper.f1]
################################################################################################################################################
[ReportManager] Checking valid user data... @04-05-2021 13:00:50.0793 PM
[ReportManager] AssertEquals PASSED; Expected and Actual values are attached. Comparison Type [EQUALS]. Validation Type [POSITIVE]. @04-05-2021 13:00:50.0793 PM
[ReportManager] Successfully created attachment [Validation Test Data - Expected Value] @04-05-2021 13:00:50.0793 PM
[ReportManager] Successfully created attachment [Validation Test Data - Actual Value] @04-05-2021 13:00:50.0794 P
[ReportManager] File Action [getAbsolutePath] successfully performed. With the following test data [Relative Folder Path: "target/downloadedFiles/"]. @04-05-2021 13:00:50.0805 PM
[ReportManager] Attempting to run remotely on: [Linux-64], [GoogleChrome], [http://localhost:4444/wd/hub], Headless Execution. @04-05-2021 13:00:50.0805 PM
[ReportManager] Successfully Opened [GoogleChrome]. @04-05-2021 13:00:51.0039 PM
[ReportManager] Target URL: [https://the-internet.herokuapp.com/] @04-05-2021 13:00:51.0055 PM
[ReportManager] Initial URL: [data:,] @04-05-2021 13:00:51.0098 PM
[ReportManager] Browser Action [navigateToURL] successfully performed. With the following test data [https://the-internet.herokuapp.com/]. @04-05-2021 13:00:52.0568 P

################################################################################################################################################
Starting Execution:	[21 out of 137] test cases in the current suite
Test Method:		[testPackage01.Test_NewValidationHelper.f10]
################################################################################################################################################
[ReportManager] AssertElementExists FAILED; Expected [Element Should Exist, locator 'By.tagName: div'] and Actual [Element Exists but is not unique]. Comparison Type [EQUALS]. Validation Type [POSITIVE]. @04-05-2021 13:00:52.0847 PM
[ReportManager] Successfully created attachment [Screenshot - 1620133252763_f10_AssertElementExists_failed] @04-05-2021 13:00:52.0847 P
[ReportManager] Successfully created attachment [Selenium WebDriver Logs - server] @04-05-2021 13:00:52.0861 PM
[ReportManager] Successfully created attachment [Selenium WebDriver Logs - performance] @04-05-2021 13:00:52.0881 PM
[ReportManager] Successfully created attachment [Selenium WebDriver Logs - browser] @04-05-2021 13:00:52.0889 PM
[ReportManager] Successfully created attachment [Selenium WebDriver Logs - driver] @04-05-2021 13:00:52.0954 PM
[ReportManager] Successfully Closed All Drivers. @04-05-2021 13:00:53.0033 P
[ReportManager] File Action [getAbsolutePath] successfully performed. With the following test data [Relative Folder Path: "target/downloadedFiles/"]. @04-05-2021 13:00:53.0035 PM
[ReportManager] Attempting to run remotely on: [Linux-64], [GoogleChrome], [http://localhost:4444/wd/hub], Headless Execution. @04-05-2021 13:00:53.0035 PM
[ReportManager] Successfully Opened [GoogleChrome]. @04-05-2021 13:00:53.0277 PM
[ReportManager] Target URL: [https://the-internet.herokuapp.com/] @04-05-2021 13:00:53.0286 PM
[ReportManager] Initial URL: [data:,] @04-05-2021 13:00:53.0357 PM
[ReportManager] Browser Action [navigateToURL] successfully performed. With the following test data [https://the-internet.herokuapp.com/]. @04-05-2021 13:00:54.0790 P

################################################################################################################################################
Starting Execution:	[22 out of 137] test cases in the current suite
Test Method:		[testPackage01.Test_NewValidationHelper.f11]
################################################################################################################################################
[ReportManager] Checking that false tag doesn't exist... @04-05-2021 13:00:54.0797 PM
[ReportManager] AssertElementExists PASSED; Expected [Element Should not Exist, locator 'By.tagName: h3'] and Actual [Element Doesn't Exists]. Comparison Type [EQUALS]. Validation Type [NEGATIVE]. @04-05-2021 13:01:05.0189 PM
[ReportManager] Successfully created attachment [Screenshot - 1620133265115_f11_AssertElementExists_passed] @04-05-2021 13:01:05.0189 P
[ReportManager] Successfully created attachment [Selenium WebDriver Logs - server] @04-05-2021 13:01:05.0204 PM
[ReportManager] Successfully created attachment [Selenium WebDriver Logs - performance] @04-05-2021 13:01:05.0225 PM
[ReportManager] Successfully created attachment [Selenium WebDriver Logs - browser] @04-05-2021 13:01:05.0233 PM
[ReportManager] Successfully created attachment [Selenium WebDriver Logs - driver] @04-05-2021 13:01:05.0299 PM
[ReportManager] Successfully Closed All Drivers. @04-05-2021 13:01:05.0375 P
[ReportManager] File Action [getAbsolutePath] successfully performed. With the following test data [Relative Folder Path: "target/downloadedFiles/"]. @04-05-2021 13:01:05.0377 PM
[ReportManager] Attempting to run remotely on: [Linux-64], [GoogleChrome], [http://localhost:4444/wd/hub], Headless Execution. @04-05-2021 13:01:05.0381 PM
[ReportManager] Successfully Opened [GoogleChrome]. @04-05-2021 13:01:05.0609 PM
[ReportManager] Target URL: [https://the-internet.herokuapp.com/] @04-05-2021 13:01:05.0619 PM
[ReportManager] Initial URL: [data:,] @04-05-2021 13:01:05.0659 PM
[ReportManager] Browser Action [navigateToURL] successfully performed. With the following test data [https://the-internet.herokuapp.com/]. @04-05-2021 13:01:07.0052 P

################################################################################################################################################
Starting Execution:	[23 out of 137] test cases in the current suite
Test Method:		[testPackage01.Test_NewValidationHelper.f12]
################################################################################################################################################
[ReportManager] Loaded Shared OpenCV @04-05-2021 13:01:07.0286 PM
[ReportManager] AssertElementExists FAILED; Expected [Element Should not Exist, locator 'By.tagName: h1'] and Actual [Element Exists]. Comparison Type [EQUALS]. Validation Type [NEGATIVE]. @04-05-2021 13:01:07.0367 PM
[ReportManager] Successfully created attachment [Screenshot - 1620133267286_f12_AssertElementExists_failed] @04-05-2021 13:01:07.0368 P
[ReportManager] Successfully created attachment [Selenium WebDriver Logs - server] @04-05-2021 13:01:07.0382 PM
[ReportManager] Successfully created attachment [Selenium WebDriver Logs - performance] @04-05-2021 13:01:07.0407 PM
[ReportManager] Successfully created attachment [Selenium WebDriver Logs - browser] @04-05-2021 13:01:07.0413 PM
[ReportManager] Successfully created attachment [Selenium WebDriver Logs - driver] @04-05-2021 13:01:07.0470 PM
[ReportManager] Successfully Closed All Drivers. @04-05-2021 13:01:07.0546 P
[ReportManager] File Action [getAbsolutePath] successfully performed. With the following test data [Relative Folder Path: "target/downloadedFiles/"]. @04-05-2021 13:01:07.0549 PM
[ReportManager] Attempting to run remotely on: [Linux-64], [GoogleChrome], [http://localhost:4444/wd/hub], Headless Execution. @04-05-2021 13:01:07.0549 PM
[ReportManager] Successfully Opened [GoogleChrome]. @04-05-2021 13:01:07.0785 PM
[ReportManager] Target URL: [https://the-internet.herokuapp.com/] @04-05-2021 13:01:07.0801 PM
[ReportManager] Initial URL: [data:,] @04-05-2021 13:01:07.0849 PM
[ReportManager] Browser Action [navigateToURL] successfully performed. With the following test data [https://the-internet.herokuapp.com/]. @04-05-2021 13:01:09.0273 P

################################################################################################################################################
Starting Execution:	[24 out of 137] test cases in the current suite
Test Method:		[testPackage01.Test_NewValidationHelper.f13]
################################################################################################################################################
[ReportManager] AssertElementExists FAILED; Expected [Element Should not Exist, locator 'By.tagName: div'] and Actual [Element Exists but is not unique]. Comparison Type [EQUALS]. Validation Type [NEGATIVE]. @04-05-2021 13:01:09.0556 PM
[ReportManager] Successfully created attachment [Screenshot - 1620133269485_f13_AssertElementExists_failed] @04-05-2021 13:01:09.0557 P
[ReportManager] Successfully created attachment [Selenium WebDriver Logs - server] @04-05-2021 13:01:09.0571 PM
[ReportManager] Successfully created attachment [Selenium WebDriver Logs - performance] @04-05-2021 13:01:09.0600 PM
[ReportManager] Successfully created attachment [Selenium WebDriver Logs - browser] @04-05-2021 13:01:09.0607 PM
[ReportManager] Successfully created attachment [Selenium WebDriver Logs - driver] @04-05-2021 13:01:09.0671 PM
[ReportManager] Successfully Closed All Drivers. @04-05-2021 13:01:09.0754 P
[ReportManager] File Action [getAbsolutePath] successfully performed. With the following test data [Relative Folder Path: "target/downloadedFiles/"]. @04-05-2021 13:01:09.0760 PM
[ReportManager] Attempting to run remotely on: [Linux-64], [GoogleChrome], [http://localhost:4444/wd/hub], Headless Execution. @04-05-2021 13:01:09.0760 PM
[ReportManager] Successfully Opened [GoogleChrome]. @04-05-2021 13:01:09.0971 PM
[ReportManager] Target URL: [https://the-internet.herokuapp.com/] @04-05-2021 13:01:09.0983 PM
[ReportManager] Initial URL: [data:,] @04-05-2021 13:01:10.0026 PM
[ReportManager] Browser Action [navigateToURL] successfully performed. With the following test data [https://the-internet.herokuapp.com/]. @04-05-2021 13:01:11.0482 P

################################################################################################################################################
Starting Execution:	[25 out of 137] test cases in the current suite
Test Method:		[testPackage01.Test_NewValidationHelper.f14]
################################################################################################################################################
[ReportManager] Asserting that the header text is correct... @04-05-2021 13:01:11.0484 PM
[ReportManager] Element Action [getText] successfully performed. With the following test data [Welcome to the-internet]. @04-05-2021 13:01:11.0575 PM
[ReportManager] Loaded Shared OpenCV @04-05-2021 13:01:11.0732 PM
[ReportManager] AssertElementAttribute PASSED; Expected [Value Should be 'Welcome to the-internet' for the 'text' attribute, element locator 'By.tagName: h1'] and Actual [Welcome to the-internet]. Comparison Type [EQUALS]. Validation Type [POSITIVE]. @04-05-2021 13:01:11.0802 PM
[ReportManager] Successfully created attachment [Screenshot - 1620133271732_f14_AssertElementAttribute_passed] @04-05-2021 13:01:11.0803 P
[ReportManager] Successfully created attachment [Selenium WebDriver Logs - server] @04-05-2021 13:01:11.0817 PM
[ReportManager] Successfully created attachment [Selenium WebDriver Logs - performance] @04-05-2021 13:01:11.0835 PM
[ReportManager] Successfully created attachment [Selenium WebDriver Logs - browser] @04-05-2021 13:01:11.0841 PM
[ReportManager] Successfully created attachment [Selenium WebDriver Logs - driver] @04-05-2021 13:01:11.0897 PM
[ReportManager] Successfully Closed All Drivers. @04-05-2021 13:01:11.0977 P
[ReportManager] File Action [getAbsolutePath] successfully performed. With the following test data [Relative Folder Path: "target/downloadedFiles/"]. @04-05-2021 13:01:11.0980 PM
[ReportManager] Attempting to run remotely on: [Linux-64], [GoogleChrome], [http://localhost:4444/wd/hub], Headless Execution. @04-05-2021 13:01:11.0980 PM
[ReportManager] Successfully Opened [GoogleChrome]. @04-05-2021 13:01:12.0188 PM
[ReportManager] Target URL: [https://the-internet.herokuapp.com/] @04-05-2021 13:01:12.0201 PM
[ReportManager] Initial URL: [data:,] @04-05-2021 13:01:12.0245 PM
[ReportManager] Browser Action [navigateToURL] successfully performed. With the following test data [https://the-internet.herokuapp.com/]. @04-05-2021 13:01:13.0678 P

################################################################################################################################################
Starting Execution:	[26 out of 137] test cases in the current suite
Test Method:		[testPackage01.Test_NewValidationHelper.f15]
################################################################################################################################################
[ReportManager] Element Action [getText] successfully performed. With the following test data [Welcome to the-internet]. @04-05-2021 13:01:13.0768 PM
[ReportManager] Loaded Shared OpenCV @04-05-2021 13:01:13.0942 PM
[ReportManager] AssertElementAttribute FAILED; Expected [Value Should not be 'Welcome' for the 'text' attribute, element locator 'By.tagName: h1'] and Actual [Welcome to the-internet]. Comparison Type [CONTAINS]. Validation Type [NEGATIVE]. @04-05-2021 13:01:14.0019 PM
[ReportManager] Successfully created attachment [Screenshot - 1620133273942_f15_AssertElementAttribute_failed] @04-05-2021 13:01:14.0021 P
[ReportManager] Successfully created attachment [Selenium WebDriver Logs - server] @04-05-2021 13:01:14.0032 PM
[ReportManager] Successfully created attachment [Selenium WebDriver Logs - performance] @04-05-2021 13:01:14.0051 PM
[ReportManager] Successfully created attachment [Selenium WebDriver Logs - browser] @04-05-2021 13:01:14.0059 PM
[ReportManager] Successfully created attachment [Selenium WebDriver Logs - driver] @04-05-2021 13:01:14.0110 PM
[ReportManager] Successfully Closed All Drivers. @04-05-2021 13:01:14.0184 P
[ReportManager] File Action [getAbsolutePath] successfully performed. With the following test data [Relative Folder Path: "target/downloadedFiles/"]. @04-05-2021 13:01:14.0186 PM
[ReportManager] Attempting to run remotely on: [Linux-64], [GoogleChrome], [http://localhost:4444/wd/hub], Headless Execution. @04-05-2021 13:01:14.0186 PM
[ReportManager] Successfully Opened [GoogleChrome]. @04-05-2021 13:01:14.0403 PM
[ReportManager] Target URL: [https://the-internet.herokuapp.com/] @04-05-2021 13:01:14.0413 PM
[ReportManager] Initial URL: [data:,] @04-05-2021 13:01:14.0451 PM
[ReportManager] Browser Action [navigateToURL] successfully performed. With the following test data [https://the-internet.herokuapp.com/]. @04-05-2021 13:01:15.0902 P

################################################################################################################################################
Starting Execution:	[27 out of 137] test cases in the current suite
Test Method:		[testPackage01.Test_NewValidationHelper.f16]
################################################################################################################################################
[ReportManager] Element Action [identifyUniqueElement] failed. With the following test data [zero elements found matching this locator "By.tagName: h3".]. @04-05-2021 13:01:41.0422 PM
[ReportManager] Successfully created attachment [Screenshot - 1620133301359_f16_identifyUniqueElement_failed] @04-05-2021 13:01:41.0423 PM
[ReportManager] AssertElementAttribute FAILED; Expected [Value Should not be 'Welcome' for the 'text' attribute, element locator 'By.tagName: h3'] and Actual [Failed to read the desired element attribute]. Comparison Type [CONTAINS]. Validation Type [NEGATIVE]. @04-05-2021 13:01:41.0424 P
[ReportManager] Successfully created attachment [Selenium WebDriver Logs - server] @04-05-2021 13:01:41.0437 PM
[ReportManager] Successfully created attachment [Selenium WebDriver Logs - performance] @04-05-2021 13:01:41.0459 PM
[ReportManager] Successfully created attachment [Selenium WebDriver Logs - browser] @04-05-2021 13:01:41.0468 PM
[ReportManager] Successfully created attachment [Selenium WebDriver Logs - driver] @04-05-2021 13:01:41.0557 PM
[ReportManager] Successfully Closed All Drivers. @04-05-2021 13:01:41.0636 P
[ReportManager] File Action [getAbsolutePath] successfully performed. With the following test data [Relative Folder Path: "target/downloadedFiles/"]. @04-05-2021 13:01:41.0646 PM
[ReportManager] Attempting to run remotely on: [Linux-64], [GoogleChrome], [http://localhost:4444/wd/hub], Headless Execution. @04-05-2021 13:01:41.0646 PM
[ReportManager] Successfully Opened [GoogleChrome]. @04-05-2021 13:01:41.0871 PM
[ReportManager] Target URL: [https://the-internet.herokuapp.com/] @04-05-2021 13:01:41.0881 PM
[ReportManager] Initial URL: [data:,] @04-05-2021 13:01:41.0920 PM
[ReportManager] Browser Action [navigateToURL] successfully performed. With the following test data [https://the-internet.herokuapp.com/]. @04-05-2021 13:01:43.0348 P

################################################################################################################################################
Starting Execution:	[28 out of 137] test cases in the current suite
Test Method:		[testPackage01.Test_NewValidationHelper.f17]
################################################################################################################################################
[ReportManager] Attempting to getAttribute [text2] from elementLocator [By.tagName: h1]. @04-05-2021 13:01:43.0355 PM
[ReportManager] Element Action [getAttribute] successfully performed. @04-05-2021 13:01:43.0432 PM
[ReportManager] Loaded Shared OpenCV @04-05-2021 13:01:43.0579 PM
[ReportManager] AssertElementAttribute PASSED; Expected [Value Should not be 'Welcome' for the 'text2' attribute, element locator 'By.tagName: h1'] and Actual [null]. Comparison Type [CONTAINS]. Validation Type [NEGATIVE]. @04-05-2021 13:01:43.0649 PM
[ReportManager] Successfully created attachment [Screenshot - 1620133303579_f17_AssertElementAttribute_passed] @04-05-2021 13:01:43.0650 P
[ReportManager] Successfully created attachment [Selenium WebDriver Logs - server] @04-05-2021 13:01:43.0664 PM
[ReportManager] Successfully created attachment [Selenium WebDriver Logs - performance] @04-05-2021 13:01:43.0688 PM
[ReportManager] Successfully created attachment [Selenium WebDriver Logs - browser] @04-05-2021 13:01:43.0693 PM
[ReportManager] Successfully created attachment [Selenium WebDriver Logs - driver] @04-05-2021 13:01:43.0760 PM
[ReportManager] Successfully Closed All Drivers. @04-05-2021 13:01:43.0838 P
[ReportManager] File Action [getAbsolutePath] successfully performed. With the following test data [Relative Folder Path: "target/downloadedFiles/"]. @04-05-2021 13:01:43.0852 PM
[ReportManager] Attempting to run remotely on: [Linux-64], [GoogleChrome], [http://localhost:4444/wd/hub], Headless Execution. @04-05-2021 13:01:43.0852 PM
[ReportManager] Successfully Opened [GoogleChrome]. @04-05-2021 13:01:44.0166 PM
[ReportManager] Target URL: [https://the-internet.herokuapp.com/] @04-05-2021 13:01:44.0187 PM
[ReportManager] Initial URL: [data:,] @04-05-2021 13:01:44.0239 PM
[ReportManager] Browser Action [navigateToURL] successfully performed. With the following test data [https://the-internet.herokuapp.com/]. @04-05-2021 13:01:45.0729 P

################################################################################################################################################
Starting Execution:	[29 out of 137] test cases in the current suite
Test Method:		[testPackage01.Test_NewValidationHelper.f18]
################################################################################################################################################
[ReportManager] Element Action [getText] successfully performed. With the following test data [Welcome to the-internet]. @04-05-2021 13:01:45.0822 PM
[ReportManager] Loaded Shared OpenCV @04-05-2021 13:01:45.0991 PM
[ReportManager] AssertElementAttribute PASSED; Expected [Value Should not be 'no' for the 'text' attribute, element locator 'By.tagName: h1'] and Actual [Welcome to the-internet]. Comparison Type [CONTAINS]. Validation Type [NEGATIVE]. @04-05-2021 13:01:46.0061 PM
[ReportManager] Successfully created attachment [Screenshot - 1620133305991_f18_AssertElementAttribute_passed] @04-05-2021 13:01:46.0062 P
[ReportManager] Successfully created attachment [Selenium WebDriver Logs - server] @04-05-2021 13:01:46.0075 PM
[ReportManager] Successfully created attachment [Selenium WebDriver Logs - performance] @04-05-2021 13:01:46.0103 PM
[ReportManager] Successfully created attachment [Selenium WebDriver Logs - browser] @04-05-2021 13:01:46.0119 PM
[ReportManager] Successfully created attachment [Selenium WebDriver Logs - driver] @04-05-2021 13:01:46.0195 PM
[ReportManager] Successfully Closed All Drivers. @04-05-2021 13:01:46.0268 P
[ReportManager] File Action [getAbsolutePath] successfully performed. With the following test data [Relative Folder Path: "target/downloadedFiles/"]. @04-05-2021 13:01:46.0273 PM
[ReportManager] Attempting to run remotely on: [Linux-64], [GoogleChrome], [http://localhost:4444/wd/hub], Headless Execution. @04-05-2021 13:01:46.0273 PM
[ReportManager] Successfully Opened [GoogleChrome]. @04-05-2021 13:01:46.0481 PM
[ReportManager] Target URL: [https://the-internet.herokuapp.com/] @04-05-2021 13:01:46.0490 PM
[ReportManager] Initial URL: [data:,] @04-05-2021 13:01:46.0527 PM
[ReportManager] Browser Action [navigateToURL] successfully performed. With the following test data [https://the-internet.herokuapp.com/]. @04-05-2021 13:01:47.0989 P

################################################################################################################################################
Starting Execution:	[30 out of 137] test cases in the current suite
Test Method:		[testPackage01.Test_NewValidationHelper.f19]
################################################################################################################################################
[ReportManager] Element Action [getTagName] successfully performed. With the following test data [h1]. @04-05-2021 13:01:48.0076 PM
[ReportManager] Loaded Shared OpenCV @04-05-2021 13:01:48.0228 PM
[ReportManager] AssertElementAttribute PASSED; Expected [Value Should be 'h' for the 'tagname' attribute, element locator 'By.tagName: h1'] and Actual [h1]. Comparison Type [CONTAINS]. Validation Type [POSITIVE]. @04-05-2021 13:01:48.0307 PM
[ReportManager] Successfully created attachment [Screenshot - 1620133308228_f19_AssertElementAttribute_passed] @04-05-2021 13:01:48.0308 P
[ReportManager] Successfully created attachment [Selenium WebDriver Logs - server] @04-05-2021 13:01:48.0326 PM
[ReportManager] Successfully created attachment [Selenium WebDriver Logs - performance] @04-05-2021 13:01:48.0348 PM
[ReportManager] Successfully created attachment [Selenium WebDriver Logs - browser] @04-05-2021 13:01:48.0354 PM
[ReportManager] Successfully created attachment [Selenium WebDriver Logs - driver] @04-05-2021 13:01:48.0414 PM
[ReportManager] Successfully Closed All Drivers. @04-05-2021 13:01:48.0490 P

################################################################################################################################################
Starting Execution:	[31 out of 137] test cases in the current suite
Test Method:		[testPackage01.Test_NewValidationHelper.f2]
################################################################################################################################################
[ReportManager] Checking valid user data... @04-05-2021 13:01:48.0499 PM
[ReportManager] AssertEquals FAILED; Expected [1] and Actual [2]. Comparison Type [EQUALS]. Validation Type [POSITIVE]. @04-05-2021 13:01:48.0499 P
[ReportManager] File Action [getAbsolutePath] successfully performed. With the following test data [Relative Folder Path: "target/downloadedFiles/"]. @04-05-2021 13:01:48.0503 PM
[ReportManager] Attempting to run remotely on: [Linux-64], [GoogleChrome], [http://localhost:4444/wd/hub], Headless Execution. @04-05-2021 13:01:48.0503 PM
[ReportManager] Successfully Opened [GoogleChrome]. @04-05-2021 13:01:48.0685 PM
[ReportManager] Target URL: [https://the-internet.herokuapp.com/] @04-05-2021 13:01:48.0695 PM
[ReportManager] Initial URL: [data:,] @04-05-2021 13:01:48.0739 PM
[ReportManager] Browser Action [navigateToURL] successfully performed. With the following test data [https://the-internet.herokuapp.com/]. @04-05-2021 13:01:50.0097 P

################################################################################################################################################
Starting Execution:	[32 out of 137] test cases in the current suite
Test Method:		[testPackage01.Test_NewValidationHelper.f20]
################################################################################################################################################
[ReportManager] Element Action [getSize] successfully performed. With the following test data [(755, 61)]. @04-05-2021 13:01:50.0179 PM
[ReportManager] Loaded Shared OpenCV @04-05-2021 13:01:50.0345 PM
[ReportManager] AssertElementAttribute PASSED; Expected [Value Should not be 'a' for the 'size' attribute, element locator 'By.tagName: h1'] and Actual [(755, 61)]. Comparison Type [CONTAINS]. Validation Type [NEGATIVE]. @04-05-2021 13:01:50.0468 PM
[ReportManager] Successfully created attachment [Screenshot - 1620133310345_f20_AssertElementAttribute_passed] @04-05-2021 13:01:50.0469 P
[ReportManager] Successfully created attachment [Selenium WebDriver Logs - server] @04-05-2021 13:01:50.0513 PM
[ReportManager] Successfully created attachment [Selenium WebDriver Logs - performance] @04-05-2021 13:01:50.0551 PM
[ReportManager] Successfully created attachment [Selenium WebDriver Logs - browser] @04-05-2021 13:01:50.0558 PM
[ReportManager] Successfully created attachment [Selenium WebDriver Logs - driver] @04-05-2021 13:01:50.0657 PM
[ReportManager] Successfully Closed All Drivers. @04-05-2021 13:01:50.0784 P
[ReportManager] File Action [getAbsolutePath] successfully performed. With the following test data [Relative Folder Path: "target/downloadedFiles/"]. @04-05-2021 13:01:50.0785 PM
[ReportManager] Attempting to run remotely on: [Linux-64], [GoogleChrome], [http://localhost:4444/wd/hub], Headless Execution. @04-05-2021 13:01:50.0786 PM
[ReportManager] Successfully Opened [GoogleChrome]. @04-05-2021 13:01:51.0020 PM
[ReportManager] Target URL: [https://the-internet.herokuapp.com/] @04-05-2021 13:01:51.0030 PM
[ReportManager] Initial URL: [data:,] @04-05-2021 13:01:51.0070 PM
[ReportManager] Browser Action [navigateToURL] successfully performed. With the following test data [https://the-internet.herokuapp.com/]. @04-05-2021 13:01:52.0504 P

################################################################################################################################################
Starting Execution:	[33 out of 137] test cases in the current suite
Test Method:		[testPackage01.Test_NewValidationHelper.f21]
################################################################################################################################################
[ReportManager] Element Action [identifyUniqueElement] failed. With the following test data [zero elements found matching this locator "By.tagName: h3".]. @04-05-2021 13:02:18.0029 PM
[ReportManager] Successfully created attachment [Screenshot - 1620133337973_f21_identifyUniqueElement_failed] @04-05-2021 13:02:18.0030 PM
[ReportManager] AssertElementAttribute FAILED; Expected [Value Should be 'Welcome' for the 'text' attribute, element locator 'By.tagName: h3'] and Actual [Failed to read the desired element attribute]. Comparison Type [CONTAINS]. Validation Type [POSITIVE]. @04-05-2021 13:02:18.0030 P
[ReportManager] Successfully created attachment [Selenium WebDriver Logs - server] @04-05-2021 13:02:18.0043 PM
[ReportManager] Successfully created attachment [Selenium WebDriver Logs - performance] @04-05-2021 13:02:18.0071 PM
[ReportManager] Successfully created attachment [Selenium WebDriver Logs - browser] @04-05-2021 13:02:18.0078 PM
[ReportManager] Successfully created attachment [Selenium WebDriver Logs - driver] @04-05-2021 13:02:18.0145 PM
[ReportManager] Successfully Closed All Drivers. @04-05-2021 13:02:18.0220 P
[ReportManager] File Action [getAbsolutePath] successfully performed. With the following test data [Relative Folder Path: "target/downloadedFiles/"]. @04-05-2021 13:02:18.0222 PM
[ReportManager] Attempting to run remotely on: [Linux-64], [GoogleChrome], [http://localhost:4444/wd/hub], Headless Execution. @04-05-2021 13:02:18.0222 PM
[ReportManager] Successfully Opened [GoogleChrome]. @04-05-2021 13:02:18.0438 PM
[ReportManager] Target URL: [https://the-internet.herokuapp.com/] @04-05-2021 13:02:18.0450 PM
[ReportManager] Initial URL: [data:,] @04-05-2021 13:02:18.0491 PM
[ReportManager] Browser Action [navigateToURL] successfully performed. With the following test data [https://the-internet.herokuapp.com/]. @04-05-2021 13:02:19.0900 P

################################################################################################################################################
Starting Execution:	[34 out of 137] test cases in the current suite
Test Method:		[testPackage01.Test_NewValidationHelper.f22]
################################################################################################################################################
[ReportManager] Element Action [getText] successfully performed. With the following test data [Welcome to the-internet]. @04-05-2021 13:02:19.0986 PM
[ReportManager] Loaded Shared OpenCV @04-05-2021 13:02:20.0129 PM
[ReportManager] AssertElementAttribute FAILED; Expected [Value Should be 'yyy' for the 'text' attribute, element locator 'By.tagName: h1'] and Actual [Welcome to the-internet]. Comparison Type [CONTAINS]. Validation Type [POSITIVE]. @04-05-2021 13:02:20.0200 PM
[ReportManager] Successfully created attachment [Screenshot - 1620133340129_f22_AssertElementAttribute_failed] @04-05-2021 13:02:20.0201 P
[ReportManager] Successfully created attachment [Selenium WebDriver Logs - server] @04-05-2021 13:02:20.0216 PM
[ReportManager] Successfully created attachment [Selenium WebDriver Logs - performance] @04-05-2021 13:02:20.0238 PM
[ReportManager] Successfully created attachment [Selenium WebDriver Logs - browser] @04-05-2021 13:02:20.0244 PM
[ReportManager] Successfully created attachment [Selenium WebDriver Logs - driver] @04-05-2021 13:02:20.0298 PM
[ReportManager] Successfully Closed All Drivers. @04-05-2021 13:02:20.0372 P

################################################################################################################################################
Starting Execution:	[35 out of 137] test cases in the current suite
Test Method:		[testPackage01.Test_NewValidationHelper.f23]
################################################################################################################################################
[ReportManager] confirming that the actual is greater than or equal to the expected... @04-05-2021 13:02:20.0377 PM
[ReportManager] AssertComparativeRelation PASSED; Expected [1] and Actual [1]. Comparison Type [GREATER_THAN_OR_EQUALS]. Validation Type [POSITIVE]. @04-05-2021 13:02:20.0380 P

################################################################################################################################################
Starting Execution:	[36 out of 137] test cases in the current suite
Test Method:		[testPackage01.Test_NewValidationHelper.f24]
################################################################################################################################################
[ReportManager] AssertComparativeRelation PASSED; Expected [1] and Actual [10]. Comparison Type [GREATER_THAN_OR_EQUALS]. Validation Type [POSITIVE]. @04-05-2021 13:02:20.0387 P

################################################################################################################################################
Starting Execution:	[37 out of 137] test cases in the current suite
Test Method:		[testPackage01.Test_NewValidationHelper.f25]
################################################################################################################################################
[ReportManager] AssertComparativeRelation PASSED; Expected [1] and Actual [1]. Comparison Type [EQUALS]. Validation Type [POSITIVE]. @04-05-2021 13:02:20.0390 P

################################################################################################################################################
Starting Execution:	[38 out of 137] test cases in the current suite
Test Method:		[testPackage01.Test_NewValidationHelper.f26]
################################################################################################################################################
[ReportManager] AssertComparativeRelation PASSED; Expected [1] and Actual [5]. Comparison Type [GREATER_THAN]. Validation Type [POSITIVE]. @04-05-2021 13:02:20.0393 P

################################################################################################################################################
Starting Execution:	[39 out of 137] test cases in the current suite
Test Method:		[testPackage01.Test_NewValidationHelper.f27]
################################################################################################################################################
[ReportManager] AssertComparativeRelation PASSED; Expected [11] and Actual [5]. Comparison Type [LESS_THAN]. Validation Type [POSITIVE]. @04-05-2021 13:02:20.0395 P

################################################################################################################################################
Starting Execution:	[40 out of 137] test cases in the current suite
Test Method:		[testPackage01.Test_NewValidationHelper.f28]
################################################################################################################################################
[ReportManager] AssertComparativeRelation PASSED; Expected [11] and Actual [5]. Comparison Type [LESS_THAN_OR_EQUALS]. Validation Type [POSITIVE]. @04-05-2021 13:02:20.0398 P

################################################################################################################################################
Starting Execution:	[41 out of 137] test cases in the current suite
Test Method:		[testPackage01.Test_NewValidationHelper.f29]
################################################################################################################################################
[ReportManager] AssertComparativeRelation PASSED; Expected [11] and Actual [11]. Comparison Type [LESS_THAN_OR_EQUALS]. Validation Type [POSITIVE]. @04-05-2021 13:02:20.0401 P

################################################################################################################################################
Starting Execution:	[42 out of 137] test cases in the current suite
Test Method:		[testPackage01.Test_NewValidationHelper.f3]
################################################################################################################################################
[ReportManager] AssertEquals PASSED; Expected [1] and Actual [2]. Comparison Type [EQUALS]. Validation Type [NEGATIVE]. @04-05-2021 13:02:20.0404 P

################################################################################################################################################
Starting Execution:	[43 out of 137] test cases in the current suite
Test Method:		[testPackage01.Test_NewValidationHelper.f30]
################################################################################################################################################
[ReportManager] AssertComparativeRelation FAILED; Expected [-9] and Actual [11]. Comparison Type [LESS_THAN_OR_EQUALS]. Validation Type [POSITIVE]. @04-05-2021 13:02:20.0408 P

################################################################################################################################################
Starting Execution:	[44 out of 137] test cases in the current suite
Test Method:		[testPackage01.Test_NewValidationHelper.f31]
################################################################################################################################################
[ReportManager] AssertTrue PASSED; Expected [TRUE] and Actual [TRUE]. Validation Type [POSITIVE]. @04-05-2021 13:02:20.0411 P

################################################################################################################################################
Starting Execution:	[45 out of 137] test cases in the current suite
Test Method:		[testPackage01.Test_NewValidationHelper.f32]
################################################################################################################################################
[ReportManager] AssertTrue PASSED; Expected [FALSE] and Actual [FALSE]. Validation Type [NEGATIVE]. @04-05-2021 13:02:20.0416 P

################################################################################################################################################
Starting Execution:	[46 out of 137] test cases in the current suite
Test Method:		[testPackage01.Test_NewValidationHelper.f33]
################################################################################################################################################
[ReportManager] AssertTrue FAILED; Expected [FALSE] and Actual [TRUE]. Validation Type [NEGATIVE]. @04-05-2021 13:02:20.0419 P

################################################################################################################################################
Starting Execution:	[47 out of 137] test cases in the current suite
Test Method:		[testPackage01.Test_NewValidationHelper.f34]
################################################################################################################################################
[ReportManager] AssertTrue FAILED; Expected [TRUE] and Actual [FALSE]. Validation Type [POSITIVE]. @04-05-2021 13:02:20.0422 P

################################################################################################################################################
Starting Execution:	[48 out of 137] test cases in the current suite
Test Method:		[testPackage01.Test_NewValidationHelper.f35]
################################################################################################################################################
[ReportManager] File Action [doesFileExist] successfully performed. With the following test data [File Path: "pom.xml"]. @04-05-2021 13:02:20.0427 PM
[ReportManager] AssertFileExists PASSED; Expected [File 'pom.xml' should exist, after up to '1' retries] and Actual [File exists]. Validation Type [POSITIVE]. @04-05-2021 13:02:20.0436 P

################################################################################################################################################
Starting Execution:	[49 out of 137] test cases in the current suite
Test Method:		[testPackage01.Test_NewValidationHelper.f36]
################################################################################################################################################
[ReportManager] File Action [doesFileExist] successfully performed. With the following test data [File Path: "src/test/java/testPackage01/Test_NewValidationHelper.java"]. @04-05-2021 13:02:20.0439 PM
[ReportManager] AssertFileExists PASSED; Expected [File 'src/test/java/testPackage01/Test_NewValidationHelper.java' should exist, after up to '1' retries] and Actual [File exists]. Validation Type [POSITIVE]. @04-05-2021 13:02:20.0439 P

################################################################################################################################################
Starting Execution:	[50 out of 137] test cases in the current suite
Test Method:		[testPackage01.Test_NewValidationHelper.f37]
################################################################################################################################################
[ReportManager] confirming that the file does't exist after 5 retries... @04-05-2021 13:02:20.0443 PM
[ReportManager] File Action [doesFileExist] successfully performed. With the following test data [File Path: "pom.xml"]. @04-05-2021 13:02:20.0443 PM
[ReportManager] AssertFileExists FAILED; Expected [File 'pom.xml' should not exist, after up to '5' retries] and Actual [File exists]. Validation Type [NEGATIVE]. @04-05-2021 13:02:20.0443 P

################################################################################################################################################
Starting Execution:	[51 out of 137] test cases in the current suite
Test Method:		[testPackage01.Test_NewValidationHelper.f3_1]
################################################################################################################################################
[ReportManager] Checking valid user data... @04-05-2021 13:02:20.0447 PM
[ReportManager] AssertEquals PASSED; Expected [null] and Actual [null]. Comparison Type [EQUALS]. Validation Type [POSITIVE]. @04-05-2021 13:02:20.0447 P

################################################################################################################################################
Starting Execution:	[52 out of 137] test cases in the current suite
Test Method:		[testPackage01.Test_NewValidationHelper.f4]
################################################################################################################################################
[ReportManager] AssertEquals PASSED; Expected [1] and Actual [123]. Comparison Type [CONTAINS]. Validation Type [POSITIVE]. @04-05-2021 13:02:20.0450 P

################################################################################################################################################
Starting Execution:	[53 out of 137] test cases in the current suite
Test Method:		[testPackage01.Test_NewValidationHelper.f5]
################################################################################################################################################
[ReportManager] AssertNull PASSED; Expected [NULL] and Actual [1]. Comparison Type [EQUALS]. Validation Type [NEGATIVE]. @04-05-2021 13:02:20.0453 P

################################################################################################################################################
Starting Execution:	[54 out of 137] test cases in the current suite
Test Method:		[testPackage01.Test_NewValidationHelper.f6]
################################################################################################################################################
[ReportManager] Making sure that null string is not equal to null object... @04-05-2021 13:02:20.0456 PM
[ReportManager] AssertNull FAILED; Expected [NULL] and Actual [NULL]. Comparison Type [EQUALS]. Validation Type [POSITIVE]. @04-05-2021 13:02:20.0456 P

################################################################################################################################################
Starting Execution:	[55 out of 137] test cases in the current suite
Test Method:		[testPackage01.Test_NewValidationHelper.f6_1]
################################################################################################################################################
[ReportManager] AssertNull FAILED; Expected [NULL] and Actual [NULL]. Comparison Type [EQUALS]. Validation Type [NEGATIVE]. @04-05-2021 13:02:20.0460 P

################################################################################################################################################
Starting Execution:	[56 out of 137] test cases in the current suite
Test Method:		[testPackage01.Test_NewValidationHelper.f6_2]
################################################################################################################################################
[ReportManager] Making sure that null string is not equal to null object... @04-05-2021 13:02:20.0465 PM
[ReportManager] AssertNull FAILED; Expected [NULL] and Actual [not null]. Comparison Type [EQUALS]. Validation Type [POSITIVE]. @04-05-2021 13:02:20.0465 P

################################################################################################################################################
Starting Execution:	[57 out of 137] test cases in the current suite
Test Method:		[testPackage01.Test_NewValidationHelper.f7]
################################################################################################################################################
[ReportManager] AssertNull PASSED; Expected [NULL] and Actual [NULL]. Comparison Type [EQUALS]. Validation Type [POSITIVE]. @04-05-2021 13:02:20.0473 P
[ReportManager] File Action [getAbsolutePath] successfully performed. With the following test data [Relative Folder Path: "target/downloadedFiles/"]. @04-05-2021 13:02:20.0474 PM
[ReportManager] Attempting to run remotely on: [Linux-64], [GoogleChrome], [http://localhost:4444/wd/hub], Headless Execution. @04-05-2021 13:02:20.0475 PM
[ReportManager] Successfully Opened [GoogleChrome]. @04-05-2021 13:02:20.0696 PM
[ReportManager] Target URL: [https://the-internet.herokuapp.com/] @04-05-2021 13:02:20.0719 PM
[ReportManager] Initial URL: [data:,] @04-05-2021 13:02:20.0766 PM
[ReportManager] Browser Action [navigateToURL] successfully performed. With the following test data [https://the-internet.herokuapp.com/]. @04-05-2021 13:02:22.0010 P

################################################################################################################################################
Starting Execution:	[58 out of 137] test cases in the current suite
Test Method:		[testPackage01.Test_NewValidationHelper.f8]
################################################################################################################################################
[ReportManager] Loaded Shared OpenCV @04-05-2021 13:02:22.0223 PM
[ReportManager] AssertElementExists PASSED; Expected [Element Should Exist, locator 'By.tagName: h1'] and Actual [Element Exists]. Comparison Type [EQUALS]. Validation Type [POSITIVE]. @04-05-2021 13:02:22.0305 PM
[ReportManager] Successfully created attachment [Screenshot - 1620133342223_f8_AssertElementExists_passed] @04-05-2021 13:02:22.0307 P
[ReportManager] Successfully created attachment [Selenium WebDriver Logs - server] @04-05-2021 13:02:22.0331 PM
[ReportManager] Successfully created attachment [Selenium WebDriver Logs - performance] @04-05-2021 13:02:22.0367 PM
[ReportManager] Successfully created attachment [Selenium WebDriver Logs - browser] @04-05-2021 13:02:22.0376 PM
[ReportManager] Successfully created attachment [Selenium WebDriver Logs - driver] @04-05-2021 13:02:22.0435 PM
[ReportManager] Successfully Closed All Drivers. @04-05-2021 13:02:22.0540 P
[ReportManager] File Action [getAbsolutePath] successfully performed. With the following test data [Relative Folder Path: "target/downloadedFiles/"]. @04-05-2021 13:02:22.0542 PM
[ReportManager] Attempting to run remotely on: [Linux-64], [GoogleChrome], [http://localhost:4444/wd/hub], Headless Execution. @04-05-2021 13:02:22.0543 PM
[ReportManager] Successfully Opened [GoogleChrome]. @04-05-2021 13:02:22.0742 PM
[ReportManager] Target URL: [https://the-internet.herokuapp.com/] @04-05-2021 13:02:22.0755 PM
[ReportManager] Initial URL: [data:,] @04-05-2021 13:02:22.0799 PM
[ReportManager] Browser Action [navigateToURL] successfully performed. With the following test data [https://the-internet.herokuapp.com/]. @04-05-2021 13:02:24.0185 P

################################################################################################################################################
Starting Execution:	[59 out of 137] test cases in the current suite
Test Method:		[testPackage01.Test_NewValidationHelper.f9]
################################################################################################################################################
[ReportManager] AssertElementExists FAILED; Expected [Element Should Exist, locator 'By.tagName: h3'] and Actual [Element Doesn't Exists]. Comparison Type [EQUALS]. Validation Type [POSITIVE]. @04-05-2021 13:02:54.0834 PM
[ReportManager] Successfully created attachment [Screenshot - 1620133374778_f9_AssertElementExists_failed] @04-05-2021 13:02:54.0835 P
[ReportManager] Successfully created attachment [Selenium WebDriver Logs - server] @04-05-2021 13:02:54.0847 PM
[ReportManager] Successfully created attachment [Selenium WebDriver Logs - performance] @04-05-2021 13:02:54.0865 PM
[ReportManager] Successfully created attachment [Selenium WebDriver Logs - browser] @04-05-2021 13:02:54.0871 PM
[ReportManager] Successfully created attachment [Selenium WebDriver Logs - driver] @04-05-2021 13:02:54.0942 PM
[ReportManager] Successfully Closed All Drivers. @04-05-2021 13:02:55.0013 P

################################################################################################################################################
Starting Execution:	[60 out of 137] test cases in the current suite
Test Method:		[testPackage01.Test_NewValidationHelper.forceFail]
################################################################################################################################################
[ReportManager] AssertFail FAILED; Expected [null] and Actual [null]. @04-05-2021 13:02:55.0015 P

################################################################################################################################################
Starting Execution:	[61 out of 137] test cases in the current suite
Test Method:		[testPackage01.Test_NewValidationHelper.forceFail2]
################################################################################################################################################
[ReportManager] Custom Message... @04-05-2021 13:02:55.0017 PM
[ReportManager] AssertFail FAILED; Expected [null] and Actual [null]. @04-05-2021 13:02:55.0017 P
[ReportManager] Successfully loaded the following test data file [src/test/resources/TestDataFiles/testSuite01/TestData.xlsx]. @04-05-2021 13:02:55.0766 PM
[ReportManager] Successfully created attachment [Test Data - Excel] @04-05-2021 13:02:55.0767 PM
[ReportManager] File Action [getAbsolutePath] successfully performed. With the following test data [Relative Folder Path: "target/downloadedFiles/"]. @04-05-2021 13:02:55.0767 PM
[ReportManager] Attempting to run remotely on: [Linux-64], [GoogleChrome], [http://localhost:4444/wd/hub], Headless Execution. @04-05-2021 13:02:55.0767 PM
[ReportManager] Successfully Opened [GoogleChrome]. @04-05-2021 13:02:56.0192 P

################################################################################################################################################
Starting Execution:	[62 out of 137] test cases in the current suite
Test Method:		[testPackage01.Test_google.navigateToURLandVerifyGoogleLogoIsDisplayed]
Test Description:	[TC001 - Navigate to URL and Verify Google Logo is Displayed]
################################################################################################################################################
[ReportManager] Target URL: [https://www.google.com/ncr], and after redirection: [https://www.google.com] @04-05-2021 13:02:56.0203 PM
[ReportManager] Initial URL: [data:,] @04-05-2021 13:02:56.0246 PM
[ReportManager] Browser Action [navigateToURL] successfully performed. With the following test data [https://www.google.com/ncr]. @04-05-2021 13:02:57.0078 PM
[ReportManager] Loaded Shared OpenCV @04-05-2021 13:02:57.0283 PM
[ReportManager] AssertElementExists PASSED; Expected [Element Should Exist, locator 'By.xpath: //img[@id='hplogo' or @alt='Google']'] and Actual [Element Exists]. Comparison Type [EQUALS]. Validation Type [POSITIVE]. @04-05-2021 13:02:57.0389 PM
[ReportManager] Successfully created attachment [Screenshot - 1620133377283_navigateToURLandVerifyGoogleLogoIsDisplayed_AssertElementExists_passed] @04-05-2021 13:02:57.0399 P

################################################################################################################################################
Starting Execution:	[63 out of 137] test cases in the current suite
Test Method:		[testPackage01.Test_google.searchForQueryandAssertResultsNumDisplayed]
Test Description:	[TC002 - Search for Query and Assert that the number of results is displayed]
################################################################################################################################################
[ReportManager] Element Action [type] successfully performed. With the following test data [SHAFT_Engine]. @04-05-2021 13:02:58.0054 PM
[ReportManager] Element Action [keyPress] successfully performed. With the following test data [Enter]. @04-05-2021 13:02:59.0421 PM
[ReportManager] Element Action [getText] successfully performed. With the following test data [About 587,000 results (0.65 seconds) ]. @04-05-2021 13:02:59.0500 PM
[ReportManager] Loaded Shared OpenCV @04-05-2021 13:02:59.0655 PM
[ReportManager] AssertElementAttribute PASSED; Expected [Value Should not be '' for the 'Text' attribute, element locator 'By.id: appbar'] and Actual [About 587,000 results (0.65 seconds) ]. Comparison Type [EQUALS]. Validation Type [NEGATIVE]. @04-05-2021 13:02:59.0743 PM
[ReportManager] Successfully created attachment [Screenshot - 1620133379655_searchForQueryandAssertResultsNumDisplayed_AssertElementAttribute_passed] @04-05-2021 13:02:59.0744 P

################################################################################################################################################
Starting Execution:	[64 out of 137] test cases in the current suite
Test Method:		[testPackage01.Test_google.clickNextThrice]
Test Description:	[TC003 - Clicks the next button to make sure that the framework can scroll element into view before clicking it]
################################################################################################################################################
[ReportManager] Element Action [click] successfully performed. With the following test data [Next]. @04-05-2021 13:03:01.0193 P
[ReportManager] Successfully created attachment [Selenium WebDriver Logs - server] @04-05-2021 13:03:01.0432 PM
[ReportManager] Successfully created attachment [Selenium WebDriver Logs - performance] @04-05-2021 13:03:01.0678 PM
[ReportManager] Successfully created attachment [Selenium WebDriver Logs - driver] @04-05-2021 13:03:01.0972 PM
[ReportManager] Browser Action [closeCurrentWindow] successfully performed. @04-05-2021 13:03:02.0038 PM
[ReportManager] Successfully created attachment [Browser Action Test Data - closeCurrentWindow - Actual Value] @04-05-2021 13:03:02.0044 P

################################################################################################################################################
Starting Execution:	[65 out of 137] test cases in the current suite
Test Method:		[testPackage01.Test_testData.f]
################################################################################################################################################
[ReportManager] Successfully loaded the following test data file [src/test/resources/TestDataFiles/testSuite01/TestData.xlsx]. @04-05-2021 13:03:02.0109 PM
[ReportManager] Successfully created attachment [Test Data - Excel] @04-05-2021 13:03:02.0110 PM
[ReportManager] Last Column Number is: [3]. Zero-based. @04-05-2021 13:03:02.0110 P

################################################################################################################################################
Starting Execution:	[66 out of 137] test cases in the current suite
Test Method:		[testPackage01.Test_JsonActions.f]
###############################################################################################################################################

################################################################################################################################################
Starting Execution:	[67 out of 137] test cases in the current suite
Test Method:		[testPackage01.Test_JsonActions.f2]
###############################################################################################################################################

################################################################################################################################################
Starting Execution:	[68 out of 137] test cases in the current suite
Test Method:		[testPackage01.Test_JsonCompareWithSpecialCharacters.specialCharacters]
################################################################################################################################################
[ReportManager] File Action [getAbsolutePath] successfully performed. With the following test data [Relative Folder Path: "src/test/resources/TestJsonFiles/specialCharacters.json"]. @04-05-2021 13:03:02.0269 PM
[ReportManager] File Action [readFromFile] successfully performed. With the following test data [File Path: "/home/runner/work/SHAFT_ENGINE/SHAFT_ENGINE/src/test/resources/TestJsonFiles/specialCharacters.json"]. @04-05-2021 13:03:02.0281 PM
[ReportManager] Successfully created attachment [File Action Actual Result - Command Log] @04-05-2021 13:03:02.0281 PM
[ReportManager] Comparing the provided API response with the file at this path "src/test/resources/TestJsonFiles/specialCharacters.json", comparison type "EQUALS" @04-05-2021 13:03:02.0353 PM
[ReportManager] API Action [compareJSON] successfully performed. With the following test data [src/test/resources/TestJsonFiles/specialCharacters.json]. @04-05-2021 13:03:02.0430 PM
[ReportManager] File Action [getAbsolutePath] successfully performed. With the following test data [Relative Folder Path: "src/test/resources/TestJsonFiles/specialCharacters.json"]. @04-05-2021 13:03:02.0430 PM
[ReportManager] File Action [readFromFile] successfully performed. With the following test data [File Path: "/home/runner/work/SHAFT_ENGINE/SHAFT_ENGINE/src/test/resources/TestJsonFiles/specialCharacters.json"]. @04-05-2021 13:03:02.0431 PM
[ReportManager] VerifyJSONFileContent PASSED; Expected [Response data should match the JSON File in this path 'src/test/resources/TestJsonFiles/specialCharacters.json'] and Actual [TRUE]. Comparison Type [EQUALS]. Validation Type [POSITIVE]. @04-05-2021 13:03:02.0436 PM
[ReportManager] Successfully created attachment [Validation Test Data - Expected JSON Value] @04-05-2021 13:03:02.0437 PM
[ReportManager] Successfully created attachment [Validation Test Data - Actual JSON Value] @04-05-2021 13:03:02.0438 P

################################################################################################################################################
Starting Execution:	[69 out of 137] test cases in the current suite
Test Method:		[testPackage01.Test_JsonCompareWithSpecialCharacters.specialCharacters_assertion]
################################################################################################################################################
[ReportManager] File Action [getAbsolutePath] successfully performed. With the following test data [Relative Folder Path: "src/test/resources/TestJsonFiles/specialCharacters.json"]. @04-05-2021 13:03:02.0444 PM
[ReportManager] File Action [readFromFile] successfully performed. With the following test data [File Path: "/home/runner/work/SHAFT_ENGINE/SHAFT_ENGINE/src/test/resources/TestJsonFiles/specialCharacters.json"]. @04-05-2021 13:03:02.0444 PM
[ReportManager] Successfully created attachment [File Action Actual Result - Command Log] @04-05-2021 13:03:02.0444 PM
[ReportManager] trying out the log message... @04-05-2021 13:03:02.0445 PM
[ReportManager] Comparing the provided API response with the file at this path "src/test/resources/TestJsonFiles/specialCharacters.json", comparison type "CONTAINS" @04-05-2021 13:03:02.0445 PM
[ReportManager] API Action [compareJSON] successfully performed. With the following test data [src/test/resources/TestJsonFiles/specialCharacters.json]. @04-05-2021 13:03:02.0453 PM
[ReportManager] File Action [getAbsolutePath] successfully performed. With the following test data [Relative Folder Path: "src/test/resources/TestJsonFiles/specialCharacters.json"]. @04-05-2021 13:03:02.0453 PM
[ReportManager] File Action [readFromFile] successfully performed. With the following test data [File Path: "/home/runner/work/SHAFT_ENGINE/SHAFT_ENGINE/src/test/resources/TestJsonFiles/specialCharacters.json"]. @04-05-2021 13:03:02.0453 PM
[ReportManager] AssertJSONFileContent PASSED; Expected [Response data should match the JSON File in this path 'src/test/resources/TestJsonFiles/specialCharacters.json'] and Actual [TRUE]. Comparison Type [CONTAINS]. Validation Type [POSITIVE]. @04-05-2021 13:03:02.0458 PM
[ReportManager] Successfully created attachment [Validation Test Data - Expected JSON Value] @04-05-2021 13:03:02.0459 PM
[ReportManager] Successfully created attachment [Validation Test Data - Actual JSON Value] @04-05-2021 13:03:02.0459 P

################################################################################################################################################
Starting Execution:	[70 out of 137] test cases in the current suite
Test Method:		[unitTests.tests_validations_assertions.assertComparativeRelation_greaterThanOrEquals_false_equals_expectedToFail]
################################################################################################################################################
[ReportManager] AssertComparativeRelation FAILED; Expected [1] and Actual [1]. Comparison Type [GREATER_THAN_OR_EQUALS]. Validation Type [NEGATIVE]. @04-05-2021 13:03:02.0462 P

################################################################################################################################################
Starting Execution:	[71 out of 137] test cases in the current suite
Test Method:		[unitTests.tests_validations_assertions.assertComparativeRelation_greaterThanOrEquals_false_equals_expectedToPass]
################################################################################################################################################
[ReportManager] AssertComparativeRelation PASSED; Expected [2] and Actual [1]. Comparison Type [GREATER_THAN_OR_EQUALS]. Validation Type [NEGATIVE]. @04-05-2021 13:03:02.0464 P

################################################################################################################################################
Starting Execution:	[72 out of 137] test cases in the current suite
Test Method:		[unitTests.tests_validations_assertions.assertComparativeRelation_greaterThanOrEquals_false_greaterThan_expectedToFail]
################################################################################################################################################
[ReportManager] AssertComparativeRelation FAILED; Expected [1] and Actual [2]. Comparison Type [GREATER_THAN_OR_EQUALS]. Validation Type [NEGATIVE]. @04-05-2021 13:03:02.0466 P

################################################################################################################################################
Starting Execution:	[73 out of 137] test cases in the current suite
Test Method:		[unitTests.tests_validations_assertions.assertComparativeRelation_greaterThanOrEquals_false_greaterThan_expectedToPass]
################################################################################################################################################
[ReportManager] AssertComparativeRelation PASSED; Expected [2] and Actual [1]. Comparison Type [GREATER_THAN_OR_EQUALS]. Validation Type [NEGATIVE]. @04-05-2021 13:03:02.0492 P

################################################################################################################################################
Starting Execution:	[74 out of 137] test cases in the current suite
Test Method:		[unitTests.tests_validations_assertions.assertComparativeRelation_greaterThanOrEquals_true_equals_expectedToFail]
################################################################################################################################################
[ReportManager] AssertComparativeRelation FAILED; Expected [1] and Actual [0]. Comparison Type [GREATER_THAN_OR_EQUALS]. Validation Type [POSITIVE]. @04-05-2021 13:03:02.0494 P

################################################################################################################################################
Starting Execution:	[75 out of 137] test cases in the current suite
Test Method:		[unitTests.tests_validations_assertions.assertComparativeRelation_greaterThanOrEquals_true_equals_expectedToPass]
################################################################################################################################################
[ReportManager] AssertComparativeRelation PASSED; Expected [1] and Actual [1]. Comparison Type [GREATER_THAN_OR_EQUALS]. Validation Type [POSITIVE]. @04-05-2021 13:03:02.0498 P

################################################################################################################################################
Starting Execution:	[76 out of 137] test cases in the current suite
Test Method:		[unitTests.tests_validations_assertions.assertComparativeRelation_greaterThanOrEquals_true_greaterThan_expectedToFail]
################################################################################################################################################
[ReportManager] AssertComparativeRelation FAILED; Expected [2] and Actual [1]. Comparison Type [GREATER_THAN_OR_EQUALS]. Validation Type [POSITIVE]. @04-05-2021 13:03:02.0511 P

################################################################################################################################################
Starting Execution:	[77 out of 137] test cases in the current suite
Test Method:		[unitTests.tests_validations_assertions.assertComparativeRelation_greaterThanOrEquals_true_greaterThan_expectedToPass]
################################################################################################################################################
[ReportManager] AssertComparativeRelation PASSED; Expected [1] and Actual [2]. Comparison Type [GREATER_THAN_OR_EQUALS]. Validation Type [POSITIVE]. @04-05-2021 13:03:02.0513 P
[ReportManager] File Action [getAbsolutePath] successfully performed. With the following test data [Relative Folder Path: "target/downloadedFiles/"]. @04-05-2021 13:03:02.0514 PM
[ReportManager] Attempting to run remotely on: [Linux-64], [GoogleChrome], [http://localhost:4444/wd/hub], Headless Execution. @04-05-2021 13:03:02.0514 PM
[ReportManager] Successfully Opened [GoogleChrome]. @04-05-2021 13:03:02.0961 PM
[ReportManager] Target URL: [https://www.google.com/ncr], and after redirection: [www.google.com] @04-05-2021 13:03:02.0975 PM
[ReportManager] Initial URL: [data:,] @04-05-2021 13:03:03.0051 PM
[ReportManager] Browser Action [navigateToURL] successfully performed. With the following test data [https://www.google.com/ncr]. @04-05-2021 13:03:03.0964 P

################################################################################################################################################
Starting Execution:	[78 out of 137] test cases in the current suite
Test Method:		[unitTests.tests_validations_assertions.assertElementAttribute_false_caseInsensitiveComparison_expectedToFail]
################################################################################################################################################
[ReportManager] Element Action [type] successfully performed. With the following test data [AUTOMATION]. @04-05-2021 13:03:04.0542 PM
[ReportManager] Element Action [getText] successfully performed. With the following test data [AUTOMATION]. @04-05-2021 13:03:04.0643 PM
[ReportManager] Loaded Shared OpenCV @04-05-2021 13:03:04.0829 PM
[ReportManager] AssertElementAttribute FAILED; Expected [Value Should not be 'AutomaTion' for the 'text' attribute, element locator 'By.name: q'] and Actual [AUTOMATION]. Comparison Type [CASE_INSENSITIVE]. Validation Type [NEGATIVE]. @04-05-2021 13:03:04.0899 PM
[ReportManager] Successfully created attachment [Screenshot - 1620133384829_assertElementAttribute_false_caseInsensitiveComparison_expectedToFail_AssertElementAttribute_failed] @04-05-2021 13:03:04.0900 P
[ReportManager] Successfully created attachment [Selenium WebDriver Logs - server] @04-05-2021 13:03:04.0969 PM
[ReportManager] Successfully created attachment [Selenium WebDriver Logs - performance] @04-05-2021 13:03:05.0047 PM
[ReportManager] Successfully created attachment [Selenium WebDriver Logs - driver] @04-05-2021 13:03:05.0168 PM
[ReportManager] Browser Action [closeCurrentWindow] successfully performed. @04-05-2021 13:03:05.0225 PM
[ReportManager] Successfully created attachment [Browser Action Test Data - closeCurrentWindow - Actual Value] @04-05-2021 13:03:05.0226 P
[ReportManager] File Action [getAbsolutePath] successfully performed. With the following test data [Relative Folder Path: "target/downloadedFiles/"]. @04-05-2021 13:03:05.0228 PM
[ReportManager] Attempting to run remotely on: [Linux-64], [GoogleChrome], [http://localhost:4444/wd/hub], Headless Execution. @04-05-2021 13:03:05.0228 PM
[ReportManager] Successfully Opened [GoogleChrome]. @04-05-2021 13:03:05.0444 PM
[ReportManager] Target URL: [https://www.google.com/ncr], and after redirection: [www.google.com] @04-05-2021 13:03:05.0453 PM
[ReportManager] Initial URL: [data:,] @04-05-2021 13:03:05.0491 PM
[ReportManager] Browser Action [navigateToURL] successfully performed. With the following test data [https://www.google.com/ncr]. @04-05-2021 13:03:06.0327 P

################################################################################################################################################
Starting Execution:	[79 out of 137] test cases in the current suite
Test Method:		[unitTests.tests_validations_assertions.assertElementAttribute_false_caseInsensitiveComparison_expectedToPass]
################################################################################################################################################
[ReportManager] Element Action [type] successfully performed. With the following test data [AUTOMATION]. @04-05-2021 13:03:06.0813 PM
[ReportManager] Element Action [getText] successfully performed. With the following test data [AUTOMATION]. @04-05-2021 13:03:06.0914 PM
[ReportManager] Loaded Shared OpenCV @04-05-2021 13:03:07.0078 PM
[ReportManager] AssertElementAttribute PASSED; Expected [Value Should not be 'AutomaTion123' for the 'text' attribute, element locator 'By.name: q'] and Actual [AUTOMATION]. Comparison Type [CASE_INSENSITIVE]. Validation Type [NEGATIVE]. @04-05-2021 13:03:07.0147 PM
[ReportManager] Successfully created attachment [Screenshot - 1620133387078_assertElementAttribute_false_caseInsensitiveComparison_expectedToPass_AssertElementAttribute_passed] @04-05-2021 13:03:07.0148 P
[ReportManager] Successfully created attachment [Selenium WebDriver Logs - server] @04-05-2021 13:03:07.0223 PM
[ReportManager] Successfully created attachment [Selenium WebDriver Logs - performance] @04-05-2021 13:03:07.0302 PM
[ReportManager] Successfully created attachment [Selenium WebDriver Logs - driver] @04-05-2021 13:03:07.0430 PM
[ReportManager] Browser Action [closeCurrentWindow] successfully performed. @04-05-2021 13:03:07.0485 PM
[ReportManager] Successfully created attachment [Browser Action Test Data - closeCurrentWindow - Actual Value] @04-05-2021 13:03:07.0486 P
[ReportManager] File Action [getAbsolutePath] successfully performed. With the following test data [Relative Folder Path: "target/downloadedFiles/"]. @04-05-2021 13:03:07.0488 PM
[ReportManager] Attempting to run remotely on: [Linux-64], [GoogleChrome], [http://localhost:4444/wd/hub], Headless Execution. @04-05-2021 13:03:07.0488 PM
[ReportManager] Successfully Opened [GoogleChrome]. @04-05-2021 13:03:07.0687 PM
[ReportManager] Target URL: [https://www.google.com/ncr], and after redirection: [www.google.com] @04-05-2021 13:03:07.0697 PM
[ReportManager] Initial URL: [data:,] @04-05-2021 13:03:07.0732 PM
[ReportManager] Browser Action [navigateToURL] successfully performed. With the following test data [https://www.google.com/ncr]. @04-05-2021 13:03:08.0591 P

################################################################################################################################################
Starting Execution:	[80 out of 137] test cases in the current suite
Test Method:		[unitTests.tests_validations_assertions.assertElementAttribute_false_containsComparison_expectedToFail]
################################################################################################################################################
[ReportManager] Element Action [type] successfully performed. With the following test data [Automation123]. @04-05-2021 13:03:09.0135 PM
[ReportManager] Element Action [getText] successfully performed. With the following test data [Automation123]. @04-05-2021 13:03:09.0220 PM
[ReportManager] Loaded Shared OpenCV @04-05-2021 13:03:09.0375 PM
[ReportManager] AssertElementAttribute FAILED; Expected [Value Should not be 'Automation' for the 'text' attribute, element locator 'By.name: q'] and Actual [Automation123]. Comparison Type [CONTAINS]. Validation Type [NEGATIVE]. @04-05-2021 13:03:09.0442 PM
[ReportManager] Successfully created attachment [Screenshot - 1620133389375_assertElementAttribute_false_containsComparison_expectedToFail_AssertElementAttribute_failed] @04-05-2021 13:03:09.0443 P
[ReportManager] Successfully created attachment [Selenium WebDriver Logs - server] @04-05-2021 13:03:09.0518 PM
[ReportManager] Successfully created attachment [Selenium WebDriver Logs - performance] @04-05-2021 13:03:09.0595 PM
[ReportManager] Successfully created attachment [Selenium WebDriver Logs - driver] @04-05-2021 13:03:09.0708 PM
[ReportManager] Browser Action [closeCurrentWindow] successfully performed. @04-05-2021 13:03:09.0764 PM
[ReportManager] Successfully created attachment [Browser Action Test Data - closeCurrentWindow - Actual Value] @04-05-2021 13:03:09.0764 P
[ReportManager] File Action [getAbsolutePath] successfully performed. With the following test data [Relative Folder Path: "target/downloadedFiles/"]. @04-05-2021 13:03:09.0766 PM
[ReportManager] Attempting to run remotely on: [Linux-64], [GoogleChrome], [http://localhost:4444/wd/hub], Headless Execution. @04-05-2021 13:03:09.0767 PM
[ReportManager] Successfully Opened [GoogleChrome]. @04-05-2021 13:03:09.0975 PM
[ReportManager] Target URL: [https://www.google.com/ncr], and after redirection: [www.google.com] @04-05-2021 13:03:09.0987 PM
[ReportManager] Initial URL: [data:,] @04-05-2021 13:03:10.0024 PM
[ReportManager] Browser Action [navigateToURL] successfully performed. With the following test data [https://www.google.com/ncr]. @04-05-2021 13:03:10.0816 P

################################################################################################################################################
Starting Execution:	[81 out of 137] test cases in the current suite
Test Method:		[unitTests.tests_validations_assertions.assertElementAttribute_false_containsComparison_expectedToPass]
################################################################################################################################################
[ReportManager] Element Action [type] successfully performed. With the following test data [Automation123]. @04-05-2021 13:03:11.0331 PM
[ReportManager] Element Action [getText] successfully performed. With the following test data [Automation123]. @04-05-2021 13:03:11.0432 PM
[ReportManager] Loaded Shared OpenCV @04-05-2021 13:03:11.0589 PM
[ReportManager] AssertElementAttribute PASSED; Expected [Value Should not be 'Automation1234' for the 'text' attribute, element locator 'By.name: q'] and Actual [Automation123]. Comparison Type [CONTAINS]. Validation Type [NEGATIVE]. @04-05-2021 13:03:11.0657 PM
[ReportManager] Successfully created attachment [Screenshot - 1620133391589_assertElementAttribute_false_containsComparison_expectedToPass_AssertElementAttribute_passed] @04-05-2021 13:03:11.0658 P
[ReportManager] Successfully created attachment [Selenium WebDriver Logs - server] @04-05-2021 13:03:11.0721 PM
[ReportManager] Successfully created attachment [Selenium WebDriver Logs - performance] @04-05-2021 13:03:11.0798 PM
[ReportManager] Successfully created attachment [Selenium WebDriver Logs - driver] @04-05-2021 13:03:11.0920 PM
[ReportManager] Browser Action [closeCurrentWindow] successfully performed. @04-05-2021 13:03:11.0979 PM
[ReportManager] Successfully created attachment [Browser Action Test Data - closeCurrentWindow - Actual Value] @04-05-2021 13:03:11.0980 P
[ReportManager] File Action [getAbsolutePath] successfully performed. With the following test data [Relative Folder Path: "target/downloadedFiles/"]. @04-05-2021 13:03:11.0982 PM
[ReportManager] Attempting to run remotely on: [Linux-64], [GoogleChrome], [http://localhost:4444/wd/hub], Headless Execution. @04-05-2021 13:03:11.0982 PM
[ReportManager] Successfully Opened [GoogleChrome]. @04-05-2021 13:03:12.0193 PM
[ReportManager] Target URL: [https://www.google.com/ncr], and after redirection: [www.google.com] @04-05-2021 13:03:12.0206 PM
[ReportManager] Initial URL: [data:,] @04-05-2021 13:03:12.0243 PM
[ReportManager] Browser Action [navigateToURL] successfully performed. With the following test data [https://www.google.com/ncr]. @04-05-2021 13:03:13.0070 P

################################################################################################################################################
Starting Execution:	[82 out of 137] test cases in the current suite
Test Method:		[unitTests.tests_validations_assertions.assertElementAttribute_false_literalComparison_expectedToFail]
################################################################################################################################################
[ReportManager] Element Action [type] successfully performed. With the following test data [Automation!@#$%^&*()_+{}[]\';/.,]. @04-05-2021 13:03:14.0262 PM
[ReportManager] Element Action [getText] successfully performed. With the following test data [Automation!@#$%^&*()_+{}[]\';/.,]. @04-05-2021 13:03:14.0377 PM
[ReportManager] Loaded Shared OpenCV @04-05-2021 13:03:14.0564 PM
[ReportManager] AssertElementAttribute PASSED; Expected [Value Should not be 'Automation!@#$%^&*()_+{}[]\\';/.,' for the 'text' attribute, element locator 'By.name: q'] and Actual [Automation!@#$%^&*()_+{}[]\';/.,]. Comparison Type [EQUALS]. Validation Type [NEGATIVE]. @04-05-2021 13:03:14.0636 PM
[ReportManager] Successfully created attachment [Screenshot - 1620133394564_assertElementAttribute_false_literalComparison_expectedToFail_AssertElementAttribute_passed] @04-05-2021 13:03:14.0637 P
[ReportManager] Successfully created attachment [Selenium WebDriver Logs - server] @04-05-2021 13:03:14.0713 PM
[ReportManager] Successfully created attachment [Selenium WebDriver Logs - performance] @04-05-2021 13:03:14.0858 PM
[ReportManager] Successfully created attachment [Selenium WebDriver Logs - driver] @04-05-2021 13:03:15.0023 PM
[ReportManager] Browser Action [closeCurrentWindow] successfully performed. @04-05-2021 13:03:15.0082 PM
[ReportManager] Successfully created attachment [Browser Action Test Data - closeCurrentWindow - Actual Value] @04-05-2021 13:03:15.0084 P
[ReportManager] File Action [getAbsolutePath] successfully performed. With the following test data [Relative Folder Path: "target/downloadedFiles/"]. @04-05-2021 13:03:15.0086 PM
[ReportManager] Attempting to run remotely on: [Linux-64], [GoogleChrome], [http://localhost:4444/wd/hub], Headless Execution. @04-05-2021 13:03:15.0087 PM
[ReportManager] Successfully Opened [GoogleChrome]. @04-05-2021 13:03:15.0374 PM
[ReportManager] Target URL: [https://www.google.com/ncr], and after redirection: [www.google.com] @04-05-2021 13:03:15.0384 PM
[ReportManager] Initial URL: [data:,] @04-05-2021 13:03:15.0433 PM
[ReportManager] Browser Action [navigateToURL] successfully performed. With the following test data [https://www.google.com/ncr]. @04-05-2021 13:03:16.0249 P

################################################################################################################################################
Starting Execution:	[83 out of 137] test cases in the current suite
Test Method:		[unitTests.tests_validations_assertions.assertElementAttribute_false_literalComparison_expectedToPass]
################################################################################################################################################
[ReportManager] Element Action [type] successfully performed. With the following test data [Automation!@#$%^&*()_+{}[]\';/.,]. @04-05-2021 13:03:17.0445 PM
[ReportManager] Element Action [getText] successfully performed. With the following test data [Automation!@#$%^&*()_+{}[]\';/.,]. @04-05-2021 13:03:17.0535 PM
[ReportManager] Loaded Shared OpenCV @04-05-2021 13:03:17.0695 PM
[ReportManager] AssertElementAttribute PASSED; Expected [Value Should not be 'Automation' for the 'text' attribute, element locator 'By.name: q'] and Actual [Automation!@#$%^&*()_+{}[]\';/.,]. Comparison Type [EQUALS]. Validation Type [NEGATIVE]. @04-05-2021 13:03:17.0768 PM
[ReportManager] Successfully created attachment [Screenshot - 1620133397695_assertElementAttribute_false_literalComparison_expectedToPass_AssertElementAttribute_passed] @04-05-2021 13:03:17.0769 P
[ReportManager] Successfully created attachment [Selenium WebDriver Logs - server] @04-05-2021 13:03:17.0836 PM
[ReportManager] Successfully created attachment [Selenium WebDriver Logs - performance] @04-05-2021 13:03:17.0985 PM
[ReportManager] Successfully created attachment [Selenium WebDriver Logs - driver] @04-05-2021 13:03:18.0157 PM
[ReportManager] Browser Action [closeCurrentWindow] successfully performed. @04-05-2021 13:03:18.0217 PM
[ReportManager] Successfully created attachment [Browser Action Test Data - closeCurrentWindow - Actual Value] @04-05-2021 13:03:18.0217 P
[ReportManager] File Action [getAbsolutePath] successfully performed. With the following test data [Relative Folder Path: "target/downloadedFiles/"]. @04-05-2021 13:03:18.0221 PM
[ReportManager] Attempting to run remotely on: [Linux-64], [GoogleChrome], [http://localhost:4444/wd/hub], Headless Execution. @04-05-2021 13:03:18.0222 PM
[ReportManager] Successfully Opened [GoogleChrome]. @04-05-2021 13:03:18.0431 PM
[ReportManager] Target URL: [https://www.google.com/ncr], and after redirection: [www.google.com] @04-05-2021 13:03:18.0441 PM
[ReportManager] Initial URL: [data:,] @04-05-2021 13:03:18.0477 PM
[ReportManager] Browser Action [navigateToURL] successfully performed. With the following test data [https://www.google.com/ncr]. @04-05-2021 13:03:19.0272 P

################################################################################################################################################
Starting Execution:	[84 out of 137] test cases in the current suite
Test Method:		[unitTests.tests_validations_assertions.assertElementAttribute_false_regexComparison_expectedToFail]
################################################################################################################################################
[ReportManager] Element Action [type] successfully performed. With the following test data [Automation123]. @04-05-2021 13:03:19.0842 PM
[ReportManager] Element Action [getText] successfully performed. With the following test data [Automation123]. @04-05-2021 13:03:19.0930 PM
[ReportManager] Loaded Shared OpenCV @04-05-2021 13:03:20.0108 PM
[ReportManager] AssertElementAttribute FAILED; Expected [Value Should not be 'Automation.*' for the 'text' attribute, element locator 'By.name: q'] and Actual [Automation123]. Comparison Type [MATCHES]. Validation Type [NEGATIVE]. @04-05-2021 13:03:20.0199 PM
[ReportManager] Successfully created attachment [Screenshot - 1620133400108_assertElementAttribute_false_regexComparison_expectedToFail_AssertElementAttribute_failed] @04-05-2021 13:03:20.0200 P
[ReportManager] Successfully created attachment [Selenium WebDriver Logs - server] @04-05-2021 13:03:20.0275 PM
[ReportManager] Successfully created attachment [Selenium WebDriver Logs - performance] @04-05-2021 13:03:20.0392 PM
[ReportManager] Successfully created attachment [Selenium WebDriver Logs - driver] @04-05-2021 13:03:20.0504 PM
[ReportManager] Browser Action [closeCurrentWindow] successfully performed. @04-05-2021 13:03:20.0562 PM
[ReportManager] Successfully created attachment [Browser Action Test Data - closeCurrentWindow - Actual Value] @04-05-2021 13:03:20.0564 P
[ReportManager] File Action [getAbsolutePath] successfully performed. With the following test data [Relative Folder Path: "target/downloadedFiles/"]. @04-05-2021 13:03:20.0566 PM
[ReportManager] Attempting to run remotely on: [Linux-64], [GoogleChrome], [http://localhost:4444/wd/hub], Headless Execution. @04-05-2021 13:03:20.0566 PM
[ReportManager] Successfully Opened [GoogleChrome]. @04-05-2021 13:03:20.0779 PM
[ReportManager] Target URL: [https://www.google.com/ncr], and after redirection: [www.google.com] @04-05-2021 13:03:20.0788 PM
[ReportManager] Initial URL: [data:,] @04-05-2021 13:03:20.0834 PM
[ReportManager] Browser Action [navigateToURL] successfully performed. With the following test data [https://www.google.com/ncr]. @04-05-2021 13:03:21.0710 P

################################################################################################################################################
Starting Execution:	[85 out of 137] test cases in the current suite
Test Method:		[unitTests.tests_validations_assertions.assertElementAttribute_false_regexComparison_expectedToPass]
################################################################################################################################################
[ReportManager] Element Action [type] successfully performed. With the following test data [Automation123]. @04-05-2021 13:03:22.0288 PM
[ReportManager] Element Action [getText] successfully performed. With the following test data [Automation123]. @04-05-2021 13:03:22.0402 PM
[ReportManager] Loaded Shared OpenCV @04-05-2021 13:03:22.0555 PM
[ReportManager] AssertElementAttribute PASSED; Expected [Value Should not be 'Automation' for the 'text' attribute, element locator 'By.name: q'] and Actual [Automation123]. Comparison Type [MATCHES]. Validation Type [NEGATIVE]. @04-05-2021 13:03:22.0627 PM
[ReportManager] Successfully created attachment [Screenshot - 1620133402555_assertElementAttribute_false_regexComparison_expectedToPass_AssertElementAttribute_passed] @04-05-2021 13:03:22.0628 P
[ReportManager] Successfully created attachment [Selenium WebDriver Logs - server] @04-05-2021 13:03:22.0708 PM
[ReportManager] Successfully created attachment [Selenium WebDriver Logs - performance] @04-05-2021 13:03:22.0788 PM
[ReportManager] Successfully created attachment [Selenium WebDriver Logs - driver] @04-05-2021 13:03:22.0909 PM
[ReportManager] Browser Action [closeCurrentWindow] successfully performed. @04-05-2021 13:03:22.0965 PM
[ReportManager] Successfully created attachment [Browser Action Test Data - closeCurrentWindow - Actual Value] @04-05-2021 13:03:22.0966 P
[ReportManager] File Action [getAbsolutePath] successfully performed. With the following test data [Relative Folder Path: "target/downloadedFiles/"]. @04-05-2021 13:03:22.0968 PM
[ReportManager] Attempting to run remotely on: [Linux-64], [GoogleChrome], [http://localhost:4444/wd/hub], Headless Execution. @04-05-2021 13:03:22.0968 PM
[ReportManager] Successfully Opened [GoogleChrome]. @04-05-2021 13:03:23.0197 PM
[ReportManager] Target URL: [https://www.google.com/ncr], and after redirection: [www.google.com] @04-05-2021 13:03:23.0212 PM
[ReportManager] Initial URL: [data:,] @04-05-2021 13:03:23.0255 PM
[ReportManager] Browser Action [navigateToURL] successfully performed. With the following test data [https://www.google.com/ncr]. @04-05-2021 13:03:24.0120 P

################################################################################################################################################
Starting Execution:	[86 out of 137] test cases in the current suite
Test Method:		[unitTests.tests_validations_assertions.assertElementAttribute_true_caseInsensitiveComparison_expectedToFail]
################################################################################################################################################
[ReportManager] Element Action [type] successfully performed. With the following test data [AUTOMATION]. @04-05-2021 13:03:24.0643 PM
[ReportManager] Element Action [getText] successfully performed. With the following test data [AUTOMATION]. @04-05-2021 13:03:24.0743 PM
[ReportManager] Loaded Shared OpenCV @04-05-2021 13:03:24.0893 PM
[ReportManager] AssertElementAttribute FAILED; Expected [Value Should be 'AutomaTion123' for the 'text' attribute, element locator 'By.name: q'] and Actual [AUTOMATION]. Comparison Type [CASE_INSENSITIVE]. Validation Type [POSITIVE]. @04-05-2021 13:03:24.0964 PM
[ReportManager] Successfully created attachment [Screenshot - 1620133404893_assertElementAttribute_true_caseInsensitiveComparison_expectedToFail_AssertElementAttribute_failed] @04-05-2021 13:03:24.0965 P
[ReportManager] Successfully created attachment [Selenium WebDriver Logs - server] @04-05-2021 13:03:25.0036 PM
[ReportManager] Successfully created attachment [Selenium WebDriver Logs - performance] @04-05-2021 13:03:25.0111 PM
[ReportManager] Successfully created attachment [Selenium WebDriver Logs - driver] @04-05-2021 13:03:25.0225 PM
[ReportManager] Browser Action [closeCurrentWindow] successfully performed. @04-05-2021 13:03:25.0239 PM
[ReportManager] Successfully created attachment [Browser Action Test Data - closeCurrentWindow - Actual Value] @04-05-2021 13:03:25.0240 P
[ReportManager] File Action [getAbsolutePath] successfully performed. With the following test data [Relative Folder Path: "target/downloadedFiles/"]. @04-05-2021 13:03:25.0243 PM
[ReportManager] Attempting to run remotely on: [Linux-64], [GoogleChrome], [http://localhost:4444/wd/hub], Headless Execution. @04-05-2021 13:03:25.0243 PM
[ReportManager] Successfully Opened [GoogleChrome]. @04-05-2021 13:03:25.0452 PM
[ReportManager] Target URL: [https://www.google.com/ncr], and after redirection: [www.google.com] @04-05-2021 13:03:25.0461 PM
[ReportManager] Initial URL: [data:,] @04-05-2021 13:03:25.0495 PM
[ReportManager] Browser Action [navigateToURL] successfully performed. With the following test data [https://www.google.com/ncr]. @04-05-2021 13:03:26.0297 P

################################################################################################################################################
Starting Execution:	[87 out of 137] test cases in the current suite
Test Method:		[unitTests.tests_validations_assertions.assertElementAttribute_true_caseInsensitiveComparison_expectedToPass]
################################################################################################################################################
[ReportManager] Element Action [type] successfully performed. With the following test data [AUTOMATION]. @04-05-2021 13:03:26.0835 PM
[ReportManager] Element Action [getText] successfully performed. With the following test data [AUTOMATION]. @04-05-2021 13:03:26.0956 PM
[ReportManager] Loaded Shared OpenCV @04-05-2021 13:03:27.0114 PM
[ReportManager] AssertElementAttribute PASSED; Expected [Value Should be 'AutomaTion' for the 'text' attribute, element locator 'By.name: q'] and Actual [AUTOMATION]. Comparison Type [CASE_INSENSITIVE]. Validation Type [POSITIVE]. @04-05-2021 13:03:27.0186 PM
[ReportManager] Successfully created attachment [Screenshot - 1620133407114_assertElementAttribute_true_caseInsensitiveComparison_expectedToPass_AssertElementAttribute_passed] @04-05-2021 13:03:27.0187 P
[ReportManager] Successfully created attachment [Selenium WebDriver Logs - server] @04-05-2021 13:03:27.0255 PM
[ReportManager] Successfully created attachment [Selenium WebDriver Logs - performance] @04-05-2021 13:03:27.0325 PM
[ReportManager] Successfully created attachment [Selenium WebDriver Logs - driver] @04-05-2021 13:03:27.0447 PM
[ReportManager] Browser Action [closeCurrentWindow] successfully performed. @04-05-2021 13:03:27.0503 PM
[ReportManager] Successfully created attachment [Browser Action Test Data - closeCurrentWindow - Actual Value] @04-05-2021 13:03:27.0503 P
[ReportManager] File Action [getAbsolutePath] successfully performed. With the following test data [Relative Folder Path: "target/downloadedFiles/"]. @04-05-2021 13:03:27.0505 PM
[ReportManager] Attempting to run remotely on: [Linux-64], [GoogleChrome], [http://localhost:4444/wd/hub], Headless Execution. @04-05-2021 13:03:27.0506 PM
[ReportManager] Successfully Opened [GoogleChrome]. @04-05-2021 13:03:27.0697 PM
[ReportManager] Target URL: [https://www.google.com/ncr], and after redirection: [www.google.com] @04-05-2021 13:03:27.0708 PM
[ReportManager] Initial URL: [data:,] @04-05-2021 13:03:27.0750 PM
[ReportManager] Browser Action [navigateToURL] successfully performed. With the following test data [https://www.google.com/ncr]. @04-05-2021 13:03:28.0624 P

################################################################################################################################################
Starting Execution:	[88 out of 137] test cases in the current suite
Test Method:		[unitTests.tests_validations_assertions.assertElementAttribute_true_containsComparison_expectedToFail]
################################################################################################################################################
[ReportManager] Element Action [type] successfully performed. With the following test data [Automation123]. @04-05-2021 13:03:29.0206 PM
[ReportManager] Element Action [getText] successfully performed. With the following test data [Automation123]. @04-05-2021 13:03:29.0297 PM
[ReportManager] Loaded Shared OpenCV @04-05-2021 13:03:29.0471 PM
[ReportManager] AssertElementAttribute FAILED; Expected [Value Should be 'Automation1234' for the 'text' attribute, element locator 'By.name: q'] and Actual [Automation123]. Comparison Type [CONTAINS]. Validation Type [POSITIVE]. @04-05-2021 13:03:29.0544 PM
[ReportManager] Successfully created attachment [Screenshot - 1620133409471_assertElementAttribute_true_containsComparison_expectedToFail_AssertElementAttribute_failed] @04-05-2021 13:03:29.0545 P
[ReportManager] Successfully created attachment [Selenium WebDriver Logs - server] @04-05-2021 13:03:29.0626 PM
[ReportManager] Successfully created attachment [Selenium WebDriver Logs - performance] @04-05-2021 13:03:29.0726 PM
[ReportManager] Successfully created attachment [Selenium WebDriver Logs - driver] @04-05-2021 13:03:29.0847 PM
[ReportManager] Browser Action [closeCurrentWindow] successfully performed. @04-05-2021 13:03:29.0903 PM
[ReportManager] Successfully created attachment [Browser Action Test Data - closeCurrentWindow - Actual Value] @04-05-2021 13:03:29.0904 P
[ReportManager] File Action [getAbsolutePath] successfully performed. With the following test data [Relative Folder Path: "target/downloadedFiles/"]. @04-05-2021 13:03:29.0906 PM
[ReportManager] Attempting to run remotely on: [Linux-64], [GoogleChrome], [http://localhost:4444/wd/hub], Headless Execution. @04-05-2021 13:03:29.0906 PM
[ReportManager] Successfully Opened [GoogleChrome]. @04-05-2021 13:03:30.0117 PM
[ReportManager] Target URL: [https://www.google.com/ncr], and after redirection: [www.google.com] @04-05-2021 13:03:30.0137 PM
[ReportManager] Initial URL: [data:,] @04-05-2021 13:03:30.0190 PM
[ReportManager] Browser Action [navigateToURL] successfully performed. With the following test data [https://www.google.com/ncr]. @04-05-2021 13:03:30.0983 P

################################################################################################################################################
Starting Execution:	[89 out of 137] test cases in the current suite
Test Method:		[unitTests.tests_validations_assertions.assertElementAttribute_true_containsComparison_expectedToPass]
################################################################################################################################################
[ReportManager] Element Action [type] successfully performed. With the following test data [Automation123]. @04-05-2021 13:03:31.0528 PM
[ReportManager] Element Action [getText] successfully performed. With the following test data [Automation123]. @04-05-2021 13:03:31.0629 PM
[ReportManager] Loaded Shared OpenCV @04-05-2021 13:03:31.0784 PM
[ReportManager] AssertElementAttribute PASSED; Expected [Value Should be 'Automation' for the 'text' attribute, element locator 'By.name: q'] and Actual [Automation123]. Comparison Type [CONTAINS]. Validation Type [POSITIVE]. @04-05-2021 13:03:31.0853 PM
[ReportManager] Successfully created attachment [Screenshot - 1620133411784_assertElementAttribute_true_containsComparison_expectedToPass_AssertElementAttribute_passed] @04-05-2021 13:03:31.0854 P
[ReportManager] Successfully created attachment [Selenium WebDriver Logs - server] @04-05-2021 13:03:31.0930 PM
[ReportManager] Successfully created attachment [Selenium WebDriver Logs - performance] @04-05-2021 13:03:32.0010 PM
[ReportManager] Successfully created attachment [Selenium WebDriver Logs - driver] @04-05-2021 13:03:32.0124 PM
[ReportManager] Browser Action [closeCurrentWindow] successfully performed. @04-05-2021 13:03:32.0179 PM
[ReportManager] Successfully created attachment [Browser Action Test Data - closeCurrentWindow - Actual Value] @04-05-2021 13:03:32.0180 P
[ReportManager] File Action [getAbsolutePath] successfully performed. With the following test data [Relative Folder Path: "target/downloadedFiles/"]. @04-05-2021 13:03:32.0182 PM
[ReportManager] Attempting to run remotely on: [Linux-64], [GoogleChrome], [http://localhost:4444/wd/hub], Headless Execution. @04-05-2021 13:03:32.0183 PM
[ReportManager] Successfully Opened [GoogleChrome]. @04-05-2021 13:03:32.0391 PM
[ReportManager] Target URL: [https://www.google.com/ncr], and after redirection: [www.google.com] @04-05-2021 13:03:32.0400 PM
[ReportManager] Initial URL: [data:,] @04-05-2021 13:03:32.0437 PM
[ReportManager] Browser Action [navigateToURL] successfully performed. With the following test data [https://www.google.com/ncr]. @04-05-2021 13:03:33.0210 P

################################################################################################################################################
Starting Execution:	[90 out of 137] test cases in the current suite
Test Method:		[unitTests.tests_validations_assertions.assertElementAttribute_true_literalComparison_expectedToFail]
################################################################################################################################################
[ReportManager] Element Action [type] successfully performed. With the following test data [Automation!@#$%^&*()_+{}[]\';/.,]. @04-05-2021 13:03:34.0412 PM
[ReportManager] Element Action [getText] successfully performed. With the following test data [Automation!@#$%^&*()_+{}[]\';/.,]. @04-05-2021 13:03:34.0498 PM
[ReportManager] Loaded Shared OpenCV @04-05-2021 13:03:34.0691 PM
[ReportManager] AssertElementAttribute FAILED; Expected [Value Should be 'Automation' for the 'text' attribute, element locator 'By.name: q'] and Actual [Automation!@#$%^&*()_+{}[]\';/.,]. Comparison Type [EQUALS]. Validation Type [POSITIVE]. @04-05-2021 13:03:34.0758 PM
[ReportManager] Successfully created attachment [Screenshot - 1620133414691_assertElementAttribute_true_literalComparison_expectedToFail_AssertElementAttribute_failed] @04-05-2021 13:03:34.0759 P
[ReportManager] Successfully created attachment [Selenium WebDriver Logs - server] @04-05-2021 13:03:34.0832 PM
[ReportManager] Successfully created attachment [Selenium WebDriver Logs - performance] @04-05-2021 13:03:34.0967 PM
[ReportManager] Successfully created attachment [Selenium WebDriver Logs - driver] @04-05-2021 13:03:35.0140 PM
[ReportManager] Browser Action [closeCurrentWindow] successfully performed. @04-05-2021 13:03:35.0200 PM
[ReportManager] Successfully created attachment [Browser Action Test Data - closeCurrentWindow - Actual Value] @04-05-2021 13:03:35.0201 P
[ReportManager] File Action [getAbsolutePath] successfully performed. With the following test data [Relative Folder Path: "target/downloadedFiles/"]. @04-05-2021 13:03:35.0207 PM
[ReportManager] Attempting to run remotely on: [Linux-64], [GoogleChrome], [http://localhost:4444/wd/hub], Headless Execution. @04-05-2021 13:03:35.0208 PM
[ReportManager] Successfully Opened [GoogleChrome]. @04-05-2021 13:03:35.0435 PM
[ReportManager] Target URL: [https://www.google.com/ncr], and after redirection: [www.google.com] @04-05-2021 13:03:35.0449 PM
[ReportManager] Initial URL: [data:,] @04-05-2021 13:03:35.0491 PM
[ReportManager] Browser Action [navigateToURL] successfully performed. With the following test data [https://www.google.com/ncr]. @04-05-2021 13:03:36.0291 P

################################################################################################################################################
Starting Execution:	[91 out of 137] test cases in the current suite
Test Method:		[unitTests.tests_validations_assertions.assertElementAttribute_true_literalComparison_expectedToPass]
################################################################################################################################################
[ReportManager] Element Action [type] successfully performed. With the following test data [Automation!@#$%^&*()_+{}[]\';/.,]. @04-05-2021 13:03:37.0471 PM
[ReportManager] Element Action [getText] successfully performed. With the following test data [Automation!@#$%^&*()_+{}[]\';/.,]. @04-05-2021 13:03:37.0567 PM
[ReportManager] Loaded Shared OpenCV @04-05-2021 13:03:37.0728 PM
[ReportManager] AssertElementAttribute PASSED; Expected [Value Should be 'Automation!@#$%^&*()_+{}[]\';/.,' for the 'text' attribute, element locator 'By.name: q'] and Actual [Automation!@#$%^&*()_+{}[]\';/.,]. Comparison Type [EQUALS]. Validation Type [POSITIVE]. @04-05-2021 13:03:37.0803 PM
[ReportManager] Successfully created attachment [Screenshot - 1620133417728_assertElementAttribute_true_literalComparison_expectedToPass_AssertElementAttribute_passed] @04-05-2021 13:03:37.0804 P
[ReportManager] Successfully created attachment [Selenium WebDriver Logs - server] @04-05-2021 13:03:37.0880 PM
[ReportManager] Successfully created attachment [Selenium WebDriver Logs - performance] @04-05-2021 13:03:38.0040 PM
[ReportManager] Successfully created attachment [Selenium WebDriver Logs - driver] @04-05-2021 13:03:38.0209 PM
[ReportManager] Browser Action [closeCurrentWindow] successfully performed. @04-05-2021 13:03:38.0267 PM
[ReportManager] Successfully created attachment [Browser Action Test Data - closeCurrentWindow - Actual Value] @04-05-2021 13:03:38.0267 P
[ReportManager] File Action [getAbsolutePath] successfully performed. With the following test data [Relative Folder Path: "target/downloadedFiles/"]. @04-05-2021 13:03:38.0272 PM
[ReportManager] Attempting to run remotely on: [Linux-64], [GoogleChrome], [http://localhost:4444/wd/hub], Headless Execution. @04-05-2021 13:03:38.0273 PM
[ReportManager] Successfully Opened [GoogleChrome]. @04-05-2021 13:03:38.0470 PM
[ReportManager] Target URL: [https://www.google.com/ncr], and after redirection: [www.google.com] @04-05-2021 13:03:38.0479 PM
[ReportManager] Initial URL: [data:,] @04-05-2021 13:03:38.0520 PM
[ReportManager] Browser Action [navigateToURL] successfully performed. With the following test data [https://www.google.com/ncr]. @04-05-2021 13:03:39.0326 P

################################################################################################################################################
Starting Execution:	[92 out of 137] test cases in the current suite
Test Method:		[unitTests.tests_validations_assertions.assertElementAttribute_true_regexComparison_expectedToFail]
################################################################################################################################################
[ReportManager] Element Action [type] successfully performed. With the following test data [Automation123]. @04-05-2021 13:03:39.0882 PM
[ReportManager] Element Action [getText] successfully performed. With the following test data [Automation123]. @04-05-2021 13:03:39.0983 PM
[ReportManager] Loaded Shared OpenCV @04-05-2021 13:03:40.0136 PM
[ReportManager] AssertElementAttribute FAILED; Expected [Value Should be 'Automation' for the 'text' attribute, element locator 'By.name: q'] and Actual [Automation123]. Comparison Type [MATCHES]. Validation Type [POSITIVE]. @04-05-2021 13:03:40.0213 PM
[ReportManager] Successfully created attachment [Screenshot - 1620133420135_assertElementAttribute_true_regexComparison_expectedToFail_AssertElementAttribute_failed] @04-05-2021 13:03:40.0214 P
[ReportManager] Successfully created attachment [Selenium WebDriver Logs - server] @04-05-2021 13:03:40.0285 PM
[ReportManager] Successfully created attachment [Selenium WebDriver Logs - performance] @04-05-2021 13:03:40.0404 PM
[ReportManager] Successfully created attachment [Selenium WebDriver Logs - driver] @04-05-2021 13:03:40.0527 PM
[ReportManager] Browser Action [closeCurrentWindow] successfully performed. @04-05-2021 13:03:40.0582 PM
[ReportManager] Successfully created attachment [Browser Action Test Data - closeCurrentWindow - Actual Value] @04-05-2021 13:03:40.0583 P
[ReportManager] File Action [getAbsolutePath] successfully performed. With the following test data [Relative Folder Path: "target/downloadedFiles/"]. @04-05-2021 13:03:40.0587 PM
[ReportManager] Attempting to run remotely on: [Linux-64], [GoogleChrome], [http://localhost:4444/wd/hub], Headless Execution. @04-05-2021 13:03:40.0587 PM
[ReportManager] Successfully Opened [GoogleChrome]. @04-05-2021 13:03:40.0883 PM
[ReportManager] Target URL: [https://www.google.com/ncr], and after redirection: [www.google.com] @04-05-2021 13:03:40.0904 PM
[ReportManager] Initial URL: [data:,] @04-05-2021 13:03:40.0940 PM
[ReportManager] Browser Action [navigateToURL] successfully performed. With the following test data [https://www.google.com/ncr]. @04-05-2021 13:03:41.0774 P

################################################################################################################################################
Starting Execution:	[93 out of 137] test cases in the current suite
Test Method:		[unitTests.tests_validations_assertions.assertElementAttribute_true_regexComparison_expectedToPass]
################################################################################################################################################
[ReportManager] Element Action [type] successfully performed. With the following test data [Automation123]. @04-05-2021 13:03:42.0317 PM
[ReportManager] Element Action [getText] successfully performed. With the following test data [Automation123]. @04-05-2021 13:03:42.0418 PM
[ReportManager] Loaded Shared OpenCV @04-05-2021 13:03:42.0586 PM
[ReportManager] AssertElementAttribute PASSED; Expected [Value Should be 'Automation.*' for the 'text' attribute, element locator 'By.name: q'] and Actual [Automation123]. Comparison Type [MATCHES]. Validation Type [POSITIVE]. @04-05-2021 13:03:42.0654 PM
[ReportManager] Successfully created attachment [Screenshot - 1620133422586_assertElementAttribute_true_regexComparison_expectedToPass_AssertElementAttribute_passed] @04-05-2021 13:03:42.0655 P
[ReportManager] Successfully created attachment [Selenium WebDriver Logs - server] @04-05-2021 13:03:42.0731 PM
[ReportManager] Successfully created attachment [Selenium WebDriver Logs - performance] @04-05-2021 13:03:42.0810 PM
[ReportManager] Successfully created attachment [Selenium WebDriver Logs - driver] @04-05-2021 13:03:42.0922 PM
[ReportManager] Browser Action [closeCurrentWindow] successfully performed. @04-05-2021 13:03:42.0978 PM
[ReportManager] Successfully created attachment [Browser Action Test Data - closeCurrentWindow - Actual Value] @04-05-2021 13:03:42.0979 P
[ReportManager] File Action [getAbsolutePath] successfully performed. With the following test data [Relative Folder Path: "target/downloadedFiles/"]. @04-05-2021 13:03:42.0981 PM
[ReportManager] Attempting to run remotely on: [Linux-64], [GoogleChrome], [http://localhost:4444/wd/hub], Headless Execution. @04-05-2021 13:03:42.0981 PM
[ReportManager] Successfully Opened [GoogleChrome]. @04-05-2021 13:03:43.0211 PM
[ReportManager] Target URL: [https://www.google.com/ncr], and after redirection: [www.google.com] @04-05-2021 13:03:43.0226 PM
[ReportManager] Initial URL: [data:,] @04-05-2021 13:03:43.0265 PM
[ReportManager] Browser Action [navigateToURL] successfully performed. With the following test data [https://www.google.com/ncr]. @04-05-2021 13:03:44.0072 P

################################################################################################################################################
Starting Execution:	[94 out of 137] test cases in the current suite
Test Method:		[unitTests.tests_validations_assertions.assertElementAttribute_type_true_literalComparison_expectedToPass]
################################################################################################################################################
[ReportManager] Element Action [type] successfully performed. With the following test data [Automation!@#$%^&*()_+{}[]\';/.,]. @04-05-2021 13:03:45.0261 PM
[ReportManager] Element Action [getText] successfully performed. With the following test data [Automation!@#$%^&*()_+{}[]\';/.,]. @04-05-2021 13:03:45.0358 PM
[ReportManager] Loaded Shared OpenCV @04-05-2021 13:03:45.0525 PM
[ReportManager] AssertElementAttribute PASSED; Expected [Value Should be 'Automation!@#$%^&*()_+{}[]\';/.,' for the 'text' attribute, element locator 'By.name: q'] and Actual [Automation!@#$%^&*()_+{}[]\';/.,]. Comparison Type [EQUALS]. Validation Type [POSITIVE]. @04-05-2021 13:03:45.0593 PM
[ReportManager] Successfully created attachment [Screenshot - 1620133425525_assertElementAttribute_type_true_literalComparison_expectedToPass_AssertElementAttribute_passed] @04-05-2021 13:03:45.0594 P
[ReportManager] Successfully created attachment [Selenium WebDriver Logs - server] @04-05-2021 13:03:45.0668 PM
[ReportManager] Successfully created attachment [Selenium WebDriver Logs - performance] @04-05-2021 13:03:45.0796 PM
[ReportManager] Successfully created attachment [Selenium WebDriver Logs - driver] @04-05-2021 13:03:45.0975 PM
[ReportManager] Browser Action [closeCurrentWindow] successfully performed. @04-05-2021 13:03:46.0035 PM
[ReportManager] Successfully created attachment [Browser Action Test Data - closeCurrentWindow - Actual Value] @04-05-2021 13:03:46.0036 P
[ReportManager] File Action [getAbsolutePath] successfully performed. With the following test data [Relative Folder Path: "target/downloadedFiles/"]. @04-05-2021 13:03:46.0045 PM
[ReportManager] Attempting to run remotely on: [Linux-64], [GoogleChrome], [http://localhost:4444/wd/hub], Headless Execution. @04-05-2021 13:03:46.0045 PM
[ReportManager] Successfully Opened [GoogleChrome]. @04-05-2021 13:03:46.0238 PM
[ReportManager] Target URL: [https://www.google.com/ncr], and after redirection: [www.google.com] @04-05-2021 13:03:46.0248 PM
[ReportManager] Initial URL: [data:,] @04-05-2021 13:03:46.0283 PM
[ReportManager] Browser Action [navigateToURL] successfully performed. With the following test data [https://www.google.com/ncr]. @04-05-2021 13:03:47.0098 P

################################################################################################################################################
Starting Execution:	[95 out of 137] test cases in the current suite
Test Method:		[unitTests.tests_validations_assertions.assertElementExists_false_expectedToFail]
################################################################################################################################################
[ReportManager] Loaded Shared OpenCV @04-05-2021 13:03:47.0318 PM
[ReportManager] AssertElementExists FAILED; Expected [Element Should not Exist, locator 'By.id: hplogo'] and Actual [Element Exists]. Comparison Type [EQUALS]. Validation Type [NEGATIVE]. @04-05-2021 13:03:47.0415 PM
[ReportManager] Successfully created attachment [Screenshot - 1620133427317_assertElementExists_false_expectedToFail_AssertElementExists_failed] @04-05-2021 13:03:47.0416 P
[ReportManager] Successfully created attachment [Selenium WebDriver Logs - server] @04-05-2021 13:03:47.0495 PM
[ReportManager] Successfully created attachment [Selenium WebDriver Logs - performance] @04-05-2021 13:03:47.0529 PM
[ReportManager] Successfully created attachment [Selenium WebDriver Logs - driver] @04-05-2021 13:03:47.0605 PM
[ReportManager] Browser Action [closeCurrentWindow] successfully performed. @04-05-2021 13:03:47.0661 PM
[ReportManager] Successfully created attachment [Browser Action Test Data - closeCurrentWindow - Actual Value] @04-05-2021 13:03:47.0662 P
[ReportManager] File Action [getAbsolutePath] successfully performed. With the following test data [Relative Folder Path: "target/downloadedFiles/"]. @04-05-2021 13:03:47.0668 PM
[ReportManager] Attempting to run remotely on: [Linux-64], [GoogleChrome], [http://localhost:4444/wd/hub], Headless Execution. @04-05-2021 13:03:47.0668 PM
[ReportManager] Successfully Opened [GoogleChrome]. @04-05-2021 13:03:47.0850 PM
[ReportManager] Target URL: [https://www.google.com/ncr], and after redirection: [www.google.com] @04-05-2021 13:03:47.0866 PM
[ReportManager] Initial URL: [data:,] @04-05-2021 13:03:47.0913 PM
[ReportManager] Browser Action [navigateToURL] successfully performed. With the following test data [https://www.google.com/ncr]. @04-05-2021 13:03:48.0735 P

################################################################################################################################################
Starting Execution:	[96 out of 137] test cases in the current suite
Test Method:		[unitTests.tests_validations_assertions.assertElementExists_false_expectedToPass]
################################################################################################################################################
[ReportManager] AssertElementExists PASSED; Expected [Element Should not Exist, locator 'By.id: fakeElement'] and Actual [Element Doesn't Exists]. Comparison Type [EQUALS]. Validation Type [NEGATIVE]. @04-05-2021 13:03:59.0075 PM
[ReportManager] Successfully created attachment [Screenshot - 1620133439015_assertElementExists_false_expectedToPass_AssertElementExists_passed] @04-05-2021 13:03:59.0076 P
[ReportManager] Successfully created attachment [Selenium WebDriver Logs - server] @04-05-2021 13:03:59.0150 PM
[ReportManager] Successfully created attachment [Selenium WebDriver Logs - performance] @04-05-2021 13:03:59.0181 PM
[ReportManager] Successfully created attachment [Selenium WebDriver Logs - driver] @04-05-2021 13:03:59.0250 PM
[ReportManager] Browser Action [closeCurrentWindow] successfully performed. @04-05-2021 13:03:59.0305 PM
[ReportManager] Successfully created attachment [Browser Action Test Data - closeCurrentWindow - Actual Value] @04-05-2021 13:03:59.0306 P
[ReportManager] File Action [getAbsolutePath] successfully performed. With the following test data [Relative Folder Path: "target/downloadedFiles/"]. @04-05-2021 13:03:59.0309 PM
[ReportManager] Attempting to run remotely on: [Linux-64], [GoogleChrome], [http://localhost:4444/wd/hub], Headless Execution. @04-05-2021 13:03:59.0309 PM
[ReportManager] Successfully Opened [GoogleChrome]. @04-05-2021 13:03:59.0513 PM
[ReportManager] Target URL: [https://www.google.com/ncr], and after redirection: [www.google.com] @04-05-2021 13:03:59.0523 PM
[ReportManager] Initial URL: [data:,] @04-05-2021 13:03:59.0569 PM
[ReportManager] Browser Action [navigateToURL] successfully performed. With the following test data [https://www.google.com/ncr]. @04-05-2021 13:04:00.0375 P

################################################################################################################################################
Starting Execution:	[97 out of 137] test cases in the current suite
Test Method:		[unitTests.tests_validations_assertions.assertElementExists_false_multipleElementsFound_expectedToFail]
################################################################################################################################################
[ReportManager] AssertElementExists FAILED; Expected [Element Should not Exist, locator 'By.xpath: //div'] and Actual [Element Exists but is not unique]. Comparison Type [EQUALS]. Validation Type [NEGATIVE]. @04-05-2021 13:04:00.0636 PM
[ReportManager] Successfully created attachment [Screenshot - 1620133440574_assertElementExists_false_multipleElementsFound_expectedToFail_AssertElementExists_failed] @04-05-2021 13:04:00.0637 P
[ReportManager] Successfully created attachment [Selenium WebDriver Logs - server] @04-05-2021 13:04:00.0701 PM
[ReportManager] Successfully created attachment [Selenium WebDriver Logs - performance] @04-05-2021 13:04:00.0740 PM
[ReportManager] Successfully created attachment [Selenium WebDriver Logs - driver] @04-05-2021 13:04:00.0803 PM
[ReportManager] Browser Action [closeCurrentWindow] successfully performed. @04-05-2021 13:04:00.0859 PM
[ReportManager] Successfully created attachment [Browser Action Test Data - closeCurrentWindow - Actual Value] @04-05-2021 13:04:00.0864 P
[ReportManager] File Action [getAbsolutePath] successfully performed. With the following test data [Relative Folder Path: "target/downloadedFiles/"]. @04-05-2021 13:04:00.0868 PM
[ReportManager] Attempting to run remotely on: [Linux-64], [GoogleChrome], [http://localhost:4444/wd/hub], Headless Execution. @04-05-2021 13:04:00.0868 PM
[ReportManager] Successfully Opened [GoogleChrome]. @04-05-2021 13:04:01.0078 PM
[ReportManager] Target URL: [https://www.google.com/ncr], and after redirection: [www.google.com] @04-05-2021 13:04:01.0091 PM
[ReportManager] Initial URL: [data:,] @04-05-2021 13:04:01.0129 PM
[ReportManager] Browser Action [navigateToURL] successfully performed. With the following test data [https://www.google.com/ncr]. @04-05-2021 13:04:01.0926 P

################################################################################################################################################
Starting Execution:	[98 out of 137] test cases in the current suite
Test Method:		[unitTests.tests_validations_assertions.assertElementExists_true_expectedToFail]
################################################################################################################################################
[ReportManager] AssertElementExists FAILED; Expected [Element Should Exist, locator 'By.id: fakeElement'] and Actual [Element Doesn't Exists]. Comparison Type [EQUALS]. Validation Type [POSITIVE]. @04-05-2021 13:04:32.0548 PM
[ReportManager] Successfully created attachment [Screenshot - 1620133472491_assertElementExists_true_expectedToFail_AssertElementExists_failed] @04-05-2021 13:04:32.0549 P
[ReportManager] Successfully created attachment [Selenium WebDriver Logs - server] @04-05-2021 13:04:32.0616 PM
[ReportManager] Successfully created attachment [Selenium WebDriver Logs - performance] @04-05-2021 13:04:32.0656 PM
[ReportManager] Successfully created attachment [Selenium WebDriver Logs - driver] @04-05-2021 13:04:32.0736 PM
[ReportManager] Browser Action [closeCurrentWindow] successfully performed. @04-05-2021 13:04:32.0793 PM
[ReportManager] Successfully created attachment [Browser Action Test Data - closeCurrentWindow - Actual Value] @04-05-2021 13:04:32.0793 P
[ReportManager] File Action [getAbsolutePath] successfully performed. With the following test data [Relative Folder Path: "target/downloadedFiles/"]. @04-05-2021 13:04:32.0795 PM
[ReportManager] Attempting to run remotely on: [Linux-64], [GoogleChrome], [http://localhost:4444/wd/hub], Headless Execution. @04-05-2021 13:04:32.0796 PM
[ReportManager] Successfully Opened [GoogleChrome]. @04-05-2021 13:04:32.0998 PM
[ReportManager] Target URL: [https://www.google.com/ncr], and after redirection: [www.google.com] @04-05-2021 13:04:33.0007 PM
[ReportManager] Initial URL: [data:,] @04-05-2021 13:04:33.0040 PM
[ReportManager] Browser Action [navigateToURL] successfully performed. With the following test data [https://www.google.com/ncr]. @04-05-2021 13:04:33.0850 P

################################################################################################################################################
Starting Execution:	[99 out of 137] test cases in the current suite
Test Method:		[unitTests.tests_validations_assertions.assertElementExists_true_expectedToPass]
################################################################################################################################################
[ReportManager] Loaded Shared OpenCV @04-05-2021 13:04:34.0049 PM
[ReportManager] AssertElementExists PASSED; Expected [Element Should Exist, locator 'By.xpath: //img[@id='hplogo' or @alt='Google']'] and Actual [Element Exists]. Comparison Type [EQUALS]. Validation Type [POSITIVE]. @04-05-2021 13:04:34.0115 PM
[ReportManager] Successfully created attachment [Screenshot - 1620133474049_assertElementExists_true_expectedToPass_AssertElementExists_passed] @04-05-2021 13:04:34.0116 P
[ReportManager] Successfully created attachment [Selenium WebDriver Logs - server] @04-05-2021 13:04:34.0187 PM
[ReportManager] Successfully created attachment [Selenium WebDriver Logs - performance] @04-05-2021 13:04:34.0219 PM
[ReportManager] Successfully created attachment [Selenium WebDriver Logs - driver] @04-05-2021 13:04:34.0296 PM
[ReportManager] Browser Action [closeCurrentWindow] successfully performed. @04-05-2021 13:04:34.0353 PM
[ReportManager] Successfully created attachment [Browser Action Test Data - closeCurrentWindow - Actual Value] @04-05-2021 13:04:34.0354 P
[ReportManager] File Action [getAbsolutePath] successfully performed. With the following test data [Relative Folder Path: "target/downloadedFiles/"]. @04-05-2021 13:04:34.0357 PM
[ReportManager] Attempting to run remotely on: [Linux-64], [GoogleChrome], [http://localhost:4444/wd/hub], Headless Execution. @04-05-2021 13:04:34.0357 PM
[ReportManager] Successfully Opened [GoogleChrome]. @04-05-2021 13:04:34.0582 PM
[ReportManager] Target URL: [https://www.google.com/ncr], and after redirection: [www.google.com] @04-05-2021 13:04:34.0594 PM
[ReportManager] Initial URL: [data:,] @04-05-2021 13:04:34.0630 PM
[ReportManager] Browser Action [navigateToURL] successfully performed. With the following test data [https://www.google.com/ncr]. @04-05-2021 13:04:35.0452 P

################################################################################################################################################
Starting Execution:	[100 out of 137] test cases in the current suite
Test Method:		[unitTests.tests_validations_assertions.assertElementExists_true_multipleElementsFound_expectedToFail]
################################################################################################################################################
[ReportManager] AssertElementExists FAILED; Expected [Element Should Exist, locator 'By.xpath: //div'] and Actual [Element Exists but is not unique]. Comparison Type [EQUALS]. Validation Type [POSITIVE]. @04-05-2021 13:04:35.0691 PM
[ReportManager] Successfully created attachment [Screenshot - 1620133475635_assertElementExists_true_multipleElementsFound_expectedToFail_AssertElementExists_failed] @04-05-2021 13:04:35.0692 P
[ReportManager] Successfully created attachment [Selenium WebDriver Logs - server] @04-05-2021 13:04:35.0759 PM
[ReportManager] Successfully created attachment [Selenium WebDriver Logs - performance] @04-05-2021 13:04:35.0795 PM
[ReportManager] Successfully created attachment [Selenium WebDriver Logs - driver] @04-05-2021 13:04:35.0866 PM
[ReportManager] Browser Action [closeCurrentWindow] successfully performed. @04-05-2021 13:04:35.0922 PM
[ReportManager] Successfully created attachment [Browser Action Test Data - closeCurrentWindow - Actual Value] @04-05-2021 13:04:35.0922 P

################################################################################################################################################
Starting Execution:	[101 out of 137] test cases in the current suite
Test Method:		[unitTests.tests_validations_assertions.assertEquals_false_expectedToFail]
################################################################################################################################################
[ReportManager] AssertEquals FAILED; Expected [1] and Actual [1]. Comparison Type [EQUALS]. Validation Type [NEGATIVE]. @04-05-2021 13:04:35.0926 P

################################################################################################################################################
Starting Execution:	[102 out of 137] test cases in the current suite
Test Method:		[unitTests.tests_validations_assertions.assertEquals_false_expectedToPass]
################################################################################################################################################
[ReportManager] AssertEquals PASSED; Expected [1] and Actual [2]. Comparison Type [EQUALS]. Validation Type [NEGATIVE]. @04-05-2021 13:04:35.0928 P

################################################################################################################################################
Starting Execution:	[103 out of 137] test cases in the current suite
Test Method:		[unitTests.tests_validations_assertions.assertEquals_longCharacters]
################################################################################################################################################
[ReportManager] VerifyEquals PASSED; Expected and Actual values are attached. Comparison Type [EQUALS]. Validation Type [POSITIVE]. @04-05-2021 13:04:35.0931 PM
[ReportManager] Successfully created attachment [Validation Test Data - Expected Value] @04-05-2021 13:04:35.0931 PM
[ReportManager] Successfully created attachment [Validation Test Data - Actual Value] @04-05-2021 13:04:35.0931 PM
[ReportManager] AssertEquals PASSED; Expected and Actual values are attached. Comparison Type [EQUALS]. Validation Type [POSITIVE]. @04-05-2021 13:04:35.0931 PM
[ReportManager] Successfully created attachment [Validation Test Data - Expected Value] @04-05-2021 13:04:35.0931 PM
[ReportManager] Successfully created attachment [Validation Test Data - Actual Value] @04-05-2021 13:04:35.0931 P

################################################################################################################################################
Starting Execution:	[104 out of 137] test cases in the current suite
Test Method:		[unitTests.tests_validations_assertions.assertEquals_longCharacters_Discreet]
################################################################################################################################################
[ReportManager] AssertEquals PASSED; Expected [1LH5pROcDBjjQk0t0mCr0lXuzQu9lcGj28kY8R1H81X67eVAQJgWQhILiRWVPUgZ6uCtK5cnBkF55Jr9vYngjGO1Iyf0Mktv6lruDlL9T8MAUPcUZJGHZtji6nIeadujDSNmWMj5d6C8zlFqw0CRqBU0hO5adIasHgBSNoLotAjce3NGXoDwAlp3rYreeV16VIyZXROQY] and Actual [1LH5pROcDBjjQk0t0mCr0lXuzQu9lcGj28kY8R1H81X67eVAQJgWQhILiRWVPUgZ6uCtK5cnBkF55Jr9vYngjGO1Iyf0Mktv6lruDlL9T8MAUPcUZJGHZtji6nIeadujDSNmWMj5d6C8zlFqw0CRqBU0hO5adIasHgBSNoLotAjce3NGXoDwAlp3rYreeV16VIyZXROQY]. Comparison Type [EQUALS]. Validation Type [POSITIVE]. @04-05-2021 13:04:35.0933 P

################################################################################################################################################
Starting Execution:	[105 out of 137] test cases in the current suite
Test Method:		[unitTests.tests_validations_assertions.assertEquals_true_expectedToFail]
################################################################################################################################################
[ReportManager] AssertEquals FAILED; Expected [1] and Actual [2]. Comparison Type [EQUALS]. Validation Type [POSITIVE]. @04-05-2021 13:04:35.0937 P

################################################################################################################################################
Starting Execution:	[106 out of 137] test cases in the current suite
Test Method:		[unitTests.tests_validations_assertions.assertEquals_true_expectedToPass]
Test Description:	[Assert that assertEquals works as expected when the two values are equal.]
################################################################################################################################################
[ReportManager] VerifyEquals PASSED; Expected [1] and Actual [1]. Comparison Type [EQUALS]. Validation Type [POSITIVE]. @04-05-2021 13:04:35.0939 PM
[ReportManager] AssertEquals PASSED; Expected [1] and Actual [1]. Comparison Type [EQUALS]. Validation Type [POSITIVE]. @04-05-2021 13:04:35.0939 P

################################################################################################################################################
Starting Execution:	[107 out of 137] test cases in the current suite
Test Method:		[unitTests.tests_validations_assertions.assertEquals_true_expectedToPass__]
################################################################################################################################################
[ReportManager] AssertEquals PASSED; Expected [1] and Actual [1]. Comparison Type [EQUALS]. Validation Type [POSITIVE]. @04-05-2021 13:04:35.0941 P

################################################################################################################################################
Starting Execution:	[108 out of 137] test cases in the current suite
Test Method:		[unitTests.tests_validations_assertions.assertFileExists_false_expectedToFail]
################################################################################################################################################
[ReportManager] File Action [doesFileExist] successfully performed. With the following test data [File Path: "src/main/java/com/shaft/gui/element/ElementActions.java"]. @04-05-2021 13:04:35.0943 PM
[ReportManager] AssertFileExists FAILED; Expected [File 'src/main/java/com/shaft/gui/element/ElementActions.java' should not exist, after up to '1' retries] and Actual [File exists]. Validation Type [NEGATIVE]. @04-05-2021 13:04:35.0943 P

################################################################################################################################################
Starting Execution:	[109 out of 137] test cases in the current suite
Test Method:		[unitTests.tests_validations_assertions.assertFileExists_false_expectedToPass]
################################################################################################################################################
[ReportManager] File Action [doesFileExist] successfully performed. With the following test data [File Path: "src/main/java/com/shaft/gui/element/ElementActions.java_fail"]. @04-05-2021 13:04:36.0445 PM
[ReportManager] AssertFileExists PASSED; Expected [File 'src/main/java/com/shaft/gui/element/ElementActions.java_fail' should not exist, after up to '1' retries] and Actual [File does not exist]. Validation Type [NEGATIVE]. @04-05-2021 13:04:36.0445 P

################################################################################################################################################
Starting Execution:	[110 out of 137] test cases in the current suite
Test Method:		[unitTests.tests_validations_assertions.assertFileExists_true_expectedToFail]
################################################################################################################################################
[ReportManager] File Action [doesFileExist] successfully performed. With the following test data [File Path: "src/main/java/com/shaft/gui/element/ElementActions.java_fail"]. @04-05-2021 13:04:36.0948 PM
[ReportManager] AssertFileExists FAILED; Expected [File 'src/main/java/com/shaft/gui/element/ElementActions.java_fail' should exist, after up to '1' retries] and Actual [File does not exist]. Validation Type [POSITIVE]. @04-05-2021 13:04:36.0948 P

################################################################################################################################################
Starting Execution:	[111 out of 137] test cases in the current suite
Test Method:		[unitTests.tests_validations_assertions.assertFileExists_true_expectedToPass]
################################################################################################################################################
[ReportManager] File Action [doesFileExist] successfully performed. With the following test data [File Path: "src/main/java/com/shaft/gui/element/ElementActions.java"]. @04-05-2021 13:04:36.0951 PM
[ReportManager] AssertFileExists PASSED; Expected [File 'src/main/java/com/shaft/gui/element/ElementActions.java' should exist, after up to '1' retries] and Actual [File exists]. Validation Type [POSITIVE]. @04-05-2021 13:04:36.0951 P

################################################################################################################################################
Starting Execution:	[112 out of 137] test cases in the current suite
Test Method:		[unitTests.tests_validations_assertions.assertNull_false_expectedToFail]
################################################################################################################################################
[ReportManager] AssertNull FAILED; Expected [NULL] and Actual [NULL]. Comparison Type [EQUALS]. Validation Type [NEGATIVE]. @04-05-2021 13:04:36.0956 P

################################################################################################################################################
Starting Execution:	[113 out of 137] test cases in the current suite
Test Method:		[unitTests.tests_validations_assertions.assertNull_false_expectedToPass]
################################################################################################################################################
[ReportManager] AssertNull PASSED; Expected [NULL] and Actual [1]. Comparison Type [EQUALS]. Validation Type [NEGATIVE]. @04-05-2021 13:04:36.0958 P

################################################################################################################################################
Starting Execution:	[114 out of 137] test cases in the current suite
Test Method:		[unitTests.tests_validations_assertions.assertNull_true_expectedToFail]
################################################################################################################################################
[ReportManager] AssertNull FAILED; Expected [NULL] and Actual [1]. Comparison Type [EQUALS]. Validation Type [POSITIVE]. @04-05-2021 13:04:36.0961 P

################################################################################################################################################
Starting Execution:	[115 out of 137] test cases in the current suite
Test Method:		[unitTests.tests_validations_assertions.assertNull_true_expectedToPass]
################################################################################################################################################
[ReportManager] AssertNull PASSED; Expected [NULL] and Actual [NULL]. Comparison Type [EQUALS]. Validation Type [POSITIVE]. @04-05-2021 13:04:36.0964 P
[ReportManager] File Action [getAbsolutePath] successfully performed. With the following test data [Relative Folder Path: "target/downloadedFiles/"]. @04-05-2021 13:04:36.0966 PM
[ReportManager] Attempting to run remotely on: [Linux-64], [GoogleChrome], [http://localhost:4444/wd/hub], Headless Execution. @04-05-2021 13:04:36.0966 PM
[ReportManager] Successfully Opened [GoogleChrome]. @04-05-2021 13:04:37.0147 PM
[ReportManager] Target URL: [https://duckduckgo.com] @04-05-2021 13:04:37.0171 PM
[ReportManager] Initial URL: [data:,] @04-05-2021 13:04:37.0211 PM
[ReportManager] Browser Action [navigateToURL] successfully performed. With the following test data [https://duckduckgo.com]. @04-05-2021 13:04:37.0915 P

################################################################################################################################################
Starting Execution:	[116 out of 137] test cases in the current suite
Test Method:		[unitTests.tests_browserActions.fullScreenWindow]
################################################################################################################################################
[ReportManager] Initial Windows Size: 800x600 @04-05-2021 13:04:37.0923 PM
[ReportManager] Initial window size: (800, 600) @04-05-2021 13:04:37.0927 PM
[ReportManager] Window size after Toolkit: (1920, 1080) @04-05-2021 13:04:38.0145 PM
[ReportManager] Browser Action [maximizeWindow] successfully performed. With the following test data [New screen size is now: (1920, 1080)]. @04-05-2021 13:04:38.0147 PM
[ReportManager] Current Windows Size after fullScreen: 1920x1080 @04-05-2021 13:04:38.0162 PM
[ReportManager] Browser Action [fullScreenWindow] successfully performed. @04-05-2021 13:04:38.0179 PM
[ReportManager] Successfully created attachment [Browser Action Test Data - fullScreenWindow - Actual Value] @04-05-2021 13:04:38.0180 P
[ReportManager] Target URL: [https://duckduckgo.com] @04-05-2021 13:04:38.0182 PM
[ReportManager] Initial URL: [https://duckduckgo.com] @04-05-2021 13:04:38.0241 PM
[ReportManager] Browser Action [navigateToURL] successfully performed. With the following test data [https://duckduckgo.com]. @04-05-2021 13:04:38.0608 PM
[ReportManager] Successfully created attachment [Selenium WebDriver Logs - server] @04-05-2021 13:04:38.0657 PM
[ReportManager] Successfully created attachment [Selenium WebDriver Logs - performance] @04-05-2021 13:04:38.0761 PM
[ReportManager] Successfully created attachment [Selenium WebDriver Logs - driver] @04-05-2021 13:04:38.0903 PM
[ReportManager] Browser Action [closeCurrentWindow] successfully performed. @04-05-2021 13:04:38.0959 PM
[ReportManager] Successfully created attachment [Browser Action Test Data - closeCurrentWindow - Actual Value] @04-05-2021 13:04:38.0960 P
[ReportManager] File Action [getAbsolutePath] successfully performed. With the following test data [Relative Folder Path: "target/downloadedFiles/"]. @04-05-2021 13:04:38.0964 PM
[ReportManager] Attempting to run remotely on: [Linux-64], [GoogleChrome], [http://localhost:4444/wd/hub], Headless Execution. @04-05-2021 13:04:38.0964 PM
[ReportManager] Successfully Opened [GoogleChrome]. @04-05-2021 13:04:39.0171 PM
[ReportManager] Target URL: [https://duckduckgo.com] @04-05-2021 13:04:39.0180 PM
[ReportManager] Initial URL: [data:,] @04-05-2021 13:04:39.0215 PM
[ReportManager] Browser Action [navigateToURL] successfully performed. With the following test data [https://duckduckgo.com]. @04-05-2021 13:04:39.0841 P

################################################################################################################################################
Starting Execution:	[117 out of 137] test cases in the current suite
Test Method:		[unitTests.tests_browserActions.getCurrentURL]
################################################################################################################################################
[ReportManager] Browser Action [getCurrentURL] successfully performed. With the following test data [https://duckduckgo.com/]. @04-05-2021 13:04:39.0874 P
[ReportManager] Target URL: [https://duckduckgo.com] @04-05-2021 13:04:39.0876 PM
[ReportManager] Initial URL: [https://duckduckgo.com] @04-05-2021 13:04:39.0921 PM
[ReportManager] Browser Action [navigateToURL] successfully performed. With the following test data [https://duckduckgo.com]. @04-05-2021 13:04:40.0268 PM
[ReportManager] Successfully created attachment [Selenium WebDriver Logs - server] @04-05-2021 13:04:40.0320 PM
[ReportManager] Successfully created attachment [Selenium WebDriver Logs - performance] @04-05-2021 13:04:40.0413 PM
[ReportManager] Successfully created attachment [Selenium WebDriver Logs - driver] @04-05-2021 13:04:40.0550 PM
[ReportManager] Browser Action [closeCurrentWindow] successfully performed. @04-05-2021 13:04:40.0565 PM
[ReportManager] Successfully created attachment [Browser Action Test Data - closeCurrentWindow - Actual Value] @04-05-2021 13:04:40.0565 P
[ReportManager] File Action [getAbsolutePath] successfully performed. With the following test data [Relative Folder Path: "target/downloadedFiles/"]. @04-05-2021 13:04:40.0566 PM
[ReportManager] Attempting to run remotely on: [Linux-64], [GoogleChrome], [http://localhost:4444/wd/hub], Headless Execution. @04-05-2021 13:04:40.0566 PM
[ReportManager] Successfully Opened [GoogleChrome]. @04-05-2021 13:04:40.0807 PM
[ReportManager] Target URL: [https://duckduckgo.com] @04-05-2021 13:04:40.0816 PM
[ReportManager] Initial URL: [data:,] @04-05-2021 13:04:40.0851 PM
[ReportManager] Browser Action [navigateToURL] successfully performed. With the following test data [https://duckduckgo.com]. @04-05-2021 13:04:41.0458 P

################################################################################################################################################
Starting Execution:	[118 out of 137] test cases in the current suite
Test Method:		[unitTests.tests_browserActions.getCurrentWindowTitle]
################################################################################################################################################
[ReportManager] Browser Action [getCurrentWindowTitle] successfully performed. With the following test data [DuckDuckGo  Privacy, simplified.]. @04-05-2021 13:04:41.0496 P
[ReportManager] Target URL: [https://duckduckgo.com] @04-05-2021 13:04:41.0497 PM
[ReportManager] Initial URL: [https://duckduckgo.com] @04-05-2021 13:04:41.0559 PM
[ReportManager] Browser Action [navigateToURL] successfully performed. With the following test data [https://duckduckgo.com]. @04-05-2021 13:04:41.0898 PM
[ReportManager] Successfully created attachment [Selenium WebDriver Logs - server] @04-05-2021 13:04:41.0943 PM
[ReportManager] Successfully created attachment [Selenium WebDriver Logs - performance] @04-05-2021 13:04:42.0053 PM
[ReportManager] Successfully created attachment [Selenium WebDriver Logs - driver] @04-05-2021 13:04:42.0212 PM
[ReportManager] Browser Action [closeCurrentWindow] successfully performed. @04-05-2021 13:04:42.0272 PM
[ReportManager] Successfully created attachment [Browser Action Test Data - closeCurrentWindow - Actual Value] @04-05-2021 13:04:42.0273 P
[ReportManager] File Action [getAbsolutePath] successfully performed. With the following test data [Relative Folder Path: "target/downloadedFiles/"]. @04-05-2021 13:04:42.0276 PM
[ReportManager] Attempting to run remotely on: [Linux-64], [GoogleChrome], [http://localhost:4444/wd/hub], Headless Execution. @04-05-2021 13:04:42.0276 PM
[ReportManager] Successfully Opened [GoogleChrome]. @04-05-2021 13:04:42.0479 PM
[ReportManager] Target URL: [https://duckduckgo.com] @04-05-2021 13:04:42.0488 PM
[ReportManager] Initial URL: [data:,] @04-05-2021 13:04:42.0524 PM
[ReportManager] Browser Action [navigateToURL] successfully performed. With the following test data [https://duckduckgo.com]. @04-05-2021 13:04:43.0134 P

################################################################################################################################################
Starting Execution:	[119 out of 137] test cases in the current suite
Test Method:		[unitTests.tests_browserActions.getPageSource]
################################################################################################################################################
[ReportManager] Browser Action [getPageSource] successfully performed. @04-05-2021 13:04:43.0193 PM
[ReportManager] Successfully created attachment [Browser Action Test Data - getPageSource - Actual Value] @04-05-2021 13:04:43.0194 P
[ReportManager] Target URL: [https://duckduckgo.com] @04-05-2021 13:04:43.0198 PM
[ReportManager] Initial URL: [https://duckduckgo.com] @04-05-2021 13:04:43.0273 PM
[ReportManager] Browser Action [navigateToURL] successfully performed. With the following test data [https://duckduckgo.com]. @04-05-2021 13:04:43.0646 PM
[ReportManager] Successfully created attachment [Selenium WebDriver Logs - server] @04-05-2021 13:04:43.0709 PM
[ReportManager] Successfully created attachment [Selenium WebDriver Logs - performance] @04-05-2021 13:04:43.0818 PM
[ReportManager] Successfully created attachment [Selenium WebDriver Logs - driver] @04-05-2021 13:04:43.0966 PM
[ReportManager] Browser Action [closeCurrentWindow] successfully performed. @04-05-2021 13:04:44.0024 PM
[ReportManager] Successfully created attachment [Browser Action Test Data - closeCurrentWindow - Actual Value] @04-05-2021 13:04:44.0025 P
[ReportManager] File Action [getAbsolutePath] successfully performed. With the following test data [Relative Folder Path: "target/downloadedFiles/"]. @04-05-2021 13:04:44.0028 PM
[ReportManager] Attempting to run remotely on: [Linux-64], [GoogleChrome], [http://localhost:4444/wd/hub], Headless Execution. @04-05-2021 13:04:44.0028 PM
[ReportManager] Successfully Opened [GoogleChrome]. @04-05-2021 13:04:44.0221 PM
[ReportManager] Target URL: [https://duckduckgo.com] @04-05-2021 13:04:44.0231 PM
[ReportManager] Initial URL: [data:,] @04-05-2021 13:04:44.0266 PM
[ReportManager] Browser Action [navigateToURL] successfully performed. With the following test data [https://duckduckgo.com]. @04-05-2021 13:04:44.0878 P

################################################################################################################################################
Starting Execution:	[120 out of 137] test cases in the current suite
Test Method:		[unitTests.tests_browserActions.getWindowHandle]
################################################################################################################################################
[ReportManager] Browser Action [getWindowHandle] successfully performed. With the following test data [CDwindow-0A59AF0CB0FE38BBD6D38FE60AA6D822]. @04-05-2021 13:04:44.0918 P
[ReportManager] Target URL: [https://duckduckgo.com] @04-05-2021 13:04:44.0921 PM
[ReportManager] Initial URL: [https://duckduckgo.com] @04-05-2021 13:04:44.0992 PM
[ReportManager] Browser Action [navigateToURL] successfully performed. With the following test data [https://duckduckgo.com]. @04-05-2021 13:04:45.0354 PM
[ReportManager] Successfully created attachment [Selenium WebDriver Logs - server] @04-05-2021 13:04:45.0399 PM
[ReportManager] Successfully created attachment [Selenium WebDriver Logs - performance] @04-05-2021 13:04:45.0500 PM
[ReportManager] Successfully created attachment [Selenium WebDriver Logs - driver] @04-05-2021 13:04:45.0668 PM
[ReportManager] Browser Action [closeCurrentWindow] successfully performed. @04-05-2021 13:04:45.0741 PM
[ReportManager] Successfully created attachment [Browser Action Test Data - closeCurrentWindow - Actual Value] @04-05-2021 13:04:45.0741 P
[ReportManager] File Action [getAbsolutePath] successfully performed. With the following test data [Relative Folder Path: "target/downloadedFiles/"]. @04-05-2021 13:04:45.0743 PM
[ReportManager] Attempting to run remotely on: [Linux-64], [GoogleChrome], [http://localhost:4444/wd/hub], Headless Execution. @04-05-2021 13:04:45.0743 PM
[ReportManager] Successfully Opened [GoogleChrome]. @04-05-2021 13:04:45.0923 PM
[ReportManager] Target URL: [https://duckduckgo.com] @04-05-2021 13:04:45.0934 PM
[ReportManager] Initial URL: [data:,] @04-05-2021 13:04:45.0972 PM
[ReportManager] Browser Action [navigateToURL] successfully performed. With the following test data [https://duckduckgo.com]. @04-05-2021 13:04:46.0589 P

################################################################################################################################################
Starting Execution:	[121 out of 137] test cases in the current suite
Test Method:		[unitTests.tests_browserActions.getWindowPosition]
################################################################################################################################################
[ReportManager] Browser Action [getWindowPosition] successfully performed. With the following test data [(0, 0)]. @04-05-2021 13:04:46.0631 P
[ReportManager] Target URL: [https://duckduckgo.com] @04-05-2021 13:04:46.0632 PM
[ReportManager] Initial URL: [https://duckduckgo.com] @04-05-2021 13:04:46.0679 PM
[ReportManager] Browser Action [navigateToURL] successfully performed. With the following test data [https://duckduckgo.com]. @04-05-2021 13:04:47.0011 PM
[ReportManager] Successfully created attachment [Selenium WebDriver Logs - server] @04-05-2021 13:04:47.0056 PM
[ReportManager] Successfully created attachment [Selenium WebDriver Logs - performance] @04-05-2021 13:04:47.0152 PM
[ReportManager] Successfully created attachment [Selenium WebDriver Logs - driver] @04-05-2021 13:04:47.0285 PM
[ReportManager] Browser Action [closeCurrentWindow] successfully performed. @04-05-2021 13:04:47.0342 PM
[ReportManager] Successfully created attachment [Browser Action Test Data - closeCurrentWindow - Actual Value] @04-05-2021 13:04:47.0342 P
[ReportManager] File Action [getAbsolutePath] successfully performed. With the following test data [Relative Folder Path: "target/downloadedFiles/"]. @04-05-2021 13:04:47.0344 PM
[ReportManager] Attempting to run remotely on: [Linux-64], [GoogleChrome], [http://localhost:4444/wd/hub], Headless Execution. @04-05-2021 13:04:47.0344 PM
[ReportManager] Successfully Opened [GoogleChrome]. @04-05-2021 13:04:47.0591 PM
[ReportManager] Target URL: [https://duckduckgo.com] @04-05-2021 13:04:47.0600 PM
[ReportManager] Initial URL: [data:,] @04-05-2021 13:04:47.0637 PM
[ReportManager] Browser Action [navigateToURL] successfully performed. With the following test data [https://duckduckgo.com]. @04-05-2021 13:04:48.0267 P

################################################################################################################################################
Starting Execution:	[122 out of 137] test cases in the current suite
Test Method:		[unitTests.tests_browserActions.getWindowSize]
################################################################################################################################################
[ReportManager] Browser Action [getWindowSize] successfully performed. With the following test data [(800, 600)]. @04-05-2021 13:04:48.0300 P
[ReportManager] Target URL: [https://duckduckgo.com] @04-05-2021 13:04:48.0302 PM
[ReportManager] Initial URL: [https://duckduckgo.com] @04-05-2021 13:04:48.0352 PM
[ReportManager] Browser Action [navigateToURL] successfully performed. With the following test data [https://duckduckgo.com]. @04-05-2021 13:04:48.0691 PM
[ReportManager] Successfully created attachment [Selenium WebDriver Logs - server] @04-05-2021 13:04:48.0748 PM
[ReportManager] Successfully created attachment [Selenium WebDriver Logs - performance] @04-05-2021 13:04:48.0859 PM
[ReportManager] Successfully created attachment [Selenium WebDriver Logs - driver] @04-05-2021 13:04:49.0000 PM
[ReportManager] Browser Action [closeCurrentWindow] successfully performed. @04-05-2021 13:04:49.0057 PM
[ReportManager] Successfully created attachment [Browser Action Test Data - closeCurrentWindow - Actual Value] @04-05-2021 13:04:49.0057 P
[ReportManager] File Action [getAbsolutePath] successfully performed. With the following test data [Relative Folder Path: "target/downloadedFiles/"]. @04-05-2021 13:04:49.0059 PM
[ReportManager] Attempting to run remotely on: [Linux-64], [GoogleChrome], [http://localhost:4444/wd/hub], Headless Execution. @04-05-2021 13:04:49.0059 PM
[ReportManager] Successfully Opened [GoogleChrome]. @04-05-2021 13:04:49.0249 PM
[ReportManager] Target URL: [https://duckduckgo.com] @04-05-2021 13:04:49.0268 PM
[ReportManager] Initial URL: [data:,] @04-05-2021 13:04:49.0306 PM
[ReportManager] Browser Action [navigateToURL] successfully performed. With the following test data [https://duckduckgo.com]. @04-05-2021 13:04:49.0925 P

################################################################################################################################################
Starting Execution:	[123 out of 137] test cases in the current suite
Test Method:		[unitTests.tests_browserActions.maximizeWindow]
################################################################################################################################################
[ReportManager] Initial window size: (800, 600) @04-05-2021 13:04:49.0932 PM
[ReportManager] Window size after Toolkit: (1920, 1080) @04-05-2021 13:04:50.0151 PM
[ReportManager] Browser Action [maximizeWindow] successfully performed. With the following test data [New screen size is now: (1920, 1080)]. @04-05-2021 13:04:50.0153 P
[ReportManager] Target URL: [https://duckduckgo.com] @04-05-2021 13:04:50.0155 PM
[ReportManager] Initial URL: [https://duckduckgo.com] @04-05-2021 13:04:50.0225 PM
[ReportManager] Browser Action [navigateToURL] successfully performed. With the following test data [https://duckduckgo.com]. @04-05-2021 13:04:50.0607 PM
[ReportManager] Successfully created attachment [Selenium WebDriver Logs - server] @04-05-2021 13:04:50.0667 PM
[ReportManager] Successfully created attachment [Selenium WebDriver Logs - performance] @04-05-2021 13:04:50.0779 PM
[ReportManager] Successfully created attachment [Selenium WebDriver Logs - driver] @04-05-2021 13:04:50.0931 PM
[ReportManager] Browser Action [closeCurrentWindow] successfully performed. @04-05-2021 13:04:50.0990 PM
[ReportManager] Successfully created attachment [Browser Action Test Data - closeCurrentWindow - Actual Value] @04-05-2021 13:04:50.0990 P
[ReportManager] File Action [getAbsolutePath] successfully performed. With the following test data [Relative Folder Path: "target/downloadedFiles/"]. @04-05-2021 13:04:50.0993 PM
[ReportManager] Attempting to run remotely on: [Linux-64], [GoogleChrome], [http://localhost:4444/wd/hub], Headless Execution. @04-05-2021 13:04:50.0993 PM
[ReportManager] Successfully Opened [GoogleChrome]. @04-05-2021 13:04:51.0238 PM
[ReportManager] Target URL: [https://duckduckgo.com] @04-05-2021 13:04:51.0247 PM
[ReportManager] Initial URL: [data:,] @04-05-2021 13:04:51.0283 PM
[ReportManager] Browser Action [navigateToURL] successfully performed. With the following test data [https://duckduckgo.com]. @04-05-2021 13:04:51.0919 P

################################################################################################################################################
Starting Execution:	[124 out of 137] test cases in the current suite
Test Method:		[unitTests.tests_browserActions.navigateBack]
################################################################################################################################################
[ReportManager] Target URL: [https://www.google.com/ncr], and after redirection: [https://www.google.com] @04-05-2021 13:04:51.0921 PM
[ReportManager] Initial URL: [https://duckduckgo.com] @04-05-2021 13:04:51.0977 PM
[ReportManager] Browser Action [navigateToURL] successfully performed. With the following test data [https://www.google.com/ncr]. @04-05-2021 13:04:52.0732 PM
[ReportManager] Browser Action [navigateBack] successfully performed. With the following test data [https://duckduckgo.com/]. @04-05-2021 13:04:53.0064 PM
[ReportManager] Confirming that navigating back was successful... @04-05-2021 13:04:53.0064 PM
[ReportManager] Browser Action [getCurrentURL] successfully performed. With the following test data [https://duckduckgo.com/]. @04-05-2021 13:04:53.0117 PM
[ReportManager] AssertBrowserAttribute PASSED; Expected [Value Should be 'https://duckduckgo.com' for the 'CurrentUrl' attribute] and Actual [https://duckduckgo.com/]. Comparison Type [CONTAINS]. Validation Type [POSITIVE]. @04-05-2021 13:04:53.0117 P
[ReportManager] Target URL: [https://duckduckgo.com] @04-05-2021 13:04:53.0118 PM
[ReportManager] Initial URL: [https://duckduckgo.com] @04-05-2021 13:04:53.0171 PM
[ReportManager] Browser Action [navigateToURL] successfully performed. With the following test data [https://duckduckgo.com]. @04-05-2021 13:04:53.0518 PM
[ReportManager] Successfully created attachment [Selenium WebDriver Logs - server] @04-05-2021 13:04:53.0563 PM
[ReportManager] Successfully created attachment [Selenium WebDriver Logs - performance] @04-05-2021 13:04:53.0715 PM
[ReportManager] Successfully created attachment [Selenium WebDriver Logs - driver] @04-05-2021 13:04:53.0939 PM
[ReportManager] Browser Action [closeCurrentWindow] successfully performed. @04-05-2021 13:04:53.0998 PM
[ReportManager] Successfully created attachment [Browser Action Test Data - closeCurrentWindow - Actual Value] @04-05-2021 13:04:53.0998 P
[ReportManager] File Action [getAbsolutePath] successfully performed. With the following test data [Relative Folder Path: "target/downloadedFiles/"]. @04-05-2021 13:04:54.0000 PM
[ReportManager] Attempting to run remotely on: [Linux-64], [GoogleChrome], [http://localhost:4444/wd/hub], Headless Execution. @04-05-2021 13:04:54.0003 PM
[ReportManager] Successfully Opened [GoogleChrome]. @04-05-2021 13:04:54.0274 PM
[ReportManager] Target URL: [https://duckduckgo.com] @04-05-2021 13:04:54.0289 PM
[ReportManager] Initial URL: [data:,] @04-05-2021 13:04:54.0322 PM
[ReportManager] Browser Action [navigateToURL] successfully performed. With the following test data [https://duckduckgo.com]. @04-05-2021 13:04:54.0949 P

################################################################################################################################################
Starting Execution:	[125 out of 137] test cases in the current suite
Test Method:		[unitTests.tests_browserActions.navigateForward]
################################################################################################################################################
[ReportManager] Target URL: [https://www.google.com/ncr], and after redirection: [https://www.google.com] @04-05-2021 13:04:54.0951 PM
[ReportManager] Initial URL: [https://duckduckgo.com] @04-05-2021 13:04:55.0006 PM
[ReportManager] Browser Action [navigateToURL] successfully performed. With the following test data [https://www.google.com/ncr]. @04-05-2021 13:04:55.0798 PM
[ReportManager] Browser Action [navigateBack] successfully performed. With the following test data [https://duckduckgo.com/]. @04-05-2021 13:04:56.0133 PM
[ReportManager] Browser Action [navigateForward] successfully performed. With the following test data [https://www.google.com/]. @04-05-2021 13:04:56.0513 P
[ReportManager] Target URL: [https://duckduckgo.com] @04-05-2021 13:04:56.0521 PM
[ReportManager] Initial URL: [https://www.google.com] @04-05-2021 13:04:56.0588 PM
[ReportManager] Browser Action [navigateToURL] successfully performed. With the following test data [https://duckduckgo.com]. @04-05-2021 13:04:57.0044 PM
[ReportManager] Successfully created attachment [Selenium WebDriver Logs - server] @04-05-2021 13:04:57.0090 PM
[ReportManager] Successfully created attachment [Selenium WebDriver Logs - performance] @04-05-2021 13:04:57.0244 PM
[ReportManager] Successfully created attachment [Selenium WebDriver Logs - driver] @04-05-2021 13:04:57.0486 PM
[ReportManager] Browser Action [closeCurrentWindow] successfully performed. @04-05-2021 13:04:57.0545 PM
[ReportManager] Successfully created attachment [Browser Action Test Data - closeCurrentWindow - Actual Value] @04-05-2021 13:04:57.0545 P
[ReportManager] File Action [getAbsolutePath] successfully performed. With the following test data [Relative Folder Path: "target/downloadedFiles/"]. @04-05-2021 13:04:57.0548 PM
[ReportManager] Attempting to run remotely on: [Linux-64], [GoogleChrome], [http://localhost:4444/wd/hub], Headless Execution. @04-05-2021 13:04:57.0548 PM
[ReportManager] Successfully Opened [GoogleChrome]. @04-05-2021 13:04:57.0789 PM
[ReportManager] Target URL: [https://duckduckgo.com] @04-05-2021 13:04:57.0803 PM
[ReportManager] Initial URL: [data:,] @04-05-2021 13:04:57.0842 PM
[ReportManager] Browser Action [navigateToURL] successfully performed. With the following test data [https://duckduckgo.com]. @04-05-2021 13:04:58.0459 P

################################################################################################################################################
Starting Execution:	[126 out of 137] test cases in the current suite
Test Method:		[unitTests.tests_browserActions.navigateToURL]
################################################################################################################################################
[ReportManager] Target URL: [https://duckduckgo.com] @04-05-2021 13:04:58.0470 PM
[ReportManager] Initial URL: [https://duckduckgo.com] @04-05-2021 13:04:58.0516 PM
[ReportManager] Browser Action [navigateToURL] successfully performed. With the following test data [https://duckduckgo.com]. @04-05-2021 13:04:58.0851 P
[ReportManager] Target URL: [https://duckduckgo.com] @04-05-2021 13:04:58.0853 PM
[ReportManager] Initial URL: [https://duckduckgo.com] @04-05-2021 13:04:58.0900 PM
[ReportManager] Browser Action [navigateToURL] successfully performed. With the following test data [https://duckduckgo.com]. @04-05-2021 13:04:59.0205 PM
[ReportManager] Successfully created attachment [Selenium WebDriver Logs - server] @04-05-2021 13:04:59.0254 PM
[ReportManager] Successfully created attachment [Selenium WebDriver Logs - performance] @04-05-2021 13:04:59.0409 PM
[ReportManager] Successfully created attachment [Selenium WebDriver Logs - driver] @04-05-2021 13:04:59.0594 PM
[ReportManager] Browser Action [closeCurrentWindow] successfully performed. @04-05-2021 13:04:59.0650 PM
[ReportManager] Successfully created attachment [Browser Action Test Data - closeCurrentWindow - Actual Value] @04-05-2021 13:04:59.0650 P
[ReportManager] File Action [getAbsolutePath] successfully performed. With the following test data [Relative Folder Path: "target/downloadedFiles/"]. @04-05-2021 13:04:59.0652 PM
[ReportManager] Attempting to run remotely on: [Linux-64], [GoogleChrome], [http://localhost:4444/wd/hub], Headless Execution. @04-05-2021 13:04:59.0652 PM
[ReportManager] Successfully Opened [GoogleChrome]. @04-05-2021 13:04:59.0847 PM
[ReportManager] Target URL: [https://duckduckgo.com] @04-05-2021 13:04:59.0856 PM
[ReportManager] Initial URL: [data:,] @04-05-2021 13:04:59.0899 PM
[ReportManager] Browser Action [navigateToURL] successfully performed. With the following test data [https://duckduckgo.com]. @04-05-2021 13:05:00.0514 P

################################################################################################################################################
Starting Execution:	[127 out of 137] test cases in the current suite
Test Method:		[unitTests.tests_browserActions.navigateToURLWithRedirection]
################################################################################################################################################
[ReportManager] Target URL: [https://www.google.com/ncr], and after redirection: [https://www.google.com] @04-05-2021 13:05:00.0522 PM
[ReportManager] Initial URL: [https://duckduckgo.com] @04-05-2021 13:05:00.0572 PM
[ReportManager] Browser Action [navigateToURL] successfully performed. With the following test data [https://www.google.com/ncr]. @04-05-2021 13:05:01.0380 P
[ReportManager] Target URL: [https://duckduckgo.com] @04-05-2021 13:05:01.0382 PM
[ReportManager] Initial URL: [https://www.google.com] @04-05-2021 13:05:01.0451 PM
[ReportManager] Browser Action [navigateToURL] successfully performed. With the following test data [https://duckduckgo.com]. @04-05-2021 13:05:01.0952 PM
[ReportManager] Successfully created attachment [Selenium WebDriver Logs - server] @04-05-2021 13:05:01.0999 PM
[ReportManager] Successfully created attachment [Selenium WebDriver Logs - performance] @04-05-2021 13:05:02.0098 PM
[ReportManager] Successfully created attachment [Selenium WebDriver Logs - driver] @04-05-2021 13:05:02.0248 PM
[ReportManager] Browser Action [closeCurrentWindow] successfully performed. @04-05-2021 13:05:02.0304 PM
[ReportManager] Successfully created attachment [Browser Action Test Data - closeCurrentWindow - Actual Value] @04-05-2021 13:05:02.0304 P
[ReportManager] File Action [getAbsolutePath] successfully performed. With the following test data [Relative Folder Path: "target/downloadedFiles/"]. @04-05-2021 13:05:02.0307 PM
[ReportManager] Attempting to run remotely on: [Linux-64], [GoogleChrome], [http://localhost:4444/wd/hub], Headless Execution. @04-05-2021 13:05:02.0307 PM
[ReportManager] Successfully Opened [GoogleChrome]. @04-05-2021 13:05:02.0507 PM
[ReportManager] Target URL: [https://duckduckgo.com] @04-05-2021 13:05:02.0516 PM
[ReportManager] Initial URL: [data:,] @04-05-2021 13:05:02.0550 PM
[ReportManager] Browser Action [navigateToURL] successfully performed. With the following test data [https://duckduckgo.com]. @04-05-2021 13:05:03.0185 P

################################################################################################################################################
Starting Execution:	[128 out of 137] test cases in the current suite
Test Method:		[unitTests.tests_browserActions.refreshCurrentPage]
################################################################################################################################################
[ReportManager] Browser Action [refreshCurrentPage] successfully performed. @04-05-2021 13:05:03.0430 PM
[ReportManager] Successfully created attachment [Browser Action Test Data - refreshCurrentPage - Actual Value] @04-05-2021 13:05:03.0431 P
[ReportManager] Target URL: [https://duckduckgo.com] @04-05-2021 13:05:03.0434 PM
[ReportManager] Initial URL: [https://duckduckgo.com] @04-05-2021 13:05:03.0485 PM
[ReportManager] Browser Action [navigateToURL] successfully performed. With the following test data [https://duckduckgo.com]. @04-05-2021 13:05:03.0822 PM
[ReportManager] Successfully created attachment [Selenium WebDriver Logs - server] @04-05-2021 13:05:03.0867 PM
[ReportManager] Successfully created attachment [Selenium WebDriver Logs - performance] @04-05-2021 13:05:04.0027 PM
[ReportManager] Successfully created attachment [Selenium WebDriver Logs - driver] @04-05-2021 13:05:04.0208 PM
[ReportManager] Browser Action [closeCurrentWindow] successfully performed. @04-05-2021 13:05:04.0265 PM
[ReportManager] Successfully created attachment [Browser Action Test Data - closeCurrentWindow - Actual Value] @04-05-2021 13:05:04.0270 P
[ReportManager] File Action [getAbsolutePath] successfully performed. With the following test data [Relative Folder Path: "target/downloadedFiles/"]. @04-05-2021 13:05:04.0272 PM
[ReportManager] Attempting to run remotely on: [Linux-64], [GoogleChrome], [http://localhost:4444/wd/hub], Headless Execution. @04-05-2021 13:05:04.0272 PM
[ReportManager] Successfully Opened [GoogleChrome]. @04-05-2021 13:05:04.0479 PM
[ReportManager] Target URL: [https://duckduckgo.com] @04-05-2021 13:05:04.0488 PM
[ReportManager] Initial URL: [data:,] @04-05-2021 13:05:04.0531 PM
[ReportManager] Browser Action [navigateToURL] successfully performed. With the following test data [https://duckduckgo.com]. @04-05-2021 13:05:05.0134 P

################################################################################################################################################
Starting Execution:	[129 out of 137] test cases in the current suite
Test Method:		[unitTests.tests_browserActions.setWindowSize]
################################################################################################################################################
[ReportManager] Initial window size: (800, 600) @04-05-2021 13:05:05.0147 PM
[ReportManager] Window size after SWD: (1280, 720) @04-05-2021 13:05:05.0363 PM
[ReportManager] Browser Action [setWindowSize] successfully performed. With the following test data [New screen size is now: (1280, 720)]. @04-05-2021 13:05:05.0363 P
[ReportManager] Target URL: [https://duckduckgo.com] @04-05-2021 13:05:05.0367 PM
[ReportManager] Initial URL: [https://duckduckgo.com] @04-05-2021 13:05:05.0435 PM
[ReportManager] Browser Action [navigateToURL] successfully performed. With the following test data [https://duckduckgo.com]. @04-05-2021 13:05:05.0782 PM
[ReportManager] Successfully created attachment [Selenium WebDriver Logs - server] @04-05-2021 13:05:05.0831 PM
[ReportManager] Successfully created attachment [Selenium WebDriver Logs - performance] @04-05-2021 13:05:05.0939 PM
[ReportManager] Successfully created attachment [Selenium WebDriver Logs - driver] @04-05-2021 13:05:06.0063 PM
[ReportManager] Browser Action [closeCurrentWindow] successfully performed. @04-05-2021 13:05:06.0076 PM
[ReportManager] Successfully created attachment [Browser Action Test Data - closeCurrentWindow - Actual Value] @04-05-2021 13:05:06.0076 P
[ReportManager] File Action [getAbsolutePath] successfully performed. With the following test data [Relative Folder Path: "target/downloadedFiles/"]. @04-05-2021 13:05:06.0090 PM
[ReportManager] Attempting to run remotely on: [Linux-64], [GoogleChrome], [http://localhost:4444/wd/hub], Headless Execution. @04-05-2021 13:05:06.0090 PM
[ReportManager] Successfully Opened [GoogleChrome]. @04-05-2021 13:05:06.0296 P

################################################################################################################################################
Starting Execution:	[130 out of 137] test cases in the current suite
Test Method:		[unitTests.tests_element_elementActions.waitForElementToBePresent_false_expectedToFail]
################################################################################################################################################
[ReportManager] Target URL: [https://www.google.com/ncr], and after redirection: [www.google.com] @04-05-2021 13:05:06.0312 PM
[ReportManager] Initial URL: [data:,] @04-05-2021 13:05:06.0349 PM
[ReportManager] Browser Action [navigateToURL] successfully performed. With the following test data [https://www.google.com/ncr]. @04-05-2021 13:05:07.0139 PM
[ReportManager] Waiting for element to be present; elementLocator [By.xpath: //img[@id='hplogo' or @alt='Google']], numberOfTries[1], stateOfPresence[false]... @04-05-2021 13:05:07.0145 PM
[ReportManager] Element Action [waitForElementToBePresent] failed. With the following test data [waited for the element's state of presence to be (false). Element locator (By.xpath: //img[@id='hplogo' or @alt='Google'])]. @04-05-2021 13:05:07.0341 PM
[ReportManager] Successfully created attachment [Screenshot - 1620133507282_waitForElementToBePresent_false_expectedToFail_waitForElementToBePresent_failed] @04-05-2021 13:05:07.0342 P
[ReportManager] Successfully created attachment [Selenium WebDriver Logs - server] @04-05-2021 13:05:07.0405 PM
[ReportManager] Successfully created attachment [Selenium WebDriver Logs - performance] @04-05-2021 13:05:07.0438 PM
[ReportManager] Successfully created attachment [Selenium WebDriver Logs - driver] @04-05-2021 13:05:07.0514 PM
[ReportManager] Browser Action [closeCurrentWindow] successfully performed. @04-05-2021 13:05:07.0570 PM
[ReportManager] Successfully created attachment [Browser Action Test Data - closeCurrentWindow - Actual Value] @04-05-2021 13:05:07.0570 P
[ReportManager] File Action [getAbsolutePath] successfully performed. With the following test data [Relative Folder Path: "target/downloadedFiles/"]. @04-05-2021 13:05:07.0574 PM
[ReportManager] Attempting to run remotely on: [Linux-64], [GoogleChrome], [http://localhost:4444/wd/hub], Headless Execution. @04-05-2021 13:05:07.0574 PM
[ReportManager] Successfully Opened [GoogleChrome]. @04-05-2021 13:05:07.0810 P

################################################################################################################################################
Starting Execution:	[131 out of 137] test cases in the current suite
Test Method:		[unitTests.tests_element_elementActions.waitForElementToBePresent_false_expectedToPass]
################################################################################################################################################
[ReportManager] Target URL: [https://www.google.com/ncr], and after redirection: [www.google.com] @04-05-2021 13:05:07.0823 PM
[ReportManager] Initial URL: [data:,] @04-05-2021 13:05:07.0861 PM
[ReportManager] Browser Action [navigateToURL] successfully performed. With the following test data [https://www.google.com/ncr]. @04-05-2021 13:05:08.0751 PM
[ReportManager] Waiting for element to be present; elementLocator [By.id: bla], numberOfTries[1], stateOfPresence[false]... @04-05-2021 13:05:08.0751 PM
[ReportManager] Element Action [waitForElementToBePresent] successfully performed. With the following test data [waited for the element's state of presence to be (false). Element locator (By.id: bla)]. @04-05-2021 13:05:13.0853 P
[ReportManager] Successfully created attachment [Selenium WebDriver Logs - server] @04-05-2021 13:05:13.0929 PM
[ReportManager] Successfully created attachment [Selenium WebDriver Logs - performance] @04-05-2021 13:05:13.0961 PM
[ReportManager] Successfully created attachment [Selenium WebDriver Logs - driver] @04-05-2021 13:05:14.0029 PM
[ReportManager] Browser Action [closeCurrentWindow] successfully performed. @04-05-2021 13:05:14.0085 PM
[ReportManager] Successfully created attachment [Browser Action Test Data - closeCurrentWindow - Actual Value] @04-05-2021 13:05:14.0086 P
[ReportManager] File Action [getAbsolutePath] successfully performed. With the following test data [Relative Folder Path: "target/downloadedFiles/"]. @04-05-2021 13:05:14.0088 PM
[ReportManager] Attempting to run remotely on: [Linux-64], [GoogleChrome], [http://localhost:4444/wd/hub], Headless Execution. @04-05-2021 13:05:14.0088 PM
[ReportManager] Successfully Opened [GoogleChrome]. @04-05-2021 13:05:14.0290 P

################################################################################################################################################
Starting Execution:	[132 out of 137] test cases in the current suite
Test Method:		[unitTests.tests_element_elementActions.waitForElementToBePresent_moreThanOneElement_expectedToFail]
################################################################################################################################################
[ReportManager] Target URL: [https://www.google.com/ncr], and after redirection: [www.google.com] @04-05-2021 13:05:14.0304 PM
[ReportManager] Initial URL: [data:,] @04-05-2021 13:05:14.0346 PM
[ReportManager] Browser Action [navigateToURL] successfully performed. With the following test data [https://www.google.com/ncr]. @04-05-2021 13:05:15.0182 PM
[ReportManager] Waiting for element to be present; elementLocator [By.xpath: //*], numberOfTries[1], stateOfPresence[false]... @04-05-2021 13:05:15.0182 PM
[ReportManager] Element Action [waitForElementToBePresent] failed. With the following test data [waited for the element's state of presence to be (false). Element locator (By.xpath: //*)]. @04-05-2021 13:05:15.0386 PM
[ReportManager] Successfully created attachment [Screenshot - 1620133515325_waitForElementToBePresent_moreThanOneElement_expectedToFail_waitForElementToBePresent_failed] @04-05-2021 13:05:15.0387 P
[ReportManager] Successfully created attachment [Selenium WebDriver Logs - server] @04-05-2021 13:05:15.0456 PM
[ReportManager] Successfully created attachment [Selenium WebDriver Logs - performance] @04-05-2021 13:05:15.0488 PM
[ReportManager] Successfully created attachment [Selenium WebDriver Logs - driver] @04-05-2021 13:05:15.0562 PM
[ReportManager] Browser Action [closeCurrentWindow] successfully performed. @04-05-2021 13:05:15.0618 PM
[ReportManager] Successfully created attachment [Browser Action Test Data - closeCurrentWindow - Actual Value] @04-05-2021 13:05:15.0618 P
[ReportManager] File Action [getAbsolutePath] successfully performed. With the following test data [Relative Folder Path: "target/downloadedFiles/"]. @04-05-2021 13:05:15.0620 PM
[ReportManager] Attempting to run remotely on: [Linux-64], [GoogleChrome], [http://localhost:4444/wd/hub], Headless Execution. @04-05-2021 13:05:15.0621 PM
[ReportManager] Successfully Opened [GoogleChrome]. @04-05-2021 13:05:15.0810 P

################################################################################################################################################
Starting Execution:	[133 out of 137] test cases in the current suite
Test Method:		[unitTests.tests_element_elementActions.waitForElementToBePresent_true_expectedToFail]
################################################################################################################################################
[ReportManager] Target URL: [https://www.google.com/ncr], and after redirection: [www.google.com] @04-05-2021 13:05:15.0825 PM
[ReportManager] Initial URL: [data:,] @04-05-2021 13:05:15.0869 PM
[ReportManager] Browser Action [navigateToURL] successfully performed. With the following test data [https://www.google.com/ncr]. @04-05-2021 13:05:16.0700 PM
[ReportManager] Waiting for element to be present; elementLocator [By.id: bla], numberOfTries[1], stateOfPresence[true]... @04-05-2021 13:05:16.0700 PM
[ReportManager] Element Action [waitForElementToBePresent] failed. With the following test data [waited for the element's state of presence to be (true). Element locator (By.id: bla)]. @04-05-2021 13:05:21.0962 PM
[ReportManager] Successfully created attachment [Screenshot - 1620133521897_waitForElementToBePresent_true_expectedToFail_waitForElementToBePresent_failed] @04-05-2021 13:05:21.0963 P
[ReportManager] Successfully created attachment [Selenium WebDriver Logs - server] @04-05-2021 13:05:22.0039 PM
[ReportManager] Successfully created attachment [Selenium WebDriver Logs - performance] @04-05-2021 13:05:22.0072 PM
[ReportManager] Successfully created attachment [Selenium WebDriver Logs - driver] @04-05-2021 13:05:22.0138 PM
[ReportManager] Browser Action [closeCurrentWindow] successfully performed. @04-05-2021 13:05:22.0196 PM
[ReportManager] Successfully created attachment [Browser Action Test Data - closeCurrentWindow - Actual Value] @04-05-2021 13:05:22.0197 P
[ReportManager] File Action [getAbsolutePath] successfully performed. With the following test data [Relative Folder Path: "target/downloadedFiles/"]. @04-05-2021 13:05:22.0199 PM
[ReportManager] Attempting to run remotely on: [Linux-64], [GoogleChrome], [http://localhost:4444/wd/hub], Headless Execution. @04-05-2021 13:05:22.0199 PM
[ReportManager] Successfully Opened [GoogleChrome]. @04-05-2021 13:05:22.0391 P

################################################################################################################################################
Starting Execution:	[134 out of 137] test cases in the current suite
Test Method:		[unitTests.tests_element_elementActions.waitForElementToBePresent_true_expectedToPass]
################################################################################################################################################
[ReportManager] Target URL: [https://www.google.com/ncr], and after redirection: [www.google.com] @04-05-2021 13:05:22.0405 PM
[ReportManager] Initial URL: [data:,] @04-05-2021 13:05:22.0447 PM
[ReportManager] Browser Action [navigateToURL] successfully performed. With the following test data [https://www.google.com/ncr]. @04-05-2021 13:05:23.0234 PM
[ReportManager] Waiting for element to be present; elementLocator [By.xpath: //img[@id='hplogo' or @alt='Google']], numberOfTries[1], stateOfPresence[true]... @04-05-2021 13:05:23.0234 PM
[ReportManager] Element Action [waitForElementToBePresent] successfully performed. With the following test data [waited for the element's state of presence to be (true). Element locator (By.xpath: //img[@id='hplogo' or @alt='Google'])]. @04-05-2021 13:05:23.0279 PM
[ReportManager] Using Visual AI; OpenCV... @04-05-2021 13:05:23.0280 PM
[ReportManager] File Action [doesFileExist] successfully performed. With the following test data [File Path: "src/test/resources/DynamicObjectRepository/unitTests_tests_element_elementActions_waitForElementToBePresent_true_expectedToPass_By_xpath_img_id_hplogo_or_alt_Google.png"]. @04-05-2021 13:05:23.0281 PM
[ReportManager] File Action [doesFileExist] successfully performed. With the following test data [File Path: "src/test/resources/DynamicObjectRepository/unitTests_tests_element_elementActions_waitForElementToBePresent_true_expectedToPass_By_xpath_img_id_hplogo_or_alt_Google.png"]. @04-05-2021 13:05:23.0486 PM
[ReportManager] Passing the test and saving a reference image @04-05-2021 13:05:23.0486 PM
[ReportManager] File Action [getAbsolutePath] successfully performed. With the following test data [Relative File Path: "src/test/resources/DynamicObjectRepository/unitTests_tests_element_elementActions_waitForElementToBePresent_true_expectedToPass_By_xpath_img_id_hplogo_or_alt_Google.png"]. @04-05-2021 13:05:23.0486 PM
[ReportManager] File Action [writeToFile] successfully performed. With the following test data [Target File Path: "/home/runner/work/SHAFT_ENGINE/SHAFT_ENGINE/src/test/resources/DynamicObjectRepository/unitTests_tests_element_elementActions_waitForElementToBePresent_true_expectedToPass_By_xpath_img_id_hplogo_or_alt_Google.png"]. @04-05-2021 13:05:23.0493 PM
[ReportManager] AssertElementMatches PASSED; Expected [Element should match the reference screenshot] and Actual [TRUE]. Comparison Type [EXACT_OPENCV]. Validation Type [POSITIVE]. @04-05-2021 13:05:23.0493 PM
[ReportManager] Successfully created attachment [Validation Test Data - Actual Screenshot] @04-05-2021 13:05:23.0493 P
[ReportManager] Successfully created attachment [Selenium WebDriver Logs - server] @04-05-2021 13:05:23.0561 PM
[ReportManager] Successfully created attachment [Selenium WebDriver Logs - performance] @04-05-2021 13:05:23.0597 PM
[ReportManager] Successfully created attachment [Selenium WebDriver Logs - driver] @04-05-2021 13:05:23.0664 PM
[ReportManager] Browser Action [closeCurrentWindow] successfully performed. @04-05-2021 13:05:23.0720 PM
[ReportManager] Successfully created attachment [Browser Action Test Data - closeCurrentWindow - Actual Value] @04-05-2021 13:05:23.0720 P

################################################################################################################################################
Starting Execution:	[135 out of 137] test cases in the current suite
Test Method:		[unitTests.tests_restActions.getPostsAndAssertBodyForSpecificTitle]
################################################################################################################################################
[ReportManager] Response status code: [200], status line: [HTTP/1.1 200 OK] @04-05-2021 13:05:24.0857 PM
[ReportManager] Evaluating the actual response status code against the expected one...... @04-05-2021 13:05:24.0857 PM
[ReportManager] AssertEquals PASSED; Expected [200] and Actual [200]. Comparison Type [EQUALS]. Validation Type [POSITIVE]. @04-05-2021 13:05:24.0861 PM
[ReportManager] API Action [performRequest] successfully performed. With the following test data [Request Type: "GET" | Target Status Code: "200" | Service URL: "https://jsonplaceholder.typicode.com/posts" | Content Type: "*/*" | Response Time: "700ms"]. @04-05-2021 13:05:25.0028 PM
[ReportManager] Successfully created attachment [API Response - JSON Body] @04-05-2021 13:05:25.0029 PM
[ReportManager] API Action [getResponseJSONValueAsList] successfully performed. @04-05-2021 13:05:25.0058 PM
[ReportManager] API Action [getResponseJSONValue] successfully performed. With the following test data [title]. @04-05-2021 13:05:25.0075 PM
[ReportManager] API Action [getResponseJSONValue] successfully performed. With the following test data [title]. @04-05-2021 13:05:25.0092 PM
[ReportManager] API Action [getResponseJSONValue] successfully performed. With the following test data [body]. @04-05-2021 13:05:25.0107 PM
[ReportManager] AssertEquals PASSED; Expected [qui neque nisi nulla] and Actual [est rerum tempore vitae
sequi sint nihil reprehenderit dolor beatae ea dolores neque
fugiat blanditiis voluptate porro vel nihil molestiae ut reiciendis
qui aperiam non debitis possimus qui neque nisi nulla]. Comparison Type [CONTAINS]. Validation Type [POSITIVE]. @04-05-2021 13:05:25.0107 PM
[ReportManager] API Action [getResponseJSONValue] successfully performed. With the following test data [title]. @04-05-2021 13:05:25.0122 PM
[ReportManager] API Action [getResponseJSONValue] successfully performed. With the following test data [title]. @04-05-2021 13:05:25.0137 PM
[ReportManager] API Action [getResponseJSONValue] successfully performed. With the following test data [title]. @04-05-2021 13:05:25.0151 PM
[ReportManager] API Action [getResponseJSONValue] successfully performed. With the following test data [title]. @04-05-2021 13:05:25.0167 PM
[ReportManager] API Action [getResponseJSONValue] successfully performed. With the following test data [title]. @04-05-2021 13:05:25.0185 PM
[ReportManager] API Action [getResponseJSONValue] successfully performed. With the following test data [title]. @04-05-2021 13:05:25.0198 PM
[ReportManager] API Action [getResponseJSONValue] successfully performed. With the following test data [title]. @04-05-2021 13:05:25.0212 PM
[ReportManager] API Action [getResponseJSONValue] successfully performed. With the following test data [title]. @04-05-2021 13:05:25.0228 PM
[ReportManager] API Action [getResponseJSONValue] successfully performed. With the following test data [title]. @04-05-2021 13:05:25.0245 PM
[ReportManager] API Action [getResponseJSONValue] successfully performed. With the following test data [title]. @04-05-2021 13:05:25.0264 PM
[ReportManager] API Action [getResponseJSONValue] successfully performed. With the following test data [title]. @04-05-2021 13:05:25.0286 PM
[ReportManager] API Action [getResponseJSONValue] successfully performed. With the following test data [title]. @04-05-2021 13:05:25.0297 PM
[ReportManager] API Action [getResponseJSONValue] successfully performed. With the following test data [title]. @04-05-2021 13:05:25.0309 PM
[ReportManager] API Action [getResponseJSONValue] successfully performed. With the following test data [title]. @04-05-2021 13:05:25.0328 PM
[ReportManager] API Action [getResponseJSONValue] successfully performed. With the following test data [title]. @04-05-2021 13:05:25.0341 PM
[ReportManager] API Action [getResponseJSONValue] successfully performed. With the following test data [title]. @04-05-2021 13:05:25.0355 PM
[ReportManager] API Action [getResponseJSONValue] successfully performed. With the following test data [title]. @04-05-2021 13:05:25.0367 PM
[ReportManager] API Action [getResponseJSONValue] successfully performed. With the following test data [title]. @04-05-2021 13:05:25.0377 PM
[ReportManager] API Action [getResponseJSONValue] successfully performed. With the following test data [title]. @04-05-2021 13:05:25.0390 PM
[ReportManager] API Action [getResponseJSONValue] successfully performed. With the following test data [title]. @04-05-2021 13:05:25.0400 PM
[ReportManager] API Action [getResponseJSONValue] successfully performed. With the following test data [title]. @04-05-2021 13:05:25.0415 PM
[ReportManager] API Action [getResponseJSONValue] successfully performed. With the following test data [title]. @04-05-2021 13:05:25.0429 PM
[ReportManager] API Action [getResponseJSONValue] successfully performed. With the following test data [title]. @04-05-2021 13:05:25.0440 PM
[ReportManager] API Action [getResponseJSONValue] successfully performed. With the following test data [title]. @04-05-2021 13:05:25.0451 PM
[ReportManager] API Action [getResponseJSONValue] successfully performed. With the following test data [title]. @04-05-2021 13:05:25.0462 PM
[ReportManager] API Action [getResponseJSONValue] successfully performed. With the following test data [title]. @04-05-2021 13:05:25.0469 PM
[ReportManager] API Action [getResponseJSONValue] successfully performed. With the following test data [title]. @04-05-2021 13:05:25.0476 PM
[ReportManager] API Action [getResponseJSONValue] successfully performed. With the following test data [title]. @04-05-2021 13:05:25.0507 PM
[ReportManager] API Action [getResponseJSONValue] successfully performed. With the following test data [title]. @04-05-2021 13:05:25.0519 PM
[ReportManager] API Action [getResponseJSONValue] successfully performed. With the following test data [title]. @04-05-2021 13:05:25.0527 PM
[ReportManager] API Action [getResponseJSONValue] successfully performed. With the following test data [title]. @04-05-2021 13:05:25.0533 PM
[ReportManager] API Action [getResponseJSONValue] successfully performed. With the following test data [title]. @04-05-2021 13:05:25.0547 PM
[ReportManager] API Action [getResponseJSONValue] successfully performed. With the following test data [title]. @04-05-2021 13:05:25.0554 PM
[ReportManager] API Action [getResponseJSONValue] successfully performed. With the following test data [title]. @04-05-2021 13:05:25.0564 PM
[ReportManager] API Action [getResponseJSONValue] successfully performed. With the following test data [title]. @04-05-2021 13:05:25.0572 PM
[ReportManager] API Action [getResponseJSONValue] successfully performed. With the following test data [title]. @04-05-2021 13:05:25.0581 PM
[ReportManager] API Action [getResponseJSONValue] successfully performed. With the following test data [title]. @04-05-2021 13:05:25.0589 PM
[ReportManager] API Action [getResponseJSONValue] successfully performed. With the following test data [title]. @04-05-2021 13:05:25.0605 PM
[ReportManager] API Action [getResponseJSONValue] successfully performed. With the following test data [title]. @04-05-2021 13:05:25.0613 PM
[ReportManager] API Action [getResponseJSONValue] successfully performed. With the following test data [title]. @04-05-2021 13:05:25.0622 PM
[ReportManager] API Action [getResponseJSONValue] successfully performed. With the following test data [title]. @04-05-2021 13:05:25.0630 PM
[ReportManager] API Action [getResponseJSONValue] successfully performed. With the following test data [title]. @04-05-2021 13:05:25.0637 PM
[ReportManager] API Action [getResponseJSONValue] successfully performed. With the following test data [title]. @04-05-2021 13:05:25.0644 PM
[ReportManager] API Action [getResponseJSONValue] successfully performed. With the following test data [title]. @04-05-2021 13:05:25.0650 PM
[ReportManager] API Action [getResponseJSONValue] successfully performed. With the following test data [title]. @04-05-2021 13:05:25.0665 PM
[ReportManager] API Action [getResponseJSONValue] successfully performed. With the following test data [title]. @04-05-2021 13:05:25.0679 PM
[ReportManager] API Action [getResponseJSONValue] successfully performed. With the following test data [title]. @04-05-2021 13:05:25.0688 PM
[ReportManager] API Action [getResponseJSONValue] successfully performed. With the following test data [title]. @04-05-2021 13:05:25.0695 PM
[ReportManager] API Action [getResponseJSONValue] successfully performed. With the following test data [title]. @04-05-2021 13:05:25.0703 PM
[ReportManager] API Action [getResponseJSONValue] successfully performed. With the following test data [title]. @04-05-2021 13:05:25.0710 PM
[ReportManager] API Action [getResponseJSONValue] successfully performed. With the following test data [title]. @04-05-2021 13:05:25.0720 PM
[ReportManager] API Action [getResponseJSONValue] successfully performed. With the following test data [title]. @04-05-2021 13:05:25.0730 PM
[ReportManager] API Action [getResponseJSONValue] successfully performed. With the following test data [title]. @04-05-2021 13:05:25.0737 PM
[ReportManager] API Action [getResponseJSONValue] successfully performed. With the following test data [title]. @04-05-2021 13:05:25.0752 PM
[ReportManager] API Action [getResponseJSONValue] successfully performed. With the following test data [title]. @04-05-2021 13:05:25.0762 PM
[ReportManager] API Action [getResponseJSONValue] successfully performed. With the following test data [title]. @04-05-2021 13:05:25.0769 PM
[ReportManager] API Action [getResponseJSONValue] successfully performed. With the following test data [title]. @04-05-2021 13:05:25.0775 PM
[ReportManager] API Action [getResponseJSONValue] successfully performed. With the following test data [title]. @04-05-2021 13:05:25.0788 PM
[ReportManager] API Action [getResponseJSONValue] successfully performed. With the following test data [title]. @04-05-2021 13:05:25.0834 PM
[ReportManager] API Action [getResponseJSONValue] successfully performed. With the following test data [title]. @04-05-2021 13:05:25.0844 PM
[ReportManager] API Action [getResponseJSONValue] successfully performed. With the following test data [title]. @04-05-2021 13:05:25.0852 PM
[ReportManager] API Action [getResponseJSONValue] successfully performed. With the following test data [title]. @04-05-2021 13:05:25.0866 PM
[ReportManager] API Action [getResponseJSONValue] successfully performed. With the following test data [title]. @04-05-2021 13:05:25.0873 PM
[ReportManager] API Action [getResponseJSONValue] successfully performed. With the following test data [title]. @04-05-2021 13:05:25.0882 PM
[ReportManager] API Action [getResponseJSONValue] successfully performed. With the following test data [title]. @04-05-2021 13:05:25.0889 PM
[ReportManager] API Action [getResponseJSONValue] successfully performed. With the following test data [title]. @04-05-2021 13:05:25.0896 PM
[ReportManager] API Action [getResponseJSONValue] successfully performed. With the following test data [title]. @04-05-2021 13:05:25.0902 PM
[ReportManager] API Action [getResponseJSONValue] successfully performed. With the following test data [title]. @04-05-2021 13:05:25.0910 PM
[ReportManager] API Action [getResponseJSONValue] successfully performed. With the following test data [title]. @04-05-2021 13:05:25.0917 PM
[ReportManager] API Action [getResponseJSONValue] successfully performed. With the following test data [title]. @04-05-2021 13:05:25.0927 PM
[ReportManager] API Action [getResponseJSONValue] successfully performed. With the following test data [title]. @04-05-2021 13:05:25.0937 PM
[ReportManager] API Action [getResponseJSONValue] successfully performed. With the following test data [title]. @04-05-2021 13:05:25.0950 PM
[ReportManager] API Action [getResponseJSONValue] successfully performed. With the following test data [title]. @04-05-2021 13:05:25.0961 PM
[ReportManager] API Action [getResponseJSONValue] successfully performed. With the following test data [title]. @04-05-2021 13:05:25.0971 PM
[ReportManager] API Action [getResponseJSONValue] successfully performed. With the following test data [title]. @04-05-2021 13:05:25.0978 PM
[ReportManager] API Action [getResponseJSONValue] successfully performed. With the following test data [title]. @04-05-2021 13:05:25.0985 PM
[ReportManager] API Action [getResponseJSONValue] successfully performed. With the following test data [title]. @04-05-2021 13:05:25.0991 PM
[ReportManager] API Action [getResponseJSONValue] successfully performed. With the following test data [title]. @04-05-2021 13:05:25.0997 PM
[ReportManager] API Action [getResponseJSONValue] successfully performed. With the following test data [title]. @04-05-2021 13:05:26.0004 PM
[ReportManager] API Action [getResponseJSONValue] successfully performed. With the following test data [title]. @04-05-2021 13:05:26.0013 PM
[ReportManager] API Action [getResponseJSONValue] successfully performed. With the following test data [title]. @04-05-2021 13:05:26.0021 PM
[ReportManager] API Action [getResponseJSONValue] successfully performed. With the following test data [title]. @04-05-2021 13:05:26.0028 PM
[ReportManager] API Action [getResponseJSONValue] successfully performed. With the following test data [title]. @04-05-2021 13:05:26.0035 PM
[ReportManager] API Action [getResponseJSONValue] successfully performed. With the following test data [title]. @04-05-2021 13:05:26.0041 PM
[ReportManager] API Action [getResponseJSONValue] successfully performed. With the following test data [title]. @04-05-2021 13:05:26.0047 PM
[ReportManager] API Action [getResponseJSONValue] successfully performed. With the following test data [title]. @04-05-2021 13:05:26.0053 PM
[ReportManager] API Action [getResponseJSONValue] successfully performed. With the following test data [title]. @04-05-2021 13:05:26.0060 PM
[ReportManager] API Action [getResponseJSONValue] successfully performed. With the following test data [title]. @04-05-2021 13:05:26.0066 PM
[ReportManager] API Action [getResponseJSONValue] successfully performed. With the following test data [title]. @04-05-2021 13:05:26.0072 PM
[ReportManager] API Action [getResponseJSONValue] successfully performed. With the following test data [title]. @04-05-2021 13:05:26.0079 PM
[ReportManager] API Action [getResponseJSONValue] successfully performed. With the following test data [title]. @04-05-2021 13:05:26.0085 PM
[ReportManager] API Action [getResponseJSONValue] successfully performed. With the following test data [title]. @04-05-2021 13:05:26.0091 PM
[ReportManager] API Action [getResponseJSONValue] successfully performed. With the following test data [title]. @04-05-2021 13:05:26.0097 PM
[ReportManager] API Action [getResponseJSONValue] successfully performed. With the following test data [title]. @04-05-2021 13:05:26.0103 PM
[ReportManager] API Action [getResponseJSONValue] successfully performed. With the following test data [title]. @04-05-2021 13:05:26.0109 PM
[ReportManager] API Action [getResponseJSONValue] successfully performed. With the following test data [title]. @04-05-2021 13:05:26.0115 PM
[ReportManager] API Action [getResponseJSONValue] successfully performed. With the following test data [title]. @04-05-2021 13:05:26.0123 PM
[ReportManager] API Action [getResponseJSONValue] successfully performed. With the following test data [title]. @04-05-2021 13:05:26.0135 P

################################################################################################################################################
Starting Execution:	[136 out of 137] test cases in the current suite
Test Method:		[unitTests.tests_restActions.validateUserEmail]
################################################################################################################################################
[ReportManager] Response status code: [200], status line: [HTTP/1.1 200 OK] @04-05-2021 13:05:26.0263 PM
[ReportManager] Evaluating the actual response status code against the expected one...... @04-05-2021 13:05:26.0263 PM
[ReportManager] AssertEquals PASSED; Expected [200] and Actual [200]. Comparison Type [EQUALS]. Validation Type [POSITIVE]. @04-05-2021 13:05:26.0263 PM
[ReportManager] API Action [performRequest] successfully performed. With the following test data [Request Type: "GET" | Target Status Code: "200" | Service URL: "https://jsonplaceholder.typicode.com/users" | Content Type: "*/*" | Response Time: "107ms"]. @04-05-2021 13:05:26.0281 PM
[ReportManager] Successfully created attachment [API Response - JSON Body] @04-05-2021 13:05:26.0281 PM
[ReportManager] AssertEquals PASSED; Expected and Actual values are attached. Comparison Type [CONTAINS]. Validation Type [POSITIVE]. @04-05-2021 13:05:26.0281 PM
[ReportManager] Successfully created attachment [Validation Test Data - Expected Value] @04-05-2021 13:05:26.0282 PM
[ReportManager] Successfully created attachment [Validation Test Data - Actual Value] @04-05-2021 13:05:26.0282 PM
[ReportManager] API Action [getResponseJSONValueAsList] successfully performed. With the following test data [$]. @04-05-2021 13:05:26.0288 PM
[ReportManager] API Action [getResponseJSONValue] successfully performed. With the following test data [name]. @04-05-2021 13:05:26.0295 PM
[ReportManager] API Action [getResponseJSONValue] successfully performed. With the following test data [email]. @04-05-2021 13:05:26.0304 PM
[ReportManager] AssertEquals PASSED; Expected [Sincere@april.biz] and Actual [Sincere@april.biz]. Comparison Type [EQUALS]. Validation Type [POSITIVE]. @04-05-2021 13:05:26.0305 PM
[ReportManager] API Action [getResponseJSONValue] successfully performed. With the following test data [name]. @04-05-2021 13:05:26.0311 PM
[ReportManager] API Action [getResponseJSONValue] successfully performed. With the following test data [name]. @04-05-2021 13:05:26.0327 PM
[ReportManager] API Action [getResponseJSONValue] successfully performed. With the following test data [name]. @04-05-2021 13:05:26.0344 PM
[ReportManager] API Action [getResponseJSONValue] successfully performed. With the following test data [name]. @04-05-2021 13:05:26.0351 PM
[ReportManager] API Action [getResponseJSONValue] successfully performed. With the following test data [name]. @04-05-2021 13:05:26.0359 PM
[ReportManager] API Action [getResponseJSONValue] successfully performed. With the following test data [name]. @04-05-2021 13:05:26.0369 PM
[ReportManager] API Action [getResponseJSONValue] successfully performed. With the following test data [name]. @04-05-2021 13:05:26.0377 PM
[ReportManager] API Action [getResponseJSONValue] successfully performed. With the following test data [name]. @04-05-2021 13:05:26.0383 PM
[ReportManager] API Action [getResponseJSONValue] successfully performed. With the following test data [name]. @04-05-2021 13:05:26.0389 P
[ReportManager] Successfully loaded the following test data file [src/test/resources/TestDataFiles/testSuite01/TestData.xlsx]. @04-05-2021 13:05:26.0448 PM
[ReportManager] Successfully created attachment [Test Data - Excel] @04-05-2021 13:05:26.0448 P

################################################################################################################################################
Starting Execution:	[137 out of 137] test cases in the current suite
Test Method:		[unitTests.tests_io_excelFileManager.getCellData_rowName_expectedToPass]
################################################################################################################################################
[ReportManager] testRowData. @04-05-2021 13:05:26.0453 P

################################################################################################################################################
Test Closure Activities
################################################################################################################################################
[ReportManager] Successfully created attachment [SHAFT Engine Logs - Execution log] @04-05-2021 13:05:26.0484 PM

################################################################################################################################################
This test run was powered by SHAFT Engine Version: [SHAFT Engine v5.2.20210427]
SHAFT Engine is licensed under the MIT License: [https://github.com/MohabMohie/SHAFT_ENGINE/blob/master/LICENSE].
################################################################################################################################################