################################################################################################################################################
Detected SHAFT Engine Version: [SHAFT Engine v5.1]
################################################################################################################################################
[ReportManager] File Action [getAbsolutePath] successfully performed. With the following test data [Relative Folder Path: "target/downloadedFiles/"]. @13-02-2021 17:29:59.0543 PM
[ReportManager] Attempting to run remotely on: [Linux-64], [GoogleChrome], [http://localhost:4444/wd/hub], Headless Execution. @13-02-2021 17:29:59.0605 PM
[ReportManager] Successfully Opened [GoogleChrome]. @13-02-2021 17:30:01.0343 P

################################################################################################################################################
Starting Execution:	[1 out of 134] test cases in the current suite
Test Method:		[unitTests.tests_element_elementActions.waitForElementToBePresent_false_expectedToFail]
################################################################################################################################################
[ReportManager] Target URL: [https://www.google.com/ncr], and after redirection: [www.google.com] @13-02-2021 17:30:01.0687 PM
[ReportManager] Initial URL: [data:,] @13-02-2021 17:30:01.0805 PM
[ReportManager] Browser Action [navigateToURL] successfully performed. With the following test data [https://www.google.com/ncr]. @13-02-2021 17:30:03.0173 PM
[ReportManager] Waiting for element to be present; elementLocator [By.id: hplogo], numberOfTries[1], stateOfPresence[false]... @13-02-2021 17:30:03.0182 PM
[ReportManager] Element Action [waitForElementToBePresent] successfully performed. With the following test data [waited up to (5) seconds, for the element's state of presence to be (false). Element locator (By.id: hplogo)]. @13-02-2021 17:30:03.0283 P
[ReportManager] Successfully created attachment [Selenium WebDriver Logs - server] @13-02-2021 17:30:03.0449 PM
[ReportManager] Successfully created attachment [Selenium WebDriver Logs - performance] @13-02-2021 17:30:03.0517 PM
[ReportManager] Successfully created attachment [Selenium WebDriver Logs - driver] @13-02-2021 17:30:03.0715 PM
[ReportManager] Browser Action [closeCurrentWindow] successfully performed. @13-02-2021 17:30:03.0778 PM
[ReportManager] Successfully created attachment [Browser Action Test Data - closeCurrentWindow - Actual Value] @13-02-2021 17:30:03.0783 P
[ReportManager] File Action [getAbsolutePath] successfully performed. With the following test data [Relative Folder Path: "target/downloadedFiles/"]. @13-02-2021 17:30:03.0796 PM
[ReportManager] Attempting to run remotely on: [Linux-64], [GoogleChrome], [http://localhost:4444/wd/hub], Headless Execution. @13-02-2021 17:30:03.0796 PM
[ReportManager] Successfully Opened [GoogleChrome]. @13-02-2021 17:30:04.0483 P

################################################################################################################################################
Starting Execution:	[2 out of 134] test cases in the current suite
Test Method:		[unitTests.tests_element_elementActions.waitForElementToBePresent_false_expectedToPass]
################################################################################################################################################
[ReportManager] Target URL: [https://www.google.com/ncr], and after redirection: [www.google.com] @13-02-2021 17:30:04.0528 PM
[ReportManager] Initial URL: [data:,] @13-02-2021 17:30:04.0619 PM
[ReportManager] Browser Action [navigateToURL] successfully performed. With the following test data [https://www.google.com/ncr]. @13-02-2021 17:30:05.0620 PM
[ReportManager] Waiting for element to be present; elementLocator [By.id: bla], numberOfTries[1], stateOfPresence[false]... @13-02-2021 17:30:05.0620 PM
[ReportManager] Element Action [waitForElementToBePresent] successfully performed. With the following test data [waited up to (5) seconds, for the element's state of presence to be (false). Element locator (By.id: bla)]. @13-02-2021 17:30:05.0683 P
[ReportManager] Successfully created attachment [Selenium WebDriver Logs - server] @13-02-2021 17:30:05.0796 PM
[ReportManager] Successfully created attachment [Selenium WebDriver Logs - performance] @13-02-2021 17:30:05.0846 PM
[ReportManager] Successfully created attachment [Selenium WebDriver Logs - driver] @13-02-2021 17:30:06.0011 PM
[ReportManager] Browser Action [closeCurrentWindow] successfully performed. @13-02-2021 17:30:06.0080 PM
[ReportManager] Successfully created attachment [Browser Action Test Data - closeCurrentWindow - Actual Value] @13-02-2021 17:30:06.0083 P
[ReportManager] File Action [getAbsolutePath] successfully performed. With the following test data [Relative Folder Path: "target/downloadedFiles/"]. @13-02-2021 17:30:06.0111 PM
[ReportManager] Attempting to run remotely on: [Linux-64], [GoogleChrome], [http://localhost:4444/wd/hub], Headless Execution. @13-02-2021 17:30:06.0111 PM
[ReportManager] Successfully Opened [GoogleChrome]. @13-02-2021 17:30:06.0821 P

################################################################################################################################################
Starting Execution:	[3 out of 134] test cases in the current suite
Test Method:		[unitTests.tests_element_elementActions.waitForElementToBePresent_moreThanOneElement_expectedToFail]
################################################################################################################################################
[ReportManager] Target URL: [https://www.google.com/ncr], and after redirection: [www.google.com] @13-02-2021 17:30:06.0858 PM
[ReportManager] Initial URL: [data:,] @13-02-2021 17:30:06.0972 PM
[ReportManager] Browser Action [navigateToURL] successfully performed. With the following test data [https://www.google.com/ncr]. @13-02-2021 17:30:07.0963 PM
[ReportManager] Waiting for element to be present; elementLocator [By.xpath: //*], numberOfTries[1], stateOfPresence[false]... @13-02-2021 17:30:07.0964 PM
[ReportManager] Element Action [waitForElementToBePresent] failed. With the following test data [waited up to (5) seconds, for the element's state of presence to be (false). Element locator (By.xpath: //*)]. @13-02-2021 17:30:08.0539 PM
[ReportManager] Successfully created attachment [Screenshot - 1613237408131_waitForElementToBePresent_moreThanOneElement_expectedToFail_waitForElementToBePresent_failed] @13-02-2021 17:30:08.0554 P
[ReportManager] Successfully created attachment [Selenium WebDriver Logs - server] @13-02-2021 17:30:08.0692 PM
[ReportManager] Successfully created attachment [Selenium WebDriver Logs - performance] @13-02-2021 17:30:08.0742 PM
[ReportManager] Successfully created attachment [Selenium WebDriver Logs - driver] @13-02-2021 17:30:08.0854 PM
[ReportManager] Browser Action [closeCurrentWindow] successfully performed. @13-02-2021 17:30:08.0922 PM
[ReportManager] Successfully created attachment [Browser Action Test Data - closeCurrentWindow - Actual Value] @13-02-2021 17:30:08.0923 P
[ReportManager] File Action [getAbsolutePath] successfully performed. With the following test data [Relative Folder Path: "target/downloadedFiles/"]. @13-02-2021 17:30:08.0934 PM
[ReportManager] Attempting to run remotely on: [Linux-64], [GoogleChrome], [http://localhost:4444/wd/hub], Headless Execution. @13-02-2021 17:30:08.0935 PM
[ReportManager] Successfully Opened [GoogleChrome]. @13-02-2021 17:30:09.0722 P

################################################################################################################################################
Starting Execution:	[4 out of 134] test cases in the current suite
Test Method:		[unitTests.tests_element_elementActions.waitForElementToBePresent_true_expectedToFail]
################################################################################################################################################
[ReportManager] Target URL: [https://www.google.com/ncr], and after redirection: [www.google.com] @13-02-2021 17:30:09.0760 PM
[ReportManager] Initial URL: [data:,] @13-02-2021 17:30:09.0836 PM
[ReportManager] Browser Action [navigateToURL] successfully performed. With the following test data [https://www.google.com/ncr]. @13-02-2021 17:30:10.0861 PM
[ReportManager] Waiting for element to be present; elementLocator [By.id: bla], numberOfTries[1], stateOfPresence[true]... @13-02-2021 17:30:10.0861 PM
[ReportManager] Element Action [waitForElementToBePresent] failed. With the following test data [waited up to (5) seconds, for the element's state of presence to be (true). Element locator (By.id: bla)]. @13-02-2021 17:30:11.0152 PM
[ReportManager] Successfully created attachment [Screenshot - 1613237411023_waitForElementToBePresent_true_expectedToFail_waitForElementToBePresent_failed] @13-02-2021 17:30:11.0154 P
[ReportManager] Successfully created attachment [Selenium WebDriver Logs - server] @13-02-2021 17:30:11.0286 PM
[ReportManager] Successfully created attachment [Selenium WebDriver Logs - performance] @13-02-2021 17:30:11.0338 PM
[ReportManager] Successfully created attachment [Selenium WebDriver Logs - driver] @13-02-2021 17:30:11.0433 PM
[ReportManager] Browser Action [closeCurrentWindow] successfully performed. @13-02-2021 17:30:11.0498 PM
[ReportManager] Successfully created attachment [Browser Action Test Data - closeCurrentWindow - Actual Value] @13-02-2021 17:30:11.0501 P
[ReportManager] File Action [getAbsolutePath] successfully performed. With the following test data [Relative Folder Path: "target/downloadedFiles/"]. @13-02-2021 17:30:11.0511 PM
[ReportManager] Attempting to run remotely on: [Linux-64], [GoogleChrome], [http://localhost:4444/wd/hub], Headless Execution. @13-02-2021 17:30:11.0511 PM
[ReportManager] Successfully Opened [GoogleChrome]. @13-02-2021 17:30:11.0866 P

################################################################################################################################################
Starting Execution:	[5 out of 134] test cases in the current suite
Test Method:		[unitTests.tests_element_elementActions.waitForElementToBePresent_true_expectedToPass]
################################################################################################################################################
[ReportManager] Target URL: [https://www.google.com/ncr], and after redirection: [www.google.com] @13-02-2021 17:30:11.0954 PM
[ReportManager] Initial URL: [data:,] @13-02-2021 17:30:12.0016 PM
[ReportManager] Browser Action [navigateToURL] successfully performed. With the following test data [https://www.google.com/ncr]. @13-02-2021 17:30:12.0964 PM
[ReportManager] Waiting for element to be present; elementLocator [By.id: hplogo], numberOfTries[1], stateOfPresence[true]... @13-02-2021 17:30:12.0964 PM
[ReportManager] Element Action [waitForElementToBePresent] failed. With the following test data [waited up to (5) seconds, for the element's state of presence to be (true). Element locator (By.id: hplogo)]. @13-02-2021 17:30:13.0181 PM
[ReportManager] Successfully created attachment [Screenshot - 1613237413105_waitForElementToBePresent_true_expectedToPass_waitForElementToBePresent_failed] @13-02-2021 17:30:13.0183 P
[ReportManager] Successfully created attachment [Selenium WebDriver Logs - server] @13-02-2021 17:30:13.0321 PM
[ReportManager] Successfully created attachment [Selenium WebDriver Logs - performance] @13-02-2021 17:30:13.0369 PM
[ReportManager] Successfully created attachment [Selenium WebDriver Logs - driver] @13-02-2021 17:30:13.0448 PM
[ReportManager] Browser Action [closeCurrentWindow] successfully performed. @13-02-2021 17:30:13.0508 PM
[ReportManager] Successfully created attachment [Browser Action Test Data - closeCurrentWindow - Actual Value] @13-02-2021 17:30:13.0509 P
[ReportManager] File Action [getAbsolutePath] successfully performed. With the following test data [Relative Folder Path: "target/downloadedFiles/"]. @13-02-2021 17:30:13.0514 PM
[ReportManager] Attempting to run remotely on: [Linux-64], [GoogleChrome], [http://localhost:4444/wd/hub], Headless Execution. @13-02-2021 17:30:13.0514 PM
[ReportManager] Successfully Opened [GoogleChrome]. @13-02-2021 17:30:13.0820 PM
[ReportManager] Target URL: [https://duckduckgo.com] @13-02-2021 17:30:13.0841 PM
[ReportManager] Initial URL: [data:,] @13-02-2021 17:30:13.0909 PM
[ReportManager] Browser Action [navigateToURL] successfully performed. With the following test data [https://duckduckgo.com]. @13-02-2021 17:30:15.0321 P

################################################################################################################################################
Starting Execution:	[6 out of 134] test cases in the current suite
Test Method:		[unitTests.tests_browserActions.fullScreenWindow]
################################################################################################################################################
[ReportManager] Initial Windows Size: 800x600 @13-02-2021 17:30:15.0348 PM
[ReportManager] Initial window size: (800, 600) @13-02-2021 17:30:15.0355 PM
[ReportManager] Window size after Toolkit: (1920, 1080) @13-02-2021 17:30:15.0598 PM
[ReportManager] Browser Action [maximizeWindow] successfully performed. With the following test data [New screen size is now: (1920, 1080)]. @13-02-2021 17:30:15.0607 PM
[ReportManager] Current Windows Size after fullScreen: 1920x1080 @13-02-2021 17:30:15.0616 PM
[ReportManager] Browser Action [fullScreenWindow] successfully performed. @13-02-2021 17:30:15.0640 PM
[ReportManager] Successfully created attachment [Browser Action Test Data - fullScreenWindow - Actual Value] @13-02-2021 17:30:15.0642 P
[ReportManager] Target URL: [https://duckduckgo.com] @13-02-2021 17:30:15.0655 PM
[ReportManager] Initial URL: [https://duckduckgo.com] @13-02-2021 17:30:15.0759 PM
[ReportManager] Browser Action [navigateToURL] successfully performed. With the following test data [https://duckduckgo.com]. @13-02-2021 17:30:16.0311 PM
[ReportManager] Successfully created attachment [Selenium WebDriver Logs - server] @13-02-2021 17:30:16.0397 PM
[ReportManager] Successfully created attachment [Selenium WebDriver Logs - performance] @13-02-2021 17:30:16.0555 PM
[ReportManager] Successfully created attachment [Selenium WebDriver Logs - driver] @13-02-2021 17:30:16.0736 PM
[ReportManager] Browser Action [closeCurrentWindow] successfully performed. @13-02-2021 17:30:16.0796 PM
[ReportManager] Successfully created attachment [Browser Action Test Data - closeCurrentWindow - Actual Value] @13-02-2021 17:30:16.0801 P
[ReportManager] File Action [getAbsolutePath] successfully performed. With the following test data [Relative Folder Path: "target/downloadedFiles/"]. @13-02-2021 17:30:16.0808 PM
[ReportManager] Attempting to run remotely on: [Linux-64], [GoogleChrome], [http://localhost:4444/wd/hub], Headless Execution. @13-02-2021 17:30:16.0808 PM
[ReportManager] Successfully Opened [GoogleChrome]. @13-02-2021 17:30:17.0087 PM
[ReportManager] Target URL: [https://duckduckgo.com] @13-02-2021 17:30:17.0116 PM
[ReportManager] Initial URL: [data:,] @13-02-2021 17:30:17.0190 PM
[ReportManager] Browser Action [navigateToURL] successfully performed. With the following test data [https://duckduckgo.com]. @13-02-2021 17:30:17.0838 P

################################################################################################################################################
Starting Execution:	[7 out of 134] test cases in the current suite
Test Method:		[unitTests.tests_browserActions.getCurrentURL]
################################################################################################################################################
[ReportManager] Browser Action [getCurrentURL] successfully performed. With the following test data [https://duckduckgo.com/]. @13-02-2021 17:30:17.0902 P
[ReportManager] Target URL: [https://duckduckgo.com] @13-02-2021 17:30:17.0905 PM
[ReportManager] Initial URL: [https://duckduckgo.com] @13-02-2021 17:30:17.0985 PM
[ReportManager] Browser Action [navigateToURL] successfully performed. With the following test data [https://duckduckgo.com]. @13-02-2021 17:30:18.0439 PM
[ReportManager] Successfully created attachment [Selenium WebDriver Logs - server] @13-02-2021 17:30:18.0520 PM
[ReportManager] Successfully created attachment [Selenium WebDriver Logs - performance] @13-02-2021 17:30:18.0634 PM
[ReportManager] Successfully created attachment [Selenium WebDriver Logs - driver] @13-02-2021 17:30:18.0822 PM
[ReportManager] Browser Action [closeCurrentWindow] successfully performed. @13-02-2021 17:30:18.0883 PM
[ReportManager] Successfully created attachment [Browser Action Test Data - closeCurrentWindow - Actual Value] @13-02-2021 17:30:18.0884 P
[ReportManager] File Action [getAbsolutePath] successfully performed. With the following test data [Relative Folder Path: "target/downloadedFiles/"]. @13-02-2021 17:30:18.0890 PM
[ReportManager] Attempting to run remotely on: [Linux-64], [GoogleChrome], [http://localhost:4444/wd/hub], Headless Execution. @13-02-2021 17:30:18.0890 PM
[ReportManager] Successfully Opened [GoogleChrome]. @13-02-2021 17:30:19.0217 PM
[ReportManager] Target URL: [https://duckduckgo.com] @13-02-2021 17:30:19.0239 PM
[ReportManager] Initial URL: [data:,] @13-02-2021 17:30:19.0330 PM
[ReportManager] Browser Action [navigateToURL] successfully performed. With the following test data [https://duckduckgo.com]. @13-02-2021 17:30:20.0013 P

################################################################################################################################################
Starting Execution:	[8 out of 134] test cases in the current suite
Test Method:		[unitTests.tests_browserActions.getCurrentWindowTitle]
################################################################################################################################################
[ReportManager] Browser Action [getCurrentWindowTitle] successfully performed. With the following test data [DuckDuckGo â€” Privacy, simplified.]. @13-02-2021 17:30:20.0072 P
[ReportManager] Target URL: [https://duckduckgo.com] @13-02-2021 17:30:20.0074 PM
[ReportManager] Initial URL: [https://duckduckgo.com] @13-02-2021 17:30:20.0178 PM
[ReportManager] Browser Action [navigateToURL] successfully performed. With the following test data [https://duckduckgo.com]. @13-02-2021 17:30:20.0613 PM
[ReportManager] Successfully created attachment [Selenium WebDriver Logs - server] @13-02-2021 17:30:20.0684 PM
[ReportManager] Successfully created attachment [Selenium WebDriver Logs - performance] @13-02-2021 17:30:20.0803 PM
[ReportManager] Successfully created attachment [Selenium WebDriver Logs - driver] @13-02-2021 17:30:20.0993 PM
[ReportManager] Browser Action [closeCurrentWindow] successfully performed. @13-02-2021 17:30:21.0057 PM
[ReportManager] Successfully created attachment [Browser Action Test Data - closeCurrentWindow - Actual Value] @13-02-2021 17:30:21.0058 P
[ReportManager] File Action [getAbsolutePath] successfully performed. With the following test data [Relative Folder Path: "target/downloadedFiles/"]. @13-02-2021 17:30:21.0067 PM
[ReportManager] Attempting to run remotely on: [Linux-64], [GoogleChrome], [http://localhost:4444/wd/hub], Headless Execution. @13-02-2021 17:30:21.0068 PM
[ReportManager] Successfully Opened [GoogleChrome]. @13-02-2021 17:30:21.0342 PM
[ReportManager] Target URL: [https://duckduckgo.com] @13-02-2021 17:30:21.0356 PM
[ReportManager] Initial URL: [data:,] @13-02-2021 17:30:21.0408 PM
[ReportManager] Browser Action [navigateToURL] successfully performed. With the following test data [https://duckduckgo.com]. @13-02-2021 17:30:22.0027 P

################################################################################################################################################
Starting Execution:	[9 out of 134] test cases in the current suite
Test Method:		[unitTests.tests_browserActions.getPageSource]
################################################################################################################################################
[ReportManager] Browser Action [getPageSource] successfully performed. @13-02-2021 17:30:22.0093 PM
[ReportManager] Successfully created attachment [Browser Action Test Data - getPageSource - Actual Value] @13-02-2021 17:30:22.0094 P
[ReportManager] Target URL: [https://duckduckgo.com] @13-02-2021 17:30:22.0097 PM
[ReportManager] Initial URL: [https://duckduckgo.com] @13-02-2021 17:30:22.0188 PM
[ReportManager] Browser Action [navigateToURL] successfully performed. With the following test data [https://duckduckgo.com]. @13-02-2021 17:30:22.0582 PM
[ReportManager] Successfully created attachment [Selenium WebDriver Logs - server] @13-02-2021 17:30:22.0654 PM
[ReportManager] Successfully created attachment [Selenium WebDriver Logs - performance] @13-02-2021 17:30:22.0760 PM
[ReportManager] Successfully created attachment [Selenium WebDriver Logs - driver] @13-02-2021 17:30:22.0917 PM
[ReportManager] Browser Action [closeCurrentWindow] successfully performed. @13-02-2021 17:30:22.0975 PM
[ReportManager] Successfully created attachment [Browser Action Test Data - closeCurrentWindow - Actual Value] @13-02-2021 17:30:22.0976 P
[ReportManager] File Action [getAbsolutePath] successfully performed. With the following test data [Relative Folder Path: "target/downloadedFiles/"]. @13-02-2021 17:30:22.0978 PM
[ReportManager] Attempting to run remotely on: [Linux-64], [GoogleChrome], [http://localhost:4444/wd/hub], Headless Execution. @13-02-2021 17:30:22.0978 PM
[ReportManager] Successfully Opened [GoogleChrome]. @13-02-2021 17:30:23.0241 PM
[ReportManager] Target URL: [https://duckduckgo.com] @13-02-2021 17:30:23.0256 PM
[ReportManager] Initial URL: [data:,] @13-02-2021 17:30:23.0310 PM
[ReportManager] Browser Action [navigateToURL] successfully performed. With the following test data [https://duckduckgo.com]. @13-02-2021 17:30:23.0859 P

################################################################################################################################################
Starting Execution:	[10 out of 134] test cases in the current suite
Test Method:		[unitTests.tests_browserActions.getWindowHandle]
################################################################################################################################################
[ReportManager] Browser Action [getWindowHandle] successfully performed. With the following test data [CDwindow-C7B96514C6566E6B4F2CE2C5B09C1470]. @13-02-2021 17:30:23.0978 P
[ReportManager] Target URL: [https://duckduckgo.com] @13-02-2021 17:30:23.0981 PM
[ReportManager] Initial URL: [https://duckduckgo.com] @13-02-2021 17:30:24.0108 PM
[ReportManager] Browser Action [navigateToURL] successfully performed. With the following test data [https://duckduckgo.com]. @13-02-2021 17:30:24.0525 PM
[ReportManager] Successfully created attachment [Selenium WebDriver Logs - server] @13-02-2021 17:30:24.0595 PM
[ReportManager] Successfully created attachment [Selenium WebDriver Logs - performance] @13-02-2021 17:30:24.0702 PM
[ReportManager] Successfully created attachment [Selenium WebDriver Logs - driver] @13-02-2021 17:30:24.0847 PM
[ReportManager] Browser Action [closeCurrentWindow] successfully performed. @13-02-2021 17:30:24.0905 PM
[ReportManager] Successfully created attachment [Browser Action Test Data - closeCurrentWindow - Actual Value] @13-02-2021 17:30:24.0906 P
[ReportManager] File Action [getAbsolutePath] successfully performed. With the following test data [Relative Folder Path: "target/downloadedFiles/"]. @13-02-2021 17:30:24.0908 PM
[ReportManager] Attempting to run remotely on: [Linux-64], [GoogleChrome], [http://localhost:4444/wd/hub], Headless Execution. @13-02-2021 17:30:24.0908 PM
[ReportManager] Successfully Opened [GoogleChrome]. @13-02-2021 17:30:25.0174 PM
[ReportManager] Target URL: [https://duckduckgo.com] @13-02-2021 17:30:25.0187 PM
[ReportManager] Initial URL: [data:,] @13-02-2021 17:30:25.0239 PM
[ReportManager] Browser Action [navigateToURL] successfully performed. With the following test data [https://duckduckgo.com]. @13-02-2021 17:30:25.0820 P

################################################################################################################################################
Starting Execution:	[11 out of 134] test cases in the current suite
Test Method:		[unitTests.tests_browserActions.getWindowPosition]
################################################################################################################################################
[ReportManager] Browser Action [getWindowPosition] successfully performed. With the following test data [(0, 0)]. @13-02-2021 17:30:25.0885 P
[ReportManager] Target URL: [https://duckduckgo.com] @13-02-2021 17:30:25.0905 PM
[ReportManager] Initial URL: [https://duckduckgo.com] @13-02-2021 17:30:26.0023 PM
[ReportManager] Browser Action [navigateToURL] successfully performed. With the following test data [https://duckduckgo.com]. @13-02-2021 17:30:26.0413 PM
[ReportManager] Successfully created attachment [Selenium WebDriver Logs - server] @13-02-2021 17:30:26.0493 PM
[ReportManager] Successfully created attachment [Selenium WebDriver Logs - performance] @13-02-2021 17:30:26.0616 PM
[ReportManager] Successfully created attachment [Selenium WebDriver Logs - driver] @13-02-2021 17:30:26.0765 PM
[ReportManager] Browser Action [closeCurrentWindow] successfully performed. @13-02-2021 17:30:26.0822 PM
[ReportManager] Successfully created attachment [Browser Action Test Data - closeCurrentWindow - Actual Value] @13-02-2021 17:30:26.0823 P
[ReportManager] File Action [getAbsolutePath] successfully performed. With the following test data [Relative Folder Path: "target/downloadedFiles/"]. @13-02-2021 17:30:26.0826 PM
[ReportManager] Attempting to run remotely on: [Linux-64], [GoogleChrome], [http://localhost:4444/wd/hub], Headless Execution. @13-02-2021 17:30:26.0826 PM
[ReportManager] Successfully Opened [GoogleChrome]. @13-02-2021 17:30:27.0092 PM
[ReportManager] Target URL: [https://duckduckgo.com] @13-02-2021 17:30:27.0112 PM
[ReportManager] Initial URL: [data:,] @13-02-2021 17:30:27.0166 PM
[ReportManager] Browser Action [navigateToURL] successfully performed. With the following test data [https://duckduckgo.com]. @13-02-2021 17:30:27.0780 P

################################################################################################################################################
Starting Execution:	[12 out of 134] test cases in the current suite
Test Method:		[unitTests.tests_browserActions.getWindowSize]
################################################################################################################################################
[ReportManager] Browser Action [getWindowSize] successfully performed. With the following test data [(800, 600)]. @13-02-2021 17:30:27.0841 P
[ReportManager] Target URL: [https://duckduckgo.com] @13-02-2021 17:30:27.0845 PM
[ReportManager] Initial URL: [https://duckduckgo.com] @13-02-2021 17:30:27.0926 PM
[ReportManager] Browser Action [navigateToURL] successfully performed. With the following test data [https://duckduckgo.com]. @13-02-2021 17:30:28.0335 PM
[ReportManager] Successfully created attachment [Selenium WebDriver Logs - server] @13-02-2021 17:30:28.0402 PM
[ReportManager] Successfully created attachment [Selenium WebDriver Logs - performance] @13-02-2021 17:30:28.0516 PM
[ReportManager] Successfully created attachment [Selenium WebDriver Logs - driver] @13-02-2021 17:30:28.0659 PM
[ReportManager] Browser Action [closeCurrentWindow] successfully performed. @13-02-2021 17:30:28.0717 PM
[ReportManager] Successfully created attachment [Browser Action Test Data - closeCurrentWindow - Actual Value] @13-02-2021 17:30:28.0717 P
[ReportManager] File Action [getAbsolutePath] successfully performed. With the following test data [Relative Folder Path: "target/downloadedFiles/"]. @13-02-2021 17:30:28.0719 PM
[ReportManager] Attempting to run remotely on: [Linux-64], [GoogleChrome], [http://localhost:4444/wd/hub], Headless Execution. @13-02-2021 17:30:28.0720 PM
[ReportManager] Successfully Opened [GoogleChrome]. @13-02-2021 17:30:29.0087 PM
[ReportManager] Target URL: [https://duckduckgo.com] @13-02-2021 17:30:29.0101 PM
[ReportManager] Initial URL: [data:,] @13-02-2021 17:30:29.0155 PM
[ReportManager] Browser Action [navigateToURL] successfully performed. With the following test data [https://duckduckgo.com]. @13-02-2021 17:30:29.0832 P

################################################################################################################################################
Starting Execution:	[13 out of 134] test cases in the current suite
Test Method:		[unitTests.tests_browserActions.maximizeWindow]
################################################################################################################################################
[ReportManager] Initial window size: (800, 600) @13-02-2021 17:30:29.0847 PM
[ReportManager] Window size after Toolkit: (1920, 1080) @13-02-2021 17:30:30.0087 PM
[ReportManager] Browser Action [maximizeWindow] successfully performed. With the following test data [New screen size is now: (1920, 1080)]. @13-02-2021 17:30:30.0092 P
[ReportManager] Target URL: [https://duckduckgo.com] @13-02-2021 17:30:30.0109 PM
[ReportManager] Initial URL: [https://duckduckgo.com] @13-02-2021 17:30:30.0195 PM
[ReportManager] Browser Action [navigateToURL] successfully performed. With the following test data [https://duckduckgo.com]. @13-02-2021 17:30:30.0619 PM
[ReportManager] Successfully created attachment [Selenium WebDriver Logs - server] @13-02-2021 17:30:30.0690 PM
[ReportManager] Successfully created attachment [Selenium WebDriver Logs - performance] @13-02-2021 17:30:30.0814 PM
[ReportManager] Successfully created attachment [Selenium WebDriver Logs - driver] @13-02-2021 17:30:30.0966 PM
[ReportManager] Browser Action [closeCurrentWindow] successfully performed. @13-02-2021 17:30:31.0027 PM
[ReportManager] Successfully created attachment [Browser Action Test Data - closeCurrentWindow - Actual Value] @13-02-2021 17:30:31.0027 P
[ReportManager] File Action [getAbsolutePath] successfully performed. With the following test data [Relative Folder Path: "target/downloadedFiles/"]. @13-02-2021 17:30:31.0030 PM
[ReportManager] Attempting to run remotely on: [Linux-64], [GoogleChrome], [http://localhost:4444/wd/hub], Headless Execution. @13-02-2021 17:30:31.0030 PM
[ReportManager] Successfully Opened [GoogleChrome]. @13-02-2021 17:30:31.0313 PM
[ReportManager] Target URL: [https://duckduckgo.com] @13-02-2021 17:30:31.0326 PM
[ReportManager] Initial URL: [data:,] @13-02-2021 17:30:31.0393 PM
[ReportManager] Browser Action [navigateToURL] successfully performed. With the following test data [https://duckduckgo.com]. @13-02-2021 17:30:32.0002 P

################################################################################################################################################
Starting Execution:	[14 out of 134] test cases in the current suite
Test Method:		[unitTests.tests_browserActions.navigateBack]
################################################################################################################################################
[ReportManager] Target URL: [https://www.google.com/ncr], and after redirection: [https://www.google.com] @13-02-2021 17:30:32.0029 PM
[ReportManager] Initial URL: [https://duckduckgo.com] @13-02-2021 17:30:32.0101 PM
[ReportManager] Browser Action [navigateToURL] successfully performed. With the following test data [https://www.google.com/ncr]. @13-02-2021 17:30:32.0946 PM
[ReportManager] Browser Action [navigateBack] successfully performed. With the following test data [https://duckduckgo.com/]. @13-02-2021 17:30:33.0383 PM
[ReportManager] Confirming that navigating back was successful... @13-02-2021 17:30:33.0389 PM
[ReportManager] Browser Action [getCurrentURL] successfully performed. With the following test data [https://duckduckgo.com/]. @13-02-2021 17:30:33.0449 PM
[ReportManager] AssertBrowserAttribute PASSED; Expected [Value Should be 'https://duckduckgo.com' for the 'CurrentUrl' attribute] and Actual [https://duckduckgo.com/]. Comparison Type [CONTAINS]. Validation Type [POSITIVE]. @13-02-2021 17:30:33.0452 P
[ReportManager] Target URL: [https://duckduckgo.com] @13-02-2021 17:30:33.0467 PM
[ReportManager] Initial URL: [https://duckduckgo.com] @13-02-2021 17:30:33.0545 PM
[ReportManager] Browser Action [navigateToURL] successfully performed. With the following test data [https://duckduckgo.com]. @13-02-2021 17:30:34.0021 PM
[ReportManager] Successfully created attachment [Selenium WebDriver Logs - server] @13-02-2021 17:30:34.0107 PM
[ReportManager] Successfully created attachment [Selenium WebDriver Logs - performance] @13-02-2021 17:30:34.0293 PM
[ReportManager] Successfully created attachment [Selenium WebDriver Logs - driver] @13-02-2021 17:30:34.0570 PM
[ReportManager] Browser Action [closeCurrentWindow] successfully performed. @13-02-2021 17:30:34.0631 PM
[ReportManager] Successfully created attachment [Browser Action Test Data - closeCurrentWindow - Actual Value] @13-02-2021 17:30:34.0632 P
[ReportManager] File Action [getAbsolutePath] successfully performed. With the following test data [Relative Folder Path: "target/downloadedFiles/"]. @13-02-2021 17:30:34.0634 PM
[ReportManager] Attempting to run remotely on: [Linux-64], [GoogleChrome], [http://localhost:4444/wd/hub], Headless Execution. @13-02-2021 17:30:34.0634 PM
[ReportManager] Successfully Opened [GoogleChrome]. @13-02-2021 17:30:34.0911 PM
[ReportManager] Target URL: [https://duckduckgo.com] @13-02-2021 17:30:34.0923 PM
[ReportManager] Initial URL: [data:,] @13-02-2021 17:30:34.0980 PM
[ReportManager] Browser Action [navigateToURL] successfully performed. With the following test data [https://duckduckgo.com]. @13-02-2021 17:30:35.0574 P

################################################################################################################################################
Starting Execution:	[15 out of 134] test cases in the current suite
Test Method:		[unitTests.tests_browserActions.navigateForward]
################################################################################################################################################
[ReportManager] Target URL: [https://www.google.com/ncr], and after redirection: [https://www.google.com] @13-02-2021 17:30:35.0589 PM
[ReportManager] Initial URL: [https://duckduckgo.com] @13-02-2021 17:30:35.0678 PM
[ReportManager] Browser Action [navigateToURL] successfully performed. With the following test data [https://www.google.com/ncr]. @13-02-2021 17:30:36.0525 PM
[ReportManager] Browser Action [navigateBack] successfully performed. With the following test data [https://duckduckgo.com/]. @13-02-2021 17:30:36.0975 PM
[ReportManager] Browser Action [navigateForward] successfully performed. With the following test data [https://www.google.com/]. @13-02-2021 17:30:37.0427 P
[ReportManager] Target URL: [https://duckduckgo.com] @13-02-2021 17:30:37.0429 PM
[ReportManager] Initial URL: [https://www.google.com] @13-02-2021 17:30:37.0525 PM
[ReportManager] Browser Action [navigateToURL] successfully performed. With the following test data [https://duckduckgo.com]. @13-02-2021 17:30:38.0052 PM
[ReportManager] Successfully created attachment [Selenium WebDriver Logs - server] @13-02-2021 17:30:38.0115 PM
[ReportManager] Successfully created attachment [Selenium WebDriver Logs - performance] @13-02-2021 17:30:38.0298 PM
[ReportManager] Successfully created attachment [Selenium WebDriver Logs - driver] @13-02-2021 17:30:38.0563 PM
[ReportManager] Browser Action [closeCurrentWindow] successfully performed. @13-02-2021 17:30:38.0653 PM
[ReportManager] Successfully created attachment [Browser Action Test Data - closeCurrentWindow - Actual Value] @13-02-2021 17:30:38.0653 P
[ReportManager] File Action [getAbsolutePath] successfully performed. With the following test data [Relative Folder Path: "target/downloadedFiles/"]. @13-02-2021 17:30:38.0665 PM
[ReportManager] Attempting to run remotely on: [Linux-64], [GoogleChrome], [http://localhost:4444/wd/hub], Headless Execution. @13-02-2021 17:30:38.0665 PM
[ReportManager] Successfully Opened [GoogleChrome]. @13-02-2021 17:30:38.0943 PM
[ReportManager] Target URL: [https://duckduckgo.com] @13-02-2021 17:30:38.0961 PM
[ReportManager] Initial URL: [data:,] @13-02-2021 17:30:39.0008 PM
[ReportManager] Browser Action [navigateToURL] successfully performed. With the following test data [https://duckduckgo.com]. @13-02-2021 17:30:39.0606 P

################################################################################################################################################
Starting Execution:	[16 out of 134] test cases in the current suite
Test Method:		[unitTests.tests_browserActions.navigateToURL]
################################################################################################################################################
[ReportManager] Target URL: [https://duckduckgo.com] @13-02-2021 17:30:39.0609 PM
[ReportManager] Initial URL: [https://duckduckgo.com] @13-02-2021 17:30:39.0688 PM
[ReportManager] Browser Action [navigateToURL] successfully performed. With the following test data [https://duckduckgo.com]. @13-02-2021 17:30:40.0066 P
[ReportManager] Target URL: [https://duckduckgo.com] @13-02-2021 17:30:40.0071 PM
[ReportManager] Initial URL: [https://duckduckgo.com] @13-02-2021 17:30:40.0133 PM
[ReportManager] Browser Action [navigateToURL] successfully performed. With the following test data [https://duckduckgo.com]. @13-02-2021 17:30:40.0508 PM
[ReportManager] Successfully created attachment [Selenium WebDriver Logs - server] @13-02-2021 17:30:40.0607 PM
[ReportManager] Successfully created attachment [Selenium WebDriver Logs - performance] @13-02-2021 17:30:40.0800 PM
[ReportManager] Successfully created attachment [Selenium WebDriver Logs - driver] @13-02-2021 17:30:41.0019 PM
[ReportManager] Browser Action [closeCurrentWindow] successfully performed. @13-02-2021 17:30:41.0076 PM
[ReportManager] Successfully created attachment [Browser Action Test Data - closeCurrentWindow - Actual Value] @13-02-2021 17:30:41.0077 P
[ReportManager] File Action [getAbsolutePath] successfully performed. With the following test data [Relative Folder Path: "target/downloadedFiles/"]. @13-02-2021 17:30:41.0079 PM
[ReportManager] Attempting to run remotely on: [Linux-64], [GoogleChrome], [http://localhost:4444/wd/hub], Headless Execution. @13-02-2021 17:30:41.0079 PM
[ReportManager] Successfully Opened [GoogleChrome]. @13-02-2021 17:30:41.0339 PM
[ReportManager] Target URL: [https://duckduckgo.com] @13-02-2021 17:30:41.0352 PM
[ReportManager] Initial URL: [data:,] @13-02-2021 17:30:41.0401 PM
[ReportManager] Browser Action [navigateToURL] successfully performed. With the following test data [https://duckduckgo.com]. @13-02-2021 17:30:41.0992 P

################################################################################################################################################
Starting Execution:	[17 out of 134] test cases in the current suite
Test Method:		[unitTests.tests_browserActions.navigateToURLWithRedirection]
################################################################################################################################################
[ReportManager] Target URL: [https://www.google.com/ncr], and after redirection: [https://www.google.com] @13-02-2021 17:30:42.0001 PM
[ReportManager] Initial URL: [https://duckduckgo.com] @13-02-2021 17:30:42.0073 PM
[ReportManager] Browser Action [navigateToURL] successfully performed. With the following test data [https://www.google.com/ncr]. @13-02-2021 17:30:42.0984 P
[ReportManager] Target URL: [https://duckduckgo.com] @13-02-2021 17:30:42.0989 PM
[ReportManager] Initial URL: [https://www.google.com] @13-02-2021 17:30:43.0101 PM
[ReportManager] Browser Action [navigateToURL] successfully performed. With the following test data [https://duckduckgo.com]. @13-02-2021 17:30:43.0658 PM
[ReportManager] Successfully created attachment [Selenium WebDriver Logs - server] @13-02-2021 17:30:43.0727 PM
[ReportManager] Successfully created attachment [Selenium WebDriver Logs - performance] @13-02-2021 17:30:43.0834 PM
[ReportManager] Successfully created attachment [Selenium WebDriver Logs - driver] @13-02-2021 17:30:44.0004 PM
[ReportManager] Browser Action [closeCurrentWindow] successfully performed. @13-02-2021 17:30:44.0063 PM
[ReportManager] Successfully created attachment [Browser Action Test Data - closeCurrentWindow - Actual Value] @13-02-2021 17:30:44.0063 P
[ReportManager] File Action [getAbsolutePath] successfully performed. With the following test data [Relative Folder Path: "target/downloadedFiles/"]. @13-02-2021 17:30:44.0066 PM
[ReportManager] Attempting to run remotely on: [Linux-64], [GoogleChrome], [http://localhost:4444/wd/hub], Headless Execution. @13-02-2021 17:30:44.0067 PM
[ReportManager] Successfully Opened [GoogleChrome]. @13-02-2021 17:30:44.0421 PM
[ReportManager] Target URL: [https://duckduckgo.com] @13-02-2021 17:30:44.0434 PM
[ReportManager] Initial URL: [data:,] @13-02-2021 17:30:44.0480 PM
[ReportManager] Browser Action [navigateToURL] successfully performed. With the following test data [https://duckduckgo.com]. @13-02-2021 17:30:45.0080 P

################################################################################################################################################
Starting Execution:	[18 out of 134] test cases in the current suite
Test Method:		[unitTests.tests_browserActions.refreshCurrentPage]
################################################################################################################################################
[ReportManager] Browser Action [refreshCurrentPage] successfully performed. @13-02-2021 17:30:45.0336 PM
[ReportManager] Successfully created attachment [Browser Action Test Data - refreshCurrentPage - Actual Value] @13-02-2021 17:30:45.0337 P
[ReportManager] Target URL: [https://duckduckgo.com] @13-02-2021 17:30:45.0341 PM
[ReportManager] Initial URL: [https://duckduckgo.com] @13-02-2021 17:30:45.0408 PM
[ReportManager] Browser Action [navigateToURL] successfully performed. With the following test data [https://duckduckgo.com]. @13-02-2021 17:30:45.0715 PM
[ReportManager] Successfully created attachment [Selenium WebDriver Logs - server] @13-02-2021 17:30:45.0775 PM
[ReportManager] Successfully created attachment [Selenium WebDriver Logs - performance] @13-02-2021 17:30:45.0949 PM
[ReportManager] Successfully created attachment [Selenium WebDriver Logs - driver] @13-02-2021 17:30:46.0166 PM
[ReportManager] Browser Action [closeCurrentWindow] successfully performed. @13-02-2021 17:30:46.0226 PM
[ReportManager] Successfully created attachment [Browser Action Test Data - closeCurrentWindow - Actual Value] @13-02-2021 17:30:46.0226 P
[ReportManager] File Action [getAbsolutePath] successfully performed. With the following test data [Relative Folder Path: "target/downloadedFiles/"]. @13-02-2021 17:30:46.0229 PM
[ReportManager] Attempting to run remotely on: [Linux-64], [GoogleChrome], [http://localhost:4444/wd/hub], Headless Execution. @13-02-2021 17:30:46.0230 PM
[ReportManager] Successfully Opened [GoogleChrome]. @13-02-2021 17:30:46.0531 PM
[ReportManager] Target URL: [https://duckduckgo.com] @13-02-2021 17:30:46.0543 PM
[ReportManager] Initial URL: [data:,] @13-02-2021 17:30:46.0610 PM
[ReportManager] Browser Action [navigateToURL] successfully performed. With the following test data [https://duckduckgo.com]. @13-02-2021 17:30:47.0167 P

################################################################################################################################################
Starting Execution:	[19 out of 134] test cases in the current suite
Test Method:		[unitTests.tests_browserActions.setWindowSize]
################################################################################################################################################
[ReportManager] Initial window size: (800, 600) @13-02-2021 17:30:47.0249 PM
[ReportManager] Window size after SWD: (1280, 720) @13-02-2021 17:30:47.0468 PM
[ReportManager] Browser Action [setWindowSize] successfully performed. With the following test data [New screen size is now: (1280, 720)]. @13-02-2021 17:30:47.0468 P
[ReportManager] Target URL: [https://duckduckgo.com] @13-02-2021 17:30:47.0472 PM
[ReportManager] Initial URL: [https://duckduckgo.com] @13-02-2021 17:30:47.0536 PM
[ReportManager] Browser Action [navigateToURL] successfully performed. With the following test data [https://duckduckgo.com]. @13-02-2021 17:30:47.0911 PM
[ReportManager] Successfully created attachment [Selenium WebDriver Logs - server] @13-02-2021 17:30:47.0973 PM
[ReportManager] Successfully created attachment [Selenium WebDriver Logs - performance] @13-02-2021 17:30:48.0081 PM
[ReportManager] Successfully created attachment [Selenium WebDriver Logs - driver] @13-02-2021 17:30:48.0222 PM
[ReportManager] Browser Action [closeCurrentWindow] successfully performed. @13-02-2021 17:30:48.0279 PM
[ReportManager] Successfully created attachment [Browser Action Test Data - closeCurrentWindow - Actual Value] @13-02-2021 17:30:48.0280 P

################################################################################################################################################
Starting Execution:	[20 out of 134] test cases in the current suite
Test Method:		[unitTests.tests_restActions.getPostsAndAssertBodyForSpecificTitle]
################################################################################################################################################
[ReportManager] Response status code: [200], status line: [HTTP/1.1 200 OK] @13-02-2021 17:30:50.0924 PM
[ReportManager] Evaluating the actual response status code against the expected one...... @13-02-2021 17:30:50.0925 PM
[ReportManager] AssertEquals PASSED; Expected [200] and Actual [200]. Comparison Type [EQUALS]. Validation Type [POSITIVE]. @13-02-2021 17:30:50.0933 PM
[ReportManager] API Action [performRequest] successfully performed. With the following test data [Request Type: "GET" | Target Status Code: "200" | Service URL: "https://jsonplaceholder.typicode.com/posts" | Content Type: "*/*" | Response Time: "874ms"]. @13-02-2021 17:30:52.0175 PM
[ReportManager] Successfully created attachment [API Response - JSON Body] @13-02-2021 17:30:52.0420 PM
[ReportManager] API Action [getResponseJSONValueAsList] successfully performed. @13-02-2021 17:30:52.0450 PM
[ReportManager] API Action [getResponseJSONValue] successfully performed. With the following test data [title]. @13-02-2021 17:30:52.0478 PM
[ReportManager] API Action [getResponseJSONValue] successfully performed. With the following test data [title]. @13-02-2021 17:30:52.0499 PM
[ReportManager] API Action [getResponseJSONValue] successfully performed. With the following test data [body]. @13-02-2021 17:30:52.0521 PM
[ReportManager] AssertEquals PASSED; Expected [qui neque nisi nulla] and Actual [est rerum tempore vitae
sequi sint nihil reprehenderit dolor beatae ea dolores neque
fugiat blanditiis voluptate porro vel nihil molestiae ut reiciendis
qui aperiam non debitis possimus qui neque nisi nulla]. Comparison Type [CONTAINS]. Validation Type [POSITIVE]. @13-02-2021 17:30:52.0521 PM
[ReportManager] API Action [getResponseJSONValue] successfully performed. With the following test data [title]. @13-02-2021 17:30:52.0535 PM
[ReportManager] API Action [getResponseJSONValue] successfully performed. With the following test data [title]. @13-02-2021 17:30:52.0551 PM
[ReportManager] API Action [getResponseJSONValue] successfully performed. With the following test data [title]. @13-02-2021 17:30:52.0568 PM
[ReportManager] API Action [getResponseJSONValue] successfully performed. With the following test data [title]. @13-02-2021 17:30:52.0585 PM
[ReportManager] API Action [getResponseJSONValue] successfully performed. With the following test data [title]. @13-02-2021 17:30:52.0606 PM
[ReportManager] API Action [getResponseJSONValue] successfully performed. With the following test data [title]. @13-02-2021 17:30:52.0647 PM
[ReportManager] API Action [getResponseJSONValue] successfully performed. With the following test data [title]. @13-02-2021 17:30:52.0662 PM
[ReportManager] API Action [getResponseJSONValue] successfully performed. With the following test data [title]. @13-02-2021 17:30:52.0679 PM
[ReportManager] API Action [getResponseJSONValue] successfully performed. With the following test data [title]. @13-02-2021 17:30:52.0695 PM
[ReportManager] API Action [getResponseJSONValue] successfully performed. With the following test data [title]. @13-02-2021 17:30:52.0708 PM
[ReportManager] API Action [getResponseJSONValue] successfully performed. With the following test data [title]. @13-02-2021 17:30:52.0724 PM
[ReportManager] API Action [getResponseJSONValue] successfully performed. With the following test data [title]. @13-02-2021 17:30:52.0748 PM
[ReportManager] API Action [getResponseJSONValue] successfully performed. With the following test data [title]. @13-02-2021 17:30:52.0760 PM
[ReportManager] API Action [getResponseJSONValue] successfully performed. With the following test data [title]. @13-02-2021 17:30:52.0774 PM
[ReportManager] API Action [getResponseJSONValue] successfully performed. With the following test data [title]. @13-02-2021 17:30:52.0791 PM
[ReportManager] API Action [getResponseJSONValue] successfully performed. With the following test data [title]. @13-02-2021 17:30:52.0813 PM
[ReportManager] API Action [getResponseJSONValue] successfully performed. With the following test data [title]. @13-02-2021 17:30:52.0823 PM
[ReportManager] API Action [getResponseJSONValue] successfully performed. With the following test data [title]. @13-02-2021 17:30:52.0844 PM
[ReportManager] API Action [getResponseJSONValue] successfully performed. With the following test data [title]. @13-02-2021 17:30:52.0859 PM
[ReportManager] API Action [getResponseJSONValue] successfully performed. With the following test data [title]. @13-02-2021 17:30:52.0875 PM
[ReportManager] API Action [getResponseJSONValue] successfully performed. With the following test data [title]. @13-02-2021 17:30:52.0895 PM
[ReportManager] API Action [getResponseJSONValue] successfully performed. With the following test data [title]. @13-02-2021 17:30:52.0912 PM
[ReportManager] API Action [getResponseJSONValue] successfully performed. With the following test data [title]. @13-02-2021 17:30:52.0934 PM
[ReportManager] API Action [getResponseJSONValue] successfully performed. With the following test data [title]. @13-02-2021 17:30:52.0952 PM
[ReportManager] API Action [getResponseJSONValue] successfully performed. With the following test data [title]. @13-02-2021 17:30:52.0963 PM
[ReportManager] API Action [getResponseJSONValue] successfully performed. With the following test data [title]. @13-02-2021 17:30:52.0974 PM
[ReportManager] API Action [getResponseJSONValue] successfully performed. With the following test data [title]. @13-02-2021 17:30:52.0983 PM
[ReportManager] API Action [getResponseJSONValue] successfully performed. With the following test data [title]. @13-02-2021 17:30:52.0999 PM
[ReportManager] API Action [getResponseJSONValue] successfully performed. With the following test data [title]. @13-02-2021 17:30:53.0009 PM
[ReportManager] API Action [getResponseJSONValue] successfully performed. With the following test data [title]. @13-02-2021 17:30:53.0018 PM
[ReportManager] API Action [getResponseJSONValue] successfully performed. With the following test data [title]. @13-02-2021 17:30:53.0028 PM
[ReportManager] API Action [getResponseJSONValue] successfully performed. With the following test data [title]. @13-02-2021 17:30:53.0037 PM
[ReportManager] API Action [getResponseJSONValue] successfully performed. With the following test data [title]. @13-02-2021 17:30:53.0061 PM
[ReportManager] API Action [getResponseJSONValue] successfully performed. With the following test data [title]. @13-02-2021 17:30:53.0070 PM
[ReportManager] API Action [getResponseJSONValue] successfully performed. With the following test data [title]. @13-02-2021 17:30:53.0082 PM
[ReportManager] API Action [getResponseJSONValue] successfully performed. With the following test data [title]. @13-02-2021 17:30:53.0090 PM
[ReportManager] API Action [getResponseJSONValue] successfully performed. With the following test data [title]. @13-02-2021 17:30:53.0099 PM
[ReportManager] API Action [getResponseJSONValue] successfully performed. With the following test data [title]. @13-02-2021 17:30:53.0111 PM
[ReportManager] API Action [getResponseJSONValue] successfully performed. With the following test data [title]. @13-02-2021 17:30:53.0126 PM
[ReportManager] API Action [getResponseJSONValue] successfully performed. With the following test data [title]. @13-02-2021 17:30:53.0137 PM
[ReportManager] API Action [getResponseJSONValue] successfully performed. With the following test data [title]. @13-02-2021 17:30:53.0146 PM
[ReportManager] API Action [getResponseJSONValue] successfully performed. With the following test data [title]. @13-02-2021 17:30:53.0156 PM
[ReportManager] API Action [getResponseJSONValue] successfully performed. With the following test data [title]. @13-02-2021 17:30:53.0166 PM
[ReportManager] API Action [getResponseJSONValue] successfully performed. With the following test data [title]. @13-02-2021 17:30:53.0181 PM
[ReportManager] API Action [getResponseJSONValue] successfully performed. With the following test data [title]. @13-02-2021 17:30:53.0190 PM
[ReportManager] API Action [getResponseJSONValue] successfully performed. With the following test data [title]. @13-02-2021 17:30:53.0199 PM
[ReportManager] API Action [getResponseJSONValue] successfully performed. With the following test data [title]. @13-02-2021 17:30:53.0215 PM
[ReportManager] API Action [getResponseJSONValue] successfully performed. With the following test data [title]. @13-02-2021 17:30:53.0226 PM
[ReportManager] API Action [getResponseJSONValue] successfully performed. With the following test data [title]. @13-02-2021 17:30:53.0235 PM
[ReportManager] API Action [getResponseJSONValue] successfully performed. With the following test data [title]. @13-02-2021 17:30:53.0244 PM
[ReportManager] API Action [getResponseJSONValue] successfully performed. With the following test data [title]. @13-02-2021 17:30:53.0253 PM
[ReportManager] API Action [getResponseJSONValue] successfully performed. With the following test data [title]. @13-02-2021 17:30:53.0262 PM
[ReportManager] API Action [getResponseJSONValue] successfully performed. With the following test data [title]. @13-02-2021 17:30:53.0283 PM
[ReportManager] API Action [getResponseJSONValue] successfully performed. With the following test data [title]. @13-02-2021 17:30:53.0297 PM
[ReportManager] API Action [getResponseJSONValue] successfully performed. With the following test data [title]. @13-02-2021 17:30:53.0306 PM
[ReportManager] API Action [getResponseJSONValue] successfully performed. With the following test data [title]. @13-02-2021 17:30:53.0315 PM
[ReportManager] API Action [getResponseJSONValue] successfully performed. With the following test data [title]. @13-02-2021 17:30:53.0325 PM
[ReportManager] API Action [getResponseJSONValue] successfully performed. With the following test data [title]. @13-02-2021 17:30:53.0334 PM
[ReportManager] API Action [getResponseJSONValue] successfully performed. With the following test data [title]. @13-02-2021 17:30:53.0343 PM
[ReportManager] API Action [getResponseJSONValue] successfully performed. With the following test data [title]. @13-02-2021 17:30:53.0370 PM
[ReportManager] API Action [getResponseJSONValue] successfully performed. With the following test data [title]. @13-02-2021 17:30:53.0381 PM
[ReportManager] API Action [getResponseJSONValue] successfully performed. With the following test data [title]. @13-02-2021 17:30:53.0393 PM
[ReportManager] API Action [getResponseJSONValue] successfully performed. With the following test data [title]. @13-02-2021 17:30:53.0403 PM
[ReportManager] API Action [getResponseJSONValue] successfully performed. With the following test data [title]. @13-02-2021 17:30:53.0410 PM
[ReportManager] API Action [getResponseJSONValue] successfully performed. With the following test data [title]. @13-02-2021 17:30:53.0419 PM
[ReportManager] API Action [getResponseJSONValue] successfully performed. With the following test data [title]. @13-02-2021 17:30:53.0428 PM
[ReportManager] API Action [getResponseJSONValue] successfully performed. With the following test data [title]. @13-02-2021 17:30:53.0436 PM
[ReportManager] API Action [getResponseJSONValue] successfully performed. With the following test data [title]. @13-02-2021 17:30:53.0444 PM
[ReportManager] API Action [getResponseJSONValue] successfully performed. With the following test data [title]. @13-02-2021 17:30:53.0453 PM
[ReportManager] API Action [getResponseJSONValue] successfully performed. With the following test data [title]. @13-02-2021 17:30:53.0463 PM
[ReportManager] API Action [getResponseJSONValue] successfully performed. With the following test data [title]. @13-02-2021 17:30:53.0472 PM
[ReportManager] API Action [getResponseJSONValue] successfully performed. With the following test data [title]. @13-02-2021 17:30:53.0481 PM
[ReportManager] API Action [getResponseJSONValue] successfully performed. With the following test data [title]. @13-02-2021 17:30:53.0493 PM
[ReportManager] API Action [getResponseJSONValue] successfully performed. With the following test data [title]. @13-02-2021 17:30:53.0504 PM
[ReportManager] API Action [getResponseJSONValue] successfully performed. With the following test data [title]. @13-02-2021 17:30:53.0515 PM
[ReportManager] API Action [getResponseJSONValue] successfully performed. With the following test data [title]. @13-02-2021 17:30:53.0523 PM
[ReportManager] API Action [getResponseJSONValue] successfully performed. With the following test data [title]. @13-02-2021 17:30:53.0532 PM
[ReportManager] API Action [getResponseJSONValue] successfully performed. With the following test data [title]. @13-02-2021 17:30:53.0542 PM
[ReportManager] API Action [getResponseJSONValue] successfully performed. With the following test data [title]. @13-02-2021 17:30:53.0553 PM
[ReportManager] API Action [getResponseJSONValue] successfully performed. With the following test data [title]. @13-02-2021 17:30:53.0600 PM
[ReportManager] API Action [getResponseJSONValue] successfully performed. With the following test data [title]. @13-02-2021 17:30:53.0615 PM
[ReportManager] API Action [getResponseJSONValue] successfully performed. With the following test data [title]. @13-02-2021 17:30:53.0632 PM
[ReportManager] API Action [getResponseJSONValue] successfully performed. With the following test data [title]. @13-02-2021 17:30:53.0640 PM
[ReportManager] API Action [getResponseJSONValue] successfully performed. With the following test data [title]. @13-02-2021 17:30:53.0649 PM
[ReportManager] API Action [getResponseJSONValue] successfully performed. With the following test data [title]. @13-02-2021 17:30:53.0658 PM
[ReportManager] API Action [getResponseJSONValue] successfully performed. With the following test data [title]. @13-02-2021 17:30:53.0665 PM
[ReportManager] API Action [getResponseJSONValue] successfully performed. With the following test data [title]. @13-02-2021 17:30:53.0675 PM
[ReportManager] API Action [getResponseJSONValue] successfully performed. With the following test data [title]. @13-02-2021 17:30:53.0683 PM
[ReportManager] API Action [getResponseJSONValue] successfully performed. With the following test data [title]. @13-02-2021 17:30:53.0698 PM
[ReportManager] API Action [getResponseJSONValue] successfully performed. With the following test data [title]. @13-02-2021 17:30:53.0711 PM
[ReportManager] API Action [getResponseJSONValue] successfully performed. With the following test data [title]. @13-02-2021 17:30:53.0722 PM
[ReportManager] API Action [getResponseJSONValue] successfully performed. With the following test data [title]. @13-02-2021 17:30:53.0742 PM
[ReportManager] API Action [getResponseJSONValue] successfully performed. With the following test data [title]. @13-02-2021 17:30:53.0751 PM
[ReportManager] API Action [getResponseJSONValue] successfully performed. With the following test data [title]. @13-02-2021 17:30:53.0762 PM
[ReportManager] API Action [getResponseJSONValue] successfully performed. With the following test data [title]. @13-02-2021 17:30:53.0771 PM
[ReportManager] API Action [getResponseJSONValue] successfully performed. With the following test data [title]. @13-02-2021 17:30:53.0781 PM
[ReportManager] API Action [getResponseJSONValue] successfully performed. With the following test data [title]. @13-02-2021 17:30:53.0791 PM
[ReportManager] API Action [getResponseJSONValue] successfully performed. With the following test data [title]. @13-02-2021 17:30:53.0802 P

################################################################################################################################################
Starting Execution:	[21 out of 134] test cases in the current suite
Test Method:		[unitTests.tests_restActions.validateUserEmail]
################################################################################################################################################
[ReportManager] Response status code: [200], status line: [HTTP/1.1 200 OK] @13-02-2021 17:30:53.0901 PM
[ReportManager] Evaluating the actual response status code against the expected one...... @13-02-2021 17:30:53.0901 PM
[ReportManager] AssertEquals PASSED; Expected [200] and Actual [200]. Comparison Type [EQUALS]. Validation Type [POSITIVE]. @13-02-2021 17:30:53.0901 PM
[ReportManager] API Action [performRequest] successfully performed. With the following test data [Request Type: "GET" | Target Status Code: "200" | Service URL: "https://jsonplaceholder.typicode.com/users" | Content Type: "*/*" | Response Time: "84ms"]. @13-02-2021 17:30:53.0928 PM
[ReportManager] Successfully created attachment [API Response - JSON Body] @13-02-2021 17:30:53.0929 PM
[ReportManager] AssertEquals PASSED; Expected and Actual values are attached. Comparison Type [CONTAINS]. Validation Type [POSITIVE]. @13-02-2021 17:30:53.0929 PM
[ReportManager] Successfully created attachment [Validation Test Data - Expected Value] @13-02-2021 17:30:53.0929 PM
[ReportManager] Successfully created attachment [Validation Test Data - Actual Value] @13-02-2021 17:30:53.0930 PM
[ReportManager] API Action [getResponseJSONValueAsList] successfully performed. With the following test data [$]. @13-02-2021 17:30:53.0934 PM
[ReportManager] API Action [getResponseJSONValue] successfully performed. With the following test data [name]. @13-02-2021 17:30:53.0945 PM
[ReportManager] API Action [getResponseJSONValue] successfully performed. With the following test data [email]. @13-02-2021 17:30:53.0954 PM
[ReportManager] AssertEquals PASSED; Expected [Sincere@april.biz] and Actual [Sincere@april.biz]. Comparison Type [EQUALS]. Validation Type [POSITIVE]. @13-02-2021 17:30:53.0955 PM
[ReportManager] API Action [getResponseJSONValue] successfully performed. With the following test data [name]. @13-02-2021 17:30:53.0965 PM
[ReportManager] API Action [getResponseJSONValue] successfully performed. With the following test data [name]. @13-02-2021 17:30:53.0974 PM
[ReportManager] API Action [getResponseJSONValue] successfully performed. With the following test data [name]. @13-02-2021 17:30:53.0983 PM
[ReportManager] API Action [getResponseJSONValue] successfully performed. With the following test data [name]. @13-02-2021 17:30:53.0991 PM
[ReportManager] API Action [getResponseJSONValue] successfully performed. With the following test data [name]. @13-02-2021 17:30:53.0999 PM
[ReportManager] API Action [getResponseJSONValue] successfully performed. With the following test data [name]. @13-02-2021 17:30:54.0007 PM
[ReportManager] API Action [getResponseJSONValue] successfully performed. With the following test data [name]. @13-02-2021 17:30:54.0015 PM
[ReportManager] API Action [getResponseJSONValue] successfully performed. With the following test data [name]. @13-02-2021 17:30:54.0027 PM
[ReportManager] API Action [getResponseJSONValue] successfully performed. With the following test data [name]. @13-02-2021 17:30:54.0038 P
[ReportManager] Successfully loaded the following test data file [src/test/resources/TestDataFiles/testSuite01/TestData.xlsx]. @13-02-2021 17:30:55.0072 PM
[ReportManager] Successfully created attachment [Test Data - Excel] @13-02-2021 17:30:55.0072 P

################################################################################################################################################
Starting Execution:	[22 out of 134] test cases in the current suite
Test Method:		[unitTests.tests_io_excelFileManager.getCellData_rowName_expectedToPass]
################################################################################################################################################
[ReportManager] testRowData. @13-02-2021 17:30:55.0104 P

################################################################################################################################################
Starting Execution:	[23 out of 134] test cases in the current suite
Test Method:		[unitTests.tests_validations_assertions.assertComparativeRelation_greaterThanOrEquals_false_equals_expectedToFail]
################################################################################################################################################
[ReportManager] AssertComparativeRelation FAILED; Expected [1] and Actual [1]. Comparison Type [GREATER_THAN_OR_EQUALS]. Validation Type [NEGATIVE]. @13-02-2021 17:30:55.0117 P

################################################################################################################################################
Starting Execution:	[24 out of 134] test cases in the current suite
Test Method:		[unitTests.tests_validations_assertions.assertComparativeRelation_greaterThanOrEquals_false_equals_expectedToPass]
################################################################################################################################################
[ReportManager] AssertComparativeRelation PASSED; Expected [2] and Actual [1]. Comparison Type [GREATER_THAN_OR_EQUALS]. Validation Type [NEGATIVE]. @13-02-2021 17:30:55.0122 P

################################################################################################################################################
Starting Execution:	[25 out of 134] test cases in the current suite
Test Method:		[unitTests.tests_validations_assertions.assertComparativeRelation_greaterThanOrEquals_false_greaterThan_expectedToFail]
################################################################################################################################################
[ReportManager] AssertComparativeRelation FAILED; Expected [1] and Actual [2]. Comparison Type [GREATER_THAN_OR_EQUALS]. Validation Type [NEGATIVE]. @13-02-2021 17:30:55.0128 P

################################################################################################################################################
Starting Execution:	[26 out of 134] test cases in the current suite
Test Method:		[unitTests.tests_validations_assertions.assertComparativeRelation_greaterThanOrEquals_false_greaterThan_expectedToPass]
################################################################################################################################################
[ReportManager] AssertComparativeRelation PASSED; Expected [2] and Actual [1]. Comparison Type [GREATER_THAN_OR_EQUALS]. Validation Type [NEGATIVE]. @13-02-2021 17:30:55.0145 P

################################################################################################################################################
Starting Execution:	[27 out of 134] test cases in the current suite
Test Method:		[unitTests.tests_validations_assertions.assertComparativeRelation_greaterThanOrEquals_true_equals_expectedToFail]
################################################################################################################################################
[ReportManager] AssertComparativeRelation FAILED; Expected [1] and Actual [0]. Comparison Type [GREATER_THAN_OR_EQUALS]. Validation Type [POSITIVE]. @13-02-2021 17:30:55.0152 P

################################################################################################################################################
Starting Execution:	[28 out of 134] test cases in the current suite
Test Method:		[unitTests.tests_validations_assertions.assertComparativeRelation_greaterThanOrEquals_true_equals_expectedToPass]
################################################################################################################################################
[ReportManager] AssertComparativeRelation PASSED; Expected [1] and Actual [1]. Comparison Type [GREATER_THAN_OR_EQUALS]. Validation Type [POSITIVE]. @13-02-2021 17:30:55.0162 P

################################################################################################################################################
Starting Execution:	[29 out of 134] test cases in the current suite
Test Method:		[unitTests.tests_validations_assertions.assertComparativeRelation_greaterThanOrEquals_true_greaterThan_expectedToFail]
################################################################################################################################################
[ReportManager] AssertComparativeRelation FAILED; Expected [2] and Actual [1]. Comparison Type [GREATER_THAN_OR_EQUALS]. Validation Type [POSITIVE]. @13-02-2021 17:30:55.0177 P

################################################################################################################################################
Starting Execution:	[30 out of 134] test cases in the current suite
Test Method:		[unitTests.tests_validations_assertions.assertComparativeRelation_greaterThanOrEquals_true_greaterThan_expectedToPass]
################################################################################################################################################
[ReportManager] AssertComparativeRelation PASSED; Expected [1] and Actual [2]. Comparison Type [GREATER_THAN_OR_EQUALS]. Validation Type [POSITIVE]. @13-02-2021 17:30:55.0186 P
[ReportManager] File Action [getAbsolutePath] successfully performed. With the following test data [Relative Folder Path: "target/downloadedFiles/"]. @13-02-2021 17:30:55.0190 PM
[ReportManager] Attempting to run remotely on: [Linux-64], [GoogleChrome], [http://localhost:4444/wd/hub], Headless Execution. @13-02-2021 17:30:55.0191 PM
[ReportManager] Successfully Opened [GoogleChrome]. @13-02-2021 17:30:55.0692 PM
[ReportManager] Target URL: [https://www.google.com/ncr], and after redirection: [www.google.com] @13-02-2021 17:30:55.0711 PM
[ReportManager] Initial URL: [data:,] @13-02-2021 17:30:55.0759 PM
[ReportManager] Browser Action [navigateToURL] successfully performed. With the following test data [https://www.google.com/ncr]. @13-02-2021 17:30:56.0728 P

################################################################################################################################################
Starting Execution:	[31 out of 134] test cases in the current suite
Test Method:		[unitTests.tests_validations_assertions.assertElementAttribute_false_caseInsensitiveComparison_expectedToFail]
################################################################################################################################################
[ReportManager] Element Action [type] successfully performed. With the following test data [AUTOMATION]. @13-02-2021 17:30:57.0490 PM
[ReportManager] Element Action [getText] successfully performed. With the following test data [AUTOMATION]. @13-02-2021 17:30:57.0642 PM
[ReportManager] Loaded Shared OpenCV @13-02-2021 17:30:58.0313 PM
[ReportManager] AssertElementAttribute FAILED; Expected [Value Should not be 'AutomaTion' for the 'text' attribute, element locator 'By.name: q'] and Actual [AUTOMATION]. Comparison Type [CASE_INSENSITIVE]. Validation Type [NEGATIVE]. @13-02-2021 17:30:58.0478 PM
[ReportManager] Successfully created attachment [Screenshot - 1613237457810_assertElementAttribute_false_caseInsensitiveComparison_expectedToFail_AssertElementAttribute_failed] @13-02-2021 17:30:58.0484 P
[ReportManager] Successfully created attachment [Selenium WebDriver Logs - server] @13-02-2021 17:30:58.0620 PM
[ReportManager] Successfully created attachment [Selenium WebDriver Logs - performance] @13-02-2021 17:30:58.0823 PM
[ReportManager] Successfully created attachment [Selenium WebDriver Logs - driver] @13-02-2021 17:30:59.0080 PM
[ReportManager] Browser Action [closeCurrentWindow] successfully performed. @13-02-2021 17:30:59.0142 PM
[ReportManager] Successfully created attachment [Browser Action Test Data - closeCurrentWindow - Actual Value] @13-02-2021 17:30:59.0143 P
[ReportManager] File Action [getAbsolutePath] successfully performed. With the following test data [Relative Folder Path: "target/downloadedFiles/"]. @13-02-2021 17:30:59.0148 PM
[ReportManager] Attempting to run remotely on: [Linux-64], [GoogleChrome], [http://localhost:4444/wd/hub], Headless Execution. @13-02-2021 17:30:59.0149 PM
[ReportManager] Successfully Opened [GoogleChrome]. @13-02-2021 17:30:59.0538 PM
[ReportManager] Target URL: [https://www.google.com/ncr], and after redirection: [www.google.com] @13-02-2021 17:30:59.0559 PM
[ReportManager] Initial URL: [data:,] @13-02-2021 17:30:59.0609 PM
[ReportManager] Browser Action [navigateToURL] successfully performed. With the following test data [https://www.google.com/ncr]. @13-02-2021 17:31:00.0462 P

################################################################################################################################################
Starting Execution:	[32 out of 134] test cases in the current suite
Test Method:		[unitTests.tests_validations_assertions.assertElementAttribute_false_caseInsensitiveComparison_expectedToPass]
################################################################################################################################################
[ReportManager] Element Action [type] successfully performed. With the following test data [AUTOMATION]. @13-02-2021 17:31:01.0210 PM
[ReportManager] Element Action [getText] successfully performed. With the following test data [AUTOMATION]. @13-02-2021 17:31:01.0348 PM
[ReportManager] Loaded Shared OpenCV @13-02-2021 17:31:01.0546 PM
[ReportManager] AssertElementAttribute PASSED; Expected [Value Should not be 'AutomaTion123' for the 'text' attribute, element locator 'By.name: q'] and Actual [AUTOMATION]. Comparison Type [CASE_INSENSITIVE]. Validation Type [NEGATIVE]. @13-02-2021 17:31:01.0658 PM
[ReportManager] Successfully created attachment [Screenshot - 1613237461546_assertElementAttribute_false_caseInsensitiveComparison_expectedToPass_AssertElementAttribute_passed] @13-02-2021 17:31:01.0660 P
[ReportManager] Successfully created attachment [Selenium WebDriver Logs - server] @13-02-2021 17:31:01.0763 PM
[ReportManager] Successfully created attachment [Selenium WebDriver Logs - performance] @13-02-2021 17:31:01.0853 PM
[ReportManager] Successfully created attachment [Selenium WebDriver Logs - driver] @13-02-2021 17:31:02.0008 PM
[ReportManager] Browser Action [closeCurrentWindow] successfully performed. @13-02-2021 17:31:02.0067 PM
[ReportManager] Successfully created attachment [Browser Action Test Data - closeCurrentWindow - Actual Value] @13-02-2021 17:31:02.0068 P
[ReportManager] File Action [getAbsolutePath] successfully performed. With the following test data [Relative Folder Path: "target/downloadedFiles/"]. @13-02-2021 17:31:02.0072 PM
[ReportManager] Attempting to run remotely on: [Linux-64], [GoogleChrome], [http://localhost:4444/wd/hub], Headless Execution. @13-02-2021 17:31:02.0072 PM
[ReportManager] Successfully Opened [GoogleChrome]. @13-02-2021 17:31:02.0431 PM
[ReportManager] Target URL: [https://www.google.com/ncr], and after redirection: [www.google.com] @13-02-2021 17:31:02.0442 PM
[ReportManager] Initial URL: [data:,] @13-02-2021 17:31:02.0490 PM
[ReportManager] Browser Action [navigateToURL] successfully performed. With the following test data [https://www.google.com/ncr]. @13-02-2021 17:31:03.0356 P

################################################################################################################################################
Starting Execution:	[33 out of 134] test cases in the current suite
Test Method:		[unitTests.tests_validations_assertions.assertElementAttribute_false_containsComparison_expectedToFail]
################################################################################################################################################
[ReportManager] Element Action [type] successfully performed. With the following test data [Automation123]. @13-02-2021 17:31:04.0008 PM
[ReportManager] Element Action [getText] successfully performed. With the following test data [Automation123]. @13-02-2021 17:31:04.0151 PM
[ReportManager] Loaded Shared OpenCV @13-02-2021 17:31:04.0296 PM
[ReportManager] AssertElementAttribute FAILED; Expected [Value Should not be 'Automation' for the 'text' attribute, element locator 'By.name: q'] and Actual [Automation123]. Comparison Type [CONTAINS]. Validation Type [NEGATIVE]. @13-02-2021 17:31:04.0401 PM
[ReportManager] Successfully created attachment [Screenshot - 1613237464296_assertElementAttribute_false_containsComparison_expectedToFail_AssertElementAttribute_failed] @13-02-2021 17:31:04.0409 P
[ReportManager] Successfully created attachment [Selenium WebDriver Logs - server] @13-02-2021 17:31:04.0502 PM
[ReportManager] Successfully created attachment [Selenium WebDriver Logs - performance] @13-02-2021 17:31:04.0596 PM
[ReportManager] Successfully created attachment [Selenium WebDriver Logs - driver] @13-02-2021 17:31:04.0748 PM
[ReportManager] Browser Action [closeCurrentWindow] successfully performed. @13-02-2021 17:31:04.0812 PM
[ReportManager] Successfully created attachment [Browser Action Test Data - closeCurrentWindow - Actual Value] @13-02-2021 17:31:04.0817 P
[ReportManager] File Action [getAbsolutePath] successfully performed. With the following test data [Relative Folder Path: "target/downloadedFiles/"]. @13-02-2021 17:31:04.0819 PM
[ReportManager] Attempting to run remotely on: [Linux-64], [GoogleChrome], [http://localhost:4444/wd/hub], Headless Execution. @13-02-2021 17:31:04.0819 PM
[ReportManager] Successfully Opened [GoogleChrome]. @13-02-2021 17:31:05.0148 PM
[ReportManager] Target URL: [https://www.google.com/ncr], and after redirection: [www.google.com] @13-02-2021 17:31:05.0171 PM
[ReportManager] Initial URL: [data:,] @13-02-2021 17:31:05.0216 PM
[ReportManager] Browser Action [navigateToURL] successfully performed. With the following test data [https://www.google.com/ncr]. @13-02-2021 17:31:06.0083 P

################################################################################################################################################
Starting Execution:	[34 out of 134] test cases in the current suite
Test Method:		[unitTests.tests_validations_assertions.assertElementAttribute_false_containsComparison_expectedToPass]
################################################################################################################################################
[ReportManager] Element Action [type] successfully performed. With the following test data [Automation123]. @13-02-2021 17:31:06.0789 PM
[ReportManager] Element Action [getText] successfully performed. With the following test data [Automation123]. @13-02-2021 17:31:06.0922 PM
[ReportManager] Loaded Shared OpenCV @13-02-2021 17:31:07.0059 PM
[ReportManager] AssertElementAttribute PASSED; Expected [Value Should not be 'Automation1234' for the 'text' attribute, element locator 'By.name: q'] and Actual [Automation123]. Comparison Type [CONTAINS]. Validation Type [NEGATIVE]. @13-02-2021 17:31:07.0147 PM
[ReportManager] Successfully created attachment [Screenshot - 1613237467059_assertElementAttribute_false_containsComparison_expectedToPass_AssertElementAttribute_passed] @13-02-2021 17:31:07.0148 P
[ReportManager] Successfully created attachment [Selenium WebDriver Logs - server] @13-02-2021 17:31:07.0261 PM
[ReportManager] Successfully created attachment [Selenium WebDriver Logs - performance] @13-02-2021 17:31:07.0352 PM
[ReportManager] Successfully created attachment [Selenium WebDriver Logs - driver] @13-02-2021 17:31:07.0502 PM
[ReportManager] Browser Action [closeCurrentWindow] successfully performed. @13-02-2021 17:31:07.0559 PM
[ReportManager] Successfully created attachment [Browser Action Test Data - closeCurrentWindow - Actual Value] @13-02-2021 17:31:07.0560 P
[ReportManager] File Action [getAbsolutePath] successfully performed. With the following test data [Relative Folder Path: "target/downloadedFiles/"]. @13-02-2021 17:31:07.0565 PM
[ReportManager] Attempting to run remotely on: [Linux-64], [GoogleChrome], [http://localhost:4444/wd/hub], Headless Execution. @13-02-2021 17:31:07.0565 PM
[ReportManager] Successfully Opened [GoogleChrome]. @13-02-2021 17:31:07.0861 PM
[ReportManager] Target URL: [https://www.google.com/ncr], and after redirection: [www.google.com] @13-02-2021 17:31:07.0876 PM
[ReportManager] Initial URL: [data:,] @13-02-2021 17:31:07.0926 PM
[ReportManager] Browser Action [navigateToURL] successfully performed. With the following test data [https://www.google.com/ncr]. @13-02-2021 17:31:08.0844 P

################################################################################################################################################
Starting Execution:	[35 out of 134] test cases in the current suite
Test Method:		[unitTests.tests_validations_assertions.assertElementAttribute_false_literalComparison_expectedToFail]
################################################################################################################################################
[ReportManager] Element Action [type] successfully performed. With the following test data [Automation!@#$%^&*()_+{}[]\';/.,]. @13-02-2021 17:31:10.0526 PM
[ReportManager] Element Action [getText] successfully performed. With the following test data [Automation!@#$%^&*()_+{}[]\';/.,]. @13-02-2021 17:31:10.0690 PM
[ReportManager] Loaded Shared OpenCV @13-02-2021 17:31:10.0838 PM
[ReportManager] AssertElementAttribute PASSED; Expected [Value Should not be 'Automation!@#$%^&*()_+{}[]\\';/.,' for the 'text' attribute, element locator 'By.name: q'] and Actual [Automation!@#$%^&*()_+{}[]\';/.,]. Comparison Type [EQUALS]. Validation Type [NEGATIVE]. @13-02-2021 17:31:10.0922 PM
[ReportManager] Successfully created attachment [Screenshot - 1613237470838_assertElementAttribute_false_literalComparison_expectedToFail_AssertElementAttribute_passed] @13-02-2021 17:31:10.0923 P
[ReportManager] Successfully created attachment [Selenium WebDriver Logs - server] @13-02-2021 17:31:11.0017 PM
[ReportManager] Successfully created attachment [Selenium WebDriver Logs - performance] @13-02-2021 17:31:11.0214 PM
[ReportManager] Successfully created attachment [Selenium WebDriver Logs - driver] @13-02-2021 17:31:11.0420 PM
[ReportManager] Browser Action [closeCurrentWindow] successfully performed. @13-02-2021 17:31:11.0483 PM
[ReportManager] Successfully created attachment [Browser Action Test Data - closeCurrentWindow - Actual Value] @13-02-2021 17:31:11.0485 P
[ReportManager] File Action [getAbsolutePath] successfully performed. With the following test data [Relative Folder Path: "target/downloadedFiles/"]. @13-02-2021 17:31:11.0491 PM
[ReportManager] Attempting to run remotely on: [Linux-64], [GoogleChrome], [http://localhost:4444/wd/hub], Headless Execution. @13-02-2021 17:31:11.0492 PM
[ReportManager] Successfully Opened [GoogleChrome]. @13-02-2021 17:31:11.0780 PM
[ReportManager] Target URL: [https://www.google.com/ncr], and after redirection: [www.google.com] @13-02-2021 17:31:11.0792 PM
[ReportManager] Initial URL: [data:,] @13-02-2021 17:31:11.0841 PM
[ReportManager] Browser Action [navigateToURL] successfully performed. With the following test data [https://www.google.com/ncr]. @13-02-2021 17:31:12.0693 P

################################################################################################################################################
Starting Execution:	[36 out of 134] test cases in the current suite
Test Method:		[unitTests.tests_validations_assertions.assertElementAttribute_false_literalComparison_expectedToPass]
################################################################################################################################################
[ReportManager] Element Action [type] successfully performed. With the following test data [Automation!@#$%^&*()_+{}[]\';/.,]. @13-02-2021 17:31:14.0283 PM
[ReportManager] Element Action [getText] successfully performed. With the following test data [Automation!@#$%^&*()_+{}[]\';/.,]. @13-02-2021 17:31:14.0437 PM
[ReportManager] Loaded Shared OpenCV @13-02-2021 17:31:14.0587 PM
[ReportManager] AssertElementAttribute PASSED; Expected [Value Should not be 'Automation' for the 'text' attribute, element locator 'By.name: q'] and Actual [Automation!@#$%^&*()_+{}[]\';/.,]. Comparison Type [EQUALS]. Validation Type [NEGATIVE]. @13-02-2021 17:31:14.0665 PM
[ReportManager] Successfully created attachment [Screenshot - 1613237474587_assertElementAttribute_false_literalComparison_expectedToPass_AssertElementAttribute_passed] @13-02-2021 17:31:14.0666 P
[ReportManager] Successfully created attachment [Selenium WebDriver Logs - server] @13-02-2021 17:31:14.0761 PM
[ReportManager] Successfully created attachment [Selenium WebDriver Logs - performance] @13-02-2021 17:31:14.0931 PM
[ReportManager] Successfully created attachment [Selenium WebDriver Logs - driver] @13-02-2021 17:31:15.0133 PM
[ReportManager] Browser Action [closeCurrentWindow] successfully performed. @13-02-2021 17:31:15.0193 PM
[ReportManager] Successfully created attachment [Browser Action Test Data - closeCurrentWindow - Actual Value] @13-02-2021 17:31:15.0194 P
[ReportManager] File Action [getAbsolutePath] successfully performed. With the following test data [Relative Folder Path: "target/downloadedFiles/"]. @13-02-2021 17:31:15.0196 PM
[ReportManager] Attempting to run remotely on: [Linux-64], [GoogleChrome], [http://localhost:4444/wd/hub], Headless Execution. @13-02-2021 17:31:15.0197 PM
[ReportManager] Successfully Opened [GoogleChrome]. @13-02-2021 17:31:15.0452 PM
[ReportManager] Target URL: [https://www.google.com/ncr], and after redirection: [www.google.com] @13-02-2021 17:31:15.0464 PM
[ReportManager] Initial URL: [data:,] @13-02-2021 17:31:15.0520 PM
[ReportManager] Browser Action [navigateToURL] successfully performed. With the following test data [https://www.google.com/ncr]. @13-02-2021 17:31:16.0565 P

################################################################################################################################################
Starting Execution:	[37 out of 134] test cases in the current suite
Test Method:		[unitTests.tests_validations_assertions.assertElementAttribute_false_regexComparison_expectedToFail]
################################################################################################################################################
[ReportManager] Element Action [type] successfully performed. With the following test data [Automation123]. @13-02-2021 17:31:17.0247 PM
[ReportManager] Element Action [getText] successfully performed. With the following test data [Automation123]. @13-02-2021 17:31:17.0402 PM
[ReportManager] Loaded Shared OpenCV @13-02-2021 17:31:17.0562 PM
[ReportManager] AssertElementAttribute FAILED; Expected [Value Should not be 'Automation.*' for the 'text' attribute, element locator 'By.name: q'] and Actual [Automation123]. Comparison Type [MATCHES]. Validation Type [NEGATIVE]. @13-02-2021 17:31:17.0636 PM
[ReportManager] Successfully created attachment [Screenshot - 1613237477562_assertElementAttribute_false_regexComparison_expectedToFail_AssertElementAttribute_failed] @13-02-2021 17:31:17.0638 P
[ReportManager] Successfully created attachment [Selenium WebDriver Logs - server] @13-02-2021 17:31:17.0726 PM
[ReportManager] Successfully created attachment [Selenium WebDriver Logs - performance] @13-02-2021 17:31:17.0822 PM
[ReportManager] Successfully created attachment [Selenium WebDriver Logs - driver] @13-02-2021 17:31:17.0962 PM
[ReportManager] Browser Action [closeCurrentWindow] successfully performed. @13-02-2021 17:31:18.0019 PM
[ReportManager] Successfully created attachment [Browser Action Test Data - closeCurrentWindow - Actual Value] @13-02-2021 17:31:18.0019 P
[ReportManager] File Action [getAbsolutePath] successfully performed. With the following test data [Relative Folder Path: "target/downloadedFiles/"]. @13-02-2021 17:31:18.0022 PM
[ReportManager] Attempting to run remotely on: [Linux-64], [GoogleChrome], [http://localhost:4444/wd/hub], Headless Execution. @13-02-2021 17:31:18.0022 PM
[ReportManager] Successfully Opened [GoogleChrome]. @13-02-2021 17:31:18.0292 PM
[ReportManager] Target URL: [https://www.google.com/ncr], and after redirection: [www.google.com] @13-02-2021 17:31:18.0304 PM
[ReportManager] Initial URL: [data:,] @13-02-2021 17:31:18.0377 PM
[ReportManager] Browser Action [navigateToURL] successfully performed. With the following test data [https://www.google.com/ncr]. @13-02-2021 17:31:19.0205 P

################################################################################################################################################
Starting Execution:	[38 out of 134] test cases in the current suite
Test Method:		[unitTests.tests_validations_assertions.assertElementAttribute_false_regexComparison_expectedToPass]
################################################################################################################################################
[ReportManager] Element Action [type] successfully performed. With the following test data [Automation123]. @13-02-2021 17:31:19.0900 PM
[ReportManager] Element Action [getText] successfully performed. With the following test data [Automation123]. @13-02-2021 17:31:20.0034 PM
[ReportManager] Loaded Shared OpenCV @13-02-2021 17:31:20.0186 PM
[ReportManager] AssertElementAttribute PASSED; Expected [Value Should not be 'Automation' for the 'text' attribute, element locator 'By.name: q'] and Actual [Automation123]. Comparison Type [MATCHES]. Validation Type [NEGATIVE]. @13-02-2021 17:31:20.0313 PM
[ReportManager] Successfully created attachment [Screenshot - 1613237480186_assertElementAttribute_false_regexComparison_expectedToPass_AssertElementAttribute_passed] @13-02-2021 17:31:20.0314 P
[ReportManager] Successfully created attachment [Selenium WebDriver Logs - server] @13-02-2021 17:31:20.0411 PM
[ReportManager] Successfully created attachment [Selenium WebDriver Logs - performance] @13-02-2021 17:31:20.0507 PM
[ReportManager] Successfully created attachment [Selenium WebDriver Logs - driver] @13-02-2021 17:31:20.0649 PM
[ReportManager] Browser Action [closeCurrentWindow] successfully performed. @13-02-2021 17:31:20.0709 PM
[ReportManager] Successfully created attachment [Browser Action Test Data - closeCurrentWindow - Actual Value] @13-02-2021 17:31:20.0710 P
[ReportManager] File Action [getAbsolutePath] successfully performed. With the following test data [Relative Folder Path: "target/downloadedFiles/"]. @13-02-2021 17:31:20.0713 PM
[ReportManager] Attempting to run remotely on: [Linux-64], [GoogleChrome], [http://localhost:4444/wd/hub], Headless Execution. @13-02-2021 17:31:20.0718 PM
[ReportManager] Successfully Opened [GoogleChrome]. @13-02-2021 17:31:21.0134 PM
[ReportManager] Target URL: [https://www.google.com/ncr], and after redirection: [www.google.com] @13-02-2021 17:31:21.0150 PM
[ReportManager] Initial URL: [data:,] @13-02-2021 17:31:21.0199 PM
[ReportManager] Browser Action [navigateToURL] successfully performed. With the following test data [https://www.google.com/ncr]. @13-02-2021 17:31:22.0017 P

################################################################################################################################################
Starting Execution:	[39 out of 134] test cases in the current suite
Test Method:		[unitTests.tests_validations_assertions.assertElementAttribute_true_caseInsensitiveComparison_expectedToFail]
################################################################################################################################################
[ReportManager] Element Action [type] successfully performed. With the following test data [AUTOMATION]. @13-02-2021 17:31:22.0702 PM
[ReportManager] Element Action [getText] successfully performed. With the following test data [AUTOMATION]. @13-02-2021 17:31:22.0838 PM
[ReportManager] Loaded Shared OpenCV @13-02-2021 17:31:23.0000 PM
[ReportManager] AssertElementAttribute FAILED; Expected [Value Should be 'AutomaTion123' for the 'text' attribute, element locator 'By.name: q'] and Actual [AUTOMATION]. Comparison Type [CASE_INSENSITIVE]. Validation Type [POSITIVE]. @13-02-2021 17:31:23.0086 PM
[ReportManager] Successfully created attachment [Screenshot - 1613237483000_assertElementAttribute_true_caseInsensitiveComparison_expectedToFail_AssertElementAttribute_failed] @13-02-2021 17:31:23.0087 P
[ReportManager] Successfully created attachment [Selenium WebDriver Logs - server] @13-02-2021 17:31:23.0175 PM
[ReportManager] Successfully created attachment [Selenium WebDriver Logs - performance] @13-02-2021 17:31:23.0251 PM
[ReportManager] Successfully created attachment [Selenium WebDriver Logs - driver] @13-02-2021 17:31:23.0393 PM
[ReportManager] Browser Action [closeCurrentWindow] successfully performed. @13-02-2021 17:31:23.0457 PM
[ReportManager] Successfully created attachment [Browser Action Test Data - closeCurrentWindow - Actual Value] @13-02-2021 17:31:23.0458 P
[ReportManager] File Action [getAbsolutePath] successfully performed. With the following test data [Relative Folder Path: "target/downloadedFiles/"]. @13-02-2021 17:31:23.0460 PM
[ReportManager] Attempting to run remotely on: [Linux-64], [GoogleChrome], [http://localhost:4444/wd/hub], Headless Execution. @13-02-2021 17:31:23.0460 PM
[ReportManager] Successfully Opened [GoogleChrome]. @13-02-2021 17:31:23.0717 PM
[ReportManager] Target URL: [https://www.google.com/ncr], and after redirection: [www.google.com] @13-02-2021 17:31:23.0729 PM
[ReportManager] Initial URL: [data:,] @13-02-2021 17:31:23.0772 PM
[ReportManager] Browser Action [navigateToURL] successfully performed. With the following test data [https://www.google.com/ncr]. @13-02-2021 17:31:24.0593 P

################################################################################################################################################
Starting Execution:	[40 out of 134] test cases in the current suite
Test Method:		[unitTests.tests_validations_assertions.assertElementAttribute_true_caseInsensitiveComparison_expectedToPass]
################################################################################################################################################
[ReportManager] Element Action [type] successfully performed. With the following test data [AUTOMATION]. @13-02-2021 17:31:25.0309 PM
[ReportManager] Element Action [getText] successfully performed. With the following test data [AUTOMATION]. @13-02-2021 17:31:25.0436 PM
[ReportManager] Loaded Shared OpenCV @13-02-2021 17:31:25.0586 PM
[ReportManager] AssertElementAttribute PASSED; Expected [Value Should be 'AutomaTion' for the 'text' attribute, element locator 'By.name: q'] and Actual [AUTOMATION]. Comparison Type [CASE_INSENSITIVE]. Validation Type [POSITIVE]. @13-02-2021 17:31:25.0668 PM
[ReportManager] Successfully created attachment [Screenshot - 1613237485586_assertElementAttribute_true_caseInsensitiveComparison_expectedToPass_AssertElementAttribute_passed] @13-02-2021 17:31:25.0669 P
[ReportManager] Successfully created attachment [Selenium WebDriver Logs - server] @13-02-2021 17:31:25.0760 PM
[ReportManager] Successfully created attachment [Selenium WebDriver Logs - performance] @13-02-2021 17:31:25.0866 PM
[ReportManager] Successfully created attachment [Selenium WebDriver Logs - driver] @13-02-2021 17:31:26.0007 PM
[ReportManager] Browser Action [closeCurrentWindow] successfully performed. @13-02-2021 17:31:26.0064 PM
[ReportManager] Successfully created attachment [Browser Action Test Data - closeCurrentWindow - Actual Value] @13-02-2021 17:31:26.0065 P
[ReportManager] File Action [getAbsolutePath] successfully performed. With the following test data [Relative Folder Path: "target/downloadedFiles/"]. @13-02-2021 17:31:26.0068 PM
[ReportManager] Attempting to run remotely on: [Linux-64], [GoogleChrome], [http://localhost:4444/wd/hub], Headless Execution. @13-02-2021 17:31:26.0068 PM
[ReportManager] Successfully Opened [GoogleChrome]. @13-02-2021 17:31:26.0318 PM
[ReportManager] Target URL: [https://www.google.com/ncr], and after redirection: [www.google.com] @13-02-2021 17:31:26.0328 PM
[ReportManager] Initial URL: [data:,] @13-02-2021 17:31:26.0371 PM
[ReportManager] Browser Action [navigateToURL] successfully performed. With the following test data [https://www.google.com/ncr]. @13-02-2021 17:31:27.0226 P

################################################################################################################################################
Starting Execution:	[41 out of 134] test cases in the current suite
Test Method:		[unitTests.tests_validations_assertions.assertElementAttribute_true_containsComparison_expectedToFail]
################################################################################################################################################
[ReportManager] Element Action [type] successfully performed. With the following test data [Automation123]. @13-02-2021 17:31:27.0843 PM
[ReportManager] Element Action [getText] successfully performed. With the following test data [Automation123]. @13-02-2021 17:31:27.0964 PM
[ReportManager] Loaded Shared OpenCV @13-02-2021 17:31:28.0093 PM
[ReportManager] AssertElementAttribute FAILED; Expected [Value Should be 'Automation1234' for the 'text' attribute, element locator 'By.name: q'] and Actual [Automation123]. Comparison Type [CONTAINS]. Validation Type [POSITIVE]. @13-02-2021 17:31:28.0171 PM
[ReportManager] Successfully created attachment [Screenshot - 1613237488093_assertElementAttribute_true_containsComparison_expectedToFail_AssertElementAttribute_failed] @13-02-2021 17:31:28.0172 P
[ReportManager] Successfully created attachment [Selenium WebDriver Logs - server] @13-02-2021 17:31:28.0248 PM
[ReportManager] Successfully created attachment [Selenium WebDriver Logs - performance] @13-02-2021 17:31:28.0341 PM
[ReportManager] Successfully created attachment [Selenium WebDriver Logs - driver] @13-02-2021 17:31:28.0469 PM
[ReportManager] Browser Action [closeCurrentWindow] successfully performed. @13-02-2021 17:31:28.0490 PM
[ReportManager] Successfully created attachment [Browser Action Test Data - closeCurrentWindow - Actual Value] @13-02-2021 17:31:28.0491 P
[ReportManager] File Action [getAbsolutePath] successfully performed. With the following test data [Relative Folder Path: "target/downloadedFiles/"]. @13-02-2021 17:31:28.0493 PM
[ReportManager] Attempting to run remotely on: [Linux-64], [GoogleChrome], [http://localhost:4444/wd/hub], Headless Execution. @13-02-2021 17:31:28.0494 PM
[ReportManager] Successfully Opened [GoogleChrome]. @13-02-2021 17:31:28.0763 PM
[ReportManager] Target URL: [https://www.google.com/ncr], and after redirection: [www.google.com] @13-02-2021 17:31:28.0777 PM
[ReportManager] Initial URL: [data:,] @13-02-2021 17:31:28.0831 PM
[ReportManager] Browser Action [navigateToURL] successfully performed. With the following test data [https://www.google.com/ncr]. @13-02-2021 17:31:29.0709 P

################################################################################################################################################
Starting Execution:	[42 out of 134] test cases in the current suite
Test Method:		[unitTests.tests_validations_assertions.assertElementAttribute_true_containsComparison_expectedToPass]
################################################################################################################################################
[ReportManager] Element Action [type] successfully performed. With the following test data [Automation123]. @13-02-2021 17:31:30.0442 PM
[ReportManager] Element Action [getText] successfully performed. With the following test data [Automation123]. @13-02-2021 17:31:30.0562 PM
[ReportManager] Loaded Shared OpenCV @13-02-2021 17:31:30.0696 PM
[ReportManager] AssertElementAttribute PASSED; Expected [Value Should be 'Automation' for the 'text' attribute, element locator 'By.name: q'] and Actual [Automation123]. Comparison Type [CONTAINS]. Validation Type [POSITIVE]. @13-02-2021 17:31:30.0775 PM
[ReportManager] Successfully created attachment [Screenshot - 1613237490696_assertElementAttribute_true_containsComparison_expectedToPass_AssertElementAttribute_passed] @13-02-2021 17:31:30.0776 P
[ReportManager] Successfully created attachment [Selenium WebDriver Logs - server] @13-02-2021 17:31:30.0859 PM
[ReportManager] Successfully created attachment [Selenium WebDriver Logs - performance] @13-02-2021 17:31:30.0964 PM
[ReportManager] Successfully created attachment [Selenium WebDriver Logs - driver] @13-02-2021 17:31:31.0107 PM
[ReportManager] Browser Action [closeCurrentWindow] successfully performed. @13-02-2021 17:31:31.0164 PM
[ReportManager] Successfully created attachment [Browser Action Test Data - closeCurrentWindow - Actual Value] @13-02-2021 17:31:31.0165 P
[ReportManager] File Action [getAbsolutePath] successfully performed. With the following test data [Relative Folder Path: "target/downloadedFiles/"]. @13-02-2021 17:31:31.0167 PM
[ReportManager] Attempting to run remotely on: [Linux-64], [GoogleChrome], [http://localhost:4444/wd/hub], Headless Execution. @13-02-2021 17:31:31.0167 PM
[ReportManager] Successfully Opened [GoogleChrome]. @13-02-2021 17:31:31.0412 PM
[ReportManager] Target URL: [https://www.google.com/ncr], and after redirection: [www.google.com] @13-02-2021 17:31:31.0423 PM
[ReportManager] Initial URL: [data:,] @13-02-2021 17:31:31.0475 PM
[ReportManager] Browser Action [navigateToURL] successfully performed. With the following test data [https://www.google.com/ncr]. @13-02-2021 17:31:32.0851 P

################################################################################################################################################
Starting Execution:	[43 out of 134] test cases in the current suite
Test Method:		[unitTests.tests_validations_assertions.assertElementAttribute_true_literalComparison_expectedToFail]
################################################################################################################################################
[ReportManager] Element Action [type] successfully performed. With the following test data [Automation!@#$%^&*()_+{}[]\';/.,]. @13-02-2021 17:31:34.0473 PM
[ReportManager] Element Action [getText] successfully performed. With the following test data [Automation!@#$%^&*()_+{}[]\';/.,]. @13-02-2021 17:31:34.0626 PM
[ReportManager] Loaded Shared OpenCV @13-02-2021 17:31:34.0794 PM
[ReportManager] AssertElementAttribute FAILED; Expected [Value Should be 'Automation' for the 'text' attribute, element locator 'By.name: q'] and Actual [Automation!@#$%^&*()_+{}[]\';/.,]. Comparison Type [EQUALS]. Validation Type [POSITIVE]. @13-02-2021 17:31:34.0875 PM
[ReportManager] Successfully created attachment [Screenshot - 1613237494793_assertElementAttribute_true_literalComparison_expectedToFail_AssertElementAttribute_failed] @13-02-2021 17:31:34.0876 P
[ReportManager] Successfully created attachment [Selenium WebDriver Logs - server] @13-02-2021 17:31:34.0961 PM
[ReportManager] Successfully created attachment [Selenium WebDriver Logs - performance] @13-02-2021 17:31:35.0153 PM
[ReportManager] Successfully created attachment [Selenium WebDriver Logs - driver] @13-02-2021 17:31:35.0385 PM
[ReportManager] Browser Action [closeCurrentWindow] successfully performed. @13-02-2021 17:31:35.0445 PM
[ReportManager] Successfully created attachment [Browser Action Test Data - closeCurrentWindow - Actual Value] @13-02-2021 17:31:35.0446 P
[ReportManager] File Action [getAbsolutePath] successfully performed. With the following test data [Relative Folder Path: "target/downloadedFiles/"]. @13-02-2021 17:31:35.0448 PM
[ReportManager] Attempting to run remotely on: [Linux-64], [GoogleChrome], [http://localhost:4444/wd/hub], Headless Execution. @13-02-2021 17:31:35.0448 PM
[ReportManager] Successfully Opened [GoogleChrome]. @13-02-2021 17:31:35.0715 PM
[ReportManager] Target URL: [https://www.google.com/ncr], and after redirection: [www.google.com] @13-02-2021 17:31:35.0731 PM
[ReportManager] Initial URL: [data:,] @13-02-2021 17:31:35.0772 PM
[ReportManager] Browser Action [navigateToURL] successfully performed. With the following test data [https://www.google.com/ncr]. @13-02-2021 17:31:36.0611 P

################################################################################################################################################
Starting Execution:	[44 out of 134] test cases in the current suite
Test Method:		[unitTests.tests_validations_assertions.assertElementAttribute_true_literalComparison_expectedToPass]
################################################################################################################################################
[ReportManager] Element Action [type] successfully performed. With the following test data [Automation!@#$%^&*()_+{}[]\';/.,]. @13-02-2021 17:31:38.0235 PM
[ReportManager] Element Action [getText] successfully performed. With the following test data [Automation!@#$%^&*()_+{}[]\';/.,]. @13-02-2021 17:31:38.0348 PM
[ReportManager] Loaded Shared OpenCV @13-02-2021 17:31:38.0492 PM
[ReportManager] AssertElementAttribute PASSED; Expected [Value Should be 'Automation!@#$%^&*()_+{}[]\';/.,' for the 'text' attribute, element locator 'By.name: q'] and Actual [Automation!@#$%^&*()_+{}[]\';/.,]. Comparison Type [EQUALS]. Validation Type [POSITIVE]. @13-02-2021 17:31:38.0568 PM
[ReportManager] Successfully created attachment [Screenshot - 1613237498492_assertElementAttribute_true_literalComparison_expectedToPass_AssertElementAttribute_passed] @13-02-2021 17:31:38.0569 P
[ReportManager] Successfully created attachment [Selenium WebDriver Logs - server] @13-02-2021 17:31:38.0648 PM
[ReportManager] Successfully created attachment [Selenium WebDriver Logs - performance] @13-02-2021 17:31:38.0814 PM
[ReportManager] Successfully created attachment [Selenium WebDriver Logs - driver] @13-02-2021 17:31:39.0019 PM
[ReportManager] Browser Action [closeCurrentWindow] successfully performed. @13-02-2021 17:31:39.0079 PM
[ReportManager] Successfully created attachment [Browser Action Test Data - closeCurrentWindow - Actual Value] @13-02-2021 17:31:39.0081 P
[ReportManager] File Action [getAbsolutePath] successfully performed. With the following test data [Relative Folder Path: "target/downloadedFiles/"]. @13-02-2021 17:31:39.0086 PM
[ReportManager] Attempting to run remotely on: [Linux-64], [GoogleChrome], [http://localhost:4444/wd/hub], Headless Execution. @13-02-2021 17:31:39.0086 PM
[ReportManager] Successfully Opened [GoogleChrome]. @13-02-2021 17:31:39.0427 PM
[ReportManager] Target URL: [https://www.google.com/ncr], and after redirection: [www.google.com] @13-02-2021 17:31:39.0438 PM
[ReportManager] Initial URL: [data:,] @13-02-2021 17:31:39.0479 PM
[ReportManager] Browser Action [navigateToURL] successfully performed. With the following test data [https://www.google.com/ncr]. @13-02-2021 17:31:40.0360 P

################################################################################################################################################
Starting Execution:	[45 out of 134] test cases in the current suite
Test Method:		[unitTests.tests_validations_assertions.assertElementAttribute_true_regexComparison_expectedToFail]
################################################################################################################################################
[ReportManager] Element Action [type] successfully performed. With the following test data [Automation123]. @13-02-2021 17:31:41.0094 PM
[ReportManager] Element Action [getText] successfully performed. With the following test data [Automation123]. @13-02-2021 17:31:41.0219 PM
[ReportManager] Loaded Shared OpenCV @13-02-2021 17:31:41.0361 PM
[ReportManager] AssertElementAttribute FAILED; Expected [Value Should be 'Automation' for the 'text' attribute, element locator 'By.name: q'] and Actual [Automation123]. Comparison Type [MATCHES]. Validation Type [POSITIVE]. @13-02-2021 17:31:41.0440 PM
[ReportManager] Successfully created attachment [Screenshot - 1613237501361_assertElementAttribute_true_regexComparison_expectedToFail_AssertElementAttribute_failed] @13-02-2021 17:31:41.0441 P
[ReportManager] Successfully created attachment [Selenium WebDriver Logs - server] @13-02-2021 17:31:41.0526 PM
[ReportManager] Successfully created attachment [Selenium WebDriver Logs - performance] @13-02-2021 17:31:41.0617 PM
[ReportManager] Successfully created attachment [Selenium WebDriver Logs - driver] @13-02-2021 17:31:41.0772 PM
[ReportManager] Browser Action [closeCurrentWindow] successfully performed. @13-02-2021 17:31:41.0841 PM
[ReportManager] Successfully created attachment [Browser Action Test Data - closeCurrentWindow - Actual Value] @13-02-2021 17:31:41.0842 P
[ReportManager] File Action [getAbsolutePath] successfully performed. With the following test data [Relative Folder Path: "target/downloadedFiles/"]. @13-02-2021 17:31:41.0849 PM
[ReportManager] Attempting to run remotely on: [Linux-64], [GoogleChrome], [http://localhost:4444/wd/hub], Headless Execution. @13-02-2021 17:31:41.0849 PM
[ReportManager] Successfully Opened [GoogleChrome]. @13-02-2021 17:31:42.0202 PM
[ReportManager] Target URL: [https://www.google.com/ncr], and after redirection: [www.google.com] @13-02-2021 17:31:42.0216 PM
[ReportManager] Initial URL: [data:,] @13-02-2021 17:31:42.0262 PM
[ReportManager] Browser Action [navigateToURL] successfully performed. With the following test data [https://www.google.com/ncr]. @13-02-2021 17:31:43.0115 P

################################################################################################################################################
Starting Execution:	[46 out of 134] test cases in the current suite
Test Method:		[unitTests.tests_validations_assertions.assertElementAttribute_true_regexComparison_expectedToPass]
################################################################################################################################################
[ReportManager] Element Action [type] successfully performed. With the following test data [Automation123]. @13-02-2021 17:31:43.0771 PM
[ReportManager] Element Action [getText] successfully performed. With the following test data [Automation123]. @13-02-2021 17:31:43.0898 PM
[ReportManager] Loaded Shared OpenCV @13-02-2021 17:31:44.0034 PM
[ReportManager] AssertElementAttribute PASSED; Expected [Value Should be 'Automation.*' for the 'text' attribute, element locator 'By.name: q'] and Actual [Automation123]. Comparison Type [MATCHES]. Validation Type [POSITIVE]. @13-02-2021 17:31:44.0106 PM
[ReportManager] Successfully created attachment [Screenshot - 1613237504033_assertElementAttribute_true_regexComparison_expectedToPass_AssertElementAttribute_passed] @13-02-2021 17:31:44.0107 P
[ReportManager] Successfully created attachment [Selenium WebDriver Logs - server] @13-02-2021 17:31:44.0189 PM
[ReportManager] Successfully created attachment [Selenium WebDriver Logs - performance] @13-02-2021 17:31:44.0278 PM
[ReportManager] Successfully created attachment [Selenium WebDriver Logs - driver] @13-02-2021 17:31:44.0411 PM
[ReportManager] Browser Action [closeCurrentWindow] successfully performed. @13-02-2021 17:31:44.0468 PM
[ReportManager] Successfully created attachment [Browser Action Test Data - closeCurrentWindow - Actual Value] @13-02-2021 17:31:44.0470 P
[ReportManager] File Action [getAbsolutePath] successfully performed. With the following test data [Relative Folder Path: "target/downloadedFiles/"]. @13-02-2021 17:31:44.0473 PM
[ReportManager] Attempting to run remotely on: [Linux-64], [GoogleChrome], [http://localhost:4444/wd/hub], Headless Execution. @13-02-2021 17:31:44.0473 PM
[ReportManager] Successfully Opened [GoogleChrome]. @13-02-2021 17:31:44.0718 PM
[ReportManager] Target URL: [https://www.google.com/ncr], and after redirection: [www.google.com] @13-02-2021 17:31:44.0751 PM
[ReportManager] Initial URL: [data:,] @13-02-2021 17:31:44.0793 PM
[ReportManager] Browser Action [navigateToURL] successfully performed. With the following test data [https://www.google.com/ncr]. @13-02-2021 17:31:45.0758 P

################################################################################################################################################
Starting Execution:	[47 out of 134] test cases in the current suite
Test Method:		[unitTests.tests_validations_assertions.assertElementExists_false_expectedToFail]
################################################################################################################################################
[ReportManager] AssertElementExists PASSED; Expected [Element Should not Exist, locator 'By.id: hplogo'] and Actual [Element Doesn't Exists]. Comparison Type [EQUALS]. Validation Type [NEGATIVE]. @13-02-2021 17:31:45.0989 PM
[ReportManager] Successfully created attachment [Screenshot - 1613237505927_assertElementExists_false_expectedToFail_AssertElementExists_passed] @13-02-2021 17:31:45.0990 P
[ReportManager] Successfully created attachment [Selenium WebDriver Logs - server] @13-02-2021 17:31:46.0075 PM
[ReportManager] Successfully created attachment [Selenium WebDriver Logs - performance] @13-02-2021 17:31:46.0110 PM
[ReportManager] Successfully created attachment [Selenium WebDriver Logs - driver] @13-02-2021 17:31:46.0181 PM
[ReportManager] Browser Action [closeCurrentWindow] successfully performed. @13-02-2021 17:31:46.0238 PM
[ReportManager] Successfully created attachment [Browser Action Test Data - closeCurrentWindow - Actual Value] @13-02-2021 17:31:46.0239 P
[ReportManager] File Action [getAbsolutePath] successfully performed. With the following test data [Relative Folder Path: "target/downloadedFiles/"]. @13-02-2021 17:31:46.0242 PM
[ReportManager] Attempting to run remotely on: [Linux-64], [GoogleChrome], [http://localhost:4444/wd/hub], Headless Execution. @13-02-2021 17:31:46.0242 PM
[ReportManager] Successfully Opened [GoogleChrome]. @13-02-2021 17:31:46.0505 PM
[ReportManager] Target URL: [https://www.google.com/ncr], and after redirection: [www.google.com] @13-02-2021 17:31:46.0521 PM
[ReportManager] Initial URL: [data:,] @13-02-2021 17:31:46.0566 PM
[ReportManager] Browser Action [navigateToURL] successfully performed. With the following test data [https://www.google.com/ncr]. @13-02-2021 17:31:47.0430 P

################################################################################################################################################
Starting Execution:	[48 out of 134] test cases in the current suite
Test Method:		[unitTests.tests_validations_assertions.assertElementExists_false_expectedToPass]
################################################################################################################################################
[ReportManager] AssertElementExists PASSED; Expected [Element Should not Exist, locator 'By.id: fakeElement'] and Actual [Element Doesn't Exists]. Comparison Type [EQUALS]. Validation Type [NEGATIVE]. @13-02-2021 17:31:47.0654 PM
[ReportManager] Successfully created attachment [Screenshot - 1613237507593_assertElementExists_false_expectedToPass_AssertElementExists_passed] @13-02-2021 17:31:47.0654 P
[ReportManager] Successfully created attachment [Selenium WebDriver Logs - server] @13-02-2021 17:31:47.0740 PM
[ReportManager] Successfully created attachment [Selenium WebDriver Logs - performance] @13-02-2021 17:31:47.0783 PM
[ReportManager] Successfully created attachment [Selenium WebDriver Logs - driver] @13-02-2021 17:31:47.0873 PM
[ReportManager] Browser Action [closeCurrentWindow] successfully performed. @13-02-2021 17:31:47.0929 PM
[ReportManager] Successfully created attachment [Browser Action Test Data - closeCurrentWindow - Actual Value] @13-02-2021 17:31:47.0930 P
[ReportManager] File Action [getAbsolutePath] successfully performed. With the following test data [Relative Folder Path: "target/downloadedFiles/"]. @13-02-2021 17:31:47.0932 PM
[ReportManager] Attempting to run remotely on: [Linux-64], [GoogleChrome], [http://localhost:4444/wd/hub], Headless Execution. @13-02-2021 17:31:47.0932 PM
[ReportManager] Successfully Opened [GoogleChrome]. @13-02-2021 17:31:48.0173 PM
[ReportManager] Target URL: [https://www.google.com/ncr], and after redirection: [www.google.com] @13-02-2021 17:31:48.0183 PM
[ReportManager] Initial URL: [data:,] @13-02-2021 17:31:48.0225 PM
[ReportManager] Browser Action [navigateToURL] successfully performed. With the following test data [https://www.google.com/ncr]. @13-02-2021 17:31:49.0012 P

################################################################################################################################################
Starting Execution:	[49 out of 134] test cases in the current suite
Test Method:		[unitTests.tests_validations_assertions.assertElementExists_false_multipleElementsFound_expectedToFail]
################################################################################################################################################
[ReportManager] AssertElementExists FAILED; Expected [Element Should not Exist, locator 'By.xpath: //div'] and Actual [Element Exists but is not unique]. Comparison Type [EQUALS]. Validation Type [NEGATIVE]. @13-02-2021 17:31:49.0237 PM
[ReportManager] Successfully created attachment [Screenshot - 1613237509177_assertElementExists_false_multipleElementsFound_expectedToFail_AssertElementExists_failed] @13-02-2021 17:31:49.0237 P
[ReportManager] Successfully created attachment [Selenium WebDriver Logs - server] @13-02-2021 17:31:49.0322 PM
[ReportManager] Successfully created attachment [Selenium WebDriver Logs - performance] @13-02-2021 17:31:49.0359 PM
[ReportManager] Successfully created attachment [Selenium WebDriver Logs - driver] @13-02-2021 17:31:49.0439 PM
[ReportManager] Browser Action [closeCurrentWindow] successfully performed. @13-02-2021 17:31:49.0504 PM
[ReportManager] Successfully created attachment [Browser Action Test Data - closeCurrentWindow - Actual Value] @13-02-2021 17:31:49.0505 P
[ReportManager] File Action [getAbsolutePath] successfully performed. With the following test data [Relative Folder Path: "target/downloadedFiles/"]. @13-02-2021 17:31:49.0507 PM
[ReportManager] Attempting to run remotely on: [Linux-64], [GoogleChrome], [http://localhost:4444/wd/hub], Headless Execution. @13-02-2021 17:31:49.0507 PM
[ReportManager] Successfully Opened [GoogleChrome]. @13-02-2021 17:31:49.0742 PM
[ReportManager] Target URL: [https://www.google.com/ncr], and after redirection: [www.google.com] @13-02-2021 17:31:49.0753 PM
[ReportManager] Initial URL: [data:,] @13-02-2021 17:31:49.0803 PM
[ReportManager] Browser Action [navigateToURL] successfully performed. With the following test data [https://www.google.com/ncr]. @13-02-2021 17:31:50.0682 P

################################################################################################################################################
Starting Execution:	[50 out of 134] test cases in the current suite
Test Method:		[unitTests.tests_validations_assertions.assertElementExists_true_expectedToFail]
################################################################################################################################################
[ReportManager] AssertElementExists FAILED; Expected [Element Should Exist, locator 'By.id: fakeElement'] and Actual [Element Doesn't Exists]. Comparison Type [EQUALS]. Validation Type [POSITIVE]. @13-02-2021 17:31:50.0897 PM
[ReportManager] Successfully created attachment [Screenshot - 1613237510839_assertElementExists_true_expectedToFail_AssertElementExists_failed] @13-02-2021 17:31:50.0898 P
[ReportManager] Successfully created attachment [Selenium WebDriver Logs - server] @13-02-2021 17:31:50.0973 PM
[ReportManager] Successfully created attachment [Selenium WebDriver Logs - performance] @13-02-2021 17:31:51.0011 PM
[ReportManager] Successfully created attachment [Selenium WebDriver Logs - driver] @13-02-2021 17:31:51.0085 PM
[ReportManager] Browser Action [closeCurrentWindow] successfully performed. @13-02-2021 17:31:51.0101 PM
[ReportManager] Successfully created attachment [Browser Action Test Data - closeCurrentWindow - Actual Value] @13-02-2021 17:31:51.0101 P
[ReportManager] File Action [getAbsolutePath] successfully performed. With the following test data [Relative Folder Path: "target/downloadedFiles/"]. @13-02-2021 17:31:51.0103 PM
[ReportManager] Attempting to run remotely on: [Linux-64], [GoogleChrome], [http://localhost:4444/wd/hub], Headless Execution. @13-02-2021 17:31:51.0103 PM
[ReportManager] Successfully Opened [GoogleChrome]. @13-02-2021 17:31:51.0354 PM
[ReportManager] Target URL: [https://www.google.com/ncr], and after redirection: [www.google.com] @13-02-2021 17:31:51.0372 PM
[ReportManager] Initial URL: [data:,] @13-02-2021 17:31:51.0416 PM
[ReportManager] Browser Action [navigateToURL] successfully performed. With the following test data [https://www.google.com/ncr]. @13-02-2021 17:31:52.0269 P

################################################################################################################################################
Starting Execution:	[51 out of 134] test cases in the current suite
Test Method:		[unitTests.tests_validations_assertions.assertElementExists_true_expectedToPass]
################################################################################################################################################
[ReportManager] AssertElementExists FAILED; Expected [Element Should Exist, locator 'By.id: hplogo'] and Actual [Element Doesn't Exists]. Comparison Type [EQUALS]. Validation Type [POSITIVE]. @13-02-2021 17:31:52.0480 PM
[ReportManager] Successfully created attachment [Screenshot - 1613237512425_assertElementExists_true_expectedToPass_AssertElementExists_failed] @13-02-2021 17:31:52.0480 P
[ReportManager] Successfully created attachment [Selenium WebDriver Logs - server] @13-02-2021 17:31:52.0568 PM
[ReportManager] Successfully created attachment [Selenium WebDriver Logs - performance] @13-02-2021 17:31:52.0602 PM
[ReportManager] Successfully created attachment [Selenium WebDriver Logs - driver] @13-02-2021 17:31:52.0681 PM
[ReportManager] Browser Action [closeCurrentWindow] successfully performed. @13-02-2021 17:31:52.0739 PM
[ReportManager] Successfully created attachment [Browser Action Test Data - closeCurrentWindow - Actual Value] @13-02-2021 17:31:52.0740 P
[ReportManager] File Action [getAbsolutePath] successfully performed. With the following test data [Relative Folder Path: "target/downloadedFiles/"]. @13-02-2021 17:31:52.0744 PM
[ReportManager] Attempting to run remotely on: [Linux-64], [GoogleChrome], [http://localhost:4444/wd/hub], Headless Execution. @13-02-2021 17:31:52.0745 PM
[ReportManager] Successfully Opened [GoogleChrome]. @13-02-2021 17:31:52.0988 PM
[ReportManager] Target URL: [https://www.google.com/ncr], and after redirection: [www.google.com] @13-02-2021 17:31:53.0001 PM
[ReportManager] Initial URL: [data:,] @13-02-2021 17:31:53.0041 PM
[ReportManager] Browser Action [navigateToURL] successfully performed. With the following test data [https://www.google.com/ncr]. @13-02-2021 17:31:53.0822 P

################################################################################################################################################
Starting Execution:	[52 out of 134] test cases in the current suite
Test Method:		[unitTests.tests_validations_assertions.assertElementExists_true_multipleElementsFound_expectedToFail]
################################################################################################################################################
[ReportManager] AssertElementExists FAILED; Expected [Element Should Exist, locator 'By.xpath: //div'] and Actual [Element Exists but is not unique]. Comparison Type [EQUALS]. Validation Type [POSITIVE]. @13-02-2021 17:31:54.0040 PM
[ReportManager] Successfully created attachment [Screenshot - 1613237513973_assertElementExists_true_multipleElementsFound_expectedToFail_AssertElementExists_failed] @13-02-2021 17:31:54.0041 P
[ReportManager] Successfully created attachment [Selenium WebDriver Logs - server] @13-02-2021 17:31:54.0121 PM
[ReportManager] Successfully created attachment [Selenium WebDriver Logs - performance] @13-02-2021 17:31:54.0158 PM
[ReportManager] Successfully created attachment [Selenium WebDriver Logs - driver] @13-02-2021 17:31:54.0232 PM
[ReportManager] Browser Action [closeCurrentWindow] successfully performed. @13-02-2021 17:31:54.0289 PM
[ReportManager] Successfully created attachment [Browser Action Test Data - closeCurrentWindow - Actual Value] @13-02-2021 17:31:54.0289 P

################################################################################################################################################
Starting Execution:	[53 out of 134] test cases in the current suite
Test Method:		[unitTests.tests_validations_assertions.assertEquals_false_expectedToFail]
################################################################################################################################################
[ReportManager] AssertEquals FAILED; Expected [1] and Actual [1]. Comparison Type [EQUALS]. Validation Type [NEGATIVE]. @13-02-2021 17:31:54.0295 P

################################################################################################################################################
Starting Execution:	[54 out of 134] test cases in the current suite
Test Method:		[unitTests.tests_validations_assertions.assertEquals_false_expectedToPass]
################################################################################################################################################
[ReportManager] AssertEquals PASSED; Expected [1] and Actual [2]. Comparison Type [EQUALS]. Validation Type [NEGATIVE]. @13-02-2021 17:31:54.0297 P

################################################################################################################################################
Starting Execution:	[55 out of 134] test cases in the current suite
Test Method:		[unitTests.tests_validations_assertions.assertEquals_longCharacters]
################################################################################################################################################
[ReportManager] VerifyEquals PASSED; Expected and Actual values are attached. Comparison Type [EQUALS]. Validation Type [POSITIVE]. @13-02-2021 17:31:54.0302 PM
[ReportManager] Successfully created attachment [Validation Test Data - Expected Value] @13-02-2021 17:31:54.0302 PM
[ReportManager] Successfully created attachment [Validation Test Data - Actual Value] @13-02-2021 17:31:54.0302 PM
[ReportManager] AssertEquals PASSED; Expected and Actual values are attached. Comparison Type [EQUALS]. Validation Type [POSITIVE]. @13-02-2021 17:31:54.0302 PM
[ReportManager] Successfully created attachment [Validation Test Data - Expected Value] @13-02-2021 17:31:54.0302 PM
[ReportManager] Successfully created attachment [Validation Test Data - Actual Value] @13-02-2021 17:31:54.0303 P

################################################################################################################################################
Starting Execution:	[56 out of 134] test cases in the current suite
Test Method:		[unitTests.tests_validations_assertions.assertEquals_longCharacters_Discreet]
################################################################################################################################################
[ReportManager] AssertEquals PASSED; Expected [1LH5pROcDBjjQk0t0mCr0lXuzQu9lcGj28kY8R1H81X67eVAQJgWQhILiRWVPUgZ6uCtK5cnBkF55Jr9vYngjGO1Iyf0Mktv6lruDlL9T8MAUPcUZJGHZtji6nIeadujDSNmWMj5d6C8zlFqw0CRqBU0hO5adIasHgBSNoLotAjce3NGXoDwAlp3rYreeV16VIyZXROQY] and Actual [1LH5pROcDBjjQk0t0mCr0lXuzQu9lcGj28kY8R1H81X67eVAQJgWQhILiRWVPUgZ6uCtK5cnBkF55Jr9vYngjGO1Iyf0Mktv6lruDlL9T8MAUPcUZJGHZtji6nIeadujDSNmWMj5d6C8zlFqw0CRqBU0hO5adIasHgBSNoLotAjce3NGXoDwAlp3rYreeV16VIyZXROQY]. Comparison Type [EQUALS]. Validation Type [POSITIVE]. @13-02-2021 17:31:54.0305 P

################################################################################################################################################
Starting Execution:	[57 out of 134] test cases in the current suite
Test Method:		[unitTests.tests_validations_assertions.assertEquals_true_expectedToFail]
################################################################################################################################################
[ReportManager] AssertEquals FAILED; Expected [1] and Actual [2]. Comparison Type [EQUALS]. Validation Type [POSITIVE]. @13-02-2021 17:31:54.0308 P

################################################################################################################################################
Starting Execution:	[58 out of 134] test cases in the current suite
Test Method:		[unitTests.tests_validations_assertions.assertEquals_true_expectedToPass]
Test Description:	[Assert that assertEquals works as expected when the two values are equal.]
################################################################################################################################################
[ReportManager] VerifyEquals PASSED; Expected [1] and Actual [1]. Comparison Type [EQUALS]. Validation Type [POSITIVE]. @13-02-2021 17:31:54.0336 PM
[ReportManager] AssertEquals PASSED; Expected [1] and Actual [1]. Comparison Type [EQUALS]. Validation Type [POSITIVE]. @13-02-2021 17:31:54.0337 P

################################################################################################################################################
Starting Execution:	[59 out of 134] test cases in the current suite
Test Method:		[unitTests.tests_validations_assertions.assertEquals_true_expectedToPass__]
################################################################################################################################################
[ReportManager] AssertEquals PASSED; Expected [1] and Actual [1]. Comparison Type [EQUALS]. Validation Type [POSITIVE]. @13-02-2021 17:31:54.0338 P

################################################################################################################################################
Starting Execution:	[60 out of 134] test cases in the current suite
Test Method:		[unitTests.tests_validations_assertions.assertFileExists_false_expectedToFail]
################################################################################################################################################
[ReportManager] File Action [doesFileExist] successfully performed. With the following test data [File Path: "src/main/java/com/shaft/gui/element/ElementActions.java"]. @13-02-2021 17:31:54.0342 PM
[ReportManager] AssertFileExists FAILED; Expected [File 'src/main/java/com/shaft/gui/element/ElementActions.java' should not exist, after up to '1' retries] and Actual [File exists]. Validation Type [NEGATIVE]. @13-02-2021 17:31:54.0348 P

################################################################################################################################################
Starting Execution:	[61 out of 134] test cases in the current suite
Test Method:		[unitTests.tests_validations_assertions.assertFileExists_false_expectedToPass]
################################################################################################################################################
[ReportManager] File Action [doesFileExist] successfully performed. With the following test data [File Path: "src/main/java/com/shaft/gui/element/ElementActions.java_fail"]. @13-02-2021 17:31:54.0850 PM
[ReportManager] AssertFileExists PASSED; Expected [File 'src/main/java/com/shaft/gui/element/ElementActions.java_fail' should not exist, after up to '1' retries] and Actual [File does not exist]. Validation Type [NEGATIVE]. @13-02-2021 17:31:54.0850 P

################################################################################################################################################
Starting Execution:	[62 out of 134] test cases in the current suite
Test Method:		[unitTests.tests_validations_assertions.assertFileExists_true_expectedToFail]
################################################################################################################################################
[ReportManager] File Action [doesFileExist] successfully performed. With the following test data [File Path: "src/main/java/com/shaft/gui/element/ElementActions.java_fail"]. @13-02-2021 17:31:55.0354 PM
[ReportManager] AssertFileExists FAILED; Expected [File 'src/main/java/com/shaft/gui/element/ElementActions.java_fail' should exist, after up to '1' retries] and Actual [File does not exist]. Validation Type [POSITIVE]. @13-02-2021 17:31:55.0355 P

################################################################################################################################################
Starting Execution:	[63 out of 134] test cases in the current suite
Test Method:		[unitTests.tests_validations_assertions.assertFileExists_true_expectedToPass]
################################################################################################################################################
[ReportManager] File Action [doesFileExist] successfully performed. With the following test data [File Path: "src/main/java/com/shaft/gui/element/ElementActions.java"]. @13-02-2021 17:31:55.0358 PM
[ReportManager] AssertFileExists PASSED; Expected [File 'src/main/java/com/shaft/gui/element/ElementActions.java' should exist, after up to '1' retries] and Actual [File exists]. Validation Type [POSITIVE]. @13-02-2021 17:31:55.0359 P

################################################################################################################################################
Starting Execution:	[64 out of 134] test cases in the current suite
Test Method:		[unitTests.tests_validations_assertions.assertNull_false_expectedToFail]
################################################################################################################################################
[ReportManager] AssertNull FAILED; Expected [NULL] and Actual [NULL]. Comparison Type [EQUALS]. Validation Type [NEGATIVE]. @13-02-2021 17:31:55.0363 P

################################################################################################################################################
Starting Execution:	[65 out of 134] test cases in the current suite
Test Method:		[unitTests.tests_validations_assertions.assertNull_false_expectedToPass]
################################################################################################################################################
[ReportManager] AssertNull PASSED; Expected [NULL] and Actual [1]. Comparison Type [EQUALS]. Validation Type [NEGATIVE]. @13-02-2021 17:31:55.0368 P

################################################################################################################################################
Starting Execution:	[66 out of 134] test cases in the current suite
Test Method:		[unitTests.tests_validations_assertions.assertNull_true_expectedToFail]
################################################################################################################################################
[ReportManager] AssertNull FAILED; Expected [NULL] and Actual [1]. Comparison Type [EQUALS]. Validation Type [POSITIVE]. @13-02-2021 17:31:55.0370 P

################################################################################################################################################
Starting Execution:	[67 out of 134] test cases in the current suite
Test Method:		[unitTests.tests_validations_assertions.assertNull_true_expectedToPass]
################################################################################################################################################
[ReportManager] AssertNull PASSED; Expected [NULL] and Actual [NULL]. Comparison Type [EQUALS]. Validation Type [POSITIVE]. @13-02-2021 17:31:55.0371 P
[ReportManager] File Action [getAbsolutePath] successfully performed. With the following test data [Relative Folder Path: "target/downloadedFiles/"]. @13-02-2021 17:31:55.0373 PM
[ReportManager] Attempting to run remotely on: [Linux-64], [GoogleChrome], [http://localhost:4444/wd/hub], Headless Execution. @13-02-2021 17:31:55.0374 PM
[ReportManager] Successfully Opened [GoogleChrome]. @13-02-2021 17:31:55.0597 P

################################################################################################################################################
Starting Execution:	[68 out of 134] test cases in the current suite
Test Method:		[testPackage01.Test_IsElementClickable.testIsElementClickable]
################################################################################################################################################
[ReportManager] Target URL: [https://the-internet.herokuapp.com/] @13-02-2021 17:31:55.0609 PM
[ReportManager] Initial URL: [data:,] @13-02-2021 17:31:55.0673 PM
[ReportManager] Browser Action [navigateToURL] successfully performed. With the following test data [https://the-internet.herokuapp.com/]. @13-02-2021 17:31:56.0118 PM
[ReportManager] Element Action [isElementClickable] successfully performed. @13-02-2021 17:31:56.0311 PM
[ReportManager] AssertTrue PASSED; Expected [TRUE] and Actual [TRUE]. Validation Type [POSITIVE]. @13-02-2021 17:31:56.0312 P
[ReportManager] Successfully created attachment [Selenium WebDriver Logs - server] @13-02-2021 17:31:56.0356 PM
[ReportManager] Successfully created attachment [Selenium WebDriver Logs - performance] @13-02-2021 17:31:56.0381 PM
[ReportManager] Successfully created attachment [Selenium WebDriver Logs - browser] @13-02-2021 17:31:56.0387 PM
[ReportManager] Successfully created attachment [Selenium WebDriver Logs - driver] @13-02-2021 17:31:56.0447 PM
[ReportManager] Browser Action [closeCurrentWindow] successfully performed. @13-02-2021 17:31:56.0504 PM
[ReportManager] Successfully created attachment [Browser Action Test Data - closeCurrentWindow - Actual Value] @13-02-2021 17:31:56.0507 P

################################################################################################################################################
Starting Execution:	[69 out of 134] test cases in the current suite
Test Method:		[testPackage01.Test_JsonActions.f]
###############################################################################################################################################

################################################################################################################################################
Starting Execution:	[70 out of 134] test cases in the current suite
Test Method:		[testPackage01.Test_JsonActions.f2]
###############################################################################################################################################

################################################################################################################################################
Starting Execution:	[71 out of 134] test cases in the current suite
Test Method:		[testPackage01.Test_SkipDueToIssue.doNotSkip]
################################################################################################################################################
[ReportManager] This should not be skipped. @13-02-2021 17:31:56.0530 P

################################################################################################################################################
Starting Execution:	[72 out of 134] test cases in the current suite
Test Method:		[testPackage01.Test_SkipDueToIssue.skip]
################################################################################################################################################
[ReportManager] This should be skipped. @13-02-2021 17:31:56.0534 P

################################################################################################################################################
Starting Execution:	[73 out of 134] test cases in the current suite
Test Method:		[testPackage01.Test_SkipDueToIssue.skip2]
################################################################################################################################################
[ReportManager] This should be skipped. @13-02-2021 17:31:56.0539 P

################################################################################################################################################
Starting Execution:	[74 out of 134] test cases in the current suite
Test Method:		[testPackage01.Test_testData.f]
################################################################################################################################################
[ReportManager] Successfully loaded the following test data file [src/test/resources/TestDataFiles/testSuite01/TestData.xlsx]. @13-02-2021 17:31:56.0571 PM
[ReportManager] Successfully created attachment [Test Data - Excel] @13-02-2021 17:31:56.0572 PM
[ReportManager] Last Column Number is: [3]. Zero-based. @13-02-2021 17:31:56.0572 P
[ReportManager] File Action [getAbsolutePath] successfully performed. With the following test data [Relative Folder Path: "target/downloadedFiles/"]. @13-02-2021 17:31:56.0576 PM
[ReportManager] Attempting to run remotely on: [Linux-64], [GoogleChrome], [http://localhost:4444/wd/hub], Headless Execution. @13-02-2021 17:31:56.0576 PM
[ReportManager] Successfully Opened [GoogleChrome]. @13-02-2021 17:31:56.0810 P

################################################################################################################################################
Starting Execution:	[75 out of 134] test cases in the current suite
Test Method:		[testPackage01.Test_assertEquals.test_assertElementAttribute]
################################################################################################################################################
[ReportManager] Target URL: [https://www.google.com/ncr], and after redirection: [https://www.google.com] @13-02-2021 17:31:56.0828 PM
[ReportManager] Initial URL: [data:,] @13-02-2021 17:31:56.0875 PM
[ReportManager] Browser Action [navigateToURL] successfully performed. With the following test data [https://www.google.com/ncr]. @13-02-2021 17:31:57.0676 PM
[ReportManager] Element Action [type] successfully performed. With the following test data [INC_004010050:Another SCHEDULER with the same name [Duplicate Job Name] already exists.]. @13-02-2021 17:32:00.0374 PM
[ReportManager] Element Action [getText] successfully performed. With the following test data [INC_004010050:Another SCHEDULER with the same name [Duplicate Job Name] already exists.]. @13-02-2021 17:32:00.0495 PM
[ReportManager] Loaded Shared OpenCV @13-02-2021 17:32:00.0633 PM
[ReportManager] AssertElementAttribute PASSED; Expected [Value Should be 'INC_004010050:Another SCHEDULER with the same name \[Duplicate Job Name\] already exists.' for the 'text' attribute, element locator 'By.name: q'] and Actual [INC_004010050:Another SCHEDULER with the same name [Duplicate Job Name] already exists.]. Comparison Type [MATCHES]. Validation Type [POSITIVE]. @13-02-2021 17:32:00.0709 PM
[ReportManager] Successfully created attachment [Screenshot - 1613237520633_test_assertElementAttribute_AssertElementAttribute_passed] @13-02-2021 17:32:00.0710 P
[ReportManager] Successfully created attachment [Selenium WebDriver Logs - server] @13-02-2021 17:32:00.0792 PM
[ReportManager] Successfully created attachment [Selenium WebDriver Logs - performance] @13-02-2021 17:32:01.0194 PM
[ReportManager] Successfully created attachment [Selenium WebDriver Logs - driver] @13-02-2021 17:32:01.0639 PM
[ReportManager] Browser Action [closeCurrentWindow] successfully performed. @13-02-2021 17:32:01.0708 PM
[ReportManager] Successfully created attachment [Browser Action Test Data - closeCurrentWindow - Actual Value] @13-02-2021 17:32:01.0709 P

################################################################################################################################################
Starting Execution:	[76 out of 134] test cases in the current suite
Test Method:		[testPackage01.Test_JsonCompareWithSpecialCharacters.specialCharacters]
################################################################################################################################################
[ReportManager] File Action [getAbsolutePath] successfully performed. With the following test data [Relative Folder Path: "src/test/resources/TestJsonFiles/specialCharacters.json"]. @13-02-2021 17:32:01.0786 PM
[ReportManager] File Action [readFromFile] successfully performed. With the following test data [File Path: "/home/runner/work/SHAFT_ENGINE/SHAFT_ENGINE/src/test/resources/TestJsonFiles/specialCharacters.json"]. @13-02-2021 17:32:01.0787 PM
[ReportManager] Successfully created attachment [File Action Actual Result - Command Log] @13-02-2021 17:32:01.0787 PM
[ReportManager] Comparing the provided API response with the file at this path "src/test/resources/TestJsonFiles/specialCharacters.json", comparison type "EQUALS" @13-02-2021 17:32:01.0788 PM
[ReportManager] API Action [compareJSON] successfully performed. With the following test data [src/test/resources/TestJsonFiles/specialCharacters.json]. @13-02-2021 17:32:01.0800 PM
[ReportManager] File Action [getAbsolutePath] successfully performed. With the following test data [Relative Folder Path: "src/test/resources/TestJsonFiles/specialCharacters.json"]. @13-02-2021 17:32:01.0800 PM
[ReportManager] File Action [readFromFile] successfully performed. With the following test data [File Path: "/home/runner/work/SHAFT_ENGINE/SHAFT_ENGINE/src/test/resources/TestJsonFiles/specialCharacters.json"]. @13-02-2021 17:32:01.0801 PM
[ReportManager] VerifyJSONFileContent PASSED; Expected [Response data should match the JSON File in this path 'src/test/resources/TestJsonFiles/specialCharacters.json'] and Actual [TRUE]. Comparison Type [EQUALS]. Validation Type [POSITIVE]. @13-02-2021 17:32:01.0809 PM
[ReportManager] Successfully created attachment [Validation Test Data - Expected JSON Value] @13-02-2021 17:32:01.0809 PM
[ReportManager] Successfully created attachment [Validation Test Data - Actual JSON Value] @13-02-2021 17:32:01.0810 P

################################################################################################################################################
Starting Execution:	[77 out of 134] test cases in the current suite
Test Method:		[testPackage01.Test_JsonCompareWithSpecialCharacters.specialCharacters_assertion]
################################################################################################################################################
[ReportManager] File Action [getAbsolutePath] successfully performed. With the following test data [Relative Folder Path: "src/test/resources/TestJsonFiles/specialCharacters.json"]. @13-02-2021 17:32:01.0821 PM
[ReportManager] File Action [readFromFile] successfully performed. With the following test data [File Path: "/home/runner/work/SHAFT_ENGINE/SHAFT_ENGINE/src/test/resources/TestJsonFiles/specialCharacters.json"]. @13-02-2021 17:32:01.0822 PM
[ReportManager] Successfully created attachment [File Action Actual Result - Command Log] @13-02-2021 17:32:01.0822 PM
[ReportManager] trying out the log message... @13-02-2021 17:32:01.0822 PM
[ReportManager] Comparing the provided API response with the file at this path "src/test/resources/TestJsonFiles/specialCharacters.json", comparison type "CONTAINS" @13-02-2021 17:32:01.0822 PM
[ReportManager] API Action [compareJSON] successfully performed. With the following test data [src/test/resources/TestJsonFiles/specialCharacters.json]. @13-02-2021 17:32:01.0837 PM
[ReportManager] File Action [getAbsolutePath] successfully performed. With the following test data [Relative Folder Path: "src/test/resources/TestJsonFiles/specialCharacters.json"]. @13-02-2021 17:32:01.0837 PM
[ReportManager] File Action [readFromFile] successfully performed. With the following test data [File Path: "/home/runner/work/SHAFT_ENGINE/SHAFT_ENGINE/src/test/resources/TestJsonFiles/specialCharacters.json"]. @13-02-2021 17:32:01.0838 PM
[ReportManager] AssertJSONFileContent PASSED; Expected [Response data should match the JSON File in this path 'src/test/resources/TestJsonFiles/specialCharacters.json'] and Actual [TRUE]. Comparison Type [CONTAINS]. Validation Type [POSITIVE]. @13-02-2021 17:32:01.0851 PM
[ReportManager] Successfully created attachment [Validation Test Data - Expected JSON Value] @13-02-2021 17:32:01.0851 PM
[ReportManager] Successfully created attachment [Validation Test Data - Actual JSON Value] @13-02-2021 17:32:01.0852 P

################################################################################################################################################
Starting Execution:	[78 out of 134] test cases in the current suite
Test Method:		[testPackage01.Test_JSONFileManager.readStringFromJson]
################################################################################################################################################
[ReportManager] Successfully loaded the following test data file [src/test/resources/TestDataFiles/simpleJSON.json]. @13-02-2021 17:32:01.0875 PM
[ReportManager] Successfully created attachment [Test Data - JSON] @13-02-2021 17:32:01.0875 PM
[ReportManager] AssertEquals PASSED; Expected [Mohab Mohie] and Actual [Mohab Mohie]. Comparison Type [EQUALS]. Validation Type [POSITIVE]. @13-02-2021 17:32:01.0899 P
[ReportManager] Successfully loaded the following test data file [src/test/resources/TestDataFiles/testSuite01/TestData.xlsx]. @13-02-2021 17:32:01.0973 PM
[ReportManager] Successfully created attachment [Test Data - Excel] @13-02-2021 17:32:01.0974 PM
[ReportManager] File Action [getAbsolutePath] successfully performed. With the following test data [Relative Folder Path: "target/downloadedFiles/"]. @13-02-2021 17:32:01.0974 PM
[ReportManager] Attempting to run remotely on: [Linux-64], [GoogleChrome], [http://localhost:4444/wd/hub], Headless Execution. @13-02-2021 17:32:01.0974 PM
[ReportManager] Successfully Opened [GoogleChrome]. @13-02-2021 17:32:02.0303 P

################################################################################################################################################
Starting Execution:	[79 out of 134] test cases in the current suite
Test Method:		[testPackage01.Test_google.navigateToURLandVerifyGoogleLogoIsDisplayed]
Test Description:	[TC001 - Navigate to URL and Verify Google Logo is Displayed]
################################################################################################################################################
[ReportManager] Target URL: [https://www.google.com/ncr], and after redirection: [https://www.google.com] @13-02-2021 17:32:02.0323 PM
[ReportManager] Initial URL: [data:,] @13-02-2021 17:32:02.0368 PM
[ReportManager] Browser Action [navigateToURL] successfully performed. With the following test data [https://www.google.com/ncr]. @13-02-2021 17:32:03.0193 PM
[ReportManager] Loaded Shared OpenCV @13-02-2021 17:32:03.0374 PM
[ReportManager] AssertElementExists PASSED; Expected [Element Should Exist, locator 'By.xpath: //img[@id='hplogo' or @alt='Google']'] and Actual [Element Exists]. Comparison Type [EQUALS]. Validation Type [POSITIVE]. @13-02-2021 17:32:03.0449 PM
[ReportManager] Successfully created attachment [Screenshot - 1613237523374_navigateToURLandVerifyGoogleLogoIsDisplayed_AssertElementExists_passed] @13-02-2021 17:32:03.0450 P

################################################################################################################################################
Starting Execution:	[80 out of 134] test cases in the current suite
Test Method:		[testPackage01.Test_google.searchForQueryandAssertResultsNumDisplayed]
Test Description:	[TC002 - Search for Query and Assert that the number of results is displayed]
################################################################################################################################################
[ReportManager] Element Action [type] successfully performed. With the following test data [SHAFT_Engine]. @13-02-2021 17:32:04.0172 PM
[ReportManager] Element Action [keyPress] successfully performed. With the following test data [Enter]. @13-02-2021 17:32:05.0333 PM
[ReportManager] Element Action [getText] successfully performed. With the following test data [About 840,000 results (0.56 seconds) ]. @13-02-2021 17:32:05.0436 PM
[ReportManager] Loaded Shared OpenCV @13-02-2021 17:32:05.0606 PM
[ReportManager] AssertElementAttribute PASSED; Expected [Value Should not be '' for the 'Text' attribute, element locator 'By.id: appbar'] and Actual [About 840,000 results (0.56 seconds) ]. Comparison Type [EQUALS]. Validation Type [NEGATIVE]. @13-02-2021 17:32:05.0703 PM
[ReportManager] Successfully created attachment [Screenshot - 1613237525606_searchForQueryandAssertResultsNumDisplayed_AssertElementAttribute_passed] @13-02-2021 17:32:05.0704 P

################################################################################################################################################
Starting Execution:	[81 out of 134] test cases in the current suite
Test Method:		[testPackage01.Test_google.clickNextThrice]
Test Description:	[TC003 - Clicks the next button to make sure that the framework can scroll element into view before clicking it]
################################################################################################################################################
[ReportManager] Element Action [click] successfully performed. With the following test data [Next]. @13-02-2021 17:32:07.0113 P
[ReportManager] Successfully created attachment [Selenium WebDriver Logs - server] @13-02-2021 17:32:07.0277 PM
[ReportManager] Successfully created attachment [Selenium WebDriver Logs - performance] @13-02-2021 17:32:07.0529 PM
[ReportManager] Successfully created attachment [Selenium WebDriver Logs - driver] @13-02-2021 17:32:07.0943 PM
[ReportManager] Browser Action [closeCurrentWindow] successfully performed. @13-02-2021 17:32:08.0010 PM
[ReportManager] Successfully created attachment [Browser Action Test Data - closeCurrentWindow - Actual Value] @13-02-2021 17:32:08.0017 P
[ReportManager] File Action [getAbsolutePath] successfully performed. With the following test data [Relative Folder Path: "target/downloadedFiles/"]. @13-02-2021 17:32:08.0018 PM
[ReportManager] Attempting to run remotely on: [Linux-64], [GoogleChrome], [http://localhost:4444/wd/hub], Headless Execution. @13-02-2021 17:32:08.0019 PM
[ReportManager] Successfully Opened [GoogleChrome]. @13-02-2021 17:32:08.0381 P

################################################################################################################################################
Starting Execution:	[82 out of 134] test cases in the current suite
Test Method:		[testPackage01.Test_dragAndDrop.dragAndDropJquery]
################################################################################################################################################
[ReportManager] Target URL: [https://jqueryui.com/resources/demos/droppable/default.html] @13-02-2021 17:32:08.0401 PM
[ReportManager] Initial URL: [data:,] @13-02-2021 17:32:08.0452 PM
[ReportManager] Browser Action [navigateToURL] successfully performed. With the following test data [https://jqueryui.com/resources/demos/droppable/default.html]. @13-02-2021 17:32:08.0830 PM
[ReportManager] Element Action [getText] successfully performed. With the following test data [Drop here]. @13-02-2021 17:32:08.0941 PM
[ReportManager] Element Action [dragAndDrop] successfully performed. With the following test data [Start point: (8, 18), End point: (8, 18)]. @13-02-2021 17:32:10.0310 PM
[ReportManager] Element Action [getText] successfully performed. With the following test data [Dropped!]. @13-02-2021 17:32:10.0392 PM
[ReportManager] Checking to see if the text has changed after performing drag and drop... @13-02-2021 17:32:10.0393 PM
[ReportManager] AssertEquals PASSED; Expected [Drop here] and Actual [Dropped!]. Comparison Type [EQUALS]. Validation Type [NEGATIVE]. @13-02-2021 17:32:10.0393 P
[ReportManager] Successfully created attachment [Selenium WebDriver Logs - server] @13-02-2021 17:32:10.0453 PM
[ReportManager] Successfully created attachment [Selenium WebDriver Logs - performance] @13-02-2021 17:32:10.0473 PM
[ReportManager] Successfully created attachment [Selenium WebDriver Logs - driver] @13-02-2021 17:32:10.0591 PM
[ReportManager] Browser Action [closeCurrentWindow] successfully performed. @13-02-2021 17:32:10.0661 PM
[ReportManager] Successfully created attachment [Browser Action Test Data - closeCurrentWindow - Actual Value] @13-02-2021 17:32:10.0661 P
[ReportManager] File Action [getAbsolutePath] successfully performed. With the following test data [Relative Folder Path: "target/downloadedFiles/"]. @13-02-2021 17:32:10.0663 PM
[ReportManager] Attempting to run remotely on: [Linux-64], [GoogleChrome], [http://localhost:4444/wd/hub], Headless Execution. @13-02-2021 17:32:10.0663 PM
[ReportManager] Successfully Opened [GoogleChrome]. @13-02-2021 17:32:11.0051 P

################################################################################################################################################
Starting Execution:	[83 out of 134] test cases in the current suite
Test Method:		[testPackage01.Test_dragAndDrop.dragAndDrop]
Test Description:	[TC001 - Test Drag and Drop function.]
################################################################################################################################################
[ReportManager] Target URL: [http://the-internet.herokuapp.com/drag_and_drop] @13-02-2021 17:32:11.0084 PM
[ReportManager] Initial URL: [data:,] @13-02-2021 17:32:11.0156 PM
[ReportManager] Browser Action [navigateToURL] successfully performed. With the following test data [http://the-internet.herokuapp.com/drag_and_drop]. @13-02-2021 17:32:11.0572 PM
[ReportManager] Attempting Drag and Drop @13-02-2021 17:32:11.0572 PM
[ReportManager] Element Action [dragAndDrop] successfully performed. With the following test data [Start point: (32, 89), End point: (247, 89)]. @13-02-2021 17:32:12.0858 P
[ReportManager] Successfully created attachment [Selenium WebDriver Logs - server] @13-02-2021 17:32:12.0904 PM
[ReportManager] Successfully created attachment [Selenium WebDriver Logs - performance] @13-02-2021 17:32:12.0942 PM
[ReportManager] Successfully created attachment [Selenium WebDriver Logs - browser] @13-02-2021 17:32:12.0954 PM
[ReportManager] Successfully created attachment [Selenium WebDriver Logs - driver] @13-02-2021 17:32:13.0018 PM
[ReportManager] Browser Action [closeCurrentWindow] successfully performed. @13-02-2021 17:32:13.0075 PM
[ReportManager] Successfully created attachment [Browser Action Test Data - closeCurrentWindow - Actual Value] @13-02-2021 17:32:13.0075 P
[ReportManager] File Action [getAbsolutePath] successfully performed. With the following test data [Relative Folder Path: "target/downloadedFiles/"]. @13-02-2021 17:32:13.0077 PM
[ReportManager] Attempting to run remotely on: [Linux-64], [GoogleChrome], [http://localhost:4444/wd/hub], Headless Execution. @13-02-2021 17:32:13.0077 PM
[ReportManager] Successfully Opened [GoogleChrome]. @13-02-2021 17:32:13.0344 P

################################################################################################################################################
Starting Execution:	[84 out of 134] test cases in the current suite
Test Method:		[testPackage01.Test_dragAndDrop.dragAndDropByOffset]
Test Description:	[TC002 - Test Drag and Drop by offset function.]
################################################################################################################################################
[ReportManager] Target URL: [https://jqueryui.com/resources/demos/draggable/default.html] @13-02-2021 17:32:13.0362 PM
[ReportManager] Initial URL: [data:,] @13-02-2021 17:32:13.0412 PM
[ReportManager] Browser Action [navigateToURL] successfully performed. With the following test data [https://jqueryui.com/resources/demos/draggable/default.html]. @13-02-2021 17:32:13.0762 PM
[ReportManager] Element Action [dragAndDropByOffset] successfully performed. With the following test data [Start point: (8, 8), End point: (1008, 108)]. @13-02-2021 17:32:13.0978 P
[ReportManager] Successfully created attachment [Selenium WebDriver Logs - server] @13-02-2021 17:32:14.0027 PM
[ReportManager] Successfully created attachment [Selenium WebDriver Logs - performance] @13-02-2021 17:32:14.0047 PM
[ReportManager] Successfully created attachment [Selenium WebDriver Logs - driver] @13-02-2021 17:32:14.0116 PM
[ReportManager] Browser Action [closeCurrentWindow] successfully performed. @13-02-2021 17:32:14.0173 PM
[ReportManager] Successfully created attachment [Browser Action Test Data - closeCurrentWindow - Actual Value] @13-02-2021 17:32:14.0173 P
[ReportManager] File Action [getAbsolutePath] successfully performed. With the following test data [Relative Folder Path: "target/downloadedFiles/"]. @13-02-2021 17:32:14.0179 PM
[ReportManager] Attempting to run remotely on: [Linux-64], [GoogleChrome], [http://localhost:4444/wd/hub], Headless Execution. @13-02-2021 17:32:14.0179 PM
[ReportManager] Successfully Opened [GoogleChrome]. @13-02-2021 17:32:14.0439 P

################################################################################################################################################
Starting Execution:	[85 out of 134] test cases in the current suite
Test Method:		[testPackage01.Test_verifyEquals.test_assertElementAttribute]
################################################################################################################################################
[ReportManager] Target URL: [https://www.google.com/ncr], and after redirection: [https://www.google.com] @13-02-2021 17:32:14.0466 PM
[ReportManager] Initial URL: [data:,] @13-02-2021 17:32:14.0505 PM
[ReportManager] Browser Action [navigateToURL] successfully performed. With the following test data [https://www.google.com/ncr]. @13-02-2021 17:32:15.0346 PM
[ReportManager] Element Action [type] successfully performed. With the following test data [INC_004010050:Another SCHEDULER with the same name [Duplicate Job Name] already exists.]. @13-02-2021 17:32:17.0879 PM
[ReportManager] Element Action [getText] successfully performed. With the following test data [INC_004010050:Another SCHEDULER with the same name [Duplicate Job Name] already exists.]. @13-02-2021 17:32:18.0009 PM
[ReportManager] Loaded Shared OpenCV @13-02-2021 17:32:18.0157 PM
[ReportManager] VerifyElementAttribute PASSED; Expected [Value Should be 'INC_004010050:Another SCHEDULER with the same name \[Duplicate Job Name\] already exists.' for the 'text' attribute, element locator 'By.name: q'] and Actual [INC_004010050:Another SCHEDULER with the same name [Duplicate Job Name] already exists.]. Comparison Type [MATCHES]. Validation Type [POSITIVE]. @13-02-2021 17:32:18.0233 PM
[ReportManager] Successfully created attachment [Screenshot - 1613237538156_test_assertElementAttribute_VerifyElementAttribute_passed] @13-02-2021 17:32:18.0233 P
[ReportManager] Successfully created attachment [Selenium WebDriver Logs - server] @13-02-2021 17:32:18.0321 PM
[ReportManager] Successfully created attachment [Selenium WebDriver Logs - performance] @13-02-2021 17:32:18.0696 PM
[ReportManager] Successfully created attachment [Selenium WebDriver Logs - driver] @13-02-2021 17:32:19.0080 PM
[ReportManager] Browser Action [closeCurrentWindow] successfully performed. @13-02-2021 17:32:19.0142 PM
[ReportManager] Successfully created attachment [Browser Action Test Data - closeCurrentWindow - Actual Value] @13-02-2021 17:32:19.0142 P

################################################################################################################################################
Starting Execution:	[86 out of 134] test cases in the current suite
Test Method:		[testPackage01.Test_NewValidationActions.f1]
################################################################################################################################################
[ReportManager] Checking valid user data... @13-02-2021 17:32:19.0151 PM
[ReportManager] AssertEquals PASSED; Expected and Actual values are attached. Comparison Type [EQUALS]. Validation Type [POSITIVE]. @13-02-2021 17:32:19.0151 PM
[ReportManager] Successfully created attachment [Validation Test Data - Expected Value] @13-02-2021 17:32:19.0152 PM
[ReportManager] Successfully created attachment [Validation Test Data - Actual Value] @13-02-2021 17:32:19.0152 P
[ReportManager] File Action [getAbsolutePath] successfully performed. With the following test data [Relative Folder Path: "target/downloadedFiles/"]. @13-02-2021 17:32:19.0155 PM
[ReportManager] Attempting to run remotely on: [Linux-64], [GoogleChrome], [http://localhost:4444/wd/hub], Headless Execution. @13-02-2021 17:32:19.0155 PM
[ReportManager] Successfully Opened [GoogleChrome]. @13-02-2021 17:32:19.0460 PM
[ReportManager] Target URL: [https://the-internet.herokuapp.com/] @13-02-2021 17:32:19.0477 PM
[ReportManager] Initial URL: [data:,] @13-02-2021 17:32:19.0527 PM
[ReportManager] Browser Action [navigateToURL] successfully performed. With the following test data [https://the-internet.herokuapp.com/]. @13-02-2021 17:32:19.0914 P

################################################################################################################################################
Starting Execution:	[87 out of 134] test cases in the current suite
Test Method:		[testPackage01.Test_NewValidationActions.f10]
################################################################################################################################################
[ReportManager] AssertElementExists FAILED; Expected [Element Should Exist, locator 'By.tagName: div'] and Actual [Element Exists but is not unique]. Comparison Type [EQUALS]. Validation Type [POSITIVE]. @13-02-2021 17:32:20.0164 PM
[ReportManager] Successfully created attachment [Screenshot - 1613237540099_f10_AssertElementExists_failed] @13-02-2021 17:32:20.0164 P
[ReportManager] Successfully created attachment [Selenium WebDriver Logs - server] @13-02-2021 17:32:20.0176 PM
[ReportManager] Successfully created attachment [Selenium WebDriver Logs - performance] @13-02-2021 17:32:20.0201 PM
[ReportManager] Successfully created attachment [Selenium WebDriver Logs - browser] @13-02-2021 17:32:20.0208 PM
[ReportManager] Successfully created attachment [Selenium WebDriver Logs - driver] @13-02-2021 17:32:20.0262 PM
[ReportManager] Successfully Closed All Browsers. @13-02-2021 17:32:20.0340 P
[ReportManager] File Action [getAbsolutePath] successfully performed. With the following test data [Relative Folder Path: "target/downloadedFiles/"]. @13-02-2021 17:32:20.0342 PM
[ReportManager] Attempting to run remotely on: [Linux-64], [GoogleChrome], [http://localhost:4444/wd/hub], Headless Execution. @13-02-2021 17:32:20.0342 PM
[ReportManager] Successfully Opened [GoogleChrome]. @13-02-2021 17:32:20.0570 PM
[ReportManager] Target URL: [https://the-internet.herokuapp.com/] @13-02-2021 17:32:20.0580 PM
[ReportManager] Initial URL: [data:,] @13-02-2021 17:32:20.0624 PM
[ReportManager] Browser Action [navigateToURL] successfully performed. With the following test data [https://the-internet.herokuapp.com/]. @13-02-2021 17:32:21.0024 P

################################################################################################################################################
Starting Execution:	[88 out of 134] test cases in the current suite
Test Method:		[testPackage01.Test_NewValidationActions.f11]
################################################################################################################################################
[ReportManager] Checking that false tag doesn't exist... @13-02-2021 17:32:21.0026 PM
[ReportManager] AssertElementExists PASSED; Expected [Element Should not Exist, locator 'By.tagName: h3'] and Actual [Element Doesn't Exists]. Comparison Type [EQUALS]. Validation Type [NEGATIVE]. @13-02-2021 17:32:21.0294 PM
[ReportManager] Successfully created attachment [Screenshot - 1613237541217_f11_AssertElementExists_passed] @13-02-2021 17:32:21.0294 P
[ReportManager] Successfully created attachment [Selenium WebDriver Logs - server] @13-02-2021 17:32:21.0308 PM
[ReportManager] Successfully created attachment [Selenium WebDriver Logs - performance] @13-02-2021 17:32:21.0327 PM
[ReportManager] Successfully created attachment [Selenium WebDriver Logs - browser] @13-02-2021 17:32:21.0333 PM
[ReportManager] Successfully created attachment [Selenium WebDriver Logs - driver] @13-02-2021 17:32:21.0400 PM
[ReportManager] Successfully Closed All Browsers. @13-02-2021 17:32:21.0498 P
[ReportManager] File Action [getAbsolutePath] successfully performed. With the following test data [Relative Folder Path: "target/downloadedFiles/"]. @13-02-2021 17:32:21.0505 PM
[ReportManager] Attempting to run remotely on: [Linux-64], [GoogleChrome], [http://localhost:4444/wd/hub], Headless Execution. @13-02-2021 17:32:21.0505 PM
[ReportManager] Successfully Opened [GoogleChrome]. @13-02-2021 17:32:21.0802 PM
[ReportManager] Target URL: [https://the-internet.herokuapp.com/] @13-02-2021 17:32:21.0824 PM
[ReportManager] Initial URL: [data:,] @13-02-2021 17:32:21.0863 PM
[ReportManager] Browser Action [navigateToURL] successfully performed. With the following test data [https://the-internet.herokuapp.com/]. @13-02-2021 17:32:22.0237 P

################################################################################################################################################
Starting Execution:	[89 out of 134] test cases in the current suite
Test Method:		[testPackage01.Test_NewValidationActions.f12]
################################################################################################################################################
[ReportManager] Loaded Shared OpenCV @13-02-2021 17:32:22.0432 PM
[ReportManager] AssertElementExists FAILED; Expected [Element Should not Exist, locator 'By.tagName: h1'] and Actual [Element Exists]. Comparison Type [EQUALS]. Validation Type [NEGATIVE]. @13-02-2021 17:32:22.0508 PM
[ReportManager] Successfully created attachment [Screenshot - 1613237542432_f12_AssertElementExists_failed] @13-02-2021 17:32:22.0510 P
[ReportManager] Successfully created attachment [Selenium WebDriver Logs - server] @13-02-2021 17:32:22.0521 PM
[ReportManager] Successfully created attachment [Selenium WebDriver Logs - performance] @13-02-2021 17:32:22.0542 PM
[ReportManager] Successfully created attachment [Selenium WebDriver Logs - browser] @13-02-2021 17:32:22.0548 PM
[ReportManager] Successfully created attachment [Selenium WebDriver Logs - driver] @13-02-2021 17:32:22.0599 PM
[ReportManager] Successfully Closed All Browsers. @13-02-2021 17:32:22.0676 P
[ReportManager] File Action [getAbsolutePath] successfully performed. With the following test data [Relative Folder Path: "target/downloadedFiles/"]. @13-02-2021 17:32:22.0679 PM
[ReportManager] Attempting to run remotely on: [Linux-64], [GoogleChrome], [http://localhost:4444/wd/hub], Headless Execution. @13-02-2021 17:32:22.0679 PM
[ReportManager] Successfully Opened [GoogleChrome]. @13-02-2021 17:32:22.0943 PM
[ReportManager] Target URL: [https://the-internet.herokuapp.com/] @13-02-2021 17:32:22.0955 PM
[ReportManager] Initial URL: [data:,] @13-02-2021 17:32:23.0004 PM
[ReportManager] Browser Action [navigateToURL] successfully performed. With the following test data [https://the-internet.herokuapp.com/]. @13-02-2021 17:32:23.0389 P

################################################################################################################################################
Starting Execution:	[90 out of 134] test cases in the current suite
Test Method:		[testPackage01.Test_NewValidationActions.f13]
################################################################################################################################################
[ReportManager] AssertElementExists FAILED; Expected [Element Should not Exist, locator 'By.tagName: div'] and Actual [Element Exists but is not unique]. Comparison Type [EQUALS]. Validation Type [NEGATIVE]. @13-02-2021 17:32:23.0724 PM
[ReportManager] Successfully created attachment [Screenshot - 1613237543656_f13_AssertElementExists_failed] @13-02-2021 17:32:23.0725 P
[ReportManager] Successfully created attachment [Selenium WebDriver Logs - server] @13-02-2021 17:32:23.0741 PM
[ReportManager] Successfully created attachment [Selenium WebDriver Logs - performance] @13-02-2021 17:32:23.0762 PM
[ReportManager] Successfully created attachment [Selenium WebDriver Logs - browser] @13-02-2021 17:32:23.0768 PM
[ReportManager] Successfully created attachment [Selenium WebDriver Logs - driver] @13-02-2021 17:32:23.0819 PM
[ReportManager] Successfully Closed All Browsers. @13-02-2021 17:32:23.0897 P
[ReportManager] File Action [getAbsolutePath] successfully performed. With the following test data [Relative Folder Path: "target/downloadedFiles/"]. @13-02-2021 17:32:23.0899 PM
[ReportManager] Attempting to run remotely on: [Linux-64], [GoogleChrome], [http://localhost:4444/wd/hub], Headless Execution. @13-02-2021 17:32:23.0899 PM
[ReportManager] Successfully Opened [GoogleChrome]. @13-02-2021 17:32:24.0126 PM
[ReportManager] Target URL: [https://the-internet.herokuapp.com/] @13-02-2021 17:32:24.0144 PM
[ReportManager] Initial URL: [data:,] @13-02-2021 17:32:24.0185 PM
[ReportManager] Browser Action [navigateToURL] successfully performed. With the following test data [https://the-internet.herokuapp.com/]. @13-02-2021 17:32:24.0588 P

################################################################################################################################################
Starting Execution:	[91 out of 134] test cases in the current suite
Test Method:		[testPackage01.Test_NewValidationActions.f14]
################################################################################################################################################
[ReportManager] Asserting that the header text is correct... @13-02-2021 17:32:24.0590 PM
[ReportManager] Element Action [getText] successfully performed. With the following test data [Welcome to the-internet]. @13-02-2021 17:32:24.0693 PM
[ReportManager] Loaded Shared OpenCV @13-02-2021 17:32:24.0833 PM
[ReportManager] AssertElementAttribute PASSED; Expected [Value Should be 'Welcome to the-internet' for the 'text' attribute, element locator 'By.tagName: h1'] and Actual [Welcome to the-internet]. Comparison Type [EQUALS]. Validation Type [POSITIVE]. @13-02-2021 17:32:24.0936 PM
[ReportManager] Successfully created attachment [Screenshot - 1613237544833_f14_AssertElementAttribute_passed] @13-02-2021 17:32:24.0937 P
[ReportManager] Successfully created attachment [Selenium WebDriver Logs - server] @13-02-2021 17:32:24.0948 PM
[ReportManager] Successfully created attachment [Selenium WebDriver Logs - performance] @13-02-2021 17:32:24.0967 PM
[ReportManager] Successfully created attachment [Selenium WebDriver Logs - browser] @13-02-2021 17:32:24.0973 PM
[ReportManager] Successfully created attachment [Selenium WebDriver Logs - driver] @13-02-2021 17:32:25.0041 PM
[ReportManager] Successfully Closed All Browsers. @13-02-2021 17:32:25.0138 P
[ReportManager] File Action [getAbsolutePath] successfully performed. With the following test data [Relative Folder Path: "target/downloadedFiles/"]. @13-02-2021 17:32:25.0143 PM
[ReportManager] Attempting to run remotely on: [Linux-64], [GoogleChrome], [http://localhost:4444/wd/hub], Headless Execution. @13-02-2021 17:32:25.0143 PM
[ReportManager] Successfully Opened [GoogleChrome]. @13-02-2021 17:32:25.0408 PM
[ReportManager] Target URL: [https://the-internet.herokuapp.com/] @13-02-2021 17:32:25.0426 PM
[ReportManager] Initial URL: [data:,] @13-02-2021 17:32:25.0468 PM
[ReportManager] Browser Action [navigateToURL] successfully performed. With the following test data [https://the-internet.herokuapp.com/]. @13-02-2021 17:32:25.0834 P

################################################################################################################################################
Starting Execution:	[92 out of 134] test cases in the current suite
Test Method:		[testPackage01.Test_NewValidationActions.f15]
################################################################################################################################################
[ReportManager] Element Action [getText] successfully performed. With the following test data [Welcome to the-internet]. @13-02-2021 17:32:26.0013 PM
[ReportManager] Loaded Shared OpenCV @13-02-2021 17:32:26.0175 PM
[ReportManager] AssertElementAttribute FAILED; Expected [Value Should not be 'Welcome' for the 'text' attribute, element locator 'By.tagName: h1'] and Actual [Welcome to the-internet]. Comparison Type [CONTAINS]. Validation Type [NEGATIVE]. @13-02-2021 17:32:26.0260 PM
[ReportManager] Successfully created attachment [Screenshot - 1613237546175_f15_AssertElementAttribute_failed] @13-02-2021 17:32:26.0261 P
[ReportManager] Successfully created attachment [Selenium WebDriver Logs - server] @13-02-2021 17:32:26.0273 PM
[ReportManager] Successfully created attachment [Selenium WebDriver Logs - performance] @13-02-2021 17:32:26.0291 PM
[ReportManager] Successfully created attachment [Selenium WebDriver Logs - browser] @13-02-2021 17:32:26.0297 PM
[ReportManager] Successfully created attachment [Selenium WebDriver Logs - driver] @13-02-2021 17:32:26.0356 PM
[ReportManager] Successfully Closed All Browsers. @13-02-2021 17:32:26.0429 P
[ReportManager] File Action [getAbsolutePath] successfully performed. With the following test data [Relative Folder Path: "target/downloadedFiles/"]. @13-02-2021 17:32:26.0431 PM
[ReportManager] Attempting to run remotely on: [Linux-64], [GoogleChrome], [http://localhost:4444/wd/hub], Headless Execution. @13-02-2021 17:32:26.0431 PM
[ReportManager] Successfully Opened [GoogleChrome]. @13-02-2021 17:32:26.0684 PM
[ReportManager] Target URL: [https://the-internet.herokuapp.com/] @13-02-2021 17:32:26.0694 PM
[ReportManager] Initial URL: [data:,] @13-02-2021 17:32:26.0737 PM
[ReportManager] Browser Action [navigateToURL] successfully performed. With the following test data [https://the-internet.herokuapp.com/]. @13-02-2021 17:32:27.0122 P

################################################################################################################################################
Starting Execution:	[93 out of 134] test cases in the current suite
Test Method:		[testPackage01.Test_NewValidationActions.f16]
################################################################################################################################################
[ReportManager] Element Action [identifyUniqueElement] failed. With the following test data [zero elements found matching this locator "By.tagName: h3".]. @13-02-2021 17:32:27.0339 PM
[ReportManager] Successfully created attachment [Screenshot - 1613237547269_f16_identifyUniqueElement_failed] @13-02-2021 17:32:27.0339 PM
[ReportManager] AssertElementAttribute FAILED; Expected [Value Should not be 'Welcome' for the 'text' attribute, element locator 'By.tagName: h3'] and Actual [Failed to read the desired element attribute]. Comparison Type [CONTAINS]. Validation Type [NEGATIVE]. @13-02-2021 17:32:27.0340 P
[ReportManager] Successfully created attachment [Selenium WebDriver Logs - server] @13-02-2021 17:32:27.0350 PM
[ReportManager] Successfully created attachment [Selenium WebDriver Logs - performance] @13-02-2021 17:32:27.0388 PM
[ReportManager] Successfully created attachment [Selenium WebDriver Logs - browser] @13-02-2021 17:32:27.0402 PM
[ReportManager] Successfully created attachment [Selenium WebDriver Logs - driver] @13-02-2021 17:32:27.0489 PM
[ReportManager] Successfully Closed All Browsers. @13-02-2021 17:32:27.0600 P
[ReportManager] File Action [getAbsolutePath] successfully performed. With the following test data [Relative Folder Path: "target/downloadedFiles/"]. @13-02-2021 17:32:27.0601 PM
[ReportManager] Attempting to run remotely on: [Linux-64], [GoogleChrome], [http://localhost:4444/wd/hub], Headless Execution. @13-02-2021 17:32:27.0601 PM
[ReportManager] Successfully Opened [GoogleChrome]. @13-02-2021 17:32:27.0911 PM
[ReportManager] Target URL: [https://the-internet.herokuapp.com/] @13-02-2021 17:32:27.0923 PM
[ReportManager] Initial URL: [data:,] @13-02-2021 17:32:27.0966 PM
[ReportManager] Browser Action [navigateToURL] successfully performed. With the following test data [https://the-internet.herokuapp.com/]. @13-02-2021 17:32:28.0348 P

################################################################################################################################################
Starting Execution:	[94 out of 134] test cases in the current suite
Test Method:		[testPackage01.Test_NewValidationActions.f17]
################################################################################################################################################
[ReportManager] Attempting to getAttribute [text2] from elementLocator [By.tagName: h1]. @13-02-2021 17:32:28.0359 PM
[ReportManager] Element Action [getAttribute] successfully performed. @13-02-2021 17:32:28.0446 PM
[ReportManager] Loaded Shared OpenCV @13-02-2021 17:32:28.0584 PM
[ReportManager] AssertElementAttribute PASSED; Expected [Value Should not be 'Welcome' for the 'text2' attribute, element locator 'By.tagName: h1'] and Actual [null]. Comparison Type [CONTAINS]. Validation Type [NEGATIVE]. @13-02-2021 17:32:28.0666 PM
[ReportManager] Successfully created attachment [Screenshot - 1613237548583_f17_AssertElementAttribute_passed] @13-02-2021 17:32:28.0667 P
[ReportManager] Successfully created attachment [Selenium WebDriver Logs - server] @13-02-2021 17:32:28.0678 PM
[ReportManager] Successfully created attachment [Selenium WebDriver Logs - performance] @13-02-2021 17:32:28.0695 PM
[ReportManager] Successfully created attachment [Selenium WebDriver Logs - browser] @13-02-2021 17:32:28.0700 PM
[ReportManager] Successfully created attachment [Selenium WebDriver Logs - driver] @13-02-2021 17:32:28.0749 PM
[ReportManager] Successfully Closed All Browsers. @13-02-2021 17:32:28.0844 P
[ReportManager] File Action [getAbsolutePath] successfully performed. With the following test data [Relative Folder Path: "target/downloadedFiles/"]. @13-02-2021 17:32:28.0846 PM
[ReportManager] Attempting to run remotely on: [Linux-64], [GoogleChrome], [http://localhost:4444/wd/hub], Headless Execution. @13-02-2021 17:32:28.0847 PM
[ReportManager] Successfully Opened [GoogleChrome]. @13-02-2021 17:32:29.0085 PM
[ReportManager] Target URL: [https://the-internet.herokuapp.com/] @13-02-2021 17:32:29.0096 PM
[ReportManager] Initial URL: [data:,] @13-02-2021 17:32:29.0137 PM
[ReportManager] Browser Action [navigateToURL] successfully performed. With the following test data [https://the-internet.herokuapp.com/]. @13-02-2021 17:32:29.0537 P

################################################################################################################################################
Starting Execution:	[95 out of 134] test cases in the current suite
Test Method:		[testPackage01.Test_NewValidationActions.f18]
################################################################################################################################################
[ReportManager] Element Action [getText] successfully performed. With the following test data [Welcome to the-internet]. @13-02-2021 17:32:29.0676 PM
[ReportManager] Loaded Shared OpenCV @13-02-2021 17:32:29.0840 PM
[ReportManager] AssertElementAttribute PASSED; Expected [Value Should not be 'no' for the 'text' attribute, element locator 'By.tagName: h1'] and Actual [Welcome to the-internet]. Comparison Type [CONTAINS]. Validation Type [NEGATIVE]. @13-02-2021 17:32:29.0985 PM
[ReportManager] Successfully created attachment [Screenshot - 1613237549840_f18_AssertElementAttribute_passed] @13-02-2021 17:32:29.0986 P
[ReportManager] Successfully created attachment [Selenium WebDriver Logs - server] @13-02-2021 17:32:30.0006 PM
[ReportManager] Successfully created attachment [Selenium WebDriver Logs - performance] @13-02-2021 17:32:30.0031 PM
[ReportManager] Successfully created attachment [Selenium WebDriver Logs - browser] @13-02-2021 17:32:30.0038 PM
[ReportManager] Successfully created attachment [Selenium WebDriver Logs - driver] @13-02-2021 17:32:30.0163 PM
[ReportManager] Successfully Closed All Browsers. @13-02-2021 17:32:30.0289 P
[ReportManager] File Action [getAbsolutePath] successfully performed. With the following test data [Relative Folder Path: "target/downloadedFiles/"]. @13-02-2021 17:32:30.0290 PM
[ReportManager] Attempting to run remotely on: [Linux-64], [GoogleChrome], [http://localhost:4444/wd/hub], Headless Execution. @13-02-2021 17:32:30.0291 PM
[ReportManager] Successfully Opened [GoogleChrome]. @13-02-2021 17:32:30.0696 PM
[ReportManager] Target URL: [https://the-internet.herokuapp.com/] @13-02-2021 17:32:30.0717 PM
[ReportManager] Initial URL: [data:,] @13-02-2021 17:32:30.0762 PM
[ReportManager] Browser Action [navigateToURL] successfully performed. With the following test data [https://the-internet.herokuapp.com/]. @13-02-2021 17:32:31.0313 P

################################################################################################################################################
Starting Execution:	[96 out of 134] test cases in the current suite
Test Method:		[testPackage01.Test_NewValidationActions.f19]
################################################################################################################################################
[ReportManager] Element Action [getTagName] successfully performed. With the following test data [h1]. @13-02-2021 17:32:31.0417 PM
[ReportManager] Loaded Shared OpenCV @13-02-2021 17:32:31.0569 PM
[ReportManager] AssertElementAttribute PASSED; Expected [Value Should be 'h' for the 'tagname' attribute, element locator 'By.tagName: h1'] and Actual [h1]. Comparison Type [CONTAINS]. Validation Type [POSITIVE]. @13-02-2021 17:32:31.0647 PM
[ReportManager] Successfully created attachment [Screenshot - 1613237551569_f19_AssertElementAttribute_passed] @13-02-2021 17:32:31.0648 P
[ReportManager] Successfully created attachment [Selenium WebDriver Logs - server] @13-02-2021 17:32:31.0659 PM
[ReportManager] Successfully created attachment [Selenium WebDriver Logs - performance] @13-02-2021 17:32:31.0685 PM
[ReportManager] Successfully created attachment [Selenium WebDriver Logs - browser] @13-02-2021 17:32:31.0693 PM
[ReportManager] Successfully created attachment [Selenium WebDriver Logs - driver] @13-02-2021 17:32:31.0752 PM
[ReportManager] Successfully Closed All Browsers. @13-02-2021 17:32:31.0834 P

################################################################################################################################################
Starting Execution:	[97 out of 134] test cases in the current suite
Test Method:		[testPackage01.Test_NewValidationActions.f2]
################################################################################################################################################
[ReportManager] Checking valid user data... @13-02-2021 17:32:31.0837 PM
[ReportManager] AssertEquals FAILED; Expected [1] and Actual [2]. Comparison Type [EQUALS]. Validation Type [POSITIVE]. @13-02-2021 17:32:31.0837 P
[ReportManager] File Action [getAbsolutePath] successfully performed. With the following test data [Relative Folder Path: "target/downloadedFiles/"]. @13-02-2021 17:32:31.0842 PM
[ReportManager] Attempting to run remotely on: [Linux-64], [GoogleChrome], [http://localhost:4444/wd/hub], Headless Execution. @13-02-2021 17:32:31.0843 PM
[ReportManager] Successfully Opened [GoogleChrome]. @13-02-2021 17:32:32.0054 PM
[ReportManager] Target URL: [https://the-internet.herokuapp.com/] @13-02-2021 17:32:32.0072 PM
[ReportManager] Initial URL: [data:,] @13-02-2021 17:32:32.0127 PM
[ReportManager] Browser Action [navigateToURL] successfully performed. With the following test data [https://the-internet.herokuapp.com/]. @13-02-2021 17:32:32.0556 P

################################################################################################################################################
Starting Execution:	[98 out of 134] test cases in the current suite
Test Method:		[testPackage01.Test_NewValidationActions.f20]
################################################################################################################################################
[ReportManager] Element Action [getSize] successfully performed. With the following test data [(755, 61)]. @13-02-2021 17:32:32.0654 PM
[ReportManager] Loaded Shared OpenCV @13-02-2021 17:32:32.0804 PM
[ReportManager] AssertElementAttribute PASSED; Expected [Value Should not be 'a' for the 'size' attribute, element locator 'By.tagName: h1'] and Actual [(755, 61)]. Comparison Type [CONTAINS]. Validation Type [NEGATIVE]. @13-02-2021 17:32:32.0885 PM
[ReportManager] Successfully created attachment [Screenshot - 1613237552804_f20_AssertElementAttribute_passed] @13-02-2021 17:32:32.0886 P
[ReportManager] Successfully created attachment [Selenium WebDriver Logs - server] @13-02-2021 17:32:32.0896 PM
[ReportManager] Successfully created attachment [Selenium WebDriver Logs - performance] @13-02-2021 17:32:32.0916 PM
[ReportManager] Successfully created attachment [Selenium WebDriver Logs - browser] @13-02-2021 17:32:32.0924 PM
[ReportManager] Successfully created attachment [Selenium WebDriver Logs - driver] @13-02-2021 17:32:32.0983 PM
[ReportManager] Successfully Closed All Browsers. @13-02-2021 17:32:33.0059 P
[ReportManager] File Action [getAbsolutePath] successfully performed. With the following test data [Relative Folder Path: "target/downloadedFiles/"]. @13-02-2021 17:32:33.0063 PM
[ReportManager] Attempting to run remotely on: [Linux-64], [GoogleChrome], [http://localhost:4444/wd/hub], Headless Execution. @13-02-2021 17:32:33.0064 PM
[ReportManager] Successfully Opened [GoogleChrome]. @13-02-2021 17:32:33.0289 PM
[ReportManager] Target URL: [https://the-internet.herokuapp.com/] @13-02-2021 17:32:33.0299 PM
[ReportManager] Initial URL: [data:,] @13-02-2021 17:32:33.0338 PM
[ReportManager] Browser Action [navigateToURL] successfully performed. With the following test data [https://the-internet.herokuapp.com/]. @13-02-2021 17:32:33.0790 P

################################################################################################################################################
Starting Execution:	[99 out of 134] test cases in the current suite
Test Method:		[testPackage01.Test_NewValidationActions.f21]
################################################################################################################################################
[ReportManager] Element Action [identifyUniqueElement] failed. With the following test data [zero elements found matching this locator "By.tagName: h3".]. @13-02-2021 17:32:34.0006 PM
[ReportManager] Successfully created attachment [Screenshot - 1613237553932_f21_identifyUniqueElement_failed] @13-02-2021 17:32:34.0007 PM
[ReportManager] AssertElementAttribute FAILED; Expected [Value Should be 'Welcome' for the 'text' attribute, element locator 'By.tagName: h3'] and Actual [Failed to read the desired element attribute]. Comparison Type [CONTAINS]. Validation Type [POSITIVE]. @13-02-2021 17:32:34.0008 P
[ReportManager] Successfully created attachment [Selenium WebDriver Logs - server] @13-02-2021 17:32:34.0025 PM
[ReportManager] Successfully created attachment [Selenium WebDriver Logs - performance] @13-02-2021 17:32:34.0067 PM
[ReportManager] Successfully created attachment [Selenium WebDriver Logs - browser] @13-02-2021 17:32:34.0079 PM
[ReportManager] Successfully created attachment [Selenium WebDriver Logs - driver] @13-02-2021 17:32:34.0129 PM
[ReportManager] Successfully Closed All Browsers. @13-02-2021 17:32:34.0214 P
[ReportManager] File Action [getAbsolutePath] successfully performed. With the following test data [Relative Folder Path: "target/downloadedFiles/"]. @13-02-2021 17:32:34.0216 PM
[ReportManager] Attempting to run remotely on: [Linux-64], [GoogleChrome], [http://localhost:4444/wd/hub], Headless Execution. @13-02-2021 17:32:34.0216 PM
[ReportManager] Successfully Opened [GoogleChrome]. @13-02-2021 17:32:34.0459 PM
[ReportManager] Target URL: [https://the-internet.herokuapp.com/] @13-02-2021 17:32:34.0469 PM
[ReportManager] Initial URL: [data:,] @13-02-2021 17:32:34.0510 PM
[ReportManager] Browser Action [navigateToURL] successfully performed. With the following test data [https://the-internet.herokuapp.com/]. @13-02-2021 17:32:34.0888 P

################################################################################################################################################
Starting Execution:	[100 out of 134] test cases in the current suite
Test Method:		[testPackage01.Test_NewValidationActions.f22]
################################################################################################################################################
[ReportManager] Element Action [getText] successfully performed. With the following test data [Welcome to the-internet]. @13-02-2021 17:32:34.0995 PM
[ReportManager] Loaded Shared OpenCV @13-02-2021 17:32:35.0152 PM
[ReportManager] AssertElementAttribute FAILED; Expected [Value Should be 'yyy' for the 'text' attribute, element locator 'By.tagName: h1'] and Actual [Welcome to the-internet]. Comparison Type [CONTAINS]. Validation Type [POSITIVE]. @13-02-2021 17:32:35.0236 PM
[ReportManager] Successfully created attachment [Screenshot - 1613237555152_f22_AssertElementAttribute_failed] @13-02-2021 17:32:35.0238 P
[ReportManager] Successfully created attachment [Selenium WebDriver Logs - server] @13-02-2021 17:32:35.0252 PM
[ReportManager] Successfully created attachment [Selenium WebDriver Logs - performance] @13-02-2021 17:32:35.0277 PM
[ReportManager] Successfully created attachment [Selenium WebDriver Logs - browser] @13-02-2021 17:32:35.0284 PM
[ReportManager] Successfully created attachment [Selenium WebDriver Logs - driver] @13-02-2021 17:32:35.0339 PM
[ReportManager] Successfully Closed All Browsers. @13-02-2021 17:32:35.0416 P

################################################################################################################################################
Starting Execution:	[101 out of 134] test cases in the current suite
Test Method:		[testPackage01.Test_NewValidationActions.f23]
################################################################################################################################################
[ReportManager] confirming that the actual is greater than or equal to the expected... @13-02-2021 17:32:35.0421 PM
[ReportManager] AssertComparativeRelation PASSED; Expected [1] and Actual [1]. Comparison Type [GREATER_THAN_OR_EQUALS]. Validation Type [POSITIVE]. @13-02-2021 17:32:35.0421 P

################################################################################################################################################
Starting Execution:	[102 out of 134] test cases in the current suite
Test Method:		[testPackage01.Test_NewValidationActions.f24]
################################################################################################################################################
[ReportManager] AssertComparativeRelation PASSED; Expected [1] and Actual [10]. Comparison Type [GREATER_THAN_OR_EQUALS]. Validation Type [POSITIVE]. @13-02-2021 17:32:35.0426 P

################################################################################################################################################
Starting Execution:	[103 out of 134] test cases in the current suite
Test Method:		[testPackage01.Test_NewValidationActions.f25]
################################################################################################################################################
[ReportManager] AssertComparativeRelation PASSED; Expected [1] and Actual [1]. Comparison Type [EQUALS]. Validation Type [POSITIVE]. @13-02-2021 17:32:35.0430 P

################################################################################################################################################
Starting Execution:	[104 out of 134] test cases in the current suite
Test Method:		[testPackage01.Test_NewValidationActions.f26]
################################################################################################################################################
[ReportManager] AssertComparativeRelation PASSED; Expected [1] and Actual [5]. Comparison Type [GREATER_THAN]. Validation Type [POSITIVE]. @13-02-2021 17:32:35.0432 P

################################################################################################################################################
Starting Execution:	[105 out of 134] test cases in the current suite
Test Method:		[testPackage01.Test_NewValidationActions.f27]
################################################################################################################################################
[ReportManager] AssertComparativeRelation PASSED; Expected [11] and Actual [5]. Comparison Type [LESS_THAN]. Validation Type [POSITIVE]. @13-02-2021 17:32:35.0435 P

################################################################################################################################################
Starting Execution:	[106 out of 134] test cases in the current suite
Test Method:		[testPackage01.Test_NewValidationActions.f28]
################################################################################################################################################
[ReportManager] AssertComparativeRelation PASSED; Expected [11] and Actual [5]. Comparison Type [LESS_THAN_OR_EQUALS]. Validation Type [POSITIVE]. @13-02-2021 17:32:35.0438 P

################################################################################################################################################
Starting Execution:	[107 out of 134] test cases in the current suite
Test Method:		[testPackage01.Test_NewValidationActions.f29]
################################################################################################################################################
[ReportManager] AssertComparativeRelation PASSED; Expected [11] and Actual [11]. Comparison Type [LESS_THAN_OR_EQUALS]. Validation Type [POSITIVE]. @13-02-2021 17:32:35.0441 P

################################################################################################################################################
Starting Execution:	[108 out of 134] test cases in the current suite
Test Method:		[testPackage01.Test_NewValidationActions.f3]
################################################################################################################################################
[ReportManager] AssertEquals PASSED; Expected [1] and Actual [2]. Comparison Type [EQUALS]. Validation Type [NEGATIVE]. @13-02-2021 17:32:35.0444 P

################################################################################################################################################
Starting Execution:	[109 out of 134] test cases in the current suite
Test Method:		[testPackage01.Test_NewValidationActions.f30]
################################################################################################################################################
[ReportManager] AssertComparativeRelation FAILED; Expected [-9] and Actual [11]. Comparison Type [LESS_THAN_OR_EQUALS]. Validation Type [POSITIVE]. @13-02-2021 17:32:35.0447 P

################################################################################################################################################
Starting Execution:	[110 out of 134] test cases in the current suite
Test Method:		[testPackage01.Test_NewValidationActions.f31]
################################################################################################################################################
[ReportManager] AssertTrue PASSED; Expected [TRUE] and Actual [TRUE]. Validation Type [POSITIVE]. @13-02-2021 17:32:35.0450 P

################################################################################################################################################
Starting Execution:	[111 out of 134] test cases in the current suite
Test Method:		[testPackage01.Test_NewValidationActions.f32]
################################################################################################################################################
[ReportManager] AssertTrue PASSED; Expected [FALSE] and Actual [FALSE]. Validation Type [NEGATIVE]. @13-02-2021 17:32:35.0452 P

################################################################################################################################################
Starting Execution:	[112 out of 134] test cases in the current suite
Test Method:		[testPackage01.Test_NewValidationActions.f33]
################################################################################################################################################
[ReportManager] AssertTrue FAILED; Expected [FALSE] and Actual [TRUE]. Validation Type [NEGATIVE]. @13-02-2021 17:32:35.0456 P

################################################################################################################################################
Starting Execution:	[113 out of 134] test cases in the current suite
Test Method:		[testPackage01.Test_NewValidationActions.f34]
################################################################################################################################################
[ReportManager] AssertTrue FAILED; Expected [TRUE] and Actual [FALSE]. Validation Type [POSITIVE]. @13-02-2021 17:32:35.0459 P

################################################################################################################################################
Starting Execution:	[114 out of 134] test cases in the current suite
Test Method:		[testPackage01.Test_NewValidationActions.f35]
################################################################################################################################################
[ReportManager] File Action [doesFileExist] successfully performed. With the following test data [File Path: "pom.xml"]. @13-02-2021 17:32:35.0462 PM
[ReportManager] AssertFileExists PASSED; Expected [File 'pom.xml' should exist, after up to '1' retries] and Actual [File exists]. Validation Type [POSITIVE]. @13-02-2021 17:32:35.0462 P

################################################################################################################################################
Starting Execution:	[115 out of 134] test cases in the current suite
Test Method:		[testPackage01.Test_NewValidationActions.f36]
################################################################################################################################################
[ReportManager] File Action [doesFileExist] successfully performed. With the following test data [File Path: "src/test/java/testPackage01/Test_NewValidationActions.java"]. @13-02-2021 17:32:35.0465 PM
[ReportManager] AssertFileExists PASSED; Expected [File 'src/test/java/testPackage01/Test_NewValidationActions.java' should exist, after up to '1' retries] and Actual [File exists]. Validation Type [POSITIVE]. @13-02-2021 17:32:35.0465 P

################################################################################################################################################
Starting Execution:	[116 out of 134] test cases in the current suite
Test Method:		[testPackage01.Test_NewValidationActions.f37]
################################################################################################################################################
[ReportManager] confirming that the file does't exist after 5 retries... @13-02-2021 17:32:35.0469 PM
[ReportManager] File Action [doesFileExist] successfully performed. With the following test data [File Path: "pom.xml"]. @13-02-2021 17:32:35.0469 PM
[ReportManager] AssertFileExists FAILED; Expected [File 'pom.xml' should not exist, after up to '5' retries] and Actual [File exists]. Validation Type [NEGATIVE]. @13-02-2021 17:32:35.0469 P

################################################################################################################################################
Starting Execution:	[117 out of 134] test cases in the current suite
Test Method:		[testPackage01.Test_NewValidationActions.f3_1]
################################################################################################################################################
[ReportManager] Checking valid user data... @13-02-2021 17:32:35.0473 PM
[ReportManager] AssertEquals PASSED; Expected [null] and Actual [null]. Comparison Type [EQUALS]. Validation Type [POSITIVE]. @13-02-2021 17:32:35.0473 P

################################################################################################################################################
Starting Execution:	[118 out of 134] test cases in the current suite
Test Method:		[testPackage01.Test_NewValidationActions.f4]
################################################################################################################################################
[ReportManager] AssertEquals PASSED; Expected [1] and Actual [123]. Comparison Type [CONTAINS]. Validation Type [POSITIVE]. @13-02-2021 17:32:35.0476 P

################################################################################################################################################
Starting Execution:	[119 out of 134] test cases in the current suite
Test Method:		[testPackage01.Test_NewValidationActions.f5]
################################################################################################################################################
[ReportManager] AssertNull PASSED; Expected [NULL] and Actual [1]. Comparison Type [EQUALS]. Validation Type [NEGATIVE]. @13-02-2021 17:32:35.0479 P

################################################################################################################################################
Starting Execution:	[120 out of 134] test cases in the current suite
Test Method:		[testPackage01.Test_NewValidationActions.f6]
################################################################################################################################################
[ReportManager] Making sure that null string is not equal to null object... @13-02-2021 17:32:35.0482 PM
[ReportManager] AssertNull FAILED; Expected [NULL] and Actual [NULL]. Comparison Type [EQUALS]. Validation Type [POSITIVE]. @13-02-2021 17:32:35.0482 P

################################################################################################################################################
Starting Execution:	[121 out of 134] test cases in the current suite
Test Method:		[testPackage01.Test_NewValidationActions.f6_1]
################################################################################################################################################
[ReportManager] AssertNull FAILED; Expected [NULL] and Actual [NULL]. Comparison Type [EQUALS]. Validation Type [NEGATIVE]. @13-02-2021 17:32:35.0485 P

################################################################################################################################################
Starting Execution:	[122 out of 134] test cases in the current suite
Test Method:		[testPackage01.Test_NewValidationActions.f6_2]
################################################################################################################################################
[ReportManager] Making sure that null string is not equal to null object... @13-02-2021 17:32:35.0487 PM
[ReportManager] AssertNull FAILED; Expected [NULL] and Actual [not null]. Comparison Type [EQUALS]. Validation Type [POSITIVE]. @13-02-2021 17:32:35.0489 P

################################################################################################################################################
Starting Execution:	[123 out of 134] test cases in the current suite
Test Method:		[testPackage01.Test_NewValidationActions.f7]
################################################################################################################################################
[ReportManager] AssertNull PASSED; Expected [NULL] and Actual [NULL]. Comparison Type [EQUALS]. Validation Type [POSITIVE]. @13-02-2021 17:32:35.0491 P
[ReportManager] File Action [getAbsolutePath] successfully performed. With the following test data [Relative Folder Path: "target/downloadedFiles/"]. @13-02-2021 17:32:35.0492 PM
[ReportManager] Attempting to run remotely on: [Linux-64], [GoogleChrome], [http://localhost:4444/wd/hub], Headless Execution. @13-02-2021 17:32:35.0492 PM
[ReportManager] Successfully Opened [GoogleChrome]. @13-02-2021 17:32:35.0719 PM
[ReportManager] Target URL: [https://the-internet.herokuapp.com/] @13-02-2021 17:32:35.0732 PM
[ReportManager] Initial URL: [data:,] @13-02-2021 17:32:35.0774 PM
[ReportManager] Browser Action [navigateToURL] successfully performed. With the following test data [https://the-internet.herokuapp.com/]. @13-02-2021 17:32:36.0154 P

################################################################################################################################################
Starting Execution:	[124 out of 134] test cases in the current suite
Test Method:		[testPackage01.Test_NewValidationActions.f8]
################################################################################################################################################
[ReportManager] Loaded Shared OpenCV @13-02-2021 17:32:36.0378 PM
[ReportManager] AssertElementExists PASSED; Expected [Element Should Exist, locator 'By.tagName: h1'] and Actual [Element Exists]. Comparison Type [EQUALS]. Validation Type [POSITIVE]. @13-02-2021 17:32:36.0466 PM
[ReportManager] Successfully created attachment [Screenshot - 1613237556378_f8_AssertElementExists_passed] @13-02-2021 17:32:36.0467 P
[ReportManager] Successfully created attachment [Selenium WebDriver Logs - server] @13-02-2021 17:32:36.0488 PM
[ReportManager] Successfully created attachment [Selenium WebDriver Logs - performance] @13-02-2021 17:32:36.0513 PM
[ReportManager] Successfully created attachment [Selenium WebDriver Logs - browser] @13-02-2021 17:32:36.0520 PM
[ReportManager] Successfully created attachment [Selenium WebDriver Logs - driver] @13-02-2021 17:32:36.0574 PM
[ReportManager] Successfully Closed All Browsers. @13-02-2021 17:32:36.0669 P
[ReportManager] File Action [getAbsolutePath] successfully performed. With the following test data [Relative Folder Path: "target/downloadedFiles/"]. @13-02-2021 17:32:36.0671 PM
[ReportManager] Attempting to run remotely on: [Linux-64], [GoogleChrome], [http://localhost:4444/wd/hub], Headless Execution. @13-02-2021 17:32:36.0671 PM
[ReportManager] Successfully Opened [GoogleChrome]. @13-02-2021 17:32:36.0924 PM
[ReportManager] Target URL: [https://the-internet.herokuapp.com/] @13-02-2021 17:32:36.0936 PM
[ReportManager] Initial URL: [data:,] @13-02-2021 17:32:36.0988 PM
[ReportManager] Browser Action [navigateToURL] successfully performed. With the following test data [https://the-internet.herokuapp.com/]. @13-02-2021 17:32:37.0350 P

################################################################################################################################################
Starting Execution:	[125 out of 134] test cases in the current suite
Test Method:		[testPackage01.Test_NewValidationActions.f9]
################################################################################################################################################
[ReportManager] AssertElementExists FAILED; Expected [Element Should Exist, locator 'By.tagName: h3'] and Actual [Element Doesn't Exists]. Comparison Type [EQUALS]. Validation Type [POSITIVE]. @13-02-2021 17:32:37.0594 PM
[ReportManager] Successfully created attachment [Screenshot - 1613237557533_f9_AssertElementExists_failed] @13-02-2021 17:32:37.0595 P
[ReportManager] Successfully created attachment [Selenium WebDriver Logs - server] @13-02-2021 17:32:37.0618 PM
[ReportManager] Successfully created attachment [Selenium WebDriver Logs - performance] @13-02-2021 17:32:37.0637 PM
[ReportManager] Successfully created attachment [Selenium WebDriver Logs - browser] @13-02-2021 17:32:37.0642 PM
[ReportManager] Successfully created attachment [Selenium WebDriver Logs - driver] @13-02-2021 17:32:37.0689 PM
[ReportManager] Successfully Closed All Browsers. @13-02-2021 17:32:37.0765 P

################################################################################################################################################
Starting Execution:	[126 out of 134] test cases in the current suite
Test Method:		[testPackage01.Test_NewValidationActions.forceFail]
################################################################################################################################################
[ReportManager] AssertFail FAILED; Expected [null] and Actual [null]. @13-02-2021 17:32:37.0771 P

################################################################################################################################################
Starting Execution:	[127 out of 134] test cases in the current suite
Test Method:		[testPackage01.Test_NewValidationActions.forceFail2]
################################################################################################################################################
[ReportManager] Custom Message... @13-02-2021 17:32:37.0773 PM
[ReportManager] AssertFail FAILED; Expected [null] and Actual [null]. @13-02-2021 17:32:37.0773 P
[ReportManager] File Action [getAbsolutePath] successfully performed. With the following test data [Relative Folder Path: "target/downloadedFiles/"]. @13-02-2021 17:32:37.0775 PM
[ReportManager] Attempting to run remotely on: [Linux-64], [GoogleChrome], [http://localhost:4444/wd/hub], Headless Execution. @13-02-2021 17:32:37.0776 PM
[ReportManager] Successfully Opened [GoogleChrome]. @13-02-2021 17:32:38.0028 P

################################################################################################################################################
Starting Execution:	[128 out of 134] test cases in the current suite
Test Method:		[testPackage01.Test_ShadowDOM.shadowdom]
################################################################################################################################################
[ReportManager] Target URL: [https://mdn.github.io/web-components-examples/popup-info-box-web-component/] @13-02-2021 17:32:38.0056 PM
[ReportManager] Initial URL: [data:,] @13-02-2021 17:32:38.0103 PM
[ReportManager] Browser Action [navigateToURL] successfully performed. With the following test data [https://mdn.github.io/web-components-examples/popup-info-box-web-component/]. @13-02-2021 17:32:38.0318 PM
[ReportManager] Element Action [type] successfully performed. With the following test data [Typing into SHADOW DOM...]. @13-02-2021 17:32:39.0118 PM
[ReportManager] Element Action [getText] successfully performed. With the following test data [Typing into SHADOW DOM...]. @13-02-2021 17:32:39.0238 PM
[ReportManager] Loaded Shared OpenCV @13-02-2021 17:32:39.0364 PM
[ReportManager] AssertElementAttribute PASSED; Expected [Value Should be 'Typing into SHADOW DOM...' for the 'Text' attribute, element locator 'By.id: cvc'] and Actual [Typing into SHADOW DOM...]. Comparison Type [EQUALS]. Validation Type [POSITIVE]. @13-02-2021 17:32:39.0429 PM
[ReportManager] Successfully created attachment [Screenshot - 1613237559364_shadowdom_AssertElementAttribute_passed] @13-02-2021 17:32:39.0430 P
[ReportManager] Successfully created attachment [Selenium WebDriver Logs - server] @13-02-2021 17:32:39.0492 PM
[ReportManager] Successfully created attachment [Selenium WebDriver Logs - performance] @13-02-2021 17:32:39.0502 PM
[ReportManager] Successfully created attachment [Selenium WebDriver Logs - browser] @13-02-2021 17:32:39.0508 PM
[ReportManager] Successfully created attachment [Selenium WebDriver Logs - driver] @13-02-2021 17:32:39.0601 PM
[ReportManager] Browser Action [closeCurrentWindow] successfully performed. @13-02-2021 17:32:39.0659 PM
[ReportManager] Successfully created attachment [Browser Action Test Data - closeCurrentWindow - Actual Value] @13-02-2021 17:32:39.0659 P

################################################################################################################################################
Starting Execution:	[129 out of 134] test cases in the current suite
Test Method:		[testPackage01.Test_chainableElementActions.chainElementActions]
################################################################################################################################################
[ReportManager] File Action [getAbsolutePath] successfully performed. With the following test data [Relative Folder Path: "target/downloadedFiles/"]. @13-02-2021 17:32:39.0671 PM
[ReportManager] Attempting to run remotely on: [Linux-64], [GoogleChrome], [http://localhost:4444/wd/hub], Headless Execution. @13-02-2021 17:32:39.0671 PM
[ReportManager] Successfully Opened [GoogleChrome]. @13-02-2021 17:32:39.0963 PM
[ReportManager] Target URL: [https://www.google.com/ncr], and after redirection: [https://www.google.com] @13-02-2021 17:32:39.0978 PM
[ReportManager] Initial URL: [data:,] @13-02-2021 17:32:40.0020 PM
[ReportManager] Browser Action [navigateToURL] successfully performed. With the following test data [https://www.google.com/ncr]. @13-02-2021 17:32:40.0854 PM
[ReportManager] Element Action [type] successfully performed. With the following test data [chained type 1]. @13-02-2021 17:32:41.0492 PM
[ReportManager] Element Action [type] successfully performed. With the following test data [chained type 2]. @13-02-2021 17:32:42.0114 PM
[ReportManager] Element Action [typeAppend] successfully performed. With the following test data [345]. @13-02-2021 17:32:42.0291 PM
[ReportManager] Element Action [getText] successfully performed. With the following test data [chained type 2345]. @13-02-2021 17:32:42.0455 PM
[ReportManager] Loaded Shared OpenCV @13-02-2021 17:32:42.0618 PM
[ReportManager] AssertElementAttribute PASSED; Expected [Value Should be 'chained type 2345' for the 'text' attribute, element locator 'By.name: q'] and Actual [chained type 2345]. Comparison Type [EQUALS]. Validation Type [POSITIVE]. @13-02-2021 17:32:42.0701 PM
[ReportManager] Successfully created attachment [Screenshot - 1613237562618_chainElementActions_AssertElementAttribute_passed] @13-02-2021 17:32:42.0705 PM
[ReportManager] Successfully created attachment [Selenium WebDriver Logs - server] @13-02-2021 17:32:42.0782 PM
[ReportManager] Successfully created attachment [Selenium WebDriver Logs - performance] @13-02-2021 17:32:42.0953 PM
[ReportManager] Successfully created attachment [Selenium WebDriver Logs - driver] @13-02-2021 17:32:43.0223 PM
[ReportManager] Browser Action [closeCurrentWindow] successfully performed. @13-02-2021 17:32:43.0285 PM
[ReportManager] Successfully created attachment [Browser Action Test Data - closeCurrentWindow - Actual Value] @13-02-2021 17:32:43.0286 P

################################################################################################################################################
Starting Execution:	[130 out of 134] test cases in the current suite
Test Method:		[testPackage01.Test_SelectedValue.multipleSelect]
################################################################################################################################################
[ReportManager] File Action [getAbsolutePath] successfully performed. With the following test data [Relative Folder Path: "target/downloadedFiles/"]. @13-02-2021 17:32:43.0293 PM
[ReportManager] Attempting to run remotely on: [Linux-64], [GoogleChrome], [http://localhost:4444/wd/hub], Headless Execution. @13-02-2021 17:32:43.0293 PM
[ReportManager] Successfully Opened [GoogleChrome]. @13-02-2021 17:32:43.0555 PM
[ReportManager] Target URL: [https://mdn.mozillademos.org/en-US/docs/Web/HTML/Element/select$samples/Advanced_select_with_multiple_features?revision=1612304] @13-02-2021 17:32:43.0566 PM
[ReportManager] Initial URL: [data:,] @13-02-2021 17:32:43.0609 PM
[ReportManager] Browser Action [navigateToURL] successfully performed. With the following test data [https://mdn.mozillademos.org/en-US/docs/Web/HTML/Element/select$samples/Advanced_select_with_multiple_features?revision=1612304]. @13-02-2021 17:32:43.0961 PM
[ReportManager] Element Action [select] successfully performed. With the following test data [Dog]. @13-02-2021 17:32:44.0201 PM
[ReportManager] Element Action [select] successfully performed. With the following test data [Cat]. @13-02-2021 17:32:44.0456 PM
[ReportManager] Element Action [getSelectedText] successfully performed. With the following test data [DogCat]. @13-02-2021 17:32:44.0635 PM
[ReportManager] DogCat @13-02-2021 17:32:44.0635 PM
[ReportManager] Element Action [getSelectedText] successfully performed. With the following test data [DogCat]. @13-02-2021 17:32:44.0791 PM
[ReportManager] Loaded Shared OpenCV @13-02-2021 17:32:44.0913 PM
[ReportManager] AssertElementAttribute PASSED; Expected [Value Should be 'DogCat' for the 'selectedText' attribute, element locator 'By.tagName: select'] and Actual [DogCat]. Comparison Type [EQUALS]. Validation Type [POSITIVE]. @13-02-2021 17:32:44.0989 PM
[ReportManager] Successfully created attachment [Screenshot - 1613237564913_multipleSelect_AssertElementAttribute_passed] @13-02-2021 17:32:44.0990 PM
[ReportManager] Successfully created attachment [Selenium WebDriver Logs - server] @13-02-2021 17:32:45.0025 PM
[ReportManager] Successfully created attachment [Selenium WebDriver Logs - performance] @13-02-2021 17:32:45.0033 PM
[ReportManager] Successfully created attachment [Selenium WebDriver Logs - driver] @13-02-2021 17:32:45.0136 PM
[ReportManager] Browser Action [closeCurrentWindow] successfully performed. @13-02-2021 17:32:45.0199 PM
[ReportManager] Successfully created attachment [Browser Action Test Data - closeCurrentWindow - Actual Value] @13-02-2021 17:32:45.0200 P

################################################################################################################################################
Starting Execution:	[131 out of 134] test cases in the current suite
Test Method:		[testPackage01.Test_SelectedValue.simpleSelect]
################################################################################################################################################
[ReportManager] File Action [getAbsolutePath] successfully performed. With the following test data [Relative Folder Path: "target/downloadedFiles/"]. @13-02-2021 17:32:45.0202 PM
[ReportManager] Attempting to run remotely on: [Linux-64], [GoogleChrome], [http://localhost:4444/wd/hub], Headless Execution. @13-02-2021 17:32:45.0203 PM
[ReportManager] Successfully Opened [GoogleChrome]. @13-02-2021 17:32:45.0482 PM
[ReportManager] Target URL: [https://mdn.mozillademos.org/en-US/docs/Web/HTML/Element/select$samples/Basic_select?revision=1612304] @13-02-2021 17:32:45.0491 PM
[ReportManager] Initial URL: [data:,] @13-02-2021 17:32:45.0530 PM
[ReportManager] Browser Action [navigateToURL] successfully performed. With the following test data [https://mdn.mozillademos.org/en-US/docs/Web/HTML/Element/select$samples/Basic_select?revision=1612304]. @13-02-2021 17:32:45.0722 PM
[ReportManager] Element Action [select] successfully performed. With the following test data [Third Value]. @13-02-2021 17:32:46.0031 PM
[ReportManager] Element Action [getSelectedText] successfully performed. With the following test data [Third Value]. @13-02-2021 17:32:46.0160 PM
[ReportManager] Third Value @13-02-2021 17:32:46.0160 PM
[ReportManager] Element Action [getSelectedText] successfully performed. With the following test data [Third Value]. @13-02-2021 17:32:46.0295 PM
[ReportManager] Loaded Shared OpenCV @13-02-2021 17:32:46.0427 PM
[ReportManager] AssertElementAttribute PASSED; Expected [Value Should be 'Third Value' for the 'selectedText' attribute, element locator 'By.tagName: select'] and Actual [Third Value]. Comparison Type [EQUALS]. Validation Type [POSITIVE]. @13-02-2021 17:32:46.0491 PM
[ReportManager] Successfully created attachment [Screenshot - 1613237566426_simpleSelect_AssertElementAttribute_passed] @13-02-2021 17:32:46.0491 PM
[ReportManager] Successfully created attachment [Selenium WebDriver Logs - server] @13-02-2021 17:32:46.0523 PM
[ReportManager] Successfully created attachment [Selenium WebDriver Logs - performance] @13-02-2021 17:32:46.0532 PM
[ReportManager] Successfully created attachment [Selenium WebDriver Logs - driver] @13-02-2021 17:32:46.0601 PM
[ReportManager] Browser Action [closeCurrentWindow] successfully performed. @13-02-2021 17:32:46.0657 PM
[ReportManager] Successfully created attachment [Browser Action Test Data - closeCurrentWindow - Actual Value] @13-02-2021 17:32:46.0657 P
[ReportManager] File Action [getAbsolutePath] successfully performed. With the following test data [Relative Folder Path: "target/downloadedFiles/"]. @13-02-2021 17:32:46.0672 PM
[ReportManager] Attempting to run remotely on: [Linux-64], [GoogleChrome], [http://localhost:4444/wd/hub], Headless Execution. @13-02-2021 17:32:46.0672 PM
[ReportManager] Successfully Opened [GoogleChrome]. @13-02-2021 17:32:46.0910 P

################################################################################################################################################
Starting Execution:	[132 out of 134] test cases in the current suite
Test Method:		[testPackage01.Test_clipboardActions.typeTextAndCopyPaste]
################################################################################################################################################
[ReportManager] Target URL: [https://www.google.com/ncr], and after redirection: [https://www.google.com] @13-02-2021 17:32:46.0924 PM
[ReportManager] Initial URL: [data:,] @13-02-2021 17:32:46.0966 PM
[ReportManager] Browser Action [navigateToURL] successfully performed. With the following test data [https://www.google.com/ncr]. @13-02-2021 17:32:47.0818 PM
[ReportManager] Element Action [type] successfully performed. With the following test data [FIRST]. @13-02-2021 17:32:48.0329 PM
[ReportManager] Element Action [clipboardActions] successfully performed. With the following test data [select all]. @13-02-2021 17:32:48.0422 PM
[ReportManager] Element Action [clipboardActions] successfully performed. With the following test data [copy]. @13-02-2021 17:32:48.0518 PM
[ReportManager] Element Action [clipboardActions] successfully performed. With the following test data [unselect]. @13-02-2021 17:32:48.0587 PM
[ReportManager] Element Action [clipboardActions] successfully performed. With the following test data [paste]. @13-02-2021 17:32:48.0675 PM
[ReportManager] Element Action [clipboardActions] successfully performed. With the following test data [select all]. @13-02-2021 17:32:48.0758 PM
[ReportManager] Element Action [clipboardActions] successfully performed. With the following test data [cut]. @13-02-2021 17:32:48.0855 PM
[ReportManager] Element Action [clipboardActions] successfully performed. With the following test data [paste]. @13-02-2021 17:32:48.0966 PM
[ReportManager] Element Action [clipboardActions] successfully performed. With the following test data [paste]. @13-02-2021 17:32:49.0063 P
[ReportManager] Successfully created attachment [Selenium WebDriver Logs - server] @13-02-2021 17:32:49.0169 PM
[ReportManager] Successfully created attachment [Selenium WebDriver Logs - performance] @13-02-2021 17:32:49.0247 PM
[ReportManager] Successfully created attachment [Selenium WebDriver Logs - driver] @13-02-2021 17:32:49.0426 PM
[ReportManager] Browser Action [closeCurrentWindow] successfully performed. @13-02-2021 17:32:49.0484 PM
[ReportManager] Successfully created attachment [Browser Action Test Data - closeCurrentWindow - Actual Value] @13-02-2021 17:32:49.0486 P
[ReportManager] File Action [getAbsolutePath] successfully performed. With the following test data [Relative Folder Path: "target/downloadedFiles/"]. @13-02-2021 17:32:49.0488 PM
[ReportManager] Attempting to run remotely on: [Linux-64], [GoogleChrome], [http://localhost:4444/wd/hub], Headless Execution. @13-02-2021 17:32:49.0488 PM
[ReportManager] Successfully Opened [GoogleChrome]. @13-02-2021 17:32:49.0833 P

################################################################################################################################################
Starting Execution:	[133 out of 134] test cases in the current suite
Test Method:		[testPackage01.Test_uploadFile.uploadFile_invisibleUploadInput]
################################################################################################################################################
[ReportManager] Target URL: [https://fineuploader.com/demos.html#gallery-view] @13-02-2021 17:32:49.0852 PM
[ReportManager] Initial URL: [data:,] @13-02-2021 17:32:49.0900 PM
[ReportManager] Browser Action [navigateToURL] successfully performed. With the following test data [https://fineuploader.com/demos.html#gallery-view]. @13-02-2021 17:32:51.0773 PM
[ReportManager] File Action [getAbsolutePath] successfully performed. With the following test data [Relative File Path: "src/main/resources/images/shaft.png"]. @13-02-2021 17:32:51.0773 PM
[ReportManager] Successfully created attachment [File Action Actual Result - Command Log] @13-02-2021 17:32:51.0774 PM
[ReportManager] Element Action [typeFileLocationForUpload] successfully performed. With the following test data [/home/runner/work/SHAFT_ENGINE/SHAFT_ENGINE/src/main/resources/images/shaft.png]. @13-02-2021 17:32:51.0957 PM
[ReportManager] Attempting to getAttribute [src] from elementLocator [By.xpath: //div[@id='fine-uploader-gallery']//div[@class='qq-thumbnail-wrapper']/img]. @13-02-2021 17:32:51.0958 PM
[ReportManager] Element Action [getAttribute] successfully performed. @13-02-2021 17:32:52.0117 PM
[ReportManager] Successfully created attachment [Element Action Test Data - getAttribute - Actual Value] @13-02-2021 17:32:52.0117 PM
[ReportManager] Loaded Shared OpenCV @13-02-2021 17:32:52.0300 PM
[ReportManager] AssertElementAttribute PASSED; Expected and Actual values are attached. Comparison Type [CONTAINS]. Validation Type [POSITIVE]. @13-02-2021 17:32:52.0402 PM
[ReportManager] Successfully created attachment [Validation Test Data - Expected Value] @13-02-2021 17:32:52.0402 PM
[ReportManager] Successfully created attachment [Validation Test Data - Actual Value] @13-02-2021 17:32:52.0403 PM
[ReportManager] Successfully created attachment [Screenshot - 1613237572300_uploadFile_invisibleUploadInput_AssertElementAttribute_passed] @13-02-2021 17:32:52.0407 P
[ReportManager] Successfully created attachment [Selenium WebDriver Logs - server] @13-02-2021 17:32:52.0520 PM
[ReportManager] Successfully created attachment [Selenium WebDriver Logs - performance] @13-02-2021 17:32:52.0622 PM
[ReportManager] Successfully created attachment [Selenium WebDriver Logs - browser] @13-02-2021 17:32:52.0631 PM
[ReportManager] Successfully created attachment [Selenium WebDriver Logs - driver] @13-02-2021 17:32:52.0782 PM
[ReportManager] Browser Action [closeCurrentWindow] successfully performed. @13-02-2021 17:32:52.0852 PM
[ReportManager] Successfully created attachment [Browser Action Test Data - closeCurrentWindow - Actual Value] @13-02-2021 17:32:52.0852 P
[ReportManager] File Action [getAbsolutePath] successfully performed. With the following test data [Relative Folder Path: "target/downloadedFiles/"]. @13-02-2021 17:32:52.0863 PM
[ReportManager] Attempting to run remotely on: [Linux-64], [GoogleChrome], [http://localhost:4444/wd/hub], Headless Execution. @13-02-2021 17:32:52.0863 PM
[ReportManager] Successfully Opened [GoogleChrome]. @13-02-2021 17:32:53.0111 P

################################################################################################################################################
Starting Execution:	[134 out of 134] test cases in the current suite
Test Method:		[testPackage01.Test_uploadFile.uploadFile_visibleUploadInput]
################################################################################################################################################
[ReportManager] Target URL: [http://demo.guru99.com/test/upload/] @13-02-2021 17:32:53.0132 PM
[ReportManager] Initial URL: [data:,] @13-02-2021 17:32:53.0179 PM
[ReportManager] Browser Action [navigateToURL] successfully performed. With the following test data [http://demo.guru99.com/test/upload/]. @13-02-2021 17:32:54.0490 PM
[ReportManager] File Action [getAbsolutePath] successfully performed. With the following test data [Relative File Path: "src/main/resources/images/shaft.png"]. @13-02-2021 17:32:54.0490 PM
[ReportManager] Successfully created attachment [File Action Actual Result - Command Log] @13-02-2021 17:32:54.0490 PM
[ReportManager] Element Action [typeFileLocationForUpload] successfully performed. With the following test data [/home/runner/work/SHAFT_ENGINE/SHAFT_ENGINE/src/main/resources/images/shaft.png]. @13-02-2021 17:32:54.0680 PM
[ReportManager] Element Action [click] successfully performed. With the following test data [on]. @13-02-2021 17:32:55.0056 PM
[ReportManager] Element Action [click] successfully performed. With the following test data [Submit File]. @13-02-2021 17:32:55.0406 PM
[ReportManager] Element Action [getText] successfully performed. With the following test data [1 file
has been successfully uploaded.]. @13-02-2021 17:32:55.0550 PM
[ReportManager] Loaded Shared OpenCV @13-02-2021 17:32:55.0688 PM
[ReportManager] AssertElementAttribute PASSED; Expected [Value Should be '1 file' for the 'Text' attribute, element locator 'By.id: res'] and Actual [1 file
has been successfully uploaded.]. Comparison Type [CONTAINS]. Validation Type [POSITIVE]. @13-02-2021 17:32:55.0770 PM
[ReportManager] Successfully created attachment [Screenshot - 1613237575688_uploadFile_visibleUploadInput_AssertElementAttribute_passed] @13-02-2021 17:32:55.0771 P
[ReportManager] Successfully created attachment [Selenium WebDriver Logs - server] @13-02-2021 17:32:55.0836 PM
[ReportManager] Successfully created attachment [Selenium WebDriver Logs - performance] @13-02-2021 17:32:55.0929 PM
[ReportManager] Successfully created attachment [Selenium WebDriver Logs - browser] @13-02-2021 17:32:55.0947 PM
[ReportManager] Successfully created attachment [Selenium WebDriver Logs - driver] @13-02-2021 17:32:56.0176 PM
[ReportManager] Browser Action [closeCurrentWindow] successfully performed. @13-02-2021 17:32:56.0234 PM
[ReportManager] Successfully created attachment [Browser Action Test Data - closeCurrentWindow - Actual Value] @13-02-2021 17:32:56.0235 P

################################################################################################################################################
Test Closure Activities
################################################################################################################################################
[ReportManager] Successfully created attachment [SHAFT Engine Logs - Execution log] @13-02-2021 17:32:56.0292 PM

################################################################################################################################################
This test run was powered by SHAFT Engine Version: [SHAFT Engine v5.1]
SHAFT Engine is licensed under the MIT License: [https://github.com/MohabMohie/SHAFT_ENGINE/blob/master/LICENSE].
################################################################################################################################################