################################################################################################################################################
Detected SHAFT Engine Version: [SHAFT Engine v5.2.20210427]
################################################################################################################################################
[ReportManager] File Action [getAbsolutePath] successfully performed. With the following test data [Relative Folder Path: "target/downloadedFiles/"]. @28-04-2021 11:54:15.0038 AM
[ReportManager] Attempting to run remotely on: [Linux-64], [GoogleChrome], [http://localhost:4444/wd/hub], Headless Execution. @28-04-2021 11:54:15.0070 AM
[ReportManager] Successfully Opened [GoogleChrome]. @28-04-2021 11:54:16.0711 A

################################################################################################################################################
Starting Execution:	[1 out of 137] test cases in the current suite
Test Method:		[testPackage01.Test_assertEquals.test_assertElementAttribute]
################################################################################################################################################
[ReportManager] Target URL: [https://www.google.com/ncr], and after redirection: [https://www.google.com] @28-04-2021 11:54:16.0879 AM
[ReportManager] Initial URL: [data:,] @28-04-2021 11:54:16.0976 AM
[ReportManager] Browser Action [navigateToURL] successfully performed. With the following test data [https://www.google.com/ncr]. @28-04-2021 11:54:18.0317 AM
[ReportManager] Element Action [type] successfully performed. With the following test data [INC_004010050:Another SCHEDULER with the same name [Duplicate Job Name] already exists.]. @28-04-2021 11:54:20.0381 AM
[ReportManager] Element Action [getText] successfully performed. With the following test data [INC_004010050:Another SCHEDULER with the same name [Duplicate Job Name] already exists.]. @28-04-2021 11:54:20.0555 AM
[ReportManager] Loaded Shared OpenCV @28-04-2021 11:54:21.0291 AM
[ReportManager] AssertElementAttribute PASSED; Expected [Value Should be 'INC_004010050:Another SCHEDULER with the same name \[Duplicate Job Name\] already exists.' for the 'text' attribute, element locator 'By.name: q'] and Actual [INC_004010050:Another SCHEDULER with the same name [Duplicate Job Name] already exists.]. Comparison Type [MATCHES]. Validation Type [POSITIVE]. @28-04-2021 11:54:21.0705 AM
[ReportManager] Successfully created attachment [Screenshot - 1619610860778_test_assertElementAttribute_AssertElementAttribute_passed] @28-04-2021 11:54:21.0726 A
[ReportManager] Successfully created attachment [Selenium WebDriver Logs - server] @28-04-2021 11:54:21.0991 AM
[ReportManager] Successfully created attachment [Selenium WebDriver Logs - performance] @28-04-2021 11:54:22.0589 AM
[ReportManager] Successfully created attachment [Selenium WebDriver Logs - driver] @28-04-2021 11:54:23.0006 AM
[ReportManager] Browser Action [closeCurrentWindow] successfully performed. @28-04-2021 11:54:23.0069 AM
[ReportManager] Successfully created attachment [Browser Action Test Data - closeCurrentWindow - Actual Value] @28-04-2021 11:54:23.0074 A
[ReportManager] File Action [getAbsolutePath] successfully performed. With the following test data [Relative Folder Path: "target/downloadedFiles/"]. @28-04-2021 11:54:23.0082 AM
[ReportManager] Attempting to run remotely on: [Linux-64], [GoogleChrome], [http://localhost:4444/wd/hub], Headless Execution. @28-04-2021 11:54:23.0085 AM
[ReportManager] Successfully Opened [GoogleChrome]. @28-04-2021 11:54:23.0737 A

################################################################################################################################################
Starting Execution:	[2 out of 137] test cases in the current suite
Test Method:		[testPackage01.Test_dynamicLoading.dynamicLoading_elementIsHidden]
################################################################################################################################################
[ReportManager] Target URL: [https://the-internet.herokuapp.com/dynamic_loading/1] @28-04-2021 11:54:23.0783 AM
[ReportManager] Initial URL: [data:,] @28-04-2021 11:54:23.0855 AM
[ReportManager] Browser Action [navigateToURL] successfully performed. With the following test data [https://the-internet.herokuapp.com/dynamic_loading/1]. @28-04-2021 11:54:25.0463 AM
[ReportManager] Element Action [click] successfully performed. With the following test data [Start]. @28-04-2021 11:54:25.0993 AM
[ReportManager] Element Action [getText] successfully performed. With the following test data [
    Hello World!
  ]. @28-04-2021 11:54:26.0207 AM
[ReportManager] Loaded Shared OpenCV @28-04-2021 11:54:26.0457 AM
[ReportManager] AssertElementAttribute PASSED; Expected [Value Should be 'Hello World!' for the 'text' attribute, element locator 'By.id: finish'] and Actual [
    Hello World!
  ]. Comparison Type [CONTAINS]. Validation Type [POSITIVE]. @28-04-2021 11:54:26.0578 AM
[ReportManager] Successfully created attachment [Screenshot - 1619610866457_dynamicLoading_elementIsHidden_AssertElementAttribute_passed] @28-04-2021 11:54:26.0583 A
[ReportManager] Successfully created attachment [Selenium WebDriver Logs - server] @28-04-2021 11:54:26.0679 AM
[ReportManager] Successfully created attachment [Selenium WebDriver Logs - performance] @28-04-2021 11:54:26.0711 AM
[ReportManager] Successfully created attachment [Selenium WebDriver Logs - browser] @28-04-2021 11:54:26.0736 AM
[ReportManager] Successfully created attachment [Selenium WebDriver Logs - driver] @28-04-2021 11:54:26.0869 AM
[ReportManager] Browser Action [closeCurrentWindow] successfully performed. @28-04-2021 11:54:26.0929 AM
[ReportManager] Successfully created attachment [Browser Action Test Data - closeCurrentWindow - Actual Value] @28-04-2021 11:54:26.0930 A
[ReportManager] File Action [getAbsolutePath] successfully performed. With the following test data [Relative Folder Path: "target/downloadedFiles/"]. @28-04-2021 11:54:26.0938 AM
[ReportManager] Attempting to run remotely on: [Linux-64], [GoogleChrome], [http://localhost:4444/wd/hub], Headless Execution. @28-04-2021 11:54:26.0938 AM
[ReportManager] Successfully Opened [GoogleChrome]. @28-04-2021 11:54:27.0579 A

################################################################################################################################################
Starting Execution:	[3 out of 137] test cases in the current suite
Test Method:		[testPackage01.Test_dynamicLoading.dynamicLoading_elementIsRendered]
################################################################################################################################################
[ReportManager] Target URL: [https://the-internet.herokuapp.com/dynamic_loading/2] @28-04-2021 11:54:27.0616 AM
[ReportManager] Initial URL: [data:,] @28-04-2021 11:54:27.0686 AM
[ReportManager] Browser Action [navigateToURL] successfully performed. With the following test data [https://the-internet.herokuapp.com/dynamic_loading/2]. @28-04-2021 11:54:28.0920 AM
[ReportManager] Element Action [click] successfully performed. With the following test data [Start]. @28-04-2021 11:54:29.0368 AM
[ReportManager] Element Action [getText] successfully performed. With the following test data [Hello World!]. @28-04-2021 11:54:34.0606 AM
[ReportManager] Loaded Shared OpenCV @28-04-2021 11:54:34.0792 AM
[ReportManager] AssertElementAttribute PASSED; Expected [Value Should be 'Hello World!' for the 'text' attribute, element locator 'By.id: finish'] and Actual [Hello World!]. Comparison Type [CONTAINS]. Validation Type [POSITIVE]. @28-04-2021 11:54:34.0891 AM
[ReportManager] Successfully created attachment [Screenshot - 1619610874792_dynamicLoading_elementIsRendered_AssertElementAttribute_passed] @28-04-2021 11:54:34.0893 A
[ReportManager] Successfully created attachment [Selenium WebDriver Logs - server] @28-04-2021 11:54:34.0979 AM
[ReportManager] Successfully created attachment [Selenium WebDriver Logs - performance] @28-04-2021 11:54:35.0005 AM
[ReportManager] Successfully created attachment [Selenium WebDriver Logs - browser] @28-04-2021 11:54:35.0014 AM
[ReportManager] Successfully created attachment [Selenium WebDriver Logs - driver] @28-04-2021 11:54:35.0158 AM
[ReportManager] Browser Action [closeCurrentWindow] successfully performed. @28-04-2021 11:54:35.0225 AM
[ReportManager] Successfully created attachment [Browser Action Test Data - closeCurrentWindow - Actual Value] @28-04-2021 11:54:35.0227 A

################################################################################################################################################
Starting Execution:	[4 out of 137] test cases in the current suite
Test Method:		[testPackage01.Test_SelectedValue.multipleSelect]
################################################################################################################################################
[ReportManager] File Action [getAbsolutePath] successfully performed. With the following test data [Relative Folder Path: "target/downloadedFiles/"]. @28-04-2021 11:54:35.0239 AM
[ReportManager] Attempting to run remotely on: [Linux-64], [GoogleChrome], [http://localhost:4444/wd/hub], Headless Execution. @28-04-2021 11:54:35.0240 AM
[ReportManager] Successfully Opened [GoogleChrome]. @28-04-2021 11:54:35.0936 AM
[ReportManager] Target URL: [https://mdn.mozillademos.org/en-US/docs/Web/HTML/Element/select$samples/Advanced_select_with_multiple_features?revision=1612304] @28-04-2021 11:54:35.0967 AM
[ReportManager] Initial URL: [data:,] @28-04-2021 11:54:36.0045 AM
[ReportManager] Browser Action [navigateToURL] successfully performed. With the following test data [https://mdn.mozillademos.org/en-US/docs/Web/HTML/Element/select$samples/Advanced_select_with_multiple_features?revision=1612304]. @28-04-2021 11:54:36.0631 AM
[ReportManager] Element Action [select] successfully performed. With the following test data [Dog]. @28-04-2021 11:54:36.0932 AM
[ReportManager] Element Action [select] successfully performed. With the following test data [Cat]. @28-04-2021 11:54:37.0247 AM
[ReportManager] Element Action [getSelectedText] successfully performed. With the following test data [DogCat]. @28-04-2021 11:54:37.0479 AM
[ReportManager] DogCat @28-04-2021 11:54:37.0479 AM
[ReportManager] Element Action [getSelectedText] successfully performed. With the following test data [DogCat]. @28-04-2021 11:54:37.0670 AM
[ReportManager] Loaded Shared OpenCV @28-04-2021 11:54:37.0823 AM
[ReportManager] AssertElementAttribute PASSED; Expected [Value Should be 'DogCat' for the 'selectedText' attribute, element locator 'By.tagName: select'] and Actual [DogCat]. Comparison Type [EQUALS]. Validation Type [POSITIVE]. @28-04-2021 11:54:37.0898 AM
[ReportManager] Successfully created attachment [Screenshot - 1619610877823_multipleSelect_AssertElementAttribute_passed] @28-04-2021 11:54:37.0899 AM
[ReportManager] Successfully created attachment [Selenium WebDriver Logs - server] @28-04-2021 11:54:37.0971 AM
[ReportManager] Successfully created attachment [Selenium WebDriver Logs - performance] @28-04-2021 11:54:37.0987 AM
[ReportManager] Successfully created attachment [Selenium WebDriver Logs - driver] @28-04-2021 11:54:38.0148 AM
[ReportManager] Browser Action [closeCurrentWindow] successfully performed. @28-04-2021 11:54:38.0207 AM
[ReportManager] Successfully created attachment [Browser Action Test Data - closeCurrentWindow - Actual Value] @28-04-2021 11:54:38.0208 A

################################################################################################################################################
Starting Execution:	[5 out of 137] test cases in the current suite
Test Method:		[testPackage01.Test_SelectedValue.simpleSelect]
################################################################################################################################################
[ReportManager] File Action [getAbsolutePath] successfully performed. With the following test data [Relative Folder Path: "target/downloadedFiles/"]. @28-04-2021 11:54:38.0232 AM
[ReportManager] Attempting to run remotely on: [Linux-64], [GoogleChrome], [http://localhost:4444/wd/hub], Headless Execution. @28-04-2021 11:54:38.0232 AM
[ReportManager] Successfully Opened [GoogleChrome]. @28-04-2021 11:54:38.0504 AM
[ReportManager] Target URL: [https://mdn.mozillademos.org/en-US/docs/Web/HTML/Element/select$samples/Basic_select?revision=1612304] @28-04-2021 11:54:38.0519 AM
[ReportManager] Initial URL: [data:,] @28-04-2021 11:54:38.0579 AM
[ReportManager] Browser Action [navigateToURL] successfully performed. With the following test data [https://mdn.mozillademos.org/en-US/docs/Web/HTML/Element/select$samples/Basic_select?revision=1612304]. @28-04-2021 11:54:39.0086 AM
[ReportManager] Element Action [select] successfully performed. With the following test data [Third Value]. @28-04-2021 11:54:39.0449 AM
[ReportManager] Element Action [getSelectedText] successfully performed. With the following test data [Third Value]. @28-04-2021 11:54:39.0602 AM
[ReportManager] Third Value @28-04-2021 11:54:39.0602 AM
[ReportManager] Element Action [getSelectedText] successfully performed. With the following test data [Third Value]. @28-04-2021 11:54:39.0763 AM
[ReportManager] Loaded Shared OpenCV @28-04-2021 11:54:39.0918 AM
[ReportManager] AssertElementAttribute PASSED; Expected [Value Should be 'Third Value' for the 'selectedText' attribute, element locator 'By.tagName: select'] and Actual [Third Value]. Comparison Type [EQUALS]. Validation Type [POSITIVE]. @28-04-2021 11:54:39.0991 AM
[ReportManager] Successfully created attachment [Screenshot - 1619610879918_simpleSelect_AssertElementAttribute_passed] @28-04-2021 11:54:39.0992 AM
[ReportManager] Successfully created attachment [Selenium WebDriver Logs - server] @28-04-2021 11:54:40.0047 AM
[ReportManager] Successfully created attachment [Selenium WebDriver Logs - performance] @28-04-2021 11:54:40.0059 AM
[ReportManager] Successfully created attachment [Selenium WebDriver Logs - driver] @28-04-2021 11:54:40.0229 AM
[ReportManager] Browser Action [closeCurrentWindow] successfully performed. @28-04-2021 11:54:40.0288 AM
[ReportManager] Successfully created attachment [Browser Action Test Data - closeCurrentWindow - Actual Value] @28-04-2021 11:54:40.0289 A
[ReportManager] File Action [getAbsolutePath] successfully performed. With the following test data [Relative Folder Path: "target/downloadedFiles/"]. @28-04-2021 11:54:40.0304 AM
[ReportManager] Attempting to run remotely on: [Linux-64], [GoogleChrome], [http://localhost:4444/wd/hub], Headless Execution. @28-04-2021 11:54:40.0305 AM
[ReportManager] Successfully Opened [GoogleChrome]. @28-04-2021 11:54:40.0549 A

################################################################################################################################################
Starting Execution:	[6 out of 137] test cases in the current suite
Test Method:		[testPackage01.Test_IsElementClickable.testIsElementClickable]
################################################################################################################################################
[ReportManager] Target URL: [https://the-internet.herokuapp.com/] @28-04-2021 11:54:40.0587 AM
[ReportManager] Initial URL: [data:,] @28-04-2021 11:54:40.0640 AM
[ReportManager] Browser Action [navigateToURL] successfully performed. With the following test data [https://the-internet.herokuapp.com/]. @28-04-2021 11:54:43.0280 AM
[ReportManager] Element Action [isElementClickable] successfully performed. @28-04-2021 11:54:43.0449 AM
[ReportManager] AssertTrue PASSED; Expected [TRUE] and Actual [TRUE]. Validation Type [POSITIVE]. @28-04-2021 11:54:43.0450 A
[ReportManager] Successfully created attachment [Selenium WebDriver Logs - server] @28-04-2021 11:54:43.0533 AM
[ReportManager] Successfully created attachment [Selenium WebDriver Logs - performance] @28-04-2021 11:54:43.0556 AM
[ReportManager] Successfully created attachment [Selenium WebDriver Logs - browser] @28-04-2021 11:54:43.0564 AM
[ReportManager] Successfully created attachment [Selenium WebDriver Logs - driver] @28-04-2021 11:54:43.0637 AM
[ReportManager] Browser Action [closeCurrentWindow] successfully performed. @28-04-2021 11:54:43.0696 AM
[ReportManager] Successfully created attachment [Browser Action Test Data - closeCurrentWindow - Actual Value] @28-04-2021 11:54:43.0697 A
[ReportManager] File Action [getAbsolutePath] successfully performed. With the following test data [Relative Folder Path: "target/downloadedFiles/"]. @28-04-2021 11:54:43.0702 AM
[ReportManager] Attempting to run remotely on: [Linux-64], [GoogleChrome], [http://localhost:4444/wd/hub], Headless Execution. @28-04-2021 11:54:43.0703 AM
[ReportManager] Successfully Opened [GoogleChrome]. @28-04-2021 11:54:43.0963 A

################################################################################################################################################
Starting Execution:	[7 out of 137] test cases in the current suite
Test Method:		[testPackage01.Test_dragAndDrop.dragAndDrop]
Test Description:	[TC001 - Test Drag and Drop function.]
################################################################################################################################################
[ReportManager] Target URL: [http://the-internet.herokuapp.com/drag_and_drop] @28-04-2021 11:54:44.0000 AM
[ReportManager] Initial URL: [data:,] @28-04-2021 11:54:44.0053 AM
[ReportManager] Browser Action [navigateToURL] successfully performed. With the following test data [http://the-internet.herokuapp.com/drag_and_drop]. @28-04-2021 11:54:45.0025 AM
[ReportManager] Attempting Drag and Drop @28-04-2021 11:54:45.0025 AM
[ReportManager] Element Action [dragAndDrop] successfully performed. With the following test data [Start point: (32, 89), End point: (247, 89)]. @28-04-2021 11:54:46.0272 A
[ReportManager] Successfully created attachment [Selenium WebDriver Logs - server] @28-04-2021 11:54:46.0374 AM
[ReportManager] Successfully created attachment [Selenium WebDriver Logs - performance] @28-04-2021 11:54:46.0400 AM
[ReportManager] Successfully created attachment [Selenium WebDriver Logs - browser] @28-04-2021 11:54:46.0410 AM
[ReportManager] Successfully created attachment [Selenium WebDriver Logs - driver] @28-04-2021 11:54:46.0484 AM
[ReportManager] Browser Action [closeCurrentWindow] successfully performed. @28-04-2021 11:54:46.0543 AM
[ReportManager] Successfully created attachment [Browser Action Test Data - closeCurrentWindow - Actual Value] @28-04-2021 11:54:46.0543 A
[ReportManager] File Action [getAbsolutePath] successfully performed. With the following test data [Relative Folder Path: "target/downloadedFiles/"]. @28-04-2021 11:54:46.0549 AM
[ReportManager] Attempting to run remotely on: [Linux-64], [GoogleChrome], [http://localhost:4444/wd/hub], Headless Execution. @28-04-2021 11:54:46.0550 AM
[ReportManager] Successfully Opened [GoogleChrome]. @28-04-2021 11:54:46.0808 A

################################################################################################################################################
Starting Execution:	[8 out of 137] test cases in the current suite
Test Method:		[testPackage01.Test_dragAndDrop.dragAndDropByOffset]
Test Description:	[TC002 - Test Drag and Drop by offset function.]
################################################################################################################################################
[ReportManager] Target URL: [https://jqueryui.com/resources/demos/draggable/default.html] @28-04-2021 11:54:46.0837 AM
[ReportManager] Initial URL: [data:,] @28-04-2021 11:54:46.0914 AM
[ReportManager] Browser Action [navigateToURL] successfully performed. With the following test data [https://jqueryui.com/resources/demos/draggable/default.html]. @28-04-2021 11:54:47.0618 AM
[ReportManager] Element Action [dragAndDropByOffset] successfully performed. With the following test data [Start point: (8, 8), End point: (1008, 108)]. @28-04-2021 11:54:47.0828 A
[ReportManager] Successfully created attachment [Selenium WebDriver Logs - server] @28-04-2021 11:54:47.0883 AM
[ReportManager] Successfully created attachment [Selenium WebDriver Logs - performance] @28-04-2021 11:54:47.0897 AM
[ReportManager] Successfully created attachment [Selenium WebDriver Logs - driver] @28-04-2021 11:54:47.0971 AM
[ReportManager] Browser Action [closeCurrentWindow] successfully performed. @28-04-2021 11:54:48.0031 AM
[ReportManager] Successfully created attachment [Browser Action Test Data - closeCurrentWindow - Actual Value] @28-04-2021 11:54:48.0031 A
[ReportManager] File Action [getAbsolutePath] successfully performed. With the following test data [Relative Folder Path: "target/downloadedFiles/"]. @28-04-2021 11:54:48.0034 AM
[ReportManager] Attempting to run remotely on: [Linux-64], [GoogleChrome], [http://localhost:4444/wd/hub], Headless Execution. @28-04-2021 11:54:48.0034 AM
[ReportManager] Successfully Opened [GoogleChrome]. @28-04-2021 11:54:48.0259 A

################################################################################################################################################
Starting Execution:	[9 out of 137] test cases in the current suite
Test Method:		[testPackage01.Test_dragAndDrop.dragAndDropJquery]
################################################################################################################################################
[ReportManager] Target URL: [https://jqueryui.com/resources/demos/droppable/default.html] @28-04-2021 11:54:48.0287 AM
[ReportManager] Initial URL: [data:,] @28-04-2021 11:54:48.0350 AM
[ReportManager] Browser Action [navigateToURL] successfully performed. With the following test data [https://jqueryui.com/resources/demos/droppable/default.html]. @28-04-2021 11:54:48.0963 AM
[ReportManager] Element Action [getText] successfully performed. With the following test data [Drop here]. @28-04-2021 11:54:49.0069 AM
[ReportManager] Element Action [dragAndDrop] successfully performed. With the following test data [Start point: (8, 18), End point: (8, 18)]. @28-04-2021 11:54:50.0483 AM
[ReportManager] Element Action [getText] successfully performed. With the following test data [Dropped!]. @28-04-2021 11:54:50.0570 AM
[ReportManager] Checking to see if the text has changed after performing drag and drop... @28-04-2021 11:54:50.0571 AM
[ReportManager] AssertEquals PASSED; Expected [Drop here] and Actual [Dropped!]. Comparison Type [EQUALS]. Validation Type [NEGATIVE]. @28-04-2021 11:54:50.0571 A
[ReportManager] Successfully created attachment [Selenium WebDriver Logs - server] @28-04-2021 11:54:50.0667 AM
[ReportManager] Successfully created attachment [Selenium WebDriver Logs - performance] @28-04-2021 11:54:50.0685 AM
[ReportManager] Successfully created attachment [Selenium WebDriver Logs - driver] @28-04-2021 11:54:50.0767 AM
[ReportManager] Browser Action [closeCurrentWindow] successfully performed. @28-04-2021 11:54:50.0825 AM
[ReportManager] Successfully created attachment [Browser Action Test Data - closeCurrentWindow - Actual Value] @28-04-2021 11:54:50.0825 A

################################################################################################################################################
Starting Execution:	[10 out of 137] test cases in the current suite
Test Method:		[testPackage01.Test_SkipDueToIssue.doNotSkip]
################################################################################################################################################
[ReportManager] This should not be skipped. @28-04-2021 11:54:50.0833 A

################################################################################################################################################
Starting Execution:	[11 out of 137] test cases in the current suite
Test Method:		[testPackage01.Test_SkipDueToIssue.skip]
################################################################################################################################################
[ReportManager] This should be skipped. @28-04-2021 11:54:50.0842 A

################################################################################################################################################
Starting Execution:	[12 out of 137] test cases in the current suite
Test Method:		[testPackage01.Test_SkipDueToIssue.skip2]
################################################################################################################################################
[ReportManager] This should be skipped. @28-04-2021 11:54:50.0847 A

################################################################################################################################################
Starting Execution:	[13 out of 137] test cases in the current suite
Test Method:		[testPackage01.Test_chainableElementActions.chainElementActions]
################################################################################################################################################
[ReportManager] File Action [getAbsolutePath] successfully performed. With the following test data [Relative Folder Path: "target/downloadedFiles/"]. @28-04-2021 11:54:50.0851 AM
[ReportManager] Attempting to run remotely on: [Linux-64], [GoogleChrome], [http://localhost:4444/wd/hub], Headless Execution. @28-04-2021 11:54:50.0852 AM
[ReportManager] Successfully Opened [GoogleChrome]. @28-04-2021 11:54:51.0094 AM
[ReportManager] Target URL: [https://www.google.com/ncr], and after redirection: [https://www.google.com] @28-04-2021 11:54:51.0108 AM
[ReportManager] Initial URL: [data:,] @28-04-2021 11:54:51.0156 AM
[ReportManager] Browser Action [navigateToURL] successfully performed. With the following test data [https://www.google.com/ncr]. @28-04-2021 11:54:52.0026 AM
[ReportManager] Element Action [type] successfully performed. With the following test data [chained type 1]. @28-04-2021 11:54:52.0604 AM
[ReportManager] Element Action [type] successfully performed. With the following test data [chained type 2]. @28-04-2021 11:54:53.0172 AM
[ReportManager] Element Action [typeAppend] successfully performed. With the following test data [345]. @28-04-2021 11:54:53.0314 AM
[ReportManager] Element Action [getText] successfully performed. With the following test data [chained type 2345]. @28-04-2021 11:54:53.0451 AM
[ReportManager] Loaded Shared OpenCV @28-04-2021 11:54:53.0617 AM
[ReportManager] AssertElementAttribute PASSED; Expected [Value Should be 'chained type 2345' for the 'text' attribute, element locator 'By.name: q'] and Actual [chained type 2345]. Comparison Type [EQUALS]. Validation Type [POSITIVE]. @28-04-2021 11:54:53.0700 AM
[ReportManager] Successfully created attachment [Screenshot - 1619610893617_chainElementActions_AssertElementAttribute_passed] @28-04-2021 11:54:53.0702 AM
[ReportManager] Successfully created attachment [Selenium WebDriver Logs - server] @28-04-2021 11:54:53.0786 AM
[ReportManager] Successfully created attachment [Selenium WebDriver Logs - performance] @28-04-2021 11:54:53.0954 AM
[ReportManager] Successfully created attachment [Selenium WebDriver Logs - driver] @28-04-2021 11:54:54.0184 AM
[ReportManager] Browser Action [closeCurrentWindow] successfully performed. @28-04-2021 11:54:54.0244 AM
[ReportManager] Successfully created attachment [Browser Action Test Data - closeCurrentWindow - Actual Value] @28-04-2021 11:54:54.0251 A
[ReportManager] File Action [getAbsolutePath] successfully performed. With the following test data [Relative Folder Path: "target/downloadedFiles/"]. @28-04-2021 11:54:54.0268 AM
[ReportManager] Attempting to run remotely on: [Linux-64], [GoogleChrome], [http://localhost:4444/wd/hub], Headless Execution. @28-04-2021 11:54:54.0268 AM
[ReportManager] Successfully Opened [GoogleChrome]. @28-04-2021 11:54:54.0522 A

################################################################################################################################################
Starting Execution:	[14 out of 137] test cases in the current suite
Test Method:		[testPackage01.Test_clipboardActions.typeTextAndCopyPaste]
################################################################################################################################################
[ReportManager] Target URL: [https://www.google.com/ncr], and after redirection: [https://www.google.com] @28-04-2021 11:54:54.0543 AM
[ReportManager] Initial URL: [data:,] @28-04-2021 11:54:54.0597 AM
[ReportManager] Browser Action [navigateToURL] successfully performed. With the following test data [https://www.google.com/ncr]. @28-04-2021 11:54:55.0482 AM
[ReportManager] Element Action [type] successfully performed. With the following test data [FIRST]. @28-04-2021 11:54:55.0948 AM
[ReportManager] Element Action [clipboardActions] successfully performed. With the following test data [select all]. @28-04-2021 11:54:56.0035 AM
[ReportManager] Element Action [clipboardActions] successfully performed. With the following test data [copy]. @28-04-2021 11:54:56.0115 AM
[ReportManager] Element Action [clipboardActions] successfully performed. With the following test data [unselect]. @28-04-2021 11:54:56.0196 AM
[ReportManager] Element Action [clipboardActions] successfully performed. With the following test data [paste]. @28-04-2021 11:54:56.0299 AM
[ReportManager] Element Action [clipboardActions] successfully performed. With the following test data [select all]. @28-04-2021 11:54:56.0383 AM
[ReportManager] Element Action [clipboardActions] successfully performed. With the following test data [cut]. @28-04-2021 11:54:56.0492 AM
[ReportManager] Element Action [clipboardActions] successfully performed. With the following test data [paste]. @28-04-2021 11:54:56.0590 AM
[ReportManager] Element Action [clipboardActions] successfully performed. With the following test data [paste]. @28-04-2021 11:54:56.0681 A
[ReportManager] Successfully created attachment [Selenium WebDriver Logs - server] @28-04-2021 11:54:56.0790 AM
[ReportManager] Successfully created attachment [Selenium WebDriver Logs - performance] @28-04-2021 11:54:56.0873 AM
[ReportManager] Successfully created attachment [Selenium WebDriver Logs - driver] @28-04-2021 11:54:57.0086 AM
[ReportManager] Browser Action [closeCurrentWindow] successfully performed. @28-04-2021 11:54:57.0148 AM
[ReportManager] Successfully created attachment [Browser Action Test Data - closeCurrentWindow - Actual Value] @28-04-2021 11:54:57.0150 A
[ReportManager] File Action [getAbsolutePath] successfully performed. With the following test data [Relative Folder Path: "target/downloadedFiles/"]. @28-04-2021 11:54:57.0152 AM
[ReportManager] Attempting to run remotely on: [Linux-64], [GoogleChrome], [http://localhost:4444/wd/hub], Headless Execution. @28-04-2021 11:54:57.0152 AM
[ReportManager] Successfully Opened [GoogleChrome]. @28-04-2021 11:54:57.0391 A

################################################################################################################################################
Starting Execution:	[15 out of 137] test cases in the current suite
Test Method:		[testPackage01.Test_verifyEquals.test_assertElementAttribute]
################################################################################################################################################
[ReportManager] Target URL: [https://www.google.com/ncr], and after redirection: [https://www.google.com] @28-04-2021 11:54:57.0415 AM
[ReportManager] Initial URL: [data:,] @28-04-2021 11:54:57.0463 AM
[ReportManager] Browser Action [navigateToURL] successfully performed. With the following test data [https://www.google.com/ncr]. @28-04-2021 11:54:58.0316 AM
[ReportManager] Element Action [type] successfully performed. With the following test data [INC_004010050:Another SCHEDULER with the same name [Duplicate Job Name] already exists.]. @28-04-2021 11:55:00.0324 AM
[ReportManager] Element Action [getText] successfully performed. With the following test data [INC_004010050:Another SCHEDULER with the same name [Duplicate Job Name] already exists.]. @28-04-2021 11:55:00.0450 AM
[ReportManager] Loaded Shared OpenCV @28-04-2021 11:55:00.0619 AM
[ReportManager] VerifyElementAttribute PASSED; Expected [Value Should be 'INC_004010050:Another SCHEDULER with the same name \[Duplicate Job Name\] already exists.' for the 'text' attribute, element locator 'By.name: q'] and Actual [INC_004010050:Another SCHEDULER with the same name [Duplicate Job Name] already exists.]. Comparison Type [MATCHES]. Validation Type [POSITIVE]. @28-04-2021 11:55:00.0700 AM
[ReportManager] Successfully created attachment [Screenshot - 1619610900618_test_assertElementAttribute_VerifyElementAttribute_passed] @28-04-2021 11:55:00.0722 A
[ReportManager] Successfully created attachment [Selenium WebDriver Logs - server] @28-04-2021 11:55:00.0804 AM
[ReportManager] Successfully created attachment [Selenium WebDriver Logs - performance] @28-04-2021 11:55:01.0161 AM
[ReportManager] Successfully created attachment [Selenium WebDriver Logs - driver] @28-04-2021 11:55:01.0472 AM
[ReportManager] Browser Action [closeCurrentWindow] successfully performed. @28-04-2021 11:55:01.0534 AM
[ReportManager] Successfully created attachment [Browser Action Test Data - closeCurrentWindow - Actual Value] @28-04-2021 11:55:01.0535 A

################################################################################################################################################
Starting Execution:	[16 out of 137] test cases in the current suite
Test Method:		[testPackage01.Test_JSONFileManager.readStringFromJson]
################################################################################################################################################
[ReportManager] Successfully loaded the following test data file [src/test/resources/TestDataFiles/simpleJSON.json]. @28-04-2021 11:55:01.0545 AM
[ReportManager] Successfully created attachment [Test Data - JSON] @28-04-2021 11:55:01.0743 AM
[ReportManager] AssertEquals PASSED; Expected [Mohab Mohie] and Actual [Mohab Mohie]. Comparison Type [EQUALS]. Validation Type [POSITIVE]. @28-04-2021 11:55:03.0522 A
[ReportManager] File Action [getAbsolutePath] successfully performed. With the following test data [Relative Folder Path: "target/downloadedFiles/"]. @28-04-2021 11:55:03.0531 AM
[ReportManager] Attempting to run remotely on: [Linux-64], [GoogleChrome], [http://localhost:4444/wd/hub], Headless Execution. @28-04-2021 11:55:03.0531 AM
[ReportManager] Successfully Opened [GoogleChrome]. @28-04-2021 11:55:04.0021 A

################################################################################################################################################
Starting Execution:	[17 out of 137] test cases in the current suite
Test Method:		[testPackage01.Test_uploadFile.uploadFile_invisibleUploadInput]
################################################################################################################################################
[ReportManager] Target URL: [https://fineuploader.com/demos.html#gallery-view] @28-04-2021 11:55:04.0050 AM
[ReportManager] Initial URL: [data:,] @28-04-2021 11:55:04.0128 AM
[ReportManager] Browser Action [navigateToURL] successfully performed. With the following test data [https://fineuploader.com/demos.html#gallery-view]. @28-04-2021 11:55:06.0217 AM
[ReportManager] File Action [getAbsolutePath] successfully performed. With the following test data [Relative File Path: "src/main/resources/images/shaft.png"]. @28-04-2021 11:55:06.0218 AM
[ReportManager] Successfully created attachment [File Action Actual Result - Command Log] @28-04-2021 11:55:06.0218 AM
[ReportManager] Element Action [typeFileLocationForUpload] successfully performed. With the following test data [/home/runner/work/SHAFT_ENGINE/SHAFT_ENGINE/src/main/resources/images/shaft.png]. @28-04-2021 11:55:06.0435 AM
[ReportManager] Attempting to getAttribute [src] from elementLocator [By.xpath: //div[@id='fine-uploader-gallery']//div[@class='qq-thumbnail-wrapper']/img]. @28-04-2021 11:55:06.0435 AM
[ReportManager] Element Action [getAttribute] successfully performed. @28-04-2021 11:55:06.0574 AM
[ReportManager] Successfully created attachment [Element Action Test Data - getAttribute - Actual Value] @28-04-2021 11:55:06.0575 AM
[ReportManager] Loaded Shared OpenCV @28-04-2021 11:55:06.0755 AM
[ReportManager] AssertElementAttribute PASSED; Expected and Actual values are attached. Comparison Type [CONTAINS]. Validation Type [POSITIVE]. @28-04-2021 11:55:06.0842 AM
[ReportManager] Successfully created attachment [Validation Test Data - Expected Value] @28-04-2021 11:55:06.0842 AM
[ReportManager] Successfully created attachment [Validation Test Data - Actual Value] @28-04-2021 11:55:06.0843 AM
[ReportManager] Successfully created attachment [Screenshot - 1619610906754_uploadFile_invisibleUploadInput_AssertElementAttribute_passed] @28-04-2021 11:55:06.0844 A
[ReportManager] Successfully created attachment [Selenium WebDriver Logs - server] @28-04-2021 11:55:06.0954 AM
[ReportManager] Successfully created attachment [Selenium WebDriver Logs - performance] @28-04-2021 11:55:07.0060 AM
[ReportManager] Successfully created attachment [Selenium WebDriver Logs - browser] @28-04-2021 11:55:07.0071 AM
[ReportManager] Successfully created attachment [Selenium WebDriver Logs - driver] @28-04-2021 11:55:07.0259 AM
[ReportManager] Browser Action [closeCurrentWindow] successfully performed. @28-04-2021 11:55:07.0323 AM
[ReportManager] Successfully created attachment [Browser Action Test Data - closeCurrentWindow - Actual Value] @28-04-2021 11:55:07.0325 A
[ReportManager] File Action [getAbsolutePath] successfully performed. With the following test data [Relative Folder Path: "target/downloadedFiles/"]. @28-04-2021 11:55:07.0340 AM
[ReportManager] Attempting to run remotely on: [Linux-64], [GoogleChrome], [http://localhost:4444/wd/hub], Headless Execution. @28-04-2021 11:55:07.0340 AM
[ReportManager] Successfully Opened [GoogleChrome]. @28-04-2021 11:55:07.0605 A

################################################################################################################################################
Starting Execution:	[18 out of 137] test cases in the current suite
Test Method:		[testPackage01.Test_uploadFile.uploadFile_visibleUploadInput]
################################################################################################################################################
[ReportManager] Target URL: [http://demo.guru99.com/test/upload/] @28-04-2021 11:55:07.0637 AM
[ReportManager] Initial URL: [data:,] @28-04-2021 11:55:07.0722 AM
[ReportManager] Browser Action [navigateToURL] successfully performed. With the following test data [http://demo.guru99.com/test/upload/]. @28-04-2021 11:55:09.0065 AM
[ReportManager] File Action [getAbsolutePath] successfully performed. With the following test data [Relative File Path: "src/main/resources/images/shaft.png"]. @28-04-2021 11:55:09.0066 AM
[ReportManager] Successfully created attachment [File Action Actual Result - Command Log] @28-04-2021 11:55:09.0066 AM
[ReportManager] Element Action [typeFileLocationForUpload] successfully performed. With the following test data [/home/runner/work/SHAFT_ENGINE/SHAFT_ENGINE/src/main/resources/images/shaft.png]. @28-04-2021 11:55:09.0244 AM
[ReportManager] Element Action [click] successfully performed. With the following test data [on]. @28-04-2021 11:55:09.0608 AM
[ReportManager] Element Action [click] successfully performed. With the following test data [Submit File]. @28-04-2021 11:55:09.0966 AM
[ReportManager] Element Action [getText] successfully performed. With the following test data [1 file
has been successfully uploaded.]. @28-04-2021 11:55:10.0618 AM
[ReportManager] Loaded Shared OpenCV @28-04-2021 11:55:10.0783 AM
[ReportManager] AssertElementAttribute PASSED; Expected [Value Should be '1 file' for the 'Text' attribute, element locator 'By.id: res'] and Actual [1 file
has been successfully uploaded.]. Comparison Type [CONTAINS]. Validation Type [POSITIVE]. @28-04-2021 11:55:10.0862 AM
[ReportManager] Successfully created attachment [Screenshot - 1619610910783_uploadFile_visibleUploadInput_AssertElementAttribute_passed] @28-04-2021 11:55:10.0863 A
[ReportManager] Successfully created attachment [Selenium WebDriver Logs - server] @28-04-2021 11:55:10.0927 AM
[ReportManager] Successfully created attachment [Selenium WebDriver Logs - performance] @28-04-2021 11:55:10.0983 AM
[ReportManager] Successfully created attachment [Selenium WebDriver Logs - browser] @28-04-2021 11:55:10.0992 AM
[ReportManager] Successfully created attachment [Selenium WebDriver Logs - driver] @28-04-2021 11:55:11.0163 AM
[ReportManager] Browser Action [closeCurrentWindow] successfully performed. @28-04-2021 11:55:11.0226 AM
[ReportManager] Successfully created attachment [Browser Action Test Data - closeCurrentWindow - Actual Value] @28-04-2021 11:55:11.0226 A
[ReportManager] File Action [getAbsolutePath] successfully performed. With the following test data [Relative Folder Path: "target/downloadedFiles/"]. @28-04-2021 11:55:11.0233 AM
[ReportManager] Attempting to run remotely on: [Linux-64], [GoogleChrome], [http://localhost:4444/wd/hub], Headless Execution. @28-04-2021 11:55:11.0233 AM
[ReportManager] Successfully Opened [GoogleChrome]. @28-04-2021 11:55:11.0475 A

################################################################################################################################################
Starting Execution:	[19 out of 137] test cases in the current suite
Test Method:		[testPackage01.Test_ShadowDOM.shadowdom]
################################################################################################################################################
[ReportManager] Target URL: [https://mdn.github.io/web-components-examples/popup-info-box-web-component/] @28-04-2021 11:55:11.0500 AM
[ReportManager] Initial URL: [data:,] @28-04-2021 11:55:11.0552 AM
[ReportManager] Browser Action [navigateToURL] successfully performed. With the following test data [https://mdn.github.io/web-components-examples/popup-info-box-web-component/]. @28-04-2021 11:55:12.0297 AM
[ReportManager] Element Action [type] successfully performed. With the following test data [Typing into SHADOW DOM...]. @28-04-2021 11:55:12.0992 AM
[ReportManager] Element Action [getText] successfully performed. With the following test data [Typing into SHADOW DOM...]. @28-04-2021 11:55:13.0106 AM
[ReportManager] Loaded Shared OpenCV @28-04-2021 11:55:13.0239 AM
[ReportManager] AssertElementAttribute PASSED; Expected [Value Should be 'Typing into SHADOW DOM...' for the 'Text' attribute, element locator 'By.id: cvc'] and Actual [Typing into SHADOW DOM...]. Comparison Type [EQUALS]. Validation Type [POSITIVE]. @28-04-2021 11:55:13.0312 AM
[ReportManager] Successfully created attachment [Screenshot - 1619610913239_shadowdom_AssertElementAttribute_passed] @28-04-2021 11:55:13.0313 A
[ReportManager] Successfully created attachment [Selenium WebDriver Logs - server] @28-04-2021 11:55:13.0360 AM
[ReportManager] Successfully created attachment [Selenium WebDriver Logs - performance] @28-04-2021 11:55:13.0372 AM
[ReportManager] Successfully created attachment [Selenium WebDriver Logs - browser] @28-04-2021 11:55:13.0382 AM
[ReportManager] Successfully created attachment [Selenium WebDriver Logs - driver] @28-04-2021 11:55:13.0458 AM
[ReportManager] Browser Action [closeCurrentWindow] successfully performed. @28-04-2021 11:55:13.0514 AM
[ReportManager] Successfully created attachment [Browser Action Test Data - closeCurrentWindow - Actual Value] @28-04-2021 11:55:13.0514 A

################################################################################################################################################
Starting Execution:	[20 out of 137] test cases in the current suite
Test Method:		[testPackage01.Test_NewValidationHelper.f1]
################################################################################################################################################
[ReportManager] Checking valid user data... @28-04-2021 11:55:13.0523 AM
[ReportManager] AssertEquals PASSED; Expected and Actual values are attached. Comparison Type [EQUALS]. Validation Type [POSITIVE]. @28-04-2021 11:55:13.0525 AM
[ReportManager] Successfully created attachment [Validation Test Data - Expected Value] @28-04-2021 11:55:13.0525 AM
[ReportManager] Successfully created attachment [Validation Test Data - Actual Value] @28-04-2021 11:55:13.0526 A
[ReportManager] File Action [getAbsolutePath] successfully performed. With the following test data [Relative Folder Path: "target/downloadedFiles/"]. @28-04-2021 11:55:13.0530 AM
[ReportManager] Attempting to run remotely on: [Linux-64], [GoogleChrome], [http://localhost:4444/wd/hub], Headless Execution. @28-04-2021 11:55:13.0532 AM
[ReportManager] Successfully Opened [GoogleChrome]. @28-04-2021 11:55:13.0788 AM
[ReportManager] Target URL: [https://the-internet.herokuapp.com/] @28-04-2021 11:55:13.0803 AM
[ReportManager] Initial URL: [data:,] @28-04-2021 11:55:13.0855 AM
[ReportManager] Browser Action [navigateToURL] successfully performed. With the following test data [https://the-internet.herokuapp.com/]. @28-04-2021 11:55:16.0342 A

################################################################################################################################################
Starting Execution:	[21 out of 137] test cases in the current suite
Test Method:		[testPackage01.Test_NewValidationHelper.f10]
################################################################################################################################################
[ReportManager] AssertElementExists FAILED; Expected [Element Should Exist, locator 'By.tagName: div'] and Actual [Element Exists but is not unique]. Comparison Type [EQUALS]. Validation Type [POSITIVE]. @28-04-2021 11:55:16.0661 AM
[ReportManager] Successfully created attachment [Screenshot - 1619610916558_f10_AssertElementExists_failed] @28-04-2021 11:55:16.0662 A
[ReportManager] Successfully created attachment [Selenium WebDriver Logs - server] @28-04-2021 11:55:16.0678 AM
[ReportManager] Successfully created attachment [Selenium WebDriver Logs - performance] @28-04-2021 11:55:16.0700 AM
[ReportManager] Successfully created attachment [Selenium WebDriver Logs - browser] @28-04-2021 11:55:16.0707 AM
[ReportManager] Successfully created attachment [Selenium WebDriver Logs - driver] @28-04-2021 11:55:16.0770 AM
[ReportManager] Successfully Closed All Drivers. @28-04-2021 11:55:16.0846 A
[ReportManager] File Action [getAbsolutePath] successfully performed. With the following test data [Relative Folder Path: "target/downloadedFiles/"]. @28-04-2021 11:55:16.0848 AM
[ReportManager] Attempting to run remotely on: [Linux-64], [GoogleChrome], [http://localhost:4444/wd/hub], Headless Execution. @28-04-2021 11:55:16.0848 AM
[ReportManager] Successfully Opened [GoogleChrome]. @28-04-2021 11:55:17.0079 AM
[ReportManager] Target URL: [https://the-internet.herokuapp.com/] @28-04-2021 11:55:17.0090 AM
[ReportManager] Initial URL: [data:,] @28-04-2021 11:55:17.0159 AM
[ReportManager] Browser Action [navigateToURL] successfully performed. With the following test data [https://the-internet.herokuapp.com/]. @28-04-2021 11:55:19.0880 A

################################################################################################################################################
Starting Execution:	[22 out of 137] test cases in the current suite
Test Method:		[testPackage01.Test_NewValidationHelper.f11]
################################################################################################################################################
[ReportManager] Checking that false tag doesn't exist... @28-04-2021 11:55:19.0887 AM
[ReportManager] AssertElementExists PASSED; Expected [Element Should not Exist, locator 'By.tagName: h3'] and Actual [Element Doesn't Exists]. Comparison Type [EQUALS]. Validation Type [NEGATIVE]. @28-04-2021 11:55:30.0309 AM
[ReportManager] Successfully created attachment [Screenshot - 1619610930238_f11_AssertElementExists_passed] @28-04-2021 11:55:30.0310 A
[ReportManager] Successfully created attachment [Selenium WebDriver Logs - server] @28-04-2021 11:55:30.0324 AM
[ReportManager] Successfully created attachment [Selenium WebDriver Logs - performance] @28-04-2021 11:55:30.0347 AM
[ReportManager] Successfully created attachment [Selenium WebDriver Logs - browser] @28-04-2021 11:55:30.0362 AM
[ReportManager] Successfully created attachment [Selenium WebDriver Logs - driver] @28-04-2021 11:55:30.0463 AM
[ReportManager] Successfully Closed All Drivers. @28-04-2021 11:55:30.0535 A
[ReportManager] File Action [getAbsolutePath] successfully performed. With the following test data [Relative Folder Path: "target/downloadedFiles/"]. @28-04-2021 11:55:30.0538 AM
[ReportManager] Attempting to run remotely on: [Linux-64], [GoogleChrome], [http://localhost:4444/wd/hub], Headless Execution. @28-04-2021 11:55:30.0538 AM
[ReportManager] Successfully Opened [GoogleChrome]. @28-04-2021 11:55:30.0804 AM
[ReportManager] Target URL: [https://the-internet.herokuapp.com/] @28-04-2021 11:55:30.0820 AM
[ReportManager] Initial URL: [data:,] @28-04-2021 11:55:30.0865 AM
[ReportManager] Browser Action [navigateToURL] successfully performed. With the following test data [https://the-internet.herokuapp.com/]. @28-04-2021 11:55:33.0484 A

################################################################################################################################################
Starting Execution:	[23 out of 137] test cases in the current suite
Test Method:		[testPackage01.Test_NewValidationHelper.f12]
################################################################################################################################################
[ReportManager] Loaded Shared OpenCV @28-04-2021 11:55:33.0745 AM
[ReportManager] AssertElementExists FAILED; Expected [Element Should not Exist, locator 'By.tagName: h1'] and Actual [Element Exists]. Comparison Type [EQUALS]. Validation Type [NEGATIVE]. @28-04-2021 11:55:33.0849 AM
[ReportManager] Successfully created attachment [Screenshot - 1619610933745_f12_AssertElementExists_failed] @28-04-2021 11:55:33.0850 A
[ReportManager] Successfully created attachment [Selenium WebDriver Logs - server] @28-04-2021 11:55:33.0865 AM
[ReportManager] Successfully created attachment [Selenium WebDriver Logs - performance] @28-04-2021 11:55:33.0888 AM
[ReportManager] Successfully created attachment [Selenium WebDriver Logs - browser] @28-04-2021 11:55:33.0894 AM
[ReportManager] Successfully created attachment [Selenium WebDriver Logs - driver] @28-04-2021 11:55:33.0959 AM
[ReportManager] Successfully Closed All Drivers. @28-04-2021 11:55:34.0035 A
[ReportManager] File Action [getAbsolutePath] successfully performed. With the following test data [Relative Folder Path: "target/downloadedFiles/"]. @28-04-2021 11:55:34.0038 AM
[ReportManager] Attempting to run remotely on: [Linux-64], [GoogleChrome], [http://localhost:4444/wd/hub], Headless Execution. @28-04-2021 11:55:34.0038 AM
[ReportManager] Successfully Opened [GoogleChrome]. @28-04-2021 11:55:34.0271 AM
[ReportManager] Target URL: [https://the-internet.herokuapp.com/] @28-04-2021 11:55:34.0282 AM
[ReportManager] Initial URL: [data:,] @28-04-2021 11:55:34.0324 AM
[ReportManager] Browser Action [navigateToURL] successfully performed. With the following test data [https://the-internet.herokuapp.com/]. @28-04-2021 11:55:36.0636 A

################################################################################################################################################
Starting Execution:	[24 out of 137] test cases in the current suite
Test Method:		[testPackage01.Test_NewValidationHelper.f13]
################################################################################################################################################
[ReportManager] AssertElementExists FAILED; Expected [Element Should not Exist, locator 'By.tagName: div'] and Actual [Element Exists but is not unique]. Comparison Type [EQUALS]. Validation Type [NEGATIVE]. @28-04-2021 11:55:36.0950 AM
[ReportManager] Successfully created attachment [Screenshot - 1619610936881_f13_AssertElementExists_failed] @28-04-2021 11:55:36.0950 A
[ReportManager] Successfully created attachment [Selenium WebDriver Logs - server] @28-04-2021 11:55:36.0965 AM
[ReportManager] Successfully created attachment [Selenium WebDriver Logs - performance] @28-04-2021 11:55:36.0987 AM
[ReportManager] Successfully created attachment [Selenium WebDriver Logs - browser] @28-04-2021 11:55:36.0994 AM
[ReportManager] Successfully created attachment [Selenium WebDriver Logs - driver] @28-04-2021 11:55:37.0056 AM
[ReportManager] Successfully Closed All Drivers. @28-04-2021 11:55:37.0129 A
[ReportManager] File Action [getAbsolutePath] successfully performed. With the following test data [Relative Folder Path: "target/downloadedFiles/"]. @28-04-2021 11:55:37.0131 AM
[ReportManager] Attempting to run remotely on: [Linux-64], [GoogleChrome], [http://localhost:4444/wd/hub], Headless Execution. @28-04-2021 11:55:37.0132 AM
[ReportManager] Successfully Opened [GoogleChrome]. @28-04-2021 11:55:37.0360 AM
[ReportManager] Target URL: [https://the-internet.herokuapp.com/] @28-04-2021 11:55:37.0371 AM
[ReportManager] Initial URL: [data:,] @28-04-2021 11:55:37.0412 AM
[ReportManager] Browser Action [navigateToURL] successfully performed. With the following test data [https://the-internet.herokuapp.com/]. @28-04-2021 11:55:39.0999 A

################################################################################################################################################
Starting Execution:	[25 out of 137] test cases in the current suite
Test Method:		[testPackage01.Test_NewValidationHelper.f14]
################################################################################################################################################
[ReportManager] Asserting that the header text is correct... @28-04-2021 11:55:40.0005 AM
[ReportManager] Element Action [getText] successfully performed. With the following test data [Welcome to the-internet]. @28-04-2021 11:55:40.0106 AM
[ReportManager] Loaded Shared OpenCV @28-04-2021 11:55:40.0285 AM
[ReportManager] AssertElementAttribute PASSED; Expected [Value Should be 'Welcome to the-internet' for the 'text' attribute, element locator 'By.tagName: h1'] and Actual [Welcome to the-internet]. Comparison Type [EQUALS]. Validation Type [POSITIVE]. @28-04-2021 11:55:40.0370 AM
[ReportManager] Successfully created attachment [Screenshot - 1619610940285_f14_AssertElementAttribute_passed] @28-04-2021 11:55:40.0372 A
[ReportManager] Successfully created attachment [Selenium WebDriver Logs - server] @28-04-2021 11:55:40.0387 AM
[ReportManager] Successfully created attachment [Selenium WebDriver Logs - performance] @28-04-2021 11:55:40.0407 AM
[ReportManager] Successfully created attachment [Selenium WebDriver Logs - browser] @28-04-2021 11:55:40.0414 AM
[ReportManager] Successfully created attachment [Selenium WebDriver Logs - driver] @28-04-2021 11:55:40.0476 AM
[ReportManager] Successfully Closed All Drivers. @28-04-2021 11:55:40.0558 A
[ReportManager] File Action [getAbsolutePath] successfully performed. With the following test data [Relative Folder Path: "target/downloadedFiles/"]. @28-04-2021 11:55:40.0561 AM
[ReportManager] Attempting to run remotely on: [Linux-64], [GoogleChrome], [http://localhost:4444/wd/hub], Headless Execution. @28-04-2021 11:55:40.0562 AM
[ReportManager] Successfully Opened [GoogleChrome]. @28-04-2021 11:55:40.0803 AM
[ReportManager] Target URL: [https://the-internet.herokuapp.com/] @28-04-2021 11:55:40.0817 AM
[ReportManager] Initial URL: [data:,] @28-04-2021 11:55:40.0860 AM
[ReportManager] Browser Action [navigateToURL] successfully performed. With the following test data [https://the-internet.herokuapp.com/]. @28-04-2021 11:55:44.0327 A

################################################################################################################################################
Starting Execution:	[26 out of 137] test cases in the current suite
Test Method:		[testPackage01.Test_NewValidationHelper.f15]
################################################################################################################################################
[ReportManager] Element Action [getText] successfully performed. With the following test data [Welcome to the-internet]. @28-04-2021 11:55:44.0437 AM
[ReportManager] Loaded Shared OpenCV @28-04-2021 11:55:44.0592 AM
[ReportManager] AssertElementAttribute FAILED; Expected [Value Should not be 'Welcome' for the 'text' attribute, element locator 'By.tagName: h1'] and Actual [Welcome to the-internet]. Comparison Type [CONTAINS]. Validation Type [NEGATIVE]. @28-04-2021 11:55:44.0685 AM
[ReportManager] Successfully created attachment [Screenshot - 1619610944592_f15_AssertElementAttribute_failed] @28-04-2021 11:55:44.0686 A
[ReportManager] Successfully created attachment [Selenium WebDriver Logs - server] @28-04-2021 11:55:44.0702 AM
[ReportManager] Successfully created attachment [Selenium WebDriver Logs - performance] @28-04-2021 11:55:44.0728 AM
[ReportManager] Successfully created attachment [Selenium WebDriver Logs - browser] @28-04-2021 11:55:44.0737 AM
[ReportManager] Successfully created attachment [Selenium WebDriver Logs - driver] @28-04-2021 11:55:44.0818 AM
[ReportManager] Successfully Closed All Drivers. @28-04-2021 11:55:44.0903 A
[ReportManager] File Action [getAbsolutePath] successfully performed. With the following test data [Relative Folder Path: "target/downloadedFiles/"]. @28-04-2021 11:55:44.0905 AM
[ReportManager] Attempting to run remotely on: [Linux-64], [GoogleChrome], [http://localhost:4444/wd/hub], Headless Execution. @28-04-2021 11:55:44.0906 AM
[ReportManager] Successfully Opened [GoogleChrome]. @28-04-2021 11:55:45.0116 AM
[ReportManager] Target URL: [https://the-internet.herokuapp.com/] @28-04-2021 11:55:45.0133 AM
[ReportManager] Initial URL: [data:,] @28-04-2021 11:55:45.0182 AM
[ReportManager] Browser Action [navigateToURL] successfully performed. With the following test data [https://the-internet.herokuapp.com/]. @28-04-2021 11:55:47.0817 A

################################################################################################################################################
Starting Execution:	[27 out of 137] test cases in the current suite
Test Method:		[testPackage01.Test_NewValidationHelper.f16]
################################################################################################################################################
[ReportManager] Element Action [identifyUniqueElement] failed. With the following test data [zero elements found matching this locator "By.tagName: h3".]. @28-04-2021 11:56:13.0429 AM
[ReportManager] Successfully created attachment [Screenshot - 1619610973357_f16_identifyUniqueElement_failed] @28-04-2021 11:56:13.0430 AM
[ReportManager] AssertElementAttribute FAILED; Expected [Value Should not be 'Welcome' for the 'text' attribute, element locator 'By.tagName: h3'] and Actual [Failed to read the desired element attribute]. Comparison Type [CONTAINS]. Validation Type [NEGATIVE]. @28-04-2021 11:56:13.0431 A
[ReportManager] Successfully created attachment [Selenium WebDriver Logs - server] @28-04-2021 11:56:13.0442 AM
[ReportManager] Successfully created attachment [Selenium WebDriver Logs - performance] @28-04-2021 11:56:13.0468 AM
[ReportManager] Successfully created attachment [Selenium WebDriver Logs - browser] @28-04-2021 11:56:13.0476 AM
[ReportManager] Successfully created attachment [Selenium WebDriver Logs - driver] @28-04-2021 11:56:13.0551 AM
[ReportManager] Successfully Closed All Drivers. @28-04-2021 11:56:13.0630 A
[ReportManager] File Action [getAbsolutePath] successfully performed. With the following test data [Relative Folder Path: "target/downloadedFiles/"]. @28-04-2021 11:56:13.0633 AM
[ReportManager] Attempting to run remotely on: [Linux-64], [GoogleChrome], [http://localhost:4444/wd/hub], Headless Execution. @28-04-2021 11:56:13.0633 AM
[ReportManager] Successfully Opened [GoogleChrome]. @28-04-2021 11:56:13.0855 AM
[ReportManager] Target URL: [https://the-internet.herokuapp.com/] @28-04-2021 11:56:13.0867 AM
[ReportManager] Initial URL: [data:,] @28-04-2021 11:56:13.0914 AM
[ReportManager] Browser Action [navigateToURL] successfully performed. With the following test data [https://the-internet.herokuapp.com/]. @28-04-2021 11:56:15.0098 A

################################################################################################################################################
Starting Execution:	[28 out of 137] test cases in the current suite
Test Method:		[testPackage01.Test_NewValidationHelper.f17]
################################################################################################################################################
[ReportManager] Attempting to getAttribute [text2] from elementLocator [By.tagName: h1]. @28-04-2021 11:56:15.0104 AM
[ReportManager] Element Action [getAttribute] successfully performed. @28-04-2021 11:56:15.0219 AM
[ReportManager] Loaded Shared OpenCV @28-04-2021 11:56:15.0394 AM
[ReportManager] AssertElementAttribute PASSED; Expected [Value Should not be 'Welcome' for the 'text2' attribute, element locator 'By.tagName: h1'] and Actual [null]. Comparison Type [CONTAINS]. Validation Type [NEGATIVE]. @28-04-2021 11:56:15.0479 AM
[ReportManager] Successfully created attachment [Screenshot - 1619610975393_f17_AssertElementAttribute_passed] @28-04-2021 11:56:15.0480 A
[ReportManager] Successfully created attachment [Selenium WebDriver Logs - server] @28-04-2021 11:56:15.0495 AM
[ReportManager] Successfully created attachment [Selenium WebDriver Logs - performance] @28-04-2021 11:56:15.0515 AM
[ReportManager] Successfully created attachment [Selenium WebDriver Logs - browser] @28-04-2021 11:56:15.0521 AM
[ReportManager] Successfully created attachment [Selenium WebDriver Logs - driver] @28-04-2021 11:56:15.0579 AM
[ReportManager] Successfully Closed All Drivers. @28-04-2021 11:56:15.0656 A
[ReportManager] File Action [getAbsolutePath] successfully performed. With the following test data [Relative Folder Path: "target/downloadedFiles/"]. @28-04-2021 11:56:15.0660 AM
[ReportManager] Attempting to run remotely on: [Linux-64], [GoogleChrome], [http://localhost:4444/wd/hub], Headless Execution. @28-04-2021 11:56:15.0660 AM
[ReportManager] Successfully Opened [GoogleChrome]. @28-04-2021 11:56:15.0888 AM
[ReportManager] Target URL: [https://the-internet.herokuapp.com/] @28-04-2021 11:56:15.0906 AM
[ReportManager] Initial URL: [data:,] @28-04-2021 11:56:15.0950 AM
[ReportManager] Browser Action [navigateToURL] successfully performed. With the following test data [https://the-internet.herokuapp.com/]. @28-04-2021 11:56:18.0578 A

################################################################################################################################################
Starting Execution:	[29 out of 137] test cases in the current suite
Test Method:		[testPackage01.Test_NewValidationHelper.f18]
################################################################################################################################################
[ReportManager] Element Action [getText] successfully performed. With the following test data [Welcome to the-internet]. @28-04-2021 11:56:18.0691 AM
[ReportManager] Loaded Shared OpenCV @28-04-2021 11:56:18.0879 AM
[ReportManager] AssertElementAttribute PASSED; Expected [Value Should not be 'no' for the 'text' attribute, element locator 'By.tagName: h1'] and Actual [Welcome to the-internet]. Comparison Type [CONTAINS]. Validation Type [NEGATIVE]. @28-04-2021 11:56:18.0964 AM
[ReportManager] Successfully created attachment [Screenshot - 1619610978879_f18_AssertElementAttribute_passed] @28-04-2021 11:56:18.0965 A
[ReportManager] Successfully created attachment [Selenium WebDriver Logs - server] @28-04-2021 11:56:18.0980 AM
[ReportManager] Successfully created attachment [Selenium WebDriver Logs - performance] @28-04-2021 11:56:19.0006 AM
[ReportManager] Successfully created attachment [Selenium WebDriver Logs - browser] @28-04-2021 11:56:19.0013 AM
[ReportManager] Successfully created attachment [Selenium WebDriver Logs - driver] @28-04-2021 11:56:19.0093 AM
[ReportManager] Successfully Closed All Drivers. @28-04-2021 11:56:19.0172 A
[ReportManager] File Action [getAbsolutePath] successfully performed. With the following test data [Relative Folder Path: "target/downloadedFiles/"]. @28-04-2021 11:56:19.0174 AM
[ReportManager] Attempting to run remotely on: [Linux-64], [GoogleChrome], [http://localhost:4444/wd/hub], Headless Execution. @28-04-2021 11:56:19.0174 AM
[ReportManager] Successfully Opened [GoogleChrome]. @28-04-2021 11:56:19.0386 AM
[ReportManager] Target URL: [https://the-internet.herokuapp.com/] @28-04-2021 11:56:19.0399 AM
[ReportManager] Initial URL: [data:,] @28-04-2021 11:56:19.0439 AM
[ReportManager] Browser Action [navigateToURL] successfully performed. With the following test data [https://the-internet.herokuapp.com/]. @28-04-2021 11:56:21.0589 A

################################################################################################################################################
Starting Execution:	[30 out of 137] test cases in the current suite
Test Method:		[testPackage01.Test_NewValidationHelper.f19]
################################################################################################################################################
[ReportManager] Element Action [getTagName] successfully performed. With the following test data [h1]. @28-04-2021 11:56:21.0673 AM
[ReportManager] Loaded Shared OpenCV @28-04-2021 11:56:21.0839 AM
[ReportManager] AssertElementAttribute PASSED; Expected [Value Should be 'h' for the 'tagname' attribute, element locator 'By.tagName: h1'] and Actual [h1]. Comparison Type [CONTAINS]. Validation Type [POSITIVE]. @28-04-2021 11:56:21.0926 AM
[ReportManager] Successfully created attachment [Screenshot - 1619610981839_f19_AssertElementAttribute_passed] @28-04-2021 11:56:21.0931 A
[ReportManager] Successfully created attachment [Selenium WebDriver Logs - server] @28-04-2021 11:56:21.0944 AM
[ReportManager] Successfully created attachment [Selenium WebDriver Logs - performance] @28-04-2021 11:56:21.0965 AM
[ReportManager] Successfully created attachment [Selenium WebDriver Logs - browser] @28-04-2021 11:56:21.0971 AM
[ReportManager] Successfully created attachment [Selenium WebDriver Logs - driver] @28-04-2021 11:56:22.0035 AM
[ReportManager] Successfully Closed All Drivers. @28-04-2021 11:56:22.0110 A

################################################################################################################################################
Starting Execution:	[31 out of 137] test cases in the current suite
Test Method:		[testPackage01.Test_NewValidationHelper.f2]
################################################################################################################################################
[ReportManager] Checking valid user data... @28-04-2021 11:56:22.0117 AM
[ReportManager] AssertEquals FAILED; Expected [1] and Actual [2]. Comparison Type [EQUALS]. Validation Type [POSITIVE]. @28-04-2021 11:56:22.0118 A
[ReportManager] File Action [getAbsolutePath] successfully performed. With the following test data [Relative Folder Path: "target/downloadedFiles/"]. @28-04-2021 11:56:22.0122 AM
[ReportManager] Attempting to run remotely on: [Linux-64], [GoogleChrome], [http://localhost:4444/wd/hub], Headless Execution. @28-04-2021 11:56:22.0123 AM
[ReportManager] Successfully Opened [GoogleChrome]. @28-04-2021 11:56:22.0339 AM
[ReportManager] Target URL: [https://the-internet.herokuapp.com/] @28-04-2021 11:56:22.0350 AM
[ReportManager] Initial URL: [data:,] @28-04-2021 11:56:22.0394 AM
[ReportManager] Browser Action [navigateToURL] successfully performed. With the following test data [https://the-internet.herokuapp.com/]. @28-04-2021 11:56:23.0799 A

################################################################################################################################################
Starting Execution:	[32 out of 137] test cases in the current suite
Test Method:		[testPackage01.Test_NewValidationHelper.f20]
################################################################################################################################################
[ReportManager] Element Action [getSize] successfully performed. With the following test data [(755, 61)]. @28-04-2021 11:56:23.0888 AM
[ReportManager] Loaded Shared OpenCV @28-04-2021 11:56:24.0062 AM
[ReportManager] AssertElementAttribute PASSED; Expected [Value Should not be 'a' for the 'size' attribute, element locator 'By.tagName: h1'] and Actual [(755, 61)]. Comparison Type [CONTAINS]. Validation Type [NEGATIVE]. @28-04-2021 11:56:24.0151 AM
[ReportManager] Successfully created attachment [Screenshot - 1619610984062_f20_AssertElementAttribute_passed] @28-04-2021 11:56:24.0152 A
[ReportManager] Successfully created attachment [Selenium WebDriver Logs - server] @28-04-2021 11:56:24.0166 AM
[ReportManager] Successfully created attachment [Selenium WebDriver Logs - performance] @28-04-2021 11:56:24.0186 AM
[ReportManager] Successfully created attachment [Selenium WebDriver Logs - browser] @28-04-2021 11:56:24.0192 AM
[ReportManager] Successfully created attachment [Selenium WebDriver Logs - driver] @28-04-2021 11:56:24.0257 AM
[ReportManager] Successfully Closed All Drivers. @28-04-2021 11:56:24.0332 A
[ReportManager] File Action [getAbsolutePath] successfully performed. With the following test data [Relative Folder Path: "target/downloadedFiles/"]. @28-04-2021 11:56:24.0334 AM
[ReportManager] Attempting to run remotely on: [Linux-64], [GoogleChrome], [http://localhost:4444/wd/hub], Headless Execution. @28-04-2021 11:56:24.0335 AM
[ReportManager] Successfully Opened [GoogleChrome]. @28-04-2021 11:56:24.0564 AM
[ReportManager] Target URL: [https://the-internet.herokuapp.com/] @28-04-2021 11:56:24.0575 AM
[ReportManager] Initial URL: [data:,] @28-04-2021 11:56:24.0629 AM
[ReportManager] Browser Action [navigateToURL] successfully performed. With the following test data [https://the-internet.herokuapp.com/]. @28-04-2021 11:56:27.0230 A

################################################################################################################################################
Starting Execution:	[33 out of 137] test cases in the current suite
Test Method:		[testPackage01.Test_NewValidationHelper.f21]
################################################################################################################################################
[ReportManager] Element Action [identifyUniqueElement] failed. With the following test data [zero elements found matching this locator "By.tagName: h3".]. @28-04-2021 11:56:52.0842 AM
[ReportManager] Successfully created attachment [Screenshot - 1619611012775_f21_identifyUniqueElement_failed] @28-04-2021 11:56:52.0843 AM
[ReportManager] AssertElementAttribute FAILED; Expected [Value Should be 'Welcome' for the 'text' attribute, element locator 'By.tagName: h3'] and Actual [Failed to read the desired element attribute]. Comparison Type [CONTAINS]. Validation Type [POSITIVE]. @28-04-2021 11:56:52.0844 A
[ReportManager] Successfully created attachment [Selenium WebDriver Logs - server] @28-04-2021 11:56:52.0855 AM
[ReportManager] Successfully created attachment [Selenium WebDriver Logs - performance] @28-04-2021 11:56:52.0876 AM
[ReportManager] Successfully created attachment [Selenium WebDriver Logs - browser] @28-04-2021 11:56:52.0882 AM
[ReportManager] Successfully created attachment [Selenium WebDriver Logs - driver] @28-04-2021 11:56:52.0959 AM
[ReportManager] Successfully Closed All Drivers. @28-04-2021 11:56:52.0991 A
[ReportManager] File Action [getAbsolutePath] successfully performed. With the following test data [Relative Folder Path: "target/downloadedFiles/"]. @28-04-2021 11:56:52.0993 AM
[ReportManager] Attempting to run remotely on: [Linux-64], [GoogleChrome], [http://localhost:4444/wd/hub], Headless Execution. @28-04-2021 11:56:52.0993 AM
[ReportManager] Successfully Opened [GoogleChrome]. @28-04-2021 11:56:53.0205 AM
[ReportManager] Target URL: [https://the-internet.herokuapp.com/] @28-04-2021 11:56:53.0219 AM
[ReportManager] Initial URL: [data:,] @28-04-2021 11:56:53.0266 AM
[ReportManager] Browser Action [navigateToURL] successfully performed. With the following test data [https://the-internet.herokuapp.com/]. @28-04-2021 11:56:55.0552 A

################################################################################################################################################
Starting Execution:	[34 out of 137] test cases in the current suite
Test Method:		[testPackage01.Test_NewValidationHelper.f22]
################################################################################################################################################
[ReportManager] Element Action [getText] successfully performed. With the following test data [Welcome to the-internet]. @28-04-2021 11:56:55.0668 AM
[ReportManager] Loaded Shared OpenCV @28-04-2021 11:56:55.0821 AM
[ReportManager] AssertElementAttribute FAILED; Expected [Value Should be 'yyy' for the 'text' attribute, element locator 'By.tagName: h1'] and Actual [Welcome to the-internet]. Comparison Type [CONTAINS]. Validation Type [POSITIVE]. @28-04-2021 11:56:55.0948 AM
[ReportManager] Successfully created attachment [Screenshot - 1619611015821_f22_AssertElementAttribute_failed] @28-04-2021 11:56:55.0949 A
[ReportManager] Successfully created attachment [Selenium WebDriver Logs - server] @28-04-2021 11:56:55.0978 AM
[ReportManager] Successfully created attachment [Selenium WebDriver Logs - performance] @28-04-2021 11:56:55.0999 AM
[ReportManager] Successfully created attachment [Selenium WebDriver Logs - browser] @28-04-2021 11:56:56.0005 AM
[ReportManager] Successfully created attachment [Selenium WebDriver Logs - driver] @28-04-2021 11:56:56.0070 AM
[ReportManager] Successfully Closed All Drivers. @28-04-2021 11:56:56.0150 A

################################################################################################################################################
Starting Execution:	[35 out of 137] test cases in the current suite
Test Method:		[testPackage01.Test_NewValidationHelper.f23]
################################################################################################################################################
[ReportManager] confirming that the actual is greater than or equal to the expected... @28-04-2021 11:56:56.0176 AM
[ReportManager] AssertComparativeRelation PASSED; Expected [1] and Actual [1]. Comparison Type [GREATER_THAN_OR_EQUALS]. Validation Type [POSITIVE]. @28-04-2021 11:56:56.0180 A

################################################################################################################################################
Starting Execution:	[36 out of 137] test cases in the current suite
Test Method:		[testPackage01.Test_NewValidationHelper.f24]
################################################################################################################################################
[ReportManager] AssertComparativeRelation PASSED; Expected [1] and Actual [10]. Comparison Type [GREATER_THAN_OR_EQUALS]. Validation Type [POSITIVE]. @28-04-2021 11:56:56.0186 A

################################################################################################################################################
Starting Execution:	[37 out of 137] test cases in the current suite
Test Method:		[testPackage01.Test_NewValidationHelper.f25]
################################################################################################################################################
[ReportManager] AssertComparativeRelation PASSED; Expected [1] and Actual [1]. Comparison Type [EQUALS]. Validation Type [POSITIVE]. @28-04-2021 11:56:56.0197 A

################################################################################################################################################
Starting Execution:	[38 out of 137] test cases in the current suite
Test Method:		[testPackage01.Test_NewValidationHelper.f26]
################################################################################################################################################
[ReportManager] AssertComparativeRelation PASSED; Expected [1] and Actual [5]. Comparison Type [GREATER_THAN]. Validation Type [POSITIVE]. @28-04-2021 11:56:56.0203 A

################################################################################################################################################
Starting Execution:	[39 out of 137] test cases in the current suite
Test Method:		[testPackage01.Test_NewValidationHelper.f27]
################################################################################################################################################
[ReportManager] AssertComparativeRelation PASSED; Expected [11] and Actual [5]. Comparison Type [LESS_THAN]. Validation Type [POSITIVE]. @28-04-2021 11:56:56.0211 A

################################################################################################################################################
Starting Execution:	[40 out of 137] test cases in the current suite
Test Method:		[testPackage01.Test_NewValidationHelper.f28]
################################################################################################################################################
[ReportManager] AssertComparativeRelation PASSED; Expected [11] and Actual [5]. Comparison Type [LESS_THAN_OR_EQUALS]. Validation Type [POSITIVE]. @28-04-2021 11:56:56.0218 A

################################################################################################################################################
Starting Execution:	[41 out of 137] test cases in the current suite
Test Method:		[testPackage01.Test_NewValidationHelper.f29]
################################################################################################################################################
[ReportManager] AssertComparativeRelation PASSED; Expected [11] and Actual [11]. Comparison Type [LESS_THAN_OR_EQUALS]. Validation Type [POSITIVE]. @28-04-2021 11:56:56.0230 A

################################################################################################################################################
Starting Execution:	[42 out of 137] test cases in the current suite
Test Method:		[testPackage01.Test_NewValidationHelper.f3]
################################################################################################################################################
[ReportManager] AssertEquals PASSED; Expected [1] and Actual [2]. Comparison Type [EQUALS]. Validation Type [NEGATIVE]. @28-04-2021 11:56:56.0239 A

################################################################################################################################################
Starting Execution:	[43 out of 137] test cases in the current suite
Test Method:		[testPackage01.Test_NewValidationHelper.f30]
################################################################################################################################################
[ReportManager] AssertComparativeRelation FAILED; Expected [-9] and Actual [11]. Comparison Type [LESS_THAN_OR_EQUALS]. Validation Type [POSITIVE]. @28-04-2021 11:56:56.0250 A

################################################################################################################################################
Starting Execution:	[44 out of 137] test cases in the current suite
Test Method:		[testPackage01.Test_NewValidationHelper.f31]
################################################################################################################################################
[ReportManager] AssertTrue PASSED; Expected [TRUE] and Actual [TRUE]. Validation Type [POSITIVE]. @28-04-2021 11:56:56.0258 A

################################################################################################################################################
Starting Execution:	[45 out of 137] test cases in the current suite
Test Method:		[testPackage01.Test_NewValidationHelper.f32]
################################################################################################################################################
[ReportManager] AssertTrue PASSED; Expected [FALSE] and Actual [FALSE]. Validation Type [NEGATIVE]. @28-04-2021 11:56:56.0265 A

################################################################################################################################################
Starting Execution:	[46 out of 137] test cases in the current suite
Test Method:		[testPackage01.Test_NewValidationHelper.f33]
################################################################################################################################################
[ReportManager] AssertTrue FAILED; Expected [FALSE] and Actual [TRUE]. Validation Type [NEGATIVE]. @28-04-2021 11:56:56.0272 A

################################################################################################################################################
Starting Execution:	[47 out of 137] test cases in the current suite
Test Method:		[testPackage01.Test_NewValidationHelper.f34]
################################################################################################################################################
[ReportManager] AssertTrue FAILED; Expected [TRUE] and Actual [FALSE]. Validation Type [POSITIVE]. @28-04-2021 11:56:56.0278 A

################################################################################################################################################
Starting Execution:	[48 out of 137] test cases in the current suite
Test Method:		[testPackage01.Test_NewValidationHelper.f35]
################################################################################################################################################
[ReportManager] File Action [doesFileExist] successfully performed. With the following test data [File Path: "pom.xml"]. @28-04-2021 11:56:56.0287 AM
[ReportManager] AssertFileExists PASSED; Expected [File 'pom.xml' should exist, after up to '1' retries] and Actual [File exists]. Validation Type [POSITIVE]. @28-04-2021 11:56:56.0298 A

################################################################################################################################################
Starting Execution:	[49 out of 137] test cases in the current suite
Test Method:		[testPackage01.Test_NewValidationHelper.f36]
################################################################################################################################################
[ReportManager] File Action [doesFileExist] successfully performed. With the following test data [File Path: "src/test/java/testPackage01/Test_NewValidationHelper.java"]. @28-04-2021 11:56:56.0300 AM
[ReportManager] AssertFileExists PASSED; Expected [File 'src/test/java/testPackage01/Test_NewValidationHelper.java' should exist, after up to '1' retries] and Actual [File exists]. Validation Type [POSITIVE]. @28-04-2021 11:56:56.0300 A

################################################################################################################################################
Starting Execution:	[50 out of 137] test cases in the current suite
Test Method:		[testPackage01.Test_NewValidationHelper.f37]
################################################################################################################################################
[ReportManager] confirming that the file does't exist after 5 retries... @28-04-2021 11:56:56.0302 AM
[ReportManager] File Action [doesFileExist] successfully performed. With the following test data [File Path: "pom.xml"]. @28-04-2021 11:56:56.0302 AM
[ReportManager] AssertFileExists FAILED; Expected [File 'pom.xml' should not exist, after up to '5' retries] and Actual [File exists]. Validation Type [NEGATIVE]. @28-04-2021 11:56:56.0302 A

################################################################################################################################################
Starting Execution:	[51 out of 137] test cases in the current suite
Test Method:		[testPackage01.Test_NewValidationHelper.f3_1]
################################################################################################################################################
[ReportManager] Checking valid user data... @28-04-2021 11:56:56.0304 AM
[ReportManager] AssertEquals PASSED; Expected [null] and Actual [null]. Comparison Type [EQUALS]. Validation Type [POSITIVE]. @28-04-2021 11:56:56.0304 A

################################################################################################################################################
Starting Execution:	[52 out of 137] test cases in the current suite
Test Method:		[testPackage01.Test_NewValidationHelper.f4]
################################################################################################################################################
[ReportManager] AssertEquals PASSED; Expected [1] and Actual [123]. Comparison Type [CONTAINS]. Validation Type [POSITIVE]. @28-04-2021 11:56:56.0306 A

################################################################################################################################################
Starting Execution:	[53 out of 137] test cases in the current suite
Test Method:		[testPackage01.Test_NewValidationHelper.f5]
################################################################################################################################################
[ReportManager] AssertNull PASSED; Expected [NULL] and Actual [1]. Comparison Type [EQUALS]. Validation Type [NEGATIVE]. @28-04-2021 11:56:56.0308 A

################################################################################################################################################
Starting Execution:	[54 out of 137] test cases in the current suite
Test Method:		[testPackage01.Test_NewValidationHelper.f6]
################################################################################################################################################
[ReportManager] Making sure that null string is not equal to null object... @28-04-2021 11:56:56.0309 AM
[ReportManager] AssertNull FAILED; Expected [NULL] and Actual [NULL]. Comparison Type [EQUALS]. Validation Type [POSITIVE]. @28-04-2021 11:56:56.0310 A

################################################################################################################################################
Starting Execution:	[55 out of 137] test cases in the current suite
Test Method:		[testPackage01.Test_NewValidationHelper.f6_1]
################################################################################################################################################
[ReportManager] AssertNull FAILED; Expected [NULL] and Actual [NULL]. Comparison Type [EQUALS]. Validation Type [NEGATIVE]. @28-04-2021 11:56:56.0311 A

################################################################################################################################################
Starting Execution:	[56 out of 137] test cases in the current suite
Test Method:		[testPackage01.Test_NewValidationHelper.f6_2]
################################################################################################################################################
[ReportManager] Making sure that null string is not equal to null object... @28-04-2021 11:56:56.0313 AM
[ReportManager] AssertNull FAILED; Expected [NULL] and Actual [not null]. Comparison Type [EQUALS]. Validation Type [POSITIVE]. @28-04-2021 11:56:56.0313 A

################################################################################################################################################
Starting Execution:	[57 out of 137] test cases in the current suite
Test Method:		[testPackage01.Test_NewValidationHelper.f7]
################################################################################################################################################
[ReportManager] AssertNull PASSED; Expected [NULL] and Actual [NULL]. Comparison Type [EQUALS]. Validation Type [POSITIVE]. @28-04-2021 11:56:56.0315 A
[ReportManager] File Action [getAbsolutePath] successfully performed. With the following test data [Relative Folder Path: "target/downloadedFiles/"]. @28-04-2021 11:56:56.0316 AM
[ReportManager] Attempting to run remotely on: [Linux-64], [GoogleChrome], [http://localhost:4444/wd/hub], Headless Execution. @28-04-2021 11:56:56.0317 AM
[ReportManager] Successfully Opened [GoogleChrome]. @28-04-2021 11:56:56.0593 AM
[ReportManager] Target URL: [https://the-internet.herokuapp.com/] @28-04-2021 11:56:56.0607 AM
[ReportManager] Initial URL: [data:,] @28-04-2021 11:56:56.0651 AM
[ReportManager] Browser Action [navigateToURL] successfully performed. With the following test data [https://the-internet.herokuapp.com/]. @28-04-2021 11:56:59.0176 A

################################################################################################################################################
Starting Execution:	[58 out of 137] test cases in the current suite
Test Method:		[testPackage01.Test_NewValidationHelper.f8]
################################################################################################################################################
[ReportManager] Loaded Shared OpenCV @28-04-2021 11:56:59.0387 AM
[ReportManager] AssertElementExists PASSED; Expected [Element Should Exist, locator 'By.tagName: h1'] and Actual [Element Exists]. Comparison Type [EQUALS]. Validation Type [POSITIVE]. @28-04-2021 11:56:59.0474 AM
[ReportManager] Successfully created attachment [Screenshot - 1619611019387_f8_AssertElementExists_passed] @28-04-2021 11:56:59.0475 A
[ReportManager] Successfully created attachment [Selenium WebDriver Logs - server] @28-04-2021 11:56:59.0492 AM
[ReportManager] Successfully created attachment [Selenium WebDriver Logs - performance] @28-04-2021 11:56:59.0513 AM
[ReportManager] Successfully created attachment [Selenium WebDriver Logs - browser] @28-04-2021 11:56:59.0519 AM
[ReportManager] Successfully created attachment [Selenium WebDriver Logs - driver] @28-04-2021 11:56:59.0579 AM
[ReportManager] Successfully Closed All Drivers. @28-04-2021 11:56:59.0653 A
[ReportManager] File Action [getAbsolutePath] successfully performed. With the following test data [Relative Folder Path: "target/downloadedFiles/"]. @28-04-2021 11:56:59.0658 AM
[ReportManager] Attempting to run remotely on: [Linux-64], [GoogleChrome], [http://localhost:4444/wd/hub], Headless Execution. @28-04-2021 11:56:59.0659 AM
[ReportManager] Successfully Opened [GoogleChrome]. @28-04-2021 11:56:59.0921 AM
[ReportManager] Target URL: [https://the-internet.herokuapp.com/] @28-04-2021 11:56:59.0932 AM
[ReportManager] Initial URL: [data:,] @28-04-2021 11:56:59.0981 AM
[ReportManager] Browser Action [navigateToURL] successfully performed. With the following test data [https://the-internet.herokuapp.com/]. @28-04-2021 11:57:02.0605 A

################################################################################################################################################
Starting Execution:	[59 out of 137] test cases in the current suite
Test Method:		[testPackage01.Test_NewValidationHelper.f9]
################################################################################################################################################
[ReportManager] AssertElementExists FAILED; Expected [Element Should Exist, locator 'By.tagName: h3'] and Actual [Element Doesn't Exists]. Comparison Type [EQUALS]. Validation Type [POSITIVE]. @28-04-2021 11:57:33.0321 AM
[ReportManager] Successfully created attachment [Screenshot - 1619611053252_f9_AssertElementExists_failed] @28-04-2021 11:57:33.0321 A
[ReportManager] Successfully created attachment [Selenium WebDriver Logs - server] @28-04-2021 11:57:33.0346 AM
[ReportManager] Successfully created attachment [Selenium WebDriver Logs - performance] @28-04-2021 11:57:33.0371 AM
[ReportManager] Successfully created attachment [Selenium WebDriver Logs - browser] @28-04-2021 11:57:33.0376 AM
[ReportManager] Successfully created attachment [Selenium WebDriver Logs - driver] @28-04-2021 11:57:33.0456 AM
[ReportManager] Successfully Closed All Drivers. @28-04-2021 11:57:33.0536 A

################################################################################################################################################
Starting Execution:	[60 out of 137] test cases in the current suite
Test Method:		[testPackage01.Test_NewValidationHelper.forceFail]
################################################################################################################################################
[ReportManager] AssertFail FAILED; Expected [null] and Actual [null]. @28-04-2021 11:57:33.0539 A

################################################################################################################################################
Starting Execution:	[61 out of 137] test cases in the current suite
Test Method:		[testPackage01.Test_NewValidationHelper.forceFail2]
################################################################################################################################################
[ReportManager] Custom Message... @28-04-2021 11:57:33.0543 AM
[ReportManager] AssertFail FAILED; Expected [null] and Actual [null]. @28-04-2021 11:57:33.0544 A
[ReportManager] Successfully loaded the following test data file [src/test/resources/TestDataFiles/testSuite01/TestData.xlsx]. @28-04-2021 11:57:34.0386 AM
[ReportManager] Successfully created attachment [Test Data - Excel] @28-04-2021 11:57:34.0387 AM
[ReportManager] File Action [getAbsolutePath] successfully performed. With the following test data [Relative Folder Path: "target/downloadedFiles/"]. @28-04-2021 11:57:34.0387 AM
[ReportManager] Attempting to run remotely on: [Linux-64], [GoogleChrome], [http://localhost:4444/wd/hub], Headless Execution. @28-04-2021 11:57:34.0387 AM
[ReportManager] Successfully Opened [GoogleChrome]. @28-04-2021 11:57:34.0826 A

################################################################################################################################################
Starting Execution:	[62 out of 137] test cases in the current suite
Test Method:		[testPackage01.Test_google.navigateToURLandVerifyGoogleLogoIsDisplayed]
Test Description:	[TC001 - Navigate to URL and Verify Google Logo is Displayed]
################################################################################################################################################
[ReportManager] Target URL: [https://www.google.com/ncr], and after redirection: [https://www.google.com] @28-04-2021 11:57:34.0860 AM
[ReportManager] Initial URL: [data:,] @28-04-2021 11:57:34.0941 AM
[ReportManager] Browser Action [navigateToURL] successfully performed. With the following test data [https://www.google.com/ncr]. @28-04-2021 11:57:35.0886 AM
[ReportManager] Loaded Shared OpenCV @28-04-2021 11:57:36.0075 AM
[ReportManager] AssertElementExists PASSED; Expected [Element Should Exist, locator 'By.xpath: //img[@id='hplogo' or @alt='Google']'] and Actual [Element Exists]. Comparison Type [EQUALS]. Validation Type [POSITIVE]. @28-04-2021 11:57:36.0153 AM
[ReportManager] Successfully created attachment [Screenshot - 1619611056075_navigateToURLandVerifyGoogleLogoIsDisplayed_AssertElementExists_passed] @28-04-2021 11:57:36.0154 A

################################################################################################################################################
Starting Execution:	[63 out of 137] test cases in the current suite
Test Method:		[testPackage01.Test_google.searchForQueryandAssertResultsNumDisplayed]
Test Description:	[TC002 - Search for Query and Assert that the number of results is displayed]
################################################################################################################################################
[ReportManager] Element Action [type] successfully performed. With the following test data [SHAFT_Engine]. @28-04-2021 11:57:36.0757 AM
[ReportManager] Element Action [keyPress] successfully performed. With the following test data [Enter]. @28-04-2021 11:57:38.0083 AM
[ReportManager] Element Action [getText] successfully performed. With the following test data [About 3,830,000 results (0.75 seconds) ]. @28-04-2021 11:57:38.0163 AM
[ReportManager] Loaded Shared OpenCV @28-04-2021 11:57:38.0337 AM
[ReportManager] AssertElementAttribute PASSED; Expected [Value Should not be '' for the 'Text' attribute, element locator 'By.id: appbar'] and Actual [About 3,830,000 results (0.75 seconds) ]. Comparison Type [EQUALS]. Validation Type [NEGATIVE]. @28-04-2021 11:57:38.0434 AM
[ReportManager] Successfully created attachment [Screenshot - 1619611058337_searchForQueryandAssertResultsNumDisplayed_AssertElementAttribute_passed] @28-04-2021 11:57:38.0435 A

################################################################################################################################################
Starting Execution:	[64 out of 137] test cases in the current suite
Test Method:		[testPackage01.Test_google.clickNextThrice]
Test Description:	[TC003 - Clicks the next button to make sure that the framework can scroll element into view before clicking it]
################################################################################################################################################
[ReportManager] Element Action [click] successfully performed. With the following test data [Next]. @28-04-2021 11:57:39.0957 A
[ReportManager] Successfully created attachment [Selenium WebDriver Logs - server] @28-04-2021 11:57:40.0178 AM
[ReportManager] Successfully created attachment [Selenium WebDriver Logs - performance] @28-04-2021 11:57:40.0493 AM
[ReportManager] Successfully created attachment [Selenium WebDriver Logs - driver] @28-04-2021 11:57:40.0836 AM
[ReportManager] Browser Action [closeCurrentWindow] successfully performed. @28-04-2021 11:57:40.0899 AM
[ReportManager] Successfully created attachment [Browser Action Test Data - closeCurrentWindow - Actual Value] @28-04-2021 11:57:40.0913 A

################################################################################################################################################
Starting Execution:	[65 out of 137] test cases in the current suite
Test Method:		[testPackage01.Test_testData.f]
################################################################################################################################################
[ReportManager] Successfully loaded the following test data file [src/test/resources/TestDataFiles/testSuite01/TestData.xlsx]. @28-04-2021 11:57:40.0985 AM
[ReportManager] Successfully created attachment [Test Data - Excel] @28-04-2021 11:57:40.0985 AM
[ReportManager] Last Column Number is: [3]. Zero-based. @28-04-2021 11:57:40.0986 A

################################################################################################################################################
Starting Execution:	[66 out of 137] test cases in the current suite
Test Method:		[testPackage01.Test_JsonActions.f]
###############################################################################################################################################

################################################################################################################################################
Starting Execution:	[67 out of 137] test cases in the current suite
Test Method:		[testPackage01.Test_JsonActions.f2]
###############################################################################################################################################

################################################################################################################################################
Starting Execution:	[68 out of 137] test cases in the current suite
Test Method:		[testPackage01.Test_JsonCompareWithSpecialCharacters.specialCharacters]
################################################################################################################################################
[ReportManager] File Action [getAbsolutePath] successfully performed. With the following test data [Relative Folder Path: "src/test/resources/TestJsonFiles/specialCharacters.json"]. @28-04-2021 11:57:41.0103 AM
[ReportManager] File Action [readFromFile] successfully performed. With the following test data [File Path: "/home/runner/work/SHAFT_ENGINE/SHAFT_ENGINE/src/test/resources/TestJsonFiles/specialCharacters.json"]. @28-04-2021 11:57:41.0109 AM
[ReportManager] Successfully created attachment [File Action Actual Result - Command Log] @28-04-2021 11:57:41.0109 AM
[ReportManager] Comparing the provided API response with the file at this path "src/test/resources/TestJsonFiles/specialCharacters.json", comparison type "EQUALS" @28-04-2021 11:57:41.0203 AM
[ReportManager] API Action [compareJSON] successfully performed. With the following test data [src/test/resources/TestJsonFiles/specialCharacters.json]. @28-04-2021 11:57:41.0315 AM
[ReportManager] File Action [getAbsolutePath] successfully performed. With the following test data [Relative Folder Path: "src/test/resources/TestJsonFiles/specialCharacters.json"]. @28-04-2021 11:57:41.0315 AM
[ReportManager] File Action [readFromFile] successfully performed. With the following test data [File Path: "/home/runner/work/SHAFT_ENGINE/SHAFT_ENGINE/src/test/resources/TestJsonFiles/specialCharacters.json"]. @28-04-2021 11:57:41.0316 AM
[ReportManager] VerifyJSONFileContent PASSED; Expected [Response data should match the JSON File in this path 'src/test/resources/TestJsonFiles/specialCharacters.json'] and Actual [TRUE]. Comparison Type [EQUALS]. Validation Type [POSITIVE]. @28-04-2021 11:57:41.0331 AM
[ReportManager] Successfully created attachment [Validation Test Data - Expected JSON Value] @28-04-2021 11:57:41.0335 AM
[ReportManager] Successfully created attachment [Validation Test Data - Actual JSON Value] @28-04-2021 11:57:41.0337 A

################################################################################################################################################
Starting Execution:	[69 out of 137] test cases in the current suite
Test Method:		[testPackage01.Test_JsonCompareWithSpecialCharacters.specialCharacters_assertion]
################################################################################################################################################
[ReportManager] File Action [getAbsolutePath] successfully performed. With the following test data [Relative Folder Path: "src/test/resources/TestJsonFiles/specialCharacters.json"]. @28-04-2021 11:57:41.0345 AM
[ReportManager] File Action [readFromFile] successfully performed. With the following test data [File Path: "/home/runner/work/SHAFT_ENGINE/SHAFT_ENGINE/src/test/resources/TestJsonFiles/specialCharacters.json"]. @28-04-2021 11:57:41.0345 AM
[ReportManager] Successfully created attachment [File Action Actual Result - Command Log] @28-04-2021 11:57:41.0345 AM
[ReportManager] trying out the log message... @28-04-2021 11:57:41.0346 AM
[ReportManager] Comparing the provided API response with the file at this path "src/test/resources/TestJsonFiles/specialCharacters.json", comparison type "CONTAINS" @28-04-2021 11:57:41.0346 AM
[ReportManager] API Action [compareJSON] successfully performed. With the following test data [src/test/resources/TestJsonFiles/specialCharacters.json]. @28-04-2021 11:57:41.0363 AM
[ReportManager] File Action [getAbsolutePath] successfully performed. With the following test data [Relative Folder Path: "src/test/resources/TestJsonFiles/specialCharacters.json"]. @28-04-2021 11:57:41.0364 AM
[ReportManager] File Action [readFromFile] successfully performed. With the following test data [File Path: "/home/runner/work/SHAFT_ENGINE/SHAFT_ENGINE/src/test/resources/TestJsonFiles/specialCharacters.json"]. @28-04-2021 11:57:41.0364 AM
[ReportManager] AssertJSONFileContent PASSED; Expected [Response data should match the JSON File in this path 'src/test/resources/TestJsonFiles/specialCharacters.json'] and Actual [TRUE]. Comparison Type [CONTAINS]. Validation Type [POSITIVE]. @28-04-2021 11:57:41.0368 AM
[ReportManager] Successfully created attachment [Validation Test Data - Expected JSON Value] @28-04-2021 11:57:41.0368 AM
[ReportManager] Successfully created attachment [Validation Test Data - Actual JSON Value] @28-04-2021 11:57:41.0369 A

################################################################################################################################################
Starting Execution:	[70 out of 137] test cases in the current suite
Test Method:		[unitTests.tests_validations_assertions.assertComparativeRelation_greaterThanOrEquals_false_equals_expectedToFail]
################################################################################################################################################
[ReportManager] AssertComparativeRelation FAILED; Expected [1] and Actual [1]. Comparison Type [GREATER_THAN_OR_EQUALS]. Validation Type [NEGATIVE]. @28-04-2021 11:57:41.0379 A

################################################################################################################################################
Starting Execution:	[71 out of 137] test cases in the current suite
Test Method:		[unitTests.tests_validations_assertions.assertComparativeRelation_greaterThanOrEquals_false_equals_expectedToPass]
################################################################################################################################################
[ReportManager] AssertComparativeRelation PASSED; Expected [2] and Actual [1]. Comparison Type [GREATER_THAN_OR_EQUALS]. Validation Type [NEGATIVE]. @28-04-2021 11:57:41.0385 A

################################################################################################################################################
Starting Execution:	[72 out of 137] test cases in the current suite
Test Method:		[unitTests.tests_validations_assertions.assertComparativeRelation_greaterThanOrEquals_false_greaterThan_expectedToFail]
################################################################################################################################################
[ReportManager] AssertComparativeRelation FAILED; Expected [1] and Actual [2]. Comparison Type [GREATER_THAN_OR_EQUALS]. Validation Type [NEGATIVE]. @28-04-2021 11:57:41.0389 A

################################################################################################################################################
Starting Execution:	[73 out of 137] test cases in the current suite
Test Method:		[unitTests.tests_validations_assertions.assertComparativeRelation_greaterThanOrEquals_false_greaterThan_expectedToPass]
################################################################################################################################################
[ReportManager] AssertComparativeRelation PASSED; Expected [2] and Actual [1]. Comparison Type [GREATER_THAN_OR_EQUALS]. Validation Type [NEGATIVE]. @28-04-2021 11:57:41.0396 A

################################################################################################################################################
Starting Execution:	[74 out of 137] test cases in the current suite
Test Method:		[unitTests.tests_validations_assertions.assertComparativeRelation_greaterThanOrEquals_true_equals_expectedToFail]
################################################################################################################################################
[ReportManager] AssertComparativeRelation FAILED; Expected [1] and Actual [0]. Comparison Type [GREATER_THAN_OR_EQUALS]. Validation Type [POSITIVE]. @28-04-2021 11:57:41.0405 A

################################################################################################################################################
Starting Execution:	[75 out of 137] test cases in the current suite
Test Method:		[unitTests.tests_validations_assertions.assertComparativeRelation_greaterThanOrEquals_true_equals_expectedToPass]
################################################################################################################################################
[ReportManager] AssertComparativeRelation PASSED; Expected [1] and Actual [1]. Comparison Type [GREATER_THAN_OR_EQUALS]. Validation Type [POSITIVE]. @28-04-2021 11:57:41.0410 A

################################################################################################################################################
Starting Execution:	[76 out of 137] test cases in the current suite
Test Method:		[unitTests.tests_validations_assertions.assertComparativeRelation_greaterThanOrEquals_true_greaterThan_expectedToFail]
################################################################################################################################################
[ReportManager] AssertComparativeRelation FAILED; Expected [2] and Actual [1]. Comparison Type [GREATER_THAN_OR_EQUALS]. Validation Type [POSITIVE]. @28-04-2021 11:57:41.0414 A

################################################################################################################################################
Starting Execution:	[77 out of 137] test cases in the current suite
Test Method:		[unitTests.tests_validations_assertions.assertComparativeRelation_greaterThanOrEquals_true_greaterThan_expectedToPass]
################################################################################################################################################
[ReportManager] AssertComparativeRelation PASSED; Expected [1] and Actual [2]. Comparison Type [GREATER_THAN_OR_EQUALS]. Validation Type [POSITIVE]. @28-04-2021 11:57:41.0421 A
[ReportManager] File Action [getAbsolutePath] successfully performed. With the following test data [Relative Folder Path: "target/downloadedFiles/"]. @28-04-2021 11:57:41.0425 AM
[ReportManager] Attempting to run remotely on: [Linux-64], [GoogleChrome], [http://localhost:4444/wd/hub], Headless Execution. @28-04-2021 11:57:41.0428 AM
[ReportManager] Successfully Opened [GoogleChrome]. @28-04-2021 11:57:41.0659 AM
[ReportManager] Target URL: [https://www.google.com/ncr], and after redirection: [www.google.com] @28-04-2021 11:57:41.0681 AM
[ReportManager] Initial URL: [data:,] @28-04-2021 11:57:41.0721 AM
[ReportManager] Browser Action [navigateToURL] successfully performed. With the following test data [https://www.google.com/ncr]. @28-04-2021 11:57:42.0575 A

################################################################################################################################################
Starting Execution:	[78 out of 137] test cases in the current suite
Test Method:		[unitTests.tests_validations_assertions.assertElementAttribute_false_caseInsensitiveComparison_expectedToFail]
################################################################################################################################################
[ReportManager] Element Action [type] successfully performed. With the following test data [AUTOMATION]. @28-04-2021 11:57:43.0098 AM
[ReportManager] Element Action [getText] successfully performed. With the following test data [AUTOMATION]. @28-04-2021 11:57:43.0212 AM
[ReportManager] Loaded Shared OpenCV @28-04-2021 11:57:43.0385 AM
[ReportManager] AssertElementAttribute FAILED; Expected [Value Should not be 'AutomaTion' for the 'text' attribute, element locator 'By.name: q'] and Actual [AUTOMATION]. Comparison Type [CASE_INSENSITIVE]. Validation Type [NEGATIVE]. @28-04-2021 11:57:43.0468 AM
[ReportManager] Successfully created attachment [Screenshot - 1619611063385_assertElementAttribute_false_caseInsensitiveComparison_expectedToFail_AssertElementAttribute_failed] @28-04-2021 11:57:43.0469 A
[ReportManager] Successfully created attachment [Selenium WebDriver Logs - server] @28-04-2021 11:57:43.0557 AM
[ReportManager] Successfully created attachment [Selenium WebDriver Logs - performance] @28-04-2021 11:57:43.0635 AM
[ReportManager] Successfully created attachment [Selenium WebDriver Logs - driver] @28-04-2021 11:57:43.0768 AM
[ReportManager] Browser Action [closeCurrentWindow] successfully performed. @28-04-2021 11:57:43.0827 AM
[ReportManager] Successfully created attachment [Browser Action Test Data - closeCurrentWindow - Actual Value] @28-04-2021 11:57:43.0828 A
[ReportManager] File Action [getAbsolutePath] successfully performed. With the following test data [Relative Folder Path: "target/downloadedFiles/"]. @28-04-2021 11:57:43.0830 AM
[ReportManager] Attempting to run remotely on: [Linux-64], [GoogleChrome], [http://localhost:4444/wd/hub], Headless Execution. @28-04-2021 11:57:43.0831 AM
[ReportManager] Successfully Opened [GoogleChrome]. @28-04-2021 11:57:44.0055 AM
[ReportManager] Target URL: [https://www.google.com/ncr], and after redirection: [www.google.com] @28-04-2021 11:57:44.0067 AM
[ReportManager] Initial URL: [data:,] @28-04-2021 11:57:44.0107 AM
[ReportManager] Browser Action [navigateToURL] successfully performed. With the following test data [https://www.google.com/ncr]. @28-04-2021 11:57:44.0961 A

################################################################################################################################################
Starting Execution:	[79 out of 137] test cases in the current suite
Test Method:		[unitTests.tests_validations_assertions.assertElementAttribute_false_caseInsensitiveComparison_expectedToPass]
################################################################################################################################################
[ReportManager] Element Action [type] successfully performed. With the following test data [AUTOMATION]. @28-04-2021 11:57:45.0508 AM
[ReportManager] Element Action [getText] successfully performed. With the following test data [AUTOMATION]. @28-04-2021 11:57:45.0619 AM
[ReportManager] Loaded Shared OpenCV @28-04-2021 11:57:45.0765 AM
[ReportManager] AssertElementAttribute PASSED; Expected [Value Should not be 'AutomaTion123' for the 'text' attribute, element locator 'By.name: q'] and Actual [AUTOMATION]. Comparison Type [CASE_INSENSITIVE]. Validation Type [NEGATIVE]. @28-04-2021 11:57:45.0847 AM
[ReportManager] Successfully created attachment [Screenshot - 1619611065765_assertElementAttribute_false_caseInsensitiveComparison_expectedToPass_AssertElementAttribute_passed] @28-04-2021 11:57:45.0848 A
[ReportManager] Successfully created attachment [Selenium WebDriver Logs - server] @28-04-2021 11:57:45.0936 AM
[ReportManager] Successfully created attachment [Selenium WebDriver Logs - performance] @28-04-2021 11:57:46.0017 AM
[ReportManager] Successfully created attachment [Selenium WebDriver Logs - driver] @28-04-2021 11:57:46.0143 AM
[ReportManager] Browser Action [closeCurrentWindow] successfully performed. @28-04-2021 11:57:46.0201 AM
[ReportManager] Successfully created attachment [Browser Action Test Data - closeCurrentWindow - Actual Value] @28-04-2021 11:57:46.0202 A
[ReportManager] File Action [getAbsolutePath] successfully performed. With the following test data [Relative Folder Path: "target/downloadedFiles/"]. @28-04-2021 11:57:46.0206 AM
[ReportManager] Attempting to run remotely on: [Linux-64], [GoogleChrome], [http://localhost:4444/wd/hub], Headless Execution. @28-04-2021 11:57:46.0206 AM
[ReportManager] Successfully Opened [GoogleChrome]. @28-04-2021 11:57:46.0436 AM
[ReportManager] Target URL: [https://www.google.com/ncr], and after redirection: [www.google.com] @28-04-2021 11:57:46.0447 AM
[ReportManager] Initial URL: [data:,] @28-04-2021 11:57:46.0487 AM
[ReportManager] Browser Action [navigateToURL] successfully performed. With the following test data [https://www.google.com/ncr]. @28-04-2021 11:57:47.0343 A

################################################################################################################################################
Starting Execution:	[80 out of 137] test cases in the current suite
Test Method:		[unitTests.tests_validations_assertions.assertElementAttribute_false_containsComparison_expectedToFail]
################################################################################################################################################
[ReportManager] Element Action [type] successfully performed. With the following test data [Automation123]. @28-04-2021 11:57:47.0873 AM
[ReportManager] Element Action [getText] successfully performed. With the following test data [Automation123]. @28-04-2021 11:57:47.0972 AM
[ReportManager] Loaded Shared OpenCV @28-04-2021 11:57:48.0109 AM
[ReportManager] AssertElementAttribute FAILED; Expected [Value Should not be 'Automation' for the 'text' attribute, element locator 'By.name: q'] and Actual [Automation123]. Comparison Type [CONTAINS]. Validation Type [NEGATIVE]. @28-04-2021 11:57:48.0190 AM
[ReportManager] Successfully created attachment [Screenshot - 1619611068109_assertElementAttribute_false_containsComparison_expectedToFail_AssertElementAttribute_failed] @28-04-2021 11:57:48.0190 A
[ReportManager] Successfully created attachment [Selenium WebDriver Logs - server] @28-04-2021 11:57:48.0270 AM
[ReportManager] Successfully created attachment [Selenium WebDriver Logs - performance] @28-04-2021 11:57:48.0366 AM
[ReportManager] Successfully created attachment [Selenium WebDriver Logs - driver] @28-04-2021 11:57:48.0497 AM
[ReportManager] Browser Action [closeCurrentWindow] successfully performed. @28-04-2021 11:57:48.0555 AM
[ReportManager] Successfully created attachment [Browser Action Test Data - closeCurrentWindow - Actual Value] @28-04-2021 11:57:48.0556 A
[ReportManager] File Action [getAbsolutePath] successfully performed. With the following test data [Relative Folder Path: "target/downloadedFiles/"]. @28-04-2021 11:57:48.0558 AM
[ReportManager] Attempting to run remotely on: [Linux-64], [GoogleChrome], [http://localhost:4444/wd/hub], Headless Execution. @28-04-2021 11:57:48.0559 AM
[ReportManager] Successfully Opened [GoogleChrome]. @28-04-2021 11:57:48.0823 AM
[ReportManager] Target URL: [https://www.google.com/ncr], and after redirection: [www.google.com] @28-04-2021 11:57:48.0834 AM
[ReportManager] Initial URL: [data:,] @28-04-2021 11:57:48.0874 AM
[ReportManager] Browser Action [navigateToURL] successfully performed. With the following test data [https://www.google.com/ncr]. @28-04-2021 11:57:49.0718 A

################################################################################################################################################
Starting Execution:	[81 out of 137] test cases in the current suite
Test Method:		[unitTests.tests_validations_assertions.assertElementAttribute_false_containsComparison_expectedToPass]
################################################################################################################################################
[ReportManager] Element Action [type] successfully performed. With the following test data [Automation123]. @28-04-2021 11:57:50.0267 AM
[ReportManager] Element Action [getText] successfully performed. With the following test data [Automation123]. @28-04-2021 11:57:50.0362 AM
[ReportManager] Loaded Shared OpenCV @28-04-2021 11:57:50.0509 AM
[ReportManager] AssertElementAttribute PASSED; Expected [Value Should not be 'Automation1234' for the 'text' attribute, element locator 'By.name: q'] and Actual [Automation123]. Comparison Type [CONTAINS]. Validation Type [NEGATIVE]. @28-04-2021 11:57:50.0587 AM
[ReportManager] Successfully created attachment [Screenshot - 1619611070509_assertElementAttribute_false_containsComparison_expectedToPass_AssertElementAttribute_passed] @28-04-2021 11:57:50.0588 A
[ReportManager] Successfully created attachment [Selenium WebDriver Logs - server] @28-04-2021 11:57:50.0669 AM
[ReportManager] Successfully created attachment [Selenium WebDriver Logs - performance] @28-04-2021 11:57:50.0759 AM
[ReportManager] Successfully created attachment [Selenium WebDriver Logs - driver] @28-04-2021 11:57:50.0897 AM
[ReportManager] Browser Action [closeCurrentWindow] successfully performed. @28-04-2021 11:57:50.0953 AM
[ReportManager] Successfully created attachment [Browser Action Test Data - closeCurrentWindow - Actual Value] @28-04-2021 11:57:50.0954 A
[ReportManager] File Action [getAbsolutePath] successfully performed. With the following test data [Relative Folder Path: "target/downloadedFiles/"]. @28-04-2021 11:57:50.0958 AM
[ReportManager] Attempting to run remotely on: [Linux-64], [GoogleChrome], [http://localhost:4444/wd/hub], Headless Execution. @28-04-2021 11:57:50.0958 AM
[ReportManager] Successfully Opened [GoogleChrome]. @28-04-2021 11:57:51.0197 AM
[ReportManager] Target URL: [https://www.google.com/ncr], and after redirection: [www.google.com] @28-04-2021 11:57:51.0214 AM
[ReportManager] Initial URL: [data:,] @28-04-2021 11:57:51.0276 AM
[ReportManager] Browser Action [navigateToURL] successfully performed. With the following test data [https://www.google.com/ncr]. @28-04-2021 11:57:52.0116 A

################################################################################################################################################
Starting Execution:	[82 out of 137] test cases in the current suite
Test Method:		[unitTests.tests_validations_assertions.assertElementAttribute_false_literalComparison_expectedToFail]
################################################################################################################################################
[ReportManager] Element Action [type] successfully performed. With the following test data [Automation!@#$%^&*()_+{}[]\';/.,]. @28-04-2021 11:57:53.0264 AM
[ReportManager] Element Action [getText] successfully performed. With the following test data [Automation!@#$%^&*()_+{}[]\';/.,]. @28-04-2021 11:57:53.0380 AM
[ReportManager] Loaded Shared OpenCV @28-04-2021 11:57:53.0550 AM
[ReportManager] AssertElementAttribute PASSED; Expected [Value Should not be 'Automation!@#$%^&*()_+{}[]\\';/.,' for the 'text' attribute, element locator 'By.name: q'] and Actual [Automation!@#$%^&*()_+{}[]\';/.,]. Comparison Type [EQUALS]. Validation Type [NEGATIVE]. @28-04-2021 11:57:53.0633 AM
[ReportManager] Successfully created attachment [Screenshot - 1619611073550_assertElementAttribute_false_literalComparison_expectedToFail_AssertElementAttribute_passed] @28-04-2021 11:57:53.0634 A
[ReportManager] Successfully created attachment [Selenium WebDriver Logs - server] @28-04-2021 11:57:53.0715 AM
[ReportManager] Successfully created attachment [Selenium WebDriver Logs - performance] @28-04-2021 11:57:53.0873 AM
[ReportManager] Successfully created attachment [Selenium WebDriver Logs - driver] @28-04-2021 11:57:54.0042 AM
[ReportManager] Browser Action [closeCurrentWindow] successfully performed. @28-04-2021 11:57:54.0106 AM
[ReportManager] Successfully created attachment [Browser Action Test Data - closeCurrentWindow - Actual Value] @28-04-2021 11:57:54.0107 A
[ReportManager] File Action [getAbsolutePath] successfully performed. With the following test data [Relative Folder Path: "target/downloadedFiles/"]. @28-04-2021 11:57:54.0109 AM
[ReportManager] Attempting to run remotely on: [Linux-64], [GoogleChrome], [http://localhost:4444/wd/hub], Headless Execution. @28-04-2021 11:57:54.0109 AM
[ReportManager] Successfully Opened [GoogleChrome]. @28-04-2021 11:57:54.0321 AM
[ReportManager] Target URL: [https://www.google.com/ncr], and after redirection: [www.google.com] @28-04-2021 11:57:54.0333 AM
[ReportManager] Initial URL: [data:,] @28-04-2021 11:57:54.0376 AM
[ReportManager] Browser Action [navigateToURL] successfully performed. With the following test data [https://www.google.com/ncr]. @28-04-2021 11:57:55.0331 A

################################################################################################################################################
Starting Execution:	[83 out of 137] test cases in the current suite
Test Method:		[unitTests.tests_validations_assertions.assertElementAttribute_false_literalComparison_expectedToPass]
################################################################################################################################################
[ReportManager] Element Action [type] successfully performed. With the following test data [Automation!@#$%^&*()_+{}[]\';/.,]. @28-04-2021 11:57:56.0460 AM
[ReportManager] Element Action [getText] successfully performed. With the following test data [Automation!@#$%^&*()_+{}[]\';/.,]. @28-04-2021 11:57:56.0563 AM
[ReportManager] Loaded Shared OpenCV @28-04-2021 11:57:56.0723 AM
[ReportManager] AssertElementAttribute PASSED; Expected [Value Should not be 'Automation' for the 'text' attribute, element locator 'By.name: q'] and Actual [Automation!@#$%^&*()_+{}[]\';/.,]. Comparison Type [EQUALS]. Validation Type [NEGATIVE]. @28-04-2021 11:57:56.0806 AM
[ReportManager] Successfully created attachment [Screenshot - 1619611076723_assertElementAttribute_false_literalComparison_expectedToPass_AssertElementAttribute_passed] @28-04-2021 11:57:56.0807 A
[ReportManager] Successfully created attachment [Selenium WebDriver Logs - server] @28-04-2021 11:57:56.0897 AM
[ReportManager] Successfully created attachment [Selenium WebDriver Logs - performance] @28-04-2021 11:57:57.0056 AM
[ReportManager] Successfully created attachment [Selenium WebDriver Logs - driver] @28-04-2021 11:57:57.0234 AM
[ReportManager] Browser Action [closeCurrentWindow] successfully performed. @28-04-2021 11:57:57.0292 AM
[ReportManager] Successfully created attachment [Browser Action Test Data - closeCurrentWindow - Actual Value] @28-04-2021 11:57:57.0294 A
[ReportManager] File Action [getAbsolutePath] successfully performed. With the following test data [Relative Folder Path: "target/downloadedFiles/"]. @28-04-2021 11:57:57.0297 AM
[ReportManager] Attempting to run remotely on: [Linux-64], [GoogleChrome], [http://localhost:4444/wd/hub], Headless Execution. @28-04-2021 11:57:57.0297 AM
[ReportManager] Successfully Opened [GoogleChrome]. @28-04-2021 11:57:57.0524 AM
[ReportManager] Target URL: [https://www.google.com/ncr], and after redirection: [www.google.com] @28-04-2021 11:57:57.0534 AM
[ReportManager] Initial URL: [data:,] @28-04-2021 11:57:57.0572 AM
[ReportManager] Browser Action [navigateToURL] successfully performed. With the following test data [https://www.google.com/ncr]. @28-04-2021 11:57:58.0422 A

################################################################################################################################################
Starting Execution:	[84 out of 137] test cases in the current suite
Test Method:		[unitTests.tests_validations_assertions.assertElementAttribute_false_regexComparison_expectedToFail]
################################################################################################################################################
[ReportManager] Element Action [type] successfully performed. With the following test data [Automation123]. @28-04-2021 11:57:58.0958 AM
[ReportManager] Element Action [getText] successfully performed. With the following test data [Automation123]. @28-04-2021 11:57:59.0058 AM
[ReportManager] Loaded Shared OpenCV @28-04-2021 11:57:59.0225 AM
[ReportManager] AssertElementAttribute FAILED; Expected [Value Should not be 'Automation.*' for the 'text' attribute, element locator 'By.name: q'] and Actual [Automation123]. Comparison Type [MATCHES]. Validation Type [NEGATIVE]. @28-04-2021 11:57:59.0304 AM
[ReportManager] Successfully created attachment [Screenshot - 1619611079225_assertElementAttribute_false_regexComparison_expectedToFail_AssertElementAttribute_failed] @28-04-2021 11:57:59.0304 A
[ReportManager] Successfully created attachment [Selenium WebDriver Logs - server] @28-04-2021 11:57:59.0384 AM
[ReportManager] Successfully created attachment [Selenium WebDriver Logs - performance] @28-04-2021 11:57:59.0476 AM
[ReportManager] Successfully created attachment [Selenium WebDriver Logs - driver] @28-04-2021 11:57:59.0601 AM
[ReportManager] Browser Action [closeCurrentWindow] successfully performed. @28-04-2021 11:57:59.0657 AM
[ReportManager] Successfully created attachment [Browser Action Test Data - closeCurrentWindow - Actual Value] @28-04-2021 11:57:59.0658 A
[ReportManager] File Action [getAbsolutePath] successfully performed. With the following test data [Relative Folder Path: "target/downloadedFiles/"]. @28-04-2021 11:57:59.0661 AM
[ReportManager] Attempting to run remotely on: [Linux-64], [GoogleChrome], [http://localhost:4444/wd/hub], Headless Execution. @28-04-2021 11:57:59.0661 AM
[ReportManager] Successfully Opened [GoogleChrome]. @28-04-2021 11:57:59.0877 AM
[ReportManager] Target URL: [https://www.google.com/ncr], and after redirection: [www.google.com] @28-04-2021 11:57:59.0888 AM
[ReportManager] Initial URL: [data:,] @28-04-2021 11:57:59.0942 AM
[ReportManager] Browser Action [navigateToURL] successfully performed. With the following test data [https://www.google.com/ncr]. @28-04-2021 11:58:00.0800 A

################################################################################################################################################
Starting Execution:	[85 out of 137] test cases in the current suite
Test Method:		[unitTests.tests_validations_assertions.assertElementAttribute_false_regexComparison_expectedToPass]
################################################################################################################################################
[ReportManager] Element Action [type] successfully performed. With the following test data [Automation123]. @28-04-2021 11:58:01.0363 AM
[ReportManager] Element Action [getText] successfully performed. With the following test data [Automation123]. @28-04-2021 11:58:01.0457 AM
[ReportManager] Loaded Shared OpenCV @28-04-2021 11:58:01.0610 AM
[ReportManager] AssertElementAttribute PASSED; Expected [Value Should not be 'Automation' for the 'text' attribute, element locator 'By.name: q'] and Actual [Automation123]. Comparison Type [MATCHES]. Validation Type [NEGATIVE]. @28-04-2021 11:58:01.0688 AM
[ReportManager] Successfully created attachment [Screenshot - 1619611081610_assertElementAttribute_false_regexComparison_expectedToPass_AssertElementAttribute_passed] @28-04-2021 11:58:01.0689 A
[ReportManager] Successfully created attachment [Selenium WebDriver Logs - server] @28-04-2021 11:58:01.0777 AM
[ReportManager] Successfully created attachment [Selenium WebDriver Logs - performance] @28-04-2021 11:58:01.0874 AM
[ReportManager] Successfully created attachment [Selenium WebDriver Logs - driver] @28-04-2021 11:58:02.0002 AM
[ReportManager] Browser Action [closeCurrentWindow] successfully performed. @28-04-2021 11:58:02.0058 AM
[ReportManager] Successfully created attachment [Browser Action Test Data - closeCurrentWindow - Actual Value] @28-04-2021 11:58:02.0059 A
[ReportManager] File Action [getAbsolutePath] successfully performed. With the following test data [Relative Folder Path: "target/downloadedFiles/"]. @28-04-2021 11:58:02.0062 AM
[ReportManager] Attempting to run remotely on: [Linux-64], [GoogleChrome], [http://localhost:4444/wd/hub], Headless Execution. @28-04-2021 11:58:02.0063 AM
[ReportManager] Successfully Opened [GoogleChrome]. @28-04-2021 11:58:02.0301 AM
[ReportManager] Target URL: [https://www.google.com/ncr], and after redirection: [www.google.com] @28-04-2021 11:58:02.0311 AM
[ReportManager] Initial URL: [data:,] @28-04-2021 11:58:02.0353 AM
[ReportManager] Browser Action [navigateToURL] successfully performed. With the following test data [https://www.google.com/ncr]. @28-04-2021 11:58:03.0191 A

################################################################################################################################################
Starting Execution:	[86 out of 137] test cases in the current suite
Test Method:		[unitTests.tests_validations_assertions.assertElementAttribute_true_caseInsensitiveComparison_expectedToFail]
################################################################################################################################################
[ReportManager] Element Action [type] successfully performed. With the following test data [AUTOMATION]. @28-04-2021 11:58:03.0714 AM
[ReportManager] Element Action [getText] successfully performed. With the following test data [AUTOMATION]. @28-04-2021 11:58:03.0808 AM
[ReportManager] Loaded Shared OpenCV @28-04-2021 11:58:03.0967 AM
[ReportManager] AssertElementAttribute FAILED; Expected [Value Should be 'AutomaTion123' for the 'text' attribute, element locator 'By.name: q'] and Actual [AUTOMATION]. Comparison Type [CASE_INSENSITIVE]. Validation Type [POSITIVE]. @28-04-2021 11:58:04.0049 AM
[ReportManager] Successfully created attachment [Screenshot - 1619611083967_assertElementAttribute_true_caseInsensitiveComparison_expectedToFail_AssertElementAttribute_failed] @28-04-2021 11:58:04.0050 A
[ReportManager] Successfully created attachment [Selenium WebDriver Logs - server] @28-04-2021 11:58:04.0126 AM
[ReportManager] Successfully created attachment [Selenium WebDriver Logs - performance] @28-04-2021 11:58:04.0201 AM
[ReportManager] Successfully created attachment [Selenium WebDriver Logs - driver] @28-04-2021 11:58:04.0336 AM
[ReportManager] Browser Action [closeCurrentWindow] successfully performed. @28-04-2021 11:58:04.0354 AM
[ReportManager] Successfully created attachment [Browser Action Test Data - closeCurrentWindow - Actual Value] @28-04-2021 11:58:04.0355 A
[ReportManager] File Action [getAbsolutePath] successfully performed. With the following test data [Relative Folder Path: "target/downloadedFiles/"]. @28-04-2021 11:58:04.0365 AM
[ReportManager] Attempting to run remotely on: [Linux-64], [GoogleChrome], [http://localhost:4444/wd/hub], Headless Execution. @28-04-2021 11:58:04.0365 AM
[ReportManager] Successfully Opened [GoogleChrome]. @28-04-2021 11:58:04.0626 AM
[ReportManager] Target URL: [https://www.google.com/ncr], and after redirection: [www.google.com] @28-04-2021 11:58:04.0636 AM
[ReportManager] Initial URL: [data:,] @28-04-2021 11:58:04.0675 AM
[ReportManager] Browser Action [navigateToURL] successfully performed. With the following test data [https://www.google.com/ncr]. @28-04-2021 11:58:05.0559 A

################################################################################################################################################
Starting Execution:	[87 out of 137] test cases in the current suite
Test Method:		[unitTests.tests_validations_assertions.assertElementAttribute_true_caseInsensitiveComparison_expectedToPass]
################################################################################################################################################
[ReportManager] Element Action [type] successfully performed. With the following test data [AUTOMATION]. @28-04-2021 11:58:06.0059 AM
[ReportManager] Element Action [getText] successfully performed. With the following test data [AUTOMATION]. @28-04-2021 11:58:06.0170 AM
[ReportManager] Loaded Shared OpenCV @28-04-2021 11:58:06.0316 AM
[ReportManager] AssertElementAttribute PASSED; Expected [Value Should be 'AutomaTion' for the 'text' attribute, element locator 'By.name: q'] and Actual [AUTOMATION]. Comparison Type [CASE_INSENSITIVE]. Validation Type [POSITIVE]. @28-04-2021 11:58:06.0398 AM
[ReportManager] Successfully created attachment [Screenshot - 1619611086316_assertElementAttribute_true_caseInsensitiveComparison_expectedToPass_AssertElementAttribute_passed] @28-04-2021 11:58:06.0399 A
[ReportManager] Successfully created attachment [Selenium WebDriver Logs - server] @28-04-2021 11:58:06.0483 AM
[ReportManager] Successfully created attachment [Selenium WebDriver Logs - performance] @28-04-2021 11:58:06.0566 AM
[ReportManager] Successfully created attachment [Selenium WebDriver Logs - driver] @28-04-2021 11:58:06.0689 AM
[ReportManager] Browser Action [closeCurrentWindow] successfully performed. @28-04-2021 11:58:06.0745 AM
[ReportManager] Successfully created attachment [Browser Action Test Data - closeCurrentWindow - Actual Value] @28-04-2021 11:58:06.0746 A
[ReportManager] File Action [getAbsolutePath] successfully performed. With the following test data [Relative Folder Path: "target/downloadedFiles/"]. @28-04-2021 11:58:06.0752 AM
[ReportManager] Attempting to run remotely on: [Linux-64], [GoogleChrome], [http://localhost:4444/wd/hub], Headless Execution. @28-04-2021 11:58:06.0752 AM
[ReportManager] Successfully Opened [GoogleChrome]. @28-04-2021 11:58:06.0969 AM
[ReportManager] Target URL: [https://www.google.com/ncr], and after redirection: [www.google.com] @28-04-2021 11:58:06.0978 AM
[ReportManager] Initial URL: [data:,] @28-04-2021 11:58:07.0024 AM
[ReportManager] Browser Action [navigateToURL] successfully performed. With the following test data [https://www.google.com/ncr]. @28-04-2021 11:58:07.0900 A

################################################################################################################################################
Starting Execution:	[88 out of 137] test cases in the current suite
Test Method:		[unitTests.tests_validations_assertions.assertElementAttribute_true_containsComparison_expectedToFail]
################################################################################################################################################
[ReportManager] Element Action [type] successfully performed. With the following test data [Automation123]. @28-04-2021 11:58:08.0431 AM
[ReportManager] Element Action [getText] successfully performed. With the following test data [Automation123]. @28-04-2021 11:58:08.0538 AM
[ReportManager] Loaded Shared OpenCV @28-04-2021 11:58:08.0708 AM
[ReportManager] AssertElementAttribute FAILED; Expected [Value Should be 'Automation1234' for the 'text' attribute, element locator 'By.name: q'] and Actual [Automation123]. Comparison Type [CONTAINS]. Validation Type [POSITIVE]. @28-04-2021 11:58:08.0787 AM
[ReportManager] Successfully created attachment [Screenshot - 1619611088708_assertElementAttribute_true_containsComparison_expectedToFail_AssertElementAttribute_failed] @28-04-2021 11:58:08.0788 A
[ReportManager] Successfully created attachment [Selenium WebDriver Logs - server] @28-04-2021 11:58:08.0872 AM
[ReportManager] Successfully created attachment [Selenium WebDriver Logs - performance] @28-04-2021 11:58:08.0970 AM
[ReportManager] Successfully created attachment [Selenium WebDriver Logs - driver] @28-04-2021 11:58:09.0103 AM
[ReportManager] Browser Action [closeCurrentWindow] successfully performed. @28-04-2021 11:58:09.0167 AM
[ReportManager] Successfully created attachment [Browser Action Test Data - closeCurrentWindow - Actual Value] @28-04-2021 11:58:09.0168 A
[ReportManager] File Action [getAbsolutePath] successfully performed. With the following test data [Relative Folder Path: "target/downloadedFiles/"]. @28-04-2021 11:58:09.0170 AM
[ReportManager] Attempting to run remotely on: [Linux-64], [GoogleChrome], [http://localhost:4444/wd/hub], Headless Execution. @28-04-2021 11:58:09.0170 AM
[ReportManager] Successfully Opened [GoogleChrome]. @28-04-2021 11:58:09.0394 AM
[ReportManager] Target URL: [https://www.google.com/ncr], and after redirection: [www.google.com] @28-04-2021 11:58:09.0405 AM
[ReportManager] Initial URL: [data:,] @28-04-2021 11:58:09.0441 AM
[ReportManager] Browser Action [navigateToURL] successfully performed. With the following test data [https://www.google.com/ncr]. @28-04-2021 11:58:10.0318 A

################################################################################################################################################
Starting Execution:	[89 out of 137] test cases in the current suite
Test Method:		[unitTests.tests_validations_assertions.assertElementAttribute_true_containsComparison_expectedToPass]
################################################################################################################################################
[ReportManager] Element Action [type] successfully performed. With the following test data [Automation123]. @28-04-2021 11:58:10.0871 AM
[ReportManager] Element Action [getText] successfully performed. With the following test data [Automation123]. @28-04-2021 11:58:10.0985 AM
[ReportManager] Loaded Shared OpenCV @28-04-2021 11:58:11.0124 AM
[ReportManager] AssertElementAttribute PASSED; Expected [Value Should be 'Automation' for the 'text' attribute, element locator 'By.name: q'] and Actual [Automation123]. Comparison Type [CONTAINS]. Validation Type [POSITIVE]. @28-04-2021 11:58:11.0203 AM
[ReportManager] Successfully created attachment [Screenshot - 1619611091124_assertElementAttribute_true_containsComparison_expectedToPass_AssertElementAttribute_passed] @28-04-2021 11:58:11.0203 A
[ReportManager] Successfully created attachment [Selenium WebDriver Logs - server] @28-04-2021 11:58:11.0287 AM
[ReportManager] Successfully created attachment [Selenium WebDriver Logs - performance] @28-04-2021 11:58:11.0381 AM
[ReportManager] Successfully created attachment [Selenium WebDriver Logs - driver] @28-04-2021 11:58:11.0508 AM
[ReportManager] Browser Action [closeCurrentWindow] successfully performed. @28-04-2021 11:58:11.0564 AM
[ReportManager] Successfully created attachment [Browser Action Test Data - closeCurrentWindow - Actual Value] @28-04-2021 11:58:11.0565 A
[ReportManager] File Action [getAbsolutePath] successfully performed. With the following test data [Relative Folder Path: "target/downloadedFiles/"]. @28-04-2021 11:58:11.0568 AM
[ReportManager] Attempting to run remotely on: [Linux-64], [GoogleChrome], [http://localhost:4444/wd/hub], Headless Execution. @28-04-2021 11:58:11.0569 AM
[ReportManager] Successfully Opened [GoogleChrome]. @28-04-2021 11:58:11.0771 AM
[ReportManager] Target URL: [https://www.google.com/ncr], and after redirection: [www.google.com] @28-04-2021 11:58:11.0783 AM
[ReportManager] Initial URL: [data:,] @28-04-2021 11:58:11.0831 AM
[ReportManager] Browser Action [navigateToURL] successfully performed. With the following test data [https://www.google.com/ncr]. @28-04-2021 11:58:12.0670 A

################################################################################################################################################
Starting Execution:	[90 out of 137] test cases in the current suite
Test Method:		[unitTests.tests_validations_assertions.assertElementAttribute_true_literalComparison_expectedToFail]
################################################################################################################################################
[ReportManager] Element Action [type] successfully performed. With the following test data [Automation!@#$%^&*()_+{}[]\';/.,]. @28-04-2021 11:58:13.0806 AM
[ReportManager] Element Action [getText] successfully performed. With the following test data [Automation!@#$%^&*()_+{}[]\';/.,]. @28-04-2021 11:58:13.0911 AM
[ReportManager] Loaded Shared OpenCV @28-04-2021 11:58:14.0081 AM
[ReportManager] AssertElementAttribute FAILED; Expected [Value Should be 'Automation' for the 'text' attribute, element locator 'By.name: q'] and Actual [Automation!@#$%^&*()_+{}[]\';/.,]. Comparison Type [EQUALS]. Validation Type [POSITIVE]. @28-04-2021 11:58:14.0164 AM
[ReportManager] Successfully created attachment [Screenshot - 1619611094081_assertElementAttribute_true_literalComparison_expectedToFail_AssertElementAttribute_failed] @28-04-2021 11:58:14.0165 A
[ReportManager] Successfully created attachment [Selenium WebDriver Logs - server] @28-04-2021 11:58:14.0242 AM
[ReportManager] Successfully created attachment [Selenium WebDriver Logs - performance] @28-04-2021 11:58:14.0405 AM
[ReportManager] Successfully created attachment [Selenium WebDriver Logs - driver] @28-04-2021 11:58:14.0585 AM
[ReportManager] Browser Action [closeCurrentWindow] successfully performed. @28-04-2021 11:58:14.0641 AM
[ReportManager] Successfully created attachment [Browser Action Test Data - closeCurrentWindow - Actual Value] @28-04-2021 11:58:14.0642 A
[ReportManager] File Action [getAbsolutePath] successfully performed. With the following test data [Relative Folder Path: "target/downloadedFiles/"]. @28-04-2021 11:58:14.0647 AM
[ReportManager] Attempting to run remotely on: [Linux-64], [GoogleChrome], [http://localhost:4444/wd/hub], Headless Execution. @28-04-2021 11:58:14.0647 AM
[ReportManager] Successfully Opened [GoogleChrome]. @28-04-2021 11:58:14.0902 AM
[ReportManager] Target URL: [https://www.google.com/ncr], and after redirection: [www.google.com] @28-04-2021 11:58:14.0912 AM
[ReportManager] Initial URL: [data:,] @28-04-2021 11:58:14.0961 AM
[ReportManager] Browser Action [navigateToURL] successfully performed. With the following test data [https://www.google.com/ncr]. @28-04-2021 11:58:15.0854 A

################################################################################################################################################
Starting Execution:	[91 out of 137] test cases in the current suite
Test Method:		[unitTests.tests_validations_assertions.assertElementAttribute_true_literalComparison_expectedToPass]
################################################################################################################################################
[ReportManager] Element Action [type] successfully performed. With the following test data [Automation!@#$%^&*()_+{}[]\';/.,]. @28-04-2021 11:58:17.0048 AM
[ReportManager] Element Action [getText] successfully performed. With the following test data [Automation!@#$%^&*()_+{}[]\';/.,]. @28-04-2021 11:58:17.0147 AM
[ReportManager] Loaded Shared OpenCV @28-04-2021 11:58:17.0319 AM
[ReportManager] AssertElementAttribute PASSED; Expected [Value Should be 'Automation!@#$%^&*()_+{}[]\';/.,' for the 'text' attribute, element locator 'By.name: q'] and Actual [Automation!@#$%^&*()_+{}[]\';/.,]. Comparison Type [EQUALS]. Validation Type [POSITIVE]. @28-04-2021 11:58:17.0402 AM
[ReportManager] Successfully created attachment [Screenshot - 1619611097319_assertElementAttribute_true_literalComparison_expectedToPass_AssertElementAttribute_passed] @28-04-2021 11:58:17.0402 A
[ReportManager] Successfully created attachment [Selenium WebDriver Logs - server] @28-04-2021 11:58:17.0482 AM
[ReportManager] Successfully created attachment [Selenium WebDriver Logs - performance] @28-04-2021 11:58:17.0648 AM
[ReportManager] Successfully created attachment [Selenium WebDriver Logs - driver] @28-04-2021 11:58:17.0824 AM
[ReportManager] Browser Action [closeCurrentWindow] successfully performed. @28-04-2021 11:58:17.0881 AM
[ReportManager] Successfully created attachment [Browser Action Test Data - closeCurrentWindow - Actual Value] @28-04-2021 11:58:17.0881 A
[ReportManager] File Action [getAbsolutePath] successfully performed. With the following test data [Relative Folder Path: "target/downloadedFiles/"]. @28-04-2021 11:58:17.0884 AM
[ReportManager] Attempting to run remotely on: [Linux-64], [GoogleChrome], [http://localhost:4444/wd/hub], Headless Execution. @28-04-2021 11:58:17.0885 AM
[ReportManager] Successfully Opened [GoogleChrome]. @28-04-2021 11:58:18.0108 AM
[ReportManager] Target URL: [https://www.google.com/ncr], and after redirection: [www.google.com] @28-04-2021 11:58:18.0119 AM
[ReportManager] Initial URL: [data:,] @28-04-2021 11:58:18.0162 AM
[ReportManager] Browser Action [navigateToURL] successfully performed. With the following test data [https://www.google.com/ncr]. @28-04-2021 11:58:19.0033 A

################################################################################################################################################
Starting Execution:	[92 out of 137] test cases in the current suite
Test Method:		[unitTests.tests_validations_assertions.assertElementAttribute_true_regexComparison_expectedToFail]
################################################################################################################################################
[ReportManager] Element Action [type] successfully performed. With the following test data [Automation123]. @28-04-2021 11:58:19.0612 AM
[ReportManager] Element Action [getText] successfully performed. With the following test data [Automation123]. @28-04-2021 11:58:19.0720 AM
[ReportManager] Loaded Shared OpenCV @28-04-2021 11:58:19.0875 AM
[ReportManager] AssertElementAttribute FAILED; Expected [Value Should be 'Automation' for the 'text' attribute, element locator 'By.name: q'] and Actual [Automation123]. Comparison Type [MATCHES]. Validation Type [POSITIVE]. @28-04-2021 11:58:19.0958 AM
[ReportManager] Successfully created attachment [Screenshot - 1619611099875_assertElementAttribute_true_regexComparison_expectedToFail_AssertElementAttribute_failed] @28-04-2021 11:58:19.0959 A
[ReportManager] Successfully created attachment [Selenium WebDriver Logs - server] @28-04-2021 11:58:20.0037 AM
[ReportManager] Successfully created attachment [Selenium WebDriver Logs - performance] @28-04-2021 11:58:20.0130 AM
[ReportManager] Successfully created attachment [Selenium WebDriver Logs - driver] @28-04-2021 11:58:20.0255 AM
[ReportManager] Browser Action [closeCurrentWindow] successfully performed. @28-04-2021 11:58:20.0311 AM
[ReportManager] Successfully created attachment [Browser Action Test Data - closeCurrentWindow - Actual Value] @28-04-2021 11:58:20.0312 A
[ReportManager] File Action [getAbsolutePath] successfully performed. With the following test data [Relative Folder Path: "target/downloadedFiles/"]. @28-04-2021 11:58:20.0316 AM
[ReportManager] Attempting to run remotely on: [Linux-64], [GoogleChrome], [http://localhost:4444/wd/hub], Headless Execution. @28-04-2021 11:58:20.0317 AM
[ReportManager] Successfully Opened [GoogleChrome]. @28-04-2021 11:58:20.0528 AM
[ReportManager] Target URL: [https://www.google.com/ncr], and after redirection: [www.google.com] @28-04-2021 11:58:20.0547 AM
[ReportManager] Initial URL: [data:,] @28-04-2021 11:58:20.0596 AM
[ReportManager] Browser Action [navigateToURL] successfully performed. With the following test data [https://www.google.com/ncr]. @28-04-2021 11:58:21.0466 A

################################################################################################################################################
Starting Execution:	[93 out of 137] test cases in the current suite
Test Method:		[unitTests.tests_validations_assertions.assertElementAttribute_true_regexComparison_expectedToPass]
################################################################################################################################################
[ReportManager] Element Action [type] successfully performed. With the following test data [Automation123]. @28-04-2021 11:58:22.0019 AM
[ReportManager] Element Action [getText] successfully performed. With the following test data [Automation123]. @28-04-2021 11:58:22.0137 AM
[ReportManager] Loaded Shared OpenCV @28-04-2021 11:58:22.0307 AM
[ReportManager] AssertElementAttribute PASSED; Expected [Value Should be 'Automation.*' for the 'text' attribute, element locator 'By.name: q'] and Actual [Automation123]. Comparison Type [MATCHES]. Validation Type [POSITIVE]. @28-04-2021 11:58:22.0388 AM
[ReportManager] Successfully created attachment [Screenshot - 1619611102307_assertElementAttribute_true_regexComparison_expectedToPass_AssertElementAttribute_passed] @28-04-2021 11:58:22.0389 A
[ReportManager] Successfully created attachment [Selenium WebDriver Logs - server] @28-04-2021 11:58:22.0474 AM
[ReportManager] Successfully created attachment [Selenium WebDriver Logs - performance] @28-04-2021 11:58:22.0564 AM
[ReportManager] Successfully created attachment [Selenium WebDriver Logs - driver] @28-04-2021 11:58:22.0693 AM
[ReportManager] Browser Action [closeCurrentWindow] successfully performed. @28-04-2021 11:58:22.0750 AM
[ReportManager] Successfully created attachment [Browser Action Test Data - closeCurrentWindow - Actual Value] @28-04-2021 11:58:22.0751 A
[ReportManager] File Action [getAbsolutePath] successfully performed. With the following test data [Relative Folder Path: "target/downloadedFiles/"]. @28-04-2021 11:58:22.0754 AM
[ReportManager] Attempting to run remotely on: [Linux-64], [GoogleChrome], [http://localhost:4444/wd/hub], Headless Execution. @28-04-2021 11:58:22.0755 AM
[ReportManager] Successfully Opened [GoogleChrome]. @28-04-2021 11:58:22.0982 AM
[ReportManager] Target URL: [https://www.google.com/ncr], and after redirection: [www.google.com] @28-04-2021 11:58:22.0997 AM
[ReportManager] Initial URL: [data:,] @28-04-2021 11:58:23.0038 AM
[ReportManager] Browser Action [navigateToURL] successfully performed. With the following test data [https://www.google.com/ncr]. @28-04-2021 11:58:23.0875 A

################################################################################################################################################
Starting Execution:	[94 out of 137] test cases in the current suite
Test Method:		[unitTests.tests_validations_assertions.assertElementAttribute_type_true_literalComparison_expectedToPass]
################################################################################################################################################
[ReportManager] Element Action [type] successfully performed. With the following test data [Automation!@#$%^&*()_+{}[]\';/.,]. @28-04-2021 11:58:25.0050 AM
[ReportManager] Element Action [getText] successfully performed. With the following test data [Automation!@#$%^&*()_+{}[]\';/.,]. @28-04-2021 11:58:25.0186 AM
[ReportManager] Loaded Shared OpenCV @28-04-2021 11:58:25.0354 AM
[ReportManager] AssertElementAttribute PASSED; Expected [Value Should be 'Automation!@#$%^&*()_+{}[]\';/.,' for the 'text' attribute, element locator 'By.name: q'] and Actual [Automation!@#$%^&*()_+{}[]\';/.,]. Comparison Type [EQUALS]. Validation Type [POSITIVE]. @28-04-2021 11:58:25.0437 AM
[ReportManager] Successfully created attachment [Screenshot - 1619611105354_assertElementAttribute_type_true_literalComparison_expectedToPass_AssertElementAttribute_passed] @28-04-2021 11:58:25.0438 A
[ReportManager] Successfully created attachment [Selenium WebDriver Logs - server] @28-04-2021 11:58:25.0512 AM
[ReportManager] Successfully created attachment [Selenium WebDriver Logs - performance] @28-04-2021 11:58:25.0675 AM
[ReportManager] Successfully created attachment [Selenium WebDriver Logs - driver] @28-04-2021 11:58:25.0840 AM
[ReportManager] Browser Action [closeCurrentWindow] successfully performed. @28-04-2021 11:58:25.0901 AM
[ReportManager] Successfully created attachment [Browser Action Test Data - closeCurrentWindow - Actual Value] @28-04-2021 11:58:25.0902 A
[ReportManager] File Action [getAbsolutePath] successfully performed. With the following test data [Relative Folder Path: "target/downloadedFiles/"]. @28-04-2021 11:58:25.0904 AM
[ReportManager] Attempting to run remotely on: [Linux-64], [GoogleChrome], [http://localhost:4444/wd/hub], Headless Execution. @28-04-2021 11:58:25.0904 AM
[ReportManager] Successfully Opened [GoogleChrome]. @28-04-2021 11:58:26.0117 AM
[ReportManager] Target URL: [https://www.google.com/ncr], and after redirection: [www.google.com] @28-04-2021 11:58:26.0128 AM
[ReportManager] Initial URL: [data:,] @28-04-2021 11:58:26.0165 AM
[ReportManager] Browser Action [navigateToURL] successfully performed. With the following test data [https://www.google.com/ncr]. @28-04-2021 11:58:27.0002 A

################################################################################################################################################
Starting Execution:	[95 out of 137] test cases in the current suite
Test Method:		[unitTests.tests_validations_assertions.assertElementExists_false_expectedToFail]
################################################################################################################################################
[ReportManager] AssertElementExists PASSED; Expected [Element Should not Exist, locator 'By.id: hplogo'] and Actual [Element Doesn't Exists]. Comparison Type [EQUALS]. Validation Type [NEGATIVE]. @28-04-2021 11:58:37.0388 AM
[ReportManager] Successfully created attachment [Screenshot - 1619611117324_assertElementExists_false_expectedToFail_AssertElementExists_passed] @28-04-2021 11:58:37.0389 A
[ReportManager] Successfully created attachment [Selenium WebDriver Logs - server] @28-04-2021 11:58:37.0484 AM
[ReportManager] Successfully created attachment [Selenium WebDriver Logs - performance] @28-04-2021 11:58:37.0516 AM
[ReportManager] Successfully created attachment [Selenium WebDriver Logs - driver] @28-04-2021 11:58:37.0595 AM
[ReportManager] Browser Action [closeCurrentWindow] successfully performed. @28-04-2021 11:58:37.0651 AM
[ReportManager] Successfully created attachment [Browser Action Test Data - closeCurrentWindow - Actual Value] @28-04-2021 11:58:37.0652 A
[ReportManager] File Action [getAbsolutePath] successfully performed. With the following test data [Relative Folder Path: "target/downloadedFiles/"]. @28-04-2021 11:58:37.0654 AM
[ReportManager] Attempting to run remotely on: [Linux-64], [GoogleChrome], [http://localhost:4444/wd/hub], Headless Execution. @28-04-2021 11:58:37.0655 AM
[ReportManager] Successfully Opened [GoogleChrome]. @28-04-2021 11:58:37.0873 AM
[ReportManager] Target URL: [https://www.google.com/ncr], and after redirection: [www.google.com] @28-04-2021 11:58:37.0887 AM
[ReportManager] Initial URL: [data:,] @28-04-2021 11:58:37.0924 AM
[ReportManager] Browser Action [navigateToURL] successfully performed. With the following test data [https://www.google.com/ncr]. @28-04-2021 11:58:38.0790 A

################################################################################################################################################
Starting Execution:	[96 out of 137] test cases in the current suite
Test Method:		[unitTests.tests_validations_assertions.assertElementExists_false_expectedToPass]
################################################################################################################################################
[ReportManager] AssertElementExists PASSED; Expected [Element Should not Exist, locator 'By.id: fakeElement'] and Actual [Element Doesn't Exists]. Comparison Type [EQUALS]. Validation Type [NEGATIVE]. @28-04-2021 11:58:49.0176 AM
[ReportManager] Successfully created attachment [Screenshot - 1619611129113_assertElementExists_false_expectedToPass_AssertElementExists_passed] @28-04-2021 11:58:49.0177 A
[ReportManager] Successfully created attachment [Selenium WebDriver Logs - server] @28-04-2021 11:58:49.0255 AM
[ReportManager] Successfully created attachment [Selenium WebDriver Logs - performance] @28-04-2021 11:58:49.0288 AM
[ReportManager] Successfully created attachment [Selenium WebDriver Logs - driver] @28-04-2021 11:58:49.0365 AM
[ReportManager] Browser Action [closeCurrentWindow] successfully performed. @28-04-2021 11:58:49.0426 AM
[ReportManager] Successfully created attachment [Browser Action Test Data - closeCurrentWindow - Actual Value] @28-04-2021 11:58:49.0427 A
[ReportManager] File Action [getAbsolutePath] successfully performed. With the following test data [Relative Folder Path: "target/downloadedFiles/"]. @28-04-2021 11:58:49.0431 AM
[ReportManager] Attempting to run remotely on: [Linux-64], [GoogleChrome], [http://localhost:4444/wd/hub], Headless Execution. @28-04-2021 11:58:49.0432 AM
[ReportManager] Successfully Opened [GoogleChrome]. @28-04-2021 11:58:49.0649 AM
[ReportManager] Target URL: [https://www.google.com/ncr], and after redirection: [www.google.com] @28-04-2021 11:58:49.0658 AM
[ReportManager] Initial URL: [data:,] @28-04-2021 11:58:49.0695 AM
[ReportManager] Browser Action [navigateToURL] successfully performed. With the following test data [https://www.google.com/ncr]. @28-04-2021 11:58:50.0542 A

################################################################################################################################################
Starting Execution:	[97 out of 137] test cases in the current suite
Test Method:		[unitTests.tests_validations_assertions.assertElementExists_false_multipleElementsFound_expectedToFail]
################################################################################################################################################
[ReportManager] AssertElementExists FAILED; Expected [Element Should not Exist, locator 'By.xpath: //div'] and Actual [Element Exists but is not unique]. Comparison Type [EQUALS]. Validation Type [NEGATIVE]. @28-04-2021 11:58:50.0786 AM
[ReportManager] Successfully created attachment [Screenshot - 1619611130722_assertElementExists_false_multipleElementsFound_expectedToFail_AssertElementExists_failed] @28-04-2021 11:58:50.0786 A
[ReportManager] Successfully created attachment [Selenium WebDriver Logs - server] @28-04-2021 11:58:50.0868 AM
[ReportManager] Successfully created attachment [Selenium WebDriver Logs - performance] @28-04-2021 11:58:50.0904 AM
[ReportManager] Successfully created attachment [Selenium WebDriver Logs - driver] @28-04-2021 11:58:50.0976 AM
[ReportManager] Browser Action [closeCurrentWindow] successfully performed. @28-04-2021 11:58:51.0038 AM
[ReportManager] Successfully created attachment [Browser Action Test Data - closeCurrentWindow - Actual Value] @28-04-2021 11:58:51.0040 A
[ReportManager] File Action [getAbsolutePath] successfully performed. With the following test data [Relative Folder Path: "target/downloadedFiles/"]. @28-04-2021 11:58:51.0044 AM
[ReportManager] Attempting to run remotely on: [Linux-64], [GoogleChrome], [http://localhost:4444/wd/hub], Headless Execution. @28-04-2021 11:58:51.0044 AM
[ReportManager] Successfully Opened [GoogleChrome]. @28-04-2021 11:58:51.0241 AM
[ReportManager] Target URL: [https://www.google.com/ncr], and after redirection: [www.google.com] @28-04-2021 11:58:51.0255 AM
[ReportManager] Initial URL: [data:,] @28-04-2021 11:58:51.0293 AM
[ReportManager] Browser Action [navigateToURL] successfully performed. With the following test data [https://www.google.com/ncr]. @28-04-2021 11:58:52.0156 A

################################################################################################################################################
Starting Execution:	[98 out of 137] test cases in the current suite
Test Method:		[unitTests.tests_validations_assertions.assertElementExists_true_expectedToFail]
################################################################################################################################################
[ReportManager] AssertElementExists FAILED; Expected [Element Should Exist, locator 'By.id: fakeElement'] and Actual [Element Doesn't Exists]. Comparison Type [EQUALS]. Validation Type [POSITIVE]. @28-04-2021 11:59:22.0844 AM
[ReportManager] Successfully created attachment [Screenshot - 1619611162775_assertElementExists_true_expectedToFail_AssertElementExists_failed] @28-04-2021 11:59:22.0845 A
[ReportManager] Successfully created attachment [Selenium WebDriver Logs - server] @28-04-2021 11:59:22.0927 AM
[ReportManager] Successfully created attachment [Selenium WebDriver Logs - performance] @28-04-2021 11:59:22.0960 AM
[ReportManager] Successfully created attachment [Selenium WebDriver Logs - driver] @28-04-2021 11:59:23.0078 AM
[ReportManager] Browser Action [closeCurrentWindow] successfully performed. @28-04-2021 11:59:23.0136 AM
[ReportManager] Successfully created attachment [Browser Action Test Data - closeCurrentWindow - Actual Value] @28-04-2021 11:59:23.0138 A
[ReportManager] File Action [getAbsolutePath] successfully performed. With the following test data [Relative Folder Path: "target/downloadedFiles/"]. @28-04-2021 11:59:23.0140 AM
[ReportManager] Attempting to run remotely on: [Linux-64], [GoogleChrome], [http://localhost:4444/wd/hub], Headless Execution. @28-04-2021 11:59:23.0140 AM
[ReportManager] Successfully Opened [GoogleChrome]. @28-04-2021 11:59:23.0364 AM
[ReportManager] Target URL: [https://www.google.com/ncr], and after redirection: [www.google.com] @28-04-2021 11:59:23.0374 AM
[ReportManager] Initial URL: [data:,] @28-04-2021 11:59:23.0415 AM
[ReportManager] Browser Action [navigateToURL] successfully performed. With the following test data [https://www.google.com/ncr]. @28-04-2021 11:59:24.0254 A

################################################################################################################################################
Starting Execution:	[99 out of 137] test cases in the current suite
Test Method:		[unitTests.tests_validations_assertions.assertElementExists_true_expectedToPass]
################################################################################################################################################
[ReportManager] Loaded Shared OpenCV @28-04-2021 11:59:24.0456 AM
[ReportManager] AssertElementExists PASSED; Expected [Element Should Exist, locator 'By.xpath: //img[@id='hplogo' or @alt='Google']'] and Actual [Element Exists]. Comparison Type [EQUALS]. Validation Type [POSITIVE]. @28-04-2021 11:59:24.0534 AM
[ReportManager] Successfully created attachment [Screenshot - 1619611164456_assertElementExists_true_expectedToPass_AssertElementExists_passed] @28-04-2021 11:59:24.0535 A
[ReportManager] Successfully created attachment [Selenium WebDriver Logs - server] @28-04-2021 11:59:24.0610 AM
[ReportManager] Successfully created attachment [Selenium WebDriver Logs - performance] @28-04-2021 11:59:24.0643 AM
[ReportManager] Successfully created attachment [Selenium WebDriver Logs - driver] @28-04-2021 11:59:24.0718 AM
[ReportManager] Browser Action [closeCurrentWindow] successfully performed. @28-04-2021 11:59:24.0777 AM
[ReportManager] Successfully created attachment [Browser Action Test Data - closeCurrentWindow - Actual Value] @28-04-2021 11:59:24.0778 A
[ReportManager] File Action [getAbsolutePath] successfully performed. With the following test data [Relative Folder Path: "target/downloadedFiles/"]. @28-04-2021 11:59:24.0780 AM
[ReportManager] Attempting to run remotely on: [Linux-64], [GoogleChrome], [http://localhost:4444/wd/hub], Headless Execution. @28-04-2021 11:59:24.0780 AM
[ReportManager] Successfully Opened [GoogleChrome]. @28-04-2021 11:59:24.0999 AM
[ReportManager] Target URL: [https://www.google.com/ncr], and after redirection: [www.google.com] @28-04-2021 11:59:25.0012 AM
[ReportManager] Initial URL: [data:,] @28-04-2021 11:59:25.0051 AM
[ReportManager] Browser Action [navigateToURL] successfully performed. With the following test data [https://www.google.com/ncr]. @28-04-2021 11:59:25.0918 A

################################################################################################################################################
Starting Execution:	[100 out of 137] test cases in the current suite
Test Method:		[unitTests.tests_validations_assertions.assertElementExists_true_multipleElementsFound_expectedToFail]
################################################################################################################################################
[ReportManager] AssertElementExists FAILED; Expected [Element Should Exist, locator 'By.xpath: //div'] and Actual [Element Exists but is not unique]. Comparison Type [EQUALS]. Validation Type [POSITIVE]. @28-04-2021 11:59:26.0173 AM
[ReportManager] Successfully created attachment [Screenshot - 1619611166104_assertElementExists_true_multipleElementsFound_expectedToFail_AssertElementExists_failed] @28-04-2021 11:59:26.0174 A
[ReportManager] Successfully created attachment [Selenium WebDriver Logs - server] @28-04-2021 11:59:26.0253 AM
[ReportManager] Successfully created attachment [Selenium WebDriver Logs - performance] @28-04-2021 11:59:26.0286 AM
[ReportManager] Successfully created attachment [Selenium WebDriver Logs - driver] @28-04-2021 11:59:26.0358 AM
[ReportManager] Browser Action [closeCurrentWindow] successfully performed. @28-04-2021 11:59:26.0416 AM
[ReportManager] Successfully created attachment [Browser Action Test Data - closeCurrentWindow - Actual Value] @28-04-2021 11:59:26.0417 A

################################################################################################################################################
Starting Execution:	[101 out of 137] test cases in the current suite
Test Method:		[unitTests.tests_validations_assertions.assertEquals_false_expectedToFail]
################################################################################################################################################
[ReportManager] AssertEquals FAILED; Expected [1] and Actual [1]. Comparison Type [EQUALS]. Validation Type [NEGATIVE]. @28-04-2021 11:59:26.0420 A

################################################################################################################################################
Starting Execution:	[102 out of 137] test cases in the current suite
Test Method:		[unitTests.tests_validations_assertions.assertEquals_false_expectedToPass]
################################################################################################################################################
[ReportManager] AssertEquals PASSED; Expected [1] and Actual [2]. Comparison Type [EQUALS]. Validation Type [NEGATIVE]. @28-04-2021 11:59:26.0424 A

################################################################################################################################################
Starting Execution:	[103 out of 137] test cases in the current suite
Test Method:		[unitTests.tests_validations_assertions.assertEquals_longCharacters]
################################################################################################################################################
[ReportManager] VerifyEquals PASSED; Expected and Actual values are attached. Comparison Type [EQUALS]. Validation Type [POSITIVE]. @28-04-2021 11:59:26.0426 AM
[ReportManager] Successfully created attachment [Validation Test Data - Expected Value] @28-04-2021 11:59:26.0426 AM
[ReportManager] Successfully created attachment [Validation Test Data - Actual Value] @28-04-2021 11:59:26.0427 AM
[ReportManager] AssertEquals PASSED; Expected and Actual values are attached. Comparison Type [EQUALS]. Validation Type [POSITIVE]. @28-04-2021 11:59:26.0427 AM
[ReportManager] Successfully created attachment [Validation Test Data - Expected Value] @28-04-2021 11:59:26.0427 AM
[ReportManager] Successfully created attachment [Validation Test Data - Actual Value] @28-04-2021 11:59:26.0427 A

################################################################################################################################################
Starting Execution:	[104 out of 137] test cases in the current suite
Test Method:		[unitTests.tests_validations_assertions.assertEquals_longCharacters_Discreet]
################################################################################################################################################
[ReportManager] AssertEquals PASSED; Expected [1LH5pROcDBjjQk0t0mCr0lXuzQu9lcGj28kY8R1H81X67eVAQJgWQhILiRWVPUgZ6uCtK5cnBkF55Jr9vYngjGO1Iyf0Mktv6lruDlL9T8MAUPcUZJGHZtji6nIeadujDSNmWMj5d6C8zlFqw0CRqBU0hO5adIasHgBSNoLotAjce3NGXoDwAlp3rYreeV16VIyZXROQY] and Actual [1LH5pROcDBjjQk0t0mCr0lXuzQu9lcGj28kY8R1H81X67eVAQJgWQhILiRWVPUgZ6uCtK5cnBkF55Jr9vYngjGO1Iyf0Mktv6lruDlL9T8MAUPcUZJGHZtji6nIeadujDSNmWMj5d6C8zlFqw0CRqBU0hO5adIasHgBSNoLotAjce3NGXoDwAlp3rYreeV16VIyZXROQY]. Comparison Type [EQUALS]. Validation Type [POSITIVE]. @28-04-2021 11:59:26.0430 A

################################################################################################################################################
Starting Execution:	[105 out of 137] test cases in the current suite
Test Method:		[unitTests.tests_validations_assertions.assertEquals_true_expectedToFail]
################################################################################################################################################
[ReportManager] AssertEquals FAILED; Expected [1] and Actual [2]. Comparison Type [EQUALS]. Validation Type [POSITIVE]. @28-04-2021 11:59:26.0432 A

################################################################################################################################################
Starting Execution:	[106 out of 137] test cases in the current suite
Test Method:		[unitTests.tests_validations_assertions.assertEquals_true_expectedToPass]
Test Description:	[Assert that assertEquals works as expected when the two values are equal.]
################################################################################################################################################
[ReportManager] VerifyEquals PASSED; Expected [1] and Actual [1]. Comparison Type [EQUALS]. Validation Type [POSITIVE]. @28-04-2021 11:59:26.0434 AM
[ReportManager] AssertEquals PASSED; Expected [1] and Actual [1]. Comparison Type [EQUALS]. Validation Type [POSITIVE]. @28-04-2021 11:59:26.0434 A

################################################################################################################################################
Starting Execution:	[107 out of 137] test cases in the current suite
Test Method:		[unitTests.tests_validations_assertions.assertEquals_true_expectedToPass__]
################################################################################################################################################
[ReportManager] AssertEquals PASSED; Expected [1] and Actual [1]. Comparison Type [EQUALS]. Validation Type [POSITIVE]. @28-04-2021 11:59:26.0436 A

################################################################################################################################################
Starting Execution:	[108 out of 137] test cases in the current suite
Test Method:		[unitTests.tests_validations_assertions.assertFileExists_false_expectedToFail]
################################################################################################################################################
[ReportManager] File Action [doesFileExist] successfully performed. With the following test data [File Path: "src/main/java/com/shaft/gui/element/ElementActions.java"]. @28-04-2021 11:59:26.0438 AM
[ReportManager] AssertFileExists FAILED; Expected [File 'src/main/java/com/shaft/gui/element/ElementActions.java' should not exist, after up to '1' retries] and Actual [File exists]. Validation Type [NEGATIVE]. @28-04-2021 11:59:26.0438 A

################################################################################################################################################
Starting Execution:	[109 out of 137] test cases in the current suite
Test Method:		[unitTests.tests_validations_assertions.assertFileExists_false_expectedToPass]
################################################################################################################################################
[ReportManager] File Action [doesFileExist] successfully performed. With the following test data [File Path: "src/main/java/com/shaft/gui/element/ElementActions.java_fail"]. @28-04-2021 11:59:26.0940 AM
[ReportManager] AssertFileExists PASSED; Expected [File 'src/main/java/com/shaft/gui/element/ElementActions.java_fail' should not exist, after up to '1' retries] and Actual [File does not exist]. Validation Type [NEGATIVE]. @28-04-2021 11:59:26.0940 A

################################################################################################################################################
Starting Execution:	[110 out of 137] test cases in the current suite
Test Method:		[unitTests.tests_validations_assertions.assertFileExists_true_expectedToFail]
################################################################################################################################################
[ReportManager] File Action [doesFileExist] successfully performed. With the following test data [File Path: "src/main/java/com/shaft/gui/element/ElementActions.java_fail"]. @28-04-2021 11:59:27.0444 AM
[ReportManager] AssertFileExists FAILED; Expected [File 'src/main/java/com/shaft/gui/element/ElementActions.java_fail' should exist, after up to '1' retries] and Actual [File does not exist]. Validation Type [POSITIVE]. @28-04-2021 11:59:27.0445 A

################################################################################################################################################
Starting Execution:	[111 out of 137] test cases in the current suite
Test Method:		[unitTests.tests_validations_assertions.assertFileExists_true_expectedToPass]
################################################################################################################################################
[ReportManager] File Action [doesFileExist] successfully performed. With the following test data [File Path: "src/main/java/com/shaft/gui/element/ElementActions.java"]. @28-04-2021 11:59:27.0447 AM
[ReportManager] AssertFileExists PASSED; Expected [File 'src/main/java/com/shaft/gui/element/ElementActions.java' should exist, after up to '1' retries] and Actual [File exists]. Validation Type [POSITIVE]. @28-04-2021 11:59:27.0448 A

################################################################################################################################################
Starting Execution:	[112 out of 137] test cases in the current suite
Test Method:		[unitTests.tests_validations_assertions.assertNull_false_expectedToFail]
################################################################################################################################################
[ReportManager] AssertNull FAILED; Expected [NULL] and Actual [NULL]. Comparison Type [EQUALS]. Validation Type [NEGATIVE]. @28-04-2021 11:59:27.0449 A

################################################################################################################################################
Starting Execution:	[113 out of 137] test cases in the current suite
Test Method:		[unitTests.tests_validations_assertions.assertNull_false_expectedToPass]
################################################################################################################################################
[ReportManager] AssertNull PASSED; Expected [NULL] and Actual [1]. Comparison Type [EQUALS]. Validation Type [NEGATIVE]. @28-04-2021 11:59:27.0457 A

################################################################################################################################################
Starting Execution:	[114 out of 137] test cases in the current suite
Test Method:		[unitTests.tests_validations_assertions.assertNull_true_expectedToFail]
################################################################################################################################################
[ReportManager] AssertNull FAILED; Expected [NULL] and Actual [1]. Comparison Type [EQUALS]. Validation Type [POSITIVE]. @28-04-2021 11:59:27.0459 A

################################################################################################################################################
Starting Execution:	[115 out of 137] test cases in the current suite
Test Method:		[unitTests.tests_validations_assertions.assertNull_true_expectedToPass]
################################################################################################################################################
[ReportManager] AssertNull PASSED; Expected [NULL] and Actual [NULL]. Comparison Type [EQUALS]. Validation Type [POSITIVE]. @28-04-2021 11:59:27.0463 A
[ReportManager] File Action [getAbsolutePath] successfully performed. With the following test data [Relative Folder Path: "target/downloadedFiles/"]. @28-04-2021 11:59:27.0464 AM
[ReportManager] Attempting to run remotely on: [Linux-64], [GoogleChrome], [http://localhost:4444/wd/hub], Headless Execution. @28-04-2021 11:59:27.0465 AM
[ReportManager] Successfully Opened [GoogleChrome]. @28-04-2021 11:59:27.0685 AM
[ReportManager] Target URL: [https://duckduckgo.com] @28-04-2021 11:59:27.0702 AM
[ReportManager] Initial URL: [data:,] @28-04-2021 11:59:27.0739 AM
[ReportManager] Browser Action [navigateToURL] successfully performed. With the following test data [https://duckduckgo.com]. @28-04-2021 11:59:28.0721 A

################################################################################################################################################
Starting Execution:	[116 out of 137] test cases in the current suite
Test Method:		[unitTests.tests_browserActions.fullScreenWindow]
################################################################################################################################################
[ReportManager] Initial Windows Size: 800x600 @28-04-2021 11:59:28.0730 AM
[ReportManager] Initial window size: (800, 600) @28-04-2021 11:59:28.0732 AM
[ReportManager] Window size after Toolkit: (1920, 1080) @28-04-2021 11:59:28.0950 AM
[ReportManager] Browser Action [maximizeWindow] successfully performed. With the following test data [New screen size is now: (1920, 1080)]. @28-04-2021 11:59:28.0952 AM
[ReportManager] Current Windows Size after fullScreen: 1920x1080 @28-04-2021 11:59:28.0956 AM
[ReportManager] Browser Action [fullScreenWindow] successfully performed. @28-04-2021 11:59:28.0972 AM
[ReportManager] Successfully created attachment [Browser Action Test Data - fullScreenWindow - Actual Value] @28-04-2021 11:59:28.0972 A
[ReportManager] Target URL: [https://duckduckgo.com] @28-04-2021 11:59:28.0976 AM
[ReportManager] Initial URL: [https://duckduckgo.com] @28-04-2021 11:59:29.0046 AM
[ReportManager] Browser Action [navigateToURL] successfully performed. With the following test data [https://duckduckgo.com]. @28-04-2021 11:59:29.0524 AM
[ReportManager] Successfully created attachment [Selenium WebDriver Logs - server] @28-04-2021 11:59:29.0576 AM
[ReportManager] Successfully created attachment [Selenium WebDriver Logs - performance] @28-04-2021 11:59:29.0686 AM
[ReportManager] Successfully created attachment [Selenium WebDriver Logs - driver] @28-04-2021 11:59:29.0840 AM
[ReportManager] Browser Action [closeCurrentWindow] successfully performed. @28-04-2021 11:59:29.0897 AM
[ReportManager] Successfully created attachment [Browser Action Test Data - closeCurrentWindow - Actual Value] @28-04-2021 11:59:29.0897 A
[ReportManager] File Action [getAbsolutePath] successfully performed. With the following test data [Relative Folder Path: "target/downloadedFiles/"]. @28-04-2021 11:59:29.0899 AM
[ReportManager] Attempting to run remotely on: [Linux-64], [GoogleChrome], [http://localhost:4444/wd/hub], Headless Execution. @28-04-2021 11:59:29.0899 AM
[ReportManager] Successfully Opened [GoogleChrome]. @28-04-2021 11:59:30.0121 AM
[ReportManager] Target URL: [https://duckduckgo.com] @28-04-2021 11:59:30.0130 AM
[ReportManager] Initial URL: [data:,] @28-04-2021 11:59:30.0169 AM
[ReportManager] Browser Action [navigateToURL] successfully performed. With the following test data [https://duckduckgo.com]. @28-04-2021 11:59:32.0284 A

################################################################################################################################################
Starting Execution:	[117 out of 137] test cases in the current suite
Test Method:		[unitTests.tests_browserActions.getCurrentURL]
################################################################################################################################################
[ReportManager] Browser Action [getCurrentURL] successfully performed. With the following test data [https://duckduckgo.com/]. @28-04-2021 11:59:32.0329 A
[ReportManager] Target URL: [https://duckduckgo.com] @28-04-2021 11:59:32.0330 AM
[ReportManager] Initial URL: [https://duckduckgo.com] @28-04-2021 11:59:32.0382 AM
[ReportManager] Browser Action [navigateToURL] successfully performed. With the following test data [https://duckduckgo.com]. @28-04-2021 11:59:33.0076 AM
[ReportManager] Successfully created attachment [Selenium WebDriver Logs - server] @28-04-2021 11:59:33.0123 AM
[ReportManager] Successfully created attachment [Selenium WebDriver Logs - performance] @28-04-2021 11:59:33.0236 AM
[ReportManager] Successfully created attachment [Selenium WebDriver Logs - driver] @28-04-2021 11:59:33.0390 AM
[ReportManager] Browser Action [closeCurrentWindow] successfully performed. @28-04-2021 11:59:33.0446 AM
[ReportManager] Successfully created attachment [Browser Action Test Data - closeCurrentWindow - Actual Value] @28-04-2021 11:59:33.0447 A
[ReportManager] File Action [getAbsolutePath] successfully performed. With the following test data [Relative Folder Path: "target/downloadedFiles/"]. @28-04-2021 11:59:33.0450 AM
[ReportManager] Attempting to run remotely on: [Linux-64], [GoogleChrome], [http://localhost:4444/wd/hub], Headless Execution. @28-04-2021 11:59:33.0450 AM
[ReportManager] Successfully Opened [GoogleChrome]. @28-04-2021 11:59:33.0662 AM
[ReportManager] Target URL: [https://duckduckgo.com] @28-04-2021 11:59:33.0672 AM
[ReportManager] Initial URL: [data:,] @28-04-2021 11:59:33.0711 AM
[ReportManager] Browser Action [navigateToURL] successfully performed. With the following test data [https://duckduckgo.com]. @28-04-2021 11:59:35.0643 A

################################################################################################################################################
Starting Execution:	[118 out of 137] test cases in the current suite
Test Method:		[unitTests.tests_browserActions.getCurrentWindowTitle]
################################################################################################################################################
[ReportManager] Browser Action [getCurrentWindowTitle] successfully performed. With the following test data [DuckDuckGo  Privacy, simplified.]. @28-04-2021 11:59:35.0693 A
[ReportManager] Target URL: [https://duckduckgo.com] @28-04-2021 11:59:35.0695 AM
[ReportManager] Initial URL: [https://duckduckgo.com] @28-04-2021 11:59:35.0759 AM
[ReportManager] Browser Action [navigateToURL] successfully performed. With the following test data [https://duckduckgo.com]. @28-04-2021 11:59:36.0407 AM
[ReportManager] Successfully created attachment [Selenium WebDriver Logs - server] @28-04-2021 11:59:36.0455 AM
[ReportManager] Successfully created attachment [Selenium WebDriver Logs - performance] @28-04-2021 11:59:36.0569 AM
[ReportManager] Successfully created attachment [Selenium WebDriver Logs - driver] @28-04-2021 11:59:36.0731 AM
[ReportManager] Browser Action [closeCurrentWindow] successfully performed. @28-04-2021 11:59:36.0787 AM
[ReportManager] Successfully created attachment [Browser Action Test Data - closeCurrentWindow - Actual Value] @28-04-2021 11:59:36.0787 A
[ReportManager] File Action [getAbsolutePath] successfully performed. With the following test data [Relative Folder Path: "target/downloadedFiles/"]. @28-04-2021 11:59:36.0791 AM
[ReportManager] Attempting to run remotely on: [Linux-64], [GoogleChrome], [http://localhost:4444/wd/hub], Headless Execution. @28-04-2021 11:59:36.0792 AM
[ReportManager] Successfully Opened [GoogleChrome]. @28-04-2021 11:59:36.0994 AM
[ReportManager] Target URL: [https://duckduckgo.com] @28-04-2021 11:59:37.0010 AM
[ReportManager] Initial URL: [data:,] @28-04-2021 11:59:37.0059 AM
[ReportManager] Browser Action [navigateToURL] successfully performed. With the following test data [https://duckduckgo.com]. @28-04-2021 11:59:38.0978 A

################################################################################################################################################
Starting Execution:	[119 out of 137] test cases in the current suite
Test Method:		[unitTests.tests_browserActions.getPageSource]
################################################################################################################################################
[ReportManager] Browser Action [getPageSource] successfully performed. @28-04-2021 11:59:39.0040 AM
[ReportManager] Successfully created attachment [Browser Action Test Data - getPageSource - Actual Value] @28-04-2021 11:59:39.0040 A
[ReportManager] Target URL: [https://duckduckgo.com] @28-04-2021 11:59:39.0043 AM
[ReportManager] Initial URL: [https://duckduckgo.com] @28-04-2021 11:59:39.0102 AM
[ReportManager] Browser Action [navigateToURL] successfully performed. With the following test data [https://duckduckgo.com]. @28-04-2021 11:59:39.0762 AM
[ReportManager] Successfully created attachment [Selenium WebDriver Logs - server] @28-04-2021 11:59:39.0811 AM
[ReportManager] Successfully created attachment [Selenium WebDriver Logs - performance] @28-04-2021 11:59:39.0936 AM
[ReportManager] Successfully created attachment [Selenium WebDriver Logs - driver] @28-04-2021 11:59:40.0088 AM
[ReportManager] Browser Action [closeCurrentWindow] successfully performed. @28-04-2021 11:59:40.0143 AM
[ReportManager] Successfully created attachment [Browser Action Test Data - closeCurrentWindow - Actual Value] @28-04-2021 11:59:40.0144 A
[ReportManager] File Action [getAbsolutePath] successfully performed. With the following test data [Relative Folder Path: "target/downloadedFiles/"]. @28-04-2021 11:59:40.0146 AM
[ReportManager] Attempting to run remotely on: [Linux-64], [GoogleChrome], [http://localhost:4444/wd/hub], Headless Execution. @28-04-2021 11:59:40.0147 AM
[ReportManager] Successfully Opened [GoogleChrome]. @28-04-2021 11:59:40.0407 AM
[ReportManager] Target URL: [https://duckduckgo.com] @28-04-2021 11:59:40.0416 AM
[ReportManager] Initial URL: [data:,] @28-04-2021 11:59:40.0475 AM
[ReportManager] Browser Action [navigateToURL] successfully performed. With the following test data [https://duckduckgo.com]. @28-04-2021 11:59:42.0584 A

################################################################################################################################################
Starting Execution:	[120 out of 137] test cases in the current suite
Test Method:		[unitTests.tests_browserActions.getWindowHandle]
################################################################################################################################################
[ReportManager] Browser Action [getWindowHandle] successfully performed. With the following test data [CDwindow-78993405549135ADFF2E0C96948417A2]. @28-04-2021 11:59:42.0661 A
[ReportManager] Target URL: [https://duckduckgo.com] @28-04-2021 11:59:42.0663 AM
[ReportManager] Initial URL: [https://duckduckgo.com] @28-04-2021 11:59:42.0724 AM
[ReportManager] Browser Action [navigateToURL] successfully performed. With the following test data [https://duckduckgo.com]. @28-04-2021 11:59:43.0413 AM
[ReportManager] Successfully created attachment [Selenium WebDriver Logs - server] @28-04-2021 11:59:43.0462 AM
[ReportManager] Successfully created attachment [Selenium WebDriver Logs - performance] @28-04-2021 11:59:43.0577 AM
[ReportManager] Successfully created attachment [Selenium WebDriver Logs - driver] @28-04-2021 11:59:43.0725 AM
[ReportManager] Browser Action [closeCurrentWindow] successfully performed. @28-04-2021 11:59:43.0781 AM
[ReportManager] Successfully created attachment [Browser Action Test Data - closeCurrentWindow - Actual Value] @28-04-2021 11:59:43.0782 A
[ReportManager] File Action [getAbsolutePath] successfully performed. With the following test data [Relative Folder Path: "target/downloadedFiles/"]. @28-04-2021 11:59:43.0783 AM
[ReportManager] Attempting to run remotely on: [Linux-64], [GoogleChrome], [http://localhost:4444/wd/hub], Headless Execution. @28-04-2021 11:59:43.0783 AM
[ReportManager] Successfully Opened [GoogleChrome]. @28-04-2021 11:59:44.0018 AM
[ReportManager] Target URL: [https://duckduckgo.com] @28-04-2021 11:59:44.0028 AM
[ReportManager] Initial URL: [data:,] @28-04-2021 11:59:44.0066 AM
[ReportManager] Browser Action [navigateToURL] successfully performed. With the following test data [https://duckduckgo.com]. @28-04-2021 11:59:46.0073 A

################################################################################################################################################
Starting Execution:	[121 out of 137] test cases in the current suite
Test Method:		[unitTests.tests_browserActions.getWindowPosition]
################################################################################################################################################
[ReportManager] Browser Action [getWindowPosition] successfully performed. With the following test data [(0, 0)]. @28-04-2021 11:59:46.0127 A
[ReportManager] Target URL: [https://duckduckgo.com] @28-04-2021 11:59:46.0129 AM
[ReportManager] Initial URL: [https://duckduckgo.com] @28-04-2021 11:59:46.0181 AM
[ReportManager] Browser Action [navigateToURL] successfully performed. With the following test data [https://duckduckgo.com]. @28-04-2021 11:59:46.0857 AM
[ReportManager] Successfully created attachment [Selenium WebDriver Logs - server] @28-04-2021 11:59:46.0910 AM
[ReportManager] Successfully created attachment [Selenium WebDriver Logs - performance] @28-04-2021 11:59:47.0025 AM
[ReportManager] Successfully created attachment [Selenium WebDriver Logs - driver] @28-04-2021 11:59:47.0172 AM
[ReportManager] Browser Action [closeCurrentWindow] successfully performed. @28-04-2021 11:59:47.0227 AM
[ReportManager] Successfully created attachment [Browser Action Test Data - closeCurrentWindow - Actual Value] @28-04-2021 11:59:47.0228 A
[ReportManager] File Action [getAbsolutePath] successfully performed. With the following test data [Relative Folder Path: "target/downloadedFiles/"]. @28-04-2021 11:59:47.0231 AM
[ReportManager] Attempting to run remotely on: [Linux-64], [GoogleChrome], [http://localhost:4444/wd/hub], Headless Execution. @28-04-2021 11:59:47.0231 AM
[ReportManager] Successfully Opened [GoogleChrome]. @28-04-2021 11:59:47.0449 AM
[ReportManager] Target URL: [https://duckduckgo.com] @28-04-2021 11:59:47.0459 AM
[ReportManager] Initial URL: [data:,] @28-04-2021 11:59:47.0497 AM
[ReportManager] Browser Action [navigateToURL] successfully performed. With the following test data [https://duckduckgo.com]. @28-04-2021 11:59:49.0435 A

################################################################################################################################################
Starting Execution:	[122 out of 137] test cases in the current suite
Test Method:		[unitTests.tests_browserActions.getWindowSize]
################################################################################################################################################
[ReportManager] Browser Action [getWindowSize] successfully performed. With the following test data [(800, 600)]. @28-04-2021 11:59:49.0484 A
[ReportManager] Target URL: [https://duckduckgo.com] @28-04-2021 11:59:49.0485 AM
[ReportManager] Initial URL: [https://duckduckgo.com] @28-04-2021 11:59:49.0536 AM
[ReportManager] Browser Action [navigateToURL] successfully performed. With the following test data [https://duckduckgo.com]. @28-04-2021 11:59:50.0193 AM
[ReportManager] Successfully created attachment [Selenium WebDriver Logs - server] @28-04-2021 11:59:50.0249 AM
[ReportManager] Successfully created attachment [Selenium WebDriver Logs - performance] @28-04-2021 11:59:50.0362 AM
[ReportManager] Successfully created attachment [Selenium WebDriver Logs - driver] @28-04-2021 11:59:50.0507 AM
[ReportManager] Browser Action [closeCurrentWindow] successfully performed. @28-04-2021 11:59:50.0563 AM
[ReportManager] Successfully created attachment [Browser Action Test Data - closeCurrentWindow - Actual Value] @28-04-2021 11:59:50.0564 A
[ReportManager] File Action [getAbsolutePath] successfully performed. With the following test data [Relative Folder Path: "target/downloadedFiles/"]. @28-04-2021 11:59:50.0568 AM
[ReportManager] Attempting to run remotely on: [Linux-64], [GoogleChrome], [http://localhost:4444/wd/hub], Headless Execution. @28-04-2021 11:59:50.0568 AM
[ReportManager] Successfully Opened [GoogleChrome]. @28-04-2021 11:59:50.0762 AM
[ReportManager] Target URL: [https://duckduckgo.com] @28-04-2021 11:59:50.0785 AM
[ReportManager] Initial URL: [data:,] @28-04-2021 11:59:50.0831 AM
[ReportManager] Browser Action [navigateToURL] successfully performed. With the following test data [https://duckduckgo.com]. @28-04-2021 11:59:52.0958 A

################################################################################################################################################
Starting Execution:	[123 out of 137] test cases in the current suite
Test Method:		[unitTests.tests_browserActions.maximizeWindow]
################################################################################################################################################
[ReportManager] Initial window size: (800, 600) @28-04-2021 11:59:52.0971 AM
[ReportManager] Window size after Toolkit: (1920, 1080) @28-04-2021 11:59:53.0188 AM
[ReportManager] Browser Action [maximizeWindow] successfully performed. With the following test data [New screen size is now: (1920, 1080)]. @28-04-2021 11:59:53.0190 A
[ReportManager] Target URL: [https://duckduckgo.com] @28-04-2021 11:59:53.0193 AM
[ReportManager] Initial URL: [https://duckduckgo.com] @28-04-2021 11:59:53.0256 AM
[ReportManager] Browser Action [navigateToURL] successfully performed. With the following test data [https://duckduckgo.com]. @28-04-2021 11:59:53.0935 AM
[ReportManager] Successfully created attachment [Selenium WebDriver Logs - server] @28-04-2021 11:59:53.0984 AM
[ReportManager] Successfully created attachment [Selenium WebDriver Logs - performance] @28-04-2021 11:59:54.0100 AM
[ReportManager] Successfully created attachment [Selenium WebDriver Logs - driver] @28-04-2021 11:59:54.0247 AM
[ReportManager] Browser Action [closeCurrentWindow] successfully performed. @28-04-2021 11:59:54.0305 AM
[ReportManager] Successfully created attachment [Browser Action Test Data - closeCurrentWindow - Actual Value] @28-04-2021 11:59:54.0306 A
[ReportManager] File Action [getAbsolutePath] successfully performed. With the following test data [Relative Folder Path: "target/downloadedFiles/"]. @28-04-2021 11:59:54.0308 AM
[ReportManager] Attempting to run remotely on: [Linux-64], [GoogleChrome], [http://localhost:4444/wd/hub], Headless Execution. @28-04-2021 11:59:54.0308 AM
[ReportManager] Successfully Opened [GoogleChrome]. @28-04-2021 11:59:54.0506 AM
[ReportManager] Target URL: [https://duckduckgo.com] @28-04-2021 11:59:54.0516 AM
[ReportManager] Initial URL: [data:,] @28-04-2021 11:59:54.0555 AM
[ReportManager] Browser Action [navigateToURL] successfully performed. With the following test data [https://duckduckgo.com]. @28-04-2021 11:59:56.0493 A

################################################################################################################################################
Starting Execution:	[124 out of 137] test cases in the current suite
Test Method:		[unitTests.tests_browserActions.navigateBack]
################################################################################################################################################
[ReportManager] Target URL: [https://www.google.com/ncr], and after redirection: [https://www.google.com] @28-04-2021 11:59:56.0496 AM
[ReportManager] Initial URL: [https://duckduckgo.com] @28-04-2021 11:59:56.0567 AM
[ReportManager] Browser Action [navigateToURL] successfully performed. With the following test data [https://www.google.com/ncr]. @28-04-2021 11:59:57.0399 AM
[ReportManager] Browser Action [navigateBack] successfully performed. With the following test data [https://duckduckgo.com/]. @28-04-2021 11:59:57.0946 AM
[ReportManager] Confirming that navigating back was successful... @28-04-2021 11:59:57.0946 AM
[ReportManager] Browser Action [getCurrentURL] successfully performed. With the following test data [https://duckduckgo.com/]. @28-04-2021 11:59:57.0987 AM
[ReportManager] AssertBrowserAttribute PASSED; Expected [Value Should be 'https://duckduckgo.com' for the 'CurrentUrl' attribute] and Actual [https://duckduckgo.com/]. Comparison Type [CONTAINS]. Validation Type [POSITIVE]. @28-04-2021 11:59:57.0988 A
[ReportManager] Target URL: [https://duckduckgo.com] @28-04-2021 11:59:57.0990 AM
[ReportManager] Initial URL: [https://duckduckgo.com] @28-04-2021 11:59:58.0052 AM
[ReportManager] Browser Action [navigateToURL] successfully performed. With the following test data [https://duckduckgo.com]. @28-04-2021 11:59:58.0747 AM
[ReportManager] Successfully created attachment [Selenium WebDriver Logs - server] @28-04-2021 11:59:58.0802 AM
[ReportManager] Successfully created attachment [Selenium WebDriver Logs - performance] @28-04-2021 11:59:58.0983 AM
[ReportManager] Successfully created attachment [Selenium WebDriver Logs - driver] @28-04-2021 11:59:59.0243 AM
[ReportManager] Browser Action [closeCurrentWindow] successfully performed. @28-04-2021 11:59:59.0299 AM
[ReportManager] Successfully created attachment [Browser Action Test Data - closeCurrentWindow - Actual Value] @28-04-2021 11:59:59.0299 A
[ReportManager] File Action [getAbsolutePath] successfully performed. With the following test data [Relative Folder Path: "target/downloadedFiles/"]. @28-04-2021 11:59:59.0302 AM
[ReportManager] Attempting to run remotely on: [Linux-64], [GoogleChrome], [http://localhost:4444/wd/hub], Headless Execution. @28-04-2021 11:59:59.0302 AM
[ReportManager] Successfully Opened [GoogleChrome]. @28-04-2021 11:59:59.0504 AM
[ReportManager] Target URL: [https://duckduckgo.com] @28-04-2021 11:59:59.0516 AM
[ReportManager] Initial URL: [data:,] @28-04-2021 11:59:59.0559 AM
[ReportManager] Browser Action [navigateToURL] successfully performed. With the following test data [https://duckduckgo.com]. @28-04-2021 12:00:01.0487 P

################################################################################################################################################
Starting Execution:	[125 out of 137] test cases in the current suite
Test Method:		[unitTests.tests_browserActions.navigateForward]
################################################################################################################################################
[ReportManager] Target URL: [https://www.google.com/ncr], and after redirection: [https://www.google.com] @28-04-2021 12:00:01.0489 PM
[ReportManager] Initial URL: [https://duckduckgo.com] @28-04-2021 12:00:01.0559 PM
[ReportManager] Browser Action [navigateToURL] successfully performed. With the following test data [https://www.google.com/ncr]. @28-04-2021 12:00:02.0421 PM
[ReportManager] Browser Action [navigateBack] successfully performed. With the following test data [https://duckduckgo.com/]. @28-04-2021 12:00:02.0923 PM
[ReportManager] Browser Action [navigateForward] successfully performed. With the following test data [https://www.google.com/]. @28-04-2021 12:00:03.0329 P
[ReportManager] Target URL: [https://duckduckgo.com] @28-04-2021 12:00:03.0330 PM
[ReportManager] Initial URL: [https://www.google.com] @28-04-2021 12:00:03.0411 PM
[ReportManager] Browser Action [navigateToURL] successfully performed. With the following test data [https://duckduckgo.com]. @28-04-2021 12:00:04.0152 PM
[ReportManager] Successfully created attachment [Selenium WebDriver Logs - server] @28-04-2021 12:00:04.0200 PM
[ReportManager] Successfully created attachment [Selenium WebDriver Logs - performance] @28-04-2021 12:00:04.0380 PM
[ReportManager] Successfully created attachment [Selenium WebDriver Logs - driver] @28-04-2021 12:00:04.0659 PM
[ReportManager] Browser Action [closeCurrentWindow] successfully performed. @28-04-2021 12:00:04.0715 PM
[ReportManager] Successfully created attachment [Browser Action Test Data - closeCurrentWindow - Actual Value] @28-04-2021 12:00:04.0715 P
[ReportManager] File Action [getAbsolutePath] successfully performed. With the following test data [Relative Folder Path: "target/downloadedFiles/"]. @28-04-2021 12:00:04.0718 PM
[ReportManager] Attempting to run remotely on: [Linux-64], [GoogleChrome], [http://localhost:4444/wd/hub], Headless Execution. @28-04-2021 12:00:04.0718 PM
[ReportManager] Successfully Opened [GoogleChrome]. @28-04-2021 12:00:04.0931 PM
[ReportManager] Target URL: [https://duckduckgo.com] @28-04-2021 12:00:04.0943 PM
[ReportManager] Initial URL: [data:,] @28-04-2021 12:00:04.0981 PM
[ReportManager] Browser Action [navigateToURL] successfully performed. With the following test data [https://duckduckgo.com]. @28-04-2021 12:00:07.0008 P

################################################################################################################################################
Starting Execution:	[126 out of 137] test cases in the current suite
Test Method:		[unitTests.tests_browserActions.navigateToURL]
################################################################################################################################################
[ReportManager] Target URL: [https://duckduckgo.com] @28-04-2021 12:00:07.0010 PM
[ReportManager] Initial URL: [https://duckduckgo.com] @28-04-2021 12:00:07.0080 PM
[ReportManager] Browser Action [navigateToURL] successfully performed. With the following test data [https://duckduckgo.com]. @28-04-2021 12:00:07.0751 P
[ReportManager] Target URL: [https://duckduckgo.com] @28-04-2021 12:00:07.0753 PM
[ReportManager] Initial URL: [https://duckduckgo.com] @28-04-2021 12:00:07.0804 PM
[ReportManager] Browser Action [navigateToURL] successfully performed. With the following test data [https://duckduckgo.com]. @28-04-2021 12:00:08.0412 PM
[ReportManager] Successfully created attachment [Selenium WebDriver Logs - server] @28-04-2021 12:00:08.0469 PM
[ReportManager] Successfully created attachment [Selenium WebDriver Logs - performance] @28-04-2021 12:00:08.0660 PM
[ReportManager] Successfully created attachment [Selenium WebDriver Logs - driver] @28-04-2021 12:00:08.0878 PM
[ReportManager] Browser Action [closeCurrentWindow] successfully performed. @28-04-2021 12:00:08.0934 PM
[ReportManager] Successfully created attachment [Browser Action Test Data - closeCurrentWindow - Actual Value] @28-04-2021 12:00:08.0934 P
[ReportManager] File Action [getAbsolutePath] successfully performed. With the following test data [Relative Folder Path: "target/downloadedFiles/"]. @28-04-2021 12:00:08.0936 PM
[ReportManager] Attempting to run remotely on: [Linux-64], [GoogleChrome], [http://localhost:4444/wd/hub], Headless Execution. @28-04-2021 12:00:08.0937 PM
[ReportManager] Successfully Opened [GoogleChrome]. @28-04-2021 12:00:09.0156 PM
[ReportManager] Target URL: [https://duckduckgo.com] @28-04-2021 12:00:09.0167 PM
[ReportManager] Initial URL: [data:,] @28-04-2021 12:00:09.0204 PM
[ReportManager] Browser Action [navigateToURL] successfully performed. With the following test data [https://duckduckgo.com]. @28-04-2021 12:00:11.0171 P

################################################################################################################################################
Starting Execution:	[127 out of 137] test cases in the current suite
Test Method:		[unitTests.tests_browserActions.navigateToURLWithRedirection]
################################################################################################################################################
[ReportManager] Target URL: [https://www.google.com/ncr], and after redirection: [https://www.google.com] @28-04-2021 12:00:11.0173 PM
[ReportManager] Initial URL: [https://duckduckgo.com] @28-04-2021 12:00:11.0246 PM
[ReportManager] Browser Action [navigateToURL] successfully performed. With the following test data [https://www.google.com/ncr]. @28-04-2021 12:00:12.0079 P
[ReportManager] Target URL: [https://duckduckgo.com] @28-04-2021 12:00:12.0084 PM
[ReportManager] Initial URL: [https://www.google.com] @28-04-2021 12:00:12.0160 PM
[ReportManager] Browser Action [navigateToURL] successfully performed. With the following test data [https://duckduckgo.com]. @28-04-2021 12:00:12.0935 PM
[ReportManager] Successfully created attachment [Selenium WebDriver Logs - server] @28-04-2021 12:00:12.0983 PM
[ReportManager] Successfully created attachment [Selenium WebDriver Logs - performance] @28-04-2021 12:00:13.0098 PM
[ReportManager] Successfully created attachment [Selenium WebDriver Logs - driver] @28-04-2021 12:00:13.0277 PM
[ReportManager] Browser Action [closeCurrentWindow] successfully performed. @28-04-2021 12:00:13.0333 PM
[ReportManager] Successfully created attachment [Browser Action Test Data - closeCurrentWindow - Actual Value] @28-04-2021 12:00:13.0334 P
[ReportManager] File Action [getAbsolutePath] successfully performed. With the following test data [Relative Folder Path: "target/downloadedFiles/"]. @28-04-2021 12:00:13.0336 PM
[ReportManager] Attempting to run remotely on: [Linux-64], [GoogleChrome], [http://localhost:4444/wd/hub], Headless Execution. @28-04-2021 12:00:13.0336 PM
[ReportManager] Successfully Opened [GoogleChrome]. @28-04-2021 12:00:13.0540 PM
[ReportManager] Target URL: [https://duckduckgo.com] @28-04-2021 12:00:13.0551 PM
[ReportManager] Initial URL: [data:,] @28-04-2021 12:00:13.0593 PM
[ReportManager] Browser Action [navigateToURL] successfully performed. With the following test data [https://duckduckgo.com]. @28-04-2021 12:00:15.0703 P

################################################################################################################################################
Starting Execution:	[128 out of 137] test cases in the current suite
Test Method:		[unitTests.tests_browserActions.refreshCurrentPage]
################################################################################################################################################
[ReportManager] Browser Action [refreshCurrentPage] successfully performed. @28-04-2021 12:00:16.0298 PM
[ReportManager] Successfully created attachment [Browser Action Test Data - refreshCurrentPage - Actual Value] @28-04-2021 12:00:16.0298 P
[ReportManager] Target URL: [https://duckduckgo.com] @28-04-2021 12:00:16.0303 PM
[ReportManager] Initial URL: [https://duckduckgo.com] @28-04-2021 12:00:16.0360 PM
[ReportManager] Browser Action [navigateToURL] successfully performed. With the following test data [https://duckduckgo.com]. @28-04-2021 12:00:17.0003 PM
[ReportManager] Successfully created attachment [Selenium WebDriver Logs - server] @28-04-2021 12:00:17.0053 PM
[ReportManager] Successfully created attachment [Selenium WebDriver Logs - performance] @28-04-2021 12:00:17.0233 PM
[ReportManager] Successfully created attachment [Selenium WebDriver Logs - driver] @28-04-2021 12:00:17.0435 PM
[ReportManager] Browser Action [closeCurrentWindow] successfully performed. @28-04-2021 12:00:17.0492 PM
[ReportManager] Successfully created attachment [Browser Action Test Data - closeCurrentWindow - Actual Value] @28-04-2021 12:00:17.0492 P
[ReportManager] File Action [getAbsolutePath] successfully performed. With the following test data [Relative Folder Path: "target/downloadedFiles/"]. @28-04-2021 12:00:17.0494 PM
[ReportManager] Attempting to run remotely on: [Linux-64], [GoogleChrome], [http://localhost:4444/wd/hub], Headless Execution. @28-04-2021 12:00:17.0494 PM
[ReportManager] Successfully Opened [GoogleChrome]. @28-04-2021 12:00:17.0683 PM
[ReportManager] Target URL: [https://duckduckgo.com] @28-04-2021 12:00:17.0697 PM
[ReportManager] Initial URL: [data:,] @28-04-2021 12:00:17.0741 PM
[ReportManager] Browser Action [navigateToURL] successfully performed. With the following test data [https://duckduckgo.com]. @28-04-2021 12:00:19.0660 P

################################################################################################################################################
Starting Execution:	[129 out of 137] test cases in the current suite
Test Method:		[unitTests.tests_browserActions.setWindowSize]
################################################################################################################################################
[ReportManager] Initial window size: (800, 600) @28-04-2021 12:00:19.0669 PM
[ReportManager] Window size after SWD: (1280, 720) @28-04-2021 12:00:19.0887 PM
[ReportManager] Browser Action [setWindowSize] successfully performed. With the following test data [New screen size is now: (1280, 720)]. @28-04-2021 12:00:19.0887 P
[ReportManager] Target URL: [https://duckduckgo.com] @28-04-2021 12:00:19.0890 PM
[ReportManager] Initial URL: [https://duckduckgo.com] @28-04-2021 12:00:19.0947 PM
[ReportManager] Browser Action [navigateToURL] successfully performed. With the following test data [https://duckduckgo.com]. @28-04-2021 12:00:20.0582 PM
[ReportManager] Successfully created attachment [Selenium WebDriver Logs - server] @28-04-2021 12:00:20.0631 PM
[ReportManager] Successfully created attachment [Selenium WebDriver Logs - performance] @28-04-2021 12:00:20.0749 PM
[ReportManager] Successfully created attachment [Selenium WebDriver Logs - driver] @28-04-2021 12:00:20.0897 PM
[ReportManager] Browser Action [closeCurrentWindow] successfully performed. @28-04-2021 12:00:20.0953 PM
[ReportManager] Successfully created attachment [Browser Action Test Data - closeCurrentWindow - Actual Value] @28-04-2021 12:00:20.0953 P
[ReportManager] File Action [getAbsolutePath] successfully performed. With the following test data [Relative Folder Path: "target/downloadedFiles/"]. @28-04-2021 12:00:20.0956 PM
[ReportManager] Attempting to run remotely on: [Linux-64], [GoogleChrome], [http://localhost:4444/wd/hub], Headless Execution. @28-04-2021 12:00:20.0956 PM
[ReportManager] Successfully Opened [GoogleChrome]. @28-04-2021 12:00:21.0145 P

################################################################################################################################################
Starting Execution:	[130 out of 137] test cases in the current suite
Test Method:		[unitTests.tests_element_elementActions.waitForElementToBePresent_false_expectedToFail]
################################################################################################################################################
[ReportManager] Target URL: [https://www.google.com/ncr], and after redirection: [www.google.com] @28-04-2021 12:00:21.0157 PM
[ReportManager] Initial URL: [data:,] @28-04-2021 12:00:21.0206 PM
[ReportManager] Browser Action [navigateToURL] successfully performed. With the following test data [https://www.google.com/ncr]. @28-04-2021 12:00:22.0015 PM
[ReportManager] Waiting for element to be present; elementLocator [By.xpath: //img[@id='hplogo' or @alt='Google']], numberOfTries[1], stateOfPresence[false]... @28-04-2021 12:00:22.0021 PM
[ReportManager] Element Action [waitForElementToBePresent] failed. With the following test data [waited for the element's state of presence to be (false). Element locator (By.xpath: //img[@id='hplogo' or @alt='Google'])]. @28-04-2021 12:00:22.0217 PM
[ReportManager] Successfully created attachment [Screenshot - 1619611222153_waitForElementToBePresent_false_expectedToFail_waitForElementToBePresent_failed] @28-04-2021 12:00:22.0217 P
[ReportManager] Successfully created attachment [Selenium WebDriver Logs - server] @28-04-2021 12:00:22.0302 PM
[ReportManager] Successfully created attachment [Selenium WebDriver Logs - performance] @28-04-2021 12:00:22.0343 PM
[ReportManager] Successfully created attachment [Selenium WebDriver Logs - driver] @28-04-2021 12:00:22.0413 PM
[ReportManager] Browser Action [closeCurrentWindow] successfully performed. @28-04-2021 12:00:22.0469 PM
[ReportManager] Successfully created attachment [Browser Action Test Data - closeCurrentWindow - Actual Value] @28-04-2021 12:00:22.0470 P
[ReportManager] File Action [getAbsolutePath] successfully performed. With the following test data [Relative Folder Path: "target/downloadedFiles/"]. @28-04-2021 12:00:22.0474 PM
[ReportManager] Attempting to run remotely on: [Linux-64], [GoogleChrome], [http://localhost:4444/wd/hub], Headless Execution. @28-04-2021 12:00:22.0474 PM
[ReportManager] Successfully Opened [GoogleChrome]. @28-04-2021 12:00:22.0658 P

################################################################################################################################################
Starting Execution:	[131 out of 137] test cases in the current suite
Test Method:		[unitTests.tests_element_elementActions.waitForElementToBePresent_false_expectedToPass]
################################################################################################################################################
[ReportManager] Target URL: [https://www.google.com/ncr], and after redirection: [www.google.com] @28-04-2021 12:00:22.0670 PM
[ReportManager] Initial URL: [data:,] @28-04-2021 12:00:22.0713 PM
[ReportManager] Browser Action [navigateToURL] successfully performed. With the following test data [https://www.google.com/ncr]. @28-04-2021 12:00:23.0594 PM
[ReportManager] Waiting for element to be present; elementLocator [By.id: bla], numberOfTries[1], stateOfPresence[false]... @28-04-2021 12:00:23.0594 PM
[ReportManager] Element Action [waitForElementToBePresent] successfully performed. With the following test data [waited for the element's state of presence to be (false). Element locator (By.id: bla)]. @28-04-2021 12:00:28.0710 P
[ReportManager] Successfully created attachment [Selenium WebDriver Logs - server] @28-04-2021 12:00:28.0793 PM
[ReportManager] Successfully created attachment [Selenium WebDriver Logs - performance] @28-04-2021 12:00:28.0831 PM
[ReportManager] Successfully created attachment [Selenium WebDriver Logs - driver] @28-04-2021 12:00:28.0901 PM
[ReportManager] Browser Action [closeCurrentWindow] successfully performed. @28-04-2021 12:00:28.0957 PM
[ReportManager] Successfully created attachment [Browser Action Test Data - closeCurrentWindow - Actual Value] @28-04-2021 12:00:28.0958 P
[ReportManager] File Action [getAbsolutePath] successfully performed. With the following test data [Relative Folder Path: "target/downloadedFiles/"]. @28-04-2021 12:00:28.0960 PM
[ReportManager] Attempting to run remotely on: [Linux-64], [GoogleChrome], [http://localhost:4444/wd/hub], Headless Execution. @28-04-2021 12:00:28.0960 PM
[ReportManager] Successfully Opened [GoogleChrome]. @28-04-2021 12:00:29.0171 P

################################################################################################################################################
Starting Execution:	[132 out of 137] test cases in the current suite
Test Method:		[unitTests.tests_element_elementActions.waitForElementToBePresent_moreThanOneElement_expectedToFail]
################################################################################################################################################
[ReportManager] Target URL: [https://www.google.com/ncr], and after redirection: [www.google.com] @28-04-2021 12:00:29.0187 PM
[ReportManager] Initial URL: [data:,] @28-04-2021 12:00:29.0226 PM
[ReportManager] Browser Action [navigateToURL] successfully performed. With the following test data [https://www.google.com/ncr]. @28-04-2021 12:00:30.0107 PM
[ReportManager] Waiting for element to be present; elementLocator [By.xpath: //*], numberOfTries[1], stateOfPresence[false]... @28-04-2021 12:00:30.0107 PM
[ReportManager] Element Action [waitForElementToBePresent] failed. With the following test data [waited for the element's state of presence to be (false). Element locator (By.xpath: //*)]. @28-04-2021 12:00:30.0315 PM
[ReportManager] Successfully created attachment [Screenshot - 1619611230251_waitForElementToBePresent_moreThanOneElement_expectedToFail_waitForElementToBePresent_failed] @28-04-2021 12:00:30.0316 P
[ReportManager] Successfully created attachment [Selenium WebDriver Logs - server] @28-04-2021 12:00:30.0398 PM
[ReportManager] Successfully created attachment [Selenium WebDriver Logs - performance] @28-04-2021 12:00:30.0430 PM
[ReportManager] Successfully created attachment [Selenium WebDriver Logs - driver] @28-04-2021 12:00:30.0497 PM
[ReportManager] Browser Action [closeCurrentWindow] successfully performed. @28-04-2021 12:00:30.0553 PM
[ReportManager] Successfully created attachment [Browser Action Test Data - closeCurrentWindow - Actual Value] @28-04-2021 12:00:30.0554 P
[ReportManager] File Action [getAbsolutePath] successfully performed. With the following test data [Relative Folder Path: "target/downloadedFiles/"]. @28-04-2021 12:00:30.0558 PM
[ReportManager] Attempting to run remotely on: [Linux-64], [GoogleChrome], [http://localhost:4444/wd/hub], Headless Execution. @28-04-2021 12:00:30.0558 PM
[ReportManager] Successfully Opened [GoogleChrome]. @28-04-2021 12:00:30.0757 P

################################################################################################################################################
Starting Execution:	[133 out of 137] test cases in the current suite
Test Method:		[unitTests.tests_element_elementActions.waitForElementToBePresent_true_expectedToFail]
################################################################################################################################################
[ReportManager] Target URL: [https://www.google.com/ncr], and after redirection: [www.google.com] @28-04-2021 12:00:30.0769 PM
[ReportManager] Initial URL: [data:,] @28-04-2021 12:00:30.0811 PM
[ReportManager] Browser Action [navigateToURL] successfully performed. With the following test data [https://www.google.com/ncr]. @28-04-2021 12:00:31.0690 PM
[ReportManager] Waiting for element to be present; elementLocator [By.id: bla], numberOfTries[1], stateOfPresence[true]... @28-04-2021 12:00:31.0690 PM
[ReportManager] Element Action [waitForElementToBePresent] failed. With the following test data [waited for the element's state of presence to be (true). Element locator (By.id: bla)]. @28-04-2021 12:00:36.0933 PM
[ReportManager] Successfully created attachment [Screenshot - 1619611236869_waitForElementToBePresent_true_expectedToFail_waitForElementToBePresent_failed] @28-04-2021 12:00:36.0933 P
[ReportManager] Successfully created attachment [Selenium WebDriver Logs - server] @28-04-2021 12:00:37.0013 PM
[ReportManager] Successfully created attachment [Selenium WebDriver Logs - performance] @28-04-2021 12:00:37.0050 PM
[ReportManager] Successfully created attachment [Selenium WebDriver Logs - driver] @28-04-2021 12:00:37.0125 PM
[ReportManager] Browser Action [closeCurrentWindow] successfully performed. @28-04-2021 12:00:37.0146 PM
[ReportManager] Successfully created attachment [Browser Action Test Data - closeCurrentWindow - Actual Value] @28-04-2021 12:00:37.0147 P
[ReportManager] File Action [getAbsolutePath] successfully performed. With the following test data [Relative Folder Path: "target/downloadedFiles/"]. @28-04-2021 12:00:37.0149 PM
[ReportManager] Attempting to run remotely on: [Linux-64], [GoogleChrome], [http://localhost:4444/wd/hub], Headless Execution. @28-04-2021 12:00:37.0149 PM
[ReportManager] Successfully Opened [GoogleChrome]. @28-04-2021 12:00:37.0370 P

################################################################################################################################################
Starting Execution:	[134 out of 137] test cases in the current suite
Test Method:		[unitTests.tests_element_elementActions.waitForElementToBePresent_true_expectedToPass]
################################################################################################################################################
[ReportManager] Target URL: [https://www.google.com/ncr], and after redirection: [www.google.com] @28-04-2021 12:00:37.0386 PM
[ReportManager] Initial URL: [data:,] @28-04-2021 12:00:37.0422 PM
[ReportManager] Browser Action [navigateToURL] successfully performed. With the following test data [https://www.google.com/ncr]. @28-04-2021 12:00:38.0277 PM
[ReportManager] Waiting for element to be present; elementLocator [By.xpath: //img[@id='hplogo' or @alt='Google']], numberOfTries[1], stateOfPresence[true]... @28-04-2021 12:00:38.0277 PM
[ReportManager] Element Action [waitForElementToBePresent] successfully performed. With the following test data [waited for the element's state of presence to be (true). Element locator (By.xpath: //img[@id='hplogo' or @alt='Google'])]. @28-04-2021 12:00:38.0336 PM
[ReportManager] Using Visual AI; OpenCV... @28-04-2021 12:00:38.0339 PM
[ReportManager] File Action [doesFileExist] successfully performed. With the following test data [File Path: "src/test/resources/DynamicObjectRepository/unitTests_tests_element_elementActions_waitForElementToBePresent_true_expectedToPass_By_xpath_img_id_hplogo_or_alt_Google.png"]. @28-04-2021 12:00:38.0340 PM
[ReportManager] File Action [doesFileExist] successfully performed. With the following test data [File Path: "src/test/resources/DynamicObjectRepository/unitTests_tests_element_elementActions_waitForElementToBePresent_true_expectedToPass_By_xpath_img_id_hplogo_or_alt_Google.png"]. @28-04-2021 12:00:38.0514 PM
[ReportManager] Passing the test and saving a reference image @28-04-2021 12:00:38.0514 PM
[ReportManager] File Action [getAbsolutePath] successfully performed. With the following test data [Relative File Path: "src/test/resources/DynamicObjectRepository/unitTests_tests_element_elementActions_waitForElementToBePresent_true_expectedToPass_By_xpath_img_id_hplogo_or_alt_Google.png"]. @28-04-2021 12:00:38.0515 PM
[ReportManager] File Action [writeToFile] successfully performed. With the following test data [Target File Path: "/home/runner/work/SHAFT_ENGINE/SHAFT_ENGINE/src/test/resources/DynamicObjectRepository/unitTests_tests_element_elementActions_waitForElementToBePresent_true_expectedToPass_By_xpath_img_id_hplogo_or_alt_Google.png"]. @28-04-2021 12:00:38.0523 PM
[ReportManager] AssertElementMatches PASSED; Expected [Element should match the reference screenshot] and Actual [TRUE]. Comparison Type [EXACT_OPENCV]. Validation Type [POSITIVE]. @28-04-2021 12:00:38.0523 PM
[ReportManager] Successfully created attachment [Validation Test Data - Actual Screenshot] @28-04-2021 12:00:38.0524 P
[ReportManager] Successfully created attachment [Selenium WebDriver Logs - server] @28-04-2021 12:00:38.0607 PM
[ReportManager] Successfully created attachment [Selenium WebDriver Logs - performance] @28-04-2021 12:00:38.0638 PM
[ReportManager] Successfully created attachment [Selenium WebDriver Logs - driver] @28-04-2021 12:00:38.0712 PM
[ReportManager] Browser Action [closeCurrentWindow] successfully performed. @28-04-2021 12:00:38.0767 PM
[ReportManager] Successfully created attachment [Browser Action Test Data - closeCurrentWindow - Actual Value] @28-04-2021 12:00:38.0768 P

################################################################################################################################################
Starting Execution:	[135 out of 137] test cases in the current suite
Test Method:		[unitTests.tests_restActions.getPostsAndAssertBodyForSpecificTitle]
################################################################################################################################################
[ReportManager] Response status code: [200], status line: [HTTP/1.1 200 OK] @28-04-2021 12:00:39.0877 PM
[ReportManager] Evaluating the actual response status code against the expected one...... @28-04-2021 12:00:39.0879 PM
[ReportManager] AssertEquals PASSED; Expected [200] and Actual [200]. Comparison Type [EQUALS]. Validation Type [POSITIVE]. @28-04-2021 12:00:39.0879 PM
[ReportManager] API Action [performRequest] successfully performed. With the following test data [Request Type: "GET" | Target Status Code: "200" | Service URL: "https://jsonplaceholder.typicode.com/posts" | Content Type: "*/*" | Response Time: "690ms"]. @28-04-2021 12:00:40.0054 PM
[ReportManager] Successfully created attachment [API Response - JSON Body] @28-04-2021 12:00:40.0055 PM
[ReportManager] API Action [getResponseJSONValueAsList] successfully performed. @28-04-2021 12:00:40.0072 PM
[ReportManager] API Action [getResponseJSONValue] successfully performed. With the following test data [title]. @28-04-2021 12:00:40.0105 PM
[ReportManager] API Action [getResponseJSONValue] successfully performed. With the following test data [title]. @28-04-2021 12:00:40.0125 PM
[ReportManager] API Action [getResponseJSONValue] successfully performed. With the following test data [body]. @28-04-2021 12:00:40.0143 PM
[ReportManager] AssertEquals PASSED; Expected [qui neque nisi nulla] and Actual [est rerum tempore vitae
sequi sint nihil reprehenderit dolor beatae ea dolores neque
fugiat blanditiis voluptate porro vel nihil molestiae ut reiciendis
qui aperiam non debitis possimus qui neque nisi nulla]. Comparison Type [CONTAINS]. Validation Type [POSITIVE]. @28-04-2021 12:00:40.0143 PM
[ReportManager] API Action [getResponseJSONValue] successfully performed. With the following test data [title]. @28-04-2021 12:00:40.0156 PM
[ReportManager] API Action [getResponseJSONValue] successfully performed. With the following test data [title]. @28-04-2021 12:00:40.0171 PM
[ReportManager] API Action [getResponseJSONValue] successfully performed. With the following test data [title]. @28-04-2021 12:00:40.0187 PM
[ReportManager] API Action [getResponseJSONValue] successfully performed. With the following test data [title]. @28-04-2021 12:00:40.0201 PM
[ReportManager] API Action [getResponseJSONValue] successfully performed. With the following test data [title]. @28-04-2021 12:00:40.0218 PM
[ReportManager] API Action [getResponseJSONValue] successfully performed. With the following test data [title]. @28-04-2021 12:00:40.0233 PM
[ReportManager] API Action [getResponseJSONValue] successfully performed. With the following test data [title]. @28-04-2021 12:00:40.0247 PM
[ReportManager] API Action [getResponseJSONValue] successfully performed. With the following test data [title]. @28-04-2021 12:00:40.0259 PM
[ReportManager] API Action [getResponseJSONValue] successfully performed. With the following test data [title]. @28-04-2021 12:00:40.0271 PM
[ReportManager] API Action [getResponseJSONValue] successfully performed. With the following test data [title]. @28-04-2021 12:00:40.0288 PM
[ReportManager] API Action [getResponseJSONValue] successfully performed. With the following test data [title]. @28-04-2021 12:00:40.0310 PM
[ReportManager] API Action [getResponseJSONValue] successfully performed. With the following test data [title]. @28-04-2021 12:00:40.0323 PM
[ReportManager] API Action [getResponseJSONValue] successfully performed. With the following test data [title]. @28-04-2021 12:00:40.0336 PM
[ReportManager] API Action [getResponseJSONValue] successfully performed. With the following test data [title]. @28-04-2021 12:00:40.0352 PM
[ReportManager] API Action [getResponseJSONValue] successfully performed. With the following test data [title]. @28-04-2021 12:00:40.0363 PM
[ReportManager] API Action [getResponseJSONValue] successfully performed. With the following test data [title]. @28-04-2021 12:00:40.0372 PM
[ReportManager] API Action [getResponseJSONValue] successfully performed. With the following test data [title]. @28-04-2021 12:00:40.0386 PM
[ReportManager] API Action [getResponseJSONValue] successfully performed. With the following test data [title]. @28-04-2021 12:00:40.0397 PM
[ReportManager] API Action [getResponseJSONValue] successfully performed. With the following test data [title]. @28-04-2021 12:00:40.0412 PM
[ReportManager] API Action [getResponseJSONValue] successfully performed. With the following test data [title]. @28-04-2021 12:00:40.0422 PM
[ReportManager] API Action [getResponseJSONValue] successfully performed. With the following test data [title]. @28-04-2021 12:00:40.0437 PM
[ReportManager] API Action [getResponseJSONValue] successfully performed. With the following test data [title]. @28-04-2021 12:00:40.0451 PM
[ReportManager] API Action [getResponseJSONValue] successfully performed. With the following test data [title]. @28-04-2021 12:00:40.0462 PM
[ReportManager] API Action [getResponseJSONValue] successfully performed. With the following test data [title]. @28-04-2021 12:00:40.0474 PM
[ReportManager] API Action [getResponseJSONValue] successfully performed. With the following test data [title]. @28-04-2021 12:00:40.0483 PM
[ReportManager] API Action [getResponseJSONValue] successfully performed. With the following test data [title]. @28-04-2021 12:00:40.0491 PM
[ReportManager] API Action [getResponseJSONValue] successfully performed. With the following test data [title]. @28-04-2021 12:00:40.0505 PM
[ReportManager] API Action [getResponseJSONValue] successfully performed. With the following test data [title]. @28-04-2021 12:00:40.0513 PM
[ReportManager] API Action [getResponseJSONValue] successfully performed. With the following test data [title]. @28-04-2021 12:00:40.0522 PM
[ReportManager] API Action [getResponseJSONValue] successfully performed. With the following test data [title]. @28-04-2021 12:00:40.0530 PM
[ReportManager] API Action [getResponseJSONValue] successfully performed. With the following test data [title]. @28-04-2021 12:00:40.0538 PM
[ReportManager] API Action [getResponseJSONValue] successfully performed. With the following test data [title]. @28-04-2021 12:00:40.0554 PM
[ReportManager] API Action [getResponseJSONValue] successfully performed. With the following test data [title]. @28-04-2021 12:00:40.0562 PM
[ReportManager] API Action [getResponseJSONValue] successfully performed. With the following test data [title]. @28-04-2021 12:00:40.0575 PM
[ReportManager] API Action [getResponseJSONValue] successfully performed. With the following test data [title]. @28-04-2021 12:00:40.0585 PM
[ReportManager] API Action [getResponseJSONValue] successfully performed. With the following test data [title]. @28-04-2021 12:00:40.0594 PM
[ReportManager] API Action [getResponseJSONValue] successfully performed. With the following test data [title]. @28-04-2021 12:00:40.0604 PM
[ReportManager] API Action [getResponseJSONValue] successfully performed. With the following test data [title]. @28-04-2021 12:00:40.0621 PM
[ReportManager] API Action [getResponseJSONValue] successfully performed. With the following test data [title]. @28-04-2021 12:00:40.0631 PM
[ReportManager] API Action [getResponseJSONValue] successfully performed. With the following test data [title]. @28-04-2021 12:00:40.0641 PM
[ReportManager] API Action [getResponseJSONValue] successfully performed. With the following test data [title]. @28-04-2021 12:00:40.0650 PM
[ReportManager] API Action [getResponseJSONValue] successfully performed. With the following test data [title]. @28-04-2021 12:00:40.0659 PM
[ReportManager] API Action [getResponseJSONValue] successfully performed. With the following test data [title]. @28-04-2021 12:00:40.0690 PM
[ReportManager] API Action [getResponseJSONValue] successfully performed. With the following test data [title]. @28-04-2021 12:00:40.0700 PM
[ReportManager] API Action [getResponseJSONValue] successfully performed. With the following test data [title]. @28-04-2021 12:00:40.0710 PM
[ReportManager] API Action [getResponseJSONValue] successfully performed. With the following test data [title]. @28-04-2021 12:00:40.0724 PM
[ReportManager] API Action [getResponseJSONValue] successfully performed. With the following test data [title]. @28-04-2021 12:00:40.0737 PM
[ReportManager] API Action [getResponseJSONValue] successfully performed. With the following test data [title]. @28-04-2021 12:00:40.0749 PM
[ReportManager] API Action [getResponseJSONValue] successfully performed. With the following test data [title]. @28-04-2021 12:00:40.0760 PM
[ReportManager] API Action [getResponseJSONValue] successfully performed. With the following test data [title]. @28-04-2021 12:00:40.0769 PM
[ReportManager] API Action [getResponseJSONValue] successfully performed. With the following test data [title]. @28-04-2021 12:00:40.0777 PM
[ReportManager] API Action [getResponseJSONValue] successfully performed. With the following test data [title]. @28-04-2021 12:00:40.0788 PM
[ReportManager] API Action [getResponseJSONValue] successfully performed. With the following test data [title]. @28-04-2021 12:00:40.0797 PM
[ReportManager] API Action [getResponseJSONValue] successfully performed. With the following test data [title]. @28-04-2021 12:00:40.0812 PM
[ReportManager] API Action [getResponseJSONValue] successfully performed. With the following test data [title]. @28-04-2021 12:00:40.0820 PM
[ReportManager] API Action [getResponseJSONValue] successfully performed. With the following test data [title]. @28-04-2021 12:00:40.0832 PM
[ReportManager] API Action [getResponseJSONValue] successfully performed. With the following test data [title]. @28-04-2021 12:00:40.0840 PM
[ReportManager] API Action [getResponseJSONValue] successfully performed. With the following test data [title]. @28-04-2021 12:00:40.0848 PM
[ReportManager] API Action [getResponseJSONValue] successfully performed. With the following test data [title]. @28-04-2021 12:00:40.0888 PM
[ReportManager] API Action [getResponseJSONValue] successfully performed. With the following test data [title]. @28-04-2021 12:00:40.0902 PM
[ReportManager] API Action [getResponseJSONValue] successfully performed. With the following test data [title]. @28-04-2021 12:00:40.0911 PM
[ReportManager] API Action [getResponseJSONValue] successfully performed. With the following test data [title]. @28-04-2021 12:00:40.0925 PM
[ReportManager] API Action [getResponseJSONValue] successfully performed. With the following test data [title]. @28-04-2021 12:00:40.0932 PM
[ReportManager] API Action [getResponseJSONValue] successfully performed. With the following test data [title]. @28-04-2021 12:00:40.0969 PM
[ReportManager] API Action [getResponseJSONValue] successfully performed. With the following test data [title]. @28-04-2021 12:00:40.0978 PM
[ReportManager] API Action [getResponseJSONValue] successfully performed. With the following test data [title]. @28-04-2021 12:00:40.0984 PM
[ReportManager] API Action [getResponseJSONValue] successfully performed. With the following test data [title]. @28-04-2021 12:00:40.0991 PM
[ReportManager] API Action [getResponseJSONValue] successfully performed. With the following test data [title]. @28-04-2021 12:00:40.0997 PM
[ReportManager] API Action [getResponseJSONValue] successfully performed. With the following test data [title]. @28-04-2021 12:00:41.0003 PM
[ReportManager] API Action [getResponseJSONValue] successfully performed. With the following test data [title]. @28-04-2021 12:00:41.0010 PM
[ReportManager] API Action [getResponseJSONValue] successfully performed. With the following test data [title]. @28-04-2021 12:00:41.0016 PM
[ReportManager] API Action [getResponseJSONValue] successfully performed. With the following test data [title]. @28-04-2021 12:00:41.0022 PM
[ReportManager] API Action [getResponseJSONValue] successfully performed. With the following test data [title]. @28-04-2021 12:00:41.0029 PM
[ReportManager] API Action [getResponseJSONValue] successfully performed. With the following test data [title]. @28-04-2021 12:00:41.0035 PM
[ReportManager] API Action [getResponseJSONValue] successfully performed. With the following test data [title]. @28-04-2021 12:00:41.0041 PM
[ReportManager] API Action [getResponseJSONValue] successfully performed. With the following test data [title]. @28-04-2021 12:00:41.0047 PM
[ReportManager] API Action [getResponseJSONValue] successfully performed. With the following test data [title]. @28-04-2021 12:00:41.0053 PM
[ReportManager] API Action [getResponseJSONValue] successfully performed. With the following test data [title]. @28-04-2021 12:00:41.0063 PM
[ReportManager] API Action [getResponseJSONValue] successfully performed. With the following test data [title]. @28-04-2021 12:00:41.0069 PM
[ReportManager] API Action [getResponseJSONValue] successfully performed. With the following test data [title]. @28-04-2021 12:00:41.0076 PM
[ReportManager] API Action [getResponseJSONValue] successfully performed. With the following test data [title]. @28-04-2021 12:00:41.0083 PM
[ReportManager] API Action [getResponseJSONValue] successfully performed. With the following test data [title]. @28-04-2021 12:00:41.0089 PM
[ReportManager] API Action [getResponseJSONValue] successfully performed. With the following test data [title]. @28-04-2021 12:00:41.0096 PM
[ReportManager] API Action [getResponseJSONValue] successfully performed. With the following test data [title]. @28-04-2021 12:00:41.0102 PM
[ReportManager] API Action [getResponseJSONValue] successfully performed. With the following test data [title]. @28-04-2021 12:00:41.0109 PM
[ReportManager] API Action [getResponseJSONValue] successfully performed. With the following test data [title]. @28-04-2021 12:00:41.0115 PM
[ReportManager] API Action [getResponseJSONValue] successfully performed. With the following test data [title]. @28-04-2021 12:00:41.0122 PM
[ReportManager] API Action [getResponseJSONValue] successfully performed. With the following test data [title]. @28-04-2021 12:00:41.0128 PM
[ReportManager] API Action [getResponseJSONValue] successfully performed. With the following test data [title]. @28-04-2021 12:00:41.0134 PM
[ReportManager] API Action [getResponseJSONValue] successfully performed. With the following test data [title]. @28-04-2021 12:00:41.0141 PM
[ReportManager] API Action [getResponseJSONValue] successfully performed. With the following test data [title]. @28-04-2021 12:00:41.0147 PM
[ReportManager] API Action [getResponseJSONValue] successfully performed. With the following test data [title]. @28-04-2021 12:00:41.0153 PM
[ReportManager] API Action [getResponseJSONValue] successfully performed. With the following test data [title]. @28-04-2021 12:00:41.0160 PM
[ReportManager] API Action [getResponseJSONValue] successfully performed. With the following test data [title]. @28-04-2021 12:00:41.0166 PM
[ReportManager] API Action [getResponseJSONValue] successfully performed. With the following test data [title]. @28-04-2021 12:00:41.0172 PM
[ReportManager] API Action [getResponseJSONValue] successfully performed. With the following test data [title]. @28-04-2021 12:00:41.0178 PM
[ReportManager] API Action [getResponseJSONValue] successfully performed. With the following test data [title]. @28-04-2021 12:00:41.0185 PM
[ReportManager] API Action [getResponseJSONValue] successfully performed. With the following test data [title]. @28-04-2021 12:00:41.0191 P

################################################################################################################################################
Starting Execution:	[136 out of 137] test cases in the current suite
Test Method:		[unitTests.tests_restActions.validateUserEmail]
################################################################################################################################################
[ReportManager] Response status code: [200], status line: [HTTP/1.1 200 OK] @28-04-2021 12:00:41.0330 PM
[ReportManager] Evaluating the actual response status code against the expected one...... @28-04-2021 12:00:41.0331 PM
[ReportManager] AssertEquals PASSED; Expected [200] and Actual [200]. Comparison Type [EQUALS]. Validation Type [POSITIVE]. @28-04-2021 12:00:41.0331 PM
[ReportManager] API Action [performRequest] successfully performed. With the following test data [Request Type: "GET" | Target Status Code: "200" | Service URL: "https://jsonplaceholder.typicode.com/users" | Content Type: "*/*" | Response Time: "119ms"]. @28-04-2021 12:00:41.0346 PM
[ReportManager] Successfully created attachment [API Response - JSON Body] @28-04-2021 12:00:41.0347 PM
[ReportManager] AssertEquals PASSED; Expected and Actual values are attached. Comparison Type [CONTAINS]. Validation Type [POSITIVE]. @28-04-2021 12:00:41.0347 PM
[ReportManager] Successfully created attachment [Validation Test Data - Expected Value] @28-04-2021 12:00:41.0347 PM
[ReportManager] Successfully created attachment [Validation Test Data - Actual Value] @28-04-2021 12:00:41.0347 PM
[ReportManager] API Action [getResponseJSONValueAsList] successfully performed. With the following test data [$]. @28-04-2021 12:00:41.0355 PM
[ReportManager] API Action [getResponseJSONValue] successfully performed. With the following test data [name]. @28-04-2021 12:00:41.0364 PM
[ReportManager] API Action [getResponseJSONValue] successfully performed. With the following test data [email]. @28-04-2021 12:00:41.0373 PM
[ReportManager] AssertEquals PASSED; Expected [Sincere@april.biz] and Actual [Sincere@april.biz]. Comparison Type [EQUALS]. Validation Type [POSITIVE]. @28-04-2021 12:00:41.0373 PM
[ReportManager] API Action [getResponseJSONValue] successfully performed. With the following test data [name]. @28-04-2021 12:00:41.0383 PM
[ReportManager] API Action [getResponseJSONValue] successfully performed. With the following test data [name]. @28-04-2021 12:00:41.0396 PM
[ReportManager] API Action [getResponseJSONValue] successfully performed. With the following test data [name]. @28-04-2021 12:00:41.0406 PM
[ReportManager] API Action [getResponseJSONValue] successfully performed. With the following test data [name]. @28-04-2021 12:00:41.0415 PM
[ReportManager] API Action [getResponseJSONValue] successfully performed. With the following test data [name]. @28-04-2021 12:00:41.0423 PM
[ReportManager] API Action [getResponseJSONValue] successfully performed. With the following test data [name]. @28-04-2021 12:00:41.0429 PM
[ReportManager] API Action [getResponseJSONValue] successfully performed. With the following test data [name]. @28-04-2021 12:00:41.0436 PM
[ReportManager] API Action [getResponseJSONValue] successfully performed. With the following test data [name]. @28-04-2021 12:00:41.0442 PM
[ReportManager] API Action [getResponseJSONValue] successfully performed. With the following test data [name]. @28-04-2021 12:00:41.0448 P
[ReportManager] Successfully loaded the following test data file [src/test/resources/TestDataFiles/testSuite01/TestData.xlsx]. @28-04-2021 12:00:41.0486 PM
[ReportManager] Successfully created attachment [Test Data - Excel] @28-04-2021 12:00:41.0486 P

################################################################################################################################################
Starting Execution:	[137 out of 137] test cases in the current suite
Test Method:		[unitTests.tests_io_excelFileManager.getCellData_rowName_expectedToPass]
################################################################################################################################################
[ReportManager] testRowData. @28-04-2021 12:00:41.0491 P

################################################################################################################################################
Test Closure Activities
################################################################################################################################################
[ReportManager] Successfully created attachment [SHAFT Engine Logs - Execution log] @28-04-2021 12:00:41.0523 PM

################################################################################################################################################
This test run was powered by SHAFT Engine Version: [SHAFT Engine v5.2.20210427]
SHAFT Engine is licensed under the MIT License: [https://github.com/MohabMohie/SHAFT_ENGINE/blob/master/LICENSE].
################################################################################################################################################